<?xml version="1.0" encoding="UTF-8"?>
<testsuite xmlns:xsi="http://www.w3.org/2001/XMLSchema-instance" xsi:noNamespaceSchemaLocation="https://maven.apache.org/surefire/maven-surefire-plugin/xsd/surefire-test-report.xsd" name="org.apache.hadoop.ozone.container.common.statemachine.commandhandler.TestBlockDeletion" time="104.432" tests="1" errors="0" skipped="0" failures="1">
  <properties>
    <property name="awt.toolkit" value="sun.awt.X11.XToolkit"/>
    <property name="file.encoding.pkg" value="sun.io"/>
    <property name="java.specification.version" value="1.8"/>
    <property name="sun.cpu.isalist" value=""/>
    <property name="sun.jnu.encoding" value="UTF-8"/>
    <property name="java.class.path" value="/workdir/hadoop-ozone/integration-test/target/test-classes:/workdir/hadoop-ozone/integration-test/target/classes:/home/user/.m2/repository/org/apache/hadoop/hadoop-ozone-common/0.5.0-SNAPSHOT/hadoop-ozone-common-0.5.0-SNAPSHOT.jar:/home/user/.m2/repository/org/apache/commons/commons-compress/1.4.1/commons-compress-1.4.1.jar:/home/user/.m2/repository/org/tukaani/xz/1.0/xz-1.0.jar:/home/user/.m2/repository/org/apache/hadoop/hadoop-common/3.2.0/hadoop-common-3.2.0.jar:/home/user/.m2/repository/org/apache/hadoop/hadoop-hdfs/3.2.0/hadoop-hdfs-3.2.0.jar:/home/user/.m2/repository/org/apache/hadoop/hadoop-hdfs-client/3.2.0/hadoop-hdfs-client-3.2.0.jar:/home/user/.m2/repository/com/fasterxml/jackson/core/jackson-annotations/2.9.5/jackson-annotations-2.9.5.jar:/home/user/.m2/repository/org/apache/hadoop/hadoop-hdds-common/0.5.0-SNAPSHOT/hadoop-hdds-common-0.5.0-SNAPSHOT.jar:/home/user/.m2/repository/javax/annotation/javax.annotation-api/1.2/javax.annotation-api-1.2.jar:/home/user/.m2/repository/org/apache/ratis/ratis-server/0.4.0-2337318-SNAPSHOT/ratis-server-0.4.0-2337318-SNAPSHOT.jar:/home/user/.m2/repository/org/apache/ratis/ratis-thirdparty-misc/0.2.0/ratis-thirdparty-misc-0.2.0.jar:/home/user/.m2/repository/org/apache/ratis/ratis-proto/0.4.0-2337318-SNAPSHOT/ratis-proto-0.4.0-2337318-SNAPSHOT.jar:/home/user/.m2/repository/org/apache/ratis/ratis-common/0.4.0-2337318-SNAPSHOT/ratis-common-0.4.0-2337318-SNAPSHOT.jar:/home/user/.m2/repository/org/apache/ratis/ratis-client/0.4.0-2337318-SNAPSHOT/ratis-client-0.4.0-2337318-SNAPSHOT.jar:/home/user/.m2/repository/org/apache/ratis/ratis-metrics/0.4.0-2337318-SNAPSHOT/ratis-metrics-0.4.0-2337318-SNAPSHOT.jar:/home/user/.m2/repository/org/apache/ratis/ratis-netty/0.4.0-2337318-SNAPSHOT/ratis-netty-0.4.0-2337318-SNAPSHOT.jar:/home/user/.m2/repository/org/apache/ratis/ratis-grpc/0.4.0-2337318-SNAPSHOT/ratis-grpc-0.4.0-2337318-SNAPSHOT.jar:/home/user/.m2/repository/org/rocksdb/rocksdbjni/6.0.1/rocksdbjni-6.0.1.jar:/home/user/.m2/repository/org/apache/logging/log4j/log4j-api/2.11.0/log4j-api-2.11.0.jar:/home/user/.m2/repository/org/apache/logging/log4j/log4j-core/2.11.0/log4j-core-2.11.0.jar:/home/user/.m2/repository/com/lmax/disruptor/3.4.2/disruptor-3.4.2.jar:/home/user/.m2/repository/org/apache/commons/commons-pool2/2.6.0/commons-pool2-2.6.0.jar:/home/user/.m2/repository/org/bouncycastle/bcpkix-jdk15on/1.60/bcpkix-jdk15on-1.60.jar:/home/user/.m2/repository/commons-validator/commons-validator/1.6/commons-validator-1.6.jar:/home/user/.m2/repository/commons-digester/commons-digester/1.8.1/commons-digester-1.8.1.jar:/home/user/.m2/repository/io/jaegertracing/jaeger-client/0.33.1/jaeger-client-0.33.1.jar:/home/user/.m2/repository/io/jaegertracing/jaeger-thrift/0.33.1/jaeger-thrift-0.33.1.jar:/home/user/.m2/repository/org/apache/thrift/libthrift/0.11.0/libthrift-0.11.0.jar:/home/user/.m2/repository/com/squareup/okhttp3/okhttp/3.9.0/okhttp-3.9.0.jar:/home/user/.m2/repository/com/squareup/okio/okio/1.13.0/okio-1.13.0.jar:/home/user/.m2/repository/io/jaegertracing/jaeger-core/0.33.1/jaeger-core-0.33.1.jar:/home/user/.m2/repository/io/jaegertracing/jaeger-tracerresolver/0.33.1/jaeger-tracerresolver-0.33.1.jar:/home/user/.m2/repository/io/opentracing/contrib/opentracing-tracerresolver/0.1.5/opentracing-tracerresolver-0.1.5.jar:/home/user/.m2/repository/io/opentracing/opentracing-util/0.31.0/opentracing-util-0.31.0.jar:/home/user/.m2/repository/io/opentracing/opentracing-api/0.31.0/opentracing-api-0.31.0.jar:/home/user/.m2/repository/io/opentracing/opentracing-noop/0.31.0/opentracing-noop-0.31.0.jar:/home/user/.m2/repository/org/apache/hadoop/hadoop-hdds-server-framework/0.5.0-SNAPSHOT/hadoop-hdds-server-framework-0.5.0-SNAPSHOT.jar:/home/user/.m2/repository/org/apache/hadoop/hadoop-hdds-container-service/0.5.0-SNAPSHOT/hadoop-hdds-container-service-0.5.0-SNAPSHOT.jar:/home/user/.m2/repository/org/apache/hadoop/hadoop-hdds-client/0.5.0-SNAPSHOT/hadoop-hdds-client-0.5.0-SNAPSHOT.jar:/home/user/.m2/repository/org/apache/hadoop/hadoop-hdds-tools/0.5.0-SNAPSHOT/hadoop-hdds-tools-0.5.0-SNAPSHOT.jar:/home/user/.m2/repository/org/apache/hadoop/hadoop-hdds-server-scm/0.5.0-SNAPSHOT/hadoop-hdds-server-scm-0.5.0-SNAPSHOT.jar:/home/user/.m2/repository/org/apache/hadoop/hadoop-hdds-docs/0.5.0-SNAPSHOT/hadoop-hdds-docs-0.5.0-SNAPSHOT.jar:/home/user/.m2/repository/io/dropwizard/metrics/metrics-core/3.2.4/metrics-core-3.2.4.jar:/home/user/.m2/repository/org/hamcrest/hamcrest-all/1.3/hamcrest-all-1.3.jar:/home/user/.m2/repository/org/bouncycastle/bcprov-jdk15on/1.60/bcprov-jdk15on-1.60.jar:/home/user/.m2/repository/info/picocli/picocli/3.9.6/picocli-3.9.6.jar:/home/user/.m2/repository/com/google/protobuf/protobuf-java/2.5.0/protobuf-java-2.5.0.jar:/home/user/.m2/repository/com/google/guava/guava/11.0.2/guava-11.0.2.jar:/home/user/.m2/repository/org/apache/hadoop/hadoop-ozone-ozone-manager/0.5.0-SNAPSHOT/hadoop-ozone-ozone-manager-0.5.0-SNAPSHOT.jar:/home/user/.m2/repository/org/apache/hadoop/hadoop-minikdc/3.2.0/hadoop-minikdc-3.2.0.jar:/home/user/.m2/repository/commons-io/commons-io/2.5/commons-io-2.5.jar:/home/user/.m2/repository/org/apache/kerby/kerb-simplekdc/1.0.1/kerb-simplekdc-1.0.1.jar:/home/user/.m2/repository/org/apache/kerby/kerb-client/1.0.1/kerb-client-1.0.1.jar:/home/user/.m2/repository/org/apache/kerby/kerby-config/1.0.1/kerby-config-1.0.1.jar:/home/user/.m2/repository/org/apache/kerby/kerb-core/1.0.1/kerb-core-1.0.1.jar:/home/user/.m2/repository/org/apache/kerby/kerby-pkix/1.0.1/kerby-pkix-1.0.1.jar:/home/user/.m2/repository/org/apache/kerby/kerby-asn1/1.0.1/kerby-asn1-1.0.1.jar:/home/user/.m2/repository/org/apache/kerby/kerby-util/1.0.1/kerby-util-1.0.1.jar:/home/user/.m2/repository/org/apache/kerby/kerb-common/1.0.1/kerb-common-1.0.1.jar:/home/user/.m2/repository/org/apache/kerby/kerb-crypto/1.0.1/kerb-crypto-1.0.1.jar:/home/user/.m2/repository/org/apache/kerby/kerb-util/1.0.1/kerb-util-1.0.1.jar:/home/user/.m2/repository/org/apache/kerby/token-provider/1.0.1/token-provider-1.0.1.jar:/home/user/.m2/repository/org/apache/kerby/kerb-admin/1.0.1/kerb-admin-1.0.1.jar:/home/user/.m2/repository/org/apache/kerby/kerb-server/1.0.1/kerb-server-1.0.1.jar:/home/user/.m2/repository/org/apache/kerby/kerb-identity/1.0.1/kerb-identity-1.0.1.jar:/home/user/.m2/repository/org/apache/kerby/kerby-xdr/1.0.1/kerby-xdr-1.0.1.jar:/home/user/.m2/repository/org/slf4j/slf4j-log4j12/1.7.25/slf4j-log4j12-1.7.25.jar:/home/user/.m2/repository/org/apache/hadoop/hadoop-ozone-s3gateway/0.5.0-SNAPSHOT/hadoop-ozone-s3gateway-0.5.0-SNAPSHOT.jar:/home/user/.m2/repository/org/jboss/weld/servlet/weld-servlet/2.4.7.Final/weld-servlet-2.4.7.Final.jar:/home/user/.m2/repository/org/glassfish/jersey/containers/jersey-container-servlet-core/2.27/jersey-container-servlet-core-2.27.jar:/home/user/.m2/repository/org/glassfish/hk2/external/javax.inject/2.5.0-b42/javax.inject-2.5.0-b42.jar:/home/user/.m2/repository/org/glassfish/jersey/core/jersey-common/2.27/jersey-common-2.27.jar:/home/user/.m2/repository/org/glassfish/hk2/osgi-resource-locator/1.0.1/osgi-resource-locator-1.0.1.jar:/home/user/.m2/repository/javax/ws/rs/javax.ws.rs-api/2.1/javax.ws.rs-api-2.1.jar:/home/user/.m2/repository/org/glassfish/jersey/ext/cdi/jersey-cdi1x/2.27/jersey-cdi1x-2.27.jar:/home/user/.m2/repository/org/glassfish/jersey/inject/jersey-hk2/2.27/jersey-hk2-2.27.jar:/home/user/.m2/repository/org/glassfish/hk2/hk2-locator/2.5.0-b42/hk2-locator-2.5.0-b42.jar:/home/user/.m2/repository/org/javassist/javassist/3.22.0-CR2/javassist-3.22.0-CR2.jar:/home/user/.m2/repository/org/glassfish/hk2/hk2-api/2.5.0/hk2-api-2.5.0.jar:/home/user/.m2/repository/org/glassfish/hk2/external/jakarta.inject/2.5.0/jakarta.inject-2.5.0.jar:/home/user/.m2/repository/org/glassfish/hk2/hk2-utils/2.5.0/hk2-utils-2.5.0.jar:/home/user/.m2/repository/jakarta/annotation/jakarta.annotation-api/1.3.4/jakarta.annotation-api-1.3.4.jar:/home/user/.m2/repository/org/glassfish/hk2/external/aopalliance-repackaged/2.5.0/aopalliance-repackaged-2.5.0.jar:/home/user/.m2/repository/com/fasterxml/jackson/dataformat/jackson-dataformat-xml/2.9.0/jackson-dataformat-xml-2.9.0.jar:/home/user/.m2/repository/com/fasterxml/jackson/core/jackson-core/2.9.5/jackson-core-2.9.5.jar:/home/user/.m2/repository/com/fasterxml/jackson/module/jackson-module-jaxb-annotations/2.9.5/jackson-module-jaxb-annotations-2.9.5.jar:/home/user/.m2/repository/javax/enterprise/cdi-api/1.2/cdi-api-1.2.jar:/home/user/.m2/repository/javax/el/javax.el-api/3.0.0/javax.el-api-3.0.0.jar:/home/user/.m2/repository/javax/interceptor/javax.interceptor-api/1.2/javax.interceptor-api-1.2.jar:/home/user/.m2/repository/javax/inject/javax.inject/1/javax.inject-1.jar:/home/user/.m2/repository/com/sun/xml/bind/jaxb-impl/2.3.0.1/jaxb-impl-2.3.0.1.jar:/home/user/.m2/repository/com/sun/xml/bind/jaxb-core/2.3.0.1/jaxb-core-2.3.0.1.jar:/home/user/.m2/repository/javax/xml/bind/jaxb-api/2.3.0/jaxb-api-2.3.0.jar:/home/user/.m2/repository/javax/activation/activation/1.1.1/activation-1.1.1.jar:/home/user/.m2/repository/org/apache/hadoop/hadoop-ozone-csi/0.5.0-SNAPSHOT/hadoop-ozone-csi-0.5.0-SNAPSHOT.jar:/home/user/.m2/repository/com/google/protobuf/protobuf-java-util/3.5.1/protobuf-java-util-3.5.1.jar:/home/user/.m2/repository/org/apache/hadoop/hadoop-hdds-config/0.5.0-SNAPSHOT/hadoop-hdds-config-0.5.0-SNAPSHOT.jar:/home/user/.m2/repository/io/grpc/grpc-netty/1.17.1/grpc-netty-1.17.1.jar:/home/user/.m2/repository/io/grpc/grpc-core/1.17.1/grpc-core-1.17.1.jar:/home/user/.m2/repository/io/grpc/grpc-context/1.17.1/grpc-context-1.17.1.jar:/home/user/.m2/repository/com/google/errorprone/error_prone_annotations/2.2.0/error_prone_annotations-2.2.0.jar:/home/user/.m2/repository/org/codehaus/mojo/animal-sniffer-annotations/1.17/animal-sniffer-annotations-1.17.jar:/home/user/.m2/repository/io/opencensus/opencensus-api/0.17.0/opencensus-api-0.17.0.jar:/home/user/.m2/repository/io/opencensus/opencensus-contrib-grpc-metrics/0.17.0/opencensus-contrib-grpc-metrics-0.17.0.jar:/home/user/.m2/repository/io/netty/netty-codec-http2/4.1.30.Final/netty-codec-http2-4.1.30.Final.jar:/home/user/.m2/repository/io/netty/netty-codec-http/4.1.30.Final/netty-codec-http-4.1.30.Final.jar:/home/user/.m2/repository/io/netty/netty-codec/4.1.30.Final/netty-codec-4.1.30.Final.jar:/home/user/.m2/repository/io/netty/netty-handler/4.1.30.Final/netty-handler-4.1.30.Final.jar:/home/user/.m2/repository/io/netty/netty-handler-proxy/4.1.30.Final/netty-handler-proxy-4.1.30.Final.jar:/home/user/.m2/repository/io/netty/netty-codec-socks/4.1.30.Final/netty-codec-socks-4.1.30.Final.jar:/home/user/.m2/repository/io/netty/netty-transport-native-epoll/4.1.30.Final/netty-transport-native-epoll-4.1.30.Final.jar:/home/user/.m2/repository/io/netty/netty-common/4.1.30.Final/netty-common-4.1.30.Final.jar:/home/user/.m2/repository/io/netty/netty-buffer/4.1.30.Final/netty-buffer-4.1.30.Final.jar:/home/user/.m2/repository/io/netty/netty-transport/4.1.30.Final/netty-transport-4.1.30.Final.jar:/home/user/.m2/repository/io/netty/netty-resolver/4.1.30.Final/netty-resolver-4.1.30.Final.jar:/home/user/.m2/repository/io/netty/netty-transport-native-unix-common/4.1.30.Final/netty-transport-native-unix-common-4.1.30.Final.jar:/home/user/.m2/repository/io/grpc/grpc-protobuf/1.17.1/grpc-protobuf-1.17.1.jar:/home/user/.m2/repository/com/google/api/grpc/proto-google-common-protos/1.0.0/proto-google-common-protos-1.0.0.jar:/home/user/.m2/repository/io/grpc/grpc-protobuf-lite/1.17.1/grpc-protobuf-lite-1.17.1.jar:/home/user/.m2/repository/io/grpc/grpc-stub/1.17.1/grpc-stub-1.17.1.jar:/home/user/.m2/repository/org/apache/hadoop/hadoop-ozone-recon/0.5.0-SNAPSHOT/hadoop-ozone-recon-0.5.0-SNAPSHOT.jar:/home/user/.m2/repository/org/apache/hadoop/hadoop-ozone-reconcodegen/0.5.0-SNAPSHOT/hadoop-ozone-reconcodegen-0.5.0-SNAPSHOT.jar:/home/user/.m2/repository/com/google/inject/extensions/guice-multibindings/4.0/guice-multibindings-4.0.jar:/home/user/.m2/repository/com/google/inject/guice/4.0/guice-4.0.jar:/home/user/.m2/repository/aopalliance/aopalliance/1.0/aopalliance-1.0.jar:/home/user/.m2/repository/com/google/inject/extensions/guice-servlet/4.0/guice-servlet-4.0.jar:/home/user/.m2/repository/org/glassfish/jersey/containers/jersey-container-servlet/2.27/jersey-container-servlet-2.27.jar:/home/user/.m2/repository/org/glassfish/hk2/guice-bridge/2.5.0/guice-bridge-2.5.0.jar:/home/user/.m2/repository/org/glassfish/jersey/core/jersey-server/2.27/jersey-server-2.27.jar:/home/user/.m2/repository/org/glassfish/jersey/core/jersey-client/2.27/jersey-client-2.27.jar:/home/user/.m2/repository/org/glassfish/jersey/media/jersey-media-jaxb/2.27/jersey-media-jaxb-2.27.jar:/home/user/.m2/repository/javax/validation/validation-api/1.1.0.Final/validation-api-1.1.0.Final.jar:/home/user/.m2/repository/org/glassfish/jersey/media/jersey-media-json-jackson/2.27/jersey-media-json-jackson-2.27.jar:/home/user/.m2/repository/org/glassfish/jersey/ext/jersey-entity-filtering/2.27/jersey-entity-filtering-2.27.jar:/home/user/.m2/repository/com/google/inject/extensions/guice-assistedinject/4.0/guice-assistedinject-4.0.jar:/home/user/.m2/repository/org/jooq/jooq/3.11.10/jooq-3.11.10.jar:/home/user/.m2/repository/org/jooq/jooq-meta/3.11.10/jooq-meta-3.11.10.jar:/home/user/.m2/repository/org/jooq/jooq-codegen/3.11.10/jooq-codegen-3.11.10.jar:/home/user/.m2/repository/com/jolbox/bonecp/0.8.0.RELEASE/bonecp-0.8.0.RELEASE.jar:/home/user/.m2/repository/org/xerial/sqlite-jdbc/3.25.2/sqlite-jdbc-3.25.2.jar:/home/user/.m2/repository/org/springframework/spring-jdbc/5.1.3.RELEASE/spring-jdbc-5.1.3.RELEASE.jar:/home/user/.m2/repository/org/springframework/spring-beans/5.1.3.RELEASE/spring-beans-5.1.3.RELEASE.jar:/home/user/.m2/repository/org/springframework/spring-core/5.1.3.RELEASE/spring-core-5.1.3.RELEASE.jar:/home/user/.m2/repository/org/springframework/spring-jcl/5.1.3.RELEASE/spring-jcl-5.1.3.RELEASE.jar:/home/user/.m2/repository/org/springframework/spring-tx/5.1.3.RELEASE/spring-tx-5.1.3.RELEASE.jar:/home/user/.m2/repository/org/apache/hadoop/hadoop-ozone-client/0.5.0-SNAPSHOT/hadoop-ozone-client-0.5.0-SNAPSHOT.jar:/home/user/.m2/repository/commons-lang/commons-lang/2.6/commons-lang-2.6.jar:/home/user/.m2/repository/org/apache/hadoop/hadoop-ozone-ozone-manager/0.5.0-SNAPSHOT/hadoop-ozone-ozone-manager-0.5.0-SNAPSHOT-tests.jar:/home/user/.m2/repository/junit/junit/4.11/junit-4.11.jar:/home/user/.m2/repository/org/hamcrest/hamcrest-core/1.3/hamcrest-core-1.3.jar:/home/user/.m2/repository/org/openjdk/jmh/jmh-core/1.19/jmh-core-1.19.jar:/home/user/.m2/repository/net/sf/jopt-simple/jopt-simple/4.6/jopt-simple-4.6.jar:/home/user/.m2/repository/org/apache/commons/commons-math3/3.1.1/commons-math3-3.1.1.jar:/home/user/.m2/repository/org/openjdk/jmh/jmh-generator-annprocess/1.19/jmh-generator-annprocess-1.19.jar:/home/user/.m2/repository/org/mockito/mockito-all/1.8.5/mockito-all-1.8.5.jar:/home/user/.m2/repository/org/apache/hadoop/hadoop-kms/3.2.0/hadoop-kms-3.2.0.jar:/home/user/.m2/repository/org/apache/hadoop/hadoop-auth/3.2.0/hadoop-auth-3.2.0.jar:/home/user/.m2/repository/com/nimbusds/nimbus-jose-jwt/4.41.1/nimbus-jose-jwt-4.41.1.jar:/home/user/.m2/repository/com/github/stephenc/jcip/jcip-annotations/1.0-1/jcip-annotations-1.0-1.jar:/home/user/.m2/repository/net/minidev/json-smart/2.3/json-smart-2.3.jar:/home/user/.m2/repository/net/minidev/accessors-smart/1.2/accessors-smart-1.2.jar:/home/user/.m2/repository/org/ow2/asm/asm/5.0.4/asm-5.0.4.jar:/home/user/.m2/repository/org/apache/curator/curator-framework/2.12.0/curator-framework-2.12.0.jar:/home/user/.m2/repository/com/sun/jersey/jersey-core/1.19/jersey-core-1.19.jar:/home/user/.m2/repository/javax/ws/rs/jsr311-api/1.1.1/jsr311-api-1.1.1.jar:/home/user/.m2/repository/com/sun/jersey/jersey-server/1.19/jersey-server-1.19.jar:/home/user/.m2/repository/javax/servlet/javax.servlet-api/3.1.0/javax.servlet-api-3.1.0.jar:/home/user/.m2/repository/org/eclipse/jetty/jetty-server/9.3.24.v20180605/jetty-server-9.3.24.v20180605.jar:/home/user/.m2/repository/org/eclipse/jetty/jetty-http/9.3.24.v20180605/jetty-http-9.3.24.v20180605.jar:/home/user/.m2/repository/org/eclipse/jetty/jetty-io/9.3.24.v20180605/jetty-io-9.3.24.v20180605.jar:/home/user/.m2/repository/org/eclipse/jetty/jetty-webapp/9.3.24.v20180605/jetty-webapp-9.3.24.v20180605.jar:/home/user/.m2/repository/org/eclipse/jetty/jetty-xml/9.3.24.v20180605/jetty-xml-9.3.24.v20180605.jar:/home/user/.m2/repository/log4j/log4j/1.2.17/log4j-1.2.17.jar:/home/user/.m2/repository/org/slf4j/slf4j-api/1.7.25/slf4j-api-1.7.25.jar:/home/user/.m2/repository/org/slf4j/jul-to-slf4j/1.7.25/jul-to-slf4j-1.7.25.jar:/home/user/.m2/repository/org/eclipse/jetty/jetty-util/9.3.24.v20180605/jetty-util-9.3.24.v20180605.jar:/home/user/.m2/repository/com/fasterxml/jackson/core/jackson-databind/2.9.5/jackson-databind-2.9.5.jar:/home/user/.m2/repository/org/apache/hadoop/hadoop-kms/3.2.0/hadoop-kms-3.2.0-tests.jar:/home/user/.m2/repository/org/apache/hadoop/hadoop-hdds-server-scm/0.5.0-SNAPSHOT/hadoop-hdds-server-scm-0.5.0-SNAPSHOT-tests.jar:/home/user/.m2/repository/org/apache/hadoop/hadoop-hdds-container-service/0.5.0-SNAPSHOT/hadoop-hdds-container-service-0.5.0-SNAPSHOT-tests.jar:/home/user/.m2/repository/org/yaml/snakeyaml/1.16/snakeyaml-1.16.jar:/home/user/.m2/repository/org/apache/hadoop/hadoop-common/3.2.0/hadoop-common-3.2.0-tests.jar:/home/user/.m2/repository/org/apache/hadoop/hadoop-annotations/3.2.0/hadoop-annotations-3.2.0.jar:/usr/lib/jvm/java-1.8-openjdk/jre/../lib/tools.jar:/home/user/.m2/repository/commons-cli/commons-cli/1.2/commons-cli-1.2.jar:/home/user/.m2/repository/org/apache/httpcomponents/httpclient/4.5.2/httpclient-4.5.2.jar:/home/user/.m2/repository/org/apache/httpcomponents/httpcore/4.4.4/httpcore-4.4.4.jar:/home/user/.m2/repository/commons-codec/commons-codec/1.11/commons-codec-1.11.jar:/home/user/.m2/repository/commons-net/commons-net/3.6/commons-net-3.6.jar:/home/user/.m2/repository/commons-collections/commons-collections/3.2.2/commons-collections-3.2.2.jar:/home/user/.m2/repository/org/eclipse/jetty/jetty-servlet/9.3.24.v20180605/jetty-servlet-9.3.24.v20180605.jar:/home/user/.m2/repository/org/eclipse/jetty/jetty-security/9.3.24.v20180605/jetty-security-9.3.24.v20180605.jar:/home/user/.m2/repository/javax/servlet/jsp/jsp-api/2.1/jsp-api-2.1.jar:/home/user/.m2/repository/com/sun/jersey/jersey-servlet/1.19/jersey-servlet-1.19.jar:/home/user/.m2/repository/com/sun/jersey/jersey-json/1.19/jersey-json-1.19.jar:/home/user/.m2/repository/org/codehaus/jettison/jettison/1.1/jettison-1.1.jar:/home/user/.m2/repository/org/codehaus/jackson/jackson-core-asl/1.9.13/jackson-core-asl-1.9.13.jar:/home/user/.m2/repository/org/codehaus/jackson/jackson-mapper-asl/1.9.13/jackson-mapper-asl-1.9.13.jar:/home/user/.m2/repository/org/codehaus/jackson/jackson-jaxrs/1.9.13/jackson-jaxrs-1.9.13.jar:/home/user/.m2/repository/org/codehaus/jackson/jackson-xc/1.9.13/jackson-xc-1.9.13.jar:/home/user/.m2/repository/commons-logging/commons-logging/1.1.3/commons-logging-1.1.3.jar:/home/user/.m2/repository/commons-beanutils/commons-beanutils/1.9.3/commons-beanutils-1.9.3.jar:/home/user/.m2/repository/org/apache/commons/commons-configuration2/2.1.1/commons-configuration2-2.1.1.jar:/home/user/.m2/repository/org/apache/commons/commons-lang3/3.7/commons-lang3-3.7.jar:/home/user/.m2/repository/org/apache/commons/commons-text/1.4/commons-text-1.4.jar:/home/user/.m2/repository/org/apache/avro/avro/1.7.7/avro-1.7.7.jar:/home/user/.m2/repository/com/thoughtworks/paranamer/paranamer/2.3/paranamer-2.3.jar:/home/user/.m2/repository/org/xerial/snappy/snappy-java/1.0.5/snappy-java-1.0.5.jar:/home/user/.m2/repository/com/google/re2j/re2j/1.1/re2j-1.1.jar:/home/user/.m2/repository/com/google/code/gson/gson/2.2.4/gson-2.2.4.jar:/home/user/.m2/repository/com/jcraft/jsch/0.1.54/jsch-0.1.54.jar:/home/user/.m2/repository/org/apache/curator/curator-client/2.12.0/curator-client-2.12.0.jar:/home/user/.m2/repository/org/apache/curator/curator-recipes/2.12.0/curator-recipes-2.12.0.jar:/home/user/.m2/repository/com/google/code/findbugs/jsr305/3.0.0/jsr305-3.0.0.jar:/home/user/.m2/repository/org/apache/htrace/htrace-core4/4.1.0-incubating/htrace-core4-4.1.0-incubating.jar:/home/user/.m2/repository/org/apache/zookeeper/zookeeper/3.4.13/zookeeper-3.4.13.jar:/home/user/.m2/repository/org/apache/yetus/audience-annotations/0.5.0/audience-annotations-0.5.0.jar:/home/user/.m2/repository/org/codehaus/woodstox/stax2-api/3.1.4/stax2-api-3.1.4.jar:/home/user/.m2/repository/com/fasterxml/woodstox/woodstox-core/5.0.3/woodstox-core-5.0.3.jar:/home/user/.m2/repository/dnsjava/dnsjava/2.1.7/dnsjava-2.1.7.jar:/home/user/.m2/repository/org/apache/hadoop/hadoop-hdfs/3.2.0/hadoop-hdfs-3.2.0-tests.jar:/home/user/.m2/repository/org/eclipse/jetty/jetty-util-ajax/9.3.24.v20180605/jetty-util-ajax-9.3.24.v20180605.jar:/home/user/.m2/repository/commons-daemon/commons-daemon/1.0.13/commons-daemon-1.0.13.jar:/home/user/.m2/repository/io/netty/netty/3.10.5.Final/netty-3.10.5.Final.jar:/home/user/.m2/repository/io/netty/netty-all/4.0.52.Final/netty-all-4.0.52.Final.jar:/home/user/.m2/repository/org/fusesource/leveldbjni/leveldbjni-all/1.8/leveldbjni-all-1.8.jar:"/>
    <property name="java.vm.vendor" value="IcedTea"/>
    <property name="sun.arch.data.model" value="64"/>
    <property name="test.build.dir" value="/workdir/hadoop-ozone/integration-test/target/test-dir"/>
    <property name="test.cache.data" value=""/>
    <property name="java.vendor.url" value="https://icedtea.classpath.org"/>
    <property name="user.timezone" value=""/>
    <property name="java.vm.specification.version" value="1.8"/>
    <property name="os.name" value="Linux"/>
    <property name="test.build.data" value="/workdir/hadoop-ozone/integration-test/target/test-dir"/>
    <property name="user.country" value="US"/>
    <property name="sun.java.launcher" value="SUN_STANDARD"/>
    <property name="sun.boot.library.path" value="/usr/lib/jvm/java-1.8-openjdk/jre/lib/amd64"/>
    <property name="sun.java.command" value="/workdir/hadoop-ozone/integration-test/target/surefire/surefirebooter3341737769325070645.jar /workdir/hadoop-ozone/integration-test/target/surefire 2019-08-30T22-17-41_944-jvmRun1 surefire616520458465674775tmp surefire_802675750238914101100tmp"/>
    <property name="test" value="!TestMiniChaosOzoneCluster"/>
    <property name="surefire.test.class.path" value="/workdir/hadoop-ozone/integration-test/target/test-classes:/workdir/hadoop-ozone/integration-test/target/classes:/home/user/.m2/repository/org/apache/hadoop/hadoop-ozone-common/0.5.0-SNAPSHOT/hadoop-ozone-common-0.5.0-SNAPSHOT.jar:/home/user/.m2/repository/org/apache/commons/commons-compress/1.4.1/commons-compress-1.4.1.jar:/home/user/.m2/repository/org/tukaani/xz/1.0/xz-1.0.jar:/home/user/.m2/repository/org/apache/hadoop/hadoop-common/3.2.0/hadoop-common-3.2.0.jar:/home/user/.m2/repository/org/apache/hadoop/hadoop-hdfs/3.2.0/hadoop-hdfs-3.2.0.jar:/home/user/.m2/repository/org/apache/hadoop/hadoop-hdfs-client/3.2.0/hadoop-hdfs-client-3.2.0.jar:/home/user/.m2/repository/com/fasterxml/jackson/core/jackson-annotations/2.9.5/jackson-annotations-2.9.5.jar:/home/user/.m2/repository/org/apache/hadoop/hadoop-hdds-common/0.5.0-SNAPSHOT/hadoop-hdds-common-0.5.0-SNAPSHOT.jar:/home/user/.m2/repository/javax/annotation/javax.annotation-api/1.2/javax.annotation-api-1.2.jar:/home/user/.m2/repository/org/apache/ratis/ratis-server/0.4.0-2337318-SNAPSHOT/ratis-server-0.4.0-2337318-SNAPSHOT.jar:/home/user/.m2/repository/org/apache/ratis/ratis-thirdparty-misc/0.2.0/ratis-thirdparty-misc-0.2.0.jar:/home/user/.m2/repository/org/apache/ratis/ratis-proto/0.4.0-2337318-SNAPSHOT/ratis-proto-0.4.0-2337318-SNAPSHOT.jar:/home/user/.m2/repository/org/apache/ratis/ratis-common/0.4.0-2337318-SNAPSHOT/ratis-common-0.4.0-2337318-SNAPSHOT.jar:/home/user/.m2/repository/org/apache/ratis/ratis-client/0.4.0-2337318-SNAPSHOT/ratis-client-0.4.0-2337318-SNAPSHOT.jar:/home/user/.m2/repository/org/apache/ratis/ratis-metrics/0.4.0-2337318-SNAPSHOT/ratis-metrics-0.4.0-2337318-SNAPSHOT.jar:/home/user/.m2/repository/org/apache/ratis/ratis-netty/0.4.0-2337318-SNAPSHOT/ratis-netty-0.4.0-2337318-SNAPSHOT.jar:/home/user/.m2/repository/org/apache/ratis/ratis-grpc/0.4.0-2337318-SNAPSHOT/ratis-grpc-0.4.0-2337318-SNAPSHOT.jar:/home/user/.m2/repository/org/rocksdb/rocksdbjni/6.0.1/rocksdbjni-6.0.1.jar:/home/user/.m2/repository/org/apache/logging/log4j/log4j-api/2.11.0/log4j-api-2.11.0.jar:/home/user/.m2/repository/org/apache/logging/log4j/log4j-core/2.11.0/log4j-core-2.11.0.jar:/home/user/.m2/repository/com/lmax/disruptor/3.4.2/disruptor-3.4.2.jar:/home/user/.m2/repository/org/apache/commons/commons-pool2/2.6.0/commons-pool2-2.6.0.jar:/home/user/.m2/repository/org/bouncycastle/bcpkix-jdk15on/1.60/bcpkix-jdk15on-1.60.jar:/home/user/.m2/repository/commons-validator/commons-validator/1.6/commons-validator-1.6.jar:/home/user/.m2/repository/commons-digester/commons-digester/1.8.1/commons-digester-1.8.1.jar:/home/user/.m2/repository/io/jaegertracing/jaeger-client/0.33.1/jaeger-client-0.33.1.jar:/home/user/.m2/repository/io/jaegertracing/jaeger-thrift/0.33.1/jaeger-thrift-0.33.1.jar:/home/user/.m2/repository/org/apache/thrift/libthrift/0.11.0/libthrift-0.11.0.jar:/home/user/.m2/repository/com/squareup/okhttp3/okhttp/3.9.0/okhttp-3.9.0.jar:/home/user/.m2/repository/com/squareup/okio/okio/1.13.0/okio-1.13.0.jar:/home/user/.m2/repository/io/jaegertracing/jaeger-core/0.33.1/jaeger-core-0.33.1.jar:/home/user/.m2/repository/io/jaegertracing/jaeger-tracerresolver/0.33.1/jaeger-tracerresolver-0.33.1.jar:/home/user/.m2/repository/io/opentracing/contrib/opentracing-tracerresolver/0.1.5/opentracing-tracerresolver-0.1.5.jar:/home/user/.m2/repository/io/opentracing/opentracing-util/0.31.0/opentracing-util-0.31.0.jar:/home/user/.m2/repository/io/opentracing/opentracing-api/0.31.0/opentracing-api-0.31.0.jar:/home/user/.m2/repository/io/opentracing/opentracing-noop/0.31.0/opentracing-noop-0.31.0.jar:/home/user/.m2/repository/org/apache/hadoop/hadoop-hdds-server-framework/0.5.0-SNAPSHOT/hadoop-hdds-server-framework-0.5.0-SNAPSHOT.jar:/home/user/.m2/repository/org/apache/hadoop/hadoop-hdds-container-service/0.5.0-SNAPSHOT/hadoop-hdds-container-service-0.5.0-SNAPSHOT.jar:/home/user/.m2/repository/org/apache/hadoop/hadoop-hdds-client/0.5.0-SNAPSHOT/hadoop-hdds-client-0.5.0-SNAPSHOT.jar:/home/user/.m2/repository/org/apache/hadoop/hadoop-hdds-tools/0.5.0-SNAPSHOT/hadoop-hdds-tools-0.5.0-SNAPSHOT.jar:/home/user/.m2/repository/org/apache/hadoop/hadoop-hdds-server-scm/0.5.0-SNAPSHOT/hadoop-hdds-server-scm-0.5.0-SNAPSHOT.jar:/home/user/.m2/repository/org/apache/hadoop/hadoop-hdds-docs/0.5.0-SNAPSHOT/hadoop-hdds-docs-0.5.0-SNAPSHOT.jar:/home/user/.m2/repository/io/dropwizard/metrics/metrics-core/3.2.4/metrics-core-3.2.4.jar:/home/user/.m2/repository/org/hamcrest/hamcrest-all/1.3/hamcrest-all-1.3.jar:/home/user/.m2/repository/org/bouncycastle/bcprov-jdk15on/1.60/bcprov-jdk15on-1.60.jar:/home/user/.m2/repository/info/picocli/picocli/3.9.6/picocli-3.9.6.jar:/home/user/.m2/repository/com/google/protobuf/protobuf-java/2.5.0/protobuf-java-2.5.0.jar:/home/user/.m2/repository/com/google/guava/guava/11.0.2/guava-11.0.2.jar:/home/user/.m2/repository/org/apache/hadoop/hadoop-ozone-ozone-manager/0.5.0-SNAPSHOT/hadoop-ozone-ozone-manager-0.5.0-SNAPSHOT.jar:/home/user/.m2/repository/org/apache/hadoop/hadoop-minikdc/3.2.0/hadoop-minikdc-3.2.0.jar:/home/user/.m2/repository/commons-io/commons-io/2.5/commons-io-2.5.jar:/home/user/.m2/repository/org/apache/kerby/kerb-simplekdc/1.0.1/kerb-simplekdc-1.0.1.jar:/home/user/.m2/repository/org/apache/kerby/kerb-client/1.0.1/kerb-client-1.0.1.jar:/home/user/.m2/repository/org/apache/kerby/kerby-config/1.0.1/kerby-config-1.0.1.jar:/home/user/.m2/repository/org/apache/kerby/kerb-core/1.0.1/kerb-core-1.0.1.jar:/home/user/.m2/repository/org/apache/kerby/kerby-pkix/1.0.1/kerby-pkix-1.0.1.jar:/home/user/.m2/repository/org/apache/kerby/kerby-asn1/1.0.1/kerby-asn1-1.0.1.jar:/home/user/.m2/repository/org/apache/kerby/kerby-util/1.0.1/kerby-util-1.0.1.jar:/home/user/.m2/repository/org/apache/kerby/kerb-common/1.0.1/kerb-common-1.0.1.jar:/home/user/.m2/repository/org/apache/kerby/kerb-crypto/1.0.1/kerb-crypto-1.0.1.jar:/home/user/.m2/repository/org/apache/kerby/kerb-util/1.0.1/kerb-util-1.0.1.jar:/home/user/.m2/repository/org/apache/kerby/token-provider/1.0.1/token-provider-1.0.1.jar:/home/user/.m2/repository/org/apache/kerby/kerb-admin/1.0.1/kerb-admin-1.0.1.jar:/home/user/.m2/repository/org/apache/kerby/kerb-server/1.0.1/kerb-server-1.0.1.jar:/home/user/.m2/repository/org/apache/kerby/kerb-identity/1.0.1/kerb-identity-1.0.1.jar:/home/user/.m2/repository/org/apache/kerby/kerby-xdr/1.0.1/kerby-xdr-1.0.1.jar:/home/user/.m2/repository/org/slf4j/slf4j-log4j12/1.7.25/slf4j-log4j12-1.7.25.jar:/home/user/.m2/repository/org/apache/hadoop/hadoop-ozone-s3gateway/0.5.0-SNAPSHOT/hadoop-ozone-s3gateway-0.5.0-SNAPSHOT.jar:/home/user/.m2/repository/org/jboss/weld/servlet/weld-servlet/2.4.7.Final/weld-servlet-2.4.7.Final.jar:/home/user/.m2/repository/org/glassfish/jersey/containers/jersey-container-servlet-core/2.27/jersey-container-servlet-core-2.27.jar:/home/user/.m2/repository/org/glassfish/hk2/external/javax.inject/2.5.0-b42/javax.inject-2.5.0-b42.jar:/home/user/.m2/repository/org/glassfish/jersey/core/jersey-common/2.27/jersey-common-2.27.jar:/home/user/.m2/repository/org/glassfish/hk2/osgi-resource-locator/1.0.1/osgi-resource-locator-1.0.1.jar:/home/user/.m2/repository/javax/ws/rs/javax.ws.rs-api/2.1/javax.ws.rs-api-2.1.jar:/home/user/.m2/repository/org/glassfish/jersey/ext/cdi/jersey-cdi1x/2.27/jersey-cdi1x-2.27.jar:/home/user/.m2/repository/org/glassfish/jersey/inject/jersey-hk2/2.27/jersey-hk2-2.27.jar:/home/user/.m2/repository/org/glassfish/hk2/hk2-locator/2.5.0-b42/hk2-locator-2.5.0-b42.jar:/home/user/.m2/repository/org/javassist/javassist/3.22.0-CR2/javassist-3.22.0-CR2.jar:/home/user/.m2/repository/org/glassfish/hk2/hk2-api/2.5.0/hk2-api-2.5.0.jar:/home/user/.m2/repository/org/glassfish/hk2/external/jakarta.inject/2.5.0/jakarta.inject-2.5.0.jar:/home/user/.m2/repository/org/glassfish/hk2/hk2-utils/2.5.0/hk2-utils-2.5.0.jar:/home/user/.m2/repository/jakarta/annotation/jakarta.annotation-api/1.3.4/jakarta.annotation-api-1.3.4.jar:/home/user/.m2/repository/org/glassfish/hk2/external/aopalliance-repackaged/2.5.0/aopalliance-repackaged-2.5.0.jar:/home/user/.m2/repository/com/fasterxml/jackson/dataformat/jackson-dataformat-xml/2.9.0/jackson-dataformat-xml-2.9.0.jar:/home/user/.m2/repository/com/fasterxml/jackson/core/jackson-core/2.9.5/jackson-core-2.9.5.jar:/home/user/.m2/repository/com/fasterxml/jackson/module/jackson-module-jaxb-annotations/2.9.5/jackson-module-jaxb-annotations-2.9.5.jar:/home/user/.m2/repository/javax/enterprise/cdi-api/1.2/cdi-api-1.2.jar:/home/user/.m2/repository/javax/el/javax.el-api/3.0.0/javax.el-api-3.0.0.jar:/home/user/.m2/repository/javax/interceptor/javax.interceptor-api/1.2/javax.interceptor-api-1.2.jar:/home/user/.m2/repository/javax/inject/javax.inject/1/javax.inject-1.jar:/home/user/.m2/repository/com/sun/xml/bind/jaxb-impl/2.3.0.1/jaxb-impl-2.3.0.1.jar:/home/user/.m2/repository/com/sun/xml/bind/jaxb-core/2.3.0.1/jaxb-core-2.3.0.1.jar:/home/user/.m2/repository/javax/xml/bind/jaxb-api/2.3.0/jaxb-api-2.3.0.jar:/home/user/.m2/repository/javax/activation/activation/1.1.1/activation-1.1.1.jar:/home/user/.m2/repository/org/apache/hadoop/hadoop-ozone-csi/0.5.0-SNAPSHOT/hadoop-ozone-csi-0.5.0-SNAPSHOT.jar:/home/user/.m2/repository/com/google/protobuf/protobuf-java-util/3.5.1/protobuf-java-util-3.5.1.jar:/home/user/.m2/repository/org/apache/hadoop/hadoop-hdds-config/0.5.0-SNAPSHOT/hadoop-hdds-config-0.5.0-SNAPSHOT.jar:/home/user/.m2/repository/io/grpc/grpc-netty/1.17.1/grpc-netty-1.17.1.jar:/home/user/.m2/repository/io/grpc/grpc-core/1.17.1/grpc-core-1.17.1.jar:/home/user/.m2/repository/io/grpc/grpc-context/1.17.1/grpc-context-1.17.1.jar:/home/user/.m2/repository/com/google/errorprone/error_prone_annotations/2.2.0/error_prone_annotations-2.2.0.jar:/home/user/.m2/repository/org/codehaus/mojo/animal-sniffer-annotations/1.17/animal-sniffer-annotations-1.17.jar:/home/user/.m2/repository/io/opencensus/opencensus-api/0.17.0/opencensus-api-0.17.0.jar:/home/user/.m2/repository/io/opencensus/opencensus-contrib-grpc-metrics/0.17.0/opencensus-contrib-grpc-metrics-0.17.0.jar:/home/user/.m2/repository/io/netty/netty-codec-http2/4.1.30.Final/netty-codec-http2-4.1.30.Final.jar:/home/user/.m2/repository/io/netty/netty-codec-http/4.1.30.Final/netty-codec-http-4.1.30.Final.jar:/home/user/.m2/repository/io/netty/netty-codec/4.1.30.Final/netty-codec-4.1.30.Final.jar:/home/user/.m2/repository/io/netty/netty-handler/4.1.30.Final/netty-handler-4.1.30.Final.jar:/home/user/.m2/repository/io/netty/netty-handler-proxy/4.1.30.Final/netty-handler-proxy-4.1.30.Final.jar:/home/user/.m2/repository/io/netty/netty-codec-socks/4.1.30.Final/netty-codec-socks-4.1.30.Final.jar:/home/user/.m2/repository/io/netty/netty-transport-native-epoll/4.1.30.Final/netty-transport-native-epoll-4.1.30.Final.jar:/home/user/.m2/repository/io/netty/netty-common/4.1.30.Final/netty-common-4.1.30.Final.jar:/home/user/.m2/repository/io/netty/netty-buffer/4.1.30.Final/netty-buffer-4.1.30.Final.jar:/home/user/.m2/repository/io/netty/netty-transport/4.1.30.Final/netty-transport-4.1.30.Final.jar:/home/user/.m2/repository/io/netty/netty-resolver/4.1.30.Final/netty-resolver-4.1.30.Final.jar:/home/user/.m2/repository/io/netty/netty-transport-native-unix-common/4.1.30.Final/netty-transport-native-unix-common-4.1.30.Final.jar:/home/user/.m2/repository/io/grpc/grpc-protobuf/1.17.1/grpc-protobuf-1.17.1.jar:/home/user/.m2/repository/com/google/api/grpc/proto-google-common-protos/1.0.0/proto-google-common-protos-1.0.0.jar:/home/user/.m2/repository/io/grpc/grpc-protobuf-lite/1.17.1/grpc-protobuf-lite-1.17.1.jar:/home/user/.m2/repository/io/grpc/grpc-stub/1.17.1/grpc-stub-1.17.1.jar:/home/user/.m2/repository/org/apache/hadoop/hadoop-ozone-recon/0.5.0-SNAPSHOT/hadoop-ozone-recon-0.5.0-SNAPSHOT.jar:/home/user/.m2/repository/org/apache/hadoop/hadoop-ozone-reconcodegen/0.5.0-SNAPSHOT/hadoop-ozone-reconcodegen-0.5.0-SNAPSHOT.jar:/home/user/.m2/repository/com/google/inject/extensions/guice-multibindings/4.0/guice-multibindings-4.0.jar:/home/user/.m2/repository/com/google/inject/guice/4.0/guice-4.0.jar:/home/user/.m2/repository/aopalliance/aopalliance/1.0/aopalliance-1.0.jar:/home/user/.m2/repository/com/google/inject/extensions/guice-servlet/4.0/guice-servlet-4.0.jar:/home/user/.m2/repository/org/glassfish/jersey/containers/jersey-container-servlet/2.27/jersey-container-servlet-2.27.jar:/home/user/.m2/repository/org/glassfish/hk2/guice-bridge/2.5.0/guice-bridge-2.5.0.jar:/home/user/.m2/repository/org/glassfish/jersey/core/jersey-server/2.27/jersey-server-2.27.jar:/home/user/.m2/repository/org/glassfish/jersey/core/jersey-client/2.27/jersey-client-2.27.jar:/home/user/.m2/repository/org/glassfish/jersey/media/jersey-media-jaxb/2.27/jersey-media-jaxb-2.27.jar:/home/user/.m2/repository/javax/validation/validation-api/1.1.0.Final/validation-api-1.1.0.Final.jar:/home/user/.m2/repository/org/glassfish/jersey/media/jersey-media-json-jackson/2.27/jersey-media-json-jackson-2.27.jar:/home/user/.m2/repository/org/glassfish/jersey/ext/jersey-entity-filtering/2.27/jersey-entity-filtering-2.27.jar:/home/user/.m2/repository/com/google/inject/extensions/guice-assistedinject/4.0/guice-assistedinject-4.0.jar:/home/user/.m2/repository/org/jooq/jooq/3.11.10/jooq-3.11.10.jar:/home/user/.m2/repository/org/jooq/jooq-meta/3.11.10/jooq-meta-3.11.10.jar:/home/user/.m2/repository/org/jooq/jooq-codegen/3.11.10/jooq-codegen-3.11.10.jar:/home/user/.m2/repository/com/jolbox/bonecp/0.8.0.RELEASE/bonecp-0.8.0.RELEASE.jar:/home/user/.m2/repository/org/xerial/sqlite-jdbc/3.25.2/sqlite-jdbc-3.25.2.jar:/home/user/.m2/repository/org/springframework/spring-jdbc/5.1.3.RELEASE/spring-jdbc-5.1.3.RELEASE.jar:/home/user/.m2/repository/org/springframework/spring-beans/5.1.3.RELEASE/spring-beans-5.1.3.RELEASE.jar:/home/user/.m2/repository/org/springframework/spring-core/5.1.3.RELEASE/spring-core-5.1.3.RELEASE.jar:/home/user/.m2/repository/org/springframework/spring-jcl/5.1.3.RELEASE/spring-jcl-5.1.3.RELEASE.jar:/home/user/.m2/repository/org/springframework/spring-tx/5.1.3.RELEASE/spring-tx-5.1.3.RELEASE.jar:/home/user/.m2/repository/org/apache/hadoop/hadoop-ozone-client/0.5.0-SNAPSHOT/hadoop-ozone-client-0.5.0-SNAPSHOT.jar:/home/user/.m2/repository/commons-lang/commons-lang/2.6/commons-lang-2.6.jar:/home/user/.m2/repository/org/apache/hadoop/hadoop-ozone-ozone-manager/0.5.0-SNAPSHOT/hadoop-ozone-ozone-manager-0.5.0-SNAPSHOT-tests.jar:/home/user/.m2/repository/junit/junit/4.11/junit-4.11.jar:/home/user/.m2/repository/org/hamcrest/hamcrest-core/1.3/hamcrest-core-1.3.jar:/home/user/.m2/repository/org/openjdk/jmh/jmh-core/1.19/jmh-core-1.19.jar:/home/user/.m2/repository/net/sf/jopt-simple/jopt-simple/4.6/jopt-simple-4.6.jar:/home/user/.m2/repository/org/apache/commons/commons-math3/3.1.1/commons-math3-3.1.1.jar:/home/user/.m2/repository/org/openjdk/jmh/jmh-generator-annprocess/1.19/jmh-generator-annprocess-1.19.jar:/home/user/.m2/repository/org/mockito/mockito-all/1.8.5/mockito-all-1.8.5.jar:/home/user/.m2/repository/org/apache/hadoop/hadoop-kms/3.2.0/hadoop-kms-3.2.0.jar:/home/user/.m2/repository/org/apache/hadoop/hadoop-auth/3.2.0/hadoop-auth-3.2.0.jar:/home/user/.m2/repository/com/nimbusds/nimbus-jose-jwt/4.41.1/nimbus-jose-jwt-4.41.1.jar:/home/user/.m2/repository/com/github/stephenc/jcip/jcip-annotations/1.0-1/jcip-annotations-1.0-1.jar:/home/user/.m2/repository/net/minidev/json-smart/2.3/json-smart-2.3.jar:/home/user/.m2/repository/net/minidev/accessors-smart/1.2/accessors-smart-1.2.jar:/home/user/.m2/repository/org/ow2/asm/asm/5.0.4/asm-5.0.4.jar:/home/user/.m2/repository/org/apache/curator/curator-framework/2.12.0/curator-framework-2.12.0.jar:/home/user/.m2/repository/com/sun/jersey/jersey-core/1.19/jersey-core-1.19.jar:/home/user/.m2/repository/javax/ws/rs/jsr311-api/1.1.1/jsr311-api-1.1.1.jar:/home/user/.m2/repository/com/sun/jersey/jersey-server/1.19/jersey-server-1.19.jar:/home/user/.m2/repository/javax/servlet/javax.servlet-api/3.1.0/javax.servlet-api-3.1.0.jar:/home/user/.m2/repository/org/eclipse/jetty/jetty-server/9.3.24.v20180605/jetty-server-9.3.24.v20180605.jar:/home/user/.m2/repository/org/eclipse/jetty/jetty-http/9.3.24.v20180605/jetty-http-9.3.24.v20180605.jar:/home/user/.m2/repository/org/eclipse/jetty/jetty-io/9.3.24.v20180605/jetty-io-9.3.24.v20180605.jar:/home/user/.m2/repository/org/eclipse/jetty/jetty-webapp/9.3.24.v20180605/jetty-webapp-9.3.24.v20180605.jar:/home/user/.m2/repository/org/eclipse/jetty/jetty-xml/9.3.24.v20180605/jetty-xml-9.3.24.v20180605.jar:/home/user/.m2/repository/log4j/log4j/1.2.17/log4j-1.2.17.jar:/home/user/.m2/repository/org/slf4j/slf4j-api/1.7.25/slf4j-api-1.7.25.jar:/home/user/.m2/repository/org/slf4j/jul-to-slf4j/1.7.25/jul-to-slf4j-1.7.25.jar:/home/user/.m2/repository/org/eclipse/jetty/jetty-util/9.3.24.v20180605/jetty-util-9.3.24.v20180605.jar:/home/user/.m2/repository/com/fasterxml/jackson/core/jackson-databind/2.9.5/jackson-databind-2.9.5.jar:/home/user/.m2/repository/org/apache/hadoop/hadoop-kms/3.2.0/hadoop-kms-3.2.0-tests.jar:/home/user/.m2/repository/org/apache/hadoop/hadoop-hdds-server-scm/0.5.0-SNAPSHOT/hadoop-hdds-server-scm-0.5.0-SNAPSHOT-tests.jar:/home/user/.m2/repository/org/apache/hadoop/hadoop-hdds-container-service/0.5.0-SNAPSHOT/hadoop-hdds-container-service-0.5.0-SNAPSHOT-tests.jar:/home/user/.m2/repository/org/yaml/snakeyaml/1.16/snakeyaml-1.16.jar:/home/user/.m2/repository/org/apache/hadoop/hadoop-common/3.2.0/hadoop-common-3.2.0-tests.jar:/home/user/.m2/repository/org/apache/hadoop/hadoop-annotations/3.2.0/hadoop-annotations-3.2.0.jar:/usr/lib/jvm/java-1.8-openjdk/jre/../lib/tools.jar:/home/user/.m2/repository/commons-cli/commons-cli/1.2/commons-cli-1.2.jar:/home/user/.m2/repository/org/apache/httpcomponents/httpclient/4.5.2/httpclient-4.5.2.jar:/home/user/.m2/repository/org/apache/httpcomponents/httpcore/4.4.4/httpcore-4.4.4.jar:/home/user/.m2/repository/commons-codec/commons-codec/1.11/commons-codec-1.11.jar:/home/user/.m2/repository/commons-net/commons-net/3.6/commons-net-3.6.jar:/home/user/.m2/repository/commons-collections/commons-collections/3.2.2/commons-collections-3.2.2.jar:/home/user/.m2/repository/org/eclipse/jetty/jetty-servlet/9.3.24.v20180605/jetty-servlet-9.3.24.v20180605.jar:/home/user/.m2/repository/org/eclipse/jetty/jetty-security/9.3.24.v20180605/jetty-security-9.3.24.v20180605.jar:/home/user/.m2/repository/javax/servlet/jsp/jsp-api/2.1/jsp-api-2.1.jar:/home/user/.m2/repository/com/sun/jersey/jersey-servlet/1.19/jersey-servlet-1.19.jar:/home/user/.m2/repository/com/sun/jersey/jersey-json/1.19/jersey-json-1.19.jar:/home/user/.m2/repository/org/codehaus/jettison/jettison/1.1/jettison-1.1.jar:/home/user/.m2/repository/org/codehaus/jackson/jackson-core-asl/1.9.13/jackson-core-asl-1.9.13.jar:/home/user/.m2/repository/org/codehaus/jackson/jackson-mapper-asl/1.9.13/jackson-mapper-asl-1.9.13.jar:/home/user/.m2/repository/org/codehaus/jackson/jackson-jaxrs/1.9.13/jackson-jaxrs-1.9.13.jar:/home/user/.m2/repository/org/codehaus/jackson/jackson-xc/1.9.13/jackson-xc-1.9.13.jar:/home/user/.m2/repository/commons-logging/commons-logging/1.1.3/commons-logging-1.1.3.jar:/home/user/.m2/repository/commons-beanutils/commons-beanutils/1.9.3/commons-beanutils-1.9.3.jar:/home/user/.m2/repository/org/apache/commons/commons-configuration2/2.1.1/commons-configuration2-2.1.1.jar:/home/user/.m2/repository/org/apache/commons/commons-lang3/3.7/commons-lang3-3.7.jar:/home/user/.m2/repository/org/apache/commons/commons-text/1.4/commons-text-1.4.jar:/home/user/.m2/repository/org/apache/avro/avro/1.7.7/avro-1.7.7.jar:/home/user/.m2/repository/com/thoughtworks/paranamer/paranamer/2.3/paranamer-2.3.jar:/home/user/.m2/repository/org/xerial/snappy/snappy-java/1.0.5/snappy-java-1.0.5.jar:/home/user/.m2/repository/com/google/re2j/re2j/1.1/re2j-1.1.jar:/home/user/.m2/repository/com/google/code/gson/gson/2.2.4/gson-2.2.4.jar:/home/user/.m2/repository/com/jcraft/jsch/0.1.54/jsch-0.1.54.jar:/home/user/.m2/repository/org/apache/curator/curator-client/2.12.0/curator-client-2.12.0.jar:/home/user/.m2/repository/org/apache/curator/curator-recipes/2.12.0/curator-recipes-2.12.0.jar:/home/user/.m2/repository/com/google/code/findbugs/jsr305/3.0.0/jsr305-3.0.0.jar:/home/user/.m2/repository/org/apache/htrace/htrace-core4/4.1.0-incubating/htrace-core4-4.1.0-incubating.jar:/home/user/.m2/repository/org/apache/zookeeper/zookeeper/3.4.13/zookeeper-3.4.13.jar:/home/user/.m2/repository/org/apache/yetus/audience-annotations/0.5.0/audience-annotations-0.5.0.jar:/home/user/.m2/repository/org/codehaus/woodstox/stax2-api/3.1.4/stax2-api-3.1.4.jar:/home/user/.m2/repository/com/fasterxml/woodstox/woodstox-core/5.0.3/woodstox-core-5.0.3.jar:/home/user/.m2/repository/dnsjava/dnsjava/2.1.7/dnsjava-2.1.7.jar:/home/user/.m2/repository/org/apache/hadoop/hadoop-hdfs/3.2.0/hadoop-hdfs-3.2.0-tests.jar:/home/user/.m2/repository/org/eclipse/jetty/jetty-util-ajax/9.3.24.v20180605/jetty-util-ajax-9.3.24.v20180605.jar:/home/user/.m2/repository/commons-daemon/commons-daemon/1.0.13/commons-daemon-1.0.13.jar:/home/user/.m2/repository/io/netty/netty/3.10.5.Final/netty-3.10.5.Final.jar:/home/user/.m2/repository/io/netty/netty-all/4.0.52.Final/netty-all-4.0.52.Final.jar:/home/user/.m2/repository/org/fusesource/leveldbjni/leveldbjni-all/1.8/leveldbjni-all-1.8.jar:"/>
    <property name="sun.cpu.endian" value="little"/>
    <property name="user.home" value="/home/user"/>
    <property name="user.language" value="en"/>
    <property name="java.specification.vendor" value="Oracle Corporation"/>
    <property name="java.home" value="/usr/lib/jvm/java-1.8-openjdk/jre"/>
    <property name="java.security.krb5.conf" value="/workdir/hadoop-ozone/integration-test/target/test-classes/krb5.conf"/>
    <property name="basedir" value="/workdir/hadoop-ozone/integration-test"/>
    <property name="file.separator" value="/"/>
    <property name="line.separator" value="&#10;"/>
    <property name="java.vm.specification.vendor" value="Oracle Corporation"/>
    <property name="java.specification.name" value="Java Platform API Specification"/>
    <property name="java.awt.graphicsenv" value="sun.awt.X11GraphicsEnvironment"/>
    <property name="surefire.real.class.path" value="/workdir/hadoop-ozone/integration-test/target/surefire/surefirebooter3341737769325070645.jar"/>
    <property name="hadoop.log.dir" value="/workdir/hadoop-ozone/integration-test/target/log"/>
    <property name="sun.boot.class.path" value="/usr/lib/jvm/java-1.8-openjdk/jre/lib/resources.jar:/usr/lib/jvm/java-1.8-openjdk/jre/lib/rt.jar:/usr/lib/jvm/java-1.8-openjdk/jre/lib/sunrsasign.jar:/usr/lib/jvm/java-1.8-openjdk/jre/lib/jsse.jar:/usr/lib/jvm/java-1.8-openjdk/jre/lib/jce.jar:/usr/lib/jvm/java-1.8-openjdk/jre/lib/charsets.jar:/usr/lib/jvm/java-1.8-openjdk/jre/lib/jfr.jar:/usr/lib/jvm/java-1.8-openjdk/jre/classes"/>
    <property name="sun.management.compiler" value="HotSpot 64-Bit Tiered Compilers"/>
    <property name="java.runtime.version" value="1.8.0_212-b04"/>
    <property name="java.net.preferIPv4Stack" value="true"/>
    <property name="user.name" value="jenkins1000"/>
    <property name="path.separator" value=":"/>
    <property name="java.security.egd" value="file:///dev/urandom"/>
    <property name="os.version" value="3.10.0-957.12.2.el7.x86_64"/>
    <property name="java.endorsed.dirs" value="/usr/lib/jvm/java-1.8-openjdk/jre/lib/endorsed"/>
    <property name="java.runtime.name" value="OpenJDK Runtime Environment"/>
    <property name="file.encoding" value="UTF-8"/>
    <property name="java.vm.name" value="OpenJDK 64-Bit Server VM"/>
    <property name="test.build.webapps" value=""/>
    <property name="localRepository" value="/home/user/.m2/repository"/>
    <property name="java.vendor.url.bug" value="https://icedtea.classpath.org/bugzilla"/>
    <property name="java.io.tmpdir" value="/tmp"/>
    <property name="require.test.libhadoop" value=""/>
    <property name="java.version" value="1.8.0_212"/>
    <property name="user.dir" value="/workdir/hadoop-ozone/integration-test"/>
    <property name="os.arch" value="amd64"/>
    <property name="java.vm.specification.name" value="Java Virtual Machine Specification"/>
    <property name="test.build.classes" value="/workdir/hadoop-ozone/integration-test/target/test-classes"/>
    <property name="java.awt.printerjob" value="sun.print.PSPrinterJob"/>
    <property name="sun.os.patch.level" value="unknown"/>
    <property name="hadoop.tmp.dir" value="/workdir/hadoop-ozone/integration-test/target/tmp"/>
    <property name="java.library.path" value="/usr/lib/jvm/java-1.8-openjdk/jre/lib/amd64/server:/usr/lib/jvm/java-1.8-openjdk/jre/lib/amd64:/usr/lib/jvm/java-1.8-openjdk/jre/../lib/amd64:/workdir/hadoop-ozone/integration-test/target/native/target/usr/local/lib:/workdir/hadoop-ozone/integration-test/../../hadoop-common-project/hadoop-common/target/native/target/usr/local/lib:/usr/java/packages/lib/amd64:/usr/lib64:/lib64:/lib:/usr/lib"/>
    <property name="java.vm.info" value="mixed mode"/>
    <property name="java.vendor" value="IcedTea"/>
    <property name="java.vm.version" value="25.212-b04"/>
    <property name="java.ext.dirs" value="/usr/lib/jvm/java-1.8-openjdk/jre/lib/ext:/usr/java/packages/lib/ext"/>
    <property name="sun.io.unicode.encoding" value="UnicodeLittle"/>
    <property name="java.class.version" value="52.0"/>
  </properties>
  <testcase name="testBlockDeletion" classname="org.apache.hadoop.ozone.container.common.statemachine.commandhandler.TestBlockDeletion" time="93.331">
    <failure message="expected null, but was:&lt;[B@36aa52d2&gt;" type="java.lang.AssertionError"><![CDATA[java.lang.AssertionError: expected null, but was:<[B@36aa52d2>
	at org.junit.Assert.fail(Assert.java:88)
	at org.junit.Assert.failNotNull(Assert.java:664)
	at org.junit.Assert.assertNull(Assert.java:646)
	at org.junit.Assert.assertNull(Assert.java:656)
	at org.apache.hadoop.ozone.container.common.statemachine.commandhandler.TestBlockDeletion.lambda$verifyBlocksDeleted$5(TestBlockDeletion.java:334)
	at org.apache.hadoop.ozone.OzoneTestUtils.performOperationOnKeyContainers(OzoneTestUtils.java:96)
	at org.apache.hadoop.ozone.container.common.statemachine.commandhandler.TestBlockDeletion.verifyBlocksDeleted(TestBlockDeletion.java:328)
	at org.apache.hadoop.ozone.container.common.statemachine.commandhandler.TestBlockDeletion.testBlockDeletion(TestBlockDeletion.java:188)
	at sun.reflect.NativeMethodAccessorImpl.invoke0(Native Method)
	at sun.reflect.NativeMethodAccessorImpl.invoke(NativeMethodAccessorImpl.java:62)
	at sun.reflect.DelegatingMethodAccessorImpl.invoke(DelegatingMethodAccessorImpl.java:43)
	at java.lang.reflect.Method.invoke(Method.java:498)
	at org.junit.runners.model.FrameworkMethod$1.runReflectiveCall(FrameworkMethod.java:47)
	at org.junit.internal.runners.model.ReflectiveCallable.run(ReflectiveCallable.java:12)
	at org.junit.runners.model.FrameworkMethod.invokeExplosively(FrameworkMethod.java:44)
	at org.junit.internal.runners.statements.InvokeMethod.evaluate(InvokeMethod.java:17)
	at org.junit.runners.ParentRunner.runLeaf(ParentRunner.java:271)
	at org.junit.runners.BlockJUnit4ClassRunner.runChild(BlockJUnit4ClassRunner.java:70)
	at org.junit.runners.BlockJUnit4ClassRunner.runChild(BlockJUnit4ClassRunner.java:50)
	at org.junit.runners.ParentRunner$3.run(ParentRunner.java:238)
	at org.junit.runners.ParentRunner$1.schedule(ParentRunner.java:63)
	at org.junit.runners.ParentRunner.runChildren(ParentRunner.java:236)
	at org.junit.runners.ParentRunner.access$000(ParentRunner.java:53)
	at org.junit.runners.ParentRunner$2.evaluate(ParentRunner.java:229)
	at org.junit.internal.runners.statements.RunBefores.evaluate(RunBefores.java:26)
	at org.junit.runners.ParentRunner.run(ParentRunner.java:309)
	at org.apache.maven.surefire.junit4.JUnit4Provider.execute(JUnit4Provider.java:365)
	at org.apache.maven.surefire.junit4.JUnit4Provider.executeWithRerun(JUnit4Provider.java:273)
	at org.apache.maven.surefire.junit4.JUnit4Provider.executeTestSet(JUnit4Provider.java:238)
	at org.apache.maven.surefire.junit4.JUnit4Provider.invoke(JUnit4Provider.java:159)
	at org.apache.maven.surefire.booter.ForkedBooter.invokeProviderInSameClassLoader(ForkedBooter.java:384)
	at org.apache.maven.surefire.booter.ForkedBooter.runSuitesInProcess(ForkedBooter.java:345)
	at org.apache.maven.surefire.booter.ForkedBooter.execute(ForkedBooter.java:126)
	at org.apache.maven.surefire.booter.ForkedBooter.main(ForkedBooter.java:418)
]]></failure>
    <system-out><![CDATA[2019-08-30 23:39:27,292 [main] WARN  server.ServerUtils (ServerUtils.java:getScmDbDir(145)) - ozone.scm.db.dirs is not configured. We recommend adding this setting. Falling back to ozone.metadata.dirs instead.
2019-08-30 23:39:27,403 [main] WARN  server.ServerUtils (ServerUtils.java:getScmDbDir(145)) - ozone.scm.db.dirs is not configured. We recommend adding this setting. Falling back to ozone.metadata.dirs instead.
2019-08-30 23:39:27,407 [main] WARN  server.ServerUtils (ServerUtils.java:getScmDbDir(145)) - ozone.scm.db.dirs is not configured. We recommend adding this setting. Falling back to ozone.metadata.dirs instead.
2019-08-30 23:39:27,424 [main] INFO  util.log (Log.java:initialized(192)) - Logging initialized @916ms
2019-08-30 23:39:27,528 [main] INFO  db.DBStoreBuilder (DBStoreBuilder.java:addTable(110)) - using custom profile for table: deletedBlocks
2019-08-30 23:39:27,529 [main] INFO  db.DBStoreBuilder (DBStoreBuilder.java:processTables(161)) - Using default column profile:DBProfile.DISK for Table:deletedBlocks
2019-08-30 23:39:27,529 [main] INFO  db.DBStoreBuilder (DBStoreBuilder.java:addTable(110)) - using custom profile for table: validCerts
2019-08-30 23:39:27,529 [main] INFO  db.DBStoreBuilder (DBStoreBuilder.java:processTables(161)) - Using default column profile:DBProfile.DISK for Table:validCerts
2019-08-30 23:39:27,530 [main] INFO  db.DBStoreBuilder (DBStoreBuilder.java:addTable(110)) - using custom profile for table: revokedCerts
2019-08-30 23:39:27,530 [main] INFO  db.DBStoreBuilder (DBStoreBuilder.java:processTables(161)) - Using default column profile:DBProfile.DISK for Table:revokedCerts
2019-08-30 23:39:27,545 [main] INFO  db.DBStoreBuilder (DBStoreBuilder.java:addTable(110)) - using custom profile for table: default
2019-08-30 23:39:27,546 [main] INFO  db.DBStoreBuilder (DBStoreBuilder.java:processTables(167)) - Using default column profile:DBProfile.DISK for Table:default
2019-08-30 23:39:27,547 [main] INFO  db.DBStoreBuilder (DBStoreBuilder.java:getDbProfile(198)) - Using default options. DBProfile.DISK
2019-08-30 23:39:27,866 [main] INFO  net.NodeSchemaLoader (NodeSchemaLoader.java:loadSchemaFromFile(125)) - Loading file from sun.misc.CompoundEnumeration@3e694b3f
2019-08-30 23:39:27,867 [main] INFO  net.NodeSchemaLoader (NodeSchemaLoader.java:loadSchema(171)) - Loading network topology layer schema file
2019-08-30 23:39:27,942 [main] INFO  node.SCMNodeManager (SCMNodeManager.java:<init>(114)) - Entering startup safe mode.
2019-08-30 23:39:28,018 [main] INFO  algorithms.ContainerPlacementPolicyFactory (ContainerPlacementPolicyFactory.java:getPolicy(55)) - Create container placement policy of type org.apache.hadoop.hdds.scm.container.placement.algorithms.SCMContainerPlacementRandom
2019-08-30 23:39:28,033 [main] WARN  server.ServerUtils (ServerUtils.java:getScmDbDir(145)) - ozone.scm.db.dirs is not configured. We recommend adding this setting. Falling back to ozone.metadata.dirs instead.
2019-08-30 23:39:28,413 [main] INFO  pipeline.SCMPipelineManager (SCMPipelineManager.java:initializePipelineState(126)) - No pipeline exists in current db
2019-08-30 23:39:28,417 [main] WARN  server.ServerUtils (ServerUtils.java:getScmDbDir(145)) - ozone.scm.db.dirs is not configured. We recommend adding this setting. Falling back to ozone.metadata.dirs instead.
2019-08-30 23:39:28,576 [main] WARN  events.EventQueue (EventQueue.java:fireEvent(183)) - No event handler registered for event TypedEvent{payloadType=SafeModeStatus, name='SafeModeStatus'}
2019-08-30 23:39:28,984 [main] INFO  ipc.CallQueueManager (CallQueueManager.java:<init>(84)) - Using callQueue: class java.util.concurrent.LinkedBlockingQueue, queueCapacity: 2000, scheduler: class org.apache.hadoop.ipc.DefaultRpcScheduler, ipcBackoff: false.
2019-08-30 23:39:29,021 [Socket Reader #1 for port 43891] INFO  ipc.Server (Server.java:run(1074)) - Starting Socket Reader #1 for port 43891
2019-08-30 23:39:29,221 [main] INFO  ipc.CallQueueManager (CallQueueManager.java:<init>(84)) - Using callQueue: class java.util.concurrent.LinkedBlockingQueue, queueCapacity: 2000, scheduler: class org.apache.hadoop.ipc.DefaultRpcScheduler, ipcBackoff: false.
2019-08-30 23:39:29,223 [Socket Reader #1 for port 45765] INFO  ipc.Server (Server.java:run(1074)) - Starting Socket Reader #1 for port 45765
2019-08-30 23:39:29,233 [main] INFO  ipc.CallQueueManager (CallQueueManager.java:<init>(84)) - Using callQueue: class java.util.concurrent.LinkedBlockingQueue, queueCapacity: 2000, scheduler: class org.apache.hadoop.ipc.DefaultRpcScheduler, ipcBackoff: false.
2019-08-30 23:39:29,234 [Socket Reader #1 for port 41600] INFO  ipc.Server (Server.java:run(1074)) - Starting Socket Reader #1 for port 41600
2019-08-30 23:39:29,260 [main] INFO  hdfs.DFSUtil (DFSUtil.java:httpServerTemplateForNNAndJN(1641)) - Starting Web-server for scm at: http://0.0.0.0:0
2019-08-30 23:39:29,446 [main] INFO  server.AuthenticationFilter (AuthenticationFilter.java:constructSecretProvider(240)) - Unable to initialize FileSignerSecretProvider, falling back to use random secrets.
2019-08-30 23:39:29,455 [main] WARN  http.HttpRequestLog (HttpRequestLog.java:getRequestLog(97)) - Jetty request log can only be enabled using Log4j
2019-08-30 23:39:29,464 [main] INFO  http.HttpServer2 (HttpServer2.java:addGlobalFilter(975)) - Added global filter 'safety' (class=org.apache.hadoop.http.HttpServer2$QuotingInputFilter)
2019-08-30 23:39:29,467 [main] INFO  http.HttpServer2 (HttpServer2.java:addFilter(948)) - Added filter static_user_filter (class=org.apache.hadoop.http.lib.StaticUserWebFilter$StaticUserFilter) to context scm
2019-08-30 23:39:29,467 [main] INFO  http.HttpServer2 (HttpServer2.java:addFilter(958)) - Added filter static_user_filter (class=org.apache.hadoop.http.lib.StaticUserWebFilter$StaticUserFilter) to context static
2019-08-30 23:39:29,467 [main] INFO  http.HttpServer2 (HttpServer2.java:addFilter(958)) - Added filter static_user_filter (class=org.apache.hadoop.http.lib.StaticUserWebFilter$StaticUserFilter) to context logs
2019-08-30 23:39:29,503 [main] INFO  server.StorageContainerManager (StorageContainerManager.java:start(759)) - StorageContainerLocationProtocol RPC server is listening at /0.0.0.0:41600
2019-08-30 23:39:29,571 [main] WARN  impl.MetricsConfig (MetricsConfig.java:loadFirst(134)) - Cannot locate configuration: tried hadoop-metrics2-storagecontainermanager.properties,hadoop-metrics2.properties
2019-08-30 23:39:29,586 [main] INFO  impl.MetricsSystemImpl (MetricsSystemImpl.java:startTimer(374)) - Scheduled Metric snapshot period at 10 second(s).
2019-08-30 23:39:29,586 [main] INFO  impl.MetricsSystemImpl (MetricsSystemImpl.java:start(191)) - StorageContainerManager metrics system started
2019-08-30 23:39:29,838 [main] INFO  server.SCMClientProtocolServer (SCMClientProtocolServer.java:start(151)) - RPC server for Client  is listening at /0.0.0.0:41600
2019-08-30 23:39:29,838 [IPC Server Responder] INFO  ipc.Server (Server.java:run(1314)) - IPC Server Responder: starting
2019-08-30 23:39:29,838 [IPC Server listener on 41600] INFO  ipc.Server (Server.java:run(1153)) - IPC Server listener on 41600: starting
2019-08-30 23:39:29,841 [main] INFO  server.StorageContainerManager (StorageContainerManager.java:start(769)) - ScmBlockLocationProtocol RPC server is listening at /0.0.0.0:45765
2019-08-30 23:39:29,843 [main] INFO  server.SCMBlockProtocolServer (SCMBlockProtocolServer.java:start(146)) - RPC server for Block Protocol is listening at /0.0.0.0:45765
2019-08-30 23:39:29,843 [IPC Server Responder] INFO  ipc.Server (Server.java:run(1314)) - IPC Server Responder: starting
2019-08-30 23:39:29,843 [IPC Server listener on 45765] INFO  ipc.Server (Server.java:run(1153)) - IPC Server listener on 45765: starting
2019-08-30 23:39:29,846 [main] INFO  server.StorageContainerManager (StorageContainerManager.java:start(773)) - ScmDatanodeProtocl RPC server is listening at /0.0.0.0:43891
2019-08-30 23:39:29,846 [main] INFO  server.SCMDatanodeProtocolServer (SCMDatanodeProtocolServer.java:start(191)) - RPC server for DataNodes is listening at /0.0.0.0:43891
2019-08-30 23:39:29,846 [IPC Server Responder] INFO  ipc.Server (Server.java:run(1314)) - IPC Server Responder: starting
2019-08-30 23:39:29,846 [IPC Server listener on 43891] INFO  ipc.Server (Server.java:run(1153)) - IPC Server listener on 43891: starting
2019-08-30 23:39:29,850 [main] INFO  http.HttpServer2 (HttpServer2.java:bindListener(1191)) - Jetty bound to port 44056
2019-08-30 23:39:29,852 [main] INFO  server.Server (Server.java:doStart(351)) - jetty-9.3.24.v20180605, build timestamp: 2018-06-05T17:11:56Z, git hash: 84205aa28f11a4f31f2a3b86d1bba2cc8ab69827
2019-08-30 23:39:29,889 [main] INFO  handler.ContextHandler (ContextHandler.java:doStart(781)) - Started o.e.j.s.ServletContextHandler@45815ffc{/logs,file:///workdir/hadoop-ozone/integration-test/target/log,AVAILABLE}
2019-08-30 23:39:29,890 [main] INFO  handler.ContextHandler (ContextHandler.java:doStart(781)) - Started o.e.j.s.ServletContextHandler@d3957fe{/static,file:///workdir/hadoop-ozone/integration-test/target/test-classes/webapps/static,AVAILABLE}
2019-08-30 23:39:29,949 [main] INFO  handler.ContextHandler (ContextHandler.java:doStart(781)) - Started o.e.j.w.WebAppContext@4cc547a{/,file:///workdir/hadoop-ozone/integration-test/target/test-classes/webapps/scm/,AVAILABLE}{/scm}
2019-08-30 23:39:29,957 [main] INFO  server.AbstractConnector (AbstractConnector.java:doStart(278)) - Started ServerConnector@3574e198{HTTP/1.1,[http/1.1]}{0.0.0.0:44056}
2019-08-30 23:39:29,957 [main] INFO  server.Server (Server.java:doStart(419)) - Started @3449ms
2019-08-30 23:39:29,960 [main] INFO  impl.MetricsSinkAdapter (MetricsSinkAdapter.java:start(204)) - Sink prometheus started
2019-08-30 23:39:29,961 [main] INFO  impl.MetricsSystemImpl (MetricsSystemImpl.java:registerSink(301)) - Registered sink prometheus
2019-08-30 23:39:29,962 [main] INFO  server.BaseHttpServer (BaseHttpServer.java:updateConnectorAddress(215)) - HTTP server of SCM is listening at http://0.0.0.0:44056
2019-08-30 23:39:29,968 [SCMBlockDeletingService#1] DEBUG block.SCMBlockDeletingService (SCMBlockDeletingService.java:call(138)) - Running DeletedBlockTransactionScanner
2019-08-30 23:39:29,971 [org.apache.hadoop.util.JvmPauseMonitor$Monitor@67427b69] INFO  util.JvmPauseMonitor (JvmPauseMonitor.java:run(188)) - Starting JVM pause monitor
2019-08-30 23:39:29,976 [main] WARN  server.ServerUtils (ServerUtils.java:getDBPath(222)) - ozone.om.db.dirs is not configured. We recommend adding this setting. Falling back to ozone.metadata.dirs instead.
2019-08-30 23:39:29,979 [SCMBlockDeletingService#1] DEBUG block.SCMBlockDeletingService (SCMBlockDeletingService.java:call(155)) - Scanned deleted blocks log and got 0 delTX to process.
2019-08-30 23:39:30,081 [SCMBlockDeletingService#1] DEBUG block.SCMBlockDeletingService (SCMBlockDeletingService.java:call(138)) - Running DeletedBlockTransactionScanner
2019-08-30 23:39:30,081 [SCMBlockDeletingService#1] DEBUG block.SCMBlockDeletingService (SCMBlockDeletingService.java:call(155)) - Scanned deleted blocks log and got 0 delTX to process.
2019-08-30 23:39:30,138 [main] WARN  server.ServerUtils (ServerUtils.java:getDBPath(222)) - ozone.om.db.dirs is not configured. We recommend adding this setting. Falling back to ozone.metadata.dirs instead.
2019-08-30 23:39:30,138 [main] WARN  server.ServerUtils (ServerUtils.java:getDBPath(222)) - ozone.om.db.dirs is not configured. We recommend adding this setting. Falling back to ozone.metadata.dirs instead.
2019-08-30 23:39:30,139 [main] INFO  om.OzoneManager (OzoneManager.java:setOMNodeDetails(649)) - OM Service ID is not set. Setting it to the default ID: omServiceIdDefault
2019-08-30 23:39:30,140 [main] INFO  om.OzoneManager (OzoneManager.java:setOMNodeDetails(655)) - OM Node ID is not set. Setting it to the OmStorage's OmID: 704a9d7b-23df-4729-b855-9539d93700ad
2019-08-30 23:39:30,141 [main] INFO  om.OzoneManager (OzoneManager.java:loadOMHAConfigs(606)) - Found matching OM address with OMServiceId: null, OMNodeId: null, RPC Address: localhost:0 and Ratis port: 9872
2019-08-30 23:39:30,182 [SCMBlockDeletingService#1] DEBUG block.SCMBlockDeletingService (SCMBlockDeletingService.java:call(138)) - Running DeletedBlockTransactionScanner
2019-08-30 23:39:30,183 [SCMBlockDeletingService#1] DEBUG block.SCMBlockDeletingService (SCMBlockDeletingService.java:call(155)) - Scanned deleted blocks log and got 0 delTX to process.
2019-08-30 23:39:30,283 [SCMBlockDeletingService#1] DEBUG block.SCMBlockDeletingService (SCMBlockDeletingService.java:call(138)) - Running DeletedBlockTransactionScanner
2019-08-30 23:39:30,284 [SCMBlockDeletingService#1] DEBUG block.SCMBlockDeletingService (SCMBlockDeletingService.java:call(155)) - Scanned deleted blocks log and got 0 delTX to process.
2019-08-30 23:39:30,385 [SCMBlockDeletingService#1] DEBUG block.SCMBlockDeletingService (SCMBlockDeletingService.java:call(138)) - Running DeletedBlockTransactionScanner
2019-08-30 23:39:30,385 [SCMBlockDeletingService#1] DEBUG block.SCMBlockDeletingService (SCMBlockDeletingService.java:call(155)) - Scanned deleted blocks log and got 0 delTX to process.
2019-08-30 23:39:30,486 [SCMBlockDeletingService#1] DEBUG block.SCMBlockDeletingService (SCMBlockDeletingService.java:call(138)) - Running DeletedBlockTransactionScanner
2019-08-30 23:39:30,486 [SCMBlockDeletingService#1] DEBUG block.SCMBlockDeletingService (SCMBlockDeletingService.java:call(155)) - Scanned deleted blocks log and got 0 delTX to process.
2019-08-30 23:39:30,587 [SCMBlockDeletingService#0] DEBUG block.SCMBlockDeletingService (SCMBlockDeletingService.java:call(138)) - Running DeletedBlockTransactionScanner
2019-08-30 23:39:30,587 [SCMBlockDeletingService#0] DEBUG block.SCMBlockDeletingService (SCMBlockDeletingService.java:call(155)) - Scanned deleted blocks log and got 0 delTX to process.
2019-08-30 23:39:30,688 [SCMBlockDeletingService#0] DEBUG block.SCMBlockDeletingService (SCMBlockDeletingService.java:call(138)) - Running DeletedBlockTransactionScanner
2019-08-30 23:39:30,688 [SCMBlockDeletingService#0] DEBUG block.SCMBlockDeletingService (SCMBlockDeletingService.java:call(155)) - Scanned deleted blocks log and got 0 delTX to process.
2019-08-30 23:39:30,789 [SCMBlockDeletingService#1] DEBUG block.SCMBlockDeletingService (SCMBlockDeletingService.java:call(138)) - Running DeletedBlockTransactionScanner
2019-08-30 23:39:30,789 [SCMBlockDeletingService#1] DEBUG block.SCMBlockDeletingService (SCMBlockDeletingService.java:call(155)) - Scanned deleted blocks log and got 0 delTX to process.
2019-08-30 23:39:30,890 [SCMBlockDeletingService#1] DEBUG block.SCMBlockDeletingService (SCMBlockDeletingService.java:call(138)) - Running DeletedBlockTransactionScanner
2019-08-30 23:39:30,890 [SCMBlockDeletingService#1] DEBUG block.SCMBlockDeletingService (SCMBlockDeletingService.java:call(155)) - Scanned deleted blocks log and got 0 delTX to process.
2019-08-30 23:39:30,893 [main] WARN  server.ServerUtils (ServerUtils.java:getDBPath(222)) - ozone.om.db.dirs is not configured. We recommend adding this setting. Falling back to ozone.metadata.dirs instead.
2019-08-30 23:39:30,900 [main] INFO  db.DBStoreBuilder (DBStoreBuilder.java:addTable(110)) - using custom profile for table: userTable
2019-08-30 23:39:30,900 [main] INFO  db.DBStoreBuilder (DBStoreBuilder.java:processTables(161)) - Using default column profile:DBProfile.DISK for Table:userTable
2019-08-30 23:39:30,900 [main] INFO  db.DBStoreBuilder (DBStoreBuilder.java:addTable(110)) - using custom profile for table: volumeTable
2019-08-30 23:39:30,901 [main] INFO  db.DBStoreBuilder (DBStoreBuilder.java:processTables(161)) - Using default column profile:DBProfile.DISK for Table:volumeTable
2019-08-30 23:39:30,901 [main] INFO  db.DBStoreBuilder (DBStoreBuilder.java:addTable(110)) - using custom profile for table: bucketTable
2019-08-30 23:39:30,901 [main] INFO  db.DBStoreBuilder (DBStoreBuilder.java:processTables(161)) - Using default column profile:DBProfile.DISK for Table:bucketTable
2019-08-30 23:39:30,901 [main] INFO  db.DBStoreBuilder (DBStoreBuilder.java:addTable(110)) - using custom profile for table: keyTable
2019-08-30 23:39:30,902 [main] INFO  db.DBStoreBuilder (DBStoreBuilder.java:processTables(161)) - Using default column profile:DBProfile.DISK for Table:keyTable
2019-08-30 23:39:30,902 [main] INFO  db.DBStoreBuilder (DBStoreBuilder.java:addTable(110)) - using custom profile for table: deletedTable
2019-08-30 23:39:30,902 [main] INFO  db.DBStoreBuilder (DBStoreBuilder.java:processTables(161)) - Using default column profile:DBProfile.DISK for Table:deletedTable
2019-08-30 23:39:30,902 [main] INFO  db.DBStoreBuilder (DBStoreBuilder.java:addTable(110)) - using custom profile for table: openKeyTable
2019-08-30 23:39:30,902 [main] INFO  db.DBStoreBuilder (DBStoreBuilder.java:processTables(161)) - Using default column profile:DBProfile.DISK for Table:openKeyTable
2019-08-30 23:39:30,903 [main] INFO  db.DBStoreBuilder (DBStoreBuilder.java:addTable(110)) - using custom profile for table: s3Table
2019-08-30 23:39:30,903 [main] INFO  db.DBStoreBuilder (DBStoreBuilder.java:processTables(161)) - Using default column profile:DBProfile.DISK for Table:s3Table
2019-08-30 23:39:30,903 [main] INFO  db.DBStoreBuilder (DBStoreBuilder.java:addTable(110)) - using custom profile for table: multipartInfoTable
2019-08-30 23:39:30,903 [main] INFO  db.DBStoreBuilder (DBStoreBuilder.java:processTables(161)) - Using default column profile:DBProfile.DISK for Table:multipartInfoTable
2019-08-30 23:39:30,904 [main] INFO  db.DBStoreBuilder (DBStoreBuilder.java:addTable(110)) - using custom profile for table: dTokenTable
2019-08-30 23:39:30,904 [main] INFO  db.DBStoreBuilder (DBStoreBuilder.java:processTables(161)) - Using default column profile:DBProfile.DISK for Table:dTokenTable
2019-08-30 23:39:30,904 [main] INFO  db.DBStoreBuilder (DBStoreBuilder.java:addTable(110)) - using custom profile for table: s3SecretTable
2019-08-30 23:39:30,904 [main] INFO  db.DBStoreBuilder (DBStoreBuilder.java:processTables(161)) - Using default column profile:DBProfile.DISK for Table:s3SecretTable
2019-08-30 23:39:30,904 [main] INFO  db.DBStoreBuilder (DBStoreBuilder.java:addTable(110)) - using custom profile for table: prefixTable
2019-08-30 23:39:30,905 [main] INFO  db.DBStoreBuilder (DBStoreBuilder.java:processTables(161)) - Using default column profile:DBProfile.DISK for Table:prefixTable
2019-08-30 23:39:30,905 [main] INFO  db.DBStoreBuilder (DBStoreBuilder.java:addTable(110)) - using custom profile for table: default
2019-08-30 23:39:30,905 [main] INFO  db.DBStoreBuilder (DBStoreBuilder.java:processTables(167)) - Using default column profile:DBProfile.DISK for Table:default
2019-08-30 23:39:30,905 [main] INFO  db.DBStoreBuilder (DBStoreBuilder.java:getDbProfile(198)) - Using default options. DBProfile.DISK
2019-08-30 23:39:30,991 [SCMBlockDeletingService#1] DEBUG block.SCMBlockDeletingService (SCMBlockDeletingService.java:call(138)) - Running DeletedBlockTransactionScanner
2019-08-30 23:39:30,991 [SCMBlockDeletingService#1] DEBUG block.SCMBlockDeletingService (SCMBlockDeletingService.java:call(155)) - Scanned deleted blocks log and got 0 delTX to process.
2019-08-30 23:39:31,092 [SCMBlockDeletingService#1] DEBUG block.SCMBlockDeletingService (SCMBlockDeletingService.java:call(138)) - Running DeletedBlockTransactionScanner
2019-08-30 23:39:31,093 [SCMBlockDeletingService#1] DEBUG block.SCMBlockDeletingService (SCMBlockDeletingService.java:call(155)) - Scanned deleted blocks log and got 0 delTX to process.
2019-08-30 23:39:31,194 [SCMBlockDeletingService#1] DEBUG block.SCMBlockDeletingService (SCMBlockDeletingService.java:call(138)) - Running DeletedBlockTransactionScanner
2019-08-30 23:39:31,194 [SCMBlockDeletingService#1] DEBUG block.SCMBlockDeletingService (SCMBlockDeletingService.java:call(155)) - Scanned deleted blocks log and got 0 delTX to process.
2019-08-30 23:39:31,295 [SCMBlockDeletingService#1] DEBUG block.SCMBlockDeletingService (SCMBlockDeletingService.java:call(138)) - Running DeletedBlockTransactionScanner
2019-08-30 23:39:31,295 [SCMBlockDeletingService#1] DEBUG block.SCMBlockDeletingService (SCMBlockDeletingService.java:call(155)) - Scanned deleted blocks log and got 0 delTX to process.
2019-08-30 23:39:31,396 [SCMBlockDeletingService#1] DEBUG block.SCMBlockDeletingService (SCMBlockDeletingService.java:call(138)) - Running DeletedBlockTransactionScanner
2019-08-30 23:39:31,396 [SCMBlockDeletingService#1] DEBUG block.SCMBlockDeletingService (SCMBlockDeletingService.java:call(155)) - Scanned deleted blocks log and got 0 delTX to process.
2019-08-30 23:39:31,497 [SCMBlockDeletingService#1] DEBUG block.SCMBlockDeletingService (SCMBlockDeletingService.java:call(138)) - Running DeletedBlockTransactionScanner
2019-08-30 23:39:31,497 [SCMBlockDeletingService#1] DEBUG block.SCMBlockDeletingService (SCMBlockDeletingService.java:call(155)) - Scanned deleted blocks log and got 0 delTX to process.
2019-08-30 23:39:31,598 [SCMBlockDeletingService#0] DEBUG block.SCMBlockDeletingService (SCMBlockDeletingService.java:call(138)) - Running DeletedBlockTransactionScanner
2019-08-30 23:39:31,598 [SCMBlockDeletingService#0] DEBUG block.SCMBlockDeletingService (SCMBlockDeletingService.java:call(155)) - Scanned deleted blocks log and got 0 delTX to process.
2019-08-30 23:39:31,635 [main] INFO  ipc.CallQueueManager (CallQueueManager.java:<init>(84)) - Using callQueue: class java.util.concurrent.LinkedBlockingQueue, queueCapacity: 2000, scheduler: class org.apache.hadoop.ipc.DefaultRpcScheduler, ipcBackoff: false.
2019-08-30 23:39:31,636 [Socket Reader #1 for port 45908] INFO  ipc.Server (Server.java:run(1074)) - Starting Socket Reader #1 for port 45908
2019-08-30 23:39:31,660 [main] INFO  om.OzoneManager (OzoneManager.java:start(1240)) - OzoneManager RPC server is listening at localhost/127.0.0.1:45908
2019-08-30 23:39:31,660 [main] INFO  impl.MetricsSystemImpl (MetricsSystemImpl.java:init(158)) - OzoneManager metrics system started (again)
2019-08-30 23:39:31,662 [IPC Server Responder] INFO  ipc.Server (Server.java:run(1314)) - IPC Server Responder: starting
2019-08-30 23:39:31,662 [IPC Server listener on 45908] INFO  ipc.Server (Server.java:run(1153)) - IPC Server listener on 45908: starting
2019-08-30 23:39:31,668 [main] INFO  hdfs.DFSUtil (DFSUtil.java:httpServerTemplateForNNAndJN(1641)) - Starting Web-server for ozoneManager at: http://0.0.0.0:0
2019-08-30 23:39:31,671 [main] INFO  server.AuthenticationFilter (AuthenticationFilter.java:constructSecretProvider(240)) - Unable to initialize FileSignerSecretProvider, falling back to use random secrets.
2019-08-30 23:39:31,671 [main] WARN  http.HttpRequestLog (HttpRequestLog.java:getRequestLog(97)) - Jetty request log can only be enabled using Log4j
2019-08-30 23:39:31,675 [main] INFO  http.HttpServer2 (HttpServer2.java:addGlobalFilter(975)) - Added global filter 'safety' (class=org.apache.hadoop.http.HttpServer2$QuotingInputFilter)
2019-08-30 23:39:31,677 [main] INFO  http.HttpServer2 (HttpServer2.java:addFilter(948)) - Added filter static_user_filter (class=org.apache.hadoop.http.lib.StaticUserWebFilter$StaticUserFilter) to context ozoneManager
2019-08-30 23:39:31,677 [main] INFO  http.HttpServer2 (HttpServer2.java:addFilter(958)) - Added filter static_user_filter (class=org.apache.hadoop.http.lib.StaticUserWebFilter$StaticUserFilter) to context logs
2019-08-30 23:39:31,677 [main] INFO  http.HttpServer2 (HttpServer2.java:addFilter(958)) - Added filter static_user_filter (class=org.apache.hadoop.http.lib.StaticUserWebFilter$StaticUserFilter) to context static
2019-08-30 23:39:31,680 [main] INFO  http.HttpServer2 (HttpServer2.java:bindListener(1191)) - Jetty bound to port 46466
2019-08-30 23:39:31,681 [main] INFO  server.Server (Server.java:doStart(351)) - jetty-9.3.24.v20180605, build timestamp: 2018-06-05T17:11:56Z, git hash: 84205aa28f11a4f31f2a3b86d1bba2cc8ab69827
2019-08-30 23:39:31,684 [main] INFO  handler.ContextHandler (ContextHandler.java:doStart(781)) - Started o.e.j.s.ServletContextHandler@1bc425e7{/logs,file:///workdir/hadoop-ozone/integration-test/target/log,AVAILABLE}
2019-08-30 23:39:31,685 [main] INFO  handler.ContextHandler (ContextHandler.java:doStart(781)) - Started o.e.j.s.ServletContextHandler@322803db{/static,file:///workdir/hadoop-ozone/integration-test/target/test-classes/webapps/static,AVAILABLE}
2019-08-30 23:39:31,692 [main] INFO  handler.ContextHandler (ContextHandler.java:doStart(781)) - Started o.e.j.w.WebAppContext@4d0b0fd4{/,file:///workdir/hadoop-ozone/integration-test/target/test-classes/webapps/ozoneManager/,AVAILABLE}{/ozoneManager}
2019-08-30 23:39:31,694 [main] INFO  server.AbstractConnector (AbstractConnector.java:doStart(278)) - Started ServerConnector@7a24eb3{HTTP/1.1,[http/1.1]}{0.0.0.0:46466}
2019-08-30 23:39:31,695 [main] INFO  server.Server (Server.java:doStart(419)) - Started @5187ms
2019-08-30 23:39:31,695 [main] WARN  impl.MetricsSystemImpl (MetricsSystemImpl.java:register(276)) - Sink prometheus already exists!
2019-08-30 23:39:31,696 [main] INFO  server.BaseHttpServer (BaseHttpServer.java:updateConnectorAddress(215)) - HTTP server of OZONEMANAGER is listening at http://0.0.0.0:46466
2019-08-30 23:39:31,699 [SCMBlockDeletingService#0] DEBUG block.SCMBlockDeletingService (SCMBlockDeletingService.java:call(138)) - Running DeletedBlockTransactionScanner
2019-08-30 23:39:31,699 [SCMBlockDeletingService#0] DEBUG block.SCMBlockDeletingService (SCMBlockDeletingService.java:call(155)) - Scanned deleted blocks log and got 0 delTX to process.
2019-08-30 23:39:31,918 [SCMBlockDeletingService#0] DEBUG block.SCMBlockDeletingService (SCMBlockDeletingService.java:call(138)) - Running DeletedBlockTransactionScanner
2019-08-30 23:39:31,919 [SCMBlockDeletingService#0] DEBUG block.SCMBlockDeletingService (SCMBlockDeletingService.java:call(155)) - Scanned deleted blocks log and got 0 delTX to process.
2019-08-30 23:39:32,019 [SCMBlockDeletingService#1] DEBUG block.SCMBlockDeletingService (SCMBlockDeletingService.java:call(138)) - Running DeletedBlockTransactionScanner
2019-08-30 23:39:32,020 [SCMBlockDeletingService#1] DEBUG block.SCMBlockDeletingService (SCMBlockDeletingService.java:call(155)) - Scanned deleted blocks log and got 0 delTX to process.
2019-08-30 23:39:32,021 [main] INFO  impl.MetricsSystemImpl (MetricsSystemImpl.java:init(158)) - HddsDatanode metrics system started (again)
2019-08-30 23:39:32,067 [main] INFO  ozone.HddsDatanodeService (HddsDatanodeService.java:start(184)) - HddsDatanodeService host:pr-hdds-1909-plfbr-3209385976 ip:192.168.36.88
2019-08-30 23:39:32,098 [main] INFO  volume.HddsVolume (HddsVolume.java:<init>(176)) - Creating Volume: /workdir/hadoop-ozone/integration-test/target/test-dir/MiniOzoneClusterImpl-114e42e4-73b4-4267-990c-8675b38dec53/datanode-0/data/containers/hdds of  storage type : DISK and capacity : 1482555576320
2019-08-30 23:39:32,100 [main] INFO  volume.VolumeSet (VolumeSet.java:initializeVolumeSet(170)) - Added Volume : /workdir/hadoop-ozone/integration-test/target/test-dir/MiniOzoneClusterImpl-114e42e4-73b4-4267-990c-8675b38dec53/datanode-0/data/containers/hdds to VolumeSet
2019-08-30 23:39:32,102 [main] INFO  volume.ThrottledAsyncChecker (ThrottledAsyncChecker.java:schedule(140)) - Scheduling a check for org.apache.hadoop.ozone.container.common.volume.HddsVolume@b8e246c
2019-08-30 23:39:32,118 [main] INFO  volume.HddsVolumeChecker (HddsVolumeChecker.java:checkAllVolumes(203)) - Scheduled health check for volume org.apache.hadoop.ozone.container.common.volume.HddsVolume@b8e246c
2019-08-30 23:39:32,120 [SCMBlockDeletingService#1] DEBUG block.SCMBlockDeletingService (SCMBlockDeletingService.java:call(138)) - Running DeletedBlockTransactionScanner
2019-08-30 23:39:32,121 [SCMBlockDeletingService#1] DEBUG block.SCMBlockDeletingService (SCMBlockDeletingService.java:call(155)) - Scanned deleted blocks log and got 0 delTX to process.
2019-08-30 23:39:32,212 [main] INFO  impl.RaftServerProxy (ConfUtils.java:logGet(43)) - raft.rpc.type = GRPC (default)
2019-08-30 23:39:32,221 [SCMBlockDeletingService#1] DEBUG block.SCMBlockDeletingService (SCMBlockDeletingService.java:call(138)) - Running DeletedBlockTransactionScanner
2019-08-30 23:39:32,222 [SCMBlockDeletingService#1] DEBUG block.SCMBlockDeletingService (SCMBlockDeletingService.java:call(155)) - Scanned deleted blocks log and got 0 delTX to process.
2019-08-30 23:39:32,269 [main] INFO  grpc.GrpcFactory (GrpcFactory.java:checkPooledByteBufAllocatorUseCacheForAllThreads(45)) - PERFORMANCE WARNING: useCacheForAllThreads is true that may cause Netty to create a lot garbage objects and, as a result, trigger GC.
	It is recommended to disable useCacheForAllThreads by setting -Dorg.apache.ratis.thirdparty.io.netty.allocator.useCacheForAllThreads=false in command line.
2019-08-30 23:39:32,273 [main] INFO  grpc.GrpcConfigKeys$Server (ConfUtils.java:logGet(43)) - raft.grpc.server.port = 0 (default)
2019-08-30 23:39:32,274 [main] INFO  server.GrpcService (ConfUtils.java:logGet(43)) - raft.grpc.message.size.max = 33570816 (custom)
2019-08-30 23:39:32,275 [main] INFO  server.RaftServerConfigKeys (ConfUtils.java:logGet(43)) - raft.server.log.appender.buffer.byte-limit = 33554432 (custom)
2019-08-30 23:39:32,275 [main] INFO  server.GrpcService (ConfUtils.java:logGet(43)) - raft.grpc.flow.control.window = 1MB (=1048576) (default)
2019-08-30 23:39:32,276 [main] INFO  server.RaftServerConfigKeys (ConfUtils.java:logGet(43)) - raft.server.rpc.request.timeout = 3000ms (default)
2019-08-30 23:39:32,322 [SCMBlockDeletingService#1] DEBUG block.SCMBlockDeletingService (SCMBlockDeletingService.java:call(138)) - Running DeletedBlockTransactionScanner
2019-08-30 23:39:32,323 [SCMBlockDeletingService#1] DEBUG block.SCMBlockDeletingService (SCMBlockDeletingService.java:call(155)) - Scanned deleted blocks log and got 0 delTX to process.
2019-08-30 23:39:32,407 [main] INFO  server.RaftServerConfigKeys (ConfUtils.java:logGet(43)) - raft.server.storage.dir = [/workdir/hadoop-ozone/integration-test/target/test-dir/MiniOzoneClusterImpl-114e42e4-73b4-4267-990c-8675b38dec53/datanode-0/data/ratis] (custom)
2019-08-30 23:39:32,423 [SCMBlockDeletingService#1] DEBUG block.SCMBlockDeletingService (SCMBlockDeletingService.java:call(138)) - Running DeletedBlockTransactionScanner
2019-08-30 23:39:32,424 [SCMBlockDeletingService#1] DEBUG block.SCMBlockDeletingService (SCMBlockDeletingService.java:call(155)) - Scanned deleted blocks log and got 0 delTX to process.
2019-08-30 23:39:32,451 [main] INFO  hdfs.DFSUtil (DFSUtil.java:httpServerTemplateForNNAndJN(1641)) - Starting Web-server for hddsDatanode at: http://0.0.0.0:0
2019-08-30 23:39:32,454 [main] INFO  server.AuthenticationFilter (AuthenticationFilter.java:constructSecretProvider(240)) - Unable to initialize FileSignerSecretProvider, falling back to use random secrets.
2019-08-30 23:39:32,455 [main] WARN  http.HttpRequestLog (HttpRequestLog.java:getRequestLog(97)) - Jetty request log can only be enabled using Log4j
2019-08-30 23:39:32,458 [main] INFO  http.HttpServer2 (HttpServer2.java:addGlobalFilter(975)) - Added global filter 'safety' (class=org.apache.hadoop.http.HttpServer2$QuotingInputFilter)
2019-08-30 23:39:32,459 [main] INFO  http.HttpServer2 (HttpServer2.java:addFilter(948)) - Added filter static_user_filter (class=org.apache.hadoop.http.lib.StaticUserWebFilter$StaticUserFilter) to context hddsDatanode
2019-08-30 23:39:32,459 [main] INFO  http.HttpServer2 (HttpServer2.java:addFilter(958)) - Added filter static_user_filter (class=org.apache.hadoop.http.lib.StaticUserWebFilter$StaticUserFilter) to context logs
2019-08-30 23:39:32,460 [main] INFO  http.HttpServer2 (HttpServer2.java:addFilter(958)) - Added filter static_user_filter (class=org.apache.hadoop.http.lib.StaticUserWebFilter$StaticUserFilter) to context static
2019-08-30 23:39:32,461 [main] INFO  http.HttpServer2 (HttpServer2.java:bindListener(1191)) - Jetty bound to port 46847
2019-08-30 23:39:32,461 [main] INFO  server.Server (Server.java:doStart(351)) - jetty-9.3.24.v20180605, build timestamp: 2018-06-05T17:11:56Z, git hash: 84205aa28f11a4f31f2a3b86d1bba2cc8ab69827
2019-08-30 23:39:32,464 [main] INFO  handler.ContextHandler (ContextHandler.java:doStart(781)) - Started o.e.j.s.ServletContextHandler@5633ed82{/logs,file:///workdir/hadoop-ozone/integration-test/target/log,AVAILABLE}
2019-08-30 23:39:32,465 [main] INFO  handler.ContextHandler (ContextHandler.java:doStart(781)) - Started o.e.j.s.ServletContextHandler@34d52ecd{/static,jar:file:/home/user/.m2/repository/org/apache/hadoop/hadoop-hdds-container-service/0.5.0-SNAPSHOT/hadoop-hdds-container-service-0.5.0-SNAPSHOT.jar!/webapps/static,AVAILABLE}
2019-08-30 23:39:32,515 [main] INFO  handler.ContextHandler (ContextHandler.java:doStart(781)) - Started o.e.j.w.WebAppContext@35c12c7a{/,file:///tmp/jetty-0.0.0.0-46847-hddsDatanode-_-any-988169460548850507.dir/webapp/,AVAILABLE}{/hddsDatanode}
2019-08-30 23:39:32,517 [main] INFO  server.AbstractConnector (AbstractConnector.java:doStart(278)) - Started ServerConnector@658255aa{HTTP/1.1,[http/1.1]}{0.0.0.0:46847}
2019-08-30 23:39:32,517 [main] INFO  server.Server (Server.java:doStart(419)) - Started @6009ms
2019-08-30 23:39:32,518 [main] WARN  impl.MetricsSystemImpl (MetricsSystemImpl.java:register(276)) - Sink prometheus already exists!
2019-08-30 23:39:32,519 [main] INFO  server.BaseHttpServer (BaseHttpServer.java:updateConnectorAddress(215)) - HTTP server of HDDSDATANODE is listening at http://0.0.0.0:46847
2019-08-30 23:39:32,522 [main] INFO  ozone.MiniOzoneClusterImpl (MiniOzoneClusterImpl.java:lambda$waitForClusterToBeReady$0(140)) - Waiting for cluster to be ready. Got 0 of 1 DN Heartbeats.
2019-08-30 23:39:32,524 [SCMBlockDeletingService#1] DEBUG block.SCMBlockDeletingService (SCMBlockDeletingService.java:call(138)) - Running DeletedBlockTransactionScanner
2019-08-30 23:39:32,525 [SCMBlockDeletingService#1] DEBUG block.SCMBlockDeletingService (SCMBlockDeletingService.java:call(155)) - Scanned deleted blocks log and got 0 delTX to process.
2019-08-30 23:39:32,527 [org.apache.hadoop.util.JvmPauseMonitor$Monitor@13971eeb] INFO  util.JvmPauseMonitor (JvmPauseMonitor.java:run(188)) - Starting JVM pause monitor
2019-08-30 23:39:32,625 [SCMBlockDeletingService#0] DEBUG block.SCMBlockDeletingService (SCMBlockDeletingService.java:call(138)) - Running DeletedBlockTransactionScanner
2019-08-30 23:39:32,626 [SCMBlockDeletingService#0] DEBUG block.SCMBlockDeletingService (SCMBlockDeletingService.java:call(155)) - Scanned deleted blocks log and got 0 delTX to process.
2019-08-30 23:39:32,646 [Datanode State Machine Thread - 0] INFO  datanode.InitDatanodeState (InitDatanodeState.java:persistContainerDatanodeDetails(140)) - DatanodeDetails is persisted to /workdir/hadoop-ozone/integration-test/target/test-dir/MiniOzoneClusterImpl-114e42e4-73b4-4267-990c-8675b38dec53/datanode-0/meta/datanode.id
2019-08-30 23:39:32,726 [SCMBlockDeletingService#0] DEBUG block.SCMBlockDeletingService (SCMBlockDeletingService.java:call(138)) - Running DeletedBlockTransactionScanner
2019-08-30 23:39:32,726 [SCMBlockDeletingService#0] DEBUG block.SCMBlockDeletingService (SCMBlockDeletingService.java:call(155)) - Scanned deleted blocks log and got 0 delTX to process.
2019-08-30 23:39:32,827 [SCMBlockDeletingService#0] DEBUG block.SCMBlockDeletingService (SCMBlockDeletingService.java:call(138)) - Running DeletedBlockTransactionScanner
2019-08-30 23:39:32,827 [SCMBlockDeletingService#0] DEBUG block.SCMBlockDeletingService (SCMBlockDeletingService.java:call(155)) - Scanned deleted blocks log and got 0 delTX to process.
2019-08-30 23:39:32,928 [SCMBlockDeletingService#0] DEBUG block.SCMBlockDeletingService (SCMBlockDeletingService.java:call(138)) - Running DeletedBlockTransactionScanner
2019-08-30 23:39:32,928 [SCMBlockDeletingService#0] DEBUG block.SCMBlockDeletingService (SCMBlockDeletingService.java:call(155)) - Scanned deleted blocks log and got 0 delTX to process.
2019-08-30 23:39:33,029 [SCMBlockDeletingService#0] DEBUG block.SCMBlockDeletingService (SCMBlockDeletingService.java:call(138)) - Running DeletedBlockTransactionScanner
2019-08-30 23:39:33,030 [SCMBlockDeletingService#0] DEBUG block.SCMBlockDeletingService (SCMBlockDeletingService.java:call(155)) - Scanned deleted blocks log and got 0 delTX to process.
2019-08-30 23:39:33,130 [SCMBlockDeletingService#0] DEBUG block.SCMBlockDeletingService (SCMBlockDeletingService.java:call(138)) - Running DeletedBlockTransactionScanner
2019-08-30 23:39:33,131 [SCMBlockDeletingService#0] DEBUG block.SCMBlockDeletingService (SCMBlockDeletingService.java:call(155)) - Scanned deleted blocks log and got 0 delTX to process.
2019-08-30 23:39:33,231 [SCMBlockDeletingService#0] DEBUG block.SCMBlockDeletingService (SCMBlockDeletingService.java:call(138)) - Running DeletedBlockTransactionScanner
2019-08-30 23:39:33,232 [SCMBlockDeletingService#0] DEBUG block.SCMBlockDeletingService (SCMBlockDeletingService.java:call(155)) - Scanned deleted blocks log and got 0 delTX to process.
2019-08-30 23:39:33,332 [SCMBlockDeletingService#0] DEBUG block.SCMBlockDeletingService (SCMBlockDeletingService.java:call(138)) - Running DeletedBlockTransactionScanner
2019-08-30 23:39:33,333 [SCMBlockDeletingService#0] DEBUG block.SCMBlockDeletingService (SCMBlockDeletingService.java:call(155)) - Scanned deleted blocks log and got 0 delTX to process.
2019-08-30 23:39:33,433 [SCMBlockDeletingService#0] DEBUG block.SCMBlockDeletingService (SCMBlockDeletingService.java:call(138)) - Running DeletedBlockTransactionScanner
2019-08-30 23:39:33,434 [SCMBlockDeletingService#0] DEBUG block.SCMBlockDeletingService (SCMBlockDeletingService.java:call(155)) - Scanned deleted blocks log and got 0 delTX to process.
2019-08-30 23:39:33,523 [main] INFO  ozone.MiniOzoneClusterImpl (MiniOzoneClusterImpl.java:lambda$waitForClusterToBeReady$0(140)) - Waiting for cluster to be ready. Got 0 of 1 DN Heartbeats.
2019-08-30 23:39:33,534 [SCMBlockDeletingService#0] DEBUG block.SCMBlockDeletingService (SCMBlockDeletingService.java:call(138)) - Running DeletedBlockTransactionScanner
2019-08-30 23:39:33,534 [SCMBlockDeletingService#0] DEBUG block.SCMBlockDeletingService (SCMBlockDeletingService.java:call(155)) - Scanned deleted blocks log and got 0 delTX to process.
2019-08-30 23:39:33,635 [SCMBlockDeletingService#0] DEBUG block.SCMBlockDeletingService (SCMBlockDeletingService.java:call(138)) - Running DeletedBlockTransactionScanner
2019-08-30 23:39:33,635 [SCMBlockDeletingService#0] DEBUG block.SCMBlockDeletingService (SCMBlockDeletingService.java:call(155)) - Scanned deleted blocks log and got 0 delTX to process.
2019-08-30 23:39:33,736 [SCMBlockDeletingService#0] DEBUG block.SCMBlockDeletingService (SCMBlockDeletingService.java:call(138)) - Running DeletedBlockTransactionScanner
2019-08-30 23:39:33,736 [SCMBlockDeletingService#0] DEBUG block.SCMBlockDeletingService (SCMBlockDeletingService.java:call(155)) - Scanned deleted blocks log and got 0 delTX to process.
2019-08-30 23:39:33,837 [SCMBlockDeletingService#0] DEBUG block.SCMBlockDeletingService (SCMBlockDeletingService.java:call(138)) - Running DeletedBlockTransactionScanner
2019-08-30 23:39:33,837 [SCMBlockDeletingService#0] DEBUG block.SCMBlockDeletingService (SCMBlockDeletingService.java:call(155)) - Scanned deleted blocks log and got 0 delTX to process.
2019-08-30 23:39:33,938 [SCMBlockDeletingService#0] DEBUG block.SCMBlockDeletingService (SCMBlockDeletingService.java:call(138)) - Running DeletedBlockTransactionScanner
2019-08-30 23:39:33,938 [SCMBlockDeletingService#0] DEBUG block.SCMBlockDeletingService (SCMBlockDeletingService.java:call(155)) - Scanned deleted blocks log and got 0 delTX to process.
2019-08-30 23:39:34,039 [SCMBlockDeletingService#0] DEBUG block.SCMBlockDeletingService (SCMBlockDeletingService.java:call(138)) - Running DeletedBlockTransactionScanner
2019-08-30 23:39:34,039 [SCMBlockDeletingService#0] DEBUG block.SCMBlockDeletingService (SCMBlockDeletingService.java:call(155)) - Scanned deleted blocks log and got 0 delTX to process.
2019-08-30 23:39:34,140 [SCMBlockDeletingService#0] DEBUG block.SCMBlockDeletingService (SCMBlockDeletingService.java:call(138)) - Running DeletedBlockTransactionScanner
2019-08-30 23:39:34,140 [SCMBlockDeletingService#0] DEBUG block.SCMBlockDeletingService (SCMBlockDeletingService.java:call(155)) - Scanned deleted blocks log and got 0 delTX to process.
2019-08-30 23:39:34,241 [SCMBlockDeletingService#0] DEBUG block.SCMBlockDeletingService (SCMBlockDeletingService.java:call(138)) - Running DeletedBlockTransactionScanner
2019-08-30 23:39:34,241 [SCMBlockDeletingService#0] DEBUG block.SCMBlockDeletingService (SCMBlockDeletingService.java:call(155)) - Scanned deleted blocks log and got 0 delTX to process.
2019-08-30 23:39:34,341 [SCMBlockDeletingService#1] DEBUG block.SCMBlockDeletingService (SCMBlockDeletingService.java:call(138)) - Running DeletedBlockTransactionScanner
2019-08-30 23:39:34,342 [SCMBlockDeletingService#1] DEBUG block.SCMBlockDeletingService (SCMBlockDeletingService.java:call(155)) - Scanned deleted blocks log and got 0 delTX to process.
2019-08-30 23:39:34,442 [SCMBlockDeletingService#1] DEBUG block.SCMBlockDeletingService (SCMBlockDeletingService.java:call(138)) - Running DeletedBlockTransactionScanner
2019-08-30 23:39:34,443 [SCMBlockDeletingService#1] DEBUG block.SCMBlockDeletingService (SCMBlockDeletingService.java:call(155)) - Scanned deleted blocks log and got 0 delTX to process.
2019-08-30 23:39:34,523 [main] INFO  ozone.MiniOzoneClusterImpl (MiniOzoneClusterImpl.java:lambda$waitForClusterToBeReady$0(140)) - Waiting for cluster to be ready. Got 0 of 1 DN Heartbeats.
2019-08-30 23:39:34,543 [SCMBlockDeletingService#1] DEBUG block.SCMBlockDeletingService (SCMBlockDeletingService.java:call(138)) - Running DeletedBlockTransactionScanner
2019-08-30 23:39:34,544 [SCMBlockDeletingService#1] DEBUG block.SCMBlockDeletingService (SCMBlockDeletingService.java:call(155)) - Scanned deleted blocks log and got 0 delTX to process.
2019-08-30 23:39:34,611 [Datanode State Machine Thread - 0] INFO  ozoneimpl.OzoneContainer (OzoneContainer.java:start(201)) - Attempting to start container services.
2019-08-30 23:39:34,613 [Datanode State Machine Thread - 0] INFO  ozoneimpl.OzoneContainer (OzoneContainer.java:startContainerScrub(175)) - Background container scrubber has been disabled by hdds.containerscrub.enabled
2019-08-30 23:39:34,613 [Datanode State Machine Thread - 0] INFO  ratis.XceiverServerRatis (XceiverServerRatis.java:start(393)) - Starting XceiverServerRatis c9f1298e-d840-49d8-aac3-de81602aa1d5 at port 0
2019-08-30 23:39:34,642 [Datanode State Machine Thread - 0] INFO  impl.RaftServerProxy (RaftServerProxy.java:lambda$start$3(299)) - c9f1298e-d840-49d8-aac3-de81602aa1d5: start RPC server
2019-08-30 23:39:34,645 [SCMBlockDeletingService#1] DEBUG block.SCMBlockDeletingService (SCMBlockDeletingService.java:call(138)) - Running DeletedBlockTransactionScanner
2019-08-30 23:39:34,646 [SCMBlockDeletingService#1] DEBUG block.SCMBlockDeletingService (SCMBlockDeletingService.java:call(155)) - Scanned deleted blocks log and got 0 delTX to process.
2019-08-30 23:39:34,747 [SCMBlockDeletingService#1] DEBUG block.SCMBlockDeletingService (SCMBlockDeletingService.java:call(138)) - Running DeletedBlockTransactionScanner
2019-08-30 23:39:34,748 [SCMBlockDeletingService#1] DEBUG block.SCMBlockDeletingService (SCMBlockDeletingService.java:call(155)) - Scanned deleted blocks log and got 0 delTX to process.
2019-08-30 23:39:34,791 [Datanode State Machine Thread - 0] INFO  server.GrpcService (GrpcService.java:startImpl(149)) - c9f1298e-d840-49d8-aac3-de81602aa1d5: GrpcService started, listening on 0.0.0.0/0.0.0.0:34937
2019-08-30 23:39:34,792 [Datanode State Machine Thread - 0] INFO  ratis.XceiverServerRatis (XceiverServerRatis.java:start(403)) - XceiverServerRatis c9f1298e-d840-49d8-aac3-de81602aa1d5 is started using port 34937
2019-08-30 23:39:34,795 [Datanode State Machine Thread - 0] INFO  server.XceiverServerGrpc (XceiverServerGrpc.java:start(163)) - XceiverServerGrpc c9f1298e-d840-49d8-aac3-de81602aa1d5 is started using port 45528
2019-08-30 23:39:34,848 [SCMBlockDeletingService#1] DEBUG block.SCMBlockDeletingService (SCMBlockDeletingService.java:call(138)) - Running DeletedBlockTransactionScanner
2019-08-30 23:39:34,849 [SCMBlockDeletingService#1] DEBUG block.SCMBlockDeletingService (SCMBlockDeletingService.java:call(155)) - Scanned deleted blocks log and got 0 delTX to process.
2019-08-30 23:39:34,949 [SCMBlockDeletingService#1] DEBUG block.SCMBlockDeletingService (SCMBlockDeletingService.java:call(138)) - Running DeletedBlockTransactionScanner
2019-08-30 23:39:34,950 [SCMBlockDeletingService#1] DEBUG block.SCMBlockDeletingService (SCMBlockDeletingService.java:call(155)) - Scanned deleted blocks log and got 0 delTX to process.
2019-08-30 23:39:35,051 [SCMBlockDeletingService#1] DEBUG block.SCMBlockDeletingService (SCMBlockDeletingService.java:call(138)) - Running DeletedBlockTransactionScanner
2019-08-30 23:39:35,051 [SCMBlockDeletingService#1] DEBUG block.SCMBlockDeletingService (SCMBlockDeletingService.java:call(155)) - Scanned deleted blocks log and got 0 delTX to process.
2019-08-30 23:39:35,152 [SCMBlockDeletingService#1] DEBUG block.SCMBlockDeletingService (SCMBlockDeletingService.java:call(138)) - Running DeletedBlockTransactionScanner
2019-08-30 23:39:35,153 [SCMBlockDeletingService#1] DEBUG block.SCMBlockDeletingService (SCMBlockDeletingService.java:call(155)) - Scanned deleted blocks log and got 0 delTX to process.
2019-08-30 23:39:35,253 [SCMBlockDeletingService#1] DEBUG block.SCMBlockDeletingService (SCMBlockDeletingService.java:call(138)) - Running DeletedBlockTransactionScanner
2019-08-30 23:39:35,254 [SCMBlockDeletingService#1] DEBUG block.SCMBlockDeletingService (SCMBlockDeletingService.java:call(155)) - Scanned deleted blocks log and got 0 delTX to process.
2019-08-30 23:39:35,354 [SCMBlockDeletingService#1] DEBUG block.SCMBlockDeletingService (SCMBlockDeletingService.java:call(138)) - Running DeletedBlockTransactionScanner
2019-08-30 23:39:35,355 [SCMBlockDeletingService#1] DEBUG block.SCMBlockDeletingService (SCMBlockDeletingService.java:call(155)) - Scanned deleted blocks log and got 0 delTX to process.
2019-08-30 23:39:35,455 [SCMBlockDeletingService#1] DEBUG block.SCMBlockDeletingService (SCMBlockDeletingService.java:call(138)) - Running DeletedBlockTransactionScanner
2019-08-30 23:39:35,456 [SCMBlockDeletingService#1] DEBUG block.SCMBlockDeletingService (SCMBlockDeletingService.java:call(155)) - Scanned deleted blocks log and got 0 delTX to process.
2019-08-30 23:39:35,524 [main] INFO  ozone.MiniOzoneClusterImpl (MiniOzoneClusterImpl.java:lambda$waitForClusterToBeReady$0(140)) - Waiting for cluster to be ready. Got 0 of 1 DN Heartbeats.
2019-08-30 23:39:35,556 [SCMBlockDeletingService#1] DEBUG block.SCMBlockDeletingService (SCMBlockDeletingService.java:call(138)) - Running DeletedBlockTransactionScanner
2019-08-30 23:39:35,557 [SCMBlockDeletingService#1] DEBUG block.SCMBlockDeletingService (SCMBlockDeletingService.java:call(155)) - Scanned deleted blocks log and got 0 delTX to process.
2019-08-30 23:39:35,657 [SCMBlockDeletingService#0] DEBUG block.SCMBlockDeletingService (SCMBlockDeletingService.java:call(138)) - Running DeletedBlockTransactionScanner
2019-08-30 23:39:35,658 [SCMBlockDeletingService#0] DEBUG block.SCMBlockDeletingService (SCMBlockDeletingService.java:call(155)) - Scanned deleted blocks log and got 0 delTX to process.
2019-08-30 23:39:35,758 [SCMBlockDeletingService#0] DEBUG block.SCMBlockDeletingService (SCMBlockDeletingService.java:call(138)) - Running DeletedBlockTransactionScanner
2019-08-30 23:39:35,759 [SCMBlockDeletingService#0] DEBUG block.SCMBlockDeletingService (SCMBlockDeletingService.java:call(155)) - Scanned deleted blocks log and got 0 delTX to process.
2019-08-30 23:39:35,859 [SCMBlockDeletingService#0] DEBUG block.SCMBlockDeletingService (SCMBlockDeletingService.java:call(138)) - Running DeletedBlockTransactionScanner
2019-08-30 23:39:35,859 [SCMBlockDeletingService#0] DEBUG block.SCMBlockDeletingService (SCMBlockDeletingService.java:call(155)) - Scanned deleted blocks log and got 0 delTX to process.
2019-08-30 23:39:35,960 [SCMBlockDeletingService#0] DEBUG block.SCMBlockDeletingService (SCMBlockDeletingService.java:call(138)) - Running DeletedBlockTransactionScanner
2019-08-30 23:39:35,961 [SCMBlockDeletingService#0] DEBUG block.SCMBlockDeletingService (SCMBlockDeletingService.java:call(155)) - Scanned deleted blocks log and got 0 delTX to process.
2019-08-30 23:39:36,061 [SCMBlockDeletingService#0] DEBUG block.SCMBlockDeletingService (SCMBlockDeletingService.java:call(138)) - Running DeletedBlockTransactionScanner
2019-08-30 23:39:36,062 [SCMBlockDeletingService#0] DEBUG block.SCMBlockDeletingService (SCMBlockDeletingService.java:call(155)) - Scanned deleted blocks log and got 0 delTX to process.
2019-08-30 23:39:36,162 [SCMBlockDeletingService#0] DEBUG block.SCMBlockDeletingService (SCMBlockDeletingService.java:call(138)) - Running DeletedBlockTransactionScanner
2019-08-30 23:39:36,163 [SCMBlockDeletingService#0] DEBUG block.SCMBlockDeletingService (SCMBlockDeletingService.java:call(155)) - Scanned deleted blocks log and got 0 delTX to process.
2019-08-30 23:39:36,263 [SCMBlockDeletingService#0] DEBUG block.SCMBlockDeletingService (SCMBlockDeletingService.java:call(138)) - Running DeletedBlockTransactionScanner
2019-08-30 23:39:36,264 [SCMBlockDeletingService#0] DEBUG block.SCMBlockDeletingService (SCMBlockDeletingService.java:call(155)) - Scanned deleted blocks log and got 0 delTX to process.
2019-08-30 23:39:36,364 [SCMBlockDeletingService#1] DEBUG block.SCMBlockDeletingService (SCMBlockDeletingService.java:call(138)) - Running DeletedBlockTransactionScanner
2019-08-30 23:39:36,365 [SCMBlockDeletingService#1] DEBUG block.SCMBlockDeletingService (SCMBlockDeletingService.java:call(155)) - Scanned deleted blocks log and got 0 delTX to process.
2019-08-30 23:39:36,465 [SCMBlockDeletingService#0] DEBUG block.SCMBlockDeletingService (SCMBlockDeletingService.java:call(138)) - Running DeletedBlockTransactionScanner
2019-08-30 23:39:36,466 [SCMBlockDeletingService#0] DEBUG block.SCMBlockDeletingService (SCMBlockDeletingService.java:call(155)) - Scanned deleted blocks log and got 0 delTX to process.
2019-08-30 23:39:36,524 [main] INFO  ozone.MiniOzoneClusterImpl (MiniOzoneClusterImpl.java:lambda$waitForClusterToBeReady$0(140)) - Waiting for cluster to be ready. Got 0 of 1 DN Heartbeats.
2019-08-30 23:39:36,564 [IPC Server handler 19 on 43891] INFO  net.NetworkTopology (NetworkTopologyImpl.java:add(110)) - Added a new node: /default-rack/c9f1298e-d840-49d8-aac3-de81602aa1d5
2019-08-30 23:39:36,564 [IPC Server handler 19 on 43891] INFO  node.SCMNodeManager (SCMNodeManager.java:register(266)) - Registered Data node : c9f1298e-d840-49d8-aac3-de81602aa1d5{ip: 192.168.36.88, host: pr-hdds-1909-plfbr-3209385976, networkLocation: /default-rack, certSerialId: null}
2019-08-30 23:39:36,566 [SCMBlockDeletingService#0] DEBUG block.SCMBlockDeletingService (SCMBlockDeletingService.java:call(138)) - Running DeletedBlockTransactionScanner
2019-08-30 23:39:36,567 [SCMBlockDeletingService#0] DEBUG block.SCMBlockDeletingService (SCMBlockDeletingService.java:call(155)) - Scanned deleted blocks log and got 0 delTX to process.
2019-08-30 23:39:36,568 [EventQueue-NodeRegistrationContainerReportForDataNodeSafeModeRule] INFO  safemode.SCMSafeModeManager (DataNodeSafeModeRule.java:process(71)) - SCM in safe mode. 1 DataNodes registered, 1 required.
2019-08-30 23:39:36,569 [EventQueue-NodeRegistrationContainerReportForDataNodeSafeModeRule] INFO  safemode.SCMSafeModeManager (SCMSafeModeManager.java:validateSafeModeExitRules(177)) - ScmSafeModeManager, all rules are successfully validated
2019-08-30 23:39:36,569 [EventQueue-NodeRegistrationContainerReportForDataNodeSafeModeRule] INFO  safemode.SCMSafeModeManager (SCMSafeModeManager.java:exitSafeMode(193)) - SCM exiting safe mode.
2019-08-30 23:39:36,667 [SCMBlockDeletingService#0] DEBUG block.SCMBlockDeletingService (SCMBlockDeletingService.java:call(138)) - Running DeletedBlockTransactionScanner
2019-08-30 23:39:36,668 [SCMBlockDeletingService#0] DEBUG block.SCMBlockDeletingService (SCMBlockDeletingService.java:call(155)) - Scanned deleted blocks log and got 0 delTX to process.
2019-08-30 23:39:36,768 [SCMBlockDeletingService#0] DEBUG block.SCMBlockDeletingService (SCMBlockDeletingService.java:call(138)) - Running DeletedBlockTransactionScanner
2019-08-30 23:39:36,768 [SCMBlockDeletingService#0] DEBUG block.SCMBlockDeletingService (SCMBlockDeletingService.java:call(155)) - Scanned deleted blocks log and got 0 delTX to process.
2019-08-30 23:39:36,869 [SCMBlockDeletingService#0] DEBUG block.SCMBlockDeletingService (SCMBlockDeletingService.java:call(138)) - Running DeletedBlockTransactionScanner
2019-08-30 23:39:36,869 [SCMBlockDeletingService#0] DEBUG block.SCMBlockDeletingService (SCMBlockDeletingService.java:call(155)) - Scanned deleted blocks log and got 0 delTX to process.
2019-08-30 23:39:36,970 [SCMBlockDeletingService#0] DEBUG block.SCMBlockDeletingService (SCMBlockDeletingService.java:call(138)) - Running DeletedBlockTransactionScanner
2019-08-30 23:39:36,970 [SCMBlockDeletingService#0] DEBUG block.SCMBlockDeletingService (SCMBlockDeletingService.java:call(155)) - Scanned deleted blocks log and got 0 delTX to process.
2019-08-30 23:39:37,071 [SCMBlockDeletingService#0] DEBUG block.SCMBlockDeletingService (SCMBlockDeletingService.java:call(138)) - Running DeletedBlockTransactionScanner
2019-08-30 23:39:37,071 [SCMBlockDeletingService#0] DEBUG block.SCMBlockDeletingService (SCMBlockDeletingService.java:call(155)) - Scanned deleted blocks log and got 0 delTX to process.
2019-08-30 23:39:37,117 [grpc-default-executor-0] INFO  impl.RaftServerProxy (RaftServerProxy.java:addNew(89)) - c9f1298e-d840-49d8-aac3-de81602aa1d5: addNew group-E9810A644481:[c9f1298e-d840-49d8-aac3-de81602aa1d5:192.168.36.88:34937] returns group-E9810A644481:java.util.concurrent.CompletableFuture@1535d756[Not completed]
2019-08-30 23:39:37,130 [pool-27-thread-1] INFO  impl.RaftServerImpl (RaftServerImpl.java:<init>(93)) - c9f1298e-d840-49d8-aac3-de81602aa1d5: new RaftServerImpl for group-E9810A644481:[c9f1298e-d840-49d8-aac3-de81602aa1d5:192.168.36.88:34937] with ContainerStateMachine:uninitialized
2019-08-30 23:39:37,132 [pool-27-thread-1] INFO  server.RaftServerConfigKeys (ConfUtils.java:logGet(43)) - raft.server.rpc.timeout.min = 5s (custom)
2019-08-30 23:39:37,133 [pool-27-thread-1] INFO  server.RaftServerConfigKeys (ConfUtils.java:logGet(43)) - raft.server.rpc.timeout.max = 5200ms (custom)
2019-08-30 23:39:37,133 [pool-27-thread-1] INFO  server.RaftServerConfigKeys (ConfUtils.java:logGet(43)) - raft.server.rpcslowness.timeout = 120s (custom)
2019-08-30 23:39:37,134 [pool-27-thread-1] INFO  server.RaftServerConfigKeys (ConfUtils.java:logGet(43)) - raft.server.sleep.deviation.threshold = 300 (default)
2019-08-30 23:39:37,135 [pool-27-thread-1] INFO  server.RaftServerConfigKeys (ConfUtils.java:logGet(43)) - raft.server.log.appender.install.snapshot.enabled = false (custom)
2019-08-30 23:39:37,143 [pool-27-thread-1] INFO  impl.RaftServerImpl (ServerState.java:<init>(105)) - c9f1298e-d840-49d8-aac3-de81602aa1d5:group-E9810A644481 ConfigurationManager, init=-1: [c9f1298e-d840-49d8-aac3-de81602aa1d5:192.168.36.88:34937], old=null, confs=<EMPTY_MAP>
2019-08-30 23:39:37,143 [pool-27-thread-1] INFO  server.RaftServerConfigKeys (ConfUtils.java:logGet(43)) - raft.server.storage.dir = [/workdir/hadoop-ozone/integration-test/target/test-dir/MiniOzoneClusterImpl-114e42e4-73b4-4267-990c-8675b38dec53/datanode-0/data/ratis] (custom)
2019-08-30 23:39:37,150 [pool-27-thread-1] INFO  storage.RaftStorageDirectory (RaftStorageDirectory.java:analyzeStorage(246)) - The storage directory /workdir/hadoop-ozone/integration-test/target/test-dir/MiniOzoneClusterImpl-114e42e4-73b4-4267-990c-8675b38dec53/datanode-0/data/ratis/f0fc4ca0-c3ee-4d38-af01-e9810a644481 does not exist. Creating ...
2019-08-30 23:39:37,172 [SCMBlockDeletingService#1] DEBUG block.SCMBlockDeletingService (SCMBlockDeletingService.java:call(138)) - Running DeletedBlockTransactionScanner
2019-08-30 23:39:37,172 [SCMBlockDeletingService#1] DEBUG block.SCMBlockDeletingService (SCMBlockDeletingService.java:call(155)) - Scanned deleted blocks log and got 0 delTX to process.
2019-08-30 23:39:37,179 [pool-27-thread-1] INFO  storage.RaftStorageDirectory (RaftStorageDirectory.java:tryLock(328)) - Lock on /workdir/hadoop-ozone/integration-test/target/test-dir/MiniOzoneClusterImpl-114e42e4-73b4-4267-990c-8675b38dec53/datanode-0/data/ratis/f0fc4ca0-c3ee-4d38-af01-e9810a644481/in_use.lock acquired by nodename 4655@pr-hdds-1909-plfbr-3209385976
2019-08-30 23:39:37,202 [pool-27-thread-1] INFO  storage.RaftStorage (RaftStorage.java:format(72)) - Storage directory /workdir/hadoop-ozone/integration-test/target/test-dir/MiniOzoneClusterImpl-114e42e4-73b4-4267-990c-8675b38dec53/datanode-0/data/ratis/f0fc4ca0-c3ee-4d38-af01-e9810a644481 has been successfully formatted.
2019-08-30 23:39:37,204 [pool-27-thread-1] INFO  ratis.ContainerStateMachine (ContainerStateMachine.java:loadSnapshot(227)) - group-E9810A644481: The snapshot info is null. Setting the last applied indexto:(t:0, i:~)
2019-08-30 23:39:37,204 [pool-27-thread-1] INFO  server.RaftServerConfigKeys (ConfUtils.java:logGet(43)) - raft.server.leader.election.timeout = 120s (custom)
2019-08-30 23:39:37,206 [pool-27-thread-1] INFO  server.RaftServerConfigKeys (ConfUtils.java:logGet(43)) - raft.server.log.use.memory = false (default)
2019-08-30 23:39:37,211 [pool-27-thread-1] INFO  server.RaftServerConfigKeys (ConfUtils.java:logGet(43)) - raft.server.log.purge.gap = 1000000 (custom)
2019-08-30 23:39:37,212 [pool-27-thread-1] INFO  server.RaftServerConfigKeys (ConfUtils.java:logGet(43)) - raft.server.log.appender.buffer.byte-limit = 33554432 (custom)
2019-08-30 23:39:37,213 [pool-27-thread-1] INFO  server.RaftServerConfigKeys (ConfUtils.java:logGet(43)) - raft.server.log.segment.size.max = 1048576 (custom)
2019-08-30 23:39:37,217 [pool-27-thread-1] INFO  server.RaftServerConfigKeys (ConfUtils.java:logGet(43)) - raft.server.log.segment.cache.num.max = 2 (custom)
2019-08-30 23:39:37,222 [pool-27-thread-1] INFO  segmented.SegmentedRaftLogWorker (SegmentedRaftLogWorker.java:<init>(172)) - new c9f1298e-d840-49d8-aac3-de81602aa1d5-SegmentedRaftLogWorker:Storage Directory /workdir/hadoop-ozone/integration-test/target/test-dir/MiniOzoneClusterImpl-114e42e4-73b4-4267-990c-8675b38dec53/datanode-0/data/ratis/f0fc4ca0-c3ee-4d38-af01-e9810a644481 for RaftStorage:Storage Directory /workdir/hadoop-ozone/integration-test/target/test-dir/MiniOzoneClusterImpl-114e42e4-73b4-4267-990c-8675b38dec53/datanode-0/data/ratis/f0fc4ca0-c3ee-4d38-af01-e9810a644481
2019-08-30 23:39:37,234 [pool-27-thread-1] INFO  server.RaftServerConfigKeys (ConfUtils.java:logGet(43)) - raft.server.log.queue.byte-limit = 2147483647 (custom)
2019-08-30 23:39:37,234 [pool-27-thread-1] INFO  server.RaftServerConfigKeys (ConfUtils.java:logGet(43)) - raft.server.log.queue.element-limit = 1024 (custom)
2019-08-30 23:39:37,239 [pool-27-thread-1] INFO  server.RaftServerConfigKeys (ConfUtils.java:logGet(43)) - raft.server.log.segment.size.max = 1048576 (custom)
2019-08-30 23:39:37,239 [pool-27-thread-1] INFO  server.RaftServerConfigKeys (ConfUtils.java:logGet(43)) - raft.server.log.preallocated.size = 16384 (custom)
2019-08-30 23:39:37,240 [pool-27-thread-1] INFO  server.RaftServerConfigKeys (ConfUtils.java:logGet(43)) - raft.server.log.write.buffer.size = 33554432 (custom)
2019-08-30 23:39:37,240 [pool-27-thread-1] INFO  server.RaftServerConfigKeys (ConfUtils.java:logGet(43)) - raft.server.log.force.sync.num = 128 (default)
2019-08-30 23:39:37,241 [pool-27-thread-1] INFO  server.RaftServerConfigKeys (ConfUtils.java:logGet(43)) - raft.server.log.statemachine.data.sync = true (default)
2019-08-30 23:39:37,242 [pool-27-thread-1] INFO  server.RaftServerConfigKeys (ConfUtils.java:logGet(43)) - raft.server.log.statemachine.data.sync.timeout = 10s (default)
2019-08-30 23:39:37,242 [pool-27-thread-1] INFO  server.RaftServerConfigKeys (ConfUtils.java:logGet(43)) - raft.server.log.statemachine.data.sync.timeout.retry = -1 (default)
2019-08-30 23:39:37,251 [pool-27-thread-1] INFO  server.RaftServerConfigKeys (ConfUtils.java:logGet(43)) - raft.server.log.statemachine.data.caching.enabled = true (custom)
2019-08-30 23:39:37,255 [pool-27-thread-1] INFO  segmented.SegmentedRaftLogWorker (SegmentedRaftLogWorker.java:lambda$new$0(132)) - c9f1298e-d840-49d8-aac3-de81602aa1d5-SegmentedRaftLogWorker:Storage Directory /workdir/hadoop-ozone/integration-test/target/test-dir/MiniOzoneClusterImpl-114e42e4-73b4-4267-990c-8675b38dec53/datanode-0/data/ratis/f0fc4ca0-c3ee-4d38-af01-e9810a644481: flushIndex: setUnconditionally 0 -> -1
2019-08-30 23:39:37,259 [pool-27-thread-1] INFO  server.RaftServerConfigKeys (ConfUtils.java:logGet(43)) - raft.server.snapshot.auto.trigger.enabled = true (custom)
2019-08-30 23:39:37,260 [pool-27-thread-1] INFO  server.RaftServerConfigKeys (ConfUtils.java:logGet(43)) - raft.server.snapshot.auto.trigger.threshold = 10000 (custom)
2019-08-30 23:39:37,261 [pool-27-thread-1] INFO  server.RaftServerConfigKeys (ConfUtils.java:logGet(43)) - raft.server.retrycache.expirytime = 600000ms (custom)
2019-08-30 23:39:37,273 [SCMBlockDeletingService#1] DEBUG block.SCMBlockDeletingService (SCMBlockDeletingService.java:call(138)) - Running DeletedBlockTransactionScanner
2019-08-30 23:39:37,275 [SCMBlockDeletingService#1] DEBUG block.SCMBlockDeletingService (SCMBlockDeletingService.java:call(155)) - Scanned deleted blocks log and got 0 delTX to process.
2019-08-30 23:39:37,283 [pool-27-thread-1] INFO  impl.RaftServerImpl (RaftServerImpl.java:start(180)) - c9f1298e-d840-49d8-aac3-de81602aa1d5: start group-E9810A644481
2019-08-30 23:39:37,284 [pool-27-thread-1] INFO  impl.RaftServerImpl (RaftServerImpl.java:setRole(171)) - c9f1298e-d840-49d8-aac3-de81602aa1d5:group-E9810A644481 changes role from null to FOLLOWER at term 0 for startAsFollower
2019-08-30 23:39:37,285 [pool-27-thread-1] INFO  impl.RoleInfo (RoleInfo.java:updateAndGet(143)) - c9f1298e-d840-49d8-aac3-de81602aa1d5: start FollowerState
2019-08-30 23:39:37,287 [pool-27-thread-1] INFO  util.JmxRegister (JmxRegister.java:tryRegister(44)) - Successfully registered JMX Bean with object name Ratis:service=RaftServer,group=group-E9810A644481,id=c9f1298e-d840-49d8-aac3-de81602aa1d5
2019-08-30 23:39:37,353 [RatisPipelineUtilsThread] INFO  pipeline.PipelineStateManager (PipelineStateManager.java:addPipeline(56)) - Created pipeline Pipeline[ Id: f0fc4ca0-c3ee-4d38-af01-e9810a644481, Nodes: c9f1298e-d840-49d8-aac3-de81602aa1d5{ip: 192.168.36.88, host: pr-hdds-1909-plfbr-3209385976, networkLocation: /default-rack, certSerialId: null}, Type:RATIS, Factor:ONE, State:OPEN]
2019-08-30 23:39:37,375 [SCMBlockDeletingService#0] DEBUG block.SCMBlockDeletingService (SCMBlockDeletingService.java:call(138)) - Running DeletedBlockTransactionScanner
2019-08-30 23:39:37,376 [SCMBlockDeletingService#0] DEBUG block.SCMBlockDeletingService (SCMBlockDeletingService.java:call(155)) - Scanned deleted blocks log and got 0 delTX to process.
2019-08-30 23:39:37,476 [SCMBlockDeletingService#1] DEBUG block.SCMBlockDeletingService (SCMBlockDeletingService.java:call(138)) - Running DeletedBlockTransactionScanner
2019-08-30 23:39:37,477 [SCMBlockDeletingService#1] DEBUG block.SCMBlockDeletingService (SCMBlockDeletingService.java:call(155)) - Scanned deleted blocks log and got 0 delTX to process.
2019-08-30 23:39:37,525 [main] INFO  ozone.MiniOzoneClusterImpl (MiniOzoneClusterImpl.java:lambda$waitForClusterToBeReady$0(140)) - Cluster is ready. Got 1 of 1 DN Heartbeats.
2019-08-30 23:39:37,577 [SCMBlockDeletingService#1] DEBUG block.SCMBlockDeletingService (SCMBlockDeletingService.java:call(138)) - Running DeletedBlockTransactionScanner
2019-08-30 23:39:37,577 [SCMBlockDeletingService#1] DEBUG block.SCMBlockDeletingService (SCMBlockDeletingService.java:call(155)) - Scanned deleted blocks log and got 0 delTX to process.
2019-08-30 23:39:37,678 [SCMBlockDeletingService#1] DEBUG block.SCMBlockDeletingService (SCMBlockDeletingService.java:call(138)) - Running DeletedBlockTransactionScanner
2019-08-30 23:39:37,678 [SCMBlockDeletingService#1] DEBUG block.SCMBlockDeletingService (SCMBlockDeletingService.java:call(155)) - Scanned deleted blocks log and got 0 delTX to process.
2019-08-30 23:39:37,779 [SCMBlockDeletingService#1] DEBUG block.SCMBlockDeletingService (SCMBlockDeletingService.java:call(138)) - Running DeletedBlockTransactionScanner
2019-08-30 23:39:37,779 [SCMBlockDeletingService#1] DEBUG block.SCMBlockDeletingService (SCMBlockDeletingService.java:call(155)) - Scanned deleted blocks log and got 0 delTX to process.
2019-08-30 23:39:37,880 [SCMBlockDeletingService#1] DEBUG block.SCMBlockDeletingService (SCMBlockDeletingService.java:call(138)) - Running DeletedBlockTransactionScanner
2019-08-30 23:39:37,880 [SCMBlockDeletingService#1] DEBUG block.SCMBlockDeletingService (SCMBlockDeletingService.java:call(155)) - Scanned deleted blocks log and got 0 delTX to process.
2019-08-30 23:39:37,980 [SCMBlockDeletingService#1] DEBUG block.SCMBlockDeletingService (SCMBlockDeletingService.java:call(138)) - Running DeletedBlockTransactionScanner
2019-08-30 23:39:37,981 [SCMBlockDeletingService#1] DEBUG block.SCMBlockDeletingService (SCMBlockDeletingService.java:call(155)) - Scanned deleted blocks log and got 0 delTX to process.
2019-08-30 23:39:38,081 [SCMBlockDeletingService#0] DEBUG block.SCMBlockDeletingService (SCMBlockDeletingService.java:call(138)) - Running DeletedBlockTransactionScanner
2019-08-30 23:39:38,082 [SCMBlockDeletingService#0] DEBUG block.SCMBlockDeletingService (SCMBlockDeletingService.java:call(155)) - Scanned deleted blocks log and got 0 delTX to process.
2019-08-30 23:39:38,182 [SCMBlockDeletingService#1] DEBUG block.SCMBlockDeletingService (SCMBlockDeletingService.java:call(138)) - Running DeletedBlockTransactionScanner
2019-08-30 23:39:38,183 [SCMBlockDeletingService#1] DEBUG block.SCMBlockDeletingService (SCMBlockDeletingService.java:call(155)) - Scanned deleted blocks log and got 0 delTX to process.
2019-08-30 23:39:38,283 [SCMBlockDeletingService#0] DEBUG block.SCMBlockDeletingService (SCMBlockDeletingService.java:call(138)) - Running DeletedBlockTransactionScanner
2019-08-30 23:39:38,283 [SCMBlockDeletingService#0] DEBUG block.SCMBlockDeletingService (SCMBlockDeletingService.java:call(155)) - Scanned deleted blocks log and got 0 delTX to process.
2019-08-30 23:39:38,384 [SCMBlockDeletingService#0] DEBUG block.SCMBlockDeletingService (SCMBlockDeletingService.java:call(138)) - Running DeletedBlockTransactionScanner
2019-08-30 23:39:38,384 [SCMBlockDeletingService#0] DEBUG block.SCMBlockDeletingService (SCMBlockDeletingService.java:call(155)) - Scanned deleted blocks log and got 0 delTX to process.
2019-08-30 23:39:38,485 [SCMBlockDeletingService#0] DEBUG block.SCMBlockDeletingService (SCMBlockDeletingService.java:call(138)) - Running DeletedBlockTransactionScanner
2019-08-30 23:39:38,485 [SCMBlockDeletingService#0] DEBUG block.SCMBlockDeletingService (SCMBlockDeletingService.java:call(155)) - Scanned deleted blocks log and got 0 delTX to process.
2019-08-30 23:39:38,586 [SCMBlockDeletingService#0] DEBUG block.SCMBlockDeletingService (SCMBlockDeletingService.java:call(138)) - Running DeletedBlockTransactionScanner
2019-08-30 23:39:38,586 [SCMBlockDeletingService#0] DEBUG block.SCMBlockDeletingService (SCMBlockDeletingService.java:call(155)) - Scanned deleted blocks log and got 0 delTX to process.
2019-08-30 23:39:38,687 [SCMBlockDeletingService#0] DEBUG block.SCMBlockDeletingService (SCMBlockDeletingService.java:call(138)) - Running DeletedBlockTransactionScanner
2019-08-30 23:39:38,687 [SCMBlockDeletingService#0] DEBUG block.SCMBlockDeletingService (SCMBlockDeletingService.java:call(155)) - Scanned deleted blocks log and got 0 delTX to process.
2019-08-30 23:39:38,787 [SCMBlockDeletingService#0] DEBUG block.SCMBlockDeletingService (SCMBlockDeletingService.java:call(138)) - Running DeletedBlockTransactionScanner
2019-08-30 23:39:38,788 [SCMBlockDeletingService#0] DEBUG block.SCMBlockDeletingService (SCMBlockDeletingService.java:call(155)) - Scanned deleted blocks log and got 0 delTX to process.
2019-08-30 23:39:38,888 [SCMBlockDeletingService#0] DEBUG block.SCMBlockDeletingService (SCMBlockDeletingService.java:call(138)) - Running DeletedBlockTransactionScanner
2019-08-30 23:39:38,888 [SCMBlockDeletingService#0] DEBUG block.SCMBlockDeletingService (SCMBlockDeletingService.java:call(155)) - Scanned deleted blocks log and got 0 delTX to process.
2019-08-30 23:39:38,989 [SCMBlockDeletingService#0] DEBUG block.SCMBlockDeletingService (SCMBlockDeletingService.java:call(138)) - Running DeletedBlockTransactionScanner
2019-08-30 23:39:38,989 [SCMBlockDeletingService#0] DEBUG block.SCMBlockDeletingService (SCMBlockDeletingService.java:call(155)) - Scanned deleted blocks log and got 0 delTX to process.
2019-08-30 23:39:39,090 [SCMBlockDeletingService#0] DEBUG block.SCMBlockDeletingService (SCMBlockDeletingService.java:call(138)) - Running DeletedBlockTransactionScanner
2019-08-30 23:39:39,091 [SCMBlockDeletingService#0] DEBUG block.SCMBlockDeletingService (SCMBlockDeletingService.java:call(155)) - Scanned deleted blocks log and got 0 delTX to process.
2019-08-30 23:39:39,192 [SCMBlockDeletingService#1] DEBUG block.SCMBlockDeletingService (SCMBlockDeletingService.java:call(138)) - Running DeletedBlockTransactionScanner
2019-08-30 23:39:39,192 [SCMBlockDeletingService#1] DEBUG block.SCMBlockDeletingService (SCMBlockDeletingService.java:call(155)) - Scanned deleted blocks log and got 0 delTX to process.
2019-08-30 23:39:39,293 [SCMBlockDeletingService#1] DEBUG block.SCMBlockDeletingService (SCMBlockDeletingService.java:call(138)) - Running DeletedBlockTransactionScanner
2019-08-30 23:39:39,293 [SCMBlockDeletingService#1] DEBUG block.SCMBlockDeletingService (SCMBlockDeletingService.java:call(155)) - Scanned deleted blocks log and got 0 delTX to process.
2019-08-30 23:39:39,393 [SCMBlockDeletingService#1] DEBUG block.SCMBlockDeletingService (SCMBlockDeletingService.java:call(138)) - Running DeletedBlockTransactionScanner
2019-08-30 23:39:39,394 [SCMBlockDeletingService#1] DEBUG block.SCMBlockDeletingService (SCMBlockDeletingService.java:call(155)) - Scanned deleted blocks log and got 0 delTX to process.
2019-08-30 23:39:39,494 [SCMBlockDeletingService#1] DEBUG block.SCMBlockDeletingService (SCMBlockDeletingService.java:call(138)) - Running DeletedBlockTransactionScanner
2019-08-30 23:39:39,494 [SCMBlockDeletingService#1] DEBUG block.SCMBlockDeletingService (SCMBlockDeletingService.java:call(155)) - Scanned deleted blocks log and got 0 delTX to process.
2019-08-30 23:39:39,578 [Thread-156] INFO  container.ReplicationManager (ReplicationManager.java:start(162)) - Starting Replication Monitor Thread.
2019-08-30 23:39:39,582 [ReplicationMonitor] INFO  container.ReplicationManager (ReplicationManager.java:run(225)) - Replication Monitor Thread took 2 milliseconds for processing 0 containers.
2019-08-30 23:39:39,595 [SCMBlockDeletingService#1] DEBUG block.SCMBlockDeletingService (SCMBlockDeletingService.java:call(138)) - Running DeletedBlockTransactionScanner
2019-08-30 23:39:39,600 [SCMBlockDeletingService#1] DEBUG block.SCMBlockDeletingService (SCMBlockDeletingService.java:call(155)) - Scanned deleted blocks log and got 0 delTX to process.
2019-08-30 23:39:39,704 [SCMBlockDeletingService#1] DEBUG block.SCMBlockDeletingService (SCMBlockDeletingService.java:call(138)) - Running DeletedBlockTransactionScanner
2019-08-30 23:39:39,705 [SCMBlockDeletingService#1] DEBUG block.SCMBlockDeletingService (SCMBlockDeletingService.java:call(155)) - Scanned deleted blocks log and got 0 delTX to process.
2019-08-30 23:39:39,805 [SCMBlockDeletingService#1] DEBUG block.SCMBlockDeletingService (SCMBlockDeletingService.java:call(138)) - Running DeletedBlockTransactionScanner
2019-08-30 23:39:39,805 [SCMBlockDeletingService#1] DEBUG block.SCMBlockDeletingService (SCMBlockDeletingService.java:call(155)) - Scanned deleted blocks log and got 0 delTX to process.
2019-08-30 23:39:39,906 [SCMBlockDeletingService#1] DEBUG block.SCMBlockDeletingService (SCMBlockDeletingService.java:call(138)) - Running DeletedBlockTransactionScanner
2019-08-30 23:39:39,906 [SCMBlockDeletingService#1] DEBUG block.SCMBlockDeletingService (SCMBlockDeletingService.java:call(155)) - Scanned deleted blocks log and got 0 delTX to process.
2019-08-30 23:39:40,007 [SCMBlockDeletingService#1] DEBUG block.SCMBlockDeletingService (SCMBlockDeletingService.java:call(138)) - Running DeletedBlockTransactionScanner
2019-08-30 23:39:40,007 [SCMBlockDeletingService#1] DEBUG block.SCMBlockDeletingService (SCMBlockDeletingService.java:call(155)) - Scanned deleted blocks log and got 0 delTX to process.
2019-08-30 23:39:40,107 [SCMBlockDeletingService#1] DEBUG block.SCMBlockDeletingService (SCMBlockDeletingService.java:call(138)) - Running DeletedBlockTransactionScanner
2019-08-30 23:39:40,108 [SCMBlockDeletingService#1] DEBUG block.SCMBlockDeletingService (SCMBlockDeletingService.java:call(155)) - Scanned deleted blocks log and got 0 delTX to process.
2019-08-30 23:39:40,157 [main] INFO  rpc.RpcClient (RpcClient.java:createVolume(293)) - Creating Volume: 047b387b-3927-426b-8d65-243264abe60e, with jenkins1000 as owner.
2019-08-30 23:39:40,208 [SCMBlockDeletingService#1] DEBUG block.SCMBlockDeletingService (SCMBlockDeletingService.java:call(138)) - Running DeletedBlockTransactionScanner
2019-08-30 23:39:40,209 [SCMBlockDeletingService#1] DEBUG block.SCMBlockDeletingService (SCMBlockDeletingService.java:call(155)) - Scanned deleted blocks log and got 0 delTX to process.
2019-08-30 23:39:40,270 [IPC Server handler 3 on 45908] INFO  volume.OMVolumeCreateRequest (OMVolumeCreateRequest.java:validateAndUpdateCache(189)) - created volume:047b387b-3927-426b-8d65-243264abe60e for user:jenkins1000
2019-08-30 23:39:40,299 [main] INFO  rpc.RpcClient (RpcClient.java:createBucket(432)) - Creating Bucket: 047b387b-3927-426b-8d65-243264abe60e/df267ca6-b8ae-428e-b523-eb8b9a47a763, with Versioning false and Storage Type set to DISK and Encryption set to false 
2019-08-30 23:39:40,309 [SCMBlockDeletingService#1] DEBUG block.SCMBlockDeletingService (SCMBlockDeletingService.java:call(138)) - Running DeletedBlockTransactionScanner
2019-08-30 23:39:40,310 [SCMBlockDeletingService#1] DEBUG block.SCMBlockDeletingService (SCMBlockDeletingService.java:call(155)) - Scanned deleted blocks log and got 0 delTX to process.
2019-08-30 23:39:40,411 [SCMBlockDeletingService#1] DEBUG block.SCMBlockDeletingService (SCMBlockDeletingService.java:call(138)) - Running DeletedBlockTransactionScanner
2019-08-30 23:39:40,412 [SCMBlockDeletingService#1] DEBUG block.SCMBlockDeletingService (SCMBlockDeletingService.java:call(155)) - Scanned deleted blocks log and got 0 delTX to process.
2019-08-30 23:39:40,513 [SCMBlockDeletingService#1] DEBUG block.SCMBlockDeletingService (SCMBlockDeletingService.java:call(138)) - Running DeletedBlockTransactionScanner
2019-08-30 23:39:40,513 [SCMBlockDeletingService#1] DEBUG block.SCMBlockDeletingService (SCMBlockDeletingService.java:call(155)) - Scanned deleted blocks log and got 0 delTX to process.
2019-08-30 23:39:40,614 [SCMBlockDeletingService#1] DEBUG block.SCMBlockDeletingService (SCMBlockDeletingService.java:call(138)) - Running DeletedBlockTransactionScanner
2019-08-30 23:39:40,614 [SCMBlockDeletingService#1] DEBUG block.SCMBlockDeletingService (SCMBlockDeletingService.java:call(155)) - Scanned deleted blocks log and got 0 delTX to process.
2019-08-30 23:39:40,715 [SCMBlockDeletingService#1] DEBUG block.SCMBlockDeletingService (SCMBlockDeletingService.java:call(138)) - Running DeletedBlockTransactionScanner
2019-08-30 23:39:40,715 [SCMBlockDeletingService#1] DEBUG block.SCMBlockDeletingService (SCMBlockDeletingService.java:call(155)) - Scanned deleted blocks log and got 0 delTX to process.
2019-08-30 23:39:40,816 [SCMBlockDeletingService#1] DEBUG block.SCMBlockDeletingService (SCMBlockDeletingService.java:call(138)) - Running DeletedBlockTransactionScanner
2019-08-30 23:39:40,816 [SCMBlockDeletingService#1] DEBUG block.SCMBlockDeletingService (SCMBlockDeletingService.java:call(155)) - Scanned deleted blocks log and got 0 delTX to process.
2019-08-30 23:39:41,240 [SCMBlockDeletingService#1] DEBUG block.SCMBlockDeletingService (SCMBlockDeletingService.java:call(138)) - Running DeletedBlockTransactionScanner
2019-08-30 23:39:41,241 [SCMBlockDeletingService#1] DEBUG block.SCMBlockDeletingService (SCMBlockDeletingService.java:call(155)) - Scanned deleted blocks log and got 0 delTX to process.
2019-08-30 23:39:41,264 [main] INFO  impl.MetricsSystemImpl (MetricsSystemImpl.java:init(158)) - XceiverClientMetrics metrics system started (again)
2019-08-30 23:39:41,341 [SCMBlockDeletingService#0] DEBUG block.SCMBlockDeletingService (SCMBlockDeletingService.java:call(138)) - Running DeletedBlockTransactionScanner
2019-08-30 23:39:41,342 [SCMBlockDeletingService#0] DEBUG block.SCMBlockDeletingService (SCMBlockDeletingService.java:call(155)) - Scanned deleted blocks log and got 0 delTX to process.
2019-08-30 23:39:41,407 [grpc-default-executor-0] INFO  client.GrpcClientProtocolClient (GrpcClientProtocolClient.java:onNext(255)) - client-7EF960CB3D58->c9f1298e-d840-49d8-aac3-de81602aa1d5: receive RaftClientReply:client-7EF960CB3D58->c9f1298e-d840-49d8-aac3-de81602aa1d5@group-E9810A644481, cid=1, FAILED org.apache.ratis.protocol.NotLeaderException: Server c9f1298e-d840-49d8-aac3-de81602aa1d5 is not the leader (null). Request must be sent to leader., logIndex=0, commits[c9f1298e-d840-49d8-aac3-de81602aa1d5:c-1]
2019-08-30 23:39:41,444 [SCMBlockDeletingService#0] DEBUG block.SCMBlockDeletingService (SCMBlockDeletingService.java:call(138)) - Running DeletedBlockTransactionScanner
2019-08-30 23:39:41,444 [SCMBlockDeletingService#0] DEBUG block.SCMBlockDeletingService (SCMBlockDeletingService.java:call(155)) - Scanned deleted blocks log and got 0 delTX to process.
2019-08-30 23:39:41,545 [SCMBlockDeletingService#0] DEBUG block.SCMBlockDeletingService (SCMBlockDeletingService.java:call(138)) - Running DeletedBlockTransactionScanner
2019-08-30 23:39:41,545 [SCMBlockDeletingService#0] DEBUG block.SCMBlockDeletingService (SCMBlockDeletingService.java:call(155)) - Scanned deleted blocks log and got 0 delTX to process.
2019-08-30 23:39:41,646 [SCMBlockDeletingService#0] DEBUG block.SCMBlockDeletingService (SCMBlockDeletingService.java:call(138)) - Running DeletedBlockTransactionScanner
2019-08-30 23:39:41,646 [SCMBlockDeletingService#0] DEBUG block.SCMBlockDeletingService (SCMBlockDeletingService.java:call(155)) - Scanned deleted blocks log and got 0 delTX to process.
2019-08-30 23:39:41,747 [SCMBlockDeletingService#0] DEBUG block.SCMBlockDeletingService (SCMBlockDeletingService.java:call(138)) - Running DeletedBlockTransactionScanner
2019-08-30 23:39:41,747 [SCMBlockDeletingService#0] DEBUG block.SCMBlockDeletingService (SCMBlockDeletingService.java:call(155)) - Scanned deleted blocks log and got 0 delTX to process.
2019-08-30 23:39:41,847 [SCMBlockDeletingService#0] DEBUG block.SCMBlockDeletingService (SCMBlockDeletingService.java:call(138)) - Running DeletedBlockTransactionScanner
2019-08-30 23:39:41,848 [SCMBlockDeletingService#0] DEBUG block.SCMBlockDeletingService (SCMBlockDeletingService.java:call(155)) - Scanned deleted blocks log and got 0 delTX to process.
2019-08-30 23:39:41,948 [SCMBlockDeletingService#0] DEBUG block.SCMBlockDeletingService (SCMBlockDeletingService.java:call(138)) - Running DeletedBlockTransactionScanner
2019-08-30 23:39:41,948 [SCMBlockDeletingService#0] DEBUG block.SCMBlockDeletingService (SCMBlockDeletingService.java:call(155)) - Scanned deleted blocks log and got 0 delTX to process.
2019-08-30 23:39:42,049 [SCMBlockDeletingService#0] DEBUG block.SCMBlockDeletingService (SCMBlockDeletingService.java:call(138)) - Running DeletedBlockTransactionScanner
2019-08-30 23:39:42,049 [SCMBlockDeletingService#0] DEBUG block.SCMBlockDeletingService (SCMBlockDeletingService.java:call(155)) - Scanned deleted blocks log and got 0 delTX to process.
2019-08-30 23:39:42,150 [SCMBlockDeletingService#0] DEBUG block.SCMBlockDeletingService (SCMBlockDeletingService.java:call(138)) - Running DeletedBlockTransactionScanner
2019-08-30 23:39:42,150 [SCMBlockDeletingService#0] DEBUG block.SCMBlockDeletingService (SCMBlockDeletingService.java:call(155)) - Scanned deleted blocks log and got 0 delTX to process.
2019-08-30 23:39:42,250 [SCMBlockDeletingService#0] DEBUG block.SCMBlockDeletingService (SCMBlockDeletingService.java:call(138)) - Running DeletedBlockTransactionScanner
2019-08-30 23:39:42,251 [SCMBlockDeletingService#0] DEBUG block.SCMBlockDeletingService (SCMBlockDeletingService.java:call(155)) - Scanned deleted blocks log and got 0 delTX to process.
2019-08-30 23:39:42,351 [SCMBlockDeletingService#0] DEBUG block.SCMBlockDeletingService (SCMBlockDeletingService.java:call(138)) - Running DeletedBlockTransactionScanner
2019-08-30 23:39:42,351 [SCMBlockDeletingService#0] DEBUG block.SCMBlockDeletingService (SCMBlockDeletingService.java:call(155)) - Scanned deleted blocks log and got 0 delTX to process.
2019-08-30 23:39:42,410 [Thread-158] INFO  impl.FollowerState (FollowerState.java:run(106)) - c9f1298e-d840-49d8-aac3-de81602aa1d5:group-E9810A644481 changes to CANDIDATE, lastRpcTime:5125, electionTimeout:5124ms
2019-08-30 23:39:42,411 [Thread-158] INFO  impl.RoleInfo (RoleInfo.java:shutdownFollowerState(121)) - c9f1298e-d840-49d8-aac3-de81602aa1d5: shutdown FollowerState
2019-08-30 23:39:42,412 [Thread-158] INFO  impl.RaftServerImpl (RaftServerImpl.java:setRole(171)) - c9f1298e-d840-49d8-aac3-de81602aa1d5:group-E9810A644481 changes role from FOLLOWER to CANDIDATE at term 0 for changeToCandidate
2019-08-30 23:39:42,418 [Thread-158] INFO  impl.RoleInfo (RoleInfo.java:updateAndGet(143)) - c9f1298e-d840-49d8-aac3-de81602aa1d5: start LeaderElection
2019-08-30 23:39:42,442 [c9f1298e-d840-49d8-aac3-de81602aa1d5:group-E9810A644481:LeaderElection1] INFO  impl.LeaderElection (LeaderElection.java:askForVotes(181)) - c9f1298e-d840-49d8-aac3-de81602aa1d5:group-E9810A644481:LeaderElection1: begin an election at term 1 for -1: [c9f1298e-d840-49d8-aac3-de81602aa1d5:192.168.36.88:34937], old=null
2019-08-30 23:39:42,444 [c9f1298e-d840-49d8-aac3-de81602aa1d5:group-E9810A644481:LeaderElection1] INFO  impl.RoleInfo (RoleInfo.java:shutdownLeaderElection(134)) - c9f1298e-d840-49d8-aac3-de81602aa1d5: shutdown LeaderElection
2019-08-30 23:39:42,444 [c9f1298e-d840-49d8-aac3-de81602aa1d5:group-E9810A644481:LeaderElection1] INFO  impl.RaftServerImpl (RaftServerImpl.java:setRole(171)) - c9f1298e-d840-49d8-aac3-de81602aa1d5:group-E9810A644481 changes role from CANDIDATE to LEADER at term 1 for changeToLeader
2019-08-30 23:39:42,445 [c9f1298e-d840-49d8-aac3-de81602aa1d5:group-E9810A644481:LeaderElection1] INFO  impl.RaftServerImpl (ServerState.java:setLeader(263)) - c9f1298e-d840-49d8-aac3-de81602aa1d5:group-E9810A644481 change Leader from null to c9f1298e-d840-49d8-aac3-de81602aa1d5 at term 1 for becomeLeader, leader elected after 5240ms
2019-08-30 23:39:42,452 [SCMBlockDeletingService#0] DEBUG block.SCMBlockDeletingService (SCMBlockDeletingService.java:call(138)) - Running DeletedBlockTransactionScanner
2019-08-30 23:39:42,452 [SCMBlockDeletingService#0] DEBUG block.SCMBlockDeletingService (SCMBlockDeletingService.java:call(155)) - Scanned deleted blocks log and got 0 delTX to process.
2019-08-30 23:39:42,453 [c9f1298e-d840-49d8-aac3-de81602aa1d5:group-E9810A644481:LeaderElection1] INFO  server.RaftServerConfigKeys (ConfUtils.java:logGet(43)) - raft.server.staging.catchup.gap = 1000 (default)
2019-08-30 23:39:42,453 [c9f1298e-d840-49d8-aac3-de81602aa1d5:group-E9810A644481:LeaderElection1] INFO  server.RaftServerConfigKeys (ConfUtils.java:logGet(43)) - raft.server.rpc.sleep.time = 25ms (default)
2019-08-30 23:39:42,456 [c9f1298e-d840-49d8-aac3-de81602aa1d5:group-E9810A644481:LeaderElection1] INFO  server.RaftServerConfigKeys (ConfUtils.java:logGet(43)) - raft.server.write.element-limit = 4096 (default)
2019-08-30 23:39:42,460 [c9f1298e-d840-49d8-aac3-de81602aa1d5:group-E9810A644481:LeaderElection1] INFO  server.RaftServerConfigKeys (ConfUtils.java:logGet(43)) - raft.server.watch.timeout = 10s (default)
2019-08-30 23:39:42,460 [c9f1298e-d840-49d8-aac3-de81602aa1d5:group-E9810A644481:LeaderElection1] INFO  server.RaftServerConfigKeys (ConfUtils.java:logGet(43)) - raft.server.watch.timeout.denomination = 1s (default)
2019-08-30 23:39:42,461 [c9f1298e-d840-49d8-aac3-de81602aa1d5:group-E9810A644481:LeaderElection1] INFO  server.RaftServerConfigKeys (ConfUtils.java:logGet(43)) - raft.server.watch.element-limit = 65536 (default)
2019-08-30 23:39:42,471 [c9f1298e-d840-49d8-aac3-de81602aa1d5:group-E9810A644481:LeaderElection1] INFO  impl.RoleInfo (RoleInfo.java:updateAndGet(143)) - c9f1298e-d840-49d8-aac3-de81602aa1d5: start LeaderState
2019-08-30 23:39:42,494 [c9f1298e-d840-49d8-aac3-de81602aa1d5:group-E9810A644481:LeaderElection1] INFO  segmented.SegmentedRaftLogWorker (SegmentedRaftLogWorker.java:startLogSegment(380)) - c9f1298e-d840-49d8-aac3-de81602aa1d5-SegmentedRaftLogWorker:Storage Directory /workdir/hadoop-ozone/integration-test/target/test-dir/MiniOzoneClusterImpl-114e42e4-73b4-4267-990c-8675b38dec53/datanode-0/data/ratis/f0fc4ca0-c3ee-4d38-af01-e9810a644481: Starting segment from index:0
2019-08-30 23:39:42,504 [c9f1298e-d840-49d8-aac3-de81602aa1d5:group-E9810A644481:LeaderElection1] INFO  impl.RaftServerImpl (ServerState.java:setRaftConf(361)) - c9f1298e-d840-49d8-aac3-de81602aa1d5:group-E9810A644481 set configuration 0: [c9f1298e-d840-49d8-aac3-de81602aa1d5:192.168.36.88:34937], old=null at 0
2019-08-30 23:39:42,553 [SCMBlockDeletingService#0] DEBUG block.SCMBlockDeletingService (SCMBlockDeletingService.java:call(138)) - Running DeletedBlockTransactionScanner
2019-08-30 23:39:42,553 [SCMBlockDeletingService#0] DEBUG block.SCMBlockDeletingService (SCMBlockDeletingService.java:call(155)) - Scanned deleted blocks log and got 0 delTX to process.
2019-08-30 23:39:42,653 [SCMBlockDeletingService#0] DEBUG block.SCMBlockDeletingService (SCMBlockDeletingService.java:call(138)) - Running DeletedBlockTransactionScanner
2019-08-30 23:39:42,654 [SCMBlockDeletingService#0] DEBUG block.SCMBlockDeletingService (SCMBlockDeletingService.java:call(155)) - Scanned deleted blocks log and got 0 delTX to process.
2019-08-30 23:39:42,705 [c9f1298e-d840-49d8-aac3-de81602aa1d5-SegmentedRaftLogWorker:Storage Directory /workdir/hadoop-ozone/integration-test/target/test-dir/MiniOzoneClusterImpl-114e42e4-73b4-4267-990c-8675b38dec53/datanode-0/data/ratis/f0fc4ca0-c3ee-4d38-af01-e9810a644481] INFO  segmented.SegmentedRaftLogWorker (SegmentedRaftLogWorker.java:execute(569)) - c9f1298e-d840-49d8-aac3-de81602aa1d5-SegmentedRaftLogWorker:Storage Directory /workdir/hadoop-ozone/integration-test/target/test-dir/MiniOzoneClusterImpl-114e42e4-73b4-4267-990c-8675b38dec53/datanode-0/data/ratis/f0fc4ca0-c3ee-4d38-af01-e9810a644481: created new log segment /workdir/hadoop-ozone/integration-test/target/test-dir/MiniOzoneClusterImpl-114e42e4-73b4-4267-990c-8675b38dec53/datanode-0/data/ratis/f0fc4ca0-c3ee-4d38-af01-e9810a644481/current/log_inprogress_0
2019-08-30 23:39:42,754 [SCMBlockDeletingService#0] DEBUG block.SCMBlockDeletingService (SCMBlockDeletingService.java:call(138)) - Running DeletedBlockTransactionScanner
2019-08-30 23:39:42,754 [SCMBlockDeletingService#0] DEBUG block.SCMBlockDeletingService (SCMBlockDeletingService.java:call(155)) - Scanned deleted blocks log and got 0 delTX to process.
2019-08-30 23:39:42,855 [SCMBlockDeletingService#0] DEBUG block.SCMBlockDeletingService (SCMBlockDeletingService.java:call(138)) - Running DeletedBlockTransactionScanner
2019-08-30 23:39:42,855 [SCMBlockDeletingService#0] DEBUG block.SCMBlockDeletingService (SCMBlockDeletingService.java:call(155)) - Scanned deleted blocks log and got 0 delTX to process.
2019-08-30 23:39:42,956 [SCMBlockDeletingService#0] DEBUG block.SCMBlockDeletingService (SCMBlockDeletingService.java:call(138)) - Running DeletedBlockTransactionScanner
2019-08-30 23:39:42,956 [SCMBlockDeletingService#0] DEBUG block.SCMBlockDeletingService (SCMBlockDeletingService.java:call(155)) - Scanned deleted blocks log and got 0 delTX to process.
2019-08-30 23:39:43,057 [SCMBlockDeletingService#1] DEBUG block.SCMBlockDeletingService (SCMBlockDeletingService.java:call(138)) - Running DeletedBlockTransactionScanner
2019-08-30 23:39:43,059 [SCMBlockDeletingService#1] DEBUG block.SCMBlockDeletingService (SCMBlockDeletingService.java:call(155)) - Scanned deleted blocks log and got 0 delTX to process.
2019-08-30 23:39:43,159 [SCMBlockDeletingService#1] DEBUG block.SCMBlockDeletingService (SCMBlockDeletingService.java:call(138)) - Running DeletedBlockTransactionScanner
2019-08-30 23:39:43,159 [SCMBlockDeletingService#1] DEBUG block.SCMBlockDeletingService (SCMBlockDeletingService.java:call(155)) - Scanned deleted blocks log and got 0 delTX to process.
2019-08-30 23:39:43,260 [SCMBlockDeletingService#1] DEBUG block.SCMBlockDeletingService (SCMBlockDeletingService.java:call(138)) - Running DeletedBlockTransactionScanner
2019-08-30 23:39:43,260 [SCMBlockDeletingService#1] DEBUG block.SCMBlockDeletingService (SCMBlockDeletingService.java:call(155)) - Scanned deleted blocks log and got 0 delTX to process.
2019-08-30 23:39:43,361 [SCMBlockDeletingService#1] DEBUG block.SCMBlockDeletingService (SCMBlockDeletingService.java:call(138)) - Running DeletedBlockTransactionScanner
2019-08-30 23:39:43,361 [SCMBlockDeletingService#1] DEBUG block.SCMBlockDeletingService (SCMBlockDeletingService.java:call(155)) - Scanned deleted blocks log and got 0 delTX to process.
2019-08-30 23:39:43,461 [SCMBlockDeletingService#1] DEBUG block.SCMBlockDeletingService (SCMBlockDeletingService.java:call(138)) - Running DeletedBlockTransactionScanner
2019-08-30 23:39:43,462 [SCMBlockDeletingService#1] DEBUG block.SCMBlockDeletingService (SCMBlockDeletingService.java:call(155)) - Scanned deleted blocks log and got 0 delTX to process.
2019-08-30 23:39:43,562 [SCMBlockDeletingService#1] DEBUG block.SCMBlockDeletingService (SCMBlockDeletingService.java:call(138)) - Running DeletedBlockTransactionScanner
2019-08-30 23:39:43,562 [SCMBlockDeletingService#1] DEBUG block.SCMBlockDeletingService (SCMBlockDeletingService.java:call(155)) - Scanned deleted blocks log and got 0 delTX to process.
2019-08-30 23:39:43,663 [SCMBlockDeletingService#1] DEBUG block.SCMBlockDeletingService (SCMBlockDeletingService.java:call(138)) - Running DeletedBlockTransactionScanner
2019-08-30 23:39:43,663 [SCMBlockDeletingService#1] DEBUG block.SCMBlockDeletingService (SCMBlockDeletingService.java:call(155)) - Scanned deleted blocks log and got 0 delTX to process.
2019-08-30 23:39:43,764 [SCMBlockDeletingService#1] DEBUG block.SCMBlockDeletingService (SCMBlockDeletingService.java:call(138)) - Running DeletedBlockTransactionScanner
2019-08-30 23:39:43,764 [SCMBlockDeletingService#1] DEBUG block.SCMBlockDeletingService (SCMBlockDeletingService.java:call(155)) - Scanned deleted blocks log and got 0 delTX to process.
2019-08-30 23:39:43,795 [grpc-default-executor-1] INFO  client.GrpcClientProtocolClient (GrpcClientProtocolClient.java:onNext(255)) - client-7EF960CB3D58->c9f1298e-d840-49d8-aac3-de81602aa1d5: receive RaftClientReply:client-7EF960CB3D58->c9f1298e-d840-49d8-aac3-de81602aa1d5@group-E9810A644481, cid=1, SUCCESS, logIndex=1, commits[c9f1298e-d840-49d8-aac3-de81602aa1d5:c2]
2019-08-30 23:39:43,864 [SCMBlockDeletingService#1] DEBUG block.SCMBlockDeletingService (SCMBlockDeletingService.java:call(138)) - Running DeletedBlockTransactionScanner
2019-08-30 23:39:43,865 [SCMBlockDeletingService#1] DEBUG block.SCMBlockDeletingService (SCMBlockDeletingService.java:call(155)) - Scanned deleted blocks log and got 0 delTX to process.
2019-08-30 23:39:43,966 [SCMBlockDeletingService#1] DEBUG block.SCMBlockDeletingService (SCMBlockDeletingService.java:call(138)) - Running DeletedBlockTransactionScanner
2019-08-30 23:39:43,966 [SCMBlockDeletingService#1] DEBUG block.SCMBlockDeletingService (SCMBlockDeletingService.java:call(155)) - Scanned deleted blocks log and got 0 delTX to process.
2019-08-30 23:39:43,970 [grpc-default-executor-0] INFO  client.GrpcClientProtocolClient (GrpcClientProtocolClient.java:onNext(255)) - client-7EF960CB3D58->c9f1298e-d840-49d8-aac3-de81602aa1d5: receive RaftClientReply:client-7EF960CB3D58->c9f1298e-d840-49d8-aac3-de81602aa1d5@group-E9810A644481, cid=2, SUCCESS, logIndex=3, commits[c9f1298e-d840-49d8-aac3-de81602aa1d5:c7]
2019-08-30 23:39:43,976 [grpc-default-executor-0] INFO  client.GrpcClientProtocolClient (GrpcClientProtocolClient.java:onNext(255)) - client-7EF960CB3D58->c9f1298e-d840-49d8-aac3-de81602aa1d5: receive RaftClientReply:client-7EF960CB3D58->c9f1298e-d840-49d8-aac3-de81602aa1d5@group-E9810A644481, cid=3, SUCCESS, logIndex=5, commits[c9f1298e-d840-49d8-aac3-de81602aa1d5:c7]
2019-08-30 23:39:43,977 [grpc-default-executor-0] INFO  client.GrpcClientProtocolClient (GrpcClientProtocolClient.java:onNext(255)) - client-7EF960CB3D58->c9f1298e-d840-49d8-aac3-de81602aa1d5: receive RaftClientReply:client-7EF960CB3D58->c9f1298e-d840-49d8-aac3-de81602aa1d5@group-E9810A644481, cid=4, SUCCESS, logIndex=6, commits[c9f1298e-d840-49d8-aac3-de81602aa1d5:c7]
2019-08-30 23:39:44,032 [grpc-default-executor-0] INFO  client.GrpcClientProtocolClient (GrpcClientProtocolClient.java:onNext(255)) - client-7EF960CB3D58->c9f1298e-d840-49d8-aac3-de81602aa1d5: receive RaftClientReply:client-7EF960CB3D58->c9f1298e-d840-49d8-aac3-de81602aa1d5@group-E9810A644481, cid=5, SUCCESS, logIndex=8, commits[c9f1298e-d840-49d8-aac3-de81602aa1d5:c9]
2019-08-30 23:39:44,033 [grpc-default-executor-0] INFO  client.GrpcClientProtocolClient (GrpcClientProtocolClient.java:onNext(255)) - client-7EF960CB3D58->c9f1298e-d840-49d8-aac3-de81602aa1d5: receive RaftClientReply:client-7EF960CB3D58->c9f1298e-d840-49d8-aac3-de81602aa1d5@group-E9810A644481, cid=6, SUCCESS, logIndex=9, commits[c9f1298e-d840-49d8-aac3-de81602aa1d5:c9]
2019-08-30 23:39:44,041 [grpc-default-executor-0] INFO  client.GrpcClientProtocolClient (GrpcClientProtocolClient.java:onNext(255)) - client-7EF960CB3D58->c9f1298e-d840-49d8-aac3-de81602aa1d5: receive RaftClientReply:client-7EF960CB3D58->c9f1298e-d840-49d8-aac3-de81602aa1d5@group-E9810A644481, cid=7, SUCCESS, logIndex=11, commits[c9f1298e-d840-49d8-aac3-de81602aa1d5:c12]
2019-08-30 23:39:44,044 [grpc-default-executor-0] INFO  client.GrpcClientProtocolClient (GrpcClientProtocolClient.java:onNext(255)) - client-7EF960CB3D58->c9f1298e-d840-49d8-aac3-de81602aa1d5: receive RaftClientReply:client-7EF960CB3D58->c9f1298e-d840-49d8-aac3-de81602aa1d5@group-E9810A644481, cid=8, SUCCESS, logIndex=12, commits[c9f1298e-d840-49d8-aac3-de81602aa1d5:c12]
2019-08-30 23:39:44,067 [SCMBlockDeletingService#1] DEBUG block.SCMBlockDeletingService (SCMBlockDeletingService.java:call(138)) - Running DeletedBlockTransactionScanner
2019-08-30 23:39:44,068 [SCMBlockDeletingService#1] DEBUG block.SCMBlockDeletingService (SCMBlockDeletingService.java:call(155)) - Scanned deleted blocks log and got 0 delTX to process.
2019-08-30 23:39:44,168 [SCMBlockDeletingService#1] DEBUG block.SCMBlockDeletingService (SCMBlockDeletingService.java:call(138)) - Running DeletedBlockTransactionScanner
2019-08-30 23:39:44,169 [SCMBlockDeletingService#1] DEBUG block.SCMBlockDeletingService (SCMBlockDeletingService.java:call(155)) - Scanned deleted blocks log and got 0 delTX to process.
2019-08-30 23:39:44,233 [grpc-default-executor-0] INFO  client.GrpcClientProtocolClient (GrpcClientProtocolClient.java:onNext(255)) - client-7EF960CB3D58->c9f1298e-d840-49d8-aac3-de81602aa1d5: receive RaftClientReply:client-7EF960CB3D58->c9f1298e-d840-49d8-aac3-de81602aa1d5@group-E9810A644481, cid=9, SUCCESS, logIndex=14, commits[c9f1298e-d840-49d8-aac3-de81602aa1d5:c17]
2019-08-30 23:39:44,269 [SCMBlockDeletingService#1] DEBUG block.SCMBlockDeletingService (SCMBlockDeletingService.java:call(138)) - Running DeletedBlockTransactionScanner
2019-08-30 23:39:44,270 [SCMBlockDeletingService#1] DEBUG block.SCMBlockDeletingService (SCMBlockDeletingService.java:call(155)) - Scanned deleted blocks log and got 0 delTX to process.
2019-08-30 23:39:44,334 [grpc-default-executor-0] INFO  client.GrpcClientProtocolClient (GrpcClientProtocolClient.java:onNext(255)) - client-7EF960CB3D58->c9f1298e-d840-49d8-aac3-de81602aa1d5: receive RaftClientReply:client-7EF960CB3D58->c9f1298e-d840-49d8-aac3-de81602aa1d5@group-E9810A644481, cid=10, SUCCESS, logIndex=15, commits[c9f1298e-d840-49d8-aac3-de81602aa1d5:c18]
2019-08-30 23:39:44,337 [grpc-default-executor-0] INFO  client.GrpcClientProtocolClient (GrpcClientProtocolClient.java:onNext(255)) - client-7EF960CB3D58->c9f1298e-d840-49d8-aac3-de81602aa1d5: receive RaftClientReply:client-7EF960CB3D58->c9f1298e-d840-49d8-aac3-de81602aa1d5@group-E9810A644481, cid=11, SUCCESS, logIndex=16, commits[c9f1298e-d840-49d8-aac3-de81602aa1d5:c18]
2019-08-30 23:39:44,338 [grpc-default-executor-0] INFO  client.GrpcClientProtocolClient (GrpcClientProtocolClient.java:onNext(255)) - client-7EF960CB3D58->c9f1298e-d840-49d8-aac3-de81602aa1d5: receive RaftClientReply:client-7EF960CB3D58->c9f1298e-d840-49d8-aac3-de81602aa1d5@group-E9810A644481, cid=12, SUCCESS, logIndex=17, commits[c9f1298e-d840-49d8-aac3-de81602aa1d5:c18]
2019-08-30 23:39:44,370 [SCMBlockDeletingService#1] DEBUG block.SCMBlockDeletingService (SCMBlockDeletingService.java:call(138)) - Running DeletedBlockTransactionScanner
2019-08-30 23:39:44,370 [SCMBlockDeletingService#1] DEBUG block.SCMBlockDeletingService (SCMBlockDeletingService.java:call(155)) - Scanned deleted blocks log and got 0 delTX to process.
2019-08-30 23:39:44,424 [grpc-default-executor-0] INFO  client.GrpcClientProtocolClient (GrpcClientProtocolClient.java:onNext(255)) - client-7EF960CB3D58->c9f1298e-d840-49d8-aac3-de81602aa1d5: receive RaftClientReply:client-7EF960CB3D58->c9f1298e-d840-49d8-aac3-de81602aa1d5@group-E9810A644481, cid=13, SUCCESS, logIndex=19, commits[c9f1298e-d840-49d8-aac3-de81602aa1d5:c20]
2019-08-30 23:39:44,426 [grpc-default-executor-0] INFO  client.GrpcClientProtocolClient (GrpcClientProtocolClient.java:onNext(255)) - client-7EF960CB3D58->c9f1298e-d840-49d8-aac3-de81602aa1d5: receive RaftClientReply:client-7EF960CB3D58->c9f1298e-d840-49d8-aac3-de81602aa1d5@group-E9810A644481, cid=14, SUCCESS, logIndex=20, commits[c9f1298e-d840-49d8-aac3-de81602aa1d5:c20]
2019-08-30 23:39:44,431 [grpc-default-executor-0] INFO  client.GrpcClientProtocolClient (GrpcClientProtocolClient.java:onNext(255)) - client-7EF960CB3D58->c9f1298e-d840-49d8-aac3-de81602aa1d5: receive RaftClientReply:client-7EF960CB3D58->c9f1298e-d840-49d8-aac3-de81602aa1d5@group-E9810A644481, cid=15, SUCCESS, logIndex=21, commits[c9f1298e-d840-49d8-aac3-de81602aa1d5:c22]
2019-08-30 23:39:44,433 [grpc-default-executor-0] INFO  client.GrpcClientProtocolClient (GrpcClientProtocolClient.java:onNext(255)) - client-7EF960CB3D58->c9f1298e-d840-49d8-aac3-de81602aa1d5: receive RaftClientReply:client-7EF960CB3D58->c9f1298e-d840-49d8-aac3-de81602aa1d5@group-E9810A644481, cid=16, SUCCESS, logIndex=22, commits[c9f1298e-d840-49d8-aac3-de81602aa1d5:c22]
2019-08-30 23:39:44,473 [SCMBlockDeletingService#1] DEBUG block.SCMBlockDeletingService (SCMBlockDeletingService.java:call(138)) - Running DeletedBlockTransactionScanner
2019-08-30 23:39:44,473 [SCMBlockDeletingService#1] DEBUG block.SCMBlockDeletingService (SCMBlockDeletingService.java:call(155)) - Scanned deleted blocks log and got 0 delTX to process.
2019-08-30 23:39:44,574 [SCMBlockDeletingService#1] DEBUG block.SCMBlockDeletingService (SCMBlockDeletingService.java:call(138)) - Running DeletedBlockTransactionScanner
2019-08-30 23:39:44,574 [SCMBlockDeletingService#1] DEBUG block.SCMBlockDeletingService (SCMBlockDeletingService.java:call(155)) - Scanned deleted blocks log and got 0 delTX to process.
2019-08-30 23:39:44,627 [grpc-default-executor-0] INFO  client.GrpcClientProtocolClient (GrpcClientProtocolClient.java:onNext(255)) - client-7EF960CB3D58->c9f1298e-d840-49d8-aac3-de81602aa1d5: receive RaftClientReply:client-7EF960CB3D58->c9f1298e-d840-49d8-aac3-de81602aa1d5@group-E9810A644481, cid=17, SUCCESS, logIndex=25, commits[c9f1298e-d840-49d8-aac3-de81602aa1d5:c28]
2019-08-30 23:39:44,674 [SCMBlockDeletingService#1] DEBUG block.SCMBlockDeletingService (SCMBlockDeletingService.java:call(138)) - Running DeletedBlockTransactionScanner
2019-08-30 23:39:44,675 [SCMBlockDeletingService#1] DEBUG block.SCMBlockDeletingService (SCMBlockDeletingService.java:call(155)) - Scanned deleted blocks log and got 0 delTX to process.
2019-08-30 23:39:44,707 [grpc-default-executor-0] INFO  client.GrpcClientProtocolClient (GrpcClientProtocolClient.java:onNext(255)) - client-7EF960CB3D58->c9f1298e-d840-49d8-aac3-de81602aa1d5: receive RaftClientReply:client-7EF960CB3D58->c9f1298e-d840-49d8-aac3-de81602aa1d5@group-E9810A644481, cid=18, SUCCESS, logIndex=26, commits[c9f1298e-d840-49d8-aac3-de81602aa1d5:c29]
2019-08-30 23:39:44,708 [grpc-default-executor-0] INFO  client.GrpcClientProtocolClient (GrpcClientProtocolClient.java:onNext(255)) - client-7EF960CB3D58->c9f1298e-d840-49d8-aac3-de81602aa1d5: receive RaftClientReply:client-7EF960CB3D58->c9f1298e-d840-49d8-aac3-de81602aa1d5@group-E9810A644481, cid=19, SUCCESS, logIndex=27, commits[c9f1298e-d840-49d8-aac3-de81602aa1d5:c29]
2019-08-30 23:39:44,709 [grpc-default-executor-0] INFO  client.GrpcClientProtocolClient (GrpcClientProtocolClient.java:onNext(255)) - client-7EF960CB3D58->c9f1298e-d840-49d8-aac3-de81602aa1d5: receive RaftClientReply:client-7EF960CB3D58->c9f1298e-d840-49d8-aac3-de81602aa1d5@group-E9810A644481, cid=20, SUCCESS, logIndex=28, commits[c9f1298e-d840-49d8-aac3-de81602aa1d5:c29]
2019-08-30 23:39:44,746 [grpc-default-executor-0] INFO  client.GrpcClientProtocolClient (GrpcClientProtocolClient.java:onNext(255)) - client-7EF960CB3D58->c9f1298e-d840-49d8-aac3-de81602aa1d5: receive RaftClientReply:client-7EF960CB3D58->c9f1298e-d840-49d8-aac3-de81602aa1d5@group-E9810A644481, cid=21, SUCCESS, logIndex=30, commits[c9f1298e-d840-49d8-aac3-de81602aa1d5:c31]
2019-08-30 23:39:44,747 [grpc-default-executor-0] INFO  client.GrpcClientProtocolClient (GrpcClientProtocolClient.java:onNext(255)) - client-7EF960CB3D58->c9f1298e-d840-49d8-aac3-de81602aa1d5: receive RaftClientReply:client-7EF960CB3D58->c9f1298e-d840-49d8-aac3-de81602aa1d5@group-E9810A644481, cid=22, SUCCESS, logIndex=31, commits[c9f1298e-d840-49d8-aac3-de81602aa1d5:c31]
2019-08-30 23:39:44,752 [grpc-default-executor-0] INFO  client.GrpcClientProtocolClient (GrpcClientProtocolClient.java:onNext(255)) - client-7EF960CB3D58->c9f1298e-d840-49d8-aac3-de81602aa1d5: receive RaftClientReply:client-7EF960CB3D58->c9f1298e-d840-49d8-aac3-de81602aa1d5@group-E9810A644481, cid=23, SUCCESS, logIndex=32, commits[c9f1298e-d840-49d8-aac3-de81602aa1d5:c34]
2019-08-30 23:39:44,752 [grpc-default-executor-0] INFO  client.GrpcClientProtocolClient (GrpcClientProtocolClient.java:onNext(255)) - client-7EF960CB3D58->c9f1298e-d840-49d8-aac3-de81602aa1d5: receive RaftClientReply:client-7EF960CB3D58->c9f1298e-d840-49d8-aac3-de81602aa1d5@group-E9810A644481, cid=24, SUCCESS, logIndex=33, commits[c9f1298e-d840-49d8-aac3-de81602aa1d5:c34]
2019-08-30 23:39:44,775 [SCMBlockDeletingService#1] DEBUG block.SCMBlockDeletingService (SCMBlockDeletingService.java:call(138)) - Running DeletedBlockTransactionScanner
2019-08-30 23:39:44,776 [SCMBlockDeletingService#1] DEBUG block.SCMBlockDeletingService (SCMBlockDeletingService.java:call(155)) - Scanned deleted blocks log and got 0 delTX to process.
2019-08-30 23:39:44,779 [grpc-default-executor-0] INFO  client.GrpcClientProtocolClient (GrpcClientProtocolClient.java:onNext(255)) - client-7EF960CB3D58->c9f1298e-d840-49d8-aac3-de81602aa1d5: receive RaftClientReply:client-7EF960CB3D58->c9f1298e-d840-49d8-aac3-de81602aa1d5@group-E9810A644481, cid=25, SUCCESS, logIndex=35, commits[c9f1298e-d840-49d8-aac3-de81602aa1d5:c36]
2019-08-30 23:39:44,780 [grpc-default-executor-0] INFO  client.GrpcClientProtocolClient (GrpcClientProtocolClient.java:onNext(255)) - client-7EF960CB3D58->c9f1298e-d840-49d8-aac3-de81602aa1d5: receive RaftClientReply:client-7EF960CB3D58->c9f1298e-d840-49d8-aac3-de81602aa1d5@group-E9810A644481, cid=26, SUCCESS, logIndex=36, commits[c9f1298e-d840-49d8-aac3-de81602aa1d5:c36]
2019-08-30 23:39:44,789 [grpc-default-executor-0] INFO  client.GrpcClientProtocolClient (GrpcClientProtocolClient.java:onNext(255)) - client-7EF960CB3D58->c9f1298e-d840-49d8-aac3-de81602aa1d5: receive RaftClientReply:client-7EF960CB3D58->c9f1298e-d840-49d8-aac3-de81602aa1d5@group-E9810A644481, cid=27, SUCCESS, logIndex=37, commits[c9f1298e-d840-49d8-aac3-de81602aa1d5:c39]
2019-08-30 23:39:44,790 [grpc-default-executor-0] INFO  client.GrpcClientProtocolClient (GrpcClientProtocolClient.java:onNext(255)) - client-7EF960CB3D58->c9f1298e-d840-49d8-aac3-de81602aa1d5: receive RaftClientReply:client-7EF960CB3D58->c9f1298e-d840-49d8-aac3-de81602aa1d5@group-E9810A644481, cid=28, SUCCESS, logIndex=38, commits[c9f1298e-d840-49d8-aac3-de81602aa1d5:c39]
2019-08-30 23:39:44,823 [grpc-default-executor-1] INFO  client.GrpcClientProtocolClient (GrpcClientProtocolClient.java:onNext(255)) - client-7EF960CB3D58->c9f1298e-d840-49d8-aac3-de81602aa1d5: receive RaftClientReply:client-7EF960CB3D58->c9f1298e-d840-49d8-aac3-de81602aa1d5@group-E9810A644481, cid=29, SUCCESS, logIndex=40, commits[c9f1298e-d840-49d8-aac3-de81602aa1d5:c41]
2019-08-30 23:39:44,825 [grpc-default-executor-1] INFO  client.GrpcClientProtocolClient (GrpcClientProtocolClient.java:onNext(255)) - client-7EF960CB3D58->c9f1298e-d840-49d8-aac3-de81602aa1d5: receive RaftClientReply:client-7EF960CB3D58->c9f1298e-d840-49d8-aac3-de81602aa1d5@group-E9810A644481, cid=30, SUCCESS, logIndex=41, commits[c9f1298e-d840-49d8-aac3-de81602aa1d5:c41]
2019-08-30 23:39:44,828 [grpc-default-executor-1] INFO  client.GrpcClientProtocolClient (GrpcClientProtocolClient.java:onNext(255)) - client-7EF960CB3D58->c9f1298e-d840-49d8-aac3-de81602aa1d5: receive RaftClientReply:client-7EF960CB3D58->c9f1298e-d840-49d8-aac3-de81602aa1d5@group-E9810A644481, cid=31, SUCCESS, logIndex=42, commits[c9f1298e-d840-49d8-aac3-de81602aa1d5:c44]
2019-08-30 23:39:44,829 [grpc-default-executor-1] INFO  client.GrpcClientProtocolClient (GrpcClientProtocolClient.java:onNext(255)) - client-7EF960CB3D58->c9f1298e-d840-49d8-aac3-de81602aa1d5: receive RaftClientReply:client-7EF960CB3D58->c9f1298e-d840-49d8-aac3-de81602aa1d5@group-E9810A644481, cid=32, SUCCESS, logIndex=43, commits[c9f1298e-d840-49d8-aac3-de81602aa1d5:c44]
2019-08-30 23:39:44,868 [grpc-default-executor-1] INFO  client.GrpcClientProtocolClient (GrpcClientProtocolClient.java:onNext(255)) - client-7EF960CB3D58->c9f1298e-d840-49d8-aac3-de81602aa1d5: receive RaftClientReply:client-7EF960CB3D58->c9f1298e-d840-49d8-aac3-de81602aa1d5@group-E9810A644481, cid=33, SUCCESS, logIndex=45, commits[c9f1298e-d840-49d8-aac3-de81602aa1d5:c46]
2019-08-30 23:39:44,869 [grpc-default-executor-1] INFO  client.GrpcClientProtocolClient (GrpcClientProtocolClient.java:onNext(255)) - client-7EF960CB3D58->c9f1298e-d840-49d8-aac3-de81602aa1d5: receive RaftClientReply:client-7EF960CB3D58->c9f1298e-d840-49d8-aac3-de81602aa1d5@group-E9810A644481, cid=34, SUCCESS, logIndex=46, commits[c9f1298e-d840-49d8-aac3-de81602aa1d5:c46]
2019-08-30 23:39:44,876 [SCMBlockDeletingService#1] DEBUG block.SCMBlockDeletingService (SCMBlockDeletingService.java:call(138)) - Running DeletedBlockTransactionScanner
2019-08-30 23:39:44,876 [SCMBlockDeletingService#1] DEBUG block.SCMBlockDeletingService (SCMBlockDeletingService.java:call(155)) - Scanned deleted blocks log and got 0 delTX to process.
2019-08-30 23:39:44,883 [grpc-default-executor-1] INFO  client.GrpcClientProtocolClient (GrpcClientProtocolClient.java:onNext(255)) - client-7EF960CB3D58->c9f1298e-d840-49d8-aac3-de81602aa1d5: receive RaftClientReply:client-7EF960CB3D58->c9f1298e-d840-49d8-aac3-de81602aa1d5@group-E9810A644481, cid=35, SUCCESS, logIndex=47, commits[c9f1298e-d840-49d8-aac3-de81602aa1d5:c48]
2019-08-30 23:39:44,883 [grpc-default-executor-1] INFO  client.GrpcClientProtocolClient (GrpcClientProtocolClient.java:onNext(255)) - client-7EF960CB3D58->c9f1298e-d840-49d8-aac3-de81602aa1d5: receive RaftClientReply:client-7EF960CB3D58->c9f1298e-d840-49d8-aac3-de81602aa1d5@group-E9810A644481, cid=36, SUCCESS, logIndex=48, commits[c9f1298e-d840-49d8-aac3-de81602aa1d5:c48]
2019-08-30 23:39:44,910 [grpc-default-executor-0] INFO  client.GrpcClientProtocolClient (GrpcClientProtocolClient.java:onNext(255)) - client-7EF960CB3D58->c9f1298e-d840-49d8-aac3-de81602aa1d5: receive RaftClientReply:client-7EF960CB3D58->c9f1298e-d840-49d8-aac3-de81602aa1d5@group-E9810A644481, cid=37, SUCCESS, logIndex=51, commits[c9f1298e-d840-49d8-aac3-de81602aa1d5:c52]
2019-08-30 23:39:44,911 [grpc-default-executor-0] INFO  client.GrpcClientProtocolClient (GrpcClientProtocolClient.java:onNext(255)) - client-7EF960CB3D58->c9f1298e-d840-49d8-aac3-de81602aa1d5: receive RaftClientReply:client-7EF960CB3D58->c9f1298e-d840-49d8-aac3-de81602aa1d5@group-E9810A644481, cid=38, SUCCESS, logIndex=52, commits[c9f1298e-d840-49d8-aac3-de81602aa1d5:c52]
2019-08-30 23:39:44,913 [grpc-default-executor-0] INFO  client.GrpcClientProtocolClient (GrpcClientProtocolClient.java:onNext(255)) - client-7EF960CB3D58->c9f1298e-d840-49d8-aac3-de81602aa1d5: receive RaftClientReply:client-7EF960CB3D58->c9f1298e-d840-49d8-aac3-de81602aa1d5@group-E9810A644481, cid=39, SUCCESS, logIndex=53, commits[c9f1298e-d840-49d8-aac3-de81602aa1d5:c55]
2019-08-30 23:39:44,914 [grpc-default-executor-0] INFO  client.GrpcClientProtocolClient (GrpcClientProtocolClient.java:onNext(255)) - client-7EF960CB3D58->c9f1298e-d840-49d8-aac3-de81602aa1d5: receive RaftClientReply:client-7EF960CB3D58->c9f1298e-d840-49d8-aac3-de81602aa1d5@group-E9810A644481, cid=40, SUCCESS, logIndex=54, commits[c9f1298e-d840-49d8-aac3-de81602aa1d5:c55]
2019-08-30 23:39:44,955 [grpc-default-executor-1] INFO  client.GrpcClientProtocolClient (GrpcClientProtocolClient.java:onNext(255)) - client-7EF960CB3D58->c9f1298e-d840-49d8-aac3-de81602aa1d5: receive RaftClientReply:client-7EF960CB3D58->c9f1298e-d840-49d8-aac3-de81602aa1d5@group-E9810A644481, cid=41, SUCCESS, logIndex=56, commits[c9f1298e-d840-49d8-aac3-de81602aa1d5:c59]
2019-08-30 23:39:44,957 [grpc-default-executor-1] INFO  client.GrpcClientProtocolClient (GrpcClientProtocolClient.java:onNext(255)) - client-7EF960CB3D58->c9f1298e-d840-49d8-aac3-de81602aa1d5: receive RaftClientReply:client-7EF960CB3D58->c9f1298e-d840-49d8-aac3-de81602aa1d5@group-E9810A644481, cid=42, SUCCESS, logIndex=57, commits[c9f1298e-d840-49d8-aac3-de81602aa1d5:c59]
2019-08-30 23:39:44,958 [grpc-default-executor-1] INFO  client.GrpcClientProtocolClient (GrpcClientProtocolClient.java:onNext(255)) - client-7EF960CB3D58->c9f1298e-d840-49d8-aac3-de81602aa1d5: receive RaftClientReply:client-7EF960CB3D58->c9f1298e-d840-49d8-aac3-de81602aa1d5@group-E9810A644481, cid=43, SUCCESS, logIndex=58, commits[c9f1298e-d840-49d8-aac3-de81602aa1d5:c60]
2019-08-30 23:39:44,959 [grpc-default-executor-1] INFO  client.GrpcClientProtocolClient (GrpcClientProtocolClient.java:onNext(255)) - client-7EF960CB3D58->c9f1298e-d840-49d8-aac3-de81602aa1d5: receive RaftClientReply:client-7EF960CB3D58->c9f1298e-d840-49d8-aac3-de81602aa1d5@group-E9810A644481, cid=44, SUCCESS, logIndex=59, commits[c9f1298e-d840-49d8-aac3-de81602aa1d5:c60]
2019-08-30 23:39:44,977 [SCMBlockDeletingService#1] DEBUG block.SCMBlockDeletingService (SCMBlockDeletingService.java:call(138)) - Running DeletedBlockTransactionScanner
2019-08-30 23:39:44,977 [SCMBlockDeletingService#1] DEBUG block.SCMBlockDeletingService (SCMBlockDeletingService.java:call(155)) - Scanned deleted blocks log and got 0 delTX to process.
2019-08-30 23:39:45,078 [SCMBlockDeletingService#1] DEBUG block.SCMBlockDeletingService (SCMBlockDeletingService.java:call(138)) - Running DeletedBlockTransactionScanner
2019-08-30 23:39:45,078 [SCMBlockDeletingService#1] DEBUG block.SCMBlockDeletingService (SCMBlockDeletingService.java:call(155)) - Scanned deleted blocks log and got 0 delTX to process.
2019-08-30 23:39:45,142 [grpc-default-executor-1] INFO  client.GrpcClientProtocolClient (GrpcClientProtocolClient.java:onNext(255)) - client-7EF960CB3D58->c9f1298e-d840-49d8-aac3-de81602aa1d5: receive RaftClientReply:client-7EF960CB3D58->c9f1298e-d840-49d8-aac3-de81602aa1d5@group-E9810A644481, cid=45, SUCCESS, logIndex=62, commits[c9f1298e-d840-49d8-aac3-de81602aa1d5:c63]
2019-08-30 23:39:45,143 [grpc-default-executor-1] INFO  client.GrpcClientProtocolClient (GrpcClientProtocolClient.java:onNext(255)) - client-7EF960CB3D58->c9f1298e-d840-49d8-aac3-de81602aa1d5: receive RaftClientReply:client-7EF960CB3D58->c9f1298e-d840-49d8-aac3-de81602aa1d5@group-E9810A644481, cid=46, SUCCESS, logIndex=63, commits[c9f1298e-d840-49d8-aac3-de81602aa1d5:c63]
2019-08-30 23:39:45,149 [grpc-default-executor-1] INFO  client.GrpcClientProtocolClient (GrpcClientProtocolClient.java:onNext(255)) - client-7EF960CB3D58->c9f1298e-d840-49d8-aac3-de81602aa1d5: receive RaftClientReply:client-7EF960CB3D58->c9f1298e-d840-49d8-aac3-de81602aa1d5@group-E9810A644481, cid=47, SUCCESS, logIndex=64, commits[c9f1298e-d840-49d8-aac3-de81602aa1d5:c65]
2019-08-30 23:39:45,151 [grpc-default-executor-1] INFO  client.GrpcClientProtocolClient (GrpcClientProtocolClient.java:onNext(255)) - client-7EF960CB3D58->c9f1298e-d840-49d8-aac3-de81602aa1d5: receive RaftClientReply:client-7EF960CB3D58->c9f1298e-d840-49d8-aac3-de81602aa1d5@group-E9810A644481, cid=48, SUCCESS, logIndex=65, commits[c9f1298e-d840-49d8-aac3-de81602aa1d5:c65]
2019-08-30 23:39:45,179 [SCMBlockDeletingService#1] DEBUG block.SCMBlockDeletingService (SCMBlockDeletingService.java:call(138)) - Running DeletedBlockTransactionScanner
2019-08-30 23:39:45,179 [SCMBlockDeletingService#1] DEBUG block.SCMBlockDeletingService (SCMBlockDeletingService.java:call(155)) - Scanned deleted blocks log and got 0 delTX to process.
2019-08-30 23:39:45,201 [grpc-default-executor-1] INFO  client.GrpcClientProtocolClient (GrpcClientProtocolClient.java:onNext(255)) - client-7EF960CB3D58->c9f1298e-d840-49d8-aac3-de81602aa1d5: receive RaftClientReply:client-7EF960CB3D58->c9f1298e-d840-49d8-aac3-de81602aa1d5@group-E9810A644481, cid=49, SUCCESS, logIndex=68, commits[c9f1298e-d840-49d8-aac3-de81602aa1d5:c69]
2019-08-30 23:39:45,203 [grpc-default-executor-1] INFO  client.GrpcClientProtocolClient (GrpcClientProtocolClient.java:onNext(255)) - client-7EF960CB3D58->c9f1298e-d840-49d8-aac3-de81602aa1d5: receive RaftClientReply:client-7EF960CB3D58->c9f1298e-d840-49d8-aac3-de81602aa1d5@group-E9810A644481, cid=50, SUCCESS, logIndex=69, commits[c9f1298e-d840-49d8-aac3-de81602aa1d5:c69]
2019-08-30 23:39:45,212 [grpc-default-executor-1] INFO  client.GrpcClientProtocolClient (GrpcClientProtocolClient.java:onNext(255)) - client-7EF960CB3D58->c9f1298e-d840-49d8-aac3-de81602aa1d5: receive RaftClientReply:client-7EF960CB3D58->c9f1298e-d840-49d8-aac3-de81602aa1d5@group-E9810A644481, cid=51, SUCCESS, logIndex=70, commits[c9f1298e-d840-49d8-aac3-de81602aa1d5:c71]
2019-08-30 23:39:45,213 [grpc-default-executor-1] INFO  client.GrpcClientProtocolClient (GrpcClientProtocolClient.java:onNext(255)) - client-7EF960CB3D58->c9f1298e-d840-49d8-aac3-de81602aa1d5: receive RaftClientReply:client-7EF960CB3D58->c9f1298e-d840-49d8-aac3-de81602aa1d5@group-E9810A644481, cid=52, SUCCESS, logIndex=71, commits[c9f1298e-d840-49d8-aac3-de81602aa1d5:c71]
2019-08-30 23:39:45,240 [grpc-default-executor-1] INFO  client.GrpcClientProtocolClient (GrpcClientProtocolClient.java:onNext(255)) - client-7EF960CB3D58->c9f1298e-d840-49d8-aac3-de81602aa1d5: receive RaftClientReply:client-7EF960CB3D58->c9f1298e-d840-49d8-aac3-de81602aa1d5@group-E9810A644481, cid=53, SUCCESS, logIndex=74, commits[c9f1298e-d840-49d8-aac3-de81602aa1d5:c75]
2019-08-30 23:39:45,240 [grpc-default-executor-1] INFO  client.GrpcClientProtocolClient (GrpcClientProtocolClient.java:onNext(255)) - client-7EF960CB3D58->c9f1298e-d840-49d8-aac3-de81602aa1d5: receive RaftClientReply:client-7EF960CB3D58->c9f1298e-d840-49d8-aac3-de81602aa1d5@group-E9810A644481, cid=54, SUCCESS, logIndex=75, commits[c9f1298e-d840-49d8-aac3-de81602aa1d5:c75]
2019-08-30 23:39:45,250 [grpc-default-executor-1] INFO  client.GrpcClientProtocolClient (GrpcClientProtocolClient.java:onNext(255)) - client-7EF960CB3D58->c9f1298e-d840-49d8-aac3-de81602aa1d5: receive RaftClientReply:client-7EF960CB3D58->c9f1298e-d840-49d8-aac3-de81602aa1d5@group-E9810A644481, cid=55, SUCCESS, logIndex=76, commits[c9f1298e-d840-49d8-aac3-de81602aa1d5:c77]
2019-08-30 23:39:45,251 [grpc-default-executor-1] INFO  client.GrpcClientProtocolClient (GrpcClientProtocolClient.java:onNext(255)) - client-7EF960CB3D58->c9f1298e-d840-49d8-aac3-de81602aa1d5: receive RaftClientReply:client-7EF960CB3D58->c9f1298e-d840-49d8-aac3-de81602aa1d5@group-E9810A644481, cid=56, SUCCESS, logIndex=77, commits[c9f1298e-d840-49d8-aac3-de81602aa1d5:c77]
2019-08-30 23:39:45,280 [SCMBlockDeletingService#1] DEBUG block.SCMBlockDeletingService (SCMBlockDeletingService.java:call(138)) - Running DeletedBlockTransactionScanner
2019-08-30 23:39:45,280 [SCMBlockDeletingService#1] DEBUG block.SCMBlockDeletingService (SCMBlockDeletingService.java:call(155)) - Scanned deleted blocks log and got 0 delTX to process.
2019-08-30 23:39:45,282 [grpc-default-executor-1] INFO  client.GrpcClientProtocolClient (GrpcClientProtocolClient.java:onNext(255)) - client-7EF960CB3D58->c9f1298e-d840-49d8-aac3-de81602aa1d5: receive RaftClientReply:client-7EF960CB3D58->c9f1298e-d840-49d8-aac3-de81602aa1d5@group-E9810A644481, cid=57, SUCCESS, logIndex=80, commits[c9f1298e-d840-49d8-aac3-de81602aa1d5:c81]
2019-08-30 23:39:45,284 [grpc-default-executor-1] INFO  client.GrpcClientProtocolClient (GrpcClientProtocolClient.java:onNext(255)) - client-7EF960CB3D58->c9f1298e-d840-49d8-aac3-de81602aa1d5: receive RaftClientReply:client-7EF960CB3D58->c9f1298e-d840-49d8-aac3-de81602aa1d5@group-E9810A644481, cid=58, SUCCESS, logIndex=81, commits[c9f1298e-d840-49d8-aac3-de81602aa1d5:c81]
2019-08-30 23:39:45,292 [grpc-default-executor-1] INFO  client.GrpcClientProtocolClient (GrpcClientProtocolClient.java:onNext(255)) - client-7EF960CB3D58->c9f1298e-d840-49d8-aac3-de81602aa1d5: receive RaftClientReply:client-7EF960CB3D58->c9f1298e-d840-49d8-aac3-de81602aa1d5@group-E9810A644481, cid=59, SUCCESS, logIndex=82, commits[c9f1298e-d840-49d8-aac3-de81602aa1d5:c83]
2019-08-30 23:39:45,293 [grpc-default-executor-1] INFO  client.GrpcClientProtocolClient (GrpcClientProtocolClient.java:onNext(255)) - client-7EF960CB3D58->c9f1298e-d840-49d8-aac3-de81602aa1d5: receive RaftClientReply:client-7EF960CB3D58->c9f1298e-d840-49d8-aac3-de81602aa1d5@group-E9810A644481, cid=60, SUCCESS, logIndex=83, commits[c9f1298e-d840-49d8-aac3-de81602aa1d5:c83]
2019-08-30 23:39:45,340 [grpc-default-executor-0] INFO  client.GrpcClientProtocolClient (GrpcClientProtocolClient.java:onNext(255)) - client-7EF960CB3D58->c9f1298e-d840-49d8-aac3-de81602aa1d5: receive RaftClientReply:client-7EF960CB3D58->c9f1298e-d840-49d8-aac3-de81602aa1d5@group-E9810A644481, cid=61, SUCCESS, logIndex=86, commits[c9f1298e-d840-49d8-aac3-de81602aa1d5:c89]
2019-08-30 23:39:45,342 [grpc-default-executor-0] INFO  client.GrpcClientProtocolClient (GrpcClientProtocolClient.java:onNext(255)) - client-7EF960CB3D58->c9f1298e-d840-49d8-aac3-de81602aa1d5: receive RaftClientReply:client-7EF960CB3D58->c9f1298e-d840-49d8-aac3-de81602aa1d5@group-E9810A644481, cid=62, SUCCESS, logIndex=87, commits[c9f1298e-d840-49d8-aac3-de81602aa1d5:c89]
2019-08-30 23:39:45,342 [grpc-default-executor-0] INFO  client.GrpcClientProtocolClient (GrpcClientProtocolClient.java:onNext(255)) - client-7EF960CB3D58->c9f1298e-d840-49d8-aac3-de81602aa1d5: receive RaftClientReply:client-7EF960CB3D58->c9f1298e-d840-49d8-aac3-de81602aa1d5@group-E9810A644481, cid=63, SUCCESS, logIndex=88, commits[c9f1298e-d840-49d8-aac3-de81602aa1d5:c89]
2019-08-30 23:39:45,343 [grpc-default-executor-0] INFO  client.GrpcClientProtocolClient (GrpcClientProtocolClient.java:onNext(255)) - client-7EF960CB3D58->c9f1298e-d840-49d8-aac3-de81602aa1d5: receive RaftClientReply:client-7EF960CB3D58->c9f1298e-d840-49d8-aac3-de81602aa1d5@group-E9810A644481, cid=64, SUCCESS, logIndex=89, commits[c9f1298e-d840-49d8-aac3-de81602aa1d5:c89]
2019-08-30 23:39:45,380 [SCMBlockDeletingService#1] DEBUG block.SCMBlockDeletingService (SCMBlockDeletingService.java:call(138)) - Running DeletedBlockTransactionScanner
2019-08-30 23:39:45,381 [SCMBlockDeletingService#1] DEBUG block.SCMBlockDeletingService (SCMBlockDeletingService.java:call(155)) - Scanned deleted blocks log and got 0 delTX to process.
2019-08-30 23:39:45,386 [grpc-default-executor-0] INFO  client.GrpcClientProtocolClient (GrpcClientProtocolClient.java:onNext(255)) - client-7EF960CB3D58->c9f1298e-d840-49d8-aac3-de81602aa1d5: receive RaftClientReply:client-7EF960CB3D58->c9f1298e-d840-49d8-aac3-de81602aa1d5@group-E9810A644481, cid=65, SUCCESS, logIndex=91, commits[c9f1298e-d840-49d8-aac3-de81602aa1d5:c94]
2019-08-30 23:39:45,388 [grpc-default-executor-0] INFO  client.GrpcClientProtocolClient (GrpcClientProtocolClient.java:onNext(255)) - client-7EF960CB3D58->c9f1298e-d840-49d8-aac3-de81602aa1d5: receive RaftClientReply:client-7EF960CB3D58->c9f1298e-d840-49d8-aac3-de81602aa1d5@group-E9810A644481, cid=66, SUCCESS, logIndex=92, commits[c9f1298e-d840-49d8-aac3-de81602aa1d5:c94]
2019-08-30 23:39:45,389 [grpc-default-executor-0] INFO  client.GrpcClientProtocolClient (GrpcClientProtocolClient.java:onNext(255)) - client-7EF960CB3D58->c9f1298e-d840-49d8-aac3-de81602aa1d5: receive RaftClientReply:client-7EF960CB3D58->c9f1298e-d840-49d8-aac3-de81602aa1d5@group-E9810A644481, cid=67, SUCCESS, logIndex=93, commits[c9f1298e-d840-49d8-aac3-de81602aa1d5:c94]
2019-08-30 23:39:45,390 [grpc-default-executor-0] INFO  client.GrpcClientProtocolClient (GrpcClientProtocolClient.java:onNext(255)) - client-7EF960CB3D58->c9f1298e-d840-49d8-aac3-de81602aa1d5: receive RaftClientReply:client-7EF960CB3D58->c9f1298e-d840-49d8-aac3-de81602aa1d5@group-E9810A644481, cid=68, SUCCESS, logIndex=94, commits[c9f1298e-d840-49d8-aac3-de81602aa1d5:c94]
2019-08-30 23:39:45,427 [grpc-default-executor-1] INFO  client.GrpcClientProtocolClient (GrpcClientProtocolClient.java:onNext(255)) - client-7EF960CB3D58->c9f1298e-d840-49d8-aac3-de81602aa1d5: receive RaftClientReply:client-7EF960CB3D58->c9f1298e-d840-49d8-aac3-de81602aa1d5@group-E9810A644481, cid=69, SUCCESS, logIndex=96, commits[c9f1298e-d840-49d8-aac3-de81602aa1d5:c97]
2019-08-30 23:39:45,428 [grpc-default-executor-1] INFO  client.GrpcClientProtocolClient (GrpcClientProtocolClient.java:onNext(255)) - client-7EF960CB3D58->c9f1298e-d840-49d8-aac3-de81602aa1d5: receive RaftClientReply:client-7EF960CB3D58->c9f1298e-d840-49d8-aac3-de81602aa1d5@group-E9810A644481, cid=70, SUCCESS, logIndex=97, commits[c9f1298e-d840-49d8-aac3-de81602aa1d5:c97]
2019-08-30 23:39:45,445 [grpc-default-executor-1] INFO  client.GrpcClientProtocolClient (GrpcClientProtocolClient.java:onNext(255)) - client-7EF960CB3D58->c9f1298e-d840-49d8-aac3-de81602aa1d5: receive RaftClientReply:client-7EF960CB3D58->c9f1298e-d840-49d8-aac3-de81602aa1d5@group-E9810A644481, cid=71, SUCCESS, logIndex=98, commits[c9f1298e-d840-49d8-aac3-de81602aa1d5:c99]
2019-08-30 23:39:45,446 [grpc-default-executor-1] INFO  client.GrpcClientProtocolClient (GrpcClientProtocolClient.java:onNext(255)) - client-7EF960CB3D58->c9f1298e-d840-49d8-aac3-de81602aa1d5: receive RaftClientReply:client-7EF960CB3D58->c9f1298e-d840-49d8-aac3-de81602aa1d5@group-E9810A644481, cid=72, SUCCESS, logIndex=99, commits[c9f1298e-d840-49d8-aac3-de81602aa1d5:c99]
2019-08-30 23:39:45,481 [SCMBlockDeletingService#1] DEBUG block.SCMBlockDeletingService (SCMBlockDeletingService.java:call(138)) - Running DeletedBlockTransactionScanner
2019-08-30 23:39:45,482 [SCMBlockDeletingService#1] DEBUG block.SCMBlockDeletingService (SCMBlockDeletingService.java:call(155)) - Scanned deleted blocks log and got 0 delTX to process.
2019-08-30 23:39:45,497 [grpc-default-executor-0] INFO  client.GrpcClientProtocolClient (GrpcClientProtocolClient.java:onNext(255)) - client-7EF960CB3D58->c9f1298e-d840-49d8-aac3-de81602aa1d5: receive RaftClientReply:client-7EF960CB3D58->c9f1298e-d840-49d8-aac3-de81602aa1d5@group-E9810A644481, cid=73, SUCCESS, logIndex=102, commits[c9f1298e-d840-49d8-aac3-de81602aa1d5:c103]
2019-08-30 23:39:45,498 [grpc-default-executor-0] INFO  client.GrpcClientProtocolClient (GrpcClientProtocolClient.java:onNext(255)) - client-7EF960CB3D58->c9f1298e-d840-49d8-aac3-de81602aa1d5: receive RaftClientReply:client-7EF960CB3D58->c9f1298e-d840-49d8-aac3-de81602aa1d5@group-E9810A644481, cid=74, SUCCESS, logIndex=103, commits[c9f1298e-d840-49d8-aac3-de81602aa1d5:c103]
2019-08-30 23:39:45,499 [grpc-default-executor-0] INFO  client.GrpcClientProtocolClient (GrpcClientProtocolClient.java:onNext(255)) - client-7EF960CB3D58->c9f1298e-d840-49d8-aac3-de81602aa1d5: receive RaftClientReply:client-7EF960CB3D58->c9f1298e-d840-49d8-aac3-de81602aa1d5@group-E9810A644481, cid=75, SUCCESS, logIndex=104, commits[c9f1298e-d840-49d8-aac3-de81602aa1d5:c105]
2019-08-30 23:39:45,500 [grpc-default-executor-0] INFO  client.GrpcClientProtocolClient (GrpcClientProtocolClient.java:onNext(255)) - client-7EF960CB3D58->c9f1298e-d840-49d8-aac3-de81602aa1d5: receive RaftClientReply:client-7EF960CB3D58->c9f1298e-d840-49d8-aac3-de81602aa1d5@group-E9810A644481, cid=76, SUCCESS, logIndex=105, commits[c9f1298e-d840-49d8-aac3-de81602aa1d5:c105]
2019-08-30 23:39:45,522 [grpc-default-executor-1] INFO  client.GrpcClientProtocolClient (GrpcClientProtocolClient.java:onNext(255)) - client-7EF960CB3D58->c9f1298e-d840-49d8-aac3-de81602aa1d5: receive RaftClientReply:client-7EF960CB3D58->c9f1298e-d840-49d8-aac3-de81602aa1d5@group-E9810A644481, cid=77, SUCCESS, logIndex=108, commits[c9f1298e-d840-49d8-aac3-de81602aa1d5:c109]
2019-08-30 23:39:45,523 [grpc-default-executor-1] INFO  client.GrpcClientProtocolClient (GrpcClientProtocolClient.java:onNext(255)) - client-7EF960CB3D58->c9f1298e-d840-49d8-aac3-de81602aa1d5: receive RaftClientReply:client-7EF960CB3D58->c9f1298e-d840-49d8-aac3-de81602aa1d5@group-E9810A644481, cid=78, SUCCESS, logIndex=109, commits[c9f1298e-d840-49d8-aac3-de81602aa1d5:c109]
2019-08-30 23:39:45,530 [grpc-default-executor-1] INFO  client.GrpcClientProtocolClient (GrpcClientProtocolClient.java:onNext(255)) - client-7EF960CB3D58->c9f1298e-d840-49d8-aac3-de81602aa1d5: receive RaftClientReply:client-7EF960CB3D58->c9f1298e-d840-49d8-aac3-de81602aa1d5@group-E9810A644481, cid=79, SUCCESS, logIndex=110, commits[c9f1298e-d840-49d8-aac3-de81602aa1d5:c111]
2019-08-30 23:39:45,531 [grpc-default-executor-1] INFO  client.GrpcClientProtocolClient (GrpcClientProtocolClient.java:onNext(255)) - client-7EF960CB3D58->c9f1298e-d840-49d8-aac3-de81602aa1d5: receive RaftClientReply:client-7EF960CB3D58->c9f1298e-d840-49d8-aac3-de81602aa1d5@group-E9810A644481, cid=80, SUCCESS, logIndex=111, commits[c9f1298e-d840-49d8-aac3-de81602aa1d5:c111]
2019-08-30 23:39:45,567 [grpc-default-executor-0] INFO  client.GrpcClientProtocolClient (GrpcClientProtocolClient.java:onNext(255)) - client-7EF960CB3D58->c9f1298e-d840-49d8-aac3-de81602aa1d5: receive RaftClientReply:client-7EF960CB3D58->c9f1298e-d840-49d8-aac3-de81602aa1d5@group-E9810A644481, cid=81, SUCCESS, logIndex=114, commits[c9f1298e-d840-49d8-aac3-de81602aa1d5:c115]
2019-08-30 23:39:45,568 [grpc-default-executor-0] INFO  client.GrpcClientProtocolClient (GrpcClientProtocolClient.java:onNext(255)) - client-7EF960CB3D58->c9f1298e-d840-49d8-aac3-de81602aa1d5: receive RaftClientReply:client-7EF960CB3D58->c9f1298e-d840-49d8-aac3-de81602aa1d5@group-E9810A644481, cid=82, SUCCESS, logIndex=115, commits[c9f1298e-d840-49d8-aac3-de81602aa1d5:c115]
2019-08-30 23:39:45,576 [grpc-default-executor-0] INFO  client.GrpcClientProtocolClient (GrpcClientProtocolClient.java:onNext(255)) - client-7EF960CB3D58->c9f1298e-d840-49d8-aac3-de81602aa1d5: receive RaftClientReply:client-7EF960CB3D58->c9f1298e-d840-49d8-aac3-de81602aa1d5@group-E9810A644481, cid=83, SUCCESS, logIndex=116, commits[c9f1298e-d840-49d8-aac3-de81602aa1d5:c117]
2019-08-30 23:39:45,577 [grpc-default-executor-0] INFO  client.GrpcClientProtocolClient (GrpcClientProtocolClient.java:onNext(255)) - client-7EF960CB3D58->c9f1298e-d840-49d8-aac3-de81602aa1d5: receive RaftClientReply:client-7EF960CB3D58->c9f1298e-d840-49d8-aac3-de81602aa1d5@group-E9810A644481, cid=84, SUCCESS, logIndex=117, commits[c9f1298e-d840-49d8-aac3-de81602aa1d5:c117]
2019-08-30 23:39:45,582 [SCMBlockDeletingService#1] DEBUG block.SCMBlockDeletingService (SCMBlockDeletingService.java:call(138)) - Running DeletedBlockTransactionScanner
2019-08-30 23:39:45,582 [SCMBlockDeletingService#1] DEBUG block.SCMBlockDeletingService (SCMBlockDeletingService.java:call(155)) - Scanned deleted blocks log and got 0 delTX to process.
2019-08-30 23:39:45,606 [grpc-default-executor-1] INFO  client.GrpcClientProtocolClient (GrpcClientProtocolClient.java:onNext(255)) - client-7EF960CB3D58->c9f1298e-d840-49d8-aac3-de81602aa1d5: receive RaftClientReply:client-7EF960CB3D58->c9f1298e-d840-49d8-aac3-de81602aa1d5@group-E9810A644481, cid=85, SUCCESS, logIndex=120, commits[c9f1298e-d840-49d8-aac3-de81602aa1d5:c123]
2019-08-30 23:39:45,606 [grpc-default-executor-1] INFO  client.GrpcClientProtocolClient (GrpcClientProtocolClient.java:onNext(255)) - client-7EF960CB3D58->c9f1298e-d840-49d8-aac3-de81602aa1d5: receive RaftClientReply:client-7EF960CB3D58->c9f1298e-d840-49d8-aac3-de81602aa1d5@group-E9810A644481, cid=86, SUCCESS, logIndex=121, commits[c9f1298e-d840-49d8-aac3-de81602aa1d5:c123]
2019-08-30 23:39:45,607 [grpc-default-executor-1] INFO  client.GrpcClientProtocolClient (GrpcClientProtocolClient.java:onNext(255)) - client-7EF960CB3D58->c9f1298e-d840-49d8-aac3-de81602aa1d5: receive RaftClientReply:client-7EF960CB3D58->c9f1298e-d840-49d8-aac3-de81602aa1d5@group-E9810A644481, cid=87, SUCCESS, logIndex=122, commits[c9f1298e-d840-49d8-aac3-de81602aa1d5:c123]
2019-08-30 23:39:45,608 [grpc-default-executor-1] INFO  client.GrpcClientProtocolClient (GrpcClientProtocolClient.java:onNext(255)) - client-7EF960CB3D58->c9f1298e-d840-49d8-aac3-de81602aa1d5: receive RaftClientReply:client-7EF960CB3D58->c9f1298e-d840-49d8-aac3-de81602aa1d5@group-E9810A644481, cid=88, SUCCESS, logIndex=123, commits[c9f1298e-d840-49d8-aac3-de81602aa1d5:c123]
2019-08-30 23:39:45,683 [SCMBlockDeletingService#1] DEBUG block.SCMBlockDeletingService (SCMBlockDeletingService.java:call(138)) - Running DeletedBlockTransactionScanner
2019-08-30 23:39:45,683 [SCMBlockDeletingService#1] DEBUG block.SCMBlockDeletingService (SCMBlockDeletingService.java:call(155)) - Scanned deleted blocks log and got 0 delTX to process.
2019-08-30 23:39:45,734 [grpc-default-executor-0] INFO  client.GrpcClientProtocolClient (GrpcClientProtocolClient.java:onNext(255)) - client-7EF960CB3D58->c9f1298e-d840-49d8-aac3-de81602aa1d5: receive RaftClientReply:client-7EF960CB3D58->c9f1298e-d840-49d8-aac3-de81602aa1d5@group-E9810A644481, cid=89, SUCCESS, logIndex=125, commits[c9f1298e-d840-49d8-aac3-de81602aa1d5:c126]
2019-08-30 23:39:45,735 [grpc-default-executor-0] INFO  client.GrpcClientProtocolClient (GrpcClientProtocolClient.java:onNext(255)) - client-7EF960CB3D58->c9f1298e-d840-49d8-aac3-de81602aa1d5: receive RaftClientReply:client-7EF960CB3D58->c9f1298e-d840-49d8-aac3-de81602aa1d5@group-E9810A644481, cid=90, SUCCESS, logIndex=126, commits[c9f1298e-d840-49d8-aac3-de81602aa1d5:c126]
2019-08-30 23:39:45,740 [grpc-default-executor-0] INFO  client.GrpcClientProtocolClient (GrpcClientProtocolClient.java:onNext(255)) - client-7EF960CB3D58->c9f1298e-d840-49d8-aac3-de81602aa1d5: receive RaftClientReply:client-7EF960CB3D58->c9f1298e-d840-49d8-aac3-de81602aa1d5@group-E9810A644481, cid=91, SUCCESS, logIndex=127, commits[c9f1298e-d840-49d8-aac3-de81602aa1d5:c129]
2019-08-30 23:39:45,740 [grpc-default-executor-0] INFO  client.GrpcClientProtocolClient (GrpcClientProtocolClient.java:onNext(255)) - client-7EF960CB3D58->c9f1298e-d840-49d8-aac3-de81602aa1d5: receive RaftClientReply:client-7EF960CB3D58->c9f1298e-d840-49d8-aac3-de81602aa1d5@group-E9810A644481, cid=92, SUCCESS, logIndex=128, commits[c9f1298e-d840-49d8-aac3-de81602aa1d5:c129]
2019-08-30 23:39:45,766 [grpc-default-executor-0] INFO  client.GrpcClientProtocolClient (GrpcClientProtocolClient.java:onNext(255)) - client-7EF960CB3D58->c9f1298e-d840-49d8-aac3-de81602aa1d5: receive RaftClientReply:client-7EF960CB3D58->c9f1298e-d840-49d8-aac3-de81602aa1d5@group-E9810A644481, cid=93, SUCCESS, logIndex=130, commits[c9f1298e-d840-49d8-aac3-de81602aa1d5:c131]
2019-08-30 23:39:45,766 [grpc-default-executor-0] INFO  client.GrpcClientProtocolClient (GrpcClientProtocolClient.java:onNext(255)) - client-7EF960CB3D58->c9f1298e-d840-49d8-aac3-de81602aa1d5: receive RaftClientReply:client-7EF960CB3D58->c9f1298e-d840-49d8-aac3-de81602aa1d5@group-E9810A644481, cid=94, SUCCESS, logIndex=131, commits[c9f1298e-d840-49d8-aac3-de81602aa1d5:c131]
2019-08-30 23:39:45,775 [grpc-default-executor-0] INFO  client.GrpcClientProtocolClient (GrpcClientProtocolClient.java:onNext(255)) - client-7EF960CB3D58->c9f1298e-d840-49d8-aac3-de81602aa1d5: receive RaftClientReply:client-7EF960CB3D58->c9f1298e-d840-49d8-aac3-de81602aa1d5@group-E9810A644481, cid=95, SUCCESS, logIndex=132, commits[c9f1298e-d840-49d8-aac3-de81602aa1d5:c133]
2019-08-30 23:39:45,775 [grpc-default-executor-0] INFO  client.GrpcClientProtocolClient (GrpcClientProtocolClient.java:onNext(255)) - client-7EF960CB3D58->c9f1298e-d840-49d8-aac3-de81602aa1d5: receive RaftClientReply:client-7EF960CB3D58->c9f1298e-d840-49d8-aac3-de81602aa1d5@group-E9810A644481, cid=96, SUCCESS, logIndex=133, commits[c9f1298e-d840-49d8-aac3-de81602aa1d5:c133]
2019-08-30 23:39:45,784 [SCMBlockDeletingService#1] DEBUG block.SCMBlockDeletingService (SCMBlockDeletingService.java:call(138)) - Running DeletedBlockTransactionScanner
2019-08-30 23:39:45,784 [SCMBlockDeletingService#1] DEBUG block.SCMBlockDeletingService (SCMBlockDeletingService.java:call(155)) - Scanned deleted blocks log and got 0 delTX to process.
2019-08-30 23:39:45,805 [grpc-default-executor-0] INFO  client.GrpcClientProtocolClient (GrpcClientProtocolClient.java:onNext(255)) - client-7EF960CB3D58->c9f1298e-d840-49d8-aac3-de81602aa1d5: receive RaftClientReply:client-7EF960CB3D58->c9f1298e-d840-49d8-aac3-de81602aa1d5@group-E9810A644481, cid=97, SUCCESS, logIndex=136, commits[c9f1298e-d840-49d8-aac3-de81602aa1d5:c137]
2019-08-30 23:39:45,806 [grpc-default-executor-0] INFO  client.GrpcClientProtocolClient (GrpcClientProtocolClient.java:onNext(255)) - client-7EF960CB3D58->c9f1298e-d840-49d8-aac3-de81602aa1d5: receive RaftClientReply:client-7EF960CB3D58->c9f1298e-d840-49d8-aac3-de81602aa1d5@group-E9810A644481, cid=98, SUCCESS, logIndex=137, commits[c9f1298e-d840-49d8-aac3-de81602aa1d5:c137]
2019-08-30 23:39:45,819 [grpc-default-executor-0] INFO  client.GrpcClientProtocolClient (GrpcClientProtocolClient.java:onNext(255)) - client-7EF960CB3D58->c9f1298e-d840-49d8-aac3-de81602aa1d5: receive RaftClientReply:client-7EF960CB3D58->c9f1298e-d840-49d8-aac3-de81602aa1d5@group-E9810A644481, cid=99, SUCCESS, logIndex=138, commits[c9f1298e-d840-49d8-aac3-de81602aa1d5:c139]
2019-08-30 23:39:45,820 [grpc-default-executor-0] INFO  client.GrpcClientProtocolClient (GrpcClientProtocolClient.java:onNext(255)) - client-7EF960CB3D58->c9f1298e-d840-49d8-aac3-de81602aa1d5: receive RaftClientReply:client-7EF960CB3D58->c9f1298e-d840-49d8-aac3-de81602aa1d5@group-E9810A644481, cid=100, SUCCESS, logIndex=139, commits[c9f1298e-d840-49d8-aac3-de81602aa1d5:c139]
2019-08-30 23:39:45,841 [grpc-default-executor-1] INFO  client.GrpcClientProtocolClient (GrpcClientProtocolClient.java:onNext(255)) - client-7EF960CB3D58->c9f1298e-d840-49d8-aac3-de81602aa1d5: receive RaftClientReply:client-7EF960CB3D58->c9f1298e-d840-49d8-aac3-de81602aa1d5@group-E9810A644481, cid=101, SUCCESS, logIndex=142, commits[c9f1298e-d840-49d8-aac3-de81602aa1d5:c143]
2019-08-30 23:39:45,841 [grpc-default-executor-1] INFO  client.GrpcClientProtocolClient (GrpcClientProtocolClient.java:onNext(255)) - client-7EF960CB3D58->c9f1298e-d840-49d8-aac3-de81602aa1d5: receive RaftClientReply:client-7EF960CB3D58->c9f1298e-d840-49d8-aac3-de81602aa1d5@group-E9810A644481, cid=102, SUCCESS, logIndex=143, commits[c9f1298e-d840-49d8-aac3-de81602aa1d5:c143]
2019-08-30 23:39:45,846 [grpc-default-executor-1] INFO  client.GrpcClientProtocolClient (GrpcClientProtocolClient.java:onNext(255)) - client-7EF960CB3D58->c9f1298e-d840-49d8-aac3-de81602aa1d5: receive RaftClientReply:client-7EF960CB3D58->c9f1298e-d840-49d8-aac3-de81602aa1d5@group-E9810A644481, cid=103, SUCCESS, logIndex=144, commits[c9f1298e-d840-49d8-aac3-de81602aa1d5:c145]
2019-08-30 23:39:45,846 [grpc-default-executor-1] INFO  client.GrpcClientProtocolClient (GrpcClientProtocolClient.java:onNext(255)) - client-7EF960CB3D58->c9f1298e-d840-49d8-aac3-de81602aa1d5: receive RaftClientReply:client-7EF960CB3D58->c9f1298e-d840-49d8-aac3-de81602aa1d5@group-E9810A644481, cid=104, SUCCESS, logIndex=145, commits[c9f1298e-d840-49d8-aac3-de81602aa1d5:c145]
2019-08-30 23:39:45,877 [grpc-default-executor-1] INFO  client.GrpcClientProtocolClient (GrpcClientProtocolClient.java:onNext(255)) - client-7EF960CB3D58->c9f1298e-d840-49d8-aac3-de81602aa1d5: receive RaftClientReply:client-7EF960CB3D58->c9f1298e-d840-49d8-aac3-de81602aa1d5@group-E9810A644481, cid=105, SUCCESS, logIndex=148, commits[c9f1298e-d840-49d8-aac3-de81602aa1d5:c151]
2019-08-30 23:39:45,877 [grpc-default-executor-1] INFO  client.GrpcClientProtocolClient (GrpcClientProtocolClient.java:onNext(255)) - client-7EF960CB3D58->c9f1298e-d840-49d8-aac3-de81602aa1d5: receive RaftClientReply:client-7EF960CB3D58->c9f1298e-d840-49d8-aac3-de81602aa1d5@group-E9810A644481, cid=106, SUCCESS, logIndex=149, commits[c9f1298e-d840-49d8-aac3-de81602aa1d5:c151]
2019-08-30 23:39:45,878 [grpc-default-executor-1] INFO  client.GrpcClientProtocolClient (GrpcClientProtocolClient.java:onNext(255)) - client-7EF960CB3D58->c9f1298e-d840-49d8-aac3-de81602aa1d5: receive RaftClientReply:client-7EF960CB3D58->c9f1298e-d840-49d8-aac3-de81602aa1d5@group-E9810A644481, cid=107, SUCCESS, logIndex=150, commits[c9f1298e-d840-49d8-aac3-de81602aa1d5:c151]
2019-08-30 23:39:45,879 [grpc-default-executor-1] INFO  client.GrpcClientProtocolClient (GrpcClientProtocolClient.java:onNext(255)) - client-7EF960CB3D58->c9f1298e-d840-49d8-aac3-de81602aa1d5: receive RaftClientReply:client-7EF960CB3D58->c9f1298e-d840-49d8-aac3-de81602aa1d5@group-E9810A644481, cid=108, SUCCESS, logIndex=151, commits[c9f1298e-d840-49d8-aac3-de81602aa1d5:c151]
2019-08-30 23:39:45,884 [SCMBlockDeletingService#1] DEBUG block.SCMBlockDeletingService (SCMBlockDeletingService.java:call(138)) - Running DeletedBlockTransactionScanner
2019-08-30 23:39:45,885 [SCMBlockDeletingService#1] DEBUG block.SCMBlockDeletingService (SCMBlockDeletingService.java:call(155)) - Scanned deleted blocks log and got 0 delTX to process.
2019-08-30 23:39:45,902 [grpc-default-executor-0] INFO  client.GrpcClientProtocolClient (GrpcClientProtocolClient.java:onNext(255)) - client-7EF960CB3D58->c9f1298e-d840-49d8-aac3-de81602aa1d5: receive RaftClientReply:client-7EF960CB3D58->c9f1298e-d840-49d8-aac3-de81602aa1d5@group-E9810A644481, cid=109, SUCCESS, logIndex=153, commits[c9f1298e-d840-49d8-aac3-de81602aa1d5:c156]
2019-08-30 23:39:45,903 [grpc-default-executor-0] INFO  client.GrpcClientProtocolClient (GrpcClientProtocolClient.java:onNext(255)) - client-7EF960CB3D58->c9f1298e-d840-49d8-aac3-de81602aa1d5: receive RaftClientReply:client-7EF960CB3D58->c9f1298e-d840-49d8-aac3-de81602aa1d5@group-E9810A644481, cid=110, SUCCESS, logIndex=154, commits[c9f1298e-d840-49d8-aac3-de81602aa1d5:c156]
2019-08-30 23:39:45,903 [grpc-default-executor-0] INFO  client.GrpcClientProtocolClient (GrpcClientProtocolClient.java:onNext(255)) - client-7EF960CB3D58->c9f1298e-d840-49d8-aac3-de81602aa1d5: receive RaftClientReply:client-7EF960CB3D58->c9f1298e-d840-49d8-aac3-de81602aa1d5@group-E9810A644481, cid=111, SUCCESS, logIndex=155, commits[c9f1298e-d840-49d8-aac3-de81602aa1d5:c156]
2019-08-30 23:39:45,904 [grpc-default-executor-0] INFO  client.GrpcClientProtocolClient (GrpcClientProtocolClient.java:onNext(255)) - client-7EF960CB3D58->c9f1298e-d840-49d8-aac3-de81602aa1d5: receive RaftClientReply:client-7EF960CB3D58->c9f1298e-d840-49d8-aac3-de81602aa1d5@group-E9810A644481, cid=112, SUCCESS, logIndex=156, commits[c9f1298e-d840-49d8-aac3-de81602aa1d5:c156]
2019-08-30 23:39:45,938 [grpc-default-executor-0] INFO  client.GrpcClientProtocolClient (GrpcClientProtocolClient.java:onNext(255)) - client-7EF960CB3D58->c9f1298e-d840-49d8-aac3-de81602aa1d5: receive RaftClientReply:client-7EF960CB3D58->c9f1298e-d840-49d8-aac3-de81602aa1d5@group-E9810A644481, cid=113, SUCCESS, logIndex=158, commits[c9f1298e-d840-49d8-aac3-de81602aa1d5:c161]
2019-08-30 23:39:45,939 [grpc-default-executor-0] INFO  client.GrpcClientProtocolClient (GrpcClientProtocolClient.java:onNext(255)) - client-7EF960CB3D58->c9f1298e-d840-49d8-aac3-de81602aa1d5: receive RaftClientReply:client-7EF960CB3D58->c9f1298e-d840-49d8-aac3-de81602aa1d5@group-E9810A644481, cid=114, SUCCESS, logIndex=159, commits[c9f1298e-d840-49d8-aac3-de81602aa1d5:c161]
2019-08-30 23:39:45,940 [grpc-default-executor-0] INFO  client.GrpcClientProtocolClient (GrpcClientProtocolClient.java:onNext(255)) - client-7EF960CB3D58->c9f1298e-d840-49d8-aac3-de81602aa1d5: receive RaftClientReply:client-7EF960CB3D58->c9f1298e-d840-49d8-aac3-de81602aa1d5@group-E9810A644481, cid=115, SUCCESS, logIndex=160, commits[c9f1298e-d840-49d8-aac3-de81602aa1d5:c161]
2019-08-30 23:39:45,941 [grpc-default-executor-0] INFO  client.GrpcClientProtocolClient (GrpcClientProtocolClient.java:onNext(255)) - client-7EF960CB3D58->c9f1298e-d840-49d8-aac3-de81602aa1d5: receive RaftClientReply:client-7EF960CB3D58->c9f1298e-d840-49d8-aac3-de81602aa1d5@group-E9810A644481, cid=116, SUCCESS, logIndex=161, commits[c9f1298e-d840-49d8-aac3-de81602aa1d5:c161]
2019-08-30 23:39:45,985 [SCMBlockDeletingService#1] DEBUG block.SCMBlockDeletingService (SCMBlockDeletingService.java:call(138)) - Running DeletedBlockTransactionScanner
2019-08-30 23:39:45,986 [SCMBlockDeletingService#1] DEBUG block.SCMBlockDeletingService (SCMBlockDeletingService.java:call(155)) - Scanned deleted blocks log and got 0 delTX to process.
2019-08-30 23:39:45,986 [grpc-default-executor-0] INFO  client.GrpcClientProtocolClient (GrpcClientProtocolClient.java:onNext(255)) - client-7EF960CB3D58->c9f1298e-d840-49d8-aac3-de81602aa1d5: receive RaftClientReply:client-7EF960CB3D58->c9f1298e-d840-49d8-aac3-de81602aa1d5@group-E9810A644481, cid=117, SUCCESS, logIndex=163, commits[c9f1298e-d840-49d8-aac3-de81602aa1d5:c164]
2019-08-30 23:39:45,987 [grpc-default-executor-0] INFO  client.GrpcClientProtocolClient (GrpcClientProtocolClient.java:onNext(255)) - client-7EF960CB3D58->c9f1298e-d840-49d8-aac3-de81602aa1d5: receive RaftClientReply:client-7EF960CB3D58->c9f1298e-d840-49d8-aac3-de81602aa1d5@group-E9810A644481, cid=118, SUCCESS, logIndex=164, commits[c9f1298e-d840-49d8-aac3-de81602aa1d5:c166]
2019-08-30 23:39:45,988 [grpc-default-executor-0] INFO  client.GrpcClientProtocolClient (GrpcClientProtocolClient.java:onNext(255)) - client-7EF960CB3D58->c9f1298e-d840-49d8-aac3-de81602aa1d5: receive RaftClientReply:client-7EF960CB3D58->c9f1298e-d840-49d8-aac3-de81602aa1d5@group-E9810A644481, cid=119, SUCCESS, logIndex=165, commits[c9f1298e-d840-49d8-aac3-de81602aa1d5:c166]
2019-08-30 23:39:45,989 [grpc-default-executor-0] INFO  client.GrpcClientProtocolClient (GrpcClientProtocolClient.java:onNext(255)) - client-7EF960CB3D58->c9f1298e-d840-49d8-aac3-de81602aa1d5: receive RaftClientReply:client-7EF960CB3D58->c9f1298e-d840-49d8-aac3-de81602aa1d5@group-E9810A644481, cid=120, SUCCESS, logIndex=166, commits[c9f1298e-d840-49d8-aac3-de81602aa1d5:c166]
2019-08-30 23:39:46,043 [grpc-default-executor-0] INFO  client.GrpcClientProtocolClient (GrpcClientProtocolClient.java:onNext(255)) - client-7EF960CB3D58->c9f1298e-d840-49d8-aac3-de81602aa1d5: receive RaftClientReply:client-7EF960CB3D58->c9f1298e-d840-49d8-aac3-de81602aa1d5@group-E9810A644481, cid=121, SUCCESS, logIndex=169, commits[c9f1298e-d840-49d8-aac3-de81602aa1d5:c170]
2019-08-30 23:39:46,044 [grpc-default-executor-0] INFO  client.GrpcClientProtocolClient (GrpcClientProtocolClient.java:onNext(255)) - client-7EF960CB3D58->c9f1298e-d840-49d8-aac3-de81602aa1d5: receive RaftClientReply:client-7EF960CB3D58->c9f1298e-d840-49d8-aac3-de81602aa1d5@group-E9810A644481, cid=122, SUCCESS, logIndex=170, commits[c9f1298e-d840-49d8-aac3-de81602aa1d5:c170]
2019-08-30 23:39:46,065 [grpc-default-executor-0] INFO  client.GrpcClientProtocolClient (GrpcClientProtocolClient.java:onNext(255)) - client-7EF960CB3D58->c9f1298e-d840-49d8-aac3-de81602aa1d5: receive RaftClientReply:client-7EF960CB3D58->c9f1298e-d840-49d8-aac3-de81602aa1d5@group-E9810A644481, cid=123, SUCCESS, logIndex=171, commits[c9f1298e-d840-49d8-aac3-de81602aa1d5:c172]
2019-08-30 23:39:46,066 [grpc-default-executor-0] INFO  client.GrpcClientProtocolClient (GrpcClientProtocolClient.java:onNext(255)) - client-7EF960CB3D58->c9f1298e-d840-49d8-aac3-de81602aa1d5: receive RaftClientReply:client-7EF960CB3D58->c9f1298e-d840-49d8-aac3-de81602aa1d5@group-E9810A644481, cid=124, SUCCESS, logIndex=172, commits[c9f1298e-d840-49d8-aac3-de81602aa1d5:c172]
2019-08-30 23:39:46,086 [SCMBlockDeletingService#1] DEBUG block.SCMBlockDeletingService (SCMBlockDeletingService.java:call(138)) - Running DeletedBlockTransactionScanner
2019-08-30 23:39:46,087 [SCMBlockDeletingService#1] DEBUG block.SCMBlockDeletingService (SCMBlockDeletingService.java:call(155)) - Scanned deleted blocks log and got 0 delTX to process.
2019-08-30 23:39:46,094 [grpc-default-executor-0] INFO  client.GrpcClientProtocolClient (GrpcClientProtocolClient.java:onNext(255)) - client-7EF960CB3D58->c9f1298e-d840-49d8-aac3-de81602aa1d5: receive RaftClientReply:client-7EF960CB3D58->c9f1298e-d840-49d8-aac3-de81602aa1d5@group-E9810A644481, cid=125, SUCCESS, logIndex=175, commits[c9f1298e-d840-49d8-aac3-de81602aa1d5:c178]
2019-08-30 23:39:46,095 [grpc-default-executor-0] INFO  client.GrpcClientProtocolClient (GrpcClientProtocolClient.java:onNext(255)) - client-7EF960CB3D58->c9f1298e-d840-49d8-aac3-de81602aa1d5: receive RaftClientReply:client-7EF960CB3D58->c9f1298e-d840-49d8-aac3-de81602aa1d5@group-E9810A644481, cid=126, SUCCESS, logIndex=176, commits[c9f1298e-d840-49d8-aac3-de81602aa1d5:c178]
2019-08-30 23:39:46,095 [grpc-default-executor-0] INFO  client.GrpcClientProtocolClient (GrpcClientProtocolClient.java:onNext(255)) - client-7EF960CB3D58->c9f1298e-d840-49d8-aac3-de81602aa1d5: receive RaftClientReply:client-7EF960CB3D58->c9f1298e-d840-49d8-aac3-de81602aa1d5@group-E9810A644481, cid=127, SUCCESS, logIndex=177, commits[c9f1298e-d840-49d8-aac3-de81602aa1d5:c178]
2019-08-30 23:39:46,096 [grpc-default-executor-0] INFO  client.GrpcClientProtocolClient (GrpcClientProtocolClient.java:onNext(255)) - client-7EF960CB3D58->c9f1298e-d840-49d8-aac3-de81602aa1d5: receive RaftClientReply:client-7EF960CB3D58->c9f1298e-d840-49d8-aac3-de81602aa1d5@group-E9810A644481, cid=128, SUCCESS, logIndex=178, commits[c9f1298e-d840-49d8-aac3-de81602aa1d5:c178]
2019-08-30 23:39:46,140 [grpc-default-executor-0] INFO  client.GrpcClientProtocolClient (GrpcClientProtocolClient.java:onNext(255)) - client-7EF960CB3D58->c9f1298e-d840-49d8-aac3-de81602aa1d5: receive RaftClientReply:client-7EF960CB3D58->c9f1298e-d840-49d8-aac3-de81602aa1d5@group-E9810A644481, cid=129, SUCCESS, logIndex=180, commits[c9f1298e-d840-49d8-aac3-de81602aa1d5:c181]
2019-08-30 23:39:46,141 [grpc-default-executor-0] INFO  client.GrpcClientProtocolClient (GrpcClientProtocolClient.java:onNext(255)) - client-7EF960CB3D58->c9f1298e-d840-49d8-aac3-de81602aa1d5: receive RaftClientReply:client-7EF960CB3D58->c9f1298e-d840-49d8-aac3-de81602aa1d5@group-E9810A644481, cid=130, SUCCESS, logIndex=181, commits[c9f1298e-d840-49d8-aac3-de81602aa1d5:c181]
2019-08-30 23:39:46,148 [grpc-default-executor-0] INFO  client.GrpcClientProtocolClient (GrpcClientProtocolClient.java:onNext(255)) - client-7EF960CB3D58->c9f1298e-d840-49d8-aac3-de81602aa1d5: receive RaftClientReply:client-7EF960CB3D58->c9f1298e-d840-49d8-aac3-de81602aa1d5@group-E9810A644481, cid=131, SUCCESS, logIndex=182, commits[c9f1298e-d840-49d8-aac3-de81602aa1d5:c183]
2019-08-30 23:39:46,149 [grpc-default-executor-0] INFO  client.GrpcClientProtocolClient (GrpcClientProtocolClient.java:onNext(255)) - client-7EF960CB3D58->c9f1298e-d840-49d8-aac3-de81602aa1d5: receive RaftClientReply:client-7EF960CB3D58->c9f1298e-d840-49d8-aac3-de81602aa1d5@group-E9810A644481, cid=132, SUCCESS, logIndex=183, commits[c9f1298e-d840-49d8-aac3-de81602aa1d5:c183]
2019-08-30 23:39:46,187 [SCMBlockDeletingService#1] DEBUG block.SCMBlockDeletingService (SCMBlockDeletingService.java:call(138)) - Running DeletedBlockTransactionScanner
2019-08-30 23:39:46,187 [SCMBlockDeletingService#1] DEBUG block.SCMBlockDeletingService (SCMBlockDeletingService.java:call(155)) - Scanned deleted blocks log and got 0 delTX to process.
2019-08-30 23:39:46,457 [SCMBlockDeletingService#1] DEBUG block.SCMBlockDeletingService (SCMBlockDeletingService.java:call(138)) - Running DeletedBlockTransactionScanner
2019-08-30 23:39:46,457 [SCMBlockDeletingService#1] DEBUG block.SCMBlockDeletingService (SCMBlockDeletingService.java:call(155)) - Scanned deleted blocks log and got 0 delTX to process.
2019-08-30 23:39:46,496 [grpc-default-executor-1] INFO  client.GrpcClientProtocolClient (GrpcClientProtocolClient.java:onNext(255)) - client-7EF960CB3D58->c9f1298e-d840-49d8-aac3-de81602aa1d5: receive RaftClientReply:client-7EF960CB3D58->c9f1298e-d840-49d8-aac3-de81602aa1d5@group-E9810A644481, cid=133, SUCCESS, logIndex=186, commits[c9f1298e-d840-49d8-aac3-de81602aa1d5:c187]
2019-08-30 23:39:46,497 [grpc-default-executor-1] INFO  client.GrpcClientProtocolClient (GrpcClientProtocolClient.java:onNext(255)) - client-7EF960CB3D58->c9f1298e-d840-49d8-aac3-de81602aa1d5: receive RaftClientReply:client-7EF960CB3D58->c9f1298e-d840-49d8-aac3-de81602aa1d5@group-E9810A644481, cid=134, SUCCESS, logIndex=187, commits[c9f1298e-d840-49d8-aac3-de81602aa1d5:c189]
2019-08-30 23:39:46,498 [grpc-default-executor-1] INFO  client.GrpcClientProtocolClient (GrpcClientProtocolClient.java:onNext(255)) - client-7EF960CB3D58->c9f1298e-d840-49d8-aac3-de81602aa1d5: receive RaftClientReply:client-7EF960CB3D58->c9f1298e-d840-49d8-aac3-de81602aa1d5@group-E9810A644481, cid=135, SUCCESS, logIndex=188, commits[c9f1298e-d840-49d8-aac3-de81602aa1d5:c189]
2019-08-30 23:39:46,498 [grpc-default-executor-1] INFO  client.GrpcClientProtocolClient (GrpcClientProtocolClient.java:onNext(255)) - client-7EF960CB3D58->c9f1298e-d840-49d8-aac3-de81602aa1d5: receive RaftClientReply:client-7EF960CB3D58->c9f1298e-d840-49d8-aac3-de81602aa1d5@group-E9810A644481, cid=136, SUCCESS, logIndex=189, commits[c9f1298e-d840-49d8-aac3-de81602aa1d5:c189]
2019-08-30 23:39:46,539 [grpc-default-executor-1] INFO  client.GrpcClientProtocolClient (GrpcClientProtocolClient.java:onNext(255)) - client-7EF960CB3D58->c9f1298e-d840-49d8-aac3-de81602aa1d5: receive RaftClientReply:client-7EF960CB3D58->c9f1298e-d840-49d8-aac3-de81602aa1d5@group-E9810A644481, cid=137, SUCCESS, logIndex=192, commits[c9f1298e-d840-49d8-aac3-de81602aa1d5:c193]
2019-08-30 23:39:46,540 [grpc-default-executor-1] INFO  client.GrpcClientProtocolClient (GrpcClientProtocolClient.java:onNext(255)) - client-7EF960CB3D58->c9f1298e-d840-49d8-aac3-de81602aa1d5: receive RaftClientReply:client-7EF960CB3D58->c9f1298e-d840-49d8-aac3-de81602aa1d5@group-E9810A644481, cid=138, SUCCESS, logIndex=193, commits[c9f1298e-d840-49d8-aac3-de81602aa1d5:c193]
2019-08-30 23:39:46,545 [grpc-default-executor-1] INFO  client.GrpcClientProtocolClient (GrpcClientProtocolClient.java:onNext(255)) - client-7EF960CB3D58->c9f1298e-d840-49d8-aac3-de81602aa1d5: receive RaftClientReply:client-7EF960CB3D58->c9f1298e-d840-49d8-aac3-de81602aa1d5@group-E9810A644481, cid=139, SUCCESS, logIndex=194, commits[c9f1298e-d840-49d8-aac3-de81602aa1d5:c195]
2019-08-30 23:39:46,547 [grpc-default-executor-1] INFO  client.GrpcClientProtocolClient (GrpcClientProtocolClient.java:onNext(255)) - client-7EF960CB3D58->c9f1298e-d840-49d8-aac3-de81602aa1d5: receive RaftClientReply:client-7EF960CB3D58->c9f1298e-d840-49d8-aac3-de81602aa1d5@group-E9810A644481, cid=140, SUCCESS, logIndex=195, commits[c9f1298e-d840-49d8-aac3-de81602aa1d5:c196]
2019-08-30 23:39:46,557 [SCMBlockDeletingService#1] DEBUG block.SCMBlockDeletingService (SCMBlockDeletingService.java:call(138)) - Running DeletedBlockTransactionScanner
2019-08-30 23:39:46,558 [SCMBlockDeletingService#1] DEBUG block.SCMBlockDeletingService (SCMBlockDeletingService.java:call(155)) - Scanned deleted blocks log and got 0 delTX to process.
2019-08-30 23:39:46,565 [grpc-default-executor-0] INFO  client.GrpcClientProtocolClient (GrpcClientProtocolClient.java:onNext(255)) - client-7EF960CB3D58->c9f1298e-d840-49d8-aac3-de81602aa1d5: receive RaftClientReply:client-7EF960CB3D58->c9f1298e-d840-49d8-aac3-de81602aa1d5@group-E9810A644481, cid=141, SUCCESS, logIndex=198, commits[c9f1298e-d840-49d8-aac3-de81602aa1d5:c199]
2019-08-30 23:39:46,566 [grpc-default-executor-0] INFO  client.GrpcClientProtocolClient (GrpcClientProtocolClient.java:onNext(255)) - client-7EF960CB3D58->c9f1298e-d840-49d8-aac3-de81602aa1d5: receive RaftClientReply:client-7EF960CB3D58->c9f1298e-d840-49d8-aac3-de81602aa1d5@group-E9810A644481, cid=142, SUCCESS, logIndex=199, commits[c9f1298e-d840-49d8-aac3-de81602aa1d5:c199]
2019-08-30 23:39:46,572 [grpc-default-executor-0] INFO  client.GrpcClientProtocolClient (GrpcClientProtocolClient.java:onNext(255)) - client-7EF960CB3D58->c9f1298e-d840-49d8-aac3-de81602aa1d5: receive RaftClientReply:client-7EF960CB3D58->c9f1298e-d840-49d8-aac3-de81602aa1d5@group-E9810A644481, cid=143, SUCCESS, logIndex=200, commits[c9f1298e-d840-49d8-aac3-de81602aa1d5:c201]
2019-08-30 23:39:46,573 [grpc-default-executor-0] INFO  client.GrpcClientProtocolClient (GrpcClientProtocolClient.java:onNext(255)) - client-7EF960CB3D58->c9f1298e-d840-49d8-aac3-de81602aa1d5: receive RaftClientReply:client-7EF960CB3D58->c9f1298e-d840-49d8-aac3-de81602aa1d5@group-E9810A644481, cid=144, SUCCESS, logIndex=201, commits[c9f1298e-d840-49d8-aac3-de81602aa1d5:c201]
2019-08-30 23:39:46,619 [grpc-default-executor-0] INFO  client.GrpcClientProtocolClient (GrpcClientProtocolClient.java:onNext(255)) - client-7EF960CB3D58->c9f1298e-d840-49d8-aac3-de81602aa1d5: receive RaftClientReply:client-7EF960CB3D58->c9f1298e-d840-49d8-aac3-de81602aa1d5@group-E9810A644481, cid=145, SUCCESS, logIndex=204, commits[c9f1298e-d840-49d8-aac3-de81602aa1d5:c205]
2019-08-30 23:39:46,620 [grpc-default-executor-0] INFO  client.GrpcClientProtocolClient (GrpcClientProtocolClient.java:onNext(255)) - client-7EF960CB3D58->c9f1298e-d840-49d8-aac3-de81602aa1d5: receive RaftClientReply:client-7EF960CB3D58->c9f1298e-d840-49d8-aac3-de81602aa1d5@group-E9810A644481, cid=146, SUCCESS, logIndex=205, commits[c9f1298e-d840-49d8-aac3-de81602aa1d5:c207]
2019-08-30 23:39:46,620 [grpc-default-executor-0] INFO  client.GrpcClientProtocolClient (GrpcClientProtocolClient.java:onNext(255)) - client-7EF960CB3D58->c9f1298e-d840-49d8-aac3-de81602aa1d5: receive RaftClientReply:client-7EF960CB3D58->c9f1298e-d840-49d8-aac3-de81602aa1d5@group-E9810A644481, cid=147, SUCCESS, logIndex=206, commits[c9f1298e-d840-49d8-aac3-de81602aa1d5:c207]
2019-08-30 23:39:46,621 [grpc-default-executor-0] INFO  client.GrpcClientProtocolClient (GrpcClientProtocolClient.java:onNext(255)) - client-7EF960CB3D58->c9f1298e-d840-49d8-aac3-de81602aa1d5: receive RaftClientReply:client-7EF960CB3D58->c9f1298e-d840-49d8-aac3-de81602aa1d5@group-E9810A644481, cid=148, SUCCESS, logIndex=207, commits[c9f1298e-d840-49d8-aac3-de81602aa1d5:c207]
2019-08-30 23:39:46,644 [grpc-default-executor-0] INFO  client.GrpcClientProtocolClient (GrpcClientProtocolClient.java:onNext(255)) - client-7EF960CB3D58->c9f1298e-d840-49d8-aac3-de81602aa1d5: receive RaftClientReply:client-7EF960CB3D58->c9f1298e-d840-49d8-aac3-de81602aa1d5@group-E9810A644481, cid=149, SUCCESS, logIndex=210, commits[c9f1298e-d840-49d8-aac3-de81602aa1d5:c211]
2019-08-30 23:39:46,645 [grpc-default-executor-0] INFO  client.GrpcClientProtocolClient (GrpcClientProtocolClient.java:onNext(255)) - client-7EF960CB3D58->c9f1298e-d840-49d8-aac3-de81602aa1d5: receive RaftClientReply:client-7EF960CB3D58->c9f1298e-d840-49d8-aac3-de81602aa1d5@group-E9810A644481, cid=150, SUCCESS, logIndex=211, commits[c9f1298e-d840-49d8-aac3-de81602aa1d5:c211]
2019-08-30 23:39:46,654 [grpc-default-executor-0] INFO  client.GrpcClientProtocolClient (GrpcClientProtocolClient.java:onNext(255)) - client-7EF960CB3D58->c9f1298e-d840-49d8-aac3-de81602aa1d5: receive RaftClientReply:client-7EF960CB3D58->c9f1298e-d840-49d8-aac3-de81602aa1d5@group-E9810A644481, cid=151, SUCCESS, logIndex=212, commits[c9f1298e-d840-49d8-aac3-de81602aa1d5:c213]
2019-08-30 23:39:46,655 [grpc-default-executor-0] INFO  client.GrpcClientProtocolClient (GrpcClientProtocolClient.java:onNext(255)) - client-7EF960CB3D58->c9f1298e-d840-49d8-aac3-de81602aa1d5: receive RaftClientReply:client-7EF960CB3D58->c9f1298e-d840-49d8-aac3-de81602aa1d5@group-E9810A644481, cid=152, SUCCESS, logIndex=213, commits[c9f1298e-d840-49d8-aac3-de81602aa1d5:c213]
2019-08-30 23:39:46,658 [SCMBlockDeletingService#1] DEBUG block.SCMBlockDeletingService (SCMBlockDeletingService.java:call(138)) - Running DeletedBlockTransactionScanner
2019-08-30 23:39:46,658 [SCMBlockDeletingService#1] DEBUG block.SCMBlockDeletingService (SCMBlockDeletingService.java:call(155)) - Scanned deleted blocks log and got 0 delTX to process.
2019-08-30 23:39:46,677 [grpc-default-executor-1] INFO  client.GrpcClientProtocolClient (GrpcClientProtocolClient.java:onNext(255)) - client-7EF960CB3D58->c9f1298e-d840-49d8-aac3-de81602aa1d5: receive RaftClientReply:client-7EF960CB3D58->c9f1298e-d840-49d8-aac3-de81602aa1d5@group-E9810A644481, cid=153, SUCCESS, logIndex=216, commits[c9f1298e-d840-49d8-aac3-de81602aa1d5:c217]
2019-08-30 23:39:46,678 [grpc-default-executor-1] INFO  client.GrpcClientProtocolClient (GrpcClientProtocolClient.java:onNext(255)) - client-7EF960CB3D58->c9f1298e-d840-49d8-aac3-de81602aa1d5: receive RaftClientReply:client-7EF960CB3D58->c9f1298e-d840-49d8-aac3-de81602aa1d5@group-E9810A644481, cid=154, SUCCESS, logIndex=217, commits[c9f1298e-d840-49d8-aac3-de81602aa1d5:c219]
2019-08-30 23:39:46,679 [grpc-default-executor-1] INFO  client.GrpcClientProtocolClient (GrpcClientProtocolClient.java:onNext(255)) - client-7EF960CB3D58->c9f1298e-d840-49d8-aac3-de81602aa1d5: receive RaftClientReply:client-7EF960CB3D58->c9f1298e-d840-49d8-aac3-de81602aa1d5@group-E9810A644481, cid=155, SUCCESS, logIndex=218, commits[c9f1298e-d840-49d8-aac3-de81602aa1d5:c219]
2019-08-30 23:39:46,679 [grpc-default-executor-1] INFO  client.GrpcClientProtocolClient (GrpcClientProtocolClient.java:onNext(255)) - client-7EF960CB3D58->c9f1298e-d840-49d8-aac3-de81602aa1d5: receive RaftClientReply:client-7EF960CB3D58->c9f1298e-d840-49d8-aac3-de81602aa1d5@group-E9810A644481, cid=156, SUCCESS, logIndex=219, commits[c9f1298e-d840-49d8-aac3-de81602aa1d5:c219]
2019-08-30 23:39:46,701 [grpc-default-executor-1] INFO  client.GrpcClientProtocolClient (GrpcClientProtocolClient.java:onNext(255)) - client-7EF960CB3D58->c9f1298e-d840-49d8-aac3-de81602aa1d5: receive RaftClientReply:client-7EF960CB3D58->c9f1298e-d840-49d8-aac3-de81602aa1d5@group-E9810A644481, cid=157, SUCCESS, logIndex=222, commits[c9f1298e-d840-49d8-aac3-de81602aa1d5:c223]
2019-08-30 23:39:46,702 [grpc-default-executor-1] INFO  client.GrpcClientProtocolClient (GrpcClientProtocolClient.java:onNext(255)) - client-7EF960CB3D58->c9f1298e-d840-49d8-aac3-de81602aa1d5: receive RaftClientReply:client-7EF960CB3D58->c9f1298e-d840-49d8-aac3-de81602aa1d5@group-E9810A644481, cid=158, SUCCESS, logIndex=223, commits[c9f1298e-d840-49d8-aac3-de81602aa1d5:c223]
2019-08-30 23:39:46,709 [grpc-default-executor-1] INFO  client.GrpcClientProtocolClient (GrpcClientProtocolClient.java:onNext(255)) - client-7EF960CB3D58->c9f1298e-d840-49d8-aac3-de81602aa1d5: receive RaftClientReply:client-7EF960CB3D58->c9f1298e-d840-49d8-aac3-de81602aa1d5@group-E9810A644481, cid=159, SUCCESS, logIndex=224, commits[c9f1298e-d840-49d8-aac3-de81602aa1d5:c225]
2019-08-30 23:39:46,710 [grpc-default-executor-1] INFO  client.GrpcClientProtocolClient (GrpcClientProtocolClient.java:onNext(255)) - client-7EF960CB3D58->c9f1298e-d840-49d8-aac3-de81602aa1d5: receive RaftClientReply:client-7EF960CB3D58->c9f1298e-d840-49d8-aac3-de81602aa1d5@group-E9810A644481, cid=160, SUCCESS, logIndex=225, commits[c9f1298e-d840-49d8-aac3-de81602aa1d5:c225]
2019-08-30 23:39:46,741 [grpc-default-executor-1] INFO  client.GrpcClientProtocolClient (GrpcClientProtocolClient.java:onNext(255)) - client-7EF960CB3D58->c9f1298e-d840-49d8-aac3-de81602aa1d5: receive RaftClientReply:client-7EF960CB3D58->c9f1298e-d840-49d8-aac3-de81602aa1d5@group-E9810A644481, cid=161, SUCCESS, logIndex=228, commits[c9f1298e-d840-49d8-aac3-de81602aa1d5:c229]
2019-08-30 23:39:46,742 [grpc-default-executor-1] INFO  client.GrpcClientProtocolClient (GrpcClientProtocolClient.java:onNext(255)) - client-7EF960CB3D58->c9f1298e-d840-49d8-aac3-de81602aa1d5: receive RaftClientReply:client-7EF960CB3D58->c9f1298e-d840-49d8-aac3-de81602aa1d5@group-E9810A644481, cid=162, SUCCESS, logIndex=229, commits[c9f1298e-d840-49d8-aac3-de81602aa1d5:c231]
2019-08-30 23:39:46,742 [grpc-default-executor-1] INFO  client.GrpcClientProtocolClient (GrpcClientProtocolClient.java:onNext(255)) - client-7EF960CB3D58->c9f1298e-d840-49d8-aac3-de81602aa1d5: receive RaftClientReply:client-7EF960CB3D58->c9f1298e-d840-49d8-aac3-de81602aa1d5@group-E9810A644481, cid=163, SUCCESS, logIndex=230, commits[c9f1298e-d840-49d8-aac3-de81602aa1d5:c231]
2019-08-30 23:39:46,743 [grpc-default-executor-1] INFO  client.GrpcClientProtocolClient (GrpcClientProtocolClient.java:onNext(255)) - client-7EF960CB3D58->c9f1298e-d840-49d8-aac3-de81602aa1d5: receive RaftClientReply:client-7EF960CB3D58->c9f1298e-d840-49d8-aac3-de81602aa1d5@group-E9810A644481, cid=164, SUCCESS, logIndex=231, commits[c9f1298e-d840-49d8-aac3-de81602aa1d5:c231]
2019-08-30 23:39:46,758 [SCMBlockDeletingService#1] DEBUG block.SCMBlockDeletingService (SCMBlockDeletingService.java:call(138)) - Running DeletedBlockTransactionScanner
2019-08-30 23:39:46,759 [SCMBlockDeletingService#1] DEBUG block.SCMBlockDeletingService (SCMBlockDeletingService.java:call(155)) - Scanned deleted blocks log and got 0 delTX to process.
2019-08-30 23:39:46,774 [grpc-default-executor-1] INFO  client.GrpcClientProtocolClient (GrpcClientProtocolClient.java:onNext(255)) - client-7EF960CB3D58->c9f1298e-d840-49d8-aac3-de81602aa1d5: receive RaftClientReply:client-7EF960CB3D58->c9f1298e-d840-49d8-aac3-de81602aa1d5@group-E9810A644481, cid=165, SUCCESS, logIndex=234, commits[c9f1298e-d840-49d8-aac3-de81602aa1d5:c237]
2019-08-30 23:39:46,775 [grpc-default-executor-1] INFO  client.GrpcClientProtocolClient (GrpcClientProtocolClient.java:onNext(255)) - client-7EF960CB3D58->c9f1298e-d840-49d8-aac3-de81602aa1d5: receive RaftClientReply:client-7EF960CB3D58->c9f1298e-d840-49d8-aac3-de81602aa1d5@group-E9810A644481, cid=166, SUCCESS, logIndex=235, commits[c9f1298e-d840-49d8-aac3-de81602aa1d5:c237]
2019-08-30 23:39:46,776 [grpc-default-executor-1] INFO  client.GrpcClientProtocolClient (GrpcClientProtocolClient.java:onNext(255)) - client-7EF960CB3D58->c9f1298e-d840-49d8-aac3-de81602aa1d5: receive RaftClientReply:client-7EF960CB3D58->c9f1298e-d840-49d8-aac3-de81602aa1d5@group-E9810A644481, cid=167, SUCCESS, logIndex=236, commits[c9f1298e-d840-49d8-aac3-de81602aa1d5:c237]
2019-08-30 23:39:46,777 [grpc-default-executor-1] INFO  client.GrpcClientProtocolClient (GrpcClientProtocolClient.java:onNext(255)) - client-7EF960CB3D58->c9f1298e-d840-49d8-aac3-de81602aa1d5: receive RaftClientReply:client-7EF960CB3D58->c9f1298e-d840-49d8-aac3-de81602aa1d5@group-E9810A644481, cid=168, SUCCESS, logIndex=237, commits[c9f1298e-d840-49d8-aac3-de81602aa1d5:c237]
2019-08-30 23:39:46,822 [grpc-default-executor-0] INFO  client.GrpcClientProtocolClient (GrpcClientProtocolClient.java:onNext(255)) - client-7EF960CB3D58->c9f1298e-d840-49d8-aac3-de81602aa1d5: receive RaftClientReply:client-7EF960CB3D58->c9f1298e-d840-49d8-aac3-de81602aa1d5@group-E9810A644481, cid=169, SUCCESS, logIndex=239, commits[c9f1298e-d840-49d8-aac3-de81602aa1d5:c240]
2019-08-30 23:39:46,823 [grpc-default-executor-0] INFO  client.GrpcClientProtocolClient (GrpcClientProtocolClient.java:onNext(255)) - client-7EF960CB3D58->c9f1298e-d840-49d8-aac3-de81602aa1d5: receive RaftClientReply:client-7EF960CB3D58->c9f1298e-d840-49d8-aac3-de81602aa1d5@group-E9810A644481, cid=170, SUCCESS, logIndex=240, commits[c9f1298e-d840-49d8-aac3-de81602aa1d5:c242]
2019-08-30 23:39:46,824 [grpc-default-executor-0] INFO  client.GrpcClientProtocolClient (GrpcClientProtocolClient.java:onNext(255)) - client-7EF960CB3D58->c9f1298e-d840-49d8-aac3-de81602aa1d5: receive RaftClientReply:client-7EF960CB3D58->c9f1298e-d840-49d8-aac3-de81602aa1d5@group-E9810A644481, cid=171, SUCCESS, logIndex=241, commits[c9f1298e-d840-49d8-aac3-de81602aa1d5:c242]
2019-08-30 23:39:46,824 [grpc-default-executor-0] INFO  client.GrpcClientProtocolClient (GrpcClientProtocolClient.java:onNext(255)) - client-7EF960CB3D58->c9f1298e-d840-49d8-aac3-de81602aa1d5: receive RaftClientReply:client-7EF960CB3D58->c9f1298e-d840-49d8-aac3-de81602aa1d5@group-E9810A644481, cid=172, SUCCESS, logIndex=242, commits[c9f1298e-d840-49d8-aac3-de81602aa1d5:c242]
2019-08-30 23:39:46,853 [grpc-default-executor-1] INFO  client.GrpcClientProtocolClient (GrpcClientProtocolClient.java:onNext(255)) - client-7EF960CB3D58->c9f1298e-d840-49d8-aac3-de81602aa1d5: receive RaftClientReply:client-7EF960CB3D58->c9f1298e-d840-49d8-aac3-de81602aa1d5@group-E9810A644481, cid=173, SUCCESS, logIndex=245, commits[c9f1298e-d840-49d8-aac3-de81602aa1d5:c246]
2019-08-30 23:39:46,854 [grpc-default-executor-1] INFO  client.GrpcClientProtocolClient (GrpcClientProtocolClient.java:onNext(255)) - client-7EF960CB3D58->c9f1298e-d840-49d8-aac3-de81602aa1d5: receive RaftClientReply:client-7EF960CB3D58->c9f1298e-d840-49d8-aac3-de81602aa1d5@group-E9810A644481, cid=174, SUCCESS, logIndex=246, commits[c9f1298e-d840-49d8-aac3-de81602aa1d5:c246]
2019-08-30 23:39:46,859 [SCMBlockDeletingService#1] DEBUG block.SCMBlockDeletingService (SCMBlockDeletingService.java:call(138)) - Running DeletedBlockTransactionScanner
2019-08-30 23:39:46,859 [SCMBlockDeletingService#1] DEBUG block.SCMBlockDeletingService (SCMBlockDeletingService.java:call(155)) - Scanned deleted blocks log and got 0 delTX to process.
2019-08-30 23:39:46,864 [grpc-default-executor-1] INFO  client.GrpcClientProtocolClient (GrpcClientProtocolClient.java:onNext(255)) - client-7EF960CB3D58->c9f1298e-d840-49d8-aac3-de81602aa1d5: receive RaftClientReply:client-7EF960CB3D58->c9f1298e-d840-49d8-aac3-de81602aa1d5@group-E9810A644481, cid=175, SUCCESS, logIndex=247, commits[c9f1298e-d840-49d8-aac3-de81602aa1d5:c248]
2019-08-30 23:39:46,864 [grpc-default-executor-1] INFO  client.GrpcClientProtocolClient (GrpcClientProtocolClient.java:onNext(255)) - client-7EF960CB3D58->c9f1298e-d840-49d8-aac3-de81602aa1d5: receive RaftClientReply:client-7EF960CB3D58->c9f1298e-d840-49d8-aac3-de81602aa1d5@group-E9810A644481, cid=176, SUCCESS, logIndex=248, commits[c9f1298e-d840-49d8-aac3-de81602aa1d5:c248]
2019-08-30 23:39:46,960 [SCMBlockDeletingService#1] DEBUG block.SCMBlockDeletingService (SCMBlockDeletingService.java:call(138)) - Running DeletedBlockTransactionScanner
2019-08-30 23:39:46,960 [SCMBlockDeletingService#1] DEBUG block.SCMBlockDeletingService (SCMBlockDeletingService.java:call(155)) - Scanned deleted blocks log and got 0 delTX to process.
2019-08-30 23:39:47,024 [grpc-default-executor-0] INFO  client.GrpcClientProtocolClient (GrpcClientProtocolClient.java:onNext(255)) - client-7EF960CB3D58->c9f1298e-d840-49d8-aac3-de81602aa1d5: receive RaftClientReply:client-7EF960CB3D58->c9f1298e-d840-49d8-aac3-de81602aa1d5@group-E9810A644481, cid=177, SUCCESS, logIndex=251, commits[c9f1298e-d840-49d8-aac3-de81602aa1d5:c252]
2019-08-30 23:39:47,025 [grpc-default-executor-0] INFO  client.GrpcClientProtocolClient (GrpcClientProtocolClient.java:onNext(255)) - client-7EF960CB3D58->c9f1298e-d840-49d8-aac3-de81602aa1d5: receive RaftClientReply:client-7EF960CB3D58->c9f1298e-d840-49d8-aac3-de81602aa1d5@group-E9810A644481, cid=178, SUCCESS, logIndex=252, commits[c9f1298e-d840-49d8-aac3-de81602aa1d5:c252]
2019-08-30 23:39:47,030 [grpc-default-executor-0] INFO  client.GrpcClientProtocolClient (GrpcClientProtocolClient.java:onNext(255)) - client-7EF960CB3D58->c9f1298e-d840-49d8-aac3-de81602aa1d5: receive RaftClientReply:client-7EF960CB3D58->c9f1298e-d840-49d8-aac3-de81602aa1d5@group-E9810A644481, cid=179, SUCCESS, logIndex=253, commits[c9f1298e-d840-49d8-aac3-de81602aa1d5:c254]
2019-08-30 23:39:47,031 [grpc-default-executor-0] INFO  client.GrpcClientProtocolClient (GrpcClientProtocolClient.java:onNext(255)) - client-7EF960CB3D58->c9f1298e-d840-49d8-aac3-de81602aa1d5: receive RaftClientReply:client-7EF960CB3D58->c9f1298e-d840-49d8-aac3-de81602aa1d5@group-E9810A644481, cid=180, SUCCESS, logIndex=254, commits[c9f1298e-d840-49d8-aac3-de81602aa1d5:c255]
2019-08-30 23:39:47,060 [SCMBlockDeletingService#0] DEBUG block.SCMBlockDeletingService (SCMBlockDeletingService.java:call(138)) - Running DeletedBlockTransactionScanner
2019-08-30 23:39:47,061 [SCMBlockDeletingService#0] DEBUG block.SCMBlockDeletingService (SCMBlockDeletingService.java:call(155)) - Scanned deleted blocks log and got 0 delTX to process.
2019-08-30 23:39:47,071 [grpc-default-executor-1] INFO  client.GrpcClientProtocolClient (GrpcClientProtocolClient.java:onNext(255)) - client-7EF960CB3D58->c9f1298e-d840-49d8-aac3-de81602aa1d5: receive RaftClientReply:client-7EF960CB3D58->c9f1298e-d840-49d8-aac3-de81602aa1d5@group-E9810A644481, cid=181, SUCCESS, logIndex=257, commits[c9f1298e-d840-49d8-aac3-de81602aa1d5:c260]
2019-08-30 23:39:47,072 [grpc-default-executor-1] INFO  client.GrpcClientProtocolClient (GrpcClientProtocolClient.java:onNext(255)) - client-7EF960CB3D58->c9f1298e-d840-49d8-aac3-de81602aa1d5: receive RaftClientReply:client-7EF960CB3D58->c9f1298e-d840-49d8-aac3-de81602aa1d5@group-E9810A644481, cid=182, SUCCESS, logIndex=258, commits[c9f1298e-d840-49d8-aac3-de81602aa1d5:c260]
2019-08-30 23:39:47,072 [grpc-default-executor-1] INFO  client.GrpcClientProtocolClient (GrpcClientProtocolClient.java:onNext(255)) - client-7EF960CB3D58->c9f1298e-d840-49d8-aac3-de81602aa1d5: receive RaftClientReply:client-7EF960CB3D58->c9f1298e-d840-49d8-aac3-de81602aa1d5@group-E9810A644481, cid=183, SUCCESS, logIndex=259, commits[c9f1298e-d840-49d8-aac3-de81602aa1d5:c260]
2019-08-30 23:39:47,073 [grpc-default-executor-1] INFO  client.GrpcClientProtocolClient (GrpcClientProtocolClient.java:onNext(255)) - client-7EF960CB3D58->c9f1298e-d840-49d8-aac3-de81602aa1d5: receive RaftClientReply:client-7EF960CB3D58->c9f1298e-d840-49d8-aac3-de81602aa1d5@group-E9810A644481, cid=184, SUCCESS, logIndex=260, commits[c9f1298e-d840-49d8-aac3-de81602aa1d5:c260]
2019-08-30 23:39:47,093 [grpc-default-executor-0] INFO  client.GrpcClientProtocolClient (GrpcClientProtocolClient.java:onNext(255)) - client-7EF960CB3D58->c9f1298e-d840-49d8-aac3-de81602aa1d5: receive RaftClientReply:client-7EF960CB3D58->c9f1298e-d840-49d8-aac3-de81602aa1d5@group-E9810A644481, cid=185, SUCCESS, logIndex=262, commits[c9f1298e-d840-49d8-aac3-de81602aa1d5:c263]
2019-08-30 23:39:47,094 [grpc-default-executor-0] INFO  client.GrpcClientProtocolClient (GrpcClientProtocolClient.java:onNext(255)) - client-7EF960CB3D58->c9f1298e-d840-49d8-aac3-de81602aa1d5: receive RaftClientReply:client-7EF960CB3D58->c9f1298e-d840-49d8-aac3-de81602aa1d5@group-E9810A644481, cid=186, SUCCESS, logIndex=263, commits[c9f1298e-d840-49d8-aac3-de81602aa1d5:c265]
2019-08-30 23:39:47,094 [grpc-default-executor-0] INFO  client.GrpcClientProtocolClient (GrpcClientProtocolClient.java:onNext(255)) - client-7EF960CB3D58->c9f1298e-d840-49d8-aac3-de81602aa1d5: receive RaftClientReply:client-7EF960CB3D58->c9f1298e-d840-49d8-aac3-de81602aa1d5@group-E9810A644481, cid=187, SUCCESS, logIndex=264, commits[c9f1298e-d840-49d8-aac3-de81602aa1d5:c265]
2019-08-30 23:39:47,095 [grpc-default-executor-0] INFO  client.GrpcClientProtocolClient (GrpcClientProtocolClient.java:onNext(255)) - client-7EF960CB3D58->c9f1298e-d840-49d8-aac3-de81602aa1d5: receive RaftClientReply:client-7EF960CB3D58->c9f1298e-d840-49d8-aac3-de81602aa1d5@group-E9810A644481, cid=188, SUCCESS, logIndex=265, commits[c9f1298e-d840-49d8-aac3-de81602aa1d5:c265]
2019-08-30 23:39:47,111 [grpc-default-executor-1] INFO  client.GrpcClientProtocolClient (GrpcClientProtocolClient.java:onNext(255)) - client-7EF960CB3D58->c9f1298e-d840-49d8-aac3-de81602aa1d5: receive RaftClientReply:client-7EF960CB3D58->c9f1298e-d840-49d8-aac3-de81602aa1d5@group-E9810A644481, cid=189, SUCCESS, logIndex=268, commits[c9f1298e-d840-49d8-aac3-de81602aa1d5:c269]
2019-08-30 23:39:47,111 [grpc-default-executor-1] INFO  client.GrpcClientProtocolClient (GrpcClientProtocolClient.java:onNext(255)) - client-7EF960CB3D58->c9f1298e-d840-49d8-aac3-de81602aa1d5: receive RaftClientReply:client-7EF960CB3D58->c9f1298e-d840-49d8-aac3-de81602aa1d5@group-E9810A644481, cid=190, SUCCESS, logIndex=269, commits[c9f1298e-d840-49d8-aac3-de81602aa1d5:c269]
2019-08-30 23:39:47,116 [grpc-default-executor-1] INFO  client.GrpcClientProtocolClient (GrpcClientProtocolClient.java:onNext(255)) - client-7EF960CB3D58->c9f1298e-d840-49d8-aac3-de81602aa1d5: receive RaftClientReply:client-7EF960CB3D58->c9f1298e-d840-49d8-aac3-de81602aa1d5@group-E9810A644481, cid=191, SUCCESS, logIndex=270, commits[c9f1298e-d840-49d8-aac3-de81602aa1d5:c271]
2019-08-30 23:39:47,116 [grpc-default-executor-1] INFO  client.GrpcClientProtocolClient (GrpcClientProtocolClient.java:onNext(255)) - client-7EF960CB3D58->c9f1298e-d840-49d8-aac3-de81602aa1d5: receive RaftClientReply:client-7EF960CB3D58->c9f1298e-d840-49d8-aac3-de81602aa1d5@group-E9810A644481, cid=192, SUCCESS, logIndex=271, commits[c9f1298e-d840-49d8-aac3-de81602aa1d5:c271]
2019-08-30 23:39:47,151 [grpc-default-executor-1] INFO  client.GrpcClientProtocolClient (GrpcClientProtocolClient.java:onNext(255)) - client-7EF960CB3D58->c9f1298e-d840-49d8-aac3-de81602aa1d5: receive RaftClientReply:client-7EF960CB3D58->c9f1298e-d840-49d8-aac3-de81602aa1d5@group-E9810A644481, cid=193, SUCCESS, logIndex=274, commits[c9f1298e-d840-49d8-aac3-de81602aa1d5:c275]
2019-08-30 23:39:47,152 [grpc-default-executor-1] INFO  client.GrpcClientProtocolClient (GrpcClientProtocolClient.java:onNext(255)) - client-7EF960CB3D58->c9f1298e-d840-49d8-aac3-de81602aa1d5: receive RaftClientReply:client-7EF960CB3D58->c9f1298e-d840-49d8-aac3-de81602aa1d5@group-E9810A644481, cid=194, SUCCESS, logIndex=275, commits[c9f1298e-d840-49d8-aac3-de81602aa1d5:c275]
2019-08-30 23:39:47,161 [SCMBlockDeletingService#0] DEBUG block.SCMBlockDeletingService (SCMBlockDeletingService.java:call(138)) - Running DeletedBlockTransactionScanner
2019-08-30 23:39:47,162 [SCMBlockDeletingService#0] DEBUG block.SCMBlockDeletingService (SCMBlockDeletingService.java:call(155)) - Scanned deleted blocks log and got 0 delTX to process.
2019-08-30 23:39:47,163 [grpc-default-executor-1] INFO  client.GrpcClientProtocolClient (GrpcClientProtocolClient.java:onNext(255)) - client-7EF960CB3D58->c9f1298e-d840-49d8-aac3-de81602aa1d5: receive RaftClientReply:client-7EF960CB3D58->c9f1298e-d840-49d8-aac3-de81602aa1d5@group-E9810A644481, cid=195, SUCCESS, logIndex=276, commits[c9f1298e-d840-49d8-aac3-de81602aa1d5:c277]
2019-08-30 23:39:47,164 [grpc-default-executor-1] INFO  client.GrpcClientProtocolClient (GrpcClientProtocolClient.java:onNext(255)) - client-7EF960CB3D58->c9f1298e-d840-49d8-aac3-de81602aa1d5: receive RaftClientReply:client-7EF960CB3D58->c9f1298e-d840-49d8-aac3-de81602aa1d5@group-E9810A644481, cid=196, SUCCESS, logIndex=277, commits[c9f1298e-d840-49d8-aac3-de81602aa1d5:c277]
2019-08-30 23:39:47,185 [grpc-default-executor-1] INFO  client.GrpcClientProtocolClient (GrpcClientProtocolClient.java:onNext(255)) - client-7EF960CB3D58->c9f1298e-d840-49d8-aac3-de81602aa1d5: receive RaftClientReply:client-7EF960CB3D58->c9f1298e-d840-49d8-aac3-de81602aa1d5@group-E9810A644481, cid=197, SUCCESS, logIndex=280, commits[c9f1298e-d840-49d8-aac3-de81602aa1d5:c283]
2019-08-30 23:39:47,186 [grpc-default-executor-1] INFO  client.GrpcClientProtocolClient (GrpcClientProtocolClient.java:onNext(255)) - client-7EF960CB3D58->c9f1298e-d840-49d8-aac3-de81602aa1d5: receive RaftClientReply:client-7EF960CB3D58->c9f1298e-d840-49d8-aac3-de81602aa1d5@group-E9810A644481, cid=198, SUCCESS, logIndex=281, commits[c9f1298e-d840-49d8-aac3-de81602aa1d5:c283]
2019-08-30 23:39:47,186 [grpc-default-executor-1] INFO  client.GrpcClientProtocolClient (GrpcClientProtocolClient.java:onNext(255)) - client-7EF960CB3D58->c9f1298e-d840-49d8-aac3-de81602aa1d5: receive RaftClientReply:client-7EF960CB3D58->c9f1298e-d840-49d8-aac3-de81602aa1d5@group-E9810A644481, cid=199, SUCCESS, logIndex=282, commits[c9f1298e-d840-49d8-aac3-de81602aa1d5:c283]
2019-08-30 23:39:47,187 [grpc-default-executor-1] INFO  client.GrpcClientProtocolClient (GrpcClientProtocolClient.java:onNext(255)) - client-7EF960CB3D58->c9f1298e-d840-49d8-aac3-de81602aa1d5: receive RaftClientReply:client-7EF960CB3D58->c9f1298e-d840-49d8-aac3-de81602aa1d5@group-E9810A644481, cid=200, SUCCESS, logIndex=283, commits[c9f1298e-d840-49d8-aac3-de81602aa1d5:c283]
2019-08-30 23:39:47,240 [grpc-default-executor-1] INFO  client.GrpcClientProtocolClient (GrpcClientProtocolClient.java:onNext(255)) - client-7EF960CB3D58->c9f1298e-d840-49d8-aac3-de81602aa1d5: receive RaftClientReply:client-7EF960CB3D58->c9f1298e-d840-49d8-aac3-de81602aa1d5@group-E9810A644481, cid=201, SUCCESS, logIndex=285, commits[c9f1298e-d840-49d8-aac3-de81602aa1d5:c286]
2019-08-30 23:39:47,241 [grpc-default-executor-1] INFO  client.GrpcClientProtocolClient (GrpcClientProtocolClient.java:onNext(255)) - client-7EF960CB3D58->c9f1298e-d840-49d8-aac3-de81602aa1d5: receive RaftClientReply:client-7EF960CB3D58->c9f1298e-d840-49d8-aac3-de81602aa1d5@group-E9810A644481, cid=202, SUCCESS, logIndex=286, commits[c9f1298e-d840-49d8-aac3-de81602aa1d5:c286]
2019-08-30 23:39:47,248 [grpc-default-executor-1] INFO  client.GrpcClientProtocolClient (GrpcClientProtocolClient.java:onNext(255)) - client-7EF960CB3D58->c9f1298e-d840-49d8-aac3-de81602aa1d5: receive RaftClientReply:client-7EF960CB3D58->c9f1298e-d840-49d8-aac3-de81602aa1d5@group-E9810A644481, cid=203, SUCCESS, logIndex=287, commits[c9f1298e-d840-49d8-aac3-de81602aa1d5:c288]
2019-08-30 23:39:47,249 [grpc-default-executor-1] INFO  client.GrpcClientProtocolClient (GrpcClientProtocolClient.java:onNext(255)) - client-7EF960CB3D58->c9f1298e-d840-49d8-aac3-de81602aa1d5: receive RaftClientReply:client-7EF960CB3D58->c9f1298e-d840-49d8-aac3-de81602aa1d5@group-E9810A644481, cid=204, SUCCESS, logIndex=288, commits[c9f1298e-d840-49d8-aac3-de81602aa1d5:c288]
2019-08-30 23:39:47,262 [SCMBlockDeletingService#0] DEBUG block.SCMBlockDeletingService (SCMBlockDeletingService.java:call(138)) - Running DeletedBlockTransactionScanner
2019-08-30 23:39:47,263 [SCMBlockDeletingService#0] DEBUG block.SCMBlockDeletingService (SCMBlockDeletingService.java:call(155)) - Scanned deleted blocks log and got 0 delTX to process.
2019-08-30 23:39:47,276 [grpc-default-executor-1] INFO  client.GrpcClientProtocolClient (GrpcClientProtocolClient.java:onNext(255)) - client-7EF960CB3D58->c9f1298e-d840-49d8-aac3-de81602aa1d5: receive RaftClientReply:client-7EF960CB3D58->c9f1298e-d840-49d8-aac3-de81602aa1d5@group-E9810A644481, cid=205, SUCCESS, logIndex=291, commits[c9f1298e-d840-49d8-aac3-de81602aa1d5:c292]
2019-08-30 23:39:47,277 [grpc-default-executor-1] INFO  client.GrpcClientProtocolClient (GrpcClientProtocolClient.java:onNext(255)) - client-7EF960CB3D58->c9f1298e-d840-49d8-aac3-de81602aa1d5: receive RaftClientReply:client-7EF960CB3D58->c9f1298e-d840-49d8-aac3-de81602aa1d5@group-E9810A644481, cid=206, SUCCESS, logIndex=292, commits[c9f1298e-d840-49d8-aac3-de81602aa1d5:c292]
2019-08-30 23:39:47,281 [grpc-default-executor-1] INFO  client.GrpcClientProtocolClient (GrpcClientProtocolClient.java:onNext(255)) - client-7EF960CB3D58->c9f1298e-d840-49d8-aac3-de81602aa1d5: receive RaftClientReply:client-7EF960CB3D58->c9f1298e-d840-49d8-aac3-de81602aa1d5@group-E9810A644481, cid=207, SUCCESS, logIndex=293, commits[c9f1298e-d840-49d8-aac3-de81602aa1d5:c294]
2019-08-30 23:39:47,282 [grpc-default-executor-1] INFO  client.GrpcClientProtocolClient (GrpcClientProtocolClient.java:onNext(255)) - client-7EF960CB3D58->c9f1298e-d840-49d8-aac3-de81602aa1d5: receive RaftClientReply:client-7EF960CB3D58->c9f1298e-d840-49d8-aac3-de81602aa1d5@group-E9810A644481, cid=208, SUCCESS, logIndex=294, commits[c9f1298e-d840-49d8-aac3-de81602aa1d5:c295]
2019-08-30 23:39:47,363 [SCMBlockDeletingService#0] DEBUG block.SCMBlockDeletingService (SCMBlockDeletingService.java:call(138)) - Running DeletedBlockTransactionScanner
2019-08-30 23:39:47,363 [SCMBlockDeletingService#0] DEBUG block.SCMBlockDeletingService (SCMBlockDeletingService.java:call(155)) - Scanned deleted blocks log and got 0 delTX to process.
2019-08-30 23:39:47,448 [grpc-default-executor-1] INFO  client.GrpcClientProtocolClient (GrpcClientProtocolClient.java:onNext(255)) - client-7EF960CB3D58->c9f1298e-d840-49d8-aac3-de81602aa1d5: receive RaftClientReply:client-7EF960CB3D58->c9f1298e-d840-49d8-aac3-de81602aa1d5@group-E9810A644481, cid=209, SUCCESS, logIndex=297, commits[c9f1298e-d840-49d8-aac3-de81602aa1d5:c298]
2019-08-30 23:39:47,449 [grpc-default-executor-1] INFO  client.GrpcClientProtocolClient (GrpcClientProtocolClient.java:onNext(255)) - client-7EF960CB3D58->c9f1298e-d840-49d8-aac3-de81602aa1d5: receive RaftClientReply:client-7EF960CB3D58->c9f1298e-d840-49d8-aac3-de81602aa1d5@group-E9810A644481, cid=210, SUCCESS, logIndex=298, commits[c9f1298e-d840-49d8-aac3-de81602aa1d5:c298]
2019-08-30 23:39:47,464 [SCMBlockDeletingService#0] DEBUG block.SCMBlockDeletingService (SCMBlockDeletingService.java:call(138)) - Running DeletedBlockTransactionScanner
2019-08-30 23:39:47,464 [SCMBlockDeletingService#0] DEBUG block.SCMBlockDeletingService (SCMBlockDeletingService.java:call(155)) - Scanned deleted blocks log and got 0 delTX to process.
2019-08-30 23:39:47,564 [SCMBlockDeletingService#0] DEBUG block.SCMBlockDeletingService (SCMBlockDeletingService.java:call(138)) - Running DeletedBlockTransactionScanner
2019-08-30 23:39:47,565 [SCMBlockDeletingService#0] DEBUG block.SCMBlockDeletingService (SCMBlockDeletingService.java:call(155)) - Scanned deleted blocks log and got 0 delTX to process.
2019-08-30 23:39:47,665 [SCMBlockDeletingService#0] DEBUG block.SCMBlockDeletingService (SCMBlockDeletingService.java:call(138)) - Running DeletedBlockTransactionScanner
2019-08-30 23:39:47,666 [SCMBlockDeletingService#0] DEBUG block.SCMBlockDeletingService (SCMBlockDeletingService.java:call(155)) - Scanned deleted blocks log and got 0 delTX to process.
2019-08-30 23:39:47,766 [SCMBlockDeletingService#0] DEBUG block.SCMBlockDeletingService (SCMBlockDeletingService.java:call(138)) - Running DeletedBlockTransactionScanner
2019-08-30 23:39:47,766 [SCMBlockDeletingService#0] DEBUG block.SCMBlockDeletingService (SCMBlockDeletingService.java:call(155)) - Scanned deleted blocks log and got 0 delTX to process.
2019-08-30 23:39:47,780 [grpc-default-executor-1] INFO  client.GrpcClientProtocolClient (GrpcClientProtocolClient.java:onNext(255)) - client-7EF960CB3D58->c9f1298e-d840-49d8-aac3-de81602aa1d5: receive RaftClientReply:client-7EF960CB3D58->c9f1298e-d840-49d8-aac3-de81602aa1d5@group-E9810A644481, cid=211, SUCCESS, logIndex=299, commits[c9f1298e-d840-49d8-aac3-de81602aa1d5:c300]
2019-08-30 23:39:47,781 [grpc-default-executor-1] INFO  client.GrpcClientProtocolClient (GrpcClientProtocolClient.java:onNext(255)) - client-7EF960CB3D58->c9f1298e-d840-49d8-aac3-de81602aa1d5: receive RaftClientReply:client-7EF960CB3D58->c9f1298e-d840-49d8-aac3-de81602aa1d5@group-E9810A644481, cid=212, SUCCESS, logIndex=300, commits[c9f1298e-d840-49d8-aac3-de81602aa1d5:c300]
2019-08-30 23:39:47,825 [grpc-default-executor-0] INFO  client.GrpcClientProtocolClient (GrpcClientProtocolClient.java:onNext(255)) - client-7EF960CB3D58->c9f1298e-d840-49d8-aac3-de81602aa1d5: receive RaftClientReply:client-7EF960CB3D58->c9f1298e-d840-49d8-aac3-de81602aa1d5@group-E9810A644481, cid=213, SUCCESS, logIndex=303, commits[c9f1298e-d840-49d8-aac3-de81602aa1d5:c306]
2019-08-30 23:39:47,826 [grpc-default-executor-0] INFO  client.GrpcClientProtocolClient (GrpcClientProtocolClient.java:onNext(255)) - client-7EF960CB3D58->c9f1298e-d840-49d8-aac3-de81602aa1d5: receive RaftClientReply:client-7EF960CB3D58->c9f1298e-d840-49d8-aac3-de81602aa1d5@group-E9810A644481, cid=214, SUCCESS, logIndex=304, commits[c9f1298e-d840-49d8-aac3-de81602aa1d5:c306]
2019-08-30 23:39:47,826 [grpc-default-executor-0] INFO  client.GrpcClientProtocolClient (GrpcClientProtocolClient.java:onNext(255)) - client-7EF960CB3D58->c9f1298e-d840-49d8-aac3-de81602aa1d5: receive RaftClientReply:client-7EF960CB3D58->c9f1298e-d840-49d8-aac3-de81602aa1d5@group-E9810A644481, cid=215, SUCCESS, logIndex=305, commits[c9f1298e-d840-49d8-aac3-de81602aa1d5:c306]
2019-08-30 23:39:47,827 [grpc-default-executor-0] INFO  client.GrpcClientProtocolClient (GrpcClientProtocolClient.java:onNext(255)) - client-7EF960CB3D58->c9f1298e-d840-49d8-aac3-de81602aa1d5: receive RaftClientReply:client-7EF960CB3D58->c9f1298e-d840-49d8-aac3-de81602aa1d5@group-E9810A644481, cid=216, SUCCESS, logIndex=306, commits[c9f1298e-d840-49d8-aac3-de81602aa1d5:c306]
2019-08-30 23:39:47,867 [SCMBlockDeletingService#0] DEBUG block.SCMBlockDeletingService (SCMBlockDeletingService.java:call(138)) - Running DeletedBlockTransactionScanner
2019-08-30 23:39:47,867 [SCMBlockDeletingService#0] DEBUG block.SCMBlockDeletingService (SCMBlockDeletingService.java:call(155)) - Scanned deleted blocks log and got 0 delTX to process.
2019-08-30 23:39:47,968 [SCMBlockDeletingService#0] DEBUG block.SCMBlockDeletingService (SCMBlockDeletingService.java:call(138)) - Running DeletedBlockTransactionScanner
2019-08-30 23:39:47,968 [SCMBlockDeletingService#0] DEBUG block.SCMBlockDeletingService (SCMBlockDeletingService.java:call(155)) - Scanned deleted blocks log and got 0 delTX to process.
2019-08-30 23:39:47,987 [grpc-default-executor-1] INFO  client.GrpcClientProtocolClient (GrpcClientProtocolClient.java:onNext(255)) - client-7EF960CB3D58->c9f1298e-d840-49d8-aac3-de81602aa1d5: receive RaftClientReply:client-7EF960CB3D58->c9f1298e-d840-49d8-aac3-de81602aa1d5@group-E9810A644481, cid=217, SUCCESS, logIndex=308, commits[c9f1298e-d840-49d8-aac3-de81602aa1d5:c309]
2019-08-30 23:39:47,988 [grpc-default-executor-1] INFO  client.GrpcClientProtocolClient (GrpcClientProtocolClient.java:onNext(255)) - client-7EF960CB3D58->c9f1298e-d840-49d8-aac3-de81602aa1d5: receive RaftClientReply:client-7EF960CB3D58->c9f1298e-d840-49d8-aac3-de81602aa1d5@group-E9810A644481, cid=218, SUCCESS, logIndex=309, commits[c9f1298e-d840-49d8-aac3-de81602aa1d5:c309]
2019-08-30 23:39:48,013 [grpc-default-executor-1] INFO  client.GrpcClientProtocolClient (GrpcClientProtocolClient.java:onNext(255)) - client-7EF960CB3D58->c9f1298e-d840-49d8-aac3-de81602aa1d5: receive RaftClientReply:client-7EF960CB3D58->c9f1298e-d840-49d8-aac3-de81602aa1d5@group-E9810A644481, cid=219, SUCCESS, logIndex=310, commits[c9f1298e-d840-49d8-aac3-de81602aa1d5:c312]
2019-08-30 23:39:48,013 [grpc-default-executor-1] INFO  client.GrpcClientProtocolClient (GrpcClientProtocolClient.java:onNext(255)) - client-7EF960CB3D58->c9f1298e-d840-49d8-aac3-de81602aa1d5: receive RaftClientReply:client-7EF960CB3D58->c9f1298e-d840-49d8-aac3-de81602aa1d5@group-E9810A644481, cid=220, SUCCESS, logIndex=311, commits[c9f1298e-d840-49d8-aac3-de81602aa1d5:c312]
2019-08-30 23:39:48,068 [SCMBlockDeletingService#0] DEBUG block.SCMBlockDeletingService (SCMBlockDeletingService.java:call(138)) - Running DeletedBlockTransactionScanner
2019-08-30 23:39:48,069 [SCMBlockDeletingService#0] DEBUG block.SCMBlockDeletingService (SCMBlockDeletingService.java:call(155)) - Scanned deleted blocks log and got 0 delTX to process.
2019-08-30 23:39:48,148 [grpc-default-executor-0] INFO  client.GrpcClientProtocolClient (GrpcClientProtocolClient.java:onNext(255)) - client-7EF960CB3D58->c9f1298e-d840-49d8-aac3-de81602aa1d5: receive RaftClientReply:client-7EF960CB3D58->c9f1298e-d840-49d8-aac3-de81602aa1d5@group-E9810A644481, cid=221, SUCCESS, logIndex=314, commits[c9f1298e-d840-49d8-aac3-de81602aa1d5:c315]
2019-08-30 23:39:48,149 [grpc-default-executor-0] INFO  client.GrpcClientProtocolClient (GrpcClientProtocolClient.java:onNext(255)) - client-7EF960CB3D58->c9f1298e-d840-49d8-aac3-de81602aa1d5: receive RaftClientReply:client-7EF960CB3D58->c9f1298e-d840-49d8-aac3-de81602aa1d5@group-E9810A644481, cid=222, SUCCESS, logIndex=315, commits[c9f1298e-d840-49d8-aac3-de81602aa1d5:c317]
2019-08-30 23:39:48,149 [grpc-default-executor-0] INFO  client.GrpcClientProtocolClient (GrpcClientProtocolClient.java:onNext(255)) - client-7EF960CB3D58->c9f1298e-d840-49d8-aac3-de81602aa1d5: receive RaftClientReply:client-7EF960CB3D58->c9f1298e-d840-49d8-aac3-de81602aa1d5@group-E9810A644481, cid=223, SUCCESS, logIndex=316, commits[c9f1298e-d840-49d8-aac3-de81602aa1d5:c317]
2019-08-30 23:39:48,150 [grpc-default-executor-0] INFO  client.GrpcClientProtocolClient (GrpcClientProtocolClient.java:onNext(255)) - client-7EF960CB3D58->c9f1298e-d840-49d8-aac3-de81602aa1d5: receive RaftClientReply:client-7EF960CB3D58->c9f1298e-d840-49d8-aac3-de81602aa1d5@group-E9810A644481, cid=224, SUCCESS, logIndex=317, commits[c9f1298e-d840-49d8-aac3-de81602aa1d5:c317]
2019-08-30 23:39:48,169 [SCMBlockDeletingService#0] DEBUG block.SCMBlockDeletingService (SCMBlockDeletingService.java:call(138)) - Running DeletedBlockTransactionScanner
2019-08-30 23:39:48,170 [SCMBlockDeletingService#0] DEBUG block.SCMBlockDeletingService (SCMBlockDeletingService.java:call(155)) - Scanned deleted blocks log and got 0 delTX to process.
2019-08-30 23:39:48,186 [grpc-default-executor-1] INFO  client.GrpcClientProtocolClient (GrpcClientProtocolClient.java:onNext(255)) - client-7EF960CB3D58->c9f1298e-d840-49d8-aac3-de81602aa1d5: receive RaftClientReply:client-7EF960CB3D58->c9f1298e-d840-49d8-aac3-de81602aa1d5@group-E9810A644481, cid=225, SUCCESS, logIndex=320, commits[c9f1298e-d840-49d8-aac3-de81602aa1d5:c321]
2019-08-30 23:39:48,186 [grpc-default-executor-1] INFO  client.GrpcClientProtocolClient (GrpcClientProtocolClient.java:onNext(255)) - client-7EF960CB3D58->c9f1298e-d840-49d8-aac3-de81602aa1d5: receive RaftClientReply:client-7EF960CB3D58->c9f1298e-d840-49d8-aac3-de81602aa1d5@group-E9810A644481, cid=226, SUCCESS, logIndex=321, commits[c9f1298e-d840-49d8-aac3-de81602aa1d5:c321]
2019-08-30 23:39:48,209 [grpc-default-executor-1] INFO  client.GrpcClientProtocolClient (GrpcClientProtocolClient.java:onNext(255)) - client-7EF960CB3D58->c9f1298e-d840-49d8-aac3-de81602aa1d5: receive RaftClientReply:client-7EF960CB3D58->c9f1298e-d840-49d8-aac3-de81602aa1d5@group-E9810A644481, cid=227, SUCCESS, logIndex=322, commits[c9f1298e-d840-49d8-aac3-de81602aa1d5:c323]
2019-08-30 23:39:48,210 [grpc-default-executor-1] INFO  client.GrpcClientProtocolClient (GrpcClientProtocolClient.java:onNext(255)) - client-7EF960CB3D58->c9f1298e-d840-49d8-aac3-de81602aa1d5: receive RaftClientReply:client-7EF960CB3D58->c9f1298e-d840-49d8-aac3-de81602aa1d5@group-E9810A644481, cid=228, SUCCESS, logIndex=323, commits[c9f1298e-d840-49d8-aac3-de81602aa1d5:c324]
2019-08-30 23:39:48,228 [grpc-default-executor-1] INFO  client.GrpcClientProtocolClient (GrpcClientProtocolClient.java:onNext(255)) - client-7EF960CB3D58->c9f1298e-d840-49d8-aac3-de81602aa1d5: receive RaftClientReply:client-7EF960CB3D58->c9f1298e-d840-49d8-aac3-de81602aa1d5@group-E9810A644481, cid=229, SUCCESS, logIndex=326, commits[c9f1298e-d840-49d8-aac3-de81602aa1d5:c329]
2019-08-30 23:39:48,229 [grpc-default-executor-1] INFO  client.GrpcClientProtocolClient (GrpcClientProtocolClient.java:onNext(255)) - client-7EF960CB3D58->c9f1298e-d840-49d8-aac3-de81602aa1d5: receive RaftClientReply:client-7EF960CB3D58->c9f1298e-d840-49d8-aac3-de81602aa1d5@group-E9810A644481, cid=230, SUCCESS, logIndex=327, commits[c9f1298e-d840-49d8-aac3-de81602aa1d5:c330]
2019-08-30 23:39:48,229 [grpc-default-executor-1] INFO  client.GrpcClientProtocolClient (GrpcClientProtocolClient.java:onNext(255)) - client-7EF960CB3D58->c9f1298e-d840-49d8-aac3-de81602aa1d5: receive RaftClientReply:client-7EF960CB3D58->c9f1298e-d840-49d8-aac3-de81602aa1d5@group-E9810A644481, cid=231, SUCCESS, logIndex=328, commits[c9f1298e-d840-49d8-aac3-de81602aa1d5:c330]
2019-08-30 23:39:48,230 [grpc-default-executor-1] INFO  client.GrpcClientProtocolClient (GrpcClientProtocolClient.java:onNext(255)) - client-7EF960CB3D58->c9f1298e-d840-49d8-aac3-de81602aa1d5: receive RaftClientReply:client-7EF960CB3D58->c9f1298e-d840-49d8-aac3-de81602aa1d5@group-E9810A644481, cid=232, SUCCESS, logIndex=329, commits[c9f1298e-d840-49d8-aac3-de81602aa1d5:c330]
2019-08-30 23:39:48,259 [grpc-default-executor-1] INFO  client.GrpcClientProtocolClient (GrpcClientProtocolClient.java:onNext(255)) - client-7EF960CB3D58->c9f1298e-d840-49d8-aac3-de81602aa1d5: receive RaftClientReply:client-7EF960CB3D58->c9f1298e-d840-49d8-aac3-de81602aa1d5@group-E9810A644481, cid=233, SUCCESS, logIndex=331, commits[c9f1298e-d840-49d8-aac3-de81602aa1d5:c332]
2019-08-30 23:39:48,260 [grpc-default-executor-1] INFO  client.GrpcClientProtocolClient (GrpcClientProtocolClient.java:onNext(255)) - client-7EF960CB3D58->c9f1298e-d840-49d8-aac3-de81602aa1d5: receive RaftClientReply:client-7EF960CB3D58->c9f1298e-d840-49d8-aac3-de81602aa1d5@group-E9810A644481, cid=234, SUCCESS, logIndex=332, commits[c9f1298e-d840-49d8-aac3-de81602aa1d5:c334]
2019-08-30 23:39:48,261 [grpc-default-executor-1] INFO  client.GrpcClientProtocolClient (GrpcClientProtocolClient.java:onNext(255)) - client-7EF960CB3D58->c9f1298e-d840-49d8-aac3-de81602aa1d5: receive RaftClientReply:client-7EF960CB3D58->c9f1298e-d840-49d8-aac3-de81602aa1d5@group-E9810A644481, cid=235, SUCCESS, logIndex=333, commits[c9f1298e-d840-49d8-aac3-de81602aa1d5:c334]
2019-08-30 23:39:48,261 [grpc-default-executor-1] INFO  client.GrpcClientProtocolClient (GrpcClientProtocolClient.java:onNext(255)) - client-7EF960CB3D58->c9f1298e-d840-49d8-aac3-de81602aa1d5: receive RaftClientReply:client-7EF960CB3D58->c9f1298e-d840-49d8-aac3-de81602aa1d5@group-E9810A644481, cid=236, SUCCESS, logIndex=334, commits[c9f1298e-d840-49d8-aac3-de81602aa1d5:c335]
2019-08-30 23:39:48,270 [SCMBlockDeletingService#0] DEBUG block.SCMBlockDeletingService (SCMBlockDeletingService.java:call(138)) - Running DeletedBlockTransactionScanner
2019-08-30 23:39:48,270 [SCMBlockDeletingService#0] DEBUG block.SCMBlockDeletingService (SCMBlockDeletingService.java:call(155)) - Scanned deleted blocks log and got 0 delTX to process.
2019-08-30 23:39:48,273 [grpc-default-executor-0] INFO  client.GrpcClientProtocolClient (GrpcClientProtocolClient.java:onNext(255)) - client-7EF960CB3D58->c9f1298e-d840-49d8-aac3-de81602aa1d5: receive RaftClientReply:client-7EF960CB3D58->c9f1298e-d840-49d8-aac3-de81602aa1d5@group-E9810A644481, cid=237, SUCCESS, logIndex=337, commits[c9f1298e-d840-49d8-aac3-de81602aa1d5:c338]
2019-08-30 23:39:48,274 [grpc-default-executor-0] INFO  client.GrpcClientProtocolClient (GrpcClientProtocolClient.java:onNext(255)) - client-7EF960CB3D58->c9f1298e-d840-49d8-aac3-de81602aa1d5: receive RaftClientReply:client-7EF960CB3D58->c9f1298e-d840-49d8-aac3-de81602aa1d5@group-E9810A644481, cid=238, SUCCESS, logIndex=338, commits[c9f1298e-d840-49d8-aac3-de81602aa1d5:c338]
2019-08-30 23:39:48,284 [grpc-default-executor-0] INFO  client.GrpcClientProtocolClient (GrpcClientProtocolClient.java:onNext(255)) - client-7EF960CB3D58->c9f1298e-d840-49d8-aac3-de81602aa1d5: receive RaftClientReply:client-7EF960CB3D58->c9f1298e-d840-49d8-aac3-de81602aa1d5@group-E9810A644481, cid=239, SUCCESS, logIndex=339, commits[c9f1298e-d840-49d8-aac3-de81602aa1d5:c341]
2019-08-30 23:39:48,285 [grpc-default-executor-0] INFO  client.GrpcClientProtocolClient (GrpcClientProtocolClient.java:onNext(255)) - client-7EF960CB3D58->c9f1298e-d840-49d8-aac3-de81602aa1d5: receive RaftClientReply:client-7EF960CB3D58->c9f1298e-d840-49d8-aac3-de81602aa1d5@group-E9810A644481, cid=240, SUCCESS, logIndex=340, commits[c9f1298e-d840-49d8-aac3-de81602aa1d5:c341]
2019-08-30 23:39:48,313 [grpc-default-executor-0] INFO  client.GrpcClientProtocolClient (GrpcClientProtocolClient.java:onNext(255)) - client-7EF960CB3D58->c9f1298e-d840-49d8-aac3-de81602aa1d5: receive RaftClientReply:client-7EF960CB3D58->c9f1298e-d840-49d8-aac3-de81602aa1d5@group-E9810A644481, cid=241, SUCCESS, logIndex=342, commits[c9f1298e-d840-49d8-aac3-de81602aa1d5:c343]
2019-08-30 23:39:48,314 [grpc-default-executor-0] INFO  client.GrpcClientProtocolClient (GrpcClientProtocolClient.java:onNext(255)) - client-7EF960CB3D58->c9f1298e-d840-49d8-aac3-de81602aa1d5: receive RaftClientReply:client-7EF960CB3D58->c9f1298e-d840-49d8-aac3-de81602aa1d5@group-E9810A644481, cid=242, SUCCESS, logIndex=343, commits[c9f1298e-d840-49d8-aac3-de81602aa1d5:c345]
2019-08-30 23:39:48,314 [grpc-default-executor-0] INFO  client.GrpcClientProtocolClient (GrpcClientProtocolClient.java:onNext(255)) - client-7EF960CB3D58->c9f1298e-d840-49d8-aac3-de81602aa1d5: receive RaftClientReply:client-7EF960CB3D58->c9f1298e-d840-49d8-aac3-de81602aa1d5@group-E9810A644481, cid=243, SUCCESS, logIndex=344, commits[c9f1298e-d840-49d8-aac3-de81602aa1d5:c346]
2019-08-30 23:39:48,314 [grpc-default-executor-0] INFO  client.GrpcClientProtocolClient (GrpcClientProtocolClient.java:onNext(255)) - client-7EF960CB3D58->c9f1298e-d840-49d8-aac3-de81602aa1d5: receive RaftClientReply:client-7EF960CB3D58->c9f1298e-d840-49d8-aac3-de81602aa1d5@group-E9810A644481, cid=244, SUCCESS, logIndex=345, commits[c9f1298e-d840-49d8-aac3-de81602aa1d5:c346]
2019-08-30 23:39:48,354 [grpc-default-executor-0] INFO  client.GrpcClientProtocolClient (GrpcClientProtocolClient.java:onNext(255)) - client-7EF960CB3D58->c9f1298e-d840-49d8-aac3-de81602aa1d5: receive RaftClientReply:client-7EF960CB3D58->c9f1298e-d840-49d8-aac3-de81602aa1d5@group-E9810A644481, cid=245, SUCCESS, logIndex=348, commits[c9f1298e-d840-49d8-aac3-de81602aa1d5:c349]
2019-08-30 23:39:48,355 [grpc-default-executor-0] INFO  client.GrpcClientProtocolClient (GrpcClientProtocolClient.java:onNext(255)) - client-7EF960CB3D58->c9f1298e-d840-49d8-aac3-de81602aa1d5: receive RaftClientReply:client-7EF960CB3D58->c9f1298e-d840-49d8-aac3-de81602aa1d5@group-E9810A644481, cid=246, SUCCESS, logIndex=349, commits[c9f1298e-d840-49d8-aac3-de81602aa1d5:c349]
2019-08-30 23:39:48,370 [SCMBlockDeletingService#0] DEBUG block.SCMBlockDeletingService (SCMBlockDeletingService.java:call(138)) - Running DeletedBlockTransactionScanner
2019-08-30 23:39:48,371 [SCMBlockDeletingService#0] DEBUG block.SCMBlockDeletingService (SCMBlockDeletingService.java:call(155)) - Scanned deleted blocks log and got 0 delTX to process.
2019-08-30 23:39:48,372 [grpc-default-executor-0] INFO  client.GrpcClientProtocolClient (GrpcClientProtocolClient.java:onNext(255)) - client-7EF960CB3D58->c9f1298e-d840-49d8-aac3-de81602aa1d5: receive RaftClientReply:client-7EF960CB3D58->c9f1298e-d840-49d8-aac3-de81602aa1d5@group-E9810A644481, cid=247, SUCCESS, logIndex=350, commits[c9f1298e-d840-49d8-aac3-de81602aa1d5:c351]
2019-08-30 23:39:48,373 [grpc-default-executor-0] INFO  client.GrpcClientProtocolClient (GrpcClientProtocolClient.java:onNext(255)) - client-7EF960CB3D58->c9f1298e-d840-49d8-aac3-de81602aa1d5: receive RaftClientReply:client-7EF960CB3D58->c9f1298e-d840-49d8-aac3-de81602aa1d5@group-E9810A644481, cid=248, SUCCESS, logIndex=351, commits[c9f1298e-d840-49d8-aac3-de81602aa1d5:c352]
2019-08-30 23:39:48,390 [grpc-default-executor-1] INFO  client.GrpcClientProtocolClient (GrpcClientProtocolClient.java:onNext(255)) - client-7EF960CB3D58->c9f1298e-d840-49d8-aac3-de81602aa1d5: receive RaftClientReply:client-7EF960CB3D58->c9f1298e-d840-49d8-aac3-de81602aa1d5@group-E9810A644481, cid=249, SUCCESS, logIndex=354, commits[c9f1298e-d840-49d8-aac3-de81602aa1d5:c355]
2019-08-30 23:39:48,391 [grpc-default-executor-1] INFO  client.GrpcClientProtocolClient (GrpcClientProtocolClient.java:onNext(255)) - client-7EF960CB3D58->c9f1298e-d840-49d8-aac3-de81602aa1d5: receive RaftClientReply:client-7EF960CB3D58->c9f1298e-d840-49d8-aac3-de81602aa1d5@group-E9810A644481, cid=250, SUCCESS, logIndex=355, commits[c9f1298e-d840-49d8-aac3-de81602aa1d5:c356]
2019-08-30 23:39:48,392 [grpc-default-executor-1] INFO  client.GrpcClientProtocolClient (GrpcClientProtocolClient.java:onNext(255)) - client-7EF960CB3D58->c9f1298e-d840-49d8-aac3-de81602aa1d5: receive RaftClientReply:client-7EF960CB3D58->c9f1298e-d840-49d8-aac3-de81602aa1d5@group-E9810A644481, cid=251, SUCCESS, logIndex=357, commits[c9f1298e-d840-49d8-aac3-de81602aa1d5:c358]
2019-08-30 23:39:48,393 [grpc-default-executor-1] INFO  client.GrpcClientProtocolClient (GrpcClientProtocolClient.java:onNext(255)) - client-7EF960CB3D58->c9f1298e-d840-49d8-aac3-de81602aa1d5: receive RaftClientReply:client-7EF960CB3D58->c9f1298e-d840-49d8-aac3-de81602aa1d5@group-E9810A644481, cid=252, SUCCESS, logIndex=358, commits[c9f1298e-d840-49d8-aac3-de81602aa1d5:c359]
2019-08-30 23:39:48,410 [grpc-default-executor-1] INFO  client.GrpcClientProtocolClient (GrpcClientProtocolClient.java:onNext(255)) - client-7EF960CB3D58->c9f1298e-d840-49d8-aac3-de81602aa1d5: receive RaftClientReply:client-7EF960CB3D58->c9f1298e-d840-49d8-aac3-de81602aa1d5@group-E9810A644481, cid=253, SUCCESS, logIndex=360, commits[c9f1298e-d840-49d8-aac3-de81602aa1d5:c361]
2019-08-30 23:39:48,410 [grpc-default-executor-1] INFO  client.GrpcClientProtocolClient (GrpcClientProtocolClient.java:onNext(255)) - client-7EF960CB3D58->c9f1298e-d840-49d8-aac3-de81602aa1d5: receive RaftClientReply:client-7EF960CB3D58->c9f1298e-d840-49d8-aac3-de81602aa1d5@group-E9810A644481, cid=254, SUCCESS, logIndex=361, commits[c9f1298e-d840-49d8-aac3-de81602aa1d5:c364]
2019-08-30 23:39:48,411 [grpc-default-executor-1] INFO  client.GrpcClientProtocolClient (GrpcClientProtocolClient.java:onNext(255)) - client-7EF960CB3D58->c9f1298e-d840-49d8-aac3-de81602aa1d5: receive RaftClientReply:client-7EF960CB3D58->c9f1298e-d840-49d8-aac3-de81602aa1d5@group-E9810A644481, cid=255, SUCCESS, logIndex=362, commits[c9f1298e-d840-49d8-aac3-de81602aa1d5:c365]
2019-08-30 23:39:48,411 [grpc-default-executor-1] INFO  client.GrpcClientProtocolClient (GrpcClientProtocolClient.java:onNext(255)) - client-7EF960CB3D58->c9f1298e-d840-49d8-aac3-de81602aa1d5: receive RaftClientReply:client-7EF960CB3D58->c9f1298e-d840-49d8-aac3-de81602aa1d5@group-E9810A644481, cid=256, SUCCESS, logIndex=363, commits[c9f1298e-d840-49d8-aac3-de81602aa1d5:c365]
2019-08-30 23:39:48,436 [grpc-default-executor-1] INFO  client.GrpcClientProtocolClient (GrpcClientProtocolClient.java:onNext(255)) - client-7EF960CB3D58->c9f1298e-d840-49d8-aac3-de81602aa1d5: receive RaftClientReply:client-7EF960CB3D58->c9f1298e-d840-49d8-aac3-de81602aa1d5@group-E9810A644481, cid=257, SUCCESS, logIndex=366, commits[c9f1298e-d840-49d8-aac3-de81602aa1d5:c367]
2019-08-30 23:39:48,437 [grpc-default-executor-1] INFO  client.GrpcClientProtocolClient (GrpcClientProtocolClient.java:onNext(255)) - client-7EF960CB3D58->c9f1298e-d840-49d8-aac3-de81602aa1d5: receive RaftClientReply:client-7EF960CB3D58->c9f1298e-d840-49d8-aac3-de81602aa1d5@group-E9810A644481, cid=258, SUCCESS, logIndex=367, commits[c9f1298e-d840-49d8-aac3-de81602aa1d5:c369]
2019-08-30 23:39:48,438 [grpc-default-executor-1] INFO  client.GrpcClientProtocolClient (GrpcClientProtocolClient.java:onNext(255)) - client-7EF960CB3D58->c9f1298e-d840-49d8-aac3-de81602aa1d5: receive RaftClientReply:client-7EF960CB3D58->c9f1298e-d840-49d8-aac3-de81602aa1d5@group-E9810A644481, cid=259, SUCCESS, logIndex=368, commits[c9f1298e-d840-49d8-aac3-de81602aa1d5:c369]
2019-08-30 23:39:48,438 [grpc-default-executor-1] INFO  client.GrpcClientProtocolClient (GrpcClientProtocolClient.java:onNext(255)) - client-7EF960CB3D58->c9f1298e-d840-49d8-aac3-de81602aa1d5: receive RaftClientReply:client-7EF960CB3D58->c9f1298e-d840-49d8-aac3-de81602aa1d5@group-E9810A644481, cid=260, SUCCESS, logIndex=369, commits[c9f1298e-d840-49d8-aac3-de81602aa1d5:c370]
2019-08-30 23:39:48,460 [grpc-default-executor-1] INFO  client.GrpcClientProtocolClient (GrpcClientProtocolClient.java:onNext(255)) - client-7EF960CB3D58->c9f1298e-d840-49d8-aac3-de81602aa1d5: receive RaftClientReply:client-7EF960CB3D58->c9f1298e-d840-49d8-aac3-de81602aa1d5@group-E9810A644481, cid=261, SUCCESS, logIndex=372, commits[c9f1298e-d840-49d8-aac3-de81602aa1d5:c373]
2019-08-30 23:39:48,461 [grpc-default-executor-1] INFO  client.GrpcClientProtocolClient (GrpcClientProtocolClient.java:onNext(255)) - client-7EF960CB3D58->c9f1298e-d840-49d8-aac3-de81602aa1d5: receive RaftClientReply:client-7EF960CB3D58->c9f1298e-d840-49d8-aac3-de81602aa1d5@group-E9810A644481, cid=262, SUCCESS, logIndex=373, commits[c9f1298e-d840-49d8-aac3-de81602aa1d5:c373]
2019-08-30 23:39:48,471 [SCMBlockDeletingService#0] DEBUG block.SCMBlockDeletingService (SCMBlockDeletingService.java:call(138)) - Running DeletedBlockTransactionScanner
2019-08-30 23:39:48,471 [SCMBlockDeletingService#0] DEBUG block.SCMBlockDeletingService (SCMBlockDeletingService.java:call(155)) - Scanned deleted blocks log and got 0 delTX to process.
2019-08-30 23:39:48,475 [grpc-default-executor-1] INFO  client.GrpcClientProtocolClient (GrpcClientProtocolClient.java:onNext(255)) - client-7EF960CB3D58->c9f1298e-d840-49d8-aac3-de81602aa1d5: receive RaftClientReply:client-7EF960CB3D58->c9f1298e-d840-49d8-aac3-de81602aa1d5@group-E9810A644481, cid=263, SUCCESS, logIndex=374, commits[c9f1298e-d840-49d8-aac3-de81602aa1d5:c375]
2019-08-30 23:39:48,475 [grpc-default-executor-1] INFO  client.GrpcClientProtocolClient (GrpcClientProtocolClient.java:onNext(255)) - client-7EF960CB3D58->c9f1298e-d840-49d8-aac3-de81602aa1d5: receive RaftClientReply:client-7EF960CB3D58->c9f1298e-d840-49d8-aac3-de81602aa1d5@group-E9810A644481, cid=264, SUCCESS, logIndex=375, commits[c9f1298e-d840-49d8-aac3-de81602aa1d5:c376]
2019-08-30 23:39:48,571 [SCMBlockDeletingService#0] DEBUG block.SCMBlockDeletingService (SCMBlockDeletingService.java:call(138)) - Running DeletedBlockTransactionScanner
2019-08-30 23:39:48,572 [SCMBlockDeletingService#0] DEBUG block.SCMBlockDeletingService (SCMBlockDeletingService.java:call(155)) - Scanned deleted blocks log and got 0 delTX to process.
2019-08-30 23:39:48,600 [grpc-default-executor-1] INFO  client.GrpcClientProtocolClient (GrpcClientProtocolClient.java:onNext(255)) - client-7EF960CB3D58->c9f1298e-d840-49d8-aac3-de81602aa1d5: receive RaftClientReply:client-7EF960CB3D58->c9f1298e-d840-49d8-aac3-de81602aa1d5@group-E9810A644481, cid=265, SUCCESS, logIndex=378, commits[c9f1298e-d840-49d8-aac3-de81602aa1d5:c381]
2019-08-30 23:39:48,601 [grpc-default-executor-1] INFO  client.GrpcClientProtocolClient (GrpcClientProtocolClient.java:onNext(255)) - client-7EF960CB3D58->c9f1298e-d840-49d8-aac3-de81602aa1d5: receive RaftClientReply:client-7EF960CB3D58->c9f1298e-d840-49d8-aac3-de81602aa1d5@group-E9810A644481, cid=266, SUCCESS, logIndex=379, commits[c9f1298e-d840-49d8-aac3-de81602aa1d5:c382]
2019-08-30 23:39:48,601 [grpc-default-executor-1] INFO  client.GrpcClientProtocolClient (GrpcClientProtocolClient.java:onNext(255)) - client-7EF960CB3D58->c9f1298e-d840-49d8-aac3-de81602aa1d5: receive RaftClientReply:client-7EF960CB3D58->c9f1298e-d840-49d8-aac3-de81602aa1d5@group-E9810A644481, cid=267, SUCCESS, logIndex=380, commits[c9f1298e-d840-49d8-aac3-de81602aa1d5:c383]
2019-08-30 23:39:48,602 [grpc-default-executor-1] INFO  client.GrpcClientProtocolClient (GrpcClientProtocolClient.java:onNext(255)) - client-7EF960CB3D58->c9f1298e-d840-49d8-aac3-de81602aa1d5: receive RaftClientReply:client-7EF960CB3D58->c9f1298e-d840-49d8-aac3-de81602aa1d5@group-E9810A644481, cid=268, SUCCESS, logIndex=381, commits[c9f1298e-d840-49d8-aac3-de81602aa1d5:c383]
2019-08-30 23:39:48,743 [SCMBlockDeletingService#0] DEBUG block.SCMBlockDeletingService (SCMBlockDeletingService.java:call(138)) - Running DeletedBlockTransactionScanner
2019-08-30 23:39:48,743 [SCMBlockDeletingService#0] DEBUG block.SCMBlockDeletingService (SCMBlockDeletingService.java:call(155)) - Scanned deleted blocks log and got 0 delTX to process.
2019-08-30 23:39:48,746 [grpc-default-executor-1] INFO  client.GrpcClientProtocolClient (GrpcClientProtocolClient.java:onNext(255)) - client-7EF960CB3D58->c9f1298e-d840-49d8-aac3-de81602aa1d5: receive RaftClientReply:client-7EF960CB3D58->c9f1298e-d840-49d8-aac3-de81602aa1d5@group-E9810A644481, cid=269, SUCCESS, logIndex=384, commits[c9f1298e-d840-49d8-aac3-de81602aa1d5:c385]
2019-08-30 23:39:48,747 [grpc-default-executor-1] INFO  client.GrpcClientProtocolClient (GrpcClientProtocolClient.java:onNext(255)) - client-7EF960CB3D58->c9f1298e-d840-49d8-aac3-de81602aa1d5: receive RaftClientReply:client-7EF960CB3D58->c9f1298e-d840-49d8-aac3-de81602aa1d5@group-E9810A644481, cid=270, SUCCESS, logIndex=385, commits[c9f1298e-d840-49d8-aac3-de81602aa1d5:c385]
2019-08-30 23:39:48,758 [grpc-default-executor-1] INFO  client.GrpcClientProtocolClient (GrpcClientProtocolClient.java:onNext(255)) - client-7EF960CB3D58->c9f1298e-d840-49d8-aac3-de81602aa1d5: receive RaftClientReply:client-7EF960CB3D58->c9f1298e-d840-49d8-aac3-de81602aa1d5@group-E9810A644481, cid=271, SUCCESS, logIndex=386, commits[c9f1298e-d840-49d8-aac3-de81602aa1d5:c389]
2019-08-30 23:39:48,759 [grpc-default-executor-1] INFO  client.GrpcClientProtocolClient (GrpcClientProtocolClient.java:onNext(255)) - client-7EF960CB3D58->c9f1298e-d840-49d8-aac3-de81602aa1d5: receive RaftClientReply:client-7EF960CB3D58->c9f1298e-d840-49d8-aac3-de81602aa1d5@group-E9810A644481, cid=272, SUCCESS, logIndex=388, commits[c9f1298e-d840-49d8-aac3-de81602aa1d5:c389]
2019-08-30 23:39:48,790 [grpc-default-executor-1] INFO  client.GrpcClientProtocolClient (GrpcClientProtocolClient.java:onNext(255)) - client-7EF960CB3D58->c9f1298e-d840-49d8-aac3-de81602aa1d5: receive RaftClientReply:client-7EF960CB3D58->c9f1298e-d840-49d8-aac3-de81602aa1d5@group-E9810A644481, cid=273, SUCCESS, logIndex=390, commits[c9f1298e-d840-49d8-aac3-de81602aa1d5:c391]
2019-08-30 23:39:48,790 [grpc-default-executor-1] INFO  client.GrpcClientProtocolClient (GrpcClientProtocolClient.java:onNext(255)) - client-7EF960CB3D58->c9f1298e-d840-49d8-aac3-de81602aa1d5: receive RaftClientReply:client-7EF960CB3D58->c9f1298e-d840-49d8-aac3-de81602aa1d5@group-E9810A644481, cid=274, SUCCESS, logIndex=391, commits[c9f1298e-d840-49d8-aac3-de81602aa1d5:c391]
2019-08-30 23:39:48,817 [grpc-default-executor-1] INFO  client.GrpcClientProtocolClient (GrpcClientProtocolClient.java:onNext(255)) - client-7EF960CB3D58->c9f1298e-d840-49d8-aac3-de81602aa1d5: receive RaftClientReply:client-7EF960CB3D58->c9f1298e-d840-49d8-aac3-de81602aa1d5@group-E9810A644481, cid=275, SUCCESS, logIndex=392, commits[c9f1298e-d840-49d8-aac3-de81602aa1d5:c393]
2019-08-30 23:39:48,818 [grpc-default-executor-1] INFO  client.GrpcClientProtocolClient (GrpcClientProtocolClient.java:onNext(255)) - client-7EF960CB3D58->c9f1298e-d840-49d8-aac3-de81602aa1d5: receive RaftClientReply:client-7EF960CB3D58->c9f1298e-d840-49d8-aac3-de81602aa1d5@group-E9810A644481, cid=276, SUCCESS, logIndex=393, commits[c9f1298e-d840-49d8-aac3-de81602aa1d5:c393]
2019-08-30 23:39:48,833 [grpc-default-executor-1] INFO  client.GrpcClientProtocolClient (GrpcClientProtocolClient.java:onNext(255)) - client-7EF960CB3D58->c9f1298e-d840-49d8-aac3-de81602aa1d5: receive RaftClientReply:client-7EF960CB3D58->c9f1298e-d840-49d8-aac3-de81602aa1d5@group-E9810A644481, cid=277, SUCCESS, logIndex=396, commits[c9f1298e-d840-49d8-aac3-de81602aa1d5:c399]
2019-08-30 23:39:48,834 [grpc-default-executor-1] INFO  client.GrpcClientProtocolClient (GrpcClientProtocolClient.java:onNext(255)) - client-7EF960CB3D58->c9f1298e-d840-49d8-aac3-de81602aa1d5: receive RaftClientReply:client-7EF960CB3D58->c9f1298e-d840-49d8-aac3-de81602aa1d5@group-E9810A644481, cid=278, SUCCESS, logIndex=397, commits[c9f1298e-d840-49d8-aac3-de81602aa1d5:c400]
2019-08-30 23:39:48,835 [grpc-default-executor-1] INFO  client.GrpcClientProtocolClient (GrpcClientProtocolClient.java:onNext(255)) - client-7EF960CB3D58->c9f1298e-d840-49d8-aac3-de81602aa1d5: receive RaftClientReply:client-7EF960CB3D58->c9f1298e-d840-49d8-aac3-de81602aa1d5@group-E9810A644481, cid=279, SUCCESS, logIndex=398, commits[c9f1298e-d840-49d8-aac3-de81602aa1d5:c400]
2019-08-30 23:39:48,835 [grpc-default-executor-1] INFO  client.GrpcClientProtocolClient (GrpcClientProtocolClient.java:onNext(255)) - client-7EF960CB3D58->c9f1298e-d840-49d8-aac3-de81602aa1d5: receive RaftClientReply:client-7EF960CB3D58->c9f1298e-d840-49d8-aac3-de81602aa1d5@group-E9810A644481, cid=280, SUCCESS, logIndex=399, commits[c9f1298e-d840-49d8-aac3-de81602aa1d5:c400]
2019-08-30 23:39:48,844 [SCMBlockDeletingService#0] DEBUG block.SCMBlockDeletingService (SCMBlockDeletingService.java:call(138)) - Running DeletedBlockTransactionScanner
2019-08-30 23:39:48,844 [SCMBlockDeletingService#0] DEBUG block.SCMBlockDeletingService (SCMBlockDeletingService.java:call(155)) - Scanned deleted blocks log and got 0 delTX to process.
2019-08-30 23:39:48,863 [grpc-default-executor-1] INFO  client.GrpcClientProtocolClient (GrpcClientProtocolClient.java:onNext(255)) - client-7EF960CB3D58->c9f1298e-d840-49d8-aac3-de81602aa1d5: receive RaftClientReply:client-7EF960CB3D58->c9f1298e-d840-49d8-aac3-de81602aa1d5@group-E9810A644481, cid=281, SUCCESS, logIndex=401, commits[c9f1298e-d840-49d8-aac3-de81602aa1d5:c402]
2019-08-30 23:39:48,864 [grpc-default-executor-1] INFO  client.GrpcClientProtocolClient (GrpcClientProtocolClient.java:onNext(255)) - client-7EF960CB3D58->c9f1298e-d840-49d8-aac3-de81602aa1d5: receive RaftClientReply:client-7EF960CB3D58->c9f1298e-d840-49d8-aac3-de81602aa1d5@group-E9810A644481, cid=282, SUCCESS, logIndex=402, commits[c9f1298e-d840-49d8-aac3-de81602aa1d5:c402]
2019-08-30 23:39:48,883 [grpc-default-executor-1] INFO  client.GrpcClientProtocolClient (GrpcClientProtocolClient.java:onNext(255)) - client-7EF960CB3D58->c9f1298e-d840-49d8-aac3-de81602aa1d5: receive RaftClientReply:client-7EF960CB3D58->c9f1298e-d840-49d8-aac3-de81602aa1d5@group-E9810A644481, cid=283, SUCCESS, logIndex=403, commits[c9f1298e-d840-49d8-aac3-de81602aa1d5:c405]
2019-08-30 23:39:48,883 [grpc-default-executor-1] INFO  client.GrpcClientProtocolClient (GrpcClientProtocolClient.java:onNext(255)) - client-7EF960CB3D58->c9f1298e-d840-49d8-aac3-de81602aa1d5: receive RaftClientReply:client-7EF960CB3D58->c9f1298e-d840-49d8-aac3-de81602aa1d5@group-E9810A644481, cid=284, SUCCESS, logIndex=404, commits[c9f1298e-d840-49d8-aac3-de81602aa1d5:c406]
2019-08-30 23:39:48,904 [grpc-default-executor-1] INFO  client.GrpcClientProtocolClient (GrpcClientProtocolClient.java:onNext(255)) - client-7EF960CB3D58->c9f1298e-d840-49d8-aac3-de81602aa1d5: receive RaftClientReply:client-7EF960CB3D58->c9f1298e-d840-49d8-aac3-de81602aa1d5@group-E9810A644481, cid=285, SUCCESS, logIndex=407, commits[c9f1298e-d840-49d8-aac3-de81602aa1d5:c408]
2019-08-30 23:39:48,904 [grpc-default-executor-1] INFO  client.GrpcClientProtocolClient (GrpcClientProtocolClient.java:onNext(255)) - client-7EF960CB3D58->c9f1298e-d840-49d8-aac3-de81602aa1d5: receive RaftClientReply:client-7EF960CB3D58->c9f1298e-d840-49d8-aac3-de81602aa1d5@group-E9810A644481, cid=286, SUCCESS, logIndex=408, commits[c9f1298e-d840-49d8-aac3-de81602aa1d5:c410]
2019-08-30 23:39:48,904 [grpc-default-executor-1] INFO  client.GrpcClientProtocolClient (GrpcClientProtocolClient.java:onNext(255)) - client-7EF960CB3D58->c9f1298e-d840-49d8-aac3-de81602aa1d5: receive RaftClientReply:client-7EF960CB3D58->c9f1298e-d840-49d8-aac3-de81602aa1d5@group-E9810A644481, cid=287, SUCCESS, logIndex=409, commits[c9f1298e-d840-49d8-aac3-de81602aa1d5:c410]
2019-08-30 23:39:48,905 [grpc-default-executor-1] INFO  client.GrpcClientProtocolClient (GrpcClientProtocolClient.java:onNext(255)) - client-7EF960CB3D58->c9f1298e-d840-49d8-aac3-de81602aa1d5: receive RaftClientReply:client-7EF960CB3D58->c9f1298e-d840-49d8-aac3-de81602aa1d5@group-E9810A644481, cid=288, SUCCESS, logIndex=410, commits[c9f1298e-d840-49d8-aac3-de81602aa1d5:c410]
2019-08-30 23:39:48,944 [SCMBlockDeletingService#0] DEBUG block.SCMBlockDeletingService (SCMBlockDeletingService.java:call(138)) - Running DeletedBlockTransactionScanner
2019-08-30 23:39:48,945 [SCMBlockDeletingService#0] DEBUG block.SCMBlockDeletingService (SCMBlockDeletingService.java:call(155)) - Scanned deleted blocks log and got 0 delTX to process.
2019-08-30 23:39:48,952 [grpc-default-executor-0] INFO  client.GrpcClientProtocolClient (GrpcClientProtocolClient.java:onNext(255)) - client-7EF960CB3D58->c9f1298e-d840-49d8-aac3-de81602aa1d5: receive RaftClientReply:client-7EF960CB3D58->c9f1298e-d840-49d8-aac3-de81602aa1d5@group-E9810A644481, cid=289, SUCCESS, logIndex=413, commits[c9f1298e-d840-49d8-aac3-de81602aa1d5:c416]
2019-08-30 23:39:48,953 [grpc-default-executor-0] INFO  client.GrpcClientProtocolClient (GrpcClientProtocolClient.java:onNext(255)) - client-7EF960CB3D58->c9f1298e-d840-49d8-aac3-de81602aa1d5: receive RaftClientReply:client-7EF960CB3D58->c9f1298e-d840-49d8-aac3-de81602aa1d5@group-E9810A644481, cid=290, SUCCESS, logIndex=414, commits[c9f1298e-d840-49d8-aac3-de81602aa1d5:c416]
2019-08-30 23:39:48,953 [grpc-default-executor-0] INFO  client.GrpcClientProtocolClient (GrpcClientProtocolClient.java:onNext(255)) - client-7EF960CB3D58->c9f1298e-d840-49d8-aac3-de81602aa1d5: receive RaftClientReply:client-7EF960CB3D58->c9f1298e-d840-49d8-aac3-de81602aa1d5@group-E9810A644481, cid=291, SUCCESS, logIndex=415, commits[c9f1298e-d840-49d8-aac3-de81602aa1d5:c416]
2019-08-30 23:39:48,954 [grpc-default-executor-0] INFO  client.GrpcClientProtocolClient (GrpcClientProtocolClient.java:onNext(255)) - client-7EF960CB3D58->c9f1298e-d840-49d8-aac3-de81602aa1d5: receive RaftClientReply:client-7EF960CB3D58->c9f1298e-d840-49d8-aac3-de81602aa1d5@group-E9810A644481, cid=292, SUCCESS, logIndex=416, commits[c9f1298e-d840-49d8-aac3-de81602aa1d5:c416]
2019-08-30 23:39:48,977 [grpc-default-executor-0] INFO  client.GrpcClientProtocolClient (GrpcClientProtocolClient.java:onNext(255)) - client-7EF960CB3D58->c9f1298e-d840-49d8-aac3-de81602aa1d5: receive RaftClientReply:client-7EF960CB3D58->c9f1298e-d840-49d8-aac3-de81602aa1d5@group-E9810A644481, cid=293, SUCCESS, logIndex=418, commits[c9f1298e-d840-49d8-aac3-de81602aa1d5:c422]
2019-08-30 23:39:48,978 [grpc-default-executor-0] INFO  client.GrpcClientProtocolClient (GrpcClientProtocolClient.java:onNext(255)) - client-7EF960CB3D58->c9f1298e-d840-49d8-aac3-de81602aa1d5: receive RaftClientReply:client-7EF960CB3D58->c9f1298e-d840-49d8-aac3-de81602aa1d5@group-E9810A644481, cid=294, SUCCESS, logIndex=419, commits[c9f1298e-d840-49d8-aac3-de81602aa1d5:c422]
2019-08-30 23:39:48,978 [grpc-default-executor-0] INFO  client.GrpcClientProtocolClient (GrpcClientProtocolClient.java:onNext(255)) - client-7EF960CB3D58->c9f1298e-d840-49d8-aac3-de81602aa1d5: receive RaftClientReply:client-7EF960CB3D58->c9f1298e-d840-49d8-aac3-de81602aa1d5@group-E9810A644481, cid=295, SUCCESS, logIndex=420, commits[c9f1298e-d840-49d8-aac3-de81602aa1d5:c422]
2019-08-30 23:39:48,978 [grpc-default-executor-0] INFO  client.GrpcClientProtocolClient (GrpcClientProtocolClient.java:onNext(255)) - client-7EF960CB3D58->c9f1298e-d840-49d8-aac3-de81602aa1d5: receive RaftClientReply:client-7EF960CB3D58->c9f1298e-d840-49d8-aac3-de81602aa1d5@group-E9810A644481, cid=296, SUCCESS, logIndex=421, commits[c9f1298e-d840-49d8-aac3-de81602aa1d5:c422]
2019-08-30 23:39:48,998 [grpc-default-executor-1] INFO  client.GrpcClientProtocolClient (GrpcClientProtocolClient.java:onNext(255)) - client-7EF960CB3D58->c9f1298e-d840-49d8-aac3-de81602aa1d5: receive RaftClientReply:client-7EF960CB3D58->c9f1298e-d840-49d8-aac3-de81602aa1d5@group-E9810A644481, cid=297, SUCCESS, logIndex=423, commits[c9f1298e-d840-49d8-aac3-de81602aa1d5:c426]
2019-08-30 23:39:48,999 [grpc-default-executor-1] INFO  client.GrpcClientProtocolClient (GrpcClientProtocolClient.java:onNext(255)) - client-7EF960CB3D58->c9f1298e-d840-49d8-aac3-de81602aa1d5: receive RaftClientReply:client-7EF960CB3D58->c9f1298e-d840-49d8-aac3-de81602aa1d5@group-E9810A644481, cid=298, SUCCESS, logIndex=424, commits[c9f1298e-d840-49d8-aac3-de81602aa1d5:c427]
2019-08-30 23:39:48,999 [grpc-default-executor-1] INFO  client.GrpcClientProtocolClient (GrpcClientProtocolClient.java:onNext(255)) - client-7EF960CB3D58->c9f1298e-d840-49d8-aac3-de81602aa1d5: receive RaftClientReply:client-7EF960CB3D58->c9f1298e-d840-49d8-aac3-de81602aa1d5@group-E9810A644481, cid=299, SUCCESS, logIndex=425, commits[c9f1298e-d840-49d8-aac3-de81602aa1d5:c427]
2019-08-30 23:39:49,000 [grpc-default-executor-1] INFO  client.GrpcClientProtocolClient (GrpcClientProtocolClient.java:onNext(255)) - client-7EF960CB3D58->c9f1298e-d840-49d8-aac3-de81602aa1d5: receive RaftClientReply:client-7EF960CB3D58->c9f1298e-d840-49d8-aac3-de81602aa1d5@group-E9810A644481, cid=300, SUCCESS, logIndex=426, commits[c9f1298e-d840-49d8-aac3-de81602aa1d5:c428]
2019-08-30 23:39:49,020 [grpc-default-executor-0] INFO  client.GrpcClientProtocolClient (GrpcClientProtocolClient.java:onNext(255)) - client-7EF960CB3D58->c9f1298e-d840-49d8-aac3-de81602aa1d5: receive RaftClientReply:client-7EF960CB3D58->c9f1298e-d840-49d8-aac3-de81602aa1d5@group-E9810A644481, cid=301, SUCCESS, logIndex=429, commits[c9f1298e-d840-49d8-aac3-de81602aa1d5:c430]
2019-08-30 23:39:49,020 [grpc-default-executor-0] INFO  client.GrpcClientProtocolClient (GrpcClientProtocolClient.java:onNext(255)) - client-7EF960CB3D58->c9f1298e-d840-49d8-aac3-de81602aa1d5: receive RaftClientReply:client-7EF960CB3D58->c9f1298e-d840-49d8-aac3-de81602aa1d5@group-E9810A644481, cid=302, SUCCESS, logIndex=430, commits[c9f1298e-d840-49d8-aac3-de81602aa1d5:c432]
2019-08-30 23:39:49,021 [grpc-default-executor-0] INFO  client.GrpcClientProtocolClient (GrpcClientProtocolClient.java:onNext(255)) - client-7EF960CB3D58->c9f1298e-d840-49d8-aac3-de81602aa1d5: receive RaftClientReply:client-7EF960CB3D58->c9f1298e-d840-49d8-aac3-de81602aa1d5@group-E9810A644481, cid=303, SUCCESS, logIndex=431, commits[c9f1298e-d840-49d8-aac3-de81602aa1d5:c433]
2019-08-30 23:39:49,021 [grpc-default-executor-0] INFO  client.GrpcClientProtocolClient (GrpcClientProtocolClient.java:onNext(255)) - client-7EF960CB3D58->c9f1298e-d840-49d8-aac3-de81602aa1d5: receive RaftClientReply:client-7EF960CB3D58->c9f1298e-d840-49d8-aac3-de81602aa1d5@group-E9810A644481, cid=304, SUCCESS, logIndex=432, commits[c9f1298e-d840-49d8-aac3-de81602aa1d5:c434]
2019-08-30 23:39:49,045 [SCMBlockDeletingService#0] DEBUG block.SCMBlockDeletingService (SCMBlockDeletingService.java:call(138)) - Running DeletedBlockTransactionScanner
2019-08-30 23:39:49,045 [SCMBlockDeletingService#0] DEBUG block.SCMBlockDeletingService (SCMBlockDeletingService.java:call(155)) - Scanned deleted blocks log and got 0 delTX to process.
2019-08-30 23:39:49,046 [grpc-default-executor-1] INFO  client.GrpcClientProtocolClient (GrpcClientProtocolClient.java:onNext(255)) - client-7EF960CB3D58->c9f1298e-d840-49d8-aac3-de81602aa1d5: receive RaftClientReply:client-7EF960CB3D58->c9f1298e-d840-49d8-aac3-de81602aa1d5@group-E9810A644481, cid=305, SUCCESS, logIndex=435, commits[c9f1298e-d840-49d8-aac3-de81602aa1d5:c436]
2019-08-30 23:39:49,047 [grpc-default-executor-1] INFO  client.GrpcClientProtocolClient (GrpcClientProtocolClient.java:onNext(255)) - client-7EF960CB3D58->c9f1298e-d840-49d8-aac3-de81602aa1d5: receive RaftClientReply:client-7EF960CB3D58->c9f1298e-d840-49d8-aac3-de81602aa1d5@group-E9810A644481, cid=306, SUCCESS, logIndex=436, commits[c9f1298e-d840-49d8-aac3-de81602aa1d5:c436]
2019-08-30 23:39:49,085 [grpc-default-executor-1] INFO  client.GrpcClientProtocolClient (GrpcClientProtocolClient.java:onNext(255)) - client-7EF960CB3D58->c9f1298e-d840-49d8-aac3-de81602aa1d5: receive RaftClientReply:client-7EF960CB3D58->c9f1298e-d840-49d8-aac3-de81602aa1d5@group-E9810A644481, cid=307, SUCCESS, logIndex=437, commits[c9f1298e-d840-49d8-aac3-de81602aa1d5:c438]
2019-08-30 23:39:49,085 [grpc-default-executor-1] INFO  client.GrpcClientProtocolClient (GrpcClientProtocolClient.java:onNext(255)) - client-7EF960CB3D58->c9f1298e-d840-49d8-aac3-de81602aa1d5: receive RaftClientReply:client-7EF960CB3D58->c9f1298e-d840-49d8-aac3-de81602aa1d5@group-E9810A644481, cid=308, SUCCESS, logIndex=438, commits[c9f1298e-d840-49d8-aac3-de81602aa1d5:c438]
2019-08-30 23:39:49,145 [SCMBlockDeletingService#0] DEBUG block.SCMBlockDeletingService (SCMBlockDeletingService.java:call(138)) - Running DeletedBlockTransactionScanner
2019-08-30 23:39:49,146 [SCMBlockDeletingService#0] DEBUG block.SCMBlockDeletingService (SCMBlockDeletingService.java:call(155)) - Scanned deleted blocks log and got 0 delTX to process.
2019-08-30 23:39:49,217 [grpc-default-executor-1] INFO  client.GrpcClientProtocolClient (GrpcClientProtocolClient.java:onNext(255)) - client-7EF960CB3D58->c9f1298e-d840-49d8-aac3-de81602aa1d5: receive RaftClientReply:client-7EF960CB3D58->c9f1298e-d840-49d8-aac3-de81602aa1d5@group-E9810A644481, cid=309, SUCCESS, logIndex=441, commits[c9f1298e-d840-49d8-aac3-de81602aa1d5:c442]
2019-08-30 23:39:49,218 [grpc-default-executor-1] INFO  client.GrpcClientProtocolClient (GrpcClientProtocolClient.java:onNext(255)) - client-7EF960CB3D58->c9f1298e-d840-49d8-aac3-de81602aa1d5: receive RaftClientReply:client-7EF960CB3D58->c9f1298e-d840-49d8-aac3-de81602aa1d5@group-E9810A644481, cid=310, SUCCESS, logIndex=442, commits[c9f1298e-d840-49d8-aac3-de81602aa1d5:c442]
2019-08-30 23:39:49,241 [grpc-default-executor-1] INFO  client.GrpcClientProtocolClient (GrpcClientProtocolClient.java:onNext(255)) - client-7EF960CB3D58->c9f1298e-d840-49d8-aac3-de81602aa1d5: receive RaftClientReply:client-7EF960CB3D58->c9f1298e-d840-49d8-aac3-de81602aa1d5@group-E9810A644481, cid=311, SUCCESS, logIndex=443, commits[c9f1298e-d840-49d8-aac3-de81602aa1d5:c444]
2019-08-30 23:39:49,241 [grpc-default-executor-1] INFO  client.GrpcClientProtocolClient (GrpcClientProtocolClient.java:onNext(255)) - client-7EF960CB3D58->c9f1298e-d840-49d8-aac3-de81602aa1d5: receive RaftClientReply:client-7EF960CB3D58->c9f1298e-d840-49d8-aac3-de81602aa1d5@group-E9810A644481, cid=312, SUCCESS, logIndex=444, commits[c9f1298e-d840-49d8-aac3-de81602aa1d5:c445]
2019-08-30 23:39:49,246 [SCMBlockDeletingService#0] DEBUG block.SCMBlockDeletingService (SCMBlockDeletingService.java:call(138)) - Running DeletedBlockTransactionScanner
2019-08-30 23:39:49,246 [SCMBlockDeletingService#0] DEBUG block.SCMBlockDeletingService (SCMBlockDeletingService.java:call(155)) - Scanned deleted blocks log and got 0 delTX to process.
2019-08-30 23:39:49,269 [grpc-default-executor-0] INFO  client.GrpcClientProtocolClient (GrpcClientProtocolClient.java:onNext(255)) - client-7EF960CB3D58->c9f1298e-d840-49d8-aac3-de81602aa1d5: receive RaftClientReply:client-7EF960CB3D58->c9f1298e-d840-49d8-aac3-de81602aa1d5@group-E9810A644481, cid=313, SUCCESS, logIndex=447, commits[c9f1298e-d840-49d8-aac3-de81602aa1d5:c450]
2019-08-30 23:39:49,270 [grpc-default-executor-0] INFO  client.GrpcClientProtocolClient (GrpcClientProtocolClient.java:onNext(255)) - client-7EF960CB3D58->c9f1298e-d840-49d8-aac3-de81602aa1d5: receive RaftClientReply:client-7EF960CB3D58->c9f1298e-d840-49d8-aac3-de81602aa1d5@group-E9810A644481, cid=314, SUCCESS, logIndex=448, commits[c9f1298e-d840-49d8-aac3-de81602aa1d5:c451]
2019-08-30 23:39:49,271 [grpc-default-executor-0] INFO  client.GrpcClientProtocolClient (GrpcClientProtocolClient.java:onNext(255)) - client-7EF960CB3D58->c9f1298e-d840-49d8-aac3-de81602aa1d5: receive RaftClientReply:client-7EF960CB3D58->c9f1298e-d840-49d8-aac3-de81602aa1d5@group-E9810A644481, cid=315, SUCCESS, logIndex=449, commits[c9f1298e-d840-49d8-aac3-de81602aa1d5:c452]
2019-08-30 23:39:49,272 [grpc-default-executor-0] INFO  client.GrpcClientProtocolClient (GrpcClientProtocolClient.java:onNext(255)) - client-7EF960CB3D58->c9f1298e-d840-49d8-aac3-de81602aa1d5: receive RaftClientReply:client-7EF960CB3D58->c9f1298e-d840-49d8-aac3-de81602aa1d5@group-E9810A644481, cid=316, SUCCESS, logIndex=450, commits[c9f1298e-d840-49d8-aac3-de81602aa1d5:c452]
2019-08-30 23:39:49,292 [grpc-default-executor-0] INFO  client.GrpcClientProtocolClient (GrpcClientProtocolClient.java:onNext(255)) - client-7EF960CB3D58->c9f1298e-d840-49d8-aac3-de81602aa1d5: receive RaftClientReply:client-7EF960CB3D58->c9f1298e-d840-49d8-aac3-de81602aa1d5@group-E9810A644481, cid=317, SUCCESS, logIndex=453, commits[c9f1298e-d840-49d8-aac3-de81602aa1d5:c454]
2019-08-30 23:39:49,293 [grpc-default-executor-0] INFO  client.GrpcClientProtocolClient (GrpcClientProtocolClient.java:onNext(255)) - client-7EF960CB3D58->c9f1298e-d840-49d8-aac3-de81602aa1d5: receive RaftClientReply:client-7EF960CB3D58->c9f1298e-d840-49d8-aac3-de81602aa1d5@group-E9810A644481, cid=318, SUCCESS, logIndex=454, commits[c9f1298e-d840-49d8-aac3-de81602aa1d5:c454]
2019-08-30 23:39:49,311 [grpc-default-executor-0] INFO  client.GrpcClientProtocolClient (GrpcClientProtocolClient.java:onNext(255)) - client-7EF960CB3D58->c9f1298e-d840-49d8-aac3-de81602aa1d5: receive RaftClientReply:client-7EF960CB3D58->c9f1298e-d840-49d8-aac3-de81602aa1d5@group-E9810A644481, cid=319, SUCCESS, logIndex=455, commits[c9f1298e-d840-49d8-aac3-de81602aa1d5:c456]
2019-08-30 23:39:49,312 [grpc-default-executor-0] INFO  client.GrpcClientProtocolClient (GrpcClientProtocolClient.java:onNext(255)) - client-7EF960CB3D58->c9f1298e-d840-49d8-aac3-de81602aa1d5: receive RaftClientReply:client-7EF960CB3D58->c9f1298e-d840-49d8-aac3-de81602aa1d5@group-E9810A644481, cid=320, SUCCESS, logIndex=456, commits[c9f1298e-d840-49d8-aac3-de81602aa1d5:c458]
2019-08-30 23:39:49,341 [grpc-default-executor-1] INFO  client.GrpcClientProtocolClient (GrpcClientProtocolClient.java:onNext(255)) - client-7EF960CB3D58->c9f1298e-d840-49d8-aac3-de81602aa1d5: receive RaftClientReply:client-7EF960CB3D58->c9f1298e-d840-49d8-aac3-de81602aa1d5@group-E9810A644481, cid=321, SUCCESS, logIndex=459, commits[c9f1298e-d840-49d8-aac3-de81602aa1d5:c462]
2019-08-30 23:39:49,342 [grpc-default-executor-1] INFO  client.GrpcClientProtocolClient (GrpcClientProtocolClient.java:onNext(255)) - client-7EF960CB3D58->c9f1298e-d840-49d8-aac3-de81602aa1d5: receive RaftClientReply:client-7EF960CB3D58->c9f1298e-d840-49d8-aac3-de81602aa1d5@group-E9810A644481, cid=322, SUCCESS, logIndex=460, commits[c9f1298e-d840-49d8-aac3-de81602aa1d5:c463]
2019-08-30 23:39:49,342 [grpc-default-executor-1] INFO  client.GrpcClientProtocolClient (GrpcClientProtocolClient.java:onNext(255)) - client-7EF960CB3D58->c9f1298e-d840-49d8-aac3-de81602aa1d5: receive RaftClientReply:client-7EF960CB3D58->c9f1298e-d840-49d8-aac3-de81602aa1d5@group-E9810A644481, cid=323, SUCCESS, logIndex=461, commits[c9f1298e-d840-49d8-aac3-de81602aa1d5:c463]
2019-08-30 23:39:49,343 [grpc-default-executor-1] INFO  client.GrpcClientProtocolClient (GrpcClientProtocolClient.java:onNext(255)) - client-7EF960CB3D58->c9f1298e-d840-49d8-aac3-de81602aa1d5: receive RaftClientReply:client-7EF960CB3D58->c9f1298e-d840-49d8-aac3-de81602aa1d5@group-E9810A644481, cid=324, SUCCESS, logIndex=462, commits[c9f1298e-d840-49d8-aac3-de81602aa1d5:c464]
2019-08-30 23:39:49,346 [SCMBlockDeletingService#0] DEBUG block.SCMBlockDeletingService (SCMBlockDeletingService.java:call(138)) - Running DeletedBlockTransactionScanner
2019-08-30 23:39:49,347 [SCMBlockDeletingService#0] DEBUG block.SCMBlockDeletingService (SCMBlockDeletingService.java:call(155)) - Scanned deleted blocks log and got 0 delTX to process.
2019-08-30 23:39:49,364 [grpc-default-executor-1] INFO  client.GrpcClientProtocolClient (GrpcClientProtocolClient.java:onNext(255)) - client-7EF960CB3D58->c9f1298e-d840-49d8-aac3-de81602aa1d5: receive RaftClientReply:client-7EF960CB3D58->c9f1298e-d840-49d8-aac3-de81602aa1d5@group-E9810A644481, cid=325, SUCCESS, logIndex=465, commits[c9f1298e-d840-49d8-aac3-de81602aa1d5:c466]
2019-08-30 23:39:49,365 [grpc-default-executor-1] INFO  client.GrpcClientProtocolClient (GrpcClientProtocolClient.java:onNext(255)) - client-7EF960CB3D58->c9f1298e-d840-49d8-aac3-de81602aa1d5: receive RaftClientReply:client-7EF960CB3D58->c9f1298e-d840-49d8-aac3-de81602aa1d5@group-E9810A644481, cid=326, SUCCESS, logIndex=466, commits[c9f1298e-d840-49d8-aac3-de81602aa1d5:c468]
2019-08-30 23:39:49,365 [grpc-default-executor-1] INFO  client.GrpcClientProtocolClient (GrpcClientProtocolClient.java:onNext(255)) - client-7EF960CB3D58->c9f1298e-d840-49d8-aac3-de81602aa1d5: receive RaftClientReply:client-7EF960CB3D58->c9f1298e-d840-49d8-aac3-de81602aa1d5@group-E9810A644481, cid=327, SUCCESS, logIndex=467, commits[c9f1298e-d840-49d8-aac3-de81602aa1d5:c469]
2019-08-30 23:39:49,366 [grpc-default-executor-1] INFO  client.GrpcClientProtocolClient (GrpcClientProtocolClient.java:onNext(255)) - client-7EF960CB3D58->c9f1298e-d840-49d8-aac3-de81602aa1d5: receive RaftClientReply:client-7EF960CB3D58->c9f1298e-d840-49d8-aac3-de81602aa1d5@group-E9810A644481, cid=328, SUCCESS, logIndex=468, commits[c9f1298e-d840-49d8-aac3-de81602aa1d5:c470]
2019-08-30 23:39:49,387 [grpc-default-executor-1] INFO  client.GrpcClientProtocolClient (GrpcClientProtocolClient.java:onNext(255)) - client-7EF960CB3D58->c9f1298e-d840-49d8-aac3-de81602aa1d5: receive RaftClientReply:client-7EF960CB3D58->c9f1298e-d840-49d8-aac3-de81602aa1d5@group-E9810A644481, cid=329, SUCCESS, logIndex=471, commits[c9f1298e-d840-49d8-aac3-de81602aa1d5:c472]
2019-08-30 23:39:49,388 [grpc-default-executor-1] INFO  client.GrpcClientProtocolClient (GrpcClientProtocolClient.java:onNext(255)) - client-7EF960CB3D58->c9f1298e-d840-49d8-aac3-de81602aa1d5: receive RaftClientReply:client-7EF960CB3D58->c9f1298e-d840-49d8-aac3-de81602aa1d5@group-E9810A644481, cid=330, SUCCESS, logIndex=472, commits[c9f1298e-d840-49d8-aac3-de81602aa1d5:c475]
2019-08-30 23:39:49,388 [grpc-default-executor-1] INFO  client.GrpcClientProtocolClient (GrpcClientProtocolClient.java:onNext(255)) - client-7EF960CB3D58->c9f1298e-d840-49d8-aac3-de81602aa1d5: receive RaftClientReply:client-7EF960CB3D58->c9f1298e-d840-49d8-aac3-de81602aa1d5@group-E9810A644481, cid=331, SUCCESS, logIndex=473, commits[c9f1298e-d840-49d8-aac3-de81602aa1d5:c475]
2019-08-30 23:39:49,389 [grpc-default-executor-1] INFO  client.GrpcClientProtocolClient (GrpcClientProtocolClient.java:onNext(255)) - client-7EF960CB3D58->c9f1298e-d840-49d8-aac3-de81602aa1d5: receive RaftClientReply:client-7EF960CB3D58->c9f1298e-d840-49d8-aac3-de81602aa1d5@group-E9810A644481, cid=332, SUCCESS, logIndex=474, commits[c9f1298e-d840-49d8-aac3-de81602aa1d5:c476]
2019-08-30 23:39:49,409 [grpc-default-executor-0] INFO  client.GrpcClientProtocolClient (GrpcClientProtocolClient.java:onNext(255)) - client-7EF960CB3D58->c9f1298e-d840-49d8-aac3-de81602aa1d5: receive RaftClientReply:client-7EF960CB3D58->c9f1298e-d840-49d8-aac3-de81602aa1d5@group-E9810A644481, cid=333, SUCCESS, logIndex=477, commits[c9f1298e-d840-49d8-aac3-de81602aa1d5:c478]
2019-08-30 23:39:49,409 [grpc-default-executor-0] INFO  client.GrpcClientProtocolClient (GrpcClientProtocolClient.java:onNext(255)) - client-7EF960CB3D58->c9f1298e-d840-49d8-aac3-de81602aa1d5: receive RaftClientReply:client-7EF960CB3D58->c9f1298e-d840-49d8-aac3-de81602aa1d5@group-E9810A644481, cid=334, SUCCESS, logIndex=478, commits[c9f1298e-d840-49d8-aac3-de81602aa1d5:c480]
2019-08-30 23:39:49,409 [grpc-default-executor-0] INFO  client.GrpcClientProtocolClient (GrpcClientProtocolClient.java:onNext(255)) - client-7EF960CB3D58->c9f1298e-d840-49d8-aac3-de81602aa1d5: receive RaftClientReply:client-7EF960CB3D58->c9f1298e-d840-49d8-aac3-de81602aa1d5@group-E9810A644481, cid=335, SUCCESS, logIndex=479, commits[c9f1298e-d840-49d8-aac3-de81602aa1d5:c481]
2019-08-30 23:39:49,410 [grpc-default-executor-0] INFO  client.GrpcClientProtocolClient (GrpcClientProtocolClient.java:onNext(255)) - client-7EF960CB3D58->c9f1298e-d840-49d8-aac3-de81602aa1d5: receive RaftClientReply:client-7EF960CB3D58->c9f1298e-d840-49d8-aac3-de81602aa1d5@group-E9810A644481, cid=336, SUCCESS, logIndex=480, commits[c9f1298e-d840-49d8-aac3-de81602aa1d5:c482]
2019-08-30 23:39:49,447 [SCMBlockDeletingService#0] DEBUG block.SCMBlockDeletingService (SCMBlockDeletingService.java:call(138)) - Running DeletedBlockTransactionScanner
2019-08-30 23:39:49,447 [SCMBlockDeletingService#0] DEBUG block.SCMBlockDeletingService (SCMBlockDeletingService.java:call(155)) - Scanned deleted blocks log and got 0 delTX to process.
2019-08-30 23:39:49,448 [grpc-default-executor-1] INFO  client.GrpcClientProtocolClient (GrpcClientProtocolClient.java:onNext(255)) - client-7EF960CB3D58->c9f1298e-d840-49d8-aac3-de81602aa1d5: receive RaftClientReply:client-7EF960CB3D58->c9f1298e-d840-49d8-aac3-de81602aa1d5@group-E9810A644481, cid=337, SUCCESS, logIndex=483, commits[c9f1298e-d840-49d8-aac3-de81602aa1d5:c484]
2019-08-30 23:39:49,449 [grpc-default-executor-1] INFO  client.GrpcClientProtocolClient (GrpcClientProtocolClient.java:onNext(255)) - client-7EF960CB3D58->c9f1298e-d840-49d8-aac3-de81602aa1d5: receive RaftClientReply:client-7EF960CB3D58->c9f1298e-d840-49d8-aac3-de81602aa1d5@group-E9810A644481, cid=338, SUCCESS, logIndex=484, commits[c9f1298e-d840-49d8-aac3-de81602aa1d5:c487]
2019-08-30 23:39:49,450 [grpc-default-executor-1] INFO  client.GrpcClientProtocolClient (GrpcClientProtocolClient.java:onNext(255)) - client-7EF960CB3D58->c9f1298e-d840-49d8-aac3-de81602aa1d5: receive RaftClientReply:client-7EF960CB3D58->c9f1298e-d840-49d8-aac3-de81602aa1d5@group-E9810A644481, cid=339, SUCCESS, logIndex=485, commits[c9f1298e-d840-49d8-aac3-de81602aa1d5:c488]
2019-08-30 23:39:49,450 [grpc-default-executor-1] INFO  client.GrpcClientProtocolClient (GrpcClientProtocolClient.java:onNext(255)) - client-7EF960CB3D58->c9f1298e-d840-49d8-aac3-de81602aa1d5: receive RaftClientReply:client-7EF960CB3D58->c9f1298e-d840-49d8-aac3-de81602aa1d5@group-E9810A644481, cid=340, SUCCESS, logIndex=486, commits[c9f1298e-d840-49d8-aac3-de81602aa1d5:c488]
2019-08-30 23:39:49,475 [grpc-default-executor-0] INFO  client.GrpcClientProtocolClient (GrpcClientProtocolClient.java:onNext(255)) - client-7EF960CB3D58->c9f1298e-d840-49d8-aac3-de81602aa1d5: receive RaftClientReply:client-7EF960CB3D58->c9f1298e-d840-49d8-aac3-de81602aa1d5@group-E9810A644481, cid=341, SUCCESS, logIndex=489, commits[c9f1298e-d840-49d8-aac3-de81602aa1d5:c492]
2019-08-30 23:39:49,477 [grpc-default-executor-0] INFO  client.GrpcClientProtocolClient (GrpcClientProtocolClient.java:onNext(255)) - client-7EF960CB3D58->c9f1298e-d840-49d8-aac3-de81602aa1d5: receive RaftClientReply:client-7EF960CB3D58->c9f1298e-d840-49d8-aac3-de81602aa1d5@group-E9810A644481, cid=342, SUCCESS, logIndex=490, commits[c9f1298e-d840-49d8-aac3-de81602aa1d5:c492]
2019-08-30 23:39:49,477 [grpc-default-executor-0] INFO  client.GrpcClientProtocolClient (GrpcClientProtocolClient.java:onNext(255)) - client-7EF960CB3D58->c9f1298e-d840-49d8-aac3-de81602aa1d5: receive RaftClientReply:client-7EF960CB3D58->c9f1298e-d840-49d8-aac3-de81602aa1d5@group-E9810A644481, cid=343, SUCCESS, logIndex=491, commits[c9f1298e-d840-49d8-aac3-de81602aa1d5:c492]
2019-08-30 23:39:49,478 [grpc-default-executor-0] INFO  client.GrpcClientProtocolClient (GrpcClientProtocolClient.java:onNext(255)) - client-7EF960CB3D58->c9f1298e-d840-49d8-aac3-de81602aa1d5: receive RaftClientReply:client-7EF960CB3D58->c9f1298e-d840-49d8-aac3-de81602aa1d5@group-E9810A644481, cid=344, SUCCESS, logIndex=492, commits[c9f1298e-d840-49d8-aac3-de81602aa1d5:c492]
2019-08-30 23:39:49,521 [grpc-default-executor-1] INFO  client.GrpcClientProtocolClient (GrpcClientProtocolClient.java:onNext(255)) - client-7EF960CB3D58->c9f1298e-d840-49d8-aac3-de81602aa1d5: receive RaftClientReply:client-7EF960CB3D58->c9f1298e-d840-49d8-aac3-de81602aa1d5@group-E9810A644481, cid=345, SUCCESS, logIndex=494, commits[c9f1298e-d840-49d8-aac3-de81602aa1d5:c495]
2019-08-30 23:39:49,521 [grpc-default-executor-1] INFO  client.GrpcClientProtocolClient (GrpcClientProtocolClient.java:onNext(255)) - client-7EF960CB3D58->c9f1298e-d840-49d8-aac3-de81602aa1d5: receive RaftClientReply:client-7EF960CB3D58->c9f1298e-d840-49d8-aac3-de81602aa1d5@group-E9810A644481, cid=346, SUCCESS, logIndex=495, commits[c9f1298e-d840-49d8-aac3-de81602aa1d5:c495]
2019-08-30 23:39:49,541 [grpc-default-executor-1] INFO  client.GrpcClientProtocolClient (GrpcClientProtocolClient.java:onNext(255)) - client-7EF960CB3D58->c9f1298e-d840-49d8-aac3-de81602aa1d5: receive RaftClientReply:client-7EF960CB3D58->c9f1298e-d840-49d8-aac3-de81602aa1d5@group-E9810A644481, cid=347, SUCCESS, logIndex=496, commits[c9f1298e-d840-49d8-aac3-de81602aa1d5:c497]
2019-08-30 23:39:49,542 [grpc-default-executor-1] INFO  client.GrpcClientProtocolClient (GrpcClientProtocolClient.java:onNext(255)) - client-7EF960CB3D58->c9f1298e-d840-49d8-aac3-de81602aa1d5: receive RaftClientReply:client-7EF960CB3D58->c9f1298e-d840-49d8-aac3-de81602aa1d5@group-E9810A644481, cid=348, SUCCESS, logIndex=497, commits[c9f1298e-d840-49d8-aac3-de81602aa1d5:c498]
2019-08-30 23:39:49,548 [SCMBlockDeletingService#0] DEBUG block.SCMBlockDeletingService (SCMBlockDeletingService.java:call(138)) - Running DeletedBlockTransactionScanner
2019-08-30 23:39:49,548 [SCMBlockDeletingService#0] DEBUG block.SCMBlockDeletingService (SCMBlockDeletingService.java:call(155)) - Scanned deleted blocks log and got 0 delTX to process.
2019-08-30 23:39:49,582 [grpc-default-executor-1] INFO  client.GrpcClientProtocolClient (GrpcClientProtocolClient.java:onNext(255)) - client-7EF960CB3D58->c9f1298e-d840-49d8-aac3-de81602aa1d5: receive RaftClientReply:client-7EF960CB3D58->c9f1298e-d840-49d8-aac3-de81602aa1d5@group-E9810A644481, cid=349, SUCCESS, logIndex=500, commits[c9f1298e-d840-49d8-aac3-de81602aa1d5:c503]
2019-08-30 23:39:49,582 [grpc-default-executor-1] INFO  client.GrpcClientProtocolClient (GrpcClientProtocolClient.java:onNext(255)) - client-7EF960CB3D58->c9f1298e-d840-49d8-aac3-de81602aa1d5: receive RaftClientReply:client-7EF960CB3D58->c9f1298e-d840-49d8-aac3-de81602aa1d5@group-E9810A644481, cid=350, SUCCESS, logIndex=501, commits[c9f1298e-d840-49d8-aac3-de81602aa1d5:c503]
2019-08-30 23:39:49,583 [grpc-default-executor-1] INFO  client.GrpcClientProtocolClient (GrpcClientProtocolClient.java:onNext(255)) - client-7EF960CB3D58->c9f1298e-d840-49d8-aac3-de81602aa1d5: receive RaftClientReply:client-7EF960CB3D58->c9f1298e-d840-49d8-aac3-de81602aa1d5@group-E9810A644481, cid=351, SUCCESS, logIndex=502, commits[c9f1298e-d840-49d8-aac3-de81602aa1d5:c503]
2019-08-30 23:39:49,584 [grpc-default-executor-1] INFO  client.GrpcClientProtocolClient (GrpcClientProtocolClient.java:onNext(255)) - client-7EF960CB3D58->c9f1298e-d840-49d8-aac3-de81602aa1d5: receive RaftClientReply:client-7EF960CB3D58->c9f1298e-d840-49d8-aac3-de81602aa1d5@group-E9810A644481, cid=352, SUCCESS, logIndex=503, commits[c9f1298e-d840-49d8-aac3-de81602aa1d5:c503]
2019-08-30 23:39:49,648 [SCMBlockDeletingService#0] DEBUG block.SCMBlockDeletingService (SCMBlockDeletingService.java:call(138)) - Running DeletedBlockTransactionScanner
2019-08-30 23:39:49,649 [SCMBlockDeletingService#0] DEBUG block.SCMBlockDeletingService (SCMBlockDeletingService.java:call(155)) - Scanned deleted blocks log and got 0 delTX to process.
2019-08-30 23:39:49,749 [SCMBlockDeletingService#0] DEBUG block.SCMBlockDeletingService (SCMBlockDeletingService.java:call(138)) - Running DeletedBlockTransactionScanner
2019-08-30 23:39:49,749 [SCMBlockDeletingService#0] DEBUG block.SCMBlockDeletingService (SCMBlockDeletingService.java:call(155)) - Scanned deleted blocks log and got 0 delTX to process.
2019-08-30 23:39:49,759 [grpc-default-executor-1] INFO  client.GrpcClientProtocolClient (GrpcClientProtocolClient.java:onNext(255)) - client-7EF960CB3D58->c9f1298e-d840-49d8-aac3-de81602aa1d5: receive RaftClientReply:client-7EF960CB3D58->c9f1298e-d840-49d8-aac3-de81602aa1d5@group-E9810A644481, cid=353, SUCCESS, logIndex=505, commits[c9f1298e-d840-49d8-aac3-de81602aa1d5:c508]
2019-08-30 23:39:49,760 [grpc-default-executor-1] INFO  client.GrpcClientProtocolClient (GrpcClientProtocolClient.java:onNext(255)) - client-7EF960CB3D58->c9f1298e-d840-49d8-aac3-de81602aa1d5: receive RaftClientReply:client-7EF960CB3D58->c9f1298e-d840-49d8-aac3-de81602aa1d5@group-E9810A644481, cid=354, SUCCESS, logIndex=506, commits[c9f1298e-d840-49d8-aac3-de81602aa1d5:c509]
2019-08-30 23:39:49,761 [grpc-default-executor-1] INFO  client.GrpcClientProtocolClient (GrpcClientProtocolClient.java:onNext(255)) - client-7EF960CB3D58->c9f1298e-d840-49d8-aac3-de81602aa1d5: receive RaftClientReply:client-7EF960CB3D58->c9f1298e-d840-49d8-aac3-de81602aa1d5@group-E9810A644481, cid=355, SUCCESS, logIndex=507, commits[c9f1298e-d840-49d8-aac3-de81602aa1d5:c509]
2019-08-30 23:39:49,761 [grpc-default-executor-1] INFO  client.GrpcClientProtocolClient (GrpcClientProtocolClient.java:onNext(255)) - client-7EF960CB3D58->c9f1298e-d840-49d8-aac3-de81602aa1d5: receive RaftClientReply:client-7EF960CB3D58->c9f1298e-d840-49d8-aac3-de81602aa1d5@group-E9810A644481, cid=356, SUCCESS, logIndex=508, commits[c9f1298e-d840-49d8-aac3-de81602aa1d5:c510]
2019-08-30 23:39:49,783 [grpc-default-executor-0] INFO  client.GrpcClientProtocolClient (GrpcClientProtocolClient.java:onNext(255)) - client-7EF960CB3D58->c9f1298e-d840-49d8-aac3-de81602aa1d5: receive RaftClientReply:client-7EF960CB3D58->c9f1298e-d840-49d8-aac3-de81602aa1d5@group-E9810A644481, cid=357, SUCCESS, logIndex=511, commits[c9f1298e-d840-49d8-aac3-de81602aa1d5:c512]
2019-08-30 23:39:49,784 [grpc-default-executor-0] INFO  client.GrpcClientProtocolClient (GrpcClientProtocolClient.java:onNext(255)) - client-7EF960CB3D58->c9f1298e-d840-49d8-aac3-de81602aa1d5: receive RaftClientReply:client-7EF960CB3D58->c9f1298e-d840-49d8-aac3-de81602aa1d5@group-E9810A644481, cid=358, SUCCESS, logIndex=512, commits[c9f1298e-d840-49d8-aac3-de81602aa1d5:c514]
2019-08-30 23:39:49,784 [grpc-default-executor-0] INFO  client.GrpcClientProtocolClient (GrpcClientProtocolClient.java:onNext(255)) - client-7EF960CB3D58->c9f1298e-d840-49d8-aac3-de81602aa1d5: receive RaftClientReply:client-7EF960CB3D58->c9f1298e-d840-49d8-aac3-de81602aa1d5@group-E9810A644481, cid=359, SUCCESS, logIndex=513, commits[c9f1298e-d840-49d8-aac3-de81602aa1d5:c516]
2019-08-30 23:39:49,785 [grpc-default-executor-0] INFO  client.GrpcClientProtocolClient (GrpcClientProtocolClient.java:onNext(255)) - client-7EF960CB3D58->c9f1298e-d840-49d8-aac3-de81602aa1d5: receive RaftClientReply:client-7EF960CB3D58->c9f1298e-d840-49d8-aac3-de81602aa1d5@group-E9810A644481, cid=360, SUCCESS, logIndex=514, commits[c9f1298e-d840-49d8-aac3-de81602aa1d5:c516]
2019-08-30 23:39:49,820 [grpc-default-executor-1] INFO  client.GrpcClientProtocolClient (GrpcClientProtocolClient.java:onNext(255)) - client-7EF960CB3D58->c9f1298e-d840-49d8-aac3-de81602aa1d5: receive RaftClientReply:client-7EF960CB3D58->c9f1298e-d840-49d8-aac3-de81602aa1d5@group-E9810A644481, cid=361, SUCCESS, logIndex=517, commits[c9f1298e-d840-49d8-aac3-de81602aa1d5:c518]
2019-08-30 23:39:49,821 [grpc-default-executor-1] INFO  client.GrpcClientProtocolClient (GrpcClientProtocolClient.java:onNext(255)) - client-7EF960CB3D58->c9f1298e-d840-49d8-aac3-de81602aa1d5: receive RaftClientReply:client-7EF960CB3D58->c9f1298e-d840-49d8-aac3-de81602aa1d5@group-E9810A644481, cid=362, SUCCESS, logIndex=518, commits[c9f1298e-d840-49d8-aac3-de81602aa1d5:c520]
2019-08-30 23:39:49,821 [grpc-default-executor-1] INFO  client.GrpcClientProtocolClient (GrpcClientProtocolClient.java:onNext(255)) - client-7EF960CB3D58->c9f1298e-d840-49d8-aac3-de81602aa1d5: receive RaftClientReply:client-7EF960CB3D58->c9f1298e-d840-49d8-aac3-de81602aa1d5@group-E9810A644481, cid=363, SUCCESS, logIndex=519, commits[c9f1298e-d840-49d8-aac3-de81602aa1d5:c522]
2019-08-30 23:39:49,822 [grpc-default-executor-1] INFO  client.GrpcClientProtocolClient (GrpcClientProtocolClient.java:onNext(255)) - client-7EF960CB3D58->c9f1298e-d840-49d8-aac3-de81602aa1d5: receive RaftClientReply:client-7EF960CB3D58->c9f1298e-d840-49d8-aac3-de81602aa1d5@group-E9810A644481, cid=364, SUCCESS, logIndex=520, commits[c9f1298e-d840-49d8-aac3-de81602aa1d5:c522]
2019-08-30 23:39:49,850 [SCMBlockDeletingService#0] DEBUG block.SCMBlockDeletingService (SCMBlockDeletingService.java:call(138)) - Running DeletedBlockTransactionScanner
2019-08-30 23:39:49,850 [SCMBlockDeletingService#0] DEBUG block.SCMBlockDeletingService (SCMBlockDeletingService.java:call(155)) - Scanned deleted blocks log and got 0 delTX to process.
2019-08-30 23:39:49,858 [grpc-default-executor-0] INFO  client.GrpcClientProtocolClient (GrpcClientProtocolClient.java:onNext(255)) - client-7EF960CB3D58->c9f1298e-d840-49d8-aac3-de81602aa1d5: receive RaftClientReply:client-7EF960CB3D58->c9f1298e-d840-49d8-aac3-de81602aa1d5@group-E9810A644481, cid=365, SUCCESS, logIndex=523, commits[c9f1298e-d840-49d8-aac3-de81602aa1d5:c526]
2019-08-30 23:39:49,858 [grpc-default-executor-0] INFO  client.GrpcClientProtocolClient (GrpcClientProtocolClient.java:onNext(255)) - client-7EF960CB3D58->c9f1298e-d840-49d8-aac3-de81602aa1d5: receive RaftClientReply:client-7EF960CB3D58->c9f1298e-d840-49d8-aac3-de81602aa1d5@group-E9810A644481, cid=366, SUCCESS, logIndex=524, commits[c9f1298e-d840-49d8-aac3-de81602aa1d5:c526]
2019-08-30 23:39:49,859 [grpc-default-executor-0] INFO  client.GrpcClientProtocolClient (GrpcClientProtocolClient.java:onNext(255)) - client-7EF960CB3D58->c9f1298e-d840-49d8-aac3-de81602aa1d5: receive RaftClientReply:client-7EF960CB3D58->c9f1298e-d840-49d8-aac3-de81602aa1d5@group-E9810A644481, cid=367, SUCCESS, logIndex=525, commits[c9f1298e-d840-49d8-aac3-de81602aa1d5:c526]
2019-08-30 23:39:49,859 [grpc-default-executor-0] INFO  client.GrpcClientProtocolClient (GrpcClientProtocolClient.java:onNext(255)) - client-7EF960CB3D58->c9f1298e-d840-49d8-aac3-de81602aa1d5: receive RaftClientReply:client-7EF960CB3D58->c9f1298e-d840-49d8-aac3-de81602aa1d5@group-E9810A644481, cid=368, SUCCESS, logIndex=526, commits[c9f1298e-d840-49d8-aac3-de81602aa1d5:c526]
2019-08-30 23:39:49,888 [grpc-default-executor-1] INFO  client.GrpcClientProtocolClient (GrpcClientProtocolClient.java:onNext(255)) - client-7EF960CB3D58->c9f1298e-d840-49d8-aac3-de81602aa1d5: receive RaftClientReply:client-7EF960CB3D58->c9f1298e-d840-49d8-aac3-de81602aa1d5@group-E9810A644481, cid=369, SUCCESS, logIndex=528, commits[c9f1298e-d840-49d8-aac3-de81602aa1d5:c529]
2019-08-30 23:39:49,889 [grpc-default-executor-1] INFO  client.GrpcClientProtocolClient (GrpcClientProtocolClient.java:onNext(255)) - client-7EF960CB3D58->c9f1298e-d840-49d8-aac3-de81602aa1d5: receive RaftClientReply:client-7EF960CB3D58->c9f1298e-d840-49d8-aac3-de81602aa1d5@group-E9810A644481, cid=370, SUCCESS, logIndex=529, commits[c9f1298e-d840-49d8-aac3-de81602aa1d5:c531]
2019-08-30 23:39:49,889 [grpc-default-executor-1] INFO  client.GrpcClientProtocolClient (GrpcClientProtocolClient.java:onNext(255)) - client-7EF960CB3D58->c9f1298e-d840-49d8-aac3-de81602aa1d5: receive RaftClientReply:client-7EF960CB3D58->c9f1298e-d840-49d8-aac3-de81602aa1d5@group-E9810A644481, cid=371, SUCCESS, logIndex=530, commits[c9f1298e-d840-49d8-aac3-de81602aa1d5:c531]
2019-08-30 23:39:49,890 [grpc-default-executor-1] INFO  client.GrpcClientProtocolClient (GrpcClientProtocolClient.java:onNext(255)) - client-7EF960CB3D58->c9f1298e-d840-49d8-aac3-de81602aa1d5: receive RaftClientReply:client-7EF960CB3D58->c9f1298e-d840-49d8-aac3-de81602aa1d5@group-E9810A644481, cid=372, SUCCESS, logIndex=531, commits[c9f1298e-d840-49d8-aac3-de81602aa1d5:c532]
2019-08-30 23:39:49,912 [grpc-default-executor-0] INFO  client.GrpcClientProtocolClient (GrpcClientProtocolClient.java:onNext(255)) - client-7EF960CB3D58->c9f1298e-d840-49d8-aac3-de81602aa1d5: receive RaftClientReply:client-7EF960CB3D58->c9f1298e-d840-49d8-aac3-de81602aa1d5@group-E9810A644481, cid=373, SUCCESS, logIndex=534, commits[c9f1298e-d840-49d8-aac3-de81602aa1d5:c535]
2019-08-30 23:39:49,913 [grpc-default-executor-0] INFO  client.GrpcClientProtocolClient (GrpcClientProtocolClient.java:onNext(255)) - client-7EF960CB3D58->c9f1298e-d840-49d8-aac3-de81602aa1d5: receive RaftClientReply:client-7EF960CB3D58->c9f1298e-d840-49d8-aac3-de81602aa1d5@group-E9810A644481, cid=374, SUCCESS, logIndex=535, commits[c9f1298e-d840-49d8-aac3-de81602aa1d5:c537]
2019-08-30 23:39:49,913 [grpc-default-executor-0] INFO  client.GrpcClientProtocolClient (GrpcClientProtocolClient.java:onNext(255)) - client-7EF960CB3D58->c9f1298e-d840-49d8-aac3-de81602aa1d5: receive RaftClientReply:client-7EF960CB3D58->c9f1298e-d840-49d8-aac3-de81602aa1d5@group-E9810A644481, cid=375, SUCCESS, logIndex=536, commits[c9f1298e-d840-49d8-aac3-de81602aa1d5:c538]
2019-08-30 23:39:49,914 [grpc-default-executor-0] INFO  client.GrpcClientProtocolClient (GrpcClientProtocolClient.java:onNext(255)) - client-7EF960CB3D58->c9f1298e-d840-49d8-aac3-de81602aa1d5: receive RaftClientReply:client-7EF960CB3D58->c9f1298e-d840-49d8-aac3-de81602aa1d5@group-E9810A644481, cid=376, SUCCESS, logIndex=537, commits[c9f1298e-d840-49d8-aac3-de81602aa1d5:c539]
2019-08-30 23:39:49,951 [SCMBlockDeletingService#0] DEBUG block.SCMBlockDeletingService (SCMBlockDeletingService.java:call(138)) - Running DeletedBlockTransactionScanner
2019-08-30 23:39:49,951 [SCMBlockDeletingService#0] DEBUG block.SCMBlockDeletingService (SCMBlockDeletingService.java:call(155)) - Scanned deleted blocks log and got 0 delTX to process.
2019-08-30 23:39:49,959 [grpc-default-executor-0] INFO  client.GrpcClientProtocolClient (GrpcClientProtocolClient.java:onNext(255)) - client-7EF960CB3D58->c9f1298e-d840-49d8-aac3-de81602aa1d5: receive RaftClientReply:client-7EF960CB3D58->c9f1298e-d840-49d8-aac3-de81602aa1d5@group-E9810A644481, cid=377, SUCCESS, logIndex=540, commits[c9f1298e-d840-49d8-aac3-de81602aa1d5:c541]
2019-08-30 23:39:49,960 [grpc-default-executor-0] INFO  client.GrpcClientProtocolClient (GrpcClientProtocolClient.java:onNext(255)) - client-7EF960CB3D58->c9f1298e-d840-49d8-aac3-de81602aa1d5: receive RaftClientReply:client-7EF960CB3D58->c9f1298e-d840-49d8-aac3-de81602aa1d5@group-E9810A644481, cid=378, SUCCESS, logIndex=541, commits[c9f1298e-d840-49d8-aac3-de81602aa1d5:c543]
2019-08-30 23:39:49,961 [grpc-default-executor-0] INFO  client.GrpcClientProtocolClient (GrpcClientProtocolClient.java:onNext(255)) - client-7EF960CB3D58->c9f1298e-d840-49d8-aac3-de81602aa1d5: receive RaftClientReply:client-7EF960CB3D58->c9f1298e-d840-49d8-aac3-de81602aa1d5@group-E9810A644481, cid=379, SUCCESS, logIndex=542, commits[c9f1298e-d840-49d8-aac3-de81602aa1d5:c543]
2019-08-30 23:39:49,961 [grpc-default-executor-0] INFO  client.GrpcClientProtocolClient (GrpcClientProtocolClient.java:onNext(255)) - client-7EF960CB3D58->c9f1298e-d840-49d8-aac3-de81602aa1d5: receive RaftClientReply:client-7EF960CB3D58->c9f1298e-d840-49d8-aac3-de81602aa1d5@group-E9810A644481, cid=380, SUCCESS, logIndex=543, commits[c9f1298e-d840-49d8-aac3-de81602aa1d5:c544]
2019-08-30 23:39:50,010 [grpc-default-executor-1] INFO  client.GrpcClientProtocolClient (GrpcClientProtocolClient.java:onNext(255)) - client-7EF960CB3D58->c9f1298e-d840-49d8-aac3-de81602aa1d5: receive RaftClientReply:client-7EF960CB3D58->c9f1298e-d840-49d8-aac3-de81602aa1d5@group-E9810A644481, cid=381, SUCCESS, logIndex=546, commits[c9f1298e-d840-49d8-aac3-de81602aa1d5:c549]
2019-08-30 23:39:50,011 [grpc-default-executor-1] INFO  client.GrpcClientProtocolClient (GrpcClientProtocolClient.java:onNext(255)) - client-7EF960CB3D58->c9f1298e-d840-49d8-aac3-de81602aa1d5: receive RaftClientReply:client-7EF960CB3D58->c9f1298e-d840-49d8-aac3-de81602aa1d5@group-E9810A644481, cid=382, SUCCESS, logIndex=547, commits[c9f1298e-d840-49d8-aac3-de81602aa1d5:c549]
2019-08-30 23:39:50,012 [grpc-default-executor-1] INFO  client.GrpcClientProtocolClient (GrpcClientProtocolClient.java:onNext(255)) - client-7EF960CB3D58->c9f1298e-d840-49d8-aac3-de81602aa1d5: receive RaftClientReply:client-7EF960CB3D58->c9f1298e-d840-49d8-aac3-de81602aa1d5@group-E9810A644481, cid=383, SUCCESS, logIndex=548, commits[c9f1298e-d840-49d8-aac3-de81602aa1d5:c549]
2019-08-30 23:39:50,012 [grpc-default-executor-1] INFO  client.GrpcClientProtocolClient (GrpcClientProtocolClient.java:onNext(255)) - client-7EF960CB3D58->c9f1298e-d840-49d8-aac3-de81602aa1d5: receive RaftClientReply:client-7EF960CB3D58->c9f1298e-d840-49d8-aac3-de81602aa1d5@group-E9810A644481, cid=384, SUCCESS, logIndex=549, commits[c9f1298e-d840-49d8-aac3-de81602aa1d5:c549]
2019-08-30 23:39:50,049 [grpc-default-executor-0] INFO  client.GrpcClientProtocolClient (GrpcClientProtocolClient.java:onNext(255)) - client-7EF960CB3D58->c9f1298e-d840-49d8-aac3-de81602aa1d5: receive RaftClientReply:client-7EF960CB3D58->c9f1298e-d840-49d8-aac3-de81602aa1d5@group-E9810A644481, cid=385, SUCCESS, logIndex=551, commits[c9f1298e-d840-49d8-aac3-de81602aa1d5:c552]
2019-08-30 23:39:50,050 [grpc-default-executor-0] INFO  client.GrpcClientProtocolClient (GrpcClientProtocolClient.java:onNext(255)) - client-7EF960CB3D58->c9f1298e-d840-49d8-aac3-de81602aa1d5: receive RaftClientReply:client-7EF960CB3D58->c9f1298e-d840-49d8-aac3-de81602aa1d5@group-E9810A644481, cid=386, SUCCESS, logIndex=552, commits[c9f1298e-d840-49d8-aac3-de81602aa1d5:c552]
2019-08-30 23:39:50,051 [SCMBlockDeletingService#0] DEBUG block.SCMBlockDeletingService (SCMBlockDeletingService.java:call(138)) - Running DeletedBlockTransactionScanner
2019-08-30 23:39:50,052 [SCMBlockDeletingService#0] DEBUG block.SCMBlockDeletingService (SCMBlockDeletingService.java:call(155)) - Scanned deleted blocks log and got 0 delTX to process.
2019-08-30 23:39:50,067 [grpc-default-executor-0] INFO  client.GrpcClientProtocolClient (GrpcClientProtocolClient.java:onNext(255)) - client-7EF960CB3D58->c9f1298e-d840-49d8-aac3-de81602aa1d5: receive RaftClientReply:client-7EF960CB3D58->c9f1298e-d840-49d8-aac3-de81602aa1d5@group-E9810A644481, cid=387, SUCCESS, logIndex=553, commits[c9f1298e-d840-49d8-aac3-de81602aa1d5:c554]
2019-08-30 23:39:50,068 [grpc-default-executor-0] INFO  client.GrpcClientProtocolClient (GrpcClientProtocolClient.java:onNext(255)) - client-7EF960CB3D58->c9f1298e-d840-49d8-aac3-de81602aa1d5: receive RaftClientReply:client-7EF960CB3D58->c9f1298e-d840-49d8-aac3-de81602aa1d5@group-E9810A644481, cid=388, SUCCESS, logIndex=554, commits[c9f1298e-d840-49d8-aac3-de81602aa1d5:c554]
2019-08-30 23:39:50,118 [grpc-default-executor-0] INFO  client.GrpcClientProtocolClient (GrpcClientProtocolClient.java:onNext(255)) - client-7EF960CB3D58->c9f1298e-d840-49d8-aac3-de81602aa1d5: receive RaftClientReply:client-7EF960CB3D58->c9f1298e-d840-49d8-aac3-de81602aa1d5@group-E9810A644481, cid=389, SUCCESS, logIndex=557, commits[c9f1298e-d840-49d8-aac3-de81602aa1d5:c560]
2019-08-30 23:39:50,119 [grpc-default-executor-0] INFO  client.GrpcClientProtocolClient (GrpcClientProtocolClient.java:onNext(255)) - client-7EF960CB3D58->c9f1298e-d840-49d8-aac3-de81602aa1d5: receive RaftClientReply:client-7EF960CB3D58->c9f1298e-d840-49d8-aac3-de81602aa1d5@group-E9810A644481, cid=390, SUCCESS, logIndex=558, commits[c9f1298e-d840-49d8-aac3-de81602aa1d5:c560]
2019-08-30 23:39:50,119 [grpc-default-executor-0] INFO  client.GrpcClientProtocolClient (GrpcClientProtocolClient.java:onNext(255)) - client-7EF960CB3D58->c9f1298e-d840-49d8-aac3-de81602aa1d5: receive RaftClientReply:client-7EF960CB3D58->c9f1298e-d840-49d8-aac3-de81602aa1d5@group-E9810A644481, cid=391, SUCCESS, logIndex=559, commits[c9f1298e-d840-49d8-aac3-de81602aa1d5:c560]
2019-08-30 23:39:50,120 [grpc-default-executor-0] INFO  client.GrpcClientProtocolClient (GrpcClientProtocolClient.java:onNext(255)) - client-7EF960CB3D58->c9f1298e-d840-49d8-aac3-de81602aa1d5: receive RaftClientReply:client-7EF960CB3D58->c9f1298e-d840-49d8-aac3-de81602aa1d5@group-E9810A644481, cid=392, SUCCESS, logIndex=560, commits[c9f1298e-d840-49d8-aac3-de81602aa1d5:c560]
2019-08-30 23:39:50,152 [SCMBlockDeletingService#0] DEBUG block.SCMBlockDeletingService (SCMBlockDeletingService.java:call(138)) - Running DeletedBlockTransactionScanner
2019-08-30 23:39:50,152 [SCMBlockDeletingService#0] DEBUG block.SCMBlockDeletingService (SCMBlockDeletingService.java:call(155)) - Scanned deleted blocks log and got 0 delTX to process.
2019-08-30 23:39:50,159 [grpc-default-executor-0] INFO  client.GrpcClientProtocolClient (GrpcClientProtocolClient.java:onNext(255)) - client-7EF960CB3D58->c9f1298e-d840-49d8-aac3-de81602aa1d5: receive RaftClientReply:client-7EF960CB3D58->c9f1298e-d840-49d8-aac3-de81602aa1d5@group-E9810A644481, cid=393, SUCCESS, logIndex=562, commits[c9f1298e-d840-49d8-aac3-de81602aa1d5:c565]
2019-08-30 23:39:50,160 [grpc-default-executor-0] INFO  client.GrpcClientProtocolClient (GrpcClientProtocolClient.java:onNext(255)) - client-7EF960CB3D58->c9f1298e-d840-49d8-aac3-de81602aa1d5: receive RaftClientReply:client-7EF960CB3D58->c9f1298e-d840-49d8-aac3-de81602aa1d5@group-E9810A644481, cid=394, SUCCESS, logIndex=563, commits[c9f1298e-d840-49d8-aac3-de81602aa1d5:c565]
2019-08-30 23:39:50,160 [grpc-default-executor-0] INFO  client.GrpcClientProtocolClient (GrpcClientProtocolClient.java:onNext(255)) - client-7EF960CB3D58->c9f1298e-d840-49d8-aac3-de81602aa1d5: receive RaftClientReply:client-7EF960CB3D58->c9f1298e-d840-49d8-aac3-de81602aa1d5@group-E9810A644481, cid=395, SUCCESS, logIndex=564, commits[c9f1298e-d840-49d8-aac3-de81602aa1d5:c565]
2019-08-30 23:39:50,160 [grpc-default-executor-0] INFO  client.GrpcClientProtocolClient (GrpcClientProtocolClient.java:onNext(255)) - client-7EF960CB3D58->c9f1298e-d840-49d8-aac3-de81602aa1d5: receive RaftClientReply:client-7EF960CB3D58->c9f1298e-d840-49d8-aac3-de81602aa1d5@group-E9810A644481, cid=396, SUCCESS, logIndex=565, commits[c9f1298e-d840-49d8-aac3-de81602aa1d5:c565]
2019-08-30 23:39:50,253 [SCMBlockDeletingService#0] DEBUG block.SCMBlockDeletingService (SCMBlockDeletingService.java:call(138)) - Running DeletedBlockTransactionScanner
2019-08-30 23:39:50,253 [SCMBlockDeletingService#0] DEBUG block.SCMBlockDeletingService (SCMBlockDeletingService.java:call(155)) - Scanned deleted blocks log and got 0 delTX to process.
2019-08-30 23:39:50,296 [grpc-default-executor-1] INFO  client.GrpcClientProtocolClient (GrpcClientProtocolClient.java:onNext(255)) - client-7EF960CB3D58->c9f1298e-d840-49d8-aac3-de81602aa1d5: receive RaftClientReply:client-7EF960CB3D58->c9f1298e-d840-49d8-aac3-de81602aa1d5@group-E9810A644481, cid=397, SUCCESS, logIndex=567, commits[c9f1298e-d840-49d8-aac3-de81602aa1d5:c568]
2019-08-30 23:39:50,296 [grpc-default-executor-1] INFO  client.GrpcClientProtocolClient (GrpcClientProtocolClient.java:onNext(255)) - client-7EF960CB3D58->c9f1298e-d840-49d8-aac3-de81602aa1d5: receive RaftClientReply:client-7EF960CB3D58->c9f1298e-d840-49d8-aac3-de81602aa1d5@group-E9810A644481, cid=398, SUCCESS, logIndex=568, commits[c9f1298e-d840-49d8-aac3-de81602aa1d5:c568]
2019-08-30 23:39:50,309 [grpc-default-executor-1] INFO  client.GrpcClientProtocolClient (GrpcClientProtocolClient.java:onNext(255)) - client-7EF960CB3D58->c9f1298e-d840-49d8-aac3-de81602aa1d5: receive RaftClientReply:client-7EF960CB3D58->c9f1298e-d840-49d8-aac3-de81602aa1d5@group-E9810A644481, cid=399, SUCCESS, logIndex=569, commits[c9f1298e-d840-49d8-aac3-de81602aa1d5:c570]
2019-08-30 23:39:50,309 [grpc-default-executor-1] INFO  client.GrpcClientProtocolClient (GrpcClientProtocolClient.java:onNext(255)) - client-7EF960CB3D58->c9f1298e-d840-49d8-aac3-de81602aa1d5: receive RaftClientReply:client-7EF960CB3D58->c9f1298e-d840-49d8-aac3-de81602aa1d5@group-E9810A644481, cid=400, SUCCESS, logIndex=570, commits[c9f1298e-d840-49d8-aac3-de81602aa1d5:c570]
2019-08-30 23:39:50,353 [grpc-default-executor-1] INFO  client.GrpcClientProtocolClient (GrpcClientProtocolClient.java:onNext(255)) - client-7EF960CB3D58->c9f1298e-d840-49d8-aac3-de81602aa1d5: receive RaftClientReply:client-7EF960CB3D58->c9f1298e-d840-49d8-aac3-de81602aa1d5@group-E9810A644481, cid=401, SUCCESS, logIndex=573, commits[c9f1298e-d840-49d8-aac3-de81602aa1d5:c576]
2019-08-30 23:39:50,354 [SCMBlockDeletingService#0] DEBUG block.SCMBlockDeletingService (SCMBlockDeletingService.java:call(138)) - Running DeletedBlockTransactionScanner
2019-08-30 23:39:50,354 [SCMBlockDeletingService#0] DEBUG block.SCMBlockDeletingService (SCMBlockDeletingService.java:call(155)) - Scanned deleted blocks log and got 0 delTX to process.
2019-08-30 23:39:50,354 [grpc-default-executor-1] INFO  client.GrpcClientProtocolClient (GrpcClientProtocolClient.java:onNext(255)) - client-7EF960CB3D58->c9f1298e-d840-49d8-aac3-de81602aa1d5: receive RaftClientReply:client-7EF960CB3D58->c9f1298e-d840-49d8-aac3-de81602aa1d5@group-E9810A644481, cid=402, SUCCESS, logIndex=574, commits[c9f1298e-d840-49d8-aac3-de81602aa1d5:c576]
2019-08-30 23:39:50,355 [grpc-default-executor-1] INFO  client.GrpcClientProtocolClient (GrpcClientProtocolClient.java:onNext(255)) - client-7EF960CB3D58->c9f1298e-d840-49d8-aac3-de81602aa1d5: receive RaftClientReply:client-7EF960CB3D58->c9f1298e-d840-49d8-aac3-de81602aa1d5@group-E9810A644481, cid=403, SUCCESS, logIndex=575, commits[c9f1298e-d840-49d8-aac3-de81602aa1d5:c576]
2019-08-30 23:39:50,355 [grpc-default-executor-1] INFO  client.GrpcClientProtocolClient (GrpcClientProtocolClient.java:onNext(255)) - client-7EF960CB3D58->c9f1298e-d840-49d8-aac3-de81602aa1d5: receive RaftClientReply:client-7EF960CB3D58->c9f1298e-d840-49d8-aac3-de81602aa1d5@group-E9810A644481, cid=404, SUCCESS, logIndex=576, commits[c9f1298e-d840-49d8-aac3-de81602aa1d5:c576]
2019-08-30 23:39:50,378 [grpc-default-executor-1] INFO  client.GrpcClientProtocolClient (GrpcClientProtocolClient.java:onNext(255)) - client-7EF960CB3D58->c9f1298e-d840-49d8-aac3-de81602aa1d5: receive RaftClientReply:client-7EF960CB3D58->c9f1298e-d840-49d8-aac3-de81602aa1d5@group-E9810A644481, cid=405, SUCCESS, logIndex=578, commits[c9f1298e-d840-49d8-aac3-de81602aa1d5:c579]
2019-08-30 23:39:50,379 [grpc-default-executor-1] INFO  client.GrpcClientProtocolClient (GrpcClientProtocolClient.java:onNext(255)) - client-7EF960CB3D58->c9f1298e-d840-49d8-aac3-de81602aa1d5: receive RaftClientReply:client-7EF960CB3D58->c9f1298e-d840-49d8-aac3-de81602aa1d5@group-E9810A644481, cid=406, SUCCESS, logIndex=579, commits[c9f1298e-d840-49d8-aac3-de81602aa1d5:c579]
2019-08-30 23:39:50,381 [grpc-default-executor-1] INFO  client.GrpcClientProtocolClient (GrpcClientProtocolClient.java:onNext(255)) - client-7EF960CB3D58->c9f1298e-d840-49d8-aac3-de81602aa1d5: receive RaftClientReply:client-7EF960CB3D58->c9f1298e-d840-49d8-aac3-de81602aa1d5@group-E9810A644481, cid=407, SUCCESS, logIndex=580, commits[c9f1298e-d840-49d8-aac3-de81602aa1d5:c581]
2019-08-30 23:39:50,382 [grpc-default-executor-1] INFO  client.GrpcClientProtocolClient (GrpcClientProtocolClient.java:onNext(255)) - client-7EF960CB3D58->c9f1298e-d840-49d8-aac3-de81602aa1d5: receive RaftClientReply:client-7EF960CB3D58->c9f1298e-d840-49d8-aac3-de81602aa1d5@group-E9810A644481, cid=408, SUCCESS, logIndex=581, commits[c9f1298e-d840-49d8-aac3-de81602aa1d5:c581]
2019-08-30 23:39:50,420 [grpc-default-executor-1] INFO  client.GrpcClientProtocolClient (GrpcClientProtocolClient.java:onNext(255)) - client-7EF960CB3D58->c9f1298e-d840-49d8-aac3-de81602aa1d5: receive RaftClientReply:client-7EF960CB3D58->c9f1298e-d840-49d8-aac3-de81602aa1d5@group-E9810A644481, cid=409, SUCCESS, logIndex=584, commits[c9f1298e-d840-49d8-aac3-de81602aa1d5:c585]
2019-08-30 23:39:50,421 [grpc-default-executor-1] INFO  client.GrpcClientProtocolClient (GrpcClientProtocolClient.java:onNext(255)) - client-7EF960CB3D58->c9f1298e-d840-49d8-aac3-de81602aa1d5: receive RaftClientReply:client-7EF960CB3D58->c9f1298e-d840-49d8-aac3-de81602aa1d5@group-E9810A644481, cid=410, SUCCESS, logIndex=585, commits[c9f1298e-d840-49d8-aac3-de81602aa1d5:c585]
2019-08-30 23:39:50,432 [grpc-default-executor-1] INFO  client.GrpcClientProtocolClient (GrpcClientProtocolClient.java:onNext(255)) - client-7EF960CB3D58->c9f1298e-d840-49d8-aac3-de81602aa1d5: receive RaftClientReply:client-7EF960CB3D58->c9f1298e-d840-49d8-aac3-de81602aa1d5@group-E9810A644481, cid=411, SUCCESS, logIndex=586, commits[c9f1298e-d840-49d8-aac3-de81602aa1d5:c587]
2019-08-30 23:39:50,433 [grpc-default-executor-1] INFO  client.GrpcClientProtocolClient (GrpcClientProtocolClient.java:onNext(255)) - client-7EF960CB3D58->c9f1298e-d840-49d8-aac3-de81602aa1d5: receive RaftClientReply:client-7EF960CB3D58->c9f1298e-d840-49d8-aac3-de81602aa1d5@group-E9810A644481, cid=412, SUCCESS, logIndex=587, commits[c9f1298e-d840-49d8-aac3-de81602aa1d5:c587]
2019-08-30 23:39:50,454 [SCMBlockDeletingService#0] DEBUG block.SCMBlockDeletingService (SCMBlockDeletingService.java:call(138)) - Running DeletedBlockTransactionScanner
2019-08-30 23:39:50,455 [SCMBlockDeletingService#0] DEBUG block.SCMBlockDeletingService (SCMBlockDeletingService.java:call(155)) - Scanned deleted blocks log and got 0 delTX to process.
2019-08-30 23:39:50,465 [grpc-default-executor-1] INFO  client.GrpcClientProtocolClient (GrpcClientProtocolClient.java:onNext(255)) - client-7EF960CB3D58->c9f1298e-d840-49d8-aac3-de81602aa1d5: receive RaftClientReply:client-7EF960CB3D58->c9f1298e-d840-49d8-aac3-de81602aa1d5@group-E9810A644481, cid=413, SUCCESS, logIndex=590, commits[c9f1298e-d840-49d8-aac3-de81602aa1d5:c593]
2019-08-30 23:39:50,466 [grpc-default-executor-1] INFO  client.GrpcClientProtocolClient (GrpcClientProtocolClient.java:onNext(255)) - client-7EF960CB3D58->c9f1298e-d840-49d8-aac3-de81602aa1d5: receive RaftClientReply:client-7EF960CB3D58->c9f1298e-d840-49d8-aac3-de81602aa1d5@group-E9810A644481, cid=414, SUCCESS, logIndex=591, commits[c9f1298e-d840-49d8-aac3-de81602aa1d5:c593]
2019-08-30 23:39:50,466 [grpc-default-executor-1] INFO  client.GrpcClientProtocolClient (GrpcClientProtocolClient.java:onNext(255)) - client-7EF960CB3D58->c9f1298e-d840-49d8-aac3-de81602aa1d5: receive RaftClientReply:client-7EF960CB3D58->c9f1298e-d840-49d8-aac3-de81602aa1d5@group-E9810A644481, cid=415, SUCCESS, logIndex=592, commits[c9f1298e-d840-49d8-aac3-de81602aa1d5:c593]
2019-08-30 23:39:50,467 [grpc-default-executor-1] INFO  client.GrpcClientProtocolClient (GrpcClientProtocolClient.java:onNext(255)) - client-7EF960CB3D58->c9f1298e-d840-49d8-aac3-de81602aa1d5: receive RaftClientReply:client-7EF960CB3D58->c9f1298e-d840-49d8-aac3-de81602aa1d5@group-E9810A644481, cid=416, SUCCESS, logIndex=593, commits[c9f1298e-d840-49d8-aac3-de81602aa1d5:c593]
2019-08-30 23:39:50,507 [grpc-default-executor-1] INFO  client.GrpcClientProtocolClient (GrpcClientProtocolClient.java:onNext(255)) - client-7EF960CB3D58->c9f1298e-d840-49d8-aac3-de81602aa1d5: receive RaftClientReply:client-7EF960CB3D58->c9f1298e-d840-49d8-aac3-de81602aa1d5@group-E9810A644481, cid=417, SUCCESS, logIndex=595, commits[c9f1298e-d840-49d8-aac3-de81602aa1d5:c596]
2019-08-30 23:39:50,508 [grpc-default-executor-1] INFO  client.GrpcClientProtocolClient (GrpcClientProtocolClient.java:onNext(255)) - client-7EF960CB3D58->c9f1298e-d840-49d8-aac3-de81602aa1d5: receive RaftClientReply:client-7EF960CB3D58->c9f1298e-d840-49d8-aac3-de81602aa1d5@group-E9810A644481, cid=418, SUCCESS, logIndex=596, commits[c9f1298e-d840-49d8-aac3-de81602aa1d5:c596]
2019-08-30 23:39:50,514 [grpc-default-executor-1] INFO  client.GrpcClientProtocolClient (GrpcClientProtocolClient.java:onNext(255)) - client-7EF960CB3D58->c9f1298e-d840-49d8-aac3-de81602aa1d5: receive RaftClientReply:client-7EF960CB3D58->c9f1298e-d840-49d8-aac3-de81602aa1d5@group-E9810A644481, cid=419, SUCCESS, logIndex=597, commits[c9f1298e-d840-49d8-aac3-de81602aa1d5:c598]
2019-08-30 23:39:50,515 [grpc-default-executor-1] INFO  client.GrpcClientProtocolClient (GrpcClientProtocolClient.java:onNext(255)) - client-7EF960CB3D58->c9f1298e-d840-49d8-aac3-de81602aa1d5: receive RaftClientReply:client-7EF960CB3D58->c9f1298e-d840-49d8-aac3-de81602aa1d5@group-E9810A644481, cid=420, SUCCESS, logIndex=598, commits[c9f1298e-d840-49d8-aac3-de81602aa1d5:c598]
2019-08-30 23:39:50,535 [grpc-default-executor-1] INFO  client.GrpcClientProtocolClient (GrpcClientProtocolClient.java:onNext(255)) - client-7EF960CB3D58->c9f1298e-d840-49d8-aac3-de81602aa1d5: receive RaftClientReply:client-7EF960CB3D58->c9f1298e-d840-49d8-aac3-de81602aa1d5@group-E9810A644481, cid=421, SUCCESS, logIndex=601, commits[c9f1298e-d840-49d8-aac3-de81602aa1d5:c604]
2019-08-30 23:39:50,535 [grpc-default-executor-1] INFO  client.GrpcClientProtocolClient (GrpcClientProtocolClient.java:onNext(255)) - client-7EF960CB3D58->c9f1298e-d840-49d8-aac3-de81602aa1d5: receive RaftClientReply:client-7EF960CB3D58->c9f1298e-d840-49d8-aac3-de81602aa1d5@group-E9810A644481, cid=422, SUCCESS, logIndex=602, commits[c9f1298e-d840-49d8-aac3-de81602aa1d5:c604]
2019-08-30 23:39:50,536 [grpc-default-executor-1] INFO  client.GrpcClientProtocolClient (GrpcClientProtocolClient.java:onNext(255)) - client-7EF960CB3D58->c9f1298e-d840-49d8-aac3-de81602aa1d5: receive RaftClientReply:client-7EF960CB3D58->c9f1298e-d840-49d8-aac3-de81602aa1d5@group-E9810A644481, cid=423, SUCCESS, logIndex=603, commits[c9f1298e-d840-49d8-aac3-de81602aa1d5:c604]
2019-08-30 23:39:50,536 [grpc-default-executor-1] INFO  client.GrpcClientProtocolClient (GrpcClientProtocolClient.java:onNext(255)) - client-7EF960CB3D58->c9f1298e-d840-49d8-aac3-de81602aa1d5: receive RaftClientReply:client-7EF960CB3D58->c9f1298e-d840-49d8-aac3-de81602aa1d5@group-E9810A644481, cid=424, SUCCESS, logIndex=604, commits[c9f1298e-d840-49d8-aac3-de81602aa1d5:c604]
2019-08-30 23:39:50,555 [SCMBlockDeletingService#0] DEBUG block.SCMBlockDeletingService (SCMBlockDeletingService.java:call(138)) - Running DeletedBlockTransactionScanner
2019-08-30 23:39:50,555 [SCMBlockDeletingService#0] DEBUG block.SCMBlockDeletingService (SCMBlockDeletingService.java:call(155)) - Scanned deleted blocks log and got 0 delTX to process.
2019-08-30 23:39:50,569 [grpc-default-executor-1] INFO  client.GrpcClientProtocolClient (GrpcClientProtocolClient.java:onNext(255)) - client-7EF960CB3D58->c9f1298e-d840-49d8-aac3-de81602aa1d5: receive RaftClientReply:client-7EF960CB3D58->c9f1298e-d840-49d8-aac3-de81602aa1d5@group-E9810A644481, cid=425, SUCCESS, logIndex=606, commits[c9f1298e-d840-49d8-aac3-de81602aa1d5:c607]
2019-08-30 23:39:50,569 [grpc-default-executor-1] INFO  client.GrpcClientProtocolClient (GrpcClientProtocolClient.java:onNext(255)) - client-7EF960CB3D58->c9f1298e-d840-49d8-aac3-de81602aa1d5: receive RaftClientReply:client-7EF960CB3D58->c9f1298e-d840-49d8-aac3-de81602aa1d5@group-E9810A644481, cid=426, SUCCESS, logIndex=607, commits[c9f1298e-d840-49d8-aac3-de81602aa1d5:c607]
2019-08-30 23:39:50,586 [grpc-default-executor-1] INFO  client.GrpcClientProtocolClient (GrpcClientProtocolClient.java:onNext(255)) - client-7EF960CB3D58->c9f1298e-d840-49d8-aac3-de81602aa1d5: receive RaftClientReply:client-7EF960CB3D58->c9f1298e-d840-49d8-aac3-de81602aa1d5@group-E9810A644481, cid=427, SUCCESS, logIndex=608, commits[c9f1298e-d840-49d8-aac3-de81602aa1d5:c609]
2019-08-30 23:39:50,587 [grpc-default-executor-1] INFO  client.GrpcClientProtocolClient (GrpcClientProtocolClient.java:onNext(255)) - client-7EF960CB3D58->c9f1298e-d840-49d8-aac3-de81602aa1d5: receive RaftClientReply:client-7EF960CB3D58->c9f1298e-d840-49d8-aac3-de81602aa1d5@group-E9810A644481, cid=428, SUCCESS, logIndex=609, commits[c9f1298e-d840-49d8-aac3-de81602aa1d5:c609]
2019-08-30 23:39:50,637 [grpc-default-executor-0] INFO  client.GrpcClientProtocolClient (GrpcClientProtocolClient.java:onNext(255)) - client-7EF960CB3D58->c9f1298e-d840-49d8-aac3-de81602aa1d5: receive RaftClientReply:client-7EF960CB3D58->c9f1298e-d840-49d8-aac3-de81602aa1d5@group-E9810A644481, cid=429, SUCCESS, logIndex=612, commits[c9f1298e-d840-49d8-aac3-de81602aa1d5:c615]
2019-08-30 23:39:50,637 [grpc-default-executor-0] INFO  client.GrpcClientProtocolClient (GrpcClientProtocolClient.java:onNext(255)) - client-7EF960CB3D58->c9f1298e-d840-49d8-aac3-de81602aa1d5: receive RaftClientReply:client-7EF960CB3D58->c9f1298e-d840-49d8-aac3-de81602aa1d5@group-E9810A644481, cid=430, SUCCESS, logIndex=613, commits[c9f1298e-d840-49d8-aac3-de81602aa1d5:c615]
2019-08-30 23:39:50,638 [grpc-default-executor-0] INFO  client.GrpcClientProtocolClient (GrpcClientProtocolClient.java:onNext(255)) - client-7EF960CB3D58->c9f1298e-d840-49d8-aac3-de81602aa1d5: receive RaftClientReply:client-7EF960CB3D58->c9f1298e-d840-49d8-aac3-de81602aa1d5@group-E9810A644481, cid=431, SUCCESS, logIndex=614, commits[c9f1298e-d840-49d8-aac3-de81602aa1d5:c615]
2019-08-30 23:39:50,638 [grpc-default-executor-0] INFO  client.GrpcClientProtocolClient (GrpcClientProtocolClient.java:onNext(255)) - client-7EF960CB3D58->c9f1298e-d840-49d8-aac3-de81602aa1d5: receive RaftClientReply:client-7EF960CB3D58->c9f1298e-d840-49d8-aac3-de81602aa1d5@group-E9810A644481, cid=432, SUCCESS, logIndex=615, commits[c9f1298e-d840-49d8-aac3-de81602aa1d5:c615]
2019-08-30 23:39:50,656 [SCMBlockDeletingService#0] DEBUG block.SCMBlockDeletingService (SCMBlockDeletingService.java:call(138)) - Running DeletedBlockTransactionScanner
2019-08-30 23:39:50,656 [SCMBlockDeletingService#0] DEBUG block.SCMBlockDeletingService (SCMBlockDeletingService.java:call(155)) - Scanned deleted blocks log and got 0 delTX to process.
2019-08-30 23:39:50,696 [grpc-default-executor-1] INFO  client.GrpcClientProtocolClient (GrpcClientProtocolClient.java:onNext(255)) - client-7EF960CB3D58->c9f1298e-d840-49d8-aac3-de81602aa1d5: receive RaftClientReply:client-7EF960CB3D58->c9f1298e-d840-49d8-aac3-de81602aa1d5@group-E9810A644481, cid=433, SUCCESS, logIndex=617, commits[c9f1298e-d840-49d8-aac3-de81602aa1d5:c618]
2019-08-30 23:39:50,697 [grpc-default-executor-1] INFO  client.GrpcClientProtocolClient (GrpcClientProtocolClient.java:onNext(255)) - client-7EF960CB3D58->c9f1298e-d840-49d8-aac3-de81602aa1d5: receive RaftClientReply:client-7EF960CB3D58->c9f1298e-d840-49d8-aac3-de81602aa1d5@group-E9810A644481, cid=434, SUCCESS, logIndex=618, commits[c9f1298e-d840-49d8-aac3-de81602aa1d5:c618]
2019-08-30 23:39:50,705 [grpc-default-executor-1] INFO  client.GrpcClientProtocolClient (GrpcClientProtocolClient.java:onNext(255)) - client-7EF960CB3D58->c9f1298e-d840-49d8-aac3-de81602aa1d5: receive RaftClientReply:client-7EF960CB3D58->c9f1298e-d840-49d8-aac3-de81602aa1d5@group-E9810A644481, cid=435, SUCCESS, logIndex=619, commits[c9f1298e-d840-49d8-aac3-de81602aa1d5:c620]
2019-08-30 23:39:50,706 [grpc-default-executor-1] INFO  client.GrpcClientProtocolClient (GrpcClientProtocolClient.java:onNext(255)) - client-7EF960CB3D58->c9f1298e-d840-49d8-aac3-de81602aa1d5: receive RaftClientReply:client-7EF960CB3D58->c9f1298e-d840-49d8-aac3-de81602aa1d5@group-E9810A644481, cid=436, SUCCESS, logIndex=620, commits[c9f1298e-d840-49d8-aac3-de81602aa1d5:c620]
2019-08-30 23:39:50,869 [SCMBlockDeletingService#1] DEBUG block.SCMBlockDeletingService (SCMBlockDeletingService.java:call(138)) - Running DeletedBlockTransactionScanner
2019-08-30 23:39:50,869 [SCMBlockDeletingService#1] DEBUG block.SCMBlockDeletingService (SCMBlockDeletingService.java:call(155)) - Scanned deleted blocks log and got 0 delTX to process.
2019-08-30 23:39:50,880 [grpc-default-executor-1] INFO  client.GrpcClientProtocolClient (GrpcClientProtocolClient.java:onNext(255)) - client-7EF960CB3D58->c9f1298e-d840-49d8-aac3-de81602aa1d5: receive RaftClientReply:client-7EF960CB3D58->c9f1298e-d840-49d8-aac3-de81602aa1d5@group-E9810A644481, cid=437, SUCCESS, logIndex=623, commits[c9f1298e-d840-49d8-aac3-de81602aa1d5:c624]
2019-08-30 23:39:50,881 [grpc-default-executor-1] INFO  client.GrpcClientProtocolClient (GrpcClientProtocolClient.java:onNext(255)) - client-7EF960CB3D58->c9f1298e-d840-49d8-aac3-de81602aa1d5: receive RaftClientReply:client-7EF960CB3D58->c9f1298e-d840-49d8-aac3-de81602aa1d5@group-E9810A644481, cid=438, SUCCESS, logIndex=624, commits[c9f1298e-d840-49d8-aac3-de81602aa1d5:c624]
2019-08-30 23:39:50,886 [grpc-default-executor-1] INFO  client.GrpcClientProtocolClient (GrpcClientProtocolClient.java:onNext(255)) - client-7EF960CB3D58->c9f1298e-d840-49d8-aac3-de81602aa1d5: receive RaftClientReply:client-7EF960CB3D58->c9f1298e-d840-49d8-aac3-de81602aa1d5@group-E9810A644481, cid=439, SUCCESS, logIndex=625, commits[c9f1298e-d840-49d8-aac3-de81602aa1d5:c627]
2019-08-30 23:39:50,887 [grpc-default-executor-1] INFO  client.GrpcClientProtocolClient (GrpcClientProtocolClient.java:onNext(255)) - client-7EF960CB3D58->c9f1298e-d840-49d8-aac3-de81602aa1d5: receive RaftClientReply:client-7EF960CB3D58->c9f1298e-d840-49d8-aac3-de81602aa1d5@group-E9810A644481, cid=440, SUCCESS, logIndex=626, commits[c9f1298e-d840-49d8-aac3-de81602aa1d5:c627]
2019-08-30 23:39:50,924 [grpc-default-executor-0] INFO  client.GrpcClientProtocolClient (GrpcClientProtocolClient.java:onNext(255)) - client-7EF960CB3D58->c9f1298e-d840-49d8-aac3-de81602aa1d5: receive RaftClientReply:client-7EF960CB3D58->c9f1298e-d840-49d8-aac3-de81602aa1d5@group-E9810A644481, cid=441, SUCCESS, logIndex=628, commits[c9f1298e-d840-49d8-aac3-de81602aa1d5:c629]
2019-08-30 23:39:50,925 [grpc-default-executor-0] INFO  client.GrpcClientProtocolClient (GrpcClientProtocolClient.java:onNext(255)) - client-7EF960CB3D58->c9f1298e-d840-49d8-aac3-de81602aa1d5: receive RaftClientReply:client-7EF960CB3D58->c9f1298e-d840-49d8-aac3-de81602aa1d5@group-E9810A644481, cid=442, SUCCESS, logIndex=629, commits[c9f1298e-d840-49d8-aac3-de81602aa1d5:c629]
2019-08-30 23:39:50,970 [SCMBlockDeletingService#1] DEBUG block.SCMBlockDeletingService (SCMBlockDeletingService.java:call(138)) - Running DeletedBlockTransactionScanner
2019-08-30 23:39:50,970 [SCMBlockDeletingService#1] DEBUG block.SCMBlockDeletingService (SCMBlockDeletingService.java:call(155)) - Scanned deleted blocks log and got 0 delTX to process.
2019-08-30 23:39:51,017 [grpc-default-executor-1] INFO  client.GrpcClientProtocolClient (GrpcClientProtocolClient.java:onNext(255)) - client-7EF960CB3D58->c9f1298e-d840-49d8-aac3-de81602aa1d5: receive RaftClientReply:client-7EF960CB3D58->c9f1298e-d840-49d8-aac3-de81602aa1d5@group-E9810A644481, cid=443, SUCCESS, logIndex=631, commits[c9f1298e-d840-49d8-aac3-de81602aa1d5:c632]
2019-08-30 23:39:51,018 [grpc-default-executor-1] INFO  client.GrpcClientProtocolClient (GrpcClientProtocolClient.java:onNext(255)) - client-7EF960CB3D58->c9f1298e-d840-49d8-aac3-de81602aa1d5: receive RaftClientReply:client-7EF960CB3D58->c9f1298e-d840-49d8-aac3-de81602aa1d5@group-E9810A644481, cid=444, SUCCESS, logIndex=632, commits[c9f1298e-d840-49d8-aac3-de81602aa1d5:c632]
2019-08-30 23:39:51,034 [grpc-default-executor-0] INFO  client.GrpcClientProtocolClient (GrpcClientProtocolClient.java:onNext(255)) - client-7EF960CB3D58->c9f1298e-d840-49d8-aac3-de81602aa1d5: receive RaftClientReply:client-7EF960CB3D58->c9f1298e-d840-49d8-aac3-de81602aa1d5@group-E9810A644481, cid=445, SUCCESS, logIndex=634, commits[c9f1298e-d840-49d8-aac3-de81602aa1d5:c635]
2019-08-30 23:39:51,034 [grpc-default-executor-0] INFO  client.GrpcClientProtocolClient (GrpcClientProtocolClient.java:onNext(255)) - client-7EF960CB3D58->c9f1298e-d840-49d8-aac3-de81602aa1d5: receive RaftClientReply:client-7EF960CB3D58->c9f1298e-d840-49d8-aac3-de81602aa1d5@group-E9810A644481, cid=446, SUCCESS, logIndex=635, commits[c9f1298e-d840-49d8-aac3-de81602aa1d5:c635]
2019-08-30 23:39:51,035 [grpc-default-executor-0] INFO  client.GrpcClientProtocolClient (GrpcClientProtocolClient.java:onNext(255)) - client-7EF960CB3D58->c9f1298e-d840-49d8-aac3-de81602aa1d5: receive RaftClientReply:client-7EF960CB3D58->c9f1298e-d840-49d8-aac3-de81602aa1d5@group-E9810A644481, cid=447, SUCCESS, logIndex=636, commits[c9f1298e-d840-49d8-aac3-de81602aa1d5:c637]
2019-08-30 23:39:51,035 [grpc-default-executor-0] INFO  client.GrpcClientProtocolClient (GrpcClientProtocolClient.java:onNext(255)) - client-7EF960CB3D58->c9f1298e-d840-49d8-aac3-de81602aa1d5: receive RaftClientReply:client-7EF960CB3D58->c9f1298e-d840-49d8-aac3-de81602aa1d5@group-E9810A644481, cid=448, SUCCESS, logIndex=637, commits[c9f1298e-d840-49d8-aac3-de81602aa1d5:c637]
2019-08-30 23:39:51,070 [SCMBlockDeletingService#1] DEBUG block.SCMBlockDeletingService (SCMBlockDeletingService.java:call(138)) - Running DeletedBlockTransactionScanner
2019-08-30 23:39:51,071 [SCMBlockDeletingService#1] DEBUG block.SCMBlockDeletingService (SCMBlockDeletingService.java:call(155)) - Scanned deleted blocks log and got 0 delTX to process.
2019-08-30 23:39:51,081 [grpc-default-executor-1] INFO  client.GrpcClientProtocolClient (GrpcClientProtocolClient.java:onNext(255)) - client-7EF960CB3D58->c9f1298e-d840-49d8-aac3-de81602aa1d5: receive RaftClientReply:client-7EF960CB3D58->c9f1298e-d840-49d8-aac3-de81602aa1d5@group-E9810A644481, cid=449, SUCCESS, logIndex=640, commits[c9f1298e-d840-49d8-aac3-de81602aa1d5:c643]
2019-08-30 23:39:51,082 [grpc-default-executor-1] INFO  client.GrpcClientProtocolClient (GrpcClientProtocolClient.java:onNext(255)) - client-7EF960CB3D58->c9f1298e-d840-49d8-aac3-de81602aa1d5: receive RaftClientReply:client-7EF960CB3D58->c9f1298e-d840-49d8-aac3-de81602aa1d5@group-E9810A644481, cid=450, SUCCESS, logIndex=641, commits[c9f1298e-d840-49d8-aac3-de81602aa1d5:c643]
2019-08-30 23:39:51,083 [grpc-default-executor-1] INFO  client.GrpcClientProtocolClient (GrpcClientProtocolClient.java:onNext(255)) - client-7EF960CB3D58->c9f1298e-d840-49d8-aac3-de81602aa1d5: receive RaftClientReply:client-7EF960CB3D58->c9f1298e-d840-49d8-aac3-de81602aa1d5@group-E9810A644481, cid=451, SUCCESS, logIndex=642, commits[c9f1298e-d840-49d8-aac3-de81602aa1d5:c643]
2019-08-30 23:39:51,083 [grpc-default-executor-1] INFO  client.GrpcClientProtocolClient (GrpcClientProtocolClient.java:onNext(255)) - client-7EF960CB3D58->c9f1298e-d840-49d8-aac3-de81602aa1d5: receive RaftClientReply:client-7EF960CB3D58->c9f1298e-d840-49d8-aac3-de81602aa1d5@group-E9810A644481, cid=452, SUCCESS, logIndex=643, commits[c9f1298e-d840-49d8-aac3-de81602aa1d5:c643]
2019-08-30 23:39:51,100 [grpc-default-executor-1] INFO  client.GrpcClientProtocolClient (GrpcClientProtocolClient.java:onNext(255)) - client-7EF960CB3D58->c9f1298e-d840-49d8-aac3-de81602aa1d5: receive RaftClientReply:client-7EF960CB3D58->c9f1298e-d840-49d8-aac3-de81602aa1d5@group-E9810A644481, cid=453, SUCCESS, logIndex=645, commits[c9f1298e-d840-49d8-aac3-de81602aa1d5:c646]
2019-08-30 23:39:51,102 [grpc-default-executor-1] INFO  client.GrpcClientProtocolClient (GrpcClientProtocolClient.java:onNext(255)) - client-7EF960CB3D58->c9f1298e-d840-49d8-aac3-de81602aa1d5: receive RaftClientReply:client-7EF960CB3D58->c9f1298e-d840-49d8-aac3-de81602aa1d5@group-E9810A644481, cid=454, SUCCESS, logIndex=646, commits[c9f1298e-d840-49d8-aac3-de81602aa1d5:c646]
2019-08-30 23:39:51,110 [grpc-default-executor-1] INFO  client.GrpcClientProtocolClient (GrpcClientProtocolClient.java:onNext(255)) - client-7EF960CB3D58->c9f1298e-d840-49d8-aac3-de81602aa1d5: receive RaftClientReply:client-7EF960CB3D58->c9f1298e-d840-49d8-aac3-de81602aa1d5@group-E9810A644481, cid=455, SUCCESS, logIndex=647, commits[c9f1298e-d840-49d8-aac3-de81602aa1d5:c648]
2019-08-30 23:39:51,111 [grpc-default-executor-1] INFO  client.GrpcClientProtocolClient (GrpcClientProtocolClient.java:onNext(255)) - client-7EF960CB3D58->c9f1298e-d840-49d8-aac3-de81602aa1d5: receive RaftClientReply:client-7EF960CB3D58->c9f1298e-d840-49d8-aac3-de81602aa1d5@group-E9810A644481, cid=456, SUCCESS, logIndex=648, commits[c9f1298e-d840-49d8-aac3-de81602aa1d5:c648]
2019-08-30 23:39:51,139 [grpc-default-executor-0] INFO  client.GrpcClientProtocolClient (GrpcClientProtocolClient.java:onNext(255)) - client-7EF960CB3D58->c9f1298e-d840-49d8-aac3-de81602aa1d5: receive RaftClientReply:client-7EF960CB3D58->c9f1298e-d840-49d8-aac3-de81602aa1d5@group-E9810A644481, cid=457, SUCCESS, logIndex=651, commits[c9f1298e-d840-49d8-aac3-de81602aa1d5:c654]
2019-08-30 23:39:51,139 [grpc-default-executor-0] INFO  client.GrpcClientProtocolClient (GrpcClientProtocolClient.java:onNext(255)) - client-7EF960CB3D58->c9f1298e-d840-49d8-aac3-de81602aa1d5: receive RaftClientReply:client-7EF960CB3D58->c9f1298e-d840-49d8-aac3-de81602aa1d5@group-E9810A644481, cid=458, SUCCESS, logIndex=652, commits[c9f1298e-d840-49d8-aac3-de81602aa1d5:c654]
2019-08-30 23:39:51,140 [grpc-default-executor-0] INFO  client.GrpcClientProtocolClient (GrpcClientProtocolClient.java:onNext(255)) - client-7EF960CB3D58->c9f1298e-d840-49d8-aac3-de81602aa1d5: receive RaftClientReply:client-7EF960CB3D58->c9f1298e-d840-49d8-aac3-de81602aa1d5@group-E9810A644481, cid=459, SUCCESS, logIndex=653, commits[c9f1298e-d840-49d8-aac3-de81602aa1d5:c654]
2019-08-30 23:39:51,140 [grpc-default-executor-0] INFO  client.GrpcClientProtocolClient (GrpcClientProtocolClient.java:onNext(255)) - client-7EF960CB3D58->c9f1298e-d840-49d8-aac3-de81602aa1d5: receive RaftClientReply:client-7EF960CB3D58->c9f1298e-d840-49d8-aac3-de81602aa1d5@group-E9810A644481, cid=460, SUCCESS, logIndex=654, commits[c9f1298e-d840-49d8-aac3-de81602aa1d5:c654]
2019-08-30 23:39:51,149 [grpc-default-executor-0] INFO  client.GrpcClientProtocolClient (GrpcClientProtocolClient.java:onNext(255)) - client-7EF960CB3D58->c9f1298e-d840-49d8-aac3-de81602aa1d5: receive RaftClientReply:client-7EF960CB3D58->c9f1298e-d840-49d8-aac3-de81602aa1d5@group-E9810A644481, cid=461, SUCCESS, logIndex=656, commits[c9f1298e-d840-49d8-aac3-de81602aa1d5:c657]
2019-08-30 23:39:51,150 [grpc-default-executor-0] INFO  client.GrpcClientProtocolClient (GrpcClientProtocolClient.java:onNext(255)) - client-7EF960CB3D58->c9f1298e-d840-49d8-aac3-de81602aa1d5: receive RaftClientReply:client-7EF960CB3D58->c9f1298e-d840-49d8-aac3-de81602aa1d5@group-E9810A644481, cid=462, SUCCESS, logIndex=657, commits[c9f1298e-d840-49d8-aac3-de81602aa1d5:c657]
2019-08-30 23:39:51,157 [grpc-default-executor-0] INFO  client.GrpcClientProtocolClient (GrpcClientProtocolClient.java:onNext(255)) - client-7EF960CB3D58->c9f1298e-d840-49d8-aac3-de81602aa1d5: receive RaftClientReply:client-7EF960CB3D58->c9f1298e-d840-49d8-aac3-de81602aa1d5@group-E9810A644481, cid=463, SUCCESS, logIndex=658, commits[c9f1298e-d840-49d8-aac3-de81602aa1d5:c660]
2019-08-30 23:39:51,157 [grpc-default-executor-0] INFO  client.GrpcClientProtocolClient (GrpcClientProtocolClient.java:onNext(255)) - client-7EF960CB3D58->c9f1298e-d840-49d8-aac3-de81602aa1d5: receive RaftClientReply:client-7EF960CB3D58->c9f1298e-d840-49d8-aac3-de81602aa1d5@group-E9810A644481, cid=464, SUCCESS, logIndex=659, commits[c9f1298e-d840-49d8-aac3-de81602aa1d5:c660]
2019-08-30 23:39:51,171 [SCMBlockDeletingService#1] DEBUG block.SCMBlockDeletingService (SCMBlockDeletingService.java:call(138)) - Running DeletedBlockTransactionScanner
2019-08-30 23:39:51,171 [SCMBlockDeletingService#1] DEBUG block.SCMBlockDeletingService (SCMBlockDeletingService.java:call(155)) - Scanned deleted blocks log and got 0 delTX to process.
2019-08-30 23:39:51,202 [grpc-default-executor-0] INFO  client.GrpcClientProtocolClient (GrpcClientProtocolClient.java:onNext(255)) - client-7EF960CB3D58->c9f1298e-d840-49d8-aac3-de81602aa1d5: receive RaftClientReply:client-7EF960CB3D58->c9f1298e-d840-49d8-aac3-de81602aa1d5@group-E9810A644481, cid=465, SUCCESS, logIndex=661, commits[c9f1298e-d840-49d8-aac3-de81602aa1d5:c662]
2019-08-30 23:39:51,202 [grpc-default-executor-0] INFO  client.GrpcClientProtocolClient (GrpcClientProtocolClient.java:onNext(255)) - client-7EF960CB3D58->c9f1298e-d840-49d8-aac3-de81602aa1d5: receive RaftClientReply:client-7EF960CB3D58->c9f1298e-d840-49d8-aac3-de81602aa1d5@group-E9810A644481, cid=466, SUCCESS, logIndex=662, commits[c9f1298e-d840-49d8-aac3-de81602aa1d5:c662]
2019-08-30 23:39:51,209 [grpc-default-executor-0] INFO  client.GrpcClientProtocolClient (GrpcClientProtocolClient.java:onNext(255)) - client-7EF960CB3D58->c9f1298e-d840-49d8-aac3-de81602aa1d5: receive RaftClientReply:client-7EF960CB3D58->c9f1298e-d840-49d8-aac3-de81602aa1d5@group-E9810A644481, cid=467, SUCCESS, logIndex=663, commits[c9f1298e-d840-49d8-aac3-de81602aa1d5:c664]
2019-08-30 23:39:51,209 [grpc-default-executor-0] INFO  client.GrpcClientProtocolClient (GrpcClientProtocolClient.java:onNext(255)) - client-7EF960CB3D58->c9f1298e-d840-49d8-aac3-de81602aa1d5: receive RaftClientReply:client-7EF960CB3D58->c9f1298e-d840-49d8-aac3-de81602aa1d5@group-E9810A644481, cid=468, SUCCESS, logIndex=664, commits[c9f1298e-d840-49d8-aac3-de81602aa1d5:c664]
2019-08-30 23:39:51,229 [grpc-default-executor-1] INFO  client.GrpcClientProtocolClient (GrpcClientProtocolClient.java:onNext(255)) - client-7EF960CB3D58->c9f1298e-d840-49d8-aac3-de81602aa1d5: receive RaftClientReply:client-7EF960CB3D58->c9f1298e-d840-49d8-aac3-de81602aa1d5@group-E9810A644481, cid=469, SUCCESS, logIndex=667, commits[c9f1298e-d840-49d8-aac3-de81602aa1d5:c668]
2019-08-30 23:39:51,230 [grpc-default-executor-1] INFO  client.GrpcClientProtocolClient (GrpcClientProtocolClient.java:onNext(255)) - client-7EF960CB3D58->c9f1298e-d840-49d8-aac3-de81602aa1d5: receive RaftClientReply:client-7EF960CB3D58->c9f1298e-d840-49d8-aac3-de81602aa1d5@group-E9810A644481, cid=470, SUCCESS, logIndex=668, commits[c9f1298e-d840-49d8-aac3-de81602aa1d5:c668]
2019-08-30 23:39:51,235 [grpc-default-executor-1] INFO  client.GrpcClientProtocolClient (GrpcClientProtocolClient.java:onNext(255)) - client-7EF960CB3D58->c9f1298e-d840-49d8-aac3-de81602aa1d5: receive RaftClientReply:client-7EF960CB3D58->c9f1298e-d840-49d8-aac3-de81602aa1d5@group-E9810A644481, cid=471, SUCCESS, logIndex=669, commits[c9f1298e-d840-49d8-aac3-de81602aa1d5:c670]
2019-08-30 23:39:51,235 [grpc-default-executor-1] INFO  client.GrpcClientProtocolClient (GrpcClientProtocolClient.java:onNext(255)) - client-7EF960CB3D58->c9f1298e-d840-49d8-aac3-de81602aa1d5: receive RaftClientReply:client-7EF960CB3D58->c9f1298e-d840-49d8-aac3-de81602aa1d5@group-E9810A644481, cid=472, SUCCESS, logIndex=670, commits[c9f1298e-d840-49d8-aac3-de81602aa1d5:c670]
2019-08-30 23:39:51,259 [grpc-default-executor-0] INFO  client.GrpcClientProtocolClient (GrpcClientProtocolClient.java:onNext(255)) - client-7EF960CB3D58->c9f1298e-d840-49d8-aac3-de81602aa1d5: receive RaftClientReply:client-7EF960CB3D58->c9f1298e-d840-49d8-aac3-de81602aa1d5@group-E9810A644481, cid=473, SUCCESS, logIndex=673, commits[c9f1298e-d840-49d8-aac3-de81602aa1d5:c676]
2019-08-30 23:39:51,260 [grpc-default-executor-0] INFO  client.GrpcClientProtocolClient (GrpcClientProtocolClient.java:onNext(255)) - client-7EF960CB3D58->c9f1298e-d840-49d8-aac3-de81602aa1d5: receive RaftClientReply:client-7EF960CB3D58->c9f1298e-d840-49d8-aac3-de81602aa1d5@group-E9810A644481, cid=474, SUCCESS, logIndex=674, commits[c9f1298e-d840-49d8-aac3-de81602aa1d5:c676]
2019-08-30 23:39:51,260 [grpc-default-executor-0] INFO  client.GrpcClientProtocolClient (GrpcClientProtocolClient.java:onNext(255)) - client-7EF960CB3D58->c9f1298e-d840-49d8-aac3-de81602aa1d5: receive RaftClientReply:client-7EF960CB3D58->c9f1298e-d840-49d8-aac3-de81602aa1d5@group-E9810A644481, cid=475, SUCCESS, logIndex=675, commits[c9f1298e-d840-49d8-aac3-de81602aa1d5:c676]
2019-08-30 23:39:51,261 [grpc-default-executor-0] INFO  client.GrpcClientProtocolClient (GrpcClientProtocolClient.java:onNext(255)) - client-7EF960CB3D58->c9f1298e-d840-49d8-aac3-de81602aa1d5: receive RaftClientReply:client-7EF960CB3D58->c9f1298e-d840-49d8-aac3-de81602aa1d5@group-E9810A644481, cid=476, SUCCESS, logIndex=676, commits[c9f1298e-d840-49d8-aac3-de81602aa1d5:c676]
2019-08-30 23:39:51,271 [SCMBlockDeletingService#1] DEBUG block.SCMBlockDeletingService (SCMBlockDeletingService.java:call(138)) - Running DeletedBlockTransactionScanner
2019-08-30 23:39:51,272 [SCMBlockDeletingService#1] DEBUG block.SCMBlockDeletingService (SCMBlockDeletingService.java:call(155)) - Scanned deleted blocks log and got 0 delTX to process.
2019-08-30 23:39:51,294 [grpc-default-executor-1] INFO  client.GrpcClientProtocolClient (GrpcClientProtocolClient.java:onNext(255)) - client-7EF960CB3D58->c9f1298e-d840-49d8-aac3-de81602aa1d5: receive RaftClientReply:client-7EF960CB3D58->c9f1298e-d840-49d8-aac3-de81602aa1d5@group-E9810A644481, cid=477, SUCCESS, logIndex=678, commits[c9f1298e-d840-49d8-aac3-de81602aa1d5:c679]
2019-08-30 23:39:51,294 [grpc-default-executor-1] INFO  client.GrpcClientProtocolClient (GrpcClientProtocolClient.java:onNext(255)) - client-7EF960CB3D58->c9f1298e-d840-49d8-aac3-de81602aa1d5: receive RaftClientReply:client-7EF960CB3D58->c9f1298e-d840-49d8-aac3-de81602aa1d5@group-E9810A644481, cid=478, SUCCESS, logIndex=679, commits[c9f1298e-d840-49d8-aac3-de81602aa1d5:c679]
2019-08-30 23:39:51,303 [grpc-default-executor-1] INFO  client.GrpcClientProtocolClient (GrpcClientProtocolClient.java:onNext(255)) - client-7EF960CB3D58->c9f1298e-d840-49d8-aac3-de81602aa1d5: receive RaftClientReply:client-7EF960CB3D58->c9f1298e-d840-49d8-aac3-de81602aa1d5@group-E9810A644481, cid=479, SUCCESS, logIndex=680, commits[c9f1298e-d840-49d8-aac3-de81602aa1d5:c681]
2019-08-30 23:39:51,303 [grpc-default-executor-1] INFO  client.GrpcClientProtocolClient (GrpcClientProtocolClient.java:onNext(255)) - client-7EF960CB3D58->c9f1298e-d840-49d8-aac3-de81602aa1d5: receive RaftClientReply:client-7EF960CB3D58->c9f1298e-d840-49d8-aac3-de81602aa1d5@group-E9810A644481, cid=480, SUCCESS, logIndex=681, commits[c9f1298e-d840-49d8-aac3-de81602aa1d5:c681]
2019-08-30 23:39:51,326 [grpc-default-executor-1] INFO  client.GrpcClientProtocolClient (GrpcClientProtocolClient.java:onNext(255)) - client-7EF960CB3D58->c9f1298e-d840-49d8-aac3-de81602aa1d5: receive RaftClientReply:client-7EF960CB3D58->c9f1298e-d840-49d8-aac3-de81602aa1d5@group-E9810A644481, cid=481, SUCCESS, logIndex=684, commits[c9f1298e-d840-49d8-aac3-de81602aa1d5:c687]
2019-08-30 23:39:51,327 [grpc-default-executor-1] INFO  client.GrpcClientProtocolClient (GrpcClientProtocolClient.java:onNext(255)) - client-7EF960CB3D58->c9f1298e-d840-49d8-aac3-de81602aa1d5: receive RaftClientReply:client-7EF960CB3D58->c9f1298e-d840-49d8-aac3-de81602aa1d5@group-E9810A644481, cid=482, SUCCESS, logIndex=685, commits[c9f1298e-d840-49d8-aac3-de81602aa1d5:c688]
2019-08-30 23:39:51,327 [grpc-default-executor-1] INFO  client.GrpcClientProtocolClient (GrpcClientProtocolClient.java:onNext(255)) - client-7EF960CB3D58->c9f1298e-d840-49d8-aac3-de81602aa1d5: receive RaftClientReply:client-7EF960CB3D58->c9f1298e-d840-49d8-aac3-de81602aa1d5@group-E9810A644481, cid=483, SUCCESS, logIndex=686, commits[c9f1298e-d840-49d8-aac3-de81602aa1d5:c688]
2019-08-30 23:39:51,327 [grpc-default-executor-1] INFO  client.GrpcClientProtocolClient (GrpcClientProtocolClient.java:onNext(255)) - client-7EF960CB3D58->c9f1298e-d840-49d8-aac3-de81602aa1d5: receive RaftClientReply:client-7EF960CB3D58->c9f1298e-d840-49d8-aac3-de81602aa1d5@group-E9810A644481, cid=484, SUCCESS, logIndex=687, commits[c9f1298e-d840-49d8-aac3-de81602aa1d5:c688]
2019-08-30 23:39:51,352 [grpc-default-executor-0] INFO  client.GrpcClientProtocolClient (GrpcClientProtocolClient.java:onNext(255)) - client-7EF960CB3D58->c9f1298e-d840-49d8-aac3-de81602aa1d5: receive RaftClientReply:client-7EF960CB3D58->c9f1298e-d840-49d8-aac3-de81602aa1d5@group-E9810A644481, cid=485, SUCCESS, logIndex=689, commits[c9f1298e-d840-49d8-aac3-de81602aa1d5:c690]
2019-08-30 23:39:51,353 [grpc-default-executor-0] INFO  client.GrpcClientProtocolClient (GrpcClientProtocolClient.java:onNext(255)) - client-7EF960CB3D58->c9f1298e-d840-49d8-aac3-de81602aa1d5: receive RaftClientReply:client-7EF960CB3D58->c9f1298e-d840-49d8-aac3-de81602aa1d5@group-E9810A644481, cid=486, SUCCESS, logIndex=690, commits[c9f1298e-d840-49d8-aac3-de81602aa1d5:c690]
2019-08-30 23:39:51,372 [SCMBlockDeletingService#0] DEBUG block.SCMBlockDeletingService (SCMBlockDeletingService.java:call(138)) - Running DeletedBlockTransactionScanner
2019-08-30 23:39:51,372 [SCMBlockDeletingService#0] DEBUG block.SCMBlockDeletingService (SCMBlockDeletingService.java:call(155)) - Scanned deleted blocks log and got 0 delTX to process.
2019-08-30 23:39:51,442 [grpc-default-executor-1] INFO  client.GrpcClientProtocolClient (GrpcClientProtocolClient.java:onNext(255)) - client-7EF960CB3D58->c9f1298e-d840-49d8-aac3-de81602aa1d5: receive RaftClientReply:client-7EF960CB3D58->c9f1298e-d840-49d8-aac3-de81602aa1d5@group-E9810A644481, cid=487, SUCCESS, logIndex=692, commits[c9f1298e-d840-49d8-aac3-de81602aa1d5:c693]
2019-08-30 23:39:51,442 [grpc-default-executor-1] INFO  client.GrpcClientProtocolClient (GrpcClientProtocolClient.java:onNext(255)) - client-7EF960CB3D58->c9f1298e-d840-49d8-aac3-de81602aa1d5: receive RaftClientReply:client-7EF960CB3D58->c9f1298e-d840-49d8-aac3-de81602aa1d5@group-E9810A644481, cid=488, SUCCESS, logIndex=693, commits[c9f1298e-d840-49d8-aac3-de81602aa1d5:c693]
2019-08-30 23:39:51,473 [SCMBlockDeletingService#0] DEBUG block.SCMBlockDeletingService (SCMBlockDeletingService.java:call(138)) - Running DeletedBlockTransactionScanner
2019-08-30 23:39:51,473 [SCMBlockDeletingService#0] DEBUG block.SCMBlockDeletingService (SCMBlockDeletingService.java:call(155)) - Scanned deleted blocks log and got 0 delTX to process.
2019-08-30 23:39:51,510 [grpc-default-executor-1] INFO  client.GrpcClientProtocolClient (GrpcClientProtocolClient.java:onNext(255)) - client-7EF960CB3D58->c9f1298e-d840-49d8-aac3-de81602aa1d5: receive RaftClientReply:client-7EF960CB3D58->c9f1298e-d840-49d8-aac3-de81602aa1d5@group-E9810A644481, cid=489, SUCCESS, logIndex=695, commits[c9f1298e-d840-49d8-aac3-de81602aa1d5:c698]
2019-08-30 23:39:51,511 [grpc-default-executor-1] INFO  client.GrpcClientProtocolClient (GrpcClientProtocolClient.java:onNext(255)) - client-7EF960CB3D58->c9f1298e-d840-49d8-aac3-de81602aa1d5: receive RaftClientReply:client-7EF960CB3D58->c9f1298e-d840-49d8-aac3-de81602aa1d5@group-E9810A644481, cid=490, SUCCESS, logIndex=696, commits[c9f1298e-d840-49d8-aac3-de81602aa1d5:c699]
2019-08-30 23:39:51,512 [grpc-default-executor-1] INFO  client.GrpcClientProtocolClient (GrpcClientProtocolClient.java:onNext(255)) - client-7EF960CB3D58->c9f1298e-d840-49d8-aac3-de81602aa1d5: receive RaftClientReply:client-7EF960CB3D58->c9f1298e-d840-49d8-aac3-de81602aa1d5@group-E9810A644481, cid=491, SUCCESS, logIndex=697, commits[c9f1298e-d840-49d8-aac3-de81602aa1d5:c699]
2019-08-30 23:39:51,512 [grpc-default-executor-1] INFO  client.GrpcClientProtocolClient (GrpcClientProtocolClient.java:onNext(255)) - client-7EF960CB3D58->c9f1298e-d840-49d8-aac3-de81602aa1d5: receive RaftClientReply:client-7EF960CB3D58->c9f1298e-d840-49d8-aac3-de81602aa1d5@group-E9810A644481, cid=492, SUCCESS, logIndex=698, commits[c9f1298e-d840-49d8-aac3-de81602aa1d5:c699]
2019-08-30 23:39:51,532 [grpc-default-executor-0] INFO  client.GrpcClientProtocolClient (GrpcClientProtocolClient.java:onNext(255)) - client-7EF960CB3D58->c9f1298e-d840-49d8-aac3-de81602aa1d5: receive RaftClientReply:client-7EF960CB3D58->c9f1298e-d840-49d8-aac3-de81602aa1d5@group-E9810A644481, cid=493, SUCCESS, logIndex=700, commits[c9f1298e-d840-49d8-aac3-de81602aa1d5:c701]
2019-08-30 23:39:51,533 [grpc-default-executor-0] INFO  client.GrpcClientProtocolClient (GrpcClientProtocolClient.java:onNext(255)) - client-7EF960CB3D58->c9f1298e-d840-49d8-aac3-de81602aa1d5: receive RaftClientReply:client-7EF960CB3D58->c9f1298e-d840-49d8-aac3-de81602aa1d5@group-E9810A644481, cid=494, SUCCESS, logIndex=701, commits[c9f1298e-d840-49d8-aac3-de81602aa1d5:c701]
2019-08-30 23:39:51,535 [grpc-default-executor-0] INFO  client.GrpcClientProtocolClient (GrpcClientProtocolClient.java:onNext(255)) - client-7EF960CB3D58->c9f1298e-d840-49d8-aac3-de81602aa1d5: receive RaftClientReply:client-7EF960CB3D58->c9f1298e-d840-49d8-aac3-de81602aa1d5@group-E9810A644481, cid=495, SUCCESS, logIndex=702, commits[c9f1298e-d840-49d8-aac3-de81602aa1d5:c703]
2019-08-30 23:39:51,536 [grpc-default-executor-0] INFO  client.GrpcClientProtocolClient (GrpcClientProtocolClient.java:onNext(255)) - client-7EF960CB3D58->c9f1298e-d840-49d8-aac3-de81602aa1d5: receive RaftClientReply:client-7EF960CB3D58->c9f1298e-d840-49d8-aac3-de81602aa1d5@group-E9810A644481, cid=496, SUCCESS, logIndex=703, commits[c9f1298e-d840-49d8-aac3-de81602aa1d5:c703]
2019-08-30 23:39:51,617 [SCMBlockDeletingService#0] DEBUG block.SCMBlockDeletingService (SCMBlockDeletingService.java:call(138)) - Running DeletedBlockTransactionScanner
2019-08-30 23:39:51,617 [SCMBlockDeletingService#0] DEBUG block.SCMBlockDeletingService (SCMBlockDeletingService.java:call(155)) - Scanned deleted blocks log and got 0 delTX to process.
2019-08-30 23:39:51,627 [grpc-default-executor-1] INFO  client.GrpcClientProtocolClient (GrpcClientProtocolClient.java:onNext(255)) - client-7EF960CB3D58->c9f1298e-d840-49d8-aac3-de81602aa1d5: receive RaftClientReply:client-7EF960CB3D58->c9f1298e-d840-49d8-aac3-de81602aa1d5@group-E9810A644481, cid=497, SUCCESS, logIndex=706, commits[c9f1298e-d840-49d8-aac3-de81602aa1d5:c707]
2019-08-30 23:39:51,627 [grpc-default-executor-1] INFO  client.GrpcClientProtocolClient (GrpcClientProtocolClient.java:onNext(255)) - client-7EF960CB3D58->c9f1298e-d840-49d8-aac3-de81602aa1d5: receive RaftClientReply:client-7EF960CB3D58->c9f1298e-d840-49d8-aac3-de81602aa1d5@group-E9810A644481, cid=498, SUCCESS, logIndex=707, commits[c9f1298e-d840-49d8-aac3-de81602aa1d5:c707]
2019-08-30 23:39:51,636 [grpc-default-executor-1] INFO  client.GrpcClientProtocolClient (GrpcClientProtocolClient.java:onNext(255)) - client-7EF960CB3D58->c9f1298e-d840-49d8-aac3-de81602aa1d5: receive RaftClientReply:client-7EF960CB3D58->c9f1298e-d840-49d8-aac3-de81602aa1d5@group-E9810A644481, cid=499, SUCCESS, logIndex=708, commits[c9f1298e-d840-49d8-aac3-de81602aa1d5:c709]
2019-08-30 23:39:51,637 [grpc-default-executor-1] INFO  client.GrpcClientProtocolClient (GrpcClientProtocolClient.java:onNext(255)) - client-7EF960CB3D58->c9f1298e-d840-49d8-aac3-de81602aa1d5: receive RaftClientReply:client-7EF960CB3D58->c9f1298e-d840-49d8-aac3-de81602aa1d5@group-E9810A644481, cid=500, SUCCESS, logIndex=709, commits[c9f1298e-d840-49d8-aac3-de81602aa1d5:c709]
2019-08-30 23:39:51,661 [grpc-default-executor-1] INFO  client.GrpcClientProtocolClient (GrpcClientProtocolClient.java:onNext(255)) - client-7EF960CB3D58->c9f1298e-d840-49d8-aac3-de81602aa1d5: receive RaftClientReply:client-7EF960CB3D58->c9f1298e-d840-49d8-aac3-de81602aa1d5@group-E9810A644481, cid=501, SUCCESS, logIndex=712, commits[c9f1298e-d840-49d8-aac3-de81602aa1d5:c715]
2019-08-30 23:39:51,661 [grpc-default-executor-1] INFO  client.GrpcClientProtocolClient (GrpcClientProtocolClient.java:onNext(255)) - client-7EF960CB3D58->c9f1298e-d840-49d8-aac3-de81602aa1d5: receive RaftClientReply:client-7EF960CB3D58->c9f1298e-d840-49d8-aac3-de81602aa1d5@group-E9810A644481, cid=502, SUCCESS, logIndex=713, commits[c9f1298e-d840-49d8-aac3-de81602aa1d5:c715]
2019-08-30 23:39:51,662 [grpc-default-executor-1] INFO  client.GrpcClientProtocolClient (GrpcClientProtocolClient.java:onNext(255)) - client-7EF960CB3D58->c9f1298e-d840-49d8-aac3-de81602aa1d5: receive RaftClientReply:client-7EF960CB3D58->c9f1298e-d840-49d8-aac3-de81602aa1d5@group-E9810A644481, cid=503, SUCCESS, logIndex=714, commits[c9f1298e-d840-49d8-aac3-de81602aa1d5:c715]
2019-08-30 23:39:51,662 [grpc-default-executor-1] INFO  client.GrpcClientProtocolClient (GrpcClientProtocolClient.java:onNext(255)) - client-7EF960CB3D58->c9f1298e-d840-49d8-aac3-de81602aa1d5: receive RaftClientReply:client-7EF960CB3D58->c9f1298e-d840-49d8-aac3-de81602aa1d5@group-E9810A644481, cid=504, SUCCESS, logIndex=715, commits[c9f1298e-d840-49d8-aac3-de81602aa1d5:c715]
2019-08-30 23:39:51,717 [SCMBlockDeletingService#0] DEBUG block.SCMBlockDeletingService (SCMBlockDeletingService.java:call(138)) - Running DeletedBlockTransactionScanner
2019-08-30 23:39:51,717 [SCMBlockDeletingService#0] DEBUG block.SCMBlockDeletingService (SCMBlockDeletingService.java:call(155)) - Scanned deleted blocks log and got 0 delTX to process.
2019-08-30 23:39:51,719 [grpc-default-executor-0] INFO  client.GrpcClientProtocolClient (GrpcClientProtocolClient.java:onNext(255)) - client-7EF960CB3D58->c9f1298e-d840-49d8-aac3-de81602aa1d5: receive RaftClientReply:client-7EF960CB3D58->c9f1298e-d840-49d8-aac3-de81602aa1d5@group-E9810A644481, cid=505, SUCCESS, logIndex=717, commits[c9f1298e-d840-49d8-aac3-de81602aa1d5:c718]
2019-08-30 23:39:51,720 [grpc-default-executor-0] INFO  client.GrpcClientProtocolClient (GrpcClientProtocolClient.java:onNext(255)) - client-7EF960CB3D58->c9f1298e-d840-49d8-aac3-de81602aa1d5: receive RaftClientReply:client-7EF960CB3D58->c9f1298e-d840-49d8-aac3-de81602aa1d5@group-E9810A644481, cid=506, SUCCESS, logIndex=718, commits[c9f1298e-d840-49d8-aac3-de81602aa1d5:c720]
2019-08-30 23:39:51,720 [grpc-default-executor-0] INFO  client.GrpcClientProtocolClient (GrpcClientProtocolClient.java:onNext(255)) - client-7EF960CB3D58->c9f1298e-d840-49d8-aac3-de81602aa1d5: receive RaftClientReply:client-7EF960CB3D58->c9f1298e-d840-49d8-aac3-de81602aa1d5@group-E9810A644481, cid=507, SUCCESS, logIndex=719, commits[c9f1298e-d840-49d8-aac3-de81602aa1d5:c720]
2019-08-30 23:39:51,721 [grpc-default-executor-0] INFO  client.GrpcClientProtocolClient (GrpcClientProtocolClient.java:onNext(255)) - client-7EF960CB3D58->c9f1298e-d840-49d8-aac3-de81602aa1d5: receive RaftClientReply:client-7EF960CB3D58->c9f1298e-d840-49d8-aac3-de81602aa1d5@group-E9810A644481, cid=508, SUCCESS, logIndex=720, commits[c9f1298e-d840-49d8-aac3-de81602aa1d5:c721]
2019-08-30 23:39:51,769 [grpc-default-executor-0] INFO  client.GrpcClientProtocolClient (GrpcClientProtocolClient.java:onNext(255)) - client-7EF960CB3D58->c9f1298e-d840-49d8-aac3-de81602aa1d5: receive RaftClientReply:client-7EF960CB3D58->c9f1298e-d840-49d8-aac3-de81602aa1d5@group-E9810A644481, cid=509, SUCCESS, logIndex=723, commits[c9f1298e-d840-49d8-aac3-de81602aa1d5:c724]
2019-08-30 23:39:51,770 [grpc-default-executor-0] INFO  client.GrpcClientProtocolClient (GrpcClientProtocolClient.java:onNext(255)) - client-7EF960CB3D58->c9f1298e-d840-49d8-aac3-de81602aa1d5: receive RaftClientReply:client-7EF960CB3D58->c9f1298e-d840-49d8-aac3-de81602aa1d5@group-E9810A644481, cid=510, SUCCESS, logIndex=724, commits[c9f1298e-d840-49d8-aac3-de81602aa1d5:c724]
2019-08-30 23:39:51,774 [grpc-default-executor-0] INFO  client.GrpcClientProtocolClient (GrpcClientProtocolClient.java:onNext(255)) - client-7EF960CB3D58->c9f1298e-d840-49d8-aac3-de81602aa1d5: receive RaftClientReply:client-7EF960CB3D58->c9f1298e-d840-49d8-aac3-de81602aa1d5@group-E9810A644481, cid=511, SUCCESS, logIndex=725, commits[c9f1298e-d840-49d8-aac3-de81602aa1d5:c726]
2019-08-30 23:39:51,775 [grpc-default-executor-0] INFO  client.GrpcClientProtocolClient (GrpcClientProtocolClient.java:onNext(255)) - client-7EF960CB3D58->c9f1298e-d840-49d8-aac3-de81602aa1d5: receive RaftClientReply:client-7EF960CB3D58->c9f1298e-d840-49d8-aac3-de81602aa1d5@group-E9810A644481, cid=512, SUCCESS, logIndex=726, commits[c9f1298e-d840-49d8-aac3-de81602aa1d5:c726]
2019-08-30 23:39:51,802 [grpc-default-executor-0] INFO  client.GrpcClientProtocolClient (GrpcClientProtocolClient.java:onNext(255)) - client-7EF960CB3D58->c9f1298e-d840-49d8-aac3-de81602aa1d5: receive RaftClientReply:client-7EF960CB3D58->c9f1298e-d840-49d8-aac3-de81602aa1d5@group-E9810A644481, cid=513, SUCCESS, logIndex=729, commits[c9f1298e-d840-49d8-aac3-de81602aa1d5:c730]
2019-08-30 23:39:51,803 [grpc-default-executor-0] INFO  client.GrpcClientProtocolClient (GrpcClientProtocolClient.java:onNext(255)) - client-7EF960CB3D58->c9f1298e-d840-49d8-aac3-de81602aa1d5: receive RaftClientReply:client-7EF960CB3D58->c9f1298e-d840-49d8-aac3-de81602aa1d5@group-E9810A644481, cid=514, SUCCESS, logIndex=730, commits[c9f1298e-d840-49d8-aac3-de81602aa1d5:c730]
2019-08-30 23:39:51,811 [grpc-default-executor-0] INFO  client.GrpcClientProtocolClient (GrpcClientProtocolClient.java:onNext(255)) - client-7EF960CB3D58->c9f1298e-d840-49d8-aac3-de81602aa1d5: receive RaftClientReply:client-7EF960CB3D58->c9f1298e-d840-49d8-aac3-de81602aa1d5@group-E9810A644481, cid=515, SUCCESS, logIndex=731, commits[c9f1298e-d840-49d8-aac3-de81602aa1d5:c732]
2019-08-30 23:39:51,812 [grpc-default-executor-0] INFO  client.GrpcClientProtocolClient (GrpcClientProtocolClient.java:onNext(255)) - client-7EF960CB3D58->c9f1298e-d840-49d8-aac3-de81602aa1d5: receive RaftClientReply:client-7EF960CB3D58->c9f1298e-d840-49d8-aac3-de81602aa1d5@group-E9810A644481, cid=516, SUCCESS, logIndex=732, commits[c9f1298e-d840-49d8-aac3-de81602aa1d5:c732]
2019-08-30 23:39:51,818 [SCMBlockDeletingService#0] DEBUG block.SCMBlockDeletingService (SCMBlockDeletingService.java:call(138)) - Running DeletedBlockTransactionScanner
2019-08-30 23:39:51,818 [SCMBlockDeletingService#0] DEBUG block.SCMBlockDeletingService (SCMBlockDeletingService.java:call(155)) - Scanned deleted blocks log and got 0 delTX to process.
2019-08-30 23:39:51,831 [grpc-default-executor-0] INFO  client.GrpcClientProtocolClient (GrpcClientProtocolClient.java:onNext(255)) - client-7EF960CB3D58->c9f1298e-d840-49d8-aac3-de81602aa1d5: receive RaftClientReply:client-7EF960CB3D58->c9f1298e-d840-49d8-aac3-de81602aa1d5@group-E9810A644481, cid=517, SUCCESS, logIndex=735, commits[c9f1298e-d840-49d8-aac3-de81602aa1d5:c736]
2019-08-30 23:39:51,832 [grpc-default-executor-0] INFO  client.GrpcClientProtocolClient (GrpcClientProtocolClient.java:onNext(255)) - client-7EF960CB3D58->c9f1298e-d840-49d8-aac3-de81602aa1d5: receive RaftClientReply:client-7EF960CB3D58->c9f1298e-d840-49d8-aac3-de81602aa1d5@group-E9810A644481, cid=518, SUCCESS, logIndex=736, commits[c9f1298e-d840-49d8-aac3-de81602aa1d5:c736]
2019-08-30 23:39:51,837 [grpc-default-executor-0] INFO  client.GrpcClientProtocolClient (GrpcClientProtocolClient.java:onNext(255)) - client-7EF960CB3D58->c9f1298e-d840-49d8-aac3-de81602aa1d5: receive RaftClientReply:client-7EF960CB3D58->c9f1298e-d840-49d8-aac3-de81602aa1d5@group-E9810A644481, cid=519, SUCCESS, logIndex=737, commits[c9f1298e-d840-49d8-aac3-de81602aa1d5:c738]
2019-08-30 23:39:51,838 [grpc-default-executor-0] INFO  client.GrpcClientProtocolClient (GrpcClientProtocolClient.java:onNext(255)) - client-7EF960CB3D58->c9f1298e-d840-49d8-aac3-de81602aa1d5: receive RaftClientReply:client-7EF960CB3D58->c9f1298e-d840-49d8-aac3-de81602aa1d5@group-E9810A644481, cid=520, SUCCESS, logIndex=738, commits[c9f1298e-d840-49d8-aac3-de81602aa1d5:c738]
2019-08-30 23:39:51,872 [grpc-default-executor-0] INFO  client.GrpcClientProtocolClient (GrpcClientProtocolClient.java:onNext(255)) - client-7EF960CB3D58->c9f1298e-d840-49d8-aac3-de81602aa1d5: receive RaftClientReply:client-7EF960CB3D58->c9f1298e-d840-49d8-aac3-de81602aa1d5@group-E9810A644481, cid=521, SUCCESS, logIndex=741, commits[c9f1298e-d840-49d8-aac3-de81602aa1d5:c742]
2019-08-30 23:39:51,873 [grpc-default-executor-0] INFO  client.GrpcClientProtocolClient (GrpcClientProtocolClient.java:onNext(255)) - client-7EF960CB3D58->c9f1298e-d840-49d8-aac3-de81602aa1d5: receive RaftClientReply:client-7EF960CB3D58->c9f1298e-d840-49d8-aac3-de81602aa1d5@group-E9810A644481, cid=522, SUCCESS, logIndex=742, commits[c9f1298e-d840-49d8-aac3-de81602aa1d5:c742]
2019-08-30 23:39:51,883 [grpc-default-executor-0] INFO  client.GrpcClientProtocolClient (GrpcClientProtocolClient.java:onNext(255)) - client-7EF960CB3D58->c9f1298e-d840-49d8-aac3-de81602aa1d5: receive RaftClientReply:client-7EF960CB3D58->c9f1298e-d840-49d8-aac3-de81602aa1d5@group-E9810A644481, cid=523, SUCCESS, logIndex=743, commits[c9f1298e-d840-49d8-aac3-de81602aa1d5:c744]
2019-08-30 23:39:51,883 [grpc-default-executor-0] INFO  client.GrpcClientProtocolClient (GrpcClientProtocolClient.java:onNext(255)) - client-7EF960CB3D58->c9f1298e-d840-49d8-aac3-de81602aa1d5: receive RaftClientReply:client-7EF960CB3D58->c9f1298e-d840-49d8-aac3-de81602aa1d5@group-E9810A644481, cid=524, SUCCESS, logIndex=744, commits[c9f1298e-d840-49d8-aac3-de81602aa1d5:c744]
2019-08-30 23:39:51,904 [grpc-default-executor-1] INFO  client.GrpcClientProtocolClient (GrpcClientProtocolClient.java:onNext(255)) - client-7EF960CB3D58->c9f1298e-d840-49d8-aac3-de81602aa1d5: receive RaftClientReply:client-7EF960CB3D58->c9f1298e-d840-49d8-aac3-de81602aa1d5@group-E9810A644481, cid=525, SUCCESS, logIndex=747, commits[c9f1298e-d840-49d8-aac3-de81602aa1d5:c748]
2019-08-30 23:39:51,904 [grpc-default-executor-1] INFO  client.GrpcClientProtocolClient (GrpcClientProtocolClient.java:onNext(255)) - client-7EF960CB3D58->c9f1298e-d840-49d8-aac3-de81602aa1d5: receive RaftClientReply:client-7EF960CB3D58->c9f1298e-d840-49d8-aac3-de81602aa1d5@group-E9810A644481, cid=526, SUCCESS, logIndex=748, commits[c9f1298e-d840-49d8-aac3-de81602aa1d5:c748]
2019-08-30 23:39:51,905 [grpc-default-executor-1] INFO  client.GrpcClientProtocolClient (GrpcClientProtocolClient.java:onNext(255)) - client-7EF960CB3D58->c9f1298e-d840-49d8-aac3-de81602aa1d5: receive RaftClientReply:client-7EF960CB3D58->c9f1298e-d840-49d8-aac3-de81602aa1d5@group-E9810A644481, cid=527, SUCCESS, logIndex=749, commits[c9f1298e-d840-49d8-aac3-de81602aa1d5:c750]
2019-08-30 23:39:51,905 [grpc-default-executor-1] INFO  client.GrpcClientProtocolClient (GrpcClientProtocolClient.java:onNext(255)) - client-7EF960CB3D58->c9f1298e-d840-49d8-aac3-de81602aa1d5: receive RaftClientReply:client-7EF960CB3D58->c9f1298e-d840-49d8-aac3-de81602aa1d5@group-E9810A644481, cid=528, SUCCESS, logIndex=750, commits[c9f1298e-d840-49d8-aac3-de81602aa1d5:c750]
2019-08-30 23:39:51,918 [SCMBlockDeletingService#0] DEBUG block.SCMBlockDeletingService (SCMBlockDeletingService.java:call(138)) - Running DeletedBlockTransactionScanner
2019-08-30 23:39:51,919 [SCMBlockDeletingService#0] DEBUG block.SCMBlockDeletingService (SCMBlockDeletingService.java:call(155)) - Scanned deleted blocks log and got 0 delTX to process.
2019-08-30 23:39:51,930 [grpc-default-executor-0] INFO  client.GrpcClientProtocolClient (GrpcClientProtocolClient.java:onNext(255)) - client-7EF960CB3D58->c9f1298e-d840-49d8-aac3-de81602aa1d5: receive RaftClientReply:client-7EF960CB3D58->c9f1298e-d840-49d8-aac3-de81602aa1d5@group-E9810A644481, cid=529, SUCCESS, logIndex=753, commits[c9f1298e-d840-49d8-aac3-de81602aa1d5:c754]
2019-08-30 23:39:51,930 [grpc-default-executor-0] INFO  client.GrpcClientProtocolClient (GrpcClientProtocolClient.java:onNext(255)) - client-7EF960CB3D58->c9f1298e-d840-49d8-aac3-de81602aa1d5: receive RaftClientReply:client-7EF960CB3D58->c9f1298e-d840-49d8-aac3-de81602aa1d5@group-E9810A644481, cid=530, SUCCESS, logIndex=754, commits[c9f1298e-d840-49d8-aac3-de81602aa1d5:c754]
2019-08-30 23:39:52,019 [SCMBlockDeletingService#0] DEBUG block.SCMBlockDeletingService (SCMBlockDeletingService.java:call(138)) - Running DeletedBlockTransactionScanner
2019-08-30 23:39:52,019 [SCMBlockDeletingService#0] DEBUG block.SCMBlockDeletingService (SCMBlockDeletingService.java:call(155)) - Scanned deleted blocks log and got 0 delTX to process.
2019-08-30 23:39:52,056 [grpc-default-executor-1] INFO  client.GrpcClientProtocolClient (GrpcClientProtocolClient.java:onNext(255)) - client-7EF960CB3D58->c9f1298e-d840-49d8-aac3-de81602aa1d5: receive RaftClientReply:client-7EF960CB3D58->c9f1298e-d840-49d8-aac3-de81602aa1d5@group-E9810A644481, cid=531, SUCCESS, logIndex=756, commits[c9f1298e-d840-49d8-aac3-de81602aa1d5:c757]
2019-08-30 23:39:52,057 [grpc-default-executor-1] INFO  client.GrpcClientProtocolClient (GrpcClientProtocolClient.java:onNext(255)) - client-7EF960CB3D58->c9f1298e-d840-49d8-aac3-de81602aa1d5: receive RaftClientReply:client-7EF960CB3D58->c9f1298e-d840-49d8-aac3-de81602aa1d5@group-E9810A644481, cid=532, SUCCESS, logIndex=757, commits[c9f1298e-d840-49d8-aac3-de81602aa1d5:c757]
2019-08-30 23:39:52,075 [grpc-default-executor-1] INFO  client.GrpcClientProtocolClient (GrpcClientProtocolClient.java:onNext(255)) - client-7EF960CB3D58->c9f1298e-d840-49d8-aac3-de81602aa1d5: receive RaftClientReply:client-7EF960CB3D58->c9f1298e-d840-49d8-aac3-de81602aa1d5@group-E9810A644481, cid=533, SUCCESS, logIndex=759, commits[c9f1298e-d840-49d8-aac3-de81602aa1d5:c760]
2019-08-30 23:39:52,075 [grpc-default-executor-1] INFO  client.GrpcClientProtocolClient (GrpcClientProtocolClient.java:onNext(255)) - client-7EF960CB3D58->c9f1298e-d840-49d8-aac3-de81602aa1d5: receive RaftClientReply:client-7EF960CB3D58->c9f1298e-d840-49d8-aac3-de81602aa1d5@group-E9810A644481, cid=534, SUCCESS, logIndex=760, commits[c9f1298e-d840-49d8-aac3-de81602aa1d5:c762]
2019-08-30 23:39:52,076 [grpc-default-executor-1] INFO  client.GrpcClientProtocolClient (GrpcClientProtocolClient.java:onNext(255)) - client-7EF960CB3D58->c9f1298e-d840-49d8-aac3-de81602aa1d5: receive RaftClientReply:client-7EF960CB3D58->c9f1298e-d840-49d8-aac3-de81602aa1d5@group-E9810A644481, cid=535, SUCCESS, logIndex=761, commits[c9f1298e-d840-49d8-aac3-de81602aa1d5:c762]
2019-08-30 23:39:52,076 [grpc-default-executor-1] INFO  client.GrpcClientProtocolClient (GrpcClientProtocolClient.java:onNext(255)) - client-7EF960CB3D58->c9f1298e-d840-49d8-aac3-de81602aa1d5: receive RaftClientReply:client-7EF960CB3D58->c9f1298e-d840-49d8-aac3-de81602aa1d5@group-E9810A644481, cid=536, SUCCESS, logIndex=762, commits[c9f1298e-d840-49d8-aac3-de81602aa1d5:c762]
2019-08-30 23:39:52,117 [grpc-default-executor-1] INFO  client.GrpcClientProtocolClient (GrpcClientProtocolClient.java:onNext(255)) - client-7EF960CB3D58->c9f1298e-d840-49d8-aac3-de81602aa1d5: receive RaftClientReply:client-7EF960CB3D58->c9f1298e-d840-49d8-aac3-de81602aa1d5@group-E9810A644481, cid=537, SUCCESS, logIndex=765, commits[c9f1298e-d840-49d8-aac3-de81602aa1d5:c766]
2019-08-30 23:39:52,118 [grpc-default-executor-1] INFO  client.GrpcClientProtocolClient (GrpcClientProtocolClient.java:onNext(255)) - client-7EF960CB3D58->c9f1298e-d840-49d8-aac3-de81602aa1d5: receive RaftClientReply:client-7EF960CB3D58->c9f1298e-d840-49d8-aac3-de81602aa1d5@group-E9810A644481, cid=538, SUCCESS, logIndex=766, commits[c9f1298e-d840-49d8-aac3-de81602aa1d5:c766]
2019-08-30 23:39:52,120 [SCMBlockDeletingService#0] DEBUG block.SCMBlockDeletingService (SCMBlockDeletingService.java:call(138)) - Running DeletedBlockTransactionScanner
2019-08-30 23:39:52,120 [SCMBlockDeletingService#0] DEBUG block.SCMBlockDeletingService (SCMBlockDeletingService.java:call(155)) - Scanned deleted blocks log and got 0 delTX to process.
2019-08-30 23:39:52,128 [grpc-default-executor-1] INFO  client.GrpcClientProtocolClient (GrpcClientProtocolClient.java:onNext(255)) - client-7EF960CB3D58->c9f1298e-d840-49d8-aac3-de81602aa1d5: receive RaftClientReply:client-7EF960CB3D58->c9f1298e-d840-49d8-aac3-de81602aa1d5@group-E9810A644481, cid=539, SUCCESS, logIndex=767, commits[c9f1298e-d840-49d8-aac3-de81602aa1d5:c768]
2019-08-30 23:39:52,129 [grpc-default-executor-1] INFO  client.GrpcClientProtocolClient (GrpcClientProtocolClient.java:onNext(255)) - client-7EF960CB3D58->c9f1298e-d840-49d8-aac3-de81602aa1d5: receive RaftClientReply:client-7EF960CB3D58->c9f1298e-d840-49d8-aac3-de81602aa1d5@group-E9810A644481, cid=540, SUCCESS, logIndex=768, commits[c9f1298e-d840-49d8-aac3-de81602aa1d5:c768]
2019-08-30 23:39:52,149 [grpc-default-executor-1] INFO  client.GrpcClientProtocolClient (GrpcClientProtocolClient.java:onNext(255)) - client-7EF960CB3D58->c9f1298e-d840-49d8-aac3-de81602aa1d5: receive RaftClientReply:client-7EF960CB3D58->c9f1298e-d840-49d8-aac3-de81602aa1d5@group-E9810A644481, cid=541, SUCCESS, logIndex=771, commits[c9f1298e-d840-49d8-aac3-de81602aa1d5:c772]
2019-08-30 23:39:52,149 [grpc-default-executor-1] INFO  client.GrpcClientProtocolClient (GrpcClientProtocolClient.java:onNext(255)) - client-7EF960CB3D58->c9f1298e-d840-49d8-aac3-de81602aa1d5: receive RaftClientReply:client-7EF960CB3D58->c9f1298e-d840-49d8-aac3-de81602aa1d5@group-E9810A644481, cid=542, SUCCESS, logIndex=772, commits[c9f1298e-d840-49d8-aac3-de81602aa1d5:c772]
2019-08-30 23:39:52,153 [grpc-default-executor-1] INFO  client.GrpcClientProtocolClient (GrpcClientProtocolClient.java:onNext(255)) - client-7EF960CB3D58->c9f1298e-d840-49d8-aac3-de81602aa1d5: receive RaftClientReply:client-7EF960CB3D58->c9f1298e-d840-49d8-aac3-de81602aa1d5@group-E9810A644481, cid=543, SUCCESS, logIndex=773, commits[c9f1298e-d840-49d8-aac3-de81602aa1d5:c774]
2019-08-30 23:39:52,153 [grpc-default-executor-1] INFO  client.GrpcClientProtocolClient (GrpcClientProtocolClient.java:onNext(255)) - client-7EF960CB3D58->c9f1298e-d840-49d8-aac3-de81602aa1d5: receive RaftClientReply:client-7EF960CB3D58->c9f1298e-d840-49d8-aac3-de81602aa1d5@group-E9810A644481, cid=544, SUCCESS, logIndex=774, commits[c9f1298e-d840-49d8-aac3-de81602aa1d5:c774]
2019-08-30 23:39:52,181 [grpc-default-executor-1] INFO  client.GrpcClientProtocolClient (GrpcClientProtocolClient.java:onNext(255)) - client-7EF960CB3D58->c9f1298e-d840-49d8-aac3-de81602aa1d5: receive RaftClientReply:client-7EF960CB3D58->c9f1298e-d840-49d8-aac3-de81602aa1d5@group-E9810A644481, cid=545, SUCCESS, logIndex=777, commits[c9f1298e-d840-49d8-aac3-de81602aa1d5:c778]
2019-08-30 23:39:52,182 [grpc-default-executor-1] INFO  client.GrpcClientProtocolClient (GrpcClientProtocolClient.java:onNext(255)) - client-7EF960CB3D58->c9f1298e-d840-49d8-aac3-de81602aa1d5: receive RaftClientReply:client-7EF960CB3D58->c9f1298e-d840-49d8-aac3-de81602aa1d5@group-E9810A644481, cid=546, SUCCESS, logIndex=778, commits[c9f1298e-d840-49d8-aac3-de81602aa1d5:c778]
2019-08-30 23:39:52,187 [grpc-default-executor-1] INFO  client.GrpcClientProtocolClient (GrpcClientProtocolClient.java:onNext(255)) - client-7EF960CB3D58->c9f1298e-d840-49d8-aac3-de81602aa1d5: receive RaftClientReply:client-7EF960CB3D58->c9f1298e-d840-49d8-aac3-de81602aa1d5@group-E9810A644481, cid=547, SUCCESS, logIndex=779, commits[c9f1298e-d840-49d8-aac3-de81602aa1d5:c780]
2019-08-30 23:39:52,187 [grpc-default-executor-1] INFO  client.GrpcClientProtocolClient (GrpcClientProtocolClient.java:onNext(255)) - client-7EF960CB3D58->c9f1298e-d840-49d8-aac3-de81602aa1d5: receive RaftClientReply:client-7EF960CB3D58->c9f1298e-d840-49d8-aac3-de81602aa1d5@group-E9810A644481, cid=548, SUCCESS, logIndex=780, commits[c9f1298e-d840-49d8-aac3-de81602aa1d5:c780]
2019-08-30 23:39:52,217 [grpc-default-executor-0] INFO  client.GrpcClientProtocolClient (GrpcClientProtocolClient.java:onNext(255)) - client-7EF960CB3D58->c9f1298e-d840-49d8-aac3-de81602aa1d5: receive RaftClientReply:client-7EF960CB3D58->c9f1298e-d840-49d8-aac3-de81602aa1d5@group-E9810A644481, cid=549, SUCCESS, logIndex=783, commits[c9f1298e-d840-49d8-aac3-de81602aa1d5:c784]
2019-08-30 23:39:52,217 [grpc-default-executor-0] INFO  client.GrpcClientProtocolClient (GrpcClientProtocolClient.java:onNext(255)) - client-7EF960CB3D58->c9f1298e-d840-49d8-aac3-de81602aa1d5: receive RaftClientReply:client-7EF960CB3D58->c9f1298e-d840-49d8-aac3-de81602aa1d5@group-E9810A644481, cid=550, SUCCESS, logIndex=784, commits[c9f1298e-d840-49d8-aac3-de81602aa1d5:c784]
2019-08-30 23:39:52,220 [SCMBlockDeletingService#0] DEBUG block.SCMBlockDeletingService (SCMBlockDeletingService.java:call(138)) - Running DeletedBlockTransactionScanner
2019-08-30 23:39:52,221 [SCMBlockDeletingService#0] DEBUG block.SCMBlockDeletingService (SCMBlockDeletingService.java:call(155)) - Scanned deleted blocks log and got 0 delTX to process.
2019-08-30 23:39:52,243 [grpc-default-executor-0] INFO  client.GrpcClientProtocolClient (GrpcClientProtocolClient.java:onNext(255)) - client-7EF960CB3D58->c9f1298e-d840-49d8-aac3-de81602aa1d5: receive RaftClientReply:client-7EF960CB3D58->c9f1298e-d840-49d8-aac3-de81602aa1d5@group-E9810A644481, cid=551, SUCCESS, logIndex=785, commits[c9f1298e-d840-49d8-aac3-de81602aa1d5:c786]
2019-08-30 23:39:52,244 [grpc-default-executor-0] INFO  client.GrpcClientProtocolClient (GrpcClientProtocolClient.java:onNext(255)) - client-7EF960CB3D58->c9f1298e-d840-49d8-aac3-de81602aa1d5: receive RaftClientReply:client-7EF960CB3D58->c9f1298e-d840-49d8-aac3-de81602aa1d5@group-E9810A644481, cid=552, SUCCESS, logIndex=786, commits[c9f1298e-d840-49d8-aac3-de81602aa1d5:c786]
2019-08-30 23:39:52,268 [grpc-default-executor-0] INFO  client.GrpcClientProtocolClient (GrpcClientProtocolClient.java:onNext(255)) - client-7EF960CB3D58->c9f1298e-d840-49d8-aac3-de81602aa1d5: receive RaftClientReply:client-7EF960CB3D58->c9f1298e-d840-49d8-aac3-de81602aa1d5@group-E9810A644481, cid=553, SUCCESS, logIndex=789, commits[c9f1298e-d840-49d8-aac3-de81602aa1d5:c790]
2019-08-30 23:39:52,269 [grpc-default-executor-0] INFO  client.GrpcClientProtocolClient (GrpcClientProtocolClient.java:onNext(255)) - client-7EF960CB3D58->c9f1298e-d840-49d8-aac3-de81602aa1d5: receive RaftClientReply:client-7EF960CB3D58->c9f1298e-d840-49d8-aac3-de81602aa1d5@group-E9810A644481, cid=554, SUCCESS, logIndex=790, commits[c9f1298e-d840-49d8-aac3-de81602aa1d5:c790]
2019-08-30 23:39:52,273 [grpc-default-executor-0] INFO  client.GrpcClientProtocolClient (GrpcClientProtocolClient.java:onNext(255)) - client-7EF960CB3D58->c9f1298e-d840-49d8-aac3-de81602aa1d5: receive RaftClientReply:client-7EF960CB3D58->c9f1298e-d840-49d8-aac3-de81602aa1d5@group-E9810A644481, cid=555, SUCCESS, logIndex=791, commits[c9f1298e-d840-49d8-aac3-de81602aa1d5:c792]
2019-08-30 23:39:52,274 [grpc-default-executor-0] INFO  client.GrpcClientProtocolClient (GrpcClientProtocolClient.java:onNext(255)) - client-7EF960CB3D58->c9f1298e-d840-49d8-aac3-de81602aa1d5: receive RaftClientReply:client-7EF960CB3D58->c9f1298e-d840-49d8-aac3-de81602aa1d5@group-E9810A644481, cid=556, SUCCESS, logIndex=792, commits[c9f1298e-d840-49d8-aac3-de81602aa1d5:c792]
2019-08-30 23:39:52,287 [grpc-default-executor-0] INFO  client.GrpcClientProtocolClient (GrpcClientProtocolClient.java:onNext(255)) - client-7EF960CB3D58->c9f1298e-d840-49d8-aac3-de81602aa1d5: receive RaftClientReply:client-7EF960CB3D58->c9f1298e-d840-49d8-aac3-de81602aa1d5@group-E9810A644481, cid=557, SUCCESS, logIndex=795, commits[c9f1298e-d840-49d8-aac3-de81602aa1d5:c796]
2019-08-30 23:39:52,288 [grpc-default-executor-0] INFO  client.GrpcClientProtocolClient (GrpcClientProtocolClient.java:onNext(255)) - client-7EF960CB3D58->c9f1298e-d840-49d8-aac3-de81602aa1d5: receive RaftClientReply:client-7EF960CB3D58->c9f1298e-d840-49d8-aac3-de81602aa1d5@group-E9810A644481, cid=558, SUCCESS, logIndex=796, commits[c9f1298e-d840-49d8-aac3-de81602aa1d5:c796]
2019-08-30 23:39:52,298 [grpc-default-executor-0] INFO  client.GrpcClientProtocolClient (GrpcClientProtocolClient.java:onNext(255)) - client-7EF960CB3D58->c9f1298e-d840-49d8-aac3-de81602aa1d5: receive RaftClientReply:client-7EF960CB3D58->c9f1298e-d840-49d8-aac3-de81602aa1d5@group-E9810A644481, cid=559, SUCCESS, logIndex=797, commits[c9f1298e-d840-49d8-aac3-de81602aa1d5:c798]
2019-08-30 23:39:52,299 [grpc-default-executor-0] INFO  client.GrpcClientProtocolClient (GrpcClientProtocolClient.java:onNext(255)) - client-7EF960CB3D58->c9f1298e-d840-49d8-aac3-de81602aa1d5: receive RaftClientReply:client-7EF960CB3D58->c9f1298e-d840-49d8-aac3-de81602aa1d5@group-E9810A644481, cid=560, SUCCESS, logIndex=798, commits[c9f1298e-d840-49d8-aac3-de81602aa1d5:c798]
2019-08-30 23:39:52,321 [SCMBlockDeletingService#0] DEBUG block.SCMBlockDeletingService (SCMBlockDeletingService.java:call(138)) - Running DeletedBlockTransactionScanner
2019-08-30 23:39:52,321 [SCMBlockDeletingService#0] DEBUG block.SCMBlockDeletingService (SCMBlockDeletingService.java:call(155)) - Scanned deleted blocks log and got 0 delTX to process.
2019-08-30 23:39:52,322 [grpc-default-executor-1] INFO  client.GrpcClientProtocolClient (GrpcClientProtocolClient.java:onNext(255)) - client-7EF960CB3D58->c9f1298e-d840-49d8-aac3-de81602aa1d5: receive RaftClientReply:client-7EF960CB3D58->c9f1298e-d840-49d8-aac3-de81602aa1d5@group-E9810A644481, cid=561, SUCCESS, logIndex=801, commits[c9f1298e-d840-49d8-aac3-de81602aa1d5:c802]
2019-08-30 23:39:52,323 [grpc-default-executor-1] INFO  client.GrpcClientProtocolClient (GrpcClientProtocolClient.java:onNext(255)) - client-7EF960CB3D58->c9f1298e-d840-49d8-aac3-de81602aa1d5: receive RaftClientReply:client-7EF960CB3D58->c9f1298e-d840-49d8-aac3-de81602aa1d5@group-E9810A644481, cid=562, SUCCESS, logIndex=802, commits[c9f1298e-d840-49d8-aac3-de81602aa1d5:c802]
2019-08-30 23:39:52,327 [grpc-default-executor-1] INFO  client.GrpcClientProtocolClient (GrpcClientProtocolClient.java:onNext(255)) - client-7EF960CB3D58->c9f1298e-d840-49d8-aac3-de81602aa1d5: receive RaftClientReply:client-7EF960CB3D58->c9f1298e-d840-49d8-aac3-de81602aa1d5@group-E9810A644481, cid=563, SUCCESS, logIndex=803, commits[c9f1298e-d840-49d8-aac3-de81602aa1d5:c804]
2019-08-30 23:39:52,327 [grpc-default-executor-1] INFO  client.GrpcClientProtocolClient (GrpcClientProtocolClient.java:onNext(255)) - client-7EF960CB3D58->c9f1298e-d840-49d8-aac3-de81602aa1d5: receive RaftClientReply:client-7EF960CB3D58->c9f1298e-d840-49d8-aac3-de81602aa1d5@group-E9810A644481, cid=564, SUCCESS, logIndex=804, commits[c9f1298e-d840-49d8-aac3-de81602aa1d5:c804]
2019-08-30 23:39:52,350 [grpc-default-executor-1] INFO  client.GrpcClientProtocolClient (GrpcClientProtocolClient.java:onNext(255)) - client-7EF960CB3D58->c9f1298e-d840-49d8-aac3-de81602aa1d5: receive RaftClientReply:client-7EF960CB3D58->c9f1298e-d840-49d8-aac3-de81602aa1d5@group-E9810A644481, cid=565, SUCCESS, logIndex=807, commits[c9f1298e-d840-49d8-aac3-de81602aa1d5:c810]
2019-08-30 23:39:52,351 [grpc-default-executor-1] INFO  client.GrpcClientProtocolClient (GrpcClientProtocolClient.java:onNext(255)) - client-7EF960CB3D58->c9f1298e-d840-49d8-aac3-de81602aa1d5: receive RaftClientReply:client-7EF960CB3D58->c9f1298e-d840-49d8-aac3-de81602aa1d5@group-E9810A644481, cid=566, SUCCESS, logIndex=808, commits[c9f1298e-d840-49d8-aac3-de81602aa1d5:c810]
2019-08-30 23:39:52,351 [grpc-default-executor-1] INFO  client.GrpcClientProtocolClient (GrpcClientProtocolClient.java:onNext(255)) - client-7EF960CB3D58->c9f1298e-d840-49d8-aac3-de81602aa1d5: receive RaftClientReply:client-7EF960CB3D58->c9f1298e-d840-49d8-aac3-de81602aa1d5@group-E9810A644481, cid=567, SUCCESS, logIndex=809, commits[c9f1298e-d840-49d8-aac3-de81602aa1d5:c810]
2019-08-30 23:39:52,352 [grpc-default-executor-1] INFO  client.GrpcClientProtocolClient (GrpcClientProtocolClient.java:onNext(255)) - client-7EF960CB3D58->c9f1298e-d840-49d8-aac3-de81602aa1d5: receive RaftClientReply:client-7EF960CB3D58->c9f1298e-d840-49d8-aac3-de81602aa1d5@group-E9810A644481, cid=568, SUCCESS, logIndex=810, commits[c9f1298e-d840-49d8-aac3-de81602aa1d5:c810]
2019-08-30 23:39:52,376 [grpc-default-executor-1] INFO  client.GrpcClientProtocolClient (GrpcClientProtocolClient.java:onNext(255)) - client-7EF960CB3D58->c9f1298e-d840-49d8-aac3-de81602aa1d5: receive RaftClientReply:client-7EF960CB3D58->c9f1298e-d840-49d8-aac3-de81602aa1d5@group-E9810A644481, cid=569, SUCCESS, logIndex=812, commits[c9f1298e-d840-49d8-aac3-de81602aa1d5:c813]
2019-08-30 23:39:52,377 [grpc-default-executor-1] INFO  client.GrpcClientProtocolClient (GrpcClientProtocolClient.java:onNext(255)) - client-7EF960CB3D58->c9f1298e-d840-49d8-aac3-de81602aa1d5: receive RaftClientReply:client-7EF960CB3D58->c9f1298e-d840-49d8-aac3-de81602aa1d5@group-E9810A644481, cid=570, SUCCESS, logIndex=813, commits[c9f1298e-d840-49d8-aac3-de81602aa1d5:c813]
2019-08-30 23:39:52,384 [grpc-default-executor-1] INFO  client.GrpcClientProtocolClient (GrpcClientProtocolClient.java:onNext(255)) - client-7EF960CB3D58->c9f1298e-d840-49d8-aac3-de81602aa1d5: receive RaftClientReply:client-7EF960CB3D58->c9f1298e-d840-49d8-aac3-de81602aa1d5@group-E9810A644481, cid=571, SUCCESS, logIndex=814, commits[c9f1298e-d840-49d8-aac3-de81602aa1d5:c815]
2019-08-30 23:39:52,385 [grpc-default-executor-1] INFO  client.GrpcClientProtocolClient (GrpcClientProtocolClient.java:onNext(255)) - client-7EF960CB3D58->c9f1298e-d840-49d8-aac3-de81602aa1d5: receive RaftClientReply:client-7EF960CB3D58->c9f1298e-d840-49d8-aac3-de81602aa1d5@group-E9810A644481, cid=572, SUCCESS, logIndex=815, commits[c9f1298e-d840-49d8-aac3-de81602aa1d5:c815]
2019-08-30 23:39:52,450 [SCMBlockDeletingService#0] DEBUG block.SCMBlockDeletingService (SCMBlockDeletingService.java:call(138)) - Running DeletedBlockTransactionScanner
2019-08-30 23:39:52,451 [SCMBlockDeletingService#0] DEBUG block.SCMBlockDeletingService (SCMBlockDeletingService.java:call(155)) - Scanned deleted blocks log and got 0 delTX to process.
2019-08-30 23:39:52,551 [SCMBlockDeletingService#0] DEBUG block.SCMBlockDeletingService (SCMBlockDeletingService.java:call(138)) - Running DeletedBlockTransactionScanner
2019-08-30 23:39:52,551 [SCMBlockDeletingService#0] DEBUG block.SCMBlockDeletingService (SCMBlockDeletingService.java:call(155)) - Scanned deleted blocks log and got 0 delTX to process.
2019-08-30 23:39:52,652 [SCMBlockDeletingService#0] DEBUG block.SCMBlockDeletingService (SCMBlockDeletingService.java:call(138)) - Running DeletedBlockTransactionScanner
2019-08-30 23:39:52,652 [SCMBlockDeletingService#0] DEBUG block.SCMBlockDeletingService (SCMBlockDeletingService.java:call(155)) - Scanned deleted blocks log and got 0 delTX to process.
2019-08-30 23:39:52,752 [SCMBlockDeletingService#0] DEBUG block.SCMBlockDeletingService (SCMBlockDeletingService.java:call(138)) - Running DeletedBlockTransactionScanner
2019-08-30 23:39:52,753 [SCMBlockDeletingService#0] DEBUG block.SCMBlockDeletingService (SCMBlockDeletingService.java:call(155)) - Scanned deleted blocks log and got 0 delTX to process.
2019-08-30 23:39:52,853 [SCMBlockDeletingService#0] DEBUG block.SCMBlockDeletingService (SCMBlockDeletingService.java:call(138)) - Running DeletedBlockTransactionScanner
2019-08-30 23:39:52,853 [SCMBlockDeletingService#0] DEBUG block.SCMBlockDeletingService (SCMBlockDeletingService.java:call(155)) - Scanned deleted blocks log and got 0 delTX to process.
2019-08-30 23:39:52,954 [SCMBlockDeletingService#0] DEBUG block.SCMBlockDeletingService (SCMBlockDeletingService.java:call(138)) - Running DeletedBlockTransactionScanner
2019-08-30 23:39:52,954 [SCMBlockDeletingService#0] DEBUG block.SCMBlockDeletingService (SCMBlockDeletingService.java:call(155)) - Scanned deleted blocks log and got 0 delTX to process.
2019-08-30 23:39:53,054 [SCMBlockDeletingService#0] DEBUG block.SCMBlockDeletingService (SCMBlockDeletingService.java:call(138)) - Running DeletedBlockTransactionScanner
2019-08-30 23:39:53,055 [SCMBlockDeletingService#0] DEBUG block.SCMBlockDeletingService (SCMBlockDeletingService.java:call(155)) - Scanned deleted blocks log and got 0 delTX to process.
2019-08-30 23:39:53,083 [grpc-default-executor-0] INFO  client.GrpcClientProtocolClient (GrpcClientProtocolClient.java:onNext(255)) - client-7EF960CB3D58->c9f1298e-d840-49d8-aac3-de81602aa1d5: receive RaftClientReply:client-7EF960CB3D58->c9f1298e-d840-49d8-aac3-de81602aa1d5@group-E9810A644481, cid=573, SUCCESS, logIndex=818, commits[c9f1298e-d840-49d8-aac3-de81602aa1d5:c821]
2019-08-30 23:39:53,084 [grpc-default-executor-0] INFO  client.GrpcClientProtocolClient (GrpcClientProtocolClient.java:onNext(255)) - client-7EF960CB3D58->c9f1298e-d840-49d8-aac3-de81602aa1d5: receive RaftClientReply:client-7EF960CB3D58->c9f1298e-d840-49d8-aac3-de81602aa1d5@group-E9810A644481, cid=574, SUCCESS, logIndex=819, commits[c9f1298e-d840-49d8-aac3-de81602aa1d5:c821]
2019-08-30 23:39:53,085 [grpc-default-executor-0] INFO  client.GrpcClientProtocolClient (GrpcClientProtocolClient.java:onNext(255)) - client-7EF960CB3D58->c9f1298e-d840-49d8-aac3-de81602aa1d5: receive RaftClientReply:client-7EF960CB3D58->c9f1298e-d840-49d8-aac3-de81602aa1d5@group-E9810A644481, cid=575, SUCCESS, logIndex=820, commits[c9f1298e-d840-49d8-aac3-de81602aa1d5:c821]
2019-08-30 23:39:53,085 [grpc-default-executor-0] INFO  client.GrpcClientProtocolClient (GrpcClientProtocolClient.java:onNext(255)) - client-7EF960CB3D58->c9f1298e-d840-49d8-aac3-de81602aa1d5: receive RaftClientReply:client-7EF960CB3D58->c9f1298e-d840-49d8-aac3-de81602aa1d5@group-E9810A644481, cid=576, SUCCESS, logIndex=821, commits[c9f1298e-d840-49d8-aac3-de81602aa1d5:c821]
2019-08-30 23:39:53,118 [grpc-default-executor-0] INFO  client.GrpcClientProtocolClient (GrpcClientProtocolClient.java:onNext(255)) - client-7EF960CB3D58->c9f1298e-d840-49d8-aac3-de81602aa1d5: receive RaftClientReply:client-7EF960CB3D58->c9f1298e-d840-49d8-aac3-de81602aa1d5@group-E9810A644481, cid=577, SUCCESS, logIndex=823, commits[c9f1298e-d840-49d8-aac3-de81602aa1d5:c824]
2019-08-30 23:39:53,119 [grpc-default-executor-0] INFO  client.GrpcClientProtocolClient (GrpcClientProtocolClient.java:onNext(255)) - client-7EF960CB3D58->c9f1298e-d840-49d8-aac3-de81602aa1d5: receive RaftClientReply:client-7EF960CB3D58->c9f1298e-d840-49d8-aac3-de81602aa1d5@group-E9810A644481, cid=578, SUCCESS, logIndex=824, commits[c9f1298e-d840-49d8-aac3-de81602aa1d5:c824]
2019-08-30 23:39:53,137 [grpc-default-executor-0] INFO  client.GrpcClientProtocolClient (GrpcClientProtocolClient.java:onNext(255)) - client-7EF960CB3D58->c9f1298e-d840-49d8-aac3-de81602aa1d5: receive RaftClientReply:client-7EF960CB3D58->c9f1298e-d840-49d8-aac3-de81602aa1d5@group-E9810A644481, cid=579, SUCCESS, logIndex=825, commits[c9f1298e-d840-49d8-aac3-de81602aa1d5:c826]
2019-08-30 23:39:53,138 [grpc-default-executor-0] INFO  client.GrpcClientProtocolClient (GrpcClientProtocolClient.java:onNext(255)) - client-7EF960CB3D58->c9f1298e-d840-49d8-aac3-de81602aa1d5: receive RaftClientReply:client-7EF960CB3D58->c9f1298e-d840-49d8-aac3-de81602aa1d5@group-E9810A644481, cid=580, SUCCESS, logIndex=826, commits[c9f1298e-d840-49d8-aac3-de81602aa1d5:c826]
2019-08-30 23:39:53,155 [SCMBlockDeletingService#0] DEBUG block.SCMBlockDeletingService (SCMBlockDeletingService.java:call(138)) - Running DeletedBlockTransactionScanner
2019-08-30 23:39:53,156 [SCMBlockDeletingService#0] DEBUG block.SCMBlockDeletingService (SCMBlockDeletingService.java:call(155)) - Scanned deleted blocks log and got 0 delTX to process.
2019-08-30 23:39:53,170 [grpc-default-executor-0] INFO  client.GrpcClientProtocolClient (GrpcClientProtocolClient.java:onNext(255)) - client-7EF960CB3D58->c9f1298e-d840-49d8-aac3-de81602aa1d5: receive RaftClientReply:client-7EF960CB3D58->c9f1298e-d840-49d8-aac3-de81602aa1d5@group-E9810A644481, cid=581, SUCCESS, logIndex=829, commits[c9f1298e-d840-49d8-aac3-de81602aa1d5:c832]
2019-08-30 23:39:53,171 [grpc-default-executor-0] INFO  client.GrpcClientProtocolClient (GrpcClientProtocolClient.java:onNext(255)) - client-7EF960CB3D58->c9f1298e-d840-49d8-aac3-de81602aa1d5: receive RaftClientReply:client-7EF960CB3D58->c9f1298e-d840-49d8-aac3-de81602aa1d5@group-E9810A644481, cid=582, SUCCESS, logIndex=830, commits[c9f1298e-d840-49d8-aac3-de81602aa1d5:c832]
2019-08-30 23:39:53,171 [grpc-default-executor-0] INFO  client.GrpcClientProtocolClient (GrpcClientProtocolClient.java:onNext(255)) - client-7EF960CB3D58->c9f1298e-d840-49d8-aac3-de81602aa1d5: receive RaftClientReply:client-7EF960CB3D58->c9f1298e-d840-49d8-aac3-de81602aa1d5@group-E9810A644481, cid=583, SUCCESS, logIndex=831, commits[c9f1298e-d840-49d8-aac3-de81602aa1d5:c832]
2019-08-30 23:39:53,172 [grpc-default-executor-0] INFO  client.GrpcClientProtocolClient (GrpcClientProtocolClient.java:onNext(255)) - client-7EF960CB3D58->c9f1298e-d840-49d8-aac3-de81602aa1d5: receive RaftClientReply:client-7EF960CB3D58->c9f1298e-d840-49d8-aac3-de81602aa1d5@group-E9810A644481, cid=584, SUCCESS, logIndex=832, commits[c9f1298e-d840-49d8-aac3-de81602aa1d5:c832]
2019-08-30 23:39:53,209 [grpc-default-executor-0] INFO  client.GrpcClientProtocolClient (GrpcClientProtocolClient.java:onNext(255)) - client-7EF960CB3D58->c9f1298e-d840-49d8-aac3-de81602aa1d5: receive RaftClientReply:client-7EF960CB3D58->c9f1298e-d840-49d8-aac3-de81602aa1d5@group-E9810A644481, cid=585, SUCCESS, logIndex=834, commits[c9f1298e-d840-49d8-aac3-de81602aa1d5:c835]
2019-08-30 23:39:53,210 [grpc-default-executor-0] INFO  client.GrpcClientProtocolClient (GrpcClientProtocolClient.java:onNext(255)) - client-7EF960CB3D58->c9f1298e-d840-49d8-aac3-de81602aa1d5: receive RaftClientReply:client-7EF960CB3D58->c9f1298e-d840-49d8-aac3-de81602aa1d5@group-E9810A644481, cid=586, SUCCESS, logIndex=835, commits[c9f1298e-d840-49d8-aac3-de81602aa1d5:c835]
2019-08-30 23:39:53,230 [grpc-default-executor-0] INFO  client.GrpcClientProtocolClient (GrpcClientProtocolClient.java:onNext(255)) - client-7EF960CB3D58->c9f1298e-d840-49d8-aac3-de81602aa1d5: receive RaftClientReply:client-7EF960CB3D58->c9f1298e-d840-49d8-aac3-de81602aa1d5@group-E9810A644481, cid=587, SUCCESS, logIndex=836, commits[c9f1298e-d840-49d8-aac3-de81602aa1d5:c837]
2019-08-30 23:39:53,230 [grpc-default-executor-0] INFO  client.GrpcClientProtocolClient (GrpcClientProtocolClient.java:onNext(255)) - client-7EF960CB3D58->c9f1298e-d840-49d8-aac3-de81602aa1d5: receive RaftClientReply:client-7EF960CB3D58->c9f1298e-d840-49d8-aac3-de81602aa1d5@group-E9810A644481, cid=588, SUCCESS, logIndex=837, commits[c9f1298e-d840-49d8-aac3-de81602aa1d5:c837]
2019-08-30 23:39:53,256 [SCMBlockDeletingService#0] DEBUG block.SCMBlockDeletingService (SCMBlockDeletingService.java:call(138)) - Running DeletedBlockTransactionScanner
2019-08-30 23:39:53,256 [SCMBlockDeletingService#0] DEBUG block.SCMBlockDeletingService (SCMBlockDeletingService.java:call(155)) - Scanned deleted blocks log and got 0 delTX to process.
2019-08-30 23:39:53,279 [grpc-default-executor-0] INFO  client.GrpcClientProtocolClient (GrpcClientProtocolClient.java:onNext(255)) - client-7EF960CB3D58->c9f1298e-d840-49d8-aac3-de81602aa1d5: receive RaftClientReply:client-7EF960CB3D58->c9f1298e-d840-49d8-aac3-de81602aa1d5@group-E9810A644481, cid=589, SUCCESS, logIndex=840, commits[c9f1298e-d840-49d8-aac3-de81602aa1d5:c843]
2019-08-30 23:39:53,279 [grpc-default-executor-0] INFO  client.GrpcClientProtocolClient (GrpcClientProtocolClient.java:onNext(255)) - client-7EF960CB3D58->c9f1298e-d840-49d8-aac3-de81602aa1d5: receive RaftClientReply:client-7EF960CB3D58->c9f1298e-d840-49d8-aac3-de81602aa1d5@group-E9810A644481, cid=590, SUCCESS, logIndex=841, commits[c9f1298e-d840-49d8-aac3-de81602aa1d5:c843]
2019-08-30 23:39:53,280 [grpc-default-executor-0] INFO  client.GrpcClientProtocolClient (GrpcClientProtocolClient.java:onNext(255)) - client-7EF960CB3D58->c9f1298e-d840-49d8-aac3-de81602aa1d5: receive RaftClientReply:client-7EF960CB3D58->c9f1298e-d840-49d8-aac3-de81602aa1d5@group-E9810A644481, cid=591, SUCCESS, logIndex=842, commits[c9f1298e-d840-49d8-aac3-de81602aa1d5:c843]
2019-08-30 23:39:53,280 [grpc-default-executor-0] INFO  client.GrpcClientProtocolClient (GrpcClientProtocolClient.java:onNext(255)) - client-7EF960CB3D58->c9f1298e-d840-49d8-aac3-de81602aa1d5: receive RaftClientReply:client-7EF960CB3D58->c9f1298e-d840-49d8-aac3-de81602aa1d5@group-E9810A644481, cid=592, SUCCESS, logIndex=843, commits[c9f1298e-d840-49d8-aac3-de81602aa1d5:c843]
2019-08-30 23:39:53,321 [grpc-default-executor-0] INFO  client.GrpcClientProtocolClient (GrpcClientProtocolClient.java:onNext(255)) - client-7EF960CB3D58->c9f1298e-d840-49d8-aac3-de81602aa1d5: receive RaftClientReply:client-7EF960CB3D58->c9f1298e-d840-49d8-aac3-de81602aa1d5@group-E9810A644481, cid=593, SUCCESS, logIndex=845, commits[c9f1298e-d840-49d8-aac3-de81602aa1d5:c848]
2019-08-30 23:39:53,321 [grpc-default-executor-0] INFO  client.GrpcClientProtocolClient (GrpcClientProtocolClient.java:onNext(255)) - client-7EF960CB3D58->c9f1298e-d840-49d8-aac3-de81602aa1d5: receive RaftClientReply:client-7EF960CB3D58->c9f1298e-d840-49d8-aac3-de81602aa1d5@group-E9810A644481, cid=594, SUCCESS, logIndex=846, commits[c9f1298e-d840-49d8-aac3-de81602aa1d5:c848]
2019-08-30 23:39:53,322 [grpc-default-executor-0] INFO  client.GrpcClientProtocolClient (GrpcClientProtocolClient.java:onNext(255)) - client-7EF960CB3D58->c9f1298e-d840-49d8-aac3-de81602aa1d5: receive RaftClientReply:client-7EF960CB3D58->c9f1298e-d840-49d8-aac3-de81602aa1d5@group-E9810A644481, cid=595, SUCCESS, logIndex=847, commits[c9f1298e-d840-49d8-aac3-de81602aa1d5:c848]
2019-08-30 23:39:53,322 [grpc-default-executor-0] INFO  client.GrpcClientProtocolClient (GrpcClientProtocolClient.java:onNext(255)) - client-7EF960CB3D58->c9f1298e-d840-49d8-aac3-de81602aa1d5: receive RaftClientReply:client-7EF960CB3D58->c9f1298e-d840-49d8-aac3-de81602aa1d5@group-E9810A644481, cid=596, SUCCESS, logIndex=848, commits[c9f1298e-d840-49d8-aac3-de81602aa1d5:c848]
2019-08-30 23:39:53,345 [grpc-default-executor-1] INFO  client.GrpcClientProtocolClient (GrpcClientProtocolClient.java:onNext(255)) - client-7EF960CB3D58->c9f1298e-d840-49d8-aac3-de81602aa1d5: receive RaftClientReply:client-7EF960CB3D58->c9f1298e-d840-49d8-aac3-de81602aa1d5@group-E9810A644481, cid=597, SUCCESS, logIndex=850, commits[c9f1298e-d840-49d8-aac3-de81602aa1d5:c851]
2019-08-30 23:39:53,345 [grpc-default-executor-1] INFO  client.GrpcClientProtocolClient (GrpcClientProtocolClient.java:onNext(255)) - client-7EF960CB3D58->c9f1298e-d840-49d8-aac3-de81602aa1d5: receive RaftClientReply:client-7EF960CB3D58->c9f1298e-d840-49d8-aac3-de81602aa1d5@group-E9810A644481, cid=598, SUCCESS, logIndex=851, commits[c9f1298e-d840-49d8-aac3-de81602aa1d5:c851]
2019-08-30 23:39:53,357 [SCMBlockDeletingService#0] DEBUG block.SCMBlockDeletingService (SCMBlockDeletingService.java:call(138)) - Running DeletedBlockTransactionScanner
2019-08-30 23:39:53,357 [SCMBlockDeletingService#0] DEBUG block.SCMBlockDeletingService (SCMBlockDeletingService.java:call(155)) - Scanned deleted blocks log and got 0 delTX to process.
2019-08-30 23:39:53,458 [SCMBlockDeletingService#0] DEBUG block.SCMBlockDeletingService (SCMBlockDeletingService.java:call(138)) - Running DeletedBlockTransactionScanner
2019-08-30 23:39:53,458 [SCMBlockDeletingService#0] DEBUG block.SCMBlockDeletingService (SCMBlockDeletingService.java:call(155)) - Scanned deleted blocks log and got 0 delTX to process.
2019-08-30 23:39:53,471 [grpc-default-executor-1] INFO  client.GrpcClientProtocolClient (GrpcClientProtocolClient.java:onNext(255)) - client-7EF960CB3D58->c9f1298e-d840-49d8-aac3-de81602aa1d5: receive RaftClientReply:client-7EF960CB3D58->c9f1298e-d840-49d8-aac3-de81602aa1d5@group-E9810A644481, cid=599, SUCCESS, logIndex=852, commits[c9f1298e-d840-49d8-aac3-de81602aa1d5:c853]
2019-08-30 23:39:53,471 [grpc-default-executor-1] INFO  client.GrpcClientProtocolClient (GrpcClientProtocolClient.java:onNext(255)) - client-7EF960CB3D58->c9f1298e-d840-49d8-aac3-de81602aa1d5: receive RaftClientReply:client-7EF960CB3D58->c9f1298e-d840-49d8-aac3-de81602aa1d5@group-E9810A644481, cid=600, SUCCESS, logIndex=853, commits[c9f1298e-d840-49d8-aac3-de81602aa1d5:c853]
2019-08-30 23:39:53,558 [SCMBlockDeletingService#0] DEBUG block.SCMBlockDeletingService (SCMBlockDeletingService.java:call(138)) - Running DeletedBlockTransactionScanner
2019-08-30 23:39:53,559 [SCMBlockDeletingService#0] DEBUG block.SCMBlockDeletingService (SCMBlockDeletingService.java:call(155)) - Scanned deleted blocks log and got 0 delTX to process.
2019-08-30 23:39:53,659 [SCMBlockDeletingService#0] DEBUG block.SCMBlockDeletingService (SCMBlockDeletingService.java:call(138)) - Running DeletedBlockTransactionScanner
2019-08-30 23:39:53,659 [SCMBlockDeletingService#0] DEBUG block.SCMBlockDeletingService (SCMBlockDeletingService.java:call(155)) - Scanned deleted blocks log and got 0 delTX to process.
2019-08-30 23:39:53,721 [grpc-default-executor-0] INFO  client.GrpcClientProtocolClient (GrpcClientProtocolClient.java:onNext(255)) - client-7EF960CB3D58->c9f1298e-d840-49d8-aac3-de81602aa1d5: receive RaftClientReply:client-7EF960CB3D58->c9f1298e-d840-49d8-aac3-de81602aa1d5@group-E9810A644481, cid=601, SUCCESS, logIndex=856, commits[c9f1298e-d840-49d8-aac3-de81602aa1d5:c859]
2019-08-30 23:39:53,722 [grpc-default-executor-0] INFO  client.GrpcClientProtocolClient (GrpcClientProtocolClient.java:onNext(255)) - client-7EF960CB3D58->c9f1298e-d840-49d8-aac3-de81602aa1d5: receive RaftClientReply:client-7EF960CB3D58->c9f1298e-d840-49d8-aac3-de81602aa1d5@group-E9810A644481, cid=602, SUCCESS, logIndex=857, commits[c9f1298e-d840-49d8-aac3-de81602aa1d5:c859]
2019-08-30 23:39:53,722 [grpc-default-executor-0] INFO  client.GrpcClientProtocolClient (GrpcClientProtocolClient.java:onNext(255)) - client-7EF960CB3D58->c9f1298e-d840-49d8-aac3-de81602aa1d5: receive RaftClientReply:client-7EF960CB3D58->c9f1298e-d840-49d8-aac3-de81602aa1d5@group-E9810A644481, cid=603, SUCCESS, logIndex=858, commits[c9f1298e-d840-49d8-aac3-de81602aa1d5:c859]
2019-08-30 23:39:53,722 [grpc-default-executor-0] INFO  client.GrpcClientProtocolClient (GrpcClientProtocolClient.java:onNext(255)) - client-7EF960CB3D58->c9f1298e-d840-49d8-aac3-de81602aa1d5: receive RaftClientReply:client-7EF960CB3D58->c9f1298e-d840-49d8-aac3-de81602aa1d5@group-E9810A644481, cid=604, SUCCESS, logIndex=859, commits[c9f1298e-d840-49d8-aac3-de81602aa1d5:c859]
2019-08-30 23:39:53,754 [grpc-default-executor-0] INFO  client.GrpcClientProtocolClient (GrpcClientProtocolClient.java:onNext(255)) - client-7EF960CB3D58->c9f1298e-d840-49d8-aac3-de81602aa1d5: receive RaftClientReply:client-7EF960CB3D58->c9f1298e-d840-49d8-aac3-de81602aa1d5@group-E9810A644481, cid=605, SUCCESS, logIndex=861, commits[c9f1298e-d840-49d8-aac3-de81602aa1d5:c864]
2019-08-30 23:39:53,755 [grpc-default-executor-0] INFO  client.GrpcClientProtocolClient (GrpcClientProtocolClient.java:onNext(255)) - client-7EF960CB3D58->c9f1298e-d840-49d8-aac3-de81602aa1d5: receive RaftClientReply:client-7EF960CB3D58->c9f1298e-d840-49d8-aac3-de81602aa1d5@group-E9810A644481, cid=606, SUCCESS, logIndex=862, commits[c9f1298e-d840-49d8-aac3-de81602aa1d5:c864]
2019-08-30 23:39:53,755 [grpc-default-executor-0] INFO  client.GrpcClientProtocolClient (GrpcClientProtocolClient.java:onNext(255)) - client-7EF960CB3D58->c9f1298e-d840-49d8-aac3-de81602aa1d5: receive RaftClientReply:client-7EF960CB3D58->c9f1298e-d840-49d8-aac3-de81602aa1d5@group-E9810A644481, cid=607, SUCCESS, logIndex=863, commits[c9f1298e-d840-49d8-aac3-de81602aa1d5:c864]
2019-08-30 23:39:53,755 [grpc-default-executor-0] INFO  client.GrpcClientProtocolClient (GrpcClientProtocolClient.java:onNext(255)) - client-7EF960CB3D58->c9f1298e-d840-49d8-aac3-de81602aa1d5: receive RaftClientReply:client-7EF960CB3D58->c9f1298e-d840-49d8-aac3-de81602aa1d5@group-E9810A644481, cid=608, SUCCESS, logIndex=864, commits[c9f1298e-d840-49d8-aac3-de81602aa1d5:c864]
2019-08-30 23:39:53,760 [SCMBlockDeletingService#0] DEBUG block.SCMBlockDeletingService (SCMBlockDeletingService.java:call(138)) - Running DeletedBlockTransactionScanner
2019-08-30 23:39:53,760 [SCMBlockDeletingService#0] DEBUG block.SCMBlockDeletingService (SCMBlockDeletingService.java:call(155)) - Scanned deleted blocks log and got 0 delTX to process.
2019-08-30 23:39:53,791 [grpc-default-executor-1] INFO  client.GrpcClientProtocolClient (GrpcClientProtocolClient.java:onNext(255)) - client-7EF960CB3D58->c9f1298e-d840-49d8-aac3-de81602aa1d5: receive RaftClientReply:client-7EF960CB3D58->c9f1298e-d840-49d8-aac3-de81602aa1d5@group-E9810A644481, cid=609, SUCCESS, logIndex=866, commits[c9f1298e-d840-49d8-aac3-de81602aa1d5:c867]
2019-08-30 23:39:53,792 [grpc-default-executor-1] INFO  client.GrpcClientProtocolClient (GrpcClientProtocolClient.java:onNext(255)) - client-7EF960CB3D58->c9f1298e-d840-49d8-aac3-de81602aa1d5: receive RaftClientReply:client-7EF960CB3D58->c9f1298e-d840-49d8-aac3-de81602aa1d5@group-E9810A644481, cid=610, SUCCESS, logIndex=867, commits[c9f1298e-d840-49d8-aac3-de81602aa1d5:c867]
2019-08-30 23:39:53,824 [grpc-default-executor-1] INFO  client.GrpcClientProtocolClient (GrpcClientProtocolClient.java:onNext(255)) - client-7EF960CB3D58->c9f1298e-d840-49d8-aac3-de81602aa1d5: receive RaftClientReply:client-7EF960CB3D58->c9f1298e-d840-49d8-aac3-de81602aa1d5@group-E9810A644481, cid=611, SUCCESS, logIndex=868, commits[c9f1298e-d840-49d8-aac3-de81602aa1d5:c869]
2019-08-30 23:39:53,825 [grpc-default-executor-1] INFO  client.GrpcClientProtocolClient (GrpcClientProtocolClient.java:onNext(255)) - client-7EF960CB3D58->c9f1298e-d840-49d8-aac3-de81602aa1d5: receive RaftClientReply:client-7EF960CB3D58->c9f1298e-d840-49d8-aac3-de81602aa1d5@group-E9810A644481, cid=612, SUCCESS, logIndex=869, commits[c9f1298e-d840-49d8-aac3-de81602aa1d5:c869]
2019-08-30 23:39:53,855 [grpc-default-executor-0] INFO  client.GrpcClientProtocolClient (GrpcClientProtocolClient.java:onNext(255)) - client-7EF960CB3D58->c9f1298e-d840-49d8-aac3-de81602aa1d5: receive RaftClientReply:client-7EF960CB3D58->c9f1298e-d840-49d8-aac3-de81602aa1d5@group-E9810A644481, cid=613, SUCCESS, logIndex=872, commits[c9f1298e-d840-49d8-aac3-de81602aa1d5:c875]
2019-08-30 23:39:53,856 [grpc-default-executor-0] INFO  client.GrpcClientProtocolClient (GrpcClientProtocolClient.java:onNext(255)) - client-7EF960CB3D58->c9f1298e-d840-49d8-aac3-de81602aa1d5: receive RaftClientReply:client-7EF960CB3D58->c9f1298e-d840-49d8-aac3-de81602aa1d5@group-E9810A644481, cid=614, SUCCESS, logIndex=873, commits[c9f1298e-d840-49d8-aac3-de81602aa1d5:c875]
2019-08-30 23:39:53,856 [grpc-default-executor-0] INFO  client.GrpcClientProtocolClient (GrpcClientProtocolClient.java:onNext(255)) - client-7EF960CB3D58->c9f1298e-d840-49d8-aac3-de81602aa1d5: receive RaftClientReply:client-7EF960CB3D58->c9f1298e-d840-49d8-aac3-de81602aa1d5@group-E9810A644481, cid=615, SUCCESS, logIndex=874, commits[c9f1298e-d840-49d8-aac3-de81602aa1d5:c875]
2019-08-30 23:39:53,857 [grpc-default-executor-0] INFO  client.GrpcClientProtocolClient (GrpcClientProtocolClient.java:onNext(255)) - client-7EF960CB3D58->c9f1298e-d840-49d8-aac3-de81602aa1d5: receive RaftClientReply:client-7EF960CB3D58->c9f1298e-d840-49d8-aac3-de81602aa1d5@group-E9810A644481, cid=616, SUCCESS, logIndex=875, commits[c9f1298e-d840-49d8-aac3-de81602aa1d5:c875]
2019-08-30 23:39:53,860 [SCMBlockDeletingService#0] DEBUG block.SCMBlockDeletingService (SCMBlockDeletingService.java:call(138)) - Running DeletedBlockTransactionScanner
2019-08-30 23:39:53,861 [SCMBlockDeletingService#0] DEBUG block.SCMBlockDeletingService (SCMBlockDeletingService.java:call(155)) - Scanned deleted blocks log and got 0 delTX to process.
2019-08-30 23:39:53,884 [grpc-default-executor-1] INFO  client.GrpcClientProtocolClient (GrpcClientProtocolClient.java:onNext(255)) - client-7EF960CB3D58->c9f1298e-d840-49d8-aac3-de81602aa1d5: receive RaftClientReply:client-7EF960CB3D58->c9f1298e-d840-49d8-aac3-de81602aa1d5@group-E9810A644481, cid=617, SUCCESS, logIndex=877, commits[c9f1298e-d840-49d8-aac3-de81602aa1d5:c878]
2019-08-30 23:39:53,894 [grpc-default-executor-1] INFO  client.GrpcClientProtocolClient (GrpcClientProtocolClient.java:onNext(255)) - client-7EF960CB3D58->c9f1298e-d840-49d8-aac3-de81602aa1d5: receive RaftClientReply:client-7EF960CB3D58->c9f1298e-d840-49d8-aac3-de81602aa1d5@group-E9810A644481, cid=618, SUCCESS, logIndex=878, commits[c9f1298e-d840-49d8-aac3-de81602aa1d5:c879]
2019-08-30 23:39:53,961 [SCMBlockDeletingService#0] DEBUG block.SCMBlockDeletingService (SCMBlockDeletingService.java:call(138)) - Running DeletedBlockTransactionScanner
2019-08-30 23:39:53,962 [SCMBlockDeletingService#0] DEBUG block.SCMBlockDeletingService (SCMBlockDeletingService.java:call(155)) - Scanned deleted blocks log and got 0 delTX to process.
2019-08-30 23:39:54,014 [grpc-default-executor-0] INFO  client.GrpcClientProtocolClient (GrpcClientProtocolClient.java:onNext(255)) - client-7EF960CB3D58->c9f1298e-d840-49d8-aac3-de81602aa1d5: receive RaftClientReply:client-7EF960CB3D58->c9f1298e-d840-49d8-aac3-de81602aa1d5@group-E9810A644481, cid=619, SUCCESS, logIndex=880, commits[c9f1298e-d840-49d8-aac3-de81602aa1d5:c881]
2019-08-30 23:39:54,015 [grpc-default-executor-0] INFO  client.GrpcClientProtocolClient (GrpcClientProtocolClient.java:onNext(255)) - client-7EF960CB3D58->c9f1298e-d840-49d8-aac3-de81602aa1d5: receive RaftClientReply:client-7EF960CB3D58->c9f1298e-d840-49d8-aac3-de81602aa1d5@group-E9810A644481, cid=620, SUCCESS, logIndex=881, commits[c9f1298e-d840-49d8-aac3-de81602aa1d5:c881]
2019-08-30 23:39:54,033 [grpc-default-executor-0] INFO  client.GrpcClientProtocolClient (GrpcClientProtocolClient.java:onNext(255)) - client-7EF960CB3D58->c9f1298e-d840-49d8-aac3-de81602aa1d5: receive RaftClientReply:client-7EF960CB3D58->c9f1298e-d840-49d8-aac3-de81602aa1d5@group-E9810A644481, cid=621, SUCCESS, logIndex=883, commits[c9f1298e-d840-49d8-aac3-de81602aa1d5:c886]
2019-08-30 23:39:54,035 [grpc-default-executor-0] INFO  client.GrpcClientProtocolClient (GrpcClientProtocolClient.java:onNext(255)) - client-7EF960CB3D58->c9f1298e-d840-49d8-aac3-de81602aa1d5: receive RaftClientReply:client-7EF960CB3D58->c9f1298e-d840-49d8-aac3-de81602aa1d5@group-E9810A644481, cid=622, SUCCESS, logIndex=884, commits[c9f1298e-d840-49d8-aac3-de81602aa1d5:c886]
2019-08-30 23:39:54,035 [grpc-default-executor-0] INFO  client.GrpcClientProtocolClient (GrpcClientProtocolClient.java:onNext(255)) - client-7EF960CB3D58->c9f1298e-d840-49d8-aac3-de81602aa1d5: receive RaftClientReply:client-7EF960CB3D58->c9f1298e-d840-49d8-aac3-de81602aa1d5@group-E9810A644481, cid=623, SUCCESS, logIndex=885, commits[c9f1298e-d840-49d8-aac3-de81602aa1d5:c886]
2019-08-30 23:39:54,036 [grpc-default-executor-0] INFO  client.GrpcClientProtocolClient (GrpcClientProtocolClient.java:onNext(255)) - client-7EF960CB3D58->c9f1298e-d840-49d8-aac3-de81602aa1d5: receive RaftClientReply:client-7EF960CB3D58->c9f1298e-d840-49d8-aac3-de81602aa1d5@group-E9810A644481, cid=624, SUCCESS, logIndex=886, commits[c9f1298e-d840-49d8-aac3-de81602aa1d5:c886]
2019-08-30 23:39:54,058 [grpc-default-executor-1] INFO  client.GrpcClientProtocolClient (GrpcClientProtocolClient.java:onNext(255)) - client-7EF960CB3D58->c9f1298e-d840-49d8-aac3-de81602aa1d5: receive RaftClientReply:client-7EF960CB3D58->c9f1298e-d840-49d8-aac3-de81602aa1d5@group-E9810A644481, cid=625, SUCCESS, logIndex=888, commits[c9f1298e-d840-49d8-aac3-de81602aa1d5:c889]
2019-08-30 23:39:54,059 [grpc-default-executor-1] INFO  client.GrpcClientProtocolClient (GrpcClientProtocolClient.java:onNext(255)) - client-7EF960CB3D58->c9f1298e-d840-49d8-aac3-de81602aa1d5: receive RaftClientReply:client-7EF960CB3D58->c9f1298e-d840-49d8-aac3-de81602aa1d5@group-E9810A644481, cid=626, SUCCESS, logIndex=889, commits[c9f1298e-d840-49d8-aac3-de81602aa1d5:c889]
2019-08-30 23:39:54,062 [SCMBlockDeletingService#0] DEBUG block.SCMBlockDeletingService (SCMBlockDeletingService.java:call(138)) - Running DeletedBlockTransactionScanner
2019-08-30 23:39:54,062 [SCMBlockDeletingService#0] DEBUG block.SCMBlockDeletingService (SCMBlockDeletingService.java:call(155)) - Scanned deleted blocks log and got 0 delTX to process.
2019-08-30 23:39:54,074 [grpc-default-executor-1] INFO  client.GrpcClientProtocolClient (GrpcClientProtocolClient.java:onNext(255)) - client-7EF960CB3D58->c9f1298e-d840-49d8-aac3-de81602aa1d5: receive RaftClientReply:client-7EF960CB3D58->c9f1298e-d840-49d8-aac3-de81602aa1d5@group-E9810A644481, cid=627, SUCCESS, logIndex=890, commits[c9f1298e-d840-49d8-aac3-de81602aa1d5:c892]
2019-08-30 23:39:54,074 [grpc-default-executor-1] INFO  client.GrpcClientProtocolClient (GrpcClientProtocolClient.java:onNext(255)) - client-7EF960CB3D58->c9f1298e-d840-49d8-aac3-de81602aa1d5: receive RaftClientReply:client-7EF960CB3D58->c9f1298e-d840-49d8-aac3-de81602aa1d5@group-E9810A644481, cid=628, SUCCESS, logIndex=892, commits[c9f1298e-d840-49d8-aac3-de81602aa1d5:c892]
2019-08-30 23:39:54,102 [grpc-default-executor-1] INFO  client.GrpcClientProtocolClient (GrpcClientProtocolClient.java:onNext(255)) - client-7EF960CB3D58->c9f1298e-d840-49d8-aac3-de81602aa1d5: receive RaftClientReply:client-7EF960CB3D58->c9f1298e-d840-49d8-aac3-de81602aa1d5@group-E9810A644481, cid=629, SUCCESS, logIndex=894, commits[c9f1298e-d840-49d8-aac3-de81602aa1d5:c895]
2019-08-30 23:39:54,102 [grpc-default-executor-1] INFO  client.GrpcClientProtocolClient (GrpcClientProtocolClient.java:onNext(255)) - client-7EF960CB3D58->c9f1298e-d840-49d8-aac3-de81602aa1d5: receive RaftClientReply:client-7EF960CB3D58->c9f1298e-d840-49d8-aac3-de81602aa1d5@group-E9810A644481, cid=630, SUCCESS, logIndex=895, commits[c9f1298e-d840-49d8-aac3-de81602aa1d5:c897]
2019-08-30 23:39:54,103 [grpc-default-executor-1] INFO  client.GrpcClientProtocolClient (GrpcClientProtocolClient.java:onNext(255)) - client-7EF960CB3D58->c9f1298e-d840-49d8-aac3-de81602aa1d5: receive RaftClientReply:client-7EF960CB3D58->c9f1298e-d840-49d8-aac3-de81602aa1d5@group-E9810A644481, cid=631, SUCCESS, logIndex=896, commits[c9f1298e-d840-49d8-aac3-de81602aa1d5:c897]
2019-08-30 23:39:54,104 [grpc-default-executor-1] INFO  client.GrpcClientProtocolClient (GrpcClientProtocolClient.java:onNext(255)) - client-7EF960CB3D58->c9f1298e-d840-49d8-aac3-de81602aa1d5: receive RaftClientReply:client-7EF960CB3D58->c9f1298e-d840-49d8-aac3-de81602aa1d5@group-E9810A644481, cid=632, SUCCESS, logIndex=897, commits[c9f1298e-d840-49d8-aac3-de81602aa1d5:c897]
2019-08-30 23:39:54,261 [SCMBlockDeletingService#0] DEBUG block.SCMBlockDeletingService (SCMBlockDeletingService.java:call(138)) - Running DeletedBlockTransactionScanner
2019-08-30 23:39:54,261 [SCMBlockDeletingService#0] DEBUG block.SCMBlockDeletingService (SCMBlockDeletingService.java:call(155)) - Scanned deleted blocks log and got 0 delTX to process.
2019-08-30 23:39:54,273 [grpc-default-executor-1] INFO  client.GrpcClientProtocolClient (GrpcClientProtocolClient.java:onNext(255)) - client-7EF960CB3D58->c9f1298e-d840-49d8-aac3-de81602aa1d5: receive RaftClientReply:client-7EF960CB3D58->c9f1298e-d840-49d8-aac3-de81602aa1d5@group-E9810A644481, cid=633, SUCCESS, logIndex=900, commits[c9f1298e-d840-49d8-aac3-de81602aa1d5:c901]
2019-08-30 23:39:54,274 [grpc-default-executor-1] INFO  client.GrpcClientProtocolClient (GrpcClientProtocolClient.java:onNext(255)) - client-7EF960CB3D58->c9f1298e-d840-49d8-aac3-de81602aa1d5: receive RaftClientReply:client-7EF960CB3D58->c9f1298e-d840-49d8-aac3-de81602aa1d5@group-E9810A644481, cid=634, SUCCESS, logIndex=901, commits[c9f1298e-d840-49d8-aac3-de81602aa1d5:c901]
2019-08-30 23:39:54,278 [grpc-default-executor-1] INFO  client.GrpcClientProtocolClient (GrpcClientProtocolClient.java:onNext(255)) - client-7EF960CB3D58->c9f1298e-d840-49d8-aac3-de81602aa1d5: receive RaftClientReply:client-7EF960CB3D58->c9f1298e-d840-49d8-aac3-de81602aa1d5@group-E9810A644481, cid=635, SUCCESS, logIndex=902, commits[c9f1298e-d840-49d8-aac3-de81602aa1d5:c903]
2019-08-30 23:39:54,279 [grpc-default-executor-1] INFO  client.GrpcClientProtocolClient (GrpcClientProtocolClient.java:onNext(255)) - client-7EF960CB3D58->c9f1298e-d840-49d8-aac3-de81602aa1d5: receive RaftClientReply:client-7EF960CB3D58->c9f1298e-d840-49d8-aac3-de81602aa1d5@group-E9810A644481, cid=636, SUCCESS, logIndex=903, commits[c9f1298e-d840-49d8-aac3-de81602aa1d5:c903]
2019-08-30 23:39:54,333 [grpc-default-executor-1] INFO  client.GrpcClientProtocolClient (GrpcClientProtocolClient.java:onNext(255)) - client-7EF960CB3D58->c9f1298e-d840-49d8-aac3-de81602aa1d5: receive RaftClientReply:client-7EF960CB3D58->c9f1298e-d840-49d8-aac3-de81602aa1d5@group-E9810A644481, cid=637, SUCCESS, logIndex=906, commits[c9f1298e-d840-49d8-aac3-de81602aa1d5:c909]
2019-08-30 23:39:54,335 [grpc-default-executor-1] INFO  client.GrpcClientProtocolClient (GrpcClientProtocolClient.java:onNext(255)) - client-7EF960CB3D58->c9f1298e-d840-49d8-aac3-de81602aa1d5: receive RaftClientReply:client-7EF960CB3D58->c9f1298e-d840-49d8-aac3-de81602aa1d5@group-E9810A644481, cid=638, SUCCESS, logIndex=907, commits[c9f1298e-d840-49d8-aac3-de81602aa1d5:c909]
2019-08-30 23:39:54,335 [grpc-default-executor-0] INFO  client.GrpcClientProtocolClient (GrpcClientProtocolClient.java:onNext(255)) - client-7EF960CB3D58->c9f1298e-d840-49d8-aac3-de81602aa1d5: receive RaftClientReply:client-7EF960CB3D58->c9f1298e-d840-49d8-aac3-de81602aa1d5@group-E9810A644481, cid=639, SUCCESS, logIndex=908, commits[c9f1298e-d840-49d8-aac3-de81602aa1d5:c909]
2019-08-30 23:39:54,336 [grpc-default-executor-0] INFO  client.GrpcClientProtocolClient (GrpcClientProtocolClient.java:onNext(255)) - client-7EF960CB3D58->c9f1298e-d840-49d8-aac3-de81602aa1d5: receive RaftClientReply:client-7EF960CB3D58->c9f1298e-d840-49d8-aac3-de81602aa1d5@group-E9810A644481, cid=640, SUCCESS, logIndex=909, commits[c9f1298e-d840-49d8-aac3-de81602aa1d5:c909]
2019-08-30 23:39:54,362 [SCMBlockDeletingService#0] DEBUG block.SCMBlockDeletingService (SCMBlockDeletingService.java:call(138)) - Running DeletedBlockTransactionScanner
2019-08-30 23:39:54,363 [SCMBlockDeletingService#0] DEBUG block.SCMBlockDeletingService (SCMBlockDeletingService.java:call(155)) - Scanned deleted blocks log and got 0 delTX to process.
2019-08-30 23:39:54,371 [grpc-default-executor-0] INFO  client.GrpcClientProtocolClient (GrpcClientProtocolClient.java:onNext(255)) - client-7EF960CB3D58->c9f1298e-d840-49d8-aac3-de81602aa1d5: receive RaftClientReply:client-7EF960CB3D58->c9f1298e-d840-49d8-aac3-de81602aa1d5@group-E9810A644481, cid=641, SUCCESS, logIndex=911, commits[c9f1298e-d840-49d8-aac3-de81602aa1d5:c912]
2019-08-30 23:39:54,372 [grpc-default-executor-0] INFO  client.GrpcClientProtocolClient (GrpcClientProtocolClient.java:onNext(255)) - client-7EF960CB3D58->c9f1298e-d840-49d8-aac3-de81602aa1d5: receive RaftClientReply:client-7EF960CB3D58->c9f1298e-d840-49d8-aac3-de81602aa1d5@group-E9810A644481, cid=642, SUCCESS, logIndex=912, commits[c9f1298e-d840-49d8-aac3-de81602aa1d5:c912]
2019-08-30 23:39:54,389 [grpc-default-executor-0] INFO  client.GrpcClientProtocolClient (GrpcClientProtocolClient.java:onNext(255)) - client-7EF960CB3D58->c9f1298e-d840-49d8-aac3-de81602aa1d5: receive RaftClientReply:client-7EF960CB3D58->c9f1298e-d840-49d8-aac3-de81602aa1d5@group-E9810A644481, cid=643, SUCCESS, logIndex=913, commits[c9f1298e-d840-49d8-aac3-de81602aa1d5:c914]
2019-08-30 23:39:54,389 [grpc-default-executor-0] INFO  client.GrpcClientProtocolClient (GrpcClientProtocolClient.java:onNext(255)) - client-7EF960CB3D58->c9f1298e-d840-49d8-aac3-de81602aa1d5: receive RaftClientReply:client-7EF960CB3D58->c9f1298e-d840-49d8-aac3-de81602aa1d5@group-E9810A644481, cid=644, SUCCESS, logIndex=914, commits[c9f1298e-d840-49d8-aac3-de81602aa1d5:c914]
2019-08-30 23:39:54,415 [grpc-default-executor-0] INFO  client.GrpcClientProtocolClient (GrpcClientProtocolClient.java:onNext(255)) - client-7EF960CB3D58->c9f1298e-d840-49d8-aac3-de81602aa1d5: receive RaftClientReply:client-7EF960CB3D58->c9f1298e-d840-49d8-aac3-de81602aa1d5@group-E9810A644481, cid=645, SUCCESS, logIndex=917, commits[c9f1298e-d840-49d8-aac3-de81602aa1d5:c920]
2019-08-30 23:39:54,415 [grpc-default-executor-0] INFO  client.GrpcClientProtocolClient (GrpcClientProtocolClient.java:onNext(255)) - client-7EF960CB3D58->c9f1298e-d840-49d8-aac3-de81602aa1d5: receive RaftClientReply:client-7EF960CB3D58->c9f1298e-d840-49d8-aac3-de81602aa1d5@group-E9810A644481, cid=646, SUCCESS, logIndex=918, commits[c9f1298e-d840-49d8-aac3-de81602aa1d5:c920]
2019-08-30 23:39:54,416 [grpc-default-executor-0] INFO  client.GrpcClientProtocolClient (GrpcClientProtocolClient.java:onNext(255)) - client-7EF960CB3D58->c9f1298e-d840-49d8-aac3-de81602aa1d5: receive RaftClientReply:client-7EF960CB3D58->c9f1298e-d840-49d8-aac3-de81602aa1d5@group-E9810A644481, cid=647, SUCCESS, logIndex=919, commits[c9f1298e-d840-49d8-aac3-de81602aa1d5:c920]
2019-08-30 23:39:54,416 [grpc-default-executor-0] INFO  client.GrpcClientProtocolClient (GrpcClientProtocolClient.java:onNext(255)) - client-7EF960CB3D58->c9f1298e-d840-49d8-aac3-de81602aa1d5: receive RaftClientReply:client-7EF960CB3D58->c9f1298e-d840-49d8-aac3-de81602aa1d5@group-E9810A644481, cid=648, SUCCESS, logIndex=920, commits[c9f1298e-d840-49d8-aac3-de81602aa1d5:c920]
2019-08-30 23:39:54,443 [grpc-default-executor-0] INFO  client.GrpcClientProtocolClient (GrpcClientProtocolClient.java:onNext(255)) - client-7EF960CB3D58->c9f1298e-d840-49d8-aac3-de81602aa1d5: receive RaftClientReply:client-7EF960CB3D58->c9f1298e-d840-49d8-aac3-de81602aa1d5@group-E9810A644481, cid=649, SUCCESS, logIndex=922, commits[c9f1298e-d840-49d8-aac3-de81602aa1d5:c925]
2019-08-30 23:39:54,444 [grpc-default-executor-0] INFO  client.GrpcClientProtocolClient (GrpcClientProtocolClient.java:onNext(255)) - client-7EF960CB3D58->c9f1298e-d840-49d8-aac3-de81602aa1d5: receive RaftClientReply:client-7EF960CB3D58->c9f1298e-d840-49d8-aac3-de81602aa1d5@group-E9810A644481, cid=650, SUCCESS, logIndex=923, commits[c9f1298e-d840-49d8-aac3-de81602aa1d5:c925]
2019-08-30 23:39:54,444 [grpc-default-executor-0] INFO  client.GrpcClientProtocolClient (GrpcClientProtocolClient.java:onNext(255)) - client-7EF960CB3D58->c9f1298e-d840-49d8-aac3-de81602aa1d5: receive RaftClientReply:client-7EF960CB3D58->c9f1298e-d840-49d8-aac3-de81602aa1d5@group-E9810A644481, cid=651, SUCCESS, logIndex=924, commits[c9f1298e-d840-49d8-aac3-de81602aa1d5:c925]
2019-08-30 23:39:54,445 [grpc-default-executor-0] INFO  client.GrpcClientProtocolClient (GrpcClientProtocolClient.java:onNext(255)) - client-7EF960CB3D58->c9f1298e-d840-49d8-aac3-de81602aa1d5: receive RaftClientReply:client-7EF960CB3D58->c9f1298e-d840-49d8-aac3-de81602aa1d5@group-E9810A644481, cid=652, SUCCESS, logIndex=925, commits[c9f1298e-d840-49d8-aac3-de81602aa1d5:c925]
2019-08-30 23:39:54,463 [SCMBlockDeletingService#0] DEBUG block.SCMBlockDeletingService (SCMBlockDeletingService.java:call(138)) - Running DeletedBlockTransactionScanner
2019-08-30 23:39:54,463 [SCMBlockDeletingService#0] DEBUG block.SCMBlockDeletingService (SCMBlockDeletingService.java:call(155)) - Scanned deleted blocks log and got 0 delTX to process.
2019-08-30 23:39:54,477 [grpc-default-executor-1] INFO  client.GrpcClientProtocolClient (GrpcClientProtocolClient.java:onNext(255)) - client-7EF960CB3D58->c9f1298e-d840-49d8-aac3-de81602aa1d5: receive RaftClientReply:client-7EF960CB3D58->c9f1298e-d840-49d8-aac3-de81602aa1d5@group-E9810A644481, cid=653, SUCCESS, logIndex=927, commits[c9f1298e-d840-49d8-aac3-de81602aa1d5:c930]
2019-08-30 23:39:54,477 [grpc-default-executor-1] INFO  client.GrpcClientProtocolClient (GrpcClientProtocolClient.java:onNext(255)) - client-7EF960CB3D58->c9f1298e-d840-49d8-aac3-de81602aa1d5: receive RaftClientReply:client-7EF960CB3D58->c9f1298e-d840-49d8-aac3-de81602aa1d5@group-E9810A644481, cid=654, SUCCESS, logIndex=928, commits[c9f1298e-d840-49d8-aac3-de81602aa1d5:c930]
2019-08-30 23:39:54,478 [grpc-default-executor-1] INFO  client.GrpcClientProtocolClient (GrpcClientProtocolClient.java:onNext(255)) - client-7EF960CB3D58->c9f1298e-d840-49d8-aac3-de81602aa1d5: receive RaftClientReply:client-7EF960CB3D58->c9f1298e-d840-49d8-aac3-de81602aa1d5@group-E9810A644481, cid=655, SUCCESS, logIndex=929, commits[c9f1298e-d840-49d8-aac3-de81602aa1d5:c930]
2019-08-30 23:39:54,478 [grpc-default-executor-1] INFO  client.GrpcClientProtocolClient (GrpcClientProtocolClient.java:onNext(255)) - client-7EF960CB3D58->c9f1298e-d840-49d8-aac3-de81602aa1d5: receive RaftClientReply:client-7EF960CB3D58->c9f1298e-d840-49d8-aac3-de81602aa1d5@group-E9810A644481, cid=656, SUCCESS, logIndex=930, commits[c9f1298e-d840-49d8-aac3-de81602aa1d5:c930]
2019-08-30 23:39:54,506 [grpc-default-executor-1] INFO  client.GrpcClientProtocolClient (GrpcClientProtocolClient.java:onNext(255)) - client-7EF960CB3D58->c9f1298e-d840-49d8-aac3-de81602aa1d5: receive RaftClientReply:client-7EF960CB3D58->c9f1298e-d840-49d8-aac3-de81602aa1d5@group-E9810A644481, cid=657, SUCCESS, logIndex=932, commits[c9f1298e-d840-49d8-aac3-de81602aa1d5:c935]
2019-08-30 23:39:54,506 [grpc-default-executor-1] INFO  client.GrpcClientProtocolClient (GrpcClientProtocolClient.java:onNext(255)) - client-7EF960CB3D58->c9f1298e-d840-49d8-aac3-de81602aa1d5: receive RaftClientReply:client-7EF960CB3D58->c9f1298e-d840-49d8-aac3-de81602aa1d5@group-E9810A644481, cid=658, SUCCESS, logIndex=933, commits[c9f1298e-d840-49d8-aac3-de81602aa1d5:c935]
2019-08-30 23:39:54,507 [grpc-default-executor-1] INFO  client.GrpcClientProtocolClient (GrpcClientProtocolClient.java:onNext(255)) - client-7EF960CB3D58->c9f1298e-d840-49d8-aac3-de81602aa1d5: receive RaftClientReply:client-7EF960CB3D58->c9f1298e-d840-49d8-aac3-de81602aa1d5@group-E9810A644481, cid=659, SUCCESS, logIndex=934, commits[c9f1298e-d840-49d8-aac3-de81602aa1d5:c935]
2019-08-30 23:39:54,507 [grpc-default-executor-1] INFO  client.GrpcClientProtocolClient (GrpcClientProtocolClient.java:onNext(255)) - client-7EF960CB3D58->c9f1298e-d840-49d8-aac3-de81602aa1d5: receive RaftClientReply:client-7EF960CB3D58->c9f1298e-d840-49d8-aac3-de81602aa1d5@group-E9810A644481, cid=660, SUCCESS, logIndex=935, commits[c9f1298e-d840-49d8-aac3-de81602aa1d5:c935]
2019-08-30 23:39:54,524 [grpc-default-executor-0] INFO  client.GrpcClientProtocolClient (GrpcClientProtocolClient.java:onNext(255)) - client-7EF960CB3D58->c9f1298e-d840-49d8-aac3-de81602aa1d5: receive RaftClientReply:client-7EF960CB3D58->c9f1298e-d840-49d8-aac3-de81602aa1d5@group-E9810A644481, cid=661, SUCCESS, logIndex=937, commits[c9f1298e-d840-49d8-aac3-de81602aa1d5:c938]
2019-08-30 23:39:54,524 [grpc-default-executor-0] INFO  client.GrpcClientProtocolClient (GrpcClientProtocolClient.java:onNext(255)) - client-7EF960CB3D58->c9f1298e-d840-49d8-aac3-de81602aa1d5: receive RaftClientReply:client-7EF960CB3D58->c9f1298e-d840-49d8-aac3-de81602aa1d5@group-E9810A644481, cid=662, SUCCESS, logIndex=938, commits[c9f1298e-d840-49d8-aac3-de81602aa1d5:c938]
2019-08-30 23:39:54,564 [SCMBlockDeletingService#0] DEBUG block.SCMBlockDeletingService (SCMBlockDeletingService.java:call(138)) - Running DeletedBlockTransactionScanner
2019-08-30 23:39:54,564 [SCMBlockDeletingService#0] DEBUG block.SCMBlockDeletingService (SCMBlockDeletingService.java:call(155)) - Scanned deleted blocks log and got 0 delTX to process.
2019-08-30 23:39:54,635 [grpc-default-executor-1] INFO  client.GrpcClientProtocolClient (GrpcClientProtocolClient.java:onNext(255)) - client-7EF960CB3D58->c9f1298e-d840-49d8-aac3-de81602aa1d5: receive RaftClientReply:client-7EF960CB3D58->c9f1298e-d840-49d8-aac3-de81602aa1d5@group-E9810A644481, cid=663, SUCCESS, logIndex=940, commits[c9f1298e-d840-49d8-aac3-de81602aa1d5:c941]
2019-08-30 23:39:54,636 [grpc-default-executor-1] INFO  client.GrpcClientProtocolClient (GrpcClientProtocolClient.java:onNext(255)) - client-7EF960CB3D58->c9f1298e-d840-49d8-aac3-de81602aa1d5: receive RaftClientReply:client-7EF960CB3D58->c9f1298e-d840-49d8-aac3-de81602aa1d5@group-E9810A644481, cid=664, SUCCESS, logIndex=941, commits[c9f1298e-d840-49d8-aac3-de81602aa1d5:c941]
2019-08-30 23:39:54,664 [SCMBlockDeletingService#0] DEBUG block.SCMBlockDeletingService (SCMBlockDeletingService.java:call(138)) - Running DeletedBlockTransactionScanner
2019-08-30 23:39:54,665 [SCMBlockDeletingService#0] DEBUG block.SCMBlockDeletingService (SCMBlockDeletingService.java:call(155)) - Scanned deleted blocks log and got 0 delTX to process.
2019-08-30 23:39:54,676 [grpc-default-executor-0] INFO  client.GrpcClientProtocolClient (GrpcClientProtocolClient.java:onNext(255)) - client-7EF960CB3D58->c9f1298e-d840-49d8-aac3-de81602aa1d5: receive RaftClientReply:client-7EF960CB3D58->c9f1298e-d840-49d8-aac3-de81602aa1d5@group-E9810A644481, cid=665, SUCCESS, logIndex=943, commits[c9f1298e-d840-49d8-aac3-de81602aa1d5:c946]
2019-08-30 23:39:54,677 [grpc-default-executor-0] INFO  client.GrpcClientProtocolClient (GrpcClientProtocolClient.java:onNext(255)) - client-7EF960CB3D58->c9f1298e-d840-49d8-aac3-de81602aa1d5: receive RaftClientReply:client-7EF960CB3D58->c9f1298e-d840-49d8-aac3-de81602aa1d5@group-E9810A644481, cid=666, SUCCESS, logIndex=944, commits[c9f1298e-d840-49d8-aac3-de81602aa1d5:c946]
2019-08-30 23:39:54,678 [grpc-default-executor-0] INFO  client.GrpcClientProtocolClient (GrpcClientProtocolClient.java:onNext(255)) - client-7EF960CB3D58->c9f1298e-d840-49d8-aac3-de81602aa1d5: receive RaftClientReply:client-7EF960CB3D58->c9f1298e-d840-49d8-aac3-de81602aa1d5@group-E9810A644481, cid=667, SUCCESS, logIndex=945, commits[c9f1298e-d840-49d8-aac3-de81602aa1d5:c946]
2019-08-30 23:39:54,678 [grpc-default-executor-0] INFO  client.GrpcClientProtocolClient (GrpcClientProtocolClient.java:onNext(255)) - client-7EF960CB3D58->c9f1298e-d840-49d8-aac3-de81602aa1d5: receive RaftClientReply:client-7EF960CB3D58->c9f1298e-d840-49d8-aac3-de81602aa1d5@group-E9810A644481, cid=668, SUCCESS, logIndex=946, commits[c9f1298e-d840-49d8-aac3-de81602aa1d5:c946]
2019-08-30 23:39:54,721 [grpc-default-executor-1] INFO  client.GrpcClientProtocolClient (GrpcClientProtocolClient.java:onNext(255)) - client-7EF960CB3D58->c9f1298e-d840-49d8-aac3-de81602aa1d5: receive RaftClientReply:client-7EF960CB3D58->c9f1298e-d840-49d8-aac3-de81602aa1d5@group-E9810A644481, cid=669, SUCCESS, logIndex=948, commits[c9f1298e-d840-49d8-aac3-de81602aa1d5:c951]
2019-08-30 23:39:54,722 [grpc-default-executor-1] INFO  client.GrpcClientProtocolClient (GrpcClientProtocolClient.java:onNext(255)) - client-7EF960CB3D58->c9f1298e-d840-49d8-aac3-de81602aa1d5: receive RaftClientReply:client-7EF960CB3D58->c9f1298e-d840-49d8-aac3-de81602aa1d5@group-E9810A644481, cid=670, SUCCESS, logIndex=949, commits[c9f1298e-d840-49d8-aac3-de81602aa1d5:c951]
2019-08-30 23:39:54,722 [grpc-default-executor-1] INFO  client.GrpcClientProtocolClient (GrpcClientProtocolClient.java:onNext(255)) - client-7EF960CB3D58->c9f1298e-d840-49d8-aac3-de81602aa1d5: receive RaftClientReply:client-7EF960CB3D58->c9f1298e-d840-49d8-aac3-de81602aa1d5@group-E9810A644481, cid=671, SUCCESS, logIndex=950, commits[c9f1298e-d840-49d8-aac3-de81602aa1d5:c951]
2019-08-30 23:39:54,722 [grpc-default-executor-1] INFO  client.GrpcClientProtocolClient (GrpcClientProtocolClient.java:onNext(255)) - client-7EF960CB3D58->c9f1298e-d840-49d8-aac3-de81602aa1d5: receive RaftClientReply:client-7EF960CB3D58->c9f1298e-d840-49d8-aac3-de81602aa1d5@group-E9810A644481, cid=672, SUCCESS, logIndex=951, commits[c9f1298e-d840-49d8-aac3-de81602aa1d5:c951]
2019-08-30 23:39:54,755 [grpc-default-executor-1] INFO  client.GrpcClientProtocolClient (GrpcClientProtocolClient.java:onNext(255)) - client-7EF960CB3D58->c9f1298e-d840-49d8-aac3-de81602aa1d5: receive RaftClientReply:client-7EF960CB3D58->c9f1298e-d840-49d8-aac3-de81602aa1d5@group-E9810A644481, cid=673, SUCCESS, logIndex=953, commits[c9f1298e-d840-49d8-aac3-de81602aa1d5:c956]
2019-08-30 23:39:54,756 [grpc-default-executor-1] INFO  client.GrpcClientProtocolClient (GrpcClientProtocolClient.java:onNext(255)) - client-7EF960CB3D58->c9f1298e-d840-49d8-aac3-de81602aa1d5: receive RaftClientReply:client-7EF960CB3D58->c9f1298e-d840-49d8-aac3-de81602aa1d5@group-E9810A644481, cid=674, SUCCESS, logIndex=954, commits[c9f1298e-d840-49d8-aac3-de81602aa1d5:c956]
2019-08-30 23:39:54,756 [grpc-default-executor-1] INFO  client.GrpcClientProtocolClient (GrpcClientProtocolClient.java:onNext(255)) - client-7EF960CB3D58->c9f1298e-d840-49d8-aac3-de81602aa1d5: receive RaftClientReply:client-7EF960CB3D58->c9f1298e-d840-49d8-aac3-de81602aa1d5@group-E9810A644481, cid=675, SUCCESS, logIndex=955, commits[c9f1298e-d840-49d8-aac3-de81602aa1d5:c956]
2019-08-30 23:39:54,757 [grpc-default-executor-1] INFO  client.GrpcClientProtocolClient (GrpcClientProtocolClient.java:onNext(255)) - client-7EF960CB3D58->c9f1298e-d840-49d8-aac3-de81602aa1d5: receive RaftClientReply:client-7EF960CB3D58->c9f1298e-d840-49d8-aac3-de81602aa1d5@group-E9810A644481, cid=676, SUCCESS, logIndex=956, commits[c9f1298e-d840-49d8-aac3-de81602aa1d5:c956]
2019-08-30 23:39:54,765 [SCMBlockDeletingService#1] DEBUG block.SCMBlockDeletingService (SCMBlockDeletingService.java:call(138)) - Running DeletedBlockTransactionScanner
2019-08-30 23:39:54,766 [SCMBlockDeletingService#1] DEBUG block.SCMBlockDeletingService (SCMBlockDeletingService.java:call(155)) - Scanned deleted blocks log and got 0 delTX to process.
2019-08-30 23:39:54,779 [grpc-default-executor-1] INFO  client.GrpcClientProtocolClient (GrpcClientProtocolClient.java:onNext(255)) - client-7EF960CB3D58->c9f1298e-d840-49d8-aac3-de81602aa1d5: receive RaftClientReply:client-7EF960CB3D58->c9f1298e-d840-49d8-aac3-de81602aa1d5@group-E9810A644481, cid=677, SUCCESS, logIndex=958, commits[c9f1298e-d840-49d8-aac3-de81602aa1d5:c959]
2019-08-30 23:39:54,779 [grpc-default-executor-1] INFO  client.GrpcClientProtocolClient (GrpcClientProtocolClient.java:onNext(255)) - client-7EF960CB3D58->c9f1298e-d840-49d8-aac3-de81602aa1d5: receive RaftClientReply:client-7EF960CB3D58->c9f1298e-d840-49d8-aac3-de81602aa1d5@group-E9810A644481, cid=678, SUCCESS, logIndex=959, commits[c9f1298e-d840-49d8-aac3-de81602aa1d5:c959]
2019-08-30 23:39:54,792 [grpc-default-executor-1] INFO  client.GrpcClientProtocolClient (GrpcClientProtocolClient.java:onNext(255)) - client-7EF960CB3D58->c9f1298e-d840-49d8-aac3-de81602aa1d5: receive RaftClientReply:client-7EF960CB3D58->c9f1298e-d840-49d8-aac3-de81602aa1d5@group-E9810A644481, cid=679, SUCCESS, logIndex=960, commits[c9f1298e-d840-49d8-aac3-de81602aa1d5:c961]
2019-08-30 23:39:54,793 [grpc-default-executor-1] INFO  client.GrpcClientProtocolClient (GrpcClientProtocolClient.java:onNext(255)) - client-7EF960CB3D58->c9f1298e-d840-49d8-aac3-de81602aa1d5: receive RaftClientReply:client-7EF960CB3D58->c9f1298e-d840-49d8-aac3-de81602aa1d5@group-E9810A644481, cid=680, SUCCESS, logIndex=961, commits[c9f1298e-d840-49d8-aac3-de81602aa1d5:c961]
2019-08-30 23:39:54,827 [grpc-default-executor-1] INFO  client.GrpcClientProtocolClient (GrpcClientProtocolClient.java:onNext(255)) - client-7EF960CB3D58->c9f1298e-d840-49d8-aac3-de81602aa1d5: receive RaftClientReply:client-7EF960CB3D58->c9f1298e-d840-49d8-aac3-de81602aa1d5@group-E9810A644481, cid=681, SUCCESS, logIndex=964, commits[c9f1298e-d840-49d8-aac3-de81602aa1d5:c967]
2019-08-30 23:39:54,828 [grpc-default-executor-1] INFO  client.GrpcClientProtocolClient (GrpcClientProtocolClient.java:onNext(255)) - client-7EF960CB3D58->c9f1298e-d840-49d8-aac3-de81602aa1d5: receive RaftClientReply:client-7EF960CB3D58->c9f1298e-d840-49d8-aac3-de81602aa1d5@group-E9810A644481, cid=682, SUCCESS, logIndex=965, commits[c9f1298e-d840-49d8-aac3-de81602aa1d5:c967]
2019-08-30 23:39:54,828 [grpc-default-executor-1] INFO  client.GrpcClientProtocolClient (GrpcClientProtocolClient.java:onNext(255)) - client-7EF960CB3D58->c9f1298e-d840-49d8-aac3-de81602aa1d5: receive RaftClientReply:client-7EF960CB3D58->c9f1298e-d840-49d8-aac3-de81602aa1d5@group-E9810A644481, cid=683, SUCCESS, logIndex=966, commits[c9f1298e-d840-49d8-aac3-de81602aa1d5:c967]
2019-08-30 23:39:54,829 [grpc-default-executor-1] INFO  client.GrpcClientProtocolClient (GrpcClientProtocolClient.java:onNext(255)) - client-7EF960CB3D58->c9f1298e-d840-49d8-aac3-de81602aa1d5: receive RaftClientReply:client-7EF960CB3D58->c9f1298e-d840-49d8-aac3-de81602aa1d5@group-E9810A644481, cid=684, SUCCESS, logIndex=967, commits[c9f1298e-d840-49d8-aac3-de81602aa1d5:c967]
2019-08-30 23:39:54,852 [grpc-default-executor-0] INFO  client.GrpcClientProtocolClient (GrpcClientProtocolClient.java:onNext(255)) - client-7EF960CB3D58->c9f1298e-d840-49d8-aac3-de81602aa1d5: receive RaftClientReply:client-7EF960CB3D58->c9f1298e-d840-49d8-aac3-de81602aa1d5@group-E9810A644481, cid=685, SUCCESS, logIndex=969, commits[c9f1298e-d840-49d8-aac3-de81602aa1d5:c970]
2019-08-30 23:39:54,852 [grpc-default-executor-0] INFO  client.GrpcClientProtocolClient (GrpcClientProtocolClient.java:onNext(255)) - client-7EF960CB3D58->c9f1298e-d840-49d8-aac3-de81602aa1d5: receive RaftClientReply:client-7EF960CB3D58->c9f1298e-d840-49d8-aac3-de81602aa1d5@group-E9810A644481, cid=686, SUCCESS, logIndex=970, commits[c9f1298e-d840-49d8-aac3-de81602aa1d5:c970]
2019-08-30 23:39:54,860 [grpc-default-executor-0] INFO  client.GrpcClientProtocolClient (GrpcClientProtocolClient.java:onNext(255)) - client-7EF960CB3D58->c9f1298e-d840-49d8-aac3-de81602aa1d5: receive RaftClientReply:client-7EF960CB3D58->c9f1298e-d840-49d8-aac3-de81602aa1d5@group-E9810A644481, cid=687, SUCCESS, logIndex=971, commits[c9f1298e-d840-49d8-aac3-de81602aa1d5:c972]
2019-08-30 23:39:54,860 [grpc-default-executor-0] INFO  client.GrpcClientProtocolClient (GrpcClientProtocolClient.java:onNext(255)) - client-7EF960CB3D58->c9f1298e-d840-49d8-aac3-de81602aa1d5: receive RaftClientReply:client-7EF960CB3D58->c9f1298e-d840-49d8-aac3-de81602aa1d5@group-E9810A644481, cid=688, SUCCESS, logIndex=972, commits[c9f1298e-d840-49d8-aac3-de81602aa1d5:c972]
2019-08-30 23:39:54,866 [SCMBlockDeletingService#1] DEBUG block.SCMBlockDeletingService (SCMBlockDeletingService.java:call(138)) - Running DeletedBlockTransactionScanner
2019-08-30 23:39:54,866 [SCMBlockDeletingService#1] DEBUG block.SCMBlockDeletingService (SCMBlockDeletingService.java:call(155)) - Scanned deleted blocks log and got 0 delTX to process.
2019-08-30 23:39:54,893 [grpc-default-executor-1] INFO  client.GrpcClientProtocolClient (GrpcClientProtocolClient.java:onNext(255)) - client-7EF960CB3D58->c9f1298e-d840-49d8-aac3-de81602aa1d5: receive RaftClientReply:client-7EF960CB3D58->c9f1298e-d840-49d8-aac3-de81602aa1d5@group-E9810A644481, cid=689, SUCCESS, logIndex=975, commits[c9f1298e-d840-49d8-aac3-de81602aa1d5:c976]
2019-08-30 23:39:54,894 [grpc-default-executor-1] INFO  client.GrpcClientProtocolClient (GrpcClientProtocolClient.java:onNext(255)) - client-7EF960CB3D58->c9f1298e-d840-49d8-aac3-de81602aa1d5: receive RaftClientReply:client-7EF960CB3D58->c9f1298e-d840-49d8-aac3-de81602aa1d5@group-E9810A644481, cid=690, SUCCESS, logIndex=976, commits[c9f1298e-d840-49d8-aac3-de81602aa1d5:c976]
2019-08-30 23:39:54,909 [grpc-default-executor-1] INFO  client.GrpcClientProtocolClient (GrpcClientProtocolClient.java:onNext(255)) - client-7EF960CB3D58->c9f1298e-d840-49d8-aac3-de81602aa1d5: receive RaftClientReply:client-7EF960CB3D58->c9f1298e-d840-49d8-aac3-de81602aa1d5@group-E9810A644481, cid=691, SUCCESS, logIndex=977, commits[c9f1298e-d840-49d8-aac3-de81602aa1d5:c978]
2019-08-30 23:39:54,910 [grpc-default-executor-1] INFO  client.GrpcClientProtocolClient (GrpcClientProtocolClient.java:onNext(255)) - client-7EF960CB3D58->c9f1298e-d840-49d8-aac3-de81602aa1d5: receive RaftClientReply:client-7EF960CB3D58->c9f1298e-d840-49d8-aac3-de81602aa1d5@group-E9810A644481, cid=692, SUCCESS, logIndex=978, commits[c9f1298e-d840-49d8-aac3-de81602aa1d5:c978]
2019-08-30 23:39:54,938 [grpc-default-executor-0] INFO  client.GrpcClientProtocolClient (GrpcClientProtocolClient.java:onNext(255)) - client-7EF960CB3D58->c9f1298e-d840-49d8-aac3-de81602aa1d5: receive RaftClientReply:client-7EF960CB3D58->c9f1298e-d840-49d8-aac3-de81602aa1d5@group-E9810A644481, cid=693, SUCCESS, logIndex=981, commits[c9f1298e-d840-49d8-aac3-de81602aa1d5:c984]
2019-08-30 23:39:54,939 [grpc-default-executor-0] INFO  client.GrpcClientProtocolClient (GrpcClientProtocolClient.java:onNext(255)) - client-7EF960CB3D58->c9f1298e-d840-49d8-aac3-de81602aa1d5: receive RaftClientReply:client-7EF960CB3D58->c9f1298e-d840-49d8-aac3-de81602aa1d5@group-E9810A644481, cid=694, SUCCESS, logIndex=982, commits[c9f1298e-d840-49d8-aac3-de81602aa1d5:c984]
2019-08-30 23:39:54,939 [grpc-default-executor-0] INFO  client.GrpcClientProtocolClient (GrpcClientProtocolClient.java:onNext(255)) - client-7EF960CB3D58->c9f1298e-d840-49d8-aac3-de81602aa1d5: receive RaftClientReply:client-7EF960CB3D58->c9f1298e-d840-49d8-aac3-de81602aa1d5@group-E9810A644481, cid=695, SUCCESS, logIndex=983, commits[c9f1298e-d840-49d8-aac3-de81602aa1d5:c984]
2019-08-30 23:39:54,939 [grpc-default-executor-0] INFO  client.GrpcClientProtocolClient (GrpcClientProtocolClient.java:onNext(255)) - client-7EF960CB3D58->c9f1298e-d840-49d8-aac3-de81602aa1d5: receive RaftClientReply:client-7EF960CB3D58->c9f1298e-d840-49d8-aac3-de81602aa1d5@group-E9810A644481, cid=696, SUCCESS, logIndex=984, commits[c9f1298e-d840-49d8-aac3-de81602aa1d5:c984]
2019-08-30 23:39:54,967 [SCMBlockDeletingService#1] DEBUG block.SCMBlockDeletingService (SCMBlockDeletingService.java:call(138)) - Running DeletedBlockTransactionScanner
2019-08-30 23:39:54,967 [SCMBlockDeletingService#1] DEBUG block.SCMBlockDeletingService (SCMBlockDeletingService.java:call(155)) - Scanned deleted blocks log and got 0 delTX to process.
2019-08-30 23:39:54,969 [grpc-default-executor-1] INFO  client.GrpcClientProtocolClient (GrpcClientProtocolClient.java:onNext(255)) - client-7EF960CB3D58->c9f1298e-d840-49d8-aac3-de81602aa1d5: receive RaftClientReply:client-7EF960CB3D58->c9f1298e-d840-49d8-aac3-de81602aa1d5@group-E9810A644481, cid=697, SUCCESS, logIndex=986, commits[c9f1298e-d840-49d8-aac3-de81602aa1d5:c987]
2019-08-30 23:39:54,970 [grpc-default-executor-1] INFO  client.GrpcClientProtocolClient (GrpcClientProtocolClient.java:onNext(255)) - client-7EF960CB3D58->c9f1298e-d840-49d8-aac3-de81602aa1d5: receive RaftClientReply:client-7EF960CB3D58->c9f1298e-d840-49d8-aac3-de81602aa1d5@group-E9810A644481, cid=698, SUCCESS, logIndex=987, commits[c9f1298e-d840-49d8-aac3-de81602aa1d5:c987]
2019-08-30 23:39:54,988 [grpc-default-executor-1] INFO  client.GrpcClientProtocolClient (GrpcClientProtocolClient.java:onNext(255)) - client-7EF960CB3D58->c9f1298e-d840-49d8-aac3-de81602aa1d5: receive RaftClientReply:client-7EF960CB3D58->c9f1298e-d840-49d8-aac3-de81602aa1d5@group-E9810A644481, cid=699, SUCCESS, logIndex=988, commits[c9f1298e-d840-49d8-aac3-de81602aa1d5:c989]
2019-08-30 23:39:54,989 [grpc-default-executor-1] INFO  client.GrpcClientProtocolClient (GrpcClientProtocolClient.java:onNext(255)) - client-7EF960CB3D58->c9f1298e-d840-49d8-aac3-de81602aa1d5: receive RaftClientReply:client-7EF960CB3D58->c9f1298e-d840-49d8-aac3-de81602aa1d5@group-E9810A644481, cid=700, SUCCESS, logIndex=989, commits[c9f1298e-d840-49d8-aac3-de81602aa1d5:c989]
2019-08-30 23:39:55,014 [grpc-default-executor-0] INFO  client.GrpcClientProtocolClient (GrpcClientProtocolClient.java:onNext(255)) - client-7EF960CB3D58->c9f1298e-d840-49d8-aac3-de81602aa1d5: receive RaftClientReply:client-7EF960CB3D58->c9f1298e-d840-49d8-aac3-de81602aa1d5@group-E9810A644481, cid=701, SUCCESS, logIndex=992, commits[c9f1298e-d840-49d8-aac3-de81602aa1d5:c993]
2019-08-30 23:39:55,015 [grpc-default-executor-0] INFO  client.GrpcClientProtocolClient (GrpcClientProtocolClient.java:onNext(255)) - client-7EF960CB3D58->c9f1298e-d840-49d8-aac3-de81602aa1d5: receive RaftClientReply:client-7EF960CB3D58->c9f1298e-d840-49d8-aac3-de81602aa1d5@group-E9810A644481, cid=702, SUCCESS, logIndex=993, commits[c9f1298e-d840-49d8-aac3-de81602aa1d5:c993]
2019-08-30 23:39:55,023 [grpc-default-executor-0] INFO  client.GrpcClientProtocolClient (GrpcClientProtocolClient.java:onNext(255)) - client-7EF960CB3D58->c9f1298e-d840-49d8-aac3-de81602aa1d5: receive RaftClientReply:client-7EF960CB3D58->c9f1298e-d840-49d8-aac3-de81602aa1d5@group-E9810A644481, cid=703, SUCCESS, logIndex=994, commits[c9f1298e-d840-49d8-aac3-de81602aa1d5:c995]
2019-08-30 23:39:55,024 [grpc-default-executor-0] INFO  client.GrpcClientProtocolClient (GrpcClientProtocolClient.java:onNext(255)) - client-7EF960CB3D58->c9f1298e-d840-49d8-aac3-de81602aa1d5: receive RaftClientReply:client-7EF960CB3D58->c9f1298e-d840-49d8-aac3-de81602aa1d5@group-E9810A644481, cid=704, SUCCESS, logIndex=995, commits[c9f1298e-d840-49d8-aac3-de81602aa1d5:c995]
2019-08-30 23:39:55,056 [grpc-default-executor-0] INFO  client.GrpcClientProtocolClient (GrpcClientProtocolClient.java:onNext(255)) - client-7EF960CB3D58->c9f1298e-d840-49d8-aac3-de81602aa1d5: receive RaftClientReply:client-7EF960CB3D58->c9f1298e-d840-49d8-aac3-de81602aa1d5@group-E9810A644481, cid=705, SUCCESS, logIndex=998, commits[c9f1298e-d840-49d8-aac3-de81602aa1d5:c999]
2019-08-30 23:39:55,057 [grpc-default-executor-0] INFO  client.GrpcClientProtocolClient (GrpcClientProtocolClient.java:onNext(255)) - client-7EF960CB3D58->c9f1298e-d840-49d8-aac3-de81602aa1d5: receive RaftClientReply:client-7EF960CB3D58->c9f1298e-d840-49d8-aac3-de81602aa1d5@group-E9810A644481, cid=706, SUCCESS, logIndex=999, commits[c9f1298e-d840-49d8-aac3-de81602aa1d5:c999]
2019-08-30 23:39:55,067 [SCMBlockDeletingService#1] DEBUG block.SCMBlockDeletingService (SCMBlockDeletingService.java:call(138)) - Running DeletedBlockTransactionScanner
2019-08-30 23:39:55,068 [SCMBlockDeletingService#1] DEBUG block.SCMBlockDeletingService (SCMBlockDeletingService.java:call(155)) - Scanned deleted blocks log and got 0 delTX to process.
2019-08-30 23:39:55,231 [SCMBlockDeletingService#1] DEBUG block.SCMBlockDeletingService (SCMBlockDeletingService.java:call(138)) - Running DeletedBlockTransactionScanner
2019-08-30 23:39:55,232 [SCMBlockDeletingService#1] DEBUG block.SCMBlockDeletingService (SCMBlockDeletingService.java:call(155)) - Scanned deleted blocks log and got 0 delTX to process.
2019-08-30 23:39:55,262 [grpc-default-executor-1] INFO  client.GrpcClientProtocolClient (GrpcClientProtocolClient.java:onNext(255)) - client-7EF960CB3D58->c9f1298e-d840-49d8-aac3-de81602aa1d5: receive RaftClientReply:client-7EF960CB3D58->c9f1298e-d840-49d8-aac3-de81602aa1d5@group-E9810A644481, cid=707, SUCCESS, logIndex=1001, commits[c9f1298e-d840-49d8-aac3-de81602aa1d5:c1002]
2019-08-30 23:39:55,262 [grpc-default-executor-1] INFO  client.GrpcClientProtocolClient (GrpcClientProtocolClient.java:onNext(255)) - client-7EF960CB3D58->c9f1298e-d840-49d8-aac3-de81602aa1d5: receive RaftClientReply:client-7EF960CB3D58->c9f1298e-d840-49d8-aac3-de81602aa1d5@group-E9810A644481, cid=708, SUCCESS, logIndex=1002, commits[c9f1298e-d840-49d8-aac3-de81602aa1d5:c1002]
2019-08-30 23:39:55,293 [grpc-default-executor-1] INFO  client.GrpcClientProtocolClient (GrpcClientProtocolClient.java:onNext(255)) - client-7EF960CB3D58->c9f1298e-d840-49d8-aac3-de81602aa1d5: receive RaftClientReply:client-7EF960CB3D58->c9f1298e-d840-49d8-aac3-de81602aa1d5@group-E9810A644481, cid=709, SUCCESS, logIndex=1004, commits[c9f1298e-d840-49d8-aac3-de81602aa1d5:c1005]
2019-08-30 23:39:55,294 [grpc-default-executor-1] INFO  client.GrpcClientProtocolClient (GrpcClientProtocolClient.java:onNext(255)) - client-7EF960CB3D58->c9f1298e-d840-49d8-aac3-de81602aa1d5: receive RaftClientReply:client-7EF960CB3D58->c9f1298e-d840-49d8-aac3-de81602aa1d5@group-E9810A644481, cid=710, SUCCESS, logIndex=1005, commits[c9f1298e-d840-49d8-aac3-de81602aa1d5:c1005]
2019-08-30 23:39:55,320 [grpc-default-executor-1] INFO  client.GrpcClientProtocolClient (GrpcClientProtocolClient.java:onNext(255)) - client-7EF960CB3D58->c9f1298e-d840-49d8-aac3-de81602aa1d5: receive RaftClientReply:client-7EF960CB3D58->c9f1298e-d840-49d8-aac3-de81602aa1d5@group-E9810A644481, cid=711, SUCCESS, logIndex=1006, commits[c9f1298e-d840-49d8-aac3-de81602aa1d5:c1007]
2019-08-30 23:39:55,320 [grpc-default-executor-1] INFO  client.GrpcClientProtocolClient (GrpcClientProtocolClient.java:onNext(255)) - client-7EF960CB3D58->c9f1298e-d840-49d8-aac3-de81602aa1d5: receive RaftClientReply:client-7EF960CB3D58->c9f1298e-d840-49d8-aac3-de81602aa1d5@group-E9810A644481, cid=712, SUCCESS, logIndex=1007, commits[c9f1298e-d840-49d8-aac3-de81602aa1d5:c1007]
2019-08-30 23:39:55,332 [SCMBlockDeletingService#1] DEBUG block.SCMBlockDeletingService (SCMBlockDeletingService.java:call(138)) - Running DeletedBlockTransactionScanner
2019-08-30 23:39:55,332 [SCMBlockDeletingService#1] DEBUG block.SCMBlockDeletingService (SCMBlockDeletingService.java:call(155)) - Scanned deleted blocks log and got 0 delTX to process.
2019-08-30 23:39:55,359 [grpc-default-executor-1] INFO  client.GrpcClientProtocolClient (GrpcClientProtocolClient.java:onNext(255)) - client-7EF960CB3D58->c9f1298e-d840-49d8-aac3-de81602aa1d5: receive RaftClientReply:client-7EF960CB3D58->c9f1298e-d840-49d8-aac3-de81602aa1d5@group-E9810A644481, cid=713, SUCCESS, logIndex=1010, commits[c9f1298e-d840-49d8-aac3-de81602aa1d5:c1013]
2019-08-30 23:39:55,359 [grpc-default-executor-1] INFO  client.GrpcClientProtocolClient (GrpcClientProtocolClient.java:onNext(255)) - client-7EF960CB3D58->c9f1298e-d840-49d8-aac3-de81602aa1d5: receive RaftClientReply:client-7EF960CB3D58->c9f1298e-d840-49d8-aac3-de81602aa1d5@group-E9810A644481, cid=714, SUCCESS, logIndex=1011, commits[c9f1298e-d840-49d8-aac3-de81602aa1d5:c1013]
2019-08-30 23:39:55,360 [grpc-default-executor-1] INFO  client.GrpcClientProtocolClient (GrpcClientProtocolClient.java:onNext(255)) - client-7EF960CB3D58->c9f1298e-d840-49d8-aac3-de81602aa1d5: receive RaftClientReply:client-7EF960CB3D58->c9f1298e-d840-49d8-aac3-de81602aa1d5@group-E9810A644481, cid=715, SUCCESS, logIndex=1012, commits[c9f1298e-d840-49d8-aac3-de81602aa1d5:c1013]
2019-08-30 23:39:55,360 [grpc-default-executor-1] INFO  client.GrpcClientProtocolClient (GrpcClientProtocolClient.java:onNext(255)) - client-7EF960CB3D58->c9f1298e-d840-49d8-aac3-de81602aa1d5: receive RaftClientReply:client-7EF960CB3D58->c9f1298e-d840-49d8-aac3-de81602aa1d5@group-E9810A644481, cid=716, SUCCESS, logIndex=1013, commits[c9f1298e-d840-49d8-aac3-de81602aa1d5:c1013]
2019-08-30 23:39:55,398 [grpc-default-executor-1] INFO  client.GrpcClientProtocolClient (GrpcClientProtocolClient.java:onNext(255)) - client-7EF960CB3D58->c9f1298e-d840-49d8-aac3-de81602aa1d5: receive RaftClientReply:client-7EF960CB3D58->c9f1298e-d840-49d8-aac3-de81602aa1d5@group-E9810A644481, cid=717, SUCCESS, logIndex=1015, commits[c9f1298e-d840-49d8-aac3-de81602aa1d5:c1016]
2019-08-30 23:39:55,398 [grpc-default-executor-1] INFO  client.GrpcClientProtocolClient (GrpcClientProtocolClient.java:onNext(255)) - client-7EF960CB3D58->c9f1298e-d840-49d8-aac3-de81602aa1d5: receive RaftClientReply:client-7EF960CB3D58->c9f1298e-d840-49d8-aac3-de81602aa1d5@group-E9810A644481, cid=718, SUCCESS, logIndex=1016, commits[c9f1298e-d840-49d8-aac3-de81602aa1d5:c1016]
2019-08-30 23:39:55,407 [grpc-default-executor-1] INFO  client.GrpcClientProtocolClient (GrpcClientProtocolClient.java:onNext(255)) - client-7EF960CB3D58->c9f1298e-d840-49d8-aac3-de81602aa1d5: receive RaftClientReply:client-7EF960CB3D58->c9f1298e-d840-49d8-aac3-de81602aa1d5@group-E9810A644481, cid=719, SUCCESS, logIndex=1017, commits[c9f1298e-d840-49d8-aac3-de81602aa1d5:c1018]
2019-08-30 23:39:55,407 [grpc-default-executor-1] INFO  client.GrpcClientProtocolClient (GrpcClientProtocolClient.java:onNext(255)) - client-7EF960CB3D58->c9f1298e-d840-49d8-aac3-de81602aa1d5: receive RaftClientReply:client-7EF960CB3D58->c9f1298e-d840-49d8-aac3-de81602aa1d5@group-E9810A644481, cid=720, SUCCESS, logIndex=1018, commits[c9f1298e-d840-49d8-aac3-de81602aa1d5:c1018]
2019-08-30 23:39:55,433 [SCMBlockDeletingService#1] DEBUG block.SCMBlockDeletingService (SCMBlockDeletingService.java:call(138)) - Running DeletedBlockTransactionScanner
2019-08-30 23:39:55,433 [SCMBlockDeletingService#1] DEBUG block.SCMBlockDeletingService (SCMBlockDeletingService.java:call(155)) - Scanned deleted blocks log and got 0 delTX to process.
2019-08-30 23:39:55,438 [grpc-default-executor-1] INFO  client.GrpcClientProtocolClient (GrpcClientProtocolClient.java:onNext(255)) - client-7EF960CB3D58->c9f1298e-d840-49d8-aac3-de81602aa1d5: receive RaftClientReply:client-7EF960CB3D58->c9f1298e-d840-49d8-aac3-de81602aa1d5@group-E9810A644481, cid=721, SUCCESS, logIndex=1021, commits[c9f1298e-d840-49d8-aac3-de81602aa1d5:c1024]
2019-08-30 23:39:55,438 [grpc-default-executor-1] INFO  client.GrpcClientProtocolClient (GrpcClientProtocolClient.java:onNext(255)) - client-7EF960CB3D58->c9f1298e-d840-49d8-aac3-de81602aa1d5: receive RaftClientReply:client-7EF960CB3D58->c9f1298e-d840-49d8-aac3-de81602aa1d5@group-E9810A644481, cid=722, SUCCESS, logIndex=1022, commits[c9f1298e-d840-49d8-aac3-de81602aa1d5:c1024]
2019-08-30 23:39:55,439 [grpc-default-executor-1] INFO  client.GrpcClientProtocolClient (GrpcClientProtocolClient.java:onNext(255)) - client-7EF960CB3D58->c9f1298e-d840-49d8-aac3-de81602aa1d5: receive RaftClientReply:client-7EF960CB3D58->c9f1298e-d840-49d8-aac3-de81602aa1d5@group-E9810A644481, cid=723, SUCCESS, logIndex=1023, commits[c9f1298e-d840-49d8-aac3-de81602aa1d5:c1024]
2019-08-30 23:39:55,439 [grpc-default-executor-1] INFO  client.GrpcClientProtocolClient (GrpcClientProtocolClient.java:onNext(255)) - client-7EF960CB3D58->c9f1298e-d840-49d8-aac3-de81602aa1d5: receive RaftClientReply:client-7EF960CB3D58->c9f1298e-d840-49d8-aac3-de81602aa1d5@group-E9810A644481, cid=724, SUCCESS, logIndex=1024, commits[c9f1298e-d840-49d8-aac3-de81602aa1d5:c1024]
2019-08-30 23:39:55,470 [grpc-default-executor-1] INFO  client.GrpcClientProtocolClient (GrpcClientProtocolClient.java:onNext(255)) - client-7EF960CB3D58->c9f1298e-d840-49d8-aac3-de81602aa1d5: receive RaftClientReply:client-7EF960CB3D58->c9f1298e-d840-49d8-aac3-de81602aa1d5@group-E9810A644481, cid=725, SUCCESS, logIndex=1026, commits[c9f1298e-d840-49d8-aac3-de81602aa1d5:c1029]
2019-08-30 23:39:55,470 [grpc-default-executor-1] INFO  client.GrpcClientProtocolClient (GrpcClientProtocolClient.java:onNext(255)) - client-7EF960CB3D58->c9f1298e-d840-49d8-aac3-de81602aa1d5: receive RaftClientReply:client-7EF960CB3D58->c9f1298e-d840-49d8-aac3-de81602aa1d5@group-E9810A644481, cid=726, SUCCESS, logIndex=1027, commits[c9f1298e-d840-49d8-aac3-de81602aa1d5:c1029]
2019-08-30 23:39:55,470 [grpc-default-executor-1] INFO  client.GrpcClientProtocolClient (GrpcClientProtocolClient.java:onNext(255)) - client-7EF960CB3D58->c9f1298e-d840-49d8-aac3-de81602aa1d5: receive RaftClientReply:client-7EF960CB3D58->c9f1298e-d840-49d8-aac3-de81602aa1d5@group-E9810A644481, cid=727, SUCCESS, logIndex=1028, commits[c9f1298e-d840-49d8-aac3-de81602aa1d5:c1029]
2019-08-30 23:39:55,471 [grpc-default-executor-1] INFO  client.GrpcClientProtocolClient (GrpcClientProtocolClient.java:onNext(255)) - client-7EF960CB3D58->c9f1298e-d840-49d8-aac3-de81602aa1d5: receive RaftClientReply:client-7EF960CB3D58->c9f1298e-d840-49d8-aac3-de81602aa1d5@group-E9810A644481, cid=728, SUCCESS, logIndex=1029, commits[c9f1298e-d840-49d8-aac3-de81602aa1d5:c1029]
2019-08-30 23:39:55,500 [grpc-default-executor-1] INFO  client.GrpcClientProtocolClient (GrpcClientProtocolClient.java:onNext(255)) - client-7EF960CB3D58->c9f1298e-d840-49d8-aac3-de81602aa1d5: receive RaftClientReply:client-7EF960CB3D58->c9f1298e-d840-49d8-aac3-de81602aa1d5@group-E9810A644481, cid=729, SUCCESS, logIndex=1031, commits[c9f1298e-d840-49d8-aac3-de81602aa1d5:c1032]
2019-08-30 23:39:55,501 [grpc-default-executor-1] INFO  client.GrpcClientProtocolClient (GrpcClientProtocolClient.java:onNext(255)) - client-7EF960CB3D58->c9f1298e-d840-49d8-aac3-de81602aa1d5: receive RaftClientReply:client-7EF960CB3D58->c9f1298e-d840-49d8-aac3-de81602aa1d5@group-E9810A644481, cid=730, SUCCESS, logIndex=1032, commits[c9f1298e-d840-49d8-aac3-de81602aa1d5:c1032]
2019-08-30 23:39:55,508 [grpc-default-executor-1] INFO  client.GrpcClientProtocolClient (GrpcClientProtocolClient.java:onNext(255)) - client-7EF960CB3D58->c9f1298e-d840-49d8-aac3-de81602aa1d5: receive RaftClientReply:client-7EF960CB3D58->c9f1298e-d840-49d8-aac3-de81602aa1d5@group-E9810A644481, cid=731, SUCCESS, logIndex=1033, commits[c9f1298e-d840-49d8-aac3-de81602aa1d5:c1034]
2019-08-30 23:39:55,509 [grpc-default-executor-1] INFO  client.GrpcClientProtocolClient (GrpcClientProtocolClient.java:onNext(255)) - client-7EF960CB3D58->c9f1298e-d840-49d8-aac3-de81602aa1d5: receive RaftClientReply:client-7EF960CB3D58->c9f1298e-d840-49d8-aac3-de81602aa1d5@group-E9810A644481, cid=732, SUCCESS, logIndex=1034, commits[c9f1298e-d840-49d8-aac3-de81602aa1d5:c1034]
2019-08-30 23:39:55,533 [SCMBlockDeletingService#1] DEBUG block.SCMBlockDeletingService (SCMBlockDeletingService.java:call(138)) - Running DeletedBlockTransactionScanner
2019-08-30 23:39:55,534 [SCMBlockDeletingService#1] DEBUG block.SCMBlockDeletingService (SCMBlockDeletingService.java:call(155)) - Scanned deleted blocks log and got 0 delTX to process.
2019-08-30 23:39:55,547 [grpc-default-executor-1] INFO  client.GrpcClientProtocolClient (GrpcClientProtocolClient.java:onNext(255)) - client-7EF960CB3D58->c9f1298e-d840-49d8-aac3-de81602aa1d5: receive RaftClientReply:client-7EF960CB3D58->c9f1298e-d840-49d8-aac3-de81602aa1d5@group-E9810A644481, cid=733, SUCCESS, logIndex=1037, commits[c9f1298e-d840-49d8-aac3-de81602aa1d5:c1040]
2019-08-30 23:39:55,547 [grpc-default-executor-1] INFO  client.GrpcClientProtocolClient (GrpcClientProtocolClient.java:onNext(255)) - client-7EF960CB3D58->c9f1298e-d840-49d8-aac3-de81602aa1d5: receive RaftClientReply:client-7EF960CB3D58->c9f1298e-d840-49d8-aac3-de81602aa1d5@group-E9810A644481, cid=734, SUCCESS, logIndex=1038, commits[c9f1298e-d840-49d8-aac3-de81602aa1d5:c1040]
2019-08-30 23:39:55,548 [grpc-default-executor-1] INFO  client.GrpcClientProtocolClient (GrpcClientProtocolClient.java:onNext(255)) - client-7EF960CB3D58->c9f1298e-d840-49d8-aac3-de81602aa1d5: receive RaftClientReply:client-7EF960CB3D58->c9f1298e-d840-49d8-aac3-de81602aa1d5@group-E9810A644481, cid=735, SUCCESS, logIndex=1039, commits[c9f1298e-d840-49d8-aac3-de81602aa1d5:c1040]
2019-08-30 23:39:55,548 [grpc-default-executor-1] INFO  client.GrpcClientProtocolClient (GrpcClientProtocolClient.java:onNext(255)) - client-7EF960CB3D58->c9f1298e-d840-49d8-aac3-de81602aa1d5: receive RaftClientReply:client-7EF960CB3D58->c9f1298e-d840-49d8-aac3-de81602aa1d5@group-E9810A644481, cid=736, SUCCESS, logIndex=1040, commits[c9f1298e-d840-49d8-aac3-de81602aa1d5:c1040]
2019-08-30 23:39:55,581 [grpc-default-executor-1] INFO  client.GrpcClientProtocolClient (GrpcClientProtocolClient.java:onNext(255)) - client-7EF960CB3D58->c9f1298e-d840-49d8-aac3-de81602aa1d5: receive RaftClientReply:client-7EF960CB3D58->c9f1298e-d840-49d8-aac3-de81602aa1d5@group-E9810A644481, cid=737, SUCCESS, logIndex=1042, commits[c9f1298e-d840-49d8-aac3-de81602aa1d5:c1045]
2019-08-30 23:39:55,582 [grpc-default-executor-1] INFO  client.GrpcClientProtocolClient (GrpcClientProtocolClient.java:onNext(255)) - client-7EF960CB3D58->c9f1298e-d840-49d8-aac3-de81602aa1d5: receive RaftClientReply:client-7EF960CB3D58->c9f1298e-d840-49d8-aac3-de81602aa1d5@group-E9810A644481, cid=738, SUCCESS, logIndex=1043, commits[c9f1298e-d840-49d8-aac3-de81602aa1d5:c1045]
2019-08-30 23:39:55,582 [grpc-default-executor-1] INFO  client.GrpcClientProtocolClient (GrpcClientProtocolClient.java:onNext(255)) - client-7EF960CB3D58->c9f1298e-d840-49d8-aac3-de81602aa1d5: receive RaftClientReply:client-7EF960CB3D58->c9f1298e-d840-49d8-aac3-de81602aa1d5@group-E9810A644481, cid=739, SUCCESS, logIndex=1044, commits[c9f1298e-d840-49d8-aac3-de81602aa1d5:c1045]
2019-08-30 23:39:55,583 [grpc-default-executor-1] INFO  client.GrpcClientProtocolClient (GrpcClientProtocolClient.java:onNext(255)) - client-7EF960CB3D58->c9f1298e-d840-49d8-aac3-de81602aa1d5: receive RaftClientReply:client-7EF960CB3D58->c9f1298e-d840-49d8-aac3-de81602aa1d5@group-E9810A644481, cid=740, SUCCESS, logIndex=1045, commits[c9f1298e-d840-49d8-aac3-de81602aa1d5:c1045]
2019-08-30 23:39:55,602 [grpc-default-executor-0] INFO  client.GrpcClientProtocolClient (GrpcClientProtocolClient.java:onNext(255)) - client-7EF960CB3D58->c9f1298e-d840-49d8-aac3-de81602aa1d5: receive RaftClientReply:client-7EF960CB3D58->c9f1298e-d840-49d8-aac3-de81602aa1d5@group-E9810A644481, cid=741, SUCCESS, logIndex=1047, commits[c9f1298e-d840-49d8-aac3-de81602aa1d5:c1050]
2019-08-30 23:39:55,603 [grpc-default-executor-0] INFO  client.GrpcClientProtocolClient (GrpcClientProtocolClient.java:onNext(255)) - client-7EF960CB3D58->c9f1298e-d840-49d8-aac3-de81602aa1d5: receive RaftClientReply:client-7EF960CB3D58->c9f1298e-d840-49d8-aac3-de81602aa1d5@group-E9810A644481, cid=742, SUCCESS, logIndex=1048, commits[c9f1298e-d840-49d8-aac3-de81602aa1d5:c1050]
2019-08-30 23:39:55,604 [grpc-default-executor-0] INFO  client.GrpcClientProtocolClient (GrpcClientProtocolClient.java:onNext(255)) - client-7EF960CB3D58->c9f1298e-d840-49d8-aac3-de81602aa1d5: receive RaftClientReply:client-7EF960CB3D58->c9f1298e-d840-49d8-aac3-de81602aa1d5@group-E9810A644481, cid=743, SUCCESS, logIndex=1049, commits[c9f1298e-d840-49d8-aac3-de81602aa1d5:c1050]
2019-08-30 23:39:55,604 [grpc-default-executor-0] INFO  client.GrpcClientProtocolClient (GrpcClientProtocolClient.java:onNext(255)) - client-7EF960CB3D58->c9f1298e-d840-49d8-aac3-de81602aa1d5: receive RaftClientReply:client-7EF960CB3D58->c9f1298e-d840-49d8-aac3-de81602aa1d5@group-E9810A644481, cid=744, SUCCESS, logIndex=1050, commits[c9f1298e-d840-49d8-aac3-de81602aa1d5:c1050]
2019-08-30 23:39:55,627 [grpc-default-executor-0] INFO  client.GrpcClientProtocolClient (GrpcClientProtocolClient.java:onNext(255)) - client-7EF960CB3D58->c9f1298e-d840-49d8-aac3-de81602aa1d5: receive RaftClientReply:client-7EF960CB3D58->c9f1298e-d840-49d8-aac3-de81602aa1d5@group-E9810A644481, cid=745, SUCCESS, logIndex=1052, commits[c9f1298e-d840-49d8-aac3-de81602aa1d5:c1053]
2019-08-30 23:39:55,628 [grpc-default-executor-0] INFO  client.GrpcClientProtocolClient (GrpcClientProtocolClient.java:onNext(255)) - client-7EF960CB3D58->c9f1298e-d840-49d8-aac3-de81602aa1d5: receive RaftClientReply:client-7EF960CB3D58->c9f1298e-d840-49d8-aac3-de81602aa1d5@group-E9810A644481, cid=746, SUCCESS, logIndex=1053, commits[c9f1298e-d840-49d8-aac3-de81602aa1d5:c1053]
2019-08-30 23:39:55,632 [grpc-default-executor-0] INFO  client.GrpcClientProtocolClient (GrpcClientProtocolClient.java:onNext(255)) - client-7EF960CB3D58->c9f1298e-d840-49d8-aac3-de81602aa1d5: receive RaftClientReply:client-7EF960CB3D58->c9f1298e-d840-49d8-aac3-de81602aa1d5@group-E9810A644481, cid=747, SUCCESS, logIndex=1054, commits[c9f1298e-d840-49d8-aac3-de81602aa1d5:c1055]
2019-08-30 23:39:55,633 [grpc-default-executor-0] INFO  client.GrpcClientProtocolClient (GrpcClientProtocolClient.java:onNext(255)) - client-7EF960CB3D58->c9f1298e-d840-49d8-aac3-de81602aa1d5: receive RaftClientReply:client-7EF960CB3D58->c9f1298e-d840-49d8-aac3-de81602aa1d5@group-E9810A644481, cid=748, SUCCESS, logIndex=1055, commits[c9f1298e-d840-49d8-aac3-de81602aa1d5:c1055]
2019-08-30 23:39:55,634 [SCMBlockDeletingService#1] DEBUG block.SCMBlockDeletingService (SCMBlockDeletingService.java:call(138)) - Running DeletedBlockTransactionScanner
2019-08-30 23:39:55,634 [SCMBlockDeletingService#1] DEBUG block.SCMBlockDeletingService (SCMBlockDeletingService.java:call(155)) - Scanned deleted blocks log and got 0 delTX to process.
2019-08-30 23:39:55,660 [grpc-default-executor-1] INFO  client.GrpcClientProtocolClient (GrpcClientProtocolClient.java:onNext(255)) - client-7EF960CB3D58->c9f1298e-d840-49d8-aac3-de81602aa1d5: receive RaftClientReply:client-7EF960CB3D58->c9f1298e-d840-49d8-aac3-de81602aa1d5@group-E9810A644481, cid=749, SUCCESS, logIndex=1058, commits[c9f1298e-d840-49d8-aac3-de81602aa1d5:c1059]
2019-08-30 23:39:55,660 [grpc-default-executor-1] INFO  client.GrpcClientProtocolClient (GrpcClientProtocolClient.java:onNext(255)) - client-7EF960CB3D58->c9f1298e-d840-49d8-aac3-de81602aa1d5: receive RaftClientReply:client-7EF960CB3D58->c9f1298e-d840-49d8-aac3-de81602aa1d5@group-E9810A644481, cid=750, SUCCESS, logIndex=1059, commits[c9f1298e-d840-49d8-aac3-de81602aa1d5:c1059]
2019-08-30 23:39:55,734 [SCMBlockDeletingService#1] DEBUG block.SCMBlockDeletingService (SCMBlockDeletingService.java:call(138)) - Running DeletedBlockTransactionScanner
2019-08-30 23:39:55,735 [SCMBlockDeletingService#1] DEBUG block.SCMBlockDeletingService (SCMBlockDeletingService.java:call(155)) - Scanned deleted blocks log and got 0 delTX to process.
2019-08-30 23:39:55,740 [grpc-default-executor-1] INFO  client.GrpcClientProtocolClient (GrpcClientProtocolClient.java:onNext(255)) - client-7EF960CB3D58->c9f1298e-d840-49d8-aac3-de81602aa1d5: receive RaftClientReply:client-7EF960CB3D58->c9f1298e-d840-49d8-aac3-de81602aa1d5@group-E9810A644481, cid=751, SUCCESS, logIndex=1061, commits[c9f1298e-d840-49d8-aac3-de81602aa1d5:c1062]
2019-08-30 23:39:55,741 [grpc-default-executor-1] INFO  client.GrpcClientProtocolClient (GrpcClientProtocolClient.java:onNext(255)) - client-7EF960CB3D58->c9f1298e-d840-49d8-aac3-de81602aa1d5: receive RaftClientReply:client-7EF960CB3D58->c9f1298e-d840-49d8-aac3-de81602aa1d5@group-E9810A644481, cid=752, SUCCESS, logIndex=1062, commits[c9f1298e-d840-49d8-aac3-de81602aa1d5:c1062]
2019-08-30 23:39:55,775 [grpc-default-executor-1] INFO  client.GrpcClientProtocolClient (GrpcClientProtocolClient.java:onNext(255)) - client-7EF960CB3D58->c9f1298e-d840-49d8-aac3-de81602aa1d5: receive RaftClientReply:client-7EF960CB3D58->c9f1298e-d840-49d8-aac3-de81602aa1d5@group-E9810A644481, cid=753, SUCCESS, logIndex=1064, commits[c9f1298e-d840-49d8-aac3-de81602aa1d5:c1067]
2019-08-30 23:39:55,776 [grpc-default-executor-1] INFO  client.GrpcClientProtocolClient (GrpcClientProtocolClient.java:onNext(255)) - client-7EF960CB3D58->c9f1298e-d840-49d8-aac3-de81602aa1d5: receive RaftClientReply:client-7EF960CB3D58->c9f1298e-d840-49d8-aac3-de81602aa1d5@group-E9810A644481, cid=754, SUCCESS, logIndex=1065, commits[c9f1298e-d840-49d8-aac3-de81602aa1d5:c1067]
2019-08-30 23:39:55,777 [grpc-default-executor-1] INFO  client.GrpcClientProtocolClient (GrpcClientProtocolClient.java:onNext(255)) - client-7EF960CB3D58->c9f1298e-d840-49d8-aac3-de81602aa1d5: receive RaftClientReply:client-7EF960CB3D58->c9f1298e-d840-49d8-aac3-de81602aa1d5@group-E9810A644481, cid=755, SUCCESS, logIndex=1066, commits[c9f1298e-d840-49d8-aac3-de81602aa1d5:c1067]
2019-08-30 23:39:55,777 [grpc-default-executor-1] INFO  client.GrpcClientProtocolClient (GrpcClientProtocolClient.java:onNext(255)) - client-7EF960CB3D58->c9f1298e-d840-49d8-aac3-de81602aa1d5: receive RaftClientReply:client-7EF960CB3D58->c9f1298e-d840-49d8-aac3-de81602aa1d5@group-E9810A644481, cid=756, SUCCESS, logIndex=1067, commits[c9f1298e-d840-49d8-aac3-de81602aa1d5:c1067]
2019-08-30 23:39:55,791 [grpc-default-executor-1] INFO  client.GrpcClientProtocolClient (GrpcClientProtocolClient.java:onNext(255)) - client-7EF960CB3D58->c9f1298e-d840-49d8-aac3-de81602aa1d5: receive RaftClientReply:client-7EF960CB3D58->c9f1298e-d840-49d8-aac3-de81602aa1d5@group-E9810A644481, cid=757, SUCCESS, logIndex=1069, commits[c9f1298e-d840-49d8-aac3-de81602aa1d5:c1070]
2019-08-30 23:39:55,792 [grpc-default-executor-1] INFO  client.GrpcClientProtocolClient (GrpcClientProtocolClient.java:onNext(255)) - client-7EF960CB3D58->c9f1298e-d840-49d8-aac3-de81602aa1d5: receive RaftClientReply:client-7EF960CB3D58->c9f1298e-d840-49d8-aac3-de81602aa1d5@group-E9810A644481, cid=758, SUCCESS, logIndex=1070, commits[c9f1298e-d840-49d8-aac3-de81602aa1d5:c1070]
2019-08-30 23:39:55,797 [grpc-default-executor-1] INFO  client.GrpcClientProtocolClient (GrpcClientProtocolClient.java:onNext(255)) - client-7EF960CB3D58->c9f1298e-d840-49d8-aac3-de81602aa1d5: receive RaftClientReply:client-7EF960CB3D58->c9f1298e-d840-49d8-aac3-de81602aa1d5@group-E9810A644481, cid=759, SUCCESS, logIndex=1071, commits[c9f1298e-d840-49d8-aac3-de81602aa1d5:c1072]
2019-08-30 23:39:55,798 [grpc-default-executor-1] INFO  client.GrpcClientProtocolClient (GrpcClientProtocolClient.java:onNext(255)) - client-7EF960CB3D58->c9f1298e-d840-49d8-aac3-de81602aa1d5: receive RaftClientReply:client-7EF960CB3D58->c9f1298e-d840-49d8-aac3-de81602aa1d5@group-E9810A644481, cid=760, SUCCESS, logIndex=1072, commits[c9f1298e-d840-49d8-aac3-de81602aa1d5:c1072]
2019-08-30 23:39:55,821 [grpc-default-executor-1] INFO  client.GrpcClientProtocolClient (GrpcClientProtocolClient.java:onNext(255)) - client-7EF960CB3D58->c9f1298e-d840-49d8-aac3-de81602aa1d5: receive RaftClientReply:client-7EF960CB3D58->c9f1298e-d840-49d8-aac3-de81602aa1d5@group-E9810A644481, cid=761, SUCCESS, logIndex=1075, commits[c9f1298e-d840-49d8-aac3-de81602aa1d5:c1076]
2019-08-30 23:39:55,822 [grpc-default-executor-1] INFO  client.GrpcClientProtocolClient (GrpcClientProtocolClient.java:onNext(255)) - client-7EF960CB3D58->c9f1298e-d840-49d8-aac3-de81602aa1d5: receive RaftClientReply:client-7EF960CB3D58->c9f1298e-d840-49d8-aac3-de81602aa1d5@group-E9810A644481, cid=762, SUCCESS, logIndex=1076, commits[c9f1298e-d840-49d8-aac3-de81602aa1d5:c1076]
2019-08-30 23:39:55,832 [grpc-default-executor-1] INFO  client.GrpcClientProtocolClient (GrpcClientProtocolClient.java:onNext(255)) - client-7EF960CB3D58->c9f1298e-d840-49d8-aac3-de81602aa1d5: receive RaftClientReply:client-7EF960CB3D58->c9f1298e-d840-49d8-aac3-de81602aa1d5@group-E9810A644481, cid=763, SUCCESS, logIndex=1077, commits[c9f1298e-d840-49d8-aac3-de81602aa1d5:c1078]
2019-08-30 23:39:55,832 [grpc-default-executor-1] INFO  client.GrpcClientProtocolClient (GrpcClientProtocolClient.java:onNext(255)) - client-7EF960CB3D58->c9f1298e-d840-49d8-aac3-de81602aa1d5: receive RaftClientReply:client-7EF960CB3D58->c9f1298e-d840-49d8-aac3-de81602aa1d5@group-E9810A644481, cid=764, SUCCESS, logIndex=1078, commits[c9f1298e-d840-49d8-aac3-de81602aa1d5:c1078]
2019-08-30 23:39:55,835 [SCMBlockDeletingService#1] DEBUG block.SCMBlockDeletingService (SCMBlockDeletingService.java:call(138)) - Running DeletedBlockTransactionScanner
2019-08-30 23:39:55,835 [SCMBlockDeletingService#1] DEBUG block.SCMBlockDeletingService (SCMBlockDeletingService.java:call(155)) - Scanned deleted blocks log and got 0 delTX to process.
2019-08-30 23:39:55,871 [grpc-default-executor-1] INFO  client.GrpcClientProtocolClient (GrpcClientProtocolClient.java:onNext(255)) - client-7EF960CB3D58->c9f1298e-d840-49d8-aac3-de81602aa1d5: receive RaftClientReply:client-7EF960CB3D58->c9f1298e-d840-49d8-aac3-de81602aa1d5@group-E9810A644481, cid=765, SUCCESS, logIndex=1081, commits[c9f1298e-d840-49d8-aac3-de81602aa1d5:c1084]
2019-08-30 23:39:55,872 [grpc-default-executor-1] INFO  client.GrpcClientProtocolClient (GrpcClientProtocolClient.java:onNext(255)) - client-7EF960CB3D58->c9f1298e-d840-49d8-aac3-de81602aa1d5: receive RaftClientReply:client-7EF960CB3D58->c9f1298e-d840-49d8-aac3-de81602aa1d5@group-E9810A644481, cid=766, SUCCESS, logIndex=1082, commits[c9f1298e-d840-49d8-aac3-de81602aa1d5:c1084]
2019-08-30 23:39:55,872 [grpc-default-executor-1] INFO  client.GrpcClientProtocolClient (GrpcClientProtocolClient.java:onNext(255)) - client-7EF960CB3D58->c9f1298e-d840-49d8-aac3-de81602aa1d5: receive RaftClientReply:client-7EF960CB3D58->c9f1298e-d840-49d8-aac3-de81602aa1d5@group-E9810A644481, cid=767, SUCCESS, logIndex=1083, commits[c9f1298e-d840-49d8-aac3-de81602aa1d5:c1084]
2019-08-30 23:39:55,873 [grpc-default-executor-1] INFO  client.GrpcClientProtocolClient (GrpcClientProtocolClient.java:onNext(255)) - client-7EF960CB3D58->c9f1298e-d840-49d8-aac3-de81602aa1d5: receive RaftClientReply:client-7EF960CB3D58->c9f1298e-d840-49d8-aac3-de81602aa1d5@group-E9810A644481, cid=768, SUCCESS, logIndex=1084, commits[c9f1298e-d840-49d8-aac3-de81602aa1d5:c1084]
2019-08-30 23:39:55,900 [grpc-default-executor-1] INFO  client.GrpcClientProtocolClient (GrpcClientProtocolClient.java:onNext(255)) - client-7EF960CB3D58->c9f1298e-d840-49d8-aac3-de81602aa1d5: receive RaftClientReply:client-7EF960CB3D58->c9f1298e-d840-49d8-aac3-de81602aa1d5@group-E9810A644481, cid=769, SUCCESS, logIndex=1086, commits[c9f1298e-d840-49d8-aac3-de81602aa1d5:c1087]
2019-08-30 23:39:55,901 [grpc-default-executor-1] INFO  client.GrpcClientProtocolClient (GrpcClientProtocolClient.java:onNext(255)) - client-7EF960CB3D58->c9f1298e-d840-49d8-aac3-de81602aa1d5: receive RaftClientReply:client-7EF960CB3D58->c9f1298e-d840-49d8-aac3-de81602aa1d5@group-E9810A644481, cid=770, SUCCESS, logIndex=1087, commits[c9f1298e-d840-49d8-aac3-de81602aa1d5:c1087]
2019-08-30 23:39:55,914 [grpc-default-executor-1] INFO  client.GrpcClientProtocolClient (GrpcClientProtocolClient.java:onNext(255)) - client-7EF960CB3D58->c9f1298e-d840-49d8-aac3-de81602aa1d5: receive RaftClientReply:client-7EF960CB3D58->c9f1298e-d840-49d8-aac3-de81602aa1d5@group-E9810A644481, cid=771, SUCCESS, logIndex=1088, commits[c9f1298e-d840-49d8-aac3-de81602aa1d5:c1089]
2019-08-30 23:39:55,915 [grpc-default-executor-1] INFO  client.GrpcClientProtocolClient (GrpcClientProtocolClient.java:onNext(255)) - client-7EF960CB3D58->c9f1298e-d840-49d8-aac3-de81602aa1d5: receive RaftClientReply:client-7EF960CB3D58->c9f1298e-d840-49d8-aac3-de81602aa1d5@group-E9810A644481, cid=772, SUCCESS, logIndex=1089, commits[c9f1298e-d840-49d8-aac3-de81602aa1d5:c1089]
2019-08-30 23:39:55,934 [grpc-default-executor-0] INFO  client.GrpcClientProtocolClient (GrpcClientProtocolClient.java:onNext(255)) - client-7EF960CB3D58->c9f1298e-d840-49d8-aac3-de81602aa1d5: receive RaftClientReply:client-7EF960CB3D58->c9f1298e-d840-49d8-aac3-de81602aa1d5@group-E9810A644481, cid=773, SUCCESS, logIndex=1092, commits[c9f1298e-d840-49d8-aac3-de81602aa1d5:c1093]
2019-08-30 23:39:55,935 [grpc-default-executor-0] INFO  client.GrpcClientProtocolClient (GrpcClientProtocolClient.java:onNext(255)) - client-7EF960CB3D58->c9f1298e-d840-49d8-aac3-de81602aa1d5: receive RaftClientReply:client-7EF960CB3D58->c9f1298e-d840-49d8-aac3-de81602aa1d5@group-E9810A644481, cid=774, SUCCESS, logIndex=1093, commits[c9f1298e-d840-49d8-aac3-de81602aa1d5:c1095]
2019-08-30 23:39:55,935 [grpc-default-executor-0] INFO  client.GrpcClientProtocolClient (GrpcClientProtocolClient.java:onNext(255)) - client-7EF960CB3D58->c9f1298e-d840-49d8-aac3-de81602aa1d5: receive RaftClientReply:client-7EF960CB3D58->c9f1298e-d840-49d8-aac3-de81602aa1d5@group-E9810A644481, cid=775, SUCCESS, logIndex=1094, commits[c9f1298e-d840-49d8-aac3-de81602aa1d5:c1095]
2019-08-30 23:39:55,936 [grpc-default-executor-0] INFO  client.GrpcClientProtocolClient (GrpcClientProtocolClient.java:onNext(255)) - client-7EF960CB3D58->c9f1298e-d840-49d8-aac3-de81602aa1d5: receive RaftClientReply:client-7EF960CB3D58->c9f1298e-d840-49d8-aac3-de81602aa1d5@group-E9810A644481, cid=776, SUCCESS, logIndex=1095, commits[c9f1298e-d840-49d8-aac3-de81602aa1d5:c1095]
2019-08-30 23:39:55,936 [SCMBlockDeletingService#1] DEBUG block.SCMBlockDeletingService (SCMBlockDeletingService.java:call(138)) - Running DeletedBlockTransactionScanner
2019-08-30 23:39:55,936 [SCMBlockDeletingService#1] DEBUG block.SCMBlockDeletingService (SCMBlockDeletingService.java:call(155)) - Scanned deleted blocks log and got 0 delTX to process.
2019-08-30 23:39:55,961 [grpc-default-executor-0] INFO  client.GrpcClientProtocolClient (GrpcClientProtocolClient.java:onNext(255)) - client-7EF960CB3D58->c9f1298e-d840-49d8-aac3-de81602aa1d5: receive RaftClientReply:client-7EF960CB3D58->c9f1298e-d840-49d8-aac3-de81602aa1d5@group-E9810A644481, cid=777, SUCCESS, logIndex=1098, commits[c9f1298e-d840-49d8-aac3-de81602aa1d5:c1101]
2019-08-30 23:39:55,962 [grpc-default-executor-0] INFO  client.GrpcClientProtocolClient (GrpcClientProtocolClient.java:onNext(255)) - client-7EF960CB3D58->c9f1298e-d840-49d8-aac3-de81602aa1d5: receive RaftClientReply:client-7EF960CB3D58->c9f1298e-d840-49d8-aac3-de81602aa1d5@group-E9810A644481, cid=778, SUCCESS, logIndex=1099, commits[c9f1298e-d840-49d8-aac3-de81602aa1d5:c1101]
2019-08-30 23:39:55,962 [grpc-default-executor-0] INFO  client.GrpcClientProtocolClient (GrpcClientProtocolClient.java:onNext(255)) - client-7EF960CB3D58->c9f1298e-d840-49d8-aac3-de81602aa1d5: receive RaftClientReply:client-7EF960CB3D58->c9f1298e-d840-49d8-aac3-de81602aa1d5@group-E9810A644481, cid=779, SUCCESS, logIndex=1100, commits[c9f1298e-d840-49d8-aac3-de81602aa1d5:c1102]
2019-08-30 23:39:55,962 [grpc-default-executor-0] INFO  client.GrpcClientProtocolClient (GrpcClientProtocolClient.java:onNext(255)) - client-7EF960CB3D58->c9f1298e-d840-49d8-aac3-de81602aa1d5: receive RaftClientReply:client-7EF960CB3D58->c9f1298e-d840-49d8-aac3-de81602aa1d5@group-E9810A644481, cid=780, SUCCESS, logIndex=1101, commits[c9f1298e-d840-49d8-aac3-de81602aa1d5:c1102]
2019-08-30 23:39:55,989 [grpc-default-executor-0] INFO  client.GrpcClientProtocolClient (GrpcClientProtocolClient.java:onNext(255)) - client-7EF960CB3D58->c9f1298e-d840-49d8-aac3-de81602aa1d5: receive RaftClientReply:client-7EF960CB3D58->c9f1298e-d840-49d8-aac3-de81602aa1d5@group-E9810A644481, cid=781, SUCCESS, logIndex=1103, commits[c9f1298e-d840-49d8-aac3-de81602aa1d5:c1106]
2019-08-30 23:39:55,989 [grpc-default-executor-0] INFO  client.GrpcClientProtocolClient (GrpcClientProtocolClient.java:onNext(255)) - client-7EF960CB3D58->c9f1298e-d840-49d8-aac3-de81602aa1d5: receive RaftClientReply:client-7EF960CB3D58->c9f1298e-d840-49d8-aac3-de81602aa1d5@group-E9810A644481, cid=782, SUCCESS, logIndex=1104, commits[c9f1298e-d840-49d8-aac3-de81602aa1d5:c1106]
2019-08-30 23:39:55,990 [grpc-default-executor-0] INFO  client.GrpcClientProtocolClient (GrpcClientProtocolClient.java:onNext(255)) - client-7EF960CB3D58->c9f1298e-d840-49d8-aac3-de81602aa1d5: receive RaftClientReply:client-7EF960CB3D58->c9f1298e-d840-49d8-aac3-de81602aa1d5@group-E9810A644481, cid=783, SUCCESS, logIndex=1105, commits[c9f1298e-d840-49d8-aac3-de81602aa1d5:c1106]
2019-08-30 23:39:55,991 [grpc-default-executor-0] INFO  client.GrpcClientProtocolClient (GrpcClientProtocolClient.java:onNext(255)) - client-7EF960CB3D58->c9f1298e-d840-49d8-aac3-de81602aa1d5: receive RaftClientReply:client-7EF960CB3D58->c9f1298e-d840-49d8-aac3-de81602aa1d5@group-E9810A644481, cid=784, SUCCESS, logIndex=1106, commits[c9f1298e-d840-49d8-aac3-de81602aa1d5:c1106]
2019-08-30 23:39:56,088 [SCMBlockDeletingService#1] DEBUG block.SCMBlockDeletingService (SCMBlockDeletingService.java:call(138)) - Running DeletedBlockTransactionScanner
2019-08-30 23:39:56,088 [SCMBlockDeletingService#1] DEBUG block.SCMBlockDeletingService (SCMBlockDeletingService.java:call(155)) - Scanned deleted blocks log and got 0 delTX to process.
2019-08-30 23:39:56,110 [grpc-default-executor-0] INFO  client.GrpcClientProtocolClient (GrpcClientProtocolClient.java:onNext(255)) - client-7EF960CB3D58->c9f1298e-d840-49d8-aac3-de81602aa1d5: receive RaftClientReply:client-7EF960CB3D58->c9f1298e-d840-49d8-aac3-de81602aa1d5@group-E9810A644481, cid=785, SUCCESS, logIndex=1108, commits[c9f1298e-d840-49d8-aac3-de81602aa1d5:c1109]
2019-08-30 23:39:56,111 [grpc-default-executor-0] INFO  client.GrpcClientProtocolClient (GrpcClientProtocolClient.java:onNext(255)) - client-7EF960CB3D58->c9f1298e-d840-49d8-aac3-de81602aa1d5: receive RaftClientReply:client-7EF960CB3D58->c9f1298e-d840-49d8-aac3-de81602aa1d5@group-E9810A644481, cid=786, SUCCESS, logIndex=1109, commits[c9f1298e-d840-49d8-aac3-de81602aa1d5:c1111]
2019-08-30 23:39:56,111 [grpc-default-executor-0] INFO  client.GrpcClientProtocolClient (GrpcClientProtocolClient.java:onNext(255)) - client-7EF960CB3D58->c9f1298e-d840-49d8-aac3-de81602aa1d5: receive RaftClientReply:client-7EF960CB3D58->c9f1298e-d840-49d8-aac3-de81602aa1d5@group-E9810A644481, cid=787, SUCCESS, logIndex=1110, commits[c9f1298e-d840-49d8-aac3-de81602aa1d5:c1111]
2019-08-30 23:39:56,112 [grpc-default-executor-0] INFO  client.GrpcClientProtocolClient (GrpcClientProtocolClient.java:onNext(255)) - client-7EF960CB3D58->c9f1298e-d840-49d8-aac3-de81602aa1d5: receive RaftClientReply:client-7EF960CB3D58->c9f1298e-d840-49d8-aac3-de81602aa1d5@group-E9810A644481, cid=788, SUCCESS, logIndex=1111, commits[c9f1298e-d840-49d8-aac3-de81602aa1d5:c1111]
2019-08-30 23:39:56,128 [grpc-default-executor-0] INFO  client.GrpcClientProtocolClient (GrpcClientProtocolClient.java:onNext(255)) - client-7EF960CB3D58->c9f1298e-d840-49d8-aac3-de81602aa1d5: receive RaftClientReply:client-7EF960CB3D58->c9f1298e-d840-49d8-aac3-de81602aa1d5@group-E9810A644481, cid=789, SUCCESS, logIndex=1114, commits[c9f1298e-d840-49d8-aac3-de81602aa1d5:c1117]
2019-08-30 23:39:56,129 [grpc-default-executor-0] INFO  client.GrpcClientProtocolClient (GrpcClientProtocolClient.java:onNext(255)) - client-7EF960CB3D58->c9f1298e-d840-49d8-aac3-de81602aa1d5: receive RaftClientReply:client-7EF960CB3D58->c9f1298e-d840-49d8-aac3-de81602aa1d5@group-E9810A644481, cid=790, SUCCESS, logIndex=1115, commits[c9f1298e-d840-49d8-aac3-de81602aa1d5:c1117]
2019-08-30 23:39:56,129 [grpc-default-executor-0] INFO  client.GrpcClientProtocolClient (GrpcClientProtocolClient.java:onNext(255)) - client-7EF960CB3D58->c9f1298e-d840-49d8-aac3-de81602aa1d5: receive RaftClientReply:client-7EF960CB3D58->c9f1298e-d840-49d8-aac3-de81602aa1d5@group-E9810A644481, cid=791, SUCCESS, logIndex=1116, commits[c9f1298e-d840-49d8-aac3-de81602aa1d5:c1117]
2019-08-30 23:39:56,129 [grpc-default-executor-0] INFO  client.GrpcClientProtocolClient (GrpcClientProtocolClient.java:onNext(255)) - client-7EF960CB3D58->c9f1298e-d840-49d8-aac3-de81602aa1d5: receive RaftClientReply:client-7EF960CB3D58->c9f1298e-d840-49d8-aac3-de81602aa1d5@group-E9810A644481, cid=792, SUCCESS, logIndex=1117, commits[c9f1298e-d840-49d8-aac3-de81602aa1d5:c1117]
2019-08-30 23:39:56,156 [grpc-default-executor-0] INFO  client.GrpcClientProtocolClient (GrpcClientProtocolClient.java:onNext(255)) - client-7EF960CB3D58->c9f1298e-d840-49d8-aac3-de81602aa1d5: receive RaftClientReply:client-7EF960CB3D58->c9f1298e-d840-49d8-aac3-de81602aa1d5@group-E9810A644481, cid=793, SUCCESS, logIndex=1119, commits[c9f1298e-d840-49d8-aac3-de81602aa1d5:c1120]
2019-08-30 23:39:56,157 [grpc-default-executor-0] INFO  client.GrpcClientProtocolClient (GrpcClientProtocolClient.java:onNext(255)) - client-7EF960CB3D58->c9f1298e-d840-49d8-aac3-de81602aa1d5: receive RaftClientReply:client-7EF960CB3D58->c9f1298e-d840-49d8-aac3-de81602aa1d5@group-E9810A644481, cid=794, SUCCESS, logIndex=1120, commits[c9f1298e-d840-49d8-aac3-de81602aa1d5:c1121]
2019-08-30 23:39:56,189 [SCMBlockDeletingService#1] DEBUG block.SCMBlockDeletingService (SCMBlockDeletingService.java:call(138)) - Running DeletedBlockTransactionScanner
2019-08-30 23:39:56,189 [SCMBlockDeletingService#1] DEBUG block.SCMBlockDeletingService (SCMBlockDeletingService.java:call(155)) - Scanned deleted blocks log and got 0 delTX to process.
2019-08-30 23:39:56,289 [SCMBlockDeletingService#1] DEBUG block.SCMBlockDeletingService (SCMBlockDeletingService.java:call(138)) - Running DeletedBlockTransactionScanner
2019-08-30 23:39:56,290 [SCMBlockDeletingService#1] DEBUG block.SCMBlockDeletingService (SCMBlockDeletingService.java:call(155)) - Scanned deleted blocks log and got 0 delTX to process.
2019-08-30 23:39:56,306 [grpc-default-executor-1] INFO  client.GrpcClientProtocolClient (GrpcClientProtocolClient.java:onNext(255)) - client-7EF960CB3D58->c9f1298e-d840-49d8-aac3-de81602aa1d5: receive RaftClientReply:client-7EF960CB3D58->c9f1298e-d840-49d8-aac3-de81602aa1d5@group-E9810A644481, cid=795, SUCCESS, logIndex=1122, commits[c9f1298e-d840-49d8-aac3-de81602aa1d5:c1123]
2019-08-30 23:39:56,306 [grpc-default-executor-1] INFO  client.GrpcClientProtocolClient (GrpcClientProtocolClient.java:onNext(255)) - client-7EF960CB3D58->c9f1298e-d840-49d8-aac3-de81602aa1d5: receive RaftClientReply:client-7EF960CB3D58->c9f1298e-d840-49d8-aac3-de81602aa1d5@group-E9810A644481, cid=796, SUCCESS, logIndex=1123, commits[c9f1298e-d840-49d8-aac3-de81602aa1d5:c1123]
2019-08-30 23:39:56,332 [grpc-default-executor-0] INFO  client.GrpcClientProtocolClient (GrpcClientProtocolClient.java:onNext(255)) - client-7EF960CB3D58->c9f1298e-d840-49d8-aac3-de81602aa1d5: receive RaftClientReply:client-7EF960CB3D58->c9f1298e-d840-49d8-aac3-de81602aa1d5@group-E9810A644481, cid=797, SUCCESS, logIndex=1125, commits[c9f1298e-d840-49d8-aac3-de81602aa1d5:c1126]
2019-08-30 23:39:56,333 [grpc-default-executor-0] INFO  client.GrpcClientProtocolClient (GrpcClientProtocolClient.java:onNext(255)) - client-7EF960CB3D58->c9f1298e-d840-49d8-aac3-de81602aa1d5: receive RaftClientReply:client-7EF960CB3D58->c9f1298e-d840-49d8-aac3-de81602aa1d5@group-E9810A644481, cid=798, SUCCESS, logIndex=1126, commits[c9f1298e-d840-49d8-aac3-de81602aa1d5:c1126]
2019-08-30 23:39:56,339 [grpc-default-executor-0] INFO  client.GrpcClientProtocolClient (GrpcClientProtocolClient.java:onNext(255)) - client-7EF960CB3D58->c9f1298e-d840-49d8-aac3-de81602aa1d5: receive RaftClientReply:client-7EF960CB3D58->c9f1298e-d840-49d8-aac3-de81602aa1d5@group-E9810A644481, cid=799, SUCCESS, logIndex=1127, commits[c9f1298e-d840-49d8-aac3-de81602aa1d5:c1128]
2019-08-30 23:39:56,340 [grpc-default-executor-0] INFO  client.GrpcClientProtocolClient (GrpcClientProtocolClient.java:onNext(255)) - client-7EF960CB3D58->c9f1298e-d840-49d8-aac3-de81602aa1d5: receive RaftClientReply:client-7EF960CB3D58->c9f1298e-d840-49d8-aac3-de81602aa1d5@group-E9810A644481, cid=800, SUCCESS, logIndex=1128, commits[c9f1298e-d840-49d8-aac3-de81602aa1d5:c1128]
2019-08-30 23:39:56,378 [grpc-default-executor-0] INFO  client.GrpcClientProtocolClient (GrpcClientProtocolClient.java:onNext(255)) - client-7EF960CB3D58->c9f1298e-d840-49d8-aac3-de81602aa1d5: receive RaftClientReply:client-7EF960CB3D58->c9f1298e-d840-49d8-aac3-de81602aa1d5@group-E9810A644481, cid=801, SUCCESS, logIndex=1131, commits[c9f1298e-d840-49d8-aac3-de81602aa1d5:c1132]
2019-08-30 23:39:56,379 [grpc-default-executor-0] INFO  client.GrpcClientProtocolClient (GrpcClientProtocolClient.java:onNext(255)) - client-7EF960CB3D58->c9f1298e-d840-49d8-aac3-de81602aa1d5: receive RaftClientReply:client-7EF960CB3D58->c9f1298e-d840-49d8-aac3-de81602aa1d5@group-E9810A644481, cid=802, SUCCESS, logIndex=1132, commits[c9f1298e-d840-49d8-aac3-de81602aa1d5:c1132]
2019-08-30 23:39:56,390 [SCMBlockDeletingService#1] DEBUG block.SCMBlockDeletingService (SCMBlockDeletingService.java:call(138)) - Running DeletedBlockTransactionScanner
2019-08-30 23:39:56,391 [SCMBlockDeletingService#1] DEBUG block.SCMBlockDeletingService (SCMBlockDeletingService.java:call(155)) - Scanned deleted blocks log and got 0 delTX to process.
2019-08-30 23:39:56,395 [grpc-default-executor-0] INFO  client.GrpcClientProtocolClient (GrpcClientProtocolClient.java:onNext(255)) - client-7EF960CB3D58->c9f1298e-d840-49d8-aac3-de81602aa1d5: receive RaftClientReply:client-7EF960CB3D58->c9f1298e-d840-49d8-aac3-de81602aa1d5@group-E9810A644481, cid=803, SUCCESS, logIndex=1133, commits[c9f1298e-d840-49d8-aac3-de81602aa1d5:c1134]
2019-08-30 23:39:56,396 [grpc-default-executor-0] INFO  client.GrpcClientProtocolClient (GrpcClientProtocolClient.java:onNext(255)) - client-7EF960CB3D58->c9f1298e-d840-49d8-aac3-de81602aa1d5: receive RaftClientReply:client-7EF960CB3D58->c9f1298e-d840-49d8-aac3-de81602aa1d5@group-E9810A644481, cid=804, SUCCESS, logIndex=1134, commits[c9f1298e-d840-49d8-aac3-de81602aa1d5:c1134]
2019-08-30 23:39:56,413 [grpc-default-executor-1] INFO  client.GrpcClientProtocolClient (GrpcClientProtocolClient.java:onNext(255)) - client-7EF960CB3D58->c9f1298e-d840-49d8-aac3-de81602aa1d5: receive RaftClientReply:client-7EF960CB3D58->c9f1298e-d840-49d8-aac3-de81602aa1d5@group-E9810A644481, cid=805, SUCCESS, logIndex=1137, commits[c9f1298e-d840-49d8-aac3-de81602aa1d5:c1138]
2019-08-30 23:39:56,413 [grpc-default-executor-1] INFO  client.GrpcClientProtocolClient (GrpcClientProtocolClient.java:onNext(255)) - client-7EF960CB3D58->c9f1298e-d840-49d8-aac3-de81602aa1d5: receive RaftClientReply:client-7EF960CB3D58->c9f1298e-d840-49d8-aac3-de81602aa1d5@group-E9810A644481, cid=806, SUCCESS, logIndex=1138, commits[c9f1298e-d840-49d8-aac3-de81602aa1d5:c1138]
2019-08-30 23:39:56,424 [grpc-default-executor-1] INFO  client.GrpcClientProtocolClient (GrpcClientProtocolClient.java:onNext(255)) - client-7EF960CB3D58->c9f1298e-d840-49d8-aac3-de81602aa1d5: receive RaftClientReply:client-7EF960CB3D58->c9f1298e-d840-49d8-aac3-de81602aa1d5@group-E9810A644481, cid=807, SUCCESS, logIndex=1139, commits[c9f1298e-d840-49d8-aac3-de81602aa1d5:c1140]
2019-08-30 23:39:56,424 [grpc-default-executor-1] INFO  client.GrpcClientProtocolClient (GrpcClientProtocolClient.java:onNext(255)) - client-7EF960CB3D58->c9f1298e-d840-49d8-aac3-de81602aa1d5: receive RaftClientReply:client-7EF960CB3D58->c9f1298e-d840-49d8-aac3-de81602aa1d5@group-E9810A644481, cid=808, SUCCESS, logIndex=1140, commits[c9f1298e-d840-49d8-aac3-de81602aa1d5:c1140]
2019-08-30 23:39:56,448 [grpc-default-executor-1] INFO  client.GrpcClientProtocolClient (GrpcClientProtocolClient.java:onNext(255)) - client-7EF960CB3D58->c9f1298e-d840-49d8-aac3-de81602aa1d5: receive RaftClientReply:client-7EF960CB3D58->c9f1298e-d840-49d8-aac3-de81602aa1d5@group-E9810A644481, cid=809, SUCCESS, logIndex=1143, commits[c9f1298e-d840-49d8-aac3-de81602aa1d5:c1144]
2019-08-30 23:39:56,449 [grpc-default-executor-1] INFO  client.GrpcClientProtocolClient (GrpcClientProtocolClient.java:onNext(255)) - client-7EF960CB3D58->c9f1298e-d840-49d8-aac3-de81602aa1d5: receive RaftClientReply:client-7EF960CB3D58->c9f1298e-d840-49d8-aac3-de81602aa1d5@group-E9810A644481, cid=810, SUCCESS, logIndex=1144, commits[c9f1298e-d840-49d8-aac3-de81602aa1d5:c1144]
2019-08-30 23:39:56,458 [grpc-default-executor-1] INFO  client.GrpcClientProtocolClient (GrpcClientProtocolClient.java:onNext(255)) - client-7EF960CB3D58->c9f1298e-d840-49d8-aac3-de81602aa1d5: receive RaftClientReply:client-7EF960CB3D58->c9f1298e-d840-49d8-aac3-de81602aa1d5@group-E9810A644481, cid=811, SUCCESS, logIndex=1145, commits[c9f1298e-d840-49d8-aac3-de81602aa1d5:c1146]
2019-08-30 23:39:56,458 [grpc-default-executor-1] INFO  client.GrpcClientProtocolClient (GrpcClientProtocolClient.java:onNext(255)) - client-7EF960CB3D58->c9f1298e-d840-49d8-aac3-de81602aa1d5: receive RaftClientReply:client-7EF960CB3D58->c9f1298e-d840-49d8-aac3-de81602aa1d5@group-E9810A644481, cid=812, SUCCESS, logIndex=1146, commits[c9f1298e-d840-49d8-aac3-de81602aa1d5:c1146]
2019-08-30 23:39:56,483 [grpc-default-executor-1] INFO  client.GrpcClientProtocolClient (GrpcClientProtocolClient.java:onNext(255)) - client-7EF960CB3D58->c9f1298e-d840-49d8-aac3-de81602aa1d5: receive RaftClientReply:client-7EF960CB3D58->c9f1298e-d840-49d8-aac3-de81602aa1d5@group-E9810A644481, cid=813, SUCCESS, logIndex=1149, commits[c9f1298e-d840-49d8-aac3-de81602aa1d5:c1152]
2019-08-30 23:39:56,484 [grpc-default-executor-1] INFO  client.GrpcClientProtocolClient (GrpcClientProtocolClient.java:onNext(255)) - client-7EF960CB3D58->c9f1298e-d840-49d8-aac3-de81602aa1d5: receive RaftClientReply:client-7EF960CB3D58->c9f1298e-d840-49d8-aac3-de81602aa1d5@group-E9810A644481, cid=814, SUCCESS, logIndex=1150, commits[c9f1298e-d840-49d8-aac3-de81602aa1d5:c1152]
2019-08-30 23:39:56,484 [grpc-default-executor-1] INFO  client.GrpcClientProtocolClient (GrpcClientProtocolClient.java:onNext(255)) - client-7EF960CB3D58->c9f1298e-d840-49d8-aac3-de81602aa1d5: receive RaftClientReply:client-7EF960CB3D58->c9f1298e-d840-49d8-aac3-de81602aa1d5@group-E9810A644481, cid=815, SUCCESS, logIndex=1151, commits[c9f1298e-d840-49d8-aac3-de81602aa1d5:c1152]
2019-08-30 23:39:56,485 [grpc-default-executor-1] INFO  client.GrpcClientProtocolClient (GrpcClientProtocolClient.java:onNext(255)) - client-7EF960CB3D58->c9f1298e-d840-49d8-aac3-de81602aa1d5: receive RaftClientReply:client-7EF960CB3D58->c9f1298e-d840-49d8-aac3-de81602aa1d5@group-E9810A644481, cid=816, SUCCESS, logIndex=1152, commits[c9f1298e-d840-49d8-aac3-de81602aa1d5:c1152]
2019-08-30 23:39:56,491 [SCMBlockDeletingService#1] DEBUG block.SCMBlockDeletingService (SCMBlockDeletingService.java:call(138)) - Running DeletedBlockTransactionScanner
2019-08-30 23:39:56,491 [SCMBlockDeletingService#1] DEBUG block.SCMBlockDeletingService (SCMBlockDeletingService.java:call(155)) - Scanned deleted blocks log and got 0 delTX to process.
2019-08-30 23:39:56,516 [grpc-default-executor-0] INFO  client.GrpcClientProtocolClient (GrpcClientProtocolClient.java:onNext(255)) - client-7EF960CB3D58->c9f1298e-d840-49d8-aac3-de81602aa1d5: receive RaftClientReply:client-7EF960CB3D58->c9f1298e-d840-49d8-aac3-de81602aa1d5@group-E9810A644481, cid=817, SUCCESS, logIndex=1154, commits[c9f1298e-d840-49d8-aac3-de81602aa1d5:c1155]
2019-08-30 23:39:56,517 [grpc-default-executor-0] INFO  client.GrpcClientProtocolClient (GrpcClientProtocolClient.java:onNext(255)) - client-7EF960CB3D58->c9f1298e-d840-49d8-aac3-de81602aa1d5: receive RaftClientReply:client-7EF960CB3D58->c9f1298e-d840-49d8-aac3-de81602aa1d5@group-E9810A644481, cid=818, SUCCESS, logIndex=1155, commits[c9f1298e-d840-49d8-aac3-de81602aa1d5:c1155]
2019-08-30 23:39:56,523 [grpc-default-executor-0] INFO  client.GrpcClientProtocolClient (GrpcClientProtocolClient.java:onNext(255)) - client-7EF960CB3D58->c9f1298e-d840-49d8-aac3-de81602aa1d5: receive RaftClientReply:client-7EF960CB3D58->c9f1298e-d840-49d8-aac3-de81602aa1d5@group-E9810A644481, cid=819, SUCCESS, logIndex=1156, commits[c9f1298e-d840-49d8-aac3-de81602aa1d5:c1157]
2019-08-30 23:39:56,524 [grpc-default-executor-0] INFO  client.GrpcClientProtocolClient (GrpcClientProtocolClient.java:onNext(255)) - client-7EF960CB3D58->c9f1298e-d840-49d8-aac3-de81602aa1d5: receive RaftClientReply:client-7EF960CB3D58->c9f1298e-d840-49d8-aac3-de81602aa1d5@group-E9810A644481, cid=820, SUCCESS, logIndex=1157, commits[c9f1298e-d840-49d8-aac3-de81602aa1d5:c1157]
2019-08-30 23:39:56,546 [grpc-default-executor-1] INFO  client.GrpcClientProtocolClient (GrpcClientProtocolClient.java:onNext(255)) - client-7EF960CB3D58->c9f1298e-d840-49d8-aac3-de81602aa1d5: receive RaftClientReply:client-7EF960CB3D58->c9f1298e-d840-49d8-aac3-de81602aa1d5@group-E9810A644481, cid=821, SUCCESS, logIndex=1160, commits[c9f1298e-d840-49d8-aac3-de81602aa1d5:c1163]
2019-08-30 23:39:56,546 [grpc-default-executor-1] INFO  client.GrpcClientProtocolClient (GrpcClientProtocolClient.java:onNext(255)) - client-7EF960CB3D58->c9f1298e-d840-49d8-aac3-de81602aa1d5: receive RaftClientReply:client-7EF960CB3D58->c9f1298e-d840-49d8-aac3-de81602aa1d5@group-E9810A644481, cid=822, SUCCESS, logIndex=1161, commits[c9f1298e-d840-49d8-aac3-de81602aa1d5:c1163]
2019-08-30 23:39:56,547 [grpc-default-executor-1] INFO  client.GrpcClientProtocolClient (GrpcClientProtocolClient.java:onNext(255)) - client-7EF960CB3D58->c9f1298e-d840-49d8-aac3-de81602aa1d5: receive RaftClientReply:client-7EF960CB3D58->c9f1298e-d840-49d8-aac3-de81602aa1d5@group-E9810A644481, cid=823, SUCCESS, logIndex=1162, commits[c9f1298e-d840-49d8-aac3-de81602aa1d5:c1163]
2019-08-30 23:39:56,547 [grpc-default-executor-1] INFO  client.GrpcClientProtocolClient (GrpcClientProtocolClient.java:onNext(255)) - client-7EF960CB3D58->c9f1298e-d840-49d8-aac3-de81602aa1d5: receive RaftClientReply:client-7EF960CB3D58->c9f1298e-d840-49d8-aac3-de81602aa1d5@group-E9810A644481, cid=824, SUCCESS, logIndex=1163, commits[c9f1298e-d840-49d8-aac3-de81602aa1d5:c1163]
2019-08-30 23:39:56,578 [grpc-default-executor-1] INFO  client.GrpcClientProtocolClient (GrpcClientProtocolClient.java:onNext(255)) - client-7EF960CB3D58->c9f1298e-d840-49d8-aac3-de81602aa1d5: receive RaftClientReply:client-7EF960CB3D58->c9f1298e-d840-49d8-aac3-de81602aa1d5@group-E9810A644481, cid=825, SUCCESS, logIndex=1165, commits[c9f1298e-d840-49d8-aac3-de81602aa1d5:c1166]
2019-08-30 23:39:56,578 [grpc-default-executor-1] INFO  client.GrpcClientProtocolClient (GrpcClientProtocolClient.java:onNext(255)) - client-7EF960CB3D58->c9f1298e-d840-49d8-aac3-de81602aa1d5: receive RaftClientReply:client-7EF960CB3D58->c9f1298e-d840-49d8-aac3-de81602aa1d5@group-E9810A644481, cid=826, SUCCESS, logIndex=1166, commits[c9f1298e-d840-49d8-aac3-de81602aa1d5:c1166]
2019-08-30 23:39:56,585 [grpc-default-executor-1] INFO  client.GrpcClientProtocolClient (GrpcClientProtocolClient.java:onNext(255)) - client-7EF960CB3D58->c9f1298e-d840-49d8-aac3-de81602aa1d5: receive RaftClientReply:client-7EF960CB3D58->c9f1298e-d840-49d8-aac3-de81602aa1d5@group-E9810A644481, cid=827, SUCCESS, logIndex=1167, commits[c9f1298e-d840-49d8-aac3-de81602aa1d5:c1168]
2019-08-30 23:39:56,586 [grpc-default-executor-1] INFO  client.GrpcClientProtocolClient (GrpcClientProtocolClient.java:onNext(255)) - client-7EF960CB3D58->c9f1298e-d840-49d8-aac3-de81602aa1d5: receive RaftClientReply:client-7EF960CB3D58->c9f1298e-d840-49d8-aac3-de81602aa1d5@group-E9810A644481, cid=828, SUCCESS, logIndex=1168, commits[c9f1298e-d840-49d8-aac3-de81602aa1d5:c1168]
2019-08-30 23:39:56,592 [SCMBlockDeletingService#1] DEBUG block.SCMBlockDeletingService (SCMBlockDeletingService.java:call(138)) - Running DeletedBlockTransactionScanner
2019-08-30 23:39:56,592 [SCMBlockDeletingService#1] DEBUG block.SCMBlockDeletingService (SCMBlockDeletingService.java:call(155)) - Scanned deleted blocks log and got 0 delTX to process.
2019-08-30 23:39:56,610 [grpc-default-executor-1] INFO  client.GrpcClientProtocolClient (GrpcClientProtocolClient.java:onNext(255)) - client-7EF960CB3D58->c9f1298e-d840-49d8-aac3-de81602aa1d5: receive RaftClientReply:client-7EF960CB3D58->c9f1298e-d840-49d8-aac3-de81602aa1d5@group-E9810A644481, cid=829, SUCCESS, logIndex=1171, commits[c9f1298e-d840-49d8-aac3-de81602aa1d5:c1174]
2019-08-30 23:39:56,610 [grpc-default-executor-1] INFO  client.GrpcClientProtocolClient (GrpcClientProtocolClient.java:onNext(255)) - client-7EF960CB3D58->c9f1298e-d840-49d8-aac3-de81602aa1d5: receive RaftClientReply:client-7EF960CB3D58->c9f1298e-d840-49d8-aac3-de81602aa1d5@group-E9810A644481, cid=830, SUCCESS, logIndex=1172, commits[c9f1298e-d840-49d8-aac3-de81602aa1d5:c1174]
2019-08-30 23:39:56,611 [grpc-default-executor-1] INFO  client.GrpcClientProtocolClient (GrpcClientProtocolClient.java:onNext(255)) - client-7EF960CB3D58->c9f1298e-d840-49d8-aac3-de81602aa1d5: receive RaftClientReply:client-7EF960CB3D58->c9f1298e-d840-49d8-aac3-de81602aa1d5@group-E9810A644481, cid=831, SUCCESS, logIndex=1173, commits[c9f1298e-d840-49d8-aac3-de81602aa1d5:c1174]
2019-08-30 23:39:56,611 [grpc-default-executor-1] INFO  client.GrpcClientProtocolClient (GrpcClientProtocolClient.java:onNext(255)) - client-7EF960CB3D58->c9f1298e-d840-49d8-aac3-de81602aa1d5: receive RaftClientReply:client-7EF960CB3D58->c9f1298e-d840-49d8-aac3-de81602aa1d5@group-E9810A644481, cid=832, SUCCESS, logIndex=1174, commits[c9f1298e-d840-49d8-aac3-de81602aa1d5:c1174]
2019-08-30 23:39:56,642 [grpc-default-executor-1] INFO  client.GrpcClientProtocolClient (GrpcClientProtocolClient.java:onNext(255)) - client-7EF960CB3D58->c9f1298e-d840-49d8-aac3-de81602aa1d5: receive RaftClientReply:client-7EF960CB3D58->c9f1298e-d840-49d8-aac3-de81602aa1d5@group-E9810A644481, cid=833, SUCCESS, logIndex=1176, commits[c9f1298e-d840-49d8-aac3-de81602aa1d5:c1179]
2019-08-30 23:39:56,643 [grpc-default-executor-1] INFO  client.GrpcClientProtocolClient (GrpcClientProtocolClient.java:onNext(255)) - client-7EF960CB3D58->c9f1298e-d840-49d8-aac3-de81602aa1d5: receive RaftClientReply:client-7EF960CB3D58->c9f1298e-d840-49d8-aac3-de81602aa1d5@group-E9810A644481, cid=834, SUCCESS, logIndex=1177, commits[c9f1298e-d840-49d8-aac3-de81602aa1d5:c1179]
2019-08-30 23:39:56,643 [grpc-default-executor-1] INFO  client.GrpcClientProtocolClient (GrpcClientProtocolClient.java:onNext(255)) - client-7EF960CB3D58->c9f1298e-d840-49d8-aac3-de81602aa1d5: receive RaftClientReply:client-7EF960CB3D58->c9f1298e-d840-49d8-aac3-de81602aa1d5@group-E9810A644481, cid=835, SUCCESS, logIndex=1178, commits[c9f1298e-d840-49d8-aac3-de81602aa1d5:c1179]
2019-08-30 23:39:56,643 [grpc-default-executor-1] INFO  client.GrpcClientProtocolClient (GrpcClientProtocolClient.java:onNext(255)) - client-7EF960CB3D58->c9f1298e-d840-49d8-aac3-de81602aa1d5: receive RaftClientReply:client-7EF960CB3D58->c9f1298e-d840-49d8-aac3-de81602aa1d5@group-E9810A644481, cid=836, SUCCESS, logIndex=1179, commits[c9f1298e-d840-49d8-aac3-de81602aa1d5:c1179]
2019-08-30 23:39:56,658 [grpc-default-executor-0] INFO  client.GrpcClientProtocolClient (GrpcClientProtocolClient.java:onNext(255)) - client-7EF960CB3D58->c9f1298e-d840-49d8-aac3-de81602aa1d5: receive RaftClientReply:client-7EF960CB3D58->c9f1298e-d840-49d8-aac3-de81602aa1d5@group-E9810A644481, cid=837, SUCCESS, logIndex=1181, commits[c9f1298e-d840-49d8-aac3-de81602aa1d5:c1182]
2019-08-30 23:39:56,659 [grpc-default-executor-0] INFO  client.GrpcClientProtocolClient (GrpcClientProtocolClient.java:onNext(255)) - client-7EF960CB3D58->c9f1298e-d840-49d8-aac3-de81602aa1d5: receive RaftClientReply:client-7EF960CB3D58->c9f1298e-d840-49d8-aac3-de81602aa1d5@group-E9810A644481, cid=838, SUCCESS, logIndex=1182, commits[c9f1298e-d840-49d8-aac3-de81602aa1d5:c1182]
2019-08-30 23:39:56,692 [SCMBlockDeletingService#1] DEBUG block.SCMBlockDeletingService (SCMBlockDeletingService.java:call(138)) - Running DeletedBlockTransactionScanner
2019-08-30 23:39:56,693 [SCMBlockDeletingService#1] DEBUG block.SCMBlockDeletingService (SCMBlockDeletingService.java:call(155)) - Scanned deleted blocks log and got 0 delTX to process.
2019-08-30 23:39:56,792 [grpc-default-executor-1] INFO  client.GrpcClientProtocolClient (GrpcClientProtocolClient.java:onNext(255)) - client-7EF960CB3D58->c9f1298e-d840-49d8-aac3-de81602aa1d5: receive RaftClientReply:client-7EF960CB3D58->c9f1298e-d840-49d8-aac3-de81602aa1d5@group-E9810A644481, cid=839, SUCCESS, logIndex=1184, commits[c9f1298e-d840-49d8-aac3-de81602aa1d5:c1185]
2019-08-30 23:39:56,793 [SCMBlockDeletingService#1] DEBUG block.SCMBlockDeletingService (SCMBlockDeletingService.java:call(138)) - Running DeletedBlockTransactionScanner
2019-08-30 23:39:56,793 [grpc-default-executor-1] INFO  client.GrpcClientProtocolClient (GrpcClientProtocolClient.java:onNext(255)) - client-7EF960CB3D58->c9f1298e-d840-49d8-aac3-de81602aa1d5: receive RaftClientReply:client-7EF960CB3D58->c9f1298e-d840-49d8-aac3-de81602aa1d5@group-E9810A644481, cid=840, SUCCESS, logIndex=1185, commits[c9f1298e-d840-49d8-aac3-de81602aa1d5:c1185]
2019-08-30 23:39:56,793 [SCMBlockDeletingService#1] DEBUG block.SCMBlockDeletingService (SCMBlockDeletingService.java:call(155)) - Scanned deleted blocks log and got 0 delTX to process.
2019-08-30 23:39:56,826 [grpc-default-executor-0] INFO  client.GrpcClientProtocolClient (GrpcClientProtocolClient.java:onNext(255)) - client-7EF960CB3D58->c9f1298e-d840-49d8-aac3-de81602aa1d5: receive RaftClientReply:client-7EF960CB3D58->c9f1298e-d840-49d8-aac3-de81602aa1d5@group-E9810A644481, cid=841, SUCCESS, logIndex=1187, commits[c9f1298e-d840-49d8-aac3-de81602aa1d5:c1188]
2019-08-30 23:39:56,827 [grpc-default-executor-0] INFO  client.GrpcClientProtocolClient (GrpcClientProtocolClient.java:onNext(255)) - client-7EF960CB3D58->c9f1298e-d840-49d8-aac3-de81602aa1d5: receive RaftClientReply:client-7EF960CB3D58->c9f1298e-d840-49d8-aac3-de81602aa1d5@group-E9810A644481, cid=842, SUCCESS, logIndex=1188, commits[c9f1298e-d840-49d8-aac3-de81602aa1d5:c1188]
2019-08-30 23:39:56,833 [grpc-default-executor-0] INFO  client.GrpcClientProtocolClient (GrpcClientProtocolClient.java:onNext(255)) - client-7EF960CB3D58->c9f1298e-d840-49d8-aac3-de81602aa1d5: receive RaftClientReply:client-7EF960CB3D58->c9f1298e-d840-49d8-aac3-de81602aa1d5@group-E9810A644481, cid=843, SUCCESS, logIndex=1189, commits[c9f1298e-d840-49d8-aac3-de81602aa1d5:c1190]
2019-08-30 23:39:56,833 [grpc-default-executor-0] INFO  client.GrpcClientProtocolClient (GrpcClientProtocolClient.java:onNext(255)) - client-7EF960CB3D58->c9f1298e-d840-49d8-aac3-de81602aa1d5: receive RaftClientReply:client-7EF960CB3D58->c9f1298e-d840-49d8-aac3-de81602aa1d5@group-E9810A644481, cid=844, SUCCESS, logIndex=1190, commits[c9f1298e-d840-49d8-aac3-de81602aa1d5:c1190]
2019-08-30 23:39:56,922 [SCMBlockDeletingService#1] DEBUG block.SCMBlockDeletingService (SCMBlockDeletingService.java:call(138)) - Running DeletedBlockTransactionScanner
2019-08-30 23:39:56,922 [SCMBlockDeletingService#1] DEBUG block.SCMBlockDeletingService (SCMBlockDeletingService.java:call(155)) - Scanned deleted blocks log and got 0 delTX to process.
2019-08-30 23:39:56,930 [grpc-default-executor-1] INFO  client.GrpcClientProtocolClient (GrpcClientProtocolClient.java:onNext(255)) - client-7EF960CB3D58->c9f1298e-d840-49d8-aac3-de81602aa1d5: receive RaftClientReply:client-7EF960CB3D58->c9f1298e-d840-49d8-aac3-de81602aa1d5@group-E9810A644481, cid=845, SUCCESS, logIndex=1193, commits[c9f1298e-d840-49d8-aac3-de81602aa1d5:c1196]
2019-08-30 23:39:56,931 [grpc-default-executor-1] INFO  client.GrpcClientProtocolClient (GrpcClientProtocolClient.java:onNext(255)) - client-7EF960CB3D58->c9f1298e-d840-49d8-aac3-de81602aa1d5: receive RaftClientReply:client-7EF960CB3D58->c9f1298e-d840-49d8-aac3-de81602aa1d5@group-E9810A644481, cid=846, SUCCESS, logIndex=1194, commits[c9f1298e-d840-49d8-aac3-de81602aa1d5:c1197]
2019-08-30 23:39:56,932 [grpc-default-executor-1] INFO  client.GrpcClientProtocolClient (GrpcClientProtocolClient.java:onNext(255)) - client-7EF960CB3D58->c9f1298e-d840-49d8-aac3-de81602aa1d5: receive RaftClientReply:client-7EF960CB3D58->c9f1298e-d840-49d8-aac3-de81602aa1d5@group-E9810A644481, cid=847, SUCCESS, logIndex=1195, commits[c9f1298e-d840-49d8-aac3-de81602aa1d5:c1197]
2019-08-30 23:39:56,933 [grpc-default-executor-1] INFO  client.GrpcClientProtocolClient (GrpcClientProtocolClient.java:onNext(255)) - client-7EF960CB3D58->c9f1298e-d840-49d8-aac3-de81602aa1d5: receive RaftClientReply:client-7EF960CB3D58->c9f1298e-d840-49d8-aac3-de81602aa1d5@group-E9810A644481, cid=848, SUCCESS, logIndex=1196, commits[c9f1298e-d840-49d8-aac3-de81602aa1d5:c1197]
2019-08-30 23:39:56,959 [grpc-default-executor-1] INFO  client.GrpcClientProtocolClient (GrpcClientProtocolClient.java:onNext(255)) - client-7EF960CB3D58->c9f1298e-d840-49d8-aac3-de81602aa1d5: receive RaftClientReply:client-7EF960CB3D58->c9f1298e-d840-49d8-aac3-de81602aa1d5@group-E9810A644481, cid=849, SUCCESS, logIndex=1198, commits[c9f1298e-d840-49d8-aac3-de81602aa1d5:c1201]
2019-08-30 23:39:56,960 [grpc-default-executor-1] INFO  client.GrpcClientProtocolClient (GrpcClientProtocolClient.java:onNext(255)) - client-7EF960CB3D58->c9f1298e-d840-49d8-aac3-de81602aa1d5: receive RaftClientReply:client-7EF960CB3D58->c9f1298e-d840-49d8-aac3-de81602aa1d5@group-E9810A644481, cid=850, SUCCESS, logIndex=1199, commits[c9f1298e-d840-49d8-aac3-de81602aa1d5:c1202]
2019-08-30 23:39:56,960 [grpc-default-executor-1] INFO  client.GrpcClientProtocolClient (GrpcClientProtocolClient.java:onNext(255)) - client-7EF960CB3D58->c9f1298e-d840-49d8-aac3-de81602aa1d5: receive RaftClientReply:client-7EF960CB3D58->c9f1298e-d840-49d8-aac3-de81602aa1d5@group-E9810A644481, cid=851, SUCCESS, logIndex=1200, commits[c9f1298e-d840-49d8-aac3-de81602aa1d5:c1202]
2019-08-30 23:39:56,961 [grpc-default-executor-1] INFO  client.GrpcClientProtocolClient (GrpcClientProtocolClient.java:onNext(255)) - client-7EF960CB3D58->c9f1298e-d840-49d8-aac3-de81602aa1d5: receive RaftClientReply:client-7EF960CB3D58->c9f1298e-d840-49d8-aac3-de81602aa1d5@group-E9810A644481, cid=852, SUCCESS, logIndex=1201, commits[c9f1298e-d840-49d8-aac3-de81602aa1d5:c1202]
2019-08-30 23:39:56,976 [grpc-default-executor-1] INFO  client.GrpcClientProtocolClient (GrpcClientProtocolClient.java:onNext(255)) - client-7EF960CB3D58->c9f1298e-d840-49d8-aac3-de81602aa1d5: receive RaftClientReply:client-7EF960CB3D58->c9f1298e-d840-49d8-aac3-de81602aa1d5@group-E9810A644481, cid=853, SUCCESS, logIndex=1203, commits[c9f1298e-d840-49d8-aac3-de81602aa1d5:c1204]
2019-08-30 23:39:56,976 [grpc-default-executor-1] INFO  client.GrpcClientProtocolClient (GrpcClientProtocolClient.java:onNext(255)) - client-7EF960CB3D58->c9f1298e-d840-49d8-aac3-de81602aa1d5: receive RaftClientReply:client-7EF960CB3D58->c9f1298e-d840-49d8-aac3-de81602aa1d5@group-E9810A644481, cid=854, SUCCESS, logIndex=1204, commits[c9f1298e-d840-49d8-aac3-de81602aa1d5:c1204]
2019-08-30 23:39:57,006 [grpc-default-executor-1] INFO  client.GrpcClientProtocolClient (GrpcClientProtocolClient.java:onNext(255)) - client-7EF960CB3D58->c9f1298e-d840-49d8-aac3-de81602aa1d5: receive RaftClientReply:client-7EF960CB3D58->c9f1298e-d840-49d8-aac3-de81602aa1d5@group-E9810A644481, cid=855, SUCCESS, logIndex=1205, commits[c9f1298e-d840-49d8-aac3-de81602aa1d5:c1206]
2019-08-30 23:39:57,007 [grpc-default-executor-1] INFO  client.GrpcClientProtocolClient (GrpcClientProtocolClient.java:onNext(255)) - client-7EF960CB3D58->c9f1298e-d840-49d8-aac3-de81602aa1d5: receive RaftClientReply:client-7EF960CB3D58->c9f1298e-d840-49d8-aac3-de81602aa1d5@group-E9810A644481, cid=856, SUCCESS, logIndex=1206, commits[c9f1298e-d840-49d8-aac3-de81602aa1d5:c1206]
2019-08-30 23:39:57,023 [SCMBlockDeletingService#1] DEBUG block.SCMBlockDeletingService (SCMBlockDeletingService.java:call(138)) - Running DeletedBlockTransactionScanner
2019-08-30 23:39:57,023 [SCMBlockDeletingService#1] DEBUG block.SCMBlockDeletingService (SCMBlockDeletingService.java:call(155)) - Scanned deleted blocks log and got 0 delTX to process.
2019-08-30 23:39:57,044 [grpc-default-executor-1] INFO  client.GrpcClientProtocolClient (GrpcClientProtocolClient.java:onNext(255)) - client-7EF960CB3D58->c9f1298e-d840-49d8-aac3-de81602aa1d5: receive RaftClientReply:client-7EF960CB3D58->c9f1298e-d840-49d8-aac3-de81602aa1d5@group-E9810A644481, cid=857, SUCCESS, logIndex=1209, commits[c9f1298e-d840-49d8-aac3-de81602aa1d5:c1212]
2019-08-30 23:39:57,045 [grpc-default-executor-1] INFO  client.GrpcClientProtocolClient (GrpcClientProtocolClient.java:onNext(255)) - client-7EF960CB3D58->c9f1298e-d840-49d8-aac3-de81602aa1d5: receive RaftClientReply:client-7EF960CB3D58->c9f1298e-d840-49d8-aac3-de81602aa1d5@group-E9810A644481, cid=858, SUCCESS, logIndex=1210, commits[c9f1298e-d840-49d8-aac3-de81602aa1d5:c1212]
2019-08-30 23:39:57,045 [grpc-default-executor-1] INFO  client.GrpcClientProtocolClient (GrpcClientProtocolClient.java:onNext(255)) - client-7EF960CB3D58->c9f1298e-d840-49d8-aac3-de81602aa1d5: receive RaftClientReply:client-7EF960CB3D58->c9f1298e-d840-49d8-aac3-de81602aa1d5@group-E9810A644481, cid=859, SUCCESS, logIndex=1211, commits[c9f1298e-d840-49d8-aac3-de81602aa1d5:c1212]
2019-08-30 23:39:57,046 [grpc-default-executor-1] INFO  client.GrpcClientProtocolClient (GrpcClientProtocolClient.java:onNext(255)) - client-7EF960CB3D58->c9f1298e-d840-49d8-aac3-de81602aa1d5: receive RaftClientReply:client-7EF960CB3D58->c9f1298e-d840-49d8-aac3-de81602aa1d5@group-E9810A644481, cid=860, SUCCESS, logIndex=1212, commits[c9f1298e-d840-49d8-aac3-de81602aa1d5:c1212]
2019-08-30 23:39:57,062 [grpc-default-executor-0] INFO  client.GrpcClientProtocolClient (GrpcClientProtocolClient.java:onNext(255)) - client-7EF960CB3D58->c9f1298e-d840-49d8-aac3-de81602aa1d5: receive RaftClientReply:client-7EF960CB3D58->c9f1298e-d840-49d8-aac3-de81602aa1d5@group-E9810A644481, cid=861, SUCCESS, logIndex=1214, commits[c9f1298e-d840-49d8-aac3-de81602aa1d5:c1217]
2019-08-30 23:39:57,062 [grpc-default-executor-0] INFO  client.GrpcClientProtocolClient (GrpcClientProtocolClient.java:onNext(255)) - client-7EF960CB3D58->c9f1298e-d840-49d8-aac3-de81602aa1d5: receive RaftClientReply:client-7EF960CB3D58->c9f1298e-d840-49d8-aac3-de81602aa1d5@group-E9810A644481, cid=862, SUCCESS, logIndex=1215, commits[c9f1298e-d840-49d8-aac3-de81602aa1d5:c1217]
2019-08-30 23:39:57,062 [grpc-default-executor-0] INFO  client.GrpcClientProtocolClient (GrpcClientProtocolClient.java:onNext(255)) - client-7EF960CB3D58->c9f1298e-d840-49d8-aac3-de81602aa1d5: receive RaftClientReply:client-7EF960CB3D58->c9f1298e-d840-49d8-aac3-de81602aa1d5@group-E9810A644481, cid=863, SUCCESS, logIndex=1216, commits[c9f1298e-d840-49d8-aac3-de81602aa1d5:c1218]
2019-08-30 23:39:57,063 [grpc-default-executor-0] INFO  client.GrpcClientProtocolClient (GrpcClientProtocolClient.java:onNext(255)) - client-7EF960CB3D58->c9f1298e-d840-49d8-aac3-de81602aa1d5: receive RaftClientReply:client-7EF960CB3D58->c9f1298e-d840-49d8-aac3-de81602aa1d5@group-E9810A644481, cid=864, SUCCESS, logIndex=1217, commits[c9f1298e-d840-49d8-aac3-de81602aa1d5:c1218]
2019-08-30 23:39:57,095 [grpc-default-executor-1] INFO  client.GrpcClientProtocolClient (GrpcClientProtocolClient.java:onNext(255)) - client-7EF960CB3D58->c9f1298e-d840-49d8-aac3-de81602aa1d5: receive RaftClientReply:client-7EF960CB3D58->c9f1298e-d840-49d8-aac3-de81602aa1d5@group-E9810A644481, cid=865, SUCCESS, logIndex=1219, commits[c9f1298e-d840-49d8-aac3-de81602aa1d5:c1222]
2019-08-30 23:39:57,095 [grpc-default-executor-1] INFO  client.GrpcClientProtocolClient (GrpcClientProtocolClient.java:onNext(255)) - client-7EF960CB3D58->c9f1298e-d840-49d8-aac3-de81602aa1d5: receive RaftClientReply:client-7EF960CB3D58->c9f1298e-d840-49d8-aac3-de81602aa1d5@group-E9810A644481, cid=866, SUCCESS, logIndex=1220, commits[c9f1298e-d840-49d8-aac3-de81602aa1d5:c1222]
2019-08-30 23:39:57,096 [grpc-default-executor-1] INFO  client.GrpcClientProtocolClient (GrpcClientProtocolClient.java:onNext(255)) - client-7EF960CB3D58->c9f1298e-d840-49d8-aac3-de81602aa1d5: receive RaftClientReply:client-7EF960CB3D58->c9f1298e-d840-49d8-aac3-de81602aa1d5@group-E9810A644481, cid=867, SUCCESS, logIndex=1221, commits[c9f1298e-d840-49d8-aac3-de81602aa1d5:c1222]
2019-08-30 23:39:57,096 [grpc-default-executor-1] INFO  client.GrpcClientProtocolClient (GrpcClientProtocolClient.java:onNext(255)) - client-7EF960CB3D58->c9f1298e-d840-49d8-aac3-de81602aa1d5: receive RaftClientReply:client-7EF960CB3D58->c9f1298e-d840-49d8-aac3-de81602aa1d5@group-E9810A644481, cid=868, SUCCESS, logIndex=1222, commits[c9f1298e-d840-49d8-aac3-de81602aa1d5:c1222]
2019-08-30 23:39:57,123 [SCMBlockDeletingService#1] DEBUG block.SCMBlockDeletingService (SCMBlockDeletingService.java:call(138)) - Running DeletedBlockTransactionScanner
2019-08-30 23:39:57,124 [SCMBlockDeletingService#1] DEBUG block.SCMBlockDeletingService (SCMBlockDeletingService.java:call(155)) - Scanned deleted blocks log and got 0 delTX to process.
2019-08-30 23:39:57,124 [grpc-default-executor-0] INFO  client.GrpcClientProtocolClient (GrpcClientProtocolClient.java:onNext(255)) - client-7EF960CB3D58->c9f1298e-d840-49d8-aac3-de81602aa1d5: receive RaftClientReply:client-7EF960CB3D58->c9f1298e-d840-49d8-aac3-de81602aa1d5@group-E9810A644481, cid=869, SUCCESS, logIndex=1224, commits[c9f1298e-d840-49d8-aac3-de81602aa1d5:c1227]
2019-08-30 23:39:57,124 [grpc-default-executor-0] INFO  client.GrpcClientProtocolClient (GrpcClientProtocolClient.java:onNext(255)) - client-7EF960CB3D58->c9f1298e-d840-49d8-aac3-de81602aa1d5: receive RaftClientReply:client-7EF960CB3D58->c9f1298e-d840-49d8-aac3-de81602aa1d5@group-E9810A644481, cid=870, SUCCESS, logIndex=1225, commits[c9f1298e-d840-49d8-aac3-de81602aa1d5:c1227]
2019-08-30 23:39:57,124 [grpc-default-executor-0] INFO  client.GrpcClientProtocolClient (GrpcClientProtocolClient.java:onNext(255)) - client-7EF960CB3D58->c9f1298e-d840-49d8-aac3-de81602aa1d5: receive RaftClientReply:client-7EF960CB3D58->c9f1298e-d840-49d8-aac3-de81602aa1d5@group-E9810A644481, cid=871, SUCCESS, logIndex=1226, commits[c9f1298e-d840-49d8-aac3-de81602aa1d5:c1227]
2019-08-30 23:39:57,124 [grpc-default-executor-0] INFO  client.GrpcClientProtocolClient (GrpcClientProtocolClient.java:onNext(255)) - client-7EF960CB3D58->c9f1298e-d840-49d8-aac3-de81602aa1d5: receive RaftClientReply:client-7EF960CB3D58->c9f1298e-d840-49d8-aac3-de81602aa1d5@group-E9810A644481, cid=872, SUCCESS, logIndex=1227, commits[c9f1298e-d840-49d8-aac3-de81602aa1d5:c1227]
2019-08-30 23:39:57,140 [grpc-default-executor-1] INFO  client.GrpcClientProtocolClient (GrpcClientProtocolClient.java:onNext(255)) - client-7EF960CB3D58->c9f1298e-d840-49d8-aac3-de81602aa1d5: receive RaftClientReply:client-7EF960CB3D58->c9f1298e-d840-49d8-aac3-de81602aa1d5@group-E9810A644481, cid=873, SUCCESS, logIndex=1229, commits[c9f1298e-d840-49d8-aac3-de81602aa1d5:c1232]
2019-08-30 23:39:57,141 [grpc-default-executor-1] INFO  client.GrpcClientProtocolClient (GrpcClientProtocolClient.java:onNext(255)) - client-7EF960CB3D58->c9f1298e-d840-49d8-aac3-de81602aa1d5: receive RaftClientReply:client-7EF960CB3D58->c9f1298e-d840-49d8-aac3-de81602aa1d5@group-E9810A644481, cid=874, SUCCESS, logIndex=1230, commits[c9f1298e-d840-49d8-aac3-de81602aa1d5:c1232]
2019-08-30 23:39:57,141 [grpc-default-executor-1] INFO  client.GrpcClientProtocolClient (GrpcClientProtocolClient.java:onNext(255)) - client-7EF960CB3D58->c9f1298e-d840-49d8-aac3-de81602aa1d5: receive RaftClientReply:client-7EF960CB3D58->c9f1298e-d840-49d8-aac3-de81602aa1d5@group-E9810A644481, cid=875, SUCCESS, logIndex=1231, commits[c9f1298e-d840-49d8-aac3-de81602aa1d5:c1232]
2019-08-30 23:39:57,142 [grpc-default-executor-1] INFO  client.GrpcClientProtocolClient (GrpcClientProtocolClient.java:onNext(255)) - client-7EF960CB3D58->c9f1298e-d840-49d8-aac3-de81602aa1d5: receive RaftClientReply:client-7EF960CB3D58->c9f1298e-d840-49d8-aac3-de81602aa1d5@group-E9810A644481, cid=876, SUCCESS, logIndex=1232, commits[c9f1298e-d840-49d8-aac3-de81602aa1d5:c1233]
2019-08-30 23:39:57,160 [grpc-default-executor-1] INFO  client.GrpcClientProtocolClient (GrpcClientProtocolClient.java:onNext(255)) - client-7EF960CB3D58->c9f1298e-d840-49d8-aac3-de81602aa1d5: receive RaftClientReply:client-7EF960CB3D58->c9f1298e-d840-49d8-aac3-de81602aa1d5@group-E9810A644481, cid=877, SUCCESS, logIndex=1234, commits[c9f1298e-d840-49d8-aac3-de81602aa1d5:c1235]
2019-08-30 23:39:57,160 [grpc-default-executor-1] INFO  client.GrpcClientProtocolClient (GrpcClientProtocolClient.java:onNext(255)) - client-7EF960CB3D58->c9f1298e-d840-49d8-aac3-de81602aa1d5: receive RaftClientReply:client-7EF960CB3D58->c9f1298e-d840-49d8-aac3-de81602aa1d5@group-E9810A644481, cid=878, SUCCESS, logIndex=1235, commits[c9f1298e-d840-49d8-aac3-de81602aa1d5:c1235]
2019-08-30 23:39:57,161 [grpc-default-executor-1] INFO  client.GrpcClientProtocolClient (GrpcClientProtocolClient.java:onNext(255)) - client-7EF960CB3D58->c9f1298e-d840-49d8-aac3-de81602aa1d5: receive RaftClientReply:client-7EF960CB3D58->c9f1298e-d840-49d8-aac3-de81602aa1d5@group-E9810A644481, cid=879, SUCCESS, logIndex=1236, commits[c9f1298e-d840-49d8-aac3-de81602aa1d5:c1237]
2019-08-30 23:39:57,161 [grpc-default-executor-1] INFO  client.GrpcClientProtocolClient (GrpcClientProtocolClient.java:onNext(255)) - client-7EF960CB3D58->c9f1298e-d840-49d8-aac3-de81602aa1d5: receive RaftClientReply:client-7EF960CB3D58->c9f1298e-d840-49d8-aac3-de81602aa1d5@group-E9810A644481, cid=880, SUCCESS, logIndex=1237, commits[c9f1298e-d840-49d8-aac3-de81602aa1d5:c1237]
2019-08-30 23:39:57,194 [grpc-default-executor-1] INFO  client.GrpcClientProtocolClient (GrpcClientProtocolClient.java:onNext(255)) - client-7EF960CB3D58->c9f1298e-d840-49d8-aac3-de81602aa1d5: receive RaftClientReply:client-7EF960CB3D58->c9f1298e-d840-49d8-aac3-de81602aa1d5@group-E9810A644481, cid=881, SUCCESS, logIndex=1240, commits[c9f1298e-d840-49d8-aac3-de81602aa1d5:c1241]
2019-08-30 23:39:57,194 [grpc-default-executor-1] INFO  client.GrpcClientProtocolClient (GrpcClientProtocolClient.java:onNext(255)) - client-7EF960CB3D58->c9f1298e-d840-49d8-aac3-de81602aa1d5: receive RaftClientReply:client-7EF960CB3D58->c9f1298e-d840-49d8-aac3-de81602aa1d5@group-E9810A644481, cid=882, SUCCESS, logIndex=1241, commits[c9f1298e-d840-49d8-aac3-de81602aa1d5:c1243]
2019-08-30 23:39:57,195 [grpc-default-executor-1] INFO  client.GrpcClientProtocolClient (GrpcClientProtocolClient.java:onNext(255)) - client-7EF960CB3D58->c9f1298e-d840-49d8-aac3-de81602aa1d5: receive RaftClientReply:client-7EF960CB3D58->c9f1298e-d840-49d8-aac3-de81602aa1d5@group-E9810A644481, cid=883, SUCCESS, logIndex=1242, commits[c9f1298e-d840-49d8-aac3-de81602aa1d5:c1243]
2019-08-30 23:39:57,195 [grpc-default-executor-1] INFO  client.GrpcClientProtocolClient (GrpcClientProtocolClient.java:onNext(255)) - client-7EF960CB3D58->c9f1298e-d840-49d8-aac3-de81602aa1d5: receive RaftClientReply:client-7EF960CB3D58->c9f1298e-d840-49d8-aac3-de81602aa1d5@group-E9810A644481, cid=884, SUCCESS, logIndex=1243, commits[c9f1298e-d840-49d8-aac3-de81602aa1d5:c1243]
2019-08-30 23:39:57,224 [SCMBlockDeletingService#1] DEBUG block.SCMBlockDeletingService (SCMBlockDeletingService.java:call(138)) - Running DeletedBlockTransactionScanner
2019-08-30 23:39:57,224 [SCMBlockDeletingService#1] DEBUG block.SCMBlockDeletingService (SCMBlockDeletingService.java:call(155)) - Scanned deleted blocks log and got 0 delTX to process.
2019-08-30 23:39:57,298 [grpc-default-executor-1] INFO  client.GrpcClientProtocolClient (GrpcClientProtocolClient.java:onNext(255)) - client-7EF960CB3D58->c9f1298e-d840-49d8-aac3-de81602aa1d5: receive RaftClientReply:client-7EF960CB3D58->c9f1298e-d840-49d8-aac3-de81602aa1d5@group-E9810A644481, cid=885, SUCCESS, logIndex=1246, commits[c9f1298e-d840-49d8-aac3-de81602aa1d5:c1247]
2019-08-30 23:39:57,299 [grpc-default-executor-1] INFO  client.GrpcClientProtocolClient (GrpcClientProtocolClient.java:onNext(255)) - client-7EF960CB3D58->c9f1298e-d840-49d8-aac3-de81602aa1d5: receive RaftClientReply:client-7EF960CB3D58->c9f1298e-d840-49d8-aac3-de81602aa1d5@group-E9810A644481, cid=886, SUCCESS, logIndex=1247, commits[c9f1298e-d840-49d8-aac3-de81602aa1d5:c1247]
2019-08-30 23:39:57,302 [grpc-default-executor-1] INFO  client.GrpcClientProtocolClient (GrpcClientProtocolClient.java:onNext(255)) - client-7EF960CB3D58->c9f1298e-d840-49d8-aac3-de81602aa1d5: receive RaftClientReply:client-7EF960CB3D58->c9f1298e-d840-49d8-aac3-de81602aa1d5@group-E9810A644481, cid=887, SUCCESS, logIndex=1248, commits[c9f1298e-d840-49d8-aac3-de81602aa1d5:c1249]
2019-08-30 23:39:57,302 [grpc-default-executor-1] INFO  client.GrpcClientProtocolClient (GrpcClientProtocolClient.java:onNext(255)) - client-7EF960CB3D58->c9f1298e-d840-49d8-aac3-de81602aa1d5: receive RaftClientReply:client-7EF960CB3D58->c9f1298e-d840-49d8-aac3-de81602aa1d5@group-E9810A644481, cid=888, SUCCESS, logIndex=1249, commits[c9f1298e-d840-49d8-aac3-de81602aa1d5:c1249]
2019-08-30 23:39:57,324 [SCMBlockDeletingService#1] DEBUG block.SCMBlockDeletingService (SCMBlockDeletingService.java:call(138)) - Running DeletedBlockTransactionScanner
2019-08-30 23:39:57,325 [SCMBlockDeletingService#1] DEBUG block.SCMBlockDeletingService (SCMBlockDeletingService.java:call(155)) - Scanned deleted blocks log and got 0 delTX to process.
2019-08-30 23:39:57,330 [grpc-default-executor-0] INFO  client.GrpcClientProtocolClient (GrpcClientProtocolClient.java:onNext(255)) - client-7EF960CB3D58->c9f1298e-d840-49d8-aac3-de81602aa1d5: receive RaftClientReply:client-7EF960CB3D58->c9f1298e-d840-49d8-aac3-de81602aa1d5@group-E9810A644481, cid=889, SUCCESS, logIndex=1252, commits[c9f1298e-d840-49d8-aac3-de81602aa1d5:c1255]
2019-08-30 23:39:57,330 [grpc-default-executor-0] INFO  client.GrpcClientProtocolClient (GrpcClientProtocolClient.java:onNext(255)) - client-7EF960CB3D58->c9f1298e-d840-49d8-aac3-de81602aa1d5: receive RaftClientReply:client-7EF960CB3D58->c9f1298e-d840-49d8-aac3-de81602aa1d5@group-E9810A644481, cid=890, SUCCESS, logIndex=1253, commits[c9f1298e-d840-49d8-aac3-de81602aa1d5:c1255]
2019-08-30 23:39:57,331 [grpc-default-executor-0] INFO  client.GrpcClientProtocolClient (GrpcClientProtocolClient.java:onNext(255)) - client-7EF960CB3D58->c9f1298e-d840-49d8-aac3-de81602aa1d5: receive RaftClientReply:client-7EF960CB3D58->c9f1298e-d840-49d8-aac3-de81602aa1d5@group-E9810A644481, cid=891, SUCCESS, logIndex=1254, commits[c9f1298e-d840-49d8-aac3-de81602aa1d5:c1255]
2019-08-30 23:39:57,331 [grpc-default-executor-0] INFO  client.GrpcClientProtocolClient (GrpcClientProtocolClient.java:onNext(255)) - client-7EF960CB3D58->c9f1298e-d840-49d8-aac3-de81602aa1d5: receive RaftClientReply:client-7EF960CB3D58->c9f1298e-d840-49d8-aac3-de81602aa1d5@group-E9810A644481, cid=892, SUCCESS, logIndex=1255, commits[c9f1298e-d840-49d8-aac3-de81602aa1d5:c1255]
2019-08-30 23:39:57,387 [grpc-default-executor-0] INFO  client.GrpcClientProtocolClient (GrpcClientProtocolClient.java:onNext(255)) - client-7EF960CB3D58->c9f1298e-d840-49d8-aac3-de81602aa1d5: receive RaftClientReply:client-7EF960CB3D58->c9f1298e-d840-49d8-aac3-de81602aa1d5@group-E9810A644481, cid=893, SUCCESS, logIndex=1257, commits[c9f1298e-d840-49d8-aac3-de81602aa1d5:c1260]
2019-08-30 23:39:57,388 [grpc-default-executor-0] INFO  client.GrpcClientProtocolClient (GrpcClientProtocolClient.java:onNext(255)) - client-7EF960CB3D58->c9f1298e-d840-49d8-aac3-de81602aa1d5: receive RaftClientReply:client-7EF960CB3D58->c9f1298e-d840-49d8-aac3-de81602aa1d5@group-E9810A644481, cid=894, SUCCESS, logIndex=1258, commits[c9f1298e-d840-49d8-aac3-de81602aa1d5:c1261]
2019-08-30 23:39:57,388 [grpc-default-executor-0] INFO  client.GrpcClientProtocolClient (GrpcClientProtocolClient.java:onNext(255)) - client-7EF960CB3D58->c9f1298e-d840-49d8-aac3-de81602aa1d5: receive RaftClientReply:client-7EF960CB3D58->c9f1298e-d840-49d8-aac3-de81602aa1d5@group-E9810A644481, cid=895, SUCCESS, logIndex=1259, commits[c9f1298e-d840-49d8-aac3-de81602aa1d5:c1261]
2019-08-30 23:39:57,388 [grpc-default-executor-0] INFO  client.GrpcClientProtocolClient (GrpcClientProtocolClient.java:onNext(255)) - client-7EF960CB3D58->c9f1298e-d840-49d8-aac3-de81602aa1d5: receive RaftClientReply:client-7EF960CB3D58->c9f1298e-d840-49d8-aac3-de81602aa1d5@group-E9810A644481, cid=896, SUCCESS, logIndex=1260, commits[c9f1298e-d840-49d8-aac3-de81602aa1d5:c1261]
2019-08-30 23:39:57,425 [SCMBlockDeletingService#0] DEBUG block.SCMBlockDeletingService (SCMBlockDeletingService.java:call(138)) - Running DeletedBlockTransactionScanner
2019-08-30 23:39:57,425 [SCMBlockDeletingService#0] DEBUG block.SCMBlockDeletingService (SCMBlockDeletingService.java:call(155)) - Scanned deleted blocks log and got 0 delTX to process.
2019-08-30 23:39:57,470 [grpc-default-executor-0] INFO  client.GrpcClientProtocolClient (GrpcClientProtocolClient.java:onNext(255)) - client-7EF960CB3D58->c9f1298e-d840-49d8-aac3-de81602aa1d5: receive RaftClientReply:client-7EF960CB3D58->c9f1298e-d840-49d8-aac3-de81602aa1d5@group-E9810A644481, cid=897, SUCCESS, logIndex=1262, commits[c9f1298e-d840-49d8-aac3-de81602aa1d5:c1263]
2019-08-30 23:39:57,471 [grpc-default-executor-0] INFO  client.GrpcClientProtocolClient (GrpcClientProtocolClient.java:onNext(255)) - client-7EF960CB3D58->c9f1298e-d840-49d8-aac3-de81602aa1d5: receive RaftClientReply:client-7EF960CB3D58->c9f1298e-d840-49d8-aac3-de81602aa1d5@group-E9810A644481, cid=898, SUCCESS, logIndex=1263, commits[c9f1298e-d840-49d8-aac3-de81602aa1d5:c1263]
2019-08-30 23:39:57,487 [grpc-default-executor-0] INFO  client.GrpcClientProtocolClient (GrpcClientProtocolClient.java:onNext(255)) - client-7EF960CB3D58->c9f1298e-d840-49d8-aac3-de81602aa1d5: receive RaftClientReply:client-7EF960CB3D58->c9f1298e-d840-49d8-aac3-de81602aa1d5@group-E9810A644481, cid=899, SUCCESS, logIndex=1264, commits[c9f1298e-d840-49d8-aac3-de81602aa1d5:c1265]
2019-08-30 23:39:57,488 [grpc-default-executor-0] INFO  client.GrpcClientProtocolClient (GrpcClientProtocolClient.java:onNext(255)) - client-7EF960CB3D58->c9f1298e-d840-49d8-aac3-de81602aa1d5: receive RaftClientReply:client-7EF960CB3D58->c9f1298e-d840-49d8-aac3-de81602aa1d5@group-E9810A644481, cid=900, SUCCESS, logIndex=1265, commits[c9f1298e-d840-49d8-aac3-de81602aa1d5:c1265]
2019-08-30 23:39:57,507 [grpc-default-executor-0] INFO  client.GrpcClientProtocolClient (GrpcClientProtocolClient.java:onNext(255)) - client-7EF960CB3D58->c9f1298e-d840-49d8-aac3-de81602aa1d5: receive RaftClientReply:client-7EF960CB3D58->c9f1298e-d840-49d8-aac3-de81602aa1d5@group-E9810A644481, cid=901, SUCCESS, logIndex=1268, commits[c9f1298e-d840-49d8-aac3-de81602aa1d5:c1269]
2019-08-30 23:39:57,507 [grpc-default-executor-0] INFO  client.GrpcClientProtocolClient (GrpcClientProtocolClient.java:onNext(255)) - client-7EF960CB3D58->c9f1298e-d840-49d8-aac3-de81602aa1d5: receive RaftClientReply:client-7EF960CB3D58->c9f1298e-d840-49d8-aac3-de81602aa1d5@group-E9810A644481, cid=902, SUCCESS, logIndex=1269, commits[c9f1298e-d840-49d8-aac3-de81602aa1d5:c1271]
2019-08-30 23:39:57,508 [grpc-default-executor-0] INFO  client.GrpcClientProtocolClient (GrpcClientProtocolClient.java:onNext(255)) - client-7EF960CB3D58->c9f1298e-d840-49d8-aac3-de81602aa1d5: receive RaftClientReply:client-7EF960CB3D58->c9f1298e-d840-49d8-aac3-de81602aa1d5@group-E9810A644481, cid=903, SUCCESS, logIndex=1270, commits[c9f1298e-d840-49d8-aac3-de81602aa1d5:c1271]
2019-08-30 23:39:57,508 [grpc-default-executor-0] INFO  client.GrpcClientProtocolClient (GrpcClientProtocolClient.java:onNext(255)) - client-7EF960CB3D58->c9f1298e-d840-49d8-aac3-de81602aa1d5: receive RaftClientReply:client-7EF960CB3D58->c9f1298e-d840-49d8-aac3-de81602aa1d5@group-E9810A644481, cid=904, SUCCESS, logIndex=1271, commits[c9f1298e-d840-49d8-aac3-de81602aa1d5:c1271]
2019-08-30 23:39:57,526 [SCMBlockDeletingService#0] DEBUG block.SCMBlockDeletingService (SCMBlockDeletingService.java:call(138)) - Running DeletedBlockTransactionScanner
2019-08-30 23:39:57,526 [SCMBlockDeletingService#0] DEBUG block.SCMBlockDeletingService (SCMBlockDeletingService.java:call(155)) - Scanned deleted blocks log and got 0 delTX to process.
2019-08-30 23:39:57,537 [grpc-default-executor-1] INFO  client.GrpcClientProtocolClient (GrpcClientProtocolClient.java:onNext(255)) - client-7EF960CB3D58->c9f1298e-d840-49d8-aac3-de81602aa1d5: receive RaftClientReply:client-7EF960CB3D58->c9f1298e-d840-49d8-aac3-de81602aa1d5@group-E9810A644481, cid=905, SUCCESS, logIndex=1274, commits[c9f1298e-d840-49d8-aac3-de81602aa1d5:c1275]
2019-08-30 23:39:57,537 [grpc-default-executor-1] INFO  client.GrpcClientProtocolClient (GrpcClientProtocolClient.java:onNext(255)) - client-7EF960CB3D58->c9f1298e-d840-49d8-aac3-de81602aa1d5: receive RaftClientReply:client-7EF960CB3D58->c9f1298e-d840-49d8-aac3-de81602aa1d5@group-E9810A644481, cid=906, SUCCESS, logIndex=1275, commits[c9f1298e-d840-49d8-aac3-de81602aa1d5:c1275]
2019-08-30 23:39:57,545 [grpc-default-executor-1] INFO  client.GrpcClientProtocolClient (GrpcClientProtocolClient.java:onNext(255)) - client-7EF960CB3D58->c9f1298e-d840-49d8-aac3-de81602aa1d5: receive RaftClientReply:client-7EF960CB3D58->c9f1298e-d840-49d8-aac3-de81602aa1d5@group-E9810A644481, cid=907, SUCCESS, logIndex=1276, commits[c9f1298e-d840-49d8-aac3-de81602aa1d5:c1277]
2019-08-30 23:39:57,545 [grpc-default-executor-1] INFO  client.GrpcClientProtocolClient (GrpcClientProtocolClient.java:onNext(255)) - client-7EF960CB3D58->c9f1298e-d840-49d8-aac3-de81602aa1d5: receive RaftClientReply:client-7EF960CB3D58->c9f1298e-d840-49d8-aac3-de81602aa1d5@group-E9810A644481, cid=908, SUCCESS, logIndex=1277, commits[c9f1298e-d840-49d8-aac3-de81602aa1d5:c1277]
2019-08-30 23:39:57,566 [grpc-default-executor-1] INFO  client.GrpcClientProtocolClient (GrpcClientProtocolClient.java:onNext(255)) - client-7EF960CB3D58->c9f1298e-d840-49d8-aac3-de81602aa1d5: receive RaftClientReply:client-7EF960CB3D58->c9f1298e-d840-49d8-aac3-de81602aa1d5@group-E9810A644481, cid=909, SUCCESS, logIndex=1280, commits[c9f1298e-d840-49d8-aac3-de81602aa1d5:c1283]
2019-08-30 23:39:57,567 [grpc-default-executor-1] INFO  client.GrpcClientProtocolClient (GrpcClientProtocolClient.java:onNext(255)) - client-7EF960CB3D58->c9f1298e-d840-49d8-aac3-de81602aa1d5: receive RaftClientReply:client-7EF960CB3D58->c9f1298e-d840-49d8-aac3-de81602aa1d5@group-E9810A644481, cid=910, SUCCESS, logIndex=1281, commits[c9f1298e-d840-49d8-aac3-de81602aa1d5:c1283]
2019-08-30 23:39:57,567 [grpc-default-executor-1] INFO  client.GrpcClientProtocolClient (GrpcClientProtocolClient.java:onNext(255)) - client-7EF960CB3D58->c9f1298e-d840-49d8-aac3-de81602aa1d5: receive RaftClientReply:client-7EF960CB3D58->c9f1298e-d840-49d8-aac3-de81602aa1d5@group-E9810A644481, cid=911, SUCCESS, logIndex=1282, commits[c9f1298e-d840-49d8-aac3-de81602aa1d5:c1283]
2019-08-30 23:39:57,567 [grpc-default-executor-1] INFO  client.GrpcClientProtocolClient (GrpcClientProtocolClient.java:onNext(255)) - client-7EF960CB3D58->c9f1298e-d840-49d8-aac3-de81602aa1d5: receive RaftClientReply:client-7EF960CB3D58->c9f1298e-d840-49d8-aac3-de81602aa1d5@group-E9810A644481, cid=912, SUCCESS, logIndex=1283, commits[c9f1298e-d840-49d8-aac3-de81602aa1d5:c1283]
2019-08-30 23:39:57,597 [grpc-default-executor-1] INFO  client.GrpcClientProtocolClient (GrpcClientProtocolClient.java:onNext(255)) - client-7EF960CB3D58->c9f1298e-d840-49d8-aac3-de81602aa1d5: receive RaftClientReply:client-7EF960CB3D58->c9f1298e-d840-49d8-aac3-de81602aa1d5@group-E9810A644481, cid=913, SUCCESS, logIndex=1285, commits[c9f1298e-d840-49d8-aac3-de81602aa1d5:c1286]
2019-08-30 23:39:57,598 [grpc-default-executor-1] INFO  client.GrpcClientProtocolClient (GrpcClientProtocolClient.java:onNext(255)) - client-7EF960CB3D58->c9f1298e-d840-49d8-aac3-de81602aa1d5: receive RaftClientReply:client-7EF960CB3D58->c9f1298e-d840-49d8-aac3-de81602aa1d5@group-E9810A644481, cid=914, SUCCESS, logIndex=1286, commits[c9f1298e-d840-49d8-aac3-de81602aa1d5:c1286]
2019-08-30 23:39:57,601 [grpc-default-executor-1] INFO  client.GrpcClientProtocolClient (GrpcClientProtocolClient.java:onNext(255)) - client-7EF960CB3D58->c9f1298e-d840-49d8-aac3-de81602aa1d5: receive RaftClientReply:client-7EF960CB3D58->c9f1298e-d840-49d8-aac3-de81602aa1d5@group-E9810A644481, cid=915, SUCCESS, logIndex=1287, commits[c9f1298e-d840-49d8-aac3-de81602aa1d5:c1288]
2019-08-30 23:39:57,601 [grpc-default-executor-1] INFO  client.GrpcClientProtocolClient (GrpcClientProtocolClient.java:onNext(255)) - client-7EF960CB3D58->c9f1298e-d840-49d8-aac3-de81602aa1d5: receive RaftClientReply:client-7EF960CB3D58->c9f1298e-d840-49d8-aac3-de81602aa1d5@group-E9810A644481, cid=916, SUCCESS, logIndex=1288, commits[c9f1298e-d840-49d8-aac3-de81602aa1d5:c1288]
2019-08-30 23:39:57,626 [SCMBlockDeletingService#0] DEBUG block.SCMBlockDeletingService (SCMBlockDeletingService.java:call(138)) - Running DeletedBlockTransactionScanner
2019-08-30 23:39:57,627 [SCMBlockDeletingService#0] DEBUG block.SCMBlockDeletingService (SCMBlockDeletingService.java:call(155)) - Scanned deleted blocks log and got 0 delTX to process.
2019-08-30 23:39:57,636 [grpc-default-executor-0] INFO  client.GrpcClientProtocolClient (GrpcClientProtocolClient.java:onNext(255)) - client-7EF960CB3D58->c9f1298e-d840-49d8-aac3-de81602aa1d5: receive RaftClientReply:client-7EF960CB3D58->c9f1298e-d840-49d8-aac3-de81602aa1d5@group-E9810A644481, cid=917, SUCCESS, logIndex=1291, commits[c9f1298e-d840-49d8-aac3-de81602aa1d5:c1294]
2019-08-30 23:39:57,636 [grpc-default-executor-0] INFO  client.GrpcClientProtocolClient (GrpcClientProtocolClient.java:onNext(255)) - client-7EF960CB3D58->c9f1298e-d840-49d8-aac3-de81602aa1d5: receive RaftClientReply:client-7EF960CB3D58->c9f1298e-d840-49d8-aac3-de81602aa1d5@group-E9810A644481, cid=918, SUCCESS, logIndex=1292, commits[c9f1298e-d840-49d8-aac3-de81602aa1d5:c1294]
2019-08-30 23:39:57,637 [grpc-default-executor-0] INFO  client.GrpcClientProtocolClient (GrpcClientProtocolClient.java:onNext(255)) - client-7EF960CB3D58->c9f1298e-d840-49d8-aac3-de81602aa1d5: receive RaftClientReply:client-7EF960CB3D58->c9f1298e-d840-49d8-aac3-de81602aa1d5@group-E9810A644481, cid=919, SUCCESS, logIndex=1293, commits[c9f1298e-d840-49d8-aac3-de81602aa1d5:c1294]
2019-08-30 23:39:57,637 [grpc-default-executor-0] INFO  client.GrpcClientProtocolClient (GrpcClientProtocolClient.java:onNext(255)) - client-7EF960CB3D58->c9f1298e-d840-49d8-aac3-de81602aa1d5: receive RaftClientReply:client-7EF960CB3D58->c9f1298e-d840-49d8-aac3-de81602aa1d5@group-E9810A644481, cid=920, SUCCESS, logIndex=1294, commits[c9f1298e-d840-49d8-aac3-de81602aa1d5:c1294]
2019-08-30 23:39:57,666 [grpc-default-executor-0] INFO  client.GrpcClientProtocolClient (GrpcClientProtocolClient.java:onNext(255)) - client-7EF960CB3D58->c9f1298e-d840-49d8-aac3-de81602aa1d5: receive RaftClientReply:client-7EF960CB3D58->c9f1298e-d840-49d8-aac3-de81602aa1d5@group-E9810A644481, cid=921, SUCCESS, logIndex=1296, commits[c9f1298e-d840-49d8-aac3-de81602aa1d5:c1297]
2019-08-30 23:39:57,667 [grpc-default-executor-0] INFO  client.GrpcClientProtocolClient (GrpcClientProtocolClient.java:onNext(255)) - client-7EF960CB3D58->c9f1298e-d840-49d8-aac3-de81602aa1d5: receive RaftClientReply:client-7EF960CB3D58->c9f1298e-d840-49d8-aac3-de81602aa1d5@group-E9810A644481, cid=922, SUCCESS, logIndex=1297, commits[c9f1298e-d840-49d8-aac3-de81602aa1d5:c1297]
2019-08-30 23:39:57,669 [grpc-default-executor-0] INFO  client.GrpcClientProtocolClient (GrpcClientProtocolClient.java:onNext(255)) - client-7EF960CB3D58->c9f1298e-d840-49d8-aac3-de81602aa1d5: receive RaftClientReply:client-7EF960CB3D58->c9f1298e-d840-49d8-aac3-de81602aa1d5@group-E9810A644481, cid=923, SUCCESS, logIndex=1298, commits[c9f1298e-d840-49d8-aac3-de81602aa1d5:c1299]
2019-08-30 23:39:57,670 [grpc-default-executor-0] INFO  client.GrpcClientProtocolClient (GrpcClientProtocolClient.java:onNext(255)) - client-7EF960CB3D58->c9f1298e-d840-49d8-aac3-de81602aa1d5: receive RaftClientReply:client-7EF960CB3D58->c9f1298e-d840-49d8-aac3-de81602aa1d5@group-E9810A644481, cid=924, SUCCESS, logIndex=1299, commits[c9f1298e-d840-49d8-aac3-de81602aa1d5:c1299]
2019-08-30 23:39:57,685 [grpc-default-executor-1] INFO  client.GrpcClientProtocolClient (GrpcClientProtocolClient.java:onNext(255)) - client-7EF960CB3D58->c9f1298e-d840-49d8-aac3-de81602aa1d5: receive RaftClientReply:client-7EF960CB3D58->c9f1298e-d840-49d8-aac3-de81602aa1d5@group-E9810A644481, cid=925, SUCCESS, logIndex=1302, commits[c9f1298e-d840-49d8-aac3-de81602aa1d5:c1305]
2019-08-30 23:39:57,685 [grpc-default-executor-1] INFO  client.GrpcClientProtocolClient (GrpcClientProtocolClient.java:onNext(255)) - client-7EF960CB3D58->c9f1298e-d840-49d8-aac3-de81602aa1d5: receive RaftClientReply:client-7EF960CB3D58->c9f1298e-d840-49d8-aac3-de81602aa1d5@group-E9810A644481, cid=926, SUCCESS, logIndex=1303, commits[c9f1298e-d840-49d8-aac3-de81602aa1d5:c1305]
2019-08-30 23:39:57,686 [grpc-default-executor-1] INFO  client.GrpcClientProtocolClient (GrpcClientProtocolClient.java:onNext(255)) - client-7EF960CB3D58->c9f1298e-d840-49d8-aac3-de81602aa1d5: receive RaftClientReply:client-7EF960CB3D58->c9f1298e-d840-49d8-aac3-de81602aa1d5@group-E9810A644481, cid=927, SUCCESS, logIndex=1304, commits[c9f1298e-d840-49d8-aac3-de81602aa1d5:c1305]
2019-08-30 23:39:57,686 [grpc-default-executor-1] INFO  client.GrpcClientProtocolClient (GrpcClientProtocolClient.java:onNext(255)) - client-7EF960CB3D58->c9f1298e-d840-49d8-aac3-de81602aa1d5: receive RaftClientReply:client-7EF960CB3D58->c9f1298e-d840-49d8-aac3-de81602aa1d5@group-E9810A644481, cid=928, SUCCESS, logIndex=1305, commits[c9f1298e-d840-49d8-aac3-de81602aa1d5:c1305]
2019-08-30 23:39:57,793 [SCMBlockDeletingService#0] DEBUG block.SCMBlockDeletingService (SCMBlockDeletingService.java:call(138)) - Running DeletedBlockTransactionScanner
2019-08-30 23:39:57,794 [SCMBlockDeletingService#0] DEBUG block.SCMBlockDeletingService (SCMBlockDeletingService.java:call(155)) - Scanned deleted blocks log and got 0 delTX to process.
2019-08-30 23:39:57,894 [SCMBlockDeletingService#0] DEBUG block.SCMBlockDeletingService (SCMBlockDeletingService.java:call(138)) - Running DeletedBlockTransactionScanner
2019-08-30 23:39:57,894 [SCMBlockDeletingService#0] DEBUG block.SCMBlockDeletingService (SCMBlockDeletingService.java:call(155)) - Scanned deleted blocks log and got 0 delTX to process.
2019-08-30 23:39:57,945 [grpc-default-executor-1] INFO  client.GrpcClientProtocolClient (GrpcClientProtocolClient.java:onNext(255)) - client-7EF960CB3D58->c9f1298e-d840-49d8-aac3-de81602aa1d5: receive RaftClientReply:client-7EF960CB3D58->c9f1298e-d840-49d8-aac3-de81602aa1d5@group-E9810A644481, cid=929, SUCCESS, logIndex=1307, commits[c9f1298e-d840-49d8-aac3-de81602aa1d5:c1308]
2019-08-30 23:39:57,946 [grpc-default-executor-1] INFO  client.GrpcClientProtocolClient (GrpcClientProtocolClient.java:onNext(255)) - client-7EF960CB3D58->c9f1298e-d840-49d8-aac3-de81602aa1d5: receive RaftClientReply:client-7EF960CB3D58->c9f1298e-d840-49d8-aac3-de81602aa1d5@group-E9810A644481, cid=930, SUCCESS, logIndex=1308, commits[c9f1298e-d840-49d8-aac3-de81602aa1d5:c1310]
2019-08-30 23:39:57,947 [grpc-default-executor-1] INFO  client.GrpcClientProtocolClient (GrpcClientProtocolClient.java:onNext(255)) - client-7EF960CB3D58->c9f1298e-d840-49d8-aac3-de81602aa1d5: receive RaftClientReply:client-7EF960CB3D58->c9f1298e-d840-49d8-aac3-de81602aa1d5@group-E9810A644481, cid=931, SUCCESS, logIndex=1309, commits[c9f1298e-d840-49d8-aac3-de81602aa1d5:c1310]
2019-08-30 23:39:57,947 [grpc-default-executor-1] INFO  client.GrpcClientProtocolClient (GrpcClientProtocolClient.java:onNext(255)) - client-7EF960CB3D58->c9f1298e-d840-49d8-aac3-de81602aa1d5: receive RaftClientReply:client-7EF960CB3D58->c9f1298e-d840-49d8-aac3-de81602aa1d5@group-E9810A644481, cid=932, SUCCESS, logIndex=1310, commits[c9f1298e-d840-49d8-aac3-de81602aa1d5:c1310]
2019-08-30 23:39:57,963 [grpc-default-executor-0] INFO  client.GrpcClientProtocolClient (GrpcClientProtocolClient.java:onNext(255)) - client-7EF960CB3D58->c9f1298e-d840-49d8-aac3-de81602aa1d5: receive RaftClientReply:client-7EF960CB3D58->c9f1298e-d840-49d8-aac3-de81602aa1d5@group-E9810A644481, cid=933, SUCCESS, logIndex=1313, commits[c9f1298e-d840-49d8-aac3-de81602aa1d5:c1314]
2019-08-30 23:39:57,963 [grpc-default-executor-0] INFO  client.GrpcClientProtocolClient (GrpcClientProtocolClient.java:onNext(255)) - client-7EF960CB3D58->c9f1298e-d840-49d8-aac3-de81602aa1d5: receive RaftClientReply:client-7EF960CB3D58->c9f1298e-d840-49d8-aac3-de81602aa1d5@group-E9810A644481, cid=934, SUCCESS, logIndex=1314, commits[c9f1298e-d840-49d8-aac3-de81602aa1d5:c1316]
2019-08-30 23:39:57,964 [grpc-default-executor-0] INFO  client.GrpcClientProtocolClient (GrpcClientProtocolClient.java:onNext(255)) - client-7EF960CB3D58->c9f1298e-d840-49d8-aac3-de81602aa1d5: receive RaftClientReply:client-7EF960CB3D58->c9f1298e-d840-49d8-aac3-de81602aa1d5@group-E9810A644481, cid=935, SUCCESS, logIndex=1315, commits[c9f1298e-d840-49d8-aac3-de81602aa1d5:c1316]
2019-08-30 23:39:57,964 [grpc-default-executor-0] INFO  client.GrpcClientProtocolClient (GrpcClientProtocolClient.java:onNext(255)) - client-7EF960CB3D58->c9f1298e-d840-49d8-aac3-de81602aa1d5: receive RaftClientReply:client-7EF960CB3D58->c9f1298e-d840-49d8-aac3-de81602aa1d5@group-E9810A644481, cid=936, SUCCESS, logIndex=1316, commits[c9f1298e-d840-49d8-aac3-de81602aa1d5:c1316]
2019-08-30 23:39:57,986 [grpc-default-executor-1] INFO  client.GrpcClientProtocolClient (GrpcClientProtocolClient.java:onNext(255)) - client-7EF960CB3D58->c9f1298e-d840-49d8-aac3-de81602aa1d5: receive RaftClientReply:client-7EF960CB3D58->c9f1298e-d840-49d8-aac3-de81602aa1d5@group-E9810A644481, cid=937, SUCCESS, logIndex=1319, commits[c9f1298e-d840-49d8-aac3-de81602aa1d5:c1320]
2019-08-30 23:39:57,987 [grpc-default-executor-1] INFO  client.GrpcClientProtocolClient (GrpcClientProtocolClient.java:onNext(255)) - client-7EF960CB3D58->c9f1298e-d840-49d8-aac3-de81602aa1d5: receive RaftClientReply:client-7EF960CB3D58->c9f1298e-d840-49d8-aac3-de81602aa1d5@group-E9810A644481, cid=938, SUCCESS, logIndex=1320, commits[c9f1298e-d840-49d8-aac3-de81602aa1d5:c1320]
2019-08-30 23:39:57,995 [SCMBlockDeletingService#1] DEBUG block.SCMBlockDeletingService (SCMBlockDeletingService.java:call(138)) - Running DeletedBlockTransactionScanner
2019-08-30 23:39:57,995 [SCMBlockDeletingService#1] DEBUG block.SCMBlockDeletingService (SCMBlockDeletingService.java:call(155)) - Scanned deleted blocks log and got 0 delTX to process.
2019-08-30 23:39:57,996 [grpc-default-executor-1] INFO  client.GrpcClientProtocolClient (GrpcClientProtocolClient.java:onNext(255)) - client-7EF960CB3D58->c9f1298e-d840-49d8-aac3-de81602aa1d5: receive RaftClientReply:client-7EF960CB3D58->c9f1298e-d840-49d8-aac3-de81602aa1d5@group-E9810A644481, cid=939, SUCCESS, logIndex=1321, commits[c9f1298e-d840-49d8-aac3-de81602aa1d5:c1322]
2019-08-30 23:39:57,997 [grpc-default-executor-1] INFO  client.GrpcClientProtocolClient (GrpcClientProtocolClient.java:onNext(255)) - client-7EF960CB3D58->c9f1298e-d840-49d8-aac3-de81602aa1d5: receive RaftClientReply:client-7EF960CB3D58->c9f1298e-d840-49d8-aac3-de81602aa1d5@group-E9810A644481, cid=940, SUCCESS, logIndex=1322, commits[c9f1298e-d840-49d8-aac3-de81602aa1d5:c1322]
2019-08-30 23:39:58,014 [grpc-default-executor-1] INFO  client.GrpcClientProtocolClient (GrpcClientProtocolClient.java:onNext(255)) - client-7EF960CB3D58->c9f1298e-d840-49d8-aac3-de81602aa1d5: receive RaftClientReply:client-7EF960CB3D58->c9f1298e-d840-49d8-aac3-de81602aa1d5@group-E9810A644481, cid=941, SUCCESS, logIndex=1325, commits[c9f1298e-d840-49d8-aac3-de81602aa1d5:c1328]
2019-08-30 23:39:58,015 [grpc-default-executor-1] INFO  client.GrpcClientProtocolClient (GrpcClientProtocolClient.java:onNext(255)) - client-7EF960CB3D58->c9f1298e-d840-49d8-aac3-de81602aa1d5: receive RaftClientReply:client-7EF960CB3D58->c9f1298e-d840-49d8-aac3-de81602aa1d5@group-E9810A644481, cid=942, SUCCESS, logIndex=1326, commits[c9f1298e-d840-49d8-aac3-de81602aa1d5:c1328]
2019-08-30 23:39:58,015 [grpc-default-executor-1] INFO  client.GrpcClientProtocolClient (GrpcClientProtocolClient.java:onNext(255)) - client-7EF960CB3D58->c9f1298e-d840-49d8-aac3-de81602aa1d5: receive RaftClientReply:client-7EF960CB3D58->c9f1298e-d840-49d8-aac3-de81602aa1d5@group-E9810A644481, cid=943, SUCCESS, logIndex=1327, commits[c9f1298e-d840-49d8-aac3-de81602aa1d5:c1328]
2019-08-30 23:39:58,016 [grpc-default-executor-1] INFO  client.GrpcClientProtocolClient (GrpcClientProtocolClient.java:onNext(255)) - client-7EF960CB3D58->c9f1298e-d840-49d8-aac3-de81602aa1d5: receive RaftClientReply:client-7EF960CB3D58->c9f1298e-d840-49d8-aac3-de81602aa1d5@group-E9810A644481, cid=944, SUCCESS, logIndex=1328, commits[c9f1298e-d840-49d8-aac3-de81602aa1d5:c1328]
2019-08-30 23:39:58,041 [grpc-default-executor-0] INFO  client.GrpcClientProtocolClient (GrpcClientProtocolClient.java:onNext(255)) - client-7EF960CB3D58->c9f1298e-d840-49d8-aac3-de81602aa1d5: receive RaftClientReply:client-7EF960CB3D58->c9f1298e-d840-49d8-aac3-de81602aa1d5@group-E9810A644481, cid=945, SUCCESS, logIndex=1330, commits[c9f1298e-d840-49d8-aac3-de81602aa1d5:c1331]
2019-08-30 23:39:58,042 [grpc-default-executor-0] INFO  client.GrpcClientProtocolClient (GrpcClientProtocolClient.java:onNext(255)) - client-7EF960CB3D58->c9f1298e-d840-49d8-aac3-de81602aa1d5: receive RaftClientReply:client-7EF960CB3D58->c9f1298e-d840-49d8-aac3-de81602aa1d5@group-E9810A644481, cid=946, SUCCESS, logIndex=1331, commits[c9f1298e-d840-49d8-aac3-de81602aa1d5:c1333]
2019-08-30 23:39:58,042 [grpc-default-executor-0] INFO  client.GrpcClientProtocolClient (GrpcClientProtocolClient.java:onNext(255)) - client-7EF960CB3D58->c9f1298e-d840-49d8-aac3-de81602aa1d5: receive RaftClientReply:client-7EF960CB3D58->c9f1298e-d840-49d8-aac3-de81602aa1d5@group-E9810A644481, cid=947, SUCCESS, logIndex=1332, commits[c9f1298e-d840-49d8-aac3-de81602aa1d5:c1333]
2019-08-30 23:39:58,042 [grpc-default-executor-0] INFO  client.GrpcClientProtocolClient (GrpcClientProtocolClient.java:onNext(255)) - client-7EF960CB3D58->c9f1298e-d840-49d8-aac3-de81602aa1d5: receive RaftClientReply:client-7EF960CB3D58->c9f1298e-d840-49d8-aac3-de81602aa1d5@group-E9810A644481, cid=948, SUCCESS, logIndex=1333, commits[c9f1298e-d840-49d8-aac3-de81602aa1d5:c1333]
2019-08-30 23:39:58,064 [grpc-default-executor-0] INFO  client.GrpcClientProtocolClient (GrpcClientProtocolClient.java:onNext(255)) - client-7EF960CB3D58->c9f1298e-d840-49d8-aac3-de81602aa1d5: receive RaftClientReply:client-7EF960CB3D58->c9f1298e-d840-49d8-aac3-de81602aa1d5@group-E9810A644481, cid=949, SUCCESS, logIndex=1336, commits[c9f1298e-d840-49d8-aac3-de81602aa1d5:c1339]
2019-08-30 23:39:58,064 [grpc-default-executor-0] INFO  client.GrpcClientProtocolClient (GrpcClientProtocolClient.java:onNext(255)) - client-7EF960CB3D58->c9f1298e-d840-49d8-aac3-de81602aa1d5: receive RaftClientReply:client-7EF960CB3D58->c9f1298e-d840-49d8-aac3-de81602aa1d5@group-E9810A644481, cid=950, SUCCESS, logIndex=1337, commits[c9f1298e-d840-49d8-aac3-de81602aa1d5:c1339]
2019-08-30 23:39:58,064 [grpc-default-executor-0] INFO  client.GrpcClientProtocolClient (GrpcClientProtocolClient.java:onNext(255)) - client-7EF960CB3D58->c9f1298e-d840-49d8-aac3-de81602aa1d5: receive RaftClientReply:client-7EF960CB3D58->c9f1298e-d840-49d8-aac3-de81602aa1d5@group-E9810A644481, cid=951, SUCCESS, logIndex=1338, commits[c9f1298e-d840-49d8-aac3-de81602aa1d5:c1339]
2019-08-30 23:39:58,065 [grpc-default-executor-0] INFO  client.GrpcClientProtocolClient (GrpcClientProtocolClient.java:onNext(255)) - client-7EF960CB3D58->c9f1298e-d840-49d8-aac3-de81602aa1d5: receive RaftClientReply:client-7EF960CB3D58->c9f1298e-d840-49d8-aac3-de81602aa1d5@group-E9810A644481, cid=952, SUCCESS, logIndex=1339, commits[c9f1298e-d840-49d8-aac3-de81602aa1d5:c1339]
2019-08-30 23:39:58,093 [grpc-default-executor-0] INFO  client.GrpcClientProtocolClient (GrpcClientProtocolClient.java:onNext(255)) - client-7EF960CB3D58->c9f1298e-d840-49d8-aac3-de81602aa1d5: receive RaftClientReply:client-7EF960CB3D58->c9f1298e-d840-49d8-aac3-de81602aa1d5@group-E9810A644481, cid=953, SUCCESS, logIndex=1341, commits[c9f1298e-d840-49d8-aac3-de81602aa1d5:c1342]
2019-08-30 23:39:58,093 [grpc-default-executor-0] INFO  client.GrpcClientProtocolClient (GrpcClientProtocolClient.java:onNext(255)) - client-7EF960CB3D58->c9f1298e-d840-49d8-aac3-de81602aa1d5: receive RaftClientReply:client-7EF960CB3D58->c9f1298e-d840-49d8-aac3-de81602aa1d5@group-E9810A644481, cid=954, SUCCESS, logIndex=1342, commits[c9f1298e-d840-49d8-aac3-de81602aa1d5:c1342]
2019-08-30 23:39:58,095 [SCMBlockDeletingService#1] DEBUG block.SCMBlockDeletingService (SCMBlockDeletingService.java:call(138)) - Running DeletedBlockTransactionScanner
2019-08-30 23:39:58,095 [SCMBlockDeletingService#1] DEBUG block.SCMBlockDeletingService (SCMBlockDeletingService.java:call(155)) - Scanned deleted blocks log and got 0 delTX to process.
2019-08-30 23:39:58,103 [grpc-default-executor-0] INFO  client.GrpcClientProtocolClient (GrpcClientProtocolClient.java:onNext(255)) - client-7EF960CB3D58->c9f1298e-d840-49d8-aac3-de81602aa1d5: receive RaftClientReply:client-7EF960CB3D58->c9f1298e-d840-49d8-aac3-de81602aa1d5@group-E9810A644481, cid=955, SUCCESS, logIndex=1343, commits[c9f1298e-d840-49d8-aac3-de81602aa1d5:c1344]
2019-08-30 23:39:58,103 [grpc-default-executor-0] INFO  client.GrpcClientProtocolClient (GrpcClientProtocolClient.java:onNext(255)) - client-7EF960CB3D58->c9f1298e-d840-49d8-aac3-de81602aa1d5: receive RaftClientReply:client-7EF960CB3D58->c9f1298e-d840-49d8-aac3-de81602aa1d5@group-E9810A644481, cid=956, SUCCESS, logIndex=1344, commits[c9f1298e-d840-49d8-aac3-de81602aa1d5:c1344]
2019-08-30 23:39:58,126 [grpc-default-executor-0] INFO  client.GrpcClientProtocolClient (GrpcClientProtocolClient.java:onNext(255)) - client-7EF960CB3D58->c9f1298e-d840-49d8-aac3-de81602aa1d5: receive RaftClientReply:client-7EF960CB3D58->c9f1298e-d840-49d8-aac3-de81602aa1d5@group-E9810A644481, cid=957, SUCCESS, logIndex=1347, commits[c9f1298e-d840-49d8-aac3-de81602aa1d5:c1350]
2019-08-30 23:39:58,127 [grpc-default-executor-0] INFO  client.GrpcClientProtocolClient (GrpcClientProtocolClient.java:onNext(255)) - client-7EF960CB3D58->c9f1298e-d840-49d8-aac3-de81602aa1d5: receive RaftClientReply:client-7EF960CB3D58->c9f1298e-d840-49d8-aac3-de81602aa1d5@group-E9810A644481, cid=958, SUCCESS, logIndex=1348, commits[c9f1298e-d840-49d8-aac3-de81602aa1d5:c1350]
2019-08-30 23:39:58,127 [grpc-default-executor-0] INFO  client.GrpcClientProtocolClient (GrpcClientProtocolClient.java:onNext(255)) - client-7EF960CB3D58->c9f1298e-d840-49d8-aac3-de81602aa1d5: receive RaftClientReply:client-7EF960CB3D58->c9f1298e-d840-49d8-aac3-de81602aa1d5@group-E9810A644481, cid=959, SUCCESS, logIndex=1349, commits[c9f1298e-d840-49d8-aac3-de81602aa1d5:c1350]
2019-08-30 23:39:58,128 [grpc-default-executor-0] INFO  client.GrpcClientProtocolClient (GrpcClientProtocolClient.java:onNext(255)) - client-7EF960CB3D58->c9f1298e-d840-49d8-aac3-de81602aa1d5: receive RaftClientReply:client-7EF960CB3D58->c9f1298e-d840-49d8-aac3-de81602aa1d5@group-E9810A644481, cid=960, SUCCESS, logIndex=1350, commits[c9f1298e-d840-49d8-aac3-de81602aa1d5:c1350]
2019-08-30 23:39:58,165 [grpc-default-executor-0] INFO  client.GrpcClientProtocolClient (GrpcClientProtocolClient.java:onNext(255)) - client-7EF960CB3D58->c9f1298e-d840-49d8-aac3-de81602aa1d5: receive RaftClientReply:client-7EF960CB3D58->c9f1298e-d840-49d8-aac3-de81602aa1d5@group-E9810A644481, cid=961, SUCCESS, logIndex=1352, commits[c9f1298e-d840-49d8-aac3-de81602aa1d5:c1355]
2019-08-30 23:39:58,166 [grpc-default-executor-0] INFO  client.GrpcClientProtocolClient (GrpcClientProtocolClient.java:onNext(255)) - client-7EF960CB3D58->c9f1298e-d840-49d8-aac3-de81602aa1d5: receive RaftClientReply:client-7EF960CB3D58->c9f1298e-d840-49d8-aac3-de81602aa1d5@group-E9810A644481, cid=962, SUCCESS, logIndex=1353, commits[c9f1298e-d840-49d8-aac3-de81602aa1d5:c1355]
2019-08-30 23:39:58,166 [grpc-default-executor-0] INFO  client.GrpcClientProtocolClient (GrpcClientProtocolClient.java:onNext(255)) - client-7EF960CB3D58->c9f1298e-d840-49d8-aac3-de81602aa1d5: receive RaftClientReply:client-7EF960CB3D58->c9f1298e-d840-49d8-aac3-de81602aa1d5@group-E9810A644481, cid=963, SUCCESS, logIndex=1354, commits[c9f1298e-d840-49d8-aac3-de81602aa1d5:c1355]
2019-08-30 23:39:58,167 [grpc-default-executor-0] INFO  client.GrpcClientProtocolClient (GrpcClientProtocolClient.java:onNext(255)) - client-7EF960CB3D58->c9f1298e-d840-49d8-aac3-de81602aa1d5: receive RaftClientReply:client-7EF960CB3D58->c9f1298e-d840-49d8-aac3-de81602aa1d5@group-E9810A644481, cid=964, SUCCESS, logIndex=1355, commits[c9f1298e-d840-49d8-aac3-de81602aa1d5:c1355]
2019-08-30 23:39:58,181 [grpc-default-executor-0] INFO  client.GrpcClientProtocolClient (GrpcClientProtocolClient.java:onNext(255)) - client-7EF960CB3D58->c9f1298e-d840-49d8-aac3-de81602aa1d5: receive RaftClientReply:client-7EF960CB3D58->c9f1298e-d840-49d8-aac3-de81602aa1d5@group-E9810A644481, cid=965, SUCCESS, logIndex=1357, commits[c9f1298e-d840-49d8-aac3-de81602aa1d5:c1358]
2019-08-30 23:39:58,182 [grpc-default-executor-0] INFO  client.GrpcClientProtocolClient (GrpcClientProtocolClient.java:onNext(255)) - client-7EF960CB3D58->c9f1298e-d840-49d8-aac3-de81602aa1d5: receive RaftClientReply:client-7EF960CB3D58->c9f1298e-d840-49d8-aac3-de81602aa1d5@group-E9810A644481, cid=966, SUCCESS, logIndex=1358, commits[c9f1298e-d840-49d8-aac3-de81602aa1d5:c1358]
2019-08-30 23:39:58,196 [SCMBlockDeletingService#1] DEBUG block.SCMBlockDeletingService (SCMBlockDeletingService.java:call(138)) - Running DeletedBlockTransactionScanner
2019-08-30 23:39:58,196 [SCMBlockDeletingService#1] DEBUG block.SCMBlockDeletingService (SCMBlockDeletingService.java:call(155)) - Scanned deleted blocks log and got 0 delTX to process.
2019-08-30 23:39:58,206 [grpc-default-executor-0] INFO  client.GrpcClientProtocolClient (GrpcClientProtocolClient.java:onNext(255)) - client-7EF960CB3D58->c9f1298e-d840-49d8-aac3-de81602aa1d5: receive RaftClientReply:client-7EF960CB3D58->c9f1298e-d840-49d8-aac3-de81602aa1d5@group-E9810A644481, cid=967, SUCCESS, logIndex=1359, commits[c9f1298e-d840-49d8-aac3-de81602aa1d5:c1360]
2019-08-30 23:39:58,206 [grpc-default-executor-0] INFO  client.GrpcClientProtocolClient (GrpcClientProtocolClient.java:onNext(255)) - client-7EF960CB3D58->c9f1298e-d840-49d8-aac3-de81602aa1d5: receive RaftClientReply:client-7EF960CB3D58->c9f1298e-d840-49d8-aac3-de81602aa1d5@group-E9810A644481, cid=968, SUCCESS, logIndex=1360, commits[c9f1298e-d840-49d8-aac3-de81602aa1d5:c1360]
2019-08-30 23:39:58,232 [grpc-default-executor-0] INFO  client.GrpcClientProtocolClient (GrpcClientProtocolClient.java:onNext(255)) - client-7EF960CB3D58->c9f1298e-d840-49d8-aac3-de81602aa1d5: receive RaftClientReply:client-7EF960CB3D58->c9f1298e-d840-49d8-aac3-de81602aa1d5@group-E9810A644481, cid=969, SUCCESS, logIndex=1363, commits[c9f1298e-d840-49d8-aac3-de81602aa1d5:c1366]
2019-08-30 23:39:58,233 [grpc-default-executor-0] INFO  client.GrpcClientProtocolClient (GrpcClientProtocolClient.java:onNext(255)) - client-7EF960CB3D58->c9f1298e-d840-49d8-aac3-de81602aa1d5: receive RaftClientReply:client-7EF960CB3D58->c9f1298e-d840-49d8-aac3-de81602aa1d5@group-E9810A644481, cid=970, SUCCESS, logIndex=1364, commits[c9f1298e-d840-49d8-aac3-de81602aa1d5:c1366]
2019-08-30 23:39:58,233 [grpc-default-executor-0] INFO  client.GrpcClientProtocolClient (GrpcClientProtocolClient.java:onNext(255)) - client-7EF960CB3D58->c9f1298e-d840-49d8-aac3-de81602aa1d5: receive RaftClientReply:client-7EF960CB3D58->c9f1298e-d840-49d8-aac3-de81602aa1d5@group-E9810A644481, cid=971, SUCCESS, logIndex=1365, commits[c9f1298e-d840-49d8-aac3-de81602aa1d5:c1366]
2019-08-30 23:39:58,233 [grpc-default-executor-0] INFO  client.GrpcClientProtocolClient (GrpcClientProtocolClient.java:onNext(255)) - client-7EF960CB3D58->c9f1298e-d840-49d8-aac3-de81602aa1d5: receive RaftClientReply:client-7EF960CB3D58->c9f1298e-d840-49d8-aac3-de81602aa1d5@group-E9810A644481, cid=972, SUCCESS, logIndex=1366, commits[c9f1298e-d840-49d8-aac3-de81602aa1d5:c1366]
2019-08-30 23:39:58,296 [SCMBlockDeletingService#1] DEBUG block.SCMBlockDeletingService (SCMBlockDeletingService.java:call(138)) - Running DeletedBlockTransactionScanner
2019-08-30 23:39:58,297 [SCMBlockDeletingService#1] DEBUG block.SCMBlockDeletingService (SCMBlockDeletingService.java:call(155)) - Scanned deleted blocks log and got 0 delTX to process.
2019-08-30 23:39:58,357 [grpc-default-executor-0] INFO  client.GrpcClientProtocolClient (GrpcClientProtocolClient.java:onNext(255)) - client-7EF960CB3D58->c9f1298e-d840-49d8-aac3-de81602aa1d5: receive RaftClientReply:client-7EF960CB3D58->c9f1298e-d840-49d8-aac3-de81602aa1d5@group-E9810A644481, cid=973, SUCCESS, logIndex=1368, commits[c9f1298e-d840-49d8-aac3-de81602aa1d5:c1369]
2019-08-30 23:39:58,359 [grpc-default-executor-0] INFO  client.GrpcClientProtocolClient (GrpcClientProtocolClient.java:onNext(255)) - client-7EF960CB3D58->c9f1298e-d840-49d8-aac3-de81602aa1d5: receive RaftClientReply:client-7EF960CB3D58->c9f1298e-d840-49d8-aac3-de81602aa1d5@group-E9810A644481, cid=974, SUCCESS, logIndex=1369, commits[c9f1298e-d840-49d8-aac3-de81602aa1d5:c1369]
2019-08-30 23:39:58,369 [grpc-default-executor-0] INFO  client.GrpcClientProtocolClient (GrpcClientProtocolClient.java:onNext(255)) - client-7EF960CB3D58->c9f1298e-d840-49d8-aac3-de81602aa1d5: receive RaftClientReply:client-7EF960CB3D58->c9f1298e-d840-49d8-aac3-de81602aa1d5@group-E9810A644481, cid=975, SUCCESS, logIndex=1370, commits[c9f1298e-d840-49d8-aac3-de81602aa1d5:c1371]
2019-08-30 23:39:58,370 [grpc-default-executor-0] INFO  client.GrpcClientProtocolClient (GrpcClientProtocolClient.java:onNext(255)) - client-7EF960CB3D58->c9f1298e-d840-49d8-aac3-de81602aa1d5: receive RaftClientReply:client-7EF960CB3D58->c9f1298e-d840-49d8-aac3-de81602aa1d5@group-E9810A644481, cid=976, SUCCESS, logIndex=1371, commits[c9f1298e-d840-49d8-aac3-de81602aa1d5:c1371]
2019-08-30 23:39:58,397 [SCMBlockDeletingService#1] DEBUG block.SCMBlockDeletingService (SCMBlockDeletingService.java:call(138)) - Running DeletedBlockTransactionScanner
2019-08-30 23:39:58,397 [SCMBlockDeletingService#1] DEBUG block.SCMBlockDeletingService (SCMBlockDeletingService.java:call(155)) - Scanned deleted blocks log and got 0 delTX to process.
2019-08-30 23:39:58,405 [grpc-default-executor-1] INFO  client.GrpcClientProtocolClient (GrpcClientProtocolClient.java:onNext(255)) - client-7EF960CB3D58->c9f1298e-d840-49d8-aac3-de81602aa1d5: receive RaftClientReply:client-7EF960CB3D58->c9f1298e-d840-49d8-aac3-de81602aa1d5@group-E9810A644481, cid=977, SUCCESS, logIndex=1374, commits[c9f1298e-d840-49d8-aac3-de81602aa1d5:c1375]
2019-08-30 23:39:58,406 [grpc-default-executor-1] INFO  client.GrpcClientProtocolClient (GrpcClientProtocolClient.java:onNext(255)) - client-7EF960CB3D58->c9f1298e-d840-49d8-aac3-de81602aa1d5: receive RaftClientReply:client-7EF960CB3D58->c9f1298e-d840-49d8-aac3-de81602aa1d5@group-E9810A644481, cid=978, SUCCESS, logIndex=1375, commits[c9f1298e-d840-49d8-aac3-de81602aa1d5:c1375]
2019-08-30 23:39:58,406 [grpc-default-executor-1] INFO  client.GrpcClientProtocolClient (GrpcClientProtocolClient.java:onNext(255)) - client-7EF960CB3D58->c9f1298e-d840-49d8-aac3-de81602aa1d5: receive RaftClientReply:client-7EF960CB3D58->c9f1298e-d840-49d8-aac3-de81602aa1d5@group-E9810A644481, cid=979, SUCCESS, logIndex=1376, commits[c9f1298e-d840-49d8-aac3-de81602aa1d5:c1377]
2019-08-30 23:39:58,407 [grpc-default-executor-1] INFO  client.GrpcClientProtocolClient (GrpcClientProtocolClient.java:onNext(255)) - client-7EF960CB3D58->c9f1298e-d840-49d8-aac3-de81602aa1d5: receive RaftClientReply:client-7EF960CB3D58->c9f1298e-d840-49d8-aac3-de81602aa1d5@group-E9810A644481, cid=980, SUCCESS, logIndex=1377, commits[c9f1298e-d840-49d8-aac3-de81602aa1d5:c1377]
2019-08-30 23:39:58,423 [grpc-default-executor-1] INFO  client.GrpcClientProtocolClient (GrpcClientProtocolClient.java:onNext(255)) - client-7EF960CB3D58->c9f1298e-d840-49d8-aac3-de81602aa1d5: receive RaftClientReply:client-7EF960CB3D58->c9f1298e-d840-49d8-aac3-de81602aa1d5@group-E9810A644481, cid=981, SUCCESS, logIndex=1380, commits[c9f1298e-d840-49d8-aac3-de81602aa1d5:c1381]
2019-08-30 23:39:58,423 [grpc-default-executor-1] INFO  client.GrpcClientProtocolClient (GrpcClientProtocolClient.java:onNext(255)) - client-7EF960CB3D58->c9f1298e-d840-49d8-aac3-de81602aa1d5: receive RaftClientReply:client-7EF960CB3D58->c9f1298e-d840-49d8-aac3-de81602aa1d5@group-E9810A644481, cid=982, SUCCESS, logIndex=1381, commits[c9f1298e-d840-49d8-aac3-de81602aa1d5:c1381]
2019-08-30 23:39:58,424 [grpc-default-executor-1] INFO  client.GrpcClientProtocolClient (GrpcClientProtocolClient.java:onNext(255)) - client-7EF960CB3D58->c9f1298e-d840-49d8-aac3-de81602aa1d5: receive RaftClientReply:client-7EF960CB3D58->c9f1298e-d840-49d8-aac3-de81602aa1d5@group-E9810A644481, cid=983, SUCCESS, logIndex=1382, commits[c9f1298e-d840-49d8-aac3-de81602aa1d5:c1383]
2019-08-30 23:39:58,425 [grpc-default-executor-1] INFO  client.GrpcClientProtocolClient (GrpcClientProtocolClient.java:onNext(255)) - client-7EF960CB3D58->c9f1298e-d840-49d8-aac3-de81602aa1d5: receive RaftClientReply:client-7EF960CB3D58->c9f1298e-d840-49d8-aac3-de81602aa1d5@group-E9810A644481, cid=984, SUCCESS, logIndex=1383, commits[c9f1298e-d840-49d8-aac3-de81602aa1d5:c1383]
2019-08-30 23:39:58,447 [grpc-default-executor-1] INFO  client.GrpcClientProtocolClient (GrpcClientProtocolClient.java:onNext(255)) - client-7EF960CB3D58->c9f1298e-d840-49d8-aac3-de81602aa1d5: receive RaftClientReply:client-7EF960CB3D58->c9f1298e-d840-49d8-aac3-de81602aa1d5@group-E9810A644481, cid=985, SUCCESS, logIndex=1386, commits[c9f1298e-d840-49d8-aac3-de81602aa1d5:c1387]
2019-08-30 23:39:58,448 [grpc-default-executor-1] INFO  client.GrpcClientProtocolClient (GrpcClientProtocolClient.java:onNext(255)) - client-7EF960CB3D58->c9f1298e-d840-49d8-aac3-de81602aa1d5: receive RaftClientReply:client-7EF960CB3D58->c9f1298e-d840-49d8-aac3-de81602aa1d5@group-E9810A644481, cid=986, SUCCESS, logIndex=1387, commits[c9f1298e-d840-49d8-aac3-de81602aa1d5:c1387]
2019-08-30 23:39:58,455 [grpc-default-executor-1] INFO  client.GrpcClientProtocolClient (GrpcClientProtocolClient.java:onNext(255)) - client-7EF960CB3D58->c9f1298e-d840-49d8-aac3-de81602aa1d5: receive RaftClientReply:client-7EF960CB3D58->c9f1298e-d840-49d8-aac3-de81602aa1d5@group-E9810A644481, cid=987, SUCCESS, logIndex=1388, commits[c9f1298e-d840-49d8-aac3-de81602aa1d5:c1390]
2019-08-30 23:39:58,455 [grpc-default-executor-1] INFO  client.GrpcClientProtocolClient (GrpcClientProtocolClient.java:onNext(255)) - client-7EF960CB3D58->c9f1298e-d840-49d8-aac3-de81602aa1d5: receive RaftClientReply:client-7EF960CB3D58->c9f1298e-d840-49d8-aac3-de81602aa1d5@group-E9810A644481, cid=988, SUCCESS, logIndex=1389, commits[c9f1298e-d840-49d8-aac3-de81602aa1d5:c1390]
2019-08-30 23:39:58,483 [grpc-default-executor-1] INFO  client.GrpcClientProtocolClient (GrpcClientProtocolClient.java:onNext(255)) - client-7EF960CB3D58->c9f1298e-d840-49d8-aac3-de81602aa1d5: receive RaftClientReply:client-7EF960CB3D58->c9f1298e-d840-49d8-aac3-de81602aa1d5@group-E9810A644481, cid=989, SUCCESS, logIndex=1391, commits[c9f1298e-d840-49d8-aac3-de81602aa1d5:c1392]
2019-08-30 23:39:58,483 [grpc-default-executor-1] INFO  client.GrpcClientProtocolClient (GrpcClientProtocolClient.java:onNext(255)) - client-7EF960CB3D58->c9f1298e-d840-49d8-aac3-de81602aa1d5: receive RaftClientReply:client-7EF960CB3D58->c9f1298e-d840-49d8-aac3-de81602aa1d5@group-E9810A644481, cid=990, SUCCESS, logIndex=1392, commits[c9f1298e-d840-49d8-aac3-de81602aa1d5:c1392]
2019-08-30 23:39:58,616 [SCMBlockDeletingService#1] DEBUG block.SCMBlockDeletingService (SCMBlockDeletingService.java:call(138)) - Running DeletedBlockTransactionScanner
2019-08-30 23:39:58,616 [SCMBlockDeletingService#1] DEBUG block.SCMBlockDeletingService (SCMBlockDeletingService.java:call(155)) - Scanned deleted blocks log and got 0 delTX to process.
2019-08-30 23:39:58,616 [grpc-default-executor-1] INFO  client.GrpcClientProtocolClient (GrpcClientProtocolClient.java:onNext(255)) - client-7EF960CB3D58->c9f1298e-d840-49d8-aac3-de81602aa1d5: receive RaftClientReply:client-7EF960CB3D58->c9f1298e-d840-49d8-aac3-de81602aa1d5@group-E9810A644481, cid=991, SUCCESS, logIndex=1393, commits[c9f1298e-d840-49d8-aac3-de81602aa1d5:c1394]
2019-08-30 23:39:58,617 [grpc-default-executor-1] INFO  client.GrpcClientProtocolClient (GrpcClientProtocolClient.java:onNext(255)) - client-7EF960CB3D58->c9f1298e-d840-49d8-aac3-de81602aa1d5: receive RaftClientReply:client-7EF960CB3D58->c9f1298e-d840-49d8-aac3-de81602aa1d5@group-E9810A644481, cid=992, SUCCESS, logIndex=1394, commits[c9f1298e-d840-49d8-aac3-de81602aa1d5:c1394]
2019-08-30 23:39:58,644 [grpc-default-executor-0] INFO  client.GrpcClientProtocolClient (GrpcClientProtocolClient.java:onNext(255)) - client-7EF960CB3D58->c9f1298e-d840-49d8-aac3-de81602aa1d5: receive RaftClientReply:client-7EF960CB3D58->c9f1298e-d840-49d8-aac3-de81602aa1d5@group-E9810A644481, cid=993, SUCCESS, logIndex=1397, commits[c9f1298e-d840-49d8-aac3-de81602aa1d5:c1398]
2019-08-30 23:39:58,645 [grpc-default-executor-0] INFO  client.GrpcClientProtocolClient (GrpcClientProtocolClient.java:onNext(255)) - client-7EF960CB3D58->c9f1298e-d840-49d8-aac3-de81602aa1d5: receive RaftClientReply:client-7EF960CB3D58->c9f1298e-d840-49d8-aac3-de81602aa1d5@group-E9810A644481, cid=994, SUCCESS, logIndex=1398, commits[c9f1298e-d840-49d8-aac3-de81602aa1d5:c1398]
2019-08-30 23:39:58,654 [grpc-default-executor-0] INFO  client.GrpcClientProtocolClient (GrpcClientProtocolClient.java:onNext(255)) - client-7EF960CB3D58->c9f1298e-d840-49d8-aac3-de81602aa1d5: receive RaftClientReply:client-7EF960CB3D58->c9f1298e-d840-49d8-aac3-de81602aa1d5@group-E9810A644481, cid=995, SUCCESS, logIndex=1399, commits[c9f1298e-d840-49d8-aac3-de81602aa1d5:c1400]
2019-08-30 23:39:58,654 [grpc-default-executor-0] INFO  client.GrpcClientProtocolClient (GrpcClientProtocolClient.java:onNext(255)) - client-7EF960CB3D58->c9f1298e-d840-49d8-aac3-de81602aa1d5: receive RaftClientReply:client-7EF960CB3D58->c9f1298e-d840-49d8-aac3-de81602aa1d5@group-E9810A644481, cid=996, SUCCESS, logIndex=1400, commits[c9f1298e-d840-49d8-aac3-de81602aa1d5:c1400]
2019-08-30 23:39:58,675 [grpc-default-executor-0] INFO  client.GrpcClientProtocolClient (GrpcClientProtocolClient.java:onNext(255)) - client-7EF960CB3D58->c9f1298e-d840-49d8-aac3-de81602aa1d5: receive RaftClientReply:client-7EF960CB3D58->c9f1298e-d840-49d8-aac3-de81602aa1d5@group-E9810A644481, cid=997, SUCCESS, logIndex=1403, commits[c9f1298e-d840-49d8-aac3-de81602aa1d5:c1404]
2019-08-30 23:39:58,675 [grpc-default-executor-0] INFO  client.GrpcClientProtocolClient (GrpcClientProtocolClient.java:onNext(255)) - client-7EF960CB3D58->c9f1298e-d840-49d8-aac3-de81602aa1d5: receive RaftClientReply:client-7EF960CB3D58->c9f1298e-d840-49d8-aac3-de81602aa1d5@group-E9810A644481, cid=998, SUCCESS, logIndex=1404, commits[c9f1298e-d840-49d8-aac3-de81602aa1d5:c1404]
2019-08-30 23:39:58,686 [grpc-default-executor-0] INFO  client.GrpcClientProtocolClient (GrpcClientProtocolClient.java:onNext(255)) - client-7EF960CB3D58->c9f1298e-d840-49d8-aac3-de81602aa1d5: receive RaftClientReply:client-7EF960CB3D58->c9f1298e-d840-49d8-aac3-de81602aa1d5@group-E9810A644481, cid=999, SUCCESS, logIndex=1405, commits[c9f1298e-d840-49d8-aac3-de81602aa1d5:c1406]
2019-08-30 23:39:58,686 [grpc-default-executor-0] INFO  client.GrpcClientProtocolClient (GrpcClientProtocolClient.java:onNext(255)) - client-7EF960CB3D58->c9f1298e-d840-49d8-aac3-de81602aa1d5: receive RaftClientReply:client-7EF960CB3D58->c9f1298e-d840-49d8-aac3-de81602aa1d5@group-E9810A644481, cid=1000, SUCCESS, logIndex=1406, commits[c9f1298e-d840-49d8-aac3-de81602aa1d5:c1406]
2019-08-30 23:39:58,717 [SCMBlockDeletingService#1] DEBUG block.SCMBlockDeletingService (SCMBlockDeletingService.java:call(138)) - Running DeletedBlockTransactionScanner
2019-08-30 23:39:58,717 [SCMBlockDeletingService#1] DEBUG block.SCMBlockDeletingService (SCMBlockDeletingService.java:call(155)) - Scanned deleted blocks log and got 0 delTX to process.
2019-08-30 23:39:58,726 [grpc-default-executor-1] INFO  client.GrpcClientProtocolClient (GrpcClientProtocolClient.java:onNext(255)) - client-7EF960CB3D58->c9f1298e-d840-49d8-aac3-de81602aa1d5: receive RaftClientReply:client-7EF960CB3D58->c9f1298e-d840-49d8-aac3-de81602aa1d5@group-E9810A644481, cid=1001, SUCCESS, logIndex=1409, commits[c9f1298e-d840-49d8-aac3-de81602aa1d5:c1412]
2019-08-30 23:39:58,727 [grpc-default-executor-1] INFO  client.GrpcClientProtocolClient (GrpcClientProtocolClient.java:onNext(255)) - client-7EF960CB3D58->c9f1298e-d840-49d8-aac3-de81602aa1d5: receive RaftClientReply:client-7EF960CB3D58->c9f1298e-d840-49d8-aac3-de81602aa1d5@group-E9810A644481, cid=1002, SUCCESS, logIndex=1410, commits[c9f1298e-d840-49d8-aac3-de81602aa1d5:c1412]
2019-08-30 23:39:58,727 [grpc-default-executor-1] INFO  client.GrpcClientProtocolClient (GrpcClientProtocolClient.java:onNext(255)) - client-7EF960CB3D58->c9f1298e-d840-49d8-aac3-de81602aa1d5: receive RaftClientReply:client-7EF960CB3D58->c9f1298e-d840-49d8-aac3-de81602aa1d5@group-E9810A644481, cid=1003, SUCCESS, logIndex=1411, commits[c9f1298e-d840-49d8-aac3-de81602aa1d5:c1412]
2019-08-30 23:39:58,728 [grpc-default-executor-1] INFO  client.GrpcClientProtocolClient (GrpcClientProtocolClient.java:onNext(255)) - client-7EF960CB3D58->c9f1298e-d840-49d8-aac3-de81602aa1d5: receive RaftClientReply:client-7EF960CB3D58->c9f1298e-d840-49d8-aac3-de81602aa1d5@group-E9810A644481, cid=1004, SUCCESS, logIndex=1412, commits[c9f1298e-d840-49d8-aac3-de81602aa1d5:c1412]
2019-08-30 23:39:58,772 [grpc-default-executor-1] INFO  client.GrpcClientProtocolClient (GrpcClientProtocolClient.java:onNext(255)) - client-7EF960CB3D58->c9f1298e-d840-49d8-aac3-de81602aa1d5: receive RaftClientReply:client-7EF960CB3D58->c9f1298e-d840-49d8-aac3-de81602aa1d5@group-E9810A644481, cid=1005, SUCCESS, logIndex=1414, commits[c9f1298e-d840-49d8-aac3-de81602aa1d5:c1417]
2019-08-30 23:39:58,772 [grpc-default-executor-1] INFO  client.GrpcClientProtocolClient (GrpcClientProtocolClient.java:onNext(255)) - client-7EF960CB3D58->c9f1298e-d840-49d8-aac3-de81602aa1d5: receive RaftClientReply:client-7EF960CB3D58->c9f1298e-d840-49d8-aac3-de81602aa1d5@group-E9810A644481, cid=1006, SUCCESS, logIndex=1415, commits[c9f1298e-d840-49d8-aac3-de81602aa1d5:c1417]
2019-08-30 23:39:58,773 [grpc-default-executor-1] INFO  client.GrpcClientProtocolClient (GrpcClientProtocolClient.java:onNext(255)) - client-7EF960CB3D58->c9f1298e-d840-49d8-aac3-de81602aa1d5: receive RaftClientReply:client-7EF960CB3D58->c9f1298e-d840-49d8-aac3-de81602aa1d5@group-E9810A644481, cid=1007, SUCCESS, logIndex=1416, commits[c9f1298e-d840-49d8-aac3-de81602aa1d5:c1417]
2019-08-30 23:39:58,773 [grpc-default-executor-1] INFO  client.GrpcClientProtocolClient (GrpcClientProtocolClient.java:onNext(255)) - client-7EF960CB3D58->c9f1298e-d840-49d8-aac3-de81602aa1d5: receive RaftClientReply:client-7EF960CB3D58->c9f1298e-d840-49d8-aac3-de81602aa1d5@group-E9810A644481, cid=1008, SUCCESS, logIndex=1417, commits[c9f1298e-d840-49d8-aac3-de81602aa1d5:c1417]
2019-08-30 23:39:58,805 [grpc-default-executor-0] INFO  client.GrpcClientProtocolClient (GrpcClientProtocolClient.java:onNext(255)) - client-7EF960CB3D58->c9f1298e-d840-49d8-aac3-de81602aa1d5: receive RaftClientReply:client-7EF960CB3D58->c9f1298e-d840-49d8-aac3-de81602aa1d5@group-E9810A644481, cid=1009, SUCCESS, logIndex=1419, commits[c9f1298e-d840-49d8-aac3-de81602aa1d5:c1420]
2019-08-30 23:39:58,805 [grpc-default-executor-0] INFO  client.GrpcClientProtocolClient (GrpcClientProtocolClient.java:onNext(255)) - client-7EF960CB3D58->c9f1298e-d840-49d8-aac3-de81602aa1d5: receive RaftClientReply:client-7EF960CB3D58->c9f1298e-d840-49d8-aac3-de81602aa1d5@group-E9810A644481, cid=1010, SUCCESS, logIndex=1420, commits[c9f1298e-d840-49d8-aac3-de81602aa1d5:c1420]
2019-08-30 23:39:58,814 [grpc-default-executor-0] INFO  client.GrpcClientProtocolClient (GrpcClientProtocolClient.java:onNext(255)) - client-7EF960CB3D58->c9f1298e-d840-49d8-aac3-de81602aa1d5: receive RaftClientReply:client-7EF960CB3D58->c9f1298e-d840-49d8-aac3-de81602aa1d5@group-E9810A644481, cid=1011, SUCCESS, logIndex=1421, commits[c9f1298e-d840-49d8-aac3-de81602aa1d5:c1423]
2019-08-30 23:39:58,815 [grpc-default-executor-0] INFO  client.GrpcClientProtocolClient (GrpcClientProtocolClient.java:onNext(255)) - client-7EF960CB3D58->c9f1298e-d840-49d8-aac3-de81602aa1d5: receive RaftClientReply:client-7EF960CB3D58->c9f1298e-d840-49d8-aac3-de81602aa1d5@group-E9810A644481, cid=1012, SUCCESS, logIndex=1422, commits[c9f1298e-d840-49d8-aac3-de81602aa1d5:c1423]
2019-08-30 23:39:58,817 [SCMBlockDeletingService#1] DEBUG block.SCMBlockDeletingService (SCMBlockDeletingService.java:call(138)) - Running DeletedBlockTransactionScanner
2019-08-30 23:39:58,817 [SCMBlockDeletingService#1] DEBUG block.SCMBlockDeletingService (SCMBlockDeletingService.java:call(155)) - Scanned deleted blocks log and got 0 delTX to process.
2019-08-30 23:39:58,834 [grpc-default-executor-0] INFO  client.GrpcClientProtocolClient (GrpcClientProtocolClient.java:onNext(255)) - client-7EF960CB3D58->c9f1298e-d840-49d8-aac3-de81602aa1d5: receive RaftClientReply:client-7EF960CB3D58->c9f1298e-d840-49d8-aac3-de81602aa1d5@group-E9810A644481, cid=1013, SUCCESS, logIndex=1424, commits[c9f1298e-d840-49d8-aac3-de81602aa1d5:c1425]
2019-08-30 23:39:58,834 [grpc-default-executor-0] INFO  client.GrpcClientProtocolClient (GrpcClientProtocolClient.java:onNext(255)) - client-7EF960CB3D58->c9f1298e-d840-49d8-aac3-de81602aa1d5: receive RaftClientReply:client-7EF960CB3D58->c9f1298e-d840-49d8-aac3-de81602aa1d5@group-E9810A644481, cid=1014, SUCCESS, logIndex=1425, commits[c9f1298e-d840-49d8-aac3-de81602aa1d5:c1425]
2019-08-30 23:39:58,842 [grpc-default-executor-0] INFO  client.GrpcClientProtocolClient (GrpcClientProtocolClient.java:onNext(255)) - client-7EF960CB3D58->c9f1298e-d840-49d8-aac3-de81602aa1d5: receive RaftClientReply:client-7EF960CB3D58->c9f1298e-d840-49d8-aac3-de81602aa1d5@group-E9810A644481, cid=1015, SUCCESS, logIndex=1426, commits[c9f1298e-d840-49d8-aac3-de81602aa1d5:c1427]
2019-08-30 23:39:58,843 [grpc-default-executor-0] INFO  client.GrpcClientProtocolClient (GrpcClientProtocolClient.java:onNext(255)) - client-7EF960CB3D58->c9f1298e-d840-49d8-aac3-de81602aa1d5: receive RaftClientReply:client-7EF960CB3D58->c9f1298e-d840-49d8-aac3-de81602aa1d5@group-E9810A644481, cid=1016, SUCCESS, logIndex=1427, commits[c9f1298e-d840-49d8-aac3-de81602aa1d5:c1427]
2019-08-30 23:39:58,918 [SCMBlockDeletingService#1] DEBUG block.SCMBlockDeletingService (SCMBlockDeletingService.java:call(138)) - Running DeletedBlockTransactionScanner
2019-08-30 23:39:58,919 [SCMBlockDeletingService#1] DEBUG block.SCMBlockDeletingService (SCMBlockDeletingService.java:call(155)) - Scanned deleted blocks log and got 0 delTX to process.
2019-08-30 23:39:59,019 [SCMBlockDeletingService#1] DEBUG block.SCMBlockDeletingService (SCMBlockDeletingService.java:call(138)) - Running DeletedBlockTransactionScanner
2019-08-30 23:39:59,020 [SCMBlockDeletingService#1] DEBUG block.SCMBlockDeletingService (SCMBlockDeletingService.java:call(155)) - Scanned deleted blocks log and got 0 delTX to process.
2019-08-30 23:39:59,023 [grpc-default-executor-1] INFO  client.GrpcClientProtocolClient (GrpcClientProtocolClient.java:onNext(255)) - client-7EF960CB3D58->c9f1298e-d840-49d8-aac3-de81602aa1d5: receive RaftClientReply:client-7EF960CB3D58->c9f1298e-d840-49d8-aac3-de81602aa1d5@group-E9810A644481, cid=1017, SUCCESS, logIndex=1430, commits[c9f1298e-d840-49d8-aac3-de81602aa1d5:c1433]
2019-08-30 23:39:59,024 [grpc-default-executor-1] INFO  client.GrpcClientProtocolClient (GrpcClientProtocolClient.java:onNext(255)) - client-7EF960CB3D58->c9f1298e-d840-49d8-aac3-de81602aa1d5: receive RaftClientReply:client-7EF960CB3D58->c9f1298e-d840-49d8-aac3-de81602aa1d5@group-E9810A644481, cid=1018, SUCCESS, logIndex=1431, commits[c9f1298e-d840-49d8-aac3-de81602aa1d5:c1433]
2019-08-30 23:39:59,024 [grpc-default-executor-1] INFO  client.GrpcClientProtocolClient (GrpcClientProtocolClient.java:onNext(255)) - client-7EF960CB3D58->c9f1298e-d840-49d8-aac3-de81602aa1d5: receive RaftClientReply:client-7EF960CB3D58->c9f1298e-d840-49d8-aac3-de81602aa1d5@group-E9810A644481, cid=1019, SUCCESS, logIndex=1432, commits[c9f1298e-d840-49d8-aac3-de81602aa1d5:c1433]
2019-08-30 23:39:59,024 [grpc-default-executor-1] INFO  client.GrpcClientProtocolClient (GrpcClientProtocolClient.java:onNext(255)) - client-7EF960CB3D58->c9f1298e-d840-49d8-aac3-de81602aa1d5: receive RaftClientReply:client-7EF960CB3D58->c9f1298e-d840-49d8-aac3-de81602aa1d5@group-E9810A644481, cid=1020, SUCCESS, logIndex=1433, commits[c9f1298e-d840-49d8-aac3-de81602aa1d5:c1433]
2019-08-30 23:39:59,054 [grpc-default-executor-1] INFO  client.GrpcClientProtocolClient (GrpcClientProtocolClient.java:onNext(255)) - client-7EF960CB3D58->c9f1298e-d840-49d8-aac3-de81602aa1d5: receive RaftClientReply:client-7EF960CB3D58->c9f1298e-d840-49d8-aac3-de81602aa1d5@group-E9810A644481, cid=1021, SUCCESS, logIndex=1435, commits[c9f1298e-d840-49d8-aac3-de81602aa1d5:c1438]
2019-08-30 23:39:59,055 [grpc-default-executor-1] INFO  client.GrpcClientProtocolClient (GrpcClientProtocolClient.java:onNext(255)) - client-7EF960CB3D58->c9f1298e-d840-49d8-aac3-de81602aa1d5: receive RaftClientReply:client-7EF960CB3D58->c9f1298e-d840-49d8-aac3-de81602aa1d5@group-E9810A644481, cid=1022, SUCCESS, logIndex=1436, commits[c9f1298e-d840-49d8-aac3-de81602aa1d5:c1438]
2019-08-30 23:39:59,056 [grpc-default-executor-1] INFO  client.GrpcClientProtocolClient (GrpcClientProtocolClient.java:onNext(255)) - client-7EF960CB3D58->c9f1298e-d840-49d8-aac3-de81602aa1d5: receive RaftClientReply:client-7EF960CB3D58->c9f1298e-d840-49d8-aac3-de81602aa1d5@group-E9810A644481, cid=1023, SUCCESS, logIndex=1437, commits[c9f1298e-d840-49d8-aac3-de81602aa1d5:c1438]
2019-08-30 23:39:59,056 [grpc-default-executor-1] INFO  client.GrpcClientProtocolClient (GrpcClientProtocolClient.java:onNext(255)) - client-7EF960CB3D58->c9f1298e-d840-49d8-aac3-de81602aa1d5: receive RaftClientReply:client-7EF960CB3D58->c9f1298e-d840-49d8-aac3-de81602aa1d5@group-E9810A644481, cid=1024, SUCCESS, logIndex=1438, commits[c9f1298e-d840-49d8-aac3-de81602aa1d5:c1438]
2019-08-30 23:39:59,120 [SCMBlockDeletingService#1] DEBUG block.SCMBlockDeletingService (SCMBlockDeletingService.java:call(138)) - Running DeletedBlockTransactionScanner
2019-08-30 23:39:59,120 [SCMBlockDeletingService#1] DEBUG block.SCMBlockDeletingService (SCMBlockDeletingService.java:call(155)) - Scanned deleted blocks log and got 0 delTX to process.
2019-08-30 23:39:59,196 [grpc-default-executor-1] INFO  client.GrpcClientProtocolClient (GrpcClientProtocolClient.java:onNext(255)) - client-7EF960CB3D58->c9f1298e-d840-49d8-aac3-de81602aa1d5: receive RaftClientReply:client-7EF960CB3D58->c9f1298e-d840-49d8-aac3-de81602aa1d5@group-E9810A644481, cid=1025, SUCCESS, logIndex=1440, commits[c9f1298e-d840-49d8-aac3-de81602aa1d5:c1443]
2019-08-30 23:39:59,196 [grpc-default-executor-1] INFO  client.GrpcClientProtocolClient (GrpcClientProtocolClient.java:onNext(255)) - client-7EF960CB3D58->c9f1298e-d840-49d8-aac3-de81602aa1d5: receive RaftClientReply:client-7EF960CB3D58->c9f1298e-d840-49d8-aac3-de81602aa1d5@group-E9810A644481, cid=1026, SUCCESS, logIndex=1441, commits[c9f1298e-d840-49d8-aac3-de81602aa1d5:c1443]
2019-08-30 23:39:59,197 [grpc-default-executor-1] INFO  client.GrpcClientProtocolClient (GrpcClientProtocolClient.java:onNext(255)) - client-7EF960CB3D58->c9f1298e-d840-49d8-aac3-de81602aa1d5: receive RaftClientReply:client-7EF960CB3D58->c9f1298e-d840-49d8-aac3-de81602aa1d5@group-E9810A644481, cid=1027, SUCCESS, logIndex=1442, commits[c9f1298e-d840-49d8-aac3-de81602aa1d5:c1443]
2019-08-30 23:39:59,197 [grpc-default-executor-1] INFO  client.GrpcClientProtocolClient (GrpcClientProtocolClient.java:onNext(255)) - client-7EF960CB3D58->c9f1298e-d840-49d8-aac3-de81602aa1d5: receive RaftClientReply:client-7EF960CB3D58->c9f1298e-d840-49d8-aac3-de81602aa1d5@group-E9810A644481, cid=1028, SUCCESS, logIndex=1443, commits[c9f1298e-d840-49d8-aac3-de81602aa1d5:c1443]
2019-08-30 23:39:59,221 [SCMBlockDeletingService#1] DEBUG block.SCMBlockDeletingService (SCMBlockDeletingService.java:call(138)) - Running DeletedBlockTransactionScanner
2019-08-30 23:39:59,221 [SCMBlockDeletingService#1] DEBUG block.SCMBlockDeletingService (SCMBlockDeletingService.java:call(155)) - Scanned deleted blocks log and got 0 delTX to process.
2019-08-30 23:39:59,232 [grpc-default-executor-0] INFO  client.GrpcClientProtocolClient (GrpcClientProtocolClient.java:onNext(255)) - client-7EF960CB3D58->c9f1298e-d840-49d8-aac3-de81602aa1d5: receive RaftClientReply:client-7EF960CB3D58->c9f1298e-d840-49d8-aac3-de81602aa1d5@group-E9810A644481, cid=1029, SUCCESS, logIndex=1445, commits[c9f1298e-d840-49d8-aac3-de81602aa1d5:c1448]
2019-08-30 23:39:59,232 [grpc-default-executor-0] INFO  client.GrpcClientProtocolClient (GrpcClientProtocolClient.java:onNext(255)) - client-7EF960CB3D58->c9f1298e-d840-49d8-aac3-de81602aa1d5: receive RaftClientReply:client-7EF960CB3D58->c9f1298e-d840-49d8-aac3-de81602aa1d5@group-E9810A644481, cid=1030, SUCCESS, logIndex=1446, commits[c9f1298e-d840-49d8-aac3-de81602aa1d5:c1448]
2019-08-30 23:39:59,232 [grpc-default-executor-0] INFO  client.GrpcClientProtocolClient (GrpcClientProtocolClient.java:onNext(255)) - client-7EF960CB3D58->c9f1298e-d840-49d8-aac3-de81602aa1d5: receive RaftClientReply:client-7EF960CB3D58->c9f1298e-d840-49d8-aac3-de81602aa1d5@group-E9810A644481, cid=1031, SUCCESS, logIndex=1447, commits[c9f1298e-d840-49d8-aac3-de81602aa1d5:c1448]
2019-08-30 23:39:59,233 [grpc-default-executor-0] INFO  client.GrpcClientProtocolClient (GrpcClientProtocolClient.java:onNext(255)) - client-7EF960CB3D58->c9f1298e-d840-49d8-aac3-de81602aa1d5: receive RaftClientReply:client-7EF960CB3D58->c9f1298e-d840-49d8-aac3-de81602aa1d5@group-E9810A644481, cid=1032, SUCCESS, logIndex=1448, commits[c9f1298e-d840-49d8-aac3-de81602aa1d5:c1448]
2019-08-30 23:39:59,286 [grpc-default-executor-0] INFO  client.GrpcClientProtocolClient (GrpcClientProtocolClient.java:onNext(255)) - client-7EF960CB3D58->c9f1298e-d840-49d8-aac3-de81602aa1d5: receive RaftClientReply:client-7EF960CB3D58->c9f1298e-d840-49d8-aac3-de81602aa1d5@group-E9810A644481, cid=1033, SUCCESS, logIndex=1450, commits[c9f1298e-d840-49d8-aac3-de81602aa1d5:c1453]
2019-08-30 23:39:59,287 [grpc-default-executor-0] INFO  client.GrpcClientProtocolClient (GrpcClientProtocolClient.java:onNext(255)) - client-7EF960CB3D58->c9f1298e-d840-49d8-aac3-de81602aa1d5: receive RaftClientReply:client-7EF960CB3D58->c9f1298e-d840-49d8-aac3-de81602aa1d5@group-E9810A644481, cid=1034, SUCCESS, logIndex=1451, commits[c9f1298e-d840-49d8-aac3-de81602aa1d5:c1454]
2019-08-30 23:39:59,287 [grpc-default-executor-0] INFO  client.GrpcClientProtocolClient (GrpcClientProtocolClient.java:onNext(255)) - client-7EF960CB3D58->c9f1298e-d840-49d8-aac3-de81602aa1d5: receive RaftClientReply:client-7EF960CB3D58->c9f1298e-d840-49d8-aac3-de81602aa1d5@group-E9810A644481, cid=1035, SUCCESS, logIndex=1452, commits[c9f1298e-d840-49d8-aac3-de81602aa1d5:c1454]
2019-08-30 23:39:59,288 [grpc-default-executor-0] INFO  client.GrpcClientProtocolClient (GrpcClientProtocolClient.java:onNext(255)) - client-7EF960CB3D58->c9f1298e-d840-49d8-aac3-de81602aa1d5: receive RaftClientReply:client-7EF960CB3D58->c9f1298e-d840-49d8-aac3-de81602aa1d5@group-E9810A644481, cid=1036, SUCCESS, logIndex=1453, commits[c9f1298e-d840-49d8-aac3-de81602aa1d5:c1454]
2019-08-30 23:39:59,321 [SCMBlockDeletingService#1] DEBUG block.SCMBlockDeletingService (SCMBlockDeletingService.java:call(138)) - Running DeletedBlockTransactionScanner
2019-08-30 23:39:59,322 [SCMBlockDeletingService#1] DEBUG block.SCMBlockDeletingService (SCMBlockDeletingService.java:call(155)) - Scanned deleted blocks log and got 0 delTX to process.
2019-08-30 23:39:59,324 [grpc-default-executor-0] INFO  client.GrpcClientProtocolClient (GrpcClientProtocolClient.java:onNext(255)) - client-7EF960CB3D58->c9f1298e-d840-49d8-aac3-de81602aa1d5: receive RaftClientReply:client-7EF960CB3D58->c9f1298e-d840-49d8-aac3-de81602aa1d5@group-E9810A644481, cid=1037, SUCCESS, logIndex=1455, commits[c9f1298e-d840-49d8-aac3-de81602aa1d5:c1458]
2019-08-30 23:39:59,325 [grpc-default-executor-0] INFO  client.GrpcClientProtocolClient (GrpcClientProtocolClient.java:onNext(255)) - client-7EF960CB3D58->c9f1298e-d840-49d8-aac3-de81602aa1d5: receive RaftClientReply:client-7EF960CB3D58->c9f1298e-d840-49d8-aac3-de81602aa1d5@group-E9810A644481, cid=1038, SUCCESS, logIndex=1456, commits[c9f1298e-d840-49d8-aac3-de81602aa1d5:c1458]
2019-08-30 23:39:59,325 [grpc-default-executor-0] INFO  client.GrpcClientProtocolClient (GrpcClientProtocolClient.java:onNext(255)) - client-7EF960CB3D58->c9f1298e-d840-49d8-aac3-de81602aa1d5: receive RaftClientReply:client-7EF960CB3D58->c9f1298e-d840-49d8-aac3-de81602aa1d5@group-E9810A644481, cid=1039, SUCCESS, logIndex=1457, commits[c9f1298e-d840-49d8-aac3-de81602aa1d5:c1458]
2019-08-30 23:39:59,326 [grpc-default-executor-0] INFO  client.GrpcClientProtocolClient (GrpcClientProtocolClient.java:onNext(255)) - client-7EF960CB3D58->c9f1298e-d840-49d8-aac3-de81602aa1d5: receive RaftClientReply:client-7EF960CB3D58->c9f1298e-d840-49d8-aac3-de81602aa1d5@group-E9810A644481, cid=1040, SUCCESS, logIndex=1458, commits[c9f1298e-d840-49d8-aac3-de81602aa1d5:c1458]
2019-08-30 23:39:59,368 [grpc-default-executor-0] INFO  client.GrpcClientProtocolClient (GrpcClientProtocolClient.java:onNext(255)) - client-7EF960CB3D58->c9f1298e-d840-49d8-aac3-de81602aa1d5: receive RaftClientReply:client-7EF960CB3D58->c9f1298e-d840-49d8-aac3-de81602aa1d5@group-E9810A644481, cid=1041, SUCCESS, logIndex=1460, commits[c9f1298e-d840-49d8-aac3-de81602aa1d5:c1463]
2019-08-30 23:39:59,368 [grpc-default-executor-0] INFO  client.GrpcClientProtocolClient (GrpcClientProtocolClient.java:onNext(255)) - client-7EF960CB3D58->c9f1298e-d840-49d8-aac3-de81602aa1d5: receive RaftClientReply:client-7EF960CB3D58->c9f1298e-d840-49d8-aac3-de81602aa1d5@group-E9810A644481, cid=1042, SUCCESS, logIndex=1461, commits[c9f1298e-d840-49d8-aac3-de81602aa1d5:c1463]
2019-08-30 23:39:59,369 [grpc-default-executor-0] INFO  client.GrpcClientProtocolClient (GrpcClientProtocolClient.java:onNext(255)) - client-7EF960CB3D58->c9f1298e-d840-49d8-aac3-de81602aa1d5: receive RaftClientReply:client-7EF960CB3D58->c9f1298e-d840-49d8-aac3-de81602aa1d5@group-E9810A644481, cid=1043, SUCCESS, logIndex=1462, commits[c9f1298e-d840-49d8-aac3-de81602aa1d5:c1463]
2019-08-30 23:39:59,369 [grpc-default-executor-0] INFO  client.GrpcClientProtocolClient (GrpcClientProtocolClient.java:onNext(255)) - client-7EF960CB3D58->c9f1298e-d840-49d8-aac3-de81602aa1d5: receive RaftClientReply:client-7EF960CB3D58->c9f1298e-d840-49d8-aac3-de81602aa1d5@group-E9810A644481, cid=1044, SUCCESS, logIndex=1463, commits[c9f1298e-d840-49d8-aac3-de81602aa1d5:c1463]
2019-08-30 23:39:59,391 [grpc-default-executor-1] INFO  client.GrpcClientProtocolClient (GrpcClientProtocolClient.java:onNext(255)) - client-7EF960CB3D58->c9f1298e-d840-49d8-aac3-de81602aa1d5: receive RaftClientReply:client-7EF960CB3D58->c9f1298e-d840-49d8-aac3-de81602aa1d5@group-E9810A644481, cid=1045, SUCCESS, logIndex=1465, commits[c9f1298e-d840-49d8-aac3-de81602aa1d5:c1468]
2019-08-30 23:39:59,392 [grpc-default-executor-1] INFO  client.GrpcClientProtocolClient (GrpcClientProtocolClient.java:onNext(255)) - client-7EF960CB3D58->c9f1298e-d840-49d8-aac3-de81602aa1d5: receive RaftClientReply:client-7EF960CB3D58->c9f1298e-d840-49d8-aac3-de81602aa1d5@group-E9810A644481, cid=1046, SUCCESS, logIndex=1466, commits[c9f1298e-d840-49d8-aac3-de81602aa1d5:c1468]
2019-08-30 23:39:59,392 [grpc-default-executor-1] INFO  client.GrpcClientProtocolClient (GrpcClientProtocolClient.java:onNext(255)) - client-7EF960CB3D58->c9f1298e-d840-49d8-aac3-de81602aa1d5: receive RaftClientReply:client-7EF960CB3D58->c9f1298e-d840-49d8-aac3-de81602aa1d5@group-E9810A644481, cid=1047, SUCCESS, logIndex=1467, commits[c9f1298e-d840-49d8-aac3-de81602aa1d5:c1468]
2019-08-30 23:39:59,392 [grpc-default-executor-1] INFO  client.GrpcClientProtocolClient (GrpcClientProtocolClient.java:onNext(255)) - client-7EF960CB3D58->c9f1298e-d840-49d8-aac3-de81602aa1d5: receive RaftClientReply:client-7EF960CB3D58->c9f1298e-d840-49d8-aac3-de81602aa1d5@group-E9810A644481, cid=1048, SUCCESS, logIndex=1468, commits[c9f1298e-d840-49d8-aac3-de81602aa1d5:c1468]
2019-08-30 23:39:59,413 [grpc-default-executor-1] INFO  client.GrpcClientProtocolClient (GrpcClientProtocolClient.java:onNext(255)) - client-7EF960CB3D58->c9f1298e-d840-49d8-aac3-de81602aa1d5: receive RaftClientReply:client-7EF960CB3D58->c9f1298e-d840-49d8-aac3-de81602aa1d5@group-E9810A644481, cid=1049, SUCCESS, logIndex=1470, commits[c9f1298e-d840-49d8-aac3-de81602aa1d5:c1473]
2019-08-30 23:39:59,414 [grpc-default-executor-1] INFO  client.GrpcClientProtocolClient (GrpcClientProtocolClient.java:onNext(255)) - client-7EF960CB3D58->c9f1298e-d840-49d8-aac3-de81602aa1d5: receive RaftClientReply:client-7EF960CB3D58->c9f1298e-d840-49d8-aac3-de81602aa1d5@group-E9810A644481, cid=1050, SUCCESS, logIndex=1471, commits[c9f1298e-d840-49d8-aac3-de81602aa1d5:c1473]
2019-08-30 23:39:59,414 [grpc-default-executor-1] INFO  client.GrpcClientProtocolClient (GrpcClientProtocolClient.java:onNext(255)) - client-7EF960CB3D58->c9f1298e-d840-49d8-aac3-de81602aa1d5: receive RaftClientReply:client-7EF960CB3D58->c9f1298e-d840-49d8-aac3-de81602aa1d5@group-E9810A644481, cid=1051, SUCCESS, logIndex=1472, commits[c9f1298e-d840-49d8-aac3-de81602aa1d5:c1473]
2019-08-30 23:39:59,415 [grpc-default-executor-1] INFO  client.GrpcClientProtocolClient (GrpcClientProtocolClient.java:onNext(255)) - client-7EF960CB3D58->c9f1298e-d840-49d8-aac3-de81602aa1d5: receive RaftClientReply:client-7EF960CB3D58->c9f1298e-d840-49d8-aac3-de81602aa1d5@group-E9810A644481, cid=1052, SUCCESS, logIndex=1473, commits[c9f1298e-d840-49d8-aac3-de81602aa1d5:c1473]
2019-08-30 23:39:59,422 [SCMBlockDeletingService#1] DEBUG block.SCMBlockDeletingService (SCMBlockDeletingService.java:call(138)) - Running DeletedBlockTransactionScanner
2019-08-30 23:39:59,423 [SCMBlockDeletingService#1] DEBUG block.SCMBlockDeletingService (SCMBlockDeletingService.java:call(155)) - Scanned deleted blocks log and got 0 delTX to process.
2019-08-30 23:39:59,448 [grpc-default-executor-1] INFO  client.GrpcClientProtocolClient (GrpcClientProtocolClient.java:onNext(255)) - client-7EF960CB3D58->c9f1298e-d840-49d8-aac3-de81602aa1d5: receive RaftClientReply:client-7EF960CB3D58->c9f1298e-d840-49d8-aac3-de81602aa1d5@group-E9810A644481, cid=1053, SUCCESS, logIndex=1475, commits[c9f1298e-d840-49d8-aac3-de81602aa1d5:c1478]
2019-08-30 23:39:59,448 [grpc-default-executor-1] INFO  client.GrpcClientProtocolClient (GrpcClientProtocolClient.java:onNext(255)) - client-7EF960CB3D58->c9f1298e-d840-49d8-aac3-de81602aa1d5: receive RaftClientReply:client-7EF960CB3D58->c9f1298e-d840-49d8-aac3-de81602aa1d5@group-E9810A644481, cid=1054, SUCCESS, logIndex=1476, commits[c9f1298e-d840-49d8-aac3-de81602aa1d5:c1479]
2019-08-30 23:39:59,449 [grpc-default-executor-1] INFO  client.GrpcClientProtocolClient (GrpcClientProtocolClient.java:onNext(255)) - client-7EF960CB3D58->c9f1298e-d840-49d8-aac3-de81602aa1d5: receive RaftClientReply:client-7EF960CB3D58->c9f1298e-d840-49d8-aac3-de81602aa1d5@group-E9810A644481, cid=1055, SUCCESS, logIndex=1477, commits[c9f1298e-d840-49d8-aac3-de81602aa1d5:c1479]
2019-08-30 23:39:59,449 [grpc-default-executor-1] INFO  client.GrpcClientProtocolClient (GrpcClientProtocolClient.java:onNext(255)) - client-7EF960CB3D58->c9f1298e-d840-49d8-aac3-de81602aa1d5: receive RaftClientReply:client-7EF960CB3D58->c9f1298e-d840-49d8-aac3-de81602aa1d5@group-E9810A644481, cid=1056, SUCCESS, logIndex=1478, commits[c9f1298e-d840-49d8-aac3-de81602aa1d5:c1479]
2019-08-30 23:39:59,493 [grpc-default-executor-1] INFO  client.GrpcClientProtocolClient (GrpcClientProtocolClient.java:onNext(255)) - client-7EF960CB3D58->c9f1298e-d840-49d8-aac3-de81602aa1d5: receive RaftClientReply:client-7EF960CB3D58->c9f1298e-d840-49d8-aac3-de81602aa1d5@group-E9810A644481, cid=1057, SUCCESS, logIndex=1480, commits[c9f1298e-d840-49d8-aac3-de81602aa1d5:c1483]
2019-08-30 23:39:59,494 [grpc-default-executor-1] INFO  client.GrpcClientProtocolClient (GrpcClientProtocolClient.java:onNext(255)) - client-7EF960CB3D58->c9f1298e-d840-49d8-aac3-de81602aa1d5: receive RaftClientReply:client-7EF960CB3D58->c9f1298e-d840-49d8-aac3-de81602aa1d5@group-E9810A644481, cid=1058, SUCCESS, logIndex=1481, commits[c9f1298e-d840-49d8-aac3-de81602aa1d5:c1483]
2019-08-30 23:39:59,494 [grpc-default-executor-1] INFO  client.GrpcClientProtocolClient (GrpcClientProtocolClient.java:onNext(255)) - client-7EF960CB3D58->c9f1298e-d840-49d8-aac3-de81602aa1d5: receive RaftClientReply:client-7EF960CB3D58->c9f1298e-d840-49d8-aac3-de81602aa1d5@group-E9810A644481, cid=1059, SUCCESS, logIndex=1482, commits[c9f1298e-d840-49d8-aac3-de81602aa1d5:c1484]
2019-08-30 23:39:59,494 [grpc-default-executor-1] INFO  client.GrpcClientProtocolClient (GrpcClientProtocolClient.java:onNext(255)) - client-7EF960CB3D58->c9f1298e-d840-49d8-aac3-de81602aa1d5: receive RaftClientReply:client-7EF960CB3D58->c9f1298e-d840-49d8-aac3-de81602aa1d5@group-E9810A644481, cid=1060, SUCCESS, logIndex=1483, commits[c9f1298e-d840-49d8-aac3-de81602aa1d5:c1484]
2019-08-30 23:39:59,523 [SCMBlockDeletingService#1] DEBUG block.SCMBlockDeletingService (SCMBlockDeletingService.java:call(138)) - Running DeletedBlockTransactionScanner
2019-08-30 23:39:59,523 [SCMBlockDeletingService#1] DEBUG block.SCMBlockDeletingService (SCMBlockDeletingService.java:call(155)) - Scanned deleted blocks log and got 0 delTX to process.
2019-08-30 23:39:59,715 [SCMBlockDeletingService#1] DEBUG block.SCMBlockDeletingService (SCMBlockDeletingService.java:call(138)) - Running DeletedBlockTransactionScanner
2019-08-30 23:39:59,715 [SCMBlockDeletingService#1] DEBUG block.SCMBlockDeletingService (SCMBlockDeletingService.java:call(155)) - Scanned deleted blocks log and got 0 delTX to process.
2019-08-30 23:39:59,756 [grpc-default-executor-0] INFO  client.GrpcClientProtocolClient (GrpcClientProtocolClient.java:onNext(255)) - client-7EF960CB3D58->c9f1298e-d840-49d8-aac3-de81602aa1d5: receive RaftClientReply:client-7EF960CB3D58->c9f1298e-d840-49d8-aac3-de81602aa1d5@group-E9810A644481, cid=1061, SUCCESS, logIndex=1485, commits[c9f1298e-d840-49d8-aac3-de81602aa1d5:c1488]
2019-08-30 23:39:59,756 [grpc-default-executor-0] INFO  client.GrpcClientProtocolClient (GrpcClientProtocolClient.java:onNext(255)) - client-7EF960CB3D58->c9f1298e-d840-49d8-aac3-de81602aa1d5: receive RaftClientReply:client-7EF960CB3D58->c9f1298e-d840-49d8-aac3-de81602aa1d5@group-E9810A644481, cid=1062, SUCCESS, logIndex=1486, commits[c9f1298e-d840-49d8-aac3-de81602aa1d5:c1488]
2019-08-30 23:39:59,756 [grpc-default-executor-0] INFO  client.GrpcClientProtocolClient (GrpcClientProtocolClient.java:onNext(255)) - client-7EF960CB3D58->c9f1298e-d840-49d8-aac3-de81602aa1d5: receive RaftClientReply:client-7EF960CB3D58->c9f1298e-d840-49d8-aac3-de81602aa1d5@group-E9810A644481, cid=1063, SUCCESS, logIndex=1487, commits[c9f1298e-d840-49d8-aac3-de81602aa1d5:c1488]
2019-08-30 23:39:59,757 [grpc-default-executor-0] INFO  client.GrpcClientProtocolClient (GrpcClientProtocolClient.java:onNext(255)) - client-7EF960CB3D58->c9f1298e-d840-49d8-aac3-de81602aa1d5: receive RaftClientReply:client-7EF960CB3D58->c9f1298e-d840-49d8-aac3-de81602aa1d5@group-E9810A644481, cid=1064, SUCCESS, logIndex=1488, commits[c9f1298e-d840-49d8-aac3-de81602aa1d5:c1488]
2019-08-30 23:39:59,780 [grpc-default-executor-0] INFO  client.GrpcClientProtocolClient (GrpcClientProtocolClient.java:onNext(255)) - client-7EF960CB3D58->c9f1298e-d840-49d8-aac3-de81602aa1d5: receive RaftClientReply:client-7EF960CB3D58->c9f1298e-d840-49d8-aac3-de81602aa1d5@group-E9810A644481, cid=1065, SUCCESS, logIndex=1490, commits[c9f1298e-d840-49d8-aac3-de81602aa1d5:c1491]
2019-08-30 23:39:59,781 [grpc-default-executor-0] INFO  client.GrpcClientProtocolClient (GrpcClientProtocolClient.java:onNext(255)) - client-7EF960CB3D58->c9f1298e-d840-49d8-aac3-de81602aa1d5: receive RaftClientReply:client-7EF960CB3D58->c9f1298e-d840-49d8-aac3-de81602aa1d5@group-E9810A644481, cid=1066, SUCCESS, logIndex=1491, commits[c9f1298e-d840-49d8-aac3-de81602aa1d5:c1491]
2019-08-30 23:39:59,791 [grpc-default-executor-0] INFO  client.GrpcClientProtocolClient (GrpcClientProtocolClient.java:onNext(255)) - client-7EF960CB3D58->c9f1298e-d840-49d8-aac3-de81602aa1d5: receive RaftClientReply:client-7EF960CB3D58->c9f1298e-d840-49d8-aac3-de81602aa1d5@group-E9810A644481, cid=1067, SUCCESS, logIndex=1492, commits[c9f1298e-d840-49d8-aac3-de81602aa1d5:c1493]
2019-08-30 23:39:59,791 [grpc-default-executor-0] INFO  client.GrpcClientProtocolClient (GrpcClientProtocolClient.java:onNext(255)) - client-7EF960CB3D58->c9f1298e-d840-49d8-aac3-de81602aa1d5: receive RaftClientReply:client-7EF960CB3D58->c9f1298e-d840-49d8-aac3-de81602aa1d5@group-E9810A644481, cid=1068, SUCCESS, logIndex=1493, commits[c9f1298e-d840-49d8-aac3-de81602aa1d5:c1493]
2019-08-30 23:39:59,816 [SCMBlockDeletingService#1] DEBUG block.SCMBlockDeletingService (SCMBlockDeletingService.java:call(138)) - Running DeletedBlockTransactionScanner
2019-08-30 23:39:59,816 [SCMBlockDeletingService#1] DEBUG block.SCMBlockDeletingService (SCMBlockDeletingService.java:call(155)) - Scanned deleted blocks log and got 0 delTX to process.
2019-08-30 23:39:59,828 [grpc-default-executor-1] INFO  client.GrpcClientProtocolClient (GrpcClientProtocolClient.java:onNext(255)) - client-7EF960CB3D58->c9f1298e-d840-49d8-aac3-de81602aa1d5: receive RaftClientReply:client-7EF960CB3D58->c9f1298e-d840-49d8-aac3-de81602aa1d5@group-E9810A644481, cid=1069, SUCCESS, logIndex=1496, commits[c9f1298e-d840-49d8-aac3-de81602aa1d5:c1499]
2019-08-30 23:39:59,832 [grpc-default-executor-1] INFO  client.GrpcClientProtocolClient (GrpcClientProtocolClient.java:onNext(255)) - client-7EF960CB3D58->c9f1298e-d840-49d8-aac3-de81602aa1d5: receive RaftClientReply:client-7EF960CB3D58->c9f1298e-d840-49d8-aac3-de81602aa1d5@group-E9810A644481, cid=1070, SUCCESS, logIndex=1497, commits[c9f1298e-d840-49d8-aac3-de81602aa1d5:c1499]
2019-08-30 23:39:59,833 [grpc-default-executor-1] INFO  client.GrpcClientProtocolClient (GrpcClientProtocolClient.java:onNext(255)) - client-7EF960CB3D58->c9f1298e-d840-49d8-aac3-de81602aa1d5: receive RaftClientReply:client-7EF960CB3D58->c9f1298e-d840-49d8-aac3-de81602aa1d5@group-E9810A644481, cid=1071, SUCCESS, logIndex=1498, commits[c9f1298e-d840-49d8-aac3-de81602aa1d5:c1499]
2019-08-30 23:39:59,833 [grpc-default-executor-1] INFO  client.GrpcClientProtocolClient (GrpcClientProtocolClient.java:onNext(255)) - client-7EF960CB3D58->c9f1298e-d840-49d8-aac3-de81602aa1d5: receive RaftClientReply:client-7EF960CB3D58->c9f1298e-d840-49d8-aac3-de81602aa1d5@group-E9810A644481, cid=1072, SUCCESS, logIndex=1499, commits[c9f1298e-d840-49d8-aac3-de81602aa1d5:c1499]
2019-08-30 23:39:59,867 [grpc-default-executor-0] INFO  client.GrpcClientProtocolClient (GrpcClientProtocolClient.java:onNext(255)) - client-7EF960CB3D58->c9f1298e-d840-49d8-aac3-de81602aa1d5: receive RaftClientReply:client-7EF960CB3D58->c9f1298e-d840-49d8-aac3-de81602aa1d5@group-E9810A644481, cid=1073, SUCCESS, logIndex=1501, commits[c9f1298e-d840-49d8-aac3-de81602aa1d5:c1504]
2019-08-30 23:39:59,867 [grpc-default-executor-0] INFO  client.GrpcClientProtocolClient (GrpcClientProtocolClient.java:onNext(255)) - client-7EF960CB3D58->c9f1298e-d840-49d8-aac3-de81602aa1d5: receive RaftClientReply:client-7EF960CB3D58->c9f1298e-d840-49d8-aac3-de81602aa1d5@group-E9810A644481, cid=1074, SUCCESS, logIndex=1502, commits[c9f1298e-d840-49d8-aac3-de81602aa1d5:c1504]
2019-08-30 23:39:59,868 [grpc-default-executor-0] INFO  client.GrpcClientProtocolClient (GrpcClientProtocolClient.java:onNext(255)) - client-7EF960CB3D58->c9f1298e-d840-49d8-aac3-de81602aa1d5: receive RaftClientReply:client-7EF960CB3D58->c9f1298e-d840-49d8-aac3-de81602aa1d5@group-E9810A644481, cid=1075, SUCCESS, logIndex=1503, commits[c9f1298e-d840-49d8-aac3-de81602aa1d5:c1504]
2019-08-30 23:39:59,868 [grpc-default-executor-0] INFO  client.GrpcClientProtocolClient (GrpcClientProtocolClient.java:onNext(255)) - client-7EF960CB3D58->c9f1298e-d840-49d8-aac3-de81602aa1d5: receive RaftClientReply:client-7EF960CB3D58->c9f1298e-d840-49d8-aac3-de81602aa1d5@group-E9810A644481, cid=1076, SUCCESS, logIndex=1504, commits[c9f1298e-d840-49d8-aac3-de81602aa1d5:c1504]
2019-08-30 23:39:59,887 [grpc-default-executor-0] INFO  client.GrpcClientProtocolClient (GrpcClientProtocolClient.java:onNext(255)) - client-7EF960CB3D58->c9f1298e-d840-49d8-aac3-de81602aa1d5: receive RaftClientReply:client-7EF960CB3D58->c9f1298e-d840-49d8-aac3-de81602aa1d5@group-E9810A644481, cid=1077, SUCCESS, logIndex=1506, commits[c9f1298e-d840-49d8-aac3-de81602aa1d5:c1509]
2019-08-30 23:39:59,887 [grpc-default-executor-0] INFO  client.GrpcClientProtocolClient (GrpcClientProtocolClient.java:onNext(255)) - client-7EF960CB3D58->c9f1298e-d840-49d8-aac3-de81602aa1d5: receive RaftClientReply:client-7EF960CB3D58->c9f1298e-d840-49d8-aac3-de81602aa1d5@group-E9810A644481, cid=1078, SUCCESS, logIndex=1507, commits[c9f1298e-d840-49d8-aac3-de81602aa1d5:c1509]
2019-08-30 23:39:59,887 [grpc-default-executor-0] INFO  client.GrpcClientProtocolClient (GrpcClientProtocolClient.java:onNext(255)) - client-7EF960CB3D58->c9f1298e-d840-49d8-aac3-de81602aa1d5: receive RaftClientReply:client-7EF960CB3D58->c9f1298e-d840-49d8-aac3-de81602aa1d5@group-E9810A644481, cid=1079, SUCCESS, logIndex=1508, commits[c9f1298e-d840-49d8-aac3-de81602aa1d5:c1509]
2019-08-30 23:39:59,888 [grpc-default-executor-0] INFO  client.GrpcClientProtocolClient (GrpcClientProtocolClient.java:onNext(255)) - client-7EF960CB3D58->c9f1298e-d840-49d8-aac3-de81602aa1d5: receive RaftClientReply:client-7EF960CB3D58->c9f1298e-d840-49d8-aac3-de81602aa1d5@group-E9810A644481, cid=1080, SUCCESS, logIndex=1509, commits[c9f1298e-d840-49d8-aac3-de81602aa1d5:c1509]
2019-08-30 23:39:59,906 [grpc-default-executor-0] INFO  client.GrpcClientProtocolClient (GrpcClientProtocolClient.java:onNext(255)) - client-7EF960CB3D58->c9f1298e-d840-49d8-aac3-de81602aa1d5: receive RaftClientReply:client-7EF960CB3D58->c9f1298e-d840-49d8-aac3-de81602aa1d5@group-E9810A644481, cid=1081, SUCCESS, logIndex=1511, commits[c9f1298e-d840-49d8-aac3-de81602aa1d5:c1512]
2019-08-30 23:39:59,907 [grpc-default-executor-0] INFO  client.GrpcClientProtocolClient (GrpcClientProtocolClient.java:onNext(255)) - client-7EF960CB3D58->c9f1298e-d840-49d8-aac3-de81602aa1d5: receive RaftClientReply:client-7EF960CB3D58->c9f1298e-d840-49d8-aac3-de81602aa1d5@group-E9810A644481, cid=1082, SUCCESS, logIndex=1512, commits[c9f1298e-d840-49d8-aac3-de81602aa1d5:c1512]
2019-08-30 23:39:59,916 [SCMBlockDeletingService#1] DEBUG block.SCMBlockDeletingService (SCMBlockDeletingService.java:call(138)) - Running DeletedBlockTransactionScanner
2019-08-30 23:39:59,916 [SCMBlockDeletingService#1] DEBUG block.SCMBlockDeletingService (SCMBlockDeletingService.java:call(155)) - Scanned deleted blocks log and got 0 delTX to process.
2019-08-30 23:39:59,933 [grpc-default-executor-0] INFO  client.GrpcClientProtocolClient (GrpcClientProtocolClient.java:onNext(255)) - client-7EF960CB3D58->c9f1298e-d840-49d8-aac3-de81602aa1d5: receive RaftClientReply:client-7EF960CB3D58->c9f1298e-d840-49d8-aac3-de81602aa1d5@group-E9810A644481, cid=1083, SUCCESS, logIndex=1513, commits[c9f1298e-d840-49d8-aac3-de81602aa1d5:c1514]
2019-08-30 23:39:59,933 [grpc-default-executor-0] INFO  client.GrpcClientProtocolClient (GrpcClientProtocolClient.java:onNext(255)) - client-7EF960CB3D58->c9f1298e-d840-49d8-aac3-de81602aa1d5: receive RaftClientReply:client-7EF960CB3D58->c9f1298e-d840-49d8-aac3-de81602aa1d5@group-E9810A644481, cid=1084, SUCCESS, logIndex=1514, commits[c9f1298e-d840-49d8-aac3-de81602aa1d5:c1515]
2019-08-30 23:39:59,956 [grpc-default-executor-0] INFO  client.GrpcClientProtocolClient (GrpcClientProtocolClient.java:onNext(255)) - client-7EF960CB3D58->c9f1298e-d840-49d8-aac3-de81602aa1d5: receive RaftClientReply:client-7EF960CB3D58->c9f1298e-d840-49d8-aac3-de81602aa1d5@group-E9810A644481, cid=1085, SUCCESS, logIndex=1517, commits[c9f1298e-d840-49d8-aac3-de81602aa1d5:c1518]
2019-08-30 23:39:59,956 [grpc-default-executor-0] INFO  client.GrpcClientProtocolClient (GrpcClientProtocolClient.java:onNext(255)) - client-7EF960CB3D58->c9f1298e-d840-49d8-aac3-de81602aa1d5: receive RaftClientReply:client-7EF960CB3D58->c9f1298e-d840-49d8-aac3-de81602aa1d5@group-E9810A644481, cid=1086, SUCCESS, logIndex=1518, commits[c9f1298e-d840-49d8-aac3-de81602aa1d5:c1518]
2019-08-30 23:39:59,966 [grpc-default-executor-0] INFO  client.GrpcClientProtocolClient (GrpcClientProtocolClient.java:onNext(255)) - client-7EF960CB3D58->c9f1298e-d840-49d8-aac3-de81602aa1d5: receive RaftClientReply:client-7EF960CB3D58->c9f1298e-d840-49d8-aac3-de81602aa1d5@group-E9810A644481, cid=1087, SUCCESS, logIndex=1519, commits[c9f1298e-d840-49d8-aac3-de81602aa1d5:c1520]
2019-08-30 23:39:59,966 [grpc-default-executor-0] INFO  client.GrpcClientProtocolClient (GrpcClientProtocolClient.java:onNext(255)) - client-7EF960CB3D58->c9f1298e-d840-49d8-aac3-de81602aa1d5: receive RaftClientReply:client-7EF960CB3D58->c9f1298e-d840-49d8-aac3-de81602aa1d5@group-E9810A644481, cid=1088, SUCCESS, logIndex=1520, commits[c9f1298e-d840-49d8-aac3-de81602aa1d5:c1520]
2019-08-30 23:39:59,988 [grpc-default-executor-0] INFO  client.GrpcClientProtocolClient (GrpcClientProtocolClient.java:onNext(255)) - client-7EF960CB3D58->c9f1298e-d840-49d8-aac3-de81602aa1d5: receive RaftClientReply:client-7EF960CB3D58->c9f1298e-d840-49d8-aac3-de81602aa1d5@group-E9810A644481, cid=1089, SUCCESS, logIndex=1523, commits[c9f1298e-d840-49d8-aac3-de81602aa1d5:c1526]
2019-08-30 23:39:59,989 [grpc-default-executor-0] INFO  client.GrpcClientProtocolClient (GrpcClientProtocolClient.java:onNext(255)) - client-7EF960CB3D58->c9f1298e-d840-49d8-aac3-de81602aa1d5: receive RaftClientReply:client-7EF960CB3D58->c9f1298e-d840-49d8-aac3-de81602aa1d5@group-E9810A644481, cid=1090, SUCCESS, logIndex=1524, commits[c9f1298e-d840-49d8-aac3-de81602aa1d5:c1526]
2019-08-30 23:39:59,989 [grpc-default-executor-0] INFO  client.GrpcClientProtocolClient (GrpcClientProtocolClient.java:onNext(255)) - client-7EF960CB3D58->c9f1298e-d840-49d8-aac3-de81602aa1d5: receive RaftClientReply:client-7EF960CB3D58->c9f1298e-d840-49d8-aac3-de81602aa1d5@group-E9810A644481, cid=1091, SUCCESS, logIndex=1525, commits[c9f1298e-d840-49d8-aac3-de81602aa1d5:c1526]
2019-08-30 23:39:59,989 [grpc-default-executor-0] INFO  client.GrpcClientProtocolClient (GrpcClientProtocolClient.java:onNext(255)) - client-7EF960CB3D58->c9f1298e-d840-49d8-aac3-de81602aa1d5: receive RaftClientReply:client-7EF960CB3D58->c9f1298e-d840-49d8-aac3-de81602aa1d5@group-E9810A644481, cid=1092, SUCCESS, logIndex=1526, commits[c9f1298e-d840-49d8-aac3-de81602aa1d5:c1526]
2019-08-30 23:40:00,013 [grpc-default-executor-0] INFO  client.GrpcClientProtocolClient (GrpcClientProtocolClient.java:onNext(255)) - client-7EF960CB3D58->c9f1298e-d840-49d8-aac3-de81602aa1d5: receive RaftClientReply:client-7EF960CB3D58->c9f1298e-d840-49d8-aac3-de81602aa1d5@group-E9810A644481, cid=1093, SUCCESS, logIndex=1528, commits[c9f1298e-d840-49d8-aac3-de81602aa1d5:c1531]
2019-08-30 23:40:00,013 [grpc-default-executor-0] INFO  client.GrpcClientProtocolClient (GrpcClientProtocolClient.java:onNext(255)) - client-7EF960CB3D58->c9f1298e-d840-49d8-aac3-de81602aa1d5: receive RaftClientReply:client-7EF960CB3D58->c9f1298e-d840-49d8-aac3-de81602aa1d5@group-E9810A644481, cid=1094, SUCCESS, logIndex=1529, commits[c9f1298e-d840-49d8-aac3-de81602aa1d5:c1531]
2019-08-30 23:40:00,014 [grpc-default-executor-0] INFO  client.GrpcClientProtocolClient (GrpcClientProtocolClient.java:onNext(255)) - client-7EF960CB3D58->c9f1298e-d840-49d8-aac3-de81602aa1d5: receive RaftClientReply:client-7EF960CB3D58->c9f1298e-d840-49d8-aac3-de81602aa1d5@group-E9810A644481, cid=1095, SUCCESS, logIndex=1530, commits[c9f1298e-d840-49d8-aac3-de81602aa1d5:c1531]
2019-08-30 23:40:00,014 [grpc-default-executor-0] INFO  client.GrpcClientProtocolClient (GrpcClientProtocolClient.java:onNext(255)) - client-7EF960CB3D58->c9f1298e-d840-49d8-aac3-de81602aa1d5: receive RaftClientReply:client-7EF960CB3D58->c9f1298e-d840-49d8-aac3-de81602aa1d5@group-E9810A644481, cid=1096, SUCCESS, logIndex=1531, commits[c9f1298e-d840-49d8-aac3-de81602aa1d5:c1531]
2019-08-30 23:40:00,017 [SCMBlockDeletingService#1] DEBUG block.SCMBlockDeletingService (SCMBlockDeletingService.java:call(138)) - Running DeletedBlockTransactionScanner
2019-08-30 23:40:00,017 [SCMBlockDeletingService#1] DEBUG block.SCMBlockDeletingService (SCMBlockDeletingService.java:call(155)) - Scanned deleted blocks log and got 0 delTX to process.
2019-08-30 23:40:00,064 [grpc-default-executor-0] INFO  client.GrpcClientProtocolClient (GrpcClientProtocolClient.java:onNext(255)) - client-7EF960CB3D58->c9f1298e-d840-49d8-aac3-de81602aa1d5: receive RaftClientReply:client-7EF960CB3D58->c9f1298e-d840-49d8-aac3-de81602aa1d5@group-E9810A644481, cid=1097, SUCCESS, logIndex=1533, commits[c9f1298e-d840-49d8-aac3-de81602aa1d5:c1536]
2019-08-30 23:40:00,064 [grpc-default-executor-0] INFO  client.GrpcClientProtocolClient (GrpcClientProtocolClient.java:onNext(255)) - client-7EF960CB3D58->c9f1298e-d840-49d8-aac3-de81602aa1d5: receive RaftClientReply:client-7EF960CB3D58->c9f1298e-d840-49d8-aac3-de81602aa1d5@group-E9810A644481, cid=1098, SUCCESS, logIndex=1534, commits[c9f1298e-d840-49d8-aac3-de81602aa1d5:c1537]
2019-08-30 23:40:00,065 [grpc-default-executor-0] INFO  client.GrpcClientProtocolClient (GrpcClientProtocolClient.java:onNext(255)) - client-7EF960CB3D58->c9f1298e-d840-49d8-aac3-de81602aa1d5: receive RaftClientReply:client-7EF960CB3D58->c9f1298e-d840-49d8-aac3-de81602aa1d5@group-E9810A644481, cid=1099, SUCCESS, logIndex=1535, commits[c9f1298e-d840-49d8-aac3-de81602aa1d5:c1537]
2019-08-30 23:40:00,065 [grpc-default-executor-0] INFO  client.GrpcClientProtocolClient (GrpcClientProtocolClient.java:onNext(255)) - client-7EF960CB3D58->c9f1298e-d840-49d8-aac3-de81602aa1d5: receive RaftClientReply:client-7EF960CB3D58->c9f1298e-d840-49d8-aac3-de81602aa1d5@group-E9810A644481, cid=1100, SUCCESS, logIndex=1536, commits[c9f1298e-d840-49d8-aac3-de81602aa1d5:c1537]
2019-08-30 23:40:00,099 [grpc-default-executor-0] INFO  client.GrpcClientProtocolClient (GrpcClientProtocolClient.java:onNext(255)) - client-7EF960CB3D58->c9f1298e-d840-49d8-aac3-de81602aa1d5: receive RaftClientReply:client-7EF960CB3D58->c9f1298e-d840-49d8-aac3-de81602aa1d5@group-E9810A644481, cid=1101, SUCCESS, logIndex=1538, commits[c9f1298e-d840-49d8-aac3-de81602aa1d5:c1541]
2019-08-30 23:40:00,100 [grpc-default-executor-0] INFO  client.GrpcClientProtocolClient (GrpcClientProtocolClient.java:onNext(255)) - client-7EF960CB3D58->c9f1298e-d840-49d8-aac3-de81602aa1d5: receive RaftClientReply:client-7EF960CB3D58->c9f1298e-d840-49d8-aac3-de81602aa1d5@group-E9810A644481, cid=1102, SUCCESS, logIndex=1539, commits[c9f1298e-d840-49d8-aac3-de81602aa1d5:c1541]
2019-08-30 23:40:00,100 [grpc-default-executor-0] INFO  client.GrpcClientProtocolClient (GrpcClientProtocolClient.java:onNext(255)) - client-7EF960CB3D58->c9f1298e-d840-49d8-aac3-de81602aa1d5: receive RaftClientReply:client-7EF960CB3D58->c9f1298e-d840-49d8-aac3-de81602aa1d5@group-E9810A644481, cid=1103, SUCCESS, logIndex=1540, commits[c9f1298e-d840-49d8-aac3-de81602aa1d5:c1541]
2019-08-30 23:40:00,101 [grpc-default-executor-0] INFO  client.GrpcClientProtocolClient (GrpcClientProtocolClient.java:onNext(255)) - client-7EF960CB3D58->c9f1298e-d840-49d8-aac3-de81602aa1d5: receive RaftClientReply:client-7EF960CB3D58->c9f1298e-d840-49d8-aac3-de81602aa1d5@group-E9810A644481, cid=1104, SUCCESS, logIndex=1541, commits[c9f1298e-d840-49d8-aac3-de81602aa1d5:c1541]
2019-08-30 23:40:00,117 [SCMBlockDeletingService#1] DEBUG block.SCMBlockDeletingService (SCMBlockDeletingService.java:call(138)) - Running DeletedBlockTransactionScanner
2019-08-30 23:40:00,117 [SCMBlockDeletingService#1] DEBUG block.SCMBlockDeletingService (SCMBlockDeletingService.java:call(155)) - Scanned deleted blocks log and got 0 delTX to process.
2019-08-30 23:40:00,213 [grpc-default-executor-1] INFO  client.GrpcClientProtocolClient (GrpcClientProtocolClient.java:onNext(255)) - client-7EF960CB3D58->c9f1298e-d840-49d8-aac3-de81602aa1d5: receive RaftClientReply:client-7EF960CB3D58->c9f1298e-d840-49d8-aac3-de81602aa1d5@group-E9810A644481, cid=1105, SUCCESS, logIndex=1543, commits[c9f1298e-d840-49d8-aac3-de81602aa1d5:c1546]
2019-08-30 23:40:00,214 [grpc-default-executor-1] INFO  client.GrpcClientProtocolClient (GrpcClientProtocolClient.java:onNext(255)) - client-7EF960CB3D58->c9f1298e-d840-49d8-aac3-de81602aa1d5: receive RaftClientReply:client-7EF960CB3D58->c9f1298e-d840-49d8-aac3-de81602aa1d5@group-E9810A644481, cid=1106, SUCCESS, logIndex=1544, commits[c9f1298e-d840-49d8-aac3-de81602aa1d5:c1546]
2019-08-30 23:40:00,214 [grpc-default-executor-1] INFO  client.GrpcClientProtocolClient (GrpcClientProtocolClient.java:onNext(255)) - client-7EF960CB3D58->c9f1298e-d840-49d8-aac3-de81602aa1d5: receive RaftClientReply:client-7EF960CB3D58->c9f1298e-d840-49d8-aac3-de81602aa1d5@group-E9810A644481, cid=1107, SUCCESS, logIndex=1545, commits[c9f1298e-d840-49d8-aac3-de81602aa1d5:c1546]
2019-08-30 23:40:00,215 [grpc-default-executor-1] INFO  client.GrpcClientProtocolClient (GrpcClientProtocolClient.java:onNext(255)) - client-7EF960CB3D58->c9f1298e-d840-49d8-aac3-de81602aa1d5: receive RaftClientReply:client-7EF960CB3D58->c9f1298e-d840-49d8-aac3-de81602aa1d5@group-E9810A644481, cid=1108, SUCCESS, logIndex=1546, commits[c9f1298e-d840-49d8-aac3-de81602aa1d5:c1546]
2019-08-30 23:40:00,218 [SCMBlockDeletingService#1] DEBUG block.SCMBlockDeletingService (SCMBlockDeletingService.java:call(138)) - Running DeletedBlockTransactionScanner
2019-08-30 23:40:00,218 [SCMBlockDeletingService#1] DEBUG block.SCMBlockDeletingService (SCMBlockDeletingService.java:call(155)) - Scanned deleted blocks log and got 0 delTX to process.
2019-08-30 23:40:00,249 [grpc-default-executor-1] INFO  client.GrpcClientProtocolClient (GrpcClientProtocolClient.java:onNext(255)) - client-7EF960CB3D58->c9f1298e-d840-49d8-aac3-de81602aa1d5: receive RaftClientReply:client-7EF960CB3D58->c9f1298e-d840-49d8-aac3-de81602aa1d5@group-E9810A644481, cid=1109, SUCCESS, logIndex=1548, commits[c9f1298e-d840-49d8-aac3-de81602aa1d5:c1551]
2019-08-30 23:40:00,249 [grpc-default-executor-1] INFO  client.GrpcClientProtocolClient (GrpcClientProtocolClient.java:onNext(255)) - client-7EF960CB3D58->c9f1298e-d840-49d8-aac3-de81602aa1d5: receive RaftClientReply:client-7EF960CB3D58->c9f1298e-d840-49d8-aac3-de81602aa1d5@group-E9810A644481, cid=1110, SUCCESS, logIndex=1549, commits[c9f1298e-d840-49d8-aac3-de81602aa1d5:c1551]
2019-08-30 23:40:00,250 [grpc-default-executor-1] INFO  client.GrpcClientProtocolClient (GrpcClientProtocolClient.java:onNext(255)) - client-7EF960CB3D58->c9f1298e-d840-49d8-aac3-de81602aa1d5: receive RaftClientReply:client-7EF960CB3D58->c9f1298e-d840-49d8-aac3-de81602aa1d5@group-E9810A644481, cid=1111, SUCCESS, logIndex=1550, commits[c9f1298e-d840-49d8-aac3-de81602aa1d5:c1551]
2019-08-30 23:40:00,250 [grpc-default-executor-1] INFO  client.GrpcClientProtocolClient (GrpcClientProtocolClient.java:onNext(255)) - client-7EF960CB3D58->c9f1298e-d840-49d8-aac3-de81602aa1d5: receive RaftClientReply:client-7EF960CB3D58->c9f1298e-d840-49d8-aac3-de81602aa1d5@group-E9810A644481, cid=1112, SUCCESS, logIndex=1551, commits[c9f1298e-d840-49d8-aac3-de81602aa1d5:c1551]
2019-08-30 23:40:00,277 [grpc-default-executor-0] INFO  client.GrpcClientProtocolClient (GrpcClientProtocolClient.java:onNext(255)) - client-7EF960CB3D58->c9f1298e-d840-49d8-aac3-de81602aa1d5: receive RaftClientReply:client-7EF960CB3D58->c9f1298e-d840-49d8-aac3-de81602aa1d5@group-E9810A644481, cid=1113, SUCCESS, logIndex=1553, commits[c9f1298e-d840-49d8-aac3-de81602aa1d5:c1556]
2019-08-30 23:40:00,278 [grpc-default-executor-0] INFO  client.GrpcClientProtocolClient (GrpcClientProtocolClient.java:onNext(255)) - client-7EF960CB3D58->c9f1298e-d840-49d8-aac3-de81602aa1d5: receive RaftClientReply:client-7EF960CB3D58->c9f1298e-d840-49d8-aac3-de81602aa1d5@group-E9810A644481, cid=1114, SUCCESS, logIndex=1554, commits[c9f1298e-d840-49d8-aac3-de81602aa1d5:c1556]
2019-08-30 23:40:00,278 [grpc-default-executor-0] INFO  client.GrpcClientProtocolClient (GrpcClientProtocolClient.java:onNext(255)) - client-7EF960CB3D58->c9f1298e-d840-49d8-aac3-de81602aa1d5: receive RaftClientReply:client-7EF960CB3D58->c9f1298e-d840-49d8-aac3-de81602aa1d5@group-E9810A644481, cid=1115, SUCCESS, logIndex=1555, commits[c9f1298e-d840-49d8-aac3-de81602aa1d5:c1556]
2019-08-30 23:40:00,279 [grpc-default-executor-0] INFO  client.GrpcClientProtocolClient (GrpcClientProtocolClient.java:onNext(255)) - client-7EF960CB3D58->c9f1298e-d840-49d8-aac3-de81602aa1d5: receive RaftClientReply:client-7EF960CB3D58->c9f1298e-d840-49d8-aac3-de81602aa1d5@group-E9810A644481, cid=1116, SUCCESS, logIndex=1556, commits[c9f1298e-d840-49d8-aac3-de81602aa1d5:c1556]
2019-08-30 23:40:00,312 [grpc-default-executor-0] INFO  client.GrpcClientProtocolClient (GrpcClientProtocolClient.java:onNext(255)) - client-7EF960CB3D58->c9f1298e-d840-49d8-aac3-de81602aa1d5: receive RaftClientReply:client-7EF960CB3D58->c9f1298e-d840-49d8-aac3-de81602aa1d5@group-E9810A644481, cid=1117, SUCCESS, logIndex=1558, commits[c9f1298e-d840-49d8-aac3-de81602aa1d5:c1561]
2019-08-30 23:40:00,312 [grpc-default-executor-0] INFO  client.GrpcClientProtocolClient (GrpcClientProtocolClient.java:onNext(255)) - client-7EF960CB3D58->c9f1298e-d840-49d8-aac3-de81602aa1d5: receive RaftClientReply:client-7EF960CB3D58->c9f1298e-d840-49d8-aac3-de81602aa1d5@group-E9810A644481, cid=1118, SUCCESS, logIndex=1559, commits[c9f1298e-d840-49d8-aac3-de81602aa1d5:c1561]
2019-08-30 23:40:00,313 [grpc-default-executor-0] INFO  client.GrpcClientProtocolClient (GrpcClientProtocolClient.java:onNext(255)) - client-7EF960CB3D58->c9f1298e-d840-49d8-aac3-de81602aa1d5: receive RaftClientReply:client-7EF960CB3D58->c9f1298e-d840-49d8-aac3-de81602aa1d5@group-E9810A644481, cid=1119, SUCCESS, logIndex=1560, commits[c9f1298e-d840-49d8-aac3-de81602aa1d5:c1561]
2019-08-30 23:40:00,313 [grpc-default-executor-0] INFO  client.GrpcClientProtocolClient (GrpcClientProtocolClient.java:onNext(255)) - client-7EF960CB3D58->c9f1298e-d840-49d8-aac3-de81602aa1d5: receive RaftClientReply:client-7EF960CB3D58->c9f1298e-d840-49d8-aac3-de81602aa1d5@group-E9810A644481, cid=1120, SUCCESS, logIndex=1561, commits[c9f1298e-d840-49d8-aac3-de81602aa1d5:c1561]
2019-08-30 23:40:00,318 [SCMBlockDeletingService#1] DEBUG block.SCMBlockDeletingService (SCMBlockDeletingService.java:call(138)) - Running DeletedBlockTransactionScanner
2019-08-30 23:40:00,318 [SCMBlockDeletingService#1] DEBUG block.SCMBlockDeletingService (SCMBlockDeletingService.java:call(155)) - Scanned deleted blocks log and got 0 delTX to process.
2019-08-30 23:40:00,345 [grpc-default-executor-1] INFO  client.GrpcClientProtocolClient (GrpcClientProtocolClient.java:onNext(255)) - client-7EF960CB3D58->c9f1298e-d840-49d8-aac3-de81602aa1d5: receive RaftClientReply:client-7EF960CB3D58->c9f1298e-d840-49d8-aac3-de81602aa1d5@group-E9810A644481, cid=1121, SUCCESS, logIndex=1563, commits[c9f1298e-d840-49d8-aac3-de81602aa1d5:c1564]
2019-08-30 23:40:00,346 [grpc-default-executor-1] INFO  client.GrpcClientProtocolClient (GrpcClientProtocolClient.java:onNext(255)) - client-7EF960CB3D58->c9f1298e-d840-49d8-aac3-de81602aa1d5: receive RaftClientReply:client-7EF960CB3D58->c9f1298e-d840-49d8-aac3-de81602aa1d5@group-E9810A644481, cid=1122, SUCCESS, logIndex=1564, commits[c9f1298e-d840-49d8-aac3-de81602aa1d5:c1564]
2019-08-30 23:40:00,351 [grpc-default-executor-1] INFO  client.GrpcClientProtocolClient (GrpcClientProtocolClient.java:onNext(255)) - client-7EF960CB3D58->c9f1298e-d840-49d8-aac3-de81602aa1d5: receive RaftClientReply:client-7EF960CB3D58->c9f1298e-d840-49d8-aac3-de81602aa1d5@group-E9810A644481, cid=1123, SUCCESS, logIndex=1565, commits[c9f1298e-d840-49d8-aac3-de81602aa1d5:c1566]
2019-08-30 23:40:00,352 [grpc-default-executor-1] INFO  client.GrpcClientProtocolClient (GrpcClientProtocolClient.java:onNext(255)) - client-7EF960CB3D58->c9f1298e-d840-49d8-aac3-de81602aa1d5: receive RaftClientReply:client-7EF960CB3D58->c9f1298e-d840-49d8-aac3-de81602aa1d5@group-E9810A644481, cid=1124, SUCCESS, logIndex=1566, commits[c9f1298e-d840-49d8-aac3-de81602aa1d5:c1566]
2019-08-30 23:40:00,372 [grpc-default-executor-0] INFO  client.GrpcClientProtocolClient (GrpcClientProtocolClient.java:onNext(255)) - client-7EF960CB3D58->c9f1298e-d840-49d8-aac3-de81602aa1d5: receive RaftClientReply:client-7EF960CB3D58->c9f1298e-d840-49d8-aac3-de81602aa1d5@group-E9810A644481, cid=1125, SUCCESS, logIndex=1569, commits[c9f1298e-d840-49d8-aac3-de81602aa1d5:c1570]
2019-08-30 23:40:00,373 [grpc-default-executor-0] INFO  client.GrpcClientProtocolClient (GrpcClientProtocolClient.java:onNext(255)) - client-7EF960CB3D58->c9f1298e-d840-49d8-aac3-de81602aa1d5: receive RaftClientReply:client-7EF960CB3D58->c9f1298e-d840-49d8-aac3-de81602aa1d5@group-E9810A644481, cid=1126, SUCCESS, logIndex=1570, commits[c9f1298e-d840-49d8-aac3-de81602aa1d5:c1570]
2019-08-30 23:40:00,384 [grpc-default-executor-0] INFO  client.GrpcClientProtocolClient (GrpcClientProtocolClient.java:onNext(255)) - client-7EF960CB3D58->c9f1298e-d840-49d8-aac3-de81602aa1d5: receive RaftClientReply:client-7EF960CB3D58->c9f1298e-d840-49d8-aac3-de81602aa1d5@group-E9810A644481, cid=1127, SUCCESS, logIndex=1571, commits[c9f1298e-d840-49d8-aac3-de81602aa1d5:c1572]
2019-08-30 23:40:00,384 [grpc-default-executor-0] INFO  client.GrpcClientProtocolClient (GrpcClientProtocolClient.java:onNext(255)) - client-7EF960CB3D58->c9f1298e-d840-49d8-aac3-de81602aa1d5: receive RaftClientReply:client-7EF960CB3D58->c9f1298e-d840-49d8-aac3-de81602aa1d5@group-E9810A644481, cid=1128, SUCCESS, logIndex=1572, commits[c9f1298e-d840-49d8-aac3-de81602aa1d5:c1572]
2019-08-30 23:40:00,418 [grpc-default-executor-0] INFO  client.GrpcClientProtocolClient (GrpcClientProtocolClient.java:onNext(255)) - client-7EF960CB3D58->c9f1298e-d840-49d8-aac3-de81602aa1d5: receive RaftClientReply:client-7EF960CB3D58->c9f1298e-d840-49d8-aac3-de81602aa1d5@group-E9810A644481, cid=1129, SUCCESS, logIndex=1575, commits[c9f1298e-d840-49d8-aac3-de81602aa1d5:c1576]
2019-08-30 23:40:00,419 [SCMBlockDeletingService#1] DEBUG block.SCMBlockDeletingService (SCMBlockDeletingService.java:call(138)) - Running DeletedBlockTransactionScanner
2019-08-30 23:40:00,419 [grpc-default-executor-0] INFO  client.GrpcClientProtocolClient (GrpcClientProtocolClient.java:onNext(255)) - client-7EF960CB3D58->c9f1298e-d840-49d8-aac3-de81602aa1d5: receive RaftClientReply:client-7EF960CB3D58->c9f1298e-d840-49d8-aac3-de81602aa1d5@group-E9810A644481, cid=1130, SUCCESS, logIndex=1576, commits[c9f1298e-d840-49d8-aac3-de81602aa1d5:c1576]
2019-08-30 23:40:00,419 [SCMBlockDeletingService#1] DEBUG block.SCMBlockDeletingService (SCMBlockDeletingService.java:call(155)) - Scanned deleted blocks log and got 0 delTX to process.
2019-08-30 23:40:00,433 [grpc-default-executor-0] INFO  client.GrpcClientProtocolClient (GrpcClientProtocolClient.java:onNext(255)) - client-7EF960CB3D58->c9f1298e-d840-49d8-aac3-de81602aa1d5: receive RaftClientReply:client-7EF960CB3D58->c9f1298e-d840-49d8-aac3-de81602aa1d5@group-E9810A644481, cid=1131, SUCCESS, logIndex=1577, commits[c9f1298e-d840-49d8-aac3-de81602aa1d5:c1578]
2019-08-30 23:40:00,433 [grpc-default-executor-0] INFO  client.GrpcClientProtocolClient (GrpcClientProtocolClient.java:onNext(255)) - client-7EF960CB3D58->c9f1298e-d840-49d8-aac3-de81602aa1d5: receive RaftClientReply:client-7EF960CB3D58->c9f1298e-d840-49d8-aac3-de81602aa1d5@group-E9810A644481, cid=1132, SUCCESS, logIndex=1578, commits[c9f1298e-d840-49d8-aac3-de81602aa1d5:c1578]
2019-08-30 23:40:00,523 [SCMBlockDeletingService#1] DEBUG block.SCMBlockDeletingService (SCMBlockDeletingService.java:call(138)) - Running DeletedBlockTransactionScanner
2019-08-30 23:40:00,523 [SCMBlockDeletingService#1] DEBUG block.SCMBlockDeletingService (SCMBlockDeletingService.java:call(155)) - Scanned deleted blocks log and got 0 delTX to process.
2019-08-30 23:40:00,536 [grpc-default-executor-1] INFO  client.GrpcClientProtocolClient (GrpcClientProtocolClient.java:onNext(255)) - client-7EF960CB3D58->c9f1298e-d840-49d8-aac3-de81602aa1d5: receive RaftClientReply:client-7EF960CB3D58->c9f1298e-d840-49d8-aac3-de81602aa1d5@group-E9810A644481, cid=1133, SUCCESS, logIndex=1581, commits[c9f1298e-d840-49d8-aac3-de81602aa1d5:c1582]
2019-08-30 23:40:00,537 [grpc-default-executor-1] INFO  client.GrpcClientProtocolClient (GrpcClientProtocolClient.java:onNext(255)) - client-7EF960CB3D58->c9f1298e-d840-49d8-aac3-de81602aa1d5: receive RaftClientReply:client-7EF960CB3D58->c9f1298e-d840-49d8-aac3-de81602aa1d5@group-E9810A644481, cid=1134, SUCCESS, logIndex=1582, commits[c9f1298e-d840-49d8-aac3-de81602aa1d5:c1582]
2019-08-30 23:40:00,545 [grpc-default-executor-1] INFO  client.GrpcClientProtocolClient (GrpcClientProtocolClient.java:onNext(255)) - client-7EF960CB3D58->c9f1298e-d840-49d8-aac3-de81602aa1d5: receive RaftClientReply:client-7EF960CB3D58->c9f1298e-d840-49d8-aac3-de81602aa1d5@group-E9810A644481, cid=1135, SUCCESS, logIndex=1583, commits[c9f1298e-d840-49d8-aac3-de81602aa1d5:c1584]
2019-08-30 23:40:00,545 [grpc-default-executor-1] INFO  client.GrpcClientProtocolClient (GrpcClientProtocolClient.java:onNext(255)) - client-7EF960CB3D58->c9f1298e-d840-49d8-aac3-de81602aa1d5: receive RaftClientReply:client-7EF960CB3D58->c9f1298e-d840-49d8-aac3-de81602aa1d5@group-E9810A644481, cid=1136, SUCCESS, logIndex=1584, commits[c9f1298e-d840-49d8-aac3-de81602aa1d5:c1584]
2019-08-30 23:40:00,567 [grpc-default-executor-1] INFO  client.GrpcClientProtocolClient (GrpcClientProtocolClient.java:onNext(255)) - client-7EF960CB3D58->c9f1298e-d840-49d8-aac3-de81602aa1d5: receive RaftClientReply:client-7EF960CB3D58->c9f1298e-d840-49d8-aac3-de81602aa1d5@group-E9810A644481, cid=1137, SUCCESS, logIndex=1587, commits[c9f1298e-d840-49d8-aac3-de81602aa1d5:c1590]
2019-08-30 23:40:00,568 [grpc-default-executor-1] INFO  client.GrpcClientProtocolClient (GrpcClientProtocolClient.java:onNext(255)) - client-7EF960CB3D58->c9f1298e-d840-49d8-aac3-de81602aa1d5: receive RaftClientReply:client-7EF960CB3D58->c9f1298e-d840-49d8-aac3-de81602aa1d5@group-E9810A644481, cid=1138, SUCCESS, logIndex=1588, commits[c9f1298e-d840-49d8-aac3-de81602aa1d5:c1590]
2019-08-30 23:40:00,568 [grpc-default-executor-1] INFO  client.GrpcClientProtocolClient (GrpcClientProtocolClient.java:onNext(255)) - client-7EF960CB3D58->c9f1298e-d840-49d8-aac3-de81602aa1d5: receive RaftClientReply:client-7EF960CB3D58->c9f1298e-d840-49d8-aac3-de81602aa1d5@group-E9810A644481, cid=1139, SUCCESS, logIndex=1589, commits[c9f1298e-d840-49d8-aac3-de81602aa1d5:c1590]
2019-08-30 23:40:00,569 [grpc-default-executor-1] INFO  client.GrpcClientProtocolClient (GrpcClientProtocolClient.java:onNext(255)) - client-7EF960CB3D58->c9f1298e-d840-49d8-aac3-de81602aa1d5: receive RaftClientReply:client-7EF960CB3D58->c9f1298e-d840-49d8-aac3-de81602aa1d5@group-E9810A644481, cid=1140, SUCCESS, logIndex=1590, commits[c9f1298e-d840-49d8-aac3-de81602aa1d5:c1590]
2019-08-30 23:40:00,616 [grpc-default-executor-1] INFO  client.GrpcClientProtocolClient (GrpcClientProtocolClient.java:onNext(255)) - client-7EF960CB3D58->c9f1298e-d840-49d8-aac3-de81602aa1d5: receive RaftClientReply:client-7EF960CB3D58->c9f1298e-d840-49d8-aac3-de81602aa1d5@group-E9810A644481, cid=1141, SUCCESS, logIndex=1592, commits[c9f1298e-d840-49d8-aac3-de81602aa1d5:c1595]
2019-08-30 23:40:00,616 [grpc-default-executor-1] INFO  client.GrpcClientProtocolClient (GrpcClientProtocolClient.java:onNext(255)) - client-7EF960CB3D58->c9f1298e-d840-49d8-aac3-de81602aa1d5: receive RaftClientReply:client-7EF960CB3D58->c9f1298e-d840-49d8-aac3-de81602aa1d5@group-E9810A644481, cid=1142, SUCCESS, logIndex=1593, commits[c9f1298e-d840-49d8-aac3-de81602aa1d5:c1595]
2019-08-30 23:40:00,617 [grpc-default-executor-1] INFO  client.GrpcClientProtocolClient (GrpcClientProtocolClient.java:onNext(255)) - client-7EF960CB3D58->c9f1298e-d840-49d8-aac3-de81602aa1d5: receive RaftClientReply:client-7EF960CB3D58->c9f1298e-d840-49d8-aac3-de81602aa1d5@group-E9810A644481, cid=1143, SUCCESS, logIndex=1594, commits[c9f1298e-d840-49d8-aac3-de81602aa1d5:c1595]
2019-08-30 23:40:00,617 [grpc-default-executor-1] INFO  client.GrpcClientProtocolClient (GrpcClientProtocolClient.java:onNext(255)) - client-7EF960CB3D58->c9f1298e-d840-49d8-aac3-de81602aa1d5: receive RaftClientReply:client-7EF960CB3D58->c9f1298e-d840-49d8-aac3-de81602aa1d5@group-E9810A644481, cid=1144, SUCCESS, logIndex=1595, commits[c9f1298e-d840-49d8-aac3-de81602aa1d5:c1595]
2019-08-30 23:40:00,623 [SCMBlockDeletingService#1] DEBUG block.SCMBlockDeletingService (SCMBlockDeletingService.java:call(138)) - Running DeletedBlockTransactionScanner
2019-08-30 23:40:00,624 [SCMBlockDeletingService#1] DEBUG block.SCMBlockDeletingService (SCMBlockDeletingService.java:call(155)) - Scanned deleted blocks log and got 0 delTX to process.
2019-08-30 23:40:00,642 [grpc-default-executor-1] INFO  client.GrpcClientProtocolClient (GrpcClientProtocolClient.java:onNext(255)) - client-7EF960CB3D58->c9f1298e-d840-49d8-aac3-de81602aa1d5: receive RaftClientReply:client-7EF960CB3D58->c9f1298e-d840-49d8-aac3-de81602aa1d5@group-E9810A644481, cid=1145, SUCCESS, logIndex=1597, commits[c9f1298e-d840-49d8-aac3-de81602aa1d5:c1598]
2019-08-30 23:40:00,643 [grpc-default-executor-1] INFO  client.GrpcClientProtocolClient (GrpcClientProtocolClient.java:onNext(255)) - client-7EF960CB3D58->c9f1298e-d840-49d8-aac3-de81602aa1d5: receive RaftClientReply:client-7EF960CB3D58->c9f1298e-d840-49d8-aac3-de81602aa1d5@group-E9810A644481, cid=1146, SUCCESS, logIndex=1598, commits[c9f1298e-d840-49d8-aac3-de81602aa1d5:c1598]
2019-08-30 23:40:00,653 [grpc-default-executor-1] INFO  client.GrpcClientProtocolClient (GrpcClientProtocolClient.java:onNext(255)) - client-7EF960CB3D58->c9f1298e-d840-49d8-aac3-de81602aa1d5: receive RaftClientReply:client-7EF960CB3D58->c9f1298e-d840-49d8-aac3-de81602aa1d5@group-E9810A644481, cid=1147, SUCCESS, logIndex=1599, commits[c9f1298e-d840-49d8-aac3-de81602aa1d5:c1600]
2019-08-30 23:40:00,653 [grpc-default-executor-1] INFO  client.GrpcClientProtocolClient (GrpcClientProtocolClient.java:onNext(255)) - client-7EF960CB3D58->c9f1298e-d840-49d8-aac3-de81602aa1d5: receive RaftClientReply:client-7EF960CB3D58->c9f1298e-d840-49d8-aac3-de81602aa1d5@group-E9810A644481, cid=1148, SUCCESS, logIndex=1600, commits[c9f1298e-d840-49d8-aac3-de81602aa1d5:c1600]
2019-08-30 23:40:00,724 [SCMBlockDeletingService#1] DEBUG block.SCMBlockDeletingService (SCMBlockDeletingService.java:call(138)) - Running DeletedBlockTransactionScanner
2019-08-30 23:40:00,724 [SCMBlockDeletingService#1] DEBUG block.SCMBlockDeletingService (SCMBlockDeletingService.java:call(155)) - Scanned deleted blocks log and got 0 delTX to process.
2019-08-30 23:40:00,765 [grpc-default-executor-1] INFO  client.GrpcClientProtocolClient (GrpcClientProtocolClient.java:onNext(255)) - client-7EF960CB3D58->c9f1298e-d840-49d8-aac3-de81602aa1d5: receive RaftClientReply:client-7EF960CB3D58->c9f1298e-d840-49d8-aac3-de81602aa1d5@group-E9810A644481, cid=1149, SUCCESS, logIndex=1603, commits[c9f1298e-d840-49d8-aac3-de81602aa1d5:c1604]
2019-08-30 23:40:00,766 [grpc-default-executor-1] INFO  client.GrpcClientProtocolClient (GrpcClientProtocolClient.java:onNext(255)) - client-7EF960CB3D58->c9f1298e-d840-49d8-aac3-de81602aa1d5: receive RaftClientReply:client-7EF960CB3D58->c9f1298e-d840-49d8-aac3-de81602aa1d5@group-E9810A644481, cid=1150, SUCCESS, logIndex=1604, commits[c9f1298e-d840-49d8-aac3-de81602aa1d5:c1604]
2019-08-30 23:40:00,770 [grpc-default-executor-1] INFO  client.GrpcClientProtocolClient (GrpcClientProtocolClient.java:onNext(255)) - client-7EF960CB3D58->c9f1298e-d840-49d8-aac3-de81602aa1d5: receive RaftClientReply:client-7EF960CB3D58->c9f1298e-d840-49d8-aac3-de81602aa1d5@group-E9810A644481, cid=1151, SUCCESS, logIndex=1605, commits[c9f1298e-d840-49d8-aac3-de81602aa1d5:c1606]
2019-08-30 23:40:00,770 [grpc-default-executor-1] INFO  client.GrpcClientProtocolClient (GrpcClientProtocolClient.java:onNext(255)) - client-7EF960CB3D58->c9f1298e-d840-49d8-aac3-de81602aa1d5: receive RaftClientReply:client-7EF960CB3D58->c9f1298e-d840-49d8-aac3-de81602aa1d5@group-E9810A644481, cid=1152, SUCCESS, logIndex=1606, commits[c9f1298e-d840-49d8-aac3-de81602aa1d5:c1606]
2019-08-30 23:40:00,801 [grpc-default-executor-1] INFO  client.GrpcClientProtocolClient (GrpcClientProtocolClient.java:onNext(255)) - client-7EF960CB3D58->c9f1298e-d840-49d8-aac3-de81602aa1d5: receive RaftClientReply:client-7EF960CB3D58->c9f1298e-d840-49d8-aac3-de81602aa1d5@group-E9810A644481, cid=1153, SUCCESS, logIndex=1609, commits[c9f1298e-d840-49d8-aac3-de81602aa1d5:c1612]
2019-08-30 23:40:00,802 [grpc-default-executor-1] INFO  client.GrpcClientProtocolClient (GrpcClientProtocolClient.java:onNext(255)) - client-7EF960CB3D58->c9f1298e-d840-49d8-aac3-de81602aa1d5: receive RaftClientReply:client-7EF960CB3D58->c9f1298e-d840-49d8-aac3-de81602aa1d5@group-E9810A644481, cid=1154, SUCCESS, logIndex=1610, commits[c9f1298e-d840-49d8-aac3-de81602aa1d5:c1612]
2019-08-30 23:40:00,802 [grpc-default-executor-1] INFO  client.GrpcClientProtocolClient (GrpcClientProtocolClient.java:onNext(255)) - client-7EF960CB3D58->c9f1298e-d840-49d8-aac3-de81602aa1d5: receive RaftClientReply:client-7EF960CB3D58->c9f1298e-d840-49d8-aac3-de81602aa1d5@group-E9810A644481, cid=1155, SUCCESS, logIndex=1611, commits[c9f1298e-d840-49d8-aac3-de81602aa1d5:c1612]
2019-08-30 23:40:00,803 [grpc-default-executor-1] INFO  client.GrpcClientProtocolClient (GrpcClientProtocolClient.java:onNext(255)) - client-7EF960CB3D58->c9f1298e-d840-49d8-aac3-de81602aa1d5: receive RaftClientReply:client-7EF960CB3D58->c9f1298e-d840-49d8-aac3-de81602aa1d5@group-E9810A644481, cid=1156, SUCCESS, logIndex=1612, commits[c9f1298e-d840-49d8-aac3-de81602aa1d5:c1612]
2019-08-30 23:40:00,819 [grpc-default-executor-0] INFO  client.GrpcClientProtocolClient (GrpcClientProtocolClient.java:onNext(255)) - client-7EF960CB3D58->c9f1298e-d840-49d8-aac3-de81602aa1d5: receive RaftClientReply:client-7EF960CB3D58->c9f1298e-d840-49d8-aac3-de81602aa1d5@group-E9810A644481, cid=1157, SUCCESS, logIndex=1614, commits[c9f1298e-d840-49d8-aac3-de81602aa1d5:c1617]
2019-08-30 23:40:00,819 [grpc-default-executor-0] INFO  client.GrpcClientProtocolClient (GrpcClientProtocolClient.java:onNext(255)) - client-7EF960CB3D58->c9f1298e-d840-49d8-aac3-de81602aa1d5: receive RaftClientReply:client-7EF960CB3D58->c9f1298e-d840-49d8-aac3-de81602aa1d5@group-E9810A644481, cid=1158, SUCCESS, logIndex=1615, commits[c9f1298e-d840-49d8-aac3-de81602aa1d5:c1617]
2019-08-30 23:40:00,820 [grpc-default-executor-0] INFO  client.GrpcClientProtocolClient (GrpcClientProtocolClient.java:onNext(255)) - client-7EF960CB3D58->c9f1298e-d840-49d8-aac3-de81602aa1d5: receive RaftClientReply:client-7EF960CB3D58->c9f1298e-d840-49d8-aac3-de81602aa1d5@group-E9810A644481, cid=1159, SUCCESS, logIndex=1616, commits[c9f1298e-d840-49d8-aac3-de81602aa1d5:c1617]
2019-08-30 23:40:00,820 [grpc-default-executor-0] INFO  client.GrpcClientProtocolClient (GrpcClientProtocolClient.java:onNext(255)) - client-7EF960CB3D58->c9f1298e-d840-49d8-aac3-de81602aa1d5: receive RaftClientReply:client-7EF960CB3D58->c9f1298e-d840-49d8-aac3-de81602aa1d5@group-E9810A644481, cid=1160, SUCCESS, logIndex=1617, commits[c9f1298e-d840-49d8-aac3-de81602aa1d5:c1617]
2019-08-30 23:40:00,824 [SCMBlockDeletingService#0] DEBUG block.SCMBlockDeletingService (SCMBlockDeletingService.java:call(138)) - Running DeletedBlockTransactionScanner
2019-08-30 23:40:00,825 [SCMBlockDeletingService#0] DEBUG block.SCMBlockDeletingService (SCMBlockDeletingService.java:call(155)) - Scanned deleted blocks log and got 0 delTX to process.
2019-08-30 23:40:00,859 [grpc-default-executor-0] INFO  client.GrpcClientProtocolClient (GrpcClientProtocolClient.java:onNext(255)) - client-7EF960CB3D58->c9f1298e-d840-49d8-aac3-de81602aa1d5: receive RaftClientReply:client-7EF960CB3D58->c9f1298e-d840-49d8-aac3-de81602aa1d5@group-E9810A644481, cid=1161, SUCCESS, logIndex=1619, commits[c9f1298e-d840-49d8-aac3-de81602aa1d5:c1620]
2019-08-30 23:40:00,860 [grpc-default-executor-0] INFO  client.GrpcClientProtocolClient (GrpcClientProtocolClient.java:onNext(255)) - client-7EF960CB3D58->c9f1298e-d840-49d8-aac3-de81602aa1d5: receive RaftClientReply:client-7EF960CB3D58->c9f1298e-d840-49d8-aac3-de81602aa1d5@group-E9810A644481, cid=1162, SUCCESS, logIndex=1620, commits[c9f1298e-d840-49d8-aac3-de81602aa1d5:c1620]
2019-08-30 23:40:00,873 [grpc-default-executor-0] INFO  client.GrpcClientProtocolClient (GrpcClientProtocolClient.java:onNext(255)) - client-7EF960CB3D58->c9f1298e-d840-49d8-aac3-de81602aa1d5: receive RaftClientReply:client-7EF960CB3D58->c9f1298e-d840-49d8-aac3-de81602aa1d5@group-E9810A644481, cid=1163, SUCCESS, logIndex=1621, commits[c9f1298e-d840-49d8-aac3-de81602aa1d5:c1622]
2019-08-30 23:40:00,873 [grpc-default-executor-0] INFO  client.GrpcClientProtocolClient (GrpcClientProtocolClient.java:onNext(255)) - client-7EF960CB3D58->c9f1298e-d840-49d8-aac3-de81602aa1d5: receive RaftClientReply:client-7EF960CB3D58->c9f1298e-d840-49d8-aac3-de81602aa1d5@group-E9810A644481, cid=1164, SUCCESS, logIndex=1622, commits[c9f1298e-d840-49d8-aac3-de81602aa1d5:c1622]
2019-08-30 23:40:00,893 [grpc-default-executor-0] INFO  client.GrpcClientProtocolClient (GrpcClientProtocolClient.java:onNext(255)) - client-7EF960CB3D58->c9f1298e-d840-49d8-aac3-de81602aa1d5: receive RaftClientReply:client-7EF960CB3D58->c9f1298e-d840-49d8-aac3-de81602aa1d5@group-E9810A644481, cid=1165, SUCCESS, logIndex=1625, commits[c9f1298e-d840-49d8-aac3-de81602aa1d5:c1628]
2019-08-30 23:40:00,893 [grpc-default-executor-0] INFO  client.GrpcClientProtocolClient (GrpcClientProtocolClient.java:onNext(255)) - client-7EF960CB3D58->c9f1298e-d840-49d8-aac3-de81602aa1d5: receive RaftClientReply:client-7EF960CB3D58->c9f1298e-d840-49d8-aac3-de81602aa1d5@group-E9810A644481, cid=1166, SUCCESS, logIndex=1626, commits[c9f1298e-d840-49d8-aac3-de81602aa1d5:c1628]
2019-08-30 23:40:00,894 [grpc-default-executor-0] INFO  client.GrpcClientProtocolClient (GrpcClientProtocolClient.java:onNext(255)) - client-7EF960CB3D58->c9f1298e-d840-49d8-aac3-de81602aa1d5: receive RaftClientReply:client-7EF960CB3D58->c9f1298e-d840-49d8-aac3-de81602aa1d5@group-E9810A644481, cid=1167, SUCCESS, logIndex=1627, commits[c9f1298e-d840-49d8-aac3-de81602aa1d5:c1628]
2019-08-30 23:40:00,894 [grpc-default-executor-0] INFO  client.GrpcClientProtocolClient (GrpcClientProtocolClient.java:onNext(255)) - client-7EF960CB3D58->c9f1298e-d840-49d8-aac3-de81602aa1d5: receive RaftClientReply:client-7EF960CB3D58->c9f1298e-d840-49d8-aac3-de81602aa1d5@group-E9810A644481, cid=1168, SUCCESS, logIndex=1628, commits[c9f1298e-d840-49d8-aac3-de81602aa1d5:c1628]
2019-08-30 23:40:00,914 [grpc-default-executor-1] INFO  client.GrpcClientProtocolClient (GrpcClientProtocolClient.java:onNext(255)) - client-7EF960CB3D58->c9f1298e-d840-49d8-aac3-de81602aa1d5: receive RaftClientReply:client-7EF960CB3D58->c9f1298e-d840-49d8-aac3-de81602aa1d5@group-E9810A644481, cid=1169, SUCCESS, logIndex=1630, commits[c9f1298e-d840-49d8-aac3-de81602aa1d5:c1631]
2019-08-30 23:40:00,915 [grpc-default-executor-1] INFO  client.GrpcClientProtocolClient (GrpcClientProtocolClient.java:onNext(255)) - client-7EF960CB3D58->c9f1298e-d840-49d8-aac3-de81602aa1d5: receive RaftClientReply:client-7EF960CB3D58->c9f1298e-d840-49d8-aac3-de81602aa1d5@group-E9810A644481, cid=1170, SUCCESS, logIndex=1631, commits[c9f1298e-d840-49d8-aac3-de81602aa1d5:c1631]
2019-08-30 23:40:00,915 [grpc-default-executor-1] INFO  client.GrpcClientProtocolClient (GrpcClientProtocolClient.java:onNext(255)) - client-7EF960CB3D58->c9f1298e-d840-49d8-aac3-de81602aa1d5: receive RaftClientReply:client-7EF960CB3D58->c9f1298e-d840-49d8-aac3-de81602aa1d5@group-E9810A644481, cid=1171, SUCCESS, logIndex=1632, commits[c9f1298e-d840-49d8-aac3-de81602aa1d5:c1633]
2019-08-30 23:40:00,915 [grpc-default-executor-1] INFO  client.GrpcClientProtocolClient (GrpcClientProtocolClient.java:onNext(255)) - client-7EF960CB3D58->c9f1298e-d840-49d8-aac3-de81602aa1d5: receive RaftClientReply:client-7EF960CB3D58->c9f1298e-d840-49d8-aac3-de81602aa1d5@group-E9810A644481, cid=1172, SUCCESS, logIndex=1633, commits[c9f1298e-d840-49d8-aac3-de81602aa1d5:c1633]
2019-08-30 23:40:00,925 [SCMBlockDeletingService#0] DEBUG block.SCMBlockDeletingService (SCMBlockDeletingService.java:call(138)) - Running DeletedBlockTransactionScanner
2019-08-30 23:40:00,925 [SCMBlockDeletingService#0] DEBUG block.SCMBlockDeletingService (SCMBlockDeletingService.java:call(155)) - Scanned deleted blocks log and got 0 delTX to process.
2019-08-30 23:40:00,938 [grpc-default-executor-1] INFO  client.GrpcClientProtocolClient (GrpcClientProtocolClient.java:onNext(255)) - client-7EF960CB3D58->c9f1298e-d840-49d8-aac3-de81602aa1d5: receive RaftClientReply:client-7EF960CB3D58->c9f1298e-d840-49d8-aac3-de81602aa1d5@group-E9810A644481, cid=1173, SUCCESS, logIndex=1636, commits[c9f1298e-d840-49d8-aac3-de81602aa1d5:c1637]
2019-08-30 23:40:00,938 [grpc-default-executor-1] INFO  client.GrpcClientProtocolClient (GrpcClientProtocolClient.java:onNext(255)) - client-7EF960CB3D58->c9f1298e-d840-49d8-aac3-de81602aa1d5: receive RaftClientReply:client-7EF960CB3D58->c9f1298e-d840-49d8-aac3-de81602aa1d5@group-E9810A644481, cid=1174, SUCCESS, logIndex=1637, commits[c9f1298e-d840-49d8-aac3-de81602aa1d5:c1637]
2019-08-30 23:40:00,982 [grpc-default-executor-1] INFO  client.GrpcClientProtocolClient (GrpcClientProtocolClient.java:onNext(255)) - client-7EF960CB3D58->c9f1298e-d840-49d8-aac3-de81602aa1d5: receive RaftClientReply:client-7EF960CB3D58->c9f1298e-d840-49d8-aac3-de81602aa1d5@group-E9810A644481, cid=1175, SUCCESS, logIndex=1638, commits[c9f1298e-d840-49d8-aac3-de81602aa1d5:c1639]
2019-08-30 23:40:00,983 [grpc-default-executor-1] INFO  client.GrpcClientProtocolClient (GrpcClientProtocolClient.java:onNext(255)) - client-7EF960CB3D58->c9f1298e-d840-49d8-aac3-de81602aa1d5: receive RaftClientReply:client-7EF960CB3D58->c9f1298e-d840-49d8-aac3-de81602aa1d5@group-E9810A644481, cid=1176, SUCCESS, logIndex=1639, commits[c9f1298e-d840-49d8-aac3-de81602aa1d5:c1639]
2019-08-30 23:40:01,010 [grpc-default-executor-0] INFO  client.GrpcClientProtocolClient (GrpcClientProtocolClient.java:onNext(255)) - client-7EF960CB3D58->c9f1298e-d840-49d8-aac3-de81602aa1d5: receive RaftClientReply:client-7EF960CB3D58->c9f1298e-d840-49d8-aac3-de81602aa1d5@group-E9810A644481, cid=1177, SUCCESS, logIndex=1642, commits[c9f1298e-d840-49d8-aac3-de81602aa1d5:c1643]
2019-08-30 23:40:01,011 [grpc-default-executor-0] INFO  client.GrpcClientProtocolClient (GrpcClientProtocolClient.java:onNext(255)) - client-7EF960CB3D58->c9f1298e-d840-49d8-aac3-de81602aa1d5: receive RaftClientReply:client-7EF960CB3D58->c9f1298e-d840-49d8-aac3-de81602aa1d5@group-E9810A644481, cid=1178, SUCCESS, logIndex=1643, commits[c9f1298e-d840-49d8-aac3-de81602aa1d5:c1645]
2019-08-30 23:40:01,011 [grpc-default-executor-0] INFO  client.GrpcClientProtocolClient (GrpcClientProtocolClient.java:onNext(255)) - client-7EF960CB3D58->c9f1298e-d840-49d8-aac3-de81602aa1d5: receive RaftClientReply:client-7EF960CB3D58->c9f1298e-d840-49d8-aac3-de81602aa1d5@group-E9810A644481, cid=1179, SUCCESS, logIndex=1644, commits[c9f1298e-d840-49d8-aac3-de81602aa1d5:c1645]
2019-08-30 23:40:01,011 [grpc-default-executor-0] INFO  client.GrpcClientProtocolClient (GrpcClientProtocolClient.java:onNext(255)) - client-7EF960CB3D58->c9f1298e-d840-49d8-aac3-de81602aa1d5: receive RaftClientReply:client-7EF960CB3D58->c9f1298e-d840-49d8-aac3-de81602aa1d5@group-E9810A644481, cid=1180, SUCCESS, logIndex=1645, commits[c9f1298e-d840-49d8-aac3-de81602aa1d5:c1645]
2019-08-30 23:40:01,025 [SCMBlockDeletingService#0] DEBUG block.SCMBlockDeletingService (SCMBlockDeletingService.java:call(138)) - Running DeletedBlockTransactionScanner
2019-08-30 23:40:01,026 [SCMBlockDeletingService#0] DEBUG block.SCMBlockDeletingService (SCMBlockDeletingService.java:call(155)) - Scanned deleted blocks log and got 0 delTX to process.
2019-08-30 23:40:01,027 [grpc-default-executor-0] INFO  client.GrpcClientProtocolClient (GrpcClientProtocolClient.java:onNext(255)) - client-7EF960CB3D58->c9f1298e-d840-49d8-aac3-de81602aa1d5: receive RaftClientReply:client-7EF960CB3D58->c9f1298e-d840-49d8-aac3-de81602aa1d5@group-E9810A644481, cid=1181, SUCCESS, logIndex=1648, commits[c9f1298e-d840-49d8-aac3-de81602aa1d5:c1649]
2019-08-30 23:40:01,028 [grpc-default-executor-0] INFO  client.GrpcClientProtocolClient (GrpcClientProtocolClient.java:onNext(255)) - client-7EF960CB3D58->c9f1298e-d840-49d8-aac3-de81602aa1d5: receive RaftClientReply:client-7EF960CB3D58->c9f1298e-d840-49d8-aac3-de81602aa1d5@group-E9810A644481, cid=1182, SUCCESS, logIndex=1649, commits[c9f1298e-d840-49d8-aac3-de81602aa1d5:c1649]
2019-08-30 23:40:01,028 [grpc-default-executor-0] INFO  client.GrpcClientProtocolClient (GrpcClientProtocolClient.java:onNext(255)) - client-7EF960CB3D58->c9f1298e-d840-49d8-aac3-de81602aa1d5: receive RaftClientReply:client-7EF960CB3D58->c9f1298e-d840-49d8-aac3-de81602aa1d5@group-E9810A644481, cid=1183, SUCCESS, logIndex=1650, commits[c9f1298e-d840-49d8-aac3-de81602aa1d5:c1651]
2019-08-30 23:40:01,029 [grpc-default-executor-0] INFO  client.GrpcClientProtocolClient (GrpcClientProtocolClient.java:onNext(255)) - client-7EF960CB3D58->c9f1298e-d840-49d8-aac3-de81602aa1d5: receive RaftClientReply:client-7EF960CB3D58->c9f1298e-d840-49d8-aac3-de81602aa1d5@group-E9810A644481, cid=1184, SUCCESS, logIndex=1651, commits[c9f1298e-d840-49d8-aac3-de81602aa1d5:c1651]
2019-08-30 23:40:01,059 [grpc-default-executor-1] INFO  client.GrpcClientProtocolClient (GrpcClientProtocolClient.java:onNext(255)) - client-7EF960CB3D58->c9f1298e-d840-49d8-aac3-de81602aa1d5: receive RaftClientReply:client-7EF960CB3D58->c9f1298e-d840-49d8-aac3-de81602aa1d5@group-E9810A644481, cid=1185, SUCCESS, logIndex=1654, commits[c9f1298e-d840-49d8-aac3-de81602aa1d5:c1657]
2019-08-30 23:40:01,061 [grpc-default-executor-1] INFO  client.GrpcClientProtocolClient (GrpcClientProtocolClient.java:onNext(255)) - client-7EF960CB3D58->c9f1298e-d840-49d8-aac3-de81602aa1d5: receive RaftClientReply:client-7EF960CB3D58->c9f1298e-d840-49d8-aac3-de81602aa1d5@group-E9810A644481, cid=1186, SUCCESS, logIndex=1655, commits[c9f1298e-d840-49d8-aac3-de81602aa1d5:c1657]
2019-08-30 23:40:01,061 [grpc-default-executor-1] INFO  client.GrpcClientProtocolClient (GrpcClientProtocolClient.java:onNext(255)) - client-7EF960CB3D58->c9f1298e-d840-49d8-aac3-de81602aa1d5: receive RaftClientReply:client-7EF960CB3D58->c9f1298e-d840-49d8-aac3-de81602aa1d5@group-E9810A644481, cid=1187, SUCCESS, logIndex=1656, commits[c9f1298e-d840-49d8-aac3-de81602aa1d5:c1657]
2019-08-30 23:40:01,062 [grpc-default-executor-1] INFO  client.GrpcClientProtocolClient (GrpcClientProtocolClient.java:onNext(255)) - client-7EF960CB3D58->c9f1298e-d840-49d8-aac3-de81602aa1d5: receive RaftClientReply:client-7EF960CB3D58->c9f1298e-d840-49d8-aac3-de81602aa1d5@group-E9810A644481, cid=1188, SUCCESS, logIndex=1657, commits[c9f1298e-d840-49d8-aac3-de81602aa1d5:c1657]
2019-08-30 23:40:01,084 [grpc-default-executor-0] INFO  client.GrpcClientProtocolClient (GrpcClientProtocolClient.java:onNext(255)) - client-7EF960CB3D58->c9f1298e-d840-49d8-aac3-de81602aa1d5: receive RaftClientReply:client-7EF960CB3D58->c9f1298e-d840-49d8-aac3-de81602aa1d5@group-E9810A644481, cid=1189, SUCCESS, logIndex=1659, commits[c9f1298e-d840-49d8-aac3-de81602aa1d5:c1662]
2019-08-30 23:40:01,084 [grpc-default-executor-0] INFO  client.GrpcClientProtocolClient (GrpcClientProtocolClient.java:onNext(255)) - client-7EF960CB3D58->c9f1298e-d840-49d8-aac3-de81602aa1d5: receive RaftClientReply:client-7EF960CB3D58->c9f1298e-d840-49d8-aac3-de81602aa1d5@group-E9810A644481, cid=1190, SUCCESS, logIndex=1660, commits[c9f1298e-d840-49d8-aac3-de81602aa1d5:c1662]
2019-08-30 23:40:01,084 [grpc-default-executor-0] INFO  client.GrpcClientProtocolClient (GrpcClientProtocolClient.java:onNext(255)) - client-7EF960CB3D58->c9f1298e-d840-49d8-aac3-de81602aa1d5: receive RaftClientReply:client-7EF960CB3D58->c9f1298e-d840-49d8-aac3-de81602aa1d5@group-E9810A644481, cid=1191, SUCCESS, logIndex=1661, commits[c9f1298e-d840-49d8-aac3-de81602aa1d5:c1662]
2019-08-30 23:40:01,085 [grpc-default-executor-0] INFO  client.GrpcClientProtocolClient (GrpcClientProtocolClient.java:onNext(255)) - client-7EF960CB3D58->c9f1298e-d840-49d8-aac3-de81602aa1d5: receive RaftClientReply:client-7EF960CB3D58->c9f1298e-d840-49d8-aac3-de81602aa1d5@group-E9810A644481, cid=1192, SUCCESS, logIndex=1662, commits[c9f1298e-d840-49d8-aac3-de81602aa1d5:c1662]
2019-08-30 23:40:01,126 [SCMBlockDeletingService#0] DEBUG block.SCMBlockDeletingService (SCMBlockDeletingService.java:call(138)) - Running DeletedBlockTransactionScanner
2019-08-30 23:40:01,126 [SCMBlockDeletingService#0] DEBUG block.SCMBlockDeletingService (SCMBlockDeletingService.java:call(155)) - Scanned deleted blocks log and got 0 delTX to process.
2019-08-30 23:40:01,207 [grpc-default-executor-0] INFO  client.GrpcClientProtocolClient (GrpcClientProtocolClient.java:onNext(255)) - client-7EF960CB3D58->c9f1298e-d840-49d8-aac3-de81602aa1d5: receive RaftClientReply:client-7EF960CB3D58->c9f1298e-d840-49d8-aac3-de81602aa1d5@group-E9810A644481, cid=1193, SUCCESS, logIndex=1664, commits[c9f1298e-d840-49d8-aac3-de81602aa1d5:c1667]
2019-08-30 23:40:01,208 [grpc-default-executor-0] INFO  client.GrpcClientProtocolClient (GrpcClientProtocolClient.java:onNext(255)) - client-7EF960CB3D58->c9f1298e-d840-49d8-aac3-de81602aa1d5: receive RaftClientReply:client-7EF960CB3D58->c9f1298e-d840-49d8-aac3-de81602aa1d5@group-E9810A644481, cid=1194, SUCCESS, logIndex=1665, commits[c9f1298e-d840-49d8-aac3-de81602aa1d5:c1667]
2019-08-30 23:40:01,208 [grpc-default-executor-0] INFO  client.GrpcClientProtocolClient (GrpcClientProtocolClient.java:onNext(255)) - client-7EF960CB3D58->c9f1298e-d840-49d8-aac3-de81602aa1d5: receive RaftClientReply:client-7EF960CB3D58->c9f1298e-d840-49d8-aac3-de81602aa1d5@group-E9810A644481, cid=1195, SUCCESS, logIndex=1666, commits[c9f1298e-d840-49d8-aac3-de81602aa1d5:c1667]
2019-08-30 23:40:01,209 [grpc-default-executor-0] INFO  client.GrpcClientProtocolClient (GrpcClientProtocolClient.java:onNext(255)) - client-7EF960CB3D58->c9f1298e-d840-49d8-aac3-de81602aa1d5: receive RaftClientReply:client-7EF960CB3D58->c9f1298e-d840-49d8-aac3-de81602aa1d5@group-E9810A644481, cid=1196, SUCCESS, logIndex=1667, commits[c9f1298e-d840-49d8-aac3-de81602aa1d5:c1667]
2019-08-30 23:40:01,290 [SCMBlockDeletingService#0] DEBUG block.SCMBlockDeletingService (SCMBlockDeletingService.java:call(138)) - Running DeletedBlockTransactionScanner
2019-08-30 23:40:01,290 [SCMBlockDeletingService#0] DEBUG block.SCMBlockDeletingService (SCMBlockDeletingService.java:call(155)) - Scanned deleted blocks log and got 0 delTX to process.
2019-08-30 23:40:01,315 [grpc-default-executor-1] INFO  client.GrpcClientProtocolClient (GrpcClientProtocolClient.java:onNext(255)) - client-7EF960CB3D58->c9f1298e-d840-49d8-aac3-de81602aa1d5: receive RaftClientReply:client-7EF960CB3D58->c9f1298e-d840-49d8-aac3-de81602aa1d5@group-E9810A644481, cid=1197, SUCCESS, logIndex=1669, commits[c9f1298e-d840-49d8-aac3-de81602aa1d5:c1672]
2019-08-30 23:40:01,315 [grpc-default-executor-1] INFO  client.GrpcClientProtocolClient (GrpcClientProtocolClient.java:onNext(255)) - client-7EF960CB3D58->c9f1298e-d840-49d8-aac3-de81602aa1d5: receive RaftClientReply:client-7EF960CB3D58->c9f1298e-d840-49d8-aac3-de81602aa1d5@group-E9810A644481, cid=1198, SUCCESS, logIndex=1670, commits[c9f1298e-d840-49d8-aac3-de81602aa1d5:c1672]
2019-08-30 23:40:01,316 [grpc-default-executor-1] INFO  client.GrpcClientProtocolClient (GrpcClientProtocolClient.java:onNext(255)) - client-7EF960CB3D58->c9f1298e-d840-49d8-aac3-de81602aa1d5: receive RaftClientReply:client-7EF960CB3D58->c9f1298e-d840-49d8-aac3-de81602aa1d5@group-E9810A644481, cid=1199, SUCCESS, logIndex=1671, commits[c9f1298e-d840-49d8-aac3-de81602aa1d5:c1672]
2019-08-30 23:40:01,316 [grpc-default-executor-1] INFO  client.GrpcClientProtocolClient (GrpcClientProtocolClient.java:onNext(255)) - client-7EF960CB3D58->c9f1298e-d840-49d8-aac3-de81602aa1d5: receive RaftClientReply:client-7EF960CB3D58->c9f1298e-d840-49d8-aac3-de81602aa1d5@group-E9810A644481, cid=1200, SUCCESS, logIndex=1672, commits[c9f1298e-d840-49d8-aac3-de81602aa1d5:c1672]
2019-08-30 23:40:01,353 [grpc-default-executor-1] INFO  client.GrpcClientProtocolClient (GrpcClientProtocolClient.java:onNext(255)) - client-7EF960CB3D58->c9f1298e-d840-49d8-aac3-de81602aa1d5: receive RaftClientReply:client-7EF960CB3D58->c9f1298e-d840-49d8-aac3-de81602aa1d5@group-E9810A644481, cid=1201, SUCCESS, logIndex=1674, commits[c9f1298e-d840-49d8-aac3-de81602aa1d5:c1675]
2019-08-30 23:40:01,354 [grpc-default-executor-1] INFO  client.GrpcClientProtocolClient (GrpcClientProtocolClient.java:onNext(255)) - client-7EF960CB3D58->c9f1298e-d840-49d8-aac3-de81602aa1d5: receive RaftClientReply:client-7EF960CB3D58->c9f1298e-d840-49d8-aac3-de81602aa1d5@group-E9810A644481, cid=1202, SUCCESS, logIndex=1675, commits[c9f1298e-d840-49d8-aac3-de81602aa1d5:c1675]
2019-08-30 23:40:01,366 [grpc-default-executor-1] INFO  client.GrpcClientProtocolClient (GrpcClientProtocolClient.java:onNext(255)) - client-7EF960CB3D58->c9f1298e-d840-49d8-aac3-de81602aa1d5: receive RaftClientReply:client-7EF960CB3D58->c9f1298e-d840-49d8-aac3-de81602aa1d5@group-E9810A644481, cid=1203, SUCCESS, logIndex=1676, commits[c9f1298e-d840-49d8-aac3-de81602aa1d5:c1677]
2019-08-30 23:40:01,367 [grpc-default-executor-1] INFO  client.GrpcClientProtocolClient (GrpcClientProtocolClient.java:onNext(255)) - client-7EF960CB3D58->c9f1298e-d840-49d8-aac3-de81602aa1d5: receive RaftClientReply:client-7EF960CB3D58->c9f1298e-d840-49d8-aac3-de81602aa1d5@group-E9810A644481, cid=1204, SUCCESS, logIndex=1677, commits[c9f1298e-d840-49d8-aac3-de81602aa1d5:c1677]
2019-08-30 23:40:01,390 [SCMBlockDeletingService#0] DEBUG block.SCMBlockDeletingService (SCMBlockDeletingService.java:call(138)) - Running DeletedBlockTransactionScanner
2019-08-30 23:40:01,391 [SCMBlockDeletingService#0] DEBUG block.SCMBlockDeletingService (SCMBlockDeletingService.java:call(155)) - Scanned deleted blocks log and got 0 delTX to process.
2019-08-30 23:40:01,392 [grpc-default-executor-1] INFO  client.GrpcClientProtocolClient (GrpcClientProtocolClient.java:onNext(255)) - client-7EF960CB3D58->c9f1298e-d840-49d8-aac3-de81602aa1d5: receive RaftClientReply:client-7EF960CB3D58->c9f1298e-d840-49d8-aac3-de81602aa1d5@group-E9810A644481, cid=1205, SUCCESS, logIndex=1680, commits[c9f1298e-d840-49d8-aac3-de81602aa1d5:c1683]
2019-08-30 23:40:01,392 [grpc-default-executor-1] INFO  client.GrpcClientProtocolClient (GrpcClientProtocolClient.java:onNext(255)) - client-7EF960CB3D58->c9f1298e-d840-49d8-aac3-de81602aa1d5: receive RaftClientReply:client-7EF960CB3D58->c9f1298e-d840-49d8-aac3-de81602aa1d5@group-E9810A644481, cid=1206, SUCCESS, logIndex=1681, commits[c9f1298e-d840-49d8-aac3-de81602aa1d5:c1683]
2019-08-30 23:40:01,393 [grpc-default-executor-1] INFO  client.GrpcClientProtocolClient (GrpcClientProtocolClient.java:onNext(255)) - client-7EF960CB3D58->c9f1298e-d840-49d8-aac3-de81602aa1d5: receive RaftClientReply:client-7EF960CB3D58->c9f1298e-d840-49d8-aac3-de81602aa1d5@group-E9810A644481, cid=1207, SUCCESS, logIndex=1682, commits[c9f1298e-d840-49d8-aac3-de81602aa1d5:c1683]
2019-08-30 23:40:01,393 [grpc-default-executor-1] INFO  client.GrpcClientProtocolClient (GrpcClientProtocolClient.java:onNext(255)) - client-7EF960CB3D58->c9f1298e-d840-49d8-aac3-de81602aa1d5: receive RaftClientReply:client-7EF960CB3D58->c9f1298e-d840-49d8-aac3-de81602aa1d5@group-E9810A644481, cid=1208, SUCCESS, logIndex=1683, commits[c9f1298e-d840-49d8-aac3-de81602aa1d5:c1683]
2019-08-30 23:40:01,426 [grpc-default-executor-1] INFO  client.GrpcClientProtocolClient (GrpcClientProtocolClient.java:onNext(255)) - client-7EF960CB3D58->c9f1298e-d840-49d8-aac3-de81602aa1d5: receive RaftClientReply:client-7EF960CB3D58->c9f1298e-d840-49d8-aac3-de81602aa1d5@group-E9810A644481, cid=1209, SUCCESS, logIndex=1685, commits[c9f1298e-d840-49d8-aac3-de81602aa1d5:c1686]
2019-08-30 23:40:01,427 [grpc-default-executor-1] INFO  client.GrpcClientProtocolClient (GrpcClientProtocolClient.java:onNext(255)) - client-7EF960CB3D58->c9f1298e-d840-49d8-aac3-de81602aa1d5: receive RaftClientReply:client-7EF960CB3D58->c9f1298e-d840-49d8-aac3-de81602aa1d5@group-E9810A644481, cid=1210, SUCCESS, logIndex=1686, commits[c9f1298e-d840-49d8-aac3-de81602aa1d5:c1686]
2019-08-30 23:40:01,433 [grpc-default-executor-1] INFO  client.GrpcClientProtocolClient (GrpcClientProtocolClient.java:onNext(255)) - client-7EF960CB3D58->c9f1298e-d840-49d8-aac3-de81602aa1d5: receive RaftClientReply:client-7EF960CB3D58->c9f1298e-d840-49d8-aac3-de81602aa1d5@group-E9810A644481, cid=1211, SUCCESS, logIndex=1687, commits[c9f1298e-d840-49d8-aac3-de81602aa1d5:c1688]
2019-08-30 23:40:01,433 [grpc-default-executor-1] INFO  client.GrpcClientProtocolClient (GrpcClientProtocolClient.java:onNext(255)) - client-7EF960CB3D58->c9f1298e-d840-49d8-aac3-de81602aa1d5: receive RaftClientReply:client-7EF960CB3D58->c9f1298e-d840-49d8-aac3-de81602aa1d5@group-E9810A644481, cid=1212, SUCCESS, logIndex=1688, commits[c9f1298e-d840-49d8-aac3-de81602aa1d5:c1688]
2019-08-30 23:40:01,451 [grpc-default-executor-0] INFO  client.GrpcClientProtocolClient (GrpcClientProtocolClient.java:onNext(255)) - client-7EF960CB3D58->c9f1298e-d840-49d8-aac3-de81602aa1d5: receive RaftClientReply:client-7EF960CB3D58->c9f1298e-d840-49d8-aac3-de81602aa1d5@group-E9810A644481, cid=1213, SUCCESS, logIndex=1691, commits[c9f1298e-d840-49d8-aac3-de81602aa1d5:c1692]
2019-08-30 23:40:01,452 [grpc-default-executor-0] INFO  client.GrpcClientProtocolClient (GrpcClientProtocolClient.java:onNext(255)) - client-7EF960CB3D58->c9f1298e-d840-49d8-aac3-de81602aa1d5: receive RaftClientReply:client-7EF960CB3D58->c9f1298e-d840-49d8-aac3-de81602aa1d5@group-E9810A644481, cid=1214, SUCCESS, logIndex=1692, commits[c9f1298e-d840-49d8-aac3-de81602aa1d5:c1692]
2019-08-30 23:40:01,456 [grpc-default-executor-0] INFO  client.GrpcClientProtocolClient (GrpcClientProtocolClient.java:onNext(255)) - client-7EF960CB3D58->c9f1298e-d840-49d8-aac3-de81602aa1d5: receive RaftClientReply:client-7EF960CB3D58->c9f1298e-d840-49d8-aac3-de81602aa1d5@group-E9810A644481, cid=1215, SUCCESS, logIndex=1693, commits[c9f1298e-d840-49d8-aac3-de81602aa1d5:c1694]
2019-08-30 23:40:01,456 [grpc-default-executor-0] INFO  client.GrpcClientProtocolClient (GrpcClientProtocolClient.java:onNext(255)) - client-7EF960CB3D58->c9f1298e-d840-49d8-aac3-de81602aa1d5: receive RaftClientReply:client-7EF960CB3D58->c9f1298e-d840-49d8-aac3-de81602aa1d5@group-E9810A644481, cid=1216, SUCCESS, logIndex=1694, commits[c9f1298e-d840-49d8-aac3-de81602aa1d5:c1694]
2019-08-30 23:40:01,491 [grpc-default-executor-0] INFO  client.GrpcClientProtocolClient (GrpcClientProtocolClient.java:onNext(255)) - client-7EF960CB3D58->c9f1298e-d840-49d8-aac3-de81602aa1d5: receive RaftClientReply:client-7EF960CB3D58->c9f1298e-d840-49d8-aac3-de81602aa1d5@group-E9810A644481, cid=1217, SUCCESS, logIndex=1697, commits[c9f1298e-d840-49d8-aac3-de81602aa1d5:c1700]
2019-08-30 23:40:01,491 [SCMBlockDeletingService#0] DEBUG block.SCMBlockDeletingService (SCMBlockDeletingService.java:call(138)) - Running DeletedBlockTransactionScanner
2019-08-30 23:40:01,491 [SCMBlockDeletingService#0] DEBUG block.SCMBlockDeletingService (SCMBlockDeletingService.java:call(155)) - Scanned deleted blocks log and got 0 delTX to process.
2019-08-30 23:40:01,491 [grpc-default-executor-0] INFO  client.GrpcClientProtocolClient (GrpcClientProtocolClient.java:onNext(255)) - client-7EF960CB3D58->c9f1298e-d840-49d8-aac3-de81602aa1d5: receive RaftClientReply:client-7EF960CB3D58->c9f1298e-d840-49d8-aac3-de81602aa1d5@group-E9810A644481, cid=1218, SUCCESS, logIndex=1698, commits[c9f1298e-d840-49d8-aac3-de81602aa1d5:c1700]
2019-08-30 23:40:01,492 [grpc-default-executor-0] INFO  client.GrpcClientProtocolClient (GrpcClientProtocolClient.java:onNext(255)) - client-7EF960CB3D58->c9f1298e-d840-49d8-aac3-de81602aa1d5: receive RaftClientReply:client-7EF960CB3D58->c9f1298e-d840-49d8-aac3-de81602aa1d5@group-E9810A644481, cid=1219, SUCCESS, logIndex=1699, commits[c9f1298e-d840-49d8-aac3-de81602aa1d5:c1700]
2019-08-30 23:40:01,492 [grpc-default-executor-0] INFO  client.GrpcClientProtocolClient (GrpcClientProtocolClient.java:onNext(255)) - client-7EF960CB3D58->c9f1298e-d840-49d8-aac3-de81602aa1d5: receive RaftClientReply:client-7EF960CB3D58->c9f1298e-d840-49d8-aac3-de81602aa1d5@group-E9810A644481, cid=1220, SUCCESS, logIndex=1700, commits[c9f1298e-d840-49d8-aac3-de81602aa1d5:c1700]
2019-08-30 23:40:01,524 [grpc-default-executor-0] INFO  client.GrpcClientProtocolClient (GrpcClientProtocolClient.java:onNext(255)) - client-7EF960CB3D58->c9f1298e-d840-49d8-aac3-de81602aa1d5: receive RaftClientReply:client-7EF960CB3D58->c9f1298e-d840-49d8-aac3-de81602aa1d5@group-E9810A644481, cid=1221, SUCCESS, logIndex=1702, commits[c9f1298e-d840-49d8-aac3-de81602aa1d5:c1705]
2019-08-30 23:40:01,525 [grpc-default-executor-0] INFO  client.GrpcClientProtocolClient (GrpcClientProtocolClient.java:onNext(255)) - client-7EF960CB3D58->c9f1298e-d840-49d8-aac3-de81602aa1d5: receive RaftClientReply:client-7EF960CB3D58->c9f1298e-d840-49d8-aac3-de81602aa1d5@group-E9810A644481, cid=1222, SUCCESS, logIndex=1703, commits[c9f1298e-d840-49d8-aac3-de81602aa1d5:c1705]
2019-08-30 23:40:01,525 [grpc-default-executor-0] INFO  client.GrpcClientProtocolClient (GrpcClientProtocolClient.java:onNext(255)) - client-7EF960CB3D58->c9f1298e-d840-49d8-aac3-de81602aa1d5: receive RaftClientReply:client-7EF960CB3D58->c9f1298e-d840-49d8-aac3-de81602aa1d5@group-E9810A644481, cid=1223, SUCCESS, logIndex=1704, commits[c9f1298e-d840-49d8-aac3-de81602aa1d5:c1705]
2019-08-30 23:40:01,526 [grpc-default-executor-0] INFO  client.GrpcClientProtocolClient (GrpcClientProtocolClient.java:onNext(255)) - client-7EF960CB3D58->c9f1298e-d840-49d8-aac3-de81602aa1d5: receive RaftClientReply:client-7EF960CB3D58->c9f1298e-d840-49d8-aac3-de81602aa1d5@group-E9810A644481, cid=1224, SUCCESS, logIndex=1705, commits[c9f1298e-d840-49d8-aac3-de81602aa1d5:c1705]
2019-08-30 23:40:01,550 [grpc-default-executor-1] INFO  client.GrpcClientProtocolClient (GrpcClientProtocolClient.java:onNext(255)) - client-7EF960CB3D58->c9f1298e-d840-49d8-aac3-de81602aa1d5: receive RaftClientReply:client-7EF960CB3D58->c9f1298e-d840-49d8-aac3-de81602aa1d5@group-E9810A644481, cid=1225, SUCCESS, logIndex=1707, commits[c9f1298e-d840-49d8-aac3-de81602aa1d5:c1708]
2019-08-30 23:40:01,551 [grpc-default-executor-1] INFO  client.GrpcClientProtocolClient (GrpcClientProtocolClient.java:onNext(255)) - client-7EF960CB3D58->c9f1298e-d840-49d8-aac3-de81602aa1d5: receive RaftClientReply:client-7EF960CB3D58->c9f1298e-d840-49d8-aac3-de81602aa1d5@group-E9810A644481, cid=1226, SUCCESS, logIndex=1708, commits[c9f1298e-d840-49d8-aac3-de81602aa1d5:c1708]
2019-08-30 23:40:01,561 [grpc-default-executor-1] INFO  client.GrpcClientProtocolClient (GrpcClientProtocolClient.java:onNext(255)) - client-7EF960CB3D58->c9f1298e-d840-49d8-aac3-de81602aa1d5: receive RaftClientReply:client-7EF960CB3D58->c9f1298e-d840-49d8-aac3-de81602aa1d5@group-E9810A644481, cid=1227, SUCCESS, logIndex=1709, commits[c9f1298e-d840-49d8-aac3-de81602aa1d5:c1710]
2019-08-30 23:40:01,561 [grpc-default-executor-1] INFO  client.GrpcClientProtocolClient (GrpcClientProtocolClient.java:onNext(255)) - client-7EF960CB3D58->c9f1298e-d840-49d8-aac3-de81602aa1d5: receive RaftClientReply:client-7EF960CB3D58->c9f1298e-d840-49d8-aac3-de81602aa1d5@group-E9810A644481, cid=1228, SUCCESS, logIndex=1710, commits[c9f1298e-d840-49d8-aac3-de81602aa1d5:c1710]
2019-08-30 23:40:01,590 [grpc-default-executor-1] INFO  client.GrpcClientProtocolClient (GrpcClientProtocolClient.java:onNext(255)) - client-7EF960CB3D58->c9f1298e-d840-49d8-aac3-de81602aa1d5: receive RaftClientReply:client-7EF960CB3D58->c9f1298e-d840-49d8-aac3-de81602aa1d5@group-E9810A644481, cid=1229, SUCCESS, logIndex=1713, commits[c9f1298e-d840-49d8-aac3-de81602aa1d5:c1716]
2019-08-30 23:40:01,591 [grpc-default-executor-1] INFO  client.GrpcClientProtocolClient (GrpcClientProtocolClient.java:onNext(255)) - client-7EF960CB3D58->c9f1298e-d840-49d8-aac3-de81602aa1d5: receive RaftClientReply:client-7EF960CB3D58->c9f1298e-d840-49d8-aac3-de81602aa1d5@group-E9810A644481, cid=1230, SUCCESS, logIndex=1714, commits[c9f1298e-d840-49d8-aac3-de81602aa1d5:c1716]
2019-08-30 23:40:01,591 [grpc-default-executor-1] INFO  client.GrpcClientProtocolClient (GrpcClientProtocolClient.java:onNext(255)) - client-7EF960CB3D58->c9f1298e-d840-49d8-aac3-de81602aa1d5: receive RaftClientReply:client-7EF960CB3D58->c9f1298e-d840-49d8-aac3-de81602aa1d5@group-E9810A644481, cid=1231, SUCCESS, logIndex=1715, commits[c9f1298e-d840-49d8-aac3-de81602aa1d5:c1716]
2019-08-30 23:40:01,591 [grpc-default-executor-1] INFO  client.GrpcClientProtocolClient (GrpcClientProtocolClient.java:onNext(255)) - client-7EF960CB3D58->c9f1298e-d840-49d8-aac3-de81602aa1d5: receive RaftClientReply:client-7EF960CB3D58->c9f1298e-d840-49d8-aac3-de81602aa1d5@group-E9810A644481, cid=1232, SUCCESS, logIndex=1716, commits[c9f1298e-d840-49d8-aac3-de81602aa1d5:c1716]
2019-08-30 23:40:01,592 [SCMBlockDeletingService#0] DEBUG block.SCMBlockDeletingService (SCMBlockDeletingService.java:call(138)) - Running DeletedBlockTransactionScanner
2019-08-30 23:40:01,592 [SCMBlockDeletingService#0] DEBUG block.SCMBlockDeletingService (SCMBlockDeletingService.java:call(155)) - Scanned deleted blocks log and got 0 delTX to process.
2019-08-30 23:40:01,614 [grpc-default-executor-0] INFO  client.GrpcClientProtocolClient (GrpcClientProtocolClient.java:onNext(255)) - client-7EF960CB3D58->c9f1298e-d840-49d8-aac3-de81602aa1d5: receive RaftClientReply:client-7EF960CB3D58->c9f1298e-d840-49d8-aac3-de81602aa1d5@group-E9810A644481, cid=1233, SUCCESS, logIndex=1718, commits[c9f1298e-d840-49d8-aac3-de81602aa1d5:c1721]
2019-08-30 23:40:01,614 [grpc-default-executor-0] INFO  client.GrpcClientProtocolClient (GrpcClientProtocolClient.java:onNext(255)) - client-7EF960CB3D58->c9f1298e-d840-49d8-aac3-de81602aa1d5: receive RaftClientReply:client-7EF960CB3D58->c9f1298e-d840-49d8-aac3-de81602aa1d5@group-E9810A644481, cid=1234, SUCCESS, logIndex=1719, commits[c9f1298e-d840-49d8-aac3-de81602aa1d5:c1721]
2019-08-30 23:40:01,614 [grpc-default-executor-0] INFO  client.GrpcClientProtocolClient (GrpcClientProtocolClient.java:onNext(255)) - client-7EF960CB3D58->c9f1298e-d840-49d8-aac3-de81602aa1d5: receive RaftClientReply:client-7EF960CB3D58->c9f1298e-d840-49d8-aac3-de81602aa1d5@group-E9810A644481, cid=1235, SUCCESS, logIndex=1720, commits[c9f1298e-d840-49d8-aac3-de81602aa1d5:c1721]
2019-08-30 23:40:01,615 [grpc-default-executor-0] INFO  client.GrpcClientProtocolClient (GrpcClientProtocolClient.java:onNext(255)) - client-7EF960CB3D58->c9f1298e-d840-49d8-aac3-de81602aa1d5: receive RaftClientReply:client-7EF960CB3D58->c9f1298e-d840-49d8-aac3-de81602aa1d5@group-E9810A644481, cid=1236, SUCCESS, logIndex=1721, commits[c9f1298e-d840-49d8-aac3-de81602aa1d5:c1721]
2019-08-30 23:40:01,692 [SCMBlockDeletingService#0] DEBUG block.SCMBlockDeletingService (SCMBlockDeletingService.java:call(138)) - Running DeletedBlockTransactionScanner
2019-08-30 23:40:01,692 [SCMBlockDeletingService#0] DEBUG block.SCMBlockDeletingService (SCMBlockDeletingService.java:call(155)) - Scanned deleted blocks log and got 0 delTX to process.
2019-08-30 23:40:01,724 [grpc-default-executor-0] INFO  client.GrpcClientProtocolClient (GrpcClientProtocolClient.java:onNext(255)) - client-7EF960CB3D58->c9f1298e-d840-49d8-aac3-de81602aa1d5: receive RaftClientReply:client-7EF960CB3D58->c9f1298e-d840-49d8-aac3-de81602aa1d5@group-E9810A644481, cid=1237, SUCCESS, logIndex=1723, commits[c9f1298e-d840-49d8-aac3-de81602aa1d5:c1724]
2019-08-30 23:40:01,724 [grpc-default-executor-0] INFO  client.GrpcClientProtocolClient (GrpcClientProtocolClient.java:onNext(255)) - client-7EF960CB3D58->c9f1298e-d840-49d8-aac3-de81602aa1d5: receive RaftClientReply:client-7EF960CB3D58->c9f1298e-d840-49d8-aac3-de81602aa1d5@group-E9810A644481, cid=1238, SUCCESS, logIndex=1724, commits[c9f1298e-d840-49d8-aac3-de81602aa1d5:c1724]
2019-08-30 23:40:01,731 [grpc-default-executor-0] INFO  client.GrpcClientProtocolClient (GrpcClientProtocolClient.java:onNext(255)) - client-7EF960CB3D58->c9f1298e-d840-49d8-aac3-de81602aa1d5: receive RaftClientReply:client-7EF960CB3D58->c9f1298e-d840-49d8-aac3-de81602aa1d5@group-E9810A644481, cid=1239, SUCCESS, logIndex=1725, commits[c9f1298e-d840-49d8-aac3-de81602aa1d5:c1726]
2019-08-30 23:40:01,732 [grpc-default-executor-0] INFO  client.GrpcClientProtocolClient (GrpcClientProtocolClient.java:onNext(255)) - client-7EF960CB3D58->c9f1298e-d840-49d8-aac3-de81602aa1d5: receive RaftClientReply:client-7EF960CB3D58->c9f1298e-d840-49d8-aac3-de81602aa1d5@group-E9810A644481, cid=1240, SUCCESS, logIndex=1726, commits[c9f1298e-d840-49d8-aac3-de81602aa1d5:c1726]
2019-08-30 23:40:01,756 [grpc-default-executor-1] INFO  client.GrpcClientProtocolClient (GrpcClientProtocolClient.java:onNext(255)) - client-7EF960CB3D58->c9f1298e-d840-49d8-aac3-de81602aa1d5: receive RaftClientReply:client-7EF960CB3D58->c9f1298e-d840-49d8-aac3-de81602aa1d5@group-E9810A644481, cid=1241, SUCCESS, logIndex=1729, commits[c9f1298e-d840-49d8-aac3-de81602aa1d5:c1732]
2019-08-30 23:40:01,757 [grpc-default-executor-1] INFO  client.GrpcClientProtocolClient (GrpcClientProtocolClient.java:onNext(255)) - client-7EF960CB3D58->c9f1298e-d840-49d8-aac3-de81602aa1d5: receive RaftClientReply:client-7EF960CB3D58->c9f1298e-d840-49d8-aac3-de81602aa1d5@group-E9810A644481, cid=1242, SUCCESS, logIndex=1730, commits[c9f1298e-d840-49d8-aac3-de81602aa1d5:c1732]
2019-08-30 23:40:01,757 [grpc-default-executor-1] INFO  client.GrpcClientProtocolClient (GrpcClientProtocolClient.java:onNext(255)) - client-7EF960CB3D58->c9f1298e-d840-49d8-aac3-de81602aa1d5: receive RaftClientReply:client-7EF960CB3D58->c9f1298e-d840-49d8-aac3-de81602aa1d5@group-E9810A644481, cid=1243, SUCCESS, logIndex=1731, commits[c9f1298e-d840-49d8-aac3-de81602aa1d5:c1732]
2019-08-30 23:40:01,758 [grpc-default-executor-1] INFO  client.GrpcClientProtocolClient (GrpcClientProtocolClient.java:onNext(255)) - client-7EF960CB3D58->c9f1298e-d840-49d8-aac3-de81602aa1d5: receive RaftClientReply:client-7EF960CB3D58->c9f1298e-d840-49d8-aac3-de81602aa1d5@group-E9810A644481, cid=1244, SUCCESS, logIndex=1732, commits[c9f1298e-d840-49d8-aac3-de81602aa1d5:c1732]
2019-08-30 23:40:01,778 [grpc-default-executor-1] INFO  client.GrpcClientProtocolClient (GrpcClientProtocolClient.java:onNext(255)) - client-7EF960CB3D58->c9f1298e-d840-49d8-aac3-de81602aa1d5: receive RaftClientReply:client-7EF960CB3D58->c9f1298e-d840-49d8-aac3-de81602aa1d5@group-E9810A644481, cid=1245, SUCCESS, logIndex=1734, commits[c9f1298e-d840-49d8-aac3-de81602aa1d5:c1737]
2019-08-30 23:40:01,778 [grpc-default-executor-1] INFO  client.GrpcClientProtocolClient (GrpcClientProtocolClient.java:onNext(255)) - client-7EF960CB3D58->c9f1298e-d840-49d8-aac3-de81602aa1d5: receive RaftClientReply:client-7EF960CB3D58->c9f1298e-d840-49d8-aac3-de81602aa1d5@group-E9810A644481, cid=1246, SUCCESS, logIndex=1735, commits[c9f1298e-d840-49d8-aac3-de81602aa1d5:c1737]
2019-08-30 23:40:01,779 [grpc-default-executor-1] INFO  client.GrpcClientProtocolClient (GrpcClientProtocolClient.java:onNext(255)) - client-7EF960CB3D58->c9f1298e-d840-49d8-aac3-de81602aa1d5: receive RaftClientReply:client-7EF960CB3D58->c9f1298e-d840-49d8-aac3-de81602aa1d5@group-E9810A644481, cid=1247, SUCCESS, logIndex=1736, commits[c9f1298e-d840-49d8-aac3-de81602aa1d5:c1737]
2019-08-30 23:40:01,779 [grpc-default-executor-1] INFO  client.GrpcClientProtocolClient (GrpcClientProtocolClient.java:onNext(255)) - client-7EF960CB3D58->c9f1298e-d840-49d8-aac3-de81602aa1d5: receive RaftClientReply:client-7EF960CB3D58->c9f1298e-d840-49d8-aac3-de81602aa1d5@group-E9810A644481, cid=1248, SUCCESS, logIndex=1737, commits[c9f1298e-d840-49d8-aac3-de81602aa1d5:c1737]
2019-08-30 23:40:01,793 [SCMBlockDeletingService#0] DEBUG block.SCMBlockDeletingService (SCMBlockDeletingService.java:call(138)) - Running DeletedBlockTransactionScanner
2019-08-30 23:40:01,793 [SCMBlockDeletingService#0] DEBUG block.SCMBlockDeletingService (SCMBlockDeletingService.java:call(155)) - Scanned deleted blocks log and got 0 delTX to process.
2019-08-30 23:40:01,809 [grpc-default-executor-0] INFO  client.GrpcClientProtocolClient (GrpcClientProtocolClient.java:onNext(255)) - client-7EF960CB3D58->c9f1298e-d840-49d8-aac3-de81602aa1d5: receive RaftClientReply:client-7EF960CB3D58->c9f1298e-d840-49d8-aac3-de81602aa1d5@group-E9810A644481, cid=1249, SUCCESS, logIndex=1739, commits[c9f1298e-d840-49d8-aac3-de81602aa1d5:c1740]
2019-08-30 23:40:01,810 [grpc-default-executor-0] INFO  client.GrpcClientProtocolClient (GrpcClientProtocolClient.java:onNext(255)) - client-7EF960CB3D58->c9f1298e-d840-49d8-aac3-de81602aa1d5: receive RaftClientReply:client-7EF960CB3D58->c9f1298e-d840-49d8-aac3-de81602aa1d5@group-E9810A644481, cid=1250, SUCCESS, logIndex=1740, commits[c9f1298e-d840-49d8-aac3-de81602aa1d5:c1740]
2019-08-30 23:40:01,815 [grpc-default-executor-0] INFO  client.GrpcClientProtocolClient (GrpcClientProtocolClient.java:onNext(255)) - client-7EF960CB3D58->c9f1298e-d840-49d8-aac3-de81602aa1d5: receive RaftClientReply:client-7EF960CB3D58->c9f1298e-d840-49d8-aac3-de81602aa1d5@group-E9810A644481, cid=1251, SUCCESS, logIndex=1741, commits[c9f1298e-d840-49d8-aac3-de81602aa1d5:c1742]
2019-08-30 23:40:01,816 [grpc-default-executor-0] INFO  client.GrpcClientProtocolClient (GrpcClientProtocolClient.java:onNext(255)) - client-7EF960CB3D58->c9f1298e-d840-49d8-aac3-de81602aa1d5: receive RaftClientReply:client-7EF960CB3D58->c9f1298e-d840-49d8-aac3-de81602aa1d5@group-E9810A644481, cid=1252, SUCCESS, logIndex=1742, commits[c9f1298e-d840-49d8-aac3-de81602aa1d5:c1742]
2019-08-30 23:40:01,841 [grpc-default-executor-1] INFO  client.GrpcClientProtocolClient (GrpcClientProtocolClient.java:onNext(255)) - client-7EF960CB3D58->c9f1298e-d840-49d8-aac3-de81602aa1d5: receive RaftClientReply:client-7EF960CB3D58->c9f1298e-d840-49d8-aac3-de81602aa1d5@group-E9810A644481, cid=1253, SUCCESS, logIndex=1745, commits[c9f1298e-d840-49d8-aac3-de81602aa1d5:c1748]
2019-08-30 23:40:01,841 [grpc-default-executor-1] INFO  client.GrpcClientProtocolClient (GrpcClientProtocolClient.java:onNext(255)) - client-7EF960CB3D58->c9f1298e-d840-49d8-aac3-de81602aa1d5: receive RaftClientReply:client-7EF960CB3D58->c9f1298e-d840-49d8-aac3-de81602aa1d5@group-E9810A644481, cid=1254, SUCCESS, logIndex=1746, commits[c9f1298e-d840-49d8-aac3-de81602aa1d5:c1748]
2019-08-30 23:40:01,842 [grpc-default-executor-1] INFO  client.GrpcClientProtocolClient (GrpcClientProtocolClient.java:onNext(255)) - client-7EF960CB3D58->c9f1298e-d840-49d8-aac3-de81602aa1d5: receive RaftClientReply:client-7EF960CB3D58->c9f1298e-d840-49d8-aac3-de81602aa1d5@group-E9810A644481, cid=1255, SUCCESS, logIndex=1747, commits[c9f1298e-d840-49d8-aac3-de81602aa1d5:c1748]
2019-08-30 23:40:01,842 [grpc-default-executor-1] INFO  client.GrpcClientProtocolClient (GrpcClientProtocolClient.java:onNext(255)) - client-7EF960CB3D58->c9f1298e-d840-49d8-aac3-de81602aa1d5: receive RaftClientReply:client-7EF960CB3D58->c9f1298e-d840-49d8-aac3-de81602aa1d5@group-E9810A644481, cid=1256, SUCCESS, logIndex=1748, commits[c9f1298e-d840-49d8-aac3-de81602aa1d5:c1748]
2019-08-30 23:40:01,868 [grpc-default-executor-1] INFO  client.GrpcClientProtocolClient (GrpcClientProtocolClient.java:onNext(255)) - client-7EF960CB3D58->c9f1298e-d840-49d8-aac3-de81602aa1d5: receive RaftClientReply:client-7EF960CB3D58->c9f1298e-d840-49d8-aac3-de81602aa1d5@group-E9810A644481, cid=1257, SUCCESS, logIndex=1750, commits[c9f1298e-d840-49d8-aac3-de81602aa1d5:c1753]
2019-08-30 23:40:01,869 [grpc-default-executor-1] INFO  client.GrpcClientProtocolClient (GrpcClientProtocolClient.java:onNext(255)) - client-7EF960CB3D58->c9f1298e-d840-49d8-aac3-de81602aa1d5: receive RaftClientReply:client-7EF960CB3D58->c9f1298e-d840-49d8-aac3-de81602aa1d5@group-E9810A644481, cid=1258, SUCCESS, logIndex=1751, commits[c9f1298e-d840-49d8-aac3-de81602aa1d5:c1753]
2019-08-30 23:40:01,869 [grpc-default-executor-1] INFO  client.GrpcClientProtocolClient (GrpcClientProtocolClient.java:onNext(255)) - client-7EF960CB3D58->c9f1298e-d840-49d8-aac3-de81602aa1d5: receive RaftClientReply:client-7EF960CB3D58->c9f1298e-d840-49d8-aac3-de81602aa1d5@group-E9810A644481, cid=1259, SUCCESS, logIndex=1752, commits[c9f1298e-d840-49d8-aac3-de81602aa1d5:c1753]
2019-08-30 23:40:01,869 [grpc-default-executor-1] INFO  client.GrpcClientProtocolClient (GrpcClientProtocolClient.java:onNext(255)) - client-7EF960CB3D58->c9f1298e-d840-49d8-aac3-de81602aa1d5: receive RaftClientReply:client-7EF960CB3D58->c9f1298e-d840-49d8-aac3-de81602aa1d5@group-E9810A644481, cid=1260, SUCCESS, logIndex=1753, commits[c9f1298e-d840-49d8-aac3-de81602aa1d5:c1753]
2019-08-30 23:40:01,885 [grpc-default-executor-0] INFO  client.GrpcClientProtocolClient (GrpcClientProtocolClient.java:onNext(255)) - client-7EF960CB3D58->c9f1298e-d840-49d8-aac3-de81602aa1d5: receive RaftClientReply:client-7EF960CB3D58->c9f1298e-d840-49d8-aac3-de81602aa1d5@group-E9810A644481, cid=1261, SUCCESS, logIndex=1755, commits[c9f1298e-d840-49d8-aac3-de81602aa1d5:c1758]
2019-08-30 23:40:01,886 [grpc-default-executor-0] INFO  client.GrpcClientProtocolClient (GrpcClientProtocolClient.java:onNext(255)) - client-7EF960CB3D58->c9f1298e-d840-49d8-aac3-de81602aa1d5: receive RaftClientReply:client-7EF960CB3D58->c9f1298e-d840-49d8-aac3-de81602aa1d5@group-E9810A644481, cid=1262, SUCCESS, logIndex=1756, commits[c9f1298e-d840-49d8-aac3-de81602aa1d5:c1758]
2019-08-30 23:40:01,886 [grpc-default-executor-0] INFO  client.GrpcClientProtocolClient (GrpcClientProtocolClient.java:onNext(255)) - client-7EF960CB3D58->c9f1298e-d840-49d8-aac3-de81602aa1d5: receive RaftClientReply:client-7EF960CB3D58->c9f1298e-d840-49d8-aac3-de81602aa1d5@group-E9810A644481, cid=1263, SUCCESS, logIndex=1757, commits[c9f1298e-d840-49d8-aac3-de81602aa1d5:c1758]
2019-08-30 23:40:01,887 [grpc-default-executor-0] INFO  client.GrpcClientProtocolClient (GrpcClientProtocolClient.java:onNext(255)) - client-7EF960CB3D58->c9f1298e-d840-49d8-aac3-de81602aa1d5: receive RaftClientReply:client-7EF960CB3D58->c9f1298e-d840-49d8-aac3-de81602aa1d5@group-E9810A644481, cid=1264, SUCCESS, logIndex=1758, commits[c9f1298e-d840-49d8-aac3-de81602aa1d5:c1758]
2019-08-30 23:40:01,893 [SCMBlockDeletingService#0] DEBUG block.SCMBlockDeletingService (SCMBlockDeletingService.java:call(138)) - Running DeletedBlockTransactionScanner
2019-08-30 23:40:01,894 [SCMBlockDeletingService#0] DEBUG block.SCMBlockDeletingService (SCMBlockDeletingService.java:call(155)) - Scanned deleted blocks log and got 0 delTX to process.
2019-08-30 23:40:01,905 [grpc-default-executor-0] INFO  client.GrpcClientProtocolClient (GrpcClientProtocolClient.java:onNext(255)) - client-7EF960CB3D58->c9f1298e-d840-49d8-aac3-de81602aa1d5: receive RaftClientReply:client-7EF960CB3D58->c9f1298e-d840-49d8-aac3-de81602aa1d5@group-E9810A644481, cid=1265, SUCCESS, logIndex=1760, commits[c9f1298e-d840-49d8-aac3-de81602aa1d5:c1761]
2019-08-30 23:40:01,906 [grpc-default-executor-0] INFO  client.GrpcClientProtocolClient (GrpcClientProtocolClient.java:onNext(255)) - client-7EF960CB3D58->c9f1298e-d840-49d8-aac3-de81602aa1d5: receive RaftClientReply:client-7EF960CB3D58->c9f1298e-d840-49d8-aac3-de81602aa1d5@group-E9810A644481, cid=1266, SUCCESS, logIndex=1761, commits[c9f1298e-d840-49d8-aac3-de81602aa1d5:c1761]
2019-08-30 23:40:01,912 [grpc-default-executor-0] INFO  client.GrpcClientProtocolClient (GrpcClientProtocolClient.java:onNext(255)) - client-7EF960CB3D58->c9f1298e-d840-49d8-aac3-de81602aa1d5: receive RaftClientReply:client-7EF960CB3D58->c9f1298e-d840-49d8-aac3-de81602aa1d5@group-E9810A644481, cid=1267, SUCCESS, logIndex=1762, commits[c9f1298e-d840-49d8-aac3-de81602aa1d5:c1764]
2019-08-30 23:40:01,912 [grpc-default-executor-0] INFO  client.GrpcClientProtocolClient (GrpcClientProtocolClient.java:onNext(255)) - client-7EF960CB3D58->c9f1298e-d840-49d8-aac3-de81602aa1d5: receive RaftClientReply:client-7EF960CB3D58->c9f1298e-d840-49d8-aac3-de81602aa1d5@group-E9810A644481, cid=1268, SUCCESS, logIndex=1763, commits[c9f1298e-d840-49d8-aac3-de81602aa1d5:c1764]
2019-08-30 23:40:01,924 [grpc-default-executor-1] INFO  client.GrpcClientProtocolClient (GrpcClientProtocolClient.java:onNext(255)) - client-7EF960CB3D58->c9f1298e-d840-49d8-aac3-de81602aa1d5: receive RaftClientReply:client-7EF960CB3D58->c9f1298e-d840-49d8-aac3-de81602aa1d5@group-E9810A644481, cid=1269, SUCCESS, logIndex=1765, commits[c9f1298e-d840-49d8-aac3-de81602aa1d5:c1766]
2019-08-30 23:40:01,924 [grpc-default-executor-1] INFO  client.GrpcClientProtocolClient (GrpcClientProtocolClient.java:onNext(255)) - client-7EF960CB3D58->c9f1298e-d840-49d8-aac3-de81602aa1d5: receive RaftClientReply:client-7EF960CB3D58->c9f1298e-d840-49d8-aac3-de81602aa1d5@group-E9810A644481, cid=1270, SUCCESS, logIndex=1766, commits[c9f1298e-d840-49d8-aac3-de81602aa1d5:c1766]
2019-08-30 23:40:01,925 [grpc-default-executor-1] INFO  client.GrpcClientProtocolClient (GrpcClientProtocolClient.java:onNext(255)) - client-7EF960CB3D58->c9f1298e-d840-49d8-aac3-de81602aa1d5: receive RaftClientReply:client-7EF960CB3D58->c9f1298e-d840-49d8-aac3-de81602aa1d5@group-E9810A644481, cid=1271, SUCCESS, logIndex=1767, commits[c9f1298e-d840-49d8-aac3-de81602aa1d5:c1768]
2019-08-30 23:40:01,925 [grpc-default-executor-1] INFO  client.GrpcClientProtocolClient (GrpcClientProtocolClient.java:onNext(255)) - client-7EF960CB3D58->c9f1298e-d840-49d8-aac3-de81602aa1d5: receive RaftClientReply:client-7EF960CB3D58->c9f1298e-d840-49d8-aac3-de81602aa1d5@group-E9810A644481, cid=1272, SUCCESS, logIndex=1768, commits[c9f1298e-d840-49d8-aac3-de81602aa1d5:c1768]
2019-08-30 23:40:01,958 [grpc-default-executor-0] INFO  client.GrpcClientProtocolClient (GrpcClientProtocolClient.java:onNext(255)) - client-7EF960CB3D58->c9f1298e-d840-49d8-aac3-de81602aa1d5: receive RaftClientReply:client-7EF960CB3D58->c9f1298e-d840-49d8-aac3-de81602aa1d5@group-E9810A644481, cid=1273, SUCCESS, logIndex=1771, commits[c9f1298e-d840-49d8-aac3-de81602aa1d5:c1772]
2019-08-30 23:40:01,958 [grpc-default-executor-0] INFO  client.GrpcClientProtocolClient (GrpcClientProtocolClient.java:onNext(255)) - client-7EF960CB3D58->c9f1298e-d840-49d8-aac3-de81602aa1d5: receive RaftClientReply:client-7EF960CB3D58->c9f1298e-d840-49d8-aac3-de81602aa1d5@group-E9810A644481, cid=1274, SUCCESS, logIndex=1772, commits[c9f1298e-d840-49d8-aac3-de81602aa1d5:c1772]
2019-08-30 23:40:01,959 [grpc-default-executor-0] INFO  client.GrpcClientProtocolClient (GrpcClientProtocolClient.java:onNext(255)) - client-7EF960CB3D58->c9f1298e-d840-49d8-aac3-de81602aa1d5: receive RaftClientReply:client-7EF960CB3D58->c9f1298e-d840-49d8-aac3-de81602aa1d5@group-E9810A644481, cid=1275, SUCCESS, logIndex=1773, commits[c9f1298e-d840-49d8-aac3-de81602aa1d5:c1774]
2019-08-30 23:40:01,959 [grpc-default-executor-0] INFO  client.GrpcClientProtocolClient (GrpcClientProtocolClient.java:onNext(255)) - client-7EF960CB3D58->c9f1298e-d840-49d8-aac3-de81602aa1d5: receive RaftClientReply:client-7EF960CB3D58->c9f1298e-d840-49d8-aac3-de81602aa1d5@group-E9810A644481, cid=1276, SUCCESS, logIndex=1774, commits[c9f1298e-d840-49d8-aac3-de81602aa1d5:c1774]
2019-08-30 23:40:01,973 [grpc-default-executor-0] INFO  client.GrpcClientProtocolClient (GrpcClientProtocolClient.java:onNext(255)) - client-7EF960CB3D58->c9f1298e-d840-49d8-aac3-de81602aa1d5: receive RaftClientReply:client-7EF960CB3D58->c9f1298e-d840-49d8-aac3-de81602aa1d5@group-E9810A644481, cid=1277, SUCCESS, logIndex=1777, commits[c9f1298e-d840-49d8-aac3-de81602aa1d5:c1780]
2019-08-30 23:40:01,973 [grpc-default-executor-0] INFO  client.GrpcClientProtocolClient (GrpcClientProtocolClient.java:onNext(255)) - client-7EF960CB3D58->c9f1298e-d840-49d8-aac3-de81602aa1d5: receive RaftClientReply:client-7EF960CB3D58->c9f1298e-d840-49d8-aac3-de81602aa1d5@group-E9810A644481, cid=1278, SUCCESS, logIndex=1778, commits[c9f1298e-d840-49d8-aac3-de81602aa1d5:c1780]
2019-08-30 23:40:01,974 [grpc-default-executor-0] INFO  client.GrpcClientProtocolClient (GrpcClientProtocolClient.java:onNext(255)) - client-7EF960CB3D58->c9f1298e-d840-49d8-aac3-de81602aa1d5: receive RaftClientReply:client-7EF960CB3D58->c9f1298e-d840-49d8-aac3-de81602aa1d5@group-E9810A644481, cid=1279, SUCCESS, logIndex=1779, commits[c9f1298e-d840-49d8-aac3-de81602aa1d5:c1780]
2019-08-30 23:40:01,974 [grpc-default-executor-0] INFO  client.GrpcClientProtocolClient (GrpcClientProtocolClient.java:onNext(255)) - client-7EF960CB3D58->c9f1298e-d840-49d8-aac3-de81602aa1d5: receive RaftClientReply:client-7EF960CB3D58->c9f1298e-d840-49d8-aac3-de81602aa1d5@group-E9810A644481, cid=1280, SUCCESS, logIndex=1780, commits[c9f1298e-d840-49d8-aac3-de81602aa1d5:c1781]
2019-08-30 23:40:02,052 [SCMBlockDeletingService#0] DEBUG block.SCMBlockDeletingService (SCMBlockDeletingService.java:call(138)) - Running DeletedBlockTransactionScanner
2019-08-30 23:40:02,052 [SCMBlockDeletingService#0] DEBUG block.SCMBlockDeletingService (SCMBlockDeletingService.java:call(155)) - Scanned deleted blocks log and got 0 delTX to process.
2019-08-30 23:40:02,152 [SCMBlockDeletingService#0] DEBUG block.SCMBlockDeletingService (SCMBlockDeletingService.java:call(138)) - Running DeletedBlockTransactionScanner
2019-08-30 23:40:02,152 [SCMBlockDeletingService#0] DEBUG block.SCMBlockDeletingService (SCMBlockDeletingService.java:call(155)) - Scanned deleted blocks log and got 0 delTX to process.
2019-08-30 23:40:02,158 [grpc-default-executor-0] INFO  client.GrpcClientProtocolClient (GrpcClientProtocolClient.java:onNext(255)) - client-7EF960CB3D58->c9f1298e-d840-49d8-aac3-de81602aa1d5: receive RaftClientReply:client-7EF960CB3D58->c9f1298e-d840-49d8-aac3-de81602aa1d5@group-E9810A644481, cid=1281, SUCCESS, logIndex=1782, commits[c9f1298e-d840-49d8-aac3-de81602aa1d5:c1785]
2019-08-30 23:40:02,159 [grpc-default-executor-0] INFO  client.GrpcClientProtocolClient (GrpcClientProtocolClient.java:onNext(255)) - client-7EF960CB3D58->c9f1298e-d840-49d8-aac3-de81602aa1d5: receive RaftClientReply:client-7EF960CB3D58->c9f1298e-d840-49d8-aac3-de81602aa1d5@group-E9810A644481, cid=1282, SUCCESS, logIndex=1783, commits[c9f1298e-d840-49d8-aac3-de81602aa1d5:c1785]
2019-08-30 23:40:02,159 [grpc-default-executor-0] INFO  client.GrpcClientProtocolClient (GrpcClientProtocolClient.java:onNext(255)) - client-7EF960CB3D58->c9f1298e-d840-49d8-aac3-de81602aa1d5: receive RaftClientReply:client-7EF960CB3D58->c9f1298e-d840-49d8-aac3-de81602aa1d5@group-E9810A644481, cid=1283, SUCCESS, logIndex=1784, commits[c9f1298e-d840-49d8-aac3-de81602aa1d5:c1785]
2019-08-30 23:40:02,160 [grpc-default-executor-0] INFO  client.GrpcClientProtocolClient (GrpcClientProtocolClient.java:onNext(255)) - client-7EF960CB3D58->c9f1298e-d840-49d8-aac3-de81602aa1d5: receive RaftClientReply:client-7EF960CB3D58->c9f1298e-d840-49d8-aac3-de81602aa1d5@group-E9810A644481, cid=1284, SUCCESS, logIndex=1785, commits[c9f1298e-d840-49d8-aac3-de81602aa1d5:c1785]
2019-08-30 23:40:02,202 [grpc-default-executor-1] INFO  client.GrpcClientProtocolClient (GrpcClientProtocolClient.java:onNext(255)) - client-7EF960CB3D58->c9f1298e-d840-49d8-aac3-de81602aa1d5: receive RaftClientReply:client-7EF960CB3D58->c9f1298e-d840-49d8-aac3-de81602aa1d5@group-E9810A644481, cid=1285, SUCCESS, logIndex=1787, commits[c9f1298e-d840-49d8-aac3-de81602aa1d5:c1790]
2019-08-30 23:40:02,203 [grpc-default-executor-1] INFO  client.GrpcClientProtocolClient (GrpcClientProtocolClient.java:onNext(255)) - client-7EF960CB3D58->c9f1298e-d840-49d8-aac3-de81602aa1d5: receive RaftClientReply:client-7EF960CB3D58->c9f1298e-d840-49d8-aac3-de81602aa1d5@group-E9810A644481, cid=1286, SUCCESS, logIndex=1788, commits[c9f1298e-d840-49d8-aac3-de81602aa1d5:c1790]
2019-08-30 23:40:02,204 [grpc-default-executor-1] INFO  client.GrpcClientProtocolClient (GrpcClientProtocolClient.java:onNext(255)) - client-7EF960CB3D58->c9f1298e-d840-49d8-aac3-de81602aa1d5: receive RaftClientReply:client-7EF960CB3D58->c9f1298e-d840-49d8-aac3-de81602aa1d5@group-E9810A644481, cid=1287, SUCCESS, logIndex=1789, commits[c9f1298e-d840-49d8-aac3-de81602aa1d5:c1790]
2019-08-30 23:40:02,204 [grpc-default-executor-1] INFO  client.GrpcClientProtocolClient (GrpcClientProtocolClient.java:onNext(255)) - client-7EF960CB3D58->c9f1298e-d840-49d8-aac3-de81602aa1d5: receive RaftClientReply:client-7EF960CB3D58->c9f1298e-d840-49d8-aac3-de81602aa1d5@group-E9810A644481, cid=1288, SUCCESS, logIndex=1790, commits[c9f1298e-d840-49d8-aac3-de81602aa1d5:c1790]
2019-08-30 23:40:02,225 [grpc-default-executor-0] INFO  client.GrpcClientProtocolClient (GrpcClientProtocolClient.java:onNext(255)) - client-7EF960CB3D58->c9f1298e-d840-49d8-aac3-de81602aa1d5: receive RaftClientReply:client-7EF960CB3D58->c9f1298e-d840-49d8-aac3-de81602aa1d5@group-E9810A644481, cid=1289, SUCCESS, logIndex=1792, commits[c9f1298e-d840-49d8-aac3-de81602aa1d5:c1793]
2019-08-30 23:40:02,226 [grpc-default-executor-0] INFO  client.GrpcClientProtocolClient (GrpcClientProtocolClient.java:onNext(255)) - client-7EF960CB3D58->c9f1298e-d840-49d8-aac3-de81602aa1d5: receive RaftClientReply:client-7EF960CB3D58->c9f1298e-d840-49d8-aac3-de81602aa1d5@group-E9810A644481, cid=1290, SUCCESS, logIndex=1793, commits[c9f1298e-d840-49d8-aac3-de81602aa1d5:c1793]
2019-08-30 23:40:02,234 [grpc-default-executor-0] INFO  client.GrpcClientProtocolClient (GrpcClientProtocolClient.java:onNext(255)) - client-7EF960CB3D58->c9f1298e-d840-49d8-aac3-de81602aa1d5: receive RaftClientReply:client-7EF960CB3D58->c9f1298e-d840-49d8-aac3-de81602aa1d5@group-E9810A644481, cid=1291, SUCCESS, logIndex=1794, commits[c9f1298e-d840-49d8-aac3-de81602aa1d5:c1795]
2019-08-30 23:40:02,235 [grpc-default-executor-0] INFO  client.GrpcClientProtocolClient (GrpcClientProtocolClient.java:onNext(255)) - client-7EF960CB3D58->c9f1298e-d840-49d8-aac3-de81602aa1d5: receive RaftClientReply:client-7EF960CB3D58->c9f1298e-d840-49d8-aac3-de81602aa1d5@group-E9810A644481, cid=1292, SUCCESS, logIndex=1795, commits[c9f1298e-d840-49d8-aac3-de81602aa1d5:c1795]
2019-08-30 23:40:02,252 [grpc-default-executor-0] INFO  client.GrpcClientProtocolClient (GrpcClientProtocolClient.java:onNext(255)) - client-7EF960CB3D58->c9f1298e-d840-49d8-aac3-de81602aa1d5: receive RaftClientReply:client-7EF960CB3D58->c9f1298e-d840-49d8-aac3-de81602aa1d5@group-E9810A644481, cid=1293, SUCCESS, logIndex=1798, commits[c9f1298e-d840-49d8-aac3-de81602aa1d5:c1799]
2019-08-30 23:40:02,253 [grpc-default-executor-0] INFO  client.GrpcClientProtocolClient (GrpcClientProtocolClient.java:onNext(255)) - client-7EF960CB3D58->c9f1298e-d840-49d8-aac3-de81602aa1d5: receive RaftClientReply:client-7EF960CB3D58->c9f1298e-d840-49d8-aac3-de81602aa1d5@group-E9810A644481, cid=1294, SUCCESS, logIndex=1799, commits[c9f1298e-d840-49d8-aac3-de81602aa1d5:c1799]
2019-08-30 23:40:02,253 [SCMBlockDeletingService#0] DEBUG block.SCMBlockDeletingService (SCMBlockDeletingService.java:call(138)) - Running DeletedBlockTransactionScanner
2019-08-30 23:40:02,253 [SCMBlockDeletingService#0] DEBUG block.SCMBlockDeletingService (SCMBlockDeletingService.java:call(155)) - Scanned deleted blocks log and got 0 delTX to process.
2019-08-30 23:40:02,261 [grpc-default-executor-0] INFO  client.GrpcClientProtocolClient (GrpcClientProtocolClient.java:onNext(255)) - client-7EF960CB3D58->c9f1298e-d840-49d8-aac3-de81602aa1d5: receive RaftClientReply:client-7EF960CB3D58->c9f1298e-d840-49d8-aac3-de81602aa1d5@group-E9810A644481, cid=1295, SUCCESS, logIndex=1800, commits[c9f1298e-d840-49d8-aac3-de81602aa1d5:c1801]
2019-08-30 23:40:02,261 [grpc-default-executor-0] INFO  client.GrpcClientProtocolClient (GrpcClientProtocolClient.java:onNext(255)) - client-7EF960CB3D58->c9f1298e-d840-49d8-aac3-de81602aa1d5: receive RaftClientReply:client-7EF960CB3D58->c9f1298e-d840-49d8-aac3-de81602aa1d5@group-E9810A644481, cid=1296, SUCCESS, logIndex=1801, commits[c9f1298e-d840-49d8-aac3-de81602aa1d5:c1801]
2019-08-30 23:40:02,287 [grpc-default-executor-0] INFO  client.GrpcClientProtocolClient (GrpcClientProtocolClient.java:onNext(255)) - client-7EF960CB3D58->c9f1298e-d840-49d8-aac3-de81602aa1d5: receive RaftClientReply:client-7EF960CB3D58->c9f1298e-d840-49d8-aac3-de81602aa1d5@group-E9810A644481, cid=1297, SUCCESS, logIndex=1804, commits[c9f1298e-d840-49d8-aac3-de81602aa1d5:c1807]
2019-08-30 23:40:02,288 [grpc-default-executor-0] INFO  client.GrpcClientProtocolClient (GrpcClientProtocolClient.java:onNext(255)) - client-7EF960CB3D58->c9f1298e-d840-49d8-aac3-de81602aa1d5: receive RaftClientReply:client-7EF960CB3D58->c9f1298e-d840-49d8-aac3-de81602aa1d5@group-E9810A644481, cid=1298, SUCCESS, logIndex=1805, commits[c9f1298e-d840-49d8-aac3-de81602aa1d5:c1807]
2019-08-30 23:40:02,288 [grpc-default-executor-0] INFO  client.GrpcClientProtocolClient (GrpcClientProtocolClient.java:onNext(255)) - client-7EF960CB3D58->c9f1298e-d840-49d8-aac3-de81602aa1d5: receive RaftClientReply:client-7EF960CB3D58->c9f1298e-d840-49d8-aac3-de81602aa1d5@group-E9810A644481, cid=1299, SUCCESS, logIndex=1806, commits[c9f1298e-d840-49d8-aac3-de81602aa1d5:c1807]
2019-08-30 23:40:02,289 [grpc-default-executor-0] INFO  client.GrpcClientProtocolClient (GrpcClientProtocolClient.java:onNext(255)) - client-7EF960CB3D58->c9f1298e-d840-49d8-aac3-de81602aa1d5: receive RaftClientReply:client-7EF960CB3D58->c9f1298e-d840-49d8-aac3-de81602aa1d5@group-E9810A644481, cid=1300, SUCCESS, logIndex=1807, commits[c9f1298e-d840-49d8-aac3-de81602aa1d5:c1807]
2019-08-30 23:40:02,300 [grpc-default-executor-0] INFO  client.GrpcClientProtocolClient (GrpcClientProtocolClient.java:onNext(255)) - client-7EF960CB3D58->c9f1298e-d840-49d8-aac3-de81602aa1d5: receive RaftClientReply:client-7EF960CB3D58->c9f1298e-d840-49d8-aac3-de81602aa1d5@group-E9810A644481, cid=1301, SUCCESS, logIndex=1809, commits[c9f1298e-d840-49d8-aac3-de81602aa1d5:c1810]
2019-08-30 23:40:02,301 [grpc-default-executor-0] INFO  client.GrpcClientProtocolClient (GrpcClientProtocolClient.java:onNext(255)) - client-7EF960CB3D58->c9f1298e-d840-49d8-aac3-de81602aa1d5: receive RaftClientReply:client-7EF960CB3D58->c9f1298e-d840-49d8-aac3-de81602aa1d5@group-E9810A644481, cid=1302, SUCCESS, logIndex=1810, commits[c9f1298e-d840-49d8-aac3-de81602aa1d5:c1810]
2019-08-30 23:40:02,310 [grpc-default-executor-0] INFO  client.GrpcClientProtocolClient (GrpcClientProtocolClient.java:onNext(255)) - client-7EF960CB3D58->c9f1298e-d840-49d8-aac3-de81602aa1d5: receive RaftClientReply:client-7EF960CB3D58->c9f1298e-d840-49d8-aac3-de81602aa1d5@group-E9810A644481, cid=1303, SUCCESS, logIndex=1811, commits[c9f1298e-d840-49d8-aac3-de81602aa1d5:c1812]
2019-08-30 23:40:02,310 [grpc-default-executor-0] INFO  client.GrpcClientProtocolClient (GrpcClientProtocolClient.java:onNext(255)) - client-7EF960CB3D58->c9f1298e-d840-49d8-aac3-de81602aa1d5: receive RaftClientReply:client-7EF960CB3D58->c9f1298e-d840-49d8-aac3-de81602aa1d5@group-E9810A644481, cid=1304, SUCCESS, logIndex=1812, commits[c9f1298e-d840-49d8-aac3-de81602aa1d5:c1812]
2019-08-30 23:40:02,337 [grpc-default-executor-1] INFO  client.GrpcClientProtocolClient (GrpcClientProtocolClient.java:onNext(255)) - client-7EF960CB3D58->c9f1298e-d840-49d8-aac3-de81602aa1d5: receive RaftClientReply:client-7EF960CB3D58->c9f1298e-d840-49d8-aac3-de81602aa1d5@group-E9810A644481, cid=1305, SUCCESS, logIndex=1815, commits[c9f1298e-d840-49d8-aac3-de81602aa1d5:c1818]
2019-08-30 23:40:02,338 [grpc-default-executor-1] INFO  client.GrpcClientProtocolClient (GrpcClientProtocolClient.java:onNext(255)) - client-7EF960CB3D58->c9f1298e-d840-49d8-aac3-de81602aa1d5: receive RaftClientReply:client-7EF960CB3D58->c9f1298e-d840-49d8-aac3-de81602aa1d5@group-E9810A644481, cid=1306, SUCCESS, logIndex=1816, commits[c9f1298e-d840-49d8-aac3-de81602aa1d5:c1818]
2019-08-30 23:40:02,338 [grpc-default-executor-1] INFO  client.GrpcClientProtocolClient (GrpcClientProtocolClient.java:onNext(255)) - client-7EF960CB3D58->c9f1298e-d840-49d8-aac3-de81602aa1d5: receive RaftClientReply:client-7EF960CB3D58->c9f1298e-d840-49d8-aac3-de81602aa1d5@group-E9810A644481, cid=1307, SUCCESS, logIndex=1817, commits[c9f1298e-d840-49d8-aac3-de81602aa1d5:c1818]
2019-08-30 23:40:02,339 [grpc-default-executor-1] INFO  client.GrpcClientProtocolClient (GrpcClientProtocolClient.java:onNext(255)) - client-7EF960CB3D58->c9f1298e-d840-49d8-aac3-de81602aa1d5: receive RaftClientReply:client-7EF960CB3D58->c9f1298e-d840-49d8-aac3-de81602aa1d5@group-E9810A644481, cid=1308, SUCCESS, logIndex=1818, commits[c9f1298e-d840-49d8-aac3-de81602aa1d5:c1818]
2019-08-30 23:40:02,353 [SCMBlockDeletingService#0] DEBUG block.SCMBlockDeletingService (SCMBlockDeletingService.java:call(138)) - Running DeletedBlockTransactionScanner
2019-08-30 23:40:02,354 [SCMBlockDeletingService#0] DEBUG block.SCMBlockDeletingService (SCMBlockDeletingService.java:call(155)) - Scanned deleted blocks log and got 0 delTX to process.
2019-08-30 23:40:02,356 [grpc-default-executor-1] INFO  client.GrpcClientProtocolClient (GrpcClientProtocolClient.java:onNext(255)) - client-7EF960CB3D58->c9f1298e-d840-49d8-aac3-de81602aa1d5: receive RaftClientReply:client-7EF960CB3D58->c9f1298e-d840-49d8-aac3-de81602aa1d5@group-E9810A644481, cid=1309, SUCCESS, logIndex=1820, commits[c9f1298e-d840-49d8-aac3-de81602aa1d5:c1821]
2019-08-30 23:40:02,357 [grpc-default-executor-1] INFO  client.GrpcClientProtocolClient (GrpcClientProtocolClient.java:onNext(255)) - client-7EF960CB3D58->c9f1298e-d840-49d8-aac3-de81602aa1d5: receive RaftClientReply:client-7EF960CB3D58->c9f1298e-d840-49d8-aac3-de81602aa1d5@group-E9810A644481, cid=1310, SUCCESS, logIndex=1821, commits[c9f1298e-d840-49d8-aac3-de81602aa1d5:c1821]
2019-08-30 23:40:02,369 [grpc-default-executor-1] INFO  client.GrpcClientProtocolClient (GrpcClientProtocolClient.java:onNext(255)) - client-7EF960CB3D58->c9f1298e-d840-49d8-aac3-de81602aa1d5: receive RaftClientReply:client-7EF960CB3D58->c9f1298e-d840-49d8-aac3-de81602aa1d5@group-E9810A644481, cid=1311, SUCCESS, logIndex=1822, commits[c9f1298e-d840-49d8-aac3-de81602aa1d5:c1823]
2019-08-30 23:40:02,370 [grpc-default-executor-1] INFO  client.GrpcClientProtocolClient (GrpcClientProtocolClient.java:onNext(255)) - client-7EF960CB3D58->c9f1298e-d840-49d8-aac3-de81602aa1d5: receive RaftClientReply:client-7EF960CB3D58->c9f1298e-d840-49d8-aac3-de81602aa1d5@group-E9810A644481, cid=1312, SUCCESS, logIndex=1823, commits[c9f1298e-d840-49d8-aac3-de81602aa1d5:c1823]
2019-08-30 23:40:02,394 [grpc-default-executor-0] INFO  client.GrpcClientProtocolClient (GrpcClientProtocolClient.java:onNext(255)) - client-7EF960CB3D58->c9f1298e-d840-49d8-aac3-de81602aa1d5: receive RaftClientReply:client-7EF960CB3D58->c9f1298e-d840-49d8-aac3-de81602aa1d5@group-E9810A644481, cid=1313, SUCCESS, logIndex=1826, commits[c9f1298e-d840-49d8-aac3-de81602aa1d5:c1829]
2019-08-30 23:40:02,395 [grpc-default-executor-0] INFO  client.GrpcClientProtocolClient (GrpcClientProtocolClient.java:onNext(255)) - client-7EF960CB3D58->c9f1298e-d840-49d8-aac3-de81602aa1d5: receive RaftClientReply:client-7EF960CB3D58->c9f1298e-d840-49d8-aac3-de81602aa1d5@group-E9810A644481, cid=1314, SUCCESS, logIndex=1827, commits[c9f1298e-d840-49d8-aac3-de81602aa1d5:c1829]
2019-08-30 23:40:02,395 [grpc-default-executor-0] INFO  client.GrpcClientProtocolClient (GrpcClientProtocolClient.java:onNext(255)) - client-7EF960CB3D58->c9f1298e-d840-49d8-aac3-de81602aa1d5: receive RaftClientReply:client-7EF960CB3D58->c9f1298e-d840-49d8-aac3-de81602aa1d5@group-E9810A644481, cid=1315, SUCCESS, logIndex=1828, commits[c9f1298e-d840-49d8-aac3-de81602aa1d5:c1829]
2019-08-30 23:40:02,396 [grpc-default-executor-0] INFO  client.GrpcClientProtocolClient (GrpcClientProtocolClient.java:onNext(255)) - client-7EF960CB3D58->c9f1298e-d840-49d8-aac3-de81602aa1d5: receive RaftClientReply:client-7EF960CB3D58->c9f1298e-d840-49d8-aac3-de81602aa1d5@group-E9810A644481, cid=1316, SUCCESS, logIndex=1829, commits[c9f1298e-d840-49d8-aac3-de81602aa1d5:c1829]
2019-08-30 23:40:02,417 [grpc-default-executor-0] INFO  client.GrpcClientProtocolClient (GrpcClientProtocolClient.java:onNext(255)) - client-7EF960CB3D58->c9f1298e-d840-49d8-aac3-de81602aa1d5: receive RaftClientReply:client-7EF960CB3D58->c9f1298e-d840-49d8-aac3-de81602aa1d5@group-E9810A644481, cid=1317, SUCCESS, logIndex=1831, commits[c9f1298e-d840-49d8-aac3-de81602aa1d5:c1834]
2019-08-30 23:40:02,417 [grpc-default-executor-0] INFO  client.GrpcClientProtocolClient (GrpcClientProtocolClient.java:onNext(255)) - client-7EF960CB3D58->c9f1298e-d840-49d8-aac3-de81602aa1d5: receive RaftClientReply:client-7EF960CB3D58->c9f1298e-d840-49d8-aac3-de81602aa1d5@group-E9810A644481, cid=1318, SUCCESS, logIndex=1832, commits[c9f1298e-d840-49d8-aac3-de81602aa1d5:c1834]
2019-08-30 23:40:02,417 [grpc-default-executor-0] INFO  client.GrpcClientProtocolClient (GrpcClientProtocolClient.java:onNext(255)) - client-7EF960CB3D58->c9f1298e-d840-49d8-aac3-de81602aa1d5: receive RaftClientReply:client-7EF960CB3D58->c9f1298e-d840-49d8-aac3-de81602aa1d5@group-E9810A644481, cid=1319, SUCCESS, logIndex=1833, commits[c9f1298e-d840-49d8-aac3-de81602aa1d5:c1834]
2019-08-30 23:40:02,418 [grpc-default-executor-0] INFO  client.GrpcClientProtocolClient (GrpcClientProtocolClient.java:onNext(255)) - client-7EF960CB3D58->c9f1298e-d840-49d8-aac3-de81602aa1d5: receive RaftClientReply:client-7EF960CB3D58->c9f1298e-d840-49d8-aac3-de81602aa1d5@group-E9810A644481, cid=1320, SUCCESS, logIndex=1834, commits[c9f1298e-d840-49d8-aac3-de81602aa1d5:c1834]
2019-08-30 23:40:02,447 [grpc-default-executor-1] INFO  client.GrpcClientProtocolClient (GrpcClientProtocolClient.java:onNext(255)) - client-7EF960CB3D58->c9f1298e-d840-49d8-aac3-de81602aa1d5: receive RaftClientReply:client-7EF960CB3D58->c9f1298e-d840-49d8-aac3-de81602aa1d5@group-E9810A644481, cid=1321, SUCCESS, logIndex=1836, commits[c9f1298e-d840-49d8-aac3-de81602aa1d5:c1839]
2019-08-30 23:40:02,448 [grpc-default-executor-1] INFO  client.GrpcClientProtocolClient (GrpcClientProtocolClient.java:onNext(255)) - client-7EF960CB3D58->c9f1298e-d840-49d8-aac3-de81602aa1d5: receive RaftClientReply:client-7EF960CB3D58->c9f1298e-d840-49d8-aac3-de81602aa1d5@group-E9810A644481, cid=1322, SUCCESS, logIndex=1837, commits[c9f1298e-d840-49d8-aac3-de81602aa1d5:c1839]
2019-08-30 23:40:02,448 [grpc-default-executor-1] INFO  client.GrpcClientProtocolClient (GrpcClientProtocolClient.java:onNext(255)) - client-7EF960CB3D58->c9f1298e-d840-49d8-aac3-de81602aa1d5: receive RaftClientReply:client-7EF960CB3D58->c9f1298e-d840-49d8-aac3-de81602aa1d5@group-E9810A644481, cid=1323, SUCCESS, logIndex=1838, commits[c9f1298e-d840-49d8-aac3-de81602aa1d5:c1839]
2019-08-30 23:40:02,448 [grpc-default-executor-1] INFO  client.GrpcClientProtocolClient (GrpcClientProtocolClient.java:onNext(255)) - client-7EF960CB3D58->c9f1298e-d840-49d8-aac3-de81602aa1d5: receive RaftClientReply:client-7EF960CB3D58->c9f1298e-d840-49d8-aac3-de81602aa1d5@group-E9810A644481, cid=1324, SUCCESS, logIndex=1839, commits[c9f1298e-d840-49d8-aac3-de81602aa1d5:c1839]
2019-08-30 23:40:02,454 [SCMBlockDeletingService#0] DEBUG block.SCMBlockDeletingService (SCMBlockDeletingService.java:call(138)) - Running DeletedBlockTransactionScanner
2019-08-30 23:40:02,455 [SCMBlockDeletingService#0] DEBUG block.SCMBlockDeletingService (SCMBlockDeletingService.java:call(155)) - Scanned deleted blocks log and got 0 delTX to process.
2019-08-30 23:40:02,464 [grpc-default-executor-0] INFO  client.GrpcClientProtocolClient (GrpcClientProtocolClient.java:onNext(255)) - client-7EF960CB3D58->c9f1298e-d840-49d8-aac3-de81602aa1d5: receive RaftClientReply:client-7EF960CB3D58->c9f1298e-d840-49d8-aac3-de81602aa1d5@group-E9810A644481, cid=1325, SUCCESS, logIndex=1841, commits[c9f1298e-d840-49d8-aac3-de81602aa1d5:c1842]
2019-08-30 23:40:02,465 [grpc-default-executor-0] INFO  client.GrpcClientProtocolClient (GrpcClientProtocolClient.java:onNext(255)) - client-7EF960CB3D58->c9f1298e-d840-49d8-aac3-de81602aa1d5: receive RaftClientReply:client-7EF960CB3D58->c9f1298e-d840-49d8-aac3-de81602aa1d5@group-E9810A644481, cid=1326, SUCCESS, logIndex=1842, commits[c9f1298e-d840-49d8-aac3-de81602aa1d5:c1842]
2019-08-30 23:40:02,555 [SCMBlockDeletingService#0] DEBUG block.SCMBlockDeletingService (SCMBlockDeletingService.java:call(138)) - Running DeletedBlockTransactionScanner
2019-08-30 23:40:02,555 [SCMBlockDeletingService#0] DEBUG block.SCMBlockDeletingService (SCMBlockDeletingService.java:call(155)) - Scanned deleted blocks log and got 0 delTX to process.
2019-08-30 23:40:02,558 [grpc-default-executor-1] INFO  client.GrpcClientProtocolClient (GrpcClientProtocolClient.java:onNext(255)) - client-7EF960CB3D58->c9f1298e-d840-49d8-aac3-de81602aa1d5: receive RaftClientReply:client-7EF960CB3D58->c9f1298e-d840-49d8-aac3-de81602aa1d5@group-E9810A644481, cid=1327, SUCCESS, logIndex=1844, commits[c9f1298e-d840-49d8-aac3-de81602aa1d5:c1845]
2019-08-30 23:40:02,558 [grpc-default-executor-1] INFO  client.GrpcClientProtocolClient (GrpcClientProtocolClient.java:onNext(255)) - client-7EF960CB3D58->c9f1298e-d840-49d8-aac3-de81602aa1d5: receive RaftClientReply:client-7EF960CB3D58->c9f1298e-d840-49d8-aac3-de81602aa1d5@group-E9810A644481, cid=1328, SUCCESS, logIndex=1845, commits[c9f1298e-d840-49d8-aac3-de81602aa1d5:c1845]
2019-08-30 23:40:02,586 [grpc-default-executor-1] INFO  client.GrpcClientProtocolClient (GrpcClientProtocolClient.java:onNext(255)) - client-7EF960CB3D58->c9f1298e-d840-49d8-aac3-de81602aa1d5: receive RaftClientReply:client-7EF960CB3D58->c9f1298e-d840-49d8-aac3-de81602aa1d5@group-E9810A644481, cid=1329, SUCCESS, logIndex=1847, commits[c9f1298e-d840-49d8-aac3-de81602aa1d5:c1850]
2019-08-30 23:40:02,587 [grpc-default-executor-1] INFO  client.GrpcClientProtocolClient (GrpcClientProtocolClient.java:onNext(255)) - client-7EF960CB3D58->c9f1298e-d840-49d8-aac3-de81602aa1d5: receive RaftClientReply:client-7EF960CB3D58->c9f1298e-d840-49d8-aac3-de81602aa1d5@group-E9810A644481, cid=1330, SUCCESS, logIndex=1848, commits[c9f1298e-d840-49d8-aac3-de81602aa1d5:c1850]
2019-08-30 23:40:02,588 [grpc-default-executor-1] INFO  client.GrpcClientProtocolClient (GrpcClientProtocolClient.java:onNext(255)) - client-7EF960CB3D58->c9f1298e-d840-49d8-aac3-de81602aa1d5: receive RaftClientReply:client-7EF960CB3D58->c9f1298e-d840-49d8-aac3-de81602aa1d5@group-E9810A644481, cid=1331, SUCCESS, logIndex=1849, commits[c9f1298e-d840-49d8-aac3-de81602aa1d5:c1850]
2019-08-30 23:40:02,588 [grpc-default-executor-1] INFO  client.GrpcClientProtocolClient (GrpcClientProtocolClient.java:onNext(255)) - client-7EF960CB3D58->c9f1298e-d840-49d8-aac3-de81602aa1d5: receive RaftClientReply:client-7EF960CB3D58->c9f1298e-d840-49d8-aac3-de81602aa1d5@group-E9810A644481, cid=1332, SUCCESS, logIndex=1850, commits[c9f1298e-d840-49d8-aac3-de81602aa1d5:c1850]
2019-08-30 23:40:02,656 [SCMBlockDeletingService#0] DEBUG block.SCMBlockDeletingService (SCMBlockDeletingService.java:call(138)) - Running DeletedBlockTransactionScanner
2019-08-30 23:40:02,656 [SCMBlockDeletingService#0] DEBUG block.SCMBlockDeletingService (SCMBlockDeletingService.java:call(155)) - Scanned deleted blocks log and got 0 delTX to process.
2019-08-30 23:40:02,708 [grpc-default-executor-0] INFO  client.GrpcClientProtocolClient (GrpcClientProtocolClient.java:onNext(255)) - client-7EF960CB3D58->c9f1298e-d840-49d8-aac3-de81602aa1d5: receive RaftClientReply:client-7EF960CB3D58->c9f1298e-d840-49d8-aac3-de81602aa1d5@group-E9810A644481, cid=1333, SUCCESS, logIndex=1852, commits[c9f1298e-d840-49d8-aac3-de81602aa1d5:c1855]
2019-08-30 23:40:02,708 [grpc-default-executor-0] INFO  client.GrpcClientProtocolClient (GrpcClientProtocolClient.java:onNext(255)) - client-7EF960CB3D58->c9f1298e-d840-49d8-aac3-de81602aa1d5: receive RaftClientReply:client-7EF960CB3D58->c9f1298e-d840-49d8-aac3-de81602aa1d5@group-E9810A644481, cid=1334, SUCCESS, logIndex=1853, commits[c9f1298e-d840-49d8-aac3-de81602aa1d5:c1855]
2019-08-30 23:40:02,709 [grpc-default-executor-0] INFO  client.GrpcClientProtocolClient (GrpcClientProtocolClient.java:onNext(255)) - client-7EF960CB3D58->c9f1298e-d840-49d8-aac3-de81602aa1d5: receive RaftClientReply:client-7EF960CB3D58->c9f1298e-d840-49d8-aac3-de81602aa1d5@group-E9810A644481, cid=1335, SUCCESS, logIndex=1854, commits[c9f1298e-d840-49d8-aac3-de81602aa1d5:c1855]
2019-08-30 23:40:02,709 [grpc-default-executor-0] INFO  client.GrpcClientProtocolClient (GrpcClientProtocolClient.java:onNext(255)) - client-7EF960CB3D58->c9f1298e-d840-49d8-aac3-de81602aa1d5: receive RaftClientReply:client-7EF960CB3D58->c9f1298e-d840-49d8-aac3-de81602aa1d5@group-E9810A644481, cid=1336, SUCCESS, logIndex=1855, commits[c9f1298e-d840-49d8-aac3-de81602aa1d5:c1855]
2019-08-30 23:40:02,738 [grpc-default-executor-0] INFO  client.GrpcClientProtocolClient (GrpcClientProtocolClient.java:onNext(255)) - client-7EF960CB3D58->c9f1298e-d840-49d8-aac3-de81602aa1d5: receive RaftClientReply:client-7EF960CB3D58->c9f1298e-d840-49d8-aac3-de81602aa1d5@group-E9810A644481, cid=1337, SUCCESS, logIndex=1857, commits[c9f1298e-d840-49d8-aac3-de81602aa1d5:c1858]
2019-08-30 23:40:02,739 [grpc-default-executor-0] INFO  client.GrpcClientProtocolClient (GrpcClientProtocolClient.java:onNext(255)) - client-7EF960CB3D58->c9f1298e-d840-49d8-aac3-de81602aa1d5: receive RaftClientReply:client-7EF960CB3D58->c9f1298e-d840-49d8-aac3-de81602aa1d5@group-E9810A644481, cid=1338, SUCCESS, logIndex=1858, commits[c9f1298e-d840-49d8-aac3-de81602aa1d5:c1858]
2019-08-30 23:40:02,747 [grpc-default-executor-0] INFO  client.GrpcClientProtocolClient (GrpcClientProtocolClient.java:onNext(255)) - client-7EF960CB3D58->c9f1298e-d840-49d8-aac3-de81602aa1d5: receive RaftClientReply:client-7EF960CB3D58->c9f1298e-d840-49d8-aac3-de81602aa1d5@group-E9810A644481, cid=1339, SUCCESS, logIndex=1859, commits[c9f1298e-d840-49d8-aac3-de81602aa1d5:c1860]
2019-08-30 23:40:02,748 [grpc-default-executor-0] INFO  client.GrpcClientProtocolClient (GrpcClientProtocolClient.java:onNext(255)) - client-7EF960CB3D58->c9f1298e-d840-49d8-aac3-de81602aa1d5: receive RaftClientReply:client-7EF960CB3D58->c9f1298e-d840-49d8-aac3-de81602aa1d5@group-E9810A644481, cid=1340, SUCCESS, logIndex=1860, commits[c9f1298e-d840-49d8-aac3-de81602aa1d5:c1860]
2019-08-30 23:40:02,852 [SCMBlockDeletingService#0] DEBUG block.SCMBlockDeletingService (SCMBlockDeletingService.java:call(138)) - Running DeletedBlockTransactionScanner
2019-08-30 23:40:02,859 [SCMBlockDeletingService#0] DEBUG block.SCMBlockDeletingService (SCMBlockDeletingService.java:call(155)) - Scanned deleted blocks log and got 0 delTX to process.
2019-08-30 23:40:02,883 [grpc-default-executor-1] INFO  client.GrpcClientProtocolClient (GrpcClientProtocolClient.java:onNext(255)) - client-7EF960CB3D58->c9f1298e-d840-49d8-aac3-de81602aa1d5: receive RaftClientReply:client-7EF960CB3D58->c9f1298e-d840-49d8-aac3-de81602aa1d5@group-E9810A644481, cid=1341, SUCCESS, logIndex=1863, commits[c9f1298e-d840-49d8-aac3-de81602aa1d5:c1866]
2019-08-30 23:40:02,884 [grpc-default-executor-1] INFO  client.GrpcClientProtocolClient (GrpcClientProtocolClient.java:onNext(255)) - client-7EF960CB3D58->c9f1298e-d840-49d8-aac3-de81602aa1d5: receive RaftClientReply:client-7EF960CB3D58->c9f1298e-d840-49d8-aac3-de81602aa1d5@group-E9810A644481, cid=1342, SUCCESS, logIndex=1864, commits[c9f1298e-d840-49d8-aac3-de81602aa1d5:c1866]
2019-08-30 23:40:02,884 [grpc-default-executor-1] INFO  client.GrpcClientProtocolClient (GrpcClientProtocolClient.java:onNext(255)) - client-7EF960CB3D58->c9f1298e-d840-49d8-aac3-de81602aa1d5: receive RaftClientReply:client-7EF960CB3D58->c9f1298e-d840-49d8-aac3-de81602aa1d5@group-E9810A644481, cid=1343, SUCCESS, logIndex=1865, commits[c9f1298e-d840-49d8-aac3-de81602aa1d5:c1866]
2019-08-30 23:40:02,885 [grpc-default-executor-1] INFO  client.GrpcClientProtocolClient (GrpcClientProtocolClient.java:onNext(255)) - client-7EF960CB3D58->c9f1298e-d840-49d8-aac3-de81602aa1d5: receive RaftClientReply:client-7EF960CB3D58->c9f1298e-d840-49d8-aac3-de81602aa1d5@group-E9810A644481, cid=1344, SUCCESS, logIndex=1866, commits[c9f1298e-d840-49d8-aac3-de81602aa1d5:c1866]
2019-08-30 23:40:02,926 [grpc-default-executor-1] INFO  client.GrpcClientProtocolClient (GrpcClientProtocolClient.java:onNext(255)) - client-7EF960CB3D58->c9f1298e-d840-49d8-aac3-de81602aa1d5: receive RaftClientReply:client-7EF960CB3D58->c9f1298e-d840-49d8-aac3-de81602aa1d5@group-E9810A644481, cid=1345, SUCCESS, logIndex=1868, commits[c9f1298e-d840-49d8-aac3-de81602aa1d5:c1869]
2019-08-30 23:40:02,927 [grpc-default-executor-1] INFO  client.GrpcClientProtocolClient (GrpcClientProtocolClient.java:onNext(255)) - client-7EF960CB3D58->c9f1298e-d840-49d8-aac3-de81602aa1d5: receive RaftClientReply:client-7EF960CB3D58->c9f1298e-d840-49d8-aac3-de81602aa1d5@group-E9810A644481, cid=1346, SUCCESS, logIndex=1869, commits[c9f1298e-d840-49d8-aac3-de81602aa1d5:c1869]
2019-08-30 23:40:02,941 [grpc-default-executor-1] INFO  client.GrpcClientProtocolClient (GrpcClientProtocolClient.java:onNext(255)) - client-7EF960CB3D58->c9f1298e-d840-49d8-aac3-de81602aa1d5: receive RaftClientReply:client-7EF960CB3D58->c9f1298e-d840-49d8-aac3-de81602aa1d5@group-E9810A644481, cid=1347, SUCCESS, logIndex=1870, commits[c9f1298e-d840-49d8-aac3-de81602aa1d5:c1871]
2019-08-30 23:40:02,942 [grpc-default-executor-1] INFO  client.GrpcClientProtocolClient (GrpcClientProtocolClient.java:onNext(255)) - client-7EF960CB3D58->c9f1298e-d840-49d8-aac3-de81602aa1d5: receive RaftClientReply:client-7EF960CB3D58->c9f1298e-d840-49d8-aac3-de81602aa1d5@group-E9810A644481, cid=1348, SUCCESS, logIndex=1871, commits[c9f1298e-d840-49d8-aac3-de81602aa1d5:c1871]
2019-08-30 23:40:02,959 [SCMBlockDeletingService#0] DEBUG block.SCMBlockDeletingService (SCMBlockDeletingService.java:call(138)) - Running DeletedBlockTransactionScanner
2019-08-30 23:40:02,960 [SCMBlockDeletingService#0] DEBUG block.SCMBlockDeletingService (SCMBlockDeletingService.java:call(155)) - Scanned deleted blocks log and got 0 delTX to process.
2019-08-30 23:40:02,973 [grpc-default-executor-0] INFO  client.GrpcClientProtocolClient (GrpcClientProtocolClient.java:onNext(255)) - client-7EF960CB3D58->c9f1298e-d840-49d8-aac3-de81602aa1d5: receive RaftClientReply:client-7EF960CB3D58->c9f1298e-d840-49d8-aac3-de81602aa1d5@group-E9810A644481, cid=1349, SUCCESS, logIndex=1874, commits[c9f1298e-d840-49d8-aac3-de81602aa1d5:c1875]
2019-08-30 23:40:02,973 [grpc-default-executor-0] INFO  client.GrpcClientProtocolClient (GrpcClientProtocolClient.java:onNext(255)) - client-7EF960CB3D58->c9f1298e-d840-49d8-aac3-de81602aa1d5: receive RaftClientReply:client-7EF960CB3D58->c9f1298e-d840-49d8-aac3-de81602aa1d5@group-E9810A644481, cid=1350, SUCCESS, logIndex=1875, commits[c9f1298e-d840-49d8-aac3-de81602aa1d5:c1877]
2019-08-30 23:40:02,973 [grpc-default-executor-0] INFO  client.GrpcClientProtocolClient (GrpcClientProtocolClient.java:onNext(255)) - client-7EF960CB3D58->c9f1298e-d840-49d8-aac3-de81602aa1d5: receive RaftClientReply:client-7EF960CB3D58->c9f1298e-d840-49d8-aac3-de81602aa1d5@group-E9810A644481, cid=1351, SUCCESS, logIndex=1876, commits[c9f1298e-d840-49d8-aac3-de81602aa1d5:c1877]
2019-08-30 23:40:02,974 [grpc-default-executor-0] INFO  client.GrpcClientProtocolClient (GrpcClientProtocolClient.java:onNext(255)) - client-7EF960CB3D58->c9f1298e-d840-49d8-aac3-de81602aa1d5: receive RaftClientReply:client-7EF960CB3D58->c9f1298e-d840-49d8-aac3-de81602aa1d5@group-E9810A644481, cid=1352, SUCCESS, logIndex=1877, commits[c9f1298e-d840-49d8-aac3-de81602aa1d5:c1877]
2019-08-30 23:40:03,002 [grpc-default-executor-0] INFO  client.GrpcClientProtocolClient (GrpcClientProtocolClient.java:onNext(255)) - client-7EF960CB3D58->c9f1298e-d840-49d8-aac3-de81602aa1d5: receive RaftClientReply:client-7EF960CB3D58->c9f1298e-d840-49d8-aac3-de81602aa1d5@group-E9810A644481, cid=1353, SUCCESS, logIndex=1880, commits[c9f1298e-d840-49d8-aac3-de81602aa1d5:c1883]
2019-08-30 23:40:03,003 [grpc-default-executor-0] INFO  client.GrpcClientProtocolClient (GrpcClientProtocolClient.java:onNext(255)) - client-7EF960CB3D58->c9f1298e-d840-49d8-aac3-de81602aa1d5: receive RaftClientReply:client-7EF960CB3D58->c9f1298e-d840-49d8-aac3-de81602aa1d5@group-E9810A644481, cid=1354, SUCCESS, logIndex=1881, commits[c9f1298e-d840-49d8-aac3-de81602aa1d5:c1883]
2019-08-30 23:40:03,003 [grpc-default-executor-0] INFO  client.GrpcClientProtocolClient (GrpcClientProtocolClient.java:onNext(255)) - client-7EF960CB3D58->c9f1298e-d840-49d8-aac3-de81602aa1d5: receive RaftClientReply:client-7EF960CB3D58->c9f1298e-d840-49d8-aac3-de81602aa1d5@group-E9810A644481, cid=1355, SUCCESS, logIndex=1882, commits[c9f1298e-d840-49d8-aac3-de81602aa1d5:c1883]
2019-08-30 23:40:03,004 [grpc-default-executor-0] INFO  client.GrpcClientProtocolClient (GrpcClientProtocolClient.java:onNext(255)) - client-7EF960CB3D58->c9f1298e-d840-49d8-aac3-de81602aa1d5: receive RaftClientReply:client-7EF960CB3D58->c9f1298e-d840-49d8-aac3-de81602aa1d5@group-E9810A644481, cid=1356, SUCCESS, logIndex=1883, commits[c9f1298e-d840-49d8-aac3-de81602aa1d5:c1883]
2019-08-30 23:40:03,020 [grpc-default-executor-0] INFO  client.GrpcClientProtocolClient (GrpcClientProtocolClient.java:onNext(255)) - client-7EF960CB3D58->c9f1298e-d840-49d8-aac3-de81602aa1d5: receive RaftClientReply:client-7EF960CB3D58->c9f1298e-d840-49d8-aac3-de81602aa1d5@group-E9810A644481, cid=1357, SUCCESS, logIndex=1885, commits[c9f1298e-d840-49d8-aac3-de81602aa1d5:c1886]
2019-08-30 23:40:03,020 [grpc-default-executor-0] INFO  client.GrpcClientProtocolClient (GrpcClientProtocolClient.java:onNext(255)) - client-7EF960CB3D58->c9f1298e-d840-49d8-aac3-de81602aa1d5: receive RaftClientReply:client-7EF960CB3D58->c9f1298e-d840-49d8-aac3-de81602aa1d5@group-E9810A644481, cid=1358, SUCCESS, logIndex=1886, commits[c9f1298e-d840-49d8-aac3-de81602aa1d5:c1886]
2019-08-30 23:40:03,031 [grpc-default-executor-0] INFO  client.GrpcClientProtocolClient (GrpcClientProtocolClient.java:onNext(255)) - client-7EF960CB3D58->c9f1298e-d840-49d8-aac3-de81602aa1d5: receive RaftClientReply:client-7EF960CB3D58->c9f1298e-d840-49d8-aac3-de81602aa1d5@group-E9810A644481, cid=1359, SUCCESS, logIndex=1887, commits[c9f1298e-d840-49d8-aac3-de81602aa1d5:c1888]
2019-08-30 23:40:03,031 [grpc-default-executor-0] INFO  client.GrpcClientProtocolClient (GrpcClientProtocolClient.java:onNext(255)) - client-7EF960CB3D58->c9f1298e-d840-49d8-aac3-de81602aa1d5: receive RaftClientReply:client-7EF960CB3D58->c9f1298e-d840-49d8-aac3-de81602aa1d5@group-E9810A644481, cid=1360, SUCCESS, logIndex=1888, commits[c9f1298e-d840-49d8-aac3-de81602aa1d5:c1888]
2019-08-30 23:40:03,055 [grpc-default-executor-1] INFO  client.GrpcClientProtocolClient (GrpcClientProtocolClient.java:onNext(255)) - client-7EF960CB3D58->c9f1298e-d840-49d8-aac3-de81602aa1d5: receive RaftClientReply:client-7EF960CB3D58->c9f1298e-d840-49d8-aac3-de81602aa1d5@group-E9810A644481, cid=1361, SUCCESS, logIndex=1891, commits[c9f1298e-d840-49d8-aac3-de81602aa1d5:c1892]
2019-08-30 23:40:03,056 [grpc-default-executor-1] INFO  client.GrpcClientProtocolClient (GrpcClientProtocolClient.java:onNext(255)) - client-7EF960CB3D58->c9f1298e-d840-49d8-aac3-de81602aa1d5: receive RaftClientReply:client-7EF960CB3D58->c9f1298e-d840-49d8-aac3-de81602aa1d5@group-E9810A644481, cid=1362, SUCCESS, logIndex=1892, commits[c9f1298e-d840-49d8-aac3-de81602aa1d5:c1892]
2019-08-30 23:40:03,060 [SCMBlockDeletingService#0] DEBUG block.SCMBlockDeletingService (SCMBlockDeletingService.java:call(138)) - Running DeletedBlockTransactionScanner
2019-08-30 23:40:03,060 [SCMBlockDeletingService#0] DEBUG block.SCMBlockDeletingService (SCMBlockDeletingService.java:call(155)) - Scanned deleted blocks log and got 0 delTX to process.
2019-08-30 23:40:03,064 [grpc-default-executor-1] INFO  client.GrpcClientProtocolClient (GrpcClientProtocolClient.java:onNext(255)) - client-7EF960CB3D58->c9f1298e-d840-49d8-aac3-de81602aa1d5: receive RaftClientReply:client-7EF960CB3D58->c9f1298e-d840-49d8-aac3-de81602aa1d5@group-E9810A644481, cid=1363, SUCCESS, logIndex=1893, commits[c9f1298e-d840-49d8-aac3-de81602aa1d5:c1894]
2019-08-30 23:40:03,065 [grpc-default-executor-1] INFO  client.GrpcClientProtocolClient (GrpcClientProtocolClient.java:onNext(255)) - client-7EF960CB3D58->c9f1298e-d840-49d8-aac3-de81602aa1d5: receive RaftClientReply:client-7EF960CB3D58->c9f1298e-d840-49d8-aac3-de81602aa1d5@group-E9810A644481, cid=1364, SUCCESS, logIndex=1894, commits[c9f1298e-d840-49d8-aac3-de81602aa1d5:c1894]
2019-08-30 23:40:03,096 [grpc-default-executor-0] INFO  client.GrpcClientProtocolClient (GrpcClientProtocolClient.java:onNext(255)) - client-7EF960CB3D58->c9f1298e-d840-49d8-aac3-de81602aa1d5: receive RaftClientReply:client-7EF960CB3D58->c9f1298e-d840-49d8-aac3-de81602aa1d5@group-E9810A644481, cid=1365, SUCCESS, logIndex=1897, commits[c9f1298e-d840-49d8-aac3-de81602aa1d5:c1900]
2019-08-30 23:40:03,096 [grpc-default-executor-0] INFO  client.GrpcClientProtocolClient (GrpcClientProtocolClient.java:onNext(255)) - client-7EF960CB3D58->c9f1298e-d840-49d8-aac3-de81602aa1d5: receive RaftClientReply:client-7EF960CB3D58->c9f1298e-d840-49d8-aac3-de81602aa1d5@group-E9810A644481, cid=1366, SUCCESS, logIndex=1898, commits[c9f1298e-d840-49d8-aac3-de81602aa1d5:c1900]
2019-08-30 23:40:03,097 [grpc-default-executor-0] INFO  client.GrpcClientProtocolClient (GrpcClientProtocolClient.java:onNext(255)) - client-7EF960CB3D58->c9f1298e-d840-49d8-aac3-de81602aa1d5: receive RaftClientReply:client-7EF960CB3D58->c9f1298e-d840-49d8-aac3-de81602aa1d5@group-E9810A644481, cid=1367, SUCCESS, logIndex=1899, commits[c9f1298e-d840-49d8-aac3-de81602aa1d5:c1900]
2019-08-30 23:40:03,097 [grpc-default-executor-0] INFO  client.GrpcClientProtocolClient (GrpcClientProtocolClient.java:onNext(255)) - client-7EF960CB3D58->c9f1298e-d840-49d8-aac3-de81602aa1d5: receive RaftClientReply:client-7EF960CB3D58->c9f1298e-d840-49d8-aac3-de81602aa1d5@group-E9810A644481, cid=1368, SUCCESS, logIndex=1900, commits[c9f1298e-d840-49d8-aac3-de81602aa1d5:c1900]
2019-08-30 23:40:03,123 [grpc-default-executor-1] INFO  client.GrpcClientProtocolClient (GrpcClientProtocolClient.java:onNext(255)) - client-7EF960CB3D58->c9f1298e-d840-49d8-aac3-de81602aa1d5: receive RaftClientReply:client-7EF960CB3D58->c9f1298e-d840-49d8-aac3-de81602aa1d5@group-E9810A644481, cid=1369, SUCCESS, logIndex=1902, commits[c9f1298e-d840-49d8-aac3-de81602aa1d5:c1903]
2019-08-30 23:40:03,124 [grpc-default-executor-1] INFO  client.GrpcClientProtocolClient (GrpcClientProtocolClient.java:onNext(255)) - client-7EF960CB3D58->c9f1298e-d840-49d8-aac3-de81602aa1d5: receive RaftClientReply:client-7EF960CB3D58->c9f1298e-d840-49d8-aac3-de81602aa1d5@group-E9810A644481, cid=1370, SUCCESS, logIndex=1903, commits[c9f1298e-d840-49d8-aac3-de81602aa1d5:c1903]
2019-08-30 23:40:03,161 [SCMBlockDeletingService#0] DEBUG block.SCMBlockDeletingService (SCMBlockDeletingService.java:call(138)) - Running DeletedBlockTransactionScanner
2019-08-30 23:40:03,161 [SCMBlockDeletingService#0] DEBUG block.SCMBlockDeletingService (SCMBlockDeletingService.java:call(155)) - Scanned deleted blocks log and got 0 delTX to process.
2019-08-30 23:40:03,261 [SCMBlockDeletingService#0] DEBUG block.SCMBlockDeletingService (SCMBlockDeletingService.java:call(138)) - Running DeletedBlockTransactionScanner
2019-08-30 23:40:03,262 [SCMBlockDeletingService#0] DEBUG block.SCMBlockDeletingService (SCMBlockDeletingService.java:call(155)) - Scanned deleted blocks log and got 0 delTX to process.
2019-08-30 23:40:03,300 [grpc-default-executor-1] INFO  client.GrpcClientProtocolClient (GrpcClientProtocolClient.java:onNext(255)) - client-7EF960CB3D58->c9f1298e-d840-49d8-aac3-de81602aa1d5: receive RaftClientReply:client-7EF960CB3D58->c9f1298e-d840-49d8-aac3-de81602aa1d5@group-E9810A644481, cid=1371, SUCCESS, logIndex=1905, commits[c9f1298e-d840-49d8-aac3-de81602aa1d5:c1906]
2019-08-30 23:40:03,300 [grpc-default-executor-1] INFO  client.GrpcClientProtocolClient (GrpcClientProtocolClient.java:onNext(255)) - client-7EF960CB3D58->c9f1298e-d840-49d8-aac3-de81602aa1d5: receive RaftClientReply:client-7EF960CB3D58->c9f1298e-d840-49d8-aac3-de81602aa1d5@group-E9810A644481, cid=1372, SUCCESS, logIndex=1906, commits[c9f1298e-d840-49d8-aac3-de81602aa1d5:c1906]
2019-08-30 23:40:03,333 [grpc-default-executor-1] INFO  client.GrpcClientProtocolClient (GrpcClientProtocolClient.java:onNext(255)) - client-7EF960CB3D58->c9f1298e-d840-49d8-aac3-de81602aa1d5: receive RaftClientReply:client-7EF960CB3D58->c9f1298e-d840-49d8-aac3-de81602aa1d5@group-E9810A644481, cid=1373, SUCCESS, logIndex=1908, commits[c9f1298e-d840-49d8-aac3-de81602aa1d5:c1909]
2019-08-30 23:40:03,334 [grpc-default-executor-1] INFO  client.GrpcClientProtocolClient (GrpcClientProtocolClient.java:onNext(255)) - client-7EF960CB3D58->c9f1298e-d840-49d8-aac3-de81602aa1d5: receive RaftClientReply:client-7EF960CB3D58->c9f1298e-d840-49d8-aac3-de81602aa1d5@group-E9810A644481, cid=1374, SUCCESS, logIndex=1909, commits[c9f1298e-d840-49d8-aac3-de81602aa1d5:c1909]
2019-08-30 23:40:03,351 [grpc-default-executor-1] INFO  client.GrpcClientProtocolClient (GrpcClientProtocolClient.java:onNext(255)) - client-7EF960CB3D58->c9f1298e-d840-49d8-aac3-de81602aa1d5: receive RaftClientReply:client-7EF960CB3D58->c9f1298e-d840-49d8-aac3-de81602aa1d5@group-E9810A644481, cid=1375, SUCCESS, logIndex=1910, commits[c9f1298e-d840-49d8-aac3-de81602aa1d5:c1911]
2019-08-30 23:40:03,352 [grpc-default-executor-1] INFO  client.GrpcClientProtocolClient (GrpcClientProtocolClient.java:onNext(255)) - client-7EF960CB3D58->c9f1298e-d840-49d8-aac3-de81602aa1d5: receive RaftClientReply:client-7EF960CB3D58->c9f1298e-d840-49d8-aac3-de81602aa1d5@group-E9810A644481, cid=1376, SUCCESS, logIndex=1911, commits[c9f1298e-d840-49d8-aac3-de81602aa1d5:c1911]
2019-08-30 23:40:03,362 [SCMBlockDeletingService#0] DEBUG block.SCMBlockDeletingService (SCMBlockDeletingService.java:call(138)) - Running DeletedBlockTransactionScanner
2019-08-30 23:40:03,362 [SCMBlockDeletingService#0] DEBUG block.SCMBlockDeletingService (SCMBlockDeletingService.java:call(155)) - Scanned deleted blocks log and got 0 delTX to process.
2019-08-30 23:40:03,371 [grpc-default-executor-1] INFO  client.GrpcClientProtocolClient (GrpcClientProtocolClient.java:onNext(255)) - client-7EF960CB3D58->c9f1298e-d840-49d8-aac3-de81602aa1d5: receive RaftClientReply:client-7EF960CB3D58->c9f1298e-d840-49d8-aac3-de81602aa1d5@group-E9810A644481, cid=1377, SUCCESS, logIndex=1914, commits[c9f1298e-d840-49d8-aac3-de81602aa1d5:c1915]
2019-08-30 23:40:03,373 [grpc-default-executor-1] INFO  client.GrpcClientProtocolClient (GrpcClientProtocolClient.java:onNext(255)) - client-7EF960CB3D58->c9f1298e-d840-49d8-aac3-de81602aa1d5: receive RaftClientReply:client-7EF960CB3D58->c9f1298e-d840-49d8-aac3-de81602aa1d5@group-E9810A644481, cid=1378, SUCCESS, logIndex=1915, commits[c9f1298e-d840-49d8-aac3-de81602aa1d5:c1915]
2019-08-30 23:40:03,377 [grpc-default-executor-1] INFO  client.GrpcClientProtocolClient (GrpcClientProtocolClient.java:onNext(255)) - client-7EF960CB3D58->c9f1298e-d840-49d8-aac3-de81602aa1d5: receive RaftClientReply:client-7EF960CB3D58->c9f1298e-d840-49d8-aac3-de81602aa1d5@group-E9810A644481, cid=1379, SUCCESS, logIndex=1916, commits[c9f1298e-d840-49d8-aac3-de81602aa1d5:c1918]
2019-08-30 23:40:03,377 [grpc-default-executor-1] INFO  client.GrpcClientProtocolClient (GrpcClientProtocolClient.java:onNext(255)) - client-7EF960CB3D58->c9f1298e-d840-49d8-aac3-de81602aa1d5: receive RaftClientReply:client-7EF960CB3D58->c9f1298e-d840-49d8-aac3-de81602aa1d5@group-E9810A644481, cid=1380, SUCCESS, logIndex=1917, commits[c9f1298e-d840-49d8-aac3-de81602aa1d5:c1918]
2019-08-30 23:40:03,388 [grpc-default-executor-1] INFO  client.GrpcClientProtocolClient (GrpcClientProtocolClient.java:onNext(255)) - client-7EF960CB3D58->c9f1298e-d840-49d8-aac3-de81602aa1d5: receive RaftClientReply:client-7EF960CB3D58->c9f1298e-d840-49d8-aac3-de81602aa1d5@group-E9810A644481, cid=1381, SUCCESS, logIndex=1919, commits[c9f1298e-d840-49d8-aac3-de81602aa1d5:c1920]
2019-08-30 23:40:03,388 [grpc-default-executor-1] INFO  client.GrpcClientProtocolClient (GrpcClientProtocolClient.java:onNext(255)) - client-7EF960CB3D58->c9f1298e-d840-49d8-aac3-de81602aa1d5: receive RaftClientReply:client-7EF960CB3D58->c9f1298e-d840-49d8-aac3-de81602aa1d5@group-E9810A644481, cid=1382, SUCCESS, logIndex=1920, commits[c9f1298e-d840-49d8-aac3-de81602aa1d5:c1920]
2019-08-30 23:40:03,393 [grpc-default-executor-1] INFO  client.GrpcClientProtocolClient (GrpcClientProtocolClient.java:onNext(255)) - client-7EF960CB3D58->c9f1298e-d840-49d8-aac3-de81602aa1d5: receive RaftClientReply:client-7EF960CB3D58->c9f1298e-d840-49d8-aac3-de81602aa1d5@group-E9810A644481, cid=1383, SUCCESS, logIndex=1921, commits[c9f1298e-d840-49d8-aac3-de81602aa1d5:c1923]
2019-08-30 23:40:03,393 [grpc-default-executor-1] INFO  client.GrpcClientProtocolClient (GrpcClientProtocolClient.java:onNext(255)) - client-7EF960CB3D58->c9f1298e-d840-49d8-aac3-de81602aa1d5: receive RaftClientReply:client-7EF960CB3D58->c9f1298e-d840-49d8-aac3-de81602aa1d5@group-E9810A644481, cid=1384, SUCCESS, logIndex=1922, commits[c9f1298e-d840-49d8-aac3-de81602aa1d5:c1923]
2019-08-30 23:40:03,416 [grpc-default-executor-0] INFO  client.GrpcClientProtocolClient (GrpcClientProtocolClient.java:onNext(255)) - client-7EF960CB3D58->c9f1298e-d840-49d8-aac3-de81602aa1d5: receive RaftClientReply:client-7EF960CB3D58->c9f1298e-d840-49d8-aac3-de81602aa1d5@group-E9810A644481, cid=1385, SUCCESS, logIndex=1924, commits[c9f1298e-d840-49d8-aac3-de81602aa1d5:c1925]
2019-08-30 23:40:03,417 [grpc-default-executor-0] INFO  client.GrpcClientProtocolClient (GrpcClientProtocolClient.java:onNext(255)) - client-7EF960CB3D58->c9f1298e-d840-49d8-aac3-de81602aa1d5: receive RaftClientReply:client-7EF960CB3D58->c9f1298e-d840-49d8-aac3-de81602aa1d5@group-E9810A644481, cid=1386, SUCCESS, logIndex=1925, commits[c9f1298e-d840-49d8-aac3-de81602aa1d5:c1925]
2019-08-30 23:40:03,425 [grpc-default-executor-0] INFO  client.GrpcClientProtocolClient (GrpcClientProtocolClient.java:onNext(255)) - client-7EF960CB3D58->c9f1298e-d840-49d8-aac3-de81602aa1d5: receive RaftClientReply:client-7EF960CB3D58->c9f1298e-d840-49d8-aac3-de81602aa1d5@group-E9810A644481, cid=1387, SUCCESS, logIndex=1926, commits[c9f1298e-d840-49d8-aac3-de81602aa1d5:c1927]
2019-08-30 23:40:03,426 [grpc-default-executor-0] INFO  client.GrpcClientProtocolClient (GrpcClientProtocolClient.java:onNext(255)) - client-7EF960CB3D58->c9f1298e-d840-49d8-aac3-de81602aa1d5: receive RaftClientReply:client-7EF960CB3D58->c9f1298e-d840-49d8-aac3-de81602aa1d5@group-E9810A644481, cid=1388, SUCCESS, logIndex=1927, commits[c9f1298e-d840-49d8-aac3-de81602aa1d5:c1927]
2019-08-30 23:40:03,449 [grpc-default-executor-1] INFO  client.GrpcClientProtocolClient (GrpcClientProtocolClient.java:onNext(255)) - client-7EF960CB3D58->c9f1298e-d840-49d8-aac3-de81602aa1d5: receive RaftClientReply:client-7EF960CB3D58->c9f1298e-d840-49d8-aac3-de81602aa1d5@group-E9810A644481, cid=1389, SUCCESS, logIndex=1930, commits[c9f1298e-d840-49d8-aac3-de81602aa1d5:c1933]
2019-08-30 23:40:03,450 [grpc-default-executor-1] INFO  client.GrpcClientProtocolClient (GrpcClientProtocolClient.java:onNext(255)) - client-7EF960CB3D58->c9f1298e-d840-49d8-aac3-de81602aa1d5: receive RaftClientReply:client-7EF960CB3D58->c9f1298e-d840-49d8-aac3-de81602aa1d5@group-E9810A644481, cid=1390, SUCCESS, logIndex=1931, commits[c9f1298e-d840-49d8-aac3-de81602aa1d5:c1933]
2019-08-30 23:40:03,450 [grpc-default-executor-1] INFO  client.GrpcClientProtocolClient (GrpcClientProtocolClient.java:onNext(255)) - client-7EF960CB3D58->c9f1298e-d840-49d8-aac3-de81602aa1d5: receive RaftClientReply:client-7EF960CB3D58->c9f1298e-d840-49d8-aac3-de81602aa1d5@group-E9810A644481, cid=1391, SUCCESS, logIndex=1932, commits[c9f1298e-d840-49d8-aac3-de81602aa1d5:c1933]
2019-08-30 23:40:03,451 [grpc-default-executor-1] INFO  client.GrpcClientProtocolClient (GrpcClientProtocolClient.java:onNext(255)) - client-7EF960CB3D58->c9f1298e-d840-49d8-aac3-de81602aa1d5: receive RaftClientReply:client-7EF960CB3D58->c9f1298e-d840-49d8-aac3-de81602aa1d5@group-E9810A644481, cid=1392, SUCCESS, logIndex=1933, commits[c9f1298e-d840-49d8-aac3-de81602aa1d5:c1933]
2019-08-30 23:40:03,462 [SCMBlockDeletingService#0] DEBUG block.SCMBlockDeletingService (SCMBlockDeletingService.java:call(138)) - Running DeletedBlockTransactionScanner
2019-08-30 23:40:03,463 [SCMBlockDeletingService#0] DEBUG block.SCMBlockDeletingService (SCMBlockDeletingService.java:call(155)) - Scanned deleted blocks log and got 0 delTX to process.
2019-08-30 23:40:03,478 [grpc-default-executor-0] INFO  client.GrpcClientProtocolClient (GrpcClientProtocolClient.java:onNext(255)) - client-7EF960CB3D58->c9f1298e-d840-49d8-aac3-de81602aa1d5: receive RaftClientReply:client-7EF960CB3D58->c9f1298e-d840-49d8-aac3-de81602aa1d5@group-E9810A644481, cid=1393, SUCCESS, logIndex=1935, commits[c9f1298e-d840-49d8-aac3-de81602aa1d5:c1936]
2019-08-30 23:40:03,479 [grpc-default-executor-0] INFO  client.GrpcClientProtocolClient (GrpcClientProtocolClient.java:onNext(255)) - client-7EF960CB3D58->c9f1298e-d840-49d8-aac3-de81602aa1d5: receive RaftClientReply:client-7EF960CB3D58->c9f1298e-d840-49d8-aac3-de81602aa1d5@group-E9810A644481, cid=1394, SUCCESS, logIndex=1936, commits[c9f1298e-d840-49d8-aac3-de81602aa1d5:c1936]
2019-08-30 23:40:03,485 [grpc-default-executor-0] INFO  client.GrpcClientProtocolClient (GrpcClientProtocolClient.java:onNext(255)) - client-7EF960CB3D58->c9f1298e-d840-49d8-aac3-de81602aa1d5: receive RaftClientReply:client-7EF960CB3D58->c9f1298e-d840-49d8-aac3-de81602aa1d5@group-E9810A644481, cid=1395, SUCCESS, logIndex=1937, commits[c9f1298e-d840-49d8-aac3-de81602aa1d5:c1938]
2019-08-30 23:40:03,485 [grpc-default-executor-0] INFO  client.GrpcClientProtocolClient (GrpcClientProtocolClient.java:onNext(255)) - client-7EF960CB3D58->c9f1298e-d840-49d8-aac3-de81602aa1d5: receive RaftClientReply:client-7EF960CB3D58->c9f1298e-d840-49d8-aac3-de81602aa1d5@group-E9810A644481, cid=1396, SUCCESS, logIndex=1938, commits[c9f1298e-d840-49d8-aac3-de81602aa1d5:c1938]
2019-08-30 23:40:03,506 [grpc-default-executor-0] INFO  client.GrpcClientProtocolClient (GrpcClientProtocolClient.java:onNext(255)) - client-7EF960CB3D58->c9f1298e-d840-49d8-aac3-de81602aa1d5: receive RaftClientReply:client-7EF960CB3D58->c9f1298e-d840-49d8-aac3-de81602aa1d5@group-E9810A644481, cid=1397, SUCCESS, logIndex=1941, commits[c9f1298e-d840-49d8-aac3-de81602aa1d5:c1944]
2019-08-30 23:40:03,506 [grpc-default-executor-0] INFO  client.GrpcClientProtocolClient (GrpcClientProtocolClient.java:onNext(255)) - client-7EF960CB3D58->c9f1298e-d840-49d8-aac3-de81602aa1d5: receive RaftClientReply:client-7EF960CB3D58->c9f1298e-d840-49d8-aac3-de81602aa1d5@group-E9810A644481, cid=1398, SUCCESS, logIndex=1942, commits[c9f1298e-d840-49d8-aac3-de81602aa1d5:c1944]
2019-08-30 23:40:03,507 [grpc-default-executor-0] INFO  client.GrpcClientProtocolClient (GrpcClientProtocolClient.java:onNext(255)) - client-7EF960CB3D58->c9f1298e-d840-49d8-aac3-de81602aa1d5: receive RaftClientReply:client-7EF960CB3D58->c9f1298e-d840-49d8-aac3-de81602aa1d5@group-E9810A644481, cid=1399, SUCCESS, logIndex=1943, commits[c9f1298e-d840-49d8-aac3-de81602aa1d5:c1944]
2019-08-30 23:40:03,507 [grpc-default-executor-0] INFO  client.GrpcClientProtocolClient (GrpcClientProtocolClient.java:onNext(255)) - client-7EF960CB3D58->c9f1298e-d840-49d8-aac3-de81602aa1d5: receive RaftClientReply:client-7EF960CB3D58->c9f1298e-d840-49d8-aac3-de81602aa1d5@group-E9810A644481, cid=1400, SUCCESS, logIndex=1944, commits[c9f1298e-d840-49d8-aac3-de81602aa1d5:c1944]
2019-08-30 23:40:03,533 [grpc-default-executor-0] INFO  client.GrpcClientProtocolClient (GrpcClientProtocolClient.java:onNext(255)) - client-7EF960CB3D58->c9f1298e-d840-49d8-aac3-de81602aa1d5: receive RaftClientReply:client-7EF960CB3D58->c9f1298e-d840-49d8-aac3-de81602aa1d5@group-E9810A644481, cid=1401, SUCCESS, logIndex=1946, commits[c9f1298e-d840-49d8-aac3-de81602aa1d5:c1947]
2019-08-30 23:40:03,534 [grpc-default-executor-0] INFO  client.GrpcClientProtocolClient (GrpcClientProtocolClient.java:onNext(255)) - client-7EF960CB3D58->c9f1298e-d840-49d8-aac3-de81602aa1d5: receive RaftClientReply:client-7EF960CB3D58->c9f1298e-d840-49d8-aac3-de81602aa1d5@group-E9810A644481, cid=1402, SUCCESS, logIndex=1947, commits[c9f1298e-d840-49d8-aac3-de81602aa1d5:c1947]
2019-08-30 23:40:03,563 [SCMBlockDeletingService#0] DEBUG block.SCMBlockDeletingService (SCMBlockDeletingService.java:call(138)) - Running DeletedBlockTransactionScanner
2019-08-30 23:40:03,563 [SCMBlockDeletingService#0] DEBUG block.SCMBlockDeletingService (SCMBlockDeletingService.java:call(155)) - Scanned deleted blocks log and got 0 delTX to process.
2019-08-30 23:40:03,614 [grpc-default-executor-0] INFO  client.GrpcClientProtocolClient (GrpcClientProtocolClient.java:onNext(255)) - client-7EF960CB3D58->c9f1298e-d840-49d8-aac3-de81602aa1d5: receive RaftClientReply:client-7EF960CB3D58->c9f1298e-d840-49d8-aac3-de81602aa1d5@group-E9810A644481, cid=1403, SUCCESS, logIndex=1948, commits[c9f1298e-d840-49d8-aac3-de81602aa1d5:c1949]
2019-08-30 23:40:03,614 [grpc-default-executor-0] INFO  client.GrpcClientProtocolClient (GrpcClientProtocolClient.java:onNext(255)) - client-7EF960CB3D58->c9f1298e-d840-49d8-aac3-de81602aa1d5: receive RaftClientReply:client-7EF960CB3D58->c9f1298e-d840-49d8-aac3-de81602aa1d5@group-E9810A644481, cid=1404, SUCCESS, logIndex=1949, commits[c9f1298e-d840-49d8-aac3-de81602aa1d5:c1949]
2019-08-30 23:40:03,664 [SCMBlockDeletingService#0] DEBUG block.SCMBlockDeletingService (SCMBlockDeletingService.java:call(138)) - Running DeletedBlockTransactionScanner
2019-08-30 23:40:03,664 [SCMBlockDeletingService#0] DEBUG block.SCMBlockDeletingService (SCMBlockDeletingService.java:call(155)) - Scanned deleted blocks log and got 0 delTX to process.
2019-08-30 23:40:03,728 [grpc-default-executor-0] INFO  client.GrpcClientProtocolClient (GrpcClientProtocolClient.java:onNext(255)) - client-7EF960CB3D58->c9f1298e-d840-49d8-aac3-de81602aa1d5: receive RaftClientReply:client-7EF960CB3D58->c9f1298e-d840-49d8-aac3-de81602aa1d5@group-E9810A644481, cid=1405, SUCCESS, logIndex=1952, commits[c9f1298e-d840-49d8-aac3-de81602aa1d5:c1955]
2019-08-30 23:40:03,728 [grpc-default-executor-0] INFO  client.GrpcClientProtocolClient (GrpcClientProtocolClient.java:onNext(255)) - client-7EF960CB3D58->c9f1298e-d840-49d8-aac3-de81602aa1d5: receive RaftClientReply:client-7EF960CB3D58->c9f1298e-d840-49d8-aac3-de81602aa1d5@group-E9810A644481, cid=1406, SUCCESS, logIndex=1953, commits[c9f1298e-d840-49d8-aac3-de81602aa1d5:c1955]
2019-08-30 23:40:03,728 [grpc-default-executor-0] INFO  client.GrpcClientProtocolClient (GrpcClientProtocolClient.java:onNext(255)) - client-7EF960CB3D58->c9f1298e-d840-49d8-aac3-de81602aa1d5: receive RaftClientReply:client-7EF960CB3D58->c9f1298e-d840-49d8-aac3-de81602aa1d5@group-E9810A644481, cid=1407, SUCCESS, logIndex=1954, commits[c9f1298e-d840-49d8-aac3-de81602aa1d5:c1955]
2019-08-30 23:40:03,729 [grpc-default-executor-0] INFO  client.GrpcClientProtocolClient (GrpcClientProtocolClient.java:onNext(255)) - client-7EF960CB3D58->c9f1298e-d840-49d8-aac3-de81602aa1d5: receive RaftClientReply:client-7EF960CB3D58->c9f1298e-d840-49d8-aac3-de81602aa1d5@group-E9810A644481, cid=1408, SUCCESS, logIndex=1955, commits[c9f1298e-d840-49d8-aac3-de81602aa1d5:c1955]
2019-08-30 23:40:03,754 [grpc-default-executor-0] INFO  client.GrpcClientProtocolClient (GrpcClientProtocolClient.java:onNext(255)) - client-7EF960CB3D58->c9f1298e-d840-49d8-aac3-de81602aa1d5: receive RaftClientReply:client-7EF960CB3D58->c9f1298e-d840-49d8-aac3-de81602aa1d5@group-E9810A644481, cid=1409, SUCCESS, logIndex=1957, commits[c9f1298e-d840-49d8-aac3-de81602aa1d5:c1958]
2019-08-30 23:40:03,755 [grpc-default-executor-0] INFO  client.GrpcClientProtocolClient (GrpcClientProtocolClient.java:onNext(255)) - client-7EF960CB3D58->c9f1298e-d840-49d8-aac3-de81602aa1d5: receive RaftClientReply:client-7EF960CB3D58->c9f1298e-d840-49d8-aac3-de81602aa1d5@group-E9810A644481, cid=1410, SUCCESS, logIndex=1958, commits[c9f1298e-d840-49d8-aac3-de81602aa1d5:c1958]
2019-08-30 23:40:03,765 [SCMBlockDeletingService#0] DEBUG block.SCMBlockDeletingService (SCMBlockDeletingService.java:call(138)) - Running DeletedBlockTransactionScanner
2019-08-30 23:40:03,765 [SCMBlockDeletingService#0] DEBUG block.SCMBlockDeletingService (SCMBlockDeletingService.java:call(155)) - Scanned deleted blocks log and got 0 delTX to process.
2019-08-30 23:40:03,768 [grpc-default-executor-0] INFO  client.GrpcClientProtocolClient (GrpcClientProtocolClient.java:onNext(255)) - client-7EF960CB3D58->c9f1298e-d840-49d8-aac3-de81602aa1d5: receive RaftClientReply:client-7EF960CB3D58->c9f1298e-d840-49d8-aac3-de81602aa1d5@group-E9810A644481, cid=1411, SUCCESS, logIndex=1959, commits[c9f1298e-d840-49d8-aac3-de81602aa1d5:c1960]
2019-08-30 23:40:03,769 [grpc-default-executor-0] INFO  client.GrpcClientProtocolClient (GrpcClientProtocolClient.java:onNext(255)) - client-7EF960CB3D58->c9f1298e-d840-49d8-aac3-de81602aa1d5: receive RaftClientReply:client-7EF960CB3D58->c9f1298e-d840-49d8-aac3-de81602aa1d5@group-E9810A644481, cid=1412, SUCCESS, logIndex=1960, commits[c9f1298e-d840-49d8-aac3-de81602aa1d5:c1960]
2019-08-30 23:40:03,866 [SCMBlockDeletingService#0] DEBUG block.SCMBlockDeletingService (SCMBlockDeletingService.java:call(138)) - Running DeletedBlockTransactionScanner
2019-08-30 23:40:03,867 [SCMBlockDeletingService#0] DEBUG block.SCMBlockDeletingService (SCMBlockDeletingService.java:call(155)) - Scanned deleted blocks log and got 0 delTX to process.
2019-08-30 23:40:03,921 [grpc-default-executor-1] INFO  client.GrpcClientProtocolClient (GrpcClientProtocolClient.java:onNext(255)) - client-7EF960CB3D58->c9f1298e-d840-49d8-aac3-de81602aa1d5: receive RaftClientReply:client-7EF960CB3D58->c9f1298e-d840-49d8-aac3-de81602aa1d5@group-E9810A644481, cid=1413, SUCCESS, logIndex=1963, commits[c9f1298e-d840-49d8-aac3-de81602aa1d5:c1964]
2019-08-30 23:40:03,921 [grpc-default-executor-1] INFO  client.GrpcClientProtocolClient (GrpcClientProtocolClient.java:onNext(255)) - client-7EF960CB3D58->c9f1298e-d840-49d8-aac3-de81602aa1d5: receive RaftClientReply:client-7EF960CB3D58->c9f1298e-d840-49d8-aac3-de81602aa1d5@group-E9810A644481, cid=1414, SUCCESS, logIndex=1964, commits[c9f1298e-d840-49d8-aac3-de81602aa1d5:c1965]
2019-08-30 23:40:03,967 [SCMBlockDeletingService#0] DEBUG block.SCMBlockDeletingService (SCMBlockDeletingService.java:call(138)) - Running DeletedBlockTransactionScanner
2019-08-30 23:40:03,968 [SCMBlockDeletingService#0] DEBUG block.SCMBlockDeletingService (SCMBlockDeletingService.java:call(155)) - Scanned deleted blocks log and got 0 delTX to process.
2019-08-30 23:40:03,986 [grpc-default-executor-0] INFO  client.GrpcClientProtocolClient (GrpcClientProtocolClient.java:onNext(255)) - client-7EF960CB3D58->c9f1298e-d840-49d8-aac3-de81602aa1d5: receive RaftClientReply:client-7EF960CB3D58->c9f1298e-d840-49d8-aac3-de81602aa1d5@group-E9810A644481, cid=1415, SUCCESS, logIndex=1966, commits[c9f1298e-d840-49d8-aac3-de81602aa1d5:c1967]
2019-08-30 23:40:03,987 [grpc-default-executor-0] INFO  client.GrpcClientProtocolClient (GrpcClientProtocolClient.java:onNext(255)) - client-7EF960CB3D58->c9f1298e-d840-49d8-aac3-de81602aa1d5: receive RaftClientReply:client-7EF960CB3D58->c9f1298e-d840-49d8-aac3-de81602aa1d5@group-E9810A644481, cid=1416, SUCCESS, logIndex=1967, commits[c9f1298e-d840-49d8-aac3-de81602aa1d5:c1967]
2019-08-30 23:40:04,013 [grpc-default-executor-1] INFO  client.GrpcClientProtocolClient (GrpcClientProtocolClient.java:onNext(255)) - client-7EF960CB3D58->c9f1298e-d840-49d8-aac3-de81602aa1d5: receive RaftClientReply:client-7EF960CB3D58->c9f1298e-d840-49d8-aac3-de81602aa1d5@group-E9810A644481, cid=1417, SUCCESS, logIndex=1969, commits[c9f1298e-d840-49d8-aac3-de81602aa1d5:c1972]
2019-08-30 23:40:04,014 [grpc-default-executor-1] INFO  client.GrpcClientProtocolClient (GrpcClientProtocolClient.java:onNext(255)) - client-7EF960CB3D58->c9f1298e-d840-49d8-aac3-de81602aa1d5: receive RaftClientReply:client-7EF960CB3D58->c9f1298e-d840-49d8-aac3-de81602aa1d5@group-E9810A644481, cid=1418, SUCCESS, logIndex=1970, commits[c9f1298e-d840-49d8-aac3-de81602aa1d5:c1972]
2019-08-30 23:40:04,014 [grpc-default-executor-1] INFO  client.GrpcClientProtocolClient (GrpcClientProtocolClient.java:onNext(255)) - client-7EF960CB3D58->c9f1298e-d840-49d8-aac3-de81602aa1d5: receive RaftClientReply:client-7EF960CB3D58->c9f1298e-d840-49d8-aac3-de81602aa1d5@group-E9810A644481, cid=1419, SUCCESS, logIndex=1971, commits[c9f1298e-d840-49d8-aac3-de81602aa1d5:c1972]
2019-08-30 23:40:04,014 [grpc-default-executor-1] INFO  client.GrpcClientProtocolClient (GrpcClientProtocolClient.java:onNext(255)) - client-7EF960CB3D58->c9f1298e-d840-49d8-aac3-de81602aa1d5: receive RaftClientReply:client-7EF960CB3D58->c9f1298e-d840-49d8-aac3-de81602aa1d5@group-E9810A644481, cid=1420, SUCCESS, logIndex=1972, commits[c9f1298e-d840-49d8-aac3-de81602aa1d5:c1972]
2019-08-30 23:40:04,035 [grpc-default-executor-1] INFO  client.GrpcClientProtocolClient (GrpcClientProtocolClient.java:onNext(255)) - client-7EF960CB3D58->c9f1298e-d840-49d8-aac3-de81602aa1d5: receive RaftClientReply:client-7EF960CB3D58->c9f1298e-d840-49d8-aac3-de81602aa1d5@group-E9810A644481, cid=1421, SUCCESS, logIndex=1974, commits[c9f1298e-d840-49d8-aac3-de81602aa1d5:c1977]
2019-08-30 23:40:04,035 [grpc-default-executor-1] INFO  client.GrpcClientProtocolClient (GrpcClientProtocolClient.java:onNext(255)) - client-7EF960CB3D58->c9f1298e-d840-49d8-aac3-de81602aa1d5: receive RaftClientReply:client-7EF960CB3D58->c9f1298e-d840-49d8-aac3-de81602aa1d5@group-E9810A644481, cid=1422, SUCCESS, logIndex=1975, commits[c9f1298e-d840-49d8-aac3-de81602aa1d5:c1977]
2019-08-30 23:40:04,035 [grpc-default-executor-1] INFO  client.GrpcClientProtocolClient (GrpcClientProtocolClient.java:onNext(255)) - client-7EF960CB3D58->c9f1298e-d840-49d8-aac3-de81602aa1d5: receive RaftClientReply:client-7EF960CB3D58->c9f1298e-d840-49d8-aac3-de81602aa1d5@group-E9810A644481, cid=1423, SUCCESS, logIndex=1976, commits[c9f1298e-d840-49d8-aac3-de81602aa1d5:c1977]
2019-08-30 23:40:04,036 [grpc-default-executor-1] INFO  client.GrpcClientProtocolClient (GrpcClientProtocolClient.java:onNext(255)) - client-7EF960CB3D58->c9f1298e-d840-49d8-aac3-de81602aa1d5: receive RaftClientReply:client-7EF960CB3D58->c9f1298e-d840-49d8-aac3-de81602aa1d5@group-E9810A644481, cid=1424, SUCCESS, logIndex=1977, commits[c9f1298e-d840-49d8-aac3-de81602aa1d5:c1977]
2019-08-30 23:40:04,055 [grpc-default-executor-1] INFO  client.GrpcClientProtocolClient (GrpcClientProtocolClient.java:onNext(255)) - client-7EF960CB3D58->c9f1298e-d840-49d8-aac3-de81602aa1d5: receive RaftClientReply:client-7EF960CB3D58->c9f1298e-d840-49d8-aac3-de81602aa1d5@group-E9810A644481, cid=1425, SUCCESS, logIndex=1979, commits[c9f1298e-d840-49d8-aac3-de81602aa1d5:c1980]
2019-08-30 23:40:04,056 [grpc-default-executor-1] INFO  client.GrpcClientProtocolClient (GrpcClientProtocolClient.java:onNext(255)) - client-7EF960CB3D58->c9f1298e-d840-49d8-aac3-de81602aa1d5: receive RaftClientReply:client-7EF960CB3D58->c9f1298e-d840-49d8-aac3-de81602aa1d5@group-E9810A644481, cid=1426, SUCCESS, logIndex=1980, commits[c9f1298e-d840-49d8-aac3-de81602aa1d5:c1980]
2019-08-30 23:40:04,066 [grpc-default-executor-1] INFO  client.GrpcClientProtocolClient (GrpcClientProtocolClient.java:onNext(255)) - client-7EF960CB3D58->c9f1298e-d840-49d8-aac3-de81602aa1d5: receive RaftClientReply:client-7EF960CB3D58->c9f1298e-d840-49d8-aac3-de81602aa1d5@group-E9810A644481, cid=1427, SUCCESS, logIndex=1981, commits[c9f1298e-d840-49d8-aac3-de81602aa1d5:c1982]
2019-08-30 23:40:04,066 [grpc-default-executor-1] INFO  client.GrpcClientProtocolClient (GrpcClientProtocolClient.java:onNext(255)) - client-7EF960CB3D58->c9f1298e-d840-49d8-aac3-de81602aa1d5: receive RaftClientReply:client-7EF960CB3D58->c9f1298e-d840-49d8-aac3-de81602aa1d5@group-E9810A644481, cid=1428, SUCCESS, logIndex=1982, commits[c9f1298e-d840-49d8-aac3-de81602aa1d5:c1982]
2019-08-30 23:40:04,068 [SCMBlockDeletingService#0] DEBUG block.SCMBlockDeletingService (SCMBlockDeletingService.java:call(138)) - Running DeletedBlockTransactionScanner
2019-08-30 23:40:04,068 [SCMBlockDeletingService#0] DEBUG block.SCMBlockDeletingService (SCMBlockDeletingService.java:call(155)) - Scanned deleted blocks log and got 0 delTX to process.
2019-08-30 23:40:04,082 [grpc-default-executor-1] INFO  client.GrpcClientProtocolClient (GrpcClientProtocolClient.java:onNext(255)) - client-7EF960CB3D58->c9f1298e-d840-49d8-aac3-de81602aa1d5: receive RaftClientReply:client-7EF960CB3D58->c9f1298e-d840-49d8-aac3-de81602aa1d5@group-E9810A644481, cid=1429, SUCCESS, logIndex=1985, commits[c9f1298e-d840-49d8-aac3-de81602aa1d5:c1988]
2019-08-30 23:40:04,083 [grpc-default-executor-1] INFO  client.GrpcClientProtocolClient (GrpcClientProtocolClient.java:onNext(255)) - client-7EF960CB3D58->c9f1298e-d840-49d8-aac3-de81602aa1d5: receive RaftClientReply:client-7EF960CB3D58->c9f1298e-d840-49d8-aac3-de81602aa1d5@group-E9810A644481, cid=1430, SUCCESS, logIndex=1986, commits[c9f1298e-d840-49d8-aac3-de81602aa1d5:c1988]
2019-08-30 23:40:04,083 [grpc-default-executor-1] INFO  client.GrpcClientProtocolClient (GrpcClientProtocolClient.java:onNext(255)) - client-7EF960CB3D58->c9f1298e-d840-49d8-aac3-de81602aa1d5: receive RaftClientReply:client-7EF960CB3D58->c9f1298e-d840-49d8-aac3-de81602aa1d5@group-E9810A644481, cid=1431, SUCCESS, logIndex=1987, commits[c9f1298e-d840-49d8-aac3-de81602aa1d5:c1988]
2019-08-30 23:40:04,083 [grpc-default-executor-1] INFO  client.GrpcClientProtocolClient (GrpcClientProtocolClient.java:onNext(255)) - client-7EF960CB3D58->c9f1298e-d840-49d8-aac3-de81602aa1d5: receive RaftClientReply:client-7EF960CB3D58->c9f1298e-d840-49d8-aac3-de81602aa1d5@group-E9810A644481, cid=1432, SUCCESS, logIndex=1988, commits[c9f1298e-d840-49d8-aac3-de81602aa1d5:c1988]
2019-08-30 23:40:04,110 [grpc-default-executor-1] INFO  client.GrpcClientProtocolClient (GrpcClientProtocolClient.java:onNext(255)) - client-7EF960CB3D58->c9f1298e-d840-49d8-aac3-de81602aa1d5: receive RaftClientReply:client-7EF960CB3D58->c9f1298e-d840-49d8-aac3-de81602aa1d5@group-E9810A644481, cid=1433, SUCCESS, logIndex=1990, commits[c9f1298e-d840-49d8-aac3-de81602aa1d5:c1993]
2019-08-30 23:40:04,111 [grpc-default-executor-1] INFO  client.GrpcClientProtocolClient (GrpcClientProtocolClient.java:onNext(255)) - client-7EF960CB3D58->c9f1298e-d840-49d8-aac3-de81602aa1d5: receive RaftClientReply:client-7EF960CB3D58->c9f1298e-d840-49d8-aac3-de81602aa1d5@group-E9810A644481, cid=1434, SUCCESS, logIndex=1991, commits[c9f1298e-d840-49d8-aac3-de81602aa1d5:c1993]
2019-08-30 23:40:04,111 [grpc-default-executor-1] INFO  client.GrpcClientProtocolClient (GrpcClientProtocolClient.java:onNext(255)) - client-7EF960CB3D58->c9f1298e-d840-49d8-aac3-de81602aa1d5: receive RaftClientReply:client-7EF960CB3D58->c9f1298e-d840-49d8-aac3-de81602aa1d5@group-E9810A644481, cid=1435, SUCCESS, logIndex=1992, commits[c9f1298e-d840-49d8-aac3-de81602aa1d5:c1993]
2019-08-30 23:40:04,111 [grpc-default-executor-1] INFO  client.GrpcClientProtocolClient (GrpcClientProtocolClient.java:onNext(255)) - client-7EF960CB3D58->c9f1298e-d840-49d8-aac3-de81602aa1d5: receive RaftClientReply:client-7EF960CB3D58->c9f1298e-d840-49d8-aac3-de81602aa1d5@group-E9810A644481, cid=1436, SUCCESS, logIndex=1993, commits[c9f1298e-d840-49d8-aac3-de81602aa1d5:c1993]
2019-08-30 23:40:04,127 [grpc-default-executor-1] INFO  client.GrpcClientProtocolClient (GrpcClientProtocolClient.java:onNext(255)) - client-7EF960CB3D58->c9f1298e-d840-49d8-aac3-de81602aa1d5: receive RaftClientReply:client-7EF960CB3D58->c9f1298e-d840-49d8-aac3-de81602aa1d5@group-E9810A644481, cid=1437, SUCCESS, logIndex=1995, commits[c9f1298e-d840-49d8-aac3-de81602aa1d5:c1998]
2019-08-30 23:40:04,127 [grpc-default-executor-1] INFO  client.GrpcClientProtocolClient (GrpcClientProtocolClient.java:onNext(255)) - client-7EF960CB3D58->c9f1298e-d840-49d8-aac3-de81602aa1d5: receive RaftClientReply:client-7EF960CB3D58->c9f1298e-d840-49d8-aac3-de81602aa1d5@group-E9810A644481, cid=1438, SUCCESS, logIndex=1996, commits[c9f1298e-d840-49d8-aac3-de81602aa1d5:c1998]
2019-08-30 23:40:04,128 [grpc-default-executor-1] INFO  client.GrpcClientProtocolClient (GrpcClientProtocolClient.java:onNext(255)) - client-7EF960CB3D58->c9f1298e-d840-49d8-aac3-de81602aa1d5: receive RaftClientReply:client-7EF960CB3D58->c9f1298e-d840-49d8-aac3-de81602aa1d5@group-E9810A644481, cid=1439, SUCCESS, logIndex=1997, commits[c9f1298e-d840-49d8-aac3-de81602aa1d5:c1998]
2019-08-30 23:40:04,128 [grpc-default-executor-1] INFO  client.GrpcClientProtocolClient (GrpcClientProtocolClient.java:onNext(255)) - client-7EF960CB3D58->c9f1298e-d840-49d8-aac3-de81602aa1d5: receive RaftClientReply:client-7EF960CB3D58->c9f1298e-d840-49d8-aac3-de81602aa1d5@group-E9810A644481, cid=1440, SUCCESS, logIndex=1998, commits[c9f1298e-d840-49d8-aac3-de81602aa1d5:c1998]
2019-08-30 23:40:04,158 [grpc-default-executor-1] INFO  client.GrpcClientProtocolClient (GrpcClientProtocolClient.java:onNext(255)) - client-7EF960CB3D58->c9f1298e-d840-49d8-aac3-de81602aa1d5: receive RaftClientReply:client-7EF960CB3D58->c9f1298e-d840-49d8-aac3-de81602aa1d5@group-E9810A644481, cid=1441, SUCCESS, logIndex=2000, commits[c9f1298e-d840-49d8-aac3-de81602aa1d5:c2003]
2019-08-30 23:40:04,158 [grpc-default-executor-1] INFO  client.GrpcClientProtocolClient (GrpcClientProtocolClient.java:onNext(255)) - client-7EF960CB3D58->c9f1298e-d840-49d8-aac3-de81602aa1d5: receive RaftClientReply:client-7EF960CB3D58->c9f1298e-d840-49d8-aac3-de81602aa1d5@group-E9810A644481, cid=1442, SUCCESS, logIndex=2001, commits[c9f1298e-d840-49d8-aac3-de81602aa1d5:c2003]
2019-08-30 23:40:04,158 [grpc-default-executor-1] INFO  client.GrpcClientProtocolClient (GrpcClientProtocolClient.java:onNext(255)) - client-7EF960CB3D58->c9f1298e-d840-49d8-aac3-de81602aa1d5: receive RaftClientReply:client-7EF960CB3D58->c9f1298e-d840-49d8-aac3-de81602aa1d5@group-E9810A644481, cid=1443, SUCCESS, logIndex=2002, commits[c9f1298e-d840-49d8-aac3-de81602aa1d5:c2003]
2019-08-30 23:40:04,159 [grpc-default-executor-1] INFO  client.GrpcClientProtocolClient (GrpcClientProtocolClient.java:onNext(255)) - client-7EF960CB3D58->c9f1298e-d840-49d8-aac3-de81602aa1d5: receive RaftClientReply:client-7EF960CB3D58->c9f1298e-d840-49d8-aac3-de81602aa1d5@group-E9810A644481, cid=1444, SUCCESS, logIndex=2003, commits[c9f1298e-d840-49d8-aac3-de81602aa1d5:c2003]
2019-08-30 23:40:04,168 [SCMBlockDeletingService#0] DEBUG block.SCMBlockDeletingService (SCMBlockDeletingService.java:call(138)) - Running DeletedBlockTransactionScanner
2019-08-30 23:40:04,169 [SCMBlockDeletingService#0] DEBUG block.SCMBlockDeletingService (SCMBlockDeletingService.java:call(155)) - Scanned deleted blocks log and got 0 delTX to process.
2019-08-30 23:40:04,181 [grpc-default-executor-0] INFO  client.GrpcClientProtocolClient (GrpcClientProtocolClient.java:onNext(255)) - client-7EF960CB3D58->c9f1298e-d840-49d8-aac3-de81602aa1d5: receive RaftClientReply:client-7EF960CB3D58->c9f1298e-d840-49d8-aac3-de81602aa1d5@group-E9810A644481, cid=1445, SUCCESS, logIndex=2005, commits[c9f1298e-d840-49d8-aac3-de81602aa1d5:c2008]
2019-08-30 23:40:04,181 [grpc-default-executor-0] INFO  client.GrpcClientProtocolClient (GrpcClientProtocolClient.java:onNext(255)) - client-7EF960CB3D58->c9f1298e-d840-49d8-aac3-de81602aa1d5: receive RaftClientReply:client-7EF960CB3D58->c9f1298e-d840-49d8-aac3-de81602aa1d5@group-E9810A644481, cid=1446, SUCCESS, logIndex=2006, commits[c9f1298e-d840-49d8-aac3-de81602aa1d5:c2008]
2019-08-30 23:40:04,181 [grpc-default-executor-0] INFO  client.GrpcClientProtocolClient (GrpcClientProtocolClient.java:onNext(255)) - client-7EF960CB3D58->c9f1298e-d840-49d8-aac3-de81602aa1d5: receive RaftClientReply:client-7EF960CB3D58->c9f1298e-d840-49d8-aac3-de81602aa1d5@group-E9810A644481, cid=1447, SUCCESS, logIndex=2007, commits[c9f1298e-d840-49d8-aac3-de81602aa1d5:c2008]
2019-08-30 23:40:04,182 [grpc-default-executor-0] INFO  client.GrpcClientProtocolClient (GrpcClientProtocolClient.java:onNext(255)) - client-7EF960CB3D58->c9f1298e-d840-49d8-aac3-de81602aa1d5: receive RaftClientReply:client-7EF960CB3D58->c9f1298e-d840-49d8-aac3-de81602aa1d5@group-E9810A644481, cid=1448, SUCCESS, logIndex=2008, commits[c9f1298e-d840-49d8-aac3-de81602aa1d5:c2008]
2019-08-30 23:40:04,207 [grpc-default-executor-0] INFO  client.GrpcClientProtocolClient (GrpcClientProtocolClient.java:onNext(255)) - client-7EF960CB3D58->c9f1298e-d840-49d8-aac3-de81602aa1d5: receive RaftClientReply:client-7EF960CB3D58->c9f1298e-d840-49d8-aac3-de81602aa1d5@group-E9810A644481, cid=1449, SUCCESS, logIndex=2010, commits[c9f1298e-d840-49d8-aac3-de81602aa1d5:c2011]
2019-08-30 23:40:04,207 [grpc-default-executor-0] INFO  client.GrpcClientProtocolClient (GrpcClientProtocolClient.java:onNext(255)) - client-7EF960CB3D58->c9f1298e-d840-49d8-aac3-de81602aa1d5: receive RaftClientReply:client-7EF960CB3D58->c9f1298e-d840-49d8-aac3-de81602aa1d5@group-E9810A644481, cid=1450, SUCCESS, logIndex=2011, commits[c9f1298e-d840-49d8-aac3-de81602aa1d5:c2011]
2019-08-30 23:40:04,219 [grpc-default-executor-0] INFO  client.GrpcClientProtocolClient (GrpcClientProtocolClient.java:onNext(255)) - client-7EF960CB3D58->c9f1298e-d840-49d8-aac3-de81602aa1d5: receive RaftClientReply:client-7EF960CB3D58->c9f1298e-d840-49d8-aac3-de81602aa1d5@group-E9810A644481, cid=1451, SUCCESS, logIndex=2012, commits[c9f1298e-d840-49d8-aac3-de81602aa1d5:c2013]
2019-08-30 23:40:04,219 [grpc-default-executor-0] INFO  client.GrpcClientProtocolClient (GrpcClientProtocolClient.java:onNext(255)) - client-7EF960CB3D58->c9f1298e-d840-49d8-aac3-de81602aa1d5: receive RaftClientReply:client-7EF960CB3D58->c9f1298e-d840-49d8-aac3-de81602aa1d5@group-E9810A644481, cid=1452, SUCCESS, logIndex=2013, commits[c9f1298e-d840-49d8-aac3-de81602aa1d5:c2013]
2019-08-30 23:40:04,238 [grpc-default-executor-0] INFO  client.GrpcClientProtocolClient (GrpcClientProtocolClient.java:onNext(255)) - client-7EF960CB3D58->c9f1298e-d840-49d8-aac3-de81602aa1d5: receive RaftClientReply:client-7EF960CB3D58->c9f1298e-d840-49d8-aac3-de81602aa1d5@group-E9810A644481, cid=1453, SUCCESS, logIndex=2016, commits[c9f1298e-d840-49d8-aac3-de81602aa1d5:c2019]
2019-08-30 23:40:04,238 [grpc-default-executor-0] INFO  client.GrpcClientProtocolClient (GrpcClientProtocolClient.java:onNext(255)) - client-7EF960CB3D58->c9f1298e-d840-49d8-aac3-de81602aa1d5: receive RaftClientReply:client-7EF960CB3D58->c9f1298e-d840-49d8-aac3-de81602aa1d5@group-E9810A644481, cid=1454, SUCCESS, logIndex=2017, commits[c9f1298e-d840-49d8-aac3-de81602aa1d5:c2019]
2019-08-30 23:40:04,239 [grpc-default-executor-0] INFO  client.GrpcClientProtocolClient (GrpcClientProtocolClient.java:onNext(255)) - client-7EF960CB3D58->c9f1298e-d840-49d8-aac3-de81602aa1d5: receive RaftClientReply:client-7EF960CB3D58->c9f1298e-d840-49d8-aac3-de81602aa1d5@group-E9810A644481, cid=1455, SUCCESS, logIndex=2018, commits[c9f1298e-d840-49d8-aac3-de81602aa1d5:c2019]
2019-08-30 23:40:04,239 [grpc-default-executor-0] INFO  client.GrpcClientProtocolClient (GrpcClientProtocolClient.java:onNext(255)) - client-7EF960CB3D58->c9f1298e-d840-49d8-aac3-de81602aa1d5: receive RaftClientReply:client-7EF960CB3D58->c9f1298e-d840-49d8-aac3-de81602aa1d5@group-E9810A644481, cid=1456, SUCCESS, logIndex=2019, commits[c9f1298e-d840-49d8-aac3-de81602aa1d5:c2019]
2019-08-30 23:40:04,264 [grpc-default-executor-1] INFO  client.GrpcClientProtocolClient (GrpcClientProtocolClient.java:onNext(255)) - client-7EF960CB3D58->c9f1298e-d840-49d8-aac3-de81602aa1d5: receive RaftClientReply:client-7EF960CB3D58->c9f1298e-d840-49d8-aac3-de81602aa1d5@group-E9810A644481, cid=1457, SUCCESS, logIndex=2021, commits[c9f1298e-d840-49d8-aac3-de81602aa1d5:c2022]
2019-08-30 23:40:04,265 [grpc-default-executor-1] INFO  client.GrpcClientProtocolClient (GrpcClientProtocolClient.java:onNext(255)) - client-7EF960CB3D58->c9f1298e-d840-49d8-aac3-de81602aa1d5: receive RaftClientReply:client-7EF960CB3D58->c9f1298e-d840-49d8-aac3-de81602aa1d5@group-E9810A644481, cid=1458, SUCCESS, logIndex=2022, commits[c9f1298e-d840-49d8-aac3-de81602aa1d5:c2022]
2019-08-30 23:40:04,269 [SCMBlockDeletingService#0] DEBUG block.SCMBlockDeletingService (SCMBlockDeletingService.java:call(138)) - Running DeletedBlockTransactionScanner
2019-08-30 23:40:04,269 [SCMBlockDeletingService#0] DEBUG block.SCMBlockDeletingService (SCMBlockDeletingService.java:call(155)) - Scanned deleted blocks log and got 0 delTX to process.
2019-08-30 23:40:04,369 [SCMBlockDeletingService#1] DEBUG block.SCMBlockDeletingService (SCMBlockDeletingService.java:call(138)) - Running DeletedBlockTransactionScanner
2019-08-30 23:40:04,370 [SCMBlockDeletingService#1] DEBUG block.SCMBlockDeletingService (SCMBlockDeletingService.java:call(155)) - Scanned deleted blocks log and got 0 delTX to process.
2019-08-30 23:40:04,373 [grpc-default-executor-0] INFO  client.GrpcClientProtocolClient (GrpcClientProtocolClient.java:onNext(255)) - client-7EF960CB3D58->c9f1298e-d840-49d8-aac3-de81602aa1d5: receive RaftClientReply:client-7EF960CB3D58->c9f1298e-d840-49d8-aac3-de81602aa1d5@group-E9810A644481, cid=1459, SUCCESS, logIndex=2024, commits[c9f1298e-d840-49d8-aac3-de81602aa1d5:c2025]
2019-08-30 23:40:04,374 [grpc-default-executor-0] INFO  client.GrpcClientProtocolClient (GrpcClientProtocolClient.java:onNext(255)) - client-7EF960CB3D58->c9f1298e-d840-49d8-aac3-de81602aa1d5: receive RaftClientReply:client-7EF960CB3D58->c9f1298e-d840-49d8-aac3-de81602aa1d5@group-E9810A644481, cid=1460, SUCCESS, logIndex=2025, commits[c9f1298e-d840-49d8-aac3-de81602aa1d5:c2025]
2019-08-30 23:40:04,388 [grpc-default-executor-0] INFO  client.GrpcClientProtocolClient (GrpcClientProtocolClient.java:onNext(255)) - client-7EF960CB3D58->c9f1298e-d840-49d8-aac3-de81602aa1d5: receive RaftClientReply:client-7EF960CB3D58->c9f1298e-d840-49d8-aac3-de81602aa1d5@group-E9810A644481, cid=1461, SUCCESS, logIndex=2027, commits[c9f1298e-d840-49d8-aac3-de81602aa1d5:c2030]
2019-08-30 23:40:04,388 [grpc-default-executor-0] INFO  client.GrpcClientProtocolClient (GrpcClientProtocolClient.java:onNext(255)) - client-7EF960CB3D58->c9f1298e-d840-49d8-aac3-de81602aa1d5: receive RaftClientReply:client-7EF960CB3D58->c9f1298e-d840-49d8-aac3-de81602aa1d5@group-E9810A644481, cid=1462, SUCCESS, logIndex=2028, commits[c9f1298e-d840-49d8-aac3-de81602aa1d5:c2030]
2019-08-30 23:40:04,389 [grpc-default-executor-0] INFO  client.GrpcClientProtocolClient (GrpcClientProtocolClient.java:onNext(255)) - client-7EF960CB3D58->c9f1298e-d840-49d8-aac3-de81602aa1d5: receive RaftClientReply:client-7EF960CB3D58->c9f1298e-d840-49d8-aac3-de81602aa1d5@group-E9810A644481, cid=1463, SUCCESS, logIndex=2029, commits[c9f1298e-d840-49d8-aac3-de81602aa1d5:c2030]
2019-08-30 23:40:04,389 [grpc-default-executor-0] INFO  client.GrpcClientProtocolClient (GrpcClientProtocolClient.java:onNext(255)) - client-7EF960CB3D58->c9f1298e-d840-49d8-aac3-de81602aa1d5: receive RaftClientReply:client-7EF960CB3D58->c9f1298e-d840-49d8-aac3-de81602aa1d5@group-E9810A644481, cid=1464, SUCCESS, logIndex=2030, commits[c9f1298e-d840-49d8-aac3-de81602aa1d5:c2030]
2019-08-30 23:40:04,422 [grpc-default-executor-1] INFO  client.GrpcClientProtocolClient (GrpcClientProtocolClient.java:onNext(255)) - client-7EF960CB3D58->c9f1298e-d840-49d8-aac3-de81602aa1d5: receive RaftClientReply:client-7EF960CB3D58->c9f1298e-d840-49d8-aac3-de81602aa1d5@group-E9810A644481, cid=1465, SUCCESS, logIndex=2032, commits[c9f1298e-d840-49d8-aac3-de81602aa1d5:c2033]
2019-08-30 23:40:04,423 [grpc-default-executor-1] INFO  client.GrpcClientProtocolClient (GrpcClientProtocolClient.java:onNext(255)) - client-7EF960CB3D58->c9f1298e-d840-49d8-aac3-de81602aa1d5: receive RaftClientReply:client-7EF960CB3D58->c9f1298e-d840-49d8-aac3-de81602aa1d5@group-E9810A644481, cid=1466, SUCCESS, logIndex=2033, commits[c9f1298e-d840-49d8-aac3-de81602aa1d5:c2033]
2019-08-30 23:40:04,442 [grpc-default-executor-1] INFO  client.GrpcClientProtocolClient (GrpcClientProtocolClient.java:onNext(255)) - client-7EF960CB3D58->c9f1298e-d840-49d8-aac3-de81602aa1d5: receive RaftClientReply:client-7EF960CB3D58->c9f1298e-d840-49d8-aac3-de81602aa1d5@group-E9810A644481, cid=1467, SUCCESS, logIndex=2034, commits[c9f1298e-d840-49d8-aac3-de81602aa1d5:c2035]
2019-08-30 23:40:04,442 [grpc-default-executor-1] INFO  client.GrpcClientProtocolClient (GrpcClientProtocolClient.java:onNext(255)) - client-7EF960CB3D58->c9f1298e-d840-49d8-aac3-de81602aa1d5: receive RaftClientReply:client-7EF960CB3D58->c9f1298e-d840-49d8-aac3-de81602aa1d5@group-E9810A644481, cid=1468, SUCCESS, logIndex=2035, commits[c9f1298e-d840-49d8-aac3-de81602aa1d5:c2035]
2019-08-30 23:40:04,460 [grpc-default-executor-1] INFO  client.GrpcClientProtocolClient (GrpcClientProtocolClient.java:onNext(255)) - client-7EF960CB3D58->c9f1298e-d840-49d8-aac3-de81602aa1d5: receive RaftClientReply:client-7EF960CB3D58->c9f1298e-d840-49d8-aac3-de81602aa1d5@group-E9810A644481, cid=1469, SUCCESS, logIndex=2038, commits[c9f1298e-d840-49d8-aac3-de81602aa1d5:c2041]
2019-08-30 23:40:04,460 [grpc-default-executor-1] INFO  client.GrpcClientProtocolClient (GrpcClientProtocolClient.java:onNext(255)) - client-7EF960CB3D58->c9f1298e-d840-49d8-aac3-de81602aa1d5: receive RaftClientReply:client-7EF960CB3D58->c9f1298e-d840-49d8-aac3-de81602aa1d5@group-E9810A644481, cid=1470, SUCCESS, logIndex=2039, commits[c9f1298e-d840-49d8-aac3-de81602aa1d5:c2041]
2019-08-30 23:40:04,461 [grpc-default-executor-1] INFO  client.GrpcClientProtocolClient (GrpcClientProtocolClient.java:onNext(255)) - client-7EF960CB3D58->c9f1298e-d840-49d8-aac3-de81602aa1d5: receive RaftClientReply:client-7EF960CB3D58->c9f1298e-d840-49d8-aac3-de81602aa1d5@group-E9810A644481, cid=1471, SUCCESS, logIndex=2040, commits[c9f1298e-d840-49d8-aac3-de81602aa1d5:c2041]
2019-08-30 23:40:04,461 [grpc-default-executor-1] INFO  client.GrpcClientProtocolClient (GrpcClientProtocolClient.java:onNext(255)) - client-7EF960CB3D58->c9f1298e-d840-49d8-aac3-de81602aa1d5: receive RaftClientReply:client-7EF960CB3D58->c9f1298e-d840-49d8-aac3-de81602aa1d5@group-E9810A644481, cid=1472, SUCCESS, logIndex=2041, commits[c9f1298e-d840-49d8-aac3-de81602aa1d5:c2041]
2019-08-30 23:40:04,470 [SCMBlockDeletingService#1] DEBUG block.SCMBlockDeletingService (SCMBlockDeletingService.java:call(138)) - Running DeletedBlockTransactionScanner
2019-08-30 23:40:04,470 [SCMBlockDeletingService#1] DEBUG block.SCMBlockDeletingService (SCMBlockDeletingService.java:call(155)) - Scanned deleted blocks log and got 0 delTX to process.
2019-08-30 23:40:04,494 [grpc-default-executor-1] INFO  client.GrpcClientProtocolClient (GrpcClientProtocolClient.java:onNext(255)) - client-7EF960CB3D58->c9f1298e-d840-49d8-aac3-de81602aa1d5: receive RaftClientReply:client-7EF960CB3D58->c9f1298e-d840-49d8-aac3-de81602aa1d5@group-E9810A644481, cid=1473, SUCCESS, logIndex=2043, commits[c9f1298e-d840-49d8-aac3-de81602aa1d5:c2044]
2019-08-30 23:40:04,494 [grpc-default-executor-1] INFO  client.GrpcClientProtocolClient (GrpcClientProtocolClient.java:onNext(255)) - client-7EF960CB3D58->c9f1298e-d840-49d8-aac3-de81602aa1d5: receive RaftClientReply:client-7EF960CB3D58->c9f1298e-d840-49d8-aac3-de81602aa1d5@group-E9810A644481, cid=1474, SUCCESS, logIndex=2044, commits[c9f1298e-d840-49d8-aac3-de81602aa1d5:c2044]
2019-08-30 23:40:04,506 [grpc-default-executor-1] INFO  client.GrpcClientProtocolClient (GrpcClientProtocolClient.java:onNext(255)) - client-7EF960CB3D58->c9f1298e-d840-49d8-aac3-de81602aa1d5: receive RaftClientReply:client-7EF960CB3D58->c9f1298e-d840-49d8-aac3-de81602aa1d5@group-E9810A644481, cid=1475, SUCCESS, logIndex=2045, commits[c9f1298e-d840-49d8-aac3-de81602aa1d5:c2046]
2019-08-30 23:40:04,506 [grpc-default-executor-1] INFO  client.GrpcClientProtocolClient (GrpcClientProtocolClient.java:onNext(255)) - client-7EF960CB3D58->c9f1298e-d840-49d8-aac3-de81602aa1d5: receive RaftClientReply:client-7EF960CB3D58->c9f1298e-d840-49d8-aac3-de81602aa1d5@group-E9810A644481, cid=1476, SUCCESS, logIndex=2046, commits[c9f1298e-d840-49d8-aac3-de81602aa1d5:c2046]
2019-08-30 23:40:04,604 [SCMBlockDeletingService#1] DEBUG block.SCMBlockDeletingService (SCMBlockDeletingService.java:call(138)) - Running DeletedBlockTransactionScanner
2019-08-30 23:40:04,604 [SCMBlockDeletingService#1] DEBUG block.SCMBlockDeletingService (SCMBlockDeletingService.java:call(155)) - Scanned deleted blocks log and got 0 delTX to process.
2019-08-30 23:40:04,629 [grpc-default-executor-0] INFO  client.GrpcClientProtocolClient (GrpcClientProtocolClient.java:onNext(255)) - client-7EF960CB3D58->c9f1298e-d840-49d8-aac3-de81602aa1d5: receive RaftClientReply:client-7EF960CB3D58->c9f1298e-d840-49d8-aac3-de81602aa1d5@group-E9810A644481, cid=1477, SUCCESS, logIndex=2049, commits[c9f1298e-d840-49d8-aac3-de81602aa1d5:c2052]
2019-08-30 23:40:04,629 [grpc-default-executor-0] INFO  client.GrpcClientProtocolClient (GrpcClientProtocolClient.java:onNext(255)) - client-7EF960CB3D58->c9f1298e-d840-49d8-aac3-de81602aa1d5: receive RaftClientReply:client-7EF960CB3D58->c9f1298e-d840-49d8-aac3-de81602aa1d5@group-E9810A644481, cid=1478, SUCCESS, logIndex=2050, commits[c9f1298e-d840-49d8-aac3-de81602aa1d5:c2052]
2019-08-30 23:40:04,630 [grpc-default-executor-0] INFO  client.GrpcClientProtocolClient (GrpcClientProtocolClient.java:onNext(255)) - client-7EF960CB3D58->c9f1298e-d840-49d8-aac3-de81602aa1d5: receive RaftClientReply:client-7EF960CB3D58->c9f1298e-d840-49d8-aac3-de81602aa1d5@group-E9810A644481, cid=1479, SUCCESS, logIndex=2051, commits[c9f1298e-d840-49d8-aac3-de81602aa1d5:c2052]
2019-08-30 23:40:04,630 [grpc-default-executor-0] INFO  client.GrpcClientProtocolClient (GrpcClientProtocolClient.java:onNext(255)) - client-7EF960CB3D58->c9f1298e-d840-49d8-aac3-de81602aa1d5: receive RaftClientReply:client-7EF960CB3D58->c9f1298e-d840-49d8-aac3-de81602aa1d5@group-E9810A644481, cid=1480, SUCCESS, logIndex=2052, commits[c9f1298e-d840-49d8-aac3-de81602aa1d5:c2052]
2019-08-30 23:40:04,666 [grpc-default-executor-0] INFO  client.GrpcClientProtocolClient (GrpcClientProtocolClient.java:onNext(255)) - client-7EF960CB3D58->c9f1298e-d840-49d8-aac3-de81602aa1d5: receive RaftClientReply:client-7EF960CB3D58->c9f1298e-d840-49d8-aac3-de81602aa1d5@group-E9810A644481, cid=1481, SUCCESS, logIndex=2054, commits[c9f1298e-d840-49d8-aac3-de81602aa1d5:c2055]
2019-08-30 23:40:04,667 [grpc-default-executor-0] INFO  client.GrpcClientProtocolClient (GrpcClientProtocolClient.java:onNext(255)) - client-7EF960CB3D58->c9f1298e-d840-49d8-aac3-de81602aa1d5: receive RaftClientReply:client-7EF960CB3D58->c9f1298e-d840-49d8-aac3-de81602aa1d5@group-E9810A644481, cid=1482, SUCCESS, logIndex=2055, commits[c9f1298e-d840-49d8-aac3-de81602aa1d5:c2055]
2019-08-30 23:40:04,676 [grpc-default-executor-0] INFO  client.GrpcClientProtocolClient (GrpcClientProtocolClient.java:onNext(255)) - client-7EF960CB3D58->c9f1298e-d840-49d8-aac3-de81602aa1d5: receive RaftClientReply:client-7EF960CB3D58->c9f1298e-d840-49d8-aac3-de81602aa1d5@group-E9810A644481, cid=1483, SUCCESS, logIndex=2056, commits[c9f1298e-d840-49d8-aac3-de81602aa1d5:c2057]
2019-08-30 23:40:04,677 [grpc-default-executor-0] INFO  client.GrpcClientProtocolClient (GrpcClientProtocolClient.java:onNext(255)) - client-7EF960CB3D58->c9f1298e-d840-49d8-aac3-de81602aa1d5: receive RaftClientReply:client-7EF960CB3D58->c9f1298e-d840-49d8-aac3-de81602aa1d5@group-E9810A644481, cid=1484, SUCCESS, logIndex=2057, commits[c9f1298e-d840-49d8-aac3-de81602aa1d5:c2057]
2019-08-30 23:40:04,697 [grpc-default-executor-1] INFO  client.GrpcClientProtocolClient (GrpcClientProtocolClient.java:onNext(255)) - client-7EF960CB3D58->c9f1298e-d840-49d8-aac3-de81602aa1d5: receive RaftClientReply:client-7EF960CB3D58->c9f1298e-d840-49d8-aac3-de81602aa1d5@group-E9810A644481, cid=1485, SUCCESS, logIndex=2060, commits[c9f1298e-d840-49d8-aac3-de81602aa1d5:c2061]
2019-08-30 23:40:04,698 [grpc-default-executor-1] INFO  client.GrpcClientProtocolClient (GrpcClientProtocolClient.java:onNext(255)) - client-7EF960CB3D58->c9f1298e-d840-49d8-aac3-de81602aa1d5: receive RaftClientReply:client-7EF960CB3D58->c9f1298e-d840-49d8-aac3-de81602aa1d5@group-E9810A644481, cid=1486, SUCCESS, logIndex=2061, commits[c9f1298e-d840-49d8-aac3-de81602aa1d5:c2061]
2019-08-30 23:40:04,704 [SCMBlockDeletingService#0] DEBUG block.SCMBlockDeletingService (SCMBlockDeletingService.java:call(138)) - Running DeletedBlockTransactionScanner
2019-08-30 23:40:04,704 [grpc-default-executor-1] INFO  client.GrpcClientProtocolClient (GrpcClientProtocolClient.java:onNext(255)) - client-7EF960CB3D58->c9f1298e-d840-49d8-aac3-de81602aa1d5: receive RaftClientReply:client-7EF960CB3D58->c9f1298e-d840-49d8-aac3-de81602aa1d5@group-E9810A644481, cid=1487, SUCCESS, logIndex=2062, commits[c9f1298e-d840-49d8-aac3-de81602aa1d5:c2063]
2019-08-30 23:40:04,705 [SCMBlockDeletingService#0] DEBUG block.SCMBlockDeletingService (SCMBlockDeletingService.java:call(155)) - Scanned deleted blocks log and got 0 delTX to process.
2019-08-30 23:40:04,705 [grpc-default-executor-1] INFO  client.GrpcClientProtocolClient (GrpcClientProtocolClient.java:onNext(255)) - client-7EF960CB3D58->c9f1298e-d840-49d8-aac3-de81602aa1d5: receive RaftClientReply:client-7EF960CB3D58->c9f1298e-d840-49d8-aac3-de81602aa1d5@group-E9810A644481, cid=1488, SUCCESS, logIndex=2063, commits[c9f1298e-d840-49d8-aac3-de81602aa1d5:c2063]
2019-08-30 23:40:04,737 [grpc-default-executor-0] INFO  client.GrpcClientProtocolClient (GrpcClientProtocolClient.java:onNext(255)) - client-7EF960CB3D58->c9f1298e-d840-49d8-aac3-de81602aa1d5: receive RaftClientReply:client-7EF960CB3D58->c9f1298e-d840-49d8-aac3-de81602aa1d5@group-E9810A644481, cid=1489, SUCCESS, logIndex=2066, commits[c9f1298e-d840-49d8-aac3-de81602aa1d5:c2069]
2019-08-30 23:40:04,738 [grpc-default-executor-0] INFO  client.GrpcClientProtocolClient (GrpcClientProtocolClient.java:onNext(255)) - client-7EF960CB3D58->c9f1298e-d840-49d8-aac3-de81602aa1d5: receive RaftClientReply:client-7EF960CB3D58->c9f1298e-d840-49d8-aac3-de81602aa1d5@group-E9810A644481, cid=1490, SUCCESS, logIndex=2067, commits[c9f1298e-d840-49d8-aac3-de81602aa1d5:c2069]
2019-08-30 23:40:04,739 [grpc-default-executor-0] INFO  client.GrpcClientProtocolClient (GrpcClientProtocolClient.java:onNext(255)) - client-7EF960CB3D58->c9f1298e-d840-49d8-aac3-de81602aa1d5: receive RaftClientReply:client-7EF960CB3D58->c9f1298e-d840-49d8-aac3-de81602aa1d5@group-E9810A644481, cid=1491, SUCCESS, logIndex=2068, commits[c9f1298e-d840-49d8-aac3-de81602aa1d5:c2069]
2019-08-30 23:40:04,739 [grpc-default-executor-0] INFO  client.GrpcClientProtocolClient (GrpcClientProtocolClient.java:onNext(255)) - client-7EF960CB3D58->c9f1298e-d840-49d8-aac3-de81602aa1d5: receive RaftClientReply:client-7EF960CB3D58->c9f1298e-d840-49d8-aac3-de81602aa1d5@group-E9810A644481, cid=1492, SUCCESS, logIndex=2069, commits[c9f1298e-d840-49d8-aac3-de81602aa1d5:c2069]
2019-08-30 23:40:04,767 [grpc-default-executor-1] INFO  client.GrpcClientProtocolClient (GrpcClientProtocolClient.java:onNext(255)) - client-7EF960CB3D58->c9f1298e-d840-49d8-aac3-de81602aa1d5: receive RaftClientReply:client-7EF960CB3D58->c9f1298e-d840-49d8-aac3-de81602aa1d5@group-E9810A644481, cid=1493, SUCCESS, logIndex=2071, commits[c9f1298e-d840-49d8-aac3-de81602aa1d5:c2074]
2019-08-30 23:40:04,768 [grpc-default-executor-1] INFO  client.GrpcClientProtocolClient (GrpcClientProtocolClient.java:onNext(255)) - client-7EF960CB3D58->c9f1298e-d840-49d8-aac3-de81602aa1d5: receive RaftClientReply:client-7EF960CB3D58->c9f1298e-d840-49d8-aac3-de81602aa1d5@group-E9810A644481, cid=1494, SUCCESS, logIndex=2072, commits[c9f1298e-d840-49d8-aac3-de81602aa1d5:c2074]
2019-08-30 23:40:04,768 [grpc-default-executor-1] INFO  client.GrpcClientProtocolClient (GrpcClientProtocolClient.java:onNext(255)) - client-7EF960CB3D58->c9f1298e-d840-49d8-aac3-de81602aa1d5: receive RaftClientReply:client-7EF960CB3D58->c9f1298e-d840-49d8-aac3-de81602aa1d5@group-E9810A644481, cid=1495, SUCCESS, logIndex=2073, commits[c9f1298e-d840-49d8-aac3-de81602aa1d5:c2074]
2019-08-30 23:40:04,768 [grpc-default-executor-1] INFO  client.GrpcClientProtocolClient (GrpcClientProtocolClient.java:onNext(255)) - client-7EF960CB3D58->c9f1298e-d840-49d8-aac3-de81602aa1d5: receive RaftClientReply:client-7EF960CB3D58->c9f1298e-d840-49d8-aac3-de81602aa1d5@group-E9810A644481, cid=1496, SUCCESS, logIndex=2074, commits[c9f1298e-d840-49d8-aac3-de81602aa1d5:c2074]
2019-08-30 23:40:04,805 [SCMBlockDeletingService#0] DEBUG block.SCMBlockDeletingService (SCMBlockDeletingService.java:call(138)) - Running DeletedBlockTransactionScanner
2019-08-30 23:40:04,805 [SCMBlockDeletingService#0] DEBUG block.SCMBlockDeletingService (SCMBlockDeletingService.java:call(155)) - Scanned deleted blocks log and got 0 delTX to process.
2019-08-30 23:40:04,809 [grpc-default-executor-1] INFO  client.GrpcClientProtocolClient (GrpcClientProtocolClient.java:onNext(255)) - client-7EF960CB3D58->c9f1298e-d840-49d8-aac3-de81602aa1d5: receive RaftClientReply:client-7EF960CB3D58->c9f1298e-d840-49d8-aac3-de81602aa1d5@group-E9810A644481, cid=1497, SUCCESS, logIndex=2076, commits[c9f1298e-d840-49d8-aac3-de81602aa1d5:c2079]
2019-08-30 23:40:04,810 [grpc-default-executor-1] INFO  client.GrpcClientProtocolClient (GrpcClientProtocolClient.java:onNext(255)) - client-7EF960CB3D58->c9f1298e-d840-49d8-aac3-de81602aa1d5: receive RaftClientReply:client-7EF960CB3D58->c9f1298e-d840-49d8-aac3-de81602aa1d5@group-E9810A644481, cid=1498, SUCCESS, logIndex=2077, commits[c9f1298e-d840-49d8-aac3-de81602aa1d5:c2079]
2019-08-30 23:40:04,810 [grpc-default-executor-1] INFO  client.GrpcClientProtocolClient (GrpcClientProtocolClient.java:onNext(255)) - client-7EF960CB3D58->c9f1298e-d840-49d8-aac3-de81602aa1d5: receive RaftClientReply:client-7EF960CB3D58->c9f1298e-d840-49d8-aac3-de81602aa1d5@group-E9810A644481, cid=1499, SUCCESS, logIndex=2078, commits[c9f1298e-d840-49d8-aac3-de81602aa1d5:c2079]
2019-08-30 23:40:04,811 [grpc-default-executor-1] INFO  client.GrpcClientProtocolClient (GrpcClientProtocolClient.java:onNext(255)) - client-7EF960CB3D58->c9f1298e-d840-49d8-aac3-de81602aa1d5: receive RaftClientReply:client-7EF960CB3D58->c9f1298e-d840-49d8-aac3-de81602aa1d5@group-E9810A644481, cid=1500, SUCCESS, logIndex=2079, commits[c9f1298e-d840-49d8-aac3-de81602aa1d5:c2079]
2019-08-30 23:40:04,835 [grpc-default-executor-1] INFO  client.GrpcClientProtocolClient (GrpcClientProtocolClient.java:onNext(255)) - client-7EF960CB3D58->c9f1298e-d840-49d8-aac3-de81602aa1d5: receive RaftClientReply:client-7EF960CB3D58->c9f1298e-d840-49d8-aac3-de81602aa1d5@group-E9810A644481, cid=1501, SUCCESS, logIndex=2081, commits[c9f1298e-d840-49d8-aac3-de81602aa1d5:c2082]
2019-08-30 23:40:04,835 [grpc-default-executor-1] INFO  client.GrpcClientProtocolClient (GrpcClientProtocolClient.java:onNext(255)) - client-7EF960CB3D58->c9f1298e-d840-49d8-aac3-de81602aa1d5: receive RaftClientReply:client-7EF960CB3D58->c9f1298e-d840-49d8-aac3-de81602aa1d5@group-E9810A644481, cid=1502, SUCCESS, logIndex=2082, commits[c9f1298e-d840-49d8-aac3-de81602aa1d5:c2082]
2019-08-30 23:40:04,906 [SCMBlockDeletingService#1] DEBUG block.SCMBlockDeletingService (SCMBlockDeletingService.java:call(138)) - Running DeletedBlockTransactionScanner
2019-08-30 23:40:04,906 [SCMBlockDeletingService#1] DEBUG block.SCMBlockDeletingService (SCMBlockDeletingService.java:call(155)) - Scanned deleted blocks log and got 0 delTX to process.
2019-08-30 23:40:04,974 [grpc-default-executor-0] INFO  client.GrpcClientProtocolClient (GrpcClientProtocolClient.java:onNext(255)) - client-7EF960CB3D58->c9f1298e-d840-49d8-aac3-de81602aa1d5: receive RaftClientReply:client-7EF960CB3D58->c9f1298e-d840-49d8-aac3-de81602aa1d5@group-E9810A644481, cid=1503, SUCCESS, logIndex=2084, commits[c9f1298e-d840-49d8-aac3-de81602aa1d5:c2085]
2019-08-30 23:40:04,974 [grpc-default-executor-0] INFO  client.GrpcClientProtocolClient (GrpcClientProtocolClient.java:onNext(255)) - client-7EF960CB3D58->c9f1298e-d840-49d8-aac3-de81602aa1d5: receive RaftClientReply:client-7EF960CB3D58->c9f1298e-d840-49d8-aac3-de81602aa1d5@group-E9810A644481, cid=1504, SUCCESS, logIndex=2085, commits[c9f1298e-d840-49d8-aac3-de81602aa1d5:c2085]
2019-08-30 23:40:04,999 [grpc-default-executor-1] INFO  client.GrpcClientProtocolClient (GrpcClientProtocolClient.java:onNext(255)) - client-7EF960CB3D58->c9f1298e-d840-49d8-aac3-de81602aa1d5: receive RaftClientReply:client-7EF960CB3D58->c9f1298e-d840-49d8-aac3-de81602aa1d5@group-E9810A644481, cid=1505, SUCCESS, logIndex=2087, commits[c9f1298e-d840-49d8-aac3-de81602aa1d5:c2088]
2019-08-30 23:40:05,000 [grpc-default-executor-1] INFO  client.GrpcClientProtocolClient (GrpcClientProtocolClient.java:onNext(255)) - client-7EF960CB3D58->c9f1298e-d840-49d8-aac3-de81602aa1d5: receive RaftClientReply:client-7EF960CB3D58->c9f1298e-d840-49d8-aac3-de81602aa1d5@group-E9810A644481, cid=1506, SUCCESS, logIndex=2088, commits[c9f1298e-d840-49d8-aac3-de81602aa1d5:c2088]
2019-08-30 23:40:05,007 [SCMBlockDeletingService#1] DEBUG block.SCMBlockDeletingService (SCMBlockDeletingService.java:call(138)) - Running DeletedBlockTransactionScanner
2019-08-30 23:40:05,007 [SCMBlockDeletingService#1] DEBUG block.SCMBlockDeletingService (SCMBlockDeletingService.java:call(155)) - Scanned deleted blocks log and got 0 delTX to process.
2019-08-30 23:40:05,013 [grpc-default-executor-1] INFO  client.GrpcClientProtocolClient (GrpcClientProtocolClient.java:onNext(255)) - client-7EF960CB3D58->c9f1298e-d840-49d8-aac3-de81602aa1d5: receive RaftClientReply:client-7EF960CB3D58->c9f1298e-d840-49d8-aac3-de81602aa1d5@group-E9810A644481, cid=1507, SUCCESS, logIndex=2089, commits[c9f1298e-d840-49d8-aac3-de81602aa1d5:c2090]
2019-08-30 23:40:05,014 [grpc-default-executor-1] INFO  client.GrpcClientProtocolClient (GrpcClientProtocolClient.java:onNext(255)) - client-7EF960CB3D58->c9f1298e-d840-49d8-aac3-de81602aa1d5: receive RaftClientReply:client-7EF960CB3D58->c9f1298e-d840-49d8-aac3-de81602aa1d5@group-E9810A644481, cid=1508, SUCCESS, logIndex=2090, commits[c9f1298e-d840-49d8-aac3-de81602aa1d5:c2090]
2019-08-30 23:40:05,031 [grpc-default-executor-1] INFO  client.GrpcClientProtocolClient (GrpcClientProtocolClient.java:onNext(255)) - client-7EF960CB3D58->c9f1298e-d840-49d8-aac3-de81602aa1d5: receive RaftClientReply:client-7EF960CB3D58->c9f1298e-d840-49d8-aac3-de81602aa1d5@group-E9810A644481, cid=1509, SUCCESS, logIndex=2093, commits[c9f1298e-d840-49d8-aac3-de81602aa1d5:c2094]
2019-08-30 23:40:05,031 [grpc-default-executor-1] INFO  client.GrpcClientProtocolClient (GrpcClientProtocolClient.java:onNext(255)) - client-7EF960CB3D58->c9f1298e-d840-49d8-aac3-de81602aa1d5: receive RaftClientReply:client-7EF960CB3D58->c9f1298e-d840-49d8-aac3-de81602aa1d5@group-E9810A644481, cid=1510, SUCCESS, logIndex=2094, commits[c9f1298e-d840-49d8-aac3-de81602aa1d5:c2094]
2019-08-30 23:40:05,032 [grpc-default-executor-1] INFO  client.GrpcClientProtocolClient (GrpcClientProtocolClient.java:onNext(255)) - client-7EF960CB3D58->c9f1298e-d840-49d8-aac3-de81602aa1d5: receive RaftClientReply:client-7EF960CB3D58->c9f1298e-d840-49d8-aac3-de81602aa1d5@group-E9810A644481, cid=1511, SUCCESS, logIndex=2095, commits[c9f1298e-d840-49d8-aac3-de81602aa1d5:c2096]
2019-08-30 23:40:05,032 [grpc-default-executor-1] INFO  client.GrpcClientProtocolClient (GrpcClientProtocolClient.java:onNext(255)) - client-7EF960CB3D58->c9f1298e-d840-49d8-aac3-de81602aa1d5: receive RaftClientReply:client-7EF960CB3D58->c9f1298e-d840-49d8-aac3-de81602aa1d5@group-E9810A644481, cid=1512, SUCCESS, logIndex=2096, commits[c9f1298e-d840-49d8-aac3-de81602aa1d5:c2096]
2019-08-30 23:40:05,068 [grpc-default-executor-1] INFO  client.GrpcClientProtocolClient (GrpcClientProtocolClient.java:onNext(255)) - client-7EF960CB3D58->c9f1298e-d840-49d8-aac3-de81602aa1d5: receive RaftClientReply:client-7EF960CB3D58->c9f1298e-d840-49d8-aac3-de81602aa1d5@group-E9810A644481, cid=1513, SUCCESS, logIndex=2099, commits[c9f1298e-d840-49d8-aac3-de81602aa1d5:c2102]
2019-08-30 23:40:05,069 [grpc-default-executor-1] INFO  client.GrpcClientProtocolClient (GrpcClientProtocolClient.java:onNext(255)) - client-7EF960CB3D58->c9f1298e-d840-49d8-aac3-de81602aa1d5: receive RaftClientReply:client-7EF960CB3D58->c9f1298e-d840-49d8-aac3-de81602aa1d5@group-E9810A644481, cid=1514, SUCCESS, logIndex=2100, commits[c9f1298e-d840-49d8-aac3-de81602aa1d5:c2102]
2019-08-30 23:40:05,069 [grpc-default-executor-1] INFO  client.GrpcClientProtocolClient (GrpcClientProtocolClient.java:onNext(255)) - client-7EF960CB3D58->c9f1298e-d840-49d8-aac3-de81602aa1d5: receive RaftClientReply:client-7EF960CB3D58->c9f1298e-d840-49d8-aac3-de81602aa1d5@group-E9810A644481, cid=1515, SUCCESS, logIndex=2101, commits[c9f1298e-d840-49d8-aac3-de81602aa1d5:c2102]
2019-08-30 23:40:05,069 [grpc-default-executor-1] INFO  client.GrpcClientProtocolClient (GrpcClientProtocolClient.java:onNext(255)) - client-7EF960CB3D58->c9f1298e-d840-49d8-aac3-de81602aa1d5: receive RaftClientReply:client-7EF960CB3D58->c9f1298e-d840-49d8-aac3-de81602aa1d5@group-E9810A644481, cid=1516, SUCCESS, logIndex=2102, commits[c9f1298e-d840-49d8-aac3-de81602aa1d5:c2102]
2019-08-30 23:40:05,103 [grpc-default-executor-1] INFO  client.GrpcClientProtocolClient (GrpcClientProtocolClient.java:onNext(255)) - client-7EF960CB3D58->c9f1298e-d840-49d8-aac3-de81602aa1d5: receive RaftClientReply:client-7EF960CB3D58->c9f1298e-d840-49d8-aac3-de81602aa1d5@group-E9810A644481, cid=1517, SUCCESS, logIndex=2104, commits[c9f1298e-d840-49d8-aac3-de81602aa1d5:c2107]
2019-08-30 23:40:05,104 [grpc-default-executor-1] INFO  client.GrpcClientProtocolClient (GrpcClientProtocolClient.java:onNext(255)) - client-7EF960CB3D58->c9f1298e-d840-49d8-aac3-de81602aa1d5: receive RaftClientReply:client-7EF960CB3D58->c9f1298e-d840-49d8-aac3-de81602aa1d5@group-E9810A644481, cid=1518, SUCCESS, logIndex=2105, commits[c9f1298e-d840-49d8-aac3-de81602aa1d5:c2108]
2019-08-30 23:40:05,104 [grpc-default-executor-1] INFO  client.GrpcClientProtocolClient (GrpcClientProtocolClient.java:onNext(255)) - client-7EF960CB3D58->c9f1298e-d840-49d8-aac3-de81602aa1d5: receive RaftClientReply:client-7EF960CB3D58->c9f1298e-d840-49d8-aac3-de81602aa1d5@group-E9810A644481, cid=1519, SUCCESS, logIndex=2106, commits[c9f1298e-d840-49d8-aac3-de81602aa1d5:c2108]
2019-08-30 23:40:05,104 [grpc-default-executor-1] INFO  client.GrpcClientProtocolClient (GrpcClientProtocolClient.java:onNext(255)) - client-7EF960CB3D58->c9f1298e-d840-49d8-aac3-de81602aa1d5: receive RaftClientReply:client-7EF960CB3D58->c9f1298e-d840-49d8-aac3-de81602aa1d5@group-E9810A644481, cid=1520, SUCCESS, logIndex=2107, commits[c9f1298e-d840-49d8-aac3-de81602aa1d5:c2108]
2019-08-30 23:40:05,107 [SCMBlockDeletingService#1] DEBUG block.SCMBlockDeletingService (SCMBlockDeletingService.java:call(138)) - Running DeletedBlockTransactionScanner
2019-08-30 23:40:05,108 [SCMBlockDeletingService#1] DEBUG block.SCMBlockDeletingService (SCMBlockDeletingService.java:call(155)) - Scanned deleted blocks log and got 0 delTX to process.
2019-08-30 23:40:05,125 [grpc-default-executor-1] INFO  client.GrpcClientProtocolClient (GrpcClientProtocolClient.java:onNext(255)) - client-7EF960CB3D58->c9f1298e-d840-49d8-aac3-de81602aa1d5: receive RaftClientReply:client-7EF960CB3D58->c9f1298e-d840-49d8-aac3-de81602aa1d5@group-E9810A644481, cid=1521, SUCCESS, logIndex=2109, commits[c9f1298e-d840-49d8-aac3-de81602aa1d5:c2110]
2019-08-30 23:40:05,126 [grpc-default-executor-1] INFO  client.GrpcClientProtocolClient (GrpcClientProtocolClient.java:onNext(255)) - client-7EF960CB3D58->c9f1298e-d840-49d8-aac3-de81602aa1d5: receive RaftClientReply:client-7EF960CB3D58->c9f1298e-d840-49d8-aac3-de81602aa1d5@group-E9810A644481, cid=1522, SUCCESS, logIndex=2110, commits[c9f1298e-d840-49d8-aac3-de81602aa1d5:c2110]
2019-08-30 23:40:05,131 [grpc-default-executor-1] INFO  client.GrpcClientProtocolClient (GrpcClientProtocolClient.java:onNext(255)) - client-7EF960CB3D58->c9f1298e-d840-49d8-aac3-de81602aa1d5: receive RaftClientReply:client-7EF960CB3D58->c9f1298e-d840-49d8-aac3-de81602aa1d5@group-E9810A644481, cid=1523, SUCCESS, logIndex=2111, commits[c9f1298e-d840-49d8-aac3-de81602aa1d5:c2112]
2019-08-30 23:40:05,131 [grpc-default-executor-1] INFO  client.GrpcClientProtocolClient (GrpcClientProtocolClient.java:onNext(255)) - client-7EF960CB3D58->c9f1298e-d840-49d8-aac3-de81602aa1d5: receive RaftClientReply:client-7EF960CB3D58->c9f1298e-d840-49d8-aac3-de81602aa1d5@group-E9810A644481, cid=1524, SUCCESS, logIndex=2112, commits[c9f1298e-d840-49d8-aac3-de81602aa1d5:c2112]
2019-08-30 23:40:05,159 [grpc-default-executor-1] INFO  client.GrpcClientProtocolClient (GrpcClientProtocolClient.java:onNext(255)) - client-7EF960CB3D58->c9f1298e-d840-49d8-aac3-de81602aa1d5: receive RaftClientReply:client-7EF960CB3D58->c9f1298e-d840-49d8-aac3-de81602aa1d5@group-E9810A644481, cid=1525, SUCCESS, logIndex=2115, commits[c9f1298e-d840-49d8-aac3-de81602aa1d5:c2118]
2019-08-30 23:40:05,160 [grpc-default-executor-1] INFO  client.GrpcClientProtocolClient (GrpcClientProtocolClient.java:onNext(255)) - client-7EF960CB3D58->c9f1298e-d840-49d8-aac3-de81602aa1d5: receive RaftClientReply:client-7EF960CB3D58->c9f1298e-d840-49d8-aac3-de81602aa1d5@group-E9810A644481, cid=1526, SUCCESS, logIndex=2116, commits[c9f1298e-d840-49d8-aac3-de81602aa1d5:c2119]
2019-08-30 23:40:05,160 [grpc-default-executor-1] INFO  client.GrpcClientProtocolClient (GrpcClientProtocolClient.java:onNext(255)) - client-7EF960CB3D58->c9f1298e-d840-49d8-aac3-de81602aa1d5: receive RaftClientReply:client-7EF960CB3D58->c9f1298e-d840-49d8-aac3-de81602aa1d5@group-E9810A644481, cid=1527, SUCCESS, logIndex=2117, commits[c9f1298e-d840-49d8-aac3-de81602aa1d5:c2119]
2019-08-30 23:40:05,161 [grpc-default-executor-1] INFO  client.GrpcClientProtocolClient (GrpcClientProtocolClient.java:onNext(255)) - client-7EF960CB3D58->c9f1298e-d840-49d8-aac3-de81602aa1d5: receive RaftClientReply:client-7EF960CB3D58->c9f1298e-d840-49d8-aac3-de81602aa1d5@group-E9810A644481, cid=1528, SUCCESS, logIndex=2118, commits[c9f1298e-d840-49d8-aac3-de81602aa1d5:c2119]
2019-08-30 23:40:05,202 [grpc-default-executor-1] INFO  client.GrpcClientProtocolClient (GrpcClientProtocolClient.java:onNext(255)) - client-7EF960CB3D58->c9f1298e-d840-49d8-aac3-de81602aa1d5: receive RaftClientReply:client-7EF960CB3D58->c9f1298e-d840-49d8-aac3-de81602aa1d5@group-E9810A644481, cid=1529, SUCCESS, logIndex=2120, commits[c9f1298e-d840-49d8-aac3-de81602aa1d5:c2123]
2019-08-30 23:40:05,202 [grpc-default-executor-1] INFO  client.GrpcClientProtocolClient (GrpcClientProtocolClient.java:onNext(255)) - client-7EF960CB3D58->c9f1298e-d840-49d8-aac3-de81602aa1d5: receive RaftClientReply:client-7EF960CB3D58->c9f1298e-d840-49d8-aac3-de81602aa1d5@group-E9810A644481, cid=1530, SUCCESS, logIndex=2121, commits[c9f1298e-d840-49d8-aac3-de81602aa1d5:c2123]
2019-08-30 23:40:05,203 [grpc-default-executor-1] INFO  client.GrpcClientProtocolClient (GrpcClientProtocolClient.java:onNext(255)) - client-7EF960CB3D58->c9f1298e-d840-49d8-aac3-de81602aa1d5: receive RaftClientReply:client-7EF960CB3D58->c9f1298e-d840-49d8-aac3-de81602aa1d5@group-E9810A644481, cid=1531, SUCCESS, logIndex=2122, commits[c9f1298e-d840-49d8-aac3-de81602aa1d5:c2123]
2019-08-30 23:40:05,203 [grpc-default-executor-1] INFO  client.GrpcClientProtocolClient (GrpcClientProtocolClient.java:onNext(255)) - client-7EF960CB3D58->c9f1298e-d840-49d8-aac3-de81602aa1d5: receive RaftClientReply:client-7EF960CB3D58->c9f1298e-d840-49d8-aac3-de81602aa1d5@group-E9810A644481, cid=1532, SUCCESS, logIndex=2123, commits[c9f1298e-d840-49d8-aac3-de81602aa1d5:c2123]
2019-08-30 23:40:05,208 [SCMBlockDeletingService#1] DEBUG block.SCMBlockDeletingService (SCMBlockDeletingService.java:call(138)) - Running DeletedBlockTransactionScanner
2019-08-30 23:40:05,208 [SCMBlockDeletingService#1] DEBUG block.SCMBlockDeletingService (SCMBlockDeletingService.java:call(155)) - Scanned deleted blocks log and got 0 delTX to process.
2019-08-30 23:40:05,216 [grpc-default-executor-1] INFO  client.GrpcClientProtocolClient (GrpcClientProtocolClient.java:onNext(255)) - client-7EF960CB3D58->c9f1298e-d840-49d8-aac3-de81602aa1d5: receive RaftClientReply:client-7EF960CB3D58->c9f1298e-d840-49d8-aac3-de81602aa1d5@group-E9810A644481, cid=1533, SUCCESS, logIndex=2125, commits[c9f1298e-d840-49d8-aac3-de81602aa1d5:c2126]
2019-08-30 23:40:05,216 [grpc-default-executor-1] INFO  client.GrpcClientProtocolClient (GrpcClientProtocolClient.java:onNext(255)) - client-7EF960CB3D58->c9f1298e-d840-49d8-aac3-de81602aa1d5: receive RaftClientReply:client-7EF960CB3D58->c9f1298e-d840-49d8-aac3-de81602aa1d5@group-E9810A644481, cid=1534, SUCCESS, logIndex=2126, commits[c9f1298e-d840-49d8-aac3-de81602aa1d5:c2126]
2019-08-30 23:40:05,226 [grpc-default-executor-1] INFO  client.GrpcClientProtocolClient (GrpcClientProtocolClient.java:onNext(255)) - client-7EF960CB3D58->c9f1298e-d840-49d8-aac3-de81602aa1d5: receive RaftClientReply:client-7EF960CB3D58->c9f1298e-d840-49d8-aac3-de81602aa1d5@group-E9810A644481, cid=1535, SUCCESS, logIndex=2127, commits[c9f1298e-d840-49d8-aac3-de81602aa1d5:c2128]
2019-08-30 23:40:05,227 [grpc-default-executor-1] INFO  client.GrpcClientProtocolClient (GrpcClientProtocolClient.java:onNext(255)) - client-7EF960CB3D58->c9f1298e-d840-49d8-aac3-de81602aa1d5: receive RaftClientReply:client-7EF960CB3D58->c9f1298e-d840-49d8-aac3-de81602aa1d5@group-E9810A644481, cid=1536, SUCCESS, logIndex=2128, commits[c9f1298e-d840-49d8-aac3-de81602aa1d5:c2128]
2019-08-30 23:40:05,270 [grpc-default-executor-1] INFO  client.GrpcClientProtocolClient (GrpcClientProtocolClient.java:onNext(255)) - client-7EF960CB3D58->c9f1298e-d840-49d8-aac3-de81602aa1d5: receive RaftClientReply:client-7EF960CB3D58->c9f1298e-d840-49d8-aac3-de81602aa1d5@group-E9810A644481, cid=1537, SUCCESS, logIndex=2131, commits[c9f1298e-d840-49d8-aac3-de81602aa1d5:c2134]
2019-08-30 23:40:05,271 [grpc-default-executor-1] INFO  client.GrpcClientProtocolClient (GrpcClientProtocolClient.java:onNext(255)) - client-7EF960CB3D58->c9f1298e-d840-49d8-aac3-de81602aa1d5: receive RaftClientReply:client-7EF960CB3D58->c9f1298e-d840-49d8-aac3-de81602aa1d5@group-E9810A644481, cid=1538, SUCCESS, logIndex=2132, commits[c9f1298e-d840-49d8-aac3-de81602aa1d5:c2134]
2019-08-30 23:40:05,272 [grpc-default-executor-1] INFO  client.GrpcClientProtocolClient (GrpcClientProtocolClient.java:onNext(255)) - client-7EF960CB3D58->c9f1298e-d840-49d8-aac3-de81602aa1d5: receive RaftClientReply:client-7EF960CB3D58->c9f1298e-d840-49d8-aac3-de81602aa1d5@group-E9810A644481, cid=1539, SUCCESS, logIndex=2133, commits[c9f1298e-d840-49d8-aac3-de81602aa1d5:c2134]
2019-08-30 23:40:05,272 [grpc-default-executor-1] INFO  client.GrpcClientProtocolClient (GrpcClientProtocolClient.java:onNext(255)) - client-7EF960CB3D58->c9f1298e-d840-49d8-aac3-de81602aa1d5: receive RaftClientReply:client-7EF960CB3D58->c9f1298e-d840-49d8-aac3-de81602aa1d5@group-E9810A644481, cid=1540, SUCCESS, logIndex=2134, commits[c9f1298e-d840-49d8-aac3-de81602aa1d5:c2134]
2019-08-30 23:40:05,290 [grpc-default-executor-1] INFO  client.GrpcClientProtocolClient (GrpcClientProtocolClient.java:onNext(255)) - client-7EF960CB3D58->c9f1298e-d840-49d8-aac3-de81602aa1d5: receive RaftClientReply:client-7EF960CB3D58->c9f1298e-d840-49d8-aac3-de81602aa1d5@group-E9810A644481, cid=1541, SUCCESS, logIndex=2136, commits[c9f1298e-d840-49d8-aac3-de81602aa1d5:c2137]
2019-08-30 23:40:05,290 [grpc-default-executor-1] INFO  client.GrpcClientProtocolClient (GrpcClientProtocolClient.java:onNext(255)) - client-7EF960CB3D58->c9f1298e-d840-49d8-aac3-de81602aa1d5: receive RaftClientReply:client-7EF960CB3D58->c9f1298e-d840-49d8-aac3-de81602aa1d5@group-E9810A644481, cid=1542, SUCCESS, logIndex=2137, commits[c9f1298e-d840-49d8-aac3-de81602aa1d5:c2137]
2019-08-30 23:40:05,308 [SCMBlockDeletingService#1] DEBUG block.SCMBlockDeletingService (SCMBlockDeletingService.java:call(138)) - Running DeletedBlockTransactionScanner
2019-08-30 23:40:05,309 [SCMBlockDeletingService#1] DEBUG block.SCMBlockDeletingService (SCMBlockDeletingService.java:call(155)) - Scanned deleted blocks log and got 0 delTX to process.
2019-08-30 23:40:05,338 [grpc-default-executor-1] INFO  client.GrpcClientProtocolClient (GrpcClientProtocolClient.java:onNext(255)) - client-7EF960CB3D58->c9f1298e-d840-49d8-aac3-de81602aa1d5: receive RaftClientReply:client-7EF960CB3D58->c9f1298e-d840-49d8-aac3-de81602aa1d5@group-E9810A644481, cid=1543, SUCCESS, logIndex=2138, commits[c9f1298e-d840-49d8-aac3-de81602aa1d5:c2139]
2019-08-30 23:40:05,339 [grpc-default-executor-1] INFO  client.GrpcClientProtocolClient (GrpcClientProtocolClient.java:onNext(255)) - client-7EF960CB3D58->c9f1298e-d840-49d8-aac3-de81602aa1d5: receive RaftClientReply:client-7EF960CB3D58->c9f1298e-d840-49d8-aac3-de81602aa1d5@group-E9810A644481, cid=1544, SUCCESS, logIndex=2139, commits[c9f1298e-d840-49d8-aac3-de81602aa1d5:c2139]
2019-08-30 23:40:05,361 [grpc-default-executor-1] INFO  client.GrpcClientProtocolClient (GrpcClientProtocolClient.java:onNext(255)) - client-7EF960CB3D58->c9f1298e-d840-49d8-aac3-de81602aa1d5: receive RaftClientReply:client-7EF960CB3D58->c9f1298e-d840-49d8-aac3-de81602aa1d5@group-E9810A644481, cid=1545, SUCCESS, logIndex=2142, commits[c9f1298e-d840-49d8-aac3-de81602aa1d5:c2143]
2019-08-30 23:40:05,362 [grpc-default-executor-1] INFO  client.GrpcClientProtocolClient (GrpcClientProtocolClient.java:onNext(255)) - client-7EF960CB3D58->c9f1298e-d840-49d8-aac3-de81602aa1d5: receive RaftClientReply:client-7EF960CB3D58->c9f1298e-d840-49d8-aac3-de81602aa1d5@group-E9810A644481, cid=1546, SUCCESS, logIndex=2143, commits[c9f1298e-d840-49d8-aac3-de81602aa1d5:c2143]
2019-08-30 23:40:05,409 [SCMBlockDeletingService#1] DEBUG block.SCMBlockDeletingService (SCMBlockDeletingService.java:call(138)) - Running DeletedBlockTransactionScanner
2019-08-30 23:40:05,409 [SCMBlockDeletingService#1] DEBUG block.SCMBlockDeletingService (SCMBlockDeletingService.java:call(155)) - Scanned deleted blocks log and got 0 delTX to process.
2019-08-30 23:40:05,524 [SCMBlockDeletingService#1] DEBUG block.SCMBlockDeletingService (SCMBlockDeletingService.java:call(138)) - Running DeletedBlockTransactionScanner
2019-08-30 23:40:05,524 [SCMBlockDeletingService#1] DEBUG block.SCMBlockDeletingService (SCMBlockDeletingService.java:call(155)) - Scanned deleted blocks log and got 0 delTX to process.
2019-08-30 23:40:05,550 [grpc-default-executor-0] INFO  client.GrpcClientProtocolClient (GrpcClientProtocolClient.java:onNext(255)) - client-7EF960CB3D58->c9f1298e-d840-49d8-aac3-de81602aa1d5: receive RaftClientReply:client-7EF960CB3D58->c9f1298e-d840-49d8-aac3-de81602aa1d5@group-E9810A644481, cid=1547, SUCCESS, logIndex=2145, commits[c9f1298e-d840-49d8-aac3-de81602aa1d5:c2146]
2019-08-30 23:40:05,550 [grpc-default-executor-0] INFO  client.GrpcClientProtocolClient (GrpcClientProtocolClient.java:onNext(255)) - client-7EF960CB3D58->c9f1298e-d840-49d8-aac3-de81602aa1d5: receive RaftClientReply:client-7EF960CB3D58->c9f1298e-d840-49d8-aac3-de81602aa1d5@group-E9810A644481, cid=1548, SUCCESS, logIndex=2146, commits[c9f1298e-d840-49d8-aac3-de81602aa1d5:c2146]
2019-08-30 23:40:05,571 [grpc-default-executor-0] INFO  client.GrpcClientProtocolClient (GrpcClientProtocolClient.java:onNext(255)) - client-7EF960CB3D58->c9f1298e-d840-49d8-aac3-de81602aa1d5: receive RaftClientReply:client-7EF960CB3D58->c9f1298e-d840-49d8-aac3-de81602aa1d5@group-E9810A644481, cid=1549, SUCCESS, logIndex=2148, commits[c9f1298e-d840-49d8-aac3-de81602aa1d5:c2151]
2019-08-30 23:40:05,572 [grpc-default-executor-0] INFO  client.GrpcClientProtocolClient (GrpcClientProtocolClient.java:onNext(255)) - client-7EF960CB3D58->c9f1298e-d840-49d8-aac3-de81602aa1d5: receive RaftClientReply:client-7EF960CB3D58->c9f1298e-d840-49d8-aac3-de81602aa1d5@group-E9810A644481, cid=1550, SUCCESS, logIndex=2149, commits[c9f1298e-d840-49d8-aac3-de81602aa1d5:c2151]
2019-08-30 23:40:05,572 [grpc-default-executor-0] INFO  client.GrpcClientProtocolClient (GrpcClientProtocolClient.java:onNext(255)) - client-7EF960CB3D58->c9f1298e-d840-49d8-aac3-de81602aa1d5: receive RaftClientReply:client-7EF960CB3D58->c9f1298e-d840-49d8-aac3-de81602aa1d5@group-E9810A644481, cid=1551, SUCCESS, logIndex=2150, commits[c9f1298e-d840-49d8-aac3-de81602aa1d5:c2151]
2019-08-30 23:40:05,572 [grpc-default-executor-0] INFO  client.GrpcClientProtocolClient (GrpcClientProtocolClient.java:onNext(255)) - client-7EF960CB3D58->c9f1298e-d840-49d8-aac3-de81602aa1d5: receive RaftClientReply:client-7EF960CB3D58->c9f1298e-d840-49d8-aac3-de81602aa1d5@group-E9810A644481, cid=1552, SUCCESS, logIndex=2151, commits[c9f1298e-d840-49d8-aac3-de81602aa1d5:c2151]
2019-08-30 23:40:05,607 [grpc-default-executor-0] INFO  client.GrpcClientProtocolClient (GrpcClientProtocolClient.java:onNext(255)) - client-7EF960CB3D58->c9f1298e-d840-49d8-aac3-de81602aa1d5: receive RaftClientReply:client-7EF960CB3D58->c9f1298e-d840-49d8-aac3-de81602aa1d5@group-E9810A644481, cid=1553, SUCCESS, logIndex=2153, commits[c9f1298e-d840-49d8-aac3-de81602aa1d5:c2154]
2019-08-30 23:40:05,608 [grpc-default-executor-0] INFO  client.GrpcClientProtocolClient (GrpcClientProtocolClient.java:onNext(255)) - client-7EF960CB3D58->c9f1298e-d840-49d8-aac3-de81602aa1d5: receive RaftClientReply:client-7EF960CB3D58->c9f1298e-d840-49d8-aac3-de81602aa1d5@group-E9810A644481, cid=1554, SUCCESS, logIndex=2154, commits[c9f1298e-d840-49d8-aac3-de81602aa1d5:c2154]
2019-08-30 23:40:05,618 [grpc-default-executor-0] INFO  client.GrpcClientProtocolClient (GrpcClientProtocolClient.java:onNext(255)) - client-7EF960CB3D58->c9f1298e-d840-49d8-aac3-de81602aa1d5: receive RaftClientReply:client-7EF960CB3D58->c9f1298e-d840-49d8-aac3-de81602aa1d5@group-E9810A644481, cid=1555, SUCCESS, logIndex=2155, commits[c9f1298e-d840-49d8-aac3-de81602aa1d5:c2156]
2019-08-30 23:40:05,619 [grpc-default-executor-0] INFO  client.GrpcClientProtocolClient (GrpcClientProtocolClient.java:onNext(255)) - client-7EF960CB3D58->c9f1298e-d840-49d8-aac3-de81602aa1d5: receive RaftClientReply:client-7EF960CB3D58->c9f1298e-d840-49d8-aac3-de81602aa1d5@group-E9810A644481, cid=1556, SUCCESS, logIndex=2156, commits[c9f1298e-d840-49d8-aac3-de81602aa1d5:c2156]
2019-08-30 23:40:05,624 [SCMBlockDeletingService#1] DEBUG block.SCMBlockDeletingService (SCMBlockDeletingService.java:call(138)) - Running DeletedBlockTransactionScanner
2019-08-30 23:40:05,625 [SCMBlockDeletingService#1] DEBUG block.SCMBlockDeletingService (SCMBlockDeletingService.java:call(155)) - Scanned deleted blocks log and got 0 delTX to process.
2019-08-30 23:40:05,638 [grpc-default-executor-0] INFO  client.GrpcClientProtocolClient (GrpcClientProtocolClient.java:onNext(255)) - client-7EF960CB3D58->c9f1298e-d840-49d8-aac3-de81602aa1d5: receive RaftClientReply:client-7EF960CB3D58->c9f1298e-d840-49d8-aac3-de81602aa1d5@group-E9810A644481, cid=1557, SUCCESS, logIndex=2159, commits[c9f1298e-d840-49d8-aac3-de81602aa1d5:c2160]
2019-08-30 23:40:05,638 [grpc-default-executor-0] INFO  client.GrpcClientProtocolClient (GrpcClientProtocolClient.java:onNext(255)) - client-7EF960CB3D58->c9f1298e-d840-49d8-aac3-de81602aa1d5: receive RaftClientReply:client-7EF960CB3D58->c9f1298e-d840-49d8-aac3-de81602aa1d5@group-E9810A644481, cid=1558, SUCCESS, logIndex=2160, commits[c9f1298e-d840-49d8-aac3-de81602aa1d5:c2160]
2019-08-30 23:40:05,650 [grpc-default-executor-0] INFO  client.GrpcClientProtocolClient (GrpcClientProtocolClient.java:onNext(255)) - client-7EF960CB3D58->c9f1298e-d840-49d8-aac3-de81602aa1d5: receive RaftClientReply:client-7EF960CB3D58->c9f1298e-d840-49d8-aac3-de81602aa1d5@group-E9810A644481, cid=1559, SUCCESS, logIndex=2161, commits[c9f1298e-d840-49d8-aac3-de81602aa1d5:c2162]
2019-08-30 23:40:05,650 [grpc-default-executor-0] INFO  client.GrpcClientProtocolClient (GrpcClientProtocolClient.java:onNext(255)) - client-7EF960CB3D58->c9f1298e-d840-49d8-aac3-de81602aa1d5: receive RaftClientReply:client-7EF960CB3D58->c9f1298e-d840-49d8-aac3-de81602aa1d5@group-E9810A644481, cid=1560, SUCCESS, logIndex=2162, commits[c9f1298e-d840-49d8-aac3-de81602aa1d5:c2162]
2019-08-30 23:40:05,689 [grpc-default-executor-0] INFO  client.GrpcClientProtocolClient (GrpcClientProtocolClient.java:onNext(255)) - client-7EF960CB3D58->c9f1298e-d840-49d8-aac3-de81602aa1d5: receive RaftClientReply:client-7EF960CB3D58->c9f1298e-d840-49d8-aac3-de81602aa1d5@group-E9810A644481, cid=1561, SUCCESS, logIndex=2165, commits[c9f1298e-d840-49d8-aac3-de81602aa1d5:c2166]
2019-08-30 23:40:05,689 [grpc-default-executor-0] INFO  client.GrpcClientProtocolClient (GrpcClientProtocolClient.java:onNext(255)) - client-7EF960CB3D58->c9f1298e-d840-49d8-aac3-de81602aa1d5: receive RaftClientReply:client-7EF960CB3D58->c9f1298e-d840-49d8-aac3-de81602aa1d5@group-E9810A644481, cid=1562, SUCCESS, logIndex=2166, commits[c9f1298e-d840-49d8-aac3-de81602aa1d5:c2168]
2019-08-30 23:40:05,690 [grpc-default-executor-0] INFO  client.GrpcClientProtocolClient (GrpcClientProtocolClient.java:onNext(255)) - client-7EF960CB3D58->c9f1298e-d840-49d8-aac3-de81602aa1d5: receive RaftClientReply:client-7EF960CB3D58->c9f1298e-d840-49d8-aac3-de81602aa1d5@group-E9810A644481, cid=1563, SUCCESS, logIndex=2167, commits[c9f1298e-d840-49d8-aac3-de81602aa1d5:c2169]
2019-08-30 23:40:05,690 [grpc-default-executor-0] INFO  client.GrpcClientProtocolClient (GrpcClientProtocolClient.java:onNext(255)) - client-7EF960CB3D58->c9f1298e-d840-49d8-aac3-de81602aa1d5: receive RaftClientReply:client-7EF960CB3D58->c9f1298e-d840-49d8-aac3-de81602aa1d5@group-E9810A644481, cid=1564, SUCCESS, logIndex=2168, commits[c9f1298e-d840-49d8-aac3-de81602aa1d5:c2169]
2019-08-30 23:40:05,710 [grpc-default-executor-1] INFO  client.GrpcClientProtocolClient (GrpcClientProtocolClient.java:onNext(255)) - client-7EF960CB3D58->c9f1298e-d840-49d8-aac3-de81602aa1d5: receive RaftClientReply:client-7EF960CB3D58->c9f1298e-d840-49d8-aac3-de81602aa1d5@group-E9810A644481, cid=1565, SUCCESS, logIndex=2171, commits[c9f1298e-d840-49d8-aac3-de81602aa1d5:c2172]
2019-08-30 23:40:05,710 [grpc-default-executor-1] INFO  client.GrpcClientProtocolClient (GrpcClientProtocolClient.java:onNext(255)) - client-7EF960CB3D58->c9f1298e-d840-49d8-aac3-de81602aa1d5: receive RaftClientReply:client-7EF960CB3D58->c9f1298e-d840-49d8-aac3-de81602aa1d5@group-E9810A644481, cid=1566, SUCCESS, logIndex=2172, commits[c9f1298e-d840-49d8-aac3-de81602aa1d5:c2172]
2019-08-30 23:40:05,714 [grpc-default-executor-1] INFO  client.GrpcClientProtocolClient (GrpcClientProtocolClient.java:onNext(255)) - client-7EF960CB3D58->c9f1298e-d840-49d8-aac3-de81602aa1d5: receive RaftClientReply:client-7EF960CB3D58->c9f1298e-d840-49d8-aac3-de81602aa1d5@group-E9810A644481, cid=1567, SUCCESS, logIndex=2173, commits[c9f1298e-d840-49d8-aac3-de81602aa1d5:c2174]
2019-08-30 23:40:05,714 [grpc-default-executor-1] INFO  client.GrpcClientProtocolClient (GrpcClientProtocolClient.java:onNext(255)) - client-7EF960CB3D58->c9f1298e-d840-49d8-aac3-de81602aa1d5: receive RaftClientReply:client-7EF960CB3D58->c9f1298e-d840-49d8-aac3-de81602aa1d5@group-E9810A644481, cid=1568, SUCCESS, logIndex=2174, commits[c9f1298e-d840-49d8-aac3-de81602aa1d5:c2175]
2019-08-30 23:40:05,725 [SCMBlockDeletingService#0] DEBUG block.SCMBlockDeletingService (SCMBlockDeletingService.java:call(138)) - Running DeletedBlockTransactionScanner
2019-08-30 23:40:05,725 [SCMBlockDeletingService#0] DEBUG block.SCMBlockDeletingService (SCMBlockDeletingService.java:call(155)) - Scanned deleted blocks log and got 0 delTX to process.
2019-08-30 23:40:05,741 [grpc-default-executor-1] INFO  client.GrpcClientProtocolClient (GrpcClientProtocolClient.java:onNext(255)) - client-7EF960CB3D58->c9f1298e-d840-49d8-aac3-de81602aa1d5: receive RaftClientReply:client-7EF960CB3D58->c9f1298e-d840-49d8-aac3-de81602aa1d5@group-E9810A644481, cid=1569, SUCCESS, logIndex=2177, commits[c9f1298e-d840-49d8-aac3-de81602aa1d5:c2178]
2019-08-30 23:40:05,741 [grpc-default-executor-1] INFO  client.GrpcClientProtocolClient (GrpcClientProtocolClient.java:onNext(255)) - client-7EF960CB3D58->c9f1298e-d840-49d8-aac3-de81602aa1d5: receive RaftClientReply:client-7EF960CB3D58->c9f1298e-d840-49d8-aac3-de81602aa1d5@group-E9810A644481, cid=1570, SUCCESS, logIndex=2178, commits[c9f1298e-d840-49d8-aac3-de81602aa1d5:c2178]
2019-08-30 23:40:05,748 [grpc-default-executor-1] INFO  client.GrpcClientProtocolClient (GrpcClientProtocolClient.java:onNext(255)) - client-7EF960CB3D58->c9f1298e-d840-49d8-aac3-de81602aa1d5: receive RaftClientReply:client-7EF960CB3D58->c9f1298e-d840-49d8-aac3-de81602aa1d5@group-E9810A644481, cid=1571, SUCCESS, logIndex=2179, commits[c9f1298e-d840-49d8-aac3-de81602aa1d5:c2180]
2019-08-30 23:40:05,748 [grpc-default-executor-1] INFO  client.GrpcClientProtocolClient (GrpcClientProtocolClient.java:onNext(255)) - client-7EF960CB3D58->c9f1298e-d840-49d8-aac3-de81602aa1d5: receive RaftClientReply:client-7EF960CB3D58->c9f1298e-d840-49d8-aac3-de81602aa1d5@group-E9810A644481, cid=1572, SUCCESS, logIndex=2180, commits[c9f1298e-d840-49d8-aac3-de81602aa1d5:c2181]
2019-08-30 23:40:05,764 [grpc-default-executor-1] INFO  client.GrpcClientProtocolClient (GrpcClientProtocolClient.java:onNext(255)) - client-7EF960CB3D58->c9f1298e-d840-49d8-aac3-de81602aa1d5: receive RaftClientReply:client-7EF960CB3D58->c9f1298e-d840-49d8-aac3-de81602aa1d5@group-E9810A644481, cid=1573, SUCCESS, logIndex=2183, commits[c9f1298e-d840-49d8-aac3-de81602aa1d5:c2184]
2019-08-30 23:40:05,764 [grpc-default-executor-1] INFO  client.GrpcClientProtocolClient (GrpcClientProtocolClient.java:onNext(255)) - client-7EF960CB3D58->c9f1298e-d840-49d8-aac3-de81602aa1d5: receive RaftClientReply:client-7EF960CB3D58->c9f1298e-d840-49d8-aac3-de81602aa1d5@group-E9810A644481, cid=1574, SUCCESS, logIndex=2184, commits[c9f1298e-d840-49d8-aac3-de81602aa1d5:c2186]
2019-08-30 23:40:05,765 [grpc-default-executor-1] INFO  client.GrpcClientProtocolClient (GrpcClientProtocolClient.java:onNext(255)) - client-7EF960CB3D58->c9f1298e-d840-49d8-aac3-de81602aa1d5: receive RaftClientReply:client-7EF960CB3D58->c9f1298e-d840-49d8-aac3-de81602aa1d5@group-E9810A644481, cid=1575, SUCCESS, logIndex=2185, commits[c9f1298e-d840-49d8-aac3-de81602aa1d5:c2187]
2019-08-30 23:40:05,765 [grpc-default-executor-1] INFO  client.GrpcClientProtocolClient (GrpcClientProtocolClient.java:onNext(255)) - client-7EF960CB3D58->c9f1298e-d840-49d8-aac3-de81602aa1d5: receive RaftClientReply:client-7EF960CB3D58->c9f1298e-d840-49d8-aac3-de81602aa1d5@group-E9810A644481, cid=1576, SUCCESS, logIndex=2186, commits[c9f1298e-d840-49d8-aac3-de81602aa1d5:c2187]
2019-08-30 23:40:05,794 [grpc-default-executor-0] INFO  client.GrpcClientProtocolClient (GrpcClientProtocolClient.java:onNext(255)) - client-7EF960CB3D58->c9f1298e-d840-49d8-aac3-de81602aa1d5: receive RaftClientReply:client-7EF960CB3D58->c9f1298e-d840-49d8-aac3-de81602aa1d5@group-E9810A644481, cid=1577, SUCCESS, logIndex=2189, commits[c9f1298e-d840-49d8-aac3-de81602aa1d5:c2190]
2019-08-30 23:40:05,795 [grpc-default-executor-0] INFO  client.GrpcClientProtocolClient (GrpcClientProtocolClient.java:onNext(255)) - client-7EF960CB3D58->c9f1298e-d840-49d8-aac3-de81602aa1d5: receive RaftClientReply:client-7EF960CB3D58->c9f1298e-d840-49d8-aac3-de81602aa1d5@group-E9810A644481, cid=1578, SUCCESS, logIndex=2190, commits[c9f1298e-d840-49d8-aac3-de81602aa1d5:c2190]
2019-08-30 23:40:05,810 [grpc-default-executor-0] INFO  client.GrpcClientProtocolClient (GrpcClientProtocolClient.java:onNext(255)) - client-7EF960CB3D58->c9f1298e-d840-49d8-aac3-de81602aa1d5: receive RaftClientReply:client-7EF960CB3D58->c9f1298e-d840-49d8-aac3-de81602aa1d5@group-E9810A644481, cid=1579, SUCCESS, logIndex=2191, commits[c9f1298e-d840-49d8-aac3-de81602aa1d5:c2192]
2019-08-30 23:40:05,810 [grpc-default-executor-0] INFO  client.GrpcClientProtocolClient (GrpcClientProtocolClient.java:onNext(255)) - client-7EF960CB3D58->c9f1298e-d840-49d8-aac3-de81602aa1d5: receive RaftClientReply:client-7EF960CB3D58->c9f1298e-d840-49d8-aac3-de81602aa1d5@group-E9810A644481, cid=1580, SUCCESS, logIndex=2192, commits[c9f1298e-d840-49d8-aac3-de81602aa1d5:c2193]
2019-08-30 23:40:05,825 [grpc-default-executor-0] INFO  client.GrpcClientProtocolClient (GrpcClientProtocolClient.java:onNext(255)) - client-7EF960CB3D58->c9f1298e-d840-49d8-aac3-de81602aa1d5: receive RaftClientReply:client-7EF960CB3D58->c9f1298e-d840-49d8-aac3-de81602aa1d5@group-E9810A644481, cid=1581, SUCCESS, logIndex=2195, commits[c9f1298e-d840-49d8-aac3-de81602aa1d5:c2196]
2019-08-30 23:40:05,826 [SCMBlockDeletingService#0] DEBUG block.SCMBlockDeletingService (SCMBlockDeletingService.java:call(138)) - Running DeletedBlockTransactionScanner
2019-08-30 23:40:05,826 [grpc-default-executor-0] INFO  client.GrpcClientProtocolClient (GrpcClientProtocolClient.java:onNext(255)) - client-7EF960CB3D58->c9f1298e-d840-49d8-aac3-de81602aa1d5: receive RaftClientReply:client-7EF960CB3D58->c9f1298e-d840-49d8-aac3-de81602aa1d5@group-E9810A644481, cid=1582, SUCCESS, logIndex=2196, commits[c9f1298e-d840-49d8-aac3-de81602aa1d5:c2196]
2019-08-30 23:40:05,826 [SCMBlockDeletingService#0] DEBUG block.SCMBlockDeletingService (SCMBlockDeletingService.java:call(155)) - Scanned deleted blocks log and got 0 delTX to process.
2019-08-30 23:40:05,839 [grpc-default-executor-0] INFO  client.GrpcClientProtocolClient (GrpcClientProtocolClient.java:onNext(255)) - client-7EF960CB3D58->c9f1298e-d840-49d8-aac3-de81602aa1d5: receive RaftClientReply:client-7EF960CB3D58->c9f1298e-d840-49d8-aac3-de81602aa1d5@group-E9810A644481, cid=1583, SUCCESS, logIndex=2197, commits[c9f1298e-d840-49d8-aac3-de81602aa1d5:c2199]
2019-08-30 23:40:05,840 [grpc-default-executor-0] INFO  client.GrpcClientProtocolClient (GrpcClientProtocolClient.java:onNext(255)) - client-7EF960CB3D58->c9f1298e-d840-49d8-aac3-de81602aa1d5: receive RaftClientReply:client-7EF960CB3D58->c9f1298e-d840-49d8-aac3-de81602aa1d5@group-E9810A644481, cid=1584, SUCCESS, logIndex=2198, commits[c9f1298e-d840-49d8-aac3-de81602aa1d5:c2199]
2019-08-30 23:40:05,870 [grpc-default-executor-0] INFO  client.GrpcClientProtocolClient (GrpcClientProtocolClient.java:onNext(255)) - client-7EF960CB3D58->c9f1298e-d840-49d8-aac3-de81602aa1d5: receive RaftClientReply:client-7EF960CB3D58->c9f1298e-d840-49d8-aac3-de81602aa1d5@group-E9810A644481, cid=1585, SUCCESS, logIndex=2200, commits[c9f1298e-d840-49d8-aac3-de81602aa1d5:c2201]
2019-08-30 23:40:05,872 [grpc-default-executor-0] INFO  client.GrpcClientProtocolClient (GrpcClientProtocolClient.java:onNext(255)) - client-7EF960CB3D58->c9f1298e-d840-49d8-aac3-de81602aa1d5: receive RaftClientReply:client-7EF960CB3D58->c9f1298e-d840-49d8-aac3-de81602aa1d5@group-E9810A644481, cid=1586, SUCCESS, logIndex=2201, commits[c9f1298e-d840-49d8-aac3-de81602aa1d5:c2203]
2019-08-30 23:40:05,872 [grpc-default-executor-0] INFO  client.GrpcClientProtocolClient (GrpcClientProtocolClient.java:onNext(255)) - client-7EF960CB3D58->c9f1298e-d840-49d8-aac3-de81602aa1d5: receive RaftClientReply:client-7EF960CB3D58->c9f1298e-d840-49d8-aac3-de81602aa1d5@group-E9810A644481, cid=1587, SUCCESS, logIndex=2202, commits[c9f1298e-d840-49d8-aac3-de81602aa1d5:c2203]
2019-08-30 23:40:05,873 [grpc-default-executor-0] INFO  client.GrpcClientProtocolClient (GrpcClientProtocolClient.java:onNext(255)) - client-7EF960CB3D58->c9f1298e-d840-49d8-aac3-de81602aa1d5: receive RaftClientReply:client-7EF960CB3D58->c9f1298e-d840-49d8-aac3-de81602aa1d5@group-E9810A644481, cid=1588, SUCCESS, logIndex=2203, commits[c9f1298e-d840-49d8-aac3-de81602aa1d5:c2204]
2019-08-30 23:40:05,915 [grpc-default-executor-1] INFO  client.GrpcClientProtocolClient (GrpcClientProtocolClient.java:onNext(255)) - client-7EF960CB3D58->c9f1298e-d840-49d8-aac3-de81602aa1d5: receive RaftClientReply:client-7EF960CB3D58->c9f1298e-d840-49d8-aac3-de81602aa1d5@group-E9810A644481, cid=1589, SUCCESS, logIndex=2206, commits[c9f1298e-d840-49d8-aac3-de81602aa1d5:c2207]
2019-08-30 23:40:05,915 [grpc-default-executor-1] INFO  client.GrpcClientProtocolClient (GrpcClientProtocolClient.java:onNext(255)) - client-7EF960CB3D58->c9f1298e-d840-49d8-aac3-de81602aa1d5: receive RaftClientReply:client-7EF960CB3D58->c9f1298e-d840-49d8-aac3-de81602aa1d5@group-E9810A644481, cid=1590, SUCCESS, logIndex=2207, commits[c9f1298e-d840-49d8-aac3-de81602aa1d5:c2207]
2019-08-30 23:40:05,926 [SCMBlockDeletingService#0] DEBUG block.SCMBlockDeletingService (SCMBlockDeletingService.java:call(138)) - Running DeletedBlockTransactionScanner
2019-08-30 23:40:05,927 [SCMBlockDeletingService#0] DEBUG block.SCMBlockDeletingService (SCMBlockDeletingService.java:call(155)) - Scanned deleted blocks log and got 0 delTX to process.
2019-08-30 23:40:06,023 [grpc-default-executor-0] INFO  client.GrpcClientProtocolClient (GrpcClientProtocolClient.java:onNext(255)) - client-7EF960CB3D58->c9f1298e-d840-49d8-aac3-de81602aa1d5: receive RaftClientReply:client-7EF960CB3D58->c9f1298e-d840-49d8-aac3-de81602aa1d5@group-E9810A644481, cid=1591, SUCCESS, logIndex=2209, commits[c9f1298e-d840-49d8-aac3-de81602aa1d5:c2210]
2019-08-30 23:40:06,027 [grpc-default-executor-0] INFO  client.GrpcClientProtocolClient (GrpcClientProtocolClient.java:onNext(255)) - client-7EF960CB3D58->c9f1298e-d840-49d8-aac3-de81602aa1d5: receive RaftClientReply:client-7EF960CB3D58->c9f1298e-d840-49d8-aac3-de81602aa1d5@group-E9810A644481, cid=1592, SUCCESS, logIndex=2210, commits[c9f1298e-d840-49d8-aac3-de81602aa1d5:c2210]
2019-08-30 23:40:06,027 [SCMBlockDeletingService#0] DEBUG block.SCMBlockDeletingService (SCMBlockDeletingService.java:call(138)) - Running DeletedBlockTransactionScanner
2019-08-30 23:40:06,027 [SCMBlockDeletingService#0] DEBUG block.SCMBlockDeletingService (SCMBlockDeletingService.java:call(155)) - Scanned deleted blocks log and got 0 delTX to process.
2019-08-30 23:40:06,062 [grpc-default-executor-1] INFO  client.GrpcClientProtocolClient (GrpcClientProtocolClient.java:onNext(255)) - client-7EF960CB3D58->c9f1298e-d840-49d8-aac3-de81602aa1d5: receive RaftClientReply:client-7EF960CB3D58->c9f1298e-d840-49d8-aac3-de81602aa1d5@group-E9810A644481, cid=1593, SUCCESS, logIndex=2212, commits[c9f1298e-d840-49d8-aac3-de81602aa1d5:c2213]
2019-08-30 23:40:06,063 [grpc-default-executor-1] INFO  client.GrpcClientProtocolClient (GrpcClientProtocolClient.java:onNext(255)) - client-7EF960CB3D58->c9f1298e-d840-49d8-aac3-de81602aa1d5: receive RaftClientReply:client-7EF960CB3D58->c9f1298e-d840-49d8-aac3-de81602aa1d5@group-E9810A644481, cid=1594, SUCCESS, logIndex=2213, commits[c9f1298e-d840-49d8-aac3-de81602aa1d5:c2215]
2019-08-30 23:40:06,064 [grpc-default-executor-1] INFO  client.GrpcClientProtocolClient (GrpcClientProtocolClient.java:onNext(255)) - client-7EF960CB3D58->c9f1298e-d840-49d8-aac3-de81602aa1d5: receive RaftClientReply:client-7EF960CB3D58->c9f1298e-d840-49d8-aac3-de81602aa1d5@group-E9810A644481, cid=1595, SUCCESS, logIndex=2214, commits[c9f1298e-d840-49d8-aac3-de81602aa1d5:c2215]
2019-08-30 23:40:06,064 [grpc-default-executor-1] INFO  client.GrpcClientProtocolClient (GrpcClientProtocolClient.java:onNext(255)) - client-7EF960CB3D58->c9f1298e-d840-49d8-aac3-de81602aa1d5: receive RaftClientReply:client-7EF960CB3D58->c9f1298e-d840-49d8-aac3-de81602aa1d5@group-E9810A644481, cid=1596, SUCCESS, logIndex=2215, commits[c9f1298e-d840-49d8-aac3-de81602aa1d5:c2216]
2019-08-30 23:40:06,080 [grpc-default-executor-0] INFO  client.GrpcClientProtocolClient (GrpcClientProtocolClient.java:onNext(255)) - client-7EF960CB3D58->c9f1298e-d840-49d8-aac3-de81602aa1d5: receive RaftClientReply:client-7EF960CB3D58->c9f1298e-d840-49d8-aac3-de81602aa1d5@group-E9810A644481, cid=1597, SUCCESS, logIndex=2218, commits[c9f1298e-d840-49d8-aac3-de81602aa1d5:c2219]
2019-08-30 23:40:06,080 [grpc-default-executor-0] INFO  client.GrpcClientProtocolClient (GrpcClientProtocolClient.java:onNext(255)) - client-7EF960CB3D58->c9f1298e-d840-49d8-aac3-de81602aa1d5: receive RaftClientReply:client-7EF960CB3D58->c9f1298e-d840-49d8-aac3-de81602aa1d5@group-E9810A644481, cid=1598, SUCCESS, logIndex=2219, commits[c9f1298e-d840-49d8-aac3-de81602aa1d5:c2219]
2019-08-30 23:40:06,080 [grpc-default-executor-0] INFO  client.GrpcClientProtocolClient (GrpcClientProtocolClient.java:onNext(255)) - client-7EF960CB3D58->c9f1298e-d840-49d8-aac3-de81602aa1d5: receive RaftClientReply:client-7EF960CB3D58->c9f1298e-d840-49d8-aac3-de81602aa1d5@group-E9810A644481, cid=1599, SUCCESS, logIndex=2220, commits[c9f1298e-d840-49d8-aac3-de81602aa1d5:c2221]
2019-08-30 23:40:06,081 [grpc-default-executor-0] INFO  client.GrpcClientProtocolClient (GrpcClientProtocolClient.java:onNext(255)) - client-7EF960CB3D58->c9f1298e-d840-49d8-aac3-de81602aa1d5: receive RaftClientReply:client-7EF960CB3D58->c9f1298e-d840-49d8-aac3-de81602aa1d5@group-E9810A644481, cid=1600, SUCCESS, logIndex=2221, commits[c9f1298e-d840-49d8-aac3-de81602aa1d5:c2221]
2019-08-30 23:40:06,101 [grpc-default-executor-0] INFO  client.GrpcClientProtocolClient (GrpcClientProtocolClient.java:onNext(255)) - client-7EF960CB3D58->c9f1298e-d840-49d8-aac3-de81602aa1d5: receive RaftClientReply:client-7EF960CB3D58->c9f1298e-d840-49d8-aac3-de81602aa1d5@group-E9810A644481, cid=1601, SUCCESS, logIndex=2224, commits[c9f1298e-d840-49d8-aac3-de81602aa1d5:c2225]
2019-08-30 23:40:06,101 [grpc-default-executor-0] INFO  client.GrpcClientProtocolClient (GrpcClientProtocolClient.java:onNext(255)) - client-7EF960CB3D58->c9f1298e-d840-49d8-aac3-de81602aa1d5: receive RaftClientReply:client-7EF960CB3D58->c9f1298e-d840-49d8-aac3-de81602aa1d5@group-E9810A644481, cid=1602, SUCCESS, logIndex=2225, commits[c9f1298e-d840-49d8-aac3-de81602aa1d5:c2227]
2019-08-30 23:40:06,102 [grpc-default-executor-0] INFO  client.GrpcClientProtocolClient (GrpcClientProtocolClient.java:onNext(255)) - client-7EF960CB3D58->c9f1298e-d840-49d8-aac3-de81602aa1d5: receive RaftClientReply:client-7EF960CB3D58->c9f1298e-d840-49d8-aac3-de81602aa1d5@group-E9810A644481, cid=1603, SUCCESS, logIndex=2226, commits[c9f1298e-d840-49d8-aac3-de81602aa1d5:c2227]
2019-08-30 23:40:06,102 [grpc-default-executor-0] INFO  client.GrpcClientProtocolClient (GrpcClientProtocolClient.java:onNext(255)) - client-7EF960CB3D58->c9f1298e-d840-49d8-aac3-de81602aa1d5: receive RaftClientReply:client-7EF960CB3D58->c9f1298e-d840-49d8-aac3-de81602aa1d5@group-E9810A644481, cid=1604, SUCCESS, logIndex=2227, commits[c9f1298e-d840-49d8-aac3-de81602aa1d5:c2228]
2019-08-30 23:40:06,114 [grpc-default-executor-0] INFO  client.GrpcClientProtocolClient (GrpcClientProtocolClient.java:onNext(255)) - client-7EF960CB3D58->c9f1298e-d840-49d8-aac3-de81602aa1d5: receive RaftClientReply:client-7EF960CB3D58->c9f1298e-d840-49d8-aac3-de81602aa1d5@group-E9810A644481, cid=1605, SUCCESS, logIndex=2230, commits[c9f1298e-d840-49d8-aac3-de81602aa1d5:c2231]
2019-08-30 23:40:06,115 [grpc-default-executor-0] INFO  client.GrpcClientProtocolClient (GrpcClientProtocolClient.java:onNext(255)) - client-7EF960CB3D58->c9f1298e-d840-49d8-aac3-de81602aa1d5: receive RaftClientReply:client-7EF960CB3D58->c9f1298e-d840-49d8-aac3-de81602aa1d5@group-E9810A644481, cid=1606, SUCCESS, logIndex=2231, commits[c9f1298e-d840-49d8-aac3-de81602aa1d5:c2231]
2019-08-30 23:40:06,115 [grpc-default-executor-0] INFO  client.GrpcClientProtocolClient (GrpcClientProtocolClient.java:onNext(255)) - client-7EF960CB3D58->c9f1298e-d840-49d8-aac3-de81602aa1d5: receive RaftClientReply:client-7EF960CB3D58->c9f1298e-d840-49d8-aac3-de81602aa1d5@group-E9810A644481, cid=1607, SUCCESS, logIndex=2232, commits[c9f1298e-d840-49d8-aac3-de81602aa1d5:c2233]
2019-08-30 23:40:06,115 [grpc-default-executor-0] INFO  client.GrpcClientProtocolClient (GrpcClientProtocolClient.java:onNext(255)) - client-7EF960CB3D58->c9f1298e-d840-49d8-aac3-de81602aa1d5: receive RaftClientReply:client-7EF960CB3D58->c9f1298e-d840-49d8-aac3-de81602aa1d5@group-E9810A644481, cid=1608, SUCCESS, logIndex=2233, commits[c9f1298e-d840-49d8-aac3-de81602aa1d5:c2234]
2019-08-30 23:40:06,128 [SCMBlockDeletingService#0] DEBUG block.SCMBlockDeletingService (SCMBlockDeletingService.java:call(138)) - Running DeletedBlockTransactionScanner
2019-08-30 23:40:06,128 [SCMBlockDeletingService#0] DEBUG block.SCMBlockDeletingService (SCMBlockDeletingService.java:call(155)) - Scanned deleted blocks log and got 0 delTX to process.
2019-08-30 23:40:06,136 [grpc-default-executor-0] INFO  client.GrpcClientProtocolClient (GrpcClientProtocolClient.java:onNext(255)) - client-7EF960CB3D58->c9f1298e-d840-49d8-aac3-de81602aa1d5: receive RaftClientReply:client-7EF960CB3D58->c9f1298e-d840-49d8-aac3-de81602aa1d5@group-E9810A644481, cid=1609, SUCCESS, logIndex=2236, commits[c9f1298e-d840-49d8-aac3-de81602aa1d5:c2237]
2019-08-30 23:40:06,137 [grpc-default-executor-0] INFO  client.GrpcClientProtocolClient (GrpcClientProtocolClient.java:onNext(255)) - client-7EF960CB3D58->c9f1298e-d840-49d8-aac3-de81602aa1d5: receive RaftClientReply:client-7EF960CB3D58->c9f1298e-d840-49d8-aac3-de81602aa1d5@group-E9810A644481, cid=1610, SUCCESS, logIndex=2237, commits[c9f1298e-d840-49d8-aac3-de81602aa1d5:c2239]
2019-08-30 23:40:06,137 [grpc-default-executor-0] INFO  client.GrpcClientProtocolClient (GrpcClientProtocolClient.java:onNext(255)) - client-7EF960CB3D58->c9f1298e-d840-49d8-aac3-de81602aa1d5: receive RaftClientReply:client-7EF960CB3D58->c9f1298e-d840-49d8-aac3-de81602aa1d5@group-E9810A644481, cid=1611, SUCCESS, logIndex=2238, commits[c9f1298e-d840-49d8-aac3-de81602aa1d5:c2240]
2019-08-30 23:40:06,138 [grpc-default-executor-0] INFO  client.GrpcClientProtocolClient (GrpcClientProtocolClient.java:onNext(255)) - client-7EF960CB3D58->c9f1298e-d840-49d8-aac3-de81602aa1d5: receive RaftClientReply:client-7EF960CB3D58->c9f1298e-d840-49d8-aac3-de81602aa1d5@group-E9810A644481, cid=1612, SUCCESS, logIndex=2239, commits[c9f1298e-d840-49d8-aac3-de81602aa1d5:c2240]
2019-08-30 23:40:06,149 [grpc-default-executor-0] INFO  client.GrpcClientProtocolClient (GrpcClientProtocolClient.java:onNext(255)) - client-7EF960CB3D58->c9f1298e-d840-49d8-aac3-de81602aa1d5: receive RaftClientReply:client-7EF960CB3D58->c9f1298e-d840-49d8-aac3-de81602aa1d5@group-E9810A644481, cid=1613, SUCCESS, logIndex=2242, commits[c9f1298e-d840-49d8-aac3-de81602aa1d5:c2243]
2019-08-30 23:40:06,149 [grpc-default-executor-0] INFO  client.GrpcClientProtocolClient (GrpcClientProtocolClient.java:onNext(255)) - client-7EF960CB3D58->c9f1298e-d840-49d8-aac3-de81602aa1d5: receive RaftClientReply:client-7EF960CB3D58->c9f1298e-d840-49d8-aac3-de81602aa1d5@group-E9810A644481, cid=1614, SUCCESS, logIndex=2243, commits[c9f1298e-d840-49d8-aac3-de81602aa1d5:c2243]
2019-08-30 23:40:06,160 [grpc-default-executor-0] INFO  client.GrpcClientProtocolClient (GrpcClientProtocolClient.java:onNext(255)) - client-7EF960CB3D58->c9f1298e-d840-49d8-aac3-de81602aa1d5: receive RaftClientReply:client-7EF960CB3D58->c9f1298e-d840-49d8-aac3-de81602aa1d5@group-E9810A644481, cid=1615, SUCCESS, logIndex=2244, commits[c9f1298e-d840-49d8-aac3-de81602aa1d5:c2246]
2019-08-30 23:40:06,160 [grpc-default-executor-0] INFO  client.GrpcClientProtocolClient (GrpcClientProtocolClient.java:onNext(255)) - client-7EF960CB3D58->c9f1298e-d840-49d8-aac3-de81602aa1d5: receive RaftClientReply:client-7EF960CB3D58->c9f1298e-d840-49d8-aac3-de81602aa1d5@group-E9810A644481, cid=1616, SUCCESS, logIndex=2245, commits[c9f1298e-d840-49d8-aac3-de81602aa1d5:c2246]
2019-08-30 23:40:06,189 [grpc-default-executor-0] INFO  client.GrpcClientProtocolClient (GrpcClientProtocolClient.java:onNext(255)) - client-7EF960CB3D58->c9f1298e-d840-49d8-aac3-de81602aa1d5: receive RaftClientReply:client-7EF960CB3D58->c9f1298e-d840-49d8-aac3-de81602aa1d5@group-E9810A644481, cid=1617, SUCCESS, logIndex=2247, commits[c9f1298e-d840-49d8-aac3-de81602aa1d5:c2248]
2019-08-30 23:40:06,189 [grpc-default-executor-0] INFO  client.GrpcClientProtocolClient (GrpcClientProtocolClient.java:onNext(255)) - client-7EF960CB3D58->c9f1298e-d840-49d8-aac3-de81602aa1d5: receive RaftClientReply:client-7EF960CB3D58->c9f1298e-d840-49d8-aac3-de81602aa1d5@group-E9810A644481, cid=1618, SUCCESS, logIndex=2248, commits[c9f1298e-d840-49d8-aac3-de81602aa1d5:c2248]
2019-08-30 23:40:06,215 [grpc-default-executor-0] INFO  client.GrpcClientProtocolClient (GrpcClientProtocolClient.java:onNext(255)) - client-7EF960CB3D58->c9f1298e-d840-49d8-aac3-de81602aa1d5: receive RaftClientReply:client-7EF960CB3D58->c9f1298e-d840-49d8-aac3-de81602aa1d5@group-E9810A644481, cid=1619, SUCCESS, logIndex=2249, commits[c9f1298e-d840-49d8-aac3-de81602aa1d5:c2251]
2019-08-30 23:40:06,215 [grpc-default-executor-0] INFO  client.GrpcClientProtocolClient (GrpcClientProtocolClient.java:onNext(255)) - client-7EF960CB3D58->c9f1298e-d840-49d8-aac3-de81602aa1d5: receive RaftClientReply:client-7EF960CB3D58->c9f1298e-d840-49d8-aac3-de81602aa1d5@group-E9810A644481, cid=1620, SUCCESS, logIndex=2250, commits[c9f1298e-d840-49d8-aac3-de81602aa1d5:c2252]
2019-08-30 23:40:06,228 [grpc-default-executor-0] INFO  client.GrpcClientProtocolClient (GrpcClientProtocolClient.java:onNext(255)) - client-7EF960CB3D58->c9f1298e-d840-49d8-aac3-de81602aa1d5: receive RaftClientReply:client-7EF960CB3D58->c9f1298e-d840-49d8-aac3-de81602aa1d5@group-E9810A644481, cid=1621, SUCCESS, logIndex=2253, commits[c9f1298e-d840-49d8-aac3-de81602aa1d5:c2254]
2019-08-30 23:40:06,228 [SCMBlockDeletingService#0] DEBUG block.SCMBlockDeletingService (SCMBlockDeletingService.java:call(138)) - Running DeletedBlockTransactionScanner
2019-08-30 23:40:06,228 [SCMBlockDeletingService#0] DEBUG block.SCMBlockDeletingService (SCMBlockDeletingService.java:call(155)) - Scanned deleted blocks log and got 0 delTX to process.
2019-08-30 23:40:06,229 [grpc-default-executor-0] INFO  client.GrpcClientProtocolClient (GrpcClientProtocolClient.java:onNext(255)) - client-7EF960CB3D58->c9f1298e-d840-49d8-aac3-de81602aa1d5: receive RaftClientReply:client-7EF960CB3D58->c9f1298e-d840-49d8-aac3-de81602aa1d5@group-E9810A644481, cid=1622, SUCCESS, logIndex=2254, commits[c9f1298e-d840-49d8-aac3-de81602aa1d5:c2256]
2019-08-30 23:40:06,229 [grpc-default-executor-0] INFO  client.GrpcClientProtocolClient (GrpcClientProtocolClient.java:onNext(255)) - client-7EF960CB3D58->c9f1298e-d840-49d8-aac3-de81602aa1d5: receive RaftClientReply:client-7EF960CB3D58->c9f1298e-d840-49d8-aac3-de81602aa1d5@group-E9810A644481, cid=1623, SUCCESS, logIndex=2255, commits[c9f1298e-d840-49d8-aac3-de81602aa1d5:c2256]
2019-08-30 23:40:06,229 [grpc-default-executor-0] INFO  client.GrpcClientProtocolClient (GrpcClientProtocolClient.java:onNext(255)) - client-7EF960CB3D58->c9f1298e-d840-49d8-aac3-de81602aa1d5: receive RaftClientReply:client-7EF960CB3D58->c9f1298e-d840-49d8-aac3-de81602aa1d5@group-E9810A644481, cid=1624, SUCCESS, logIndex=2256, commits[c9f1298e-d840-49d8-aac3-de81602aa1d5:c2256]
2019-08-30 23:40:06,252 [grpc-default-executor-0] INFO  client.GrpcClientProtocolClient (GrpcClientProtocolClient.java:onNext(255)) - client-7EF960CB3D58->c9f1298e-d840-49d8-aac3-de81602aa1d5: receive RaftClientReply:client-7EF960CB3D58->c9f1298e-d840-49d8-aac3-de81602aa1d5@group-E9810A644481, cid=1625, SUCCESS, logIndex=2259, commits[c9f1298e-d840-49d8-aac3-de81602aa1d5:c2260]
2019-08-30 23:40:06,252 [grpc-default-executor-0] INFO  client.GrpcClientProtocolClient (GrpcClientProtocolClient.java:onNext(255)) - client-7EF960CB3D58->c9f1298e-d840-49d8-aac3-de81602aa1d5: receive RaftClientReply:client-7EF960CB3D58->c9f1298e-d840-49d8-aac3-de81602aa1d5@group-E9810A644481, cid=1626, SUCCESS, logIndex=2260, commits[c9f1298e-d840-49d8-aac3-de81602aa1d5:c2260]
2019-08-30 23:40:06,268 [grpc-default-executor-0] INFO  client.GrpcClientProtocolClient (GrpcClientProtocolClient.java:onNext(255)) - client-7EF960CB3D58->c9f1298e-d840-49d8-aac3-de81602aa1d5: receive RaftClientReply:client-7EF960CB3D58->c9f1298e-d840-49d8-aac3-de81602aa1d5@group-E9810A644481, cid=1627, SUCCESS, logIndex=2261, commits[c9f1298e-d840-49d8-aac3-de81602aa1d5:c2262]
2019-08-30 23:40:06,269 [grpc-default-executor-0] INFO  client.GrpcClientProtocolClient (GrpcClientProtocolClient.java:onNext(255)) - client-7EF960CB3D58->c9f1298e-d840-49d8-aac3-de81602aa1d5: receive RaftClientReply:client-7EF960CB3D58->c9f1298e-d840-49d8-aac3-de81602aa1d5@group-E9810A644481, cid=1628, SUCCESS, logIndex=2262, commits[c9f1298e-d840-49d8-aac3-de81602aa1d5:c2262]
2019-08-30 23:40:06,750 [SCMBlockDeletingService#1] DEBUG block.SCMBlockDeletingService (SCMBlockDeletingService.java:call(138)) - Running DeletedBlockTransactionScanner
2019-08-30 23:40:06,750 [SCMBlockDeletingService#1] DEBUG block.SCMBlockDeletingService (SCMBlockDeletingService.java:call(155)) - Scanned deleted blocks log and got 0 delTX to process.
2019-08-30 23:40:06,774 [grpc-default-executor-0] INFO  client.GrpcClientProtocolClient (GrpcClientProtocolClient.java:onNext(255)) - client-7EF960CB3D58->c9f1298e-d840-49d8-aac3-de81602aa1d5: receive RaftClientReply:client-7EF960CB3D58->c9f1298e-d840-49d8-aac3-de81602aa1d5@group-E9810A644481, cid=1629, SUCCESS, logIndex=2265, commits[c9f1298e-d840-49d8-aac3-de81602aa1d5:c2268]
2019-08-30 23:40:06,775 [grpc-default-executor-0] INFO  client.GrpcClientProtocolClient (GrpcClientProtocolClient.java:onNext(255)) - client-7EF960CB3D58->c9f1298e-d840-49d8-aac3-de81602aa1d5: receive RaftClientReply:client-7EF960CB3D58->c9f1298e-d840-49d8-aac3-de81602aa1d5@group-E9810A644481, cid=1630, SUCCESS, logIndex=2266, commits[c9f1298e-d840-49d8-aac3-de81602aa1d5:c2269]
2019-08-30 23:40:06,775 [grpc-default-executor-0] INFO  client.GrpcClientProtocolClient (GrpcClientProtocolClient.java:onNext(255)) - client-7EF960CB3D58->c9f1298e-d840-49d8-aac3-de81602aa1d5: receive RaftClientReply:client-7EF960CB3D58->c9f1298e-d840-49d8-aac3-de81602aa1d5@group-E9810A644481, cid=1631, SUCCESS, logIndex=2267, commits[c9f1298e-d840-49d8-aac3-de81602aa1d5:c2269]
2019-08-30 23:40:06,775 [grpc-default-executor-0] INFO  client.GrpcClientProtocolClient (GrpcClientProtocolClient.java:onNext(255)) - client-7EF960CB3D58->c9f1298e-d840-49d8-aac3-de81602aa1d5: receive RaftClientReply:client-7EF960CB3D58->c9f1298e-d840-49d8-aac3-de81602aa1d5@group-E9810A644481, cid=1632, SUCCESS, logIndex=2268, commits[c9f1298e-d840-49d8-aac3-de81602aa1d5:c2269]
2019-08-30 23:40:06,811 [grpc-default-executor-1] INFO  client.GrpcClientProtocolClient (GrpcClientProtocolClient.java:onNext(255)) - client-7EF960CB3D58->c9f1298e-d840-49d8-aac3-de81602aa1d5: receive RaftClientReply:client-7EF960CB3D58->c9f1298e-d840-49d8-aac3-de81602aa1d5@group-E9810A644481, cid=1633, SUCCESS, logIndex=2270, commits[c9f1298e-d840-49d8-aac3-de81602aa1d5:c2271]
2019-08-30 23:40:06,811 [grpc-default-executor-1] INFO  client.GrpcClientProtocolClient (GrpcClientProtocolClient.java:onNext(255)) - client-7EF960CB3D58->c9f1298e-d840-49d8-aac3-de81602aa1d5: receive RaftClientReply:client-7EF960CB3D58->c9f1298e-d840-49d8-aac3-de81602aa1d5@group-E9810A644481, cid=1634, SUCCESS, logIndex=2271, commits[c9f1298e-d840-49d8-aac3-de81602aa1d5:c2271]
2019-08-30 23:40:06,851 [SCMBlockDeletingService#1] DEBUG block.SCMBlockDeletingService (SCMBlockDeletingService.java:call(138)) - Running DeletedBlockTransactionScanner
2019-08-30 23:40:06,851 [SCMBlockDeletingService#1] DEBUG block.SCMBlockDeletingService (SCMBlockDeletingService.java:call(155)) - Scanned deleted blocks log and got 0 delTX to process.
2019-08-30 23:40:06,892 [grpc-default-executor-1] INFO  client.GrpcClientProtocolClient (GrpcClientProtocolClient.java:onNext(255)) - client-7EF960CB3D58->c9f1298e-d840-49d8-aac3-de81602aa1d5: receive RaftClientReply:client-7EF960CB3D58->c9f1298e-d840-49d8-aac3-de81602aa1d5@group-E9810A644481, cid=1635, SUCCESS, logIndex=2273, commits[c9f1298e-d840-49d8-aac3-de81602aa1d5:c2274]
2019-08-30 23:40:06,893 [grpc-default-executor-1] INFO  client.GrpcClientProtocolClient (GrpcClientProtocolClient.java:onNext(255)) - client-7EF960CB3D58->c9f1298e-d840-49d8-aac3-de81602aa1d5: receive RaftClientReply:client-7EF960CB3D58->c9f1298e-d840-49d8-aac3-de81602aa1d5@group-E9810A644481, cid=1636, SUCCESS, logIndex=2274, commits[c9f1298e-d840-49d8-aac3-de81602aa1d5:c2275]
2019-08-30 23:40:06,919 [grpc-default-executor-0] INFO  client.GrpcClientProtocolClient (GrpcClientProtocolClient.java:onNext(255)) - client-7EF960CB3D58->c9f1298e-d840-49d8-aac3-de81602aa1d5: receive RaftClientReply:client-7EF960CB3D58->c9f1298e-d840-49d8-aac3-de81602aa1d5@group-E9810A644481, cid=1637, SUCCESS, logIndex=2276, commits[c9f1298e-d840-49d8-aac3-de81602aa1d5:c2279]
2019-08-30 23:40:06,919 [grpc-default-executor-0] INFO  client.GrpcClientProtocolClient (GrpcClientProtocolClient.java:onNext(255)) - client-7EF960CB3D58->c9f1298e-d840-49d8-aac3-de81602aa1d5: receive RaftClientReply:client-7EF960CB3D58->c9f1298e-d840-49d8-aac3-de81602aa1d5@group-E9810A644481, cid=1638, SUCCESS, logIndex=2277, commits[c9f1298e-d840-49d8-aac3-de81602aa1d5:c2279]
2019-08-30 23:40:06,920 [grpc-default-executor-0] INFO  client.GrpcClientProtocolClient (GrpcClientProtocolClient.java:onNext(255)) - client-7EF960CB3D58->c9f1298e-d840-49d8-aac3-de81602aa1d5: receive RaftClientReply:client-7EF960CB3D58->c9f1298e-d840-49d8-aac3-de81602aa1d5@group-E9810A644481, cid=1639, SUCCESS, logIndex=2278, commits[c9f1298e-d840-49d8-aac3-de81602aa1d5:c2280]
2019-08-30 23:40:06,920 [grpc-default-executor-0] INFO  client.GrpcClientProtocolClient (GrpcClientProtocolClient.java:onNext(255)) - client-7EF960CB3D58->c9f1298e-d840-49d8-aac3-de81602aa1d5: receive RaftClientReply:client-7EF960CB3D58->c9f1298e-d840-49d8-aac3-de81602aa1d5@group-E9810A644481, cid=1640, SUCCESS, logIndex=2279, commits[c9f1298e-d840-49d8-aac3-de81602aa1d5:c2280]
2019-08-30 23:40:06,951 [SCMBlockDeletingService#1] DEBUG block.SCMBlockDeletingService (SCMBlockDeletingService.java:call(138)) - Running DeletedBlockTransactionScanner
2019-08-30 23:40:06,951 [grpc-default-executor-1] INFO  client.GrpcClientProtocolClient (GrpcClientProtocolClient.java:onNext(255)) - client-7EF960CB3D58->c9f1298e-d840-49d8-aac3-de81602aa1d5: receive RaftClientReply:client-7EF960CB3D58->c9f1298e-d840-49d8-aac3-de81602aa1d5@group-E9810A644481, cid=1641, SUCCESS, logIndex=2281, commits[c9f1298e-d840-49d8-aac3-de81602aa1d5:c2284]
2019-08-30 23:40:06,952 [SCMBlockDeletingService#1] DEBUG block.SCMBlockDeletingService (SCMBlockDeletingService.java:call(155)) - Scanned deleted blocks log and got 0 delTX to process.
2019-08-30 23:40:06,952 [grpc-default-executor-1] INFO  client.GrpcClientProtocolClient (GrpcClientProtocolClient.java:onNext(255)) - client-7EF960CB3D58->c9f1298e-d840-49d8-aac3-de81602aa1d5: receive RaftClientReply:client-7EF960CB3D58->c9f1298e-d840-49d8-aac3-de81602aa1d5@group-E9810A644481, cid=1642, SUCCESS, logIndex=2282, commits[c9f1298e-d840-49d8-aac3-de81602aa1d5:c2284]
2019-08-30 23:40:06,953 [grpc-default-executor-1] INFO  client.GrpcClientProtocolClient (GrpcClientProtocolClient.java:onNext(255)) - client-7EF960CB3D58->c9f1298e-d840-49d8-aac3-de81602aa1d5: receive RaftClientReply:client-7EF960CB3D58->c9f1298e-d840-49d8-aac3-de81602aa1d5@group-E9810A644481, cid=1643, SUCCESS, logIndex=2283, commits[c9f1298e-d840-49d8-aac3-de81602aa1d5:c2284]
2019-08-30 23:40:06,953 [grpc-default-executor-1] INFO  client.GrpcClientProtocolClient (GrpcClientProtocolClient.java:onNext(255)) - client-7EF960CB3D58->c9f1298e-d840-49d8-aac3-de81602aa1d5: receive RaftClientReply:client-7EF960CB3D58->c9f1298e-d840-49d8-aac3-de81602aa1d5@group-E9810A644481, cid=1644, SUCCESS, logIndex=2284, commits[c9f1298e-d840-49d8-aac3-de81602aa1d5:c2284]
2019-08-30 23:40:06,969 [grpc-default-executor-1] INFO  client.GrpcClientProtocolClient (GrpcClientProtocolClient.java:onNext(255)) - client-7EF960CB3D58->c9f1298e-d840-49d8-aac3-de81602aa1d5: receive RaftClientReply:client-7EF960CB3D58->c9f1298e-d840-49d8-aac3-de81602aa1d5@group-E9810A644481, cid=1645, SUCCESS, logIndex=2286, commits[c9f1298e-d840-49d8-aac3-de81602aa1d5:c2289]
2019-08-30 23:40:06,969 [grpc-default-executor-1] INFO  client.GrpcClientProtocolClient (GrpcClientProtocolClient.java:onNext(255)) - client-7EF960CB3D58->c9f1298e-d840-49d8-aac3-de81602aa1d5: receive RaftClientReply:client-7EF960CB3D58->c9f1298e-d840-49d8-aac3-de81602aa1d5@group-E9810A644481, cid=1646, SUCCESS, logIndex=2287, commits[c9f1298e-d840-49d8-aac3-de81602aa1d5:c2289]
2019-08-30 23:40:06,969 [grpc-default-executor-1] INFO  client.GrpcClientProtocolClient (GrpcClientProtocolClient.java:onNext(255)) - client-7EF960CB3D58->c9f1298e-d840-49d8-aac3-de81602aa1d5: receive RaftClientReply:client-7EF960CB3D58->c9f1298e-d840-49d8-aac3-de81602aa1d5@group-E9810A644481, cid=1647, SUCCESS, logIndex=2288, commits[c9f1298e-d840-49d8-aac3-de81602aa1d5:c2289]
2019-08-30 23:40:06,970 [grpc-default-executor-1] INFO  client.GrpcClientProtocolClient (GrpcClientProtocolClient.java:onNext(255)) - client-7EF960CB3D58->c9f1298e-d840-49d8-aac3-de81602aa1d5: receive RaftClientReply:client-7EF960CB3D58->c9f1298e-d840-49d8-aac3-de81602aa1d5@group-E9810A644481, cid=1648, SUCCESS, logIndex=2289, commits[c9f1298e-d840-49d8-aac3-de81602aa1d5:c2289]
2019-08-30 23:40:07,033 [grpc-default-executor-0] INFO  client.GrpcClientProtocolClient (GrpcClientProtocolClient.java:onNext(255)) - client-7EF960CB3D58->c9f1298e-d840-49d8-aac3-de81602aa1d5: receive RaftClientReply:client-7EF960CB3D58->c9f1298e-d840-49d8-aac3-de81602aa1d5@group-E9810A644481, cid=1649, SUCCESS, logIndex=2291, commits[c9f1298e-d840-49d8-aac3-de81602aa1d5:c2294]
2019-08-30 23:40:07,034 [grpc-default-executor-0] INFO  client.GrpcClientProtocolClient (GrpcClientProtocolClient.java:onNext(255)) - client-7EF960CB3D58->c9f1298e-d840-49d8-aac3-de81602aa1d5: receive RaftClientReply:client-7EF960CB3D58->c9f1298e-d840-49d8-aac3-de81602aa1d5@group-E9810A644481, cid=1650, SUCCESS, logIndex=2292, commits[c9f1298e-d840-49d8-aac3-de81602aa1d5:c2294]
2019-08-30 23:40:07,034 [grpc-default-executor-0] INFO  client.GrpcClientProtocolClient (GrpcClientProtocolClient.java:onNext(255)) - client-7EF960CB3D58->c9f1298e-d840-49d8-aac3-de81602aa1d5: receive RaftClientReply:client-7EF960CB3D58->c9f1298e-d840-49d8-aac3-de81602aa1d5@group-E9810A644481, cid=1651, SUCCESS, logIndex=2293, commits[c9f1298e-d840-49d8-aac3-de81602aa1d5:c2294]
2019-08-30 23:40:07,034 [grpc-default-executor-0] INFO  client.GrpcClientProtocolClient (GrpcClientProtocolClient.java:onNext(255)) - client-7EF960CB3D58->c9f1298e-d840-49d8-aac3-de81602aa1d5: receive RaftClientReply:client-7EF960CB3D58->c9f1298e-d840-49d8-aac3-de81602aa1d5@group-E9810A644481, cid=1652, SUCCESS, logIndex=2294, commits[c9f1298e-d840-49d8-aac3-de81602aa1d5:c2294]
2019-08-30 23:40:07,052 [SCMBlockDeletingService#1] DEBUG block.SCMBlockDeletingService (SCMBlockDeletingService.java:call(138)) - Running DeletedBlockTransactionScanner
2019-08-30 23:40:07,052 [SCMBlockDeletingService#1] DEBUG block.SCMBlockDeletingService (SCMBlockDeletingService.java:call(155)) - Scanned deleted blocks log and got 0 delTX to process.
2019-08-30 23:40:07,063 [grpc-default-executor-1] INFO  client.GrpcClientProtocolClient (GrpcClientProtocolClient.java:onNext(255)) - client-7EF960CB3D58->c9f1298e-d840-49d8-aac3-de81602aa1d5: receive RaftClientReply:client-7EF960CB3D58->c9f1298e-d840-49d8-aac3-de81602aa1d5@group-E9810A644481, cid=1653, SUCCESS, logIndex=2296, commits[c9f1298e-d840-49d8-aac3-de81602aa1d5:c2297]
2019-08-30 23:40:07,063 [grpc-default-executor-1] INFO  client.GrpcClientProtocolClient (GrpcClientProtocolClient.java:onNext(255)) - client-7EF960CB3D58->c9f1298e-d840-49d8-aac3-de81602aa1d5: receive RaftClientReply:client-7EF960CB3D58->c9f1298e-d840-49d8-aac3-de81602aa1d5@group-E9810A644481, cid=1654, SUCCESS, logIndex=2297, commits[c9f1298e-d840-49d8-aac3-de81602aa1d5:c2299]
2019-08-30 23:40:07,064 [grpc-default-executor-1] INFO  client.GrpcClientProtocolClient (GrpcClientProtocolClient.java:onNext(255)) - client-7EF960CB3D58->c9f1298e-d840-49d8-aac3-de81602aa1d5: receive RaftClientReply:client-7EF960CB3D58->c9f1298e-d840-49d8-aac3-de81602aa1d5@group-E9810A644481, cid=1655, SUCCESS, logIndex=2298, commits[c9f1298e-d840-49d8-aac3-de81602aa1d5:c2299]
2019-08-30 23:40:07,064 [grpc-default-executor-1] INFO  client.GrpcClientProtocolClient (GrpcClientProtocolClient.java:onNext(255)) - client-7EF960CB3D58->c9f1298e-d840-49d8-aac3-de81602aa1d5: receive RaftClientReply:client-7EF960CB3D58->c9f1298e-d840-49d8-aac3-de81602aa1d5@group-E9810A644481, cid=1656, SUCCESS, logIndex=2299, commits[c9f1298e-d840-49d8-aac3-de81602aa1d5:c2299]
2019-08-30 23:40:07,097 [grpc-default-executor-0] INFO  client.GrpcClientProtocolClient (GrpcClientProtocolClient.java:onNext(255)) - client-7EF960CB3D58->c9f1298e-d840-49d8-aac3-de81602aa1d5: receive RaftClientReply:client-7EF960CB3D58->c9f1298e-d840-49d8-aac3-de81602aa1d5@group-E9810A644481, cid=1657, SUCCESS, logIndex=2302, commits[c9f1298e-d840-49d8-aac3-de81602aa1d5:c2305]
2019-08-30 23:40:07,098 [grpc-default-executor-0] INFO  client.GrpcClientProtocolClient (GrpcClientProtocolClient.java:onNext(255)) - client-7EF960CB3D58->c9f1298e-d840-49d8-aac3-de81602aa1d5: receive RaftClientReply:client-7EF960CB3D58->c9f1298e-d840-49d8-aac3-de81602aa1d5@group-E9810A644481, cid=1658, SUCCESS, logIndex=2303, commits[c9f1298e-d840-49d8-aac3-de81602aa1d5:c2306]
2019-08-30 23:40:07,098 [grpc-default-executor-0] INFO  client.GrpcClientProtocolClient (GrpcClientProtocolClient.java:onNext(255)) - client-7EF960CB3D58->c9f1298e-d840-49d8-aac3-de81602aa1d5: receive RaftClientReply:client-7EF960CB3D58->c9f1298e-d840-49d8-aac3-de81602aa1d5@group-E9810A644481, cid=1659, SUCCESS, logIndex=2304, commits[c9f1298e-d840-49d8-aac3-de81602aa1d5:c2306]
2019-08-30 23:40:07,101 [grpc-default-executor-0] INFO  client.GrpcClientProtocolClient (GrpcClientProtocolClient.java:onNext(255)) - client-7EF960CB3D58->c9f1298e-d840-49d8-aac3-de81602aa1d5: receive RaftClientReply:client-7EF960CB3D58->c9f1298e-d840-49d8-aac3-de81602aa1d5@group-E9810A644481, cid=1660, SUCCESS, logIndex=2305, commits[c9f1298e-d840-49d8-aac3-de81602aa1d5:c2306]
2019-08-30 23:40:07,123 [grpc-default-executor-0] INFO  client.GrpcClientProtocolClient (GrpcClientProtocolClient.java:onNext(255)) - client-7EF960CB3D58->c9f1298e-d840-49d8-aac3-de81602aa1d5: receive RaftClientReply:client-7EF960CB3D58->c9f1298e-d840-49d8-aac3-de81602aa1d5@group-E9810A644481, cid=1661, SUCCESS, logIndex=2307, commits[c9f1298e-d840-49d8-aac3-de81602aa1d5:c2310]
2019-08-30 23:40:07,123 [grpc-default-executor-0] INFO  client.GrpcClientProtocolClient (GrpcClientProtocolClient.java:onNext(255)) - client-7EF960CB3D58->c9f1298e-d840-49d8-aac3-de81602aa1d5: receive RaftClientReply:client-7EF960CB3D58->c9f1298e-d840-49d8-aac3-de81602aa1d5@group-E9810A644481, cid=1662, SUCCESS, logIndex=2308, commits[c9f1298e-d840-49d8-aac3-de81602aa1d5:c2310]
2019-08-30 23:40:07,124 [grpc-default-executor-0] INFO  client.GrpcClientProtocolClient (GrpcClientProtocolClient.java:onNext(255)) - client-7EF960CB3D58->c9f1298e-d840-49d8-aac3-de81602aa1d5: receive RaftClientReply:client-7EF960CB3D58->c9f1298e-d840-49d8-aac3-de81602aa1d5@group-E9810A644481, cid=1663, SUCCESS, logIndex=2309, commits[c9f1298e-d840-49d8-aac3-de81602aa1d5:c2310]
2019-08-30 23:40:07,124 [grpc-default-executor-0] INFO  client.GrpcClientProtocolClient (GrpcClientProtocolClient.java:onNext(255)) - client-7EF960CB3D58->c9f1298e-d840-49d8-aac3-de81602aa1d5: receive RaftClientReply:client-7EF960CB3D58->c9f1298e-d840-49d8-aac3-de81602aa1d5@group-E9810A644481, cid=1664, SUCCESS, logIndex=2310, commits[c9f1298e-d840-49d8-aac3-de81602aa1d5:c2310]
2019-08-30 23:40:07,153 [SCMBlockDeletingService#1] DEBUG block.SCMBlockDeletingService (SCMBlockDeletingService.java:call(138)) - Running DeletedBlockTransactionScanner
2019-08-30 23:40:07,153 [SCMBlockDeletingService#1] DEBUG block.SCMBlockDeletingService (SCMBlockDeletingService.java:call(155)) - Scanned deleted blocks log and got 0 delTX to process.
2019-08-30 23:40:07,165 [grpc-default-executor-0] INFO  client.GrpcClientProtocolClient (GrpcClientProtocolClient.java:onNext(255)) - client-7EF960CB3D58->c9f1298e-d840-49d8-aac3-de81602aa1d5: receive RaftClientReply:client-7EF960CB3D58->c9f1298e-d840-49d8-aac3-de81602aa1d5@group-E9810A644481, cid=1665, SUCCESS, logIndex=2312, commits[c9f1298e-d840-49d8-aac3-de81602aa1d5:c2313]
2019-08-30 23:40:07,165 [grpc-default-executor-0] INFO  client.GrpcClientProtocolClient (GrpcClientProtocolClient.java:onNext(255)) - client-7EF960CB3D58->c9f1298e-d840-49d8-aac3-de81602aa1d5: receive RaftClientReply:client-7EF960CB3D58->c9f1298e-d840-49d8-aac3-de81602aa1d5@group-E9810A644481, cid=1666, SUCCESS, logIndex=2313, commits[c9f1298e-d840-49d8-aac3-de81602aa1d5:c2313]
2019-08-30 23:40:07,177 [grpc-default-executor-0] INFO  client.GrpcClientProtocolClient (GrpcClientProtocolClient.java:onNext(255)) - client-7EF960CB3D58->c9f1298e-d840-49d8-aac3-de81602aa1d5: receive RaftClientReply:client-7EF960CB3D58->c9f1298e-d840-49d8-aac3-de81602aa1d5@group-E9810A644481, cid=1667, SUCCESS, logIndex=2314, commits[c9f1298e-d840-49d8-aac3-de81602aa1d5:c2315]
2019-08-30 23:40:07,177 [grpc-default-executor-0] INFO  client.GrpcClientProtocolClient (GrpcClientProtocolClient.java:onNext(255)) - client-7EF960CB3D58->c9f1298e-d840-49d8-aac3-de81602aa1d5: receive RaftClientReply:client-7EF960CB3D58->c9f1298e-d840-49d8-aac3-de81602aa1d5@group-E9810A644481, cid=1668, SUCCESS, logIndex=2315, commits[c9f1298e-d840-49d8-aac3-de81602aa1d5:c2316]
2019-08-30 23:40:07,196 [grpc-default-executor-1] INFO  client.GrpcClientProtocolClient (GrpcClientProtocolClient.java:onNext(255)) - client-7EF960CB3D58->c9f1298e-d840-49d8-aac3-de81602aa1d5: receive RaftClientReply:client-7EF960CB3D58->c9f1298e-d840-49d8-aac3-de81602aa1d5@group-E9810A644481, cid=1669, SUCCESS, logIndex=2318, commits[c9f1298e-d840-49d8-aac3-de81602aa1d5:c2319]
2019-08-30 23:40:07,197 [grpc-default-executor-1] INFO  client.GrpcClientProtocolClient (GrpcClientProtocolClient.java:onNext(255)) - client-7EF960CB3D58->c9f1298e-d840-49d8-aac3-de81602aa1d5: receive RaftClientReply:client-7EF960CB3D58->c9f1298e-d840-49d8-aac3-de81602aa1d5@group-E9810A644481, cid=1670, SUCCESS, logIndex=2319, commits[c9f1298e-d840-49d8-aac3-de81602aa1d5:c2319]
2019-08-30 23:40:07,208 [grpc-default-executor-1] INFO  client.GrpcClientProtocolClient (GrpcClientProtocolClient.java:onNext(255)) - client-7EF960CB3D58->c9f1298e-d840-49d8-aac3-de81602aa1d5: receive RaftClientReply:client-7EF960CB3D58->c9f1298e-d840-49d8-aac3-de81602aa1d5@group-E9810A644481, cid=1671, SUCCESS, logIndex=2320, commits[c9f1298e-d840-49d8-aac3-de81602aa1d5:c2321]
2019-08-30 23:40:07,209 [grpc-default-executor-1] INFO  client.GrpcClientProtocolClient (GrpcClientProtocolClient.java:onNext(255)) - client-7EF960CB3D58->c9f1298e-d840-49d8-aac3-de81602aa1d5: receive RaftClientReply:client-7EF960CB3D58->c9f1298e-d840-49d8-aac3-de81602aa1d5@group-E9810A644481, cid=1672, SUCCESS, logIndex=2321, commits[c9f1298e-d840-49d8-aac3-de81602aa1d5:c2321]
2019-08-30 23:40:07,231 [grpc-default-executor-0] INFO  client.GrpcClientProtocolClient (GrpcClientProtocolClient.java:onNext(255)) - client-7EF960CB3D58->c9f1298e-d840-49d8-aac3-de81602aa1d5: receive RaftClientReply:client-7EF960CB3D58->c9f1298e-d840-49d8-aac3-de81602aa1d5@group-E9810A644481, cid=1673, SUCCESS, logIndex=2324, commits[c9f1298e-d840-49d8-aac3-de81602aa1d5:c2325]
2019-08-30 23:40:07,231 [grpc-default-executor-0] INFO  client.GrpcClientProtocolClient (GrpcClientProtocolClient.java:onNext(255)) - client-7EF960CB3D58->c9f1298e-d840-49d8-aac3-de81602aa1d5: receive RaftClientReply:client-7EF960CB3D58->c9f1298e-d840-49d8-aac3-de81602aa1d5@group-E9810A644481, cid=1674, SUCCESS, logIndex=2325, commits[c9f1298e-d840-49d8-aac3-de81602aa1d5:c2325]
2019-08-30 23:40:07,240 [grpc-default-executor-0] INFO  client.GrpcClientProtocolClient (GrpcClientProtocolClient.java:onNext(255)) - client-7EF960CB3D58->c9f1298e-d840-49d8-aac3-de81602aa1d5: receive RaftClientReply:client-7EF960CB3D58->c9f1298e-d840-49d8-aac3-de81602aa1d5@group-E9810A644481, cid=1675, SUCCESS, logIndex=2326, commits[c9f1298e-d840-49d8-aac3-de81602aa1d5:c2327]
2019-08-30 23:40:07,240 [grpc-default-executor-0] INFO  client.GrpcClientProtocolClient (GrpcClientProtocolClient.java:onNext(255)) - client-7EF960CB3D58->c9f1298e-d840-49d8-aac3-de81602aa1d5: receive RaftClientReply:client-7EF960CB3D58->c9f1298e-d840-49d8-aac3-de81602aa1d5@group-E9810A644481, cid=1676, SUCCESS, logIndex=2327, commits[c9f1298e-d840-49d8-aac3-de81602aa1d5:c2327]
2019-08-30 23:40:07,253 [SCMBlockDeletingService#1] DEBUG block.SCMBlockDeletingService (SCMBlockDeletingService.java:call(138)) - Running DeletedBlockTransactionScanner
2019-08-30 23:40:07,254 [SCMBlockDeletingService#1] DEBUG block.SCMBlockDeletingService (SCMBlockDeletingService.java:call(155)) - Scanned deleted blocks log and got 0 delTX to process.
2019-08-30 23:40:07,265 [grpc-default-executor-1] INFO  client.GrpcClientProtocolClient (GrpcClientProtocolClient.java:onNext(255)) - client-7EF960CB3D58->c9f1298e-d840-49d8-aac3-de81602aa1d5: receive RaftClientReply:client-7EF960CB3D58->c9f1298e-d840-49d8-aac3-de81602aa1d5@group-E9810A644481, cid=1677, SUCCESS, logIndex=2330, commits[c9f1298e-d840-49d8-aac3-de81602aa1d5:c2331]
2019-08-30 23:40:07,265 [grpc-default-executor-1] INFO  client.GrpcClientProtocolClient (GrpcClientProtocolClient.java:onNext(255)) - client-7EF960CB3D58->c9f1298e-d840-49d8-aac3-de81602aa1d5: receive RaftClientReply:client-7EF960CB3D58->c9f1298e-d840-49d8-aac3-de81602aa1d5@group-E9810A644481, cid=1678, SUCCESS, logIndex=2331, commits[c9f1298e-d840-49d8-aac3-de81602aa1d5:c2331]
2019-08-30 23:40:07,354 [SCMBlockDeletingService#1] DEBUG block.SCMBlockDeletingService (SCMBlockDeletingService.java:call(138)) - Running DeletedBlockTransactionScanner
2019-08-30 23:40:07,354 [SCMBlockDeletingService#1] DEBUG block.SCMBlockDeletingService (SCMBlockDeletingService.java:call(155)) - Scanned deleted blocks log and got 0 delTX to process.
2019-08-30 23:40:07,359 [grpc-default-executor-0] INFO  client.GrpcClientProtocolClient (GrpcClientProtocolClient.java:onNext(255)) - client-7EF960CB3D58->c9f1298e-d840-49d8-aac3-de81602aa1d5: receive RaftClientReply:client-7EF960CB3D58->c9f1298e-d840-49d8-aac3-de81602aa1d5@group-E9810A644481, cid=1679, SUCCESS, logIndex=2333, commits[c9f1298e-d840-49d8-aac3-de81602aa1d5:c2334]
2019-08-30 23:40:07,360 [grpc-default-executor-0] INFO  client.GrpcClientProtocolClient (GrpcClientProtocolClient.java:onNext(255)) - client-7EF960CB3D58->c9f1298e-d840-49d8-aac3-de81602aa1d5: receive RaftClientReply:client-7EF960CB3D58->c9f1298e-d840-49d8-aac3-de81602aa1d5@group-E9810A644481, cid=1680, SUCCESS, logIndex=2334, commits[c9f1298e-d840-49d8-aac3-de81602aa1d5:c2334]
2019-08-30 23:40:07,379 [grpc-default-executor-0] INFO  client.GrpcClientProtocolClient (GrpcClientProtocolClient.java:onNext(255)) - client-7EF960CB3D58->c9f1298e-d840-49d8-aac3-de81602aa1d5: receive RaftClientReply:client-7EF960CB3D58->c9f1298e-d840-49d8-aac3-de81602aa1d5@group-E9810A644481, cid=1681, SUCCESS, logIndex=2336, commits[c9f1298e-d840-49d8-aac3-de81602aa1d5:c2339]
2019-08-30 23:40:07,380 [grpc-default-executor-0] INFO  client.GrpcClientProtocolClient (GrpcClientProtocolClient.java:onNext(255)) - client-7EF960CB3D58->c9f1298e-d840-49d8-aac3-de81602aa1d5: receive RaftClientReply:client-7EF960CB3D58->c9f1298e-d840-49d8-aac3-de81602aa1d5@group-E9810A644481, cid=1682, SUCCESS, logIndex=2337, commits[c9f1298e-d840-49d8-aac3-de81602aa1d5:c2339]
2019-08-30 23:40:07,380 [grpc-default-executor-0] INFO  client.GrpcClientProtocolClient (GrpcClientProtocolClient.java:onNext(255)) - client-7EF960CB3D58->c9f1298e-d840-49d8-aac3-de81602aa1d5: receive RaftClientReply:client-7EF960CB3D58->c9f1298e-d840-49d8-aac3-de81602aa1d5@group-E9810A644481, cid=1683, SUCCESS, logIndex=2338, commits[c9f1298e-d840-49d8-aac3-de81602aa1d5:c2339]
2019-08-30 23:40:07,380 [grpc-default-executor-0] INFO  client.GrpcClientProtocolClient (GrpcClientProtocolClient.java:onNext(255)) - client-7EF960CB3D58->c9f1298e-d840-49d8-aac3-de81602aa1d5: receive RaftClientReply:client-7EF960CB3D58->c9f1298e-d840-49d8-aac3-de81602aa1d5@group-E9810A644481, cid=1684, SUCCESS, logIndex=2339, commits[c9f1298e-d840-49d8-aac3-de81602aa1d5:c2339]
2019-08-30 23:40:07,401 [grpc-default-executor-0] INFO  client.GrpcClientProtocolClient (GrpcClientProtocolClient.java:onNext(255)) - client-7EF960CB3D58->c9f1298e-d840-49d8-aac3-de81602aa1d5: receive RaftClientReply:client-7EF960CB3D58->c9f1298e-d840-49d8-aac3-de81602aa1d5@group-E9810A644481, cid=1685, SUCCESS, logIndex=2341, commits[c9f1298e-d840-49d8-aac3-de81602aa1d5:c2342]
2019-08-30 23:40:07,401 [grpc-default-executor-0] INFO  client.GrpcClientProtocolClient (GrpcClientProtocolClient.java:onNext(255)) - client-7EF960CB3D58->c9f1298e-d840-49d8-aac3-de81602aa1d5: receive RaftClientReply:client-7EF960CB3D58->c9f1298e-d840-49d8-aac3-de81602aa1d5@group-E9810A644481, cid=1686, SUCCESS, logIndex=2342, commits[c9f1298e-d840-49d8-aac3-de81602aa1d5:c2342]
2019-08-30 23:40:07,404 [grpc-default-executor-0] INFO  client.GrpcClientProtocolClient (GrpcClientProtocolClient.java:onNext(255)) - client-7EF960CB3D58->c9f1298e-d840-49d8-aac3-de81602aa1d5: receive RaftClientReply:client-7EF960CB3D58->c9f1298e-d840-49d8-aac3-de81602aa1d5@group-E9810A644481, cid=1687, SUCCESS, logIndex=2343, commits[c9f1298e-d840-49d8-aac3-de81602aa1d5:c2344]
2019-08-30 23:40:07,405 [grpc-default-executor-0] INFO  client.GrpcClientProtocolClient (GrpcClientProtocolClient.java:onNext(255)) - client-7EF960CB3D58->c9f1298e-d840-49d8-aac3-de81602aa1d5: receive RaftClientReply:client-7EF960CB3D58->c9f1298e-d840-49d8-aac3-de81602aa1d5@group-E9810A644481, cid=1688, SUCCESS, logIndex=2344, commits[c9f1298e-d840-49d8-aac3-de81602aa1d5:c2344]
2019-08-30 23:40:07,426 [grpc-default-executor-0] INFO  client.GrpcClientProtocolClient (GrpcClientProtocolClient.java:onNext(255)) - client-7EF960CB3D58->c9f1298e-d840-49d8-aac3-de81602aa1d5: receive RaftClientReply:client-7EF960CB3D58->c9f1298e-d840-49d8-aac3-de81602aa1d5@group-E9810A644481, cid=1689, SUCCESS, logIndex=2347, commits[c9f1298e-d840-49d8-aac3-de81602aa1d5:c2350]
2019-08-30 23:40:07,426 [grpc-default-executor-0] INFO  client.GrpcClientProtocolClient (GrpcClientProtocolClient.java:onNext(255)) - client-7EF960CB3D58->c9f1298e-d840-49d8-aac3-de81602aa1d5: receive RaftClientReply:client-7EF960CB3D58->c9f1298e-d840-49d8-aac3-de81602aa1d5@group-E9810A644481, cid=1690, SUCCESS, logIndex=2348, commits[c9f1298e-d840-49d8-aac3-de81602aa1d5:c2350]
2019-08-30 23:40:07,426 [grpc-default-executor-0] INFO  client.GrpcClientProtocolClient (GrpcClientProtocolClient.java:onNext(255)) - client-7EF960CB3D58->c9f1298e-d840-49d8-aac3-de81602aa1d5: receive RaftClientReply:client-7EF960CB3D58->c9f1298e-d840-49d8-aac3-de81602aa1d5@group-E9810A644481, cid=1691, SUCCESS, logIndex=2349, commits[c9f1298e-d840-49d8-aac3-de81602aa1d5:c2350]
2019-08-30 23:40:07,427 [grpc-default-executor-0] INFO  client.GrpcClientProtocolClient (GrpcClientProtocolClient.java:onNext(255)) - client-7EF960CB3D58->c9f1298e-d840-49d8-aac3-de81602aa1d5: receive RaftClientReply:client-7EF960CB3D58->c9f1298e-d840-49d8-aac3-de81602aa1d5@group-E9810A644481, cid=1692, SUCCESS, logIndex=2350, commits[c9f1298e-d840-49d8-aac3-de81602aa1d5:c2350]
2019-08-30 23:40:07,441 [grpc-default-executor-0] INFO  client.GrpcClientProtocolClient (GrpcClientProtocolClient.java:onNext(255)) - client-7EF960CB3D58->c9f1298e-d840-49d8-aac3-de81602aa1d5: receive RaftClientReply:client-7EF960CB3D58->c9f1298e-d840-49d8-aac3-de81602aa1d5@group-E9810A644481, cid=1693, SUCCESS, logIndex=2352, commits[c9f1298e-d840-49d8-aac3-de81602aa1d5:c2353]
2019-08-30 23:40:07,442 [grpc-default-executor-0] INFO  client.GrpcClientProtocolClient (GrpcClientProtocolClient.java:onNext(255)) - client-7EF960CB3D58->c9f1298e-d840-49d8-aac3-de81602aa1d5: receive RaftClientReply:client-7EF960CB3D58->c9f1298e-d840-49d8-aac3-de81602aa1d5@group-E9810A644481, cid=1694, SUCCESS, logIndex=2353, commits[c9f1298e-d840-49d8-aac3-de81602aa1d5:c2353]
2019-08-30 23:40:07,447 [grpc-default-executor-0] INFO  client.GrpcClientProtocolClient (GrpcClientProtocolClient.java:onNext(255)) - client-7EF960CB3D58->c9f1298e-d840-49d8-aac3-de81602aa1d5: receive RaftClientReply:client-7EF960CB3D58->c9f1298e-d840-49d8-aac3-de81602aa1d5@group-E9810A644481, cid=1695, SUCCESS, logIndex=2354, commits[c9f1298e-d840-49d8-aac3-de81602aa1d5:c2355]
2019-08-30 23:40:07,448 [grpc-default-executor-0] INFO  client.GrpcClientProtocolClient (GrpcClientProtocolClient.java:onNext(255)) - client-7EF960CB3D58->c9f1298e-d840-49d8-aac3-de81602aa1d5: receive RaftClientReply:client-7EF960CB3D58->c9f1298e-d840-49d8-aac3-de81602aa1d5@group-E9810A644481, cid=1696, SUCCESS, logIndex=2355, commits[c9f1298e-d840-49d8-aac3-de81602aa1d5:c2355]
2019-08-30 23:40:07,505 [SCMBlockDeletingService#1] DEBUG block.SCMBlockDeletingService (SCMBlockDeletingService.java:call(138)) - Running DeletedBlockTransactionScanner
2019-08-30 23:40:07,505 [SCMBlockDeletingService#1] DEBUG block.SCMBlockDeletingService (SCMBlockDeletingService.java:call(155)) - Scanned deleted blocks log and got 0 delTX to process.
2019-08-30 23:40:07,535 [grpc-default-executor-0] INFO  client.GrpcClientProtocolClient (GrpcClientProtocolClient.java:onNext(255)) - client-7EF960CB3D58->c9f1298e-d840-49d8-aac3-de81602aa1d5: receive RaftClientReply:client-7EF960CB3D58->c9f1298e-d840-49d8-aac3-de81602aa1d5@group-E9810A644481, cid=1697, SUCCESS, logIndex=2358, commits[c9f1298e-d840-49d8-aac3-de81602aa1d5:c2361]
2019-08-30 23:40:07,536 [grpc-default-executor-0] INFO  client.GrpcClientProtocolClient (GrpcClientProtocolClient.java:onNext(255)) - client-7EF960CB3D58->c9f1298e-d840-49d8-aac3-de81602aa1d5: receive RaftClientReply:client-7EF960CB3D58->c9f1298e-d840-49d8-aac3-de81602aa1d5@group-E9810A644481, cid=1698, SUCCESS, logIndex=2359, commits[c9f1298e-d840-49d8-aac3-de81602aa1d5:c2361]
2019-08-30 23:40:07,536 [grpc-default-executor-0] INFO  client.GrpcClientProtocolClient (GrpcClientProtocolClient.java:onNext(255)) - client-7EF960CB3D58->c9f1298e-d840-49d8-aac3-de81602aa1d5: receive RaftClientReply:client-7EF960CB3D58->c9f1298e-d840-49d8-aac3-de81602aa1d5@group-E9810A644481, cid=1699, SUCCESS, logIndex=2360, commits[c9f1298e-d840-49d8-aac3-de81602aa1d5:c2361]
2019-08-30 23:40:07,536 [grpc-default-executor-0] INFO  client.GrpcClientProtocolClient (GrpcClientProtocolClient.java:onNext(255)) - client-7EF960CB3D58->c9f1298e-d840-49d8-aac3-de81602aa1d5: receive RaftClientReply:client-7EF960CB3D58->c9f1298e-d840-49d8-aac3-de81602aa1d5@group-E9810A644481, cid=1700, SUCCESS, logIndex=2361, commits[c9f1298e-d840-49d8-aac3-de81602aa1d5:c2361]
2019-08-30 23:40:07,550 [grpc-default-executor-1] INFO  client.GrpcClientProtocolClient (GrpcClientProtocolClient.java:onNext(255)) - client-7EF960CB3D58->c9f1298e-d840-49d8-aac3-de81602aa1d5: receive RaftClientReply:client-7EF960CB3D58->c9f1298e-d840-49d8-aac3-de81602aa1d5@group-E9810A644481, cid=1701, SUCCESS, logIndex=2363, commits[c9f1298e-d840-49d8-aac3-de81602aa1d5:c2366]
2019-08-30 23:40:07,550 [grpc-default-executor-1] INFO  client.GrpcClientProtocolClient (GrpcClientProtocolClient.java:onNext(255)) - client-7EF960CB3D58->c9f1298e-d840-49d8-aac3-de81602aa1d5: receive RaftClientReply:client-7EF960CB3D58->c9f1298e-d840-49d8-aac3-de81602aa1d5@group-E9810A644481, cid=1702, SUCCESS, logIndex=2364, commits[c9f1298e-d840-49d8-aac3-de81602aa1d5:c2366]
2019-08-30 23:40:07,551 [grpc-default-executor-1] INFO  client.GrpcClientProtocolClient (GrpcClientProtocolClient.java:onNext(255)) - client-7EF960CB3D58->c9f1298e-d840-49d8-aac3-de81602aa1d5: receive RaftClientReply:client-7EF960CB3D58->c9f1298e-d840-49d8-aac3-de81602aa1d5@group-E9810A644481, cid=1703, SUCCESS, logIndex=2365, commits[c9f1298e-d840-49d8-aac3-de81602aa1d5:c2366]
2019-08-30 23:40:07,551 [grpc-default-executor-1] INFO  client.GrpcClientProtocolClient (GrpcClientProtocolClient.java:onNext(255)) - client-7EF960CB3D58->c9f1298e-d840-49d8-aac3-de81602aa1d5: receive RaftClientReply:client-7EF960CB3D58->c9f1298e-d840-49d8-aac3-de81602aa1d5@group-E9810A644481, cid=1704, SUCCESS, logIndex=2366, commits[c9f1298e-d840-49d8-aac3-de81602aa1d5:c2366]
2019-08-30 23:40:07,577 [grpc-default-executor-1] INFO  client.GrpcClientProtocolClient (GrpcClientProtocolClient.java:onNext(255)) - client-7EF960CB3D58->c9f1298e-d840-49d8-aac3-de81602aa1d5: receive RaftClientReply:client-7EF960CB3D58->c9f1298e-d840-49d8-aac3-de81602aa1d5@group-E9810A644481, cid=1705, SUCCESS, logIndex=2368, commits[c9f1298e-d840-49d8-aac3-de81602aa1d5:c2371]
2019-08-30 23:40:07,578 [grpc-default-executor-1] INFO  client.GrpcClientProtocolClient (GrpcClientProtocolClient.java:onNext(255)) - client-7EF960CB3D58->c9f1298e-d840-49d8-aac3-de81602aa1d5: receive RaftClientReply:client-7EF960CB3D58->c9f1298e-d840-49d8-aac3-de81602aa1d5@group-E9810A644481, cid=1706, SUCCESS, logIndex=2369, commits[c9f1298e-d840-49d8-aac3-de81602aa1d5:c2371]
2019-08-30 23:40:07,578 [grpc-default-executor-1] INFO  client.GrpcClientProtocolClient (GrpcClientProtocolClient.java:onNext(255)) - client-7EF960CB3D58->c9f1298e-d840-49d8-aac3-de81602aa1d5: receive RaftClientReply:client-7EF960CB3D58->c9f1298e-d840-49d8-aac3-de81602aa1d5@group-E9810A644481, cid=1707, SUCCESS, logIndex=2370, commits[c9f1298e-d840-49d8-aac3-de81602aa1d5:c2371]
2019-08-30 23:40:07,578 [grpc-default-executor-1] INFO  client.GrpcClientProtocolClient (GrpcClientProtocolClient.java:onNext(255)) - client-7EF960CB3D58->c9f1298e-d840-49d8-aac3-de81602aa1d5: receive RaftClientReply:client-7EF960CB3D58->c9f1298e-d840-49d8-aac3-de81602aa1d5@group-E9810A644481, cid=1708, SUCCESS, logIndex=2371, commits[c9f1298e-d840-49d8-aac3-de81602aa1d5:c2371]
2019-08-30 23:40:07,606 [SCMBlockDeletingService#1] DEBUG block.SCMBlockDeletingService (SCMBlockDeletingService.java:call(138)) - Running DeletedBlockTransactionScanner
2019-08-30 23:40:07,606 [SCMBlockDeletingService#1] DEBUG block.SCMBlockDeletingService (SCMBlockDeletingService.java:call(155)) - Scanned deleted blocks log and got 0 delTX to process.
2019-08-30 23:40:07,606 [grpc-default-executor-1] INFO  client.GrpcClientProtocolClient (GrpcClientProtocolClient.java:onNext(255)) - client-7EF960CB3D58->c9f1298e-d840-49d8-aac3-de81602aa1d5: receive RaftClientReply:client-7EF960CB3D58->c9f1298e-d840-49d8-aac3-de81602aa1d5@group-E9810A644481, cid=1709, SUCCESS, logIndex=2373, commits[c9f1298e-d840-49d8-aac3-de81602aa1d5:c2376]
2019-08-30 23:40:07,607 [grpc-default-executor-1] INFO  client.GrpcClientProtocolClient (GrpcClientProtocolClient.java:onNext(255)) - client-7EF960CB3D58->c9f1298e-d840-49d8-aac3-de81602aa1d5: receive RaftClientReply:client-7EF960CB3D58->c9f1298e-d840-49d8-aac3-de81602aa1d5@group-E9810A644481, cid=1710, SUCCESS, logIndex=2374, commits[c9f1298e-d840-49d8-aac3-de81602aa1d5:c2376]
2019-08-30 23:40:07,607 [grpc-default-executor-1] INFO  client.GrpcClientProtocolClient (GrpcClientProtocolClient.java:onNext(255)) - client-7EF960CB3D58->c9f1298e-d840-49d8-aac3-de81602aa1d5: receive RaftClientReply:client-7EF960CB3D58->c9f1298e-d840-49d8-aac3-de81602aa1d5@group-E9810A644481, cid=1711, SUCCESS, logIndex=2375, commits[c9f1298e-d840-49d8-aac3-de81602aa1d5:c2376]
2019-08-30 23:40:07,607 [grpc-default-executor-1] INFO  client.GrpcClientProtocolClient (GrpcClientProtocolClient.java:onNext(255)) - client-7EF960CB3D58->c9f1298e-d840-49d8-aac3-de81602aa1d5: receive RaftClientReply:client-7EF960CB3D58->c9f1298e-d840-49d8-aac3-de81602aa1d5@group-E9810A644481, cid=1712, SUCCESS, logIndex=2376, commits[c9f1298e-d840-49d8-aac3-de81602aa1d5:c2376]
2019-08-30 23:40:07,654 [grpc-default-executor-1] INFO  client.GrpcClientProtocolClient (GrpcClientProtocolClient.java:onNext(255)) - client-7EF960CB3D58->c9f1298e-d840-49d8-aac3-de81602aa1d5: receive RaftClientReply:client-7EF960CB3D58->c9f1298e-d840-49d8-aac3-de81602aa1d5@group-E9810A644481, cid=1713, SUCCESS, logIndex=2378, commits[c9f1298e-d840-49d8-aac3-de81602aa1d5:c2381]
2019-08-30 23:40:07,654 [grpc-default-executor-1] INFO  client.GrpcClientProtocolClient (GrpcClientProtocolClient.java:onNext(255)) - client-7EF960CB3D58->c9f1298e-d840-49d8-aac3-de81602aa1d5: receive RaftClientReply:client-7EF960CB3D58->c9f1298e-d840-49d8-aac3-de81602aa1d5@group-E9810A644481, cid=1714, SUCCESS, logIndex=2379, commits[c9f1298e-d840-49d8-aac3-de81602aa1d5:c2381]
2019-08-30 23:40:07,654 [grpc-default-executor-1] INFO  client.GrpcClientProtocolClient (GrpcClientProtocolClient.java:onNext(255)) - client-7EF960CB3D58->c9f1298e-d840-49d8-aac3-de81602aa1d5: receive RaftClientReply:client-7EF960CB3D58->c9f1298e-d840-49d8-aac3-de81602aa1d5@group-E9810A644481, cid=1715, SUCCESS, logIndex=2380, commits[c9f1298e-d840-49d8-aac3-de81602aa1d5:c2381]
2019-08-30 23:40:07,655 [grpc-default-executor-1] INFO  client.GrpcClientProtocolClient (GrpcClientProtocolClient.java:onNext(255)) - client-7EF960CB3D58->c9f1298e-d840-49d8-aac3-de81602aa1d5: receive RaftClientReply:client-7EF960CB3D58->c9f1298e-d840-49d8-aac3-de81602aa1d5@group-E9810A644481, cid=1716, SUCCESS, logIndex=2381, commits[c9f1298e-d840-49d8-aac3-de81602aa1d5:c2381]
2019-08-30 23:40:07,667 [grpc-default-executor-0] INFO  client.GrpcClientProtocolClient (GrpcClientProtocolClient.java:onNext(255)) - client-7EF960CB3D58->c9f1298e-d840-49d8-aac3-de81602aa1d5: receive RaftClientReply:client-7EF960CB3D58->c9f1298e-d840-49d8-aac3-de81602aa1d5@group-E9810A644481, cid=1717, SUCCESS, logIndex=2383, commits[c9f1298e-d840-49d8-aac3-de81602aa1d5:c2384]
2019-08-30 23:40:07,667 [grpc-default-executor-0] INFO  client.GrpcClientProtocolClient (GrpcClientProtocolClient.java:onNext(255)) - client-7EF960CB3D58->c9f1298e-d840-49d8-aac3-de81602aa1d5: receive RaftClientReply:client-7EF960CB3D58->c9f1298e-d840-49d8-aac3-de81602aa1d5@group-E9810A644481, cid=1718, SUCCESS, logIndex=2384, commits[c9f1298e-d840-49d8-aac3-de81602aa1d5:c2384]
2019-08-30 23:40:07,676 [grpc-default-executor-0] INFO  client.GrpcClientProtocolClient (GrpcClientProtocolClient.java:onNext(255)) - client-7EF960CB3D58->c9f1298e-d840-49d8-aac3-de81602aa1d5: receive RaftClientReply:client-7EF960CB3D58->c9f1298e-d840-49d8-aac3-de81602aa1d5@group-E9810A644481, cid=1719, SUCCESS, logIndex=2385, commits[c9f1298e-d840-49d8-aac3-de81602aa1d5:c2386]
2019-08-30 23:40:07,676 [grpc-default-executor-0] INFO  client.GrpcClientProtocolClient (GrpcClientProtocolClient.java:onNext(255)) - client-7EF960CB3D58->c9f1298e-d840-49d8-aac3-de81602aa1d5: receive RaftClientReply:client-7EF960CB3D58->c9f1298e-d840-49d8-aac3-de81602aa1d5@group-E9810A644481, cid=1720, SUCCESS, logIndex=2386, commits[c9f1298e-d840-49d8-aac3-de81602aa1d5:c2386]
2019-08-30 23:40:07,700 [grpc-default-executor-1] INFO  client.GrpcClientProtocolClient (GrpcClientProtocolClient.java:onNext(255)) - client-7EF960CB3D58->c9f1298e-d840-49d8-aac3-de81602aa1d5: receive RaftClientReply:client-7EF960CB3D58->c9f1298e-d840-49d8-aac3-de81602aa1d5@group-E9810A644481, cid=1721, SUCCESS, logIndex=2389, commits[c9f1298e-d840-49d8-aac3-de81602aa1d5:c2390]
2019-08-30 23:40:07,700 [grpc-default-executor-1] INFO  client.GrpcClientProtocolClient (GrpcClientProtocolClient.java:onNext(255)) - client-7EF960CB3D58->c9f1298e-d840-49d8-aac3-de81602aa1d5: receive RaftClientReply:client-7EF960CB3D58->c9f1298e-d840-49d8-aac3-de81602aa1d5@group-E9810A644481, cid=1722, SUCCESS, logIndex=2390, commits[c9f1298e-d840-49d8-aac3-de81602aa1d5:c2390]
2019-08-30 23:40:07,706 [SCMBlockDeletingService#1] DEBUG block.SCMBlockDeletingService (SCMBlockDeletingService.java:call(138)) - Running DeletedBlockTransactionScanner
2019-08-30 23:40:07,706 [SCMBlockDeletingService#1] DEBUG block.SCMBlockDeletingService (SCMBlockDeletingService.java:call(155)) - Scanned deleted blocks log and got 0 delTX to process.
2019-08-30 23:40:07,798 [grpc-default-executor-0] INFO  client.GrpcClientProtocolClient (GrpcClientProtocolClient.java:onNext(255)) - client-7EF960CB3D58->c9f1298e-d840-49d8-aac3-de81602aa1d5: receive RaftClientReply:client-7EF960CB3D58->c9f1298e-d840-49d8-aac3-de81602aa1d5@group-E9810A644481, cid=1723, SUCCESS, logIndex=2392, commits[c9f1298e-d840-49d8-aac3-de81602aa1d5:c2393]
2019-08-30 23:40:07,799 [grpc-default-executor-0] INFO  client.GrpcClientProtocolClient (GrpcClientProtocolClient.java:onNext(255)) - client-7EF960CB3D58->c9f1298e-d840-49d8-aac3-de81602aa1d5: receive RaftClientReply:client-7EF960CB3D58->c9f1298e-d840-49d8-aac3-de81602aa1d5@group-E9810A644481, cid=1724, SUCCESS, logIndex=2393, commits[c9f1298e-d840-49d8-aac3-de81602aa1d5:c2393]
2019-08-30 23:40:07,807 [SCMBlockDeletingService#1] DEBUG block.SCMBlockDeletingService (SCMBlockDeletingService.java:call(138)) - Running DeletedBlockTransactionScanner
2019-08-30 23:40:07,807 [SCMBlockDeletingService#1] DEBUG block.SCMBlockDeletingService (SCMBlockDeletingService.java:call(155)) - Scanned deleted blocks log and got 0 delTX to process.
2019-08-30 23:40:07,810 [grpc-default-executor-0] INFO  client.GrpcClientProtocolClient (GrpcClientProtocolClient.java:onNext(255)) - client-7EF960CB3D58->c9f1298e-d840-49d8-aac3-de81602aa1d5: receive RaftClientReply:client-7EF960CB3D58->c9f1298e-d840-49d8-aac3-de81602aa1d5@group-E9810A644481, cid=1725, SUCCESS, logIndex=2395, commits[c9f1298e-d840-49d8-aac3-de81602aa1d5:c2398]
2019-08-30 23:40:07,810 [grpc-default-executor-0] INFO  client.GrpcClientProtocolClient (GrpcClientProtocolClient.java:onNext(255)) - client-7EF960CB3D58->c9f1298e-d840-49d8-aac3-de81602aa1d5: receive RaftClientReply:client-7EF960CB3D58->c9f1298e-d840-49d8-aac3-de81602aa1d5@group-E9810A644481, cid=1726, SUCCESS, logIndex=2396, commits[c9f1298e-d840-49d8-aac3-de81602aa1d5:c2398]
2019-08-30 23:40:07,811 [grpc-default-executor-0] INFO  client.GrpcClientProtocolClient (GrpcClientProtocolClient.java:onNext(255)) - client-7EF960CB3D58->c9f1298e-d840-49d8-aac3-de81602aa1d5: receive RaftClientReply:client-7EF960CB3D58->c9f1298e-d840-49d8-aac3-de81602aa1d5@group-E9810A644481, cid=1727, SUCCESS, logIndex=2397, commits[c9f1298e-d840-49d8-aac3-de81602aa1d5:c2398]
2019-08-30 23:40:07,811 [grpc-default-executor-0] INFO  client.GrpcClientProtocolClient (GrpcClientProtocolClient.java:onNext(255)) - client-7EF960CB3D58->c9f1298e-d840-49d8-aac3-de81602aa1d5: receive RaftClientReply:client-7EF960CB3D58->c9f1298e-d840-49d8-aac3-de81602aa1d5@group-E9810A644481, cid=1728, SUCCESS, logIndex=2398, commits[c9f1298e-d840-49d8-aac3-de81602aa1d5:c2398]
2019-08-30 23:40:07,829 [grpc-default-executor-1] INFO  client.GrpcClientProtocolClient (GrpcClientProtocolClient.java:onNext(255)) - client-7EF960CB3D58->c9f1298e-d840-49d8-aac3-de81602aa1d5: receive RaftClientReply:client-7EF960CB3D58->c9f1298e-d840-49d8-aac3-de81602aa1d5@group-E9810A644481, cid=1729, SUCCESS, logIndex=2400, commits[c9f1298e-d840-49d8-aac3-de81602aa1d5:c2401]
2019-08-30 23:40:07,830 [grpc-default-executor-1] INFO  client.GrpcClientProtocolClient (GrpcClientProtocolClient.java:onNext(255)) - client-7EF960CB3D58->c9f1298e-d840-49d8-aac3-de81602aa1d5: receive RaftClientReply:client-7EF960CB3D58->c9f1298e-d840-49d8-aac3-de81602aa1d5@group-E9810A644481, cid=1730, SUCCESS, logIndex=2401, commits[c9f1298e-d840-49d8-aac3-de81602aa1d5:c2401]
2019-08-30 23:40:07,837 [grpc-default-executor-1] INFO  client.GrpcClientProtocolClient (GrpcClientProtocolClient.java:onNext(255)) - client-7EF960CB3D58->c9f1298e-d840-49d8-aac3-de81602aa1d5: receive RaftClientReply:client-7EF960CB3D58->c9f1298e-d840-49d8-aac3-de81602aa1d5@group-E9810A644481, cid=1731, SUCCESS, logIndex=2402, commits[c9f1298e-d840-49d8-aac3-de81602aa1d5:c2403]
2019-08-30 23:40:07,837 [grpc-default-executor-1] INFO  client.GrpcClientProtocolClient (GrpcClientProtocolClient.java:onNext(255)) - client-7EF960CB3D58->c9f1298e-d840-49d8-aac3-de81602aa1d5: receive RaftClientReply:client-7EF960CB3D58->c9f1298e-d840-49d8-aac3-de81602aa1d5@group-E9810A644481, cid=1732, SUCCESS, logIndex=2403, commits[c9f1298e-d840-49d8-aac3-de81602aa1d5:c2403]
2019-08-30 23:40:07,857 [grpc-default-executor-1] INFO  client.GrpcClientProtocolClient (GrpcClientProtocolClient.java:onNext(255)) - client-7EF960CB3D58->c9f1298e-d840-49d8-aac3-de81602aa1d5: receive RaftClientReply:client-7EF960CB3D58->c9f1298e-d840-49d8-aac3-de81602aa1d5@group-E9810A644481, cid=1733, SUCCESS, logIndex=2406, commits[c9f1298e-d840-49d8-aac3-de81602aa1d5:c2409]
2019-08-30 23:40:07,857 [grpc-default-executor-1] INFO  client.GrpcClientProtocolClient (GrpcClientProtocolClient.java:onNext(255)) - client-7EF960CB3D58->c9f1298e-d840-49d8-aac3-de81602aa1d5: receive RaftClientReply:client-7EF960CB3D58->c9f1298e-d840-49d8-aac3-de81602aa1d5@group-E9810A644481, cid=1734, SUCCESS, logIndex=2407, commits[c9f1298e-d840-49d8-aac3-de81602aa1d5:c2409]
2019-08-30 23:40:07,858 [grpc-default-executor-1] INFO  client.GrpcClientProtocolClient (GrpcClientProtocolClient.java:onNext(255)) - client-7EF960CB3D58->c9f1298e-d840-49d8-aac3-de81602aa1d5: receive RaftClientReply:client-7EF960CB3D58->c9f1298e-d840-49d8-aac3-de81602aa1d5@group-E9810A644481, cid=1735, SUCCESS, logIndex=2408, commits[c9f1298e-d840-49d8-aac3-de81602aa1d5:c2409]
2019-08-30 23:40:07,858 [grpc-default-executor-1] INFO  client.GrpcClientProtocolClient (GrpcClientProtocolClient.java:onNext(255)) - client-7EF960CB3D58->c9f1298e-d840-49d8-aac3-de81602aa1d5: receive RaftClientReply:client-7EF960CB3D58->c9f1298e-d840-49d8-aac3-de81602aa1d5@group-E9810A644481, cid=1736, SUCCESS, logIndex=2409, commits[c9f1298e-d840-49d8-aac3-de81602aa1d5:c2409]
2019-08-30 23:40:07,875 [grpc-default-executor-1] INFO  client.GrpcClientProtocolClient (GrpcClientProtocolClient.java:onNext(255)) - client-7EF960CB3D58->c9f1298e-d840-49d8-aac3-de81602aa1d5: receive RaftClientReply:client-7EF960CB3D58->c9f1298e-d840-49d8-aac3-de81602aa1d5@group-E9810A644481, cid=1737, SUCCESS, logIndex=2411, commits[c9f1298e-d840-49d8-aac3-de81602aa1d5:c2412]
2019-08-30 23:40:07,875 [grpc-default-executor-1] INFO  client.GrpcClientProtocolClient (GrpcClientProtocolClient.java:onNext(255)) - client-7EF960CB3D58->c9f1298e-d840-49d8-aac3-de81602aa1d5: receive RaftClientReply:client-7EF960CB3D58->c9f1298e-d840-49d8-aac3-de81602aa1d5@group-E9810A644481, cid=1738, SUCCESS, logIndex=2412, commits[c9f1298e-d840-49d8-aac3-de81602aa1d5:c2412]
2019-08-30 23:40:07,882 [grpc-default-executor-1] INFO  client.GrpcClientProtocolClient (GrpcClientProtocolClient.java:onNext(255)) - client-7EF960CB3D58->c9f1298e-d840-49d8-aac3-de81602aa1d5: receive RaftClientReply:client-7EF960CB3D58->c9f1298e-d840-49d8-aac3-de81602aa1d5@group-E9810A644481, cid=1739, SUCCESS, logIndex=2413, commits[c9f1298e-d840-49d8-aac3-de81602aa1d5:c2414]
2019-08-30 23:40:07,883 [grpc-default-executor-1] INFO  client.GrpcClientProtocolClient (GrpcClientProtocolClient.java:onNext(255)) - client-7EF960CB3D58->c9f1298e-d840-49d8-aac3-de81602aa1d5: receive RaftClientReply:client-7EF960CB3D58->c9f1298e-d840-49d8-aac3-de81602aa1d5@group-E9810A644481, cid=1740, SUCCESS, logIndex=2414, commits[c9f1298e-d840-49d8-aac3-de81602aa1d5:c2414]
2019-08-30 23:40:07,896 [grpc-default-executor-0] INFO  client.GrpcClientProtocolClient (GrpcClientProtocolClient.java:onNext(255)) - client-7EF960CB3D58->c9f1298e-d840-49d8-aac3-de81602aa1d5: receive RaftClientReply:client-7EF960CB3D58->c9f1298e-d840-49d8-aac3-de81602aa1d5@group-E9810A644481, cid=1741, SUCCESS, logIndex=2417, commits[c9f1298e-d840-49d8-aac3-de81602aa1d5:c2420]
2019-08-30 23:40:07,896 [grpc-default-executor-0] INFO  client.GrpcClientProtocolClient (GrpcClientProtocolClient.java:onNext(255)) - client-7EF960CB3D58->c9f1298e-d840-49d8-aac3-de81602aa1d5: receive RaftClientReply:client-7EF960CB3D58->c9f1298e-d840-49d8-aac3-de81602aa1d5@group-E9810A644481, cid=1742, SUCCESS, logIndex=2418, commits[c9f1298e-d840-49d8-aac3-de81602aa1d5:c2420]
2019-08-30 23:40:07,896 [grpc-default-executor-0] INFO  client.GrpcClientProtocolClient (GrpcClientProtocolClient.java:onNext(255)) - client-7EF960CB3D58->c9f1298e-d840-49d8-aac3-de81602aa1d5: receive RaftClientReply:client-7EF960CB3D58->c9f1298e-d840-49d8-aac3-de81602aa1d5@group-E9810A644481, cid=1743, SUCCESS, logIndex=2419, commits[c9f1298e-d840-49d8-aac3-de81602aa1d5:c2420]
2019-08-30 23:40:07,896 [grpc-default-executor-0] INFO  client.GrpcClientProtocolClient (GrpcClientProtocolClient.java:onNext(255)) - client-7EF960CB3D58->c9f1298e-d840-49d8-aac3-de81602aa1d5: receive RaftClientReply:client-7EF960CB3D58->c9f1298e-d840-49d8-aac3-de81602aa1d5@group-E9810A644481, cid=1744, SUCCESS, logIndex=2420, commits[c9f1298e-d840-49d8-aac3-de81602aa1d5:c2420]
2019-08-30 23:40:07,907 [SCMBlockDeletingService#1] DEBUG block.SCMBlockDeletingService (SCMBlockDeletingService.java:call(138)) - Running DeletedBlockTransactionScanner
2019-08-30 23:40:07,907 [SCMBlockDeletingService#1] DEBUG block.SCMBlockDeletingService (SCMBlockDeletingService.java:call(155)) - Scanned deleted blocks log and got 0 delTX to process.
2019-08-30 23:40:07,926 [grpc-default-executor-0] INFO  client.GrpcClientProtocolClient (GrpcClientProtocolClient.java:onNext(255)) - client-7EF960CB3D58->c9f1298e-d840-49d8-aac3-de81602aa1d5: receive RaftClientReply:client-7EF960CB3D58->c9f1298e-d840-49d8-aac3-de81602aa1d5@group-E9810A644481, cid=1745, SUCCESS, logIndex=2422, commits[c9f1298e-d840-49d8-aac3-de81602aa1d5:c2425]
2019-08-30 23:40:07,926 [grpc-default-executor-0] INFO  client.GrpcClientProtocolClient (GrpcClientProtocolClient.java:onNext(255)) - client-7EF960CB3D58->c9f1298e-d840-49d8-aac3-de81602aa1d5: receive RaftClientReply:client-7EF960CB3D58->c9f1298e-d840-49d8-aac3-de81602aa1d5@group-E9810A644481, cid=1746, SUCCESS, logIndex=2423, commits[c9f1298e-d840-49d8-aac3-de81602aa1d5:c2425]
2019-08-30 23:40:07,926 [grpc-default-executor-0] INFO  client.GrpcClientProtocolClient (GrpcClientProtocolClient.java:onNext(255)) - client-7EF960CB3D58->c9f1298e-d840-49d8-aac3-de81602aa1d5: receive RaftClientReply:client-7EF960CB3D58->c9f1298e-d840-49d8-aac3-de81602aa1d5@group-E9810A644481, cid=1747, SUCCESS, logIndex=2424, commits[c9f1298e-d840-49d8-aac3-de81602aa1d5:c2425]
2019-08-30 23:40:07,927 [grpc-default-executor-0] INFO  client.GrpcClientProtocolClient (GrpcClientProtocolClient.java:onNext(255)) - client-7EF960CB3D58->c9f1298e-d840-49d8-aac3-de81602aa1d5: receive RaftClientReply:client-7EF960CB3D58->c9f1298e-d840-49d8-aac3-de81602aa1d5@group-E9810A644481, cid=1748, SUCCESS, logIndex=2425, commits[c9f1298e-d840-49d8-aac3-de81602aa1d5:c2425]
2019-08-30 23:40:07,941 [grpc-default-executor-0] INFO  client.GrpcClientProtocolClient (GrpcClientProtocolClient.java:onNext(255)) - client-7EF960CB3D58->c9f1298e-d840-49d8-aac3-de81602aa1d5: receive RaftClientReply:client-7EF960CB3D58->c9f1298e-d840-49d8-aac3-de81602aa1d5@group-E9810A644481, cid=1749, SUCCESS, logIndex=2427, commits[c9f1298e-d840-49d8-aac3-de81602aa1d5:c2428]
2019-08-30 23:40:07,941 [grpc-default-executor-0] INFO  client.GrpcClientProtocolClient (GrpcClientProtocolClient.java:onNext(255)) - client-7EF960CB3D58->c9f1298e-d840-49d8-aac3-de81602aa1d5: receive RaftClientReply:client-7EF960CB3D58->c9f1298e-d840-49d8-aac3-de81602aa1d5@group-E9810A644481, cid=1750, SUCCESS, logIndex=2428, commits[c9f1298e-d840-49d8-aac3-de81602aa1d5:c2428]
2019-08-30 23:40:07,952 [grpc-default-executor-0] INFO  client.GrpcClientProtocolClient (GrpcClientProtocolClient.java:onNext(255)) - client-7EF960CB3D58->c9f1298e-d840-49d8-aac3-de81602aa1d5: receive RaftClientReply:client-7EF960CB3D58->c9f1298e-d840-49d8-aac3-de81602aa1d5@group-E9810A644481, cid=1751, SUCCESS, logIndex=2429, commits[c9f1298e-d840-49d8-aac3-de81602aa1d5:c2430]
2019-08-30 23:40:07,953 [grpc-default-executor-0] INFO  client.GrpcClientProtocolClient (GrpcClientProtocolClient.java:onNext(255)) - client-7EF960CB3D58->c9f1298e-d840-49d8-aac3-de81602aa1d5: receive RaftClientReply:client-7EF960CB3D58->c9f1298e-d840-49d8-aac3-de81602aa1d5@group-E9810A644481, cid=1752, SUCCESS, logIndex=2430, commits[c9f1298e-d840-49d8-aac3-de81602aa1d5:c2430]
2019-08-30 23:40:07,972 [grpc-default-executor-0] INFO  client.GrpcClientProtocolClient (GrpcClientProtocolClient.java:onNext(255)) - client-7EF960CB3D58->c9f1298e-d840-49d8-aac3-de81602aa1d5: receive RaftClientReply:client-7EF960CB3D58->c9f1298e-d840-49d8-aac3-de81602aa1d5@group-E9810A644481, cid=1753, SUCCESS, logIndex=2433, commits[c9f1298e-d840-49d8-aac3-de81602aa1d5:c2434]
2019-08-30 23:40:07,973 [grpc-default-executor-0] INFO  client.GrpcClientProtocolClient (GrpcClientProtocolClient.java:onNext(255)) - client-7EF960CB3D58->c9f1298e-d840-49d8-aac3-de81602aa1d5: receive RaftClientReply:client-7EF960CB3D58->c9f1298e-d840-49d8-aac3-de81602aa1d5@group-E9810A644481, cid=1754, SUCCESS, logIndex=2434, commits[c9f1298e-d840-49d8-aac3-de81602aa1d5:c2434]
2019-08-30 23:40:07,990 [grpc-default-executor-0] INFO  client.GrpcClientProtocolClient (GrpcClientProtocolClient.java:onNext(255)) - client-7EF960CB3D58->c9f1298e-d840-49d8-aac3-de81602aa1d5: receive RaftClientReply:client-7EF960CB3D58->c9f1298e-d840-49d8-aac3-de81602aa1d5@group-E9810A644481, cid=1755, SUCCESS, logIndex=2435, commits[c9f1298e-d840-49d8-aac3-de81602aa1d5:c2436]
2019-08-30 23:40:07,990 [grpc-default-executor-0] INFO  client.GrpcClientProtocolClient (GrpcClientProtocolClient.java:onNext(255)) - client-7EF960CB3D58->c9f1298e-d840-49d8-aac3-de81602aa1d5: receive RaftClientReply:client-7EF960CB3D58->c9f1298e-d840-49d8-aac3-de81602aa1d5@group-E9810A644481, cid=1756, SUCCESS, logIndex=2436, commits[c9f1298e-d840-49d8-aac3-de81602aa1d5:c2436]
2019-08-30 23:40:08,004 [grpc-default-executor-1] INFO  client.GrpcClientProtocolClient (GrpcClientProtocolClient.java:onNext(255)) - client-7EF960CB3D58->c9f1298e-d840-49d8-aac3-de81602aa1d5: receive RaftClientReply:client-7EF960CB3D58->c9f1298e-d840-49d8-aac3-de81602aa1d5@group-E9810A644481, cid=1757, SUCCESS, logIndex=2439, commits[c9f1298e-d840-49d8-aac3-de81602aa1d5:c2440]
2019-08-30 23:40:08,004 [grpc-default-executor-1] INFO  client.GrpcClientProtocolClient (GrpcClientProtocolClient.java:onNext(255)) - client-7EF960CB3D58->c9f1298e-d840-49d8-aac3-de81602aa1d5: receive RaftClientReply:client-7EF960CB3D58->c9f1298e-d840-49d8-aac3-de81602aa1d5@group-E9810A644481, cid=1758, SUCCESS, logIndex=2440, commits[c9f1298e-d840-49d8-aac3-de81602aa1d5:c2440]
2019-08-30 23:40:08,005 [grpc-default-executor-1] INFO  client.GrpcClientProtocolClient (GrpcClientProtocolClient.java:onNext(255)) - client-7EF960CB3D58->c9f1298e-d840-49d8-aac3-de81602aa1d5: receive RaftClientReply:client-7EF960CB3D58->c9f1298e-d840-49d8-aac3-de81602aa1d5@group-E9810A644481, cid=1759, SUCCESS, logIndex=2441, commits[c9f1298e-d840-49d8-aac3-de81602aa1d5:c2442]
2019-08-30 23:40:08,005 [grpc-default-executor-1] INFO  client.GrpcClientProtocolClient (GrpcClientProtocolClient.java:onNext(255)) - client-7EF960CB3D58->c9f1298e-d840-49d8-aac3-de81602aa1d5: receive RaftClientReply:client-7EF960CB3D58->c9f1298e-d840-49d8-aac3-de81602aa1d5@group-E9810A644481, cid=1760, SUCCESS, logIndex=2442, commits[c9f1298e-d840-49d8-aac3-de81602aa1d5:c2442]
2019-08-30 23:40:08,007 [SCMBlockDeletingService#1] DEBUG block.SCMBlockDeletingService (SCMBlockDeletingService.java:call(138)) - Running DeletedBlockTransactionScanner
2019-08-30 23:40:08,008 [SCMBlockDeletingService#1] DEBUG block.SCMBlockDeletingService (SCMBlockDeletingService.java:call(155)) - Scanned deleted blocks log and got 0 delTX to process.
2019-08-30 23:40:08,031 [grpc-default-executor-0] INFO  client.GrpcClientProtocolClient (GrpcClientProtocolClient.java:onNext(255)) - client-7EF960CB3D58->c9f1298e-d840-49d8-aac3-de81602aa1d5: receive RaftClientReply:client-7EF960CB3D58->c9f1298e-d840-49d8-aac3-de81602aa1d5@group-E9810A644481, cid=1761, SUCCESS, logIndex=2445, commits[c9f1298e-d840-49d8-aac3-de81602aa1d5:c2448]
2019-08-30 23:40:08,032 [grpc-default-executor-0] INFO  client.GrpcClientProtocolClient (GrpcClientProtocolClient.java:onNext(255)) - client-7EF960CB3D58->c9f1298e-d840-49d8-aac3-de81602aa1d5: receive RaftClientReply:client-7EF960CB3D58->c9f1298e-d840-49d8-aac3-de81602aa1d5@group-E9810A644481, cid=1762, SUCCESS, logIndex=2446, commits[c9f1298e-d840-49d8-aac3-de81602aa1d5:c2448]
2019-08-30 23:40:08,032 [grpc-default-executor-0] INFO  client.GrpcClientProtocolClient (GrpcClientProtocolClient.java:onNext(255)) - client-7EF960CB3D58->c9f1298e-d840-49d8-aac3-de81602aa1d5: receive RaftClientReply:client-7EF960CB3D58->c9f1298e-d840-49d8-aac3-de81602aa1d5@group-E9810A644481, cid=1763, SUCCESS, logIndex=2447, commits[c9f1298e-d840-49d8-aac3-de81602aa1d5:c2448]
2019-08-30 23:40:08,032 [grpc-default-executor-0] INFO  client.GrpcClientProtocolClient (GrpcClientProtocolClient.java:onNext(255)) - client-7EF960CB3D58->c9f1298e-d840-49d8-aac3-de81602aa1d5: receive RaftClientReply:client-7EF960CB3D58->c9f1298e-d840-49d8-aac3-de81602aa1d5@group-E9810A644481, cid=1764, SUCCESS, logIndex=2448, commits[c9f1298e-d840-49d8-aac3-de81602aa1d5:c2449]
2019-08-30 23:40:08,044 [grpc-default-executor-1] INFO  client.GrpcClientProtocolClient (GrpcClientProtocolClient.java:onNext(255)) - client-7EF960CB3D58->c9f1298e-d840-49d8-aac3-de81602aa1d5: receive RaftClientReply:client-7EF960CB3D58->c9f1298e-d840-49d8-aac3-de81602aa1d5@group-E9810A644481, cid=1765, SUCCESS, logIndex=2450, commits[c9f1298e-d840-49d8-aac3-de81602aa1d5:c2451]
2019-08-30 23:40:08,044 [grpc-default-executor-1] INFO  client.GrpcClientProtocolClient (GrpcClientProtocolClient.java:onNext(255)) - client-7EF960CB3D58->c9f1298e-d840-49d8-aac3-de81602aa1d5: receive RaftClientReply:client-7EF960CB3D58->c9f1298e-d840-49d8-aac3-de81602aa1d5@group-E9810A644481, cid=1766, SUCCESS, logIndex=2451, commits[c9f1298e-d840-49d8-aac3-de81602aa1d5:c2451]
2019-08-30 23:40:08,049 [grpc-default-executor-1] INFO  client.GrpcClientProtocolClient (GrpcClientProtocolClient.java:onNext(255)) - client-7EF960CB3D58->c9f1298e-d840-49d8-aac3-de81602aa1d5: receive RaftClientReply:client-7EF960CB3D58->c9f1298e-d840-49d8-aac3-de81602aa1d5@group-E9810A644481, cid=1767, SUCCESS, logIndex=2452, commits[c9f1298e-d840-49d8-aac3-de81602aa1d5:c2453]
2019-08-30 23:40:08,049 [grpc-default-executor-1] INFO  client.GrpcClientProtocolClient (GrpcClientProtocolClient.java:onNext(255)) - client-7EF960CB3D58->c9f1298e-d840-49d8-aac3-de81602aa1d5: receive RaftClientReply:client-7EF960CB3D58->c9f1298e-d840-49d8-aac3-de81602aa1d5@group-E9810A644481, cid=1768, SUCCESS, logIndex=2453, commits[c9f1298e-d840-49d8-aac3-de81602aa1d5:c2453]
2019-08-30 23:40:08,108 [SCMBlockDeletingService#1] DEBUG block.SCMBlockDeletingService (SCMBlockDeletingService.java:call(138)) - Running DeletedBlockTransactionScanner
2019-08-30 23:40:08,108 [SCMBlockDeletingService#1] DEBUG block.SCMBlockDeletingService (SCMBlockDeletingService.java:call(155)) - Scanned deleted blocks log and got 0 delTX to process.
2019-08-30 23:40:08,167 [grpc-default-executor-0] INFO  client.GrpcClientProtocolClient (GrpcClientProtocolClient.java:onNext(255)) - client-7EF960CB3D58->c9f1298e-d840-49d8-aac3-de81602aa1d5: receive RaftClientReply:client-7EF960CB3D58->c9f1298e-d840-49d8-aac3-de81602aa1d5@group-E9810A644481, cid=1769, SUCCESS, logIndex=2456, commits[c9f1298e-d840-49d8-aac3-de81602aa1d5:c2459]
2019-08-30 23:40:08,168 [grpc-default-executor-0] INFO  client.GrpcClientProtocolClient (GrpcClientProtocolClient.java:onNext(255)) - client-7EF960CB3D58->c9f1298e-d840-49d8-aac3-de81602aa1d5: receive RaftClientReply:client-7EF960CB3D58->c9f1298e-d840-49d8-aac3-de81602aa1d5@group-E9810A644481, cid=1770, SUCCESS, logIndex=2457, commits[c9f1298e-d840-49d8-aac3-de81602aa1d5:c2459]
2019-08-30 23:40:08,168 [grpc-default-executor-0] INFO  client.GrpcClientProtocolClient (GrpcClientProtocolClient.java:onNext(255)) - client-7EF960CB3D58->c9f1298e-d840-49d8-aac3-de81602aa1d5: receive RaftClientReply:client-7EF960CB3D58->c9f1298e-d840-49d8-aac3-de81602aa1d5@group-E9810A644481, cid=1771, SUCCESS, logIndex=2458, commits[c9f1298e-d840-49d8-aac3-de81602aa1d5:c2460]
2019-08-30 23:40:08,168 [grpc-default-executor-0] INFO  client.GrpcClientProtocolClient (GrpcClientProtocolClient.java:onNext(255)) - client-7EF960CB3D58->c9f1298e-d840-49d8-aac3-de81602aa1d5: receive RaftClientReply:client-7EF960CB3D58->c9f1298e-d840-49d8-aac3-de81602aa1d5@group-E9810A644481, cid=1772, SUCCESS, logIndex=2459, commits[c9f1298e-d840-49d8-aac3-de81602aa1d5:c2460]
2019-08-30 23:40:08,209 [SCMBlockDeletingService#0] DEBUG block.SCMBlockDeletingService (SCMBlockDeletingService.java:call(138)) - Running DeletedBlockTransactionScanner
2019-08-30 23:40:08,209 [SCMBlockDeletingService#0] DEBUG block.SCMBlockDeletingService (SCMBlockDeletingService.java:call(155)) - Scanned deleted blocks log and got 0 delTX to process.
2019-08-30 23:40:08,225 [grpc-default-executor-0] INFO  client.GrpcClientProtocolClient (GrpcClientProtocolClient.java:onNext(255)) - client-7EF960CB3D58->c9f1298e-d840-49d8-aac3-de81602aa1d5: receive RaftClientReply:client-7EF960CB3D58->c9f1298e-d840-49d8-aac3-de81602aa1d5@group-E9810A644481, cid=1773, SUCCESS, logIndex=2461, commits[c9f1298e-d840-49d8-aac3-de81602aa1d5:c2462]
2019-08-30 23:40:08,225 [grpc-default-executor-0] INFO  client.GrpcClientProtocolClient (GrpcClientProtocolClient.java:onNext(255)) - client-7EF960CB3D58->c9f1298e-d840-49d8-aac3-de81602aa1d5: receive RaftClientReply:client-7EF960CB3D58->c9f1298e-d840-49d8-aac3-de81602aa1d5@group-E9810A644481, cid=1774, SUCCESS, logIndex=2462, commits[c9f1298e-d840-49d8-aac3-de81602aa1d5:c2462]
2019-08-30 23:40:08,231 [grpc-default-executor-0] INFO  client.GrpcClientProtocolClient (GrpcClientProtocolClient.java:onNext(255)) - client-7EF960CB3D58->c9f1298e-d840-49d8-aac3-de81602aa1d5: receive RaftClientReply:client-7EF960CB3D58->c9f1298e-d840-49d8-aac3-de81602aa1d5@group-E9810A644481, cid=1775, SUCCESS, logIndex=2463, commits[c9f1298e-d840-49d8-aac3-de81602aa1d5:c2464]
2019-08-30 23:40:08,232 [grpc-default-executor-0] INFO  client.GrpcClientProtocolClient (GrpcClientProtocolClient.java:onNext(255)) - client-7EF960CB3D58->c9f1298e-d840-49d8-aac3-de81602aa1d5: receive RaftClientReply:client-7EF960CB3D58->c9f1298e-d840-49d8-aac3-de81602aa1d5@group-E9810A644481, cid=1776, SUCCESS, logIndex=2464, commits[c9f1298e-d840-49d8-aac3-de81602aa1d5:c2464]
2019-08-30 23:40:08,309 [SCMBlockDeletingService#0] DEBUG block.SCMBlockDeletingService (SCMBlockDeletingService.java:call(138)) - Running DeletedBlockTransactionScanner
2019-08-30 23:40:08,310 [SCMBlockDeletingService#0] DEBUG block.SCMBlockDeletingService (SCMBlockDeletingService.java:call(155)) - Scanned deleted blocks log and got 0 delTX to process.
2019-08-30 23:40:08,322 [grpc-default-executor-0] INFO  client.GrpcClientProtocolClient (GrpcClientProtocolClient.java:onNext(255)) - client-7EF960CB3D58->c9f1298e-d840-49d8-aac3-de81602aa1d5: receive RaftClientReply:client-7EF960CB3D58->c9f1298e-d840-49d8-aac3-de81602aa1d5@group-E9810A644481, cid=1777, SUCCESS, logIndex=2467, commits[c9f1298e-d840-49d8-aac3-de81602aa1d5:c2468]
2019-08-30 23:40:08,323 [grpc-default-executor-0] INFO  client.GrpcClientProtocolClient (GrpcClientProtocolClient.java:onNext(255)) - client-7EF960CB3D58->c9f1298e-d840-49d8-aac3-de81602aa1d5: receive RaftClientReply:client-7EF960CB3D58->c9f1298e-d840-49d8-aac3-de81602aa1d5@group-E9810A644481, cid=1778, SUCCESS, logIndex=2468, commits[c9f1298e-d840-49d8-aac3-de81602aa1d5:c2468]
2019-08-30 23:40:08,327 [grpc-default-executor-0] INFO  client.GrpcClientProtocolClient (GrpcClientProtocolClient.java:onNext(255)) - client-7EF960CB3D58->c9f1298e-d840-49d8-aac3-de81602aa1d5: receive RaftClientReply:client-7EF960CB3D58->c9f1298e-d840-49d8-aac3-de81602aa1d5@group-E9810A644481, cid=1779, SUCCESS, logIndex=2469, commits[c9f1298e-d840-49d8-aac3-de81602aa1d5:c2470]
2019-08-30 23:40:08,328 [grpc-default-executor-0] INFO  client.GrpcClientProtocolClient (GrpcClientProtocolClient.java:onNext(255)) - client-7EF960CB3D58->c9f1298e-d840-49d8-aac3-de81602aa1d5: receive RaftClientReply:client-7EF960CB3D58->c9f1298e-d840-49d8-aac3-de81602aa1d5@group-E9810A644481, cid=1780, SUCCESS, logIndex=2470, commits[c9f1298e-d840-49d8-aac3-de81602aa1d5:c2470]
2019-08-30 23:40:08,379 [grpc-default-executor-0] INFO  client.GrpcClientProtocolClient (GrpcClientProtocolClient.java:onNext(255)) - client-7EF960CB3D58->c9f1298e-d840-49d8-aac3-de81602aa1d5: receive RaftClientReply:client-7EF960CB3D58->c9f1298e-d840-49d8-aac3-de81602aa1d5@group-E9810A644481, cid=1781, SUCCESS, logIndex=2473, commits[c9f1298e-d840-49d8-aac3-de81602aa1d5:c2476]
2019-08-30 23:40:08,379 [grpc-default-executor-0] INFO  client.GrpcClientProtocolClient (GrpcClientProtocolClient.java:onNext(255)) - client-7EF960CB3D58->c9f1298e-d840-49d8-aac3-de81602aa1d5: receive RaftClientReply:client-7EF960CB3D58->c9f1298e-d840-49d8-aac3-de81602aa1d5@group-E9810A644481, cid=1782, SUCCESS, logIndex=2474, commits[c9f1298e-d840-49d8-aac3-de81602aa1d5:c2476]
2019-08-30 23:40:08,380 [grpc-default-executor-0] INFO  client.GrpcClientProtocolClient (GrpcClientProtocolClient.java:onNext(255)) - client-7EF960CB3D58->c9f1298e-d840-49d8-aac3-de81602aa1d5: receive RaftClientReply:client-7EF960CB3D58->c9f1298e-d840-49d8-aac3-de81602aa1d5@group-E9810A644481, cid=1783, SUCCESS, logIndex=2475, commits[c9f1298e-d840-49d8-aac3-de81602aa1d5:c2476]
2019-08-30 23:40:08,380 [grpc-default-executor-0] INFO  client.GrpcClientProtocolClient (GrpcClientProtocolClient.java:onNext(255)) - client-7EF960CB3D58->c9f1298e-d840-49d8-aac3-de81602aa1d5: receive RaftClientReply:client-7EF960CB3D58->c9f1298e-d840-49d8-aac3-de81602aa1d5@group-E9810A644481, cid=1784, SUCCESS, logIndex=2476, commits[c9f1298e-d840-49d8-aac3-de81602aa1d5:c2476]
2019-08-30 23:40:08,410 [SCMBlockDeletingService#1] DEBUG block.SCMBlockDeletingService (SCMBlockDeletingService.java:call(138)) - Running DeletedBlockTransactionScanner
2019-08-30 23:40:08,410 [SCMBlockDeletingService#1] DEBUG block.SCMBlockDeletingService (SCMBlockDeletingService.java:call(155)) - Scanned deleted blocks log and got 0 delTX to process.
2019-08-30 23:40:08,424 [grpc-default-executor-0] INFO  client.GrpcClientProtocolClient (GrpcClientProtocolClient.java:onNext(255)) - client-7EF960CB3D58->c9f1298e-d840-49d8-aac3-de81602aa1d5: receive RaftClientReply:client-7EF960CB3D58->c9f1298e-d840-49d8-aac3-de81602aa1d5@group-E9810A644481, cid=1785, SUCCESS, logIndex=2478, commits[c9f1298e-d840-49d8-aac3-de81602aa1d5:c2481]
2019-08-30 23:40:08,425 [grpc-default-executor-0] INFO  client.GrpcClientProtocolClient (GrpcClientProtocolClient.java:onNext(255)) - client-7EF960CB3D58->c9f1298e-d840-49d8-aac3-de81602aa1d5: receive RaftClientReply:client-7EF960CB3D58->c9f1298e-d840-49d8-aac3-de81602aa1d5@group-E9810A644481, cid=1786, SUCCESS, logIndex=2479, commits[c9f1298e-d840-49d8-aac3-de81602aa1d5:c2481]
2019-08-30 23:40:08,425 [grpc-default-executor-0] INFO  client.GrpcClientProtocolClient (GrpcClientProtocolClient.java:onNext(255)) - client-7EF960CB3D58->c9f1298e-d840-49d8-aac3-de81602aa1d5: receive RaftClientReply:client-7EF960CB3D58->c9f1298e-d840-49d8-aac3-de81602aa1d5@group-E9810A644481, cid=1787, SUCCESS, logIndex=2480, commits[c9f1298e-d840-49d8-aac3-de81602aa1d5:c2481]
2019-08-30 23:40:08,426 [grpc-default-executor-0] INFO  client.GrpcClientProtocolClient (GrpcClientProtocolClient.java:onNext(255)) - client-7EF960CB3D58->c9f1298e-d840-49d8-aac3-de81602aa1d5: receive RaftClientReply:client-7EF960CB3D58->c9f1298e-d840-49d8-aac3-de81602aa1d5@group-E9810A644481, cid=1788, SUCCESS, logIndex=2481, commits[c9f1298e-d840-49d8-aac3-de81602aa1d5:c2481]
2019-08-30 23:40:08,442 [grpc-default-executor-1] INFO  client.GrpcClientProtocolClient (GrpcClientProtocolClient.java:onNext(255)) - client-7EF960CB3D58->c9f1298e-d840-49d8-aac3-de81602aa1d5: receive RaftClientReply:client-7EF960CB3D58->c9f1298e-d840-49d8-aac3-de81602aa1d5@group-E9810A644481, cid=1789, SUCCESS, logIndex=2483, commits[c9f1298e-d840-49d8-aac3-de81602aa1d5:c2484]
2019-08-30 23:40:08,442 [grpc-default-executor-1] INFO  client.GrpcClientProtocolClient (GrpcClientProtocolClient.java:onNext(255)) - client-7EF960CB3D58->c9f1298e-d840-49d8-aac3-de81602aa1d5: receive RaftClientReply:client-7EF960CB3D58->c9f1298e-d840-49d8-aac3-de81602aa1d5@group-E9810A644481, cid=1790, SUCCESS, logIndex=2484, commits[c9f1298e-d840-49d8-aac3-de81602aa1d5:c2484]
2019-08-30 23:40:08,456 [grpc-default-executor-1] INFO  client.GrpcClientProtocolClient (GrpcClientProtocolClient.java:onNext(255)) - client-7EF960CB3D58->c9f1298e-d840-49d8-aac3-de81602aa1d5: receive RaftClientReply:client-7EF960CB3D58->c9f1298e-d840-49d8-aac3-de81602aa1d5@group-E9810A644481, cid=1791, SUCCESS, logIndex=2485, commits[c9f1298e-d840-49d8-aac3-de81602aa1d5:c2486]
2019-08-30 23:40:08,456 [grpc-default-executor-0] INFO  client.GrpcClientProtocolClient (GrpcClientProtocolClient.java:onNext(255)) - client-7EF960CB3D58->c9f1298e-d840-49d8-aac3-de81602aa1d5: receive RaftClientReply:client-7EF960CB3D58->c9f1298e-d840-49d8-aac3-de81602aa1d5@group-E9810A644481, cid=1792, SUCCESS, logIndex=2486, commits[c9f1298e-d840-49d8-aac3-de81602aa1d5:c2486]
2019-08-30 23:40:08,487 [grpc-default-executor-0] INFO  client.GrpcClientProtocolClient (GrpcClientProtocolClient.java:onNext(255)) - client-7EF960CB3D58->c9f1298e-d840-49d8-aac3-de81602aa1d5: receive RaftClientReply:client-7EF960CB3D58->c9f1298e-d840-49d8-aac3-de81602aa1d5@group-E9810A644481, cid=1793, SUCCESS, logIndex=2489, commits[c9f1298e-d840-49d8-aac3-de81602aa1d5:c2492]
2019-08-30 23:40:08,487 [grpc-default-executor-0] INFO  client.GrpcClientProtocolClient (GrpcClientProtocolClient.java:onNext(255)) - client-7EF960CB3D58->c9f1298e-d840-49d8-aac3-de81602aa1d5: receive RaftClientReply:client-7EF960CB3D58->c9f1298e-d840-49d8-aac3-de81602aa1d5@group-E9810A644481, cid=1794, SUCCESS, logIndex=2490, commits[c9f1298e-d840-49d8-aac3-de81602aa1d5:c2492]
2019-08-30 23:40:08,487 [grpc-default-executor-0] INFO  client.GrpcClientProtocolClient (GrpcClientProtocolClient.java:onNext(255)) - client-7EF960CB3D58->c9f1298e-d840-49d8-aac3-de81602aa1d5: receive RaftClientReply:client-7EF960CB3D58->c9f1298e-d840-49d8-aac3-de81602aa1d5@group-E9810A644481, cid=1795, SUCCESS, logIndex=2491, commits[c9f1298e-d840-49d8-aac3-de81602aa1d5:c2492]
2019-08-30 23:40:08,488 [grpc-default-executor-0] INFO  client.GrpcClientProtocolClient (GrpcClientProtocolClient.java:onNext(255)) - client-7EF960CB3D58->c9f1298e-d840-49d8-aac3-de81602aa1d5: receive RaftClientReply:client-7EF960CB3D58->c9f1298e-d840-49d8-aac3-de81602aa1d5@group-E9810A644481, cid=1796, SUCCESS, logIndex=2492, commits[c9f1298e-d840-49d8-aac3-de81602aa1d5:c2492]
2019-08-30 23:40:08,504 [grpc-default-executor-0] INFO  client.GrpcClientProtocolClient (GrpcClientProtocolClient.java:onNext(255)) - client-7EF960CB3D58->c9f1298e-d840-49d8-aac3-de81602aa1d5: receive RaftClientReply:client-7EF960CB3D58->c9f1298e-d840-49d8-aac3-de81602aa1d5@group-E9810A644481, cid=1797, SUCCESS, logIndex=2494, commits[c9f1298e-d840-49d8-aac3-de81602aa1d5:c2495]
2019-08-30 23:40:08,504 [grpc-default-executor-0] INFO  client.GrpcClientProtocolClient (GrpcClientProtocolClient.java:onNext(255)) - client-7EF960CB3D58->c9f1298e-d840-49d8-aac3-de81602aa1d5: receive RaftClientReply:client-7EF960CB3D58->c9f1298e-d840-49d8-aac3-de81602aa1d5@group-E9810A644481, cid=1798, SUCCESS, logIndex=2495, commits[c9f1298e-d840-49d8-aac3-de81602aa1d5:c2495]
2019-08-30 23:40:08,510 [SCMBlockDeletingService#1] DEBUG block.SCMBlockDeletingService (SCMBlockDeletingService.java:call(138)) - Running DeletedBlockTransactionScanner
2019-08-30 23:40:08,510 [grpc-default-executor-0] INFO  client.GrpcClientProtocolClient (GrpcClientProtocolClient.java:onNext(255)) - client-7EF960CB3D58->c9f1298e-d840-49d8-aac3-de81602aa1d5: receive RaftClientReply:client-7EF960CB3D58->c9f1298e-d840-49d8-aac3-de81602aa1d5@group-E9810A644481, cid=1799, SUCCESS, logIndex=2496, commits[c9f1298e-d840-49d8-aac3-de81602aa1d5:c2497]
2019-08-30 23:40:08,511 [SCMBlockDeletingService#1] DEBUG block.SCMBlockDeletingService (SCMBlockDeletingService.java:call(155)) - Scanned deleted blocks log and got 0 delTX to process.
2019-08-30 23:40:08,511 [grpc-default-executor-0] INFO  client.GrpcClientProtocolClient (GrpcClientProtocolClient.java:onNext(255)) - client-7EF960CB3D58->c9f1298e-d840-49d8-aac3-de81602aa1d5: receive RaftClientReply:client-7EF960CB3D58->c9f1298e-d840-49d8-aac3-de81602aa1d5@group-E9810A644481, cid=1800, SUCCESS, logIndex=2497, commits[c9f1298e-d840-49d8-aac3-de81602aa1d5:c2497]
2019-08-30 23:40:08,542 [grpc-default-executor-1] INFO  client.GrpcClientProtocolClient (GrpcClientProtocolClient.java:onNext(255)) - client-7EF960CB3D58->c9f1298e-d840-49d8-aac3-de81602aa1d5: receive RaftClientReply:client-7EF960CB3D58->c9f1298e-d840-49d8-aac3-de81602aa1d5@group-E9810A644481, cid=1801, SUCCESS, logIndex=2500, commits[c9f1298e-d840-49d8-aac3-de81602aa1d5:c2501]
2019-08-30 23:40:08,542 [grpc-default-executor-1] INFO  client.GrpcClientProtocolClient (GrpcClientProtocolClient.java:onNext(255)) - client-7EF960CB3D58->c9f1298e-d840-49d8-aac3-de81602aa1d5: receive RaftClientReply:client-7EF960CB3D58->c9f1298e-d840-49d8-aac3-de81602aa1d5@group-E9810A644481, cid=1802, SUCCESS, logIndex=2501, commits[c9f1298e-d840-49d8-aac3-de81602aa1d5:c2501]
2019-08-30 23:40:08,550 [grpc-default-executor-1] INFO  client.GrpcClientProtocolClient (GrpcClientProtocolClient.java:onNext(255)) - client-7EF960CB3D58->c9f1298e-d840-49d8-aac3-de81602aa1d5: receive RaftClientReply:client-7EF960CB3D58->c9f1298e-d840-49d8-aac3-de81602aa1d5@group-E9810A644481, cid=1803, SUCCESS, logIndex=2502, commits[c9f1298e-d840-49d8-aac3-de81602aa1d5:c2503]
2019-08-30 23:40:08,550 [grpc-default-executor-1] INFO  client.GrpcClientProtocolClient (GrpcClientProtocolClient.java:onNext(255)) - client-7EF960CB3D58->c9f1298e-d840-49d8-aac3-de81602aa1d5: receive RaftClientReply:client-7EF960CB3D58->c9f1298e-d840-49d8-aac3-de81602aa1d5@group-E9810A644481, cid=1804, SUCCESS, logIndex=2503, commits[c9f1298e-d840-49d8-aac3-de81602aa1d5:c2503]
2019-08-30 23:40:08,572 [grpc-default-executor-1] INFO  client.GrpcClientProtocolClient (GrpcClientProtocolClient.java:onNext(255)) - client-7EF960CB3D58->c9f1298e-d840-49d8-aac3-de81602aa1d5: receive RaftClientReply:client-7EF960CB3D58->c9f1298e-d840-49d8-aac3-de81602aa1d5@group-E9810A644481, cid=1805, SUCCESS, logIndex=2506, commits[c9f1298e-d840-49d8-aac3-de81602aa1d5:c2509]
2019-08-30 23:40:08,573 [grpc-default-executor-1] INFO  client.GrpcClientProtocolClient (GrpcClientProtocolClient.java:onNext(255)) - client-7EF960CB3D58->c9f1298e-d840-49d8-aac3-de81602aa1d5: receive RaftClientReply:client-7EF960CB3D58->c9f1298e-d840-49d8-aac3-de81602aa1d5@group-E9810A644481, cid=1806, SUCCESS, logIndex=2507, commits[c9f1298e-d840-49d8-aac3-de81602aa1d5:c2509]
2019-08-30 23:40:08,573 [grpc-default-executor-1] INFO  client.GrpcClientProtocolClient (GrpcClientProtocolClient.java:onNext(255)) - client-7EF960CB3D58->c9f1298e-d840-49d8-aac3-de81602aa1d5: receive RaftClientReply:client-7EF960CB3D58->c9f1298e-d840-49d8-aac3-de81602aa1d5@group-E9810A644481, cid=1807, SUCCESS, logIndex=2508, commits[c9f1298e-d840-49d8-aac3-de81602aa1d5:c2509]
2019-08-30 23:40:08,573 [grpc-default-executor-1] INFO  client.GrpcClientProtocolClient (GrpcClientProtocolClient.java:onNext(255)) - client-7EF960CB3D58->c9f1298e-d840-49d8-aac3-de81602aa1d5: receive RaftClientReply:client-7EF960CB3D58->c9f1298e-d840-49d8-aac3-de81602aa1d5@group-E9810A644481, cid=1808, SUCCESS, logIndex=2509, commits[c9f1298e-d840-49d8-aac3-de81602aa1d5:c2509]
2019-08-30 23:40:08,590 [grpc-default-executor-1] INFO  client.GrpcClientProtocolClient (GrpcClientProtocolClient.java:onNext(255)) - client-7EF960CB3D58->c9f1298e-d840-49d8-aac3-de81602aa1d5: receive RaftClientReply:client-7EF960CB3D58->c9f1298e-d840-49d8-aac3-de81602aa1d5@group-E9810A644481, cid=1809, SUCCESS, logIndex=2511, commits[c9f1298e-d840-49d8-aac3-de81602aa1d5:c2512]
2019-08-30 23:40:08,590 [grpc-default-executor-1] INFO  client.GrpcClientProtocolClient (GrpcClientProtocolClient.java:onNext(255)) - client-7EF960CB3D58->c9f1298e-d840-49d8-aac3-de81602aa1d5: receive RaftClientReply:client-7EF960CB3D58->c9f1298e-d840-49d8-aac3-de81602aa1d5@group-E9810A644481, cid=1810, SUCCESS, logIndex=2512, commits[c9f1298e-d840-49d8-aac3-de81602aa1d5:c2512]
2019-08-30 23:40:08,597 [grpc-default-executor-1] INFO  client.GrpcClientProtocolClient (GrpcClientProtocolClient.java:onNext(255)) - client-7EF960CB3D58->c9f1298e-d840-49d8-aac3-de81602aa1d5: receive RaftClientReply:client-7EF960CB3D58->c9f1298e-d840-49d8-aac3-de81602aa1d5@group-E9810A644481, cid=1811, SUCCESS, logIndex=2513, commits[c9f1298e-d840-49d8-aac3-de81602aa1d5:c2514]
2019-08-30 23:40:08,598 [grpc-default-executor-1] INFO  client.GrpcClientProtocolClient (GrpcClientProtocolClient.java:onNext(255)) - client-7EF960CB3D58->c9f1298e-d840-49d8-aac3-de81602aa1d5: receive RaftClientReply:client-7EF960CB3D58->c9f1298e-d840-49d8-aac3-de81602aa1d5@group-E9810A644481, cid=1812, SUCCESS, logIndex=2514, commits[c9f1298e-d840-49d8-aac3-de81602aa1d5:c2514]
2019-08-30 23:40:08,611 [SCMBlockDeletingService#1] DEBUG block.SCMBlockDeletingService (SCMBlockDeletingService.java:call(138)) - Running DeletedBlockTransactionScanner
2019-08-30 23:40:08,611 [SCMBlockDeletingService#1] DEBUG block.SCMBlockDeletingService (SCMBlockDeletingService.java:call(155)) - Scanned deleted blocks log and got 0 delTX to process.
2019-08-30 23:40:08,704 [grpc-default-executor-0] INFO  client.GrpcClientProtocolClient (GrpcClientProtocolClient.java:onNext(255)) - client-7EF960CB3D58->c9f1298e-d840-49d8-aac3-de81602aa1d5: receive RaftClientReply:client-7EF960CB3D58->c9f1298e-d840-49d8-aac3-de81602aa1d5@group-E9810A644481, cid=1813, SUCCESS, logIndex=2517, commits[c9f1298e-d840-49d8-aac3-de81602aa1d5:c2518]
2019-08-30 23:40:08,705 [grpc-default-executor-0] INFO  client.GrpcClientProtocolClient (GrpcClientProtocolClient.java:onNext(255)) - client-7EF960CB3D58->c9f1298e-d840-49d8-aac3-de81602aa1d5: receive RaftClientReply:client-7EF960CB3D58->c9f1298e-d840-49d8-aac3-de81602aa1d5@group-E9810A644481, cid=1814, SUCCESS, logIndex=2518, commits[c9f1298e-d840-49d8-aac3-de81602aa1d5:c2518]
2019-08-30 23:40:08,712 [SCMBlockDeletingService#1] DEBUG block.SCMBlockDeletingService (SCMBlockDeletingService.java:call(138)) - Running DeletedBlockTransactionScanner
2019-08-30 23:40:08,712 [SCMBlockDeletingService#1] DEBUG block.SCMBlockDeletingService (SCMBlockDeletingService.java:call(155)) - Scanned deleted blocks log and got 0 delTX to process.
2019-08-30 23:40:08,712 [grpc-default-executor-0] INFO  client.GrpcClientProtocolClient (GrpcClientProtocolClient.java:onNext(255)) - client-7EF960CB3D58->c9f1298e-d840-49d8-aac3-de81602aa1d5: receive RaftClientReply:client-7EF960CB3D58->c9f1298e-d840-49d8-aac3-de81602aa1d5@group-E9810A644481, cid=1815, SUCCESS, logIndex=2519, commits[c9f1298e-d840-49d8-aac3-de81602aa1d5:c2520]
2019-08-30 23:40:08,712 [grpc-default-executor-0] INFO  client.GrpcClientProtocolClient (GrpcClientProtocolClient.java:onNext(255)) - client-7EF960CB3D58->c9f1298e-d840-49d8-aac3-de81602aa1d5: receive RaftClientReply:client-7EF960CB3D58->c9f1298e-d840-49d8-aac3-de81602aa1d5@group-E9810A644481, cid=1816, SUCCESS, logIndex=2520, commits[c9f1298e-d840-49d8-aac3-de81602aa1d5:c2520]
2019-08-30 23:40:08,744 [grpc-default-executor-0] INFO  client.GrpcClientProtocolClient (GrpcClientProtocolClient.java:onNext(255)) - client-7EF960CB3D58->c9f1298e-d840-49d8-aac3-de81602aa1d5: receive RaftClientReply:client-7EF960CB3D58->c9f1298e-d840-49d8-aac3-de81602aa1d5@group-E9810A644481, cid=1817, SUCCESS, logIndex=2523, commits[c9f1298e-d840-49d8-aac3-de81602aa1d5:c2526]
2019-08-30 23:40:08,745 [grpc-default-executor-0] INFO  client.GrpcClientProtocolClient (GrpcClientProtocolClient.java:onNext(255)) - client-7EF960CB3D58->c9f1298e-d840-49d8-aac3-de81602aa1d5: receive RaftClientReply:client-7EF960CB3D58->c9f1298e-d840-49d8-aac3-de81602aa1d5@group-E9810A644481, cid=1818, SUCCESS, logIndex=2524, commits[c9f1298e-d840-49d8-aac3-de81602aa1d5:c2526]
2019-08-30 23:40:08,745 [grpc-default-executor-0] INFO  client.GrpcClientProtocolClient (GrpcClientProtocolClient.java:onNext(255)) - client-7EF960CB3D58->c9f1298e-d840-49d8-aac3-de81602aa1d5: receive RaftClientReply:client-7EF960CB3D58->c9f1298e-d840-49d8-aac3-de81602aa1d5@group-E9810A644481, cid=1819, SUCCESS, logIndex=2525, commits[c9f1298e-d840-49d8-aac3-de81602aa1d5:c2526]
2019-08-30 23:40:08,745 [grpc-default-executor-0] INFO  client.GrpcClientProtocolClient (GrpcClientProtocolClient.java:onNext(255)) - client-7EF960CB3D58->c9f1298e-d840-49d8-aac3-de81602aa1d5: receive RaftClientReply:client-7EF960CB3D58->c9f1298e-d840-49d8-aac3-de81602aa1d5@group-E9810A644481, cid=1820, SUCCESS, logIndex=2526, commits[c9f1298e-d840-49d8-aac3-de81602aa1d5:c2526]
2019-08-30 23:40:08,768 [grpc-default-executor-0] INFO  client.GrpcClientProtocolClient (GrpcClientProtocolClient.java:onNext(255)) - client-7EF960CB3D58->c9f1298e-d840-49d8-aac3-de81602aa1d5: receive RaftClientReply:client-7EF960CB3D58->c9f1298e-d840-49d8-aac3-de81602aa1d5@group-E9810A644481, cid=1821, SUCCESS, logIndex=2528, commits[c9f1298e-d840-49d8-aac3-de81602aa1d5:c2531]
2019-08-30 23:40:08,768 [grpc-default-executor-0] INFO  client.GrpcClientProtocolClient (GrpcClientProtocolClient.java:onNext(255)) - client-7EF960CB3D58->c9f1298e-d840-49d8-aac3-de81602aa1d5: receive RaftClientReply:client-7EF960CB3D58->c9f1298e-d840-49d8-aac3-de81602aa1d5@group-E9810A644481, cid=1822, SUCCESS, logIndex=2529, commits[c9f1298e-d840-49d8-aac3-de81602aa1d5:c2531]
2019-08-30 23:40:08,768 [grpc-default-executor-0] INFO  client.GrpcClientProtocolClient (GrpcClientProtocolClient.java:onNext(255)) - client-7EF960CB3D58->c9f1298e-d840-49d8-aac3-de81602aa1d5: receive RaftClientReply:client-7EF960CB3D58->c9f1298e-d840-49d8-aac3-de81602aa1d5@group-E9810A644481, cid=1823, SUCCESS, logIndex=2530, commits[c9f1298e-d840-49d8-aac3-de81602aa1d5:c2531]
2019-08-30 23:40:08,769 [grpc-default-executor-0] INFO  client.GrpcClientProtocolClient (GrpcClientProtocolClient.java:onNext(255)) - client-7EF960CB3D58->c9f1298e-d840-49d8-aac3-de81602aa1d5: receive RaftClientReply:client-7EF960CB3D58->c9f1298e-d840-49d8-aac3-de81602aa1d5@group-E9810A644481, cid=1824, SUCCESS, logIndex=2531, commits[c9f1298e-d840-49d8-aac3-de81602aa1d5:c2531]
2019-08-30 23:40:08,804 [grpc-default-executor-1] INFO  client.GrpcClientProtocolClient (GrpcClientProtocolClient.java:onNext(255)) - client-7EF960CB3D58->c9f1298e-d840-49d8-aac3-de81602aa1d5: receive RaftClientReply:client-7EF960CB3D58->c9f1298e-d840-49d8-aac3-de81602aa1d5@group-E9810A644481, cid=1825, SUCCESS, logIndex=2533, commits[c9f1298e-d840-49d8-aac3-de81602aa1d5:c2536]
2019-08-30 23:40:08,804 [grpc-default-executor-1] INFO  client.GrpcClientProtocolClient (GrpcClientProtocolClient.java:onNext(255)) - client-7EF960CB3D58->c9f1298e-d840-49d8-aac3-de81602aa1d5: receive RaftClientReply:client-7EF960CB3D58->c9f1298e-d840-49d8-aac3-de81602aa1d5@group-E9810A644481, cid=1826, SUCCESS, logIndex=2534, commits[c9f1298e-d840-49d8-aac3-de81602aa1d5:c2536]
2019-08-30 23:40:08,805 [grpc-default-executor-1] INFO  client.GrpcClientProtocolClient (GrpcClientProtocolClient.java:onNext(255)) - client-7EF960CB3D58->c9f1298e-d840-49d8-aac3-de81602aa1d5: receive RaftClientReply:client-7EF960CB3D58->c9f1298e-d840-49d8-aac3-de81602aa1d5@group-E9810A644481, cid=1827, SUCCESS, logIndex=2535, commits[c9f1298e-d840-49d8-aac3-de81602aa1d5:c2536]
2019-08-30 23:40:08,805 [grpc-default-executor-1] INFO  client.GrpcClientProtocolClient (GrpcClientProtocolClient.java:onNext(255)) - client-7EF960CB3D58->c9f1298e-d840-49d8-aac3-de81602aa1d5: receive RaftClientReply:client-7EF960CB3D58->c9f1298e-d840-49d8-aac3-de81602aa1d5@group-E9810A644481, cid=1828, SUCCESS, logIndex=2536, commits[c9f1298e-d840-49d8-aac3-de81602aa1d5:c2536]
2019-08-30 23:40:08,812 [SCMBlockDeletingService#1] DEBUG block.SCMBlockDeletingService (SCMBlockDeletingService.java:call(138)) - Running DeletedBlockTransactionScanner
2019-08-30 23:40:08,813 [SCMBlockDeletingService#1] DEBUG block.SCMBlockDeletingService (SCMBlockDeletingService.java:call(155)) - Scanned deleted blocks log and got 0 delTX to process.
2019-08-30 23:40:08,831 [grpc-default-executor-0] INFO  client.GrpcClientProtocolClient (GrpcClientProtocolClient.java:onNext(255)) - client-7EF960CB3D58->c9f1298e-d840-49d8-aac3-de81602aa1d5: receive RaftClientReply:client-7EF960CB3D58->c9f1298e-d840-49d8-aac3-de81602aa1d5@group-E9810A644481, cid=1829, SUCCESS, logIndex=2538, commits[c9f1298e-d840-49d8-aac3-de81602aa1d5:c2541]
2019-08-30 23:40:08,831 [grpc-default-executor-0] INFO  client.GrpcClientProtocolClient (GrpcClientProtocolClient.java:onNext(255)) - client-7EF960CB3D58->c9f1298e-d840-49d8-aac3-de81602aa1d5: receive RaftClientReply:client-7EF960CB3D58->c9f1298e-d840-49d8-aac3-de81602aa1d5@group-E9810A644481, cid=1830, SUCCESS, logIndex=2539, commits[c9f1298e-d840-49d8-aac3-de81602aa1d5:c2541]
2019-08-30 23:40:08,832 [grpc-default-executor-0] INFO  client.GrpcClientProtocolClient (GrpcClientProtocolClient.java:onNext(255)) - client-7EF960CB3D58->c9f1298e-d840-49d8-aac3-de81602aa1d5: receive RaftClientReply:client-7EF960CB3D58->c9f1298e-d840-49d8-aac3-de81602aa1d5@group-E9810A644481, cid=1831, SUCCESS, logIndex=2540, commits[c9f1298e-d840-49d8-aac3-de81602aa1d5:c2541]
2019-08-30 23:40:08,832 [grpc-default-executor-0] INFO  client.GrpcClientProtocolClient (GrpcClientProtocolClient.java:onNext(255)) - client-7EF960CB3D58->c9f1298e-d840-49d8-aac3-de81602aa1d5: receive RaftClientReply:client-7EF960CB3D58->c9f1298e-d840-49d8-aac3-de81602aa1d5@group-E9810A644481, cid=1832, SUCCESS, logIndex=2541, commits[c9f1298e-d840-49d8-aac3-de81602aa1d5:c2541]
2019-08-30 23:40:08,865 [grpc-default-executor-0] INFO  client.GrpcClientProtocolClient (GrpcClientProtocolClient.java:onNext(255)) - client-7EF960CB3D58->c9f1298e-d840-49d8-aac3-de81602aa1d5: receive RaftClientReply:client-7EF960CB3D58->c9f1298e-d840-49d8-aac3-de81602aa1d5@group-E9810A644481, cid=1833, SUCCESS, logIndex=2543, commits[c9f1298e-d840-49d8-aac3-de81602aa1d5:c2546]
2019-08-30 23:40:08,866 [grpc-default-executor-0] INFO  client.GrpcClientProtocolClient (GrpcClientProtocolClient.java:onNext(255)) - client-7EF960CB3D58->c9f1298e-d840-49d8-aac3-de81602aa1d5: receive RaftClientReply:client-7EF960CB3D58->c9f1298e-d840-49d8-aac3-de81602aa1d5@group-E9810A644481, cid=1834, SUCCESS, logIndex=2544, commits[c9f1298e-d840-49d8-aac3-de81602aa1d5:c2546]
2019-08-30 23:40:08,866 [grpc-default-executor-0] INFO  client.GrpcClientProtocolClient (GrpcClientProtocolClient.java:onNext(255)) - client-7EF960CB3D58->c9f1298e-d840-49d8-aac3-de81602aa1d5: receive RaftClientReply:client-7EF960CB3D58->c9f1298e-d840-49d8-aac3-de81602aa1d5@group-E9810A644481, cid=1835, SUCCESS, logIndex=2545, commits[c9f1298e-d840-49d8-aac3-de81602aa1d5:c2546]
2019-08-30 23:40:08,866 [grpc-default-executor-0] INFO  client.GrpcClientProtocolClient (GrpcClientProtocolClient.java:onNext(255)) - client-7EF960CB3D58->c9f1298e-d840-49d8-aac3-de81602aa1d5: receive RaftClientReply:client-7EF960CB3D58->c9f1298e-d840-49d8-aac3-de81602aa1d5@group-E9810A644481, cid=1836, SUCCESS, logIndex=2546, commits[c9f1298e-d840-49d8-aac3-de81602aa1d5:c2546]
2019-08-30 23:40:08,891 [grpc-default-executor-0] INFO  client.GrpcClientProtocolClient (GrpcClientProtocolClient.java:onNext(255)) - client-7EF960CB3D58->c9f1298e-d840-49d8-aac3-de81602aa1d5: receive RaftClientReply:client-7EF960CB3D58->c9f1298e-d840-49d8-aac3-de81602aa1d5@group-E9810A644481, cid=1837, SUCCESS, logIndex=2548, commits[c9f1298e-d840-49d8-aac3-de81602aa1d5:c2551]
2019-08-30 23:40:08,891 [grpc-default-executor-0] INFO  client.GrpcClientProtocolClient (GrpcClientProtocolClient.java:onNext(255)) - client-7EF960CB3D58->c9f1298e-d840-49d8-aac3-de81602aa1d5: receive RaftClientReply:client-7EF960CB3D58->c9f1298e-d840-49d8-aac3-de81602aa1d5@group-E9810A644481, cid=1838, SUCCESS, logIndex=2549, commits[c9f1298e-d840-49d8-aac3-de81602aa1d5:c2551]
2019-08-30 23:40:08,892 [grpc-default-executor-0] INFO  client.GrpcClientProtocolClient (GrpcClientProtocolClient.java:onNext(255)) - client-7EF960CB3D58->c9f1298e-d840-49d8-aac3-de81602aa1d5: receive RaftClientReply:client-7EF960CB3D58->c9f1298e-d840-49d8-aac3-de81602aa1d5@group-E9810A644481, cid=1839, SUCCESS, logIndex=2550, commits[c9f1298e-d840-49d8-aac3-de81602aa1d5:c2551]
2019-08-30 23:40:08,892 [grpc-default-executor-0] INFO  client.GrpcClientProtocolClient (GrpcClientProtocolClient.java:onNext(255)) - client-7EF960CB3D58->c9f1298e-d840-49d8-aac3-de81602aa1d5: receive RaftClientReply:client-7EF960CB3D58->c9f1298e-d840-49d8-aac3-de81602aa1d5@group-E9810A644481, cid=1840, SUCCESS, logIndex=2551, commits[c9f1298e-d840-49d8-aac3-de81602aa1d5:c2551]
2019-08-30 23:40:08,913 [SCMBlockDeletingService#1] DEBUG block.SCMBlockDeletingService (SCMBlockDeletingService.java:call(138)) - Running DeletedBlockTransactionScanner
2019-08-30 23:40:08,913 [grpc-default-executor-0] INFO  client.GrpcClientProtocolClient (GrpcClientProtocolClient.java:onNext(255)) - client-7EF960CB3D58->c9f1298e-d840-49d8-aac3-de81602aa1d5: receive RaftClientReply:client-7EF960CB3D58->c9f1298e-d840-49d8-aac3-de81602aa1d5@group-E9810A644481, cid=1841, SUCCESS, logIndex=2553, commits[c9f1298e-d840-49d8-aac3-de81602aa1d5:c2554]
2019-08-30 23:40:08,913 [SCMBlockDeletingService#1] DEBUG block.SCMBlockDeletingService (SCMBlockDeletingService.java:call(155)) - Scanned deleted blocks log and got 0 delTX to process.
2019-08-30 23:40:08,914 [grpc-default-executor-0] INFO  client.GrpcClientProtocolClient (GrpcClientProtocolClient.java:onNext(255)) - client-7EF960CB3D58->c9f1298e-d840-49d8-aac3-de81602aa1d5: receive RaftClientReply:client-7EF960CB3D58->c9f1298e-d840-49d8-aac3-de81602aa1d5@group-E9810A644481, cid=1842, SUCCESS, logIndex=2554, commits[c9f1298e-d840-49d8-aac3-de81602aa1d5:c2554]
2019-08-30 23:40:08,914 [grpc-default-executor-0] INFO  client.GrpcClientProtocolClient (GrpcClientProtocolClient.java:onNext(255)) - client-7EF960CB3D58->c9f1298e-d840-49d8-aac3-de81602aa1d5: receive RaftClientReply:client-7EF960CB3D58->c9f1298e-d840-49d8-aac3-de81602aa1d5@group-E9810A644481, cid=1843, SUCCESS, logIndex=2555, commits[c9f1298e-d840-49d8-aac3-de81602aa1d5:c2556]
2019-08-30 23:40:08,915 [grpc-default-executor-0] INFO  client.GrpcClientProtocolClient (GrpcClientProtocolClient.java:onNext(255)) - client-7EF960CB3D58->c9f1298e-d840-49d8-aac3-de81602aa1d5: receive RaftClientReply:client-7EF960CB3D58->c9f1298e-d840-49d8-aac3-de81602aa1d5@group-E9810A644481, cid=1844, SUCCESS, logIndex=2556, commits[c9f1298e-d840-49d8-aac3-de81602aa1d5:c2556]
2019-08-30 23:40:08,936 [grpc-default-executor-0] INFO  client.GrpcClientProtocolClient (GrpcClientProtocolClient.java:onNext(255)) - client-7EF960CB3D58->c9f1298e-d840-49d8-aac3-de81602aa1d5: receive RaftClientReply:client-7EF960CB3D58->c9f1298e-d840-49d8-aac3-de81602aa1d5@group-E9810A644481, cid=1845, SUCCESS, logIndex=2559, commits[c9f1298e-d840-49d8-aac3-de81602aa1d5:c2562]
2019-08-30 23:40:08,937 [grpc-default-executor-0] INFO  client.GrpcClientProtocolClient (GrpcClientProtocolClient.java:onNext(255)) - client-7EF960CB3D58->c9f1298e-d840-49d8-aac3-de81602aa1d5: receive RaftClientReply:client-7EF960CB3D58->c9f1298e-d840-49d8-aac3-de81602aa1d5@group-E9810A644481, cid=1846, SUCCESS, logIndex=2560, commits[c9f1298e-d840-49d8-aac3-de81602aa1d5:c2563]
2019-08-30 23:40:08,937 [grpc-default-executor-0] INFO  client.GrpcClientProtocolClient (GrpcClientProtocolClient.java:onNext(255)) - client-7EF960CB3D58->c9f1298e-d840-49d8-aac3-de81602aa1d5: receive RaftClientReply:client-7EF960CB3D58->c9f1298e-d840-49d8-aac3-de81602aa1d5@group-E9810A644481, cid=1847, SUCCESS, logIndex=2561, commits[c9f1298e-d840-49d8-aac3-de81602aa1d5:c2563]
2019-08-30 23:40:08,937 [grpc-default-executor-0] INFO  client.GrpcClientProtocolClient (GrpcClientProtocolClient.java:onNext(255)) - client-7EF960CB3D58->c9f1298e-d840-49d8-aac3-de81602aa1d5: receive RaftClientReply:client-7EF960CB3D58->c9f1298e-d840-49d8-aac3-de81602aa1d5@group-E9810A644481, cid=1848, SUCCESS, logIndex=2562, commits[c9f1298e-d840-49d8-aac3-de81602aa1d5:c2563]
2019-08-30 23:40:08,983 [grpc-default-executor-1] INFO  client.GrpcClientProtocolClient (GrpcClientProtocolClient.java:onNext(255)) - client-7EF960CB3D58->c9f1298e-d840-49d8-aac3-de81602aa1d5: receive RaftClientReply:client-7EF960CB3D58->c9f1298e-d840-49d8-aac3-de81602aa1d5@group-E9810A644481, cid=1849, SUCCESS, logIndex=2564, commits[c9f1298e-d840-49d8-aac3-de81602aa1d5:c2567]
2019-08-30 23:40:08,984 [grpc-default-executor-1] INFO  client.GrpcClientProtocolClient (GrpcClientProtocolClient.java:onNext(255)) - client-7EF960CB3D58->c9f1298e-d840-49d8-aac3-de81602aa1d5: receive RaftClientReply:client-7EF960CB3D58->c9f1298e-d840-49d8-aac3-de81602aa1d5@group-E9810A644481, cid=1850, SUCCESS, logIndex=2565, commits[c9f1298e-d840-49d8-aac3-de81602aa1d5:c2568]
2019-08-30 23:40:08,984 [grpc-default-executor-1] INFO  client.GrpcClientProtocolClient (GrpcClientProtocolClient.java:onNext(255)) - client-7EF960CB3D58->c9f1298e-d840-49d8-aac3-de81602aa1d5: receive RaftClientReply:client-7EF960CB3D58->c9f1298e-d840-49d8-aac3-de81602aa1d5@group-E9810A644481, cid=1851, SUCCESS, logIndex=2566, commits[c9f1298e-d840-49d8-aac3-de81602aa1d5:c2568]
2019-08-30 23:40:08,984 [grpc-default-executor-1] INFO  client.GrpcClientProtocolClient (GrpcClientProtocolClient.java:onNext(255)) - client-7EF960CB3D58->c9f1298e-d840-49d8-aac3-de81602aa1d5: receive RaftClientReply:client-7EF960CB3D58->c9f1298e-d840-49d8-aac3-de81602aa1d5@group-E9810A644481, cid=1852, SUCCESS, logIndex=2567, commits[c9f1298e-d840-49d8-aac3-de81602aa1d5:c2568]
2019-08-30 23:40:08,999 [grpc-default-executor-1] INFO  client.GrpcClientProtocolClient (GrpcClientProtocolClient.java:onNext(255)) - client-7EF960CB3D58->c9f1298e-d840-49d8-aac3-de81602aa1d5: receive RaftClientReply:client-7EF960CB3D58->c9f1298e-d840-49d8-aac3-de81602aa1d5@group-E9810A644481, cid=1853, SUCCESS, logIndex=2569, commits[c9f1298e-d840-49d8-aac3-de81602aa1d5:c2570]
2019-08-30 23:40:08,999 [grpc-default-executor-1] INFO  client.GrpcClientProtocolClient (GrpcClientProtocolClient.java:onNext(255)) - client-7EF960CB3D58->c9f1298e-d840-49d8-aac3-de81602aa1d5: receive RaftClientReply:client-7EF960CB3D58->c9f1298e-d840-49d8-aac3-de81602aa1d5@group-E9810A644481, cid=1854, SUCCESS, logIndex=2570, commits[c9f1298e-d840-49d8-aac3-de81602aa1d5:c2570]
2019-08-30 23:40:09,011 [grpc-default-executor-1] INFO  client.GrpcClientProtocolClient (GrpcClientProtocolClient.java:onNext(255)) - client-7EF960CB3D58->c9f1298e-d840-49d8-aac3-de81602aa1d5: receive RaftClientReply:client-7EF960CB3D58->c9f1298e-d840-49d8-aac3-de81602aa1d5@group-E9810A644481, cid=1855, SUCCESS, logIndex=2571, commits[c9f1298e-d840-49d8-aac3-de81602aa1d5:c2573]
2019-08-30 23:40:09,012 [grpc-default-executor-1] INFO  client.GrpcClientProtocolClient (GrpcClientProtocolClient.java:onNext(255)) - client-7EF960CB3D58->c9f1298e-d840-49d8-aac3-de81602aa1d5: receive RaftClientReply:client-7EF960CB3D58->c9f1298e-d840-49d8-aac3-de81602aa1d5@group-E9810A644481, cid=1856, SUCCESS, logIndex=2572, commits[c9f1298e-d840-49d8-aac3-de81602aa1d5:c2573]
2019-08-30 23:40:09,014 [SCMBlockDeletingService#1] DEBUG block.SCMBlockDeletingService (SCMBlockDeletingService.java:call(138)) - Running DeletedBlockTransactionScanner
2019-08-30 23:40:09,014 [SCMBlockDeletingService#1] DEBUG block.SCMBlockDeletingService (SCMBlockDeletingService.java:call(155)) - Scanned deleted blocks log and got 0 delTX to process.
2019-08-30 23:40:09,114 [SCMBlockDeletingService#1] DEBUG block.SCMBlockDeletingService (SCMBlockDeletingService.java:call(138)) - Running DeletedBlockTransactionScanner
2019-08-30 23:40:09,115 [SCMBlockDeletingService#1] DEBUG block.SCMBlockDeletingService (SCMBlockDeletingService.java:call(155)) - Scanned deleted blocks log and got 0 delTX to process.
2019-08-30 23:40:09,228 [SCMBlockDeletingService#1] DEBUG block.SCMBlockDeletingService (SCMBlockDeletingService.java:call(138)) - Running DeletedBlockTransactionScanner
2019-08-30 23:40:09,229 [SCMBlockDeletingService#1] DEBUG block.SCMBlockDeletingService (SCMBlockDeletingService.java:call(155)) - Scanned deleted blocks log and got 0 delTX to process.
2019-08-30 23:40:09,263 [grpc-default-executor-1] INFO  client.GrpcClientProtocolClient (GrpcClientProtocolClient.java:onNext(255)) - client-7EF960CB3D58->c9f1298e-d840-49d8-aac3-de81602aa1d5: receive RaftClientReply:client-7EF960CB3D58->c9f1298e-d840-49d8-aac3-de81602aa1d5@group-E9810A644481, cid=1857, SUCCESS, logIndex=2574, commits[c9f1298e-d840-49d8-aac3-de81602aa1d5:c2575]
2019-08-30 23:40:09,263 [grpc-default-executor-1] INFO  client.GrpcClientProtocolClient (GrpcClientProtocolClient.java:onNext(255)) - client-7EF960CB3D58->c9f1298e-d840-49d8-aac3-de81602aa1d5: receive RaftClientReply:client-7EF960CB3D58->c9f1298e-d840-49d8-aac3-de81602aa1d5@group-E9810A644481, cid=1858, SUCCESS, logIndex=2575, commits[c9f1298e-d840-49d8-aac3-de81602aa1d5:c2575]
2019-08-30 23:40:09,277 [grpc-default-executor-1] INFO  client.GrpcClientProtocolClient (GrpcClientProtocolClient.java:onNext(255)) - client-7EF960CB3D58->c9f1298e-d840-49d8-aac3-de81602aa1d5: receive RaftClientReply:client-7EF960CB3D58->c9f1298e-d840-49d8-aac3-de81602aa1d5@group-E9810A644481, cid=1859, SUCCESS, logIndex=2576, commits[c9f1298e-d840-49d8-aac3-de81602aa1d5:c2577]
2019-08-30 23:40:09,278 [grpc-default-executor-1] INFO  client.GrpcClientProtocolClient (GrpcClientProtocolClient.java:onNext(255)) - client-7EF960CB3D58->c9f1298e-d840-49d8-aac3-de81602aa1d5: receive RaftClientReply:client-7EF960CB3D58->c9f1298e-d840-49d8-aac3-de81602aa1d5@group-E9810A644481, cid=1860, SUCCESS, logIndex=2577, commits[c9f1298e-d840-49d8-aac3-de81602aa1d5:c2577]
2019-08-30 23:40:09,321 [grpc-default-executor-0] INFO  client.GrpcClientProtocolClient (GrpcClientProtocolClient.java:onNext(255)) - client-7EF960CB3D58->c9f1298e-d840-49d8-aac3-de81602aa1d5: receive RaftClientReply:client-7EF960CB3D58->c9f1298e-d840-49d8-aac3-de81602aa1d5@group-E9810A644481, cid=1861, SUCCESS, logIndex=2580, commits[c9f1298e-d840-49d8-aac3-de81602aa1d5:c2583]
2019-08-30 23:40:09,321 [grpc-default-executor-0] INFO  client.GrpcClientProtocolClient (GrpcClientProtocolClient.java:onNext(255)) - client-7EF960CB3D58->c9f1298e-d840-49d8-aac3-de81602aa1d5: receive RaftClientReply:client-7EF960CB3D58->c9f1298e-d840-49d8-aac3-de81602aa1d5@group-E9810A644481, cid=1862, SUCCESS, logIndex=2581, commits[c9f1298e-d840-49d8-aac3-de81602aa1d5:c2583]
2019-08-30 23:40:09,322 [grpc-default-executor-0] INFO  client.GrpcClientProtocolClient (GrpcClientProtocolClient.java:onNext(255)) - client-7EF960CB3D58->c9f1298e-d840-49d8-aac3-de81602aa1d5: receive RaftClientReply:client-7EF960CB3D58->c9f1298e-d840-49d8-aac3-de81602aa1d5@group-E9810A644481, cid=1863, SUCCESS, logIndex=2582, commits[c9f1298e-d840-49d8-aac3-de81602aa1d5:c2583]
2019-08-30 23:40:09,323 [grpc-default-executor-0] INFO  client.GrpcClientProtocolClient (GrpcClientProtocolClient.java:onNext(255)) - client-7EF960CB3D58->c9f1298e-d840-49d8-aac3-de81602aa1d5: receive RaftClientReply:client-7EF960CB3D58->c9f1298e-d840-49d8-aac3-de81602aa1d5@group-E9810A644481, cid=1864, SUCCESS, logIndex=2583, commits[c9f1298e-d840-49d8-aac3-de81602aa1d5:c2583]
2019-08-30 23:40:09,329 [SCMBlockDeletingService#1] DEBUG block.SCMBlockDeletingService (SCMBlockDeletingService.java:call(138)) - Running DeletedBlockTransactionScanner
2019-08-30 23:40:09,329 [SCMBlockDeletingService#1] DEBUG block.SCMBlockDeletingService (SCMBlockDeletingService.java:call(155)) - Scanned deleted blocks log and got 0 delTX to process.
2019-08-30 23:40:09,360 [grpc-default-executor-0] INFO  client.GrpcClientProtocolClient (GrpcClientProtocolClient.java:onNext(255)) - client-7EF960CB3D58->c9f1298e-d840-49d8-aac3-de81602aa1d5: receive RaftClientReply:client-7EF960CB3D58->c9f1298e-d840-49d8-aac3-de81602aa1d5@group-E9810A644481, cid=1865, SUCCESS, logIndex=2585, commits[c9f1298e-d840-49d8-aac3-de81602aa1d5:c2586]
2019-08-30 23:40:09,361 [grpc-default-executor-0] INFO  client.GrpcClientProtocolClient (GrpcClientProtocolClient.java:onNext(255)) - client-7EF960CB3D58->c9f1298e-d840-49d8-aac3-de81602aa1d5: receive RaftClientReply:client-7EF960CB3D58->c9f1298e-d840-49d8-aac3-de81602aa1d5@group-E9810A644481, cid=1866, SUCCESS, logIndex=2586, commits[c9f1298e-d840-49d8-aac3-de81602aa1d5:c2586]
2019-08-30 23:40:09,371 [grpc-default-executor-0] INFO  client.GrpcClientProtocolClient (GrpcClientProtocolClient.java:onNext(255)) - client-7EF960CB3D58->c9f1298e-d840-49d8-aac3-de81602aa1d5: receive RaftClientReply:client-7EF960CB3D58->c9f1298e-d840-49d8-aac3-de81602aa1d5@group-E9810A644481, cid=1867, SUCCESS, logIndex=2587, commits[c9f1298e-d840-49d8-aac3-de81602aa1d5:c2588]
2019-08-30 23:40:09,372 [grpc-default-executor-0] INFO  client.GrpcClientProtocolClient (GrpcClientProtocolClient.java:onNext(255)) - client-7EF960CB3D58->c9f1298e-d840-49d8-aac3-de81602aa1d5: receive RaftClientReply:client-7EF960CB3D58->c9f1298e-d840-49d8-aac3-de81602aa1d5@group-E9810A644481, cid=1868, SUCCESS, logIndex=2588, commits[c9f1298e-d840-49d8-aac3-de81602aa1d5:c2588]
2019-08-30 23:40:09,404 [grpc-default-executor-0] INFO  client.GrpcClientProtocolClient (GrpcClientProtocolClient.java:onNext(255)) - client-7EF960CB3D58->c9f1298e-d840-49d8-aac3-de81602aa1d5: receive RaftClientReply:client-7EF960CB3D58->c9f1298e-d840-49d8-aac3-de81602aa1d5@group-E9810A644481, cid=1869, SUCCESS, logIndex=2591, commits[c9f1298e-d840-49d8-aac3-de81602aa1d5:c2594]
2019-08-30 23:40:09,404 [grpc-default-executor-0] INFO  client.GrpcClientProtocolClient (GrpcClientProtocolClient.java:onNext(255)) - client-7EF960CB3D58->c9f1298e-d840-49d8-aac3-de81602aa1d5: receive RaftClientReply:client-7EF960CB3D58->c9f1298e-d840-49d8-aac3-de81602aa1d5@group-E9810A644481, cid=1870, SUCCESS, logIndex=2592, commits[c9f1298e-d840-49d8-aac3-de81602aa1d5:c2594]
2019-08-30 23:40:09,405 [grpc-default-executor-0] INFO  client.GrpcClientProtocolClient (GrpcClientProtocolClient.java:onNext(255)) - client-7EF960CB3D58->c9f1298e-d840-49d8-aac3-de81602aa1d5: receive RaftClientReply:client-7EF960CB3D58->c9f1298e-d840-49d8-aac3-de81602aa1d5@group-E9810A644481, cid=1871, SUCCESS, logIndex=2593, commits[c9f1298e-d840-49d8-aac3-de81602aa1d5:c2594]
2019-08-30 23:40:09,405 [grpc-default-executor-0] INFO  client.GrpcClientProtocolClient (GrpcClientProtocolClient.java:onNext(255)) - client-7EF960CB3D58->c9f1298e-d840-49d8-aac3-de81602aa1d5: receive RaftClientReply:client-7EF960CB3D58->c9f1298e-d840-49d8-aac3-de81602aa1d5@group-E9810A644481, cid=1872, SUCCESS, logIndex=2594, commits[c9f1298e-d840-49d8-aac3-de81602aa1d5:c2594]
2019-08-30 23:40:09,430 [SCMBlockDeletingService#1] DEBUG block.SCMBlockDeletingService (SCMBlockDeletingService.java:call(138)) - Running DeletedBlockTransactionScanner
2019-08-30 23:40:09,430 [SCMBlockDeletingService#1] DEBUG block.SCMBlockDeletingService (SCMBlockDeletingService.java:call(155)) - Scanned deleted blocks log and got 0 delTX to process.
2019-08-30 23:40:09,441 [grpc-default-executor-0] INFO  client.GrpcClientProtocolClient (GrpcClientProtocolClient.java:onNext(255)) - client-7EF960CB3D58->c9f1298e-d840-49d8-aac3-de81602aa1d5: receive RaftClientReply:client-7EF960CB3D58->c9f1298e-d840-49d8-aac3-de81602aa1d5@group-E9810A644481, cid=1873, SUCCESS, logIndex=2596, commits[c9f1298e-d840-49d8-aac3-de81602aa1d5:c2599]
2019-08-30 23:40:09,441 [grpc-default-executor-0] INFO  client.GrpcClientProtocolClient (GrpcClientProtocolClient.java:onNext(255)) - client-7EF960CB3D58->c9f1298e-d840-49d8-aac3-de81602aa1d5: receive RaftClientReply:client-7EF960CB3D58->c9f1298e-d840-49d8-aac3-de81602aa1d5@group-E9810A644481, cid=1874, SUCCESS, logIndex=2597, commits[c9f1298e-d840-49d8-aac3-de81602aa1d5:c2599]
2019-08-30 23:40:09,441 [grpc-default-executor-0] INFO  client.GrpcClientProtocolClient (GrpcClientProtocolClient.java:onNext(255)) - client-7EF960CB3D58->c9f1298e-d840-49d8-aac3-de81602aa1d5: receive RaftClientReply:client-7EF960CB3D58->c9f1298e-d840-49d8-aac3-de81602aa1d5@group-E9810A644481, cid=1875, SUCCESS, logIndex=2598, commits[c9f1298e-d840-49d8-aac3-de81602aa1d5:c2599]
2019-08-30 23:40:09,442 [grpc-default-executor-0] INFO  client.GrpcClientProtocolClient (GrpcClientProtocolClient.java:onNext(255)) - client-7EF960CB3D58->c9f1298e-d840-49d8-aac3-de81602aa1d5: receive RaftClientReply:client-7EF960CB3D58->c9f1298e-d840-49d8-aac3-de81602aa1d5@group-E9810A644481, cid=1876, SUCCESS, logIndex=2599, commits[c9f1298e-d840-49d8-aac3-de81602aa1d5:c2599]
2019-08-30 23:40:09,460 [grpc-default-executor-0] INFO  client.GrpcClientProtocolClient (GrpcClientProtocolClient.java:onNext(255)) - client-7EF960CB3D58->c9f1298e-d840-49d8-aac3-de81602aa1d5: receive RaftClientReply:client-7EF960CB3D58->c9f1298e-d840-49d8-aac3-de81602aa1d5@group-E9810A644481, cid=1877, SUCCESS, logIndex=2601, commits[c9f1298e-d840-49d8-aac3-de81602aa1d5:c2604]
2019-08-30 23:40:09,461 [grpc-default-executor-0] INFO  client.GrpcClientProtocolClient (GrpcClientProtocolClient.java:onNext(255)) - client-7EF960CB3D58->c9f1298e-d840-49d8-aac3-de81602aa1d5: receive RaftClientReply:client-7EF960CB3D58->c9f1298e-d840-49d8-aac3-de81602aa1d5@group-E9810A644481, cid=1878, SUCCESS, logIndex=2602, commits[c9f1298e-d840-49d8-aac3-de81602aa1d5:c2604]
2019-08-30 23:40:09,461 [grpc-default-executor-0] INFO  client.GrpcClientProtocolClient (GrpcClientProtocolClient.java:onNext(255)) - client-7EF960CB3D58->c9f1298e-d840-49d8-aac3-de81602aa1d5: receive RaftClientReply:client-7EF960CB3D58->c9f1298e-d840-49d8-aac3-de81602aa1d5@group-E9810A644481, cid=1879, SUCCESS, logIndex=2603, commits[c9f1298e-d840-49d8-aac3-de81602aa1d5:c2604]
2019-08-30 23:40:09,461 [grpc-default-executor-0] INFO  client.GrpcClientProtocolClient (GrpcClientProtocolClient.java:onNext(255)) - client-7EF960CB3D58->c9f1298e-d840-49d8-aac3-de81602aa1d5: receive RaftClientReply:client-7EF960CB3D58->c9f1298e-d840-49d8-aac3-de81602aa1d5@group-E9810A644481, cid=1880, SUCCESS, logIndex=2604, commits[c9f1298e-d840-49d8-aac3-de81602aa1d5:c2604]
2019-08-30 23:40:09,483 [grpc-default-executor-0] INFO  client.GrpcClientProtocolClient (GrpcClientProtocolClient.java:onNext(255)) - client-7EF960CB3D58->c9f1298e-d840-49d8-aac3-de81602aa1d5: receive RaftClientReply:client-7EF960CB3D58->c9f1298e-d840-49d8-aac3-de81602aa1d5@group-E9810A644481, cid=1881, SUCCESS, logIndex=2606, commits[c9f1298e-d840-49d8-aac3-de81602aa1d5:c2607]
2019-08-30 23:40:09,484 [grpc-default-executor-0] INFO  client.GrpcClientProtocolClient (GrpcClientProtocolClient.java:onNext(255)) - client-7EF960CB3D58->c9f1298e-d840-49d8-aac3-de81602aa1d5: receive RaftClientReply:client-7EF960CB3D58->c9f1298e-d840-49d8-aac3-de81602aa1d5@group-E9810A644481, cid=1882, SUCCESS, logIndex=2607, commits[c9f1298e-d840-49d8-aac3-de81602aa1d5:c2607]
2019-08-30 23:40:09,495 [grpc-default-executor-0] INFO  client.GrpcClientProtocolClient (GrpcClientProtocolClient.java:onNext(255)) - client-7EF960CB3D58->c9f1298e-d840-49d8-aac3-de81602aa1d5: receive RaftClientReply:client-7EF960CB3D58->c9f1298e-d840-49d8-aac3-de81602aa1d5@group-E9810A644481, cid=1883, SUCCESS, logIndex=2608, commits[c9f1298e-d840-49d8-aac3-de81602aa1d5:c2609]
2019-08-30 23:40:09,495 [grpc-default-executor-0] INFO  client.GrpcClientProtocolClient (GrpcClientProtocolClient.java:onNext(255)) - client-7EF960CB3D58->c9f1298e-d840-49d8-aac3-de81602aa1d5: receive RaftClientReply:client-7EF960CB3D58->c9f1298e-d840-49d8-aac3-de81602aa1d5@group-E9810A644481, cid=1884, SUCCESS, logIndex=2609, commits[c9f1298e-d840-49d8-aac3-de81602aa1d5:c2609]
2019-08-30 23:40:09,519 [grpc-default-executor-1] INFO  client.GrpcClientProtocolClient (GrpcClientProtocolClient.java:onNext(255)) - client-7EF960CB3D58->c9f1298e-d840-49d8-aac3-de81602aa1d5: receive RaftClientReply:client-7EF960CB3D58->c9f1298e-d840-49d8-aac3-de81602aa1d5@group-E9810A644481, cid=1885, SUCCESS, logIndex=2612, commits[c9f1298e-d840-49d8-aac3-de81602aa1d5:c2615]
2019-08-30 23:40:09,520 [grpc-default-executor-1] INFO  client.GrpcClientProtocolClient (GrpcClientProtocolClient.java:onNext(255)) - client-7EF960CB3D58->c9f1298e-d840-49d8-aac3-de81602aa1d5: receive RaftClientReply:client-7EF960CB3D58->c9f1298e-d840-49d8-aac3-de81602aa1d5@group-E9810A644481, cid=1886, SUCCESS, logIndex=2613, commits[c9f1298e-d840-49d8-aac3-de81602aa1d5:c2615]
2019-08-30 23:40:09,520 [grpc-default-executor-1] INFO  client.GrpcClientProtocolClient (GrpcClientProtocolClient.java:onNext(255)) - client-7EF960CB3D58->c9f1298e-d840-49d8-aac3-de81602aa1d5: receive RaftClientReply:client-7EF960CB3D58->c9f1298e-d840-49d8-aac3-de81602aa1d5@group-E9810A644481, cid=1887, SUCCESS, logIndex=2614, commits[c9f1298e-d840-49d8-aac3-de81602aa1d5:c2615]
2019-08-30 23:40:09,521 [grpc-default-executor-1] INFO  client.GrpcClientProtocolClient (GrpcClientProtocolClient.java:onNext(255)) - client-7EF960CB3D58->c9f1298e-d840-49d8-aac3-de81602aa1d5: receive RaftClientReply:client-7EF960CB3D58->c9f1298e-d840-49d8-aac3-de81602aa1d5@group-E9810A644481, cid=1888, SUCCESS, logIndex=2615, commits[c9f1298e-d840-49d8-aac3-de81602aa1d5:c2615]
2019-08-30 23:40:09,530 [SCMBlockDeletingService#1] DEBUG block.SCMBlockDeletingService (SCMBlockDeletingService.java:call(138)) - Running DeletedBlockTransactionScanner
2019-08-30 23:40:09,530 [SCMBlockDeletingService#1] DEBUG block.SCMBlockDeletingService (SCMBlockDeletingService.java:call(155)) - Scanned deleted blocks log and got 0 delTX to process.
2019-08-30 23:40:09,553 [grpc-default-executor-1] INFO  client.GrpcClientProtocolClient (GrpcClientProtocolClient.java:onNext(255)) - client-7EF960CB3D58->c9f1298e-d840-49d8-aac3-de81602aa1d5: receive RaftClientReply:client-7EF960CB3D58->c9f1298e-d840-49d8-aac3-de81602aa1d5@group-E9810A644481, cid=1889, SUCCESS, logIndex=2617, commits[c9f1298e-d840-49d8-aac3-de81602aa1d5:c2620]
2019-08-30 23:40:09,554 [grpc-default-executor-1] INFO  client.GrpcClientProtocolClient (GrpcClientProtocolClient.java:onNext(255)) - client-7EF960CB3D58->c9f1298e-d840-49d8-aac3-de81602aa1d5: receive RaftClientReply:client-7EF960CB3D58->c9f1298e-d840-49d8-aac3-de81602aa1d5@group-E9810A644481, cid=1890, SUCCESS, logIndex=2618, commits[c9f1298e-d840-49d8-aac3-de81602aa1d5:c2620]
2019-08-30 23:40:09,554 [grpc-default-executor-1] INFO  client.GrpcClientProtocolClient (GrpcClientProtocolClient.java:onNext(255)) - client-7EF960CB3D58->c9f1298e-d840-49d8-aac3-de81602aa1d5: receive RaftClientReply:client-7EF960CB3D58->c9f1298e-d840-49d8-aac3-de81602aa1d5@group-E9810A644481, cid=1891, SUCCESS, logIndex=2619, commits[c9f1298e-d840-49d8-aac3-de81602aa1d5:c2620]
2019-08-30 23:40:09,555 [grpc-default-executor-1] INFO  client.GrpcClientProtocolClient (GrpcClientProtocolClient.java:onNext(255)) - client-7EF960CB3D58->c9f1298e-d840-49d8-aac3-de81602aa1d5: receive RaftClientReply:client-7EF960CB3D58->c9f1298e-d840-49d8-aac3-de81602aa1d5@group-E9810A644481, cid=1892, SUCCESS, logIndex=2620, commits[c9f1298e-d840-49d8-aac3-de81602aa1d5:c2620]
2019-08-30 23:40:09,612 [grpc-default-executor-0] INFO  client.GrpcClientProtocolClient (GrpcClientProtocolClient.java:onNext(255)) - client-7EF960CB3D58->c9f1298e-d840-49d8-aac3-de81602aa1d5: receive RaftClientReply:client-7EF960CB3D58->c9f1298e-d840-49d8-aac3-de81602aa1d5@group-E9810A644481, cid=1893, SUCCESS, logIndex=2622, commits[c9f1298e-d840-49d8-aac3-de81602aa1d5:c2625]
2019-08-30 23:40:09,613 [grpc-default-executor-0] INFO  client.GrpcClientProtocolClient (GrpcClientProtocolClient.java:onNext(255)) - client-7EF960CB3D58->c9f1298e-d840-49d8-aac3-de81602aa1d5: receive RaftClientReply:client-7EF960CB3D58->c9f1298e-d840-49d8-aac3-de81602aa1d5@group-E9810A644481, cid=1894, SUCCESS, logIndex=2623, commits[c9f1298e-d840-49d8-aac3-de81602aa1d5:c2625]
2019-08-30 23:40:09,613 [grpc-default-executor-0] INFO  client.GrpcClientProtocolClient (GrpcClientProtocolClient.java:onNext(255)) - client-7EF960CB3D58->c9f1298e-d840-49d8-aac3-de81602aa1d5: receive RaftClientReply:client-7EF960CB3D58->c9f1298e-d840-49d8-aac3-de81602aa1d5@group-E9810A644481, cid=1895, SUCCESS, logIndex=2624, commits[c9f1298e-d840-49d8-aac3-de81602aa1d5:c2625]
2019-08-30 23:40:09,613 [grpc-default-executor-0] INFO  client.GrpcClientProtocolClient (GrpcClientProtocolClient.java:onNext(255)) - client-7EF960CB3D58->c9f1298e-d840-49d8-aac3-de81602aa1d5: receive RaftClientReply:client-7EF960CB3D58->c9f1298e-d840-49d8-aac3-de81602aa1d5@group-E9810A644481, cid=1896, SUCCESS, logIndex=2625, commits[c9f1298e-d840-49d8-aac3-de81602aa1d5:c2625]
2019-08-30 23:40:09,631 [SCMBlockDeletingService#1] DEBUG block.SCMBlockDeletingService (SCMBlockDeletingService.java:call(138)) - Running DeletedBlockTransactionScanner
2019-08-30 23:40:09,631 [SCMBlockDeletingService#1] DEBUG block.SCMBlockDeletingService (SCMBlockDeletingService.java:call(155)) - Scanned deleted blocks log and got 0 delTX to process.
2019-08-30 23:40:09,645 [grpc-default-executor-0] INFO  client.GrpcClientProtocolClient (GrpcClientProtocolClient.java:onNext(255)) - client-7EF960CB3D58->c9f1298e-d840-49d8-aac3-de81602aa1d5: receive RaftClientReply:client-7EF960CB3D58->c9f1298e-d840-49d8-aac3-de81602aa1d5@group-E9810A644481, cid=1897, SUCCESS, logIndex=2627, commits[c9f1298e-d840-49d8-aac3-de81602aa1d5:c2628]
2019-08-30 23:40:09,646 [grpc-default-executor-0] INFO  client.GrpcClientProtocolClient (GrpcClientProtocolClient.java:onNext(255)) - client-7EF960CB3D58->c9f1298e-d840-49d8-aac3-de81602aa1d5: receive RaftClientReply:client-7EF960CB3D58->c9f1298e-d840-49d8-aac3-de81602aa1d5@group-E9810A644481, cid=1898, SUCCESS, logIndex=2628, commits[c9f1298e-d840-49d8-aac3-de81602aa1d5:c2628]
2019-08-30 23:40:09,649 [grpc-default-executor-0] INFO  client.GrpcClientProtocolClient (GrpcClientProtocolClient.java:onNext(255)) - client-7EF960CB3D58->c9f1298e-d840-49d8-aac3-de81602aa1d5: receive RaftClientReply:client-7EF960CB3D58->c9f1298e-d840-49d8-aac3-de81602aa1d5@group-E9810A644481, cid=1899, SUCCESS, logIndex=2629, commits[c9f1298e-d840-49d8-aac3-de81602aa1d5:c2630]
2019-08-30 23:40:09,649 [grpc-default-executor-0] INFO  client.GrpcClientProtocolClient (GrpcClientProtocolClient.java:onNext(255)) - client-7EF960CB3D58->c9f1298e-d840-49d8-aac3-de81602aa1d5: receive RaftClientReply:client-7EF960CB3D58->c9f1298e-d840-49d8-aac3-de81602aa1d5@group-E9810A644481, cid=1900, SUCCESS, logIndex=2630, commits[c9f1298e-d840-49d8-aac3-de81602aa1d5:c2630]
2019-08-30 23:40:09,731 [SCMBlockDeletingService#1] DEBUG block.SCMBlockDeletingService (SCMBlockDeletingService.java:call(138)) - Running DeletedBlockTransactionScanner
2019-08-30 23:40:09,731 [SCMBlockDeletingService#1] DEBUG block.SCMBlockDeletingService (SCMBlockDeletingService.java:call(155)) - Scanned deleted blocks log and got 0 delTX to process.
2019-08-30 23:40:09,768 [grpc-default-executor-0] INFO  client.GrpcClientProtocolClient (GrpcClientProtocolClient.java:onNext(255)) - client-7EF960CB3D58->c9f1298e-d840-49d8-aac3-de81602aa1d5: receive RaftClientReply:client-7EF960CB3D58->c9f1298e-d840-49d8-aac3-de81602aa1d5@group-E9810A644481, cid=1901, SUCCESS, logIndex=2633, commits[c9f1298e-d840-49d8-aac3-de81602aa1d5:c2634]
2019-08-30 23:40:09,768 [grpc-default-executor-0] INFO  client.GrpcClientProtocolClient (GrpcClientProtocolClient.java:onNext(255)) - client-7EF960CB3D58->c9f1298e-d840-49d8-aac3-de81602aa1d5: receive RaftClientReply:client-7EF960CB3D58->c9f1298e-d840-49d8-aac3-de81602aa1d5@group-E9810A644481, cid=1902, SUCCESS, logIndex=2634, commits[c9f1298e-d840-49d8-aac3-de81602aa1d5:c2634]
2019-08-30 23:40:09,780 [grpc-default-executor-0] INFO  client.GrpcClientProtocolClient (GrpcClientProtocolClient.java:onNext(255)) - client-7EF960CB3D58->c9f1298e-d840-49d8-aac3-de81602aa1d5: receive RaftClientReply:client-7EF960CB3D58->c9f1298e-d840-49d8-aac3-de81602aa1d5@group-E9810A644481, cid=1903, SUCCESS, logIndex=2635, commits[c9f1298e-d840-49d8-aac3-de81602aa1d5:c2637]
2019-08-30 23:40:09,781 [grpc-default-executor-0] INFO  client.GrpcClientProtocolClient (GrpcClientProtocolClient.java:onNext(255)) - client-7EF960CB3D58->c9f1298e-d840-49d8-aac3-de81602aa1d5: receive RaftClientReply:client-7EF960CB3D58->c9f1298e-d840-49d8-aac3-de81602aa1d5@group-E9810A644481, cid=1904, SUCCESS, logIndex=2636, commits[c9f1298e-d840-49d8-aac3-de81602aa1d5:c2637]
2019-08-30 23:40:09,805 [grpc-default-executor-0] INFO  client.GrpcClientProtocolClient (GrpcClientProtocolClient.java:onNext(255)) - client-7EF960CB3D58->c9f1298e-d840-49d8-aac3-de81602aa1d5: receive RaftClientReply:client-7EF960CB3D58->c9f1298e-d840-49d8-aac3-de81602aa1d5@group-E9810A644481, cid=1905, SUCCESS, logIndex=2638, commits[c9f1298e-d840-49d8-aac3-de81602aa1d5:c2639]
2019-08-30 23:40:09,806 [grpc-default-executor-0] INFO  client.GrpcClientProtocolClient (GrpcClientProtocolClient.java:onNext(255)) - client-7EF960CB3D58->c9f1298e-d840-49d8-aac3-de81602aa1d5: receive RaftClientReply:client-7EF960CB3D58->c9f1298e-d840-49d8-aac3-de81602aa1d5@group-E9810A644481, cid=1906, SUCCESS, logIndex=2639, commits[c9f1298e-d840-49d8-aac3-de81602aa1d5:c2639]
2019-08-30 23:40:09,812 [grpc-default-executor-0] INFO  client.GrpcClientProtocolClient (GrpcClientProtocolClient.java:onNext(255)) - client-7EF960CB3D58->c9f1298e-d840-49d8-aac3-de81602aa1d5: receive RaftClientReply:client-7EF960CB3D58->c9f1298e-d840-49d8-aac3-de81602aa1d5@group-E9810A644481, cid=1907, SUCCESS, logIndex=2640, commits[c9f1298e-d840-49d8-aac3-de81602aa1d5:c2641]
2019-08-30 23:40:09,813 [grpc-default-executor-0] INFO  client.GrpcClientProtocolClient (GrpcClientProtocolClient.java:onNext(255)) - client-7EF960CB3D58->c9f1298e-d840-49d8-aac3-de81602aa1d5: receive RaftClientReply:client-7EF960CB3D58->c9f1298e-d840-49d8-aac3-de81602aa1d5@group-E9810A644481, cid=1908, SUCCESS, logIndex=2641, commits[c9f1298e-d840-49d8-aac3-de81602aa1d5:c2641]
2019-08-30 23:40:09,832 [SCMBlockDeletingService#1] DEBUG block.SCMBlockDeletingService (SCMBlockDeletingService.java:call(138)) - Running DeletedBlockTransactionScanner
2019-08-30 23:40:09,832 [SCMBlockDeletingService#1] DEBUG block.SCMBlockDeletingService (SCMBlockDeletingService.java:call(155)) - Scanned deleted blocks log and got 0 delTX to process.
2019-08-30 23:40:09,848 [grpc-default-executor-1] INFO  client.GrpcClientProtocolClient (GrpcClientProtocolClient.java:onNext(255)) - client-7EF960CB3D58->c9f1298e-d840-49d8-aac3-de81602aa1d5: receive RaftClientReply:client-7EF960CB3D58->c9f1298e-d840-49d8-aac3-de81602aa1d5@group-E9810A644481, cid=1909, SUCCESS, logIndex=2644, commits[c9f1298e-d840-49d8-aac3-de81602aa1d5:c2647]
2019-08-30 23:40:09,848 [grpc-default-executor-1] INFO  client.GrpcClientProtocolClient (GrpcClientProtocolClient.java:onNext(255)) - client-7EF960CB3D58->c9f1298e-d840-49d8-aac3-de81602aa1d5: receive RaftClientReply:client-7EF960CB3D58->c9f1298e-d840-49d8-aac3-de81602aa1d5@group-E9810A644481, cid=1910, SUCCESS, logIndex=2645, commits[c9f1298e-d840-49d8-aac3-de81602aa1d5:c2647]
2019-08-30 23:40:09,849 [grpc-default-executor-1] INFO  client.GrpcClientProtocolClient (GrpcClientProtocolClient.java:onNext(255)) - client-7EF960CB3D58->c9f1298e-d840-49d8-aac3-de81602aa1d5: receive RaftClientReply:client-7EF960CB3D58->c9f1298e-d840-49d8-aac3-de81602aa1d5@group-E9810A644481, cid=1911, SUCCESS, logIndex=2646, commits[c9f1298e-d840-49d8-aac3-de81602aa1d5:c2647]
2019-08-30 23:40:09,849 [grpc-default-executor-1] INFO  client.GrpcClientProtocolClient (GrpcClientProtocolClient.java:onNext(255)) - client-7EF960CB3D58->c9f1298e-d840-49d8-aac3-de81602aa1d5: receive RaftClientReply:client-7EF960CB3D58->c9f1298e-d840-49d8-aac3-de81602aa1d5@group-E9810A644481, cid=1912, SUCCESS, logIndex=2647, commits[c9f1298e-d840-49d8-aac3-de81602aa1d5:c2647]
2019-08-30 23:40:09,877 [grpc-default-executor-0] INFO  client.GrpcClientProtocolClient (GrpcClientProtocolClient.java:onNext(255)) - client-7EF960CB3D58->c9f1298e-d840-49d8-aac3-de81602aa1d5: receive RaftClientReply:client-7EF960CB3D58->c9f1298e-d840-49d8-aac3-de81602aa1d5@group-E9810A644481, cid=1913, SUCCESS, logIndex=2649, commits[c9f1298e-d840-49d8-aac3-de81602aa1d5:c2650]
2019-08-30 23:40:09,878 [grpc-default-executor-0] INFO  client.GrpcClientProtocolClient (GrpcClientProtocolClient.java:onNext(255)) - client-7EF960CB3D58->c9f1298e-d840-49d8-aac3-de81602aa1d5: receive RaftClientReply:client-7EF960CB3D58->c9f1298e-d840-49d8-aac3-de81602aa1d5@group-E9810A644481, cid=1914, SUCCESS, logIndex=2650, commits[c9f1298e-d840-49d8-aac3-de81602aa1d5:c2650]
2019-08-30 23:40:09,881 [grpc-default-executor-0] INFO  client.GrpcClientProtocolClient (GrpcClientProtocolClient.java:onNext(255)) - client-7EF960CB3D58->c9f1298e-d840-49d8-aac3-de81602aa1d5: receive RaftClientReply:client-7EF960CB3D58->c9f1298e-d840-49d8-aac3-de81602aa1d5@group-E9810A644481, cid=1915, SUCCESS, logIndex=2651, commits[c9f1298e-d840-49d8-aac3-de81602aa1d5:c2652]
2019-08-30 23:40:09,881 [grpc-default-executor-0] INFO  client.GrpcClientProtocolClient (GrpcClientProtocolClient.java:onNext(255)) - client-7EF960CB3D58->c9f1298e-d840-49d8-aac3-de81602aa1d5: receive RaftClientReply:client-7EF960CB3D58->c9f1298e-d840-49d8-aac3-de81602aa1d5@group-E9810A644481, cid=1916, SUCCESS, logIndex=2652, commits[c9f1298e-d840-49d8-aac3-de81602aa1d5:c2652]
2019-08-30 23:40:09,903 [grpc-default-executor-0] INFO  client.GrpcClientProtocolClient (GrpcClientProtocolClient.java:onNext(255)) - client-7EF960CB3D58->c9f1298e-d840-49d8-aac3-de81602aa1d5: receive RaftClientReply:client-7EF960CB3D58->c9f1298e-d840-49d8-aac3-de81602aa1d5@group-E9810A644481, cid=1917, SUCCESS, logIndex=2655, commits[c9f1298e-d840-49d8-aac3-de81602aa1d5:c2656]
2019-08-30 23:40:09,904 [grpc-default-executor-0] INFO  client.GrpcClientProtocolClient (GrpcClientProtocolClient.java:onNext(255)) - client-7EF960CB3D58->c9f1298e-d840-49d8-aac3-de81602aa1d5: receive RaftClientReply:client-7EF960CB3D58->c9f1298e-d840-49d8-aac3-de81602aa1d5@group-E9810A644481, cid=1918, SUCCESS, logIndex=2656, commits[c9f1298e-d840-49d8-aac3-de81602aa1d5:c2658]
2019-08-30 23:40:09,904 [grpc-default-executor-0] INFO  client.GrpcClientProtocolClient (GrpcClientProtocolClient.java:onNext(255)) - client-7EF960CB3D58->c9f1298e-d840-49d8-aac3-de81602aa1d5: receive RaftClientReply:client-7EF960CB3D58->c9f1298e-d840-49d8-aac3-de81602aa1d5@group-E9810A644481, cid=1919, SUCCESS, logIndex=2657, commits[c9f1298e-d840-49d8-aac3-de81602aa1d5:c2658]
2019-08-30 23:40:09,905 [grpc-default-executor-0] INFO  client.GrpcClientProtocolClient (GrpcClientProtocolClient.java:onNext(255)) - client-7EF960CB3D58->c9f1298e-d840-49d8-aac3-de81602aa1d5: receive RaftClientReply:client-7EF960CB3D58->c9f1298e-d840-49d8-aac3-de81602aa1d5@group-E9810A644481, cid=1920, SUCCESS, logIndex=2658, commits[c9f1298e-d840-49d8-aac3-de81602aa1d5:c2658]
2019-08-30 23:40:09,933 [SCMBlockDeletingService#1] DEBUG block.SCMBlockDeletingService (SCMBlockDeletingService.java:call(138)) - Running DeletedBlockTransactionScanner
2019-08-30 23:40:09,933 [SCMBlockDeletingService#1] DEBUG block.SCMBlockDeletingService (SCMBlockDeletingService.java:call(155)) - Scanned deleted blocks log and got 0 delTX to process.
2019-08-30 23:40:09,975 [grpc-default-executor-1] INFO  client.GrpcClientProtocolClient (GrpcClientProtocolClient.java:onNext(255)) - client-7EF960CB3D58->c9f1298e-d840-49d8-aac3-de81602aa1d5: receive RaftClientReply:client-7EF960CB3D58->c9f1298e-d840-49d8-aac3-de81602aa1d5@group-E9810A644481, cid=1921, SUCCESS, logIndex=2661, commits[c9f1298e-d840-49d8-aac3-de81602aa1d5:c2664]
2019-08-30 23:40:09,976 [grpc-default-executor-1] INFO  client.GrpcClientProtocolClient (GrpcClientProtocolClient.java:onNext(255)) - client-7EF960CB3D58->c9f1298e-d840-49d8-aac3-de81602aa1d5: receive RaftClientReply:client-7EF960CB3D58->c9f1298e-d840-49d8-aac3-de81602aa1d5@group-E9810A644481, cid=1922, SUCCESS, logIndex=2662, commits[c9f1298e-d840-49d8-aac3-de81602aa1d5:c2664]
2019-08-30 23:40:09,976 [grpc-default-executor-1] INFO  client.GrpcClientProtocolClient (GrpcClientProtocolClient.java:onNext(255)) - client-7EF960CB3D58->c9f1298e-d840-49d8-aac3-de81602aa1d5: receive RaftClientReply:client-7EF960CB3D58->c9f1298e-d840-49d8-aac3-de81602aa1d5@group-E9810A644481, cid=1923, SUCCESS, logIndex=2663, commits[c9f1298e-d840-49d8-aac3-de81602aa1d5:c2664]
2019-08-30 23:40:09,977 [grpc-default-executor-1] INFO  client.GrpcClientProtocolClient (GrpcClientProtocolClient.java:onNext(255)) - client-7EF960CB3D58->c9f1298e-d840-49d8-aac3-de81602aa1d5: receive RaftClientReply:client-7EF960CB3D58->c9f1298e-d840-49d8-aac3-de81602aa1d5@group-E9810A644481, cid=1924, SUCCESS, logIndex=2664, commits[c9f1298e-d840-49d8-aac3-de81602aa1d5:c2664]
2019-08-30 23:40:09,994 [grpc-default-executor-1] INFO  client.GrpcClientProtocolClient (GrpcClientProtocolClient.java:onNext(255)) - client-7EF960CB3D58->c9f1298e-d840-49d8-aac3-de81602aa1d5: receive RaftClientReply:client-7EF960CB3D58->c9f1298e-d840-49d8-aac3-de81602aa1d5@group-E9810A644481, cid=1925, SUCCESS, logIndex=2666, commits[c9f1298e-d840-49d8-aac3-de81602aa1d5:c2667]
2019-08-30 23:40:09,996 [grpc-default-executor-1] INFO  client.GrpcClientProtocolClient (GrpcClientProtocolClient.java:onNext(255)) - client-7EF960CB3D58->c9f1298e-d840-49d8-aac3-de81602aa1d5: receive RaftClientReply:client-7EF960CB3D58->c9f1298e-d840-49d8-aac3-de81602aa1d5@group-E9810A644481, cid=1926, SUCCESS, logIndex=2667, commits[c9f1298e-d840-49d8-aac3-de81602aa1d5:c2667]
2019-08-30 23:40:09,996 [grpc-default-executor-1] INFO  client.GrpcClientProtocolClient (GrpcClientProtocolClient.java:onNext(255)) - client-7EF960CB3D58->c9f1298e-d840-49d8-aac3-de81602aa1d5: receive RaftClientReply:client-7EF960CB3D58->c9f1298e-d840-49d8-aac3-de81602aa1d5@group-E9810A644481, cid=1927, SUCCESS, logIndex=2668, commits[c9f1298e-d840-49d8-aac3-de81602aa1d5:c2669]
2019-08-30 23:40:09,997 [grpc-default-executor-1] INFO  client.GrpcClientProtocolClient (GrpcClientProtocolClient.java:onNext(255)) - client-7EF960CB3D58->c9f1298e-d840-49d8-aac3-de81602aa1d5: receive RaftClientReply:client-7EF960CB3D58->c9f1298e-d840-49d8-aac3-de81602aa1d5@group-E9810A644481, cid=1928, SUCCESS, logIndex=2669, commits[c9f1298e-d840-49d8-aac3-de81602aa1d5:c2669]
2019-08-30 23:40:10,033 [SCMBlockDeletingService#1] DEBUG block.SCMBlockDeletingService (SCMBlockDeletingService.java:call(138)) - Running DeletedBlockTransactionScanner
2019-08-30 23:40:10,034 [SCMBlockDeletingService#1] DEBUG block.SCMBlockDeletingService (SCMBlockDeletingService.java:call(155)) - Scanned deleted blocks log and got 0 delTX to process.
2019-08-30 23:40:10,056 [grpc-default-executor-1] INFO  client.GrpcClientProtocolClient (GrpcClientProtocolClient.java:onNext(255)) - client-7EF960CB3D58->c9f1298e-d840-49d8-aac3-de81602aa1d5: receive RaftClientReply:client-7EF960CB3D58->c9f1298e-d840-49d8-aac3-de81602aa1d5@group-E9810A644481, cid=1929, SUCCESS, logIndex=2672, commits[c9f1298e-d840-49d8-aac3-de81602aa1d5:c2673]
2019-08-30 23:40:10,057 [grpc-default-executor-1] INFO  client.GrpcClientProtocolClient (GrpcClientProtocolClient.java:onNext(255)) - client-7EF960CB3D58->c9f1298e-d840-49d8-aac3-de81602aa1d5: receive RaftClientReply:client-7EF960CB3D58->c9f1298e-d840-49d8-aac3-de81602aa1d5@group-E9810A644481, cid=1930, SUCCESS, logIndex=2673, commits[c9f1298e-d840-49d8-aac3-de81602aa1d5:c2673]
2019-08-30 23:40:10,057 [grpc-default-executor-1] INFO  client.GrpcClientProtocolClient (GrpcClientProtocolClient.java:onNext(255)) - client-7EF960CB3D58->c9f1298e-d840-49d8-aac3-de81602aa1d5: receive RaftClientReply:client-7EF960CB3D58->c9f1298e-d840-49d8-aac3-de81602aa1d5@group-E9810A644481, cid=1931, SUCCESS, logIndex=2674, commits[c9f1298e-d840-49d8-aac3-de81602aa1d5:c2675]
2019-08-30 23:40:10,057 [grpc-default-executor-1] INFO  client.GrpcClientProtocolClient (GrpcClientProtocolClient.java:onNext(255)) - client-7EF960CB3D58->c9f1298e-d840-49d8-aac3-de81602aa1d5: receive RaftClientReply:client-7EF960CB3D58->c9f1298e-d840-49d8-aac3-de81602aa1d5@group-E9810A644481, cid=1932, SUCCESS, logIndex=2675, commits[c9f1298e-d840-49d8-aac3-de81602aa1d5:c2675]
2019-08-30 23:40:10,090 [grpc-default-executor-1] INFO  client.GrpcClientProtocolClient (GrpcClientProtocolClient.java:onNext(255)) - client-7EF960CB3D58->c9f1298e-d840-49d8-aac3-de81602aa1d5: receive RaftClientReply:client-7EF960CB3D58->c9f1298e-d840-49d8-aac3-de81602aa1d5@group-E9810A644481, cid=1933, SUCCESS, logIndex=2678, commits[c9f1298e-d840-49d8-aac3-de81602aa1d5:c2681]
2019-08-30 23:40:10,090 [grpc-default-executor-1] INFO  client.GrpcClientProtocolClient (GrpcClientProtocolClient.java:onNext(255)) - client-7EF960CB3D58->c9f1298e-d840-49d8-aac3-de81602aa1d5: receive RaftClientReply:client-7EF960CB3D58->c9f1298e-d840-49d8-aac3-de81602aa1d5@group-E9810A644481, cid=1934, SUCCESS, logIndex=2679, commits[c9f1298e-d840-49d8-aac3-de81602aa1d5:c2681]
2019-08-30 23:40:10,091 [grpc-default-executor-1] INFO  client.GrpcClientProtocolClient (GrpcClientProtocolClient.java:onNext(255)) - client-7EF960CB3D58->c9f1298e-d840-49d8-aac3-de81602aa1d5: receive RaftClientReply:client-7EF960CB3D58->c9f1298e-d840-49d8-aac3-de81602aa1d5@group-E9810A644481, cid=1935, SUCCESS, logIndex=2680, commits[c9f1298e-d840-49d8-aac3-de81602aa1d5:c2681]
2019-08-30 23:40:10,091 [grpc-default-executor-1] INFO  client.GrpcClientProtocolClient (GrpcClientProtocolClient.java:onNext(255)) - client-7EF960CB3D58->c9f1298e-d840-49d8-aac3-de81602aa1d5: receive RaftClientReply:client-7EF960CB3D58->c9f1298e-d840-49d8-aac3-de81602aa1d5@group-E9810A644481, cid=1936, SUCCESS, logIndex=2681, commits[c9f1298e-d840-49d8-aac3-de81602aa1d5:c2681]
2019-08-30 23:40:10,123 [grpc-default-executor-1] INFO  client.GrpcClientProtocolClient (GrpcClientProtocolClient.java:onNext(255)) - client-7EF960CB3D58->c9f1298e-d840-49d8-aac3-de81602aa1d5: receive RaftClientReply:client-7EF960CB3D58->c9f1298e-d840-49d8-aac3-de81602aa1d5@group-E9810A644481, cid=1937, SUCCESS, logIndex=2683, commits[c9f1298e-d840-49d8-aac3-de81602aa1d5:c2684]
2019-08-30 23:40:10,124 [grpc-default-executor-1] INFO  client.GrpcClientProtocolClient (GrpcClientProtocolClient.java:onNext(255)) - client-7EF960CB3D58->c9f1298e-d840-49d8-aac3-de81602aa1d5: receive RaftClientReply:client-7EF960CB3D58->c9f1298e-d840-49d8-aac3-de81602aa1d5@group-E9810A644481, cid=1938, SUCCESS, logIndex=2684, commits[c9f1298e-d840-49d8-aac3-de81602aa1d5:c2684]
2019-08-30 23:40:10,134 [SCMBlockDeletingService#1] DEBUG block.SCMBlockDeletingService (SCMBlockDeletingService.java:call(138)) - Running DeletedBlockTransactionScanner
2019-08-30 23:40:10,135 [SCMBlockDeletingService#1] DEBUG block.SCMBlockDeletingService (SCMBlockDeletingService.java:call(155)) - Scanned deleted blocks log and got 0 delTX to process.
2019-08-30 23:40:10,144 [grpc-default-executor-1] INFO  client.GrpcClientProtocolClient (GrpcClientProtocolClient.java:onNext(255)) - client-7EF960CB3D58->c9f1298e-d840-49d8-aac3-de81602aa1d5: receive RaftClientReply:client-7EF960CB3D58->c9f1298e-d840-49d8-aac3-de81602aa1d5@group-E9810A644481, cid=1939, SUCCESS, logIndex=2685, commits[c9f1298e-d840-49d8-aac3-de81602aa1d5:c2686]
2019-08-30 23:40:10,144 [grpc-default-executor-1] INFO  client.GrpcClientProtocolClient (GrpcClientProtocolClient.java:onNext(255)) - client-7EF960CB3D58->c9f1298e-d840-49d8-aac3-de81602aa1d5: receive RaftClientReply:client-7EF960CB3D58->c9f1298e-d840-49d8-aac3-de81602aa1d5@group-E9810A644481, cid=1940, SUCCESS, logIndex=2686, commits[c9f1298e-d840-49d8-aac3-de81602aa1d5:c2686]
2019-08-30 23:40:10,160 [grpc-default-executor-0] INFO  client.GrpcClientProtocolClient (GrpcClientProtocolClient.java:onNext(255)) - client-7EF960CB3D58->c9f1298e-d840-49d8-aac3-de81602aa1d5: receive RaftClientReply:client-7EF960CB3D58->c9f1298e-d840-49d8-aac3-de81602aa1d5@group-E9810A644481, cid=1941, SUCCESS, logIndex=2689, commits[c9f1298e-d840-49d8-aac3-de81602aa1d5:c2692]
2019-08-30 23:40:10,160 [grpc-default-executor-0] INFO  client.GrpcClientProtocolClient (GrpcClientProtocolClient.java:onNext(255)) - client-7EF960CB3D58->c9f1298e-d840-49d8-aac3-de81602aa1d5: receive RaftClientReply:client-7EF960CB3D58->c9f1298e-d840-49d8-aac3-de81602aa1d5@group-E9810A644481, cid=1942, SUCCESS, logIndex=2690, commits[c9f1298e-d840-49d8-aac3-de81602aa1d5:c2692]
2019-08-30 23:40:10,161 [grpc-default-executor-0] INFO  client.GrpcClientProtocolClient (GrpcClientProtocolClient.java:onNext(255)) - client-7EF960CB3D58->c9f1298e-d840-49d8-aac3-de81602aa1d5: receive RaftClientReply:client-7EF960CB3D58->c9f1298e-d840-49d8-aac3-de81602aa1d5@group-E9810A644481, cid=1943, SUCCESS, logIndex=2691, commits[c9f1298e-d840-49d8-aac3-de81602aa1d5:c2692]
2019-08-30 23:40:10,161 [grpc-default-executor-0] INFO  client.GrpcClientProtocolClient (GrpcClientProtocolClient.java:onNext(255)) - client-7EF960CB3D58->c9f1298e-d840-49d8-aac3-de81602aa1d5: receive RaftClientReply:client-7EF960CB3D58->c9f1298e-d840-49d8-aac3-de81602aa1d5@group-E9810A644481, cid=1944, SUCCESS, logIndex=2692, commits[c9f1298e-d840-49d8-aac3-de81602aa1d5:c2692]
2019-08-30 23:40:10,235 [SCMBlockDeletingService#1] DEBUG block.SCMBlockDeletingService (SCMBlockDeletingService.java:call(138)) - Running DeletedBlockTransactionScanner
2019-08-30 23:40:10,235 [SCMBlockDeletingService#1] DEBUG block.SCMBlockDeletingService (SCMBlockDeletingService.java:call(155)) - Scanned deleted blocks log and got 0 delTX to process.
2019-08-30 23:40:10,420 [SCMBlockDeletingService#1] DEBUG block.SCMBlockDeletingService (SCMBlockDeletingService.java:call(138)) - Running DeletedBlockTransactionScanner
2019-08-30 23:40:10,420 [SCMBlockDeletingService#1] DEBUG block.SCMBlockDeletingService (SCMBlockDeletingService.java:call(155)) - Scanned deleted blocks log and got 0 delTX to process.
2019-08-30 23:40:10,455 [grpc-default-executor-0] INFO  client.GrpcClientProtocolClient (GrpcClientProtocolClient.java:onNext(255)) - client-7EF960CB3D58->c9f1298e-d840-49d8-aac3-de81602aa1d5: receive RaftClientReply:client-7EF960CB3D58->c9f1298e-d840-49d8-aac3-de81602aa1d5@group-E9810A644481, cid=1945, SUCCESS, logIndex=2694, commits[c9f1298e-d840-49d8-aac3-de81602aa1d5:c2695]
2019-08-30 23:40:10,456 [grpc-default-executor-0] INFO  client.GrpcClientProtocolClient (GrpcClientProtocolClient.java:onNext(255)) - client-7EF960CB3D58->c9f1298e-d840-49d8-aac3-de81602aa1d5: receive RaftClientReply:client-7EF960CB3D58->c9f1298e-d840-49d8-aac3-de81602aa1d5@group-E9810A644481, cid=1946, SUCCESS, logIndex=2695, commits[c9f1298e-d840-49d8-aac3-de81602aa1d5:c2695]
2019-08-30 23:40:10,467 [grpc-default-executor-0] INFO  client.GrpcClientProtocolClient (GrpcClientProtocolClient.java:onNext(255)) - client-7EF960CB3D58->c9f1298e-d840-49d8-aac3-de81602aa1d5: receive RaftClientReply:client-7EF960CB3D58->c9f1298e-d840-49d8-aac3-de81602aa1d5@group-E9810A644481, cid=1947, SUCCESS, logIndex=2696, commits[c9f1298e-d840-49d8-aac3-de81602aa1d5:c2697]
2019-08-30 23:40:10,467 [grpc-default-executor-0] INFO  client.GrpcClientProtocolClient (GrpcClientProtocolClient.java:onNext(255)) - client-7EF960CB3D58->c9f1298e-d840-49d8-aac3-de81602aa1d5: receive RaftClientReply:client-7EF960CB3D58->c9f1298e-d840-49d8-aac3-de81602aa1d5@group-E9810A644481, cid=1948, SUCCESS, logIndex=2697, commits[c9f1298e-d840-49d8-aac3-de81602aa1d5:c2697]
2019-08-30 23:40:10,494 [grpc-default-executor-0] INFO  client.GrpcClientProtocolClient (GrpcClientProtocolClient.java:onNext(255)) - client-7EF960CB3D58->c9f1298e-d840-49d8-aac3-de81602aa1d5: receive RaftClientReply:client-7EF960CB3D58->c9f1298e-d840-49d8-aac3-de81602aa1d5@group-E9810A644481, cid=1949, SUCCESS, logIndex=2700, commits[c9f1298e-d840-49d8-aac3-de81602aa1d5:c2703]
2019-08-30 23:40:10,494 [grpc-default-executor-0] INFO  client.GrpcClientProtocolClient (GrpcClientProtocolClient.java:onNext(255)) - client-7EF960CB3D58->c9f1298e-d840-49d8-aac3-de81602aa1d5: receive RaftClientReply:client-7EF960CB3D58->c9f1298e-d840-49d8-aac3-de81602aa1d5@group-E9810A644481, cid=1950, SUCCESS, logIndex=2701, commits[c9f1298e-d840-49d8-aac3-de81602aa1d5:c2703]
2019-08-30 23:40:10,495 [grpc-default-executor-0] INFO  client.GrpcClientProtocolClient (GrpcClientProtocolClient.java:onNext(255)) - client-7EF960CB3D58->c9f1298e-d840-49d8-aac3-de81602aa1d5: receive RaftClientReply:client-7EF960CB3D58->c9f1298e-d840-49d8-aac3-de81602aa1d5@group-E9810A644481, cid=1951, SUCCESS, logIndex=2702, commits[c9f1298e-d840-49d8-aac3-de81602aa1d5:c2703]
2019-08-30 23:40:10,495 [grpc-default-executor-0] INFO  client.GrpcClientProtocolClient (GrpcClientProtocolClient.java:onNext(255)) - client-7EF960CB3D58->c9f1298e-d840-49d8-aac3-de81602aa1d5: receive RaftClientReply:client-7EF960CB3D58->c9f1298e-d840-49d8-aac3-de81602aa1d5@group-E9810A644481, cid=1952, SUCCESS, logIndex=2703, commits[c9f1298e-d840-49d8-aac3-de81602aa1d5:c2703]
2019-08-30 23:40:10,521 [SCMBlockDeletingService#1] DEBUG block.SCMBlockDeletingService (SCMBlockDeletingService.java:call(138)) - Running DeletedBlockTransactionScanner
2019-08-30 23:40:10,521 [SCMBlockDeletingService#1] DEBUG block.SCMBlockDeletingService (SCMBlockDeletingService.java:call(155)) - Scanned deleted blocks log and got 0 delTX to process.
2019-08-30 23:40:10,524 [grpc-default-executor-0] INFO  client.GrpcClientProtocolClient (GrpcClientProtocolClient.java:onNext(255)) - client-7EF960CB3D58->c9f1298e-d840-49d8-aac3-de81602aa1d5: receive RaftClientReply:client-7EF960CB3D58->c9f1298e-d840-49d8-aac3-de81602aa1d5@group-E9810A644481, cid=1953, SUCCESS, logIndex=2705, commits[c9f1298e-d840-49d8-aac3-de81602aa1d5:c2708]
2019-08-30 23:40:10,524 [grpc-default-executor-0] INFO  client.GrpcClientProtocolClient (GrpcClientProtocolClient.java:onNext(255)) - client-7EF960CB3D58->c9f1298e-d840-49d8-aac3-de81602aa1d5: receive RaftClientReply:client-7EF960CB3D58->c9f1298e-d840-49d8-aac3-de81602aa1d5@group-E9810A644481, cid=1954, SUCCESS, logIndex=2706, commits[c9f1298e-d840-49d8-aac3-de81602aa1d5:c2708]
2019-08-30 23:40:10,524 [grpc-default-executor-0] INFO  client.GrpcClientProtocolClient (GrpcClientProtocolClient.java:onNext(255)) - client-7EF960CB3D58->c9f1298e-d840-49d8-aac3-de81602aa1d5: receive RaftClientReply:client-7EF960CB3D58->c9f1298e-d840-49d8-aac3-de81602aa1d5@group-E9810A644481, cid=1955, SUCCESS, logIndex=2707, commits[c9f1298e-d840-49d8-aac3-de81602aa1d5:c2708]
2019-08-30 23:40:10,525 [grpc-default-executor-0] INFO  client.GrpcClientProtocolClient (GrpcClientProtocolClient.java:onNext(255)) - client-7EF960CB3D58->c9f1298e-d840-49d8-aac3-de81602aa1d5: receive RaftClientReply:client-7EF960CB3D58->c9f1298e-d840-49d8-aac3-de81602aa1d5@group-E9810A644481, cid=1956, SUCCESS, logIndex=2708, commits[c9f1298e-d840-49d8-aac3-de81602aa1d5:c2708]
2019-08-30 23:40:10,562 [grpc-default-executor-1] INFO  client.GrpcClientProtocolClient (GrpcClientProtocolClient.java:onNext(255)) - client-7EF960CB3D58->c9f1298e-d840-49d8-aac3-de81602aa1d5: receive RaftClientReply:client-7EF960CB3D58->c9f1298e-d840-49d8-aac3-de81602aa1d5@group-E9810A644481, cid=1957, SUCCESS, logIndex=2710, commits[c9f1298e-d840-49d8-aac3-de81602aa1d5:c2713]
2019-08-30 23:40:10,563 [grpc-default-executor-1] INFO  client.GrpcClientProtocolClient (GrpcClientProtocolClient.java:onNext(255)) - client-7EF960CB3D58->c9f1298e-d840-49d8-aac3-de81602aa1d5: receive RaftClientReply:client-7EF960CB3D58->c9f1298e-d840-49d8-aac3-de81602aa1d5@group-E9810A644481, cid=1958, SUCCESS, logIndex=2711, commits[c9f1298e-d840-49d8-aac3-de81602aa1d5:c2713]
2019-08-30 23:40:10,563 [grpc-default-executor-1] INFO  client.GrpcClientProtocolClient (GrpcClientProtocolClient.java:onNext(255)) - client-7EF960CB3D58->c9f1298e-d840-49d8-aac3-de81602aa1d5: receive RaftClientReply:client-7EF960CB3D58->c9f1298e-d840-49d8-aac3-de81602aa1d5@group-E9810A644481, cid=1959, SUCCESS, logIndex=2712, commits[c9f1298e-d840-49d8-aac3-de81602aa1d5:c2713]
2019-08-30 23:40:10,563 [grpc-default-executor-1] INFO  client.GrpcClientProtocolClient (GrpcClientProtocolClient.java:onNext(255)) - client-7EF960CB3D58->c9f1298e-d840-49d8-aac3-de81602aa1d5: receive RaftClientReply:client-7EF960CB3D58->c9f1298e-d840-49d8-aac3-de81602aa1d5@group-E9810A644481, cid=1960, SUCCESS, logIndex=2713, commits[c9f1298e-d840-49d8-aac3-de81602aa1d5:c2713]
2019-08-30 23:40:10,583 [grpc-default-executor-1] INFO  client.GrpcClientProtocolClient (GrpcClientProtocolClient.java:onNext(255)) - client-7EF960CB3D58->c9f1298e-d840-49d8-aac3-de81602aa1d5: receive RaftClientReply:client-7EF960CB3D58->c9f1298e-d840-49d8-aac3-de81602aa1d5@group-E9810A644481, cid=1961, SUCCESS, logIndex=2715, commits[c9f1298e-d840-49d8-aac3-de81602aa1d5:c2716]
2019-08-30 23:40:10,584 [grpc-default-executor-1] INFO  client.GrpcClientProtocolClient (GrpcClientProtocolClient.java:onNext(255)) - client-7EF960CB3D58->c9f1298e-d840-49d8-aac3-de81602aa1d5: receive RaftClientReply:client-7EF960CB3D58->c9f1298e-d840-49d8-aac3-de81602aa1d5@group-E9810A644481, cid=1962, SUCCESS, logIndex=2716, commits[c9f1298e-d840-49d8-aac3-de81602aa1d5:c2716]
2019-08-30 23:40:10,584 [grpc-default-executor-1] INFO  client.GrpcClientProtocolClient (GrpcClientProtocolClient.java:onNext(255)) - client-7EF960CB3D58->c9f1298e-d840-49d8-aac3-de81602aa1d5: receive RaftClientReply:client-7EF960CB3D58->c9f1298e-d840-49d8-aac3-de81602aa1d5@group-E9810A644481, cid=1963, SUCCESS, logIndex=2717, commits[c9f1298e-d840-49d8-aac3-de81602aa1d5:c2718]
2019-08-30 23:40:10,584 [grpc-default-executor-1] INFO  client.GrpcClientProtocolClient (GrpcClientProtocolClient.java:onNext(255)) - client-7EF960CB3D58->c9f1298e-d840-49d8-aac3-de81602aa1d5: receive RaftClientReply:client-7EF960CB3D58->c9f1298e-d840-49d8-aac3-de81602aa1d5@group-E9810A644481, cid=1964, SUCCESS, logIndex=2718, commits[c9f1298e-d840-49d8-aac3-de81602aa1d5:c2718]
2019-08-30 23:40:10,601 [grpc-default-executor-0] INFO  client.GrpcClientProtocolClient (GrpcClientProtocolClient.java:onNext(255)) - client-7EF960CB3D58->c9f1298e-d840-49d8-aac3-de81602aa1d5: receive RaftClientReply:client-7EF960CB3D58->c9f1298e-d840-49d8-aac3-de81602aa1d5@group-E9810A644481, cid=1965, SUCCESS, logIndex=2721, commits[c9f1298e-d840-49d8-aac3-de81602aa1d5:c2724]
2019-08-30 23:40:10,601 [grpc-default-executor-0] INFO  client.GrpcClientProtocolClient (GrpcClientProtocolClient.java:onNext(255)) - client-7EF960CB3D58->c9f1298e-d840-49d8-aac3-de81602aa1d5: receive RaftClientReply:client-7EF960CB3D58->c9f1298e-d840-49d8-aac3-de81602aa1d5@group-E9810A644481, cid=1966, SUCCESS, logIndex=2722, commits[c9f1298e-d840-49d8-aac3-de81602aa1d5:c2724]
2019-08-30 23:40:10,601 [grpc-default-executor-0] INFO  client.GrpcClientProtocolClient (GrpcClientProtocolClient.java:onNext(255)) - client-7EF960CB3D58->c9f1298e-d840-49d8-aac3-de81602aa1d5: receive RaftClientReply:client-7EF960CB3D58->c9f1298e-d840-49d8-aac3-de81602aa1d5@group-E9810A644481, cid=1967, SUCCESS, logIndex=2723, commits[c9f1298e-d840-49d8-aac3-de81602aa1d5:c2724]
2019-08-30 23:40:10,601 [grpc-default-executor-0] INFO  client.GrpcClientProtocolClient (GrpcClientProtocolClient.java:onNext(255)) - client-7EF960CB3D58->c9f1298e-d840-49d8-aac3-de81602aa1d5: receive RaftClientReply:client-7EF960CB3D58->c9f1298e-d840-49d8-aac3-de81602aa1d5@group-E9810A644481, cid=1968, SUCCESS, logIndex=2724, commits[c9f1298e-d840-49d8-aac3-de81602aa1d5:c2724]
2019-08-30 23:40:10,621 [SCMBlockDeletingService#1] DEBUG block.SCMBlockDeletingService (SCMBlockDeletingService.java:call(138)) - Running DeletedBlockTransactionScanner
2019-08-30 23:40:10,622 [SCMBlockDeletingService#1] DEBUG block.SCMBlockDeletingService (SCMBlockDeletingService.java:call(155)) - Scanned deleted blocks log and got 0 delTX to process.
2019-08-30 23:40:10,639 [grpc-default-executor-0] INFO  client.GrpcClientProtocolClient (GrpcClientProtocolClient.java:onNext(255)) - client-7EF960CB3D58->c9f1298e-d840-49d8-aac3-de81602aa1d5: receive RaftClientReply:client-7EF960CB3D58->c9f1298e-d840-49d8-aac3-de81602aa1d5@group-E9810A644481, cid=1969, SUCCESS, logIndex=2726, commits[c9f1298e-d840-49d8-aac3-de81602aa1d5:c2729]
2019-08-30 23:40:10,640 [grpc-default-executor-0] INFO  client.GrpcClientProtocolClient (GrpcClientProtocolClient.java:onNext(255)) - client-7EF960CB3D58->c9f1298e-d840-49d8-aac3-de81602aa1d5: receive RaftClientReply:client-7EF960CB3D58->c9f1298e-d840-49d8-aac3-de81602aa1d5@group-E9810A644481, cid=1970, SUCCESS, logIndex=2727, commits[c9f1298e-d840-49d8-aac3-de81602aa1d5:c2729]
2019-08-30 23:40:10,641 [grpc-default-executor-0] INFO  client.GrpcClientProtocolClient (GrpcClientProtocolClient.java:onNext(255)) - client-7EF960CB3D58->c9f1298e-d840-49d8-aac3-de81602aa1d5: receive RaftClientReply:client-7EF960CB3D58->c9f1298e-d840-49d8-aac3-de81602aa1d5@group-E9810A644481, cid=1971, SUCCESS, logIndex=2728, commits[c9f1298e-d840-49d8-aac3-de81602aa1d5:c2729]
2019-08-30 23:40:10,641 [grpc-default-executor-0] INFO  client.GrpcClientProtocolClient (GrpcClientProtocolClient.java:onNext(255)) - client-7EF960CB3D58->c9f1298e-d840-49d8-aac3-de81602aa1d5: receive RaftClientReply:client-7EF960CB3D58->c9f1298e-d840-49d8-aac3-de81602aa1d5@group-E9810A644481, cid=1972, SUCCESS, logIndex=2729, commits[c9f1298e-d840-49d8-aac3-de81602aa1d5:c2729]
2019-08-30 23:40:10,660 [grpc-default-executor-0] INFO  client.GrpcClientProtocolClient (GrpcClientProtocolClient.java:onNext(255)) - client-7EF960CB3D58->c9f1298e-d840-49d8-aac3-de81602aa1d5: receive RaftClientReply:client-7EF960CB3D58->c9f1298e-d840-49d8-aac3-de81602aa1d5@group-E9810A644481, cid=1973, SUCCESS, logIndex=2731, commits[c9f1298e-d840-49d8-aac3-de81602aa1d5:c2734]
2019-08-30 23:40:10,660 [grpc-default-executor-0] INFO  client.GrpcClientProtocolClient (GrpcClientProtocolClient.java:onNext(255)) - client-7EF960CB3D58->c9f1298e-d840-49d8-aac3-de81602aa1d5: receive RaftClientReply:client-7EF960CB3D58->c9f1298e-d840-49d8-aac3-de81602aa1d5@group-E9810A644481, cid=1974, SUCCESS, logIndex=2732, commits[c9f1298e-d840-49d8-aac3-de81602aa1d5:c2734]
2019-08-30 23:40:10,661 [grpc-default-executor-0] INFO  client.GrpcClientProtocolClient (GrpcClientProtocolClient.java:onNext(255)) - client-7EF960CB3D58->c9f1298e-d840-49d8-aac3-de81602aa1d5: receive RaftClientReply:client-7EF960CB3D58->c9f1298e-d840-49d8-aac3-de81602aa1d5@group-E9810A644481, cid=1975, SUCCESS, logIndex=2733, commits[c9f1298e-d840-49d8-aac3-de81602aa1d5:c2734]
2019-08-30 23:40:10,661 [grpc-default-executor-0] INFO  client.GrpcClientProtocolClient (GrpcClientProtocolClient.java:onNext(255)) - client-7EF960CB3D58->c9f1298e-d840-49d8-aac3-de81602aa1d5: receive RaftClientReply:client-7EF960CB3D58->c9f1298e-d840-49d8-aac3-de81602aa1d5@group-E9810A644481, cid=1976, SUCCESS, logIndex=2734, commits[c9f1298e-d840-49d8-aac3-de81602aa1d5:c2734]
2019-08-30 23:40:10,682 [grpc-default-executor-0] INFO  client.GrpcClientProtocolClient (GrpcClientProtocolClient.java:onNext(255)) - client-7EF960CB3D58->c9f1298e-d840-49d8-aac3-de81602aa1d5: receive RaftClientReply:client-7EF960CB3D58->c9f1298e-d840-49d8-aac3-de81602aa1d5@group-E9810A644481, cid=1977, SUCCESS, logIndex=2736, commits[c9f1298e-d840-49d8-aac3-de81602aa1d5:c2737]
2019-08-30 23:40:10,682 [grpc-default-executor-0] INFO  client.GrpcClientProtocolClient (GrpcClientProtocolClient.java:onNext(255)) - client-7EF960CB3D58->c9f1298e-d840-49d8-aac3-de81602aa1d5: receive RaftClientReply:client-7EF960CB3D58->c9f1298e-d840-49d8-aac3-de81602aa1d5@group-E9810A644481, cid=1978, SUCCESS, logIndex=2737, commits[c9f1298e-d840-49d8-aac3-de81602aa1d5:c2737]
2019-08-30 23:40:10,692 [grpc-default-executor-0] INFO  client.GrpcClientProtocolClient (GrpcClientProtocolClient.java:onNext(255)) - client-7EF960CB3D58->c9f1298e-d840-49d8-aac3-de81602aa1d5: receive RaftClientReply:client-7EF960CB3D58->c9f1298e-d840-49d8-aac3-de81602aa1d5@group-E9810A644481, cid=1979, SUCCESS, logIndex=2738, commits[c9f1298e-d840-49d8-aac3-de81602aa1d5:c2739]
2019-08-30 23:40:10,693 [grpc-default-executor-0] INFO  client.GrpcClientProtocolClient (GrpcClientProtocolClient.java:onNext(255)) - client-7EF960CB3D58->c9f1298e-d840-49d8-aac3-de81602aa1d5: receive RaftClientReply:client-7EF960CB3D58->c9f1298e-d840-49d8-aac3-de81602aa1d5@group-E9810A644481, cid=1980, SUCCESS, logIndex=2739, commits[c9f1298e-d840-49d8-aac3-de81602aa1d5:c2739]
2019-08-30 23:40:10,712 [grpc-default-executor-1] INFO  client.GrpcClientProtocolClient (GrpcClientProtocolClient.java:onNext(255)) - client-7EF960CB3D58->c9f1298e-d840-49d8-aac3-de81602aa1d5: receive RaftClientReply:client-7EF960CB3D58->c9f1298e-d840-49d8-aac3-de81602aa1d5@group-E9810A644481, cid=1981, SUCCESS, logIndex=2742, commits[c9f1298e-d840-49d8-aac3-de81602aa1d5:c2745]
2019-08-30 23:40:10,712 [grpc-default-executor-1] INFO  client.GrpcClientProtocolClient (GrpcClientProtocolClient.java:onNext(255)) - client-7EF960CB3D58->c9f1298e-d840-49d8-aac3-de81602aa1d5: receive RaftClientReply:client-7EF960CB3D58->c9f1298e-d840-49d8-aac3-de81602aa1d5@group-E9810A644481, cid=1982, SUCCESS, logIndex=2743, commits[c9f1298e-d840-49d8-aac3-de81602aa1d5:c2745]
2019-08-30 23:40:10,713 [grpc-default-executor-1] INFO  client.GrpcClientProtocolClient (GrpcClientProtocolClient.java:onNext(255)) - client-7EF960CB3D58->c9f1298e-d840-49d8-aac3-de81602aa1d5: receive RaftClientReply:client-7EF960CB3D58->c9f1298e-d840-49d8-aac3-de81602aa1d5@group-E9810A644481, cid=1983, SUCCESS, logIndex=2744, commits[c9f1298e-d840-49d8-aac3-de81602aa1d5:c2745]
2019-08-30 23:40:10,713 [grpc-default-executor-1] INFO  client.GrpcClientProtocolClient (GrpcClientProtocolClient.java:onNext(255)) - client-7EF960CB3D58->c9f1298e-d840-49d8-aac3-de81602aa1d5: receive RaftClientReply:client-7EF960CB3D58->c9f1298e-d840-49d8-aac3-de81602aa1d5@group-E9810A644481, cid=1984, SUCCESS, logIndex=2745, commits[c9f1298e-d840-49d8-aac3-de81602aa1d5:c2745]
2019-08-30 23:40:10,722 [SCMBlockDeletingService#1] DEBUG block.SCMBlockDeletingService (SCMBlockDeletingService.java:call(138)) - Running DeletedBlockTransactionScanner
2019-08-30 23:40:10,722 [SCMBlockDeletingService#1] DEBUG block.SCMBlockDeletingService (SCMBlockDeletingService.java:call(155)) - Scanned deleted blocks log and got 0 delTX to process.
2019-08-30 23:40:10,757 [grpc-default-executor-0] INFO  client.GrpcClientProtocolClient (GrpcClientProtocolClient.java:onNext(255)) - client-7EF960CB3D58->c9f1298e-d840-49d8-aac3-de81602aa1d5: receive RaftClientReply:client-7EF960CB3D58->c9f1298e-d840-49d8-aac3-de81602aa1d5@group-E9810A644481, cid=1985, SUCCESS, logIndex=2747, commits[c9f1298e-d840-49d8-aac3-de81602aa1d5:c2750]
2019-08-30 23:40:10,758 [grpc-default-executor-0] INFO  client.GrpcClientProtocolClient (GrpcClientProtocolClient.java:onNext(255)) - client-7EF960CB3D58->c9f1298e-d840-49d8-aac3-de81602aa1d5: receive RaftClientReply:client-7EF960CB3D58->c9f1298e-d840-49d8-aac3-de81602aa1d5@group-E9810A644481, cid=1986, SUCCESS, logIndex=2748, commits[c9f1298e-d840-49d8-aac3-de81602aa1d5:c2750]
2019-08-30 23:40:10,758 [grpc-default-executor-0] INFO  client.GrpcClientProtocolClient (GrpcClientProtocolClient.java:onNext(255)) - client-7EF960CB3D58->c9f1298e-d840-49d8-aac3-de81602aa1d5: receive RaftClientReply:client-7EF960CB3D58->c9f1298e-d840-49d8-aac3-de81602aa1d5@group-E9810A644481, cid=1987, SUCCESS, logIndex=2749, commits[c9f1298e-d840-49d8-aac3-de81602aa1d5:c2750]
2019-08-30 23:40:10,758 [grpc-default-executor-0] INFO  client.GrpcClientProtocolClient (GrpcClientProtocolClient.java:onNext(255)) - client-7EF960CB3D58->c9f1298e-d840-49d8-aac3-de81602aa1d5: receive RaftClientReply:client-7EF960CB3D58->c9f1298e-d840-49d8-aac3-de81602aa1d5@group-E9810A644481, cid=1988, SUCCESS, logIndex=2750, commits[c9f1298e-d840-49d8-aac3-de81602aa1d5:c2750]
2019-08-30 23:40:10,823 [SCMBlockDeletingService#1] DEBUG block.SCMBlockDeletingService (SCMBlockDeletingService.java:call(138)) - Running DeletedBlockTransactionScanner
2019-08-30 23:40:10,823 [SCMBlockDeletingService#1] DEBUG block.SCMBlockDeletingService (SCMBlockDeletingService.java:call(155)) - Scanned deleted blocks log and got 0 delTX to process.
2019-08-30 23:40:10,879 [grpc-default-executor-0] INFO  client.GrpcClientProtocolClient (GrpcClientProtocolClient.java:onNext(255)) - client-7EF960CB3D58->c9f1298e-d840-49d8-aac3-de81602aa1d5: receive RaftClientReply:client-7EF960CB3D58->c9f1298e-d840-49d8-aac3-de81602aa1d5@group-E9810A644481, cid=1989, SUCCESS, logIndex=2752, commits[c9f1298e-d840-49d8-aac3-de81602aa1d5:c2755]
2019-08-30 23:40:10,880 [grpc-default-executor-0] INFO  client.GrpcClientProtocolClient (GrpcClientProtocolClient.java:onNext(255)) - client-7EF960CB3D58->c9f1298e-d840-49d8-aac3-de81602aa1d5: receive RaftClientReply:client-7EF960CB3D58->c9f1298e-d840-49d8-aac3-de81602aa1d5@group-E9810A644481, cid=1990, SUCCESS, logIndex=2753, commits[c9f1298e-d840-49d8-aac3-de81602aa1d5:c2755]
2019-08-30 23:40:10,880 [grpc-default-executor-0] INFO  client.GrpcClientProtocolClient (GrpcClientProtocolClient.java:onNext(255)) - client-7EF960CB3D58->c9f1298e-d840-49d8-aac3-de81602aa1d5: receive RaftClientReply:client-7EF960CB3D58->c9f1298e-d840-49d8-aac3-de81602aa1d5@group-E9810A644481, cid=1991, SUCCESS, logIndex=2754, commits[c9f1298e-d840-49d8-aac3-de81602aa1d5:c2755]
2019-08-30 23:40:10,880 [grpc-default-executor-0] INFO  client.GrpcClientProtocolClient (GrpcClientProtocolClient.java:onNext(255)) - client-7EF960CB3D58->c9f1298e-d840-49d8-aac3-de81602aa1d5: receive RaftClientReply:client-7EF960CB3D58->c9f1298e-d840-49d8-aac3-de81602aa1d5@group-E9810A644481, cid=1992, SUCCESS, logIndex=2755, commits[c9f1298e-d840-49d8-aac3-de81602aa1d5:c2755]
2019-08-30 23:40:10,907 [grpc-default-executor-1] INFO  client.GrpcClientProtocolClient (GrpcClientProtocolClient.java:onNext(255)) - client-7EF960CB3D58->c9f1298e-d840-49d8-aac3-de81602aa1d5: receive RaftClientReply:client-7EF960CB3D58->c9f1298e-d840-49d8-aac3-de81602aa1d5@group-E9810A644481, cid=1993, SUCCESS, logIndex=2757, commits[c9f1298e-d840-49d8-aac3-de81602aa1d5:c2760]
2019-08-30 23:40:10,907 [grpc-default-executor-1] INFO  client.GrpcClientProtocolClient (GrpcClientProtocolClient.java:onNext(255)) - client-7EF960CB3D58->c9f1298e-d840-49d8-aac3-de81602aa1d5: receive RaftClientReply:client-7EF960CB3D58->c9f1298e-d840-49d8-aac3-de81602aa1d5@group-E9810A644481, cid=1994, SUCCESS, logIndex=2758, commits[c9f1298e-d840-49d8-aac3-de81602aa1d5:c2760]
2019-08-30 23:40:10,908 [grpc-default-executor-1] INFO  client.GrpcClientProtocolClient (GrpcClientProtocolClient.java:onNext(255)) - client-7EF960CB3D58->c9f1298e-d840-49d8-aac3-de81602aa1d5: receive RaftClientReply:client-7EF960CB3D58->c9f1298e-d840-49d8-aac3-de81602aa1d5@group-E9810A644481, cid=1995, SUCCESS, logIndex=2759, commits[c9f1298e-d840-49d8-aac3-de81602aa1d5:c2760]
2019-08-30 23:40:10,908 [grpc-default-executor-1] INFO  client.GrpcClientProtocolClient (GrpcClientProtocolClient.java:onNext(255)) - client-7EF960CB3D58->c9f1298e-d840-49d8-aac3-de81602aa1d5: receive RaftClientReply:client-7EF960CB3D58->c9f1298e-d840-49d8-aac3-de81602aa1d5@group-E9810A644481, cid=1996, SUCCESS, logIndex=2760, commits[c9f1298e-d840-49d8-aac3-de81602aa1d5:c2760]
2019-08-30 23:40:10,922 [grpc-default-executor-1] INFO  client.GrpcClientProtocolClient (GrpcClientProtocolClient.java:onNext(255)) - client-7EF960CB3D58->c9f1298e-d840-49d8-aac3-de81602aa1d5: receive RaftClientReply:client-7EF960CB3D58->c9f1298e-d840-49d8-aac3-de81602aa1d5@group-E9810A644481, cid=1997, SUCCESS, logIndex=2762, commits[c9f1298e-d840-49d8-aac3-de81602aa1d5:c2765]
2019-08-30 23:40:10,922 [grpc-default-executor-1] INFO  client.GrpcClientProtocolClient (GrpcClientProtocolClient.java:onNext(255)) - client-7EF960CB3D58->c9f1298e-d840-49d8-aac3-de81602aa1d5: receive RaftClientReply:client-7EF960CB3D58->c9f1298e-d840-49d8-aac3-de81602aa1d5@group-E9810A644481, cid=1998, SUCCESS, logIndex=2763, commits[c9f1298e-d840-49d8-aac3-de81602aa1d5:c2765]
2019-08-30 23:40:10,922 [grpc-default-executor-1] INFO  client.GrpcClientProtocolClient (GrpcClientProtocolClient.java:onNext(255)) - client-7EF960CB3D58->c9f1298e-d840-49d8-aac3-de81602aa1d5: receive RaftClientReply:client-7EF960CB3D58->c9f1298e-d840-49d8-aac3-de81602aa1d5@group-E9810A644481, cid=1999, SUCCESS, logIndex=2764, commits[c9f1298e-d840-49d8-aac3-de81602aa1d5:c2765]
2019-08-30 23:40:10,923 [grpc-default-executor-1] INFO  client.GrpcClientProtocolClient (GrpcClientProtocolClient.java:onNext(255)) - client-7EF960CB3D58->c9f1298e-d840-49d8-aac3-de81602aa1d5: receive RaftClientReply:client-7EF960CB3D58->c9f1298e-d840-49d8-aac3-de81602aa1d5@group-E9810A644481, cid=2000, SUCCESS, logIndex=2765, commits[c9f1298e-d840-49d8-aac3-de81602aa1d5:c2765]
2019-08-30 23:40:10,924 [SCMBlockDeletingService#1] DEBUG block.SCMBlockDeletingService (SCMBlockDeletingService.java:call(138)) - Running DeletedBlockTransactionScanner
2019-08-30 23:40:10,924 [SCMBlockDeletingService#1] DEBUG block.SCMBlockDeletingService (SCMBlockDeletingService.java:call(155)) - Scanned deleted blocks log and got 0 delTX to process.
2019-08-30 23:40:10,951 [grpc-default-executor-1] INFO  client.GrpcClientProtocolClient (GrpcClientProtocolClient.java:onNext(255)) - client-7EF960CB3D58->c9f1298e-d840-49d8-aac3-de81602aa1d5: receive RaftClientReply:client-7EF960CB3D58->c9f1298e-d840-49d8-aac3-de81602aa1d5@group-E9810A644481, cid=2001, SUCCESS, logIndex=2767, commits[c9f1298e-d840-49d8-aac3-de81602aa1d5:c2770]
2019-08-30 23:40:10,952 [grpc-default-executor-1] INFO  client.GrpcClientProtocolClient (GrpcClientProtocolClient.java:onNext(255)) - client-7EF960CB3D58->c9f1298e-d840-49d8-aac3-de81602aa1d5: receive RaftClientReply:client-7EF960CB3D58->c9f1298e-d840-49d8-aac3-de81602aa1d5@group-E9810A644481, cid=2002, SUCCESS, logIndex=2768, commits[c9f1298e-d840-49d8-aac3-de81602aa1d5:c2770]
2019-08-30 23:40:10,952 [grpc-default-executor-1] INFO  client.GrpcClientProtocolClient (GrpcClientProtocolClient.java:onNext(255)) - client-7EF960CB3D58->c9f1298e-d840-49d8-aac3-de81602aa1d5: receive RaftClientReply:client-7EF960CB3D58->c9f1298e-d840-49d8-aac3-de81602aa1d5@group-E9810A644481, cid=2003, SUCCESS, logIndex=2769, commits[c9f1298e-d840-49d8-aac3-de81602aa1d5:c2771]
2019-08-30 23:40:10,952 [grpc-default-executor-1] INFO  client.GrpcClientProtocolClient (GrpcClientProtocolClient.java:onNext(255)) - client-7EF960CB3D58->c9f1298e-d840-49d8-aac3-de81602aa1d5: receive RaftClientReply:client-7EF960CB3D58->c9f1298e-d840-49d8-aac3-de81602aa1d5@group-E9810A644481, cid=2004, SUCCESS, logIndex=2770, commits[c9f1298e-d840-49d8-aac3-de81602aa1d5:c2771]
2019-08-30 23:40:10,972 [grpc-default-executor-1] INFO  client.GrpcClientProtocolClient (GrpcClientProtocolClient.java:onNext(255)) - client-7EF960CB3D58->c9f1298e-d840-49d8-aac3-de81602aa1d5: receive RaftClientReply:client-7EF960CB3D58->c9f1298e-d840-49d8-aac3-de81602aa1d5@group-E9810A644481, cid=2005, SUCCESS, logIndex=2772, commits[c9f1298e-d840-49d8-aac3-de81602aa1d5:c2775]
2019-08-30 23:40:10,972 [grpc-default-executor-1] INFO  client.GrpcClientProtocolClient (GrpcClientProtocolClient.java:onNext(255)) - client-7EF960CB3D58->c9f1298e-d840-49d8-aac3-de81602aa1d5: receive RaftClientReply:client-7EF960CB3D58->c9f1298e-d840-49d8-aac3-de81602aa1d5@group-E9810A644481, cid=2006, SUCCESS, logIndex=2773, commits[c9f1298e-d840-49d8-aac3-de81602aa1d5:c2775]
2019-08-30 23:40:10,973 [grpc-default-executor-1] INFO  client.GrpcClientProtocolClient (GrpcClientProtocolClient.java:onNext(255)) - client-7EF960CB3D58->c9f1298e-d840-49d8-aac3-de81602aa1d5: receive RaftClientReply:client-7EF960CB3D58->c9f1298e-d840-49d8-aac3-de81602aa1d5@group-E9810A644481, cid=2007, SUCCESS, logIndex=2774, commits[c9f1298e-d840-49d8-aac3-de81602aa1d5:c2776]
2019-08-30 23:40:10,973 [grpc-default-executor-1] INFO  client.GrpcClientProtocolClient (GrpcClientProtocolClient.java:onNext(255)) - client-7EF960CB3D58->c9f1298e-d840-49d8-aac3-de81602aa1d5: receive RaftClientReply:client-7EF960CB3D58->c9f1298e-d840-49d8-aac3-de81602aa1d5@group-E9810A644481, cid=2008, SUCCESS, logIndex=2775, commits[c9f1298e-d840-49d8-aac3-de81602aa1d5:c2776]
2019-08-30 23:40:10,995 [grpc-default-executor-0] INFO  client.GrpcClientProtocolClient (GrpcClientProtocolClient.java:onNext(255)) - client-7EF960CB3D58->c9f1298e-d840-49d8-aac3-de81602aa1d5: receive RaftClientReply:client-7EF960CB3D58->c9f1298e-d840-49d8-aac3-de81602aa1d5@group-E9810A644481, cid=2009, SUCCESS, logIndex=2777, commits[c9f1298e-d840-49d8-aac3-de81602aa1d5:c2780]
2019-08-30 23:40:10,995 [grpc-default-executor-0] INFO  client.GrpcClientProtocolClient (GrpcClientProtocolClient.java:onNext(255)) - client-7EF960CB3D58->c9f1298e-d840-49d8-aac3-de81602aa1d5: receive RaftClientReply:client-7EF960CB3D58->c9f1298e-d840-49d8-aac3-de81602aa1d5@group-E9810A644481, cid=2010, SUCCESS, logIndex=2778, commits[c9f1298e-d840-49d8-aac3-de81602aa1d5:c2780]
2019-08-30 23:40:10,996 [grpc-default-executor-0] INFO  client.GrpcClientProtocolClient (GrpcClientProtocolClient.java:onNext(255)) - client-7EF960CB3D58->c9f1298e-d840-49d8-aac3-de81602aa1d5: receive RaftClientReply:client-7EF960CB3D58->c9f1298e-d840-49d8-aac3-de81602aa1d5@group-E9810A644481, cid=2011, SUCCESS, logIndex=2779, commits[c9f1298e-d840-49d8-aac3-de81602aa1d5:c2780]
2019-08-30 23:40:10,996 [grpc-default-executor-0] INFO  client.GrpcClientProtocolClient (GrpcClientProtocolClient.java:onNext(255)) - client-7EF960CB3D58->c9f1298e-d840-49d8-aac3-de81602aa1d5: receive RaftClientReply:client-7EF960CB3D58->c9f1298e-d840-49d8-aac3-de81602aa1d5@group-E9810A644481, cid=2012, SUCCESS, logIndex=2780, commits[c9f1298e-d840-49d8-aac3-de81602aa1d5:c2780]
2019-08-30 23:40:11,018 [grpc-default-executor-1] INFO  client.GrpcClientProtocolClient (GrpcClientProtocolClient.java:onNext(255)) - client-7EF960CB3D58->c9f1298e-d840-49d8-aac3-de81602aa1d5: receive RaftClientReply:client-7EF960CB3D58->c9f1298e-d840-49d8-aac3-de81602aa1d5@group-E9810A644481, cid=2013, SUCCESS, logIndex=2782, commits[c9f1298e-d840-49d8-aac3-de81602aa1d5:c2785]
2019-08-30 23:40:11,018 [grpc-default-executor-1] INFO  client.GrpcClientProtocolClient (GrpcClientProtocolClient.java:onNext(255)) - client-7EF960CB3D58->c9f1298e-d840-49d8-aac3-de81602aa1d5: receive RaftClientReply:client-7EF960CB3D58->c9f1298e-d840-49d8-aac3-de81602aa1d5@group-E9810A644481, cid=2014, SUCCESS, logIndex=2783, commits[c9f1298e-d840-49d8-aac3-de81602aa1d5:c2785]
2019-08-30 23:40:11,018 [grpc-default-executor-1] INFO  client.GrpcClientProtocolClient (GrpcClientProtocolClient.java:onNext(255)) - client-7EF960CB3D58->c9f1298e-d840-49d8-aac3-de81602aa1d5: receive RaftClientReply:client-7EF960CB3D58->c9f1298e-d840-49d8-aac3-de81602aa1d5@group-E9810A644481, cid=2015, SUCCESS, logIndex=2784, commits[c9f1298e-d840-49d8-aac3-de81602aa1d5:c2785]
2019-08-30 23:40:11,019 [grpc-default-executor-1] INFO  client.GrpcClientProtocolClient (GrpcClientProtocolClient.java:onNext(255)) - client-7EF960CB3D58->c9f1298e-d840-49d8-aac3-de81602aa1d5: receive RaftClientReply:client-7EF960CB3D58->c9f1298e-d840-49d8-aac3-de81602aa1d5@group-E9810A644481, cid=2016, SUCCESS, logIndex=2785, commits[c9f1298e-d840-49d8-aac3-de81602aa1d5:c2785]
2019-08-30 23:40:11,024 [SCMBlockDeletingService#1] DEBUG block.SCMBlockDeletingService (SCMBlockDeletingService.java:call(138)) - Running DeletedBlockTransactionScanner
2019-08-30 23:40:11,025 [SCMBlockDeletingService#1] DEBUG block.SCMBlockDeletingService (SCMBlockDeletingService.java:call(155)) - Scanned deleted blocks log and got 0 delTX to process.
2019-08-30 23:40:11,071 [grpc-default-executor-1] INFO  client.GrpcClientProtocolClient (GrpcClientProtocolClient.java:onNext(255)) - client-7EF960CB3D58->c9f1298e-d840-49d8-aac3-de81602aa1d5: receive RaftClientReply:client-7EF960CB3D58->c9f1298e-d840-49d8-aac3-de81602aa1d5@group-E9810A644481, cid=2017, SUCCESS, logIndex=2787, commits[c9f1298e-d840-49d8-aac3-de81602aa1d5:c2790]
2019-08-30 23:40:11,072 [grpc-default-executor-1] INFO  client.GrpcClientProtocolClient (GrpcClientProtocolClient.java:onNext(255)) - client-7EF960CB3D58->c9f1298e-d840-49d8-aac3-de81602aa1d5: receive RaftClientReply:client-7EF960CB3D58->c9f1298e-d840-49d8-aac3-de81602aa1d5@group-E9810A644481, cid=2018, SUCCESS, logIndex=2788, commits[c9f1298e-d840-49d8-aac3-de81602aa1d5:c2790]
2019-08-30 23:40:11,072 [grpc-default-executor-1] INFO  client.GrpcClientProtocolClient (GrpcClientProtocolClient.java:onNext(255)) - client-7EF960CB3D58->c9f1298e-d840-49d8-aac3-de81602aa1d5: receive RaftClientReply:client-7EF960CB3D58->c9f1298e-d840-49d8-aac3-de81602aa1d5@group-E9810A644481, cid=2019, SUCCESS, logIndex=2789, commits[c9f1298e-d840-49d8-aac3-de81602aa1d5:c2790]
2019-08-30 23:40:11,072 [grpc-default-executor-1] INFO  client.GrpcClientProtocolClient (GrpcClientProtocolClient.java:onNext(255)) - client-7EF960CB3D58->c9f1298e-d840-49d8-aac3-de81602aa1d5: receive RaftClientReply:client-7EF960CB3D58->c9f1298e-d840-49d8-aac3-de81602aa1d5@group-E9810A644481, cid=2020, SUCCESS, logIndex=2790, commits[c9f1298e-d840-49d8-aac3-de81602aa1d5:c2790]
2019-08-30 23:40:11,104 [grpc-default-executor-1] INFO  client.GrpcClientProtocolClient (GrpcClientProtocolClient.java:onNext(255)) - client-7EF960CB3D58->c9f1298e-d840-49d8-aac3-de81602aa1d5: receive RaftClientReply:client-7EF960CB3D58->c9f1298e-d840-49d8-aac3-de81602aa1d5@group-E9810A644481, cid=2021, SUCCESS, logIndex=2792, commits[c9f1298e-d840-49d8-aac3-de81602aa1d5:c2795]
2019-08-30 23:40:11,105 [grpc-default-executor-1] INFO  client.GrpcClientProtocolClient (GrpcClientProtocolClient.java:onNext(255)) - client-7EF960CB3D58->c9f1298e-d840-49d8-aac3-de81602aa1d5: receive RaftClientReply:client-7EF960CB3D58->c9f1298e-d840-49d8-aac3-de81602aa1d5@group-E9810A644481, cid=2022, SUCCESS, logIndex=2793, commits[c9f1298e-d840-49d8-aac3-de81602aa1d5:c2795]
2019-08-30 23:40:11,105 [grpc-default-executor-1] INFO  client.GrpcClientProtocolClient (GrpcClientProtocolClient.java:onNext(255)) - client-7EF960CB3D58->c9f1298e-d840-49d8-aac3-de81602aa1d5: receive RaftClientReply:client-7EF960CB3D58->c9f1298e-d840-49d8-aac3-de81602aa1d5@group-E9810A644481, cid=2023, SUCCESS, logIndex=2794, commits[c9f1298e-d840-49d8-aac3-de81602aa1d5:c2795]
2019-08-30 23:40:11,105 [grpc-default-executor-1] INFO  client.GrpcClientProtocolClient (GrpcClientProtocolClient.java:onNext(255)) - client-7EF960CB3D58->c9f1298e-d840-49d8-aac3-de81602aa1d5: receive RaftClientReply:client-7EF960CB3D58->c9f1298e-d840-49d8-aac3-de81602aa1d5@group-E9810A644481, cid=2024, SUCCESS, logIndex=2795, commits[c9f1298e-d840-49d8-aac3-de81602aa1d5:c2795]
2019-08-30 23:40:11,125 [SCMBlockDeletingService#1] DEBUG block.SCMBlockDeletingService (SCMBlockDeletingService.java:call(138)) - Running DeletedBlockTransactionScanner
2019-08-30 23:40:11,125 [SCMBlockDeletingService#1] DEBUG block.SCMBlockDeletingService (SCMBlockDeletingService.java:call(155)) - Scanned deleted blocks log and got 0 delTX to process.
2019-08-30 23:40:11,135 [grpc-default-executor-0] INFO  client.GrpcClientProtocolClient (GrpcClientProtocolClient.java:onNext(255)) - client-7EF960CB3D58->c9f1298e-d840-49d8-aac3-de81602aa1d5: receive RaftClientReply:client-7EF960CB3D58->c9f1298e-d840-49d8-aac3-de81602aa1d5@group-E9810A644481, cid=2025, SUCCESS, logIndex=2797, commits[c9f1298e-d840-49d8-aac3-de81602aa1d5:c2800]
2019-08-30 23:40:11,136 [grpc-default-executor-0] INFO  client.GrpcClientProtocolClient (GrpcClientProtocolClient.java:onNext(255)) - client-7EF960CB3D58->c9f1298e-d840-49d8-aac3-de81602aa1d5: receive RaftClientReply:client-7EF960CB3D58->c9f1298e-d840-49d8-aac3-de81602aa1d5@group-E9810A644481, cid=2026, SUCCESS, logIndex=2798, commits[c9f1298e-d840-49d8-aac3-de81602aa1d5:c2800]
2019-08-30 23:40:11,136 [grpc-default-executor-0] INFO  client.GrpcClientProtocolClient (GrpcClientProtocolClient.java:onNext(255)) - client-7EF960CB3D58->c9f1298e-d840-49d8-aac3-de81602aa1d5: receive RaftClientReply:client-7EF960CB3D58->c9f1298e-d840-49d8-aac3-de81602aa1d5@group-E9810A644481, cid=2027, SUCCESS, logIndex=2799, commits[c9f1298e-d840-49d8-aac3-de81602aa1d5:c2800]
2019-08-30 23:40:11,137 [grpc-default-executor-0] INFO  client.GrpcClientProtocolClient (GrpcClientProtocolClient.java:onNext(255)) - client-7EF960CB3D58->c9f1298e-d840-49d8-aac3-de81602aa1d5: receive RaftClientReply:client-7EF960CB3D58->c9f1298e-d840-49d8-aac3-de81602aa1d5@group-E9810A644481, cid=2028, SUCCESS, logIndex=2800, commits[c9f1298e-d840-49d8-aac3-de81602aa1d5:c2800]
2019-08-30 23:40:11,152 [grpc-default-executor-1] INFO  client.GrpcClientProtocolClient (GrpcClientProtocolClient.java:onNext(255)) - client-7EF960CB3D58->c9f1298e-d840-49d8-aac3-de81602aa1d5: receive RaftClientReply:client-7EF960CB3D58->c9f1298e-d840-49d8-aac3-de81602aa1d5@group-E9810A644481, cid=2029, SUCCESS, logIndex=2802, commits[c9f1298e-d840-49d8-aac3-de81602aa1d5:c2805]
2019-08-30 23:40:11,152 [grpc-default-executor-1] INFO  client.GrpcClientProtocolClient (GrpcClientProtocolClient.java:onNext(255)) - client-7EF960CB3D58->c9f1298e-d840-49d8-aac3-de81602aa1d5: receive RaftClientReply:client-7EF960CB3D58->c9f1298e-d840-49d8-aac3-de81602aa1d5@group-E9810A644481, cid=2030, SUCCESS, logIndex=2803, commits[c9f1298e-d840-49d8-aac3-de81602aa1d5:c2805]
2019-08-30 23:40:11,153 [grpc-default-executor-1] INFO  client.GrpcClientProtocolClient (GrpcClientProtocolClient.java:onNext(255)) - client-7EF960CB3D58->c9f1298e-d840-49d8-aac3-de81602aa1d5: receive RaftClientReply:client-7EF960CB3D58->c9f1298e-d840-49d8-aac3-de81602aa1d5@group-E9810A644481, cid=2031, SUCCESS, logIndex=2804, commits[c9f1298e-d840-49d8-aac3-de81602aa1d5:c2805]
2019-08-30 23:40:11,153 [grpc-default-executor-1] INFO  client.GrpcClientProtocolClient (GrpcClientProtocolClient.java:onNext(255)) - client-7EF960CB3D58->c9f1298e-d840-49d8-aac3-de81602aa1d5: receive RaftClientReply:client-7EF960CB3D58->c9f1298e-d840-49d8-aac3-de81602aa1d5@group-E9810A644481, cid=2032, SUCCESS, logIndex=2805, commits[c9f1298e-d840-49d8-aac3-de81602aa1d5:c2805]
2019-08-30 23:40:11,226 [SCMBlockDeletingService#1] DEBUG block.SCMBlockDeletingService (SCMBlockDeletingService.java:call(138)) - Running DeletedBlockTransactionScanner
2019-08-30 23:40:11,227 [SCMBlockDeletingService#1] DEBUG block.SCMBlockDeletingService (SCMBlockDeletingService.java:call(155)) - Scanned deleted blocks log and got 0 delTX to process.
2019-08-30 23:40:11,383 [SCMBlockDeletingService#1] DEBUG block.SCMBlockDeletingService (SCMBlockDeletingService.java:call(138)) - Running DeletedBlockTransactionScanner
2019-08-30 23:40:11,383 [SCMBlockDeletingService#1] DEBUG block.SCMBlockDeletingService (SCMBlockDeletingService.java:call(155)) - Scanned deleted blocks log and got 0 delTX to process.
2019-08-30 23:40:11,413 [grpc-default-executor-1] INFO  client.GrpcClientProtocolClient (GrpcClientProtocolClient.java:onNext(255)) - client-7EF960CB3D58->c9f1298e-d840-49d8-aac3-de81602aa1d5: receive RaftClientReply:client-7EF960CB3D58->c9f1298e-d840-49d8-aac3-de81602aa1d5@group-E9810A644481, cid=2033, SUCCESS, logIndex=2807, commits[c9f1298e-d840-49d8-aac3-de81602aa1d5:c2810]
2019-08-30 23:40:11,414 [grpc-default-executor-1] INFO  client.GrpcClientProtocolClient (GrpcClientProtocolClient.java:onNext(255)) - client-7EF960CB3D58->c9f1298e-d840-49d8-aac3-de81602aa1d5: receive RaftClientReply:client-7EF960CB3D58->c9f1298e-d840-49d8-aac3-de81602aa1d5@group-E9810A644481, cid=2034, SUCCESS, logIndex=2808, commits[c9f1298e-d840-49d8-aac3-de81602aa1d5:c2810]
2019-08-30 23:40:11,414 [grpc-default-executor-1] INFO  client.GrpcClientProtocolClient (GrpcClientProtocolClient.java:onNext(255)) - client-7EF960CB3D58->c9f1298e-d840-49d8-aac3-de81602aa1d5: receive RaftClientReply:client-7EF960CB3D58->c9f1298e-d840-49d8-aac3-de81602aa1d5@group-E9810A644481, cid=2035, SUCCESS, logIndex=2809, commits[c9f1298e-d840-49d8-aac3-de81602aa1d5:c2810]
2019-08-30 23:40:11,414 [grpc-default-executor-1] INFO  client.GrpcClientProtocolClient (GrpcClientProtocolClient.java:onNext(255)) - client-7EF960CB3D58->c9f1298e-d840-49d8-aac3-de81602aa1d5: receive RaftClientReply:client-7EF960CB3D58->c9f1298e-d840-49d8-aac3-de81602aa1d5@group-E9810A644481, cid=2036, SUCCESS, logIndex=2810, commits[c9f1298e-d840-49d8-aac3-de81602aa1d5:c2810]
2019-08-30 23:40:11,429 [grpc-default-executor-0] INFO  client.GrpcClientProtocolClient (GrpcClientProtocolClient.java:onNext(255)) - client-7EF960CB3D58->c9f1298e-d840-49d8-aac3-de81602aa1d5: receive RaftClientReply:client-7EF960CB3D58->c9f1298e-d840-49d8-aac3-de81602aa1d5@group-E9810A644481, cid=2037, SUCCESS, logIndex=2812, commits[c9f1298e-d840-49d8-aac3-de81602aa1d5:c2815]
2019-08-30 23:40:11,430 [grpc-default-executor-0] INFO  client.GrpcClientProtocolClient (GrpcClientProtocolClient.java:onNext(255)) - client-7EF960CB3D58->c9f1298e-d840-49d8-aac3-de81602aa1d5: receive RaftClientReply:client-7EF960CB3D58->c9f1298e-d840-49d8-aac3-de81602aa1d5@group-E9810A644481, cid=2038, SUCCESS, logIndex=2813, commits[c9f1298e-d840-49d8-aac3-de81602aa1d5:c2815]
2019-08-30 23:40:11,430 [grpc-default-executor-0] INFO  client.GrpcClientProtocolClient (GrpcClientProtocolClient.java:onNext(255)) - client-7EF960CB3D58->c9f1298e-d840-49d8-aac3-de81602aa1d5: receive RaftClientReply:client-7EF960CB3D58->c9f1298e-d840-49d8-aac3-de81602aa1d5@group-E9810A644481, cid=2039, SUCCESS, logIndex=2814, commits[c9f1298e-d840-49d8-aac3-de81602aa1d5:c2815]
2019-08-30 23:40:11,430 [grpc-default-executor-0] INFO  client.GrpcClientProtocolClient (GrpcClientProtocolClient.java:onNext(255)) - client-7EF960CB3D58->c9f1298e-d840-49d8-aac3-de81602aa1d5: receive RaftClientReply:client-7EF960CB3D58->c9f1298e-d840-49d8-aac3-de81602aa1d5@group-E9810A644481, cid=2040, SUCCESS, logIndex=2815, commits[c9f1298e-d840-49d8-aac3-de81602aa1d5:c2815]
2019-08-30 23:40:11,459 [grpc-default-executor-1] INFO  client.GrpcClientProtocolClient (GrpcClientProtocolClient.java:onNext(255)) - client-7EF960CB3D58->c9f1298e-d840-49d8-aac3-de81602aa1d5: receive RaftClientReply:client-7EF960CB3D58->c9f1298e-d840-49d8-aac3-de81602aa1d5@group-E9810A644481, cid=2041, SUCCESS, logIndex=2817, commits[c9f1298e-d840-49d8-aac3-de81602aa1d5:c2818]
2019-08-30 23:40:11,460 [grpc-default-executor-1] INFO  client.GrpcClientProtocolClient (GrpcClientProtocolClient.java:onNext(255)) - client-7EF960CB3D58->c9f1298e-d840-49d8-aac3-de81602aa1d5: receive RaftClientReply:client-7EF960CB3D58->c9f1298e-d840-49d8-aac3-de81602aa1d5@group-E9810A644481, cid=2042, SUCCESS, logIndex=2818, commits[c9f1298e-d840-49d8-aac3-de81602aa1d5:c2818]
2019-08-30 23:40:11,464 [grpc-default-executor-1] INFO  client.GrpcClientProtocolClient (GrpcClientProtocolClient.java:onNext(255)) - client-7EF960CB3D58->c9f1298e-d840-49d8-aac3-de81602aa1d5: receive RaftClientReply:client-7EF960CB3D58->c9f1298e-d840-49d8-aac3-de81602aa1d5@group-E9810A644481, cid=2043, SUCCESS, logIndex=2819, commits[c9f1298e-d840-49d8-aac3-de81602aa1d5:c2820]
2019-08-30 23:40:11,465 [grpc-default-executor-1] INFO  client.GrpcClientProtocolClient (GrpcClientProtocolClient.java:onNext(255)) - client-7EF960CB3D58->c9f1298e-d840-49d8-aac3-de81602aa1d5: receive RaftClientReply:client-7EF960CB3D58->c9f1298e-d840-49d8-aac3-de81602aa1d5@group-E9810A644481, cid=2044, SUCCESS, logIndex=2820, commits[c9f1298e-d840-49d8-aac3-de81602aa1d5:c2820]
2019-08-30 23:40:11,481 [grpc-default-executor-1] INFO  client.GrpcClientProtocolClient (GrpcClientProtocolClient.java:onNext(255)) - client-7EF960CB3D58->c9f1298e-d840-49d8-aac3-de81602aa1d5: receive RaftClientReply:client-7EF960CB3D58->c9f1298e-d840-49d8-aac3-de81602aa1d5@group-E9810A644481, cid=2045, SUCCESS, logIndex=2823, commits[c9f1298e-d840-49d8-aac3-de81602aa1d5:c2824]
2019-08-30 23:40:11,482 [grpc-default-executor-1] INFO  client.GrpcClientProtocolClient (GrpcClientProtocolClient.java:onNext(255)) - client-7EF960CB3D58->c9f1298e-d840-49d8-aac3-de81602aa1d5: receive RaftClientReply:client-7EF960CB3D58->c9f1298e-d840-49d8-aac3-de81602aa1d5@group-E9810A644481, cid=2046, SUCCESS, logIndex=2824, commits[c9f1298e-d840-49d8-aac3-de81602aa1d5:c2824]
2019-08-30 23:40:11,483 [SCMBlockDeletingService#1] DEBUG block.SCMBlockDeletingService (SCMBlockDeletingService.java:call(138)) - Running DeletedBlockTransactionScanner
2019-08-30 23:40:11,483 [SCMBlockDeletingService#1] DEBUG block.SCMBlockDeletingService (SCMBlockDeletingService.java:call(155)) - Scanned deleted blocks log and got 0 delTX to process.
2019-08-30 23:40:11,493 [grpc-default-executor-1] INFO  client.GrpcClientProtocolClient (GrpcClientProtocolClient.java:onNext(255)) - client-7EF960CB3D58->c9f1298e-d840-49d8-aac3-de81602aa1d5: receive RaftClientReply:client-7EF960CB3D58->c9f1298e-d840-49d8-aac3-de81602aa1d5@group-E9810A644481, cid=2047, SUCCESS, logIndex=2825, commits[c9f1298e-d840-49d8-aac3-de81602aa1d5:c2826]
2019-08-30 23:40:11,493 [grpc-default-executor-1] INFO  client.GrpcClientProtocolClient (GrpcClientProtocolClient.java:onNext(255)) - client-7EF960CB3D58->c9f1298e-d840-49d8-aac3-de81602aa1d5: receive RaftClientReply:client-7EF960CB3D58->c9f1298e-d840-49d8-aac3-de81602aa1d5@group-E9810A644481, cid=2048, SUCCESS, logIndex=2826, commits[c9f1298e-d840-49d8-aac3-de81602aa1d5:c2826]
2019-08-30 23:40:11,517 [grpc-default-executor-1] INFO  client.GrpcClientProtocolClient (GrpcClientProtocolClient.java:onNext(255)) - client-7EF960CB3D58->c9f1298e-d840-49d8-aac3-de81602aa1d5: receive RaftClientReply:client-7EF960CB3D58->c9f1298e-d840-49d8-aac3-de81602aa1d5@group-E9810A644481, cid=2049, SUCCESS, logIndex=2829, commits[c9f1298e-d840-49d8-aac3-de81602aa1d5:c2830]
2019-08-30 23:40:11,517 [grpc-default-executor-1] INFO  client.GrpcClientProtocolClient (GrpcClientProtocolClient.java:onNext(255)) - client-7EF960CB3D58->c9f1298e-d840-49d8-aac3-de81602aa1d5: receive RaftClientReply:client-7EF960CB3D58->c9f1298e-d840-49d8-aac3-de81602aa1d5@group-E9810A644481, cid=2050, SUCCESS, logIndex=2830, commits[c9f1298e-d840-49d8-aac3-de81602aa1d5:c2830]
2019-08-30 23:40:11,527 [grpc-default-executor-1] INFO  client.GrpcClientProtocolClient (GrpcClientProtocolClient.java:onNext(255)) - client-7EF960CB3D58->c9f1298e-d840-49d8-aac3-de81602aa1d5: receive RaftClientReply:client-7EF960CB3D58->c9f1298e-d840-49d8-aac3-de81602aa1d5@group-E9810A644481, cid=2051, SUCCESS, logIndex=2831, commits[c9f1298e-d840-49d8-aac3-de81602aa1d5:c2832]
2019-08-30 23:40:11,527 [grpc-default-executor-1] INFO  client.GrpcClientProtocolClient (GrpcClientProtocolClient.java:onNext(255)) - client-7EF960CB3D58->c9f1298e-d840-49d8-aac3-de81602aa1d5: receive RaftClientReply:client-7EF960CB3D58->c9f1298e-d840-49d8-aac3-de81602aa1d5@group-E9810A644481, cid=2052, SUCCESS, logIndex=2832, commits[c9f1298e-d840-49d8-aac3-de81602aa1d5:c2832]
2019-08-30 23:40:11,548 [grpc-default-executor-1] INFO  client.GrpcClientProtocolClient (GrpcClientProtocolClient.java:onNext(255)) - client-7EF960CB3D58->c9f1298e-d840-49d8-aac3-de81602aa1d5: receive RaftClientReply:client-7EF960CB3D58->c9f1298e-d840-49d8-aac3-de81602aa1d5@group-E9810A644481, cid=2053, SUCCESS, logIndex=2835, commits[c9f1298e-d840-49d8-aac3-de81602aa1d5:c2836]
2019-08-30 23:40:11,548 [grpc-default-executor-1] INFO  client.GrpcClientProtocolClient (GrpcClientProtocolClient.java:onNext(255)) - client-7EF960CB3D58->c9f1298e-d840-49d8-aac3-de81602aa1d5: receive RaftClientReply:client-7EF960CB3D58->c9f1298e-d840-49d8-aac3-de81602aa1d5@group-E9810A644481, cid=2054, SUCCESS, logIndex=2836, commits[c9f1298e-d840-49d8-aac3-de81602aa1d5:c2836]
2019-08-30 23:40:11,560 [grpc-default-executor-1] INFO  client.GrpcClientProtocolClient (GrpcClientProtocolClient.java:onNext(255)) - client-7EF960CB3D58->c9f1298e-d840-49d8-aac3-de81602aa1d5: receive RaftClientReply:client-7EF960CB3D58->c9f1298e-d840-49d8-aac3-de81602aa1d5@group-E9810A644481, cid=2055, SUCCESS, logIndex=2837, commits[c9f1298e-d840-49d8-aac3-de81602aa1d5:c2838]
2019-08-30 23:40:11,560 [grpc-default-executor-1] INFO  client.GrpcClientProtocolClient (GrpcClientProtocolClient.java:onNext(255)) - client-7EF960CB3D58->c9f1298e-d840-49d8-aac3-de81602aa1d5: receive RaftClientReply:client-7EF960CB3D58->c9f1298e-d840-49d8-aac3-de81602aa1d5@group-E9810A644481, cid=2056, SUCCESS, logIndex=2838, commits[c9f1298e-d840-49d8-aac3-de81602aa1d5:c2838]
2019-08-30 23:40:11,584 [SCMBlockDeletingService#1] DEBUG block.SCMBlockDeletingService (SCMBlockDeletingService.java:call(138)) - Running DeletedBlockTransactionScanner
2019-08-30 23:40:11,584 [SCMBlockDeletingService#1] DEBUG block.SCMBlockDeletingService (SCMBlockDeletingService.java:call(155)) - Scanned deleted blocks log and got 0 delTX to process.
2019-08-30 23:40:11,590 [grpc-default-executor-0] INFO  client.GrpcClientProtocolClient (GrpcClientProtocolClient.java:onNext(255)) - client-7EF960CB3D58->c9f1298e-d840-49d8-aac3-de81602aa1d5: receive RaftClientReply:client-7EF960CB3D58->c9f1298e-d840-49d8-aac3-de81602aa1d5@group-E9810A644481, cid=2057, SUCCESS, logIndex=2841, commits[c9f1298e-d840-49d8-aac3-de81602aa1d5:c2844]
2019-08-30 23:40:11,591 [grpc-default-executor-0] INFO  client.GrpcClientProtocolClient (GrpcClientProtocolClient.java:onNext(255)) - client-7EF960CB3D58->c9f1298e-d840-49d8-aac3-de81602aa1d5: receive RaftClientReply:client-7EF960CB3D58->c9f1298e-d840-49d8-aac3-de81602aa1d5@group-E9810A644481, cid=2058, SUCCESS, logIndex=2842, commits[c9f1298e-d840-49d8-aac3-de81602aa1d5:c2844]
2019-08-30 23:40:11,591 [grpc-default-executor-0] INFO  client.GrpcClientProtocolClient (GrpcClientProtocolClient.java:onNext(255)) - client-7EF960CB3D58->c9f1298e-d840-49d8-aac3-de81602aa1d5: receive RaftClientReply:client-7EF960CB3D58->c9f1298e-d840-49d8-aac3-de81602aa1d5@group-E9810A644481, cid=2059, SUCCESS, logIndex=2843, commits[c9f1298e-d840-49d8-aac3-de81602aa1d5:c2844]
2019-08-30 23:40:11,591 [grpc-default-executor-0] INFO  client.GrpcClientProtocolClient (GrpcClientProtocolClient.java:onNext(255)) - client-7EF960CB3D58->c9f1298e-d840-49d8-aac3-de81602aa1d5: receive RaftClientReply:client-7EF960CB3D58->c9f1298e-d840-49d8-aac3-de81602aa1d5@group-E9810A644481, cid=2060, SUCCESS, logIndex=2844, commits[c9f1298e-d840-49d8-aac3-de81602aa1d5:c2844]
2019-08-30 23:40:11,605 [grpc-default-executor-1] INFO  client.GrpcClientProtocolClient (GrpcClientProtocolClient.java:onNext(255)) - client-7EF960CB3D58->c9f1298e-d840-49d8-aac3-de81602aa1d5: receive RaftClientReply:client-7EF960CB3D58->c9f1298e-d840-49d8-aac3-de81602aa1d5@group-E9810A644481, cid=2061, SUCCESS, logIndex=2846, commits[c9f1298e-d840-49d8-aac3-de81602aa1d5:c2849]
2019-08-30 23:40:11,606 [grpc-default-executor-1] INFO  client.GrpcClientProtocolClient (GrpcClientProtocolClient.java:onNext(255)) - client-7EF960CB3D58->c9f1298e-d840-49d8-aac3-de81602aa1d5: receive RaftClientReply:client-7EF960CB3D58->c9f1298e-d840-49d8-aac3-de81602aa1d5@group-E9810A644481, cid=2062, SUCCESS, logIndex=2847, commits[c9f1298e-d840-49d8-aac3-de81602aa1d5:c2849]
2019-08-30 23:40:11,606 [grpc-default-executor-1] INFO  client.GrpcClientProtocolClient (GrpcClientProtocolClient.java:onNext(255)) - client-7EF960CB3D58->c9f1298e-d840-49d8-aac3-de81602aa1d5: receive RaftClientReply:client-7EF960CB3D58->c9f1298e-d840-49d8-aac3-de81602aa1d5@group-E9810A644481, cid=2063, SUCCESS, logIndex=2848, commits[c9f1298e-d840-49d8-aac3-de81602aa1d5:c2849]
2019-08-30 23:40:11,606 [grpc-default-executor-1] INFO  client.GrpcClientProtocolClient (GrpcClientProtocolClient.java:onNext(255)) - client-7EF960CB3D58->c9f1298e-d840-49d8-aac3-de81602aa1d5: receive RaftClientReply:client-7EF960CB3D58->c9f1298e-d840-49d8-aac3-de81602aa1d5@group-E9810A644481, cid=2064, SUCCESS, logIndex=2849, commits[c9f1298e-d840-49d8-aac3-de81602aa1d5:c2849]
2019-08-30 23:40:11,626 [grpc-default-executor-1] INFO  client.GrpcClientProtocolClient (GrpcClientProtocolClient.java:onNext(255)) - client-7EF960CB3D58->c9f1298e-d840-49d8-aac3-de81602aa1d5: receive RaftClientReply:client-7EF960CB3D58->c9f1298e-d840-49d8-aac3-de81602aa1d5@group-E9810A644481, cid=2065, SUCCESS, logIndex=2851, commits[c9f1298e-d840-49d8-aac3-de81602aa1d5:c2852]
2019-08-30 23:40:11,627 [grpc-default-executor-1] INFO  client.GrpcClientProtocolClient (GrpcClientProtocolClient.java:onNext(255)) - client-7EF960CB3D58->c9f1298e-d840-49d8-aac3-de81602aa1d5: receive RaftClientReply:client-7EF960CB3D58->c9f1298e-d840-49d8-aac3-de81602aa1d5@group-E9810A644481, cid=2066, SUCCESS, logIndex=2852, commits[c9f1298e-d840-49d8-aac3-de81602aa1d5:c2852]
2019-08-30 23:40:11,631 [grpc-default-executor-1] INFO  client.GrpcClientProtocolClient (GrpcClientProtocolClient.java:onNext(255)) - client-7EF960CB3D58->c9f1298e-d840-49d8-aac3-de81602aa1d5: receive RaftClientReply:client-7EF960CB3D58->c9f1298e-d840-49d8-aac3-de81602aa1d5@group-E9810A644481, cid=2067, SUCCESS, logIndex=2853, commits[c9f1298e-d840-49d8-aac3-de81602aa1d5:c2854]
2019-08-30 23:40:11,631 [grpc-default-executor-1] INFO  client.GrpcClientProtocolClient (GrpcClientProtocolClient.java:onNext(255)) - client-7EF960CB3D58->c9f1298e-d840-49d8-aac3-de81602aa1d5: receive RaftClientReply:client-7EF960CB3D58->c9f1298e-d840-49d8-aac3-de81602aa1d5@group-E9810A644481, cid=2068, SUCCESS, logIndex=2854, commits[c9f1298e-d840-49d8-aac3-de81602aa1d5:c2854]
2019-08-30 23:40:11,645 [grpc-default-executor-1] INFO  client.GrpcClientProtocolClient (GrpcClientProtocolClient.java:onNext(255)) - client-7EF960CB3D58->c9f1298e-d840-49d8-aac3-de81602aa1d5: receive RaftClientReply:client-7EF960CB3D58->c9f1298e-d840-49d8-aac3-de81602aa1d5@group-E9810A644481, cid=2069, SUCCESS, logIndex=2857, commits[c9f1298e-d840-49d8-aac3-de81602aa1d5:c2860]
2019-08-30 23:40:11,646 [grpc-default-executor-1] INFO  client.GrpcClientProtocolClient (GrpcClientProtocolClient.java:onNext(255)) - client-7EF960CB3D58->c9f1298e-d840-49d8-aac3-de81602aa1d5: receive RaftClientReply:client-7EF960CB3D58->c9f1298e-d840-49d8-aac3-de81602aa1d5@group-E9810A644481, cid=2070, SUCCESS, logIndex=2858, commits[c9f1298e-d840-49d8-aac3-de81602aa1d5:c2860]
2019-08-30 23:40:11,646 [grpc-default-executor-1] INFO  client.GrpcClientProtocolClient (GrpcClientProtocolClient.java:onNext(255)) - client-7EF960CB3D58->c9f1298e-d840-49d8-aac3-de81602aa1d5: receive RaftClientReply:client-7EF960CB3D58->c9f1298e-d840-49d8-aac3-de81602aa1d5@group-E9810A644481, cid=2071, SUCCESS, logIndex=2859, commits[c9f1298e-d840-49d8-aac3-de81602aa1d5:c2860]
2019-08-30 23:40:11,647 [grpc-default-executor-1] INFO  client.GrpcClientProtocolClient (GrpcClientProtocolClient.java:onNext(255)) - client-7EF960CB3D58->c9f1298e-d840-49d8-aac3-de81602aa1d5: receive RaftClientReply:client-7EF960CB3D58->c9f1298e-d840-49d8-aac3-de81602aa1d5@group-E9810A644481, cid=2072, SUCCESS, logIndex=2860, commits[c9f1298e-d840-49d8-aac3-de81602aa1d5:c2860]
2019-08-30 23:40:11,684 [SCMBlockDeletingService#1] DEBUG block.SCMBlockDeletingService (SCMBlockDeletingService.java:call(138)) - Running DeletedBlockTransactionScanner
2019-08-30 23:40:11,685 [SCMBlockDeletingService#1] DEBUG block.SCMBlockDeletingService (SCMBlockDeletingService.java:call(155)) - Scanned deleted blocks log and got 0 delTX to process.
2019-08-30 23:40:11,691 [grpc-default-executor-1] INFO  client.GrpcClientProtocolClient (GrpcClientProtocolClient.java:onNext(255)) - client-7EF960CB3D58->c9f1298e-d840-49d8-aac3-de81602aa1d5: receive RaftClientReply:client-7EF960CB3D58->c9f1298e-d840-49d8-aac3-de81602aa1d5@group-E9810A644481, cid=2073, SUCCESS, logIndex=2862, commits[c9f1298e-d840-49d8-aac3-de81602aa1d5:c2865]
2019-08-30 23:40:11,691 [grpc-default-executor-1] INFO  client.GrpcClientProtocolClient (GrpcClientProtocolClient.java:onNext(255)) - client-7EF960CB3D58->c9f1298e-d840-49d8-aac3-de81602aa1d5: receive RaftClientReply:client-7EF960CB3D58->c9f1298e-d840-49d8-aac3-de81602aa1d5@group-E9810A644481, cid=2074, SUCCESS, logIndex=2863, commits[c9f1298e-d840-49d8-aac3-de81602aa1d5:c2865]
2019-08-30 23:40:11,692 [grpc-default-executor-1] INFO  client.GrpcClientProtocolClient (GrpcClientProtocolClient.java:onNext(255)) - client-7EF960CB3D58->c9f1298e-d840-49d8-aac3-de81602aa1d5: receive RaftClientReply:client-7EF960CB3D58->c9f1298e-d840-49d8-aac3-de81602aa1d5@group-E9810A644481, cid=2075, SUCCESS, logIndex=2864, commits[c9f1298e-d840-49d8-aac3-de81602aa1d5:c2865]
2019-08-30 23:40:11,692 [grpc-default-executor-1] INFO  client.GrpcClientProtocolClient (GrpcClientProtocolClient.java:onNext(255)) - client-7EF960CB3D58->c9f1298e-d840-49d8-aac3-de81602aa1d5: receive RaftClientReply:client-7EF960CB3D58->c9f1298e-d840-49d8-aac3-de81602aa1d5@group-E9810A644481, cid=2076, SUCCESS, logIndex=2865, commits[c9f1298e-d840-49d8-aac3-de81602aa1d5:c2865]
2019-08-30 23:40:11,785 [SCMBlockDeletingService#1] DEBUG block.SCMBlockDeletingService (SCMBlockDeletingService.java:call(138)) - Running DeletedBlockTransactionScanner
2019-08-30 23:40:11,786 [SCMBlockDeletingService#1] DEBUG block.SCMBlockDeletingService (SCMBlockDeletingService.java:call(155)) - Scanned deleted blocks log and got 0 delTX to process.
2019-08-30 23:40:11,820 [grpc-default-executor-0] INFO  client.GrpcClientProtocolClient (GrpcClientProtocolClient.java:onNext(255)) - client-7EF960CB3D58->c9f1298e-d840-49d8-aac3-de81602aa1d5: receive RaftClientReply:client-7EF960CB3D58->c9f1298e-d840-49d8-aac3-de81602aa1d5@group-E9810A644481, cid=2077, SUCCESS, logIndex=2867, commits[c9f1298e-d840-49d8-aac3-de81602aa1d5:c2870]
2019-08-30 23:40:11,820 [grpc-default-executor-0] INFO  client.GrpcClientProtocolClient (GrpcClientProtocolClient.java:onNext(255)) - client-7EF960CB3D58->c9f1298e-d840-49d8-aac3-de81602aa1d5: receive RaftClientReply:client-7EF960CB3D58->c9f1298e-d840-49d8-aac3-de81602aa1d5@group-E9810A644481, cid=2078, SUCCESS, logIndex=2868, commits[c9f1298e-d840-49d8-aac3-de81602aa1d5:c2870]
2019-08-30 23:40:11,820 [grpc-default-executor-0] INFO  client.GrpcClientProtocolClient (GrpcClientProtocolClient.java:onNext(255)) - client-7EF960CB3D58->c9f1298e-d840-49d8-aac3-de81602aa1d5: receive RaftClientReply:client-7EF960CB3D58->c9f1298e-d840-49d8-aac3-de81602aa1d5@group-E9810A644481, cid=2079, SUCCESS, logIndex=2869, commits[c9f1298e-d840-49d8-aac3-de81602aa1d5:c2870]
2019-08-30 23:40:11,821 [grpc-default-executor-0] INFO  client.GrpcClientProtocolClient (GrpcClientProtocolClient.java:onNext(255)) - client-7EF960CB3D58->c9f1298e-d840-49d8-aac3-de81602aa1d5: receive RaftClientReply:client-7EF960CB3D58->c9f1298e-d840-49d8-aac3-de81602aa1d5@group-E9810A644481, cid=2080, SUCCESS, logIndex=2870, commits[c9f1298e-d840-49d8-aac3-de81602aa1d5:c2870]
2019-08-30 23:40:11,843 [grpc-default-executor-0] INFO  client.GrpcClientProtocolClient (GrpcClientProtocolClient.java:onNext(255)) - client-7EF960CB3D58->c9f1298e-d840-49d8-aac3-de81602aa1d5: receive RaftClientReply:client-7EF960CB3D58->c9f1298e-d840-49d8-aac3-de81602aa1d5@group-E9810A644481, cid=2081, SUCCESS, logIndex=2872, commits[c9f1298e-d840-49d8-aac3-de81602aa1d5:c2875]
2019-08-30 23:40:11,844 [grpc-default-executor-0] INFO  client.GrpcClientProtocolClient (GrpcClientProtocolClient.java:onNext(255)) - client-7EF960CB3D58->c9f1298e-d840-49d8-aac3-de81602aa1d5: receive RaftClientReply:client-7EF960CB3D58->c9f1298e-d840-49d8-aac3-de81602aa1d5@group-E9810A644481, cid=2082, SUCCESS, logIndex=2873, commits[c9f1298e-d840-49d8-aac3-de81602aa1d5:c2875]
2019-08-30 23:40:11,844 [grpc-default-executor-0] INFO  client.GrpcClientProtocolClient (GrpcClientProtocolClient.java:onNext(255)) - client-7EF960CB3D58->c9f1298e-d840-49d8-aac3-de81602aa1d5: receive RaftClientReply:client-7EF960CB3D58->c9f1298e-d840-49d8-aac3-de81602aa1d5@group-E9810A644481, cid=2083, SUCCESS, logIndex=2874, commits[c9f1298e-d840-49d8-aac3-de81602aa1d5:c2875]
2019-08-30 23:40:11,844 [grpc-default-executor-0] INFO  client.GrpcClientProtocolClient (GrpcClientProtocolClient.java:onNext(255)) - client-7EF960CB3D58->c9f1298e-d840-49d8-aac3-de81602aa1d5: receive RaftClientReply:client-7EF960CB3D58->c9f1298e-d840-49d8-aac3-de81602aa1d5@group-E9810A644481, cid=2084, SUCCESS, logIndex=2875, commits[c9f1298e-d840-49d8-aac3-de81602aa1d5:c2875]
2019-08-30 23:40:11,860 [grpc-default-executor-1] INFO  client.GrpcClientProtocolClient (GrpcClientProtocolClient.java:onNext(255)) - client-7EF960CB3D58->c9f1298e-d840-49d8-aac3-de81602aa1d5: receive RaftClientReply:client-7EF960CB3D58->c9f1298e-d840-49d8-aac3-de81602aa1d5@group-E9810A644481, cid=2085, SUCCESS, logIndex=2877, commits[c9f1298e-d840-49d8-aac3-de81602aa1d5:c2878]
2019-08-30 23:40:11,861 [grpc-default-executor-1] INFO  client.GrpcClientProtocolClient (GrpcClientProtocolClient.java:onNext(255)) - client-7EF960CB3D58->c9f1298e-d840-49d8-aac3-de81602aa1d5: receive RaftClientReply:client-7EF960CB3D58->c9f1298e-d840-49d8-aac3-de81602aa1d5@group-E9810A644481, cid=2086, SUCCESS, logIndex=2878, commits[c9f1298e-d840-49d8-aac3-de81602aa1d5:c2878]
2019-08-30 23:40:11,868 [grpc-default-executor-1] INFO  client.GrpcClientProtocolClient (GrpcClientProtocolClient.java:onNext(255)) - client-7EF960CB3D58->c9f1298e-d840-49d8-aac3-de81602aa1d5: receive RaftClientReply:client-7EF960CB3D58->c9f1298e-d840-49d8-aac3-de81602aa1d5@group-E9810A644481, cid=2087, SUCCESS, logIndex=2879, commits[c9f1298e-d840-49d8-aac3-de81602aa1d5:c2880]
2019-08-30 23:40:11,868 [grpc-default-executor-1] INFO  client.GrpcClientProtocolClient (GrpcClientProtocolClient.java:onNext(255)) - client-7EF960CB3D58->c9f1298e-d840-49d8-aac3-de81602aa1d5: receive RaftClientReply:client-7EF960CB3D58->c9f1298e-d840-49d8-aac3-de81602aa1d5@group-E9810A644481, cid=2088, SUCCESS, logIndex=2880, commits[c9f1298e-d840-49d8-aac3-de81602aa1d5:c2880]
2019-08-30 23:40:11,886 [SCMBlockDeletingService#1] DEBUG block.SCMBlockDeletingService (SCMBlockDeletingService.java:call(138)) - Running DeletedBlockTransactionScanner
2019-08-30 23:40:11,886 [SCMBlockDeletingService#1] DEBUG block.SCMBlockDeletingService (SCMBlockDeletingService.java:call(155)) - Scanned deleted blocks log and got 0 delTX to process.
2019-08-30 23:40:11,902 [grpc-default-executor-1] INFO  client.GrpcClientProtocolClient (GrpcClientProtocolClient.java:onNext(255)) - client-7EF960CB3D58->c9f1298e-d840-49d8-aac3-de81602aa1d5: receive RaftClientReply:client-7EF960CB3D58->c9f1298e-d840-49d8-aac3-de81602aa1d5@group-E9810A644481, cid=2089, SUCCESS, logIndex=2883, commits[c9f1298e-d840-49d8-aac3-de81602aa1d5:c2886]
2019-08-30 23:40:11,903 [grpc-default-executor-1] INFO  client.GrpcClientProtocolClient (GrpcClientProtocolClient.java:onNext(255)) - client-7EF960CB3D58->c9f1298e-d840-49d8-aac3-de81602aa1d5: receive RaftClientReply:client-7EF960CB3D58->c9f1298e-d840-49d8-aac3-de81602aa1d5@group-E9810A644481, cid=2090, SUCCESS, logIndex=2884, commits[c9f1298e-d840-49d8-aac3-de81602aa1d5:c2886]
2019-08-30 23:40:11,903 [grpc-default-executor-1] INFO  client.GrpcClientProtocolClient (GrpcClientProtocolClient.java:onNext(255)) - client-7EF960CB3D58->c9f1298e-d840-49d8-aac3-de81602aa1d5: receive RaftClientReply:client-7EF960CB3D58->c9f1298e-d840-49d8-aac3-de81602aa1d5@group-E9810A644481, cid=2091, SUCCESS, logIndex=2885, commits[c9f1298e-d840-49d8-aac3-de81602aa1d5:c2886]
2019-08-30 23:40:11,903 [grpc-default-executor-1] INFO  client.GrpcClientProtocolClient (GrpcClientProtocolClient.java:onNext(255)) - client-7EF960CB3D58->c9f1298e-d840-49d8-aac3-de81602aa1d5: receive RaftClientReply:client-7EF960CB3D58->c9f1298e-d840-49d8-aac3-de81602aa1d5@group-E9810A644481, cid=2092, SUCCESS, logIndex=2886, commits[c9f1298e-d840-49d8-aac3-de81602aa1d5:c2886]
2019-08-30 23:40:11,940 [grpc-default-executor-1] INFO  client.GrpcClientProtocolClient (GrpcClientProtocolClient.java:onNext(255)) - client-7EF960CB3D58->c9f1298e-d840-49d8-aac3-de81602aa1d5: receive RaftClientReply:client-7EF960CB3D58->c9f1298e-d840-49d8-aac3-de81602aa1d5@group-E9810A644481, cid=2093, SUCCESS, logIndex=2888, commits[c9f1298e-d840-49d8-aac3-de81602aa1d5:c2891]
2019-08-30 23:40:11,941 [grpc-default-executor-1] INFO  client.GrpcClientProtocolClient (GrpcClientProtocolClient.java:onNext(255)) - client-7EF960CB3D58->c9f1298e-d840-49d8-aac3-de81602aa1d5: receive RaftClientReply:client-7EF960CB3D58->c9f1298e-d840-49d8-aac3-de81602aa1d5@group-E9810A644481, cid=2094, SUCCESS, logIndex=2889, commits[c9f1298e-d840-49d8-aac3-de81602aa1d5:c2891]
2019-08-30 23:40:11,941 [grpc-default-executor-1] INFO  client.GrpcClientProtocolClient (GrpcClientProtocolClient.java:onNext(255)) - client-7EF960CB3D58->c9f1298e-d840-49d8-aac3-de81602aa1d5: receive RaftClientReply:client-7EF960CB3D58->c9f1298e-d840-49d8-aac3-de81602aa1d5@group-E9810A644481, cid=2095, SUCCESS, logIndex=2890, commits[c9f1298e-d840-49d8-aac3-de81602aa1d5:c2891]
2019-08-30 23:40:11,942 [grpc-default-executor-1] INFO  client.GrpcClientProtocolClient (GrpcClientProtocolClient.java:onNext(255)) - client-7EF960CB3D58->c9f1298e-d840-49d8-aac3-de81602aa1d5: receive RaftClientReply:client-7EF960CB3D58->c9f1298e-d840-49d8-aac3-de81602aa1d5@group-E9810A644481, cid=2096, SUCCESS, logIndex=2891, commits[c9f1298e-d840-49d8-aac3-de81602aa1d5:c2891]
2019-08-30 23:40:11,975 [grpc-default-executor-1] INFO  client.GrpcClientProtocolClient (GrpcClientProtocolClient.java:onNext(255)) - client-7EF960CB3D58->c9f1298e-d840-49d8-aac3-de81602aa1d5: receive RaftClientReply:client-7EF960CB3D58->c9f1298e-d840-49d8-aac3-de81602aa1d5@group-E9810A644481, cid=2097, SUCCESS, logIndex=2893, commits[c9f1298e-d840-49d8-aac3-de81602aa1d5:c2894]
2019-08-30 23:40:11,975 [grpc-default-executor-1] INFO  client.GrpcClientProtocolClient (GrpcClientProtocolClient.java:onNext(255)) - client-7EF960CB3D58->c9f1298e-d840-49d8-aac3-de81602aa1d5: receive RaftClientReply:client-7EF960CB3D58->c9f1298e-d840-49d8-aac3-de81602aa1d5@group-E9810A644481, cid=2098, SUCCESS, logIndex=2894, commits[c9f1298e-d840-49d8-aac3-de81602aa1d5:c2894]
2019-08-30 23:40:11,976 [grpc-default-executor-1] INFO  client.GrpcClientProtocolClient (GrpcClientProtocolClient.java:onNext(255)) - client-7EF960CB3D58->c9f1298e-d840-49d8-aac3-de81602aa1d5: receive RaftClientReply:client-7EF960CB3D58->c9f1298e-d840-49d8-aac3-de81602aa1d5@group-E9810A644481, cid=2099, SUCCESS, logIndex=2895, commits[c9f1298e-d840-49d8-aac3-de81602aa1d5:c2896]
2019-08-30 23:40:11,976 [grpc-default-executor-1] INFO  client.GrpcClientProtocolClient (GrpcClientProtocolClient.java:onNext(255)) - client-7EF960CB3D58->c9f1298e-d840-49d8-aac3-de81602aa1d5: receive RaftClientReply:client-7EF960CB3D58->c9f1298e-d840-49d8-aac3-de81602aa1d5@group-E9810A644481, cid=2100, SUCCESS, logIndex=2896, commits[c9f1298e-d840-49d8-aac3-de81602aa1d5:c2896]
2019-08-30 23:40:11,986 [SCMBlockDeletingService#1] DEBUG block.SCMBlockDeletingService (SCMBlockDeletingService.java:call(138)) - Running DeletedBlockTransactionScanner
2019-08-30 23:40:11,987 [SCMBlockDeletingService#1] DEBUG block.SCMBlockDeletingService (SCMBlockDeletingService.java:call(155)) - Scanned deleted blocks log and got 0 delTX to process.
2019-08-30 23:40:11,997 [grpc-default-executor-0] INFO  client.GrpcClientProtocolClient (GrpcClientProtocolClient.java:onNext(255)) - client-7EF960CB3D58->c9f1298e-d840-49d8-aac3-de81602aa1d5: receive RaftClientReply:client-7EF960CB3D58->c9f1298e-d840-49d8-aac3-de81602aa1d5@group-E9810A644481, cid=2101, SUCCESS, logIndex=2899, commits[c9f1298e-d840-49d8-aac3-de81602aa1d5:c2902]
2019-08-30 23:40:11,998 [grpc-default-executor-0] INFO  client.GrpcClientProtocolClient (GrpcClientProtocolClient.java:onNext(255)) - client-7EF960CB3D58->c9f1298e-d840-49d8-aac3-de81602aa1d5: receive RaftClientReply:client-7EF960CB3D58->c9f1298e-d840-49d8-aac3-de81602aa1d5@group-E9810A644481, cid=2102, SUCCESS, logIndex=2900, commits[c9f1298e-d840-49d8-aac3-de81602aa1d5:c2902]
2019-08-30 23:40:11,998 [grpc-default-executor-0] INFO  client.GrpcClientProtocolClient (GrpcClientProtocolClient.java:onNext(255)) - client-7EF960CB3D58->c9f1298e-d840-49d8-aac3-de81602aa1d5: receive RaftClientReply:client-7EF960CB3D58->c9f1298e-d840-49d8-aac3-de81602aa1d5@group-E9810A644481, cid=2103, SUCCESS, logIndex=2901, commits[c9f1298e-d840-49d8-aac3-de81602aa1d5:c2902]
2019-08-30 23:40:11,998 [grpc-default-executor-0] INFO  client.GrpcClientProtocolClient (GrpcClientProtocolClient.java:onNext(255)) - client-7EF960CB3D58->c9f1298e-d840-49d8-aac3-de81602aa1d5: receive RaftClientReply:client-7EF960CB3D58->c9f1298e-d840-49d8-aac3-de81602aa1d5@group-E9810A644481, cid=2104, SUCCESS, logIndex=2902, commits[c9f1298e-d840-49d8-aac3-de81602aa1d5:c2902]
2019-08-30 23:40:12,048 [grpc-default-executor-1] INFO  client.GrpcClientProtocolClient (GrpcClientProtocolClient.java:onNext(255)) - client-7EF960CB3D58->c9f1298e-d840-49d8-aac3-de81602aa1d5: receive RaftClientReply:client-7EF960CB3D58->c9f1298e-d840-49d8-aac3-de81602aa1d5@group-E9810A644481, cid=2105, SUCCESS, logIndex=2904, commits[c9f1298e-d840-49d8-aac3-de81602aa1d5:c2907]
2019-08-30 23:40:12,048 [grpc-default-executor-1] INFO  client.GrpcClientProtocolClient (GrpcClientProtocolClient.java:onNext(255)) - client-7EF960CB3D58->c9f1298e-d840-49d8-aac3-de81602aa1d5: receive RaftClientReply:client-7EF960CB3D58->c9f1298e-d840-49d8-aac3-de81602aa1d5@group-E9810A644481, cid=2106, SUCCESS, logIndex=2905, commits[c9f1298e-d840-49d8-aac3-de81602aa1d5:c2907]
2019-08-30 23:40:12,049 [grpc-default-executor-1] INFO  client.GrpcClientProtocolClient (GrpcClientProtocolClient.java:onNext(255)) - client-7EF960CB3D58->c9f1298e-d840-49d8-aac3-de81602aa1d5: receive RaftClientReply:client-7EF960CB3D58->c9f1298e-d840-49d8-aac3-de81602aa1d5@group-E9810A644481, cid=2107, SUCCESS, logIndex=2906, commits[c9f1298e-d840-49d8-aac3-de81602aa1d5:c2907]
2019-08-30 23:40:12,049 [grpc-default-executor-1] INFO  client.GrpcClientProtocolClient (GrpcClientProtocolClient.java:onNext(255)) - client-7EF960CB3D58->c9f1298e-d840-49d8-aac3-de81602aa1d5: receive RaftClientReply:client-7EF960CB3D58->c9f1298e-d840-49d8-aac3-de81602aa1d5@group-E9810A644481, cid=2108, SUCCESS, logIndex=2907, commits[c9f1298e-d840-49d8-aac3-de81602aa1d5:c2907]
2019-08-30 23:40:12,062 [grpc-default-executor-1] INFO  client.GrpcClientProtocolClient (GrpcClientProtocolClient.java:onNext(255)) - client-7EF960CB3D58->c9f1298e-d840-49d8-aac3-de81602aa1d5: receive RaftClientReply:client-7EF960CB3D58->c9f1298e-d840-49d8-aac3-de81602aa1d5@group-E9810A644481, cid=2109, SUCCESS, logIndex=2909, commits[c9f1298e-d840-49d8-aac3-de81602aa1d5:c2910]
2019-08-30 23:40:12,062 [grpc-default-executor-1] INFO  client.GrpcClientProtocolClient (GrpcClientProtocolClient.java:onNext(255)) - client-7EF960CB3D58->c9f1298e-d840-49d8-aac3-de81602aa1d5: receive RaftClientReply:client-7EF960CB3D58->c9f1298e-d840-49d8-aac3-de81602aa1d5@group-E9810A644481, cid=2110, SUCCESS, logIndex=2910, commits[c9f1298e-d840-49d8-aac3-de81602aa1d5:c2910]
2019-08-30 23:40:12,067 [grpc-default-executor-1] INFO  client.GrpcClientProtocolClient (GrpcClientProtocolClient.java:onNext(255)) - client-7EF960CB3D58->c9f1298e-d840-49d8-aac3-de81602aa1d5: receive RaftClientReply:client-7EF960CB3D58->c9f1298e-d840-49d8-aac3-de81602aa1d5@group-E9810A644481, cid=2111, SUCCESS, logIndex=2911, commits[c9f1298e-d840-49d8-aac3-de81602aa1d5:c2912]
2019-08-30 23:40:12,067 [grpc-default-executor-1] INFO  client.GrpcClientProtocolClient (GrpcClientProtocolClient.java:onNext(255)) - client-7EF960CB3D58->c9f1298e-d840-49d8-aac3-de81602aa1d5: receive RaftClientReply:client-7EF960CB3D58->c9f1298e-d840-49d8-aac3-de81602aa1d5@group-E9810A644481, cid=2112, SUCCESS, logIndex=2912, commits[c9f1298e-d840-49d8-aac3-de81602aa1d5:c2912]
2019-08-30 23:40:12,087 [SCMBlockDeletingService#1] DEBUG block.SCMBlockDeletingService (SCMBlockDeletingService.java:call(138)) - Running DeletedBlockTransactionScanner
2019-08-30 23:40:12,087 [SCMBlockDeletingService#1] DEBUG block.SCMBlockDeletingService (SCMBlockDeletingService.java:call(155)) - Scanned deleted blocks log and got 0 delTX to process.
2019-08-30 23:40:12,096 [grpc-default-executor-0] INFO  client.GrpcClientProtocolClient (GrpcClientProtocolClient.java:onNext(255)) - client-7EF960CB3D58->c9f1298e-d840-49d8-aac3-de81602aa1d5: receive RaftClientReply:client-7EF960CB3D58->c9f1298e-d840-49d8-aac3-de81602aa1d5@group-E9810A644481, cid=2113, SUCCESS, logIndex=2915, commits[c9f1298e-d840-49d8-aac3-de81602aa1d5:c2918]
2019-08-30 23:40:12,096 [grpc-default-executor-0] INFO  client.GrpcClientProtocolClient (GrpcClientProtocolClient.java:onNext(255)) - client-7EF960CB3D58->c9f1298e-d840-49d8-aac3-de81602aa1d5: receive RaftClientReply:client-7EF960CB3D58->c9f1298e-d840-49d8-aac3-de81602aa1d5@group-E9810A644481, cid=2114, SUCCESS, logIndex=2916, commits[c9f1298e-d840-49d8-aac3-de81602aa1d5:c2918]
2019-08-30 23:40:12,096 [grpc-default-executor-0] INFO  client.GrpcClientProtocolClient (GrpcClientProtocolClient.java:onNext(255)) - client-7EF960CB3D58->c9f1298e-d840-49d8-aac3-de81602aa1d5: receive RaftClientReply:client-7EF960CB3D58->c9f1298e-d840-49d8-aac3-de81602aa1d5@group-E9810A644481, cid=2115, SUCCESS, logIndex=2917, commits[c9f1298e-d840-49d8-aac3-de81602aa1d5:c2918]
2019-08-30 23:40:12,099 [grpc-default-executor-0] INFO  client.GrpcClientProtocolClient (GrpcClientProtocolClient.java:onNext(255)) - client-7EF960CB3D58->c9f1298e-d840-49d8-aac3-de81602aa1d5: receive RaftClientReply:client-7EF960CB3D58->c9f1298e-d840-49d8-aac3-de81602aa1d5@group-E9810A644481, cid=2116, SUCCESS, logIndex=2918, commits[c9f1298e-d840-49d8-aac3-de81602aa1d5:c2918]
2019-08-30 23:40:12,116 [grpc-default-executor-0] INFO  client.GrpcClientProtocolClient (GrpcClientProtocolClient.java:onNext(255)) - client-7EF960CB3D58->c9f1298e-d840-49d8-aac3-de81602aa1d5: receive RaftClientReply:client-7EF960CB3D58->c9f1298e-d840-49d8-aac3-de81602aa1d5@group-E9810A644481, cid=2117, SUCCESS, logIndex=2920, commits[c9f1298e-d840-49d8-aac3-de81602aa1d5:c2923]
2019-08-30 23:40:12,117 [grpc-default-executor-0] INFO  client.GrpcClientProtocolClient (GrpcClientProtocolClient.java:onNext(255)) - client-7EF960CB3D58->c9f1298e-d840-49d8-aac3-de81602aa1d5: receive RaftClientReply:client-7EF960CB3D58->c9f1298e-d840-49d8-aac3-de81602aa1d5@group-E9810A644481, cid=2118, SUCCESS, logIndex=2921, commits[c9f1298e-d840-49d8-aac3-de81602aa1d5:c2923]
2019-08-30 23:40:12,117 [grpc-default-executor-0] INFO  client.GrpcClientProtocolClient (GrpcClientProtocolClient.java:onNext(255)) - client-7EF960CB3D58->c9f1298e-d840-49d8-aac3-de81602aa1d5: receive RaftClientReply:client-7EF960CB3D58->c9f1298e-d840-49d8-aac3-de81602aa1d5@group-E9810A644481, cid=2119, SUCCESS, logIndex=2922, commits[c9f1298e-d840-49d8-aac3-de81602aa1d5:c2923]
2019-08-30 23:40:12,117 [grpc-default-executor-0] INFO  client.GrpcClientProtocolClient (GrpcClientProtocolClient.java:onNext(255)) - client-7EF960CB3D58->c9f1298e-d840-49d8-aac3-de81602aa1d5: receive RaftClientReply:client-7EF960CB3D58->c9f1298e-d840-49d8-aac3-de81602aa1d5@group-E9810A644481, cid=2120, SUCCESS, logIndex=2923, commits[c9f1298e-d840-49d8-aac3-de81602aa1d5:c2923]
2019-08-30 23:40:12,188 [SCMBlockDeletingService#0] DEBUG block.SCMBlockDeletingService (SCMBlockDeletingService.java:call(138)) - Running DeletedBlockTransactionScanner
2019-08-30 23:40:12,188 [SCMBlockDeletingService#0] DEBUG block.SCMBlockDeletingService (SCMBlockDeletingService.java:call(155)) - Scanned deleted blocks log and got 0 delTX to process.
2019-08-30 23:40:12,294 [SCMBlockDeletingService#0] DEBUG block.SCMBlockDeletingService (SCMBlockDeletingService.java:call(138)) - Running DeletedBlockTransactionScanner
2019-08-30 23:40:12,294 [SCMBlockDeletingService#0] DEBUG block.SCMBlockDeletingService (SCMBlockDeletingService.java:call(155)) - Scanned deleted blocks log and got 0 delTX to process.
2019-08-30 23:40:12,303 [grpc-default-executor-0] INFO  client.GrpcClientProtocolClient (GrpcClientProtocolClient.java:onNext(255)) - client-7EF960CB3D58->c9f1298e-d840-49d8-aac3-de81602aa1d5: receive RaftClientReply:client-7EF960CB3D58->c9f1298e-d840-49d8-aac3-de81602aa1d5@group-E9810A644481, cid=2121, SUCCESS, logIndex=2925, commits[c9f1298e-d840-49d8-aac3-de81602aa1d5:c2926]
2019-08-30 23:40:12,304 [grpc-default-executor-0] INFO  client.GrpcClientProtocolClient (GrpcClientProtocolClient.java:onNext(255)) - client-7EF960CB3D58->c9f1298e-d840-49d8-aac3-de81602aa1d5: receive RaftClientReply:client-7EF960CB3D58->c9f1298e-d840-49d8-aac3-de81602aa1d5@group-E9810A644481, cid=2122, SUCCESS, logIndex=2926, commits[c9f1298e-d840-49d8-aac3-de81602aa1d5:c2926]
2019-08-30 23:40:12,311 [grpc-default-executor-0] INFO  client.GrpcClientProtocolClient (GrpcClientProtocolClient.java:onNext(255)) - client-7EF960CB3D58->c9f1298e-d840-49d8-aac3-de81602aa1d5: receive RaftClientReply:client-7EF960CB3D58->c9f1298e-d840-49d8-aac3-de81602aa1d5@group-E9810A644481, cid=2123, SUCCESS, logIndex=2927, commits[c9f1298e-d840-49d8-aac3-de81602aa1d5:c2928]
2019-08-30 23:40:12,311 [grpc-default-executor-0] INFO  client.GrpcClientProtocolClient (GrpcClientProtocolClient.java:onNext(255)) - client-7EF960CB3D58->c9f1298e-d840-49d8-aac3-de81602aa1d5: receive RaftClientReply:client-7EF960CB3D58->c9f1298e-d840-49d8-aac3-de81602aa1d5@group-E9810A644481, cid=2124, SUCCESS, logIndex=2928, commits[c9f1298e-d840-49d8-aac3-de81602aa1d5:c2928]
2019-08-30 23:40:12,336 [grpc-default-executor-1] INFO  client.GrpcClientProtocolClient (GrpcClientProtocolClient.java:onNext(255)) - client-7EF960CB3D58->c9f1298e-d840-49d8-aac3-de81602aa1d5: receive RaftClientReply:client-7EF960CB3D58->c9f1298e-d840-49d8-aac3-de81602aa1d5@group-E9810A644481, cid=2125, SUCCESS, logIndex=2931, commits[c9f1298e-d840-49d8-aac3-de81602aa1d5:c2934]
2019-08-30 23:40:12,337 [grpc-default-executor-1] INFO  client.GrpcClientProtocolClient (GrpcClientProtocolClient.java:onNext(255)) - client-7EF960CB3D58->c9f1298e-d840-49d8-aac3-de81602aa1d5: receive RaftClientReply:client-7EF960CB3D58->c9f1298e-d840-49d8-aac3-de81602aa1d5@group-E9810A644481, cid=2126, SUCCESS, logIndex=2932, commits[c9f1298e-d840-49d8-aac3-de81602aa1d5:c2934]
2019-08-30 23:40:12,337 [grpc-default-executor-1] INFO  client.GrpcClientProtocolClient (GrpcClientProtocolClient.java:onNext(255)) - client-7EF960CB3D58->c9f1298e-d840-49d8-aac3-de81602aa1d5: receive RaftClientReply:client-7EF960CB3D58->c9f1298e-d840-49d8-aac3-de81602aa1d5@group-E9810A644481, cid=2127, SUCCESS, logIndex=2933, commits[c9f1298e-d840-49d8-aac3-de81602aa1d5:c2934]
2019-08-30 23:40:12,337 [grpc-default-executor-1] INFO  client.GrpcClientProtocolClient (GrpcClientProtocolClient.java:onNext(255)) - client-7EF960CB3D58->c9f1298e-d840-49d8-aac3-de81602aa1d5: receive RaftClientReply:client-7EF960CB3D58->c9f1298e-d840-49d8-aac3-de81602aa1d5@group-E9810A644481, cid=2128, SUCCESS, logIndex=2934, commits[c9f1298e-d840-49d8-aac3-de81602aa1d5:c2934]
2019-08-30 23:40:12,364 [grpc-default-executor-1] INFO  client.GrpcClientProtocolClient (GrpcClientProtocolClient.java:onNext(255)) - client-7EF960CB3D58->c9f1298e-d840-49d8-aac3-de81602aa1d5: receive RaftClientReply:client-7EF960CB3D58->c9f1298e-d840-49d8-aac3-de81602aa1d5@group-E9810A644481, cid=2129, SUCCESS, logIndex=2936, commits[c9f1298e-d840-49d8-aac3-de81602aa1d5:c2939]
2019-08-30 23:40:12,365 [grpc-default-executor-1] INFO  client.GrpcClientProtocolClient (GrpcClientProtocolClient.java:onNext(255)) - client-7EF960CB3D58->c9f1298e-d840-49d8-aac3-de81602aa1d5: receive RaftClientReply:client-7EF960CB3D58->c9f1298e-d840-49d8-aac3-de81602aa1d5@group-E9810A644481, cid=2130, SUCCESS, logIndex=2937, commits[c9f1298e-d840-49d8-aac3-de81602aa1d5:c2939]
2019-08-30 23:40:12,365 [grpc-default-executor-1] INFO  client.GrpcClientProtocolClient (GrpcClientProtocolClient.java:onNext(255)) - client-7EF960CB3D58->c9f1298e-d840-49d8-aac3-de81602aa1d5: receive RaftClientReply:client-7EF960CB3D58->c9f1298e-d840-49d8-aac3-de81602aa1d5@group-E9810A644481, cid=2131, SUCCESS, logIndex=2938, commits[c9f1298e-d840-49d8-aac3-de81602aa1d5:c2939]
2019-08-30 23:40:12,366 [grpc-default-executor-1] INFO  client.GrpcClientProtocolClient (GrpcClientProtocolClient.java:onNext(255)) - client-7EF960CB3D58->c9f1298e-d840-49d8-aac3-de81602aa1d5: receive RaftClientReply:client-7EF960CB3D58->c9f1298e-d840-49d8-aac3-de81602aa1d5@group-E9810A644481, cid=2132, SUCCESS, logIndex=2939, commits[c9f1298e-d840-49d8-aac3-de81602aa1d5:c2939]
2019-08-30 23:40:12,379 [grpc-default-executor-1] INFO  client.GrpcClientProtocolClient (GrpcClientProtocolClient.java:onNext(255)) - client-7EF960CB3D58->c9f1298e-d840-49d8-aac3-de81602aa1d5: receive RaftClientReply:client-7EF960CB3D58->c9f1298e-d840-49d8-aac3-de81602aa1d5@group-E9810A644481, cid=2133, SUCCESS, logIndex=2941, commits[c9f1298e-d840-49d8-aac3-de81602aa1d5:c2942]
2019-08-30 23:40:12,380 [grpc-default-executor-1] INFO  client.GrpcClientProtocolClient (GrpcClientProtocolClient.java:onNext(255)) - client-7EF960CB3D58->c9f1298e-d840-49d8-aac3-de81602aa1d5: receive RaftClientReply:client-7EF960CB3D58->c9f1298e-d840-49d8-aac3-de81602aa1d5@group-E9810A644481, cid=2134, SUCCESS, logIndex=2942, commits[c9f1298e-d840-49d8-aac3-de81602aa1d5:c2942]
2019-08-30 23:40:12,383 [grpc-default-executor-1] INFO  client.GrpcClientProtocolClient (GrpcClientProtocolClient.java:onNext(255)) - client-7EF960CB3D58->c9f1298e-d840-49d8-aac3-de81602aa1d5: receive RaftClientReply:client-7EF960CB3D58->c9f1298e-d840-49d8-aac3-de81602aa1d5@group-E9810A644481, cid=2135, SUCCESS, logIndex=2943, commits[c9f1298e-d840-49d8-aac3-de81602aa1d5:c2944]
2019-08-30 23:40:12,384 [grpc-default-executor-1] INFO  client.GrpcClientProtocolClient (GrpcClientProtocolClient.java:onNext(255)) - client-7EF960CB3D58->c9f1298e-d840-49d8-aac3-de81602aa1d5: receive RaftClientReply:client-7EF960CB3D58->c9f1298e-d840-49d8-aac3-de81602aa1d5@group-E9810A644481, cid=2136, SUCCESS, logIndex=2944, commits[c9f1298e-d840-49d8-aac3-de81602aa1d5:c2944]
2019-08-30 23:40:12,394 [SCMBlockDeletingService#0] DEBUG block.SCMBlockDeletingService (SCMBlockDeletingService.java:call(138)) - Running DeletedBlockTransactionScanner
2019-08-30 23:40:12,394 [SCMBlockDeletingService#0] DEBUG block.SCMBlockDeletingService (SCMBlockDeletingService.java:call(155)) - Scanned deleted blocks log and got 0 delTX to process.
2019-08-30 23:40:12,409 [grpc-default-executor-1] INFO  client.GrpcClientProtocolClient (GrpcClientProtocolClient.java:onNext(255)) - client-7EF960CB3D58->c9f1298e-d840-49d8-aac3-de81602aa1d5: receive RaftClientReply:client-7EF960CB3D58->c9f1298e-d840-49d8-aac3-de81602aa1d5@group-E9810A644481, cid=2137, SUCCESS, logIndex=2947, commits[c9f1298e-d840-49d8-aac3-de81602aa1d5:c2950]
2019-08-30 23:40:12,409 [grpc-default-executor-1] INFO  client.GrpcClientProtocolClient (GrpcClientProtocolClient.java:onNext(255)) - client-7EF960CB3D58->c9f1298e-d840-49d8-aac3-de81602aa1d5: receive RaftClientReply:client-7EF960CB3D58->c9f1298e-d840-49d8-aac3-de81602aa1d5@group-E9810A644481, cid=2138, SUCCESS, logIndex=2948, commits[c9f1298e-d840-49d8-aac3-de81602aa1d5:c2950]
2019-08-30 23:40:12,410 [grpc-default-executor-1] INFO  client.GrpcClientProtocolClient (GrpcClientProtocolClient.java:onNext(255)) - client-7EF960CB3D58->c9f1298e-d840-49d8-aac3-de81602aa1d5: receive RaftClientReply:client-7EF960CB3D58->c9f1298e-d840-49d8-aac3-de81602aa1d5@group-E9810A644481, cid=2139, SUCCESS, logIndex=2949, commits[c9f1298e-d840-49d8-aac3-de81602aa1d5:c2950]
2019-08-30 23:40:12,410 [grpc-default-executor-1] INFO  client.GrpcClientProtocolClient (GrpcClientProtocolClient.java:onNext(255)) - client-7EF960CB3D58->c9f1298e-d840-49d8-aac3-de81602aa1d5: receive RaftClientReply:client-7EF960CB3D58->c9f1298e-d840-49d8-aac3-de81602aa1d5@group-E9810A644481, cid=2140, SUCCESS, logIndex=2950, commits[c9f1298e-d840-49d8-aac3-de81602aa1d5:c2950]
2019-08-30 23:40:12,444 [grpc-default-executor-1] INFO  client.GrpcClientProtocolClient (GrpcClientProtocolClient.java:onNext(255)) - client-7EF960CB3D58->c9f1298e-d840-49d8-aac3-de81602aa1d5: receive RaftClientReply:client-7EF960CB3D58->c9f1298e-d840-49d8-aac3-de81602aa1d5@group-E9810A644481, cid=2141, SUCCESS, logIndex=2952, commits[c9f1298e-d840-49d8-aac3-de81602aa1d5:c2953]
2019-08-30 23:40:12,444 [grpc-default-executor-1] INFO  client.GrpcClientProtocolClient (GrpcClientProtocolClient.java:onNext(255)) - client-7EF960CB3D58->c9f1298e-d840-49d8-aac3-de81602aa1d5: receive RaftClientReply:client-7EF960CB3D58->c9f1298e-d840-49d8-aac3-de81602aa1d5@group-E9810A644481, cid=2142, SUCCESS, logIndex=2953, commits[c9f1298e-d840-49d8-aac3-de81602aa1d5:c2953]
2019-08-30 23:40:12,445 [grpc-default-executor-1] INFO  client.GrpcClientProtocolClient (GrpcClientProtocolClient.java:onNext(255)) - client-7EF960CB3D58->c9f1298e-d840-49d8-aac3-de81602aa1d5: receive RaftClientReply:client-7EF960CB3D58->c9f1298e-d840-49d8-aac3-de81602aa1d5@group-E9810A644481, cid=2143, SUCCESS, logIndex=2954, commits[c9f1298e-d840-49d8-aac3-de81602aa1d5:c2955]
2019-08-30 23:40:12,446 [grpc-default-executor-1] INFO  client.GrpcClientProtocolClient (GrpcClientProtocolClient.java:onNext(255)) - client-7EF960CB3D58->c9f1298e-d840-49d8-aac3-de81602aa1d5: receive RaftClientReply:client-7EF960CB3D58->c9f1298e-d840-49d8-aac3-de81602aa1d5@group-E9810A644481, cid=2144, SUCCESS, logIndex=2955, commits[c9f1298e-d840-49d8-aac3-de81602aa1d5:c2955]
2019-08-30 23:40:12,481 [grpc-default-executor-0] INFO  client.GrpcClientProtocolClient (GrpcClientProtocolClient.java:onNext(255)) - client-7EF960CB3D58->c9f1298e-d840-49d8-aac3-de81602aa1d5: receive RaftClientReply:client-7EF960CB3D58->c9f1298e-d840-49d8-aac3-de81602aa1d5@group-E9810A644481, cid=2145, SUCCESS, logIndex=2958, commits[c9f1298e-d840-49d8-aac3-de81602aa1d5:c2959]
2019-08-30 23:40:12,482 [grpc-default-executor-0] INFO  client.GrpcClientProtocolClient (GrpcClientProtocolClient.java:onNext(255)) - client-7EF960CB3D58->c9f1298e-d840-49d8-aac3-de81602aa1d5: receive RaftClientReply:client-7EF960CB3D58->c9f1298e-d840-49d8-aac3-de81602aa1d5@group-E9810A644481, cid=2146, SUCCESS, logIndex=2959, commits[c9f1298e-d840-49d8-aac3-de81602aa1d5:c2959]
2019-08-30 23:40:12,491 [grpc-default-executor-0] INFO  client.GrpcClientProtocolClient (GrpcClientProtocolClient.java:onNext(255)) - client-7EF960CB3D58->c9f1298e-d840-49d8-aac3-de81602aa1d5: receive RaftClientReply:client-7EF960CB3D58->c9f1298e-d840-49d8-aac3-de81602aa1d5@group-E9810A644481, cid=2147, SUCCESS, logIndex=2960, commits[c9f1298e-d840-49d8-aac3-de81602aa1d5:c2961]
2019-08-30 23:40:12,492 [grpc-default-executor-0] INFO  client.GrpcClientProtocolClient (GrpcClientProtocolClient.java:onNext(255)) - client-7EF960CB3D58->c9f1298e-d840-49d8-aac3-de81602aa1d5: receive RaftClientReply:client-7EF960CB3D58->c9f1298e-d840-49d8-aac3-de81602aa1d5@group-E9810A644481, cid=2148, SUCCESS, logIndex=2961, commits[c9f1298e-d840-49d8-aac3-de81602aa1d5:c2961]
2019-08-30 23:40:12,495 [SCMBlockDeletingService#0] DEBUG block.SCMBlockDeletingService (SCMBlockDeletingService.java:call(138)) - Running DeletedBlockTransactionScanner
2019-08-30 23:40:12,495 [SCMBlockDeletingService#0] DEBUG block.SCMBlockDeletingService (SCMBlockDeletingService.java:call(155)) - Scanned deleted blocks log and got 0 delTX to process.
2019-08-30 23:40:12,519 [grpc-default-executor-0] INFO  client.GrpcClientProtocolClient (GrpcClientProtocolClient.java:onNext(255)) - client-7EF960CB3D58->c9f1298e-d840-49d8-aac3-de81602aa1d5: receive RaftClientReply:client-7EF960CB3D58->c9f1298e-d840-49d8-aac3-de81602aa1d5@group-E9810A644481, cid=2149, SUCCESS, logIndex=2964, commits[c9f1298e-d840-49d8-aac3-de81602aa1d5:c2967]
2019-08-30 23:40:12,519 [grpc-default-executor-0] INFO  client.GrpcClientProtocolClient (GrpcClientProtocolClient.java:onNext(255)) - client-7EF960CB3D58->c9f1298e-d840-49d8-aac3-de81602aa1d5: receive RaftClientReply:client-7EF960CB3D58->c9f1298e-d840-49d8-aac3-de81602aa1d5@group-E9810A644481, cid=2150, SUCCESS, logIndex=2965, commits[c9f1298e-d840-49d8-aac3-de81602aa1d5:c2967]
2019-08-30 23:40:12,519 [grpc-default-executor-0] INFO  client.GrpcClientProtocolClient (GrpcClientProtocolClient.java:onNext(255)) - client-7EF960CB3D58->c9f1298e-d840-49d8-aac3-de81602aa1d5: receive RaftClientReply:client-7EF960CB3D58->c9f1298e-d840-49d8-aac3-de81602aa1d5@group-E9810A644481, cid=2151, SUCCESS, logIndex=2966, commits[c9f1298e-d840-49d8-aac3-de81602aa1d5:c2967]
2019-08-30 23:40:12,520 [grpc-default-executor-0] INFO  client.GrpcClientProtocolClient (GrpcClientProtocolClient.java:onNext(255)) - client-7EF960CB3D58->c9f1298e-d840-49d8-aac3-de81602aa1d5: receive RaftClientReply:client-7EF960CB3D58->c9f1298e-d840-49d8-aac3-de81602aa1d5@group-E9810A644481, cid=2152, SUCCESS, logIndex=2967, commits[c9f1298e-d840-49d8-aac3-de81602aa1d5:c2967]
2019-08-30 23:40:12,563 [grpc-default-executor-1] INFO  client.GrpcClientProtocolClient (GrpcClientProtocolClient.java:onNext(255)) - client-7EF960CB3D58->c9f1298e-d840-49d8-aac3-de81602aa1d5: receive RaftClientReply:client-7EF960CB3D58->c9f1298e-d840-49d8-aac3-de81602aa1d5@group-E9810A644481, cid=2153, SUCCESS, logIndex=2969, commits[c9f1298e-d840-49d8-aac3-de81602aa1d5:c2970]
2019-08-30 23:40:12,563 [grpc-default-executor-1] INFO  client.GrpcClientProtocolClient (GrpcClientProtocolClient.java:onNext(255)) - client-7EF960CB3D58->c9f1298e-d840-49d8-aac3-de81602aa1d5: receive RaftClientReply:client-7EF960CB3D58->c9f1298e-d840-49d8-aac3-de81602aa1d5@group-E9810A644481, cid=2154, SUCCESS, logIndex=2970, commits[c9f1298e-d840-49d8-aac3-de81602aa1d5:c2970]
2019-08-30 23:40:12,572 [grpc-default-executor-1] INFO  client.GrpcClientProtocolClient (GrpcClientProtocolClient.java:onNext(255)) - client-7EF960CB3D58->c9f1298e-d840-49d8-aac3-de81602aa1d5: receive RaftClientReply:client-7EF960CB3D58->c9f1298e-d840-49d8-aac3-de81602aa1d5@group-E9810A644481, cid=2155, SUCCESS, logIndex=2971, commits[c9f1298e-d840-49d8-aac3-de81602aa1d5:c2972]
2019-08-30 23:40:12,572 [grpc-default-executor-1] INFO  client.GrpcClientProtocolClient (GrpcClientProtocolClient.java:onNext(255)) - client-7EF960CB3D58->c9f1298e-d840-49d8-aac3-de81602aa1d5: receive RaftClientReply:client-7EF960CB3D58->c9f1298e-d840-49d8-aac3-de81602aa1d5@group-E9810A644481, cid=2156, SUCCESS, logIndex=2972, commits[c9f1298e-d840-49d8-aac3-de81602aa1d5:c2972]
2019-08-30 23:40:12,595 [SCMBlockDeletingService#0] DEBUG block.SCMBlockDeletingService (SCMBlockDeletingService.java:call(138)) - Running DeletedBlockTransactionScanner
2019-08-30 23:40:12,596 [SCMBlockDeletingService#0] DEBUG block.SCMBlockDeletingService (SCMBlockDeletingService.java:call(155)) - Scanned deleted blocks log and got 0 delTX to process.
2019-08-30 23:40:12,602 [grpc-default-executor-1] INFO  client.GrpcClientProtocolClient (GrpcClientProtocolClient.java:onNext(255)) - client-7EF960CB3D58->c9f1298e-d840-49d8-aac3-de81602aa1d5: receive RaftClientReply:client-7EF960CB3D58->c9f1298e-d840-49d8-aac3-de81602aa1d5@group-E9810A644481, cid=2157, SUCCESS, logIndex=2975, commits[c9f1298e-d840-49d8-aac3-de81602aa1d5:c2978]
2019-08-30 23:40:12,603 [grpc-default-executor-1] INFO  client.GrpcClientProtocolClient (GrpcClientProtocolClient.java:onNext(255)) - client-7EF960CB3D58->c9f1298e-d840-49d8-aac3-de81602aa1d5: receive RaftClientReply:client-7EF960CB3D58->c9f1298e-d840-49d8-aac3-de81602aa1d5@group-E9810A644481, cid=2158, SUCCESS, logIndex=2976, commits[c9f1298e-d840-49d8-aac3-de81602aa1d5:c2978]
2019-08-30 23:40:12,603 [grpc-default-executor-1] INFO  client.GrpcClientProtocolClient (GrpcClientProtocolClient.java:onNext(255)) - client-7EF960CB3D58->c9f1298e-d840-49d8-aac3-de81602aa1d5: receive RaftClientReply:client-7EF960CB3D58->c9f1298e-d840-49d8-aac3-de81602aa1d5@group-E9810A644481, cid=2159, SUCCESS, logIndex=2977, commits[c9f1298e-d840-49d8-aac3-de81602aa1d5:c2978]
2019-08-30 23:40:12,604 [grpc-default-executor-1] INFO  client.GrpcClientProtocolClient (GrpcClientProtocolClient.java:onNext(255)) - client-7EF960CB3D58->c9f1298e-d840-49d8-aac3-de81602aa1d5: receive RaftClientReply:client-7EF960CB3D58->c9f1298e-d840-49d8-aac3-de81602aa1d5@group-E9810A644481, cid=2160, SUCCESS, logIndex=2978, commits[c9f1298e-d840-49d8-aac3-de81602aa1d5:c2978]
2019-08-30 23:40:12,631 [grpc-default-executor-1] INFO  client.GrpcClientProtocolClient (GrpcClientProtocolClient.java:onNext(255)) - client-7EF960CB3D58->c9f1298e-d840-49d8-aac3-de81602aa1d5: receive RaftClientReply:client-7EF960CB3D58->c9f1298e-d840-49d8-aac3-de81602aa1d5@group-E9810A644481, cid=2161, SUCCESS, logIndex=2980, commits[c9f1298e-d840-49d8-aac3-de81602aa1d5:c2981]
2019-08-30 23:40:12,631 [grpc-default-executor-1] INFO  client.GrpcClientProtocolClient (GrpcClientProtocolClient.java:onNext(255)) - client-7EF960CB3D58->c9f1298e-d840-49d8-aac3-de81602aa1d5: receive RaftClientReply:client-7EF960CB3D58->c9f1298e-d840-49d8-aac3-de81602aa1d5@group-E9810A644481, cid=2162, SUCCESS, logIndex=2981, commits[c9f1298e-d840-49d8-aac3-de81602aa1d5:c2981]
2019-08-30 23:40:12,638 [grpc-default-executor-1] INFO  client.GrpcClientProtocolClient (GrpcClientProtocolClient.java:onNext(255)) - client-7EF960CB3D58->c9f1298e-d840-49d8-aac3-de81602aa1d5: receive RaftClientReply:client-7EF960CB3D58->c9f1298e-d840-49d8-aac3-de81602aa1d5@group-E9810A644481, cid=2163, SUCCESS, logIndex=2982, commits[c9f1298e-d840-49d8-aac3-de81602aa1d5:c2983]
2019-08-30 23:40:12,638 [grpc-default-executor-1] INFO  client.GrpcClientProtocolClient (GrpcClientProtocolClient.java:onNext(255)) - client-7EF960CB3D58->c9f1298e-d840-49d8-aac3-de81602aa1d5: receive RaftClientReply:client-7EF960CB3D58->c9f1298e-d840-49d8-aac3-de81602aa1d5@group-E9810A644481, cid=2164, SUCCESS, logIndex=2983, commits[c9f1298e-d840-49d8-aac3-de81602aa1d5:c2983]
2019-08-30 23:40:12,696 [SCMBlockDeletingService#0] DEBUG block.SCMBlockDeletingService (SCMBlockDeletingService.java:call(138)) - Running DeletedBlockTransactionScanner
2019-08-30 23:40:12,697 [SCMBlockDeletingService#0] DEBUG block.SCMBlockDeletingService (SCMBlockDeletingService.java:call(155)) - Scanned deleted blocks log and got 0 delTX to process.
2019-08-30 23:40:12,791 [grpc-default-executor-1] INFO  client.GrpcClientProtocolClient (GrpcClientProtocolClient.java:onNext(255)) - client-7EF960CB3D58->c9f1298e-d840-49d8-aac3-de81602aa1d5: receive RaftClientReply:client-7EF960CB3D58->c9f1298e-d840-49d8-aac3-de81602aa1d5@group-E9810A644481, cid=2165, SUCCESS, logIndex=2986, commits[c9f1298e-d840-49d8-aac3-de81602aa1d5:c2987]
2019-08-30 23:40:12,792 [grpc-default-executor-1] INFO  client.GrpcClientProtocolClient (GrpcClientProtocolClient.java:onNext(255)) - client-7EF960CB3D58->c9f1298e-d840-49d8-aac3-de81602aa1d5: receive RaftClientReply:client-7EF960CB3D58->c9f1298e-d840-49d8-aac3-de81602aa1d5@group-E9810A644481, cid=2166, SUCCESS, logIndex=2987, commits[c9f1298e-d840-49d8-aac3-de81602aa1d5:c2987]
2019-08-30 23:40:12,797 [SCMBlockDeletingService#0] DEBUG block.SCMBlockDeletingService (SCMBlockDeletingService.java:call(138)) - Running DeletedBlockTransactionScanner
2019-08-30 23:40:12,797 [SCMBlockDeletingService#0] DEBUG block.SCMBlockDeletingService (SCMBlockDeletingService.java:call(155)) - Scanned deleted blocks log and got 0 delTX to process.
2019-08-30 23:40:12,802 [grpc-default-executor-1] INFO  client.GrpcClientProtocolClient (GrpcClientProtocolClient.java:onNext(255)) - client-7EF960CB3D58->c9f1298e-d840-49d8-aac3-de81602aa1d5: receive RaftClientReply:client-7EF960CB3D58->c9f1298e-d840-49d8-aac3-de81602aa1d5@group-E9810A644481, cid=2167, SUCCESS, logIndex=2988, commits[c9f1298e-d840-49d8-aac3-de81602aa1d5:c2989]
2019-08-30 23:40:12,803 [grpc-default-executor-1] INFO  client.GrpcClientProtocolClient (GrpcClientProtocolClient.java:onNext(255)) - client-7EF960CB3D58->c9f1298e-d840-49d8-aac3-de81602aa1d5: receive RaftClientReply:client-7EF960CB3D58->c9f1298e-d840-49d8-aac3-de81602aa1d5@group-E9810A644481, cid=2168, SUCCESS, logIndex=2989, commits[c9f1298e-d840-49d8-aac3-de81602aa1d5:c2989]
2019-08-30 23:40:12,832 [grpc-default-executor-0] INFO  client.GrpcClientProtocolClient (GrpcClientProtocolClient.java:onNext(255)) - client-7EF960CB3D58->c9f1298e-d840-49d8-aac3-de81602aa1d5: receive RaftClientReply:client-7EF960CB3D58->c9f1298e-d840-49d8-aac3-de81602aa1d5@group-E9810A644481, cid=2169, SUCCESS, logIndex=2992, commits[c9f1298e-d840-49d8-aac3-de81602aa1d5:c2993]
2019-08-30 23:40:12,833 [grpc-default-executor-0] INFO  client.GrpcClientProtocolClient (GrpcClientProtocolClient.java:onNext(255)) - client-7EF960CB3D58->c9f1298e-d840-49d8-aac3-de81602aa1d5: receive RaftClientReply:client-7EF960CB3D58->c9f1298e-d840-49d8-aac3-de81602aa1d5@group-E9810A644481, cid=2170, SUCCESS, logIndex=2993, commits[c9f1298e-d840-49d8-aac3-de81602aa1d5:c2993]
2019-08-30 23:40:12,840 [grpc-default-executor-0] INFO  client.GrpcClientProtocolClient (GrpcClientProtocolClient.java:onNext(255)) - client-7EF960CB3D58->c9f1298e-d840-49d8-aac3-de81602aa1d5: receive RaftClientReply:client-7EF960CB3D58->c9f1298e-d840-49d8-aac3-de81602aa1d5@group-E9810A644481, cid=2171, SUCCESS, logIndex=2994, commits[c9f1298e-d840-49d8-aac3-de81602aa1d5:c2995]
2019-08-30 23:40:12,840 [grpc-default-executor-0] INFO  client.GrpcClientProtocolClient (GrpcClientProtocolClient.java:onNext(255)) - client-7EF960CB3D58->c9f1298e-d840-49d8-aac3-de81602aa1d5: receive RaftClientReply:client-7EF960CB3D58->c9f1298e-d840-49d8-aac3-de81602aa1d5@group-E9810A644481, cid=2172, SUCCESS, logIndex=2995, commits[c9f1298e-d840-49d8-aac3-de81602aa1d5:c2995]
2019-08-30 23:40:12,861 [grpc-default-executor-0] INFO  client.GrpcClientProtocolClient (GrpcClientProtocolClient.java:onNext(255)) - client-7EF960CB3D58->c9f1298e-d840-49d8-aac3-de81602aa1d5: receive RaftClientReply:client-7EF960CB3D58->c9f1298e-d840-49d8-aac3-de81602aa1d5@group-E9810A644481, cid=2173, SUCCESS, logIndex=2998, commits[c9f1298e-d840-49d8-aac3-de81602aa1d5:c3001]
2019-08-30 23:40:12,862 [grpc-default-executor-0] INFO  client.GrpcClientProtocolClient (GrpcClientProtocolClient.java:onNext(255)) - client-7EF960CB3D58->c9f1298e-d840-49d8-aac3-de81602aa1d5: receive RaftClientReply:client-7EF960CB3D58->c9f1298e-d840-49d8-aac3-de81602aa1d5@group-E9810A644481, cid=2174, SUCCESS, logIndex=2999, commits[c9f1298e-d840-49d8-aac3-de81602aa1d5:c3001]
2019-08-30 23:40:12,862 [grpc-default-executor-0] INFO  client.GrpcClientProtocolClient (GrpcClientProtocolClient.java:onNext(255)) - client-7EF960CB3D58->c9f1298e-d840-49d8-aac3-de81602aa1d5: receive RaftClientReply:client-7EF960CB3D58->c9f1298e-d840-49d8-aac3-de81602aa1d5@group-E9810A644481, cid=2175, SUCCESS, logIndex=3000, commits[c9f1298e-d840-49d8-aac3-de81602aa1d5:c3001]
2019-08-30 23:40:12,863 [grpc-default-executor-0] INFO  client.GrpcClientProtocolClient (GrpcClientProtocolClient.java:onNext(255)) - client-7EF960CB3D58->c9f1298e-d840-49d8-aac3-de81602aa1d5: receive RaftClientReply:client-7EF960CB3D58->c9f1298e-d840-49d8-aac3-de81602aa1d5@group-E9810A644481, cid=2176, SUCCESS, logIndex=3001, commits[c9f1298e-d840-49d8-aac3-de81602aa1d5:c3001]
2019-08-30 23:40:12,897 [SCMBlockDeletingService#0] DEBUG block.SCMBlockDeletingService (SCMBlockDeletingService.java:call(138)) - Running DeletedBlockTransactionScanner
2019-08-30 23:40:12,898 [SCMBlockDeletingService#0] DEBUG block.SCMBlockDeletingService (SCMBlockDeletingService.java:call(155)) - Scanned deleted blocks log and got 0 delTX to process.
2019-08-30 23:40:12,907 [grpc-default-executor-0] INFO  client.GrpcClientProtocolClient (GrpcClientProtocolClient.java:onNext(255)) - client-7EF960CB3D58->c9f1298e-d840-49d8-aac3-de81602aa1d5: receive RaftClientReply:client-7EF960CB3D58->c9f1298e-d840-49d8-aac3-de81602aa1d5@group-E9810A644481, cid=2177, SUCCESS, logIndex=3003, commits[c9f1298e-d840-49d8-aac3-de81602aa1d5:c3004]
2019-08-30 23:40:12,908 [grpc-default-executor-0] INFO  client.GrpcClientProtocolClient (GrpcClientProtocolClient.java:onNext(255)) - client-7EF960CB3D58->c9f1298e-d840-49d8-aac3-de81602aa1d5: receive RaftClientReply:client-7EF960CB3D58->c9f1298e-d840-49d8-aac3-de81602aa1d5@group-E9810A644481, cid=2178, SUCCESS, logIndex=3004, commits[c9f1298e-d840-49d8-aac3-de81602aa1d5:c3004]
2019-08-30 23:40:12,909 [grpc-default-executor-0] INFO  client.GrpcClientProtocolClient (GrpcClientProtocolClient.java:onNext(255)) - client-7EF960CB3D58->c9f1298e-d840-49d8-aac3-de81602aa1d5: receive RaftClientReply:client-7EF960CB3D58->c9f1298e-d840-49d8-aac3-de81602aa1d5@group-E9810A644481, cid=2179, SUCCESS, logIndex=3005, commits[c9f1298e-d840-49d8-aac3-de81602aa1d5:c3006]
2019-08-30 23:40:12,910 [grpc-default-executor-0] INFO  client.GrpcClientProtocolClient (GrpcClientProtocolClient.java:onNext(255)) - client-7EF960CB3D58->c9f1298e-d840-49d8-aac3-de81602aa1d5: receive RaftClientReply:client-7EF960CB3D58->c9f1298e-d840-49d8-aac3-de81602aa1d5@group-E9810A644481, cid=2180, SUCCESS, logIndex=3006, commits[c9f1298e-d840-49d8-aac3-de81602aa1d5:c3006]
2019-08-30 23:40:12,930 [grpc-default-executor-1] INFO  client.GrpcClientProtocolClient (GrpcClientProtocolClient.java:onNext(255)) - client-7EF960CB3D58->c9f1298e-d840-49d8-aac3-de81602aa1d5: receive RaftClientReply:client-7EF960CB3D58->c9f1298e-d840-49d8-aac3-de81602aa1d5@group-E9810A644481, cid=2181, SUCCESS, logIndex=3009, commits[c9f1298e-d840-49d8-aac3-de81602aa1d5:c3010]
2019-08-30 23:40:12,931 [grpc-default-executor-1] INFO  client.GrpcClientProtocolClient (GrpcClientProtocolClient.java:onNext(255)) - client-7EF960CB3D58->c9f1298e-d840-49d8-aac3-de81602aa1d5: receive RaftClientReply:client-7EF960CB3D58->c9f1298e-d840-49d8-aac3-de81602aa1d5@group-E9810A644481, cid=2182, SUCCESS, logIndex=3010, commits[c9f1298e-d840-49d8-aac3-de81602aa1d5:c3010]
2019-08-30 23:40:12,938 [grpc-default-executor-1] INFO  client.GrpcClientProtocolClient (GrpcClientProtocolClient.java:onNext(255)) - client-7EF960CB3D58->c9f1298e-d840-49d8-aac3-de81602aa1d5: receive RaftClientReply:client-7EF960CB3D58->c9f1298e-d840-49d8-aac3-de81602aa1d5@group-E9810A644481, cid=2183, SUCCESS, logIndex=3011, commits[c9f1298e-d840-49d8-aac3-de81602aa1d5:c3012]
2019-08-30 23:40:12,939 [grpc-default-executor-1] INFO  client.GrpcClientProtocolClient (GrpcClientProtocolClient.java:onNext(255)) - client-7EF960CB3D58->c9f1298e-d840-49d8-aac3-de81602aa1d5: receive RaftClientReply:client-7EF960CB3D58->c9f1298e-d840-49d8-aac3-de81602aa1d5@group-E9810A644481, cid=2184, SUCCESS, logIndex=3012, commits[c9f1298e-d840-49d8-aac3-de81602aa1d5:c3012]
2019-08-30 23:40:12,969 [grpc-default-executor-0] INFO  client.GrpcClientProtocolClient (GrpcClientProtocolClient.java:onNext(255)) - client-7EF960CB3D58->c9f1298e-d840-49d8-aac3-de81602aa1d5: receive RaftClientReply:client-7EF960CB3D58->c9f1298e-d840-49d8-aac3-de81602aa1d5@group-E9810A644481, cid=2185, SUCCESS, logIndex=3015, commits[c9f1298e-d840-49d8-aac3-de81602aa1d5:c3016]
2019-08-30 23:40:12,970 [grpc-default-executor-0] INFO  client.GrpcClientProtocolClient (GrpcClientProtocolClient.java:onNext(255)) - client-7EF960CB3D58->c9f1298e-d840-49d8-aac3-de81602aa1d5: receive RaftClientReply:client-7EF960CB3D58->c9f1298e-d840-49d8-aac3-de81602aa1d5@group-E9810A644481, cid=2186, SUCCESS, logIndex=3016, commits[c9f1298e-d840-49d8-aac3-de81602aa1d5:c3016]
2019-08-30 23:40:12,971 [grpc-default-executor-0] INFO  client.GrpcClientProtocolClient (GrpcClientProtocolClient.java:onNext(255)) - client-7EF960CB3D58->c9f1298e-d840-49d8-aac3-de81602aa1d5: receive RaftClientReply:client-7EF960CB3D58->c9f1298e-d840-49d8-aac3-de81602aa1d5@group-E9810A644481, cid=2187, SUCCESS, logIndex=3017, commits[c9f1298e-d840-49d8-aac3-de81602aa1d5:c3018]
2019-08-30 23:40:12,971 [grpc-default-executor-0] INFO  client.GrpcClientProtocolClient (GrpcClientProtocolClient.java:onNext(255)) - client-7EF960CB3D58->c9f1298e-d840-49d8-aac3-de81602aa1d5: receive RaftClientReply:client-7EF960CB3D58->c9f1298e-d840-49d8-aac3-de81602aa1d5@group-E9810A644481, cid=2188, SUCCESS, logIndex=3018, commits[c9f1298e-d840-49d8-aac3-de81602aa1d5:c3018]
2019-08-30 23:40:12,985 [grpc-default-executor-0] INFO  client.GrpcClientProtocolClient (GrpcClientProtocolClient.java:onNext(255)) - client-7EF960CB3D58->c9f1298e-d840-49d8-aac3-de81602aa1d5: receive RaftClientReply:client-7EF960CB3D58->c9f1298e-d840-49d8-aac3-de81602aa1d5@group-E9810A644481, cid=2189, SUCCESS, logIndex=3021, commits[c9f1298e-d840-49d8-aac3-de81602aa1d5:c3024]
2019-08-30 23:40:12,986 [grpc-default-executor-0] INFO  client.GrpcClientProtocolClient (GrpcClientProtocolClient.java:onNext(255)) - client-7EF960CB3D58->c9f1298e-d840-49d8-aac3-de81602aa1d5: receive RaftClientReply:client-7EF960CB3D58->c9f1298e-d840-49d8-aac3-de81602aa1d5@group-E9810A644481, cid=2190, SUCCESS, logIndex=3022, commits[c9f1298e-d840-49d8-aac3-de81602aa1d5:c3024]
2019-08-30 23:40:12,986 [grpc-default-executor-0] INFO  client.GrpcClientProtocolClient (GrpcClientProtocolClient.java:onNext(255)) - client-7EF960CB3D58->c9f1298e-d840-49d8-aac3-de81602aa1d5: receive RaftClientReply:client-7EF960CB3D58->c9f1298e-d840-49d8-aac3-de81602aa1d5@group-E9810A644481, cid=2191, SUCCESS, logIndex=3023, commits[c9f1298e-d840-49d8-aac3-de81602aa1d5:c3024]
2019-08-30 23:40:12,986 [grpc-default-executor-0] INFO  client.GrpcClientProtocolClient (GrpcClientProtocolClient.java:onNext(255)) - client-7EF960CB3D58->c9f1298e-d840-49d8-aac3-de81602aa1d5: receive RaftClientReply:client-7EF960CB3D58->c9f1298e-d840-49d8-aac3-de81602aa1d5@group-E9810A644481, cid=2192, SUCCESS, logIndex=3024, commits[c9f1298e-d840-49d8-aac3-de81602aa1d5:c3024]
2019-08-30 23:40:12,998 [SCMBlockDeletingService#0] DEBUG block.SCMBlockDeletingService (SCMBlockDeletingService.java:call(138)) - Running DeletedBlockTransactionScanner
2019-08-30 23:40:12,998 [SCMBlockDeletingService#0] DEBUG block.SCMBlockDeletingService (SCMBlockDeletingService.java:call(155)) - Scanned deleted blocks log and got 0 delTX to process.
2019-08-30 23:40:13,015 [grpc-default-executor-1] INFO  client.GrpcClientProtocolClient (GrpcClientProtocolClient.java:onNext(255)) - client-7EF960CB3D58->c9f1298e-d840-49d8-aac3-de81602aa1d5: receive RaftClientReply:client-7EF960CB3D58->c9f1298e-d840-49d8-aac3-de81602aa1d5@group-E9810A644481, cid=2193, SUCCESS, logIndex=3026, commits[c9f1298e-d840-49d8-aac3-de81602aa1d5:c3027]
2019-08-30 23:40:13,015 [grpc-default-executor-1] INFO  client.GrpcClientProtocolClient (GrpcClientProtocolClient.java:onNext(255)) - client-7EF960CB3D58->c9f1298e-d840-49d8-aac3-de81602aa1d5: receive RaftClientReply:client-7EF960CB3D58->c9f1298e-d840-49d8-aac3-de81602aa1d5@group-E9810A644481, cid=2194, SUCCESS, logIndex=3027, commits[c9f1298e-d840-49d8-aac3-de81602aa1d5:c3027]
2019-08-30 23:40:13,026 [grpc-default-executor-1] INFO  client.GrpcClientProtocolClient (GrpcClientProtocolClient.java:onNext(255)) - client-7EF960CB3D58->c9f1298e-d840-49d8-aac3-de81602aa1d5: receive RaftClientReply:client-7EF960CB3D58->c9f1298e-d840-49d8-aac3-de81602aa1d5@group-E9810A644481, cid=2195, SUCCESS, logIndex=3028, commits[c9f1298e-d840-49d8-aac3-de81602aa1d5:c3029]
2019-08-30 23:40:13,026 [grpc-default-executor-1] INFO  client.GrpcClientProtocolClient (GrpcClientProtocolClient.java:onNext(255)) - client-7EF960CB3D58->c9f1298e-d840-49d8-aac3-de81602aa1d5: receive RaftClientReply:client-7EF960CB3D58->c9f1298e-d840-49d8-aac3-de81602aa1d5@group-E9810A644481, cid=2196, SUCCESS, logIndex=3029, commits[c9f1298e-d840-49d8-aac3-de81602aa1d5:c3029]
2019-08-30 23:40:13,053 [grpc-default-executor-1] INFO  client.GrpcClientProtocolClient (GrpcClientProtocolClient.java:onNext(255)) - client-7EF960CB3D58->c9f1298e-d840-49d8-aac3-de81602aa1d5: receive RaftClientReply:client-7EF960CB3D58->c9f1298e-d840-49d8-aac3-de81602aa1d5@group-E9810A644481, cid=2197, SUCCESS, logIndex=3032, commits[c9f1298e-d840-49d8-aac3-de81602aa1d5:c3035]
2019-08-30 23:40:13,053 [grpc-default-executor-1] INFO  client.GrpcClientProtocolClient (GrpcClientProtocolClient.java:onNext(255)) - client-7EF960CB3D58->c9f1298e-d840-49d8-aac3-de81602aa1d5: receive RaftClientReply:client-7EF960CB3D58->c9f1298e-d840-49d8-aac3-de81602aa1d5@group-E9810A644481, cid=2198, SUCCESS, logIndex=3033, commits[c9f1298e-d840-49d8-aac3-de81602aa1d5:c3035]
2019-08-30 23:40:13,054 [grpc-default-executor-1] INFO  client.GrpcClientProtocolClient (GrpcClientProtocolClient.java:onNext(255)) - client-7EF960CB3D58->c9f1298e-d840-49d8-aac3-de81602aa1d5: receive RaftClientReply:client-7EF960CB3D58->c9f1298e-d840-49d8-aac3-de81602aa1d5@group-E9810A644481, cid=2199, SUCCESS, logIndex=3034, commits[c9f1298e-d840-49d8-aac3-de81602aa1d5:c3035]
2019-08-30 23:40:13,054 [grpc-default-executor-1] INFO  client.GrpcClientProtocolClient (GrpcClientProtocolClient.java:onNext(255)) - client-7EF960CB3D58->c9f1298e-d840-49d8-aac3-de81602aa1d5: receive RaftClientReply:client-7EF960CB3D58->c9f1298e-d840-49d8-aac3-de81602aa1d5@group-E9810A644481, cid=2200, SUCCESS, logIndex=3035, commits[c9f1298e-d840-49d8-aac3-de81602aa1d5:c3035]
2019-08-30 23:40:13,084 [grpc-default-executor-1] INFO  client.GrpcClientProtocolClient (GrpcClientProtocolClient.java:onNext(255)) - client-7EF960CB3D58->c9f1298e-d840-49d8-aac3-de81602aa1d5: receive RaftClientReply:client-7EF960CB3D58->c9f1298e-d840-49d8-aac3-de81602aa1d5@group-E9810A644481, cid=2201, SUCCESS, logIndex=3037, commits[c9f1298e-d840-49d8-aac3-de81602aa1d5:c3038]
2019-08-30 23:40:13,084 [grpc-default-executor-1] INFO  client.GrpcClientProtocolClient (GrpcClientProtocolClient.java:onNext(255)) - client-7EF960CB3D58->c9f1298e-d840-49d8-aac3-de81602aa1d5: receive RaftClientReply:client-7EF960CB3D58->c9f1298e-d840-49d8-aac3-de81602aa1d5@group-E9810A644481, cid=2202, SUCCESS, logIndex=3038, commits[c9f1298e-d840-49d8-aac3-de81602aa1d5:c3038]
2019-08-30 23:40:13,086 [grpc-default-executor-1] INFO  client.GrpcClientProtocolClient (GrpcClientProtocolClient.java:onNext(255)) - client-7EF960CB3D58->c9f1298e-d840-49d8-aac3-de81602aa1d5: receive RaftClientReply:client-7EF960CB3D58->c9f1298e-d840-49d8-aac3-de81602aa1d5@group-E9810A644481, cid=2203, SUCCESS, logIndex=3039, commits[c9f1298e-d840-49d8-aac3-de81602aa1d5:c3041]
2019-08-30 23:40:13,086 [grpc-default-executor-1] INFO  client.GrpcClientProtocolClient (GrpcClientProtocolClient.java:onNext(255)) - client-7EF960CB3D58->c9f1298e-d840-49d8-aac3-de81602aa1d5: receive RaftClientReply:client-7EF960CB3D58->c9f1298e-d840-49d8-aac3-de81602aa1d5@group-E9810A644481, cid=2204, SUCCESS, logIndex=3040, commits[c9f1298e-d840-49d8-aac3-de81602aa1d5:c3041]
2019-08-30 23:40:13,099 [SCMBlockDeletingService#0] DEBUG block.SCMBlockDeletingService (SCMBlockDeletingService.java:call(138)) - Running DeletedBlockTransactionScanner
2019-08-30 23:40:13,099 [SCMBlockDeletingService#0] DEBUG block.SCMBlockDeletingService (SCMBlockDeletingService.java:call(155)) - Scanned deleted blocks log and got 0 delTX to process.
2019-08-30 23:40:13,099 [grpc-default-executor-1] INFO  client.GrpcClientProtocolClient (GrpcClientProtocolClient.java:onNext(255)) - client-7EF960CB3D58->c9f1298e-d840-49d8-aac3-de81602aa1d5: receive RaftClientReply:client-7EF960CB3D58->c9f1298e-d840-49d8-aac3-de81602aa1d5@group-E9810A644481, cid=2205, SUCCESS, logIndex=3042, commits[c9f1298e-d840-49d8-aac3-de81602aa1d5:c3043]
2019-08-30 23:40:13,099 [grpc-default-executor-1] INFO  client.GrpcClientProtocolClient (GrpcClientProtocolClient.java:onNext(255)) - client-7EF960CB3D58->c9f1298e-d840-49d8-aac3-de81602aa1d5: receive RaftClientReply:client-7EF960CB3D58->c9f1298e-d840-49d8-aac3-de81602aa1d5@group-E9810A644481, cid=2206, SUCCESS, logIndex=3043, commits[c9f1298e-d840-49d8-aac3-de81602aa1d5:c3043]
2019-08-30 23:40:13,109 [grpc-default-executor-1] INFO  client.GrpcClientProtocolClient (GrpcClientProtocolClient.java:onNext(255)) - client-7EF960CB3D58->c9f1298e-d840-49d8-aac3-de81602aa1d5: receive RaftClientReply:client-7EF960CB3D58->c9f1298e-d840-49d8-aac3-de81602aa1d5@group-E9810A644481, cid=2207, SUCCESS, logIndex=3044, commits[c9f1298e-d840-49d8-aac3-de81602aa1d5:c3046]
2019-08-30 23:40:13,110 [grpc-default-executor-1] INFO  client.GrpcClientProtocolClient (GrpcClientProtocolClient.java:onNext(255)) - client-7EF960CB3D58->c9f1298e-d840-49d8-aac3-de81602aa1d5: receive RaftClientReply:client-7EF960CB3D58->c9f1298e-d840-49d8-aac3-de81602aa1d5@group-E9810A644481, cid=2208, SUCCESS, logIndex=3045, commits[c9f1298e-d840-49d8-aac3-de81602aa1d5:c3046]
2019-08-30 23:40:13,138 [grpc-default-executor-0] INFO  client.GrpcClientProtocolClient (GrpcClientProtocolClient.java:onNext(255)) - client-7EF960CB3D58->c9f1298e-d840-49d8-aac3-de81602aa1d5: receive RaftClientReply:client-7EF960CB3D58->c9f1298e-d840-49d8-aac3-de81602aa1d5@group-E9810A644481, cid=2209, SUCCESS, logIndex=3047, commits[c9f1298e-d840-49d8-aac3-de81602aa1d5:c3048]
2019-08-30 23:40:13,139 [grpc-default-executor-0] INFO  client.GrpcClientProtocolClient (GrpcClientProtocolClient.java:onNext(255)) - client-7EF960CB3D58->c9f1298e-d840-49d8-aac3-de81602aa1d5: receive RaftClientReply:client-7EF960CB3D58->c9f1298e-d840-49d8-aac3-de81602aa1d5@group-E9810A644481, cid=2210, SUCCESS, logIndex=3048, commits[c9f1298e-d840-49d8-aac3-de81602aa1d5:c3048]
2019-08-30 23:40:13,199 [SCMBlockDeletingService#0] DEBUG block.SCMBlockDeletingService (SCMBlockDeletingService.java:call(138)) - Running DeletedBlockTransactionScanner
2019-08-30 23:40:13,200 [SCMBlockDeletingService#0] DEBUG block.SCMBlockDeletingService (SCMBlockDeletingService.java:call(155)) - Scanned deleted blocks log and got 0 delTX to process.
2019-08-30 23:40:13,268 [grpc-default-executor-1] INFO  client.GrpcClientProtocolClient (GrpcClientProtocolClient.java:onNext(255)) - client-7EF960CB3D58->c9f1298e-d840-49d8-aac3-de81602aa1d5: receive RaftClientReply:client-7EF960CB3D58->c9f1298e-d840-49d8-aac3-de81602aa1d5@group-E9810A644481, cid=2211, SUCCESS, logIndex=3050, commits[c9f1298e-d840-49d8-aac3-de81602aa1d5:c3051]
2019-08-30 23:40:13,268 [grpc-default-executor-1] INFO  client.GrpcClientProtocolClient (GrpcClientProtocolClient.java:onNext(255)) - client-7EF960CB3D58->c9f1298e-d840-49d8-aac3-de81602aa1d5: receive RaftClientReply:client-7EF960CB3D58->c9f1298e-d840-49d8-aac3-de81602aa1d5@group-E9810A644481, cid=2212, SUCCESS, logIndex=3051, commits[c9f1298e-d840-49d8-aac3-de81602aa1d5:c3051]
2019-08-30 23:40:13,288 [grpc-default-executor-1] INFO  client.GrpcClientProtocolClient (GrpcClientProtocolClient.java:onNext(255)) - client-7EF960CB3D58->c9f1298e-d840-49d8-aac3-de81602aa1d5: receive RaftClientReply:client-7EF960CB3D58->c9f1298e-d840-49d8-aac3-de81602aa1d5@group-E9810A644481, cid=2213, SUCCESS, logIndex=3053, commits[c9f1298e-d840-49d8-aac3-de81602aa1d5:c3054]
2019-08-30 23:40:13,289 [grpc-default-executor-1] INFO  client.GrpcClientProtocolClient (GrpcClientProtocolClient.java:onNext(255)) - client-7EF960CB3D58->c9f1298e-d840-49d8-aac3-de81602aa1d5: receive RaftClientReply:client-7EF960CB3D58->c9f1298e-d840-49d8-aac3-de81602aa1d5@group-E9810A644481, cid=2214, SUCCESS, logIndex=3054, commits[c9f1298e-d840-49d8-aac3-de81602aa1d5:c3054]
2019-08-30 23:40:13,298 [grpc-default-executor-1] INFO  client.GrpcClientProtocolClient (GrpcClientProtocolClient.java:onNext(255)) - client-7EF960CB3D58->c9f1298e-d840-49d8-aac3-de81602aa1d5: receive RaftClientReply:client-7EF960CB3D58->c9f1298e-d840-49d8-aac3-de81602aa1d5@group-E9810A644481, cid=2215, SUCCESS, logIndex=3055, commits[c9f1298e-d840-49d8-aac3-de81602aa1d5:c3056]
2019-08-30 23:40:13,298 [grpc-default-executor-1] INFO  client.GrpcClientProtocolClient (GrpcClientProtocolClient.java:onNext(255)) - client-7EF960CB3D58->c9f1298e-d840-49d8-aac3-de81602aa1d5: receive RaftClientReply:client-7EF960CB3D58->c9f1298e-d840-49d8-aac3-de81602aa1d5@group-E9810A644481, cid=2216, SUCCESS, logIndex=3056, commits[c9f1298e-d840-49d8-aac3-de81602aa1d5:c3056]
2019-08-30 23:40:13,300 [SCMBlockDeletingService#0] DEBUG block.SCMBlockDeletingService (SCMBlockDeletingService.java:call(138)) - Running DeletedBlockTransactionScanner
2019-08-30 23:40:13,300 [SCMBlockDeletingService#0] DEBUG block.SCMBlockDeletingService (SCMBlockDeletingService.java:call(155)) - Scanned deleted blocks log and got 0 delTX to process.
2019-08-30 23:40:13,509 [SCMBlockDeletingService#0] DEBUG block.SCMBlockDeletingService (SCMBlockDeletingService.java:call(138)) - Running DeletedBlockTransactionScanner
2019-08-30 23:40:13,510 [SCMBlockDeletingService#0] DEBUG block.SCMBlockDeletingService (SCMBlockDeletingService.java:call(155)) - Scanned deleted blocks log and got 0 delTX to process.
2019-08-30 23:40:13,517 [grpc-default-executor-1] INFO  client.GrpcClientProtocolClient (GrpcClientProtocolClient.java:onNext(255)) - client-7EF960CB3D58->c9f1298e-d840-49d8-aac3-de81602aa1d5: receive RaftClientReply:client-7EF960CB3D58->c9f1298e-d840-49d8-aac3-de81602aa1d5@group-E9810A644481, cid=2217, SUCCESS, logIndex=3059, commits[c9f1298e-d840-49d8-aac3-de81602aa1d5:c3062]
2019-08-30 23:40:13,518 [grpc-default-executor-1] INFO  client.GrpcClientProtocolClient (GrpcClientProtocolClient.java:onNext(255)) - client-7EF960CB3D58->c9f1298e-d840-49d8-aac3-de81602aa1d5: receive RaftClientReply:client-7EF960CB3D58->c9f1298e-d840-49d8-aac3-de81602aa1d5@group-E9810A644481, cid=2218, SUCCESS, logIndex=3060, commits[c9f1298e-d840-49d8-aac3-de81602aa1d5:c3062]
2019-08-30 23:40:13,518 [grpc-default-executor-1] INFO  client.GrpcClientProtocolClient (GrpcClientProtocolClient.java:onNext(255)) - client-7EF960CB3D58->c9f1298e-d840-49d8-aac3-de81602aa1d5: receive RaftClientReply:client-7EF960CB3D58->c9f1298e-d840-49d8-aac3-de81602aa1d5@group-E9810A644481, cid=2219, SUCCESS, logIndex=3061, commits[c9f1298e-d840-49d8-aac3-de81602aa1d5:c3062]
2019-08-30 23:40:13,519 [grpc-default-executor-1] INFO  client.GrpcClientProtocolClient (GrpcClientProtocolClient.java:onNext(255)) - client-7EF960CB3D58->c9f1298e-d840-49d8-aac3-de81602aa1d5: receive RaftClientReply:client-7EF960CB3D58->c9f1298e-d840-49d8-aac3-de81602aa1d5@group-E9810A644481, cid=2220, SUCCESS, logIndex=3062, commits[c9f1298e-d840-49d8-aac3-de81602aa1d5:c3062]
2019-08-30 23:40:13,555 [grpc-default-executor-1] INFO  client.GrpcClientProtocolClient (GrpcClientProtocolClient.java:onNext(255)) - client-7EF960CB3D58->c9f1298e-d840-49d8-aac3-de81602aa1d5: receive RaftClientReply:client-7EF960CB3D58->c9f1298e-d840-49d8-aac3-de81602aa1d5@group-E9810A644481, cid=2221, SUCCESS, logIndex=3064, commits[c9f1298e-d840-49d8-aac3-de81602aa1d5:c3065]
2019-08-30 23:40:13,555 [grpc-default-executor-1] INFO  client.GrpcClientProtocolClient (GrpcClientProtocolClient.java:onNext(255)) - client-7EF960CB3D58->c9f1298e-d840-49d8-aac3-de81602aa1d5: receive RaftClientReply:client-7EF960CB3D58->c9f1298e-d840-49d8-aac3-de81602aa1d5@group-E9810A644481, cid=2222, SUCCESS, logIndex=3065, commits[c9f1298e-d840-49d8-aac3-de81602aa1d5:c3065]
2019-08-30 23:40:13,569 [grpc-default-executor-1] INFO  client.GrpcClientProtocolClient (GrpcClientProtocolClient.java:onNext(255)) - client-7EF960CB3D58->c9f1298e-d840-49d8-aac3-de81602aa1d5: receive RaftClientReply:client-7EF960CB3D58->c9f1298e-d840-49d8-aac3-de81602aa1d5@group-E9810A644481, cid=2223, SUCCESS, logIndex=3066, commits[c9f1298e-d840-49d8-aac3-de81602aa1d5:c3067]
2019-08-30 23:40:13,570 [grpc-default-executor-1] INFO  client.GrpcClientProtocolClient (GrpcClientProtocolClient.java:onNext(255)) - client-7EF960CB3D58->c9f1298e-d840-49d8-aac3-de81602aa1d5: receive RaftClientReply:client-7EF960CB3D58->c9f1298e-d840-49d8-aac3-de81602aa1d5@group-E9810A644481, cid=2224, SUCCESS, logIndex=3067, commits[c9f1298e-d840-49d8-aac3-de81602aa1d5:c3067]
2019-08-30 23:40:13,596 [grpc-default-executor-1] INFO  client.GrpcClientProtocolClient (GrpcClientProtocolClient.java:onNext(255)) - client-7EF960CB3D58->c9f1298e-d840-49d8-aac3-de81602aa1d5: receive RaftClientReply:client-7EF960CB3D58->c9f1298e-d840-49d8-aac3-de81602aa1d5@group-E9810A644481, cid=2225, SUCCESS, logIndex=3070, commits[c9f1298e-d840-49d8-aac3-de81602aa1d5:c3071]
2019-08-30 23:40:13,597 [grpc-default-executor-1] INFO  client.GrpcClientProtocolClient (GrpcClientProtocolClient.java:onNext(255)) - client-7EF960CB3D58->c9f1298e-d840-49d8-aac3-de81602aa1d5: receive RaftClientReply:client-7EF960CB3D58->c9f1298e-d840-49d8-aac3-de81602aa1d5@group-E9810A644481, cid=2226, SUCCESS, logIndex=3071, commits[c9f1298e-d840-49d8-aac3-de81602aa1d5:c3071]
2019-08-30 23:40:13,602 [grpc-default-executor-1] INFO  client.GrpcClientProtocolClient (GrpcClientProtocolClient.java:onNext(255)) - client-7EF960CB3D58->c9f1298e-d840-49d8-aac3-de81602aa1d5: receive RaftClientReply:client-7EF960CB3D58->c9f1298e-d840-49d8-aac3-de81602aa1d5@group-E9810A644481, cid=2227, SUCCESS, logIndex=3072, commits[c9f1298e-d840-49d8-aac3-de81602aa1d5:c3073]
2019-08-30 23:40:13,602 [grpc-default-executor-1] INFO  client.GrpcClientProtocolClient (GrpcClientProtocolClient.java:onNext(255)) - client-7EF960CB3D58->c9f1298e-d840-49d8-aac3-de81602aa1d5: receive RaftClientReply:client-7EF960CB3D58->c9f1298e-d840-49d8-aac3-de81602aa1d5@group-E9810A644481, cid=2228, SUCCESS, logIndex=3073, commits[c9f1298e-d840-49d8-aac3-de81602aa1d5:c3073]
2019-08-30 23:40:13,610 [SCMBlockDeletingService#0] DEBUG block.SCMBlockDeletingService (SCMBlockDeletingService.java:call(138)) - Running DeletedBlockTransactionScanner
2019-08-30 23:40:13,610 [SCMBlockDeletingService#0] DEBUG block.SCMBlockDeletingService (SCMBlockDeletingService.java:call(155)) - Scanned deleted blocks log and got 0 delTX to process.
2019-08-30 23:40:13,623 [grpc-default-executor-1] INFO  client.GrpcClientProtocolClient (GrpcClientProtocolClient.java:onNext(255)) - client-7EF960CB3D58->c9f1298e-d840-49d8-aac3-de81602aa1d5: receive RaftClientReply:client-7EF960CB3D58->c9f1298e-d840-49d8-aac3-de81602aa1d5@group-E9810A644481, cid=2229, SUCCESS, logIndex=3076, commits[c9f1298e-d840-49d8-aac3-de81602aa1d5:c3079]
2019-08-30 23:40:13,623 [grpc-default-executor-1] INFO  client.GrpcClientProtocolClient (GrpcClientProtocolClient.java:onNext(255)) - client-7EF960CB3D58->c9f1298e-d840-49d8-aac3-de81602aa1d5: receive RaftClientReply:client-7EF960CB3D58->c9f1298e-d840-49d8-aac3-de81602aa1d5@group-E9810A644481, cid=2230, SUCCESS, logIndex=3077, commits[c9f1298e-d840-49d8-aac3-de81602aa1d5:c3079]
2019-08-30 23:40:13,624 [grpc-default-executor-1] INFO  client.GrpcClientProtocolClient (GrpcClientProtocolClient.java:onNext(255)) - client-7EF960CB3D58->c9f1298e-d840-49d8-aac3-de81602aa1d5: receive RaftClientReply:client-7EF960CB3D58->c9f1298e-d840-49d8-aac3-de81602aa1d5@group-E9810A644481, cid=2231, SUCCESS, logIndex=3078, commits[c9f1298e-d840-49d8-aac3-de81602aa1d5:c3079]
2019-08-30 23:40:13,624 [grpc-default-executor-1] INFO  client.GrpcClientProtocolClient (GrpcClientProtocolClient.java:onNext(255)) - client-7EF960CB3D58->c9f1298e-d840-49d8-aac3-de81602aa1d5: receive RaftClientReply:client-7EF960CB3D58->c9f1298e-d840-49d8-aac3-de81602aa1d5@group-E9810A644481, cid=2232, SUCCESS, logIndex=3079, commits[c9f1298e-d840-49d8-aac3-de81602aa1d5:c3079]
2019-08-30 23:40:13,649 [grpc-default-executor-1] INFO  client.GrpcClientProtocolClient (GrpcClientProtocolClient.java:onNext(255)) - client-7EF960CB3D58->c9f1298e-d840-49d8-aac3-de81602aa1d5: receive RaftClientReply:client-7EF960CB3D58->c9f1298e-d840-49d8-aac3-de81602aa1d5@group-E9810A644481, cid=2233, SUCCESS, logIndex=3081, commits[c9f1298e-d840-49d8-aac3-de81602aa1d5:c3084]
2019-08-30 23:40:13,649 [grpc-default-executor-1] INFO  client.GrpcClientProtocolClient (GrpcClientProtocolClient.java:onNext(255)) - client-7EF960CB3D58->c9f1298e-d840-49d8-aac3-de81602aa1d5: receive RaftClientReply:client-7EF960CB3D58->c9f1298e-d840-49d8-aac3-de81602aa1d5@group-E9810A644481, cid=2234, SUCCESS, logIndex=3082, commits[c9f1298e-d840-49d8-aac3-de81602aa1d5:c3084]
2019-08-30 23:40:13,650 [grpc-default-executor-1] INFO  client.GrpcClientProtocolClient (GrpcClientProtocolClient.java:onNext(255)) - client-7EF960CB3D58->c9f1298e-d840-49d8-aac3-de81602aa1d5: receive RaftClientReply:client-7EF960CB3D58->c9f1298e-d840-49d8-aac3-de81602aa1d5@group-E9810A644481, cid=2235, SUCCESS, logIndex=3083, commits[c9f1298e-d840-49d8-aac3-de81602aa1d5:c3084]
2019-08-30 23:40:13,650 [grpc-default-executor-1] INFO  client.GrpcClientProtocolClient (GrpcClientProtocolClient.java:onNext(255)) - client-7EF960CB3D58->c9f1298e-d840-49d8-aac3-de81602aa1d5: receive RaftClientReply:client-7EF960CB3D58->c9f1298e-d840-49d8-aac3-de81602aa1d5@group-E9810A644481, cid=2236, SUCCESS, logIndex=3084, commits[c9f1298e-d840-49d8-aac3-de81602aa1d5:c3084]
2019-08-30 23:40:13,669 [grpc-default-executor-0] INFO  client.GrpcClientProtocolClient (GrpcClientProtocolClient.java:onNext(255)) - client-7EF960CB3D58->c9f1298e-d840-49d8-aac3-de81602aa1d5: receive RaftClientReply:client-7EF960CB3D58->c9f1298e-d840-49d8-aac3-de81602aa1d5@group-E9810A644481, cid=2237, SUCCESS, logIndex=3086, commits[c9f1298e-d840-49d8-aac3-de81602aa1d5:c3089]
2019-08-30 23:40:13,670 [grpc-default-executor-0] INFO  client.GrpcClientProtocolClient (GrpcClientProtocolClient.java:onNext(255)) - client-7EF960CB3D58->c9f1298e-d840-49d8-aac3-de81602aa1d5: receive RaftClientReply:client-7EF960CB3D58->c9f1298e-d840-49d8-aac3-de81602aa1d5@group-E9810A644481, cid=2238, SUCCESS, logIndex=3087, commits[c9f1298e-d840-49d8-aac3-de81602aa1d5:c3089]
2019-08-30 23:40:13,670 [grpc-default-executor-0] INFO  client.GrpcClientProtocolClient (GrpcClientProtocolClient.java:onNext(255)) - client-7EF960CB3D58->c9f1298e-d840-49d8-aac3-de81602aa1d5: receive RaftClientReply:client-7EF960CB3D58->c9f1298e-d840-49d8-aac3-de81602aa1d5@group-E9810A644481, cid=2239, SUCCESS, logIndex=3088, commits[c9f1298e-d840-49d8-aac3-de81602aa1d5:c3089]
2019-08-30 23:40:13,670 [grpc-default-executor-0] INFO  client.GrpcClientProtocolClient (GrpcClientProtocolClient.java:onNext(255)) - client-7EF960CB3D58->c9f1298e-d840-49d8-aac3-de81602aa1d5: receive RaftClientReply:client-7EF960CB3D58->c9f1298e-d840-49d8-aac3-de81602aa1d5@group-E9810A644481, cid=2240, SUCCESS, logIndex=3089, commits[c9f1298e-d840-49d8-aac3-de81602aa1d5:c3089]
2019-08-30 23:40:13,694 [grpc-default-executor-1] INFO  client.GrpcClientProtocolClient (GrpcClientProtocolClient.java:onNext(255)) - client-7EF960CB3D58->c9f1298e-d840-49d8-aac3-de81602aa1d5: receive RaftClientReply:client-7EF960CB3D58->c9f1298e-d840-49d8-aac3-de81602aa1d5@group-E9810A644481, cid=2241, SUCCESS, logIndex=3091, commits[c9f1298e-d840-49d8-aac3-de81602aa1d5:c3094]
2019-08-30 23:40:13,694 [grpc-default-executor-1] INFO  client.GrpcClientProtocolClient (GrpcClientProtocolClient.java:onNext(255)) - client-7EF960CB3D58->c9f1298e-d840-49d8-aac3-de81602aa1d5: receive RaftClientReply:client-7EF960CB3D58->c9f1298e-d840-49d8-aac3-de81602aa1d5@group-E9810A644481, cid=2242, SUCCESS, logIndex=3092, commits[c9f1298e-d840-49d8-aac3-de81602aa1d5:c3094]
2019-08-30 23:40:13,695 [grpc-default-executor-1] INFO  client.GrpcClientProtocolClient (GrpcClientProtocolClient.java:onNext(255)) - client-7EF960CB3D58->c9f1298e-d840-49d8-aac3-de81602aa1d5: receive RaftClientReply:client-7EF960CB3D58->c9f1298e-d840-49d8-aac3-de81602aa1d5@group-E9810A644481, cid=2243, SUCCESS, logIndex=3093, commits[c9f1298e-d840-49d8-aac3-de81602aa1d5:c3094]
2019-08-30 23:40:13,695 [grpc-default-executor-1] INFO  client.GrpcClientProtocolClient (GrpcClientProtocolClient.java:onNext(255)) - client-7EF960CB3D58->c9f1298e-d840-49d8-aac3-de81602aa1d5: receive RaftClientReply:client-7EF960CB3D58->c9f1298e-d840-49d8-aac3-de81602aa1d5@group-E9810A644481, cid=2244, SUCCESS, logIndex=3094, commits[c9f1298e-d840-49d8-aac3-de81602aa1d5:c3094]
2019-08-30 23:40:13,708 [grpc-default-executor-0] INFO  client.GrpcClientProtocolClient (GrpcClientProtocolClient.java:onNext(255)) - client-7EF960CB3D58->c9f1298e-d840-49d8-aac3-de81602aa1d5: receive RaftClientReply:client-7EF960CB3D58->c9f1298e-d840-49d8-aac3-de81602aa1d5@group-E9810A644481, cid=2245, SUCCESS, logIndex=3096, commits[c9f1298e-d840-49d8-aac3-de81602aa1d5:c3099]
2019-08-30 23:40:13,709 [grpc-default-executor-0] INFO  client.GrpcClientProtocolClient (GrpcClientProtocolClient.java:onNext(255)) - client-7EF960CB3D58->c9f1298e-d840-49d8-aac3-de81602aa1d5: receive RaftClientReply:client-7EF960CB3D58->c9f1298e-d840-49d8-aac3-de81602aa1d5@group-E9810A644481, cid=2246, SUCCESS, logIndex=3097, commits[c9f1298e-d840-49d8-aac3-de81602aa1d5:c3099]
2019-08-30 23:40:13,709 [grpc-default-executor-0] INFO  client.GrpcClientProtocolClient (GrpcClientProtocolClient.java:onNext(255)) - client-7EF960CB3D58->c9f1298e-d840-49d8-aac3-de81602aa1d5: receive RaftClientReply:client-7EF960CB3D58->c9f1298e-d840-49d8-aac3-de81602aa1d5@group-E9810A644481, cid=2247, SUCCESS, logIndex=3098, commits[c9f1298e-d840-49d8-aac3-de81602aa1d5:c3099]
2019-08-30 23:40:13,709 [grpc-default-executor-0] INFO  client.GrpcClientProtocolClient (GrpcClientProtocolClient.java:onNext(255)) - client-7EF960CB3D58->c9f1298e-d840-49d8-aac3-de81602aa1d5: receive RaftClientReply:client-7EF960CB3D58->c9f1298e-d840-49d8-aac3-de81602aa1d5@group-E9810A644481, cid=2248, SUCCESS, logIndex=3099, commits[c9f1298e-d840-49d8-aac3-de81602aa1d5:c3099]
2019-08-30 23:40:13,714 [SCMBlockDeletingService#0] DEBUG block.SCMBlockDeletingService (SCMBlockDeletingService.java:call(138)) - Running DeletedBlockTransactionScanner
2019-08-30 23:40:13,714 [SCMBlockDeletingService#0] DEBUG block.SCMBlockDeletingService (SCMBlockDeletingService.java:call(155)) - Scanned deleted blocks log and got 0 delTX to process.
2019-08-30 23:40:13,742 [grpc-default-executor-0] INFO  client.GrpcClientProtocolClient (GrpcClientProtocolClient.java:onNext(255)) - client-7EF960CB3D58->c9f1298e-d840-49d8-aac3-de81602aa1d5: receive RaftClientReply:client-7EF960CB3D58->c9f1298e-d840-49d8-aac3-de81602aa1d5@group-E9810A644481, cid=2249, SUCCESS, logIndex=3101, commits[c9f1298e-d840-49d8-aac3-de81602aa1d5:c3104]
2019-08-30 23:40:13,743 [grpc-default-executor-0] INFO  client.GrpcClientProtocolClient (GrpcClientProtocolClient.java:onNext(255)) - client-7EF960CB3D58->c9f1298e-d840-49d8-aac3-de81602aa1d5: receive RaftClientReply:client-7EF960CB3D58->c9f1298e-d840-49d8-aac3-de81602aa1d5@group-E9810A644481, cid=2250, SUCCESS, logIndex=3102, commits[c9f1298e-d840-49d8-aac3-de81602aa1d5:c3104]
2019-08-30 23:40:13,743 [grpc-default-executor-0] INFO  client.GrpcClientProtocolClient (GrpcClientProtocolClient.java:onNext(255)) - client-7EF960CB3D58->c9f1298e-d840-49d8-aac3-de81602aa1d5: receive RaftClientReply:client-7EF960CB3D58->c9f1298e-d840-49d8-aac3-de81602aa1d5@group-E9810A644481, cid=2251, SUCCESS, logIndex=3103, commits[c9f1298e-d840-49d8-aac3-de81602aa1d5:c3104]
2019-08-30 23:40:13,743 [grpc-default-executor-0] INFO  client.GrpcClientProtocolClient (GrpcClientProtocolClient.java:onNext(255)) - client-7EF960CB3D58->c9f1298e-d840-49d8-aac3-de81602aa1d5: receive RaftClientReply:client-7EF960CB3D58->c9f1298e-d840-49d8-aac3-de81602aa1d5@group-E9810A644481, cid=2252, SUCCESS, logIndex=3104, commits[c9f1298e-d840-49d8-aac3-de81602aa1d5:c3104]
2019-08-30 23:40:13,761 [grpc-default-executor-0] INFO  client.GrpcClientProtocolClient (GrpcClientProtocolClient.java:onNext(255)) - client-7EF960CB3D58->c9f1298e-d840-49d8-aac3-de81602aa1d5: receive RaftClientReply:client-7EF960CB3D58->c9f1298e-d840-49d8-aac3-de81602aa1d5@group-E9810A644481, cid=2253, SUCCESS, logIndex=3106, commits[c9f1298e-d840-49d8-aac3-de81602aa1d5:c3107]
2019-08-30 23:40:13,761 [grpc-default-executor-0] INFO  client.GrpcClientProtocolClient (GrpcClientProtocolClient.java:onNext(255)) - client-7EF960CB3D58->c9f1298e-d840-49d8-aac3-de81602aa1d5: receive RaftClientReply:client-7EF960CB3D58->c9f1298e-d840-49d8-aac3-de81602aa1d5@group-E9810A644481, cid=2254, SUCCESS, logIndex=3107, commits[c9f1298e-d840-49d8-aac3-de81602aa1d5:c3107]
2019-08-30 23:40:13,814 [SCMBlockDeletingService#0] DEBUG block.SCMBlockDeletingService (SCMBlockDeletingService.java:call(138)) - Running DeletedBlockTransactionScanner
2019-08-30 23:40:13,815 [SCMBlockDeletingService#0] DEBUG block.SCMBlockDeletingService (SCMBlockDeletingService.java:call(155)) - Scanned deleted blocks log and got 0 delTX to process.
2019-08-30 23:40:13,848 [grpc-default-executor-1] INFO  client.GrpcClientProtocolClient (GrpcClientProtocolClient.java:onNext(255)) - client-7EF960CB3D58->c9f1298e-d840-49d8-aac3-de81602aa1d5: receive RaftClientReply:client-7EF960CB3D58->c9f1298e-d840-49d8-aac3-de81602aa1d5@group-E9810A644481, cid=2255, SUCCESS, logIndex=3109, commits[c9f1298e-d840-49d8-aac3-de81602aa1d5:c3110]
2019-08-30 23:40:13,848 [grpc-default-executor-1] INFO  client.GrpcClientProtocolClient (GrpcClientProtocolClient.java:onNext(255)) - client-7EF960CB3D58->c9f1298e-d840-49d8-aac3-de81602aa1d5: receive RaftClientReply:client-7EF960CB3D58->c9f1298e-d840-49d8-aac3-de81602aa1d5@group-E9810A644481, cid=2256, SUCCESS, logIndex=3110, commits[c9f1298e-d840-49d8-aac3-de81602aa1d5:c3110]
2019-08-30 23:40:13,876 [grpc-default-executor-1] INFO  client.GrpcClientProtocolClient (GrpcClientProtocolClient.java:onNext(255)) - client-7EF960CB3D58->c9f1298e-d840-49d8-aac3-de81602aa1d5: receive RaftClientReply:client-7EF960CB3D58->c9f1298e-d840-49d8-aac3-de81602aa1d5@group-E9810A644481, cid=2257, SUCCESS, logIndex=3112, commits[c9f1298e-d840-49d8-aac3-de81602aa1d5:c3115]
2019-08-30 23:40:13,877 [grpc-default-executor-1] INFO  client.GrpcClientProtocolClient (GrpcClientProtocolClient.java:onNext(255)) - client-7EF960CB3D58->c9f1298e-d840-49d8-aac3-de81602aa1d5: receive RaftClientReply:client-7EF960CB3D58->c9f1298e-d840-49d8-aac3-de81602aa1d5@group-E9810A644481, cid=2258, SUCCESS, logIndex=3113, commits[c9f1298e-d840-49d8-aac3-de81602aa1d5:c3115]
2019-08-30 23:40:13,877 [grpc-default-executor-1] INFO  client.GrpcClientProtocolClient (GrpcClientProtocolClient.java:onNext(255)) - client-7EF960CB3D58->c9f1298e-d840-49d8-aac3-de81602aa1d5: receive RaftClientReply:client-7EF960CB3D58->c9f1298e-d840-49d8-aac3-de81602aa1d5@group-E9810A644481, cid=2259, SUCCESS, logIndex=3114, commits[c9f1298e-d840-49d8-aac3-de81602aa1d5:c3115]
2019-08-30 23:40:13,877 [grpc-default-executor-1] INFO  client.GrpcClientProtocolClient (GrpcClientProtocolClient.java:onNext(255)) - client-7EF960CB3D58->c9f1298e-d840-49d8-aac3-de81602aa1d5: receive RaftClientReply:client-7EF960CB3D58->c9f1298e-d840-49d8-aac3-de81602aa1d5@group-E9810A644481, cid=2260, SUCCESS, logIndex=3115, commits[c9f1298e-d840-49d8-aac3-de81602aa1d5:c3115]
2019-08-30 23:40:13,892 [grpc-default-executor-0] INFO  client.GrpcClientProtocolClient (GrpcClientProtocolClient.java:onNext(255)) - client-7EF960CB3D58->c9f1298e-d840-49d8-aac3-de81602aa1d5: receive RaftClientReply:client-7EF960CB3D58->c9f1298e-d840-49d8-aac3-de81602aa1d5@group-E9810A644481, cid=2261, SUCCESS, logIndex=3117, commits[c9f1298e-d840-49d8-aac3-de81602aa1d5:c3118]
2019-08-30 23:40:13,893 [grpc-default-executor-0] INFO  client.GrpcClientProtocolClient (GrpcClientProtocolClient.java:onNext(255)) - client-7EF960CB3D58->c9f1298e-d840-49d8-aac3-de81602aa1d5: receive RaftClientReply:client-7EF960CB3D58->c9f1298e-d840-49d8-aac3-de81602aa1d5@group-E9810A644481, cid=2262, SUCCESS, logIndex=3118, commits[c9f1298e-d840-49d8-aac3-de81602aa1d5:c3118]
2019-08-30 23:40:13,911 [grpc-default-executor-0] INFO  client.GrpcClientProtocolClient (GrpcClientProtocolClient.java:onNext(255)) - client-7EF960CB3D58->c9f1298e-d840-49d8-aac3-de81602aa1d5: receive RaftClientReply:client-7EF960CB3D58->c9f1298e-d840-49d8-aac3-de81602aa1d5@group-E9810A644481, cid=2263, SUCCESS, logIndex=3119, commits[c9f1298e-d840-49d8-aac3-de81602aa1d5:c3121]
2019-08-30 23:40:13,912 [grpc-default-executor-0] INFO  client.GrpcClientProtocolClient (GrpcClientProtocolClient.java:onNext(255)) - client-7EF960CB3D58->c9f1298e-d840-49d8-aac3-de81602aa1d5: receive RaftClientReply:client-7EF960CB3D58->c9f1298e-d840-49d8-aac3-de81602aa1d5@group-E9810A644481, cid=2264, SUCCESS, logIndex=3120, commits[c9f1298e-d840-49d8-aac3-de81602aa1d5:c3121]
2019-08-30 23:40:13,915 [SCMBlockDeletingService#1] DEBUG block.SCMBlockDeletingService (SCMBlockDeletingService.java:call(138)) - Running DeletedBlockTransactionScanner
2019-08-30 23:40:13,915 [SCMBlockDeletingService#1] DEBUG block.SCMBlockDeletingService (SCMBlockDeletingService.java:call(155)) - Scanned deleted blocks log and got 0 delTX to process.
2019-08-30 23:40:13,935 [grpc-default-executor-0] INFO  client.GrpcClientProtocolClient (GrpcClientProtocolClient.java:onNext(255)) - client-7EF960CB3D58->c9f1298e-d840-49d8-aac3-de81602aa1d5: receive RaftClientReply:client-7EF960CB3D58->c9f1298e-d840-49d8-aac3-de81602aa1d5@group-E9810A644481, cid=2265, SUCCESS, logIndex=3122, commits[c9f1298e-d840-49d8-aac3-de81602aa1d5:c3125]
2019-08-30 23:40:13,935 [grpc-default-executor-0] INFO  client.GrpcClientProtocolClient (GrpcClientProtocolClient.java:onNext(255)) - client-7EF960CB3D58->c9f1298e-d840-49d8-aac3-de81602aa1d5: receive RaftClientReply:client-7EF960CB3D58->c9f1298e-d840-49d8-aac3-de81602aa1d5@group-E9810A644481, cid=2266, SUCCESS, logIndex=3123, commits[c9f1298e-d840-49d8-aac3-de81602aa1d5:c3125]
2019-08-30 23:40:13,935 [grpc-default-executor-0] INFO  client.GrpcClientProtocolClient (GrpcClientProtocolClient.java:onNext(255)) - client-7EF960CB3D58->c9f1298e-d840-49d8-aac3-de81602aa1d5: receive RaftClientReply:client-7EF960CB3D58->c9f1298e-d840-49d8-aac3-de81602aa1d5@group-E9810A644481, cid=2267, SUCCESS, logIndex=3124, commits[c9f1298e-d840-49d8-aac3-de81602aa1d5:c3126]
2019-08-30 23:40:13,936 [grpc-default-executor-0] INFO  client.GrpcClientProtocolClient (GrpcClientProtocolClient.java:onNext(255)) - client-7EF960CB3D58->c9f1298e-d840-49d8-aac3-de81602aa1d5: receive RaftClientReply:client-7EF960CB3D58->c9f1298e-d840-49d8-aac3-de81602aa1d5@group-E9810A644481, cid=2268, SUCCESS, logIndex=3125, commits[c9f1298e-d840-49d8-aac3-de81602aa1d5:c3126]
2019-08-30 23:40:13,953 [grpc-default-executor-0] INFO  client.GrpcClientProtocolClient (GrpcClientProtocolClient.java:onNext(255)) - client-7EF960CB3D58->c9f1298e-d840-49d8-aac3-de81602aa1d5: receive RaftClientReply:client-7EF960CB3D58->c9f1298e-d840-49d8-aac3-de81602aa1d5@group-E9810A644481, cid=2269, SUCCESS, logIndex=3127, commits[c9f1298e-d840-49d8-aac3-de81602aa1d5:c3130]
2019-08-30 23:40:13,953 [grpc-default-executor-0] INFO  client.GrpcClientProtocolClient (GrpcClientProtocolClient.java:onNext(255)) - client-7EF960CB3D58->c9f1298e-d840-49d8-aac3-de81602aa1d5: receive RaftClientReply:client-7EF960CB3D58->c9f1298e-d840-49d8-aac3-de81602aa1d5@group-E9810A644481, cid=2270, SUCCESS, logIndex=3128, commits[c9f1298e-d840-49d8-aac3-de81602aa1d5:c3130]
2019-08-30 23:40:13,954 [grpc-default-executor-1] INFO  client.GrpcClientProtocolClient (GrpcClientProtocolClient.java:onNext(255)) - client-7EF960CB3D58->c9f1298e-d840-49d8-aac3-de81602aa1d5: receive RaftClientReply:client-7EF960CB3D58->c9f1298e-d840-49d8-aac3-de81602aa1d5@group-E9810A644481, cid=2271, SUCCESS, logIndex=3129, commits[c9f1298e-d840-49d8-aac3-de81602aa1d5:c3130]
2019-08-30 23:40:13,954 [grpc-default-executor-1] INFO  client.GrpcClientProtocolClient (GrpcClientProtocolClient.java:onNext(255)) - client-7EF960CB3D58->c9f1298e-d840-49d8-aac3-de81602aa1d5: receive RaftClientReply:client-7EF960CB3D58->c9f1298e-d840-49d8-aac3-de81602aa1d5@group-E9810A644481, cid=2272, SUCCESS, logIndex=3130, commits[c9f1298e-d840-49d8-aac3-de81602aa1d5:c3130]
2019-08-30 23:40:13,977 [grpc-default-executor-1] INFO  client.GrpcClientProtocolClient (GrpcClientProtocolClient.java:onNext(255)) - client-7EF960CB3D58->c9f1298e-d840-49d8-aac3-de81602aa1d5: receive RaftClientReply:client-7EF960CB3D58->c9f1298e-d840-49d8-aac3-de81602aa1d5@group-E9810A644481, cid=2273, SUCCESS, logIndex=3132, commits[c9f1298e-d840-49d8-aac3-de81602aa1d5:c3135]
2019-08-30 23:40:13,978 [grpc-default-executor-1] INFO  client.GrpcClientProtocolClient (GrpcClientProtocolClient.java:onNext(255)) - client-7EF960CB3D58->c9f1298e-d840-49d8-aac3-de81602aa1d5: receive RaftClientReply:client-7EF960CB3D58->c9f1298e-d840-49d8-aac3-de81602aa1d5@group-E9810A644481, cid=2274, SUCCESS, logIndex=3133, commits[c9f1298e-d840-49d8-aac3-de81602aa1d5:c3135]
2019-08-30 23:40:13,978 [grpc-default-executor-1] INFO  client.GrpcClientProtocolClient (GrpcClientProtocolClient.java:onNext(255)) - client-7EF960CB3D58->c9f1298e-d840-49d8-aac3-de81602aa1d5: receive RaftClientReply:client-7EF960CB3D58->c9f1298e-d840-49d8-aac3-de81602aa1d5@group-E9810A644481, cid=2275, SUCCESS, logIndex=3134, commits[c9f1298e-d840-49d8-aac3-de81602aa1d5:c3135]
2019-08-30 23:40:13,979 [grpc-default-executor-1] INFO  client.GrpcClientProtocolClient (GrpcClientProtocolClient.java:onNext(255)) - client-7EF960CB3D58->c9f1298e-d840-49d8-aac3-de81602aa1d5: receive RaftClientReply:client-7EF960CB3D58->c9f1298e-d840-49d8-aac3-de81602aa1d5@group-E9810A644481, cid=2276, SUCCESS, logIndex=3135, commits[c9f1298e-d840-49d8-aac3-de81602aa1d5:c3135]
2019-08-30 23:40:13,991 [grpc-default-executor-1] INFO  client.GrpcClientProtocolClient (GrpcClientProtocolClient.java:onNext(255)) - client-7EF960CB3D58->c9f1298e-d840-49d8-aac3-de81602aa1d5: receive RaftClientReply:client-7EF960CB3D58->c9f1298e-d840-49d8-aac3-de81602aa1d5@group-E9810A644481, cid=2277, SUCCESS, logIndex=3137, commits[c9f1298e-d840-49d8-aac3-de81602aa1d5:c3138]
2019-08-30 23:40:13,991 [grpc-default-executor-0] INFO  client.GrpcClientProtocolClient (GrpcClientProtocolClient.java:onNext(255)) - client-7EF960CB3D58->c9f1298e-d840-49d8-aac3-de81602aa1d5: receive RaftClientReply:client-7EF960CB3D58->c9f1298e-d840-49d8-aac3-de81602aa1d5@group-E9810A644481, cid=2278, SUCCESS, logIndex=3138, commits[c9f1298e-d840-49d8-aac3-de81602aa1d5:c3138]
2019-08-30 23:40:13,997 [grpc-default-executor-0] INFO  client.GrpcClientProtocolClient (GrpcClientProtocolClient.java:onNext(255)) - client-7EF960CB3D58->c9f1298e-d840-49d8-aac3-de81602aa1d5: receive RaftClientReply:client-7EF960CB3D58->c9f1298e-d840-49d8-aac3-de81602aa1d5@group-E9810A644481, cid=2279, SUCCESS, logIndex=3139, commits[c9f1298e-d840-49d8-aac3-de81602aa1d5:c3140]
2019-08-30 23:40:13,997 [grpc-default-executor-0] INFO  client.GrpcClientProtocolClient (GrpcClientProtocolClient.java:onNext(255)) - client-7EF960CB3D58->c9f1298e-d840-49d8-aac3-de81602aa1d5: receive RaftClientReply:client-7EF960CB3D58->c9f1298e-d840-49d8-aac3-de81602aa1d5@group-E9810A644481, cid=2280, SUCCESS, logIndex=3140, commits[c9f1298e-d840-49d8-aac3-de81602aa1d5:c3140]
2019-08-30 23:40:14,016 [SCMBlockDeletingService#1] DEBUG block.SCMBlockDeletingService (SCMBlockDeletingService.java:call(138)) - Running DeletedBlockTransactionScanner
2019-08-30 23:40:14,016 [SCMBlockDeletingService#1] DEBUG block.SCMBlockDeletingService (SCMBlockDeletingService.java:call(155)) - Scanned deleted blocks log and got 0 delTX to process.
2019-08-30 23:40:14,019 [grpc-default-executor-1] INFO  client.GrpcClientProtocolClient (GrpcClientProtocolClient.java:onNext(255)) - client-7EF960CB3D58->c9f1298e-d840-49d8-aac3-de81602aa1d5: receive RaftClientReply:client-7EF960CB3D58->c9f1298e-d840-49d8-aac3-de81602aa1d5@group-E9810A644481, cid=2281, SUCCESS, logIndex=3143, commits[c9f1298e-d840-49d8-aac3-de81602aa1d5:c3146]
2019-08-30 23:40:14,020 [grpc-default-executor-1] INFO  client.GrpcClientProtocolClient (GrpcClientProtocolClient.java:onNext(255)) - client-7EF960CB3D58->c9f1298e-d840-49d8-aac3-de81602aa1d5: receive RaftClientReply:client-7EF960CB3D58->c9f1298e-d840-49d8-aac3-de81602aa1d5@group-E9810A644481, cid=2282, SUCCESS, logIndex=3144, commits[c9f1298e-d840-49d8-aac3-de81602aa1d5:c3146]
2019-08-30 23:40:14,020 [grpc-default-executor-1] INFO  client.GrpcClientProtocolClient (GrpcClientProtocolClient.java:onNext(255)) - client-7EF960CB3D58->c9f1298e-d840-49d8-aac3-de81602aa1d5: receive RaftClientReply:client-7EF960CB3D58->c9f1298e-d840-49d8-aac3-de81602aa1d5@group-E9810A644481, cid=2283, SUCCESS, logIndex=3145, commits[c9f1298e-d840-49d8-aac3-de81602aa1d5:c3146]
2019-08-30 23:40:14,020 [grpc-default-executor-1] INFO  client.GrpcClientProtocolClient (GrpcClientProtocolClient.java:onNext(255)) - client-7EF960CB3D58->c9f1298e-d840-49d8-aac3-de81602aa1d5: receive RaftClientReply:client-7EF960CB3D58->c9f1298e-d840-49d8-aac3-de81602aa1d5@group-E9810A644481, cid=2284, SUCCESS, logIndex=3146, commits[c9f1298e-d840-49d8-aac3-de81602aa1d5:c3146]
2019-08-30 23:40:14,051 [grpc-default-executor-1] INFO  client.GrpcClientProtocolClient (GrpcClientProtocolClient.java:onNext(255)) - client-7EF960CB3D58->c9f1298e-d840-49d8-aac3-de81602aa1d5: receive RaftClientReply:client-7EF960CB3D58->c9f1298e-d840-49d8-aac3-de81602aa1d5@group-E9810A644481, cid=2285, SUCCESS, logIndex=3148, commits[c9f1298e-d840-49d8-aac3-de81602aa1d5:c3151]
2019-08-30 23:40:14,051 [grpc-default-executor-1] INFO  client.GrpcClientProtocolClient (GrpcClientProtocolClient.java:onNext(255)) - client-7EF960CB3D58->c9f1298e-d840-49d8-aac3-de81602aa1d5: receive RaftClientReply:client-7EF960CB3D58->c9f1298e-d840-49d8-aac3-de81602aa1d5@group-E9810A644481, cid=2286, SUCCESS, logIndex=3149, commits[c9f1298e-d840-49d8-aac3-de81602aa1d5:c3151]
2019-08-30 23:40:14,052 [grpc-default-executor-1] INFO  client.GrpcClientProtocolClient (GrpcClientProtocolClient.java:onNext(255)) - client-7EF960CB3D58->c9f1298e-d840-49d8-aac3-de81602aa1d5: receive RaftClientReply:client-7EF960CB3D58->c9f1298e-d840-49d8-aac3-de81602aa1d5@group-E9810A644481, cid=2287, SUCCESS, logIndex=3150, commits[c9f1298e-d840-49d8-aac3-de81602aa1d5:c3151]
2019-08-30 23:40:14,052 [grpc-default-executor-1] INFO  client.GrpcClientProtocolClient (GrpcClientProtocolClient.java:onNext(255)) - client-7EF960CB3D58->c9f1298e-d840-49d8-aac3-de81602aa1d5: receive RaftClientReply:client-7EF960CB3D58->c9f1298e-d840-49d8-aac3-de81602aa1d5@group-E9810A644481, cid=2288, SUCCESS, logIndex=3151, commits[c9f1298e-d840-49d8-aac3-de81602aa1d5:c3151]
2019-08-30 23:40:14,073 [grpc-default-executor-1] INFO  client.GrpcClientProtocolClient (GrpcClientProtocolClient.java:onNext(255)) - client-7EF960CB3D58->c9f1298e-d840-49d8-aac3-de81602aa1d5: receive RaftClientReply:client-7EF960CB3D58->c9f1298e-d840-49d8-aac3-de81602aa1d5@group-E9810A644481, cid=2289, SUCCESS, logIndex=3153, commits[c9f1298e-d840-49d8-aac3-de81602aa1d5:c3156]
2019-08-30 23:40:14,073 [grpc-default-executor-1] INFO  client.GrpcClientProtocolClient (GrpcClientProtocolClient.java:onNext(255)) - client-7EF960CB3D58->c9f1298e-d840-49d8-aac3-de81602aa1d5: receive RaftClientReply:client-7EF960CB3D58->c9f1298e-d840-49d8-aac3-de81602aa1d5@group-E9810A644481, cid=2290, SUCCESS, logIndex=3154, commits[c9f1298e-d840-49d8-aac3-de81602aa1d5:c3156]
2019-08-30 23:40:14,074 [grpc-default-executor-1] INFO  client.GrpcClientProtocolClient (GrpcClientProtocolClient.java:onNext(255)) - client-7EF960CB3D58->c9f1298e-d840-49d8-aac3-de81602aa1d5: receive RaftClientReply:client-7EF960CB3D58->c9f1298e-d840-49d8-aac3-de81602aa1d5@group-E9810A644481, cid=2291, SUCCESS, logIndex=3155, commits[c9f1298e-d840-49d8-aac3-de81602aa1d5:c3156]
2019-08-30 23:40:14,074 [grpc-default-executor-1] INFO  client.GrpcClientProtocolClient (GrpcClientProtocolClient.java:onNext(255)) - client-7EF960CB3D58->c9f1298e-d840-49d8-aac3-de81602aa1d5: receive RaftClientReply:client-7EF960CB3D58->c9f1298e-d840-49d8-aac3-de81602aa1d5@group-E9810A644481, cid=2292, SUCCESS, logIndex=3156, commits[c9f1298e-d840-49d8-aac3-de81602aa1d5:c3157]
2019-08-30 23:40:14,085 [grpc-default-executor-1] INFO  client.GrpcClientProtocolClient (GrpcClientProtocolClient.java:onNext(255)) - client-7EF960CB3D58->c9f1298e-d840-49d8-aac3-de81602aa1d5: receive RaftClientReply:client-7EF960CB3D58->c9f1298e-d840-49d8-aac3-de81602aa1d5@group-E9810A644481, cid=2293, SUCCESS, logIndex=3158, commits[c9f1298e-d840-49d8-aac3-de81602aa1d5:c3159]
2019-08-30 23:40:14,085 [grpc-default-executor-1] INFO  client.GrpcClientProtocolClient (GrpcClientProtocolClient.java:onNext(255)) - client-7EF960CB3D58->c9f1298e-d840-49d8-aac3-de81602aa1d5: receive RaftClientReply:client-7EF960CB3D58->c9f1298e-d840-49d8-aac3-de81602aa1d5@group-E9810A644481, cid=2294, SUCCESS, logIndex=3159, commits[c9f1298e-d840-49d8-aac3-de81602aa1d5:c3159]
2019-08-30 23:40:14,089 [grpc-default-executor-1] INFO  client.GrpcClientProtocolClient (GrpcClientProtocolClient.java:onNext(255)) - client-7EF960CB3D58->c9f1298e-d840-49d8-aac3-de81602aa1d5: receive RaftClientReply:client-7EF960CB3D58->c9f1298e-d840-49d8-aac3-de81602aa1d5@group-E9810A644481, cid=2295, SUCCESS, logIndex=3160, commits[c9f1298e-d840-49d8-aac3-de81602aa1d5:c3161]
2019-08-30 23:40:14,090 [grpc-default-executor-1] INFO  client.GrpcClientProtocolClient (GrpcClientProtocolClient.java:onNext(255)) - client-7EF960CB3D58->c9f1298e-d840-49d8-aac3-de81602aa1d5: receive RaftClientReply:client-7EF960CB3D58->c9f1298e-d840-49d8-aac3-de81602aa1d5@group-E9810A644481, cid=2296, SUCCESS, logIndex=3161, commits[c9f1298e-d840-49d8-aac3-de81602aa1d5:c3161]
2019-08-30 23:40:14,115 [grpc-default-executor-0] INFO  client.GrpcClientProtocolClient (GrpcClientProtocolClient.java:onNext(255)) - client-7EF960CB3D58->c9f1298e-d840-49d8-aac3-de81602aa1d5: receive RaftClientReply:client-7EF960CB3D58->c9f1298e-d840-49d8-aac3-de81602aa1d5@group-E9810A644481, cid=2297, SUCCESS, logIndex=3164, commits[c9f1298e-d840-49d8-aac3-de81602aa1d5:c3165]
2019-08-30 23:40:14,115 [grpc-default-executor-0] INFO  client.GrpcClientProtocolClient (GrpcClientProtocolClient.java:onNext(255)) - client-7EF960CB3D58->c9f1298e-d840-49d8-aac3-de81602aa1d5: receive RaftClientReply:client-7EF960CB3D58->c9f1298e-d840-49d8-aac3-de81602aa1d5@group-E9810A644481, cid=2298, SUCCESS, logIndex=3165, commits[c9f1298e-d840-49d8-aac3-de81602aa1d5:c3165]
2019-08-30 23:40:14,117 [SCMBlockDeletingService#0] DEBUG block.SCMBlockDeletingService (SCMBlockDeletingService.java:call(138)) - Running DeletedBlockTransactionScanner
2019-08-30 23:40:14,117 [SCMBlockDeletingService#0] DEBUG block.SCMBlockDeletingService (SCMBlockDeletingService.java:call(155)) - Scanned deleted blocks log and got 0 delTX to process.
2019-08-30 23:40:14,217 [SCMBlockDeletingService#0] DEBUG block.SCMBlockDeletingService (SCMBlockDeletingService.java:call(138)) - Running DeletedBlockTransactionScanner
2019-08-30 23:40:14,218 [SCMBlockDeletingService#0] DEBUG block.SCMBlockDeletingService (SCMBlockDeletingService.java:call(155)) - Scanned deleted blocks log and got 0 delTX to process.
2019-08-30 23:40:14,232 [grpc-default-executor-1] INFO  client.GrpcClientProtocolClient (GrpcClientProtocolClient.java:onNext(255)) - client-7EF960CB3D58->c9f1298e-d840-49d8-aac3-de81602aa1d5: receive RaftClientReply:client-7EF960CB3D58->c9f1298e-d840-49d8-aac3-de81602aa1d5@group-E9810A644481, cid=2299, SUCCESS, logIndex=3167, commits[c9f1298e-d840-49d8-aac3-de81602aa1d5:c3168]
2019-08-30 23:40:14,232 [grpc-default-executor-1] INFO  client.GrpcClientProtocolClient (GrpcClientProtocolClient.java:onNext(255)) - client-7EF960CB3D58->c9f1298e-d840-49d8-aac3-de81602aa1d5: receive RaftClientReply:client-7EF960CB3D58->c9f1298e-d840-49d8-aac3-de81602aa1d5@group-E9810A644481, cid=2300, SUCCESS, logIndex=3168, commits[c9f1298e-d840-49d8-aac3-de81602aa1d5:c3168]
2019-08-30 23:40:14,251 [grpc-default-executor-1] INFO  client.GrpcClientProtocolClient (GrpcClientProtocolClient.java:onNext(255)) - client-7EF960CB3D58->c9f1298e-d840-49d8-aac3-de81602aa1d5: receive RaftClientReply:client-7EF960CB3D58->c9f1298e-d840-49d8-aac3-de81602aa1d5@group-E9810A644481, cid=2301, SUCCESS, logIndex=3170, commits[c9f1298e-d840-49d8-aac3-de81602aa1d5:c3173]
2019-08-30 23:40:14,252 [grpc-default-executor-1] INFO  client.GrpcClientProtocolClient (GrpcClientProtocolClient.java:onNext(255)) - client-7EF960CB3D58->c9f1298e-d840-49d8-aac3-de81602aa1d5: receive RaftClientReply:client-7EF960CB3D58->c9f1298e-d840-49d8-aac3-de81602aa1d5@group-E9810A644481, cid=2302, SUCCESS, logIndex=3171, commits[c9f1298e-d840-49d8-aac3-de81602aa1d5:c3173]
2019-08-30 23:40:14,252 [grpc-default-executor-1] INFO  client.GrpcClientProtocolClient (GrpcClientProtocolClient.java:onNext(255)) - client-7EF960CB3D58->c9f1298e-d840-49d8-aac3-de81602aa1d5: receive RaftClientReply:client-7EF960CB3D58->c9f1298e-d840-49d8-aac3-de81602aa1d5@group-E9810A644481, cid=2303, SUCCESS, logIndex=3172, commits[c9f1298e-d840-49d8-aac3-de81602aa1d5:c3173]
2019-08-30 23:40:14,253 [grpc-default-executor-1] INFO  client.GrpcClientProtocolClient (GrpcClientProtocolClient.java:onNext(255)) - client-7EF960CB3D58->c9f1298e-d840-49d8-aac3-de81602aa1d5: receive RaftClientReply:client-7EF960CB3D58->c9f1298e-d840-49d8-aac3-de81602aa1d5@group-E9810A644481, cid=2304, SUCCESS, logIndex=3173, commits[c9f1298e-d840-49d8-aac3-de81602aa1d5:c3173]
2019-08-30 23:40:14,281 [grpc-default-executor-1] INFO  client.GrpcClientProtocolClient (GrpcClientProtocolClient.java:onNext(255)) - client-7EF960CB3D58->c9f1298e-d840-49d8-aac3-de81602aa1d5: receive RaftClientReply:client-7EF960CB3D58->c9f1298e-d840-49d8-aac3-de81602aa1d5@group-E9810A644481, cid=2305, SUCCESS, logIndex=3175, commits[c9f1298e-d840-49d8-aac3-de81602aa1d5:c3178]
2019-08-30 23:40:14,281 [grpc-default-executor-1] INFO  client.GrpcClientProtocolClient (GrpcClientProtocolClient.java:onNext(255)) - client-7EF960CB3D58->c9f1298e-d840-49d8-aac3-de81602aa1d5: receive RaftClientReply:client-7EF960CB3D58->c9f1298e-d840-49d8-aac3-de81602aa1d5@group-E9810A644481, cid=2306, SUCCESS, logIndex=3176, commits[c9f1298e-d840-49d8-aac3-de81602aa1d5:c3178]
2019-08-30 23:40:14,282 [grpc-default-executor-1] INFO  client.GrpcClientProtocolClient (GrpcClientProtocolClient.java:onNext(255)) - client-7EF960CB3D58->c9f1298e-d840-49d8-aac3-de81602aa1d5: receive RaftClientReply:client-7EF960CB3D58->c9f1298e-d840-49d8-aac3-de81602aa1d5@group-E9810A644481, cid=2307, SUCCESS, logIndex=3177, commits[c9f1298e-d840-49d8-aac3-de81602aa1d5:c3178]
2019-08-30 23:40:14,282 [grpc-default-executor-1] INFO  client.GrpcClientProtocolClient (GrpcClientProtocolClient.java:onNext(255)) - client-7EF960CB3D58->c9f1298e-d840-49d8-aac3-de81602aa1d5: receive RaftClientReply:client-7EF960CB3D58->c9f1298e-d840-49d8-aac3-de81602aa1d5@group-E9810A644481, cid=2308, SUCCESS, logIndex=3178, commits[c9f1298e-d840-49d8-aac3-de81602aa1d5:c3178]
2019-08-30 23:40:14,302 [grpc-default-executor-1] INFO  client.GrpcClientProtocolClient (GrpcClientProtocolClient.java:onNext(255)) - client-7EF960CB3D58->c9f1298e-d840-49d8-aac3-de81602aa1d5: receive RaftClientReply:client-7EF960CB3D58->c9f1298e-d840-49d8-aac3-de81602aa1d5@group-E9810A644481, cid=2309, SUCCESS, logIndex=3180, commits[c9f1298e-d840-49d8-aac3-de81602aa1d5:c3181]
2019-08-30 23:40:14,302 [grpc-default-executor-1] INFO  client.GrpcClientProtocolClient (GrpcClientProtocolClient.java:onNext(255)) - client-7EF960CB3D58->c9f1298e-d840-49d8-aac3-de81602aa1d5: receive RaftClientReply:client-7EF960CB3D58->c9f1298e-d840-49d8-aac3-de81602aa1d5@group-E9810A644481, cid=2310, SUCCESS, logIndex=3181, commits[c9f1298e-d840-49d8-aac3-de81602aa1d5:c3181]
2019-08-30 23:40:14,310 [grpc-default-executor-1] INFO  client.GrpcClientProtocolClient (GrpcClientProtocolClient.java:onNext(255)) - client-7EF960CB3D58->c9f1298e-d840-49d8-aac3-de81602aa1d5: receive RaftClientReply:client-7EF960CB3D58->c9f1298e-d840-49d8-aac3-de81602aa1d5@group-E9810A644481, cid=2311, SUCCESS, logIndex=3182, commits[c9f1298e-d840-49d8-aac3-de81602aa1d5:c3183]
2019-08-30 23:40:14,311 [grpc-default-executor-1] INFO  client.GrpcClientProtocolClient (GrpcClientProtocolClient.java:onNext(255)) - client-7EF960CB3D58->c9f1298e-d840-49d8-aac3-de81602aa1d5: receive RaftClientReply:client-7EF960CB3D58->c9f1298e-d840-49d8-aac3-de81602aa1d5@group-E9810A644481, cid=2312, SUCCESS, logIndex=3183, commits[c9f1298e-d840-49d8-aac3-de81602aa1d5:c3183]
2019-08-30 23:40:14,318 [SCMBlockDeletingService#0] DEBUG block.SCMBlockDeletingService (SCMBlockDeletingService.java:call(138)) - Running DeletedBlockTransactionScanner
2019-08-30 23:40:14,318 [SCMBlockDeletingService#0] DEBUG block.SCMBlockDeletingService (SCMBlockDeletingService.java:call(155)) - Scanned deleted blocks log and got 0 delTX to process.
2019-08-30 23:40:14,456 [SCMBlockDeletingService#0] DEBUG block.SCMBlockDeletingService (SCMBlockDeletingService.java:call(138)) - Running DeletedBlockTransactionScanner
2019-08-30 23:40:14,457 [SCMBlockDeletingService#0] DEBUG block.SCMBlockDeletingService (SCMBlockDeletingService.java:call(155)) - Scanned deleted blocks log and got 0 delTX to process.
2019-08-30 23:40:14,466 [grpc-default-executor-0] INFO  client.GrpcClientProtocolClient (GrpcClientProtocolClient.java:onNext(255)) - client-7EF960CB3D58->c9f1298e-d840-49d8-aac3-de81602aa1d5: receive RaftClientReply:client-7EF960CB3D58->c9f1298e-d840-49d8-aac3-de81602aa1d5@group-E9810A644481, cid=2313, SUCCESS, logIndex=3186, commits[c9f1298e-d840-49d8-aac3-de81602aa1d5:c3187]
2019-08-30 23:40:14,467 [grpc-default-executor-0] INFO  client.GrpcClientProtocolClient (GrpcClientProtocolClient.java:onNext(255)) - client-7EF960CB3D58->c9f1298e-d840-49d8-aac3-de81602aa1d5: receive RaftClientReply:client-7EF960CB3D58->c9f1298e-d840-49d8-aac3-de81602aa1d5@group-E9810A644481, cid=2314, SUCCESS, logIndex=3187, commits[c9f1298e-d840-49d8-aac3-de81602aa1d5:c3187]
2019-08-30 23:40:14,471 [grpc-default-executor-0] INFO  client.GrpcClientProtocolClient (GrpcClientProtocolClient.java:onNext(255)) - client-7EF960CB3D58->c9f1298e-d840-49d8-aac3-de81602aa1d5: receive RaftClientReply:client-7EF960CB3D58->c9f1298e-d840-49d8-aac3-de81602aa1d5@group-E9810A644481, cid=2315, SUCCESS, logIndex=3188, commits[c9f1298e-d840-49d8-aac3-de81602aa1d5:c3189]
2019-08-30 23:40:14,471 [grpc-default-executor-0] INFO  client.GrpcClientProtocolClient (GrpcClientProtocolClient.java:onNext(255)) - client-7EF960CB3D58->c9f1298e-d840-49d8-aac3-de81602aa1d5: receive RaftClientReply:client-7EF960CB3D58->c9f1298e-d840-49d8-aac3-de81602aa1d5@group-E9810A644481, cid=2316, SUCCESS, logIndex=3189, commits[c9f1298e-d840-49d8-aac3-de81602aa1d5:c3189]
2019-08-30 23:40:14,493 [grpc-default-executor-0] INFO  client.GrpcClientProtocolClient (GrpcClientProtocolClient.java:onNext(255)) - client-7EF960CB3D58->c9f1298e-d840-49d8-aac3-de81602aa1d5: receive RaftClientReply:client-7EF960CB3D58->c9f1298e-d840-49d8-aac3-de81602aa1d5@group-E9810A644481, cid=2317, SUCCESS, logIndex=3192, commits[c9f1298e-d840-49d8-aac3-de81602aa1d5:c3195]
2019-08-30 23:40:14,494 [grpc-default-executor-0] INFO  client.GrpcClientProtocolClient (GrpcClientProtocolClient.java:onNext(255)) - client-7EF960CB3D58->c9f1298e-d840-49d8-aac3-de81602aa1d5: receive RaftClientReply:client-7EF960CB3D58->c9f1298e-d840-49d8-aac3-de81602aa1d5@group-E9810A644481, cid=2318, SUCCESS, logIndex=3193, commits[c9f1298e-d840-49d8-aac3-de81602aa1d5:c3195]
2019-08-30 23:40:14,494 [grpc-default-executor-0] INFO  client.GrpcClientProtocolClient (GrpcClientProtocolClient.java:onNext(255)) - client-7EF960CB3D58->c9f1298e-d840-49d8-aac3-de81602aa1d5: receive RaftClientReply:client-7EF960CB3D58->c9f1298e-d840-49d8-aac3-de81602aa1d5@group-E9810A644481, cid=2319, SUCCESS, logIndex=3194, commits[c9f1298e-d840-49d8-aac3-de81602aa1d5:c3195]
2019-08-30 23:40:14,494 [grpc-default-executor-0] INFO  client.GrpcClientProtocolClient (GrpcClientProtocolClient.java:onNext(255)) - client-7EF960CB3D58->c9f1298e-d840-49d8-aac3-de81602aa1d5: receive RaftClientReply:client-7EF960CB3D58->c9f1298e-d840-49d8-aac3-de81602aa1d5@group-E9810A644481, cid=2320, SUCCESS, logIndex=3195, commits[c9f1298e-d840-49d8-aac3-de81602aa1d5:c3195]
2019-08-30 23:40:14,542 [grpc-default-executor-0] INFO  client.GrpcClientProtocolClient (GrpcClientProtocolClient.java:onNext(255)) - client-7EF960CB3D58->c9f1298e-d840-49d8-aac3-de81602aa1d5: receive RaftClientReply:client-7EF960CB3D58->c9f1298e-d840-49d8-aac3-de81602aa1d5@group-E9810A644481, cid=2321, SUCCESS, logIndex=3197, commits[c9f1298e-d840-49d8-aac3-de81602aa1d5:c3200]
2019-08-30 23:40:14,543 [grpc-default-executor-0] INFO  client.GrpcClientProtocolClient (GrpcClientProtocolClient.java:onNext(255)) - client-7EF960CB3D58->c9f1298e-d840-49d8-aac3-de81602aa1d5: receive RaftClientReply:client-7EF960CB3D58->c9f1298e-d840-49d8-aac3-de81602aa1d5@group-E9810A644481, cid=2322, SUCCESS, logIndex=3198, commits[c9f1298e-d840-49d8-aac3-de81602aa1d5:c3200]
2019-08-30 23:40:14,543 [grpc-default-executor-0] INFO  client.GrpcClientProtocolClient (GrpcClientProtocolClient.java:onNext(255)) - client-7EF960CB3D58->c9f1298e-d840-49d8-aac3-de81602aa1d5: receive RaftClientReply:client-7EF960CB3D58->c9f1298e-d840-49d8-aac3-de81602aa1d5@group-E9810A644481, cid=2323, SUCCESS, logIndex=3199, commits[c9f1298e-d840-49d8-aac3-de81602aa1d5:c3200]
2019-08-30 23:40:14,543 [grpc-default-executor-0] INFO  client.GrpcClientProtocolClient (GrpcClientProtocolClient.java:onNext(255)) - client-7EF960CB3D58->c9f1298e-d840-49d8-aac3-de81602aa1d5: receive RaftClientReply:client-7EF960CB3D58->c9f1298e-d840-49d8-aac3-de81602aa1d5@group-E9810A644481, cid=2324, SUCCESS, logIndex=3200, commits[c9f1298e-d840-49d8-aac3-de81602aa1d5:c3200]
2019-08-30 23:40:14,557 [SCMBlockDeletingService#0] DEBUG block.SCMBlockDeletingService (SCMBlockDeletingService.java:call(138)) - Running DeletedBlockTransactionScanner
2019-08-30 23:40:14,557 [SCMBlockDeletingService#0] DEBUG block.SCMBlockDeletingService (SCMBlockDeletingService.java:call(155)) - Scanned deleted blocks log and got 0 delTX to process.
2019-08-30 23:40:14,583 [grpc-default-executor-1] INFO  client.GrpcClientProtocolClient (GrpcClientProtocolClient.java:onNext(255)) - client-7EF960CB3D58->c9f1298e-d840-49d8-aac3-de81602aa1d5: receive RaftClientReply:client-7EF960CB3D58->c9f1298e-d840-49d8-aac3-de81602aa1d5@group-E9810A644481, cid=2325, SUCCESS, logIndex=3202, commits[c9f1298e-d840-49d8-aac3-de81602aa1d5:c3205]
2019-08-30 23:40:14,584 [grpc-default-executor-1] INFO  client.GrpcClientProtocolClient (GrpcClientProtocolClient.java:onNext(255)) - client-7EF960CB3D58->c9f1298e-d840-49d8-aac3-de81602aa1d5: receive RaftClientReply:client-7EF960CB3D58->c9f1298e-d840-49d8-aac3-de81602aa1d5@group-E9810A644481, cid=2326, SUCCESS, logIndex=3203, commits[c9f1298e-d840-49d8-aac3-de81602aa1d5:c3205]
2019-08-30 23:40:14,584 [grpc-default-executor-1] INFO  client.GrpcClientProtocolClient (GrpcClientProtocolClient.java:onNext(255)) - client-7EF960CB3D58->c9f1298e-d840-49d8-aac3-de81602aa1d5: receive RaftClientReply:client-7EF960CB3D58->c9f1298e-d840-49d8-aac3-de81602aa1d5@group-E9810A644481, cid=2327, SUCCESS, logIndex=3204, commits[c9f1298e-d840-49d8-aac3-de81602aa1d5:c3205]
2019-08-30 23:40:14,584 [grpc-default-executor-1] INFO  client.GrpcClientProtocolClient (GrpcClientProtocolClient.java:onNext(255)) - client-7EF960CB3D58->c9f1298e-d840-49d8-aac3-de81602aa1d5: receive RaftClientReply:client-7EF960CB3D58->c9f1298e-d840-49d8-aac3-de81602aa1d5@group-E9810A644481, cid=2328, SUCCESS, logIndex=3205, commits[c9f1298e-d840-49d8-aac3-de81602aa1d5:c3205]
2019-08-30 23:40:14,615 [grpc-default-executor-1] INFO  client.GrpcClientProtocolClient (GrpcClientProtocolClient.java:onNext(255)) - client-7EF960CB3D58->c9f1298e-d840-49d8-aac3-de81602aa1d5: receive RaftClientReply:client-7EF960CB3D58->c9f1298e-d840-49d8-aac3-de81602aa1d5@group-E9810A644481, cid=2329, SUCCESS, logIndex=3207, commits[c9f1298e-d840-49d8-aac3-de81602aa1d5:c3210]
2019-08-30 23:40:14,615 [grpc-default-executor-1] INFO  client.GrpcClientProtocolClient (GrpcClientProtocolClient.java:onNext(255)) - client-7EF960CB3D58->c9f1298e-d840-49d8-aac3-de81602aa1d5: receive RaftClientReply:client-7EF960CB3D58->c9f1298e-d840-49d8-aac3-de81602aa1d5@group-E9810A644481, cid=2330, SUCCESS, logIndex=3208, commits[c9f1298e-d840-49d8-aac3-de81602aa1d5:c3210]
2019-08-30 23:40:14,616 [grpc-default-executor-1] INFO  client.GrpcClientProtocolClient (GrpcClientProtocolClient.java:onNext(255)) - client-7EF960CB3D58->c9f1298e-d840-49d8-aac3-de81602aa1d5: receive RaftClientReply:client-7EF960CB3D58->c9f1298e-d840-49d8-aac3-de81602aa1d5@group-E9810A644481, cid=2331, SUCCESS, logIndex=3209, commits[c9f1298e-d840-49d8-aac3-de81602aa1d5:c3210]
2019-08-30 23:40:14,616 [grpc-default-executor-1] INFO  client.GrpcClientProtocolClient (GrpcClientProtocolClient.java:onNext(255)) - client-7EF960CB3D58->c9f1298e-d840-49d8-aac3-de81602aa1d5: receive RaftClientReply:client-7EF960CB3D58->c9f1298e-d840-49d8-aac3-de81602aa1d5@group-E9810A644481, cid=2332, SUCCESS, logIndex=3210, commits[c9f1298e-d840-49d8-aac3-de81602aa1d5:c3210]
2019-08-30 23:40:14,635 [grpc-default-executor-0] INFO  client.GrpcClientProtocolClient (GrpcClientProtocolClient.java:onNext(255)) - client-7EF960CB3D58->c9f1298e-d840-49d8-aac3-de81602aa1d5: receive RaftClientReply:client-7EF960CB3D58->c9f1298e-d840-49d8-aac3-de81602aa1d5@group-E9810A644481, cid=2333, SUCCESS, logIndex=3212, commits[c9f1298e-d840-49d8-aac3-de81602aa1d5:c3215]
2019-08-30 23:40:14,636 [grpc-default-executor-0] INFO  client.GrpcClientProtocolClient (GrpcClientProtocolClient.java:onNext(255)) - client-7EF960CB3D58->c9f1298e-d840-49d8-aac3-de81602aa1d5: receive RaftClientReply:client-7EF960CB3D58->c9f1298e-d840-49d8-aac3-de81602aa1d5@group-E9810A644481, cid=2334, SUCCESS, logIndex=3213, commits[c9f1298e-d840-49d8-aac3-de81602aa1d5:c3215]
2019-08-30 23:40:14,636 [grpc-default-executor-0] INFO  client.GrpcClientProtocolClient (GrpcClientProtocolClient.java:onNext(255)) - client-7EF960CB3D58->c9f1298e-d840-49d8-aac3-de81602aa1d5: receive RaftClientReply:client-7EF960CB3D58->c9f1298e-d840-49d8-aac3-de81602aa1d5@group-E9810A644481, cid=2335, SUCCESS, logIndex=3214, commits[c9f1298e-d840-49d8-aac3-de81602aa1d5:c3215]
2019-08-30 23:40:14,637 [grpc-default-executor-0] INFO  client.GrpcClientProtocolClient (GrpcClientProtocolClient.java:onNext(255)) - client-7EF960CB3D58->c9f1298e-d840-49d8-aac3-de81602aa1d5: receive RaftClientReply:client-7EF960CB3D58->c9f1298e-d840-49d8-aac3-de81602aa1d5@group-E9810A644481, cid=2336, SUCCESS, logIndex=3215, commits[c9f1298e-d840-49d8-aac3-de81602aa1d5:c3215]
2019-08-30 23:40:14,657 [SCMBlockDeletingService#1] DEBUG block.SCMBlockDeletingService (SCMBlockDeletingService.java:call(138)) - Running DeletedBlockTransactionScanner
2019-08-30 23:40:14,658 [SCMBlockDeletingService#1] DEBUG block.SCMBlockDeletingService (SCMBlockDeletingService.java:call(155)) - Scanned deleted blocks log and got 0 delTX to process.
2019-08-30 23:40:14,658 [grpc-default-executor-0] INFO  client.GrpcClientProtocolClient (GrpcClientProtocolClient.java:onNext(255)) - client-7EF960CB3D58->c9f1298e-d840-49d8-aac3-de81602aa1d5: receive RaftClientReply:client-7EF960CB3D58->c9f1298e-d840-49d8-aac3-de81602aa1d5@group-E9810A644481, cid=2337, SUCCESS, logIndex=3217, commits[c9f1298e-d840-49d8-aac3-de81602aa1d5:c3220]
2019-08-30 23:40:14,659 [grpc-default-executor-0] INFO  client.GrpcClientProtocolClient (GrpcClientProtocolClient.java:onNext(255)) - client-7EF960CB3D58->c9f1298e-d840-49d8-aac3-de81602aa1d5: receive RaftClientReply:client-7EF960CB3D58->c9f1298e-d840-49d8-aac3-de81602aa1d5@group-E9810A644481, cid=2338, SUCCESS, logIndex=3218, commits[c9f1298e-d840-49d8-aac3-de81602aa1d5:c3220]
2019-08-30 23:40:14,659 [grpc-default-executor-0] INFO  client.GrpcClientProtocolClient (GrpcClientProtocolClient.java:onNext(255)) - client-7EF960CB3D58->c9f1298e-d840-49d8-aac3-de81602aa1d5: receive RaftClientReply:client-7EF960CB3D58->c9f1298e-d840-49d8-aac3-de81602aa1d5@group-E9810A644481, cid=2339, SUCCESS, logIndex=3219, commits[c9f1298e-d840-49d8-aac3-de81602aa1d5:c3220]
2019-08-30 23:40:14,659 [grpc-default-executor-0] INFO  client.GrpcClientProtocolClient (GrpcClientProtocolClient.java:onNext(255)) - client-7EF960CB3D58->c9f1298e-d840-49d8-aac3-de81602aa1d5: receive RaftClientReply:client-7EF960CB3D58->c9f1298e-d840-49d8-aac3-de81602aa1d5@group-E9810A644481, cid=2340, SUCCESS, logIndex=3220, commits[c9f1298e-d840-49d8-aac3-de81602aa1d5:c3220]
2019-08-30 23:40:14,677 [grpc-default-executor-1] INFO  client.GrpcClientProtocolClient (GrpcClientProtocolClient.java:onNext(255)) - client-7EF960CB3D58->c9f1298e-d840-49d8-aac3-de81602aa1d5: receive RaftClientReply:client-7EF960CB3D58->c9f1298e-d840-49d8-aac3-de81602aa1d5@group-E9810A644481, cid=2341, SUCCESS, logIndex=3222, commits[c9f1298e-d840-49d8-aac3-de81602aa1d5:c3223]
2019-08-30 23:40:14,677 [grpc-default-executor-1] INFO  client.GrpcClientProtocolClient (GrpcClientProtocolClient.java:onNext(255)) - client-7EF960CB3D58->c9f1298e-d840-49d8-aac3-de81602aa1d5: receive RaftClientReply:client-7EF960CB3D58->c9f1298e-d840-49d8-aac3-de81602aa1d5@group-E9810A644481, cid=2342, SUCCESS, logIndex=3223, commits[c9f1298e-d840-49d8-aac3-de81602aa1d5:c3223]
2019-08-30 23:40:14,758 [SCMBlockDeletingService#1] DEBUG block.SCMBlockDeletingService (SCMBlockDeletingService.java:call(138)) - Running DeletedBlockTransactionScanner
2019-08-30 23:40:14,759 [SCMBlockDeletingService#1] DEBUG block.SCMBlockDeletingService (SCMBlockDeletingService.java:call(155)) - Scanned deleted blocks log and got 0 delTX to process.
2019-08-30 23:40:14,773 [grpc-default-executor-0] INFO  client.GrpcClientProtocolClient (GrpcClientProtocolClient.java:onNext(255)) - client-7EF960CB3D58->c9f1298e-d840-49d8-aac3-de81602aa1d5: receive RaftClientReply:client-7EF960CB3D58->c9f1298e-d840-49d8-aac3-de81602aa1d5@group-E9810A644481, cid=2343, SUCCESS, logIndex=3225, commits[c9f1298e-d840-49d8-aac3-de81602aa1d5:c3226]
2019-08-30 23:40:14,773 [grpc-default-executor-0] INFO  client.GrpcClientProtocolClient (GrpcClientProtocolClient.java:onNext(255)) - client-7EF960CB3D58->c9f1298e-d840-49d8-aac3-de81602aa1d5: receive RaftClientReply:client-7EF960CB3D58->c9f1298e-d840-49d8-aac3-de81602aa1d5@group-E9810A644481, cid=2344, SUCCESS, logIndex=3226, commits[c9f1298e-d840-49d8-aac3-de81602aa1d5:c3226]
2019-08-30 23:40:14,795 [grpc-default-executor-1] INFO  client.GrpcClientProtocolClient (GrpcClientProtocolClient.java:onNext(255)) - client-7EF960CB3D58->c9f1298e-d840-49d8-aac3-de81602aa1d5: receive RaftClientReply:client-7EF960CB3D58->c9f1298e-d840-49d8-aac3-de81602aa1d5@group-E9810A644481, cid=2345, SUCCESS, logIndex=3228, commits[c9f1298e-d840-49d8-aac3-de81602aa1d5:c3231]
2019-08-30 23:40:14,796 [grpc-default-executor-1] INFO  client.GrpcClientProtocolClient (GrpcClientProtocolClient.java:onNext(255)) - client-7EF960CB3D58->c9f1298e-d840-49d8-aac3-de81602aa1d5: receive RaftClientReply:client-7EF960CB3D58->c9f1298e-d840-49d8-aac3-de81602aa1d5@group-E9810A644481, cid=2346, SUCCESS, logIndex=3229, commits[c9f1298e-d840-49d8-aac3-de81602aa1d5:c3231]
2019-08-30 23:40:14,796 [grpc-default-executor-1] INFO  client.GrpcClientProtocolClient (GrpcClientProtocolClient.java:onNext(255)) - client-7EF960CB3D58->c9f1298e-d840-49d8-aac3-de81602aa1d5: receive RaftClientReply:client-7EF960CB3D58->c9f1298e-d840-49d8-aac3-de81602aa1d5@group-E9810A644481, cid=2347, SUCCESS, logIndex=3230, commits[c9f1298e-d840-49d8-aac3-de81602aa1d5:c3231]
2019-08-30 23:40:14,796 [grpc-default-executor-1] INFO  client.GrpcClientProtocolClient (GrpcClientProtocolClient.java:onNext(255)) - client-7EF960CB3D58->c9f1298e-d840-49d8-aac3-de81602aa1d5: receive RaftClientReply:client-7EF960CB3D58->c9f1298e-d840-49d8-aac3-de81602aa1d5@group-E9810A644481, cid=2348, SUCCESS, logIndex=3231, commits[c9f1298e-d840-49d8-aac3-de81602aa1d5:c3231]
2019-08-30 23:40:14,809 [grpc-default-executor-1] INFO  client.GrpcClientProtocolClient (GrpcClientProtocolClient.java:onNext(255)) - client-7EF960CB3D58->c9f1298e-d840-49d8-aac3-de81602aa1d5: receive RaftClientReply:client-7EF960CB3D58->c9f1298e-d840-49d8-aac3-de81602aa1d5@group-E9810A644481, cid=2349, SUCCESS, logIndex=3233, commits[c9f1298e-d840-49d8-aac3-de81602aa1d5:c3236]
2019-08-30 23:40:14,809 [grpc-default-executor-1] INFO  client.GrpcClientProtocolClient (GrpcClientProtocolClient.java:onNext(255)) - client-7EF960CB3D58->c9f1298e-d840-49d8-aac3-de81602aa1d5: receive RaftClientReply:client-7EF960CB3D58->c9f1298e-d840-49d8-aac3-de81602aa1d5@group-E9810A644481, cid=2350, SUCCESS, logIndex=3234, commits[c9f1298e-d840-49d8-aac3-de81602aa1d5:c3236]
2019-08-30 23:40:14,810 [grpc-default-executor-1] INFO  client.GrpcClientProtocolClient (GrpcClientProtocolClient.java:onNext(255)) - client-7EF960CB3D58->c9f1298e-d840-49d8-aac3-de81602aa1d5: receive RaftClientReply:client-7EF960CB3D58->c9f1298e-d840-49d8-aac3-de81602aa1d5@group-E9810A644481, cid=2351, SUCCESS, logIndex=3235, commits[c9f1298e-d840-49d8-aac3-de81602aa1d5:c3236]
2019-08-30 23:40:14,810 [grpc-default-executor-1] INFO  client.GrpcClientProtocolClient (GrpcClientProtocolClient.java:onNext(255)) - client-7EF960CB3D58->c9f1298e-d840-49d8-aac3-de81602aa1d5: receive RaftClientReply:client-7EF960CB3D58->c9f1298e-d840-49d8-aac3-de81602aa1d5@group-E9810A644481, cid=2352, SUCCESS, logIndex=3236, commits[c9f1298e-d840-49d8-aac3-de81602aa1d5:c3236]
2019-08-30 23:40:14,859 [SCMBlockDeletingService#1] DEBUG block.SCMBlockDeletingService (SCMBlockDeletingService.java:call(138)) - Running DeletedBlockTransactionScanner
2019-08-30 23:40:14,859 [SCMBlockDeletingService#1] DEBUG block.SCMBlockDeletingService (SCMBlockDeletingService.java:call(155)) - Scanned deleted blocks log and got 0 delTX to process.
2019-08-30 23:40:14,863 [grpc-default-executor-0] INFO  client.GrpcClientProtocolClient (GrpcClientProtocolClient.java:onNext(255)) - client-7EF960CB3D58->c9f1298e-d840-49d8-aac3-de81602aa1d5: receive RaftClientReply:client-7EF960CB3D58->c9f1298e-d840-49d8-aac3-de81602aa1d5@group-E9810A644481, cid=2353, SUCCESS, logIndex=3238, commits[c9f1298e-d840-49d8-aac3-de81602aa1d5:c3241]
2019-08-30 23:40:14,863 [grpc-default-executor-0] INFO  client.GrpcClientProtocolClient (GrpcClientProtocolClient.java:onNext(255)) - client-7EF960CB3D58->c9f1298e-d840-49d8-aac3-de81602aa1d5: receive RaftClientReply:client-7EF960CB3D58->c9f1298e-d840-49d8-aac3-de81602aa1d5@group-E9810A644481, cid=2354, SUCCESS, logIndex=3239, commits[c9f1298e-d840-49d8-aac3-de81602aa1d5:c3241]
2019-08-30 23:40:14,863 [grpc-default-executor-0] INFO  client.GrpcClientProtocolClient (GrpcClientProtocolClient.java:onNext(255)) - client-7EF960CB3D58->c9f1298e-d840-49d8-aac3-de81602aa1d5: receive RaftClientReply:client-7EF960CB3D58->c9f1298e-d840-49d8-aac3-de81602aa1d5@group-E9810A644481, cid=2355, SUCCESS, logIndex=3240, commits[c9f1298e-d840-49d8-aac3-de81602aa1d5:c3241]
2019-08-30 23:40:14,864 [grpc-default-executor-0] INFO  client.GrpcClientProtocolClient (GrpcClientProtocolClient.java:onNext(255)) - client-7EF960CB3D58->c9f1298e-d840-49d8-aac3-de81602aa1d5: receive RaftClientReply:client-7EF960CB3D58->c9f1298e-d840-49d8-aac3-de81602aa1d5@group-E9810A644481, cid=2356, SUCCESS, logIndex=3241, commits[c9f1298e-d840-49d8-aac3-de81602aa1d5:c3241]
2019-08-30 23:40:14,880 [grpc-default-executor-1] INFO  client.GrpcClientProtocolClient (GrpcClientProtocolClient.java:onNext(255)) - client-7EF960CB3D58->c9f1298e-d840-49d8-aac3-de81602aa1d5: receive RaftClientReply:client-7EF960CB3D58->c9f1298e-d840-49d8-aac3-de81602aa1d5@group-E9810A644481, cid=2357, SUCCESS, logIndex=3243, commits[c9f1298e-d840-49d8-aac3-de81602aa1d5:c3246]
2019-08-30 23:40:14,880 [grpc-default-executor-1] INFO  client.GrpcClientProtocolClient (GrpcClientProtocolClient.java:onNext(255)) - client-7EF960CB3D58->c9f1298e-d840-49d8-aac3-de81602aa1d5: receive RaftClientReply:client-7EF960CB3D58->c9f1298e-d840-49d8-aac3-de81602aa1d5@group-E9810A644481, cid=2358, SUCCESS, logIndex=3244, commits[c9f1298e-d840-49d8-aac3-de81602aa1d5:c3246]
2019-08-30 23:40:14,880 [grpc-default-executor-1] INFO  client.GrpcClientProtocolClient (GrpcClientProtocolClient.java:onNext(255)) - client-7EF960CB3D58->c9f1298e-d840-49d8-aac3-de81602aa1d5: receive RaftClientReply:client-7EF960CB3D58->c9f1298e-d840-49d8-aac3-de81602aa1d5@group-E9810A644481, cid=2359, SUCCESS, logIndex=3245, commits[c9f1298e-d840-49d8-aac3-de81602aa1d5:c3246]
2019-08-30 23:40:14,880 [grpc-default-executor-1] INFO  client.GrpcClientProtocolClient (GrpcClientProtocolClient.java:onNext(255)) - client-7EF960CB3D58->c9f1298e-d840-49d8-aac3-de81602aa1d5: receive RaftClientReply:client-7EF960CB3D58->c9f1298e-d840-49d8-aac3-de81602aa1d5@group-E9810A644481, cid=2360, SUCCESS, logIndex=3246, commits[c9f1298e-d840-49d8-aac3-de81602aa1d5:c3246]
2019-08-30 23:40:14,898 [grpc-default-executor-1] INFO  client.GrpcClientProtocolClient (GrpcClientProtocolClient.java:onNext(255)) - client-7EF960CB3D58->c9f1298e-d840-49d8-aac3-de81602aa1d5: receive RaftClientReply:client-7EF960CB3D58->c9f1298e-d840-49d8-aac3-de81602aa1d5@group-E9810A644481, cid=2361, SUCCESS, logIndex=3248, commits[c9f1298e-d840-49d8-aac3-de81602aa1d5:c3249]
2019-08-30 23:40:14,898 [grpc-default-executor-1] INFO  client.GrpcClientProtocolClient (GrpcClientProtocolClient.java:onNext(255)) - client-7EF960CB3D58->c9f1298e-d840-49d8-aac3-de81602aa1d5: receive RaftClientReply:client-7EF960CB3D58->c9f1298e-d840-49d8-aac3-de81602aa1d5@group-E9810A644481, cid=2362, SUCCESS, logIndex=3249, commits[c9f1298e-d840-49d8-aac3-de81602aa1d5:c3249]
2019-08-30 23:40:14,908 [grpc-default-executor-1] INFO  client.GrpcClientProtocolClient (GrpcClientProtocolClient.java:onNext(255)) - client-7EF960CB3D58->c9f1298e-d840-49d8-aac3-de81602aa1d5: receive RaftClientReply:client-7EF960CB3D58->c9f1298e-d840-49d8-aac3-de81602aa1d5@group-E9810A644481, cid=2363, SUCCESS, logIndex=3250, commits[c9f1298e-d840-49d8-aac3-de81602aa1d5:c3251]
2019-08-30 23:40:14,909 [grpc-default-executor-1] INFO  client.GrpcClientProtocolClient (GrpcClientProtocolClient.java:onNext(255)) - client-7EF960CB3D58->c9f1298e-d840-49d8-aac3-de81602aa1d5: receive RaftClientReply:client-7EF960CB3D58->c9f1298e-d840-49d8-aac3-de81602aa1d5@group-E9810A644481, cid=2364, SUCCESS, logIndex=3251, commits[c9f1298e-d840-49d8-aac3-de81602aa1d5:c3251]
2019-08-30 23:40:14,932 [grpc-default-executor-0] INFO  client.GrpcClientProtocolClient (GrpcClientProtocolClient.java:onNext(255)) - client-7EF960CB3D58->c9f1298e-d840-49d8-aac3-de81602aa1d5: receive RaftClientReply:client-7EF960CB3D58->c9f1298e-d840-49d8-aac3-de81602aa1d5@group-E9810A644481, cid=2365, SUCCESS, logIndex=3254, commits[c9f1298e-d840-49d8-aac3-de81602aa1d5:c3257]
2019-08-30 23:40:14,932 [grpc-default-executor-0] INFO  client.GrpcClientProtocolClient (GrpcClientProtocolClient.java:onNext(255)) - client-7EF960CB3D58->c9f1298e-d840-49d8-aac3-de81602aa1d5: receive RaftClientReply:client-7EF960CB3D58->c9f1298e-d840-49d8-aac3-de81602aa1d5@group-E9810A644481, cid=2366, SUCCESS, logIndex=3255, commits[c9f1298e-d840-49d8-aac3-de81602aa1d5:c3257]
2019-08-30 23:40:14,933 [grpc-default-executor-0] INFO  client.GrpcClientProtocolClient (GrpcClientProtocolClient.java:onNext(255)) - client-7EF960CB3D58->c9f1298e-d840-49d8-aac3-de81602aa1d5: receive RaftClientReply:client-7EF960CB3D58->c9f1298e-d840-49d8-aac3-de81602aa1d5@group-E9810A644481, cid=2367, SUCCESS, logIndex=3256, commits[c9f1298e-d840-49d8-aac3-de81602aa1d5:c3257]
2019-08-30 23:40:14,933 [grpc-default-executor-0] INFO  client.GrpcClientProtocolClient (GrpcClientProtocolClient.java:onNext(255)) - client-7EF960CB3D58->c9f1298e-d840-49d8-aac3-de81602aa1d5: receive RaftClientReply:client-7EF960CB3D58->c9f1298e-d840-49d8-aac3-de81602aa1d5@group-E9810A644481, cid=2368, SUCCESS, logIndex=3257, commits[c9f1298e-d840-49d8-aac3-de81602aa1d5:c3257]
2019-08-30 23:40:14,951 [grpc-default-executor-0] INFO  client.GrpcClientProtocolClient (GrpcClientProtocolClient.java:onNext(255)) - client-7EF960CB3D58->c9f1298e-d840-49d8-aac3-de81602aa1d5: receive RaftClientReply:client-7EF960CB3D58->c9f1298e-d840-49d8-aac3-de81602aa1d5@group-E9810A644481, cid=2369, SUCCESS, logIndex=3259, commits[c9f1298e-d840-49d8-aac3-de81602aa1d5:c3262]
2019-08-30 23:40:14,951 [grpc-default-executor-0] INFO  client.GrpcClientProtocolClient (GrpcClientProtocolClient.java:onNext(255)) - client-7EF960CB3D58->c9f1298e-d840-49d8-aac3-de81602aa1d5: receive RaftClientReply:client-7EF960CB3D58->c9f1298e-d840-49d8-aac3-de81602aa1d5@group-E9810A644481, cid=2370, SUCCESS, logIndex=3260, commits[c9f1298e-d840-49d8-aac3-de81602aa1d5:c3262]
2019-08-30 23:40:14,951 [grpc-default-executor-0] INFO  client.GrpcClientProtocolClient (GrpcClientProtocolClient.java:onNext(255)) - client-7EF960CB3D58->c9f1298e-d840-49d8-aac3-de81602aa1d5: receive RaftClientReply:client-7EF960CB3D58->c9f1298e-d840-49d8-aac3-de81602aa1d5@group-E9810A644481, cid=2371, SUCCESS, logIndex=3261, commits[c9f1298e-d840-49d8-aac3-de81602aa1d5:c3262]
2019-08-30 23:40:14,951 [grpc-default-executor-0] INFO  client.GrpcClientProtocolClient (GrpcClientProtocolClient.java:onNext(255)) - client-7EF960CB3D58->c9f1298e-d840-49d8-aac3-de81602aa1d5: receive RaftClientReply:client-7EF960CB3D58->c9f1298e-d840-49d8-aac3-de81602aa1d5@group-E9810A644481, cid=2372, SUCCESS, logIndex=3262, commits[c9f1298e-d840-49d8-aac3-de81602aa1d5:c3262]
2019-08-30 23:40:14,959 [SCMBlockDeletingService#1] DEBUG block.SCMBlockDeletingService (SCMBlockDeletingService.java:call(138)) - Running DeletedBlockTransactionScanner
2019-08-30 23:40:14,960 [SCMBlockDeletingService#1] DEBUG block.SCMBlockDeletingService (SCMBlockDeletingService.java:call(155)) - Scanned deleted blocks log and got 0 delTX to process.
2019-08-30 23:40:14,968 [grpc-default-executor-1] INFO  client.GrpcClientProtocolClient (GrpcClientProtocolClient.java:onNext(255)) - client-7EF960CB3D58->c9f1298e-d840-49d8-aac3-de81602aa1d5: receive RaftClientReply:client-7EF960CB3D58->c9f1298e-d840-49d8-aac3-de81602aa1d5@group-E9810A644481, cid=2373, SUCCESS, logIndex=3264, commits[c9f1298e-d840-49d8-aac3-de81602aa1d5:c3267]
2019-08-30 23:40:14,968 [grpc-default-executor-1] INFO  client.GrpcClientProtocolClient (GrpcClientProtocolClient.java:onNext(255)) - client-7EF960CB3D58->c9f1298e-d840-49d8-aac3-de81602aa1d5: receive RaftClientReply:client-7EF960CB3D58->c9f1298e-d840-49d8-aac3-de81602aa1d5@group-E9810A644481, cid=2374, SUCCESS, logIndex=3265, commits[c9f1298e-d840-49d8-aac3-de81602aa1d5:c3267]
2019-08-30 23:40:14,969 [grpc-default-executor-1] INFO  client.GrpcClientProtocolClient (GrpcClientProtocolClient.java:onNext(255)) - client-7EF960CB3D58->c9f1298e-d840-49d8-aac3-de81602aa1d5: receive RaftClientReply:client-7EF960CB3D58->c9f1298e-d840-49d8-aac3-de81602aa1d5@group-E9810A644481, cid=2375, SUCCESS, logIndex=3266, commits[c9f1298e-d840-49d8-aac3-de81602aa1d5:c3267]
2019-08-30 23:40:14,969 [grpc-default-executor-1] INFO  client.GrpcClientProtocolClient (GrpcClientProtocolClient.java:onNext(255)) - client-7EF960CB3D58->c9f1298e-d840-49d8-aac3-de81602aa1d5: receive RaftClientReply:client-7EF960CB3D58->c9f1298e-d840-49d8-aac3-de81602aa1d5@group-E9810A644481, cid=2376, SUCCESS, logIndex=3267, commits[c9f1298e-d840-49d8-aac3-de81602aa1d5:c3267]
2019-08-30 23:40:14,985 [grpc-default-executor-1] INFO  client.GrpcClientProtocolClient (GrpcClientProtocolClient.java:onNext(255)) - client-7EF960CB3D58->c9f1298e-d840-49d8-aac3-de81602aa1d5: receive RaftClientReply:client-7EF960CB3D58->c9f1298e-d840-49d8-aac3-de81602aa1d5@group-E9810A644481, cid=2377, SUCCESS, logIndex=3269, commits[c9f1298e-d840-49d8-aac3-de81602aa1d5:c3270]
2019-08-30 23:40:14,986 [grpc-default-executor-1] INFO  client.GrpcClientProtocolClient (GrpcClientProtocolClient.java:onNext(255)) - client-7EF960CB3D58->c9f1298e-d840-49d8-aac3-de81602aa1d5: receive RaftClientReply:client-7EF960CB3D58->c9f1298e-d840-49d8-aac3-de81602aa1d5@group-E9810A644481, cid=2378, SUCCESS, logIndex=3270, commits[c9f1298e-d840-49d8-aac3-de81602aa1d5:c3270]
2019-08-30 23:40:14,991 [grpc-default-executor-1] INFO  client.GrpcClientProtocolClient (GrpcClientProtocolClient.java:onNext(255)) - client-7EF960CB3D58->c9f1298e-d840-49d8-aac3-de81602aa1d5: receive RaftClientReply:client-7EF960CB3D58->c9f1298e-d840-49d8-aac3-de81602aa1d5@group-E9810A644481, cid=2379, SUCCESS, logIndex=3271, commits[c9f1298e-d840-49d8-aac3-de81602aa1d5:c3272]
2019-08-30 23:40:14,991 [grpc-default-executor-1] INFO  client.GrpcClientProtocolClient (GrpcClientProtocolClient.java:onNext(255)) - client-7EF960CB3D58->c9f1298e-d840-49d8-aac3-de81602aa1d5: receive RaftClientReply:client-7EF960CB3D58->c9f1298e-d840-49d8-aac3-de81602aa1d5@group-E9810A644481, cid=2380, SUCCESS, logIndex=3272, commits[c9f1298e-d840-49d8-aac3-de81602aa1d5:c3272]
2019-08-30 23:40:15,006 [grpc-default-executor-1] INFO  client.GrpcClientProtocolClient (GrpcClientProtocolClient.java:onNext(255)) - client-7EF960CB3D58->c9f1298e-d840-49d8-aac3-de81602aa1d5: receive RaftClientReply:client-7EF960CB3D58->c9f1298e-d840-49d8-aac3-de81602aa1d5@group-E9810A644481, cid=2381, SUCCESS, logIndex=3275, commits[c9f1298e-d840-49d8-aac3-de81602aa1d5:c3276]
2019-08-30 23:40:15,007 [grpc-default-executor-1] INFO  client.GrpcClientProtocolClient (GrpcClientProtocolClient.java:onNext(255)) - client-7EF960CB3D58->c9f1298e-d840-49d8-aac3-de81602aa1d5: receive RaftClientReply:client-7EF960CB3D58->c9f1298e-d840-49d8-aac3-de81602aa1d5@group-E9810A644481, cid=2382, SUCCESS, logIndex=3276, commits[c9f1298e-d840-49d8-aac3-de81602aa1d5:c3276]
2019-08-30 23:40:15,012 [grpc-default-executor-1] INFO  client.GrpcClientProtocolClient (GrpcClientProtocolClient.java:onNext(255)) - client-7EF960CB3D58->c9f1298e-d840-49d8-aac3-de81602aa1d5: receive RaftClientReply:client-7EF960CB3D58->c9f1298e-d840-49d8-aac3-de81602aa1d5@group-E9810A644481, cid=2383, SUCCESS, logIndex=3277, commits[c9f1298e-d840-49d8-aac3-de81602aa1d5:c3278]
2019-08-30 23:40:15,012 [grpc-default-executor-1] INFO  client.GrpcClientProtocolClient (GrpcClientProtocolClient.java:onNext(255)) - client-7EF960CB3D58->c9f1298e-d840-49d8-aac3-de81602aa1d5: receive RaftClientReply:client-7EF960CB3D58->c9f1298e-d840-49d8-aac3-de81602aa1d5@group-E9810A644481, cid=2384, SUCCESS, logIndex=3278, commits[c9f1298e-d840-49d8-aac3-de81602aa1d5:c3278]
2019-08-30 23:40:15,060 [SCMBlockDeletingService#1] DEBUG block.SCMBlockDeletingService (SCMBlockDeletingService.java:call(138)) - Running DeletedBlockTransactionScanner
2019-08-30 23:40:15,060 [SCMBlockDeletingService#1] DEBUG block.SCMBlockDeletingService (SCMBlockDeletingService.java:call(155)) - Scanned deleted blocks log and got 0 delTX to process.
2019-08-30 23:40:15,069 [grpc-default-executor-1] INFO  client.GrpcClientProtocolClient (GrpcClientProtocolClient.java:onNext(255)) - client-7EF960CB3D58->c9f1298e-d840-49d8-aac3-de81602aa1d5: receive RaftClientReply:client-7EF960CB3D58->c9f1298e-d840-49d8-aac3-de81602aa1d5@group-E9810A644481, cid=2385, SUCCESS, logIndex=3281, commits[c9f1298e-d840-49d8-aac3-de81602aa1d5:c3282]
2019-08-30 23:40:15,070 [grpc-default-executor-1] INFO  client.GrpcClientProtocolClient (GrpcClientProtocolClient.java:onNext(255)) - client-7EF960CB3D58->c9f1298e-d840-49d8-aac3-de81602aa1d5: receive RaftClientReply:client-7EF960CB3D58->c9f1298e-d840-49d8-aac3-de81602aa1d5@group-E9810A644481, cid=2386, SUCCESS, logIndex=3282, commits[c9f1298e-d840-49d8-aac3-de81602aa1d5:c3282]
2019-08-30 23:40:15,144 [grpc-default-executor-1] INFO  client.GrpcClientProtocolClient (GrpcClientProtocolClient.java:onNext(255)) - client-7EF960CB3D58->c9f1298e-d840-49d8-aac3-de81602aa1d5: receive RaftClientReply:client-7EF960CB3D58->c9f1298e-d840-49d8-aac3-de81602aa1d5@group-E9810A644481, cid=2387, SUCCESS, logIndex=3284, commits[c9f1298e-d840-49d8-aac3-de81602aa1d5:c3285]
2019-08-30 23:40:15,145 [grpc-default-executor-1] INFO  client.GrpcClientProtocolClient (GrpcClientProtocolClient.java:onNext(255)) - client-7EF960CB3D58->c9f1298e-d840-49d8-aac3-de81602aa1d5: receive RaftClientReply:client-7EF960CB3D58->c9f1298e-d840-49d8-aac3-de81602aa1d5@group-E9810A644481, cid=2388, SUCCESS, logIndex=3285, commits[c9f1298e-d840-49d8-aac3-de81602aa1d5:c3285]
2019-08-30 23:40:15,161 [SCMBlockDeletingService#1] DEBUG block.SCMBlockDeletingService (SCMBlockDeletingService.java:call(138)) - Running DeletedBlockTransactionScanner
2019-08-30 23:40:15,161 [SCMBlockDeletingService#1] DEBUG block.SCMBlockDeletingService (SCMBlockDeletingService.java:call(155)) - Scanned deleted blocks log and got 0 delTX to process.
2019-08-30 23:40:15,165 [grpc-default-executor-0] INFO  client.GrpcClientProtocolClient (GrpcClientProtocolClient.java:onNext(255)) - client-7EF960CB3D58->c9f1298e-d840-49d8-aac3-de81602aa1d5: receive RaftClientReply:client-7EF960CB3D58->c9f1298e-d840-49d8-aac3-de81602aa1d5@group-E9810A644481, cid=2389, SUCCESS, logIndex=3287, commits[c9f1298e-d840-49d8-aac3-de81602aa1d5:c3290]
2019-08-30 23:40:15,165 [grpc-default-executor-0] INFO  client.GrpcClientProtocolClient (GrpcClientProtocolClient.java:onNext(255)) - client-7EF960CB3D58->c9f1298e-d840-49d8-aac3-de81602aa1d5: receive RaftClientReply:client-7EF960CB3D58->c9f1298e-d840-49d8-aac3-de81602aa1d5@group-E9810A644481, cid=2390, SUCCESS, logIndex=3288, commits[c9f1298e-d840-49d8-aac3-de81602aa1d5:c3290]
2019-08-30 23:40:15,165 [grpc-default-executor-0] INFO  client.GrpcClientProtocolClient (GrpcClientProtocolClient.java:onNext(255)) - client-7EF960CB3D58->c9f1298e-d840-49d8-aac3-de81602aa1d5: receive RaftClientReply:client-7EF960CB3D58->c9f1298e-d840-49d8-aac3-de81602aa1d5@group-E9810A644481, cid=2391, SUCCESS, logIndex=3289, commits[c9f1298e-d840-49d8-aac3-de81602aa1d5:c3290]
2019-08-30 23:40:15,166 [grpc-default-executor-0] INFO  client.GrpcClientProtocolClient (GrpcClientProtocolClient.java:onNext(255)) - client-7EF960CB3D58->c9f1298e-d840-49d8-aac3-de81602aa1d5: receive RaftClientReply:client-7EF960CB3D58->c9f1298e-d840-49d8-aac3-de81602aa1d5@group-E9810A644481, cid=2392, SUCCESS, logIndex=3290, commits[c9f1298e-d840-49d8-aac3-de81602aa1d5:c3290]
2019-08-30 23:40:15,189 [grpc-default-executor-0] INFO  client.GrpcClientProtocolClient (GrpcClientProtocolClient.java:onNext(255)) - client-7EF960CB3D58->c9f1298e-d840-49d8-aac3-de81602aa1d5: receive RaftClientReply:client-7EF960CB3D58->c9f1298e-d840-49d8-aac3-de81602aa1d5@group-E9810A644481, cid=2393, SUCCESS, logIndex=3292, commits[c9f1298e-d840-49d8-aac3-de81602aa1d5:c3295]
2019-08-30 23:40:15,190 [grpc-default-executor-0] INFO  client.GrpcClientProtocolClient (GrpcClientProtocolClient.java:onNext(255)) - client-7EF960CB3D58->c9f1298e-d840-49d8-aac3-de81602aa1d5: receive RaftClientReply:client-7EF960CB3D58->c9f1298e-d840-49d8-aac3-de81602aa1d5@group-E9810A644481, cid=2394, SUCCESS, logIndex=3293, commits[c9f1298e-d840-49d8-aac3-de81602aa1d5:c3295]
2019-08-30 23:40:15,190 [grpc-default-executor-0] INFO  client.GrpcClientProtocolClient (GrpcClientProtocolClient.java:onNext(255)) - client-7EF960CB3D58->c9f1298e-d840-49d8-aac3-de81602aa1d5: receive RaftClientReply:client-7EF960CB3D58->c9f1298e-d840-49d8-aac3-de81602aa1d5@group-E9810A644481, cid=2395, SUCCESS, logIndex=3294, commits[c9f1298e-d840-49d8-aac3-de81602aa1d5:c3295]
2019-08-30 23:40:15,190 [grpc-default-executor-0] INFO  client.GrpcClientProtocolClient (GrpcClientProtocolClient.java:onNext(255)) - client-7EF960CB3D58->c9f1298e-d840-49d8-aac3-de81602aa1d5: receive RaftClientReply:client-7EF960CB3D58->c9f1298e-d840-49d8-aac3-de81602aa1d5@group-E9810A644481, cid=2396, SUCCESS, logIndex=3295, commits[c9f1298e-d840-49d8-aac3-de81602aa1d5:c3295]
2019-08-30 23:40:15,209 [grpc-default-executor-1] INFO  client.GrpcClientProtocolClient (GrpcClientProtocolClient.java:onNext(255)) - client-7EF960CB3D58->c9f1298e-d840-49d8-aac3-de81602aa1d5: receive RaftClientReply:client-7EF960CB3D58->c9f1298e-d840-49d8-aac3-de81602aa1d5@group-E9810A644481, cid=2397, SUCCESS, logIndex=3297, commits[c9f1298e-d840-49d8-aac3-de81602aa1d5:c3300]
2019-08-30 23:40:15,209 [grpc-default-executor-1] INFO  client.GrpcClientProtocolClient (GrpcClientProtocolClient.java:onNext(255)) - client-7EF960CB3D58->c9f1298e-d840-49d8-aac3-de81602aa1d5: receive RaftClientReply:client-7EF960CB3D58->c9f1298e-d840-49d8-aac3-de81602aa1d5@group-E9810A644481, cid=2398, SUCCESS, logIndex=3298, commits[c9f1298e-d840-49d8-aac3-de81602aa1d5:c3300]
2019-08-30 23:40:15,210 [grpc-default-executor-1] INFO  client.GrpcClientProtocolClient (GrpcClientProtocolClient.java:onNext(255)) - client-7EF960CB3D58->c9f1298e-d840-49d8-aac3-de81602aa1d5: receive RaftClientReply:client-7EF960CB3D58->c9f1298e-d840-49d8-aac3-de81602aa1d5@group-E9810A644481, cid=2399, SUCCESS, logIndex=3299, commits[c9f1298e-d840-49d8-aac3-de81602aa1d5:c3300]
2019-08-30 23:40:15,210 [grpc-default-executor-1] INFO  client.GrpcClientProtocolClient (GrpcClientProtocolClient.java:onNext(255)) - client-7EF960CB3D58->c9f1298e-d840-49d8-aac3-de81602aa1d5: receive RaftClientReply:client-7EF960CB3D58->c9f1298e-d840-49d8-aac3-de81602aa1d5@group-E9810A644481, cid=2400, SUCCESS, logIndex=3300, commits[c9f1298e-d840-49d8-aac3-de81602aa1d5:c3300]
2019-08-30 23:40:15,232 [grpc-default-executor-0] INFO  client.GrpcClientProtocolClient (GrpcClientProtocolClient.java:onNext(255)) - client-7EF960CB3D58->c9f1298e-d840-49d8-aac3-de81602aa1d5: receive RaftClientReply:client-7EF960CB3D58->c9f1298e-d840-49d8-aac3-de81602aa1d5@group-E9810A644481, cid=2401, SUCCESS, logIndex=3302, commits[c9f1298e-d840-49d8-aac3-de81602aa1d5:c3303]
2019-08-30 23:40:15,233 [grpc-default-executor-0] INFO  client.GrpcClientProtocolClient (GrpcClientProtocolClient.java:onNext(255)) - client-7EF960CB3D58->c9f1298e-d840-49d8-aac3-de81602aa1d5: receive RaftClientReply:client-7EF960CB3D58->c9f1298e-d840-49d8-aac3-de81602aa1d5@group-E9810A644481, cid=2402, SUCCESS, logIndex=3303, commits[c9f1298e-d840-49d8-aac3-de81602aa1d5:c3303]
2019-08-30 23:40:15,239 [grpc-default-executor-0] INFO  client.GrpcClientProtocolClient (GrpcClientProtocolClient.java:onNext(255)) - client-7EF960CB3D58->c9f1298e-d840-49d8-aac3-de81602aa1d5: receive RaftClientReply:client-7EF960CB3D58->c9f1298e-d840-49d8-aac3-de81602aa1d5@group-E9810A644481, cid=2403, SUCCESS, logIndex=3304, commits[c9f1298e-d840-49d8-aac3-de81602aa1d5:c3305]
2019-08-30 23:40:15,239 [grpc-default-executor-0] INFO  client.GrpcClientProtocolClient (GrpcClientProtocolClient.java:onNext(255)) - client-7EF960CB3D58->c9f1298e-d840-49d8-aac3-de81602aa1d5: receive RaftClientReply:client-7EF960CB3D58->c9f1298e-d840-49d8-aac3-de81602aa1d5@group-E9810A644481, cid=2404, SUCCESS, logIndex=3305, commits[c9f1298e-d840-49d8-aac3-de81602aa1d5:c3305]
2019-08-30 23:40:15,259 [grpc-default-executor-0] INFO  client.GrpcClientProtocolClient (GrpcClientProtocolClient.java:onNext(255)) - client-7EF960CB3D58->c9f1298e-d840-49d8-aac3-de81602aa1d5: receive RaftClientReply:client-7EF960CB3D58->c9f1298e-d840-49d8-aac3-de81602aa1d5@group-E9810A644481, cid=2405, SUCCESS, logIndex=3308, commits[c9f1298e-d840-49d8-aac3-de81602aa1d5:c3311]
2019-08-30 23:40:15,259 [grpc-default-executor-0] INFO  client.GrpcClientProtocolClient (GrpcClientProtocolClient.java:onNext(255)) - client-7EF960CB3D58->c9f1298e-d840-49d8-aac3-de81602aa1d5: receive RaftClientReply:client-7EF960CB3D58->c9f1298e-d840-49d8-aac3-de81602aa1d5@group-E9810A644481, cid=2406, SUCCESS, logIndex=3309, commits[c9f1298e-d840-49d8-aac3-de81602aa1d5:c3311]
2019-08-30 23:40:15,259 [grpc-default-executor-0] INFO  client.GrpcClientProtocolClient (GrpcClientProtocolClient.java:onNext(255)) - client-7EF960CB3D58->c9f1298e-d840-49d8-aac3-de81602aa1d5: receive RaftClientReply:client-7EF960CB3D58->c9f1298e-d840-49d8-aac3-de81602aa1d5@group-E9810A644481, cid=2407, SUCCESS, logIndex=3310, commits[c9f1298e-d840-49d8-aac3-de81602aa1d5:c3311]
2019-08-30 23:40:15,260 [grpc-default-executor-0] INFO  client.GrpcClientProtocolClient (GrpcClientProtocolClient.java:onNext(255)) - client-7EF960CB3D58->c9f1298e-d840-49d8-aac3-de81602aa1d5: receive RaftClientReply:client-7EF960CB3D58->c9f1298e-d840-49d8-aac3-de81602aa1d5@group-E9810A644481, cid=2408, SUCCESS, logIndex=3311, commits[c9f1298e-d840-49d8-aac3-de81602aa1d5:c3311]
2019-08-30 23:40:15,261 [SCMBlockDeletingService#1] DEBUG block.SCMBlockDeletingService (SCMBlockDeletingService.java:call(138)) - Running DeletedBlockTransactionScanner
2019-08-30 23:40:15,261 [SCMBlockDeletingService#1] DEBUG block.SCMBlockDeletingService (SCMBlockDeletingService.java:call(155)) - Scanned deleted blocks log and got 0 delTX to process.
2019-08-30 23:40:15,400 [SCMBlockDeletingService#1] DEBUG block.SCMBlockDeletingService (SCMBlockDeletingService.java:call(138)) - Running DeletedBlockTransactionScanner
2019-08-30 23:40:15,400 [SCMBlockDeletingService#1] DEBUG block.SCMBlockDeletingService (SCMBlockDeletingService.java:call(155)) - Scanned deleted blocks log and got 0 delTX to process.
2019-08-30 23:40:15,401 [grpc-default-executor-1] INFO  client.GrpcClientProtocolClient (GrpcClientProtocolClient.java:onNext(255)) - client-7EF960CB3D58->c9f1298e-d840-49d8-aac3-de81602aa1d5: receive RaftClientReply:client-7EF960CB3D58->c9f1298e-d840-49d8-aac3-de81602aa1d5@group-E9810A644481, cid=2409, SUCCESS, logIndex=3313, commits[c9f1298e-d840-49d8-aac3-de81602aa1d5:c3314]
2019-08-30 23:40:15,401 [grpc-default-executor-1] INFO  client.GrpcClientProtocolClient (GrpcClientProtocolClient.java:onNext(255)) - client-7EF960CB3D58->c9f1298e-d840-49d8-aac3-de81602aa1d5: receive RaftClientReply:client-7EF960CB3D58->c9f1298e-d840-49d8-aac3-de81602aa1d5@group-E9810A644481, cid=2410, SUCCESS, logIndex=3314, commits[c9f1298e-d840-49d8-aac3-de81602aa1d5:c3314]
2019-08-30 23:40:15,402 [grpc-default-executor-1] INFO  client.GrpcClientProtocolClient (GrpcClientProtocolClient.java:onNext(255)) - client-7EF960CB3D58->c9f1298e-d840-49d8-aac3-de81602aa1d5: receive RaftClientReply:client-7EF960CB3D58->c9f1298e-d840-49d8-aac3-de81602aa1d5@group-E9810A644481, cid=2411, SUCCESS, logIndex=3315, commits[c9f1298e-d840-49d8-aac3-de81602aa1d5:c3316]
2019-08-30 23:40:15,402 [grpc-default-executor-1] INFO  client.GrpcClientProtocolClient (GrpcClientProtocolClient.java:onNext(255)) - client-7EF960CB3D58->c9f1298e-d840-49d8-aac3-de81602aa1d5: receive RaftClientReply:client-7EF960CB3D58->c9f1298e-d840-49d8-aac3-de81602aa1d5@group-E9810A644481, cid=2412, SUCCESS, logIndex=3316, commits[c9f1298e-d840-49d8-aac3-de81602aa1d5:c3316]
2019-08-30 23:40:15,438 [grpc-default-executor-0] INFO  client.GrpcClientProtocolClient (GrpcClientProtocolClient.java:onNext(255)) - client-7EF960CB3D58->c9f1298e-d840-49d8-aac3-de81602aa1d5: receive RaftClientReply:client-7EF960CB3D58->c9f1298e-d840-49d8-aac3-de81602aa1d5@group-E9810A644481, cid=2413, SUCCESS, logIndex=3319, commits[c9f1298e-d840-49d8-aac3-de81602aa1d5:c3322]
2019-08-30 23:40:15,439 [grpc-default-executor-0] INFO  client.GrpcClientProtocolClient (GrpcClientProtocolClient.java:onNext(255)) - client-7EF960CB3D58->c9f1298e-d840-49d8-aac3-de81602aa1d5: receive RaftClientReply:client-7EF960CB3D58->c9f1298e-d840-49d8-aac3-de81602aa1d5@group-E9810A644481, cid=2414, SUCCESS, logIndex=3320, commits[c9f1298e-d840-49d8-aac3-de81602aa1d5:c3322]
2019-08-30 23:40:15,439 [grpc-default-executor-0] INFO  client.GrpcClientProtocolClient (GrpcClientProtocolClient.java:onNext(255)) - client-7EF960CB3D58->c9f1298e-d840-49d8-aac3-de81602aa1d5: receive RaftClientReply:client-7EF960CB3D58->c9f1298e-d840-49d8-aac3-de81602aa1d5@group-E9810A644481, cid=2415, SUCCESS, logIndex=3321, commits[c9f1298e-d840-49d8-aac3-de81602aa1d5:c3322]
2019-08-30 23:40:15,440 [grpc-default-executor-0] INFO  client.GrpcClientProtocolClient (GrpcClientProtocolClient.java:onNext(255)) - client-7EF960CB3D58->c9f1298e-d840-49d8-aac3-de81602aa1d5: receive RaftClientReply:client-7EF960CB3D58->c9f1298e-d840-49d8-aac3-de81602aa1d5@group-E9810A644481, cid=2416, SUCCESS, logIndex=3322, commits[c9f1298e-d840-49d8-aac3-de81602aa1d5:c3322]
2019-08-30 23:40:15,472 [grpc-default-executor-0] INFO  client.GrpcClientProtocolClient (GrpcClientProtocolClient.java:onNext(255)) - client-7EF960CB3D58->c9f1298e-d840-49d8-aac3-de81602aa1d5: receive RaftClientReply:client-7EF960CB3D58->c9f1298e-d840-49d8-aac3-de81602aa1d5@group-E9810A644481, cid=2417, SUCCESS, logIndex=3324, commits[c9f1298e-d840-49d8-aac3-de81602aa1d5:c3325]
2019-08-30 23:40:15,472 [grpc-default-executor-0] INFO  client.GrpcClientProtocolClient (GrpcClientProtocolClient.java:onNext(255)) - client-7EF960CB3D58->c9f1298e-d840-49d8-aac3-de81602aa1d5: receive RaftClientReply:client-7EF960CB3D58->c9f1298e-d840-49d8-aac3-de81602aa1d5@group-E9810A644481, cid=2418, SUCCESS, logIndex=3325, commits[c9f1298e-d840-49d8-aac3-de81602aa1d5:c3325]
2019-08-30 23:40:15,480 [grpc-default-executor-0] INFO  client.GrpcClientProtocolClient (GrpcClientProtocolClient.java:onNext(255)) - client-7EF960CB3D58->c9f1298e-d840-49d8-aac3-de81602aa1d5: receive RaftClientReply:client-7EF960CB3D58->c9f1298e-d840-49d8-aac3-de81602aa1d5@group-E9810A644481, cid=2419, SUCCESS, logIndex=3326, commits[c9f1298e-d840-49d8-aac3-de81602aa1d5:c3327]
2019-08-30 23:40:15,480 [grpc-default-executor-0] INFO  client.GrpcClientProtocolClient (GrpcClientProtocolClient.java:onNext(255)) - client-7EF960CB3D58->c9f1298e-d840-49d8-aac3-de81602aa1d5: receive RaftClientReply:client-7EF960CB3D58->c9f1298e-d840-49d8-aac3-de81602aa1d5@group-E9810A644481, cid=2420, SUCCESS, logIndex=3327, commits[c9f1298e-d840-49d8-aac3-de81602aa1d5:c3327]
2019-08-30 23:40:15,500 [grpc-default-executor-0] INFO  client.GrpcClientProtocolClient (GrpcClientProtocolClient.java:onNext(255)) - client-7EF960CB3D58->c9f1298e-d840-49d8-aac3-de81602aa1d5: receive RaftClientReply:client-7EF960CB3D58->c9f1298e-d840-49d8-aac3-de81602aa1d5@group-E9810A644481, cid=2421, SUCCESS, logIndex=3330, commits[c9f1298e-d840-49d8-aac3-de81602aa1d5:c3331]
2019-08-30 23:40:15,500 [grpc-default-executor-0] INFO  client.GrpcClientProtocolClient (GrpcClientProtocolClient.java:onNext(255)) - client-7EF960CB3D58->c9f1298e-d840-49d8-aac3-de81602aa1d5: receive RaftClientReply:client-7EF960CB3D58->c9f1298e-d840-49d8-aac3-de81602aa1d5@group-E9810A644481, cid=2422, SUCCESS, logIndex=3331, commits[c9f1298e-d840-49d8-aac3-de81602aa1d5:c3331]
2019-08-30 23:40:15,501 [SCMBlockDeletingService#1] DEBUG block.SCMBlockDeletingService (SCMBlockDeletingService.java:call(138)) - Running DeletedBlockTransactionScanner
2019-08-30 23:40:15,501 [SCMBlockDeletingService#1] DEBUG block.SCMBlockDeletingService (SCMBlockDeletingService.java:call(155)) - Scanned deleted blocks log and got 0 delTX to process.
2019-08-30 23:40:15,508 [grpc-default-executor-0] INFO  client.GrpcClientProtocolClient (GrpcClientProtocolClient.java:onNext(255)) - client-7EF960CB3D58->c9f1298e-d840-49d8-aac3-de81602aa1d5: receive RaftClientReply:client-7EF960CB3D58->c9f1298e-d840-49d8-aac3-de81602aa1d5@group-E9810A644481, cid=2423, SUCCESS, logIndex=3332, commits[c9f1298e-d840-49d8-aac3-de81602aa1d5:c3333]
2019-08-30 23:40:15,509 [grpc-default-executor-0] INFO  client.GrpcClientProtocolClient (GrpcClientProtocolClient.java:onNext(255)) - client-7EF960CB3D58->c9f1298e-d840-49d8-aac3-de81602aa1d5: receive RaftClientReply:client-7EF960CB3D58->c9f1298e-d840-49d8-aac3-de81602aa1d5@group-E9810A644481, cid=2424, SUCCESS, logIndex=3333, commits[c9f1298e-d840-49d8-aac3-de81602aa1d5:c3333]
2019-08-30 23:40:15,533 [grpc-default-executor-1] INFO  client.GrpcClientProtocolClient (GrpcClientProtocolClient.java:onNext(255)) - client-7EF960CB3D58->c9f1298e-d840-49d8-aac3-de81602aa1d5: receive RaftClientReply:client-7EF960CB3D58->c9f1298e-d840-49d8-aac3-de81602aa1d5@group-E9810A644481, cid=2425, SUCCESS, logIndex=3336, commits[c9f1298e-d840-49d8-aac3-de81602aa1d5:c3337]
2019-08-30 23:40:15,534 [grpc-default-executor-1] INFO  client.GrpcClientProtocolClient (GrpcClientProtocolClient.java:onNext(255)) - client-7EF960CB3D58->c9f1298e-d840-49d8-aac3-de81602aa1d5: receive RaftClientReply:client-7EF960CB3D58->c9f1298e-d840-49d8-aac3-de81602aa1d5@group-E9810A644481, cid=2426, SUCCESS, logIndex=3337, commits[c9f1298e-d840-49d8-aac3-de81602aa1d5:c3337]
2019-08-30 23:40:15,543 [grpc-default-executor-1] INFO  client.GrpcClientProtocolClient (GrpcClientProtocolClient.java:onNext(255)) - client-7EF960CB3D58->c9f1298e-d840-49d8-aac3-de81602aa1d5: receive RaftClientReply:client-7EF960CB3D58->c9f1298e-d840-49d8-aac3-de81602aa1d5@group-E9810A644481, cid=2427, SUCCESS, logIndex=3338, commits[c9f1298e-d840-49d8-aac3-de81602aa1d5:c3339]
2019-08-30 23:40:15,543 [grpc-default-executor-1] INFO  client.GrpcClientProtocolClient (GrpcClientProtocolClient.java:onNext(255)) - client-7EF960CB3D58->c9f1298e-d840-49d8-aac3-de81602aa1d5: receive RaftClientReply:client-7EF960CB3D58->c9f1298e-d840-49d8-aac3-de81602aa1d5@group-E9810A644481, cid=2428, SUCCESS, logIndex=3339, commits[c9f1298e-d840-49d8-aac3-de81602aa1d5:c3339]
2019-08-30 23:40:15,563 [grpc-default-executor-1] INFO  client.GrpcClientProtocolClient (GrpcClientProtocolClient.java:onNext(255)) - client-7EF960CB3D58->c9f1298e-d840-49d8-aac3-de81602aa1d5: receive RaftClientReply:client-7EF960CB3D58->c9f1298e-d840-49d8-aac3-de81602aa1d5@group-E9810A644481, cid=2429, SUCCESS, logIndex=3342, commits[c9f1298e-d840-49d8-aac3-de81602aa1d5:c3343]
2019-08-30 23:40:15,564 [grpc-default-executor-1] INFO  client.GrpcClientProtocolClient (GrpcClientProtocolClient.java:onNext(255)) - client-7EF960CB3D58->c9f1298e-d840-49d8-aac3-de81602aa1d5: receive RaftClientReply:client-7EF960CB3D58->c9f1298e-d840-49d8-aac3-de81602aa1d5@group-E9810A644481, cid=2430, SUCCESS, logIndex=3343, commits[c9f1298e-d840-49d8-aac3-de81602aa1d5:c3343]
2019-08-30 23:40:15,601 [SCMBlockDeletingService#1] DEBUG block.SCMBlockDeletingService (SCMBlockDeletingService.java:call(138)) - Running DeletedBlockTransactionScanner
2019-08-30 23:40:15,602 [SCMBlockDeletingService#1] DEBUG block.SCMBlockDeletingService (SCMBlockDeletingService.java:call(155)) - Scanned deleted blocks log and got 0 delTX to process.
2019-08-30 23:40:15,702 [SCMBlockDeletingService#1] DEBUG block.SCMBlockDeletingService (SCMBlockDeletingService.java:call(138)) - Running DeletedBlockTransactionScanner
2019-08-30 23:40:15,702 [SCMBlockDeletingService#1] DEBUG block.SCMBlockDeletingService (SCMBlockDeletingService.java:call(155)) - Scanned deleted blocks log and got 0 delTX to process.
2019-08-30 23:40:15,708 [grpc-default-executor-0] INFO  client.GrpcClientProtocolClient (GrpcClientProtocolClient.java:onNext(255)) - client-7EF960CB3D58->c9f1298e-d840-49d8-aac3-de81602aa1d5: receive RaftClientReply:client-7EF960CB3D58->c9f1298e-d840-49d8-aac3-de81602aa1d5@group-E9810A644481, cid=2431, SUCCESS, logIndex=3345, commits[c9f1298e-d840-49d8-aac3-de81602aa1d5:c3346]
2019-08-30 23:40:15,709 [grpc-default-executor-0] INFO  client.GrpcClientProtocolClient (GrpcClientProtocolClient.java:onNext(255)) - client-7EF960CB3D58->c9f1298e-d840-49d8-aac3-de81602aa1d5: receive RaftClientReply:client-7EF960CB3D58->c9f1298e-d840-49d8-aac3-de81602aa1d5@group-E9810A644481, cid=2432, SUCCESS, logIndex=3346, commits[c9f1298e-d840-49d8-aac3-de81602aa1d5:c3346]
2019-08-30 23:40:15,740 [grpc-default-executor-0] INFO  client.GrpcClientProtocolClient (GrpcClientProtocolClient.java:onNext(255)) - client-7EF960CB3D58->c9f1298e-d840-49d8-aac3-de81602aa1d5: receive RaftClientReply:client-7EF960CB3D58->c9f1298e-d840-49d8-aac3-de81602aa1d5@group-E9810A644481, cid=2433, SUCCESS, logIndex=3348, commits[c9f1298e-d840-49d8-aac3-de81602aa1d5:c3349]
2019-08-30 23:40:15,740 [grpc-default-executor-0] INFO  client.GrpcClientProtocolClient (GrpcClientProtocolClient.java:onNext(255)) - client-7EF960CB3D58->c9f1298e-d840-49d8-aac3-de81602aa1d5: receive RaftClientReply:client-7EF960CB3D58->c9f1298e-d840-49d8-aac3-de81602aa1d5@group-E9810A644481, cid=2434, SUCCESS, logIndex=3349, commits[c9f1298e-d840-49d8-aac3-de81602aa1d5:c3349]
2019-08-30 23:40:15,752 [grpc-default-executor-0] INFO  client.GrpcClientProtocolClient (GrpcClientProtocolClient.java:onNext(255)) - client-7EF960CB3D58->c9f1298e-d840-49d8-aac3-de81602aa1d5: receive RaftClientReply:client-7EF960CB3D58->c9f1298e-d840-49d8-aac3-de81602aa1d5@group-E9810A644481, cid=2435, SUCCESS, logIndex=3350, commits[c9f1298e-d840-49d8-aac3-de81602aa1d5:c3351]
2019-08-30 23:40:15,752 [grpc-default-executor-0] INFO  client.GrpcClientProtocolClient (GrpcClientProtocolClient.java:onNext(255)) - client-7EF960CB3D58->c9f1298e-d840-49d8-aac3-de81602aa1d5: receive RaftClientReply:client-7EF960CB3D58->c9f1298e-d840-49d8-aac3-de81602aa1d5@group-E9810A644481, cid=2436, SUCCESS, logIndex=3351, commits[c9f1298e-d840-49d8-aac3-de81602aa1d5:c3351]
2019-08-30 23:40:15,771 [grpc-default-executor-0] INFO  client.GrpcClientProtocolClient (GrpcClientProtocolClient.java:onNext(255)) - client-7EF960CB3D58->c9f1298e-d840-49d8-aac3-de81602aa1d5: receive RaftClientReply:client-7EF960CB3D58->c9f1298e-d840-49d8-aac3-de81602aa1d5@group-E9810A644481, cid=2437, SUCCESS, logIndex=3354, commits[c9f1298e-d840-49d8-aac3-de81602aa1d5:c3355]
2019-08-30 23:40:15,771 [grpc-default-executor-0] INFO  client.GrpcClientProtocolClient (GrpcClientProtocolClient.java:onNext(255)) - client-7EF960CB3D58->c9f1298e-d840-49d8-aac3-de81602aa1d5: receive RaftClientReply:client-7EF960CB3D58->c9f1298e-d840-49d8-aac3-de81602aa1d5@group-E9810A644481, cid=2438, SUCCESS, logIndex=3355, commits[c9f1298e-d840-49d8-aac3-de81602aa1d5:c3355]
2019-08-30 23:40:15,781 [grpc-default-executor-0] INFO  client.GrpcClientProtocolClient (GrpcClientProtocolClient.java:onNext(255)) - client-7EF960CB3D58->c9f1298e-d840-49d8-aac3-de81602aa1d5: receive RaftClientReply:client-7EF960CB3D58->c9f1298e-d840-49d8-aac3-de81602aa1d5@group-E9810A644481, cid=2439, SUCCESS, logIndex=3356, commits[c9f1298e-d840-49d8-aac3-de81602aa1d5:c3357]
2019-08-30 23:40:15,782 [grpc-default-executor-0] INFO  client.GrpcClientProtocolClient (GrpcClientProtocolClient.java:onNext(255)) - client-7EF960CB3D58->c9f1298e-d840-49d8-aac3-de81602aa1d5: receive RaftClientReply:client-7EF960CB3D58->c9f1298e-d840-49d8-aac3-de81602aa1d5@group-E9810A644481, cid=2440, SUCCESS, logIndex=3357, commits[c9f1298e-d840-49d8-aac3-de81602aa1d5:c3357]
2019-08-30 23:40:15,802 [SCMBlockDeletingService#1] DEBUG block.SCMBlockDeletingService (SCMBlockDeletingService.java:call(138)) - Running DeletedBlockTransactionScanner
2019-08-30 23:40:15,803 [SCMBlockDeletingService#1] DEBUG block.SCMBlockDeletingService (SCMBlockDeletingService.java:call(155)) - Scanned deleted blocks log and got 0 delTX to process.
2019-08-30 23:40:15,814 [grpc-default-executor-0] INFO  client.GrpcClientProtocolClient (GrpcClientProtocolClient.java:onNext(255)) - client-7EF960CB3D58->c9f1298e-d840-49d8-aac3-de81602aa1d5: receive RaftClientReply:client-7EF960CB3D58->c9f1298e-d840-49d8-aac3-de81602aa1d5@group-E9810A644481, cid=2441, SUCCESS, logIndex=3360, commits[c9f1298e-d840-49d8-aac3-de81602aa1d5:c3361]
2019-08-30 23:40:15,815 [grpc-default-executor-0] INFO  client.GrpcClientProtocolClient (GrpcClientProtocolClient.java:onNext(255)) - client-7EF960CB3D58->c9f1298e-d840-49d8-aac3-de81602aa1d5: receive RaftClientReply:client-7EF960CB3D58->c9f1298e-d840-49d8-aac3-de81602aa1d5@group-E9810A644481, cid=2442, SUCCESS, logIndex=3361, commits[c9f1298e-d840-49d8-aac3-de81602aa1d5:c3361]
2019-08-30 23:40:15,824 [grpc-default-executor-0] INFO  client.GrpcClientProtocolClient (GrpcClientProtocolClient.java:onNext(255)) - client-7EF960CB3D58->c9f1298e-d840-49d8-aac3-de81602aa1d5: receive RaftClientReply:client-7EF960CB3D58->c9f1298e-d840-49d8-aac3-de81602aa1d5@group-E9810A644481, cid=2443, SUCCESS, logIndex=3362, commits[c9f1298e-d840-49d8-aac3-de81602aa1d5:c3363]
2019-08-30 23:40:15,824 [grpc-default-executor-0] INFO  client.GrpcClientProtocolClient (GrpcClientProtocolClient.java:onNext(255)) - client-7EF960CB3D58->c9f1298e-d840-49d8-aac3-de81602aa1d5: receive RaftClientReply:client-7EF960CB3D58->c9f1298e-d840-49d8-aac3-de81602aa1d5@group-E9810A644481, cid=2444, SUCCESS, logIndex=3363, commits[c9f1298e-d840-49d8-aac3-de81602aa1d5:c3363]
2019-08-30 23:40:15,871 [grpc-default-executor-1] INFO  client.GrpcClientProtocolClient (GrpcClientProtocolClient.java:onNext(255)) - client-7EF960CB3D58->c9f1298e-d840-49d8-aac3-de81602aa1d5: receive RaftClientReply:client-7EF960CB3D58->c9f1298e-d840-49d8-aac3-de81602aa1d5@group-E9810A644481, cid=2445, SUCCESS, logIndex=3366, commits[c9f1298e-d840-49d8-aac3-de81602aa1d5:c3369]
2019-08-30 23:40:15,871 [grpc-default-executor-1] INFO  client.GrpcClientProtocolClient (GrpcClientProtocolClient.java:onNext(255)) - client-7EF960CB3D58->c9f1298e-d840-49d8-aac3-de81602aa1d5: receive RaftClientReply:client-7EF960CB3D58->c9f1298e-d840-49d8-aac3-de81602aa1d5@group-E9810A644481, cid=2446, SUCCESS, logIndex=3367, commits[c9f1298e-d840-49d8-aac3-de81602aa1d5:c3369]
2019-08-30 23:40:15,872 [grpc-default-executor-1] INFO  client.GrpcClientProtocolClient (GrpcClientProtocolClient.java:onNext(255)) - client-7EF960CB3D58->c9f1298e-d840-49d8-aac3-de81602aa1d5: receive RaftClientReply:client-7EF960CB3D58->c9f1298e-d840-49d8-aac3-de81602aa1d5@group-E9810A644481, cid=2447, SUCCESS, logIndex=3368, commits[c9f1298e-d840-49d8-aac3-de81602aa1d5:c3369]
2019-08-30 23:40:15,872 [grpc-default-executor-1] INFO  client.GrpcClientProtocolClient (GrpcClientProtocolClient.java:onNext(255)) - client-7EF960CB3D58->c9f1298e-d840-49d8-aac3-de81602aa1d5: receive RaftClientReply:client-7EF960CB3D58->c9f1298e-d840-49d8-aac3-de81602aa1d5@group-E9810A644481, cid=2448, SUCCESS, logIndex=3369, commits[c9f1298e-d840-49d8-aac3-de81602aa1d5:c3369]
2019-08-30 23:40:15,900 [grpc-default-executor-1] INFO  client.GrpcClientProtocolClient (GrpcClientProtocolClient.java:onNext(255)) - client-7EF960CB3D58->c9f1298e-d840-49d8-aac3-de81602aa1d5: receive RaftClientReply:client-7EF960CB3D58->c9f1298e-d840-49d8-aac3-de81602aa1d5@group-E9810A644481, cid=2449, SUCCESS, logIndex=3371, commits[c9f1298e-d840-49d8-aac3-de81602aa1d5:c3372]
2019-08-30 23:40:15,901 [grpc-default-executor-1] INFO  client.GrpcClientProtocolClient (GrpcClientProtocolClient.java:onNext(255)) - client-7EF960CB3D58->c9f1298e-d840-49d8-aac3-de81602aa1d5: receive RaftClientReply:client-7EF960CB3D58->c9f1298e-d840-49d8-aac3-de81602aa1d5@group-E9810A644481, cid=2450, SUCCESS, logIndex=3372, commits[c9f1298e-d840-49d8-aac3-de81602aa1d5:c3372]
2019-08-30 23:40:15,902 [grpc-default-executor-1] INFO  client.GrpcClientProtocolClient (GrpcClientProtocolClient.java:onNext(255)) - client-7EF960CB3D58->c9f1298e-d840-49d8-aac3-de81602aa1d5: receive RaftClientReply:client-7EF960CB3D58->c9f1298e-d840-49d8-aac3-de81602aa1d5@group-E9810A644481, cid=2451, SUCCESS, logIndex=3373, commits[c9f1298e-d840-49d8-aac3-de81602aa1d5:c3374]
2019-08-30 23:40:15,902 [grpc-default-executor-1] INFO  client.GrpcClientProtocolClient (GrpcClientProtocolClient.java:onNext(255)) - client-7EF960CB3D58->c9f1298e-d840-49d8-aac3-de81602aa1d5: receive RaftClientReply:client-7EF960CB3D58->c9f1298e-d840-49d8-aac3-de81602aa1d5@group-E9810A644481, cid=2452, SUCCESS, logIndex=3374, commits[c9f1298e-d840-49d8-aac3-de81602aa1d5:c3374]
2019-08-30 23:40:15,903 [SCMBlockDeletingService#1] DEBUG block.SCMBlockDeletingService (SCMBlockDeletingService.java:call(138)) - Running DeletedBlockTransactionScanner
2019-08-30 23:40:15,904 [SCMBlockDeletingService#1] DEBUG block.SCMBlockDeletingService (SCMBlockDeletingService.java:call(155)) - Scanned deleted blocks log and got 0 delTX to process.
2019-08-30 23:40:15,926 [grpc-default-executor-0] INFO  client.GrpcClientProtocolClient (GrpcClientProtocolClient.java:onNext(255)) - client-7EF960CB3D58->c9f1298e-d840-49d8-aac3-de81602aa1d5: receive RaftClientReply:client-7EF960CB3D58->c9f1298e-d840-49d8-aac3-de81602aa1d5@group-E9810A644481, cid=2453, SUCCESS, logIndex=3377, commits[c9f1298e-d840-49d8-aac3-de81602aa1d5:c3378]
2019-08-30 23:40:15,927 [grpc-default-executor-0] INFO  client.GrpcClientProtocolClient (GrpcClientProtocolClient.java:onNext(255)) - client-7EF960CB3D58->c9f1298e-d840-49d8-aac3-de81602aa1d5: receive RaftClientReply:client-7EF960CB3D58->c9f1298e-d840-49d8-aac3-de81602aa1d5@group-E9810A644481, cid=2454, SUCCESS, logIndex=3378, commits[c9f1298e-d840-49d8-aac3-de81602aa1d5:c3378]
2019-08-30 23:40:15,927 [grpc-default-executor-0] INFO  client.GrpcClientProtocolClient (GrpcClientProtocolClient.java:onNext(255)) - client-7EF960CB3D58->c9f1298e-d840-49d8-aac3-de81602aa1d5: receive RaftClientReply:client-7EF960CB3D58->c9f1298e-d840-49d8-aac3-de81602aa1d5@group-E9810A644481, cid=2455, SUCCESS, logIndex=3379, commits[c9f1298e-d840-49d8-aac3-de81602aa1d5:c3380]
2019-08-30 23:40:15,928 [grpc-default-executor-0] INFO  client.GrpcClientProtocolClient (GrpcClientProtocolClient.java:onNext(255)) - client-7EF960CB3D58->c9f1298e-d840-49d8-aac3-de81602aa1d5: receive RaftClientReply:client-7EF960CB3D58->c9f1298e-d840-49d8-aac3-de81602aa1d5@group-E9810A644481, cid=2456, SUCCESS, logIndex=3380, commits[c9f1298e-d840-49d8-aac3-de81602aa1d5:c3380]
2019-08-30 23:40:15,957 [grpc-default-executor-0] INFO  client.GrpcClientProtocolClient (GrpcClientProtocolClient.java:onNext(255)) - client-7EF960CB3D58->c9f1298e-d840-49d8-aac3-de81602aa1d5: receive RaftClientReply:client-7EF960CB3D58->c9f1298e-d840-49d8-aac3-de81602aa1d5@group-E9810A644481, cid=2457, SUCCESS, logIndex=3383, commits[c9f1298e-d840-49d8-aac3-de81602aa1d5:c3384]
2019-08-30 23:40:15,958 [grpc-default-executor-0] INFO  client.GrpcClientProtocolClient (GrpcClientProtocolClient.java:onNext(255)) - client-7EF960CB3D58->c9f1298e-d840-49d8-aac3-de81602aa1d5: receive RaftClientReply:client-7EF960CB3D58->c9f1298e-d840-49d8-aac3-de81602aa1d5@group-E9810A644481, cid=2458, SUCCESS, logIndex=3384, commits[c9f1298e-d840-49d8-aac3-de81602aa1d5:c3384]
2019-08-30 23:40:15,979 [grpc-default-executor-0] INFO  client.GrpcClientProtocolClient (GrpcClientProtocolClient.java:onNext(255)) - client-7EF960CB3D58->c9f1298e-d840-49d8-aac3-de81602aa1d5: receive RaftClientReply:client-7EF960CB3D58->c9f1298e-d840-49d8-aac3-de81602aa1d5@group-E9810A644481, cid=2459, SUCCESS, logIndex=3385, commits[c9f1298e-d840-49d8-aac3-de81602aa1d5:c3386]
2019-08-30 23:40:15,980 [grpc-default-executor-0] INFO  client.GrpcClientProtocolClient (GrpcClientProtocolClient.java:onNext(255)) - client-7EF960CB3D58->c9f1298e-d840-49d8-aac3-de81602aa1d5: receive RaftClientReply:client-7EF960CB3D58->c9f1298e-d840-49d8-aac3-de81602aa1d5@group-E9810A644481, cid=2460, SUCCESS, logIndex=3386, commits[c9f1298e-d840-49d8-aac3-de81602aa1d5:c3386]
2019-08-30 23:40:16,004 [SCMBlockDeletingService#1] DEBUG block.SCMBlockDeletingService (SCMBlockDeletingService.java:call(138)) - Running DeletedBlockTransactionScanner
2019-08-30 23:40:16,004 [grpc-default-executor-0] INFO  client.GrpcClientProtocolClient (GrpcClientProtocolClient.java:onNext(255)) - client-7EF960CB3D58->c9f1298e-d840-49d8-aac3-de81602aa1d5: receive RaftClientReply:client-7EF960CB3D58->c9f1298e-d840-49d8-aac3-de81602aa1d5@group-E9810A644481, cid=2461, SUCCESS, logIndex=3389, commits[c9f1298e-d840-49d8-aac3-de81602aa1d5:c3390]
2019-08-30 23:40:16,005 [SCMBlockDeletingService#1] DEBUG block.SCMBlockDeletingService (SCMBlockDeletingService.java:call(155)) - Scanned deleted blocks log and got 0 delTX to process.
2019-08-30 23:40:16,005 [grpc-default-executor-0] INFO  client.GrpcClientProtocolClient (GrpcClientProtocolClient.java:onNext(255)) - client-7EF960CB3D58->c9f1298e-d840-49d8-aac3-de81602aa1d5: receive RaftClientReply:client-7EF960CB3D58->c9f1298e-d840-49d8-aac3-de81602aa1d5@group-E9810A644481, cid=2462, SUCCESS, logIndex=3390, commits[c9f1298e-d840-49d8-aac3-de81602aa1d5:c3392]
2019-08-30 23:40:16,006 [grpc-default-executor-0] INFO  client.GrpcClientProtocolClient (GrpcClientProtocolClient.java:onNext(255)) - client-7EF960CB3D58->c9f1298e-d840-49d8-aac3-de81602aa1d5: receive RaftClientReply:client-7EF960CB3D58->c9f1298e-d840-49d8-aac3-de81602aa1d5@group-E9810A644481, cid=2463, SUCCESS, logIndex=3391, commits[c9f1298e-d840-49d8-aac3-de81602aa1d5:c3392]
2019-08-30 23:40:16,006 [grpc-default-executor-0] INFO  client.GrpcClientProtocolClient (GrpcClientProtocolClient.java:onNext(255)) - client-7EF960CB3D58->c9f1298e-d840-49d8-aac3-de81602aa1d5: receive RaftClientReply:client-7EF960CB3D58->c9f1298e-d840-49d8-aac3-de81602aa1d5@group-E9810A644481, cid=2464, SUCCESS, logIndex=3392, commits[c9f1298e-d840-49d8-aac3-de81602aa1d5:c3392]
2019-08-30 23:40:16,050 [grpc-default-executor-0] INFO  client.GrpcClientProtocolClient (GrpcClientProtocolClient.java:onNext(255)) - client-7EF960CB3D58->c9f1298e-d840-49d8-aac3-de81602aa1d5: receive RaftClientReply:client-7EF960CB3D58->c9f1298e-d840-49d8-aac3-de81602aa1d5@group-E9810A644481, cid=2465, SUCCESS, logIndex=3395, commits[c9f1298e-d840-49d8-aac3-de81602aa1d5:c3396]
2019-08-30 23:40:16,051 [grpc-default-executor-0] INFO  client.GrpcClientProtocolClient (GrpcClientProtocolClient.java:onNext(255)) - client-7EF960CB3D58->c9f1298e-d840-49d8-aac3-de81602aa1d5: receive RaftClientReply:client-7EF960CB3D58->c9f1298e-d840-49d8-aac3-de81602aa1d5@group-E9810A644481, cid=2466, SUCCESS, logIndex=3396, commits[c9f1298e-d840-49d8-aac3-de81602aa1d5:c3398]
2019-08-30 23:40:16,052 [grpc-default-executor-0] INFO  client.GrpcClientProtocolClient (GrpcClientProtocolClient.java:onNext(255)) - client-7EF960CB3D58->c9f1298e-d840-49d8-aac3-de81602aa1d5: receive RaftClientReply:client-7EF960CB3D58->c9f1298e-d840-49d8-aac3-de81602aa1d5@group-E9810A644481, cid=2467, SUCCESS, logIndex=3397, commits[c9f1298e-d840-49d8-aac3-de81602aa1d5:c3398]
2019-08-30 23:40:16,052 [grpc-default-executor-0] INFO  client.GrpcClientProtocolClient (GrpcClientProtocolClient.java:onNext(255)) - client-7EF960CB3D58->c9f1298e-d840-49d8-aac3-de81602aa1d5: receive RaftClientReply:client-7EF960CB3D58->c9f1298e-d840-49d8-aac3-de81602aa1d5@group-E9810A644481, cid=2468, SUCCESS, logIndex=3398, commits[c9f1298e-d840-49d8-aac3-de81602aa1d5:c3398]
2019-08-30 23:40:16,090 [grpc-default-executor-0] INFO  client.GrpcClientProtocolClient (GrpcClientProtocolClient.java:onNext(255)) - client-7EF960CB3D58->c9f1298e-d840-49d8-aac3-de81602aa1d5: receive RaftClientReply:client-7EF960CB3D58->c9f1298e-d840-49d8-aac3-de81602aa1d5@group-E9810A644481, cid=2469, SUCCESS, logIndex=3401, commits[c9f1298e-d840-49d8-aac3-de81602aa1d5:c3404]
2019-08-30 23:40:16,090 [grpc-default-executor-0] INFO  client.GrpcClientProtocolClient (GrpcClientProtocolClient.java:onNext(255)) - client-7EF960CB3D58->c9f1298e-d840-49d8-aac3-de81602aa1d5: receive RaftClientReply:client-7EF960CB3D58->c9f1298e-d840-49d8-aac3-de81602aa1d5@group-E9810A644481, cid=2470, SUCCESS, logIndex=3402, commits[c9f1298e-d840-49d8-aac3-de81602aa1d5:c3404]
2019-08-30 23:40:16,091 [grpc-default-executor-0] INFO  client.GrpcClientProtocolClient (GrpcClientProtocolClient.java:onNext(255)) - client-7EF960CB3D58->c9f1298e-d840-49d8-aac3-de81602aa1d5: receive RaftClientReply:client-7EF960CB3D58->c9f1298e-d840-49d8-aac3-de81602aa1d5@group-E9810A644481, cid=2471, SUCCESS, logIndex=3403, commits[c9f1298e-d840-49d8-aac3-de81602aa1d5:c3404]
2019-08-30 23:40:16,092 [grpc-default-executor-0] INFO  client.GrpcClientProtocolClient (GrpcClientProtocolClient.java:onNext(255)) - client-7EF960CB3D58->c9f1298e-d840-49d8-aac3-de81602aa1d5: receive RaftClientReply:client-7EF960CB3D58->c9f1298e-d840-49d8-aac3-de81602aa1d5@group-E9810A644481, cid=2472, SUCCESS, logIndex=3404, commits[c9f1298e-d840-49d8-aac3-de81602aa1d5:c3404]
2019-08-30 23:40:16,105 [SCMBlockDeletingService#1] DEBUG block.SCMBlockDeletingService (SCMBlockDeletingService.java:call(138)) - Running DeletedBlockTransactionScanner
2019-08-30 23:40:16,106 [SCMBlockDeletingService#1] DEBUG block.SCMBlockDeletingService (SCMBlockDeletingService.java:call(155)) - Scanned deleted blocks log and got 0 delTX to process.
2019-08-30 23:40:16,133 [grpc-default-executor-1] INFO  client.GrpcClientProtocolClient (GrpcClientProtocolClient.java:onNext(255)) - client-7EF960CB3D58->c9f1298e-d840-49d8-aac3-de81602aa1d5: receive RaftClientReply:client-7EF960CB3D58->c9f1298e-d840-49d8-aac3-de81602aa1d5@group-E9810A644481, cid=2473, SUCCESS, logIndex=3406, commits[c9f1298e-d840-49d8-aac3-de81602aa1d5:c3407]
2019-08-30 23:40:16,134 [grpc-default-executor-1] INFO  client.GrpcClientProtocolClient (GrpcClientProtocolClient.java:onNext(255)) - client-7EF960CB3D58->c9f1298e-d840-49d8-aac3-de81602aa1d5: receive RaftClientReply:client-7EF960CB3D58->c9f1298e-d840-49d8-aac3-de81602aa1d5@group-E9810A644481, cid=2474, SUCCESS, logIndex=3407, commits[c9f1298e-d840-49d8-aac3-de81602aa1d5:c3407]
2019-08-30 23:40:16,206 [SCMBlockDeletingService#1] DEBUG block.SCMBlockDeletingService (SCMBlockDeletingService.java:call(138)) - Running DeletedBlockTransactionScanner
2019-08-30 23:40:16,206 [SCMBlockDeletingService#1] DEBUG block.SCMBlockDeletingService (SCMBlockDeletingService.java:call(155)) - Scanned deleted blocks log and got 0 delTX to process.
2019-08-30 23:40:16,242 [grpc-default-executor-0] INFO  client.GrpcClientProtocolClient (GrpcClientProtocolClient.java:onNext(255)) - client-7EF960CB3D58->c9f1298e-d840-49d8-aac3-de81602aa1d5: receive RaftClientReply:client-7EF960CB3D58->c9f1298e-d840-49d8-aac3-de81602aa1d5@group-E9810A644481, cid=2475, SUCCESS, logIndex=3409, commits[c9f1298e-d840-49d8-aac3-de81602aa1d5:c3410]
2019-08-30 23:40:16,243 [grpc-default-executor-0] INFO  client.GrpcClientProtocolClient (GrpcClientProtocolClient.java:onNext(255)) - client-7EF960CB3D58->c9f1298e-d840-49d8-aac3-de81602aa1d5: receive RaftClientReply:client-7EF960CB3D58->c9f1298e-d840-49d8-aac3-de81602aa1d5@group-E9810A644481, cid=2476, SUCCESS, logIndex=3410, commits[c9f1298e-d840-49d8-aac3-de81602aa1d5:c3410]
2019-08-30 23:40:16,263 [grpc-default-executor-0] INFO  client.GrpcClientProtocolClient (GrpcClientProtocolClient.java:onNext(255)) - client-7EF960CB3D58->c9f1298e-d840-49d8-aac3-de81602aa1d5: receive RaftClientReply:client-7EF960CB3D58->c9f1298e-d840-49d8-aac3-de81602aa1d5@group-E9810A644481, cid=2477, SUCCESS, logIndex=3412, commits[c9f1298e-d840-49d8-aac3-de81602aa1d5:c3413]
2019-08-30 23:40:16,264 [grpc-default-executor-0] INFO  client.GrpcClientProtocolClient (GrpcClientProtocolClient.java:onNext(255)) - client-7EF960CB3D58->c9f1298e-d840-49d8-aac3-de81602aa1d5: receive RaftClientReply:client-7EF960CB3D58->c9f1298e-d840-49d8-aac3-de81602aa1d5@group-E9810A644481, cid=2478, SUCCESS, logIndex=3413, commits[c9f1298e-d840-49d8-aac3-de81602aa1d5:c3413]
2019-08-30 23:40:16,272 [grpc-default-executor-0] INFO  client.GrpcClientProtocolClient (GrpcClientProtocolClient.java:onNext(255)) - client-7EF960CB3D58->c9f1298e-d840-49d8-aac3-de81602aa1d5: receive RaftClientReply:client-7EF960CB3D58->c9f1298e-d840-49d8-aac3-de81602aa1d5@group-E9810A644481, cid=2479, SUCCESS, logIndex=3414, commits[c9f1298e-d840-49d8-aac3-de81602aa1d5:c3415]
2019-08-30 23:40:16,272 [grpc-default-executor-0] INFO  client.GrpcClientProtocolClient (GrpcClientProtocolClient.java:onNext(255)) - client-7EF960CB3D58->c9f1298e-d840-49d8-aac3-de81602aa1d5: receive RaftClientReply:client-7EF960CB3D58->c9f1298e-d840-49d8-aac3-de81602aa1d5@group-E9810A644481, cid=2480, SUCCESS, logIndex=3415, commits[c9f1298e-d840-49d8-aac3-de81602aa1d5:c3415]
2019-08-30 23:40:16,307 [SCMBlockDeletingService#1] DEBUG block.SCMBlockDeletingService (SCMBlockDeletingService.java:call(138)) - Running DeletedBlockTransactionScanner
2019-08-30 23:40:16,307 [SCMBlockDeletingService#1] DEBUG block.SCMBlockDeletingService (SCMBlockDeletingService.java:call(155)) - Scanned deleted blocks log and got 0 delTX to process.
2019-08-30 23:40:16,349 [grpc-default-executor-1] INFO  client.GrpcClientProtocolClient (GrpcClientProtocolClient.java:onNext(255)) - client-7EF960CB3D58->c9f1298e-d840-49d8-aac3-de81602aa1d5: receive RaftClientReply:client-7EF960CB3D58->c9f1298e-d840-49d8-aac3-de81602aa1d5@group-E9810A644481, cid=2481, SUCCESS, logIndex=3418, commits[c9f1298e-d840-49d8-aac3-de81602aa1d5:c3419]
2019-08-30 23:40:16,350 [grpc-default-executor-1] INFO  client.GrpcClientProtocolClient (GrpcClientProtocolClient.java:onNext(255)) - client-7EF960CB3D58->c9f1298e-d840-49d8-aac3-de81602aa1d5: receive RaftClientReply:client-7EF960CB3D58->c9f1298e-d840-49d8-aac3-de81602aa1d5@group-E9810A644481, cid=2482, SUCCESS, logIndex=3419, commits[c9f1298e-d840-49d8-aac3-de81602aa1d5:c3419]
2019-08-30 23:40:16,359 [grpc-default-executor-1] INFO  client.GrpcClientProtocolClient (GrpcClientProtocolClient.java:onNext(255)) - client-7EF960CB3D58->c9f1298e-d840-49d8-aac3-de81602aa1d5: receive RaftClientReply:client-7EF960CB3D58->c9f1298e-d840-49d8-aac3-de81602aa1d5@group-E9810A644481, cid=2483, SUCCESS, logIndex=3420, commits[c9f1298e-d840-49d8-aac3-de81602aa1d5:c3421]
2019-08-30 23:40:16,359 [grpc-default-executor-1] INFO  client.GrpcClientProtocolClient (GrpcClientProtocolClient.java:onNext(255)) - client-7EF960CB3D58->c9f1298e-d840-49d8-aac3-de81602aa1d5: receive RaftClientReply:client-7EF960CB3D58->c9f1298e-d840-49d8-aac3-de81602aa1d5@group-E9810A644481, cid=2484, SUCCESS, logIndex=3421, commits[c9f1298e-d840-49d8-aac3-de81602aa1d5:c3421]
2019-08-30 23:40:16,379 [grpc-default-executor-1] INFO  client.GrpcClientProtocolClient (GrpcClientProtocolClient.java:onNext(255)) - client-7EF960CB3D58->c9f1298e-d840-49d8-aac3-de81602aa1d5: receive RaftClientReply:client-7EF960CB3D58->c9f1298e-d840-49d8-aac3-de81602aa1d5@group-E9810A644481, cid=2485, SUCCESS, logIndex=3424, commits[c9f1298e-d840-49d8-aac3-de81602aa1d5:c3425]
2019-08-30 23:40:16,380 [grpc-default-executor-1] INFO  client.GrpcClientProtocolClient (GrpcClientProtocolClient.java:onNext(255)) - client-7EF960CB3D58->c9f1298e-d840-49d8-aac3-de81602aa1d5: receive RaftClientReply:client-7EF960CB3D58->c9f1298e-d840-49d8-aac3-de81602aa1d5@group-E9810A644481, cid=2486, SUCCESS, logIndex=3425, commits[c9f1298e-d840-49d8-aac3-de81602aa1d5:c3425]
2019-08-30 23:40:16,386 [grpc-default-executor-1] INFO  client.GrpcClientProtocolClient (GrpcClientProtocolClient.java:onNext(255)) - client-7EF960CB3D58->c9f1298e-d840-49d8-aac3-de81602aa1d5: receive RaftClientReply:client-7EF960CB3D58->c9f1298e-d840-49d8-aac3-de81602aa1d5@group-E9810A644481, cid=2487, SUCCESS, logIndex=3426, commits[c9f1298e-d840-49d8-aac3-de81602aa1d5:c3427]
2019-08-30 23:40:16,386 [grpc-default-executor-1] INFO  client.GrpcClientProtocolClient (GrpcClientProtocolClient.java:onNext(255)) - client-7EF960CB3D58->c9f1298e-d840-49d8-aac3-de81602aa1d5: receive RaftClientReply:client-7EF960CB3D58->c9f1298e-d840-49d8-aac3-de81602aa1d5@group-E9810A644481, cid=2488, SUCCESS, logIndex=3427, commits[c9f1298e-d840-49d8-aac3-de81602aa1d5:c3427]
2019-08-30 23:40:16,407 [SCMBlockDeletingService#1] DEBUG block.SCMBlockDeletingService (SCMBlockDeletingService.java:call(138)) - Running DeletedBlockTransactionScanner
2019-08-30 23:40:16,408 [SCMBlockDeletingService#1] DEBUG block.SCMBlockDeletingService (SCMBlockDeletingService.java:call(155)) - Scanned deleted blocks log and got 0 delTX to process.
2019-08-30 23:40:16,424 [grpc-default-executor-0] INFO  client.GrpcClientProtocolClient (GrpcClientProtocolClient.java:onNext(255)) - client-7EF960CB3D58->c9f1298e-d840-49d8-aac3-de81602aa1d5: receive RaftClientReply:client-7EF960CB3D58->c9f1298e-d840-49d8-aac3-de81602aa1d5@group-E9810A644481, cid=2489, SUCCESS, logIndex=3430, commits[c9f1298e-d840-49d8-aac3-de81602aa1d5:c3431]
2019-08-30 23:40:16,424 [grpc-default-executor-0] INFO  client.GrpcClientProtocolClient (GrpcClientProtocolClient.java:onNext(255)) - client-7EF960CB3D58->c9f1298e-d840-49d8-aac3-de81602aa1d5: receive RaftClientReply:client-7EF960CB3D58->c9f1298e-d840-49d8-aac3-de81602aa1d5@group-E9810A644481, cid=2490, SUCCESS, logIndex=3431, commits[c9f1298e-d840-49d8-aac3-de81602aa1d5:c3431]
2019-08-30 23:40:16,430 [grpc-default-executor-0] INFO  client.GrpcClientProtocolClient (GrpcClientProtocolClient.java:onNext(255)) - client-7EF960CB3D58->c9f1298e-d840-49d8-aac3-de81602aa1d5: receive RaftClientReply:client-7EF960CB3D58->c9f1298e-d840-49d8-aac3-de81602aa1d5@group-E9810A644481, cid=2491, SUCCESS, logIndex=3432, commits[c9f1298e-d840-49d8-aac3-de81602aa1d5:c3433]
2019-08-30 23:40:16,430 [grpc-default-executor-0] INFO  client.GrpcClientProtocolClient (GrpcClientProtocolClient.java:onNext(255)) - client-7EF960CB3D58->c9f1298e-d840-49d8-aac3-de81602aa1d5: receive RaftClientReply:client-7EF960CB3D58->c9f1298e-d840-49d8-aac3-de81602aa1d5@group-E9810A644481, cid=2492, SUCCESS, logIndex=3433, commits[c9f1298e-d840-49d8-aac3-de81602aa1d5:c3433]
2019-08-30 23:40:16,453 [grpc-default-executor-0] INFO  client.GrpcClientProtocolClient (GrpcClientProtocolClient.java:onNext(255)) - client-7EF960CB3D58->c9f1298e-d840-49d8-aac3-de81602aa1d5: receive RaftClientReply:client-7EF960CB3D58->c9f1298e-d840-49d8-aac3-de81602aa1d5@group-E9810A644481, cid=2493, SUCCESS, logIndex=3436, commits[c9f1298e-d840-49d8-aac3-de81602aa1d5:c3439]
2019-08-30 23:40:16,454 [grpc-default-executor-0] INFO  client.GrpcClientProtocolClient (GrpcClientProtocolClient.java:onNext(255)) - client-7EF960CB3D58->c9f1298e-d840-49d8-aac3-de81602aa1d5: receive RaftClientReply:client-7EF960CB3D58->c9f1298e-d840-49d8-aac3-de81602aa1d5@group-E9810A644481, cid=2494, SUCCESS, logIndex=3437, commits[c9f1298e-d840-49d8-aac3-de81602aa1d5:c3439]
2019-08-30 23:40:16,454 [grpc-default-executor-0] INFO  client.GrpcClientProtocolClient (GrpcClientProtocolClient.java:onNext(255)) - client-7EF960CB3D58->c9f1298e-d840-49d8-aac3-de81602aa1d5: receive RaftClientReply:client-7EF960CB3D58->c9f1298e-d840-49d8-aac3-de81602aa1d5@group-E9810A644481, cid=2495, SUCCESS, logIndex=3438, commits[c9f1298e-d840-49d8-aac3-de81602aa1d5:c3439]
2019-08-30 23:40:16,455 [grpc-default-executor-0] INFO  client.GrpcClientProtocolClient (GrpcClientProtocolClient.java:onNext(255)) - client-7EF960CB3D58->c9f1298e-d840-49d8-aac3-de81602aa1d5: receive RaftClientReply:client-7EF960CB3D58->c9f1298e-d840-49d8-aac3-de81602aa1d5@group-E9810A644481, cid=2496, SUCCESS, logIndex=3439, commits[c9f1298e-d840-49d8-aac3-de81602aa1d5:c3439]
2019-08-30 23:40:16,487 [grpc-default-executor-0] INFO  client.GrpcClientProtocolClient (GrpcClientProtocolClient.java:onNext(255)) - client-7EF960CB3D58->c9f1298e-d840-49d8-aac3-de81602aa1d5: receive RaftClientReply:client-7EF960CB3D58->c9f1298e-d840-49d8-aac3-de81602aa1d5@group-E9810A644481, cid=2497, SUCCESS, logIndex=3441, commits[c9f1298e-d840-49d8-aac3-de81602aa1d5:c3442]
2019-08-30 23:40:16,488 [grpc-default-executor-0] INFO  client.GrpcClientProtocolClient (GrpcClientProtocolClient.java:onNext(255)) - client-7EF960CB3D58->c9f1298e-d840-49d8-aac3-de81602aa1d5: receive RaftClientReply:client-7EF960CB3D58->c9f1298e-d840-49d8-aac3-de81602aa1d5@group-E9810A644481, cid=2498, SUCCESS, logIndex=3442, commits[c9f1298e-d840-49d8-aac3-de81602aa1d5:c3442]
2019-08-30 23:40:16,495 [grpc-default-executor-0] INFO  client.GrpcClientProtocolClient (GrpcClientProtocolClient.java:onNext(255)) - client-7EF960CB3D58->c9f1298e-d840-49d8-aac3-de81602aa1d5: receive RaftClientReply:client-7EF960CB3D58->c9f1298e-d840-49d8-aac3-de81602aa1d5@group-E9810A644481, cid=2499, SUCCESS, logIndex=3443, commits[c9f1298e-d840-49d8-aac3-de81602aa1d5:c3445]
2019-08-30 23:40:16,496 [grpc-default-executor-0] INFO  client.GrpcClientProtocolClient (GrpcClientProtocolClient.java:onNext(255)) - client-7EF960CB3D58->c9f1298e-d840-49d8-aac3-de81602aa1d5: receive RaftClientReply:client-7EF960CB3D58->c9f1298e-d840-49d8-aac3-de81602aa1d5@group-E9810A644481, cid=2500, SUCCESS, logIndex=3444, commits[c9f1298e-d840-49d8-aac3-de81602aa1d5:c3445]
2019-08-30 23:40:16,508 [SCMBlockDeletingService#1] DEBUG block.SCMBlockDeletingService (SCMBlockDeletingService.java:call(138)) - Running DeletedBlockTransactionScanner
2019-08-30 23:40:16,508 [SCMBlockDeletingService#1] DEBUG block.SCMBlockDeletingService (SCMBlockDeletingService.java:call(155)) - Scanned deleted blocks log and got 0 delTX to process.
2019-08-30 23:40:16,512 [grpc-default-executor-0] INFO  client.GrpcClientProtocolClient (GrpcClientProtocolClient.java:onNext(255)) - client-7EF960CB3D58->c9f1298e-d840-49d8-aac3-de81602aa1d5: receive RaftClientReply:client-7EF960CB3D58->c9f1298e-d840-49d8-aac3-de81602aa1d5@group-E9810A644481, cid=2501, SUCCESS, logIndex=3446, commits[c9f1298e-d840-49d8-aac3-de81602aa1d5:c3447]
2019-08-30 23:40:16,513 [grpc-default-executor-0] INFO  client.GrpcClientProtocolClient (GrpcClientProtocolClient.java:onNext(255)) - client-7EF960CB3D58->c9f1298e-d840-49d8-aac3-de81602aa1d5: receive RaftClientReply:client-7EF960CB3D58->c9f1298e-d840-49d8-aac3-de81602aa1d5@group-E9810A644481, cid=2502, SUCCESS, logIndex=3447, commits[c9f1298e-d840-49d8-aac3-de81602aa1d5:c3447]
2019-08-30 23:40:16,521 [grpc-default-executor-0] INFO  client.GrpcClientProtocolClient (GrpcClientProtocolClient.java:onNext(255)) - client-7EF960CB3D58->c9f1298e-d840-49d8-aac3-de81602aa1d5: receive RaftClientReply:client-7EF960CB3D58->c9f1298e-d840-49d8-aac3-de81602aa1d5@group-E9810A644481, cid=2503, SUCCESS, logIndex=3448, commits[c9f1298e-d840-49d8-aac3-de81602aa1d5:c3449]
2019-08-30 23:40:16,522 [grpc-default-executor-0] INFO  client.GrpcClientProtocolClient (GrpcClientProtocolClient.java:onNext(255)) - client-7EF960CB3D58->c9f1298e-d840-49d8-aac3-de81602aa1d5: receive RaftClientReply:client-7EF960CB3D58->c9f1298e-d840-49d8-aac3-de81602aa1d5@group-E9810A644481, cid=2504, SUCCESS, logIndex=3449, commits[c9f1298e-d840-49d8-aac3-de81602aa1d5:c3449]
2019-08-30 23:40:16,554 [grpc-default-executor-0] INFO  client.GrpcClientProtocolClient (GrpcClientProtocolClient.java:onNext(255)) - client-7EF960CB3D58->c9f1298e-d840-49d8-aac3-de81602aa1d5: receive RaftClientReply:client-7EF960CB3D58->c9f1298e-d840-49d8-aac3-de81602aa1d5@group-E9810A644481, cid=2505, SUCCESS, logIndex=3452, commits[c9f1298e-d840-49d8-aac3-de81602aa1d5:c3453]
2019-08-30 23:40:16,555 [grpc-default-executor-0] INFO  client.GrpcClientProtocolClient (GrpcClientProtocolClient.java:onNext(255)) - client-7EF960CB3D58->c9f1298e-d840-49d8-aac3-de81602aa1d5: receive RaftClientReply:client-7EF960CB3D58->c9f1298e-d840-49d8-aac3-de81602aa1d5@group-E9810A644481, cid=2506, SUCCESS, logIndex=3453, commits[c9f1298e-d840-49d8-aac3-de81602aa1d5:c3453]
2019-08-30 23:40:16,580 [grpc-default-executor-0] INFO  client.GrpcClientProtocolClient (GrpcClientProtocolClient.java:onNext(255)) - client-7EF960CB3D58->c9f1298e-d840-49d8-aac3-de81602aa1d5: receive RaftClientReply:client-7EF960CB3D58->c9f1298e-d840-49d8-aac3-de81602aa1d5@group-E9810A644481, cid=2507, SUCCESS, logIndex=3454, commits[c9f1298e-d840-49d8-aac3-de81602aa1d5:c3456]
2019-08-30 23:40:16,580 [grpc-default-executor-0] INFO  client.GrpcClientProtocolClient (GrpcClientProtocolClient.java:onNext(255)) - client-7EF960CB3D58->c9f1298e-d840-49d8-aac3-de81602aa1d5: receive RaftClientReply:client-7EF960CB3D58->c9f1298e-d840-49d8-aac3-de81602aa1d5@group-E9810A644481, cid=2508, SUCCESS, logIndex=3455, commits[c9f1298e-d840-49d8-aac3-de81602aa1d5:c3456]
2019-08-30 23:40:16,755 [SCMBlockDeletingService#1] DEBUG block.SCMBlockDeletingService (SCMBlockDeletingService.java:call(138)) - Running DeletedBlockTransactionScanner
2019-08-30 23:40:16,756 [SCMBlockDeletingService#1] DEBUG block.SCMBlockDeletingService (SCMBlockDeletingService.java:call(155)) - Scanned deleted blocks log and got 0 delTX to process.
2019-08-30 23:40:16,769 [grpc-default-executor-1] INFO  client.GrpcClientProtocolClient (GrpcClientProtocolClient.java:onNext(255)) - client-7EF960CB3D58->c9f1298e-d840-49d8-aac3-de81602aa1d5: receive RaftClientReply:client-7EF960CB3D58->c9f1298e-d840-49d8-aac3-de81602aa1d5@group-E9810A644481, cid=2509, SUCCESS, logIndex=3457, commits[c9f1298e-d840-49d8-aac3-de81602aa1d5:c3458]
2019-08-30 23:40:16,770 [grpc-default-executor-1] INFO  client.GrpcClientProtocolClient (GrpcClientProtocolClient.java:onNext(255)) - client-7EF960CB3D58->c9f1298e-d840-49d8-aac3-de81602aa1d5: receive RaftClientReply:client-7EF960CB3D58->c9f1298e-d840-49d8-aac3-de81602aa1d5@group-E9810A644481, cid=2510, SUCCESS, logIndex=3458, commits[c9f1298e-d840-49d8-aac3-de81602aa1d5:c3458]
2019-08-30 23:40:16,774 [grpc-default-executor-1] INFO  client.GrpcClientProtocolClient (GrpcClientProtocolClient.java:onNext(255)) - client-7EF960CB3D58->c9f1298e-d840-49d8-aac3-de81602aa1d5: receive RaftClientReply:client-7EF960CB3D58->c9f1298e-d840-49d8-aac3-de81602aa1d5@group-E9810A644481, cid=2511, SUCCESS, logIndex=3459, commits[c9f1298e-d840-49d8-aac3-de81602aa1d5:c3461]
2019-08-30 23:40:16,774 [grpc-default-executor-1] INFO  client.GrpcClientProtocolClient (GrpcClientProtocolClient.java:onNext(255)) - client-7EF960CB3D58->c9f1298e-d840-49d8-aac3-de81602aa1d5: receive RaftClientReply:client-7EF960CB3D58->c9f1298e-d840-49d8-aac3-de81602aa1d5@group-E9810A644481, cid=2512, SUCCESS, logIndex=3460, commits[c9f1298e-d840-49d8-aac3-de81602aa1d5:c3461]
2019-08-30 23:40:16,804 [grpc-default-executor-0] INFO  client.GrpcClientProtocolClient (GrpcClientProtocolClient.java:onNext(255)) - client-7EF960CB3D58->c9f1298e-d840-49d8-aac3-de81602aa1d5: receive RaftClientReply:client-7EF960CB3D58->c9f1298e-d840-49d8-aac3-de81602aa1d5@group-E9810A644481, cid=2513, SUCCESS, logIndex=3462, commits[c9f1298e-d840-49d8-aac3-de81602aa1d5:c3463]
2019-08-30 23:40:16,805 [grpc-default-executor-0] INFO  client.GrpcClientProtocolClient (GrpcClientProtocolClient.java:onNext(255)) - client-7EF960CB3D58->c9f1298e-d840-49d8-aac3-de81602aa1d5: receive RaftClientReply:client-7EF960CB3D58->c9f1298e-d840-49d8-aac3-de81602aa1d5@group-E9810A644481, cid=2514, SUCCESS, logIndex=3463, commits[c9f1298e-d840-49d8-aac3-de81602aa1d5:c3463]
2019-08-30 23:40:16,813 [grpc-default-executor-0] INFO  client.GrpcClientProtocolClient (GrpcClientProtocolClient.java:onNext(255)) - client-7EF960CB3D58->c9f1298e-d840-49d8-aac3-de81602aa1d5: receive RaftClientReply:client-7EF960CB3D58->c9f1298e-d840-49d8-aac3-de81602aa1d5@group-E9810A644481, cid=2515, SUCCESS, logIndex=3464, commits[c9f1298e-d840-49d8-aac3-de81602aa1d5:c3465]
2019-08-30 23:40:16,813 [grpc-default-executor-0] INFO  client.GrpcClientProtocolClient (GrpcClientProtocolClient.java:onNext(255)) - client-7EF960CB3D58->c9f1298e-d840-49d8-aac3-de81602aa1d5: receive RaftClientReply:client-7EF960CB3D58->c9f1298e-d840-49d8-aac3-de81602aa1d5@group-E9810A644481, cid=2516, SUCCESS, logIndex=3465, commits[c9f1298e-d840-49d8-aac3-de81602aa1d5:c3465]
2019-08-30 23:40:16,829 [grpc-default-executor-0] INFO  client.GrpcClientProtocolClient (GrpcClientProtocolClient.java:onNext(255)) - client-7EF960CB3D58->c9f1298e-d840-49d8-aac3-de81602aa1d5: receive RaftClientReply:client-7EF960CB3D58->c9f1298e-d840-49d8-aac3-de81602aa1d5@group-E9810A644481, cid=2517, SUCCESS, logIndex=3468, commits[c9f1298e-d840-49d8-aac3-de81602aa1d5:c3469]
2019-08-30 23:40:16,829 [grpc-default-executor-0] INFO  client.GrpcClientProtocolClient (GrpcClientProtocolClient.java:onNext(255)) - client-7EF960CB3D58->c9f1298e-d840-49d8-aac3-de81602aa1d5: receive RaftClientReply:client-7EF960CB3D58->c9f1298e-d840-49d8-aac3-de81602aa1d5@group-E9810A644481, cid=2518, SUCCESS, logIndex=3469, commits[c9f1298e-d840-49d8-aac3-de81602aa1d5:c3469]
2019-08-30 23:40:16,857 [SCMBlockDeletingService#0] DEBUG block.SCMBlockDeletingService (SCMBlockDeletingService.java:call(138)) - Running DeletedBlockTransactionScanner
2019-08-30 23:40:16,857 [SCMBlockDeletingService#0] DEBUG block.SCMBlockDeletingService (SCMBlockDeletingService.java:call(155)) - Scanned deleted blocks log and got 0 delTX to process.
2019-08-30 23:40:16,957 [SCMBlockDeletingService#0] DEBUG block.SCMBlockDeletingService (SCMBlockDeletingService.java:call(138)) - Running DeletedBlockTransactionScanner
2019-08-30 23:40:16,958 [SCMBlockDeletingService#0] DEBUG block.SCMBlockDeletingService (SCMBlockDeletingService.java:call(155)) - Scanned deleted blocks log and got 0 delTX to process.
2019-08-30 23:40:16,978 [grpc-default-executor-0] INFO  client.GrpcClientProtocolClient (GrpcClientProtocolClient.java:onNext(255)) - client-7EF960CB3D58->c9f1298e-d840-49d8-aac3-de81602aa1d5: receive RaftClientReply:client-7EF960CB3D58->c9f1298e-d840-49d8-aac3-de81602aa1d5@group-E9810A644481, cid=2519, SUCCESS, logIndex=3471, commits[c9f1298e-d840-49d8-aac3-de81602aa1d5:c3472]
2019-08-30 23:40:16,978 [grpc-default-executor-0] INFO  client.GrpcClientProtocolClient (GrpcClientProtocolClient.java:onNext(255)) - client-7EF960CB3D58->c9f1298e-d840-49d8-aac3-de81602aa1d5: receive RaftClientReply:client-7EF960CB3D58->c9f1298e-d840-49d8-aac3-de81602aa1d5@group-E9810A644481, cid=2520, SUCCESS, logIndex=3472, commits[c9f1298e-d840-49d8-aac3-de81602aa1d5:c3472]
2019-08-30 23:40:17,019 [grpc-default-executor-1] INFO  client.GrpcClientProtocolClient (GrpcClientProtocolClient.java:onNext(255)) - client-7EF960CB3D58->c9f1298e-d840-49d8-aac3-de81602aa1d5: receive RaftClientReply:client-7EF960CB3D58->c9f1298e-d840-49d8-aac3-de81602aa1d5@group-E9810A644481, cid=2521, SUCCESS, logIndex=3474, commits[c9f1298e-d840-49d8-aac3-de81602aa1d5:c3477]
2019-08-30 23:40:17,020 [grpc-default-executor-1] INFO  client.GrpcClientProtocolClient (GrpcClientProtocolClient.java:onNext(255)) - client-7EF960CB3D58->c9f1298e-d840-49d8-aac3-de81602aa1d5: receive RaftClientReply:client-7EF960CB3D58->c9f1298e-d840-49d8-aac3-de81602aa1d5@group-E9810A644481, cid=2522, SUCCESS, logIndex=3475, commits[c9f1298e-d840-49d8-aac3-de81602aa1d5:c3477]
2019-08-30 23:40:17,020 [grpc-default-executor-1] INFO  client.GrpcClientProtocolClient (GrpcClientProtocolClient.java:onNext(255)) - client-7EF960CB3D58->c9f1298e-d840-49d8-aac3-de81602aa1d5: receive RaftClientReply:client-7EF960CB3D58->c9f1298e-d840-49d8-aac3-de81602aa1d5@group-E9810A644481, cid=2523, SUCCESS, logIndex=3476, commits[c9f1298e-d840-49d8-aac3-de81602aa1d5:c3477]
2019-08-30 23:40:17,020 [grpc-default-executor-1] INFO  client.GrpcClientProtocolClient (GrpcClientProtocolClient.java:onNext(255)) - client-7EF960CB3D58->c9f1298e-d840-49d8-aac3-de81602aa1d5: receive RaftClientReply:client-7EF960CB3D58->c9f1298e-d840-49d8-aac3-de81602aa1d5@group-E9810A644481, cid=2524, SUCCESS, logIndex=3477, commits[c9f1298e-d840-49d8-aac3-de81602aa1d5:c3477]
2019-08-30 23:40:17,036 [grpc-default-executor-0] INFO  client.GrpcClientProtocolClient (GrpcClientProtocolClient.java:onNext(255)) - client-7EF960CB3D58->c9f1298e-d840-49d8-aac3-de81602aa1d5: receive RaftClientReply:client-7EF960CB3D58->c9f1298e-d840-49d8-aac3-de81602aa1d5@group-E9810A644481, cid=2525, SUCCESS, logIndex=3479, commits[c9f1298e-d840-49d8-aac3-de81602aa1d5:c3480]
2019-08-30 23:40:17,036 [grpc-default-executor-0] INFO  client.GrpcClientProtocolClient (GrpcClientProtocolClient.java:onNext(255)) - client-7EF960CB3D58->c9f1298e-d840-49d8-aac3-de81602aa1d5: receive RaftClientReply:client-7EF960CB3D58->c9f1298e-d840-49d8-aac3-de81602aa1d5@group-E9810A644481, cid=2526, SUCCESS, logIndex=3480, commits[c9f1298e-d840-49d8-aac3-de81602aa1d5:c3480]
2019-08-30 23:40:17,042 [grpc-default-executor-0] INFO  client.GrpcClientProtocolClient (GrpcClientProtocolClient.java:onNext(255)) - client-7EF960CB3D58->c9f1298e-d840-49d8-aac3-de81602aa1d5: receive RaftClientReply:client-7EF960CB3D58->c9f1298e-d840-49d8-aac3-de81602aa1d5@group-E9810A644481, cid=2527, SUCCESS, logIndex=3481, commits[c9f1298e-d840-49d8-aac3-de81602aa1d5:c3482]
2019-08-30 23:40:17,042 [grpc-default-executor-0] INFO  client.GrpcClientProtocolClient (GrpcClientProtocolClient.java:onNext(255)) - client-7EF960CB3D58->c9f1298e-d840-49d8-aac3-de81602aa1d5: receive RaftClientReply:client-7EF960CB3D58->c9f1298e-d840-49d8-aac3-de81602aa1d5@group-E9810A644481, cid=2528, SUCCESS, logIndex=3482, commits[c9f1298e-d840-49d8-aac3-de81602aa1d5:c3482]
2019-08-30 23:40:17,058 [SCMBlockDeletingService#0] DEBUG block.SCMBlockDeletingService (SCMBlockDeletingService.java:call(138)) - Running DeletedBlockTransactionScanner
2019-08-30 23:40:17,058 [SCMBlockDeletingService#0] DEBUG block.SCMBlockDeletingService (SCMBlockDeletingService.java:call(155)) - Scanned deleted blocks log and got 0 delTX to process.
2019-08-30 23:40:17,063 [grpc-default-executor-1] INFO  client.GrpcClientProtocolClient (GrpcClientProtocolClient.java:onNext(255)) - client-7EF960CB3D58->c9f1298e-d840-49d8-aac3-de81602aa1d5: receive RaftClientReply:client-7EF960CB3D58->c9f1298e-d840-49d8-aac3-de81602aa1d5@group-E9810A644481, cid=2529, SUCCESS, logIndex=3485, commits[c9f1298e-d840-49d8-aac3-de81602aa1d5:c3486]
2019-08-30 23:40:17,063 [grpc-default-executor-1] INFO  client.GrpcClientProtocolClient (GrpcClientProtocolClient.java:onNext(255)) - client-7EF960CB3D58->c9f1298e-d840-49d8-aac3-de81602aa1d5: receive RaftClientReply:client-7EF960CB3D58->c9f1298e-d840-49d8-aac3-de81602aa1d5@group-E9810A644481, cid=2530, SUCCESS, logIndex=3486, commits[c9f1298e-d840-49d8-aac3-de81602aa1d5:c3486]
2019-08-30 23:40:17,072 [grpc-default-executor-1] INFO  client.GrpcClientProtocolClient (GrpcClientProtocolClient.java:onNext(255)) - client-7EF960CB3D58->c9f1298e-d840-49d8-aac3-de81602aa1d5: receive RaftClientReply:client-7EF960CB3D58->c9f1298e-d840-49d8-aac3-de81602aa1d5@group-E9810A644481, cid=2531, SUCCESS, logIndex=3487, commits[c9f1298e-d840-49d8-aac3-de81602aa1d5:c3489]
2019-08-30 23:40:17,073 [grpc-default-executor-1] INFO  client.GrpcClientProtocolClient (GrpcClientProtocolClient.java:onNext(255)) - client-7EF960CB3D58->c9f1298e-d840-49d8-aac3-de81602aa1d5: receive RaftClientReply:client-7EF960CB3D58->c9f1298e-d840-49d8-aac3-de81602aa1d5@group-E9810A644481, cid=2532, SUCCESS, logIndex=3488, commits[c9f1298e-d840-49d8-aac3-de81602aa1d5:c3489]
2019-08-30 23:40:17,090 [grpc-default-executor-1] INFO  client.GrpcClientProtocolClient (GrpcClientProtocolClient.java:onNext(255)) - client-7EF960CB3D58->c9f1298e-d840-49d8-aac3-de81602aa1d5: receive RaftClientReply:client-7EF960CB3D58->c9f1298e-d840-49d8-aac3-de81602aa1d5@group-E9810A644481, cid=2533, SUCCESS, logIndex=3490, commits[c9f1298e-d840-49d8-aac3-de81602aa1d5:c3491]
2019-08-30 23:40:17,090 [grpc-default-executor-1] INFO  client.GrpcClientProtocolClient (GrpcClientProtocolClient.java:onNext(255)) - client-7EF960CB3D58->c9f1298e-d840-49d8-aac3-de81602aa1d5: receive RaftClientReply:client-7EF960CB3D58->c9f1298e-d840-49d8-aac3-de81602aa1d5@group-E9810A644481, cid=2534, SUCCESS, logIndex=3491, commits[c9f1298e-d840-49d8-aac3-de81602aa1d5:c3491]
2019-08-30 23:40:17,097 [grpc-default-executor-1] INFO  client.GrpcClientProtocolClient (GrpcClientProtocolClient.java:onNext(255)) - client-7EF960CB3D58->c9f1298e-d840-49d8-aac3-de81602aa1d5: receive RaftClientReply:client-7EF960CB3D58->c9f1298e-d840-49d8-aac3-de81602aa1d5@group-E9810A644481, cid=2535, SUCCESS, logIndex=3492, commits[c9f1298e-d840-49d8-aac3-de81602aa1d5:c3493]
2019-08-30 23:40:17,097 [grpc-default-executor-1] INFO  client.GrpcClientProtocolClient (GrpcClientProtocolClient.java:onNext(255)) - client-7EF960CB3D58->c9f1298e-d840-49d8-aac3-de81602aa1d5: receive RaftClientReply:client-7EF960CB3D58->c9f1298e-d840-49d8-aac3-de81602aa1d5@group-E9810A644481, cid=2536, SUCCESS, logIndex=3493, commits[c9f1298e-d840-49d8-aac3-de81602aa1d5:c3494]
2019-08-30 23:40:17,124 [grpc-default-executor-0] INFO  client.GrpcClientProtocolClient (GrpcClientProtocolClient.java:onNext(255)) - client-7EF960CB3D58->c9f1298e-d840-49d8-aac3-de81602aa1d5: receive RaftClientReply:client-7EF960CB3D58->c9f1298e-d840-49d8-aac3-de81602aa1d5@group-E9810A644481, cid=2537, SUCCESS, logIndex=3496, commits[c9f1298e-d840-49d8-aac3-de81602aa1d5:c3497]
2019-08-30 23:40:17,125 [grpc-default-executor-0] INFO  client.GrpcClientProtocolClient (GrpcClientProtocolClient.java:onNext(255)) - client-7EF960CB3D58->c9f1298e-d840-49d8-aac3-de81602aa1d5: receive RaftClientReply:client-7EF960CB3D58->c9f1298e-d840-49d8-aac3-de81602aa1d5@group-E9810A644481, cid=2538, SUCCESS, logIndex=3497, commits[c9f1298e-d840-49d8-aac3-de81602aa1d5:c3497]
2019-08-30 23:40:17,132 [grpc-default-executor-0] INFO  client.GrpcClientProtocolClient (GrpcClientProtocolClient.java:onNext(255)) - client-7EF960CB3D58->c9f1298e-d840-49d8-aac3-de81602aa1d5: receive RaftClientReply:client-7EF960CB3D58->c9f1298e-d840-49d8-aac3-de81602aa1d5@group-E9810A644481, cid=2539, SUCCESS, logIndex=3498, commits[c9f1298e-d840-49d8-aac3-de81602aa1d5:c3499]
2019-08-30 23:40:17,132 [grpc-default-executor-0] INFO  client.GrpcClientProtocolClient (GrpcClientProtocolClient.java:onNext(255)) - client-7EF960CB3D58->c9f1298e-d840-49d8-aac3-de81602aa1d5: receive RaftClientReply:client-7EF960CB3D58->c9f1298e-d840-49d8-aac3-de81602aa1d5@group-E9810A644481, cid=2540, SUCCESS, logIndex=3499, commits[c9f1298e-d840-49d8-aac3-de81602aa1d5:c3499]
2019-08-30 23:40:17,154 [grpc-default-executor-0] INFO  client.GrpcClientProtocolClient (GrpcClientProtocolClient.java:onNext(255)) - client-7EF960CB3D58->c9f1298e-d840-49d8-aac3-de81602aa1d5: receive RaftClientReply:client-7EF960CB3D58->c9f1298e-d840-49d8-aac3-de81602aa1d5@group-E9810A644481, cid=2541, SUCCESS, logIndex=3502, commits[c9f1298e-d840-49d8-aac3-de81602aa1d5:c3505]
2019-08-30 23:40:17,154 [grpc-default-executor-0] INFO  client.GrpcClientProtocolClient (GrpcClientProtocolClient.java:onNext(255)) - client-7EF960CB3D58->c9f1298e-d840-49d8-aac3-de81602aa1d5: receive RaftClientReply:client-7EF960CB3D58->c9f1298e-d840-49d8-aac3-de81602aa1d5@group-E9810A644481, cid=2542, SUCCESS, logIndex=3503, commits[c9f1298e-d840-49d8-aac3-de81602aa1d5:c3505]
2019-08-30 23:40:17,154 [grpc-default-executor-0] INFO  client.GrpcClientProtocolClient (GrpcClientProtocolClient.java:onNext(255)) - client-7EF960CB3D58->c9f1298e-d840-49d8-aac3-de81602aa1d5: receive RaftClientReply:client-7EF960CB3D58->c9f1298e-d840-49d8-aac3-de81602aa1d5@group-E9810A644481, cid=2543, SUCCESS, logIndex=3504, commits[c9f1298e-d840-49d8-aac3-de81602aa1d5:c3505]
2019-08-30 23:40:17,154 [grpc-default-executor-0] INFO  client.GrpcClientProtocolClient (GrpcClientProtocolClient.java:onNext(255)) - client-7EF960CB3D58->c9f1298e-d840-49d8-aac3-de81602aa1d5: receive RaftClientReply:client-7EF960CB3D58->c9f1298e-d840-49d8-aac3-de81602aa1d5@group-E9810A644481, cid=2544, SUCCESS, logIndex=3505, commits[c9f1298e-d840-49d8-aac3-de81602aa1d5:c3505]
2019-08-30 23:40:17,158 [SCMBlockDeletingService#1] DEBUG block.SCMBlockDeletingService (SCMBlockDeletingService.java:call(138)) - Running DeletedBlockTransactionScanner
2019-08-30 23:40:17,159 [SCMBlockDeletingService#1] DEBUG block.SCMBlockDeletingService (SCMBlockDeletingService.java:call(155)) - Scanned deleted blocks log and got 0 delTX to process.
2019-08-30 23:40:17,174 [grpc-default-executor-1] INFO  client.GrpcClientProtocolClient (GrpcClientProtocolClient.java:onNext(255)) - client-7EF960CB3D58->c9f1298e-d840-49d8-aac3-de81602aa1d5: receive RaftClientReply:client-7EF960CB3D58->c9f1298e-d840-49d8-aac3-de81602aa1d5@group-E9810A644481, cid=2545, SUCCESS, logIndex=3507, commits[c9f1298e-d840-49d8-aac3-de81602aa1d5:c3510]
2019-08-30 23:40:17,175 [grpc-default-executor-1] INFO  client.GrpcClientProtocolClient (GrpcClientProtocolClient.java:onNext(255)) - client-7EF960CB3D58->c9f1298e-d840-49d8-aac3-de81602aa1d5: receive RaftClientReply:client-7EF960CB3D58->c9f1298e-d840-49d8-aac3-de81602aa1d5@group-E9810A644481, cid=2546, SUCCESS, logIndex=3508, commits[c9f1298e-d840-49d8-aac3-de81602aa1d5:c3510]
2019-08-30 23:40:17,175 [grpc-default-executor-1] INFO  client.GrpcClientProtocolClient (GrpcClientProtocolClient.java:onNext(255)) - client-7EF960CB3D58->c9f1298e-d840-49d8-aac3-de81602aa1d5: receive RaftClientReply:client-7EF960CB3D58->c9f1298e-d840-49d8-aac3-de81602aa1d5@group-E9810A644481, cid=2547, SUCCESS, logIndex=3509, commits[c9f1298e-d840-49d8-aac3-de81602aa1d5:c3510]
2019-08-30 23:40:17,175 [grpc-default-executor-1] INFO  client.GrpcClientProtocolClient (GrpcClientProtocolClient.java:onNext(255)) - client-7EF960CB3D58->c9f1298e-d840-49d8-aac3-de81602aa1d5: receive RaftClientReply:client-7EF960CB3D58->c9f1298e-d840-49d8-aac3-de81602aa1d5@group-E9810A644481, cid=2548, SUCCESS, logIndex=3510, commits[c9f1298e-d840-49d8-aac3-de81602aa1d5:c3510]
2019-08-30 23:40:17,194 [grpc-default-executor-1] INFO  client.GrpcClientProtocolClient (GrpcClientProtocolClient.java:onNext(255)) - client-7EF960CB3D58->c9f1298e-d840-49d8-aac3-de81602aa1d5: receive RaftClientReply:client-7EF960CB3D58->c9f1298e-d840-49d8-aac3-de81602aa1d5@group-E9810A644481, cid=2549, SUCCESS, logIndex=3512, commits[c9f1298e-d840-49d8-aac3-de81602aa1d5:c3513]
2019-08-30 23:40:17,194 [grpc-default-executor-1] INFO  client.GrpcClientProtocolClient (GrpcClientProtocolClient.java:onNext(255)) - client-7EF960CB3D58->c9f1298e-d840-49d8-aac3-de81602aa1d5: receive RaftClientReply:client-7EF960CB3D58->c9f1298e-d840-49d8-aac3-de81602aa1d5@group-E9810A644481, cid=2550, SUCCESS, logIndex=3513, commits[c9f1298e-d840-49d8-aac3-de81602aa1d5:c3513]
2019-08-30 23:40:17,202 [grpc-default-executor-1] INFO  client.GrpcClientProtocolClient (GrpcClientProtocolClient.java:onNext(255)) - client-7EF960CB3D58->c9f1298e-d840-49d8-aac3-de81602aa1d5: receive RaftClientReply:client-7EF960CB3D58->c9f1298e-d840-49d8-aac3-de81602aa1d5@group-E9810A644481, cid=2551, SUCCESS, logIndex=3514, commits[c9f1298e-d840-49d8-aac3-de81602aa1d5:c3515]
2019-08-30 23:40:17,202 [grpc-default-executor-1] INFO  client.GrpcClientProtocolClient (GrpcClientProtocolClient.java:onNext(255)) - client-7EF960CB3D58->c9f1298e-d840-49d8-aac3-de81602aa1d5: receive RaftClientReply:client-7EF960CB3D58->c9f1298e-d840-49d8-aac3-de81602aa1d5@group-E9810A644481, cid=2552, SUCCESS, logIndex=3515, commits[c9f1298e-d840-49d8-aac3-de81602aa1d5:c3515]
2019-08-30 23:40:17,225 [grpc-default-executor-0] INFO  client.GrpcClientProtocolClient (GrpcClientProtocolClient.java:onNext(255)) - client-7EF960CB3D58->c9f1298e-d840-49d8-aac3-de81602aa1d5: receive RaftClientReply:client-7EF960CB3D58->c9f1298e-d840-49d8-aac3-de81602aa1d5@group-E9810A644481, cid=2553, SUCCESS, logIndex=3518, commits[c9f1298e-d840-49d8-aac3-de81602aa1d5:c3521]
2019-08-30 23:40:17,226 [grpc-default-executor-0] INFO  client.GrpcClientProtocolClient (GrpcClientProtocolClient.java:onNext(255)) - client-7EF960CB3D58->c9f1298e-d840-49d8-aac3-de81602aa1d5: receive RaftClientReply:client-7EF960CB3D58->c9f1298e-d840-49d8-aac3-de81602aa1d5@group-E9810A644481, cid=2554, SUCCESS, logIndex=3519, commits[c9f1298e-d840-49d8-aac3-de81602aa1d5:c3521]
2019-08-30 23:40:17,226 [grpc-default-executor-0] INFO  client.GrpcClientProtocolClient (GrpcClientProtocolClient.java:onNext(255)) - client-7EF960CB3D58->c9f1298e-d840-49d8-aac3-de81602aa1d5: receive RaftClientReply:client-7EF960CB3D58->c9f1298e-d840-49d8-aac3-de81602aa1d5@group-E9810A644481, cid=2555, SUCCESS, logIndex=3520, commits[c9f1298e-d840-49d8-aac3-de81602aa1d5:c3521]
2019-08-30 23:40:17,227 [grpc-default-executor-0] INFO  client.GrpcClientProtocolClient (GrpcClientProtocolClient.java:onNext(255)) - client-7EF960CB3D58->c9f1298e-d840-49d8-aac3-de81602aa1d5: receive RaftClientReply:client-7EF960CB3D58->c9f1298e-d840-49d8-aac3-de81602aa1d5@group-E9810A644481, cid=2556, SUCCESS, logIndex=3521, commits[c9f1298e-d840-49d8-aac3-de81602aa1d5:c3521]
2019-08-30 23:40:17,242 [grpc-default-executor-0] INFO  client.GrpcClientProtocolClient (GrpcClientProtocolClient.java:onNext(255)) - client-7EF960CB3D58->c9f1298e-d840-49d8-aac3-de81602aa1d5: receive RaftClientReply:client-7EF960CB3D58->c9f1298e-d840-49d8-aac3-de81602aa1d5@group-E9810A644481, cid=2557, SUCCESS, logIndex=3523, commits[c9f1298e-d840-49d8-aac3-de81602aa1d5:c3524]
2019-08-30 23:40:17,242 [grpc-default-executor-0] INFO  client.GrpcClientProtocolClient (GrpcClientProtocolClient.java:onNext(255)) - client-7EF960CB3D58->c9f1298e-d840-49d8-aac3-de81602aa1d5: receive RaftClientReply:client-7EF960CB3D58->c9f1298e-d840-49d8-aac3-de81602aa1d5@group-E9810A644481, cid=2558, SUCCESS, logIndex=3524, commits[c9f1298e-d840-49d8-aac3-de81602aa1d5:c3524]
2019-08-30 23:40:17,253 [grpc-default-executor-0] INFO  client.GrpcClientProtocolClient (GrpcClientProtocolClient.java:onNext(255)) - client-7EF960CB3D58->c9f1298e-d840-49d8-aac3-de81602aa1d5: receive RaftClientReply:client-7EF960CB3D58->c9f1298e-d840-49d8-aac3-de81602aa1d5@group-E9810A644481, cid=2559, SUCCESS, logIndex=3525, commits[c9f1298e-d840-49d8-aac3-de81602aa1d5:c3526]
2019-08-30 23:40:17,254 [grpc-default-executor-0] INFO  client.GrpcClientProtocolClient (GrpcClientProtocolClient.java:onNext(255)) - client-7EF960CB3D58->c9f1298e-d840-49d8-aac3-de81602aa1d5: receive RaftClientReply:client-7EF960CB3D58->c9f1298e-d840-49d8-aac3-de81602aa1d5@group-E9810A644481, cid=2560, SUCCESS, logIndex=3526, commits[c9f1298e-d840-49d8-aac3-de81602aa1d5:c3526]
2019-08-30 23:40:17,259 [SCMBlockDeletingService#1] DEBUG block.SCMBlockDeletingService (SCMBlockDeletingService.java:call(138)) - Running DeletedBlockTransactionScanner
2019-08-30 23:40:17,259 [SCMBlockDeletingService#1] DEBUG block.SCMBlockDeletingService (SCMBlockDeletingService.java:call(155)) - Scanned deleted blocks log and got 0 delTX to process.
2019-08-30 23:40:17,283 [grpc-default-executor-1] INFO  client.GrpcClientProtocolClient (GrpcClientProtocolClient.java:onNext(255)) - client-7EF960CB3D58->c9f1298e-d840-49d8-aac3-de81602aa1d5: receive RaftClientReply:client-7EF960CB3D58->c9f1298e-d840-49d8-aac3-de81602aa1d5@group-E9810A644481, cid=2561, SUCCESS, logIndex=3529, commits[c9f1298e-d840-49d8-aac3-de81602aa1d5:c3530]
2019-08-30 23:40:17,283 [grpc-default-executor-1] INFO  client.GrpcClientProtocolClient (GrpcClientProtocolClient.java:onNext(255)) - client-7EF960CB3D58->c9f1298e-d840-49d8-aac3-de81602aa1d5: receive RaftClientReply:client-7EF960CB3D58->c9f1298e-d840-49d8-aac3-de81602aa1d5@group-E9810A644481, cid=2562, SUCCESS, logIndex=3530, commits[c9f1298e-d840-49d8-aac3-de81602aa1d5:c3530]
2019-08-30 23:40:17,359 [SCMBlockDeletingService#1] DEBUG block.SCMBlockDeletingService (SCMBlockDeletingService.java:call(138)) - Running DeletedBlockTransactionScanner
2019-08-30 23:40:17,360 [SCMBlockDeletingService#1] DEBUG block.SCMBlockDeletingService (SCMBlockDeletingService.java:call(155)) - Scanned deleted blocks log and got 0 delTX to process.
2019-08-30 23:40:17,363 [grpc-default-executor-0] INFO  client.GrpcClientProtocolClient (GrpcClientProtocolClient.java:onNext(255)) - client-7EF960CB3D58->c9f1298e-d840-49d8-aac3-de81602aa1d5: receive RaftClientReply:client-7EF960CB3D58->c9f1298e-d840-49d8-aac3-de81602aa1d5@group-E9810A644481, cid=2563, SUCCESS, logIndex=3532, commits[c9f1298e-d840-49d8-aac3-de81602aa1d5:c3533]
2019-08-30 23:40:17,364 [grpc-default-executor-0] INFO  client.GrpcClientProtocolClient (GrpcClientProtocolClient.java:onNext(255)) - client-7EF960CB3D58->c9f1298e-d840-49d8-aac3-de81602aa1d5: receive RaftClientReply:client-7EF960CB3D58->c9f1298e-d840-49d8-aac3-de81602aa1d5@group-E9810A644481, cid=2564, SUCCESS, logIndex=3533, commits[c9f1298e-d840-49d8-aac3-de81602aa1d5:c3533]
2019-08-30 23:40:17,380 [grpc-default-executor-0] INFO  client.GrpcClientProtocolClient (GrpcClientProtocolClient.java:onNext(255)) - client-7EF960CB3D58->c9f1298e-d840-49d8-aac3-de81602aa1d5: receive RaftClientReply:client-7EF960CB3D58->c9f1298e-d840-49d8-aac3-de81602aa1d5@group-E9810A644481, cid=2565, SUCCESS, logIndex=3535, commits[c9f1298e-d840-49d8-aac3-de81602aa1d5:c3538]
2019-08-30 23:40:17,381 [grpc-default-executor-0] INFO  client.GrpcClientProtocolClient (GrpcClientProtocolClient.java:onNext(255)) - client-7EF960CB3D58->c9f1298e-d840-49d8-aac3-de81602aa1d5: receive RaftClientReply:client-7EF960CB3D58->c9f1298e-d840-49d8-aac3-de81602aa1d5@group-E9810A644481, cid=2566, SUCCESS, logIndex=3536, commits[c9f1298e-d840-49d8-aac3-de81602aa1d5:c3538]
2019-08-30 23:40:17,381 [grpc-default-executor-0] INFO  client.GrpcClientProtocolClient (GrpcClientProtocolClient.java:onNext(255)) - client-7EF960CB3D58->c9f1298e-d840-49d8-aac3-de81602aa1d5: receive RaftClientReply:client-7EF960CB3D58->c9f1298e-d840-49d8-aac3-de81602aa1d5@group-E9810A644481, cid=2567, SUCCESS, logIndex=3537, commits[c9f1298e-d840-49d8-aac3-de81602aa1d5:c3538]
2019-08-30 23:40:17,382 [grpc-default-executor-0] INFO  client.GrpcClientProtocolClient (GrpcClientProtocolClient.java:onNext(255)) - client-7EF960CB3D58->c9f1298e-d840-49d8-aac3-de81602aa1d5: receive RaftClientReply:client-7EF960CB3D58->c9f1298e-d840-49d8-aac3-de81602aa1d5@group-E9810A644481, cid=2568, SUCCESS, logIndex=3538, commits[c9f1298e-d840-49d8-aac3-de81602aa1d5:c3538]
2019-08-30 23:40:17,431 [grpc-default-executor-0] INFO  client.GrpcClientProtocolClient (GrpcClientProtocolClient.java:onNext(255)) - client-7EF960CB3D58->c9f1298e-d840-49d8-aac3-de81602aa1d5: receive RaftClientReply:client-7EF960CB3D58->c9f1298e-d840-49d8-aac3-de81602aa1d5@group-E9810A644481, cid=2569, SUCCESS, logIndex=3540, commits[c9f1298e-d840-49d8-aac3-de81602aa1d5:c3543]
2019-08-30 23:40:17,432 [grpc-default-executor-0] INFO  client.GrpcClientProtocolClient (GrpcClientProtocolClient.java:onNext(255)) - client-7EF960CB3D58->c9f1298e-d840-49d8-aac3-de81602aa1d5: receive RaftClientReply:client-7EF960CB3D58->c9f1298e-d840-49d8-aac3-de81602aa1d5@group-E9810A644481, cid=2570, SUCCESS, logIndex=3541, commits[c9f1298e-d840-49d8-aac3-de81602aa1d5:c3543]
2019-08-30 23:40:17,432 [grpc-default-executor-0] INFO  client.GrpcClientProtocolClient (GrpcClientProtocolClient.java:onNext(255)) - client-7EF960CB3D58->c9f1298e-d840-49d8-aac3-de81602aa1d5: receive RaftClientReply:client-7EF960CB3D58->c9f1298e-d840-49d8-aac3-de81602aa1d5@group-E9810A644481, cid=2571, SUCCESS, logIndex=3542, commits[c9f1298e-d840-49d8-aac3-de81602aa1d5:c3543]
2019-08-30 23:40:17,432 [grpc-default-executor-0] INFO  client.GrpcClientProtocolClient (GrpcClientProtocolClient.java:onNext(255)) - client-7EF960CB3D58->c9f1298e-d840-49d8-aac3-de81602aa1d5: receive RaftClientReply:client-7EF960CB3D58->c9f1298e-d840-49d8-aac3-de81602aa1d5@group-E9810A644481, cid=2572, SUCCESS, logIndex=3543, commits[c9f1298e-d840-49d8-aac3-de81602aa1d5:c3543]
2019-08-30 23:40:17,446 [grpc-default-executor-1] INFO  client.GrpcClientProtocolClient (GrpcClientProtocolClient.java:onNext(255)) - client-7EF960CB3D58->c9f1298e-d840-49d8-aac3-de81602aa1d5: receive RaftClientReply:client-7EF960CB3D58->c9f1298e-d840-49d8-aac3-de81602aa1d5@group-E9810A644481, cid=2573, SUCCESS, logIndex=3545, commits[c9f1298e-d840-49d8-aac3-de81602aa1d5:c3546]
2019-08-30 23:40:17,447 [grpc-default-executor-1] INFO  client.GrpcClientProtocolClient (GrpcClientProtocolClient.java:onNext(255)) - client-7EF960CB3D58->c9f1298e-d840-49d8-aac3-de81602aa1d5: receive RaftClientReply:client-7EF960CB3D58->c9f1298e-d840-49d8-aac3-de81602aa1d5@group-E9810A644481, cid=2574, SUCCESS, logIndex=3546, commits[c9f1298e-d840-49d8-aac3-de81602aa1d5:c3546]
2019-08-30 23:40:17,455 [grpc-default-executor-1] INFO  client.GrpcClientProtocolClient (GrpcClientProtocolClient.java:onNext(255)) - client-7EF960CB3D58->c9f1298e-d840-49d8-aac3-de81602aa1d5: receive RaftClientReply:client-7EF960CB3D58->c9f1298e-d840-49d8-aac3-de81602aa1d5@group-E9810A644481, cid=2575, SUCCESS, logIndex=3547, commits[c9f1298e-d840-49d8-aac3-de81602aa1d5:c3548]
2019-08-30 23:40:17,455 [grpc-default-executor-1] INFO  client.GrpcClientProtocolClient (GrpcClientProtocolClient.java:onNext(255)) - client-7EF960CB3D58->c9f1298e-d840-49d8-aac3-de81602aa1d5: receive RaftClientReply:client-7EF960CB3D58->c9f1298e-d840-49d8-aac3-de81602aa1d5@group-E9810A644481, cid=2576, SUCCESS, logIndex=3548, commits[c9f1298e-d840-49d8-aac3-de81602aa1d5:c3548]
2019-08-30 23:40:17,460 [SCMBlockDeletingService#1] DEBUG block.SCMBlockDeletingService (SCMBlockDeletingService.java:call(138)) - Running DeletedBlockTransactionScanner
2019-08-30 23:40:17,460 [SCMBlockDeletingService#1] DEBUG block.SCMBlockDeletingService (SCMBlockDeletingService.java:call(155)) - Scanned deleted blocks log and got 0 delTX to process.
2019-08-30 23:40:17,482 [grpc-default-executor-0] INFO  client.GrpcClientProtocolClient (GrpcClientProtocolClient.java:onNext(255)) - client-7EF960CB3D58->c9f1298e-d840-49d8-aac3-de81602aa1d5: receive RaftClientReply:client-7EF960CB3D58->c9f1298e-d840-49d8-aac3-de81602aa1d5@group-E9810A644481, cid=2577, SUCCESS, logIndex=3551, commits[c9f1298e-d840-49d8-aac3-de81602aa1d5:c3554]
2019-08-30 23:40:17,482 [grpc-default-executor-0] INFO  client.GrpcClientProtocolClient (GrpcClientProtocolClient.java:onNext(255)) - client-7EF960CB3D58->c9f1298e-d840-49d8-aac3-de81602aa1d5: receive RaftClientReply:client-7EF960CB3D58->c9f1298e-d840-49d8-aac3-de81602aa1d5@group-E9810A644481, cid=2578, SUCCESS, logIndex=3552, commits[c9f1298e-d840-49d8-aac3-de81602aa1d5:c3554]
2019-08-30 23:40:17,482 [grpc-default-executor-0] INFO  client.GrpcClientProtocolClient (GrpcClientProtocolClient.java:onNext(255)) - client-7EF960CB3D58->c9f1298e-d840-49d8-aac3-de81602aa1d5: receive RaftClientReply:client-7EF960CB3D58->c9f1298e-d840-49d8-aac3-de81602aa1d5@group-E9810A644481, cid=2579, SUCCESS, logIndex=3553, commits[c9f1298e-d840-49d8-aac3-de81602aa1d5:c3554]
2019-08-30 23:40:17,482 [grpc-default-executor-0] INFO  client.GrpcClientProtocolClient (GrpcClientProtocolClient.java:onNext(255)) - client-7EF960CB3D58->c9f1298e-d840-49d8-aac3-de81602aa1d5: receive RaftClientReply:client-7EF960CB3D58->c9f1298e-d840-49d8-aac3-de81602aa1d5@group-E9810A644481, cid=2580, SUCCESS, logIndex=3554, commits[c9f1298e-d840-49d8-aac3-de81602aa1d5:c3554]
2019-08-30 23:40:17,497 [grpc-default-executor-0] INFO  client.GrpcClientProtocolClient (GrpcClientProtocolClient.java:onNext(255)) - client-7EF960CB3D58->c9f1298e-d840-49d8-aac3-de81602aa1d5: receive RaftClientReply:client-7EF960CB3D58->c9f1298e-d840-49d8-aac3-de81602aa1d5@group-E9810A644481, cid=2581, SUCCESS, logIndex=3556, commits[c9f1298e-d840-49d8-aac3-de81602aa1d5:c3557]
2019-08-30 23:40:17,498 [grpc-default-executor-0] INFO  client.GrpcClientProtocolClient (GrpcClientProtocolClient.java:onNext(255)) - client-7EF960CB3D58->c9f1298e-d840-49d8-aac3-de81602aa1d5: receive RaftClientReply:client-7EF960CB3D58->c9f1298e-d840-49d8-aac3-de81602aa1d5@group-E9810A644481, cid=2582, SUCCESS, logIndex=3557, commits[c9f1298e-d840-49d8-aac3-de81602aa1d5:c3557]
2019-08-30 23:40:17,501 [grpc-default-executor-0] INFO  client.GrpcClientProtocolClient (GrpcClientProtocolClient.java:onNext(255)) - client-7EF960CB3D58->c9f1298e-d840-49d8-aac3-de81602aa1d5: receive RaftClientReply:client-7EF960CB3D58->c9f1298e-d840-49d8-aac3-de81602aa1d5@group-E9810A644481, cid=2583, SUCCESS, logIndex=3558, commits[c9f1298e-d840-49d8-aac3-de81602aa1d5:c3559]
2019-08-30 23:40:17,501 [grpc-default-executor-0] INFO  client.GrpcClientProtocolClient (GrpcClientProtocolClient.java:onNext(255)) - client-7EF960CB3D58->c9f1298e-d840-49d8-aac3-de81602aa1d5: receive RaftClientReply:client-7EF960CB3D58->c9f1298e-d840-49d8-aac3-de81602aa1d5@group-E9810A644481, cid=2584, SUCCESS, logIndex=3559, commits[c9f1298e-d840-49d8-aac3-de81602aa1d5:c3559]
2019-08-30 23:40:17,539 [grpc-default-executor-1] INFO  client.GrpcClientProtocolClient (GrpcClientProtocolClient.java:onNext(255)) - client-7EF960CB3D58->c9f1298e-d840-49d8-aac3-de81602aa1d5: receive RaftClientReply:client-7EF960CB3D58->c9f1298e-d840-49d8-aac3-de81602aa1d5@group-E9810A644481, cid=2585, SUCCESS, logIndex=3562, commits[c9f1298e-d840-49d8-aac3-de81602aa1d5:c3565]
2019-08-30 23:40:17,540 [grpc-default-executor-1] INFO  client.GrpcClientProtocolClient (GrpcClientProtocolClient.java:onNext(255)) - client-7EF960CB3D58->c9f1298e-d840-49d8-aac3-de81602aa1d5: receive RaftClientReply:client-7EF960CB3D58->c9f1298e-d840-49d8-aac3-de81602aa1d5@group-E9810A644481, cid=2586, SUCCESS, logIndex=3563, commits[c9f1298e-d840-49d8-aac3-de81602aa1d5:c3565]
2019-08-30 23:40:17,540 [grpc-default-executor-1] INFO  client.GrpcClientProtocolClient (GrpcClientProtocolClient.java:onNext(255)) - client-7EF960CB3D58->c9f1298e-d840-49d8-aac3-de81602aa1d5: receive RaftClientReply:client-7EF960CB3D58->c9f1298e-d840-49d8-aac3-de81602aa1d5@group-E9810A644481, cid=2587, SUCCESS, logIndex=3564, commits[c9f1298e-d840-49d8-aac3-de81602aa1d5:c3565]
2019-08-30 23:40:17,540 [grpc-default-executor-1] INFO  client.GrpcClientProtocolClient (GrpcClientProtocolClient.java:onNext(255)) - client-7EF960CB3D58->c9f1298e-d840-49d8-aac3-de81602aa1d5: receive RaftClientReply:client-7EF960CB3D58->c9f1298e-d840-49d8-aac3-de81602aa1d5@group-E9810A644481, cid=2588, SUCCESS, logIndex=3565, commits[c9f1298e-d840-49d8-aac3-de81602aa1d5:c3565]
2019-08-30 23:40:17,559 [grpc-default-executor-0] INFO  client.GrpcClientProtocolClient (GrpcClientProtocolClient.java:onNext(255)) - client-7EF960CB3D58->c9f1298e-d840-49d8-aac3-de81602aa1d5: receive RaftClientReply:client-7EF960CB3D58->c9f1298e-d840-49d8-aac3-de81602aa1d5@group-E9810A644481, cid=2589, SUCCESS, logIndex=3567, commits[c9f1298e-d840-49d8-aac3-de81602aa1d5:c3570]
2019-08-30 23:40:17,559 [grpc-default-executor-0] INFO  client.GrpcClientProtocolClient (GrpcClientProtocolClient.java:onNext(255)) - client-7EF960CB3D58->c9f1298e-d840-49d8-aac3-de81602aa1d5: receive RaftClientReply:client-7EF960CB3D58->c9f1298e-d840-49d8-aac3-de81602aa1d5@group-E9810A644481, cid=2590, SUCCESS, logIndex=3568, commits[c9f1298e-d840-49d8-aac3-de81602aa1d5:c3570]
2019-08-30 23:40:17,559 [grpc-default-executor-0] INFO  client.GrpcClientProtocolClient (GrpcClientProtocolClient.java:onNext(255)) - client-7EF960CB3D58->c9f1298e-d840-49d8-aac3-de81602aa1d5: receive RaftClientReply:client-7EF960CB3D58->c9f1298e-d840-49d8-aac3-de81602aa1d5@group-E9810A644481, cid=2591, SUCCESS, logIndex=3569, commits[c9f1298e-d840-49d8-aac3-de81602aa1d5:c3570]
2019-08-30 23:40:17,560 [grpc-default-executor-0] INFO  client.GrpcClientProtocolClient (GrpcClientProtocolClient.java:onNext(255)) - client-7EF960CB3D58->c9f1298e-d840-49d8-aac3-de81602aa1d5: receive RaftClientReply:client-7EF960CB3D58->c9f1298e-d840-49d8-aac3-de81602aa1d5@group-E9810A644481, cid=2592, SUCCESS, logIndex=3570, commits[c9f1298e-d840-49d8-aac3-de81602aa1d5:c3570]
2019-08-30 23:40:17,560 [SCMBlockDeletingService#1] DEBUG block.SCMBlockDeletingService (SCMBlockDeletingService.java:call(138)) - Running DeletedBlockTransactionScanner
2019-08-30 23:40:17,561 [SCMBlockDeletingService#1] DEBUG block.SCMBlockDeletingService (SCMBlockDeletingService.java:call(155)) - Scanned deleted blocks log and got 0 delTX to process.
2019-08-30 23:40:17,579 [grpc-default-executor-0] INFO  client.GrpcClientProtocolClient (GrpcClientProtocolClient.java:onNext(255)) - client-7EF960CB3D58->c9f1298e-d840-49d8-aac3-de81602aa1d5: receive RaftClientReply:client-7EF960CB3D58->c9f1298e-d840-49d8-aac3-de81602aa1d5@group-E9810A644481, cid=2593, SUCCESS, logIndex=3572, commits[c9f1298e-d840-49d8-aac3-de81602aa1d5:c3573]
2019-08-30 23:40:17,579 [grpc-default-executor-0] INFO  client.GrpcClientProtocolClient (GrpcClientProtocolClient.java:onNext(255)) - client-7EF960CB3D58->c9f1298e-d840-49d8-aac3-de81602aa1d5: receive RaftClientReply:client-7EF960CB3D58->c9f1298e-d840-49d8-aac3-de81602aa1d5@group-E9810A644481, cid=2594, SUCCESS, logIndex=3573, commits[c9f1298e-d840-49d8-aac3-de81602aa1d5:c3573]
2019-08-30 23:40:17,586 [grpc-default-executor-0] INFO  client.GrpcClientProtocolClient (GrpcClientProtocolClient.java:onNext(255)) - client-7EF960CB3D58->c9f1298e-d840-49d8-aac3-de81602aa1d5: receive RaftClientReply:client-7EF960CB3D58->c9f1298e-d840-49d8-aac3-de81602aa1d5@group-E9810A644481, cid=2595, SUCCESS, logIndex=3574, commits[c9f1298e-d840-49d8-aac3-de81602aa1d5:c3575]
2019-08-30 23:40:17,587 [grpc-default-executor-0] INFO  client.GrpcClientProtocolClient (GrpcClientProtocolClient.java:onNext(255)) - client-7EF960CB3D58->c9f1298e-d840-49d8-aac3-de81602aa1d5: receive RaftClientReply:client-7EF960CB3D58->c9f1298e-d840-49d8-aac3-de81602aa1d5@group-E9810A644481, cid=2596, SUCCESS, logIndex=3575, commits[c9f1298e-d840-49d8-aac3-de81602aa1d5:c3575]
2019-08-30 23:40:17,608 [grpc-default-executor-1] INFO  client.GrpcClientProtocolClient (GrpcClientProtocolClient.java:onNext(255)) - client-7EF960CB3D58->c9f1298e-d840-49d8-aac3-de81602aa1d5: receive RaftClientReply:client-7EF960CB3D58->c9f1298e-d840-49d8-aac3-de81602aa1d5@group-E9810A644481, cid=2597, SUCCESS, logIndex=3578, commits[c9f1298e-d840-49d8-aac3-de81602aa1d5:c3581]
2019-08-30 23:40:17,608 [grpc-default-executor-1] INFO  client.GrpcClientProtocolClient (GrpcClientProtocolClient.java:onNext(255)) - client-7EF960CB3D58->c9f1298e-d840-49d8-aac3-de81602aa1d5: receive RaftClientReply:client-7EF960CB3D58->c9f1298e-d840-49d8-aac3-de81602aa1d5@group-E9810A644481, cid=2598, SUCCESS, logIndex=3579, commits[c9f1298e-d840-49d8-aac3-de81602aa1d5:c3581]
2019-08-30 23:40:17,609 [grpc-default-executor-1] INFO  client.GrpcClientProtocolClient (GrpcClientProtocolClient.java:onNext(255)) - client-7EF960CB3D58->c9f1298e-d840-49d8-aac3-de81602aa1d5: receive RaftClientReply:client-7EF960CB3D58->c9f1298e-d840-49d8-aac3-de81602aa1d5@group-E9810A644481, cid=2599, SUCCESS, logIndex=3580, commits[c9f1298e-d840-49d8-aac3-de81602aa1d5:c3581]
2019-08-30 23:40:17,609 [grpc-default-executor-1] INFO  client.GrpcClientProtocolClient (GrpcClientProtocolClient.java:onNext(255)) - client-7EF960CB3D58->c9f1298e-d840-49d8-aac3-de81602aa1d5: receive RaftClientReply:client-7EF960CB3D58->c9f1298e-d840-49d8-aac3-de81602aa1d5@group-E9810A644481, cid=2600, SUCCESS, logIndex=3581, commits[c9f1298e-d840-49d8-aac3-de81602aa1d5:c3581]
2019-08-30 23:40:17,657 [grpc-default-executor-0] INFO  client.GrpcClientProtocolClient (GrpcClientProtocolClient.java:onNext(255)) - client-7EF960CB3D58->c9f1298e-d840-49d8-aac3-de81602aa1d5: receive RaftClientReply:client-7EF960CB3D58->c9f1298e-d840-49d8-aac3-de81602aa1d5@group-E9810A644481, cid=2601, SUCCESS, logIndex=3583, commits[c9f1298e-d840-49d8-aac3-de81602aa1d5:c3586]
2019-08-30 23:40:17,657 [grpc-default-executor-0] INFO  client.GrpcClientProtocolClient (GrpcClientProtocolClient.java:onNext(255)) - client-7EF960CB3D58->c9f1298e-d840-49d8-aac3-de81602aa1d5: receive RaftClientReply:client-7EF960CB3D58->c9f1298e-d840-49d8-aac3-de81602aa1d5@group-E9810A644481, cid=2602, SUCCESS, logIndex=3584, commits[c9f1298e-d840-49d8-aac3-de81602aa1d5:c3586]
2019-08-30 23:40:17,658 [grpc-default-executor-0] INFO  client.GrpcClientProtocolClient (GrpcClientProtocolClient.java:onNext(255)) - client-7EF960CB3D58->c9f1298e-d840-49d8-aac3-de81602aa1d5: receive RaftClientReply:client-7EF960CB3D58->c9f1298e-d840-49d8-aac3-de81602aa1d5@group-E9810A644481, cid=2603, SUCCESS, logIndex=3585, commits[c9f1298e-d840-49d8-aac3-de81602aa1d5:c3586]
2019-08-30 23:40:17,658 [grpc-default-executor-0] INFO  client.GrpcClientProtocolClient (GrpcClientProtocolClient.java:onNext(255)) - client-7EF960CB3D58->c9f1298e-d840-49d8-aac3-de81602aa1d5: receive RaftClientReply:client-7EF960CB3D58->c9f1298e-d840-49d8-aac3-de81602aa1d5@group-E9810A644481, cid=2604, SUCCESS, logIndex=3586, commits[c9f1298e-d840-49d8-aac3-de81602aa1d5:c3586]
2019-08-30 23:40:17,661 [SCMBlockDeletingService#1] DEBUG block.SCMBlockDeletingService (SCMBlockDeletingService.java:call(138)) - Running DeletedBlockTransactionScanner
2019-08-30 23:40:17,661 [SCMBlockDeletingService#1] DEBUG block.SCMBlockDeletingService (SCMBlockDeletingService.java:call(155)) - Scanned deleted blocks log and got 0 delTX to process.
2019-08-30 23:40:17,761 [SCMBlockDeletingService#1] DEBUG block.SCMBlockDeletingService (SCMBlockDeletingService.java:call(138)) - Running DeletedBlockTransactionScanner
2019-08-30 23:40:17,761 [SCMBlockDeletingService#1] DEBUG block.SCMBlockDeletingService (SCMBlockDeletingService.java:call(155)) - Scanned deleted blocks log and got 0 delTX to process.
2019-08-30 23:40:17,769 [grpc-default-executor-1] INFO  client.GrpcClientProtocolClient (GrpcClientProtocolClient.java:onNext(255)) - client-7EF960CB3D58->c9f1298e-d840-49d8-aac3-de81602aa1d5: receive RaftClientReply:client-7EF960CB3D58->c9f1298e-d840-49d8-aac3-de81602aa1d5@group-E9810A644481, cid=2605, SUCCESS, logIndex=3588, commits[c9f1298e-d840-49d8-aac3-de81602aa1d5:c3589]
2019-08-30 23:40:17,770 [grpc-default-executor-1] INFO  client.GrpcClientProtocolClient (GrpcClientProtocolClient.java:onNext(255)) - client-7EF960CB3D58->c9f1298e-d840-49d8-aac3-de81602aa1d5: receive RaftClientReply:client-7EF960CB3D58->c9f1298e-d840-49d8-aac3-de81602aa1d5@group-E9810A644481, cid=2606, SUCCESS, logIndex=3589, commits[c9f1298e-d840-49d8-aac3-de81602aa1d5:c3589]
2019-08-30 23:40:17,862 [SCMBlockDeletingService#1] DEBUG block.SCMBlockDeletingService (SCMBlockDeletingService.java:call(138)) - Running DeletedBlockTransactionScanner
2019-08-30 23:40:17,862 [SCMBlockDeletingService#1] DEBUG block.SCMBlockDeletingService (SCMBlockDeletingService.java:call(155)) - Scanned deleted blocks log and got 0 delTX to process.
2019-08-30 23:40:17,962 [SCMBlockDeletingService#1] DEBUG block.SCMBlockDeletingService (SCMBlockDeletingService.java:call(138)) - Running DeletedBlockTransactionScanner
2019-08-30 23:40:17,963 [SCMBlockDeletingService#1] DEBUG block.SCMBlockDeletingService (SCMBlockDeletingService.java:call(155)) - Scanned deleted blocks log and got 0 delTX to process.
2019-08-30 23:40:18,007 [grpc-default-executor-0] INFO  client.GrpcClientProtocolClient (GrpcClientProtocolClient.java:onNext(255)) - client-7EF960CB3D58->c9f1298e-d840-49d8-aac3-de81602aa1d5: receive RaftClientReply:client-7EF960CB3D58->c9f1298e-d840-49d8-aac3-de81602aa1d5@group-E9810A644481, cid=2607, SUCCESS, logIndex=3591, commits[c9f1298e-d840-49d8-aac3-de81602aa1d5:c3592]
2019-08-30 23:40:18,007 [grpc-default-executor-0] INFO  client.GrpcClientProtocolClient (GrpcClientProtocolClient.java:onNext(255)) - client-7EF960CB3D58->c9f1298e-d840-49d8-aac3-de81602aa1d5: receive RaftClientReply:client-7EF960CB3D58->c9f1298e-d840-49d8-aac3-de81602aa1d5@group-E9810A644481, cid=2608, SUCCESS, logIndex=3592, commits[c9f1298e-d840-49d8-aac3-de81602aa1d5:c3592]
2019-08-30 23:40:18,037 [grpc-default-executor-0] INFO  client.GrpcClientProtocolClient (GrpcClientProtocolClient.java:onNext(255)) - client-7EF960CB3D58->c9f1298e-d840-49d8-aac3-de81602aa1d5: receive RaftClientReply:client-7EF960CB3D58->c9f1298e-d840-49d8-aac3-de81602aa1d5@group-E9810A644481, cid=2609, SUCCESS, logIndex=3594, commits[c9f1298e-d840-49d8-aac3-de81602aa1d5:c3595]
2019-08-30 23:40:18,037 [grpc-default-executor-0] INFO  client.GrpcClientProtocolClient (GrpcClientProtocolClient.java:onNext(255)) - client-7EF960CB3D58->c9f1298e-d840-49d8-aac3-de81602aa1d5: receive RaftClientReply:client-7EF960CB3D58->c9f1298e-d840-49d8-aac3-de81602aa1d5@group-E9810A644481, cid=2610, SUCCESS, logIndex=3595, commits[c9f1298e-d840-49d8-aac3-de81602aa1d5:c3595]
2019-08-30 23:40:18,053 [grpc-default-executor-0] INFO  client.GrpcClientProtocolClient (GrpcClientProtocolClient.java:onNext(255)) - client-7EF960CB3D58->c9f1298e-d840-49d8-aac3-de81602aa1d5: receive RaftClientReply:client-7EF960CB3D58->c9f1298e-d840-49d8-aac3-de81602aa1d5@group-E9810A644481, cid=2611, SUCCESS, logIndex=3597, commits[c9f1298e-d840-49d8-aac3-de81602aa1d5:c3598]
2019-08-30 23:40:18,053 [grpc-default-executor-0] INFO  client.GrpcClientProtocolClient (GrpcClientProtocolClient.java:onNext(255)) - client-7EF960CB3D58->c9f1298e-d840-49d8-aac3-de81602aa1d5: receive RaftClientReply:client-7EF960CB3D58->c9f1298e-d840-49d8-aac3-de81602aa1d5@group-E9810A644481, cid=2612, SUCCESS, logIndex=3598, commits[c9f1298e-d840-49d8-aac3-de81602aa1d5:c3598]
2019-08-30 23:40:18,063 [SCMBlockDeletingService#1] DEBUG block.SCMBlockDeletingService (SCMBlockDeletingService.java:call(138)) - Running DeletedBlockTransactionScanner
2019-08-30 23:40:18,064 [SCMBlockDeletingService#1] DEBUG block.SCMBlockDeletingService (SCMBlockDeletingService.java:call(155)) - Scanned deleted blocks log and got 0 delTX to process.
2019-08-30 23:40:18,078 [grpc-default-executor-1] INFO  client.GrpcClientProtocolClient (GrpcClientProtocolClient.java:onNext(255)) - client-7EF960CB3D58->c9f1298e-d840-49d8-aac3-de81602aa1d5: receive RaftClientReply:client-7EF960CB3D58->c9f1298e-d840-49d8-aac3-de81602aa1d5@group-E9810A644481, cid=2613, SUCCESS, logIndex=3600, commits[c9f1298e-d840-49d8-aac3-de81602aa1d5:c3601]
2019-08-30 23:40:18,078 [grpc-default-executor-1] INFO  client.GrpcClientProtocolClient (GrpcClientProtocolClient.java:onNext(255)) - client-7EF960CB3D58->c9f1298e-d840-49d8-aac3-de81602aa1d5: receive RaftClientReply:client-7EF960CB3D58->c9f1298e-d840-49d8-aac3-de81602aa1d5@group-E9810A644481, cid=2614, SUCCESS, logIndex=3601, commits[c9f1298e-d840-49d8-aac3-de81602aa1d5:c3601]
2019-08-30 23:40:18,093 [grpc-default-executor-1] INFO  client.GrpcClientProtocolClient (GrpcClientProtocolClient.java:onNext(255)) - client-7EF960CB3D58->c9f1298e-d840-49d8-aac3-de81602aa1d5: receive RaftClientReply:client-7EF960CB3D58->c9f1298e-d840-49d8-aac3-de81602aa1d5@group-E9810A644481, cid=2615, SUCCESS, logIndex=3602, commits[c9f1298e-d840-49d8-aac3-de81602aa1d5:c3603]
2019-08-30 23:40:18,094 [grpc-default-executor-1] INFO  client.GrpcClientProtocolClient (GrpcClientProtocolClient.java:onNext(255)) - client-7EF960CB3D58->c9f1298e-d840-49d8-aac3-de81602aa1d5: receive RaftClientReply:client-7EF960CB3D58->c9f1298e-d840-49d8-aac3-de81602aa1d5@group-E9810A644481, cid=2616, SUCCESS, logIndex=3603, commits[c9f1298e-d840-49d8-aac3-de81602aa1d5:c3603]
2019-08-30 23:40:18,154 [grpc-default-executor-1] INFO  client.GrpcClientProtocolClient (GrpcClientProtocolClient.java:onNext(255)) - client-7EF960CB3D58->c9f1298e-d840-49d8-aac3-de81602aa1d5: receive RaftClientReply:client-7EF960CB3D58->c9f1298e-d840-49d8-aac3-de81602aa1d5@group-E9810A644481, cid=2617, SUCCESS, logIndex=3606, commits[c9f1298e-d840-49d8-aac3-de81602aa1d5:c3609]
2019-08-30 23:40:18,154 [grpc-default-executor-1] INFO  client.GrpcClientProtocolClient (GrpcClientProtocolClient.java:onNext(255)) - client-7EF960CB3D58->c9f1298e-d840-49d8-aac3-de81602aa1d5: receive RaftClientReply:client-7EF960CB3D58->c9f1298e-d840-49d8-aac3-de81602aa1d5@group-E9810A644481, cid=2618, SUCCESS, logIndex=3607, commits[c9f1298e-d840-49d8-aac3-de81602aa1d5:c3609]
2019-08-30 23:40:18,155 [grpc-default-executor-1] INFO  client.GrpcClientProtocolClient (GrpcClientProtocolClient.java:onNext(255)) - client-7EF960CB3D58->c9f1298e-d840-49d8-aac3-de81602aa1d5: receive RaftClientReply:client-7EF960CB3D58->c9f1298e-d840-49d8-aac3-de81602aa1d5@group-E9810A644481, cid=2619, SUCCESS, logIndex=3608, commits[c9f1298e-d840-49d8-aac3-de81602aa1d5:c3609]
2019-08-30 23:40:18,156 [grpc-default-executor-1] INFO  client.GrpcClientProtocolClient (GrpcClientProtocolClient.java:onNext(255)) - client-7EF960CB3D58->c9f1298e-d840-49d8-aac3-de81602aa1d5: receive RaftClientReply:client-7EF960CB3D58->c9f1298e-d840-49d8-aac3-de81602aa1d5@group-E9810A644481, cid=2620, SUCCESS, logIndex=3609, commits[c9f1298e-d840-49d8-aac3-de81602aa1d5:c3609]
2019-08-30 23:40:18,164 [SCMBlockDeletingService#1] DEBUG block.SCMBlockDeletingService (SCMBlockDeletingService.java:call(138)) - Running DeletedBlockTransactionScanner
2019-08-30 23:40:18,164 [SCMBlockDeletingService#1] DEBUG block.SCMBlockDeletingService (SCMBlockDeletingService.java:call(155)) - Scanned deleted blocks log and got 0 delTX to process.
2019-08-30 23:40:18,174 [grpc-default-executor-0] INFO  client.GrpcClientProtocolClient (GrpcClientProtocolClient.java:onNext(255)) - client-7EF960CB3D58->c9f1298e-d840-49d8-aac3-de81602aa1d5: receive RaftClientReply:client-7EF960CB3D58->c9f1298e-d840-49d8-aac3-de81602aa1d5@group-E9810A644481, cid=2621, SUCCESS, logIndex=3611, commits[c9f1298e-d840-49d8-aac3-de81602aa1d5:c3612]
2019-08-30 23:40:18,174 [grpc-default-executor-0] INFO  client.GrpcClientProtocolClient (GrpcClientProtocolClient.java:onNext(255)) - client-7EF960CB3D58->c9f1298e-d840-49d8-aac3-de81602aa1d5: receive RaftClientReply:client-7EF960CB3D58->c9f1298e-d840-49d8-aac3-de81602aa1d5@group-E9810A644481, cid=2622, SUCCESS, logIndex=3612, commits[c9f1298e-d840-49d8-aac3-de81602aa1d5:c3612]
2019-08-30 23:40:18,192 [grpc-default-executor-0] INFO  client.GrpcClientProtocolClient (GrpcClientProtocolClient.java:onNext(255)) - client-7EF960CB3D58->c9f1298e-d840-49d8-aac3-de81602aa1d5: receive RaftClientReply:client-7EF960CB3D58->c9f1298e-d840-49d8-aac3-de81602aa1d5@group-E9810A644481, cid=2623, SUCCESS, logIndex=3614, commits[c9f1298e-d840-49d8-aac3-de81602aa1d5:c3615]
2019-08-30 23:40:18,193 [grpc-default-executor-0] INFO  client.GrpcClientProtocolClient (GrpcClientProtocolClient.java:onNext(255)) - client-7EF960CB3D58->c9f1298e-d840-49d8-aac3-de81602aa1d5: receive RaftClientReply:client-7EF960CB3D58->c9f1298e-d840-49d8-aac3-de81602aa1d5@group-E9810A644481, cid=2624, SUCCESS, logIndex=3615, commits[c9f1298e-d840-49d8-aac3-de81602aa1d5:c3615]
2019-08-30 23:40:18,223 [grpc-default-executor-1] INFO  client.GrpcClientProtocolClient (GrpcClientProtocolClient.java:onNext(255)) - client-7EF960CB3D58->c9f1298e-d840-49d8-aac3-de81602aa1d5: receive RaftClientReply:client-7EF960CB3D58->c9f1298e-d840-49d8-aac3-de81602aa1d5@group-E9810A644481, cid=2625, SUCCESS, logIndex=3617, commits[c9f1298e-d840-49d8-aac3-de81602aa1d5:c3618]
2019-08-30 23:40:18,223 [grpc-default-executor-1] INFO  client.GrpcClientProtocolClient (GrpcClientProtocolClient.java:onNext(255)) - client-7EF960CB3D58->c9f1298e-d840-49d8-aac3-de81602aa1d5: receive RaftClientReply:client-7EF960CB3D58->c9f1298e-d840-49d8-aac3-de81602aa1d5@group-E9810A644481, cid=2626, SUCCESS, logIndex=3618, commits[c9f1298e-d840-49d8-aac3-de81602aa1d5:c3618]
2019-08-30 23:40:18,240 [grpc-default-executor-1] INFO  client.GrpcClientProtocolClient (GrpcClientProtocolClient.java:onNext(255)) - client-7EF960CB3D58->c9f1298e-d840-49d8-aac3-de81602aa1d5: receive RaftClientReply:client-7EF960CB3D58->c9f1298e-d840-49d8-aac3-de81602aa1d5@group-E9810A644481, cid=2627, SUCCESS, logIndex=3619, commits[c9f1298e-d840-49d8-aac3-de81602aa1d5:c3621]
2019-08-30 23:40:18,240 [grpc-default-executor-1] INFO  client.GrpcClientProtocolClient (GrpcClientProtocolClient.java:onNext(255)) - client-7EF960CB3D58->c9f1298e-d840-49d8-aac3-de81602aa1d5: receive RaftClientReply:client-7EF960CB3D58->c9f1298e-d840-49d8-aac3-de81602aa1d5@group-E9810A644481, cid=2628, SUCCESS, logIndex=3620, commits[c9f1298e-d840-49d8-aac3-de81602aa1d5:c3621]
2019-08-30 23:40:18,264 [SCMBlockDeletingService#1] DEBUG block.SCMBlockDeletingService (SCMBlockDeletingService.java:call(138)) - Running DeletedBlockTransactionScanner
2019-08-30 23:40:18,265 [SCMBlockDeletingService#1] DEBUG block.SCMBlockDeletingService (SCMBlockDeletingService.java:call(155)) - Scanned deleted blocks log and got 0 delTX to process.
2019-08-30 23:40:18,282 [grpc-default-executor-1] INFO  client.GrpcClientProtocolClient (GrpcClientProtocolClient.java:onNext(255)) - client-7EF960CB3D58->c9f1298e-d840-49d8-aac3-de81602aa1d5: receive RaftClientReply:client-7EF960CB3D58->c9f1298e-d840-49d8-aac3-de81602aa1d5@group-E9810A644481, cid=2629, SUCCESS, logIndex=3622, commits[c9f1298e-d840-49d8-aac3-de81602aa1d5:c3623]
2019-08-30 23:40:18,283 [grpc-default-executor-1] INFO  client.GrpcClientProtocolClient (GrpcClientProtocolClient.java:onNext(255)) - client-7EF960CB3D58->c9f1298e-d840-49d8-aac3-de81602aa1d5: receive RaftClientReply:client-7EF960CB3D58->c9f1298e-d840-49d8-aac3-de81602aa1d5@group-E9810A644481, cid=2630, SUCCESS, logIndex=3623, commits[c9f1298e-d840-49d8-aac3-de81602aa1d5:c3623]
2019-08-30 23:40:18,288 [grpc-default-executor-1] INFO  client.GrpcClientProtocolClient (GrpcClientProtocolClient.java:onNext(255)) - client-7EF960CB3D58->c9f1298e-d840-49d8-aac3-de81602aa1d5: receive RaftClientReply:client-7EF960CB3D58->c9f1298e-d840-49d8-aac3-de81602aa1d5@group-E9810A644481, cid=2631, SUCCESS, logIndex=3624, commits[c9f1298e-d840-49d8-aac3-de81602aa1d5:c3625]
2019-08-30 23:40:18,289 [grpc-default-executor-1] INFO  client.GrpcClientProtocolClient (GrpcClientProtocolClient.java:onNext(255)) - client-7EF960CB3D58->c9f1298e-d840-49d8-aac3-de81602aa1d5: receive RaftClientReply:client-7EF960CB3D58->c9f1298e-d840-49d8-aac3-de81602aa1d5@group-E9810A644481, cid=2632, SUCCESS, logIndex=3625, commits[c9f1298e-d840-49d8-aac3-de81602aa1d5:c3626]
2019-08-30 23:40:18,331 [grpc-default-executor-1] INFO  client.GrpcClientProtocolClient (GrpcClientProtocolClient.java:onNext(255)) - client-7EF960CB3D58->c9f1298e-d840-49d8-aac3-de81602aa1d5: receive RaftClientReply:client-7EF960CB3D58->c9f1298e-d840-49d8-aac3-de81602aa1d5@group-E9810A644481, cid=2633, SUCCESS, logIndex=3628, commits[c9f1298e-d840-49d8-aac3-de81602aa1d5:c3629]
2019-08-30 23:40:18,332 [grpc-default-executor-1] INFO  client.GrpcClientProtocolClient (GrpcClientProtocolClient.java:onNext(255)) - client-7EF960CB3D58->c9f1298e-d840-49d8-aac3-de81602aa1d5: receive RaftClientReply:client-7EF960CB3D58->c9f1298e-d840-49d8-aac3-de81602aa1d5@group-E9810A644481, cid=2634, SUCCESS, logIndex=3629, commits[c9f1298e-d840-49d8-aac3-de81602aa1d5:c3629]
2019-08-30 23:40:18,365 [SCMBlockDeletingService#1] DEBUG block.SCMBlockDeletingService (SCMBlockDeletingService.java:call(138)) - Running DeletedBlockTransactionScanner
2019-08-30 23:40:18,365 [SCMBlockDeletingService#1] DEBUG block.SCMBlockDeletingService (SCMBlockDeletingService.java:call(155)) - Scanned deleted blocks log and got 0 delTX to process.
2019-08-30 23:40:18,367 [grpc-default-executor-1] INFO  client.GrpcClientProtocolClient (GrpcClientProtocolClient.java:onNext(255)) - client-7EF960CB3D58->c9f1298e-d840-49d8-aac3-de81602aa1d5: receive RaftClientReply:client-7EF960CB3D58->c9f1298e-d840-49d8-aac3-de81602aa1d5@group-E9810A644481, cid=2635, SUCCESS, logIndex=3630, commits[c9f1298e-d840-49d8-aac3-de81602aa1d5:c3631]
2019-08-30 23:40:18,367 [grpc-default-executor-1] INFO  client.GrpcClientProtocolClient (GrpcClientProtocolClient.java:onNext(255)) - client-7EF960CB3D58->c9f1298e-d840-49d8-aac3-de81602aa1d5: receive RaftClientReply:client-7EF960CB3D58->c9f1298e-d840-49d8-aac3-de81602aa1d5@group-E9810A644481, cid=2636, SUCCESS, logIndex=3631, commits[c9f1298e-d840-49d8-aac3-de81602aa1d5:c3631]
2019-08-30 23:40:18,390 [grpc-default-executor-1] INFO  client.GrpcClientProtocolClient (GrpcClientProtocolClient.java:onNext(255)) - client-7EF960CB3D58->c9f1298e-d840-49d8-aac3-de81602aa1d5: receive RaftClientReply:client-7EF960CB3D58->c9f1298e-d840-49d8-aac3-de81602aa1d5@group-E9810A644481, cid=2637, SUCCESS, logIndex=3634, commits[c9f1298e-d840-49d8-aac3-de81602aa1d5:c3635]
2019-08-30 23:40:18,390 [grpc-default-executor-1] INFO  client.GrpcClientProtocolClient (GrpcClientProtocolClient.java:onNext(255)) - client-7EF960CB3D58->c9f1298e-d840-49d8-aac3-de81602aa1d5: receive RaftClientReply:client-7EF960CB3D58->c9f1298e-d840-49d8-aac3-de81602aa1d5@group-E9810A644481, cid=2638, SUCCESS, logIndex=3635, commits[c9f1298e-d840-49d8-aac3-de81602aa1d5:c3635]
2019-08-30 23:40:18,399 [grpc-default-executor-1] INFO  client.GrpcClientProtocolClient (GrpcClientProtocolClient.java:onNext(255)) - client-7EF960CB3D58->c9f1298e-d840-49d8-aac3-de81602aa1d5: receive RaftClientReply:client-7EF960CB3D58->c9f1298e-d840-49d8-aac3-de81602aa1d5@group-E9810A644481, cid=2639, SUCCESS, logIndex=3636, commits[c9f1298e-d840-49d8-aac3-de81602aa1d5:c3637]
2019-08-30 23:40:18,399 [grpc-default-executor-1] INFO  client.GrpcClientProtocolClient (GrpcClientProtocolClient.java:onNext(255)) - client-7EF960CB3D58->c9f1298e-d840-49d8-aac3-de81602aa1d5: receive RaftClientReply:client-7EF960CB3D58->c9f1298e-d840-49d8-aac3-de81602aa1d5@group-E9810A644481, cid=2640, SUCCESS, logIndex=3637, commits[c9f1298e-d840-49d8-aac3-de81602aa1d5:c3638]
2019-08-30 23:40:18,424 [grpc-default-executor-1] INFO  client.GrpcClientProtocolClient (GrpcClientProtocolClient.java:onNext(255)) - client-7EF960CB3D58->c9f1298e-d840-49d8-aac3-de81602aa1d5: receive RaftClientReply:client-7EF960CB3D58->c9f1298e-d840-49d8-aac3-de81602aa1d5@group-E9810A644481, cid=2641, SUCCESS, logIndex=3640, commits[c9f1298e-d840-49d8-aac3-de81602aa1d5:c3641]
2019-08-30 23:40:18,424 [grpc-default-executor-1] INFO  client.GrpcClientProtocolClient (GrpcClientProtocolClient.java:onNext(255)) - client-7EF960CB3D58->c9f1298e-d840-49d8-aac3-de81602aa1d5: receive RaftClientReply:client-7EF960CB3D58->c9f1298e-d840-49d8-aac3-de81602aa1d5@group-E9810A644481, cid=2642, SUCCESS, logIndex=3641, commits[c9f1298e-d840-49d8-aac3-de81602aa1d5:c3641]
2019-08-30 23:40:18,430 [grpc-default-executor-1] INFO  client.GrpcClientProtocolClient (GrpcClientProtocolClient.java:onNext(255)) - client-7EF960CB3D58->c9f1298e-d840-49d8-aac3-de81602aa1d5: receive RaftClientReply:client-7EF960CB3D58->c9f1298e-d840-49d8-aac3-de81602aa1d5@group-E9810A644481, cid=2643, SUCCESS, logIndex=3642, commits[c9f1298e-d840-49d8-aac3-de81602aa1d5:c3643]
2019-08-30 23:40:18,430 [grpc-default-executor-1] INFO  client.GrpcClientProtocolClient (GrpcClientProtocolClient.java:onNext(255)) - client-7EF960CB3D58->c9f1298e-d840-49d8-aac3-de81602aa1d5: receive RaftClientReply:client-7EF960CB3D58->c9f1298e-d840-49d8-aac3-de81602aa1d5@group-E9810A644481, cid=2644, SUCCESS, logIndex=3643, commits[c9f1298e-d840-49d8-aac3-de81602aa1d5:c3643]
2019-08-30 23:40:18,456 [grpc-default-executor-0] INFO  client.GrpcClientProtocolClient (GrpcClientProtocolClient.java:onNext(255)) - client-7EF960CB3D58->c9f1298e-d840-49d8-aac3-de81602aa1d5: receive RaftClientReply:client-7EF960CB3D58->c9f1298e-d840-49d8-aac3-de81602aa1d5@group-E9810A644481, cid=2645, SUCCESS, logIndex=3646, commits[c9f1298e-d840-49d8-aac3-de81602aa1d5:c3647]
2019-08-30 23:40:18,456 [grpc-default-executor-0] INFO  client.GrpcClientProtocolClient (GrpcClientProtocolClient.java:onNext(255)) - client-7EF960CB3D58->c9f1298e-d840-49d8-aac3-de81602aa1d5: receive RaftClientReply:client-7EF960CB3D58->c9f1298e-d840-49d8-aac3-de81602aa1d5@group-E9810A644481, cid=2646, SUCCESS, logIndex=3647, commits[c9f1298e-d840-49d8-aac3-de81602aa1d5:c3649]
2019-08-30 23:40:18,457 [grpc-default-executor-0] INFO  client.GrpcClientProtocolClient (GrpcClientProtocolClient.java:onNext(255)) - client-7EF960CB3D58->c9f1298e-d840-49d8-aac3-de81602aa1d5: receive RaftClientReply:client-7EF960CB3D58->c9f1298e-d840-49d8-aac3-de81602aa1d5@group-E9810A644481, cid=2647, SUCCESS, logIndex=3648, commits[c9f1298e-d840-49d8-aac3-de81602aa1d5:c3649]
2019-08-30 23:40:18,457 [grpc-default-executor-0] INFO  client.GrpcClientProtocolClient (GrpcClientProtocolClient.java:onNext(255)) - client-7EF960CB3D58->c9f1298e-d840-49d8-aac3-de81602aa1d5: receive RaftClientReply:client-7EF960CB3D58->c9f1298e-d840-49d8-aac3-de81602aa1d5@group-E9810A644481, cid=2648, SUCCESS, logIndex=3649, commits[c9f1298e-d840-49d8-aac3-de81602aa1d5:c3650]
2019-08-30 23:40:18,465 [SCMBlockDeletingService#1] DEBUG block.SCMBlockDeletingService (SCMBlockDeletingService.java:call(138)) - Running DeletedBlockTransactionScanner
2019-08-30 23:40:18,466 [SCMBlockDeletingService#1] DEBUG block.SCMBlockDeletingService (SCMBlockDeletingService.java:call(155)) - Scanned deleted blocks log and got 0 delTX to process.
2019-08-30 23:40:18,488 [grpc-default-executor-1] INFO  client.GrpcClientProtocolClient (GrpcClientProtocolClient.java:onNext(255)) - client-7EF960CB3D58->c9f1298e-d840-49d8-aac3-de81602aa1d5: receive RaftClientReply:client-7EF960CB3D58->c9f1298e-d840-49d8-aac3-de81602aa1d5@group-E9810A644481, cid=2649, SUCCESS, logIndex=3652, commits[c9f1298e-d840-49d8-aac3-de81602aa1d5:c3653]
2019-08-30 23:40:18,488 [grpc-default-executor-1] INFO  client.GrpcClientProtocolClient (GrpcClientProtocolClient.java:onNext(255)) - client-7EF960CB3D58->c9f1298e-d840-49d8-aac3-de81602aa1d5: receive RaftClientReply:client-7EF960CB3D58->c9f1298e-d840-49d8-aac3-de81602aa1d5@group-E9810A644481, cid=2650, SUCCESS, logIndex=3653, commits[c9f1298e-d840-49d8-aac3-de81602aa1d5:c3653]
2019-08-30 23:40:18,506 [grpc-default-executor-1] INFO  client.GrpcClientProtocolClient (GrpcClientProtocolClient.java:onNext(255)) - client-7EF960CB3D58->c9f1298e-d840-49d8-aac3-de81602aa1d5: receive RaftClientReply:client-7EF960CB3D58->c9f1298e-d840-49d8-aac3-de81602aa1d5@group-E9810A644481, cid=2651, SUCCESS, logIndex=3654, commits[c9f1298e-d840-49d8-aac3-de81602aa1d5:c3655]
2019-08-30 23:40:18,507 [grpc-default-executor-1] INFO  client.GrpcClientProtocolClient (GrpcClientProtocolClient.java:onNext(255)) - client-7EF960CB3D58->c9f1298e-d840-49d8-aac3-de81602aa1d5: receive RaftClientReply:client-7EF960CB3D58->c9f1298e-d840-49d8-aac3-de81602aa1d5@group-E9810A644481, cid=2652, SUCCESS, logIndex=3655, commits[c9f1298e-d840-49d8-aac3-de81602aa1d5:c3655]
2019-08-30 23:40:18,566 [SCMBlockDeletingService#1] DEBUG block.SCMBlockDeletingService (SCMBlockDeletingService.java:call(138)) - Running DeletedBlockTransactionScanner
2019-08-30 23:40:18,566 [SCMBlockDeletingService#1] DEBUG block.SCMBlockDeletingService (SCMBlockDeletingService.java:call(155)) - Scanned deleted blocks log and got 0 delTX to process.
2019-08-30 23:40:18,648 [grpc-default-executor-1] INFO  client.GrpcClientProtocolClient (GrpcClientProtocolClient.java:onNext(255)) - client-7EF960CB3D58->c9f1298e-d840-49d8-aac3-de81602aa1d5: receive RaftClientReply:client-7EF960CB3D58->c9f1298e-d840-49d8-aac3-de81602aa1d5@group-E9810A644481, cid=2653, SUCCESS, logIndex=3658, commits[c9f1298e-d840-49d8-aac3-de81602aa1d5:c3659]
2019-08-30 23:40:18,649 [grpc-default-executor-1] INFO  client.GrpcClientProtocolClient (GrpcClientProtocolClient.java:onNext(255)) - client-7EF960CB3D58->c9f1298e-d840-49d8-aac3-de81602aa1d5: receive RaftClientReply:client-7EF960CB3D58->c9f1298e-d840-49d8-aac3-de81602aa1d5@group-E9810A644481, cid=2654, SUCCESS, logIndex=3659, commits[c9f1298e-d840-49d8-aac3-de81602aa1d5:c3661]
2019-08-30 23:40:18,650 [grpc-default-executor-1] INFO  client.GrpcClientProtocolClient (GrpcClientProtocolClient.java:onNext(255)) - client-7EF960CB3D58->c9f1298e-d840-49d8-aac3-de81602aa1d5: receive RaftClientReply:client-7EF960CB3D58->c9f1298e-d840-49d8-aac3-de81602aa1d5@group-E9810A644481, cid=2655, SUCCESS, logIndex=3660, commits[c9f1298e-d840-49d8-aac3-de81602aa1d5:c3662]
2019-08-30 23:40:18,650 [grpc-default-executor-1] INFO  client.GrpcClientProtocolClient (GrpcClientProtocolClient.java:onNext(255)) - client-7EF960CB3D58->c9f1298e-d840-49d8-aac3-de81602aa1d5: receive RaftClientReply:client-7EF960CB3D58->c9f1298e-d840-49d8-aac3-de81602aa1d5@group-E9810A644481, cid=2656, SUCCESS, logIndex=3661, commits[c9f1298e-d840-49d8-aac3-de81602aa1d5:c3662]
2019-08-30 23:40:18,667 [SCMBlockDeletingService#1] DEBUG block.SCMBlockDeletingService (SCMBlockDeletingService.java:call(138)) - Running DeletedBlockTransactionScanner
2019-08-30 23:40:18,667 [SCMBlockDeletingService#1] DEBUG block.SCMBlockDeletingService (SCMBlockDeletingService.java:call(155)) - Scanned deleted blocks log and got 0 delTX to process.
2019-08-30 23:40:18,744 [grpc-default-executor-0] INFO  client.GrpcClientProtocolClient (GrpcClientProtocolClient.java:onNext(255)) - client-7EF960CB3D58->c9f1298e-d840-49d8-aac3-de81602aa1d5: receive RaftClientReply:client-7EF960CB3D58->c9f1298e-d840-49d8-aac3-de81602aa1d5@group-E9810A644481, cid=2657, SUCCESS, logIndex=3664, commits[c9f1298e-d840-49d8-aac3-de81602aa1d5:c3665]
2019-08-30 23:40:18,745 [grpc-default-executor-0] INFO  client.GrpcClientProtocolClient (GrpcClientProtocolClient.java:onNext(255)) - client-7EF960CB3D58->c9f1298e-d840-49d8-aac3-de81602aa1d5: receive RaftClientReply:client-7EF960CB3D58->c9f1298e-d840-49d8-aac3-de81602aa1d5@group-E9810A644481, cid=2658, SUCCESS, logIndex=3665, commits[c9f1298e-d840-49d8-aac3-de81602aa1d5:c3665]
2019-08-30 23:40:18,767 [SCMBlockDeletingService#1] DEBUG block.SCMBlockDeletingService (SCMBlockDeletingService.java:call(138)) - Running DeletedBlockTransactionScanner
2019-08-30 23:40:18,768 [SCMBlockDeletingService#1] DEBUG block.SCMBlockDeletingService (SCMBlockDeletingService.java:call(155)) - Scanned deleted blocks log and got 0 delTX to process.
2019-08-30 23:40:18,830 [grpc-default-executor-0] INFO  client.GrpcClientProtocolClient (GrpcClientProtocolClient.java:onNext(255)) - client-7EF960CB3D58->c9f1298e-d840-49d8-aac3-de81602aa1d5: receive RaftClientReply:client-7EF960CB3D58->c9f1298e-d840-49d8-aac3-de81602aa1d5@group-E9810A644481, cid=2659, SUCCESS, logIndex=3666, commits[c9f1298e-d840-49d8-aac3-de81602aa1d5:c3668]
2019-08-30 23:40:18,830 [grpc-default-executor-0] INFO  client.GrpcClientProtocolClient (GrpcClientProtocolClient.java:onNext(255)) - client-7EF960CB3D58->c9f1298e-d840-49d8-aac3-de81602aa1d5: receive RaftClientReply:client-7EF960CB3D58->c9f1298e-d840-49d8-aac3-de81602aa1d5@group-E9810A644481, cid=2660, SUCCESS, logIndex=3667, commits[c9f1298e-d840-49d8-aac3-de81602aa1d5:c3668]
2019-08-30 23:40:18,854 [grpc-default-executor-0] INFO  client.GrpcClientProtocolClient (GrpcClientProtocolClient.java:onNext(255)) - client-7EF960CB3D58->c9f1298e-d840-49d8-aac3-de81602aa1d5: receive RaftClientReply:client-7EF960CB3D58->c9f1298e-d840-49d8-aac3-de81602aa1d5@group-E9810A644481, cid=2661, SUCCESS, logIndex=3670, commits[c9f1298e-d840-49d8-aac3-de81602aa1d5:c3671]
2019-08-30 23:40:18,855 [grpc-default-executor-0] INFO  client.GrpcClientProtocolClient (GrpcClientProtocolClient.java:onNext(255)) - client-7EF960CB3D58->c9f1298e-d840-49d8-aac3-de81602aa1d5: receive RaftClientReply:client-7EF960CB3D58->c9f1298e-d840-49d8-aac3-de81602aa1d5@group-E9810A644481, cid=2662, SUCCESS, logIndex=3671, commits[c9f1298e-d840-49d8-aac3-de81602aa1d5:c3671]
2019-08-30 23:40:18,861 [grpc-default-executor-0] INFO  client.GrpcClientProtocolClient (GrpcClientProtocolClient.java:onNext(255)) - client-7EF960CB3D58->c9f1298e-d840-49d8-aac3-de81602aa1d5: receive RaftClientReply:client-7EF960CB3D58->c9f1298e-d840-49d8-aac3-de81602aa1d5@group-E9810A644481, cid=2663, SUCCESS, logIndex=3672, commits[c9f1298e-d840-49d8-aac3-de81602aa1d5:c3673]
2019-08-30 23:40:18,861 [grpc-default-executor-0] INFO  client.GrpcClientProtocolClient (GrpcClientProtocolClient.java:onNext(255)) - client-7EF960CB3D58->c9f1298e-d840-49d8-aac3-de81602aa1d5: receive RaftClientReply:client-7EF960CB3D58->c9f1298e-d840-49d8-aac3-de81602aa1d5@group-E9810A644481, cid=2664, SUCCESS, logIndex=3673, commits[c9f1298e-d840-49d8-aac3-de81602aa1d5:c3674]
2019-08-30 23:40:18,868 [SCMBlockDeletingService#1] DEBUG block.SCMBlockDeletingService (SCMBlockDeletingService.java:call(138)) - Running DeletedBlockTransactionScanner
2019-08-30 23:40:18,868 [SCMBlockDeletingService#1] DEBUG block.SCMBlockDeletingService (SCMBlockDeletingService.java:call(155)) - Scanned deleted blocks log and got 0 delTX to process.
2019-08-30 23:40:18,889 [grpc-default-executor-0] INFO  client.GrpcClientProtocolClient (GrpcClientProtocolClient.java:onNext(255)) - client-7EF960CB3D58->c9f1298e-d840-49d8-aac3-de81602aa1d5: receive RaftClientReply:client-7EF960CB3D58->c9f1298e-d840-49d8-aac3-de81602aa1d5@group-E9810A644481, cid=2665, SUCCESS, logIndex=3676, commits[c9f1298e-d840-49d8-aac3-de81602aa1d5:c3677]
2019-08-30 23:40:18,889 [grpc-default-executor-0] INFO  client.GrpcClientProtocolClient (GrpcClientProtocolClient.java:onNext(255)) - client-7EF960CB3D58->c9f1298e-d840-49d8-aac3-de81602aa1d5: receive RaftClientReply:client-7EF960CB3D58->c9f1298e-d840-49d8-aac3-de81602aa1d5@group-E9810A644481, cid=2666, SUCCESS, logIndex=3677, commits[c9f1298e-d840-49d8-aac3-de81602aa1d5:c3679]
2019-08-30 23:40:18,890 [grpc-default-executor-0] INFO  client.GrpcClientProtocolClient (GrpcClientProtocolClient.java:onNext(255)) - client-7EF960CB3D58->c9f1298e-d840-49d8-aac3-de81602aa1d5: receive RaftClientReply:client-7EF960CB3D58->c9f1298e-d840-49d8-aac3-de81602aa1d5@group-E9810A644481, cid=2667, SUCCESS, logIndex=3678, commits[c9f1298e-d840-49d8-aac3-de81602aa1d5:c3679]
2019-08-30 23:40:18,890 [grpc-default-executor-0] INFO  client.GrpcClientProtocolClient (GrpcClientProtocolClient.java:onNext(255)) - client-7EF960CB3D58->c9f1298e-d840-49d8-aac3-de81602aa1d5: receive RaftClientReply:client-7EF960CB3D58->c9f1298e-d840-49d8-aac3-de81602aa1d5@group-E9810A644481, cid=2668, SUCCESS, logIndex=3679, commits[c9f1298e-d840-49d8-aac3-de81602aa1d5:c3680]
2019-08-30 23:40:18,914 [grpc-default-executor-0] INFO  client.GrpcClientProtocolClient (GrpcClientProtocolClient.java:onNext(255)) - client-7EF960CB3D58->c9f1298e-d840-49d8-aac3-de81602aa1d5: receive RaftClientReply:client-7EF960CB3D58->c9f1298e-d840-49d8-aac3-de81602aa1d5@group-E9810A644481, cid=2669, SUCCESS, logIndex=3682, commits[c9f1298e-d840-49d8-aac3-de81602aa1d5:c3683]
2019-08-30 23:40:18,915 [grpc-default-executor-0] INFO  client.GrpcClientProtocolClient (GrpcClientProtocolClient.java:onNext(255)) - client-7EF960CB3D58->c9f1298e-d840-49d8-aac3-de81602aa1d5: receive RaftClientReply:client-7EF960CB3D58->c9f1298e-d840-49d8-aac3-de81602aa1d5@group-E9810A644481, cid=2670, SUCCESS, logIndex=3683, commits[c9f1298e-d840-49d8-aac3-de81602aa1d5:c3683]
2019-08-30 23:40:18,915 [grpc-default-executor-0] INFO  client.GrpcClientProtocolClient (GrpcClientProtocolClient.java:onNext(255)) - client-7EF960CB3D58->c9f1298e-d840-49d8-aac3-de81602aa1d5: receive RaftClientReply:client-7EF960CB3D58->c9f1298e-d840-49d8-aac3-de81602aa1d5@group-E9810A644481, cid=2671, SUCCESS, logIndex=3684, commits[c9f1298e-d840-49d8-aac3-de81602aa1d5:c3685]
2019-08-30 23:40:18,916 [grpc-default-executor-0] INFO  client.GrpcClientProtocolClient (GrpcClientProtocolClient.java:onNext(255)) - client-7EF960CB3D58->c9f1298e-d840-49d8-aac3-de81602aa1d5: receive RaftClientReply:client-7EF960CB3D58->c9f1298e-d840-49d8-aac3-de81602aa1d5@group-E9810A644481, cid=2672, SUCCESS, logIndex=3685, commits[c9f1298e-d840-49d8-aac3-de81602aa1d5:c3686]
2019-08-30 23:40:18,949 [grpc-default-executor-1] INFO  client.GrpcClientProtocolClient (GrpcClientProtocolClient.java:onNext(255)) - client-7EF960CB3D58->c9f1298e-d840-49d8-aac3-de81602aa1d5: receive RaftClientReply:client-7EF960CB3D58->c9f1298e-d840-49d8-aac3-de81602aa1d5@group-E9810A644481, cid=2673, SUCCESS, logIndex=3688, commits[c9f1298e-d840-49d8-aac3-de81602aa1d5:c3689]
2019-08-30 23:40:18,950 [grpc-default-executor-1] INFO  client.GrpcClientProtocolClient (GrpcClientProtocolClient.java:onNext(255)) - client-7EF960CB3D58->c9f1298e-d840-49d8-aac3-de81602aa1d5: receive RaftClientReply:client-7EF960CB3D58->c9f1298e-d840-49d8-aac3-de81602aa1d5@group-E9810A644481, cid=2674, SUCCESS, logIndex=3689, commits[c9f1298e-d840-49d8-aac3-de81602aa1d5:c3689]
2019-08-30 23:40:18,950 [grpc-default-executor-1] INFO  client.GrpcClientProtocolClient (GrpcClientProtocolClient.java:onNext(255)) - client-7EF960CB3D58->c9f1298e-d840-49d8-aac3-de81602aa1d5: receive RaftClientReply:client-7EF960CB3D58->c9f1298e-d840-49d8-aac3-de81602aa1d5@group-E9810A644481, cid=2675, SUCCESS, logIndex=3690, commits[c9f1298e-d840-49d8-aac3-de81602aa1d5:c3691]
2019-08-30 23:40:18,951 [grpc-default-executor-1] INFO  client.GrpcClientProtocolClient (GrpcClientProtocolClient.java:onNext(255)) - client-7EF960CB3D58->c9f1298e-d840-49d8-aac3-de81602aa1d5: receive RaftClientReply:client-7EF960CB3D58->c9f1298e-d840-49d8-aac3-de81602aa1d5@group-E9810A644481, cid=2676, SUCCESS, logIndex=3691, commits[c9f1298e-d840-49d8-aac3-de81602aa1d5:c3692]
2019-08-30 23:40:18,963 [grpc-default-executor-1] INFO  client.GrpcClientProtocolClient (GrpcClientProtocolClient.java:onNext(255)) - client-7EF960CB3D58->c9f1298e-d840-49d8-aac3-de81602aa1d5: receive RaftClientReply:client-7EF960CB3D58->c9f1298e-d840-49d8-aac3-de81602aa1d5@group-E9810A644481, cid=2677, SUCCESS, logIndex=3694, commits[c9f1298e-d840-49d8-aac3-de81602aa1d5:c3695]
2019-08-30 23:40:18,964 [grpc-default-executor-0] INFO  client.GrpcClientProtocolClient (GrpcClientProtocolClient.java:onNext(255)) - client-7EF960CB3D58->c9f1298e-d840-49d8-aac3-de81602aa1d5: receive RaftClientReply:client-7EF960CB3D58->c9f1298e-d840-49d8-aac3-de81602aa1d5@group-E9810A644481, cid=2678, SUCCESS, logIndex=3695, commits[c9f1298e-d840-49d8-aac3-de81602aa1d5:c3696]
2019-08-30 23:40:18,969 [SCMBlockDeletingService#1] DEBUG block.SCMBlockDeletingService (SCMBlockDeletingService.java:call(138)) - Running DeletedBlockTransactionScanner
2019-08-30 23:40:18,969 [grpc-default-executor-0] INFO  client.GrpcClientProtocolClient (GrpcClientProtocolClient.java:onNext(255)) - client-7EF960CB3D58->c9f1298e-d840-49d8-aac3-de81602aa1d5: receive RaftClientReply:client-7EF960CB3D58->c9f1298e-d840-49d8-aac3-de81602aa1d5@group-E9810A644481, cid=2679, SUCCESS, logIndex=3697, commits[c9f1298e-d840-49d8-aac3-de81602aa1d5:c3698]
2019-08-30 23:40:18,969 [SCMBlockDeletingService#1] DEBUG block.SCMBlockDeletingService (SCMBlockDeletingService.java:call(155)) - Scanned deleted blocks log and got 0 delTX to process.
2019-08-30 23:40:18,969 [grpc-default-executor-0] INFO  client.GrpcClientProtocolClient (GrpcClientProtocolClient.java:onNext(255)) - client-7EF960CB3D58->c9f1298e-d840-49d8-aac3-de81602aa1d5: receive RaftClientReply:client-7EF960CB3D58->c9f1298e-d840-49d8-aac3-de81602aa1d5@group-E9810A644481, cid=2680, SUCCESS, logIndex=3698, commits[c9f1298e-d840-49d8-aac3-de81602aa1d5:c3698]
2019-08-30 23:40:19,004 [grpc-default-executor-1] INFO  client.GrpcClientProtocolClient (GrpcClientProtocolClient.java:onNext(255)) - client-7EF960CB3D58->c9f1298e-d840-49d8-aac3-de81602aa1d5: receive RaftClientReply:client-7EF960CB3D58->c9f1298e-d840-49d8-aac3-de81602aa1d5@group-E9810A644481, cid=2681, SUCCESS, logIndex=3700, commits[c9f1298e-d840-49d8-aac3-de81602aa1d5:c3701]
2019-08-30 23:40:19,004 [grpc-default-executor-1] INFO  client.GrpcClientProtocolClient (GrpcClientProtocolClient.java:onNext(255)) - client-7EF960CB3D58->c9f1298e-d840-49d8-aac3-de81602aa1d5: receive RaftClientReply:client-7EF960CB3D58->c9f1298e-d840-49d8-aac3-de81602aa1d5@group-E9810A644481, cid=2682, SUCCESS, logIndex=3701, commits[c9f1298e-d840-49d8-aac3-de81602aa1d5:c3703]
2019-08-30 23:40:19,004 [grpc-default-executor-1] INFO  client.GrpcClientProtocolClient (GrpcClientProtocolClient.java:onNext(255)) - client-7EF960CB3D58->c9f1298e-d840-49d8-aac3-de81602aa1d5: receive RaftClientReply:client-7EF960CB3D58->c9f1298e-d840-49d8-aac3-de81602aa1d5@group-E9810A644481, cid=2683, SUCCESS, logIndex=3702, commits[c9f1298e-d840-49d8-aac3-de81602aa1d5:c3703]
2019-08-30 23:40:19,005 [grpc-default-executor-1] INFO  client.GrpcClientProtocolClient (GrpcClientProtocolClient.java:onNext(255)) - client-7EF960CB3D58->c9f1298e-d840-49d8-aac3-de81602aa1d5: receive RaftClientReply:client-7EF960CB3D58->c9f1298e-d840-49d8-aac3-de81602aa1d5@group-E9810A644481, cid=2684, SUCCESS, logIndex=3703, commits[c9f1298e-d840-49d8-aac3-de81602aa1d5:c3704]
2019-08-30 23:40:19,037 [grpc-default-executor-1] INFO  client.GrpcClientProtocolClient (GrpcClientProtocolClient.java:onNext(255)) - client-7EF960CB3D58->c9f1298e-d840-49d8-aac3-de81602aa1d5: receive RaftClientReply:client-7EF960CB3D58->c9f1298e-d840-49d8-aac3-de81602aa1d5@group-E9810A644481, cid=2685, SUCCESS, logIndex=3706, commits[c9f1298e-d840-49d8-aac3-de81602aa1d5:c3707]
2019-08-30 23:40:19,038 [grpc-default-executor-1] INFO  client.GrpcClientProtocolClient (GrpcClientProtocolClient.java:onNext(255)) - client-7EF960CB3D58->c9f1298e-d840-49d8-aac3-de81602aa1d5: receive RaftClientReply:client-7EF960CB3D58->c9f1298e-d840-49d8-aac3-de81602aa1d5@group-E9810A644481, cid=2686, SUCCESS, logIndex=3707, commits[c9f1298e-d840-49d8-aac3-de81602aa1d5:c3707]
2019-08-30 23:40:19,055 [grpc-default-executor-1] INFO  client.GrpcClientProtocolClient (GrpcClientProtocolClient.java:onNext(255)) - client-7EF960CB3D58->c9f1298e-d840-49d8-aac3-de81602aa1d5: receive RaftClientReply:client-7EF960CB3D58->c9f1298e-d840-49d8-aac3-de81602aa1d5@group-E9810A644481, cid=2687, SUCCESS, logIndex=3708, commits[c9f1298e-d840-49d8-aac3-de81602aa1d5:c3709]
2019-08-30 23:40:19,055 [grpc-default-executor-1] INFO  client.GrpcClientProtocolClient (GrpcClientProtocolClient.java:onNext(255)) - client-7EF960CB3D58->c9f1298e-d840-49d8-aac3-de81602aa1d5: receive RaftClientReply:client-7EF960CB3D58->c9f1298e-d840-49d8-aac3-de81602aa1d5@group-E9810A644481, cid=2688, SUCCESS, logIndex=3709, commits[c9f1298e-d840-49d8-aac3-de81602aa1d5:c3711]
2019-08-30 23:40:19,069 [SCMBlockDeletingService#0] DEBUG block.SCMBlockDeletingService (SCMBlockDeletingService.java:call(138)) - Running DeletedBlockTransactionScanner
2019-08-30 23:40:19,070 [SCMBlockDeletingService#0] DEBUG block.SCMBlockDeletingService (SCMBlockDeletingService.java:call(155)) - Scanned deleted blocks log and got 0 delTX to process.
2019-08-30 23:40:19,077 [grpc-default-executor-0] INFO  client.GrpcClientProtocolClient (GrpcClientProtocolClient.java:onNext(255)) - client-7EF960CB3D58->c9f1298e-d840-49d8-aac3-de81602aa1d5: receive RaftClientReply:client-7EF960CB3D58->c9f1298e-d840-49d8-aac3-de81602aa1d5@group-E9810A644481, cid=2689, SUCCESS, logIndex=3712, commits[c9f1298e-d840-49d8-aac3-de81602aa1d5:c3713]
2019-08-30 23:40:19,077 [grpc-default-executor-0] INFO  client.GrpcClientProtocolClient (GrpcClientProtocolClient.java:onNext(255)) - client-7EF960CB3D58->c9f1298e-d840-49d8-aac3-de81602aa1d5: receive RaftClientReply:client-7EF960CB3D58->c9f1298e-d840-49d8-aac3-de81602aa1d5@group-E9810A644481, cid=2690, SUCCESS, logIndex=3713, commits[c9f1298e-d840-49d8-aac3-de81602aa1d5:c3713]
2019-08-30 23:40:19,108 [grpc-default-executor-0] INFO  client.GrpcClientProtocolClient (GrpcClientProtocolClient.java:onNext(255)) - client-7EF960CB3D58->c9f1298e-d840-49d8-aac3-de81602aa1d5: receive RaftClientReply:client-7EF960CB3D58->c9f1298e-d840-49d8-aac3-de81602aa1d5@group-E9810A644481, cid=2691, SUCCESS, logIndex=3714, commits[c9f1298e-d840-49d8-aac3-de81602aa1d5:c3716]
2019-08-30 23:40:19,108 [grpc-default-executor-0] INFO  client.GrpcClientProtocolClient (GrpcClientProtocolClient.java:onNext(255)) - client-7EF960CB3D58->c9f1298e-d840-49d8-aac3-de81602aa1d5: receive RaftClientReply:client-7EF960CB3D58->c9f1298e-d840-49d8-aac3-de81602aa1d5@group-E9810A644481, cid=2692, SUCCESS, logIndex=3715, commits[c9f1298e-d840-49d8-aac3-de81602aa1d5:c3716]
2019-08-30 23:40:19,120 [grpc-default-executor-0] INFO  client.GrpcClientProtocolClient (GrpcClientProtocolClient.java:onNext(255)) - client-7EF960CB3D58->c9f1298e-d840-49d8-aac3-de81602aa1d5: receive RaftClientReply:client-7EF960CB3D58->c9f1298e-d840-49d8-aac3-de81602aa1d5@group-E9810A644481, cid=2693, SUCCESS, logIndex=3717, commits[c9f1298e-d840-49d8-aac3-de81602aa1d5:c3718]
2019-08-30 23:40:19,120 [grpc-default-executor-0] INFO  client.GrpcClientProtocolClient (GrpcClientProtocolClient.java:onNext(255)) - client-7EF960CB3D58->c9f1298e-d840-49d8-aac3-de81602aa1d5: receive RaftClientReply:client-7EF960CB3D58->c9f1298e-d840-49d8-aac3-de81602aa1d5@group-E9810A644481, cid=2694, SUCCESS, logIndex=3718, commits[c9f1298e-d840-49d8-aac3-de81602aa1d5:c3718]
2019-08-30 23:40:19,125 [grpc-default-executor-0] INFO  client.GrpcClientProtocolClient (GrpcClientProtocolClient.java:onNext(255)) - client-7EF960CB3D58->c9f1298e-d840-49d8-aac3-de81602aa1d5: receive RaftClientReply:client-7EF960CB3D58->c9f1298e-d840-49d8-aac3-de81602aa1d5@group-E9810A644481, cid=2695, SUCCESS, logIndex=3719, commits[c9f1298e-d840-49d8-aac3-de81602aa1d5:c3721]
2019-08-30 23:40:19,125 [grpc-default-executor-0] INFO  client.GrpcClientProtocolClient (GrpcClientProtocolClient.java:onNext(255)) - client-7EF960CB3D58->c9f1298e-d840-49d8-aac3-de81602aa1d5: receive RaftClientReply:client-7EF960CB3D58->c9f1298e-d840-49d8-aac3-de81602aa1d5@group-E9810A644481, cid=2696, SUCCESS, logIndex=3720, commits[c9f1298e-d840-49d8-aac3-de81602aa1d5:c3721]
2019-08-30 23:40:19,266 [SCMBlockDeletingService#0] DEBUG block.SCMBlockDeletingService (SCMBlockDeletingService.java:call(138)) - Running DeletedBlockTransactionScanner
2019-08-30 23:40:19,266 [SCMBlockDeletingService#0] DEBUG block.SCMBlockDeletingService (SCMBlockDeletingService.java:call(155)) - Scanned deleted blocks log and got 0 delTX to process.
2019-08-30 23:40:19,367 [SCMBlockDeletingService#0] DEBUG block.SCMBlockDeletingService (SCMBlockDeletingService.java:call(138)) - Running DeletedBlockTransactionScanner
2019-08-30 23:40:19,367 [SCMBlockDeletingService#0] DEBUG block.SCMBlockDeletingService (SCMBlockDeletingService.java:call(155)) - Scanned deleted blocks log and got 0 delTX to process.
2019-08-30 23:40:19,457 [grpc-default-executor-1] INFO  client.GrpcClientProtocolClient (GrpcClientProtocolClient.java:onNext(255)) - client-7EF960CB3D58->c9f1298e-d840-49d8-aac3-de81602aa1d5: receive RaftClientReply:client-7EF960CB3D58->c9f1298e-d840-49d8-aac3-de81602aa1d5@group-E9810A644481, cid=2697, SUCCESS, logIndex=3722, commits[c9f1298e-d840-49d8-aac3-de81602aa1d5:c3725]
2019-08-30 23:40:19,458 [grpc-default-executor-1] INFO  client.GrpcClientProtocolClient (GrpcClientProtocolClient.java:onNext(255)) - client-7EF960CB3D58->c9f1298e-d840-49d8-aac3-de81602aa1d5: receive RaftClientReply:client-7EF960CB3D58->c9f1298e-d840-49d8-aac3-de81602aa1d5@group-E9810A644481, cid=2698, SUCCESS, logIndex=3723, commits[c9f1298e-d840-49d8-aac3-de81602aa1d5:c3726]
2019-08-30 23:40:19,458 [grpc-default-executor-1] INFO  client.GrpcClientProtocolClient (GrpcClientProtocolClient.java:onNext(255)) - client-7EF960CB3D58->c9f1298e-d840-49d8-aac3-de81602aa1d5: receive RaftClientReply:client-7EF960CB3D58->c9f1298e-d840-49d8-aac3-de81602aa1d5@group-E9810A644481, cid=2699, SUCCESS, logIndex=3724, commits[c9f1298e-d840-49d8-aac3-de81602aa1d5:c3726]
2019-08-30 23:40:19,459 [grpc-default-executor-1] INFO  client.GrpcClientProtocolClient (GrpcClientProtocolClient.java:onNext(255)) - client-7EF960CB3D58->c9f1298e-d840-49d8-aac3-de81602aa1d5: receive RaftClientReply:client-7EF960CB3D58->c9f1298e-d840-49d8-aac3-de81602aa1d5@group-E9810A644481, cid=2700, SUCCESS, logIndex=3725, commits[c9f1298e-d840-49d8-aac3-de81602aa1d5:c3726]
2019-08-30 23:40:19,467 [SCMBlockDeletingService#1] DEBUG block.SCMBlockDeletingService (SCMBlockDeletingService.java:call(138)) - Running DeletedBlockTransactionScanner
2019-08-30 23:40:19,468 [SCMBlockDeletingService#1] DEBUG block.SCMBlockDeletingService (SCMBlockDeletingService.java:call(155)) - Scanned deleted blocks log and got 0 delTX to process.
2019-08-30 23:40:19,475 [grpc-default-executor-1] INFO  client.GrpcClientProtocolClient (GrpcClientProtocolClient.java:onNext(255)) - client-7EF960CB3D58->c9f1298e-d840-49d8-aac3-de81602aa1d5: receive RaftClientReply:client-7EF960CB3D58->c9f1298e-d840-49d8-aac3-de81602aa1d5@group-E9810A644481, cid=2701, SUCCESS, logIndex=3727, commits[c9f1298e-d840-49d8-aac3-de81602aa1d5:c3730]
2019-08-30 23:40:19,475 [grpc-default-executor-1] INFO  client.GrpcClientProtocolClient (GrpcClientProtocolClient.java:onNext(255)) - client-7EF960CB3D58->c9f1298e-d840-49d8-aac3-de81602aa1d5: receive RaftClientReply:client-7EF960CB3D58->c9f1298e-d840-49d8-aac3-de81602aa1d5@group-E9810A644481, cid=2702, SUCCESS, logIndex=3728, commits[c9f1298e-d840-49d8-aac3-de81602aa1d5:c3730]
2019-08-30 23:40:19,476 [grpc-default-executor-1] INFO  client.GrpcClientProtocolClient (GrpcClientProtocolClient.java:onNext(255)) - client-7EF960CB3D58->c9f1298e-d840-49d8-aac3-de81602aa1d5: receive RaftClientReply:client-7EF960CB3D58->c9f1298e-d840-49d8-aac3-de81602aa1d5@group-E9810A644481, cid=2703, SUCCESS, logIndex=3729, commits[c9f1298e-d840-49d8-aac3-de81602aa1d5:c3731]
2019-08-30 23:40:19,476 [grpc-default-executor-1] INFO  client.GrpcClientProtocolClient (GrpcClientProtocolClient.java:onNext(255)) - client-7EF960CB3D58->c9f1298e-d840-49d8-aac3-de81602aa1d5: receive RaftClientReply:client-7EF960CB3D58->c9f1298e-d840-49d8-aac3-de81602aa1d5@group-E9810A644481, cid=2704, SUCCESS, logIndex=3730, commits[c9f1298e-d840-49d8-aac3-de81602aa1d5:c3731]
2019-08-30 23:40:19,509 [grpc-default-executor-1] INFO  client.GrpcClientProtocolClient (GrpcClientProtocolClient.java:onNext(255)) - client-7EF960CB3D58->c9f1298e-d840-49d8-aac3-de81602aa1d5: receive RaftClientReply:client-7EF960CB3D58->c9f1298e-d840-49d8-aac3-de81602aa1d5@group-E9810A644481, cid=2705, SUCCESS, logIndex=3732, commits[c9f1298e-d840-49d8-aac3-de81602aa1d5:c3733]
2019-08-30 23:40:19,510 [grpc-default-executor-1] INFO  client.GrpcClientProtocolClient (GrpcClientProtocolClient.java:onNext(255)) - client-7EF960CB3D58->c9f1298e-d840-49d8-aac3-de81602aa1d5: receive RaftClientReply:client-7EF960CB3D58->c9f1298e-d840-49d8-aac3-de81602aa1d5@group-E9810A644481, cid=2706, SUCCESS, logIndex=3733, commits[c9f1298e-d840-49d8-aac3-de81602aa1d5:c3735]
2019-08-30 23:40:19,510 [grpc-default-executor-1] INFO  client.GrpcClientProtocolClient (GrpcClientProtocolClient.java:onNext(255)) - client-7EF960CB3D58->c9f1298e-d840-49d8-aac3-de81602aa1d5: receive RaftClientReply:client-7EF960CB3D58->c9f1298e-d840-49d8-aac3-de81602aa1d5@group-E9810A644481, cid=2707, SUCCESS, logIndex=3734, commits[c9f1298e-d840-49d8-aac3-de81602aa1d5:c3736]
2019-08-30 23:40:19,510 [grpc-default-executor-1] INFO  client.GrpcClientProtocolClient (GrpcClientProtocolClient.java:onNext(255)) - client-7EF960CB3D58->c9f1298e-d840-49d8-aac3-de81602aa1d5: receive RaftClientReply:client-7EF960CB3D58->c9f1298e-d840-49d8-aac3-de81602aa1d5@group-E9810A644481, cid=2708, SUCCESS, logIndex=3735, commits[c9f1298e-d840-49d8-aac3-de81602aa1d5:c3736]
2019-08-30 23:40:19,535 [grpc-default-executor-0] INFO  client.GrpcClientProtocolClient (GrpcClientProtocolClient.java:onNext(255)) - client-7EF960CB3D58->c9f1298e-d840-49d8-aac3-de81602aa1d5: receive RaftClientReply:client-7EF960CB3D58->c9f1298e-d840-49d8-aac3-de81602aa1d5@group-E9810A644481, cid=2709, SUCCESS, logIndex=3738, commits[c9f1298e-d840-49d8-aac3-de81602aa1d5:c3739]
2019-08-30 23:40:19,535 [grpc-default-executor-0] INFO  client.GrpcClientProtocolClient (GrpcClientProtocolClient.java:onNext(255)) - client-7EF960CB3D58->c9f1298e-d840-49d8-aac3-de81602aa1d5: receive RaftClientReply:client-7EF960CB3D58->c9f1298e-d840-49d8-aac3-de81602aa1d5@group-E9810A644481, cid=2710, SUCCESS, logIndex=3739, commits[c9f1298e-d840-49d8-aac3-de81602aa1d5:c3739]
2019-08-30 23:40:19,536 [grpc-default-executor-0] INFO  client.GrpcClientProtocolClient (GrpcClientProtocolClient.java:onNext(255)) - client-7EF960CB3D58->c9f1298e-d840-49d8-aac3-de81602aa1d5: receive RaftClientReply:client-7EF960CB3D58->c9f1298e-d840-49d8-aac3-de81602aa1d5@group-E9810A644481, cid=2711, SUCCESS, logIndex=3740, commits[c9f1298e-d840-49d8-aac3-de81602aa1d5:c3741]
2019-08-30 23:40:19,536 [grpc-default-executor-0] INFO  client.GrpcClientProtocolClient (GrpcClientProtocolClient.java:onNext(255)) - client-7EF960CB3D58->c9f1298e-d840-49d8-aac3-de81602aa1d5: receive RaftClientReply:client-7EF960CB3D58->c9f1298e-d840-49d8-aac3-de81602aa1d5@group-E9810A644481, cid=2712, SUCCESS, logIndex=3741, commits[c9f1298e-d840-49d8-aac3-de81602aa1d5:c3741]
2019-08-30 23:40:19,561 [grpc-default-executor-1] INFO  client.GrpcClientProtocolClient (GrpcClientProtocolClient.java:onNext(255)) - client-7EF960CB3D58->c9f1298e-d840-49d8-aac3-de81602aa1d5: receive RaftClientReply:client-7EF960CB3D58->c9f1298e-d840-49d8-aac3-de81602aa1d5@group-E9810A644481, cid=2713, SUCCESS, logIndex=3744, commits[c9f1298e-d840-49d8-aac3-de81602aa1d5:c3745]
2019-08-30 23:40:19,561 [grpc-default-executor-1] INFO  client.GrpcClientProtocolClient (GrpcClientProtocolClient.java:onNext(255)) - client-7EF960CB3D58->c9f1298e-d840-49d8-aac3-de81602aa1d5: receive RaftClientReply:client-7EF960CB3D58->c9f1298e-d840-49d8-aac3-de81602aa1d5@group-E9810A644481, cid=2714, SUCCESS, logIndex=3745, commits[c9f1298e-d840-49d8-aac3-de81602aa1d5:c3747]
2019-08-30 23:40:19,562 [grpc-default-executor-1] INFO  client.GrpcClientProtocolClient (GrpcClientProtocolClient.java:onNext(255)) - client-7EF960CB3D58->c9f1298e-d840-49d8-aac3-de81602aa1d5: receive RaftClientReply:client-7EF960CB3D58->c9f1298e-d840-49d8-aac3-de81602aa1d5@group-E9810A644481, cid=2715, SUCCESS, logIndex=3746, commits[c9f1298e-d840-49d8-aac3-de81602aa1d5:c3748]
2019-08-30 23:40:19,562 [grpc-default-executor-1] INFO  client.GrpcClientProtocolClient (GrpcClientProtocolClient.java:onNext(255)) - client-7EF960CB3D58->c9f1298e-d840-49d8-aac3-de81602aa1d5: receive RaftClientReply:client-7EF960CB3D58->c9f1298e-d840-49d8-aac3-de81602aa1d5@group-E9810A644481, cid=2716, SUCCESS, logIndex=3747, commits[c9f1298e-d840-49d8-aac3-de81602aa1d5:c3748]
2019-08-30 23:40:19,568 [SCMBlockDeletingService#1] DEBUG block.SCMBlockDeletingService (SCMBlockDeletingService.java:call(138)) - Running DeletedBlockTransactionScanner
2019-08-30 23:40:19,568 [SCMBlockDeletingService#1] DEBUG block.SCMBlockDeletingService (SCMBlockDeletingService.java:call(155)) - Scanned deleted blocks log and got 0 delTX to process.
2019-08-30 23:40:19,575 [grpc-default-executor-0] INFO  client.GrpcClientProtocolClient (GrpcClientProtocolClient.java:onNext(255)) - client-7EF960CB3D58->c9f1298e-d840-49d8-aac3-de81602aa1d5: receive RaftClientReply:client-7EF960CB3D58->c9f1298e-d840-49d8-aac3-de81602aa1d5@group-E9810A644481, cid=2717, SUCCESS, logIndex=3750, commits[c9f1298e-d840-49d8-aac3-de81602aa1d5:c3751]
2019-08-30 23:40:19,576 [grpc-default-executor-0] INFO  client.GrpcClientProtocolClient (GrpcClientProtocolClient.java:onNext(255)) - client-7EF960CB3D58->c9f1298e-d840-49d8-aac3-de81602aa1d5: receive RaftClientReply:client-7EF960CB3D58->c9f1298e-d840-49d8-aac3-de81602aa1d5@group-E9810A644481, cid=2718, SUCCESS, logIndex=3751, commits[c9f1298e-d840-49d8-aac3-de81602aa1d5:c3753]
2019-08-30 23:40:19,576 [grpc-default-executor-0] INFO  client.GrpcClientProtocolClient (GrpcClientProtocolClient.java:onNext(255)) - client-7EF960CB3D58->c9f1298e-d840-49d8-aac3-de81602aa1d5: receive RaftClientReply:client-7EF960CB3D58->c9f1298e-d840-49d8-aac3-de81602aa1d5@group-E9810A644481, cid=2719, SUCCESS, logIndex=3752, commits[c9f1298e-d840-49d8-aac3-de81602aa1d5:c3753]
2019-08-30 23:40:19,577 [grpc-default-executor-0] INFO  client.GrpcClientProtocolClient (GrpcClientProtocolClient.java:onNext(255)) - client-7EF960CB3D58->c9f1298e-d840-49d8-aac3-de81602aa1d5: receive RaftClientReply:client-7EF960CB3D58->c9f1298e-d840-49d8-aac3-de81602aa1d5@group-E9810A644481, cid=2720, SUCCESS, logIndex=3753, commits[c9f1298e-d840-49d8-aac3-de81602aa1d5:c3754]
2019-08-30 23:40:19,611 [grpc-default-executor-0] INFO  client.GrpcClientProtocolClient (GrpcClientProtocolClient.java:onNext(255)) - client-7EF960CB3D58->c9f1298e-d840-49d8-aac3-de81602aa1d5: receive RaftClientReply:client-7EF960CB3D58->c9f1298e-d840-49d8-aac3-de81602aa1d5@group-E9810A644481, cid=2721, SUCCESS, logIndex=3756, commits[c9f1298e-d840-49d8-aac3-de81602aa1d5:c3757]
2019-08-30 23:40:19,612 [grpc-default-executor-0] INFO  client.GrpcClientProtocolClient (GrpcClientProtocolClient.java:onNext(255)) - client-7EF960CB3D58->c9f1298e-d840-49d8-aac3-de81602aa1d5: receive RaftClientReply:client-7EF960CB3D58->c9f1298e-d840-49d8-aac3-de81602aa1d5@group-E9810A644481, cid=2722, SUCCESS, logIndex=3757, commits[c9f1298e-d840-49d8-aac3-de81602aa1d5:c3757]
2019-08-30 23:40:19,623 [grpc-default-executor-0] INFO  client.GrpcClientProtocolClient (GrpcClientProtocolClient.java:onNext(255)) - client-7EF960CB3D58->c9f1298e-d840-49d8-aac3-de81602aa1d5: receive RaftClientReply:client-7EF960CB3D58->c9f1298e-d840-49d8-aac3-de81602aa1d5@group-E9810A644481, cid=2723, SUCCESS, logIndex=3758, commits[c9f1298e-d840-49d8-aac3-de81602aa1d5:c3759]
2019-08-30 23:40:19,623 [grpc-default-executor-0] INFO  client.GrpcClientProtocolClient (GrpcClientProtocolClient.java:onNext(255)) - client-7EF960CB3D58->c9f1298e-d840-49d8-aac3-de81602aa1d5: receive RaftClientReply:client-7EF960CB3D58->c9f1298e-d840-49d8-aac3-de81602aa1d5@group-E9810A644481, cid=2724, SUCCESS, logIndex=3759, commits[c9f1298e-d840-49d8-aac3-de81602aa1d5:c3759]
2019-08-30 23:40:19,643 [grpc-default-executor-0] INFO  client.GrpcClientProtocolClient (GrpcClientProtocolClient.java:onNext(255)) - client-7EF960CB3D58->c9f1298e-d840-49d8-aac3-de81602aa1d5: receive RaftClientReply:client-7EF960CB3D58->c9f1298e-d840-49d8-aac3-de81602aa1d5@group-E9810A644481, cid=2725, SUCCESS, logIndex=3762, commits[c9f1298e-d840-49d8-aac3-de81602aa1d5:c3765]
2019-08-30 23:40:19,644 [grpc-default-executor-0] INFO  client.GrpcClientProtocolClient (GrpcClientProtocolClient.java:onNext(255)) - client-7EF960CB3D58->c9f1298e-d840-49d8-aac3-de81602aa1d5: receive RaftClientReply:client-7EF960CB3D58->c9f1298e-d840-49d8-aac3-de81602aa1d5@group-E9810A644481, cid=2726, SUCCESS, logIndex=3763, commits[c9f1298e-d840-49d8-aac3-de81602aa1d5:c3766]
2019-08-30 23:40:19,644 [grpc-default-executor-0] INFO  client.GrpcClientProtocolClient (GrpcClientProtocolClient.java:onNext(255)) - client-7EF960CB3D58->c9f1298e-d840-49d8-aac3-de81602aa1d5: receive RaftClientReply:client-7EF960CB3D58->c9f1298e-d840-49d8-aac3-de81602aa1d5@group-E9810A644481, cid=2727, SUCCESS, logIndex=3764, commits[c9f1298e-d840-49d8-aac3-de81602aa1d5:c3766]
2019-08-30 23:40:19,644 [grpc-default-executor-0] INFO  client.GrpcClientProtocolClient (GrpcClientProtocolClient.java:onNext(255)) - client-7EF960CB3D58->c9f1298e-d840-49d8-aac3-de81602aa1d5: receive RaftClientReply:client-7EF960CB3D58->c9f1298e-d840-49d8-aac3-de81602aa1d5@group-E9810A644481, cid=2728, SUCCESS, logIndex=3765, commits[c9f1298e-d840-49d8-aac3-de81602aa1d5:c3766]
2019-08-30 23:40:19,666 [grpc-default-executor-0] INFO  client.GrpcClientProtocolClient (GrpcClientProtocolClient.java:onNext(255)) - client-7EF960CB3D58->c9f1298e-d840-49d8-aac3-de81602aa1d5: receive RaftClientReply:client-7EF960CB3D58->c9f1298e-d840-49d8-aac3-de81602aa1d5@group-E9810A644481, cid=2729, SUCCESS, logIndex=3767, commits[c9f1298e-d840-49d8-aac3-de81602aa1d5:c3768]
2019-08-30 23:40:19,667 [grpc-default-executor-0] INFO  client.GrpcClientProtocolClient (GrpcClientProtocolClient.java:onNext(255)) - client-7EF960CB3D58->c9f1298e-d840-49d8-aac3-de81602aa1d5: receive RaftClientReply:client-7EF960CB3D58->c9f1298e-d840-49d8-aac3-de81602aa1d5@group-E9810A644481, cid=2730, SUCCESS, logIndex=3768, commits[c9f1298e-d840-49d8-aac3-de81602aa1d5:c3768]
2019-08-30 23:40:19,667 [grpc-default-executor-0] INFO  client.GrpcClientProtocolClient (GrpcClientProtocolClient.java:onNext(255)) - client-7EF960CB3D58->c9f1298e-d840-49d8-aac3-de81602aa1d5: receive RaftClientReply:client-7EF960CB3D58->c9f1298e-d840-49d8-aac3-de81602aa1d5@group-E9810A644481, cid=2731, SUCCESS, logIndex=3769, commits[c9f1298e-d840-49d8-aac3-de81602aa1d5:c3770]
2019-08-30 23:40:19,667 [grpc-default-executor-0] INFO  client.GrpcClientProtocolClient (GrpcClientProtocolClient.java:onNext(255)) - client-7EF960CB3D58->c9f1298e-d840-49d8-aac3-de81602aa1d5: receive RaftClientReply:client-7EF960CB3D58->c9f1298e-d840-49d8-aac3-de81602aa1d5@group-E9810A644481, cid=2732, SUCCESS, logIndex=3770, commits[c9f1298e-d840-49d8-aac3-de81602aa1d5:c3771]
2019-08-30 23:40:19,668 [SCMBlockDeletingService#1] DEBUG block.SCMBlockDeletingService (SCMBlockDeletingService.java:call(138)) - Running DeletedBlockTransactionScanner
2019-08-30 23:40:19,669 [SCMBlockDeletingService#1] DEBUG block.SCMBlockDeletingService (SCMBlockDeletingService.java:call(155)) - Scanned deleted blocks log and got 0 delTX to process.
2019-08-30 23:40:19,680 [grpc-default-executor-0] INFO  client.GrpcClientProtocolClient (GrpcClientProtocolClient.java:onNext(255)) - client-7EF960CB3D58->c9f1298e-d840-49d8-aac3-de81602aa1d5: receive RaftClientReply:client-7EF960CB3D58->c9f1298e-d840-49d8-aac3-de81602aa1d5@group-E9810A644481, cid=2733, SUCCESS, logIndex=3773, commits[c9f1298e-d840-49d8-aac3-de81602aa1d5:c3776]
2019-08-30 23:40:19,681 [grpc-default-executor-0] INFO  client.GrpcClientProtocolClient (GrpcClientProtocolClient.java:onNext(255)) - client-7EF960CB3D58->c9f1298e-d840-49d8-aac3-de81602aa1d5: receive RaftClientReply:client-7EF960CB3D58->c9f1298e-d840-49d8-aac3-de81602aa1d5@group-E9810A644481, cid=2734, SUCCESS, logIndex=3774, commits[c9f1298e-d840-49d8-aac3-de81602aa1d5:c3776]
2019-08-30 23:40:19,681 [grpc-default-executor-0] INFO  client.GrpcClientProtocolClient (GrpcClientProtocolClient.java:onNext(255)) - client-7EF960CB3D58->c9f1298e-d840-49d8-aac3-de81602aa1d5: receive RaftClientReply:client-7EF960CB3D58->c9f1298e-d840-49d8-aac3-de81602aa1d5@group-E9810A644481, cid=2735, SUCCESS, logIndex=3775, commits[c9f1298e-d840-49d8-aac3-de81602aa1d5:c3777]
2019-08-30 23:40:19,681 [grpc-default-executor-0] INFO  client.GrpcClientProtocolClient (GrpcClientProtocolClient.java:onNext(255)) - client-7EF960CB3D58->c9f1298e-d840-49d8-aac3-de81602aa1d5: receive RaftClientReply:client-7EF960CB3D58->c9f1298e-d840-49d8-aac3-de81602aa1d5@group-E9810A644481, cid=2736, SUCCESS, logIndex=3776, commits[c9f1298e-d840-49d8-aac3-de81602aa1d5:c3777]
2019-08-30 23:40:19,703 [grpc-default-executor-0] INFO  client.GrpcClientProtocolClient (GrpcClientProtocolClient.java:onNext(255)) - client-7EF960CB3D58->c9f1298e-d840-49d8-aac3-de81602aa1d5: receive RaftClientReply:client-7EF960CB3D58->c9f1298e-d840-49d8-aac3-de81602aa1d5@group-E9810A644481, cid=2737, SUCCESS, logIndex=3778, commits[c9f1298e-d840-49d8-aac3-de81602aa1d5:c3781]
2019-08-30 23:40:19,703 [grpc-default-executor-0] INFO  client.GrpcClientProtocolClient (GrpcClientProtocolClient.java:onNext(255)) - client-7EF960CB3D58->c9f1298e-d840-49d8-aac3-de81602aa1d5: receive RaftClientReply:client-7EF960CB3D58->c9f1298e-d840-49d8-aac3-de81602aa1d5@group-E9810A644481, cid=2738, SUCCESS, logIndex=3779, commits[c9f1298e-d840-49d8-aac3-de81602aa1d5:c3781]
2019-08-30 23:40:19,703 [grpc-default-executor-0] INFO  client.GrpcClientProtocolClient (GrpcClientProtocolClient.java:onNext(255)) - client-7EF960CB3D58->c9f1298e-d840-49d8-aac3-de81602aa1d5: receive RaftClientReply:client-7EF960CB3D58->c9f1298e-d840-49d8-aac3-de81602aa1d5@group-E9810A644481, cid=2739, SUCCESS, logIndex=3780, commits[c9f1298e-d840-49d8-aac3-de81602aa1d5:c3782]
2019-08-30 23:40:19,704 [grpc-default-executor-0] INFO  client.GrpcClientProtocolClient (GrpcClientProtocolClient.java:onNext(255)) - client-7EF960CB3D58->c9f1298e-d840-49d8-aac3-de81602aa1d5: receive RaftClientReply:client-7EF960CB3D58->c9f1298e-d840-49d8-aac3-de81602aa1d5@group-E9810A644481, cid=2740, SUCCESS, logIndex=3781, commits[c9f1298e-d840-49d8-aac3-de81602aa1d5:c3782]
2019-08-30 23:40:19,769 [SCMBlockDeletingService#1] DEBUG block.SCMBlockDeletingService (SCMBlockDeletingService.java:call(138)) - Running DeletedBlockTransactionScanner
2019-08-30 23:40:19,771 [SCMBlockDeletingService#1] DEBUG block.SCMBlockDeletingService (SCMBlockDeletingService.java:call(155)) - Scanned deleted blocks log and got 0 delTX to process.
2019-08-30 23:40:19,817 [grpc-default-executor-1] INFO  client.GrpcClientProtocolClient (GrpcClientProtocolClient.java:onNext(255)) - client-7EF960CB3D58->c9f1298e-d840-49d8-aac3-de81602aa1d5: receive RaftClientReply:client-7EF960CB3D58->c9f1298e-d840-49d8-aac3-de81602aa1d5@group-E9810A644481, cid=2741, SUCCESS, logIndex=3783, commits[c9f1298e-d840-49d8-aac3-de81602aa1d5:c3787]
2019-08-30 23:40:19,818 [grpc-default-executor-1] INFO  client.GrpcClientProtocolClient (GrpcClientProtocolClient.java:onNext(255)) - client-7EF960CB3D58->c9f1298e-d840-49d8-aac3-de81602aa1d5: receive RaftClientReply:client-7EF960CB3D58->c9f1298e-d840-49d8-aac3-de81602aa1d5@group-E9810A644481, cid=2742, SUCCESS, logIndex=3784, commits[c9f1298e-d840-49d8-aac3-de81602aa1d5:c3787]
2019-08-30 23:40:19,818 [grpc-default-executor-1] INFO  client.GrpcClientProtocolClient (GrpcClientProtocolClient.java:onNext(255)) - client-7EF960CB3D58->c9f1298e-d840-49d8-aac3-de81602aa1d5: receive RaftClientReply:client-7EF960CB3D58->c9f1298e-d840-49d8-aac3-de81602aa1d5@group-E9810A644481, cid=2743, SUCCESS, logIndex=3785, commits[c9f1298e-d840-49d8-aac3-de81602aa1d5:c3787]
2019-08-30 23:40:19,818 [grpc-default-executor-1] INFO  client.GrpcClientProtocolClient (GrpcClientProtocolClient.java:onNext(255)) - client-7EF960CB3D58->c9f1298e-d840-49d8-aac3-de81602aa1d5: receive RaftClientReply:client-7EF960CB3D58->c9f1298e-d840-49d8-aac3-de81602aa1d5@group-E9810A644481, cid=2744, SUCCESS, logIndex=3786, commits[c9f1298e-d840-49d8-aac3-de81602aa1d5:c3787]
2019-08-30 23:40:19,846 [grpc-default-executor-1] INFO  client.GrpcClientProtocolClient (GrpcClientProtocolClient.java:onNext(255)) - client-7EF960CB3D58->c9f1298e-d840-49d8-aac3-de81602aa1d5: receive RaftClientReply:client-7EF960CB3D58->c9f1298e-d840-49d8-aac3-de81602aa1d5@group-E9810A644481, cid=2745, SUCCESS, logIndex=3788, commits[c9f1298e-d840-49d8-aac3-de81602aa1d5:c3791]
2019-08-30 23:40:19,846 [grpc-default-executor-1] INFO  client.GrpcClientProtocolClient (GrpcClientProtocolClient.java:onNext(255)) - client-7EF960CB3D58->c9f1298e-d840-49d8-aac3-de81602aa1d5: receive RaftClientReply:client-7EF960CB3D58->c9f1298e-d840-49d8-aac3-de81602aa1d5@group-E9810A644481, cid=2746, SUCCESS, logIndex=3789, commits[c9f1298e-d840-49d8-aac3-de81602aa1d5:c3792]
2019-08-30 23:40:19,847 [grpc-default-executor-1] INFO  client.GrpcClientProtocolClient (GrpcClientProtocolClient.java:onNext(255)) - client-7EF960CB3D58->c9f1298e-d840-49d8-aac3-de81602aa1d5: receive RaftClientReply:client-7EF960CB3D58->c9f1298e-d840-49d8-aac3-de81602aa1d5@group-E9810A644481, cid=2747, SUCCESS, logIndex=3790, commits[c9f1298e-d840-49d8-aac3-de81602aa1d5:c3792]
2019-08-30 23:40:19,847 [grpc-default-executor-1] INFO  client.GrpcClientProtocolClient (GrpcClientProtocolClient.java:onNext(255)) - client-7EF960CB3D58->c9f1298e-d840-49d8-aac3-de81602aa1d5: receive RaftClientReply:client-7EF960CB3D58->c9f1298e-d840-49d8-aac3-de81602aa1d5@group-E9810A644481, cid=2748, SUCCESS, logIndex=3791, commits[c9f1298e-d840-49d8-aac3-de81602aa1d5:c3792]
2019-08-30 23:40:19,871 [SCMBlockDeletingService#1] DEBUG block.SCMBlockDeletingService (SCMBlockDeletingService.java:call(138)) - Running DeletedBlockTransactionScanner
2019-08-30 23:40:19,871 [SCMBlockDeletingService#1] DEBUG block.SCMBlockDeletingService (SCMBlockDeletingService.java:call(155)) - Scanned deleted blocks log and got 0 delTX to process.
2019-08-30 23:40:19,873 [grpc-default-executor-1] INFO  client.GrpcClientProtocolClient (GrpcClientProtocolClient.java:onNext(255)) - client-7EF960CB3D58->c9f1298e-d840-49d8-aac3-de81602aa1d5: receive RaftClientReply:client-7EF960CB3D58->c9f1298e-d840-49d8-aac3-de81602aa1d5@group-E9810A644481, cid=2749, SUCCESS, logIndex=3793, commits[c9f1298e-d840-49d8-aac3-de81602aa1d5:c3796]
2019-08-30 23:40:19,873 [grpc-default-executor-1] INFO  client.GrpcClientProtocolClient (GrpcClientProtocolClient.java:onNext(255)) - client-7EF960CB3D58->c9f1298e-d840-49d8-aac3-de81602aa1d5: receive RaftClientReply:client-7EF960CB3D58->c9f1298e-d840-49d8-aac3-de81602aa1d5@group-E9810A644481, cid=2750, SUCCESS, logIndex=3794, commits[c9f1298e-d840-49d8-aac3-de81602aa1d5:c3796]
2019-08-30 23:40:19,874 [grpc-default-executor-1] INFO  client.GrpcClientProtocolClient (GrpcClientProtocolClient.java:onNext(255)) - client-7EF960CB3D58->c9f1298e-d840-49d8-aac3-de81602aa1d5: receive RaftClientReply:client-7EF960CB3D58->c9f1298e-d840-49d8-aac3-de81602aa1d5@group-E9810A644481, cid=2751, SUCCESS, logIndex=3795, commits[c9f1298e-d840-49d8-aac3-de81602aa1d5:c3796]
2019-08-30 23:40:19,874 [grpc-default-executor-1] INFO  client.GrpcClientProtocolClient (GrpcClientProtocolClient.java:onNext(255)) - client-7EF960CB3D58->c9f1298e-d840-49d8-aac3-de81602aa1d5: receive RaftClientReply:client-7EF960CB3D58->c9f1298e-d840-49d8-aac3-de81602aa1d5@group-E9810A644481, cid=2752, SUCCESS, logIndex=3796, commits[c9f1298e-d840-49d8-aac3-de81602aa1d5:c3796]
2019-08-30 23:40:19,946 [grpc-default-executor-1] INFO  client.GrpcClientProtocolClient (GrpcClientProtocolClient.java:onNext(255)) - client-7EF960CB3D58->c9f1298e-d840-49d8-aac3-de81602aa1d5: receive RaftClientReply:client-7EF960CB3D58->c9f1298e-d840-49d8-aac3-de81602aa1d5@group-E9810A644481, cid=2753, SUCCESS, logIndex=3798, commits[c9f1298e-d840-49d8-aac3-de81602aa1d5:c3801]
2019-08-30 23:40:19,947 [grpc-default-executor-1] INFO  client.GrpcClientProtocolClient (GrpcClientProtocolClient.java:onNext(255)) - client-7EF960CB3D58->c9f1298e-d840-49d8-aac3-de81602aa1d5: receive RaftClientReply:client-7EF960CB3D58->c9f1298e-d840-49d8-aac3-de81602aa1d5@group-E9810A644481, cid=2754, SUCCESS, logIndex=3799, commits[c9f1298e-d840-49d8-aac3-de81602aa1d5:c3802]
2019-08-30 23:40:19,947 [grpc-default-executor-1] INFO  client.GrpcClientProtocolClient (GrpcClientProtocolClient.java:onNext(255)) - client-7EF960CB3D58->c9f1298e-d840-49d8-aac3-de81602aa1d5: receive RaftClientReply:client-7EF960CB3D58->c9f1298e-d840-49d8-aac3-de81602aa1d5@group-E9810A644481, cid=2755, SUCCESS, logIndex=3800, commits[c9f1298e-d840-49d8-aac3-de81602aa1d5:c3802]
2019-08-30 23:40:19,948 [grpc-default-executor-1] INFO  client.GrpcClientProtocolClient (GrpcClientProtocolClient.java:onNext(255)) - client-7EF960CB3D58->c9f1298e-d840-49d8-aac3-de81602aa1d5: receive RaftClientReply:client-7EF960CB3D58->c9f1298e-d840-49d8-aac3-de81602aa1d5@group-E9810A644481, cid=2756, SUCCESS, logIndex=3801, commits[c9f1298e-d840-49d8-aac3-de81602aa1d5:c3802]
2019-08-30 23:40:19,971 [SCMBlockDeletingService#1] DEBUG block.SCMBlockDeletingService (SCMBlockDeletingService.java:call(138)) - Running DeletedBlockTransactionScanner
2019-08-30 23:40:19,972 [SCMBlockDeletingService#1] DEBUG block.SCMBlockDeletingService (SCMBlockDeletingService.java:call(155)) - Scanned deleted blocks log and got 0 delTX to process.
2019-08-30 23:40:19,975 [grpc-default-executor-1] INFO  client.GrpcClientProtocolClient (GrpcClientProtocolClient.java:onNext(255)) - client-7EF960CB3D58->c9f1298e-d840-49d8-aac3-de81602aa1d5: receive RaftClientReply:client-7EF960CB3D58->c9f1298e-d840-49d8-aac3-de81602aa1d5@group-E9810A644481, cid=2757, SUCCESS, logIndex=3803, commits[c9f1298e-d840-49d8-aac3-de81602aa1d5:c3806]
2019-08-30 23:40:19,975 [grpc-default-executor-1] INFO  client.GrpcClientProtocolClient (GrpcClientProtocolClient.java:onNext(255)) - client-7EF960CB3D58->c9f1298e-d840-49d8-aac3-de81602aa1d5: receive RaftClientReply:client-7EF960CB3D58->c9f1298e-d840-49d8-aac3-de81602aa1d5@group-E9810A644481, cid=2758, SUCCESS, logIndex=3804, commits[c9f1298e-d840-49d8-aac3-de81602aa1d5:c3806]
2019-08-30 23:40:19,975 [grpc-default-executor-1] INFO  client.GrpcClientProtocolClient (GrpcClientProtocolClient.java:onNext(255)) - client-7EF960CB3D58->c9f1298e-d840-49d8-aac3-de81602aa1d5: receive RaftClientReply:client-7EF960CB3D58->c9f1298e-d840-49d8-aac3-de81602aa1d5@group-E9810A644481, cid=2759, SUCCESS, logIndex=3805, commits[c9f1298e-d840-49d8-aac3-de81602aa1d5:c3807]
2019-08-30 23:40:19,976 [grpc-default-executor-1] INFO  client.GrpcClientProtocolClient (GrpcClientProtocolClient.java:onNext(255)) - client-7EF960CB3D58->c9f1298e-d840-49d8-aac3-de81602aa1d5: receive RaftClientReply:client-7EF960CB3D58->c9f1298e-d840-49d8-aac3-de81602aa1d5@group-E9810A644481, cid=2760, SUCCESS, logIndex=3806, commits[c9f1298e-d840-49d8-aac3-de81602aa1d5:c3807]
2019-08-30 23:40:19,996 [grpc-default-executor-1] INFO  client.GrpcClientProtocolClient (GrpcClientProtocolClient.java:onNext(255)) - client-7EF960CB3D58->c9f1298e-d840-49d8-aac3-de81602aa1d5: receive RaftClientReply:client-7EF960CB3D58->c9f1298e-d840-49d8-aac3-de81602aa1d5@group-E9810A644481, cid=2761, SUCCESS, logIndex=3808, commits[c9f1298e-d840-49d8-aac3-de81602aa1d5:c3809]
2019-08-30 23:40:19,997 [grpc-default-executor-1] INFO  client.GrpcClientProtocolClient (GrpcClientProtocolClient.java:onNext(255)) - client-7EF960CB3D58->c9f1298e-d840-49d8-aac3-de81602aa1d5: receive RaftClientReply:client-7EF960CB3D58->c9f1298e-d840-49d8-aac3-de81602aa1d5@group-E9810A644481, cid=2762, SUCCESS, logIndex=3809, commits[c9f1298e-d840-49d8-aac3-de81602aa1d5:c3809]
2019-08-30 23:40:20,003 [grpc-default-executor-1] INFO  client.GrpcClientProtocolClient (GrpcClientProtocolClient.java:onNext(255)) - client-7EF960CB3D58->c9f1298e-d840-49d8-aac3-de81602aa1d5: receive RaftClientReply:client-7EF960CB3D58->c9f1298e-d840-49d8-aac3-de81602aa1d5@group-E9810A644481, cid=2763, SUCCESS, logIndex=3810, commits[c9f1298e-d840-49d8-aac3-de81602aa1d5:c3812]
2019-08-30 23:40:20,003 [grpc-default-executor-1] INFO  client.GrpcClientProtocolClient (GrpcClientProtocolClient.java:onNext(255)) - client-7EF960CB3D58->c9f1298e-d840-49d8-aac3-de81602aa1d5: receive RaftClientReply:client-7EF960CB3D58->c9f1298e-d840-49d8-aac3-de81602aa1d5@group-E9810A644481, cid=2764, SUCCESS, logIndex=3811, commits[c9f1298e-d840-49d8-aac3-de81602aa1d5:c3812]
2019-08-30 23:40:20,017 [grpc-default-executor-1] INFO  client.GrpcClientProtocolClient (GrpcClientProtocolClient.java:onNext(255)) - client-7EF960CB3D58->c9f1298e-d840-49d8-aac3-de81602aa1d5: receive RaftClientReply:client-7EF960CB3D58->c9f1298e-d840-49d8-aac3-de81602aa1d5@group-E9810A644481, cid=2765, SUCCESS, logIndex=3813, commits[c9f1298e-d840-49d8-aac3-de81602aa1d5:c3816]
2019-08-30 23:40:20,017 [grpc-default-executor-1] INFO  client.GrpcClientProtocolClient (GrpcClientProtocolClient.java:onNext(255)) - client-7EF960CB3D58->c9f1298e-d840-49d8-aac3-de81602aa1d5: receive RaftClientReply:client-7EF960CB3D58->c9f1298e-d840-49d8-aac3-de81602aa1d5@group-E9810A644481, cid=2766, SUCCESS, logIndex=3814, commits[c9f1298e-d840-49d8-aac3-de81602aa1d5:c3817]
2019-08-30 23:40:20,018 [grpc-default-executor-1] INFO  client.GrpcClientProtocolClient (GrpcClientProtocolClient.java:onNext(255)) - client-7EF960CB3D58->c9f1298e-d840-49d8-aac3-de81602aa1d5: receive RaftClientReply:client-7EF960CB3D58->c9f1298e-d840-49d8-aac3-de81602aa1d5@group-E9810A644481, cid=2767, SUCCESS, logIndex=3815, commits[c9f1298e-d840-49d8-aac3-de81602aa1d5:c3817]
2019-08-30 23:40:20,018 [grpc-default-executor-1] INFO  client.GrpcClientProtocolClient (GrpcClientProtocolClient.java:onNext(255)) - client-7EF960CB3D58->c9f1298e-d840-49d8-aac3-de81602aa1d5: receive RaftClientReply:client-7EF960CB3D58->c9f1298e-d840-49d8-aac3-de81602aa1d5@group-E9810A644481, cid=2768, SUCCESS, logIndex=3816, commits[c9f1298e-d840-49d8-aac3-de81602aa1d5:c3817]
2019-08-30 23:40:20,048 [grpc-default-executor-0] INFO  client.GrpcClientProtocolClient (GrpcClientProtocolClient.java:onNext(255)) - client-7EF960CB3D58->c9f1298e-d840-49d8-aac3-de81602aa1d5: receive RaftClientReply:client-7EF960CB3D58->c9f1298e-d840-49d8-aac3-de81602aa1d5@group-E9810A644481, cid=2769, SUCCESS, logIndex=3818, commits[c9f1298e-d840-49d8-aac3-de81602aa1d5:c3821]
2019-08-30 23:40:20,049 [grpc-default-executor-0] INFO  client.GrpcClientProtocolClient (GrpcClientProtocolClient.java:onNext(255)) - client-7EF960CB3D58->c9f1298e-d840-49d8-aac3-de81602aa1d5: receive RaftClientReply:client-7EF960CB3D58->c9f1298e-d840-49d8-aac3-de81602aa1d5@group-E9810A644481, cid=2770, SUCCESS, logIndex=3819, commits[c9f1298e-d840-49d8-aac3-de81602aa1d5:c3821]
2019-08-30 23:40:20,049 [grpc-default-executor-0] INFO  client.GrpcClientProtocolClient (GrpcClientProtocolClient.java:onNext(255)) - client-7EF960CB3D58->c9f1298e-d840-49d8-aac3-de81602aa1d5: receive RaftClientReply:client-7EF960CB3D58->c9f1298e-d840-49d8-aac3-de81602aa1d5@group-E9810A644481, cid=2771, SUCCESS, logIndex=3820, commits[c9f1298e-d840-49d8-aac3-de81602aa1d5:c3821]
2019-08-30 23:40:20,049 [grpc-default-executor-0] INFO  client.GrpcClientProtocolClient (GrpcClientProtocolClient.java:onNext(255)) - client-7EF960CB3D58->c9f1298e-d840-49d8-aac3-de81602aa1d5: receive RaftClientReply:client-7EF960CB3D58->c9f1298e-d840-49d8-aac3-de81602aa1d5@group-E9810A644481, cid=2772, SUCCESS, logIndex=3821, commits[c9f1298e-d840-49d8-aac3-de81602aa1d5:c3822]
2019-08-30 23:40:20,062 [grpc-default-executor-0] INFO  client.GrpcClientProtocolClient (GrpcClientProtocolClient.java:onNext(255)) - client-7EF960CB3D58->c9f1298e-d840-49d8-aac3-de81602aa1d5: receive RaftClientReply:client-7EF960CB3D58->c9f1298e-d840-49d8-aac3-de81602aa1d5@group-E9810A644481, cid=2773, SUCCESS, logIndex=3823, commits[c9f1298e-d840-49d8-aac3-de81602aa1d5:c3826]
2019-08-30 23:40:20,063 [grpc-default-executor-0] INFO  client.GrpcClientProtocolClient (GrpcClientProtocolClient.java:onNext(255)) - client-7EF960CB3D58->c9f1298e-d840-49d8-aac3-de81602aa1d5: receive RaftClientReply:client-7EF960CB3D58->c9f1298e-d840-49d8-aac3-de81602aa1d5@group-E9810A644481, cid=2774, SUCCESS, logIndex=3824, commits[c9f1298e-d840-49d8-aac3-de81602aa1d5:c3826]
2019-08-30 23:40:20,063 [grpc-default-executor-0] INFO  client.GrpcClientProtocolClient (GrpcClientProtocolClient.java:onNext(255)) - client-7EF960CB3D58->c9f1298e-d840-49d8-aac3-de81602aa1d5: receive RaftClientReply:client-7EF960CB3D58->c9f1298e-d840-49d8-aac3-de81602aa1d5@group-E9810A644481, cid=2775, SUCCESS, logIndex=3825, commits[c9f1298e-d840-49d8-aac3-de81602aa1d5:c3826]
2019-08-30 23:40:20,063 [grpc-default-executor-0] INFO  client.GrpcClientProtocolClient (GrpcClientProtocolClient.java:onNext(255)) - client-7EF960CB3D58->c9f1298e-d840-49d8-aac3-de81602aa1d5: receive RaftClientReply:client-7EF960CB3D58->c9f1298e-d840-49d8-aac3-de81602aa1d5@group-E9810A644481, cid=2776, SUCCESS, logIndex=3826, commits[c9f1298e-d840-49d8-aac3-de81602aa1d5:c3827]
2019-08-30 23:40:20,072 [SCMBlockDeletingService#1] DEBUG block.SCMBlockDeletingService (SCMBlockDeletingService.java:call(138)) - Running DeletedBlockTransactionScanner
2019-08-30 23:40:20,072 [SCMBlockDeletingService#1] DEBUG block.SCMBlockDeletingService (SCMBlockDeletingService.java:call(155)) - Scanned deleted blocks log and got 0 delTX to process.
2019-08-30 23:40:20,093 [grpc-default-executor-0] INFO  client.GrpcClientProtocolClient (GrpcClientProtocolClient.java:onNext(255)) - client-7EF960CB3D58->c9f1298e-d840-49d8-aac3-de81602aa1d5: receive RaftClientReply:client-7EF960CB3D58->c9f1298e-d840-49d8-aac3-de81602aa1d5@group-E9810A644481, cid=2777, SUCCESS, logIndex=3828, commits[c9f1298e-d840-49d8-aac3-de81602aa1d5:c3831]
2019-08-30 23:40:20,094 [grpc-default-executor-0] INFO  client.GrpcClientProtocolClient (GrpcClientProtocolClient.java:onNext(255)) - client-7EF960CB3D58->c9f1298e-d840-49d8-aac3-de81602aa1d5: receive RaftClientReply:client-7EF960CB3D58->c9f1298e-d840-49d8-aac3-de81602aa1d5@group-E9810A644481, cid=2778, SUCCESS, logIndex=3829, commits[c9f1298e-d840-49d8-aac3-de81602aa1d5:c3831]
2019-08-30 23:40:20,094 [grpc-default-executor-0] INFO  client.GrpcClientProtocolClient (GrpcClientProtocolClient.java:onNext(255)) - client-7EF960CB3D58->c9f1298e-d840-49d8-aac3-de81602aa1d5: receive RaftClientReply:client-7EF960CB3D58->c9f1298e-d840-49d8-aac3-de81602aa1d5@group-E9810A644481, cid=2779, SUCCESS, logIndex=3830, commits[c9f1298e-d840-49d8-aac3-de81602aa1d5:c3831]
2019-08-30 23:40:20,094 [grpc-default-executor-0] INFO  client.GrpcClientProtocolClient (GrpcClientProtocolClient.java:onNext(255)) - client-7EF960CB3D58->c9f1298e-d840-49d8-aac3-de81602aa1d5: receive RaftClientReply:client-7EF960CB3D58->c9f1298e-d840-49d8-aac3-de81602aa1d5@group-E9810A644481, cid=2780, SUCCESS, logIndex=3831, commits[c9f1298e-d840-49d8-aac3-de81602aa1d5:c3831]
2019-08-30 23:40:20,107 [grpc-default-executor-0] INFO  client.GrpcClientProtocolClient (GrpcClientProtocolClient.java:onNext(255)) - client-7EF960CB3D58->c9f1298e-d840-49d8-aac3-de81602aa1d5: receive RaftClientReply:client-7EF960CB3D58->c9f1298e-d840-49d8-aac3-de81602aa1d5@group-E9810A644481, cid=2781, SUCCESS, logIndex=3833, commits[c9f1298e-d840-49d8-aac3-de81602aa1d5:c3836]
2019-08-30 23:40:20,107 [grpc-default-executor-0] INFO  client.GrpcClientProtocolClient (GrpcClientProtocolClient.java:onNext(255)) - client-7EF960CB3D58->c9f1298e-d840-49d8-aac3-de81602aa1d5: receive RaftClientReply:client-7EF960CB3D58->c9f1298e-d840-49d8-aac3-de81602aa1d5@group-E9810A644481, cid=2782, SUCCESS, logIndex=3834, commits[c9f1298e-d840-49d8-aac3-de81602aa1d5:c3836]
2019-08-30 23:40:20,108 [grpc-default-executor-0] INFO  client.GrpcClientProtocolClient (GrpcClientProtocolClient.java:onNext(255)) - client-7EF960CB3D58->c9f1298e-d840-49d8-aac3-de81602aa1d5: receive RaftClientReply:client-7EF960CB3D58->c9f1298e-d840-49d8-aac3-de81602aa1d5@group-E9810A644481, cid=2783, SUCCESS, logIndex=3835, commits[c9f1298e-d840-49d8-aac3-de81602aa1d5:c3836]
2019-08-30 23:40:20,108 [grpc-default-executor-0] INFO  client.GrpcClientProtocolClient (GrpcClientProtocolClient.java:onNext(255)) - client-7EF960CB3D58->c9f1298e-d840-49d8-aac3-de81602aa1d5: receive RaftClientReply:client-7EF960CB3D58->c9f1298e-d840-49d8-aac3-de81602aa1d5@group-E9810A644481, cid=2784, SUCCESS, logIndex=3836, commits[c9f1298e-d840-49d8-aac3-de81602aa1d5:c3836]
2019-08-30 23:40:20,218 [SCMBlockDeletingService#1] DEBUG block.SCMBlockDeletingService (SCMBlockDeletingService.java:call(138)) - Running DeletedBlockTransactionScanner
2019-08-30 23:40:20,218 [SCMBlockDeletingService#1] DEBUG block.SCMBlockDeletingService (SCMBlockDeletingService.java:call(155)) - Scanned deleted blocks log and got 0 delTX to process.
2019-08-30 23:40:20,319 [SCMBlockDeletingService#1] DEBUG block.SCMBlockDeletingService (SCMBlockDeletingService.java:call(138)) - Running DeletedBlockTransactionScanner
2019-08-30 23:40:20,319 [SCMBlockDeletingService#1] DEBUG block.SCMBlockDeletingService (SCMBlockDeletingService.java:call(155)) - Scanned deleted blocks log and got 0 delTX to process.
2019-08-30 23:40:20,358 [grpc-default-executor-1] INFO  client.GrpcClientProtocolClient (GrpcClientProtocolClient.java:onNext(255)) - client-7EF960CB3D58->c9f1298e-d840-49d8-aac3-de81602aa1d5: receive RaftClientReply:client-7EF960CB3D58->c9f1298e-d840-49d8-aac3-de81602aa1d5@group-E9810A644481, cid=2785, SUCCESS, logIndex=3838, commits[c9f1298e-d840-49d8-aac3-de81602aa1d5:c3841]
2019-08-30 23:40:20,359 [grpc-default-executor-1] INFO  client.GrpcClientProtocolClient (GrpcClientProtocolClient.java:onNext(255)) - client-7EF960CB3D58->c9f1298e-d840-49d8-aac3-de81602aa1d5: receive RaftClientReply:client-7EF960CB3D58->c9f1298e-d840-49d8-aac3-de81602aa1d5@group-E9810A644481, cid=2786, SUCCESS, logIndex=3839, commits[c9f1298e-d840-49d8-aac3-de81602aa1d5:c3841]
2019-08-30 23:40:20,359 [grpc-default-executor-1] INFO  client.GrpcClientProtocolClient (GrpcClientProtocolClient.java:onNext(255)) - client-7EF960CB3D58->c9f1298e-d840-49d8-aac3-de81602aa1d5: receive RaftClientReply:client-7EF960CB3D58->c9f1298e-d840-49d8-aac3-de81602aa1d5@group-E9810A644481, cid=2787, SUCCESS, logIndex=3840, commits[c9f1298e-d840-49d8-aac3-de81602aa1d5:c3841]
2019-08-30 23:40:20,359 [grpc-default-executor-1] INFO  client.GrpcClientProtocolClient (GrpcClientProtocolClient.java:onNext(255)) - client-7EF960CB3D58->c9f1298e-d840-49d8-aac3-de81602aa1d5: receive RaftClientReply:client-7EF960CB3D58->c9f1298e-d840-49d8-aac3-de81602aa1d5@group-E9810A644481, cid=2788, SUCCESS, logIndex=3841, commits[c9f1298e-d840-49d8-aac3-de81602aa1d5:c3841]
2019-08-30 23:40:20,374 [grpc-default-executor-1] INFO  client.GrpcClientProtocolClient (GrpcClientProtocolClient.java:onNext(255)) - client-7EF960CB3D58->c9f1298e-d840-49d8-aac3-de81602aa1d5: receive RaftClientReply:client-7EF960CB3D58->c9f1298e-d840-49d8-aac3-de81602aa1d5@group-E9810A644481, cid=2789, SUCCESS, logIndex=3843, commits[c9f1298e-d840-49d8-aac3-de81602aa1d5:c3846]
2019-08-30 23:40:20,374 [grpc-default-executor-1] INFO  client.GrpcClientProtocolClient (GrpcClientProtocolClient.java:onNext(255)) - client-7EF960CB3D58->c9f1298e-d840-49d8-aac3-de81602aa1d5: receive RaftClientReply:client-7EF960CB3D58->c9f1298e-d840-49d8-aac3-de81602aa1d5@group-E9810A644481, cid=2790, SUCCESS, logIndex=3844, commits[c9f1298e-d840-49d8-aac3-de81602aa1d5:c3846]
2019-08-30 23:40:20,374 [grpc-default-executor-1] INFO  client.GrpcClientProtocolClient (GrpcClientProtocolClient.java:onNext(255)) - client-7EF960CB3D58->c9f1298e-d840-49d8-aac3-de81602aa1d5: receive RaftClientReply:client-7EF960CB3D58->c9f1298e-d840-49d8-aac3-de81602aa1d5@group-E9810A644481, cid=2791, SUCCESS, logIndex=3845, commits[c9f1298e-d840-49d8-aac3-de81602aa1d5:c3846]
2019-08-30 23:40:20,375 [grpc-default-executor-1] INFO  client.GrpcClientProtocolClient (GrpcClientProtocolClient.java:onNext(255)) - client-7EF960CB3D58->c9f1298e-d840-49d8-aac3-de81602aa1d5: receive RaftClientReply:client-7EF960CB3D58->c9f1298e-d840-49d8-aac3-de81602aa1d5@group-E9810A644481, cid=2792, SUCCESS, logIndex=3846, commits[c9f1298e-d840-49d8-aac3-de81602aa1d5:c3846]
2019-08-30 23:40:20,403 [grpc-default-executor-1] INFO  client.GrpcClientProtocolClient (GrpcClientProtocolClient.java:onNext(255)) - client-7EF960CB3D58->c9f1298e-d840-49d8-aac3-de81602aa1d5: receive RaftClientReply:client-7EF960CB3D58->c9f1298e-d840-49d8-aac3-de81602aa1d5@group-E9810A644481, cid=2793, SUCCESS, logIndex=3848, commits[c9f1298e-d840-49d8-aac3-de81602aa1d5:c3849]
2019-08-30 23:40:20,404 [grpc-default-executor-1] INFO  client.GrpcClientProtocolClient (GrpcClientProtocolClient.java:onNext(255)) - client-7EF960CB3D58->c9f1298e-d840-49d8-aac3-de81602aa1d5: receive RaftClientReply:client-7EF960CB3D58->c9f1298e-d840-49d8-aac3-de81602aa1d5@group-E9810A644481, cid=2794, SUCCESS, logIndex=3849, commits[c9f1298e-d840-49d8-aac3-de81602aa1d5:c3849]
2019-08-30 23:40:20,411 [grpc-default-executor-1] INFO  client.GrpcClientProtocolClient (GrpcClientProtocolClient.java:onNext(255)) - client-7EF960CB3D58->c9f1298e-d840-49d8-aac3-de81602aa1d5: receive RaftClientReply:client-7EF960CB3D58->c9f1298e-d840-49d8-aac3-de81602aa1d5@group-E9810A644481, cid=2795, SUCCESS, logIndex=3850, commits[c9f1298e-d840-49d8-aac3-de81602aa1d5:c3851]
2019-08-30 23:40:20,411 [grpc-default-executor-1] INFO  client.GrpcClientProtocolClient (GrpcClientProtocolClient.java:onNext(255)) - client-7EF960CB3D58->c9f1298e-d840-49d8-aac3-de81602aa1d5: receive RaftClientReply:client-7EF960CB3D58->c9f1298e-d840-49d8-aac3-de81602aa1d5@group-E9810A644481, cid=2796, SUCCESS, logIndex=3851, commits[c9f1298e-d840-49d8-aac3-de81602aa1d5:c3851]
2019-08-30 23:40:20,419 [SCMBlockDeletingService#1] DEBUG block.SCMBlockDeletingService (SCMBlockDeletingService.java:call(138)) - Running DeletedBlockTransactionScanner
2019-08-30 23:40:20,419 [SCMBlockDeletingService#1] DEBUG block.SCMBlockDeletingService (SCMBlockDeletingService.java:call(155)) - Scanned deleted blocks log and got 0 delTX to process.
2019-08-30 23:40:20,434 [grpc-default-executor-1] INFO  client.GrpcClientProtocolClient (GrpcClientProtocolClient.java:onNext(255)) - client-7EF960CB3D58->c9f1298e-d840-49d8-aac3-de81602aa1d5: receive RaftClientReply:client-7EF960CB3D58->c9f1298e-d840-49d8-aac3-de81602aa1d5@group-E9810A644481, cid=2797, SUCCESS, logIndex=3854, commits[c9f1298e-d840-49d8-aac3-de81602aa1d5:c3857]
2019-08-30 23:40:20,434 [grpc-default-executor-1] INFO  client.GrpcClientProtocolClient (GrpcClientProtocolClient.java:onNext(255)) - client-7EF960CB3D58->c9f1298e-d840-49d8-aac3-de81602aa1d5: receive RaftClientReply:client-7EF960CB3D58->c9f1298e-d840-49d8-aac3-de81602aa1d5@group-E9810A644481, cid=2798, SUCCESS, logIndex=3855, commits[c9f1298e-d840-49d8-aac3-de81602aa1d5:c3857]
2019-08-30 23:40:20,435 [grpc-default-executor-1] INFO  client.GrpcClientProtocolClient (GrpcClientProtocolClient.java:onNext(255)) - client-7EF960CB3D58->c9f1298e-d840-49d8-aac3-de81602aa1d5: receive RaftClientReply:client-7EF960CB3D58->c9f1298e-d840-49d8-aac3-de81602aa1d5@group-E9810A644481, cid=2799, SUCCESS, logIndex=3856, commits[c9f1298e-d840-49d8-aac3-de81602aa1d5:c3857]
2019-08-30 23:40:20,435 [grpc-default-executor-1] INFO  client.GrpcClientProtocolClient (GrpcClientProtocolClient.java:onNext(255)) - client-7EF960CB3D58->c9f1298e-d840-49d8-aac3-de81602aa1d5: receive RaftClientReply:client-7EF960CB3D58->c9f1298e-d840-49d8-aac3-de81602aa1d5@group-E9810A644481, cid=2800, SUCCESS, logIndex=3857, commits[c9f1298e-d840-49d8-aac3-de81602aa1d5:c3857]
2019-08-30 23:40:20,464 [grpc-default-executor-0] INFO  client.GrpcClientProtocolClient (GrpcClientProtocolClient.java:onNext(255)) - client-7EF960CB3D58->c9f1298e-d840-49d8-aac3-de81602aa1d5: receive RaftClientReply:client-7EF960CB3D58->c9f1298e-d840-49d8-aac3-de81602aa1d5@group-E9810A644481, cid=2801, SUCCESS, logIndex=3859, commits[c9f1298e-d840-49d8-aac3-de81602aa1d5:c3862]
2019-08-30 23:40:20,465 [grpc-default-executor-0] INFO  client.GrpcClientProtocolClient (GrpcClientProtocolClient.java:onNext(255)) - client-7EF960CB3D58->c9f1298e-d840-49d8-aac3-de81602aa1d5: receive RaftClientReply:client-7EF960CB3D58->c9f1298e-d840-49d8-aac3-de81602aa1d5@group-E9810A644481, cid=2802, SUCCESS, logIndex=3860, commits[c9f1298e-d840-49d8-aac3-de81602aa1d5:c3862]
2019-08-30 23:40:20,465 [grpc-default-executor-0] INFO  client.GrpcClientProtocolClient (GrpcClientProtocolClient.java:onNext(255)) - client-7EF960CB3D58->c9f1298e-d840-49d8-aac3-de81602aa1d5: receive RaftClientReply:client-7EF960CB3D58->c9f1298e-d840-49d8-aac3-de81602aa1d5@group-E9810A644481, cid=2803, SUCCESS, logIndex=3861, commits[c9f1298e-d840-49d8-aac3-de81602aa1d5:c3862]
2019-08-30 23:40:20,465 [grpc-default-executor-0] INFO  client.GrpcClientProtocolClient (GrpcClientProtocolClient.java:onNext(255)) - client-7EF960CB3D58->c9f1298e-d840-49d8-aac3-de81602aa1d5: receive RaftClientReply:client-7EF960CB3D58->c9f1298e-d840-49d8-aac3-de81602aa1d5@group-E9810A644481, cid=2804, SUCCESS, logIndex=3862, commits[c9f1298e-d840-49d8-aac3-de81602aa1d5:c3862]
2019-08-30 23:40:20,494 [grpc-default-executor-0] INFO  client.GrpcClientProtocolClient (GrpcClientProtocolClient.java:onNext(255)) - client-7EF960CB3D58->c9f1298e-d840-49d8-aac3-de81602aa1d5: receive RaftClientReply:client-7EF960CB3D58->c9f1298e-d840-49d8-aac3-de81602aa1d5@group-E9810A644481, cid=2805, SUCCESS, logIndex=3864, commits[c9f1298e-d840-49d8-aac3-de81602aa1d5:c3867]
2019-08-30 23:40:20,494 [grpc-default-executor-0] INFO  client.GrpcClientProtocolClient (GrpcClientProtocolClient.java:onNext(255)) - client-7EF960CB3D58->c9f1298e-d840-49d8-aac3-de81602aa1d5: receive RaftClientReply:client-7EF960CB3D58->c9f1298e-d840-49d8-aac3-de81602aa1d5@group-E9810A644481, cid=2806, SUCCESS, logIndex=3865, commits[c9f1298e-d840-49d8-aac3-de81602aa1d5:c3867]
2019-08-30 23:40:20,495 [grpc-default-executor-0] INFO  client.GrpcClientProtocolClient (GrpcClientProtocolClient.java:onNext(255)) - client-7EF960CB3D58->c9f1298e-d840-49d8-aac3-de81602aa1d5: receive RaftClientReply:client-7EF960CB3D58->c9f1298e-d840-49d8-aac3-de81602aa1d5@group-E9810A644481, cid=2807, SUCCESS, logIndex=3866, commits[c9f1298e-d840-49d8-aac3-de81602aa1d5:c3867]
2019-08-30 23:40:20,495 [grpc-default-executor-0] INFO  client.GrpcClientProtocolClient (GrpcClientProtocolClient.java:onNext(255)) - client-7EF960CB3D58->c9f1298e-d840-49d8-aac3-de81602aa1d5: receive RaftClientReply:client-7EF960CB3D58->c9f1298e-d840-49d8-aac3-de81602aa1d5@group-E9810A644481, cid=2808, SUCCESS, logIndex=3867, commits[c9f1298e-d840-49d8-aac3-de81602aa1d5:c3867]
2019-08-30 23:40:20,520 [SCMBlockDeletingService#1] DEBUG block.SCMBlockDeletingService (SCMBlockDeletingService.java:call(138)) - Running DeletedBlockTransactionScanner
2019-08-30 23:40:20,520 [SCMBlockDeletingService#1] DEBUG block.SCMBlockDeletingService (SCMBlockDeletingService.java:call(155)) - Scanned deleted blocks log and got 0 delTX to process.
2019-08-30 23:40:20,531 [grpc-default-executor-1] INFO  client.GrpcClientProtocolClient (GrpcClientProtocolClient.java:onNext(255)) - client-7EF960CB3D58->c9f1298e-d840-49d8-aac3-de81602aa1d5: receive RaftClientReply:client-7EF960CB3D58->c9f1298e-d840-49d8-aac3-de81602aa1d5@group-E9810A644481, cid=2809, SUCCESS, logIndex=3869, commits[c9f1298e-d840-49d8-aac3-de81602aa1d5:c3872]
2019-08-30 23:40:20,532 [grpc-default-executor-1] INFO  client.GrpcClientProtocolClient (GrpcClientProtocolClient.java:onNext(255)) - client-7EF960CB3D58->c9f1298e-d840-49d8-aac3-de81602aa1d5: receive RaftClientReply:client-7EF960CB3D58->c9f1298e-d840-49d8-aac3-de81602aa1d5@group-E9810A644481, cid=2810, SUCCESS, logIndex=3870, commits[c9f1298e-d840-49d8-aac3-de81602aa1d5:c3872]
2019-08-30 23:40:20,532 [grpc-default-executor-1] INFO  client.GrpcClientProtocolClient (GrpcClientProtocolClient.java:onNext(255)) - client-7EF960CB3D58->c9f1298e-d840-49d8-aac3-de81602aa1d5: receive RaftClientReply:client-7EF960CB3D58->c9f1298e-d840-49d8-aac3-de81602aa1d5@group-E9810A644481, cid=2811, SUCCESS, logIndex=3871, commits[c9f1298e-d840-49d8-aac3-de81602aa1d5:c3872]
2019-08-30 23:40:20,532 [grpc-default-executor-1] INFO  client.GrpcClientProtocolClient (GrpcClientProtocolClient.java:onNext(255)) - client-7EF960CB3D58->c9f1298e-d840-49d8-aac3-de81602aa1d5: receive RaftClientReply:client-7EF960CB3D58->c9f1298e-d840-49d8-aac3-de81602aa1d5@group-E9810A644481, cid=2812, SUCCESS, logIndex=3872, commits[c9f1298e-d840-49d8-aac3-de81602aa1d5:c3872]
2019-08-30 23:40:20,568 [grpc-default-executor-1] INFO  client.GrpcClientProtocolClient (GrpcClientProtocolClient.java:onNext(255)) - client-7EF960CB3D58->c9f1298e-d840-49d8-aac3-de81602aa1d5: receive RaftClientReply:client-7EF960CB3D58->c9f1298e-d840-49d8-aac3-de81602aa1d5@group-E9810A644481, cid=2813, SUCCESS, logIndex=3874, commits[c9f1298e-d840-49d8-aac3-de81602aa1d5:c3877]
2019-08-30 23:40:20,569 [grpc-default-executor-1] INFO  client.GrpcClientProtocolClient (GrpcClientProtocolClient.java:onNext(255)) - client-7EF960CB3D58->c9f1298e-d840-49d8-aac3-de81602aa1d5: receive RaftClientReply:client-7EF960CB3D58->c9f1298e-d840-49d8-aac3-de81602aa1d5@group-E9810A644481, cid=2814, SUCCESS, logIndex=3875, commits[c9f1298e-d840-49d8-aac3-de81602aa1d5:c3877]
2019-08-30 23:40:20,569 [grpc-default-executor-1] INFO  client.GrpcClientProtocolClient (GrpcClientProtocolClient.java:onNext(255)) - client-7EF960CB3D58->c9f1298e-d840-49d8-aac3-de81602aa1d5: receive RaftClientReply:client-7EF960CB3D58->c9f1298e-d840-49d8-aac3-de81602aa1d5@group-E9810A644481, cid=2815, SUCCESS, logIndex=3876, commits[c9f1298e-d840-49d8-aac3-de81602aa1d5:c3877]
2019-08-30 23:40:20,570 [grpc-default-executor-1] INFO  client.GrpcClientProtocolClient (GrpcClientProtocolClient.java:onNext(255)) - client-7EF960CB3D58->c9f1298e-d840-49d8-aac3-de81602aa1d5: receive RaftClientReply:client-7EF960CB3D58->c9f1298e-d840-49d8-aac3-de81602aa1d5@group-E9810A644481, cid=2816, SUCCESS, logIndex=3877, commits[c9f1298e-d840-49d8-aac3-de81602aa1d5:c3877]
2019-08-30 23:40:20,594 [grpc-default-executor-1] INFO  client.GrpcClientProtocolClient (GrpcClientProtocolClient.java:onNext(255)) - client-7EF960CB3D58->c9f1298e-d840-49d8-aac3-de81602aa1d5: receive RaftClientReply:client-7EF960CB3D58->c9f1298e-d840-49d8-aac3-de81602aa1d5@group-E9810A644481, cid=2817, SUCCESS, logIndex=3879, commits[c9f1298e-d840-49d8-aac3-de81602aa1d5:c3882]
2019-08-30 23:40:20,595 [grpc-default-executor-1] INFO  client.GrpcClientProtocolClient (GrpcClientProtocolClient.java:onNext(255)) - client-7EF960CB3D58->c9f1298e-d840-49d8-aac3-de81602aa1d5: receive RaftClientReply:client-7EF960CB3D58->c9f1298e-d840-49d8-aac3-de81602aa1d5@group-E9810A644481, cid=2818, SUCCESS, logIndex=3880, commits[c9f1298e-d840-49d8-aac3-de81602aa1d5:c3882]
2019-08-30 23:40:20,595 [grpc-default-executor-1] INFO  client.GrpcClientProtocolClient (GrpcClientProtocolClient.java:onNext(255)) - client-7EF960CB3D58->c9f1298e-d840-49d8-aac3-de81602aa1d5: receive RaftClientReply:client-7EF960CB3D58->c9f1298e-d840-49d8-aac3-de81602aa1d5@group-E9810A644481, cid=2819, SUCCESS, logIndex=3881, commits[c9f1298e-d840-49d8-aac3-de81602aa1d5:c3882]
2019-08-30 23:40:20,595 [grpc-default-executor-1] INFO  client.GrpcClientProtocolClient (GrpcClientProtocolClient.java:onNext(255)) - client-7EF960CB3D58->c9f1298e-d840-49d8-aac3-de81602aa1d5: receive RaftClientReply:client-7EF960CB3D58->c9f1298e-d840-49d8-aac3-de81602aa1d5@group-E9810A644481, cid=2820, SUCCESS, logIndex=3882, commits[c9f1298e-d840-49d8-aac3-de81602aa1d5:c3882]
2019-08-30 23:40:20,607 [grpc-default-executor-0] INFO  client.GrpcClientProtocolClient (GrpcClientProtocolClient.java:onNext(255)) - client-7EF960CB3D58->c9f1298e-d840-49d8-aac3-de81602aa1d5: receive RaftClientReply:client-7EF960CB3D58->c9f1298e-d840-49d8-aac3-de81602aa1d5@group-E9810A644481, cid=2821, SUCCESS, logIndex=3884, commits[c9f1298e-d840-49d8-aac3-de81602aa1d5:c3885]
2019-08-30 23:40:20,608 [grpc-default-executor-0] INFO  client.GrpcClientProtocolClient (GrpcClientProtocolClient.java:onNext(255)) - client-7EF960CB3D58->c9f1298e-d840-49d8-aac3-de81602aa1d5: receive RaftClientReply:client-7EF960CB3D58->c9f1298e-d840-49d8-aac3-de81602aa1d5@group-E9810A644481, cid=2822, SUCCESS, logIndex=3885, commits[c9f1298e-d840-49d8-aac3-de81602aa1d5:c3885]
2019-08-30 23:40:20,611 [grpc-default-executor-0] INFO  client.GrpcClientProtocolClient (GrpcClientProtocolClient.java:onNext(255)) - client-7EF960CB3D58->c9f1298e-d840-49d8-aac3-de81602aa1d5: receive RaftClientReply:client-7EF960CB3D58->c9f1298e-d840-49d8-aac3-de81602aa1d5@group-E9810A644481, cid=2823, SUCCESS, logIndex=3886, commits[c9f1298e-d840-49d8-aac3-de81602aa1d5:c3887]
2019-08-30 23:40:20,611 [grpc-default-executor-0] INFO  client.GrpcClientProtocolClient (GrpcClientProtocolClient.java:onNext(255)) - client-7EF960CB3D58->c9f1298e-d840-49d8-aac3-de81602aa1d5: receive RaftClientReply:client-7EF960CB3D58->c9f1298e-d840-49d8-aac3-de81602aa1d5@group-E9810A644481, cid=2824, SUCCESS, logIndex=3887, commits[c9f1298e-d840-49d8-aac3-de81602aa1d5:c3887]
2019-08-30 23:40:20,620 [SCMBlockDeletingService#1] DEBUG block.SCMBlockDeletingService (SCMBlockDeletingService.java:call(138)) - Running DeletedBlockTransactionScanner
2019-08-30 23:40:20,621 [SCMBlockDeletingService#1] DEBUG block.SCMBlockDeletingService (SCMBlockDeletingService.java:call(155)) - Scanned deleted blocks log and got 0 delTX to process.
2019-08-30 23:40:20,635 [grpc-default-executor-1] INFO  client.GrpcClientProtocolClient (GrpcClientProtocolClient.java:onNext(255)) - client-7EF960CB3D58->c9f1298e-d840-49d8-aac3-de81602aa1d5: receive RaftClientReply:client-7EF960CB3D58->c9f1298e-d840-49d8-aac3-de81602aa1d5@group-E9810A644481, cid=2825, SUCCESS, logIndex=3890, commits[c9f1298e-d840-49d8-aac3-de81602aa1d5:c3893]
2019-08-30 23:40:20,636 [grpc-default-executor-1] INFO  client.GrpcClientProtocolClient (GrpcClientProtocolClient.java:onNext(255)) - client-7EF960CB3D58->c9f1298e-d840-49d8-aac3-de81602aa1d5: receive RaftClientReply:client-7EF960CB3D58->c9f1298e-d840-49d8-aac3-de81602aa1d5@group-E9810A644481, cid=2826, SUCCESS, logIndex=3891, commits[c9f1298e-d840-49d8-aac3-de81602aa1d5:c3893]
2019-08-30 23:40:20,636 [grpc-default-executor-1] INFO  client.GrpcClientProtocolClient (GrpcClientProtocolClient.java:onNext(255)) - client-7EF960CB3D58->c9f1298e-d840-49d8-aac3-de81602aa1d5: receive RaftClientReply:client-7EF960CB3D58->c9f1298e-d840-49d8-aac3-de81602aa1d5@group-E9810A644481, cid=2827, SUCCESS, logIndex=3892, commits[c9f1298e-d840-49d8-aac3-de81602aa1d5:c3893]
2019-08-30 23:40:20,636 [grpc-default-executor-1] INFO  client.GrpcClientProtocolClient (GrpcClientProtocolClient.java:onNext(255)) - client-7EF960CB3D58->c9f1298e-d840-49d8-aac3-de81602aa1d5: receive RaftClientReply:client-7EF960CB3D58->c9f1298e-d840-49d8-aac3-de81602aa1d5@group-E9810A644481, cid=2828, SUCCESS, logIndex=3893, commits[c9f1298e-d840-49d8-aac3-de81602aa1d5:c3893]
2019-08-30 23:40:20,721 [SCMBlockDeletingService#1] DEBUG block.SCMBlockDeletingService (SCMBlockDeletingService.java:call(138)) - Running DeletedBlockTransactionScanner
2019-08-30 23:40:20,721 [SCMBlockDeletingService#1] DEBUG block.SCMBlockDeletingService (SCMBlockDeletingService.java:call(155)) - Scanned deleted blocks log and got 0 delTX to process.
2019-08-30 23:40:20,736 [grpc-default-executor-1] INFO  client.GrpcClientProtocolClient (GrpcClientProtocolClient.java:onNext(255)) - client-7EF960CB3D58->c9f1298e-d840-49d8-aac3-de81602aa1d5: receive RaftClientReply:client-7EF960CB3D58->c9f1298e-d840-49d8-aac3-de81602aa1d5@group-E9810A644481, cid=2829, SUCCESS, logIndex=3895, commits[c9f1298e-d840-49d8-aac3-de81602aa1d5:c3896]
2019-08-30 23:40:20,737 [grpc-default-executor-1] INFO  client.GrpcClientProtocolClient (GrpcClientProtocolClient.java:onNext(255)) - client-7EF960CB3D58->c9f1298e-d840-49d8-aac3-de81602aa1d5: receive RaftClientReply:client-7EF960CB3D58->c9f1298e-d840-49d8-aac3-de81602aa1d5@group-E9810A644481, cid=2830, SUCCESS, logIndex=3896, commits[c9f1298e-d840-49d8-aac3-de81602aa1d5:c3896]
2019-08-30 23:40:20,745 [grpc-default-executor-1] INFO  client.GrpcClientProtocolClient (GrpcClientProtocolClient.java:onNext(255)) - client-7EF960CB3D58->c9f1298e-d840-49d8-aac3-de81602aa1d5: receive RaftClientReply:client-7EF960CB3D58->c9f1298e-d840-49d8-aac3-de81602aa1d5@group-E9810A644481, cid=2831, SUCCESS, logIndex=3897, commits[c9f1298e-d840-49d8-aac3-de81602aa1d5:c3898]
2019-08-30 23:40:20,745 [grpc-default-executor-1] INFO  client.GrpcClientProtocolClient (GrpcClientProtocolClient.java:onNext(255)) - client-7EF960CB3D58->c9f1298e-d840-49d8-aac3-de81602aa1d5: receive RaftClientReply:client-7EF960CB3D58->c9f1298e-d840-49d8-aac3-de81602aa1d5@group-E9810A644481, cid=2832, SUCCESS, logIndex=3898, commits[c9f1298e-d840-49d8-aac3-de81602aa1d5:c3898]
2019-08-30 23:40:20,777 [grpc-default-executor-1] INFO  client.GrpcClientProtocolClient (GrpcClientProtocolClient.java:onNext(255)) - client-7EF960CB3D58->c9f1298e-d840-49d8-aac3-de81602aa1d5: receive RaftClientReply:client-7EF960CB3D58->c9f1298e-d840-49d8-aac3-de81602aa1d5@group-E9810A644481, cid=2833, SUCCESS, logIndex=3901, commits[c9f1298e-d840-49d8-aac3-de81602aa1d5:c3904]
2019-08-30 23:40:20,777 [grpc-default-executor-1] INFO  client.GrpcClientProtocolClient (GrpcClientProtocolClient.java:onNext(255)) - client-7EF960CB3D58->c9f1298e-d840-49d8-aac3-de81602aa1d5: receive RaftClientReply:client-7EF960CB3D58->c9f1298e-d840-49d8-aac3-de81602aa1d5@group-E9810A644481, cid=2834, SUCCESS, logIndex=3902, commits[c9f1298e-d840-49d8-aac3-de81602aa1d5:c3904]
2019-08-30 23:40:20,778 [grpc-default-executor-1] INFO  client.GrpcClientProtocolClient (GrpcClientProtocolClient.java:onNext(255)) - client-7EF960CB3D58->c9f1298e-d840-49d8-aac3-de81602aa1d5: receive RaftClientReply:client-7EF960CB3D58->c9f1298e-d840-49d8-aac3-de81602aa1d5@group-E9810A644481, cid=2835, SUCCESS, logIndex=3903, commits[c9f1298e-d840-49d8-aac3-de81602aa1d5:c3904]
2019-08-30 23:40:20,778 [grpc-default-executor-1] INFO  client.GrpcClientProtocolClient (GrpcClientProtocolClient.java:onNext(255)) - client-7EF960CB3D58->c9f1298e-d840-49d8-aac3-de81602aa1d5: receive RaftClientReply:client-7EF960CB3D58->c9f1298e-d840-49d8-aac3-de81602aa1d5@group-E9810A644481, cid=2836, SUCCESS, logIndex=3904, commits[c9f1298e-d840-49d8-aac3-de81602aa1d5:c3905]
2019-08-30 23:40:20,806 [grpc-default-executor-1] INFO  client.GrpcClientProtocolClient (GrpcClientProtocolClient.java:onNext(255)) - client-7EF960CB3D58->c9f1298e-d840-49d8-aac3-de81602aa1d5: receive RaftClientReply:client-7EF960CB3D58->c9f1298e-d840-49d8-aac3-de81602aa1d5@group-E9810A644481, cid=2837, SUCCESS, logIndex=3906, commits[c9f1298e-d840-49d8-aac3-de81602aa1d5:c3909]
2019-08-30 23:40:20,806 [grpc-default-executor-1] INFO  client.GrpcClientProtocolClient (GrpcClientProtocolClient.java:onNext(255)) - client-7EF960CB3D58->c9f1298e-d840-49d8-aac3-de81602aa1d5: receive RaftClientReply:client-7EF960CB3D58->c9f1298e-d840-49d8-aac3-de81602aa1d5@group-E9810A644481, cid=2838, SUCCESS, logIndex=3907, commits[c9f1298e-d840-49d8-aac3-de81602aa1d5:c3909]
2019-08-30 23:40:20,806 [grpc-default-executor-1] INFO  client.GrpcClientProtocolClient (GrpcClientProtocolClient.java:onNext(255)) - client-7EF960CB3D58->c9f1298e-d840-49d8-aac3-de81602aa1d5: receive RaftClientReply:client-7EF960CB3D58->c9f1298e-d840-49d8-aac3-de81602aa1d5@group-E9810A644481, cid=2839, SUCCESS, logIndex=3908, commits[c9f1298e-d840-49d8-aac3-de81602aa1d5:c3910]
2019-08-30 23:40:20,807 [grpc-default-executor-1] INFO  client.GrpcClientProtocolClient (GrpcClientProtocolClient.java:onNext(255)) - client-7EF960CB3D58->c9f1298e-d840-49d8-aac3-de81602aa1d5: receive RaftClientReply:client-7EF960CB3D58->c9f1298e-d840-49d8-aac3-de81602aa1d5@group-E9810A644481, cid=2840, SUCCESS, logIndex=3909, commits[c9f1298e-d840-49d8-aac3-de81602aa1d5:c3910]
2019-08-30 23:40:20,822 [SCMBlockDeletingService#0] DEBUG block.SCMBlockDeletingService (SCMBlockDeletingService.java:call(138)) - Running DeletedBlockTransactionScanner
2019-08-30 23:40:20,822 [SCMBlockDeletingService#0] DEBUG block.SCMBlockDeletingService (SCMBlockDeletingService.java:call(155)) - Scanned deleted blocks log and got 0 delTX to process.
2019-08-30 23:40:20,835 [grpc-default-executor-1] INFO  client.GrpcClientProtocolClient (GrpcClientProtocolClient.java:onNext(255)) - client-7EF960CB3D58->c9f1298e-d840-49d8-aac3-de81602aa1d5: receive RaftClientReply:client-7EF960CB3D58->c9f1298e-d840-49d8-aac3-de81602aa1d5@group-E9810A644481, cid=2841, SUCCESS, logIndex=3911, commits[c9f1298e-d840-49d8-aac3-de81602aa1d5:c3912]
2019-08-30 23:40:20,835 [grpc-default-executor-1] INFO  client.GrpcClientProtocolClient (GrpcClientProtocolClient.java:onNext(255)) - client-7EF960CB3D58->c9f1298e-d840-49d8-aac3-de81602aa1d5: receive RaftClientReply:client-7EF960CB3D58->c9f1298e-d840-49d8-aac3-de81602aa1d5@group-E9810A644481, cid=2842, SUCCESS, logIndex=3912, commits[c9f1298e-d840-49d8-aac3-de81602aa1d5:c3912]
2019-08-30 23:40:20,843 [grpc-default-executor-1] INFO  client.GrpcClientProtocolClient (GrpcClientProtocolClient.java:onNext(255)) - client-7EF960CB3D58->c9f1298e-d840-49d8-aac3-de81602aa1d5: receive RaftClientReply:client-7EF960CB3D58->c9f1298e-d840-49d8-aac3-de81602aa1d5@group-E9810A644481, cid=2843, SUCCESS, logIndex=3913, commits[c9f1298e-d840-49d8-aac3-de81602aa1d5:c3914]
2019-08-30 23:40:20,843 [grpc-default-executor-1] INFO  client.GrpcClientProtocolClient (GrpcClientProtocolClient.java:onNext(255)) - client-7EF960CB3D58->c9f1298e-d840-49d8-aac3-de81602aa1d5: receive RaftClientReply:client-7EF960CB3D58->c9f1298e-d840-49d8-aac3-de81602aa1d5@group-E9810A644481, cid=2844, SUCCESS, logIndex=3914, commits[c9f1298e-d840-49d8-aac3-de81602aa1d5:c3914]
2019-08-30 23:40:20,860 [grpc-default-executor-0] INFO  client.GrpcClientProtocolClient (GrpcClientProtocolClient.java:onNext(255)) - client-7EF960CB3D58->c9f1298e-d840-49d8-aac3-de81602aa1d5: receive RaftClientReply:client-7EF960CB3D58->c9f1298e-d840-49d8-aac3-de81602aa1d5@group-E9810A644481, cid=2845, SUCCESS, logIndex=3917, commits[c9f1298e-d840-49d8-aac3-de81602aa1d5:c3920]
2019-08-30 23:40:20,861 [grpc-default-executor-0] INFO  client.GrpcClientProtocolClient (GrpcClientProtocolClient.java:onNext(255)) - client-7EF960CB3D58->c9f1298e-d840-49d8-aac3-de81602aa1d5: receive RaftClientReply:client-7EF960CB3D58->c9f1298e-d840-49d8-aac3-de81602aa1d5@group-E9810A644481, cid=2846, SUCCESS, logIndex=3918, commits[c9f1298e-d840-49d8-aac3-de81602aa1d5:c3920]
2019-08-30 23:40:20,861 [grpc-default-executor-0] INFO  client.GrpcClientProtocolClient (GrpcClientProtocolClient.java:onNext(255)) - client-7EF960CB3D58->c9f1298e-d840-49d8-aac3-de81602aa1d5: receive RaftClientReply:client-7EF960CB3D58->c9f1298e-d840-49d8-aac3-de81602aa1d5@group-E9810A644481, cid=2847, SUCCESS, logIndex=3919, commits[c9f1298e-d840-49d8-aac3-de81602aa1d5:c3920]
2019-08-30 23:40:20,862 [grpc-default-executor-0] INFO  client.GrpcClientProtocolClient (GrpcClientProtocolClient.java:onNext(255)) - client-7EF960CB3D58->c9f1298e-d840-49d8-aac3-de81602aa1d5: receive RaftClientReply:client-7EF960CB3D58->c9f1298e-d840-49d8-aac3-de81602aa1d5@group-E9810A644481, cid=2848, SUCCESS, logIndex=3920, commits[c9f1298e-d840-49d8-aac3-de81602aa1d5:c3920]
2019-08-30 23:40:20,890 [grpc-default-executor-0] INFO  client.GrpcClientProtocolClient (GrpcClientProtocolClient.java:onNext(255)) - client-7EF960CB3D58->c9f1298e-d840-49d8-aac3-de81602aa1d5: receive RaftClientReply:client-7EF960CB3D58->c9f1298e-d840-49d8-aac3-de81602aa1d5@group-E9810A644481, cid=2849, SUCCESS, logIndex=3922, commits[c9f1298e-d840-49d8-aac3-de81602aa1d5:c3925]
2019-08-30 23:40:20,890 [grpc-default-executor-0] INFO  client.GrpcClientProtocolClient (GrpcClientProtocolClient.java:onNext(255)) - client-7EF960CB3D58->c9f1298e-d840-49d8-aac3-de81602aa1d5: receive RaftClientReply:client-7EF960CB3D58->c9f1298e-d840-49d8-aac3-de81602aa1d5@group-E9810A644481, cid=2850, SUCCESS, logIndex=3923, commits[c9f1298e-d840-49d8-aac3-de81602aa1d5:c3925]
2019-08-30 23:40:20,891 [grpc-default-executor-0] INFO  client.GrpcClientProtocolClient (GrpcClientProtocolClient.java:onNext(255)) - client-7EF960CB3D58->c9f1298e-d840-49d8-aac3-de81602aa1d5: receive RaftClientReply:client-7EF960CB3D58->c9f1298e-d840-49d8-aac3-de81602aa1d5@group-E9810A644481, cid=2851, SUCCESS, logIndex=3924, commits[c9f1298e-d840-49d8-aac3-de81602aa1d5:c3925]
2019-08-30 23:40:20,891 [grpc-default-executor-0] INFO  client.GrpcClientProtocolClient (GrpcClientProtocolClient.java:onNext(255)) - client-7EF960CB3D58->c9f1298e-d840-49d8-aac3-de81602aa1d5: receive RaftClientReply:client-7EF960CB3D58->c9f1298e-d840-49d8-aac3-de81602aa1d5@group-E9810A644481, cid=2852, SUCCESS, logIndex=3925, commits[c9f1298e-d840-49d8-aac3-de81602aa1d5:c3925]
2019-08-30 23:40:20,912 [grpc-default-executor-1] INFO  client.GrpcClientProtocolClient (GrpcClientProtocolClient.java:onNext(255)) - client-7EF960CB3D58->c9f1298e-d840-49d8-aac3-de81602aa1d5: receive RaftClientReply:client-7EF960CB3D58->c9f1298e-d840-49d8-aac3-de81602aa1d5@group-E9810A644481, cid=2853, SUCCESS, logIndex=3927, commits[c9f1298e-d840-49d8-aac3-de81602aa1d5:c3928]
2019-08-30 23:40:20,912 [grpc-default-executor-1] INFO  client.GrpcClientProtocolClient (GrpcClientProtocolClient.java:onNext(255)) - client-7EF960CB3D58->c9f1298e-d840-49d8-aac3-de81602aa1d5: receive RaftClientReply:client-7EF960CB3D58->c9f1298e-d840-49d8-aac3-de81602aa1d5@group-E9810A644481, cid=2854, SUCCESS, logIndex=3928, commits[c9f1298e-d840-49d8-aac3-de81602aa1d5:c3928]
2019-08-30 23:40:20,912 [grpc-default-executor-1] INFO  client.GrpcClientProtocolClient (GrpcClientProtocolClient.java:onNext(255)) - client-7EF960CB3D58->c9f1298e-d840-49d8-aac3-de81602aa1d5: receive RaftClientReply:client-7EF960CB3D58->c9f1298e-d840-49d8-aac3-de81602aa1d5@group-E9810A644481, cid=2855, SUCCESS, logIndex=3929, commits[c9f1298e-d840-49d8-aac3-de81602aa1d5:c3930]
2019-08-30 23:40:20,913 [grpc-default-executor-1] INFO  client.GrpcClientProtocolClient (GrpcClientProtocolClient.java:onNext(255)) - client-7EF960CB3D58->c9f1298e-d840-49d8-aac3-de81602aa1d5: receive RaftClientReply:client-7EF960CB3D58->c9f1298e-d840-49d8-aac3-de81602aa1d5@group-E9810A644481, cid=2856, SUCCESS, logIndex=3930, commits[c9f1298e-d840-49d8-aac3-de81602aa1d5:c3930]
2019-08-30 23:40:20,922 [SCMBlockDeletingService#0] DEBUG block.SCMBlockDeletingService (SCMBlockDeletingService.java:call(138)) - Running DeletedBlockTransactionScanner
2019-08-30 23:40:20,923 [SCMBlockDeletingService#0] DEBUG block.SCMBlockDeletingService (SCMBlockDeletingService.java:call(155)) - Scanned deleted blocks log and got 0 delTX to process.
2019-08-30 23:40:20,941 [grpc-default-executor-1] INFO  client.GrpcClientProtocolClient (GrpcClientProtocolClient.java:onNext(255)) - client-7EF960CB3D58->c9f1298e-d840-49d8-aac3-de81602aa1d5: receive RaftClientReply:client-7EF960CB3D58->c9f1298e-d840-49d8-aac3-de81602aa1d5@group-E9810A644481, cid=2857, SUCCESS, logIndex=3933, commits[c9f1298e-d840-49d8-aac3-de81602aa1d5:c3936]
2019-08-30 23:40:20,942 [grpc-default-executor-1] INFO  client.GrpcClientProtocolClient (GrpcClientProtocolClient.java:onNext(255)) - client-7EF960CB3D58->c9f1298e-d840-49d8-aac3-de81602aa1d5: receive RaftClientReply:client-7EF960CB3D58->c9f1298e-d840-49d8-aac3-de81602aa1d5@group-E9810A644481, cid=2858, SUCCESS, logIndex=3934, commits[c9f1298e-d840-49d8-aac3-de81602aa1d5:c3936]
2019-08-30 23:40:20,942 [grpc-default-executor-1] INFO  client.GrpcClientProtocolClient (GrpcClientProtocolClient.java:onNext(255)) - client-7EF960CB3D58->c9f1298e-d840-49d8-aac3-de81602aa1d5: receive RaftClientReply:client-7EF960CB3D58->c9f1298e-d840-49d8-aac3-de81602aa1d5@group-E9810A644481, cid=2859, SUCCESS, logIndex=3935, commits[c9f1298e-d840-49d8-aac3-de81602aa1d5:c3936]
2019-08-30 23:40:20,943 [grpc-default-executor-1] INFO  client.GrpcClientProtocolClient (GrpcClientProtocolClient.java:onNext(255)) - client-7EF960CB3D58->c9f1298e-d840-49d8-aac3-de81602aa1d5: receive RaftClientReply:client-7EF960CB3D58->c9f1298e-d840-49d8-aac3-de81602aa1d5@group-E9810A644481, cid=2860, SUCCESS, logIndex=3936, commits[c9f1298e-d840-49d8-aac3-de81602aa1d5:c3936]
2019-08-30 23:40:20,973 [grpc-default-executor-0] INFO  client.GrpcClientProtocolClient (GrpcClientProtocolClient.java:onNext(255)) - client-7EF960CB3D58->c9f1298e-d840-49d8-aac3-de81602aa1d5: receive RaftClientReply:client-7EF960CB3D58->c9f1298e-d840-49d8-aac3-de81602aa1d5@group-E9810A644481, cid=2861, SUCCESS, logIndex=3938, commits[c9f1298e-d840-49d8-aac3-de81602aa1d5:c3939]
2019-08-30 23:40:20,973 [grpc-default-executor-0] INFO  client.GrpcClientProtocolClient (GrpcClientProtocolClient.java:onNext(255)) - client-7EF960CB3D58->c9f1298e-d840-49d8-aac3-de81602aa1d5: receive RaftClientReply:client-7EF960CB3D58->c9f1298e-d840-49d8-aac3-de81602aa1d5@group-E9810A644481, cid=2862, SUCCESS, logIndex=3939, commits[c9f1298e-d840-49d8-aac3-de81602aa1d5:c3939]
2019-08-30 23:40:20,982 [grpc-default-executor-0] INFO  client.GrpcClientProtocolClient (GrpcClientProtocolClient.java:onNext(255)) - client-7EF960CB3D58->c9f1298e-d840-49d8-aac3-de81602aa1d5: receive RaftClientReply:client-7EF960CB3D58->c9f1298e-d840-49d8-aac3-de81602aa1d5@group-E9810A644481, cid=2863, SUCCESS, logIndex=3940, commits[c9f1298e-d840-49d8-aac3-de81602aa1d5:c3941]
2019-08-30 23:40:20,982 [grpc-default-executor-0] INFO  client.GrpcClientProtocolClient (GrpcClientProtocolClient.java:onNext(255)) - client-7EF960CB3D58->c9f1298e-d840-49d8-aac3-de81602aa1d5: receive RaftClientReply:client-7EF960CB3D58->c9f1298e-d840-49d8-aac3-de81602aa1d5@group-E9810A644481, cid=2864, SUCCESS, logIndex=3941, commits[c9f1298e-d840-49d8-aac3-de81602aa1d5:c3941]
2019-08-30 23:40:21,013 [grpc-default-executor-1] INFO  client.GrpcClientProtocolClient (GrpcClientProtocolClient.java:onNext(255)) - client-7EF960CB3D58->c9f1298e-d840-49d8-aac3-de81602aa1d5: receive RaftClientReply:client-7EF960CB3D58->c9f1298e-d840-49d8-aac3-de81602aa1d5@group-E9810A644481, cid=2865, SUCCESS, logIndex=3944, commits[c9f1298e-d840-49d8-aac3-de81602aa1d5:c3945]
2019-08-30 23:40:21,014 [grpc-default-executor-1] INFO  client.GrpcClientProtocolClient (GrpcClientProtocolClient.java:onNext(255)) - client-7EF960CB3D58->c9f1298e-d840-49d8-aac3-de81602aa1d5: receive RaftClientReply:client-7EF960CB3D58->c9f1298e-d840-49d8-aac3-de81602aa1d5@group-E9810A644481, cid=2866, SUCCESS, logIndex=3945, commits[c9f1298e-d840-49d8-aac3-de81602aa1d5:c3945]
2019-08-30 23:40:21,014 [grpc-default-executor-1] INFO  client.GrpcClientProtocolClient (GrpcClientProtocolClient.java:onNext(255)) - client-7EF960CB3D58->c9f1298e-d840-49d8-aac3-de81602aa1d5: receive RaftClientReply:client-7EF960CB3D58->c9f1298e-d840-49d8-aac3-de81602aa1d5@group-E9810A644481, cid=2867, SUCCESS, logIndex=3946, commits[c9f1298e-d840-49d8-aac3-de81602aa1d5:c3947]
2019-08-30 23:40:21,014 [grpc-default-executor-1] INFO  client.GrpcClientProtocolClient (GrpcClientProtocolClient.java:onNext(255)) - client-7EF960CB3D58->c9f1298e-d840-49d8-aac3-de81602aa1d5: receive RaftClientReply:client-7EF960CB3D58->c9f1298e-d840-49d8-aac3-de81602aa1d5@group-E9810A644481, cid=2868, SUCCESS, logIndex=3947, commits[c9f1298e-d840-49d8-aac3-de81602aa1d5:c3947]
2019-08-30 23:40:21,023 [SCMBlockDeletingService#0] DEBUG block.SCMBlockDeletingService (SCMBlockDeletingService.java:call(138)) - Running DeletedBlockTransactionScanner
2019-08-30 23:40:21,023 [SCMBlockDeletingService#0] DEBUG block.SCMBlockDeletingService (SCMBlockDeletingService.java:call(155)) - Scanned deleted blocks log and got 0 delTX to process.
2019-08-30 23:40:21,027 [grpc-default-executor-0] INFO  client.GrpcClientProtocolClient (GrpcClientProtocolClient.java:onNext(255)) - client-7EF960CB3D58->c9f1298e-d840-49d8-aac3-de81602aa1d5: receive RaftClientReply:client-7EF960CB3D58->c9f1298e-d840-49d8-aac3-de81602aa1d5@group-E9810A644481, cid=2869, SUCCESS, logIndex=3950, commits[c9f1298e-d840-49d8-aac3-de81602aa1d5:c3951]
2019-08-30 23:40:21,027 [grpc-default-executor-0] INFO  client.GrpcClientProtocolClient (GrpcClientProtocolClient.java:onNext(255)) - client-7EF960CB3D58->c9f1298e-d840-49d8-aac3-de81602aa1d5: receive RaftClientReply:client-7EF960CB3D58->c9f1298e-d840-49d8-aac3-de81602aa1d5@group-E9810A644481, cid=2870, SUCCESS, logIndex=3951, commits[c9f1298e-d840-49d8-aac3-de81602aa1d5:c3951]
2019-08-30 23:40:21,028 [grpc-default-executor-0] INFO  client.GrpcClientProtocolClient (GrpcClientProtocolClient.java:onNext(255)) - client-7EF960CB3D58->c9f1298e-d840-49d8-aac3-de81602aa1d5: receive RaftClientReply:client-7EF960CB3D58->c9f1298e-d840-49d8-aac3-de81602aa1d5@group-E9810A644481, cid=2871, SUCCESS, logIndex=3952, commits[c9f1298e-d840-49d8-aac3-de81602aa1d5:c3953]
2019-08-30 23:40:21,028 [grpc-default-executor-0] INFO  client.GrpcClientProtocolClient (GrpcClientProtocolClient.java:onNext(255)) - client-7EF960CB3D58->c9f1298e-d840-49d8-aac3-de81602aa1d5: receive RaftClientReply:client-7EF960CB3D58->c9f1298e-d840-49d8-aac3-de81602aa1d5@group-E9810A644481, cid=2872, SUCCESS, logIndex=3953, commits[c9f1298e-d840-49d8-aac3-de81602aa1d5:c3953]
2019-08-30 23:40:21,146 [SCMBlockDeletingService#0] DEBUG block.SCMBlockDeletingService (SCMBlockDeletingService.java:call(138)) - Running DeletedBlockTransactionScanner
2019-08-30 23:40:21,147 [SCMBlockDeletingService#0] DEBUG block.SCMBlockDeletingService (SCMBlockDeletingService.java:call(155)) - Scanned deleted blocks log and got 0 delTX to process.
2019-08-30 23:40:21,247 [SCMBlockDeletingService#0] DEBUG block.SCMBlockDeletingService (SCMBlockDeletingService.java:call(138)) - Running DeletedBlockTransactionScanner
2019-08-30 23:40:21,247 [SCMBlockDeletingService#0] DEBUG block.SCMBlockDeletingService (SCMBlockDeletingService.java:call(155)) - Scanned deleted blocks log and got 0 delTX to process.
2019-08-30 23:40:21,304 [grpc-default-executor-0] INFO  client.GrpcClientProtocolClient (GrpcClientProtocolClient.java:onNext(255)) - client-7EF960CB3D58->c9f1298e-d840-49d8-aac3-de81602aa1d5: receive RaftClientReply:client-7EF960CB3D58->c9f1298e-d840-49d8-aac3-de81602aa1d5@group-E9810A644481, cid=2873, SUCCESS, logIndex=3956, commits[c9f1298e-d840-49d8-aac3-de81602aa1d5:c3959]
2019-08-30 23:40:21,305 [grpc-default-executor-0] INFO  client.GrpcClientProtocolClient (GrpcClientProtocolClient.java:onNext(255)) - client-7EF960CB3D58->c9f1298e-d840-49d8-aac3-de81602aa1d5: receive RaftClientReply:client-7EF960CB3D58->c9f1298e-d840-49d8-aac3-de81602aa1d5@group-E9810A644481, cid=2874, SUCCESS, logIndex=3957, commits[c9f1298e-d840-49d8-aac3-de81602aa1d5:c3959]
2019-08-30 23:40:21,305 [grpc-default-executor-0] INFO  client.GrpcClientProtocolClient (GrpcClientProtocolClient.java:onNext(255)) - client-7EF960CB3D58->c9f1298e-d840-49d8-aac3-de81602aa1d5: receive RaftClientReply:client-7EF960CB3D58->c9f1298e-d840-49d8-aac3-de81602aa1d5@group-E9810A644481, cid=2875, SUCCESS, logIndex=3958, commits[c9f1298e-d840-49d8-aac3-de81602aa1d5:c3959]
2019-08-30 23:40:21,305 [grpc-default-executor-0] INFO  client.GrpcClientProtocolClient (GrpcClientProtocolClient.java:onNext(255)) - client-7EF960CB3D58->c9f1298e-d840-49d8-aac3-de81602aa1d5: receive RaftClientReply:client-7EF960CB3D58->c9f1298e-d840-49d8-aac3-de81602aa1d5@group-E9810A644481, cid=2876, SUCCESS, logIndex=3959, commits[c9f1298e-d840-49d8-aac3-de81602aa1d5:c3959]
2019-08-30 23:40:21,337 [grpc-default-executor-0] INFO  client.GrpcClientProtocolClient (GrpcClientProtocolClient.java:onNext(255)) - client-7EF960CB3D58->c9f1298e-d840-49d8-aac3-de81602aa1d5: receive RaftClientReply:client-7EF960CB3D58->c9f1298e-d840-49d8-aac3-de81602aa1d5@group-E9810A644481, cid=2877, SUCCESS, logIndex=3961, commits[c9f1298e-d840-49d8-aac3-de81602aa1d5:c3962]
2019-08-30 23:40:21,338 [grpc-default-executor-0] INFO  client.GrpcClientProtocolClient (GrpcClientProtocolClient.java:onNext(255)) - client-7EF960CB3D58->c9f1298e-d840-49d8-aac3-de81602aa1d5: receive RaftClientReply:client-7EF960CB3D58->c9f1298e-d840-49d8-aac3-de81602aa1d5@group-E9810A644481, cid=2878, SUCCESS, logIndex=3962, commits[c9f1298e-d840-49d8-aac3-de81602aa1d5:c3962]
2019-08-30 23:40:21,343 [grpc-default-executor-0] INFO  client.GrpcClientProtocolClient (GrpcClientProtocolClient.java:onNext(255)) - client-7EF960CB3D58->c9f1298e-d840-49d8-aac3-de81602aa1d5: receive RaftClientReply:client-7EF960CB3D58->c9f1298e-d840-49d8-aac3-de81602aa1d5@group-E9810A644481, cid=2879, SUCCESS, logIndex=3963, commits[c9f1298e-d840-49d8-aac3-de81602aa1d5:c3964]
2019-08-30 23:40:21,343 [grpc-default-executor-0] INFO  client.GrpcClientProtocolClient (GrpcClientProtocolClient.java:onNext(255)) - client-7EF960CB3D58->c9f1298e-d840-49d8-aac3-de81602aa1d5: receive RaftClientReply:client-7EF960CB3D58->c9f1298e-d840-49d8-aac3-de81602aa1d5@group-E9810A644481, cid=2880, SUCCESS, logIndex=3964, commits[c9f1298e-d840-49d8-aac3-de81602aa1d5:c3964]
2019-08-30 23:40:21,348 [SCMBlockDeletingService#0] DEBUG block.SCMBlockDeletingService (SCMBlockDeletingService.java:call(138)) - Running DeletedBlockTransactionScanner
2019-08-30 23:40:21,348 [SCMBlockDeletingService#0] DEBUG block.SCMBlockDeletingService (SCMBlockDeletingService.java:call(155)) - Scanned deleted blocks log and got 0 delTX to process.
2019-08-30 23:40:21,374 [grpc-default-executor-0] INFO  client.GrpcClientProtocolClient (GrpcClientProtocolClient.java:onNext(255)) - client-7EF960CB3D58->c9f1298e-d840-49d8-aac3-de81602aa1d5: receive RaftClientReply:client-7EF960CB3D58->c9f1298e-d840-49d8-aac3-de81602aa1d5@group-E9810A644481, cid=2881, SUCCESS, logIndex=3967, commits[c9f1298e-d840-49d8-aac3-de81602aa1d5:c3970]
2019-08-30 23:40:21,375 [grpc-default-executor-0] INFO  client.GrpcClientProtocolClient (GrpcClientProtocolClient.java:onNext(255)) - client-7EF960CB3D58->c9f1298e-d840-49d8-aac3-de81602aa1d5: receive RaftClientReply:client-7EF960CB3D58->c9f1298e-d840-49d8-aac3-de81602aa1d5@group-E9810A644481, cid=2882, SUCCESS, logIndex=3968, commits[c9f1298e-d840-49d8-aac3-de81602aa1d5:c3970]
2019-08-30 23:40:21,375 [grpc-default-executor-0] INFO  client.GrpcClientProtocolClient (GrpcClientProtocolClient.java:onNext(255)) - client-7EF960CB3D58->c9f1298e-d840-49d8-aac3-de81602aa1d5: receive RaftClientReply:client-7EF960CB3D58->c9f1298e-d840-49d8-aac3-de81602aa1d5@group-E9810A644481, cid=2883, SUCCESS, logIndex=3969, commits[c9f1298e-d840-49d8-aac3-de81602aa1d5:c3970]
2019-08-30 23:40:21,375 [grpc-default-executor-0] INFO  client.GrpcClientProtocolClient (GrpcClientProtocolClient.java:onNext(255)) - client-7EF960CB3D58->c9f1298e-d840-49d8-aac3-de81602aa1d5: receive RaftClientReply:client-7EF960CB3D58->c9f1298e-d840-49d8-aac3-de81602aa1d5@group-E9810A644481, cid=2884, SUCCESS, logIndex=3970, commits[c9f1298e-d840-49d8-aac3-de81602aa1d5:c3970]
2019-08-30 23:40:21,401 [grpc-default-executor-1] INFO  client.GrpcClientProtocolClient (GrpcClientProtocolClient.java:onNext(255)) - client-7EF960CB3D58->c9f1298e-d840-49d8-aac3-de81602aa1d5: receive RaftClientReply:client-7EF960CB3D58->c9f1298e-d840-49d8-aac3-de81602aa1d5@group-E9810A644481, cid=2885, SUCCESS, logIndex=3972, commits[c9f1298e-d840-49d8-aac3-de81602aa1d5:c3973]
2019-08-30 23:40:21,401 [grpc-default-executor-1] INFO  client.GrpcClientProtocolClient (GrpcClientProtocolClient.java:onNext(255)) - client-7EF960CB3D58->c9f1298e-d840-49d8-aac3-de81602aa1d5: receive RaftClientReply:client-7EF960CB3D58->c9f1298e-d840-49d8-aac3-de81602aa1d5@group-E9810A644481, cid=2886, SUCCESS, logIndex=3973, commits[c9f1298e-d840-49d8-aac3-de81602aa1d5:c3973]
2019-08-30 23:40:21,407 [grpc-default-executor-1] INFO  client.GrpcClientProtocolClient (GrpcClientProtocolClient.java:onNext(255)) - client-7EF960CB3D58->c9f1298e-d840-49d8-aac3-de81602aa1d5: receive RaftClientReply:client-7EF960CB3D58->c9f1298e-d840-49d8-aac3-de81602aa1d5@group-E9810A644481, cid=2887, SUCCESS, logIndex=3974, commits[c9f1298e-d840-49d8-aac3-de81602aa1d5:c3975]
2019-08-30 23:40:21,407 [grpc-default-executor-1] INFO  client.GrpcClientProtocolClient (GrpcClientProtocolClient.java:onNext(255)) - client-7EF960CB3D58->c9f1298e-d840-49d8-aac3-de81602aa1d5: receive RaftClientReply:client-7EF960CB3D58->c9f1298e-d840-49d8-aac3-de81602aa1d5@group-E9810A644481, cid=2888, SUCCESS, logIndex=3975, commits[c9f1298e-d840-49d8-aac3-de81602aa1d5:c3975]
2019-08-30 23:40:21,438 [grpc-default-executor-1] INFO  client.GrpcClientProtocolClient (GrpcClientProtocolClient.java:onNext(255)) - client-7EF960CB3D58->c9f1298e-d840-49d8-aac3-de81602aa1d5: receive RaftClientReply:client-7EF960CB3D58->c9f1298e-d840-49d8-aac3-de81602aa1d5@group-E9810A644481, cid=2889, SUCCESS, logIndex=3978, commits[c9f1298e-d840-49d8-aac3-de81602aa1d5:c3979]
2019-08-30 23:40:21,439 [grpc-default-executor-1] INFO  client.GrpcClientProtocolClient (GrpcClientProtocolClient.java:onNext(255)) - client-7EF960CB3D58->c9f1298e-d840-49d8-aac3-de81602aa1d5: receive RaftClientReply:client-7EF960CB3D58->c9f1298e-d840-49d8-aac3-de81602aa1d5@group-E9810A644481, cid=2890, SUCCESS, logIndex=3979, commits[c9f1298e-d840-49d8-aac3-de81602aa1d5:c3979]
2019-08-30 23:40:21,443 [grpc-default-executor-1] INFO  client.GrpcClientProtocolClient (GrpcClientProtocolClient.java:onNext(255)) - client-7EF960CB3D58->c9f1298e-d840-49d8-aac3-de81602aa1d5: receive RaftClientReply:client-7EF960CB3D58->c9f1298e-d840-49d8-aac3-de81602aa1d5@group-E9810A644481, cid=2891, SUCCESS, logIndex=3980, commits[c9f1298e-d840-49d8-aac3-de81602aa1d5:c3981]
2019-08-30 23:40:21,443 [grpc-default-executor-1] INFO  client.GrpcClientProtocolClient (GrpcClientProtocolClient.java:onNext(255)) - client-7EF960CB3D58->c9f1298e-d840-49d8-aac3-de81602aa1d5: receive RaftClientReply:client-7EF960CB3D58->c9f1298e-d840-49d8-aac3-de81602aa1d5@group-E9810A644481, cid=2892, SUCCESS, logIndex=3981, commits[c9f1298e-d840-49d8-aac3-de81602aa1d5:c3981]
2019-08-30 23:40:21,448 [SCMBlockDeletingService#0] DEBUG block.SCMBlockDeletingService (SCMBlockDeletingService.java:call(138)) - Running DeletedBlockTransactionScanner
2019-08-30 23:40:21,449 [SCMBlockDeletingService#0] DEBUG block.SCMBlockDeletingService (SCMBlockDeletingService.java:call(155)) - Scanned deleted blocks log and got 0 delTX to process.
2019-08-30 23:40:21,470 [grpc-default-executor-0] INFO  client.GrpcClientProtocolClient (GrpcClientProtocolClient.java:onNext(255)) - client-7EF960CB3D58->c9f1298e-d840-49d8-aac3-de81602aa1d5: receive RaftClientReply:client-7EF960CB3D58->c9f1298e-d840-49d8-aac3-de81602aa1d5@group-E9810A644481, cid=2893, SUCCESS, logIndex=3984, commits[c9f1298e-d840-49d8-aac3-de81602aa1d5:c3987]
2019-08-30 23:40:21,471 [grpc-default-executor-0] INFO  client.GrpcClientProtocolClient (GrpcClientProtocolClient.java:onNext(255)) - client-7EF960CB3D58->c9f1298e-d840-49d8-aac3-de81602aa1d5: receive RaftClientReply:client-7EF960CB3D58->c9f1298e-d840-49d8-aac3-de81602aa1d5@group-E9810A644481, cid=2894, SUCCESS, logIndex=3985, commits[c9f1298e-d840-49d8-aac3-de81602aa1d5:c3987]
2019-08-30 23:40:21,471 [grpc-default-executor-0] INFO  client.GrpcClientProtocolClient (GrpcClientProtocolClient.java:onNext(255)) - client-7EF960CB3D58->c9f1298e-d840-49d8-aac3-de81602aa1d5: receive RaftClientReply:client-7EF960CB3D58->c9f1298e-d840-49d8-aac3-de81602aa1d5@group-E9810A644481, cid=2895, SUCCESS, logIndex=3986, commits[c9f1298e-d840-49d8-aac3-de81602aa1d5:c3987]
2019-08-30 23:40:21,471 [grpc-default-executor-0] INFO  client.GrpcClientProtocolClient (GrpcClientProtocolClient.java:onNext(255)) - client-7EF960CB3D58->c9f1298e-d840-49d8-aac3-de81602aa1d5: receive RaftClientReply:client-7EF960CB3D58->c9f1298e-d840-49d8-aac3-de81602aa1d5@group-E9810A644481, cid=2896, SUCCESS, logIndex=3987, commits[c9f1298e-d840-49d8-aac3-de81602aa1d5:c3987]
2019-08-30 23:40:21,498 [grpc-default-executor-0] INFO  client.GrpcClientProtocolClient (GrpcClientProtocolClient.java:onNext(255)) - client-7EF960CB3D58->c9f1298e-d840-49d8-aac3-de81602aa1d5: receive RaftClientReply:client-7EF960CB3D58->c9f1298e-d840-49d8-aac3-de81602aa1d5@group-E9810A644481, cid=2897, SUCCESS, logIndex=3989, commits[c9f1298e-d840-49d8-aac3-de81602aa1d5:c3992]
2019-08-30 23:40:21,499 [grpc-default-executor-0] INFO  client.GrpcClientProtocolClient (GrpcClientProtocolClient.java:onNext(255)) - client-7EF960CB3D58->c9f1298e-d840-49d8-aac3-de81602aa1d5: receive RaftClientReply:client-7EF960CB3D58->c9f1298e-d840-49d8-aac3-de81602aa1d5@group-E9810A644481, cid=2898, SUCCESS, logIndex=3990, commits[c9f1298e-d840-49d8-aac3-de81602aa1d5:c3992]
2019-08-30 23:40:21,499 [grpc-default-executor-0] INFO  client.GrpcClientProtocolClient (GrpcClientProtocolClient.java:onNext(255)) - client-7EF960CB3D58->c9f1298e-d840-49d8-aac3-de81602aa1d5: receive RaftClientReply:client-7EF960CB3D58->c9f1298e-d840-49d8-aac3-de81602aa1d5@group-E9810A644481, cid=2899, SUCCESS, logIndex=3991, commits[c9f1298e-d840-49d8-aac3-de81602aa1d5:c3992]
2019-08-30 23:40:21,500 [grpc-default-executor-0] INFO  client.GrpcClientProtocolClient (GrpcClientProtocolClient.java:onNext(255)) - client-7EF960CB3D58->c9f1298e-d840-49d8-aac3-de81602aa1d5: receive RaftClientReply:client-7EF960CB3D58->c9f1298e-d840-49d8-aac3-de81602aa1d5@group-E9810A644481, cid=2900, SUCCESS, logIndex=3992, commits[c9f1298e-d840-49d8-aac3-de81602aa1d5:c3992]
2019-08-30 23:40:21,516 [grpc-default-executor-0] INFO  client.GrpcClientProtocolClient (GrpcClientProtocolClient.java:onNext(255)) - client-7EF960CB3D58->c9f1298e-d840-49d8-aac3-de81602aa1d5: receive RaftClientReply:client-7EF960CB3D58->c9f1298e-d840-49d8-aac3-de81602aa1d5@group-E9810A644481, cid=2901, SUCCESS, logIndex=3994, commits[c9f1298e-d840-49d8-aac3-de81602aa1d5:c3997]
2019-08-30 23:40:21,517 [grpc-default-executor-0] INFO  client.GrpcClientProtocolClient (GrpcClientProtocolClient.java:onNext(255)) - client-7EF960CB3D58->c9f1298e-d840-49d8-aac3-de81602aa1d5: receive RaftClientReply:client-7EF960CB3D58->c9f1298e-d840-49d8-aac3-de81602aa1d5@group-E9810A644481, cid=2902, SUCCESS, logIndex=3995, commits[c9f1298e-d840-49d8-aac3-de81602aa1d5:c3997]
2019-08-30 23:40:21,517 [grpc-default-executor-0] INFO  client.GrpcClientProtocolClient (GrpcClientProtocolClient.java:onNext(255)) - client-7EF960CB3D58->c9f1298e-d840-49d8-aac3-de81602aa1d5: receive RaftClientReply:client-7EF960CB3D58->c9f1298e-d840-49d8-aac3-de81602aa1d5@group-E9810A644481, cid=2903, SUCCESS, logIndex=3996, commits[c9f1298e-d840-49d8-aac3-de81602aa1d5:c3997]
2019-08-30 23:40:21,517 [grpc-default-executor-0] INFO  client.GrpcClientProtocolClient (GrpcClientProtocolClient.java:onNext(255)) - client-7EF960CB3D58->c9f1298e-d840-49d8-aac3-de81602aa1d5: receive RaftClientReply:client-7EF960CB3D58->c9f1298e-d840-49d8-aac3-de81602aa1d5@group-E9810A644481, cid=2904, SUCCESS, logIndex=3997, commits[c9f1298e-d840-49d8-aac3-de81602aa1d5:c3997]
2019-08-30 23:40:21,540 [grpc-default-executor-1] INFO  client.GrpcClientProtocolClient (GrpcClientProtocolClient.java:onNext(255)) - client-7EF960CB3D58->c9f1298e-d840-49d8-aac3-de81602aa1d5: receive RaftClientReply:client-7EF960CB3D58->c9f1298e-d840-49d8-aac3-de81602aa1d5@group-E9810A644481, cid=2905, SUCCESS, logIndex=3999, commits[c9f1298e-d840-49d8-aac3-de81602aa1d5:c4000]
2019-08-30 23:40:21,541 [grpc-default-executor-1] INFO  client.GrpcClientProtocolClient (GrpcClientProtocolClient.java:onNext(255)) - client-7EF960CB3D58->c9f1298e-d840-49d8-aac3-de81602aa1d5: receive RaftClientReply:client-7EF960CB3D58->c9f1298e-d840-49d8-aac3-de81602aa1d5@group-E9810A644481, cid=2906, SUCCESS, logIndex=4000, commits[c9f1298e-d840-49d8-aac3-de81602aa1d5:c4000]
2019-08-30 23:40:21,548 [grpc-default-executor-1] INFO  client.GrpcClientProtocolClient (GrpcClientProtocolClient.java:onNext(255)) - client-7EF960CB3D58->c9f1298e-d840-49d8-aac3-de81602aa1d5: receive RaftClientReply:client-7EF960CB3D58->c9f1298e-d840-49d8-aac3-de81602aa1d5@group-E9810A644481, cid=2907, SUCCESS, logIndex=4001, commits[c9f1298e-d840-49d8-aac3-de81602aa1d5:c4002]
2019-08-30 23:40:21,549 [grpc-default-executor-1] INFO  client.GrpcClientProtocolClient (GrpcClientProtocolClient.java:onNext(255)) - client-7EF960CB3D58->c9f1298e-d840-49d8-aac3-de81602aa1d5: receive RaftClientReply:client-7EF960CB3D58->c9f1298e-d840-49d8-aac3-de81602aa1d5@group-E9810A644481, cid=2908, SUCCESS, logIndex=4002, commits[c9f1298e-d840-49d8-aac3-de81602aa1d5:c4002]
2019-08-30 23:40:21,549 [SCMBlockDeletingService#0] DEBUG block.SCMBlockDeletingService (SCMBlockDeletingService.java:call(138)) - Running DeletedBlockTransactionScanner
2019-08-30 23:40:21,549 [SCMBlockDeletingService#0] DEBUG block.SCMBlockDeletingService (SCMBlockDeletingService.java:call(155)) - Scanned deleted blocks log and got 0 delTX to process.
2019-08-30 23:40:21,567 [grpc-default-executor-1] INFO  client.GrpcClientProtocolClient (GrpcClientProtocolClient.java:onNext(255)) - client-7EF960CB3D58->c9f1298e-d840-49d8-aac3-de81602aa1d5: receive RaftClientReply:client-7EF960CB3D58->c9f1298e-d840-49d8-aac3-de81602aa1d5@group-E9810A644481, cid=2909, SUCCESS, logIndex=4005, commits[c9f1298e-d840-49d8-aac3-de81602aa1d5:c4008]
2019-08-30 23:40:21,567 [grpc-default-executor-1] INFO  client.GrpcClientProtocolClient (GrpcClientProtocolClient.java:onNext(255)) - client-7EF960CB3D58->c9f1298e-d840-49d8-aac3-de81602aa1d5: receive RaftClientReply:client-7EF960CB3D58->c9f1298e-d840-49d8-aac3-de81602aa1d5@group-E9810A644481, cid=2910, SUCCESS, logIndex=4006, commits[c9f1298e-d840-49d8-aac3-de81602aa1d5:c4008]
2019-08-30 23:40:21,567 [grpc-default-executor-1] INFO  client.GrpcClientProtocolClient (GrpcClientProtocolClient.java:onNext(255)) - client-7EF960CB3D58->c9f1298e-d840-49d8-aac3-de81602aa1d5: receive RaftClientReply:client-7EF960CB3D58->c9f1298e-d840-49d8-aac3-de81602aa1d5@group-E9810A644481, cid=2911, SUCCESS, logIndex=4007, commits[c9f1298e-d840-49d8-aac3-de81602aa1d5:c4008]
2019-08-30 23:40:21,568 [grpc-default-executor-1] INFO  client.GrpcClientProtocolClient (GrpcClientProtocolClient.java:onNext(255)) - client-7EF960CB3D58->c9f1298e-d840-49d8-aac3-de81602aa1d5: receive RaftClientReply:client-7EF960CB3D58->c9f1298e-d840-49d8-aac3-de81602aa1d5@group-E9810A644481, cid=2912, SUCCESS, logIndex=4008, commits[c9f1298e-d840-49d8-aac3-de81602aa1d5:c4008]
2019-08-30 23:40:21,603 [grpc-default-executor-1] INFO  client.GrpcClientProtocolClient (GrpcClientProtocolClient.java:onNext(255)) - client-7EF960CB3D58->c9f1298e-d840-49d8-aac3-de81602aa1d5: receive RaftClientReply:client-7EF960CB3D58->c9f1298e-d840-49d8-aac3-de81602aa1d5@group-E9810A644481, cid=2913, SUCCESS, logIndex=4010, commits[c9f1298e-d840-49d8-aac3-de81602aa1d5:c4011]
2019-08-30 23:40:21,603 [grpc-default-executor-1] INFO  client.GrpcClientProtocolClient (GrpcClientProtocolClient.java:onNext(255)) - client-7EF960CB3D58->c9f1298e-d840-49d8-aac3-de81602aa1d5: receive RaftClientReply:client-7EF960CB3D58->c9f1298e-d840-49d8-aac3-de81602aa1d5@group-E9810A644481, cid=2914, SUCCESS, logIndex=4011, commits[c9f1298e-d840-49d8-aac3-de81602aa1d5:c4011]
2019-08-30 23:40:21,610 [grpc-default-executor-1] INFO  client.GrpcClientProtocolClient (GrpcClientProtocolClient.java:onNext(255)) - client-7EF960CB3D58->c9f1298e-d840-49d8-aac3-de81602aa1d5: receive RaftClientReply:client-7EF960CB3D58->c9f1298e-d840-49d8-aac3-de81602aa1d5@group-E9810A644481, cid=2915, SUCCESS, logIndex=4012, commits[c9f1298e-d840-49d8-aac3-de81602aa1d5:c4013]
2019-08-30 23:40:21,610 [grpc-default-executor-1] INFO  client.GrpcClientProtocolClient (GrpcClientProtocolClient.java:onNext(255)) - client-7EF960CB3D58->c9f1298e-d840-49d8-aac3-de81602aa1d5: receive RaftClientReply:client-7EF960CB3D58->c9f1298e-d840-49d8-aac3-de81602aa1d5@group-E9810A644481, cid=2916, SUCCESS, logIndex=4013, commits[c9f1298e-d840-49d8-aac3-de81602aa1d5:c4013]
2019-08-30 23:40:21,649 [SCMBlockDeletingService#0] DEBUG block.SCMBlockDeletingService (SCMBlockDeletingService.java:call(138)) - Running DeletedBlockTransactionScanner
2019-08-30 23:40:21,650 [SCMBlockDeletingService#0] DEBUG block.SCMBlockDeletingService (SCMBlockDeletingService.java:call(155)) - Scanned deleted blocks log and got 0 delTX to process.
2019-08-30 23:40:21,750 [SCMBlockDeletingService#0] DEBUG block.SCMBlockDeletingService (SCMBlockDeletingService.java:call(138)) - Running DeletedBlockTransactionScanner
2019-08-30 23:40:21,750 [SCMBlockDeletingService#0] DEBUG block.SCMBlockDeletingService (SCMBlockDeletingService.java:call(155)) - Scanned deleted blocks log and got 0 delTX to process.
2019-08-30 23:40:21,782 [grpc-default-executor-1] INFO  client.GrpcClientProtocolClient (GrpcClientProtocolClient.java:onNext(255)) - client-7EF960CB3D58->c9f1298e-d840-49d8-aac3-de81602aa1d5: receive RaftClientReply:client-7EF960CB3D58->c9f1298e-d840-49d8-aac3-de81602aa1d5@group-E9810A644481, cid=2917, SUCCESS, logIndex=4016, commits[c9f1298e-d840-49d8-aac3-de81602aa1d5:c4019]
2019-08-30 23:40:21,782 [grpc-default-executor-1] INFO  client.GrpcClientProtocolClient (GrpcClientProtocolClient.java:onNext(255)) - client-7EF960CB3D58->c9f1298e-d840-49d8-aac3-de81602aa1d5: receive RaftClientReply:client-7EF960CB3D58->c9f1298e-d840-49d8-aac3-de81602aa1d5@group-E9810A644481, cid=2918, SUCCESS, logIndex=4017, commits[c9f1298e-d840-49d8-aac3-de81602aa1d5:c4019]
2019-08-30 23:40:21,782 [grpc-default-executor-1] INFO  client.GrpcClientProtocolClient (GrpcClientProtocolClient.java:onNext(255)) - client-7EF960CB3D58->c9f1298e-d840-49d8-aac3-de81602aa1d5: receive RaftClientReply:client-7EF960CB3D58->c9f1298e-d840-49d8-aac3-de81602aa1d5@group-E9810A644481, cid=2919, SUCCESS, logIndex=4018, commits[c9f1298e-d840-49d8-aac3-de81602aa1d5:c4019]
2019-08-30 23:40:21,782 [grpc-default-executor-1] INFO  client.GrpcClientProtocolClient (GrpcClientProtocolClient.java:onNext(255)) - client-7EF960CB3D58->c9f1298e-d840-49d8-aac3-de81602aa1d5: receive RaftClientReply:client-7EF960CB3D58->c9f1298e-d840-49d8-aac3-de81602aa1d5@group-E9810A644481, cid=2920, SUCCESS, logIndex=4019, commits[c9f1298e-d840-49d8-aac3-de81602aa1d5:c4019]
2019-08-30 23:40:21,810 [grpc-default-executor-0] INFO  client.GrpcClientProtocolClient (GrpcClientProtocolClient.java:onNext(255)) - client-7EF960CB3D58->c9f1298e-d840-49d8-aac3-de81602aa1d5: receive RaftClientReply:client-7EF960CB3D58->c9f1298e-d840-49d8-aac3-de81602aa1d5@group-E9810A644481, cid=2921, SUCCESS, logIndex=4021, commits[c9f1298e-d840-49d8-aac3-de81602aa1d5:c4022]
2019-08-30 23:40:21,810 [grpc-default-executor-0] INFO  client.GrpcClientProtocolClient (GrpcClientProtocolClient.java:onNext(255)) - client-7EF960CB3D58->c9f1298e-d840-49d8-aac3-de81602aa1d5: receive RaftClientReply:client-7EF960CB3D58->c9f1298e-d840-49d8-aac3-de81602aa1d5@group-E9810A644481, cid=2922, SUCCESS, logIndex=4022, commits[c9f1298e-d840-49d8-aac3-de81602aa1d5:c4022]
2019-08-30 23:40:21,816 [grpc-default-executor-0] INFO  client.GrpcClientProtocolClient (GrpcClientProtocolClient.java:onNext(255)) - client-7EF960CB3D58->c9f1298e-d840-49d8-aac3-de81602aa1d5: receive RaftClientReply:client-7EF960CB3D58->c9f1298e-d840-49d8-aac3-de81602aa1d5@group-E9810A644481, cid=2923, SUCCESS, logIndex=4023, commits[c9f1298e-d840-49d8-aac3-de81602aa1d5:c4024]
2019-08-30 23:40:21,816 [grpc-default-executor-0] INFO  client.GrpcClientProtocolClient (GrpcClientProtocolClient.java:onNext(255)) - client-7EF960CB3D58->c9f1298e-d840-49d8-aac3-de81602aa1d5: receive RaftClientReply:client-7EF960CB3D58->c9f1298e-d840-49d8-aac3-de81602aa1d5@group-E9810A644481, cid=2924, SUCCESS, logIndex=4024, commits[c9f1298e-d840-49d8-aac3-de81602aa1d5:c4024]
2019-08-30 23:40:21,834 [grpc-default-executor-0] INFO  client.GrpcClientProtocolClient (GrpcClientProtocolClient.java:onNext(255)) - client-7EF960CB3D58->c9f1298e-d840-49d8-aac3-de81602aa1d5: receive RaftClientReply:client-7EF960CB3D58->c9f1298e-d840-49d8-aac3-de81602aa1d5@group-E9810A644481, cid=2925, SUCCESS, logIndex=4027, commits[c9f1298e-d840-49d8-aac3-de81602aa1d5:c4030]
2019-08-30 23:40:21,837 [grpc-default-executor-0] INFO  client.GrpcClientProtocolClient (GrpcClientProtocolClient.java:onNext(255)) - client-7EF960CB3D58->c9f1298e-d840-49d8-aac3-de81602aa1d5: receive RaftClientReply:client-7EF960CB3D58->c9f1298e-d840-49d8-aac3-de81602aa1d5@group-E9810A644481, cid=2926, SUCCESS, logIndex=4028, commits[c9f1298e-d840-49d8-aac3-de81602aa1d5:c4030]
2019-08-30 23:40:21,838 [grpc-default-executor-0] INFO  client.GrpcClientProtocolClient (GrpcClientProtocolClient.java:onNext(255)) - client-7EF960CB3D58->c9f1298e-d840-49d8-aac3-de81602aa1d5: receive RaftClientReply:client-7EF960CB3D58->c9f1298e-d840-49d8-aac3-de81602aa1d5@group-E9810A644481, cid=2927, SUCCESS, logIndex=4029, commits[c9f1298e-d840-49d8-aac3-de81602aa1d5:c4030]
2019-08-30 23:40:21,838 [grpc-default-executor-0] INFO  client.GrpcClientProtocolClient (GrpcClientProtocolClient.java:onNext(255)) - client-7EF960CB3D58->c9f1298e-d840-49d8-aac3-de81602aa1d5: receive RaftClientReply:client-7EF960CB3D58->c9f1298e-d840-49d8-aac3-de81602aa1d5@group-E9810A644481, cid=2928, SUCCESS, logIndex=4030, commits[c9f1298e-d840-49d8-aac3-de81602aa1d5:c4030]
2019-08-30 23:40:21,851 [SCMBlockDeletingService#0] DEBUG block.SCMBlockDeletingService (SCMBlockDeletingService.java:call(138)) - Running DeletedBlockTransactionScanner
2019-08-30 23:40:21,851 [SCMBlockDeletingService#0] DEBUG block.SCMBlockDeletingService (SCMBlockDeletingService.java:call(155)) - Scanned deleted blocks log and got 0 delTX to process.
2019-08-30 23:40:21,861 [grpc-default-executor-0] INFO  client.GrpcClientProtocolClient (GrpcClientProtocolClient.java:onNext(255)) - client-7EF960CB3D58->c9f1298e-d840-49d8-aac3-de81602aa1d5: receive RaftClientReply:client-7EF960CB3D58->c9f1298e-d840-49d8-aac3-de81602aa1d5@group-E9810A644481, cid=2929, SUCCESS, logIndex=4032, commits[c9f1298e-d840-49d8-aac3-de81602aa1d5:c4033]
2019-08-30 23:40:21,861 [grpc-default-executor-0] INFO  client.GrpcClientProtocolClient (GrpcClientProtocolClient.java:onNext(255)) - client-7EF960CB3D58->c9f1298e-d840-49d8-aac3-de81602aa1d5: receive RaftClientReply:client-7EF960CB3D58->c9f1298e-d840-49d8-aac3-de81602aa1d5@group-E9810A644481, cid=2930, SUCCESS, logIndex=4033, commits[c9f1298e-d840-49d8-aac3-de81602aa1d5:c4033]
2019-08-30 23:40:21,866 [grpc-default-executor-0] INFO  client.GrpcClientProtocolClient (GrpcClientProtocolClient.java:onNext(255)) - client-7EF960CB3D58->c9f1298e-d840-49d8-aac3-de81602aa1d5: receive RaftClientReply:client-7EF960CB3D58->c9f1298e-d840-49d8-aac3-de81602aa1d5@group-E9810A644481, cid=2931, SUCCESS, logIndex=4034, commits[c9f1298e-d840-49d8-aac3-de81602aa1d5:c4035]
2019-08-30 23:40:21,866 [grpc-default-executor-0] INFO  client.GrpcClientProtocolClient (GrpcClientProtocolClient.java:onNext(255)) - client-7EF960CB3D58->c9f1298e-d840-49d8-aac3-de81602aa1d5: receive RaftClientReply:client-7EF960CB3D58->c9f1298e-d840-49d8-aac3-de81602aa1d5@group-E9810A644481, cid=2932, SUCCESS, logIndex=4035, commits[c9f1298e-d840-49d8-aac3-de81602aa1d5:c4035]
2019-08-30 23:40:21,913 [grpc-default-executor-0] INFO  client.GrpcClientProtocolClient (GrpcClientProtocolClient.java:onNext(255)) - client-7EF960CB3D58->c9f1298e-d840-49d8-aac3-de81602aa1d5: receive RaftClientReply:client-7EF960CB3D58->c9f1298e-d840-49d8-aac3-de81602aa1d5@group-E9810A644481, cid=2933, SUCCESS, logIndex=4038, commits[c9f1298e-d840-49d8-aac3-de81602aa1d5:c4041]
2019-08-30 23:40:21,914 [grpc-default-executor-0] INFO  client.GrpcClientProtocolClient (GrpcClientProtocolClient.java:onNext(255)) - client-7EF960CB3D58->c9f1298e-d840-49d8-aac3-de81602aa1d5: receive RaftClientReply:client-7EF960CB3D58->c9f1298e-d840-49d8-aac3-de81602aa1d5@group-E9810A644481, cid=2934, SUCCESS, logIndex=4039, commits[c9f1298e-d840-49d8-aac3-de81602aa1d5:c4041]
2019-08-30 23:40:21,914 [grpc-default-executor-0] INFO  client.GrpcClientProtocolClient (GrpcClientProtocolClient.java:onNext(255)) - client-7EF960CB3D58->c9f1298e-d840-49d8-aac3-de81602aa1d5: receive RaftClientReply:client-7EF960CB3D58->c9f1298e-d840-49d8-aac3-de81602aa1d5@group-E9810A644481, cid=2935, SUCCESS, logIndex=4040, commits[c9f1298e-d840-49d8-aac3-de81602aa1d5:c4041]
2019-08-30 23:40:21,914 [grpc-default-executor-0] INFO  client.GrpcClientProtocolClient (GrpcClientProtocolClient.java:onNext(255)) - client-7EF960CB3D58->c9f1298e-d840-49d8-aac3-de81602aa1d5: receive RaftClientReply:client-7EF960CB3D58->c9f1298e-d840-49d8-aac3-de81602aa1d5@group-E9810A644481, cid=2936, SUCCESS, logIndex=4041, commits[c9f1298e-d840-49d8-aac3-de81602aa1d5:c4041]
2019-08-30 23:40:21,936 [grpc-default-executor-1] INFO  client.GrpcClientProtocolClient (GrpcClientProtocolClient.java:onNext(255)) - client-7EF960CB3D58->c9f1298e-d840-49d8-aac3-de81602aa1d5: receive RaftClientReply:client-7EF960CB3D58->c9f1298e-d840-49d8-aac3-de81602aa1d5@group-E9810A644481, cid=2937, SUCCESS, logIndex=4043, commits[c9f1298e-d840-49d8-aac3-de81602aa1d5:c4046]
2019-08-30 23:40:21,937 [grpc-default-executor-1] INFO  client.GrpcClientProtocolClient (GrpcClientProtocolClient.java:onNext(255)) - client-7EF960CB3D58->c9f1298e-d840-49d8-aac3-de81602aa1d5: receive RaftClientReply:client-7EF960CB3D58->c9f1298e-d840-49d8-aac3-de81602aa1d5@group-E9810A644481, cid=2938, SUCCESS, logIndex=4044, commits[c9f1298e-d840-49d8-aac3-de81602aa1d5:c4046]
2019-08-30 23:40:21,937 [grpc-default-executor-1] INFO  client.GrpcClientProtocolClient (GrpcClientProtocolClient.java:onNext(255)) - client-7EF960CB3D58->c9f1298e-d840-49d8-aac3-de81602aa1d5: receive RaftClientReply:client-7EF960CB3D58->c9f1298e-d840-49d8-aac3-de81602aa1d5@group-E9810A644481, cid=2939, SUCCESS, logIndex=4045, commits[c9f1298e-d840-49d8-aac3-de81602aa1d5:c4046]
2019-08-30 23:40:21,937 [grpc-default-executor-1] INFO  client.GrpcClientProtocolClient (GrpcClientProtocolClient.java:onNext(255)) - client-7EF960CB3D58->c9f1298e-d840-49d8-aac3-de81602aa1d5: receive RaftClientReply:client-7EF960CB3D58->c9f1298e-d840-49d8-aac3-de81602aa1d5@group-E9810A644481, cid=2940, SUCCESS, logIndex=4046, commits[c9f1298e-d840-49d8-aac3-de81602aa1d5:c4046]
2019-08-30 23:40:21,951 [SCMBlockDeletingService#0] DEBUG block.SCMBlockDeletingService (SCMBlockDeletingService.java:call(138)) - Running DeletedBlockTransactionScanner
2019-08-30 23:40:21,951 [SCMBlockDeletingService#0] DEBUG block.SCMBlockDeletingService (SCMBlockDeletingService.java:call(155)) - Scanned deleted blocks log and got 0 delTX to process.
2019-08-30 23:40:21,966 [grpc-default-executor-1] INFO  client.GrpcClientProtocolClient (GrpcClientProtocolClient.java:onNext(255)) - client-7EF960CB3D58->c9f1298e-d840-49d8-aac3-de81602aa1d5: receive RaftClientReply:client-7EF960CB3D58->c9f1298e-d840-49d8-aac3-de81602aa1d5@group-E9810A644481, cid=2941, SUCCESS, logIndex=4048, commits[c9f1298e-d840-49d8-aac3-de81602aa1d5:c4049]
2019-08-30 23:40:21,966 [grpc-default-executor-1] INFO  client.GrpcClientProtocolClient (GrpcClientProtocolClient.java:onNext(255)) - client-7EF960CB3D58->c9f1298e-d840-49d8-aac3-de81602aa1d5: receive RaftClientReply:client-7EF960CB3D58->c9f1298e-d840-49d8-aac3-de81602aa1d5@group-E9810A644481, cid=2942, SUCCESS, logIndex=4049, commits[c9f1298e-d840-49d8-aac3-de81602aa1d5:c4049]
2019-08-30 23:40:21,982 [grpc-default-executor-1] INFO  client.GrpcClientProtocolClient (GrpcClientProtocolClient.java:onNext(255)) - client-7EF960CB3D58->c9f1298e-d840-49d8-aac3-de81602aa1d5: receive RaftClientReply:client-7EF960CB3D58->c9f1298e-d840-49d8-aac3-de81602aa1d5@group-E9810A644481, cid=2943, SUCCESS, logIndex=4050, commits[c9f1298e-d840-49d8-aac3-de81602aa1d5:c4051]
2019-08-30 23:40:21,983 [grpc-default-executor-1] INFO  client.GrpcClientProtocolClient (GrpcClientProtocolClient.java:onNext(255)) - client-7EF960CB3D58->c9f1298e-d840-49d8-aac3-de81602aa1d5: receive RaftClientReply:client-7EF960CB3D58->c9f1298e-d840-49d8-aac3-de81602aa1d5@group-E9810A644481, cid=2944, SUCCESS, logIndex=4051, commits[c9f1298e-d840-49d8-aac3-de81602aa1d5:c4051]
2019-08-30 23:40:22,013 [grpc-default-executor-1] INFO  client.GrpcClientProtocolClient (GrpcClientProtocolClient.java:onNext(255)) - client-7EF960CB3D58->c9f1298e-d840-49d8-aac3-de81602aa1d5: receive RaftClientReply:client-7EF960CB3D58->c9f1298e-d840-49d8-aac3-de81602aa1d5@group-E9810A644481, cid=2945, SUCCESS, logIndex=4054, commits[c9f1298e-d840-49d8-aac3-de81602aa1d5:c4055]
2019-08-30 23:40:22,013 [grpc-default-executor-1] INFO  client.GrpcClientProtocolClient (GrpcClientProtocolClient.java:onNext(255)) - client-7EF960CB3D58->c9f1298e-d840-49d8-aac3-de81602aa1d5: receive RaftClientReply:client-7EF960CB3D58->c9f1298e-d840-49d8-aac3-de81602aa1d5@group-E9810A644481, cid=2946, SUCCESS, logIndex=4055, commits[c9f1298e-d840-49d8-aac3-de81602aa1d5:c4055]
2019-08-30 23:40:22,014 [grpc-default-executor-1] INFO  client.GrpcClientProtocolClient (GrpcClientProtocolClient.java:onNext(255)) - client-7EF960CB3D58->c9f1298e-d840-49d8-aac3-de81602aa1d5: receive RaftClientReply:client-7EF960CB3D58->c9f1298e-d840-49d8-aac3-de81602aa1d5@group-E9810A644481, cid=2947, SUCCESS, logIndex=4056, commits[c9f1298e-d840-49d8-aac3-de81602aa1d5:c4057]
2019-08-30 23:40:22,014 [grpc-default-executor-1] INFO  client.GrpcClientProtocolClient (GrpcClientProtocolClient.java:onNext(255)) - client-7EF960CB3D58->c9f1298e-d840-49d8-aac3-de81602aa1d5: receive RaftClientReply:client-7EF960CB3D58->c9f1298e-d840-49d8-aac3-de81602aa1d5@group-E9810A644481, cid=2948, SUCCESS, logIndex=4057, commits[c9f1298e-d840-49d8-aac3-de81602aa1d5:c4057]
2019-08-30 23:40:22,030 [grpc-default-executor-0] INFO  client.GrpcClientProtocolClient (GrpcClientProtocolClient.java:onNext(255)) - client-7EF960CB3D58->c9f1298e-d840-49d8-aac3-de81602aa1d5: receive RaftClientReply:client-7EF960CB3D58->c9f1298e-d840-49d8-aac3-de81602aa1d5@group-E9810A644481, cid=2949, SUCCESS, logIndex=4060, commits[c9f1298e-d840-49d8-aac3-de81602aa1d5:c4063]
2019-08-30 23:40:22,031 [grpc-default-executor-0] INFO  client.GrpcClientProtocolClient (GrpcClientProtocolClient.java:onNext(255)) - client-7EF960CB3D58->c9f1298e-d840-49d8-aac3-de81602aa1d5: receive RaftClientReply:client-7EF960CB3D58->c9f1298e-d840-49d8-aac3-de81602aa1d5@group-E9810A644481, cid=2950, SUCCESS, logIndex=4061, commits[c9f1298e-d840-49d8-aac3-de81602aa1d5:c4063]
2019-08-30 23:40:22,031 [grpc-default-executor-0] INFO  client.GrpcClientProtocolClient (GrpcClientProtocolClient.java:onNext(255)) - client-7EF960CB3D58->c9f1298e-d840-49d8-aac3-de81602aa1d5: receive RaftClientReply:client-7EF960CB3D58->c9f1298e-d840-49d8-aac3-de81602aa1d5@group-E9810A644481, cid=2951, SUCCESS, logIndex=4062, commits[c9f1298e-d840-49d8-aac3-de81602aa1d5:c4063]
2019-08-30 23:40:22,031 [grpc-default-executor-0] INFO  client.GrpcClientProtocolClient (GrpcClientProtocolClient.java:onNext(255)) - client-7EF960CB3D58->c9f1298e-d840-49d8-aac3-de81602aa1d5: receive RaftClientReply:client-7EF960CB3D58->c9f1298e-d840-49d8-aac3-de81602aa1d5@group-E9810A644481, cid=2952, SUCCESS, logIndex=4063, commits[c9f1298e-d840-49d8-aac3-de81602aa1d5:c4063]
2019-08-30 23:40:22,052 [SCMBlockDeletingService#0] DEBUG block.SCMBlockDeletingService (SCMBlockDeletingService.java:call(138)) - Running DeletedBlockTransactionScanner
2019-08-30 23:40:22,052 [SCMBlockDeletingService#0] DEBUG block.SCMBlockDeletingService (SCMBlockDeletingService.java:call(155)) - Scanned deleted blocks log and got 0 delTX to process.
2019-08-30 23:40:22,077 [grpc-default-executor-0] INFO  client.GrpcClientProtocolClient (GrpcClientProtocolClient.java:onNext(255)) - client-7EF960CB3D58->c9f1298e-d840-49d8-aac3-de81602aa1d5: receive RaftClientReply:client-7EF960CB3D58->c9f1298e-d840-49d8-aac3-de81602aa1d5@group-E9810A644481, cid=2953, SUCCESS, logIndex=4065, commits[c9f1298e-d840-49d8-aac3-de81602aa1d5:c4066]
2019-08-30 23:40:22,077 [grpc-default-executor-0] INFO  client.GrpcClientProtocolClient (GrpcClientProtocolClient.java:onNext(255)) - client-7EF960CB3D58->c9f1298e-d840-49d8-aac3-de81602aa1d5: receive RaftClientReply:client-7EF960CB3D58->c9f1298e-d840-49d8-aac3-de81602aa1d5@group-E9810A644481, cid=2954, SUCCESS, logIndex=4066, commits[c9f1298e-d840-49d8-aac3-de81602aa1d5:c4066]
2019-08-30 23:40:22,086 [grpc-default-executor-0] INFO  client.GrpcClientProtocolClient (GrpcClientProtocolClient.java:onNext(255)) - client-7EF960CB3D58->c9f1298e-d840-49d8-aac3-de81602aa1d5: receive RaftClientReply:client-7EF960CB3D58->c9f1298e-d840-49d8-aac3-de81602aa1d5@group-E9810A644481, cid=2955, SUCCESS, logIndex=4067, commits[c9f1298e-d840-49d8-aac3-de81602aa1d5:c4068]
2019-08-30 23:40:22,086 [grpc-default-executor-0] INFO  client.GrpcClientProtocolClient (GrpcClientProtocolClient.java:onNext(255)) - client-7EF960CB3D58->c9f1298e-d840-49d8-aac3-de81602aa1d5: receive RaftClientReply:client-7EF960CB3D58->c9f1298e-d840-49d8-aac3-de81602aa1d5@group-E9810A644481, cid=2956, SUCCESS, logIndex=4068, commits[c9f1298e-d840-49d8-aac3-de81602aa1d5:c4068]
2019-08-30 23:40:22,100 [grpc-default-executor-0] INFO  client.GrpcClientProtocolClient (GrpcClientProtocolClient.java:onNext(255)) - client-7EF960CB3D58->c9f1298e-d840-49d8-aac3-de81602aa1d5: receive RaftClientReply:client-7EF960CB3D58->c9f1298e-d840-49d8-aac3-de81602aa1d5@group-E9810A644481, cid=2957, SUCCESS, logIndex=4071, commits[c9f1298e-d840-49d8-aac3-de81602aa1d5:c4072]
2019-08-30 23:40:22,100 [grpc-default-executor-0] INFO  client.GrpcClientProtocolClient (GrpcClientProtocolClient.java:onNext(255)) - client-7EF960CB3D58->c9f1298e-d840-49d8-aac3-de81602aa1d5: receive RaftClientReply:client-7EF960CB3D58->c9f1298e-d840-49d8-aac3-de81602aa1d5@group-E9810A644481, cid=2958, SUCCESS, logIndex=4072, commits[c9f1298e-d840-49d8-aac3-de81602aa1d5:c4072]
2019-08-30 23:40:22,112 [grpc-default-executor-0] INFO  client.GrpcClientProtocolClient (GrpcClientProtocolClient.java:onNext(255)) - client-7EF960CB3D58->c9f1298e-d840-49d8-aac3-de81602aa1d5: receive RaftClientReply:client-7EF960CB3D58->c9f1298e-d840-49d8-aac3-de81602aa1d5@group-E9810A644481, cid=2959, SUCCESS, logIndex=4073, commits[c9f1298e-d840-49d8-aac3-de81602aa1d5:c4074]
2019-08-30 23:40:22,112 [grpc-default-executor-0] INFO  client.GrpcClientProtocolClient (GrpcClientProtocolClient.java:onNext(255)) - client-7EF960CB3D58->c9f1298e-d840-49d8-aac3-de81602aa1d5: receive RaftClientReply:client-7EF960CB3D58->c9f1298e-d840-49d8-aac3-de81602aa1d5@group-E9810A644481, cid=2960, SUCCESS, logIndex=4074, commits[c9f1298e-d840-49d8-aac3-de81602aa1d5:c4074]
2019-08-30 23:40:22,221 [SCMBlockDeletingService#0] DEBUG block.SCMBlockDeletingService (SCMBlockDeletingService.java:call(138)) - Running DeletedBlockTransactionScanner
2019-08-30 23:40:22,221 [SCMBlockDeletingService#0] DEBUG block.SCMBlockDeletingService (SCMBlockDeletingService.java:call(155)) - Scanned deleted blocks log and got 0 delTX to process.
2019-08-30 23:40:22,321 [SCMBlockDeletingService#0] DEBUG block.SCMBlockDeletingService (SCMBlockDeletingService.java:call(138)) - Running DeletedBlockTransactionScanner
2019-08-30 23:40:22,322 [SCMBlockDeletingService#0] DEBUG block.SCMBlockDeletingService (SCMBlockDeletingService.java:call(155)) - Scanned deleted blocks log and got 0 delTX to process.
2019-08-30 23:40:22,376 [grpc-default-executor-0] INFO  client.GrpcClientProtocolClient (GrpcClientProtocolClient.java:onNext(255)) - client-7EF960CB3D58->c9f1298e-d840-49d8-aac3-de81602aa1d5: receive RaftClientReply:client-7EF960CB3D58->c9f1298e-d840-49d8-aac3-de81602aa1d5@group-E9810A644481, cid=2961, SUCCESS, logIndex=4077, commits[c9f1298e-d840-49d8-aac3-de81602aa1d5:c4080]
2019-08-30 23:40:22,376 [grpc-default-executor-0] INFO  client.GrpcClientProtocolClient (GrpcClientProtocolClient.java:onNext(255)) - client-7EF960CB3D58->c9f1298e-d840-49d8-aac3-de81602aa1d5: receive RaftClientReply:client-7EF960CB3D58->c9f1298e-d840-49d8-aac3-de81602aa1d5@group-E9810A644481, cid=2962, SUCCESS, logIndex=4078, commits[c9f1298e-d840-49d8-aac3-de81602aa1d5:c4080]
2019-08-30 23:40:22,377 [grpc-default-executor-0] INFO  client.GrpcClientProtocolClient (GrpcClientProtocolClient.java:onNext(255)) - client-7EF960CB3D58->c9f1298e-d840-49d8-aac3-de81602aa1d5: receive RaftClientReply:client-7EF960CB3D58->c9f1298e-d840-49d8-aac3-de81602aa1d5@group-E9810A644481, cid=2963, SUCCESS, logIndex=4079, commits[c9f1298e-d840-49d8-aac3-de81602aa1d5:c4080]
2019-08-30 23:40:22,377 [grpc-default-executor-0] INFO  client.GrpcClientProtocolClient (GrpcClientProtocolClient.java:onNext(255)) - client-7EF960CB3D58->c9f1298e-d840-49d8-aac3-de81602aa1d5: receive RaftClientReply:client-7EF960CB3D58->c9f1298e-d840-49d8-aac3-de81602aa1d5@group-E9810A644481, cid=2964, SUCCESS, logIndex=4080, commits[c9f1298e-d840-49d8-aac3-de81602aa1d5:c4080]
2019-08-30 23:40:22,392 [grpc-default-executor-0] INFO  client.GrpcClientProtocolClient (GrpcClientProtocolClient.java:onNext(255)) - client-7EF960CB3D58->c9f1298e-d840-49d8-aac3-de81602aa1d5: receive RaftClientReply:client-7EF960CB3D58->c9f1298e-d840-49d8-aac3-de81602aa1d5@group-E9810A644481, cid=2965, SUCCESS, logIndex=4082, commits[c9f1298e-d840-49d8-aac3-de81602aa1d5:c4085]
2019-08-30 23:40:22,393 [grpc-default-executor-0] INFO  client.GrpcClientProtocolClient (GrpcClientProtocolClient.java:onNext(255)) - client-7EF960CB3D58->c9f1298e-d840-49d8-aac3-de81602aa1d5: receive RaftClientReply:client-7EF960CB3D58->c9f1298e-d840-49d8-aac3-de81602aa1d5@group-E9810A644481, cid=2966, SUCCESS, logIndex=4083, commits[c9f1298e-d840-49d8-aac3-de81602aa1d5:c4085]
2019-08-30 23:40:22,393 [grpc-default-executor-0] INFO  client.GrpcClientProtocolClient (GrpcClientProtocolClient.java:onNext(255)) - client-7EF960CB3D58->c9f1298e-d840-49d8-aac3-de81602aa1d5: receive RaftClientReply:client-7EF960CB3D58->c9f1298e-d840-49d8-aac3-de81602aa1d5@group-E9810A644481, cid=2967, SUCCESS, logIndex=4084, commits[c9f1298e-d840-49d8-aac3-de81602aa1d5:c4085]
2019-08-30 23:40:22,393 [grpc-default-executor-0] INFO  client.GrpcClientProtocolClient (GrpcClientProtocolClient.java:onNext(255)) - client-7EF960CB3D58->c9f1298e-d840-49d8-aac3-de81602aa1d5: receive RaftClientReply:client-7EF960CB3D58->c9f1298e-d840-49d8-aac3-de81602aa1d5@group-E9810A644481, cid=2968, SUCCESS, logIndex=4085, commits[c9f1298e-d840-49d8-aac3-de81602aa1d5:c4085]
2019-08-30 23:40:22,422 [SCMBlockDeletingService#0] DEBUG block.SCMBlockDeletingService (SCMBlockDeletingService.java:call(138)) - Running DeletedBlockTransactionScanner
2019-08-30 23:40:22,422 [SCMBlockDeletingService#0] DEBUG block.SCMBlockDeletingService (SCMBlockDeletingService.java:call(155)) - Scanned deleted blocks log and got 0 delTX to process.
2019-08-30 23:40:22,430 [grpc-default-executor-1] INFO  client.GrpcClientProtocolClient (GrpcClientProtocolClient.java:onNext(255)) - client-7EF960CB3D58->c9f1298e-d840-49d8-aac3-de81602aa1d5: receive RaftClientReply:client-7EF960CB3D58->c9f1298e-d840-49d8-aac3-de81602aa1d5@group-E9810A644481, cid=2969, SUCCESS, logIndex=4087, commits[c9f1298e-d840-49d8-aac3-de81602aa1d5:c4088]
2019-08-30 23:40:22,430 [grpc-default-executor-1] INFO  client.GrpcClientProtocolClient (GrpcClientProtocolClient.java:onNext(255)) - client-7EF960CB3D58->c9f1298e-d840-49d8-aac3-de81602aa1d5: receive RaftClientReply:client-7EF960CB3D58->c9f1298e-d840-49d8-aac3-de81602aa1d5@group-E9810A644481, cid=2970, SUCCESS, logIndex=4088, commits[c9f1298e-d840-49d8-aac3-de81602aa1d5:c4088]
2019-08-30 23:40:22,441 [grpc-default-executor-1] INFO  client.GrpcClientProtocolClient (GrpcClientProtocolClient.java:onNext(255)) - client-7EF960CB3D58->c9f1298e-d840-49d8-aac3-de81602aa1d5: receive RaftClientReply:client-7EF960CB3D58->c9f1298e-d840-49d8-aac3-de81602aa1d5@group-E9810A644481, cid=2971, SUCCESS, logIndex=4089, commits[c9f1298e-d840-49d8-aac3-de81602aa1d5:c4090]
2019-08-30 23:40:22,441 [grpc-default-executor-1] INFO  client.GrpcClientProtocolClient (GrpcClientProtocolClient.java:onNext(255)) - client-7EF960CB3D58->c9f1298e-d840-49d8-aac3-de81602aa1d5: receive RaftClientReply:client-7EF960CB3D58->c9f1298e-d840-49d8-aac3-de81602aa1d5@group-E9810A644481, cid=2972, SUCCESS, logIndex=4090, commits[c9f1298e-d840-49d8-aac3-de81602aa1d5:c4090]
2019-08-30 23:40:22,456 [grpc-default-executor-0] INFO  client.GrpcClientProtocolClient (GrpcClientProtocolClient.java:onNext(255)) - client-7EF960CB3D58->c9f1298e-d840-49d8-aac3-de81602aa1d5: receive RaftClientReply:client-7EF960CB3D58->c9f1298e-d840-49d8-aac3-de81602aa1d5@group-E9810A644481, cid=2973, SUCCESS, logIndex=4093, commits[c9f1298e-d840-49d8-aac3-de81602aa1d5:c4094]
2019-08-30 23:40:22,456 [grpc-default-executor-0] INFO  client.GrpcClientProtocolClient (GrpcClientProtocolClient.java:onNext(255)) - client-7EF960CB3D58->c9f1298e-d840-49d8-aac3-de81602aa1d5: receive RaftClientReply:client-7EF960CB3D58->c9f1298e-d840-49d8-aac3-de81602aa1d5@group-E9810A644481, cid=2974, SUCCESS, logIndex=4094, commits[c9f1298e-d840-49d8-aac3-de81602aa1d5:c4094]
2019-08-30 23:40:22,462 [grpc-default-executor-0] INFO  client.GrpcClientProtocolClient (GrpcClientProtocolClient.java:onNext(255)) - client-7EF960CB3D58->c9f1298e-d840-49d8-aac3-de81602aa1d5: receive RaftClientReply:client-7EF960CB3D58->c9f1298e-d840-49d8-aac3-de81602aa1d5@group-E9810A644481, cid=2975, SUCCESS, logIndex=4095, commits[c9f1298e-d840-49d8-aac3-de81602aa1d5:c4096]
2019-08-30 23:40:22,462 [grpc-default-executor-0] INFO  client.GrpcClientProtocolClient (GrpcClientProtocolClient.java:onNext(255)) - client-7EF960CB3D58->c9f1298e-d840-49d8-aac3-de81602aa1d5: receive RaftClientReply:client-7EF960CB3D58->c9f1298e-d840-49d8-aac3-de81602aa1d5@group-E9810A644481, cid=2976, SUCCESS, logIndex=4096, commits[c9f1298e-d840-49d8-aac3-de81602aa1d5:c4096]
2019-08-30 23:40:22,486 [grpc-default-executor-1] INFO  client.GrpcClientProtocolClient (GrpcClientProtocolClient.java:onNext(255)) - client-7EF960CB3D58->c9f1298e-d840-49d8-aac3-de81602aa1d5: receive RaftClientReply:client-7EF960CB3D58->c9f1298e-d840-49d8-aac3-de81602aa1d5@group-E9810A644481, cid=2977, SUCCESS, logIndex=4099, commits[c9f1298e-d840-49d8-aac3-de81602aa1d5:c4100]
2019-08-30 23:40:22,487 [grpc-default-executor-1] INFO  client.GrpcClientProtocolClient (GrpcClientProtocolClient.java:onNext(255)) - client-7EF960CB3D58->c9f1298e-d840-49d8-aac3-de81602aa1d5: receive RaftClientReply:client-7EF960CB3D58->c9f1298e-d840-49d8-aac3-de81602aa1d5@group-E9810A644481, cid=2978, SUCCESS, logIndex=4100, commits[c9f1298e-d840-49d8-aac3-de81602aa1d5:c4100]
2019-08-30 23:40:22,495 [grpc-default-executor-1] INFO  client.GrpcClientProtocolClient (GrpcClientProtocolClient.java:onNext(255)) - client-7EF960CB3D58->c9f1298e-d840-49d8-aac3-de81602aa1d5: receive RaftClientReply:client-7EF960CB3D58->c9f1298e-d840-49d8-aac3-de81602aa1d5@group-E9810A644481, cid=2979, SUCCESS, logIndex=4101, commits[c9f1298e-d840-49d8-aac3-de81602aa1d5:c4102]
2019-08-30 23:40:22,495 [grpc-default-executor-1] INFO  client.GrpcClientProtocolClient (GrpcClientProtocolClient.java:onNext(255)) - client-7EF960CB3D58->c9f1298e-d840-49d8-aac3-de81602aa1d5: receive RaftClientReply:client-7EF960CB3D58->c9f1298e-d840-49d8-aac3-de81602aa1d5@group-E9810A644481, cid=2980, SUCCESS, logIndex=4102, commits[c9f1298e-d840-49d8-aac3-de81602aa1d5:c4102]
2019-08-30 23:40:22,523 [SCMBlockDeletingService#0] DEBUG block.SCMBlockDeletingService (SCMBlockDeletingService.java:call(138)) - Running DeletedBlockTransactionScanner
2019-08-30 23:40:22,523 [SCMBlockDeletingService#0] DEBUG block.SCMBlockDeletingService (SCMBlockDeletingService.java:call(155)) - Scanned deleted blocks log and got 0 delTX to process.
2019-08-30 23:40:22,530 [grpc-default-executor-1] INFO  client.GrpcClientProtocolClient (GrpcClientProtocolClient.java:onNext(255)) - client-7EF960CB3D58->c9f1298e-d840-49d8-aac3-de81602aa1d5: receive RaftClientReply:client-7EF960CB3D58->c9f1298e-d840-49d8-aac3-de81602aa1d5@group-E9810A644481, cid=2981, SUCCESS, logIndex=4105, commits[c9f1298e-d840-49d8-aac3-de81602aa1d5:c4108]
2019-08-30 23:40:22,530 [grpc-default-executor-1] INFO  client.GrpcClientProtocolClient (GrpcClientProtocolClient.java:onNext(255)) - client-7EF960CB3D58->c9f1298e-d840-49d8-aac3-de81602aa1d5: receive RaftClientReply:client-7EF960CB3D58->c9f1298e-d840-49d8-aac3-de81602aa1d5@group-E9810A644481, cid=2982, SUCCESS, logIndex=4106, commits[c9f1298e-d840-49d8-aac3-de81602aa1d5:c4108]
2019-08-30 23:40:22,531 [grpc-default-executor-1] INFO  client.GrpcClientProtocolClient (GrpcClientProtocolClient.java:onNext(255)) - client-7EF960CB3D58->c9f1298e-d840-49d8-aac3-de81602aa1d5: receive RaftClientReply:client-7EF960CB3D58->c9f1298e-d840-49d8-aac3-de81602aa1d5@group-E9810A644481, cid=2983, SUCCESS, logIndex=4107, commits[c9f1298e-d840-49d8-aac3-de81602aa1d5:c4108]
2019-08-30 23:40:22,531 [grpc-default-executor-1] INFO  client.GrpcClientProtocolClient (GrpcClientProtocolClient.java:onNext(255)) - client-7EF960CB3D58->c9f1298e-d840-49d8-aac3-de81602aa1d5: receive RaftClientReply:client-7EF960CB3D58->c9f1298e-d840-49d8-aac3-de81602aa1d5@group-E9810A644481, cid=2984, SUCCESS, logIndex=4108, commits[c9f1298e-d840-49d8-aac3-de81602aa1d5:c4108]
2019-08-30 23:40:22,564 [grpc-default-executor-0] INFO  client.GrpcClientProtocolClient (GrpcClientProtocolClient.java:onNext(255)) - client-7EF960CB3D58->c9f1298e-d840-49d8-aac3-de81602aa1d5: receive RaftClientReply:client-7EF960CB3D58->c9f1298e-d840-49d8-aac3-de81602aa1d5@group-E9810A644481, cid=2985, SUCCESS, logIndex=4110, commits[c9f1298e-d840-49d8-aac3-de81602aa1d5:c4113]
2019-08-30 23:40:22,565 [grpc-default-executor-0] INFO  client.GrpcClientProtocolClient (GrpcClientProtocolClient.java:onNext(255)) - client-7EF960CB3D58->c9f1298e-d840-49d8-aac3-de81602aa1d5: receive RaftClientReply:client-7EF960CB3D58->c9f1298e-d840-49d8-aac3-de81602aa1d5@group-E9810A644481, cid=2986, SUCCESS, logIndex=4111, commits[c9f1298e-d840-49d8-aac3-de81602aa1d5:c4113]
2019-08-30 23:40:22,565 [grpc-default-executor-0] INFO  client.GrpcClientProtocolClient (GrpcClientProtocolClient.java:onNext(255)) - client-7EF960CB3D58->c9f1298e-d840-49d8-aac3-de81602aa1d5: receive RaftClientReply:client-7EF960CB3D58->c9f1298e-d840-49d8-aac3-de81602aa1d5@group-E9810A644481, cid=2987, SUCCESS, logIndex=4112, commits[c9f1298e-d840-49d8-aac3-de81602aa1d5:c4113]
2019-08-30 23:40:22,565 [grpc-default-executor-0] INFO  client.GrpcClientProtocolClient (GrpcClientProtocolClient.java:onNext(255)) - client-7EF960CB3D58->c9f1298e-d840-49d8-aac3-de81602aa1d5: receive RaftClientReply:client-7EF960CB3D58->c9f1298e-d840-49d8-aac3-de81602aa1d5@group-E9810A644481, cid=2988, SUCCESS, logIndex=4113, commits[c9f1298e-d840-49d8-aac3-de81602aa1d5:c4113]
2019-08-30 23:40:22,581 [grpc-default-executor-1] INFO  client.GrpcClientProtocolClient (GrpcClientProtocolClient.java:onNext(255)) - client-7EF960CB3D58->c9f1298e-d840-49d8-aac3-de81602aa1d5: receive RaftClientReply:client-7EF960CB3D58->c9f1298e-d840-49d8-aac3-de81602aa1d5@group-E9810A644481, cid=2989, SUCCESS, logIndex=4115, commits[c9f1298e-d840-49d8-aac3-de81602aa1d5:c4116]
2019-08-30 23:40:22,582 [grpc-default-executor-1] INFO  client.GrpcClientProtocolClient (GrpcClientProtocolClient.java:onNext(255)) - client-7EF960CB3D58->c9f1298e-d840-49d8-aac3-de81602aa1d5: receive RaftClientReply:client-7EF960CB3D58->c9f1298e-d840-49d8-aac3-de81602aa1d5@group-E9810A644481, cid=2990, SUCCESS, logIndex=4116, commits[c9f1298e-d840-49d8-aac3-de81602aa1d5:c4116]
2019-08-30 23:40:22,589 [grpc-default-executor-1] INFO  client.GrpcClientProtocolClient (GrpcClientProtocolClient.java:onNext(255)) - client-7EF960CB3D58->c9f1298e-d840-49d8-aac3-de81602aa1d5: receive RaftClientReply:client-7EF960CB3D58->c9f1298e-d840-49d8-aac3-de81602aa1d5@group-E9810A644481, cid=2991, SUCCESS, logIndex=4117, commits[c9f1298e-d840-49d8-aac3-de81602aa1d5:c4118]
2019-08-30 23:40:22,589 [grpc-default-executor-1] INFO  client.GrpcClientProtocolClient (GrpcClientProtocolClient.java:onNext(255)) - client-7EF960CB3D58->c9f1298e-d840-49d8-aac3-de81602aa1d5: receive RaftClientReply:client-7EF960CB3D58->c9f1298e-d840-49d8-aac3-de81602aa1d5@group-E9810A644481, cid=2992, SUCCESS, logIndex=4118, commits[c9f1298e-d840-49d8-aac3-de81602aa1d5:c4118]
2019-08-30 23:40:22,614 [grpc-default-executor-0] INFO  client.GrpcClientProtocolClient (GrpcClientProtocolClient.java:onNext(255)) - client-7EF960CB3D58->c9f1298e-d840-49d8-aac3-de81602aa1d5: receive RaftClientReply:client-7EF960CB3D58->c9f1298e-d840-49d8-aac3-de81602aa1d5@group-E9810A644481, cid=2993, SUCCESS, logIndex=4121, commits[c9f1298e-d840-49d8-aac3-de81602aa1d5:c4122]
2019-08-30 23:40:22,614 [grpc-default-executor-0] INFO  client.GrpcClientProtocolClient (GrpcClientProtocolClient.java:onNext(255)) - client-7EF960CB3D58->c9f1298e-d840-49d8-aac3-de81602aa1d5: receive RaftClientReply:client-7EF960CB3D58->c9f1298e-d840-49d8-aac3-de81602aa1d5@group-E9810A644481, cid=2994, SUCCESS, logIndex=4122, commits[c9f1298e-d840-49d8-aac3-de81602aa1d5:c4122]
2019-08-30 23:40:22,620 [grpc-default-executor-0] INFO  client.GrpcClientProtocolClient (GrpcClientProtocolClient.java:onNext(255)) - client-7EF960CB3D58->c9f1298e-d840-49d8-aac3-de81602aa1d5: receive RaftClientReply:client-7EF960CB3D58->c9f1298e-d840-49d8-aac3-de81602aa1d5@group-E9810A644481, cid=2995, SUCCESS, logIndex=4123, commits[c9f1298e-d840-49d8-aac3-de81602aa1d5:c4124]
2019-08-30 23:40:22,621 [grpc-default-executor-0] INFO  client.GrpcClientProtocolClient (GrpcClientProtocolClient.java:onNext(255)) - client-7EF960CB3D58->c9f1298e-d840-49d8-aac3-de81602aa1d5: receive RaftClientReply:client-7EF960CB3D58->c9f1298e-d840-49d8-aac3-de81602aa1d5@group-E9810A644481, cid=2996, SUCCESS, logIndex=4124, commits[c9f1298e-d840-49d8-aac3-de81602aa1d5:c4124]
2019-08-30 23:40:22,623 [SCMBlockDeletingService#0] DEBUG block.SCMBlockDeletingService (SCMBlockDeletingService.java:call(138)) - Running DeletedBlockTransactionScanner
2019-08-30 23:40:22,624 [SCMBlockDeletingService#0] DEBUG block.SCMBlockDeletingService (SCMBlockDeletingService.java:call(155)) - Scanned deleted blocks log and got 0 delTX to process.
2019-08-30 23:40:22,656 [grpc-default-executor-0] INFO  client.GrpcClientProtocolClient (GrpcClientProtocolClient.java:onNext(255)) - client-7EF960CB3D58->c9f1298e-d840-49d8-aac3-de81602aa1d5: receive RaftClientReply:client-7EF960CB3D58->c9f1298e-d840-49d8-aac3-de81602aa1d5@group-E9810A644481, cid=2997, SUCCESS, logIndex=4127, commits[c9f1298e-d840-49d8-aac3-de81602aa1d5:c4128]
2019-08-30 23:40:22,656 [grpc-default-executor-0] INFO  client.GrpcClientProtocolClient (GrpcClientProtocolClient.java:onNext(255)) - client-7EF960CB3D58->c9f1298e-d840-49d8-aac3-de81602aa1d5: receive RaftClientReply:client-7EF960CB3D58->c9f1298e-d840-49d8-aac3-de81602aa1d5@group-E9810A644481, cid=2998, SUCCESS, logIndex=4128, commits[c9f1298e-d840-49d8-aac3-de81602aa1d5:c4128]
2019-08-30 23:40:22,666 [grpc-default-executor-0] INFO  client.GrpcClientProtocolClient (GrpcClientProtocolClient.java:onNext(255)) - client-7EF960CB3D58->c9f1298e-d840-49d8-aac3-de81602aa1d5: receive RaftClientReply:client-7EF960CB3D58->c9f1298e-d840-49d8-aac3-de81602aa1d5@group-E9810A644481, cid=2999, SUCCESS, logIndex=4129, commits[c9f1298e-d840-49d8-aac3-de81602aa1d5:c4130]
2019-08-30 23:40:22,667 [grpc-default-executor-0] INFO  client.GrpcClientProtocolClient (GrpcClientProtocolClient.java:onNext(255)) - client-7EF960CB3D58->c9f1298e-d840-49d8-aac3-de81602aa1d5: receive RaftClientReply:client-7EF960CB3D58->c9f1298e-d840-49d8-aac3-de81602aa1d5@group-E9810A644481, cid=3000, SUCCESS, logIndex=4130, commits[c9f1298e-d840-49d8-aac3-de81602aa1d5:c4130]
2019-08-30 23:40:22,693 [grpc-default-executor-0] INFO  client.GrpcClientProtocolClient (GrpcClientProtocolClient.java:onNext(255)) - client-7EF960CB3D58->c9f1298e-d840-49d8-aac3-de81602aa1d5: receive RaftClientReply:client-7EF960CB3D58->c9f1298e-d840-49d8-aac3-de81602aa1d5@group-E9810A644481, cid=3001, SUCCESS, logIndex=4133, commits[c9f1298e-d840-49d8-aac3-de81602aa1d5:c4136]
2019-08-30 23:40:22,694 [grpc-default-executor-0] INFO  client.GrpcClientProtocolClient (GrpcClientProtocolClient.java:onNext(255)) - client-7EF960CB3D58->c9f1298e-d840-49d8-aac3-de81602aa1d5: receive RaftClientReply:client-7EF960CB3D58->c9f1298e-d840-49d8-aac3-de81602aa1d5@group-E9810A644481, cid=3002, SUCCESS, logIndex=4134, commits[c9f1298e-d840-49d8-aac3-de81602aa1d5:c4136]
2019-08-30 23:40:22,694 [grpc-default-executor-0] INFO  client.GrpcClientProtocolClient (GrpcClientProtocolClient.java:onNext(255)) - client-7EF960CB3D58->c9f1298e-d840-49d8-aac3-de81602aa1d5: receive RaftClientReply:client-7EF960CB3D58->c9f1298e-d840-49d8-aac3-de81602aa1d5@group-E9810A644481, cid=3003, SUCCESS, logIndex=4135, commits[c9f1298e-d840-49d8-aac3-de81602aa1d5:c4136]
2019-08-30 23:40:22,695 [grpc-default-executor-0] INFO  client.GrpcClientProtocolClient (GrpcClientProtocolClient.java:onNext(255)) - client-7EF960CB3D58->c9f1298e-d840-49d8-aac3-de81602aa1d5: receive RaftClientReply:client-7EF960CB3D58->c9f1298e-d840-49d8-aac3-de81602aa1d5@group-E9810A644481, cid=3004, SUCCESS, logIndex=4136, commits[c9f1298e-d840-49d8-aac3-de81602aa1d5:c4136]
2019-08-30 23:40:22,724 [SCMBlockDeletingService#0] DEBUG block.SCMBlockDeletingService (SCMBlockDeletingService.java:call(138)) - Running DeletedBlockTransactionScanner
2019-08-30 23:40:22,724 [SCMBlockDeletingService#0] DEBUG block.SCMBlockDeletingService (SCMBlockDeletingService.java:call(155)) - Scanned deleted blocks log and got 0 delTX to process.
2019-08-30 23:40:22,822 [grpc-default-executor-0] INFO  client.GrpcClientProtocolClient (GrpcClientProtocolClient.java:onNext(255)) - client-7EF960CB3D58->c9f1298e-d840-49d8-aac3-de81602aa1d5: receive RaftClientReply:client-7EF960CB3D58->c9f1298e-d840-49d8-aac3-de81602aa1d5@group-E9810A644481, cid=3005, SUCCESS, logIndex=4138, commits[c9f1298e-d840-49d8-aac3-de81602aa1d5:c4139]
2019-08-30 23:40:22,823 [grpc-default-executor-0] INFO  client.GrpcClientProtocolClient (GrpcClientProtocolClient.java:onNext(255)) - client-7EF960CB3D58->c9f1298e-d840-49d8-aac3-de81602aa1d5: receive RaftClientReply:client-7EF960CB3D58->c9f1298e-d840-49d8-aac3-de81602aa1d5@group-E9810A644481, cid=3006, SUCCESS, logIndex=4139, commits[c9f1298e-d840-49d8-aac3-de81602aa1d5:c4139]
2019-08-30 23:40:22,825 [SCMBlockDeletingService#0] DEBUG block.SCMBlockDeletingService (SCMBlockDeletingService.java:call(138)) - Running DeletedBlockTransactionScanner
2019-08-30 23:40:22,825 [SCMBlockDeletingService#0] DEBUG block.SCMBlockDeletingService (SCMBlockDeletingService.java:call(155)) - Scanned deleted blocks log and got 0 delTX to process.
2019-08-30 23:40:22,829 [grpc-default-executor-0] INFO  client.GrpcClientProtocolClient (GrpcClientProtocolClient.java:onNext(255)) - client-7EF960CB3D58->c9f1298e-d840-49d8-aac3-de81602aa1d5: receive RaftClientReply:client-7EF960CB3D58->c9f1298e-d840-49d8-aac3-de81602aa1d5@group-E9810A644481, cid=3007, SUCCESS, logIndex=4140, commits[c9f1298e-d840-49d8-aac3-de81602aa1d5:c4141]
2019-08-30 23:40:22,829 [grpc-default-executor-0] INFO  client.GrpcClientProtocolClient (GrpcClientProtocolClient.java:onNext(255)) - client-7EF960CB3D58->c9f1298e-d840-49d8-aac3-de81602aa1d5: receive RaftClientReply:client-7EF960CB3D58->c9f1298e-d840-49d8-aac3-de81602aa1d5@group-E9810A644481, cid=3008, SUCCESS, logIndex=4141, commits[c9f1298e-d840-49d8-aac3-de81602aa1d5:c4141]
2019-08-30 23:40:22,861 [grpc-default-executor-1] INFO  client.GrpcClientProtocolClient (GrpcClientProtocolClient.java:onNext(255)) - client-7EF960CB3D58->c9f1298e-d840-49d8-aac3-de81602aa1d5: receive RaftClientReply:client-7EF960CB3D58->c9f1298e-d840-49d8-aac3-de81602aa1d5@group-E9810A644481, cid=3009, SUCCESS, logIndex=4144, commits[c9f1298e-d840-49d8-aac3-de81602aa1d5:c4147]
2019-08-30 23:40:22,861 [grpc-default-executor-1] INFO  client.GrpcClientProtocolClient (GrpcClientProtocolClient.java:onNext(255)) - client-7EF960CB3D58->c9f1298e-d840-49d8-aac3-de81602aa1d5: receive RaftClientReply:client-7EF960CB3D58->c9f1298e-d840-49d8-aac3-de81602aa1d5@group-E9810A644481, cid=3010, SUCCESS, logIndex=4145, commits[c9f1298e-d840-49d8-aac3-de81602aa1d5:c4147]
2019-08-30 23:40:22,862 [grpc-default-executor-1] INFO  client.GrpcClientProtocolClient (GrpcClientProtocolClient.java:onNext(255)) - client-7EF960CB3D58->c9f1298e-d840-49d8-aac3-de81602aa1d5: receive RaftClientReply:client-7EF960CB3D58->c9f1298e-d840-49d8-aac3-de81602aa1d5@group-E9810A644481, cid=3011, SUCCESS, logIndex=4146, commits[c9f1298e-d840-49d8-aac3-de81602aa1d5:c4147]
2019-08-30 23:40:22,862 [grpc-default-executor-1] INFO  client.GrpcClientProtocolClient (GrpcClientProtocolClient.java:onNext(255)) - client-7EF960CB3D58->c9f1298e-d840-49d8-aac3-de81602aa1d5: receive RaftClientReply:client-7EF960CB3D58->c9f1298e-d840-49d8-aac3-de81602aa1d5@group-E9810A644481, cid=3012, SUCCESS, logIndex=4147, commits[c9f1298e-d840-49d8-aac3-de81602aa1d5:c4147]
2019-08-30 23:40:22,878 [grpc-default-executor-0] INFO  client.GrpcClientProtocolClient (GrpcClientProtocolClient.java:onNext(255)) - client-7EF960CB3D58->c9f1298e-d840-49d8-aac3-de81602aa1d5: receive RaftClientReply:client-7EF960CB3D58->c9f1298e-d840-49d8-aac3-de81602aa1d5@group-E9810A644481, cid=3013, SUCCESS, logIndex=4149, commits[c9f1298e-d840-49d8-aac3-de81602aa1d5:c4152]
2019-08-30 23:40:22,878 [grpc-default-executor-0] INFO  client.GrpcClientProtocolClient (GrpcClientProtocolClient.java:onNext(255)) - client-7EF960CB3D58->c9f1298e-d840-49d8-aac3-de81602aa1d5: receive RaftClientReply:client-7EF960CB3D58->c9f1298e-d840-49d8-aac3-de81602aa1d5@group-E9810A644481, cid=3014, SUCCESS, logIndex=4150, commits[c9f1298e-d840-49d8-aac3-de81602aa1d5:c4152]
2019-08-30 23:40:22,879 [grpc-default-executor-0] INFO  client.GrpcClientProtocolClient (GrpcClientProtocolClient.java:onNext(255)) - client-7EF960CB3D58->c9f1298e-d840-49d8-aac3-de81602aa1d5: receive RaftClientReply:client-7EF960CB3D58->c9f1298e-d840-49d8-aac3-de81602aa1d5@group-E9810A644481, cid=3015, SUCCESS, logIndex=4151, commits[c9f1298e-d840-49d8-aac3-de81602aa1d5:c4152]
2019-08-30 23:40:22,879 [grpc-default-executor-0] INFO  client.GrpcClientProtocolClient (GrpcClientProtocolClient.java:onNext(255)) - client-7EF960CB3D58->c9f1298e-d840-49d8-aac3-de81602aa1d5: receive RaftClientReply:client-7EF960CB3D58->c9f1298e-d840-49d8-aac3-de81602aa1d5@group-E9810A644481, cid=3016, SUCCESS, logIndex=4152, commits[c9f1298e-d840-49d8-aac3-de81602aa1d5:c4152]
2019-08-30 23:40:22,924 [grpc-default-executor-0] INFO  client.GrpcClientProtocolClient (GrpcClientProtocolClient.java:onNext(255)) - client-7EF960CB3D58->c9f1298e-d840-49d8-aac3-de81602aa1d5: receive RaftClientReply:client-7EF960CB3D58->c9f1298e-d840-49d8-aac3-de81602aa1d5@group-E9810A644481, cid=3017, SUCCESS, logIndex=4154, commits[c9f1298e-d840-49d8-aac3-de81602aa1d5:c4155]
2019-08-30 23:40:22,925 [grpc-default-executor-0] INFO  client.GrpcClientProtocolClient (GrpcClientProtocolClient.java:onNext(255)) - client-7EF960CB3D58->c9f1298e-d840-49d8-aac3-de81602aa1d5: receive RaftClientReply:client-7EF960CB3D58->c9f1298e-d840-49d8-aac3-de81602aa1d5@group-E9810A644481, cid=3018, SUCCESS, logIndex=4155, commits[c9f1298e-d840-49d8-aac3-de81602aa1d5:c4155]
2019-08-30 23:40:22,925 [SCMBlockDeletingService#0] DEBUG block.SCMBlockDeletingService (SCMBlockDeletingService.java:call(138)) - Running DeletedBlockTransactionScanner
2019-08-30 23:40:22,926 [grpc-default-executor-0] INFO  client.GrpcClientProtocolClient (GrpcClientProtocolClient.java:onNext(255)) - client-7EF960CB3D58->c9f1298e-d840-49d8-aac3-de81602aa1d5: receive RaftClientReply:client-7EF960CB3D58->c9f1298e-d840-49d8-aac3-de81602aa1d5@group-E9810A644481, cid=3019, SUCCESS, logIndex=4156, commits[c9f1298e-d840-49d8-aac3-de81602aa1d5:c4157]
2019-08-30 23:40:22,926 [SCMBlockDeletingService#0] DEBUG block.SCMBlockDeletingService (SCMBlockDeletingService.java:call(155)) - Scanned deleted blocks log and got 0 delTX to process.
2019-08-30 23:40:22,926 [grpc-default-executor-0] INFO  client.GrpcClientProtocolClient (GrpcClientProtocolClient.java:onNext(255)) - client-7EF960CB3D58->c9f1298e-d840-49d8-aac3-de81602aa1d5: receive RaftClientReply:client-7EF960CB3D58->c9f1298e-d840-49d8-aac3-de81602aa1d5@group-E9810A644481, cid=3020, SUCCESS, logIndex=4157, commits[c9f1298e-d840-49d8-aac3-de81602aa1d5:c4157]
2019-08-30 23:40:23,026 [SCMBlockDeletingService#0] DEBUG block.SCMBlockDeletingService (SCMBlockDeletingService.java:call(138)) - Running DeletedBlockTransactionScanner
2019-08-30 23:40:23,027 [SCMBlockDeletingService#0] DEBUG block.SCMBlockDeletingService (SCMBlockDeletingService.java:call(155)) - Scanned deleted blocks log and got 0 delTX to process.
2019-08-30 23:40:23,124 [grpc-default-executor-0] INFO  client.GrpcClientProtocolClient (GrpcClientProtocolClient.java:onNext(255)) - client-7EF960CB3D58->c9f1298e-d840-49d8-aac3-de81602aa1d5: receive RaftClientReply:client-7EF960CB3D58->c9f1298e-d840-49d8-aac3-de81602aa1d5@group-E9810A644481, cid=3021, SUCCESS, logIndex=4160, commits[c9f1298e-d840-49d8-aac3-de81602aa1d5:c4163]
2019-08-30 23:40:23,125 [grpc-default-executor-0] INFO  client.GrpcClientProtocolClient (GrpcClientProtocolClient.java:onNext(255)) - client-7EF960CB3D58->c9f1298e-d840-49d8-aac3-de81602aa1d5: receive RaftClientReply:client-7EF960CB3D58->c9f1298e-d840-49d8-aac3-de81602aa1d5@group-E9810A644481, cid=3022, SUCCESS, logIndex=4161, commits[c9f1298e-d840-49d8-aac3-de81602aa1d5:c4163]
2019-08-30 23:40:23,125 [grpc-default-executor-0] INFO  client.GrpcClientProtocolClient (GrpcClientProtocolClient.java:onNext(255)) - client-7EF960CB3D58->c9f1298e-d840-49d8-aac3-de81602aa1d5: receive RaftClientReply:client-7EF960CB3D58->c9f1298e-d840-49d8-aac3-de81602aa1d5@group-E9810A644481, cid=3023, SUCCESS, logIndex=4162, commits[c9f1298e-d840-49d8-aac3-de81602aa1d5:c4163]
2019-08-30 23:40:23,125 [grpc-default-executor-0] INFO  client.GrpcClientProtocolClient (GrpcClientProtocolClient.java:onNext(255)) - client-7EF960CB3D58->c9f1298e-d840-49d8-aac3-de81602aa1d5: receive RaftClientReply:client-7EF960CB3D58->c9f1298e-d840-49d8-aac3-de81602aa1d5@group-E9810A644481, cid=3024, SUCCESS, logIndex=4163, commits[c9f1298e-d840-49d8-aac3-de81602aa1d5:c4163]
2019-08-30 23:40:23,127 [SCMBlockDeletingService#0] DEBUG block.SCMBlockDeletingService (SCMBlockDeletingService.java:call(138)) - Running DeletedBlockTransactionScanner
2019-08-30 23:40:23,127 [SCMBlockDeletingService#0] DEBUG block.SCMBlockDeletingService (SCMBlockDeletingService.java:call(155)) - Scanned deleted blocks log and got 0 delTX to process.
2019-08-30 23:40:23,228 [SCMBlockDeletingService#0] DEBUG block.SCMBlockDeletingService (SCMBlockDeletingService.java:call(138)) - Running DeletedBlockTransactionScanner
2019-08-30 23:40:23,228 [SCMBlockDeletingService#0] DEBUG block.SCMBlockDeletingService (SCMBlockDeletingService.java:call(155)) - Scanned deleted blocks log and got 0 delTX to process.
2019-08-30 23:40:23,328 [SCMBlockDeletingService#0] DEBUG block.SCMBlockDeletingService (SCMBlockDeletingService.java:call(138)) - Running DeletedBlockTransactionScanner
2019-08-30 23:40:23,328 [SCMBlockDeletingService#0] DEBUG block.SCMBlockDeletingService (SCMBlockDeletingService.java:call(155)) - Scanned deleted blocks log and got 0 delTX to process.
2019-08-30 23:40:23,429 [SCMBlockDeletingService#1] DEBUG block.SCMBlockDeletingService (SCMBlockDeletingService.java:call(138)) - Running DeletedBlockTransactionScanner
2019-08-30 23:40:23,429 [SCMBlockDeletingService#1] DEBUG block.SCMBlockDeletingService (SCMBlockDeletingService.java:call(155)) - Scanned deleted blocks log and got 0 delTX to process.
2019-08-30 23:40:23,530 [SCMBlockDeletingService#1] DEBUG block.SCMBlockDeletingService (SCMBlockDeletingService.java:call(138)) - Running DeletedBlockTransactionScanner
2019-08-30 23:40:23,530 [SCMBlockDeletingService#1] DEBUG block.SCMBlockDeletingService (SCMBlockDeletingService.java:call(155)) - Scanned deleted blocks log and got 0 delTX to process.
2019-08-30 23:40:23,630 [SCMBlockDeletingService#1] DEBUG block.SCMBlockDeletingService (SCMBlockDeletingService.java:call(138)) - Running DeletedBlockTransactionScanner
2019-08-30 23:40:23,630 [SCMBlockDeletingService#1] DEBUG block.SCMBlockDeletingService (SCMBlockDeletingService.java:call(155)) - Scanned deleted blocks log and got 0 delTX to process.
2019-08-30 23:40:23,731 [SCMBlockDeletingService#1] DEBUG block.SCMBlockDeletingService (SCMBlockDeletingService.java:call(138)) - Running DeletedBlockTransactionScanner
2019-08-30 23:40:23,731 [SCMBlockDeletingService#1] DEBUG block.SCMBlockDeletingService (SCMBlockDeletingService.java:call(155)) - Scanned deleted blocks log and got 0 delTX to process.
2019-08-30 23:40:23,831 [SCMBlockDeletingService#1] DEBUG block.SCMBlockDeletingService (SCMBlockDeletingService.java:call(138)) - Running DeletedBlockTransactionScanner
2019-08-30 23:40:23,831 [SCMBlockDeletingService#1] DEBUG block.SCMBlockDeletingService (SCMBlockDeletingService.java:call(155)) - Scanned deleted blocks log and got 0 delTX to process.
2019-08-30 23:40:23,932 [SCMBlockDeletingService#1] DEBUG block.SCMBlockDeletingService (SCMBlockDeletingService.java:call(138)) - Running DeletedBlockTransactionScanner
2019-08-30 23:40:23,932 [SCMBlockDeletingService#1] DEBUG block.SCMBlockDeletingService (SCMBlockDeletingService.java:call(155)) - Scanned deleted blocks log and got 0 delTX to process.
2019-08-30 23:40:24,033 [SCMBlockDeletingService#1] DEBUG block.SCMBlockDeletingService (SCMBlockDeletingService.java:call(138)) - Running DeletedBlockTransactionScanner
2019-08-30 23:40:24,033 [SCMBlockDeletingService#1] DEBUG block.SCMBlockDeletingService (SCMBlockDeletingService.java:call(155)) - Scanned deleted blocks log and got 0 delTX to process.
2019-08-30 23:40:24,133 [SCMBlockDeletingService#1] DEBUG block.SCMBlockDeletingService (SCMBlockDeletingService.java:call(138)) - Running DeletedBlockTransactionScanner
2019-08-30 23:40:24,133 [SCMBlockDeletingService#1] DEBUG block.SCMBlockDeletingService (SCMBlockDeletingService.java:call(155)) - Scanned deleted blocks log and got 0 delTX to process.
2019-08-30 23:40:24,234 [SCMBlockDeletingService#1] DEBUG block.SCMBlockDeletingService (SCMBlockDeletingService.java:call(138)) - Running DeletedBlockTransactionScanner
2019-08-30 23:40:24,234 [SCMBlockDeletingService#1] DEBUG block.SCMBlockDeletingService (SCMBlockDeletingService.java:call(155)) - Scanned deleted blocks log and got 0 delTX to process.
2019-08-30 23:40:24,334 [SCMBlockDeletingService#1] DEBUG block.SCMBlockDeletingService (SCMBlockDeletingService.java:call(138)) - Running DeletedBlockTransactionScanner
2019-08-30 23:40:24,335 [SCMBlockDeletingService#1] DEBUG block.SCMBlockDeletingService (SCMBlockDeletingService.java:call(155)) - Scanned deleted blocks log and got 0 delTX to process.
2019-08-30 23:40:24,435 [SCMBlockDeletingService#1] DEBUG block.SCMBlockDeletingService (SCMBlockDeletingService.java:call(138)) - Running DeletedBlockTransactionScanner
2019-08-30 23:40:24,435 [SCMBlockDeletingService#1] DEBUG block.SCMBlockDeletingService (SCMBlockDeletingService.java:call(155)) - Scanned deleted blocks log and got 0 delTX to process.
2019-08-30 23:40:24,536 [SCMBlockDeletingService#1] DEBUG block.SCMBlockDeletingService (SCMBlockDeletingService.java:call(138)) - Running DeletedBlockTransactionScanner
2019-08-30 23:40:24,536 [SCMBlockDeletingService#1] DEBUG block.SCMBlockDeletingService (SCMBlockDeletingService.java:call(155)) - Scanned deleted blocks log and got 0 delTX to process.
2019-08-30 23:40:24,636 [SCMBlockDeletingService#1] DEBUG block.SCMBlockDeletingService (SCMBlockDeletingService.java:call(138)) - Running DeletedBlockTransactionScanner
2019-08-30 23:40:24,637 [SCMBlockDeletingService#1] DEBUG block.SCMBlockDeletingService (SCMBlockDeletingService.java:call(155)) - Scanned deleted blocks log and got 0 delTX to process.
2019-08-30 23:40:24,737 [SCMBlockDeletingService#1] DEBUG block.SCMBlockDeletingService (SCMBlockDeletingService.java:call(138)) - Running DeletedBlockTransactionScanner
2019-08-30 23:40:24,737 [SCMBlockDeletingService#1] DEBUG block.SCMBlockDeletingService (SCMBlockDeletingService.java:call(155)) - Scanned deleted blocks log and got 0 delTX to process.
2019-08-30 23:40:24,838 [SCMBlockDeletingService#1] DEBUG block.SCMBlockDeletingService (SCMBlockDeletingService.java:call(138)) - Running DeletedBlockTransactionScanner
2019-08-30 23:40:24,838 [SCMBlockDeletingService#1] DEBUG block.SCMBlockDeletingService (SCMBlockDeletingService.java:call(155)) - Scanned deleted blocks log and got 0 delTX to process.
2019-08-30 23:40:24,938 [SCMBlockDeletingService#1] DEBUG block.SCMBlockDeletingService (SCMBlockDeletingService.java:call(138)) - Running DeletedBlockTransactionScanner
2019-08-30 23:40:24,939 [SCMBlockDeletingService#1] DEBUG block.SCMBlockDeletingService (SCMBlockDeletingService.java:call(155)) - Scanned deleted blocks log and got 0 delTX to process.
2019-08-30 23:40:25,039 [SCMBlockDeletingService#1] DEBUG block.SCMBlockDeletingService (SCMBlockDeletingService.java:call(138)) - Running DeletedBlockTransactionScanner
2019-08-30 23:40:25,039 [SCMBlockDeletingService#1] DEBUG block.SCMBlockDeletingService (SCMBlockDeletingService.java:call(155)) - Scanned deleted blocks log and got 0 delTX to process.
2019-08-30 23:40:25,140 [SCMBlockDeletingService#1] DEBUG block.SCMBlockDeletingService (SCMBlockDeletingService.java:call(138)) - Running DeletedBlockTransactionScanner
2019-08-30 23:40:25,140 [SCMBlockDeletingService#1] DEBUG block.SCMBlockDeletingService (SCMBlockDeletingService.java:call(155)) - Scanned deleted blocks log and got 0 delTX to process.
2019-08-30 23:40:25,240 [SCMBlockDeletingService#1] DEBUG block.SCMBlockDeletingService (SCMBlockDeletingService.java:call(138)) - Running DeletedBlockTransactionScanner
2019-08-30 23:40:25,241 [SCMBlockDeletingService#1] DEBUG block.SCMBlockDeletingService (SCMBlockDeletingService.java:call(155)) - Scanned deleted blocks log and got 0 delTX to process.
2019-08-30 23:40:25,341 [SCMBlockDeletingService#1] DEBUG block.SCMBlockDeletingService (SCMBlockDeletingService.java:call(138)) - Running DeletedBlockTransactionScanner
2019-08-30 23:40:25,341 [SCMBlockDeletingService#1] DEBUG block.SCMBlockDeletingService (SCMBlockDeletingService.java:call(155)) - Scanned deleted blocks log and got 0 delTX to process.
2019-08-30 23:40:25,442 [SCMBlockDeletingService#1] DEBUG block.SCMBlockDeletingService (SCMBlockDeletingService.java:call(138)) - Running DeletedBlockTransactionScanner
2019-08-30 23:40:25,442 [SCMBlockDeletingService#1] DEBUG block.SCMBlockDeletingService (SCMBlockDeletingService.java:call(155)) - Scanned deleted blocks log and got 0 delTX to process.
2019-08-30 23:40:25,542 [SCMBlockDeletingService#1] DEBUG block.SCMBlockDeletingService (SCMBlockDeletingService.java:call(138)) - Running DeletedBlockTransactionScanner
2019-08-30 23:40:25,543 [SCMBlockDeletingService#1] DEBUG block.SCMBlockDeletingService (SCMBlockDeletingService.java:call(155)) - Scanned deleted blocks log and got 0 delTX to process.
2019-08-30 23:40:25,643 [SCMBlockDeletingService#1] DEBUG block.SCMBlockDeletingService (SCMBlockDeletingService.java:call(138)) - Running DeletedBlockTransactionScanner
2019-08-30 23:40:25,643 [SCMBlockDeletingService#1] DEBUG block.SCMBlockDeletingService (SCMBlockDeletingService.java:call(155)) - Scanned deleted blocks log and got 0 delTX to process.
2019-08-30 23:40:25,744 [SCMBlockDeletingService#1] DEBUG block.SCMBlockDeletingService (SCMBlockDeletingService.java:call(138)) - Running DeletedBlockTransactionScanner
2019-08-30 23:40:25,744 [SCMBlockDeletingService#1] DEBUG block.SCMBlockDeletingService (SCMBlockDeletingService.java:call(155)) - Scanned deleted blocks log and got 0 delTX to process.
2019-08-30 23:40:25,844 [SCMBlockDeletingService#1] DEBUG block.SCMBlockDeletingService (SCMBlockDeletingService.java:call(138)) - Running DeletedBlockTransactionScanner
2019-08-30 23:40:25,844 [SCMBlockDeletingService#1] DEBUG block.SCMBlockDeletingService (SCMBlockDeletingService.java:call(155)) - Scanned deleted blocks log and got 0 delTX to process.
2019-08-30 23:40:25,945 [SCMBlockDeletingService#1] DEBUG block.SCMBlockDeletingService (SCMBlockDeletingService.java:call(138)) - Running DeletedBlockTransactionScanner
2019-08-30 23:40:25,945 [SCMBlockDeletingService#1] DEBUG block.SCMBlockDeletingService (SCMBlockDeletingService.java:call(155)) - Scanned deleted blocks log and got 0 delTX to process.
2019-08-30 23:40:26,045 [SCMBlockDeletingService#1] DEBUG block.SCMBlockDeletingService (SCMBlockDeletingService.java:call(138)) - Running DeletedBlockTransactionScanner
2019-08-30 23:40:26,046 [SCMBlockDeletingService#1] DEBUG block.SCMBlockDeletingService (SCMBlockDeletingService.java:call(155)) - Scanned deleted blocks log and got 0 delTX to process.
2019-08-30 23:40:26,146 [SCMBlockDeletingService#1] DEBUG block.SCMBlockDeletingService (SCMBlockDeletingService.java:call(138)) - Running DeletedBlockTransactionScanner
2019-08-30 23:40:26,146 [SCMBlockDeletingService#1] DEBUG block.SCMBlockDeletingService (SCMBlockDeletingService.java:call(155)) - Scanned deleted blocks log and got 0 delTX to process.
2019-08-30 23:40:26,247 [SCMBlockDeletingService#1] DEBUG block.SCMBlockDeletingService (SCMBlockDeletingService.java:call(138)) - Running DeletedBlockTransactionScanner
2019-08-30 23:40:26,247 [SCMBlockDeletingService#1] DEBUG block.SCMBlockDeletingService (SCMBlockDeletingService.java:call(155)) - Scanned deleted blocks log and got 0 delTX to process.
2019-08-30 23:40:26,347 [SCMBlockDeletingService#1] DEBUG block.SCMBlockDeletingService (SCMBlockDeletingService.java:call(138)) - Running DeletedBlockTransactionScanner
2019-08-30 23:40:26,348 [SCMBlockDeletingService#1] DEBUG block.SCMBlockDeletingService (SCMBlockDeletingService.java:call(155)) - Scanned deleted blocks log and got 0 delTX to process.
2019-08-30 23:40:26,448 [SCMBlockDeletingService#1] DEBUG block.SCMBlockDeletingService (SCMBlockDeletingService.java:call(138)) - Running DeletedBlockTransactionScanner
2019-08-30 23:40:26,448 [SCMBlockDeletingService#1] DEBUG block.SCMBlockDeletingService (SCMBlockDeletingService.java:call(155)) - Scanned deleted blocks log and got 0 delTX to process.
2019-08-30 23:40:26,549 [SCMBlockDeletingService#1] DEBUG block.SCMBlockDeletingService (SCMBlockDeletingService.java:call(138)) - Running DeletedBlockTransactionScanner
2019-08-30 23:40:26,549 [SCMBlockDeletingService#1] DEBUG block.SCMBlockDeletingService (SCMBlockDeletingService.java:call(155)) - Scanned deleted blocks log and got 0 delTX to process.
2019-08-30 23:40:26,649 [SCMBlockDeletingService#1] DEBUG block.SCMBlockDeletingService (SCMBlockDeletingService.java:call(138)) - Running DeletedBlockTransactionScanner
2019-08-30 23:40:26,649 [SCMBlockDeletingService#1] DEBUG block.SCMBlockDeletingService (SCMBlockDeletingService.java:call(155)) - Scanned deleted blocks log and got 0 delTX to process.
2019-08-30 23:40:26,750 [SCMBlockDeletingService#1] DEBUG block.SCMBlockDeletingService (SCMBlockDeletingService.java:call(138)) - Running DeletedBlockTransactionScanner
2019-08-30 23:40:26,750 [SCMBlockDeletingService#1] DEBUG block.SCMBlockDeletingService (SCMBlockDeletingService.java:call(155)) - Scanned deleted blocks log and got 0 delTX to process.
2019-08-30 23:40:26,774 [grpc-default-executor-0] INFO  client.GrpcClientProtocolClient (GrpcClientProtocolClient.java:onNext(255)) - client-7EF960CB3D58->c9f1298e-d840-49d8-aac3-de81602aa1d5: receive RaftClientReply:client-7EF960CB3D58->c9f1298e-d840-49d8-aac3-de81602aa1d5@group-E9810A644481, cid=3025, SUCCESS, logIndex=4165, commits[c9f1298e-d840-49d8-aac3-de81602aa1d5:c4168]
2019-08-30 23:40:26,775 [grpc-default-executor-0] INFO  client.GrpcClientProtocolClient (GrpcClientProtocolClient.java:onNext(255)) - client-7EF960CB3D58->c9f1298e-d840-49d8-aac3-de81602aa1d5: receive RaftClientReply:client-7EF960CB3D58->c9f1298e-d840-49d8-aac3-de81602aa1d5@group-E9810A644481, cid=3026, SUCCESS, logIndex=4166, commits[c9f1298e-d840-49d8-aac3-de81602aa1d5:c4168]
2019-08-30 23:40:26,775 [grpc-default-executor-0] INFO  client.GrpcClientProtocolClient (GrpcClientProtocolClient.java:onNext(255)) - client-7EF960CB3D58->c9f1298e-d840-49d8-aac3-de81602aa1d5: receive RaftClientReply:client-7EF960CB3D58->c9f1298e-d840-49d8-aac3-de81602aa1d5@group-E9810A644481, cid=3027, SUCCESS, logIndex=4167, commits[c9f1298e-d840-49d8-aac3-de81602aa1d5:c4168]
2019-08-30 23:40:26,775 [grpc-default-executor-0] INFO  client.GrpcClientProtocolClient (GrpcClientProtocolClient.java:onNext(255)) - client-7EF960CB3D58->c9f1298e-d840-49d8-aac3-de81602aa1d5: receive RaftClientReply:client-7EF960CB3D58->c9f1298e-d840-49d8-aac3-de81602aa1d5@group-E9810A644481, cid=3028, SUCCESS, logIndex=4168, commits[c9f1298e-d840-49d8-aac3-de81602aa1d5:c4168]
2019-08-30 23:40:26,850 [SCMBlockDeletingService#1] DEBUG block.SCMBlockDeletingService (SCMBlockDeletingService.java:call(138)) - Running DeletedBlockTransactionScanner
2019-08-30 23:40:26,851 [SCMBlockDeletingService#1] DEBUG block.SCMBlockDeletingService (SCMBlockDeletingService.java:call(155)) - Scanned deleted blocks log and got 0 delTX to process.
2019-08-30 23:40:26,951 [SCMBlockDeletingService#1] DEBUG block.SCMBlockDeletingService (SCMBlockDeletingService.java:call(138)) - Running DeletedBlockTransactionScanner
2019-08-30 23:40:26,951 [SCMBlockDeletingService#1] DEBUG block.SCMBlockDeletingService (SCMBlockDeletingService.java:call(155)) - Scanned deleted blocks log and got 0 delTX to process.
2019-08-30 23:40:27,052 [SCMBlockDeletingService#1] DEBUG block.SCMBlockDeletingService (SCMBlockDeletingService.java:call(138)) - Running DeletedBlockTransactionScanner
2019-08-30 23:40:27,052 [SCMBlockDeletingService#1] DEBUG block.SCMBlockDeletingService (SCMBlockDeletingService.java:call(155)) - Scanned deleted blocks log and got 0 delTX to process.
2019-08-30 23:40:27,152 [SCMBlockDeletingService#1] DEBUG block.SCMBlockDeletingService (SCMBlockDeletingService.java:call(138)) - Running DeletedBlockTransactionScanner
2019-08-30 23:40:27,153 [SCMBlockDeletingService#1] DEBUG block.SCMBlockDeletingService (SCMBlockDeletingService.java:call(155)) - Scanned deleted blocks log and got 0 delTX to process.
2019-08-30 23:40:27,253 [SCMBlockDeletingService#1] DEBUG block.SCMBlockDeletingService (SCMBlockDeletingService.java:call(138)) - Running DeletedBlockTransactionScanner
2019-08-30 23:40:27,253 [SCMBlockDeletingService#1] DEBUG block.SCMBlockDeletingService (SCMBlockDeletingService.java:call(155)) - Scanned deleted blocks log and got 0 delTX to process.
2019-08-30 23:40:27,354 [SCMBlockDeletingService#1] DEBUG block.SCMBlockDeletingService (SCMBlockDeletingService.java:call(138)) - Running DeletedBlockTransactionScanner
2019-08-30 23:40:27,354 [SCMBlockDeletingService#1] DEBUG block.SCMBlockDeletingService (SCMBlockDeletingService.java:call(155)) - Scanned deleted blocks log and got 0 delTX to process.
2019-08-30 23:40:27,455 [SCMBlockDeletingService#1] DEBUG block.SCMBlockDeletingService (SCMBlockDeletingService.java:call(138)) - Running DeletedBlockTransactionScanner
2019-08-30 23:40:27,455 [SCMBlockDeletingService#1] DEBUG block.SCMBlockDeletingService (SCMBlockDeletingService.java:call(155)) - Scanned deleted blocks log and got 0 delTX to process.
2019-08-30 23:40:27,556 [SCMBlockDeletingService#1] DEBUG block.SCMBlockDeletingService (SCMBlockDeletingService.java:call(138)) - Running DeletedBlockTransactionScanner
2019-08-30 23:40:27,556 [SCMBlockDeletingService#1] DEBUG block.SCMBlockDeletingService (SCMBlockDeletingService.java:call(155)) - Scanned deleted blocks log and got 0 delTX to process.
2019-08-30 23:40:27,656 [SCMBlockDeletingService#1] DEBUG block.SCMBlockDeletingService (SCMBlockDeletingService.java:call(138)) - Running DeletedBlockTransactionScanner
2019-08-30 23:40:27,656 [SCMBlockDeletingService#1] DEBUG block.SCMBlockDeletingService (SCMBlockDeletingService.java:call(155)) - Scanned deleted blocks log and got 0 delTX to process.
2019-08-30 23:40:27,757 [SCMBlockDeletingService#1] DEBUG block.SCMBlockDeletingService (SCMBlockDeletingService.java:call(138)) - Running DeletedBlockTransactionScanner
2019-08-30 23:40:27,757 [SCMBlockDeletingService#1] DEBUG block.SCMBlockDeletingService (SCMBlockDeletingService.java:call(155)) - Scanned deleted blocks log and got 0 delTX to process.
2019-08-30 23:40:27,858 [SCMBlockDeletingService#1] DEBUG block.SCMBlockDeletingService (SCMBlockDeletingService.java:call(138)) - Running DeletedBlockTransactionScanner
2019-08-30 23:40:27,858 [SCMBlockDeletingService#1] DEBUG block.SCMBlockDeletingService (SCMBlockDeletingService.java:call(155)) - Scanned deleted blocks log and got 0 delTX to process.
2019-08-30 23:40:27,958 [SCMBlockDeletingService#1] DEBUG block.SCMBlockDeletingService (SCMBlockDeletingService.java:call(138)) - Running DeletedBlockTransactionScanner
2019-08-30 23:40:27,958 [SCMBlockDeletingService#1] DEBUG block.SCMBlockDeletingService (SCMBlockDeletingService.java:call(155)) - Scanned deleted blocks log and got 0 delTX to process.
2019-08-30 23:40:28,059 [SCMBlockDeletingService#1] DEBUG block.SCMBlockDeletingService (SCMBlockDeletingService.java:call(138)) - Running DeletedBlockTransactionScanner
2019-08-30 23:40:28,059 [SCMBlockDeletingService#1] DEBUG block.SCMBlockDeletingService (SCMBlockDeletingService.java:call(155)) - Scanned deleted blocks log and got 0 delTX to process.
2019-08-30 23:40:28,160 [SCMBlockDeletingService#1] DEBUG block.SCMBlockDeletingService (SCMBlockDeletingService.java:call(138)) - Running DeletedBlockTransactionScanner
2019-08-30 23:40:28,160 [SCMBlockDeletingService#1] DEBUG block.SCMBlockDeletingService (SCMBlockDeletingService.java:call(155)) - Scanned deleted blocks log and got 0 delTX to process.
2019-08-30 23:40:28,260 [SCMBlockDeletingService#1] DEBUG block.SCMBlockDeletingService (SCMBlockDeletingService.java:call(138)) - Running DeletedBlockTransactionScanner
2019-08-30 23:40:28,261 [SCMBlockDeletingService#1] DEBUG block.SCMBlockDeletingService (SCMBlockDeletingService.java:call(155)) - Scanned deleted blocks log and got 0 delTX to process.
2019-08-30 23:40:28,361 [SCMBlockDeletingService#1] DEBUG block.SCMBlockDeletingService (SCMBlockDeletingService.java:call(138)) - Running DeletedBlockTransactionScanner
2019-08-30 23:40:28,361 [SCMBlockDeletingService#1] DEBUG block.SCMBlockDeletingService (SCMBlockDeletingService.java:call(155)) - Scanned deleted blocks log and got 0 delTX to process.
2019-08-30 23:40:28,461 [SCMBlockDeletingService#0] DEBUG block.SCMBlockDeletingService (SCMBlockDeletingService.java:call(138)) - Running DeletedBlockTransactionScanner
2019-08-30 23:40:28,462 [SCMBlockDeletingService#0] DEBUG block.SCMBlockDeletingService (SCMBlockDeletingService.java:call(155)) - Scanned deleted blocks log and got 0 delTX to process.
2019-08-30 23:40:28,562 [SCMBlockDeletingService#1] DEBUG block.SCMBlockDeletingService (SCMBlockDeletingService.java:call(138)) - Running DeletedBlockTransactionScanner
2019-08-30 23:40:28,562 [SCMBlockDeletingService#1] DEBUG block.SCMBlockDeletingService (SCMBlockDeletingService.java:call(155)) - Scanned deleted blocks log and got 0 delTX to process.
2019-08-30 23:40:28,663 [SCMBlockDeletingService#1] DEBUG block.SCMBlockDeletingService (SCMBlockDeletingService.java:call(138)) - Running DeletedBlockTransactionScanner
2019-08-30 23:40:28,663 [SCMBlockDeletingService#1] DEBUG block.SCMBlockDeletingService (SCMBlockDeletingService.java:call(155)) - Scanned deleted blocks log and got 0 delTX to process.
2019-08-30 23:40:28,763 [SCMBlockDeletingService#0] DEBUG block.SCMBlockDeletingService (SCMBlockDeletingService.java:call(138)) - Running DeletedBlockTransactionScanner
2019-08-30 23:40:28,763 [SCMBlockDeletingService#0] DEBUG block.SCMBlockDeletingService (SCMBlockDeletingService.java:call(155)) - Scanned deleted blocks log and got 0 delTX to process.
2019-08-30 23:40:28,864 [SCMBlockDeletingService#1] DEBUG block.SCMBlockDeletingService (SCMBlockDeletingService.java:call(138)) - Running DeletedBlockTransactionScanner
2019-08-30 23:40:28,864 [SCMBlockDeletingService#1] DEBUG block.SCMBlockDeletingService (SCMBlockDeletingService.java:call(155)) - Scanned deleted blocks log and got 0 delTX to process.
2019-08-30 23:40:28,964 [SCMBlockDeletingService#1] DEBUG block.SCMBlockDeletingService (SCMBlockDeletingService.java:call(138)) - Running DeletedBlockTransactionScanner
2019-08-30 23:40:28,965 [SCMBlockDeletingService#1] DEBUG block.SCMBlockDeletingService (SCMBlockDeletingService.java:call(155)) - Scanned deleted blocks log and got 0 delTX to process.
2019-08-30 23:40:29,065 [SCMBlockDeletingService#1] DEBUG block.SCMBlockDeletingService (SCMBlockDeletingService.java:call(138)) - Running DeletedBlockTransactionScanner
2019-08-30 23:40:29,065 [SCMBlockDeletingService#1] DEBUG block.SCMBlockDeletingService (SCMBlockDeletingService.java:call(155)) - Scanned deleted blocks log and got 0 delTX to process.
2019-08-30 23:40:29,166 [SCMBlockDeletingService#1] DEBUG block.SCMBlockDeletingService (SCMBlockDeletingService.java:call(138)) - Running DeletedBlockTransactionScanner
2019-08-30 23:40:29,166 [SCMBlockDeletingService#1] DEBUG block.SCMBlockDeletingService (SCMBlockDeletingService.java:call(155)) - Scanned deleted blocks log and got 0 delTX to process.
2019-08-30 23:40:29,266 [SCMBlockDeletingService#1] DEBUG block.SCMBlockDeletingService (SCMBlockDeletingService.java:call(138)) - Running DeletedBlockTransactionScanner
2019-08-30 23:40:29,267 [SCMBlockDeletingService#1] DEBUG block.SCMBlockDeletingService (SCMBlockDeletingService.java:call(155)) - Scanned deleted blocks log and got 0 delTX to process.
2019-08-30 23:40:29,367 [SCMBlockDeletingService#1] DEBUG block.SCMBlockDeletingService (SCMBlockDeletingService.java:call(138)) - Running DeletedBlockTransactionScanner
2019-08-30 23:40:29,367 [SCMBlockDeletingService#1] DEBUG block.SCMBlockDeletingService (SCMBlockDeletingService.java:call(155)) - Scanned deleted blocks log and got 0 delTX to process.
2019-08-30 23:40:29,468 [SCMBlockDeletingService#1] DEBUG block.SCMBlockDeletingService (SCMBlockDeletingService.java:call(138)) - Running DeletedBlockTransactionScanner
2019-08-30 23:40:29,468 [SCMBlockDeletingService#1] DEBUG block.SCMBlockDeletingService (SCMBlockDeletingService.java:call(155)) - Scanned deleted blocks log and got 0 delTX to process.
2019-08-30 23:40:29,568 [SCMBlockDeletingService#1] DEBUG block.SCMBlockDeletingService (SCMBlockDeletingService.java:call(138)) - Running DeletedBlockTransactionScanner
2019-08-30 23:40:29,568 [SCMBlockDeletingService#1] DEBUG block.SCMBlockDeletingService (SCMBlockDeletingService.java:call(155)) - Scanned deleted blocks log and got 0 delTX to process.
2019-08-30 23:40:29,669 [SCMBlockDeletingService#1] DEBUG block.SCMBlockDeletingService (SCMBlockDeletingService.java:call(138)) - Running DeletedBlockTransactionScanner
2019-08-30 23:40:29,669 [SCMBlockDeletingService#1] DEBUG block.SCMBlockDeletingService (SCMBlockDeletingService.java:call(155)) - Scanned deleted blocks log and got 0 delTX to process.
2019-08-30 23:40:29,770 [SCMBlockDeletingService#1] DEBUG block.SCMBlockDeletingService (SCMBlockDeletingService.java:call(138)) - Running DeletedBlockTransactionScanner
2019-08-30 23:40:29,770 [SCMBlockDeletingService#1] DEBUG block.SCMBlockDeletingService (SCMBlockDeletingService.java:call(155)) - Scanned deleted blocks log and got 0 delTX to process.
2019-08-30 23:40:29,870 [SCMBlockDeletingService#1] DEBUG block.SCMBlockDeletingService (SCMBlockDeletingService.java:call(138)) - Running DeletedBlockTransactionScanner
2019-08-30 23:40:29,870 [SCMBlockDeletingService#1] DEBUG block.SCMBlockDeletingService (SCMBlockDeletingService.java:call(155)) - Scanned deleted blocks log and got 0 delTX to process.
2019-08-30 23:40:29,971 [SCMBlockDeletingService#1] DEBUG block.SCMBlockDeletingService (SCMBlockDeletingService.java:call(138)) - Running DeletedBlockTransactionScanner
2019-08-30 23:40:29,971 [SCMBlockDeletingService#1] DEBUG block.SCMBlockDeletingService (SCMBlockDeletingService.java:call(155)) - Scanned deleted blocks log and got 0 delTX to process.
2019-08-30 23:40:30,071 [SCMBlockDeletingService#1] DEBUG block.SCMBlockDeletingService (SCMBlockDeletingService.java:call(138)) - Running DeletedBlockTransactionScanner
2019-08-30 23:40:30,072 [SCMBlockDeletingService#1] DEBUG block.SCMBlockDeletingService (SCMBlockDeletingService.java:call(155)) - Scanned deleted blocks log and got 0 delTX to process.
2019-08-30 23:40:30,172 [SCMBlockDeletingService#1] DEBUG block.SCMBlockDeletingService (SCMBlockDeletingService.java:call(138)) - Running DeletedBlockTransactionScanner
2019-08-30 23:40:30,172 [SCMBlockDeletingService#1] DEBUG block.SCMBlockDeletingService (SCMBlockDeletingService.java:call(155)) - Scanned deleted blocks log and got 0 delTX to process.
2019-08-30 23:40:30,273 [SCMBlockDeletingService#1] DEBUG block.SCMBlockDeletingService (SCMBlockDeletingService.java:call(138)) - Running DeletedBlockTransactionScanner
2019-08-30 23:40:30,273 [SCMBlockDeletingService#1] DEBUG block.SCMBlockDeletingService (SCMBlockDeletingService.java:call(155)) - Scanned deleted blocks log and got 0 delTX to process.
2019-08-30 23:40:30,373 [SCMBlockDeletingService#1] DEBUG block.SCMBlockDeletingService (SCMBlockDeletingService.java:call(138)) - Running DeletedBlockTransactionScanner
2019-08-30 23:40:30,374 [SCMBlockDeletingService#1] DEBUG block.SCMBlockDeletingService (SCMBlockDeletingService.java:call(155)) - Scanned deleted blocks log and got 0 delTX to process.
2019-08-30 23:40:30,474 [SCMBlockDeletingService#1] DEBUG block.SCMBlockDeletingService (SCMBlockDeletingService.java:call(138)) - Running DeletedBlockTransactionScanner
2019-08-30 23:40:30,474 [SCMBlockDeletingService#1] DEBUG block.SCMBlockDeletingService (SCMBlockDeletingService.java:call(155)) - Scanned deleted blocks log and got 0 delTX to process.
2019-08-30 23:40:30,575 [SCMBlockDeletingService#1] DEBUG block.SCMBlockDeletingService (SCMBlockDeletingService.java:call(138)) - Running DeletedBlockTransactionScanner
2019-08-30 23:40:30,575 [SCMBlockDeletingService#1] DEBUG block.SCMBlockDeletingService (SCMBlockDeletingService.java:call(155)) - Scanned deleted blocks log and got 0 delTX to process.
2019-08-30 23:40:30,675 [SCMBlockDeletingService#1] DEBUG block.SCMBlockDeletingService (SCMBlockDeletingService.java:call(138)) - Running DeletedBlockTransactionScanner
2019-08-30 23:40:30,675 [SCMBlockDeletingService#1] DEBUG block.SCMBlockDeletingService (SCMBlockDeletingService.java:call(155)) - Scanned deleted blocks log and got 0 delTX to process.
2019-08-30 23:40:30,776 [SCMBlockDeletingService#1] DEBUG block.SCMBlockDeletingService (SCMBlockDeletingService.java:call(138)) - Running DeletedBlockTransactionScanner
2019-08-30 23:40:30,776 [SCMBlockDeletingService#1] DEBUG block.SCMBlockDeletingService (SCMBlockDeletingService.java:call(155)) - Scanned deleted blocks log and got 0 delTX to process.
2019-08-30 23:40:30,876 [SCMBlockDeletingService#1] DEBUG block.SCMBlockDeletingService (SCMBlockDeletingService.java:call(138)) - Running DeletedBlockTransactionScanner
2019-08-30 23:40:30,877 [SCMBlockDeletingService#1] DEBUG block.SCMBlockDeletingService (SCMBlockDeletingService.java:call(155)) - Scanned deleted blocks log and got 0 delTX to process.
2019-08-30 23:40:30,977 [SCMBlockDeletingService#1] DEBUG block.SCMBlockDeletingService (SCMBlockDeletingService.java:call(138)) - Running DeletedBlockTransactionScanner
2019-08-30 23:40:30,977 [SCMBlockDeletingService#1] DEBUG block.SCMBlockDeletingService (SCMBlockDeletingService.java:call(155)) - Scanned deleted blocks log and got 0 delTX to process.
2019-08-30 23:40:31,078 [SCMBlockDeletingService#1] DEBUG block.SCMBlockDeletingService (SCMBlockDeletingService.java:call(138)) - Running DeletedBlockTransactionScanner
2019-08-30 23:40:31,078 [SCMBlockDeletingService#1] DEBUG block.SCMBlockDeletingService (SCMBlockDeletingService.java:call(155)) - Scanned deleted blocks log and got 0 delTX to process.
2019-08-30 23:40:31,178 [SCMBlockDeletingService#1] DEBUG block.SCMBlockDeletingService (SCMBlockDeletingService.java:call(138)) - Running DeletedBlockTransactionScanner
2019-08-30 23:40:31,179 [SCMBlockDeletingService#1] DEBUG block.SCMBlockDeletingService (SCMBlockDeletingService.java:call(155)) - Scanned deleted blocks log and got 0 delTX to process.
2019-08-30 23:40:31,279 [SCMBlockDeletingService#1] DEBUG block.SCMBlockDeletingService (SCMBlockDeletingService.java:call(138)) - Running DeletedBlockTransactionScanner
2019-08-30 23:40:31,279 [SCMBlockDeletingService#1] DEBUG block.SCMBlockDeletingService (SCMBlockDeletingService.java:call(155)) - Scanned deleted blocks log and got 0 delTX to process.
2019-08-30 23:40:31,380 [SCMBlockDeletingService#1] DEBUG block.SCMBlockDeletingService (SCMBlockDeletingService.java:call(138)) - Running DeletedBlockTransactionScanner
2019-08-30 23:40:31,380 [SCMBlockDeletingService#1] DEBUG block.SCMBlockDeletingService (SCMBlockDeletingService.java:call(155)) - Scanned deleted blocks log and got 0 delTX to process.
2019-08-30 23:40:31,480 [SCMBlockDeletingService#1] DEBUG block.SCMBlockDeletingService (SCMBlockDeletingService.java:call(138)) - Running DeletedBlockTransactionScanner
2019-08-30 23:40:31,481 [SCMBlockDeletingService#1] DEBUG block.SCMBlockDeletingService (SCMBlockDeletingService.java:call(155)) - Scanned deleted blocks log and got 0 delTX to process.
2019-08-30 23:40:31,581 [SCMBlockDeletingService#1] DEBUG block.SCMBlockDeletingService (SCMBlockDeletingService.java:call(138)) - Running DeletedBlockTransactionScanner
2019-08-30 23:40:31,581 [SCMBlockDeletingService#1] DEBUG block.SCMBlockDeletingService (SCMBlockDeletingService.java:call(155)) - Scanned deleted blocks log and got 0 delTX to process.
2019-08-30 23:40:31,681 [SCMBlockDeletingService#1] DEBUG block.SCMBlockDeletingService (SCMBlockDeletingService.java:call(138)) - Running DeletedBlockTransactionScanner
2019-08-30 23:40:31,682 [SCMBlockDeletingService#1] DEBUG block.SCMBlockDeletingService (SCMBlockDeletingService.java:call(155)) - Scanned deleted blocks log and got 0 delTX to process.
2019-08-30 23:40:31,782 [SCMBlockDeletingService#1] DEBUG block.SCMBlockDeletingService (SCMBlockDeletingService.java:call(138)) - Running DeletedBlockTransactionScanner
2019-08-30 23:40:31,782 [SCMBlockDeletingService#1] DEBUG block.SCMBlockDeletingService (SCMBlockDeletingService.java:call(155)) - Scanned deleted blocks log and got 0 delTX to process.
2019-08-30 23:40:31,883 [SCMBlockDeletingService#1] DEBUG block.SCMBlockDeletingService (SCMBlockDeletingService.java:call(138)) - Running DeletedBlockTransactionScanner
2019-08-30 23:40:31,883 [SCMBlockDeletingService#1] DEBUG block.SCMBlockDeletingService (SCMBlockDeletingService.java:call(155)) - Scanned deleted blocks log and got 0 delTX to process.
2019-08-30 23:40:31,984 [SCMBlockDeletingService#1] DEBUG block.SCMBlockDeletingService (SCMBlockDeletingService.java:call(138)) - Running DeletedBlockTransactionScanner
2019-08-30 23:40:31,984 [SCMBlockDeletingService#1] DEBUG block.SCMBlockDeletingService (SCMBlockDeletingService.java:call(155)) - Scanned deleted blocks log and got 0 delTX to process.
2019-08-30 23:40:32,084 [SCMBlockDeletingService#1] DEBUG block.SCMBlockDeletingService (SCMBlockDeletingService.java:call(138)) - Running DeletedBlockTransactionScanner
2019-08-30 23:40:32,084 [SCMBlockDeletingService#1] DEBUG block.SCMBlockDeletingService (SCMBlockDeletingService.java:call(155)) - Scanned deleted blocks log and got 0 delTX to process.
2019-08-30 23:40:32,185 [SCMBlockDeletingService#1] DEBUG block.SCMBlockDeletingService (SCMBlockDeletingService.java:call(138)) - Running DeletedBlockTransactionScanner
2019-08-30 23:40:32,185 [SCMBlockDeletingService#1] DEBUG block.SCMBlockDeletingService (SCMBlockDeletingService.java:call(155)) - Scanned deleted blocks log and got 0 delTX to process.
2019-08-30 23:40:32,285 [SCMBlockDeletingService#1] DEBUG block.SCMBlockDeletingService (SCMBlockDeletingService.java:call(138)) - Running DeletedBlockTransactionScanner
2019-08-30 23:40:32,286 [SCMBlockDeletingService#1] DEBUG block.SCMBlockDeletingService (SCMBlockDeletingService.java:call(155)) - Scanned deleted blocks log and got 0 delTX to process.
2019-08-30 23:40:32,386 [SCMBlockDeletingService#1] DEBUG block.SCMBlockDeletingService (SCMBlockDeletingService.java:call(138)) - Running DeletedBlockTransactionScanner
2019-08-30 23:40:32,386 [SCMBlockDeletingService#1] DEBUG block.SCMBlockDeletingService (SCMBlockDeletingService.java:call(155)) - Scanned deleted blocks log and got 0 delTX to process.
2019-08-30 23:40:32,487 [SCMBlockDeletingService#1] DEBUG block.SCMBlockDeletingService (SCMBlockDeletingService.java:call(138)) - Running DeletedBlockTransactionScanner
2019-08-30 23:40:32,487 [SCMBlockDeletingService#1] DEBUG block.SCMBlockDeletingService (SCMBlockDeletingService.java:call(155)) - Scanned deleted blocks log and got 0 delTX to process.
2019-08-30 23:40:32,587 [SCMBlockDeletingService#1] DEBUG block.SCMBlockDeletingService (SCMBlockDeletingService.java:call(138)) - Running DeletedBlockTransactionScanner
2019-08-30 23:40:32,588 [SCMBlockDeletingService#1] DEBUG block.SCMBlockDeletingService (SCMBlockDeletingService.java:call(155)) - Scanned deleted blocks log and got 0 delTX to process.
2019-08-30 23:40:32,688 [SCMBlockDeletingService#1] DEBUG block.SCMBlockDeletingService (SCMBlockDeletingService.java:call(138)) - Running DeletedBlockTransactionScanner
2019-08-30 23:40:32,688 [SCMBlockDeletingService#1] DEBUG block.SCMBlockDeletingService (SCMBlockDeletingService.java:call(155)) - Scanned deleted blocks log and got 0 delTX to process.
2019-08-30 23:40:32,789 [SCMBlockDeletingService#1] DEBUG block.SCMBlockDeletingService (SCMBlockDeletingService.java:call(138)) - Running DeletedBlockTransactionScanner
2019-08-30 23:40:32,789 [SCMBlockDeletingService#1] DEBUG block.SCMBlockDeletingService (SCMBlockDeletingService.java:call(155)) - Scanned deleted blocks log and got 0 delTX to process.
2019-08-30 23:40:32,889 [SCMBlockDeletingService#1] DEBUG block.SCMBlockDeletingService (SCMBlockDeletingService.java:call(138)) - Running DeletedBlockTransactionScanner
2019-08-30 23:40:32,889 [SCMBlockDeletingService#1] DEBUG block.SCMBlockDeletingService (SCMBlockDeletingService.java:call(155)) - Scanned deleted blocks log and got 0 delTX to process.
2019-08-30 23:40:32,990 [SCMBlockDeletingService#1] DEBUG block.SCMBlockDeletingService (SCMBlockDeletingService.java:call(138)) - Running DeletedBlockTransactionScanner
2019-08-30 23:40:32,990 [SCMBlockDeletingService#1] DEBUG block.SCMBlockDeletingService (SCMBlockDeletingService.java:call(155)) - Scanned deleted blocks log and got 0 delTX to process.
2019-08-30 23:40:33,090 [SCMBlockDeletingService#1] DEBUG block.SCMBlockDeletingService (SCMBlockDeletingService.java:call(138)) - Running DeletedBlockTransactionScanner
2019-08-30 23:40:33,091 [SCMBlockDeletingService#1] DEBUG block.SCMBlockDeletingService (SCMBlockDeletingService.java:call(155)) - Scanned deleted blocks log and got 0 delTX to process.
2019-08-30 23:40:33,191 [SCMBlockDeletingService#1] DEBUG block.SCMBlockDeletingService (SCMBlockDeletingService.java:call(138)) - Running DeletedBlockTransactionScanner
2019-08-30 23:40:33,192 [SCMBlockDeletingService#1] DEBUG block.SCMBlockDeletingService (SCMBlockDeletingService.java:call(155)) - Scanned deleted blocks log and got 0 delTX to process.
2019-08-30 23:40:33,230 [grpc-default-executor-0] INFO  client.GrpcClientProtocolClient (GrpcClientProtocolClient.java:onNext(255)) - client-7EF960CB3D58->c9f1298e-d840-49d8-aac3-de81602aa1d5: receive RaftClientReply:client-7EF960CB3D58->c9f1298e-d840-49d8-aac3-de81602aa1d5@group-E9810A644481, cid=3025, SUCCESS, logIndex=4165, commits[c9f1298e-d840-49d8-aac3-de81602aa1d5:c4168]
2019-08-30 23:40:33,235 [grpc-default-executor-0] INFO  client.GrpcClientProtocolClient (GrpcClientProtocolClient.java:onNext(255)) - client-7EF960CB3D58->c9f1298e-d840-49d8-aac3-de81602aa1d5: receive RaftClientReply:client-7EF960CB3D58->c9f1298e-d840-49d8-aac3-de81602aa1d5@group-E9810A644481, cid=3026, SUCCESS, logIndex=4166, commits[c9f1298e-d840-49d8-aac3-de81602aa1d5:c4168]
2019-08-30 23:40:33,237 [grpc-default-executor-0] INFO  client.GrpcClientProtocolClient (GrpcClientProtocolClient.java:onNext(255)) - client-7EF960CB3D58->c9f1298e-d840-49d8-aac3-de81602aa1d5: receive RaftClientReply:client-7EF960CB3D58->c9f1298e-d840-49d8-aac3-de81602aa1d5@group-E9810A644481, cid=3027, SUCCESS, logIndex=4167, commits[c9f1298e-d840-49d8-aac3-de81602aa1d5:c4168]
2019-08-30 23:40:33,238 [grpc-default-executor-0] INFO  client.GrpcClientProtocolClient (GrpcClientProtocolClient.java:onNext(255)) - client-7EF960CB3D58->c9f1298e-d840-49d8-aac3-de81602aa1d5: receive RaftClientReply:client-7EF960CB3D58->c9f1298e-d840-49d8-aac3-de81602aa1d5@group-E9810A644481, cid=3028, SUCCESS, logIndex=4168, commits[c9f1298e-d840-49d8-aac3-de81602aa1d5:c4168]
2019-08-30 23:40:33,292 [SCMBlockDeletingService#1] DEBUG block.SCMBlockDeletingService (SCMBlockDeletingService.java:call(138)) - Running DeletedBlockTransactionScanner
2019-08-30 23:40:33,292 [SCMBlockDeletingService#1] DEBUG block.SCMBlockDeletingService (SCMBlockDeletingService.java:call(155)) - Scanned deleted blocks log and got 0 delTX to process.
2019-08-30 23:40:33,393 [SCMBlockDeletingService#1] DEBUG block.SCMBlockDeletingService (SCMBlockDeletingService.java:call(138)) - Running DeletedBlockTransactionScanner
2019-08-30 23:40:33,393 [SCMBlockDeletingService#1] DEBUG block.SCMBlockDeletingService (SCMBlockDeletingService.java:call(155)) - Scanned deleted blocks log and got 0 delTX to process.
2019-08-30 23:40:33,493 [SCMBlockDeletingService#1] DEBUG block.SCMBlockDeletingService (SCMBlockDeletingService.java:call(138)) - Running DeletedBlockTransactionScanner
2019-08-30 23:40:33,494 [SCMBlockDeletingService#1] DEBUG block.SCMBlockDeletingService (SCMBlockDeletingService.java:call(155)) - Scanned deleted blocks log and got 0 delTX to process.
2019-08-30 23:40:33,594 [SCMBlockDeletingService#1] DEBUG block.SCMBlockDeletingService (SCMBlockDeletingService.java:call(138)) - Running DeletedBlockTransactionScanner
2019-08-30 23:40:33,594 [SCMBlockDeletingService#1] DEBUG block.SCMBlockDeletingService (SCMBlockDeletingService.java:call(155)) - Scanned deleted blocks log and got 0 delTX to process.
2019-08-30 23:40:33,601 [grpc-default-executor-1] INFO  client.GrpcClientProtocolClient (GrpcClientProtocolClient.java:onNext(255)) - client-7EF960CB3D58->c9f1298e-d840-49d8-aac3-de81602aa1d5: receive RaftClientReply:client-7EF960CB3D58->c9f1298e-d840-49d8-aac3-de81602aa1d5@group-E9810A644481, cid=3029, SUCCESS, logIndex=4170, commits[c9f1298e-d840-49d8-aac3-de81602aa1d5:c4173]
2019-08-30 23:40:33,601 [grpc-default-executor-1] INFO  client.GrpcClientProtocolClient (GrpcClientProtocolClient.java:onNext(255)) - client-7EF960CB3D58->c9f1298e-d840-49d8-aac3-de81602aa1d5: receive RaftClientReply:client-7EF960CB3D58->c9f1298e-d840-49d8-aac3-de81602aa1d5@group-E9810A644481, cid=3030, SUCCESS, logIndex=4171, commits[c9f1298e-d840-49d8-aac3-de81602aa1d5:c4173]
2019-08-30 23:40:33,601 [grpc-default-executor-1] INFO  client.GrpcClientProtocolClient (GrpcClientProtocolClient.java:onNext(255)) - client-7EF960CB3D58->c9f1298e-d840-49d8-aac3-de81602aa1d5: receive RaftClientReply:client-7EF960CB3D58->c9f1298e-d840-49d8-aac3-de81602aa1d5@group-E9810A644481, cid=3031, SUCCESS, logIndex=4172, commits[c9f1298e-d840-49d8-aac3-de81602aa1d5:c4174]
2019-08-30 23:40:33,602 [grpc-default-executor-1] INFO  client.GrpcClientProtocolClient (GrpcClientProtocolClient.java:onNext(255)) - client-7EF960CB3D58->c9f1298e-d840-49d8-aac3-de81602aa1d5: receive RaftClientReply:client-7EF960CB3D58->c9f1298e-d840-49d8-aac3-de81602aa1d5@group-E9810A644481, cid=3032, SUCCESS, logIndex=4173, commits[c9f1298e-d840-49d8-aac3-de81602aa1d5:c4174]
2019-08-30 23:40:33,694 [grpc-default-executor-0] INFO  client.GrpcClientProtocolClient (GrpcClientProtocolClient.java:onNext(255)) - client-D5BE96C883BA->c9f1298e-d840-49d8-aac3-de81602aa1d5: receive RaftClientReply:client-D5BE96C883BA->c9f1298e-d840-49d8-aac3-de81602aa1d5@group-E9810A644481, cid=3033, SUCCESS, logIndex=4175, commits[c9f1298e-d840-49d8-aac3-de81602aa1d5:c4175]
2019-08-30 23:40:33,695 [SCMBlockDeletingService#1] DEBUG block.SCMBlockDeletingService (SCMBlockDeletingService.java:call(138)) - Running DeletedBlockTransactionScanner
2019-08-30 23:40:33,696 [SCMBlockDeletingService#1] DEBUG block.SCMBlockDeletingService (SCMBlockDeletingService.java:call(155)) - Scanned deleted blocks log and got 0 delTX to process.
2019-08-30 23:40:33,755 [grpc-default-executor-1] INFO  client.GrpcClientProtocolClient (GrpcClientProtocolClient.java:onNext(255)) - client-D5BE96C883BA->c9f1298e-d840-49d8-aac3-de81602aa1d5: receive RaftClientReply:client-D5BE96C883BA->c9f1298e-d840-49d8-aac3-de81602aa1d5@group-E9810A644481, cid=3034, SUCCESS, logIndex=4177, commits[c9f1298e-d840-49d8-aac3-de81602aa1d5:c4177]
2019-08-30 23:40:33,755 [grpc-default-executor-1] INFO  client.GrpcClientProtocolClient (GrpcClientProtocolClient.java:onNext(255)) - client-D5BE96C883BA->c9f1298e-d840-49d8-aac3-de81602aa1d5: receive RaftClientReply:client-D5BE96C883BA->c9f1298e-d840-49d8-aac3-de81602aa1d5@group-E9810A644481, cid=3035, SUCCESS, logIndex=4178, commits[c9f1298e-d840-49d8-aac3-de81602aa1d5:c4179]
2019-08-30 23:40:33,756 [grpc-default-executor-1] INFO  client.GrpcClientProtocolClient (GrpcClientProtocolClient.java:onNext(255)) - client-D5BE96C883BA->c9f1298e-d840-49d8-aac3-de81602aa1d5: receive RaftClientReply:client-D5BE96C883BA->c9f1298e-d840-49d8-aac3-de81602aa1d5@group-E9810A644481, cid=3036, SUCCESS, logIndex=4179, commits[c9f1298e-d840-49d8-aac3-de81602aa1d5:c4179]
2019-08-30 23:40:33,784 [grpc-default-executor-1] INFO  client.GrpcClientProtocolClient (GrpcClientProtocolClient.java:onNext(255)) - client-D5BE96C883BA->c9f1298e-d840-49d8-aac3-de81602aa1d5: receive RaftClientReply:client-D5BE96C883BA->c9f1298e-d840-49d8-aac3-de81602aa1d5@group-E9810A644481, cid=3037, SUCCESS, logIndex=4182, commits[c9f1298e-d840-49d8-aac3-de81602aa1d5:c4185]
2019-08-30 23:40:33,784 [grpc-default-executor-1] INFO  client.GrpcClientProtocolClient (GrpcClientProtocolClient.java:onNext(255)) - client-D5BE96C883BA->c9f1298e-d840-49d8-aac3-de81602aa1d5: receive RaftClientReply:client-D5BE96C883BA->c9f1298e-d840-49d8-aac3-de81602aa1d5@group-E9810A644481, cid=3038, SUCCESS, logIndex=4183, commits[c9f1298e-d840-49d8-aac3-de81602aa1d5:c4185]
2019-08-30 23:40:33,784 [grpc-default-executor-1] INFO  client.GrpcClientProtocolClient (GrpcClientProtocolClient.java:onNext(255)) - client-D5BE96C883BA->c9f1298e-d840-49d8-aac3-de81602aa1d5: receive RaftClientReply:client-D5BE96C883BA->c9f1298e-d840-49d8-aac3-de81602aa1d5@group-E9810A644481, cid=3039, SUCCESS, logIndex=4184, commits[c9f1298e-d840-49d8-aac3-de81602aa1d5:c4185]
2019-08-30 23:40:33,785 [grpc-default-executor-1] INFO  client.GrpcClientProtocolClient (GrpcClientProtocolClient.java:onNext(255)) - client-D5BE96C883BA->c9f1298e-d840-49d8-aac3-de81602aa1d5: receive RaftClientReply:client-D5BE96C883BA->c9f1298e-d840-49d8-aac3-de81602aa1d5@group-E9810A644481, cid=3040, SUCCESS, logIndex=4185, commits[c9f1298e-d840-49d8-aac3-de81602aa1d5:c4186]
2019-08-30 23:40:33,797 [SCMBlockDeletingService#1] DEBUG block.SCMBlockDeletingService (SCMBlockDeletingService.java:call(138)) - Running DeletedBlockTransactionScanner
2019-08-30 23:40:33,798 [SCMBlockDeletingService#1] DEBUG block.SCMBlockDeletingService (SCMBlockDeletingService.java:call(155)) - Scanned deleted blocks log and got 0 delTX to process.
2019-08-30 23:40:33,898 [SCMBlockDeletingService#1] DEBUG block.SCMBlockDeletingService (SCMBlockDeletingService.java:call(138)) - Running DeletedBlockTransactionScanner
2019-08-30 23:40:33,898 [SCMBlockDeletingService#1] DEBUG block.SCMBlockDeletingService (SCMBlockDeletingService.java:call(155)) - Scanned deleted blocks log and got 0 delTX to process.
2019-08-30 23:40:33,999 [SCMBlockDeletingService#1] DEBUG block.SCMBlockDeletingService (SCMBlockDeletingService.java:call(138)) - Running DeletedBlockTransactionScanner
2019-08-30 23:40:33,999 [SCMBlockDeletingService#1] DEBUG block.SCMBlockDeletingService (SCMBlockDeletingService.java:call(155)) - Scanned deleted blocks log and got 0 delTX to process.
2019-08-30 23:40:34,036 [grpc-default-executor-1] INFO  client.GrpcClientProtocolClient (GrpcClientProtocolClient.java:onNext(255)) - client-D5BE96C883BA->c9f1298e-d840-49d8-aac3-de81602aa1d5: receive RaftClientReply:client-D5BE96C883BA->c9f1298e-d840-49d8-aac3-de81602aa1d5@group-E9810A644481, cid=3041, SUCCESS, logIndex=4187, commits[c9f1298e-d840-49d8-aac3-de81602aa1d5:c4188]
2019-08-30 23:40:34,037 [grpc-default-executor-1] INFO  client.GrpcClientProtocolClient (GrpcClientProtocolClient.java:onNext(255)) - client-D5BE96C883BA->c9f1298e-d840-49d8-aac3-de81602aa1d5: receive RaftClientReply:client-D5BE96C883BA->c9f1298e-d840-49d8-aac3-de81602aa1d5@group-E9810A644481, cid=3042, SUCCESS, logIndex=4188, commits[c9f1298e-d840-49d8-aac3-de81602aa1d5:c4188]
2019-08-30 23:40:34,087 [grpc-default-executor-1] INFO  client.GrpcClientProtocolClient (GrpcClientProtocolClient.java:onNext(255)) - client-D5BE96C883BA->c9f1298e-d840-49d8-aac3-de81602aa1d5: receive RaftClientReply:client-D5BE96C883BA->c9f1298e-d840-49d8-aac3-de81602aa1d5@group-E9810A644481, cid=3043, SUCCESS, logIndex=4189, commits[c9f1298e-d840-49d8-aac3-de81602aa1d5:c4190]
2019-08-30 23:40:34,087 [grpc-default-executor-1] INFO  client.GrpcClientProtocolClient (GrpcClientProtocolClient.java:onNext(255)) - client-D5BE96C883BA->c9f1298e-d840-49d8-aac3-de81602aa1d5: receive RaftClientReply:client-D5BE96C883BA->c9f1298e-d840-49d8-aac3-de81602aa1d5@group-E9810A644481, cid=3044, SUCCESS, logIndex=4190, commits[c9f1298e-d840-49d8-aac3-de81602aa1d5:c4190]
2019-08-30 23:40:34,099 [SCMBlockDeletingService#1] DEBUG block.SCMBlockDeletingService (SCMBlockDeletingService.java:call(138)) - Running DeletedBlockTransactionScanner
2019-08-30 23:40:34,100 [SCMBlockDeletingService#1] DEBUG block.SCMBlockDeletingService (SCMBlockDeletingService.java:call(155)) - Scanned deleted blocks log and got 0 delTX to process.
2019-08-30 23:40:34,118 [grpc-default-executor-1] INFO  client.GrpcClientProtocolClient (GrpcClientProtocolClient.java:onNext(255)) - client-D5BE96C883BA->c9f1298e-d840-49d8-aac3-de81602aa1d5: receive RaftClientReply:client-D5BE96C883BA->c9f1298e-d840-49d8-aac3-de81602aa1d5@group-E9810A644481, cid=3045, SUCCESS, logIndex=4193, commits[c9f1298e-d840-49d8-aac3-de81602aa1d5:c4196]
2019-08-30 23:40:34,118 [grpc-default-executor-1] INFO  client.GrpcClientProtocolClient (GrpcClientProtocolClient.java:onNext(255)) - client-D5BE96C883BA->c9f1298e-d840-49d8-aac3-de81602aa1d5: receive RaftClientReply:client-D5BE96C883BA->c9f1298e-d840-49d8-aac3-de81602aa1d5@group-E9810A644481, cid=3046, SUCCESS, logIndex=4194, commits[c9f1298e-d840-49d8-aac3-de81602aa1d5:c4196]
2019-08-30 23:40:34,118 [grpc-default-executor-1] INFO  client.GrpcClientProtocolClient (GrpcClientProtocolClient.java:onNext(255)) - client-D5BE96C883BA->c9f1298e-d840-49d8-aac3-de81602aa1d5: receive RaftClientReply:client-D5BE96C883BA->c9f1298e-d840-49d8-aac3-de81602aa1d5@group-E9810A644481, cid=3047, SUCCESS, logIndex=4195, commits[c9f1298e-d840-49d8-aac3-de81602aa1d5:c4196]
2019-08-30 23:40:34,119 [grpc-default-executor-1] INFO  client.GrpcClientProtocolClient (GrpcClientProtocolClient.java:onNext(255)) - client-D5BE96C883BA->c9f1298e-d840-49d8-aac3-de81602aa1d5: receive RaftClientReply:client-D5BE96C883BA->c9f1298e-d840-49d8-aac3-de81602aa1d5@group-E9810A644481, cid=3048, SUCCESS, logIndex=4196, commits[c9f1298e-d840-49d8-aac3-de81602aa1d5:c4196]
2019-08-30 23:40:34,200 [SCMBlockDeletingService#1] DEBUG block.SCMBlockDeletingService (SCMBlockDeletingService.java:call(138)) - Running DeletedBlockTransactionScanner
2019-08-30 23:40:34,200 [SCMBlockDeletingService#1] DEBUG block.SCMBlockDeletingService (SCMBlockDeletingService.java:call(155)) - Scanned deleted blocks log and got 0 delTX to process.
2019-08-30 23:40:34,287 [grpc-default-executor-0] INFO  client.GrpcClientProtocolClient (GrpcClientProtocolClient.java:onNext(255)) - client-D5BE96C883BA->c9f1298e-d840-49d8-aac3-de81602aa1d5: receive RaftClientReply:client-D5BE96C883BA->c9f1298e-d840-49d8-aac3-de81602aa1d5@group-E9810A644481, cid=3049, SUCCESS, logIndex=4198, commits[c9f1298e-d840-49d8-aac3-de81602aa1d5:c4201]
2019-08-30 23:40:34,288 [grpc-default-executor-0] INFO  client.GrpcClientProtocolClient (GrpcClientProtocolClient.java:onNext(255)) - client-D5BE96C883BA->c9f1298e-d840-49d8-aac3-de81602aa1d5: receive RaftClientReply:client-D5BE96C883BA->c9f1298e-d840-49d8-aac3-de81602aa1d5@group-E9810A644481, cid=3050, SUCCESS, logIndex=4199, commits[c9f1298e-d840-49d8-aac3-de81602aa1d5:c4201]
2019-08-30 23:40:34,289 [grpc-default-executor-0] INFO  client.GrpcClientProtocolClient (GrpcClientProtocolClient.java:onNext(255)) - client-D5BE96C883BA->c9f1298e-d840-49d8-aac3-de81602aa1d5: receive RaftClientReply:client-D5BE96C883BA->c9f1298e-d840-49d8-aac3-de81602aa1d5@group-E9810A644481, cid=3051, SUCCESS, logIndex=4200, commits[c9f1298e-d840-49d8-aac3-de81602aa1d5:c4201]
2019-08-30 23:40:34,289 [grpc-default-executor-0] INFO  client.GrpcClientProtocolClient (GrpcClientProtocolClient.java:onNext(255)) - client-D5BE96C883BA->c9f1298e-d840-49d8-aac3-de81602aa1d5: receive RaftClientReply:client-D5BE96C883BA->c9f1298e-d840-49d8-aac3-de81602aa1d5@group-E9810A644481, cid=3052, SUCCESS, logIndex=4201, commits[c9f1298e-d840-49d8-aac3-de81602aa1d5:c4202]
2019-08-30 23:40:34,301 [SCMBlockDeletingService#1] DEBUG block.SCMBlockDeletingService (SCMBlockDeletingService.java:call(138)) - Running DeletedBlockTransactionScanner
2019-08-30 23:40:34,301 [SCMBlockDeletingService#1] DEBUG block.SCMBlockDeletingService (SCMBlockDeletingService.java:call(155)) - Scanned deleted blocks log and got 0 delTX to process.
2019-08-30 23:40:34,313 [grpc-default-executor-1] INFO  client.GrpcClientProtocolClient (GrpcClientProtocolClient.java:onNext(255)) - client-D5BE96C883BA->c9f1298e-d840-49d8-aac3-de81602aa1d5: receive RaftClientReply:client-D5BE96C883BA->c9f1298e-d840-49d8-aac3-de81602aa1d5@group-E9810A644481, cid=3053, SUCCESS, logIndex=4203, commits[c9f1298e-d840-49d8-aac3-de81602aa1d5:c4204]
2019-08-30 23:40:34,314 [grpc-default-executor-1] INFO  client.GrpcClientProtocolClient (GrpcClientProtocolClient.java:onNext(255)) - client-D5BE96C883BA->c9f1298e-d840-49d8-aac3-de81602aa1d5: receive RaftClientReply:client-D5BE96C883BA->c9f1298e-d840-49d8-aac3-de81602aa1d5@group-E9810A644481, cid=3054, SUCCESS, logIndex=4204, commits[c9f1298e-d840-49d8-aac3-de81602aa1d5:c4204]
2019-08-30 23:40:34,331 [grpc-default-executor-1] INFO  client.GrpcClientProtocolClient (GrpcClientProtocolClient.java:onNext(255)) - client-D5BE96C883BA->c9f1298e-d840-49d8-aac3-de81602aa1d5: receive RaftClientReply:client-D5BE96C883BA->c9f1298e-d840-49d8-aac3-de81602aa1d5@group-E9810A644481, cid=3055, SUCCESS, logIndex=4205, commits[c9f1298e-d840-49d8-aac3-de81602aa1d5:c4206]
2019-08-30 23:40:34,332 [grpc-default-executor-1] INFO  client.GrpcClientProtocolClient (GrpcClientProtocolClient.java:onNext(255)) - client-D5BE96C883BA->c9f1298e-d840-49d8-aac3-de81602aa1d5: receive RaftClientReply:client-D5BE96C883BA->c9f1298e-d840-49d8-aac3-de81602aa1d5@group-E9810A644481, cid=3056, SUCCESS, logIndex=4206, commits[c9f1298e-d840-49d8-aac3-de81602aa1d5:c4206]
2019-08-30 23:40:34,367 [grpc-default-executor-0] INFO  client.GrpcClientProtocolClient (GrpcClientProtocolClient.java:onNext(255)) - client-D5BE96C883BA->c9f1298e-d840-49d8-aac3-de81602aa1d5: receive RaftClientReply:client-D5BE96C883BA->c9f1298e-d840-49d8-aac3-de81602aa1d5@group-E9810A644481, cid=3057, SUCCESS, logIndex=4209, commits[c9f1298e-d840-49d8-aac3-de81602aa1d5:c4212]
2019-08-30 23:40:34,367 [grpc-default-executor-0] INFO  client.GrpcClientProtocolClient (GrpcClientProtocolClient.java:onNext(255)) - client-D5BE96C883BA->c9f1298e-d840-49d8-aac3-de81602aa1d5: receive RaftClientReply:client-D5BE96C883BA->c9f1298e-d840-49d8-aac3-de81602aa1d5@group-E9810A644481, cid=3058, SUCCESS, logIndex=4210, commits[c9f1298e-d840-49d8-aac3-de81602aa1d5:c4212]
2019-08-30 23:40:34,368 [grpc-default-executor-0] INFO  client.GrpcClientProtocolClient (GrpcClientProtocolClient.java:onNext(255)) - client-D5BE96C883BA->c9f1298e-d840-49d8-aac3-de81602aa1d5: receive RaftClientReply:client-D5BE96C883BA->c9f1298e-d840-49d8-aac3-de81602aa1d5@group-E9810A644481, cid=3059, SUCCESS, logIndex=4211, commits[c9f1298e-d840-49d8-aac3-de81602aa1d5:c4212]
2019-08-30 23:40:34,368 [grpc-default-executor-0] INFO  client.GrpcClientProtocolClient (GrpcClientProtocolClient.java:onNext(255)) - client-D5BE96C883BA->c9f1298e-d840-49d8-aac3-de81602aa1d5: receive RaftClientReply:client-D5BE96C883BA->c9f1298e-d840-49d8-aac3-de81602aa1d5@group-E9810A644481, cid=3060, SUCCESS, logIndex=4212, commits[c9f1298e-d840-49d8-aac3-de81602aa1d5:c4212]
2019-08-30 23:40:34,387 [grpc-default-executor-1] INFO  client.GrpcClientProtocolClient (GrpcClientProtocolClient.java:onNext(255)) - client-D5BE96C883BA->c9f1298e-d840-49d8-aac3-de81602aa1d5: receive RaftClientReply:client-D5BE96C883BA->c9f1298e-d840-49d8-aac3-de81602aa1d5@group-E9810A644481, cid=3061, SUCCESS, logIndex=4214, commits[c9f1298e-d840-49d8-aac3-de81602aa1d5:c4217]
2019-08-30 23:40:34,388 [grpc-default-executor-1] INFO  client.GrpcClientProtocolClient (GrpcClientProtocolClient.java:onNext(255)) - client-D5BE96C883BA->c9f1298e-d840-49d8-aac3-de81602aa1d5: receive RaftClientReply:client-D5BE96C883BA->c9f1298e-d840-49d8-aac3-de81602aa1d5@group-E9810A644481, cid=3062, SUCCESS, logIndex=4215, commits[c9f1298e-d840-49d8-aac3-de81602aa1d5:c4217]
2019-08-30 23:40:34,388 [grpc-default-executor-1] INFO  client.GrpcClientProtocolClient (GrpcClientProtocolClient.java:onNext(255)) - client-D5BE96C883BA->c9f1298e-d840-49d8-aac3-de81602aa1d5: receive RaftClientReply:client-D5BE96C883BA->c9f1298e-d840-49d8-aac3-de81602aa1d5@group-E9810A644481, cid=3063, SUCCESS, logIndex=4216, commits[c9f1298e-d840-49d8-aac3-de81602aa1d5:c4217]
2019-08-30 23:40:34,388 [grpc-default-executor-1] INFO  client.GrpcClientProtocolClient (GrpcClientProtocolClient.java:onNext(255)) - client-D5BE96C883BA->c9f1298e-d840-49d8-aac3-de81602aa1d5: receive RaftClientReply:client-D5BE96C883BA->c9f1298e-d840-49d8-aac3-de81602aa1d5@group-E9810A644481, cid=3064, SUCCESS, logIndex=4217, commits[c9f1298e-d840-49d8-aac3-de81602aa1d5:c4217]
2019-08-30 23:40:34,401 [SCMBlockDeletingService#1] DEBUG block.SCMBlockDeletingService (SCMBlockDeletingService.java:call(138)) - Running DeletedBlockTransactionScanner
2019-08-30 23:40:34,401 [SCMBlockDeletingService#1] DEBUG block.SCMBlockDeletingService (SCMBlockDeletingService.java:call(155)) - Scanned deleted blocks log and got 0 delTX to process.
2019-08-30 23:40:34,412 [grpc-default-executor-1] INFO  client.GrpcClientProtocolClient (GrpcClientProtocolClient.java:onNext(255)) - client-D5BE96C883BA->c9f1298e-d840-49d8-aac3-de81602aa1d5: receive RaftClientReply:client-D5BE96C883BA->c9f1298e-d840-49d8-aac3-de81602aa1d5@group-E9810A644481, cid=3065, SUCCESS, logIndex=4219, commits[c9f1298e-d840-49d8-aac3-de81602aa1d5:c4220]
2019-08-30 23:40:34,412 [grpc-default-executor-1] INFO  client.GrpcClientProtocolClient (GrpcClientProtocolClient.java:onNext(255)) - client-D5BE96C883BA->c9f1298e-d840-49d8-aac3-de81602aa1d5: receive RaftClientReply:client-D5BE96C883BA->c9f1298e-d840-49d8-aac3-de81602aa1d5@group-E9810A644481, cid=3066, SUCCESS, logIndex=4220, commits[c9f1298e-d840-49d8-aac3-de81602aa1d5:c4220]
2019-08-30 23:40:34,420 [grpc-default-executor-1] INFO  client.GrpcClientProtocolClient (GrpcClientProtocolClient.java:onNext(255)) - client-D5BE96C883BA->c9f1298e-d840-49d8-aac3-de81602aa1d5: receive RaftClientReply:client-D5BE96C883BA->c9f1298e-d840-49d8-aac3-de81602aa1d5@group-E9810A644481, cid=3067, SUCCESS, logIndex=4221, commits[c9f1298e-d840-49d8-aac3-de81602aa1d5:c4222]
2019-08-30 23:40:34,420 [grpc-default-executor-1] INFO  client.GrpcClientProtocolClient (GrpcClientProtocolClient.java:onNext(255)) - client-D5BE96C883BA->c9f1298e-d840-49d8-aac3-de81602aa1d5: receive RaftClientReply:client-D5BE96C883BA->c9f1298e-d840-49d8-aac3-de81602aa1d5@group-E9810A644481, cid=3068, SUCCESS, logIndex=4222, commits[c9f1298e-d840-49d8-aac3-de81602aa1d5:c4222]
2019-08-30 23:40:34,433 [grpc-default-executor-0] INFO  client.GrpcClientProtocolClient (GrpcClientProtocolClient.java:onNext(255)) - client-D5BE96C883BA->c9f1298e-d840-49d8-aac3-de81602aa1d5: receive RaftClientReply:client-D5BE96C883BA->c9f1298e-d840-49d8-aac3-de81602aa1d5@group-E9810A644481, cid=3069, SUCCESS, logIndex=4225, commits[c9f1298e-d840-49d8-aac3-de81602aa1d5:c4228]
2019-08-30 23:40:34,433 [grpc-default-executor-0] INFO  client.GrpcClientProtocolClient (GrpcClientProtocolClient.java:onNext(255)) - client-D5BE96C883BA->c9f1298e-d840-49d8-aac3-de81602aa1d5: receive RaftClientReply:client-D5BE96C883BA->c9f1298e-d840-49d8-aac3-de81602aa1d5@group-E9810A644481, cid=3070, SUCCESS, logIndex=4226, commits[c9f1298e-d840-49d8-aac3-de81602aa1d5:c4228]
2019-08-30 23:40:34,434 [grpc-default-executor-0] INFO  client.GrpcClientProtocolClient (GrpcClientProtocolClient.java:onNext(255)) - client-D5BE96C883BA->c9f1298e-d840-49d8-aac3-de81602aa1d5: receive RaftClientReply:client-D5BE96C883BA->c9f1298e-d840-49d8-aac3-de81602aa1d5@group-E9810A644481, cid=3071, SUCCESS, logIndex=4227, commits[c9f1298e-d840-49d8-aac3-de81602aa1d5:c4228]
2019-08-30 23:40:34,434 [grpc-default-executor-0] INFO  client.GrpcClientProtocolClient (GrpcClientProtocolClient.java:onNext(255)) - client-D5BE96C883BA->c9f1298e-d840-49d8-aac3-de81602aa1d5: receive RaftClientReply:client-D5BE96C883BA->c9f1298e-d840-49d8-aac3-de81602aa1d5@group-E9810A644481, cid=3072, SUCCESS, logIndex=4228, commits[c9f1298e-d840-49d8-aac3-de81602aa1d5:c4228]
2019-08-30 23:40:34,469 [grpc-default-executor-0] INFO  client.GrpcClientProtocolClient (GrpcClientProtocolClient.java:onNext(255)) - client-D5BE96C883BA->c9f1298e-d840-49d8-aac3-de81602aa1d5: receive RaftClientReply:client-D5BE96C883BA->c9f1298e-d840-49d8-aac3-de81602aa1d5@group-E9810A644481, cid=3073, SUCCESS, logIndex=4230, commits[c9f1298e-d840-49d8-aac3-de81602aa1d5:c4233]
2019-08-30 23:40:34,469 [grpc-default-executor-0] INFO  client.GrpcClientProtocolClient (GrpcClientProtocolClient.java:onNext(255)) - client-D5BE96C883BA->c9f1298e-d840-49d8-aac3-de81602aa1d5: receive RaftClientReply:client-D5BE96C883BA->c9f1298e-d840-49d8-aac3-de81602aa1d5@group-E9810A644481, cid=3074, SUCCESS, logIndex=4231, commits[c9f1298e-d840-49d8-aac3-de81602aa1d5:c4233]
2019-08-30 23:40:34,469 [grpc-default-executor-0] INFO  client.GrpcClientProtocolClient (GrpcClientProtocolClient.java:onNext(255)) - client-D5BE96C883BA->c9f1298e-d840-49d8-aac3-de81602aa1d5: receive RaftClientReply:client-D5BE96C883BA->c9f1298e-d840-49d8-aac3-de81602aa1d5@group-E9810A644481, cid=3075, SUCCESS, logIndex=4232, commits[c9f1298e-d840-49d8-aac3-de81602aa1d5:c4233]
2019-08-30 23:40:34,469 [grpc-default-executor-0] INFO  client.GrpcClientProtocolClient (GrpcClientProtocolClient.java:onNext(255)) - client-D5BE96C883BA->c9f1298e-d840-49d8-aac3-de81602aa1d5: receive RaftClientReply:client-D5BE96C883BA->c9f1298e-d840-49d8-aac3-de81602aa1d5@group-E9810A644481, cid=3076, SUCCESS, logIndex=4233, commits[c9f1298e-d840-49d8-aac3-de81602aa1d5:c4233]
2019-08-30 23:40:34,482 [grpc-default-executor-0] INFO  client.GrpcClientProtocolClient (GrpcClientProtocolClient.java:onNext(255)) - client-D5BE96C883BA->c9f1298e-d840-49d8-aac3-de81602aa1d5: receive RaftClientReply:client-D5BE96C883BA->c9f1298e-d840-49d8-aac3-de81602aa1d5@group-E9810A644481, cid=3077, SUCCESS, logIndex=4235, commits[c9f1298e-d840-49d8-aac3-de81602aa1d5:c4238]
2019-08-30 23:40:34,483 [grpc-default-executor-0] INFO  client.GrpcClientProtocolClient (GrpcClientProtocolClient.java:onNext(255)) - client-D5BE96C883BA->c9f1298e-d840-49d8-aac3-de81602aa1d5: receive RaftClientReply:client-D5BE96C883BA->c9f1298e-d840-49d8-aac3-de81602aa1d5@group-E9810A644481, cid=3078, SUCCESS, logIndex=4236, commits[c9f1298e-d840-49d8-aac3-de81602aa1d5:c4238]
2019-08-30 23:40:34,483 [grpc-default-executor-0] INFO  client.GrpcClientProtocolClient (GrpcClientProtocolClient.java:onNext(255)) - client-D5BE96C883BA->c9f1298e-d840-49d8-aac3-de81602aa1d5: receive RaftClientReply:client-D5BE96C883BA->c9f1298e-d840-49d8-aac3-de81602aa1d5@group-E9810A644481, cid=3079, SUCCESS, logIndex=4237, commits[c9f1298e-d840-49d8-aac3-de81602aa1d5:c4238]
2019-08-30 23:40:34,483 [grpc-default-executor-0] INFO  client.GrpcClientProtocolClient (GrpcClientProtocolClient.java:onNext(255)) - client-D5BE96C883BA->c9f1298e-d840-49d8-aac3-de81602aa1d5: receive RaftClientReply:client-D5BE96C883BA->c9f1298e-d840-49d8-aac3-de81602aa1d5@group-E9810A644481, cid=3080, SUCCESS, logIndex=4238, commits[c9f1298e-d840-49d8-aac3-de81602aa1d5:c4238]
2019-08-30 23:40:34,502 [SCMBlockDeletingService#1] DEBUG block.SCMBlockDeletingService (SCMBlockDeletingService.java:call(138)) - Running DeletedBlockTransactionScanner
2019-08-30 23:40:34,502 [SCMBlockDeletingService#1] DEBUG block.SCMBlockDeletingService (SCMBlockDeletingService.java:call(155)) - Scanned deleted blocks log and got 0 delTX to process.
2019-08-30 23:40:34,524 [grpc-default-executor-0] INFO  client.GrpcClientProtocolClient (GrpcClientProtocolClient.java:onNext(255)) - client-D5BE96C883BA->c9f1298e-d840-49d8-aac3-de81602aa1d5: receive RaftClientReply:client-D5BE96C883BA->c9f1298e-d840-49d8-aac3-de81602aa1d5@group-E9810A644481, cid=3081, SUCCESS, logIndex=4240, commits[c9f1298e-d840-49d8-aac3-de81602aa1d5:c4241]
2019-08-30 23:40:34,525 [grpc-default-executor-0] INFO  client.GrpcClientProtocolClient (GrpcClientProtocolClient.java:onNext(255)) - client-D5BE96C883BA->c9f1298e-d840-49d8-aac3-de81602aa1d5: receive RaftClientReply:client-D5BE96C883BA->c9f1298e-d840-49d8-aac3-de81602aa1d5@group-E9810A644481, cid=3082, SUCCESS, logIndex=4241, commits[c9f1298e-d840-49d8-aac3-de81602aa1d5:c4241]
2019-08-30 23:40:34,535 [grpc-default-executor-0] INFO  client.GrpcClientProtocolClient (GrpcClientProtocolClient.java:onNext(255)) - client-D5BE96C883BA->c9f1298e-d840-49d8-aac3-de81602aa1d5: receive RaftClientReply:client-D5BE96C883BA->c9f1298e-d840-49d8-aac3-de81602aa1d5@group-E9810A644481, cid=3083, SUCCESS, logIndex=4242, commits[c9f1298e-d840-49d8-aac3-de81602aa1d5:c4243]
2019-08-30 23:40:34,535 [grpc-default-executor-0] INFO  client.GrpcClientProtocolClient (GrpcClientProtocolClient.java:onNext(255)) - client-D5BE96C883BA->c9f1298e-d840-49d8-aac3-de81602aa1d5: receive RaftClientReply:client-D5BE96C883BA->c9f1298e-d840-49d8-aac3-de81602aa1d5@group-E9810A644481, cid=3084, SUCCESS, logIndex=4243, commits[c9f1298e-d840-49d8-aac3-de81602aa1d5:c4243]
2019-08-30 23:40:34,554 [grpc-default-executor-0] INFO  client.GrpcClientProtocolClient (GrpcClientProtocolClient.java:onNext(255)) - client-D5BE96C883BA->c9f1298e-d840-49d8-aac3-de81602aa1d5: receive RaftClientReply:client-D5BE96C883BA->c9f1298e-d840-49d8-aac3-de81602aa1d5@group-E9810A644481, cid=3085, SUCCESS, logIndex=4246, commits[c9f1298e-d840-49d8-aac3-de81602aa1d5:c4249]
2019-08-30 23:40:34,555 [grpc-default-executor-0] INFO  client.GrpcClientProtocolClient (GrpcClientProtocolClient.java:onNext(255)) - client-D5BE96C883BA->c9f1298e-d840-49d8-aac3-de81602aa1d5: receive RaftClientReply:client-D5BE96C883BA->c9f1298e-d840-49d8-aac3-de81602aa1d5@group-E9810A644481, cid=3086, SUCCESS, logIndex=4247, commits[c9f1298e-d840-49d8-aac3-de81602aa1d5:c4249]
2019-08-30 23:40:34,555 [grpc-default-executor-0] INFO  client.GrpcClientProtocolClient (GrpcClientProtocolClient.java:onNext(255)) - client-D5BE96C883BA->c9f1298e-d840-49d8-aac3-de81602aa1d5: receive RaftClientReply:client-D5BE96C883BA->c9f1298e-d840-49d8-aac3-de81602aa1d5@group-E9810A644481, cid=3087, SUCCESS, logIndex=4248, commits[c9f1298e-d840-49d8-aac3-de81602aa1d5:c4249]
2019-08-30 23:40:34,555 [grpc-default-executor-0] INFO  client.GrpcClientProtocolClient (GrpcClientProtocolClient.java:onNext(255)) - client-D5BE96C883BA->c9f1298e-d840-49d8-aac3-de81602aa1d5: receive RaftClientReply:client-D5BE96C883BA->c9f1298e-d840-49d8-aac3-de81602aa1d5@group-E9810A644481, cid=3088, SUCCESS, logIndex=4249, commits[c9f1298e-d840-49d8-aac3-de81602aa1d5:c4249]
2019-08-30 23:40:34,588 [grpc-default-executor-0] INFO  client.GrpcClientProtocolClient (GrpcClientProtocolClient.java:onNext(255)) - client-D5BE96C883BA->c9f1298e-d840-49d8-aac3-de81602aa1d5: receive RaftClientReply:client-D5BE96C883BA->c9f1298e-d840-49d8-aac3-de81602aa1d5@group-E9810A644481, cid=3089, SUCCESS, logIndex=4251, commits[c9f1298e-d840-49d8-aac3-de81602aa1d5:c4254]
2019-08-30 23:40:34,589 [grpc-default-executor-1] INFO  client.GrpcClientProtocolClient (GrpcClientProtocolClient.java:onNext(255)) - client-D5BE96C883BA->c9f1298e-d840-49d8-aac3-de81602aa1d5: receive RaftClientReply:client-D5BE96C883BA->c9f1298e-d840-49d8-aac3-de81602aa1d5@group-E9810A644481, cid=3090, SUCCESS, logIndex=4252, commits[c9f1298e-d840-49d8-aac3-de81602aa1d5:c4254]
2019-08-30 23:40:34,589 [grpc-default-executor-1] INFO  client.GrpcClientProtocolClient (GrpcClientProtocolClient.java:onNext(255)) - client-D5BE96C883BA->c9f1298e-d840-49d8-aac3-de81602aa1d5: receive RaftClientReply:client-D5BE96C883BA->c9f1298e-d840-49d8-aac3-de81602aa1d5@group-E9810A644481, cid=3091, SUCCESS, logIndex=4253, commits[c9f1298e-d840-49d8-aac3-de81602aa1d5:c4254]
2019-08-30 23:40:34,590 [grpc-default-executor-1] INFO  client.GrpcClientProtocolClient (GrpcClientProtocolClient.java:onNext(255)) - client-D5BE96C883BA->c9f1298e-d840-49d8-aac3-de81602aa1d5: receive RaftClientReply:client-D5BE96C883BA->c9f1298e-d840-49d8-aac3-de81602aa1d5@group-E9810A644481, cid=3092, SUCCESS, logIndex=4254, commits[c9f1298e-d840-49d8-aac3-de81602aa1d5:c4254]
2019-08-30 23:40:34,602 [SCMBlockDeletingService#1] DEBUG block.SCMBlockDeletingService (SCMBlockDeletingService.java:call(138)) - Running DeletedBlockTransactionScanner
2019-08-30 23:40:34,603 [SCMBlockDeletingService#1] DEBUG block.SCMBlockDeletingService (SCMBlockDeletingService.java:call(155)) - Scanned deleted blocks log and got 0 delTX to process.
2019-08-30 23:40:34,603 [grpc-default-executor-0] INFO  client.GrpcClientProtocolClient (GrpcClientProtocolClient.java:onNext(255)) - client-D5BE96C883BA->c9f1298e-d840-49d8-aac3-de81602aa1d5: receive RaftClientReply:client-D5BE96C883BA->c9f1298e-d840-49d8-aac3-de81602aa1d5@group-E9810A644481, cid=3093, SUCCESS, logIndex=4256, commits[c9f1298e-d840-49d8-aac3-de81602aa1d5:c4257]
2019-08-30 23:40:34,603 [grpc-default-executor-0] INFO  client.GrpcClientProtocolClient (GrpcClientProtocolClient.java:onNext(255)) - client-D5BE96C883BA->c9f1298e-d840-49d8-aac3-de81602aa1d5: receive RaftClientReply:client-D5BE96C883BA->c9f1298e-d840-49d8-aac3-de81602aa1d5@group-E9810A644481, cid=3094, SUCCESS, logIndex=4257, commits[c9f1298e-d840-49d8-aac3-de81602aa1d5:c4257]
2019-08-30 23:40:34,703 [SCMBlockDeletingService#1] DEBUG block.SCMBlockDeletingService (SCMBlockDeletingService.java:call(138)) - Running DeletedBlockTransactionScanner
2019-08-30 23:40:34,703 [SCMBlockDeletingService#1] DEBUG block.SCMBlockDeletingService (SCMBlockDeletingService.java:call(155)) - Scanned deleted blocks log and got 0 delTX to process.
2019-08-30 23:40:34,720 [grpc-default-executor-1] INFO  client.GrpcClientProtocolClient (GrpcClientProtocolClient.java:onNext(255)) - client-D5BE96C883BA->c9f1298e-d840-49d8-aac3-de81602aa1d5: receive RaftClientReply:client-D5BE96C883BA->c9f1298e-d840-49d8-aac3-de81602aa1d5@group-E9810A644481, cid=3095, SUCCESS, logIndex=4259, commits[c9f1298e-d840-49d8-aac3-de81602aa1d5:c4260]
2019-08-30 23:40:34,721 [grpc-default-executor-1] INFO  client.GrpcClientProtocolClient (GrpcClientProtocolClient.java:onNext(255)) - client-D5BE96C883BA->c9f1298e-d840-49d8-aac3-de81602aa1d5: receive RaftClientReply:client-D5BE96C883BA->c9f1298e-d840-49d8-aac3-de81602aa1d5@group-E9810A644481, cid=3096, SUCCESS, logIndex=4260, commits[c9f1298e-d840-49d8-aac3-de81602aa1d5:c4260]
2019-08-30 23:40:34,758 [grpc-default-executor-0] INFO  client.GrpcClientProtocolClient (GrpcClientProtocolClient.java:onNext(255)) - client-D5BE96C883BA->c9f1298e-d840-49d8-aac3-de81602aa1d5: receive RaftClientReply:client-D5BE96C883BA->c9f1298e-d840-49d8-aac3-de81602aa1d5@group-E9810A644481, cid=3097, SUCCESS, logIndex=4262, commits[c9f1298e-d840-49d8-aac3-de81602aa1d5:c4265]
2019-08-30 23:40:34,759 [grpc-default-executor-0] INFO  client.GrpcClientProtocolClient (GrpcClientProtocolClient.java:onNext(255)) - client-D5BE96C883BA->c9f1298e-d840-49d8-aac3-de81602aa1d5: receive RaftClientReply:client-D5BE96C883BA->c9f1298e-d840-49d8-aac3-de81602aa1d5@group-E9810A644481, cid=3098, SUCCESS, logIndex=4263, commits[c9f1298e-d840-49d8-aac3-de81602aa1d5:c4265]
2019-08-30 23:40:34,759 [grpc-default-executor-0] INFO  client.GrpcClientProtocolClient (GrpcClientProtocolClient.java:onNext(255)) - client-D5BE96C883BA->c9f1298e-d840-49d8-aac3-de81602aa1d5: receive RaftClientReply:client-D5BE96C883BA->c9f1298e-d840-49d8-aac3-de81602aa1d5@group-E9810A644481, cid=3099, SUCCESS, logIndex=4264, commits[c9f1298e-d840-49d8-aac3-de81602aa1d5:c4265]
2019-08-30 23:40:34,760 [grpc-default-executor-0] INFO  client.GrpcClientProtocolClient (GrpcClientProtocolClient.java:onNext(255)) - client-D5BE96C883BA->c9f1298e-d840-49d8-aac3-de81602aa1d5: receive RaftClientReply:client-D5BE96C883BA->c9f1298e-d840-49d8-aac3-de81602aa1d5@group-E9810A644481, cid=3100, SUCCESS, logIndex=4265, commits[c9f1298e-d840-49d8-aac3-de81602aa1d5:c4265]
2019-08-30 23:40:34,802 [grpc-default-executor-1] INFO  client.GrpcClientProtocolClient (GrpcClientProtocolClient.java:onNext(255)) - client-D5BE96C883BA->c9f1298e-d840-49d8-aac3-de81602aa1d5: receive RaftClientReply:client-D5BE96C883BA->c9f1298e-d840-49d8-aac3-de81602aa1d5@group-E9810A644481, cid=3101, SUCCESS, logIndex=4267, commits[c9f1298e-d840-49d8-aac3-de81602aa1d5:c4270]
2019-08-30 23:40:34,803 [grpc-default-executor-1] INFO  client.GrpcClientProtocolClient (GrpcClientProtocolClient.java:onNext(255)) - client-D5BE96C883BA->c9f1298e-d840-49d8-aac3-de81602aa1d5: receive RaftClientReply:client-D5BE96C883BA->c9f1298e-d840-49d8-aac3-de81602aa1d5@group-E9810A644481, cid=3102, SUCCESS, logIndex=4268, commits[c9f1298e-d840-49d8-aac3-de81602aa1d5:c4270]
2019-08-30 23:40:34,803 [grpc-default-executor-1] INFO  client.GrpcClientProtocolClient (GrpcClientProtocolClient.java:onNext(255)) - client-D5BE96C883BA->c9f1298e-d840-49d8-aac3-de81602aa1d5: receive RaftClientReply:client-D5BE96C883BA->c9f1298e-d840-49d8-aac3-de81602aa1d5@group-E9810A644481, cid=3103, SUCCESS, logIndex=4269, commits[c9f1298e-d840-49d8-aac3-de81602aa1d5:c4270]
2019-08-30 23:40:34,804 [SCMBlockDeletingService#1] DEBUG block.SCMBlockDeletingService (SCMBlockDeletingService.java:call(138)) - Running DeletedBlockTransactionScanner
2019-08-30 23:40:34,804 [grpc-default-executor-1] INFO  client.GrpcClientProtocolClient (GrpcClientProtocolClient.java:onNext(255)) - client-D5BE96C883BA->c9f1298e-d840-49d8-aac3-de81602aa1d5: receive RaftClientReply:client-D5BE96C883BA->c9f1298e-d840-49d8-aac3-de81602aa1d5@group-E9810A644481, cid=3104, SUCCESS, logIndex=4270, commits[c9f1298e-d840-49d8-aac3-de81602aa1d5:c4270]
2019-08-30 23:40:34,804 [SCMBlockDeletingService#1] DEBUG block.SCMBlockDeletingService (SCMBlockDeletingService.java:call(155)) - Scanned deleted blocks log and got 0 delTX to process.
2019-08-30 23:40:34,834 [grpc-default-executor-1] INFO  client.GrpcClientProtocolClient (GrpcClientProtocolClient.java:onNext(255)) - client-D5BE96C883BA->c9f1298e-d840-49d8-aac3-de81602aa1d5: receive RaftClientReply:client-D5BE96C883BA->c9f1298e-d840-49d8-aac3-de81602aa1d5@group-E9810A644481, cid=3105, SUCCESS, logIndex=4272, commits[c9f1298e-d840-49d8-aac3-de81602aa1d5:c4273]
2019-08-30 23:40:34,835 [grpc-default-executor-1] INFO  client.GrpcClientProtocolClient (GrpcClientProtocolClient.java:onNext(255)) - client-D5BE96C883BA->c9f1298e-d840-49d8-aac3-de81602aa1d5: receive RaftClientReply:client-D5BE96C883BA->c9f1298e-d840-49d8-aac3-de81602aa1d5@group-E9810A644481, cid=3106, SUCCESS, logIndex=4273, commits[c9f1298e-d840-49d8-aac3-de81602aa1d5:c4273]
2019-08-30 23:40:34,855 [grpc-default-executor-1] INFO  client.GrpcClientProtocolClient (GrpcClientProtocolClient.java:onNext(255)) - client-D5BE96C883BA->c9f1298e-d840-49d8-aac3-de81602aa1d5: receive RaftClientReply:client-D5BE96C883BA->c9f1298e-d840-49d8-aac3-de81602aa1d5@group-E9810A644481, cid=3107, SUCCESS, logIndex=4274, commits[c9f1298e-d840-49d8-aac3-de81602aa1d5:c4275]
2019-08-30 23:40:34,856 [grpc-default-executor-1] INFO  client.GrpcClientProtocolClient (GrpcClientProtocolClient.java:onNext(255)) - client-D5BE96C883BA->c9f1298e-d840-49d8-aac3-de81602aa1d5: receive RaftClientReply:client-D5BE96C883BA->c9f1298e-d840-49d8-aac3-de81602aa1d5@group-E9810A644481, cid=3108, SUCCESS, logIndex=4275, commits[c9f1298e-d840-49d8-aac3-de81602aa1d5:c4275]
2019-08-30 23:40:34,904 [SCMBlockDeletingService#1] DEBUG block.SCMBlockDeletingService (SCMBlockDeletingService.java:call(138)) - Running DeletedBlockTransactionScanner
2019-08-30 23:40:34,905 [SCMBlockDeletingService#1] DEBUG block.SCMBlockDeletingService (SCMBlockDeletingService.java:call(155)) - Scanned deleted blocks log and got 0 delTX to process.
2019-08-30 23:40:35,005 [SCMBlockDeletingService#1] DEBUG block.SCMBlockDeletingService (SCMBlockDeletingService.java:call(138)) - Running DeletedBlockTransactionScanner
2019-08-30 23:40:35,005 [SCMBlockDeletingService#1] DEBUG block.SCMBlockDeletingService (SCMBlockDeletingService.java:call(155)) - Scanned deleted blocks log and got 0 delTX to process.
2019-08-30 23:40:35,014 [grpc-default-executor-0] INFO  client.GrpcClientProtocolClient (GrpcClientProtocolClient.java:onNext(255)) - client-D5BE96C883BA->c9f1298e-d840-49d8-aac3-de81602aa1d5: receive RaftClientReply:client-D5BE96C883BA->c9f1298e-d840-49d8-aac3-de81602aa1d5@group-E9810A644481, cid=3109, SUCCESS, logIndex=4278, commits[c9f1298e-d840-49d8-aac3-de81602aa1d5:c4282]
2019-08-30 23:40:35,014 [grpc-default-executor-0] INFO  client.GrpcClientProtocolClient (GrpcClientProtocolClient.java:onNext(255)) - client-D5BE96C883BA->c9f1298e-d840-49d8-aac3-de81602aa1d5: receive RaftClientReply:client-D5BE96C883BA->c9f1298e-d840-49d8-aac3-de81602aa1d5@group-E9810A644481, cid=3110, SUCCESS, logIndex=4279, commits[c9f1298e-d840-49d8-aac3-de81602aa1d5:c4282]
2019-08-30 23:40:35,020 [grpc-default-executor-0] INFO  client.GrpcClientProtocolClient (GrpcClientProtocolClient.java:onNext(255)) - client-D5BE96C883BA->c9f1298e-d840-49d8-aac3-de81602aa1d5: receive RaftClientReply:client-D5BE96C883BA->c9f1298e-d840-49d8-aac3-de81602aa1d5@group-E9810A644481, cid=3111, SUCCESS, logIndex=4280, commits[c9f1298e-d840-49d8-aac3-de81602aa1d5:c4282]
2019-08-30 23:40:35,021 [grpc-default-executor-0] INFO  client.GrpcClientProtocolClient (GrpcClientProtocolClient.java:onNext(255)) - client-D5BE96C883BA->c9f1298e-d840-49d8-aac3-de81602aa1d5: receive RaftClientReply:client-D5BE96C883BA->c9f1298e-d840-49d8-aac3-de81602aa1d5@group-E9810A644481, cid=3112, SUCCESS, logIndex=4281, commits[c9f1298e-d840-49d8-aac3-de81602aa1d5:c4282]
2019-08-30 23:40:35,068 [grpc-default-executor-0] INFO  client.GrpcClientProtocolClient (GrpcClientProtocolClient.java:onNext(255)) - client-D5BE96C883BA->c9f1298e-d840-49d8-aac3-de81602aa1d5: receive RaftClientReply:client-D5BE96C883BA->c9f1298e-d840-49d8-aac3-de81602aa1d5@group-E9810A644481, cid=3113, SUCCESS, logIndex=4283, commits[c9f1298e-d840-49d8-aac3-de81602aa1d5:c4284]
2019-08-30 23:40:35,069 [grpc-default-executor-0] INFO  client.GrpcClientProtocolClient (GrpcClientProtocolClient.java:onNext(255)) - client-D5BE96C883BA->c9f1298e-d840-49d8-aac3-de81602aa1d5: receive RaftClientReply:client-D5BE96C883BA->c9f1298e-d840-49d8-aac3-de81602aa1d5@group-E9810A644481, cid=3114, SUCCESS, logIndex=4284, commits[c9f1298e-d840-49d8-aac3-de81602aa1d5:c4284]
2019-08-30 23:40:35,087 [grpc-default-executor-0] INFO  client.GrpcClientProtocolClient (GrpcClientProtocolClient.java:onNext(255)) - client-D5BE96C883BA->c9f1298e-d840-49d8-aac3-de81602aa1d5: receive RaftClientReply:client-D5BE96C883BA->c9f1298e-d840-49d8-aac3-de81602aa1d5@group-E9810A644481, cid=3115, SUCCESS, logIndex=4285, commits[c9f1298e-d840-49d8-aac3-de81602aa1d5:c4286]
2019-08-30 23:40:35,087 [grpc-default-executor-0] INFO  client.GrpcClientProtocolClient (GrpcClientProtocolClient.java:onNext(255)) - client-D5BE96C883BA->c9f1298e-d840-49d8-aac3-de81602aa1d5: receive RaftClientReply:client-D5BE96C883BA->c9f1298e-d840-49d8-aac3-de81602aa1d5@group-E9810A644481, cid=3116, SUCCESS, logIndex=4286, commits[c9f1298e-d840-49d8-aac3-de81602aa1d5:c4286]
2019-08-30 23:40:35,105 [grpc-default-executor-1] INFO  client.GrpcClientProtocolClient (GrpcClientProtocolClient.java:onNext(255)) - client-D5BE96C883BA->c9f1298e-d840-49d8-aac3-de81602aa1d5: receive RaftClientReply:client-D5BE96C883BA->c9f1298e-d840-49d8-aac3-de81602aa1d5@group-E9810A644481, cid=3117, SUCCESS, logIndex=4289, commits[c9f1298e-d840-49d8-aac3-de81602aa1d5:c4290]
2019-08-30 23:40:35,106 [SCMBlockDeletingService#1] DEBUG block.SCMBlockDeletingService (SCMBlockDeletingService.java:call(138)) - Running DeletedBlockTransactionScanner
2019-08-30 23:40:35,106 [grpc-default-executor-1] INFO  client.GrpcClientProtocolClient (GrpcClientProtocolClient.java:onNext(255)) - client-D5BE96C883BA->c9f1298e-d840-49d8-aac3-de81602aa1d5: receive RaftClientReply:client-D5BE96C883BA->c9f1298e-d840-49d8-aac3-de81602aa1d5@group-E9810A644481, cid=3118, SUCCESS, logIndex=4290, commits[c9f1298e-d840-49d8-aac3-de81602aa1d5:c4290]
2019-08-30 23:40:35,106 [SCMBlockDeletingService#1] DEBUG block.SCMBlockDeletingService (SCMBlockDeletingService.java:call(155)) - Scanned deleted blocks log and got 0 delTX to process.
2019-08-30 23:40:35,133 [grpc-default-executor-1] INFO  client.GrpcClientProtocolClient (GrpcClientProtocolClient.java:onNext(255)) - client-D5BE96C883BA->c9f1298e-d840-49d8-aac3-de81602aa1d5: receive RaftClientReply:client-D5BE96C883BA->c9f1298e-d840-49d8-aac3-de81602aa1d5@group-E9810A644481, cid=3119, SUCCESS, logIndex=4291, commits[c9f1298e-d840-49d8-aac3-de81602aa1d5:c4292]
2019-08-30 23:40:35,134 [grpc-default-executor-1] INFO  client.GrpcClientProtocolClient (GrpcClientProtocolClient.java:onNext(255)) - client-D5BE96C883BA->c9f1298e-d840-49d8-aac3-de81602aa1d5: receive RaftClientReply:client-D5BE96C883BA->c9f1298e-d840-49d8-aac3-de81602aa1d5@group-E9810A644481, cid=3120, SUCCESS, logIndex=4292, commits[c9f1298e-d840-49d8-aac3-de81602aa1d5:c4292]
2019-08-30 23:40:35,161 [grpc-default-executor-0] INFO  client.GrpcClientProtocolClient (GrpcClientProtocolClient.java:onNext(255)) - client-D5BE96C883BA->c9f1298e-d840-49d8-aac3-de81602aa1d5: receive RaftClientReply:client-D5BE96C883BA->c9f1298e-d840-49d8-aac3-de81602aa1d5@group-E9810A644481, cid=3121, SUCCESS, logIndex=4295, commits[c9f1298e-d840-49d8-aac3-de81602aa1d5:c4296]
2019-08-30 23:40:35,162 [grpc-default-executor-0] INFO  client.GrpcClientProtocolClient (GrpcClientProtocolClient.java:onNext(255)) - client-D5BE96C883BA->c9f1298e-d840-49d8-aac3-de81602aa1d5: receive RaftClientReply:client-D5BE96C883BA->c9f1298e-d840-49d8-aac3-de81602aa1d5@group-E9810A644481, cid=3122, SUCCESS, logIndex=4296, commits[c9f1298e-d840-49d8-aac3-de81602aa1d5:c4296]
2019-08-30 23:40:35,162 [grpc-default-executor-0] INFO  client.GrpcClientProtocolClient (GrpcClientProtocolClient.java:onNext(255)) - client-D5BE96C883BA->c9f1298e-d840-49d8-aac3-de81602aa1d5: receive RaftClientReply:client-D5BE96C883BA->c9f1298e-d840-49d8-aac3-de81602aa1d5@group-E9810A644481, cid=3123, SUCCESS, logIndex=4297, commits[c9f1298e-d840-49d8-aac3-de81602aa1d5:c4298]
2019-08-30 23:40:35,162 [grpc-default-executor-0] INFO  client.GrpcClientProtocolClient (GrpcClientProtocolClient.java:onNext(255)) - client-D5BE96C883BA->c9f1298e-d840-49d8-aac3-de81602aa1d5: receive RaftClientReply:client-D5BE96C883BA->c9f1298e-d840-49d8-aac3-de81602aa1d5@group-E9810A644481, cid=3124, SUCCESS, logIndex=4298, commits[c9f1298e-d840-49d8-aac3-de81602aa1d5:c4298]
2019-08-30 23:40:35,199 [grpc-default-executor-0] INFO  client.GrpcClientProtocolClient (GrpcClientProtocolClient.java:onNext(255)) - client-D5BE96C883BA->c9f1298e-d840-49d8-aac3-de81602aa1d5: receive RaftClientReply:client-D5BE96C883BA->c9f1298e-d840-49d8-aac3-de81602aa1d5@group-E9810A644481, cid=3125, SUCCESS, logIndex=4301, commits[c9f1298e-d840-49d8-aac3-de81602aa1d5:c4304]
2019-08-30 23:40:35,200 [grpc-default-executor-0] INFO  client.GrpcClientProtocolClient (GrpcClientProtocolClient.java:onNext(255)) - client-D5BE96C883BA->c9f1298e-d840-49d8-aac3-de81602aa1d5: receive RaftClientReply:client-D5BE96C883BA->c9f1298e-d840-49d8-aac3-de81602aa1d5@group-E9810A644481, cid=3126, SUCCESS, logIndex=4302, commits[c9f1298e-d840-49d8-aac3-de81602aa1d5:c4304]
2019-08-30 23:40:35,201 [grpc-default-executor-0] INFO  client.GrpcClientProtocolClient (GrpcClientProtocolClient.java:onNext(255)) - client-D5BE96C883BA->c9f1298e-d840-49d8-aac3-de81602aa1d5: receive RaftClientReply:client-D5BE96C883BA->c9f1298e-d840-49d8-aac3-de81602aa1d5@group-E9810A644481, cid=3127, SUCCESS, logIndex=4303, commits[c9f1298e-d840-49d8-aac3-de81602aa1d5:c4304]
2019-08-30 23:40:35,201 [grpc-default-executor-0] INFO  client.GrpcClientProtocolClient (GrpcClientProtocolClient.java:onNext(255)) - client-D5BE96C883BA->c9f1298e-d840-49d8-aac3-de81602aa1d5: receive RaftClientReply:client-D5BE96C883BA->c9f1298e-d840-49d8-aac3-de81602aa1d5@group-E9810A644481, cid=3128, SUCCESS, logIndex=4304, commits[c9f1298e-d840-49d8-aac3-de81602aa1d5:c4304]
2019-08-30 23:40:35,206 [SCMBlockDeletingService#1] DEBUG block.SCMBlockDeletingService (SCMBlockDeletingService.java:call(138)) - Running DeletedBlockTransactionScanner
2019-08-30 23:40:35,206 [SCMBlockDeletingService#1] DEBUG block.SCMBlockDeletingService (SCMBlockDeletingService.java:call(155)) - Scanned deleted blocks log and got 0 delTX to process.
2019-08-30 23:40:35,249 [grpc-default-executor-0] INFO  client.GrpcClientProtocolClient (GrpcClientProtocolClient.java:onNext(255)) - client-D5BE96C883BA->c9f1298e-d840-49d8-aac3-de81602aa1d5: receive RaftClientReply:client-D5BE96C883BA->c9f1298e-d840-49d8-aac3-de81602aa1d5@group-E9810A644481, cid=3129, SUCCESS, logIndex=4306, commits[c9f1298e-d840-49d8-aac3-de81602aa1d5:c4307]
2019-08-30 23:40:35,250 [grpc-default-executor-0] INFO  client.GrpcClientProtocolClient (GrpcClientProtocolClient.java:onNext(255)) - client-D5BE96C883BA->c9f1298e-d840-49d8-aac3-de81602aa1d5: receive RaftClientReply:client-D5BE96C883BA->c9f1298e-d840-49d8-aac3-de81602aa1d5@group-E9810A644481, cid=3130, SUCCESS, logIndex=4307, commits[c9f1298e-d840-49d8-aac3-de81602aa1d5:c4307]
2019-08-30 23:40:35,251 [grpc-default-executor-0] INFO  client.GrpcClientProtocolClient (GrpcClientProtocolClient.java:onNext(255)) - client-D5BE96C883BA->c9f1298e-d840-49d8-aac3-de81602aa1d5: receive RaftClientReply:client-D5BE96C883BA->c9f1298e-d840-49d8-aac3-de81602aa1d5@group-E9810A644481, cid=3131, SUCCESS, logIndex=4308, commits[c9f1298e-d840-49d8-aac3-de81602aa1d5:c4309]
2019-08-30 23:40:35,251 [grpc-default-executor-0] INFO  client.GrpcClientProtocolClient (GrpcClientProtocolClient.java:onNext(255)) - client-D5BE96C883BA->c9f1298e-d840-49d8-aac3-de81602aa1d5: receive RaftClientReply:client-D5BE96C883BA->c9f1298e-d840-49d8-aac3-de81602aa1d5@group-E9810A644481, cid=3132, SUCCESS, logIndex=4309, commits[c9f1298e-d840-49d8-aac3-de81602aa1d5:c4309]
2019-08-30 23:40:35,296 [grpc-default-executor-0] INFO  client.GrpcClientProtocolClient (GrpcClientProtocolClient.java:onNext(255)) - client-D5BE96C883BA->c9f1298e-d840-49d8-aac3-de81602aa1d5: receive RaftClientReply:client-D5BE96C883BA->c9f1298e-d840-49d8-aac3-de81602aa1d5@group-E9810A644481, cid=3133, SUCCESS, logIndex=4312, commits[c9f1298e-d840-49d8-aac3-de81602aa1d5:c4313]
2019-08-30 23:40:35,296 [grpc-default-executor-0] INFO  client.GrpcClientProtocolClient (GrpcClientProtocolClient.java:onNext(255)) - client-D5BE96C883BA->c9f1298e-d840-49d8-aac3-de81602aa1d5: receive RaftClientReply:client-D5BE96C883BA->c9f1298e-d840-49d8-aac3-de81602aa1d5@group-E9810A644481, cid=3134, SUCCESS, logIndex=4313, commits[c9f1298e-d840-49d8-aac3-de81602aa1d5:c4313]
2019-08-30 23:40:35,297 [grpc-default-executor-0] INFO  client.GrpcClientProtocolClient (GrpcClientProtocolClient.java:onNext(255)) - client-D5BE96C883BA->c9f1298e-d840-49d8-aac3-de81602aa1d5: receive RaftClientReply:client-D5BE96C883BA->c9f1298e-d840-49d8-aac3-de81602aa1d5@group-E9810A644481, cid=3135, SUCCESS, logIndex=4314, commits[c9f1298e-d840-49d8-aac3-de81602aa1d5:c4315]
2019-08-30 23:40:35,297 [grpc-default-executor-0] INFO  client.GrpcClientProtocolClient (GrpcClientProtocolClient.java:onNext(255)) - client-D5BE96C883BA->c9f1298e-d840-49d8-aac3-de81602aa1d5: receive RaftClientReply:client-D5BE96C883BA->c9f1298e-d840-49d8-aac3-de81602aa1d5@group-E9810A644481, cid=3136, SUCCESS, logIndex=4315, commits[c9f1298e-d840-49d8-aac3-de81602aa1d5:c4315]
2019-08-30 23:40:35,306 [SCMBlockDeletingService#1] DEBUG block.SCMBlockDeletingService (SCMBlockDeletingService.java:call(138)) - Running DeletedBlockTransactionScanner
2019-08-30 23:40:35,307 [SCMBlockDeletingService#1] DEBUG block.SCMBlockDeletingService (SCMBlockDeletingService.java:call(155)) - Scanned deleted blocks log and got 0 delTX to process.
2019-08-30 23:40:35,442 [SCMBlockDeletingService#1] DEBUG block.SCMBlockDeletingService (SCMBlockDeletingService.java:call(138)) - Running DeletedBlockTransactionScanner
2019-08-30 23:40:35,442 [SCMBlockDeletingService#1] DEBUG block.SCMBlockDeletingService (SCMBlockDeletingService.java:call(155)) - Scanned deleted blocks log and got 0 delTX to process.
2019-08-30 23:40:35,484 [grpc-default-executor-1] INFO  client.GrpcClientProtocolClient (GrpcClientProtocolClient.java:onNext(255)) - client-D5BE96C883BA->c9f1298e-d840-49d8-aac3-de81602aa1d5: receive RaftClientReply:client-D5BE96C883BA->c9f1298e-d840-49d8-aac3-de81602aa1d5@group-E9810A644481, cid=3137, SUCCESS, logIndex=4318, commits[c9f1298e-d840-49d8-aac3-de81602aa1d5:c4319]
2019-08-30 23:40:35,485 [grpc-default-executor-1] INFO  client.GrpcClientProtocolClient (GrpcClientProtocolClient.java:onNext(255)) - client-D5BE96C883BA->c9f1298e-d840-49d8-aac3-de81602aa1d5: receive RaftClientReply:client-D5BE96C883BA->c9f1298e-d840-49d8-aac3-de81602aa1d5@group-E9810A644481, cid=3138, SUCCESS, logIndex=4319, commits[c9f1298e-d840-49d8-aac3-de81602aa1d5:c4319]
2019-08-30 23:40:35,543 [SCMBlockDeletingService#1] DEBUG block.SCMBlockDeletingService (SCMBlockDeletingService.java:call(138)) - Running DeletedBlockTransactionScanner
2019-08-30 23:40:35,543 [SCMBlockDeletingService#1] DEBUG block.SCMBlockDeletingService (SCMBlockDeletingService.java:call(155)) - Scanned deleted blocks log and got 0 delTX to process.
2019-08-30 23:40:35,597 [grpc-default-executor-0] INFO  client.GrpcClientProtocolClient (GrpcClientProtocolClient.java:onNext(255)) - client-D5BE96C883BA->c9f1298e-d840-49d8-aac3-de81602aa1d5: receive RaftClientReply:client-D5BE96C883BA->c9f1298e-d840-49d8-aac3-de81602aa1d5@group-E9810A644481, cid=3139, SUCCESS, logIndex=4321, commits[c9f1298e-d840-49d8-aac3-de81602aa1d5:c4322]
2019-08-30 23:40:35,598 [grpc-default-executor-0] INFO  client.GrpcClientProtocolClient (GrpcClientProtocolClient.java:onNext(255)) - client-D5BE96C883BA->c9f1298e-d840-49d8-aac3-de81602aa1d5: receive RaftClientReply:client-D5BE96C883BA->c9f1298e-d840-49d8-aac3-de81602aa1d5@group-E9810A644481, cid=3140, SUCCESS, logIndex=4322, commits[c9f1298e-d840-49d8-aac3-de81602aa1d5:c4322]
2019-08-30 23:40:35,626 [grpc-default-executor-1] INFO  client.GrpcClientProtocolClient (GrpcClientProtocolClient.java:onNext(255)) - client-D5BE96C883BA->c9f1298e-d840-49d8-aac3-de81602aa1d5: receive RaftClientReply:client-D5BE96C883BA->c9f1298e-d840-49d8-aac3-de81602aa1d5@group-E9810A644481, cid=3141, SUCCESS, logIndex=4324, commits[c9f1298e-d840-49d8-aac3-de81602aa1d5:c4327]
2019-08-30 23:40:35,627 [grpc-default-executor-1] INFO  client.GrpcClientProtocolClient (GrpcClientProtocolClient.java:onNext(255)) - client-D5BE96C883BA->c9f1298e-d840-49d8-aac3-de81602aa1d5: receive RaftClientReply:client-D5BE96C883BA->c9f1298e-d840-49d8-aac3-de81602aa1d5@group-E9810A644481, cid=3142, SUCCESS, logIndex=4325, commits[c9f1298e-d840-49d8-aac3-de81602aa1d5:c4327]
2019-08-30 23:40:35,627 [grpc-default-executor-1] INFO  client.GrpcClientProtocolClient (GrpcClientProtocolClient.java:onNext(255)) - client-D5BE96C883BA->c9f1298e-d840-49d8-aac3-de81602aa1d5: receive RaftClientReply:client-D5BE96C883BA->c9f1298e-d840-49d8-aac3-de81602aa1d5@group-E9810A644481, cid=3143, SUCCESS, logIndex=4326, commits[c9f1298e-d840-49d8-aac3-de81602aa1d5:c4327]
2019-08-30 23:40:35,628 [grpc-default-executor-1] INFO  client.GrpcClientProtocolClient (GrpcClientProtocolClient.java:onNext(255)) - client-D5BE96C883BA->c9f1298e-d840-49d8-aac3-de81602aa1d5: receive RaftClientReply:client-D5BE96C883BA->c9f1298e-d840-49d8-aac3-de81602aa1d5@group-E9810A644481, cid=3144, SUCCESS, logIndex=4327, commits[c9f1298e-d840-49d8-aac3-de81602aa1d5:c4327]
2019-08-30 23:40:35,643 [SCMBlockDeletingService#1] DEBUG block.SCMBlockDeletingService (SCMBlockDeletingService.java:call(138)) - Running DeletedBlockTransactionScanner
2019-08-30 23:40:35,644 [SCMBlockDeletingService#1] DEBUG block.SCMBlockDeletingService (SCMBlockDeletingService.java:call(155)) - Scanned deleted blocks log and got 0 delTX to process.
2019-08-30 23:40:35,681 [grpc-default-executor-1] INFO  client.GrpcClientProtocolClient (GrpcClientProtocolClient.java:onNext(255)) - client-D5BE96C883BA->c9f1298e-d840-49d8-aac3-de81602aa1d5: receive RaftClientReply:client-D5BE96C883BA->c9f1298e-d840-49d8-aac3-de81602aa1d5@group-E9810A644481, cid=3145, SUCCESS, logIndex=4329, commits[c9f1298e-d840-49d8-aac3-de81602aa1d5:c4332]
2019-08-30 23:40:35,681 [grpc-default-executor-1] INFO  client.GrpcClientProtocolClient (GrpcClientProtocolClient.java:onNext(255)) - client-D5BE96C883BA->c9f1298e-d840-49d8-aac3-de81602aa1d5: receive RaftClientReply:client-D5BE96C883BA->c9f1298e-d840-49d8-aac3-de81602aa1d5@group-E9810A644481, cid=3146, SUCCESS, logIndex=4330, commits[c9f1298e-d840-49d8-aac3-de81602aa1d5:c4332]
2019-08-30 23:40:35,682 [grpc-default-executor-1] INFO  client.GrpcClientProtocolClient (GrpcClientProtocolClient.java:onNext(255)) - client-D5BE96C883BA->c9f1298e-d840-49d8-aac3-de81602aa1d5: receive RaftClientReply:client-D5BE96C883BA->c9f1298e-d840-49d8-aac3-de81602aa1d5@group-E9810A644481, cid=3147, SUCCESS, logIndex=4331, commits[c9f1298e-d840-49d8-aac3-de81602aa1d5:c4332]
2019-08-30 23:40:35,682 [grpc-default-executor-1] INFO  client.GrpcClientProtocolClient (GrpcClientProtocolClient.java:onNext(255)) - client-D5BE96C883BA->c9f1298e-d840-49d8-aac3-de81602aa1d5: receive RaftClientReply:client-D5BE96C883BA->c9f1298e-d840-49d8-aac3-de81602aa1d5@group-E9810A644481, cid=3148, SUCCESS, logIndex=4332, commits[c9f1298e-d840-49d8-aac3-de81602aa1d5:c4332]
2019-08-30 23:40:35,699 [grpc-default-executor-1] INFO  client.GrpcClientProtocolClient (GrpcClientProtocolClient.java:onNext(255)) - client-D5BE96C883BA->c9f1298e-d840-49d8-aac3-de81602aa1d5: receive RaftClientReply:client-D5BE96C883BA->c9f1298e-d840-49d8-aac3-de81602aa1d5@group-E9810A644481, cid=3149, SUCCESS, logIndex=4334, commits[c9f1298e-d840-49d8-aac3-de81602aa1d5:c4335]
2019-08-30 23:40:35,700 [grpc-default-executor-1] INFO  client.GrpcClientProtocolClient (GrpcClientProtocolClient.java:onNext(255)) - client-D5BE96C883BA->c9f1298e-d840-49d8-aac3-de81602aa1d5: receive RaftClientReply:client-D5BE96C883BA->c9f1298e-d840-49d8-aac3-de81602aa1d5@group-E9810A644481, cid=3150, SUCCESS, logIndex=4335, commits[c9f1298e-d840-49d8-aac3-de81602aa1d5:c4335]
2019-08-30 23:40:35,707 [grpc-default-executor-1] INFO  client.GrpcClientProtocolClient (GrpcClientProtocolClient.java:onNext(255)) - client-D5BE96C883BA->c9f1298e-d840-49d8-aac3-de81602aa1d5: receive RaftClientReply:client-D5BE96C883BA->c9f1298e-d840-49d8-aac3-de81602aa1d5@group-E9810A644481, cid=3151, SUCCESS, logIndex=4336, commits[c9f1298e-d840-49d8-aac3-de81602aa1d5:c4337]
2019-08-30 23:40:35,708 [grpc-default-executor-1] INFO  client.GrpcClientProtocolClient (GrpcClientProtocolClient.java:onNext(255)) - client-D5BE96C883BA->c9f1298e-d840-49d8-aac3-de81602aa1d5: receive RaftClientReply:client-D5BE96C883BA->c9f1298e-d840-49d8-aac3-de81602aa1d5@group-E9810A644481, cid=3152, SUCCESS, logIndex=4337, commits[c9f1298e-d840-49d8-aac3-de81602aa1d5:c4337]
2019-08-30 23:40:35,744 [SCMBlockDeletingService#1] DEBUG block.SCMBlockDeletingService (SCMBlockDeletingService.java:call(138)) - Running DeletedBlockTransactionScanner
2019-08-30 23:40:35,744 [SCMBlockDeletingService#1] DEBUG block.SCMBlockDeletingService (SCMBlockDeletingService.java:call(155)) - Scanned deleted blocks log and got 0 delTX to process.
2019-08-30 23:40:35,767 [grpc-default-executor-1] INFO  client.GrpcClientProtocolClient (GrpcClientProtocolClient.java:onNext(255)) - client-D5BE96C883BA->c9f1298e-d840-49d8-aac3-de81602aa1d5: receive RaftClientReply:client-D5BE96C883BA->c9f1298e-d840-49d8-aac3-de81602aa1d5@group-E9810A644481, cid=3153, SUCCESS, logIndex=4340, commits[c9f1298e-d840-49d8-aac3-de81602aa1d5:c4341]
2019-08-30 23:40:35,768 [grpc-default-executor-1] INFO  client.GrpcClientProtocolClient (GrpcClientProtocolClient.java:onNext(255)) - client-D5BE96C883BA->c9f1298e-d840-49d8-aac3-de81602aa1d5: receive RaftClientReply:client-D5BE96C883BA->c9f1298e-d840-49d8-aac3-de81602aa1d5@group-E9810A644481, cid=3154, SUCCESS, logIndex=4341, commits[c9f1298e-d840-49d8-aac3-de81602aa1d5:c4341]
2019-08-30 23:40:35,772 [grpc-default-executor-1] INFO  client.GrpcClientProtocolClient (GrpcClientProtocolClient.java:onNext(255)) - client-D5BE96C883BA->c9f1298e-d840-49d8-aac3-de81602aa1d5: receive RaftClientReply:client-D5BE96C883BA->c9f1298e-d840-49d8-aac3-de81602aa1d5@group-E9810A644481, cid=3155, SUCCESS, logIndex=4342, commits[c9f1298e-d840-49d8-aac3-de81602aa1d5:c4343]
2019-08-30 23:40:35,772 [grpc-default-executor-1] INFO  client.GrpcClientProtocolClient (GrpcClientProtocolClient.java:onNext(255)) - client-D5BE96C883BA->c9f1298e-d840-49d8-aac3-de81602aa1d5: receive RaftClientReply:client-D5BE96C883BA->c9f1298e-d840-49d8-aac3-de81602aa1d5@group-E9810A644481, cid=3156, SUCCESS, logIndex=4343, commits[c9f1298e-d840-49d8-aac3-de81602aa1d5:c4343]
2019-08-30 23:40:35,792 [grpc-default-executor-0] INFO  client.GrpcClientProtocolClient (GrpcClientProtocolClient.java:onNext(255)) - client-D5BE96C883BA->c9f1298e-d840-49d8-aac3-de81602aa1d5: receive RaftClientReply:client-D5BE96C883BA->c9f1298e-d840-49d8-aac3-de81602aa1d5@group-E9810A644481, cid=3157, SUCCESS, logIndex=4346, commits[c9f1298e-d840-49d8-aac3-de81602aa1d5:c4349]
2019-08-30 23:40:35,792 [grpc-default-executor-0] INFO  client.GrpcClientProtocolClient (GrpcClientProtocolClient.java:onNext(255)) - client-D5BE96C883BA->c9f1298e-d840-49d8-aac3-de81602aa1d5: receive RaftClientReply:client-D5BE96C883BA->c9f1298e-d840-49d8-aac3-de81602aa1d5@group-E9810A644481, cid=3158, SUCCESS, logIndex=4347, commits[c9f1298e-d840-49d8-aac3-de81602aa1d5:c4349]
2019-08-30 23:40:35,792 [grpc-default-executor-0] INFO  client.GrpcClientProtocolClient (GrpcClientProtocolClient.java:onNext(255)) - client-D5BE96C883BA->c9f1298e-d840-49d8-aac3-de81602aa1d5: receive RaftClientReply:client-D5BE96C883BA->c9f1298e-d840-49d8-aac3-de81602aa1d5@group-E9810A644481, cid=3159, SUCCESS, logIndex=4348, commits[c9f1298e-d840-49d8-aac3-de81602aa1d5:c4349]
2019-08-30 23:40:35,793 [grpc-default-executor-0] INFO  client.GrpcClientProtocolClient (GrpcClientProtocolClient.java:onNext(255)) - client-D5BE96C883BA->c9f1298e-d840-49d8-aac3-de81602aa1d5: receive RaftClientReply:client-D5BE96C883BA->c9f1298e-d840-49d8-aac3-de81602aa1d5@group-E9810A644481, cid=3160, SUCCESS, logIndex=4349, commits[c9f1298e-d840-49d8-aac3-de81602aa1d5:c4349]
2019-08-30 23:40:35,841 [grpc-default-executor-1] INFO  client.GrpcClientProtocolClient (GrpcClientProtocolClient.java:onNext(255)) - client-D5BE96C883BA->c9f1298e-d840-49d8-aac3-de81602aa1d5: receive RaftClientReply:client-D5BE96C883BA->c9f1298e-d840-49d8-aac3-de81602aa1d5@group-E9810A644481, cid=3161, SUCCESS, logIndex=4351, commits[c9f1298e-d840-49d8-aac3-de81602aa1d5:c4354]
2019-08-30 23:40:35,842 [grpc-default-executor-1] INFO  client.GrpcClientProtocolClient (GrpcClientProtocolClient.java:onNext(255)) - client-D5BE96C883BA->c9f1298e-d840-49d8-aac3-de81602aa1d5: receive RaftClientReply:client-D5BE96C883BA->c9f1298e-d840-49d8-aac3-de81602aa1d5@group-E9810A644481, cid=3162, SUCCESS, logIndex=4352, commits[c9f1298e-d840-49d8-aac3-de81602aa1d5:c4354]
2019-08-30 23:40:35,842 [grpc-default-executor-1] INFO  client.GrpcClientProtocolClient (GrpcClientProtocolClient.java:onNext(255)) - client-D5BE96C883BA->c9f1298e-d840-49d8-aac3-de81602aa1d5: receive RaftClientReply:client-D5BE96C883BA->c9f1298e-d840-49d8-aac3-de81602aa1d5@group-E9810A644481, cid=3163, SUCCESS, logIndex=4353, commits[c9f1298e-d840-49d8-aac3-de81602aa1d5:c4354]
2019-08-30 23:40:35,843 [grpc-default-executor-1] INFO  client.GrpcClientProtocolClient (GrpcClientProtocolClient.java:onNext(255)) - client-D5BE96C883BA->c9f1298e-d840-49d8-aac3-de81602aa1d5: receive RaftClientReply:client-D5BE96C883BA->c9f1298e-d840-49d8-aac3-de81602aa1d5@group-E9810A644481, cid=3164, SUCCESS, logIndex=4354, commits[c9f1298e-d840-49d8-aac3-de81602aa1d5:c4354]
2019-08-30 23:40:35,845 [SCMBlockDeletingService#1] DEBUG block.SCMBlockDeletingService (SCMBlockDeletingService.java:call(138)) - Running DeletedBlockTransactionScanner
2019-08-30 23:40:35,845 [SCMBlockDeletingService#1] DEBUG block.SCMBlockDeletingService (SCMBlockDeletingService.java:call(155)) - Scanned deleted blocks log and got 0 delTX to process.
2019-08-30 23:40:35,881 [grpc-default-executor-0] INFO  client.GrpcClientProtocolClient (GrpcClientProtocolClient.java:onNext(255)) - client-D5BE96C883BA->c9f1298e-d840-49d8-aac3-de81602aa1d5: receive RaftClientReply:client-D5BE96C883BA->c9f1298e-d840-49d8-aac3-de81602aa1d5@group-E9810A644481, cid=3165, SUCCESS, logIndex=4356, commits[c9f1298e-d840-49d8-aac3-de81602aa1d5:c4359]
2019-08-30 23:40:35,881 [grpc-default-executor-0] INFO  client.GrpcClientProtocolClient (GrpcClientProtocolClient.java:onNext(255)) - client-D5BE96C883BA->c9f1298e-d840-49d8-aac3-de81602aa1d5: receive RaftClientReply:client-D5BE96C883BA->c9f1298e-d840-49d8-aac3-de81602aa1d5@group-E9810A644481, cid=3166, SUCCESS, logIndex=4357, commits[c9f1298e-d840-49d8-aac3-de81602aa1d5:c4359]
2019-08-30 23:40:35,882 [grpc-default-executor-0] INFO  client.GrpcClientProtocolClient (GrpcClientProtocolClient.java:onNext(255)) - client-D5BE96C883BA->c9f1298e-d840-49d8-aac3-de81602aa1d5: receive RaftClientReply:client-D5BE96C883BA->c9f1298e-d840-49d8-aac3-de81602aa1d5@group-E9810A644481, cid=3167, SUCCESS, logIndex=4358, commits[c9f1298e-d840-49d8-aac3-de81602aa1d5:c4359]
2019-08-30 23:40:35,882 [grpc-default-executor-0] INFO  client.GrpcClientProtocolClient (GrpcClientProtocolClient.java:onNext(255)) - client-D5BE96C883BA->c9f1298e-d840-49d8-aac3-de81602aa1d5: receive RaftClientReply:client-D5BE96C883BA->c9f1298e-d840-49d8-aac3-de81602aa1d5@group-E9810A644481, cid=3168, SUCCESS, logIndex=4359, commits[c9f1298e-d840-49d8-aac3-de81602aa1d5:c4359]
2019-08-30 23:40:35,937 [grpc-default-executor-1] INFO  client.GrpcClientProtocolClient (GrpcClientProtocolClient.java:onNext(255)) - client-D5BE96C883BA->c9f1298e-d840-49d8-aac3-de81602aa1d5: receive RaftClientReply:client-D5BE96C883BA->c9f1298e-d840-49d8-aac3-de81602aa1d5@group-E9810A644481, cid=3169, SUCCESS, logIndex=4361, commits[c9f1298e-d840-49d8-aac3-de81602aa1d5:c4362]
2019-08-30 23:40:35,938 [grpc-default-executor-1] INFO  client.GrpcClientProtocolClient (GrpcClientProtocolClient.java:onNext(255)) - client-D5BE96C883BA->c9f1298e-d840-49d8-aac3-de81602aa1d5: receive RaftClientReply:client-D5BE96C883BA->c9f1298e-d840-49d8-aac3-de81602aa1d5@group-E9810A644481, cid=3170, SUCCESS, logIndex=4362, commits[c9f1298e-d840-49d8-aac3-de81602aa1d5:c4362]
2019-08-30 23:40:35,944 [grpc-default-executor-1] INFO  client.GrpcClientProtocolClient (GrpcClientProtocolClient.java:onNext(255)) - client-D5BE96C883BA->c9f1298e-d840-49d8-aac3-de81602aa1d5: receive RaftClientReply:client-D5BE96C883BA->c9f1298e-d840-49d8-aac3-de81602aa1d5@group-E9810A644481, cid=3171, SUCCESS, logIndex=4363, commits[c9f1298e-d840-49d8-aac3-de81602aa1d5:c4364]
2019-08-30 23:40:35,944 [grpc-default-executor-1] INFO  client.GrpcClientProtocolClient (GrpcClientProtocolClient.java:onNext(255)) - client-D5BE96C883BA->c9f1298e-d840-49d8-aac3-de81602aa1d5: receive RaftClientReply:client-D5BE96C883BA->c9f1298e-d840-49d8-aac3-de81602aa1d5@group-E9810A644481, cid=3172, SUCCESS, logIndex=4364, commits[c9f1298e-d840-49d8-aac3-de81602aa1d5:c4364]
2019-08-30 23:40:35,945 [SCMBlockDeletingService#1] DEBUG block.SCMBlockDeletingService (SCMBlockDeletingService.java:call(138)) - Running DeletedBlockTransactionScanner
2019-08-30 23:40:35,945 [SCMBlockDeletingService#1] DEBUG block.SCMBlockDeletingService (SCMBlockDeletingService.java:call(155)) - Scanned deleted blocks log and got 0 delTX to process.
2019-08-30 23:40:35,966 [grpc-default-executor-1] INFO  client.GrpcClientProtocolClient (GrpcClientProtocolClient.java:onNext(255)) - client-D5BE96C883BA->c9f1298e-d840-49d8-aac3-de81602aa1d5: receive RaftClientReply:client-D5BE96C883BA->c9f1298e-d840-49d8-aac3-de81602aa1d5@group-E9810A644481, cid=3173, SUCCESS, logIndex=4367, commits[c9f1298e-d840-49d8-aac3-de81602aa1d5:c4370]
2019-08-30 23:40:35,967 [grpc-default-executor-1] INFO  client.GrpcClientProtocolClient (GrpcClientProtocolClient.java:onNext(255)) - client-D5BE96C883BA->c9f1298e-d840-49d8-aac3-de81602aa1d5: receive RaftClientReply:client-D5BE96C883BA->c9f1298e-d840-49d8-aac3-de81602aa1d5@group-E9810A644481, cid=3174, SUCCESS, logIndex=4368, commits[c9f1298e-d840-49d8-aac3-de81602aa1d5:c4370]
2019-08-30 23:40:35,968 [grpc-default-executor-1] INFO  client.GrpcClientProtocolClient (GrpcClientProtocolClient.java:onNext(255)) - client-D5BE96C883BA->c9f1298e-d840-49d8-aac3-de81602aa1d5: receive RaftClientReply:client-D5BE96C883BA->c9f1298e-d840-49d8-aac3-de81602aa1d5@group-E9810A644481, cid=3175, SUCCESS, logIndex=4369, commits[c9f1298e-d840-49d8-aac3-de81602aa1d5:c4370]
2019-08-30 23:40:35,968 [grpc-default-executor-1] INFO  client.GrpcClientProtocolClient (GrpcClientProtocolClient.java:onNext(255)) - client-D5BE96C883BA->c9f1298e-d840-49d8-aac3-de81602aa1d5: receive RaftClientReply:client-D5BE96C883BA->c9f1298e-d840-49d8-aac3-de81602aa1d5@group-E9810A644481, cid=3176, SUCCESS, logIndex=4370, commits[c9f1298e-d840-49d8-aac3-de81602aa1d5:c4370]
2019-08-30 23:40:36,013 [grpc-default-executor-1] INFO  client.GrpcClientProtocolClient (GrpcClientProtocolClient.java:onNext(255)) - client-D5BE96C883BA->c9f1298e-d840-49d8-aac3-de81602aa1d5: receive RaftClientReply:client-D5BE96C883BA->c9f1298e-d840-49d8-aac3-de81602aa1d5@group-E9810A644481, cid=3177, SUCCESS, logIndex=4372, commits[c9f1298e-d840-49d8-aac3-de81602aa1d5:c4375]
2019-08-30 23:40:36,014 [grpc-default-executor-1] INFO  client.GrpcClientProtocolClient (GrpcClientProtocolClient.java:onNext(255)) - client-D5BE96C883BA->c9f1298e-d840-49d8-aac3-de81602aa1d5: receive RaftClientReply:client-D5BE96C883BA->c9f1298e-d840-49d8-aac3-de81602aa1d5@group-E9810A644481, cid=3178, SUCCESS, logIndex=4373, commits[c9f1298e-d840-49d8-aac3-de81602aa1d5:c4375]
2019-08-30 23:40:36,014 [grpc-default-executor-1] INFO  client.GrpcClientProtocolClient (GrpcClientProtocolClient.java:onNext(255)) - client-D5BE96C883BA->c9f1298e-d840-49d8-aac3-de81602aa1d5: receive RaftClientReply:client-D5BE96C883BA->c9f1298e-d840-49d8-aac3-de81602aa1d5@group-E9810A644481, cid=3179, SUCCESS, logIndex=4374, commits[c9f1298e-d840-49d8-aac3-de81602aa1d5:c4375]
2019-08-30 23:40:36,015 [grpc-default-executor-1] INFO  client.GrpcClientProtocolClient (GrpcClientProtocolClient.java:onNext(255)) - client-D5BE96C883BA->c9f1298e-d840-49d8-aac3-de81602aa1d5: receive RaftClientReply:client-D5BE96C883BA->c9f1298e-d840-49d8-aac3-de81602aa1d5@group-E9810A644481, cid=3180, SUCCESS, logIndex=4375, commits[c9f1298e-d840-49d8-aac3-de81602aa1d5:c4375]
2019-08-30 23:40:36,043 [grpc-default-executor-1] INFO  client.GrpcClientProtocolClient (GrpcClientProtocolClient.java:onNext(255)) - client-D5BE96C883BA->c9f1298e-d840-49d8-aac3-de81602aa1d5: receive RaftClientReply:client-D5BE96C883BA->c9f1298e-d840-49d8-aac3-de81602aa1d5@group-E9810A644481, cid=3181, SUCCESS, logIndex=4377, commits[c9f1298e-d840-49d8-aac3-de81602aa1d5:c4378]
2019-08-30 23:40:36,044 [grpc-default-executor-1] INFO  client.GrpcClientProtocolClient (GrpcClientProtocolClient.java:onNext(255)) - client-D5BE96C883BA->c9f1298e-d840-49d8-aac3-de81602aa1d5: receive RaftClientReply:client-D5BE96C883BA->c9f1298e-d840-49d8-aac3-de81602aa1d5@group-E9810A644481, cid=3182, SUCCESS, logIndex=4378, commits[c9f1298e-d840-49d8-aac3-de81602aa1d5:c4378]
2019-08-30 23:40:36,046 [SCMBlockDeletingService#1] DEBUG block.SCMBlockDeletingService (SCMBlockDeletingService.java:call(138)) - Running DeletedBlockTransactionScanner
2019-08-30 23:40:36,046 [SCMBlockDeletingService#1] DEBUG block.SCMBlockDeletingService (SCMBlockDeletingService.java:call(155)) - Scanned deleted blocks log and got 0 delTX to process.
2019-08-30 23:40:36,146 [SCMBlockDeletingService#0] DEBUG block.SCMBlockDeletingService (SCMBlockDeletingService.java:call(138)) - Running DeletedBlockTransactionScanner
2019-08-30 23:40:36,147 [SCMBlockDeletingService#0] DEBUG block.SCMBlockDeletingService (SCMBlockDeletingService.java:call(155)) - Scanned deleted blocks log and got 0 delTX to process.
2019-08-30 23:40:36,152 [grpc-default-executor-1] INFO  client.GrpcClientProtocolClient (GrpcClientProtocolClient.java:onNext(255)) - client-D5BE96C883BA->c9f1298e-d840-49d8-aac3-de81602aa1d5: receive RaftClientReply:client-D5BE96C883BA->c9f1298e-d840-49d8-aac3-de81602aa1d5@group-E9810A644481, cid=3183, SUCCESS, logIndex=4380, commits[c9f1298e-d840-49d8-aac3-de81602aa1d5:c4381]
2019-08-30 23:40:36,153 [grpc-default-executor-1] INFO  client.GrpcClientProtocolClient (GrpcClientProtocolClient.java:onNext(255)) - client-D5BE96C883BA->c9f1298e-d840-49d8-aac3-de81602aa1d5: receive RaftClientReply:client-D5BE96C883BA->c9f1298e-d840-49d8-aac3-de81602aa1d5@group-E9810A644481, cid=3184, SUCCESS, logIndex=4381, commits[c9f1298e-d840-49d8-aac3-de81602aa1d5:c4382]
2019-08-30 23:40:36,177 [grpc-default-executor-0] INFO  client.GrpcClientProtocolClient (GrpcClientProtocolClient.java:onNext(255)) - client-D5BE96C883BA->c9f1298e-d840-49d8-aac3-de81602aa1d5: receive RaftClientReply:client-D5BE96C883BA->c9f1298e-d840-49d8-aac3-de81602aa1d5@group-E9810A644481, cid=3185, SUCCESS, logIndex=4383, commits[c9f1298e-d840-49d8-aac3-de81602aa1d5:c4386]
2019-08-30 23:40:36,178 [grpc-default-executor-0] INFO  client.GrpcClientProtocolClient (GrpcClientProtocolClient.java:onNext(255)) - client-D5BE96C883BA->c9f1298e-d840-49d8-aac3-de81602aa1d5: receive RaftClientReply:client-D5BE96C883BA->c9f1298e-d840-49d8-aac3-de81602aa1d5@group-E9810A644481, cid=3186, SUCCESS, logIndex=4384, commits[c9f1298e-d840-49d8-aac3-de81602aa1d5:c4386]
2019-08-30 23:40:36,178 [grpc-default-executor-0] INFO  client.GrpcClientProtocolClient (GrpcClientProtocolClient.java:onNext(255)) - client-D5BE96C883BA->c9f1298e-d840-49d8-aac3-de81602aa1d5: receive RaftClientReply:client-D5BE96C883BA->c9f1298e-d840-49d8-aac3-de81602aa1d5@group-E9810A644481, cid=3187, SUCCESS, logIndex=4385, commits[c9f1298e-d840-49d8-aac3-de81602aa1d5:c4387]
2019-08-30 23:40:36,179 [grpc-default-executor-0] INFO  client.GrpcClientProtocolClient (GrpcClientProtocolClient.java:onNext(255)) - client-D5BE96C883BA->c9f1298e-d840-49d8-aac3-de81602aa1d5: receive RaftClientReply:client-D5BE96C883BA->c9f1298e-d840-49d8-aac3-de81602aa1d5@group-E9810A644481, cid=3188, SUCCESS, logIndex=4386, commits[c9f1298e-d840-49d8-aac3-de81602aa1d5:c4387]
2019-08-30 23:40:36,192 [grpc-default-executor-1] INFO  client.GrpcClientProtocolClient (GrpcClientProtocolClient.java:onNext(255)) - client-D5BE96C883BA->c9f1298e-d840-49d8-aac3-de81602aa1d5: receive RaftClientReply:client-D5BE96C883BA->c9f1298e-d840-49d8-aac3-de81602aa1d5@group-E9810A644481, cid=3189, SUCCESS, logIndex=4388, commits[c9f1298e-d840-49d8-aac3-de81602aa1d5:c4391]
2019-08-30 23:40:36,192 [grpc-default-executor-1] INFO  client.GrpcClientProtocolClient (GrpcClientProtocolClient.java:onNext(255)) - client-D5BE96C883BA->c9f1298e-d840-49d8-aac3-de81602aa1d5: receive RaftClientReply:client-D5BE96C883BA->c9f1298e-d840-49d8-aac3-de81602aa1d5@group-E9810A644481, cid=3190, SUCCESS, logIndex=4389, commits[c9f1298e-d840-49d8-aac3-de81602aa1d5:c4391]
2019-08-30 23:40:36,193 [grpc-default-executor-1] INFO  client.GrpcClientProtocolClient (GrpcClientProtocolClient.java:onNext(255)) - client-D5BE96C883BA->c9f1298e-d840-49d8-aac3-de81602aa1d5: receive RaftClientReply:client-D5BE96C883BA->c9f1298e-d840-49d8-aac3-de81602aa1d5@group-E9810A644481, cid=3191, SUCCESS, logIndex=4390, commits[c9f1298e-d840-49d8-aac3-de81602aa1d5:c4391]
2019-08-30 23:40:36,193 [grpc-default-executor-1] INFO  client.GrpcClientProtocolClient (GrpcClientProtocolClient.java:onNext(255)) - client-D5BE96C883BA->c9f1298e-d840-49d8-aac3-de81602aa1d5: receive RaftClientReply:client-D5BE96C883BA->c9f1298e-d840-49d8-aac3-de81602aa1d5@group-E9810A644481, cid=3192, SUCCESS, logIndex=4391, commits[c9f1298e-d840-49d8-aac3-de81602aa1d5:c4391]
2019-08-30 23:40:36,219 [grpc-default-executor-0] INFO  client.GrpcClientProtocolClient (GrpcClientProtocolClient.java:onNext(255)) - client-D5BE96C883BA->c9f1298e-d840-49d8-aac3-de81602aa1d5: receive RaftClientReply:client-D5BE96C883BA->c9f1298e-d840-49d8-aac3-de81602aa1d5@group-E9810A644481, cid=3193, SUCCESS, logIndex=4393, commits[c9f1298e-d840-49d8-aac3-de81602aa1d5:c4396]
2019-08-30 23:40:36,220 [grpc-default-executor-0] INFO  client.GrpcClientProtocolClient (GrpcClientProtocolClient.java:onNext(255)) - client-D5BE96C883BA->c9f1298e-d840-49d8-aac3-de81602aa1d5: receive RaftClientReply:client-D5BE96C883BA->c9f1298e-d840-49d8-aac3-de81602aa1d5@group-E9810A644481, cid=3194, SUCCESS, logIndex=4394, commits[c9f1298e-d840-49d8-aac3-de81602aa1d5:c4396]
2019-08-30 23:40:36,220 [grpc-default-executor-0] INFO  client.GrpcClientProtocolClient (GrpcClientProtocolClient.java:onNext(255)) - client-D5BE96C883BA->c9f1298e-d840-49d8-aac3-de81602aa1d5: receive RaftClientReply:client-D5BE96C883BA->c9f1298e-d840-49d8-aac3-de81602aa1d5@group-E9810A644481, cid=3195, SUCCESS, logIndex=4395, commits[c9f1298e-d840-49d8-aac3-de81602aa1d5:c4396]
2019-08-30 23:40:36,220 [grpc-default-executor-0] INFO  client.GrpcClientProtocolClient (GrpcClientProtocolClient.java:onNext(255)) - client-D5BE96C883BA->c9f1298e-d840-49d8-aac3-de81602aa1d5: receive RaftClientReply:client-D5BE96C883BA->c9f1298e-d840-49d8-aac3-de81602aa1d5@group-E9810A644481, cid=3196, SUCCESS, logIndex=4396, commits[c9f1298e-d840-49d8-aac3-de81602aa1d5:c4396]
2019-08-30 23:40:36,247 [SCMBlockDeletingService#0] DEBUG block.SCMBlockDeletingService (SCMBlockDeletingService.java:call(138)) - Running DeletedBlockTransactionScanner
2019-08-30 23:40:36,247 [SCMBlockDeletingService#0] DEBUG block.SCMBlockDeletingService (SCMBlockDeletingService.java:call(155)) - Scanned deleted blocks log and got 0 delTX to process.
2019-08-30 23:40:36,260 [grpc-default-executor-0] INFO  client.GrpcClientProtocolClient (GrpcClientProtocolClient.java:onNext(255)) - client-D5BE96C883BA->c9f1298e-d840-49d8-aac3-de81602aa1d5: receive RaftClientReply:client-D5BE96C883BA->c9f1298e-d840-49d8-aac3-de81602aa1d5@group-E9810A644481, cid=3197, SUCCESS, logIndex=4398, commits[c9f1298e-d840-49d8-aac3-de81602aa1d5:c4401]
2019-08-30 23:40:36,261 [grpc-default-executor-0] INFO  client.GrpcClientProtocolClient (GrpcClientProtocolClient.java:onNext(255)) - client-D5BE96C883BA->c9f1298e-d840-49d8-aac3-de81602aa1d5: receive RaftClientReply:client-D5BE96C883BA->c9f1298e-d840-49d8-aac3-de81602aa1d5@group-E9810A644481, cid=3198, SUCCESS, logIndex=4399, commits[c9f1298e-d840-49d8-aac3-de81602aa1d5:c4401]
2019-08-30 23:40:36,261 [grpc-default-executor-0] INFO  client.GrpcClientProtocolClient (GrpcClientProtocolClient.java:onNext(255)) - client-D5BE96C883BA->c9f1298e-d840-49d8-aac3-de81602aa1d5: receive RaftClientReply:client-D5BE96C883BA->c9f1298e-d840-49d8-aac3-de81602aa1d5@group-E9810A644481, cid=3199, SUCCESS, logIndex=4400, commits[c9f1298e-d840-49d8-aac3-de81602aa1d5:c4401]
2019-08-30 23:40:36,261 [grpc-default-executor-0] INFO  client.GrpcClientProtocolClient (GrpcClientProtocolClient.java:onNext(255)) - client-D5BE96C883BA->c9f1298e-d840-49d8-aac3-de81602aa1d5: receive RaftClientReply:client-D5BE96C883BA->c9f1298e-d840-49d8-aac3-de81602aa1d5@group-E9810A644481, cid=3200, SUCCESS, logIndex=4401, commits[c9f1298e-d840-49d8-aac3-de81602aa1d5:c4401]
2019-08-30 23:40:36,298 [grpc-default-executor-0] INFO  client.GrpcClientProtocolClient (GrpcClientProtocolClient.java:onNext(255)) - client-D5BE96C883BA->c9f1298e-d840-49d8-aac3-de81602aa1d5: receive RaftClientReply:client-D5BE96C883BA->c9f1298e-d840-49d8-aac3-de81602aa1d5@group-E9810A644481, cid=3201, SUCCESS, logIndex=4403, commits[c9f1298e-d840-49d8-aac3-de81602aa1d5:c4406]
2019-08-30 23:40:36,299 [grpc-default-executor-0] INFO  client.GrpcClientProtocolClient (GrpcClientProtocolClient.java:onNext(255)) - client-D5BE96C883BA->c9f1298e-d840-49d8-aac3-de81602aa1d5: receive RaftClientReply:client-D5BE96C883BA->c9f1298e-d840-49d8-aac3-de81602aa1d5@group-E9810A644481, cid=3202, SUCCESS, logIndex=4404, commits[c9f1298e-d840-49d8-aac3-de81602aa1d5:c4406]
2019-08-30 23:40:36,299 [grpc-default-executor-0] INFO  client.GrpcClientProtocolClient (GrpcClientProtocolClient.java:onNext(255)) - client-D5BE96C883BA->c9f1298e-d840-49d8-aac3-de81602aa1d5: receive RaftClientReply:client-D5BE96C883BA->c9f1298e-d840-49d8-aac3-de81602aa1d5@group-E9810A644481, cid=3203, SUCCESS, logIndex=4405, commits[c9f1298e-d840-49d8-aac3-de81602aa1d5:c4406]
2019-08-30 23:40:36,299 [grpc-default-executor-0] INFO  client.GrpcClientProtocolClient (GrpcClientProtocolClient.java:onNext(255)) - client-D5BE96C883BA->c9f1298e-d840-49d8-aac3-de81602aa1d5: receive RaftClientReply:client-D5BE96C883BA->c9f1298e-d840-49d8-aac3-de81602aa1d5@group-E9810A644481, cid=3204, SUCCESS, logIndex=4406, commits[c9f1298e-d840-49d8-aac3-de81602aa1d5:c4406]
2019-08-30 23:40:36,317 [grpc-default-executor-0] INFO  client.GrpcClientProtocolClient (GrpcClientProtocolClient.java:onNext(255)) - client-D5BE96C883BA->c9f1298e-d840-49d8-aac3-de81602aa1d5: receive RaftClientReply:client-D5BE96C883BA->c9f1298e-d840-49d8-aac3-de81602aa1d5@group-E9810A644481, cid=3205, SUCCESS, logIndex=4408, commits[c9f1298e-d840-49d8-aac3-de81602aa1d5:c4409]
2019-08-30 23:40:36,317 [grpc-default-executor-0] INFO  client.GrpcClientProtocolClient (GrpcClientProtocolClient.java:onNext(255)) - client-D5BE96C883BA->c9f1298e-d840-49d8-aac3-de81602aa1d5: receive RaftClientReply:client-D5BE96C883BA->c9f1298e-d840-49d8-aac3-de81602aa1d5@group-E9810A644481, cid=3206, SUCCESS, logIndex=4409, commits[c9f1298e-d840-49d8-aac3-de81602aa1d5:c4409]
2019-08-30 23:40:36,318 [grpc-default-executor-0] INFO  client.GrpcClientProtocolClient (GrpcClientProtocolClient.java:onNext(255)) - client-D5BE96C883BA->c9f1298e-d840-49d8-aac3-de81602aa1d5: receive RaftClientReply:client-D5BE96C883BA->c9f1298e-d840-49d8-aac3-de81602aa1d5@group-E9810A644481, cid=3207, SUCCESS, logIndex=4410, commits[c9f1298e-d840-49d8-aac3-de81602aa1d5:c4411]
2019-08-30 23:40:36,318 [grpc-default-executor-0] INFO  client.GrpcClientProtocolClient (GrpcClientProtocolClient.java:onNext(255)) - client-D5BE96C883BA->c9f1298e-d840-49d8-aac3-de81602aa1d5: receive RaftClientReply:client-D5BE96C883BA->c9f1298e-d840-49d8-aac3-de81602aa1d5@group-E9810A644481, cid=3208, SUCCESS, logIndex=4411, commits[c9f1298e-d840-49d8-aac3-de81602aa1d5:c4411]
2019-08-30 23:40:36,347 [grpc-default-executor-0] INFO  client.GrpcClientProtocolClient (GrpcClientProtocolClient.java:onNext(255)) - client-D5BE96C883BA->c9f1298e-d840-49d8-aac3-de81602aa1d5: receive RaftClientReply:client-D5BE96C883BA->c9f1298e-d840-49d8-aac3-de81602aa1d5@group-E9810A644481, cid=3209, SUCCESS, logIndex=4414, commits[c9f1298e-d840-49d8-aac3-de81602aa1d5:c4417]
2019-08-30 23:40:36,347 [SCMBlockDeletingService#0] DEBUG block.SCMBlockDeletingService (SCMBlockDeletingService.java:call(138)) - Running DeletedBlockTransactionScanner
2019-08-30 23:40:36,348 [SCMBlockDeletingService#0] DEBUG block.SCMBlockDeletingService (SCMBlockDeletingService.java:call(155)) - Scanned deleted blocks log and got 0 delTX to process.
2019-08-30 23:40:36,348 [grpc-default-executor-0] INFO  client.GrpcClientProtocolClient (GrpcClientProtocolClient.java:onNext(255)) - client-D5BE96C883BA->c9f1298e-d840-49d8-aac3-de81602aa1d5: receive RaftClientReply:client-D5BE96C883BA->c9f1298e-d840-49d8-aac3-de81602aa1d5@group-E9810A644481, cid=3210, SUCCESS, logIndex=4415, commits[c9f1298e-d840-49d8-aac3-de81602aa1d5:c4417]
2019-08-30 23:40:36,348 [grpc-default-executor-0] INFO  client.GrpcClientProtocolClient (GrpcClientProtocolClient.java:onNext(255)) - client-D5BE96C883BA->c9f1298e-d840-49d8-aac3-de81602aa1d5: receive RaftClientReply:client-D5BE96C883BA->c9f1298e-d840-49d8-aac3-de81602aa1d5@group-E9810A644481, cid=3211, SUCCESS, logIndex=4416, commits[c9f1298e-d840-49d8-aac3-de81602aa1d5:c4417]
2019-08-30 23:40:36,348 [grpc-default-executor-0] INFO  client.GrpcClientProtocolClient (GrpcClientProtocolClient.java:onNext(255)) - client-D5BE96C883BA->c9f1298e-d840-49d8-aac3-de81602aa1d5: receive RaftClientReply:client-D5BE96C883BA->c9f1298e-d840-49d8-aac3-de81602aa1d5@group-E9810A644481, cid=3212, SUCCESS, logIndex=4417, commits[c9f1298e-d840-49d8-aac3-de81602aa1d5:c4417]
2019-08-30 23:40:36,366 [grpc-default-executor-0] INFO  client.GrpcClientProtocolClient (GrpcClientProtocolClient.java:onNext(255)) - client-D5BE96C883BA->c9f1298e-d840-49d8-aac3-de81602aa1d5: receive RaftClientReply:client-D5BE96C883BA->c9f1298e-d840-49d8-aac3-de81602aa1d5@group-E9810A644481, cid=3213, SUCCESS, logIndex=4419, commits[c9f1298e-d840-49d8-aac3-de81602aa1d5:c4422]
2019-08-30 23:40:36,366 [grpc-default-executor-0] INFO  client.GrpcClientProtocolClient (GrpcClientProtocolClient.java:onNext(255)) - client-D5BE96C883BA->c9f1298e-d840-49d8-aac3-de81602aa1d5: receive RaftClientReply:client-D5BE96C883BA->c9f1298e-d840-49d8-aac3-de81602aa1d5@group-E9810A644481, cid=3214, SUCCESS, logIndex=4420, commits[c9f1298e-d840-49d8-aac3-de81602aa1d5:c4422]
2019-08-30 23:40:36,367 [grpc-default-executor-0] INFO  client.GrpcClientProtocolClient (GrpcClientProtocolClient.java:onNext(255)) - client-D5BE96C883BA->c9f1298e-d840-49d8-aac3-de81602aa1d5: receive RaftClientReply:client-D5BE96C883BA->c9f1298e-d840-49d8-aac3-de81602aa1d5@group-E9810A644481, cid=3215, SUCCESS, logIndex=4421, commits[c9f1298e-d840-49d8-aac3-de81602aa1d5:c4422]
2019-08-30 23:40:36,367 [grpc-default-executor-0] INFO  client.GrpcClientProtocolClient (GrpcClientProtocolClient.java:onNext(255)) - client-D5BE96C883BA->c9f1298e-d840-49d8-aac3-de81602aa1d5: receive RaftClientReply:client-D5BE96C883BA->c9f1298e-d840-49d8-aac3-de81602aa1d5@group-E9810A644481, cid=3216, SUCCESS, logIndex=4422, commits[c9f1298e-d840-49d8-aac3-de81602aa1d5:c4422]
2019-08-30 23:40:36,415 [grpc-default-executor-1] INFO  client.GrpcClientProtocolClient (GrpcClientProtocolClient.java:onNext(255)) - client-D5BE96C883BA->c9f1298e-d840-49d8-aac3-de81602aa1d5: receive RaftClientReply:client-D5BE96C883BA->c9f1298e-d840-49d8-aac3-de81602aa1d5@group-E9810A644481, cid=3217, SUCCESS, logIndex=4424, commits[c9f1298e-d840-49d8-aac3-de81602aa1d5:c4427]
2019-08-30 23:40:36,415 [grpc-default-executor-1] INFO  client.GrpcClientProtocolClient (GrpcClientProtocolClient.java:onNext(255)) - client-D5BE96C883BA->c9f1298e-d840-49d8-aac3-de81602aa1d5: receive RaftClientReply:client-D5BE96C883BA->c9f1298e-d840-49d8-aac3-de81602aa1d5@group-E9810A644481, cid=3218, SUCCESS, logIndex=4425, commits[c9f1298e-d840-49d8-aac3-de81602aa1d5:c4427]
2019-08-30 23:40:36,416 [grpc-default-executor-1] INFO  client.GrpcClientProtocolClient (GrpcClientProtocolClient.java:onNext(255)) - client-D5BE96C883BA->c9f1298e-d840-49d8-aac3-de81602aa1d5: receive RaftClientReply:client-D5BE96C883BA->c9f1298e-d840-49d8-aac3-de81602aa1d5@group-E9810A644481, cid=3219, SUCCESS, logIndex=4426, commits[c9f1298e-d840-49d8-aac3-de81602aa1d5:c4427]
2019-08-30 23:40:36,416 [grpc-default-executor-1] INFO  client.GrpcClientProtocolClient (GrpcClientProtocolClient.java:onNext(255)) - client-D5BE96C883BA->c9f1298e-d840-49d8-aac3-de81602aa1d5: receive RaftClientReply:client-D5BE96C883BA->c9f1298e-d840-49d8-aac3-de81602aa1d5@group-E9810A644481, cid=3220, SUCCESS, logIndex=4427, commits[c9f1298e-d840-49d8-aac3-de81602aa1d5:c4427]
2019-08-30 23:40:36,436 [grpc-default-executor-0] INFO  client.GrpcClientProtocolClient (GrpcClientProtocolClient.java:onNext(255)) - client-D5BE96C883BA->c9f1298e-d840-49d8-aac3-de81602aa1d5: receive RaftClientReply:client-D5BE96C883BA->c9f1298e-d840-49d8-aac3-de81602aa1d5@group-E9810A644481, cid=3221, SUCCESS, logIndex=4429, commits[c9f1298e-d840-49d8-aac3-de81602aa1d5:c4430]
2019-08-30 23:40:36,436 [grpc-default-executor-0] INFO  client.GrpcClientProtocolClient (GrpcClientProtocolClient.java:onNext(255)) - client-D5BE96C883BA->c9f1298e-d840-49d8-aac3-de81602aa1d5: receive RaftClientReply:client-D5BE96C883BA->c9f1298e-d840-49d8-aac3-de81602aa1d5@group-E9810A644481, cid=3222, SUCCESS, logIndex=4430, commits[c9f1298e-d840-49d8-aac3-de81602aa1d5:c4430]
2019-08-30 23:40:36,448 [SCMBlockDeletingService#0] DEBUG block.SCMBlockDeletingService (SCMBlockDeletingService.java:call(138)) - Running DeletedBlockTransactionScanner
2019-08-30 23:40:36,448 [SCMBlockDeletingService#0] DEBUG block.SCMBlockDeletingService (SCMBlockDeletingService.java:call(155)) - Scanned deleted blocks log and got 0 delTX to process.
2019-08-30 23:40:36,452 [grpc-default-executor-0] INFO  client.GrpcClientProtocolClient (GrpcClientProtocolClient.java:onNext(255)) - client-D5BE96C883BA->c9f1298e-d840-49d8-aac3-de81602aa1d5: receive RaftClientReply:client-D5BE96C883BA->c9f1298e-d840-49d8-aac3-de81602aa1d5@group-E9810A644481, cid=3223, SUCCESS, logIndex=4431, commits[c9f1298e-d840-49d8-aac3-de81602aa1d5:c4432]
2019-08-30 23:40:36,452 [grpc-default-executor-0] INFO  client.GrpcClientProtocolClient (GrpcClientProtocolClient.java:onNext(255)) - client-D5BE96C883BA->c9f1298e-d840-49d8-aac3-de81602aa1d5: receive RaftClientReply:client-D5BE96C883BA->c9f1298e-d840-49d8-aac3-de81602aa1d5@group-E9810A644481, cid=3224, SUCCESS, logIndex=4432, commits[c9f1298e-d840-49d8-aac3-de81602aa1d5:c4432]
2019-08-30 23:40:36,606 [SCMBlockDeletingService#0] DEBUG block.SCMBlockDeletingService (SCMBlockDeletingService.java:call(138)) - Running DeletedBlockTransactionScanner
2019-08-30 23:40:36,606 [SCMBlockDeletingService#0] DEBUG block.SCMBlockDeletingService (SCMBlockDeletingService.java:call(155)) - Scanned deleted blocks log and got 0 delTX to process.
2019-08-30 23:40:36,629 [grpc-default-executor-1] INFO  client.GrpcClientProtocolClient (GrpcClientProtocolClient.java:onNext(255)) - client-D5BE96C883BA->c9f1298e-d840-49d8-aac3-de81602aa1d5: receive RaftClientReply:client-D5BE96C883BA->c9f1298e-d840-49d8-aac3-de81602aa1d5@group-E9810A644481, cid=3225, SUCCESS, logIndex=4435, commits[c9f1298e-d840-49d8-aac3-de81602aa1d5:c4436]
2019-08-30 23:40:36,630 [grpc-default-executor-1] INFO  client.GrpcClientProtocolClient (GrpcClientProtocolClient.java:onNext(255)) - client-D5BE96C883BA->c9f1298e-d840-49d8-aac3-de81602aa1d5: receive RaftClientReply:client-D5BE96C883BA->c9f1298e-d840-49d8-aac3-de81602aa1d5@group-E9810A644481, cid=3226, SUCCESS, logIndex=4436, commits[c9f1298e-d840-49d8-aac3-de81602aa1d5:c4436]
2019-08-30 23:40:36,706 [SCMBlockDeletingService#0] DEBUG block.SCMBlockDeletingService (SCMBlockDeletingService.java:call(138)) - Running DeletedBlockTransactionScanner
2019-08-30 23:40:36,707 [SCMBlockDeletingService#0] DEBUG block.SCMBlockDeletingService (SCMBlockDeletingService.java:call(155)) - Scanned deleted blocks log and got 0 delTX to process.
2019-08-30 23:40:36,724 [grpc-default-executor-1] INFO  client.GrpcClientProtocolClient (GrpcClientProtocolClient.java:onNext(255)) - client-D5BE96C883BA->c9f1298e-d840-49d8-aac3-de81602aa1d5: receive RaftClientReply:client-D5BE96C883BA->c9f1298e-d840-49d8-aac3-de81602aa1d5@group-E9810A644481, cid=3227, SUCCESS, logIndex=4438, commits[c9f1298e-d840-49d8-aac3-de81602aa1d5:c4439]
2019-08-30 23:40:36,724 [grpc-default-executor-1] INFO  client.GrpcClientProtocolClient (GrpcClientProtocolClient.java:onNext(255)) - client-D5BE96C883BA->c9f1298e-d840-49d8-aac3-de81602aa1d5: receive RaftClientReply:client-D5BE96C883BA->c9f1298e-d840-49d8-aac3-de81602aa1d5@group-E9810A644481, cid=3228, SUCCESS, logIndex=4439, commits[c9f1298e-d840-49d8-aac3-de81602aa1d5:c4439]
2019-08-30 23:40:36,739 [grpc-default-executor-1] INFO  client.GrpcClientProtocolClient (GrpcClientProtocolClient.java:onNext(255)) - client-D5BE96C883BA->c9f1298e-d840-49d8-aac3-de81602aa1d5: receive RaftClientReply:client-D5BE96C883BA->c9f1298e-d840-49d8-aac3-de81602aa1d5@group-E9810A644481, cid=3229, SUCCESS, logIndex=4441, commits[c9f1298e-d840-49d8-aac3-de81602aa1d5:c4442]
2019-08-30 23:40:36,740 [grpc-default-executor-1] INFO  client.GrpcClientProtocolClient (GrpcClientProtocolClient.java:onNext(255)) - client-D5BE96C883BA->c9f1298e-d840-49d8-aac3-de81602aa1d5: receive RaftClientReply:client-D5BE96C883BA->c9f1298e-d840-49d8-aac3-de81602aa1d5@group-E9810A644481, cid=3230, SUCCESS, logIndex=4442, commits[c9f1298e-d840-49d8-aac3-de81602aa1d5:c4442]
2019-08-30 23:40:36,750 [grpc-default-executor-1] INFO  client.GrpcClientProtocolClient (GrpcClientProtocolClient.java:onNext(255)) - client-D5BE96C883BA->c9f1298e-d840-49d8-aac3-de81602aa1d5: receive RaftClientReply:client-D5BE96C883BA->c9f1298e-d840-49d8-aac3-de81602aa1d5@group-E9810A644481, cid=3231, SUCCESS, logIndex=4443, commits[c9f1298e-d840-49d8-aac3-de81602aa1d5:c4444]
2019-08-30 23:40:36,750 [grpc-default-executor-1] INFO  client.GrpcClientProtocolClient (GrpcClientProtocolClient.java:onNext(255)) - client-D5BE96C883BA->c9f1298e-d840-49d8-aac3-de81602aa1d5: receive RaftClientReply:client-D5BE96C883BA->c9f1298e-d840-49d8-aac3-de81602aa1d5@group-E9810A644481, cid=3232, SUCCESS, logIndex=4444, commits[c9f1298e-d840-49d8-aac3-de81602aa1d5:c4444]
2019-08-30 23:40:36,778 [grpc-default-executor-0] INFO  client.GrpcClientProtocolClient (GrpcClientProtocolClient.java:onNext(255)) - client-D5BE96C883BA->c9f1298e-d840-49d8-aac3-de81602aa1d5: receive RaftClientReply:client-D5BE96C883BA->c9f1298e-d840-49d8-aac3-de81602aa1d5@group-E9810A644481, cid=3233, SUCCESS, logIndex=4447, commits[c9f1298e-d840-49d8-aac3-de81602aa1d5:c4448]
2019-08-30 23:40:36,779 [grpc-default-executor-0] INFO  client.GrpcClientProtocolClient (GrpcClientProtocolClient.java:onNext(255)) - client-D5BE96C883BA->c9f1298e-d840-49d8-aac3-de81602aa1d5: receive RaftClientReply:client-D5BE96C883BA->c9f1298e-d840-49d8-aac3-de81602aa1d5@group-E9810A644481, cid=3234, SUCCESS, logIndex=4448, commits[c9f1298e-d840-49d8-aac3-de81602aa1d5:c4448]
2019-08-30 23:40:36,782 [grpc-default-executor-0] INFO  client.GrpcClientProtocolClient (GrpcClientProtocolClient.java:onNext(255)) - client-D5BE96C883BA->c9f1298e-d840-49d8-aac3-de81602aa1d5: receive RaftClientReply:client-D5BE96C883BA->c9f1298e-d840-49d8-aac3-de81602aa1d5@group-E9810A644481, cid=3235, SUCCESS, logIndex=4449, commits[c9f1298e-d840-49d8-aac3-de81602aa1d5:c4450]
2019-08-30 23:40:36,782 [grpc-default-executor-0] INFO  client.GrpcClientProtocolClient (GrpcClientProtocolClient.java:onNext(255)) - client-D5BE96C883BA->c9f1298e-d840-49d8-aac3-de81602aa1d5: receive RaftClientReply:client-D5BE96C883BA->c9f1298e-d840-49d8-aac3-de81602aa1d5@group-E9810A644481, cid=3236, SUCCESS, logIndex=4450, commits[c9f1298e-d840-49d8-aac3-de81602aa1d5:c4450]
2019-08-30 23:40:36,804 [grpc-default-executor-0] INFO  client.GrpcClientProtocolClient (GrpcClientProtocolClient.java:onNext(255)) - client-D5BE96C883BA->c9f1298e-d840-49d8-aac3-de81602aa1d5: receive RaftClientReply:client-D5BE96C883BA->c9f1298e-d840-49d8-aac3-de81602aa1d5@group-E9810A644481, cid=3237, SUCCESS, logIndex=4453, commits[c9f1298e-d840-49d8-aac3-de81602aa1d5:c4456]
2019-08-30 23:40:36,804 [grpc-default-executor-0] INFO  client.GrpcClientProtocolClient (GrpcClientProtocolClient.java:onNext(255)) - client-D5BE96C883BA->c9f1298e-d840-49d8-aac3-de81602aa1d5: receive RaftClientReply:client-D5BE96C883BA->c9f1298e-d840-49d8-aac3-de81602aa1d5@group-E9810A644481, cid=3238, SUCCESS, logIndex=4454, commits[c9f1298e-d840-49d8-aac3-de81602aa1d5:c4456]
2019-08-30 23:40:36,805 [grpc-default-executor-0] INFO  client.GrpcClientProtocolClient (GrpcClientProtocolClient.java:onNext(255)) - client-D5BE96C883BA->c9f1298e-d840-49d8-aac3-de81602aa1d5: receive RaftClientReply:client-D5BE96C883BA->c9f1298e-d840-49d8-aac3-de81602aa1d5@group-E9810A644481, cid=3239, SUCCESS, logIndex=4455, commits[c9f1298e-d840-49d8-aac3-de81602aa1d5:c4456]
2019-08-30 23:40:36,805 [grpc-default-executor-0] INFO  client.GrpcClientProtocolClient (GrpcClientProtocolClient.java:onNext(255)) - client-D5BE96C883BA->c9f1298e-d840-49d8-aac3-de81602aa1d5: receive RaftClientReply:client-D5BE96C883BA->c9f1298e-d840-49d8-aac3-de81602aa1d5@group-E9810A644481, cid=3240, SUCCESS, logIndex=4456, commits[c9f1298e-d840-49d8-aac3-de81602aa1d5:c4456]
2019-08-30 23:40:36,807 [SCMBlockDeletingService#0] DEBUG block.SCMBlockDeletingService (SCMBlockDeletingService.java:call(138)) - Running DeletedBlockTransactionScanner
2019-08-30 23:40:36,807 [SCMBlockDeletingService#0] DEBUG block.SCMBlockDeletingService (SCMBlockDeletingService.java:call(155)) - Scanned deleted blocks log and got 0 delTX to process.
2019-08-30 23:40:36,848 [grpc-default-executor-1] INFO  client.GrpcClientProtocolClient (GrpcClientProtocolClient.java:onNext(255)) - client-D5BE96C883BA->c9f1298e-d840-49d8-aac3-de81602aa1d5: receive RaftClientReply:client-D5BE96C883BA->c9f1298e-d840-49d8-aac3-de81602aa1d5@group-E9810A644481, cid=3241, SUCCESS, logIndex=4458, commits[c9f1298e-d840-49d8-aac3-de81602aa1d5:c4461]
2019-08-30 23:40:36,849 [grpc-default-executor-1] INFO  client.GrpcClientProtocolClient (GrpcClientProtocolClient.java:onNext(255)) - client-D5BE96C883BA->c9f1298e-d840-49d8-aac3-de81602aa1d5: receive RaftClientReply:client-D5BE96C883BA->c9f1298e-d840-49d8-aac3-de81602aa1d5@group-E9810A644481, cid=3242, SUCCESS, logIndex=4459, commits[c9f1298e-d840-49d8-aac3-de81602aa1d5:c4461]
2019-08-30 23:40:36,849 [grpc-default-executor-1] INFO  client.GrpcClientProtocolClient (GrpcClientProtocolClient.java:onNext(255)) - client-D5BE96C883BA->c9f1298e-d840-49d8-aac3-de81602aa1d5: receive RaftClientReply:client-D5BE96C883BA->c9f1298e-d840-49d8-aac3-de81602aa1d5@group-E9810A644481, cid=3243, SUCCESS, logIndex=4460, commits[c9f1298e-d840-49d8-aac3-de81602aa1d5:c4461]
2019-08-30 23:40:36,850 [grpc-default-executor-1] INFO  client.GrpcClientProtocolClient (GrpcClientProtocolClient.java:onNext(255)) - client-D5BE96C883BA->c9f1298e-d840-49d8-aac3-de81602aa1d5: receive RaftClientReply:client-D5BE96C883BA->c9f1298e-d840-49d8-aac3-de81602aa1d5@group-E9810A644481, cid=3244, SUCCESS, logIndex=4461, commits[c9f1298e-d840-49d8-aac3-de81602aa1d5:c4461]
2019-08-30 23:40:36,867 [grpc-default-executor-1] INFO  client.GrpcClientProtocolClient (GrpcClientProtocolClient.java:onNext(255)) - client-D5BE96C883BA->c9f1298e-d840-49d8-aac3-de81602aa1d5: receive RaftClientReply:client-D5BE96C883BA->c9f1298e-d840-49d8-aac3-de81602aa1d5@group-E9810A644481, cid=3245, SUCCESS, logIndex=4463, commits[c9f1298e-d840-49d8-aac3-de81602aa1d5:c4464]
2019-08-30 23:40:36,868 [grpc-default-executor-1] INFO  client.GrpcClientProtocolClient (GrpcClientProtocolClient.java:onNext(255)) - client-D5BE96C883BA->c9f1298e-d840-49d8-aac3-de81602aa1d5: receive RaftClientReply:client-D5BE96C883BA->c9f1298e-d840-49d8-aac3-de81602aa1d5@group-E9810A644481, cid=3246, SUCCESS, logIndex=4464, commits[c9f1298e-d840-49d8-aac3-de81602aa1d5:c4464]
2019-08-30 23:40:36,875 [grpc-default-executor-1] INFO  client.GrpcClientProtocolClient (GrpcClientProtocolClient.java:onNext(255)) - client-D5BE96C883BA->c9f1298e-d840-49d8-aac3-de81602aa1d5: receive RaftClientReply:client-D5BE96C883BA->c9f1298e-d840-49d8-aac3-de81602aa1d5@group-E9810A644481, cid=3247, SUCCESS, logIndex=4465, commits[c9f1298e-d840-49d8-aac3-de81602aa1d5:c4466]
2019-08-30 23:40:36,876 [grpc-default-executor-1] INFO  client.GrpcClientProtocolClient (GrpcClientProtocolClient.java:onNext(255)) - client-D5BE96C883BA->c9f1298e-d840-49d8-aac3-de81602aa1d5: receive RaftClientReply:client-D5BE96C883BA->c9f1298e-d840-49d8-aac3-de81602aa1d5@group-E9810A644481, cid=3248, SUCCESS, logIndex=4466, commits[c9f1298e-d840-49d8-aac3-de81602aa1d5:c4466]
2019-08-30 23:40:36,905 [grpc-default-executor-0] INFO  client.GrpcClientProtocolClient (GrpcClientProtocolClient.java:onNext(255)) - client-D5BE96C883BA->c9f1298e-d840-49d8-aac3-de81602aa1d5: receive RaftClientReply:client-D5BE96C883BA->c9f1298e-d840-49d8-aac3-de81602aa1d5@group-E9810A644481, cid=3249, SUCCESS, logIndex=4469, commits[c9f1298e-d840-49d8-aac3-de81602aa1d5:c4472]
2019-08-30 23:40:36,906 [grpc-default-executor-0] INFO  client.GrpcClientProtocolClient (GrpcClientProtocolClient.java:onNext(255)) - client-D5BE96C883BA->c9f1298e-d840-49d8-aac3-de81602aa1d5: receive RaftClientReply:client-D5BE96C883BA->c9f1298e-d840-49d8-aac3-de81602aa1d5@group-E9810A644481, cid=3250, SUCCESS, logIndex=4470, commits[c9f1298e-d840-49d8-aac3-de81602aa1d5:c4472]
2019-08-30 23:40:36,906 [grpc-default-executor-0] INFO  client.GrpcClientProtocolClient (GrpcClientProtocolClient.java:onNext(255)) - client-D5BE96C883BA->c9f1298e-d840-49d8-aac3-de81602aa1d5: receive RaftClientReply:client-D5BE96C883BA->c9f1298e-d840-49d8-aac3-de81602aa1d5@group-E9810A644481, cid=3251, SUCCESS, logIndex=4471, commits[c9f1298e-d840-49d8-aac3-de81602aa1d5:c4472]
2019-08-30 23:40:36,906 [grpc-default-executor-0] INFO  client.GrpcClientProtocolClient (GrpcClientProtocolClient.java:onNext(255)) - client-D5BE96C883BA->c9f1298e-d840-49d8-aac3-de81602aa1d5: receive RaftClientReply:client-D5BE96C883BA->c9f1298e-d840-49d8-aac3-de81602aa1d5@group-E9810A644481, cid=3252, SUCCESS, logIndex=4472, commits[c9f1298e-d840-49d8-aac3-de81602aa1d5:c4472]
2019-08-30 23:40:36,908 [SCMBlockDeletingService#0] DEBUG block.SCMBlockDeletingService (SCMBlockDeletingService.java:call(138)) - Running DeletedBlockTransactionScanner
2019-08-30 23:40:36,908 [SCMBlockDeletingService#0] DEBUG block.SCMBlockDeletingService (SCMBlockDeletingService.java:call(155)) - Scanned deleted blocks log and got 0 delTX to process.
2019-08-30 23:40:36,922 [grpc-default-executor-0] INFO  client.GrpcClientProtocolClient (GrpcClientProtocolClient.java:onNext(255)) - client-D5BE96C883BA->c9f1298e-d840-49d8-aac3-de81602aa1d5: receive RaftClientReply:client-D5BE96C883BA->c9f1298e-d840-49d8-aac3-de81602aa1d5@group-E9810A644481, cid=3253, SUCCESS, logIndex=4474, commits[c9f1298e-d840-49d8-aac3-de81602aa1d5:c4475]
2019-08-30 23:40:36,922 [grpc-default-executor-0] INFO  client.GrpcClientProtocolClient (GrpcClientProtocolClient.java:onNext(255)) - client-D5BE96C883BA->c9f1298e-d840-49d8-aac3-de81602aa1d5: receive RaftClientReply:client-D5BE96C883BA->c9f1298e-d840-49d8-aac3-de81602aa1d5@group-E9810A644481, cid=3254, SUCCESS, logIndex=4475, commits[c9f1298e-d840-49d8-aac3-de81602aa1d5:c4475]
2019-08-30 23:40:36,928 [grpc-default-executor-0] INFO  client.GrpcClientProtocolClient (GrpcClientProtocolClient.java:onNext(255)) - client-D5BE96C883BA->c9f1298e-d840-49d8-aac3-de81602aa1d5: receive RaftClientReply:client-D5BE96C883BA->c9f1298e-d840-49d8-aac3-de81602aa1d5@group-E9810A644481, cid=3255, SUCCESS, logIndex=4476, commits[c9f1298e-d840-49d8-aac3-de81602aa1d5:c4477]
2019-08-30 23:40:36,928 [grpc-default-executor-0] INFO  client.GrpcClientProtocolClient (GrpcClientProtocolClient.java:onNext(255)) - client-D5BE96C883BA->c9f1298e-d840-49d8-aac3-de81602aa1d5: receive RaftClientReply:client-D5BE96C883BA->c9f1298e-d840-49d8-aac3-de81602aa1d5@group-E9810A644481, cid=3256, SUCCESS, logIndex=4477, commits[c9f1298e-d840-49d8-aac3-de81602aa1d5:c4477]
2019-08-30 23:40:36,956 [grpc-default-executor-1] INFO  client.GrpcClientProtocolClient (GrpcClientProtocolClient.java:onNext(255)) - client-D5BE96C883BA->c9f1298e-d840-49d8-aac3-de81602aa1d5: receive RaftClientReply:client-D5BE96C883BA->c9f1298e-d840-49d8-aac3-de81602aa1d5@group-E9810A644481, cid=3257, SUCCESS, logIndex=4480, commits[c9f1298e-d840-49d8-aac3-de81602aa1d5:c4481]
2019-08-30 23:40:36,956 [grpc-default-executor-1] INFO  client.GrpcClientProtocolClient (GrpcClientProtocolClient.java:onNext(255)) - client-D5BE96C883BA->c9f1298e-d840-49d8-aac3-de81602aa1d5: receive RaftClientReply:client-D5BE96C883BA->c9f1298e-d840-49d8-aac3-de81602aa1d5@group-E9810A644481, cid=3258, SUCCESS, logIndex=4481, commits[c9f1298e-d840-49d8-aac3-de81602aa1d5:c4481]
2019-08-30 23:40:36,966 [grpc-default-executor-1] INFO  client.GrpcClientProtocolClient (GrpcClientProtocolClient.java:onNext(255)) - client-D5BE96C883BA->c9f1298e-d840-49d8-aac3-de81602aa1d5: receive RaftClientReply:client-D5BE96C883BA->c9f1298e-d840-49d8-aac3-de81602aa1d5@group-E9810A644481, cid=3259, SUCCESS, logIndex=4482, commits[c9f1298e-d840-49d8-aac3-de81602aa1d5:c4483]
2019-08-30 23:40:36,966 [grpc-default-executor-1] INFO  client.GrpcClientProtocolClient (GrpcClientProtocolClient.java:onNext(255)) - client-D5BE96C883BA->c9f1298e-d840-49d8-aac3-de81602aa1d5: receive RaftClientReply:client-D5BE96C883BA->c9f1298e-d840-49d8-aac3-de81602aa1d5@group-E9810A644481, cid=3260, SUCCESS, logIndex=4483, commits[c9f1298e-d840-49d8-aac3-de81602aa1d5:c4483]
2019-08-30 23:40:36,993 [grpc-default-executor-1] INFO  client.GrpcClientProtocolClient (GrpcClientProtocolClient.java:onNext(255)) - client-D5BE96C883BA->c9f1298e-d840-49d8-aac3-de81602aa1d5: receive RaftClientReply:client-D5BE96C883BA->c9f1298e-d840-49d8-aac3-de81602aa1d5@group-E9810A644481, cid=3261, SUCCESS, logIndex=4486, commits[c9f1298e-d840-49d8-aac3-de81602aa1d5:c4489]
2019-08-30 23:40:36,993 [grpc-default-executor-1] INFO  client.GrpcClientProtocolClient (GrpcClientProtocolClient.java:onNext(255)) - client-D5BE96C883BA->c9f1298e-d840-49d8-aac3-de81602aa1d5: receive RaftClientReply:client-D5BE96C883BA->c9f1298e-d840-49d8-aac3-de81602aa1d5@group-E9810A644481, cid=3262, SUCCESS, logIndex=4487, commits[c9f1298e-d840-49d8-aac3-de81602aa1d5:c4489]
2019-08-30 23:40:36,993 [grpc-default-executor-1] INFO  client.GrpcClientProtocolClient (GrpcClientProtocolClient.java:onNext(255)) - client-D5BE96C883BA->c9f1298e-d840-49d8-aac3-de81602aa1d5: receive RaftClientReply:client-D5BE96C883BA->c9f1298e-d840-49d8-aac3-de81602aa1d5@group-E9810A644481, cid=3263, SUCCESS, logIndex=4488, commits[c9f1298e-d840-49d8-aac3-de81602aa1d5:c4489]
2019-08-30 23:40:36,994 [grpc-default-executor-1] INFO  client.GrpcClientProtocolClient (GrpcClientProtocolClient.java:onNext(255)) - client-D5BE96C883BA->c9f1298e-d840-49d8-aac3-de81602aa1d5: receive RaftClientReply:client-D5BE96C883BA->c9f1298e-d840-49d8-aac3-de81602aa1d5@group-E9810A644481, cid=3264, SUCCESS, logIndex=4489, commits[c9f1298e-d840-49d8-aac3-de81602aa1d5:c4489]
2019-08-30 23:40:37,008 [SCMBlockDeletingService#0] DEBUG block.SCMBlockDeletingService (SCMBlockDeletingService.java:call(138)) - Running DeletedBlockTransactionScanner
2019-08-30 23:40:37,009 [SCMBlockDeletingService#0] DEBUG block.SCMBlockDeletingService (SCMBlockDeletingService.java:call(155)) - Scanned deleted blocks log and got 0 delTX to process.
2019-08-30 23:40:37,039 [grpc-default-executor-1] INFO  client.GrpcClientProtocolClient (GrpcClientProtocolClient.java:onNext(255)) - client-D5BE96C883BA->c9f1298e-d840-49d8-aac3-de81602aa1d5: receive RaftClientReply:client-D5BE96C883BA->c9f1298e-d840-49d8-aac3-de81602aa1d5@group-E9810A644481, cid=3265, SUCCESS, logIndex=4491, commits[c9f1298e-d840-49d8-aac3-de81602aa1d5:c4492]
2019-08-30 23:40:37,039 [grpc-default-executor-1] INFO  client.GrpcClientProtocolClient (GrpcClientProtocolClient.java:onNext(255)) - client-D5BE96C883BA->c9f1298e-d840-49d8-aac3-de81602aa1d5: receive RaftClientReply:client-D5BE96C883BA->c9f1298e-d840-49d8-aac3-de81602aa1d5@group-E9810A644481, cid=3266, SUCCESS, logIndex=4492, commits[c9f1298e-d840-49d8-aac3-de81602aa1d5:c4492]
2019-08-30 23:40:37,050 [grpc-default-executor-1] INFO  client.GrpcClientProtocolClient (GrpcClientProtocolClient.java:onNext(255)) - client-D5BE96C883BA->c9f1298e-d840-49d8-aac3-de81602aa1d5: receive RaftClientReply:client-D5BE96C883BA->c9f1298e-d840-49d8-aac3-de81602aa1d5@group-E9810A644481, cid=3267, SUCCESS, logIndex=4493, commits[c9f1298e-d840-49d8-aac3-de81602aa1d5:c4494]
2019-08-30 23:40:37,051 [grpc-default-executor-1] INFO  client.GrpcClientProtocolClient (GrpcClientProtocolClient.java:onNext(255)) - client-D5BE96C883BA->c9f1298e-d840-49d8-aac3-de81602aa1d5: receive RaftClientReply:client-D5BE96C883BA->c9f1298e-d840-49d8-aac3-de81602aa1d5@group-E9810A644481, cid=3268, SUCCESS, logIndex=4494, commits[c9f1298e-d840-49d8-aac3-de81602aa1d5:c4494]
2019-08-30 23:40:37,070 [grpc-default-executor-0] INFO  client.GrpcClientProtocolClient (GrpcClientProtocolClient.java:onNext(255)) - client-D5BE96C883BA->c9f1298e-d840-49d8-aac3-de81602aa1d5: receive RaftClientReply:client-D5BE96C883BA->c9f1298e-d840-49d8-aac3-de81602aa1d5@group-E9810A644481, cid=3269, SUCCESS, logIndex=4497, commits[c9f1298e-d840-49d8-aac3-de81602aa1d5:c4498]
2019-08-30 23:40:37,071 [grpc-default-executor-0] INFO  client.GrpcClientProtocolClient (GrpcClientProtocolClient.java:onNext(255)) - client-D5BE96C883BA->c9f1298e-d840-49d8-aac3-de81602aa1d5: receive RaftClientReply:client-D5BE96C883BA->c9f1298e-d840-49d8-aac3-de81602aa1d5@group-E9810A644481, cid=3270, SUCCESS, logIndex=4498, commits[c9f1298e-d840-49d8-aac3-de81602aa1d5:c4498]
2019-08-30 23:40:37,109 [SCMBlockDeletingService#0] DEBUG block.SCMBlockDeletingService (SCMBlockDeletingService.java:call(138)) - Running DeletedBlockTransactionScanner
2019-08-30 23:40:37,109 [SCMBlockDeletingService#0] DEBUG block.SCMBlockDeletingService (SCMBlockDeletingService.java:call(155)) - Scanned deleted blocks log and got 0 delTX to process.
2019-08-30 23:40:37,178 [grpc-default-executor-1] INFO  client.GrpcClientProtocolClient (GrpcClientProtocolClient.java:onNext(255)) - client-D5BE96C883BA->c9f1298e-d840-49d8-aac3-de81602aa1d5: receive RaftClientReply:client-D5BE96C883BA->c9f1298e-d840-49d8-aac3-de81602aa1d5@group-E9810A644481, cid=3271, SUCCESS, logIndex=4500, commits[c9f1298e-d840-49d8-aac3-de81602aa1d5:c4501]
2019-08-30 23:40:37,178 [grpc-default-executor-1] INFO  client.GrpcClientProtocolClient (GrpcClientProtocolClient.java:onNext(255)) - client-D5BE96C883BA->c9f1298e-d840-49d8-aac3-de81602aa1d5: receive RaftClientReply:client-D5BE96C883BA->c9f1298e-d840-49d8-aac3-de81602aa1d5@group-E9810A644481, cid=3272, SUCCESS, logIndex=4501, commits[c9f1298e-d840-49d8-aac3-de81602aa1d5:c4501]
2019-08-30 23:40:37,210 [SCMBlockDeletingService#0] DEBUG block.SCMBlockDeletingService (SCMBlockDeletingService.java:call(138)) - Running DeletedBlockTransactionScanner
2019-08-30 23:40:37,210 [SCMBlockDeletingService#0] DEBUG block.SCMBlockDeletingService (SCMBlockDeletingService.java:call(155)) - Scanned deleted blocks log and got 0 delTX to process.
2019-08-30 23:40:37,242 [grpc-default-executor-0] INFO  client.GrpcClientProtocolClient (GrpcClientProtocolClient.java:onNext(255)) - client-D5BE96C883BA->c9f1298e-d840-49d8-aac3-de81602aa1d5: receive RaftClientReply:client-D5BE96C883BA->c9f1298e-d840-49d8-aac3-de81602aa1d5@group-E9810A644481, cid=3273, SUCCESS, logIndex=4503, commits[c9f1298e-d840-49d8-aac3-de81602aa1d5:c4506]
2019-08-30 23:40:37,242 [grpc-default-executor-0] INFO  client.GrpcClientProtocolClient (GrpcClientProtocolClient.java:onNext(255)) - client-D5BE96C883BA->c9f1298e-d840-49d8-aac3-de81602aa1d5: receive RaftClientReply:client-D5BE96C883BA->c9f1298e-d840-49d8-aac3-de81602aa1d5@group-E9810A644481, cid=3274, SUCCESS, logIndex=4504, commits[c9f1298e-d840-49d8-aac3-de81602aa1d5:c4506]
2019-08-30 23:40:37,242 [grpc-default-executor-0] INFO  client.GrpcClientProtocolClient (GrpcClientProtocolClient.java:onNext(255)) - client-D5BE96C883BA->c9f1298e-d840-49d8-aac3-de81602aa1d5: receive RaftClientReply:client-D5BE96C883BA->c9f1298e-d840-49d8-aac3-de81602aa1d5@group-E9810A644481, cid=3275, SUCCESS, logIndex=4505, commits[c9f1298e-d840-49d8-aac3-de81602aa1d5:c4506]
2019-08-30 23:40:37,243 [grpc-default-executor-0] INFO  client.GrpcClientProtocolClient (GrpcClientProtocolClient.java:onNext(255)) - client-D5BE96C883BA->c9f1298e-d840-49d8-aac3-de81602aa1d5: receive RaftClientReply:client-D5BE96C883BA->c9f1298e-d840-49d8-aac3-de81602aa1d5@group-E9810A644481, cid=3276, SUCCESS, logIndex=4506, commits[c9f1298e-d840-49d8-aac3-de81602aa1d5:c4506]
2019-08-30 23:40:37,260 [grpc-default-executor-0] INFO  client.GrpcClientProtocolClient (GrpcClientProtocolClient.java:onNext(255)) - client-D5BE96C883BA->c9f1298e-d840-49d8-aac3-de81602aa1d5: receive RaftClientReply:client-D5BE96C883BA->c9f1298e-d840-49d8-aac3-de81602aa1d5@group-E9810A644481, cid=3277, SUCCESS, logIndex=4508, commits[c9f1298e-d840-49d8-aac3-de81602aa1d5:c4511]
2019-08-30 23:40:37,261 [grpc-default-executor-0] INFO  client.GrpcClientProtocolClient (GrpcClientProtocolClient.java:onNext(255)) - client-D5BE96C883BA->c9f1298e-d840-49d8-aac3-de81602aa1d5: receive RaftClientReply:client-D5BE96C883BA->c9f1298e-d840-49d8-aac3-de81602aa1d5@group-E9810A644481, cid=3278, SUCCESS, logIndex=4509, commits[c9f1298e-d840-49d8-aac3-de81602aa1d5:c4511]
2019-08-30 23:40:37,261 [grpc-default-executor-0] INFO  client.GrpcClientProtocolClient (GrpcClientProtocolClient.java:onNext(255)) - client-D5BE96C883BA->c9f1298e-d840-49d8-aac3-de81602aa1d5: receive RaftClientReply:client-D5BE96C883BA->c9f1298e-d840-49d8-aac3-de81602aa1d5@group-E9810A644481, cid=3279, SUCCESS, logIndex=4510, commits[c9f1298e-d840-49d8-aac3-de81602aa1d5:c4511]
2019-08-30 23:40:37,261 [grpc-default-executor-0] INFO  client.GrpcClientProtocolClient (GrpcClientProtocolClient.java:onNext(255)) - client-D5BE96C883BA->c9f1298e-d840-49d8-aac3-de81602aa1d5: receive RaftClientReply:client-D5BE96C883BA->c9f1298e-d840-49d8-aac3-de81602aa1d5@group-E9810A644481, cid=3280, SUCCESS, logIndex=4511, commits[c9f1298e-d840-49d8-aac3-de81602aa1d5:c4511]
2019-08-30 23:40:37,286 [grpc-default-executor-1] INFO  client.GrpcClientProtocolClient (GrpcClientProtocolClient.java:onNext(255)) - client-D5BE96C883BA->c9f1298e-d840-49d8-aac3-de81602aa1d5: receive RaftClientReply:client-D5BE96C883BA->c9f1298e-d840-49d8-aac3-de81602aa1d5@group-E9810A644481, cid=3281, SUCCESS, logIndex=4513, commits[c9f1298e-d840-49d8-aac3-de81602aa1d5:c4514]
2019-08-30 23:40:37,287 [grpc-default-executor-1] INFO  client.GrpcClientProtocolClient (GrpcClientProtocolClient.java:onNext(255)) - client-D5BE96C883BA->c9f1298e-d840-49d8-aac3-de81602aa1d5: receive RaftClientReply:client-D5BE96C883BA->c9f1298e-d840-49d8-aac3-de81602aa1d5@group-E9810A644481, cid=3282, SUCCESS, logIndex=4514, commits[c9f1298e-d840-49d8-aac3-de81602aa1d5:c4514]
2019-08-30 23:40:37,292 [grpc-default-executor-1] INFO  client.GrpcClientProtocolClient (GrpcClientProtocolClient.java:onNext(255)) - client-D5BE96C883BA->c9f1298e-d840-49d8-aac3-de81602aa1d5: receive RaftClientReply:client-D5BE96C883BA->c9f1298e-d840-49d8-aac3-de81602aa1d5@group-E9810A644481, cid=3283, SUCCESS, logIndex=4515, commits[c9f1298e-d840-49d8-aac3-de81602aa1d5:c4516]
2019-08-30 23:40:37,293 [grpc-default-executor-1] INFO  client.GrpcClientProtocolClient (GrpcClientProtocolClient.java:onNext(255)) - client-D5BE96C883BA->c9f1298e-d840-49d8-aac3-de81602aa1d5: receive RaftClientReply:client-D5BE96C883BA->c9f1298e-d840-49d8-aac3-de81602aa1d5@group-E9810A644481, cid=3284, SUCCESS, logIndex=4516, commits[c9f1298e-d840-49d8-aac3-de81602aa1d5:c4516]
2019-08-30 23:40:37,310 [SCMBlockDeletingService#0] DEBUG block.SCMBlockDeletingService (SCMBlockDeletingService.java:call(138)) - Running DeletedBlockTransactionScanner
2019-08-30 23:40:37,310 [SCMBlockDeletingService#0] DEBUG block.SCMBlockDeletingService (SCMBlockDeletingService.java:call(155)) - Scanned deleted blocks log and got 0 delTX to process.
2019-08-30 23:40:37,311 [grpc-default-executor-1] INFO  client.GrpcClientProtocolClient (GrpcClientProtocolClient.java:onNext(255)) - client-D5BE96C883BA->c9f1298e-d840-49d8-aac3-de81602aa1d5: receive RaftClientReply:client-D5BE96C883BA->c9f1298e-d840-49d8-aac3-de81602aa1d5@group-E9810A644481, cid=3285, SUCCESS, logIndex=4519, commits[c9f1298e-d840-49d8-aac3-de81602aa1d5:c4522]
2019-08-30 23:40:37,311 [grpc-default-executor-1] INFO  client.GrpcClientProtocolClient (GrpcClientProtocolClient.java:onNext(255)) - client-D5BE96C883BA->c9f1298e-d840-49d8-aac3-de81602aa1d5: receive RaftClientReply:client-D5BE96C883BA->c9f1298e-d840-49d8-aac3-de81602aa1d5@group-E9810A644481, cid=3286, SUCCESS, logIndex=4520, commits[c9f1298e-d840-49d8-aac3-de81602aa1d5:c4522]
2019-08-30 23:40:37,311 [grpc-default-executor-1] INFO  client.GrpcClientProtocolClient (GrpcClientProtocolClient.java:onNext(255)) - client-D5BE96C883BA->c9f1298e-d840-49d8-aac3-de81602aa1d5: receive RaftClientReply:client-D5BE96C883BA->c9f1298e-d840-49d8-aac3-de81602aa1d5@group-E9810A644481, cid=3287, SUCCESS, logIndex=4521, commits[c9f1298e-d840-49d8-aac3-de81602aa1d5:c4522]
2019-08-30 23:40:37,312 [grpc-default-executor-1] INFO  client.GrpcClientProtocolClient (GrpcClientProtocolClient.java:onNext(255)) - client-D5BE96C883BA->c9f1298e-d840-49d8-aac3-de81602aa1d5: receive RaftClientReply:client-D5BE96C883BA->c9f1298e-d840-49d8-aac3-de81602aa1d5@group-E9810A644481, cid=3288, SUCCESS, logIndex=4522, commits[c9f1298e-d840-49d8-aac3-de81602aa1d5:c4522]
2019-08-30 23:40:37,364 [grpc-default-executor-1] INFO  client.GrpcClientProtocolClient (GrpcClientProtocolClient.java:onNext(255)) - client-D5BE96C883BA->c9f1298e-d840-49d8-aac3-de81602aa1d5: receive RaftClientReply:client-D5BE96C883BA->c9f1298e-d840-49d8-aac3-de81602aa1d5@group-E9810A644481, cid=3289, SUCCESS, logIndex=4524, commits[c9f1298e-d840-49d8-aac3-de81602aa1d5:c4525]
2019-08-30 23:40:37,365 [grpc-default-executor-1] INFO  client.GrpcClientProtocolClient (GrpcClientProtocolClient.java:onNext(255)) - client-D5BE96C883BA->c9f1298e-d840-49d8-aac3-de81602aa1d5: receive RaftClientReply:client-D5BE96C883BA->c9f1298e-d840-49d8-aac3-de81602aa1d5@group-E9810A644481, cid=3290, SUCCESS, logIndex=4525, commits[c9f1298e-d840-49d8-aac3-de81602aa1d5:c4525]
2019-08-30 23:40:37,369 [grpc-default-executor-1] INFO  client.GrpcClientProtocolClient (GrpcClientProtocolClient.java:onNext(255)) - client-D5BE96C883BA->c9f1298e-d840-49d8-aac3-de81602aa1d5: receive RaftClientReply:client-D5BE96C883BA->c9f1298e-d840-49d8-aac3-de81602aa1d5@group-E9810A644481, cid=3291, SUCCESS, logIndex=4526, commits[c9f1298e-d840-49d8-aac3-de81602aa1d5:c4527]
2019-08-30 23:40:37,369 [grpc-default-executor-1] INFO  client.GrpcClientProtocolClient (GrpcClientProtocolClient.java:onNext(255)) - client-D5BE96C883BA->c9f1298e-d840-49d8-aac3-de81602aa1d5: receive RaftClientReply:client-D5BE96C883BA->c9f1298e-d840-49d8-aac3-de81602aa1d5@group-E9810A644481, cid=3292, SUCCESS, logIndex=4527, commits[c9f1298e-d840-49d8-aac3-de81602aa1d5:c4527]
2019-08-30 23:40:37,387 [grpc-default-executor-0] INFO  client.GrpcClientProtocolClient (GrpcClientProtocolClient.java:onNext(255)) - client-D5BE96C883BA->c9f1298e-d840-49d8-aac3-de81602aa1d5: receive RaftClientReply:client-D5BE96C883BA->c9f1298e-d840-49d8-aac3-de81602aa1d5@group-E9810A644481, cid=3293, SUCCESS, logIndex=4530, commits[c9f1298e-d840-49d8-aac3-de81602aa1d5:c4533]
2019-08-30 23:40:37,388 [grpc-default-executor-0] INFO  client.GrpcClientProtocolClient (GrpcClientProtocolClient.java:onNext(255)) - client-D5BE96C883BA->c9f1298e-d840-49d8-aac3-de81602aa1d5: receive RaftClientReply:client-D5BE96C883BA->c9f1298e-d840-49d8-aac3-de81602aa1d5@group-E9810A644481, cid=3294, SUCCESS, logIndex=4531, commits[c9f1298e-d840-49d8-aac3-de81602aa1d5:c4533]
2019-08-30 23:40:37,388 [grpc-default-executor-0] INFO  client.GrpcClientProtocolClient (GrpcClientProtocolClient.java:onNext(255)) - client-D5BE96C883BA->c9f1298e-d840-49d8-aac3-de81602aa1d5: receive RaftClientReply:client-D5BE96C883BA->c9f1298e-d840-49d8-aac3-de81602aa1d5@group-E9810A644481, cid=3295, SUCCESS, logIndex=4532, commits[c9f1298e-d840-49d8-aac3-de81602aa1d5:c4533]
2019-08-30 23:40:37,389 [grpc-default-executor-0] INFO  client.GrpcClientProtocolClient (GrpcClientProtocolClient.java:onNext(255)) - client-D5BE96C883BA->c9f1298e-d840-49d8-aac3-de81602aa1d5: receive RaftClientReply:client-D5BE96C883BA->c9f1298e-d840-49d8-aac3-de81602aa1d5@group-E9810A644481, cid=3296, SUCCESS, logIndex=4533, commits[c9f1298e-d840-49d8-aac3-de81602aa1d5:c4533]
2019-08-30 23:40:37,411 [grpc-default-executor-1] INFO  client.GrpcClientProtocolClient (GrpcClientProtocolClient.java:onNext(255)) - client-D5BE96C883BA->c9f1298e-d840-49d8-aac3-de81602aa1d5: receive RaftClientReply:client-D5BE96C883BA->c9f1298e-d840-49d8-aac3-de81602aa1d5@group-E9810A644481, cid=3297, SUCCESS, logIndex=4535, commits[c9f1298e-d840-49d8-aac3-de81602aa1d5:c4538]
2019-08-30 23:40:37,411 [SCMBlockDeletingService#0] DEBUG block.SCMBlockDeletingService (SCMBlockDeletingService.java:call(138)) - Running DeletedBlockTransactionScanner
2019-08-30 23:40:37,411 [SCMBlockDeletingService#0] DEBUG block.SCMBlockDeletingService (SCMBlockDeletingService.java:call(155)) - Scanned deleted blocks log and got 0 delTX to process.
2019-08-30 23:40:37,411 [grpc-default-executor-1] INFO  client.GrpcClientProtocolClient (GrpcClientProtocolClient.java:onNext(255)) - client-D5BE96C883BA->c9f1298e-d840-49d8-aac3-de81602aa1d5: receive RaftClientReply:client-D5BE96C883BA->c9f1298e-d840-49d8-aac3-de81602aa1d5@group-E9810A644481, cid=3298, SUCCESS, logIndex=4536, commits[c9f1298e-d840-49d8-aac3-de81602aa1d5:c4538]
2019-08-30 23:40:37,411 [grpc-default-executor-1] INFO  client.GrpcClientProtocolClient (GrpcClientProtocolClient.java:onNext(255)) - client-D5BE96C883BA->c9f1298e-d840-49d8-aac3-de81602aa1d5: receive RaftClientReply:client-D5BE96C883BA->c9f1298e-d840-49d8-aac3-de81602aa1d5@group-E9810A644481, cid=3299, SUCCESS, logIndex=4537, commits[c9f1298e-d840-49d8-aac3-de81602aa1d5:c4538]
2019-08-30 23:40:37,412 [grpc-default-executor-1] INFO  client.GrpcClientProtocolClient (GrpcClientProtocolClient.java:onNext(255)) - client-D5BE96C883BA->c9f1298e-d840-49d8-aac3-de81602aa1d5: receive RaftClientReply:client-D5BE96C883BA->c9f1298e-d840-49d8-aac3-de81602aa1d5@group-E9810A644481, cid=3300, SUCCESS, logIndex=4538, commits[c9f1298e-d840-49d8-aac3-de81602aa1d5:c4538]
2019-08-30 23:40:37,430 [grpc-default-executor-1] INFO  client.GrpcClientProtocolClient (GrpcClientProtocolClient.java:onNext(255)) - client-D5BE96C883BA->c9f1298e-d840-49d8-aac3-de81602aa1d5: receive RaftClientReply:client-D5BE96C883BA->c9f1298e-d840-49d8-aac3-de81602aa1d5@group-E9810A644481, cid=3301, SUCCESS, logIndex=4540, commits[c9f1298e-d840-49d8-aac3-de81602aa1d5:c4541]
2019-08-30 23:40:37,430 [grpc-default-executor-1] INFO  client.GrpcClientProtocolClient (GrpcClientProtocolClient.java:onNext(255)) - client-D5BE96C883BA->c9f1298e-d840-49d8-aac3-de81602aa1d5: receive RaftClientReply:client-D5BE96C883BA->c9f1298e-d840-49d8-aac3-de81602aa1d5@group-E9810A644481, cid=3302, SUCCESS, logIndex=4541, commits[c9f1298e-d840-49d8-aac3-de81602aa1d5:c4541]
2019-08-30 23:40:37,454 [grpc-default-executor-1] INFO  client.GrpcClientProtocolClient (GrpcClientProtocolClient.java:onNext(255)) - client-D5BE96C883BA->c9f1298e-d840-49d8-aac3-de81602aa1d5: receive RaftClientReply:client-D5BE96C883BA->c9f1298e-d840-49d8-aac3-de81602aa1d5@group-E9810A644481, cid=3303, SUCCESS, logIndex=4542, commits[c9f1298e-d840-49d8-aac3-de81602aa1d5:c4544]
2019-08-30 23:40:37,455 [grpc-default-executor-1] INFO  client.GrpcClientProtocolClient (GrpcClientProtocolClient.java:onNext(255)) - client-D5BE96C883BA->c9f1298e-d840-49d8-aac3-de81602aa1d5: receive RaftClientReply:client-D5BE96C883BA->c9f1298e-d840-49d8-aac3-de81602aa1d5@group-E9810A644481, cid=3304, SUCCESS, logIndex=4543, commits[c9f1298e-d840-49d8-aac3-de81602aa1d5:c4544]
2019-08-30 23:40:37,478 [grpc-default-executor-0] INFO  client.GrpcClientProtocolClient (GrpcClientProtocolClient.java:onNext(255)) - client-D5BE96C883BA->c9f1298e-d840-49d8-aac3-de81602aa1d5: receive RaftClientReply:client-D5BE96C883BA->c9f1298e-d840-49d8-aac3-de81602aa1d5@group-E9810A644481, cid=3305, SUCCESS, logIndex=4545, commits[c9f1298e-d840-49d8-aac3-de81602aa1d5:c4546]
2019-08-30 23:40:37,479 [grpc-default-executor-0] INFO  client.GrpcClientProtocolClient (GrpcClientProtocolClient.java:onNext(255)) - client-D5BE96C883BA->c9f1298e-d840-49d8-aac3-de81602aa1d5: receive RaftClientReply:client-D5BE96C883BA->c9f1298e-d840-49d8-aac3-de81602aa1d5@group-E9810A644481, cid=3306, SUCCESS, logIndex=4546, commits[c9f1298e-d840-49d8-aac3-de81602aa1d5:c4546]
2019-08-30 23:40:37,489 [grpc-default-executor-0] INFO  client.GrpcClientProtocolClient (GrpcClientProtocolClient.java:onNext(255)) - client-D5BE96C883BA->c9f1298e-d840-49d8-aac3-de81602aa1d5: receive RaftClientReply:client-D5BE96C883BA->c9f1298e-d840-49d8-aac3-de81602aa1d5@group-E9810A644481, cid=3307, SUCCESS, logIndex=4547, commits[c9f1298e-d840-49d8-aac3-de81602aa1d5:c4548]
2019-08-30 23:40:37,489 [grpc-default-executor-0] INFO  client.GrpcClientProtocolClient (GrpcClientProtocolClient.java:onNext(255)) - client-D5BE96C883BA->c9f1298e-d840-49d8-aac3-de81602aa1d5: receive RaftClientReply:client-D5BE96C883BA->c9f1298e-d840-49d8-aac3-de81602aa1d5@group-E9810A644481, cid=3308, SUCCESS, logIndex=4548, commits[c9f1298e-d840-49d8-aac3-de81602aa1d5:c4548]
2019-08-30 23:40:37,511 [SCMBlockDeletingService#1] DEBUG block.SCMBlockDeletingService (SCMBlockDeletingService.java:call(138)) - Running DeletedBlockTransactionScanner
2019-08-30 23:40:37,512 [SCMBlockDeletingService#1] DEBUG block.SCMBlockDeletingService (SCMBlockDeletingService.java:call(155)) - Scanned deleted blocks log and got 0 delTX to process.
2019-08-30 23:40:37,513 [grpc-default-executor-0] INFO  client.GrpcClientProtocolClient (GrpcClientProtocolClient.java:onNext(255)) - client-D5BE96C883BA->c9f1298e-d840-49d8-aac3-de81602aa1d5: receive RaftClientReply:client-D5BE96C883BA->c9f1298e-d840-49d8-aac3-de81602aa1d5@group-E9810A644481, cid=3309, SUCCESS, logIndex=4551, commits[c9f1298e-d840-49d8-aac3-de81602aa1d5:c4554]
2019-08-30 23:40:37,513 [grpc-default-executor-0] INFO  client.GrpcClientProtocolClient (GrpcClientProtocolClient.java:onNext(255)) - client-D5BE96C883BA->c9f1298e-d840-49d8-aac3-de81602aa1d5: receive RaftClientReply:client-D5BE96C883BA->c9f1298e-d840-49d8-aac3-de81602aa1d5@group-E9810A644481, cid=3310, SUCCESS, logIndex=4552, commits[c9f1298e-d840-49d8-aac3-de81602aa1d5:c4554]
2019-08-30 23:40:37,513 [grpc-default-executor-0] INFO  client.GrpcClientProtocolClient (GrpcClientProtocolClient.java:onNext(255)) - client-D5BE96C883BA->c9f1298e-d840-49d8-aac3-de81602aa1d5: receive RaftClientReply:client-D5BE96C883BA->c9f1298e-d840-49d8-aac3-de81602aa1d5@group-E9810A644481, cid=3311, SUCCESS, logIndex=4553, commits[c9f1298e-d840-49d8-aac3-de81602aa1d5:c4554]
2019-08-30 23:40:37,514 [grpc-default-executor-0] INFO  client.GrpcClientProtocolClient (GrpcClientProtocolClient.java:onNext(255)) - client-D5BE96C883BA->c9f1298e-d840-49d8-aac3-de81602aa1d5: receive RaftClientReply:client-D5BE96C883BA->c9f1298e-d840-49d8-aac3-de81602aa1d5@group-E9810A644481, cid=3312, SUCCESS, logIndex=4554, commits[c9f1298e-d840-49d8-aac3-de81602aa1d5:c4554]
2019-08-30 23:40:37,538 [grpc-default-executor-1] INFO  client.GrpcClientProtocolClient (GrpcClientProtocolClient.java:onNext(255)) - client-D5BE96C883BA->c9f1298e-d840-49d8-aac3-de81602aa1d5: receive RaftClientReply:client-D5BE96C883BA->c9f1298e-d840-49d8-aac3-de81602aa1d5@group-E9810A644481, cid=3313, SUCCESS, logIndex=4556, commits[c9f1298e-d840-49d8-aac3-de81602aa1d5:c4557]
2019-08-30 23:40:37,539 [grpc-default-executor-1] INFO  client.GrpcClientProtocolClient (GrpcClientProtocolClient.java:onNext(255)) - client-D5BE96C883BA->c9f1298e-d840-49d8-aac3-de81602aa1d5: receive RaftClientReply:client-D5BE96C883BA->c9f1298e-d840-49d8-aac3-de81602aa1d5@group-E9810A644481, cid=3314, SUCCESS, logIndex=4557, commits[c9f1298e-d840-49d8-aac3-de81602aa1d5:c4557]
2019-08-30 23:40:37,612 [SCMBlockDeletingService#1] DEBUG block.SCMBlockDeletingService (SCMBlockDeletingService.java:call(138)) - Running DeletedBlockTransactionScanner
2019-08-30 23:40:37,612 [SCMBlockDeletingService#1] DEBUG block.SCMBlockDeletingService (SCMBlockDeletingService.java:call(155)) - Scanned deleted blocks log and got 0 delTX to process.
2019-08-30 23:40:38,122 [SCMBlockDeletingService#1] DEBUG block.SCMBlockDeletingService (SCMBlockDeletingService.java:call(138)) - Running DeletedBlockTransactionScanner
2019-08-30 23:40:38,122 [SCMBlockDeletingService#1] DEBUG block.SCMBlockDeletingService (SCMBlockDeletingService.java:call(155)) - Scanned deleted blocks log and got 0 delTX to process.
2019-08-30 23:40:38,137 [grpc-default-executor-0] INFO  client.GrpcClientProtocolClient (GrpcClientProtocolClient.java:onNext(255)) - client-D5BE96C883BA->c9f1298e-d840-49d8-aac3-de81602aa1d5: receive RaftClientReply:client-D5BE96C883BA->c9f1298e-d840-49d8-aac3-de81602aa1d5@group-E9810A644481, cid=3315, SUCCESS, logIndex=4559, commits[c9f1298e-d840-49d8-aac3-de81602aa1d5:c4560]
2019-08-30 23:40:38,138 [grpc-default-executor-0] INFO  client.GrpcClientProtocolClient (GrpcClientProtocolClient.java:onNext(255)) - client-D5BE96C883BA->c9f1298e-d840-49d8-aac3-de81602aa1d5: receive RaftClientReply:client-D5BE96C883BA->c9f1298e-d840-49d8-aac3-de81602aa1d5@group-E9810A644481, cid=3316, SUCCESS, logIndex=4560, commits[c9f1298e-d840-49d8-aac3-de81602aa1d5:c4560]
2019-08-30 23:40:38,152 [grpc-default-executor-1] INFO  client.GrpcClientProtocolClient (GrpcClientProtocolClient.java:onNext(255)) - client-D5BE96C883BA->c9f1298e-d840-49d8-aac3-de81602aa1d5: receive RaftClientReply:client-D5BE96C883BA->c9f1298e-d840-49d8-aac3-de81602aa1d5@group-E9810A644481, cid=3317, SUCCESS, logIndex=4562, commits[c9f1298e-d840-49d8-aac3-de81602aa1d5:c4565]
2019-08-30 23:40:38,153 [grpc-default-executor-1] INFO  client.GrpcClientProtocolClient (GrpcClientProtocolClient.java:onNext(255)) - client-D5BE96C883BA->c9f1298e-d840-49d8-aac3-de81602aa1d5: receive RaftClientReply:client-D5BE96C883BA->c9f1298e-d840-49d8-aac3-de81602aa1d5@group-E9810A644481, cid=3318, SUCCESS, logIndex=4563, commits[c9f1298e-d840-49d8-aac3-de81602aa1d5:c4565]
2019-08-30 23:40:38,153 [grpc-default-executor-1] INFO  client.GrpcClientProtocolClient (GrpcClientProtocolClient.java:onNext(255)) - client-D5BE96C883BA->c9f1298e-d840-49d8-aac3-de81602aa1d5: receive RaftClientReply:client-D5BE96C883BA->c9f1298e-d840-49d8-aac3-de81602aa1d5@group-E9810A644481, cid=3319, SUCCESS, logIndex=4564, commits[c9f1298e-d840-49d8-aac3-de81602aa1d5:c4565]
2019-08-30 23:40:38,153 [grpc-default-executor-1] INFO  client.GrpcClientProtocolClient (GrpcClientProtocolClient.java:onNext(255)) - client-D5BE96C883BA->c9f1298e-d840-49d8-aac3-de81602aa1d5: receive RaftClientReply:client-D5BE96C883BA->c9f1298e-d840-49d8-aac3-de81602aa1d5@group-E9810A644481, cid=3320, SUCCESS, logIndex=4565, commits[c9f1298e-d840-49d8-aac3-de81602aa1d5:c4565]
2019-08-30 23:40:38,177 [grpc-default-executor-1] INFO  client.GrpcClientProtocolClient (GrpcClientProtocolClient.java:onNext(255)) - client-D5BE96C883BA->c9f1298e-d840-49d8-aac3-de81602aa1d5: receive RaftClientReply:client-D5BE96C883BA->c9f1298e-d840-49d8-aac3-de81602aa1d5@group-E9810A644481, cid=3321, SUCCESS, logIndex=4567, commits[c9f1298e-d840-49d8-aac3-de81602aa1d5:c4570]
2019-08-30 23:40:38,177 [grpc-default-executor-1] INFO  client.GrpcClientProtocolClient (GrpcClientProtocolClient.java:onNext(255)) - client-D5BE96C883BA->c9f1298e-d840-49d8-aac3-de81602aa1d5: receive RaftClientReply:client-D5BE96C883BA->c9f1298e-d840-49d8-aac3-de81602aa1d5@group-E9810A644481, cid=3322, SUCCESS, logIndex=4568, commits[c9f1298e-d840-49d8-aac3-de81602aa1d5:c4570]
2019-08-30 23:40:38,178 [grpc-default-executor-1] INFO  client.GrpcClientProtocolClient (GrpcClientProtocolClient.java:onNext(255)) - client-D5BE96C883BA->c9f1298e-d840-49d8-aac3-de81602aa1d5: receive RaftClientReply:client-D5BE96C883BA->c9f1298e-d840-49d8-aac3-de81602aa1d5@group-E9810A644481, cid=3323, SUCCESS, logIndex=4569, commits[c9f1298e-d840-49d8-aac3-de81602aa1d5:c4570]
2019-08-30 23:40:38,178 [grpc-default-executor-1] INFO  client.GrpcClientProtocolClient (GrpcClientProtocolClient.java:onNext(255)) - client-D5BE96C883BA->c9f1298e-d840-49d8-aac3-de81602aa1d5: receive RaftClientReply:client-D5BE96C883BA->c9f1298e-d840-49d8-aac3-de81602aa1d5@group-E9810A644481, cid=3324, SUCCESS, logIndex=4570, commits[c9f1298e-d840-49d8-aac3-de81602aa1d5:c4571]
2019-08-30 23:40:38,190 [grpc-default-executor-1] INFO  client.GrpcClientProtocolClient (GrpcClientProtocolClient.java:onNext(255)) - client-D5BE96C883BA->c9f1298e-d840-49d8-aac3-de81602aa1d5: receive RaftClientReply:client-D5BE96C883BA->c9f1298e-d840-49d8-aac3-de81602aa1d5@group-E9810A644481, cid=3325, SUCCESS, logIndex=4572, commits[c9f1298e-d840-49d8-aac3-de81602aa1d5:c4573]
2019-08-30 23:40:38,190 [grpc-default-executor-1] INFO  client.GrpcClientProtocolClient (GrpcClientProtocolClient.java:onNext(255)) - client-D5BE96C883BA->c9f1298e-d840-49d8-aac3-de81602aa1d5: receive RaftClientReply:client-D5BE96C883BA->c9f1298e-d840-49d8-aac3-de81602aa1d5@group-E9810A644481, cid=3326, SUCCESS, logIndex=4573, commits[c9f1298e-d840-49d8-aac3-de81602aa1d5:c4573]
2019-08-30 23:40:38,196 [grpc-default-executor-1] INFO  client.GrpcClientProtocolClient (GrpcClientProtocolClient.java:onNext(255)) - client-D5BE96C883BA->c9f1298e-d840-49d8-aac3-de81602aa1d5: receive RaftClientReply:client-D5BE96C883BA->c9f1298e-d840-49d8-aac3-de81602aa1d5@group-E9810A644481, cid=3327, SUCCESS, logIndex=4574, commits[c9f1298e-d840-49d8-aac3-de81602aa1d5:c4575]
2019-08-30 23:40:38,196 [grpc-default-executor-1] INFO  client.GrpcClientProtocolClient (GrpcClientProtocolClient.java:onNext(255)) - client-D5BE96C883BA->c9f1298e-d840-49d8-aac3-de81602aa1d5: receive RaftClientReply:client-D5BE96C883BA->c9f1298e-d840-49d8-aac3-de81602aa1d5@group-E9810A644481, cid=3328, SUCCESS, logIndex=4575, commits[c9f1298e-d840-49d8-aac3-de81602aa1d5:c4575]
2019-08-30 23:40:38,222 [grpc-default-executor-1] INFO  client.GrpcClientProtocolClient (GrpcClientProtocolClient.java:onNext(255)) - client-D5BE96C883BA->c9f1298e-d840-49d8-aac3-de81602aa1d5: receive RaftClientReply:client-D5BE96C883BA->c9f1298e-d840-49d8-aac3-de81602aa1d5@group-E9810A644481, cid=3329, SUCCESS, logIndex=4578, commits[c9f1298e-d840-49d8-aac3-de81602aa1d5:c4581]
2019-08-30 23:40:38,222 [SCMBlockDeletingService#1] DEBUG block.SCMBlockDeletingService (SCMBlockDeletingService.java:call(138)) - Running DeletedBlockTransactionScanner
2019-08-30 23:40:38,223 [SCMBlockDeletingService#1] DEBUG block.SCMBlockDeletingService (SCMBlockDeletingService.java:call(155)) - Scanned deleted blocks log and got 0 delTX to process.
2019-08-30 23:40:38,223 [grpc-default-executor-1] INFO  client.GrpcClientProtocolClient (GrpcClientProtocolClient.java:onNext(255)) - client-D5BE96C883BA->c9f1298e-d840-49d8-aac3-de81602aa1d5: receive RaftClientReply:client-D5BE96C883BA->c9f1298e-d840-49d8-aac3-de81602aa1d5@group-E9810A644481, cid=3330, SUCCESS, logIndex=4579, commits[c9f1298e-d840-49d8-aac3-de81602aa1d5:c4581]
2019-08-30 23:40:38,223 [grpc-default-executor-1] INFO  client.GrpcClientProtocolClient (GrpcClientProtocolClient.java:onNext(255)) - client-D5BE96C883BA->c9f1298e-d840-49d8-aac3-de81602aa1d5: receive RaftClientReply:client-D5BE96C883BA->c9f1298e-d840-49d8-aac3-de81602aa1d5@group-E9810A644481, cid=3331, SUCCESS, logIndex=4580, commits[c9f1298e-d840-49d8-aac3-de81602aa1d5:c4581]
2019-08-30 23:40:38,223 [grpc-default-executor-1] INFO  client.GrpcClientProtocolClient (GrpcClientProtocolClient.java:onNext(255)) - client-D5BE96C883BA->c9f1298e-d840-49d8-aac3-de81602aa1d5: receive RaftClientReply:client-D5BE96C883BA->c9f1298e-d840-49d8-aac3-de81602aa1d5@group-E9810A644481, cid=3332, SUCCESS, logIndex=4581, commits[c9f1298e-d840-49d8-aac3-de81602aa1d5:c4581]
2019-08-30 23:40:38,240 [grpc-default-executor-1] INFO  client.GrpcClientProtocolClient (GrpcClientProtocolClient.java:onNext(255)) - client-D5BE96C883BA->c9f1298e-d840-49d8-aac3-de81602aa1d5: receive RaftClientReply:client-D5BE96C883BA->c9f1298e-d840-49d8-aac3-de81602aa1d5@group-E9810A644481, cid=3333, SUCCESS, logIndex=4583, commits[c9f1298e-d840-49d8-aac3-de81602aa1d5:c4586]
2019-08-30 23:40:38,240 [grpc-default-executor-1] INFO  client.GrpcClientProtocolClient (GrpcClientProtocolClient.java:onNext(255)) - client-D5BE96C883BA->c9f1298e-d840-49d8-aac3-de81602aa1d5: receive RaftClientReply:client-D5BE96C883BA->c9f1298e-d840-49d8-aac3-de81602aa1d5@group-E9810A644481, cid=3334, SUCCESS, logIndex=4584, commits[c9f1298e-d840-49d8-aac3-de81602aa1d5:c4586]
2019-08-30 23:40:38,241 [grpc-default-executor-1] INFO  client.GrpcClientProtocolClient (GrpcClientProtocolClient.java:onNext(255)) - client-D5BE96C883BA->c9f1298e-d840-49d8-aac3-de81602aa1d5: receive RaftClientReply:client-D5BE96C883BA->c9f1298e-d840-49d8-aac3-de81602aa1d5@group-E9810A644481, cid=3335, SUCCESS, logIndex=4585, commits[c9f1298e-d840-49d8-aac3-de81602aa1d5:c4586]
2019-08-30 23:40:38,241 [grpc-default-executor-1] INFO  client.GrpcClientProtocolClient (GrpcClientProtocolClient.java:onNext(255)) - client-D5BE96C883BA->c9f1298e-d840-49d8-aac3-de81602aa1d5: receive RaftClientReply:client-D5BE96C883BA->c9f1298e-d840-49d8-aac3-de81602aa1d5@group-E9810A644481, cid=3336, SUCCESS, logIndex=4586, commits[c9f1298e-d840-49d8-aac3-de81602aa1d5:c4586]
2019-08-30 23:40:38,275 [grpc-default-executor-1] INFO  client.GrpcClientProtocolClient (GrpcClientProtocolClient.java:onNext(255)) - client-D5BE96C883BA->c9f1298e-d840-49d8-aac3-de81602aa1d5: receive RaftClientReply:client-D5BE96C883BA->c9f1298e-d840-49d8-aac3-de81602aa1d5@group-E9810A644481, cid=3337, SUCCESS, logIndex=4588, commits[c9f1298e-d840-49d8-aac3-de81602aa1d5:c4591]
2019-08-30 23:40:38,276 [grpc-default-executor-1] INFO  client.GrpcClientProtocolClient (GrpcClientProtocolClient.java:onNext(255)) - client-D5BE96C883BA->c9f1298e-d840-49d8-aac3-de81602aa1d5: receive RaftClientReply:client-D5BE96C883BA->c9f1298e-d840-49d8-aac3-de81602aa1d5@group-E9810A644481, cid=3338, SUCCESS, logIndex=4589, commits[c9f1298e-d840-49d8-aac3-de81602aa1d5:c4591]
2019-08-30 23:40:38,276 [grpc-default-executor-1] INFO  client.GrpcClientProtocolClient (GrpcClientProtocolClient.java:onNext(255)) - client-D5BE96C883BA->c9f1298e-d840-49d8-aac3-de81602aa1d5: receive RaftClientReply:client-D5BE96C883BA->c9f1298e-d840-49d8-aac3-de81602aa1d5@group-E9810A644481, cid=3339, SUCCESS, logIndex=4590, commits[c9f1298e-d840-49d8-aac3-de81602aa1d5:c4591]
2019-08-30 23:40:38,276 [grpc-default-executor-1] INFO  client.GrpcClientProtocolClient (GrpcClientProtocolClient.java:onNext(255)) - client-D5BE96C883BA->c9f1298e-d840-49d8-aac3-de81602aa1d5: receive RaftClientReply:client-D5BE96C883BA->c9f1298e-d840-49d8-aac3-de81602aa1d5@group-E9810A644481, cid=3340, SUCCESS, logIndex=4591, commits[c9f1298e-d840-49d8-aac3-de81602aa1d5:c4591]
2019-08-30 23:40:38,289 [grpc-default-executor-0] INFO  client.GrpcClientProtocolClient (GrpcClientProtocolClient.java:onNext(255)) - client-D5BE96C883BA->c9f1298e-d840-49d8-aac3-de81602aa1d5: receive RaftClientReply:client-D5BE96C883BA->c9f1298e-d840-49d8-aac3-de81602aa1d5@group-E9810A644481, cid=3341, SUCCESS, logIndex=4593, commits[c9f1298e-d840-49d8-aac3-de81602aa1d5:c4596]
2019-08-30 23:40:38,290 [grpc-default-executor-0] INFO  client.GrpcClientProtocolClient (GrpcClientProtocolClient.java:onNext(255)) - client-D5BE96C883BA->c9f1298e-d840-49d8-aac3-de81602aa1d5: receive RaftClientReply:client-D5BE96C883BA->c9f1298e-d840-49d8-aac3-de81602aa1d5@group-E9810A644481, cid=3342, SUCCESS, logIndex=4594, commits[c9f1298e-d840-49d8-aac3-de81602aa1d5:c4596]
2019-08-30 23:40:38,290 [grpc-default-executor-0] INFO  client.GrpcClientProtocolClient (GrpcClientProtocolClient.java:onNext(255)) - client-D5BE96C883BA->c9f1298e-d840-49d8-aac3-de81602aa1d5: receive RaftClientReply:client-D5BE96C883BA->c9f1298e-d840-49d8-aac3-de81602aa1d5@group-E9810A644481, cid=3343, SUCCESS, logIndex=4595, commits[c9f1298e-d840-49d8-aac3-de81602aa1d5:c4596]
2019-08-30 23:40:38,290 [grpc-default-executor-0] INFO  client.GrpcClientProtocolClient (GrpcClientProtocolClient.java:onNext(255)) - client-D5BE96C883BA->c9f1298e-d840-49d8-aac3-de81602aa1d5: receive RaftClientReply:client-D5BE96C883BA->c9f1298e-d840-49d8-aac3-de81602aa1d5@group-E9810A644481, cid=3344, SUCCESS, logIndex=4596, commits[c9f1298e-d840-49d8-aac3-de81602aa1d5:c4596]
2019-08-30 23:40:38,309 [grpc-default-executor-1] INFO  client.GrpcClientProtocolClient (GrpcClientProtocolClient.java:onNext(255)) - client-D5BE96C883BA->c9f1298e-d840-49d8-aac3-de81602aa1d5: receive RaftClientReply:client-D5BE96C883BA->c9f1298e-d840-49d8-aac3-de81602aa1d5@group-E9810A644481, cid=3345, SUCCESS, logIndex=4598, commits[c9f1298e-d840-49d8-aac3-de81602aa1d5:c4599]
2019-08-30 23:40:38,309 [grpc-default-executor-1] INFO  client.GrpcClientProtocolClient (GrpcClientProtocolClient.java:onNext(255)) - client-D5BE96C883BA->c9f1298e-d840-49d8-aac3-de81602aa1d5: receive RaftClientReply:client-D5BE96C883BA->c9f1298e-d840-49d8-aac3-de81602aa1d5@group-E9810A644481, cid=3346, SUCCESS, logIndex=4599, commits[c9f1298e-d840-49d8-aac3-de81602aa1d5:c4599]
2019-08-30 23:40:38,316 [grpc-default-executor-1] INFO  client.GrpcClientProtocolClient (GrpcClientProtocolClient.java:onNext(255)) - client-D5BE96C883BA->c9f1298e-d840-49d8-aac3-de81602aa1d5: receive RaftClientReply:client-D5BE96C883BA->c9f1298e-d840-49d8-aac3-de81602aa1d5@group-E9810A644481, cid=3347, SUCCESS, logIndex=4600, commits[c9f1298e-d840-49d8-aac3-de81602aa1d5:c4601]
2019-08-30 23:40:38,316 [grpc-default-executor-1] INFO  client.GrpcClientProtocolClient (GrpcClientProtocolClient.java:onNext(255)) - client-D5BE96C883BA->c9f1298e-d840-49d8-aac3-de81602aa1d5: receive RaftClientReply:client-D5BE96C883BA->c9f1298e-d840-49d8-aac3-de81602aa1d5@group-E9810A644481, cid=3348, SUCCESS, logIndex=4601, commits[c9f1298e-d840-49d8-aac3-de81602aa1d5:c4601]
2019-08-30 23:40:38,323 [SCMBlockDeletingService#1] DEBUG block.SCMBlockDeletingService (SCMBlockDeletingService.java:call(138)) - Running DeletedBlockTransactionScanner
2019-08-30 23:40:38,323 [SCMBlockDeletingService#1] DEBUG block.SCMBlockDeletingService (SCMBlockDeletingService.java:call(155)) - Scanned deleted blocks log and got 0 delTX to process.
2019-08-30 23:40:38,327 [grpc-default-executor-0] INFO  client.GrpcClientProtocolClient (GrpcClientProtocolClient.java:onNext(255)) - client-D5BE96C883BA->c9f1298e-d840-49d8-aac3-de81602aa1d5: receive RaftClientReply:client-D5BE96C883BA->c9f1298e-d840-49d8-aac3-de81602aa1d5@group-E9810A644481, cid=3349, SUCCESS, logIndex=4604, commits[c9f1298e-d840-49d8-aac3-de81602aa1d5:c4605]
2019-08-30 23:40:38,327 [grpc-default-executor-0] INFO  client.GrpcClientProtocolClient (GrpcClientProtocolClient.java:onNext(255)) - client-D5BE96C883BA->c9f1298e-d840-49d8-aac3-de81602aa1d5: receive RaftClientReply:client-D5BE96C883BA->c9f1298e-d840-49d8-aac3-de81602aa1d5@group-E9810A644481, cid=3350, SUCCESS, logIndex=4605, commits[c9f1298e-d840-49d8-aac3-de81602aa1d5:c4605]
2019-08-30 23:40:38,339 [grpc-default-executor-0] INFO  client.GrpcClientProtocolClient (GrpcClientProtocolClient.java:onNext(255)) - client-D5BE96C883BA->c9f1298e-d840-49d8-aac3-de81602aa1d5: receive RaftClientReply:client-D5BE96C883BA->c9f1298e-d840-49d8-aac3-de81602aa1d5@group-E9810A644481, cid=3351, SUCCESS, logIndex=4606, commits[c9f1298e-d840-49d8-aac3-de81602aa1d5:c4607]
2019-08-30 23:40:38,340 [grpc-default-executor-0] INFO  client.GrpcClientProtocolClient (GrpcClientProtocolClient.java:onNext(255)) - client-D5BE96C883BA->c9f1298e-d840-49d8-aac3-de81602aa1d5: receive RaftClientReply:client-D5BE96C883BA->c9f1298e-d840-49d8-aac3-de81602aa1d5@group-E9810A644481, cid=3352, SUCCESS, logIndex=4607, commits[c9f1298e-d840-49d8-aac3-de81602aa1d5:c4607]
2019-08-30 23:40:38,393 [grpc-default-executor-0] INFO  client.GrpcClientProtocolClient (GrpcClientProtocolClient.java:onNext(255)) - client-D5BE96C883BA->c9f1298e-d840-49d8-aac3-de81602aa1d5: receive RaftClientReply:client-D5BE96C883BA->c9f1298e-d840-49d8-aac3-de81602aa1d5@group-E9810A644481, cid=3353, SUCCESS, logIndex=4610, commits[c9f1298e-d840-49d8-aac3-de81602aa1d5:c4611]
2019-08-30 23:40:38,394 [grpc-default-executor-0] INFO  client.GrpcClientProtocolClient (GrpcClientProtocolClient.java:onNext(255)) - client-D5BE96C883BA->c9f1298e-d840-49d8-aac3-de81602aa1d5: receive RaftClientReply:client-D5BE96C883BA->c9f1298e-d840-49d8-aac3-de81602aa1d5@group-E9810A644481, cid=3354, SUCCESS, logIndex=4611, commits[c9f1298e-d840-49d8-aac3-de81602aa1d5:c4611]
2019-08-30 23:40:38,404 [grpc-default-executor-0] INFO  client.GrpcClientProtocolClient (GrpcClientProtocolClient.java:onNext(255)) - client-D5BE96C883BA->c9f1298e-d840-49d8-aac3-de81602aa1d5: receive RaftClientReply:client-D5BE96C883BA->c9f1298e-d840-49d8-aac3-de81602aa1d5@group-E9810A644481, cid=3355, SUCCESS, logIndex=4612, commits[c9f1298e-d840-49d8-aac3-de81602aa1d5:c4613]
2019-08-30 23:40:38,404 [grpc-default-executor-0] INFO  client.GrpcClientProtocolClient (GrpcClientProtocolClient.java:onNext(255)) - client-D5BE96C883BA->c9f1298e-d840-49d8-aac3-de81602aa1d5: receive RaftClientReply:client-D5BE96C883BA->c9f1298e-d840-49d8-aac3-de81602aa1d5@group-E9810A644481, cid=3356, SUCCESS, logIndex=4613, commits[c9f1298e-d840-49d8-aac3-de81602aa1d5:c4613]
2019-08-30 23:40:38,420 [grpc-default-executor-0] INFO  client.GrpcClientProtocolClient (GrpcClientProtocolClient.java:onNext(255)) - client-D5BE96C883BA->c9f1298e-d840-49d8-aac3-de81602aa1d5: receive RaftClientReply:client-D5BE96C883BA->c9f1298e-d840-49d8-aac3-de81602aa1d5@group-E9810A644481, cid=3357, SUCCESS, logIndex=4616, commits[c9f1298e-d840-49d8-aac3-de81602aa1d5:c4617]
2019-08-30 23:40:38,421 [grpc-default-executor-0] INFO  client.GrpcClientProtocolClient (GrpcClientProtocolClient.java:onNext(255)) - client-D5BE96C883BA->c9f1298e-d840-49d8-aac3-de81602aa1d5: receive RaftClientReply:client-D5BE96C883BA->c9f1298e-d840-49d8-aac3-de81602aa1d5@group-E9810A644481, cid=3358, SUCCESS, logIndex=4617, commits[c9f1298e-d840-49d8-aac3-de81602aa1d5:c4617]
2019-08-30 23:40:38,423 [SCMBlockDeletingService#1] DEBUG block.SCMBlockDeletingService (SCMBlockDeletingService.java:call(138)) - Running DeletedBlockTransactionScanner
2019-08-30 23:40:38,424 [SCMBlockDeletingService#1] DEBUG block.SCMBlockDeletingService (SCMBlockDeletingService.java:call(155)) - Scanned deleted blocks log and got 0 delTX to process.
2019-08-30 23:40:38,524 [SCMBlockDeletingService#1] DEBUG block.SCMBlockDeletingService (SCMBlockDeletingService.java:call(138)) - Running DeletedBlockTransactionScanner
2019-08-30 23:40:38,524 [SCMBlockDeletingService#1] DEBUG block.SCMBlockDeletingService (SCMBlockDeletingService.java:call(155)) - Scanned deleted blocks log and got 0 delTX to process.
2019-08-30 23:40:38,528 [grpc-default-executor-1] INFO  client.GrpcClientProtocolClient (GrpcClientProtocolClient.java:onNext(255)) - client-D5BE96C883BA->c9f1298e-d840-49d8-aac3-de81602aa1d5: receive RaftClientReply:client-D5BE96C883BA->c9f1298e-d840-49d8-aac3-de81602aa1d5@group-E9810A644481, cid=3359, SUCCESS, logIndex=4619, commits[c9f1298e-d840-49d8-aac3-de81602aa1d5:c4620]
2019-08-30 23:40:38,528 [grpc-default-executor-1] INFO  client.GrpcClientProtocolClient (GrpcClientProtocolClient.java:onNext(255)) - client-D5BE96C883BA->c9f1298e-d840-49d8-aac3-de81602aa1d5: receive RaftClientReply:client-D5BE96C883BA->c9f1298e-d840-49d8-aac3-de81602aa1d5@group-E9810A644481, cid=3360, SUCCESS, logIndex=4620, commits[c9f1298e-d840-49d8-aac3-de81602aa1d5:c4620]
2019-08-30 23:40:38,584 [grpc-default-executor-0] INFO  client.GrpcClientProtocolClient (GrpcClientProtocolClient.java:onNext(255)) - client-D5BE96C883BA->c9f1298e-d840-49d8-aac3-de81602aa1d5: receive RaftClientReply:client-D5BE96C883BA->c9f1298e-d840-49d8-aac3-de81602aa1d5@group-E9810A644481, cid=3361, SUCCESS, logIndex=4622, commits[c9f1298e-d840-49d8-aac3-de81602aa1d5:c4625]
2019-08-30 23:40:38,585 [grpc-default-executor-0] INFO  client.GrpcClientProtocolClient (GrpcClientProtocolClient.java:onNext(255)) - client-D5BE96C883BA->c9f1298e-d840-49d8-aac3-de81602aa1d5: receive RaftClientReply:client-D5BE96C883BA->c9f1298e-d840-49d8-aac3-de81602aa1d5@group-E9810A644481, cid=3362, SUCCESS, logIndex=4623, commits[c9f1298e-d840-49d8-aac3-de81602aa1d5:c4625]
2019-08-30 23:40:38,585 [grpc-default-executor-0] INFO  client.GrpcClientProtocolClient (GrpcClientProtocolClient.java:onNext(255)) - client-D5BE96C883BA->c9f1298e-d840-49d8-aac3-de81602aa1d5: receive RaftClientReply:client-D5BE96C883BA->c9f1298e-d840-49d8-aac3-de81602aa1d5@group-E9810A644481, cid=3363, SUCCESS, logIndex=4624, commits[c9f1298e-d840-49d8-aac3-de81602aa1d5:c4625]
2019-08-30 23:40:38,586 [grpc-default-executor-0] INFO  client.GrpcClientProtocolClient (GrpcClientProtocolClient.java:onNext(255)) - client-D5BE96C883BA->c9f1298e-d840-49d8-aac3-de81602aa1d5: receive RaftClientReply:client-D5BE96C883BA->c9f1298e-d840-49d8-aac3-de81602aa1d5@group-E9810A644481, cid=3364, SUCCESS, logIndex=4625, commits[c9f1298e-d840-49d8-aac3-de81602aa1d5:c4625]
2019-08-30 23:40:38,607 [grpc-default-executor-0] INFO  client.GrpcClientProtocolClient (GrpcClientProtocolClient.java:onNext(255)) - client-D5BE96C883BA->c9f1298e-d840-49d8-aac3-de81602aa1d5: receive RaftClientReply:client-D5BE96C883BA->c9f1298e-d840-49d8-aac3-de81602aa1d5@group-E9810A644481, cid=3365, SUCCESS, logIndex=4627, commits[c9f1298e-d840-49d8-aac3-de81602aa1d5:c4628]
2019-08-30 23:40:38,608 [grpc-default-executor-0] INFO  client.GrpcClientProtocolClient (GrpcClientProtocolClient.java:onNext(255)) - client-D5BE96C883BA->c9f1298e-d840-49d8-aac3-de81602aa1d5: receive RaftClientReply:client-D5BE96C883BA->c9f1298e-d840-49d8-aac3-de81602aa1d5@group-E9810A644481, cid=3366, SUCCESS, logIndex=4628, commits[c9f1298e-d840-49d8-aac3-de81602aa1d5:c4628]
2019-08-30 23:40:38,613 [grpc-default-executor-0] INFO  client.GrpcClientProtocolClient (GrpcClientProtocolClient.java:onNext(255)) - client-D5BE96C883BA->c9f1298e-d840-49d8-aac3-de81602aa1d5: receive RaftClientReply:client-D5BE96C883BA->c9f1298e-d840-49d8-aac3-de81602aa1d5@group-E9810A644481, cid=3367, SUCCESS, logIndex=4629, commits[c9f1298e-d840-49d8-aac3-de81602aa1d5:c4630]
2019-08-30 23:40:38,614 [grpc-default-executor-0] INFO  client.GrpcClientProtocolClient (GrpcClientProtocolClient.java:onNext(255)) - client-D5BE96C883BA->c9f1298e-d840-49d8-aac3-de81602aa1d5: receive RaftClientReply:client-D5BE96C883BA->c9f1298e-d840-49d8-aac3-de81602aa1d5@group-E9810A644481, cid=3368, SUCCESS, logIndex=4630, commits[c9f1298e-d840-49d8-aac3-de81602aa1d5:c4630]
2019-08-30 23:40:38,625 [SCMBlockDeletingService#1] DEBUG block.SCMBlockDeletingService (SCMBlockDeletingService.java:call(138)) - Running DeletedBlockTransactionScanner
2019-08-30 23:40:38,625 [SCMBlockDeletingService#1] DEBUG block.SCMBlockDeletingService (SCMBlockDeletingService.java:call(155)) - Scanned deleted blocks log and got 0 delTX to process.
2019-08-30 23:40:38,642 [grpc-default-executor-0] INFO  client.GrpcClientProtocolClient (GrpcClientProtocolClient.java:onNext(255)) - client-D5BE96C883BA->c9f1298e-d840-49d8-aac3-de81602aa1d5: receive RaftClientReply:client-D5BE96C883BA->c9f1298e-d840-49d8-aac3-de81602aa1d5@group-E9810A644481, cid=3369, SUCCESS, logIndex=4633, commits[c9f1298e-d840-49d8-aac3-de81602aa1d5:c4634]
2019-08-30 23:40:38,643 [grpc-default-executor-0] INFO  client.GrpcClientProtocolClient (GrpcClientProtocolClient.java:onNext(255)) - client-D5BE96C883BA->c9f1298e-d840-49d8-aac3-de81602aa1d5: receive RaftClientReply:client-D5BE96C883BA->c9f1298e-d840-49d8-aac3-de81602aa1d5@group-E9810A644481, cid=3370, SUCCESS, logIndex=4634, commits[c9f1298e-d840-49d8-aac3-de81602aa1d5:c4634]
2019-08-30 23:40:38,649 [grpc-default-executor-0] INFO  client.GrpcClientProtocolClient (GrpcClientProtocolClient.java:onNext(255)) - client-D5BE96C883BA->c9f1298e-d840-49d8-aac3-de81602aa1d5: receive RaftClientReply:client-D5BE96C883BA->c9f1298e-d840-49d8-aac3-de81602aa1d5@group-E9810A644481, cid=3371, SUCCESS, logIndex=4635, commits[c9f1298e-d840-49d8-aac3-de81602aa1d5:c4636]
2019-08-30 23:40:38,650 [grpc-default-executor-0] INFO  client.GrpcClientProtocolClient (GrpcClientProtocolClient.java:onNext(255)) - client-D5BE96C883BA->c9f1298e-d840-49d8-aac3-de81602aa1d5: receive RaftClientReply:client-D5BE96C883BA->c9f1298e-d840-49d8-aac3-de81602aa1d5@group-E9810A644481, cid=3372, SUCCESS, logIndex=4636, commits[c9f1298e-d840-49d8-aac3-de81602aa1d5:c4636]
2019-08-30 23:40:38,672 [grpc-default-executor-0] INFO  client.GrpcClientProtocolClient (GrpcClientProtocolClient.java:onNext(255)) - client-D5BE96C883BA->c9f1298e-d840-49d8-aac3-de81602aa1d5: receive RaftClientReply:client-D5BE96C883BA->c9f1298e-d840-49d8-aac3-de81602aa1d5@group-E9810A644481, cid=3373, SUCCESS, logIndex=4639, commits[c9f1298e-d840-49d8-aac3-de81602aa1d5:c4642]
2019-08-30 23:40:38,673 [grpc-default-executor-0] INFO  client.GrpcClientProtocolClient (GrpcClientProtocolClient.java:onNext(255)) - client-D5BE96C883BA->c9f1298e-d840-49d8-aac3-de81602aa1d5: receive RaftClientReply:client-D5BE96C883BA->c9f1298e-d840-49d8-aac3-de81602aa1d5@group-E9810A644481, cid=3374, SUCCESS, logIndex=4640, commits[c9f1298e-d840-49d8-aac3-de81602aa1d5:c4642]
2019-08-30 23:40:38,673 [grpc-default-executor-0] INFO  client.GrpcClientProtocolClient (GrpcClientProtocolClient.java:onNext(255)) - client-D5BE96C883BA->c9f1298e-d840-49d8-aac3-de81602aa1d5: receive RaftClientReply:client-D5BE96C883BA->c9f1298e-d840-49d8-aac3-de81602aa1d5@group-E9810A644481, cid=3375, SUCCESS, logIndex=4641, commits[c9f1298e-d840-49d8-aac3-de81602aa1d5:c4642]
2019-08-30 23:40:38,674 [grpc-default-executor-0] INFO  client.GrpcClientProtocolClient (GrpcClientProtocolClient.java:onNext(255)) - client-D5BE96C883BA->c9f1298e-d840-49d8-aac3-de81602aa1d5: receive RaftClientReply:client-D5BE96C883BA->c9f1298e-d840-49d8-aac3-de81602aa1d5@group-E9810A644481, cid=3376, SUCCESS, logIndex=4642, commits[c9f1298e-d840-49d8-aac3-de81602aa1d5:c4642]
2019-08-30 23:40:38,711 [grpc-default-executor-1] INFO  client.GrpcClientProtocolClient (GrpcClientProtocolClient.java:onNext(255)) - client-D5BE96C883BA->c9f1298e-d840-49d8-aac3-de81602aa1d5: receive RaftClientReply:client-D5BE96C883BA->c9f1298e-d840-49d8-aac3-de81602aa1d5@group-E9810A644481, cid=3377, SUCCESS, logIndex=4644, commits[c9f1298e-d840-49d8-aac3-de81602aa1d5:c4645]
2019-08-30 23:40:38,711 [grpc-default-executor-1] INFO  client.GrpcClientProtocolClient (GrpcClientProtocolClient.java:onNext(255)) - client-D5BE96C883BA->c9f1298e-d840-49d8-aac3-de81602aa1d5: receive RaftClientReply:client-D5BE96C883BA->c9f1298e-d840-49d8-aac3-de81602aa1d5@group-E9810A644481, cid=3378, SUCCESS, logIndex=4645, commits[c9f1298e-d840-49d8-aac3-de81602aa1d5:c4645]
2019-08-30 23:40:38,720 [grpc-default-executor-1] INFO  client.GrpcClientProtocolClient (GrpcClientProtocolClient.java:onNext(255)) - client-D5BE96C883BA->c9f1298e-d840-49d8-aac3-de81602aa1d5: receive RaftClientReply:client-D5BE96C883BA->c9f1298e-d840-49d8-aac3-de81602aa1d5@group-E9810A644481, cid=3379, SUCCESS, logIndex=4646, commits[c9f1298e-d840-49d8-aac3-de81602aa1d5:c4647]
2019-08-30 23:40:38,720 [grpc-default-executor-1] INFO  client.GrpcClientProtocolClient (GrpcClientProtocolClient.java:onNext(255)) - client-D5BE96C883BA->c9f1298e-d840-49d8-aac3-de81602aa1d5: receive RaftClientReply:client-D5BE96C883BA->c9f1298e-d840-49d8-aac3-de81602aa1d5@group-E9810A644481, cid=3380, SUCCESS, logIndex=4647, commits[c9f1298e-d840-49d8-aac3-de81602aa1d5:c4647]
2019-08-30 23:40:38,725 [SCMBlockDeletingService#1] DEBUG block.SCMBlockDeletingService (SCMBlockDeletingService.java:call(138)) - Running DeletedBlockTransactionScanner
2019-08-30 23:40:38,725 [SCMBlockDeletingService#1] DEBUG block.SCMBlockDeletingService (SCMBlockDeletingService.java:call(155)) - Scanned deleted blocks log and got 0 delTX to process.
2019-08-30 23:40:38,738 [grpc-default-executor-0] INFO  client.GrpcClientProtocolClient (GrpcClientProtocolClient.java:onNext(255)) - client-D5BE96C883BA->c9f1298e-d840-49d8-aac3-de81602aa1d5: receive RaftClientReply:client-D5BE96C883BA->c9f1298e-d840-49d8-aac3-de81602aa1d5@group-E9810A644481, cid=3381, SUCCESS, logIndex=4650, commits[c9f1298e-d840-49d8-aac3-de81602aa1d5:c4651]
2019-08-30 23:40:38,738 [grpc-default-executor-0] INFO  client.GrpcClientProtocolClient (GrpcClientProtocolClient.java:onNext(255)) - client-D5BE96C883BA->c9f1298e-d840-49d8-aac3-de81602aa1d5: receive RaftClientReply:client-D5BE96C883BA->c9f1298e-d840-49d8-aac3-de81602aa1d5@group-E9810A644481, cid=3382, SUCCESS, logIndex=4651, commits[c9f1298e-d840-49d8-aac3-de81602aa1d5:c4651]
2019-08-30 23:40:38,741 [grpc-default-executor-0] INFO  client.GrpcClientProtocolClient (GrpcClientProtocolClient.java:onNext(255)) - client-D5BE96C883BA->c9f1298e-d840-49d8-aac3-de81602aa1d5: receive RaftClientReply:client-D5BE96C883BA->c9f1298e-d840-49d8-aac3-de81602aa1d5@group-E9810A644481, cid=3383, SUCCESS, logIndex=4652, commits[c9f1298e-d840-49d8-aac3-de81602aa1d5:c4653]
2019-08-30 23:40:38,742 [grpc-default-executor-0] INFO  client.GrpcClientProtocolClient (GrpcClientProtocolClient.java:onNext(255)) - client-D5BE96C883BA->c9f1298e-d840-49d8-aac3-de81602aa1d5: receive RaftClientReply:client-D5BE96C883BA->c9f1298e-d840-49d8-aac3-de81602aa1d5@group-E9810A644481, cid=3384, SUCCESS, logIndex=4653, commits[c9f1298e-d840-49d8-aac3-de81602aa1d5:c4653]
2019-08-30 23:40:38,773 [grpc-default-executor-0] INFO  client.GrpcClientProtocolClient (GrpcClientProtocolClient.java:onNext(255)) - client-D5BE96C883BA->c9f1298e-d840-49d8-aac3-de81602aa1d5: receive RaftClientReply:client-D5BE96C883BA->c9f1298e-d840-49d8-aac3-de81602aa1d5@group-E9810A644481, cid=3385, SUCCESS, logIndex=4656, commits[c9f1298e-d840-49d8-aac3-de81602aa1d5:c4657]
2019-08-30 23:40:38,774 [grpc-default-executor-0] INFO  client.GrpcClientProtocolClient (GrpcClientProtocolClient.java:onNext(255)) - client-D5BE96C883BA->c9f1298e-d840-49d8-aac3-de81602aa1d5: receive RaftClientReply:client-D5BE96C883BA->c9f1298e-d840-49d8-aac3-de81602aa1d5@group-E9810A644481, cid=3386, SUCCESS, logIndex=4657, commits[c9f1298e-d840-49d8-aac3-de81602aa1d5:c4657]
2019-08-30 23:40:38,779 [grpc-default-executor-0] INFO  client.GrpcClientProtocolClient (GrpcClientProtocolClient.java:onNext(255)) - client-D5BE96C883BA->c9f1298e-d840-49d8-aac3-de81602aa1d5: receive RaftClientReply:client-D5BE96C883BA->c9f1298e-d840-49d8-aac3-de81602aa1d5@group-E9810A644481, cid=3387, SUCCESS, logIndex=4658, commits[c9f1298e-d840-49d8-aac3-de81602aa1d5:c4659]
2019-08-30 23:40:38,779 [grpc-default-executor-0] INFO  client.GrpcClientProtocolClient (GrpcClientProtocolClient.java:onNext(255)) - client-D5BE96C883BA->c9f1298e-d840-49d8-aac3-de81602aa1d5: receive RaftClientReply:client-D5BE96C883BA->c9f1298e-d840-49d8-aac3-de81602aa1d5@group-E9810A644481, cid=3388, SUCCESS, logIndex=4659, commits[c9f1298e-d840-49d8-aac3-de81602aa1d5:c4659]
2019-08-30 23:40:38,794 [grpc-default-executor-1] INFO  client.GrpcClientProtocolClient (GrpcClientProtocolClient.java:onNext(255)) - client-D5BE96C883BA->c9f1298e-d840-49d8-aac3-de81602aa1d5: receive RaftClientReply:client-D5BE96C883BA->c9f1298e-d840-49d8-aac3-de81602aa1d5@group-E9810A644481, cid=3389, SUCCESS, logIndex=4662, commits[c9f1298e-d840-49d8-aac3-de81602aa1d5:c4663]
2019-08-30 23:40:38,794 [grpc-default-executor-1] INFO  client.GrpcClientProtocolClient (GrpcClientProtocolClient.java:onNext(255)) - client-D5BE96C883BA->c9f1298e-d840-49d8-aac3-de81602aa1d5: receive RaftClientReply:client-D5BE96C883BA->c9f1298e-d840-49d8-aac3-de81602aa1d5@group-E9810A644481, cid=3390, SUCCESS, logIndex=4663, commits[c9f1298e-d840-49d8-aac3-de81602aa1d5:c4663]
2019-08-30 23:40:38,806 [grpc-default-executor-1] INFO  client.GrpcClientProtocolClient (GrpcClientProtocolClient.java:onNext(255)) - client-D5BE96C883BA->c9f1298e-d840-49d8-aac3-de81602aa1d5: receive RaftClientReply:client-D5BE96C883BA->c9f1298e-d840-49d8-aac3-de81602aa1d5@group-E9810A644481, cid=3391, SUCCESS, logIndex=4664, commits[c9f1298e-d840-49d8-aac3-de81602aa1d5:c4665]
2019-08-30 23:40:38,806 [grpc-default-executor-1] INFO  client.GrpcClientProtocolClient (GrpcClientProtocolClient.java:onNext(255)) - client-D5BE96C883BA->c9f1298e-d840-49d8-aac3-de81602aa1d5: receive RaftClientReply:client-D5BE96C883BA->c9f1298e-d840-49d8-aac3-de81602aa1d5@group-E9810A644481, cid=3392, SUCCESS, logIndex=4665, commits[c9f1298e-d840-49d8-aac3-de81602aa1d5:c4665]
2019-08-30 23:40:38,826 [SCMBlockDeletingService#1] DEBUG block.SCMBlockDeletingService (SCMBlockDeletingService.java:call(138)) - Running DeletedBlockTransactionScanner
2019-08-30 23:40:38,826 [SCMBlockDeletingService#1] DEBUG block.SCMBlockDeletingService (SCMBlockDeletingService.java:call(155)) - Scanned deleted blocks log and got 0 delTX to process.
2019-08-30 23:40:38,836 [grpc-default-executor-1] INFO  client.GrpcClientProtocolClient (GrpcClientProtocolClient.java:onNext(255)) - client-D5BE96C883BA->c9f1298e-d840-49d8-aac3-de81602aa1d5: receive RaftClientReply:client-D5BE96C883BA->c9f1298e-d840-49d8-aac3-de81602aa1d5@group-E9810A644481, cid=3393, SUCCESS, logIndex=4668, commits[c9f1298e-d840-49d8-aac3-de81602aa1d5:c4669]
2019-08-30 23:40:38,836 [grpc-default-executor-1] INFO  client.GrpcClientProtocolClient (GrpcClientProtocolClient.java:onNext(255)) - client-D5BE96C883BA->c9f1298e-d840-49d8-aac3-de81602aa1d5: receive RaftClientReply:client-D5BE96C883BA->c9f1298e-d840-49d8-aac3-de81602aa1d5@group-E9810A644481, cid=3394, SUCCESS, logIndex=4669, commits[c9f1298e-d840-49d8-aac3-de81602aa1d5:c4669]
2019-08-30 23:40:38,838 [grpc-default-executor-1] INFO  client.GrpcClientProtocolClient (GrpcClientProtocolClient.java:onNext(255)) - client-D5BE96C883BA->c9f1298e-d840-49d8-aac3-de81602aa1d5: receive RaftClientReply:client-D5BE96C883BA->c9f1298e-d840-49d8-aac3-de81602aa1d5@group-E9810A644481, cid=3395, SUCCESS, logIndex=4670, commits[c9f1298e-d840-49d8-aac3-de81602aa1d5:c4671]
2019-08-30 23:40:38,838 [grpc-default-executor-1] INFO  client.GrpcClientProtocolClient (GrpcClientProtocolClient.java:onNext(255)) - client-D5BE96C883BA->c9f1298e-d840-49d8-aac3-de81602aa1d5: receive RaftClientReply:client-D5BE96C883BA->c9f1298e-d840-49d8-aac3-de81602aa1d5@group-E9810A644481, cid=3396, SUCCESS, logIndex=4671, commits[c9f1298e-d840-49d8-aac3-de81602aa1d5:c4671]
2019-08-30 23:40:38,852 [grpc-default-executor-0] INFO  client.GrpcClientProtocolClient (GrpcClientProtocolClient.java:onNext(255)) - client-D5BE96C883BA->c9f1298e-d840-49d8-aac3-de81602aa1d5: receive RaftClientReply:client-D5BE96C883BA->c9f1298e-d840-49d8-aac3-de81602aa1d5@group-E9810A644481, cid=3397, SUCCESS, logIndex=4674, commits[c9f1298e-d840-49d8-aac3-de81602aa1d5:c4675]
2019-08-30 23:40:38,853 [grpc-default-executor-0] INFO  client.GrpcClientProtocolClient (GrpcClientProtocolClient.java:onNext(255)) - client-D5BE96C883BA->c9f1298e-d840-49d8-aac3-de81602aa1d5: receive RaftClientReply:client-D5BE96C883BA->c9f1298e-d840-49d8-aac3-de81602aa1d5@group-E9810A644481, cid=3398, SUCCESS, logIndex=4675, commits[c9f1298e-d840-49d8-aac3-de81602aa1d5:c4675]
2019-08-30 23:40:38,861 [grpc-default-executor-0] INFO  client.GrpcClientProtocolClient (GrpcClientProtocolClient.java:onNext(255)) - client-D5BE96C883BA->c9f1298e-d840-49d8-aac3-de81602aa1d5: receive RaftClientReply:client-D5BE96C883BA->c9f1298e-d840-49d8-aac3-de81602aa1d5@group-E9810A644481, cid=3399, SUCCESS, logIndex=4676, commits[c9f1298e-d840-49d8-aac3-de81602aa1d5:c4677]
2019-08-30 23:40:38,862 [grpc-default-executor-0] INFO  client.GrpcClientProtocolClient (GrpcClientProtocolClient.java:onNext(255)) - client-D5BE96C883BA->c9f1298e-d840-49d8-aac3-de81602aa1d5: receive RaftClientReply:client-D5BE96C883BA->c9f1298e-d840-49d8-aac3-de81602aa1d5@group-E9810A644481, cid=3400, SUCCESS, logIndex=4677, commits[c9f1298e-d840-49d8-aac3-de81602aa1d5:c4677]
2019-08-30 23:40:38,926 [SCMBlockDeletingService#1] DEBUG block.SCMBlockDeletingService (SCMBlockDeletingService.java:call(138)) - Running DeletedBlockTransactionScanner
2019-08-30 23:40:38,927 [SCMBlockDeletingService#1] DEBUG block.SCMBlockDeletingService (SCMBlockDeletingService.java:call(155)) - Scanned deleted blocks log and got 0 delTX to process.
2019-08-30 23:40:39,002 [grpc-default-executor-1] INFO  client.GrpcClientProtocolClient (GrpcClientProtocolClient.java:onNext(255)) - client-D5BE96C883BA->c9f1298e-d840-49d8-aac3-de81602aa1d5: receive RaftClientReply:client-D5BE96C883BA->c9f1298e-d840-49d8-aac3-de81602aa1d5@group-E9810A644481, cid=3401, SUCCESS, logIndex=4680, commits[c9f1298e-d840-49d8-aac3-de81602aa1d5:c4681]
2019-08-30 23:40:39,003 [grpc-default-executor-1] INFO  client.GrpcClientProtocolClient (GrpcClientProtocolClient.java:onNext(255)) - client-D5BE96C883BA->c9f1298e-d840-49d8-aac3-de81602aa1d5: receive RaftClientReply:client-D5BE96C883BA->c9f1298e-d840-49d8-aac3-de81602aa1d5@group-E9810A644481, cid=3402, SUCCESS, logIndex=4681, commits[c9f1298e-d840-49d8-aac3-de81602aa1d5:c4681]
2019-08-30 23:40:39,027 [SCMBlockDeletingService#1] DEBUG block.SCMBlockDeletingService (SCMBlockDeletingService.java:call(138)) - Running DeletedBlockTransactionScanner
2019-08-30 23:40:39,027 [SCMBlockDeletingService#1] DEBUG block.SCMBlockDeletingService (SCMBlockDeletingService.java:call(155)) - Scanned deleted blocks log and got 0 delTX to process.
2019-08-30 23:40:39,128 [SCMBlockDeletingService#1] DEBUG block.SCMBlockDeletingService (SCMBlockDeletingService.java:call(138)) - Running DeletedBlockTransactionScanner
2019-08-30 23:40:39,128 [SCMBlockDeletingService#1] DEBUG block.SCMBlockDeletingService (SCMBlockDeletingService.java:call(155)) - Scanned deleted blocks log and got 0 delTX to process.
2019-08-30 23:40:39,228 [SCMBlockDeletingService#1] DEBUG block.SCMBlockDeletingService (SCMBlockDeletingService.java:call(138)) - Running DeletedBlockTransactionScanner
2019-08-30 23:40:39,229 [SCMBlockDeletingService#1] DEBUG block.SCMBlockDeletingService (SCMBlockDeletingService.java:call(155)) - Scanned deleted blocks log and got 0 delTX to process.
2019-08-30 23:40:39,329 [SCMBlockDeletingService#1] DEBUG block.SCMBlockDeletingService (SCMBlockDeletingService.java:call(138)) - Running DeletedBlockTransactionScanner
2019-08-30 23:40:39,329 [SCMBlockDeletingService#1] DEBUG block.SCMBlockDeletingService (SCMBlockDeletingService.java:call(155)) - Scanned deleted blocks log and got 0 delTX to process.
2019-08-30 23:40:39,332 [grpc-default-executor-1] INFO  client.GrpcClientProtocolClient (GrpcClientProtocolClient.java:onNext(255)) - client-D5BE96C883BA->c9f1298e-d840-49d8-aac3-de81602aa1d5: receive RaftClientReply:client-D5BE96C883BA->c9f1298e-d840-49d8-aac3-de81602aa1d5@group-E9810A644481, cid=3403, SUCCESS, logIndex=4683, commits[c9f1298e-d840-49d8-aac3-de81602aa1d5:c4684]
2019-08-30 23:40:39,332 [grpc-default-executor-1] INFO  client.GrpcClientProtocolClient (GrpcClientProtocolClient.java:onNext(255)) - client-D5BE96C883BA->c9f1298e-d840-49d8-aac3-de81602aa1d5: receive RaftClientReply:client-D5BE96C883BA->c9f1298e-d840-49d8-aac3-de81602aa1d5@group-E9810A644481, cid=3404, SUCCESS, logIndex=4684, commits[c9f1298e-d840-49d8-aac3-de81602aa1d5:c4684]
2019-08-30 23:40:39,353 [grpc-default-executor-0] INFO  client.GrpcClientProtocolClient (GrpcClientProtocolClient.java:onNext(255)) - client-D5BE96C883BA->c9f1298e-d840-49d8-aac3-de81602aa1d5: receive RaftClientReply:client-D5BE96C883BA->c9f1298e-d840-49d8-aac3-de81602aa1d5@group-E9810A644481, cid=3405, SUCCESS, logIndex=4686, commits[c9f1298e-d840-49d8-aac3-de81602aa1d5:c4687]
2019-08-30 23:40:39,353 [grpc-default-executor-0] INFO  client.GrpcClientProtocolClient (GrpcClientProtocolClient.java:onNext(255)) - client-D5BE96C883BA->c9f1298e-d840-49d8-aac3-de81602aa1d5: receive RaftClientReply:client-D5BE96C883BA->c9f1298e-d840-49d8-aac3-de81602aa1d5@group-E9810A644481, cid=3406, SUCCESS, logIndex=4687, commits[c9f1298e-d840-49d8-aac3-de81602aa1d5:c4687]
2019-08-30 23:40:39,358 [grpc-default-executor-0] INFO  client.GrpcClientProtocolClient (GrpcClientProtocolClient.java:onNext(255)) - client-D5BE96C883BA->c9f1298e-d840-49d8-aac3-de81602aa1d5: receive RaftClientReply:client-D5BE96C883BA->c9f1298e-d840-49d8-aac3-de81602aa1d5@group-E9810A644481, cid=3407, SUCCESS, logIndex=4688, commits[c9f1298e-d840-49d8-aac3-de81602aa1d5:c4689]
2019-08-30 23:40:39,359 [grpc-default-executor-0] INFO  client.GrpcClientProtocolClient (GrpcClientProtocolClient.java:onNext(255)) - client-D5BE96C883BA->c9f1298e-d840-49d8-aac3-de81602aa1d5: receive RaftClientReply:client-D5BE96C883BA->c9f1298e-d840-49d8-aac3-de81602aa1d5@group-E9810A644481, cid=3408, SUCCESS, logIndex=4689, commits[c9f1298e-d840-49d8-aac3-de81602aa1d5:c4689]
2019-08-30 23:40:39,488 [SCMBlockDeletingService#1] DEBUG block.SCMBlockDeletingService (SCMBlockDeletingService.java:call(138)) - Running DeletedBlockTransactionScanner
2019-08-30 23:40:39,488 [SCMBlockDeletingService#1] DEBUG block.SCMBlockDeletingService (SCMBlockDeletingService.java:call(155)) - Scanned deleted blocks log and got 0 delTX to process.
2019-08-30 23:40:39,519 [grpc-default-executor-1] INFO  client.GrpcClientProtocolClient (GrpcClientProtocolClient.java:onNext(255)) - client-D5BE96C883BA->c9f1298e-d840-49d8-aac3-de81602aa1d5: receive RaftClientReply:client-D5BE96C883BA->c9f1298e-d840-49d8-aac3-de81602aa1d5@group-E9810A644481, cid=3409, SUCCESS, logIndex=4692, commits[c9f1298e-d840-49d8-aac3-de81602aa1d5:c4693]
2019-08-30 23:40:39,519 [grpc-default-executor-1] INFO  client.GrpcClientProtocolClient (GrpcClientProtocolClient.java:onNext(255)) - client-D5BE96C883BA->c9f1298e-d840-49d8-aac3-de81602aa1d5: receive RaftClientReply:client-D5BE96C883BA->c9f1298e-d840-49d8-aac3-de81602aa1d5@group-E9810A644481, cid=3410, SUCCESS, logIndex=4693, commits[c9f1298e-d840-49d8-aac3-de81602aa1d5:c4693]
2019-08-30 23:40:39,525 [grpc-default-executor-1] INFO  client.GrpcClientProtocolClient (GrpcClientProtocolClient.java:onNext(255)) - client-D5BE96C883BA->c9f1298e-d840-49d8-aac3-de81602aa1d5: receive RaftClientReply:client-D5BE96C883BA->c9f1298e-d840-49d8-aac3-de81602aa1d5@group-E9810A644481, cid=3411, SUCCESS, logIndex=4694, commits[c9f1298e-d840-49d8-aac3-de81602aa1d5:c4695]
2019-08-30 23:40:39,526 [grpc-default-executor-1] INFO  client.GrpcClientProtocolClient (GrpcClientProtocolClient.java:onNext(255)) - client-D5BE96C883BA->c9f1298e-d840-49d8-aac3-de81602aa1d5: receive RaftClientReply:client-D5BE96C883BA->c9f1298e-d840-49d8-aac3-de81602aa1d5@group-E9810A644481, cid=3412, SUCCESS, logIndex=4695, commits[c9f1298e-d840-49d8-aac3-de81602aa1d5:c4695]
2019-08-30 23:40:39,556 [grpc-default-executor-0] INFO  client.GrpcClientProtocolClient (GrpcClientProtocolClient.java:onNext(255)) - client-D5BE96C883BA->c9f1298e-d840-49d8-aac3-de81602aa1d5: receive RaftClientReply:client-D5BE96C883BA->c9f1298e-d840-49d8-aac3-de81602aa1d5@group-E9810A644481, cid=3413, SUCCESS, logIndex=4698, commits[c9f1298e-d840-49d8-aac3-de81602aa1d5:c4701]
2019-08-30 23:40:39,557 [grpc-default-executor-0] INFO  client.GrpcClientProtocolClient (GrpcClientProtocolClient.java:onNext(255)) - client-D5BE96C883BA->c9f1298e-d840-49d8-aac3-de81602aa1d5: receive RaftClientReply:client-D5BE96C883BA->c9f1298e-d840-49d8-aac3-de81602aa1d5@group-E9810A644481, cid=3414, SUCCESS, logIndex=4699, commits[c9f1298e-d840-49d8-aac3-de81602aa1d5:c4701]
2019-08-30 23:40:39,557 [grpc-default-executor-0] INFO  client.GrpcClientProtocolClient (GrpcClientProtocolClient.java:onNext(255)) - client-D5BE96C883BA->c9f1298e-d840-49d8-aac3-de81602aa1d5: receive RaftClientReply:client-D5BE96C883BA->c9f1298e-d840-49d8-aac3-de81602aa1d5@group-E9810A644481, cid=3415, SUCCESS, logIndex=4700, commits[c9f1298e-d840-49d8-aac3-de81602aa1d5:c4701]
2019-08-30 23:40:39,557 [grpc-default-executor-0] INFO  client.GrpcClientProtocolClient (GrpcClientProtocolClient.java:onNext(255)) - client-D5BE96C883BA->c9f1298e-d840-49d8-aac3-de81602aa1d5: receive RaftClientReply:client-D5BE96C883BA->c9f1298e-d840-49d8-aac3-de81602aa1d5@group-E9810A644481, cid=3416, SUCCESS, logIndex=4701, commits[c9f1298e-d840-49d8-aac3-de81602aa1d5:c4701]
2019-08-30 23:40:39,589 [SCMBlockDeletingService#1] DEBUG block.SCMBlockDeletingService (SCMBlockDeletingService.java:call(138)) - Running DeletedBlockTransactionScanner
2019-08-30 23:40:39,589 [SCMBlockDeletingService#1] DEBUG block.SCMBlockDeletingService (SCMBlockDeletingService.java:call(155)) - Scanned deleted blocks log and got 0 delTX to process.
2019-08-30 23:40:39,594 [grpc-default-executor-0] INFO  client.GrpcClientProtocolClient (GrpcClientProtocolClient.java:onNext(255)) - client-D5BE96C883BA->c9f1298e-d840-49d8-aac3-de81602aa1d5: receive RaftClientReply:client-D5BE96C883BA->c9f1298e-d840-49d8-aac3-de81602aa1d5@group-E9810A644481, cid=3417, SUCCESS, logIndex=4703, commits[c9f1298e-d840-49d8-aac3-de81602aa1d5:c4704]
2019-08-30 23:40:39,595 [grpc-default-executor-0] INFO  client.GrpcClientProtocolClient (GrpcClientProtocolClient.java:onNext(255)) - client-D5BE96C883BA->c9f1298e-d840-49d8-aac3-de81602aa1d5: receive RaftClientReply:client-D5BE96C883BA->c9f1298e-d840-49d8-aac3-de81602aa1d5@group-E9810A644481, cid=3418, SUCCESS, logIndex=4704, commits[c9f1298e-d840-49d8-aac3-de81602aa1d5:c4704]
2019-08-30 23:40:39,598 [grpc-default-executor-0] INFO  client.GrpcClientProtocolClient (GrpcClientProtocolClient.java:onNext(255)) - client-D5BE96C883BA->c9f1298e-d840-49d8-aac3-de81602aa1d5: receive RaftClientReply:client-D5BE96C883BA->c9f1298e-d840-49d8-aac3-de81602aa1d5@group-E9810A644481, cid=3419, SUCCESS, logIndex=4705, commits[c9f1298e-d840-49d8-aac3-de81602aa1d5:c4706]
2019-08-30 23:40:39,599 [grpc-default-executor-0] INFO  client.GrpcClientProtocolClient (GrpcClientProtocolClient.java:onNext(255)) - client-D5BE96C883BA->c9f1298e-d840-49d8-aac3-de81602aa1d5: receive RaftClientReply:client-D5BE96C883BA->c9f1298e-d840-49d8-aac3-de81602aa1d5@group-E9810A644481, cid=3420, SUCCESS, logIndex=4706, commits[c9f1298e-d840-49d8-aac3-de81602aa1d5:c4706]
2019-08-30 23:40:39,617 [grpc-default-executor-1] INFO  client.GrpcClientProtocolClient (GrpcClientProtocolClient.java:onNext(255)) - client-D5BE96C883BA->c9f1298e-d840-49d8-aac3-de81602aa1d5: receive RaftClientReply:client-D5BE96C883BA->c9f1298e-d840-49d8-aac3-de81602aa1d5@group-E9810A644481, cid=3421, SUCCESS, logIndex=4709, commits[c9f1298e-d840-49d8-aac3-de81602aa1d5:c4712]
2019-08-30 23:40:39,618 [grpc-default-executor-1] INFO  client.GrpcClientProtocolClient (GrpcClientProtocolClient.java:onNext(255)) - client-D5BE96C883BA->c9f1298e-d840-49d8-aac3-de81602aa1d5: receive RaftClientReply:client-D5BE96C883BA->c9f1298e-d840-49d8-aac3-de81602aa1d5@group-E9810A644481, cid=3422, SUCCESS, logIndex=4710, commits[c9f1298e-d840-49d8-aac3-de81602aa1d5:c4712]
2019-08-30 23:40:39,618 [grpc-default-executor-1] INFO  client.GrpcClientProtocolClient (GrpcClientProtocolClient.java:onNext(255)) - client-D5BE96C883BA->c9f1298e-d840-49d8-aac3-de81602aa1d5: receive RaftClientReply:client-D5BE96C883BA->c9f1298e-d840-49d8-aac3-de81602aa1d5@group-E9810A644481, cid=3423, SUCCESS, logIndex=4711, commits[c9f1298e-d840-49d8-aac3-de81602aa1d5:c4712]
2019-08-30 23:40:39,619 [grpc-default-executor-1] INFO  client.GrpcClientProtocolClient (GrpcClientProtocolClient.java:onNext(255)) - client-D5BE96C883BA->c9f1298e-d840-49d8-aac3-de81602aa1d5: receive RaftClientReply:client-D5BE96C883BA->c9f1298e-d840-49d8-aac3-de81602aa1d5@group-E9810A644481, cid=3424, SUCCESS, logIndex=4712, commits[c9f1298e-d840-49d8-aac3-de81602aa1d5:c4712]
2019-08-30 23:40:39,660 [grpc-default-executor-1] INFO  client.GrpcClientProtocolClient (GrpcClientProtocolClient.java:onNext(255)) - client-D5BE96C883BA->c9f1298e-d840-49d8-aac3-de81602aa1d5: receive RaftClientReply:client-D5BE96C883BA->c9f1298e-d840-49d8-aac3-de81602aa1d5@group-E9810A644481, cid=3425, SUCCESS, logIndex=4714, commits[c9f1298e-d840-49d8-aac3-de81602aa1d5:c4715]
2019-08-30 23:40:39,660 [grpc-default-executor-1] INFO  client.GrpcClientProtocolClient (GrpcClientProtocolClient.java:onNext(255)) - client-D5BE96C883BA->c9f1298e-d840-49d8-aac3-de81602aa1d5: receive RaftClientReply:client-D5BE96C883BA->c9f1298e-d840-49d8-aac3-de81602aa1d5@group-E9810A644481, cid=3426, SUCCESS, logIndex=4715, commits[c9f1298e-d840-49d8-aac3-de81602aa1d5:c4715]
2019-08-30 23:40:39,686 [grpc-default-executor-1] INFO  client.GrpcClientProtocolClient (GrpcClientProtocolClient.java:onNext(255)) - client-D5BE96C883BA->c9f1298e-d840-49d8-aac3-de81602aa1d5: receive RaftClientReply:client-D5BE96C883BA->c9f1298e-d840-49d8-aac3-de81602aa1d5@group-E9810A644481, cid=3427, SUCCESS, logIndex=4716, commits[c9f1298e-d840-49d8-aac3-de81602aa1d5:c4717]
2019-08-30 23:40:39,686 [grpc-default-executor-1] INFO  client.GrpcClientProtocolClient (GrpcClientProtocolClient.java:onNext(255)) - client-D5BE96C883BA->c9f1298e-d840-49d8-aac3-de81602aa1d5: receive RaftClientReply:client-D5BE96C883BA->c9f1298e-d840-49d8-aac3-de81602aa1d5@group-E9810A644481, cid=3428, SUCCESS, logIndex=4717, commits[c9f1298e-d840-49d8-aac3-de81602aa1d5:c4717]
2019-08-30 23:40:39,689 [SCMBlockDeletingService#1] DEBUG block.SCMBlockDeletingService (SCMBlockDeletingService.java:call(138)) - Running DeletedBlockTransactionScanner
2019-08-30 23:40:39,689 [SCMBlockDeletingService#1] DEBUG block.SCMBlockDeletingService (SCMBlockDeletingService.java:call(155)) - Scanned deleted blocks log and got 0 delTX to process.
2019-08-30 23:40:39,716 [grpc-default-executor-0] INFO  client.GrpcClientProtocolClient (GrpcClientProtocolClient.java:onNext(255)) - client-D5BE96C883BA->c9f1298e-d840-49d8-aac3-de81602aa1d5: receive RaftClientReply:client-D5BE96C883BA->c9f1298e-d840-49d8-aac3-de81602aa1d5@group-E9810A644481, cid=3429, SUCCESS, logIndex=4720, commits[c9f1298e-d840-49d8-aac3-de81602aa1d5:c4723]
2019-08-30 23:40:39,717 [grpc-default-executor-0] INFO  client.GrpcClientProtocolClient (GrpcClientProtocolClient.java:onNext(255)) - client-D5BE96C883BA->c9f1298e-d840-49d8-aac3-de81602aa1d5: receive RaftClientReply:client-D5BE96C883BA->c9f1298e-d840-49d8-aac3-de81602aa1d5@group-E9810A644481, cid=3430, SUCCESS, logIndex=4721, commits[c9f1298e-d840-49d8-aac3-de81602aa1d5:c4723]
2019-08-30 23:40:39,718 [grpc-default-executor-0] INFO  client.GrpcClientProtocolClient (GrpcClientProtocolClient.java:onNext(255)) - client-D5BE96C883BA->c9f1298e-d840-49d8-aac3-de81602aa1d5: receive RaftClientReply:client-D5BE96C883BA->c9f1298e-d840-49d8-aac3-de81602aa1d5@group-E9810A644481, cid=3431, SUCCESS, logIndex=4722, commits[c9f1298e-d840-49d8-aac3-de81602aa1d5:c4723]
2019-08-30 23:40:39,718 [grpc-default-executor-0] INFO  client.GrpcClientProtocolClient (GrpcClientProtocolClient.java:onNext(255)) - client-D5BE96C883BA->c9f1298e-d840-49d8-aac3-de81602aa1d5: receive RaftClientReply:client-D5BE96C883BA->c9f1298e-d840-49d8-aac3-de81602aa1d5@group-E9810A644481, cid=3432, SUCCESS, logIndex=4723, commits[c9f1298e-d840-49d8-aac3-de81602aa1d5:c4723]
2019-08-30 23:40:39,764 [grpc-default-executor-0] INFO  client.GrpcClientProtocolClient (GrpcClientProtocolClient.java:onNext(255)) - client-D5BE96C883BA->c9f1298e-d840-49d8-aac3-de81602aa1d5: receive RaftClientReply:client-D5BE96C883BA->c9f1298e-d840-49d8-aac3-de81602aa1d5@group-E9810A644481, cid=3433, SUCCESS, logIndex=4725, commits[c9f1298e-d840-49d8-aac3-de81602aa1d5:c4726]
2019-08-30 23:40:39,765 [grpc-default-executor-0] INFO  client.GrpcClientProtocolClient (GrpcClientProtocolClient.java:onNext(255)) - client-D5BE96C883BA->c9f1298e-d840-49d8-aac3-de81602aa1d5: receive RaftClientReply:client-D5BE96C883BA->c9f1298e-d840-49d8-aac3-de81602aa1d5@group-E9810A644481, cid=3434, SUCCESS, logIndex=4726, commits[c9f1298e-d840-49d8-aac3-de81602aa1d5:c4726]
2019-08-30 23:40:39,781 [grpc-default-executor-0] INFO  client.GrpcClientProtocolClient (GrpcClientProtocolClient.java:onNext(255)) - client-D5BE96C883BA->c9f1298e-d840-49d8-aac3-de81602aa1d5: receive RaftClientReply:client-D5BE96C883BA->c9f1298e-d840-49d8-aac3-de81602aa1d5@group-E9810A644481, cid=3435, SUCCESS, logIndex=4727, commits[c9f1298e-d840-49d8-aac3-de81602aa1d5:c4728]
2019-08-30 23:40:39,782 [grpc-default-executor-0] INFO  client.GrpcClientProtocolClient (GrpcClientProtocolClient.java:onNext(255)) - client-D5BE96C883BA->c9f1298e-d840-49d8-aac3-de81602aa1d5: receive RaftClientReply:client-D5BE96C883BA->c9f1298e-d840-49d8-aac3-de81602aa1d5@group-E9810A644481, cid=3436, SUCCESS, logIndex=4728, commits[c9f1298e-d840-49d8-aac3-de81602aa1d5:c4728]
2019-08-30 23:40:39,790 [SCMBlockDeletingService#1] DEBUG block.SCMBlockDeletingService (SCMBlockDeletingService.java:call(138)) - Running DeletedBlockTransactionScanner
2019-08-30 23:40:39,790 [SCMBlockDeletingService#1] DEBUG block.SCMBlockDeletingService (SCMBlockDeletingService.java:call(155)) - Scanned deleted blocks log and got 0 delTX to process.
2019-08-30 23:40:39,804 [grpc-default-executor-1] INFO  client.GrpcClientProtocolClient (GrpcClientProtocolClient.java:onNext(255)) - client-D5BE96C883BA->c9f1298e-d840-49d8-aac3-de81602aa1d5: receive RaftClientReply:client-D5BE96C883BA->c9f1298e-d840-49d8-aac3-de81602aa1d5@group-E9810A644481, cid=3437, SUCCESS, logIndex=4731, commits[c9f1298e-d840-49d8-aac3-de81602aa1d5:c4734]
2019-08-30 23:40:39,805 [grpc-default-executor-1] INFO  client.GrpcClientProtocolClient (GrpcClientProtocolClient.java:onNext(255)) - client-D5BE96C883BA->c9f1298e-d840-49d8-aac3-de81602aa1d5: receive RaftClientReply:client-D5BE96C883BA->c9f1298e-d840-49d8-aac3-de81602aa1d5@group-E9810A644481, cid=3438, SUCCESS, logIndex=4732, commits[c9f1298e-d840-49d8-aac3-de81602aa1d5:c4734]
2019-08-30 23:40:39,805 [grpc-default-executor-1] INFO  client.GrpcClientProtocolClient (GrpcClientProtocolClient.java:onNext(255)) - client-D5BE96C883BA->c9f1298e-d840-49d8-aac3-de81602aa1d5: receive RaftClientReply:client-D5BE96C883BA->c9f1298e-d840-49d8-aac3-de81602aa1d5@group-E9810A644481, cid=3439, SUCCESS, logIndex=4733, commits[c9f1298e-d840-49d8-aac3-de81602aa1d5:c4734]
2019-08-30 23:40:39,805 [grpc-default-executor-1] INFO  client.GrpcClientProtocolClient (GrpcClientProtocolClient.java:onNext(255)) - client-D5BE96C883BA->c9f1298e-d840-49d8-aac3-de81602aa1d5: receive RaftClientReply:client-D5BE96C883BA->c9f1298e-d840-49d8-aac3-de81602aa1d5@group-E9810A644481, cid=3440, SUCCESS, logIndex=4734, commits[c9f1298e-d840-49d8-aac3-de81602aa1d5:c4734]
2019-08-30 23:40:39,841 [grpc-default-executor-0] INFO  client.GrpcClientProtocolClient (GrpcClientProtocolClient.java:onNext(255)) - client-D5BE96C883BA->c9f1298e-d840-49d8-aac3-de81602aa1d5: receive RaftClientReply:client-D5BE96C883BA->c9f1298e-d840-49d8-aac3-de81602aa1d5@group-E9810A644481, cid=3441, SUCCESS, logIndex=4736, commits[c9f1298e-d840-49d8-aac3-de81602aa1d5:c4737]
2019-08-30 23:40:39,842 [grpc-default-executor-0] INFO  client.GrpcClientProtocolClient (GrpcClientProtocolClient.java:onNext(255)) - client-D5BE96C883BA->c9f1298e-d840-49d8-aac3-de81602aa1d5: receive RaftClientReply:client-D5BE96C883BA->c9f1298e-d840-49d8-aac3-de81602aa1d5@group-E9810A644481, cid=3442, SUCCESS, logIndex=4737, commits[c9f1298e-d840-49d8-aac3-de81602aa1d5:c4737]
2019-08-30 23:40:39,850 [grpc-default-executor-0] INFO  client.GrpcClientProtocolClient (GrpcClientProtocolClient.java:onNext(255)) - client-D5BE96C883BA->c9f1298e-d840-49d8-aac3-de81602aa1d5: receive RaftClientReply:client-D5BE96C883BA->c9f1298e-d840-49d8-aac3-de81602aa1d5@group-E9810A644481, cid=3443, SUCCESS, logIndex=4738, commits[c9f1298e-d840-49d8-aac3-de81602aa1d5:c4739]
2019-08-30 23:40:39,850 [grpc-default-executor-0] INFO  client.GrpcClientProtocolClient (GrpcClientProtocolClient.java:onNext(255)) - client-D5BE96C883BA->c9f1298e-d840-49d8-aac3-de81602aa1d5: receive RaftClientReply:client-D5BE96C883BA->c9f1298e-d840-49d8-aac3-de81602aa1d5@group-E9810A644481, cid=3444, SUCCESS, logIndex=4739, commits[c9f1298e-d840-49d8-aac3-de81602aa1d5:c4739]
2019-08-30 23:40:39,878 [grpc-default-executor-0] INFO  client.GrpcClientProtocolClient (GrpcClientProtocolClient.java:onNext(255)) - client-D5BE96C883BA->c9f1298e-d840-49d8-aac3-de81602aa1d5: receive RaftClientReply:client-D5BE96C883BA->c9f1298e-d840-49d8-aac3-de81602aa1d5@group-E9810A644481, cid=3445, SUCCESS, logIndex=4742, commits[c9f1298e-d840-49d8-aac3-de81602aa1d5:c4743]
2019-08-30 23:40:39,878 [grpc-default-executor-0] INFO  client.GrpcClientProtocolClient (GrpcClientProtocolClient.java:onNext(255)) - client-D5BE96C883BA->c9f1298e-d840-49d8-aac3-de81602aa1d5: receive RaftClientReply:client-D5BE96C883BA->c9f1298e-d840-49d8-aac3-de81602aa1d5@group-E9810A644481, cid=3446, SUCCESS, logIndex=4743, commits[c9f1298e-d840-49d8-aac3-de81602aa1d5:c4743]
2019-08-30 23:40:39,890 [SCMBlockDeletingService#1] DEBUG block.SCMBlockDeletingService (SCMBlockDeletingService.java:call(138)) - Running DeletedBlockTransactionScanner
2019-08-30 23:40:39,891 [SCMBlockDeletingService#1] DEBUG block.SCMBlockDeletingService (SCMBlockDeletingService.java:call(155)) - Scanned deleted blocks log and got 0 delTX to process.
2019-08-30 23:40:39,991 [SCMBlockDeletingService#1] DEBUG block.SCMBlockDeletingService (SCMBlockDeletingService.java:call(138)) - Running DeletedBlockTransactionScanner
2019-08-30 23:40:39,991 [SCMBlockDeletingService#1] DEBUG block.SCMBlockDeletingService (SCMBlockDeletingService.java:call(155)) - Scanned deleted blocks log and got 0 delTX to process.
2019-08-30 23:40:40,000 [grpc-default-executor-1] INFO  client.GrpcClientProtocolClient (GrpcClientProtocolClient.java:onNext(255)) - client-D5BE96C883BA->c9f1298e-d840-49d8-aac3-de81602aa1d5: receive RaftClientReply:client-D5BE96C883BA->c9f1298e-d840-49d8-aac3-de81602aa1d5@group-E9810A644481, cid=3447, SUCCESS, logIndex=4745, commits[c9f1298e-d840-49d8-aac3-de81602aa1d5:c4746]
2019-08-30 23:40:40,000 [grpc-default-executor-1] INFO  client.GrpcClientProtocolClient (GrpcClientProtocolClient.java:onNext(255)) - client-D5BE96C883BA->c9f1298e-d840-49d8-aac3-de81602aa1d5: receive RaftClientReply:client-D5BE96C883BA->c9f1298e-d840-49d8-aac3-de81602aa1d5@group-E9810A644481, cid=3448, SUCCESS, logIndex=4746, commits[c9f1298e-d840-49d8-aac3-de81602aa1d5:c4746]
2019-08-30 23:40:40,030 [grpc-default-executor-0] INFO  client.GrpcClientProtocolClient (GrpcClientProtocolClient.java:onNext(255)) - client-D5BE96C883BA->c9f1298e-d840-49d8-aac3-de81602aa1d5: receive RaftClientReply:client-D5BE96C883BA->c9f1298e-d840-49d8-aac3-de81602aa1d5@group-E9810A644481, cid=3449, SUCCESS, logIndex=4748, commits[c9f1298e-d840-49d8-aac3-de81602aa1d5:c4751]
2019-08-30 23:40:40,030 [grpc-default-executor-0] INFO  client.GrpcClientProtocolClient (GrpcClientProtocolClient.java:onNext(255)) - client-D5BE96C883BA->c9f1298e-d840-49d8-aac3-de81602aa1d5: receive RaftClientReply:client-D5BE96C883BA->c9f1298e-d840-49d8-aac3-de81602aa1d5@group-E9810A644481, cid=3450, SUCCESS, logIndex=4749, commits[c9f1298e-d840-49d8-aac3-de81602aa1d5:c4751]
2019-08-30 23:40:40,031 [grpc-default-executor-0] INFO  client.GrpcClientProtocolClient (GrpcClientProtocolClient.java:onNext(255)) - client-D5BE96C883BA->c9f1298e-d840-49d8-aac3-de81602aa1d5: receive RaftClientReply:client-D5BE96C883BA->c9f1298e-d840-49d8-aac3-de81602aa1d5@group-E9810A644481, cid=3451, SUCCESS, logIndex=4750, commits[c9f1298e-d840-49d8-aac3-de81602aa1d5:c4751]
2019-08-30 23:40:40,031 [grpc-default-executor-0] INFO  client.GrpcClientProtocolClient (GrpcClientProtocolClient.java:onNext(255)) - client-D5BE96C883BA->c9f1298e-d840-49d8-aac3-de81602aa1d5: receive RaftClientReply:client-D5BE96C883BA->c9f1298e-d840-49d8-aac3-de81602aa1d5@group-E9810A644481, cid=3452, SUCCESS, logIndex=4751, commits[c9f1298e-d840-49d8-aac3-de81602aa1d5:c4751]
2019-08-30 23:40:40,048 [grpc-default-executor-1] INFO  client.GrpcClientProtocolClient (GrpcClientProtocolClient.java:onNext(255)) - client-D5BE96C883BA->c9f1298e-d840-49d8-aac3-de81602aa1d5: receive RaftClientReply:client-D5BE96C883BA->c9f1298e-d840-49d8-aac3-de81602aa1d5@group-E9810A644481, cid=3453, SUCCESS, logIndex=4753, commits[c9f1298e-d840-49d8-aac3-de81602aa1d5:c4756]
2019-08-30 23:40:40,048 [grpc-default-executor-1] INFO  client.GrpcClientProtocolClient (GrpcClientProtocolClient.java:onNext(255)) - client-D5BE96C883BA->c9f1298e-d840-49d8-aac3-de81602aa1d5: receive RaftClientReply:client-D5BE96C883BA->c9f1298e-d840-49d8-aac3-de81602aa1d5@group-E9810A644481, cid=3454, SUCCESS, logIndex=4754, commits[c9f1298e-d840-49d8-aac3-de81602aa1d5:c4756]
2019-08-30 23:40:40,049 [grpc-default-executor-1] INFO  client.GrpcClientProtocolClient (GrpcClientProtocolClient.java:onNext(255)) - client-D5BE96C883BA->c9f1298e-d840-49d8-aac3-de81602aa1d5: receive RaftClientReply:client-D5BE96C883BA->c9f1298e-d840-49d8-aac3-de81602aa1d5@group-E9810A644481, cid=3455, SUCCESS, logIndex=4755, commits[c9f1298e-d840-49d8-aac3-de81602aa1d5:c4756]
2019-08-30 23:40:40,049 [grpc-default-executor-1] INFO  client.GrpcClientProtocolClient (GrpcClientProtocolClient.java:onNext(255)) - client-D5BE96C883BA->c9f1298e-d840-49d8-aac3-de81602aa1d5: receive RaftClientReply:client-D5BE96C883BA->c9f1298e-d840-49d8-aac3-de81602aa1d5@group-E9810A644481, cid=3456, SUCCESS, logIndex=4756, commits[c9f1298e-d840-49d8-aac3-de81602aa1d5:c4756]
2019-08-30 23:40:40,073 [grpc-default-executor-0] INFO  client.GrpcClientProtocolClient (GrpcClientProtocolClient.java:onNext(255)) - client-D5BE96C883BA->c9f1298e-d840-49d8-aac3-de81602aa1d5: receive RaftClientReply:client-D5BE96C883BA->c9f1298e-d840-49d8-aac3-de81602aa1d5@group-E9810A644481, cid=3457, SUCCESS, logIndex=4758, commits[c9f1298e-d840-49d8-aac3-de81602aa1d5:c4759]
2019-08-30 23:40:40,074 [grpc-default-executor-0] INFO  client.GrpcClientProtocolClient (GrpcClientProtocolClient.java:onNext(255)) - client-D5BE96C883BA->c9f1298e-d840-49d8-aac3-de81602aa1d5: receive RaftClientReply:client-D5BE96C883BA->c9f1298e-d840-49d8-aac3-de81602aa1d5@group-E9810A644481, cid=3458, SUCCESS, logIndex=4759, commits[c9f1298e-d840-49d8-aac3-de81602aa1d5:c4759]
2019-08-30 23:40:40,083 [grpc-default-executor-0] INFO  client.GrpcClientProtocolClient (GrpcClientProtocolClient.java:onNext(255)) - client-D5BE96C883BA->c9f1298e-d840-49d8-aac3-de81602aa1d5: receive RaftClientReply:client-D5BE96C883BA->c9f1298e-d840-49d8-aac3-de81602aa1d5@group-E9810A644481, cid=3459, SUCCESS, logIndex=4760, commits[c9f1298e-d840-49d8-aac3-de81602aa1d5:c4761]
2019-08-30 23:40:40,083 [grpc-default-executor-0] INFO  client.GrpcClientProtocolClient (GrpcClientProtocolClient.java:onNext(255)) - client-D5BE96C883BA->c9f1298e-d840-49d8-aac3-de81602aa1d5: receive RaftClientReply:client-D5BE96C883BA->c9f1298e-d840-49d8-aac3-de81602aa1d5@group-E9810A644481, cid=3460, SUCCESS, logIndex=4761, commits[c9f1298e-d840-49d8-aac3-de81602aa1d5:c4761]
2019-08-30 23:40:40,092 [SCMBlockDeletingService#1] DEBUG block.SCMBlockDeletingService (SCMBlockDeletingService.java:call(138)) - Running DeletedBlockTransactionScanner
2019-08-30 23:40:40,092 [SCMBlockDeletingService#1] DEBUG block.SCMBlockDeletingService (SCMBlockDeletingService.java:call(155)) - Scanned deleted blocks log and got 0 delTX to process.
2019-08-30 23:40:40,100 [grpc-default-executor-0] INFO  client.GrpcClientProtocolClient (GrpcClientProtocolClient.java:onNext(255)) - client-D5BE96C883BA->c9f1298e-d840-49d8-aac3-de81602aa1d5: receive RaftClientReply:client-D5BE96C883BA->c9f1298e-d840-49d8-aac3-de81602aa1d5@group-E9810A644481, cid=3461, SUCCESS, logIndex=4764, commits[c9f1298e-d840-49d8-aac3-de81602aa1d5:c4767]
2019-08-30 23:40:40,100 [grpc-default-executor-0] INFO  client.GrpcClientProtocolClient (GrpcClientProtocolClient.java:onNext(255)) - client-D5BE96C883BA->c9f1298e-d840-49d8-aac3-de81602aa1d5: receive RaftClientReply:client-D5BE96C883BA->c9f1298e-d840-49d8-aac3-de81602aa1d5@group-E9810A644481, cid=3462, SUCCESS, logIndex=4765, commits[c9f1298e-d840-49d8-aac3-de81602aa1d5:c4767]
2019-08-30 23:40:40,100 [grpc-default-executor-0] INFO  client.GrpcClientProtocolClient (GrpcClientProtocolClient.java:onNext(255)) - client-D5BE96C883BA->c9f1298e-d840-49d8-aac3-de81602aa1d5: receive RaftClientReply:client-D5BE96C883BA->c9f1298e-d840-49d8-aac3-de81602aa1d5@group-E9810A644481, cid=3463, SUCCESS, logIndex=4766, commits[c9f1298e-d840-49d8-aac3-de81602aa1d5:c4767]
2019-08-30 23:40:40,101 [grpc-default-executor-0] INFO  client.GrpcClientProtocolClient (GrpcClientProtocolClient.java:onNext(255)) - client-D5BE96C883BA->c9f1298e-d840-49d8-aac3-de81602aa1d5: receive RaftClientReply:client-D5BE96C883BA->c9f1298e-d840-49d8-aac3-de81602aa1d5@group-E9810A644481, cid=3464, SUCCESS, logIndex=4767, commits[c9f1298e-d840-49d8-aac3-de81602aa1d5:c4767]
2019-08-30 23:40:40,139 [grpc-default-executor-1] INFO  client.GrpcClientProtocolClient (GrpcClientProtocolClient.java:onNext(255)) - client-D5BE96C883BA->c9f1298e-d840-49d8-aac3-de81602aa1d5: receive RaftClientReply:client-D5BE96C883BA->c9f1298e-d840-49d8-aac3-de81602aa1d5@group-E9810A644481, cid=3465, SUCCESS, logIndex=4769, commits[c9f1298e-d840-49d8-aac3-de81602aa1d5:c4770]
2019-08-30 23:40:40,140 [grpc-default-executor-1] INFO  client.GrpcClientProtocolClient (GrpcClientProtocolClient.java:onNext(255)) - client-D5BE96C883BA->c9f1298e-d840-49d8-aac3-de81602aa1d5: receive RaftClientReply:client-D5BE96C883BA->c9f1298e-d840-49d8-aac3-de81602aa1d5@group-E9810A644481, cid=3466, SUCCESS, logIndex=4770, commits[c9f1298e-d840-49d8-aac3-de81602aa1d5:c4770]
2019-08-30 23:40:40,154 [grpc-default-executor-1] INFO  client.GrpcClientProtocolClient (GrpcClientProtocolClient.java:onNext(255)) - client-D5BE96C883BA->c9f1298e-d840-49d8-aac3-de81602aa1d5: receive RaftClientReply:client-D5BE96C883BA->c9f1298e-d840-49d8-aac3-de81602aa1d5@group-E9810A644481, cid=3467, SUCCESS, logIndex=4771, commits[c9f1298e-d840-49d8-aac3-de81602aa1d5:c4772]
2019-08-30 23:40:40,155 [grpc-default-executor-1] INFO  client.GrpcClientProtocolClient (GrpcClientProtocolClient.java:onNext(255)) - client-D5BE96C883BA->c9f1298e-d840-49d8-aac3-de81602aa1d5: receive RaftClientReply:client-D5BE96C883BA->c9f1298e-d840-49d8-aac3-de81602aa1d5@group-E9810A644481, cid=3468, SUCCESS, logIndex=4772, commits[c9f1298e-d840-49d8-aac3-de81602aa1d5:c4772]
2019-08-30 23:40:40,177 [grpc-default-executor-1] INFO  client.GrpcClientProtocolClient (GrpcClientProtocolClient.java:onNext(255)) - client-D5BE96C883BA->c9f1298e-d840-49d8-aac3-de81602aa1d5: receive RaftClientReply:client-D5BE96C883BA->c9f1298e-d840-49d8-aac3-de81602aa1d5@group-E9810A644481, cid=3469, SUCCESS, logIndex=4775, commits[c9f1298e-d840-49d8-aac3-de81602aa1d5:c4778]
2019-08-30 23:40:40,177 [grpc-default-executor-1] INFO  client.GrpcClientProtocolClient (GrpcClientProtocolClient.java:onNext(255)) - client-D5BE96C883BA->c9f1298e-d840-49d8-aac3-de81602aa1d5: receive RaftClientReply:client-D5BE96C883BA->c9f1298e-d840-49d8-aac3-de81602aa1d5@group-E9810A644481, cid=3470, SUCCESS, logIndex=4776, commits[c9f1298e-d840-49d8-aac3-de81602aa1d5:c4778]
2019-08-30 23:40:40,177 [grpc-default-executor-1] INFO  client.GrpcClientProtocolClient (GrpcClientProtocolClient.java:onNext(255)) - client-D5BE96C883BA->c9f1298e-d840-49d8-aac3-de81602aa1d5: receive RaftClientReply:client-D5BE96C883BA->c9f1298e-d840-49d8-aac3-de81602aa1d5@group-E9810A644481, cid=3471, SUCCESS, logIndex=4777, commits[c9f1298e-d840-49d8-aac3-de81602aa1d5:c4778]
2019-08-30 23:40:40,178 [grpc-default-executor-1] INFO  client.GrpcClientProtocolClient (GrpcClientProtocolClient.java:onNext(255)) - client-D5BE96C883BA->c9f1298e-d840-49d8-aac3-de81602aa1d5: receive RaftClientReply:client-D5BE96C883BA->c9f1298e-d840-49d8-aac3-de81602aa1d5@group-E9810A644481, cid=3472, SUCCESS, logIndex=4778, commits[c9f1298e-d840-49d8-aac3-de81602aa1d5:c4778]
2019-08-30 23:40:40,192 [SCMBlockDeletingService#1] DEBUG block.SCMBlockDeletingService (SCMBlockDeletingService.java:call(138)) - Running DeletedBlockTransactionScanner
2019-08-30 23:40:40,192 [SCMBlockDeletingService#1] DEBUG block.SCMBlockDeletingService (SCMBlockDeletingService.java:call(155)) - Scanned deleted blocks log and got 0 delTX to process.
2019-08-30 23:40:40,210 [grpc-default-executor-0] INFO  client.GrpcClientProtocolClient (GrpcClientProtocolClient.java:onNext(255)) - client-D5BE96C883BA->c9f1298e-d840-49d8-aac3-de81602aa1d5: receive RaftClientReply:client-D5BE96C883BA->c9f1298e-d840-49d8-aac3-de81602aa1d5@group-E9810A644481, cid=3473, SUCCESS, logIndex=4780, commits[c9f1298e-d840-49d8-aac3-de81602aa1d5:c4783]
2019-08-30 23:40:40,211 [grpc-default-executor-0] INFO  client.GrpcClientProtocolClient (GrpcClientProtocolClient.java:onNext(255)) - client-D5BE96C883BA->c9f1298e-d840-49d8-aac3-de81602aa1d5: receive RaftClientReply:client-D5BE96C883BA->c9f1298e-d840-49d8-aac3-de81602aa1d5@group-E9810A644481, cid=3474, SUCCESS, logIndex=4781, commits[c9f1298e-d840-49d8-aac3-de81602aa1d5:c4783]
2019-08-30 23:40:40,211 [grpc-default-executor-0] INFO  client.GrpcClientProtocolClient (GrpcClientProtocolClient.java:onNext(255)) - client-D5BE96C883BA->c9f1298e-d840-49d8-aac3-de81602aa1d5: receive RaftClientReply:client-D5BE96C883BA->c9f1298e-d840-49d8-aac3-de81602aa1d5@group-E9810A644481, cid=3475, SUCCESS, logIndex=4782, commits[c9f1298e-d840-49d8-aac3-de81602aa1d5:c4783]
2019-08-30 23:40:40,212 [grpc-default-executor-0] INFO  client.GrpcClientProtocolClient (GrpcClientProtocolClient.java:onNext(255)) - client-D5BE96C883BA->c9f1298e-d840-49d8-aac3-de81602aa1d5: receive RaftClientReply:client-D5BE96C883BA->c9f1298e-d840-49d8-aac3-de81602aa1d5@group-E9810A644481, cid=3476, SUCCESS, logIndex=4783, commits[c9f1298e-d840-49d8-aac3-de81602aa1d5:c4783]
2019-08-30 23:40:40,251 [grpc-default-executor-0] INFO  client.GrpcClientProtocolClient (GrpcClientProtocolClient.java:onNext(255)) - client-D5BE96C883BA->c9f1298e-d840-49d8-aac3-de81602aa1d5: receive RaftClientReply:client-D5BE96C883BA->c9f1298e-d840-49d8-aac3-de81602aa1d5@group-E9810A644481, cid=3477, SUCCESS, logIndex=4785, commits[c9f1298e-d840-49d8-aac3-de81602aa1d5:c4788]
2019-08-30 23:40:40,251 [grpc-default-executor-0] INFO  client.GrpcClientProtocolClient (GrpcClientProtocolClient.java:onNext(255)) - client-D5BE96C883BA->c9f1298e-d840-49d8-aac3-de81602aa1d5: receive RaftClientReply:client-D5BE96C883BA->c9f1298e-d840-49d8-aac3-de81602aa1d5@group-E9810A644481, cid=3478, SUCCESS, logIndex=4786, commits[c9f1298e-d840-49d8-aac3-de81602aa1d5:c4788]
2019-08-30 23:40:40,252 [grpc-default-executor-0] INFO  client.GrpcClientProtocolClient (GrpcClientProtocolClient.java:onNext(255)) - client-D5BE96C883BA->c9f1298e-d840-49d8-aac3-de81602aa1d5: receive RaftClientReply:client-D5BE96C883BA->c9f1298e-d840-49d8-aac3-de81602aa1d5@group-E9810A644481, cid=3479, SUCCESS, logIndex=4787, commits[c9f1298e-d840-49d8-aac3-de81602aa1d5:c4788]
2019-08-30 23:40:40,252 [grpc-default-executor-0] INFO  client.GrpcClientProtocolClient (GrpcClientProtocolClient.java:onNext(255)) - client-D5BE96C883BA->c9f1298e-d840-49d8-aac3-de81602aa1d5: receive RaftClientReply:client-D5BE96C883BA->c9f1298e-d840-49d8-aac3-de81602aa1d5@group-E9810A644481, cid=3480, SUCCESS, logIndex=4788, commits[c9f1298e-d840-49d8-aac3-de81602aa1d5:c4788]
2019-08-30 23:40:40,277 [grpc-default-executor-0] INFO  client.GrpcClientProtocolClient (GrpcClientProtocolClient.java:onNext(255)) - client-D5BE96C883BA->c9f1298e-d840-49d8-aac3-de81602aa1d5: receive RaftClientReply:client-D5BE96C883BA->c9f1298e-d840-49d8-aac3-de81602aa1d5@group-E9810A644481, cid=3481, SUCCESS, logIndex=4790, commits[c9f1298e-d840-49d8-aac3-de81602aa1d5:c4793]
2019-08-30 23:40:40,278 [grpc-default-executor-0] INFO  client.GrpcClientProtocolClient (GrpcClientProtocolClient.java:onNext(255)) - client-D5BE96C883BA->c9f1298e-d840-49d8-aac3-de81602aa1d5: receive RaftClientReply:client-D5BE96C883BA->c9f1298e-d840-49d8-aac3-de81602aa1d5@group-E9810A644481, cid=3482, SUCCESS, logIndex=4791, commits[c9f1298e-d840-49d8-aac3-de81602aa1d5:c4793]
2019-08-30 23:40:40,278 [grpc-default-executor-0] INFO  client.GrpcClientProtocolClient (GrpcClientProtocolClient.java:onNext(255)) - client-D5BE96C883BA->c9f1298e-d840-49d8-aac3-de81602aa1d5: receive RaftClientReply:client-D5BE96C883BA->c9f1298e-d840-49d8-aac3-de81602aa1d5@group-E9810A644481, cid=3483, SUCCESS, logIndex=4792, commits[c9f1298e-d840-49d8-aac3-de81602aa1d5:c4793]
2019-08-30 23:40:40,278 [grpc-default-executor-0] INFO  client.GrpcClientProtocolClient (GrpcClientProtocolClient.java:onNext(255)) - client-D5BE96C883BA->c9f1298e-d840-49d8-aac3-de81602aa1d5: receive RaftClientReply:client-D5BE96C883BA->c9f1298e-d840-49d8-aac3-de81602aa1d5@group-E9810A644481, cid=3484, SUCCESS, logIndex=4793, commits[c9f1298e-d840-49d8-aac3-de81602aa1d5:c4793]
2019-08-30 23:40:40,293 [SCMBlockDeletingService#1] DEBUG block.SCMBlockDeletingService (SCMBlockDeletingService.java:call(138)) - Running DeletedBlockTransactionScanner
2019-08-30 23:40:40,293 [SCMBlockDeletingService#1] DEBUG block.SCMBlockDeletingService (SCMBlockDeletingService.java:call(155)) - Scanned deleted blocks log and got 0 delTX to process.
2019-08-30 23:40:40,311 [grpc-default-executor-1] INFO  client.GrpcClientProtocolClient (GrpcClientProtocolClient.java:onNext(255)) - client-D5BE96C883BA->c9f1298e-d840-49d8-aac3-de81602aa1d5: receive RaftClientReply:client-D5BE96C883BA->c9f1298e-d840-49d8-aac3-de81602aa1d5@group-E9810A644481, cid=3485, SUCCESS, logIndex=4795, commits[c9f1298e-d840-49d8-aac3-de81602aa1d5:c4796]
2019-08-30 23:40:40,311 [grpc-default-executor-1] INFO  client.GrpcClientProtocolClient (GrpcClientProtocolClient.java:onNext(255)) - client-D5BE96C883BA->c9f1298e-d840-49d8-aac3-de81602aa1d5: receive RaftClientReply:client-D5BE96C883BA->c9f1298e-d840-49d8-aac3-de81602aa1d5@group-E9810A644481, cid=3486, SUCCESS, logIndex=4796, commits[c9f1298e-d840-49d8-aac3-de81602aa1d5:c4796]
2019-08-30 23:40:40,320 [grpc-default-executor-1] INFO  client.GrpcClientProtocolClient (GrpcClientProtocolClient.java:onNext(255)) - client-D5BE96C883BA->c9f1298e-d840-49d8-aac3-de81602aa1d5: receive RaftClientReply:client-D5BE96C883BA->c9f1298e-d840-49d8-aac3-de81602aa1d5@group-E9810A644481, cid=3487, SUCCESS, logIndex=4797, commits[c9f1298e-d840-49d8-aac3-de81602aa1d5:c4798]
2019-08-30 23:40:40,320 [grpc-default-executor-1] INFO  client.GrpcClientProtocolClient (GrpcClientProtocolClient.java:onNext(255)) - client-D5BE96C883BA->c9f1298e-d840-49d8-aac3-de81602aa1d5: receive RaftClientReply:client-D5BE96C883BA->c9f1298e-d840-49d8-aac3-de81602aa1d5@group-E9810A644481, cid=3488, SUCCESS, logIndex=4798, commits[c9f1298e-d840-49d8-aac3-de81602aa1d5:c4798]
2019-08-30 23:40:40,350 [grpc-default-executor-1] INFO  client.GrpcClientProtocolClient (GrpcClientProtocolClient.java:onNext(255)) - client-D5BE96C883BA->c9f1298e-d840-49d8-aac3-de81602aa1d5: receive RaftClientReply:client-D5BE96C883BA->c9f1298e-d840-49d8-aac3-de81602aa1d5@group-E9810A644481, cid=3489, SUCCESS, logIndex=4801, commits[c9f1298e-d840-49d8-aac3-de81602aa1d5:c4802]
2019-08-30 23:40:40,351 [grpc-default-executor-1] INFO  client.GrpcClientProtocolClient (GrpcClientProtocolClient.java:onNext(255)) - client-D5BE96C883BA->c9f1298e-d840-49d8-aac3-de81602aa1d5: receive RaftClientReply:client-D5BE96C883BA->c9f1298e-d840-49d8-aac3-de81602aa1d5@group-E9810A644481, cid=3490, SUCCESS, logIndex=4802, commits[c9f1298e-d840-49d8-aac3-de81602aa1d5:c4802]
2019-08-30 23:40:40,393 [SCMBlockDeletingService#1] DEBUG block.SCMBlockDeletingService (SCMBlockDeletingService.java:call(138)) - Running DeletedBlockTransactionScanner
2019-08-30 23:40:40,394 [SCMBlockDeletingService#1] DEBUG block.SCMBlockDeletingService (SCMBlockDeletingService.java:call(155)) - Scanned deleted blocks log and got 0 delTX to process.
2019-08-30 23:40:40,451 [grpc-default-executor-0] INFO  client.GrpcClientProtocolClient (GrpcClientProtocolClient.java:onNext(255)) - client-D5BE96C883BA->c9f1298e-d840-49d8-aac3-de81602aa1d5: receive RaftClientReply:client-D5BE96C883BA->c9f1298e-d840-49d8-aac3-de81602aa1d5@group-E9810A644481, cid=3491, SUCCESS, logIndex=4804, commits[c9f1298e-d840-49d8-aac3-de81602aa1d5:c4805]
2019-08-30 23:40:40,452 [grpc-default-executor-0] INFO  client.GrpcClientProtocolClient (GrpcClientProtocolClient.java:onNext(255)) - client-D5BE96C883BA->c9f1298e-d840-49d8-aac3-de81602aa1d5: receive RaftClientReply:client-D5BE96C883BA->c9f1298e-d840-49d8-aac3-de81602aa1d5@group-E9810A644481, cid=3492, SUCCESS, logIndex=4805, commits[c9f1298e-d840-49d8-aac3-de81602aa1d5:c4805]
2019-08-30 23:40:40,472 [grpc-default-executor-0] INFO  client.GrpcClientProtocolClient (GrpcClientProtocolClient.java:onNext(255)) - client-D5BE96C883BA->c9f1298e-d840-49d8-aac3-de81602aa1d5: receive RaftClientReply:client-D5BE96C883BA->c9f1298e-d840-49d8-aac3-de81602aa1d5@group-E9810A644481, cid=3493, SUCCESS, logIndex=4807, commits[c9f1298e-d840-49d8-aac3-de81602aa1d5:c4810]
2019-08-30 23:40:40,473 [grpc-default-executor-0] INFO  client.GrpcClientProtocolClient (GrpcClientProtocolClient.java:onNext(255)) - client-D5BE96C883BA->c9f1298e-d840-49d8-aac3-de81602aa1d5: receive RaftClientReply:client-D5BE96C883BA->c9f1298e-d840-49d8-aac3-de81602aa1d5@group-E9810A644481, cid=3494, SUCCESS, logIndex=4808, commits[c9f1298e-d840-49d8-aac3-de81602aa1d5:c4810]
2019-08-30 23:40:40,473 [grpc-default-executor-0] INFO  client.GrpcClientProtocolClient (GrpcClientProtocolClient.java:onNext(255)) - client-D5BE96C883BA->c9f1298e-d840-49d8-aac3-de81602aa1d5: receive RaftClientReply:client-D5BE96C883BA->c9f1298e-d840-49d8-aac3-de81602aa1d5@group-E9810A644481, cid=3495, SUCCESS, logIndex=4809, commits[c9f1298e-d840-49d8-aac3-de81602aa1d5:c4810]
2019-08-30 23:40:40,473 [grpc-default-executor-0] INFO  client.GrpcClientProtocolClient (GrpcClientProtocolClient.java:onNext(255)) - client-D5BE96C883BA->c9f1298e-d840-49d8-aac3-de81602aa1d5: receive RaftClientReply:client-D5BE96C883BA->c9f1298e-d840-49d8-aac3-de81602aa1d5@group-E9810A644481, cid=3496, SUCCESS, logIndex=4810, commits[c9f1298e-d840-49d8-aac3-de81602aa1d5:c4810]
2019-08-30 23:40:40,494 [SCMBlockDeletingService#1] DEBUG block.SCMBlockDeletingService (SCMBlockDeletingService.java:call(138)) - Running DeletedBlockTransactionScanner
2019-08-30 23:40:40,494 [SCMBlockDeletingService#1] DEBUG block.SCMBlockDeletingService (SCMBlockDeletingService.java:call(155)) - Scanned deleted blocks log and got 0 delTX to process.
2019-08-30 23:40:40,495 [grpc-default-executor-1] INFO  client.GrpcClientProtocolClient (GrpcClientProtocolClient.java:onNext(255)) - client-D5BE96C883BA->c9f1298e-d840-49d8-aac3-de81602aa1d5: receive RaftClientReply:client-D5BE96C883BA->c9f1298e-d840-49d8-aac3-de81602aa1d5@group-E9810A644481, cid=3497, SUCCESS, logIndex=4812, commits[c9f1298e-d840-49d8-aac3-de81602aa1d5:c4813]
2019-08-30 23:40:40,495 [grpc-default-executor-1] INFO  client.GrpcClientProtocolClient (GrpcClientProtocolClient.java:onNext(255)) - client-D5BE96C883BA->c9f1298e-d840-49d8-aac3-de81602aa1d5: receive RaftClientReply:client-D5BE96C883BA->c9f1298e-d840-49d8-aac3-de81602aa1d5@group-E9810A644481, cid=3498, SUCCESS, logIndex=4813, commits[c9f1298e-d840-49d8-aac3-de81602aa1d5:c4813]
2019-08-30 23:40:40,502 [grpc-default-executor-1] INFO  client.GrpcClientProtocolClient (GrpcClientProtocolClient.java:onNext(255)) - client-D5BE96C883BA->c9f1298e-d840-49d8-aac3-de81602aa1d5: receive RaftClientReply:client-D5BE96C883BA->c9f1298e-d840-49d8-aac3-de81602aa1d5@group-E9810A644481, cid=3499, SUCCESS, logIndex=4814, commits[c9f1298e-d840-49d8-aac3-de81602aa1d5:c4815]
2019-08-30 23:40:40,502 [grpc-default-executor-1] INFO  client.GrpcClientProtocolClient (GrpcClientProtocolClient.java:onNext(255)) - client-D5BE96C883BA->c9f1298e-d840-49d8-aac3-de81602aa1d5: receive RaftClientReply:client-D5BE96C883BA->c9f1298e-d840-49d8-aac3-de81602aa1d5@group-E9810A644481, cid=3500, SUCCESS, logIndex=4815, commits[c9f1298e-d840-49d8-aac3-de81602aa1d5:c4815]
2019-08-30 23:40:40,527 [grpc-default-executor-0] INFO  client.GrpcClientProtocolClient (GrpcClientProtocolClient.java:onNext(255)) - client-D5BE96C883BA->c9f1298e-d840-49d8-aac3-de81602aa1d5: receive RaftClientReply:client-D5BE96C883BA->c9f1298e-d840-49d8-aac3-de81602aa1d5@group-E9810A644481, cid=3501, SUCCESS, logIndex=4818, commits[c9f1298e-d840-49d8-aac3-de81602aa1d5:c4821]
2019-08-30 23:40:40,528 [grpc-default-executor-0] INFO  client.GrpcClientProtocolClient (GrpcClientProtocolClient.java:onNext(255)) - client-D5BE96C883BA->c9f1298e-d840-49d8-aac3-de81602aa1d5: receive RaftClientReply:client-D5BE96C883BA->c9f1298e-d840-49d8-aac3-de81602aa1d5@group-E9810A644481, cid=3502, SUCCESS, logIndex=4819, commits[c9f1298e-d840-49d8-aac3-de81602aa1d5:c4821]
2019-08-30 23:40:40,528 [grpc-default-executor-0] INFO  client.GrpcClientProtocolClient (GrpcClientProtocolClient.java:onNext(255)) - client-D5BE96C883BA->c9f1298e-d840-49d8-aac3-de81602aa1d5: receive RaftClientReply:client-D5BE96C883BA->c9f1298e-d840-49d8-aac3-de81602aa1d5@group-E9810A644481, cid=3503, SUCCESS, logIndex=4820, commits[c9f1298e-d840-49d8-aac3-de81602aa1d5:c4821]
2019-08-30 23:40:40,528 [grpc-default-executor-0] INFO  client.GrpcClientProtocolClient (GrpcClientProtocolClient.java:onNext(255)) - client-D5BE96C883BA->c9f1298e-d840-49d8-aac3-de81602aa1d5: receive RaftClientReply:client-D5BE96C883BA->c9f1298e-d840-49d8-aac3-de81602aa1d5@group-E9810A644481, cid=3504, SUCCESS, logIndex=4821, commits[c9f1298e-d840-49d8-aac3-de81602aa1d5:c4821]
2019-08-30 23:40:40,653 [SCMBlockDeletingService#1] DEBUG block.SCMBlockDeletingService (SCMBlockDeletingService.java:call(138)) - Running DeletedBlockTransactionScanner
2019-08-30 23:40:40,653 [SCMBlockDeletingService#1] DEBUG block.SCMBlockDeletingService (SCMBlockDeletingService.java:call(155)) - Scanned deleted blocks log and got 0 delTX to process.
2019-08-30 23:40:40,660 [grpc-default-executor-1] INFO  client.GrpcClientProtocolClient (GrpcClientProtocolClient.java:onNext(255)) - client-D5BE96C883BA->c9f1298e-d840-49d8-aac3-de81602aa1d5: receive RaftClientReply:client-D5BE96C883BA->c9f1298e-d840-49d8-aac3-de81602aa1d5@group-E9810A644481, cid=3505, SUCCESS, logIndex=4823, commits[c9f1298e-d840-49d8-aac3-de81602aa1d5:c4824]
2019-08-30 23:40:40,661 [grpc-default-executor-1] INFO  client.GrpcClientProtocolClient (GrpcClientProtocolClient.java:onNext(255)) - client-D5BE96C883BA->c9f1298e-d840-49d8-aac3-de81602aa1d5: receive RaftClientReply:client-D5BE96C883BA->c9f1298e-d840-49d8-aac3-de81602aa1d5@group-E9810A644481, cid=3506, SUCCESS, logIndex=4824, commits[c9f1298e-d840-49d8-aac3-de81602aa1d5:c4824]
2019-08-30 23:40:40,670 [grpc-default-executor-1] INFO  client.GrpcClientProtocolClient (GrpcClientProtocolClient.java:onNext(255)) - client-D5BE96C883BA->c9f1298e-d840-49d8-aac3-de81602aa1d5: receive RaftClientReply:client-D5BE96C883BA->c9f1298e-d840-49d8-aac3-de81602aa1d5@group-E9810A644481, cid=3507, SUCCESS, logIndex=4825, commits[c9f1298e-d840-49d8-aac3-de81602aa1d5:c4826]
2019-08-30 23:40:40,671 [grpc-default-executor-1] INFO  client.GrpcClientProtocolClient (GrpcClientProtocolClient.java:onNext(255)) - client-D5BE96C883BA->c9f1298e-d840-49d8-aac3-de81602aa1d5: receive RaftClientReply:client-D5BE96C883BA->c9f1298e-d840-49d8-aac3-de81602aa1d5@group-E9810A644481, cid=3508, SUCCESS, logIndex=4826, commits[c9f1298e-d840-49d8-aac3-de81602aa1d5:c4826]
2019-08-30 23:40:40,696 [grpc-default-executor-1] INFO  client.GrpcClientProtocolClient (GrpcClientProtocolClient.java:onNext(255)) - client-D5BE96C883BA->c9f1298e-d840-49d8-aac3-de81602aa1d5: receive RaftClientReply:client-D5BE96C883BA->c9f1298e-d840-49d8-aac3-de81602aa1d5@group-E9810A644481, cid=3509, SUCCESS, logIndex=4829, commits[c9f1298e-d840-49d8-aac3-de81602aa1d5:c4832]
2019-08-30 23:40:40,697 [grpc-default-executor-1] INFO  client.GrpcClientProtocolClient (GrpcClientProtocolClient.java:onNext(255)) - client-D5BE96C883BA->c9f1298e-d840-49d8-aac3-de81602aa1d5: receive RaftClientReply:client-D5BE96C883BA->c9f1298e-d840-49d8-aac3-de81602aa1d5@group-E9810A644481, cid=3510, SUCCESS, logIndex=4830, commits[c9f1298e-d840-49d8-aac3-de81602aa1d5:c4832]
2019-08-30 23:40:40,697 [grpc-default-executor-1] INFO  client.GrpcClientProtocolClient (GrpcClientProtocolClient.java:onNext(255)) - client-D5BE96C883BA->c9f1298e-d840-49d8-aac3-de81602aa1d5: receive RaftClientReply:client-D5BE96C883BA->c9f1298e-d840-49d8-aac3-de81602aa1d5@group-E9810A644481, cid=3511, SUCCESS, logIndex=4831, commits[c9f1298e-d840-49d8-aac3-de81602aa1d5:c4832]
2019-08-30 23:40:40,697 [grpc-default-executor-1] INFO  client.GrpcClientProtocolClient (GrpcClientProtocolClient.java:onNext(255)) - client-D5BE96C883BA->c9f1298e-d840-49d8-aac3-de81602aa1d5: receive RaftClientReply:client-D5BE96C883BA->c9f1298e-d840-49d8-aac3-de81602aa1d5@group-E9810A644481, cid=3512, SUCCESS, logIndex=4832, commits[c9f1298e-d840-49d8-aac3-de81602aa1d5:c4832]
2019-08-30 23:40:40,722 [grpc-default-executor-1] INFO  client.GrpcClientProtocolClient (GrpcClientProtocolClient.java:onNext(255)) - client-D5BE96C883BA->c9f1298e-d840-49d8-aac3-de81602aa1d5: receive RaftClientReply:client-D5BE96C883BA->c9f1298e-d840-49d8-aac3-de81602aa1d5@group-E9810A644481, cid=3513, SUCCESS, logIndex=4834, commits[c9f1298e-d840-49d8-aac3-de81602aa1d5:c4835]
2019-08-30 23:40:40,723 [grpc-default-executor-1] INFO  client.GrpcClientProtocolClient (GrpcClientProtocolClient.java:onNext(255)) - client-D5BE96C883BA->c9f1298e-d840-49d8-aac3-de81602aa1d5: receive RaftClientReply:client-D5BE96C883BA->c9f1298e-d840-49d8-aac3-de81602aa1d5@group-E9810A644481, cid=3514, SUCCESS, logIndex=4835, commits[c9f1298e-d840-49d8-aac3-de81602aa1d5:c4835]
2019-08-30 23:40:40,726 [grpc-default-executor-1] INFO  client.GrpcClientProtocolClient (GrpcClientProtocolClient.java:onNext(255)) - client-D5BE96C883BA->c9f1298e-d840-49d8-aac3-de81602aa1d5: receive RaftClientReply:client-D5BE96C883BA->c9f1298e-d840-49d8-aac3-de81602aa1d5@group-E9810A644481, cid=3515, SUCCESS, logIndex=4836, commits[c9f1298e-d840-49d8-aac3-de81602aa1d5:c4837]
2019-08-30 23:40:40,727 [grpc-default-executor-1] INFO  client.GrpcClientProtocolClient (GrpcClientProtocolClient.java:onNext(255)) - client-D5BE96C883BA->c9f1298e-d840-49d8-aac3-de81602aa1d5: receive RaftClientReply:client-D5BE96C883BA->c9f1298e-d840-49d8-aac3-de81602aa1d5@group-E9810A644481, cid=3516, SUCCESS, logIndex=4837, commits[c9f1298e-d840-49d8-aac3-de81602aa1d5:c4837]
2019-08-30 23:40:40,742 [grpc-default-executor-1] INFO  client.GrpcClientProtocolClient (GrpcClientProtocolClient.java:onNext(255)) - client-D5BE96C883BA->c9f1298e-d840-49d8-aac3-de81602aa1d5: receive RaftClientReply:client-D5BE96C883BA->c9f1298e-d840-49d8-aac3-de81602aa1d5@group-E9810A644481, cid=3517, SUCCESS, logIndex=4840, commits[c9f1298e-d840-49d8-aac3-de81602aa1d5:c4843]
2019-08-30 23:40:40,743 [grpc-default-executor-1] INFO  client.GrpcClientProtocolClient (GrpcClientProtocolClient.java:onNext(255)) - client-D5BE96C883BA->c9f1298e-d840-49d8-aac3-de81602aa1d5: receive RaftClientReply:client-D5BE96C883BA->c9f1298e-d840-49d8-aac3-de81602aa1d5@group-E9810A644481, cid=3518, SUCCESS, logIndex=4841, commits[c9f1298e-d840-49d8-aac3-de81602aa1d5:c4843]
2019-08-30 23:40:40,743 [grpc-default-executor-1] INFO  client.GrpcClientProtocolClient (GrpcClientProtocolClient.java:onNext(255)) - client-D5BE96C883BA->c9f1298e-d840-49d8-aac3-de81602aa1d5: receive RaftClientReply:client-D5BE96C883BA->c9f1298e-d840-49d8-aac3-de81602aa1d5@group-E9810A644481, cid=3519, SUCCESS, logIndex=4842, commits[c9f1298e-d840-49d8-aac3-de81602aa1d5:c4843]
2019-08-30 23:40:40,743 [grpc-default-executor-1] INFO  client.GrpcClientProtocolClient (GrpcClientProtocolClient.java:onNext(255)) - client-D5BE96C883BA->c9f1298e-d840-49d8-aac3-de81602aa1d5: receive RaftClientReply:client-D5BE96C883BA->c9f1298e-d840-49d8-aac3-de81602aa1d5@group-E9810A644481, cid=3520, SUCCESS, logIndex=4843, commits[c9f1298e-d840-49d8-aac3-de81602aa1d5:c4843]
2019-08-30 23:40:40,754 [SCMBlockDeletingService#1] DEBUG block.SCMBlockDeletingService (SCMBlockDeletingService.java:call(138)) - Running DeletedBlockTransactionScanner
2019-08-30 23:40:40,754 [SCMBlockDeletingService#1] DEBUG block.SCMBlockDeletingService (SCMBlockDeletingService.java:call(155)) - Scanned deleted blocks log and got 0 delTX to process.
2019-08-30 23:40:40,766 [grpc-default-executor-1] INFO  client.GrpcClientProtocolClient (GrpcClientProtocolClient.java:onNext(255)) - client-D5BE96C883BA->c9f1298e-d840-49d8-aac3-de81602aa1d5: receive RaftClientReply:client-D5BE96C883BA->c9f1298e-d840-49d8-aac3-de81602aa1d5@group-E9810A644481, cid=3521, SUCCESS, logIndex=4845, commits[c9f1298e-d840-49d8-aac3-de81602aa1d5:c4848]
2019-08-30 23:40:40,767 [grpc-default-executor-1] INFO  client.GrpcClientProtocolClient (GrpcClientProtocolClient.java:onNext(255)) - client-D5BE96C883BA->c9f1298e-d840-49d8-aac3-de81602aa1d5: receive RaftClientReply:client-D5BE96C883BA->c9f1298e-d840-49d8-aac3-de81602aa1d5@group-E9810A644481, cid=3522, SUCCESS, logIndex=4846, commits[c9f1298e-d840-49d8-aac3-de81602aa1d5:c4848]
2019-08-30 23:40:40,767 [grpc-default-executor-1] INFO  client.GrpcClientProtocolClient (GrpcClientProtocolClient.java:onNext(255)) - client-D5BE96C883BA->c9f1298e-d840-49d8-aac3-de81602aa1d5: receive RaftClientReply:client-D5BE96C883BA->c9f1298e-d840-49d8-aac3-de81602aa1d5@group-E9810A644481, cid=3523, SUCCESS, logIndex=4847, commits[c9f1298e-d840-49d8-aac3-de81602aa1d5:c4849]
2019-08-30 23:40:40,768 [grpc-default-executor-1] INFO  client.GrpcClientProtocolClient (GrpcClientProtocolClient.java:onNext(255)) - client-D5BE96C883BA->c9f1298e-d840-49d8-aac3-de81602aa1d5: receive RaftClientReply:client-D5BE96C883BA->c9f1298e-d840-49d8-aac3-de81602aa1d5@group-E9810A644481, cid=3524, SUCCESS, logIndex=4848, commits[c9f1298e-d840-49d8-aac3-de81602aa1d5:c4849]
2019-08-30 23:40:40,792 [grpc-default-executor-1] INFO  client.GrpcClientProtocolClient (GrpcClientProtocolClient.java:onNext(255)) - client-D5BE96C883BA->c9f1298e-d840-49d8-aac3-de81602aa1d5: receive RaftClientReply:client-D5BE96C883BA->c9f1298e-d840-49d8-aac3-de81602aa1d5@group-E9810A644481, cid=3525, SUCCESS, logIndex=4850, commits[c9f1298e-d840-49d8-aac3-de81602aa1d5:c4853]
2019-08-30 23:40:40,792 [grpc-default-executor-1] INFO  client.GrpcClientProtocolClient (GrpcClientProtocolClient.java:onNext(255)) - client-D5BE96C883BA->c9f1298e-d840-49d8-aac3-de81602aa1d5: receive RaftClientReply:client-D5BE96C883BA->c9f1298e-d840-49d8-aac3-de81602aa1d5@group-E9810A644481, cid=3526, SUCCESS, logIndex=4851, commits[c9f1298e-d840-49d8-aac3-de81602aa1d5:c4853]
2019-08-30 23:40:40,793 [grpc-default-executor-1] INFO  client.GrpcClientProtocolClient (GrpcClientProtocolClient.java:onNext(255)) - client-D5BE96C883BA->c9f1298e-d840-49d8-aac3-de81602aa1d5: receive RaftClientReply:client-D5BE96C883BA->c9f1298e-d840-49d8-aac3-de81602aa1d5@group-E9810A644481, cid=3527, SUCCESS, logIndex=4852, commits[c9f1298e-d840-49d8-aac3-de81602aa1d5:c4853]
2019-08-30 23:40:40,793 [grpc-default-executor-1] INFO  client.GrpcClientProtocolClient (GrpcClientProtocolClient.java:onNext(255)) - client-D5BE96C883BA->c9f1298e-d840-49d8-aac3-de81602aa1d5: receive RaftClientReply:client-D5BE96C883BA->c9f1298e-d840-49d8-aac3-de81602aa1d5@group-E9810A644481, cid=3528, SUCCESS, logIndex=4853, commits[c9f1298e-d840-49d8-aac3-de81602aa1d5:c4853]
2019-08-30 23:40:40,825 [grpc-default-executor-0] INFO  client.GrpcClientProtocolClient (GrpcClientProtocolClient.java:onNext(255)) - client-D5BE96C883BA->c9f1298e-d840-49d8-aac3-de81602aa1d5: receive RaftClientReply:client-D5BE96C883BA->c9f1298e-d840-49d8-aac3-de81602aa1d5@group-E9810A644481, cid=3529, SUCCESS, logIndex=4855, commits[c9f1298e-d840-49d8-aac3-de81602aa1d5:c4856]
2019-08-30 23:40:40,826 [grpc-default-executor-0] INFO  client.GrpcClientProtocolClient (GrpcClientProtocolClient.java:onNext(255)) - client-D5BE96C883BA->c9f1298e-d840-49d8-aac3-de81602aa1d5: receive RaftClientReply:client-D5BE96C883BA->c9f1298e-d840-49d8-aac3-de81602aa1d5@group-E9810A644481, cid=3530, SUCCESS, logIndex=4856, commits[c9f1298e-d840-49d8-aac3-de81602aa1d5:c4856]
2019-08-30 23:40:40,843 [grpc-default-executor-0] INFO  client.GrpcClientProtocolClient (GrpcClientProtocolClient.java:onNext(255)) - client-D5BE96C883BA->c9f1298e-d840-49d8-aac3-de81602aa1d5: receive RaftClientReply:client-D5BE96C883BA->c9f1298e-d840-49d8-aac3-de81602aa1d5@group-E9810A644481, cid=3531, SUCCESS, logIndex=4857, commits[c9f1298e-d840-49d8-aac3-de81602aa1d5:c4858]
2019-08-30 23:40:40,843 [grpc-default-executor-0] INFO  client.GrpcClientProtocolClient (GrpcClientProtocolClient.java:onNext(255)) - client-D5BE96C883BA->c9f1298e-d840-49d8-aac3-de81602aa1d5: receive RaftClientReply:client-D5BE96C883BA->c9f1298e-d840-49d8-aac3-de81602aa1d5@group-E9810A644481, cid=3532, SUCCESS, logIndex=4858, commits[c9f1298e-d840-49d8-aac3-de81602aa1d5:c4858]
2019-08-30 23:40:40,854 [SCMBlockDeletingService#1] DEBUG block.SCMBlockDeletingService (SCMBlockDeletingService.java:call(138)) - Running DeletedBlockTransactionScanner
2019-08-30 23:40:40,854 [SCMBlockDeletingService#1] DEBUG block.SCMBlockDeletingService (SCMBlockDeletingService.java:call(155)) - Scanned deleted blocks log and got 0 delTX to process.
2019-08-30 23:40:40,864 [grpc-default-executor-0] INFO  client.GrpcClientProtocolClient (GrpcClientProtocolClient.java:onNext(255)) - client-D5BE96C883BA->c9f1298e-d840-49d8-aac3-de81602aa1d5: receive RaftClientReply:client-D5BE96C883BA->c9f1298e-d840-49d8-aac3-de81602aa1d5@group-E9810A644481, cid=3533, SUCCESS, logIndex=4861, commits[c9f1298e-d840-49d8-aac3-de81602aa1d5:c4864]
2019-08-30 23:40:40,864 [grpc-default-executor-0] INFO  client.GrpcClientProtocolClient (GrpcClientProtocolClient.java:onNext(255)) - client-D5BE96C883BA->c9f1298e-d840-49d8-aac3-de81602aa1d5: receive RaftClientReply:client-D5BE96C883BA->c9f1298e-d840-49d8-aac3-de81602aa1d5@group-E9810A644481, cid=3534, SUCCESS, logIndex=4862, commits[c9f1298e-d840-49d8-aac3-de81602aa1d5:c4864]
2019-08-30 23:40:40,864 [grpc-default-executor-0] INFO  client.GrpcClientProtocolClient (GrpcClientProtocolClient.java:onNext(255)) - client-D5BE96C883BA->c9f1298e-d840-49d8-aac3-de81602aa1d5: receive RaftClientReply:client-D5BE96C883BA->c9f1298e-d840-49d8-aac3-de81602aa1d5@group-E9810A644481, cid=3535, SUCCESS, logIndex=4863, commits[c9f1298e-d840-49d8-aac3-de81602aa1d5:c4865]
2019-08-30 23:40:40,865 [grpc-default-executor-0] INFO  client.GrpcClientProtocolClient (GrpcClientProtocolClient.java:onNext(255)) - client-D5BE96C883BA->c9f1298e-d840-49d8-aac3-de81602aa1d5: receive RaftClientReply:client-D5BE96C883BA->c9f1298e-d840-49d8-aac3-de81602aa1d5@group-E9810A644481, cid=3536, SUCCESS, logIndex=4864, commits[c9f1298e-d840-49d8-aac3-de81602aa1d5:c4865]
2019-08-30 23:40:40,954 [SCMBlockDeletingService#1] DEBUG block.SCMBlockDeletingService (SCMBlockDeletingService.java:call(138)) - Running DeletedBlockTransactionScanner
2019-08-30 23:40:40,955 [SCMBlockDeletingService#1] DEBUG block.SCMBlockDeletingService (SCMBlockDeletingService.java:call(155)) - Scanned deleted blocks log and got 0 delTX to process.
2019-08-30 23:40:40,987 [grpc-default-executor-0] INFO  client.GrpcClientProtocolClient (GrpcClientProtocolClient.java:onNext(255)) - client-D5BE96C883BA->c9f1298e-d840-49d8-aac3-de81602aa1d5: receive RaftClientReply:client-D5BE96C883BA->c9f1298e-d840-49d8-aac3-de81602aa1d5@group-E9810A644481, cid=3537, SUCCESS, logIndex=4866, commits[c9f1298e-d840-49d8-aac3-de81602aa1d5:c4869]
2019-08-30 23:40:40,987 [grpc-default-executor-0] INFO  client.GrpcClientProtocolClient (GrpcClientProtocolClient.java:onNext(255)) - client-D5BE96C883BA->c9f1298e-d840-49d8-aac3-de81602aa1d5: receive RaftClientReply:client-D5BE96C883BA->c9f1298e-d840-49d8-aac3-de81602aa1d5@group-E9810A644481, cid=3538, SUCCESS, logIndex=4867, commits[c9f1298e-d840-49d8-aac3-de81602aa1d5:c4869]
2019-08-30 23:40:40,987 [grpc-default-executor-0] INFO  client.GrpcClientProtocolClient (GrpcClientProtocolClient.java:onNext(255)) - client-D5BE96C883BA->c9f1298e-d840-49d8-aac3-de81602aa1d5: receive RaftClientReply:client-D5BE96C883BA->c9f1298e-d840-49d8-aac3-de81602aa1d5@group-E9810A644481, cid=3539, SUCCESS, logIndex=4868, commits[c9f1298e-d840-49d8-aac3-de81602aa1d5:c4869]
2019-08-30 23:40:40,988 [grpc-default-executor-0] INFO  client.GrpcClientProtocolClient (GrpcClientProtocolClient.java:onNext(255)) - client-D5BE96C883BA->c9f1298e-d840-49d8-aac3-de81602aa1d5: receive RaftClientReply:client-D5BE96C883BA->c9f1298e-d840-49d8-aac3-de81602aa1d5@group-E9810A644481, cid=3540, SUCCESS, logIndex=4869, commits[c9f1298e-d840-49d8-aac3-de81602aa1d5:c4870]
2019-08-30 23:40:41,010 [grpc-default-executor-1] INFO  client.GrpcClientProtocolClient (GrpcClientProtocolClient.java:onNext(255)) - client-D5BE96C883BA->c9f1298e-d840-49d8-aac3-de81602aa1d5: receive RaftClientReply:client-D5BE96C883BA->c9f1298e-d840-49d8-aac3-de81602aa1d5@group-E9810A644481, cid=3541, SUCCESS, logIndex=4871, commits[c9f1298e-d840-49d8-aac3-de81602aa1d5:c4874]
2019-08-30 23:40:41,010 [grpc-default-executor-1] INFO  client.GrpcClientProtocolClient (GrpcClientProtocolClient.java:onNext(255)) - client-D5BE96C883BA->c9f1298e-d840-49d8-aac3-de81602aa1d5: receive RaftClientReply:client-D5BE96C883BA->c9f1298e-d840-49d8-aac3-de81602aa1d5@group-E9810A644481, cid=3542, SUCCESS, logIndex=4872, commits[c9f1298e-d840-49d8-aac3-de81602aa1d5:c4874]
2019-08-30 23:40:41,011 [grpc-default-executor-1] INFO  client.GrpcClientProtocolClient (GrpcClientProtocolClient.java:onNext(255)) - client-D5BE96C883BA->c9f1298e-d840-49d8-aac3-de81602aa1d5: receive RaftClientReply:client-D5BE96C883BA->c9f1298e-d840-49d8-aac3-de81602aa1d5@group-E9810A644481, cid=3543, SUCCESS, logIndex=4873, commits[c9f1298e-d840-49d8-aac3-de81602aa1d5:c4874]
2019-08-30 23:40:41,011 [grpc-default-executor-1] INFO  client.GrpcClientProtocolClient (GrpcClientProtocolClient.java:onNext(255)) - client-D5BE96C883BA->c9f1298e-d840-49d8-aac3-de81602aa1d5: receive RaftClientReply:client-D5BE96C883BA->c9f1298e-d840-49d8-aac3-de81602aa1d5@group-E9810A644481, cid=3544, SUCCESS, logIndex=4874, commits[c9f1298e-d840-49d8-aac3-de81602aa1d5:c4874]
2019-08-30 23:40:41,055 [SCMBlockDeletingService#1] DEBUG block.SCMBlockDeletingService (SCMBlockDeletingService.java:call(138)) - Running DeletedBlockTransactionScanner
2019-08-30 23:40:41,055 [SCMBlockDeletingService#1] DEBUG block.SCMBlockDeletingService (SCMBlockDeletingService.java:call(155)) - Scanned deleted blocks log and got 0 delTX to process.
2019-08-30 23:40:41,071 [grpc-default-executor-0] INFO  client.GrpcClientProtocolClient (GrpcClientProtocolClient.java:onNext(255)) - client-D5BE96C883BA->c9f1298e-d840-49d8-aac3-de81602aa1d5: receive RaftClientReply:client-D5BE96C883BA->c9f1298e-d840-49d8-aac3-de81602aa1d5@group-E9810A644481, cid=3545, SUCCESS, logIndex=4876, commits[c9f1298e-d840-49d8-aac3-de81602aa1d5:c4879]
2019-08-30 23:40:41,071 [grpc-default-executor-0] INFO  client.GrpcClientProtocolClient (GrpcClientProtocolClient.java:onNext(255)) - client-D5BE96C883BA->c9f1298e-d840-49d8-aac3-de81602aa1d5: receive RaftClientReply:client-D5BE96C883BA->c9f1298e-d840-49d8-aac3-de81602aa1d5@group-E9810A644481, cid=3546, SUCCESS, logIndex=4877, commits[c9f1298e-d840-49d8-aac3-de81602aa1d5:c4879]
2019-08-30 23:40:41,071 [grpc-default-executor-0] INFO  client.GrpcClientProtocolClient (GrpcClientProtocolClient.java:onNext(255)) - client-D5BE96C883BA->c9f1298e-d840-49d8-aac3-de81602aa1d5: receive RaftClientReply:client-D5BE96C883BA->c9f1298e-d840-49d8-aac3-de81602aa1d5@group-E9810A644481, cid=3547, SUCCESS, logIndex=4878, commits[c9f1298e-d840-49d8-aac3-de81602aa1d5:c4879]
2019-08-30 23:40:41,072 [grpc-default-executor-0] INFO  client.GrpcClientProtocolClient (GrpcClientProtocolClient.java:onNext(255)) - client-D5BE96C883BA->c9f1298e-d840-49d8-aac3-de81602aa1d5: receive RaftClientReply:client-D5BE96C883BA->c9f1298e-d840-49d8-aac3-de81602aa1d5@group-E9810A644481, cid=3548, SUCCESS, logIndex=4879, commits[c9f1298e-d840-49d8-aac3-de81602aa1d5:c4879]
2019-08-30 23:40:41,109 [grpc-default-executor-1] INFO  client.GrpcClientProtocolClient (GrpcClientProtocolClient.java:onNext(255)) - client-D5BE96C883BA->c9f1298e-d840-49d8-aac3-de81602aa1d5: receive RaftClientReply:client-D5BE96C883BA->c9f1298e-d840-49d8-aac3-de81602aa1d5@group-E9810A644481, cid=3549, SUCCESS, logIndex=4881, commits[c9f1298e-d840-49d8-aac3-de81602aa1d5:c4884]
2019-08-30 23:40:41,110 [grpc-default-executor-1] INFO  client.GrpcClientProtocolClient (GrpcClientProtocolClient.java:onNext(255)) - client-D5BE96C883BA->c9f1298e-d840-49d8-aac3-de81602aa1d5: receive RaftClientReply:client-D5BE96C883BA->c9f1298e-d840-49d8-aac3-de81602aa1d5@group-E9810A644481, cid=3550, SUCCESS, logIndex=4882, commits[c9f1298e-d840-49d8-aac3-de81602aa1d5:c4884]
2019-08-30 23:40:41,110 [grpc-default-executor-1] INFO  client.GrpcClientProtocolClient (GrpcClientProtocolClient.java:onNext(255)) - client-D5BE96C883BA->c9f1298e-d840-49d8-aac3-de81602aa1d5: receive RaftClientReply:client-D5BE96C883BA->c9f1298e-d840-49d8-aac3-de81602aa1d5@group-E9810A644481, cid=3551, SUCCESS, logIndex=4883, commits[c9f1298e-d840-49d8-aac3-de81602aa1d5:c4884]
2019-08-30 23:40:41,110 [grpc-default-executor-1] INFO  client.GrpcClientProtocolClient (GrpcClientProtocolClient.java:onNext(255)) - client-D5BE96C883BA->c9f1298e-d840-49d8-aac3-de81602aa1d5: receive RaftClientReply:client-D5BE96C883BA->c9f1298e-d840-49d8-aac3-de81602aa1d5@group-E9810A644481, cid=3552, SUCCESS, logIndex=4884, commits[c9f1298e-d840-49d8-aac3-de81602aa1d5:c4884]
2019-08-30 23:40:41,150 [grpc-default-executor-0] INFO  client.GrpcClientProtocolClient (GrpcClientProtocolClient.java:onNext(255)) - client-D5BE96C883BA->c9f1298e-d840-49d8-aac3-de81602aa1d5: receive RaftClientReply:client-D5BE96C883BA->c9f1298e-d840-49d8-aac3-de81602aa1d5@group-E9810A644481, cid=3553, SUCCESS, logIndex=4886, commits[c9f1298e-d840-49d8-aac3-de81602aa1d5:c4889]
2019-08-30 23:40:41,151 [grpc-default-executor-0] INFO  client.GrpcClientProtocolClient (GrpcClientProtocolClient.java:onNext(255)) - client-D5BE96C883BA->c9f1298e-d840-49d8-aac3-de81602aa1d5: receive RaftClientReply:client-D5BE96C883BA->c9f1298e-d840-49d8-aac3-de81602aa1d5@group-E9810A644481, cid=3554, SUCCESS, logIndex=4887, commits[c9f1298e-d840-49d8-aac3-de81602aa1d5:c4889]
2019-08-30 23:40:41,151 [grpc-default-executor-0] INFO  client.GrpcClientProtocolClient (GrpcClientProtocolClient.java:onNext(255)) - client-D5BE96C883BA->c9f1298e-d840-49d8-aac3-de81602aa1d5: receive RaftClientReply:client-D5BE96C883BA->c9f1298e-d840-49d8-aac3-de81602aa1d5@group-E9810A644481, cid=3555, SUCCESS, logIndex=4888, commits[c9f1298e-d840-49d8-aac3-de81602aa1d5:c4889]
2019-08-30 23:40:41,151 [grpc-default-executor-0] INFO  client.GrpcClientProtocolClient (GrpcClientProtocolClient.java:onNext(255)) - client-D5BE96C883BA->c9f1298e-d840-49d8-aac3-de81602aa1d5: receive RaftClientReply:client-D5BE96C883BA->c9f1298e-d840-49d8-aac3-de81602aa1d5@group-E9810A644481, cid=3556, SUCCESS, logIndex=4889, commits[c9f1298e-d840-49d8-aac3-de81602aa1d5:c4889]
2019-08-30 23:40:41,156 [SCMBlockDeletingService#1] DEBUG block.SCMBlockDeletingService (SCMBlockDeletingService.java:call(138)) - Running DeletedBlockTransactionScanner
2019-08-30 23:40:41,156 [SCMBlockDeletingService#1] DEBUG block.SCMBlockDeletingService (SCMBlockDeletingService.java:call(155)) - Scanned deleted blocks log and got 0 delTX to process.
2019-08-30 23:40:41,182 [grpc-default-executor-0] INFO  client.GrpcClientProtocolClient (GrpcClientProtocolClient.java:onNext(255)) - client-D5BE96C883BA->c9f1298e-d840-49d8-aac3-de81602aa1d5: receive RaftClientReply:client-D5BE96C883BA->c9f1298e-d840-49d8-aac3-de81602aa1d5@group-E9810A644481, cid=3557, SUCCESS, logIndex=4891, commits[c9f1298e-d840-49d8-aac3-de81602aa1d5:c4894]
2019-08-30 23:40:41,182 [grpc-default-executor-0] INFO  client.GrpcClientProtocolClient (GrpcClientProtocolClient.java:onNext(255)) - client-D5BE96C883BA->c9f1298e-d840-49d8-aac3-de81602aa1d5: receive RaftClientReply:client-D5BE96C883BA->c9f1298e-d840-49d8-aac3-de81602aa1d5@group-E9810A644481, cid=3558, SUCCESS, logIndex=4892, commits[c9f1298e-d840-49d8-aac3-de81602aa1d5:c4894]
2019-08-30 23:40:41,182 [grpc-default-executor-0] INFO  client.GrpcClientProtocolClient (GrpcClientProtocolClient.java:onNext(255)) - client-D5BE96C883BA->c9f1298e-d840-49d8-aac3-de81602aa1d5: receive RaftClientReply:client-D5BE96C883BA->c9f1298e-d840-49d8-aac3-de81602aa1d5@group-E9810A644481, cid=3559, SUCCESS, logIndex=4893, commits[c9f1298e-d840-49d8-aac3-de81602aa1d5:c4894]
2019-08-30 23:40:41,183 [grpc-default-executor-0] INFO  client.GrpcClientProtocolClient (GrpcClientProtocolClient.java:onNext(255)) - client-D5BE96C883BA->c9f1298e-d840-49d8-aac3-de81602aa1d5: receive RaftClientReply:client-D5BE96C883BA->c9f1298e-d840-49d8-aac3-de81602aa1d5@group-E9810A644481, cid=3560, SUCCESS, logIndex=4894, commits[c9f1298e-d840-49d8-aac3-de81602aa1d5:c4894]
2019-08-30 23:40:41,205 [grpc-default-executor-1] INFO  client.GrpcClientProtocolClient (GrpcClientProtocolClient.java:onNext(255)) - client-D5BE96C883BA->c9f1298e-d840-49d8-aac3-de81602aa1d5: receive RaftClientReply:client-D5BE96C883BA->c9f1298e-d840-49d8-aac3-de81602aa1d5@group-E9810A644481, cid=3561, SUCCESS, logIndex=4896, commits[c9f1298e-d840-49d8-aac3-de81602aa1d5:c4897]
2019-08-30 23:40:41,206 [grpc-default-executor-1] INFO  client.GrpcClientProtocolClient (GrpcClientProtocolClient.java:onNext(255)) - client-D5BE96C883BA->c9f1298e-d840-49d8-aac3-de81602aa1d5: receive RaftClientReply:client-D5BE96C883BA->c9f1298e-d840-49d8-aac3-de81602aa1d5@group-E9810A644481, cid=3562, SUCCESS, logIndex=4897, commits[c9f1298e-d840-49d8-aac3-de81602aa1d5:c4897]
2019-08-30 23:40:41,206 [grpc-default-executor-1] INFO  client.GrpcClientProtocolClient (GrpcClientProtocolClient.java:onNext(255)) - client-D5BE96C883BA->c9f1298e-d840-49d8-aac3-de81602aa1d5: receive RaftClientReply:client-D5BE96C883BA->c9f1298e-d840-49d8-aac3-de81602aa1d5@group-E9810A644481, cid=3563, SUCCESS, logIndex=4898, commits[c9f1298e-d840-49d8-aac3-de81602aa1d5:c4899]
2019-08-30 23:40:41,206 [grpc-default-executor-1] INFO  client.GrpcClientProtocolClient (GrpcClientProtocolClient.java:onNext(255)) - client-D5BE96C883BA->c9f1298e-d840-49d8-aac3-de81602aa1d5: receive RaftClientReply:client-D5BE96C883BA->c9f1298e-d840-49d8-aac3-de81602aa1d5@group-E9810A644481, cid=3564, SUCCESS, logIndex=4899, commits[c9f1298e-d840-49d8-aac3-de81602aa1d5:c4899]
2019-08-30 23:40:41,220 [grpc-default-executor-1] INFO  client.GrpcClientProtocolClient (GrpcClientProtocolClient.java:onNext(255)) - client-D5BE96C883BA->c9f1298e-d840-49d8-aac3-de81602aa1d5: receive RaftClientReply:client-D5BE96C883BA->c9f1298e-d840-49d8-aac3-de81602aa1d5@group-E9810A644481, cid=3565, SUCCESS, logIndex=4902, commits[c9f1298e-d840-49d8-aac3-de81602aa1d5:c4905]
2019-08-30 23:40:41,220 [grpc-default-executor-1] INFO  client.GrpcClientProtocolClient (GrpcClientProtocolClient.java:onNext(255)) - client-D5BE96C883BA->c9f1298e-d840-49d8-aac3-de81602aa1d5: receive RaftClientReply:client-D5BE96C883BA->c9f1298e-d840-49d8-aac3-de81602aa1d5@group-E9810A644481, cid=3566, SUCCESS, logIndex=4903, commits[c9f1298e-d840-49d8-aac3-de81602aa1d5:c4905]
2019-08-30 23:40:41,221 [grpc-default-executor-1] INFO  client.GrpcClientProtocolClient (GrpcClientProtocolClient.java:onNext(255)) - client-D5BE96C883BA->c9f1298e-d840-49d8-aac3-de81602aa1d5: receive RaftClientReply:client-D5BE96C883BA->c9f1298e-d840-49d8-aac3-de81602aa1d5@group-E9810A644481, cid=3567, SUCCESS, logIndex=4904, commits[c9f1298e-d840-49d8-aac3-de81602aa1d5:c4905]
2019-08-30 23:40:41,221 [grpc-default-executor-1] INFO  client.GrpcClientProtocolClient (GrpcClientProtocolClient.java:onNext(255)) - client-D5BE96C883BA->c9f1298e-d840-49d8-aac3-de81602aa1d5: receive RaftClientReply:client-D5BE96C883BA->c9f1298e-d840-49d8-aac3-de81602aa1d5@group-E9810A644481, cid=3568, SUCCESS, logIndex=4905, commits[c9f1298e-d840-49d8-aac3-de81602aa1d5:c4905]
2019-08-30 23:40:41,240 [grpc-default-executor-0] INFO  client.GrpcClientProtocolClient (GrpcClientProtocolClient.java:onNext(255)) - client-D5BE96C883BA->c9f1298e-d840-49d8-aac3-de81602aa1d5: receive RaftClientReply:client-D5BE96C883BA->c9f1298e-d840-49d8-aac3-de81602aa1d5@group-E9810A644481, cid=3569, SUCCESS, logIndex=4907, commits[c9f1298e-d840-49d8-aac3-de81602aa1d5:c4910]
2019-08-30 23:40:41,241 [grpc-default-executor-0] INFO  client.GrpcClientProtocolClient (GrpcClientProtocolClient.java:onNext(255)) - client-D5BE96C883BA->c9f1298e-d840-49d8-aac3-de81602aa1d5: receive RaftClientReply:client-D5BE96C883BA->c9f1298e-d840-49d8-aac3-de81602aa1d5@group-E9810A644481, cid=3570, SUCCESS, logIndex=4908, commits[c9f1298e-d840-49d8-aac3-de81602aa1d5:c4910]
2019-08-30 23:40:41,241 [grpc-default-executor-0] INFO  client.GrpcClientProtocolClient (GrpcClientProtocolClient.java:onNext(255)) - client-D5BE96C883BA->c9f1298e-d840-49d8-aac3-de81602aa1d5: receive RaftClientReply:client-D5BE96C883BA->c9f1298e-d840-49d8-aac3-de81602aa1d5@group-E9810A644481, cid=3571, SUCCESS, logIndex=4909, commits[c9f1298e-d840-49d8-aac3-de81602aa1d5:c4910]
2019-08-30 23:40:41,241 [grpc-default-executor-0] INFO  client.GrpcClientProtocolClient (GrpcClientProtocolClient.java:onNext(255)) - client-D5BE96C883BA->c9f1298e-d840-49d8-aac3-de81602aa1d5: receive RaftClientReply:client-D5BE96C883BA->c9f1298e-d840-49d8-aac3-de81602aa1d5@group-E9810A644481, cid=3572, SUCCESS, logIndex=4910, commits[c9f1298e-d840-49d8-aac3-de81602aa1d5:c4910]
2019-08-30 23:40:41,256 [SCMBlockDeletingService#1] DEBUG block.SCMBlockDeletingService (SCMBlockDeletingService.java:call(138)) - Running DeletedBlockTransactionScanner
2019-08-30 23:40:41,256 [SCMBlockDeletingService#1] DEBUG block.SCMBlockDeletingService (SCMBlockDeletingService.java:call(155)) - Scanned deleted blocks log and got 0 delTX to process.
2019-08-30 23:40:41,266 [grpc-default-executor-0] INFO  client.GrpcClientProtocolClient (GrpcClientProtocolClient.java:onNext(255)) - client-D5BE96C883BA->c9f1298e-d840-49d8-aac3-de81602aa1d5: receive RaftClientReply:client-D5BE96C883BA->c9f1298e-d840-49d8-aac3-de81602aa1d5@group-E9810A644481, cid=3573, SUCCESS, logIndex=4912, commits[c9f1298e-d840-49d8-aac3-de81602aa1d5:c4915]
2019-08-30 23:40:41,267 [grpc-default-executor-0] INFO  client.GrpcClientProtocolClient (GrpcClientProtocolClient.java:onNext(255)) - client-D5BE96C883BA->c9f1298e-d840-49d8-aac3-de81602aa1d5: receive RaftClientReply:client-D5BE96C883BA->c9f1298e-d840-49d8-aac3-de81602aa1d5@group-E9810A644481, cid=3574, SUCCESS, logIndex=4913, commits[c9f1298e-d840-49d8-aac3-de81602aa1d5:c4915]
2019-08-30 23:40:41,267 [grpc-default-executor-0] INFO  client.GrpcClientProtocolClient (GrpcClientProtocolClient.java:onNext(255)) - client-D5BE96C883BA->c9f1298e-d840-49d8-aac3-de81602aa1d5: receive RaftClientReply:client-D5BE96C883BA->c9f1298e-d840-49d8-aac3-de81602aa1d5@group-E9810A644481, cid=3575, SUCCESS, logIndex=4914, commits[c9f1298e-d840-49d8-aac3-de81602aa1d5:c4915]
2019-08-30 23:40:41,267 [grpc-default-executor-0] INFO  client.GrpcClientProtocolClient (GrpcClientProtocolClient.java:onNext(255)) - client-D5BE96C883BA->c9f1298e-d840-49d8-aac3-de81602aa1d5: receive RaftClientReply:client-D5BE96C883BA->c9f1298e-d840-49d8-aac3-de81602aa1d5@group-E9810A644481, cid=3576, SUCCESS, logIndex=4915, commits[c9f1298e-d840-49d8-aac3-de81602aa1d5:c4915]
2019-08-30 23:40:41,295 [grpc-default-executor-1] INFO  client.GrpcClientProtocolClient (GrpcClientProtocolClient.java:onNext(255)) - client-D5BE96C883BA->c9f1298e-d840-49d8-aac3-de81602aa1d5: receive RaftClientReply:client-D5BE96C883BA->c9f1298e-d840-49d8-aac3-de81602aa1d5@group-E9810A644481, cid=3577, SUCCESS, logIndex=4917, commits[c9f1298e-d840-49d8-aac3-de81602aa1d5:c4918]
2019-08-30 23:40:41,296 [grpc-default-executor-1] INFO  client.GrpcClientProtocolClient (GrpcClientProtocolClient.java:onNext(255)) - client-D5BE96C883BA->c9f1298e-d840-49d8-aac3-de81602aa1d5: receive RaftClientReply:client-D5BE96C883BA->c9f1298e-d840-49d8-aac3-de81602aa1d5@group-E9810A644481, cid=3578, SUCCESS, logIndex=4918, commits[c9f1298e-d840-49d8-aac3-de81602aa1d5:c4918]
2019-08-30 23:40:41,299 [grpc-default-executor-1] INFO  client.GrpcClientProtocolClient (GrpcClientProtocolClient.java:onNext(255)) - client-D5BE96C883BA->c9f1298e-d840-49d8-aac3-de81602aa1d5: receive RaftClientReply:client-D5BE96C883BA->c9f1298e-d840-49d8-aac3-de81602aa1d5@group-E9810A644481, cid=3579, SUCCESS, logIndex=4919, commits[c9f1298e-d840-49d8-aac3-de81602aa1d5:c4920]
2019-08-30 23:40:41,299 [grpc-default-executor-1] INFO  client.GrpcClientProtocolClient (GrpcClientProtocolClient.java:onNext(255)) - client-D5BE96C883BA->c9f1298e-d840-49d8-aac3-de81602aa1d5: receive RaftClientReply:client-D5BE96C883BA->c9f1298e-d840-49d8-aac3-de81602aa1d5@group-E9810A644481, cid=3580, SUCCESS, logIndex=4920, commits[c9f1298e-d840-49d8-aac3-de81602aa1d5:c4920]
2019-08-30 23:40:41,357 [SCMBlockDeletingService#1] DEBUG block.SCMBlockDeletingService (SCMBlockDeletingService.java:call(138)) - Running DeletedBlockTransactionScanner
2019-08-30 23:40:41,357 [SCMBlockDeletingService#1] DEBUG block.SCMBlockDeletingService (SCMBlockDeletingService.java:call(155)) - Scanned deleted blocks log and got 0 delTX to process.
2019-08-30 23:40:41,400 [grpc-default-executor-1] INFO  client.GrpcClientProtocolClient (GrpcClientProtocolClient.java:onNext(255)) - client-D5BE96C883BA->c9f1298e-d840-49d8-aac3-de81602aa1d5: receive RaftClientReply:client-D5BE96C883BA->c9f1298e-d840-49d8-aac3-de81602aa1d5@group-E9810A644481, cid=3581, SUCCESS, logIndex=4923, commits[c9f1298e-d840-49d8-aac3-de81602aa1d5:c4926]
2019-08-30 23:40:41,401 [grpc-default-executor-1] INFO  client.GrpcClientProtocolClient (GrpcClientProtocolClient.java:onNext(255)) - client-D5BE96C883BA->c9f1298e-d840-49d8-aac3-de81602aa1d5: receive RaftClientReply:client-D5BE96C883BA->c9f1298e-d840-49d8-aac3-de81602aa1d5@group-E9810A644481, cid=3582, SUCCESS, logIndex=4924, commits[c9f1298e-d840-49d8-aac3-de81602aa1d5:c4926]
2019-08-30 23:40:41,401 [grpc-default-executor-1] INFO  client.GrpcClientProtocolClient (GrpcClientProtocolClient.java:onNext(255)) - client-D5BE96C883BA->c9f1298e-d840-49d8-aac3-de81602aa1d5: receive RaftClientReply:client-D5BE96C883BA->c9f1298e-d840-49d8-aac3-de81602aa1d5@group-E9810A644481, cid=3583, SUCCESS, logIndex=4925, commits[c9f1298e-d840-49d8-aac3-de81602aa1d5:c4926]
2019-08-30 23:40:41,401 [grpc-default-executor-1] INFO  client.GrpcClientProtocolClient (GrpcClientProtocolClient.java:onNext(255)) - client-D5BE96C883BA->c9f1298e-d840-49d8-aac3-de81602aa1d5: receive RaftClientReply:client-D5BE96C883BA->c9f1298e-d840-49d8-aac3-de81602aa1d5@group-E9810A644481, cid=3584, SUCCESS, logIndex=4926, commits[c9f1298e-d840-49d8-aac3-de81602aa1d5:c4926]
2019-08-30 23:40:41,434 [grpc-default-executor-0] INFO  client.GrpcClientProtocolClient (GrpcClientProtocolClient.java:onNext(255)) - client-D5BE96C883BA->c9f1298e-d840-49d8-aac3-de81602aa1d5: receive RaftClientReply:client-D5BE96C883BA->c9f1298e-d840-49d8-aac3-de81602aa1d5@group-E9810A644481, cid=3585, SUCCESS, logIndex=4928, commits[c9f1298e-d840-49d8-aac3-de81602aa1d5:c4931]
2019-08-30 23:40:41,435 [grpc-default-executor-0] INFO  client.GrpcClientProtocolClient (GrpcClientProtocolClient.java:onNext(255)) - client-D5BE96C883BA->c9f1298e-d840-49d8-aac3-de81602aa1d5: receive RaftClientReply:client-D5BE96C883BA->c9f1298e-d840-49d8-aac3-de81602aa1d5@group-E9810A644481, cid=3586, SUCCESS, logIndex=4929, commits[c9f1298e-d840-49d8-aac3-de81602aa1d5:c4931]
2019-08-30 23:40:41,435 [grpc-default-executor-0] INFO  client.GrpcClientProtocolClient (GrpcClientProtocolClient.java:onNext(255)) - client-D5BE96C883BA->c9f1298e-d840-49d8-aac3-de81602aa1d5: receive RaftClientReply:client-D5BE96C883BA->c9f1298e-d840-49d8-aac3-de81602aa1d5@group-E9810A644481, cid=3587, SUCCESS, logIndex=4930, commits[c9f1298e-d840-49d8-aac3-de81602aa1d5:c4931]
2019-08-30 23:40:41,435 [grpc-default-executor-0] INFO  client.GrpcClientProtocolClient (GrpcClientProtocolClient.java:onNext(255)) - client-D5BE96C883BA->c9f1298e-d840-49d8-aac3-de81602aa1d5: receive RaftClientReply:client-D5BE96C883BA->c9f1298e-d840-49d8-aac3-de81602aa1d5@group-E9810A644481, cid=3588, SUCCESS, logIndex=4931, commits[c9f1298e-d840-49d8-aac3-de81602aa1d5:c4931]
2019-08-30 23:40:41,449 [grpc-default-executor-0] INFO  client.GrpcClientProtocolClient (GrpcClientProtocolClient.java:onNext(255)) - client-D5BE96C883BA->c9f1298e-d840-49d8-aac3-de81602aa1d5: receive RaftClientReply:client-D5BE96C883BA->c9f1298e-d840-49d8-aac3-de81602aa1d5@group-E9810A644481, cid=3589, SUCCESS, logIndex=4933, commits[c9f1298e-d840-49d8-aac3-de81602aa1d5:c4936]
2019-08-30 23:40:41,449 [grpc-default-executor-0] INFO  client.GrpcClientProtocolClient (GrpcClientProtocolClient.java:onNext(255)) - client-D5BE96C883BA->c9f1298e-d840-49d8-aac3-de81602aa1d5: receive RaftClientReply:client-D5BE96C883BA->c9f1298e-d840-49d8-aac3-de81602aa1d5@group-E9810A644481, cid=3590, SUCCESS, logIndex=4934, commits[c9f1298e-d840-49d8-aac3-de81602aa1d5:c4936]
2019-08-30 23:40:41,450 [grpc-default-executor-0] INFO  client.GrpcClientProtocolClient (GrpcClientProtocolClient.java:onNext(255)) - client-D5BE96C883BA->c9f1298e-d840-49d8-aac3-de81602aa1d5: receive RaftClientReply:client-D5BE96C883BA->c9f1298e-d840-49d8-aac3-de81602aa1d5@group-E9810A644481, cid=3591, SUCCESS, logIndex=4935, commits[c9f1298e-d840-49d8-aac3-de81602aa1d5:c4936]
2019-08-30 23:40:41,450 [grpc-default-executor-0] INFO  client.GrpcClientProtocolClient (GrpcClientProtocolClient.java:onNext(255)) - client-D5BE96C883BA->c9f1298e-d840-49d8-aac3-de81602aa1d5: receive RaftClientReply:client-D5BE96C883BA->c9f1298e-d840-49d8-aac3-de81602aa1d5@group-E9810A644481, cid=3592, SUCCESS, logIndex=4936, commits[c9f1298e-d840-49d8-aac3-de81602aa1d5:c4936]
2019-08-30 23:40:41,457 [SCMBlockDeletingService#1] DEBUG block.SCMBlockDeletingService (SCMBlockDeletingService.java:call(138)) - Running DeletedBlockTransactionScanner
2019-08-30 23:40:41,458 [SCMBlockDeletingService#1] DEBUG block.SCMBlockDeletingService (SCMBlockDeletingService.java:call(155)) - Scanned deleted blocks log and got 0 delTX to process.
2019-08-30 23:40:41,482 [grpc-default-executor-1] INFO  client.GrpcClientProtocolClient (GrpcClientProtocolClient.java:onNext(255)) - client-D5BE96C883BA->c9f1298e-d840-49d8-aac3-de81602aa1d5: receive RaftClientReply:client-D5BE96C883BA->c9f1298e-d840-49d8-aac3-de81602aa1d5@group-E9810A644481, cid=3593, SUCCESS, logIndex=4938, commits[c9f1298e-d840-49d8-aac3-de81602aa1d5:c4941]
2019-08-30 23:40:41,483 [grpc-default-executor-1] INFO  client.GrpcClientProtocolClient (GrpcClientProtocolClient.java:onNext(255)) - client-D5BE96C883BA->c9f1298e-d840-49d8-aac3-de81602aa1d5: receive RaftClientReply:client-D5BE96C883BA->c9f1298e-d840-49d8-aac3-de81602aa1d5@group-E9810A644481, cid=3594, SUCCESS, logIndex=4939, commits[c9f1298e-d840-49d8-aac3-de81602aa1d5:c4941]
2019-08-30 23:40:41,483 [grpc-default-executor-1] INFO  client.GrpcClientProtocolClient (GrpcClientProtocolClient.java:onNext(255)) - client-D5BE96C883BA->c9f1298e-d840-49d8-aac3-de81602aa1d5: receive RaftClientReply:client-D5BE96C883BA->c9f1298e-d840-49d8-aac3-de81602aa1d5@group-E9810A644481, cid=3595, SUCCESS, logIndex=4940, commits[c9f1298e-d840-49d8-aac3-de81602aa1d5:c4941]
2019-08-30 23:40:41,483 [grpc-default-executor-1] INFO  client.GrpcClientProtocolClient (GrpcClientProtocolClient.java:onNext(255)) - client-D5BE96C883BA->c9f1298e-d840-49d8-aac3-de81602aa1d5: receive RaftClientReply:client-D5BE96C883BA->c9f1298e-d840-49d8-aac3-de81602aa1d5@group-E9810A644481, cid=3596, SUCCESS, logIndex=4941, commits[c9f1298e-d840-49d8-aac3-de81602aa1d5:c4941]
2019-08-30 23:40:41,495 [grpc-default-executor-1] INFO  client.GrpcClientProtocolClient (GrpcClientProtocolClient.java:onNext(255)) - client-D5BE96C883BA->c9f1298e-d840-49d8-aac3-de81602aa1d5: receive RaftClientReply:client-D5BE96C883BA->c9f1298e-d840-49d8-aac3-de81602aa1d5@group-E9810A644481, cid=3597, SUCCESS, logIndex=4943, commits[c9f1298e-d840-49d8-aac3-de81602aa1d5:c4946]
2019-08-30 23:40:41,496 [grpc-default-executor-1] INFO  client.GrpcClientProtocolClient (GrpcClientProtocolClient.java:onNext(255)) - client-D5BE96C883BA->c9f1298e-d840-49d8-aac3-de81602aa1d5: receive RaftClientReply:client-D5BE96C883BA->c9f1298e-d840-49d8-aac3-de81602aa1d5@group-E9810A644481, cid=3598, SUCCESS, logIndex=4944, commits[c9f1298e-d840-49d8-aac3-de81602aa1d5:c4946]
2019-08-30 23:40:41,496 [grpc-default-executor-1] INFO  client.GrpcClientProtocolClient (GrpcClientProtocolClient.java:onNext(255)) - client-D5BE96C883BA->c9f1298e-d840-49d8-aac3-de81602aa1d5: receive RaftClientReply:client-D5BE96C883BA->c9f1298e-d840-49d8-aac3-de81602aa1d5@group-E9810A644481, cid=3599, SUCCESS, logIndex=4945, commits[c9f1298e-d840-49d8-aac3-de81602aa1d5:c4946]
2019-08-30 23:40:41,496 [grpc-default-executor-1] INFO  client.GrpcClientProtocolClient (GrpcClientProtocolClient.java:onNext(255)) - client-D5BE96C883BA->c9f1298e-d840-49d8-aac3-de81602aa1d5: receive RaftClientReply:client-D5BE96C883BA->c9f1298e-d840-49d8-aac3-de81602aa1d5@group-E9810A644481, cid=3600, SUCCESS, logIndex=4946, commits[c9f1298e-d840-49d8-aac3-de81602aa1d5:c4946]
2019-08-30 23:40:41,530 [grpc-default-executor-0] INFO  client.GrpcClientProtocolClient (GrpcClientProtocolClient.java:onNext(255)) - client-D5BE96C883BA->c9f1298e-d840-49d8-aac3-de81602aa1d5: receive RaftClientReply:client-D5BE96C883BA->c9f1298e-d840-49d8-aac3-de81602aa1d5@group-E9810A644481, cid=3601, SUCCESS, logIndex=4948, commits[c9f1298e-d840-49d8-aac3-de81602aa1d5:c4951]
2019-08-30 23:40:41,531 [grpc-default-executor-0] INFO  client.GrpcClientProtocolClient (GrpcClientProtocolClient.java:onNext(255)) - client-D5BE96C883BA->c9f1298e-d840-49d8-aac3-de81602aa1d5: receive RaftClientReply:client-D5BE96C883BA->c9f1298e-d840-49d8-aac3-de81602aa1d5@group-E9810A644481, cid=3602, SUCCESS, logIndex=4949, commits[c9f1298e-d840-49d8-aac3-de81602aa1d5:c4951]
2019-08-30 23:40:41,531 [grpc-default-executor-0] INFO  client.GrpcClientProtocolClient (GrpcClientProtocolClient.java:onNext(255)) - client-D5BE96C883BA->c9f1298e-d840-49d8-aac3-de81602aa1d5: receive RaftClientReply:client-D5BE96C883BA->c9f1298e-d840-49d8-aac3-de81602aa1d5@group-E9810A644481, cid=3603, SUCCESS, logIndex=4950, commits[c9f1298e-d840-49d8-aac3-de81602aa1d5:c4951]
2019-08-30 23:40:41,531 [grpc-default-executor-0] INFO  client.GrpcClientProtocolClient (GrpcClientProtocolClient.java:onNext(255)) - client-D5BE96C883BA->c9f1298e-d840-49d8-aac3-de81602aa1d5: receive RaftClientReply:client-D5BE96C883BA->c9f1298e-d840-49d8-aac3-de81602aa1d5@group-E9810A644481, cid=3604, SUCCESS, logIndex=4951, commits[c9f1298e-d840-49d8-aac3-de81602aa1d5:c4951]
2019-08-30 23:40:41,634 [SCMBlockDeletingService#1] DEBUG block.SCMBlockDeletingService (SCMBlockDeletingService.java:call(138)) - Running DeletedBlockTransactionScanner
2019-08-30 23:40:41,635 [SCMBlockDeletingService#1] DEBUG block.SCMBlockDeletingService (SCMBlockDeletingService.java:call(155)) - Scanned deleted blocks log and got 0 delTX to process.
2019-08-30 23:40:41,655 [grpc-default-executor-1] INFO  client.GrpcClientProtocolClient (GrpcClientProtocolClient.java:onNext(255)) - client-D5BE96C883BA->c9f1298e-d840-49d8-aac3-de81602aa1d5: receive RaftClientReply:client-D5BE96C883BA->c9f1298e-d840-49d8-aac3-de81602aa1d5@group-E9810A644481, cid=3605, SUCCESS, logIndex=4953, commits[c9f1298e-d840-49d8-aac3-de81602aa1d5:c4954]
2019-08-30 23:40:41,655 [grpc-default-executor-1] INFO  client.GrpcClientProtocolClient (GrpcClientProtocolClient.java:onNext(255)) - client-D5BE96C883BA->c9f1298e-d840-49d8-aac3-de81602aa1d5: receive RaftClientReply:client-D5BE96C883BA->c9f1298e-d840-49d8-aac3-de81602aa1d5@group-E9810A644481, cid=3606, SUCCESS, logIndex=4954, commits[c9f1298e-d840-49d8-aac3-de81602aa1d5:c4954]
2019-08-30 23:40:41,660 [grpc-default-executor-1] INFO  client.GrpcClientProtocolClient (GrpcClientProtocolClient.java:onNext(255)) - client-D5BE96C883BA->c9f1298e-d840-49d8-aac3-de81602aa1d5: receive RaftClientReply:client-D5BE96C883BA->c9f1298e-d840-49d8-aac3-de81602aa1d5@group-E9810A644481, cid=3607, SUCCESS, logIndex=4955, commits[c9f1298e-d840-49d8-aac3-de81602aa1d5:c4956]
2019-08-30 23:40:41,660 [grpc-default-executor-1] INFO  client.GrpcClientProtocolClient (GrpcClientProtocolClient.java:onNext(255)) - client-D5BE96C883BA->c9f1298e-d840-49d8-aac3-de81602aa1d5: receive RaftClientReply:client-D5BE96C883BA->c9f1298e-d840-49d8-aac3-de81602aa1d5@group-E9810A644481, cid=3608, SUCCESS, logIndex=4956, commits[c9f1298e-d840-49d8-aac3-de81602aa1d5:c4956]
2019-08-30 23:40:41,708 [grpc-default-executor-1] INFO  client.GrpcClientProtocolClient (GrpcClientProtocolClient.java:onNext(255)) - client-D5BE96C883BA->c9f1298e-d840-49d8-aac3-de81602aa1d5: receive RaftClientReply:client-D5BE96C883BA->c9f1298e-d840-49d8-aac3-de81602aa1d5@group-E9810A644481, cid=3609, SUCCESS, logIndex=4959, commits[c9f1298e-d840-49d8-aac3-de81602aa1d5:c4962]
2019-08-30 23:40:41,709 [grpc-default-executor-1] INFO  client.GrpcClientProtocolClient (GrpcClientProtocolClient.java:onNext(255)) - client-D5BE96C883BA->c9f1298e-d840-49d8-aac3-de81602aa1d5: receive RaftClientReply:client-D5BE96C883BA->c9f1298e-d840-49d8-aac3-de81602aa1d5@group-E9810A644481, cid=3610, SUCCESS, logIndex=4960, commits[c9f1298e-d840-49d8-aac3-de81602aa1d5:c4962]
2019-08-30 23:40:41,709 [grpc-default-executor-1] INFO  client.GrpcClientProtocolClient (GrpcClientProtocolClient.java:onNext(255)) - client-D5BE96C883BA->c9f1298e-d840-49d8-aac3-de81602aa1d5: receive RaftClientReply:client-D5BE96C883BA->c9f1298e-d840-49d8-aac3-de81602aa1d5@group-E9810A644481, cid=3611, SUCCESS, logIndex=4961, commits[c9f1298e-d840-49d8-aac3-de81602aa1d5:c4962]
2019-08-30 23:40:41,709 [grpc-default-executor-1] INFO  client.GrpcClientProtocolClient (GrpcClientProtocolClient.java:onNext(255)) - client-D5BE96C883BA->c9f1298e-d840-49d8-aac3-de81602aa1d5: receive RaftClientReply:client-D5BE96C883BA->c9f1298e-d840-49d8-aac3-de81602aa1d5@group-E9810A644481, cid=3612, SUCCESS, logIndex=4962, commits[c9f1298e-d840-49d8-aac3-de81602aa1d5:c4962]
2019-08-30 23:40:41,735 [SCMBlockDeletingService#1] DEBUG block.SCMBlockDeletingService (SCMBlockDeletingService.java:call(138)) - Running DeletedBlockTransactionScanner
2019-08-30 23:40:41,735 [SCMBlockDeletingService#1] DEBUG block.SCMBlockDeletingService (SCMBlockDeletingService.java:call(155)) - Scanned deleted blocks log and got 0 delTX to process.
2019-08-30 23:40:41,736 [grpc-default-executor-0] INFO  client.GrpcClientProtocolClient (GrpcClientProtocolClient.java:onNext(255)) - client-D5BE96C883BA->c9f1298e-d840-49d8-aac3-de81602aa1d5: receive RaftClientReply:client-D5BE96C883BA->c9f1298e-d840-49d8-aac3-de81602aa1d5@group-E9810A644481, cid=3613, SUCCESS, logIndex=4964, commits[c9f1298e-d840-49d8-aac3-de81602aa1d5:c4967]
2019-08-30 23:40:41,736 [grpc-default-executor-0] INFO  client.GrpcClientProtocolClient (GrpcClientProtocolClient.java:onNext(255)) - client-D5BE96C883BA->c9f1298e-d840-49d8-aac3-de81602aa1d5: receive RaftClientReply:client-D5BE96C883BA->c9f1298e-d840-49d8-aac3-de81602aa1d5@group-E9810A644481, cid=3614, SUCCESS, logIndex=4965, commits[c9f1298e-d840-49d8-aac3-de81602aa1d5:c4967]
2019-08-30 23:40:41,737 [grpc-default-executor-0] INFO  client.GrpcClientProtocolClient (GrpcClientProtocolClient.java:onNext(255)) - client-D5BE96C883BA->c9f1298e-d840-49d8-aac3-de81602aa1d5: receive RaftClientReply:client-D5BE96C883BA->c9f1298e-d840-49d8-aac3-de81602aa1d5@group-E9810A644481, cid=3615, SUCCESS, logIndex=4966, commits[c9f1298e-d840-49d8-aac3-de81602aa1d5:c4967]
2019-08-30 23:40:41,737 [grpc-default-executor-0] INFO  client.GrpcClientProtocolClient (GrpcClientProtocolClient.java:onNext(255)) - client-D5BE96C883BA->c9f1298e-d840-49d8-aac3-de81602aa1d5: receive RaftClientReply:client-D5BE96C883BA->c9f1298e-d840-49d8-aac3-de81602aa1d5@group-E9810A644481, cid=3616, SUCCESS, logIndex=4967, commits[c9f1298e-d840-49d8-aac3-de81602aa1d5:c4967]
2019-08-30 23:40:41,759 [grpc-default-executor-0] INFO  client.GrpcClientProtocolClient (GrpcClientProtocolClient.java:onNext(255)) - client-D5BE96C883BA->c9f1298e-d840-49d8-aac3-de81602aa1d5: receive RaftClientReply:client-D5BE96C883BA->c9f1298e-d840-49d8-aac3-de81602aa1d5@group-E9810A644481, cid=3617, SUCCESS, logIndex=4969, commits[c9f1298e-d840-49d8-aac3-de81602aa1d5:c4970]
2019-08-30 23:40:41,760 [grpc-default-executor-0] INFO  client.GrpcClientProtocolClient (GrpcClientProtocolClient.java:onNext(255)) - client-D5BE96C883BA->c9f1298e-d840-49d8-aac3-de81602aa1d5: receive RaftClientReply:client-D5BE96C883BA->c9f1298e-d840-49d8-aac3-de81602aa1d5@group-E9810A644481, cid=3618, SUCCESS, logIndex=4970, commits[c9f1298e-d840-49d8-aac3-de81602aa1d5:c4970]
2019-08-30 23:40:41,762 [grpc-default-executor-0] INFO  client.GrpcClientProtocolClient (GrpcClientProtocolClient.java:onNext(255)) - client-D5BE96C883BA->c9f1298e-d840-49d8-aac3-de81602aa1d5: receive RaftClientReply:client-D5BE96C883BA->c9f1298e-d840-49d8-aac3-de81602aa1d5@group-E9810A644481, cid=3619, SUCCESS, logIndex=4971, commits[c9f1298e-d840-49d8-aac3-de81602aa1d5:c4972]
2019-08-30 23:40:41,762 [grpc-default-executor-0] INFO  client.GrpcClientProtocolClient (GrpcClientProtocolClient.java:onNext(255)) - client-D5BE96C883BA->c9f1298e-d840-49d8-aac3-de81602aa1d5: receive RaftClientReply:client-D5BE96C883BA->c9f1298e-d840-49d8-aac3-de81602aa1d5@group-E9810A644481, cid=3620, SUCCESS, logIndex=4972, commits[c9f1298e-d840-49d8-aac3-de81602aa1d5:c4972]
2019-08-30 23:40:41,782 [grpc-default-executor-1] INFO  client.GrpcClientProtocolClient (GrpcClientProtocolClient.java:onNext(255)) - client-D5BE96C883BA->c9f1298e-d840-49d8-aac3-de81602aa1d5: receive RaftClientReply:client-D5BE96C883BA->c9f1298e-d840-49d8-aac3-de81602aa1d5@group-E9810A644481, cid=3621, SUCCESS, logIndex=4975, commits[c9f1298e-d840-49d8-aac3-de81602aa1d5:c4978]
2019-08-30 23:40:41,783 [grpc-default-executor-1] INFO  client.GrpcClientProtocolClient (GrpcClientProtocolClient.java:onNext(255)) - client-D5BE96C883BA->c9f1298e-d840-49d8-aac3-de81602aa1d5: receive RaftClientReply:client-D5BE96C883BA->c9f1298e-d840-49d8-aac3-de81602aa1d5@group-E9810A644481, cid=3622, SUCCESS, logIndex=4976, commits[c9f1298e-d840-49d8-aac3-de81602aa1d5:c4978]
2019-08-30 23:40:41,783 [grpc-default-executor-1] INFO  client.GrpcClientProtocolClient (GrpcClientProtocolClient.java:onNext(255)) - client-D5BE96C883BA->c9f1298e-d840-49d8-aac3-de81602aa1d5: receive RaftClientReply:client-D5BE96C883BA->c9f1298e-d840-49d8-aac3-de81602aa1d5@group-E9810A644481, cid=3623, SUCCESS, logIndex=4977, commits[c9f1298e-d840-49d8-aac3-de81602aa1d5:c4978]
2019-08-30 23:40:41,783 [grpc-default-executor-1] INFO  client.GrpcClientProtocolClient (GrpcClientProtocolClient.java:onNext(255)) - client-D5BE96C883BA->c9f1298e-d840-49d8-aac3-de81602aa1d5: receive RaftClientReply:client-D5BE96C883BA->c9f1298e-d840-49d8-aac3-de81602aa1d5@group-E9810A644481, cid=3624, SUCCESS, logIndex=4978, commits[c9f1298e-d840-49d8-aac3-de81602aa1d5:c4978]
2019-08-30 23:40:41,836 [SCMBlockDeletingService#1] DEBUG block.SCMBlockDeletingService (SCMBlockDeletingService.java:call(138)) - Running DeletedBlockTransactionScanner
2019-08-30 23:40:41,836 [SCMBlockDeletingService#1] DEBUG block.SCMBlockDeletingService (SCMBlockDeletingService.java:call(155)) - Scanned deleted blocks log and got 0 delTX to process.
2019-08-30 23:40:41,898 [grpc-default-executor-1] INFO  client.GrpcClientProtocolClient (GrpcClientProtocolClient.java:onNext(255)) - client-D5BE96C883BA->c9f1298e-d840-49d8-aac3-de81602aa1d5: receive RaftClientReply:client-D5BE96C883BA->c9f1298e-d840-49d8-aac3-de81602aa1d5@group-E9810A644481, cid=3625, SUCCESS, logIndex=4980, commits[c9f1298e-d840-49d8-aac3-de81602aa1d5:c4981]
2019-08-30 23:40:41,898 [grpc-default-executor-1] INFO  client.GrpcClientProtocolClient (GrpcClientProtocolClient.java:onNext(255)) - client-D5BE96C883BA->c9f1298e-d840-49d8-aac3-de81602aa1d5: receive RaftClientReply:client-D5BE96C883BA->c9f1298e-d840-49d8-aac3-de81602aa1d5@group-E9810A644481, cid=3626, SUCCESS, logIndex=4981, commits[c9f1298e-d840-49d8-aac3-de81602aa1d5:c4981]
2019-08-30 23:40:41,902 [grpc-default-executor-1] INFO  client.GrpcClientProtocolClient (GrpcClientProtocolClient.java:onNext(255)) - client-D5BE96C883BA->c9f1298e-d840-49d8-aac3-de81602aa1d5: receive RaftClientReply:client-D5BE96C883BA->c9f1298e-d840-49d8-aac3-de81602aa1d5@group-E9810A644481, cid=3627, SUCCESS, logIndex=4982, commits[c9f1298e-d840-49d8-aac3-de81602aa1d5:c4983]
2019-08-30 23:40:41,903 [grpc-default-executor-1] INFO  client.GrpcClientProtocolClient (GrpcClientProtocolClient.java:onNext(255)) - client-D5BE96C883BA->c9f1298e-d840-49d8-aac3-de81602aa1d5: receive RaftClientReply:client-D5BE96C883BA->c9f1298e-d840-49d8-aac3-de81602aa1d5@group-E9810A644481, cid=3628, SUCCESS, logIndex=4983, commits[c9f1298e-d840-49d8-aac3-de81602aa1d5:c4983]
2019-08-30 23:40:41,919 [grpc-default-executor-1] INFO  client.GrpcClientProtocolClient (GrpcClientProtocolClient.java:onNext(255)) - client-D5BE96C883BA->c9f1298e-d840-49d8-aac3-de81602aa1d5: receive RaftClientReply:client-D5BE96C883BA->c9f1298e-d840-49d8-aac3-de81602aa1d5@group-E9810A644481, cid=3629, SUCCESS, logIndex=4986, commits[c9f1298e-d840-49d8-aac3-de81602aa1d5:c4987]
2019-08-30 23:40:41,919 [grpc-default-executor-1] INFO  client.GrpcClientProtocolClient (GrpcClientProtocolClient.java:onNext(255)) - client-D5BE96C883BA->c9f1298e-d840-49d8-aac3-de81602aa1d5: receive RaftClientReply:client-D5BE96C883BA->c9f1298e-d840-49d8-aac3-de81602aa1d5@group-E9810A644481, cid=3630, SUCCESS, logIndex=4987, commits[c9f1298e-d840-49d8-aac3-de81602aa1d5:c4987]
2019-08-30 23:40:41,920 [grpc-default-executor-1] INFO  client.GrpcClientProtocolClient (GrpcClientProtocolClient.java:onNext(255)) - client-D5BE96C883BA->c9f1298e-d840-49d8-aac3-de81602aa1d5: receive RaftClientReply:client-D5BE96C883BA->c9f1298e-d840-49d8-aac3-de81602aa1d5@group-E9810A644481, cid=3631, SUCCESS, logIndex=4988, commits[c9f1298e-d840-49d8-aac3-de81602aa1d5:c4989]
2019-08-30 23:40:41,921 [grpc-default-executor-1] INFO  client.GrpcClientProtocolClient (GrpcClientProtocolClient.java:onNext(255)) - client-D5BE96C883BA->c9f1298e-d840-49d8-aac3-de81602aa1d5: receive RaftClientReply:client-D5BE96C883BA->c9f1298e-d840-49d8-aac3-de81602aa1d5@group-E9810A644481, cid=3632, SUCCESS, logIndex=4989, commits[c9f1298e-d840-49d8-aac3-de81602aa1d5:c4989]
2019-08-30 23:40:41,937 [SCMBlockDeletingService#1] DEBUG block.SCMBlockDeletingService (SCMBlockDeletingService.java:call(138)) - Running DeletedBlockTransactionScanner
2019-08-30 23:40:41,937 [SCMBlockDeletingService#1] DEBUG block.SCMBlockDeletingService (SCMBlockDeletingService.java:call(155)) - Scanned deleted blocks log and got 0 delTX to process.
2019-08-30 23:40:41,958 [grpc-default-executor-1] INFO  client.GrpcClientProtocolClient (GrpcClientProtocolClient.java:onNext(255)) - client-D5BE96C883BA->c9f1298e-d840-49d8-aac3-de81602aa1d5: receive RaftClientReply:client-D5BE96C883BA->c9f1298e-d840-49d8-aac3-de81602aa1d5@group-E9810A644481, cid=3633, SUCCESS, logIndex=4992, commits[c9f1298e-d840-49d8-aac3-de81602aa1d5:c4995]
2019-08-30 23:40:41,959 [grpc-default-executor-1] INFO  client.GrpcClientProtocolClient (GrpcClientProtocolClient.java:onNext(255)) - client-D5BE96C883BA->c9f1298e-d840-49d8-aac3-de81602aa1d5: receive RaftClientReply:client-D5BE96C883BA->c9f1298e-d840-49d8-aac3-de81602aa1d5@group-E9810A644481, cid=3634, SUCCESS, logIndex=4993, commits[c9f1298e-d840-49d8-aac3-de81602aa1d5:c4995]
2019-08-30 23:40:41,959 [grpc-default-executor-1] INFO  client.GrpcClientProtocolClient (GrpcClientProtocolClient.java:onNext(255)) - client-D5BE96C883BA->c9f1298e-d840-49d8-aac3-de81602aa1d5: receive RaftClientReply:client-D5BE96C883BA->c9f1298e-d840-49d8-aac3-de81602aa1d5@group-E9810A644481, cid=3635, SUCCESS, logIndex=4994, commits[c9f1298e-d840-49d8-aac3-de81602aa1d5:c4995]
2019-08-30 23:40:41,960 [grpc-default-executor-1] INFO  client.GrpcClientProtocolClient (GrpcClientProtocolClient.java:onNext(255)) - client-D5BE96C883BA->c9f1298e-d840-49d8-aac3-de81602aa1d5: receive RaftClientReply:client-D5BE96C883BA->c9f1298e-d840-49d8-aac3-de81602aa1d5@group-E9810A644481, cid=3636, SUCCESS, logIndex=4995, commits[c9f1298e-d840-49d8-aac3-de81602aa1d5:c4995]
2019-08-30 23:40:41,987 [grpc-default-executor-0] INFO  client.GrpcClientProtocolClient (GrpcClientProtocolClient.java:onNext(255)) - client-D5BE96C883BA->c9f1298e-d840-49d8-aac3-de81602aa1d5: receive RaftClientReply:client-D5BE96C883BA->c9f1298e-d840-49d8-aac3-de81602aa1d5@group-E9810A644481, cid=3637, SUCCESS, logIndex=4997, commits[c9f1298e-d840-49d8-aac3-de81602aa1d5:c5000]
2019-08-30 23:40:41,987 [grpc-default-executor-0] INFO  client.GrpcClientProtocolClient (GrpcClientProtocolClient.java:onNext(255)) - client-D5BE96C883BA->c9f1298e-d840-49d8-aac3-de81602aa1d5: receive RaftClientReply:client-D5BE96C883BA->c9f1298e-d840-49d8-aac3-de81602aa1d5@group-E9810A644481, cid=3638, SUCCESS, logIndex=4998, commits[c9f1298e-d840-49d8-aac3-de81602aa1d5:c5000]
2019-08-30 23:40:41,987 [grpc-default-executor-0] INFO  client.GrpcClientProtocolClient (GrpcClientProtocolClient.java:onNext(255)) - client-D5BE96C883BA->c9f1298e-d840-49d8-aac3-de81602aa1d5: receive RaftClientReply:client-D5BE96C883BA->c9f1298e-d840-49d8-aac3-de81602aa1d5@group-E9810A644481, cid=3639, SUCCESS, logIndex=4999, commits[c9f1298e-d840-49d8-aac3-de81602aa1d5:c5000]
2019-08-30 23:40:41,988 [grpc-default-executor-0] INFO  client.GrpcClientProtocolClient (GrpcClientProtocolClient.java:onNext(255)) - client-D5BE96C883BA->c9f1298e-d840-49d8-aac3-de81602aa1d5: receive RaftClientReply:client-D5BE96C883BA->c9f1298e-d840-49d8-aac3-de81602aa1d5@group-E9810A644481, cid=3640, SUCCESS, logIndex=5000, commits[c9f1298e-d840-49d8-aac3-de81602aa1d5:c5000]
2019-08-30 23:40:42,020 [grpc-default-executor-1] INFO  client.GrpcClientProtocolClient (GrpcClientProtocolClient.java:onNext(255)) - client-D5BE96C883BA->c9f1298e-d840-49d8-aac3-de81602aa1d5: receive RaftClientReply:client-D5BE96C883BA->c9f1298e-d840-49d8-aac3-de81602aa1d5@group-E9810A644481, cid=3641, SUCCESS, logIndex=5002, commits[c9f1298e-d840-49d8-aac3-de81602aa1d5:c5003]
2019-08-30 23:40:42,021 [grpc-default-executor-1] INFO  client.GrpcClientProtocolClient (GrpcClientProtocolClient.java:onNext(255)) - client-D5BE96C883BA->c9f1298e-d840-49d8-aac3-de81602aa1d5: receive RaftClientReply:client-D5BE96C883BA->c9f1298e-d840-49d8-aac3-de81602aa1d5@group-E9810A644481, cid=3642, SUCCESS, logIndex=5003, commits[c9f1298e-d840-49d8-aac3-de81602aa1d5:c5003]
2019-08-30 23:40:42,021 [grpc-default-executor-1] INFO  client.GrpcClientProtocolClient (GrpcClientProtocolClient.java:onNext(255)) - client-D5BE96C883BA->c9f1298e-d840-49d8-aac3-de81602aa1d5: receive RaftClientReply:client-D5BE96C883BA->c9f1298e-d840-49d8-aac3-de81602aa1d5@group-E9810A644481, cid=3643, SUCCESS, logIndex=5004, commits[c9f1298e-d840-49d8-aac3-de81602aa1d5:c5005]
2019-08-30 23:40:42,021 [grpc-default-executor-1] INFO  client.GrpcClientProtocolClient (GrpcClientProtocolClient.java:onNext(255)) - client-D5BE96C883BA->c9f1298e-d840-49d8-aac3-de81602aa1d5: receive RaftClientReply:client-D5BE96C883BA->c9f1298e-d840-49d8-aac3-de81602aa1d5@group-E9810A644481, cid=3644, SUCCESS, logIndex=5005, commits[c9f1298e-d840-49d8-aac3-de81602aa1d5:c5005]
2019-08-30 23:40:42,037 [SCMBlockDeletingService#1] DEBUG block.SCMBlockDeletingService (SCMBlockDeletingService.java:call(138)) - Running DeletedBlockTransactionScanner
2019-08-30 23:40:42,038 [SCMBlockDeletingService#1] DEBUG block.SCMBlockDeletingService (SCMBlockDeletingService.java:call(155)) - Scanned deleted blocks log and got 0 delTX to process.
2019-08-30 23:40:42,043 [grpc-default-executor-1] INFO  client.GrpcClientProtocolClient (GrpcClientProtocolClient.java:onNext(255)) - client-D5BE96C883BA->c9f1298e-d840-49d8-aac3-de81602aa1d5: receive RaftClientReply:client-D5BE96C883BA->c9f1298e-d840-49d8-aac3-de81602aa1d5@group-E9810A644481, cid=3645, SUCCESS, logIndex=5008, commits[c9f1298e-d840-49d8-aac3-de81602aa1d5:c5011]
2019-08-30 23:40:42,044 [grpc-default-executor-1] INFO  client.GrpcClientProtocolClient (GrpcClientProtocolClient.java:onNext(255)) - client-D5BE96C883BA->c9f1298e-d840-49d8-aac3-de81602aa1d5: receive RaftClientReply:client-D5BE96C883BA->c9f1298e-d840-49d8-aac3-de81602aa1d5@group-E9810A644481, cid=3646, SUCCESS, logIndex=5009, commits[c9f1298e-d840-49d8-aac3-de81602aa1d5:c5011]
2019-08-30 23:40:42,044 [grpc-default-executor-1] INFO  client.GrpcClientProtocolClient (GrpcClientProtocolClient.java:onNext(255)) - client-D5BE96C883BA->c9f1298e-d840-49d8-aac3-de81602aa1d5: receive RaftClientReply:client-D5BE96C883BA->c9f1298e-d840-49d8-aac3-de81602aa1d5@group-E9810A644481, cid=3647, SUCCESS, logIndex=5010, commits[c9f1298e-d840-49d8-aac3-de81602aa1d5:c5011]
2019-08-30 23:40:42,044 [grpc-default-executor-1] INFO  client.GrpcClientProtocolClient (GrpcClientProtocolClient.java:onNext(255)) - client-D5BE96C883BA->c9f1298e-d840-49d8-aac3-de81602aa1d5: receive RaftClientReply:client-D5BE96C883BA->c9f1298e-d840-49d8-aac3-de81602aa1d5@group-E9810A644481, cid=3648, SUCCESS, logIndex=5011, commits[c9f1298e-d840-49d8-aac3-de81602aa1d5:c5011]
2019-08-30 23:40:42,073 [grpc-default-executor-1] INFO  client.GrpcClientProtocolClient (GrpcClientProtocolClient.java:onNext(255)) - client-D5BE96C883BA->c9f1298e-d840-49d8-aac3-de81602aa1d5: receive RaftClientReply:client-D5BE96C883BA->c9f1298e-d840-49d8-aac3-de81602aa1d5@group-E9810A644481, cid=3649, SUCCESS, logIndex=5013, commits[c9f1298e-d840-49d8-aac3-de81602aa1d5:c5016]
2019-08-30 23:40:42,074 [grpc-default-executor-1] INFO  client.GrpcClientProtocolClient (GrpcClientProtocolClient.java:onNext(255)) - client-D5BE96C883BA->c9f1298e-d840-49d8-aac3-de81602aa1d5: receive RaftClientReply:client-D5BE96C883BA->c9f1298e-d840-49d8-aac3-de81602aa1d5@group-E9810A644481, cid=3650, SUCCESS, logIndex=5014, commits[c9f1298e-d840-49d8-aac3-de81602aa1d5:c5016]
2019-08-30 23:40:42,074 [grpc-default-executor-1] INFO  client.GrpcClientProtocolClient (GrpcClientProtocolClient.java:onNext(255)) - client-D5BE96C883BA->c9f1298e-d840-49d8-aac3-de81602aa1d5: receive RaftClientReply:client-D5BE96C883BA->c9f1298e-d840-49d8-aac3-de81602aa1d5@group-E9810A644481, cid=3651, SUCCESS, logIndex=5015, commits[c9f1298e-d840-49d8-aac3-de81602aa1d5:c5016]
2019-08-30 23:40:42,074 [grpc-default-executor-1] INFO  client.GrpcClientProtocolClient (GrpcClientProtocolClient.java:onNext(255)) - client-D5BE96C883BA->c9f1298e-d840-49d8-aac3-de81602aa1d5: receive RaftClientReply:client-D5BE96C883BA->c9f1298e-d840-49d8-aac3-de81602aa1d5@group-E9810A644481, cid=3652, SUCCESS, logIndex=5016, commits[c9f1298e-d840-49d8-aac3-de81602aa1d5:c5016]
2019-08-30 23:40:42,093 [grpc-default-executor-1] INFO  client.GrpcClientProtocolClient (GrpcClientProtocolClient.java:onNext(255)) - client-D5BE96C883BA->c9f1298e-d840-49d8-aac3-de81602aa1d5: receive RaftClientReply:client-D5BE96C883BA->c9f1298e-d840-49d8-aac3-de81602aa1d5@group-E9810A644481, cid=3653, SUCCESS, logIndex=5018, commits[c9f1298e-d840-49d8-aac3-de81602aa1d5:c5021]
2019-08-30 23:40:42,093 [grpc-default-executor-1] INFO  client.GrpcClientProtocolClient (GrpcClientProtocolClient.java:onNext(255)) - client-D5BE96C883BA->c9f1298e-d840-49d8-aac3-de81602aa1d5: receive RaftClientReply:client-D5BE96C883BA->c9f1298e-d840-49d8-aac3-de81602aa1d5@group-E9810A644481, cid=3654, SUCCESS, logIndex=5019, commits[c9f1298e-d840-49d8-aac3-de81602aa1d5:c5021]
2019-08-30 23:40:42,094 [grpc-default-executor-1] INFO  client.GrpcClientProtocolClient (GrpcClientProtocolClient.java:onNext(255)) - client-D5BE96C883BA->c9f1298e-d840-49d8-aac3-de81602aa1d5: receive RaftClientReply:client-D5BE96C883BA->c9f1298e-d840-49d8-aac3-de81602aa1d5@group-E9810A644481, cid=3655, SUCCESS, logIndex=5020, commits[c9f1298e-d840-49d8-aac3-de81602aa1d5:c5021]
2019-08-30 23:40:42,094 [grpc-default-executor-1] INFO  client.GrpcClientProtocolClient (GrpcClientProtocolClient.java:onNext(255)) - client-D5BE96C883BA->c9f1298e-d840-49d8-aac3-de81602aa1d5: receive RaftClientReply:client-D5BE96C883BA->c9f1298e-d840-49d8-aac3-de81602aa1d5@group-E9810A644481, cid=3656, SUCCESS, logIndex=5021, commits[c9f1298e-d840-49d8-aac3-de81602aa1d5:c5022]
2019-08-30 23:40:42,127 [grpc-default-executor-1] INFO  client.GrpcClientProtocolClient (GrpcClientProtocolClient.java:onNext(255)) - client-D5BE96C883BA->c9f1298e-d840-49d8-aac3-de81602aa1d5: receive RaftClientReply:client-D5BE96C883BA->c9f1298e-d840-49d8-aac3-de81602aa1d5@group-E9810A644481, cid=3657, SUCCESS, logIndex=5023, commits[c9f1298e-d840-49d8-aac3-de81602aa1d5:c5026]
2019-08-30 23:40:42,127 [grpc-default-executor-1] INFO  client.GrpcClientProtocolClient (GrpcClientProtocolClient.java:onNext(255)) - client-D5BE96C883BA->c9f1298e-d840-49d8-aac3-de81602aa1d5: receive RaftClientReply:client-D5BE96C883BA->c9f1298e-d840-49d8-aac3-de81602aa1d5@group-E9810A644481, cid=3658, SUCCESS, logIndex=5024, commits[c9f1298e-d840-49d8-aac3-de81602aa1d5:c5026]
2019-08-30 23:40:42,128 [grpc-default-executor-1] INFO  client.GrpcClientProtocolClient (GrpcClientProtocolClient.java:onNext(255)) - client-D5BE96C883BA->c9f1298e-d840-49d8-aac3-de81602aa1d5: receive RaftClientReply:client-D5BE96C883BA->c9f1298e-d840-49d8-aac3-de81602aa1d5@group-E9810A644481, cid=3659, SUCCESS, logIndex=5025, commits[c9f1298e-d840-49d8-aac3-de81602aa1d5:c5026]
2019-08-30 23:40:42,128 [grpc-default-executor-1] INFO  client.GrpcClientProtocolClient (GrpcClientProtocolClient.java:onNext(255)) - client-D5BE96C883BA->c9f1298e-d840-49d8-aac3-de81602aa1d5: receive RaftClientReply:client-D5BE96C883BA->c9f1298e-d840-49d8-aac3-de81602aa1d5@group-E9810A644481, cid=3660, SUCCESS, logIndex=5026, commits[c9f1298e-d840-49d8-aac3-de81602aa1d5:c5026]
2019-08-30 23:40:42,138 [SCMBlockDeletingService#1] DEBUG block.SCMBlockDeletingService (SCMBlockDeletingService.java:call(138)) - Running DeletedBlockTransactionScanner
2019-08-30 23:40:42,138 [SCMBlockDeletingService#1] DEBUG block.SCMBlockDeletingService (SCMBlockDeletingService.java:call(155)) - Scanned deleted blocks log and got 0 delTX to process.
2019-08-30 23:40:42,146 [grpc-default-executor-1] INFO  client.GrpcClientProtocolClient (GrpcClientProtocolClient.java:onNext(255)) - client-D5BE96C883BA->c9f1298e-d840-49d8-aac3-de81602aa1d5: receive RaftClientReply:client-D5BE96C883BA->c9f1298e-d840-49d8-aac3-de81602aa1d5@group-E9810A644481, cid=3661, SUCCESS, logIndex=5028, commits[c9f1298e-d840-49d8-aac3-de81602aa1d5:c5031]
2019-08-30 23:40:42,146 [grpc-default-executor-1] INFO  client.GrpcClientProtocolClient (GrpcClientProtocolClient.java:onNext(255)) - client-D5BE96C883BA->c9f1298e-d840-49d8-aac3-de81602aa1d5: receive RaftClientReply:client-D5BE96C883BA->c9f1298e-d840-49d8-aac3-de81602aa1d5@group-E9810A644481, cid=3662, SUCCESS, logIndex=5029, commits[c9f1298e-d840-49d8-aac3-de81602aa1d5:c5031]
2019-08-30 23:40:42,146 [grpc-default-executor-1] INFO  client.GrpcClientProtocolClient (GrpcClientProtocolClient.java:onNext(255)) - client-D5BE96C883BA->c9f1298e-d840-49d8-aac3-de81602aa1d5: receive RaftClientReply:client-D5BE96C883BA->c9f1298e-d840-49d8-aac3-de81602aa1d5@group-E9810A644481, cid=3663, SUCCESS, logIndex=5030, commits[c9f1298e-d840-49d8-aac3-de81602aa1d5:c5031]
2019-08-30 23:40:42,147 [grpc-default-executor-1] INFO  client.GrpcClientProtocolClient (GrpcClientProtocolClient.java:onNext(255)) - client-D5BE96C883BA->c9f1298e-d840-49d8-aac3-de81602aa1d5: receive RaftClientReply:client-D5BE96C883BA->c9f1298e-d840-49d8-aac3-de81602aa1d5@group-E9810A644481, cid=3664, SUCCESS, logIndex=5031, commits[c9f1298e-d840-49d8-aac3-de81602aa1d5:c5031]
2019-08-30 23:40:42,177 [grpc-default-executor-1] INFO  client.GrpcClientProtocolClient (GrpcClientProtocolClient.java:onNext(255)) - client-D5BE96C883BA->c9f1298e-d840-49d8-aac3-de81602aa1d5: receive RaftClientReply:client-D5BE96C883BA->c9f1298e-d840-49d8-aac3-de81602aa1d5@group-E9810A644481, cid=3665, SUCCESS, logIndex=5033, commits[c9f1298e-d840-49d8-aac3-de81602aa1d5:c5034]
2019-08-30 23:40:42,178 [grpc-default-executor-1] INFO  client.GrpcClientProtocolClient (GrpcClientProtocolClient.java:onNext(255)) - client-D5BE96C883BA->c9f1298e-d840-49d8-aac3-de81602aa1d5: receive RaftClientReply:client-D5BE96C883BA->c9f1298e-d840-49d8-aac3-de81602aa1d5@group-E9810A644481, cid=3666, SUCCESS, logIndex=5034, commits[c9f1298e-d840-49d8-aac3-de81602aa1d5:c5034]
2019-08-30 23:40:42,182 [grpc-default-executor-1] INFO  client.GrpcClientProtocolClient (GrpcClientProtocolClient.java:onNext(255)) - client-D5BE96C883BA->c9f1298e-d840-49d8-aac3-de81602aa1d5: receive RaftClientReply:client-D5BE96C883BA->c9f1298e-d840-49d8-aac3-de81602aa1d5@group-E9810A644481, cid=3667, SUCCESS, logIndex=5035, commits[c9f1298e-d840-49d8-aac3-de81602aa1d5:c5036]
2019-08-30 23:40:42,182 [grpc-default-executor-1] INFO  client.GrpcClientProtocolClient (GrpcClientProtocolClient.java:onNext(255)) - client-D5BE96C883BA->c9f1298e-d840-49d8-aac3-de81602aa1d5: receive RaftClientReply:client-D5BE96C883BA->c9f1298e-d840-49d8-aac3-de81602aa1d5@group-E9810A644481, cid=3668, SUCCESS, logIndex=5036, commits[c9f1298e-d840-49d8-aac3-de81602aa1d5:c5036]
2019-08-30 23:40:42,238 [SCMBlockDeletingService#1] DEBUG block.SCMBlockDeletingService (SCMBlockDeletingService.java:call(138)) - Running DeletedBlockTransactionScanner
2019-08-30 23:40:42,239 [SCMBlockDeletingService#1] DEBUG block.SCMBlockDeletingService (SCMBlockDeletingService.java:call(155)) - Scanned deleted blocks log and got 0 delTX to process.
2019-08-30 23:40:42,332 [grpc-default-executor-1] INFO  client.GrpcClientProtocolClient (GrpcClientProtocolClient.java:onNext(255)) - client-D5BE96C883BA->c9f1298e-d840-49d8-aac3-de81602aa1d5: receive RaftClientReply:client-D5BE96C883BA->c9f1298e-d840-49d8-aac3-de81602aa1d5@group-E9810A644481, cid=3669, SUCCESS, logIndex=5039, commits[c9f1298e-d840-49d8-aac3-de81602aa1d5:c5042]
2019-08-30 23:40:42,333 [grpc-default-executor-1] INFO  client.GrpcClientProtocolClient (GrpcClientProtocolClient.java:onNext(255)) - client-D5BE96C883BA->c9f1298e-d840-49d8-aac3-de81602aa1d5: receive RaftClientReply:client-D5BE96C883BA->c9f1298e-d840-49d8-aac3-de81602aa1d5@group-E9810A644481, cid=3670, SUCCESS, logIndex=5040, commits[c9f1298e-d840-49d8-aac3-de81602aa1d5:c5042]
2019-08-30 23:40:42,333 [grpc-default-executor-1] INFO  client.GrpcClientProtocolClient (GrpcClientProtocolClient.java:onNext(255)) - client-D5BE96C883BA->c9f1298e-d840-49d8-aac3-de81602aa1d5: receive RaftClientReply:client-D5BE96C883BA->c9f1298e-d840-49d8-aac3-de81602aa1d5@group-E9810A644481, cid=3671, SUCCESS, logIndex=5041, commits[c9f1298e-d840-49d8-aac3-de81602aa1d5:c5042]
2019-08-30 23:40:42,334 [grpc-default-executor-1] INFO  client.GrpcClientProtocolClient (GrpcClientProtocolClient.java:onNext(255)) - client-D5BE96C883BA->c9f1298e-d840-49d8-aac3-de81602aa1d5: receive RaftClientReply:client-D5BE96C883BA->c9f1298e-d840-49d8-aac3-de81602aa1d5@group-E9810A644481, cid=3672, SUCCESS, logIndex=5042, commits[c9f1298e-d840-49d8-aac3-de81602aa1d5:c5042]
2019-08-30 23:40:42,339 [SCMBlockDeletingService#1] DEBUG block.SCMBlockDeletingService (SCMBlockDeletingService.java:call(138)) - Running DeletedBlockTransactionScanner
2019-08-30 23:40:42,339 [SCMBlockDeletingService#1] DEBUG block.SCMBlockDeletingService (SCMBlockDeletingService.java:call(155)) - Scanned deleted blocks log and got 0 delTX to process.
2019-08-30 23:40:42,365 [grpc-default-executor-0] INFO  client.GrpcClientProtocolClient (GrpcClientProtocolClient.java:onNext(255)) - client-D5BE96C883BA->c9f1298e-d840-49d8-aac3-de81602aa1d5: receive RaftClientReply:client-D5BE96C883BA->c9f1298e-d840-49d8-aac3-de81602aa1d5@group-E9810A644481, cid=3673, SUCCESS, logIndex=5044, commits[c9f1298e-d840-49d8-aac3-de81602aa1d5:c5045]
2019-08-30 23:40:42,365 [grpc-default-executor-0] INFO  client.GrpcClientProtocolClient (GrpcClientProtocolClient.java:onNext(255)) - client-D5BE96C883BA->c9f1298e-d840-49d8-aac3-de81602aa1d5: receive RaftClientReply:client-D5BE96C883BA->c9f1298e-d840-49d8-aac3-de81602aa1d5@group-E9810A644481, cid=3674, SUCCESS, logIndex=5045, commits[c9f1298e-d840-49d8-aac3-de81602aa1d5:c5045]
2019-08-30 23:40:42,370 [grpc-default-executor-0] INFO  client.GrpcClientProtocolClient (GrpcClientProtocolClient.java:onNext(255)) - client-D5BE96C883BA->c9f1298e-d840-49d8-aac3-de81602aa1d5: receive RaftClientReply:client-D5BE96C883BA->c9f1298e-d840-49d8-aac3-de81602aa1d5@group-E9810A644481, cid=3675, SUCCESS, logIndex=5046, commits[c9f1298e-d840-49d8-aac3-de81602aa1d5:c5047]
2019-08-30 23:40:42,370 [grpc-default-executor-0] INFO  client.GrpcClientProtocolClient (GrpcClientProtocolClient.java:onNext(255)) - client-D5BE96C883BA->c9f1298e-d840-49d8-aac3-de81602aa1d5: receive RaftClientReply:client-D5BE96C883BA->c9f1298e-d840-49d8-aac3-de81602aa1d5@group-E9810A644481, cid=3676, SUCCESS, logIndex=5047, commits[c9f1298e-d840-49d8-aac3-de81602aa1d5:c5047]
2019-08-30 23:40:42,389 [grpc-default-executor-0] INFO  client.GrpcClientProtocolClient (GrpcClientProtocolClient.java:onNext(255)) - client-D5BE96C883BA->c9f1298e-d840-49d8-aac3-de81602aa1d5: receive RaftClientReply:client-D5BE96C883BA->c9f1298e-d840-49d8-aac3-de81602aa1d5@group-E9810A644481, cid=3677, SUCCESS, logIndex=5050, commits[c9f1298e-d840-49d8-aac3-de81602aa1d5:c5053]
2019-08-30 23:40:42,389 [grpc-default-executor-0] INFO  client.GrpcClientProtocolClient (GrpcClientProtocolClient.java:onNext(255)) - client-D5BE96C883BA->c9f1298e-d840-49d8-aac3-de81602aa1d5: receive RaftClientReply:client-D5BE96C883BA->c9f1298e-d840-49d8-aac3-de81602aa1d5@group-E9810A644481, cid=3678, SUCCESS, logIndex=5051, commits[c9f1298e-d840-49d8-aac3-de81602aa1d5:c5053]
2019-08-30 23:40:42,389 [grpc-default-executor-0] INFO  client.GrpcClientProtocolClient (GrpcClientProtocolClient.java:onNext(255)) - client-D5BE96C883BA->c9f1298e-d840-49d8-aac3-de81602aa1d5: receive RaftClientReply:client-D5BE96C883BA->c9f1298e-d840-49d8-aac3-de81602aa1d5@group-E9810A644481, cid=3679, SUCCESS, logIndex=5052, commits[c9f1298e-d840-49d8-aac3-de81602aa1d5:c5053]
2019-08-30 23:40:42,390 [grpc-default-executor-0] INFO  client.GrpcClientProtocolClient (GrpcClientProtocolClient.java:onNext(255)) - client-D5BE96C883BA->c9f1298e-d840-49d8-aac3-de81602aa1d5: receive RaftClientReply:client-D5BE96C883BA->c9f1298e-d840-49d8-aac3-de81602aa1d5@group-E9810A644481, cid=3680, SUCCESS, logIndex=5053, commits[c9f1298e-d840-49d8-aac3-de81602aa1d5:c5053]
2019-08-30 23:40:42,422 [grpc-default-executor-0] INFO  client.GrpcClientProtocolClient (GrpcClientProtocolClient.java:onNext(255)) - client-D5BE96C883BA->c9f1298e-d840-49d8-aac3-de81602aa1d5: receive RaftClientReply:client-D5BE96C883BA->c9f1298e-d840-49d8-aac3-de81602aa1d5@group-E9810A644481, cid=3681, SUCCESS, logIndex=5055, commits[c9f1298e-d840-49d8-aac3-de81602aa1d5:c5056]
2019-08-30 23:40:42,422 [grpc-default-executor-0] INFO  client.GrpcClientProtocolClient (GrpcClientProtocolClient.java:onNext(255)) - client-D5BE96C883BA->c9f1298e-d840-49d8-aac3-de81602aa1d5: receive RaftClientReply:client-D5BE96C883BA->c9f1298e-d840-49d8-aac3-de81602aa1d5@group-E9810A644481, cid=3682, SUCCESS, logIndex=5056, commits[c9f1298e-d840-49d8-aac3-de81602aa1d5:c5056]
2019-08-30 23:40:42,431 [grpc-default-executor-0] INFO  client.GrpcClientProtocolClient (GrpcClientProtocolClient.java:onNext(255)) - client-D5BE96C883BA->c9f1298e-d840-49d8-aac3-de81602aa1d5: receive RaftClientReply:client-D5BE96C883BA->c9f1298e-d840-49d8-aac3-de81602aa1d5@group-E9810A644481, cid=3683, SUCCESS, logIndex=5057, commits[c9f1298e-d840-49d8-aac3-de81602aa1d5:c5058]
2019-08-30 23:40:42,431 [grpc-default-executor-0] INFO  client.GrpcClientProtocolClient (GrpcClientProtocolClient.java:onNext(255)) - client-D5BE96C883BA->c9f1298e-d840-49d8-aac3-de81602aa1d5: receive RaftClientReply:client-D5BE96C883BA->c9f1298e-d840-49d8-aac3-de81602aa1d5@group-E9810A644481, cid=3684, SUCCESS, logIndex=5058, commits[c9f1298e-d840-49d8-aac3-de81602aa1d5:c5058]
2019-08-30 23:40:42,440 [SCMBlockDeletingService#1] DEBUG block.SCMBlockDeletingService (SCMBlockDeletingService.java:call(138)) - Running DeletedBlockTransactionScanner
2019-08-30 23:40:42,440 [SCMBlockDeletingService#1] DEBUG block.SCMBlockDeletingService (SCMBlockDeletingService.java:call(155)) - Scanned deleted blocks log and got 0 delTX to process.
2019-08-30 23:40:42,456 [grpc-default-executor-1] INFO  client.GrpcClientProtocolClient (GrpcClientProtocolClient.java:onNext(255)) - client-D5BE96C883BA->c9f1298e-d840-49d8-aac3-de81602aa1d5: receive RaftClientReply:client-D5BE96C883BA->c9f1298e-d840-49d8-aac3-de81602aa1d5@group-E9810A644481, cid=3685, SUCCESS, logIndex=5061, commits[c9f1298e-d840-49d8-aac3-de81602aa1d5:c5064]
2019-08-30 23:40:42,457 [grpc-default-executor-1] INFO  client.GrpcClientProtocolClient (GrpcClientProtocolClient.java:onNext(255)) - client-D5BE96C883BA->c9f1298e-d840-49d8-aac3-de81602aa1d5: receive RaftClientReply:client-D5BE96C883BA->c9f1298e-d840-49d8-aac3-de81602aa1d5@group-E9810A644481, cid=3686, SUCCESS, logIndex=5062, commits[c9f1298e-d840-49d8-aac3-de81602aa1d5:c5064]
2019-08-30 23:40:42,457 [grpc-default-executor-1] INFO  client.GrpcClientProtocolClient (GrpcClientProtocolClient.java:onNext(255)) - client-D5BE96C883BA->c9f1298e-d840-49d8-aac3-de81602aa1d5: receive RaftClientReply:client-D5BE96C883BA->c9f1298e-d840-49d8-aac3-de81602aa1d5@group-E9810A644481, cid=3687, SUCCESS, logIndex=5063, commits[c9f1298e-d840-49d8-aac3-de81602aa1d5:c5064]
2019-08-30 23:40:42,458 [grpc-default-executor-1] INFO  client.GrpcClientProtocolClient (GrpcClientProtocolClient.java:onNext(255)) - client-D5BE96C883BA->c9f1298e-d840-49d8-aac3-de81602aa1d5: receive RaftClientReply:client-D5BE96C883BA->c9f1298e-d840-49d8-aac3-de81602aa1d5@group-E9810A644481, cid=3688, SUCCESS, logIndex=5064, commits[c9f1298e-d840-49d8-aac3-de81602aa1d5:c5064]
2019-08-30 23:40:42,490 [grpc-default-executor-1] INFO  client.GrpcClientProtocolClient (GrpcClientProtocolClient.java:onNext(255)) - client-D5BE96C883BA->c9f1298e-d840-49d8-aac3-de81602aa1d5: receive RaftClientReply:client-D5BE96C883BA->c9f1298e-d840-49d8-aac3-de81602aa1d5@group-E9810A644481, cid=3689, SUCCESS, logIndex=5066, commits[c9f1298e-d840-49d8-aac3-de81602aa1d5:c5067]
2019-08-30 23:40:42,490 [grpc-default-executor-1] INFO  client.GrpcClientProtocolClient (GrpcClientProtocolClient.java:onNext(255)) - client-D5BE96C883BA->c9f1298e-d840-49d8-aac3-de81602aa1d5: receive RaftClientReply:client-D5BE96C883BA->c9f1298e-d840-49d8-aac3-de81602aa1d5@group-E9810A644481, cid=3690, SUCCESS, logIndex=5067, commits[c9f1298e-d840-49d8-aac3-de81602aa1d5:c5067]
2019-08-30 23:40:42,501 [grpc-default-executor-1] INFO  client.GrpcClientProtocolClient (GrpcClientProtocolClient.java:onNext(255)) - client-D5BE96C883BA->c9f1298e-d840-49d8-aac3-de81602aa1d5: receive RaftClientReply:client-D5BE96C883BA->c9f1298e-d840-49d8-aac3-de81602aa1d5@group-E9810A644481, cid=3691, SUCCESS, logIndex=5068, commits[c9f1298e-d840-49d8-aac3-de81602aa1d5:c5069]
2019-08-30 23:40:42,502 [grpc-default-executor-1] INFO  client.GrpcClientProtocolClient (GrpcClientProtocolClient.java:onNext(255)) - client-D5BE96C883BA->c9f1298e-d840-49d8-aac3-de81602aa1d5: receive RaftClientReply:client-D5BE96C883BA->c9f1298e-d840-49d8-aac3-de81602aa1d5@group-E9810A644481, cid=3692, SUCCESS, logIndex=5069, commits[c9f1298e-d840-49d8-aac3-de81602aa1d5:c5069]
2019-08-30 23:40:42,517 [grpc-default-executor-1] INFO  client.GrpcClientProtocolClient (GrpcClientProtocolClient.java:onNext(255)) - client-D5BE96C883BA->c9f1298e-d840-49d8-aac3-de81602aa1d5: receive RaftClientReply:client-D5BE96C883BA->c9f1298e-d840-49d8-aac3-de81602aa1d5@group-E9810A644481, cid=3693, SUCCESS, logIndex=5072, commits[c9f1298e-d840-49d8-aac3-de81602aa1d5:c5073]
2019-08-30 23:40:42,517 [grpc-default-executor-1] INFO  client.GrpcClientProtocolClient (GrpcClientProtocolClient.java:onNext(255)) - client-D5BE96C883BA->c9f1298e-d840-49d8-aac3-de81602aa1d5: receive RaftClientReply:client-D5BE96C883BA->c9f1298e-d840-49d8-aac3-de81602aa1d5@group-E9810A644481, cid=3694, SUCCESS, logIndex=5073, commits[c9f1298e-d840-49d8-aac3-de81602aa1d5:c5073]
2019-08-30 23:40:42,522 [grpc-default-executor-1] INFO  client.GrpcClientProtocolClient (GrpcClientProtocolClient.java:onNext(255)) - client-D5BE96C883BA->c9f1298e-d840-49d8-aac3-de81602aa1d5: receive RaftClientReply:client-D5BE96C883BA->c9f1298e-d840-49d8-aac3-de81602aa1d5@group-E9810A644481, cid=3695, SUCCESS, logIndex=5074, commits[c9f1298e-d840-49d8-aac3-de81602aa1d5:c5075]
2019-08-30 23:40:42,523 [grpc-default-executor-1] INFO  client.GrpcClientProtocolClient (GrpcClientProtocolClient.java:onNext(255)) - client-D5BE96C883BA->c9f1298e-d840-49d8-aac3-de81602aa1d5: receive RaftClientReply:client-D5BE96C883BA->c9f1298e-d840-49d8-aac3-de81602aa1d5@group-E9810A644481, cid=3696, SUCCESS, logIndex=5075, commits[c9f1298e-d840-49d8-aac3-de81602aa1d5:c5075]
2019-08-30 23:40:42,540 [SCMBlockDeletingService#1] DEBUG block.SCMBlockDeletingService (SCMBlockDeletingService.java:call(138)) - Running DeletedBlockTransactionScanner
2019-08-30 23:40:42,541 [SCMBlockDeletingService#1] DEBUG block.SCMBlockDeletingService (SCMBlockDeletingService.java:call(155)) - Scanned deleted blocks log and got 0 delTX to process.
2019-08-30 23:40:42,557 [grpc-default-executor-1] INFO  client.GrpcClientProtocolClient (GrpcClientProtocolClient.java:onNext(255)) - client-D5BE96C883BA->c9f1298e-d840-49d8-aac3-de81602aa1d5: receive RaftClientReply:client-D5BE96C883BA->c9f1298e-d840-49d8-aac3-de81602aa1d5@group-E9810A644481, cid=3697, SUCCESS, logIndex=5078, commits[c9f1298e-d840-49d8-aac3-de81602aa1d5:c5079]
2019-08-30 23:40:42,558 [grpc-default-executor-1] INFO  client.GrpcClientProtocolClient (GrpcClientProtocolClient.java:onNext(255)) - client-D5BE96C883BA->c9f1298e-d840-49d8-aac3-de81602aa1d5: receive RaftClientReply:client-D5BE96C883BA->c9f1298e-d840-49d8-aac3-de81602aa1d5@group-E9810A644481, cid=3698, SUCCESS, logIndex=5079, commits[c9f1298e-d840-49d8-aac3-de81602aa1d5:c5079]
2019-08-30 23:40:42,569 [grpc-default-executor-1] INFO  client.GrpcClientProtocolClient (GrpcClientProtocolClient.java:onNext(255)) - client-D5BE96C883BA->c9f1298e-d840-49d8-aac3-de81602aa1d5: receive RaftClientReply:client-D5BE96C883BA->c9f1298e-d840-49d8-aac3-de81602aa1d5@group-E9810A644481, cid=3699, SUCCESS, logIndex=5080, commits[c9f1298e-d840-49d8-aac3-de81602aa1d5:c5081]
2019-08-30 23:40:42,569 [grpc-default-executor-1] INFO  client.GrpcClientProtocolClient (GrpcClientProtocolClient.java:onNext(255)) - client-D5BE96C883BA->c9f1298e-d840-49d8-aac3-de81602aa1d5: receive RaftClientReply:client-D5BE96C883BA->c9f1298e-d840-49d8-aac3-de81602aa1d5@group-E9810A644481, cid=3700, SUCCESS, logIndex=5081, commits[c9f1298e-d840-49d8-aac3-de81602aa1d5:c5081]
2019-08-30 23:40:42,691 [SCMBlockDeletingService#1] DEBUG block.SCMBlockDeletingService (SCMBlockDeletingService.java:call(138)) - Running DeletedBlockTransactionScanner
2019-08-30 23:40:42,691 [SCMBlockDeletingService#1] DEBUG block.SCMBlockDeletingService (SCMBlockDeletingService.java:call(155)) - Scanned deleted blocks log and got 0 delTX to process.
2019-08-30 23:40:42,707 [grpc-default-executor-1] INFO  client.GrpcClientProtocolClient (GrpcClientProtocolClient.java:onNext(255)) - client-D5BE96C883BA->c9f1298e-d840-49d8-aac3-de81602aa1d5: receive RaftClientReply:client-D5BE96C883BA->c9f1298e-d840-49d8-aac3-de81602aa1d5@group-E9810A644481, cid=3701, SUCCESS, logIndex=5084, commits[c9f1298e-d840-49d8-aac3-de81602aa1d5:c5085]
2019-08-30 23:40:42,707 [grpc-default-executor-1] INFO  client.GrpcClientProtocolClient (GrpcClientProtocolClient.java:onNext(255)) - client-D5BE96C883BA->c9f1298e-d840-49d8-aac3-de81602aa1d5: receive RaftClientReply:client-D5BE96C883BA->c9f1298e-d840-49d8-aac3-de81602aa1d5@group-E9810A644481, cid=3702, SUCCESS, logIndex=5085, commits[c9f1298e-d840-49d8-aac3-de81602aa1d5:c5085]
2019-08-30 23:40:42,714 [grpc-default-executor-1] INFO  client.GrpcClientProtocolClient (GrpcClientProtocolClient.java:onNext(255)) - client-D5BE96C883BA->c9f1298e-d840-49d8-aac3-de81602aa1d5: receive RaftClientReply:client-D5BE96C883BA->c9f1298e-d840-49d8-aac3-de81602aa1d5@group-E9810A644481, cid=3703, SUCCESS, logIndex=5086, commits[c9f1298e-d840-49d8-aac3-de81602aa1d5:c5087]
2019-08-30 23:40:42,714 [grpc-default-executor-1] INFO  client.GrpcClientProtocolClient (GrpcClientProtocolClient.java:onNext(255)) - client-D5BE96C883BA->c9f1298e-d840-49d8-aac3-de81602aa1d5: receive RaftClientReply:client-D5BE96C883BA->c9f1298e-d840-49d8-aac3-de81602aa1d5@group-E9810A644481, cid=3704, SUCCESS, logIndex=5087, commits[c9f1298e-d840-49d8-aac3-de81602aa1d5:c5087]
2019-08-30 23:40:42,741 [grpc-default-executor-0] INFO  client.GrpcClientProtocolClient (GrpcClientProtocolClient.java:onNext(255)) - client-D5BE96C883BA->c9f1298e-d840-49d8-aac3-de81602aa1d5: receive RaftClientReply:client-D5BE96C883BA->c9f1298e-d840-49d8-aac3-de81602aa1d5@group-E9810A644481, cid=3705, SUCCESS, logIndex=5090, commits[c9f1298e-d840-49d8-aac3-de81602aa1d5:c5091]
2019-08-30 23:40:42,742 [grpc-default-executor-0] INFO  client.GrpcClientProtocolClient (GrpcClientProtocolClient.java:onNext(255)) - client-D5BE96C883BA->c9f1298e-d840-49d8-aac3-de81602aa1d5: receive RaftClientReply:client-D5BE96C883BA->c9f1298e-d840-49d8-aac3-de81602aa1d5@group-E9810A644481, cid=3706, SUCCESS, logIndex=5091, commits[c9f1298e-d840-49d8-aac3-de81602aa1d5:c5091]
2019-08-30 23:40:42,746 [grpc-default-executor-0] INFO  client.GrpcClientProtocolClient (GrpcClientProtocolClient.java:onNext(255)) - client-D5BE96C883BA->c9f1298e-d840-49d8-aac3-de81602aa1d5: receive RaftClientReply:client-D5BE96C883BA->c9f1298e-d840-49d8-aac3-de81602aa1d5@group-E9810A644481, cid=3707, SUCCESS, logIndex=5092, commits[c9f1298e-d840-49d8-aac3-de81602aa1d5:c5093]
2019-08-30 23:40:42,747 [grpc-default-executor-0] INFO  client.GrpcClientProtocolClient (GrpcClientProtocolClient.java:onNext(255)) - client-D5BE96C883BA->c9f1298e-d840-49d8-aac3-de81602aa1d5: receive RaftClientReply:client-D5BE96C883BA->c9f1298e-d840-49d8-aac3-de81602aa1d5@group-E9810A644481, cid=3708, SUCCESS, logIndex=5093, commits[c9f1298e-d840-49d8-aac3-de81602aa1d5:c5093]
2019-08-30 23:40:42,775 [grpc-default-executor-0] INFO  client.GrpcClientProtocolClient (GrpcClientProtocolClient.java:onNext(255)) - client-D5BE96C883BA->c9f1298e-d840-49d8-aac3-de81602aa1d5: receive RaftClientReply:client-D5BE96C883BA->c9f1298e-d840-49d8-aac3-de81602aa1d5@group-E9810A644481, cid=3709, SUCCESS, logIndex=5096, commits[c9f1298e-d840-49d8-aac3-de81602aa1d5:c5099]
2019-08-30 23:40:42,776 [grpc-default-executor-0] INFO  client.GrpcClientProtocolClient (GrpcClientProtocolClient.java:onNext(255)) - client-D5BE96C883BA->c9f1298e-d840-49d8-aac3-de81602aa1d5: receive RaftClientReply:client-D5BE96C883BA->c9f1298e-d840-49d8-aac3-de81602aa1d5@group-E9810A644481, cid=3710, SUCCESS, logIndex=5097, commits[c9f1298e-d840-49d8-aac3-de81602aa1d5:c5099]
2019-08-30 23:40:42,776 [grpc-default-executor-0] INFO  client.GrpcClientProtocolClient (GrpcClientProtocolClient.java:onNext(255)) - client-D5BE96C883BA->c9f1298e-d840-49d8-aac3-de81602aa1d5: receive RaftClientReply:client-D5BE96C883BA->c9f1298e-d840-49d8-aac3-de81602aa1d5@group-E9810A644481, cid=3711, SUCCESS, logIndex=5098, commits[c9f1298e-d840-49d8-aac3-de81602aa1d5:c5099]
2019-08-30 23:40:42,776 [grpc-default-executor-0] INFO  client.GrpcClientProtocolClient (GrpcClientProtocolClient.java:onNext(255)) - client-D5BE96C883BA->c9f1298e-d840-49d8-aac3-de81602aa1d5: receive RaftClientReply:client-D5BE96C883BA->c9f1298e-d840-49d8-aac3-de81602aa1d5@group-E9810A644481, cid=3712, SUCCESS, logIndex=5099, commits[c9f1298e-d840-49d8-aac3-de81602aa1d5:c5099]
2019-08-30 23:40:42,791 [SCMBlockDeletingService#1] DEBUG block.SCMBlockDeletingService (SCMBlockDeletingService.java:call(138)) - Running DeletedBlockTransactionScanner
2019-08-30 23:40:42,792 [SCMBlockDeletingService#1] DEBUG block.SCMBlockDeletingService (SCMBlockDeletingService.java:call(155)) - Scanned deleted blocks log and got 0 delTX to process.
2019-08-30 23:40:42,892 [SCMBlockDeletingService#1] DEBUG block.SCMBlockDeletingService (SCMBlockDeletingService.java:call(138)) - Running DeletedBlockTransactionScanner
2019-08-30 23:40:42,892 [SCMBlockDeletingService#1] DEBUG block.SCMBlockDeletingService (SCMBlockDeletingService.java:call(155)) - Scanned deleted blocks log and got 0 delTX to process.
2019-08-30 23:40:42,928 [grpc-default-executor-1] INFO  client.GrpcClientProtocolClient (GrpcClientProtocolClient.java:onNext(255)) - client-D5BE96C883BA->c9f1298e-d840-49d8-aac3-de81602aa1d5: receive RaftClientReply:client-D5BE96C883BA->c9f1298e-d840-49d8-aac3-de81602aa1d5@group-E9810A644481, cid=3713, SUCCESS, logIndex=5101, commits[c9f1298e-d840-49d8-aac3-de81602aa1d5:c5102]
2019-08-30 23:40:42,929 [grpc-default-executor-1] INFO  client.GrpcClientProtocolClient (GrpcClientProtocolClient.java:onNext(255)) - client-D5BE96C883BA->c9f1298e-d840-49d8-aac3-de81602aa1d5: receive RaftClientReply:client-D5BE96C883BA->c9f1298e-d840-49d8-aac3-de81602aa1d5@group-E9810A644481, cid=3714, SUCCESS, logIndex=5102, commits[c9f1298e-d840-49d8-aac3-de81602aa1d5:c5102]
2019-08-30 23:40:42,934 [grpc-default-executor-1] INFO  client.GrpcClientProtocolClient (GrpcClientProtocolClient.java:onNext(255)) - client-D5BE96C883BA->c9f1298e-d840-49d8-aac3-de81602aa1d5: receive RaftClientReply:client-D5BE96C883BA->c9f1298e-d840-49d8-aac3-de81602aa1d5@group-E9810A644481, cid=3715, SUCCESS, logIndex=5103, commits[c9f1298e-d840-49d8-aac3-de81602aa1d5:c5104]
2019-08-30 23:40:42,934 [grpc-default-executor-1] INFO  client.GrpcClientProtocolClient (GrpcClientProtocolClient.java:onNext(255)) - client-D5BE96C883BA->c9f1298e-d840-49d8-aac3-de81602aa1d5: receive RaftClientReply:client-D5BE96C883BA->c9f1298e-d840-49d8-aac3-de81602aa1d5@group-E9810A644481, cid=3716, SUCCESS, logIndex=5104, commits[c9f1298e-d840-49d8-aac3-de81602aa1d5:c5104]
2019-08-30 23:40:42,954 [grpc-default-executor-0] INFO  client.GrpcClientProtocolClient (GrpcClientProtocolClient.java:onNext(255)) - client-D5BE96C883BA->c9f1298e-d840-49d8-aac3-de81602aa1d5: receive RaftClientReply:client-D5BE96C883BA->c9f1298e-d840-49d8-aac3-de81602aa1d5@group-E9810A644481, cid=3717, SUCCESS, logIndex=5107, commits[c9f1298e-d840-49d8-aac3-de81602aa1d5:c5110]
2019-08-30 23:40:42,954 [grpc-default-executor-0] INFO  client.GrpcClientProtocolClient (GrpcClientProtocolClient.java:onNext(255)) - client-D5BE96C883BA->c9f1298e-d840-49d8-aac3-de81602aa1d5: receive RaftClientReply:client-D5BE96C883BA->c9f1298e-d840-49d8-aac3-de81602aa1d5@group-E9810A644481, cid=3718, SUCCESS, logIndex=5108, commits[c9f1298e-d840-49d8-aac3-de81602aa1d5:c5110]
2019-08-30 23:40:42,955 [grpc-default-executor-0] INFO  client.GrpcClientProtocolClient (GrpcClientProtocolClient.java:onNext(255)) - client-D5BE96C883BA->c9f1298e-d840-49d8-aac3-de81602aa1d5: receive RaftClientReply:client-D5BE96C883BA->c9f1298e-d840-49d8-aac3-de81602aa1d5@group-E9810A644481, cid=3719, SUCCESS, logIndex=5109, commits[c9f1298e-d840-49d8-aac3-de81602aa1d5:c5110]
2019-08-30 23:40:42,955 [grpc-default-executor-0] INFO  client.GrpcClientProtocolClient (GrpcClientProtocolClient.java:onNext(255)) - client-D5BE96C883BA->c9f1298e-d840-49d8-aac3-de81602aa1d5: receive RaftClientReply:client-D5BE96C883BA->c9f1298e-d840-49d8-aac3-de81602aa1d5@group-E9810A644481, cid=3720, SUCCESS, logIndex=5110, commits[c9f1298e-d840-49d8-aac3-de81602aa1d5:c5110]
2019-08-30 23:40:42,993 [SCMBlockDeletingService#1] DEBUG block.SCMBlockDeletingService (SCMBlockDeletingService.java:call(138)) - Running DeletedBlockTransactionScanner
2019-08-30 23:40:42,993 [SCMBlockDeletingService#1] DEBUG block.SCMBlockDeletingService (SCMBlockDeletingService.java:call(155)) - Scanned deleted blocks log and got 0 delTX to process.
2019-08-30 23:40:43,074 [grpc-default-executor-0] INFO  client.GrpcClientProtocolClient (GrpcClientProtocolClient.java:onNext(255)) - client-D5BE96C883BA->c9f1298e-d840-49d8-aac3-de81602aa1d5: receive RaftClientReply:client-D5BE96C883BA->c9f1298e-d840-49d8-aac3-de81602aa1d5@group-E9810A644481, cid=3721, SUCCESS, logIndex=5112, commits[c9f1298e-d840-49d8-aac3-de81602aa1d5:c5115]
2019-08-30 23:40:43,075 [grpc-default-executor-0] INFO  client.GrpcClientProtocolClient (GrpcClientProtocolClient.java:onNext(255)) - client-D5BE96C883BA->c9f1298e-d840-49d8-aac3-de81602aa1d5: receive RaftClientReply:client-D5BE96C883BA->c9f1298e-d840-49d8-aac3-de81602aa1d5@group-E9810A644481, cid=3722, SUCCESS, logIndex=5113, commits[c9f1298e-d840-49d8-aac3-de81602aa1d5:c5115]
2019-08-30 23:40:43,076 [grpc-default-executor-0] INFO  client.GrpcClientProtocolClient (GrpcClientProtocolClient.java:onNext(255)) - client-D5BE96C883BA->c9f1298e-d840-49d8-aac3-de81602aa1d5: receive RaftClientReply:client-D5BE96C883BA->c9f1298e-d840-49d8-aac3-de81602aa1d5@group-E9810A644481, cid=3723, SUCCESS, logIndex=5114, commits[c9f1298e-d840-49d8-aac3-de81602aa1d5:c5115]
2019-08-30 23:40:43,076 [grpc-default-executor-0] INFO  client.GrpcClientProtocolClient (GrpcClientProtocolClient.java:onNext(255)) - client-D5BE96C883BA->c9f1298e-d840-49d8-aac3-de81602aa1d5: receive RaftClientReply:client-D5BE96C883BA->c9f1298e-d840-49d8-aac3-de81602aa1d5@group-E9810A644481, cid=3724, SUCCESS, logIndex=5115, commits[c9f1298e-d840-49d8-aac3-de81602aa1d5:c5115]
2019-08-30 23:40:43,093 [SCMBlockDeletingService#1] DEBUG block.SCMBlockDeletingService (SCMBlockDeletingService.java:call(138)) - Running DeletedBlockTransactionScanner
2019-08-30 23:40:43,093 [SCMBlockDeletingService#1] DEBUG block.SCMBlockDeletingService (SCMBlockDeletingService.java:call(155)) - Scanned deleted blocks log and got 0 delTX to process.
2019-08-30 23:40:43,099 [grpc-default-executor-1] INFO  client.GrpcClientProtocolClient (GrpcClientProtocolClient.java:onNext(255)) - client-D5BE96C883BA->c9f1298e-d840-49d8-aac3-de81602aa1d5: receive RaftClientReply:client-D5BE96C883BA->c9f1298e-d840-49d8-aac3-de81602aa1d5@group-E9810A644481, cid=3725, SUCCESS, logIndex=5117, commits[c9f1298e-d840-49d8-aac3-de81602aa1d5:c5118]
2019-08-30 23:40:43,100 [grpc-default-executor-1] INFO  client.GrpcClientProtocolClient (GrpcClientProtocolClient.java:onNext(255)) - client-D5BE96C883BA->c9f1298e-d840-49d8-aac3-de81602aa1d5: receive RaftClientReply:client-D5BE96C883BA->c9f1298e-d840-49d8-aac3-de81602aa1d5@group-E9810A644481, cid=3726, SUCCESS, logIndex=5118, commits[c9f1298e-d840-49d8-aac3-de81602aa1d5:c5120]
2019-08-30 23:40:43,100 [grpc-default-executor-1] INFO  client.GrpcClientProtocolClient (GrpcClientProtocolClient.java:onNext(255)) - client-D5BE96C883BA->c9f1298e-d840-49d8-aac3-de81602aa1d5: receive RaftClientReply:client-D5BE96C883BA->c9f1298e-d840-49d8-aac3-de81602aa1d5@group-E9810A644481, cid=3727, SUCCESS, logIndex=5119, commits[c9f1298e-d840-49d8-aac3-de81602aa1d5:c5120]
2019-08-30 23:40:43,100 [grpc-default-executor-1] INFO  client.GrpcClientProtocolClient (GrpcClientProtocolClient.java:onNext(255)) - client-D5BE96C883BA->c9f1298e-d840-49d8-aac3-de81602aa1d5: receive RaftClientReply:client-D5BE96C883BA->c9f1298e-d840-49d8-aac3-de81602aa1d5@group-E9810A644481, cid=3728, SUCCESS, logIndex=5120, commits[c9f1298e-d840-49d8-aac3-de81602aa1d5:c5120]
2019-08-30 23:40:43,126 [grpc-default-executor-1] INFO  client.GrpcClientProtocolClient (GrpcClientProtocolClient.java:onNext(255)) - client-D5BE96C883BA->c9f1298e-d840-49d8-aac3-de81602aa1d5: receive RaftClientReply:client-D5BE96C883BA->c9f1298e-d840-49d8-aac3-de81602aa1d5@group-E9810A644481, cid=3729, SUCCESS, logIndex=5123, commits[c9f1298e-d840-49d8-aac3-de81602aa1d5:c5124]
2019-08-30 23:40:43,127 [grpc-default-executor-1] INFO  client.GrpcClientProtocolClient (GrpcClientProtocolClient.java:onNext(255)) - client-D5BE96C883BA->c9f1298e-d840-49d8-aac3-de81602aa1d5: receive RaftClientReply:client-D5BE96C883BA->c9f1298e-d840-49d8-aac3-de81602aa1d5@group-E9810A644481, cid=3730, SUCCESS, logIndex=5124, commits[c9f1298e-d840-49d8-aac3-de81602aa1d5:c5124]
2019-08-30 23:40:43,141 [grpc-default-executor-1] INFO  client.GrpcClientProtocolClient (GrpcClientProtocolClient.java:onNext(255)) - client-D5BE96C883BA->c9f1298e-d840-49d8-aac3-de81602aa1d5: receive RaftClientReply:client-D5BE96C883BA->c9f1298e-d840-49d8-aac3-de81602aa1d5@group-E9810A644481, cid=3731, SUCCESS, logIndex=5125, commits[c9f1298e-d840-49d8-aac3-de81602aa1d5:c5126]
2019-08-30 23:40:43,142 [grpc-default-executor-1] INFO  client.GrpcClientProtocolClient (GrpcClientProtocolClient.java:onNext(255)) - client-D5BE96C883BA->c9f1298e-d840-49d8-aac3-de81602aa1d5: receive RaftClientReply:client-D5BE96C883BA->c9f1298e-d840-49d8-aac3-de81602aa1d5@group-E9810A644481, cid=3732, SUCCESS, logIndex=5126, commits[c9f1298e-d840-49d8-aac3-de81602aa1d5:c5126]
2019-08-30 23:40:43,159 [grpc-default-executor-1] INFO  client.GrpcClientProtocolClient (GrpcClientProtocolClient.java:onNext(255)) - client-D5BE96C883BA->c9f1298e-d840-49d8-aac3-de81602aa1d5: receive RaftClientReply:client-D5BE96C883BA->c9f1298e-d840-49d8-aac3-de81602aa1d5@group-E9810A644481, cid=3733, SUCCESS, logIndex=5129, commits[c9f1298e-d840-49d8-aac3-de81602aa1d5:c5132]
2019-08-30 23:40:43,159 [grpc-default-executor-1] INFO  client.GrpcClientProtocolClient (GrpcClientProtocolClient.java:onNext(255)) - client-D5BE96C883BA->c9f1298e-d840-49d8-aac3-de81602aa1d5: receive RaftClientReply:client-D5BE96C883BA->c9f1298e-d840-49d8-aac3-de81602aa1d5@group-E9810A644481, cid=3734, SUCCESS, logIndex=5130, commits[c9f1298e-d840-49d8-aac3-de81602aa1d5:c5132]
2019-08-30 23:40:43,160 [grpc-default-executor-1] INFO  client.GrpcClientProtocolClient (GrpcClientProtocolClient.java:onNext(255)) - client-D5BE96C883BA->c9f1298e-d840-49d8-aac3-de81602aa1d5: receive RaftClientReply:client-D5BE96C883BA->c9f1298e-d840-49d8-aac3-de81602aa1d5@group-E9810A644481, cid=3735, SUCCESS, logIndex=5131, commits[c9f1298e-d840-49d8-aac3-de81602aa1d5:c5132]
2019-08-30 23:40:43,160 [grpc-default-executor-1] INFO  client.GrpcClientProtocolClient (GrpcClientProtocolClient.java:onNext(255)) - client-D5BE96C883BA->c9f1298e-d840-49d8-aac3-de81602aa1d5: receive RaftClientReply:client-D5BE96C883BA->c9f1298e-d840-49d8-aac3-de81602aa1d5@group-E9810A644481, cid=3736, SUCCESS, logIndex=5132, commits[c9f1298e-d840-49d8-aac3-de81602aa1d5:c5132]
2019-08-30 23:40:43,191 [grpc-default-executor-0] INFO  client.GrpcClientProtocolClient (GrpcClientProtocolClient.java:onNext(255)) - client-D5BE96C883BA->c9f1298e-d840-49d8-aac3-de81602aa1d5: receive RaftClientReply:client-D5BE96C883BA->c9f1298e-d840-49d8-aac3-de81602aa1d5@group-E9810A644481, cid=3737, SUCCESS, logIndex=5134, commits[c9f1298e-d840-49d8-aac3-de81602aa1d5:c5135]
2019-08-30 23:40:43,192 [grpc-default-executor-0] INFO  client.GrpcClientProtocolClient (GrpcClientProtocolClient.java:onNext(255)) - client-D5BE96C883BA->c9f1298e-d840-49d8-aac3-de81602aa1d5: receive RaftClientReply:client-D5BE96C883BA->c9f1298e-d840-49d8-aac3-de81602aa1d5@group-E9810A644481, cid=3738, SUCCESS, logIndex=5135, commits[c9f1298e-d840-49d8-aac3-de81602aa1d5:c5135]
2019-08-30 23:40:43,194 [SCMBlockDeletingService#1] DEBUG block.SCMBlockDeletingService (SCMBlockDeletingService.java:call(138)) - Running DeletedBlockTransactionScanner
2019-08-30 23:40:43,194 [SCMBlockDeletingService#1] DEBUG block.SCMBlockDeletingService (SCMBlockDeletingService.java:call(155)) - Scanned deleted blocks log and got 0 delTX to process.
2019-08-30 23:40:43,196 [grpc-default-executor-0] INFO  client.GrpcClientProtocolClient (GrpcClientProtocolClient.java:onNext(255)) - client-D5BE96C883BA->c9f1298e-d840-49d8-aac3-de81602aa1d5: receive RaftClientReply:client-D5BE96C883BA->c9f1298e-d840-49d8-aac3-de81602aa1d5@group-E9810A644481, cid=3739, SUCCESS, logIndex=5136, commits[c9f1298e-d840-49d8-aac3-de81602aa1d5:c5137]
2019-08-30 23:40:43,197 [grpc-default-executor-0] INFO  client.GrpcClientProtocolClient (GrpcClientProtocolClient.java:onNext(255)) - client-D5BE96C883BA->c9f1298e-d840-49d8-aac3-de81602aa1d5: receive RaftClientReply:client-D5BE96C883BA->c9f1298e-d840-49d8-aac3-de81602aa1d5@group-E9810A644481, cid=3740, SUCCESS, logIndex=5137, commits[c9f1298e-d840-49d8-aac3-de81602aa1d5:c5137]
2019-08-30 23:40:43,216 [grpc-default-executor-1] INFO  client.GrpcClientProtocolClient (GrpcClientProtocolClient.java:onNext(255)) - client-D5BE96C883BA->c9f1298e-d840-49d8-aac3-de81602aa1d5: receive RaftClientReply:client-D5BE96C883BA->c9f1298e-d840-49d8-aac3-de81602aa1d5@group-E9810A644481, cid=3741, SUCCESS, logIndex=5140, commits[c9f1298e-d840-49d8-aac3-de81602aa1d5:c5143]
2019-08-30 23:40:43,216 [grpc-default-executor-1] INFO  client.GrpcClientProtocolClient (GrpcClientProtocolClient.java:onNext(255)) - client-D5BE96C883BA->c9f1298e-d840-49d8-aac3-de81602aa1d5: receive RaftClientReply:client-D5BE96C883BA->c9f1298e-d840-49d8-aac3-de81602aa1d5@group-E9810A644481, cid=3742, SUCCESS, logIndex=5141, commits[c9f1298e-d840-49d8-aac3-de81602aa1d5:c5143]
2019-08-30 23:40:43,216 [grpc-default-executor-1] INFO  client.GrpcClientProtocolClient (GrpcClientProtocolClient.java:onNext(255)) - client-D5BE96C883BA->c9f1298e-d840-49d8-aac3-de81602aa1d5: receive RaftClientReply:client-D5BE96C883BA->c9f1298e-d840-49d8-aac3-de81602aa1d5@group-E9810A644481, cid=3743, SUCCESS, logIndex=5142, commits[c9f1298e-d840-49d8-aac3-de81602aa1d5:c5143]
2019-08-30 23:40:43,217 [grpc-default-executor-1] INFO  client.GrpcClientProtocolClient (GrpcClientProtocolClient.java:onNext(255)) - client-D5BE96C883BA->c9f1298e-d840-49d8-aac3-de81602aa1d5: receive RaftClientReply:client-D5BE96C883BA->c9f1298e-d840-49d8-aac3-de81602aa1d5@group-E9810A644481, cid=3744, SUCCESS, logIndex=5143, commits[c9f1298e-d840-49d8-aac3-de81602aa1d5:c5143]
2019-08-30 23:40:43,248 [grpc-default-executor-0] INFO  client.GrpcClientProtocolClient (GrpcClientProtocolClient.java:onNext(255)) - client-D5BE96C883BA->c9f1298e-d840-49d8-aac3-de81602aa1d5: receive RaftClientReply:client-D5BE96C883BA->c9f1298e-d840-49d8-aac3-de81602aa1d5@group-E9810A644481, cid=3745, SUCCESS, logIndex=5145, commits[c9f1298e-d840-49d8-aac3-de81602aa1d5:c5146]
2019-08-30 23:40:43,248 [grpc-default-executor-0] INFO  client.GrpcClientProtocolClient (GrpcClientProtocolClient.java:onNext(255)) - client-D5BE96C883BA->c9f1298e-d840-49d8-aac3-de81602aa1d5: receive RaftClientReply:client-D5BE96C883BA->c9f1298e-d840-49d8-aac3-de81602aa1d5@group-E9810A644481, cid=3746, SUCCESS, logIndex=5146, commits[c9f1298e-d840-49d8-aac3-de81602aa1d5:c5146]
2019-08-30 23:40:43,249 [grpc-default-executor-0] INFO  client.GrpcClientProtocolClient (GrpcClientProtocolClient.java:onNext(255)) - client-D5BE96C883BA->c9f1298e-d840-49d8-aac3-de81602aa1d5: receive RaftClientReply:client-D5BE96C883BA->c9f1298e-d840-49d8-aac3-de81602aa1d5@group-E9810A644481, cid=3747, SUCCESS, logIndex=5147, commits[c9f1298e-d840-49d8-aac3-de81602aa1d5:c5148]
2019-08-30 23:40:43,249 [grpc-default-executor-0] INFO  client.GrpcClientProtocolClient (GrpcClientProtocolClient.java:onNext(255)) - client-D5BE96C883BA->c9f1298e-d840-49d8-aac3-de81602aa1d5: receive RaftClientReply:client-D5BE96C883BA->c9f1298e-d840-49d8-aac3-de81602aa1d5@group-E9810A644481, cid=3748, SUCCESS, logIndex=5148, commits[c9f1298e-d840-49d8-aac3-de81602aa1d5:c5148]
2019-08-30 23:40:43,265 [grpc-default-executor-1] INFO  client.GrpcClientProtocolClient (GrpcClientProtocolClient.java:onNext(255)) - client-D5BE96C883BA->c9f1298e-d840-49d8-aac3-de81602aa1d5: receive RaftClientReply:client-D5BE96C883BA->c9f1298e-d840-49d8-aac3-de81602aa1d5@group-E9810A644481, cid=3749, SUCCESS, logIndex=5151, commits[c9f1298e-d840-49d8-aac3-de81602aa1d5:c5154]
2019-08-30 23:40:43,266 [grpc-default-executor-1] INFO  client.GrpcClientProtocolClient (GrpcClientProtocolClient.java:onNext(255)) - client-D5BE96C883BA->c9f1298e-d840-49d8-aac3-de81602aa1d5: receive RaftClientReply:client-D5BE96C883BA->c9f1298e-d840-49d8-aac3-de81602aa1d5@group-E9810A644481, cid=3750, SUCCESS, logIndex=5152, commits[c9f1298e-d840-49d8-aac3-de81602aa1d5:c5154]
2019-08-30 23:40:43,266 [grpc-default-executor-1] INFO  client.GrpcClientProtocolClient (GrpcClientProtocolClient.java:onNext(255)) - client-D5BE96C883BA->c9f1298e-d840-49d8-aac3-de81602aa1d5: receive RaftClientReply:client-D5BE96C883BA->c9f1298e-d840-49d8-aac3-de81602aa1d5@group-E9810A644481, cid=3751, SUCCESS, logIndex=5153, commits[c9f1298e-d840-49d8-aac3-de81602aa1d5:c5154]
2019-08-30 23:40:43,266 [grpc-default-executor-1] INFO  client.GrpcClientProtocolClient (GrpcClientProtocolClient.java:onNext(255)) - client-D5BE96C883BA->c9f1298e-d840-49d8-aac3-de81602aa1d5: receive RaftClientReply:client-D5BE96C883BA->c9f1298e-d840-49d8-aac3-de81602aa1d5@group-E9810A644481, cid=3752, SUCCESS, logIndex=5154, commits[c9f1298e-d840-49d8-aac3-de81602aa1d5:c5154]
2019-08-30 23:40:43,294 [SCMBlockDeletingService#1] DEBUG block.SCMBlockDeletingService (SCMBlockDeletingService.java:call(138)) - Running DeletedBlockTransactionScanner
2019-08-30 23:40:43,295 [SCMBlockDeletingService#1] DEBUG block.SCMBlockDeletingService (SCMBlockDeletingService.java:call(155)) - Scanned deleted blocks log and got 0 delTX to process.
2019-08-30 23:40:43,297 [grpc-default-executor-1] INFO  client.GrpcClientProtocolClient (GrpcClientProtocolClient.java:onNext(255)) - client-D5BE96C883BA->c9f1298e-d840-49d8-aac3-de81602aa1d5: receive RaftClientReply:client-D5BE96C883BA->c9f1298e-d840-49d8-aac3-de81602aa1d5@group-E9810A644481, cid=3753, SUCCESS, logIndex=5156, commits[c9f1298e-d840-49d8-aac3-de81602aa1d5:c5159]
2019-08-30 23:40:43,297 [grpc-default-executor-1] INFO  client.GrpcClientProtocolClient (GrpcClientProtocolClient.java:onNext(255)) - client-D5BE96C883BA->c9f1298e-d840-49d8-aac3-de81602aa1d5: receive RaftClientReply:client-D5BE96C883BA->c9f1298e-d840-49d8-aac3-de81602aa1d5@group-E9810A644481, cid=3754, SUCCESS, logIndex=5157, commits[c9f1298e-d840-49d8-aac3-de81602aa1d5:c5159]
2019-08-30 23:40:43,297 [grpc-default-executor-1] INFO  client.GrpcClientProtocolClient (GrpcClientProtocolClient.java:onNext(255)) - client-D5BE96C883BA->c9f1298e-d840-49d8-aac3-de81602aa1d5: receive RaftClientReply:client-D5BE96C883BA->c9f1298e-d840-49d8-aac3-de81602aa1d5@group-E9810A644481, cid=3755, SUCCESS, logIndex=5158, commits[c9f1298e-d840-49d8-aac3-de81602aa1d5:c5159]
2019-08-30 23:40:43,298 [grpc-default-executor-1] INFO  client.GrpcClientProtocolClient (GrpcClientProtocolClient.java:onNext(255)) - client-D5BE96C883BA->c9f1298e-d840-49d8-aac3-de81602aa1d5: receive RaftClientReply:client-D5BE96C883BA->c9f1298e-d840-49d8-aac3-de81602aa1d5@group-E9810A644481, cid=3756, SUCCESS, logIndex=5159, commits[c9f1298e-d840-49d8-aac3-de81602aa1d5:c5159]
2019-08-30 23:40:43,395 [SCMBlockDeletingService#1] DEBUG block.SCMBlockDeletingService (SCMBlockDeletingService.java:call(138)) - Running DeletedBlockTransactionScanner
2019-08-30 23:40:43,395 [SCMBlockDeletingService#1] DEBUG block.SCMBlockDeletingService (SCMBlockDeletingService.java:call(155)) - Scanned deleted blocks log and got 0 delTX to process.
2019-08-30 23:40:43,426 [grpc-default-executor-1] INFO  client.GrpcClientProtocolClient (GrpcClientProtocolClient.java:onNext(255)) - client-D5BE96C883BA->c9f1298e-d840-49d8-aac3-de81602aa1d5: receive RaftClientReply:client-D5BE96C883BA->c9f1298e-d840-49d8-aac3-de81602aa1d5@group-E9810A644481, cid=3757, SUCCESS, logIndex=5161, commits[c9f1298e-d840-49d8-aac3-de81602aa1d5:c5162]
2019-08-30 23:40:43,427 [grpc-default-executor-1] INFO  client.GrpcClientProtocolClient (GrpcClientProtocolClient.java:onNext(255)) - client-D5BE96C883BA->c9f1298e-d840-49d8-aac3-de81602aa1d5: receive RaftClientReply:client-D5BE96C883BA->c9f1298e-d840-49d8-aac3-de81602aa1d5@group-E9810A644481, cid=3758, SUCCESS, logIndex=5162, commits[c9f1298e-d840-49d8-aac3-de81602aa1d5:c5162]
2019-08-30 23:40:43,435 [grpc-default-executor-1] INFO  client.GrpcClientProtocolClient (GrpcClientProtocolClient.java:onNext(255)) - client-D5BE96C883BA->c9f1298e-d840-49d8-aac3-de81602aa1d5: receive RaftClientReply:client-D5BE96C883BA->c9f1298e-d840-49d8-aac3-de81602aa1d5@group-E9810A644481, cid=3759, SUCCESS, logIndex=5163, commits[c9f1298e-d840-49d8-aac3-de81602aa1d5:c5164]
2019-08-30 23:40:43,435 [grpc-default-executor-1] INFO  client.GrpcClientProtocolClient (GrpcClientProtocolClient.java:onNext(255)) - client-D5BE96C883BA->c9f1298e-d840-49d8-aac3-de81602aa1d5: receive RaftClientReply:client-D5BE96C883BA->c9f1298e-d840-49d8-aac3-de81602aa1d5@group-E9810A644481, cid=3760, SUCCESS, logIndex=5164, commits[c9f1298e-d840-49d8-aac3-de81602aa1d5:c5164]
2019-08-30 23:40:43,474 [grpc-default-executor-1] INFO  client.GrpcClientProtocolClient (GrpcClientProtocolClient.java:onNext(255)) - client-D5BE96C883BA->c9f1298e-d840-49d8-aac3-de81602aa1d5: receive RaftClientReply:client-D5BE96C883BA->c9f1298e-d840-49d8-aac3-de81602aa1d5@group-E9810A644481, cid=3761, SUCCESS, logIndex=5167, commits[c9f1298e-d840-49d8-aac3-de81602aa1d5:c5168]
2019-08-30 23:40:43,475 [grpc-default-executor-1] INFO  client.GrpcClientProtocolClient (GrpcClientProtocolClient.java:onNext(255)) - client-D5BE96C883BA->c9f1298e-d840-49d8-aac3-de81602aa1d5: receive RaftClientReply:client-D5BE96C883BA->c9f1298e-d840-49d8-aac3-de81602aa1d5@group-E9810A644481, cid=3762, SUCCESS, logIndex=5168, commits[c9f1298e-d840-49d8-aac3-de81602aa1d5:c5168]
2019-08-30 23:40:43,483 [grpc-default-executor-1] INFO  client.GrpcClientProtocolClient (GrpcClientProtocolClient.java:onNext(255)) - client-D5BE96C883BA->c9f1298e-d840-49d8-aac3-de81602aa1d5: receive RaftClientReply:client-D5BE96C883BA->c9f1298e-d840-49d8-aac3-de81602aa1d5@group-E9810A644481, cid=3763, SUCCESS, logIndex=5169, commits[c9f1298e-d840-49d8-aac3-de81602aa1d5:c5170]
2019-08-30 23:40:43,484 [grpc-default-executor-1] INFO  client.GrpcClientProtocolClient (GrpcClientProtocolClient.java:onNext(255)) - client-D5BE96C883BA->c9f1298e-d840-49d8-aac3-de81602aa1d5: receive RaftClientReply:client-D5BE96C883BA->c9f1298e-d840-49d8-aac3-de81602aa1d5@group-E9810A644481, cid=3764, SUCCESS, logIndex=5170, commits[c9f1298e-d840-49d8-aac3-de81602aa1d5:c5170]
2019-08-30 23:40:43,495 [SCMBlockDeletingService#1] DEBUG block.SCMBlockDeletingService (SCMBlockDeletingService.java:call(138)) - Running DeletedBlockTransactionScanner
2019-08-30 23:40:43,496 [SCMBlockDeletingService#1] DEBUG block.SCMBlockDeletingService (SCMBlockDeletingService.java:call(155)) - Scanned deleted blocks log and got 0 delTX to process.
2019-08-30 23:40:43,499 [grpc-default-executor-1] INFO  client.GrpcClientProtocolClient (GrpcClientProtocolClient.java:onNext(255)) - client-D5BE96C883BA->c9f1298e-d840-49d8-aac3-de81602aa1d5: receive RaftClientReply:client-D5BE96C883BA->c9f1298e-d840-49d8-aac3-de81602aa1d5@group-E9810A644481, cid=3765, SUCCESS, logIndex=5173, commits[c9f1298e-d840-49d8-aac3-de81602aa1d5:c5176]
2019-08-30 23:40:43,499 [grpc-default-executor-1] INFO  client.GrpcClientProtocolClient (GrpcClientProtocolClient.java:onNext(255)) - client-D5BE96C883BA->c9f1298e-d840-49d8-aac3-de81602aa1d5: receive RaftClientReply:client-D5BE96C883BA->c9f1298e-d840-49d8-aac3-de81602aa1d5@group-E9810A644481, cid=3766, SUCCESS, logIndex=5174, commits[c9f1298e-d840-49d8-aac3-de81602aa1d5:c5176]
2019-08-30 23:40:43,499 [grpc-default-executor-1] INFO  client.GrpcClientProtocolClient (GrpcClientProtocolClient.java:onNext(255)) - client-D5BE96C883BA->c9f1298e-d840-49d8-aac3-de81602aa1d5: receive RaftClientReply:client-D5BE96C883BA->c9f1298e-d840-49d8-aac3-de81602aa1d5@group-E9810A644481, cid=3767, SUCCESS, logIndex=5175, commits[c9f1298e-d840-49d8-aac3-de81602aa1d5:c5176]
2019-08-30 23:40:43,499 [grpc-default-executor-1] INFO  client.GrpcClientProtocolClient (GrpcClientProtocolClient.java:onNext(255)) - client-D5BE96C883BA->c9f1298e-d840-49d8-aac3-de81602aa1d5: receive RaftClientReply:client-D5BE96C883BA->c9f1298e-d840-49d8-aac3-de81602aa1d5@group-E9810A644481, cid=3768, SUCCESS, logIndex=5176, commits[c9f1298e-d840-49d8-aac3-de81602aa1d5:c5176]
2019-08-30 23:40:43,539 [grpc-default-executor-1] INFO  client.GrpcClientProtocolClient (GrpcClientProtocolClient.java:onNext(255)) - client-D5BE96C883BA->c9f1298e-d840-49d8-aac3-de81602aa1d5: receive RaftClientReply:client-D5BE96C883BA->c9f1298e-d840-49d8-aac3-de81602aa1d5@group-E9810A644481, cid=3769, SUCCESS, logIndex=5178, commits[c9f1298e-d840-49d8-aac3-de81602aa1d5:c5179]
2019-08-30 23:40:43,539 [grpc-default-executor-1] INFO  client.GrpcClientProtocolClient (GrpcClientProtocolClient.java:onNext(255)) - client-D5BE96C883BA->c9f1298e-d840-49d8-aac3-de81602aa1d5: receive RaftClientReply:client-D5BE96C883BA->c9f1298e-d840-49d8-aac3-de81602aa1d5@group-E9810A644481, cid=3770, SUCCESS, logIndex=5179, commits[c9f1298e-d840-49d8-aac3-de81602aa1d5:c5179]
2019-08-30 23:40:43,548 [grpc-default-executor-1] INFO  client.GrpcClientProtocolClient (GrpcClientProtocolClient.java:onNext(255)) - client-D5BE96C883BA->c9f1298e-d840-49d8-aac3-de81602aa1d5: receive RaftClientReply:client-D5BE96C883BA->c9f1298e-d840-49d8-aac3-de81602aa1d5@group-E9810A644481, cid=3771, SUCCESS, logIndex=5180, commits[c9f1298e-d840-49d8-aac3-de81602aa1d5:c5181]
2019-08-30 23:40:43,548 [grpc-default-executor-1] INFO  client.GrpcClientProtocolClient (GrpcClientProtocolClient.java:onNext(255)) - client-D5BE96C883BA->c9f1298e-d840-49d8-aac3-de81602aa1d5: receive RaftClientReply:client-D5BE96C883BA->c9f1298e-d840-49d8-aac3-de81602aa1d5@group-E9810A644481, cid=3772, SUCCESS, logIndex=5181, commits[c9f1298e-d840-49d8-aac3-de81602aa1d5:c5181]
2019-08-30 23:40:43,578 [grpc-default-executor-1] INFO  client.GrpcClientProtocolClient (GrpcClientProtocolClient.java:onNext(255)) - client-D5BE96C883BA->c9f1298e-d840-49d8-aac3-de81602aa1d5: receive RaftClientReply:client-D5BE96C883BA->c9f1298e-d840-49d8-aac3-de81602aa1d5@group-E9810A644481, cid=3773, SUCCESS, logIndex=5184, commits[c9f1298e-d840-49d8-aac3-de81602aa1d5:c5187]
2019-08-30 23:40:43,579 [grpc-default-executor-1] INFO  client.GrpcClientProtocolClient (GrpcClientProtocolClient.java:onNext(255)) - client-D5BE96C883BA->c9f1298e-d840-49d8-aac3-de81602aa1d5: receive RaftClientReply:client-D5BE96C883BA->c9f1298e-d840-49d8-aac3-de81602aa1d5@group-E9810A644481, cid=3774, SUCCESS, logIndex=5185, commits[c9f1298e-d840-49d8-aac3-de81602aa1d5:c5187]
2019-08-30 23:40:43,579 [grpc-default-executor-1] INFO  client.GrpcClientProtocolClient (GrpcClientProtocolClient.java:onNext(255)) - client-D5BE96C883BA->c9f1298e-d840-49d8-aac3-de81602aa1d5: receive RaftClientReply:client-D5BE96C883BA->c9f1298e-d840-49d8-aac3-de81602aa1d5@group-E9810A644481, cid=3775, SUCCESS, logIndex=5186, commits[c9f1298e-d840-49d8-aac3-de81602aa1d5:c5187]
2019-08-30 23:40:43,580 [grpc-default-executor-1] INFO  client.GrpcClientProtocolClient (GrpcClientProtocolClient.java:onNext(255)) - client-D5BE96C883BA->c9f1298e-d840-49d8-aac3-de81602aa1d5: receive RaftClientReply:client-D5BE96C883BA->c9f1298e-d840-49d8-aac3-de81602aa1d5@group-E9810A644481, cid=3776, SUCCESS, logIndex=5187, commits[c9f1298e-d840-49d8-aac3-de81602aa1d5:c5187]
2019-08-30 23:40:43,596 [SCMBlockDeletingService#1] DEBUG block.SCMBlockDeletingService (SCMBlockDeletingService.java:call(138)) - Running DeletedBlockTransactionScanner
2019-08-30 23:40:43,596 [SCMBlockDeletingService#1] DEBUG block.SCMBlockDeletingService (SCMBlockDeletingService.java:call(155)) - Scanned deleted blocks log and got 0 delTX to process.
2019-08-30 23:40:43,612 [grpc-default-executor-0] INFO  client.GrpcClientProtocolClient (GrpcClientProtocolClient.java:onNext(255)) - client-D5BE96C883BA->c9f1298e-d840-49d8-aac3-de81602aa1d5: receive RaftClientReply:client-D5BE96C883BA->c9f1298e-d840-49d8-aac3-de81602aa1d5@group-E9810A644481, cid=3777, SUCCESS, logIndex=5189, commits[c9f1298e-d840-49d8-aac3-de81602aa1d5:c5192]
2019-08-30 23:40:43,613 [grpc-default-executor-0] INFO  client.GrpcClientProtocolClient (GrpcClientProtocolClient.java:onNext(255)) - client-D5BE96C883BA->c9f1298e-d840-49d8-aac3-de81602aa1d5: receive RaftClientReply:client-D5BE96C883BA->c9f1298e-d840-49d8-aac3-de81602aa1d5@group-E9810A644481, cid=3778, SUCCESS, logIndex=5190, commits[c9f1298e-d840-49d8-aac3-de81602aa1d5:c5192]
2019-08-30 23:40:43,613 [grpc-default-executor-0] INFO  client.GrpcClientProtocolClient (GrpcClientProtocolClient.java:onNext(255)) - client-D5BE96C883BA->c9f1298e-d840-49d8-aac3-de81602aa1d5: receive RaftClientReply:client-D5BE96C883BA->c9f1298e-d840-49d8-aac3-de81602aa1d5@group-E9810A644481, cid=3779, SUCCESS, logIndex=5191, commits[c9f1298e-d840-49d8-aac3-de81602aa1d5:c5192]
2019-08-30 23:40:43,613 [grpc-default-executor-0] INFO  client.GrpcClientProtocolClient (GrpcClientProtocolClient.java:onNext(255)) - client-D5BE96C883BA->c9f1298e-d840-49d8-aac3-de81602aa1d5: receive RaftClientReply:client-D5BE96C883BA->c9f1298e-d840-49d8-aac3-de81602aa1d5@group-E9810A644481, cid=3780, SUCCESS, logIndex=5192, commits[c9f1298e-d840-49d8-aac3-de81602aa1d5:c5192]
2019-08-30 23:40:43,628 [grpc-default-executor-0] INFO  client.GrpcClientProtocolClient (GrpcClientProtocolClient.java:onNext(255)) - client-D5BE96C883BA->c9f1298e-d840-49d8-aac3-de81602aa1d5: receive RaftClientReply:client-D5BE96C883BA->c9f1298e-d840-49d8-aac3-de81602aa1d5@group-E9810A644481, cid=3781, SUCCESS, logIndex=5194, commits[c9f1298e-d840-49d8-aac3-de81602aa1d5:c5195]
2019-08-30 23:40:43,628 [grpc-default-executor-0] INFO  client.GrpcClientProtocolClient (GrpcClientProtocolClient.java:onNext(255)) - client-D5BE96C883BA->c9f1298e-d840-49d8-aac3-de81602aa1d5: receive RaftClientReply:client-D5BE96C883BA->c9f1298e-d840-49d8-aac3-de81602aa1d5@group-E9810A644481, cid=3782, SUCCESS, logIndex=5195, commits[c9f1298e-d840-49d8-aac3-de81602aa1d5:c5195]
2019-08-30 23:40:43,634 [grpc-default-executor-0] INFO  client.GrpcClientProtocolClient (GrpcClientProtocolClient.java:onNext(255)) - client-D5BE96C883BA->c9f1298e-d840-49d8-aac3-de81602aa1d5: receive RaftClientReply:client-D5BE96C883BA->c9f1298e-d840-49d8-aac3-de81602aa1d5@group-E9810A644481, cid=3783, SUCCESS, logIndex=5196, commits[c9f1298e-d840-49d8-aac3-de81602aa1d5:c5197]
2019-08-30 23:40:43,634 [grpc-default-executor-0] INFO  client.GrpcClientProtocolClient (GrpcClientProtocolClient.java:onNext(255)) - client-D5BE96C883BA->c9f1298e-d840-49d8-aac3-de81602aa1d5: receive RaftClientReply:client-D5BE96C883BA->c9f1298e-d840-49d8-aac3-de81602aa1d5@group-E9810A644481, cid=3784, SUCCESS, logIndex=5197, commits[c9f1298e-d840-49d8-aac3-de81602aa1d5:c5197]
2019-08-30 23:40:43,666 [grpc-default-executor-0] INFO  client.GrpcClientProtocolClient (GrpcClientProtocolClient.java:onNext(255)) - client-D5BE96C883BA->c9f1298e-d840-49d8-aac3-de81602aa1d5: receive RaftClientReply:client-D5BE96C883BA->c9f1298e-d840-49d8-aac3-de81602aa1d5@group-E9810A644481, cid=3785, SUCCESS, logIndex=5200, commits[c9f1298e-d840-49d8-aac3-de81602aa1d5:c5201]
2019-08-30 23:40:43,666 [grpc-default-executor-0] INFO  client.GrpcClientProtocolClient (GrpcClientProtocolClient.java:onNext(255)) - client-D5BE96C883BA->c9f1298e-d840-49d8-aac3-de81602aa1d5: receive RaftClientReply:client-D5BE96C883BA->c9f1298e-d840-49d8-aac3-de81602aa1d5@group-E9810A644481, cid=3786, SUCCESS, logIndex=5201, commits[c9f1298e-d840-49d8-aac3-de81602aa1d5:c5201]
2019-08-30 23:40:43,675 [grpc-default-executor-0] INFO  client.GrpcClientProtocolClient (GrpcClientProtocolClient.java:onNext(255)) - client-D5BE96C883BA->c9f1298e-d840-49d8-aac3-de81602aa1d5: receive RaftClientReply:client-D5BE96C883BA->c9f1298e-d840-49d8-aac3-de81602aa1d5@group-E9810A644481, cid=3787, SUCCESS, logIndex=5202, commits[c9f1298e-d840-49d8-aac3-de81602aa1d5:c5203]
2019-08-30 23:40:43,676 [grpc-default-executor-0] INFO  client.GrpcClientProtocolClient (GrpcClientProtocolClient.java:onNext(255)) - client-D5BE96C883BA->c9f1298e-d840-49d8-aac3-de81602aa1d5: receive RaftClientReply:client-D5BE96C883BA->c9f1298e-d840-49d8-aac3-de81602aa1d5@group-E9810A644481, cid=3788, SUCCESS, logIndex=5203, commits[c9f1298e-d840-49d8-aac3-de81602aa1d5:c5203]
2019-08-30 23:40:43,697 [SCMBlockDeletingService#1] DEBUG block.SCMBlockDeletingService (SCMBlockDeletingService.java:call(138)) - Running DeletedBlockTransactionScanner
2019-08-30 23:40:43,697 [SCMBlockDeletingService#1] DEBUG block.SCMBlockDeletingService (SCMBlockDeletingService.java:call(155)) - Scanned deleted blocks log and got 0 delTX to process.
2019-08-30 23:40:43,709 [grpc-default-executor-0] INFO  client.GrpcClientProtocolClient (GrpcClientProtocolClient.java:onNext(255)) - client-D5BE96C883BA->c9f1298e-d840-49d8-aac3-de81602aa1d5: receive RaftClientReply:client-D5BE96C883BA->c9f1298e-d840-49d8-aac3-de81602aa1d5@group-E9810A644481, cid=3789, SUCCESS, logIndex=5206, commits[c9f1298e-d840-49d8-aac3-de81602aa1d5:c5209]
2019-08-30 23:40:43,710 [grpc-default-executor-0] INFO  client.GrpcClientProtocolClient (GrpcClientProtocolClient.java:onNext(255)) - client-D5BE96C883BA->c9f1298e-d840-49d8-aac3-de81602aa1d5: receive RaftClientReply:client-D5BE96C883BA->c9f1298e-d840-49d8-aac3-de81602aa1d5@group-E9810A644481, cid=3790, SUCCESS, logIndex=5207, commits[c9f1298e-d840-49d8-aac3-de81602aa1d5:c5209]
2019-08-30 23:40:43,710 [grpc-default-executor-0] INFO  client.GrpcClientProtocolClient (GrpcClientProtocolClient.java:onNext(255)) - client-D5BE96C883BA->c9f1298e-d840-49d8-aac3-de81602aa1d5: receive RaftClientReply:client-D5BE96C883BA->c9f1298e-d840-49d8-aac3-de81602aa1d5@group-E9810A644481, cid=3791, SUCCESS, logIndex=5208, commits[c9f1298e-d840-49d8-aac3-de81602aa1d5:c5209]
2019-08-30 23:40:43,710 [grpc-default-executor-0] INFO  client.GrpcClientProtocolClient (GrpcClientProtocolClient.java:onNext(255)) - client-D5BE96C883BA->c9f1298e-d840-49d8-aac3-de81602aa1d5: receive RaftClientReply:client-D5BE96C883BA->c9f1298e-d840-49d8-aac3-de81602aa1d5@group-E9810A644481, cid=3792, SUCCESS, logIndex=5209, commits[c9f1298e-d840-49d8-aac3-de81602aa1d5:c5209]
2019-08-30 23:40:43,797 [SCMBlockDeletingService#1] DEBUG block.SCMBlockDeletingService (SCMBlockDeletingService.java:call(138)) - Running DeletedBlockTransactionScanner
2019-08-30 23:40:43,798 [SCMBlockDeletingService#1] DEBUG block.SCMBlockDeletingService (SCMBlockDeletingService.java:call(155)) - Scanned deleted blocks log and got 0 delTX to process.
2019-08-30 23:40:43,820 [grpc-default-executor-0] INFO  client.GrpcClientProtocolClient (GrpcClientProtocolClient.java:onNext(255)) - client-D5BE96C883BA->c9f1298e-d840-49d8-aac3-de81602aa1d5: receive RaftClientReply:client-D5BE96C883BA->c9f1298e-d840-49d8-aac3-de81602aa1d5@group-E9810A644481, cid=3793, SUCCESS, logIndex=5211, commits[c9f1298e-d840-49d8-aac3-de81602aa1d5:c5214]
2019-08-30 23:40:43,821 [grpc-default-executor-0] INFO  client.GrpcClientProtocolClient (GrpcClientProtocolClient.java:onNext(255)) - client-D5BE96C883BA->c9f1298e-d840-49d8-aac3-de81602aa1d5: receive RaftClientReply:client-D5BE96C883BA->c9f1298e-d840-49d8-aac3-de81602aa1d5@group-E9810A644481, cid=3794, SUCCESS, logIndex=5212, commits[c9f1298e-d840-49d8-aac3-de81602aa1d5:c5214]
2019-08-30 23:40:43,821 [grpc-default-executor-0] INFO  client.GrpcClientProtocolClient (GrpcClientProtocolClient.java:onNext(255)) - client-D5BE96C883BA->c9f1298e-d840-49d8-aac3-de81602aa1d5: receive RaftClientReply:client-D5BE96C883BA->c9f1298e-d840-49d8-aac3-de81602aa1d5@group-E9810A644481, cid=3795, SUCCESS, logIndex=5213, commits[c9f1298e-d840-49d8-aac3-de81602aa1d5:c5214]
2019-08-30 23:40:43,821 [grpc-default-executor-0] INFO  client.GrpcClientProtocolClient (GrpcClientProtocolClient.java:onNext(255)) - client-D5BE96C883BA->c9f1298e-d840-49d8-aac3-de81602aa1d5: receive RaftClientReply:client-D5BE96C883BA->c9f1298e-d840-49d8-aac3-de81602aa1d5@group-E9810A644481, cid=3796, SUCCESS, logIndex=5214, commits[c9f1298e-d840-49d8-aac3-de81602aa1d5:c5214]
2019-08-30 23:40:43,836 [grpc-default-executor-0] INFO  client.GrpcClientProtocolClient (GrpcClientProtocolClient.java:onNext(255)) - client-D5BE96C883BA->c9f1298e-d840-49d8-aac3-de81602aa1d5: receive RaftClientReply:client-D5BE96C883BA->c9f1298e-d840-49d8-aac3-de81602aa1d5@group-E9810A644481, cid=3797, SUCCESS, logIndex=5216, commits[c9f1298e-d840-49d8-aac3-de81602aa1d5:c5219]
2019-08-30 23:40:43,836 [grpc-default-executor-0] INFO  client.GrpcClientProtocolClient (GrpcClientProtocolClient.java:onNext(255)) - client-D5BE96C883BA->c9f1298e-d840-49d8-aac3-de81602aa1d5: receive RaftClientReply:client-D5BE96C883BA->c9f1298e-d840-49d8-aac3-de81602aa1d5@group-E9810A644481, cid=3798, SUCCESS, logIndex=5217, commits[c9f1298e-d840-49d8-aac3-de81602aa1d5:c5219]
2019-08-30 23:40:43,836 [grpc-default-executor-0] INFO  client.GrpcClientProtocolClient (GrpcClientProtocolClient.java:onNext(255)) - client-D5BE96C883BA->c9f1298e-d840-49d8-aac3-de81602aa1d5: receive RaftClientReply:client-D5BE96C883BA->c9f1298e-d840-49d8-aac3-de81602aa1d5@group-E9810A644481, cid=3799, SUCCESS, logIndex=5218, commits[c9f1298e-d840-49d8-aac3-de81602aa1d5:c5219]
2019-08-30 23:40:43,837 [grpc-default-executor-0] INFO  client.GrpcClientProtocolClient (GrpcClientProtocolClient.java:onNext(255)) - client-D5BE96C883BA->c9f1298e-d840-49d8-aac3-de81602aa1d5: receive RaftClientReply:client-D5BE96C883BA->c9f1298e-d840-49d8-aac3-de81602aa1d5@group-E9810A644481, cid=3800, SUCCESS, logIndex=5219, commits[c9f1298e-d840-49d8-aac3-de81602aa1d5:c5219]
2019-08-30 23:40:43,898 [SCMBlockDeletingService#1] DEBUG block.SCMBlockDeletingService (SCMBlockDeletingService.java:call(138)) - Running DeletedBlockTransactionScanner
2019-08-30 23:40:43,898 [SCMBlockDeletingService#1] DEBUG block.SCMBlockDeletingService (SCMBlockDeletingService.java:call(155)) - Scanned deleted blocks log and got 0 delTX to process.
2019-08-30 23:40:43,964 [grpc-default-executor-1] INFO  client.GrpcClientProtocolClient (GrpcClientProtocolClient.java:onNext(255)) - client-D5BE96C883BA->c9f1298e-d840-49d8-aac3-de81602aa1d5: receive RaftClientReply:client-D5BE96C883BA->c9f1298e-d840-49d8-aac3-de81602aa1d5@group-E9810A644481, cid=3801, SUCCESS, logIndex=5221, commits[c9f1298e-d840-49d8-aac3-de81602aa1d5:c5224]
2019-08-30 23:40:43,964 [grpc-default-executor-1] INFO  client.GrpcClientProtocolClient (GrpcClientProtocolClient.java:onNext(255)) - client-D5BE96C883BA->c9f1298e-d840-49d8-aac3-de81602aa1d5: receive RaftClientReply:client-D5BE96C883BA->c9f1298e-d840-49d8-aac3-de81602aa1d5@group-E9810A644481, cid=3802, SUCCESS, logIndex=5222, commits[c9f1298e-d840-49d8-aac3-de81602aa1d5:c5224]
2019-08-30 23:40:43,965 [grpc-default-executor-1] INFO  client.GrpcClientProtocolClient (GrpcClientProtocolClient.java:onNext(255)) - client-D5BE96C883BA->c9f1298e-d840-49d8-aac3-de81602aa1d5: receive RaftClientReply:client-D5BE96C883BA->c9f1298e-d840-49d8-aac3-de81602aa1d5@group-E9810A644481, cid=3803, SUCCESS, logIndex=5223, commits[c9f1298e-d840-49d8-aac3-de81602aa1d5:c5224]
2019-08-30 23:40:43,965 [grpc-default-executor-1] INFO  client.GrpcClientProtocolClient (GrpcClientProtocolClient.java:onNext(255)) - client-D5BE96C883BA->c9f1298e-d840-49d8-aac3-de81602aa1d5: receive RaftClientReply:client-D5BE96C883BA->c9f1298e-d840-49d8-aac3-de81602aa1d5@group-E9810A644481, cid=3804, SUCCESS, logIndex=5224, commits[c9f1298e-d840-49d8-aac3-de81602aa1d5:c5224]
2019-08-30 23:40:43,978 [grpc-default-executor-1] INFO  client.GrpcClientProtocolClient (GrpcClientProtocolClient.java:onNext(255)) - client-D5BE96C883BA->c9f1298e-d840-49d8-aac3-de81602aa1d5: receive RaftClientReply:client-D5BE96C883BA->c9f1298e-d840-49d8-aac3-de81602aa1d5@group-E9810A644481, cid=3805, SUCCESS, logIndex=5226, commits[c9f1298e-d840-49d8-aac3-de81602aa1d5:c5229]
2019-08-30 23:40:43,979 [grpc-default-executor-1] INFO  client.GrpcClientProtocolClient (GrpcClientProtocolClient.java:onNext(255)) - client-D5BE96C883BA->c9f1298e-d840-49d8-aac3-de81602aa1d5: receive RaftClientReply:client-D5BE96C883BA->c9f1298e-d840-49d8-aac3-de81602aa1d5@group-E9810A644481, cid=3806, SUCCESS, logIndex=5227, commits[c9f1298e-d840-49d8-aac3-de81602aa1d5:c5229]
2019-08-30 23:40:43,979 [grpc-default-executor-1] INFO  client.GrpcClientProtocolClient (GrpcClientProtocolClient.java:onNext(255)) - client-D5BE96C883BA->c9f1298e-d840-49d8-aac3-de81602aa1d5: receive RaftClientReply:client-D5BE96C883BA->c9f1298e-d840-49d8-aac3-de81602aa1d5@group-E9810A644481, cid=3807, SUCCESS, logIndex=5228, commits[c9f1298e-d840-49d8-aac3-de81602aa1d5:c5229]
2019-08-30 23:40:43,979 [grpc-default-executor-1] INFO  client.GrpcClientProtocolClient (GrpcClientProtocolClient.java:onNext(255)) - client-D5BE96C883BA->c9f1298e-d840-49d8-aac3-de81602aa1d5: receive RaftClientReply:client-D5BE96C883BA->c9f1298e-d840-49d8-aac3-de81602aa1d5@group-E9810A644481, cid=3808, SUCCESS, logIndex=5229, commits[c9f1298e-d840-49d8-aac3-de81602aa1d5:c5229]
2019-08-30 23:40:43,998 [SCMBlockDeletingService#1] DEBUG block.SCMBlockDeletingService (SCMBlockDeletingService.java:call(138)) - Running DeletedBlockTransactionScanner
2019-08-30 23:40:43,999 [SCMBlockDeletingService#1] DEBUG block.SCMBlockDeletingService (SCMBlockDeletingService.java:call(155)) - Scanned deleted blocks log and got 0 delTX to process.
2019-08-30 23:40:44,015 [grpc-default-executor-0] INFO  client.GrpcClientProtocolClient (GrpcClientProtocolClient.java:onNext(255)) - client-D5BE96C883BA->c9f1298e-d840-49d8-aac3-de81602aa1d5: receive RaftClientReply:client-D5BE96C883BA->c9f1298e-d840-49d8-aac3-de81602aa1d5@group-E9810A644481, cid=3809, SUCCESS, logIndex=5231, commits[c9f1298e-d840-49d8-aac3-de81602aa1d5:c5232]
2019-08-30 23:40:44,015 [grpc-default-executor-0] INFO  client.GrpcClientProtocolClient (GrpcClientProtocolClient.java:onNext(255)) - client-D5BE96C883BA->c9f1298e-d840-49d8-aac3-de81602aa1d5: receive RaftClientReply:client-D5BE96C883BA->c9f1298e-d840-49d8-aac3-de81602aa1d5@group-E9810A644481, cid=3810, SUCCESS, logIndex=5232, commits[c9f1298e-d840-49d8-aac3-de81602aa1d5:c5232]
2019-08-30 23:40:44,022 [grpc-default-executor-0] INFO  client.GrpcClientProtocolClient (GrpcClientProtocolClient.java:onNext(255)) - client-D5BE96C883BA->c9f1298e-d840-49d8-aac3-de81602aa1d5: receive RaftClientReply:client-D5BE96C883BA->c9f1298e-d840-49d8-aac3-de81602aa1d5@group-E9810A644481, cid=3811, SUCCESS, logIndex=5233, commits[c9f1298e-d840-49d8-aac3-de81602aa1d5:c5234]
2019-08-30 23:40:44,023 [grpc-default-executor-0] INFO  client.GrpcClientProtocolClient (GrpcClientProtocolClient.java:onNext(255)) - client-D5BE96C883BA->c9f1298e-d840-49d8-aac3-de81602aa1d5: receive RaftClientReply:client-D5BE96C883BA->c9f1298e-d840-49d8-aac3-de81602aa1d5@group-E9810A644481, cid=3812, SUCCESS, logIndex=5234, commits[c9f1298e-d840-49d8-aac3-de81602aa1d5:c5234]
2019-08-30 23:40:44,039 [grpc-default-executor-1] INFO  client.GrpcClientProtocolClient (GrpcClientProtocolClient.java:onNext(255)) - client-D5BE96C883BA->c9f1298e-d840-49d8-aac3-de81602aa1d5: receive RaftClientReply:client-D5BE96C883BA->c9f1298e-d840-49d8-aac3-de81602aa1d5@group-E9810A644481, cid=3813, SUCCESS, logIndex=5237, commits[c9f1298e-d840-49d8-aac3-de81602aa1d5:c5238]
2019-08-30 23:40:44,039 [grpc-default-executor-1] INFO  client.GrpcClientProtocolClient (GrpcClientProtocolClient.java:onNext(255)) - client-D5BE96C883BA->c9f1298e-d840-49d8-aac3-de81602aa1d5: receive RaftClientReply:client-D5BE96C883BA->c9f1298e-d840-49d8-aac3-de81602aa1d5@group-E9810A644481, cid=3814, SUCCESS, logIndex=5238, commits[c9f1298e-d840-49d8-aac3-de81602aa1d5:c5238]
2019-08-30 23:40:44,040 [grpc-default-executor-1] INFO  client.GrpcClientProtocolClient (GrpcClientProtocolClient.java:onNext(255)) - client-D5BE96C883BA->c9f1298e-d840-49d8-aac3-de81602aa1d5: receive RaftClientReply:client-D5BE96C883BA->c9f1298e-d840-49d8-aac3-de81602aa1d5@group-E9810A644481, cid=3815, SUCCESS, logIndex=5239, commits[c9f1298e-d840-49d8-aac3-de81602aa1d5:c5240]
2019-08-30 23:40:44,040 [grpc-default-executor-1] INFO  client.GrpcClientProtocolClient (GrpcClientProtocolClient.java:onNext(255)) - client-D5BE96C883BA->c9f1298e-d840-49d8-aac3-de81602aa1d5: receive RaftClientReply:client-D5BE96C883BA->c9f1298e-d840-49d8-aac3-de81602aa1d5@group-E9810A644481, cid=3816, SUCCESS, logIndex=5240, commits[c9f1298e-d840-49d8-aac3-de81602aa1d5:c5240]
2019-08-30 23:40:44,079 [grpc-default-executor-1] INFO  client.GrpcClientProtocolClient (GrpcClientProtocolClient.java:onNext(255)) - client-D5BE96C883BA->c9f1298e-d840-49d8-aac3-de81602aa1d5: receive RaftClientReply:client-D5BE96C883BA->c9f1298e-d840-49d8-aac3-de81602aa1d5@group-E9810A644481, cid=3817, SUCCESS, logIndex=5243, commits[c9f1298e-d840-49d8-aac3-de81602aa1d5:c5244]
2019-08-30 23:40:44,080 [grpc-default-executor-1] INFO  client.GrpcClientProtocolClient (GrpcClientProtocolClient.java:onNext(255)) - client-D5BE96C883BA->c9f1298e-d840-49d8-aac3-de81602aa1d5: receive RaftClientReply:client-D5BE96C883BA->c9f1298e-d840-49d8-aac3-de81602aa1d5@group-E9810A644481, cid=3818, SUCCESS, logIndex=5244, commits[c9f1298e-d840-49d8-aac3-de81602aa1d5:c5244]
2019-08-30 23:40:44,087 [grpc-default-executor-1] INFO  client.GrpcClientProtocolClient (GrpcClientProtocolClient.java:onNext(255)) - client-D5BE96C883BA->c9f1298e-d840-49d8-aac3-de81602aa1d5: receive RaftClientReply:client-D5BE96C883BA->c9f1298e-d840-49d8-aac3-de81602aa1d5@group-E9810A644481, cid=3819, SUCCESS, logIndex=5245, commits[c9f1298e-d840-49d8-aac3-de81602aa1d5:c5246]
2019-08-30 23:40:44,087 [grpc-default-executor-1] INFO  client.GrpcClientProtocolClient (GrpcClientProtocolClient.java:onNext(255)) - client-D5BE96C883BA->c9f1298e-d840-49d8-aac3-de81602aa1d5: receive RaftClientReply:client-D5BE96C883BA->c9f1298e-d840-49d8-aac3-de81602aa1d5@group-E9810A644481, cid=3820, SUCCESS, logIndex=5246, commits[c9f1298e-d840-49d8-aac3-de81602aa1d5:c5246]
2019-08-30 23:40:44,099 [SCMBlockDeletingService#1] DEBUG block.SCMBlockDeletingService (SCMBlockDeletingService.java:call(138)) - Running DeletedBlockTransactionScanner
2019-08-30 23:40:44,099 [SCMBlockDeletingService#1] DEBUG block.SCMBlockDeletingService (SCMBlockDeletingService.java:call(155)) - Scanned deleted blocks log and got 0 delTX to process.
2019-08-30 23:40:44,110 [grpc-default-executor-0] INFO  client.GrpcClientProtocolClient (GrpcClientProtocolClient.java:onNext(255)) - client-D5BE96C883BA->c9f1298e-d840-49d8-aac3-de81602aa1d5: receive RaftClientReply:client-D5BE96C883BA->c9f1298e-d840-49d8-aac3-de81602aa1d5@group-E9810A644481, cid=3821, SUCCESS, logIndex=5249, commits[c9f1298e-d840-49d8-aac3-de81602aa1d5:c5252]
2019-08-30 23:40:44,111 [grpc-default-executor-0] INFO  client.GrpcClientProtocolClient (GrpcClientProtocolClient.java:onNext(255)) - client-D5BE96C883BA->c9f1298e-d840-49d8-aac3-de81602aa1d5: receive RaftClientReply:client-D5BE96C883BA->c9f1298e-d840-49d8-aac3-de81602aa1d5@group-E9810A644481, cid=3822, SUCCESS, logIndex=5250, commits[c9f1298e-d840-49d8-aac3-de81602aa1d5:c5252]
2019-08-30 23:40:44,111 [grpc-default-executor-0] INFO  client.GrpcClientProtocolClient (GrpcClientProtocolClient.java:onNext(255)) - client-D5BE96C883BA->c9f1298e-d840-49d8-aac3-de81602aa1d5: receive RaftClientReply:client-D5BE96C883BA->c9f1298e-d840-49d8-aac3-de81602aa1d5@group-E9810A644481, cid=3823, SUCCESS, logIndex=5251, commits[c9f1298e-d840-49d8-aac3-de81602aa1d5:c5252]
2019-08-30 23:40:44,111 [grpc-default-executor-0] INFO  client.GrpcClientProtocolClient (GrpcClientProtocolClient.java:onNext(255)) - client-D5BE96C883BA->c9f1298e-d840-49d8-aac3-de81602aa1d5: receive RaftClientReply:client-D5BE96C883BA->c9f1298e-d840-49d8-aac3-de81602aa1d5@group-E9810A644481, cid=3824, SUCCESS, logIndex=5252, commits[c9f1298e-d840-49d8-aac3-de81602aa1d5:c5252]
2019-08-30 23:40:44,140 [grpc-default-executor-1] INFO  client.GrpcClientProtocolClient (GrpcClientProtocolClient.java:onNext(255)) - client-D5BE96C883BA->c9f1298e-d840-49d8-aac3-de81602aa1d5: receive RaftClientReply:client-D5BE96C883BA->c9f1298e-d840-49d8-aac3-de81602aa1d5@group-E9810A644481, cid=3825, SUCCESS, logIndex=5254, commits[c9f1298e-d840-49d8-aac3-de81602aa1d5:c5255]
2019-08-30 23:40:44,140 [grpc-default-executor-1] INFO  client.GrpcClientProtocolClient (GrpcClientProtocolClient.java:onNext(255)) - client-D5BE96C883BA->c9f1298e-d840-49d8-aac3-de81602aa1d5: receive RaftClientReply:client-D5BE96C883BA->c9f1298e-d840-49d8-aac3-de81602aa1d5@group-E9810A644481, cid=3826, SUCCESS, logIndex=5255, commits[c9f1298e-d840-49d8-aac3-de81602aa1d5:c5255]
2019-08-30 23:40:44,146 [grpc-default-executor-1] INFO  client.GrpcClientProtocolClient (GrpcClientProtocolClient.java:onNext(255)) - client-D5BE96C883BA->c9f1298e-d840-49d8-aac3-de81602aa1d5: receive RaftClientReply:client-D5BE96C883BA->c9f1298e-d840-49d8-aac3-de81602aa1d5@group-E9810A644481, cid=3827, SUCCESS, logIndex=5256, commits[c9f1298e-d840-49d8-aac3-de81602aa1d5:c5257]
2019-08-30 23:40:44,146 [grpc-default-executor-1] INFO  client.GrpcClientProtocolClient (GrpcClientProtocolClient.java:onNext(255)) - client-D5BE96C883BA->c9f1298e-d840-49d8-aac3-de81602aa1d5: receive RaftClientReply:client-D5BE96C883BA->c9f1298e-d840-49d8-aac3-de81602aa1d5@group-E9810A644481, cid=3828, SUCCESS, logIndex=5257, commits[c9f1298e-d840-49d8-aac3-de81602aa1d5:c5257]
2019-08-30 23:40:44,169 [grpc-default-executor-1] INFO  client.GrpcClientProtocolClient (GrpcClientProtocolClient.java:onNext(255)) - client-D5BE96C883BA->c9f1298e-d840-49d8-aac3-de81602aa1d5: receive RaftClientReply:client-D5BE96C883BA->c9f1298e-d840-49d8-aac3-de81602aa1d5@group-E9810A644481, cid=3829, SUCCESS, logIndex=5260, commits[c9f1298e-d840-49d8-aac3-de81602aa1d5:c5263]
2019-08-30 23:40:44,169 [grpc-default-executor-1] INFO  client.GrpcClientProtocolClient (GrpcClientProtocolClient.java:onNext(255)) - client-D5BE96C883BA->c9f1298e-d840-49d8-aac3-de81602aa1d5: receive RaftClientReply:client-D5BE96C883BA->c9f1298e-d840-49d8-aac3-de81602aa1d5@group-E9810A644481, cid=3830, SUCCESS, logIndex=5261, commits[c9f1298e-d840-49d8-aac3-de81602aa1d5:c5263]
2019-08-30 23:40:44,170 [grpc-default-executor-1] INFO  client.GrpcClientProtocolClient (GrpcClientProtocolClient.java:onNext(255)) - client-D5BE96C883BA->c9f1298e-d840-49d8-aac3-de81602aa1d5: receive RaftClientReply:client-D5BE96C883BA->c9f1298e-d840-49d8-aac3-de81602aa1d5@group-E9810A644481, cid=3831, SUCCESS, logIndex=5262, commits[c9f1298e-d840-49d8-aac3-de81602aa1d5:c5264]
2019-08-30 23:40:44,170 [grpc-default-executor-1] INFO  client.GrpcClientProtocolClient (GrpcClientProtocolClient.java:onNext(255)) - client-D5BE96C883BA->c9f1298e-d840-49d8-aac3-de81602aa1d5: receive RaftClientReply:client-D5BE96C883BA->c9f1298e-d840-49d8-aac3-de81602aa1d5@group-E9810A644481, cid=3832, SUCCESS, logIndex=5263, commits[c9f1298e-d840-49d8-aac3-de81602aa1d5:c5264]
2019-08-30 23:40:44,200 [SCMBlockDeletingService#1] DEBUG block.SCMBlockDeletingService (SCMBlockDeletingService.java:call(138)) - Running DeletedBlockTransactionScanner
2019-08-30 23:40:44,200 [SCMBlockDeletingService#1] DEBUG block.SCMBlockDeletingService (SCMBlockDeletingService.java:call(155)) - Scanned deleted blocks log and got 0 delTX to process.
2019-08-30 23:40:44,205 [grpc-default-executor-0] INFO  client.GrpcClientProtocolClient (GrpcClientProtocolClient.java:onNext(255)) - client-D5BE96C883BA->c9f1298e-d840-49d8-aac3-de81602aa1d5: receive RaftClientReply:client-D5BE96C883BA->c9f1298e-d840-49d8-aac3-de81602aa1d5@group-E9810A644481, cid=3833, SUCCESS, logIndex=5265, commits[c9f1298e-d840-49d8-aac3-de81602aa1d5:c5266]
2019-08-30 23:40:44,206 [grpc-default-executor-0] INFO  client.GrpcClientProtocolClient (GrpcClientProtocolClient.java:onNext(255)) - client-D5BE96C883BA->c9f1298e-d840-49d8-aac3-de81602aa1d5: receive RaftClientReply:client-D5BE96C883BA->c9f1298e-d840-49d8-aac3-de81602aa1d5@group-E9810A644481, cid=3834, SUCCESS, logIndex=5266, commits[c9f1298e-d840-49d8-aac3-de81602aa1d5:c5266]
2019-08-30 23:40:44,206 [grpc-default-executor-0] INFO  client.GrpcClientProtocolClient (GrpcClientProtocolClient.java:onNext(255)) - client-D5BE96C883BA->c9f1298e-d840-49d8-aac3-de81602aa1d5: receive RaftClientReply:client-D5BE96C883BA->c9f1298e-d840-49d8-aac3-de81602aa1d5@group-E9810A644481, cid=3835, SUCCESS, logIndex=5267, commits[c9f1298e-d840-49d8-aac3-de81602aa1d5:c5268]
2019-08-30 23:40:44,207 [grpc-default-executor-0] INFO  client.GrpcClientProtocolClient (GrpcClientProtocolClient.java:onNext(255)) - client-D5BE96C883BA->c9f1298e-d840-49d8-aac3-de81602aa1d5: receive RaftClientReply:client-D5BE96C883BA->c9f1298e-d840-49d8-aac3-de81602aa1d5@group-E9810A644481, cid=3836, SUCCESS, logIndex=5268, commits[c9f1298e-d840-49d8-aac3-de81602aa1d5:c5268]
2019-08-30 23:40:44,224 [grpc-default-executor-0] INFO  client.GrpcClientProtocolClient (GrpcClientProtocolClient.java:onNext(255)) - client-D5BE96C883BA->c9f1298e-d840-49d8-aac3-de81602aa1d5: receive RaftClientReply:client-D5BE96C883BA->c9f1298e-d840-49d8-aac3-de81602aa1d5@group-E9810A644481, cid=3837, SUCCESS, logIndex=5271, commits[c9f1298e-d840-49d8-aac3-de81602aa1d5:c5272]
2019-08-30 23:40:44,225 [grpc-default-executor-0] INFO  client.GrpcClientProtocolClient (GrpcClientProtocolClient.java:onNext(255)) - client-D5BE96C883BA->c9f1298e-d840-49d8-aac3-de81602aa1d5: receive RaftClientReply:client-D5BE96C883BA->c9f1298e-d840-49d8-aac3-de81602aa1d5@group-E9810A644481, cid=3838, SUCCESS, logIndex=5272, commits[c9f1298e-d840-49d8-aac3-de81602aa1d5:c5272]
2019-08-30 23:40:44,233 [grpc-default-executor-0] INFO  client.GrpcClientProtocolClient (GrpcClientProtocolClient.java:onNext(255)) - client-D5BE96C883BA->c9f1298e-d840-49d8-aac3-de81602aa1d5: receive RaftClientReply:client-D5BE96C883BA->c9f1298e-d840-49d8-aac3-de81602aa1d5@group-E9810A644481, cid=3839, SUCCESS, logIndex=5273, commits[c9f1298e-d840-49d8-aac3-de81602aa1d5:c5274]
2019-08-30 23:40:44,233 [grpc-default-executor-0] INFO  client.GrpcClientProtocolClient (GrpcClientProtocolClient.java:onNext(255)) - client-D5BE96C883BA->c9f1298e-d840-49d8-aac3-de81602aa1d5: receive RaftClientReply:client-D5BE96C883BA->c9f1298e-d840-49d8-aac3-de81602aa1d5@group-E9810A644481, cid=3840, SUCCESS, logIndex=5274, commits[c9f1298e-d840-49d8-aac3-de81602aa1d5:c5274]
2019-08-30 23:40:44,259 [grpc-default-executor-0] INFO  client.GrpcClientProtocolClient (GrpcClientProtocolClient.java:onNext(255)) - client-D5BE96C883BA->c9f1298e-d840-49d8-aac3-de81602aa1d5: receive RaftClientReply:client-D5BE96C883BA->c9f1298e-d840-49d8-aac3-de81602aa1d5@group-E9810A644481, cid=3841, SUCCESS, logIndex=5277, commits[c9f1298e-d840-49d8-aac3-de81602aa1d5:c5278]
2019-08-30 23:40:44,259 [grpc-default-executor-0] INFO  client.GrpcClientProtocolClient (GrpcClientProtocolClient.java:onNext(255)) - client-D5BE96C883BA->c9f1298e-d840-49d8-aac3-de81602aa1d5: receive RaftClientReply:client-D5BE96C883BA->c9f1298e-d840-49d8-aac3-de81602aa1d5@group-E9810A644481, cid=3842, SUCCESS, logIndex=5278, commits[c9f1298e-d840-49d8-aac3-de81602aa1d5:c5278]
2019-08-30 23:40:44,269 [grpc-default-executor-0] INFO  client.GrpcClientProtocolClient (GrpcClientProtocolClient.java:onNext(255)) - client-D5BE96C883BA->c9f1298e-d840-49d8-aac3-de81602aa1d5: receive RaftClientReply:client-D5BE96C883BA->c9f1298e-d840-49d8-aac3-de81602aa1d5@group-E9810A644481, cid=3843, SUCCESS, logIndex=5279, commits[c9f1298e-d840-49d8-aac3-de81602aa1d5:c5280]
2019-08-30 23:40:44,269 [grpc-default-executor-0] INFO  client.GrpcClientProtocolClient (GrpcClientProtocolClient.java:onNext(255)) - client-D5BE96C883BA->c9f1298e-d840-49d8-aac3-de81602aa1d5: receive RaftClientReply:client-D5BE96C883BA->c9f1298e-d840-49d8-aac3-de81602aa1d5@group-E9810A644481, cid=3844, SUCCESS, logIndex=5280, commits[c9f1298e-d840-49d8-aac3-de81602aa1d5:c5280]
2019-08-30 23:40:44,300 [SCMBlockDeletingService#0] DEBUG block.SCMBlockDeletingService (SCMBlockDeletingService.java:call(138)) - Running DeletedBlockTransactionScanner
2019-08-30 23:40:44,301 [SCMBlockDeletingService#0] DEBUG block.SCMBlockDeletingService (SCMBlockDeletingService.java:call(155)) - Scanned deleted blocks log and got 0 delTX to process.
2019-08-30 23:40:44,397 [grpc-default-executor-0] INFO  client.GrpcClientProtocolClient (GrpcClientProtocolClient.java:onNext(255)) - client-D5BE96C883BA->c9f1298e-d840-49d8-aac3-de81602aa1d5: receive RaftClientReply:client-D5BE96C883BA->c9f1298e-d840-49d8-aac3-de81602aa1d5@group-E9810A644481, cid=3845, SUCCESS, logIndex=5283, commits[c9f1298e-d840-49d8-aac3-de81602aa1d5:c5286]
2019-08-30 23:40:44,398 [grpc-default-executor-0] INFO  client.GrpcClientProtocolClient (GrpcClientProtocolClient.java:onNext(255)) - client-D5BE96C883BA->c9f1298e-d840-49d8-aac3-de81602aa1d5: receive RaftClientReply:client-D5BE96C883BA->c9f1298e-d840-49d8-aac3-de81602aa1d5@group-E9810A644481, cid=3846, SUCCESS, logIndex=5284, commits[c9f1298e-d840-49d8-aac3-de81602aa1d5:c5286]
2019-08-30 23:40:44,398 [grpc-default-executor-0] INFO  client.GrpcClientProtocolClient (GrpcClientProtocolClient.java:onNext(255)) - client-D5BE96C883BA->c9f1298e-d840-49d8-aac3-de81602aa1d5: receive RaftClientReply:client-D5BE96C883BA->c9f1298e-d840-49d8-aac3-de81602aa1d5@group-E9810A644481, cid=3847, SUCCESS, logIndex=5285, commits[c9f1298e-d840-49d8-aac3-de81602aa1d5:c5286]
2019-08-30 23:40:44,398 [grpc-default-executor-0] INFO  client.GrpcClientProtocolClient (GrpcClientProtocolClient.java:onNext(255)) - client-D5BE96C883BA->c9f1298e-d840-49d8-aac3-de81602aa1d5: receive RaftClientReply:client-D5BE96C883BA->c9f1298e-d840-49d8-aac3-de81602aa1d5@group-E9810A644481, cid=3848, SUCCESS, logIndex=5286, commits[c9f1298e-d840-49d8-aac3-de81602aa1d5:c5286]
2019-08-30 23:40:44,401 [SCMBlockDeletingService#0] DEBUG block.SCMBlockDeletingService (SCMBlockDeletingService.java:call(138)) - Running DeletedBlockTransactionScanner
2019-08-30 23:40:44,401 [SCMBlockDeletingService#0] DEBUG block.SCMBlockDeletingService (SCMBlockDeletingService.java:call(155)) - Scanned deleted blocks log and got 0 delTX to process.
2019-08-30 23:40:44,432 [grpc-default-executor-1] INFO  client.GrpcClientProtocolClient (GrpcClientProtocolClient.java:onNext(255)) - client-D5BE96C883BA->c9f1298e-d840-49d8-aac3-de81602aa1d5: receive RaftClientReply:client-D5BE96C883BA->c9f1298e-d840-49d8-aac3-de81602aa1d5@group-E9810A644481, cid=3849, SUCCESS, logIndex=5288, commits[c9f1298e-d840-49d8-aac3-de81602aa1d5:c5291]
2019-08-30 23:40:44,432 [grpc-default-executor-1] INFO  client.GrpcClientProtocolClient (GrpcClientProtocolClient.java:onNext(255)) - client-D5BE96C883BA->c9f1298e-d840-49d8-aac3-de81602aa1d5: receive RaftClientReply:client-D5BE96C883BA->c9f1298e-d840-49d8-aac3-de81602aa1d5@group-E9810A644481, cid=3850, SUCCESS, logIndex=5289, commits[c9f1298e-d840-49d8-aac3-de81602aa1d5:c5291]
2019-08-30 23:40:44,433 [grpc-default-executor-1] INFO  client.GrpcClientProtocolClient (GrpcClientProtocolClient.java:onNext(255)) - client-D5BE96C883BA->c9f1298e-d840-49d8-aac3-de81602aa1d5: receive RaftClientReply:client-D5BE96C883BA->c9f1298e-d840-49d8-aac3-de81602aa1d5@group-E9810A644481, cid=3851, SUCCESS, logIndex=5290, commits[c9f1298e-d840-49d8-aac3-de81602aa1d5:c5291]
2019-08-30 23:40:44,433 [grpc-default-executor-1] INFO  client.GrpcClientProtocolClient (GrpcClientProtocolClient.java:onNext(255)) - client-D5BE96C883BA->c9f1298e-d840-49d8-aac3-de81602aa1d5: receive RaftClientReply:client-D5BE96C883BA->c9f1298e-d840-49d8-aac3-de81602aa1d5@group-E9810A644481, cid=3852, SUCCESS, logIndex=5291, commits[c9f1298e-d840-49d8-aac3-de81602aa1d5:c5291]
2019-08-30 23:40:44,469 [grpc-default-executor-1] INFO  client.GrpcClientProtocolClient (GrpcClientProtocolClient.java:onNext(255)) - client-D5BE96C883BA->c9f1298e-d840-49d8-aac3-de81602aa1d5: receive RaftClientReply:client-D5BE96C883BA->c9f1298e-d840-49d8-aac3-de81602aa1d5@group-E9810A644481, cid=3853, SUCCESS, logIndex=5293, commits[c9f1298e-d840-49d8-aac3-de81602aa1d5:c5296]
2019-08-30 23:40:44,469 [grpc-default-executor-1] INFO  client.GrpcClientProtocolClient (GrpcClientProtocolClient.java:onNext(255)) - client-D5BE96C883BA->c9f1298e-d840-49d8-aac3-de81602aa1d5: receive RaftClientReply:client-D5BE96C883BA->c9f1298e-d840-49d8-aac3-de81602aa1d5@group-E9810A644481, cid=3854, SUCCESS, logIndex=5294, commits[c9f1298e-d840-49d8-aac3-de81602aa1d5:c5296]
2019-08-30 23:40:44,470 [grpc-default-executor-1] INFO  client.GrpcClientProtocolClient (GrpcClientProtocolClient.java:onNext(255)) - client-D5BE96C883BA->c9f1298e-d840-49d8-aac3-de81602aa1d5: receive RaftClientReply:client-D5BE96C883BA->c9f1298e-d840-49d8-aac3-de81602aa1d5@group-E9810A644481, cid=3855, SUCCESS, logIndex=5295, commits[c9f1298e-d840-49d8-aac3-de81602aa1d5:c5296]
2019-08-30 23:40:44,470 [grpc-default-executor-1] INFO  client.GrpcClientProtocolClient (GrpcClientProtocolClient.java:onNext(255)) - client-D5BE96C883BA->c9f1298e-d840-49d8-aac3-de81602aa1d5: receive RaftClientReply:client-D5BE96C883BA->c9f1298e-d840-49d8-aac3-de81602aa1d5@group-E9810A644481, cid=3856, SUCCESS, logIndex=5296, commits[c9f1298e-d840-49d8-aac3-de81602aa1d5:c5296]
2019-08-30 23:40:44,502 [SCMBlockDeletingService#0] DEBUG block.SCMBlockDeletingService (SCMBlockDeletingService.java:call(138)) - Running DeletedBlockTransactionScanner
2019-08-30 23:40:44,502 [SCMBlockDeletingService#0] DEBUG block.SCMBlockDeletingService (SCMBlockDeletingService.java:call(155)) - Scanned deleted blocks log and got 0 delTX to process.
2019-08-30 23:40:44,503 [grpc-default-executor-0] INFO  client.GrpcClientProtocolClient (GrpcClientProtocolClient.java:onNext(255)) - client-D5BE96C883BA->c9f1298e-d840-49d8-aac3-de81602aa1d5: receive RaftClientReply:client-D5BE96C883BA->c9f1298e-d840-49d8-aac3-de81602aa1d5@group-E9810A644481, cid=3857, SUCCESS, logIndex=5298, commits[c9f1298e-d840-49d8-aac3-de81602aa1d5:c5299]
2019-08-30 23:40:44,504 [grpc-default-executor-0] INFO  client.GrpcClientProtocolClient (GrpcClientProtocolClient.java:onNext(255)) - client-D5BE96C883BA->c9f1298e-d840-49d8-aac3-de81602aa1d5: receive RaftClientReply:client-D5BE96C883BA->c9f1298e-d840-49d8-aac3-de81602aa1d5@group-E9810A644481, cid=3858, SUCCESS, logIndex=5299, commits[c9f1298e-d840-49d8-aac3-de81602aa1d5:c5299]
2019-08-30 23:40:44,517 [grpc-default-executor-0] INFO  client.GrpcClientProtocolClient (GrpcClientProtocolClient.java:onNext(255)) - client-D5BE96C883BA->c9f1298e-d840-49d8-aac3-de81602aa1d5: receive RaftClientReply:client-D5BE96C883BA->c9f1298e-d840-49d8-aac3-de81602aa1d5@group-E9810A644481, cid=3859, SUCCESS, logIndex=5300, commits[c9f1298e-d840-49d8-aac3-de81602aa1d5:c5301]
2019-08-30 23:40:44,518 [grpc-default-executor-0] INFO  client.GrpcClientProtocolClient (GrpcClientProtocolClient.java:onNext(255)) - client-D5BE96C883BA->c9f1298e-d840-49d8-aac3-de81602aa1d5: receive RaftClientReply:client-D5BE96C883BA->c9f1298e-d840-49d8-aac3-de81602aa1d5@group-E9810A644481, cid=3860, SUCCESS, logIndex=5301, commits[c9f1298e-d840-49d8-aac3-de81602aa1d5:c5301]
2019-08-30 23:40:44,540 [grpc-default-executor-1] INFO  client.GrpcClientProtocolClient (GrpcClientProtocolClient.java:onNext(255)) - client-D5BE96C883BA->c9f1298e-d840-49d8-aac3-de81602aa1d5: receive RaftClientReply:client-D5BE96C883BA->c9f1298e-d840-49d8-aac3-de81602aa1d5@group-E9810A644481, cid=3861, SUCCESS, logIndex=5304, commits[c9f1298e-d840-49d8-aac3-de81602aa1d5:c5307]
2019-08-30 23:40:44,540 [grpc-default-executor-1] INFO  client.GrpcClientProtocolClient (GrpcClientProtocolClient.java:onNext(255)) - client-D5BE96C883BA->c9f1298e-d840-49d8-aac3-de81602aa1d5: receive RaftClientReply:client-D5BE96C883BA->c9f1298e-d840-49d8-aac3-de81602aa1d5@group-E9810A644481, cid=3862, SUCCESS, logIndex=5305, commits[c9f1298e-d840-49d8-aac3-de81602aa1d5:c5307]
2019-08-30 23:40:44,541 [grpc-default-executor-1] INFO  client.GrpcClientProtocolClient (GrpcClientProtocolClient.java:onNext(255)) - client-D5BE96C883BA->c9f1298e-d840-49d8-aac3-de81602aa1d5: receive RaftClientReply:client-D5BE96C883BA->c9f1298e-d840-49d8-aac3-de81602aa1d5@group-E9810A644481, cid=3863, SUCCESS, logIndex=5306, commits[c9f1298e-d840-49d8-aac3-de81602aa1d5:c5307]
2019-08-30 23:40:44,541 [grpc-default-executor-1] INFO  client.GrpcClientProtocolClient (GrpcClientProtocolClient.java:onNext(255)) - client-D5BE96C883BA->c9f1298e-d840-49d8-aac3-de81602aa1d5: receive RaftClientReply:client-D5BE96C883BA->c9f1298e-d840-49d8-aac3-de81602aa1d5@group-E9810A644481, cid=3864, SUCCESS, logIndex=5307, commits[c9f1298e-d840-49d8-aac3-de81602aa1d5:c5307]
2019-08-30 23:40:44,573 [grpc-default-executor-1] INFO  client.GrpcClientProtocolClient (GrpcClientProtocolClient.java:onNext(255)) - client-D5BE96C883BA->c9f1298e-d840-49d8-aac3-de81602aa1d5: receive RaftClientReply:client-D5BE96C883BA->c9f1298e-d840-49d8-aac3-de81602aa1d5@group-E9810A644481, cid=3865, SUCCESS, logIndex=5309, commits[c9f1298e-d840-49d8-aac3-de81602aa1d5:c5310]
2019-08-30 23:40:44,574 [grpc-default-executor-1] INFO  client.GrpcClientProtocolClient (GrpcClientProtocolClient.java:onNext(255)) - client-D5BE96C883BA->c9f1298e-d840-49d8-aac3-de81602aa1d5: receive RaftClientReply:client-D5BE96C883BA->c9f1298e-d840-49d8-aac3-de81602aa1d5@group-E9810A644481, cid=3866, SUCCESS, logIndex=5310, commits[c9f1298e-d840-49d8-aac3-de81602aa1d5:c5310]
2019-08-30 23:40:44,593 [grpc-default-executor-1] INFO  client.GrpcClientProtocolClient (GrpcClientProtocolClient.java:onNext(255)) - client-D5BE96C883BA->c9f1298e-d840-49d8-aac3-de81602aa1d5: receive RaftClientReply:client-D5BE96C883BA->c9f1298e-d840-49d8-aac3-de81602aa1d5@group-E9810A644481, cid=3867, SUCCESS, logIndex=5311, commits[c9f1298e-d840-49d8-aac3-de81602aa1d5:c5312]
2019-08-30 23:40:44,593 [grpc-default-executor-1] INFO  client.GrpcClientProtocolClient (GrpcClientProtocolClient.java:onNext(255)) - client-D5BE96C883BA->c9f1298e-d840-49d8-aac3-de81602aa1d5: receive RaftClientReply:client-D5BE96C883BA->c9f1298e-d840-49d8-aac3-de81602aa1d5@group-E9810A644481, cid=3868, SUCCESS, logIndex=5312, commits[c9f1298e-d840-49d8-aac3-de81602aa1d5:c5312]
2019-08-30 23:40:44,602 [SCMBlockDeletingService#0] DEBUG block.SCMBlockDeletingService (SCMBlockDeletingService.java:call(138)) - Running DeletedBlockTransactionScanner
2019-08-30 23:40:44,603 [SCMBlockDeletingService#0] DEBUG block.SCMBlockDeletingService (SCMBlockDeletingService.java:call(155)) - Scanned deleted blocks log and got 0 delTX to process.
2019-08-30 23:40:44,618 [grpc-default-executor-0] INFO  client.GrpcClientProtocolClient (GrpcClientProtocolClient.java:onNext(255)) - client-D5BE96C883BA->c9f1298e-d840-49d8-aac3-de81602aa1d5: receive RaftClientReply:client-D5BE96C883BA->c9f1298e-d840-49d8-aac3-de81602aa1d5@group-E9810A644481, cid=3869, SUCCESS, logIndex=5315, commits[c9f1298e-d840-49d8-aac3-de81602aa1d5:c5318]
2019-08-30 23:40:44,618 [grpc-default-executor-0] INFO  client.GrpcClientProtocolClient (GrpcClientProtocolClient.java:onNext(255)) - client-D5BE96C883BA->c9f1298e-d840-49d8-aac3-de81602aa1d5: receive RaftClientReply:client-D5BE96C883BA->c9f1298e-d840-49d8-aac3-de81602aa1d5@group-E9810A644481, cid=3870, SUCCESS, logIndex=5316, commits[c9f1298e-d840-49d8-aac3-de81602aa1d5:c5318]
2019-08-30 23:40:44,618 [grpc-default-executor-0] INFO  client.GrpcClientProtocolClient (GrpcClientProtocolClient.java:onNext(255)) - client-D5BE96C883BA->c9f1298e-d840-49d8-aac3-de81602aa1d5: receive RaftClientReply:client-D5BE96C883BA->c9f1298e-d840-49d8-aac3-de81602aa1d5@group-E9810A644481, cid=3871, SUCCESS, logIndex=5317, commits[c9f1298e-d840-49d8-aac3-de81602aa1d5:c5318]
2019-08-30 23:40:44,619 [grpc-default-executor-0] INFO  client.GrpcClientProtocolClient (GrpcClientProtocolClient.java:onNext(255)) - client-D5BE96C883BA->c9f1298e-d840-49d8-aac3-de81602aa1d5: receive RaftClientReply:client-D5BE96C883BA->c9f1298e-d840-49d8-aac3-de81602aa1d5@group-E9810A644481, cid=3872, SUCCESS, logIndex=5318, commits[c9f1298e-d840-49d8-aac3-de81602aa1d5:c5318]
2019-08-30 23:40:44,646 [grpc-default-executor-1] INFO  client.GrpcClientProtocolClient (GrpcClientProtocolClient.java:onNext(255)) - client-D5BE96C883BA->c9f1298e-d840-49d8-aac3-de81602aa1d5: receive RaftClientReply:client-D5BE96C883BA->c9f1298e-d840-49d8-aac3-de81602aa1d5@group-E9810A644481, cid=3873, SUCCESS, logIndex=5320, commits[c9f1298e-d840-49d8-aac3-de81602aa1d5:c5321]
2019-08-30 23:40:44,646 [grpc-default-executor-1] INFO  client.GrpcClientProtocolClient (GrpcClientProtocolClient.java:onNext(255)) - client-D5BE96C883BA->c9f1298e-d840-49d8-aac3-de81602aa1d5: receive RaftClientReply:client-D5BE96C883BA->c9f1298e-d840-49d8-aac3-de81602aa1d5@group-E9810A644481, cid=3874, SUCCESS, logIndex=5321, commits[c9f1298e-d840-49d8-aac3-de81602aa1d5:c5321]
2019-08-30 23:40:44,655 [grpc-default-executor-1] INFO  client.GrpcClientProtocolClient (GrpcClientProtocolClient.java:onNext(255)) - client-D5BE96C883BA->c9f1298e-d840-49d8-aac3-de81602aa1d5: receive RaftClientReply:client-D5BE96C883BA->c9f1298e-d840-49d8-aac3-de81602aa1d5@group-E9810A644481, cid=3875, SUCCESS, logIndex=5322, commits[c9f1298e-d840-49d8-aac3-de81602aa1d5:c5323]
2019-08-30 23:40:44,655 [grpc-default-executor-1] INFO  client.GrpcClientProtocolClient (GrpcClientProtocolClient.java:onNext(255)) - client-D5BE96C883BA->c9f1298e-d840-49d8-aac3-de81602aa1d5: receive RaftClientReply:client-D5BE96C883BA->c9f1298e-d840-49d8-aac3-de81602aa1d5@group-E9810A644481, cid=3876, SUCCESS, logIndex=5323, commits[c9f1298e-d840-49d8-aac3-de81602aa1d5:c5323]
2019-08-30 23:40:44,679 [grpc-default-executor-0] INFO  client.GrpcClientProtocolClient (GrpcClientProtocolClient.java:onNext(255)) - client-D5BE96C883BA->c9f1298e-d840-49d8-aac3-de81602aa1d5: receive RaftClientReply:client-D5BE96C883BA->c9f1298e-d840-49d8-aac3-de81602aa1d5@group-E9810A644481, cid=3877, SUCCESS, logIndex=5326, commits[c9f1298e-d840-49d8-aac3-de81602aa1d5:c5329]
2019-08-30 23:40:44,680 [grpc-default-executor-0] INFO  client.GrpcClientProtocolClient (GrpcClientProtocolClient.java:onNext(255)) - client-D5BE96C883BA->c9f1298e-d840-49d8-aac3-de81602aa1d5: receive RaftClientReply:client-D5BE96C883BA->c9f1298e-d840-49d8-aac3-de81602aa1d5@group-E9810A644481, cid=3878, SUCCESS, logIndex=5327, commits[c9f1298e-d840-49d8-aac3-de81602aa1d5:c5329]
2019-08-30 23:40:44,680 [grpc-default-executor-0] INFO  client.GrpcClientProtocolClient (GrpcClientProtocolClient.java:onNext(255)) - client-D5BE96C883BA->c9f1298e-d840-49d8-aac3-de81602aa1d5: receive RaftClientReply:client-D5BE96C883BA->c9f1298e-d840-49d8-aac3-de81602aa1d5@group-E9810A644481, cid=3879, SUCCESS, logIndex=5328, commits[c9f1298e-d840-49d8-aac3-de81602aa1d5:c5329]
2019-08-30 23:40:44,681 [grpc-default-executor-0] INFO  client.GrpcClientProtocolClient (GrpcClientProtocolClient.java:onNext(255)) - client-D5BE96C883BA->c9f1298e-d840-49d8-aac3-de81602aa1d5: receive RaftClientReply:client-D5BE96C883BA->c9f1298e-d840-49d8-aac3-de81602aa1d5@group-E9810A644481, cid=3880, SUCCESS, logIndex=5329, commits[c9f1298e-d840-49d8-aac3-de81602aa1d5:c5329]
2019-08-30 23:40:44,703 [SCMBlockDeletingService#0] DEBUG block.SCMBlockDeletingService (SCMBlockDeletingService.java:call(138)) - Running DeletedBlockTransactionScanner
2019-08-30 23:40:44,703 [SCMBlockDeletingService#0] DEBUG block.SCMBlockDeletingService (SCMBlockDeletingService.java:call(155)) - Scanned deleted blocks log and got 0 delTX to process.
2019-08-30 23:40:44,713 [grpc-default-executor-1] INFO  client.GrpcClientProtocolClient (GrpcClientProtocolClient.java:onNext(255)) - client-D5BE96C883BA->c9f1298e-d840-49d8-aac3-de81602aa1d5: receive RaftClientReply:client-D5BE96C883BA->c9f1298e-d840-49d8-aac3-de81602aa1d5@group-E9810A644481, cid=3881, SUCCESS, logIndex=5331, commits[c9f1298e-d840-49d8-aac3-de81602aa1d5:c5332]
2019-08-30 23:40:44,714 [grpc-default-executor-1] INFO  client.GrpcClientProtocolClient (GrpcClientProtocolClient.java:onNext(255)) - client-D5BE96C883BA->c9f1298e-d840-49d8-aac3-de81602aa1d5: receive RaftClientReply:client-D5BE96C883BA->c9f1298e-d840-49d8-aac3-de81602aa1d5@group-E9810A644481, cid=3882, SUCCESS, logIndex=5332, commits[c9f1298e-d840-49d8-aac3-de81602aa1d5:c5332]
2019-08-30 23:40:44,724 [grpc-default-executor-1] INFO  client.GrpcClientProtocolClient (GrpcClientProtocolClient.java:onNext(255)) - client-D5BE96C883BA->c9f1298e-d840-49d8-aac3-de81602aa1d5: receive RaftClientReply:client-D5BE96C883BA->c9f1298e-d840-49d8-aac3-de81602aa1d5@group-E9810A644481, cid=3883, SUCCESS, logIndex=5333, commits[c9f1298e-d840-49d8-aac3-de81602aa1d5:c5334]
2019-08-30 23:40:44,724 [grpc-default-executor-1] INFO  client.GrpcClientProtocolClient (GrpcClientProtocolClient.java:onNext(255)) - client-D5BE96C883BA->c9f1298e-d840-49d8-aac3-de81602aa1d5: receive RaftClientReply:client-D5BE96C883BA->c9f1298e-d840-49d8-aac3-de81602aa1d5@group-E9810A644481, cid=3884, SUCCESS, logIndex=5334, commits[c9f1298e-d840-49d8-aac3-de81602aa1d5:c5334]
2019-08-30 23:40:44,817 [SCMBlockDeletingService#0] DEBUG block.SCMBlockDeletingService (SCMBlockDeletingService.java:call(138)) - Running DeletedBlockTransactionScanner
2019-08-30 23:40:44,817 [SCMBlockDeletingService#0] DEBUG block.SCMBlockDeletingService (SCMBlockDeletingService.java:call(155)) - Scanned deleted blocks log and got 0 delTX to process.
2019-08-30 23:40:44,839 [grpc-default-executor-0] INFO  client.GrpcClientProtocolClient (GrpcClientProtocolClient.java:onNext(255)) - client-D5BE96C883BA->c9f1298e-d840-49d8-aac3-de81602aa1d5: receive RaftClientReply:client-D5BE96C883BA->c9f1298e-d840-49d8-aac3-de81602aa1d5@group-E9810A644481, cid=3885, SUCCESS, logIndex=5337, commits[c9f1298e-d840-49d8-aac3-de81602aa1d5:c5340]
2019-08-30 23:40:44,839 [grpc-default-executor-0] INFO  client.GrpcClientProtocolClient (GrpcClientProtocolClient.java:onNext(255)) - client-D5BE96C883BA->c9f1298e-d840-49d8-aac3-de81602aa1d5: receive RaftClientReply:client-D5BE96C883BA->c9f1298e-d840-49d8-aac3-de81602aa1d5@group-E9810A644481, cid=3886, SUCCESS, logIndex=5338, commits[c9f1298e-d840-49d8-aac3-de81602aa1d5:c5340]
2019-08-30 23:40:44,839 [grpc-default-executor-0] INFO  client.GrpcClientProtocolClient (GrpcClientProtocolClient.java:onNext(255)) - client-D5BE96C883BA->c9f1298e-d840-49d8-aac3-de81602aa1d5: receive RaftClientReply:client-D5BE96C883BA->c9f1298e-d840-49d8-aac3-de81602aa1d5@group-E9810A644481, cid=3887, SUCCESS, logIndex=5339, commits[c9f1298e-d840-49d8-aac3-de81602aa1d5:c5340]
2019-08-30 23:40:44,840 [grpc-default-executor-0] INFO  client.GrpcClientProtocolClient (GrpcClientProtocolClient.java:onNext(255)) - client-D5BE96C883BA->c9f1298e-d840-49d8-aac3-de81602aa1d5: receive RaftClientReply:client-D5BE96C883BA->c9f1298e-d840-49d8-aac3-de81602aa1d5@group-E9810A644481, cid=3888, SUCCESS, logIndex=5340, commits[c9f1298e-d840-49d8-aac3-de81602aa1d5:c5340]
2019-08-30 23:40:44,918 [SCMBlockDeletingService#0] DEBUG block.SCMBlockDeletingService (SCMBlockDeletingService.java:call(138)) - Running DeletedBlockTransactionScanner
2019-08-30 23:40:44,918 [SCMBlockDeletingService#0] DEBUG block.SCMBlockDeletingService (SCMBlockDeletingService.java:call(155)) - Scanned deleted blocks log and got 0 delTX to process.
2019-08-30 23:40:44,958 [grpc-default-executor-1] INFO  client.GrpcClientProtocolClient (GrpcClientProtocolClient.java:onNext(255)) - client-D5BE96C883BA->c9f1298e-d840-49d8-aac3-de81602aa1d5: receive RaftClientReply:client-D5BE96C883BA->c9f1298e-d840-49d8-aac3-de81602aa1d5@group-E9810A644481, cid=3889, SUCCESS, logIndex=5342, commits[c9f1298e-d840-49d8-aac3-de81602aa1d5:c5345]
2019-08-30 23:40:44,959 [grpc-default-executor-1] INFO  client.GrpcClientProtocolClient (GrpcClientProtocolClient.java:onNext(255)) - client-D5BE96C883BA->c9f1298e-d840-49d8-aac3-de81602aa1d5: receive RaftClientReply:client-D5BE96C883BA->c9f1298e-d840-49d8-aac3-de81602aa1d5@group-E9810A644481, cid=3890, SUCCESS, logIndex=5343, commits[c9f1298e-d840-49d8-aac3-de81602aa1d5:c5346]
2019-08-30 23:40:44,959 [grpc-default-executor-1] INFO  client.GrpcClientProtocolClient (GrpcClientProtocolClient.java:onNext(255)) - client-D5BE96C883BA->c9f1298e-d840-49d8-aac3-de81602aa1d5: receive RaftClientReply:client-D5BE96C883BA->c9f1298e-d840-49d8-aac3-de81602aa1d5@group-E9810A644481, cid=3891, SUCCESS, logIndex=5344, commits[c9f1298e-d840-49d8-aac3-de81602aa1d5:c5346]
2019-08-30 23:40:44,959 [grpc-default-executor-1] INFO  client.GrpcClientProtocolClient (GrpcClientProtocolClient.java:onNext(255)) - client-D5BE96C883BA->c9f1298e-d840-49d8-aac3-de81602aa1d5: receive RaftClientReply:client-D5BE96C883BA->c9f1298e-d840-49d8-aac3-de81602aa1d5@group-E9810A644481, cid=3892, SUCCESS, logIndex=5345, commits[c9f1298e-d840-49d8-aac3-de81602aa1d5:c5346]
2019-08-30 23:40:44,970 [grpc-default-executor-1] INFO  client.GrpcClientProtocolClient (GrpcClientProtocolClient.java:onNext(255)) - client-D5BE96C883BA->c9f1298e-d840-49d8-aac3-de81602aa1d5: receive RaftClientReply:client-D5BE96C883BA->c9f1298e-d840-49d8-aac3-de81602aa1d5@group-E9810A644481, cid=3893, SUCCESS, logIndex=5347, commits[c9f1298e-d840-49d8-aac3-de81602aa1d5:c5348]
2019-08-30 23:40:44,970 [grpc-default-executor-1] INFO  client.GrpcClientProtocolClient (GrpcClientProtocolClient.java:onNext(255)) - client-D5BE96C883BA->c9f1298e-d840-49d8-aac3-de81602aa1d5: receive RaftClientReply:client-D5BE96C883BA->c9f1298e-d840-49d8-aac3-de81602aa1d5@group-E9810A644481, cid=3894, SUCCESS, logIndex=5348, commits[c9f1298e-d840-49d8-aac3-de81602aa1d5:c5348]
2019-08-30 23:40:44,977 [grpc-default-executor-1] INFO  client.GrpcClientProtocolClient (GrpcClientProtocolClient.java:onNext(255)) - client-D5BE96C883BA->c9f1298e-d840-49d8-aac3-de81602aa1d5: receive RaftClientReply:client-D5BE96C883BA->c9f1298e-d840-49d8-aac3-de81602aa1d5@group-E9810A644481, cid=3895, SUCCESS, logIndex=5349, commits[c9f1298e-d840-49d8-aac3-de81602aa1d5:c5350]
2019-08-30 23:40:44,977 [grpc-default-executor-1] INFO  client.GrpcClientProtocolClient (GrpcClientProtocolClient.java:onNext(255)) - client-D5BE96C883BA->c9f1298e-d840-49d8-aac3-de81602aa1d5: receive RaftClientReply:client-D5BE96C883BA->c9f1298e-d840-49d8-aac3-de81602aa1d5@group-E9810A644481, cid=3896, SUCCESS, logIndex=5350, commits[c9f1298e-d840-49d8-aac3-de81602aa1d5:c5350]
2019-08-30 23:40:44,995 [grpc-default-executor-1] INFO  client.GrpcClientProtocolClient (GrpcClientProtocolClient.java:onNext(255)) - client-D5BE96C883BA->c9f1298e-d840-49d8-aac3-de81602aa1d5: receive RaftClientReply:client-D5BE96C883BA->c9f1298e-d840-49d8-aac3-de81602aa1d5@group-E9810A644481, cid=3897, SUCCESS, logIndex=5353, commits[c9f1298e-d840-49d8-aac3-de81602aa1d5:c5354]
2019-08-30 23:40:44,996 [grpc-default-executor-1] INFO  client.GrpcClientProtocolClient (GrpcClientProtocolClient.java:onNext(255)) - client-D5BE96C883BA->c9f1298e-d840-49d8-aac3-de81602aa1d5: receive RaftClientReply:client-D5BE96C883BA->c9f1298e-d840-49d8-aac3-de81602aa1d5@group-E9810A644481, cid=3898, SUCCESS, logIndex=5354, commits[c9f1298e-d840-49d8-aac3-de81602aa1d5:c5356]
2019-08-30 23:40:44,996 [grpc-default-executor-1] INFO  client.GrpcClientProtocolClient (GrpcClientProtocolClient.java:onNext(255)) - client-D5BE96C883BA->c9f1298e-d840-49d8-aac3-de81602aa1d5: receive RaftClientReply:client-D5BE96C883BA->c9f1298e-d840-49d8-aac3-de81602aa1d5@group-E9810A644481, cid=3899, SUCCESS, logIndex=5355, commits[c9f1298e-d840-49d8-aac3-de81602aa1d5:c5356]
2019-08-30 23:40:44,996 [grpc-default-executor-1] INFO  client.GrpcClientProtocolClient (GrpcClientProtocolClient.java:onNext(255)) - client-D5BE96C883BA->c9f1298e-d840-49d8-aac3-de81602aa1d5: receive RaftClientReply:client-D5BE96C883BA->c9f1298e-d840-49d8-aac3-de81602aa1d5@group-E9810A644481, cid=3900, SUCCESS, logIndex=5356, commits[c9f1298e-d840-49d8-aac3-de81602aa1d5:c5356]
2019-08-30 23:40:45,018 [SCMBlockDeletingService#0] DEBUG block.SCMBlockDeletingService (SCMBlockDeletingService.java:call(138)) - Running DeletedBlockTransactionScanner
2019-08-30 23:40:45,018 [SCMBlockDeletingService#0] DEBUG block.SCMBlockDeletingService (SCMBlockDeletingService.java:call(155)) - Scanned deleted blocks log and got 0 delTX to process.
2019-08-30 23:40:45,020 [grpc-default-executor-1] INFO  client.GrpcClientProtocolClient (GrpcClientProtocolClient.java:onNext(255)) - client-D5BE96C883BA->c9f1298e-d840-49d8-aac3-de81602aa1d5: receive RaftClientReply:client-D5BE96C883BA->c9f1298e-d840-49d8-aac3-de81602aa1d5@group-E9810A644481, cid=3901, SUCCESS, logIndex=5359, commits[c9f1298e-d840-49d8-aac3-de81602aa1d5:c5360]
2019-08-30 23:40:45,021 [grpc-default-executor-1] INFO  client.GrpcClientProtocolClient (GrpcClientProtocolClient.java:onNext(255)) - client-D5BE96C883BA->c9f1298e-d840-49d8-aac3-de81602aa1d5: receive RaftClientReply:client-D5BE96C883BA->c9f1298e-d840-49d8-aac3-de81602aa1d5@group-E9810A644481, cid=3902, SUCCESS, logIndex=5360, commits[c9f1298e-d840-49d8-aac3-de81602aa1d5:c5360]
2019-08-30 23:40:45,021 [grpc-default-executor-1] INFO  client.GrpcClientProtocolClient (GrpcClientProtocolClient.java:onNext(255)) - client-D5BE96C883BA->c9f1298e-d840-49d8-aac3-de81602aa1d5: receive RaftClientReply:client-D5BE96C883BA->c9f1298e-d840-49d8-aac3-de81602aa1d5@group-E9810A644481, cid=3903, SUCCESS, logIndex=5361, commits[c9f1298e-d840-49d8-aac3-de81602aa1d5:c5362]
2019-08-30 23:40:45,021 [grpc-default-executor-1] INFO  client.GrpcClientProtocolClient (GrpcClientProtocolClient.java:onNext(255)) - client-D5BE96C883BA->c9f1298e-d840-49d8-aac3-de81602aa1d5: receive RaftClientReply:client-D5BE96C883BA->c9f1298e-d840-49d8-aac3-de81602aa1d5@group-E9810A644481, cid=3904, SUCCESS, logIndex=5362, commits[c9f1298e-d840-49d8-aac3-de81602aa1d5:c5363]
2019-08-30 23:40:45,043 [grpc-default-executor-1] INFO  client.GrpcClientProtocolClient (GrpcClientProtocolClient.java:onNext(255)) - client-D5BE96C883BA->c9f1298e-d840-49d8-aac3-de81602aa1d5: receive RaftClientReply:client-D5BE96C883BA->c9f1298e-d840-49d8-aac3-de81602aa1d5@group-E9810A644481, cid=3905, SUCCESS, logIndex=5365, commits[c9f1298e-d840-49d8-aac3-de81602aa1d5:c5366]
2019-08-30 23:40:45,043 [grpc-default-executor-1] INFO  client.GrpcClientProtocolClient (GrpcClientProtocolClient.java:onNext(255)) - client-D5BE96C883BA->c9f1298e-d840-49d8-aac3-de81602aa1d5: receive RaftClientReply:client-D5BE96C883BA->c9f1298e-d840-49d8-aac3-de81602aa1d5@group-E9810A644481, cid=3906, SUCCESS, logIndex=5366, commits[c9f1298e-d840-49d8-aac3-de81602aa1d5:c5366]
2019-08-30 23:40:45,044 [grpc-default-executor-1] INFO  client.GrpcClientProtocolClient (GrpcClientProtocolClient.java:onNext(255)) - client-D5BE96C883BA->c9f1298e-d840-49d8-aac3-de81602aa1d5: receive RaftClientReply:client-D5BE96C883BA->c9f1298e-d840-49d8-aac3-de81602aa1d5@group-E9810A644481, cid=3907, SUCCESS, logIndex=5367, commits[c9f1298e-d840-49d8-aac3-de81602aa1d5:c5368]
2019-08-30 23:40:45,044 [grpc-default-executor-1] INFO  client.GrpcClientProtocolClient (GrpcClientProtocolClient.java:onNext(255)) - client-D5BE96C883BA->c9f1298e-d840-49d8-aac3-de81602aa1d5: receive RaftClientReply:client-D5BE96C883BA->c9f1298e-d840-49d8-aac3-de81602aa1d5@group-E9810A644481, cid=3908, SUCCESS, logIndex=5368, commits[c9f1298e-d840-49d8-aac3-de81602aa1d5:c5368]
2019-08-30 23:40:45,059 [grpc-default-executor-1] INFO  client.GrpcClientProtocolClient (GrpcClientProtocolClient.java:onNext(255)) - client-D5BE96C883BA->c9f1298e-d840-49d8-aac3-de81602aa1d5: receive RaftClientReply:client-D5BE96C883BA->c9f1298e-d840-49d8-aac3-de81602aa1d5@group-E9810A644481, cid=3909, SUCCESS, logIndex=5371, commits[c9f1298e-d840-49d8-aac3-de81602aa1d5:c5372]
2019-08-30 23:40:45,059 [grpc-default-executor-1] INFO  client.GrpcClientProtocolClient (GrpcClientProtocolClient.java:onNext(255)) - client-D5BE96C883BA->c9f1298e-d840-49d8-aac3-de81602aa1d5: receive RaftClientReply:client-D5BE96C883BA->c9f1298e-d840-49d8-aac3-de81602aa1d5@group-E9810A644481, cid=3910, SUCCESS, logIndex=5372, commits[c9f1298e-d840-49d8-aac3-de81602aa1d5:c5374]
2019-08-30 23:40:45,060 [grpc-default-executor-1] INFO  client.GrpcClientProtocolClient (GrpcClientProtocolClient.java:onNext(255)) - client-D5BE96C883BA->c9f1298e-d840-49d8-aac3-de81602aa1d5: receive RaftClientReply:client-D5BE96C883BA->c9f1298e-d840-49d8-aac3-de81602aa1d5@group-E9810A644481, cid=3911, SUCCESS, logIndex=5373, commits[c9f1298e-d840-49d8-aac3-de81602aa1d5:c5374]
2019-08-30 23:40:45,060 [grpc-default-executor-1] INFO  client.GrpcClientProtocolClient (GrpcClientProtocolClient.java:onNext(255)) - client-D5BE96C883BA->c9f1298e-d840-49d8-aac3-de81602aa1d5: receive RaftClientReply:client-D5BE96C883BA->c9f1298e-d840-49d8-aac3-de81602aa1d5@group-E9810A644481, cid=3912, SUCCESS, logIndex=5374, commits[c9f1298e-d840-49d8-aac3-de81602aa1d5:c5375]
2019-08-30 23:40:45,076 [grpc-default-executor-0] INFO  segmented.SegmentedRaftLogWorker (SegmentedRaftLogWorker.java:rollLogSegment(385)) - c9f1298e-d840-49d8-aac3-de81602aa1d5-SegmentedRaftLogWorker:Storage Directory /workdir/hadoop-ozone/integration-test/target/test-dir/MiniOzoneClusterImpl-114e42e4-73b4-4267-990c-8675b38dec53/datanode-0/data/ratis/f0fc4ca0-c3ee-4d38-af01-e9810a644481: Rolling segment log-0_5377 to index:5377
2019-08-30 23:40:45,090 [grpc-default-executor-0] INFO  client.GrpcClientProtocolClient (GrpcClientProtocolClient.java:onNext(255)) - client-D5BE96C883BA->c9f1298e-d840-49d8-aac3-de81602aa1d5: receive RaftClientReply:client-D5BE96C883BA->c9f1298e-d840-49d8-aac3-de81602aa1d5@group-E9810A644481, cid=3913, SUCCESS, logIndex=5377, commits[c9f1298e-d840-49d8-aac3-de81602aa1d5:c5377]
2019-08-30 23:40:45,091 [c9f1298e-d840-49d8-aac3-de81602aa1d5-SegmentedRaftLogWorker:Storage Directory /workdir/hadoop-ozone/integration-test/target/test-dir/MiniOzoneClusterImpl-114e42e4-73b4-4267-990c-8675b38dec53/datanode-0/data/ratis/f0fc4ca0-c3ee-4d38-af01-e9810a644481] INFO  segmented.SegmentedRaftLogWorker (SegmentedRaftLogWorker.java:execute(526)) - c9f1298e-d840-49d8-aac3-de81602aa1d5-SegmentedRaftLogWorker:Storage Directory /workdir/hadoop-ozone/integration-test/target/test-dir/MiniOzoneClusterImpl-114e42e4-73b4-4267-990c-8675b38dec53/datanode-0/data/ratis/f0fc4ca0-c3ee-4d38-af01-e9810a644481: Rolled log segment from /workdir/hadoop-ozone/integration-test/target/test-dir/MiniOzoneClusterImpl-114e42e4-73b4-4267-990c-8675b38dec53/datanode-0/data/ratis/f0fc4ca0-c3ee-4d38-af01-e9810a644481/current/log_inprogress_0 to /workdir/hadoop-ozone/integration-test/target/test-dir/MiniOzoneClusterImpl-114e42e4-73b4-4267-990c-8675b38dec53/datanode-0/data/ratis/f0fc4ca0-c3ee-4d38-af01-e9810a644481/current/log_0-5377
2019-08-30 23:40:45,119 [SCMBlockDeletingService#0] DEBUG block.SCMBlockDeletingService (SCMBlockDeletingService.java:call(138)) - Running DeletedBlockTransactionScanner
2019-08-30 23:40:45,119 [SCMBlockDeletingService#0] DEBUG block.SCMBlockDeletingService (SCMBlockDeletingService.java:call(155)) - Scanned deleted blocks log and got 0 delTX to process.
2019-08-30 23:40:45,144 [c9f1298e-d840-49d8-aac3-de81602aa1d5-SegmentedRaftLogWorker:Storage Directory /workdir/hadoop-ozone/integration-test/target/test-dir/MiniOzoneClusterImpl-114e42e4-73b4-4267-990c-8675b38dec53/datanode-0/data/ratis/f0fc4ca0-c3ee-4d38-af01-e9810a644481] INFO  segmented.SegmentedRaftLogWorker (SegmentedRaftLogWorker.java:execute(569)) - c9f1298e-d840-49d8-aac3-de81602aa1d5-SegmentedRaftLogWorker:Storage Directory /workdir/hadoop-ozone/integration-test/target/test-dir/MiniOzoneClusterImpl-114e42e4-73b4-4267-990c-8675b38dec53/datanode-0/data/ratis/f0fc4ca0-c3ee-4d38-af01-e9810a644481: created new log segment /workdir/hadoop-ozone/integration-test/target/test-dir/MiniOzoneClusterImpl-114e42e4-73b4-4267-990c-8675b38dec53/datanode-0/data/ratis/f0fc4ca0-c3ee-4d38-af01-e9810a644481/current/log_inprogress_5378
2019-08-30 23:40:45,150 [grpc-default-executor-0] INFO  client.GrpcClientProtocolClient (GrpcClientProtocolClient.java:onNext(255)) - client-D5BE96C883BA->c9f1298e-d840-49d8-aac3-de81602aa1d5: receive RaftClientReply:client-D5BE96C883BA->c9f1298e-d840-49d8-aac3-de81602aa1d5@group-E9810A644481, cid=3914, SUCCESS, logIndex=5378, commits[c9f1298e-d840-49d8-aac3-de81602aa1d5:c5381]
2019-08-30 23:40:45,150 [grpc-default-executor-0] INFO  client.GrpcClientProtocolClient (GrpcClientProtocolClient.java:onNext(255)) - client-D5BE96C883BA->c9f1298e-d840-49d8-aac3-de81602aa1d5: receive RaftClientReply:client-D5BE96C883BA->c9f1298e-d840-49d8-aac3-de81602aa1d5@group-E9810A644481, cid=3915, SUCCESS, logIndex=5379, commits[c9f1298e-d840-49d8-aac3-de81602aa1d5:c5381]
2019-08-30 23:40:45,150 [grpc-default-executor-0] INFO  client.GrpcClientProtocolClient (GrpcClientProtocolClient.java:onNext(255)) - client-D5BE96C883BA->c9f1298e-d840-49d8-aac3-de81602aa1d5: receive RaftClientReply:client-D5BE96C883BA->c9f1298e-d840-49d8-aac3-de81602aa1d5@group-E9810A644481, cid=3916, SUCCESS, logIndex=5380, commits[c9f1298e-d840-49d8-aac3-de81602aa1d5:c5381]
2019-08-30 23:40:45,175 [grpc-default-executor-0] INFO  client.GrpcClientProtocolClient (GrpcClientProtocolClient.java:onNext(255)) - client-D5BE96C883BA->c9f1298e-d840-49d8-aac3-de81602aa1d5: receive RaftClientReply:client-D5BE96C883BA->c9f1298e-d840-49d8-aac3-de81602aa1d5@group-E9810A644481, cid=3917, SUCCESS, logIndex=5382, commits[c9f1298e-d840-49d8-aac3-de81602aa1d5:c5383]
2019-08-30 23:40:45,175 [grpc-default-executor-0] INFO  client.GrpcClientProtocolClient (GrpcClientProtocolClient.java:onNext(255)) - client-D5BE96C883BA->c9f1298e-d840-49d8-aac3-de81602aa1d5: receive RaftClientReply:client-D5BE96C883BA->c9f1298e-d840-49d8-aac3-de81602aa1d5@group-E9810A644481, cid=3918, SUCCESS, logIndex=5383, commits[c9f1298e-d840-49d8-aac3-de81602aa1d5:c5383]
2019-08-30 23:40:45,196 [grpc-default-executor-0] INFO  client.GrpcClientProtocolClient (GrpcClientProtocolClient.java:onNext(255)) - client-D5BE96C883BA->c9f1298e-d840-49d8-aac3-de81602aa1d5: receive RaftClientReply:client-D5BE96C883BA->c9f1298e-d840-49d8-aac3-de81602aa1d5@group-E9810A644481, cid=3919, SUCCESS, logIndex=5384, commits[c9f1298e-d840-49d8-aac3-de81602aa1d5:c5385]
2019-08-30 23:40:45,196 [grpc-default-executor-0] INFO  client.GrpcClientProtocolClient (GrpcClientProtocolClient.java:onNext(255)) - client-D5BE96C883BA->c9f1298e-d840-49d8-aac3-de81602aa1d5: receive RaftClientReply:client-D5BE96C883BA->c9f1298e-d840-49d8-aac3-de81602aa1d5@group-E9810A644481, cid=3920, SUCCESS, logIndex=5385, commits[c9f1298e-d840-49d8-aac3-de81602aa1d5:c5385]
2019-08-30 23:40:45,218 [grpc-default-executor-0] INFO  client.GrpcClientProtocolClient (GrpcClientProtocolClient.java:onNext(255)) - client-D5BE96C883BA->c9f1298e-d840-49d8-aac3-de81602aa1d5: receive RaftClientReply:client-D5BE96C883BA->c9f1298e-d840-49d8-aac3-de81602aa1d5@group-E9810A644481, cid=3921, SUCCESS, logIndex=5388, commits[c9f1298e-d840-49d8-aac3-de81602aa1d5:c5389]
2019-08-30 23:40:45,218 [grpc-default-executor-0] INFO  client.GrpcClientProtocolClient (GrpcClientProtocolClient.java:onNext(255)) - client-D5BE96C883BA->c9f1298e-d840-49d8-aac3-de81602aa1d5: receive RaftClientReply:client-D5BE96C883BA->c9f1298e-d840-49d8-aac3-de81602aa1d5@group-E9810A644481, cid=3922, SUCCESS, logIndex=5389, commits[c9f1298e-d840-49d8-aac3-de81602aa1d5:c5391]
2019-08-30 23:40:45,219 [grpc-default-executor-0] INFO  client.GrpcClientProtocolClient (GrpcClientProtocolClient.java:onNext(255)) - client-D5BE96C883BA->c9f1298e-d840-49d8-aac3-de81602aa1d5: receive RaftClientReply:client-D5BE96C883BA->c9f1298e-d840-49d8-aac3-de81602aa1d5@group-E9810A644481, cid=3923, SUCCESS, logIndex=5390, commits[c9f1298e-d840-49d8-aac3-de81602aa1d5:c5391]
2019-08-30 23:40:45,219 [grpc-default-executor-0] INFO  client.GrpcClientProtocolClient (GrpcClientProtocolClient.java:onNext(255)) - client-D5BE96C883BA->c9f1298e-d840-49d8-aac3-de81602aa1d5: receive RaftClientReply:client-D5BE96C883BA->c9f1298e-d840-49d8-aac3-de81602aa1d5@group-E9810A644481, cid=3924, SUCCESS, logIndex=5391, commits[c9f1298e-d840-49d8-aac3-de81602aa1d5:c5392]
2019-08-30 23:40:45,219 [SCMBlockDeletingService#0] DEBUG block.SCMBlockDeletingService (SCMBlockDeletingService.java:call(138)) - Running DeletedBlockTransactionScanner
2019-08-30 23:40:45,221 [SCMBlockDeletingService#0] DEBUG block.SCMBlockDeletingService (SCMBlockDeletingService.java:call(155)) - Scanned deleted blocks log and got 0 delTX to process.
2019-08-30 23:40:45,241 [grpc-default-executor-0] INFO  client.GrpcClientProtocolClient (GrpcClientProtocolClient.java:onNext(255)) - client-D5BE96C883BA->c9f1298e-d840-49d8-aac3-de81602aa1d5: receive RaftClientReply:client-D5BE96C883BA->c9f1298e-d840-49d8-aac3-de81602aa1d5@group-E9810A644481, cid=3925, SUCCESS, logIndex=5394, commits[c9f1298e-d840-49d8-aac3-de81602aa1d5:c5397]
2019-08-30 23:40:45,242 [grpc-default-executor-0] INFO  client.GrpcClientProtocolClient (GrpcClientProtocolClient.java:onNext(255)) - client-D5BE96C883BA->c9f1298e-d840-49d8-aac3-de81602aa1d5: receive RaftClientReply:client-D5BE96C883BA->c9f1298e-d840-49d8-aac3-de81602aa1d5@group-E9810A644481, cid=3926, SUCCESS, logIndex=5395, commits[c9f1298e-d840-49d8-aac3-de81602aa1d5:c5397]
2019-08-30 23:40:45,242 [grpc-default-executor-0] INFO  client.GrpcClientProtocolClient (GrpcClientProtocolClient.java:onNext(255)) - client-D5BE96C883BA->c9f1298e-d840-49d8-aac3-de81602aa1d5: receive RaftClientReply:client-D5BE96C883BA->c9f1298e-d840-49d8-aac3-de81602aa1d5@group-E9810A644481, cid=3927, SUCCESS, logIndex=5396, commits[c9f1298e-d840-49d8-aac3-de81602aa1d5:c5398]
2019-08-30 23:40:45,242 [grpc-default-executor-0] INFO  client.GrpcClientProtocolClient (GrpcClientProtocolClient.java:onNext(255)) - client-D5BE96C883BA->c9f1298e-d840-49d8-aac3-de81602aa1d5: receive RaftClientReply:client-D5BE96C883BA->c9f1298e-d840-49d8-aac3-de81602aa1d5@group-E9810A644481, cid=3928, SUCCESS, logIndex=5397, commits[c9f1298e-d840-49d8-aac3-de81602aa1d5:c5398]
2019-08-30 23:40:45,268 [grpc-default-executor-0] INFO  client.GrpcClientProtocolClient (GrpcClientProtocolClient.java:onNext(255)) - client-D5BE96C883BA->c9f1298e-d840-49d8-aac3-de81602aa1d5: receive RaftClientReply:client-D5BE96C883BA->c9f1298e-d840-49d8-aac3-de81602aa1d5@group-E9810A644481, cid=3929, SUCCESS, logIndex=5399, commits[c9f1298e-d840-49d8-aac3-de81602aa1d5:c5400]
2019-08-30 23:40:45,268 [grpc-default-executor-0] INFO  client.GrpcClientProtocolClient (GrpcClientProtocolClient.java:onNext(255)) - client-D5BE96C883BA->c9f1298e-d840-49d8-aac3-de81602aa1d5: receive RaftClientReply:client-D5BE96C883BA->c9f1298e-d840-49d8-aac3-de81602aa1d5@group-E9810A644481, cid=3930, SUCCESS, logIndex=5400, commits[c9f1298e-d840-49d8-aac3-de81602aa1d5:c5400]
2019-08-30 23:40:45,287 [grpc-default-executor-0] INFO  client.GrpcClientProtocolClient (GrpcClientProtocolClient.java:onNext(255)) - client-D5BE96C883BA->c9f1298e-d840-49d8-aac3-de81602aa1d5: receive RaftClientReply:client-D5BE96C883BA->c9f1298e-d840-49d8-aac3-de81602aa1d5@group-E9810A644481, cid=3931, SUCCESS, logIndex=5401, commits[c9f1298e-d840-49d8-aac3-de81602aa1d5:c5402]
2019-08-30 23:40:45,287 [grpc-default-executor-0] INFO  client.GrpcClientProtocolClient (GrpcClientProtocolClient.java:onNext(255)) - client-D5BE96C883BA->c9f1298e-d840-49d8-aac3-de81602aa1d5: receive RaftClientReply:client-D5BE96C883BA->c9f1298e-d840-49d8-aac3-de81602aa1d5@group-E9810A644481, cid=3932, SUCCESS, logIndex=5402, commits[c9f1298e-d840-49d8-aac3-de81602aa1d5:c5402]
2019-08-30 23:40:45,322 [SCMBlockDeletingService#1] DEBUG block.SCMBlockDeletingService (SCMBlockDeletingService.java:call(138)) - Running DeletedBlockTransactionScanner
2019-08-30 23:40:45,322 [SCMBlockDeletingService#1] DEBUG block.SCMBlockDeletingService (SCMBlockDeletingService.java:call(155)) - Scanned deleted blocks log and got 0 delTX to process.
2019-08-30 23:40:45,396 [grpc-default-executor-1] INFO  client.GrpcClientProtocolClient (GrpcClientProtocolClient.java:onNext(255)) - client-D5BE96C883BA->c9f1298e-d840-49d8-aac3-de81602aa1d5: receive RaftClientReply:client-D5BE96C883BA->c9f1298e-d840-49d8-aac3-de81602aa1d5@group-E9810A644481, cid=3933, SUCCESS, logIndex=5405, commits[c9f1298e-d840-49d8-aac3-de81602aa1d5:c5408]
2019-08-30 23:40:45,396 [grpc-default-executor-1] INFO  client.GrpcClientProtocolClient (GrpcClientProtocolClient.java:onNext(255)) - client-D5BE96C883BA->c9f1298e-d840-49d8-aac3-de81602aa1d5: receive RaftClientReply:client-D5BE96C883BA->c9f1298e-d840-49d8-aac3-de81602aa1d5@group-E9810A644481, cid=3934, SUCCESS, logIndex=5406, commits[c9f1298e-d840-49d8-aac3-de81602aa1d5:c5409]
2019-08-30 23:40:45,396 [grpc-default-executor-1] INFO  client.GrpcClientProtocolClient (GrpcClientProtocolClient.java:onNext(255)) - client-D5BE96C883BA->c9f1298e-d840-49d8-aac3-de81602aa1d5: receive RaftClientReply:client-D5BE96C883BA->c9f1298e-d840-49d8-aac3-de81602aa1d5@group-E9810A644481, cid=3935, SUCCESS, logIndex=5407, commits[c9f1298e-d840-49d8-aac3-de81602aa1d5:c5409]
2019-08-30 23:40:45,397 [grpc-default-executor-1] INFO  client.GrpcClientProtocolClient (GrpcClientProtocolClient.java:onNext(255)) - client-D5BE96C883BA->c9f1298e-d840-49d8-aac3-de81602aa1d5: receive RaftClientReply:client-D5BE96C883BA->c9f1298e-d840-49d8-aac3-de81602aa1d5@group-E9810A644481, cid=3936, SUCCESS, logIndex=5408, commits[c9f1298e-d840-49d8-aac3-de81602aa1d5:c5409]
2019-08-30 23:40:45,421 [grpc-default-executor-0] INFO  client.GrpcClientProtocolClient (GrpcClientProtocolClient.java:onNext(255)) - client-D5BE96C883BA->c9f1298e-d840-49d8-aac3-de81602aa1d5: receive RaftClientReply:client-D5BE96C883BA->c9f1298e-d840-49d8-aac3-de81602aa1d5@group-E9810A644481, cid=3937, SUCCESS, logIndex=5410, commits[c9f1298e-d840-49d8-aac3-de81602aa1d5:c5413]
2019-08-30 23:40:45,421 [grpc-default-executor-0] INFO  client.GrpcClientProtocolClient (GrpcClientProtocolClient.java:onNext(255)) - client-D5BE96C883BA->c9f1298e-d840-49d8-aac3-de81602aa1d5: receive RaftClientReply:client-D5BE96C883BA->c9f1298e-d840-49d8-aac3-de81602aa1d5@group-E9810A644481, cid=3938, SUCCESS, logIndex=5411, commits[c9f1298e-d840-49d8-aac3-de81602aa1d5:c5413]
2019-08-30 23:40:45,421 [grpc-default-executor-0] INFO  client.GrpcClientProtocolClient (GrpcClientProtocolClient.java:onNext(255)) - client-D5BE96C883BA->c9f1298e-d840-49d8-aac3-de81602aa1d5: receive RaftClientReply:client-D5BE96C883BA->c9f1298e-d840-49d8-aac3-de81602aa1d5@group-E9810A644481, cid=3939, SUCCESS, logIndex=5412, commits[c9f1298e-d840-49d8-aac3-de81602aa1d5:c5414]
2019-08-30 23:40:45,422 [grpc-default-executor-0] INFO  client.GrpcClientProtocolClient (GrpcClientProtocolClient.java:onNext(255)) - client-D5BE96C883BA->c9f1298e-d840-49d8-aac3-de81602aa1d5: receive RaftClientReply:client-D5BE96C883BA->c9f1298e-d840-49d8-aac3-de81602aa1d5@group-E9810A644481, cid=3940, SUCCESS, logIndex=5413, commits[c9f1298e-d840-49d8-aac3-de81602aa1d5:c5414]
2019-08-30 23:40:45,422 [SCMBlockDeletingService#1] DEBUG block.SCMBlockDeletingService (SCMBlockDeletingService.java:call(138)) - Running DeletedBlockTransactionScanner
2019-08-30 23:40:45,422 [SCMBlockDeletingService#1] DEBUG block.SCMBlockDeletingService (SCMBlockDeletingService.java:call(155)) - Scanned deleted blocks log and got 0 delTX to process.
2019-08-30 23:40:45,433 [grpc-default-executor-0] INFO  client.GrpcClientProtocolClient (GrpcClientProtocolClient.java:onNext(255)) - client-D5BE96C883BA->c9f1298e-d840-49d8-aac3-de81602aa1d5: receive RaftClientReply:client-D5BE96C883BA->c9f1298e-d840-49d8-aac3-de81602aa1d5@group-E9810A644481, cid=3941, SUCCESS, logIndex=5415, commits[c9f1298e-d840-49d8-aac3-de81602aa1d5:c5418]
2019-08-30 23:40:45,434 [grpc-default-executor-0] INFO  client.GrpcClientProtocolClient (GrpcClientProtocolClient.java:onNext(255)) - client-D5BE96C883BA->c9f1298e-d840-49d8-aac3-de81602aa1d5: receive RaftClientReply:client-D5BE96C883BA->c9f1298e-d840-49d8-aac3-de81602aa1d5@group-E9810A644481, cid=3942, SUCCESS, logIndex=5416, commits[c9f1298e-d840-49d8-aac3-de81602aa1d5:c5419]
2019-08-30 23:40:45,434 [grpc-default-executor-0] INFO  client.GrpcClientProtocolClient (GrpcClientProtocolClient.java:onNext(255)) - client-D5BE96C883BA->c9f1298e-d840-49d8-aac3-de81602aa1d5: receive RaftClientReply:client-D5BE96C883BA->c9f1298e-d840-49d8-aac3-de81602aa1d5@group-E9810A644481, cid=3943, SUCCESS, logIndex=5417, commits[c9f1298e-d840-49d8-aac3-de81602aa1d5:c5419]
2019-08-30 23:40:45,434 [grpc-default-executor-0] INFO  client.GrpcClientProtocolClient (GrpcClientProtocolClient.java:onNext(255)) - client-D5BE96C883BA->c9f1298e-d840-49d8-aac3-de81602aa1d5: receive RaftClientReply:client-D5BE96C883BA->c9f1298e-d840-49d8-aac3-de81602aa1d5@group-E9810A644481, cid=3944, SUCCESS, logIndex=5418, commits[c9f1298e-d840-49d8-aac3-de81602aa1d5:c5419]
2019-08-30 23:40:45,458 [grpc-default-executor-0] INFO  client.GrpcClientProtocolClient (GrpcClientProtocolClient.java:onNext(255)) - client-D5BE96C883BA->c9f1298e-d840-49d8-aac3-de81602aa1d5: receive RaftClientReply:client-D5BE96C883BA->c9f1298e-d840-49d8-aac3-de81602aa1d5@group-E9810A644481, cid=3945, SUCCESS, logIndex=5420, commits[c9f1298e-d840-49d8-aac3-de81602aa1d5:c5423]
2019-08-30 23:40:45,459 [grpc-default-executor-0] INFO  client.GrpcClientProtocolClient (GrpcClientProtocolClient.java:onNext(255)) - client-D5BE96C883BA->c9f1298e-d840-49d8-aac3-de81602aa1d5: receive RaftClientReply:client-D5BE96C883BA->c9f1298e-d840-49d8-aac3-de81602aa1d5@group-E9810A644481, cid=3946, SUCCESS, logIndex=5421, commits[c9f1298e-d840-49d8-aac3-de81602aa1d5:c5423]
2019-08-30 23:40:45,459 [grpc-default-executor-0] INFO  client.GrpcClientProtocolClient (GrpcClientProtocolClient.java:onNext(255)) - client-D5BE96C883BA->c9f1298e-d840-49d8-aac3-de81602aa1d5: receive RaftClientReply:client-D5BE96C883BA->c9f1298e-d840-49d8-aac3-de81602aa1d5@group-E9810A644481, cid=3947, SUCCESS, logIndex=5422, commits[c9f1298e-d840-49d8-aac3-de81602aa1d5:c5424]
2019-08-30 23:40:45,459 [grpc-default-executor-0] INFO  client.GrpcClientProtocolClient (GrpcClientProtocolClient.java:onNext(255)) - client-D5BE96C883BA->c9f1298e-d840-49d8-aac3-de81602aa1d5: receive RaftClientReply:client-D5BE96C883BA->c9f1298e-d840-49d8-aac3-de81602aa1d5@group-E9810A644481, cid=3948, SUCCESS, logIndex=5423, commits[c9f1298e-d840-49d8-aac3-de81602aa1d5:c5424]
2019-08-30 23:40:45,486 [grpc-default-executor-0] INFO  client.GrpcClientProtocolClient (GrpcClientProtocolClient.java:onNext(255)) - client-D5BE96C883BA->c9f1298e-d840-49d8-aac3-de81602aa1d5: receive RaftClientReply:client-D5BE96C883BA->c9f1298e-d840-49d8-aac3-de81602aa1d5@group-E9810A644481, cid=3949, SUCCESS, logIndex=5425, commits[c9f1298e-d840-49d8-aac3-de81602aa1d5:c5426]
2019-08-30 23:40:45,486 [grpc-default-executor-0] INFO  client.GrpcClientProtocolClient (GrpcClientProtocolClient.java:onNext(255)) - client-D5BE96C883BA->c9f1298e-d840-49d8-aac3-de81602aa1d5: receive RaftClientReply:client-D5BE96C883BA->c9f1298e-d840-49d8-aac3-de81602aa1d5@group-E9810A644481, cid=3950, SUCCESS, logIndex=5426, commits[c9f1298e-d840-49d8-aac3-de81602aa1d5:c5426]
2019-08-30 23:40:45,487 [grpc-default-executor-0] INFO  client.GrpcClientProtocolClient (GrpcClientProtocolClient.java:onNext(255)) - client-D5BE96C883BA->c9f1298e-d840-49d8-aac3-de81602aa1d5: receive RaftClientReply:client-D5BE96C883BA->c9f1298e-d840-49d8-aac3-de81602aa1d5@group-E9810A644481, cid=3951, SUCCESS, logIndex=5427, commits[c9f1298e-d840-49d8-aac3-de81602aa1d5:c5428]
2019-08-30 23:40:45,487 [grpc-default-executor-0] INFO  client.GrpcClientProtocolClient (GrpcClientProtocolClient.java:onNext(255)) - client-D5BE96C883BA->c9f1298e-d840-49d8-aac3-de81602aa1d5: receive RaftClientReply:client-D5BE96C883BA->c9f1298e-d840-49d8-aac3-de81602aa1d5@group-E9810A644481, cid=3952, SUCCESS, logIndex=5428, commits[c9f1298e-d840-49d8-aac3-de81602aa1d5:c5429]
2019-08-30 23:40:45,511 [grpc-default-executor-0] INFO  client.GrpcClientProtocolClient (GrpcClientProtocolClient.java:onNext(255)) - client-D5BE96C883BA->c9f1298e-d840-49d8-aac3-de81602aa1d5: receive RaftClientReply:client-D5BE96C883BA->c9f1298e-d840-49d8-aac3-de81602aa1d5@group-E9810A644481, cid=3953, SUCCESS, logIndex=5431, commits[c9f1298e-d840-49d8-aac3-de81602aa1d5:c5434]
2019-08-30 23:40:45,511 [grpc-default-executor-0] INFO  client.GrpcClientProtocolClient (GrpcClientProtocolClient.java:onNext(255)) - client-D5BE96C883BA->c9f1298e-d840-49d8-aac3-de81602aa1d5: receive RaftClientReply:client-D5BE96C883BA->c9f1298e-d840-49d8-aac3-de81602aa1d5@group-E9810A644481, cid=3954, SUCCESS, logIndex=5432, commits[c9f1298e-d840-49d8-aac3-de81602aa1d5:c5434]
2019-08-30 23:40:45,512 [grpc-default-executor-0] INFO  client.GrpcClientProtocolClient (GrpcClientProtocolClient.java:onNext(255)) - client-D5BE96C883BA->c9f1298e-d840-49d8-aac3-de81602aa1d5: receive RaftClientReply:client-D5BE96C883BA->c9f1298e-d840-49d8-aac3-de81602aa1d5@group-E9810A644481, cid=3955, SUCCESS, logIndex=5433, commits[c9f1298e-d840-49d8-aac3-de81602aa1d5:c5434]
2019-08-30 23:40:45,512 [grpc-default-executor-0] INFO  client.GrpcClientProtocolClient (GrpcClientProtocolClient.java:onNext(255)) - client-D5BE96C883BA->c9f1298e-d840-49d8-aac3-de81602aa1d5: receive RaftClientReply:client-D5BE96C883BA->c9f1298e-d840-49d8-aac3-de81602aa1d5@group-E9810A644481, cid=3956, SUCCESS, logIndex=5434, commits[c9f1298e-d840-49d8-aac3-de81602aa1d5:c5435]
2019-08-30 23:40:45,523 [SCMBlockDeletingService#1] DEBUG block.SCMBlockDeletingService (SCMBlockDeletingService.java:call(138)) - Running DeletedBlockTransactionScanner
2019-08-30 23:40:45,523 [SCMBlockDeletingService#1] DEBUG block.SCMBlockDeletingService (SCMBlockDeletingService.java:call(155)) - Scanned deleted blocks log and got 0 delTX to process.
2019-08-30 23:40:45,538 [grpc-default-executor-0] INFO  client.GrpcClientProtocolClient (GrpcClientProtocolClient.java:onNext(255)) - client-D5BE96C883BA->c9f1298e-d840-49d8-aac3-de81602aa1d5: receive RaftClientReply:client-D5BE96C883BA->c9f1298e-d840-49d8-aac3-de81602aa1d5@group-E9810A644481, cid=3957, SUCCESS, logIndex=5436, commits[c9f1298e-d840-49d8-aac3-de81602aa1d5:c5437]
2019-08-30 23:40:45,538 [grpc-default-executor-0] INFO  client.GrpcClientProtocolClient (GrpcClientProtocolClient.java:onNext(255)) - client-D5BE96C883BA->c9f1298e-d840-49d8-aac3-de81602aa1d5: receive RaftClientReply:client-D5BE96C883BA->c9f1298e-d840-49d8-aac3-de81602aa1d5@group-E9810A644481, cid=3958, SUCCESS, logIndex=5437, commits[c9f1298e-d840-49d8-aac3-de81602aa1d5:c5437]
2019-08-30 23:40:45,539 [grpc-default-executor-0] INFO  client.GrpcClientProtocolClient (GrpcClientProtocolClient.java:onNext(255)) - client-D5BE96C883BA->c9f1298e-d840-49d8-aac3-de81602aa1d5: receive RaftClientReply:client-D5BE96C883BA->c9f1298e-d840-49d8-aac3-de81602aa1d5@group-E9810A644481, cid=3959, SUCCESS, logIndex=5438, commits[c9f1298e-d840-49d8-aac3-de81602aa1d5:c5439]
2019-08-30 23:40:45,539 [grpc-default-executor-0] INFO  client.GrpcClientProtocolClient (GrpcClientProtocolClient.java:onNext(255)) - client-D5BE96C883BA->c9f1298e-d840-49d8-aac3-de81602aa1d5: receive RaftClientReply:client-D5BE96C883BA->c9f1298e-d840-49d8-aac3-de81602aa1d5@group-E9810A644481, cid=3960, SUCCESS, logIndex=5439, commits[c9f1298e-d840-49d8-aac3-de81602aa1d5:c5440]
2019-08-30 23:40:45,566 [grpc-default-executor-0] INFO  client.GrpcClientProtocolClient (GrpcClientProtocolClient.java:onNext(255)) - client-D5BE96C883BA->c9f1298e-d840-49d8-aac3-de81602aa1d5: receive RaftClientReply:client-D5BE96C883BA->c9f1298e-d840-49d8-aac3-de81602aa1d5@group-E9810A644481, cid=3961, SUCCESS, logIndex=5442, commits[c9f1298e-d840-49d8-aac3-de81602aa1d5:c5443]
2019-08-30 23:40:45,567 [grpc-default-executor-0] INFO  client.GrpcClientProtocolClient (GrpcClientProtocolClient.java:onNext(255)) - client-D5BE96C883BA->c9f1298e-d840-49d8-aac3-de81602aa1d5: receive RaftClientReply:client-D5BE96C883BA->c9f1298e-d840-49d8-aac3-de81602aa1d5@group-E9810A644481, cid=3962, SUCCESS, logIndex=5443, commits[c9f1298e-d840-49d8-aac3-de81602aa1d5:c5445]
2019-08-30 23:40:45,567 [grpc-default-executor-0] INFO  client.GrpcClientProtocolClient (GrpcClientProtocolClient.java:onNext(255)) - client-D5BE96C883BA->c9f1298e-d840-49d8-aac3-de81602aa1d5: receive RaftClientReply:client-D5BE96C883BA->c9f1298e-d840-49d8-aac3-de81602aa1d5@group-E9810A644481, cid=3963, SUCCESS, logIndex=5444, commits[c9f1298e-d840-49d8-aac3-de81602aa1d5:c5445]
2019-08-30 23:40:45,567 [grpc-default-executor-0] INFO  client.GrpcClientProtocolClient (GrpcClientProtocolClient.java:onNext(255)) - client-D5BE96C883BA->c9f1298e-d840-49d8-aac3-de81602aa1d5: receive RaftClientReply:client-D5BE96C883BA->c9f1298e-d840-49d8-aac3-de81602aa1d5@group-E9810A644481, cid=3964, SUCCESS, logIndex=5445, commits[c9f1298e-d840-49d8-aac3-de81602aa1d5:c5446]
2019-08-30 23:40:45,580 [grpc-default-executor-0] INFO  client.GrpcClientProtocolClient (GrpcClientProtocolClient.java:onNext(255)) - client-D5BE96C883BA->c9f1298e-d840-49d8-aac3-de81602aa1d5: receive RaftClientReply:client-D5BE96C883BA->c9f1298e-d840-49d8-aac3-de81602aa1d5@group-E9810A644481, cid=3965, SUCCESS, logIndex=5448, commits[c9f1298e-d840-49d8-aac3-de81602aa1d5:c5451]
2019-08-30 23:40:45,580 [grpc-default-executor-0] INFO  client.GrpcClientProtocolClient (GrpcClientProtocolClient.java:onNext(255)) - client-D5BE96C883BA->c9f1298e-d840-49d8-aac3-de81602aa1d5: receive RaftClientReply:client-D5BE96C883BA->c9f1298e-d840-49d8-aac3-de81602aa1d5@group-E9810A644481, cid=3966, SUCCESS, logIndex=5449, commits[c9f1298e-d840-49d8-aac3-de81602aa1d5:c5451]
2019-08-30 23:40:45,581 [grpc-default-executor-0] INFO  client.GrpcClientProtocolClient (GrpcClientProtocolClient.java:onNext(255)) - client-D5BE96C883BA->c9f1298e-d840-49d8-aac3-de81602aa1d5: receive RaftClientReply:client-D5BE96C883BA->c9f1298e-d840-49d8-aac3-de81602aa1d5@group-E9810A644481, cid=3967, SUCCESS, logIndex=5450, commits[c9f1298e-d840-49d8-aac3-de81602aa1d5:c5452]
2019-08-30 23:40:45,581 [grpc-default-executor-0] INFO  client.GrpcClientProtocolClient (GrpcClientProtocolClient.java:onNext(255)) - client-D5BE96C883BA->c9f1298e-d840-49d8-aac3-de81602aa1d5: receive RaftClientReply:client-D5BE96C883BA->c9f1298e-d840-49d8-aac3-de81602aa1d5@group-E9810A644481, cid=3968, SUCCESS, logIndex=5451, commits[c9f1298e-d840-49d8-aac3-de81602aa1d5:c5452]
2019-08-30 23:40:45,601 [grpc-default-executor-0] INFO  client.GrpcClientProtocolClient (GrpcClientProtocolClient.java:onNext(255)) - client-D5BE96C883BA->c9f1298e-d840-49d8-aac3-de81602aa1d5: receive RaftClientReply:client-D5BE96C883BA->c9f1298e-d840-49d8-aac3-de81602aa1d5@group-E9810A644481, cid=3969, SUCCESS, logIndex=5453, commits[c9f1298e-d840-49d8-aac3-de81602aa1d5:c5454]
2019-08-30 23:40:45,602 [grpc-default-executor-0] INFO  client.GrpcClientProtocolClient (GrpcClientProtocolClient.java:onNext(255)) - client-D5BE96C883BA->c9f1298e-d840-49d8-aac3-de81602aa1d5: receive RaftClientReply:client-D5BE96C883BA->c9f1298e-d840-49d8-aac3-de81602aa1d5@group-E9810A644481, cid=3970, SUCCESS, logIndex=5454, commits[c9f1298e-d840-49d8-aac3-de81602aa1d5:c5454]
2019-08-30 23:40:45,623 [SCMBlockDeletingService#1] DEBUG block.SCMBlockDeletingService (SCMBlockDeletingService.java:call(138)) - Running DeletedBlockTransactionScanner
2019-08-30 23:40:45,623 [SCMBlockDeletingService#1] DEBUG block.SCMBlockDeletingService (SCMBlockDeletingService.java:call(155)) - Scanned deleted blocks log and got 0 delTX to process.
2019-08-30 23:40:45,624 [grpc-default-executor-0] INFO  client.GrpcClientProtocolClient (GrpcClientProtocolClient.java:onNext(255)) - client-D5BE96C883BA->c9f1298e-d840-49d8-aac3-de81602aa1d5: receive RaftClientReply:client-D5BE96C883BA->c9f1298e-d840-49d8-aac3-de81602aa1d5@group-E9810A644481, cid=3971, SUCCESS, logIndex=5455, commits[c9f1298e-d840-49d8-aac3-de81602aa1d5:c5456]
2019-08-30 23:40:45,624 [grpc-default-executor-0] INFO  client.GrpcClientProtocolClient (GrpcClientProtocolClient.java:onNext(255)) - client-D5BE96C883BA->c9f1298e-d840-49d8-aac3-de81602aa1d5: receive RaftClientReply:client-D5BE96C883BA->c9f1298e-d840-49d8-aac3-de81602aa1d5@group-E9810A644481, cid=3972, SUCCESS, logIndex=5456, commits[c9f1298e-d840-49d8-aac3-de81602aa1d5:c5456]
2019-08-30 23:40:45,654 [grpc-default-executor-0] INFO  client.GrpcClientProtocolClient (GrpcClientProtocolClient.java:onNext(255)) - client-D5BE96C883BA->c9f1298e-d840-49d8-aac3-de81602aa1d5: receive RaftClientReply:client-D5BE96C883BA->c9f1298e-d840-49d8-aac3-de81602aa1d5@group-E9810A644481, cid=3973, SUCCESS, logIndex=5459, commits[c9f1298e-d840-49d8-aac3-de81602aa1d5:c5462]
2019-08-30 23:40:45,655 [grpc-default-executor-0] INFO  client.GrpcClientProtocolClient (GrpcClientProtocolClient.java:onNext(255)) - client-D5BE96C883BA->c9f1298e-d840-49d8-aac3-de81602aa1d5: receive RaftClientReply:client-D5BE96C883BA->c9f1298e-d840-49d8-aac3-de81602aa1d5@group-E9810A644481, cid=3974, SUCCESS, logIndex=5460, commits[c9f1298e-d840-49d8-aac3-de81602aa1d5:c5462]
2019-08-30 23:40:45,655 [grpc-default-executor-0] INFO  client.GrpcClientProtocolClient (GrpcClientProtocolClient.java:onNext(255)) - client-D5BE96C883BA->c9f1298e-d840-49d8-aac3-de81602aa1d5: receive RaftClientReply:client-D5BE96C883BA->c9f1298e-d840-49d8-aac3-de81602aa1d5@group-E9810A644481, cid=3975, SUCCESS, logIndex=5461, commits[c9f1298e-d840-49d8-aac3-de81602aa1d5:c5462]
2019-08-30 23:40:45,655 [grpc-default-executor-0] INFO  client.GrpcClientProtocolClient (GrpcClientProtocolClient.java:onNext(255)) - client-D5BE96C883BA->c9f1298e-d840-49d8-aac3-de81602aa1d5: receive RaftClientReply:client-D5BE96C883BA->c9f1298e-d840-49d8-aac3-de81602aa1d5@group-E9810A644481, cid=3976, SUCCESS, logIndex=5462, commits[c9f1298e-d840-49d8-aac3-de81602aa1d5:c5462]
2019-08-30 23:40:45,743 [SCMBlockDeletingService#1] DEBUG block.SCMBlockDeletingService (SCMBlockDeletingService.java:call(138)) - Running DeletedBlockTransactionScanner
2019-08-30 23:40:45,744 [SCMBlockDeletingService#1] DEBUG block.SCMBlockDeletingService (SCMBlockDeletingService.java:call(155)) - Scanned deleted blocks log and got 0 delTX to process.
2019-08-30 23:40:45,761 [grpc-default-executor-1] INFO  client.GrpcClientProtocolClient (GrpcClientProtocolClient.java:onNext(255)) - client-D5BE96C883BA->c9f1298e-d840-49d8-aac3-de81602aa1d5: receive RaftClientReply:client-D5BE96C883BA->c9f1298e-d840-49d8-aac3-de81602aa1d5@group-E9810A644481, cid=3977, SUCCESS, logIndex=5464, commits[c9f1298e-d840-49d8-aac3-de81602aa1d5:c5465]
2019-08-30 23:40:45,761 [grpc-default-executor-1] INFO  client.GrpcClientProtocolClient (GrpcClientProtocolClient.java:onNext(255)) - client-D5BE96C883BA->c9f1298e-d840-49d8-aac3-de81602aa1d5: receive RaftClientReply:client-D5BE96C883BA->c9f1298e-d840-49d8-aac3-de81602aa1d5@group-E9810A644481, cid=3978, SUCCESS, logIndex=5465, commits[c9f1298e-d840-49d8-aac3-de81602aa1d5:c5466]
2019-08-30 23:40:45,844 [SCMBlockDeletingService#1] DEBUG block.SCMBlockDeletingService (SCMBlockDeletingService.java:call(138)) - Running DeletedBlockTransactionScanner
2019-08-30 23:40:45,844 [SCMBlockDeletingService#1] DEBUG block.SCMBlockDeletingService (SCMBlockDeletingService.java:call(155)) - Scanned deleted blocks log and got 0 delTX to process.
2019-08-30 23:40:45,854 [grpc-default-executor-0] INFO  client.GrpcClientProtocolClient (GrpcClientProtocolClient.java:onNext(255)) - client-D5BE96C883BA->c9f1298e-d840-49d8-aac3-de81602aa1d5: receive RaftClientReply:client-D5BE96C883BA->c9f1298e-d840-49d8-aac3-de81602aa1d5@group-E9810A644481, cid=3979, SUCCESS, logIndex=5467, commits[c9f1298e-d840-49d8-aac3-de81602aa1d5:c5468]
2019-08-30 23:40:45,855 [grpc-default-executor-0] INFO  client.GrpcClientProtocolClient (GrpcClientProtocolClient.java:onNext(255)) - client-D5BE96C883BA->c9f1298e-d840-49d8-aac3-de81602aa1d5: receive RaftClientReply:client-D5BE96C883BA->c9f1298e-d840-49d8-aac3-de81602aa1d5@group-E9810A644481, cid=3980, SUCCESS, logIndex=5468, commits[c9f1298e-d840-49d8-aac3-de81602aa1d5:c5468]
2019-08-30 23:40:45,866 [grpc-default-executor-0] INFO  client.GrpcClientProtocolClient (GrpcClientProtocolClient.java:onNext(255)) - client-D5BE96C883BA->c9f1298e-d840-49d8-aac3-de81602aa1d5: receive RaftClientReply:client-D5BE96C883BA->c9f1298e-d840-49d8-aac3-de81602aa1d5@group-E9810A644481, cid=3981, SUCCESS, logIndex=5470, commits[c9f1298e-d840-49d8-aac3-de81602aa1d5:c5473]
2019-08-30 23:40:45,866 [grpc-default-executor-0] INFO  client.GrpcClientProtocolClient (GrpcClientProtocolClient.java:onNext(255)) - client-D5BE96C883BA->c9f1298e-d840-49d8-aac3-de81602aa1d5: receive RaftClientReply:client-D5BE96C883BA->c9f1298e-d840-49d8-aac3-de81602aa1d5@group-E9810A644481, cid=3982, SUCCESS, logIndex=5471, commits[c9f1298e-d840-49d8-aac3-de81602aa1d5:c5473]
2019-08-30 23:40:45,867 [grpc-default-executor-0] INFO  client.GrpcClientProtocolClient (GrpcClientProtocolClient.java:onNext(255)) - client-D5BE96C883BA->c9f1298e-d840-49d8-aac3-de81602aa1d5: receive RaftClientReply:client-D5BE96C883BA->c9f1298e-d840-49d8-aac3-de81602aa1d5@group-E9810A644481, cid=3983, SUCCESS, logIndex=5472, commits[c9f1298e-d840-49d8-aac3-de81602aa1d5:c5474]
2019-08-30 23:40:45,867 [grpc-default-executor-0] INFO  client.GrpcClientProtocolClient (GrpcClientProtocolClient.java:onNext(255)) - client-D5BE96C883BA->c9f1298e-d840-49d8-aac3-de81602aa1d5: receive RaftClientReply:client-D5BE96C883BA->c9f1298e-d840-49d8-aac3-de81602aa1d5@group-E9810A644481, cid=3984, SUCCESS, logIndex=5473, commits[c9f1298e-d840-49d8-aac3-de81602aa1d5:c5474]
2019-08-30 23:40:45,893 [grpc-default-executor-0] INFO  client.GrpcClientProtocolClient (GrpcClientProtocolClient.java:onNext(255)) - client-D5BE96C883BA->c9f1298e-d840-49d8-aac3-de81602aa1d5: receive RaftClientReply:client-D5BE96C883BA->c9f1298e-d840-49d8-aac3-de81602aa1d5@group-E9810A644481, cid=3985, SUCCESS, logIndex=5475, commits[c9f1298e-d840-49d8-aac3-de81602aa1d5:c5478]
2019-08-30 23:40:45,894 [grpc-default-executor-0] INFO  client.GrpcClientProtocolClient (GrpcClientProtocolClient.java:onNext(255)) - client-D5BE96C883BA->c9f1298e-d840-49d8-aac3-de81602aa1d5: receive RaftClientReply:client-D5BE96C883BA->c9f1298e-d840-49d8-aac3-de81602aa1d5@group-E9810A644481, cid=3986, SUCCESS, logIndex=5476, commits[c9f1298e-d840-49d8-aac3-de81602aa1d5:c5478]
2019-08-30 23:40:45,894 [grpc-default-executor-0] INFO  client.GrpcClientProtocolClient (GrpcClientProtocolClient.java:onNext(255)) - client-D5BE96C883BA->c9f1298e-d840-49d8-aac3-de81602aa1d5: receive RaftClientReply:client-D5BE96C883BA->c9f1298e-d840-49d8-aac3-de81602aa1d5@group-E9810A644481, cid=3987, SUCCESS, logIndex=5477, commits[c9f1298e-d840-49d8-aac3-de81602aa1d5:c5479]
2019-08-30 23:40:45,894 [grpc-default-executor-0] INFO  client.GrpcClientProtocolClient (GrpcClientProtocolClient.java:onNext(255)) - client-D5BE96C883BA->c9f1298e-d840-49d8-aac3-de81602aa1d5: receive RaftClientReply:client-D5BE96C883BA->c9f1298e-d840-49d8-aac3-de81602aa1d5@group-E9810A644481, cid=3988, SUCCESS, logIndex=5478, commits[c9f1298e-d840-49d8-aac3-de81602aa1d5:c5479]
2019-08-30 23:40:45,907 [grpc-default-executor-1] INFO  client.GrpcClientProtocolClient (GrpcClientProtocolClient.java:onNext(255)) - client-D5BE96C883BA->c9f1298e-d840-49d8-aac3-de81602aa1d5: receive RaftClientReply:client-D5BE96C883BA->c9f1298e-d840-49d8-aac3-de81602aa1d5@group-E9810A644481, cid=3989, SUCCESS, logIndex=5480, commits[c9f1298e-d840-49d8-aac3-de81602aa1d5:c5483]
2019-08-30 23:40:45,908 [grpc-default-executor-1] INFO  client.GrpcClientProtocolClient (GrpcClientProtocolClient.java:onNext(255)) - client-D5BE96C883BA->c9f1298e-d840-49d8-aac3-de81602aa1d5: receive RaftClientReply:client-D5BE96C883BA->c9f1298e-d840-49d8-aac3-de81602aa1d5@group-E9810A644481, cid=3990, SUCCESS, logIndex=5481, commits[c9f1298e-d840-49d8-aac3-de81602aa1d5:c5484]
2019-08-30 23:40:45,908 [grpc-default-executor-1] INFO  client.GrpcClientProtocolClient (GrpcClientProtocolClient.java:onNext(255)) - client-D5BE96C883BA->c9f1298e-d840-49d8-aac3-de81602aa1d5: receive RaftClientReply:client-D5BE96C883BA->c9f1298e-d840-49d8-aac3-de81602aa1d5@group-E9810A644481, cid=3991, SUCCESS, logIndex=5482, commits[c9f1298e-d840-49d8-aac3-de81602aa1d5:c5484]
2019-08-30 23:40:45,908 [grpc-default-executor-1] INFO  client.GrpcClientProtocolClient (GrpcClientProtocolClient.java:onNext(255)) - client-D5BE96C883BA->c9f1298e-d840-49d8-aac3-de81602aa1d5: receive RaftClientReply:client-D5BE96C883BA->c9f1298e-d840-49d8-aac3-de81602aa1d5@group-E9810A644481, cid=3992, SUCCESS, logIndex=5483, commits[c9f1298e-d840-49d8-aac3-de81602aa1d5:c5484]
2019-08-30 23:40:45,933 [grpc-default-executor-1] INFO  client.GrpcClientProtocolClient (GrpcClientProtocolClient.java:onNext(255)) - client-D5BE96C883BA->c9f1298e-d840-49d8-aac3-de81602aa1d5: receive RaftClientReply:client-D5BE96C883BA->c9f1298e-d840-49d8-aac3-de81602aa1d5@group-E9810A644481, cid=3993, SUCCESS, logIndex=5485, commits[c9f1298e-d840-49d8-aac3-de81602aa1d5:c5488]
2019-08-30 23:40:45,933 [grpc-default-executor-1] INFO  client.GrpcClientProtocolClient (GrpcClientProtocolClient.java:onNext(255)) - client-D5BE96C883BA->c9f1298e-d840-49d8-aac3-de81602aa1d5: receive RaftClientReply:client-D5BE96C883BA->c9f1298e-d840-49d8-aac3-de81602aa1d5@group-E9810A644481, cid=3994, SUCCESS, logIndex=5486, commits[c9f1298e-d840-49d8-aac3-de81602aa1d5:c5489]
2019-08-30 23:40:45,933 [grpc-default-executor-1] INFO  client.GrpcClientProtocolClient (GrpcClientProtocolClient.java:onNext(255)) - client-D5BE96C883BA->c9f1298e-d840-49d8-aac3-de81602aa1d5: receive RaftClientReply:client-D5BE96C883BA->c9f1298e-d840-49d8-aac3-de81602aa1d5@group-E9810A644481, cid=3995, SUCCESS, logIndex=5487, commits[c9f1298e-d840-49d8-aac3-de81602aa1d5:c5489]
2019-08-30 23:40:45,934 [grpc-default-executor-1] INFO  client.GrpcClientProtocolClient (GrpcClientProtocolClient.java:onNext(255)) - client-D5BE96C883BA->c9f1298e-d840-49d8-aac3-de81602aa1d5: receive RaftClientReply:client-D5BE96C883BA->c9f1298e-d840-49d8-aac3-de81602aa1d5@group-E9810A644481, cid=3996, SUCCESS, logIndex=5488, commits[c9f1298e-d840-49d8-aac3-de81602aa1d5:c5489]
2019-08-30 23:40:45,945 [SCMBlockDeletingService#1] DEBUG block.SCMBlockDeletingService (SCMBlockDeletingService.java:call(138)) - Running DeletedBlockTransactionScanner
2019-08-30 23:40:45,945 [SCMBlockDeletingService#1] DEBUG block.SCMBlockDeletingService (SCMBlockDeletingService.java:call(155)) - Scanned deleted blocks log and got 0 delTX to process.
2019-08-30 23:40:45,959 [grpc-default-executor-1] INFO  client.GrpcClientProtocolClient (GrpcClientProtocolClient.java:onNext(255)) - client-D5BE96C883BA->c9f1298e-d840-49d8-aac3-de81602aa1d5: receive RaftClientReply:client-D5BE96C883BA->c9f1298e-d840-49d8-aac3-de81602aa1d5@group-E9810A644481, cid=3997, SUCCESS, logIndex=5490, commits[c9f1298e-d840-49d8-aac3-de81602aa1d5:c5493]
2019-08-30 23:40:45,959 [grpc-default-executor-1] INFO  client.GrpcClientProtocolClient (GrpcClientProtocolClient.java:onNext(255)) - client-D5BE96C883BA->c9f1298e-d840-49d8-aac3-de81602aa1d5: receive RaftClientReply:client-D5BE96C883BA->c9f1298e-d840-49d8-aac3-de81602aa1d5@group-E9810A644481, cid=3998, SUCCESS, logIndex=5491, commits[c9f1298e-d840-49d8-aac3-de81602aa1d5:c5493]
2019-08-30 23:40:45,959 [grpc-default-executor-1] INFO  client.GrpcClientProtocolClient (GrpcClientProtocolClient.java:onNext(255)) - client-D5BE96C883BA->c9f1298e-d840-49d8-aac3-de81602aa1d5: receive RaftClientReply:client-D5BE96C883BA->c9f1298e-d840-49d8-aac3-de81602aa1d5@group-E9810A644481, cid=3999, SUCCESS, logIndex=5492, commits[c9f1298e-d840-49d8-aac3-de81602aa1d5:c5493]
2019-08-30 23:40:45,959 [grpc-default-executor-1] INFO  client.GrpcClientProtocolClient (GrpcClientProtocolClient.java:onNext(255)) - client-D5BE96C883BA->c9f1298e-d840-49d8-aac3-de81602aa1d5: receive RaftClientReply:client-D5BE96C883BA->c9f1298e-d840-49d8-aac3-de81602aa1d5@group-E9810A644481, cid=4000, SUCCESS, logIndex=5493, commits[c9f1298e-d840-49d8-aac3-de81602aa1d5:c5494]
2019-08-30 23:40:45,981 [grpc-default-executor-1] INFO  client.GrpcClientProtocolClient (GrpcClientProtocolClient.java:onNext(255)) - client-D5BE96C883BA->c9f1298e-d840-49d8-aac3-de81602aa1d5: receive RaftClientReply:client-D5BE96C883BA->c9f1298e-d840-49d8-aac3-de81602aa1d5@group-E9810A644481, cid=4001, SUCCESS, logIndex=5495, commits[c9f1298e-d840-49d8-aac3-de81602aa1d5:c5496]
2019-08-30 23:40:45,981 [grpc-default-executor-1] INFO  client.GrpcClientProtocolClient (GrpcClientProtocolClient.java:onNext(255)) - client-D5BE96C883BA->c9f1298e-d840-49d8-aac3-de81602aa1d5: receive RaftClientReply:client-D5BE96C883BA->c9f1298e-d840-49d8-aac3-de81602aa1d5@group-E9810A644481, cid=4002, SUCCESS, logIndex=5496, commits[c9f1298e-d840-49d8-aac3-de81602aa1d5:c5498]
2019-08-30 23:40:45,982 [grpc-default-executor-1] INFO  client.GrpcClientProtocolClient (GrpcClientProtocolClient.java:onNext(255)) - client-D5BE96C883BA->c9f1298e-d840-49d8-aac3-de81602aa1d5: receive RaftClientReply:client-D5BE96C883BA->c9f1298e-d840-49d8-aac3-de81602aa1d5@group-E9810A644481, cid=4003, SUCCESS, logIndex=5497, commits[c9f1298e-d840-49d8-aac3-de81602aa1d5:c5498]
2019-08-30 23:40:45,982 [grpc-default-executor-1] INFO  client.GrpcClientProtocolClient (GrpcClientProtocolClient.java:onNext(255)) - client-D5BE96C883BA->c9f1298e-d840-49d8-aac3-de81602aa1d5: receive RaftClientReply:client-D5BE96C883BA->c9f1298e-d840-49d8-aac3-de81602aa1d5@group-E9810A644481, cid=4004, SUCCESS, logIndex=5498, commits[c9f1298e-d840-49d8-aac3-de81602aa1d5:c5499]
2019-08-30 23:40:46,018 [grpc-default-executor-1] INFO  client.GrpcClientProtocolClient (GrpcClientProtocolClient.java:onNext(255)) - client-D5BE96C883BA->c9f1298e-d840-49d8-aac3-de81602aa1d5: receive RaftClientReply:client-D5BE96C883BA->c9f1298e-d840-49d8-aac3-de81602aa1d5@group-E9810A644481, cid=4005, SUCCESS, logIndex=5501, commits[c9f1298e-d840-49d8-aac3-de81602aa1d5:c5502]
2019-08-30 23:40:46,019 [grpc-default-executor-1] INFO  client.GrpcClientProtocolClient (GrpcClientProtocolClient.java:onNext(255)) - client-D5BE96C883BA->c9f1298e-d840-49d8-aac3-de81602aa1d5: receive RaftClientReply:client-D5BE96C883BA->c9f1298e-d840-49d8-aac3-de81602aa1d5@group-E9810A644481, cid=4006, SUCCESS, logIndex=5502, commits[c9f1298e-d840-49d8-aac3-de81602aa1d5:c5504]
2019-08-30 23:40:46,019 [grpc-default-executor-1] INFO  client.GrpcClientProtocolClient (GrpcClientProtocolClient.java:onNext(255)) - client-D5BE96C883BA->c9f1298e-d840-49d8-aac3-de81602aa1d5: receive RaftClientReply:client-D5BE96C883BA->c9f1298e-d840-49d8-aac3-de81602aa1d5@group-E9810A644481, cid=4007, SUCCESS, logIndex=5503, commits[c9f1298e-d840-49d8-aac3-de81602aa1d5:c5504]
2019-08-30 23:40:46,019 [grpc-default-executor-1] INFO  client.GrpcClientProtocolClient (GrpcClientProtocolClient.java:onNext(255)) - client-D5BE96C883BA->c9f1298e-d840-49d8-aac3-de81602aa1d5: receive RaftClientReply:client-D5BE96C883BA->c9f1298e-d840-49d8-aac3-de81602aa1d5@group-E9810A644481, cid=4008, SUCCESS, logIndex=5504, commits[c9f1298e-d840-49d8-aac3-de81602aa1d5:c5504]
2019-08-30 23:40:46,045 [SCMBlockDeletingService#1] DEBUG block.SCMBlockDeletingService (SCMBlockDeletingService.java:call(138)) - Running DeletedBlockTransactionScanner
2019-08-30 23:40:46,045 [SCMBlockDeletingService#1] DEBUG block.SCMBlockDeletingService (SCMBlockDeletingService.java:call(155)) - Scanned deleted blocks log and got 0 delTX to process.
2019-08-30 23:40:46,046 [grpc-default-executor-0] INFO  client.GrpcClientProtocolClient (GrpcClientProtocolClient.java:onNext(255)) - client-D5BE96C883BA->c9f1298e-d840-49d8-aac3-de81602aa1d5: receive RaftClientReply:client-D5BE96C883BA->c9f1298e-d840-49d8-aac3-de81602aa1d5@group-E9810A644481, cid=4009, SUCCESS, logIndex=5507, commits[c9f1298e-d840-49d8-aac3-de81602aa1d5:c5508]
2019-08-30 23:40:46,046 [grpc-default-executor-0] INFO  client.GrpcClientProtocolClient (GrpcClientProtocolClient.java:onNext(255)) - client-D5BE96C883BA->c9f1298e-d840-49d8-aac3-de81602aa1d5: receive RaftClientReply:client-D5BE96C883BA->c9f1298e-d840-49d8-aac3-de81602aa1d5@group-E9810A644481, cid=4010, SUCCESS, logIndex=5508, commits[c9f1298e-d840-49d8-aac3-de81602aa1d5:c5510]
2019-08-30 23:40:46,047 [grpc-default-executor-0] INFO  client.GrpcClientProtocolClient (GrpcClientProtocolClient.java:onNext(255)) - client-D5BE96C883BA->c9f1298e-d840-49d8-aac3-de81602aa1d5: receive RaftClientReply:client-D5BE96C883BA->c9f1298e-d840-49d8-aac3-de81602aa1d5@group-E9810A644481, cid=4011, SUCCESS, logIndex=5509, commits[c9f1298e-d840-49d8-aac3-de81602aa1d5:c5510]
2019-08-30 23:40:46,047 [grpc-default-executor-0] INFO  client.GrpcClientProtocolClient (GrpcClientProtocolClient.java:onNext(255)) - client-D5BE96C883BA->c9f1298e-d840-49d8-aac3-de81602aa1d5: receive RaftClientReply:client-D5BE96C883BA->c9f1298e-d840-49d8-aac3-de81602aa1d5@group-E9810A644481, cid=4012, SUCCESS, logIndex=5510, commits[c9f1298e-d840-49d8-aac3-de81602aa1d5:c5510]
2019-08-30 23:40:46,058 [grpc-default-executor-1] INFO  client.GrpcClientProtocolClient (GrpcClientProtocolClient.java:onNext(255)) - client-D5BE96C883BA->c9f1298e-d840-49d8-aac3-de81602aa1d5: receive RaftClientReply:client-D5BE96C883BA->c9f1298e-d840-49d8-aac3-de81602aa1d5@group-E9810A644481, cid=4013, SUCCESS, logIndex=5513, commits[c9f1298e-d840-49d8-aac3-de81602aa1d5:c5514]
2019-08-30 23:40:46,059 [grpc-default-executor-1] INFO  client.GrpcClientProtocolClient (GrpcClientProtocolClient.java:onNext(255)) - client-D5BE96C883BA->c9f1298e-d840-49d8-aac3-de81602aa1d5: receive RaftClientReply:client-D5BE96C883BA->c9f1298e-d840-49d8-aac3-de81602aa1d5@group-E9810A644481, cid=4014, SUCCESS, logIndex=5514, commits[c9f1298e-d840-49d8-aac3-de81602aa1d5:c5516]
2019-08-30 23:40:46,059 [grpc-default-executor-1] INFO  client.GrpcClientProtocolClient (GrpcClientProtocolClient.java:onNext(255)) - client-D5BE96C883BA->c9f1298e-d840-49d8-aac3-de81602aa1d5: receive RaftClientReply:client-D5BE96C883BA->c9f1298e-d840-49d8-aac3-de81602aa1d5@group-E9810A644481, cid=4015, SUCCESS, logIndex=5515, commits[c9f1298e-d840-49d8-aac3-de81602aa1d5:c5516]
2019-08-30 23:40:46,059 [grpc-default-executor-1] INFO  client.GrpcClientProtocolClient (GrpcClientProtocolClient.java:onNext(255)) - client-D5BE96C883BA->c9f1298e-d840-49d8-aac3-de81602aa1d5: receive RaftClientReply:client-D5BE96C883BA->c9f1298e-d840-49d8-aac3-de81602aa1d5@group-E9810A644481, cid=4016, SUCCESS, logIndex=5516, commits[c9f1298e-d840-49d8-aac3-de81602aa1d5:c5517]
2019-08-30 23:40:46,101 [grpc-default-executor-1] INFO  client.GrpcClientProtocolClient (GrpcClientProtocolClient.java:onNext(255)) - client-D5BE96C883BA->c9f1298e-d840-49d8-aac3-de81602aa1d5: receive RaftClientReply:client-D5BE96C883BA->c9f1298e-d840-49d8-aac3-de81602aa1d5@group-E9810A644481, cid=4017, SUCCESS, logIndex=5519, commits[c9f1298e-d840-49d8-aac3-de81602aa1d5:c5520]
2019-08-30 23:40:46,102 [grpc-default-executor-1] INFO  client.GrpcClientProtocolClient (GrpcClientProtocolClient.java:onNext(255)) - client-D5BE96C883BA->c9f1298e-d840-49d8-aac3-de81602aa1d5: receive RaftClientReply:client-D5BE96C883BA->c9f1298e-d840-49d8-aac3-de81602aa1d5@group-E9810A644481, cid=4018, SUCCESS, logIndex=5520, commits[c9f1298e-d840-49d8-aac3-de81602aa1d5:c5520]
2019-08-30 23:40:46,114 [grpc-default-executor-1] INFO  client.GrpcClientProtocolClient (GrpcClientProtocolClient.java:onNext(255)) - client-D5BE96C883BA->c9f1298e-d840-49d8-aac3-de81602aa1d5: receive RaftClientReply:client-D5BE96C883BA->c9f1298e-d840-49d8-aac3-de81602aa1d5@group-E9810A644481, cid=4019, SUCCESS, logIndex=5521, commits[c9f1298e-d840-49d8-aac3-de81602aa1d5:c5522]
2019-08-30 23:40:46,115 [grpc-default-executor-1] INFO  client.GrpcClientProtocolClient (GrpcClientProtocolClient.java:onNext(255)) - client-D5BE96C883BA->c9f1298e-d840-49d8-aac3-de81602aa1d5: receive RaftClientReply:client-D5BE96C883BA->c9f1298e-d840-49d8-aac3-de81602aa1d5@group-E9810A644481, cid=4020, SUCCESS, logIndex=5522, commits[c9f1298e-d840-49d8-aac3-de81602aa1d5:c5523]
2019-08-30 23:40:46,141 [grpc-default-executor-0] INFO  client.GrpcClientProtocolClient (GrpcClientProtocolClient.java:onNext(255)) - client-D5BE96C883BA->c9f1298e-d840-49d8-aac3-de81602aa1d5: receive RaftClientReply:client-D5BE96C883BA->c9f1298e-d840-49d8-aac3-de81602aa1d5@group-E9810A644481, cid=4021, SUCCESS, logIndex=5525, commits[c9f1298e-d840-49d8-aac3-de81602aa1d5:c5526]
2019-08-30 23:40:46,141 [grpc-default-executor-0] INFO  client.GrpcClientProtocolClient (GrpcClientProtocolClient.java:onNext(255)) - client-D5BE96C883BA->c9f1298e-d840-49d8-aac3-de81602aa1d5: receive RaftClientReply:client-D5BE96C883BA->c9f1298e-d840-49d8-aac3-de81602aa1d5@group-E9810A644481, cid=4022, SUCCESS, logIndex=5526, commits[c9f1298e-d840-49d8-aac3-de81602aa1d5:c5526]
2019-08-30 23:40:46,146 [SCMBlockDeletingService#1] DEBUG block.SCMBlockDeletingService (SCMBlockDeletingService.java:call(138)) - Running DeletedBlockTransactionScanner
2019-08-30 23:40:46,146 [SCMBlockDeletingService#1] DEBUG block.SCMBlockDeletingService (SCMBlockDeletingService.java:call(155)) - Scanned deleted blocks log and got 0 delTX to process.
2019-08-30 23:40:46,235 [grpc-default-executor-1] INFO  client.GrpcClientProtocolClient (GrpcClientProtocolClient.java:onNext(255)) - client-D5BE96C883BA->c9f1298e-d840-49d8-aac3-de81602aa1d5: receive RaftClientReply:client-D5BE96C883BA->c9f1298e-d840-49d8-aac3-de81602aa1d5@group-E9810A644481, cid=4023, SUCCESS, logIndex=5528, commits[c9f1298e-d840-49d8-aac3-de81602aa1d5:c5529]
2019-08-30 23:40:46,236 [grpc-default-executor-1] INFO  client.GrpcClientProtocolClient (GrpcClientProtocolClient.java:onNext(255)) - client-D5BE96C883BA->c9f1298e-d840-49d8-aac3-de81602aa1d5: receive RaftClientReply:client-D5BE96C883BA->c9f1298e-d840-49d8-aac3-de81602aa1d5@group-E9810A644481, cid=4024, SUCCESS, logIndex=5529, commits[c9f1298e-d840-49d8-aac3-de81602aa1d5:c5529]
2019-08-30 23:40:46,246 [SCMBlockDeletingService#1] DEBUG block.SCMBlockDeletingService (SCMBlockDeletingService.java:call(138)) - Running DeletedBlockTransactionScanner
2019-08-30 23:40:46,246 [SCMBlockDeletingService#1] DEBUG block.SCMBlockDeletingService (SCMBlockDeletingService.java:call(155)) - Scanned deleted blocks log and got 0 delTX to process.
2019-08-30 23:40:46,277 [grpc-default-executor-0] INFO  client.GrpcClientProtocolClient (GrpcClientProtocolClient.java:onNext(255)) - client-D5BE96C883BA->c9f1298e-d840-49d8-aac3-de81602aa1d5: receive RaftClientReply:client-D5BE96C883BA->c9f1298e-d840-49d8-aac3-de81602aa1d5@group-E9810A644481, cid=4025, SUCCESS, logIndex=5531, commits[c9f1298e-d840-49d8-aac3-de81602aa1d5:c5534]
2019-08-30 23:40:46,277 [grpc-default-executor-0] INFO  client.GrpcClientProtocolClient (GrpcClientProtocolClient.java:onNext(255)) - client-D5BE96C883BA->c9f1298e-d840-49d8-aac3-de81602aa1d5: receive RaftClientReply:client-D5BE96C883BA->c9f1298e-d840-49d8-aac3-de81602aa1d5@group-E9810A644481, cid=4026, SUCCESS, logIndex=5532, commits[c9f1298e-d840-49d8-aac3-de81602aa1d5:c5534]
2019-08-30 23:40:46,278 [grpc-default-executor-0] INFO  client.GrpcClientProtocolClient (GrpcClientProtocolClient.java:onNext(255)) - client-D5BE96C883BA->c9f1298e-d840-49d8-aac3-de81602aa1d5: receive RaftClientReply:client-D5BE96C883BA->c9f1298e-d840-49d8-aac3-de81602aa1d5@group-E9810A644481, cid=4027, SUCCESS, logIndex=5533, commits[c9f1298e-d840-49d8-aac3-de81602aa1d5:c5535]
2019-08-30 23:40:46,278 [grpc-default-executor-0] INFO  client.GrpcClientProtocolClient (GrpcClientProtocolClient.java:onNext(255)) - client-D5BE96C883BA->c9f1298e-d840-49d8-aac3-de81602aa1d5: receive RaftClientReply:client-D5BE96C883BA->c9f1298e-d840-49d8-aac3-de81602aa1d5@group-E9810A644481, cid=4028, SUCCESS, logIndex=5534, commits[c9f1298e-d840-49d8-aac3-de81602aa1d5:c5535]
2019-08-30 23:40:46,291 [grpc-default-executor-0] INFO  client.GrpcClientProtocolClient (GrpcClientProtocolClient.java:onNext(255)) - client-D5BE96C883BA->c9f1298e-d840-49d8-aac3-de81602aa1d5: receive RaftClientReply:client-D5BE96C883BA->c9f1298e-d840-49d8-aac3-de81602aa1d5@group-E9810A644481, cid=4029, SUCCESS, logIndex=5536, commits[c9f1298e-d840-49d8-aac3-de81602aa1d5:c5539]
2019-08-30 23:40:46,291 [grpc-default-executor-0] INFO  client.GrpcClientProtocolClient (GrpcClientProtocolClient.java:onNext(255)) - client-D5BE96C883BA->c9f1298e-d840-49d8-aac3-de81602aa1d5: receive RaftClientReply:client-D5BE96C883BA->c9f1298e-d840-49d8-aac3-de81602aa1d5@group-E9810A644481, cid=4030, SUCCESS, logIndex=5537, commits[c9f1298e-d840-49d8-aac3-de81602aa1d5:c5539]
2019-08-30 23:40:46,292 [grpc-default-executor-0] INFO  client.GrpcClientProtocolClient (GrpcClientProtocolClient.java:onNext(255)) - client-D5BE96C883BA->c9f1298e-d840-49d8-aac3-de81602aa1d5: receive RaftClientReply:client-D5BE96C883BA->c9f1298e-d840-49d8-aac3-de81602aa1d5@group-E9810A644481, cid=4031, SUCCESS, logIndex=5538, commits[c9f1298e-d840-49d8-aac3-de81602aa1d5:c5539]
2019-08-30 23:40:46,292 [grpc-default-executor-0] INFO  client.GrpcClientProtocolClient (GrpcClientProtocolClient.java:onNext(255)) - client-D5BE96C883BA->c9f1298e-d840-49d8-aac3-de81602aa1d5: receive RaftClientReply:client-D5BE96C883BA->c9f1298e-d840-49d8-aac3-de81602aa1d5@group-E9810A644481, cid=4032, SUCCESS, logIndex=5539, commits[c9f1298e-d840-49d8-aac3-de81602aa1d5:c5539]
2019-08-30 23:40:46,340 [grpc-default-executor-1] INFO  client.GrpcClientProtocolClient (GrpcClientProtocolClient.java:onNext(255)) - client-D5BE96C883BA->c9f1298e-d840-49d8-aac3-de81602aa1d5: receive RaftClientReply:client-D5BE96C883BA->c9f1298e-d840-49d8-aac3-de81602aa1d5@group-E9810A644481, cid=4033, SUCCESS, logIndex=5541, commits[c9f1298e-d840-49d8-aac3-de81602aa1d5:c5544]
2019-08-30 23:40:46,340 [grpc-default-executor-1] INFO  client.GrpcClientProtocolClient (GrpcClientProtocolClient.java:onNext(255)) - client-D5BE96C883BA->c9f1298e-d840-49d8-aac3-de81602aa1d5: receive RaftClientReply:client-D5BE96C883BA->c9f1298e-d840-49d8-aac3-de81602aa1d5@group-E9810A644481, cid=4034, SUCCESS, logIndex=5542, commits[c9f1298e-d840-49d8-aac3-de81602aa1d5:c5544]
2019-08-30 23:40:46,341 [grpc-default-executor-1] INFO  client.GrpcClientProtocolClient (GrpcClientProtocolClient.java:onNext(255)) - client-D5BE96C883BA->c9f1298e-d840-49d8-aac3-de81602aa1d5: receive RaftClientReply:client-D5BE96C883BA->c9f1298e-d840-49d8-aac3-de81602aa1d5@group-E9810A644481, cid=4035, SUCCESS, logIndex=5543, commits[c9f1298e-d840-49d8-aac3-de81602aa1d5:c5544]
2019-08-30 23:40:46,341 [grpc-default-executor-1] INFO  client.GrpcClientProtocolClient (GrpcClientProtocolClient.java:onNext(255)) - client-D5BE96C883BA->c9f1298e-d840-49d8-aac3-de81602aa1d5: receive RaftClientReply:client-D5BE96C883BA->c9f1298e-d840-49d8-aac3-de81602aa1d5@group-E9810A644481, cid=4036, SUCCESS, logIndex=5544, commits[c9f1298e-d840-49d8-aac3-de81602aa1d5:c5544]
2019-08-30 23:40:46,347 [SCMBlockDeletingService#1] DEBUG block.SCMBlockDeletingService (SCMBlockDeletingService.java:call(138)) - Running DeletedBlockTransactionScanner
2019-08-30 23:40:46,347 [SCMBlockDeletingService#1] DEBUG block.SCMBlockDeletingService (SCMBlockDeletingService.java:call(155)) - Scanned deleted blocks log and got 0 delTX to process.
2019-08-30 23:40:46,361 [grpc-default-executor-0] INFO  client.GrpcClientProtocolClient (GrpcClientProtocolClient.java:onNext(255)) - client-D5BE96C883BA->c9f1298e-d840-49d8-aac3-de81602aa1d5: receive RaftClientReply:client-D5BE96C883BA->c9f1298e-d840-49d8-aac3-de81602aa1d5@group-E9810A644481, cid=4037, SUCCESS, logIndex=5546, commits[c9f1298e-d840-49d8-aac3-de81602aa1d5:c5549]
2019-08-30 23:40:46,362 [grpc-default-executor-0] INFO  client.GrpcClientProtocolClient (GrpcClientProtocolClient.java:onNext(255)) - client-D5BE96C883BA->c9f1298e-d840-49d8-aac3-de81602aa1d5: receive RaftClientReply:client-D5BE96C883BA->c9f1298e-d840-49d8-aac3-de81602aa1d5@group-E9810A644481, cid=4038, SUCCESS, logIndex=5547, commits[c9f1298e-d840-49d8-aac3-de81602aa1d5:c5549]
2019-08-30 23:40:46,362 [grpc-default-executor-0] INFO  client.GrpcClientProtocolClient (GrpcClientProtocolClient.java:onNext(255)) - client-D5BE96C883BA->c9f1298e-d840-49d8-aac3-de81602aa1d5: receive RaftClientReply:client-D5BE96C883BA->c9f1298e-d840-49d8-aac3-de81602aa1d5@group-E9810A644481, cid=4039, SUCCESS, logIndex=5548, commits[c9f1298e-d840-49d8-aac3-de81602aa1d5:c5550]
2019-08-30 23:40:46,362 [grpc-default-executor-0] INFO  client.GrpcClientProtocolClient (GrpcClientProtocolClient.java:onNext(255)) - client-D5BE96C883BA->c9f1298e-d840-49d8-aac3-de81602aa1d5: receive RaftClientReply:client-D5BE96C883BA->c9f1298e-d840-49d8-aac3-de81602aa1d5@group-E9810A644481, cid=4040, SUCCESS, logIndex=5549, commits[c9f1298e-d840-49d8-aac3-de81602aa1d5:c5550]
2019-08-30 23:40:46,391 [grpc-default-executor-1] INFO  client.GrpcClientProtocolClient (GrpcClientProtocolClient.java:onNext(255)) - client-D5BE96C883BA->c9f1298e-d840-49d8-aac3-de81602aa1d5: receive RaftClientReply:client-D5BE96C883BA->c9f1298e-d840-49d8-aac3-de81602aa1d5@group-E9810A644481, cid=4041, SUCCESS, logIndex=5551, commits[c9f1298e-d840-49d8-aac3-de81602aa1d5:c5554]
2019-08-30 23:40:46,392 [grpc-default-executor-1] INFO  client.GrpcClientProtocolClient (GrpcClientProtocolClient.java:onNext(255)) - client-D5BE96C883BA->c9f1298e-d840-49d8-aac3-de81602aa1d5: receive RaftClientReply:client-D5BE96C883BA->c9f1298e-d840-49d8-aac3-de81602aa1d5@group-E9810A644481, cid=4042, SUCCESS, logIndex=5552, commits[c9f1298e-d840-49d8-aac3-de81602aa1d5:c5554]
2019-08-30 23:40:46,392 [grpc-default-executor-1] INFO  client.GrpcClientProtocolClient (GrpcClientProtocolClient.java:onNext(255)) - client-D5BE96C883BA->c9f1298e-d840-49d8-aac3-de81602aa1d5: receive RaftClientReply:client-D5BE96C883BA->c9f1298e-d840-49d8-aac3-de81602aa1d5@group-E9810A644481, cid=4043, SUCCESS, logIndex=5553, commits[c9f1298e-d840-49d8-aac3-de81602aa1d5:c5555]
2019-08-30 23:40:46,393 [grpc-default-executor-1] INFO  client.GrpcClientProtocolClient (GrpcClientProtocolClient.java:onNext(255)) - client-D5BE96C883BA->c9f1298e-d840-49d8-aac3-de81602aa1d5: receive RaftClientReply:client-D5BE96C883BA->c9f1298e-d840-49d8-aac3-de81602aa1d5@group-E9810A644481, cid=4044, SUCCESS, logIndex=5554, commits[c9f1298e-d840-49d8-aac3-de81602aa1d5:c5555]
2019-08-30 23:40:46,420 [grpc-default-executor-0] INFO  client.GrpcClientProtocolClient (GrpcClientProtocolClient.java:onNext(255)) - client-D5BE96C883BA->c9f1298e-d840-49d8-aac3-de81602aa1d5: receive RaftClientReply:client-D5BE96C883BA->c9f1298e-d840-49d8-aac3-de81602aa1d5@group-E9810A644481, cid=4045, SUCCESS, logIndex=5556, commits[c9f1298e-d840-49d8-aac3-de81602aa1d5:c5559]
2019-08-30 23:40:46,421 [grpc-default-executor-0] INFO  client.GrpcClientProtocolClient (GrpcClientProtocolClient.java:onNext(255)) - client-D5BE96C883BA->c9f1298e-d840-49d8-aac3-de81602aa1d5: receive RaftClientReply:client-D5BE96C883BA->c9f1298e-d840-49d8-aac3-de81602aa1d5@group-E9810A644481, cid=4046, SUCCESS, logIndex=5557, commits[c9f1298e-d840-49d8-aac3-de81602aa1d5:c5559]
2019-08-30 23:40:46,421 [grpc-default-executor-1] INFO  client.GrpcClientProtocolClient (GrpcClientProtocolClient.java:onNext(255)) - client-D5BE96C883BA->c9f1298e-d840-49d8-aac3-de81602aa1d5: receive RaftClientReply:client-D5BE96C883BA->c9f1298e-d840-49d8-aac3-de81602aa1d5@group-E9810A644481, cid=4047, SUCCESS, logIndex=5558, commits[c9f1298e-d840-49d8-aac3-de81602aa1d5:c5560]
2019-08-30 23:40:46,422 [grpc-default-executor-1] INFO  client.GrpcClientProtocolClient (GrpcClientProtocolClient.java:onNext(255)) - client-D5BE96C883BA->c9f1298e-d840-49d8-aac3-de81602aa1d5: receive RaftClientReply:client-D5BE96C883BA->c9f1298e-d840-49d8-aac3-de81602aa1d5@group-E9810A644481, cid=4048, SUCCESS, logIndex=5559, commits[c9f1298e-d840-49d8-aac3-de81602aa1d5:c5560]
2019-08-30 23:40:46,447 [SCMBlockDeletingService#1] DEBUG block.SCMBlockDeletingService (SCMBlockDeletingService.java:call(138)) - Running DeletedBlockTransactionScanner
2019-08-30 23:40:46,448 [SCMBlockDeletingService#1] DEBUG block.SCMBlockDeletingService (SCMBlockDeletingService.java:call(155)) - Scanned deleted blocks log and got 0 delTX to process.
2019-08-30 23:40:46,453 [grpc-default-executor-1] INFO  client.GrpcClientProtocolClient (GrpcClientProtocolClient.java:onNext(255)) - client-D5BE96C883BA->c9f1298e-d840-49d8-aac3-de81602aa1d5: receive RaftClientReply:client-D5BE96C883BA->c9f1298e-d840-49d8-aac3-de81602aa1d5@group-E9810A644481, cid=4049, SUCCESS, logIndex=5561, commits[c9f1298e-d840-49d8-aac3-de81602aa1d5:c5564]
2019-08-30 23:40:46,453 [grpc-default-executor-1] INFO  client.GrpcClientProtocolClient (GrpcClientProtocolClient.java:onNext(255)) - client-D5BE96C883BA->c9f1298e-d840-49d8-aac3-de81602aa1d5: receive RaftClientReply:client-D5BE96C883BA->c9f1298e-d840-49d8-aac3-de81602aa1d5@group-E9810A644481, cid=4050, SUCCESS, logIndex=5562, commits[c9f1298e-d840-49d8-aac3-de81602aa1d5:c5564]
2019-08-30 23:40:46,453 [grpc-default-executor-1] INFO  client.GrpcClientProtocolClient (GrpcClientProtocolClient.java:onNext(255)) - client-D5BE96C883BA->c9f1298e-d840-49d8-aac3-de81602aa1d5: receive RaftClientReply:client-D5BE96C883BA->c9f1298e-d840-49d8-aac3-de81602aa1d5@group-E9810A644481, cid=4051, SUCCESS, logIndex=5563, commits[c9f1298e-d840-49d8-aac3-de81602aa1d5:c5565]
2019-08-30 23:40:46,454 [grpc-default-executor-1] INFO  client.GrpcClientProtocolClient (GrpcClientProtocolClient.java:onNext(255)) - client-D5BE96C883BA->c9f1298e-d840-49d8-aac3-de81602aa1d5: receive RaftClientReply:client-D5BE96C883BA->c9f1298e-d840-49d8-aac3-de81602aa1d5@group-E9810A644481, cid=4052, SUCCESS, logIndex=5564, commits[c9f1298e-d840-49d8-aac3-de81602aa1d5:c5565]
2019-08-30 23:40:46,465 [grpc-default-executor-1] INFO  client.GrpcClientProtocolClient (GrpcClientProtocolClient.java:onNext(255)) - client-D5BE96C883BA->c9f1298e-d840-49d8-aac3-de81602aa1d5: receive RaftClientReply:client-D5BE96C883BA->c9f1298e-d840-49d8-aac3-de81602aa1d5@group-E9810A644481, cid=4053, SUCCESS, logIndex=5566, commits[c9f1298e-d840-49d8-aac3-de81602aa1d5:c5569]
2019-08-30 23:40:46,466 [grpc-default-executor-1] INFO  client.GrpcClientProtocolClient (GrpcClientProtocolClient.java:onNext(255)) - client-D5BE96C883BA->c9f1298e-d840-49d8-aac3-de81602aa1d5: receive RaftClientReply:client-D5BE96C883BA->c9f1298e-d840-49d8-aac3-de81602aa1d5@group-E9810A644481, cid=4054, SUCCESS, logIndex=5567, commits[c9f1298e-d840-49d8-aac3-de81602aa1d5:c5570]
2019-08-30 23:40:46,466 [grpc-default-executor-0] INFO  client.GrpcClientProtocolClient (GrpcClientProtocolClient.java:onNext(255)) - client-D5BE96C883BA->c9f1298e-d840-49d8-aac3-de81602aa1d5: receive RaftClientReply:client-D5BE96C883BA->c9f1298e-d840-49d8-aac3-de81602aa1d5@group-E9810A644481, cid=4055, SUCCESS, logIndex=5568, commits[c9f1298e-d840-49d8-aac3-de81602aa1d5:c5570]
2019-08-30 23:40:46,466 [grpc-default-executor-0] INFO  client.GrpcClientProtocolClient (GrpcClientProtocolClient.java:onNext(255)) - client-D5BE96C883BA->c9f1298e-d840-49d8-aac3-de81602aa1d5: receive RaftClientReply:client-D5BE96C883BA->c9f1298e-d840-49d8-aac3-de81602aa1d5@group-E9810A644481, cid=4056, SUCCESS, logIndex=5569, commits[c9f1298e-d840-49d8-aac3-de81602aa1d5:c5570]
2019-08-30 23:40:46,507 [grpc-default-executor-1] INFO  client.GrpcClientProtocolClient (GrpcClientProtocolClient.java:onNext(255)) - client-D5BE96C883BA->c9f1298e-d840-49d8-aac3-de81602aa1d5: receive RaftClientReply:client-D5BE96C883BA->c9f1298e-d840-49d8-aac3-de81602aa1d5@group-E9810A644481, cid=4057, SUCCESS, logIndex=5571, commits[c9f1298e-d840-49d8-aac3-de81602aa1d5:c5572]
2019-08-30 23:40:46,507 [grpc-default-executor-1] INFO  client.GrpcClientProtocolClient (GrpcClientProtocolClient.java:onNext(255)) - client-D5BE96C883BA->c9f1298e-d840-49d8-aac3-de81602aa1d5: receive RaftClientReply:client-D5BE96C883BA->c9f1298e-d840-49d8-aac3-de81602aa1d5@group-E9810A644481, cid=4058, SUCCESS, logIndex=5572, commits[c9f1298e-d840-49d8-aac3-de81602aa1d5:c5572]
2019-08-30 23:40:46,517 [grpc-default-executor-1] INFO  client.GrpcClientProtocolClient (GrpcClientProtocolClient.java:onNext(255)) - client-D5BE96C883BA->c9f1298e-d840-49d8-aac3-de81602aa1d5: receive RaftClientReply:client-D5BE96C883BA->c9f1298e-d840-49d8-aac3-de81602aa1d5@group-E9810A644481, cid=4059, SUCCESS, logIndex=5573, commits[c9f1298e-d840-49d8-aac3-de81602aa1d5:c5574]
2019-08-30 23:40:46,517 [grpc-default-executor-1] INFO  client.GrpcClientProtocolClient (GrpcClientProtocolClient.java:onNext(255)) - client-D5BE96C883BA->c9f1298e-d840-49d8-aac3-de81602aa1d5: receive RaftClientReply:client-D5BE96C883BA->c9f1298e-d840-49d8-aac3-de81602aa1d5@group-E9810A644481, cid=4060, SUCCESS, logIndex=5574, commits[c9f1298e-d840-49d8-aac3-de81602aa1d5:c5574]
2019-08-30 23:40:46,536 [grpc-default-executor-1] INFO  client.GrpcClientProtocolClient (GrpcClientProtocolClient.java:onNext(255)) - client-D5BE96C883BA->c9f1298e-d840-49d8-aac3-de81602aa1d5: receive RaftClientReply:client-D5BE96C883BA->c9f1298e-d840-49d8-aac3-de81602aa1d5@group-E9810A644481, cid=4061, SUCCESS, logIndex=5577, commits[c9f1298e-d840-49d8-aac3-de81602aa1d5:c5580]
2019-08-30 23:40:46,536 [grpc-default-executor-1] INFO  client.GrpcClientProtocolClient (GrpcClientProtocolClient.java:onNext(255)) - client-D5BE96C883BA->c9f1298e-d840-49d8-aac3-de81602aa1d5: receive RaftClientReply:client-D5BE96C883BA->c9f1298e-d840-49d8-aac3-de81602aa1d5@group-E9810A644481, cid=4062, SUCCESS, logIndex=5578, commits[c9f1298e-d840-49d8-aac3-de81602aa1d5:c5580]
2019-08-30 23:40:46,537 [grpc-default-executor-1] INFO  client.GrpcClientProtocolClient (GrpcClientProtocolClient.java:onNext(255)) - client-D5BE96C883BA->c9f1298e-d840-49d8-aac3-de81602aa1d5: receive RaftClientReply:client-D5BE96C883BA->c9f1298e-d840-49d8-aac3-de81602aa1d5@group-E9810A644481, cid=4063, SUCCESS, logIndex=5579, commits[c9f1298e-d840-49d8-aac3-de81602aa1d5:c5580]
2019-08-30 23:40:46,537 [grpc-default-executor-1] INFO  client.GrpcClientProtocolClient (GrpcClientProtocolClient.java:onNext(255)) - client-D5BE96C883BA->c9f1298e-d840-49d8-aac3-de81602aa1d5: receive RaftClientReply:client-D5BE96C883BA->c9f1298e-d840-49d8-aac3-de81602aa1d5@group-E9810A644481, cid=4064, SUCCESS, logIndex=5580, commits[c9f1298e-d840-49d8-aac3-de81602aa1d5:c5580]
2019-08-30 23:40:46,548 [SCMBlockDeletingService#0] DEBUG block.SCMBlockDeletingService (SCMBlockDeletingService.java:call(138)) - Running DeletedBlockTransactionScanner
2019-08-30 23:40:46,548 [SCMBlockDeletingService#0] DEBUG block.SCMBlockDeletingService (SCMBlockDeletingService.java:call(155)) - Scanned deleted blocks log and got 0 delTX to process.
2019-08-30 23:40:46,631 [grpc-default-executor-0] INFO  client.GrpcClientProtocolClient (GrpcClientProtocolClient.java:onNext(255)) - client-D5BE96C883BA->c9f1298e-d840-49d8-aac3-de81602aa1d5: receive RaftClientReply:client-D5BE96C883BA->c9f1298e-d840-49d8-aac3-de81602aa1d5@group-E9810A644481, cid=4065, SUCCESS, logIndex=5582, commits[c9f1298e-d840-49d8-aac3-de81602aa1d5:c5583]
2019-08-30 23:40:46,632 [grpc-default-executor-0] INFO  client.GrpcClientProtocolClient (GrpcClientProtocolClient.java:onNext(255)) - client-D5BE96C883BA->c9f1298e-d840-49d8-aac3-de81602aa1d5: receive RaftClientReply:client-D5BE96C883BA->c9f1298e-d840-49d8-aac3-de81602aa1d5@group-E9810A644481, cid=4066, SUCCESS, logIndex=5583, commits[c9f1298e-d840-49d8-aac3-de81602aa1d5:c5583]
2019-08-30 23:40:46,648 [SCMBlockDeletingService#0] DEBUG block.SCMBlockDeletingService (SCMBlockDeletingService.java:call(138)) - Running DeletedBlockTransactionScanner
2019-08-30 23:40:46,649 [SCMBlockDeletingService#0] DEBUG block.SCMBlockDeletingService (SCMBlockDeletingService.java:call(155)) - Scanned deleted blocks log and got 0 delTX to process.
2019-08-30 23:40:46,749 [SCMBlockDeletingService#0] DEBUG block.SCMBlockDeletingService (SCMBlockDeletingService.java:call(138)) - Running DeletedBlockTransactionScanner
2019-08-30 23:40:46,749 [SCMBlockDeletingService#0] DEBUG block.SCMBlockDeletingService (SCMBlockDeletingService.java:call(155)) - Scanned deleted blocks log and got 0 delTX to process.
2019-08-30 23:40:46,768 [grpc-default-executor-1] INFO  client.GrpcClientProtocolClient (GrpcClientProtocolClient.java:onNext(255)) - client-D5BE96C883BA->c9f1298e-d840-49d8-aac3-de81602aa1d5: receive RaftClientReply:client-D5BE96C883BA->c9f1298e-d840-49d8-aac3-de81602aa1d5@group-E9810A644481, cid=4067, SUCCESS, logIndex=5585, commits[c9f1298e-d840-49d8-aac3-de81602aa1d5:c5586]
2019-08-30 23:40:46,768 [grpc-default-executor-1] INFO  client.GrpcClientProtocolClient (GrpcClientProtocolClient.java:onNext(255)) - client-D5BE96C883BA->c9f1298e-d840-49d8-aac3-de81602aa1d5: receive RaftClientReply:client-D5BE96C883BA->c9f1298e-d840-49d8-aac3-de81602aa1d5@group-E9810A644481, cid=4068, SUCCESS, logIndex=5586, commits[c9f1298e-d840-49d8-aac3-de81602aa1d5:c5586]
2019-08-30 23:40:46,789 [grpc-default-executor-0] INFO  client.GrpcClientProtocolClient (GrpcClientProtocolClient.java:onNext(255)) - client-D5BE96C883BA->c9f1298e-d840-49d8-aac3-de81602aa1d5: receive RaftClientReply:client-D5BE96C883BA->c9f1298e-d840-49d8-aac3-de81602aa1d5@group-E9810A644481, cid=4069, SUCCESS, logIndex=5588, commits[c9f1298e-d840-49d8-aac3-de81602aa1d5:c5591]
2019-08-30 23:40:46,790 [grpc-default-executor-0] INFO  client.GrpcClientProtocolClient (GrpcClientProtocolClient.java:onNext(255)) - client-D5BE96C883BA->c9f1298e-d840-49d8-aac3-de81602aa1d5: receive RaftClientReply:client-D5BE96C883BA->c9f1298e-d840-49d8-aac3-de81602aa1d5@group-E9810A644481, cid=4070, SUCCESS, logIndex=5589, commits[c9f1298e-d840-49d8-aac3-de81602aa1d5:c5591]
2019-08-30 23:40:46,790 [grpc-default-executor-0] INFO  client.GrpcClientProtocolClient (GrpcClientProtocolClient.java:onNext(255)) - client-D5BE96C883BA->c9f1298e-d840-49d8-aac3-de81602aa1d5: receive RaftClientReply:client-D5BE96C883BA->c9f1298e-d840-49d8-aac3-de81602aa1d5@group-E9810A644481, cid=4071, SUCCESS, logIndex=5590, commits[c9f1298e-d840-49d8-aac3-de81602aa1d5:c5591]
2019-08-30 23:40:46,790 [grpc-default-executor-0] INFO  client.GrpcClientProtocolClient (GrpcClientProtocolClient.java:onNext(255)) - client-D5BE96C883BA->c9f1298e-d840-49d8-aac3-de81602aa1d5: receive RaftClientReply:client-D5BE96C883BA->c9f1298e-d840-49d8-aac3-de81602aa1d5@group-E9810A644481, cid=4072, SUCCESS, logIndex=5591, commits[c9f1298e-d840-49d8-aac3-de81602aa1d5:c5591]
2019-08-30 23:40:46,827 [grpc-default-executor-0] INFO  client.GrpcClientProtocolClient (GrpcClientProtocolClient.java:onNext(255)) - client-D5BE96C883BA->c9f1298e-d840-49d8-aac3-de81602aa1d5: receive RaftClientReply:client-D5BE96C883BA->c9f1298e-d840-49d8-aac3-de81602aa1d5@group-E9810A644481, cid=4073, SUCCESS, logIndex=5593, commits[c9f1298e-d840-49d8-aac3-de81602aa1d5:c5594]
2019-08-30 23:40:46,828 [grpc-default-executor-0] INFO  client.GrpcClientProtocolClient (GrpcClientProtocolClient.java:onNext(255)) - client-D5BE96C883BA->c9f1298e-d840-49d8-aac3-de81602aa1d5: receive RaftClientReply:client-D5BE96C883BA->c9f1298e-d840-49d8-aac3-de81602aa1d5@group-E9810A644481, cid=4074, SUCCESS, logIndex=5594, commits[c9f1298e-d840-49d8-aac3-de81602aa1d5:c5594]
2019-08-30 23:40:46,834 [grpc-default-executor-0] INFO  client.GrpcClientProtocolClient (GrpcClientProtocolClient.java:onNext(255)) - client-D5BE96C883BA->c9f1298e-d840-49d8-aac3-de81602aa1d5: receive RaftClientReply:client-D5BE96C883BA->c9f1298e-d840-49d8-aac3-de81602aa1d5@group-E9810A644481, cid=4075, SUCCESS, logIndex=5595, commits[c9f1298e-d840-49d8-aac3-de81602aa1d5:c5596]
2019-08-30 23:40:46,835 [grpc-default-executor-0] INFO  client.GrpcClientProtocolClient (GrpcClientProtocolClient.java:onNext(255)) - client-D5BE96C883BA->c9f1298e-d840-49d8-aac3-de81602aa1d5: receive RaftClientReply:client-D5BE96C883BA->c9f1298e-d840-49d8-aac3-de81602aa1d5@group-E9810A644481, cid=4076, SUCCESS, logIndex=5596, commits[c9f1298e-d840-49d8-aac3-de81602aa1d5:c5596]
2019-08-30 23:40:46,850 [SCMBlockDeletingService#0] DEBUG block.SCMBlockDeletingService (SCMBlockDeletingService.java:call(138)) - Running DeletedBlockTransactionScanner
2019-08-30 23:40:46,850 [grpc-default-executor-1] INFO  client.GrpcClientProtocolClient (GrpcClientProtocolClient.java:onNext(255)) - client-D5BE96C883BA->c9f1298e-d840-49d8-aac3-de81602aa1d5: receive RaftClientReply:client-D5BE96C883BA->c9f1298e-d840-49d8-aac3-de81602aa1d5@group-E9810A644481, cid=4077, SUCCESS, logIndex=5599, commits[c9f1298e-d840-49d8-aac3-de81602aa1d5:c5602]
2019-08-30 23:40:46,850 [SCMBlockDeletingService#0] DEBUG block.SCMBlockDeletingService (SCMBlockDeletingService.java:call(155)) - Scanned deleted blocks log and got 0 delTX to process.
2019-08-30 23:40:46,850 [grpc-default-executor-1] INFO  client.GrpcClientProtocolClient (GrpcClientProtocolClient.java:onNext(255)) - client-D5BE96C883BA->c9f1298e-d840-49d8-aac3-de81602aa1d5: receive RaftClientReply:client-D5BE96C883BA->c9f1298e-d840-49d8-aac3-de81602aa1d5@group-E9810A644481, cid=4078, SUCCESS, logIndex=5600, commits[c9f1298e-d840-49d8-aac3-de81602aa1d5:c5602]
2019-08-30 23:40:46,851 [grpc-default-executor-1] INFO  client.GrpcClientProtocolClient (GrpcClientProtocolClient.java:onNext(255)) - client-D5BE96C883BA->c9f1298e-d840-49d8-aac3-de81602aa1d5: receive RaftClientReply:client-D5BE96C883BA->c9f1298e-d840-49d8-aac3-de81602aa1d5@group-E9810A644481, cid=4079, SUCCESS, logIndex=5601, commits[c9f1298e-d840-49d8-aac3-de81602aa1d5:c5602]
2019-08-30 23:40:46,851 [grpc-default-executor-1] INFO  client.GrpcClientProtocolClient (GrpcClientProtocolClient.java:onNext(255)) - client-D5BE96C883BA->c9f1298e-d840-49d8-aac3-de81602aa1d5: receive RaftClientReply:client-D5BE96C883BA->c9f1298e-d840-49d8-aac3-de81602aa1d5@group-E9810A644481, cid=4080, SUCCESS, logIndex=5602, commits[c9f1298e-d840-49d8-aac3-de81602aa1d5:c5602]
2019-08-30 23:40:46,888 [grpc-default-executor-1] INFO  client.GrpcClientProtocolClient (GrpcClientProtocolClient.java:onNext(255)) - client-D5BE96C883BA->c9f1298e-d840-49d8-aac3-de81602aa1d5: receive RaftClientReply:client-D5BE96C883BA->c9f1298e-d840-49d8-aac3-de81602aa1d5@group-E9810A644481, cid=4081, SUCCESS, logIndex=5604, commits[c9f1298e-d840-49d8-aac3-de81602aa1d5:c5605]
2019-08-30 23:40:46,889 [grpc-default-executor-1] INFO  client.GrpcClientProtocolClient (GrpcClientProtocolClient.java:onNext(255)) - client-D5BE96C883BA->c9f1298e-d840-49d8-aac3-de81602aa1d5: receive RaftClientReply:client-D5BE96C883BA->c9f1298e-d840-49d8-aac3-de81602aa1d5@group-E9810A644481, cid=4082, SUCCESS, logIndex=5605, commits[c9f1298e-d840-49d8-aac3-de81602aa1d5:c5605]
2019-08-30 23:40:46,894 [grpc-default-executor-1] INFO  client.GrpcClientProtocolClient (GrpcClientProtocolClient.java:onNext(255)) - client-D5BE96C883BA->c9f1298e-d840-49d8-aac3-de81602aa1d5: receive RaftClientReply:client-D5BE96C883BA->c9f1298e-d840-49d8-aac3-de81602aa1d5@group-E9810A644481, cid=4083, SUCCESS, logIndex=5606, commits[c9f1298e-d840-49d8-aac3-de81602aa1d5:c5607]
2019-08-30 23:40:46,895 [grpc-default-executor-1] INFO  client.GrpcClientProtocolClient (GrpcClientProtocolClient.java:onNext(255)) - client-D5BE96C883BA->c9f1298e-d840-49d8-aac3-de81602aa1d5: receive RaftClientReply:client-D5BE96C883BA->c9f1298e-d840-49d8-aac3-de81602aa1d5@group-E9810A644481, cid=4084, SUCCESS, logIndex=5607, commits[c9f1298e-d840-49d8-aac3-de81602aa1d5:c5607]
2019-08-30 23:40:46,916 [grpc-default-executor-0] INFO  client.GrpcClientProtocolClient (GrpcClientProtocolClient.java:onNext(255)) - client-D5BE96C883BA->c9f1298e-d840-49d8-aac3-de81602aa1d5: receive RaftClientReply:client-D5BE96C883BA->c9f1298e-d840-49d8-aac3-de81602aa1d5@group-E9810A644481, cid=4085, SUCCESS, logIndex=5610, commits[c9f1298e-d840-49d8-aac3-de81602aa1d5:c5613]
2019-08-30 23:40:46,916 [grpc-default-executor-0] INFO  client.GrpcClientProtocolClient (GrpcClientProtocolClient.java:onNext(255)) - client-D5BE96C883BA->c9f1298e-d840-49d8-aac3-de81602aa1d5: receive RaftClientReply:client-D5BE96C883BA->c9f1298e-d840-49d8-aac3-de81602aa1d5@group-E9810A644481, cid=4086, SUCCESS, logIndex=5611, commits[c9f1298e-d840-49d8-aac3-de81602aa1d5:c5613]
2019-08-30 23:40:46,917 [grpc-default-executor-0] INFO  client.GrpcClientProtocolClient (GrpcClientProtocolClient.java:onNext(255)) - client-D5BE96C883BA->c9f1298e-d840-49d8-aac3-de81602aa1d5: receive RaftClientReply:client-D5BE96C883BA->c9f1298e-d840-49d8-aac3-de81602aa1d5@group-E9810A644481, cid=4087, SUCCESS, logIndex=5612, commits[c9f1298e-d840-49d8-aac3-de81602aa1d5:c5613]
2019-08-30 23:40:46,917 [grpc-default-executor-0] INFO  client.GrpcClientProtocolClient (GrpcClientProtocolClient.java:onNext(255)) - client-D5BE96C883BA->c9f1298e-d840-49d8-aac3-de81602aa1d5: receive RaftClientReply:client-D5BE96C883BA->c9f1298e-d840-49d8-aac3-de81602aa1d5@group-E9810A644481, cid=4088, SUCCESS, logIndex=5613, commits[c9f1298e-d840-49d8-aac3-de81602aa1d5:c5613]
2019-08-30 23:40:46,941 [grpc-default-executor-1] INFO  client.GrpcClientProtocolClient (GrpcClientProtocolClient.java:onNext(255)) - client-D5BE96C883BA->c9f1298e-d840-49d8-aac3-de81602aa1d5: receive RaftClientReply:client-D5BE96C883BA->c9f1298e-d840-49d8-aac3-de81602aa1d5@group-E9810A644481, cid=4089, SUCCESS, logIndex=5615, commits[c9f1298e-d840-49d8-aac3-de81602aa1d5:c5616]
2019-08-30 23:40:46,942 [grpc-default-executor-1] INFO  client.GrpcClientProtocolClient (GrpcClientProtocolClient.java:onNext(255)) - client-D5BE96C883BA->c9f1298e-d840-49d8-aac3-de81602aa1d5: receive RaftClientReply:client-D5BE96C883BA->c9f1298e-d840-49d8-aac3-de81602aa1d5@group-E9810A644481, cid=4090, SUCCESS, logIndex=5616, commits[c9f1298e-d840-49d8-aac3-de81602aa1d5:c5616]
2019-08-30 23:40:46,949 [grpc-default-executor-1] INFO  client.GrpcClientProtocolClient (GrpcClientProtocolClient.java:onNext(255)) - client-D5BE96C883BA->c9f1298e-d840-49d8-aac3-de81602aa1d5: receive RaftClientReply:client-D5BE96C883BA->c9f1298e-d840-49d8-aac3-de81602aa1d5@group-E9810A644481, cid=4091, SUCCESS, logIndex=5617, commits[c9f1298e-d840-49d8-aac3-de81602aa1d5:c5619]
2019-08-30 23:40:46,949 [grpc-default-executor-1] INFO  client.GrpcClientProtocolClient (GrpcClientProtocolClient.java:onNext(255)) - client-D5BE96C883BA->c9f1298e-d840-49d8-aac3-de81602aa1d5: receive RaftClientReply:client-D5BE96C883BA->c9f1298e-d840-49d8-aac3-de81602aa1d5@group-E9810A644481, cid=4092, SUCCESS, logIndex=5619, commits[c9f1298e-d840-49d8-aac3-de81602aa1d5:c5619]
2019-08-30 23:40:46,950 [SCMBlockDeletingService#1] DEBUG block.SCMBlockDeletingService (SCMBlockDeletingService.java:call(138)) - Running DeletedBlockTransactionScanner
2019-08-30 23:40:46,951 [SCMBlockDeletingService#1] DEBUG block.SCMBlockDeletingService (SCMBlockDeletingService.java:call(155)) - Scanned deleted blocks log and got 0 delTX to process.
2019-08-30 23:40:46,967 [grpc-default-executor-0] INFO  client.GrpcClientProtocolClient (GrpcClientProtocolClient.java:onNext(255)) - client-D5BE96C883BA->c9f1298e-d840-49d8-aac3-de81602aa1d5: receive RaftClientReply:client-D5BE96C883BA->c9f1298e-d840-49d8-aac3-de81602aa1d5@group-E9810A644481, cid=4093, SUCCESS, logIndex=5621, commits[c9f1298e-d840-49d8-aac3-de81602aa1d5:c5622]
2019-08-30 23:40:46,967 [grpc-default-executor-0] INFO  client.GrpcClientProtocolClient (GrpcClientProtocolClient.java:onNext(255)) - client-D5BE96C883BA->c9f1298e-d840-49d8-aac3-de81602aa1d5: receive RaftClientReply:client-D5BE96C883BA->c9f1298e-d840-49d8-aac3-de81602aa1d5@group-E9810A644481, cid=4094, SUCCESS, logIndex=5622, commits[c9f1298e-d840-49d8-aac3-de81602aa1d5:c5624]
2019-08-30 23:40:46,967 [grpc-default-executor-0] INFO  client.GrpcClientProtocolClient (GrpcClientProtocolClient.java:onNext(255)) - client-D5BE96C883BA->c9f1298e-d840-49d8-aac3-de81602aa1d5: receive RaftClientReply:client-D5BE96C883BA->c9f1298e-d840-49d8-aac3-de81602aa1d5@group-E9810A644481, cid=4095, SUCCESS, logIndex=5623, commits[c9f1298e-d840-49d8-aac3-de81602aa1d5:c5624]
2019-08-30 23:40:46,968 [grpc-default-executor-0] INFO  client.GrpcClientProtocolClient (GrpcClientProtocolClient.java:onNext(255)) - client-D5BE96C883BA->c9f1298e-d840-49d8-aac3-de81602aa1d5: receive RaftClientReply:client-D5BE96C883BA->c9f1298e-d840-49d8-aac3-de81602aa1d5@group-E9810A644481, cid=4096, SUCCESS, logIndex=5624, commits[c9f1298e-d840-49d8-aac3-de81602aa1d5:c5624]
2019-08-30 23:40:47,025 [grpc-default-executor-1] INFO  client.GrpcClientProtocolClient (GrpcClientProtocolClient.java:onNext(255)) - client-D5BE96C883BA->c9f1298e-d840-49d8-aac3-de81602aa1d5: receive RaftClientReply:client-D5BE96C883BA->c9f1298e-d840-49d8-aac3-de81602aa1d5@group-E9810A644481, cid=4097, SUCCESS, logIndex=5627, commits[c9f1298e-d840-49d8-aac3-de81602aa1d5:c5630]
2019-08-30 23:40:47,025 [grpc-default-executor-1] INFO  client.GrpcClientProtocolClient (GrpcClientProtocolClient.java:onNext(255)) - client-D5BE96C883BA->c9f1298e-d840-49d8-aac3-de81602aa1d5: receive RaftClientReply:client-D5BE96C883BA->c9f1298e-d840-49d8-aac3-de81602aa1d5@group-E9810A644481, cid=4098, SUCCESS, logIndex=5628, commits[c9f1298e-d840-49d8-aac3-de81602aa1d5:c5630]
2019-08-30 23:40:47,025 [grpc-default-executor-1] INFO  client.GrpcClientProtocolClient (GrpcClientProtocolClient.java:onNext(255)) - client-D5BE96C883BA->c9f1298e-d840-49d8-aac3-de81602aa1d5: receive RaftClientReply:client-D5BE96C883BA->c9f1298e-d840-49d8-aac3-de81602aa1d5@group-E9810A644481, cid=4099, SUCCESS, logIndex=5629, commits[c9f1298e-d840-49d8-aac3-de81602aa1d5:c5630]
2019-08-30 23:40:47,026 [grpc-default-executor-1] INFO  client.GrpcClientProtocolClient (GrpcClientProtocolClient.java:onNext(255)) - client-D5BE96C883BA->c9f1298e-d840-49d8-aac3-de81602aa1d5: receive RaftClientReply:client-D5BE96C883BA->c9f1298e-d840-49d8-aac3-de81602aa1d5@group-E9810A644481, cid=4100, SUCCESS, logIndex=5630, commits[c9f1298e-d840-49d8-aac3-de81602aa1d5:c5630]
2019-08-30 23:40:47,051 [SCMBlockDeletingService#1] DEBUG block.SCMBlockDeletingService (SCMBlockDeletingService.java:call(138)) - Running DeletedBlockTransactionScanner
2019-08-30 23:40:47,051 [SCMBlockDeletingService#1] DEBUG block.SCMBlockDeletingService (SCMBlockDeletingService.java:call(155)) - Scanned deleted blocks log and got 0 delTX to process.
2019-08-30 23:40:47,053 [grpc-default-executor-0] INFO  client.GrpcClientProtocolClient (GrpcClientProtocolClient.java:onNext(255)) - client-D5BE96C883BA->c9f1298e-d840-49d8-aac3-de81602aa1d5: receive RaftClientReply:client-D5BE96C883BA->c9f1298e-d840-49d8-aac3-de81602aa1d5@group-E9810A644481, cid=4101, SUCCESS, logIndex=5632, commits[c9f1298e-d840-49d8-aac3-de81602aa1d5:c5633]
2019-08-30 23:40:47,053 [grpc-default-executor-0] INFO  client.GrpcClientProtocolClient (GrpcClientProtocolClient.java:onNext(255)) - client-D5BE96C883BA->c9f1298e-d840-49d8-aac3-de81602aa1d5: receive RaftClientReply:client-D5BE96C883BA->c9f1298e-d840-49d8-aac3-de81602aa1d5@group-E9810A644481, cid=4102, SUCCESS, logIndex=5633, commits[c9f1298e-d840-49d8-aac3-de81602aa1d5:c5633]
2019-08-30 23:40:47,071 [grpc-default-executor-0] INFO  client.GrpcClientProtocolClient (GrpcClientProtocolClient.java:onNext(255)) - client-D5BE96C883BA->c9f1298e-d840-49d8-aac3-de81602aa1d5: receive RaftClientReply:client-D5BE96C883BA->c9f1298e-d840-49d8-aac3-de81602aa1d5@group-E9810A644481, cid=4103, SUCCESS, logIndex=5634, commits[c9f1298e-d840-49d8-aac3-de81602aa1d5:c5635]
2019-08-30 23:40:47,071 [grpc-default-executor-0] INFO  client.GrpcClientProtocolClient (GrpcClientProtocolClient.java:onNext(255)) - client-D5BE96C883BA->c9f1298e-d840-49d8-aac3-de81602aa1d5: receive RaftClientReply:client-D5BE96C883BA->c9f1298e-d840-49d8-aac3-de81602aa1d5@group-E9810A644481, cid=4104, SUCCESS, logIndex=5635, commits[c9f1298e-d840-49d8-aac3-de81602aa1d5:c5635]
2019-08-30 23:40:47,102 [grpc-default-executor-1] INFO  client.GrpcClientProtocolClient (GrpcClientProtocolClient.java:onNext(255)) - client-D5BE96C883BA->c9f1298e-d840-49d8-aac3-de81602aa1d5: receive RaftClientReply:client-D5BE96C883BA->c9f1298e-d840-49d8-aac3-de81602aa1d5@group-E9810A644481, cid=4105, SUCCESS, logIndex=5638, commits[c9f1298e-d840-49d8-aac3-de81602aa1d5:c5641]
2019-08-30 23:40:47,103 [grpc-default-executor-1] INFO  client.GrpcClientProtocolClient (GrpcClientProtocolClient.java:onNext(255)) - client-D5BE96C883BA->c9f1298e-d840-49d8-aac3-de81602aa1d5: receive RaftClientReply:client-D5BE96C883BA->c9f1298e-d840-49d8-aac3-de81602aa1d5@group-E9810A644481, cid=4106, SUCCESS, logIndex=5639, commits[c9f1298e-d840-49d8-aac3-de81602aa1d5:c5641]
2019-08-30 23:40:47,103 [grpc-default-executor-1] INFO  client.GrpcClientProtocolClient (GrpcClientProtocolClient.java:onNext(255)) - client-D5BE96C883BA->c9f1298e-d840-49d8-aac3-de81602aa1d5: receive RaftClientReply:client-D5BE96C883BA->c9f1298e-d840-49d8-aac3-de81602aa1d5@group-E9810A644481, cid=4107, SUCCESS, logIndex=5640, commits[c9f1298e-d840-49d8-aac3-de81602aa1d5:c5641]
2019-08-30 23:40:47,103 [grpc-default-executor-1] INFO  client.GrpcClientProtocolClient (GrpcClientProtocolClient.java:onNext(255)) - client-D5BE96C883BA->c9f1298e-d840-49d8-aac3-de81602aa1d5: receive RaftClientReply:client-D5BE96C883BA->c9f1298e-d840-49d8-aac3-de81602aa1d5@group-E9810A644481, cid=4108, SUCCESS, logIndex=5641, commits[c9f1298e-d840-49d8-aac3-de81602aa1d5:c5641]
2019-08-30 23:40:47,116 [grpc-default-executor-0] INFO  client.GrpcClientProtocolClient (GrpcClientProtocolClient.java:onNext(255)) - client-D5BE96C883BA->c9f1298e-d840-49d8-aac3-de81602aa1d5: receive RaftClientReply:client-D5BE96C883BA->c9f1298e-d840-49d8-aac3-de81602aa1d5@group-E9810A644481, cid=4109, SUCCESS, logIndex=5643, commits[c9f1298e-d840-49d8-aac3-de81602aa1d5:c5644]
2019-08-30 23:40:47,117 [grpc-default-executor-0] INFO  client.GrpcClientProtocolClient (GrpcClientProtocolClient.java:onNext(255)) - client-D5BE96C883BA->c9f1298e-d840-49d8-aac3-de81602aa1d5: receive RaftClientReply:client-D5BE96C883BA->c9f1298e-d840-49d8-aac3-de81602aa1d5@group-E9810A644481, cid=4110, SUCCESS, logIndex=5644, commits[c9f1298e-d840-49d8-aac3-de81602aa1d5:c5644]
2019-08-30 23:40:47,151 [SCMBlockDeletingService#1] DEBUG block.SCMBlockDeletingService (SCMBlockDeletingService.java:call(138)) - Running DeletedBlockTransactionScanner
2019-08-30 23:40:47,152 [SCMBlockDeletingService#1] DEBUG block.SCMBlockDeletingService (SCMBlockDeletingService.java:call(155)) - Scanned deleted blocks log and got 0 delTX to process.
2019-08-30 23:40:47,215 [grpc-default-executor-1] INFO  client.GrpcClientProtocolClient (GrpcClientProtocolClient.java:onNext(255)) - client-D5BE96C883BA->c9f1298e-d840-49d8-aac3-de81602aa1d5: receive RaftClientReply:client-D5BE96C883BA->c9f1298e-d840-49d8-aac3-de81602aa1d5@group-E9810A644481, cid=4111, SUCCESS, logIndex=5646, commits[c9f1298e-d840-49d8-aac3-de81602aa1d5:c5647]
2019-08-30 23:40:47,216 [grpc-default-executor-1] INFO  client.GrpcClientProtocolClient (GrpcClientProtocolClient.java:onNext(255)) - client-D5BE96C883BA->c9f1298e-d840-49d8-aac3-de81602aa1d5: receive RaftClientReply:client-D5BE96C883BA->c9f1298e-d840-49d8-aac3-de81602aa1d5@group-E9810A644481, cid=4112, SUCCESS, logIndex=5647, commits[c9f1298e-d840-49d8-aac3-de81602aa1d5:c5647]
2019-08-30 23:40:47,239 [grpc-default-executor-0] INFO  client.GrpcClientProtocolClient (GrpcClientProtocolClient.java:onNext(255)) - client-D5BE96C883BA->c9f1298e-d840-49d8-aac3-de81602aa1d5: receive RaftClientReply:client-D5BE96C883BA->c9f1298e-d840-49d8-aac3-de81602aa1d5@group-E9810A644481, cid=4113, SUCCESS, logIndex=5649, commits[c9f1298e-d840-49d8-aac3-de81602aa1d5:c5650]
2019-08-30 23:40:47,239 [grpc-default-executor-0] INFO  client.GrpcClientProtocolClient (GrpcClientProtocolClient.java:onNext(255)) - client-D5BE96C883BA->c9f1298e-d840-49d8-aac3-de81602aa1d5: receive RaftClientReply:client-D5BE96C883BA->c9f1298e-d840-49d8-aac3-de81602aa1d5@group-E9810A644481, cid=4114, SUCCESS, logIndex=5650, commits[c9f1298e-d840-49d8-aac3-de81602aa1d5:c5650]
2019-08-30 23:40:47,242 [grpc-default-executor-0] INFO  client.GrpcClientProtocolClient (GrpcClientProtocolClient.java:onNext(255)) - client-D5BE96C883BA->c9f1298e-d840-49d8-aac3-de81602aa1d5: receive RaftClientReply:client-D5BE96C883BA->c9f1298e-d840-49d8-aac3-de81602aa1d5@group-E9810A644481, cid=4115, SUCCESS, logIndex=5651, commits[c9f1298e-d840-49d8-aac3-de81602aa1d5:c5652]
2019-08-30 23:40:47,243 [grpc-default-executor-0] INFO  client.GrpcClientProtocolClient (GrpcClientProtocolClient.java:onNext(255)) - client-D5BE96C883BA->c9f1298e-d840-49d8-aac3-de81602aa1d5: receive RaftClientReply:client-D5BE96C883BA->c9f1298e-d840-49d8-aac3-de81602aa1d5@group-E9810A644481, cid=4116, SUCCESS, logIndex=5652, commits[c9f1298e-d840-49d8-aac3-de81602aa1d5:c5652]
2019-08-30 23:40:47,252 [SCMBlockDeletingService#1] DEBUG block.SCMBlockDeletingService (SCMBlockDeletingService.java:call(138)) - Running DeletedBlockTransactionScanner
2019-08-30 23:40:47,252 [SCMBlockDeletingService#1] DEBUG block.SCMBlockDeletingService (SCMBlockDeletingService.java:call(155)) - Scanned deleted blocks log and got 0 delTX to process.
2019-08-30 23:40:47,256 [grpc-default-executor-0] INFO  client.GrpcClientProtocolClient (GrpcClientProtocolClient.java:onNext(255)) - client-D5BE96C883BA->c9f1298e-d840-49d8-aac3-de81602aa1d5: receive RaftClientReply:client-D5BE96C883BA->c9f1298e-d840-49d8-aac3-de81602aa1d5@group-E9810A644481, cid=4117, SUCCESS, logIndex=5655, commits[c9f1298e-d840-49d8-aac3-de81602aa1d5:c5656]
2019-08-30 23:40:47,256 [grpc-default-executor-0] INFO  client.GrpcClientProtocolClient (GrpcClientProtocolClient.java:onNext(255)) - client-D5BE96C883BA->c9f1298e-d840-49d8-aac3-de81602aa1d5: receive RaftClientReply:client-D5BE96C883BA->c9f1298e-d840-49d8-aac3-de81602aa1d5@group-E9810A644481, cid=4118, SUCCESS, logIndex=5656, commits[c9f1298e-d840-49d8-aac3-de81602aa1d5:c5656]
2019-08-30 23:40:47,266 [grpc-default-executor-0] INFO  client.GrpcClientProtocolClient (GrpcClientProtocolClient.java:onNext(255)) - client-D5BE96C883BA->c9f1298e-d840-49d8-aac3-de81602aa1d5: receive RaftClientReply:client-D5BE96C883BA->c9f1298e-d840-49d8-aac3-de81602aa1d5@group-E9810A644481, cid=4119, SUCCESS, logIndex=5657, commits[c9f1298e-d840-49d8-aac3-de81602aa1d5:c5658]
2019-08-30 23:40:47,266 [grpc-default-executor-0] INFO  client.GrpcClientProtocolClient (GrpcClientProtocolClient.java:onNext(255)) - client-D5BE96C883BA->c9f1298e-d840-49d8-aac3-de81602aa1d5: receive RaftClientReply:client-D5BE96C883BA->c9f1298e-d840-49d8-aac3-de81602aa1d5@group-E9810A644481, cid=4120, SUCCESS, logIndex=5658, commits[c9f1298e-d840-49d8-aac3-de81602aa1d5:c5658]
2019-08-30 23:40:47,298 [grpc-default-executor-0] INFO  client.GrpcClientProtocolClient (GrpcClientProtocolClient.java:onNext(255)) - client-D5BE96C883BA->c9f1298e-d840-49d8-aac3-de81602aa1d5: receive RaftClientReply:client-D5BE96C883BA->c9f1298e-d840-49d8-aac3-de81602aa1d5@group-E9810A644481, cid=4121, SUCCESS, logIndex=5661, commits[c9f1298e-d840-49d8-aac3-de81602aa1d5:c5662]
2019-08-30 23:40:47,298 [grpc-default-executor-0] INFO  client.GrpcClientProtocolClient (GrpcClientProtocolClient.java:onNext(255)) - client-D5BE96C883BA->c9f1298e-d840-49d8-aac3-de81602aa1d5: receive RaftClientReply:client-D5BE96C883BA->c9f1298e-d840-49d8-aac3-de81602aa1d5@group-E9810A644481, cid=4122, SUCCESS, logIndex=5662, commits[c9f1298e-d840-49d8-aac3-de81602aa1d5:c5662]
2019-08-30 23:40:47,316 [grpc-default-executor-0] INFO  client.GrpcClientProtocolClient (GrpcClientProtocolClient.java:onNext(255)) - client-D5BE96C883BA->c9f1298e-d840-49d8-aac3-de81602aa1d5: receive RaftClientReply:client-D5BE96C883BA->c9f1298e-d840-49d8-aac3-de81602aa1d5@group-E9810A644481, cid=4123, SUCCESS, logIndex=5663, commits[c9f1298e-d840-49d8-aac3-de81602aa1d5:c5664]
2019-08-30 23:40:47,317 [grpc-default-executor-0] INFO  client.GrpcClientProtocolClient (GrpcClientProtocolClient.java:onNext(255)) - client-D5BE96C883BA->c9f1298e-d840-49d8-aac3-de81602aa1d5: receive RaftClientReply:client-D5BE96C883BA->c9f1298e-d840-49d8-aac3-de81602aa1d5@group-E9810A644481, cid=4124, SUCCESS, logIndex=5664, commits[c9f1298e-d840-49d8-aac3-de81602aa1d5:c5664]
2019-08-30 23:40:47,342 [grpc-default-executor-1] INFO  client.GrpcClientProtocolClient (GrpcClientProtocolClient.java:onNext(255)) - client-D5BE96C883BA->c9f1298e-d840-49d8-aac3-de81602aa1d5: receive RaftClientReply:client-D5BE96C883BA->c9f1298e-d840-49d8-aac3-de81602aa1d5@group-E9810A644481, cid=4125, SUCCESS, logIndex=5667, commits[c9f1298e-d840-49d8-aac3-de81602aa1d5:c5670]
2019-08-30 23:40:47,342 [grpc-default-executor-1] INFO  client.GrpcClientProtocolClient (GrpcClientProtocolClient.java:onNext(255)) - client-D5BE96C883BA->c9f1298e-d840-49d8-aac3-de81602aa1d5: receive RaftClientReply:client-D5BE96C883BA->c9f1298e-d840-49d8-aac3-de81602aa1d5@group-E9810A644481, cid=4126, SUCCESS, logIndex=5668, commits[c9f1298e-d840-49d8-aac3-de81602aa1d5:c5670]
2019-08-30 23:40:47,342 [grpc-default-executor-1] INFO  client.GrpcClientProtocolClient (GrpcClientProtocolClient.java:onNext(255)) - client-D5BE96C883BA->c9f1298e-d840-49d8-aac3-de81602aa1d5: receive RaftClientReply:client-D5BE96C883BA->c9f1298e-d840-49d8-aac3-de81602aa1d5@group-E9810A644481, cid=4127, SUCCESS, logIndex=5669, commits[c9f1298e-d840-49d8-aac3-de81602aa1d5:c5670]
2019-08-30 23:40:47,343 [grpc-default-executor-1] INFO  client.GrpcClientProtocolClient (GrpcClientProtocolClient.java:onNext(255)) - client-D5BE96C883BA->c9f1298e-d840-49d8-aac3-de81602aa1d5: receive RaftClientReply:client-D5BE96C883BA->c9f1298e-d840-49d8-aac3-de81602aa1d5@group-E9810A644481, cid=4128, SUCCESS, logIndex=5670, commits[c9f1298e-d840-49d8-aac3-de81602aa1d5:c5670]
2019-08-30 23:40:47,352 [SCMBlockDeletingService#1] DEBUG block.SCMBlockDeletingService (SCMBlockDeletingService.java:call(138)) - Running DeletedBlockTransactionScanner
2019-08-30 23:40:47,353 [SCMBlockDeletingService#1] DEBUG block.SCMBlockDeletingService (SCMBlockDeletingService.java:call(155)) - Scanned deleted blocks log and got 0 delTX to process.
2019-08-30 23:40:47,370 [grpc-default-executor-0] INFO  client.GrpcClientProtocolClient (GrpcClientProtocolClient.java:onNext(255)) - client-D5BE96C883BA->c9f1298e-d840-49d8-aac3-de81602aa1d5: receive RaftClientReply:client-D5BE96C883BA->c9f1298e-d840-49d8-aac3-de81602aa1d5@group-E9810A644481, cid=4129, SUCCESS, logIndex=5672, commits[c9f1298e-d840-49d8-aac3-de81602aa1d5:c5675]
2019-08-30 23:40:47,370 [grpc-default-executor-0] INFO  client.GrpcClientProtocolClient (GrpcClientProtocolClient.java:onNext(255)) - client-D5BE96C883BA->c9f1298e-d840-49d8-aac3-de81602aa1d5: receive RaftClientReply:client-D5BE96C883BA->c9f1298e-d840-49d8-aac3-de81602aa1d5@group-E9810A644481, cid=4130, SUCCESS, logIndex=5673, commits[c9f1298e-d840-49d8-aac3-de81602aa1d5:c5675]
2019-08-30 23:40:47,370 [grpc-default-executor-0] INFO  client.GrpcClientProtocolClient (GrpcClientProtocolClient.java:onNext(255)) - client-D5BE96C883BA->c9f1298e-d840-49d8-aac3-de81602aa1d5: receive RaftClientReply:client-D5BE96C883BA->c9f1298e-d840-49d8-aac3-de81602aa1d5@group-E9810A644481, cid=4131, SUCCESS, logIndex=5674, commits[c9f1298e-d840-49d8-aac3-de81602aa1d5:c5675]
2019-08-30 23:40:47,371 [grpc-default-executor-0] INFO  client.GrpcClientProtocolClient (GrpcClientProtocolClient.java:onNext(255)) - client-D5BE96C883BA->c9f1298e-d840-49d8-aac3-de81602aa1d5: receive RaftClientReply:client-D5BE96C883BA->c9f1298e-d840-49d8-aac3-de81602aa1d5@group-E9810A644481, cid=4132, SUCCESS, logIndex=5675, commits[c9f1298e-d840-49d8-aac3-de81602aa1d5:c5675]
2019-08-30 23:40:47,399 [grpc-default-executor-1] INFO  client.GrpcClientProtocolClient (GrpcClientProtocolClient.java:onNext(255)) - client-D5BE96C883BA->c9f1298e-d840-49d8-aac3-de81602aa1d5: receive RaftClientReply:client-D5BE96C883BA->c9f1298e-d840-49d8-aac3-de81602aa1d5@group-E9810A644481, cid=4133, SUCCESS, logIndex=5677, commits[c9f1298e-d840-49d8-aac3-de81602aa1d5:c5678]
2019-08-30 23:40:47,399 [grpc-default-executor-1] INFO  client.GrpcClientProtocolClient (GrpcClientProtocolClient.java:onNext(255)) - client-D5BE96C883BA->c9f1298e-d840-49d8-aac3-de81602aa1d5: receive RaftClientReply:client-D5BE96C883BA->c9f1298e-d840-49d8-aac3-de81602aa1d5@group-E9810A644481, cid=4134, SUCCESS, logIndex=5678, commits[c9f1298e-d840-49d8-aac3-de81602aa1d5:c5678]
2019-08-30 23:40:47,407 [grpc-default-executor-1] INFO  client.GrpcClientProtocolClient (GrpcClientProtocolClient.java:onNext(255)) - client-D5BE96C883BA->c9f1298e-d840-49d8-aac3-de81602aa1d5: receive RaftClientReply:client-D5BE96C883BA->c9f1298e-d840-49d8-aac3-de81602aa1d5@group-E9810A644481, cid=4135, SUCCESS, logIndex=5679, commits[c9f1298e-d840-49d8-aac3-de81602aa1d5:c5680]
2019-08-30 23:40:47,407 [grpc-default-executor-1] INFO  client.GrpcClientProtocolClient (GrpcClientProtocolClient.java:onNext(255)) - client-D5BE96C883BA->c9f1298e-d840-49d8-aac3-de81602aa1d5: receive RaftClientReply:client-D5BE96C883BA->c9f1298e-d840-49d8-aac3-de81602aa1d5@group-E9810A644481, cid=4136, SUCCESS, logIndex=5680, commits[c9f1298e-d840-49d8-aac3-de81602aa1d5:c5680]
2019-08-30 23:40:47,443 [grpc-default-executor-0] INFO  client.GrpcClientProtocolClient (GrpcClientProtocolClient.java:onNext(255)) - client-D5BE96C883BA->c9f1298e-d840-49d8-aac3-de81602aa1d5: receive RaftClientReply:client-D5BE96C883BA->c9f1298e-d840-49d8-aac3-de81602aa1d5@group-E9810A644481, cid=4137, SUCCESS, logIndex=5683, commits[c9f1298e-d840-49d8-aac3-de81602aa1d5:c5684]
2019-08-30 23:40:47,444 [grpc-default-executor-0] INFO  client.GrpcClientProtocolClient (GrpcClientProtocolClient.java:onNext(255)) - client-D5BE96C883BA->c9f1298e-d840-49d8-aac3-de81602aa1d5: receive RaftClientReply:client-D5BE96C883BA->c9f1298e-d840-49d8-aac3-de81602aa1d5@group-E9810A644481, cid=4138, SUCCESS, logIndex=5684, commits[c9f1298e-d840-49d8-aac3-de81602aa1d5:c5684]
2019-08-30 23:40:47,444 [grpc-default-executor-0] INFO  client.GrpcClientProtocolClient (GrpcClientProtocolClient.java:onNext(255)) - client-D5BE96C883BA->c9f1298e-d840-49d8-aac3-de81602aa1d5: receive RaftClientReply:client-D5BE96C883BA->c9f1298e-d840-49d8-aac3-de81602aa1d5@group-E9810A644481, cid=4139, SUCCESS, logIndex=5685, commits[c9f1298e-d840-49d8-aac3-de81602aa1d5:c5686]
2019-08-30 23:40:47,444 [grpc-default-executor-0] INFO  client.GrpcClientProtocolClient (GrpcClientProtocolClient.java:onNext(255)) - client-D5BE96C883BA->c9f1298e-d840-49d8-aac3-de81602aa1d5: receive RaftClientReply:client-D5BE96C883BA->c9f1298e-d840-49d8-aac3-de81602aa1d5@group-E9810A644481, cid=4140, SUCCESS, logIndex=5686, commits[c9f1298e-d840-49d8-aac3-de81602aa1d5:c5686]
2019-08-30 23:40:47,453 [SCMBlockDeletingService#1] DEBUG block.SCMBlockDeletingService (SCMBlockDeletingService.java:call(138)) - Running DeletedBlockTransactionScanner
2019-08-30 23:40:47,453 [SCMBlockDeletingService#1] DEBUG block.SCMBlockDeletingService (SCMBlockDeletingService.java:call(155)) - Scanned deleted blocks log and got 0 delTX to process.
2019-08-30 23:40:47,467 [grpc-default-executor-1] INFO  client.GrpcClientProtocolClient (GrpcClientProtocolClient.java:onNext(255)) - client-D5BE96C883BA->c9f1298e-d840-49d8-aac3-de81602aa1d5: receive RaftClientReply:client-D5BE96C883BA->c9f1298e-d840-49d8-aac3-de81602aa1d5@group-E9810A644481, cid=4141, SUCCESS, logIndex=5689, commits[c9f1298e-d840-49d8-aac3-de81602aa1d5:c5692]
2019-08-30 23:40:47,468 [grpc-default-executor-1] INFO  client.GrpcClientProtocolClient (GrpcClientProtocolClient.java:onNext(255)) - client-D5BE96C883BA->c9f1298e-d840-49d8-aac3-de81602aa1d5: receive RaftClientReply:client-D5BE96C883BA->c9f1298e-d840-49d8-aac3-de81602aa1d5@group-E9810A644481, cid=4142, SUCCESS, logIndex=5690, commits[c9f1298e-d840-49d8-aac3-de81602aa1d5:c5692]
2019-08-30 23:40:47,468 [grpc-default-executor-1] INFO  client.GrpcClientProtocolClient (GrpcClientProtocolClient.java:onNext(255)) - client-D5BE96C883BA->c9f1298e-d840-49d8-aac3-de81602aa1d5: receive RaftClientReply:client-D5BE96C883BA->c9f1298e-d840-49d8-aac3-de81602aa1d5@group-E9810A644481, cid=4143, SUCCESS, logIndex=5691, commits[c9f1298e-d840-49d8-aac3-de81602aa1d5:c5692]
2019-08-30 23:40:47,468 [grpc-default-executor-1] INFO  client.GrpcClientProtocolClient (GrpcClientProtocolClient.java:onNext(255)) - client-D5BE96C883BA->c9f1298e-d840-49d8-aac3-de81602aa1d5: receive RaftClientReply:client-D5BE96C883BA->c9f1298e-d840-49d8-aac3-de81602aa1d5@group-E9810A644481, cid=4144, SUCCESS, logIndex=5692, commits[c9f1298e-d840-49d8-aac3-de81602aa1d5:c5692]
2019-08-30 23:40:47,512 [grpc-default-executor-0] INFO  client.GrpcClientProtocolClient (GrpcClientProtocolClient.java:onNext(255)) - client-D5BE96C883BA->c9f1298e-d840-49d8-aac3-de81602aa1d5: receive RaftClientReply:client-D5BE96C883BA->c9f1298e-d840-49d8-aac3-de81602aa1d5@group-E9810A644481, cid=4145, SUCCESS, logIndex=5694, commits[c9f1298e-d840-49d8-aac3-de81602aa1d5:c5695]
2019-08-30 23:40:47,513 [grpc-default-executor-0] INFO  client.GrpcClientProtocolClient (GrpcClientProtocolClient.java:onNext(255)) - client-D5BE96C883BA->c9f1298e-d840-49d8-aac3-de81602aa1d5: receive RaftClientReply:client-D5BE96C883BA->c9f1298e-d840-49d8-aac3-de81602aa1d5@group-E9810A644481, cid=4146, SUCCESS, logIndex=5695, commits[c9f1298e-d840-49d8-aac3-de81602aa1d5:c5695]
2019-08-30 23:40:47,513 [grpc-default-executor-0] INFO  client.GrpcClientProtocolClient (GrpcClientProtocolClient.java:onNext(255)) - client-D5BE96C883BA->c9f1298e-d840-49d8-aac3-de81602aa1d5: receive RaftClientReply:client-D5BE96C883BA->c9f1298e-d840-49d8-aac3-de81602aa1d5@group-E9810A644481, cid=4147, SUCCESS, logIndex=5696, commits[c9f1298e-d840-49d8-aac3-de81602aa1d5:c5697]
2019-08-30 23:40:47,513 [grpc-default-executor-0] INFO  client.GrpcClientProtocolClient (GrpcClientProtocolClient.java:onNext(255)) - client-D5BE96C883BA->c9f1298e-d840-49d8-aac3-de81602aa1d5: receive RaftClientReply:client-D5BE96C883BA->c9f1298e-d840-49d8-aac3-de81602aa1d5@group-E9810A644481, cid=4148, SUCCESS, logIndex=5697, commits[c9f1298e-d840-49d8-aac3-de81602aa1d5:c5697]
2019-08-30 23:40:47,527 [grpc-default-executor-0] INFO  client.GrpcClientProtocolClient (GrpcClientProtocolClient.java:onNext(255)) - client-D5BE96C883BA->c9f1298e-d840-49d8-aac3-de81602aa1d5: receive RaftClientReply:client-D5BE96C883BA->c9f1298e-d840-49d8-aac3-de81602aa1d5@group-E9810A644481, cid=4149, SUCCESS, logIndex=5700, commits[c9f1298e-d840-49d8-aac3-de81602aa1d5:c5703]
2019-08-30 23:40:47,528 [grpc-default-executor-0] INFO  client.GrpcClientProtocolClient (GrpcClientProtocolClient.java:onNext(255)) - client-D5BE96C883BA->c9f1298e-d840-49d8-aac3-de81602aa1d5: receive RaftClientReply:client-D5BE96C883BA->c9f1298e-d840-49d8-aac3-de81602aa1d5@group-E9810A644481, cid=4150, SUCCESS, logIndex=5701, commits[c9f1298e-d840-49d8-aac3-de81602aa1d5:c5703]
2019-08-30 23:40:47,528 [grpc-default-executor-0] INFO  client.GrpcClientProtocolClient (GrpcClientProtocolClient.java:onNext(255)) - client-D5BE96C883BA->c9f1298e-d840-49d8-aac3-de81602aa1d5: receive RaftClientReply:client-D5BE96C883BA->c9f1298e-d840-49d8-aac3-de81602aa1d5@group-E9810A644481, cid=4151, SUCCESS, logIndex=5702, commits[c9f1298e-d840-49d8-aac3-de81602aa1d5:c5703]
2019-08-30 23:40:47,528 [grpc-default-executor-0] INFO  client.GrpcClientProtocolClient (GrpcClientProtocolClient.java:onNext(255)) - client-D5BE96C883BA->c9f1298e-d840-49d8-aac3-de81602aa1d5: receive RaftClientReply:client-D5BE96C883BA->c9f1298e-d840-49d8-aac3-de81602aa1d5@group-E9810A644481, cid=4152, SUCCESS, logIndex=5703, commits[c9f1298e-d840-49d8-aac3-de81602aa1d5:c5703]
2019-08-30 23:40:47,601 [SCMBlockDeletingService#1] DEBUG block.SCMBlockDeletingService (SCMBlockDeletingService.java:call(138)) - Running DeletedBlockTransactionScanner
2019-08-30 23:40:47,601 [SCMBlockDeletingService#1] DEBUG block.SCMBlockDeletingService (SCMBlockDeletingService.java:call(155)) - Scanned deleted blocks log and got 0 delTX to process.
2019-08-30 23:40:47,613 [grpc-default-executor-0] INFO  client.GrpcClientProtocolClient (GrpcClientProtocolClient.java:onNext(255)) - client-D5BE96C883BA->c9f1298e-d840-49d8-aac3-de81602aa1d5: receive RaftClientReply:client-D5BE96C883BA->c9f1298e-d840-49d8-aac3-de81602aa1d5@group-E9810A644481, cid=4153, SUCCESS, logIndex=5705, commits[c9f1298e-d840-49d8-aac3-de81602aa1d5:c5706]
2019-08-30 23:40:47,613 [grpc-default-executor-0] INFO  client.GrpcClientProtocolClient (GrpcClientProtocolClient.java:onNext(255)) - client-D5BE96C883BA->c9f1298e-d840-49d8-aac3-de81602aa1d5: receive RaftClientReply:client-D5BE96C883BA->c9f1298e-d840-49d8-aac3-de81602aa1d5@group-E9810A644481, cid=4154, SUCCESS, logIndex=5706, commits[c9f1298e-d840-49d8-aac3-de81602aa1d5:c5706]
2019-08-30 23:40:47,699 [grpc-default-executor-1] INFO  client.GrpcClientProtocolClient (GrpcClientProtocolClient.java:onNext(255)) - client-D5BE96C883BA->c9f1298e-d840-49d8-aac3-de81602aa1d5: receive RaftClientReply:client-D5BE96C883BA->c9f1298e-d840-49d8-aac3-de81602aa1d5@group-E9810A644481, cid=4155, SUCCESS, logIndex=5708, commits[c9f1298e-d840-49d8-aac3-de81602aa1d5:c5709]
2019-08-30 23:40:47,699 [grpc-default-executor-1] INFO  client.GrpcClientProtocolClient (GrpcClientProtocolClient.java:onNext(255)) - client-D5BE96C883BA->c9f1298e-d840-49d8-aac3-de81602aa1d5: receive RaftClientReply:client-D5BE96C883BA->c9f1298e-d840-49d8-aac3-de81602aa1d5@group-E9810A644481, cid=4156, SUCCESS, logIndex=5709, commits[c9f1298e-d840-49d8-aac3-de81602aa1d5:c5709]
2019-08-30 23:40:47,702 [SCMBlockDeletingService#1] DEBUG block.SCMBlockDeletingService (SCMBlockDeletingService.java:call(138)) - Running DeletedBlockTransactionScanner
2019-08-30 23:40:47,702 [SCMBlockDeletingService#1] DEBUG block.SCMBlockDeletingService (SCMBlockDeletingService.java:call(155)) - Scanned deleted blocks log and got 0 delTX to process.
2019-08-30 23:40:47,721 [grpc-default-executor-0] INFO  client.GrpcClientProtocolClient (GrpcClientProtocolClient.java:onNext(255)) - client-D5BE96C883BA->c9f1298e-d840-49d8-aac3-de81602aa1d5: receive RaftClientReply:client-D5BE96C883BA->c9f1298e-d840-49d8-aac3-de81602aa1d5@group-E9810A644481, cid=4157, SUCCESS, logIndex=5711, commits[c9f1298e-d840-49d8-aac3-de81602aa1d5:c5714]
2019-08-30 23:40:47,722 [grpc-default-executor-0] INFO  client.GrpcClientProtocolClient (GrpcClientProtocolClient.java:onNext(255)) - client-D5BE96C883BA->c9f1298e-d840-49d8-aac3-de81602aa1d5: receive RaftClientReply:client-D5BE96C883BA->c9f1298e-d840-49d8-aac3-de81602aa1d5@group-E9810A644481, cid=4158, SUCCESS, logIndex=5712, commits[c9f1298e-d840-49d8-aac3-de81602aa1d5:c5714]
2019-08-30 23:40:47,722 [grpc-default-executor-0] INFO  client.GrpcClientProtocolClient (GrpcClientProtocolClient.java:onNext(255)) - client-D5BE96C883BA->c9f1298e-d840-49d8-aac3-de81602aa1d5: receive RaftClientReply:client-D5BE96C883BA->c9f1298e-d840-49d8-aac3-de81602aa1d5@group-E9810A644481, cid=4159, SUCCESS, logIndex=5713, commits[c9f1298e-d840-49d8-aac3-de81602aa1d5:c5715]
2019-08-30 23:40:47,722 [grpc-default-executor-0] INFO  client.GrpcClientProtocolClient (GrpcClientProtocolClient.java:onNext(255)) - client-D5BE96C883BA->c9f1298e-d840-49d8-aac3-de81602aa1d5: receive RaftClientReply:client-D5BE96C883BA->c9f1298e-d840-49d8-aac3-de81602aa1d5@group-E9810A644481, cid=4160, SUCCESS, logIndex=5714, commits[c9f1298e-d840-49d8-aac3-de81602aa1d5:c5715]
2019-08-30 23:40:47,750 [grpc-default-executor-1] INFO  client.GrpcClientProtocolClient (GrpcClientProtocolClient.java:onNext(255)) - client-D5BE96C883BA->c9f1298e-d840-49d8-aac3-de81602aa1d5: receive RaftClientReply:client-D5BE96C883BA->c9f1298e-d840-49d8-aac3-de81602aa1d5@group-E9810A644481, cid=4161, SUCCESS, logIndex=5716, commits[c9f1298e-d840-49d8-aac3-de81602aa1d5:c5717]
2019-08-30 23:40:47,751 [grpc-default-executor-1] INFO  client.GrpcClientProtocolClient (GrpcClientProtocolClient.java:onNext(255)) - client-D5BE96C883BA->c9f1298e-d840-49d8-aac3-de81602aa1d5: receive RaftClientReply:client-D5BE96C883BA->c9f1298e-d840-49d8-aac3-de81602aa1d5@group-E9810A644481, cid=4162, SUCCESS, logIndex=5717, commits[c9f1298e-d840-49d8-aac3-de81602aa1d5:c5719]
2019-08-30 23:40:47,751 [grpc-default-executor-1] INFO  client.GrpcClientProtocolClient (GrpcClientProtocolClient.java:onNext(255)) - client-D5BE96C883BA->c9f1298e-d840-49d8-aac3-de81602aa1d5: receive RaftClientReply:client-D5BE96C883BA->c9f1298e-d840-49d8-aac3-de81602aa1d5@group-E9810A644481, cid=4163, SUCCESS, logIndex=5718, commits[c9f1298e-d840-49d8-aac3-de81602aa1d5:c5719]
2019-08-30 23:40:47,751 [grpc-default-executor-1] INFO  client.GrpcClientProtocolClient (GrpcClientProtocolClient.java:onNext(255)) - client-D5BE96C883BA->c9f1298e-d840-49d8-aac3-de81602aa1d5: receive RaftClientReply:client-D5BE96C883BA->c9f1298e-d840-49d8-aac3-de81602aa1d5@group-E9810A644481, cid=4164, SUCCESS, logIndex=5719, commits[c9f1298e-d840-49d8-aac3-de81602aa1d5:c5720]
2019-08-30 23:40:47,770 [grpc-default-executor-1] INFO  client.GrpcClientProtocolClient (GrpcClientProtocolClient.java:onNext(255)) - client-D5BE96C883BA->c9f1298e-d840-49d8-aac3-de81602aa1d5: receive RaftClientReply:client-D5BE96C883BA->c9f1298e-d840-49d8-aac3-de81602aa1d5@group-E9810A644481, cid=4165, SUCCESS, logIndex=5722, commits[c9f1298e-d840-49d8-aac3-de81602aa1d5:c5725]
2019-08-30 23:40:47,771 [grpc-default-executor-1] INFO  client.GrpcClientProtocolClient (GrpcClientProtocolClient.java:onNext(255)) - client-D5BE96C883BA->c9f1298e-d840-49d8-aac3-de81602aa1d5: receive RaftClientReply:client-D5BE96C883BA->c9f1298e-d840-49d8-aac3-de81602aa1d5@group-E9810A644481, cid=4166, SUCCESS, logIndex=5723, commits[c9f1298e-d840-49d8-aac3-de81602aa1d5:c5726]
2019-08-30 23:40:47,771 [grpc-default-executor-1] INFO  client.GrpcClientProtocolClient (GrpcClientProtocolClient.java:onNext(255)) - client-D5BE96C883BA->c9f1298e-d840-49d8-aac3-de81602aa1d5: receive RaftClientReply:client-D5BE96C883BA->c9f1298e-d840-49d8-aac3-de81602aa1d5@group-E9810A644481, cid=4167, SUCCESS, logIndex=5724, commits[c9f1298e-d840-49d8-aac3-de81602aa1d5:c5726]
2019-08-30 23:40:47,771 [grpc-default-executor-1] INFO  client.GrpcClientProtocolClient (GrpcClientProtocolClient.java:onNext(255)) - client-D5BE96C883BA->c9f1298e-d840-49d8-aac3-de81602aa1d5: receive RaftClientReply:client-D5BE96C883BA->c9f1298e-d840-49d8-aac3-de81602aa1d5@group-E9810A644481, cid=4168, SUCCESS, logIndex=5725, commits[c9f1298e-d840-49d8-aac3-de81602aa1d5:c5726]
2019-08-30 23:40:47,799 [grpc-default-executor-0] INFO  client.GrpcClientProtocolClient (GrpcClientProtocolClient.java:onNext(255)) - client-D5BE96C883BA->c9f1298e-d840-49d8-aac3-de81602aa1d5: receive RaftClientReply:client-D5BE96C883BA->c9f1298e-d840-49d8-aac3-de81602aa1d5@group-E9810A644481, cid=4169, SUCCESS, logIndex=5727, commits[c9f1298e-d840-49d8-aac3-de81602aa1d5:c5728]
2019-08-30 23:40:47,799 [grpc-default-executor-0] INFO  client.GrpcClientProtocolClient (GrpcClientProtocolClient.java:onNext(255)) - client-D5BE96C883BA->c9f1298e-d840-49d8-aac3-de81602aa1d5: receive RaftClientReply:client-D5BE96C883BA->c9f1298e-d840-49d8-aac3-de81602aa1d5@group-E9810A644481, cid=4170, SUCCESS, logIndex=5728, commits[c9f1298e-d840-49d8-aac3-de81602aa1d5:c5728]
2019-08-30 23:40:47,800 [grpc-default-executor-0] INFO  client.GrpcClientProtocolClient (GrpcClientProtocolClient.java:onNext(255)) - client-D5BE96C883BA->c9f1298e-d840-49d8-aac3-de81602aa1d5: receive RaftClientReply:client-D5BE96C883BA->c9f1298e-d840-49d8-aac3-de81602aa1d5@group-E9810A644481, cid=4171, SUCCESS, logIndex=5729, commits[c9f1298e-d840-49d8-aac3-de81602aa1d5:c5730]
2019-08-30 23:40:47,800 [grpc-default-executor-0] INFO  client.GrpcClientProtocolClient (GrpcClientProtocolClient.java:onNext(255)) - client-D5BE96C883BA->c9f1298e-d840-49d8-aac3-de81602aa1d5: receive RaftClientReply:client-D5BE96C883BA->c9f1298e-d840-49d8-aac3-de81602aa1d5@group-E9810A644481, cid=4172, SUCCESS, logIndex=5730, commits[c9f1298e-d840-49d8-aac3-de81602aa1d5:c5730]
2019-08-30 23:40:47,802 [SCMBlockDeletingService#1] DEBUG block.SCMBlockDeletingService (SCMBlockDeletingService.java:call(138)) - Running DeletedBlockTransactionScanner
2019-08-30 23:40:47,802 [SCMBlockDeletingService#1] DEBUG block.SCMBlockDeletingService (SCMBlockDeletingService.java:call(155)) - Scanned deleted blocks log and got 0 delTX to process.
2019-08-30 23:40:47,812 [grpc-default-executor-0] INFO  client.GrpcClientProtocolClient (GrpcClientProtocolClient.java:onNext(255)) - client-D5BE96C883BA->c9f1298e-d840-49d8-aac3-de81602aa1d5: receive RaftClientReply:client-D5BE96C883BA->c9f1298e-d840-49d8-aac3-de81602aa1d5@group-E9810A644481, cid=4173, SUCCESS, logIndex=5733, commits[c9f1298e-d840-49d8-aac3-de81602aa1d5:c5736]
2019-08-30 23:40:47,812 [grpc-default-executor-0] INFO  client.GrpcClientProtocolClient (GrpcClientProtocolClient.java:onNext(255)) - client-D5BE96C883BA->c9f1298e-d840-49d8-aac3-de81602aa1d5: receive RaftClientReply:client-D5BE96C883BA->c9f1298e-d840-49d8-aac3-de81602aa1d5@group-E9810A644481, cid=4174, SUCCESS, logIndex=5734, commits[c9f1298e-d840-49d8-aac3-de81602aa1d5:c5737]
2019-08-30 23:40:47,813 [grpc-default-executor-0] INFO  client.GrpcClientProtocolClient (GrpcClientProtocolClient.java:onNext(255)) - client-D5BE96C883BA->c9f1298e-d840-49d8-aac3-de81602aa1d5: receive RaftClientReply:client-D5BE96C883BA->c9f1298e-d840-49d8-aac3-de81602aa1d5@group-E9810A644481, cid=4175, SUCCESS, logIndex=5735, commits[c9f1298e-d840-49d8-aac3-de81602aa1d5:c5737]
2019-08-30 23:40:47,813 [grpc-default-executor-0] INFO  client.GrpcClientProtocolClient (GrpcClientProtocolClient.java:onNext(255)) - client-D5BE96C883BA->c9f1298e-d840-49d8-aac3-de81602aa1d5: receive RaftClientReply:client-D5BE96C883BA->c9f1298e-d840-49d8-aac3-de81602aa1d5@group-E9810A644481, cid=4176, SUCCESS, logIndex=5736, commits[c9f1298e-d840-49d8-aac3-de81602aa1d5:c5737]
2019-08-30 23:40:47,845 [grpc-default-executor-1] INFO  client.GrpcClientProtocolClient (GrpcClientProtocolClient.java:onNext(255)) - client-D5BE96C883BA->c9f1298e-d840-49d8-aac3-de81602aa1d5: receive RaftClientReply:client-D5BE96C883BA->c9f1298e-d840-49d8-aac3-de81602aa1d5@group-E9810A644481, cid=4177, SUCCESS, logIndex=5738, commits[c9f1298e-d840-49d8-aac3-de81602aa1d5:c5741]
2019-08-30 23:40:47,846 [grpc-default-executor-1] INFO  client.GrpcClientProtocolClient (GrpcClientProtocolClient.java:onNext(255)) - client-D5BE96C883BA->c9f1298e-d840-49d8-aac3-de81602aa1d5: receive RaftClientReply:client-D5BE96C883BA->c9f1298e-d840-49d8-aac3-de81602aa1d5@group-E9810A644481, cid=4178, SUCCESS, logIndex=5739, commits[c9f1298e-d840-49d8-aac3-de81602aa1d5:c5742]
2019-08-30 23:40:47,846 [grpc-default-executor-1] INFO  client.GrpcClientProtocolClient (GrpcClientProtocolClient.java:onNext(255)) - client-D5BE96C883BA->c9f1298e-d840-49d8-aac3-de81602aa1d5: receive RaftClientReply:client-D5BE96C883BA->c9f1298e-d840-49d8-aac3-de81602aa1d5@group-E9810A644481, cid=4179, SUCCESS, logIndex=5740, commits[c9f1298e-d840-49d8-aac3-de81602aa1d5:c5742]
2019-08-30 23:40:47,846 [grpc-default-executor-1] INFO  client.GrpcClientProtocolClient (GrpcClientProtocolClient.java:onNext(255)) - client-D5BE96C883BA->c9f1298e-d840-49d8-aac3-de81602aa1d5: receive RaftClientReply:client-D5BE96C883BA->c9f1298e-d840-49d8-aac3-de81602aa1d5@group-E9810A644481, cid=4180, SUCCESS, logIndex=5741, commits[c9f1298e-d840-49d8-aac3-de81602aa1d5:c5742]
2019-08-30 23:40:47,866 [grpc-default-executor-1] INFO  client.GrpcClientProtocolClient (GrpcClientProtocolClient.java:onNext(255)) - client-D5BE96C883BA->c9f1298e-d840-49d8-aac3-de81602aa1d5: receive RaftClientReply:client-D5BE96C883BA->c9f1298e-d840-49d8-aac3-de81602aa1d5@group-E9810A644481, cid=4181, SUCCESS, logIndex=5743, commits[c9f1298e-d840-49d8-aac3-de81602aa1d5:c5746]
2019-08-30 23:40:47,866 [grpc-default-executor-1] INFO  client.GrpcClientProtocolClient (GrpcClientProtocolClient.java:onNext(255)) - client-D5BE96C883BA->c9f1298e-d840-49d8-aac3-de81602aa1d5: receive RaftClientReply:client-D5BE96C883BA->c9f1298e-d840-49d8-aac3-de81602aa1d5@group-E9810A644481, cid=4182, SUCCESS, logIndex=5744, commits[c9f1298e-d840-49d8-aac3-de81602aa1d5:c5747]
2019-08-30 23:40:47,866 [grpc-default-executor-1] INFO  client.GrpcClientProtocolClient (GrpcClientProtocolClient.java:onNext(255)) - client-D5BE96C883BA->c9f1298e-d840-49d8-aac3-de81602aa1d5: receive RaftClientReply:client-D5BE96C883BA->c9f1298e-d840-49d8-aac3-de81602aa1d5@group-E9810A644481, cid=4183, SUCCESS, logIndex=5745, commits[c9f1298e-d840-49d8-aac3-de81602aa1d5:c5747]
2019-08-30 23:40:47,867 [grpc-default-executor-1] INFO  client.GrpcClientProtocolClient (GrpcClientProtocolClient.java:onNext(255)) - client-D5BE96C883BA->c9f1298e-d840-49d8-aac3-de81602aa1d5: receive RaftClientReply:client-D5BE96C883BA->c9f1298e-d840-49d8-aac3-de81602aa1d5@group-E9810A644481, cid=4184, SUCCESS, logIndex=5746, commits[c9f1298e-d840-49d8-aac3-de81602aa1d5:c5747]
2019-08-30 23:40:47,898 [grpc-default-executor-0] INFO  client.GrpcClientProtocolClient (GrpcClientProtocolClient.java:onNext(255)) - client-D5BE96C883BA->c9f1298e-d840-49d8-aac3-de81602aa1d5: receive RaftClientReply:client-D5BE96C883BA->c9f1298e-d840-49d8-aac3-de81602aa1d5@group-E9810A644481, cid=4185, SUCCESS, logIndex=5748, commits[c9f1298e-d840-49d8-aac3-de81602aa1d5:c5749]
2019-08-30 23:40:47,898 [grpc-default-executor-0] INFO  client.GrpcClientProtocolClient (GrpcClientProtocolClient.java:onNext(255)) - client-D5BE96C883BA->c9f1298e-d840-49d8-aac3-de81602aa1d5: receive RaftClientReply:client-D5BE96C883BA->c9f1298e-d840-49d8-aac3-de81602aa1d5@group-E9810A644481, cid=4186, SUCCESS, logIndex=5749, commits[c9f1298e-d840-49d8-aac3-de81602aa1d5:c5749]
2019-08-30 23:40:47,900 [grpc-default-executor-0] INFO  client.GrpcClientProtocolClient (GrpcClientProtocolClient.java:onNext(255)) - client-D5BE96C883BA->c9f1298e-d840-49d8-aac3-de81602aa1d5: receive RaftClientReply:client-D5BE96C883BA->c9f1298e-d840-49d8-aac3-de81602aa1d5@group-E9810A644481, cid=4187, SUCCESS, logIndex=5750, commits[c9f1298e-d840-49d8-aac3-de81602aa1d5:c5751]
2019-08-30 23:40:47,900 [grpc-default-executor-0] INFO  client.GrpcClientProtocolClient (GrpcClientProtocolClient.java:onNext(255)) - client-D5BE96C883BA->c9f1298e-d840-49d8-aac3-de81602aa1d5: receive RaftClientReply:client-D5BE96C883BA->c9f1298e-d840-49d8-aac3-de81602aa1d5@group-E9810A644481, cid=4188, SUCCESS, logIndex=5751, commits[c9f1298e-d840-49d8-aac3-de81602aa1d5:c5751]
2019-08-30 23:40:47,903 [SCMBlockDeletingService#1] DEBUG block.SCMBlockDeletingService (SCMBlockDeletingService.java:call(138)) - Running DeletedBlockTransactionScanner
2019-08-30 23:40:47,903 [SCMBlockDeletingService#1] DEBUG block.SCMBlockDeletingService (SCMBlockDeletingService.java:call(155)) - Scanned deleted blocks log and got 0 delTX to process.
2019-08-30 23:40:47,911 [grpc-default-executor-0] INFO  client.GrpcClientProtocolClient (GrpcClientProtocolClient.java:onNext(255)) - client-D5BE96C883BA->c9f1298e-d840-49d8-aac3-de81602aa1d5: receive RaftClientReply:client-D5BE96C883BA->c9f1298e-d840-49d8-aac3-de81602aa1d5@group-E9810A644481, cid=4189, SUCCESS, logIndex=5754, commits[c9f1298e-d840-49d8-aac3-de81602aa1d5:c5757]
2019-08-30 23:40:47,911 [grpc-default-executor-0] INFO  client.GrpcClientProtocolClient (GrpcClientProtocolClient.java:onNext(255)) - client-D5BE96C883BA->c9f1298e-d840-49d8-aac3-de81602aa1d5: receive RaftClientReply:client-D5BE96C883BA->c9f1298e-d840-49d8-aac3-de81602aa1d5@group-E9810A644481, cid=4190, SUCCESS, logIndex=5755, commits[c9f1298e-d840-49d8-aac3-de81602aa1d5:c5758]
2019-08-30 23:40:47,911 [grpc-default-executor-0] INFO  client.GrpcClientProtocolClient (GrpcClientProtocolClient.java:onNext(255)) - client-D5BE96C883BA->c9f1298e-d840-49d8-aac3-de81602aa1d5: receive RaftClientReply:client-D5BE96C883BA->c9f1298e-d840-49d8-aac3-de81602aa1d5@group-E9810A644481, cid=4191, SUCCESS, logIndex=5756, commits[c9f1298e-d840-49d8-aac3-de81602aa1d5:c5758]
2019-08-30 23:40:47,912 [grpc-default-executor-0] INFO  client.GrpcClientProtocolClient (GrpcClientProtocolClient.java:onNext(255)) - client-D5BE96C883BA->c9f1298e-d840-49d8-aac3-de81602aa1d5: receive RaftClientReply:client-D5BE96C883BA->c9f1298e-d840-49d8-aac3-de81602aa1d5@group-E9810A644481, cid=4192, SUCCESS, logIndex=5757, commits[c9f1298e-d840-49d8-aac3-de81602aa1d5:c5758]
2019-08-30 23:40:47,946 [grpc-default-executor-1] INFO  client.GrpcClientProtocolClient (GrpcClientProtocolClient.java:onNext(255)) - client-D5BE96C883BA->c9f1298e-d840-49d8-aac3-de81602aa1d5: receive RaftClientReply:client-D5BE96C883BA->c9f1298e-d840-49d8-aac3-de81602aa1d5@group-E9810A644481, cid=4193, SUCCESS, logIndex=5759, commits[c9f1298e-d840-49d8-aac3-de81602aa1d5:c5763]
2019-08-30 23:40:47,947 [grpc-default-executor-1] INFO  client.GrpcClientProtocolClient (GrpcClientProtocolClient.java:onNext(255)) - client-D5BE96C883BA->c9f1298e-d840-49d8-aac3-de81602aa1d5: receive RaftClientReply:client-D5BE96C883BA->c9f1298e-d840-49d8-aac3-de81602aa1d5@group-E9810A644481, cid=4194, SUCCESS, logIndex=5760, commits[c9f1298e-d840-49d8-aac3-de81602aa1d5:c5763]
2019-08-30 23:40:47,947 [grpc-default-executor-1] INFO  client.GrpcClientProtocolClient (GrpcClientProtocolClient.java:onNext(255)) - client-D5BE96C883BA->c9f1298e-d840-49d8-aac3-de81602aa1d5: receive RaftClientReply:client-D5BE96C883BA->c9f1298e-d840-49d8-aac3-de81602aa1d5@group-E9810A644481, cid=4195, SUCCESS, logIndex=5761, commits[c9f1298e-d840-49d8-aac3-de81602aa1d5:c5763]
2019-08-30 23:40:47,948 [grpc-default-executor-1] INFO  client.GrpcClientProtocolClient (GrpcClientProtocolClient.java:onNext(255)) - client-D5BE96C883BA->c9f1298e-d840-49d8-aac3-de81602aa1d5: receive RaftClientReply:client-D5BE96C883BA->c9f1298e-d840-49d8-aac3-de81602aa1d5@group-E9810A644481, cid=4196, SUCCESS, logIndex=5762, commits[c9f1298e-d840-49d8-aac3-de81602aa1d5:c5763]
2019-08-30 23:40:47,957 [grpc-default-executor-1] INFO  client.GrpcClientProtocolClient (GrpcClientProtocolClient.java:onNext(255)) - client-D5BE96C883BA->c9f1298e-d840-49d8-aac3-de81602aa1d5: receive RaftClientReply:client-D5BE96C883BA->c9f1298e-d840-49d8-aac3-de81602aa1d5@group-E9810A644481, cid=4197, SUCCESS, logIndex=5764, commits[c9f1298e-d840-49d8-aac3-de81602aa1d5:c5765]
2019-08-30 23:40:47,957 [grpc-default-executor-1] INFO  client.GrpcClientProtocolClient (GrpcClientProtocolClient.java:onNext(255)) - client-D5BE96C883BA->c9f1298e-d840-49d8-aac3-de81602aa1d5: receive RaftClientReply:client-D5BE96C883BA->c9f1298e-d840-49d8-aac3-de81602aa1d5@group-E9810A644481, cid=4198, SUCCESS, logIndex=5765, commits[c9f1298e-d840-49d8-aac3-de81602aa1d5:c5765]
2019-08-30 23:40:48,003 [SCMBlockDeletingService#1] DEBUG block.SCMBlockDeletingService (SCMBlockDeletingService.java:call(138)) - Running DeletedBlockTransactionScanner
2019-08-30 23:40:48,003 [SCMBlockDeletingService#1] DEBUG block.SCMBlockDeletingService (SCMBlockDeletingService.java:call(155)) - Scanned deleted blocks log and got 0 delTX to process.
2019-08-30 23:40:48,061 [grpc-default-executor-1] INFO  client.GrpcClientProtocolClient (GrpcClientProtocolClient.java:onNext(255)) - client-D5BE96C883BA->c9f1298e-d840-49d8-aac3-de81602aa1d5: receive RaftClientReply:client-D5BE96C883BA->c9f1298e-d840-49d8-aac3-de81602aa1d5@group-E9810A644481, cid=4199, SUCCESS, logIndex=5767, commits[c9f1298e-d840-49d8-aac3-de81602aa1d5:c5768]
2019-08-30 23:40:48,061 [grpc-default-executor-1] INFO  client.GrpcClientProtocolClient (GrpcClientProtocolClient.java:onNext(255)) - client-D5BE96C883BA->c9f1298e-d840-49d8-aac3-de81602aa1d5: receive RaftClientReply:client-D5BE96C883BA->c9f1298e-d840-49d8-aac3-de81602aa1d5@group-E9810A644481, cid=4200, SUCCESS, logIndex=5768, commits[c9f1298e-d840-49d8-aac3-de81602aa1d5:c5769]
2019-08-30 23:40:48,091 [grpc-default-executor-0] INFO  client.GrpcClientProtocolClient (GrpcClientProtocolClient.java:onNext(255)) - client-D5BE96C883BA->c9f1298e-d840-49d8-aac3-de81602aa1d5: receive RaftClientReply:client-D5BE96C883BA->c9f1298e-d840-49d8-aac3-de81602aa1d5@group-E9810A644481, cid=4201, SUCCESS, logIndex=5770, commits[c9f1298e-d840-49d8-aac3-de81602aa1d5:c5771]
2019-08-30 23:40:48,092 [grpc-default-executor-0] INFO  client.GrpcClientProtocolClient (GrpcClientProtocolClient.java:onNext(255)) - client-D5BE96C883BA->c9f1298e-d840-49d8-aac3-de81602aa1d5: receive RaftClientReply:client-D5BE96C883BA->c9f1298e-d840-49d8-aac3-de81602aa1d5@group-E9810A644481, cid=4202, SUCCESS, logIndex=5771, commits[c9f1298e-d840-49d8-aac3-de81602aa1d5:c5773]
2019-08-30 23:40:48,092 [grpc-default-executor-0] INFO  client.GrpcClientProtocolClient (GrpcClientProtocolClient.java:onNext(255)) - client-D5BE96C883BA->c9f1298e-d840-49d8-aac3-de81602aa1d5: receive RaftClientReply:client-D5BE96C883BA->c9f1298e-d840-49d8-aac3-de81602aa1d5@group-E9810A644481, cid=4203, SUCCESS, logIndex=5772, commits[c9f1298e-d840-49d8-aac3-de81602aa1d5:c5773]
2019-08-30 23:40:48,092 [grpc-default-executor-0] INFO  client.GrpcClientProtocolClient (GrpcClientProtocolClient.java:onNext(255)) - client-D5BE96C883BA->c9f1298e-d840-49d8-aac3-de81602aa1d5: receive RaftClientReply:client-D5BE96C883BA->c9f1298e-d840-49d8-aac3-de81602aa1d5@group-E9810A644481, cid=4204, SUCCESS, logIndex=5773, commits[c9f1298e-d840-49d8-aac3-de81602aa1d5:c5774]
2019-08-30 23:40:48,104 [SCMBlockDeletingService#1] DEBUG block.SCMBlockDeletingService (SCMBlockDeletingService.java:call(138)) - Running DeletedBlockTransactionScanner
2019-08-30 23:40:48,104 [SCMBlockDeletingService#1] DEBUG block.SCMBlockDeletingService (SCMBlockDeletingService.java:call(155)) - Scanned deleted blocks log and got 0 delTX to process.
2019-08-30 23:40:48,111 [grpc-default-executor-0] INFO  client.GrpcClientProtocolClient (GrpcClientProtocolClient.java:onNext(255)) - client-D5BE96C883BA->c9f1298e-d840-49d8-aac3-de81602aa1d5: receive RaftClientReply:client-D5BE96C883BA->c9f1298e-d840-49d8-aac3-de81602aa1d5@group-E9810A644481, cid=4205, SUCCESS, logIndex=5776, commits[c9f1298e-d840-49d8-aac3-de81602aa1d5:c5779]
2019-08-30 23:40:48,111 [grpc-default-executor-0] INFO  client.GrpcClientProtocolClient (GrpcClientProtocolClient.java:onNext(255)) - client-D5BE96C883BA->c9f1298e-d840-49d8-aac3-de81602aa1d5: receive RaftClientReply:client-D5BE96C883BA->c9f1298e-d840-49d8-aac3-de81602aa1d5@group-E9810A644481, cid=4206, SUCCESS, logIndex=5777, commits[c9f1298e-d840-49d8-aac3-de81602aa1d5:c5779]
2019-08-30 23:40:48,112 [grpc-default-executor-0] INFO  client.GrpcClientProtocolClient (GrpcClientProtocolClient.java:onNext(255)) - client-D5BE96C883BA->c9f1298e-d840-49d8-aac3-de81602aa1d5: receive RaftClientReply:client-D5BE96C883BA->c9f1298e-d840-49d8-aac3-de81602aa1d5@group-E9810A644481, cid=4207, SUCCESS, logIndex=5778, commits[c9f1298e-d840-49d8-aac3-de81602aa1d5:c5780]
2019-08-30 23:40:48,112 [grpc-default-executor-0] INFO  client.GrpcClientProtocolClient (GrpcClientProtocolClient.java:onNext(255)) - client-D5BE96C883BA->c9f1298e-d840-49d8-aac3-de81602aa1d5: receive RaftClientReply:client-D5BE96C883BA->c9f1298e-d840-49d8-aac3-de81602aa1d5@group-E9810A644481, cid=4208, SUCCESS, logIndex=5779, commits[c9f1298e-d840-49d8-aac3-de81602aa1d5:c5780]
2019-08-30 23:40:48,143 [grpc-default-executor-0] INFO  client.GrpcClientProtocolClient (GrpcClientProtocolClient.java:onNext(255)) - client-D5BE96C883BA->c9f1298e-d840-49d8-aac3-de81602aa1d5: receive RaftClientReply:client-D5BE96C883BA->c9f1298e-d840-49d8-aac3-de81602aa1d5@group-E9810A644481, cid=4209, SUCCESS, logIndex=5781, commits[c9f1298e-d840-49d8-aac3-de81602aa1d5:c5782]
2019-08-30 23:40:48,143 [grpc-default-executor-0] INFO  client.GrpcClientProtocolClient (GrpcClientProtocolClient.java:onNext(255)) - client-D5BE96C883BA->c9f1298e-d840-49d8-aac3-de81602aa1d5: receive RaftClientReply:client-D5BE96C883BA->c9f1298e-d840-49d8-aac3-de81602aa1d5@group-E9810A644481, cid=4210, SUCCESS, logIndex=5782, commits[c9f1298e-d840-49d8-aac3-de81602aa1d5:c5782]
2019-08-30 23:40:48,144 [grpc-default-executor-0] INFO  client.GrpcClientProtocolClient (GrpcClientProtocolClient.java:onNext(255)) - client-D5BE96C883BA->c9f1298e-d840-49d8-aac3-de81602aa1d5: receive RaftClientReply:client-D5BE96C883BA->c9f1298e-d840-49d8-aac3-de81602aa1d5@group-E9810A644481, cid=4211, SUCCESS, logIndex=5783, commits[c9f1298e-d840-49d8-aac3-de81602aa1d5:c5784]
2019-08-30 23:40:48,144 [grpc-default-executor-0] INFO  client.GrpcClientProtocolClient (GrpcClientProtocolClient.java:onNext(255)) - client-D5BE96C883BA->c9f1298e-d840-49d8-aac3-de81602aa1d5: receive RaftClientReply:client-D5BE96C883BA->c9f1298e-d840-49d8-aac3-de81602aa1d5@group-E9810A644481, cid=4212, SUCCESS, logIndex=5784, commits[c9f1298e-d840-49d8-aac3-de81602aa1d5:c5784]
2019-08-30 23:40:48,157 [grpc-default-executor-0] INFO  client.GrpcClientProtocolClient (GrpcClientProtocolClient.java:onNext(255)) - client-D5BE96C883BA->c9f1298e-d840-49d8-aac3-de81602aa1d5: receive RaftClientReply:client-D5BE96C883BA->c9f1298e-d840-49d8-aac3-de81602aa1d5@group-E9810A644481, cid=4213, SUCCESS, logIndex=5787, commits[c9f1298e-d840-49d8-aac3-de81602aa1d5:c5790]
2019-08-30 23:40:48,158 [grpc-default-executor-0] INFO  client.GrpcClientProtocolClient (GrpcClientProtocolClient.java:onNext(255)) - client-D5BE96C883BA->c9f1298e-d840-49d8-aac3-de81602aa1d5: receive RaftClientReply:client-D5BE96C883BA->c9f1298e-d840-49d8-aac3-de81602aa1d5@group-E9810A644481, cid=4214, SUCCESS, logIndex=5788, commits[c9f1298e-d840-49d8-aac3-de81602aa1d5:c5790]
2019-08-30 23:40:48,158 [grpc-default-executor-0] INFO  client.GrpcClientProtocolClient (GrpcClientProtocolClient.java:onNext(255)) - client-D5BE96C883BA->c9f1298e-d840-49d8-aac3-de81602aa1d5: receive RaftClientReply:client-D5BE96C883BA->c9f1298e-d840-49d8-aac3-de81602aa1d5@group-E9810A644481, cid=4215, SUCCESS, logIndex=5789, commits[c9f1298e-d840-49d8-aac3-de81602aa1d5:c5790]
2019-08-30 23:40:48,158 [grpc-default-executor-0] INFO  client.GrpcClientProtocolClient (GrpcClientProtocolClient.java:onNext(255)) - client-D5BE96C883BA->c9f1298e-d840-49d8-aac3-de81602aa1d5: receive RaftClientReply:client-D5BE96C883BA->c9f1298e-d840-49d8-aac3-de81602aa1d5@group-E9810A644481, cid=4216, SUCCESS, logIndex=5790, commits[c9f1298e-d840-49d8-aac3-de81602aa1d5:c5790]
2019-08-30 23:40:48,187 [grpc-default-executor-1] INFO  client.GrpcClientProtocolClient (GrpcClientProtocolClient.java:onNext(255)) - client-D5BE96C883BA->c9f1298e-d840-49d8-aac3-de81602aa1d5: receive RaftClientReply:client-D5BE96C883BA->c9f1298e-d840-49d8-aac3-de81602aa1d5@group-E9810A644481, cid=4217, SUCCESS, logIndex=5792, commits[c9f1298e-d840-49d8-aac3-de81602aa1d5:c5793]
2019-08-30 23:40:48,188 [grpc-default-executor-1] INFO  client.GrpcClientProtocolClient (GrpcClientProtocolClient.java:onNext(255)) - client-D5BE96C883BA->c9f1298e-d840-49d8-aac3-de81602aa1d5: receive RaftClientReply:client-D5BE96C883BA->c9f1298e-d840-49d8-aac3-de81602aa1d5@group-E9810A644481, cid=4218, SUCCESS, logIndex=5793, commits[c9f1298e-d840-49d8-aac3-de81602aa1d5:c5793]
2019-08-30 23:40:48,190 [grpc-default-executor-1] INFO  client.GrpcClientProtocolClient (GrpcClientProtocolClient.java:onNext(255)) - client-D5BE96C883BA->c9f1298e-d840-49d8-aac3-de81602aa1d5: receive RaftClientReply:client-D5BE96C883BA->c9f1298e-d840-49d8-aac3-de81602aa1d5@group-E9810A644481, cid=4219, SUCCESS, logIndex=5794, commits[c9f1298e-d840-49d8-aac3-de81602aa1d5:c5796]
2019-08-30 23:40:48,191 [grpc-default-executor-1] INFO  client.GrpcClientProtocolClient (GrpcClientProtocolClient.java:onNext(255)) - client-D5BE96C883BA->c9f1298e-d840-49d8-aac3-de81602aa1d5: receive RaftClientReply:client-D5BE96C883BA->c9f1298e-d840-49d8-aac3-de81602aa1d5@group-E9810A644481, cid=4220, SUCCESS, logIndex=5795, commits[c9f1298e-d840-49d8-aac3-de81602aa1d5:c5796]
2019-08-30 23:40:48,204 [SCMBlockDeletingService#1] DEBUG block.SCMBlockDeletingService (SCMBlockDeletingService.java:call(138)) - Running DeletedBlockTransactionScanner
2019-08-30 23:40:48,205 [SCMBlockDeletingService#1] DEBUG block.SCMBlockDeletingService (SCMBlockDeletingService.java:call(155)) - Scanned deleted blocks log and got 0 delTX to process.
2019-08-30 23:40:48,209 [grpc-default-executor-0] INFO  client.GrpcClientProtocolClient (GrpcClientProtocolClient.java:onNext(255)) - client-D5BE96C883BA->c9f1298e-d840-49d8-aac3-de81602aa1d5: receive RaftClientReply:client-D5BE96C883BA->c9f1298e-d840-49d8-aac3-de81602aa1d5@group-E9810A644481, cid=4221, SUCCESS, logIndex=5797, commits[c9f1298e-d840-49d8-aac3-de81602aa1d5:c5798]
2019-08-30 23:40:48,210 [grpc-default-executor-0] INFO  client.GrpcClientProtocolClient (GrpcClientProtocolClient.java:onNext(255)) - client-D5BE96C883BA->c9f1298e-d840-49d8-aac3-de81602aa1d5: receive RaftClientReply:client-D5BE96C883BA->c9f1298e-d840-49d8-aac3-de81602aa1d5@group-E9810A644481, cid=4222, SUCCESS, logIndex=5798, commits[c9f1298e-d840-49d8-aac3-de81602aa1d5:c5800]
2019-08-30 23:40:48,210 [grpc-default-executor-0] INFO  client.GrpcClientProtocolClient (GrpcClientProtocolClient.java:onNext(255)) - client-D5BE96C883BA->c9f1298e-d840-49d8-aac3-de81602aa1d5: receive RaftClientReply:client-D5BE96C883BA->c9f1298e-d840-49d8-aac3-de81602aa1d5@group-E9810A644481, cid=4223, SUCCESS, logIndex=5799, commits[c9f1298e-d840-49d8-aac3-de81602aa1d5:c5801]
2019-08-30 23:40:48,210 [grpc-default-executor-0] INFO  client.GrpcClientProtocolClient (GrpcClientProtocolClient.java:onNext(255)) - client-D5BE96C883BA->c9f1298e-d840-49d8-aac3-de81602aa1d5: receive RaftClientReply:client-D5BE96C883BA->c9f1298e-d840-49d8-aac3-de81602aa1d5@group-E9810A644481, cid=4224, SUCCESS, logIndex=5800, commits[c9f1298e-d840-49d8-aac3-de81602aa1d5:c5801]
2019-08-30 23:40:48,236 [grpc-default-executor-0] INFO  client.GrpcClientProtocolClient (GrpcClientProtocolClient.java:onNext(255)) - client-D5BE96C883BA->c9f1298e-d840-49d8-aac3-de81602aa1d5: receive RaftClientReply:client-D5BE96C883BA->c9f1298e-d840-49d8-aac3-de81602aa1d5@group-E9810A644481, cid=4225, SUCCESS, logIndex=5803, commits[c9f1298e-d840-49d8-aac3-de81602aa1d5:c5804]
2019-08-30 23:40:48,236 [grpc-default-executor-0] INFO  client.GrpcClientProtocolClient (GrpcClientProtocolClient.java:onNext(255)) - client-D5BE96C883BA->c9f1298e-d840-49d8-aac3-de81602aa1d5: receive RaftClientReply:client-D5BE96C883BA->c9f1298e-d840-49d8-aac3-de81602aa1d5@group-E9810A644481, cid=4226, SUCCESS, logIndex=5804, commits[c9f1298e-d840-49d8-aac3-de81602aa1d5:c5806]
2019-08-30 23:40:48,236 [grpc-default-executor-0] INFO  client.GrpcClientProtocolClient (GrpcClientProtocolClient.java:onNext(255)) - client-D5BE96C883BA->c9f1298e-d840-49d8-aac3-de81602aa1d5: receive RaftClientReply:client-D5BE96C883BA->c9f1298e-d840-49d8-aac3-de81602aa1d5@group-E9810A644481, cid=4227, SUCCESS, logIndex=5805, commits[c9f1298e-d840-49d8-aac3-de81602aa1d5:c5806]
2019-08-30 23:40:48,237 [grpc-default-executor-0] INFO  client.GrpcClientProtocolClient (GrpcClientProtocolClient.java:onNext(255)) - client-D5BE96C883BA->c9f1298e-d840-49d8-aac3-de81602aa1d5: receive RaftClientReply:client-D5BE96C883BA->c9f1298e-d840-49d8-aac3-de81602aa1d5@group-E9810A644481, cid=4228, SUCCESS, logIndex=5806, commits[c9f1298e-d840-49d8-aac3-de81602aa1d5:c5807]
2019-08-30 23:40:48,256 [grpc-default-executor-0] INFO  client.GrpcClientProtocolClient (GrpcClientProtocolClient.java:onNext(255)) - client-D5BE96C883BA->c9f1298e-d840-49d8-aac3-de81602aa1d5: receive RaftClientReply:client-D5BE96C883BA->c9f1298e-d840-49d8-aac3-de81602aa1d5@group-E9810A644481, cid=4229, SUCCESS, logIndex=5809, commits[c9f1298e-d840-49d8-aac3-de81602aa1d5:c5812]
2019-08-30 23:40:48,256 [grpc-default-executor-0] INFO  client.GrpcClientProtocolClient (GrpcClientProtocolClient.java:onNext(255)) - client-D5BE96C883BA->c9f1298e-d840-49d8-aac3-de81602aa1d5: receive RaftClientReply:client-D5BE96C883BA->c9f1298e-d840-49d8-aac3-de81602aa1d5@group-E9810A644481, cid=4230, SUCCESS, logIndex=5810, commits[c9f1298e-d840-49d8-aac3-de81602aa1d5:c5812]
2019-08-30 23:40:48,256 [grpc-default-executor-0] INFO  client.GrpcClientProtocolClient (GrpcClientProtocolClient.java:onNext(255)) - client-D5BE96C883BA->c9f1298e-d840-49d8-aac3-de81602aa1d5: receive RaftClientReply:client-D5BE96C883BA->c9f1298e-d840-49d8-aac3-de81602aa1d5@group-E9810A644481, cid=4231, SUCCESS, logIndex=5811, commits[c9f1298e-d840-49d8-aac3-de81602aa1d5:c5813]
2019-08-30 23:40:48,257 [grpc-default-executor-0] INFO  client.GrpcClientProtocolClient (GrpcClientProtocolClient.java:onNext(255)) - client-D5BE96C883BA->c9f1298e-d840-49d8-aac3-de81602aa1d5: receive RaftClientReply:client-D5BE96C883BA->c9f1298e-d840-49d8-aac3-de81602aa1d5@group-E9810A644481, cid=4232, SUCCESS, logIndex=5812, commits[c9f1298e-d840-49d8-aac3-de81602aa1d5:c5813]
2019-08-30 23:40:48,275 [grpc-default-executor-0] INFO  client.GrpcClientProtocolClient (GrpcClientProtocolClient.java:onNext(255)) - client-D5BE96C883BA->c9f1298e-d840-49d8-aac3-de81602aa1d5: receive RaftClientReply:client-D5BE96C883BA->c9f1298e-d840-49d8-aac3-de81602aa1d5@group-E9810A644481, cid=4233, SUCCESS, logIndex=5814, commits[c9f1298e-d840-49d8-aac3-de81602aa1d5:c5818]
2019-08-30 23:40:48,276 [grpc-default-executor-0] INFO  client.GrpcClientProtocolClient (GrpcClientProtocolClient.java:onNext(255)) - client-D5BE96C883BA->c9f1298e-d840-49d8-aac3-de81602aa1d5: receive RaftClientReply:client-D5BE96C883BA->c9f1298e-d840-49d8-aac3-de81602aa1d5@group-E9810A644481, cid=4234, SUCCESS, logIndex=5815, commits[c9f1298e-d840-49d8-aac3-de81602aa1d5:c5818]
2019-08-30 23:40:48,276 [grpc-default-executor-0] INFO  client.GrpcClientProtocolClient (GrpcClientProtocolClient.java:onNext(255)) - client-D5BE96C883BA->c9f1298e-d840-49d8-aac3-de81602aa1d5: receive RaftClientReply:client-D5BE96C883BA->c9f1298e-d840-49d8-aac3-de81602aa1d5@group-E9810A644481, cid=4235, SUCCESS, logIndex=5816, commits[c9f1298e-d840-49d8-aac3-de81602aa1d5:c5818]
2019-08-30 23:40:48,276 [grpc-default-executor-0] INFO  client.GrpcClientProtocolClient (GrpcClientProtocolClient.java:onNext(255)) - client-D5BE96C883BA->c9f1298e-d840-49d8-aac3-de81602aa1d5: receive RaftClientReply:client-D5BE96C883BA->c9f1298e-d840-49d8-aac3-de81602aa1d5@group-E9810A644481, cid=4236, SUCCESS, logIndex=5817, commits[c9f1298e-d840-49d8-aac3-de81602aa1d5:c5818]
2019-08-30 23:40:48,284 [grpc-default-executor-0] INFO  client.GrpcClientProtocolClient (GrpcClientProtocolClient.java:onNext(255)) - client-D5BE96C883BA->c9f1298e-d840-49d8-aac3-de81602aa1d5: receive RaftClientReply:client-D5BE96C883BA->c9f1298e-d840-49d8-aac3-de81602aa1d5@group-E9810A644481, cid=4237, SUCCESS, logIndex=5819, commits[c9f1298e-d840-49d8-aac3-de81602aa1d5:c5820]
2019-08-30 23:40:48,285 [grpc-default-executor-0] INFO  client.GrpcClientProtocolClient (GrpcClientProtocolClient.java:onNext(255)) - client-D5BE96C883BA->c9f1298e-d840-49d8-aac3-de81602aa1d5: receive RaftClientReply:client-D5BE96C883BA->c9f1298e-d840-49d8-aac3-de81602aa1d5@group-E9810A644481, cid=4238, SUCCESS, logIndex=5820, commits[c9f1298e-d840-49d8-aac3-de81602aa1d5:c5822]
2019-08-30 23:40:48,285 [grpc-default-executor-0] INFO  client.GrpcClientProtocolClient (GrpcClientProtocolClient.java:onNext(255)) - client-D5BE96C883BA->c9f1298e-d840-49d8-aac3-de81602aa1d5: receive RaftClientReply:client-D5BE96C883BA->c9f1298e-d840-49d8-aac3-de81602aa1d5@group-E9810A644481, cid=4239, SUCCESS, logIndex=5821, commits[c9f1298e-d840-49d8-aac3-de81602aa1d5:c5822]
2019-08-30 23:40:48,285 [grpc-default-executor-0] INFO  client.GrpcClientProtocolClient (GrpcClientProtocolClient.java:onNext(255)) - client-D5BE96C883BA->c9f1298e-d840-49d8-aac3-de81602aa1d5: receive RaftClientReply:client-D5BE96C883BA->c9f1298e-d840-49d8-aac3-de81602aa1d5@group-E9810A644481, cid=4240, SUCCESS, logIndex=5822, commits[c9f1298e-d840-49d8-aac3-de81602aa1d5:c5823]
2019-08-30 23:40:48,377 [SCMBlockDeletingService#1] DEBUG block.SCMBlockDeletingService (SCMBlockDeletingService.java:call(138)) - Running DeletedBlockTransactionScanner
2019-08-30 23:40:48,378 [SCMBlockDeletingService#1] DEBUG block.SCMBlockDeletingService (SCMBlockDeletingService.java:call(155)) - Scanned deleted blocks log and got 0 delTX to process.
2019-08-30 23:40:48,478 [SCMBlockDeletingService#1] DEBUG block.SCMBlockDeletingService (SCMBlockDeletingService.java:call(138)) - Running DeletedBlockTransactionScanner
2019-08-30 23:40:48,478 [SCMBlockDeletingService#1] DEBUG block.SCMBlockDeletingService (SCMBlockDeletingService.java:call(155)) - Scanned deleted blocks log and got 0 delTX to process.
2019-08-30 23:40:48,529 [grpc-default-executor-0] INFO  client.GrpcClientProtocolClient (GrpcClientProtocolClient.java:onNext(255)) - client-D5BE96C883BA->c9f1298e-d840-49d8-aac3-de81602aa1d5: receive RaftClientReply:client-D5BE96C883BA->c9f1298e-d840-49d8-aac3-de81602aa1d5@group-E9810A644481, cid=4241, SUCCESS, logIndex=5825, commits[c9f1298e-d840-49d8-aac3-de81602aa1d5:c5826]
2019-08-30 23:40:48,530 [grpc-default-executor-0] INFO  client.GrpcClientProtocolClient (GrpcClientProtocolClient.java:onNext(255)) - client-D5BE96C883BA->c9f1298e-d840-49d8-aac3-de81602aa1d5: receive RaftClientReply:client-D5BE96C883BA->c9f1298e-d840-49d8-aac3-de81602aa1d5@group-E9810A644481, cid=4242, SUCCESS, logIndex=5826, commits[c9f1298e-d840-49d8-aac3-de81602aa1d5:c5828]
2019-08-30 23:40:48,530 [grpc-default-executor-0] INFO  client.GrpcClientProtocolClient (GrpcClientProtocolClient.java:onNext(255)) - client-D5BE96C883BA->c9f1298e-d840-49d8-aac3-de81602aa1d5: receive RaftClientReply:client-D5BE96C883BA->c9f1298e-d840-49d8-aac3-de81602aa1d5@group-E9810A644481, cid=4243, SUCCESS, logIndex=5827, commits[c9f1298e-d840-49d8-aac3-de81602aa1d5:c5829]
2019-08-30 23:40:48,530 [grpc-default-executor-0] INFO  client.GrpcClientProtocolClient (GrpcClientProtocolClient.java:onNext(255)) - client-D5BE96C883BA->c9f1298e-d840-49d8-aac3-de81602aa1d5: receive RaftClientReply:client-D5BE96C883BA->c9f1298e-d840-49d8-aac3-de81602aa1d5@group-E9810A644481, cid=4244, SUCCESS, logIndex=5828, commits[c9f1298e-d840-49d8-aac3-de81602aa1d5:c5829]
2019-08-30 23:40:48,549 [grpc-default-executor-1] INFO  client.GrpcClientProtocolClient (GrpcClientProtocolClient.java:onNext(255)) - client-D5BE96C883BA->c9f1298e-d840-49d8-aac3-de81602aa1d5: receive RaftClientReply:client-D5BE96C883BA->c9f1298e-d840-49d8-aac3-de81602aa1d5@group-E9810A644481, cid=4245, SUCCESS, logIndex=5831, commits[c9f1298e-d840-49d8-aac3-de81602aa1d5:c5832]
2019-08-30 23:40:48,549 [grpc-default-executor-1] INFO  client.GrpcClientProtocolClient (GrpcClientProtocolClient.java:onNext(255)) - client-D5BE96C883BA->c9f1298e-d840-49d8-aac3-de81602aa1d5: receive RaftClientReply:client-D5BE96C883BA->c9f1298e-d840-49d8-aac3-de81602aa1d5@group-E9810A644481, cid=4246, SUCCESS, logIndex=5832, commits[c9f1298e-d840-49d8-aac3-de81602aa1d5:c5834]
2019-08-30 23:40:48,549 [grpc-default-executor-1] INFO  client.GrpcClientProtocolClient (GrpcClientProtocolClient.java:onNext(255)) - client-D5BE96C883BA->c9f1298e-d840-49d8-aac3-de81602aa1d5: receive RaftClientReply:client-D5BE96C883BA->c9f1298e-d840-49d8-aac3-de81602aa1d5@group-E9810A644481, cid=4247, SUCCESS, logIndex=5833, commits[c9f1298e-d840-49d8-aac3-de81602aa1d5:c5834]
2019-08-30 23:40:48,550 [grpc-default-executor-1] INFO  client.GrpcClientProtocolClient (GrpcClientProtocolClient.java:onNext(255)) - client-D5BE96C883BA->c9f1298e-d840-49d8-aac3-de81602aa1d5: receive RaftClientReply:client-D5BE96C883BA->c9f1298e-d840-49d8-aac3-de81602aa1d5@group-E9810A644481, cid=4248, SUCCESS, logIndex=5834, commits[c9f1298e-d840-49d8-aac3-de81602aa1d5:c5835]
2019-08-30 23:40:48,578 [SCMBlockDeletingService#1] DEBUG block.SCMBlockDeletingService (SCMBlockDeletingService.java:call(138)) - Running DeletedBlockTransactionScanner
2019-08-30 23:40:48,579 [SCMBlockDeletingService#1] DEBUG block.SCMBlockDeletingService (SCMBlockDeletingService.java:call(155)) - Scanned deleted blocks log and got 0 delTX to process.
2019-08-30 23:40:48,585 [grpc-default-executor-1] INFO  client.GrpcClientProtocolClient (GrpcClientProtocolClient.java:onNext(255)) - client-D5BE96C883BA->c9f1298e-d840-49d8-aac3-de81602aa1d5: receive RaftClientReply:client-D5BE96C883BA->c9f1298e-d840-49d8-aac3-de81602aa1d5@group-E9810A644481, cid=4249, SUCCESS, logIndex=5837, commits[c9f1298e-d840-49d8-aac3-de81602aa1d5:c5838]
2019-08-30 23:40:48,586 [grpc-default-executor-1] INFO  client.GrpcClientProtocolClient (GrpcClientProtocolClient.java:onNext(255)) - client-D5BE96C883BA->c9f1298e-d840-49d8-aac3-de81602aa1d5: receive RaftClientReply:client-D5BE96C883BA->c9f1298e-d840-49d8-aac3-de81602aa1d5@group-E9810A644481, cid=4250, SUCCESS, logIndex=5838, commits[c9f1298e-d840-49d8-aac3-de81602aa1d5:c5838]
2019-08-30 23:40:48,587 [grpc-default-executor-1] INFO  client.GrpcClientProtocolClient (GrpcClientProtocolClient.java:onNext(255)) - client-D5BE96C883BA->c9f1298e-d840-49d8-aac3-de81602aa1d5: receive RaftClientReply:client-D5BE96C883BA->c9f1298e-d840-49d8-aac3-de81602aa1d5@group-E9810A644481, cid=4251, SUCCESS, logIndex=5839, commits[c9f1298e-d840-49d8-aac3-de81602aa1d5:c5840]
2019-08-30 23:40:48,587 [grpc-default-executor-1] INFO  client.GrpcClientProtocolClient (GrpcClientProtocolClient.java:onNext(255)) - client-D5BE96C883BA->c9f1298e-d840-49d8-aac3-de81602aa1d5: receive RaftClientReply:client-D5BE96C883BA->c9f1298e-d840-49d8-aac3-de81602aa1d5@group-E9810A644481, cid=4252, SUCCESS, logIndex=5840, commits[c9f1298e-d840-49d8-aac3-de81602aa1d5:c5840]
2019-08-30 23:40:48,614 [grpc-default-executor-1] INFO  client.GrpcClientProtocolClient (GrpcClientProtocolClient.java:onNext(255)) - client-D5BE96C883BA->c9f1298e-d840-49d8-aac3-de81602aa1d5: receive RaftClientReply:client-D5BE96C883BA->c9f1298e-d840-49d8-aac3-de81602aa1d5@group-E9810A644481, cid=4253, SUCCESS, logIndex=5843, commits[c9f1298e-d840-49d8-aac3-de81602aa1d5:c5846]
2019-08-30 23:40:48,614 [grpc-default-executor-1] INFO  client.GrpcClientProtocolClient (GrpcClientProtocolClient.java:onNext(255)) - client-D5BE96C883BA->c9f1298e-d840-49d8-aac3-de81602aa1d5: receive RaftClientReply:client-D5BE96C883BA->c9f1298e-d840-49d8-aac3-de81602aa1d5@group-E9810A644481, cid=4254, SUCCESS, logIndex=5844, commits[c9f1298e-d840-49d8-aac3-de81602aa1d5:c5847]
2019-08-30 23:40:48,614 [grpc-default-executor-1] INFO  client.GrpcClientProtocolClient (GrpcClientProtocolClient.java:onNext(255)) - client-D5BE96C883BA->c9f1298e-d840-49d8-aac3-de81602aa1d5: receive RaftClientReply:client-D5BE96C883BA->c9f1298e-d840-49d8-aac3-de81602aa1d5@group-E9810A644481, cid=4255, SUCCESS, logIndex=5845, commits[c9f1298e-d840-49d8-aac3-de81602aa1d5:c5847]
2019-08-30 23:40:48,615 [grpc-default-executor-1] INFO  client.GrpcClientProtocolClient (GrpcClientProtocolClient.java:onNext(255)) - client-D5BE96C883BA->c9f1298e-d840-49d8-aac3-de81602aa1d5: receive RaftClientReply:client-D5BE96C883BA->c9f1298e-d840-49d8-aac3-de81602aa1d5@group-E9810A644481, cid=4256, SUCCESS, logIndex=5846, commits[c9f1298e-d840-49d8-aac3-de81602aa1d5:c5847]
2019-08-30 23:40:48,651 [grpc-default-executor-1] INFO  client.GrpcClientProtocolClient (GrpcClientProtocolClient.java:onNext(255)) - client-D5BE96C883BA->c9f1298e-d840-49d8-aac3-de81602aa1d5: receive RaftClientReply:client-D5BE96C883BA->c9f1298e-d840-49d8-aac3-de81602aa1d5@group-E9810A644481, cid=4257, SUCCESS, logIndex=5848, commits[c9f1298e-d840-49d8-aac3-de81602aa1d5:c5849]
2019-08-30 23:40:48,652 [grpc-default-executor-1] INFO  client.GrpcClientProtocolClient (GrpcClientProtocolClient.java:onNext(255)) - client-D5BE96C883BA->c9f1298e-d840-49d8-aac3-de81602aa1d5: receive RaftClientReply:client-D5BE96C883BA->c9f1298e-d840-49d8-aac3-de81602aa1d5@group-E9810A644481, cid=4258, SUCCESS, logIndex=5849, commits[c9f1298e-d840-49d8-aac3-de81602aa1d5:c5851]
2019-08-30 23:40:48,652 [grpc-default-executor-1] INFO  client.GrpcClientProtocolClient (GrpcClientProtocolClient.java:onNext(255)) - client-D5BE96C883BA->c9f1298e-d840-49d8-aac3-de81602aa1d5: receive RaftClientReply:client-D5BE96C883BA->c9f1298e-d840-49d8-aac3-de81602aa1d5@group-E9810A644481, cid=4259, SUCCESS, logIndex=5850, commits[c9f1298e-d840-49d8-aac3-de81602aa1d5:c5851]
2019-08-30 23:40:48,653 [grpc-default-executor-1] INFO  client.GrpcClientProtocolClient (GrpcClientProtocolClient.java:onNext(255)) - client-D5BE96C883BA->c9f1298e-d840-49d8-aac3-de81602aa1d5: receive RaftClientReply:client-D5BE96C883BA->c9f1298e-d840-49d8-aac3-de81602aa1d5@group-E9810A644481, cid=4260, SUCCESS, logIndex=5851, commits[c9f1298e-d840-49d8-aac3-de81602aa1d5:c5852]
2019-08-30 23:40:48,672 [grpc-default-executor-1] INFO  client.GrpcClientProtocolClient (GrpcClientProtocolClient.java:onNext(255)) - client-D5BE96C883BA->c9f1298e-d840-49d8-aac3-de81602aa1d5: receive RaftClientReply:client-D5BE96C883BA->c9f1298e-d840-49d8-aac3-de81602aa1d5@group-E9810A644481, cid=4261, SUCCESS, logIndex=5854, commits[c9f1298e-d840-49d8-aac3-de81602aa1d5:c5855]
2019-08-30 23:40:48,672 [grpc-default-executor-1] INFO  client.GrpcClientProtocolClient (GrpcClientProtocolClient.java:onNext(255)) - client-D5BE96C883BA->c9f1298e-d840-49d8-aac3-de81602aa1d5: receive RaftClientReply:client-D5BE96C883BA->c9f1298e-d840-49d8-aac3-de81602aa1d5@group-E9810A644481, cid=4262, SUCCESS, logIndex=5855, commits[c9f1298e-d840-49d8-aac3-de81602aa1d5:c5857]
2019-08-30 23:40:48,673 [grpc-default-executor-1] INFO  client.GrpcClientProtocolClient (GrpcClientProtocolClient.java:onNext(255)) - client-D5BE96C883BA->c9f1298e-d840-49d8-aac3-de81602aa1d5: receive RaftClientReply:client-D5BE96C883BA->c9f1298e-d840-49d8-aac3-de81602aa1d5@group-E9810A644481, cid=4263, SUCCESS, logIndex=5856, commits[c9f1298e-d840-49d8-aac3-de81602aa1d5:c5857]
2019-08-30 23:40:48,673 [grpc-default-executor-1] INFO  client.GrpcClientProtocolClient (GrpcClientProtocolClient.java:onNext(255)) - client-D5BE96C883BA->c9f1298e-d840-49d8-aac3-de81602aa1d5: receive RaftClientReply:client-D5BE96C883BA->c9f1298e-d840-49d8-aac3-de81602aa1d5@group-E9810A644481, cid=4264, SUCCESS, logIndex=5857, commits[c9f1298e-d840-49d8-aac3-de81602aa1d5:c5858]
2019-08-30 23:40:48,679 [SCMBlockDeletingService#1] DEBUG block.SCMBlockDeletingService (SCMBlockDeletingService.java:call(138)) - Running DeletedBlockTransactionScanner
2019-08-30 23:40:48,679 [SCMBlockDeletingService#1] DEBUG block.SCMBlockDeletingService (SCMBlockDeletingService.java:call(155)) - Scanned deleted blocks log and got 0 delTX to process.
2019-08-30 23:40:48,703 [grpc-default-executor-0] INFO  client.GrpcClientProtocolClient (GrpcClientProtocolClient.java:onNext(255)) - client-D5BE96C883BA->c9f1298e-d840-49d8-aac3-de81602aa1d5: receive RaftClientReply:client-D5BE96C883BA->c9f1298e-d840-49d8-aac3-de81602aa1d5@group-E9810A644481, cid=4265, SUCCESS, logIndex=5860, commits[c9f1298e-d840-49d8-aac3-de81602aa1d5:c5861]
2019-08-30 23:40:48,704 [grpc-default-executor-0] INFO  client.GrpcClientProtocolClient (GrpcClientProtocolClient.java:onNext(255)) - client-D5BE96C883BA->c9f1298e-d840-49d8-aac3-de81602aa1d5: receive RaftClientReply:client-D5BE96C883BA->c9f1298e-d840-49d8-aac3-de81602aa1d5@group-E9810A644481, cid=4266, SUCCESS, logIndex=5861, commits[c9f1298e-d840-49d8-aac3-de81602aa1d5:c5863]
2019-08-30 23:40:48,704 [grpc-default-executor-0] INFO  client.GrpcClientProtocolClient (GrpcClientProtocolClient.java:onNext(255)) - client-D5BE96C883BA->c9f1298e-d840-49d8-aac3-de81602aa1d5: receive RaftClientReply:client-D5BE96C883BA->c9f1298e-d840-49d8-aac3-de81602aa1d5@group-E9810A644481, cid=4267, SUCCESS, logIndex=5862, commits[c9f1298e-d840-49d8-aac3-de81602aa1d5:c5863]
2019-08-30 23:40:48,705 [grpc-default-executor-0] INFO  client.GrpcClientProtocolClient (GrpcClientProtocolClient.java:onNext(255)) - client-D5BE96C883BA->c9f1298e-d840-49d8-aac3-de81602aa1d5: receive RaftClientReply:client-D5BE96C883BA->c9f1298e-d840-49d8-aac3-de81602aa1d5@group-E9810A644481, cid=4268, SUCCESS, logIndex=5863, commits[c9f1298e-d840-49d8-aac3-de81602aa1d5:c5863]
2019-08-30 23:40:48,724 [grpc-default-executor-1] INFO  client.GrpcClientProtocolClient (GrpcClientProtocolClient.java:onNext(255)) - client-D5BE96C883BA->c9f1298e-d840-49d8-aac3-de81602aa1d5: receive RaftClientReply:client-D5BE96C883BA->c9f1298e-d840-49d8-aac3-de81602aa1d5@group-E9810A644481, cid=4269, SUCCESS, logIndex=5866, commits[c9f1298e-d840-49d8-aac3-de81602aa1d5:c5867]
2019-08-30 23:40:48,724 [grpc-default-executor-1] INFO  client.GrpcClientProtocolClient (GrpcClientProtocolClient.java:onNext(255)) - client-D5BE96C883BA->c9f1298e-d840-49d8-aac3-de81602aa1d5: receive RaftClientReply:client-D5BE96C883BA->c9f1298e-d840-49d8-aac3-de81602aa1d5@group-E9810A644481, cid=4270, SUCCESS, logIndex=5867, commits[c9f1298e-d840-49d8-aac3-de81602aa1d5:c5869]
2019-08-30 23:40:48,725 [grpc-default-executor-1] INFO  client.GrpcClientProtocolClient (GrpcClientProtocolClient.java:onNext(255)) - client-D5BE96C883BA->c9f1298e-d840-49d8-aac3-de81602aa1d5: receive RaftClientReply:client-D5BE96C883BA->c9f1298e-d840-49d8-aac3-de81602aa1d5@group-E9810A644481, cid=4271, SUCCESS, logIndex=5868, commits[c9f1298e-d840-49d8-aac3-de81602aa1d5:c5870]
2019-08-30 23:40:48,725 [grpc-default-executor-1] INFO  client.GrpcClientProtocolClient (GrpcClientProtocolClient.java:onNext(255)) - client-D5BE96C883BA->c9f1298e-d840-49d8-aac3-de81602aa1d5: receive RaftClientReply:client-D5BE96C883BA->c9f1298e-d840-49d8-aac3-de81602aa1d5@group-E9810A644481, cid=4272, SUCCESS, logIndex=5869, commits[c9f1298e-d840-49d8-aac3-de81602aa1d5:c5870]
2019-08-30 23:40:48,757 [grpc-default-executor-0] INFO  client.GrpcClientProtocolClient (GrpcClientProtocolClient.java:onNext(255)) - client-D5BE96C883BA->c9f1298e-d840-49d8-aac3-de81602aa1d5: receive RaftClientReply:client-D5BE96C883BA->c9f1298e-d840-49d8-aac3-de81602aa1d5@group-E9810A644481, cid=4273, SUCCESS, logIndex=5872, commits[c9f1298e-d840-49d8-aac3-de81602aa1d5:c5875]
2019-08-30 23:40:48,757 [grpc-default-executor-0] INFO  client.GrpcClientProtocolClient (GrpcClientProtocolClient.java:onNext(255)) - client-D5BE96C883BA->c9f1298e-d840-49d8-aac3-de81602aa1d5: receive RaftClientReply:client-D5BE96C883BA->c9f1298e-d840-49d8-aac3-de81602aa1d5@group-E9810A644481, cid=4274, SUCCESS, logIndex=5873, commits[c9f1298e-d840-49d8-aac3-de81602aa1d5:c5876]
2019-08-30 23:40:48,758 [grpc-default-executor-0] INFO  client.GrpcClientProtocolClient (GrpcClientProtocolClient.java:onNext(255)) - client-D5BE96C883BA->c9f1298e-d840-49d8-aac3-de81602aa1d5: receive RaftClientReply:client-D5BE96C883BA->c9f1298e-d840-49d8-aac3-de81602aa1d5@group-E9810A644481, cid=4275, SUCCESS, logIndex=5874, commits[c9f1298e-d840-49d8-aac3-de81602aa1d5:c5876]
2019-08-30 23:40:48,758 [grpc-default-executor-0] INFO  client.GrpcClientProtocolClient (GrpcClientProtocolClient.java:onNext(255)) - client-D5BE96C883BA->c9f1298e-d840-49d8-aac3-de81602aa1d5: receive RaftClientReply:client-D5BE96C883BA->c9f1298e-d840-49d8-aac3-de81602aa1d5@group-E9810A644481, cid=4276, SUCCESS, logIndex=5875, commits[c9f1298e-d840-49d8-aac3-de81602aa1d5:c5877]
2019-08-30 23:40:48,778 [grpc-default-executor-1] INFO  client.GrpcClientProtocolClient (GrpcClientProtocolClient.java:onNext(255)) - client-D5BE96C883BA->c9f1298e-d840-49d8-aac3-de81602aa1d5: receive RaftClientReply:client-D5BE96C883BA->c9f1298e-d840-49d8-aac3-de81602aa1d5@group-E9810A644481, cid=4277, SUCCESS, logIndex=5878, commits[c9f1298e-d840-49d8-aac3-de81602aa1d5:c5879]
2019-08-30 23:40:48,778 [grpc-default-executor-1] INFO  client.GrpcClientProtocolClient (GrpcClientProtocolClient.java:onNext(255)) - client-D5BE96C883BA->c9f1298e-d840-49d8-aac3-de81602aa1d5: receive RaftClientReply:client-D5BE96C883BA->c9f1298e-d840-49d8-aac3-de81602aa1d5@group-E9810A644481, cid=4278, SUCCESS, logIndex=5879, commits[c9f1298e-d840-49d8-aac3-de81602aa1d5:c5879]
2019-08-30 23:40:48,779 [SCMBlockDeletingService#1] DEBUG block.SCMBlockDeletingService (SCMBlockDeletingService.java:call(138)) - Running DeletedBlockTransactionScanner
2019-08-30 23:40:48,780 [SCMBlockDeletingService#1] DEBUG block.SCMBlockDeletingService (SCMBlockDeletingService.java:call(155)) - Scanned deleted blocks log and got 0 delTX to process.
2019-08-30 23:40:48,793 [grpc-default-executor-1] INFO  client.GrpcClientProtocolClient (GrpcClientProtocolClient.java:onNext(255)) - client-D5BE96C883BA->c9f1298e-d840-49d8-aac3-de81602aa1d5: receive RaftClientReply:client-D5BE96C883BA->c9f1298e-d840-49d8-aac3-de81602aa1d5@group-E9810A644481, cid=4279, SUCCESS, logIndex=5880, commits[c9f1298e-d840-49d8-aac3-de81602aa1d5:c5881]
2019-08-30 23:40:48,793 [grpc-default-executor-1] INFO  client.GrpcClientProtocolClient (GrpcClientProtocolClient.java:onNext(255)) - client-D5BE96C883BA->c9f1298e-d840-49d8-aac3-de81602aa1d5: receive RaftClientReply:client-D5BE96C883BA->c9f1298e-d840-49d8-aac3-de81602aa1d5@group-E9810A644481, cid=4280, SUCCESS, logIndex=5881, commits[c9f1298e-d840-49d8-aac3-de81602aa1d5:c5881]
2019-08-30 23:40:48,831 [grpc-default-executor-0] INFO  client.GrpcClientProtocolClient (GrpcClientProtocolClient.java:onNext(255)) - client-D5BE96C883BA->c9f1298e-d840-49d8-aac3-de81602aa1d5: receive RaftClientReply:client-D5BE96C883BA->c9f1298e-d840-49d8-aac3-de81602aa1d5@group-E9810A644481, cid=4281, SUCCESS, logIndex=5884, commits[c9f1298e-d840-49d8-aac3-de81602aa1d5:c5887]
2019-08-30 23:40:48,832 [grpc-default-executor-0] INFO  client.GrpcClientProtocolClient (GrpcClientProtocolClient.java:onNext(255)) - client-D5BE96C883BA->c9f1298e-d840-49d8-aac3-de81602aa1d5: receive RaftClientReply:client-D5BE96C883BA->c9f1298e-d840-49d8-aac3-de81602aa1d5@group-E9810A644481, cid=4282, SUCCESS, logIndex=5885, commits[c9f1298e-d840-49d8-aac3-de81602aa1d5:c5887]
2019-08-30 23:40:48,832 [grpc-default-executor-0] INFO  client.GrpcClientProtocolClient (GrpcClientProtocolClient.java:onNext(255)) - client-D5BE96C883BA->c9f1298e-d840-49d8-aac3-de81602aa1d5: receive RaftClientReply:client-D5BE96C883BA->c9f1298e-d840-49d8-aac3-de81602aa1d5@group-E9810A644481, cid=4283, SUCCESS, logIndex=5886, commits[c9f1298e-d840-49d8-aac3-de81602aa1d5:c5888]
2019-08-30 23:40:48,832 [grpc-default-executor-0] INFO  client.GrpcClientProtocolClient (GrpcClientProtocolClient.java:onNext(255)) - client-D5BE96C883BA->c9f1298e-d840-49d8-aac3-de81602aa1d5: receive RaftClientReply:client-D5BE96C883BA->c9f1298e-d840-49d8-aac3-de81602aa1d5@group-E9810A644481, cid=4284, SUCCESS, logIndex=5887, commits[c9f1298e-d840-49d8-aac3-de81602aa1d5:c5889]
2019-08-30 23:40:48,860 [grpc-default-executor-0] INFO  client.GrpcClientProtocolClient (GrpcClientProtocolClient.java:onNext(255)) - client-D5BE96C883BA->c9f1298e-d840-49d8-aac3-de81602aa1d5: receive RaftClientReply:client-D5BE96C883BA->c9f1298e-d840-49d8-aac3-de81602aa1d5@group-E9810A644481, cid=4285, SUCCESS, logIndex=5890, commits[c9f1298e-d840-49d8-aac3-de81602aa1d5:c5891]
2019-08-30 23:40:48,860 [grpc-default-executor-0] INFO  client.GrpcClientProtocolClient (GrpcClientProtocolClient.java:onNext(255)) - client-D5BE96C883BA->c9f1298e-d840-49d8-aac3-de81602aa1d5: receive RaftClientReply:client-D5BE96C883BA->c9f1298e-d840-49d8-aac3-de81602aa1d5@group-E9810A644481, cid=4286, SUCCESS, logIndex=5891, commits[c9f1298e-d840-49d8-aac3-de81602aa1d5:c5891]
2019-08-30 23:40:48,880 [SCMBlockDeletingService#1] DEBUG block.SCMBlockDeletingService (SCMBlockDeletingService.java:call(138)) - Running DeletedBlockTransactionScanner
2019-08-30 23:40:48,880 [SCMBlockDeletingService#1] DEBUG block.SCMBlockDeletingService (SCMBlockDeletingService.java:call(155)) - Scanned deleted blocks log and got 0 delTX to process.
2019-08-30 23:40:48,966 [grpc-default-executor-1] INFO  client.GrpcClientProtocolClient (GrpcClientProtocolClient.java:onNext(255)) - client-D5BE96C883BA->c9f1298e-d840-49d8-aac3-de81602aa1d5: receive RaftClientReply:client-D5BE96C883BA->c9f1298e-d840-49d8-aac3-de81602aa1d5@group-E9810A644481, cid=4287, SUCCESS, logIndex=5893, commits[c9f1298e-d840-49d8-aac3-de81602aa1d5:c5894]
2019-08-30 23:40:48,967 [grpc-default-executor-1] INFO  client.GrpcClientProtocolClient (GrpcClientProtocolClient.java:onNext(255)) - client-D5BE96C883BA->c9f1298e-d840-49d8-aac3-de81602aa1d5: receive RaftClientReply:client-D5BE96C883BA->c9f1298e-d840-49d8-aac3-de81602aa1d5@group-E9810A644481, cid=4288, SUCCESS, logIndex=5894, commits[c9f1298e-d840-49d8-aac3-de81602aa1d5:c5895]
2019-08-30 23:40:48,981 [SCMBlockDeletingService#1] DEBUG block.SCMBlockDeletingService (SCMBlockDeletingService.java:call(138)) - Running DeletedBlockTransactionScanner
2019-08-30 23:40:48,981 [SCMBlockDeletingService#1] DEBUG block.SCMBlockDeletingService (SCMBlockDeletingService.java:call(155)) - Scanned deleted blocks log and got 0 delTX to process.
2019-08-30 23:40:49,019 [grpc-default-executor-1] INFO  client.GrpcClientProtocolClient (GrpcClientProtocolClient.java:onNext(255)) - client-D5BE96C883BA->c9f1298e-d840-49d8-aac3-de81602aa1d5: receive RaftClientReply:client-D5BE96C883BA->c9f1298e-d840-49d8-aac3-de81602aa1d5@group-E9810A644481, cid=4289, SUCCESS, logIndex=5896, commits[c9f1298e-d840-49d8-aac3-de81602aa1d5:c5897]
2019-08-30 23:40:49,020 [grpc-default-executor-1] INFO  client.GrpcClientProtocolClient (GrpcClientProtocolClient.java:onNext(255)) - client-D5BE96C883BA->c9f1298e-d840-49d8-aac3-de81602aa1d5: receive RaftClientReply:client-D5BE96C883BA->c9f1298e-d840-49d8-aac3-de81602aa1d5@group-E9810A644481, cid=4290, SUCCESS, logIndex=5897, commits[c9f1298e-d840-49d8-aac3-de81602aa1d5:c5900]
2019-08-30 23:40:49,020 [grpc-default-executor-1] INFO  client.GrpcClientProtocolClient (GrpcClientProtocolClient.java:onNext(255)) - client-D5BE96C883BA->c9f1298e-d840-49d8-aac3-de81602aa1d5: receive RaftClientReply:client-D5BE96C883BA->c9f1298e-d840-49d8-aac3-de81602aa1d5@group-E9810A644481, cid=4291, SUCCESS, logIndex=5898, commits[c9f1298e-d840-49d8-aac3-de81602aa1d5:c5900]
2019-08-30 23:40:49,020 [grpc-default-executor-1] INFO  client.GrpcClientProtocolClient (GrpcClientProtocolClient.java:onNext(255)) - client-D5BE96C883BA->c9f1298e-d840-49d8-aac3-de81602aa1d5: receive RaftClientReply:client-D5BE96C883BA->c9f1298e-d840-49d8-aac3-de81602aa1d5@group-E9810A644481, cid=4292, SUCCESS, logIndex=5899, commits[c9f1298e-d840-49d8-aac3-de81602aa1d5:c5901]
2019-08-30 23:40:49,040 [grpc-default-executor-0] INFO  client.GrpcClientProtocolClient (GrpcClientProtocolClient.java:onNext(255)) - client-D5BE96C883BA->c9f1298e-d840-49d8-aac3-de81602aa1d5: receive RaftClientReply:client-D5BE96C883BA->c9f1298e-d840-49d8-aac3-de81602aa1d5@group-E9810A644481, cid=4293, SUCCESS, logIndex=5902, commits[c9f1298e-d840-49d8-aac3-de81602aa1d5:c5903]
2019-08-30 23:40:49,041 [grpc-default-executor-0] INFO  client.GrpcClientProtocolClient (GrpcClientProtocolClient.java:onNext(255)) - client-D5BE96C883BA->c9f1298e-d840-49d8-aac3-de81602aa1d5: receive RaftClientReply:client-D5BE96C883BA->c9f1298e-d840-49d8-aac3-de81602aa1d5@group-E9810A644481, cid=4294, SUCCESS, logIndex=5903, commits[c9f1298e-d840-49d8-aac3-de81602aa1d5:c5905]
2019-08-30 23:40:49,041 [grpc-default-executor-0] INFO  client.GrpcClientProtocolClient (GrpcClientProtocolClient.java:onNext(255)) - client-D5BE96C883BA->c9f1298e-d840-49d8-aac3-de81602aa1d5: receive RaftClientReply:client-D5BE96C883BA->c9f1298e-d840-49d8-aac3-de81602aa1d5@group-E9810A644481, cid=4295, SUCCESS, logIndex=5904, commits[c9f1298e-d840-49d8-aac3-de81602aa1d5:c5906]
2019-08-30 23:40:49,042 [grpc-default-executor-0] INFO  client.GrpcClientProtocolClient (GrpcClientProtocolClient.java:onNext(255)) - client-D5BE96C883BA->c9f1298e-d840-49d8-aac3-de81602aa1d5: receive RaftClientReply:client-D5BE96C883BA->c9f1298e-d840-49d8-aac3-de81602aa1d5@group-E9810A644481, cid=4296, SUCCESS, logIndex=5905, commits[c9f1298e-d840-49d8-aac3-de81602aa1d5:c5907]
2019-08-30 23:40:49,078 [grpc-default-executor-0] INFO  client.GrpcClientProtocolClient (GrpcClientProtocolClient.java:onNext(255)) - client-D5BE96C883BA->c9f1298e-d840-49d8-aac3-de81602aa1d5: receive RaftClientReply:client-D5BE96C883BA->c9f1298e-d840-49d8-aac3-de81602aa1d5@group-E9810A644481, cid=4297, SUCCESS, logIndex=5908, commits[c9f1298e-d840-49d8-aac3-de81602aa1d5:c5909]
2019-08-30 23:40:49,079 [grpc-default-executor-0] INFO  client.GrpcClientProtocolClient (GrpcClientProtocolClient.java:onNext(255)) - client-D5BE96C883BA->c9f1298e-d840-49d8-aac3-de81602aa1d5: receive RaftClientReply:client-D5BE96C883BA->c9f1298e-d840-49d8-aac3-de81602aa1d5@group-E9810A644481, cid=4298, SUCCESS, logIndex=5909, commits[c9f1298e-d840-49d8-aac3-de81602aa1d5:c5909]
2019-08-30 23:40:49,079 [grpc-default-executor-0] INFO  client.GrpcClientProtocolClient (GrpcClientProtocolClient.java:onNext(255)) - client-D5BE96C883BA->c9f1298e-d840-49d8-aac3-de81602aa1d5: receive RaftClientReply:client-D5BE96C883BA->c9f1298e-d840-49d8-aac3-de81602aa1d5@group-E9810A644481, cid=4299, SUCCESS, logIndex=5910, commits[c9f1298e-d840-49d8-aac3-de81602aa1d5:c5911]
2019-08-30 23:40:49,080 [grpc-default-executor-0] INFO  client.GrpcClientProtocolClient (GrpcClientProtocolClient.java:onNext(255)) - client-D5BE96C883BA->c9f1298e-d840-49d8-aac3-de81602aa1d5: receive RaftClientReply:client-D5BE96C883BA->c9f1298e-d840-49d8-aac3-de81602aa1d5@group-E9810A644481, cid=4300, SUCCESS, logIndex=5911, commits[c9f1298e-d840-49d8-aac3-de81602aa1d5:c5911]
2019-08-30 23:40:49,082 [SCMBlockDeletingService#1] DEBUG block.SCMBlockDeletingService (SCMBlockDeletingService.java:call(138)) - Running DeletedBlockTransactionScanner
2019-08-30 23:40:49,082 [SCMBlockDeletingService#1] DEBUG block.SCMBlockDeletingService (SCMBlockDeletingService.java:call(155)) - Scanned deleted blocks log and got 0 delTX to process.
2019-08-30 23:40:49,121 [grpc-default-executor-0] INFO  client.GrpcClientProtocolClient (GrpcClientProtocolClient.java:onNext(255)) - client-D5BE96C883BA->c9f1298e-d840-49d8-aac3-de81602aa1d5: receive RaftClientReply:client-D5BE96C883BA->c9f1298e-d840-49d8-aac3-de81602aa1d5@group-E9810A644481, cid=4301, SUCCESS, logIndex=5914, commits[c9f1298e-d840-49d8-aac3-de81602aa1d5:c5917]
2019-08-30 23:40:49,121 [grpc-default-executor-0] INFO  client.GrpcClientProtocolClient (GrpcClientProtocolClient.java:onNext(255)) - client-D5BE96C883BA->c9f1298e-d840-49d8-aac3-de81602aa1d5: receive RaftClientReply:client-D5BE96C883BA->c9f1298e-d840-49d8-aac3-de81602aa1d5@group-E9810A644481, cid=4302, SUCCESS, logIndex=5915, commits[c9f1298e-d840-49d8-aac3-de81602aa1d5:c5918]
2019-08-30 23:40:49,123 [grpc-default-executor-0] INFO  client.GrpcClientProtocolClient (GrpcClientProtocolClient.java:onNext(255)) - client-D5BE96C883BA->c9f1298e-d840-49d8-aac3-de81602aa1d5: receive RaftClientReply:client-D5BE96C883BA->c9f1298e-d840-49d8-aac3-de81602aa1d5@group-E9810A644481, cid=4303, SUCCESS, logIndex=5916, commits[c9f1298e-d840-49d8-aac3-de81602aa1d5:c5918]
2019-08-30 23:40:49,124 [grpc-default-executor-0] INFO  client.GrpcClientProtocolClient (GrpcClientProtocolClient.java:onNext(255)) - client-D5BE96C883BA->c9f1298e-d840-49d8-aac3-de81602aa1d5: receive RaftClientReply:client-D5BE96C883BA->c9f1298e-d840-49d8-aac3-de81602aa1d5@group-E9810A644481, cid=4304, SUCCESS, logIndex=5917, commits[c9f1298e-d840-49d8-aac3-de81602aa1d5:c5918]
2019-08-30 23:40:49,163 [grpc-default-executor-0] INFO  client.GrpcClientProtocolClient (GrpcClientProtocolClient.java:onNext(255)) - client-D5BE96C883BA->c9f1298e-d840-49d8-aac3-de81602aa1d5: receive RaftClientReply:client-D5BE96C883BA->c9f1298e-d840-49d8-aac3-de81602aa1d5@group-E9810A644481, cid=4305, SUCCESS, logIndex=5919, commits[c9f1298e-d840-49d8-aac3-de81602aa1d5:c5920]
2019-08-30 23:40:49,163 [grpc-default-executor-0] INFO  client.GrpcClientProtocolClient (GrpcClientProtocolClient.java:onNext(255)) - client-D5BE96C883BA->c9f1298e-d840-49d8-aac3-de81602aa1d5: receive RaftClientReply:client-D5BE96C883BA->c9f1298e-d840-49d8-aac3-de81602aa1d5@group-E9810A644481, cid=4306, SUCCESS, logIndex=5920, commits[c9f1298e-d840-49d8-aac3-de81602aa1d5:c5922]
2019-08-30 23:40:49,164 [grpc-default-executor-0] INFO  client.GrpcClientProtocolClient (GrpcClientProtocolClient.java:onNext(255)) - client-D5BE96C883BA->c9f1298e-d840-49d8-aac3-de81602aa1d5: receive RaftClientReply:client-D5BE96C883BA->c9f1298e-d840-49d8-aac3-de81602aa1d5@group-E9810A644481, cid=4307, SUCCESS, logIndex=5921, commits[c9f1298e-d840-49d8-aac3-de81602aa1d5:c5923]
2019-08-30 23:40:49,164 [grpc-default-executor-0] INFO  client.GrpcClientProtocolClient (GrpcClientProtocolClient.java:onNext(255)) - client-D5BE96C883BA->c9f1298e-d840-49d8-aac3-de81602aa1d5: receive RaftClientReply:client-D5BE96C883BA->c9f1298e-d840-49d8-aac3-de81602aa1d5@group-E9810A644481, cid=4308, SUCCESS, logIndex=5922, commits[c9f1298e-d840-49d8-aac3-de81602aa1d5:c5923]
2019-08-30 23:40:49,182 [SCMBlockDeletingService#1] DEBUG block.SCMBlockDeletingService (SCMBlockDeletingService.java:call(138)) - Running DeletedBlockTransactionScanner
2019-08-30 23:40:49,182 [SCMBlockDeletingService#1] DEBUG block.SCMBlockDeletingService (SCMBlockDeletingService.java:call(155)) - Scanned deleted blocks log and got 0 delTX to process.
2019-08-30 23:40:49,186 [grpc-default-executor-0] INFO  client.GrpcClientProtocolClient (GrpcClientProtocolClient.java:onNext(255)) - client-D5BE96C883BA->c9f1298e-d840-49d8-aac3-de81602aa1d5: receive RaftClientReply:client-D5BE96C883BA->c9f1298e-d840-49d8-aac3-de81602aa1d5@group-E9810A644481, cid=4309, SUCCESS, logIndex=5925, commits[c9f1298e-d840-49d8-aac3-de81602aa1d5:c5928]
2019-08-30 23:40:49,186 [grpc-default-executor-0] INFO  client.GrpcClientProtocolClient (GrpcClientProtocolClient.java:onNext(255)) - client-D5BE96C883BA->c9f1298e-d840-49d8-aac3-de81602aa1d5: receive RaftClientReply:client-D5BE96C883BA->c9f1298e-d840-49d8-aac3-de81602aa1d5@group-E9810A644481, cid=4310, SUCCESS, logIndex=5926, commits[c9f1298e-d840-49d8-aac3-de81602aa1d5:c5929]
2019-08-30 23:40:49,187 [grpc-default-executor-0] INFO  client.GrpcClientProtocolClient (GrpcClientProtocolClient.java:onNext(255)) - client-D5BE96C883BA->c9f1298e-d840-49d8-aac3-de81602aa1d5: receive RaftClientReply:client-D5BE96C883BA->c9f1298e-d840-49d8-aac3-de81602aa1d5@group-E9810A644481, cid=4311, SUCCESS, logIndex=5927, commits[c9f1298e-d840-49d8-aac3-de81602aa1d5:c5929]
2019-08-30 23:40:49,187 [grpc-default-executor-0] INFO  client.GrpcClientProtocolClient (GrpcClientProtocolClient.java:onNext(255)) - client-D5BE96C883BA->c9f1298e-d840-49d8-aac3-de81602aa1d5: receive RaftClientReply:client-D5BE96C883BA->c9f1298e-d840-49d8-aac3-de81602aa1d5@group-E9810A644481, cid=4312, SUCCESS, logIndex=5928, commits[c9f1298e-d840-49d8-aac3-de81602aa1d5:c5929]
2019-08-30 23:40:49,222 [grpc-default-executor-1] INFO  client.GrpcClientProtocolClient (GrpcClientProtocolClient.java:onNext(255)) - client-D5BE96C883BA->c9f1298e-d840-49d8-aac3-de81602aa1d5: receive RaftClientReply:client-D5BE96C883BA->c9f1298e-d840-49d8-aac3-de81602aa1d5@group-E9810A644481, cid=4313, SUCCESS, logIndex=5930, commits[c9f1298e-d840-49d8-aac3-de81602aa1d5:c5933]
2019-08-30 23:40:49,222 [grpc-default-executor-1] INFO  client.GrpcClientProtocolClient (GrpcClientProtocolClient.java:onNext(255)) - client-D5BE96C883BA->c9f1298e-d840-49d8-aac3-de81602aa1d5: receive RaftClientReply:client-D5BE96C883BA->c9f1298e-d840-49d8-aac3-de81602aa1d5@group-E9810A644481, cid=4314, SUCCESS, logIndex=5931, commits[c9f1298e-d840-49d8-aac3-de81602aa1d5:c5934]
2019-08-30 23:40:49,222 [grpc-default-executor-1] INFO  client.GrpcClientProtocolClient (GrpcClientProtocolClient.java:onNext(255)) - client-D5BE96C883BA->c9f1298e-d840-49d8-aac3-de81602aa1d5: receive RaftClientReply:client-D5BE96C883BA->c9f1298e-d840-49d8-aac3-de81602aa1d5@group-E9810A644481, cid=4315, SUCCESS, logIndex=5932, commits[c9f1298e-d840-49d8-aac3-de81602aa1d5:c5934]
2019-08-30 23:40:49,223 [grpc-default-executor-1] INFO  client.GrpcClientProtocolClient (GrpcClientProtocolClient.java:onNext(255)) - client-D5BE96C883BA->c9f1298e-d840-49d8-aac3-de81602aa1d5: receive RaftClientReply:client-D5BE96C883BA->c9f1298e-d840-49d8-aac3-de81602aa1d5@group-E9810A644481, cid=4316, SUCCESS, logIndex=5933, commits[c9f1298e-d840-49d8-aac3-de81602aa1d5:c5934]
2019-08-30 23:40:49,244 [grpc-default-executor-1] INFO  client.GrpcClientProtocolClient (GrpcClientProtocolClient.java:onNext(255)) - client-D5BE96C883BA->c9f1298e-d840-49d8-aac3-de81602aa1d5: receive RaftClientReply:client-D5BE96C883BA->c9f1298e-d840-49d8-aac3-de81602aa1d5@group-E9810A644481, cid=4317, SUCCESS, logIndex=5935, commits[c9f1298e-d840-49d8-aac3-de81602aa1d5:c5938]
2019-08-30 23:40:49,244 [grpc-default-executor-1] INFO  client.GrpcClientProtocolClient (GrpcClientProtocolClient.java:onNext(255)) - client-D5BE96C883BA->c9f1298e-d840-49d8-aac3-de81602aa1d5: receive RaftClientReply:client-D5BE96C883BA->c9f1298e-d840-49d8-aac3-de81602aa1d5@group-E9810A644481, cid=4318, SUCCESS, logIndex=5936, commits[c9f1298e-d840-49d8-aac3-de81602aa1d5:c5939]
2019-08-30 23:40:49,244 [grpc-default-executor-1] INFO  client.GrpcClientProtocolClient (GrpcClientProtocolClient.java:onNext(255)) - client-D5BE96C883BA->c9f1298e-d840-49d8-aac3-de81602aa1d5: receive RaftClientReply:client-D5BE96C883BA->c9f1298e-d840-49d8-aac3-de81602aa1d5@group-E9810A644481, cid=4319, SUCCESS, logIndex=5937, commits[c9f1298e-d840-49d8-aac3-de81602aa1d5:c5939]
2019-08-30 23:40:49,245 [grpc-default-executor-1] INFO  client.GrpcClientProtocolClient (GrpcClientProtocolClient.java:onNext(255)) - client-D5BE96C883BA->c9f1298e-d840-49d8-aac3-de81602aa1d5: receive RaftClientReply:client-D5BE96C883BA->c9f1298e-d840-49d8-aac3-de81602aa1d5@group-E9810A644481, cid=4320, SUCCESS, logIndex=5938, commits[c9f1298e-d840-49d8-aac3-de81602aa1d5:c5939]
2019-08-30 23:40:49,282 [grpc-default-executor-1] INFO  client.GrpcClientProtocolClient (GrpcClientProtocolClient.java:onNext(255)) - client-D5BE96C883BA->c9f1298e-d840-49d8-aac3-de81602aa1d5: receive RaftClientReply:client-D5BE96C883BA->c9f1298e-d840-49d8-aac3-de81602aa1d5@group-E9810A644481, cid=4321, SUCCESS, logIndex=5940, commits[c9f1298e-d840-49d8-aac3-de81602aa1d5:c5943]
2019-08-30 23:40:49,282 [grpc-default-executor-1] INFO  client.GrpcClientProtocolClient (GrpcClientProtocolClient.java:onNext(255)) - client-D5BE96C883BA->c9f1298e-d840-49d8-aac3-de81602aa1d5: receive RaftClientReply:client-D5BE96C883BA->c9f1298e-d840-49d8-aac3-de81602aa1d5@group-E9810A644481, cid=4322, SUCCESS, logIndex=5941, commits[c9f1298e-d840-49d8-aac3-de81602aa1d5:c5944]
2019-08-30 23:40:49,282 [SCMBlockDeletingService#1] DEBUG block.SCMBlockDeletingService (SCMBlockDeletingService.java:call(138)) - Running DeletedBlockTransactionScanner
2019-08-30 23:40:49,283 [SCMBlockDeletingService#1] DEBUG block.SCMBlockDeletingService (SCMBlockDeletingService.java:call(155)) - Scanned deleted blocks log and got 0 delTX to process.
2019-08-30 23:40:49,283 [grpc-default-executor-1] INFO  client.GrpcClientProtocolClient (GrpcClientProtocolClient.java:onNext(255)) - client-D5BE96C883BA->c9f1298e-d840-49d8-aac3-de81602aa1d5: receive RaftClientReply:client-D5BE96C883BA->c9f1298e-d840-49d8-aac3-de81602aa1d5@group-E9810A644481, cid=4323, SUCCESS, logIndex=5942, commits[c9f1298e-d840-49d8-aac3-de81602aa1d5:c5944]
2019-08-30 23:40:49,283 [grpc-default-executor-1] INFO  client.GrpcClientProtocolClient (GrpcClientProtocolClient.java:onNext(255)) - client-D5BE96C883BA->c9f1298e-d840-49d8-aac3-de81602aa1d5: receive RaftClientReply:client-D5BE96C883BA->c9f1298e-d840-49d8-aac3-de81602aa1d5@group-E9810A644481, cid=4324, SUCCESS, logIndex=5943, commits[c9f1298e-d840-49d8-aac3-de81602aa1d5:c5944]
2019-08-30 23:40:49,304 [grpc-default-executor-1] INFO  client.GrpcClientProtocolClient (GrpcClientProtocolClient.java:onNext(255)) - client-D5BE96C883BA->c9f1298e-d840-49d8-aac3-de81602aa1d5: receive RaftClientReply:client-D5BE96C883BA->c9f1298e-d840-49d8-aac3-de81602aa1d5@group-E9810A644481, cid=4325, SUCCESS, logIndex=5945, commits[c9f1298e-d840-49d8-aac3-de81602aa1d5:c5948]
2019-08-30 23:40:49,305 [grpc-default-executor-1] INFO  client.GrpcClientProtocolClient (GrpcClientProtocolClient.java:onNext(255)) - client-D5BE96C883BA->c9f1298e-d840-49d8-aac3-de81602aa1d5: receive RaftClientReply:client-D5BE96C883BA->c9f1298e-d840-49d8-aac3-de81602aa1d5@group-E9810A644481, cid=4326, SUCCESS, logIndex=5946, commits[c9f1298e-d840-49d8-aac3-de81602aa1d5:c5949]
2019-08-30 23:40:49,305 [grpc-default-executor-1] INFO  client.GrpcClientProtocolClient (GrpcClientProtocolClient.java:onNext(255)) - client-D5BE96C883BA->c9f1298e-d840-49d8-aac3-de81602aa1d5: receive RaftClientReply:client-D5BE96C883BA->c9f1298e-d840-49d8-aac3-de81602aa1d5@group-E9810A644481, cid=4327, SUCCESS, logIndex=5947, commits[c9f1298e-d840-49d8-aac3-de81602aa1d5:c5949]
2019-08-30 23:40:49,305 [grpc-default-executor-1] INFO  client.GrpcClientProtocolClient (GrpcClientProtocolClient.java:onNext(255)) - client-D5BE96C883BA->c9f1298e-d840-49d8-aac3-de81602aa1d5: receive RaftClientReply:client-D5BE96C883BA->c9f1298e-d840-49d8-aac3-de81602aa1d5@group-E9810A644481, cid=4328, SUCCESS, logIndex=5948, commits[c9f1298e-d840-49d8-aac3-de81602aa1d5:c5950]
2019-08-30 23:40:49,460 [SCMBlockDeletingService#1] DEBUG block.SCMBlockDeletingService (SCMBlockDeletingService.java:call(138)) - Running DeletedBlockTransactionScanner
2019-08-30 23:40:49,461 [SCMBlockDeletingService#1] DEBUG block.SCMBlockDeletingService (SCMBlockDeletingService.java:call(155)) - Scanned deleted blocks log and got 0 delTX to process.
2019-08-30 23:40:49,483 [grpc-default-executor-0] INFO  client.GrpcClientProtocolClient (GrpcClientProtocolClient.java:onNext(255)) - client-D5BE96C883BA->c9f1298e-d840-49d8-aac3-de81602aa1d5: receive RaftClientReply:client-D5BE96C883BA->c9f1298e-d840-49d8-aac3-de81602aa1d5@group-E9810A644481, cid=4329, SUCCESS, logIndex=5951, commits[c9f1298e-d840-49d8-aac3-de81602aa1d5:c5952]
2019-08-30 23:40:49,484 [grpc-default-executor-0] INFO  client.GrpcClientProtocolClient (GrpcClientProtocolClient.java:onNext(255)) - client-D5BE96C883BA->c9f1298e-d840-49d8-aac3-de81602aa1d5: receive RaftClientReply:client-D5BE96C883BA->c9f1298e-d840-49d8-aac3-de81602aa1d5@group-E9810A644481, cid=4330, SUCCESS, logIndex=5952, commits[c9f1298e-d840-49d8-aac3-de81602aa1d5:c5952]
2019-08-30 23:40:49,562 [SCMBlockDeletingService#1] DEBUG block.SCMBlockDeletingService (SCMBlockDeletingService.java:call(138)) - Running DeletedBlockTransactionScanner
2019-08-30 23:40:49,562 [SCMBlockDeletingService#1] DEBUG block.SCMBlockDeletingService (SCMBlockDeletingService.java:call(155)) - Scanned deleted blocks log and got 0 delTX to process.
2019-08-30 23:40:49,588 [grpc-default-executor-0] INFO  client.GrpcClientProtocolClient (GrpcClientProtocolClient.java:onNext(255)) - client-D5BE96C883BA->c9f1298e-d840-49d8-aac3-de81602aa1d5: receive RaftClientReply:client-D5BE96C883BA->c9f1298e-d840-49d8-aac3-de81602aa1d5@group-E9810A644481, cid=4331, SUCCESS, logIndex=5954, commits[c9f1298e-d840-49d8-aac3-de81602aa1d5:c5955]
2019-08-30 23:40:49,589 [grpc-default-executor-0] INFO  client.GrpcClientProtocolClient (GrpcClientProtocolClient.java:onNext(255)) - client-D5BE96C883BA->c9f1298e-d840-49d8-aac3-de81602aa1d5: receive RaftClientReply:client-D5BE96C883BA->c9f1298e-d840-49d8-aac3-de81602aa1d5@group-E9810A644481, cid=4332, SUCCESS, logIndex=5955, commits[c9f1298e-d840-49d8-aac3-de81602aa1d5:c5956]
2019-08-30 23:40:49,612 [grpc-default-executor-1] INFO  client.GrpcClientProtocolClient (GrpcClientProtocolClient.java:onNext(255)) - client-D5BE96C883BA->c9f1298e-d840-49d8-aac3-de81602aa1d5: receive RaftClientReply:client-D5BE96C883BA->c9f1298e-d840-49d8-aac3-de81602aa1d5@group-E9810A644481, cid=4333, SUCCESS, logIndex=5957, commits[c9f1298e-d840-49d8-aac3-de81602aa1d5:c5960]
2019-08-30 23:40:49,612 [grpc-default-executor-1] INFO  client.GrpcClientProtocolClient (GrpcClientProtocolClient.java:onNext(255)) - client-D5BE96C883BA->c9f1298e-d840-49d8-aac3-de81602aa1d5: receive RaftClientReply:client-D5BE96C883BA->c9f1298e-d840-49d8-aac3-de81602aa1d5@group-E9810A644481, cid=4334, SUCCESS, logIndex=5958, commits[c9f1298e-d840-49d8-aac3-de81602aa1d5:c5961]
2019-08-30 23:40:49,613 [grpc-default-executor-1] INFO  client.GrpcClientProtocolClient (GrpcClientProtocolClient.java:onNext(255)) - client-D5BE96C883BA->c9f1298e-d840-49d8-aac3-de81602aa1d5: receive RaftClientReply:client-D5BE96C883BA->c9f1298e-d840-49d8-aac3-de81602aa1d5@group-E9810A644481, cid=4335, SUCCESS, logIndex=5959, commits[c9f1298e-d840-49d8-aac3-de81602aa1d5:c5961]
2019-08-30 23:40:49,613 [grpc-default-executor-1] INFO  client.GrpcClientProtocolClient (GrpcClientProtocolClient.java:onNext(255)) - client-D5BE96C883BA->c9f1298e-d840-49d8-aac3-de81602aa1d5: receive RaftClientReply:client-D5BE96C883BA->c9f1298e-d840-49d8-aac3-de81602aa1d5@group-E9810A644481, cid=4336, SUCCESS, logIndex=5960, commits[c9f1298e-d840-49d8-aac3-de81602aa1d5:c5961]
2019-08-30 23:40:49,650 [grpc-default-executor-1] INFO  client.GrpcClientProtocolClient (GrpcClientProtocolClient.java:onNext(255)) - client-D5BE96C883BA->c9f1298e-d840-49d8-aac3-de81602aa1d5: receive RaftClientReply:client-D5BE96C883BA->c9f1298e-d840-49d8-aac3-de81602aa1d5@group-E9810A644481, cid=4337, SUCCESS, logIndex=5962, commits[c9f1298e-d840-49d8-aac3-de81602aa1d5:c5965]
2019-08-30 23:40:49,651 [grpc-default-executor-1] INFO  client.GrpcClientProtocolClient (GrpcClientProtocolClient.java:onNext(255)) - client-D5BE96C883BA->c9f1298e-d840-49d8-aac3-de81602aa1d5: receive RaftClientReply:client-D5BE96C883BA->c9f1298e-d840-49d8-aac3-de81602aa1d5@group-E9810A644481, cid=4338, SUCCESS, logIndex=5963, commits[c9f1298e-d840-49d8-aac3-de81602aa1d5:c5966]
2019-08-30 23:40:49,651 [grpc-default-executor-1] INFO  client.GrpcClientProtocolClient (GrpcClientProtocolClient.java:onNext(255)) - client-D5BE96C883BA->c9f1298e-d840-49d8-aac3-de81602aa1d5: receive RaftClientReply:client-D5BE96C883BA->c9f1298e-d840-49d8-aac3-de81602aa1d5@group-E9810A644481, cid=4339, SUCCESS, logIndex=5964, commits[c9f1298e-d840-49d8-aac3-de81602aa1d5:c5966]
2019-08-30 23:40:49,651 [grpc-default-executor-1] INFO  client.GrpcClientProtocolClient (GrpcClientProtocolClient.java:onNext(255)) - client-D5BE96C883BA->c9f1298e-d840-49d8-aac3-de81602aa1d5: receive RaftClientReply:client-D5BE96C883BA->c9f1298e-d840-49d8-aac3-de81602aa1d5@group-E9810A644481, cid=4340, SUCCESS, logIndex=5965, commits[c9f1298e-d840-49d8-aac3-de81602aa1d5:c5966]
2019-08-30 23:40:49,662 [SCMBlockDeletingService#1] DEBUG block.SCMBlockDeletingService (SCMBlockDeletingService.java:call(138)) - Running DeletedBlockTransactionScanner
2019-08-30 23:40:49,662 [SCMBlockDeletingService#1] DEBUG block.SCMBlockDeletingService (SCMBlockDeletingService.java:call(155)) - Scanned deleted blocks log and got 0 delTX to process.
2019-08-30 23:40:49,680 [grpc-default-executor-0] INFO  client.GrpcClientProtocolClient (GrpcClientProtocolClient.java:onNext(255)) - client-D5BE96C883BA->c9f1298e-d840-49d8-aac3-de81602aa1d5: receive RaftClientReply:client-D5BE96C883BA->c9f1298e-d840-49d8-aac3-de81602aa1d5@group-E9810A644481, cid=4341, SUCCESS, logIndex=5967, commits[c9f1298e-d840-49d8-aac3-de81602aa1d5:c5970]
2019-08-30 23:40:49,680 [grpc-default-executor-0] INFO  client.GrpcClientProtocolClient (GrpcClientProtocolClient.java:onNext(255)) - client-D5BE96C883BA->c9f1298e-d840-49d8-aac3-de81602aa1d5: receive RaftClientReply:client-D5BE96C883BA->c9f1298e-d840-49d8-aac3-de81602aa1d5@group-E9810A644481, cid=4342, SUCCESS, logIndex=5968, commits[c9f1298e-d840-49d8-aac3-de81602aa1d5:c5971]
2019-08-30 23:40:49,681 [grpc-default-executor-0] INFO  client.GrpcClientProtocolClient (GrpcClientProtocolClient.java:onNext(255)) - client-D5BE96C883BA->c9f1298e-d840-49d8-aac3-de81602aa1d5: receive RaftClientReply:client-D5BE96C883BA->c9f1298e-d840-49d8-aac3-de81602aa1d5@group-E9810A644481, cid=4343, SUCCESS, logIndex=5969, commits[c9f1298e-d840-49d8-aac3-de81602aa1d5:c5971]
2019-08-30 23:40:49,681 [grpc-default-executor-0] INFO  client.GrpcClientProtocolClient (GrpcClientProtocolClient.java:onNext(255)) - client-D5BE96C883BA->c9f1298e-d840-49d8-aac3-de81602aa1d5: receive RaftClientReply:client-D5BE96C883BA->c9f1298e-d840-49d8-aac3-de81602aa1d5@group-E9810A644481, cid=4344, SUCCESS, logIndex=5970, commits[c9f1298e-d840-49d8-aac3-de81602aa1d5:c5971]
2019-08-30 23:40:49,711 [grpc-default-executor-1] INFO  client.GrpcClientProtocolClient (GrpcClientProtocolClient.java:onNext(255)) - client-D5BE96C883BA->c9f1298e-d840-49d8-aac3-de81602aa1d5: receive RaftClientReply:client-D5BE96C883BA->c9f1298e-d840-49d8-aac3-de81602aa1d5@group-E9810A644481, cid=4345, SUCCESS, logIndex=5972, commits[c9f1298e-d840-49d8-aac3-de81602aa1d5:c5975]
2019-08-30 23:40:49,712 [grpc-default-executor-1] INFO  client.GrpcClientProtocolClient (GrpcClientProtocolClient.java:onNext(255)) - client-D5BE96C883BA->c9f1298e-d840-49d8-aac3-de81602aa1d5: receive RaftClientReply:client-D5BE96C883BA->c9f1298e-d840-49d8-aac3-de81602aa1d5@group-E9810A644481, cid=4346, SUCCESS, logIndex=5973, commits[c9f1298e-d840-49d8-aac3-de81602aa1d5:c5975]
2019-08-30 23:40:49,712 [grpc-default-executor-1] INFO  client.GrpcClientProtocolClient (GrpcClientProtocolClient.java:onNext(255)) - client-D5BE96C883BA->c9f1298e-d840-49d8-aac3-de81602aa1d5: receive RaftClientReply:client-D5BE96C883BA->c9f1298e-d840-49d8-aac3-de81602aa1d5@group-E9810A644481, cid=4347, SUCCESS, logIndex=5974, commits[c9f1298e-d840-49d8-aac3-de81602aa1d5:c5975]
2019-08-30 23:40:49,712 [grpc-default-executor-1] INFO  client.GrpcClientProtocolClient (GrpcClientProtocolClient.java:onNext(255)) - client-D5BE96C883BA->c9f1298e-d840-49d8-aac3-de81602aa1d5: receive RaftClientReply:client-D5BE96C883BA->c9f1298e-d840-49d8-aac3-de81602aa1d5@group-E9810A644481, cid=4348, SUCCESS, logIndex=5975, commits[c9f1298e-d840-49d8-aac3-de81602aa1d5:c5975]
2019-08-30 23:40:49,732 [grpc-default-executor-1] INFO  client.GrpcClientProtocolClient (GrpcClientProtocolClient.java:onNext(255)) - client-D5BE96C883BA->c9f1298e-d840-49d8-aac3-de81602aa1d5: receive RaftClientReply:client-D5BE96C883BA->c9f1298e-d840-49d8-aac3-de81602aa1d5@group-E9810A644481, cid=4349, SUCCESS, logIndex=5977, commits[c9f1298e-d840-49d8-aac3-de81602aa1d5:c5980]
2019-08-30 23:40:49,732 [grpc-default-executor-1] INFO  client.GrpcClientProtocolClient (GrpcClientProtocolClient.java:onNext(255)) - client-D5BE96C883BA->c9f1298e-d840-49d8-aac3-de81602aa1d5: receive RaftClientReply:client-D5BE96C883BA->c9f1298e-d840-49d8-aac3-de81602aa1d5@group-E9810A644481, cid=4350, SUCCESS, logIndex=5978, commits[c9f1298e-d840-49d8-aac3-de81602aa1d5:c5980]
2019-08-30 23:40:49,732 [grpc-default-executor-1] INFO  client.GrpcClientProtocolClient (GrpcClientProtocolClient.java:onNext(255)) - client-D5BE96C883BA->c9f1298e-d840-49d8-aac3-de81602aa1d5: receive RaftClientReply:client-D5BE96C883BA->c9f1298e-d840-49d8-aac3-de81602aa1d5@group-E9810A644481, cid=4351, SUCCESS, logIndex=5979, commits[c9f1298e-d840-49d8-aac3-de81602aa1d5:c5980]
2019-08-30 23:40:49,733 [grpc-default-executor-1] INFO  client.GrpcClientProtocolClient (GrpcClientProtocolClient.java:onNext(255)) - client-D5BE96C883BA->c9f1298e-d840-49d8-aac3-de81602aa1d5: receive RaftClientReply:client-D5BE96C883BA->c9f1298e-d840-49d8-aac3-de81602aa1d5@group-E9810A644481, cid=4352, SUCCESS, logIndex=5980, commits[c9f1298e-d840-49d8-aac3-de81602aa1d5:c5980]
2019-08-30 23:40:49,763 [SCMBlockDeletingService#1] DEBUG block.SCMBlockDeletingService (SCMBlockDeletingService.java:call(138)) - Running DeletedBlockTransactionScanner
2019-08-30 23:40:49,763 [SCMBlockDeletingService#1] DEBUG block.SCMBlockDeletingService (SCMBlockDeletingService.java:call(155)) - Scanned deleted blocks log and got 0 delTX to process.
2019-08-30 23:40:49,763 [grpc-default-executor-0] INFO  client.GrpcClientProtocolClient (GrpcClientProtocolClient.java:onNext(255)) - client-D5BE96C883BA->c9f1298e-d840-49d8-aac3-de81602aa1d5: receive RaftClientReply:client-D5BE96C883BA->c9f1298e-d840-49d8-aac3-de81602aa1d5@group-E9810A644481, cid=4353, SUCCESS, logIndex=5982, commits[c9f1298e-d840-49d8-aac3-de81602aa1d5:c5985]
2019-08-30 23:40:49,764 [grpc-default-executor-0] INFO  client.GrpcClientProtocolClient (GrpcClientProtocolClient.java:onNext(255)) - client-D5BE96C883BA->c9f1298e-d840-49d8-aac3-de81602aa1d5: receive RaftClientReply:client-D5BE96C883BA->c9f1298e-d840-49d8-aac3-de81602aa1d5@group-E9810A644481, cid=4354, SUCCESS, logIndex=5983, commits[c9f1298e-d840-49d8-aac3-de81602aa1d5:c5986]
2019-08-30 23:40:49,764 [grpc-default-executor-0] INFO  client.GrpcClientProtocolClient (GrpcClientProtocolClient.java:onNext(255)) - client-D5BE96C883BA->c9f1298e-d840-49d8-aac3-de81602aa1d5: receive RaftClientReply:client-D5BE96C883BA->c9f1298e-d840-49d8-aac3-de81602aa1d5@group-E9810A644481, cid=4355, SUCCESS, logIndex=5984, commits[c9f1298e-d840-49d8-aac3-de81602aa1d5:c5986]
2019-08-30 23:40:49,764 [grpc-default-executor-0] INFO  client.GrpcClientProtocolClient (GrpcClientProtocolClient.java:onNext(255)) - client-D5BE96C883BA->c9f1298e-d840-49d8-aac3-de81602aa1d5: receive RaftClientReply:client-D5BE96C883BA->c9f1298e-d840-49d8-aac3-de81602aa1d5@group-E9810A644481, cid=4356, SUCCESS, logIndex=5985, commits[c9f1298e-d840-49d8-aac3-de81602aa1d5:c5986]
2019-08-30 23:40:49,784 [grpc-default-executor-1] INFO  client.GrpcClientProtocolClient (GrpcClientProtocolClient.java:onNext(255)) - client-D5BE96C883BA->c9f1298e-d840-49d8-aac3-de81602aa1d5: receive RaftClientReply:client-D5BE96C883BA->c9f1298e-d840-49d8-aac3-de81602aa1d5@group-E9810A644481, cid=4357, SUCCESS, logIndex=5987, commits[c9f1298e-d840-49d8-aac3-de81602aa1d5:c5990]
2019-08-30 23:40:49,784 [grpc-default-executor-1] INFO  client.GrpcClientProtocolClient (GrpcClientProtocolClient.java:onNext(255)) - client-D5BE96C883BA->c9f1298e-d840-49d8-aac3-de81602aa1d5: receive RaftClientReply:client-D5BE96C883BA->c9f1298e-d840-49d8-aac3-de81602aa1d5@group-E9810A644481, cid=4358, SUCCESS, logIndex=5988, commits[c9f1298e-d840-49d8-aac3-de81602aa1d5:c5991]
2019-08-30 23:40:49,784 [grpc-default-executor-1] INFO  client.GrpcClientProtocolClient (GrpcClientProtocolClient.java:onNext(255)) - client-D5BE96C883BA->c9f1298e-d840-49d8-aac3-de81602aa1d5: receive RaftClientReply:client-D5BE96C883BA->c9f1298e-d840-49d8-aac3-de81602aa1d5@group-E9810A644481, cid=4359, SUCCESS, logIndex=5989, commits[c9f1298e-d840-49d8-aac3-de81602aa1d5:c5991]
2019-08-30 23:40:49,784 [grpc-default-executor-1] INFO  client.GrpcClientProtocolClient (GrpcClientProtocolClient.java:onNext(255)) - client-D5BE96C883BA->c9f1298e-d840-49d8-aac3-de81602aa1d5: receive RaftClientReply:client-D5BE96C883BA->c9f1298e-d840-49d8-aac3-de81602aa1d5@group-E9810A644481, cid=4360, SUCCESS, logIndex=5990, commits[c9f1298e-d840-49d8-aac3-de81602aa1d5:c5991]
2019-08-30 23:40:49,814 [grpc-default-executor-1] INFO  client.GrpcClientProtocolClient (GrpcClientProtocolClient.java:onNext(255)) - client-D5BE96C883BA->c9f1298e-d840-49d8-aac3-de81602aa1d5: receive RaftClientReply:client-D5BE96C883BA->c9f1298e-d840-49d8-aac3-de81602aa1d5@group-E9810A644481, cid=4361, SUCCESS, logIndex=5992, commits[c9f1298e-d840-49d8-aac3-de81602aa1d5:c5995]
2019-08-30 23:40:49,814 [grpc-default-executor-1] INFO  client.GrpcClientProtocolClient (GrpcClientProtocolClient.java:onNext(255)) - client-D5BE96C883BA->c9f1298e-d840-49d8-aac3-de81602aa1d5: receive RaftClientReply:client-D5BE96C883BA->c9f1298e-d840-49d8-aac3-de81602aa1d5@group-E9810A644481, cid=4362, SUCCESS, logIndex=5993, commits[c9f1298e-d840-49d8-aac3-de81602aa1d5:c5996]
2019-08-30 23:40:49,814 [grpc-default-executor-1] INFO  client.GrpcClientProtocolClient (GrpcClientProtocolClient.java:onNext(255)) - client-D5BE96C883BA->c9f1298e-d840-49d8-aac3-de81602aa1d5: receive RaftClientReply:client-D5BE96C883BA->c9f1298e-d840-49d8-aac3-de81602aa1d5@group-E9810A644481, cid=4363, SUCCESS, logIndex=5994, commits[c9f1298e-d840-49d8-aac3-de81602aa1d5:c5996]
2019-08-30 23:40:49,815 [grpc-default-executor-1] INFO  client.GrpcClientProtocolClient (GrpcClientProtocolClient.java:onNext(255)) - client-D5BE96C883BA->c9f1298e-d840-49d8-aac3-de81602aa1d5: receive RaftClientReply:client-D5BE96C883BA->c9f1298e-d840-49d8-aac3-de81602aa1d5@group-E9810A644481, cid=4364, SUCCESS, logIndex=5995, commits[c9f1298e-d840-49d8-aac3-de81602aa1d5:c5996]
2019-08-30 23:40:49,835 [grpc-default-executor-1] INFO  client.GrpcClientProtocolClient (GrpcClientProtocolClient.java:onNext(255)) - client-D5BE96C883BA->c9f1298e-d840-49d8-aac3-de81602aa1d5: receive RaftClientReply:client-D5BE96C883BA->c9f1298e-d840-49d8-aac3-de81602aa1d5@group-E9810A644481, cid=4365, SUCCESS, logIndex=5997, commits[c9f1298e-d840-49d8-aac3-de81602aa1d5:c6000]
2019-08-30 23:40:49,835 [grpc-default-executor-1] INFO  client.GrpcClientProtocolClient (GrpcClientProtocolClient.java:onNext(255)) - client-D5BE96C883BA->c9f1298e-d840-49d8-aac3-de81602aa1d5: receive RaftClientReply:client-D5BE96C883BA->c9f1298e-d840-49d8-aac3-de81602aa1d5@group-E9810A644481, cid=4366, SUCCESS, logIndex=5998, commits[c9f1298e-d840-49d8-aac3-de81602aa1d5:c6000]
2019-08-30 23:40:49,835 [grpc-default-executor-1] INFO  client.GrpcClientProtocolClient (GrpcClientProtocolClient.java:onNext(255)) - client-D5BE96C883BA->c9f1298e-d840-49d8-aac3-de81602aa1d5: receive RaftClientReply:client-D5BE96C883BA->c9f1298e-d840-49d8-aac3-de81602aa1d5@group-E9810A644481, cid=4367, SUCCESS, logIndex=5999, commits[c9f1298e-d840-49d8-aac3-de81602aa1d5:c6000]
2019-08-30 23:40:49,836 [grpc-default-executor-1] INFO  client.GrpcClientProtocolClient (GrpcClientProtocolClient.java:onNext(255)) - client-D5BE96C883BA->c9f1298e-d840-49d8-aac3-de81602aa1d5: receive RaftClientReply:client-D5BE96C883BA->c9f1298e-d840-49d8-aac3-de81602aa1d5@group-E9810A644481, cid=4368, SUCCESS, logIndex=6000, commits[c9f1298e-d840-49d8-aac3-de81602aa1d5:c6000]
2019-08-30 23:40:49,863 [SCMBlockDeletingService#1] DEBUG block.SCMBlockDeletingService (SCMBlockDeletingService.java:call(138)) - Running DeletedBlockTransactionScanner
2019-08-30 23:40:49,863 [SCMBlockDeletingService#1] DEBUG block.SCMBlockDeletingService (SCMBlockDeletingService.java:call(155)) - Scanned deleted blocks log and got 0 delTX to process.
2019-08-30 23:40:49,865 [grpc-default-executor-1] INFO  client.GrpcClientProtocolClient (GrpcClientProtocolClient.java:onNext(255)) - client-D5BE96C883BA->c9f1298e-d840-49d8-aac3-de81602aa1d5: receive RaftClientReply:client-D5BE96C883BA->c9f1298e-d840-49d8-aac3-de81602aa1d5@group-E9810A644481, cid=4369, SUCCESS, logIndex=6002, commits[c9f1298e-d840-49d8-aac3-de81602aa1d5:c6005]
2019-08-30 23:40:49,865 [grpc-default-executor-1] INFO  client.GrpcClientProtocolClient (GrpcClientProtocolClient.java:onNext(255)) - client-D5BE96C883BA->c9f1298e-d840-49d8-aac3-de81602aa1d5: receive RaftClientReply:client-D5BE96C883BA->c9f1298e-d840-49d8-aac3-de81602aa1d5@group-E9810A644481, cid=4370, SUCCESS, logIndex=6003, commits[c9f1298e-d840-49d8-aac3-de81602aa1d5:c6006]
2019-08-30 23:40:49,866 [grpc-default-executor-1] INFO  client.GrpcClientProtocolClient (GrpcClientProtocolClient.java:onNext(255)) - client-D5BE96C883BA->c9f1298e-d840-49d8-aac3-de81602aa1d5: receive RaftClientReply:client-D5BE96C883BA->c9f1298e-d840-49d8-aac3-de81602aa1d5@group-E9810A644481, cid=4371, SUCCESS, logIndex=6004, commits[c9f1298e-d840-49d8-aac3-de81602aa1d5:c6006]
2019-08-30 23:40:49,866 [grpc-default-executor-1] INFO  client.GrpcClientProtocolClient (GrpcClientProtocolClient.java:onNext(255)) - client-D5BE96C883BA->c9f1298e-d840-49d8-aac3-de81602aa1d5: receive RaftClientReply:client-D5BE96C883BA->c9f1298e-d840-49d8-aac3-de81602aa1d5@group-E9810A644481, cid=4372, SUCCESS, logIndex=6005, commits[c9f1298e-d840-49d8-aac3-de81602aa1d5:c6006]
2019-08-30 23:40:49,884 [grpc-default-executor-1] INFO  client.GrpcClientProtocolClient (GrpcClientProtocolClient.java:onNext(255)) - client-D5BE96C883BA->c9f1298e-d840-49d8-aac3-de81602aa1d5: receive RaftClientReply:client-D5BE96C883BA->c9f1298e-d840-49d8-aac3-de81602aa1d5@group-E9810A644481, cid=4373, SUCCESS, logIndex=6007, commits[c9f1298e-d840-49d8-aac3-de81602aa1d5:c6008]
2019-08-30 23:40:49,885 [grpc-default-executor-1] INFO  client.GrpcClientProtocolClient (GrpcClientProtocolClient.java:onNext(255)) - client-D5BE96C883BA->c9f1298e-d840-49d8-aac3-de81602aa1d5: receive RaftClientReply:client-D5BE96C883BA->c9f1298e-d840-49d8-aac3-de81602aa1d5@group-E9810A644481, cid=4374, SUCCESS, logIndex=6008, commits[c9f1298e-d840-49d8-aac3-de81602aa1d5:c6009]
2019-08-30 23:40:49,964 [SCMBlockDeletingService#1] DEBUG block.SCMBlockDeletingService (SCMBlockDeletingService.java:call(138)) - Running DeletedBlockTransactionScanner
2019-08-30 23:40:49,964 [SCMBlockDeletingService#1] DEBUG block.SCMBlockDeletingService (SCMBlockDeletingService.java:call(155)) - Scanned deleted blocks log and got 0 delTX to process.
2019-08-30 23:40:49,994 [grpc-default-executor-0] INFO  client.GrpcClientProtocolClient (GrpcClientProtocolClient.java:onNext(255)) - client-D5BE96C883BA->c9f1298e-d840-49d8-aac3-de81602aa1d5: receive RaftClientReply:client-D5BE96C883BA->c9f1298e-d840-49d8-aac3-de81602aa1d5@group-E9810A644481, cid=4375, SUCCESS, logIndex=6010, commits[c9f1298e-d840-49d8-aac3-de81602aa1d5:c6011]
2019-08-30 23:40:49,994 [grpc-default-executor-0] INFO  client.GrpcClientProtocolClient (GrpcClientProtocolClient.java:onNext(255)) - client-D5BE96C883BA->c9f1298e-d840-49d8-aac3-de81602aa1d5: receive RaftClientReply:client-D5BE96C883BA->c9f1298e-d840-49d8-aac3-de81602aa1d5@group-E9810A644481, cid=4376, SUCCESS, logIndex=6011, commits[c9f1298e-d840-49d8-aac3-de81602aa1d5:c6012]
2019-08-30 23:40:50,025 [grpc-default-executor-1] INFO  client.GrpcClientProtocolClient (GrpcClientProtocolClient.java:onNext(255)) - client-D5BE96C883BA->c9f1298e-d840-49d8-aac3-de81602aa1d5: receive RaftClientReply:client-D5BE96C883BA->c9f1298e-d840-49d8-aac3-de81602aa1d5@group-E9810A644481, cid=4377, SUCCESS, logIndex=6013, commits[c9f1298e-d840-49d8-aac3-de81602aa1d5:c6014]
2019-08-30 23:40:50,026 [grpc-default-executor-1] INFO  client.GrpcClientProtocolClient (GrpcClientProtocolClient.java:onNext(255)) - client-D5BE96C883BA->c9f1298e-d840-49d8-aac3-de81602aa1d5: receive RaftClientReply:client-D5BE96C883BA->c9f1298e-d840-49d8-aac3-de81602aa1d5@group-E9810A644481, cid=4378, SUCCESS, logIndex=6014, commits[c9f1298e-d840-49d8-aac3-de81602aa1d5:c6016]
2019-08-30 23:40:50,026 [grpc-default-executor-1] INFO  client.GrpcClientProtocolClient (GrpcClientProtocolClient.java:onNext(255)) - client-D5BE96C883BA->c9f1298e-d840-49d8-aac3-de81602aa1d5: receive RaftClientReply:client-D5BE96C883BA->c9f1298e-d840-49d8-aac3-de81602aa1d5@group-E9810A644481, cid=4379, SUCCESS, logIndex=6015, commits[c9f1298e-d840-49d8-aac3-de81602aa1d5:c6016]
2019-08-30 23:40:50,026 [grpc-default-executor-1] INFO  client.GrpcClientProtocolClient (GrpcClientProtocolClient.java:onNext(255)) - client-D5BE96C883BA->c9f1298e-d840-49d8-aac3-de81602aa1d5: receive RaftClientReply:client-D5BE96C883BA->c9f1298e-d840-49d8-aac3-de81602aa1d5@group-E9810A644481, cid=4380, SUCCESS, logIndex=6016, commits[c9f1298e-d840-49d8-aac3-de81602aa1d5:c6016]
2019-08-30 23:40:50,046 [grpc-default-executor-0] INFO  client.GrpcClientProtocolClient (GrpcClientProtocolClient.java:onNext(255)) - client-D5BE96C883BA->c9f1298e-d840-49d8-aac3-de81602aa1d5: receive RaftClientReply:client-D5BE96C883BA->c9f1298e-d840-49d8-aac3-de81602aa1d5@group-E9810A644481, cid=4381, SUCCESS, logIndex=6019, commits[c9f1298e-d840-49d8-aac3-de81602aa1d5:c6020]
2019-08-30 23:40:50,046 [grpc-default-executor-0] INFO  client.GrpcClientProtocolClient (GrpcClientProtocolClient.java:onNext(255)) - client-D5BE96C883BA->c9f1298e-d840-49d8-aac3-de81602aa1d5: receive RaftClientReply:client-D5BE96C883BA->c9f1298e-d840-49d8-aac3-de81602aa1d5@group-E9810A644481, cid=4382, SUCCESS, logIndex=6020, commits[c9f1298e-d840-49d8-aac3-de81602aa1d5:c6020]
2019-08-30 23:40:50,047 [grpc-default-executor-0] INFO  client.GrpcClientProtocolClient (GrpcClientProtocolClient.java:onNext(255)) - client-D5BE96C883BA->c9f1298e-d840-49d8-aac3-de81602aa1d5: receive RaftClientReply:client-D5BE96C883BA->c9f1298e-d840-49d8-aac3-de81602aa1d5@group-E9810A644481, cid=4383, SUCCESS, logIndex=6021, commits[c9f1298e-d840-49d8-aac3-de81602aa1d5:c6022]
2019-08-30 23:40:50,047 [grpc-default-executor-0] INFO  client.GrpcClientProtocolClient (GrpcClientProtocolClient.java:onNext(255)) - client-D5BE96C883BA->c9f1298e-d840-49d8-aac3-de81602aa1d5: receive RaftClientReply:client-D5BE96C883BA->c9f1298e-d840-49d8-aac3-de81602aa1d5@group-E9810A644481, cid=4384, SUCCESS, logIndex=6022, commits[c9f1298e-d840-49d8-aac3-de81602aa1d5:c6023]
2019-08-30 23:40:50,064 [SCMBlockDeletingService#1] DEBUG block.SCMBlockDeletingService (SCMBlockDeletingService.java:call(138)) - Running DeletedBlockTransactionScanner
2019-08-30 23:40:50,065 [SCMBlockDeletingService#1] DEBUG block.SCMBlockDeletingService (SCMBlockDeletingService.java:call(155)) - Scanned deleted blocks log and got 0 delTX to process.
2019-08-30 23:40:50,080 [grpc-default-executor-1] INFO  client.GrpcClientProtocolClient (GrpcClientProtocolClient.java:onNext(255)) - client-D5BE96C883BA->c9f1298e-d840-49d8-aac3-de81602aa1d5: receive RaftClientReply:client-D5BE96C883BA->c9f1298e-d840-49d8-aac3-de81602aa1d5@group-E9810A644481, cid=4385, SUCCESS, logIndex=6025, commits[c9f1298e-d840-49d8-aac3-de81602aa1d5:c6028]
2019-08-30 23:40:50,081 [grpc-default-executor-1] INFO  client.GrpcClientProtocolClient (GrpcClientProtocolClient.java:onNext(255)) - client-D5BE96C883BA->c9f1298e-d840-49d8-aac3-de81602aa1d5: receive RaftClientReply:client-D5BE96C883BA->c9f1298e-d840-49d8-aac3-de81602aa1d5@group-E9810A644481, cid=4386, SUCCESS, logIndex=6026, commits[c9f1298e-d840-49d8-aac3-de81602aa1d5:c6028]
2019-08-30 23:40:50,081 [grpc-default-executor-1] INFO  client.GrpcClientProtocolClient (GrpcClientProtocolClient.java:onNext(255)) - client-D5BE96C883BA->c9f1298e-d840-49d8-aac3-de81602aa1d5: receive RaftClientReply:client-D5BE96C883BA->c9f1298e-d840-49d8-aac3-de81602aa1d5@group-E9810A644481, cid=4387, SUCCESS, logIndex=6027, commits[c9f1298e-d840-49d8-aac3-de81602aa1d5:c6029]
2019-08-30 23:40:50,082 [grpc-default-executor-1] INFO  client.GrpcClientProtocolClient (GrpcClientProtocolClient.java:onNext(255)) - client-D5BE96C883BA->c9f1298e-d840-49d8-aac3-de81602aa1d5: receive RaftClientReply:client-D5BE96C883BA->c9f1298e-d840-49d8-aac3-de81602aa1d5@group-E9810A644481, cid=4388, SUCCESS, logIndex=6028, commits[c9f1298e-d840-49d8-aac3-de81602aa1d5:c6029]
2019-08-30 23:40:50,102 [grpc-default-executor-1] INFO  client.GrpcClientProtocolClient (GrpcClientProtocolClient.java:onNext(255)) - client-D5BE96C883BA->c9f1298e-d840-49d8-aac3-de81602aa1d5: receive RaftClientReply:client-D5BE96C883BA->c9f1298e-d840-49d8-aac3-de81602aa1d5@group-E9810A644481, cid=4389, SUCCESS, logIndex=6031, commits[c9f1298e-d840-49d8-aac3-de81602aa1d5:c6032]
2019-08-30 23:40:50,102 [grpc-default-executor-1] INFO  client.GrpcClientProtocolClient (GrpcClientProtocolClient.java:onNext(255)) - client-D5BE96C883BA->c9f1298e-d840-49d8-aac3-de81602aa1d5: receive RaftClientReply:client-D5BE96C883BA->c9f1298e-d840-49d8-aac3-de81602aa1d5@group-E9810A644481, cid=4390, SUCCESS, logIndex=6032, commits[c9f1298e-d840-49d8-aac3-de81602aa1d5:c6034]
2019-08-30 23:40:50,102 [grpc-default-executor-1] INFO  client.GrpcClientProtocolClient (GrpcClientProtocolClient.java:onNext(255)) - client-D5BE96C883BA->c9f1298e-d840-49d8-aac3-de81602aa1d5: receive RaftClientReply:client-D5BE96C883BA->c9f1298e-d840-49d8-aac3-de81602aa1d5@group-E9810A644481, cid=4391, SUCCESS, logIndex=6033, commits[c9f1298e-d840-49d8-aac3-de81602aa1d5:c6034]
2019-08-30 23:40:50,103 [grpc-default-executor-1] INFO  client.GrpcClientProtocolClient (GrpcClientProtocolClient.java:onNext(255)) - client-D5BE96C883BA->c9f1298e-d840-49d8-aac3-de81602aa1d5: receive RaftClientReply:client-D5BE96C883BA->c9f1298e-d840-49d8-aac3-de81602aa1d5@group-E9810A644481, cid=4392, SUCCESS, logIndex=6034, commits[c9f1298e-d840-49d8-aac3-de81602aa1d5:c6034]
2019-08-30 23:40:50,138 [grpc-default-executor-0] INFO  client.GrpcClientProtocolClient (GrpcClientProtocolClient.java:onNext(255)) - client-D5BE96C883BA->c9f1298e-d840-49d8-aac3-de81602aa1d5: receive RaftClientReply:client-D5BE96C883BA->c9f1298e-d840-49d8-aac3-de81602aa1d5@group-E9810A644481, cid=4393, SUCCESS, logIndex=6037, commits[c9f1298e-d840-49d8-aac3-de81602aa1d5:c6040]
2019-08-30 23:40:50,139 [grpc-default-executor-0] INFO  client.GrpcClientProtocolClient (GrpcClientProtocolClient.java:onNext(255)) - client-D5BE96C883BA->c9f1298e-d840-49d8-aac3-de81602aa1d5: receive RaftClientReply:client-D5BE96C883BA->c9f1298e-d840-49d8-aac3-de81602aa1d5@group-E9810A644481, cid=4394, SUCCESS, logIndex=6038, commits[c9f1298e-d840-49d8-aac3-de81602aa1d5:c6041]
2019-08-30 23:40:50,139 [grpc-default-executor-0] INFO  client.GrpcClientProtocolClient (GrpcClientProtocolClient.java:onNext(255)) - client-D5BE96C883BA->c9f1298e-d840-49d8-aac3-de81602aa1d5: receive RaftClientReply:client-D5BE96C883BA->c9f1298e-d840-49d8-aac3-de81602aa1d5@group-E9810A644481, cid=4395, SUCCESS, logIndex=6039, commits[c9f1298e-d840-49d8-aac3-de81602aa1d5:c6041]
2019-08-30 23:40:50,139 [grpc-default-executor-0] INFO  client.GrpcClientProtocolClient (GrpcClientProtocolClient.java:onNext(255)) - client-D5BE96C883BA->c9f1298e-d840-49d8-aac3-de81602aa1d5: receive RaftClientReply:client-D5BE96C883BA->c9f1298e-d840-49d8-aac3-de81602aa1d5@group-E9810A644481, cid=4396, SUCCESS, logIndex=6040, commits[c9f1298e-d840-49d8-aac3-de81602aa1d5:c6041]
2019-08-30 23:40:50,160 [grpc-default-executor-1] INFO  client.GrpcClientProtocolClient (GrpcClientProtocolClient.java:onNext(255)) - client-D5BE96C883BA->c9f1298e-d840-49d8-aac3-de81602aa1d5: receive RaftClientReply:client-D5BE96C883BA->c9f1298e-d840-49d8-aac3-de81602aa1d5@group-E9810A644481, cid=4397, SUCCESS, logIndex=6042, commits[c9f1298e-d840-49d8-aac3-de81602aa1d5:c6043]
2019-08-30 23:40:50,160 [grpc-default-executor-1] INFO  client.GrpcClientProtocolClient (GrpcClientProtocolClient.java:onNext(255)) - client-D5BE96C883BA->c9f1298e-d840-49d8-aac3-de81602aa1d5: receive RaftClientReply:client-D5BE96C883BA->c9f1298e-d840-49d8-aac3-de81602aa1d5@group-E9810A644481, cid=4398, SUCCESS, logIndex=6043, commits[c9f1298e-d840-49d8-aac3-de81602aa1d5:c6045]
2019-08-30 23:40:50,161 [grpc-default-executor-1] INFO  client.GrpcClientProtocolClient (GrpcClientProtocolClient.java:onNext(255)) - client-D5BE96C883BA->c9f1298e-d840-49d8-aac3-de81602aa1d5: receive RaftClientReply:client-D5BE96C883BA->c9f1298e-d840-49d8-aac3-de81602aa1d5@group-E9810A644481, cid=4399, SUCCESS, logIndex=6044, commits[c9f1298e-d840-49d8-aac3-de81602aa1d5:c6046]
2019-08-30 23:40:50,161 [grpc-default-executor-1] INFO  client.GrpcClientProtocolClient (GrpcClientProtocolClient.java:onNext(255)) - client-D5BE96C883BA->c9f1298e-d840-49d8-aac3-de81602aa1d5: receive RaftClientReply:client-D5BE96C883BA->c9f1298e-d840-49d8-aac3-de81602aa1d5@group-E9810A644481, cid=4400, SUCCESS, logIndex=6045, commits[c9f1298e-d840-49d8-aac3-de81602aa1d5:c6046]
2019-08-30 23:40:50,167 [SCMBlockDeletingService#1] DEBUG block.SCMBlockDeletingService (SCMBlockDeletingService.java:call(138)) - Running DeletedBlockTransactionScanner
2019-08-30 23:40:50,167 [SCMBlockDeletingService#1] DEBUG block.SCMBlockDeletingService (SCMBlockDeletingService.java:call(155)) - Scanned deleted blocks log and got 0 delTX to process.
2019-08-30 23:40:50,195 [grpc-default-executor-0] INFO  client.GrpcClientProtocolClient (GrpcClientProtocolClient.java:onNext(255)) - client-D5BE96C883BA->c9f1298e-d840-49d8-aac3-de81602aa1d5: receive RaftClientReply:client-D5BE96C883BA->c9f1298e-d840-49d8-aac3-de81602aa1d5@group-E9810A644481, cid=4401, SUCCESS, logIndex=6048, commits[c9f1298e-d840-49d8-aac3-de81602aa1d5:c6049]
2019-08-30 23:40:50,195 [grpc-default-executor-0] INFO  client.GrpcClientProtocolClient (GrpcClientProtocolClient.java:onNext(255)) - client-D5BE96C883BA->c9f1298e-d840-49d8-aac3-de81602aa1d5: receive RaftClientReply:client-D5BE96C883BA->c9f1298e-d840-49d8-aac3-de81602aa1d5@group-E9810A644481, cid=4402, SUCCESS, logIndex=6049, commits[c9f1298e-d840-49d8-aac3-de81602aa1d5:c6049]
2019-08-30 23:40:50,196 [grpc-default-executor-0] INFO  client.GrpcClientProtocolClient (GrpcClientProtocolClient.java:onNext(255)) - client-D5BE96C883BA->c9f1298e-d840-49d8-aac3-de81602aa1d5: receive RaftClientReply:client-D5BE96C883BA->c9f1298e-d840-49d8-aac3-de81602aa1d5@group-E9810A644481, cid=4403, SUCCESS, logIndex=6050, commits[c9f1298e-d840-49d8-aac3-de81602aa1d5:c6052]
2019-08-30 23:40:50,196 [grpc-default-executor-0] INFO  client.GrpcClientProtocolClient (GrpcClientProtocolClient.java:onNext(255)) - client-D5BE96C883BA->c9f1298e-d840-49d8-aac3-de81602aa1d5: receive RaftClientReply:client-D5BE96C883BA->c9f1298e-d840-49d8-aac3-de81602aa1d5@group-E9810A644481, cid=4404, SUCCESS, logIndex=6051, commits[c9f1298e-d840-49d8-aac3-de81602aa1d5:c6052]
2019-08-30 23:40:50,216 [grpc-default-executor-1] INFO  client.GrpcClientProtocolClient (GrpcClientProtocolClient.java:onNext(255)) - client-D5BE96C883BA->c9f1298e-d840-49d8-aac3-de81602aa1d5: receive RaftClientReply:client-D5BE96C883BA->c9f1298e-d840-49d8-aac3-de81602aa1d5@group-E9810A644481, cid=4405, SUCCESS, logIndex=6053, commits[c9f1298e-d840-49d8-aac3-de81602aa1d5:c6056]
2019-08-30 23:40:50,217 [grpc-default-executor-1] INFO  client.GrpcClientProtocolClient (GrpcClientProtocolClient.java:onNext(255)) - client-D5BE96C883BA->c9f1298e-d840-49d8-aac3-de81602aa1d5: receive RaftClientReply:client-D5BE96C883BA->c9f1298e-d840-49d8-aac3-de81602aa1d5@group-E9810A644481, cid=4406, SUCCESS, logIndex=6054, commits[c9f1298e-d840-49d8-aac3-de81602aa1d5:c6057]
2019-08-30 23:40:50,217 [grpc-default-executor-1] INFO  client.GrpcClientProtocolClient (GrpcClientProtocolClient.java:onNext(255)) - client-D5BE96C883BA->c9f1298e-d840-49d8-aac3-de81602aa1d5: receive RaftClientReply:client-D5BE96C883BA->c9f1298e-d840-49d8-aac3-de81602aa1d5@group-E9810A644481, cid=4407, SUCCESS, logIndex=6055, commits[c9f1298e-d840-49d8-aac3-de81602aa1d5:c6057]
2019-08-30 23:40:50,217 [grpc-default-executor-1] INFO  client.GrpcClientProtocolClient (GrpcClientProtocolClient.java:onNext(255)) - client-D5BE96C883BA->c9f1298e-d840-49d8-aac3-de81602aa1d5: receive RaftClientReply:client-D5BE96C883BA->c9f1298e-d840-49d8-aac3-de81602aa1d5@group-E9810A644481, cid=4408, SUCCESS, logIndex=6056, commits[c9f1298e-d840-49d8-aac3-de81602aa1d5:c6057]
2019-08-30 23:40:50,246 [grpc-default-executor-0] INFO  client.GrpcClientProtocolClient (GrpcClientProtocolClient.java:onNext(255)) - client-D5BE96C883BA->c9f1298e-d840-49d8-aac3-de81602aa1d5: receive RaftClientReply:client-D5BE96C883BA->c9f1298e-d840-49d8-aac3-de81602aa1d5@group-E9810A644481, cid=4409, SUCCESS, logIndex=6058, commits[c9f1298e-d840-49d8-aac3-de81602aa1d5:c6059]
2019-08-30 23:40:50,247 [grpc-default-executor-1] INFO  client.GrpcClientProtocolClient (GrpcClientProtocolClient.java:onNext(255)) - client-D5BE96C883BA->c9f1298e-d840-49d8-aac3-de81602aa1d5: receive RaftClientReply:client-D5BE96C883BA->c9f1298e-d840-49d8-aac3-de81602aa1d5@group-E9810A644481, cid=4410, SUCCESS, logIndex=6059, commits[c9f1298e-d840-49d8-aac3-de81602aa1d5:c6061]
2019-08-30 23:40:50,247 [grpc-default-executor-1] INFO  client.GrpcClientProtocolClient (GrpcClientProtocolClient.java:onNext(255)) - client-D5BE96C883BA->c9f1298e-d840-49d8-aac3-de81602aa1d5: receive RaftClientReply:client-D5BE96C883BA->c9f1298e-d840-49d8-aac3-de81602aa1d5@group-E9810A644481, cid=4411, SUCCESS, logIndex=6060, commits[c9f1298e-d840-49d8-aac3-de81602aa1d5:c6062]
2019-08-30 23:40:50,247 [grpc-default-executor-1] INFO  client.GrpcClientProtocolClient (GrpcClientProtocolClient.java:onNext(255)) - client-D5BE96C883BA->c9f1298e-d840-49d8-aac3-de81602aa1d5: receive RaftClientReply:client-D5BE96C883BA->c9f1298e-d840-49d8-aac3-de81602aa1d5@group-E9810A644481, cid=4412, SUCCESS, logIndex=6061, commits[c9f1298e-d840-49d8-aac3-de81602aa1d5:c6062]
2019-08-30 23:40:50,267 [SCMBlockDeletingService#1] DEBUG block.SCMBlockDeletingService (SCMBlockDeletingService.java:call(138)) - Running DeletedBlockTransactionScanner
2019-08-30 23:40:50,267 [SCMBlockDeletingService#1] DEBUG block.SCMBlockDeletingService (SCMBlockDeletingService.java:call(155)) - Scanned deleted blocks log and got 0 delTX to process.
2019-08-30 23:40:50,269 [grpc-default-executor-1] INFO  client.GrpcClientProtocolClient (GrpcClientProtocolClient.java:onNext(255)) - client-D5BE96C883BA->c9f1298e-d840-49d8-aac3-de81602aa1d5: receive RaftClientReply:client-D5BE96C883BA->c9f1298e-d840-49d8-aac3-de81602aa1d5@group-E9810A644481, cid=4413, SUCCESS, logIndex=6064, commits[c9f1298e-d840-49d8-aac3-de81602aa1d5:c6065]
2019-08-30 23:40:50,269 [grpc-default-executor-1] INFO  client.GrpcClientProtocolClient (GrpcClientProtocolClient.java:onNext(255)) - client-D5BE96C883BA->c9f1298e-d840-49d8-aac3-de81602aa1d5: receive RaftClientReply:client-D5BE96C883BA->c9f1298e-d840-49d8-aac3-de81602aa1d5@group-E9810A644481, cid=4414, SUCCESS, logIndex=6065, commits[c9f1298e-d840-49d8-aac3-de81602aa1d5:c6065]
2019-08-30 23:40:50,271 [grpc-default-executor-1] INFO  client.GrpcClientProtocolClient (GrpcClientProtocolClient.java:onNext(255)) - client-D5BE96C883BA->c9f1298e-d840-49d8-aac3-de81602aa1d5: receive RaftClientReply:client-D5BE96C883BA->c9f1298e-d840-49d8-aac3-de81602aa1d5@group-E9810A644481, cid=4415, SUCCESS, logIndex=6066, commits[c9f1298e-d840-49d8-aac3-de81602aa1d5:c6067]
2019-08-30 23:40:50,271 [grpc-default-executor-1] INFO  client.GrpcClientProtocolClient (GrpcClientProtocolClient.java:onNext(255)) - client-D5BE96C883BA->c9f1298e-d840-49d8-aac3-de81602aa1d5: receive RaftClientReply:client-D5BE96C883BA->c9f1298e-d840-49d8-aac3-de81602aa1d5@group-E9810A644481, cid=4416, SUCCESS, logIndex=6067, commits[c9f1298e-d840-49d8-aac3-de81602aa1d5:c6067]
2019-08-30 23:40:50,300 [grpc-default-executor-1] INFO  client.GrpcClientProtocolClient (GrpcClientProtocolClient.java:onNext(255)) - client-D5BE96C883BA->c9f1298e-d840-49d8-aac3-de81602aa1d5: receive RaftClientReply:client-D5BE96C883BA->c9f1298e-d840-49d8-aac3-de81602aa1d5@group-E9810A644481, cid=4417, SUCCESS, logIndex=6070, commits[c9f1298e-d840-49d8-aac3-de81602aa1d5:c6071]
2019-08-30 23:40:50,300 [grpc-default-executor-1] INFO  client.GrpcClientProtocolClient (GrpcClientProtocolClient.java:onNext(255)) - client-D5BE96C883BA->c9f1298e-d840-49d8-aac3-de81602aa1d5: receive RaftClientReply:client-D5BE96C883BA->c9f1298e-d840-49d8-aac3-de81602aa1d5@group-E9810A644481, cid=4418, SUCCESS, logIndex=6071, commits[c9f1298e-d840-49d8-aac3-de81602aa1d5:c6071]
2019-08-30 23:40:50,301 [grpc-default-executor-1] INFO  client.GrpcClientProtocolClient (GrpcClientProtocolClient.java:onNext(255)) - client-D5BE96C883BA->c9f1298e-d840-49d8-aac3-de81602aa1d5: receive RaftClientReply:client-D5BE96C883BA->c9f1298e-d840-49d8-aac3-de81602aa1d5@group-E9810A644481, cid=4419, SUCCESS, logIndex=6072, commits[c9f1298e-d840-49d8-aac3-de81602aa1d5:c6073]
2019-08-30 23:40:50,301 [grpc-default-executor-1] INFO  client.GrpcClientProtocolClient (GrpcClientProtocolClient.java:onNext(255)) - client-D5BE96C883BA->c9f1298e-d840-49d8-aac3-de81602aa1d5: receive RaftClientReply:client-D5BE96C883BA->c9f1298e-d840-49d8-aac3-de81602aa1d5@group-E9810A644481, cid=4420, SUCCESS, logIndex=6073, commits[c9f1298e-d840-49d8-aac3-de81602aa1d5:c6074]
2019-08-30 23:40:50,314 [grpc-default-executor-1] INFO  client.GrpcClientProtocolClient (GrpcClientProtocolClient.java:onNext(255)) - client-D5BE96C883BA->c9f1298e-d840-49d8-aac3-de81602aa1d5: receive RaftClientReply:client-D5BE96C883BA->c9f1298e-d840-49d8-aac3-de81602aa1d5@group-E9810A644481, cid=4421, SUCCESS, logIndex=6076, commits[c9f1298e-d840-49d8-aac3-de81602aa1d5:c6077]
2019-08-30 23:40:50,315 [grpc-default-executor-1] INFO  client.GrpcClientProtocolClient (GrpcClientProtocolClient.java:onNext(255)) - client-D5BE96C883BA->c9f1298e-d840-49d8-aac3-de81602aa1d5: receive RaftClientReply:client-D5BE96C883BA->c9f1298e-d840-49d8-aac3-de81602aa1d5@group-E9810A644481, cid=4422, SUCCESS, logIndex=6077, commits[c9f1298e-d840-49d8-aac3-de81602aa1d5:c6077]
2019-08-30 23:40:50,368 [SCMBlockDeletingService#1] DEBUG block.SCMBlockDeletingService (SCMBlockDeletingService.java:call(138)) - Running DeletedBlockTransactionScanner
2019-08-30 23:40:50,368 [SCMBlockDeletingService#1] DEBUG block.SCMBlockDeletingService (SCMBlockDeletingService.java:call(155)) - Scanned deleted blocks log and got 0 delTX to process.
2019-08-30 23:40:50,503 [SCMBlockDeletingService#1] DEBUG block.SCMBlockDeletingService (SCMBlockDeletingService.java:call(138)) - Running DeletedBlockTransactionScanner
2019-08-30 23:40:50,503 [SCMBlockDeletingService#1] DEBUG block.SCMBlockDeletingService (SCMBlockDeletingService.java:call(155)) - Scanned deleted blocks log and got 0 delTX to process.
2019-08-30 23:40:50,604 [SCMBlockDeletingService#1] DEBUG block.SCMBlockDeletingService (SCMBlockDeletingService.java:call(138)) - Running DeletedBlockTransactionScanner
2019-08-30 23:40:50,604 [SCMBlockDeletingService#1] DEBUG block.SCMBlockDeletingService (SCMBlockDeletingService.java:call(155)) - Scanned deleted blocks log and got 0 delTX to process.
2019-08-30 23:40:50,704 [SCMBlockDeletingService#1] DEBUG block.SCMBlockDeletingService (SCMBlockDeletingService.java:call(138)) - Running DeletedBlockTransactionScanner
2019-08-30 23:40:50,704 [SCMBlockDeletingService#1] DEBUG block.SCMBlockDeletingService (SCMBlockDeletingService.java:call(155)) - Scanned deleted blocks log and got 0 delTX to process.
2019-08-30 23:40:50,805 [SCMBlockDeletingService#1] DEBUG block.SCMBlockDeletingService (SCMBlockDeletingService.java:call(138)) - Running DeletedBlockTransactionScanner
2019-08-30 23:40:50,805 [SCMBlockDeletingService#1] DEBUG block.SCMBlockDeletingService (SCMBlockDeletingService.java:call(155)) - Scanned deleted blocks log and got 0 delTX to process.
2019-08-30 23:40:50,905 [SCMBlockDeletingService#0] DEBUG block.SCMBlockDeletingService (SCMBlockDeletingService.java:call(138)) - Running DeletedBlockTransactionScanner
2019-08-30 23:40:50,905 [SCMBlockDeletingService#0] DEBUG block.SCMBlockDeletingService (SCMBlockDeletingService.java:call(155)) - Scanned deleted blocks log and got 0 delTX to process.
2019-08-30 23:40:50,932 [IPC Server handler 6 on 45765] INFO  server.SCMBlockProtocolServer (SCMBlockProtocolServer.java:deleteKeyBlocks(212)) - SCM is informed by OM to delete 1 blocks
2019-08-30 23:40:50,933 [IPC Server handler 6 on 45765] INFO  block.BlockManagerImpl (BlockManagerImpl.java:deleteBlocks(269)) - Deleting blocks conID: 1 locID: 102708568431329280 bcsId: 0,conID: 2 locID: 102708568431656961 bcsId: 0,conID: 3 locID: 102708568431656962 bcsId: 0,conID: 1 locID: 102708568431853571 bcsId: 0,conID: 2 locID: 102708568431853572 bcsId: 0,conID: 3 locID: 102708568431853573 bcsId: 0,conID: 1 locID: 102708568729976839 bcsId: 0,conID: 2 locID: 102708568736006152 bcsId: 0,conID: 3 locID: 102708568742101001 bcsId: 0,conID: 1 locID: 102708568748851210 bcsId: 0,conID: 2 locID: 102708568754487307 bcsId: 0,conID: 3 locID: 102708568759468044 bcsId: 0,conID: 1 locID: 102708568770412557 bcsId: 0,conID: 2 locID: 102708568775065614 bcsId: 0,conID: 3 locID: 102708568778866703 bcsId: 0,conID: 1 locID: 102708568784437264 bcsId: 0,conID: 2 locID: 102708568791449617 bcsId: 0,conID: 3 locID: 102708568817795090 bcsId: 0,conID: 1 locID: 102708568823693331 bcsId: 0,conID: 2 locID: 102708568828018708 bcsId: 0,conID: 3 locID: 102708568832016405 bcsId: 0,conID: 1 locID: 102708568836210710 bcsId: 0,conID: 2 locID: 102708568841781271 bcsId: 0,conID: 3 locID: 102708568855412760 bcsId: 0,conID: 1 locID: 102708568858230809 bcsId: 0,conID: 2 locID: 102708568862818330 bcsId: 0,conID: 3 locID: 102708568869044251 bcsId: 0,conID: 1 locID: 102708568904826908 bcsId: 0,conID: 2 locID: 102708568925995037 bcsId: 0,conID: 3 locID: 102708568931237918 bcsId: 0,conID: 1 locID: 102708568934776863 bcsId: 0,conID: 2 locID: 102708568940544032 bcsId: 0,conID: 3 locID: 102708568943099937 bcsId: 0,conID: 1 locID: 102708568947294242 bcsId: 0,conID: 2 locID: 102708568965906467 bcsId: 0,conID: 3 locID: 102708568970887204 bcsId: 0,conID: 1 locID: 102708568975409189 bcsId: 0,conID: 2 locID: 102708568980193318 bcsId: 0,conID: 3 locID: 102708568983011367 bcsId: 0,conID: 1 locID: 102708568997494824 bcsId: 0,conID: 2 locID: 102708569002147881 bcsId: 0,conID: 3 locID: 102708569005686826 bcsId: 0,conID: 1 locID: 102708569008570411 bcsId: 0,conID: 2 locID: 102708569013026860 bcsId: 0,conID: 3 locID: 102708569019973677 bcsId: 0,conID: 1 locID: 102708569033146414 bcsId: 0,conID: 2 locID: 102708569037996079 bcsId: 0,conID: 3 locID: 102708569041600560 bcsId: 0,conID: 1 locID: 102708569048023089 bcsId: 0,conID: 2 locID: 102708569055100978 bcsId: 0,conID: 3 locID: 102708569067552819 bcsId: 0,conID: 1 locID: 102708569072271412 bcsId: 0,conID: 2 locID: 102708569077776437 bcsId: 0,conID: 3 locID: 102708569082363958 bcsId: 0,conID: 1 locID: 102708569089114167 bcsId: 0,conID: 2 locID: 102708569105367096 bcsId: 0,conID: 3 locID: 102708569115066425 bcsId: 0,conID: 1 locID: 102708569119981626 bcsId: 0,conID: 2 locID: 102708569122996283 bcsId: 0,conID: 3 locID: 102708569128173628 bcsId: 0,conID: 1 locID: 102708569132630077 bcsId: 0,conID: 2 locID: 102708569141739582 bcsId: 0,conID: 3 locID: 102708569147834431 bcsId: 0,conID: 1 locID: 102708569156157504 bcsId: 0,conID: 2 locID: 102708569163563073 bcsId: 0,conID: 3 locID: 102708569167691842 bcsId: 0,conID: 1 locID: 102708569172082755 bcsId: 0,conID: 2 locID: 102708569183289412 bcsId: 0,conID: 3 locID: 102708569188335685 bcsId: 0,conID: 1 locID: 102708569194299462 bcsId: 0,conID: 2 locID: 102708569197903943 bcsId: 0,conID: 3 locID: 102708569201377352 bcsId: 0,conID: 1 locID: 102708569249415241 bcsId: 0,conID: 2 locID: 102708569255116874 bcsId: 0,conID: 3 locID: 102708569262194763 bcsId: 0,conID: 1 locID: 102708569274712140 bcsId: 0,conID: 2 locID: 102708569293324365 bcsId: 0,conID: 3 locID: 102708569300009038 bcsId: 0,conID: 1 locID: 102708569311739983 bcsId: 0,conID: 2 locID: 102708569316196432 bcsId: 0,conID: 3 locID: 102708569331531857 bcsId: 0,conID: 1 locID: 102708569336709202 bcsId: 0,conID: 2 locID: 102708569340706899 bcsId: 0,conID: 3 locID: 102708569351192660 bcsId: 0,conID: 1 locID: 102708569356697685 bcsId: 0,conID: 2 locID: 102708569361350742 bcsId: 0,conID: 3 locID: 102708569365741655 bcsId: 0,conID: 1 locID: 102708569371115608 bcsId: 0,conID: 2 locID: 102708569376817241 bcsId: 0,conID: 3 locID: 102708569395888218 bcsId: 0,conID: 1 locID: 102708569401655387 bcsId: 0,conID: 2 locID: 102708569405718620 bcsId: 0,conID: 3 locID: 102708569410830429 bcsId: 0,conID: 1 locID: 102708569414434910 bcsId: 0,conID: 2 locID: 102708569423413343 bcsId: 0,conID: 3 locID: 102708569427148896 bcsId: 0,conID: 1 locID: 102708569432064097 bcsId: 0,conID: 2 locID: 102708569436192866 bcsId: 0,conID: 3 locID: 102708569439797347 bcsId: 0,conID: 1 locID: 102708569448906852 bcsId: 0,conID: 2 locID: 102708569462734949 bcsId: 0,conID: 3 locID: 102708569468305510 bcsId: 0,conID: 1 locID: 102708569472237671 bcsId: 0,conID: 2 locID: 102708569476563048 bcsId: 0,conID: 3 locID: 102708569480429673 bcsId: 0,conID: 1 locID: 102708569492488298 bcsId: 0,conID: 2 locID: 102708569501532267 bcsId: 0,conID: 3 locID: 102708569506381932 bcsId: 0,conID: 1 locID: 102708569510051949 bcsId: 0,conID: 2 locID: 102708569514049646 bcsId: 0,conID: 3 locID: 102708569516671087 bcsId: 0,conID: 1 locID: 102708569525715056 bcsId: 0,conID: 2 locID: 102708569531416689 bcsId: 0,conID: 3 locID: 102708569539215474 bcsId: 0,conID: 1 locID: 102708569543147635 bcsId: 0,conID: 2 locID: 102708569547669620 bcsId: 0,conID: 3 locID: 102708569550880885 bcsId: 0,conID: 1 locID: 102708569569165430 bcsId: 0,conID: 2 locID: 102708569572507767 bcsId: 0,conID: 3 locID: 102708569575719032 bcsId: 0,conID: 1 locID: 102708569579847801 bcsId: 0,conID: 2 locID: 102708569584959610 bcsId: 0,conID: 3 locID: 102708569595707515 bcsId: 0,conID: 1 locID: 102708569599311996 bcsId: 0,conID: 2 locID: 102708569611960445 bcsId: 0,conID: 3 locID: 102708569616482430 bcsId: 0,conID: 1 locID: 102708569622249599 bcsId: 0,conID: 2 locID: 102708569626771584 bcsId: 0,conID: 3 locID: 102708569640927361 bcsId: 0,conID: 1 locID: 102708569652330626 bcsId: 0,conID: 2 locID: 102708569658491011 bcsId: 0,conID: 3 locID: 102708569662750852 bcsId: 0,conID: 1 locID: 102708569666486405 bcsId: 0,conID: 2 locID: 102708569686671494 bcsId: 0,conID: 3 locID: 102708569691652231 bcsId: 0,conID: 1 locID: 102708569695191176 bcsId: 0,conID: 2 locID: 102708569700368521 bcsId: 0,conID: 3 locID: 102708569703514250 bcsId: 0,conID: 1 locID: 102708569709150347 bcsId: 0,conID: 2 locID: 102708569718980748 bcsId: 0,conID: 3 locID: 102708569723109517 bcsId: 0,conID: 1 locID: 102708569727959182 bcsId: 0,conID: 2 locID: 102708569738313871 bcsId: 0,conID: 3 locID: 102708569742966928 bcsId: 0,conID: 1 locID: 102708569752993937 bcsId: 0,conID: 2 locID: 102708569756270738 bcsId: 0,conID: 3 locID: 102708569761120403 bcsId: 0,conID: 1 locID: 102708569766953108 bcsId: 0,conID: 2 locID: 102708569769967765 bcsId: 0,conID: 3 locID: 102708569773637782 bcsId: 0,conID: 1 locID: 102708569788842135 bcsId: 0,conID: 2 locID: 102708569793888408 bcsId: 0,conID: 3 locID: 102708569798017177 bcsId: 0,conID: 1 locID: 102708569802539162 bcsId: 0,conID: 2 locID: 102708569806864539 bcsId: 0,conID: 3 locID: 102708569816039580 bcsId: 0,conID: 1 locID: 102708569819119773 bcsId: 0,conID: 2 locID: 102708569823314078 bcsId: 0,conID: 3 locID: 102708569826197663 bcsId: 0,conID: 1 locID: 102708569828688032 bcsId: 0,conID: 2 locID: 102708569831964833 bcsId: 0,conID: 3 locID: 102708569847038114 bcsId: 0,conID: 1 locID: 102708569850773667 bcsId: 0,conID: 2 locID: 102708569853984932 bcsId: 0,conID: 3 locID: 102708569857851557 bcsId: 0,conID: 1 locID: 102708569860997286 bcsId: 0,conID: 2 locID: 102708569870237863 bcsId: 0,conID: 3 locID: 102708569880133800 bcsId: 0,conID: 1 locID: 102708569891668137 bcsId: 0,conID: 2 locID: 102708569897435306 bcsId: 0,conID: 3 locID: 102708569901236395 bcsId: 0,conID: 1 locID: 102708569905561772 bcsId: 0,conID: 2 locID: 102708569922207917 bcsId: 0,conID: 3 locID: 102708569924960430 bcsId: 0,conID: 1 locID: 102708569928695983 bcsId: 0,conID: 2 locID: 102708569932431536 bcsId: 0,conID: 3 locID: 102708569946914993 bcsId: 0,conID: 1 locID: 102708569963823282 bcsId: 0,conID: 2 locID: 102708569967034547 bcsId: 0,conID: 3 locID: 102708569970114740 bcsId: 0,conID: 1 locID: 102708569973063861 bcsId: 0,conID: 2 locID: 102708569976668342 bcsId: 0,conID: 3 locID: 102708569980403895 bcsId: 0,conID: 1 locID: 102708569990234296 bcsId: 0,conID: 2 locID: 102708569994952889 bcsId: 0,conID: 3 locID: 102708570006028474 bcsId: 0,conID: 1 locID: 102708570010943675 bcsId: 0,conID: 2 locID: 102708570015137980 bcsId: 0,conID: 3 locID: 102708570028638397 bcsId: 0,conID: 1 locID: 102708570032373950 bcsId: 0,conID: 2 locID: 102708570037092543 bcsId: 0,conID: 3 locID: 102708570040828096 bcsId: 0,conID: 1 locID: 102708570045087937 bcsId: 0,conID: 2 locID: 102708570052493506 bcsId: 0,conID: 3 locID: 102708570067763395 bcsId: 0,conID: 1 locID: 102708570073530564 bcsId: 0,conID: 2 locID: 102708570077069509 bcsId: 0,conID: 3 locID: 102708570080346310 bcsId: 0,conID: 1 locID: 102708570085327047 bcsId: 0,conID: 2 locID: 102708570097516744 bcsId: 0,conID: 3 locID: 102708570101055689 bcsId: 0,conID: 1 locID: 102708570103349450 bcsId: 0,conID: 2 locID: 102708570106233035 bcsId: 0,conID: 3 locID: 102708570110755020 bcsId: 0,conID: 1 locID: 102708570146603213 bcsId: 0,conID: 2 locID: 102708570156171470 bcsId: 0,conID: 3 locID: 102708570159317199 bcsId: 0,conID: 1 locID: 102708570165477584 bcsId: 0,conID: 2 locID: 102708570169475281 bcsId: 0,conID: 3 locID: 102708570174980306 bcsId: 0,conID: 1 locID: 102708570184876243 bcsId: 0,conID: 2 locID: 102708570187825364 bcsId: 0,conID: 3 locID: 102708570190643413 bcsId: 0,conID: 1 locID: 102708570197393622 bcsId: 0,conID: 2 locID: 102708570201063639 bcsId: 0,conID: 3 locID: 102708570205585624 bcsId: 0,conID: 1 locID: 102708570214432985 bcsId: 0,conID: 2 locID: 102708570217513178 bcsId: 0,conID: 3 locID: 102708570220003547 bcsId: 0,conID: 1 locID: 102708570223673564 bcsId: 0,conID: 2 locID: 102708570227146973 bcsId: 0,conID: 3 locID: 102708570230030558 bcsId: 0,conID: 1 locID: 102708570241958111 bcsId: 0,conID: 2 locID: 102708570251657440 bcsId: 0,conID: 3 locID: 102708570256703713 bcsId: 0,conID: 1 locID: 102708570260308194 bcsId: 0,conID: 2 locID: 102708570264371427 bcsId: 0,conID: 3 locID: 102708570273546468 bcsId: 0,conID: 1 locID: 102708570277216485 bcsId: 0,conID: 2 locID: 102708570281345254 bcsId: 0,conID: 3 locID: 102708570285342951 bcsId: 0,conID: 1 locID: 102708570288292072 bcsId: 0,conID: 2 locID: 102708570293141737 bcsId: 0,conID: 3 locID: 102708570313523434 bcsId: 0,conID: 1 locID: 102708570318897387 bcsId: 0,conID: 2 locID: 102708570322567404 bcsId: 0,conID: 3 locID: 102708570326499565 bcsId: 0,conID: 1 locID: 102708570332594414 bcsId: 0,conID: 2 locID: 102708570343538927 bcsId: 0,conID: 3 locID: 102708570347995376 bcsId: 0,conID: 1 locID: 102708570351665393 bcsId: 0,conID: 2 locID: 102708570357825778 bcsId: 0,conID: 3 locID: 102708570363920627 bcsId: 0,conID: 1 locID: 102708570368508148 bcsId: 0,conID: 2 locID: 102708570390331637 bcsId: 0,conID: 3 locID: 102708570394788086 bcsId: 0,conID: 1 locID: 102708570397343991 bcsId: 0,conID: 2 locID: 102708570401210616 bcsId: 0,conID: 3 locID: 102708570404618489 bcsId: 0,conID: 1 locID: 102708570415694074 bcsId: 0,conID: 2 locID: 102708570418381051 bcsId: 0,conID: 3 locID: 102708570421723388 bcsId: 0,conID: 1 locID: 102708570424672509 bcsId: 0,conID: 2 locID: 102708570430308606 bcsId: 0,conID: 3 locID: 102708570433519871 bcsId: 0,conID: 1 locID: 102708570451738880 bcsId: 0,conID: 2 locID: 102708570455802113 bcsId: 0,conID: 3 locID: 102708570460193026 bcsId: 0,conID: 1 locID: 102708570463142147 bcsId: 0,conID: 2 locID: 102708570465894660 bcsId: 0,conID: 3 locID: 102708570477232389 bcsId: 0,conID: 1 locID: 102708570480378118 bcsId: 0,conID: 2 locID: 102708570485227783 bcsId: 0,conID: 3 locID: 102708570488832264 bcsId: 0,conID: 1 locID: 102708570493354249 bcsId: 0,conID: 2 locID: 102708570496631050 bcsId: 0,conID: 3 locID: 102708570511114507 bcsId: 0,conID: 1 locID: 102708570514129164 bcsId: 0,conID: 2 locID: 102708570518192397 bcsId: 0,conID: 3 locID: 102708570523042062 bcsId: 0,conID: 1 locID: 102708570528612623 bcsId: 0,conID: 2 locID: 102708570541588752 bcsId: 0,conID: 3 locID: 102708570545520913 bcsId: 0,conID: 1 locID: 102708570550501650 bcsId: 0,conID: 2 locID: 102708570553647379 bcsId: 0,conID: 3 locID: 102708570558038292 bcsId: 0,conID: 1 locID: 102708570561708309 bcsId: 0,conID: 2 locID: 102708570574160150 bcsId: 0,conID: 3 locID: 102708570591920407 bcsId: 0,conID: 1 locID: 102708570595459352 bcsId: 0,conID: 2 locID: 102708570598408473 bcsId: 0,conID: 3 locID: 102708570601226522 bcsId: 0,conID: 1 locID: 102708570610204955 bcsId: 0,conID: 2 locID: 102708570614268188 bcsId: 0,conID: 3 locID: 102708570617020701 bcsId: 0,conID: 1 locID: 102708570619904286 bcsId: 0,conID: 2 locID: 102708570623443231 bcsId: 0,conID: 3 locID: 102708570625933600 bcsId: 0,conID: 1 locID: 102708570636681505 bcsId: 0,conID: 2 locID: 102708570640417058 bcsId: 0,conID: 3 locID: 102708570652410147 bcsId: 0,conID: 1 locID: 102708570658308388 bcsId: 0,conID: 2 locID: 102708570661716261 bcsId: 0,conID: 3 locID: 102708570670694694 bcsId: 0,conID: 1 locID: 102708570673119527 bcsId: 0,conID: 2 locID: 102708570677772584 bcsId: 0,conID: 3 locID: 102708570681180457 bcsId: 0,conID: 1 locID: 102708570683474218 bcsId: 0,conID: 2 locID: 102708570686423339 bcsId: 0,conID: 3 locID: 102708570696450348 bcsId: 0,conID: 1 locID: 102708570699333933 bcsId: 0,conID: 2 locID: 102708570702545198 bcsId: 0,conID: 3 locID: 102708570714407215 bcsId: 0,conID: 1 locID: 102708570718929200 bcsId: 0,conID: 2 locID: 102708570732036401 bcsId: 0,conID: 3 locID: 102708570736820530 bcsId: 0,conID: 1 locID: 102708570742784307 bcsId: 0,conID: 2 locID: 102708570746388788 bcsId: 0,conID: 3 locID: 102708570751566133 bcsId: 0,conID: 1 locID: 102708570757136694 bcsId: 0,conID: 2 locID: 102708570768933175 bcsId: 0,conID: 3 locID: 102708570776469816 bcsId: 0,conID: 1 locID: 102708570780991801 bcsId: 0,conID: 2 locID: 102708570785448250 bcsId: 0,conID: 3 locID: 102708570801963323 bcsId: 0,conID: 1 locID: 102708570815201596 bcsId: 0,conID: 2 locID: 102708570819395901 bcsId: 0,conID: 3 locID: 102708570823065918 bcsId: 0,conID: 1 locID: 102708570826735935 bcsId: 0,conID: 2 locID: 102708570829881664 bcsId: 0,conID: 3 locID: 102708570833289537 bcsId: 0,conID: 1 locID: 102708570841612610 bcsId: 0,conID: 2 locID: 102708570846462275 bcsId: 0,conID: 3 locID: 102708570849476932 bcsId: 0,conID: 1 locID: 102708570853278021 bcsId: 0,conID: 2 locID: 102708570856554822 bcsId: 0,conID: 3 locID: 102708570882703687 bcsId: 0,conID: 1 locID: 102708570888339784 bcsId: 0,conID: 2 locID: 102708570894827849 bcsId: 0,conID: 3 locID: 102708570901053770 bcsId: 0,conID: 1 locID: 102708570908328267 bcsId: 0,conID: 2 locID: 102708570912129356 bcsId: 0,conID: 3 locID: 102708570924777805 bcsId: 0,conID: 1 locID: 102708570938605902 bcsId: 0,conID: 2 locID: 102708570942210383 bcsId: 0,conID: 3 locID: 102708570945683792 bcsId: 0,conID: 1 locID: 102708570951319889 bcsId: 0,conID: 2 locID: 102708570955841874 bcsId: 0,conID: 3 locID: 102708570978976083 bcsId: 0,conID: 1 locID: 102708570982842708 bcsId: 0,conID: 2 locID: 102708570985529685 bcsId: 0,conID: 3 locID: 102708570989920598 bcsId: 0,conID: 1 locID: 102708570992345431 bcsId: 0,conID: 2 locID: 102708571001454936 bcsId: 0,conID: 3 locID: 102708571004993881 bcsId: 0,conID: 1 locID: 102708571011678554 bcsId: 0,conID: 2 locID: 102708571014431067 bcsId: 0,conID: 3 locID: 102708571017380188 bcsId: 0,conID: 1 locID: 102708571020329309 bcsId: 0,conID: 2 locID: 102708571037827422 bcsId: 0,conID: 3 locID: 102708571041759583 bcsId: 0,conID: 1 locID: 102708571045691744 bcsId: 0,conID: 2 locID: 102708571050606945 bcsId: 0,conID: 3 locID: 102708571053293922 bcsId: 0,conID: 1 locID: 102708571062075747 bcsId: 0,conID: 2 locID: 102708571066138980 bcsId: 0,conID: 3 locID: 102708571069743461 bcsId: 0,conID: 1 locID: 102708571073085798 bcsId: 0,conID: 2 locID: 102708571077607783 bcsId: 0,conID: 3 locID: 102708571080622440 bcsId: 0,conID: 1 locID: 102708571101331817 bcsId: 0,conID: 2 locID: 102708571105460586 bcsId: 0,conID: 3 locID: 102708571109654891 bcsId: 0,conID: 1 locID: 102708571112669548 bcsId: 0,conID: 2 locID: 102708571115946349 bcsId: 0,conID: 3 locID: 102708571130036590 bcsId: 0,conID: 1 locID: 102708571133772143 bcsId: 0,conID: 2 locID: 102708571138687344 bcsId: 0,conID: 3 locID: 102708571143209329 bcsId: 0,conID: 1 locID: 102708571146355058 bcsId: 0,conID: 2 locID: 102708571151663475 bcsId: 0,conID: 3 locID: 102708571170079092 bcsId: 0,conID: 1 locID: 102708571174601077 bcsId: 0,conID: 2 locID: 102708571179123062 bcsId: 0,conID: 3 locID: 102708571182924151 bcsId: 0,conID: 1 locID: 102708571188035960 bcsId: 0,conID: 2 locID: 102708571198652793 bcsId: 0,conID: 3 locID: 102708571201929594 bcsId: 0,conID: 1 locID: 102708571218051451 bcsId: 0,conID: 2 locID: 102708571905261948 bcsId: 0,conID: 3 locID: 102708571916665213 bcsId: 0,conID: 1 locID: 102708571938554238 bcsId: 0,conID: 2 locID: 102708571952513407 bcsId: 0,conID: 3 locID: 102708571956183424 bcsId: 0,conID: 1 locID: 102708571959198081 bcsId: 0,conID: 2 locID: 102708571962409346 bcsId: 0,conID: 3 locID: 102708571967127939 bcsId: 0,conID: 1 locID: 102708571978006916 bcsId: 0,conID: 2 locID: 102708571983511941 bcsId: 0,conID: 3 locID: 102708571997667718 bcsId: 0,conID: 1 locID: 102708572005073287 bcsId: 0,conID: 2 locID: 102708572009464200 bcsId: 0,conID: 3 locID: 102708572015755657 bcsId: 0,conID: 1 locID: 102708572037513610 bcsId: 0,conID: 2 locID: 102708572042756491 bcsId: 0,conID: 3 locID: 102708572048261516 bcsId: 0,conID: 1 locID: 102708572054094221 bcsId: 0,conID: 2 locID: 102708572059730318 bcsId: 0,conID: 3 locID: 102708572071854479 bcsId: 0,conID: 1 locID: 102708572074475920 bcsId: 0,conID: 2 locID: 102708572078932369 bcsId: 0,conID: 3 locID: 102708572082667922 bcsId: 0,conID: 1 locID: 102708572085879187 bcsId: 0,conID: 2 locID: 102708572091449748 bcsId: 0,conID: 3 locID: 102708572111045013 bcsId: 0,conID: 1 locID: 102708572114780566 bcsId: 0,conID: 2 locID: 102708572119237015 bcsId: 0,conID: 3 locID: 102708572122644888 bcsId: 0,conID: 1 locID: 102708572126904729 bcsId: 0,conID: 2 locID: 102708572139094426 bcsId: 0,conID: 3 locID: 102708572144468379 bcsId: 0,conID: 1 locID: 102708572147745180 bcsId: 0,conID: 2 locID: 102708572152791453 bcsId: 0,conID: 3 locID: 102708572157116830 bcsId: 0,conID: 1 locID: 102708572160983455 bcsId: 0,conID: 2 locID: 102708572202992032 bcsId: 0,conID: 3 locID: 102708572205744545 bcsId: 0,conID: 1 locID: 102708572208628130 bcsId: 0,conID: 2 locID: 102708572211904931 bcsId: 0,conID: 3 locID: 102708572215116196 bcsId: 0,conID: 1 locID: 102708572227502501 bcsId: 0,conID: 2 locID: 102708572233138598 bcsId: 0,conID: 3 locID: 102708572237005223 bcsId: 0,conID: 1 locID: 102708572241461672 bcsId: 0,conID: 2 locID: 102708572245787049 bcsId: 0,conID: 3 locID: 102708572249325994 bcsId: 0,conID: 1 locID: 102708572282028459 bcsId: 0,conID: 2 locID: 102708572295004588 bcsId: 0,conID: 3 locID: 102708572298936749 bcsId: 0,conID: 1 locID: 102708572305555886 bcsId: 0,conID: 2 locID: 102708572311257519 bcsId: 0,conID: 3 locID: 102708572323971504 bcsId: 0,conID: 1 locID: 102708572327248305 bcsId: 0,conID: 2 locID: 102708572330525106 bcsId: 0,conID: 3 locID: 102708572335571379 bcsId: 0,conID: 1 locID: 102708572340486580 bcsId: 0,conID: 2 locID: 102708572344943029 bcsId: 0,conID: 3 locID: 102708572354970038 bcsId: 0,conID: 1 locID: 102708572358574519 bcsId: 0,conID: 2 locID: 102708572369650104 bcsId: 0,conID: 3 locID: 102708572372664761 bcsId: 0,conID: 1 locID: 102708572375941562 bcsId: 0,conID: 2 locID: 102708572380594619 bcsId: 0,conID: 3 locID: 102708572390228412 bcsId: 0,conID: 1 locID: 102708572396716477 bcsId: 0,conID: 2 locID: 102708572401435070 bcsId: 0,conID: 3 locID: 102708572403925439 bcsId: 0,conID: 1 locID: 102708572407005632 bcsId: 0,conID: 2 locID: 102708572415787457 bcsId: 0,conID: 3 locID: 102708572418998722 bcsId: 0,conID: 1 locID: 102708572422013379 bcsId: 0,conID: 2 locID: 102708572432761284 bcsId: 0,conID: 3 locID: 102708572437807557 bcsId: 0,conID: 1 locID: 102708572440822214 bcsId: 0,conID: 2 locID: 102708572449800647 bcsId: 0,conID: 3 locID: 102708572454191560 bcsId: 0,conID: 1 locID: 102708572457927113 bcsId: 0,conID: 2 locID: 102708572461203914 bcsId: 0,conID: 3 locID: 102708572464611787 bcsId: 0,conID: 1 locID: 102708572476932556 bcsId: 0,conID: 2 locID: 102708572480602573 bcsId: 0,conID: 3 locID: 102708572485059022 bcsId: 0,conID: 1 locID: 102708572489318863 bcsId: 0,conID: 2 locID: 102708572501901776 bcsId: 0,conID: 3 locID: 102708572505965009 bcsId: 0,conID: 1 locID: 102708572517630418 bcsId: 0,conID: 2 locID: 102708572527133139 bcsId: 0,conID: 3 locID: 102708572531065300 bcsId: 0,conID: 1 locID: 102708572534735317 bcsId: 0,conID: 2 locID: 102708572538012118 bcsId: 0,conID: 3 locID: 102708572549087703 bcsId: 0,conID: 1 locID: 102708572553282008 bcsId: 0,conID: 2 locID: 102708572558524889 bcsId: 0,conID: 3 locID: 102708572562129370 bcsId: 0,conID: 1 locID: 102708572567110107 bcsId: 0,conID: 2 locID: 102708572575367644 bcsId: 0,conID: 3 locID: 102708572584739293 bcsId: 0,conID: 1 locID: 102708572588736990 bcsId: 0,conID: 2 locID: 102708572593455583 bcsId: 0,conID: 3 locID: 102708572597256672 bcsId: 0,conID: 1 locID: 102708572601385441 bcsId: 0,conID: 2 locID: 102708572612198882 bcsId: 0,conID: 3 locID: 102708572616917475 bcsId: 0,conID: 1 locID: 102708572621570532 bcsId: 0,conID: 2 locID: 102708572626616805 bcsId: 0,conID: 3 locID: 102708572630745574 bcsId: 0,conID: 1 locID: 102708572641100263 bcsId: 0,conID: 2 locID: 102708572650144232 bcsId: 0,conID: 3 locID: 102708572653027817 bcsId: 0,conID: 1 locID: 102708572655583722 bcsId: 0,conID: 2 locID: 102708572664627691 bcsId: 0,conID: 3 locID: 102708572667445740 bcsId: 0,conID: 1 locID: 102708572677603821 bcsId: 0,conID: 2 locID: 102708572680094190 bcsId: 0,conID: 3 locID: 102708572683567599 bcsId: 0,conID: 1 locID: 102708572686975472 bcsId: 0,conID: 2 locID: 102708572689662449 bcsId: 0,conID: 3 locID: 102708572694577650 bcsId: 0,conID: 1 locID: 102708572708471283 bcsId: 0,conID: 2 locID: 102708572711158260 bcsId: 0,conID: 3 locID: 102708572714500597 bcsId: 0,conID: 1 locID: 102708572718432758 bcsId: 0,conID: 2 locID: 102708572721054199 bcsId: 0,conID: 3 locID: 102708572732588536 bcsId: 0,conID: 1 locID: 102708572736324089 bcsId: 0,conID: 2 locID: 102708572740911610 bcsId: 0,conID: 3 locID: 102708572744778235 bcsId: 0,conID: 1 locID: 102708572747727356 bcsId: 0,conID: 2 locID: 102708572752380413 bcsId: 0,conID: 3 locID: 102708572768961022 bcsId: 0,conID: 1 locID: 102708572772958719 bcsId: 0,conID: 2 locID: 102708572777349632 bcsId: 0,conID: 3 locID: 102708572780560897 bcsId: 0,conID: 1 locID: 102708572787376642 bcsId: 0,conID: 2 locID: 102708572796879363 bcsId: 0,conID: 3 locID: 102708572800221700 bcsId: 0,conID: 1 locID: 102708572805202437 bcsId: 0,conID: 2 locID: 102708572809396742 bcsId: 0,conID: 3 locID: 102708572813394439 bcsId: 0,conID: 1 locID: 102708572817326600 bcsId: 0,conID: 2 locID: 102708572830040585 bcsId: 0,conID: 3 locID: 102708572833251850 bcsId: 0,conID: 1 locID: 102708572835938827 bcsId: 0,conID: 2 locID: 102708572839543308 bcsId: 0,conID: 3 locID: 102708572842426893 bcsId: 0,conID: 1 locID: 102708572852257294 bcsId: 0,conID: 2 locID: 102708572855534095 bcsId: 0,conID: 3 locID: 102708572858614288 bcsId: 0,conID: 1 locID: 102708572861956625 bcsId: 0,conID: 2 locID: 102708572865036818 bcsId: 0,conID: 3 locID: 102708572866937363 bcsId: 0,conID: 1 locID: 102708572884238868 bcsId: 0,conID: 2 locID: 102708572888498709 bcsId: 0,conID: 3 locID: 102708572892365334 bcsId: 0,conID: 1 locID: 102708572895707671 bcsId: 0,conID: 2 locID: 102708572900229656 bcsId: 0,conID: 3 locID: 102708572912026137 bcsId: 0,conID: 1 locID: 102708572916482586 bcsId: 0,conID: 2 locID: 102708572922053147 bcsId: 0,conID: 3 locID: 102708572925985308 bcsId: 0,conID: 1 locID: 102708572929851933 bcsId: 0,conID: 2 locID: 102708572933849630 bcsId: 0,conID: 3 locID: 102708572954165791 bcsId: 0,conID: 1 locID: 102708572958425632 bcsId: 0,conID: 2 locID: 102708572961833505 bcsId: 0,conID: 3 locID: 102708572965175842 bcsId: 0,conID: 1 locID: 102708572968518179 bcsId: 0,conID: 2 locID: 102708572978938404 bcsId: 0,conID: 3 locID: 102708572982411813 bcsId: 0,conID: 1 locID: 102708572986081830 bcsId: 0,conID: 2 locID: 102708572990079527 bcsId: 0,conID: 3 locID: 102708572993552936 bcsId: 0,conID: 1 locID: 102708572997026345 bcsId: 0
2019-08-30 23:40:51,006 [SCMBlockDeletingService#0] DEBUG block.SCMBlockDeletingService (SCMBlockDeletingService.java:call(138)) - Running DeletedBlockTransactionScanner
2019-08-30 23:40:51,007 [SCMBlockDeletingService#0] DEBUG block.SCMBlockDeletingService (SCMBlockDeletingService.java:call(155)) - Scanned deleted blocks log and got 0 delTX to process.
2019-08-30 23:40:51,107 [SCMBlockDeletingService#0] DEBUG block.SCMBlockDeletingService (SCMBlockDeletingService.java:call(138)) - Running DeletedBlockTransactionScanner
2019-08-30 23:40:51,108 [SCMBlockDeletingService#0] DEBUG block.SCMBlockDeletingService (SCMBlockDeletingService.java:call(155)) - Scanned deleted blocks log and got 0 delTX to process.
2019-08-30 23:40:51,208 [SCMBlockDeletingService#0] DEBUG block.SCMBlockDeletingService (SCMBlockDeletingService.java:call(138)) - Running DeletedBlockTransactionScanner
2019-08-30 23:40:51,209 [SCMBlockDeletingService#0] DEBUG block.SCMBlockDeletingService (SCMBlockDeletingService.java:call(155)) - Scanned deleted blocks log and got 0 delTX to process.
2019-08-30 23:40:51,309 [SCMBlockDeletingService#0] DEBUG block.SCMBlockDeletingService (SCMBlockDeletingService.java:call(138)) - Running DeletedBlockTransactionScanner
2019-08-30 23:40:51,310 [SCMBlockDeletingService#0] DEBUG block.SCMBlockDeletingService (SCMBlockDeletingService.java:call(155)) - Scanned deleted blocks log and got 0 delTX to process.
2019-08-30 23:40:51,410 [SCMBlockDeletingService#0] DEBUG block.SCMBlockDeletingService (SCMBlockDeletingService.java:call(138)) - Running DeletedBlockTransactionScanner
2019-08-30 23:40:51,410 [SCMBlockDeletingService#0] DEBUG block.SCMBlockDeletingService (SCMBlockDeletingService.java:call(155)) - Scanned deleted blocks log and got 0 delTX to process.
2019-08-30 23:40:51,511 [SCMBlockDeletingService#0] DEBUG block.SCMBlockDeletingService (SCMBlockDeletingService.java:call(138)) - Running DeletedBlockTransactionScanner
2019-08-30 23:40:51,511 [SCMBlockDeletingService#0] DEBUG block.SCMBlockDeletingService (SCMBlockDeletingService.java:call(155)) - Scanned deleted blocks log and got 0 delTX to process.
2019-08-30 23:40:51,612 [SCMBlockDeletingService#0] DEBUG block.SCMBlockDeletingService (SCMBlockDeletingService.java:call(138)) - Running DeletedBlockTransactionScanner
2019-08-30 23:40:51,613 [SCMBlockDeletingService#0] DEBUG block.SCMBlockDeletingService (SCMBlockDeletingService.java:call(155)) - Scanned deleted blocks log and got 0 delTX to process.
2019-08-30 23:40:51,713 [SCMBlockDeletingService#0] DEBUG block.SCMBlockDeletingService (SCMBlockDeletingService.java:call(138)) - Running DeletedBlockTransactionScanner
2019-08-30 23:40:51,714 [SCMBlockDeletingService#0] DEBUG block.SCMBlockDeletingService (SCMBlockDeletingService.java:call(155)) - Scanned deleted blocks log and got 0 delTX to process.
2019-08-30 23:40:51,814 [SCMBlockDeletingService#0] DEBUG block.SCMBlockDeletingService (SCMBlockDeletingService.java:call(138)) - Running DeletedBlockTransactionScanner
2019-08-30 23:40:51,815 [SCMBlockDeletingService#0] DEBUG block.SCMBlockDeletingService (SCMBlockDeletingService.java:call(155)) - Scanned deleted blocks log and got 0 delTX to process.
2019-08-30 23:40:51,915 [SCMBlockDeletingService#0] DEBUG block.SCMBlockDeletingService (SCMBlockDeletingService.java:call(138)) - Running DeletedBlockTransactionScanner
2019-08-30 23:40:51,915 [SCMBlockDeletingService#0] DEBUG block.SCMBlockDeletingService (SCMBlockDeletingService.java:call(155)) - Scanned deleted blocks log and got 0 delTX to process.
2019-08-30 23:40:52,016 [SCMBlockDeletingService#0] DEBUG block.SCMBlockDeletingService (SCMBlockDeletingService.java:call(138)) - Running DeletedBlockTransactionScanner
2019-08-30 23:40:52,016 [SCMBlockDeletingService#0] DEBUG block.SCMBlockDeletingService (SCMBlockDeletingService.java:call(155)) - Scanned deleted blocks log and got 0 delTX to process.
2019-08-30 23:40:52,117 [SCMBlockDeletingService#0] DEBUG block.SCMBlockDeletingService (SCMBlockDeletingService.java:call(138)) - Running DeletedBlockTransactionScanner
2019-08-30 23:40:52,117 [SCMBlockDeletingService#0] DEBUG block.SCMBlockDeletingService (SCMBlockDeletingService.java:call(155)) - Scanned deleted blocks log and got 0 delTX to process.
2019-08-30 23:40:52,218 [SCMBlockDeletingService#0] DEBUG block.SCMBlockDeletingService (SCMBlockDeletingService.java:call(138)) - Running DeletedBlockTransactionScanner
2019-08-30 23:40:52,218 [SCMBlockDeletingService#0] DEBUG block.SCMBlockDeletingService (SCMBlockDeletingService.java:call(155)) - Scanned deleted blocks log and got 0 delTX to process.
2019-08-30 23:40:52,319 [SCMBlockDeletingService#1] DEBUG block.SCMBlockDeletingService (SCMBlockDeletingService.java:call(138)) - Running DeletedBlockTransactionScanner
2019-08-30 23:40:52,321 [SCMBlockDeletingService#1] DEBUG block.SCMBlockDeletingService (SCMBlockDeletingService.java:call(155)) - Scanned deleted blocks log and got 0 delTX to process.
2019-08-30 23:40:52,421 [SCMBlockDeletingService#1] DEBUG block.SCMBlockDeletingService (SCMBlockDeletingService.java:call(138)) - Running DeletedBlockTransactionScanner
2019-08-30 23:40:52,422 [SCMBlockDeletingService#1] DEBUG block.SCMBlockDeletingService (SCMBlockDeletingService.java:call(155)) - Scanned deleted blocks log and got 0 delTX to process.
2019-08-30 23:40:52,522 [SCMBlockDeletingService#1] DEBUG block.SCMBlockDeletingService (SCMBlockDeletingService.java:call(138)) - Running DeletedBlockTransactionScanner
2019-08-30 23:40:52,523 [SCMBlockDeletingService#1] DEBUG block.SCMBlockDeletingService (SCMBlockDeletingService.java:call(155)) - Scanned deleted blocks log and got 0 delTX to process.
2019-08-30 23:40:52,623 [SCMBlockDeletingService#1] DEBUG block.SCMBlockDeletingService (SCMBlockDeletingService.java:call(138)) - Running DeletedBlockTransactionScanner
2019-08-30 23:40:52,624 [SCMBlockDeletingService#1] DEBUG block.SCMBlockDeletingService (SCMBlockDeletingService.java:call(155)) - Scanned deleted blocks log and got 0 delTX to process.
2019-08-30 23:40:52,724 [SCMBlockDeletingService#1] DEBUG block.SCMBlockDeletingService (SCMBlockDeletingService.java:call(138)) - Running DeletedBlockTransactionScanner
2019-08-30 23:40:52,725 [SCMBlockDeletingService#1] DEBUG block.SCMBlockDeletingService (SCMBlockDeletingService.java:call(155)) - Scanned deleted blocks log and got 0 delTX to process.
2019-08-30 23:40:52,825 [SCMBlockDeletingService#1] DEBUG block.SCMBlockDeletingService (SCMBlockDeletingService.java:call(138)) - Running DeletedBlockTransactionScanner
2019-08-30 23:40:52,826 [SCMBlockDeletingService#1] DEBUG block.SCMBlockDeletingService (SCMBlockDeletingService.java:call(155)) - Scanned deleted blocks log and got 0 delTX to process.
2019-08-30 23:40:52,926 [SCMBlockDeletingService#1] DEBUG block.SCMBlockDeletingService (SCMBlockDeletingService.java:call(138)) - Running DeletedBlockTransactionScanner
2019-08-30 23:40:52,927 [SCMBlockDeletingService#1] DEBUG block.SCMBlockDeletingService (SCMBlockDeletingService.java:call(155)) - Scanned deleted blocks log and got 0 delTX to process.
2019-08-30 23:40:53,027 [SCMBlockDeletingService#1] DEBUG block.SCMBlockDeletingService (SCMBlockDeletingService.java:call(138)) - Running DeletedBlockTransactionScanner
2019-08-30 23:40:53,028 [SCMBlockDeletingService#1] DEBUG block.SCMBlockDeletingService (SCMBlockDeletingService.java:call(155)) - Scanned deleted blocks log and got 0 delTX to process.
2019-08-30 23:40:53,128 [SCMBlockDeletingService#1] DEBUG block.SCMBlockDeletingService (SCMBlockDeletingService.java:call(138)) - Running DeletedBlockTransactionScanner
2019-08-30 23:40:53,129 [SCMBlockDeletingService#1] DEBUG block.SCMBlockDeletingService (SCMBlockDeletingService.java:call(155)) - Scanned deleted blocks log and got 0 delTX to process.
2019-08-30 23:40:53,229 [SCMBlockDeletingService#0] DEBUG block.SCMBlockDeletingService (SCMBlockDeletingService.java:call(138)) - Running DeletedBlockTransactionScanner
2019-08-30 23:40:53,230 [SCMBlockDeletingService#0] DEBUG block.SCMBlockDeletingService (SCMBlockDeletingService.java:call(155)) - Scanned deleted blocks log and got 0 delTX to process.
2019-08-30 23:40:53,330 [SCMBlockDeletingService#0] DEBUG block.SCMBlockDeletingService (SCMBlockDeletingService.java:call(138)) - Running DeletedBlockTransactionScanner
2019-08-30 23:40:53,331 [SCMBlockDeletingService#0] DEBUG block.SCMBlockDeletingService (SCMBlockDeletingService.java:call(155)) - Scanned deleted blocks log and got 0 delTX to process.
2019-08-30 23:40:53,431 [SCMBlockDeletingService#0] DEBUG block.SCMBlockDeletingService (SCMBlockDeletingService.java:call(138)) - Running DeletedBlockTransactionScanner
2019-08-30 23:40:53,432 [SCMBlockDeletingService#0] DEBUG block.SCMBlockDeletingService (SCMBlockDeletingService.java:call(155)) - Scanned deleted blocks log and got 0 delTX to process.
2019-08-30 23:40:53,532 [SCMBlockDeletingService#0] DEBUG block.SCMBlockDeletingService (SCMBlockDeletingService.java:call(138)) - Running DeletedBlockTransactionScanner
2019-08-30 23:40:53,533 [SCMBlockDeletingService#0] DEBUG block.SCMBlockDeletingService (SCMBlockDeletingService.java:call(155)) - Scanned deleted blocks log and got 0 delTX to process.
2019-08-30 23:40:53,633 [SCMBlockDeletingService#0] DEBUG block.SCMBlockDeletingService (SCMBlockDeletingService.java:call(138)) - Running DeletedBlockTransactionScanner
2019-08-30 23:40:53,634 [SCMBlockDeletingService#0] DEBUG block.SCMBlockDeletingService (SCMBlockDeletingService.java:call(155)) - Scanned deleted blocks log and got 0 delTX to process.
2019-08-30 23:40:53,734 [SCMBlockDeletingService#0] DEBUG block.SCMBlockDeletingService (SCMBlockDeletingService.java:call(138)) - Running DeletedBlockTransactionScanner
2019-08-30 23:40:53,735 [SCMBlockDeletingService#0] DEBUG block.SCMBlockDeletingService (SCMBlockDeletingService.java:call(155)) - Scanned deleted blocks log and got 0 delTX to process.
2019-08-30 23:40:53,835 [SCMBlockDeletingService#0] DEBUG block.SCMBlockDeletingService (SCMBlockDeletingService.java:call(138)) - Running DeletedBlockTransactionScanner
2019-08-30 23:40:53,836 [SCMBlockDeletingService#0] DEBUG block.SCMBlockDeletingService (SCMBlockDeletingService.java:call(155)) - Scanned deleted blocks log and got 0 delTX to process.
2019-08-30 23:40:53,936 [SCMBlockDeletingService#0] DEBUG block.SCMBlockDeletingService (SCMBlockDeletingService.java:call(138)) - Running DeletedBlockTransactionScanner
2019-08-30 23:40:53,937 [SCMBlockDeletingService#0] DEBUG block.SCMBlockDeletingService (SCMBlockDeletingService.java:call(155)) - Scanned deleted blocks log and got 0 delTX to process.
2019-08-30 23:40:54,037 [SCMBlockDeletingService#0] DEBUG block.SCMBlockDeletingService (SCMBlockDeletingService.java:call(138)) - Running DeletedBlockTransactionScanner
2019-08-30 23:40:54,038 [SCMBlockDeletingService#0] DEBUG block.SCMBlockDeletingService (SCMBlockDeletingService.java:call(155)) - Scanned deleted blocks log and got 0 delTX to process.
2019-08-30 23:40:54,138 [SCMBlockDeletingService#0] DEBUG block.SCMBlockDeletingService (SCMBlockDeletingService.java:call(138)) - Running DeletedBlockTransactionScanner
2019-08-30 23:40:54,139 [SCMBlockDeletingService#0] DEBUG block.SCMBlockDeletingService (SCMBlockDeletingService.java:call(155)) - Scanned deleted blocks log and got 0 delTX to process.
2019-08-30 23:40:54,239 [SCMBlockDeletingService#0] DEBUG block.SCMBlockDeletingService (SCMBlockDeletingService.java:call(138)) - Running DeletedBlockTransactionScanner
2019-08-30 23:40:54,240 [SCMBlockDeletingService#0] DEBUG block.SCMBlockDeletingService (SCMBlockDeletingService.java:call(155)) - Scanned deleted blocks log and got 0 delTX to process.
2019-08-30 23:40:54,340 [SCMBlockDeletingService#0] DEBUG block.SCMBlockDeletingService (SCMBlockDeletingService.java:call(138)) - Running DeletedBlockTransactionScanner
2019-08-30 23:40:54,341 [SCMBlockDeletingService#0] DEBUG block.SCMBlockDeletingService (SCMBlockDeletingService.java:call(155)) - Scanned deleted blocks log and got 0 delTX to process.
2019-08-30 23:40:54,441 [SCMBlockDeletingService#0] DEBUG block.SCMBlockDeletingService (SCMBlockDeletingService.java:call(138)) - Running DeletedBlockTransactionScanner
2019-08-30 23:40:54,442 [SCMBlockDeletingService#0] DEBUG block.SCMBlockDeletingService (SCMBlockDeletingService.java:call(155)) - Scanned deleted blocks log and got 0 delTX to process.
2019-08-30 23:40:54,542 [SCMBlockDeletingService#0] DEBUG block.SCMBlockDeletingService (SCMBlockDeletingService.java:call(138)) - Running DeletedBlockTransactionScanner
2019-08-30 23:40:54,543 [SCMBlockDeletingService#0] DEBUG block.SCMBlockDeletingService (SCMBlockDeletingService.java:call(155)) - Scanned deleted blocks log and got 0 delTX to process.
2019-08-30 23:40:54,643 [SCMBlockDeletingService#0] DEBUG block.SCMBlockDeletingService (SCMBlockDeletingService.java:call(138)) - Running DeletedBlockTransactionScanner
2019-08-30 23:40:54,643 [SCMBlockDeletingService#0] DEBUG block.SCMBlockDeletingService (SCMBlockDeletingService.java:call(155)) - Scanned deleted blocks log and got 0 delTX to process.
2019-08-30 23:40:54,744 [SCMBlockDeletingService#0] DEBUG block.SCMBlockDeletingService (SCMBlockDeletingService.java:call(138)) - Running DeletedBlockTransactionScanner
2019-08-30 23:40:54,744 [SCMBlockDeletingService#0] DEBUG block.SCMBlockDeletingService (SCMBlockDeletingService.java:call(155)) - Scanned deleted blocks log and got 0 delTX to process.
2019-08-30 23:40:54,845 [SCMBlockDeletingService#0] DEBUG block.SCMBlockDeletingService (SCMBlockDeletingService.java:call(138)) - Running DeletedBlockTransactionScanner
2019-08-30 23:40:54,845 [SCMBlockDeletingService#0] DEBUG block.SCMBlockDeletingService (SCMBlockDeletingService.java:call(155)) - Scanned deleted blocks log and got 0 delTX to process.
2019-08-30 23:40:54,945 [SCMBlockDeletingService#0] DEBUG block.SCMBlockDeletingService (SCMBlockDeletingService.java:call(138)) - Running DeletedBlockTransactionScanner
2019-08-30 23:40:54,946 [SCMBlockDeletingService#0] DEBUG block.SCMBlockDeletingService (SCMBlockDeletingService.java:call(155)) - Scanned deleted blocks log and got 0 delTX to process.
2019-08-30 23:40:55,046 [SCMBlockDeletingService#0] DEBUG block.SCMBlockDeletingService (SCMBlockDeletingService.java:call(138)) - Running DeletedBlockTransactionScanner
2019-08-30 23:40:55,047 [SCMBlockDeletingService#0] DEBUG block.SCMBlockDeletingService (SCMBlockDeletingService.java:call(155)) - Scanned deleted blocks log and got 0 delTX to process.
2019-08-30 23:40:55,147 [SCMBlockDeletingService#0] DEBUG block.SCMBlockDeletingService (SCMBlockDeletingService.java:call(138)) - Running DeletedBlockTransactionScanner
2019-08-30 23:40:55,148 [SCMBlockDeletingService#0] DEBUG block.SCMBlockDeletingService (SCMBlockDeletingService.java:call(155)) - Scanned deleted blocks log and got 0 delTX to process.
2019-08-30 23:40:55,248 [SCMBlockDeletingService#0] DEBUG block.SCMBlockDeletingService (SCMBlockDeletingService.java:call(138)) - Running DeletedBlockTransactionScanner
2019-08-30 23:40:55,249 [SCMBlockDeletingService#0] DEBUG block.SCMBlockDeletingService (SCMBlockDeletingService.java:call(155)) - Scanned deleted blocks log and got 0 delTX to process.
2019-08-30 23:40:55,349 [SCMBlockDeletingService#0] DEBUG block.SCMBlockDeletingService (SCMBlockDeletingService.java:call(138)) - Running DeletedBlockTransactionScanner
2019-08-30 23:40:55,349 [SCMBlockDeletingService#0] DEBUG block.SCMBlockDeletingService (SCMBlockDeletingService.java:call(155)) - Scanned deleted blocks log and got 0 delTX to process.
2019-08-30 23:40:55,450 [SCMBlockDeletingService#0] DEBUG block.SCMBlockDeletingService (SCMBlockDeletingService.java:call(138)) - Running DeletedBlockTransactionScanner
2019-08-30 23:40:55,450 [SCMBlockDeletingService#0] DEBUG block.SCMBlockDeletingService (SCMBlockDeletingService.java:call(155)) - Scanned deleted blocks log and got 0 delTX to process.
2019-08-30 23:40:55,550 [SCMBlockDeletingService#0] DEBUG block.SCMBlockDeletingService (SCMBlockDeletingService.java:call(138)) - Running DeletedBlockTransactionScanner
2019-08-30 23:40:55,551 [SCMBlockDeletingService#0] DEBUG block.SCMBlockDeletingService (SCMBlockDeletingService.java:call(155)) - Scanned deleted blocks log and got 0 delTX to process.
2019-08-30 23:40:55,651 [SCMBlockDeletingService#0] DEBUG block.SCMBlockDeletingService (SCMBlockDeletingService.java:call(138)) - Running DeletedBlockTransactionScanner
2019-08-30 23:40:55,652 [SCMBlockDeletingService#0] DEBUG block.SCMBlockDeletingService (SCMBlockDeletingService.java:call(155)) - Scanned deleted blocks log and got 0 delTX to process.
2019-08-30 23:40:55,752 [SCMBlockDeletingService#0] DEBUG block.SCMBlockDeletingService (SCMBlockDeletingService.java:call(138)) - Running DeletedBlockTransactionScanner
2019-08-30 23:40:55,753 [SCMBlockDeletingService#0] DEBUG block.SCMBlockDeletingService (SCMBlockDeletingService.java:call(155)) - Scanned deleted blocks log and got 0 delTX to process.
2019-08-30 23:40:55,853 [SCMBlockDeletingService#0] DEBUG block.SCMBlockDeletingService (SCMBlockDeletingService.java:call(138)) - Running DeletedBlockTransactionScanner
2019-08-30 23:40:55,854 [SCMBlockDeletingService#0] DEBUG block.SCMBlockDeletingService (SCMBlockDeletingService.java:call(155)) - Scanned deleted blocks log and got 0 delTX to process.
2019-08-30 23:40:55,907 [Datanode State Machine Thread - 0] INFO  statemachine.DatanodeStateMachine (DatanodeStateMachine.java:lambda$startDaemon$0(350)) - Ozone container server started.
2019-08-30 23:40:55,954 [SCMBlockDeletingService#0] DEBUG block.SCMBlockDeletingService (SCMBlockDeletingService.java:call(138)) - Running DeletedBlockTransactionScanner
2019-08-30 23:40:55,957 [SCMBlockDeletingService#0] DEBUG block.SCMBlockDeletingService (SCMBlockDeletingService.java:call(155)) - Scanned deleted blocks log and got 3 delTX to process.
2019-08-30 23:40:55,964 [SCMBlockDeletingService#0] DEBUG block.SCMBlockDeletingService (SCMBlockDeletingService.java:call(171)) - Added delete block command for datanode c9f1298e-d840-49d8-aac3-de81602aa1d5 in the queue, number of delete block transactions: 3, TxID list: 1,2,3
2019-08-30 23:40:55,965 [SCMBlockDeletingService#0] INFO  block.SCMBlockDeletingService (SCMBlockDeletingService.java:call(182)) - Totally added 3 delete blocks command for 1 datanodes, task elapsed time: 11ms
2019-08-30 23:40:56,066 [SCMBlockDeletingService#1] DEBUG block.SCMBlockDeletingService (SCMBlockDeletingService.java:call(138)) - Running DeletedBlockTransactionScanner
2019-08-30 23:40:56,066 [SCMBlockDeletingService#1] DEBUG block.SCMBlockDeletingService (SCMBlockDeletingService.java:call(155)) - Scanned deleted blocks log and got 3 delTX to process.
2019-08-30 23:40:56,067 [SCMBlockDeletingService#1] DEBUG block.SCMBlockDeletingService (SCMBlockDeletingService.java:call(171)) - Added delete block command for datanode c9f1298e-d840-49d8-aac3-de81602aa1d5 in the queue, number of delete block transactions: 3, TxID list: 1,2,3
2019-08-30 23:40:56,067 [SCMBlockDeletingService#1] INFO  block.SCMBlockDeletingService (SCMBlockDeletingService.java:call(182)) - Totally added 3 delete blocks command for 1 datanodes, task elapsed time: 1ms
2019-08-30 23:40:56,168 [SCMBlockDeletingService#0] DEBUG block.SCMBlockDeletingService (SCMBlockDeletingService.java:call(138)) - Running DeletedBlockTransactionScanner
2019-08-30 23:40:56,168 [SCMBlockDeletingService#0] DEBUG block.SCMBlockDeletingService (SCMBlockDeletingService.java:call(155)) - Scanned deleted blocks log and got 3 delTX to process.
2019-08-30 23:40:56,168 [SCMBlockDeletingService#0] DEBUG block.SCMBlockDeletingService (SCMBlockDeletingService.java:call(171)) - Added delete block command for datanode c9f1298e-d840-49d8-aac3-de81602aa1d5 in the queue, number of delete block transactions: 3, TxID list: 1,2,3
2019-08-30 23:40:56,169 [SCMBlockDeletingService#0] INFO  block.SCMBlockDeletingService (SCMBlockDeletingService.java:call(182)) - Totally added 3 delete blocks command for 1 datanodes, task elapsed time: 1ms
2019-08-30 23:40:56,269 [SCMBlockDeletingService#0] DEBUG block.SCMBlockDeletingService (SCMBlockDeletingService.java:call(138)) - Running DeletedBlockTransactionScanner
2019-08-30 23:40:56,270 [SCMBlockDeletingService#0] DEBUG block.SCMBlockDeletingService (SCMBlockDeletingService.java:call(155)) - Scanned deleted blocks log and got 3 delTX to process.
2019-08-30 23:40:56,270 [SCMBlockDeletingService#0] DEBUG block.SCMBlockDeletingService (SCMBlockDeletingService.java:call(171)) - Added delete block command for datanode c9f1298e-d840-49d8-aac3-de81602aa1d5 in the queue, number of delete block transactions: 3, TxID list: 1,2,3
2019-08-30 23:40:56,270 [SCMBlockDeletingService#0] INFO  block.SCMBlockDeletingService (SCMBlockDeletingService.java:call(182)) - Totally added 3 delete blocks command for 1 datanodes, task elapsed time: 1ms
2019-08-30 23:40:56,371 [SCMBlockDeletingService#0] DEBUG block.SCMBlockDeletingService (SCMBlockDeletingService.java:call(138)) - Running DeletedBlockTransactionScanner
2019-08-30 23:40:56,371 [SCMBlockDeletingService#0] DEBUG block.SCMBlockDeletingService (SCMBlockDeletingService.java:call(155)) - Scanned deleted blocks log and got 3 delTX to process.
2019-08-30 23:40:56,372 [SCMBlockDeletingService#0] DEBUG block.SCMBlockDeletingService (SCMBlockDeletingService.java:call(171)) - Added delete block command for datanode c9f1298e-d840-49d8-aac3-de81602aa1d5 in the queue, number of delete block transactions: 3, TxID list: 1,2,3
2019-08-30 23:40:56,372 [SCMBlockDeletingService#0] INFO  block.SCMBlockDeletingService (SCMBlockDeletingService.java:call(182)) - Totally added 3 delete blocks command for 1 datanodes, task elapsed time: 1ms
2019-08-30 23:40:56,472 [SCMBlockDeletingService#0] DEBUG block.SCMBlockDeletingService (SCMBlockDeletingService.java:call(138)) - Running DeletedBlockTransactionScanner
2019-08-30 23:40:56,473 [SCMBlockDeletingService#0] DEBUG block.SCMBlockDeletingService (SCMBlockDeletingService.java:call(155)) - Scanned deleted blocks log and got 3 delTX to process.
2019-08-30 23:40:56,473 [SCMBlockDeletingService#0] DEBUG block.SCMBlockDeletingService (SCMBlockDeletingService.java:call(171)) - Added delete block command for datanode c9f1298e-d840-49d8-aac3-de81602aa1d5 in the queue, number of delete block transactions: 3, TxID list: 1,2,3
2019-08-30 23:40:56,473 [SCMBlockDeletingService#0] INFO  block.SCMBlockDeletingService (SCMBlockDeletingService.java:call(182)) - Totally added 3 delete blocks command for 1 datanodes, task elapsed time: 1ms
2019-08-30 23:40:56,574 [SCMBlockDeletingService#0] DEBUG block.SCMBlockDeletingService (SCMBlockDeletingService.java:call(138)) - Running DeletedBlockTransactionScanner
2019-08-30 23:40:56,574 [SCMBlockDeletingService#0] DEBUG block.SCMBlockDeletingService (SCMBlockDeletingService.java:call(155)) - Scanned deleted blocks log and got 3 delTX to process.
2019-08-30 23:40:56,575 [SCMBlockDeletingService#0] DEBUG block.SCMBlockDeletingService (SCMBlockDeletingService.java:call(171)) - Added delete block command for datanode c9f1298e-d840-49d8-aac3-de81602aa1d5 in the queue, number of delete block transactions: 3, TxID list: 1,2,3
2019-08-30 23:40:56,575 [SCMBlockDeletingService#0] INFO  block.SCMBlockDeletingService (SCMBlockDeletingService.java:call(182)) - Totally added 3 delete blocks command for 1 datanodes, task elapsed time: 1ms
2019-08-30 23:40:56,675 [SCMBlockDeletingService#0] DEBUG block.SCMBlockDeletingService (SCMBlockDeletingService.java:call(138)) - Running DeletedBlockTransactionScanner
2019-08-30 23:40:56,676 [SCMBlockDeletingService#0] DEBUG block.SCMBlockDeletingService (SCMBlockDeletingService.java:call(155)) - Scanned deleted blocks log and got 3 delTX to process.
2019-08-30 23:40:56,676 [SCMBlockDeletingService#0] DEBUG block.SCMBlockDeletingService (SCMBlockDeletingService.java:call(171)) - Added delete block command for datanode c9f1298e-d840-49d8-aac3-de81602aa1d5 in the queue, number of delete block transactions: 3, TxID list: 1,2,3
2019-08-30 23:40:56,676 [SCMBlockDeletingService#0] INFO  block.SCMBlockDeletingService (SCMBlockDeletingService.java:call(182)) - Totally added 3 delete blocks command for 1 datanodes, task elapsed time: 1ms
2019-08-30 23:40:56,777 [SCMBlockDeletingService#0] DEBUG block.SCMBlockDeletingService (SCMBlockDeletingService.java:call(138)) - Running DeletedBlockTransactionScanner
2019-08-30 23:40:56,777 [SCMBlockDeletingService#0] DEBUG block.SCMBlockDeletingService (SCMBlockDeletingService.java:call(155)) - Scanned deleted blocks log and got 3 delTX to process.
2019-08-30 23:40:56,778 [SCMBlockDeletingService#0] DEBUG block.SCMBlockDeletingService (SCMBlockDeletingService.java:call(171)) - Added delete block command for datanode c9f1298e-d840-49d8-aac3-de81602aa1d5 in the queue, number of delete block transactions: 3, TxID list: 1,2,3
2019-08-30 23:40:56,778 [SCMBlockDeletingService#0] INFO  block.SCMBlockDeletingService (SCMBlockDeletingService.java:call(182)) - Totally added 3 delete blocks command for 1 datanodes, task elapsed time: 1ms
2019-08-30 23:40:56,878 [SCMBlockDeletingService#0] DEBUG block.SCMBlockDeletingService (SCMBlockDeletingService.java:call(138)) - Running DeletedBlockTransactionScanner
2019-08-30 23:40:56,879 [SCMBlockDeletingService#0] DEBUG block.SCMBlockDeletingService (SCMBlockDeletingService.java:call(155)) - Scanned deleted blocks log and got 3 delTX to process.
2019-08-30 23:40:56,879 [SCMBlockDeletingService#0] DEBUG block.SCMBlockDeletingService (SCMBlockDeletingService.java:call(171)) - Added delete block command for datanode c9f1298e-d840-49d8-aac3-de81602aa1d5 in the queue, number of delete block transactions: 3, TxID list: 1,2,3
2019-08-30 23:40:56,880 [SCMBlockDeletingService#0] INFO  block.SCMBlockDeletingService (SCMBlockDeletingService.java:call(182)) - Totally added 3 delete blocks command for 1 datanodes, task elapsed time: 1ms
2019-08-30 23:40:56,966 [pool-7-thread-1] INFO  commands.RetriableDatanodeEventWatcher (RetriableDatanodeEventWatcher.java:onTimeout(47)) - RetriableDatanodeCommand type=deleteBlocksCommand with id=1567208455963 timed out. Retrying.
2019-08-30 23:40:56,980 [SCMBlockDeletingService#1] DEBUG block.SCMBlockDeletingService (SCMBlockDeletingService.java:call(138)) - Running DeletedBlockTransactionScanner
2019-08-30 23:40:56,981 [SCMBlockDeletingService#1] DEBUG block.SCMBlockDeletingService (SCMBlockDeletingService.java:call(155)) - Scanned deleted blocks log and got 3 delTX to process.
2019-08-30 23:40:56,981 [SCMBlockDeletingService#1] DEBUG block.SCMBlockDeletingService (SCMBlockDeletingService.java:call(171)) - Added delete block command for datanode c9f1298e-d840-49d8-aac3-de81602aa1d5 in the queue, number of delete block transactions: 3, TxID list: 1,2,3
2019-08-30 23:40:56,982 [SCMBlockDeletingService#1] INFO  block.SCMBlockDeletingService (SCMBlockDeletingService.java:call(182)) - Totally added 3 delete blocks command for 1 datanodes, task elapsed time: 1ms
2019-08-30 23:40:57,067 [pool-7-thread-1] INFO  commands.RetriableDatanodeEventWatcher (RetriableDatanodeEventWatcher.java:onTimeout(47)) - RetriableDatanodeCommand type=deleteBlocksCommand with id=1567208455964 timed out. Retrying.
2019-08-30 23:40:57,082 [SCMBlockDeletingService#0] DEBUG block.SCMBlockDeletingService (SCMBlockDeletingService.java:call(138)) - Running DeletedBlockTransactionScanner
2019-08-30 23:40:57,082 [SCMBlockDeletingService#0] DEBUG block.SCMBlockDeletingService (SCMBlockDeletingService.java:call(155)) - Scanned deleted blocks log and got 3 delTX to process.
2019-08-30 23:40:57,083 [SCMBlockDeletingService#0] DEBUG block.SCMBlockDeletingService (SCMBlockDeletingService.java:call(171)) - Added delete block command for datanode c9f1298e-d840-49d8-aac3-de81602aa1d5 in the queue, number of delete block transactions: 3, TxID list: 1,2,3
2019-08-30 23:40:57,083 [SCMBlockDeletingService#0] INFO  block.SCMBlockDeletingService (SCMBlockDeletingService.java:call(182)) - Totally added 3 delete blocks command for 1 datanodes, task elapsed time: 1ms
2019-08-30 23:40:57,169 [pool-7-thread-1] INFO  commands.RetriableDatanodeEventWatcher (RetriableDatanodeEventWatcher.java:onTimeout(47)) - RetriableDatanodeCommand type=deleteBlocksCommand with id=1567208455965 timed out. Retrying.
2019-08-30 23:40:57,183 [SCMBlockDeletingService#0] DEBUG block.SCMBlockDeletingService (SCMBlockDeletingService.java:call(138)) - Running DeletedBlockTransactionScanner
2019-08-30 23:40:57,184 [SCMBlockDeletingService#0] DEBUG block.SCMBlockDeletingService (SCMBlockDeletingService.java:call(155)) - Scanned deleted blocks log and got 3 delTX to process.
2019-08-30 23:40:57,184 [SCMBlockDeletingService#0] DEBUG block.SCMBlockDeletingService (SCMBlockDeletingService.java:call(171)) - Added delete block command for datanode c9f1298e-d840-49d8-aac3-de81602aa1d5 in the queue, number of delete block transactions: 3, TxID list: 1,2,3
2019-08-30 23:40:57,185 [SCMBlockDeletingService#0] INFO  block.SCMBlockDeletingService (SCMBlockDeletingService.java:call(182)) - Totally added 3 delete blocks command for 1 datanodes, task elapsed time: 2ms
2019-08-30 23:40:57,270 [pool-7-thread-1] INFO  commands.RetriableDatanodeEventWatcher (RetriableDatanodeEventWatcher.java:onTimeout(47)) - RetriableDatanodeCommand type=deleteBlocksCommand with id=1567208455966 timed out. Retrying.
2019-08-30 23:40:57,285 [SCMBlockDeletingService#0] DEBUG block.SCMBlockDeletingService (SCMBlockDeletingService.java:call(138)) - Running DeletedBlockTransactionScanner
2019-08-30 23:40:57,286 [SCMBlockDeletingService#0] DEBUG block.SCMBlockDeletingService (SCMBlockDeletingService.java:call(155)) - Scanned deleted blocks log and got 3 delTX to process.
2019-08-30 23:40:57,286 [SCMBlockDeletingService#0] DEBUG block.SCMBlockDeletingService (SCMBlockDeletingService.java:call(171)) - Added delete block command for datanode c9f1298e-d840-49d8-aac3-de81602aa1d5 in the queue, number of delete block transactions: 3, TxID list: 1,2,3
2019-08-30 23:40:57,286 [SCMBlockDeletingService#0] INFO  block.SCMBlockDeletingService (SCMBlockDeletingService.java:call(182)) - Totally added 3 delete blocks command for 1 datanodes, task elapsed time: 2ms
2019-08-30 23:40:57,372 [pool-7-thread-1] INFO  commands.RetriableDatanodeEventWatcher (RetriableDatanodeEventWatcher.java:onTimeout(47)) - RetriableDatanodeCommand type=deleteBlocksCommand with id=1567208455967 timed out. Retrying.
2019-08-30 23:40:57,387 [SCMBlockDeletingService#0] DEBUG block.SCMBlockDeletingService (SCMBlockDeletingService.java:call(138)) - Running DeletedBlockTransactionScanner
2019-08-30 23:40:57,387 [SCMBlockDeletingService#0] DEBUG block.SCMBlockDeletingService (SCMBlockDeletingService.java:call(155)) - Scanned deleted blocks log and got 3 delTX to process.
2019-08-30 23:40:57,387 [SCMBlockDeletingService#0] DEBUG block.SCMBlockDeletingService (SCMBlockDeletingService.java:call(171)) - Added delete block command for datanode c9f1298e-d840-49d8-aac3-de81602aa1d5 in the queue, number of delete block transactions: 3, TxID list: 1,2,3
2019-08-30 23:40:57,388 [SCMBlockDeletingService#0] INFO  block.SCMBlockDeletingService (SCMBlockDeletingService.java:call(182)) - Totally added 3 delete blocks command for 1 datanodes, task elapsed time: 1ms
2019-08-30 23:40:57,473 [pool-7-thread-1] INFO  commands.RetriableDatanodeEventWatcher (RetriableDatanodeEventWatcher.java:onTimeout(47)) - RetriableDatanodeCommand type=deleteBlocksCommand with id=1567208455968 timed out. Retrying.
2019-08-30 23:40:57,488 [SCMBlockDeletingService#0] DEBUG block.SCMBlockDeletingService (SCMBlockDeletingService.java:call(138)) - Running DeletedBlockTransactionScanner
2019-08-30 23:40:57,488 [SCMBlockDeletingService#0] DEBUG block.SCMBlockDeletingService (SCMBlockDeletingService.java:call(155)) - Scanned deleted blocks log and got 3 delTX to process.
2019-08-30 23:40:57,489 [SCMBlockDeletingService#0] DEBUG block.SCMBlockDeletingService (SCMBlockDeletingService.java:call(171)) - Added delete block command for datanode c9f1298e-d840-49d8-aac3-de81602aa1d5 in the queue, number of delete block transactions: 3, TxID list: 1,2,3
2019-08-30 23:40:57,489 [SCMBlockDeletingService#0] INFO  block.SCMBlockDeletingService (SCMBlockDeletingService.java:call(182)) - Totally added 3 delete blocks command for 1 datanodes, task elapsed time: 1ms
2019-08-30 23:40:57,575 [pool-7-thread-1] INFO  commands.RetriableDatanodeEventWatcher (RetriableDatanodeEventWatcher.java:onTimeout(47)) - RetriableDatanodeCommand type=deleteBlocksCommand with id=1567208455969 timed out. Retrying.
2019-08-30 23:40:57,589 [SCMBlockDeletingService#0] DEBUG block.SCMBlockDeletingService (SCMBlockDeletingService.java:call(138)) - Running DeletedBlockTransactionScanner
2019-08-30 23:40:57,590 [SCMBlockDeletingService#0] DEBUG block.SCMBlockDeletingService (SCMBlockDeletingService.java:call(155)) - Scanned deleted blocks log and got 3 delTX to process.
2019-08-30 23:40:57,590 [SCMBlockDeletingService#0] DEBUG block.SCMBlockDeletingService (SCMBlockDeletingService.java:call(171)) - Added delete block command for datanode c9f1298e-d840-49d8-aac3-de81602aa1d5 in the queue, number of delete block transactions: 3, TxID list: 1,2,3
2019-08-30 23:40:57,591 [SCMBlockDeletingService#0] INFO  block.SCMBlockDeletingService (SCMBlockDeletingService.java:call(182)) - Totally added 3 delete blocks command for 1 datanodes, task elapsed time: 1ms
2019-08-30 23:40:57,676 [pool-7-thread-1] INFO  commands.RetriableDatanodeEventWatcher (RetriableDatanodeEventWatcher.java:onTimeout(47)) - RetriableDatanodeCommand type=deleteBlocksCommand with id=1567208455970 timed out. Retrying.
2019-08-30 23:40:57,691 [SCMBlockDeletingService#0] DEBUG block.SCMBlockDeletingService (SCMBlockDeletingService.java:call(138)) - Running DeletedBlockTransactionScanner
2019-08-30 23:40:57,692 [SCMBlockDeletingService#0] DEBUG block.SCMBlockDeletingService (SCMBlockDeletingService.java:call(155)) - Scanned deleted blocks log and got 3 delTX to process.
2019-08-30 23:40:57,692 [SCMBlockDeletingService#0] DEBUG block.SCMBlockDeletingService (SCMBlockDeletingService.java:call(171)) - Added delete block command for datanode c9f1298e-d840-49d8-aac3-de81602aa1d5 in the queue, number of delete block transactions: 3, TxID list: 1,2,3
2019-08-30 23:40:57,692 [SCMBlockDeletingService#0] INFO  block.SCMBlockDeletingService (SCMBlockDeletingService.java:call(182)) - Totally added 3 delete blocks command for 1 datanodes, task elapsed time: 2ms
2019-08-30 23:40:57,778 [pool-7-thread-1] INFO  commands.RetriableDatanodeEventWatcher (RetriableDatanodeEventWatcher.java:onTimeout(47)) - RetriableDatanodeCommand type=deleteBlocksCommand with id=1567208455971 timed out. Retrying.
2019-08-30 23:40:57,793 [SCMBlockDeletingService#0] DEBUG block.SCMBlockDeletingService (SCMBlockDeletingService.java:call(138)) - Running DeletedBlockTransactionScanner
2019-08-30 23:40:57,793 [SCMBlockDeletingService#0] DEBUG block.SCMBlockDeletingService (SCMBlockDeletingService.java:call(155)) - Scanned deleted blocks log and got 3 delTX to process.
2019-08-30 23:40:57,794 [SCMBlockDeletingService#0] DEBUG block.SCMBlockDeletingService (SCMBlockDeletingService.java:call(171)) - Added delete block command for datanode c9f1298e-d840-49d8-aac3-de81602aa1d5 in the queue, number of delete block transactions: 3, TxID list: 1,2,3
2019-08-30 23:40:57,794 [SCMBlockDeletingService#0] INFO  block.SCMBlockDeletingService (SCMBlockDeletingService.java:call(182)) - Totally added 3 delete blocks command for 1 datanodes, task elapsed time: 1ms
2019-08-30 23:40:57,880 [pool-7-thread-1] INFO  commands.RetriableDatanodeEventWatcher (RetriableDatanodeEventWatcher.java:onTimeout(47)) - RetriableDatanodeCommand type=deleteBlocksCommand with id=1567208455972 timed out. Retrying.
2019-08-30 23:40:57,894 [SCMBlockDeletingService#0] DEBUG block.SCMBlockDeletingService (SCMBlockDeletingService.java:call(138)) - Running DeletedBlockTransactionScanner
2019-08-30 23:40:57,895 [SCMBlockDeletingService#0] DEBUG block.SCMBlockDeletingService (SCMBlockDeletingService.java:call(155)) - Scanned deleted blocks log and got 3 delTX to process.
2019-08-30 23:40:57,895 [SCMBlockDeletingService#0] DEBUG block.SCMBlockDeletingService (SCMBlockDeletingService.java:call(171)) - Added delete block command for datanode c9f1298e-d840-49d8-aac3-de81602aa1d5 in the queue, number of delete block transactions: 3, TxID list: 1,2,3
2019-08-30 23:40:57,896 [SCMBlockDeletingService#0] INFO  block.SCMBlockDeletingService (SCMBlockDeletingService.java:call(182)) - Totally added 3 delete blocks command for 1 datanodes, task elapsed time: 1ms
2019-08-30 23:40:57,966 [pool-7-thread-1] INFO  commands.RetriableDatanodeEventWatcher (RetriableDatanodeEventWatcher.java:onTimeout(47)) - RetriableDatanodeCommand type=deleteBlocksCommand with id=1567208455963 timed out. Retrying.
2019-08-30 23:40:57,980 [pool-7-thread-1] INFO  commands.RetriableDatanodeEventWatcher (RetriableDatanodeEventWatcher.java:onTimeout(47)) - RetriableDatanodeCommand type=deleteBlocksCommand with id=1567208455973 timed out. Retrying.
2019-08-30 23:40:57,997 [SCMBlockDeletingService#0] DEBUG block.SCMBlockDeletingService (SCMBlockDeletingService.java:call(138)) - Running DeletedBlockTransactionScanner
2019-08-30 23:40:57,997 [SCMBlockDeletingService#0] DEBUG block.SCMBlockDeletingService (SCMBlockDeletingService.java:call(155)) - Scanned deleted blocks log and got 3 delTX to process.
2019-08-30 23:40:57,998 [SCMBlockDeletingService#0] DEBUG block.SCMBlockDeletingService (SCMBlockDeletingService.java:call(171)) - Added delete block command for datanode c9f1298e-d840-49d8-aac3-de81602aa1d5 in the queue, number of delete block transactions: 3, TxID list: 1,2,3
2019-08-30 23:40:57,998 [SCMBlockDeletingService#0] INFO  block.SCMBlockDeletingService (SCMBlockDeletingService.java:call(182)) - Totally added 3 delete blocks command for 1 datanodes, task elapsed time: 1ms
2019-08-30 23:40:58,067 [pool-7-thread-1] INFO  commands.RetriableDatanodeEventWatcher (RetriableDatanodeEventWatcher.java:onTimeout(47)) - RetriableDatanodeCommand type=deleteBlocksCommand with id=1567208455964 timed out. Retrying.
2019-08-30 23:40:58,083 [pool-7-thread-1] INFO  commands.RetriableDatanodeEventWatcher (RetriableDatanodeEventWatcher.java:onTimeout(47)) - RetriableDatanodeCommand type=deleteBlocksCommand with id=1567208455974 timed out. Retrying.
2019-08-30 23:40:58,099 [SCMBlockDeletingService#0] DEBUG block.SCMBlockDeletingService (SCMBlockDeletingService.java:call(138)) - Running DeletedBlockTransactionScanner
2019-08-30 23:40:58,099 [SCMBlockDeletingService#0] DEBUG block.SCMBlockDeletingService (SCMBlockDeletingService.java:call(155)) - Scanned deleted blocks log and got 3 delTX to process.
2019-08-30 23:40:58,099 [SCMBlockDeletingService#0] DEBUG block.SCMBlockDeletingService (SCMBlockDeletingService.java:call(171)) - Added delete block command for datanode c9f1298e-d840-49d8-aac3-de81602aa1d5 in the queue, number of delete block transactions: 3, TxID list: 1,2,3
2019-08-30 23:40:58,100 [SCMBlockDeletingService#0] INFO  block.SCMBlockDeletingService (SCMBlockDeletingService.java:call(182)) - Totally added 3 delete blocks command for 1 datanodes, task elapsed time: 1ms
2019-08-30 23:40:58,170 [pool-7-thread-1] INFO  commands.RetriableDatanodeEventWatcher (RetriableDatanodeEventWatcher.java:onTimeout(47)) - RetriableDatanodeCommand type=deleteBlocksCommand with id=1567208455965 timed out. Retrying.
2019-08-30 23:40:58,184 [pool-7-thread-1] INFO  commands.RetriableDatanodeEventWatcher (RetriableDatanodeEventWatcher.java:onTimeout(47)) - RetriableDatanodeCommand type=deleteBlocksCommand with id=1567208455975 timed out. Retrying.
2019-08-30 23:40:58,200 [SCMBlockDeletingService#1] DEBUG block.SCMBlockDeletingService (SCMBlockDeletingService.java:call(138)) - Running DeletedBlockTransactionScanner
2019-08-30 23:40:58,201 [SCMBlockDeletingService#1] DEBUG block.SCMBlockDeletingService (SCMBlockDeletingService.java:call(155)) - Scanned deleted blocks log and got 3 delTX to process.
2019-08-30 23:40:58,201 [SCMBlockDeletingService#1] DEBUG block.SCMBlockDeletingService (SCMBlockDeletingService.java:call(171)) - Added delete block command for datanode c9f1298e-d840-49d8-aac3-de81602aa1d5 in the queue, number of delete block transactions: 3, TxID list: 1,2,3
2019-08-30 23:40:58,201 [SCMBlockDeletingService#1] INFO  block.SCMBlockDeletingService (SCMBlockDeletingService.java:call(182)) - Totally added 3 delete blocks command for 1 datanodes, task elapsed time: 1ms
2019-08-30 23:40:58,270 [pool-7-thread-1] INFO  commands.RetriableDatanodeEventWatcher (RetriableDatanodeEventWatcher.java:onTimeout(47)) - RetriableDatanodeCommand type=deleteBlocksCommand with id=1567208455966 timed out. Retrying.
2019-08-30 23:40:58,286 [pool-7-thread-1] INFO  commands.RetriableDatanodeEventWatcher (RetriableDatanodeEventWatcher.java:onTimeout(47)) - RetriableDatanodeCommand type=deleteBlocksCommand with id=1567208455976 timed out. Retrying.
2019-08-30 23:40:58,301 [SCMBlockDeletingService#1] DEBUG block.SCMBlockDeletingService (SCMBlockDeletingService.java:call(138)) - Running DeletedBlockTransactionScanner
2019-08-30 23:40:58,302 [SCMBlockDeletingService#1] DEBUG block.SCMBlockDeletingService (SCMBlockDeletingService.java:call(155)) - Scanned deleted blocks log and got 3 delTX to process.
2019-08-30 23:40:58,302 [SCMBlockDeletingService#1] DEBUG block.SCMBlockDeletingService (SCMBlockDeletingService.java:call(171)) - Added delete block command for datanode c9f1298e-d840-49d8-aac3-de81602aa1d5 in the queue, number of delete block transactions: 3, TxID list: 1,2,3
2019-08-30 23:40:58,302 [SCMBlockDeletingService#1] INFO  block.SCMBlockDeletingService (SCMBlockDeletingService.java:call(182)) - Totally added 3 delete blocks command for 1 datanodes, task elapsed time: 0ms
2019-08-30 23:40:58,373 [pool-7-thread-1] INFO  commands.RetriableDatanodeEventWatcher (RetriableDatanodeEventWatcher.java:onTimeout(47)) - RetriableDatanodeCommand type=deleteBlocksCommand with id=1567208455967 timed out. Retrying.
2019-08-30 23:40:58,388 [pool-7-thread-1] INFO  commands.RetriableDatanodeEventWatcher (RetriableDatanodeEventWatcher.java:onTimeout(47)) - RetriableDatanodeCommand type=deleteBlocksCommand with id=1567208455977 timed out. Retrying.
2019-08-30 23:40:58,402 [SCMBlockDeletingService#1] DEBUG block.SCMBlockDeletingService (SCMBlockDeletingService.java:call(138)) - Running DeletedBlockTransactionScanner
2019-08-30 23:40:58,403 [SCMBlockDeletingService#1] DEBUG block.SCMBlockDeletingService (SCMBlockDeletingService.java:call(155)) - Scanned deleted blocks log and got 3 delTX to process.
2019-08-30 23:40:58,403 [SCMBlockDeletingService#1] DEBUG block.SCMBlockDeletingService (SCMBlockDeletingService.java:call(171)) - Added delete block command for datanode c9f1298e-d840-49d8-aac3-de81602aa1d5 in the queue, number of delete block transactions: 3, TxID list: 1,2,3
2019-08-30 23:40:58,403 [SCMBlockDeletingService#1] INFO  block.SCMBlockDeletingService (SCMBlockDeletingService.java:call(182)) - Totally added 3 delete blocks command for 1 datanodes, task elapsed time: 1ms
2019-08-30 23:40:58,473 [pool-7-thread-1] INFO  commands.RetriableDatanodeEventWatcher (RetriableDatanodeEventWatcher.java:onTimeout(47)) - RetriableDatanodeCommand type=deleteBlocksCommand with id=1567208455968 timed out. Retrying.
2019-08-30 23:40:58,489 [pool-7-thread-1] INFO  commands.RetriableDatanodeEventWatcher (RetriableDatanodeEventWatcher.java:onTimeout(47)) - RetriableDatanodeCommand type=deleteBlocksCommand with id=1567208455978 timed out. Retrying.
2019-08-30 23:40:58,504 [SCMBlockDeletingService#1] DEBUG block.SCMBlockDeletingService (SCMBlockDeletingService.java:call(138)) - Running DeletedBlockTransactionScanner
2019-08-30 23:40:58,504 [SCMBlockDeletingService#1] DEBUG block.SCMBlockDeletingService (SCMBlockDeletingService.java:call(155)) - Scanned deleted blocks log and got 3 delTX to process.
2019-08-30 23:40:58,504 [SCMBlockDeletingService#1] DEBUG block.SCMBlockDeletingService (SCMBlockDeletingService.java:call(171)) - Added delete block command for datanode c9f1298e-d840-49d8-aac3-de81602aa1d5 in the queue, number of delete block transactions: 3, TxID list: 1,2,3
2019-08-30 23:40:58,505 [SCMBlockDeletingService#1] INFO  block.SCMBlockDeletingService (SCMBlockDeletingService.java:call(182)) - Totally added 3 delete blocks command for 1 datanodes, task elapsed time: 1ms
2019-08-30 23:40:58,576 [pool-7-thread-1] INFO  commands.RetriableDatanodeEventWatcher (RetriableDatanodeEventWatcher.java:onTimeout(47)) - RetriableDatanodeCommand type=deleteBlocksCommand with id=1567208455969 timed out. Retrying.
2019-08-30 23:40:58,590 [pool-7-thread-1] INFO  commands.RetriableDatanodeEventWatcher (RetriableDatanodeEventWatcher.java:onTimeout(47)) - RetriableDatanodeCommand type=deleteBlocksCommand with id=1567208455979 timed out. Retrying.
2019-08-30 23:40:58,605 [SCMBlockDeletingService#0] DEBUG block.SCMBlockDeletingService (SCMBlockDeletingService.java:call(138)) - Running DeletedBlockTransactionScanner
2019-08-30 23:40:58,605 [SCMBlockDeletingService#0] DEBUG block.SCMBlockDeletingService (SCMBlockDeletingService.java:call(155)) - Scanned deleted blocks log and got 3 delTX to process.
2019-08-30 23:40:58,606 [SCMBlockDeletingService#0] DEBUG block.SCMBlockDeletingService (SCMBlockDeletingService.java:call(171)) - Added delete block command for datanode c9f1298e-d840-49d8-aac3-de81602aa1d5 in the queue, number of delete block transactions: 3, TxID list: 1,2,3
2019-08-30 23:40:58,606 [SCMBlockDeletingService#0] INFO  block.SCMBlockDeletingService (SCMBlockDeletingService.java:call(182)) - Totally added 3 delete blocks command for 1 datanodes, task elapsed time: 1ms
2019-08-30 23:40:58,677 [pool-7-thread-1] INFO  commands.RetriableDatanodeEventWatcher (RetriableDatanodeEventWatcher.java:onTimeout(47)) - RetriableDatanodeCommand type=deleteBlocksCommand with id=1567208455970 timed out. Retrying.
2019-08-30 23:40:58,692 [pool-7-thread-1] INFO  commands.RetriableDatanodeEventWatcher (RetriableDatanodeEventWatcher.java:onTimeout(47)) - RetriableDatanodeCommand type=deleteBlocksCommand with id=1567208455980 timed out. Retrying.
2019-08-30 23:40:58,706 [SCMBlockDeletingService#0] DEBUG block.SCMBlockDeletingService (SCMBlockDeletingService.java:call(138)) - Running DeletedBlockTransactionScanner
2019-08-30 23:40:58,707 [SCMBlockDeletingService#0] DEBUG block.SCMBlockDeletingService (SCMBlockDeletingService.java:call(155)) - Scanned deleted blocks log and got 3 delTX to process.
2019-08-30 23:40:58,707 [SCMBlockDeletingService#0] DEBUG block.SCMBlockDeletingService (SCMBlockDeletingService.java:call(171)) - Added delete block command for datanode c9f1298e-d840-49d8-aac3-de81602aa1d5 in the queue, number of delete block transactions: 3, TxID list: 1,2,3
2019-08-30 23:40:58,707 [SCMBlockDeletingService#0] INFO  block.SCMBlockDeletingService (SCMBlockDeletingService.java:call(182)) - Totally added 3 delete blocks command for 1 datanodes, task elapsed time: 0ms
2019-08-30 23:40:58,716 [EventQueue-StaleNodeForStaleNodeHandler] INFO  node.StaleNodeHandler (StaleNodeHandler.java:onMessage(58)) - Datanode c9f1298e-d840-49d8-aac3-de81602aa1d5{ip: 192.168.36.88, host: pr-hdds-1909-plfbr-3209385976, networkLocation: /default-rack, certSerialId: null} moved to stale state. Finalizing its pipelines [PipelineID=f0fc4ca0-c3ee-4d38-af01-e9810a644481]
2019-08-30 23:40:58,716 [EventQueue-StaleNodeForStaleNodeHandler] INFO  pipeline.SCMPipelineManager (SCMPipelineManager.java:finalizeAndDestroyPipeline(309)) - destroying pipeline:Pipeline[ Id: f0fc4ca0-c3ee-4d38-af01-e9810a644481, Nodes: c9f1298e-d840-49d8-aac3-de81602aa1d5{ip: 192.168.36.88, host: pr-hdds-1909-plfbr-3209385976, networkLocation: /default-rack, certSerialId: null}, Type:RATIS, Factor:ONE, State:OPEN]
2019-08-30 23:40:58,717 [EventQueue-StaleNodeForStaleNodeHandler] INFO  pipeline.PipelineStateManager (PipelineStateManager.java:finalizePipeline(123)) - Pipeline Pipeline[ Id: f0fc4ca0-c3ee-4d38-af01-e9810a644481, Nodes: c9f1298e-d840-49d8-aac3-de81602aa1d5{ip: 192.168.36.88, host: pr-hdds-1909-plfbr-3209385976, networkLocation: /default-rack, certSerialId: null}, Type:RATIS, Factor:ONE, State:CLOSED] moved to CLOSED state
2019-08-30 23:40:58,779 [pool-7-thread-1] INFO  commands.RetriableDatanodeEventWatcher (RetriableDatanodeEventWatcher.java:onTimeout(47)) - RetriableDatanodeCommand type=deleteBlocksCommand with id=1567208455971 timed out. Retrying.
2019-08-30 23:40:58,794 [pool-7-thread-1] INFO  commands.RetriableDatanodeEventWatcher (RetriableDatanodeEventWatcher.java:onTimeout(47)) - RetriableDatanodeCommand type=deleteBlocksCommand with id=1567208455981 timed out. Retrying.
2019-08-30 23:40:58,807 [SCMBlockDeletingService#0] DEBUG block.SCMBlockDeletingService (SCMBlockDeletingService.java:call(138)) - Running DeletedBlockTransactionScanner
2019-08-30 23:40:58,808 [SCMBlockDeletingService#0] DEBUG block.SCMBlockDeletingService (SCMBlockDeletingService.java:call(155)) - Scanned deleted blocks log and got 3 delTX to process.
2019-08-30 23:40:58,808 [SCMBlockDeletingService#0] DEBUG block.SCMBlockDeletingService (SCMBlockDeletingService.java:call(171)) - Added delete block command for datanode c9f1298e-d840-49d8-aac3-de81602aa1d5 in the queue, number of delete block transactions: 3, TxID list: 1,2,3
2019-08-30 23:40:58,809 [SCMBlockDeletingService#0] INFO  block.SCMBlockDeletingService (SCMBlockDeletingService.java:call(182)) - Totally added 3 delete blocks command for 1 datanodes, task elapsed time: 1ms
2019-08-30 23:40:58,880 [pool-7-thread-1] INFO  commands.RetriableDatanodeEventWatcher (RetriableDatanodeEventWatcher.java:onTimeout(47)) - RetriableDatanodeCommand type=deleteBlocksCommand with id=1567208455972 timed out. Retrying.
2019-08-30 23:40:58,896 [pool-7-thread-1] INFO  commands.RetriableDatanodeEventWatcher (RetriableDatanodeEventWatcher.java:onTimeout(47)) - RetriableDatanodeCommand type=deleteBlocksCommand with id=1567208455982 timed out. Retrying.
2019-08-30 23:40:58,909 [SCMBlockDeletingService#0] DEBUG block.SCMBlockDeletingService (SCMBlockDeletingService.java:call(138)) - Running DeletedBlockTransactionScanner
2019-08-30 23:40:58,910 [SCMBlockDeletingService#0] DEBUG block.SCMBlockDeletingService (SCMBlockDeletingService.java:call(155)) - Scanned deleted blocks log and got 3 delTX to process.
2019-08-30 23:40:58,910 [SCMBlockDeletingService#0] DEBUG block.SCMBlockDeletingService (SCMBlockDeletingService.java:call(171)) - Added delete block command for datanode c9f1298e-d840-49d8-aac3-de81602aa1d5 in the queue, number of delete block transactions: 3, TxID list: 1,2,3
2019-08-30 23:40:58,910 [SCMBlockDeletingService#0] INFO  block.SCMBlockDeletingService (SCMBlockDeletingService.java:call(182)) - Totally added 3 delete blocks command for 1 datanodes, task elapsed time: 1ms
2019-08-30 23:40:58,966 [pool-7-thread-1] INFO  commands.RetriableDatanodeEventWatcher (RetriableDatanodeEventWatcher.java:onTimeout(47)) - RetriableDatanodeCommand type=deleteBlocksCommand with id=1567208455963 timed out. Retrying.
2019-08-30 23:40:58,981 [pool-7-thread-1] INFO  commands.RetriableDatanodeEventWatcher (RetriableDatanodeEventWatcher.java:onTimeout(47)) - RetriableDatanodeCommand type=deleteBlocksCommand with id=1567208455973 timed out. Retrying.
2019-08-30 23:40:58,998 [pool-7-thread-1] INFO  commands.RetriableDatanodeEventWatcher (RetriableDatanodeEventWatcher.java:onTimeout(47)) - RetriableDatanodeCommand type=deleteBlocksCommand with id=1567208455983 timed out. Retrying.
2019-08-30 23:40:59,011 [SCMBlockDeletingService#0] DEBUG block.SCMBlockDeletingService (SCMBlockDeletingService.java:call(138)) - Running DeletedBlockTransactionScanner
2019-08-30 23:40:59,011 [SCMBlockDeletingService#0] DEBUG block.SCMBlockDeletingService (SCMBlockDeletingService.java:call(155)) - Scanned deleted blocks log and got 3 delTX to process.
2019-08-30 23:40:59,011 [SCMBlockDeletingService#0] DEBUG block.SCMBlockDeletingService (SCMBlockDeletingService.java:call(171)) - Added delete block command for datanode c9f1298e-d840-49d8-aac3-de81602aa1d5 in the queue, number of delete block transactions: 3, TxID list: 1,2,3
2019-08-30 23:40:59,011 [SCMBlockDeletingService#0] INFO  block.SCMBlockDeletingService (SCMBlockDeletingService.java:call(182)) - Totally added 3 delete blocks command for 1 datanodes, task elapsed time: 1ms
2019-08-30 23:40:59,068 [pool-7-thread-1] INFO  commands.RetriableDatanodeEventWatcher (RetriableDatanodeEventWatcher.java:onTimeout(47)) - RetriableDatanodeCommand type=deleteBlocksCommand with id=1567208455964 timed out. Retrying.
2019-08-30 23:40:59,083 [pool-7-thread-1] INFO  commands.RetriableDatanodeEventWatcher (RetriableDatanodeEventWatcher.java:onTimeout(47)) - RetriableDatanodeCommand type=deleteBlocksCommand with id=1567208455974 timed out. Retrying.
2019-08-30 23:40:59,100 [pool-7-thread-1] INFO  commands.RetriableDatanodeEventWatcher (RetriableDatanodeEventWatcher.java:onTimeout(47)) - RetriableDatanodeCommand type=deleteBlocksCommand with id=1567208455984 timed out. Retrying.
2019-08-30 23:40:59,112 [SCMBlockDeletingService#0] DEBUG block.SCMBlockDeletingService (SCMBlockDeletingService.java:call(138)) - Running DeletedBlockTransactionScanner
2019-08-30 23:40:59,112 [SCMBlockDeletingService#0] DEBUG block.SCMBlockDeletingService (SCMBlockDeletingService.java:call(155)) - Scanned deleted blocks log and got 3 delTX to process.
2019-08-30 23:40:59,112 [SCMBlockDeletingService#0] DEBUG block.SCMBlockDeletingService (SCMBlockDeletingService.java:call(171)) - Added delete block command for datanode c9f1298e-d840-49d8-aac3-de81602aa1d5 in the queue, number of delete block transactions: 3, TxID list: 1,2,3
2019-08-30 23:40:59,113 [SCMBlockDeletingService#0] INFO  block.SCMBlockDeletingService (SCMBlockDeletingService.java:call(182)) - Totally added 3 delete blocks command for 1 datanodes, task elapsed time: 1ms
2019-08-30 23:40:59,170 [pool-7-thread-1] INFO  commands.RetriableDatanodeEventWatcher (RetriableDatanodeEventWatcher.java:onTimeout(47)) - RetriableDatanodeCommand type=deleteBlocksCommand with id=1567208455965 timed out. Retrying.
2019-08-30 23:40:59,185 [pool-7-thread-1] INFO  commands.RetriableDatanodeEventWatcher (RetriableDatanodeEventWatcher.java:onTimeout(47)) - RetriableDatanodeCommand type=deleteBlocksCommand with id=1567208455975 timed out. Retrying.
2019-08-30 23:40:59,201 [pool-7-thread-1] INFO  commands.RetriableDatanodeEventWatcher (RetriableDatanodeEventWatcher.java:onTimeout(47)) - RetriableDatanodeCommand type=deleteBlocksCommand with id=1567208455985 timed out. Retrying.
2019-08-30 23:40:59,213 [SCMBlockDeletingService#0] DEBUG block.SCMBlockDeletingService (SCMBlockDeletingService.java:call(138)) - Running DeletedBlockTransactionScanner
2019-08-30 23:40:59,214 [SCMBlockDeletingService#0] DEBUG block.SCMBlockDeletingService (SCMBlockDeletingService.java:call(155)) - Scanned deleted blocks log and got 3 delTX to process.
2019-08-30 23:40:59,214 [SCMBlockDeletingService#0] DEBUG block.SCMBlockDeletingService (SCMBlockDeletingService.java:call(171)) - Added delete block command for datanode c9f1298e-d840-49d8-aac3-de81602aa1d5 in the queue, number of delete block transactions: 3, TxID list: 1,2,3
2019-08-30 23:40:59,214 [SCMBlockDeletingService#0] INFO  block.SCMBlockDeletingService (SCMBlockDeletingService.java:call(182)) - Totally added 3 delete blocks command for 1 datanodes, task elapsed time: 1ms
2019-08-30 23:40:59,271 [pool-7-thread-1] INFO  commands.RetriableDatanodeEventWatcher (RetriableDatanodeEventWatcher.java:onTimeout(47)) - RetriableDatanodeCommand type=deleteBlocksCommand with id=1567208455966 timed out. Retrying.
2019-08-30 23:40:59,286 [pool-7-thread-1] INFO  commands.RetriableDatanodeEventWatcher (RetriableDatanodeEventWatcher.java:onTimeout(47)) - RetriableDatanodeCommand type=deleteBlocksCommand with id=1567208455976 timed out. Retrying.
2019-08-30 23:40:59,302 [pool-7-thread-1] INFO  commands.RetriableDatanodeEventWatcher (RetriableDatanodeEventWatcher.java:onTimeout(47)) - RetriableDatanodeCommand type=deleteBlocksCommand with id=1567208455986 timed out. Retrying.
2019-08-30 23:40:59,315 [SCMBlockDeletingService#0] DEBUG block.SCMBlockDeletingService (SCMBlockDeletingService.java:call(138)) - Running DeletedBlockTransactionScanner
2019-08-30 23:40:59,315 [SCMBlockDeletingService#0] DEBUG block.SCMBlockDeletingService (SCMBlockDeletingService.java:call(155)) - Scanned deleted blocks log and got 3 delTX to process.
2019-08-30 23:40:59,315 [SCMBlockDeletingService#0] DEBUG block.SCMBlockDeletingService (SCMBlockDeletingService.java:call(171)) - Added delete block command for datanode c9f1298e-d840-49d8-aac3-de81602aa1d5 in the queue, number of delete block transactions: 3, TxID list: 1,2,3
2019-08-30 23:40:59,316 [SCMBlockDeletingService#0] INFO  block.SCMBlockDeletingService (SCMBlockDeletingService.java:call(182)) - Totally added 3 delete blocks command for 1 datanodes, task elapsed time: 1ms
2019-08-30 23:40:59,374 [pool-7-thread-1] INFO  commands.RetriableDatanodeEventWatcher (RetriableDatanodeEventWatcher.java:onTimeout(47)) - RetriableDatanodeCommand type=deleteBlocksCommand with id=1567208455967 timed out. Retrying.
2019-08-30 23:40:59,388 [pool-7-thread-1] INFO  commands.RetriableDatanodeEventWatcher (RetriableDatanodeEventWatcher.java:onTimeout(47)) - RetriableDatanodeCommand type=deleteBlocksCommand with id=1567208455977 timed out. Retrying.
2019-08-30 23:40:59,403 [pool-7-thread-1] INFO  commands.RetriableDatanodeEventWatcher (RetriableDatanodeEventWatcher.java:onTimeout(47)) - RetriableDatanodeCommand type=deleteBlocksCommand with id=1567208455987 timed out. Retrying.
2019-08-30 23:40:59,416 [SCMBlockDeletingService#0] DEBUG block.SCMBlockDeletingService (SCMBlockDeletingService.java:call(138)) - Running DeletedBlockTransactionScanner
2019-08-30 23:40:59,416 [SCMBlockDeletingService#0] DEBUG block.SCMBlockDeletingService (SCMBlockDeletingService.java:call(155)) - Scanned deleted blocks log and got 3 delTX to process.
2019-08-30 23:40:59,417 [SCMBlockDeletingService#0] DEBUG block.SCMBlockDeletingService (SCMBlockDeletingService.java:call(171)) - Added delete block command for datanode c9f1298e-d840-49d8-aac3-de81602aa1d5 in the queue, number of delete block transactions: 3, TxID list: 1,2,3
2019-08-30 23:40:59,417 [SCMBlockDeletingService#0] INFO  block.SCMBlockDeletingService (SCMBlockDeletingService.java:call(182)) - Totally added 3 delete blocks command for 1 datanodes, task elapsed time: 1ms
2019-08-30 23:40:59,473 [pool-7-thread-1] INFO  commands.RetriableDatanodeEventWatcher (RetriableDatanodeEventWatcher.java:onTimeout(47)) - RetriableDatanodeCommand type=deleteBlocksCommand with id=1567208455968 timed out. Retrying.
2019-08-30 23:40:59,490 [pool-7-thread-1] INFO  commands.RetriableDatanodeEventWatcher (RetriableDatanodeEventWatcher.java:onTimeout(47)) - RetriableDatanodeCommand type=deleteBlocksCommand with id=1567208455978 timed out. Retrying.
2019-08-30 23:40:59,505 [pool-7-thread-1] INFO  commands.RetriableDatanodeEventWatcher (RetriableDatanodeEventWatcher.java:onTimeout(47)) - RetriableDatanodeCommand type=deleteBlocksCommand with id=1567208455988 timed out. Retrying.
2019-08-30 23:40:59,517 [SCMBlockDeletingService#0] DEBUG block.SCMBlockDeletingService (SCMBlockDeletingService.java:call(138)) - Running DeletedBlockTransactionScanner
2019-08-30 23:40:59,518 [SCMBlockDeletingService#0] DEBUG block.SCMBlockDeletingService (SCMBlockDeletingService.java:call(155)) - Scanned deleted blocks log and got 3 delTX to process.
2019-08-30 23:40:59,518 [SCMBlockDeletingService#0] DEBUG block.SCMBlockDeletingService (SCMBlockDeletingService.java:call(171)) - Added delete block command for datanode c9f1298e-d840-49d8-aac3-de81602aa1d5 in the queue, number of delete block transactions: 3, TxID list: 1,2,3
2019-08-30 23:40:59,519 [SCMBlockDeletingService#0] INFO  block.SCMBlockDeletingService (SCMBlockDeletingService.java:call(182)) - Totally added 3 delete blocks command for 1 datanodes, task elapsed time: 1ms
2019-08-30 23:40:59,576 [pool-7-thread-1] INFO  commands.RetriableDatanodeEventWatcher (RetriableDatanodeEventWatcher.java:onTimeout(47)) - RetriableDatanodeCommand type=deleteBlocksCommand with id=1567208455969 timed out. Retrying.
2019-08-30 23:40:59,591 [pool-7-thread-1] INFO  commands.RetriableDatanodeEventWatcher (RetriableDatanodeEventWatcher.java:onTimeout(47)) - RetriableDatanodeCommand type=deleteBlocksCommand with id=1567208455979 timed out. Retrying.
2019-08-30 23:40:59,606 [pool-7-thread-1] INFO  commands.RetriableDatanodeEventWatcher (RetriableDatanodeEventWatcher.java:onTimeout(47)) - RetriableDatanodeCommand type=deleteBlocksCommand with id=1567208455989 timed out. Retrying.
2019-08-30 23:40:59,619 [SCMBlockDeletingService#0] DEBUG block.SCMBlockDeletingService (SCMBlockDeletingService.java:call(138)) - Running DeletedBlockTransactionScanner
2019-08-30 23:40:59,620 [SCMBlockDeletingService#0] DEBUG block.SCMBlockDeletingService (SCMBlockDeletingService.java:call(155)) - Scanned deleted blocks log and got 3 delTX to process.
2019-08-30 23:40:59,620 [SCMBlockDeletingService#0] DEBUG block.SCMBlockDeletingService (SCMBlockDeletingService.java:call(171)) - Added delete block command for datanode c9f1298e-d840-49d8-aac3-de81602aa1d5 in the queue, number of delete block transactions: 3, TxID list: 1,2,3
2019-08-30 23:40:59,620 [SCMBlockDeletingService#0] INFO  block.SCMBlockDeletingService (SCMBlockDeletingService.java:call(182)) - Totally added 3 delete blocks command for 1 datanodes, task elapsed time: 1ms
2019-08-30 23:40:59,678 [pool-7-thread-1] INFO  commands.RetriableDatanodeEventWatcher (RetriableDatanodeEventWatcher.java:onTimeout(47)) - RetriableDatanodeCommand type=deleteBlocksCommand with id=1567208455970 timed out. Retrying.
2019-08-30 23:40:59,692 [pool-7-thread-1] INFO  commands.RetriableDatanodeEventWatcher (RetriableDatanodeEventWatcher.java:onTimeout(47)) - RetriableDatanodeCommand type=deleteBlocksCommand with id=1567208455980 timed out. Retrying.
2019-08-30 23:40:59,707 [pool-7-thread-1] INFO  commands.RetriableDatanodeEventWatcher (RetriableDatanodeEventWatcher.java:onTimeout(47)) - RetriableDatanodeCommand type=deleteBlocksCommand with id=1567208455990 timed out. Retrying.
2019-08-30 23:40:59,721 [SCMBlockDeletingService#0] DEBUG block.SCMBlockDeletingService (SCMBlockDeletingService.java:call(138)) - Running DeletedBlockTransactionScanner
2019-08-30 23:40:59,721 [SCMBlockDeletingService#0] DEBUG block.SCMBlockDeletingService (SCMBlockDeletingService.java:call(155)) - Scanned deleted blocks log and got 3 delTX to process.
2019-08-30 23:40:59,721 [SCMBlockDeletingService#0] DEBUG block.SCMBlockDeletingService (SCMBlockDeletingService.java:call(171)) - Added delete block command for datanode c9f1298e-d840-49d8-aac3-de81602aa1d5 in the queue, number of delete block transactions: 3, TxID list: 1,2,3
2019-08-30 23:40:59,722 [SCMBlockDeletingService#0] INFO  block.SCMBlockDeletingService (SCMBlockDeletingService.java:call(182)) - Totally added 3 delete blocks command for 1 datanodes, task elapsed time: 1ms
2019-08-30 23:40:59,780 [pool-7-thread-1] INFO  commands.RetriableDatanodeEventWatcher (RetriableDatanodeEventWatcher.java:onTimeout(47)) - RetriableDatanodeCommand type=deleteBlocksCommand with id=1567208455971 timed out. Retrying.
2019-08-30 23:40:59,794 [pool-7-thread-1] INFO  commands.RetriableDatanodeEventWatcher (RetriableDatanodeEventWatcher.java:onTimeout(47)) - RetriableDatanodeCommand type=deleteBlocksCommand with id=1567208455981 timed out. Retrying.
2019-08-30 23:40:59,808 [pool-7-thread-1] INFO  commands.RetriableDatanodeEventWatcher (RetriableDatanodeEventWatcher.java:onTimeout(47)) - RetriableDatanodeCommand type=deleteBlocksCommand with id=1567208455991 timed out. Retrying.
2019-08-30 23:40:59,822 [SCMBlockDeletingService#0] DEBUG block.SCMBlockDeletingService (SCMBlockDeletingService.java:call(138)) - Running DeletedBlockTransactionScanner
2019-08-30 23:40:59,823 [SCMBlockDeletingService#0] DEBUG block.SCMBlockDeletingService (SCMBlockDeletingService.java:call(155)) - Scanned deleted blocks log and got 3 delTX to process.
2019-08-30 23:40:59,823 [SCMBlockDeletingService#0] DEBUG block.SCMBlockDeletingService (SCMBlockDeletingService.java:call(171)) - Added delete block command for datanode c9f1298e-d840-49d8-aac3-de81602aa1d5 in the queue, number of delete block transactions: 3, TxID list: 1,2,3
2019-08-30 23:40:59,823 [SCMBlockDeletingService#0] INFO  block.SCMBlockDeletingService (SCMBlockDeletingService.java:call(182)) - Totally added 3 delete blocks command for 1 datanodes, task elapsed time: 1ms
2019-08-30 23:40:59,880 [pool-7-thread-1] INFO  commands.RetriableDatanodeEventWatcher (RetriableDatanodeEventWatcher.java:onTimeout(47)) - RetriableDatanodeCommand type=deleteBlocksCommand with id=1567208455972 timed out. Retrying.
2019-08-30 23:40:59,897 [pool-7-thread-1] INFO  commands.RetriableDatanodeEventWatcher (RetriableDatanodeEventWatcher.java:onTimeout(47)) - RetriableDatanodeCommand type=deleteBlocksCommand with id=1567208455982 timed out. Retrying.
2019-08-30 23:40:59,910 [pool-7-thread-1] INFO  commands.RetriableDatanodeEventWatcher (RetriableDatanodeEventWatcher.java:onTimeout(47)) - RetriableDatanodeCommand type=deleteBlocksCommand with id=1567208455992 timed out. Retrying.
2019-08-30 23:40:59,924 [SCMBlockDeletingService#0] DEBUG block.SCMBlockDeletingService (SCMBlockDeletingService.java:call(138)) - Running DeletedBlockTransactionScanner
2019-08-30 23:40:59,924 [SCMBlockDeletingService#0] DEBUG block.SCMBlockDeletingService (SCMBlockDeletingService.java:call(155)) - Scanned deleted blocks log and got 3 delTX to process.
2019-08-30 23:40:59,924 [SCMBlockDeletingService#0] DEBUG block.SCMBlockDeletingService (SCMBlockDeletingService.java:call(171)) - Added delete block command for datanode c9f1298e-d840-49d8-aac3-de81602aa1d5 in the queue, number of delete block transactions: 3, TxID list: 1,2,3
2019-08-30 23:40:59,925 [SCMBlockDeletingService#0] INFO  block.SCMBlockDeletingService (SCMBlockDeletingService.java:call(182)) - Totally added 3 delete blocks command for 1 datanodes, task elapsed time: 1ms
2019-08-30 23:40:59,967 [pool-7-thread-1] INFO  commands.RetriableDatanodeEventWatcher (RetriableDatanodeEventWatcher.java:onTimeout(47)) - RetriableDatanodeCommand type=deleteBlocksCommand with id=1567208455963 timed out. Retrying.
2019-08-30 23:40:59,981 [pool-7-thread-1] INFO  commands.RetriableDatanodeEventWatcher (RetriableDatanodeEventWatcher.java:onTimeout(47)) - RetriableDatanodeCommand type=deleteBlocksCommand with id=1567208455973 timed out. Retrying.
2019-08-30 23:40:59,999 [pool-7-thread-1] INFO  commands.RetriableDatanodeEventWatcher (RetriableDatanodeEventWatcher.java:onTimeout(47)) - RetriableDatanodeCommand type=deleteBlocksCommand with id=1567208455983 timed out. Retrying.
2019-08-30 23:41:00,010 [pool-7-thread-1] INFO  commands.RetriableDatanodeEventWatcher (RetriableDatanodeEventWatcher.java:onTimeout(47)) - RetriableDatanodeCommand type=deleteBlocksCommand with id=1567208455993 timed out. Retrying.
2019-08-30 23:41:00,025 [SCMBlockDeletingService#0] DEBUG block.SCMBlockDeletingService (SCMBlockDeletingService.java:call(138)) - Running DeletedBlockTransactionScanner
2019-08-30 23:41:00,026 [SCMBlockDeletingService#0] DEBUG block.SCMBlockDeletingService (SCMBlockDeletingService.java:call(155)) - Scanned deleted blocks log and got 3 delTX to process.
2019-08-30 23:41:00,026 [SCMBlockDeletingService#0] DEBUG block.SCMBlockDeletingService (SCMBlockDeletingService.java:call(171)) - Added delete block command for datanode c9f1298e-d840-49d8-aac3-de81602aa1d5 in the queue, number of delete block transactions: 3, TxID list: 1,2,3
2019-08-30 23:41:00,026 [SCMBlockDeletingService#0] INFO  block.SCMBlockDeletingService (SCMBlockDeletingService.java:call(182)) - Totally added 3 delete blocks command for 1 datanodes, task elapsed time: 1ms
2019-08-30 23:41:00,068 [pool-7-thread-1] INFO  commands.RetriableDatanodeEventWatcher (RetriableDatanodeEventWatcher.java:onTimeout(47)) - RetriableDatanodeCommand type=deleteBlocksCommand with id=1567208455964 timed out. Retrying.
2019-08-30 23:41:00,084 [pool-7-thread-1] INFO  commands.RetriableDatanodeEventWatcher (RetriableDatanodeEventWatcher.java:onTimeout(47)) - RetriableDatanodeCommand type=deleteBlocksCommand with id=1567208455974 timed out. Retrying.
2019-08-30 23:41:00,099 [pool-7-thread-1] INFO  commands.RetriableDatanodeEventWatcher (RetriableDatanodeEventWatcher.java:onTimeout(47)) - RetriableDatanodeCommand type=deleteBlocksCommand with id=1567208455984 timed out. Retrying.
2019-08-30 23:41:00,113 [pool-7-thread-1] INFO  commands.RetriableDatanodeEventWatcher (RetriableDatanodeEventWatcher.java:onTimeout(47)) - RetriableDatanodeCommand type=deleteBlocksCommand with id=1567208455994 timed out. Retrying.
2019-08-30 23:41:00,127 [SCMBlockDeletingService#0] DEBUG block.SCMBlockDeletingService (SCMBlockDeletingService.java:call(138)) - Running DeletedBlockTransactionScanner
2019-08-30 23:41:00,127 [SCMBlockDeletingService#0] DEBUG block.SCMBlockDeletingService (SCMBlockDeletingService.java:call(155)) - Scanned deleted blocks log and got 3 delTX to process.
2019-08-30 23:41:00,128 [SCMBlockDeletingService#0] DEBUG block.SCMBlockDeletingService (SCMBlockDeletingService.java:call(171)) - Added delete block command for datanode c9f1298e-d840-49d8-aac3-de81602aa1d5 in the queue, number of delete block transactions: 3, TxID list: 1,2,3
2019-08-30 23:41:00,128 [SCMBlockDeletingService#0] INFO  block.SCMBlockDeletingService (SCMBlockDeletingService.java:call(182)) - Totally added 3 delete blocks command for 1 datanodes, task elapsed time: 1ms
2019-08-30 23:41:00,170 [pool-7-thread-1] INFO  commands.RetriableDatanodeEventWatcher (RetriableDatanodeEventWatcher.java:onTimeout(47)) - RetriableDatanodeCommand type=deleteBlocksCommand with id=1567208455965 timed out. Retrying.
2019-08-30 23:41:00,186 [pool-7-thread-1] INFO  commands.RetriableDatanodeEventWatcher (RetriableDatanodeEventWatcher.java:onTimeout(47)) - RetriableDatanodeCommand type=deleteBlocksCommand with id=1567208455975 timed out. Retrying.
2019-08-30 23:41:00,202 [pool-7-thread-1] INFO  commands.RetriableDatanodeEventWatcher (RetriableDatanodeEventWatcher.java:onTimeout(47)) - RetriableDatanodeCommand type=deleteBlocksCommand with id=1567208455985 timed out. Retrying.
2019-08-30 23:41:00,214 [pool-7-thread-1] INFO  commands.RetriableDatanodeEventWatcher (RetriableDatanodeEventWatcher.java:onTimeout(47)) - RetriableDatanodeCommand type=deleteBlocksCommand with id=1567208455995 timed out. Retrying.
2019-08-30 23:41:00,228 [SCMBlockDeletingService#0] DEBUG block.SCMBlockDeletingService (SCMBlockDeletingService.java:call(138)) - Running DeletedBlockTransactionScanner
2019-08-30 23:41:00,229 [SCMBlockDeletingService#0] DEBUG block.SCMBlockDeletingService (SCMBlockDeletingService.java:call(155)) - Scanned deleted blocks log and got 3 delTX to process.
2019-08-30 23:41:00,229 [SCMBlockDeletingService#0] DEBUG block.SCMBlockDeletingService (SCMBlockDeletingService.java:call(171)) - Added delete block command for datanode c9f1298e-d840-49d8-aac3-de81602aa1d5 in the queue, number of delete block transactions: 3, TxID list: 1,2,3
2019-08-30 23:41:00,229 [SCMBlockDeletingService#0] INFO  block.SCMBlockDeletingService (SCMBlockDeletingService.java:call(182)) - Totally added 3 delete blocks command for 1 datanodes, task elapsed time: 2ms
2019-08-30 23:41:00,272 [pool-7-thread-1] INFO  commands.RetriableDatanodeEventWatcher (RetriableDatanodeEventWatcher.java:onTimeout(47)) - RetriableDatanodeCommand type=deleteBlocksCommand with id=1567208455966 timed out. Retrying.
2019-08-30 23:41:00,286 [pool-7-thread-1] INFO  commands.RetriableDatanodeEventWatcher (RetriableDatanodeEventWatcher.java:onTimeout(47)) - RetriableDatanodeCommand type=deleteBlocksCommand with id=1567208455976 timed out. Retrying.
2019-08-30 23:41:00,303 [pool-7-thread-1] INFO  commands.RetriableDatanodeEventWatcher (RetriableDatanodeEventWatcher.java:onTimeout(47)) - RetriableDatanodeCommand type=deleteBlocksCommand with id=1567208455986 timed out. Retrying.
2019-08-30 23:41:00,315 [pool-7-thread-1] INFO  commands.RetriableDatanodeEventWatcher (RetriableDatanodeEventWatcher.java:onTimeout(47)) - RetriableDatanodeCommand type=deleteBlocksCommand with id=1567208455996 timed out. Retrying.
2019-08-30 23:41:00,330 [SCMBlockDeletingService#0] DEBUG block.SCMBlockDeletingService (SCMBlockDeletingService.java:call(138)) - Running DeletedBlockTransactionScanner
2019-08-30 23:41:00,330 [SCMBlockDeletingService#0] DEBUG block.SCMBlockDeletingService (SCMBlockDeletingService.java:call(155)) - Scanned deleted blocks log and got 3 delTX to process.
2019-08-30 23:41:00,331 [SCMBlockDeletingService#0] DEBUG block.SCMBlockDeletingService (SCMBlockDeletingService.java:call(171)) - Added delete block command for datanode c9f1298e-d840-49d8-aac3-de81602aa1d5 in the queue, number of delete block transactions: 3, TxID list: 1,2,3
2019-08-30 23:41:00,331 [SCMBlockDeletingService#0] INFO  block.SCMBlockDeletingService (SCMBlockDeletingService.java:call(182)) - Totally added 3 delete blocks command for 1 datanodes, task elapsed time: 1ms
2019-08-30 23:41:00,374 [pool-7-thread-1] INFO  commands.RetriableDatanodeEventWatcher (RetriableDatanodeEventWatcher.java:onTimeout(47)) - RetriableDatanodeCommand type=deleteBlocksCommand with id=1567208455967 timed out. Retrying.
2019-08-30 23:41:00,389 [pool-7-thread-1] INFO  commands.RetriableDatanodeEventWatcher (RetriableDatanodeEventWatcher.java:onTimeout(47)) - RetriableDatanodeCommand type=deleteBlocksCommand with id=1567208455977 timed out. Retrying.
2019-08-30 23:41:00,403 [pool-7-thread-1] INFO  commands.RetriableDatanodeEventWatcher (RetriableDatanodeEventWatcher.java:onTimeout(47)) - RetriableDatanodeCommand type=deleteBlocksCommand with id=1567208455987 timed out. Retrying.
2019-08-30 23:41:00,417 [pool-7-thread-1] INFO  commands.RetriableDatanodeEventWatcher (RetriableDatanodeEventWatcher.java:onTimeout(47)) - RetriableDatanodeCommand type=deleteBlocksCommand with id=1567208455997 timed out. Retrying.
2019-08-30 23:41:00,431 [SCMBlockDeletingService#0] DEBUG block.SCMBlockDeletingService (SCMBlockDeletingService.java:call(138)) - Running DeletedBlockTransactionScanner
2019-08-30 23:41:00,432 [SCMBlockDeletingService#0] DEBUG block.SCMBlockDeletingService (SCMBlockDeletingService.java:call(155)) - Scanned deleted blocks log and got 3 delTX to process.
2019-08-30 23:41:00,432 [SCMBlockDeletingService#0] DEBUG block.SCMBlockDeletingService (SCMBlockDeletingService.java:call(171)) - Added delete block command for datanode c9f1298e-d840-49d8-aac3-de81602aa1d5 in the queue, number of delete block transactions: 3, TxID list: 1,2,3
2019-08-30 23:41:00,432 [SCMBlockDeletingService#0] INFO  block.SCMBlockDeletingService (SCMBlockDeletingService.java:call(182)) - Totally added 3 delete blocks command for 1 datanodes, task elapsed time: 0ms
2019-08-30 23:41:00,474 [pool-7-thread-1] INFO  commands.RetriableDatanodeEventWatcher (RetriableDatanodeEventWatcher.java:onTimeout(47)) - RetriableDatanodeCommand type=deleteBlocksCommand with id=1567208455968 timed out. Retrying.
2019-08-30 23:41:00,490 [pool-7-thread-1] INFO  commands.RetriableDatanodeEventWatcher (RetriableDatanodeEventWatcher.java:onTimeout(47)) - RetriableDatanodeCommand type=deleteBlocksCommand with id=1567208455978 timed out. Retrying.
2019-08-30 23:41:00,506 [pool-7-thread-1] INFO  commands.RetriableDatanodeEventWatcher (RetriableDatanodeEventWatcher.java:onTimeout(47)) - RetriableDatanodeCommand type=deleteBlocksCommand with id=1567208455988 timed out. Retrying.
2019-08-30 23:41:00,518 [pool-7-thread-1] INFO  commands.RetriableDatanodeEventWatcher (RetriableDatanodeEventWatcher.java:onTimeout(47)) - RetriableDatanodeCommand type=deleteBlocksCommand with id=1567208455998 timed out. Retrying.
2019-08-30 23:41:00,532 [SCMBlockDeletingService#0] DEBUG block.SCMBlockDeletingService (SCMBlockDeletingService.java:call(138)) - Running DeletedBlockTransactionScanner
2019-08-30 23:41:00,533 [SCMBlockDeletingService#0] DEBUG block.SCMBlockDeletingService (SCMBlockDeletingService.java:call(155)) - Scanned deleted blocks log and got 3 delTX to process.
2019-08-30 23:41:00,533 [SCMBlockDeletingService#0] DEBUG block.SCMBlockDeletingService (SCMBlockDeletingService.java:call(171)) - Added delete block command for datanode c9f1298e-d840-49d8-aac3-de81602aa1d5 in the queue, number of delete block transactions: 3, TxID list: 1,2,3
2019-08-30 23:41:00,533 [SCMBlockDeletingService#0] INFO  block.SCMBlockDeletingService (SCMBlockDeletingService.java:call(182)) - Totally added 3 delete blocks command for 1 datanodes, task elapsed time: 0ms
2019-08-30 23:41:00,576 [pool-7-thread-1] INFO  commands.RetriableDatanodeEventWatcher (RetriableDatanodeEventWatcher.java:onTimeout(47)) - RetriableDatanodeCommand type=deleteBlocksCommand with id=1567208455969 timed out. Retrying.
2019-08-30 23:41:00,592 [pool-7-thread-1] INFO  commands.RetriableDatanodeEventWatcher (RetriableDatanodeEventWatcher.java:onTimeout(47)) - RetriableDatanodeCommand type=deleteBlocksCommand with id=1567208455979 timed out. Retrying.
2019-08-30 23:41:00,607 [pool-7-thread-1] INFO  commands.RetriableDatanodeEventWatcher (RetriableDatanodeEventWatcher.java:onTimeout(47)) - RetriableDatanodeCommand type=deleteBlocksCommand with id=1567208455989 timed out. Retrying.
2019-08-30 23:41:00,620 [pool-7-thread-1] INFO  commands.RetriableDatanodeEventWatcher (RetriableDatanodeEventWatcher.java:onTimeout(47)) - RetriableDatanodeCommand type=deleteBlocksCommand with id=1567208455999 timed out. Retrying.
2019-08-30 23:41:00,633 [SCMBlockDeletingService#0] DEBUG block.SCMBlockDeletingService (SCMBlockDeletingService.java:call(138)) - Running DeletedBlockTransactionScanner
2019-08-30 23:41:00,634 [SCMBlockDeletingService#0] DEBUG block.SCMBlockDeletingService (SCMBlockDeletingService.java:call(155)) - Scanned deleted blocks log and got 3 delTX to process.
2019-08-30 23:41:00,634 [SCMBlockDeletingService#0] DEBUG block.SCMBlockDeletingService (SCMBlockDeletingService.java:call(171)) - Added delete block command for datanode c9f1298e-d840-49d8-aac3-de81602aa1d5 in the queue, number of delete block transactions: 3, TxID list: 1,2,3
2019-08-30 23:41:00,634 [SCMBlockDeletingService#0] INFO  block.SCMBlockDeletingService (SCMBlockDeletingService.java:call(182)) - Totally added 3 delete blocks command for 1 datanodes, task elapsed time: 0ms
2019-08-30 23:41:00,679 [pool-7-thread-1] INFO  commands.RetriableDatanodeEventWatcher (RetriableDatanodeEventWatcher.java:onTimeout(47)) - RetriableDatanodeCommand type=deleteBlocksCommand with id=1567208455970 timed out. Retrying.
2019-08-30 23:41:00,692 [pool-7-thread-1] INFO  commands.RetriableDatanodeEventWatcher (RetriableDatanodeEventWatcher.java:onTimeout(47)) - RetriableDatanodeCommand type=deleteBlocksCommand with id=1567208455980 timed out. Retrying.
2019-08-30 23:41:00,707 [pool-7-thread-1] INFO  commands.RetriableDatanodeEventWatcher (RetriableDatanodeEventWatcher.java:onTimeout(47)) - RetriableDatanodeCommand type=deleteBlocksCommand with id=1567208455990 timed out. Retrying.
2019-08-30 23:41:00,722 [pool-7-thread-1] INFO  commands.RetriableDatanodeEventWatcher (RetriableDatanodeEventWatcher.java:onTimeout(47)) - RetriableDatanodeCommand type=deleteBlocksCommand with id=1567208456000 timed out. Retrying.
2019-08-30 23:41:00,734 [SCMBlockDeletingService#0] DEBUG block.SCMBlockDeletingService (SCMBlockDeletingService.java:call(138)) - Running DeletedBlockTransactionScanner
2019-08-30 23:41:00,735 [SCMBlockDeletingService#0] DEBUG block.SCMBlockDeletingService (SCMBlockDeletingService.java:call(155)) - Scanned deleted blocks log and got 3 delTX to process.
2019-08-30 23:41:00,735 [SCMBlockDeletingService#0] DEBUG block.SCMBlockDeletingService (SCMBlockDeletingService.java:call(171)) - Added delete block command for datanode c9f1298e-d840-49d8-aac3-de81602aa1d5 in the queue, number of delete block transactions: 3, TxID list: 1,2,3
2019-08-30 23:41:00,735 [SCMBlockDeletingService#0] INFO  block.SCMBlockDeletingService (SCMBlockDeletingService.java:call(182)) - Totally added 3 delete blocks command for 1 datanodes, task elapsed time: 1ms
2019-08-30 23:41:00,780 [pool-7-thread-1] INFO  commands.RetriableDatanodeEventWatcher (RetriableDatanodeEventWatcher.java:onTimeout(47)) - RetriableDatanodeCommand type=deleteBlocksCommand with id=1567208455971 timed out. Retrying.
2019-08-30 23:41:00,795 [pool-7-thread-1] INFO  commands.RetriableDatanodeEventWatcher (RetriableDatanodeEventWatcher.java:onTimeout(47)) - RetriableDatanodeCommand type=deleteBlocksCommand with id=1567208455981 timed out. Retrying.
2019-08-30 23:41:00,808 [pool-7-thread-1] INFO  commands.RetriableDatanodeEventWatcher (RetriableDatanodeEventWatcher.java:onTimeout(47)) - RetriableDatanodeCommand type=deleteBlocksCommand with id=1567208455991 timed out. Retrying.
2019-08-30 23:41:00,823 [pool-7-thread-1] INFO  commands.RetriableDatanodeEventWatcher (RetriableDatanodeEventWatcher.java:onTimeout(47)) - RetriableDatanodeCommand type=deleteBlocksCommand with id=1567208456001 timed out. Retrying.
2019-08-30 23:41:00,836 [SCMBlockDeletingService#0] DEBUG block.SCMBlockDeletingService (SCMBlockDeletingService.java:call(138)) - Running DeletedBlockTransactionScanner
2019-08-30 23:41:00,836 [SCMBlockDeletingService#0] DEBUG block.SCMBlockDeletingService (SCMBlockDeletingService.java:call(155)) - Scanned deleted blocks log and got 3 delTX to process.
2019-08-30 23:41:00,837 [SCMBlockDeletingService#0] DEBUG block.SCMBlockDeletingService (SCMBlockDeletingService.java:call(171)) - Added delete block command for datanode c9f1298e-d840-49d8-aac3-de81602aa1d5 in the queue, number of delete block transactions: 3, TxID list: 1,2,3
2019-08-30 23:41:00,837 [SCMBlockDeletingService#0] INFO  block.SCMBlockDeletingService (SCMBlockDeletingService.java:call(182)) - Totally added 3 delete blocks command for 1 datanodes, task elapsed time: 1ms
2019-08-30 23:41:00,881 [pool-7-thread-1] INFO  commands.RetriableDatanodeEventWatcher (RetriableDatanodeEventWatcher.java:onTimeout(47)) - RetriableDatanodeCommand type=deleteBlocksCommand with id=1567208455972 timed out. Retrying.
2019-08-30 23:41:00,897 [pool-7-thread-1] INFO  commands.RetriableDatanodeEventWatcher (RetriableDatanodeEventWatcher.java:onTimeout(47)) - RetriableDatanodeCommand type=deleteBlocksCommand with id=1567208455982 timed out. Retrying.
2019-08-30 23:41:00,903 [main] INFO  ozoneimpl.OzoneContainer (OzoneContainer.java:stop(215)) - Attempting to stop container services.
2019-08-30 23:41:00,905 [main] INFO  impl.RaftServerProxy (RaftServerProxy.java:lambda$close$4(314)) - c9f1298e-d840-49d8-aac3-de81602aa1d5: close
2019-08-30 23:41:00,907 [main] INFO  impl.RaftServerImpl (RaftServerImpl.java:lambda$shutdown$3(245)) - c9f1298e-d840-49d8-aac3-de81602aa1d5: shutdown group-E9810A644481
2019-08-30 23:41:00,907 [main] INFO  util.JmxRegister (JmxRegister.java:unregister(73)) - Successfully un-registered JMX Bean with object name Ratis:service=RaftServer,group=group-E9810A644481,id=c9f1298e-d840-49d8-aac3-de81602aa1d5
2019-08-30 23:41:00,908 [main] INFO  impl.RoleInfo (RoleInfo.java:shutdownLeaderState(104)) - c9f1298e-d840-49d8-aac3-de81602aa1d5: shutdown LeaderState
2019-08-30 23:41:00,909 [main] INFO  impl.PendingRequests (PendingRequests.java:sendNotLeaderResponses(202)) - c9f1298e-d840-49d8-aac3-de81602aa1d5-PendingRequests: sendNotLeaderResponses
2019-08-30 23:41:00,911 [pool-7-thread-1] INFO  commands.RetriableDatanodeEventWatcher (RetriableDatanodeEventWatcher.java:onTimeout(47)) - RetriableDatanodeCommand type=deleteBlocksCommand with id=1567208455992 timed out. Retrying.
2019-08-30 23:41:00,915 [main] INFO  impl.StateMachineUpdater (StateMachineUpdater.java:stopAndJoin(115)) - StateMachineUpdater:c9f1298e-d840-49d8-aac3-de81602aa1d5:group-E9810A644481: set stopIndex = 6078
2019-08-30 23:41:00,915 [StateMachineUpdater:c9f1298e-d840-49d8-aac3-de81602aa1d5:group-E9810A644481] INFO  ratis.ContainerStateMachine (ContainerStateMachine.java:takeSnapshot(284)) - group-E9810A644481: Taking a snapshot at:(t:1, i:6077) file /workdir/hadoop-ozone/integration-test/target/test-dir/MiniOzoneClusterImpl-114e42e4-73b4-4267-990c-8675b38dec53/datanode-0/data/ratis/f0fc4ca0-c3ee-4d38-af01-e9810a644481/sm/snapshot.1_6077
2019-08-30 23:41:00,925 [pool-7-thread-1] INFO  commands.RetriableDatanodeEventWatcher (RetriableDatanodeEventWatcher.java:onTimeout(47)) - RetriableDatanodeCommand type=deleteBlocksCommand with id=1567208456002 timed out. Retrying.
2019-08-30 23:41:00,937 [SCMBlockDeletingService#0] DEBUG block.SCMBlockDeletingService (SCMBlockDeletingService.java:call(138)) - Running DeletedBlockTransactionScanner
2019-08-30 23:41:00,938 [SCMBlockDeletingService#0] DEBUG block.SCMBlockDeletingService (SCMBlockDeletingService.java:call(155)) - Scanned deleted blocks log and got 3 delTX to process.
2019-08-30 23:41:00,938 [SCMBlockDeletingService#0] DEBUG block.SCMBlockDeletingService (SCMBlockDeletingService.java:call(171)) - Added delete block command for datanode c9f1298e-d840-49d8-aac3-de81602aa1d5 in the queue, number of delete block transactions: 3, TxID list: 1,2,3
2019-08-30 23:41:00,938 [SCMBlockDeletingService#0] INFO  block.SCMBlockDeletingService (SCMBlockDeletingService.java:call(182)) - Totally added 3 delete blocks command for 1 datanodes, task elapsed time: 0ms
2019-08-30 23:41:00,958 [StateMachineUpdater:c9f1298e-d840-49d8-aac3-de81602aa1d5:group-E9810A644481] INFO  ratis.ContainerStateMachine (ContainerStateMachine.java:takeSnapshot(295)) - group-E9810A644481: Finished taking a snapshot at:(t:1, i:6077) file:/workdir/hadoop-ozone/integration-test/target/test-dir/MiniOzoneClusterImpl-114e42e4-73b4-4267-990c-8675b38dec53/datanode-0/data/ratis/f0fc4ca0-c3ee-4d38-af01-e9810a644481/sm/snapshot.1_6077 time:43
2019-08-30 23:41:00,958 [StateMachineUpdater:c9f1298e-d840-49d8-aac3-de81602aa1d5:group-E9810A644481] INFO  impl.StateMachineUpdater (StateMachineUpdater.java:takeSnapshot(242)) - StateMachineUpdater:c9f1298e-d840-49d8-aac3-de81602aa1d5:group-E9810A644481: Took a snapshot at index 6077
2019-08-30 23:41:00,959 [StateMachineUpdater:c9f1298e-d840-49d8-aac3-de81602aa1d5:group-E9810A644481] INFO  impl.StateMachineUpdater (StateMachineUpdater.java:lambda$new$0(80)) - StateMachineUpdater:c9f1298e-d840-49d8-aac3-de81602aa1d5:group-E9810A644481: snapshotIndex: updateIncreasingly -1 -> 6077
2019-08-30 23:41:00,968 [pool-7-thread-1] INFO  commands.RetriableDatanodeEventWatcher (RetriableDatanodeEventWatcher.java:onTimeout(47)) - RetriableDatanodeCommand type=deleteBlocksCommand with id=1567208455963 timed out. Retrying.
2019-08-30 23:41:00,968 [main] INFO  impl.RaftServerImpl (ServerState.java:close(394)) - c9f1298e-d840-49d8-aac3-de81602aa1d5:group-E9810A644481 closes. The last applied log index is 6078
2019-08-30 23:41:00,973 [c9f1298e-d840-49d8-aac3-de81602aa1d5-SegmentedRaftLogWorker:Storage Directory /workdir/hadoop-ozone/integration-test/target/test-dir/MiniOzoneClusterImpl-114e42e4-73b4-4267-990c-8675b38dec53/datanode-0/data/ratis/f0fc4ca0-c3ee-4d38-af01-e9810a644481] INFO  segmented.SegmentedRaftLogWorker (SegmentedRaftLogWorker.java:run(313)) - c9f1298e-d840-49d8-aac3-de81602aa1d5-SegmentedRaftLogWorker:Storage Directory /workdir/hadoop-ozone/integration-test/target/test-dir/MiniOzoneClusterImpl-114e42e4-73b4-4267-990c-8675b38dec53/datanode-0/data/ratis/f0fc4ca0-c3ee-4d38-af01-e9810a644481 was interrupted, exiting. There are 0 tasks remaining in the queue.
2019-08-30 23:41:00,974 [main] INFO  segmented.SegmentedRaftLogWorker (SegmentedRaftLogWorker.java:close(228)) - c9f1298e-d840-49d8-aac3-de81602aa1d5-SegmentedRaftLogWorker:Storage Directory /workdir/hadoop-ozone/integration-test/target/test-dir/MiniOzoneClusterImpl-114e42e4-73b4-4267-990c-8675b38dec53/datanode-0/data/ratis/f0fc4ca0-c3ee-4d38-af01-e9810a644481 close()
2019-08-30 23:41:00,977 [main] INFO  server.GrpcService (GrpcService.java:closeImpl(155)) - c9f1298e-d840-49d8-aac3-de81602aa1d5: shutdown server with port 34937 now
2019-08-30 23:41:00,980 [main] INFO  server.GrpcService (GrpcService.java:closeImpl(163)) - c9f1298e-d840-49d8-aac3-de81602aa1d5: shutdown server with port 34937 successfully
2019-08-30 23:41:00,982 [pool-7-thread-1] INFO  commands.RetriableDatanodeEventWatcher (RetriableDatanodeEventWatcher.java:onTimeout(47)) - RetriableDatanodeCommand type=deleteBlocksCommand with id=1567208455973 timed out. Retrying.
2019-08-30 23:41:00,989 [refreshUsed-/workdir/hadoop-ozone/integration-test/target/test-dir/MiniOzoneClusterImpl-114e42e4-73b4-4267-990c-8675b38dec53/datanode-0/data/containers] WARN  fs.CachingGetSpaceUsed (CachingGetSpaceUsed.java:run(183)) - Thread Interrupted waiting to refresh disk information: sleep interrupted
2019-08-30 23:41:00,999 [pool-7-thread-1] INFO  commands.RetriableDatanodeEventWatcher (RetriableDatanodeEventWatcher.java:onTimeout(47)) - RetriableDatanodeCommand type=deleteBlocksCommand with id=1567208455983 timed out. Retrying.
2019-08-30 23:41:01,003 [main] INFO  utils.BackgroundService (BackgroundService.java:shutdown(148)) - Shutting down service BlockDeletingService
2019-08-30 23:41:01,007 [main] INFO  statemachine.DatanodeStateMachine (DatanodeStateMachine.java:stopDaemon(395)) - Ozone container server stopped.
2019-08-30 23:41:01,011 [pool-7-thread-1] INFO  commands.RetriableDatanodeEventWatcher (RetriableDatanodeEventWatcher.java:onTimeout(47)) - RetriableDatanodeCommand type=deleteBlocksCommand with id=1567208455993 timed out. Retrying.
2019-08-30 23:41:01,013 [main] INFO  handler.ContextHandler (ContextHandler.java:doStop(910)) - Stopped o.e.j.w.WebAppContext@35c12c7a{/,null,UNAVAILABLE}{/hddsDatanode}
2019-08-30 23:41:01,019 [main] INFO  server.AbstractConnector (AbstractConnector.java:doStop(318)) - Stopped ServerConnector@658255aa{HTTP/1.1,[http/1.1]}{0.0.0.0:0}
2019-08-30 23:41:01,019 [main] INFO  handler.ContextHandler (ContextHandler.java:doStop(910)) - Stopped o.e.j.s.ServletContextHandler@34d52ecd{/static,jar:file:/home/user/.m2/repository/org/apache/hadoop/hadoop-hdds-container-service/0.5.0-SNAPSHOT/hadoop-hdds-container-service-0.5.0-SNAPSHOT.jar!/webapps/static,UNAVAILABLE}
2019-08-30 23:41:01,019 [main] INFO  handler.ContextHandler (ContextHandler.java:doStop(910)) - Stopped o.e.j.s.ServletContextHandler@5633ed82{/logs,file:///workdir/hadoop-ozone/integration-test/target/log,UNAVAILABLE}
2019-08-30 23:41:01,026 [pool-7-thread-1] INFO  commands.RetriableDatanodeEventWatcher (RetriableDatanodeEventWatcher.java:onTimeout(47)) - RetriableDatanodeCommand type=deleteBlocksCommand with id=1567208456003 timed out. Retrying.
2019-08-30 23:41:01,039 [SCMBlockDeletingService#0] DEBUG block.SCMBlockDeletingService (SCMBlockDeletingService.java:call(138)) - Running DeletedBlockTransactionScanner
2019-08-30 23:41:01,039 [SCMBlockDeletingService#0] DEBUG block.SCMBlockDeletingService (SCMBlockDeletingService.java:call(155)) - Scanned deleted blocks log and got 3 delTX to process.
2019-08-30 23:41:01,039 [SCMBlockDeletingService#0] DEBUG block.SCMBlockDeletingService (SCMBlockDeletingService.java:call(171)) - Added delete block command for datanode c9f1298e-d840-49d8-aac3-de81602aa1d5 in the queue, number of delete block transactions: 3, TxID list: 1,2,3
2019-08-30 23:41:01,040 [SCMBlockDeletingService#0] INFO  block.SCMBlockDeletingService (SCMBlockDeletingService.java:call(182)) - Totally added 3 delete blocks command for 1 datanodes, task elapsed time: 1ms
2019-08-30 23:41:01,069 [pool-7-thread-1] INFO  commands.RetriableDatanodeEventWatcher (RetriableDatanodeEventWatcher.java:onTimeout(47)) - RetriableDatanodeCommand type=deleteBlocksCommand with id=1567208455964 timed out. Retrying.
2019-08-30 23:41:01,085 [pool-7-thread-1] INFO  commands.RetriableDatanodeEventWatcher (RetriableDatanodeEventWatcher.java:onTimeout(47)) - RetriableDatanodeCommand type=deleteBlocksCommand with id=1567208455974 timed out. Retrying.
2019-08-30 23:41:01,100 [pool-7-thread-1] INFO  commands.RetriableDatanodeEventWatcher (RetriableDatanodeEventWatcher.java:onTimeout(47)) - RetriableDatanodeCommand type=deleteBlocksCommand with id=1567208455984 timed out. Retrying.
2019-08-30 23:41:01,113 [pool-7-thread-1] INFO  commands.RetriableDatanodeEventWatcher (RetriableDatanodeEventWatcher.java:onTimeout(47)) - RetriableDatanodeCommand type=deleteBlocksCommand with id=1567208455994 timed out. Retrying.
2019-08-30 23:41:01,128 [pool-7-thread-1] INFO  commands.RetriableDatanodeEventWatcher (RetriableDatanodeEventWatcher.java:onTimeout(47)) - RetriableDatanodeCommand type=deleteBlocksCommand with id=1567208456004 timed out. Retrying.
2019-08-30 23:41:01,140 [SCMBlockDeletingService#0] DEBUG block.SCMBlockDeletingService (SCMBlockDeletingService.java:call(138)) - Running DeletedBlockTransactionScanner
2019-08-30 23:41:01,141 [SCMBlockDeletingService#0] DEBUG block.SCMBlockDeletingService (SCMBlockDeletingService.java:call(155)) - Scanned deleted blocks log and got 3 delTX to process.
2019-08-30 23:41:01,141 [SCMBlockDeletingService#0] DEBUG block.SCMBlockDeletingService (SCMBlockDeletingService.java:call(171)) - Added delete block command for datanode c9f1298e-d840-49d8-aac3-de81602aa1d5 in the queue, number of delete block transactions: 3, TxID list: 1,2,3
2019-08-30 23:41:01,141 [SCMBlockDeletingService#0] INFO  block.SCMBlockDeletingService (SCMBlockDeletingService.java:call(182)) - Totally added 3 delete blocks command for 1 datanodes, task elapsed time: 1ms
2019-08-30 23:41:01,170 [pool-7-thread-1] INFO  commands.RetriableDatanodeEventWatcher (RetriableDatanodeEventWatcher.java:onTimeout(47)) - RetriableDatanodeCommand type=deleteBlocksCommand with id=1567208455965 timed out. Retrying.
2019-08-30 23:41:01,187 [pool-7-thread-1] INFO  commands.RetriableDatanodeEventWatcher (RetriableDatanodeEventWatcher.java:onTimeout(47)) - RetriableDatanodeCommand type=deleteBlocksCommand with id=1567208455975 timed out. Retrying.
2019-08-30 23:41:01,202 [pool-7-thread-1] INFO  commands.RetriableDatanodeEventWatcher (RetriableDatanodeEventWatcher.java:onTimeout(47)) - RetriableDatanodeCommand type=deleteBlocksCommand with id=1567208455985 timed out. Retrying.
2019-08-30 23:41:01,214 [pool-7-thread-1] INFO  commands.RetriableDatanodeEventWatcher (RetriableDatanodeEventWatcher.java:onTimeout(47)) - RetriableDatanodeCommand type=deleteBlocksCommand with id=1567208455995 timed out. Retrying.
2019-08-30 23:41:01,229 [pool-7-thread-1] INFO  commands.RetriableDatanodeEventWatcher (RetriableDatanodeEventWatcher.java:onTimeout(47)) - RetriableDatanodeCommand type=deleteBlocksCommand with id=1567208456005 timed out. Retrying.
2019-08-30 23:41:01,241 [SCMBlockDeletingService#1] DEBUG block.SCMBlockDeletingService (SCMBlockDeletingService.java:call(138)) - Running DeletedBlockTransactionScanner
2019-08-30 23:41:01,242 [SCMBlockDeletingService#1] DEBUG block.SCMBlockDeletingService (SCMBlockDeletingService.java:call(155)) - Scanned deleted blocks log and got 3 delTX to process.
2019-08-30 23:41:01,242 [SCMBlockDeletingService#1] DEBUG block.SCMBlockDeletingService (SCMBlockDeletingService.java:call(171)) - Added delete block command for datanode c9f1298e-d840-49d8-aac3-de81602aa1d5 in the queue, number of delete block transactions: 3, TxID list: 1,2,3
2019-08-30 23:41:01,243 [SCMBlockDeletingService#1] INFO  block.SCMBlockDeletingService (SCMBlockDeletingService.java:call(182)) - Totally added 3 delete blocks command for 1 datanodes, task elapsed time: 1ms
2019-08-30 23:41:01,273 [pool-7-thread-1] INFO  commands.RetriableDatanodeEventWatcher (RetriableDatanodeEventWatcher.java:onTimeout(47)) - RetriableDatanodeCommand type=deleteBlocksCommand with id=1567208455966 timed out. Retrying.
2019-08-30 23:41:01,287 [pool-7-thread-1] INFO  commands.RetriableDatanodeEventWatcher (RetriableDatanodeEventWatcher.java:onTimeout(47)) - RetriableDatanodeCommand type=deleteBlocksCommand with id=1567208455976 timed out. Retrying.
2019-08-30 23:41:01,303 [pool-7-thread-1] INFO  commands.RetriableDatanodeEventWatcher (RetriableDatanodeEventWatcher.java:onTimeout(47)) - RetriableDatanodeCommand type=deleteBlocksCommand with id=1567208455986 timed out. Retrying.
2019-08-30 23:41:01,316 [pool-7-thread-1] INFO  commands.RetriableDatanodeEventWatcher (RetriableDatanodeEventWatcher.java:onTimeout(47)) - RetriableDatanodeCommand type=deleteBlocksCommand with id=1567208455996 timed out. Retrying.
2019-08-30 23:41:01,331 [pool-7-thread-1] INFO  commands.RetriableDatanodeEventWatcher (RetriableDatanodeEventWatcher.java:onTimeout(47)) - RetriableDatanodeCommand type=deleteBlocksCommand with id=1567208456006 timed out. Retrying.
2019-08-30 23:41:01,343 [SCMBlockDeletingService#1] DEBUG block.SCMBlockDeletingService (SCMBlockDeletingService.java:call(138)) - Running DeletedBlockTransactionScanner
2019-08-30 23:41:01,343 [SCMBlockDeletingService#1] DEBUG block.SCMBlockDeletingService (SCMBlockDeletingService.java:call(155)) - Scanned deleted blocks log and got 3 delTX to process.
2019-08-30 23:41:01,344 [SCMBlockDeletingService#1] DEBUG block.SCMBlockDeletingService (SCMBlockDeletingService.java:call(171)) - Added delete block command for datanode c9f1298e-d840-49d8-aac3-de81602aa1d5 in the queue, number of delete block transactions: 3, TxID list: 1,2,3
2019-08-30 23:41:01,344 [SCMBlockDeletingService#1] INFO  block.SCMBlockDeletingService (SCMBlockDeletingService.java:call(182)) - Totally added 3 delete blocks command for 1 datanodes, task elapsed time: 1ms
2019-08-30 23:41:01,375 [pool-7-thread-1] INFO  commands.RetriableDatanodeEventWatcher (RetriableDatanodeEventWatcher.java:onTimeout(47)) - RetriableDatanodeCommand type=deleteBlocksCommand with id=1567208455967 timed out. Retrying.
2019-08-30 23:41:01,389 [pool-7-thread-1] INFO  commands.RetriableDatanodeEventWatcher (RetriableDatanodeEventWatcher.java:onTimeout(47)) - RetriableDatanodeCommand type=deleteBlocksCommand with id=1567208455977 timed out. Retrying.
2019-08-30 23:41:01,404 [pool-7-thread-1] INFO  commands.RetriableDatanodeEventWatcher (RetriableDatanodeEventWatcher.java:onTimeout(47)) - RetriableDatanodeCommand type=deleteBlocksCommand with id=1567208455987 timed out. Retrying.
2019-08-30 23:41:01,417 [pool-7-thread-1] INFO  commands.RetriableDatanodeEventWatcher (RetriableDatanodeEventWatcher.java:onTimeout(47)) - RetriableDatanodeCommand type=deleteBlocksCommand with id=1567208455997 timed out. Retrying.
2019-08-30 23:41:01,432 [pool-7-thread-1] INFO  commands.RetriableDatanodeEventWatcher (RetriableDatanodeEventWatcher.java:onTimeout(47)) - RetriableDatanodeCommand type=deleteBlocksCommand with id=1567208456007 timed out. Retrying.
2019-08-30 23:41:01,444 [SCMBlockDeletingService#1] DEBUG block.SCMBlockDeletingService (SCMBlockDeletingService.java:call(138)) - Running DeletedBlockTransactionScanner
2019-08-30 23:41:01,445 [SCMBlockDeletingService#1] DEBUG block.SCMBlockDeletingService (SCMBlockDeletingService.java:call(155)) - Scanned deleted blocks log and got 3 delTX to process.
2019-08-30 23:41:01,445 [SCMBlockDeletingService#1] DEBUG block.SCMBlockDeletingService (SCMBlockDeletingService.java:call(171)) - Added delete block command for datanode c9f1298e-d840-49d8-aac3-de81602aa1d5 in the queue, number of delete block transactions: 3, TxID list: 1,2,3
2019-08-30 23:41:01,446 [SCMBlockDeletingService#1] INFO  block.SCMBlockDeletingService (SCMBlockDeletingService.java:call(182)) - Totally added 3 delete blocks command for 1 datanodes, task elapsed time: 1ms
2019-08-30 23:41:01,475 [pool-7-thread-1] INFO  commands.RetriableDatanodeEventWatcher (RetriableDatanodeEventWatcher.java:onTimeout(47)) - RetriableDatanodeCommand type=deleteBlocksCommand with id=1567208455968 timed out. Retrying.
2019-08-30 23:41:01,490 [pool-7-thread-1] INFO  commands.RetriableDatanodeEventWatcher (RetriableDatanodeEventWatcher.java:onTimeout(47)) - RetriableDatanodeCommand type=deleteBlocksCommand with id=1567208455978 timed out. Retrying.
2019-08-30 23:41:01,507 [pool-7-thread-1] INFO  commands.RetriableDatanodeEventWatcher (RetriableDatanodeEventWatcher.java:onTimeout(47)) - RetriableDatanodeCommand type=deleteBlocksCommand with id=1567208455988 timed out. Retrying.
2019-08-30 23:41:01,518 [pool-7-thread-1] INFO  commands.RetriableDatanodeEventWatcher (RetriableDatanodeEventWatcher.java:onTimeout(47)) - RetriableDatanodeCommand type=deleteBlocksCommand with id=1567208455998 timed out. Retrying.
2019-08-30 23:41:01,522 [main] INFO  ozone.MiniOzoneClusterImpl (MiniOzoneClusterImpl.java:lambda$waitForClusterToBeReady$0(140)) - Cluster is ready. Got 0 of 0 DN Heartbeats.
2019-08-30 23:41:01,526 [main] INFO  impl.MetricsSystemImpl (MetricsSystemImpl.java:init(158)) - HddsDatanode metrics system started (again)
2019-08-30 23:41:01,533 [pool-7-thread-1] INFO  commands.RetriableDatanodeEventWatcher (RetriableDatanodeEventWatcher.java:onTimeout(47)) - RetriableDatanodeCommand type=deleteBlocksCommand with id=1567208456008 timed out. Retrying.
2019-08-30 23:41:01,546 [SCMBlockDeletingService#1] DEBUG block.SCMBlockDeletingService (SCMBlockDeletingService.java:call(138)) - Running DeletedBlockTransactionScanner
2019-08-30 23:41:01,547 [SCMBlockDeletingService#1] DEBUG block.SCMBlockDeletingService (SCMBlockDeletingService.java:call(155)) - Scanned deleted blocks log and got 3 delTX to process.
2019-08-30 23:41:01,547 [SCMBlockDeletingService#1] DEBUG block.SCMBlockDeletingService (SCMBlockDeletingService.java:call(171)) - Added delete block command for datanode c9f1298e-d840-49d8-aac3-de81602aa1d5 in the queue, number of delete block transactions: 3, TxID list: 1,2,3
2019-08-30 23:41:01,547 [SCMBlockDeletingService#1] INFO  block.SCMBlockDeletingService (SCMBlockDeletingService.java:call(182)) - Totally added 3 delete blocks command for 1 datanodes, task elapsed time: 1ms
2019-08-30 23:41:01,577 [pool-7-thread-1] INFO  commands.RetriableDatanodeEventWatcher (RetriableDatanodeEventWatcher.java:onTimeout(47)) - RetriableDatanodeCommand type=deleteBlocksCommand with id=1567208455969 timed out. Retrying.
2019-08-30 23:41:01,582 [main] INFO  ozone.HddsDatanodeService (HddsDatanodeService.java:start(184)) - HddsDatanodeService host:pr-hdds-1909-plfbr-3209385976 ip:192.168.36.88
2019-08-30 23:41:01,586 [main] INFO  volume.VolumeUsage (VolumeUsage.java:loadScmUsed(144)) - Cached ScmUsed found for /workdir/hadoop-ozone/integration-test/target/test-dir/MiniOzoneClusterImpl-114e42e4-73b4-4267-990c-8675b38dec53/datanode-0/data/containers : 4096 
2019-08-30 23:41:01,587 [main] INFO  volume.HddsVolume (HddsVolume.java:<init>(176)) - Creating Volume: /workdir/hadoop-ozone/integration-test/target/test-dir/MiniOzoneClusterImpl-114e42e4-73b4-4267-990c-8675b38dec53/datanode-0/data/containers/hdds of  storage type : DISK and capacity : 1482555576320
2019-08-30 23:41:01,588 [main] INFO  volume.VolumeSet (VolumeSet.java:initializeVolumeSet(170)) - Added Volume : /workdir/hadoop-ozone/integration-test/target/test-dir/MiniOzoneClusterImpl-114e42e4-73b4-4267-990c-8675b38dec53/datanode-0/data/containers/hdds to VolumeSet
2019-08-30 23:41:01,588 [main] INFO  volume.ThrottledAsyncChecker (ThrottledAsyncChecker.java:schedule(140)) - Scheduling a check for org.apache.hadoop.ozone.container.common.volume.HddsVolume@5115f590
2019-08-30 23:41:01,589 [main] INFO  volume.HddsVolumeChecker (HddsVolumeChecker.java:checkAllVolumes(203)) - Scheduled health check for volume org.apache.hadoop.ozone.container.common.volume.HddsVolume@5115f590
2019-08-30 23:41:01,592 [pool-7-thread-1] INFO  commands.RetriableDatanodeEventWatcher (RetriableDatanodeEventWatcher.java:onTimeout(47)) - RetriableDatanodeCommand type=deleteBlocksCommand with id=1567208455979 timed out. Retrying.
2019-08-30 23:41:01,608 [pool-7-thread-1] INFO  commands.RetriableDatanodeEventWatcher (RetriableDatanodeEventWatcher.java:onTimeout(47)) - RetriableDatanodeCommand type=deleteBlocksCommand with id=1567208455989 timed out. Retrying.
2019-08-30 23:41:01,620 [pool-7-thread-1] INFO  commands.RetriableDatanodeEventWatcher (RetriableDatanodeEventWatcher.java:onTimeout(47)) - RetriableDatanodeCommand type=deleteBlocksCommand with id=1567208455999 timed out. Retrying.
2019-08-30 23:41:01,634 [pool-7-thread-1] INFO  commands.RetriableDatanodeEventWatcher (RetriableDatanodeEventWatcher.java:onTimeout(47)) - RetriableDatanodeCommand type=deleteBlocksCommand with id=1567208456009 timed out. Retrying.
2019-08-30 23:41:01,648 [SCMBlockDeletingService#1] DEBUG block.SCMBlockDeletingService (SCMBlockDeletingService.java:call(138)) - Running DeletedBlockTransactionScanner
2019-08-30 23:41:01,648 [SCMBlockDeletingService#1] DEBUG block.SCMBlockDeletingService (SCMBlockDeletingService.java:call(155)) - Scanned deleted blocks log and got 3 delTX to process.
2019-08-30 23:41:01,648 [SCMBlockDeletingService#1] DEBUG block.SCMBlockDeletingService (SCMBlockDeletingService.java:call(171)) - Added delete block command for datanode c9f1298e-d840-49d8-aac3-de81602aa1d5 in the queue, number of delete block transactions: 3, TxID list: 1,2,3
2019-08-30 23:41:01,649 [SCMBlockDeletingService#1] INFO  block.SCMBlockDeletingService (SCMBlockDeletingService.java:call(182)) - Totally added 3 delete blocks command for 1 datanodes, task elapsed time: 1ms
2019-08-30 23:41:01,680 [pool-7-thread-1] INFO  commands.RetriableDatanodeEventWatcher (RetriableDatanodeEventWatcher.java:onTimeout(47)) - RetriableDatanodeCommand type=deleteBlocksCommand with id=1567208455970 timed out. Retrying.
2019-08-30 23:41:01,692 [main] INFO  impl.RaftServerProxy (ConfUtils.java:logGet(43)) - raft.rpc.type = GRPC (default)
2019-08-30 23:41:01,692 [pool-7-thread-1] INFO  commands.RetriableDatanodeEventWatcher (GrpcFactory.java:checkPooledByteBufAllocatorUseCacheForAllThreads(45)) - PERFORMANCE WARNING: useCacheForAllThreads is true that may cause Netty to create a lot garbage objects and, as a result, trigger GC.
	It is recommended to disable useCacheForAllThreads by setting -Dorg.apache.ratis.thirdparty.io.netty.allocator.useCacheForAllThreads=false in command line.
2019-08-30 23:41:01,692 [pool-7-thread-1] INFO  commands.RetriableDatanodeEventWatcher (RetriableDatanodeEventWatcher.java:onTimeout(47)) - RetriableDatanodeCommand type=deleteBlocksCommand with id=1567208455980 timed out. Retrying.
2019-08-30 23:41:01,693 [main] INFO  grpc.GrpcConfigKeys$Server (ConfUtils.java:logGet(43)) - raft.grpc.server.port = 34937 (custom)
2019-08-30 23:41:01,693 [main] INFO  server.GrpcService (ConfUtils.java:logGet(43)) - raft.grpc.message.size.max = 33570816 (custom)
2019-08-30 23:41:01,694 [main] INFO  server.RaftServerConfigKeys (ConfUtils.java:logGet(43)) - raft.server.log.appender.buffer.byte-limit = 33554432 (custom)
2019-08-30 23:41:01,694 [main] INFO  server.GrpcService (ConfUtils.java:logGet(43)) - raft.grpc.flow.control.window = 1MB (=1048576) (default)
2019-08-30 23:41:01,694 [main] INFO  server.RaftServerConfigKeys (ConfUtils.java:logGet(43)) - raft.server.rpc.request.timeout = 3000ms (default)
2019-08-30 23:41:01,695 [main] INFO  server.RaftServerConfigKeys (ConfUtils.java:logGet(43)) - raft.server.storage.dir = [/workdir/hadoop-ozone/integration-test/target/test-dir/MiniOzoneClusterImpl-114e42e4-73b4-4267-990c-8675b38dec53/datanode-0/data/ratis] (custom)
2019-08-30 23:41:01,695 [main] INFO  impl.RaftServerProxy (RaftServerProxy.java:lambda$null$0(191)) - c9f1298e-d840-49d8-aac3-de81602aa1d5: found a subdirectory /workdir/hadoop-ozone/integration-test/target/test-dir/MiniOzoneClusterImpl-114e42e4-73b4-4267-990c-8675b38dec53/datanode-0/data/ratis/f0fc4ca0-c3ee-4d38-af01-e9810a644481
2019-08-30 23:41:01,696 [main] INFO  impl.RaftServerProxy (RaftServerProxy.java:addNew(89)) - c9f1298e-d840-49d8-aac3-de81602aa1d5: addNew group-E9810A644481:[] returns group-E9810A644481:java.util.concurrent.CompletableFuture@5984feef[Not completed]
2019-08-30 23:41:01,706 [main] INFO  hdfs.DFSUtil (DFSUtil.java:httpServerTemplateForNNAndJN(1641)) - Starting Web-server for hddsDatanode at: http://0.0.0.0:46847
2019-08-30 23:41:01,708 [pool-7-thread-1] INFO  commands.RetriableDatanodeEventWatcher (RetriableDatanodeEventWatcher.java:onTimeout(47)) - RetriableDatanodeCommand type=deleteBlocksCommand with id=1567208455990 timed out. Retrying.
2019-08-30 23:41:01,722 [pool-7-thread-1] INFO  commands.RetriableDatanodeEventWatcher (RetriableDatanodeEventWatcher.java:onTimeout(47)) - RetriableDatanodeCommand type=deleteBlocksCommand with id=1567208456000 timed out. Retrying.
2019-08-30 23:41:01,722 [pool-592-thread-1] INFO  impl.RaftServerImpl (RaftServerImpl.java:<init>(93)) - c9f1298e-d840-49d8-aac3-de81602aa1d5: new RaftServerImpl for group-E9810A644481:[] with ContainerStateMachine:uninitialized
2019-08-30 23:41:01,723 [pool-592-thread-1] INFO  server.RaftServerConfigKeys (ConfUtils.java:logGet(43)) - raft.server.rpc.timeout.min = 5s (custom)
2019-08-30 23:41:01,723 [pool-592-thread-1] INFO  server.RaftServerConfigKeys (ConfUtils.java:logGet(43)) - raft.server.rpc.timeout.max = 5200ms (custom)
2019-08-30 23:41:01,724 [main] INFO  server.AuthenticationFilter (AuthenticationFilter.java:constructSecretProvider(240)) - Unable to initialize FileSignerSecretProvider, falling back to use random secrets.
2019-08-30 23:41:01,724 [pool-592-thread-1] INFO  server.RaftServerConfigKeys (ConfUtils.java:logGet(43)) - raft.server.rpcslowness.timeout = 120s (custom)
2019-08-30 23:41:01,724 [pool-592-thread-1] INFO  server.RaftServerConfigKeys (ConfUtils.java:logGet(43)) - raft.server.sleep.deviation.threshold = 300 (default)
2019-08-30 23:41:01,724 [pool-592-thread-1] INFO  server.RaftServerConfigKeys (ConfUtils.java:logGet(43)) - raft.server.log.appender.install.snapshot.enabled = false (custom)
2019-08-30 23:41:01,724 [main] WARN  http.HttpRequestLog (HttpRequestLog.java:getRequestLog(97)) - Jetty request log can only be enabled using Log4j
2019-08-30 23:41:01,724 [pool-592-thread-1] INFO  impl.RaftServerImpl (ServerState.java:<init>(105)) - c9f1298e-d840-49d8-aac3-de81602aa1d5:group-E9810A644481 ConfigurationManager, init=-1: [], old=null, confs=<EMPTY_MAP>
2019-08-30 23:41:01,725 [pool-592-thread-1] INFO  server.RaftServerConfigKeys (ConfUtils.java:logGet(43)) - raft.server.storage.dir = [/workdir/hadoop-ozone/integration-test/target/test-dir/MiniOzoneClusterImpl-114e42e4-73b4-4267-990c-8675b38dec53/datanode-0/data/ratis] (custom)
2019-08-30 23:41:01,726 [main] INFO  http.HttpServer2 (HttpServer2.java:addGlobalFilter(975)) - Added global filter 'safety' (class=org.apache.hadoop.http.HttpServer2$QuotingInputFilter)
2019-08-30 23:41:01,727 [main] INFO  http.HttpServer2 (HttpServer2.java:addFilter(948)) - Added filter static_user_filter (class=org.apache.hadoop.http.lib.StaticUserWebFilter$StaticUserFilter) to context hddsDatanode
2019-08-30 23:41:01,727 [main] INFO  http.HttpServer2 (HttpServer2.java:addFilter(958)) - Added filter static_user_filter (class=org.apache.hadoop.http.lib.StaticUserWebFilter$StaticUserFilter) to context static
2019-08-30 23:41:01,728 [main] INFO  http.HttpServer2 (HttpServer2.java:addFilter(958)) - Added filter static_user_filter (class=org.apache.hadoop.http.lib.StaticUserWebFilter$StaticUserFilter) to context logs
2019-08-30 23:41:01,729 [main] INFO  http.HttpServer2 (HttpServer2.java:bindListener(1191)) - Jetty bound to port 46847
2019-08-30 23:41:01,729 [main] INFO  server.Server (Server.java:doStart(351)) - jetty-9.3.24.v20180605, build timestamp: 2018-06-05T17:11:56Z, git hash: 84205aa28f11a4f31f2a3b86d1bba2cc8ab69827
2019-08-30 23:41:01,731 [main] INFO  handler.ContextHandler (ContextHandler.java:doStart(781)) - Started o.e.j.s.ServletContextHandler@4b4ee511{/logs,file:///workdir/hadoop-ozone/integration-test/target/log,AVAILABLE}
2019-08-30 23:41:01,732 [main] INFO  handler.ContextHandler (ContextHandler.java:doStart(781)) - Started o.e.j.s.ServletContextHandler@5a034157{/static,jar:file:/home/user/.m2/repository/org/apache/hadoop/hadoop-hdds-container-service/0.5.0-SNAPSHOT/hadoop-hdds-container-service-0.5.0-SNAPSHOT.jar!/webapps/static,AVAILABLE}
2019-08-30 23:41:01,735 [pool-7-thread-1] INFO  commands.RetriableDatanodeEventWatcher (RetriableDatanodeEventWatcher.java:onTimeout(47)) - RetriableDatanodeCommand type=deleteBlocksCommand with id=1567208456010 timed out. Retrying.
2019-08-30 23:41:01,744 [pool-592-thread-1] INFO  storage.RaftStorageDirectory (RaftStorageDirectory.java:tryLock(328)) - Lock on /workdir/hadoop-ozone/integration-test/target/test-dir/MiniOzoneClusterImpl-114e42e4-73b4-4267-990c-8675b38dec53/datanode-0/data/ratis/f0fc4ca0-c3ee-4d38-af01-e9810a644481/in_use.lock acquired by nodename 4655@pr-hdds-1909-plfbr-3209385976
2019-08-30 23:41:01,749 [SCMBlockDeletingService#0] DEBUG block.SCMBlockDeletingService (SCMBlockDeletingService.java:call(138)) - Running DeletedBlockTransactionScanner
2019-08-30 23:41:01,750 [SCMBlockDeletingService#0] DEBUG block.SCMBlockDeletingService (SCMBlockDeletingService.java:call(155)) - Scanned deleted blocks log and got 3 delTX to process.
2019-08-30 23:41:01,750 [SCMBlockDeletingService#0] DEBUG block.SCMBlockDeletingService (SCMBlockDeletingService.java:call(171)) - Added delete block command for datanode c9f1298e-d840-49d8-aac3-de81602aa1d5 in the queue, number of delete block transactions: 3, TxID list: 1,2,3
2019-08-30 23:41:01,750 [pool-592-thread-1] INFO  ratis.ContainerStateMachine (ContainerStateMachine.java:loadSnapshot(236)) - group-E9810A644481: Setting the last applied index to (t:1, i:6077)
2019-08-30 23:41:01,750 [SCMBlockDeletingService#0] INFO  block.SCMBlockDeletingService (SCMBlockDeletingService.java:call(182)) - Totally added 3 delete blocks command for 1 datanodes, task elapsed time: 1ms
2019-08-30 23:41:01,754 [pool-592-thread-1] INFO  impl.RaftServerImpl (ServerState.java:setRaftConf(361)) - c9f1298e-d840-49d8-aac3-de81602aa1d5:group-E9810A644481 set configuration 0: [c9f1298e-d840-49d8-aac3-de81602aa1d5:192.168.36.88:34937], old=null at 0
2019-08-30 23:41:01,755 [pool-592-thread-1] INFO  server.RaftServerConfigKeys (ConfUtils.java:logGet(43)) - raft.server.leader.election.timeout = 120s (custom)
2019-08-30 23:41:01,755 [pool-592-thread-1] INFO  server.RaftServerConfigKeys (ConfUtils.java:logGet(43)) - raft.server.log.use.memory = false (default)
2019-08-30 23:41:01,755 [pool-592-thread-1] INFO  server.RaftServerConfigKeys (ConfUtils.java:logGet(43)) - raft.server.log.purge.gap = 1000000 (custom)
2019-08-30 23:41:01,755 [pool-592-thread-1] INFO  server.RaftServerConfigKeys (ConfUtils.java:logGet(43)) - raft.server.log.appender.buffer.byte-limit = 33554432 (custom)
2019-08-30 23:41:01,755 [pool-592-thread-1] INFO  server.RaftServerConfigKeys (ConfUtils.java:logGet(43)) - raft.server.log.segment.size.max = 1048576 (custom)
2019-08-30 23:41:01,755 [pool-592-thread-1] INFO  server.RaftServerConfigKeys (ConfUtils.java:logGet(43)) - raft.server.log.segment.cache.num.max = 2 (custom)
2019-08-30 23:41:01,756 [pool-592-thread-1] INFO  segmented.SegmentedRaftLogWorker (SegmentedRaftLogWorker.java:<init>(172)) - new c9f1298e-d840-49d8-aac3-de81602aa1d5-SegmentedRaftLogWorker:Storage Directory /workdir/hadoop-ozone/integration-test/target/test-dir/MiniOzoneClusterImpl-114e42e4-73b4-4267-990c-8675b38dec53/datanode-0/data/ratis/f0fc4ca0-c3ee-4d38-af01-e9810a644481 for RaftStorage:Storage Directory /workdir/hadoop-ozone/integration-test/target/test-dir/MiniOzoneClusterImpl-114e42e4-73b4-4267-990c-8675b38dec53/datanode-0/data/ratis/f0fc4ca0-c3ee-4d38-af01-e9810a644481
2019-08-30 23:41:01,756 [pool-592-thread-1] INFO  server.RaftServerConfigKeys (ConfUtils.java:logGet(43)) - raft.server.log.queue.byte-limit = 2147483647 (custom)
2019-08-30 23:41:01,756 [pool-592-thread-1] INFO  server.RaftServerConfigKeys (ConfUtils.java:logGet(43)) - raft.server.log.queue.element-limit = 1024 (custom)
2019-08-30 23:41:01,756 [pool-592-thread-1] INFO  server.RaftServerConfigKeys (ConfUtils.java:logGet(43)) - raft.server.log.segment.size.max = 1048576 (custom)
2019-08-30 23:41:01,756 [pool-592-thread-1] INFO  server.RaftServerConfigKeys (ConfUtils.java:logGet(43)) - raft.server.log.preallocated.size = 16384 (custom)
2019-08-30 23:41:01,757 [pool-592-thread-1] INFO  server.RaftServerConfigKeys (ConfUtils.java:logGet(43)) - raft.server.log.write.buffer.size = 33554432 (custom)
2019-08-30 23:41:01,757 [pool-592-thread-1] INFO  server.RaftServerConfigKeys (ConfUtils.java:logGet(43)) - raft.server.log.force.sync.num = 128 (default)
2019-08-30 23:41:01,757 [pool-592-thread-1] INFO  server.RaftServerConfigKeys (ConfUtils.java:logGet(43)) - raft.server.log.statemachine.data.sync = true (default)
2019-08-30 23:41:01,757 [pool-592-thread-1] INFO  server.RaftServerConfigKeys (ConfUtils.java:logGet(43)) - raft.server.log.statemachine.data.sync.timeout = 10s (default)
2019-08-30 23:41:01,757 [pool-592-thread-1] INFO  server.RaftServerConfigKeys (ConfUtils.java:logGet(43)) - raft.server.log.statemachine.data.sync.timeout.retry = -1 (default)
2019-08-30 23:41:01,757 [pool-592-thread-1] INFO  server.RaftServerConfigKeys (ConfUtils.java:logGet(43)) - raft.server.log.statemachine.data.caching.enabled = true (custom)
2019-08-30 23:41:01,765 [pool-592-thread-1] INFO  impl.RaftServerImpl (ServerState.java:setRaftConf(361)) - c9f1298e-d840-49d8-aac3-de81602aa1d5:group-E9810A644481 set configuration 0: [c9f1298e-d840-49d8-aac3-de81602aa1d5:192.168.36.88:34937], old=null at 0
2019-08-30 23:41:01,770 [main] INFO  handler.ContextHandler (ContextHandler.java:doStart(781)) - Started o.e.j.w.WebAppContext@6cbe7d4d{/,file:///tmp/jetty-0.0.0.0-46847-hddsDatanode-_-any-2476438853516842351.dir/webapp/,AVAILABLE}{/hddsDatanode}
2019-08-30 23:41:01,771 [main] INFO  server.AbstractConnector (AbstractConnector.java:doStart(278)) - Started ServerConnector@1e3e1014{HTTP/1.1,[http/1.1]}{0.0.0.0:46847}
2019-08-30 23:41:01,772 [main] INFO  server.Server (Server.java:doStart(419)) - Started @95264ms
2019-08-30 23:41:01,772 [main] WARN  impl.MetricsSystemImpl (MetricsSystemImpl.java:register(276)) - Sink prometheus already exists!
2019-08-30 23:41:01,773 [main] INFO  server.BaseHttpServer (BaseHttpServer.java:updateConnectorAddress(215)) - HTTP server of HDDSDATANODE is listening at http://0.0.0.0:46847
2019-08-30 23:41:01,773 [main] INFO  ozone.MiniOzoneClusterImpl (MiniOzoneClusterImpl.java:lambda$waitForClusterToBeReady$0(140)) - Waiting for cluster to be ready. Got 0 of 1 DN Heartbeats.
2019-08-30 23:41:01,774 [org.apache.hadoop.util.JvmPauseMonitor$Monitor@5fc7d594] INFO  util.JvmPauseMonitor (JvmPauseMonitor.java:run(188)) - Starting JVM pause monitor
2019-08-30 23:41:01,781 [pool-7-thread-1] INFO  commands.RetriableDatanodeEventWatcher (RetriableDatanodeEventWatcher.java:onTimeout(47)) - RetriableDatanodeCommand type=deleteBlocksCommand with id=1567208455971 timed out. Retrying.
2019-08-30 23:41:01,795 [pool-7-thread-1] INFO  commands.RetriableDatanodeEventWatcher (RetriableDatanodeEventWatcher.java:onTimeout(47)) - RetriableDatanodeCommand type=deleteBlocksCommand with id=1567208455981 timed out. Retrying.
2019-08-30 23:41:01,808 [pool-7-thread-1] INFO  commands.RetriableDatanodeEventWatcher (RetriableDatanodeEventWatcher.java:onTimeout(47)) - RetriableDatanodeCommand type=deleteBlocksCommand with id=1567208455991 timed out. Retrying.
2019-08-30 23:41:01,819 [pool-592-thread-1] INFO  segmented.LogSegment (LogSegment.java:loadSegment(145)) - Successfully read 5378 entries from segment file /workdir/hadoop-ozone/integration-test/target/test-dir/MiniOzoneClusterImpl-114e42e4-73b4-4267-990c-8675b38dec53/datanode-0/data/ratis/f0fc4ca0-c3ee-4d38-af01-e9810a644481/current/log_0-5377
2019-08-30 23:41:01,822 [pool-592-thread-1] INFO  segmented.LogSegment (LogSegment.java:loadSegment(145)) - Successfully read 701 entries from segment file /workdir/hadoop-ozone/integration-test/target/test-dir/MiniOzoneClusterImpl-114e42e4-73b4-4267-990c-8675b38dec53/datanode-0/data/ratis/f0fc4ca0-c3ee-4d38-af01-e9810a644481/current/log_inprogress_5378
2019-08-30 23:41:01,823 [pool-592-thread-1] INFO  segmented.SegmentedRaftLogWorker (SegmentedRaftLogWorker.java:lambda$new$0(132)) - c9f1298e-d840-49d8-aac3-de81602aa1d5-SegmentedRaftLogWorker:Storage Directory /workdir/hadoop-ozone/integration-test/target/test-dir/MiniOzoneClusterImpl-114e42e4-73b4-4267-990c-8675b38dec53/datanode-0/data/ratis/f0fc4ca0-c3ee-4d38-af01-e9810a644481: flushIndex: setUnconditionally 0 -> 6078
2019-08-30 23:41:01,824 [pool-7-thread-1] INFO  commands.RetriableDatanodeEventWatcher (RetriableDatanodeEventWatcher.java:onTimeout(47)) - RetriableDatanodeCommand type=deleteBlocksCommand with id=1567208456001 timed out. Retrying.
2019-08-30 23:41:01,837 [pool-7-thread-1] INFO  commands.RetriableDatanodeEventWatcher (RetriableDatanodeEventWatcher.java:onTimeout(47)) - RetriableDatanodeCommand type=deleteBlocksCommand with id=1567208456011 timed out. Retrying.
2019-08-30 23:41:01,850 [SCMBlockDeletingService#0] DEBUG block.SCMBlockDeletingService (SCMBlockDeletingService.java:call(138)) - Running DeletedBlockTransactionScanner
2019-08-30 23:41:01,851 [pool-592-thread-1] INFO  raftlog.RaftLog (RaftLog.java:lambda$new$0(62)) - c9f1298e-d840-49d8-aac3-de81602aa1d5: commitIndex: updateToMax old=6077, new=6077, updated? false
2019-08-30 23:41:01,851 [SCMBlockDeletingService#0] DEBUG block.SCMBlockDeletingService (SCMBlockDeletingService.java:call(155)) - Scanned deleted blocks log and got 3 delTX to process.
2019-08-30 23:41:01,851 [SCMBlockDeletingService#0] DEBUG block.SCMBlockDeletingService (SCMBlockDeletingService.java:call(171)) - Added delete block command for datanode c9f1298e-d840-49d8-aac3-de81602aa1d5 in the queue, number of delete block transactions: 3, TxID list: 1,2,3
2019-08-30 23:41:01,851 [pool-592-thread-1] INFO  server.RaftServerConfigKeys (ConfUtils.java:logGet(43)) - raft.server.snapshot.auto.trigger.enabled = true (custom)
2019-08-30 23:41:01,852 [pool-592-thread-1] INFO  server.RaftServerConfigKeys (ConfUtils.java:logGet(43)) - raft.server.snapshot.auto.trigger.threshold = 10000 (custom)
2019-08-30 23:41:01,852 [SCMBlockDeletingService#0] INFO  block.SCMBlockDeletingService (SCMBlockDeletingService.java:call(182)) - Totally added 3 delete blocks command for 1 datanodes, task elapsed time: 1ms
2019-08-30 23:41:01,852 [pool-592-thread-1] INFO  server.RaftServerConfigKeys (ConfUtils.java:logGet(43)) - raft.server.retrycache.expirytime = 600000ms (custom)
2019-08-30 23:41:01,881 [pool-7-thread-1] INFO  commands.RetriableDatanodeEventWatcher (RetriableDatanodeEventWatcher.java:onTimeout(47)) - RetriableDatanodeCommand type=deleteBlocksCommand with id=1567208455972 timed out. Retrying.
2019-08-30 23:41:01,898 [pool-7-thread-1] INFO  commands.RetriableDatanodeEventWatcher (RetriableDatanodeEventWatcher.java:onTimeout(47)) - RetriableDatanodeCommand type=deleteBlocksCommand with id=1567208455982 timed out. Retrying.
2019-08-30 23:41:01,914 [pool-7-thread-1] INFO  commands.RetriableDatanodeEventWatcher (RetriableDatanodeEventWatcher.java:onTimeout(47)) - RetriableDatanodeCommand type=deleteBlocksCommand with id=1567208455992 timed out. Retrying.
2019-08-30 23:41:01,925 [pool-7-thread-1] INFO  commands.RetriableDatanodeEventWatcher (RetriableDatanodeEventWatcher.java:onTimeout(47)) - RetriableDatanodeCommand type=deleteBlocksCommand with id=1567208456002 timed out. Retrying.
2019-08-30 23:41:01,937 [pool-7-thread-1] INFO  commands.RetriableDatanodeEventWatcher (RetriableDatanodeEventWatcher.java:onTimeout(47)) - RetriableDatanodeCommand type=deleteBlocksCommand with id=1567208456012 timed out. Retrying.
2019-08-30 23:41:01,952 [SCMBlockDeletingService#0] DEBUG block.SCMBlockDeletingService (SCMBlockDeletingService.java:call(138)) - Running DeletedBlockTransactionScanner
2019-08-30 23:41:01,953 [SCMBlockDeletingService#0] DEBUG block.SCMBlockDeletingService (SCMBlockDeletingService.java:call(155)) - Scanned deleted blocks log and got 3 delTX to process.
2019-08-30 23:41:01,953 [SCMBlockDeletingService#0] DEBUG block.SCMBlockDeletingService (SCMBlockDeletingService.java:call(171)) - Added delete block command for datanode c9f1298e-d840-49d8-aac3-de81602aa1d5 in the queue, number of delete block transactions: 3, TxID list: 1,2,3
2019-08-30 23:41:01,953 [SCMBlockDeletingService#0] INFO  block.SCMBlockDeletingService (SCMBlockDeletingService.java:call(182)) - Totally added 3 delete blocks command for 1 datanodes, task elapsed time: 2ms
2019-08-30 23:41:01,968 [pool-7-thread-1] INFO  commands.RetriableDatanodeEventWatcher (RetriableDatanodeEventWatcher.java:onTimeout(47)) - RetriableDatanodeCommand type=deleteBlocksCommand with id=1567208455963 timed out. Retrying.
2019-08-30 23:41:01,984 [pool-7-thread-1] INFO  commands.RetriableDatanodeEventWatcher (RetriableDatanodeEventWatcher.java:onTimeout(47)) - RetriableDatanodeCommand type=deleteBlocksCommand with id=1567208455973 timed out. Retrying.
2019-08-30 23:41:01,999 [pool-7-thread-1] INFO  commands.RetriableDatanodeEventWatcher (RetriableDatanodeEventWatcher.java:onTimeout(47)) - RetriableDatanodeCommand type=deleteBlocksCommand with id=1567208455983 timed out. Retrying.
2019-08-30 23:41:02,012 [pool-7-thread-1] INFO  commands.RetriableDatanodeEventWatcher (RetriableDatanodeEventWatcher.java:onTimeout(47)) - RetriableDatanodeCommand type=deleteBlocksCommand with id=1567208455993 timed out. Retrying.
2019-08-30 23:41:02,028 [pool-7-thread-1] INFO  commands.RetriableDatanodeEventWatcher (RetriableDatanodeEventWatcher.java:onTimeout(47)) - RetriableDatanodeCommand type=deleteBlocksCommand with id=1567208456003 timed out. Retrying.
2019-08-30 23:41:02,040 [pool-7-thread-1] INFO  commands.RetriableDatanodeEventWatcher (RetriableDatanodeEventWatcher.java:onTimeout(47)) - RetriableDatanodeCommand type=deleteBlocksCommand with id=1567208456013 timed out. Retrying.
2019-08-30 23:41:02,054 [SCMBlockDeletingService#0] DEBUG block.SCMBlockDeletingService (SCMBlockDeletingService.java:call(138)) - Running DeletedBlockTransactionScanner
2019-08-30 23:41:02,054 [SCMBlockDeletingService#0] DEBUG block.SCMBlockDeletingService (SCMBlockDeletingService.java:call(155)) - Scanned deleted blocks log and got 3 delTX to process.
2019-08-30 23:41:02,054 [SCMBlockDeletingService#0] DEBUG block.SCMBlockDeletingService (SCMBlockDeletingService.java:call(171)) - Added delete block command for datanode c9f1298e-d840-49d8-aac3-de81602aa1d5 in the queue, number of delete block transactions: 3, TxID list: 1,2,3
2019-08-30 23:41:02,055 [SCMBlockDeletingService#0] INFO  block.SCMBlockDeletingService (SCMBlockDeletingService.java:call(182)) - Totally added 3 delete blocks command for 1 datanodes, task elapsed time: 1ms
2019-08-30 23:41:02,069 [pool-7-thread-1] INFO  commands.RetriableDatanodeEventWatcher (RetriableDatanodeEventWatcher.java:onTimeout(47)) - RetriableDatanodeCommand type=deleteBlocksCommand with id=1567208455964 timed out. Retrying.
2019-08-30 23:41:02,085 [pool-7-thread-1] INFO  commands.RetriableDatanodeEventWatcher (RetriableDatanodeEventWatcher.java:onTimeout(47)) - RetriableDatanodeCommand type=deleteBlocksCommand with id=1567208455974 timed out. Retrying.
2019-08-30 23:41:02,101 [pool-7-thread-1] INFO  commands.RetriableDatanodeEventWatcher (RetriableDatanodeEventWatcher.java:onTimeout(47)) - RetriableDatanodeCommand type=deleteBlocksCommand with id=1567208455984 timed out. Retrying.
2019-08-30 23:41:02,113 [pool-7-thread-1] INFO  commands.RetriableDatanodeEventWatcher (RetriableDatanodeEventWatcher.java:onTimeout(47)) - RetriableDatanodeCommand type=deleteBlocksCommand with id=1567208455994 timed out. Retrying.
2019-08-30 23:41:02,128 [pool-7-thread-1] INFO  commands.RetriableDatanodeEventWatcher (RetriableDatanodeEventWatcher.java:onTimeout(47)) - RetriableDatanodeCommand type=deleteBlocksCommand with id=1567208456004 timed out. Retrying.
2019-08-30 23:41:02,141 [pool-7-thread-1] INFO  commands.RetriableDatanodeEventWatcher (RetriableDatanodeEventWatcher.java:onTimeout(47)) - RetriableDatanodeCommand type=deleteBlocksCommand with id=1567208456014 timed out. Retrying.
2019-08-30 23:41:02,155 [SCMBlockDeletingService#1] DEBUG block.SCMBlockDeletingService (SCMBlockDeletingService.java:call(138)) - Running DeletedBlockTransactionScanner
2019-08-30 23:41:02,156 [SCMBlockDeletingService#1] DEBUG block.SCMBlockDeletingService (SCMBlockDeletingService.java:call(155)) - Scanned deleted blocks log and got 3 delTX to process.
2019-08-30 23:41:02,156 [SCMBlockDeletingService#1] DEBUG block.SCMBlockDeletingService (SCMBlockDeletingService.java:call(171)) - Added delete block command for datanode c9f1298e-d840-49d8-aac3-de81602aa1d5 in the queue, number of delete block transactions: 3, TxID list: 1,2,3
2019-08-30 23:41:02,156 [SCMBlockDeletingService#1] INFO  block.SCMBlockDeletingService (SCMBlockDeletingService.java:call(182)) - Totally added 3 delete blocks command for 1 datanodes, task elapsed time: 1ms
2019-08-30 23:41:02,171 [pool-7-thread-1] INFO  commands.RetriableDatanodeEventWatcher (RetriableDatanodeEventWatcher.java:onTimeout(47)) - RetriableDatanodeCommand type=deleteBlocksCommand with id=1567208455965 timed out. Retrying.
2019-08-30 23:41:02,187 [pool-7-thread-1] INFO  commands.RetriableDatanodeEventWatcher (RetriableDatanodeEventWatcher.java:onTimeout(47)) - RetriableDatanodeCommand type=deleteBlocksCommand with id=1567208455975 timed out. Retrying.
2019-08-30 23:41:02,202 [pool-7-thread-1] INFO  commands.RetriableDatanodeEventWatcher (RetriableDatanodeEventWatcher.java:onTimeout(47)) - RetriableDatanodeCommand type=deleteBlocksCommand with id=1567208455985 timed out. Retrying.
2019-08-30 23:41:02,215 [pool-7-thread-1] INFO  commands.RetriableDatanodeEventWatcher (RetriableDatanodeEventWatcher.java:onTimeout(47)) - RetriableDatanodeCommand type=deleteBlocksCommand with id=1567208455995 timed out. Retrying.
2019-08-30 23:41:02,229 [pool-7-thread-1] INFO  commands.RetriableDatanodeEventWatcher (RetriableDatanodeEventWatcher.java:onTimeout(47)) - RetriableDatanodeCommand type=deleteBlocksCommand with id=1567208456005 timed out. Retrying.
2019-08-30 23:41:02,242 [pool-7-thread-1] INFO  commands.RetriableDatanodeEventWatcher (RetriableDatanodeEventWatcher.java:onTimeout(47)) - RetriableDatanodeCommand type=deleteBlocksCommand with id=1567208456015 timed out. Retrying.
2019-08-30 23:41:02,256 [SCMBlockDeletingService#0] DEBUG block.SCMBlockDeletingService (SCMBlockDeletingService.java:call(138)) - Running DeletedBlockTransactionScanner
2019-08-30 23:41:02,257 [SCMBlockDeletingService#0] DEBUG block.SCMBlockDeletingService (SCMBlockDeletingService.java:call(155)) - Scanned deleted blocks log and got 3 delTX to process.
2019-08-30 23:41:02,257 [SCMBlockDeletingService#0] DEBUG block.SCMBlockDeletingService (SCMBlockDeletingService.java:call(171)) - Added delete block command for datanode c9f1298e-d840-49d8-aac3-de81602aa1d5 in the queue, number of delete block transactions: 3, TxID list: 1,2,3
2019-08-30 23:41:02,258 [SCMBlockDeletingService#0] INFO  block.SCMBlockDeletingService (SCMBlockDeletingService.java:call(182)) - Totally added 3 delete blocks command for 1 datanodes, task elapsed time: 1ms
2019-08-30 23:41:02,273 [pool-7-thread-1] INFO  commands.RetriableDatanodeEventWatcher (RetriableDatanodeEventWatcher.java:onTimeout(47)) - RetriableDatanodeCommand type=deleteBlocksCommand with id=1567208455966 timed out. Retrying.
2019-08-30 23:41:02,288 [pool-7-thread-1] INFO  commands.RetriableDatanodeEventWatcher (RetriableDatanodeEventWatcher.java:onTimeout(47)) - RetriableDatanodeCommand type=deleteBlocksCommand with id=1567208455976 timed out. Retrying.
2019-08-30 23:41:02,303 [pool-7-thread-1] INFO  commands.RetriableDatanodeEventWatcher (RetriableDatanodeEventWatcher.java:onTimeout(47)) - RetriableDatanodeCommand type=deleteBlocksCommand with id=1567208455986 timed out. Retrying.
2019-08-30 23:41:02,316 [pool-7-thread-1] INFO  commands.RetriableDatanodeEventWatcher (RetriableDatanodeEventWatcher.java:onTimeout(47)) - RetriableDatanodeCommand type=deleteBlocksCommand with id=1567208455996 timed out. Retrying.
2019-08-30 23:41:02,332 [pool-7-thread-1] INFO  commands.RetriableDatanodeEventWatcher (RetriableDatanodeEventWatcher.java:onTimeout(47)) - RetriableDatanodeCommand type=deleteBlocksCommand with id=1567208456006 timed out. Retrying.
2019-08-30 23:41:02,344 [pool-7-thread-1] INFO  commands.RetriableDatanodeEventWatcher (RetriableDatanodeEventWatcher.java:onTimeout(47)) - RetriableDatanodeCommand type=deleteBlocksCommand with id=1567208456016 timed out. Retrying.
2019-08-30 23:41:02,358 [SCMBlockDeletingService#0] DEBUG block.SCMBlockDeletingService (SCMBlockDeletingService.java:call(138)) - Running DeletedBlockTransactionScanner
2019-08-30 23:41:02,358 [SCMBlockDeletingService#0] DEBUG block.SCMBlockDeletingService (SCMBlockDeletingService.java:call(155)) - Scanned deleted blocks log and got 3 delTX to process.
2019-08-30 23:41:02,359 [SCMBlockDeletingService#0] DEBUG block.SCMBlockDeletingService (SCMBlockDeletingService.java:call(171)) - Added delete block command for datanode c9f1298e-d840-49d8-aac3-de81602aa1d5 in the queue, number of delete block transactions: 3, TxID list: 1,2,3
2019-08-30 23:41:02,359 [SCMBlockDeletingService#0] INFO  block.SCMBlockDeletingService (SCMBlockDeletingService.java:call(182)) - Totally added 3 delete blocks command for 1 datanodes, task elapsed time: 1ms
2019-08-30 23:41:02,376 [pool-7-thread-1] INFO  commands.RetriableDatanodeEventWatcher (RetriableDatanodeEventWatcher.java:onTimeout(47)) - RetriableDatanodeCommand type=deleteBlocksCommand with id=1567208455967 timed out. Retrying.
2019-08-30 23:41:02,389 [pool-7-thread-1] INFO  commands.RetriableDatanodeEventWatcher (RetriableDatanodeEventWatcher.java:onTimeout(47)) - RetriableDatanodeCommand type=deleteBlocksCommand with id=1567208455977 timed out. Retrying.
2019-08-30 23:41:02,404 [pool-7-thread-1] INFO  commands.RetriableDatanodeEventWatcher (RetriableDatanodeEventWatcher.java:onTimeout(47)) - RetriableDatanodeCommand type=deleteBlocksCommand with id=1567208455987 timed out. Retrying.
2019-08-30 23:41:02,418 [pool-7-thread-1] INFO  commands.RetriableDatanodeEventWatcher (RetriableDatanodeEventWatcher.java:onTimeout(47)) - RetriableDatanodeCommand type=deleteBlocksCommand with id=1567208455997 timed out. Retrying.
2019-08-30 23:41:02,432 [pool-7-thread-1] INFO  commands.RetriableDatanodeEventWatcher (RetriableDatanodeEventWatcher.java:onTimeout(47)) - RetriableDatanodeCommand type=deleteBlocksCommand with id=1567208456007 timed out. Retrying.
2019-08-30 23:41:02,445 [pool-7-thread-1] INFO  commands.RetriableDatanodeEventWatcher (RetriableDatanodeEventWatcher.java:onTimeout(47)) - RetriableDatanodeCommand type=deleteBlocksCommand with id=1567208456017 timed out. Retrying.
2019-08-30 23:41:02,459 [SCMBlockDeletingService#0] DEBUG block.SCMBlockDeletingService (SCMBlockDeletingService.java:call(138)) - Running DeletedBlockTransactionScanner
2019-08-30 23:41:02,460 [SCMBlockDeletingService#0] DEBUG block.SCMBlockDeletingService (SCMBlockDeletingService.java:call(155)) - Scanned deleted blocks log and got 3 delTX to process.
2019-08-30 23:41:02,460 [SCMBlockDeletingService#0] DEBUG block.SCMBlockDeletingService (SCMBlockDeletingService.java:call(171)) - Added delete block command for datanode c9f1298e-d840-49d8-aac3-de81602aa1d5 in the queue, number of delete block transactions: 3, TxID list: 1,2,3
2019-08-30 23:41:02,461 [SCMBlockDeletingService#0] INFO  block.SCMBlockDeletingService (SCMBlockDeletingService.java:call(182)) - Totally added 3 delete blocks command for 1 datanodes, task elapsed time: 1ms
2019-08-30 23:41:02,475 [pool-7-thread-1] INFO  commands.RetriableDatanodeEventWatcher (RetriableDatanodeEventWatcher.java:onTimeout(47)) - RetriableDatanodeCommand type=deleteBlocksCommand with id=1567208455968 timed out. Retrying.
2019-08-30 23:41:02,491 [pool-7-thread-1] INFO  commands.RetriableDatanodeEventWatcher (RetriableDatanodeEventWatcher.java:onTimeout(47)) - RetriableDatanodeCommand type=deleteBlocksCommand with id=1567208455978 timed out. Retrying.
2019-08-30 23:41:02,508 [pool-7-thread-1] INFO  commands.RetriableDatanodeEventWatcher (RetriableDatanodeEventWatcher.java:onTimeout(47)) - RetriableDatanodeCommand type=deleteBlocksCommand with id=1567208455988 timed out. Retrying.
2019-08-30 23:41:02,518 [pool-7-thread-1] INFO  commands.RetriableDatanodeEventWatcher (RetriableDatanodeEventWatcher.java:onTimeout(47)) - RetriableDatanodeCommand type=deleteBlocksCommand with id=1567208455998 timed out. Retrying.
2019-08-30 23:41:02,534 [pool-7-thread-1] INFO  commands.RetriableDatanodeEventWatcher (RetriableDatanodeEventWatcher.java:onTimeout(47)) - RetriableDatanodeCommand type=deleteBlocksCommand with id=1567208456008 timed out. Retrying.
2019-08-30 23:41:02,546 [pool-7-thread-1] INFO  commands.RetriableDatanodeEventWatcher (RetriableDatanodeEventWatcher.java:onTimeout(47)) - RetriableDatanodeCommand type=deleteBlocksCommand with id=1567208456018 timed out. Retrying.
2019-08-30 23:41:02,561 [SCMBlockDeletingService#0] DEBUG block.SCMBlockDeletingService (SCMBlockDeletingService.java:call(138)) - Running DeletedBlockTransactionScanner
2019-08-30 23:41:02,562 [SCMBlockDeletingService#0] DEBUG block.SCMBlockDeletingService (SCMBlockDeletingService.java:call(155)) - Scanned deleted blocks log and got 3 delTX to process.
2019-08-30 23:41:02,562 [SCMBlockDeletingService#0] DEBUG block.SCMBlockDeletingService (SCMBlockDeletingService.java:call(171)) - Added delete block command for datanode c9f1298e-d840-49d8-aac3-de81602aa1d5 in the queue, number of delete block transactions: 3, TxID list: 1,2,3
2019-08-30 23:41:02,562 [SCMBlockDeletingService#0] INFO  block.SCMBlockDeletingService (SCMBlockDeletingService.java:call(182)) - Totally added 3 delete blocks command for 1 datanodes, task elapsed time: 1ms
2019-08-30 23:41:02,578 [pool-7-thread-1] INFO  commands.RetriableDatanodeEventWatcher (RetriableDatanodeEventWatcher.java:onTimeout(47)) - RetriableDatanodeCommand type=deleteBlocksCommand with id=1567208455969 timed out. Retrying.
2019-08-30 23:41:02,592 [pool-7-thread-1] INFO  commands.RetriableDatanodeEventWatcher (RetriableDatanodeEventWatcher.java:onTimeout(47)) - RetriableDatanodeCommand type=deleteBlocksCommand with id=1567208455979 timed out. Retrying.
2019-08-30 23:41:02,609 [pool-7-thread-1] INFO  commands.RetriableDatanodeEventWatcher (RetriableDatanodeEventWatcher.java:onTimeout(47)) - RetriableDatanodeCommand type=deleteBlocksCommand with id=1567208455989 timed out. Retrying.
2019-08-30 23:41:02,621 [pool-7-thread-1] INFO  commands.RetriableDatanodeEventWatcher (RetriableDatanodeEventWatcher.java:onTimeout(47)) - RetriableDatanodeCommand type=deleteBlocksCommand with id=1567208455999 timed out. Retrying.
2019-08-30 23:41:02,634 [pool-7-thread-1] INFO  commands.RetriableDatanodeEventWatcher (RetriableDatanodeEventWatcher.java:onTimeout(47)) - RetriableDatanodeCommand type=deleteBlocksCommand with id=1567208456009 timed out. Retrying.
2019-08-30 23:41:02,649 [pool-7-thread-1] INFO  commands.RetriableDatanodeEventWatcher (RetriableDatanodeEventWatcher.java:onTimeout(47)) - RetriableDatanodeCommand type=deleteBlocksCommand with id=1567208456019 timed out. Retrying.
2019-08-30 23:41:02,663 [SCMBlockDeletingService#0] DEBUG block.SCMBlockDeletingService (SCMBlockDeletingService.java:call(138)) - Running DeletedBlockTransactionScanner
2019-08-30 23:41:02,663 [SCMBlockDeletingService#0] DEBUG block.SCMBlockDeletingService (SCMBlockDeletingService.java:call(155)) - Scanned deleted blocks log and got 3 delTX to process.
2019-08-30 23:41:02,664 [SCMBlockDeletingService#0] DEBUG block.SCMBlockDeletingService (SCMBlockDeletingService.java:call(171)) - Added delete block command for datanode c9f1298e-d840-49d8-aac3-de81602aa1d5 in the queue, number of delete block transactions: 3, TxID list: 1,2,3
2019-08-30 23:41:02,664 [SCMBlockDeletingService#0] INFO  block.SCMBlockDeletingService (SCMBlockDeletingService.java:call(182)) - Totally added 3 delete blocks command for 1 datanodes, task elapsed time: 1ms
2019-08-30 23:41:02,680 [pool-7-thread-1] INFO  commands.RetriableDatanodeEventWatcher (RetriableDatanodeEventWatcher.java:onTimeout(47)) - RetriableDatanodeCommand type=deleteBlocksCommand with id=1567208455970 timed out. Retrying.
2019-08-30 23:41:02,692 [pool-7-thread-1] INFO  commands.RetriableDatanodeEventWatcher (RetriableDatanodeEventWatcher.java:onTimeout(47)) - RetriableDatanodeCommand type=deleteBlocksCommand with id=1567208455980 timed out. Retrying.
2019-08-30 23:41:02,721 [pool-7-thread-1] INFO  commands.RetriableDatanodeEventWatcher (RetriableDatanodeEventWatcher.java:onTimeout(47)) - RetriableDatanodeCommand type=deleteBlocksCommand with id=1567208455990 timed out. Retrying.
2019-08-30 23:41:02,723 [pool-7-thread-1] INFO  commands.RetriableDatanodeEventWatcher (RetriableDatanodeEventWatcher.java:onTimeout(47)) - RetriableDatanodeCommand type=deleteBlocksCommand with id=1567208456000 timed out. Retrying.
2019-08-30 23:41:02,735 [pool-7-thread-1] INFO  commands.RetriableDatanodeEventWatcher (RetriableDatanodeEventWatcher.java:onTimeout(47)) - RetriableDatanodeCommand type=deleteBlocksCommand with id=1567208456010 timed out. Retrying.
2019-08-30 23:41:02,750 [pool-7-thread-1] INFO  commands.RetriableDatanodeEventWatcher (RetriableDatanodeEventWatcher.java:onTimeout(47)) - RetriableDatanodeCommand type=deleteBlocksCommand with id=1567208456020 timed out. Retrying.
2019-08-30 23:41:02,764 [SCMBlockDeletingService#0] DEBUG block.SCMBlockDeletingService (SCMBlockDeletingService.java:call(138)) - Running DeletedBlockTransactionScanner
2019-08-30 23:41:02,765 [SCMBlockDeletingService#0] DEBUG block.SCMBlockDeletingService (SCMBlockDeletingService.java:call(155)) - Scanned deleted blocks log and got 3 delTX to process.
2019-08-30 23:41:02,765 [SCMBlockDeletingService#0] DEBUG block.SCMBlockDeletingService (SCMBlockDeletingService.java:call(171)) - Added delete block command for datanode c9f1298e-d840-49d8-aac3-de81602aa1d5 in the queue, number of delete block transactions: 3, TxID list: 1,2,3
2019-08-30 23:41:02,765 [SCMBlockDeletingService#0] INFO  block.SCMBlockDeletingService (SCMBlockDeletingService.java:call(182)) - Totally added 3 delete blocks command for 1 datanodes, task elapsed time: 1ms
2019-08-30 23:41:02,773 [main] INFO  ozone.MiniOzoneClusterImpl (MiniOzoneClusterImpl.java:lambda$waitForClusterToBeReady$0(140)) - Waiting for cluster to be ready. Got 0 of 1 DN Heartbeats.
2019-08-30 23:41:02,781 [pool-7-thread-1] INFO  commands.RetriableDatanodeEventWatcher (RetriableDatanodeEventWatcher.java:onTimeout(47)) - RetriableDatanodeCommand type=deleteBlocksCommand with id=1567208455971 timed out. Retrying.
2019-08-30 23:41:02,796 [pool-7-thread-1] INFO  commands.RetriableDatanodeEventWatcher (RetriableDatanodeEventWatcher.java:onTimeout(47)) - RetriableDatanodeCommand type=deleteBlocksCommand with id=1567208455981 timed out. Retrying.
2019-08-30 23:41:02,808 [pool-7-thread-1] INFO  commands.RetriableDatanodeEventWatcher (RetriableDatanodeEventWatcher.java:onTimeout(47)) - RetriableDatanodeCommand type=deleteBlocksCommand with id=1567208455991 timed out. Retrying.
2019-08-30 23:41:02,824 [pool-7-thread-1] INFO  commands.RetriableDatanodeEventWatcher (RetriableDatanodeEventWatcher.java:onTimeout(47)) - RetriableDatanodeCommand type=deleteBlocksCommand with id=1567208456001 timed out. Retrying.
2019-08-30 23:41:02,838 [pool-7-thread-1] INFO  commands.RetriableDatanodeEventWatcher (RetriableDatanodeEventWatcher.java:onTimeout(47)) - RetriableDatanodeCommand type=deleteBlocksCommand with id=1567208456011 timed out. Retrying.
2019-08-30 23:41:02,852 [pool-7-thread-1] INFO  commands.RetriableDatanodeEventWatcher (RetriableDatanodeEventWatcher.java:onTimeout(47)) - RetriableDatanodeCommand type=deleteBlocksCommand with id=1567208456021 timed out. Retrying.
2019-08-30 23:41:02,866 [SCMBlockDeletingService#0] DEBUG block.SCMBlockDeletingService (SCMBlockDeletingService.java:call(138)) - Running DeletedBlockTransactionScanner
2019-08-30 23:41:02,866 [SCMBlockDeletingService#0] DEBUG block.SCMBlockDeletingService (SCMBlockDeletingService.java:call(155)) - Scanned deleted blocks log and got 3 delTX to process.
2019-08-30 23:41:02,867 [SCMBlockDeletingService#0] DEBUG block.SCMBlockDeletingService (SCMBlockDeletingService.java:call(171)) - Added delete block command for datanode c9f1298e-d840-49d8-aac3-de81602aa1d5 in the queue, number of delete block transactions: 3, TxID list: 1,2,3
2019-08-30 23:41:02,867 [SCMBlockDeletingService#0] INFO  block.SCMBlockDeletingService (SCMBlockDeletingService.java:call(182)) - Totally added 3 delete blocks command for 1 datanodes, task elapsed time: 1ms
2019-08-30 23:41:02,881 [pool-7-thread-1] INFO  commands.RetriableDatanodeEventWatcher (RetriableDatanodeEventWatcher.java:onTimeout(47)) - RetriableDatanodeCommand type=deleteBlocksCommand with id=1567208455972 timed out. Retrying.
2019-08-30 23:41:02,899 [pool-7-thread-1] INFO  commands.RetriableDatanodeEventWatcher (RetriableDatanodeEventWatcher.java:onTimeout(47)) - RetriableDatanodeCommand type=deleteBlocksCommand with id=1567208455982 timed out. Retrying.
2019-08-30 23:41:02,914 [pool-7-thread-1] INFO  commands.RetriableDatanodeEventWatcher (RetriableDatanodeEventWatcher.java:onTimeout(47)) - RetriableDatanodeCommand type=deleteBlocksCommand with id=1567208455992 timed out. Retrying.
2019-08-30 23:41:02,925 [pool-7-thread-1] INFO  commands.RetriableDatanodeEventWatcher (RetriableDatanodeEventWatcher.java:onTimeout(47)) - RetriableDatanodeCommand type=deleteBlocksCommand with id=1567208456002 timed out. Retrying.
2019-08-30 23:41:02,938 [pool-7-thread-1] INFO  commands.RetriableDatanodeEventWatcher (RetriableDatanodeEventWatcher.java:onTimeout(47)) - RetriableDatanodeCommand type=deleteBlocksCommand with id=1567208456012 timed out. Retrying.
2019-08-30 23:41:02,953 [pool-7-thread-1] INFO  commands.RetriableDatanodeEventWatcher (RetriableDatanodeEventWatcher.java:onTimeout(47)) - RetriableDatanodeCommand type=deleteBlocksCommand with id=1567208456022 timed out. Retrying.
2019-08-30 23:41:02,967 [SCMBlockDeletingService#0] DEBUG block.SCMBlockDeletingService (SCMBlockDeletingService.java:call(138)) - Running DeletedBlockTransactionScanner
2019-08-30 23:41:02,968 [SCMBlockDeletingService#0] DEBUG block.SCMBlockDeletingService (SCMBlockDeletingService.java:call(155)) - Scanned deleted blocks log and got 3 delTX to process.
2019-08-30 23:41:02,968 [SCMBlockDeletingService#0] DEBUG block.SCMBlockDeletingService (SCMBlockDeletingService.java:call(171)) - Added delete block command for datanode c9f1298e-d840-49d8-aac3-de81602aa1d5 in the queue, number of delete block transactions: 3, TxID list: 1,2,3
2019-08-30 23:41:02,968 [pool-7-thread-1] INFO  commands.RetriableDatanodeEventWatcher (RetriableDatanodeEventWatcher.java:onTimeout(47)) - RetriableDatanodeCommand type=deleteBlocksCommand with id=1567208455963 timed out. Retrying.
2019-08-30 23:41:02,969 [SCMBlockDeletingService#0] INFO  block.SCMBlockDeletingService (SCMBlockDeletingService.java:call(182)) - Totally added 3 delete blocks command for 1 datanodes, task elapsed time: 1ms
2019-08-30 23:41:02,984 [pool-7-thread-1] INFO  commands.RetriableDatanodeEventWatcher (RetriableDatanodeEventWatcher.java:onTimeout(47)) - RetriableDatanodeCommand type=deleteBlocksCommand with id=1567208455973 timed out. Retrying.
2019-08-30 23:41:03,000 [pool-7-thread-1] INFO  commands.RetriableDatanodeEventWatcher (RetriableDatanodeEventWatcher.java:onTimeout(47)) - RetriableDatanodeCommand type=deleteBlocksCommand with id=1567208455983 timed out. Retrying.
2019-08-30 23:41:03,012 [pool-7-thread-1] INFO  commands.RetriableDatanodeEventWatcher (RetriableDatanodeEventWatcher.java:onTimeout(47)) - RetriableDatanodeCommand type=deleteBlocksCommand with id=1567208455993 timed out. Retrying.
2019-08-30 23:41:03,029 [pool-7-thread-1] INFO  commands.RetriableDatanodeEventWatcher (RetriableDatanodeEventWatcher.java:onTimeout(47)) - RetriableDatanodeCommand type=deleteBlocksCommand with id=1567208456003 timed out. Retrying.
2019-08-30 23:41:03,041 [pool-7-thread-1] INFO  commands.RetriableDatanodeEventWatcher (RetriableDatanodeEventWatcher.java:onTimeout(47)) - RetriableDatanodeCommand type=deleteBlocksCommand with id=1567208456013 timed out. Retrying.
2019-08-30 23:41:03,055 [pool-7-thread-1] INFO  commands.RetriableDatanodeEventWatcher (RetriableDatanodeEventWatcher.java:onTimeout(47)) - RetriableDatanodeCommand type=deleteBlocksCommand with id=1567208456023 timed out. Retrying.
2019-08-30 23:41:03,069 [SCMBlockDeletingService#0] DEBUG block.SCMBlockDeletingService (SCMBlockDeletingService.java:call(138)) - Running DeletedBlockTransactionScanner
2019-08-30 23:41:03,070 [SCMBlockDeletingService#0] DEBUG block.SCMBlockDeletingService (RetriableDatanodeEventWatcher.java:onTimeout(47)) - RetriableDatanodeCommand type=deleteBlocksCommand with id=1567208455964 timed out. Retrying.
SCMBlockDeletingService.java:call(155)) - Scanned deleted blocks log and got 3 delTX to process.
2019-08-30 23:41:03,069 [pool-7-thread-1] INFO  commands.RetriableDatanodeEventWatcher (RetriableDatanodeEventWatcher.java:onTimeout(47)) - RetriableDatanodeCommand type=deleteBlocksCommand with id=1567208455964 timed out. Retrying.
2019-08-30 23:41:03,070 [SCMBlockDeletingService#0] DEBUG block.SCMBlockDeletingService (SCMBlockDeletingService.java:call(171)) - Added delete block command for datanode c9f1298e-d840-49d8-aac3-de81602aa1d5 in the queue, number of delete block transactions: 3, TxID list: 1,2,3
2019-08-30 23:41:03,070 [SCMBlockDeletingService#0] INFO  block.SCMBlockDeletingService (SCMBlockDeletingService.java:call(182)) - Totally added 3 delete blocks command for 1 datanodes, task elapsed time: 1ms
2019-08-30 23:41:03,086 [pool-7-thread-1] INFO  commands.RetriableDatanodeEventWatcher (RetriableDatanodeEventWatcher.java:onTimeout(47)) - RetriableDatanodeCommand type=deleteBlocksCommand with id=1567208455974 timed out. Retrying.
2019-08-30 23:41:03,101 [pool-7-thread-1] INFO  commands.RetriableDatanodeEventWatcher (RetriableDatanodeEventWatcher.java:onTimeout(47)) - RetriableDatanodeCommand type=deleteBlocksCommand with id=1567208455984 timed out. Retrying.
2019-08-30 23:41:03,113 [pool-7-thread-1] INFO  commands.RetriableDatanodeEventWatcher (RetriableDatanodeEventWatcher.java:onTimeout(47)) - RetriableDatanodeCommand type=deleteBlocksCommand with id=1567208455994 timed out. Retrying.
2019-08-30 23:41:03,129 [pool-7-thread-1] INFO  commands.RetriableDatanodeEventWatcher (RetriableDatanodeEventWatcher.java:onTimeout(47)) - RetriableDatanodeCommand type=deleteBlocksCommand with id=1567208456004 timed out. Retrying.
2019-08-30 23:41:03,141 [pool-7-thread-1] INFO  commands.RetriableDatanodeEventWatcher (RetriableDatanodeEventWatcher.java:onTimeout(47)) - RetriableDatanodeCommand type=deleteBlocksCommand with id=1567208456014 timed out. Retrying.
2019-08-30 23:41:03,156 [pool-7-thread-1] INFO  commands.RetriableDatanodeEventWatcher (RetriableDatanodeEventWatcher.java:onTimeout(47)) - RetriableDatanodeCommand type=deleteBlocksCommand with id=1567208456024 timed out. Retrying.
2019-08-30 23:41:03,171 [SCMBlockDeletingService#0] DEBUG block.SCMBlockDeletingService (SCMBlockDeletingService.java:call(138)) - Running DeletedBlockTransactionScanner
2019-08-30 23:41:03,171 [SCMBlockDeletingService#0] DEBUG block.SCMBlockDeletingService (SCMBlockDeletingService.java:call(155)) - Scanned deleted blocks log and got 3 delTX to process.
2019-08-30 23:41:03,171 [SCMBlockDeletingService#0] DEBUG block.SCMBlockDeletingService (SCMBlockDeletingService.java:call(171)) - Added delete block command for datanode c9f1298e-d840-49d8-aac3-de81602aa1d5 in the queue, number of delete block transactions: 3, TxID list: 1,2,3
2019-08-30 23:41:03,172 [pool-7-thread-1] INFO  commands.RetriableDatanodeEventWatcher (RetriableDatanodeEventWatcher.java:onTimeout(47)) - RetriableDatanodeCommand type=deleteBlocksCommand with id=1567208455965 timed out. Retrying.
2019-08-30 23:41:03,172 [SCMBlockDeletingService#0] INFO  block.SCMBlockDeletingService (SCMBlockDeletingService.java:call(182)) - Totally added 3 delete blocks command for 1 datanodes, task elapsed time: 1ms
2019-08-30 23:41:03,187 [pool-7-thread-1] INFO  commands.RetriableDatanodeEventWatcher (RetriableDatanodeEventWatcher.java:onTimeout(47)) - RetriableDatanodeCommand type=deleteBlocksCommand with id=1567208455975 timed out. Retrying.
2019-08-30 23:41:03,203 [pool-7-thread-1] INFO  commands.RetriableDatanodeEventWatcher (RetriableDatanodeEventWatcher.java:onTimeout(47)) - RetriableDatanodeCommand type=deleteBlocksCommand with id=1567208455985 timed out. Retrying.
2019-08-30 23:41:03,215 [pool-7-thread-1] INFO  commands.RetriableDatanodeEventWatcher (RetriableDatanodeEventWatcher.java:onTimeout(47)) - RetriableDatanodeCommand type=deleteBlocksCommand with id=1567208455995 timed out. Retrying.
2019-08-30 23:41:03,230 [pool-7-thread-1] INFO  commands.RetriableDatanodeEventWatcher (RetriableDatanodeEventWatcher.java:onTimeout(47)) - RetriableDatanodeCommand type=deleteBlocksCommand with id=1567208456005 timed out. Retrying.
2019-08-30 23:41:03,242 [pool-7-thread-1] INFO  commands.RetriableDatanodeEventWatcher (RetriableDatanodeEventWatcher.java:onTimeout(47)) - RetriableDatanodeCommand type=deleteBlocksCommand with id=1567208456015 timed out. Retrying.
2019-08-30 23:41:03,257 [pool-7-thread-1] INFO  commands.RetriableDatanodeEventWatcher (RetriableDatanodeEventWatcher.java:onTimeout(47)) - RetriableDatanodeCommand type=deleteBlocksCommand with id=1567208456025 timed out. Retrying.
2019-08-30 23:41:03,272 [SCMBlockDeletingService#0] DEBUG block.SCMBlockDeletingService (SCMBlockDeletingService.java:call(138)) - Running DeletedBlockTransactionScanner
2019-08-30 23:41:03,273 [SCMBlockDeletingService#0] DEBUG block.SCMBlockDeletingService (RetriableDatanodeEventWatcher.java:onTimeout(47)) - RetriableDatanodeCommand type=deleteBlocksCommand with id=1567208455966 timed out. Retrying.
SCMBlockDeletingService.java:call(155)) - Scanned deleted blocks log and got 3 delTX to process.
2019-08-30 23:41:03,273 [pool-7-thread-1] INFO  commands.RetriableDatanodeEventWatcher (RetriableDatanodeEventWatcher.java:onTimeout(47)) - RetriableDatanodeCommand type=deleteBlocksCommand with id=1567208455966 timed out. Retrying.
2019-08-30 23:41:03,273 [SCMBlockDeletingService#0] DEBUG block.SCMBlockDeletingService (SCMBlockDeletingService.java:call(171)) - Added delete block command for datanode c9f1298e-d840-49d8-aac3-de81602aa1d5 in the queue, number of delete block transactions: 3, TxID list: 1,2,3
2019-08-30 23:41:03,274 [SCMBlockDeletingService#0] INFO  block.SCMBlockDeletingService (SCMBlockDeletingService.java:call(182)) - Totally added 3 delete blocks command for 1 datanodes, task elapsed time: 1ms
2019-08-30 23:41:03,289 [pool-7-thread-1] INFO  commands.RetriableDatanodeEventWatcher (RetriableDatanodeEventWatcher.java:onTimeout(47)) - RetriableDatanodeCommand type=deleteBlocksCommand with id=1567208455976 timed out. Retrying.
2019-08-30 23:41:03,303 [pool-7-thread-1] INFO  commands.RetriableDatanodeEventWatcher (RetriableDatanodeEventWatcher.java:onTimeout(47)) - RetriableDatanodeCommand type=deleteBlocksCommand with id=1567208455986 timed out. Retrying.
2019-08-30 23:41:03,317 [pool-7-thread-1] INFO  commands.RetriableDatanodeEventWatcher (RetriableDatanodeEventWatcher.java:onTimeout(47)) - RetriableDatanodeCommand type=deleteBlocksCommand with id=1567208455996 timed out. Retrying.
2019-08-30 23:41:03,332 [pool-7-thread-1] INFO  commands.RetriableDatanodeEventWatcher (RetriableDatanodeEventWatcher.java:onTimeout(47)) - RetriableDatanodeCommand type=deleteBlocksCommand with id=1567208456006 timed out. Retrying.
2019-08-30 23:41:03,345 [pool-7-thread-1] INFO  commands.RetriableDatanodeEventWatcher (RetriableDatanodeEventWatcher.java:onTimeout(47)) - RetriableDatanodeCommand type=deleteBlocksCommand with id=1567208456016 timed out. Retrying.
2019-08-30 23:41:03,359 [pool-7-thread-1] INFO  commands.RetriableDatanodeEventWatcher (RetriableDatanodeEventWatcher.java:onTimeout(47)) - RetriableDatanodeCommand type=deleteBlocksCommand with id=1567208456026 timed out. Retrying.
2019-08-30 23:41:03,374 [SCMBlockDeletingService#0] DEBUG block.SCMBlockDeletingService (SCMBlockDeletingService.java:call(138)) - Running DeletedBlockTransactionScanner
2019-08-30 23:41:03,375 [SCMBlockDeletingService#0] DEBUG block.SCMBlockDeletingService (SCMBlockDeletingService.java:call(155)) - Scanned deleted blocks log and got 3 delTX to process.
2019-08-30 23:41:03,375 [SCMBlockDeletingService#0] DEBUG block.SCMBlockDeletingService (SCMBlockDeletingService.java:call(171)) - Added delete block command for datanode c9f1298e-d840-49d8-aac3-de81602aa1d5 in the queue, number of delete block transactions: 3, TxID list: 1,2,3
2019-08-30 23:41:03,375 [SCMBlockDeletingService#0] INFO  block.SCMBlockDeletingService (SCMBlockDeletingService.java:call(182)) - Totally added 3 delete blocks command for 1 datanodes, task elapsed time: 1ms
2019-08-30 23:41:03,376 [pool-7-thread-1] INFO  commands.RetriableDatanodeEventWatcher (RetriableDatanodeEventWatcher.java:onTimeout(47)) - RetriableDatanodeCommand type=deleteBlocksCommand with id=1567208455967 timed out. Retrying.
2019-08-30 23:41:03,389 [pool-7-thread-1] INFO  commands.RetriableDatanodeEventWatcher (RetriableDatanodeEventWatcher.java:onTimeout(47)) - RetriableDatanodeCommand type=deleteBlocksCommand with id=1567208455977 timed out. Retrying.
2019-08-30 23:41:03,404 [pool-7-thread-1] INFO  commands.RetriableDatanodeEventWatcher (RetriableDatanodeEventWatcher.java:onTimeout(47)) - RetriableDatanodeCommand type=deleteBlocksCommand with id=1567208455987 timed out. Retrying.
2019-08-30 23:41:03,418 [pool-7-thread-1] INFO  commands.RetriableDatanodeEventWatcher (RetriableDatanodeEventWatcher.java:onTimeout(47)) - RetriableDatanodeCommand type=deleteBlocksCommand with id=1567208455997 timed out. Retrying.
2019-08-30 23:41:03,433 [pool-7-thread-1] INFO  commands.RetriableDatanodeEventWatcher (RetriableDatanodeEventWatcher.java:onTimeout(47)) - RetriableDatanodeCommand type=deleteBlocksCommand with id=1567208456007 timed out. Retrying.
2019-08-30 23:41:03,445 [pool-7-thread-1] INFO  commands.RetriableDatanodeEventWatcher (RetriableDatanodeEventWatcher.java:onTimeout(47)) - RetriableDatanodeCommand type=deleteBlocksCommand with id=1567208456017 timed out. Retrying.
2019-08-30 23:41:03,460 [pool-7-thread-1] INFO  commands.RetriableDatanodeEventWatcher (RetriableDatanodeEventWatcher.java:onTimeout(47)) - RetriableDatanodeCommand type=deleteBlocksCommand with id=1567208456027 timed out. Retrying.
2019-08-30 23:41:03,475 [pool-7-thread-1] INFO  commands.RetriableDatanodeEventWatcher (RetriableDatanodeEventWatcher.java:onTimeout(47)) - RetriableDatanodeCommand type=deleteBlocksCommand with id=1567208455968 timed out. Retrying.
2019-08-30 23:41:03,476 [SCMBlockDeletingService#0] DEBUG block.SCMBlockDeletingService (SCMBlockDeletingService.java:call(138)) - Running DeletedBlockTransactionScanner
2019-08-30 23:41:03,476 [SCMBlockDeletingService#0] DEBUG block.SCMBlockDeletingService (SCMBlockDeletingService.java:call(155)) - Scanned deleted blocks log and got 3 delTX to process.
2019-08-30 23:41:03,477 [SCMBlockDeletingService#0] DEBUG block.SCMBlockDeletingService (SCMBlockDeletingService.java:call(171)) - Added delete block command for datanode c9f1298e-d840-49d8-aac3-de81602aa1d5 in the queue, number of delete block transactions: 3, TxID list: 1,2,3
2019-08-30 23:41:03,477 [SCMBlockDeletingService#0] INFO  block.SCMBlockDeletingService (SCMBlockDeletingService.java:call(182)) - Totally added 3 delete blocks command for 1 datanodes, task elapsed time: 1ms
2019-08-30 23:41:03,492 [pool-7-thread-1] INFO  commands.RetriableDatanodeEventWatcher (RetriableDatanodeEventWatcher.java:onTimeout(47)) - RetriableDatanodeCommand type=deleteBlocksCommand with id=1567208455978 timed out. Retrying.
2019-08-30 23:41:03,508 [pool-7-thread-1] INFO  commands.RetriableDatanodeEventWatcher (RetriableDatanodeEventWatcher.java:onTimeout(47)) - RetriableDatanodeCommand type=deleteBlocksCommand with id=1567208455988 timed out. Retrying.
2019-08-30 23:41:03,519 [pool-7-thread-1] INFO  commands.RetriableDatanodeEventWatcher (RetriableDatanodeEventWatcher.java:onTimeout(47)) - RetriableDatanodeCommand type=deleteBlocksCommand with id=1567208455998 timed out. Retrying.
2019-08-30 23:41:03,534 [pool-7-thread-1] INFO  commands.RetriableDatanodeEventWatcher (RetriableDatanodeEventWatcher.java:onTimeout(47)) - RetriableDatanodeCommand type=deleteBlocksCommand with id=1567208456008 timed out. Retrying.
2019-08-30 23:41:03,547 [pool-7-thread-1] INFO  commands.RetriableDatanodeEventWatcher (RetriableDatanodeEventWatcher.java:onTimeout(47)) - RetriableDatanodeCommand type=deleteBlocksCommand with id=1567208456018 timed out. Retrying.
2019-08-30 23:41:03,562 [pool-7-thread-1] INFO  commands.RetriableDatanodeEventWatcher (RetriableDatanodeEventWatcher.java:onTimeout(47)) - RetriableDatanodeCommand type=deleteBlocksCommand with id=1567208456028 timed out. Retrying.
2019-08-30 23:41:03,577 [SCMBlockDeletingService#0] DEBUG block.SCMBlockDeletingService (SCMBlockDeletingService.java:call(138)) - Running DeletedBlockTransactionScanner
2019-08-30 23:41:03,578 [SCMBlockDeletingService#0] DEBUG block.SCMBlockDeletingService (SCMBlockDeletingService.java:call(155)) - Scanned deleted blocks log and got 3 delTX to process.
2019-08-30 23:41:03,578 [SCMBlockDeletingService#0] DEBUG block.SCMBlockDeletingService (SCMBlockDeletingService.java:call(171)) - Added delete block command for datanode c9f1298e-d840-49d8-aac3-de81602aa1d5 in the queue, number of delete block transactions: 3, TxID list: 1,2,3
2019-08-30 23:41:03,578 [pool-7-thread-1] INFO  commands.RetriableDatanodeEventWatcher (RetriableDatanodeEventWatcher.java:onTimeout(47)) - RetriableDatanodeCommand type=deleteBlocksCommand with id=1567208455969 timed out. Retrying.
2019-08-30 23:41:03,579 [SCMBlockDeletingService#0] INFO  block.SCMBlockDeletingService (SCMBlockDeletingService.java:call(182)) - Totally added 3 delete blocks command for 1 datanodes, task elapsed time: 1ms
2019-08-30 23:41:03,593 [pool-7-thread-1] INFO  commands.RetriableDatanodeEventWatcher (RetriableDatanodeEventWatcher.java:onTimeout(47)) - RetriableDatanodeCommand type=deleteBlocksCommand with id=1567208455979 timed out. Retrying.
2019-08-30 23:41:03,609 [pool-7-thread-1] INFO  commands.RetriableDatanodeEventWatcher (RetriableDatanodeEventWatcher.java:onTimeout(47)) - RetriableDatanodeCommand type=deleteBlocksCommand with id=1567208455989 timed out. Retrying.
2019-08-30 23:41:03,622 [pool-7-thread-1] INFO  commands.RetriableDatanodeEventWatcher (RetriableDatanodeEventWatcher.java:onTimeout(47)) - RetriableDatanodeCommand type=deleteBlocksCommand with id=1567208455999 timed out. Retrying.
2019-08-30 23:41:03,634 [pool-7-thread-1] INFO  commands.RetriableDatanodeEventWatcher (RetriableDatanodeEventWatcher.java:onTimeout(47)) - RetriableDatanodeCommand type=deleteBlocksCommand with id=1567208456009 timed out. Retrying.
2019-08-30 23:41:03,649 [pool-7-thread-1] INFO  commands.RetriableDatanodeEventWatcher (RetriableDatanodeEventWatcher.java:onTimeout(47)) - RetriableDatanodeCommand type=deleteBlocksCommand with id=1567208456019 timed out. Retrying.
2019-08-30 23:41:03,664 [pool-7-thread-1] INFO  commands.RetriableDatanodeEventWatcher (RetriableDatanodeEventWatcher.java:onTimeout(47)) - RetriableDatanodeCommand type=deleteBlocksCommand with id=1567208456029 timed out. Retrying.
2019-08-30 23:41:03,679 [SCMBlockDeletingService#0] DEBUG block.SCMBlockDeletingService (SCMBlockDeletingService.java:call(138)) - Running DeletedBlockTransactionScanner
2019-08-30 23:41:03,679 [SCMBlockDeletingService#0] DEBUG block.SCMBlockDeletingService (SCMBlockDeletingService.java:call(155)) - Scanned deleted blocks log and got 3 delTX to process.
2019-08-30 23:41:03,680 [pool-7-thread-1] INFO  commands.RetriableDatanodeEventWatcher (SCMBlockDeletingService.java:call(171)) - Added delete block command for datanode c9f1298e-d840-49d8-aac3-de81602aa1d5 in the queue, number of delete block transactions: 3, TxID list: 1,2,3
2019-08-30 23:41:03,680 [pool-7-thread-1] INFO  commands.RetriableDatanodeEventWatcher (RetriableDatanodeEventWatcher.java:onTimeout(47)) - RetriableDatanodeCommand type=deleteBlocksCommand with id=1567208455970 timed out. Retrying.
2019-08-30 23:41:03,680 [SCMBlockDeletingService#0] INFO  block.SCMBlockDeletingService (SCMBlockDeletingService.java:call(182)) - Totally added 3 delete blocks command for 1 datanodes, task elapsed time: 1ms
2019-08-30 23:41:03,693 [pool-7-thread-1] INFO  commands.RetriableDatanodeEventWatcher (RetriableDatanodeEventWatcher.java:onTimeout(47)) - RetriableDatanodeCommand type=deleteBlocksCommand with id=1567208455980 timed out. Retrying.
2019-08-30 23:41:03,722 [pool-7-thread-1] INFO  commands.RetriableDatanodeEventWatcher (RetriableDatanodeEventWatcher.java:onTimeout(47)) - RetriableDatanodeCommand type=deleteBlocksCommand with id=1567208455990 timed out. Retrying.
2019-08-30 23:41:03,723 [pool-7-thread-1] INFO  commands.RetriableDatanodeEventWatcher (RetriableDatanodeEventWatcher.java:onTimeout(47)) - RetriableDatanodeCommand type=deleteBlocksCommand with id=1567208456000 timed out. Retrying.
2019-08-30 23:41:03,736 [pool-7-thread-1] INFO  commands.RetriableDatanodeEventWatcher (RetriableDatanodeEventWatcher.java:onTimeout(47)) - RetriableDatanodeCommand type=deleteBlocksCommand with id=1567208456010 timed out. Retrying.
2019-08-30 23:41:03,751 [pool-7-thread-1] INFO  commands.RetriableDatanodeEventWatcher (RetriableDatanodeEventWatcher.java:onTimeout(47)) - RetriableDatanodeCommand type=deleteBlocksCommand with id=1567208456020 timed out. Retrying.
2019-08-30 23:41:03,765 [pool-7-thread-1] INFO  commands.RetriableDatanodeEventWatcher (RetriableDatanodeEventWatcher.java:onTimeout(47)) - RetriableDatanodeCommand type=deleteBlocksCommand with id=1567208456030 timed out. Retrying.
2019-08-30 23:41:03,774 [main] INFO  ozone.MiniOzoneClusterImpl (MiniOzoneClusterImpl.java:lambda$waitForClusterToBeReady$0(140)) - Waiting for cluster to be ready. Got 0 of 1 DN Heartbeats.
2019-08-30 23:41:03,777 [Datanode State Machine Thread - 0] INFO  ozoneimpl.OzoneContainer (OzoneContainer.java:start(201)) - Attempting to start container services.
2019-08-30 23:41:03,777 [Datanode State Machine Thread - 0] INFO  ozoneimpl.OzoneContainer (OzoneContainer.java:startContainerScrub(175)) - Background container scrubber has been disabled by hdds.containerscrub.enabled
2019-08-30 23:41:03,777 [Datanode State Machine Thread - 0] INFO  ratis.XceiverServerRatis (XceiverServerRatis.java:start(393)) - Starting XceiverServerRatis c9f1298e-d840-49d8-aac3-de81602aa1d5 at port 34937
2019-08-30 23:41:03,780 [SCMBlockDeletingService#0] DEBUG block.SCMBlockDeletingService (SCMBlockDeletingService.java:call(138)) - Running DeletedBlockTransactionScanner
2019-08-30 23:41:03,781 [SCMBlockDeletingService#0] DEBUG block.SCMBlockDeletingService (SCMBlockDeletingService.java:call(155)) - Scanned deleted blocks log and got 3 delTX to process.
2019-08-30 23:41:03,781 [SCMBlockDeletingService#0] DEBUG block.SCMBlockDeletingService (SCMBlockDeletingService.java:call(171)) - Added delete block command for datanode c9f1298e-d840-49d8-aac3-de81602aa1d5 in the queue, number of delete block transactions: 3, TxID list: 1,2,3
2019-08-30 23:41:03,782 [pool-7-thread-1] INFO  commands.RetriableDatanodeEventWatcher (RetriableDatanodeEventWatcher.java:onTimeout(47)) - RetriableDatanodeCommand type=deleteBlocksCommand with id=1567208455971 timed out. Retrying.
2019-08-30 23:41:03,782 [SCMBlockDeletingService#0] INFO  block.SCMBlockDeletingService (SCMBlockDeletingService.java:call(182)) - Totally added 3 delete blocks command for 1 datanodes, task elapsed time: 1ms
2019-08-30 23:41:03,787 [Datanode State Machine Thread - 0] INFO  impl.RaftServerImpl (RaftServerImpl.java:start(180)) - c9f1298e-d840-49d8-aac3-de81602aa1d5: start group-E9810A644481
2019-08-30 23:41:03,788 [Datanode State Machine Thread - 0] INFO  impl.RaftServerImpl (RaftServerImpl.java:setRole(171)) - c9f1298e-d840-49d8-aac3-de81602aa1d5:group-E9810A644481 changes role from null to FOLLOWER at term 1 for startAsFollower
2019-08-30 23:41:03,788 [Datanode State Machine Thread - 0] INFO  impl.RoleInfo (RoleInfo.java:updateAndGet(143)) - c9f1298e-d840-49d8-aac3-de81602aa1d5: start FollowerState
2019-08-30 23:41:03,789 [Datanode State Machine Thread - 0] INFO  util.JmxRegister (JmxRegister.java:tryRegister(44)) - Successfully registered JMX Bean with object name Ratis:service=RaftServer,group=group-E9810A644481,id=c9f1298e-d840-49d8-aac3-de81602aa1d5
2019-08-30 23:41:03,790 [Datanode State Machine Thread - 0] INFO  impl.RaftServerProxy (RaftServerProxy.java:lambda$start$3(299)) - c9f1298e-d840-49d8-aac3-de81602aa1d5: start RPC server
2019-08-30 23:41:03,793 [Datanode State Machine Thread - 0] INFO  server.GrpcService (GrpcService.java:startImpl(149)) - c9f1298e-d840-49d8-aac3-de81602aa1d5: GrpcService started, listening on 0.0.0.0/0.0.0.0:34937
2019-08-30 23:41:03,797 [pool-7-thread-1] INFO  commands.RetriableDatanodeEventWatcher (RetriableDatanodeEventWatcher.java:onTimeout(47)) - RetriableDatanodeCommand type=deleteBlocksCommand with id=1567208455981 timed out. Retrying.
2019-08-30 23:41:03,808 [pool-7-thread-1] INFO  commands.RetriableDatanodeEventWatcher (RetriableDatanodeEventWatcher.java:onTimeout(47)) - RetriableDatanodeCommand type=deleteBlocksCommand with id=1567208455991 timed out. Retrying.
2019-08-30 23:41:03,825 [pool-7-thread-1] INFO  commands.RetriableDatanodeEventWatcher (RetriableDatanodeEventWatcher.java:onTimeout(47)) - RetriableDatanodeCommand type=deleteBlocksCommand with id=1567208456001 timed out. Retrying.
2019-08-30 23:41:03,839 [pool-7-thread-1] INFO  commands.RetriableDatanodeEventWatcher (RetriableDatanodeEventWatcher.java:onTimeout(47)) - RetriableDatanodeCommand type=deleteBlocksCommand with id=1567208456011 timed out. Retrying.
2019-08-30 23:41:03,852 [pool-7-thread-1] INFO  commands.RetriableDatanodeEventWatcher (RetriableDatanodeEventWatcher.java:onTimeout(47)) - RetriableDatanodeCommand type=deleteBlocksCommand with id=1567208456021 timed out. Retrying.
2019-08-30 23:41:03,866 [pool-7-thread-1] INFO  commands.RetriableDatanodeEventWatcher (RetriableDatanodeEventWatcher.java:onTimeout(47)) - RetriableDatanodeCommand type=deleteBlocksCommand with id=1567208456031 timed out. Retrying.
2019-08-30 23:41:03,882 [pool-7-thread-1] INFO  commands.RetriableDatanodeEventWatcher (RetriableDatanodeEventWatcher.java:onTimeout(47)) - RetriableDatanodeCommand type=deleteBlocksCommand with id=1567208455972 timed out. Retrying.
2019-08-30 23:41:03,883 [SCMBlockDeletingService#0] DEBUG block.SCMBlockDeletingService (SCMBlockDeletingService.java:call(138)) - Running DeletedBlockTransactionScanner
2019-08-30 23:41:03,883 [SCMBlockDeletingService#0] DEBUG block.SCMBlockDeletingService (SCMBlockDeletingService.java:call(155)) - Scanned deleted blocks log and got 3 delTX to process.
2019-08-30 23:41:03,883 [SCMBlockDeletingService#0] DEBUG block.SCMBlockDeletingService (SCMBlockDeletingService.java:call(171)) - Added delete block command for datanode c9f1298e-d840-49d8-aac3-de81602aa1d5 in the queue, number of delete block transactions: 3, TxID list: 1,2,3
2019-08-30 23:41:03,884 [SCMBlockDeletingService#0] INFO  block.SCMBlockDeletingService (SCMBlockDeletingService.java:call(182)) - Totally added 3 delete blocks command for 1 datanodes, task elapsed time: 1ms
2019-08-30 23:41:03,899 [pool-7-thread-1] INFO  commands.RetriableDatanodeEventWatcher (RetriableDatanodeEventWatcher.java:onTimeout(47)) - RetriableDatanodeCommand type=deleteBlocksCommand with id=1567208455982 timed out. Retrying.
2019-08-30 23:41:03,915 [pool-7-thread-1] INFO  commands.RetriableDatanodeEventWatcher (RetriableDatanodeEventWatcher.java:onTimeout(47)) - RetriableDatanodeCommand type=deleteBlocksCommand with id=1567208455992 timed out. Retrying.
2019-08-30 23:41:03,926 [pool-7-thread-1] INFO  commands.RetriableDatanodeEventWatcher (RetriableDatanodeEventWatcher.java:onTimeout(47)) - RetriableDatanodeCommand type=deleteBlocksCommand with id=1567208456002 timed out. Retrying.
2019-08-30 23:41:03,938 [pool-7-thread-1] INFO  commands.RetriableDatanodeEventWatcher (RetriableDatanodeEventWatcher.java:onTimeout(47)) - RetriableDatanodeCommand type=deleteBlocksCommand with id=1567208456012 timed out. Retrying.
2019-08-30 23:41:03,954 [pool-7-thread-1] INFO  commands.RetriableDatanodeEventWatcher (RetriableDatanodeEventWatcher.java:onTimeout(47)) - RetriableDatanodeCommand type=deleteBlocksCommand with id=1567208456022 timed out. Retrying.
2019-08-30 23:41:03,968 [pool-7-thread-1] INFO  commands.RetriableDatanodeEventWatcher (RetriableDatanodeEventWatcher.java:onTimeout(47)) - RetriableDatanodeCommand type=deleteBlocksCommand with id=1567208456032 timed out. Retrying.
2019-08-30 23:41:03,969 [pool-7-thread-1] INFO  commands.RetriableDatanodeEventWatcher (RetriableDatanodeEventWatcher.java:onTimeout(47)) - RetriableDatanodeCommand type=deleteBlocksCommand with id=1567208455963 timed out. Retrying.
SCMBlockDeletingService#0] 2019-08-30 23:41:03,984DEBUG  [block.SCMBlockDeletingService (pool-7-thread-1] INFO  commands.RetriableDatanodeEventWatcher (RetriableDatanodeEventWatcher.java:onTimeout(47)) - RetriableDatanodeCommand type=deleteBlocksCommand with id=1567208455973 timed out. Retrying.
SCMBlockDeletingService.java:call(138)) - Running DeletedBlockTransactionScanner
2019-08-30 23:41:03,984 [pool-7-thread-1] INFO  commands.RetriableDatanodeEventWatcher (RetriableDatanodeEventWatcher.java:onTimeout(47)) - RetriableDatanodeCommand type=deleteBlocksCommand with id=1567208455973 timed out. Retrying.
2019-08-30 23:41:03,985 [SCMBlockDeletingService#0] DEBUG block.SCMBlockDeletingService (SCMBlockDeletingService.java:call(155)) - Scanned deleted blocks log and got 3 delTX to process.
2019-08-30 23:41:03,985 [SCMBlockDeletingService#0] DEBUG block.SCMBlockDeletingService (SCMBlockDeletingService.java:call(171)) - Added delete block command for datanode c9f1298e-d840-49d8-aac3-de81602aa1d5 in the queue, number of delete block transactions: 3, TxID list: 1,2,3
2019-08-30 23:41:03,985 [SCMBlockDeletingService#0] INFO  block.SCMBlockDeletingService (SCMBlockDeletingService.java:call(182)) - Totally added 3 delete blocks command for 1 datanodes, task elapsed time: 1ms
2019-08-30 23:41:04,000 [pool-7-thread-1] INFO  commands.RetriableDatanodeEventWatcher (RetriableDatanodeEventWatcher.java:onTimeout(47)) - RetriableDatanodeCommand type=deleteBlocksCommand with id=1567208455983 timed out. Retrying.
2019-08-30 23:41:04,013 [pool-7-thread-1] INFO  commands.RetriableDatanodeEventWatcher (RetriableDatanodeEventWatcher.java:onTimeout(47)) - RetriableDatanodeCommand type=deleteBlocksCommand with id=1567208455993 timed out. Retrying.
2019-08-30 23:41:04,029 [pool-7-thread-1] INFO  commands.RetriableDatanodeEventWatcher (RetriableDatanodeEventWatcher.java:onTimeout(47)) - RetriableDatanodeCommand type=deleteBlocksCommand with id=1567208456003 timed out. Retrying.
2019-08-30 23:41:04,042 [pool-7-thread-1] INFO  commands.RetriableDatanodeEventWatcher (RetriableDatanodeEventWatcher.java:onTimeout(47)) - RetriableDatanodeCommand type=deleteBlocksCommand with id=1567208456013 timed out. Retrying.
2019-08-30 23:41:04,055 [pool-7-thread-1] INFO  commands.RetriableDatanodeEventWatcher (RetriableDatanodeEventWatcher.java:onTimeout(47)) - RetriableDatanodeCommand type=deleteBlocksCommand with id=1567208456023 timed out. Retrying.
2019-08-30 23:41:04,070 [pool-7-thread-1] INFO  commands.RetriableDatanodeEventWatcher (RetriableDatanodeEventWatcher.java:onTimeout(47)) - RetriableDatanodeCommand type=deleteBlocksCommand with id=1567208455964 timed out. Retrying.
2019-08-30 23:41:04,070 [pool-7-thread-2] INFO  commands.RetriableDatanodeEventWatcher (RetriableDatanodeEventWatcher.java:onTimeout(47)) - RetriableDatanodeCommand type=deleteBlocksCommand with id=1567208456033 timed out. Retrying.
2019-08-30 23:41:04,085 [SCMBlockDeletingService#0] DEBUG block.SCMBlockDeletingService (SCMBlockDeletingService.java:call(138)) - Running DeletedBlockTransactionScanner
2019-08-30 23:41:04,086 [SCMBlockDeletingService#0] DEBUG block.SCMBlockDeletingService (SCMBlockDeletingService.java:call(155)) - Scanned deleted blocks log and got 3 delTX to process.
2019-08-30 23:41:04,086 [SCMBlockDeletingService#0] DEBUG block.SCMBlockDeletingService (SCMBlockDeletingService.java:call(171)) - Added delete block command for datanode c9f1298e-d840-49d8-aac3-de81602aa1d5 in the queue, number of delete block transactions: 3, TxID list: 1,2,3
2019-08-30 23:41:04,086 [SCMBlockDeletingService#0] INFO  block.SCMBlockDeletingService (SCMBlockDeletingService.java:call(182)) - Totally added 3 delete blocks command for 1 datanodes, task elapsed time: 1ms
2019-08-30 23:41:04,087 [pool-7-thread-2] INFO  commands.RetriableDatanodeEventWatcher (RetriableDatanodeEventWatcher.java:onTimeout(47)) - RetriableDatanodeCommand type=deleteBlocksCommand with id=1567208455974 timed out. Retrying.
2019-08-30 23:41:04,102 [pool-7-thread-2] INFO  commands.RetriableDatanodeEventWatcher (RetriableDatanodeEventWatcher.java:onTimeout(47)) - RetriableDatanodeCommand type=deleteBlocksCommand with id=1567208455984 timed out. Retrying.
2019-08-30 23:41:04,113 [pool-7-thread-2] INFO  commands.RetriableDatanodeEventWatcher (RetriableDatanodeEventWatcher.java:onTimeout(47)) - RetriableDatanodeCommand type=deleteBlocksCommand with id=1567208455994 timed out. Retrying.
2019-08-30 23:41:04,130 [pool-7-thread-2] INFO  commands.RetriableDatanodeEventWatcher (RetriableDatanodeEventWatcher.java:onTimeout(47)) - RetriableDatanodeCommand type=deleteBlocksCommand with id=1567208456004 timed out. Retrying.
2019-08-30 23:41:04,142 [pool-7-thread-2] INFO  commands.RetriableDatanodeEventWatcher (RetriableDatanodeEventWatcher.java:onTimeout(47)) - RetriableDatanodeCommand type=deleteBlocksCommand with id=1567208456014 timed out. Retrying.
2019-08-30 23:41:04,156 [pool-7-thread-2] INFO  commands.RetriableDatanodeEventWatcher (RetriableDatanodeEventWatcher.java:onTimeout(47)) - RetriableDatanodeCommand type=deleteBlocksCommand with id=1567208456024 timed out. Retrying.
2019-08-30 23:41:04,172 [pool-7-thread-2] INFO  commands.RetriableDatanodeEventWatcher (RetriableDatanodeEventWatcher.java:onTimeout(47)) - RetriableDatanodeCommand type=deleteBlocksCommand with id=1567208455965 timed out. Retrying.
2019-08-30 23:41:04,172 [pool-7-thread-1] INFO  commands.RetriableDatanodeEventWatcher (RetriableDatanodeEventWatcher.java:onTimeout(47)) - RetriableDatanodeCommand type=deleteBlocksCommand with id=1567208456034 timed out. Retrying.
2019-08-30 23:41:04,187 [SCMBlockDeletingService#0] DEBUG block.SCMBlockDeletingService (SCMBlockDeletingService.java:call(138)) - Running DeletedBlockTransactionScanner
2019-08-30 23:41:04,187 [SCMBlockDeletingService#0] DEBUG block.SCMBlockDeletingService (SCMBlockDeletingService.java:call(155)) - Scanned deleted blocks log and got 3 delTX to process.
2019-08-30 23:41:04,188 [SCMBlockDeletingService#0] DEBUG block.SCMBlockDeletingService (SCMBlockDeletingService.java:call(171)) - Added delete block command for datanode c9f1298e-d840-49d8-aac3-de81602aa1d5 in the queue, number of delete block transactions: 3, TxID list: 1,2,3
2019-08-30 23:41:04,188 [pool-7-thread-1] INFO  commands.RetriableDatanodeEventWatcher (RetriableDatanodeEventWatcher.java:onTimeout(47)) - RetriableDatanodeCommand type=deleteBlocksCommand with id=1567208455975 timed out. Retrying.
2019-08-30 23:41:04,188 [SCMBlockDeletingService#0] INFO  block.SCMBlockDeletingService (SCMBlockDeletingService.java:call(182)) - Totally added 3 delete blocks command for 1 datanodes, task elapsed time: 1ms
2019-08-30 23:41:04,204 [pool-7-thread-1] INFO  commands.RetriableDatanodeEventWatcher (RetriableDatanodeEventWatcher.java:onTimeout(47)) - RetriableDatanodeCommand type=deleteBlocksCommand with id=1567208455985 timed out. Retrying.
2019-08-30 23:41:04,215 [pool-7-thread-1] INFO  commands.RetriableDatanodeEventWatcher (RetriableDatanodeEventWatcher.java:onTimeout(47)) - RetriableDatanodeCommand type=deleteBlocksCommand with id=1567208455995 timed out. Retrying.
2019-08-30 23:41:04,231 [pool-7-thread-1] INFO  commands.RetriableDatanodeEventWatcher (RetriableDatanodeEventWatcher.java:onTimeout(47)) - RetriableDatanodeCommand type=deleteBlocksCommand with id=1567208456005 timed out. Retrying.
2019-08-30 23:41:04,242 [pool-7-thread-1] INFO  commands.RetriableDatanodeEventWatcher (RetriableDatanodeEventWatcher.java:onTimeout(47)) - RetriableDatanodeCommand type=deleteBlocksCommand with id=1567208456015 timed out. Retrying.
2019-08-30 23:41:04,258 [pool-7-thread-1] INFO  commands.RetriableDatanodeEventWatcher (RetriableDatanodeEventWatcher.java:onTimeout(47)) - RetriableDatanodeCommand type=deleteBlocksCommand with id=1567208456025 timed out. Retrying.
2019-08-30 23:41:04,274 [pool-7-thread-1] INFO  commands.RetriableDatanodeEventWatcher (RetriableDatanodeEventWatcher.java:onTimeout(47)) - RetriableDatanodeCommand type=deleteBlocksCommand with id=1567208455966 timed out. Retrying.
2019-08-30 23:41:04,275 [pool-7-thread-2] INFO  commands.RetriableDatanodeEventWatcher (RetriableDatanodeEventWatcher.java:onTimeout(47)) - RetriableDatanodeCommand type=deleteBlocksCommand with id=1567208456035 timed out. Retrying.
2019-08-30 23:41:04,288 [SCMBlockDeletingService#0] DEBUG block.SCMBlockDeletingService (SCMBlockDeletingService.java:call(138)) - Running DeletedBlockTransactionScanner
2019-08-30 23:41:04,289 [SCMBlockDeletingService#0] DEBUG block.SCMBlockDeletingService (SCMBlockDeletingService.java:call(155)) - Scanned deleted blocks log and got 3 delTX to process.
2019-08-30 23:41:04,289 [pool-7-thread-2] INFO  commands.RetriableDatanodeEventWatcher (SCMBlockDeletingService.java:call(171)) - Added delete block command for datanode c9f1298e-d840-49d8-aac3-de81602aa1d5 in the queue, number of delete block transactions: 3, TxID list: 1,2,3
2019-08-30 23:41:04,289 [pool-7-thread-2] INFO  commands.RetriableDatanodeEventWatcher (RetriableDatanodeEventWatcher.java:onTimeout(47)) - RetriableDatanodeCommand type=deleteBlocksCommand with id=1567208455976 timed out. Retrying.
2019-08-30 23:41:04,289 [SCMBlockDeletingService#0] INFO  block.SCMBlockDeletingService (SCMBlockDeletingService.java:call(182)) - Totally added 3 delete blocks command for 1 datanodes, task elapsed time: 1ms
2019-08-30 23:41:04,304 [pool-7-thread-2] INFO  commands.RetriableDatanodeEventWatcher (RetriableDatanodeEventWatcher.java:onTimeout(47)) - RetriableDatanodeCommand type=deleteBlocksCommand with id=1567208455986 timed out. Retrying.
2019-08-30 23:41:04,317 [pool-7-thread-2] INFO  commands.RetriableDatanodeEventWatcher (RetriableDatanodeEventWatcher.java:onTimeout(47)) - RetriableDatanodeCommand type=deleteBlocksCommand with id=1567208455996 timed out. Retrying.
2019-08-30 23:41:04,333 [pool-7-thread-2] INFO  commands.RetriableDatanodeEventWatcher (RetriableDatanodeEventWatcher.java:onTimeout(47)) - RetriableDatanodeCommand type=deleteBlocksCommand with id=1567208456006 timed out. Retrying.
2019-08-30 23:41:04,346 [pool-7-thread-2] INFO  commands.RetriableDatanodeEventWatcher (RetriableDatanodeEventWatcher.java:onTimeout(47)) - RetriableDatanodeCommand type=deleteBlocksCommand with id=1567208456016 timed out. Retrying.
2019-08-30 23:41:04,359 [pool-7-thread-2] INFO  commands.RetriableDatanodeEventWatcher (RetriableDatanodeEventWatcher.java:onTimeout(47)) - RetriableDatanodeCommand type=deleteBlocksCommand with id=1567208456026 timed out. Retrying.
2019-08-30 23:41:04,375 [pool-7-thread-2] INFO  commands.RetriableDatanodeEventWatcher (RetriableDatanodeEventWatcher.java:onTimeout(47)) - RetriableDatanodeCommand type=deleteBlocksCommand with id=1567208456036 timed out. Retrying.
2019-08-30 23:41:04,377 [pool-7-thread-2] INFO  commands.RetriableDatanodeEventWatcher (RetriableDatanodeEventWatcher.java:onTimeout(47)) - RetriableDatanodeCommand type=deleteBlocksCommand with id=1567208455967 timed out. Retrying.
2019-08-30 23:41:04,389 [pool-7-thread-2] INFO  commands.RetriableDatanodeEventWatcher (RetriableDatanodeEventWatcher.java:onTimeout(47)) - RetriableDatanodeCommand type=deleteBlocksCommand with id=1567208455977 timed out. Retrying.
2019-08-30 23:41:04,390 [SCMBlockDeletingService#0] DEBUG block.SCMBlockDeletingService (SCMBlockDeletingService.java:call(138)) - Running DeletedBlockTransactionScanner
2019-08-30 23:41:04,390 [SCMBlockDeletingService#0] DEBUG block.SCMBlockDeletingService (SCMBlockDeletingService.java:call(155)) - Scanned deleted blocks log and got 3 delTX to process.
2019-08-30 23:41:04,390 [SCMBlockDeletingService#0] DEBUG block.SCMBlockDeletingService (SCMBlockDeletingService.java:call(171)) - Added delete block command for datanode c9f1298e-d840-49d8-aac3-de81602aa1d5 in the queue, number of delete block transactions: 3, TxID list: 1,2,3
2019-08-30 23:41:04,391 [SCMBlockDeletingService#0] INFO  block.SCMBlockDeletingService (SCMBlockDeletingService.java:call(182)) - Totally added 3 delete blocks command for 1 datanodes, task elapsed time: 1ms
2019-08-30 23:41:04,405 [pool-7-thread-2] INFO  commands.RetriableDatanodeEventWatcher (RetriableDatanodeEventWatcher.java:onTimeout(47)) - RetriableDatanodeCommand type=deleteBlocksCommand with id=1567208455987 timed out. Retrying.
2019-08-30 23:41:04,419 [pool-7-thread-2] INFO  commands.RetriableDatanodeEventWatcher (RetriableDatanodeEventWatcher.java:onTimeout(47)) - RetriableDatanodeCommand type=deleteBlocksCommand with id=1567208455997 timed out. Retrying.
2019-08-30 23:41:04,433 [pool-7-thread-2] INFO  commands.RetriableDatanodeEventWatcher (RetriableDatanodeEventWatcher.java:onTimeout(47)) - RetriableDatanodeCommand type=deleteBlocksCommand with id=1567208456007 timed out. Retrying.
2019-08-30 23:41:04,446 [pool-7-thread-2] INFO  commands.RetriableDatanodeEventWatcher (RetriableDatanodeEventWatcher.java:onTimeout(47)) - RetriableDatanodeCommand type=deleteBlocksCommand with id=1567208456017 timed out. Retrying.
2019-08-30 23:41:04,460 [pool-7-thread-2] INFO  commands.RetriableDatanodeEventWatcher (RetriableDatanodeEventWatcher.java:onTimeout(47)) - RetriableDatanodeCommand type=deleteBlocksCommand with id=1567208456027 timed out. Retrying.
2019-08-30 23:41:04,475 [pool-7-thread-2] INFO  commands.RetriableDatanodeEventWatcher (RetriableDatanodeEventWatcher.java:onTimeout(47)) - RetriableDatanodeCommand type=deleteBlocksCommand with id=1567208455968 timed out. Retrying.
2019-08-30 23:41:04,477 [pool-7-thread-2] INFO  commands.RetriableDatanodeEventWatcher (RetriableDatanodeEventWatcher.java:onTimeout(47)) - RetriableDatanodeCommand type=deleteBlocksCommand with id=1567208456037 timed out. Retrying.
2019-08-30 23:41:04,491 [SCMBlockDeletingService#0] DEBUG block.SCMBlockDeletingService (SCMBlockDeletingService.java:call(138)) - Running DeletedBlockTransactionScanner
2019-08-30 23:41:04,492 [SCMBlockDeletingService#0] DEBUG block.SCMBlockDeletingService (SCMBlockDeletingService.java:call(155)) - Scanned deleted blocks log and got 3 delTX to process.
2019-08-30 23:41:04,492 [SCMBlockDeletingService#0] DEBUG block.SCMBlockDeletingService (SCMBlockDeletingService.java:call(171)) - Added delete block command for datanode c9f1298e-d840-49d8-aac3-de81602aa1d5 in the queue, number of delete block transactions: 3, TxID list: 1,2,3
2019-08-30 23:41:04,492 [SCMBlockDeletingService#0] INFO  block.SCMBlockDeletingService (SCMBlockDeletingService.java:call(182)) - Totally added 3 delete blocks command for 1 datanodes, task elapsed time: 2ms
2019-08-30 23:41:04,493 [pool-7-thread-2] INFO  commands.RetriableDatanodeEventWatcher (RetriableDatanodeEventWatcher.java:onTimeout(47)) - RetriableDatanodeCommand type=deleteBlocksCommand with id=1567208455978 timed out. Retrying.
2019-08-30 23:41:04,508 [pool-7-thread-2] INFO  commands.RetriableDatanodeEventWatcher (RetriableDatanodeEventWatcher.java:onTimeout(47)) - RetriableDatanodeCommand type=deleteBlocksCommand with id=1567208455988 timed out. Retrying.
2019-08-30 23:41:04,520 [pool-7-thread-2] INFO  commands.RetriableDatanodeEventWatcher (RetriableDatanodeEventWatcher.java:onTimeout(47)) - RetriableDatanodeCommand type=deleteBlocksCommand with id=1567208455998 timed out. Retrying.
2019-08-30 23:41:04,534 [pool-7-thread-2] INFO  commands.RetriableDatanodeEventWatcher (RetriableDatanodeEventWatcher.java:onTimeout(47)) - RetriableDatanodeCommand type=deleteBlocksCommand with id=1567208456008 timed out. Retrying.
2019-08-30 23:41:04,548 [pool-7-thread-2] INFO  commands.RetriableDatanodeEventWatcher (RetriableDatanodeEventWatcher.java:onTimeout(47)) - RetriableDatanodeCommand type=deleteBlocksCommand with id=1567208456018 timed out. Retrying.
2019-08-30 23:41:04,563 [pool-7-thread-2] INFO  commands.RetriableDatanodeEventWatcher (RetriableDatanodeEventWatcher.java:onTimeout(47)) - RetriableDatanodeCommand type=deleteBlocksCommand with id=1567208456028 timed out. Retrying.
2019-08-30 23:41:04,578 [pool-7-thread-2] INFO  commands.RetriableDatanodeEventWatcher (RetriableDatanodeEventWatcher.java:onTimeout(47)) - RetriableDatanodeCommand type=deleteBlocksCommand with id=1567208456038 timed out. Retrying.
2019-08-30 23:41:04,578 [pool-7-thread-2] INFO  commands.RetriableDatanodeEventWatcher (RetriableDatanodeEventWatcher.java:onTimeout(47)) - RetriableDatanodeCommand type=deleteBlocksCommand with id=1567208455969 timed out. Retrying.
2019-08-30 23:41:04,593 [SCMBlockDeletingService#0] DEBUG block.SCMBlockDeletingService (SCMBlockDeletingService.java:call(138)) - Running DeletedBlockTransactionScanner
2019-08-30 23:41:04,593 [pool-7-thread-2] INFO  commands.RetriableDatanodeEventWatcher (RetriableDatanodeEventWatcher.java:onTimeout(47)) - RetriableDatanodeCommand type=deleteBlocksCommand with id=1567208455979 timed out. Retrying.
2019-08-30 23:41:04,593 [SCMBlockDeletingService#0] DEBUG block.SCMBlockDeletingService (SCMBlockDeletingService.java:call(155)) - Scanned deleted blocks log and got 3 delTX to process.
2019-08-30 23:41:04,593 [SCMBlockDeletingService#0] DEBUG block.SCMBlockDeletingService (SCMBlockDeletingService.java:call(171)) - Added delete block command for datanode c9f1298e-d840-49d8-aac3-de81602aa1d5 in the queue, number of delete block transactions: 3, TxID list: 1,2,3
2019-08-30 23:41:04,594 [SCMBlockDeletingService#0] INFO  block.SCMBlockDeletingService (SCMBlockDeletingService.java:call(182)) - Totally added 3 delete blocks command for 1 datanodes, task elapsed time: 1ms
2019-08-30 23:41:04,609 [pool-7-thread-2] INFO  commands.RetriableDatanodeEventWatcher (RetriableDatanodeEventWatcher.java:onTimeout(47)) - RetriableDatanodeCommand type=deleteBlocksCommand with id=1567208455989 timed out. Retrying.
2019-08-30 23:41:04,623 [pool-7-thread-2] INFO  commands.RetriableDatanodeEventWatcher (RetriableDatanodeEventWatcher.java:onTimeout(47)) - RetriableDatanodeCommand type=deleteBlocksCommand with id=1567208455999 timed out. Retrying.
2019-08-30 23:41:04,634 [pool-7-thread-2] INFO  commands.RetriableDatanodeEventWatcher (RetriableDatanodeEventWatcher.java:onTimeout(47)) - RetriableDatanodeCommand type=deleteBlocksCommand with id=1567208456009 timed out. Retrying.
2019-08-30 23:41:04,649 [pool-7-thread-2] INFO  commands.RetriableDatanodeEventWatcher (RetriableDatanodeEventWatcher.java:onTimeout(47)) - RetriableDatanodeCommand type=deleteBlocksCommand with id=1567208456019 timed out. Retrying.
2019-08-30 23:41:04,665 [pool-7-thread-2] INFO  commands.RetriableDatanodeEventWatcher (RetriableDatanodeEventWatcher.java:onTimeout(47)) - RetriableDatanodeCommand type=deleteBlocksCommand with id=1567208456029 timed out. Retrying.
2019-08-30 23:41:04,680 [pool-7-thread-2] INFO  commands.RetriableDatanodeEventWatcher (RetriableDatanodeEventWatcher.java:onTimeout(47)) - RetriableDatanodeCommand type=deleteBlocksCommand with id=1567208455970 timed out. Retrying.
2019-08-30 23:41:04,680 [pool-7-thread-1] INFO  commands.RetriableDatanodeEventWatcher (RetriableDatanodeEventWatcher.java:onTimeout(47)) - RetriableDatanodeCommand type=deleteBlocksCommand with id=1567208456039 timed out. Retrying.
2019-08-30 23:41:04,694 [SCMBlockDeletingService#0] DEBUG block.SCMBlockDeletingService (SCMBlockDeletingService.java:call(138)) - Running DeletedBlockTransactionScanner
2019-08-30 23:41:04,694 [pool-7-thread-1] INFO  commands.RetriableDatanodeEventWatcher (RetriableDatanodeEventWatcher.java:onTimeout(47)) - RetriableDatanodeCommand type=deleteBlocksCommand with id=1567208455980 timed out. Retrying.
2019-08-30 23:41:04,695 [SCMBlockDeletingService#0] DEBUG block.SCMBlockDeletingService (SCMBlockDeletingService.java:call(155)) - Scanned deleted blocks log and got 3 delTX to process.
2019-08-30 23:41:04,695 [SCMBlockDeletingService#0] DEBUG block.SCMBlockDeletingService (SCMBlockDeletingService.java:call(171)) - Added delete block command for datanode c9f1298e-d840-49d8-aac3-de81602aa1d5 in the queue, number of delete block transactions: 3, TxID list: 1,2,3
2019-08-30 23:41:04,695 [SCMBlockDeletingService#0] INFO  block.SCMBlockDeletingService (SCMBlockDeletingService.java:call(182)) - Totally added 3 delete blocks command for 1 datanodes, task elapsed time: 2ms
2019-08-30 23:41:04,722 [pool-7-thread-1] INFO  commands.RetriableDatanodeEventWatcher (RetriableDatanodeEventWatcher.java:onTimeout(47)) - RetriableDatanodeCommand type=deleteBlocksCommand with id=1567208455990 timed out. Retrying.
2019-08-30 23:41:04,724 [pool-7-thread-1] INFO  commands.RetriableDatanodeEventWatcher (RetriableDatanodeEventWatcher.java:onTimeout(47)) - RetriableDatanodeCommand type=deleteBlocksCommand with id=1567208456000 timed out. Retrying.
2019-08-30 23:41:04,737 [pool-7-thread-1] INFO  commands.RetriableDatanodeEventWatcher (RetriableDatanodeEventWatcher.java:onTimeout(47)) - RetriableDatanodeCommand type=deleteBlocksCommand with id=1567208456010 timed out. Retrying.
2019-08-30 23:41:04,751 [pool-7-thread-1] INFO  commands.RetriableDatanodeEventWatcher (RetriableDatanodeEventWatcher.java:onTimeout(47)) - RetriableDatanodeCommand type=deleteBlocksCommand with id=1567208456020 timed out. Retrying.
2019-08-30 23:41:04,766 [pool-7-thread-1] INFO  commands.RetriableDatanodeEventWatcher (RetriableDatanodeEventWatcher.java:onTimeout(47)) - RetriableDatanodeCommand type=deleteBlocksCommand with id=1567208456030 timed out. Retrying.
2019-08-30 23:41:04,774 [main] INFO  ozone.MiniOzoneClusterImpl (MiniOzoneClusterImpl.java:lambda$waitForClusterToBeReady$0(140)) - Waiting for cluster to be ready. Got 0 of 1 DN Heartbeats.
2019-08-30 23:41:04,782 [pool-7-thread-1] INFO  commands.RetriableDatanodeEventWatcher (RetriableDatanodeEventWatcher.java:onTimeout(47)) - RetriableDatanodeCommand type=deleteBlocksCommand with id=1567208455971 timed out. Retrying.
2019-08-30 23:41:04,783 [pool-7-thread-2] INFO  commands.RetriableDatanodeEventWatcher (RetriableDatanodeEventWatcher.java:onTimeout(47)) - RetriableDatanodeCommand type=deleteBlocksCommand with id=1567208456040 timed out. Retrying.
2019-08-30 23:41:04,796 [SCMBlockDeletingService#0] DEBUG block.SCMBlockDeletingService (SCMBlockDeletingService.java:call(138)) - Running DeletedBlockTransactionScanner
2019-08-30 23:41:04,796 [SCMBlockDeletingService#0] DEBUG block.SCMBlockDeletingService (SCMBlockDeletingService.java:call(155)) - Scanned deleted blocks log and got 3 delTX to process.
2019-08-30 23:41:04,797 [SCMBlockDeletingService#0] DEBUG block.SCMBlockDeletingService (SCMBlockDeletingService.java:call(171)) - Added delete block command for datanode c9f1298e-d840-49d8-aac3-de81602aa1d5 in the queue, number of delete block transactions: 3, TxID list: 1,2,3
2019-08-30 23:41:04,797 [SCMBlockDeletingService#0] INFO  block.SCMBlockDeletingService (SCMBlockDeletingService.java:call(182)) - Totally added 3 delete blocks command for 1 datanodes, task elapsed time: 1ms
2019-08-30 23:41:04,798 [pool-7-thread-2] INFO  commands.RetriableDatanodeEventWatcher (RetriableDatanodeEventWatcher.java:onTimeout(47)) - RetriableDatanodeCommand type=deleteBlocksCommand with id=1567208455981 timed out. Retrying.
2019-08-30 23:41:04,809 [pool-7-thread-2] INFO  commands.RetriableDatanodeEventWatcher (RetriableDatanodeEventWatcher.java:onTimeout(47)) - RetriableDatanodeCommand type=deleteBlocksCommand with id=1567208455991 timed out. Retrying.
2019-08-30 23:41:04,825 [pool-7-thread-2] INFO  commands.RetriableDatanodeEventWatcher (RetriableDatanodeEventWatcher.java:onTimeout(47)) - RetriableDatanodeCommand type=deleteBlocksCommand with id=1567208456001 timed out. Retrying.
2019-08-30 23:41:04,840 [pool-7-thread-2] INFO  commands.RetriableDatanodeEventWatcher (RetriableDatanodeEventWatcher.java:onTimeout(47)) - RetriableDatanodeCommand type=deleteBlocksCommand with id=1567208456011 timed out. Retrying.
2019-08-30 23:41:04,852 [pool-7-thread-2] INFO  commands.RetriableDatanodeEventWatcher (RetriableDatanodeEventWatcher.java:onTimeout(47)) - RetriableDatanodeCommand type=deleteBlocksCommand with id=1567208456021 timed out. Retrying.
2019-08-30 23:41:04,867 [pool-7-thread-2] INFO  commands.RetriableDatanodeEventWatcher (RetriableDatanodeEventWatcher.java:onTimeout(47)) - RetriableDatanodeCommand type=deleteBlocksCommand with id=1567208456031 timed out. Retrying.
2019-08-30 23:41:04,882 [pool-7-thread-2] INFO  commands.RetriableDatanodeEventWatcher (RetriableDatanodeEventWatcher.java:onTimeout(47)) - RetriableDatanodeCommand type=deleteBlocksCommand with id=1567208455972 timed out. Retrying.
2019-08-30 23:41:04,884 [pool-7-thread-2] INFO  commands.RetriableDatanodeEventWatcher (RetriableDatanodeEventWatcher.java:onTimeout(47)) - RetriableDatanodeCommand type=deleteBlocksCommand with id=1567208456041 timed out. Retrying.
2019-08-30 23:41:04,898 [SCMBlockDeletingService#0] DEBUG block.SCMBlockDeletingService (SCMBlockDeletingService.java:call(138)) - Running DeletedBlockTransactionScanner
2019-08-30 23:41:04,898 [SCMBlockDeletingService#0] DEBUG block.SCMBlockDeletingService (SCMBlockDeletingService.java:call(155)) - Scanned deleted blocks log and got 3 delTX to process.
2019-08-30 23:41:04,898 [SCMBlockDeletingService#0] DEBUG block.SCMBlockDeletingService (SCMBlockDeletingService.java:call(171)) - Added delete block command for datanode c9f1298e-d840-49d8-aac3-de81602aa1d5 in the queue, number of delete block transactions: 3, TxID list: 1,2,3
2019-08-30 23:41:04,899 [pool-7-thread-2] INFO  commands.RetriableDatanodeEventWatcher (RetriableDatanodeEventWatcher.java:onTimeout(47)) - RetriableDatanodeCommand type=deleteBlocksCommand with id=1567208455982 timed out. Retrying.
2019-08-30 23:41:04,899 [SCMBlockDeletingService#0] INFO  block.SCMBlockDeletingService (SCMBlockDeletingService.java:call(182)) - Totally added 3 delete blocks command for 1 datanodes, task elapsed time: 1ms
2019-08-30 23:41:04,916 [pool-7-thread-2] INFO  commands.RetriableDatanodeEventWatcher (RetriableDatanodeEventWatcher.java:onTimeout(47)) - RetriableDatanodeCommand type=deleteBlocksCommand with id=1567208455992 timed out. Retrying.
2019-08-30 23:41:04,926 [pool-7-thread-2] INFO  commands.RetriableDatanodeEventWatcher (RetriableDatanodeEventWatcher.java:onTimeout(47)) - RetriableDatanodeCommand type=deleteBlocksCommand with id=1567208456002 timed out. Retrying.
2019-08-30 23:41:04,939 [pool-7-thread-2] INFO  commands.RetriableDatanodeEventWatcher (RetriableDatanodeEventWatcher.java:onTimeout(47)) - RetriableDatanodeCommand type=deleteBlocksCommand with id=1567208456012 timed out. Retrying.
2019-08-30 23:41:04,954 [pool-7-thread-2] INFO  commands.RetriableDatanodeEventWatcher (RetriableDatanodeEventWatcher.java:onTimeout(47)) - RetriableDatanodeCommand type=deleteBlocksCommand with id=1567208456022 timed out. Retrying.
2019-08-30 23:41:04,969 [pool-7-thread-2] INFO  commands.RetriableDatanodeEventWatcher (RetriableDatanodeEventWatcher.java:onTimeout(47)) - RetriableDatanodeCommand type=deleteBlocksCommand with id=1567208455963 timed out. Retrying.
2019-08-30 23:41:04,970 [pool-7-thread-1] INFO  commands.RetriableDatanodeEventWatcher (RetriableDatanodeEventWatcher.java:onTimeout(47)) - RetriableDatanodeCommand type=deleteBlocksCommand with id=1567208456032 timed out. Retrying.
2019-08-30 23:41:04,985 [pool-7-thread-1] INFO  commands.RetriableDatanodeEventWatcher (RetriableDatanodeEventWatcher.java:onTimeout(47)) - RetriableDatanodeCommand type=deleteBlocksCommand with id=1567208455973 timed out. Retrying.
2019-08-30 23:41:04,986 [pool-7-thread-2] INFO  commands.RetriableDatanodeEventWatcher (RetriableDatanodeEventWatcher.java:onTimeout(47)) - RetriableDatanodeCommand type=deleteBlocksCommand with id=1567208456042 timed out. Retrying.
2019-08-30 23:41:04,999 [SCMBlockDeletingService#0] DEBUG block.SCMBlockDeletingService (SCMBlockDeletingService.java:call(138)) - Running DeletedBlockTransactionScanner
2019-08-30 23:41:05,000 [SCMBlockDeletingService#0] DEBUG block.SCMBlockDeletingService (SCMBlockDeletingService.java:call(155)) - Scanned deleted blocks log and got 3 delTX to process.
2019-08-30 23:41:05,000 [SCMBlockDeletingService#0] DEBUG block.SCMBlockDeletingService (SCMBlockDeletingService.java:call(171)) - Added delete block command for datanode c9f1298e-d840-49d8-aac3-de81602aa1d5 in the queue, number of delete block transactions: 3, TxID list: 1,2,3
2019-08-30 23:41:05,001 [SCMBlockDeletingService#0] INFO  block.SCMBlockDeletingService (SCMBlockDeletingService.java:call(182)) - Totally added 3 delete blocks command for 1 datanodes, task elapsed time: 1ms
2019-08-30 23:41:05,001 [pool-7-thread-2] INFO  commands.RetriableDatanodeEventWatcher (RetriableDatanodeEventWatcher.java:onTimeout(47)) - RetriableDatanodeCommand type=deleteBlocksCommand with id=1567208455983 timed out. Retrying.
2019-08-30 23:41:05,013 [pool-7-thread-2] INFO  commands.RetriableDatanodeEventWatcher (RetriableDatanodeEventWatcher.java:onTimeout(47)) - RetriableDatanodeCommand type=deleteBlocksCommand with id=1567208455993 timed out. Retrying.
2019-08-30 23:41:05,029 [pool-7-thread-2] INFO  commands.RetriableDatanodeEventWatcher (RetriableDatanodeEventWatcher.java:onTimeout(47)) - RetriableDatanodeCommand type=deleteBlocksCommand with id=1567208456003 timed out. Retrying.
2019-08-30 23:41:05,042 [pool-7-thread-2] INFO  commands.RetriableDatanodeEventWatcher (RetriableDatanodeEventWatcher.java:onTimeout(47)) - RetriableDatanodeCommand type=deleteBlocksCommand with id=1567208456013 timed out. Retrying.
2019-08-30 23:41:05,056 [pool-7-thread-2] INFO  commands.RetriableDatanodeEventWatcher (RetriableDatanodeEventWatcher.java:onTimeout(47)) - RetriableDatanodeCommand type=deleteBlocksCommand with id=1567208456023 timed out. Retrying.
2019-08-30 23:41:05,070 [pool-7-thread-2] INFO  commands.RetriableDatanodeEventWatcher (RetriableDatanodeEventWatcher.java:onTimeout(47)) - RetriableDatanodeCommand type=deleteBlocksCommand with id=1567208455964 timed out. Retrying.
2019-08-30 23:41:05,071 [pool-7-thread-1] INFO  commands.RetriableDatanodeEventWatcher (RetriableDatanodeEventWatcher.java:onTimeout(47)) - RetriableDatanodeCommand type=deleteBlocksCommand with id=1567208456033 timed out. Retrying.
2019-08-30 23:41:05,086 [pool-7-thread-1] INFO  commands.RetriableDatanodeEventWatcher (RetriableDatanodeEventWatcher.java:onTimeout(47)) - RetriableDatanodeCommand type=deleteBlocksCommand with id=1567208456043 timed out. Retrying.
2019-08-30 23:41:05,088 [pool-7-thread-1] INFO  commands.RetriableDatanodeEventWatcher (RetriableDatanodeEventWatcher.java:onTimeout(47)) - RetriableDatanodeCommand type=deleteBlocksCommand with id=1567208455974 timed out. Retrying.
2019-08-30 23:41:05,101 [SCMBlockDeletingService#0] DEBUG block.SCMBlockDeletingService (SCMBlockDeletingService.java:call(138)) - Running DeletedBlockTransactionScanner
2019-08-30 23:41:05,101 [SCMBlockDeletingService#0] DEBUG block.SCMBlockDeletingService (SCMBlockDeletingService.java:call(155)) - Scanned deleted blocks log and got 3 delTX to process.
2019-08-30 23:41:05,102 [SCMBlockDeletingService#0] DEBUG block.SCMBlockDeletingService (SCMBlockDeletingService.java:call(171)) - Added delete block command for datanode c9f1298e-d840-49d8-aac3-de81602aa1d5 in the queue, number of delete block transactions: 3, TxID list: 1,2,3
2019-08-30 23:41:05,102 [pool-7-thread-1] INFO  commands.RetriableDatanodeEventWatcher (RetriableDatanodeEventWatcher.java:onTimeout(47)) - RetriableDatanodeCommand type=deleteBlocksCommand with id=1567208455984 timed out. Retrying.
2019-08-30 23:41:05,102 [SCMBlockDeletingService#0] INFO  block.SCMBlockDeletingService (SCMBlockDeletingService.java:call(182)) - Totally added 3 delete blocks command for 1 datanodes, task elapsed time: 1ms
2019-08-30 23:41:05,114 [pool-7-thread-1] INFO  commands.RetriableDatanodeEventWatcher (RetriableDatanodeEventWatcher.java:onTimeout(47)) - RetriableDatanodeCommand type=deleteBlocksCommand with id=1567208455994 timed out. Retrying.
2019-08-30 23:41:05,131 [pool-7-thread-1] INFO  commands.RetriableDatanodeEventWatcher (RetriableDatanodeEventWatcher.java:onTimeout(47)) - RetriableDatanodeCommand type=deleteBlocksCommand with id=1567208456004 timed out. Retrying.
2019-08-30 23:41:05,144 [pool-7-thread-1] INFO  commands.RetriableDatanodeEventWatcher (RetriableDatanodeEventWatcher.java:onTimeout(47)) - RetriableDatanodeCommand type=deleteBlocksCommand with id=1567208456014 timed out. Retrying.
2019-08-30 23:41:05,157 [pool-7-thread-1] INFO  commands.RetriableDatanodeEventWatcher (RetriableDatanodeEventWatcher.java:onTimeout(47)) - RetriableDatanodeCommand type=deleteBlocksCommand with id=1567208456024 timed out. Retrying.
2019-08-30 23:41:05,173 [pool-7-thread-1] INFO  commands.RetriableDatanodeEventWatcher (RetriableDatanodeEventWatcher.java:onTimeout(47)) - RetriableDatanodeCommand type=deleteBlocksCommand with id=1567208455965 timed out. Retrying.
2019-08-30 23:41:05,173 [pool-7-thread-2] INFO  commands.RetriableDatanodeEventWatcher (RetriableDatanodeEventWatcher.java:onTimeout(47)) - RetriableDatanodeCommand type=deleteBlocksCommand with id=1567208456034 timed out. Retrying.
2019-08-30 23:41:05,188 [pool-7-thread-2] INFO  commands.RetriableDatanodeEventWatcher (RetriableDatanodeEventWatcher.java:onTimeout(47)) - RetriableDatanodeCommand type=deleteBlocksCommand with id=1567208455975 timed out. Retrying.
2019-08-30 23:41:05,189 [pool-7-thread-1] INFO  commands.RetriableDatanodeEventWatcher (RetriableDatanodeEventWatcher.java:onTimeout(47)) - RetriableDatanodeCommand type=deleteBlocksCommand with id=1567208456044 timed out. Retrying.
2019-08-30 23:41:05,202 [SCMBlockDeletingService#0] DEBUG block.SCMBlockDeletingService (SCMBlockDeletingService.java:call(138)) - Running DeletedBlockTransactionScanner
2019-08-30 23:41:05,203 [SCMBlockDeletingService#0] DEBUG block.SCMBlockDeletingService (SCMBlockDeletingService.java:call(155)) - Scanned deleted blocks log and got 3 delTX to process.
2019-08-30 23:41:05,203 [SCMBlockDeletingService#0] DEBUG block.SCMBlockDeletingService (SCMBlockDeletingService.java:call(171)) - Added delete block command for datanode c9f1298e-d840-49d8-aac3-de81602aa1d5 in the queue, number of delete block transactions: 3, TxID list: 1,2,3
2019-08-30 23:41:05,203 [SCMBlockDeletingService#0] INFO  block.SCMBlockDeletingService (SCMBlockDeletingService.java:call(182)) - Totally added 3 delete blocks command for 1 datanodes, task elapsed time: 0ms
2019-08-30 23:41:05,205 [pool-7-thread-1] INFO  commands.RetriableDatanodeEventWatcher (RetriableDatanodeEventWatcher.java:onTimeout(47)) - RetriableDatanodeCommand type=deleteBlocksCommand with id=1567208455985 timed out. Retrying.
2019-08-30 23:41:05,215 [pool-7-thread-1] INFO  commands.RetriableDatanodeEventWatcher (RetriableDatanodeEventWatcher.java:onTimeout(47)) - RetriableDatanodeCommand type=deleteBlocksCommand with id=1567208455995 timed out. Retrying.
2019-08-30 23:41:05,232 [pool-7-thread-1] INFO  commands.RetriableDatanodeEventWatcher (RetriableDatanodeEventWatcher.java:onTimeout(47)) - RetriableDatanodeCommand type=deleteBlocksCommand with id=1567208456005 timed out. Retrying.
2019-08-30 23:41:05,243 [pool-7-thread-1] INFO  commands.RetriableDatanodeEventWatcher (RetriableDatanodeEventWatcher.java:onTimeout(47)) - RetriableDatanodeCommand type=deleteBlocksCommand with id=1567208456015 timed out. Retrying.
2019-08-30 23:41:05,259 [pool-7-thread-1] INFO  commands.RetriableDatanodeEventWatcher (RetriableDatanodeEventWatcher.java:onTimeout(47)) - RetriableDatanodeCommand type=deleteBlocksCommand with id=1567208456025 timed out. Retrying.
2019-08-30 23:41:05,275 [pool-7-thread-1] INFO  commands.RetriableDatanodeEventWatcher (RetriableDatanodeEventWatcher.java:onTimeout(47)) - RetriableDatanodeCommand type=deleteBlocksCommand with id=1567208455966 timed out. Retrying.
2019-08-30 23:41:05,275 [pool-7-thread-2] INFO  commands.RetriableDatanodeEventWatcher (RetriableDatanodeEventWatcher.java:onTimeout(47)) - RetriableDatanodeCommand type=deleteBlocksCommand with id=1567208456035 timed out. Retrying.
2019-08-30 23:41:05,289 [pool-7-thread-2] INFO  commands.RetriableDatanodeEventWatcher (RetriableDatanodeEventWatcher.java:onTimeout(47)) - RetriableDatanodeCommand type=deleteBlocksCommand with id=1567208456045 timed out. Retrying.
2019-08-30 23:41:05,290 [pool-7-thread-2] INFO  commands.RetriableDatanodeEventWatcher (RetriableDatanodeEventWatcher.java:onTimeout(47)) - RetriableDatanodeCommand type=deleteBlocksCommand with id=1567208455976 timed out. Retrying.
2019-08-30 23:41:05,304 [pool-7-thread-2] INFO  commands.RetriableDatanodeEventWatcher (SCMBlockDeletingService.java:call(138)) - Running DeletedBlockTransactionScanner
2019-08-30 23:41:05,304 [pool-7-thread-2] INFO  commands.RetriableDatanodeEventWatcher (RetriableDatanodeEventWatcher.java:onTimeout(47)) - RetriableDatanodeCommand type=deleteBlocksCommand with id=1567208455986 timed out. Retrying.
2019-08-30 23:41:05,304 [SCMBlockDeletingService#0] DEBUG block.SCMBlockDeletingService (SCMBlockDeletingService.java:call(155)) - Scanned deleted blocks log and got 3 delTX to process.
2019-08-30 23:41:05,304 [SCMBlockDeletingService#0] DEBUG block.SCMBlockDeletingService (SCMBlockDeletingService.java:call(171)) - Added delete block command for datanode c9f1298e-d840-49d8-aac3-de81602aa1d5 in the queue, number of delete block transactions: 3, TxID list: 1,2,3
2019-08-30 23:41:05,305 [SCMBlockDeletingService#0] INFO  block.SCMBlockDeletingService (SCMBlockDeletingService.java:call(182)) - Totally added 3 delete blocks command for 1 datanodes, task elapsed time: 1ms
2019-08-30 23:41:05,317 [pool-7-thread-2] INFO  commands.RetriableDatanodeEventWatcher (RetriableDatanodeEventWatcher.java:onTimeout(47)) - RetriableDatanodeCommand type=deleteBlocksCommand with id=1567208455996 timed out. Retrying.
2019-08-30 23:41:05,334 [pool-7-thread-2] INFO  commands.RetriableDatanodeEventWatcher (RetriableDatanodeEventWatcher.java:onTimeout(47)) - RetriableDatanodeCommand type=deleteBlocksCommand with id=1567208456006 timed out. Retrying.
2019-08-30 23:41:05,346 [pool-7-thread-2] INFO  commands.RetriableDatanodeEventWatcher (RetriableDatanodeEventWatcher.java:onTimeout(47)) - RetriableDatanodeCommand type=deleteBlocksCommand with id=1567208456016 timed out. Retrying.
2019-08-30 23:41:05,360 [pool-7-thread-2] INFO  commands.RetriableDatanodeEventWatcher (RetriableDatanodeEventWatcher.java:onTimeout(47)) - RetriableDatanodeCommand type=deleteBlocksCommand with id=1567208456026 timed out. Retrying.
2019-08-30 23:41:05,375 [pool-7-thread-2] INFO  commands.RetriableDatanodeEventWatcher (RetriableDatanodeEventWatcher.java:onTimeout(47)) - RetriableDatanodeCommand type=deleteBlocksCommand with id=1567208456036 timed out. Retrying.
2019-08-30 23:41:05,378 [pool-7-thread-2] INFO  commands.RetriableDatanodeEventWatcher (RetriableDatanodeEventWatcher.java:onTimeout(47)) - RetriableDatanodeCommand type=deleteBlocksCommand with id=1567208455967 timed out. Retrying.
2019-08-30 23:41:05,389 [pool-7-thread-2] INFO  commands.RetriableDatanodeEventWatcher (RetriableDatanodeEventWatcher.java:onTimeout(47)) - RetriableDatanodeCommand type=deleteBlocksCommand with id=1567208455977 timed out. Retrying.
2019-08-30 23:41:05,391 [pool-7-thread-2] INFO  commands.RetriableDatanodeEventWatcher (RetriableDatanodeEventWatcher.java:onTimeout(47)) - RetriableDatanodeCommand type=deleteBlocksCommand with id=1567208456046 timed out. Retrying.
2019-08-30 23:41:05,405 [pool-7-thread-2] INFO  commands.RetriableDatanodeEventWatcher (SCMBlockDeletingService.java:call(138)) - Running DeletedBlockTransactionScanner
2019-08-30 23:41:05,405 [pool-7-thread-2] INFO  commands.RetriableDatanodeEventWatcher (RetriableDatanodeEventWatcher.java:onTimeout(47)) - RetriableDatanodeCommand type=deleteBlocksCommand with id=1567208455987 timed out. Retrying.
2019-08-30 23:41:05,406 [SCMBlockDeletingService#0] DEBUG block.SCMBlockDeletingService (SCMBlockDeletingService.java:call(155)) - Scanned deleted blocks log and got 3 delTX to process.
2019-08-30 23:41:05,406 [SCMBlockDeletingService#0] DEBUG block.SCMBlockDeletingService (SCMBlockDeletingService.java:call(171)) - Added delete block command for datanode c9f1298e-d840-49d8-aac3-de81602aa1d5 in the queue, number of delete block transactions: 3, TxID list: 1,2,3
2019-08-30 23:41:05,406 [SCMBlockDeletingService#0] INFO  block.SCMBlockDeletingService (SCMBlockDeletingService.java:call(182)) - Totally added 3 delete blocks command for 1 datanodes, task elapsed time: 2ms
2019-08-30 23:41:05,420 [pool-7-thread-2] INFO  commands.RetriableDatanodeEventWatcher (RetriableDatanodeEventWatcher.java:onTimeout(47)) - RetriableDatanodeCommand type=deleteBlocksCommand with id=1567208455997 timed out. Retrying.
2019-08-30 23:41:05,433 [pool-7-thread-2] INFO  commands.RetriableDatanodeEventWatcher (RetriableDatanodeEventWatcher.java:onTimeout(47)) - RetriableDatanodeCommand type=deleteBlocksCommand with id=1567208456007 timed out. Retrying.
2019-08-30 23:41:05,446 [pool-7-thread-2] INFO  commands.RetriableDatanodeEventWatcher (RetriableDatanodeEventWatcher.java:onTimeout(47)) - RetriableDatanodeCommand type=deleteBlocksCommand with id=1567208456017 timed out. Retrying.
2019-08-30 23:41:05,461 [pool-7-thread-2] INFO  commands.RetriableDatanodeEventWatcher (RetriableDatanodeEventWatcher.java:onTimeout(47)) - RetriableDatanodeCommand type=deleteBlocksCommand with id=1567208456027 timed out. Retrying.
2019-08-30 23:41:05,475 [pool-7-thread-2] INFO  commands.RetriableDatanodeEventWatcher (RetriableDatanodeEventWatcher.java:onTimeout(47)) - RetriableDatanodeCommand type=deleteBlocksCommand with id=1567208455968 timed out. Retrying.
2019-08-30 23:41:05,478 [pool-7-thread-2] INFO  commands.RetriableDatanodeEventWatcher (RetriableDatanodeEventWatcher.java:onTimeout(47)) - RetriableDatanodeCommand type=deleteBlocksCommand with id=1567208456037 timed out. Retrying.
2019-08-30 23:41:05,492 [pool-7-thread-2] INFO  commands.RetriableDatanodeEventWatcher (RetriableDatanodeEventWatcher.java:onTimeout(47)) - RetriableDatanodeCommand type=deleteBlocksCommand with id=1567208456047 timed out. Retrying.
2019-08-30 23:41:05,494 [pool-7-thread-2] INFO  commands.RetriableDatanodeEventWatcher (RetriableDatanodeEventWatcher.java:onTimeout(47)) - RetriableDatanodeCommand type=deleteBlocksCommand with id=1567208455978 timed out. Retrying.
2019-08-30 23:41:05,507 [SCMBlockDeletingService#0] DEBUG block.SCMBlockDeletingService (SCMBlockDeletingService.java:call(138)) - Running DeletedBlockTransactionScanner
2019-08-30 23:41:05,507 [SCMBlockDeletingService#0] DEBUG block.SCMBlockDeletingService (SCMBlockDeletingService.java:call(155)) - Scanned deleted blocks log and got 3 delTX to process.
2019-08-30 23:41:05,508 [SCMBlockDeletingService#0] DEBUG block.SCMBlockDeletingService (SCMBlockDeletingService.java:call(171)) - Added delete block command for datanode c9f1298e-d840-49d8-aac3-de81602aa1d5 in the queue, number of delete block transactions: 3, TxID list: 1,2,3
2019-08-30 23:41:05,508 [pool-7-thread-2] INFO  commands.RetriableDatanodeEventWatcher (RetriableDatanodeEventWatcher.java:onTimeout(47)) - RetriableDatanodeCommand type=deleteBlocksCommand with id=1567208455988 timed out. Retrying.
2019-08-30 23:41:05,508 [SCMBlockDeletingService#0] INFO  block.SCMBlockDeletingService (SCMBlockDeletingService.java:call(182)) - Totally added 3 delete blocks command for 1 datanodes, task elapsed time: 1ms
2019-08-30 23:41:05,520 [pool-7-thread-2] INFO  commands.RetriableDatanodeEventWatcher (RetriableDatanodeEventWatcher.java:onTimeout(47)) - RetriableDatanodeCommand type=deleteBlocksCommand with id=1567208455998 timed out. Retrying.
2019-08-30 23:41:05,535 [pool-7-thread-2] INFO  commands.RetriableDatanodeEventWatcher (RetriableDatanodeEventWatcher.java:onTimeout(47)) - RetriableDatanodeCommand type=deleteBlocksCommand with id=1567208456008 timed out. Retrying.
2019-08-30 23:41:05,548 [pool-7-thread-2] INFO  commands.RetriableDatanodeEventWatcher (RetriableDatanodeEventWatcher.java:onTimeout(47)) - RetriableDatanodeCommand type=deleteBlocksCommand with id=1567208456018 timed out. Retrying.
2019-08-30 23:41:05,564 [pool-7-thread-2] INFO  commands.RetriableDatanodeEventWatcher (RetriableDatanodeEventWatcher.java:onTimeout(47)) - RetriableDatanodeCommand type=deleteBlocksCommand with id=1567208456028 timed out. Retrying.
2019-08-30 23:41:05,579 [pool-7-thread-2] INFO  commands.RetriableDatanodeEventWatcher (RetriableDatanodeEventWatcher.java:onTimeout(47)) - RetriableDatanodeCommand type=deleteBlocksCommand with id=1567208455969 timed out. Retrying.
2019-08-30 23:41:05,579 [pool-7-thread-1] INFO  commands.RetriableDatanodeEventWatcher (RetriableDatanodeEventWatcher.java:onTimeout(47)) - RetriableDatanodeCommand type=deleteBlocksCommand with id=1567208456038 timed out. Retrying.
2019-08-30 23:41:05,593 [pool-7-thread-1] INFO  commands.RetriableDatanodeEventWatcher (RetriableDatanodeEventWatcher.java:onTimeout(47)) - RetriableDatanodeCommand type=deleteBlocksCommand with id=1567208455979 timed out. Retrying.
2019-08-30 23:41:05,594 [pool-7-thread-1] INFO  commands.RetriableDatanodeEventWatcher (RetriableDatanodeEventWatcher.java:onTimeout(47)) - RetriableDatanodeCommand type=deleteBlocksCommand with id=1567208456048 timed out. Retrying.
2019-08-30 23:41:05,609 [pool-7-thread-1] INFO  SCMBlockDeletingService.java:call(138)) - Running DeletedBlockTransactionScanner
2019-08-30 23:41:05,609 [pool-7-thread-1] INFO  commands.RetriableDatanodeEventWatcher (RetriableDatanodeEventWatcher.java:onTimeout(47)) - RetriableDatanodeCommand type=deleteBlocksCommand with id=1567208455989 timed out. Retrying.
2019-08-30 23:41:05,609 [SCMBlockDeletingService#0] DEBUG block.SCMBlockDeletingService (SCMBlockDeletingService.java:call(155)) - Scanned deleted blocks log and got 3 delTX to process.
2019-08-30 23:41:05,609 [SCMBlockDeletingService#0] DEBUG block.SCMBlockDeletingService (SCMBlockDeletingService.java:call(171)) - Added delete block command for datanode c9f1298e-d840-49d8-aac3-de81602aa1d5 in the queue, number of delete block transactions: 3, TxID list: 1,2,3
2019-08-30 23:41:05,610 [SCMBlockDeletingService#0] INFO  block.SCMBlockDeletingService (SCMBlockDeletingService.java:call(182)) - Totally added 3 delete blocks command for 1 datanodes, task elapsed time: 1ms
2019-08-30 23:41:05,624 [pool-7-thread-1] INFO  commands.RetriableDatanodeEventWatcher (RetriableDatanodeEventWatcher.java:onTimeout(47)) - RetriableDatanodeCommand type=deleteBlocksCommand with id=1567208455999 timed out. Retrying.
2019-08-30 23:41:05,634 [pool-7-thread-1] INFO  commands.RetriableDatanodeEventWatcher (RetriableDatanodeEventWatcher.java:onTimeout(47)) - RetriableDatanodeCommand type=deleteBlocksCommand with id=1567208456009 timed out. Retrying.
2019-08-30 23:41:05,649 [pool-7-thread-1] INFO  commands.RetriableDatanodeEventWatcher (RetriableDatanodeEventWatcher.java:onTimeout(47)) - RetriableDatanodeCommand type=deleteBlocksCommand with id=1567208456019 timed out. Retrying.
2019-08-30 23:41:05,665 [pool-7-thread-1] INFO  commands.RetriableDatanodeEventWatcher (RetriableDatanodeEventWatcher.java:onTimeout(47)) - RetriableDatanodeCommand type=deleteBlocksCommand with id=1567208456029 timed out. Retrying.
2019-08-30 23:41:05,680 [pool-7-thread-1] INFO  commands.RetriableDatanodeEventWatcher (RetriableDatanodeEventWatcher.java:onTimeout(47)) - RetriableDatanodeCommand type=deleteBlocksCommand with id=1567208455970 timed out. Retrying.
2019-08-30 23:41:05,681 [pool-7-thread-2] INFO  commands.RetriableDatanodeEventWatcher (RetriableDatanodeEventWatcher.java:onTimeout(47)) - RetriableDatanodeCommand type=deleteBlocksCommand with id=1567208456039 timed out. Retrying.
2019-08-30 23:41:05,695 [pool-7-thread-2] INFO  commands.RetriableDatanodeEventWatcher (RetriableDatanodeEventWatcher.java:onTimeout(47)) - RetriableDatanodeCommand type=deleteBlocksCommand with id=1567208455980 timed out. Retrying.
2019-08-30 23:41:05,695 [pool-7-thread-1] INFO  commands.RetriableDatanodeEventWatcher (RetriableDatanodeEventWatcher.java:onTimeout(47)) - RetriableDatanodeCommand type=deleteBlocksCommand with id=1567208456049 timed out. Retrying.
2019-08-30 23:41:05,710 [SCMBlockDeletingService#0] DEBUG block.SCMBlockDeletingService (SCMBlockDeletingService.java:call(138)) - Running DeletedBlockTransactionScanner
2019-08-30 23:41:05,711 [SCMBlockDeletingService#0] DEBUG block.SCMBlockDeletingService (SCMBlockDeletingService.java:call(155)) - Scanned deleted blocks log and got 3 delTX to process.
2019-08-30 23:41:05,711 [SCMBlockDeletingService#0] DEBUG block.SCMBlockDeletingService (SCMBlockDeletingService.java:call(171)) - Added delete block command for datanode c9f1298e-d840-49d8-aac3-de81602aa1d5 in the queue, number of delete block transactions: 3, TxID list: 1,2,3
2019-08-30 23:41:05,711 [SCMBlockDeletingService#0] INFO  block.SCMBlockDeletingService (SCMBlockDeletingService.java:call(182)) - Totally added 3 delete blocks command for 1 datanodes, task elapsed time: 1ms
2019-08-30 23:41:05,723 [pool-7-thread-1] INFO  commands.RetriableDatanodeEventWatcher (RetriableDatanodeEventWatcher.java:onTimeout(47)) - RetriableDatanodeCommand type=deleteBlocksCommand with id=1567208455990 timed out. Retrying.
2019-08-30 23:41:05,724 [pool-7-thread-2] INFO  commands.RetriableDatanodeEventWatcher (RetriableDatanodeEventWatcher.java:onTimeout(47)) - RetriableDatanodeCommand type=deleteBlocksCommand with id=1567208456000 timed out. Retrying.
2019-08-30 23:41:05,737 [pool-7-thread-2] INFO  commands.RetriableDatanodeEventWatcher (RetriableDatanodeEventWatcher.java:onTimeout(47)) - RetriableDatanodeCommand type=deleteBlocksCommand with id=1567208456010 timed out. Retrying.
2019-08-30 23:41:05,752 [pool-7-thread-2] INFO  commands.RetriableDatanodeEventWatcher (RetriableDatanodeEventWatcher.java:onTimeout(47)) - RetriableDatanodeCommand type=deleteBlocksCommand with id=1567208456020 timed out. Retrying.
2019-08-30 23:41:05,766 [pool-7-thread-2] INFO  commands.RetriableDatanodeEventWatcher (RetriableDatanodeEventWatcher.java:onTimeout(47)) - RetriableDatanodeCommand type=deleteBlocksCommand with id=1567208456030 timed out. Retrying.
2019-08-30 23:41:05,775 [main] INFO  ozone.MiniOzoneClusterImpl (MiniOzoneClusterImpl.java:lambda$waitForClusterToBeReady$0(140)) - Waiting for cluster to be ready. Got 0 of 1 DN Heartbeats.
2019-08-30 23:41:05,778 [EventQueue-PendingDeleteStatusForPendingDeleteHandler] INFO  block.SCMBlockDeletingService (SCMBlockDeletingService.java:handlePendingDeletes(115)) - Block deletion txnID mismatch in datanode c9f1298e-d840-49d8-aac3-de81602aa1d5 for containerID 1. Datanode delete txnID: 0, SCM txnID: 1
2019-08-30 23:41:05,779 [EventQueue-PendingDeleteStatusForPendingDeleteHandler] INFO  block.SCMBlockDeletingService (SCMBlockDeletingService.java:handlePendingDeletes(115)) - Block deletion txnID mismatch in datanode c9f1298e-d840-49d8-aac3-de81602aa1d5 for containerID 2. Datanode delete txnID: 0, SCM txnID: 2
2019-08-30 23:41:05,779 [EventQueue-PendingDeleteStatusForPendingDeleteHandler] INFO  block.SCMBlockDeletingService (SCMBlockDeletingService.java:handlePendingDeletes(115)) - Block deletion txnID mismatch in datanode c9f1298e-d840-49d8-aac3-de81602aa1d5 for containerID 3. Datanode delete txnID: 0, SCM txnID: 3
2019-08-30 23:41:05,783 [pool-7-thread-2] INFO  commands.RetriableDatanodeEventWatcher (RetriableDatanodeEventWatcher.java:onTimeout(47)) - RetriableDatanodeCommand type=deleteBlocksCommand with id=1567208455971 timed out. Retrying.
2019-08-30 23:41:05,783 [pool-7-thread-1] INFO  commands.RetriableDatanodeEventWatcher (RetriableDatanodeEventWatcher.java:onTimeout(47)) - RetriableDatanodeCommand type=deleteBlocksCommand with id=1567208456040 timed out. Retrying.
2019-08-30 23:41:05,797 [pool-7-thread-1] INFO  commands.RetriableDatanodeEventWatcher (RetriableDatanodeEventWatcher.java:onTimeout(47)) - RetriableDatanodeCommand type=deleteBlocksCommand with id=1567208456050 timed out. Retrying.
2019-08-30 23:41:05,799 [pool-7-thread-1] INFO  commands.RetriableDatanodeEventWatcher (RetriableDatanodeEventWatcher.java:onTimeout(47)) - RetriableDatanodeCommand type=deleteBlocksCommand with id=1567208455981 timed out. Retrying.
2019-08-30 23:41:05,808 [pool-7-thread-1] INFO  commands.RetriableDatanodeEventWatcher (RetriableDatanodeEventWatcher.java:onTimeout(47)) - RetriableDatanodeCommand type=deleteBlocksCommand with id=1567208455991 timed out. Retrying.
2019-08-30 23:41:05,812 [SCMBlockDeletingService#0] DEBUG block.SCMBlockDeletingService (SCMBlockDeletingService.java:call(138)) - Running DeletedBlockTransactionScanner
2019-08-30 23:41:05,812 [SCMBlockDeletingService#0] DEBUG block.SCMBlockDeletingService (SCMBlockDeletingService.java:call(155)) - Scanned deleted blocks log and got 3 delTX to process.
2019-08-30 23:41:05,812 [SCMBlockDeletingService#0] DEBUG block.SCMBlockDeletingService (SCMBlockDeletingService.java:call(171)) - Added delete block command for datanode c9f1298e-d840-49d8-aac3-de81602aa1d5 in the queue, number of delete block transactions: 3, TxID list: 1,2,3
2019-08-30 23:41:05,813 [SCMBlockDeletingService#0] INFO  block.SCMBlockDeletingService (SCMBlockDeletingService.java:call(182)) - Totally added 3 delete blocks command for 1 datanodes, task elapsed time: 1ms
2019-08-30 23:41:05,826 [pool-7-thread-1] INFO  commands.RetriableDatanodeEventWatcher (RetriableDatanodeEventWatcher.java:onTimeout(47)) - RetriableDatanodeCommand type=deleteBlocksCommand with id=1567208456001 timed out. Retrying.
2019-08-30 23:41:05,840 [pool-7-thread-1] INFO  commands.RetriableDatanodeEventWatcher (RetriableDatanodeEventWatcher.java:onTimeout(47)) - RetriableDatanodeCommand type=deleteBlocksCommand with id=1567208456011 timed out. Retrying.
2019-08-30 23:41:05,852 [pool-7-thread-1] INFO  commands.RetriableDatanodeEventWatcher (RetriableDatanodeEventWatcher.java:onTimeout(47)) - RetriableDatanodeCommand type=deleteBlocksCommand with id=1567208456021 timed out. Retrying.
2019-08-30 23:41:05,867 [pool-7-thread-1] INFO  commands.RetriableDatanodeEventWatcher (RetriableDatanodeEventWatcher.java:onTimeout(47)) - RetriableDatanodeCommand type=deleteBlocksCommand with id=1567208456031 timed out. Retrying.
2019-08-30 23:41:05,882 [pool-7-thread-1] INFO  commands.RetriableDatanodeEventWatcher (RetriableDatanodeEventWatcher.java:onTimeout(47)) - RetriableDatanodeCommand type=deleteBlocksCommand with id=1567208455972 timed out. Retrying.
2019-08-30 23:41:05,885 [pool-7-thread-1] INFO  commands.RetriableDatanodeEventWatcher (RetriableDatanodeEventWatcher.java:onTimeout(47)) - RetriableDatanodeCommand type=deleteBlocksCommand with id=1567208456041 timed out. Retrying.
2019-08-30 23:41:05,899 [pool-7-thread-1] INFO  commands.RetriableDatanodeEventWatcher (RetriableDatanodeEventWatcher.java:onTimeout(47)) - RetriableDatanodeCommand type=deleteBlocksCommand with id=1567208455982 timed out. Retrying.
2019-08-30 23:41:05,899 [pool-7-thread-2] INFO  commands.RetriableDatanodeEventWatcher (RetriableDatanodeEventWatcher.java:onTimeout(47)) - RetriableDatanodeCommand type=deleteBlocksCommand with id=1567208456051 timed out. Retrying.
2019-08-30 23:41:05,913 [SCMBlockDeletingService#0] DEBUG block.SCMBlockDeletingService (SCMBlockDeletingService.java:call(138)) - Running DeletedBlockTransactionScanner
2019-08-30 23:41:05,913 [SCMBlockDeletingService#0] DEBUG block.SCMBlockDeletingService (SCMBlockDeletingService.java:call(155)) - Scanned deleted blocks log and got 3 delTX to process.
2019-08-30 23:41:05,914 [SCMBlockDeletingService#0] DEBUG block.SCMBlockDeletingService (SCMBlockDeletingService.java:call(171)) - Added delete block command for datanode c9f1298e-d840-49d8-aac3-de81602aa1d5 in the queue, number of delete block transactions: 3, TxID list: 1,2,3
2019-08-30 23:41:05,914 [SCMBlockDeletingService#0] INFO  block.SCMBlockDeletingService (SCMBlockDeletingService.java:call(182)) - Totally added 3 delete blocks command for 1 datanodes, task elapsed time: 1ms
2019-08-30 23:41:05,917 [pool-7-thread-2] INFO  commands.RetriableDatanodeEventWatcher (RetriableDatanodeEventWatcher.java:onTimeout(47)) - RetriableDatanodeCommand type=deleteBlocksCommand with id=1567208455992 timed out. Retrying.
2019-08-30 23:41:05,926 [pool-7-thread-2] INFO  commands.RetriableDatanodeEventWatcher (RetriableDatanodeEventWatcher.java:onTimeout(47)) - RetriableDatanodeCommand type=deleteBlocksCommand with id=1567208456002 timed out. Retrying.
2019-08-30 23:41:05,940 [pool-7-thread-2] INFO  commands.RetriableDatanodeEventWatcher (RetriableDatanodeEventWatcher.java:onTimeout(47)) - RetriableDatanodeCommand type=deleteBlocksCommand with id=1567208456012 timed out. Retrying.
2019-08-30 23:41:05,954 [pool-7-thread-2] INFO  commands.RetriableDatanodeEventWatcher (RetriableDatanodeEventWatcher.java:onTimeout(47)) - RetriableDatanodeCommand type=deleteBlocksCommand with id=1567208456022 timed out. Retrying.
2019-08-30 23:41:05,970 [pool-7-thread-2] INFO  commands.RetriableDatanodeEventWatcher (RetriableDatanodeEventWatcher.java:onTimeout(47)) - RetriableDatanodeCommand type=deleteBlocksCommand with id=1567208455963 timed out. Retrying.
2019-08-30 23:41:05,970 [pool-7-thread-1] INFO  commands.RetriableDatanodeEventWatcher (RetriableDatanodeEventWatcher.java:onTimeout(47)) - RetriableDatanodeCommand type=deleteBlocksCommand with id=1567208456032 timed out. Retrying.
2019-08-30 23:41:05,985 [pool-7-thread-1] INFO  commands.RetriableDatanodeEventWatcher (RetriableDatanodeEventWatcher.java:onTimeout(47)) - RetriableDatanodeCommand type=deleteBlocksCommand with id=1567208455973 timed out. Retrying.
2019-08-30 23:41:05,986 [pool-7-thread-2] INFO  commands.RetriableDatanodeEventWatcher (RetriableDatanodeEventWatcher.java:onTimeout(47)) - RetriableDatanodeCommand type=deleteBlocksCommand with id=1567208456042 timed out. Retrying.
2019-08-30 23:41:06,000 [pool-7-thread-2] INFO  commands.RetriableDatanodeEventWatcher (RetriableDatanodeEventWatcher.java:onTimeout(47)) - RetriableDatanodeCommand type=deleteBlocksCommand with id=1567208456052 timed out. Retrying.
2019-08-30 23:41:06,002 [pool-7-thread-2] INFO  commands.RetriableDatanodeEventWatcher (RetriableDatanodeEventWatcher.java:onTimeout(47)) - RetriableDatanodeCommand type=deleteBlocksCommand with id=1567208455983 timed out. Retrying.
2019-08-30 23:41:06,013 [pool-7-thread-2] INFO  commands.RetriableDatanodeEventWatcher (RetriableDatanodeEventWatcher.java:onTimeout(47)) - RetriableDatanodeCommand type=deleteBlocksCommand with id=1567208455993 timed out. Retrying.
2019-08-30 23:41:06,014 [SCMBlockDeletingService#0] DEBUG block.SCMBlockDeletingService (SCMBlockDeletingService.java:call(138)) - Running DeletedBlockTransactionScanner
2019-08-30 23:41:06,015 [SCMBlockDeletingService#0] DEBUG block.SCMBlockDeletingService (SCMBlockDeletingService.java:call(155)) - Scanned deleted blocks log and got 3 delTX to process.
2019-08-30 23:41:06,015 [SCMBlockDeletingService#0] DEBUG block.SCMBlockDeletingService (SCMBlockDeletingService.java:call(171)) - Added delete block command for datanode c9f1298e-d840-49d8-aac3-de81602aa1d5 in the queue, number of delete block transactions: 3, TxID list: 1,2,3
2019-08-30 23:41:06,016 [SCMBlockDeletingService#0] INFO  block.SCMBlockDeletingService (SCMBlockDeletingService.java:call(182)) - Totally added 3 delete blocks command for 1 datanodes, task elapsed time: 1ms
2019-08-30 23:41:06,029 [pool-7-thread-2] INFO  commands.RetriableDatanodeEventWatcher (RetriableDatanodeEventWatcher.java:onTimeout(47)) - RetriableDatanodeCommand type=deleteBlocksCommand with id=1567208456003 timed out. Retrying.
2019-08-30 23:41:06,043 [pool-7-thread-2] INFO  commands.RetriableDatanodeEventWatcher (RetriableDatanodeEventWatcher.java:onTimeout(47)) - RetriableDatanodeCommand type=deleteBlocksCommand with id=1567208456013 timed out. Retrying.
2019-08-30 23:41:06,056 [pool-7-thread-2] INFO  commands.RetriableDatanodeEventWatcher (RetriableDatanodeEventWatcher.java:onTimeout(47)) - RetriableDatanodeCommand type=deleteBlocksCommand with id=1567208456023 timed out. Retrying.
2019-08-30 23:41:06,071 [pool-7-thread-2] INFO  commands.RetriableDatanodeEventWatcher (RetriableDatanodeEventWatcher.java:onTimeout(47)) - RetriableDatanodeCommand type=deleteBlocksCommand with id=1567208455964 timed out. Retrying.
2019-08-30 23:41:06,071 [pool-7-thread-1] INFO  commands.RetriableDatanodeEventWatcher (RetriableDatanodeEventWatcher.java:onTimeout(47)) - RetriableDatanodeCommand type=deleteBlocksCommand with id=1567208456033 timed out. Retrying.
2019-08-30 23:41:06,087 [pool-7-thread-1] INFO  commands.RetriableDatanodeEventWatcher (RetriableDatanodeEventWatcher.java:onTimeout(47)) - RetriableDatanodeCommand type=deleteBlocksCommand with id=1567208456043 timed out. Retrying.
2019-08-30 23:41:06,088 [pool-7-thread-1] INFO  commands.RetriableDatanodeEventWatcher (RetriableDatanodeEventWatcher.java:onTimeout(47)) - RetriableDatanodeCommand type=deleteBlocksCommand with id=1567208455974 timed out. Retrying.
2019-08-30 23:41:06,102 [pool-7-thread-1] INFO  commands.RetriableDatanodeEventWatcher (RetriableDatanodeEventWatcher.java:onTimeout(47)) - RetriableDatanodeCommand type=deleteBlocksCommand with id=1567208455984 timed out. Retrying.
2019-08-30 23:41:06,102 [pool-7-thread-2] INFO  commands.RetriableDatanodeEventWatcher (RetriableDatanodeEventWatcher.java:onTimeout(47)) - RetriableDatanodeCommand type=deleteBlocksCommand with id=1567208456053 timed out. Retrying.
2019-08-30 23:41:06,115 [pool-7-thread-2] INFO  commands.RetriableDatanodeEventWatcher (RetriableDatanodeEventWatcher.java:onTimeout(47)) - RetriableDatanodeCommand type=deleteBlocksCommand with id=1567208455994 timed out. Retrying.
2019-08-30 23:41:06,116 [SCMBlockDeletingService#0] DEBUG block.SCMBlockDeletingService (SCMBlockDeletingService.java:call(138)) - Running DeletedBlockTransactionScanner
2019-08-30 23:41:06,116 [SCMBlockDeletingService#0] DEBUG block.SCMBlockDeletingService (SCMBlockDeletingService.java:call(155)) - Scanned deleted blocks log and got 3 delTX to process.
2019-08-30 23:41:06,117 [SCMBlockDeletingService#0] DEBUG block.SCMBlockDeletingService (SCMBlockDeletingService.java:call(171)) - Added delete block command for datanode c9f1298e-d840-49d8-aac3-de81602aa1d5 in the queue, number of delete block transactions: 3, TxID list: 1,2,3
2019-08-30 23:41:06,117 [SCMBlockDeletingService#0] INFO  block.SCMBlockDeletingService (SCMBlockDeletingService.java:call(182)) - Totally added 3 delete blocks command for 1 datanodes, task elapsed time: 1ms
2019-08-30 23:41:06,132 [pool-7-thread-2] INFO  commands.RetriableDatanodeEventWatcher (RetriableDatanodeEventWatcher.java:onTimeout(47)) - RetriableDatanodeCommand type=deleteBlocksCommand with id=1567208456004 timed out. Retrying.
2019-08-30 23:41:06,145 [pool-7-thread-2] INFO  commands.RetriableDatanodeEventWatcher (RetriableDatanodeEventWatcher.java:onTimeout(47)) - RetriableDatanodeCommand type=deleteBlocksCommand with id=1567208456014 timed out. Retrying.
2019-08-30 23:41:06,157 [pool-7-thread-2] INFO  commands.RetriableDatanodeEventWatcher (RetriableDatanodeEventWatcher.java:onTimeout(47)) - RetriableDatanodeCommand type=deleteBlocksCommand with id=1567208456024 timed out. Retrying.
2019-08-30 23:41:06,173 [pool-7-thread-2] INFO  commands.RetriableDatanodeEventWatcher (RetriableDatanodeEventWatcher.java:onTimeout(47)) - RetriableDatanodeCommand type=deleteBlocksCommand with id=1567208455965 timed out. Retrying.
2019-08-30 23:41:06,173 [pool-7-thread-1] INFO  commands.RetriableDatanodeEventWatcher (RetriableDatanodeEventWatcher.java:onTimeout(47)) - RetriableDatanodeCommand type=deleteBlocksCommand with id=1567208456034 timed out. Retrying.
2019-08-30 23:41:06,188 [pool-7-thread-1] INFO  commands.RetriableDatanodeEventWatcher (RetriableDatanodeEventWatcher.java:onTimeout(47)) - RetriableDatanodeCommand type=deleteBlocksCommand with id=1567208455975 timed out. Retrying.
2019-08-30 23:41:06,189 [pool-7-thread-2] INFO  commands.RetriableDatanodeEventWatcher (RetriableDatanodeEventWatcher.java:onTimeout(47)) - RetriableDatanodeCommand type=deleteBlocksCommand with id=1567208456044 timed out. Retrying.
2019-08-30 23:41:06,203 [pool-7-thread-2] INFO  commands.RetriableDatanodeEventWatcher (RetriableDatanodeEventWatcher.java:onTimeout(47)) - RetriableDatanodeCommand type=deleteBlocksCommand with id=1567208456054 timed out. Retrying.
2019-08-30 23:41:06,206 [pool-7-thread-2] INFO  commands.RetriableDatanodeEventWatcher (RetriableDatanodeEventWatcher.java:onTimeout(47)) - RetriableDatanodeCommand type=deleteBlocksCommand with id=1567208455985 timed out. Retrying.
2019-08-30 23:41:06,215 [pool-7-thread-2] INFO  commands.RetriableDatanodeEventWatcher (RetriableDatanodeEventWatcher.java:onTimeout(47)) - RetriableDatanodeCommand type=deleteBlocksCommand with id=1567208455995 timed out. Retrying.
2019-08-30 23:41:06,217 [SCMBlockDeletingService#0] DEBUG block.SCMBlockDeletingService (SCMBlockDeletingService.java:call(138)) - Running DeletedBlockTransactionScanner
2019-08-30 23:41:06,218 [SCMBlockDeletingService#0] DEBUG block.SCMBlockDeletingService (SCMBlockDeletingService.java:call(155)) - Scanned deleted blocks log and got 3 delTX to process.
2019-08-30 23:41:06,218 [SCMBlockDeletingService#0] DEBUG block.SCMBlockDeletingService (SCMBlockDeletingService.java:call(171)) - Added delete block command for datanode c9f1298e-d840-49d8-aac3-de81602aa1d5 in the queue, number of delete block transactions: 3, TxID list: 1,2,3
2019-08-30 23:41:06,218 [SCMBlockDeletingService#0] INFO  block.SCMBlockDeletingService (SCMBlockDeletingService.java:call(182)) - Totally added 3 delete blocks command for 1 datanodes, task elapsed time: 1ms
2019-08-30 23:41:06,232 [pool-7-thread-2] INFO  commands.RetriableDatanodeEventWatcher (RetriableDatanodeEventWatcher.java:onTimeout(47)) - RetriableDatanodeCommand type=deleteBlocksCommand with id=1567208456005 timed out. Retrying.
2019-08-30 23:41:06,243 [pool-7-thread-2] INFO  commands.RetriableDatanodeEventWatcher (RetriableDatanodeEventWatcher.java:onTimeout(47)) - RetriableDatanodeCommand type=deleteBlocksCommand with id=1567208456015 timed out. Retrying.
2019-08-30 23:41:06,259 [pool-7-thread-2] INFO  commands.RetriableDatanodeEventWatcher (RetriableDatanodeEventWatcher.java:onTimeout(47)) - RetriableDatanodeCommand type=deleteBlocksCommand with id=1567208456025 timed out. Retrying.
2019-08-30 23:41:06,275 [pool-7-thread-2] INFO  commands.RetriableDatanodeEventWatcher (RetriableDatanodeEventWatcher.java:onTimeout(47)) - RetriableDatanodeCommand type=deleteBlocksCommand with id=1567208455966 timed out. Retrying.
2019-08-30 23:41:06,275 [pool-7-thread-1] INFO  commands.RetriableDatanodeEventWatcher (RetriableDatanodeEventWatcher.java:onTimeout(47)) - RetriableDatanodeCommand type=deleteBlocksCommand with id=1567208456035 timed out. Retrying.
2019-08-30 23:41:06,289 [pool-7-thread-1] INFO  commands.RetriableDatanodeEventWatcher (RetriableDatanodeEventWatcher.java:onTimeout(47)) - RetriableDatanodeCommand type=deleteBlocksCommand with id=1567208456045 timed out. Retrying.
2019-08-30 23:41:06,291 [pool-7-thread-1] INFO  commands.RetriableDatanodeEventWatcher (RetriableDatanodeEventWatcher.java:onTimeout(47)) - RetriableDatanodeCommand type=deleteBlocksCommand with id=1567208455976 timed out. Retrying.
2019-08-30 23:41:06,304 [pool-7-thread-1] INFO  commands.RetriableDatanodeEventWatcher (RetriableDatanodeEventWatcher.java:onTimeout(47)) - RetriableDatanodeCommand type=deleteBlocksCommand with id=1567208455986 timed out. Retrying.
2019-08-30 23:41:06,305 [pool-7-thread-1] INFO  commands.RetriableDatanodeEventWatcher (RetriableDatanodeEventWatcher.java:onTimeout(47)) - RetriableDatanodeCommand type=deleteBlocksCommand with id=1567208456055 timed out. Retrying.
2019-08-30 23:41:06,317 [pool-7-thread-1] INFO  commands.RetriableDatanodeEventWatcher (RetriableDatanodeEventWatcher.java:onTimeout(47)) - RetriableDatanodeCommand type=deleteBlocksCommand with id=1567208455996 timed out. Retrying.
2019-08-30 23:41:06,319 [SCMBlockDeletingService#0] DEBUG block.SCMBlockDeletingService (SCMBlockDeletingService.java:call(138)) - Running DeletedBlockTransactionScanner
2019-08-30 23:41:06,319 [SCMBlockDeletingService#0] DEBUG block.SCMBlockDeletingService (SCMBlockDeletingService.java:call(155)) - Scanned deleted blocks log and got 3 delTX to process.
2019-08-30 23:41:06,319 [SCMBlockDeletingService#0] DEBUG block.SCMBlockDeletingService (SCMBlockDeletingService.java:call(171)) - Added delete block command for datanode c9f1298e-d840-49d8-aac3-de81602aa1d5 in the queue, number of delete block transactions: 3, TxID list: 1,2,3
2019-08-30 23:41:06,320 [SCMBlockDeletingService#0] INFO  block.SCMBlockDeletingService (SCMBlockDeletingService.java:call(182)) - Totally added 3 delete blocks command for 1 datanodes, task elapsed time: 1ms
2019-08-30 23:41:06,335 [pool-7-thread-1] INFO  commands.RetriableDatanodeEventWatcher (RetriableDatanodeEventWatcher.java:onTimeout(47)) - RetriableDatanodeCommand type=deleteBlocksCommand with id=1567208456006 timed out. Retrying.
2019-08-30 23:41:06,346 [pool-7-thread-1] INFO  commands.RetriableDatanodeEventWatcher (RetriableDatanodeEventWatcher.java:onTimeout(47)) - RetriableDatanodeCommand type=deleteBlocksCommand with id=1567208456016 timed out. Retrying.
2019-08-30 23:41:06,361 [pool-7-thread-1] INFO  commands.RetriableDatanodeEventWatcher (RetriableDatanodeEventWatcher.java:onTimeout(47)) - RetriableDatanodeCommand type=deleteBlocksCommand with id=1567208456026 timed out. Retrying.
2019-08-30 23:41:06,376 [pool-7-thread-1] INFO  commands.RetriableDatanodeEventWatcher (RetriableDatanodeEventWatcher.java:onTimeout(47)) - RetriableDatanodeCommand type=deleteBlocksCommand with id=1567208456036 timed out. Retrying.
2019-08-30 23:41:06,378 [pool-7-thread-1] INFO  commands.RetriableDatanodeEventWatcher (RetriableDatanodeEventWatcher.java:onTimeout(47)) - RetriableDatanodeCommand type=deleteBlocksCommand with id=1567208455967 timed out. Retrying.
2019-08-30 23:41:06,390 [pool-7-thread-1] INFO  commands.RetriableDatanodeEventWatcher (RetriableDatanodeEventWatcher.java:onTimeout(47)) - RetriableDatanodeCommand type=deleteBlocksCommand with id=1567208455977 timed out. Retrying.
2019-08-30 23:41:06,391 [pool-7-thread-1] INFO  commands.RetriableDatanodeEventWatcher (RetriableDatanodeEventWatcher.java:onTimeout(47)) - RetriableDatanodeCommand type=deleteBlocksCommand with id=1567208456046 timed out. Retrying.
2019-08-30 23:41:06,406 [pool-7-thread-1] INFO  commands.RetriableDatanodeEventWatcher (RetriableDatanodeEventWatcher.java:onTimeout(47)) - RetriableDatanodeCommand type=deleteBlocksCommand with id=1567208455987 timed out. Retrying.
2019-08-30 23:41:06,406 [pool-7-thread-2] INFO  commands.RetriableDatanodeEventWatcher (RetriableDatanodeEventWatcher.java:onTimeout(47)) - RetriableDatanodeCommand type=deleteBlocksCommand with id=1567208456056 timed out. Retrying.
2019-08-30 23:41:06,421 [pool-7-thread-2] INFO  commands.RetriableDatanodeEventWatcher (SCMBlockDeletingService.java:call(138)) - Running DeletedBlockTransactionScanner
2019-08-30 23:41:06,421 [pool-7-thread-2] INFO  commands.RetriableDatanodeEventWatcher (RetriableDatanodeEventWatcher.java:onTimeout(47)) - RetriableDatanodeCommand type=deleteBlocksCommand with id=1567208455997 timed out. Retrying.
2019-08-30 23:41:06,421 [SCMBlockDeletingService#0] DEBUG block.SCMBlockDeletingService (SCMBlockDeletingService.java:call(155)) - Scanned deleted blocks log and got 3 delTX to process.
2019-08-30 23:41:06,421 [SCMBlockDeletingService#0] DEBUG block.SCMBlockDeletingService (SCMBlockDeletingService.java:call(171)) - Added delete block command for datanode c9f1298e-d840-49d8-aac3-de81602aa1d5 in the queue, number of delete block transactions: 3, TxID list: 1,2,3
2019-08-30 23:41:06,422 [SCMBlockDeletingService#0] INFO  block.SCMBlockDeletingService (SCMBlockDeletingService.java:call(182)) - Totally added 3 delete blocks command for 1 datanodes, task elapsed time: 1ms
2019-08-30 23:41:06,433 [pool-7-thread-2] INFO  commands.RetriableDatanodeEventWatcher (RetriableDatanodeEventWatcher.java:onTimeout(47)) - RetriableDatanodeCommand type=deleteBlocksCommand with id=1567208456007 timed out. Retrying.
2019-08-30 23:41:06,447 [pool-7-thread-2] INFO  commands.RetriableDatanodeEventWatcher (RetriableDatanodeEventWatcher.java:onTimeout(47)) - RetriableDatanodeCommand type=deleteBlocksCommand with id=1567208456017 timed out. Retrying.
2019-08-30 23:41:06,461 [pool-7-thread-2] INFO  commands.RetriableDatanodeEventWatcher (RetriableDatanodeEventWatcher.java:onTimeout(47)) - RetriableDatanodeCommand type=deleteBlocksCommand with id=1567208456027 timed out. Retrying.
2019-08-30 23:41:06,476 [pool-7-thread-2] INFO  commands.RetriableDatanodeEventWatcher (RetriableDatanodeEventWatcher.java:onTimeout(47)) - RetriableDatanodeCommand type=deleteBlocksCommand with id=1567208455968 timed out. Retrying.
2019-08-30 23:41:06,478 [pool-7-thread-2] INFO  commands.RetriableDatanodeEventWatcher (RetriableDatanodeEventWatcher.java:onTimeout(47)) - RetriableDatanodeCommand type=deleteBlocksCommand with id=1567208456037 timed out. Retrying.
2019-08-30 23:41:06,493 [pool-7-thread-2] INFO  commands.RetriableDatanodeEventWatcher (RetriableDatanodeEventWatcher.java:onTimeout(47)) - RetriableDatanodeCommand type=deleteBlocksCommand with id=1567208456047 timed out. Retrying.
2019-08-30 23:41:06,495 [pool-7-thread-2] INFO  commands.RetriableDatanodeEventWatcher (RetriableDatanodeEventWatcher.java:onTimeout(47)) - RetriableDatanodeCommand type=deleteBlocksCommand with id=1567208455978 timed out. Retrying.
2019-08-30 23:41:06,508 [pool-7-thread-2] INFO  commands.RetriableDatanodeEventWatcher (RetriableDatanodeEventWatcher.java:onTimeout(47)) - RetriableDatanodeCommand type=deleteBlocksCommand with id=1567208455988 timed out. Retrying.
2019-08-30 23:41:06,509 [pool-7-thread-1] INFO  commands.RetriableDatanodeEventWatcher (RetriableDatanodeEventWatcher.java:onTimeout(47)) - RetriableDatanodeCommand type=deleteBlocksCommand with id=1567208456057 timed out. Retrying.
2019-08-30 23:41:06,521 [pool-7-thread-1] INFO  commands.RetriableDatanodeEventWatcher (RetriableDatanodeEventWatcher.java:onTimeout(47)) - RetriableDatanodeCommand type=deleteBlocksCommand with id=1567208455998 timed out. Retrying.
2019-08-30 23:41:06,522 [SCMBlockDeletingService#0] DEBUG block.SCMBlockDeletingService (SCMBlockDeletingService.java:call(138)) - Running DeletedBlockTransactionScanner
2019-08-30 23:41:06,522 [SCMBlockDeletingService#0] DEBUG block.SCMBlockDeletingService (SCMBlockDeletingService.java:call(155)) - Scanned deleted blocks log and got 3 delTX to process.
2019-08-30 23:41:06,523 [SCMBlockDeletingService#0] DEBUG block.SCMBlockDeletingService (SCMBlockDeletingService.java:call(171)) - Added delete block command for datanode c9f1298e-d840-49d8-aac3-de81602aa1d5 in the queue, number of delete block transactions: 3, TxID list: 1,2,3
2019-08-30 23:41:06,523 [SCMBlockDeletingService#0] INFO  block.SCMBlockDeletingService (SCMBlockDeletingService.java:call(182)) - Totally added 3 delete blocks command for 1 datanodes, task elapsed time: 1ms
2019-08-30 23:41:06,535 [pool-7-thread-1] INFO  commands.RetriableDatanodeEventWatcher (RetriableDatanodeEventWatcher.java:onTimeout(47)) - RetriableDatanodeCommand type=deleteBlocksCommand with id=1567208456008 timed out. Retrying.
2019-08-30 23:41:06,547 [pool-7-thread-1] INFO  commands.RetriableDatanodeEventWatcher (RetriableDatanodeEventWatcher.java:onTimeout(47)) - RetriableDatanodeCommand type=deleteBlocksCommand with id=1567208456018 timed out. Retrying.
2019-08-30 23:41:06,565 [pool-7-thread-1] INFO  commands.RetriableDatanodeEventWatcher (RetriableDatanodeEventWatcher.java:onTimeout(47)) - RetriableDatanodeCommand type=deleteBlocksCommand with id=1567208456028 timed out. Retrying.
2019-08-30 23:41:06,580 [pool-7-thread-1] INFO  commands.RetriableDatanodeEventWatcher (RetriableDatanodeEventWatcher.java:onTimeout(47)) - RetriableDatanodeCommand type=deleteBlocksCommand with id=1567208455969 timed out. Retrying.
2019-08-30 23:41:06,580 [pool-7-thread-2] INFO  commands.RetriableDatanodeEventWatcher (RetriableDatanodeEventWatcher.java:onTimeout(47)) - RetriableDatanodeCommand type=deleteBlocksCommand with id=1567208456038 timed out. Retrying.
2019-08-30 23:41:06,593 [pool-7-thread-2] INFO  commands.RetriableDatanodeEventWatcher (RetriableDatanodeEventWatcher.java:onTimeout(47)) - RetriableDatanodeCommand type=deleteBlocksCommand with id=1567208455979 timed out. Retrying.
2019-08-30 23:41:06,595 [pool-7-thread-2] INFO  commands.RetriableDatanodeEventWatcher (RetriableDatanodeEventWatcher.java:onTimeout(47)) - RetriableDatanodeCommand type=deleteBlocksCommand with id=1567208456048 timed out. Retrying.
2019-08-30 23:41:06,609 [pool-7-thread-2] INFO  commands.RetriableDatanodeEventWatcher (RetriableDatanodeEventWatcher.java:onTimeout(47)) - RetriableDatanodeCommand type=deleteBlocksCommand with id=1567208455989 timed out. Retrying.
2019-08-30 23:41:06,610 [pool-7-thread-1] INFO  commands.RetriableDatanodeEventWatcher (RetriableDatanodeEventWatcher.java:onTimeout(47)) - RetriableDatanodeCommand type=deleteBlocksCommand with id=1567208456058 timed out. Retrying.
2019-08-30 23:41:06,623 [SCMBlockDeletingService#0] DEBUG block.SCMBlockDeletingService (SCMBlockDeletingService.java:call(138)) - Running DeletedBlockTransactionScanner
2019-08-30 23:41:06,624 [SCMBlockDeletingService#0] DEBUG block.SCMBlockDeletingService (SCMBlockDeletingService.java:call(155)) - Scanned deleted blocks log and got 3 delTX to process.
2019-08-30 23:41:06,624 [SCMBlockDeletingService#0] DEBUG block.SCMBlockDeletingService (SCMBlockDeletingService.java:call(171)) - Added delete block command for datanode c9f1298e-d840-49d8-aac3-de81602aa1d5 in the queue, number of delete block transactions: 3, TxID list: 1,2,3
2019-08-30 23:41:06,624 [SCMBlockDeletingService#0] INFO  block.SCMBlockDeletingService (RetriableDatanodeEventWatcher.java:onTimeout(47)) - RetriableDatanodeCommand type=deleteBlocksCommand with id=1567208455999 timed out. Retrying.
SCMBlockDeletingService.java:call(182)) - Totally added 3 delete blocks command for 1 datanodes, task elapsed time: 1ms
2019-08-30 23:41:06,624 [pool-7-thread-1] INFO  commands.RetriableDatanodeEventWatcher (RetriableDatanodeEventWatcher.java:onTimeout(47)) - RetriableDatanodeCommand type=deleteBlocksCommand with id=1567208455999 timed out. Retrying.
2019-08-30 23:41:06,634 [pool-7-thread-1] INFO  commands.RetriableDatanodeEventWatcher (RetriableDatanodeEventWatcher.java:onTimeout(47)) - RetriableDatanodeCommand type=deleteBlocksCommand with id=1567208456009 timed out. Retrying.
2019-08-30 23:41:06,650 [pool-7-thread-1] INFO  commands.RetriableDatanodeEventWatcher (RetriableDatanodeEventWatcher.java:onTimeout(47)) - RetriableDatanodeCommand type=deleteBlocksCommand with id=1567208456019 timed out. Retrying.
2019-08-30 23:41:06,665 [pool-7-thread-1] INFO  commands.RetriableDatanodeEventWatcher (RetriableDatanodeEventWatcher.java:onTimeout(47)) - RetriableDatanodeCommand type=deleteBlocksCommand with id=1567208456029 timed out. Retrying.
2019-08-30 23:41:06,681 [pool-7-thread-2] INFO  commands.RetriableDatanodeEventWatcher (RetriableDatanodeEventWatcher.java:onTimeout(47)) - RetriableDatanodeCommand type=deleteBlocksCommand with id=1567208456039 timed out. Retrying.
2019-08-30 23:41:06,681 [pool-7-thread-1] INFO  commands.RetriableDatanodeEventWatcher (RetriableDatanodeEventWatcher.java:onTimeout(47)) - RetriableDatanodeCommand type=deleteBlocksCommand with id=1567208455970 timed out. Retrying.
2019-08-30 23:41:06,696 [pool-7-thread-2] INFO  commands.RetriableDatanodeEventWatcher (RetriableDatanodeEventWatcher.java:onTimeout(47)) - RetriableDatanodeCommand type=deleteBlocksCommand with id=1567208456049 timed out. Retrying.
2019-08-30 23:41:06,696 [pool-7-thread-1] INFO  commands.RetriableDatanodeEventWatcher (RetriableDatanodeEventWatcher.java:onTimeout(47)) - RetriableDatanodeCommand type=deleteBlocksCommand with id=1567208455980 timed out. Retrying.
2019-08-30 23:41:06,710 [pool-7-thread-1] INFO  commands.RetriableDatanodeEventWatcher (RetriableDatanodeEventWatcher.java:onTimeout(47)) - RetriableDatanodeCommand type=deleteBlocksCommand with id=1567208456059 timed out. Retrying.
2019-08-30 23:41:06,724 [pool-7-thread-1] INFO  commands.RetriableDatanodeEventWatcher (RetriableDatanodeEventWatcher.java:onTimeout(47)) - RetriableDatanodeCommand type=deleteBlocksCommand with id=1567208455990 timed out. Retrying.
2019-08-30 23:41:06,725 [SCMBlockDeletingService#0] DEBUG block.SCMBlockDeletingService (SCMBlockDeletingService.java:call(138)) - Running DeletedBlockTransactionScanner
2019-08-30 23:41:06,725 [pool-7-thread-2] INFO  commands.RetriableDatanodeEventWatcher (RetriableDatanodeEventWatcher.java:onTimeout(47)) - RetriableDatanodeCommand type=deleteBlocksCommand with id=1567208456000 timed out. Retrying.
2019-08-30 23:41:06,725 [SCMBlockDeletingService#0] DEBUG block.SCMBlockDeletingService (SCMBlockDeletingService.java:call(155)) - Scanned deleted blocks log and got 3 delTX to process.
2019-08-30 23:41:06,726 [SCMBlockDeletingService#0] DEBUG block.SCMBlockDeletingService (SCMBlockDeletingService.java:call(171)) - Added delete block command for datanode c9f1298e-d840-49d8-aac3-de81602aa1d5 in the queue, number of delete block transactions: 3, TxID list: 1,2,3
2019-08-30 23:41:06,726 [SCMBlockDeletingService#0] INFO  block.SCMBlockDeletingService (SCMBlockDeletingService.java:call(182)) - Totally added 3 delete blocks command for 1 datanodes, task elapsed time: 1ms
2019-08-30 23:41:06,738 [pool-7-thread-2] INFO  commands.RetriableDatanodeEventWatcher (RetriableDatanodeEventWatcher.java:onTimeout(47)) - RetriableDatanodeCommand type=deleteBlocksCommand with id=1567208456010 timed out. Retrying.
2019-08-30 23:41:06,752 [pool-7-thread-2] INFO  commands.RetriableDatanodeEventWatcher (RetriableDatanodeEventWatcher.java:onTimeout(47)) - RetriableDatanodeCommand type=deleteBlocksCommand with id=1567208456020 timed out. Retrying.
2019-08-30 23:41:06,767 [pool-7-thread-2] INFO  commands.RetriableDatanodeEventWatcher (RetriableDatanodeEventWatcher.java:onTimeout(47)) - RetriableDatanodeCommand type=deleteBlocksCommand with id=1567208456030 timed out. Retrying.
2019-08-30 23:41:06,776 [main] INFO  ozone.MiniOzoneClusterImpl (MiniOzoneClusterImpl.java:lambda$waitForClusterToBeReady$0(140)) - Waiting for cluster to be ready. Got 0 of 1 DN Heartbeats.
2019-08-30 23:41:06,783 [pool-7-thread-2] INFO  commands.RetriableDatanodeEventWatcher (RetriableDatanodeEventWatcher.java:onTimeout(47)) - RetriableDatanodeCommand type=deleteBlocksCommand with id=1567208455971 timed out. Retrying.
2019-08-30 23:41:06,783 [pool-7-thread-1] INFO  commands.RetriableDatanodeEventWatcher (RetriableDatanodeEventWatcher.java:onTimeout(47)) - RetriableDatanodeCommand type=deleteBlocksCommand with id=1567208456040 timed out. Retrying.
2019-08-30 23:41:06,797 [pool-7-thread-1] INFO  commands.RetriableDatanodeEventWatcher (RetriableDatanodeEventWatcher.java:onTimeout(47)) - RetriableDatanodeCommand type=deleteBlocksCommand with id=1567208456050 timed out. Retrying.
2019-08-30 23:41:06,799 [pool-7-thread-1] INFO  commands.RetriableDatanodeEventWatcher (RetriableDatanodeEventWatcher.java:onTimeout(47)) - RetriableDatanodeCommand type=deleteBlocksCommand with id=1567208455981 timed out. Retrying.
2019-08-30 23:41:06,809 [pool-7-thread-1] INFO  commands.RetriableDatanodeEventWatcher (RetriableDatanodeEventWatcher.java:onTimeout(47)) - RetriableDatanodeCommand type=deleteBlocksCommand with id=1567208455991 timed out. Retrying.
2019-08-30 23:41:06,813 [pool-7-thread-1] INFO  commands.RetriableDatanodeEventWatcher (RetriableDatanodeEventWatcher.java:onTimeout(47)) - RetriableDatanodeCommand type=deleteBlocksCommand with id=1567208456060 timed out. Retrying.
2019-08-30 23:41:06,826 [pool-7-thread-1] INFO  commands.RetriableDatanodeEventWatcher (RetriableDatanodeEventWatcher.java:onTimeout(47)) - RetriableDatanodeCommand type=deleteBlocksCommand with id=1567208456001 timed out. Retrying.
2019-08-30 23:41:06,827 [SCMBlockDeletingService#0] DEBUG block.SCMBlockDeletingService (SCMBlockDeletingService.java:call(138)) - Running DeletedBlockTransactionScanner
2019-08-30 23:41:06,827 [SCMBlockDeletingService#0] DEBUG block.SCMBlockDeletingService (SCMBlockDeletingService.java:call(155)) - Scanned deleted blocks log and got 3 delTX to process.
2019-08-30 23:41:06,827 [SCMBlockDeletingService#0] DEBUG block.SCMBlockDeletingService (SCMBlockDeletingService.java:call(171)) - Added delete block command for datanode c9f1298e-d840-49d8-aac3-de81602aa1d5 in the queue, number of delete block transactions: 3, TxID list: 1,2,3
2019-08-30 23:41:06,828 [SCMBlockDeletingService#0] INFO  block.SCMBlockDeletingService (SCMBlockDeletingService.java:call(182)) - Totally added 3 delete blocks command for 1 datanodes, task elapsed time: 1ms
2019-08-30 23:41:06,841 [pool-7-thread-1] INFO  commands.RetriableDatanodeEventWatcher (RetriableDatanodeEventWatcher.java:onTimeout(47)) - RetriableDatanodeCommand type=deleteBlocksCommand with id=1567208456011 timed out. Retrying.
2019-08-30 23:41:06,852 [pool-7-thread-1] INFO  commands.RetriableDatanodeEventWatcher (RetriableDatanodeEventWatcher.java:onTimeout(47)) - RetriableDatanodeCommand type=deleteBlocksCommand with id=1567208456021 timed out. Retrying.
2019-08-30 23:41:06,868 [pool-7-thread-1] INFO  commands.RetriableDatanodeEventWatcher (RetriableDatanodeEventWatcher.java:onTimeout(47)) - RetriableDatanodeCommand type=deleteBlocksCommand with id=1567208456031 timed out. Retrying.
2019-08-30 23:41:06,883 [pool-7-thread-1] INFO  commands.RetriableDatanodeEventWatcher (RetriableDatanodeEventWatcher.java:onTimeout(47)) - RetriableDatanodeCommand type=deleteBlocksCommand with id=1567208455972 timed out. Retrying.
2019-08-30 23:41:06,885 [pool-7-thread-1] INFO  commands.RetriableDatanodeEventWatcher (RetriableDatanodeEventWatcher.java:onTimeout(47)) - RetriableDatanodeCommand type=deleteBlocksCommand with id=1567208456041 timed out. Retrying.
2019-08-30 23:41:06,900 [pool-7-thread-1] INFO  commands.RetriableDatanodeEventWatcher (RetriableDatanodeEventWatcher.java:onTimeout(47)) - RetriableDatanodeCommand type=deleteBlocksCommand with id=1567208455982 timed out. Retrying.
2019-08-30 23:41:06,901 [pool-7-thread-2] INFO  commands.RetriableDatanodeEventWatcher (RetriableDatanodeEventWatcher.java:onTimeout(47)) - RetriableDatanodeCommand type=deleteBlocksCommand with id=1567208456051 timed out. Retrying.
2019-08-30 23:41:06,914 [pool-7-thread-2] INFO  commands.RetriableDatanodeEventWatcher (RetriableDatanodeEventWatcher.java:onTimeout(47)) - RetriableDatanodeCommand type=deleteBlocksCommand with id=1567208456061 timed out. Retrying.
2019-08-30 23:41:06,917 [pool-7-thread-2] INFO  commands.RetriableDatanodeEventWatcher (RetriableDatanodeEventWatcher.java:onTimeout(47)) - RetriableDatanodeCommand type=deleteBlocksCommand with id=1567208455992 timed out. Retrying.
2019-08-30 23:41:06,927 [pool-7-thread-2] INFO  commands.RetriableDatanodeEventWatcher (RetriableDatanodeEventWatcher.java:onTimeout(47)) - RetriableDatanodeCommand type=deleteBlocksCommand with id=1567208456002 timed out. Retrying.
2019-08-30 23:41:06,928 [SCMBlockDeletingService#0] DEBUG block.SCMBlockDeletingService (SCMBlockDeletingService.java:call(138)) - Running DeletedBlockTransactionScanner
2019-08-30 23:41:06,929 [SCMBlockDeletingService#0] DEBUG block.SCMBlockDeletingService (SCMBlockDeletingService.java:call(155)) - Scanned deleted blocks log and got 3 delTX to process.
2019-08-30 23:41:06,929 [SCMBlockDeletingService#0] DEBUG block.SCMBlockDeletingService (SCMBlockDeletingService.java:call(171)) - Added delete block command for datanode c9f1298e-d840-49d8-aac3-de81602aa1d5 in the queue, number of delete block transactions: 3, TxID list: 1,2,3
2019-08-30 23:41:06,929 [SCMBlockDeletingService#0] INFO  block.SCMBlockDeletingService (SCMBlockDeletingService.java:call(182)) - Totally added 3 delete blocks command for 1 datanodes, task elapsed time: 2ms
2019-08-30 23:41:06,940 [pool-7-thread-2] INFO  commands.RetriableDatanodeEventWatcher (RetriableDatanodeEventWatcher.java:onTimeout(47)) - RetriableDatanodeCommand type=deleteBlocksCommand with id=1567208456012 timed out. Retrying.
2019-08-30 23:41:06,955 [pool-7-thread-2] INFO  commands.RetriableDatanodeEventWatcher (RetriableDatanodeEventWatcher.java:onTimeout(47)) - RetriableDatanodeCommand type=deleteBlocksCommand with id=1567208456022 timed out. Retrying.
2019-08-30 23:41:06,970 [pool-7-thread-2] INFO  commands.RetriableDatanodeEventWatcher (RetriableDatanodeEventWatcher.java:onTimeout(47)) - RetriableDatanodeCommand type=deleteBlocksCommand with id=1567208455963 timed out. Retrying.
2019-08-30 23:41:06,971 [pool-7-thread-1] INFO  commands.RetriableDatanodeEventWatcher (RetriableDatanodeEventWatcher.java:onTimeout(47)) - RetriableDatanodeCommand type=deleteBlocksCommand with id=1567208456032 timed out. Retrying.
2019-08-30 23:41:06,986 [pool-7-thread-1] INFO  commands.RetriableDatanodeEventWatcher (RetriableDatanodeEventWatcher.java:onTimeout(47)) - RetriableDatanodeCommand type=deleteBlocksCommand with id=1567208455973 timed out. Retrying.
2019-08-30 23:41:06,986 [pool-7-thread-2] INFO  commands.RetriableDatanodeEventWatcher (RetriableDatanodeEventWatcher.java:onTimeout(47)) - RetriableDatanodeCommand type=deleteBlocksCommand with id=1567208456042 timed out. Retrying.
2019-08-30 23:41:07,001 [pool-7-thread-2] INFO  commands.RetriableDatanodeEventWatcher (RetriableDatanodeEventWatcher.java:onTimeout(47)) - RetriableDatanodeCommand type=deleteBlocksCommand with id=1567208456052 timed out. Retrying.
2019-08-30 23:41:07,002 [pool-7-thread-2] INFO  commands.RetriableDatanodeEventWatcher (RetriableDatanodeEventWatcher.java:onTimeout(47)) - RetriableDatanodeCommand type=deleteBlocksCommand with id=1567208455983 timed out. Retrying.
2019-08-30 23:41:07,014 [pool-7-thread-2] INFO  commands.RetriableDatanodeEventWatcher (RetriableDatanodeEventWatcher.java:onTimeout(47)) - RetriableDatanodeCommand type=deleteBlocksCommand with id=1567208455993 timed out. Retrying.
2019-08-30 23:41:07,014 [pool-7-thread-2] INFO  commands.RetriableDatanodeEventWatcher (RetriableDatanodeEventWatcher.java:onTimeout(47)) - RetriableDatanodeCommand type=deleteBlocksCommand with id=1567208456062 timed out. Retrying.
2019-08-30 23:41:07,030 [SCMBlockDeletingService#0] DEBUG block.SCMBlockDeletingService (RetriableDatanodeEventWatcher.java:onTimeout(47)) - RetriableDatanodeCommand type=deleteBlocksCommand with id=1567208456003 timed out. Retrying.
SCMBlockDeletingService.java:call(138)) - Running DeletedBlockTransactionScanner
2019-08-30 23:41:07,030 [pool-7-thread-2] INFO  commands.RetriableDatanodeEventWatcher (RetriableDatanodeEventWatcher.java:onTimeout(47)) - RetriableDatanodeCommand type=deleteBlocksCommand with id=1567208456003 timed out. Retrying.
2019-08-30 23:41:07,030 [SCMBlockDeletingService#0] DEBUG block.SCMBlockDeletingService (SCMBlockDeletingService.java:call(155)) - Scanned deleted blocks log and got 3 delTX to process.
2019-08-30 23:41:07,030 [SCMBlockDeletingService#0] DEBUG block.SCMBlockDeletingService (SCMBlockDeletingService.java:call(171)) - Added delete block command for datanode c9f1298e-d840-49d8-aac3-de81602aa1d5 in the queue, number of delete block transactions: 3, TxID list: 1,2,3
2019-08-30 23:41:07,031 [SCMBlockDeletingService#0] INFO  block.SCMBlockDeletingService (SCMBlockDeletingService.java:call(182)) - Totally added 3 delete blocks command for 1 datanodes, task elapsed time: 1ms
2019-08-30 23:41:07,043 [pool-7-thread-2] INFO  commands.RetriableDatanodeEventWatcher (RetriableDatanodeEventWatcher.java:onTimeout(47)) - RetriableDatanodeCommand type=deleteBlocksCommand with id=1567208456013 timed out. Retrying.
2019-08-30 23:41:07,057 [pool-7-thread-2] INFO  commands.RetriableDatanodeEventWatcher (RetriableDatanodeEventWatcher.java:onTimeout(47)) - RetriableDatanodeCommand type=deleteBlocksCommand with id=1567208456023 timed out. Retrying.
2019-08-30 23:41:07,072 [pool-7-thread-2] INFO  commands.RetriableDatanodeEventWatcher (RetriableDatanodeEventWatcher.java:onTimeout(47)) - RetriableDatanodeCommand type=deleteBlocksCommand with id=1567208455964 timed out. Retrying.
2019-08-30 23:41:07,072 [pool-7-thread-1] INFO  commands.RetriableDatanodeEventWatcher (RetriableDatanodeEventWatcher.java:onTimeout(47)) - RetriableDatanodeCommand type=deleteBlocksCommand with id=1567208456033 timed out. Retrying.
2019-08-30 23:41:07,087 [pool-7-thread-1] INFO  commands.RetriableDatanodeEventWatcher (RetriableDatanodeEventWatcher.java:onTimeout(47)) - RetriableDatanodeCommand type=deleteBlocksCommand with id=1567208456043 timed out. Retrying.
2019-08-30 23:41:07,089 [pool-7-thread-1] INFO  commands.RetriableDatanodeEventWatcher (RetriableDatanodeEventWatcher.java:onTimeout(47)) - RetriableDatanodeCommand type=deleteBlocksCommand with id=1567208455974 timed out. Retrying.
2019-08-30 23:41:07,102 [pool-7-thread-1] INFO  commands.RetriableDatanodeEventWatcher (RetriableDatanodeEventWatcher.java:onTimeout(47)) - RetriableDatanodeCommand type=deleteBlocksCommand with id=1567208455984 timed out. Retrying.
2019-08-30 23:41:07,103 [pool-7-thread-2] INFO  commands.RetriableDatanodeEventWatcher (RetriableDatanodeEventWatcher.java:onTimeout(47)) - RetriableDatanodeCommand type=deleteBlocksCommand with id=1567208456053 timed out. Retrying.
2019-08-30 23:41:07,115 [pool-7-thread-2] INFO  commands.RetriableDatanodeEventWatcher (RetriableDatanodeEventWatcher.java:onTimeout(47)) - RetriableDatanodeCommand type=deleteBlocksCommand with id=1567208455994 timed out. Retrying.
2019-08-30 23:41:07,117 [pool-7-thread-2] INFO  commands.RetriableDatanodeEventWatcher (RetriableDatanodeEventWatcher.java:onTimeout(47)) - RetriableDatanodeCommand type=deleteBlocksCommand with id=1567208456063 timed out. Retrying.
2019-08-30 23:41:07,131 [SCMBlockDeletingService#0] DEBUG block.SCMBlockDeletingService (SCMBlockDeletingService.java:call(138)) - Running DeletedBlockTransactionScanner
2019-08-30 23:41:07,132 [SCMBlockDeletingService#0] DEBUG block.SCMBlockDeletingService (SCMBlockDeletingService.java:call(155)) - Scanned deleted blocks log and got 3 delTX to process.
2019-08-30 23:41:07,132 [SCMBlockDeletingService#0] DEBUG block.SCMBlockDeletingService (SCMBlockDeletingService.java:call(171)) - Added delete block command for datanode c9f1298e-d840-49d8-aac3-de81602aa1d5 in the queue, number of delete block transactions: 3, TxID list: 1,2,3
2019-08-30 23:41:07,132 [pool-7-thread-2] INFO  commands.RetriableDatanodeEventWatcher (RetriableDatanodeEventWatcher.java:onTimeout(47)) - RetriableDatanodeCommand type=deleteBlocksCommand with id=1567208456004 timed out. Retrying.
2019-08-30 23:41:07,132 [SCMBlockDeletingService#0] INFO  block.SCMBlockDeletingService (SCMBlockDeletingService.java:call(182)) - Totally added 3 delete blocks command for 1 datanodes, task elapsed time: 1ms
2019-08-30 23:41:07,145 [pool-7-thread-2] INFO  commands.RetriableDatanodeEventWatcher (RetriableDatanodeEventWatcher.java:onTimeout(47)) - RetriableDatanodeCommand type=deleteBlocksCommand with id=1567208456014 timed out. Retrying.
2019-08-30 23:41:07,158 [pool-7-thread-2] INFO  commands.RetriableDatanodeEventWatcher (RetriableDatanodeEventWatcher.java:onTimeout(47)) - RetriableDatanodeCommand type=deleteBlocksCommand with id=1567208456024 timed out. Retrying.
2019-08-30 23:41:07,173 [pool-7-thread-2] INFO  commands.RetriableDatanodeEventWatcher (RetriableDatanodeEventWatcher.java:onTimeout(47)) - RetriableDatanodeCommand type=deleteBlocksCommand with id=1567208455965 timed out. Retrying.
2019-08-30 23:41:07,173 [pool-7-thread-1] INFO  commands.RetriableDatanodeEventWatcher (RetriableDatanodeEventWatcher.java:onTimeout(47)) - RetriableDatanodeCommand type=deleteBlocksCommand with id=1567208456034 timed out. Retrying.
2019-08-30 23:41:07,189 [pool-7-thread-1] INFO  commands.RetriableDatanodeEventWatcher (RetriableDatanodeEventWatcher.java:onTimeout(47)) - RetriableDatanodeCommand type=deleteBlocksCommand with id=1567208455975 timed out. Retrying.
2019-08-30 23:41:07,189 [pool-7-thread-2] INFO  commands.RetriableDatanodeEventWatcher (RetriableDatanodeEventWatcher.java:onTimeout(47)) - RetriableDatanodeCommand type=deleteBlocksCommand with id=1567208456044 timed out. Retrying.
2019-08-30 23:41:07,204 [pool-7-thread-2] INFO  commands.RetriableDatanodeEventWatcher (RetriableDatanodeEventWatcher.java:onTimeout(47)) - RetriableDatanodeCommand type=deleteBlocksCommand with id=1567208456054 timed out. Retrying.
2019-08-30 23:41:07,206 [pool-7-thread-2] INFO  commands.RetriableDatanodeEventWatcher (RetriableDatanodeEventWatcher.java:onTimeout(47)) - RetriableDatanodeCommand type=deleteBlocksCommand with id=1567208455985 timed out. Retrying.
2019-08-30 23:41:07,216 [pool-7-thread-2] INFO  commands.RetriableDatanodeEventWatcher (RetriableDatanodeEventWatcher.java:onTimeout(47)) - RetriableDatanodeCommand type=deleteBlocksCommand with id=1567208455995 timed out. Retrying.
2019-08-30 23:41:07,218 [pool-7-thread-2] INFO  commands.RetriableDatanodeEventWatcher (RetriableDatanodeEventWatcher.java:onTimeout(47)) - RetriableDatanodeCommand type=deleteBlocksCommand with id=1567208456064 timed out. Retrying.
2019-08-30 23:41:07,232 [pool-7-thread-2] INFO  commands.RetriableDatanodeEventWatcher (SCMBlockDeletingService.java:call(138)) - Running DeletedBlockTransactionScanner
2019-08-30 23:41:07,232 [pool-7-thread-2] INFO  commands.RetriableDatanodeEventWatcher (RetriableDatanodeEventWatcher.java:onTimeout(47)) - RetriableDatanodeCommand type=deleteBlocksCommand with id=1567208456005 timed out. Retrying.
2019-08-30 23:41:07,233 [SCMBlockDeletingService#0] DEBUG block.SCMBlockDeletingService (SCMBlockDeletingService.java:call(155)) - Scanned deleted blocks log and got 3 delTX to process.
2019-08-30 23:41:07,233 [SCMBlockDeletingService#0] DEBUG block.SCMBlockDeletingService (SCMBlockDeletingService.java:call(171)) - Added delete block command for datanode c9f1298e-d840-49d8-aac3-de81602aa1d5 in the queue, number of delete block transactions: 3, TxID list: 1,2,3
2019-08-30 23:41:07,234 [SCMBlockDeletingService#0] INFO  block.SCMBlockDeletingService (SCMBlockDeletingService.java:call(182)) - Totally added 3 delete blocks command for 1 datanodes, task elapsed time: 1ms
2019-08-30 23:41:07,244 [pool-7-thread-2] INFO  commands.RetriableDatanodeEventWatcher (RetriableDatanodeEventWatcher.java:onTimeout(47)) - RetriableDatanodeCommand type=deleteBlocksCommand with id=1567208456015 timed out. Retrying.
2019-08-30 23:41:07,259 [pool-7-thread-2] INFO  commands.RetriableDatanodeEventWatcher (RetriableDatanodeEventWatcher.java:onTimeout(47)) - RetriableDatanodeCommand type=deleteBlocksCommand with id=1567208456025 timed out. Retrying.
2019-08-30 23:41:07,276 [pool-7-thread-1] INFO  commands.RetriableDatanodeEventWatcher (RetriableDatanodeEventWatcher.java:onTimeout(47)) - RetriableDatanodeCommand type=deleteBlocksCommand with id=1567208456035 timed out. Retrying.
2019-08-30 23:41:07,276 [pool-7-thread-2] INFO  commands.RetriableDatanodeEventWatcher (RetriableDatanodeEventWatcher.java:onTimeout(47)) - RetriableDatanodeCommand type=deleteBlocksCommand with id=1567208455966 timed out. Retrying.
2019-08-30 23:41:07,290 [pool-7-thread-2] INFO  commands.RetriableDatanodeEventWatcher (RetriableDatanodeEventWatcher.java:onTimeout(47)) - RetriableDatanodeCommand type=deleteBlocksCommand with id=1567208455976 timed out. Retrying.
2019-08-30 23:41:07,291 [pool-7-thread-1] INFO  commands.RetriableDatanodeEventWatcher (RetriableDatanodeEventWatcher.java:onTimeout(47)) - RetriableDatanodeCommand type=deleteBlocksCommand with id=1567208456045 timed out. Retrying.
2019-08-30 23:41:07,305 [pool-7-thread-1] INFO  commands.RetriableDatanodeEventWatcher (RetriableDatanodeEventWatcher.java:onTimeout(47)) - RetriableDatanodeCommand type=deleteBlocksCommand with id=1567208455986 timed out. Retrying.
2019-08-30 23:41:07,305 [pool-7-thread-2] INFO  commands.RetriableDatanodeEventWatcher (RetriableDatanodeEventWatcher.java:onTimeout(47)) - RetriableDatanodeCommand type=deleteBlocksCommand with id=1567208456055 timed out. Retrying.
2019-08-30 23:41:07,318 [pool-7-thread-2] INFO  commands.RetriableDatanodeEventWatcher (RetriableDatanodeEventWatcher.java:onTimeout(47)) - RetriableDatanodeCommand type=deleteBlocksCommand with id=1567208455996 timed out. Retrying.
2019-08-30 23:41:07,320 [pool-7-thread-2] INFO  commands.RetriableDatanodeEventWatcher (RetriableDatanodeEventWatcher.java:onTimeout(47)) - RetriableDatanodeCommand type=deleteBlocksCommand with id=1567208456065 timed out. Retrying.
2019-08-30 23:41:07,334 [SCMBlockDeletingService#0] DEBUG block.SCMBlockDeletingService (SCMBlockDeletingService.java:call(138)) - Running DeletedBlockTransactionScanner
2019-08-30 23:41:07,334 [SCMBlockDeletingService#0] DEBUG block.SCMBlockDeletingService (SCMBlockDeletingService.java:call(155)) - Scanned deleted blocks log and got 3 delTX to process.
2019-08-30 23:41:07,334 [SCMBlockDeletingService#0] DEBUG block.SCMBlockDeletingService (SCMBlockDeletingService.java:call(171)) - Added delete block command for datanode c9f1298e-d840-49d8-aac3-de81602aa1d5 in the queue, number of delete block transactions: 3, TxID list: 1,2,3
2019-08-30 23:41:07,335 [pool-7-thread-2] INFO  commands.RetriableDatanodeEventWatcher (RetriableDatanodeEventWatcher.java:onTimeout(47)) - RetriableDatanodeCommand type=deleteBlocksCommand with id=1567208456006 timed out. Retrying.
2019-08-30 23:41:07,335 [SCMBlockDeletingService#0] INFO  block.SCMBlockDeletingService (SCMBlockDeletingService.java:call(182)) - Totally added 3 delete blocks command for 1 datanodes, task elapsed time: 1ms
2019-08-30 23:41:07,347 [pool-7-thread-2] INFO  commands.RetriableDatanodeEventWatcher (RetriableDatanodeEventWatcher.java:onTimeout(47)) - RetriableDatanodeCommand type=deleteBlocksCommand with id=1567208456016 timed out. Retrying.
2019-08-30 23:41:07,360 [pool-7-thread-2] INFO  commands.RetriableDatanodeEventWatcher (RetriableDatanodeEventWatcher.java:onTimeout(47)) - RetriableDatanodeCommand type=deleteBlocksCommand with id=1567208456026 timed out. Retrying.
2019-08-30 23:41:07,376 [pool-7-thread-2] INFO  commands.RetriableDatanodeEventWatcher (RetriableDatanodeEventWatcher.java:onTimeout(47)) - RetriableDatanodeCommand type=deleteBlocksCommand with id=1567208456036 timed out. Retrying.
2019-08-30 23:41:07,379 [pool-7-thread-2] INFO  commands.RetriableDatanodeEventWatcher (RetriableDatanodeEventWatcher.java:onTimeout(47)) - RetriableDatanodeCommand type=deleteBlocksCommand with id=1567208455967 timed out. Retrying.
2019-08-30 23:41:07,390 [pool-7-thread-2] INFO  commands.RetriableDatanodeEventWatcher (RetriableDatanodeEventWatcher.java:onTimeout(47)) - RetriableDatanodeCommand type=deleteBlocksCommand with id=1567208455977 timed out. Retrying.
2019-08-30 23:41:07,392 [pool-7-thread-2] INFO  commands.RetriableDatanodeEventWatcher (RetriableDatanodeEventWatcher.java:onTimeout(47)) - RetriableDatanodeCommand type=deleteBlocksCommand with id=1567208456046 timed out. Retrying.
2019-08-30 23:41:07,407 [pool-7-thread-1] INFO  commands.RetriableDatanodeEventWatcher (RetriableDatanodeEventWatcher.java:onTimeout(47)) - RetriableDatanodeCommand type=deleteBlocksCommand with id=1567208456056 timed out. Retrying.
2019-08-30 23:41:07,408 [pool-7-thread-2] INFO  commands.RetriableDatanodeEventWatcher (RetriableDatanodeEventWatcher.java:onTimeout(47)) - RetriableDatanodeCommand type=deleteBlocksCommand with id=1567208455987 timed out. Retrying.
2019-08-30 23:41:07,421 [pool-7-thread-2] INFO  commands.RetriableDatanodeEventWatcher (RetriableDatanodeEventWatcher.java:onTimeout(47)) - RetriableDatanodeCommand type=deleteBlocksCommand with id=1567208456066 timed out. Retrying.
2019-08-30 23:41:07,421 [pool-7-thread-1] INFO  commands.RetriableDatanodeEventWatcher (RetriableDatanodeEventWatcher.java:onTimeout(47)) - RetriableDatanodeCommand type=deleteBlocksCommand with id=1567208455997 timed out. Retrying.
2019-08-30 23:41:07,432 [pool-7-thread-1] INFO  commands.RetriableDatanodeEventWatcher (RetriableDatanodeEventWatcher.java:onTimeout(47)) - RetriableDatanodeCommand type=deleteBlocksCommand with id=1567208456007 timed out. Retrying.
2019-08-30 23:41:07,435 [SCMBlockDeletingService#1] DEBUG block.SCMBlockDeletingService (SCMBlockDeletingService.java:call(138)) - Running DeletedBlockTransactionScanner
2019-08-30 23:41:07,436 [SCMBlockDeletingService#1] DEBUG block.SCMBlockDeletingService (SCMBlockDeletingService.java:call(155)) - Scanned deleted blocks log and got 3 delTX to process.
2019-08-30 23:41:07,436 [SCMBlockDeletingService#1] DEBUG block.SCMBlockDeletingService (SCMBlockDeletingService.java:call(171)) - Added delete block command for datanode c9f1298e-d840-49d8-aac3-de81602aa1d5 in the queue, number of delete block transactions: 3, TxID list: 1,2,3
2019-08-30 23:41:07,436 [SCMBlockDeletingService#1] INFO  block.SCMBlockDeletingService (SCMBlockDeletingService.java:call(182)) - Totally added 3 delete blocks command for 1 datanodes, task elapsed time: 1ms
2019-08-30 23:41:07,448 [pool-7-thread-1] INFO  commands.RetriableDatanodeEventWatcher (RetriableDatanodeEventWatcher.java:onTimeout(47)) - RetriableDatanodeCommand type=deleteBlocksCommand with id=1567208456017 timed out. Retrying.
2019-08-30 23:41:07,461 [pool-7-thread-1] INFO  commands.RetriableDatanodeEventWatcher (RetriableDatanodeEventWatcher.java:onTimeout(47)) - RetriableDatanodeCommand type=deleteBlocksCommand with id=1567208456027 timed out. Retrying.
2019-08-30 23:41:07,477 [pool-7-thread-1] INFO  commands.RetriableDatanodeEventWatcher (RetriableDatanodeEventWatcher.java:onTimeout(47)) - RetriableDatanodeCommand type=deleteBlocksCommand with id=1567208455968 timed out. Retrying.
2019-08-30 23:41:07,478 [pool-7-thread-2] INFO  commands.RetriableDatanodeEventWatcher (RetriableDatanodeEventWatcher.java:onTimeout(47)) - RetriableDatanodeCommand type=deleteBlocksCommand with id=1567208456037 timed out. Retrying.
2019-08-30 23:41:07,494 [pool-7-thread-2] INFO  commands.RetriableDatanodeEventWatcher (RetriableDatanodeEventWatcher.java:onTimeout(47)) - RetriableDatanodeCommand type=deleteBlocksCommand with id=1567208456047 timed out. Retrying.
2019-08-30 23:41:07,495 [pool-7-thread-2] INFO  commands.RetriableDatanodeEventWatcher (RetriableDatanodeEventWatcher.java:onTimeout(47)) - RetriableDatanodeCommand type=deleteBlocksCommand with id=1567208455978 timed out. Retrying.
2019-08-30 23:41:07,509 [pool-7-thread-2] INFO  commands.RetriableDatanodeEventWatcher (RetriableDatanodeEventWatcher.java:onTimeout(47)) - RetriableDatanodeCommand type=deleteBlocksCommand with id=1567208455988 timed out. Retrying.
2019-08-30 23:41:07,509 [pool-7-thread-1] INFO  commands.RetriableDatanodeEventWatcher (RetriableDatanodeEventWatcher.java:onTimeout(47)) - RetriableDatanodeCommand type=deleteBlocksCommand with id=1567208456057 timed out. Retrying.
2019-08-30 23:41:07,522 [pool-7-thread-1] INFO  commands.RetriableDatanodeEventWatcher (RetriableDatanodeEventWatcher.java:onTimeout(47)) - RetriableDatanodeCommand type=deleteBlocksCommand with id=1567208455998 timed out. Retrying.
2019-08-30 23:41:07,522 [pool-7-thread-1] INFO  commands.RetriableDatanodeEventWatcher (RetriableDatanodeEventWatcher.java:onTimeout(47)) - RetriableDatanodeCommand type=deleteBlocksCommand with id=1567208456067 timed out. Retrying.
2019-08-30 23:41:07,535 [pool-7-thread-1] INFO  commands.RetriableDatanodeEventWatcher (RetriableDatanodeEventWatcher.java:onTimeout(47)) - RetriableDatanodeCommand type=deleteBlocksCommand with id=1567208456008 timed out. Retrying.
2019-08-30 23:41:07,537 [SCMBlockDeletingService#1] DEBUG block.SCMBlockDeletingService (SCMBlockDeletingService.java:call(138)) - Running DeletedBlockTransactionScanner
2019-08-30 23:41:07,537 [SCMBlockDeletingService#1] DEBUG block.SCMBlockDeletingService (SCMBlockDeletingService.java:call(155)) - Scanned deleted blocks log and got 3 delTX to process.
2019-08-30 23:41:07,537 [SCMBlockDeletingService#1] DEBUG block.SCMBlockDeletingService (SCMBlockDeletingService.java:call(171)) - Added delete block command for datanode c9f1298e-d840-49d8-aac3-de81602aa1d5 in the queue, number of delete block transactions: 3, TxID list: 1,2,3
2019-08-30 23:41:07,538 [SCMBlockDeletingService#1] INFO  block.SCMBlockDeletingService (SCMBlockDeletingService.java:call(182)) - Totally added 3 delete blocks command for 1 datanodes, task elapsed time: 1ms
2019-08-30 23:41:07,548 [pool-7-thread-1] INFO  commands.RetriableDatanodeEventWatcher (RetriableDatanodeEventWatcher.java:onTimeout(47)) - RetriableDatanodeCommand type=deleteBlocksCommand with id=1567208456018 timed out. Retrying.
2019-08-30 23:41:07,566 [pool-7-thread-1] INFO  commands.RetriableDatanodeEventWatcher (RetriableDatanodeEventWatcher.java:onTimeout(47)) - RetriableDatanodeCommand type=deleteBlocksCommand with id=1567208456028 timed out. Retrying.
2019-08-30 23:41:07,580 [pool-7-thread-1] INFO  commands.RetriableDatanodeEventWatcher (RetriableDatanodeEventWatcher.java:onTimeout(47)) - RetriableDatanodeCommand type=deleteBlocksCommand with id=1567208455969 timed out. Retrying.
2019-08-30 23:41:07,580 [pool-7-thread-2] INFO  commands.RetriableDatanodeEventWatcher (RetriableDatanodeEventWatcher.java:onTimeout(47)) - RetriableDatanodeCommand type=deleteBlocksCommand with id=1567208456038 timed out. Retrying.
2019-08-30 23:41:07,594 [pool-7-thread-2] INFO  commands.RetriableDatanodeEventWatcher (RetriableDatanodeEventWatcher.java:onTimeout(47)) - RetriableDatanodeCommand type=deleteBlocksCommand with id=1567208455979 timed out. Retrying.
2019-08-30 23:41:07,595 [pool-7-thread-1] INFO  commands.RetriableDatanodeEventWatcher (RetriableDatanodeEventWatcher.java:onTimeout(47)) - RetriableDatanodeCommand type=deleteBlocksCommand with id=1567208456048 timed out. Retrying.
2019-08-30 23:41:07,610 [pool-7-thread-1] INFO  commands.RetriableDatanodeEventWatcher (RetriableDatanodeEventWatcher.java:onTimeout(47)) - RetriableDatanodeCommand type=deleteBlocksCommand with id=1567208455989 timed out. Retrying.
2019-08-30 23:41:07,610 [pool-7-thread-2] INFO  commands.RetriableDatanodeEventWatcher (RetriableDatanodeEventWatcher.java:onTimeout(47)) - RetriableDatanodeCommand type=deleteBlocksCommand with id=1567208456058 timed out. Retrying.
2019-08-30 23:41:07,624 [pool-7-thread-2] INFO  commands.RetriableDatanodeEventWatcher (RetriableDatanodeEventWatcher.java:onTimeout(47)) - RetriableDatanodeCommand type=deleteBlocksCommand with id=1567208456068 timed out. Retrying.
2019-08-30 23:41:07,625 [pool-7-thread-2] INFO  commands.RetriableDatanodeEventWatcher (RetriableDatanodeEventWatcher.java:onTimeout(47)) - RetriableDatanodeCommand type=deleteBlocksCommand with id=1567208455999 timed out. Retrying.
2019-08-30 23:41:07,634 [pool-7-thread-2] INFO  commands.RetriableDatanodeEventWatcher (RetriableDatanodeEventWatcher.java:onTimeout(47)) - RetriableDatanodeCommand type=deleteBlocksCommand with id=1567208456009 timed out. Retrying.
2019-08-30 23:41:07,638 [SCMBlockDeletingService#1] DEBUG block.SCMBlockDeletingService (SCMBlockDeletingService.java:call(138)) - Running DeletedBlockTransactionScanner
2019-08-30 23:41:07,639 [SCMBlockDeletingService#1] DEBUG block.SCMBlockDeletingService (SCMBlockDeletingService.java:call(155)) - Scanned deleted blocks log and got 3 delTX to process.
2019-08-30 23:41:07,639 [SCMBlockDeletingService#1] DEBUG block.SCMBlockDeletingService (SCMBlockDeletingService.java:call(171)) - Added delete block command for datanode c9f1298e-d840-49d8-aac3-de81602aa1d5 in the queue, number of delete block transactions: 3, TxID list: 1,2,3
2019-08-30 23:41:07,639 [SCMBlockDeletingService#1] INFO  block.SCMBlockDeletingService (SCMBlockDeletingService.java:call(182)) - Totally added 3 delete blocks command for 1 datanodes, task elapsed time: 2ms
2019-08-30 23:41:07,651 [pool-7-thread-2] INFO  commands.RetriableDatanodeEventWatcher (RetriableDatanodeEventWatcher.java:onTimeout(47)) - RetriableDatanodeCommand type=deleteBlocksCommand with id=1567208456019 timed out. Retrying.
2019-08-30 23:41:07,665 [pool-7-thread-2] INFO  commands.RetriableDatanodeEventWatcher (RetriableDatanodeEventWatcher.java:onTimeout(47)) - RetriableDatanodeCommand type=deleteBlocksCommand with id=1567208456029 timed out. Retrying.
2019-08-30 23:41:07,682 [pool-7-thread-1] INFO  commands.RetriableDatanodeEventWatcher (RetriableDatanodeEventWatcher.java:onTimeout(47)) - RetriableDatanodeCommand type=deleteBlocksCommand with id=1567208456039 timed out. Retrying.
2019-08-30 23:41:07,682 [pool-7-thread-2] INFO  commands.RetriableDatanodeEventWatcher (RetriableDatanodeEventWatcher.java:onTimeout(47)) - RetriableDatanodeCommand type=deleteBlocksCommand with id=1567208455970 timed out. Retrying.
2019-08-30 23:41:07,696 [pool-7-thread-2] INFO  commands.RetriableDatanodeEventWatcher (RetriableDatanodeEventWatcher.java:onTimeout(47)) - RetriableDatanodeCommand type=deleteBlocksCommand with id=1567208455980 timed out. Retrying.
2019-08-30 23:41:07,696 [pool-7-thread-1] INFO  commands.RetriableDatanodeEventWatcher (RetriableDatanodeEventWatcher.java:onTimeout(47)) - RetriableDatanodeCommand type=deleteBlocksCommand with id=1567208456049 timed out. Retrying.
2019-08-30 23:41:07,711 [pool-7-thread-1] INFO  commands.RetriableDatanodeEventWatcher (RetriableDatanodeEventWatcher.java:onTimeout(47)) - RetriableDatanodeCommand type=deleteBlocksCommand with id=1567208456059 timed out. Retrying.
2019-08-30 23:41:07,725 [pool-7-thread-1] INFO  commands.RetriableDatanodeEventWatcher (RetriableDatanodeEventWatcher.java:onTimeout(47)) - RetriableDatanodeCommand type=deleteBlocksCommand with id=1567208455990 timed out. Retrying.
2019-08-30 23:41:07,726 [pool-7-thread-2] INFO  commands.RetriableDatanodeEventWatcher (RetriableDatanodeEventWatcher.java:onTimeout(47)) - RetriableDatanodeCommand type=deleteBlocksCommand with id=1567208456000 timed out. Retrying.
2019-08-30 23:41:07,726 [pool-7-thread-1] INFO  commands.RetriableDatanodeEventWatcher (RetriableDatanodeEventWatcher.java:onTimeout(47)) - RetriableDatanodeCommand type=deleteBlocksCommand with id=1567208456069 timed out. Retrying.
2019-08-30 23:41:07,738 [pool-7-thread-1] INFO  commands.RetriableDatanodeEventWatcher (RetriableDatanodeEventWatcher.java:onTimeout(47)) - RetriableDatanodeCommand type=deleteBlocksCommand with id=1567208456010 timed out. Retrying.
2019-08-30 23:41:07,740 [SCMBlockDeletingService#1] DEBUG block.SCMBlockDeletingService (SCMBlockDeletingService.java:call(138)) - Running DeletedBlockTransactionScanner
2019-08-30 23:41:07,740 [SCMBlockDeletingService#1] DEBUG block.SCMBlockDeletingService (SCMBlockDeletingService.java:call(155)) - Scanned deleted blocks log and got 3 delTX to process.
2019-08-30 23:41:07,740 [SCMBlockDeletingService#1] DEBUG block.SCMBlockDeletingService (SCMBlockDeletingService.java:call(171)) - Added delete block command for datanode c9f1298e-d840-49d8-aac3-de81602aa1d5 in the queue, number of delete block transactions: 3, TxID list: 1,2,3
2019-08-30 23:41:07,741 [SCMBlockDeletingService#1] INFO  block.SCMBlockDeletingService (SCMBlockDeletingService.java:call(182)) - Totally added 3 delete blocks command for 1 datanodes, task elapsed time: 1ms
2019-08-30 23:41:07,752 [pool-7-thread-1] INFO  commands.RetriableDatanodeEventWatcher (RetriableDatanodeEventWatcher.java:onTimeout(47)) - RetriableDatanodeCommand type=deleteBlocksCommand with id=1567208456020 timed out. Retrying.
2019-08-30 23:41:07,768 [pool-7-thread-1] INFO  commands.RetriableDatanodeEventWatcher (RetriableDatanodeEventWatcher.java:onTimeout(47)) - RetriableDatanodeCommand type=deleteBlocksCommand with id=1567208456030 timed out. Retrying.
2019-08-30 23:41:07,776 [EventQueue-PendingDeleteStatusForPendingDeleteHandler] INFO  block.SCMBlockDeletingService (SCMBlockDeletingService.java:handlePendingDeletes(115)) - Block deletion txnID mismatch in datanode c9f1298e-d840-49d8-aac3-de81602aa1d5 for containerID 1. Datanode delete txnID: 0, SCM txnID: 1
2019-08-30 23:41:07,776 [EventQueue-PendingDeleteStatusForPendingDeleteHandler] INFO  block.SCMBlockDeletingService (SCMBlockDeletingService.java:handlePendingDeletes(115)) - Block deletion txnID mismatch in datanode c9f1298e-d840-49d8-aac3-de81602aa1d5 for containerID 2. Datanode delete txnID: 0, SCM txnID: 2
2019-08-30 23:41:07,776 [EventQueue-PendingDeleteStatusForPendingDeleteHandler] INFO  block.SCMBlockDeletingService (SCMBlockDeletingService.java:handlePendingDeletes(115)) - Block deletion txnID mismatch in datanode c9f1298e-d840-49d8-aac3-de81602aa1d5 for containerID 3. Datanode delete txnID: 0, SCM txnID: 3
2019-08-30 23:41:07,776 [main] INFO  ozone.MiniOzoneClusterImpl (MiniOzoneClusterImpl.java:lambda$waitForClusterToBeReady$0(140)) - Waiting for cluster to be ready. Got 0 of 1 DN Heartbeats.
2019-08-30 23:41:07,784 [pool-7-thread-1] INFO  commands.RetriableDatanodeEventWatcher (RetriableDatanodeEventWatcher.java:onTimeout(47)) - RetriableDatanodeCommand type=deleteBlocksCommand with id=1567208455971 timed out. Retrying.
2019-08-30 23:41:07,784 [pool-7-thread-2] INFO  commands.RetriableDatanodeEventWatcher (RetriableDatanodeEventWatcher.java:onTimeout(47)) - RetriableDatanodeCommand type=deleteBlocksCommand with id=1567208456040 timed out. Retrying.
2019-08-30 23:41:07,797 [pool-7-thread-2] INFO  commands.RetriableDatanodeEventWatcher (RetriableDatanodeEventWatcher.java:onTimeout(47)) - RetriableDatanodeCommand type=deleteBlocksCommand with id=1567208456050 timed out. Retrying.
2019-08-30 23:41:07,800 [pool-7-thread-2] INFO  commands.RetriableDatanodeEventWatcher (RetriableDatanodeEventWatcher.java:onTimeout(47)) - RetriableDatanodeCommand type=deleteBlocksCommand with id=1567208455981 timed out. Retrying.
2019-08-30 23:41:07,809 [pool-7-thread-2] INFO  commands.RetriableDatanodeEventWatcher (RetriableDatanodeEventWatcher.java:onTimeout(47)) - RetriableDatanodeCommand type=deleteBlocksCommand with id=1567208455991 timed out. Retrying.
2019-08-30 23:41:07,814 [pool-7-thread-2] INFO  commands.RetriableDatanodeEventWatcher (RetriableDatanodeEventWatcher.java:onTimeout(47)) - RetriableDatanodeCommand type=deleteBlocksCommand with id=1567208456060 timed out. Retrying.
2019-08-30 23:41:07,826 [pool-7-thread-2] INFO  commands.RetriableDatanodeEventWatcher (RetriableDatanodeEventWatcher.java:onTimeout(47)) - RetriableDatanodeCommand type=deleteBlocksCommand with id=1567208456001 timed out. Retrying.
2019-08-30 23:41:07,827 [pool-7-thread-2] INFO  commands.RetriableDatanodeEventWatcher (RetriableDatanodeEventWatcher.java:onTimeout(47)) - RetriableDatanodeCommand type=deleteBlocksCommand with id=1567208456070 timed out. Retrying.
2019-08-30 23:41:07,841 [pool-7-thread-2] INFO  commands.RetriableDatanodeEventWatcher (RetriableDatanodeEventWatcher.java:onTimeout(47)) - RetriableDatanodeCommand type=deleteBlocksCommand with id=1567208456011 timed out. Retrying.
2019-08-30 23:41:07,841 [SCMBlockDeletingService#1] DEBUG block.SCMBlockDeletingService (SCMBlockDeletingService.java:call(138)) - Running DeletedBlockTransactionScanner
2019-08-30 23:41:07,842 [SCMBlockDeletingService#1] DEBUG block.SCMBlockDeletingService (SCMBlockDeletingService.java:call(155)) - Scanned deleted blocks log and got 3 delTX to process.
2019-08-30 23:41:07,842 [SCMBlockDeletingService#1] DEBUG block.SCMBlockDeletingService (SCMBlockDeletingService.java:call(171)) - Added delete block command for datanode c9f1298e-d840-49d8-aac3-de81602aa1d5 in the queue, number of delete block transactions: 3, TxID list: 1,2,3
2019-08-30 23:41:07,842 [SCMBlockDeletingService#1] INFO  block.SCMBlockDeletingService (SCMBlockDeletingService.java:call(182)) - Totally added 3 delete blocks command for 1 datanodes, task elapsed time: 2ms
2019-08-30 23:41:07,849 [grpc-default-executor-1] INFO  impl.RaftServerProxy (RaftServerProxy.java:addNew(89)) - c9f1298e-d840-49d8-aac3-de81602aa1d5: addNew group-0ADC25CA8F6F:[c9f1298e-d840-49d8-aac3-de81602aa1d5:192.168.36.88:34937] returns group-0ADC25CA8F6F:java.util.concurrent.CompletableFuture@7da7ad14[Not completed]
2019-08-30 23:41:07,851 [pool-592-thread-1] INFO  impl.RaftServerImpl (RaftServerImpl.java:<init>(93)) - c9f1298e-d840-49d8-aac3-de81602aa1d5: new RaftServerImpl for group-0ADC25CA8F6F:[c9f1298e-d840-49d8-aac3-de81602aa1d5:192.168.36.88:34937] with ContainerStateMachine:uninitialized
2019-08-30 23:41:07,851 [pool-592-thread-1] INFO  server.RaftServerConfigKeys (ConfUtils.java:logGet(43)) - raft.server.rpc.timeout.min = 5s (custom)
2019-08-30 23:41:07,851 [pool-592-thread-1] INFO  server.RaftServerConfigKeys (ConfUtils.java:logGet(43)) - raft.server.rpc.timeout.max = 5200ms (custom)
2019-08-30 23:41:07,851 [pool-592-thread-1] INFO  server.RaftServerConfigKeys (ConfUtils.java:logGet(43)) - raft.server.rpcslowness.timeout = 120s (custom)
2019-08-30 23:41:07,852 [pool-592-thread-1] INFO  server.RaftServerConfigKeys (ConfUtils.java:logGet(43)) - raft.server.sleep.deviation.threshold = 300 (default)
2019-08-30 23:41:07,852 [pool-592-thread-1] INFO  server.RaftServerConfigKeys (ConfUtils.java:logGet(43)) - raft.server.log.appender.install.snapshot.enabled = false (custom)
2019-08-30 23:41:07,852 [pool-592-thread-1] INFO  impl.RaftServerImpl (ServerState.java:<init>(105)) - c9f1298e-d840-49d8-aac3-de81602aa1d5:group-0ADC25CA8F6F ConfigurationManager, init=-1: [c9f1298e-d840-49d8-aac3-de81602aa1d5:192.168.36.88:34937], old=null, confs=<EMPTY_MAP>
2019-08-30 23:41:07,852 [pool-592-thread-1] INFO  server.RaftServerConfigKeys (ConfUtils.java:logGet(43)) - raft.server.storage.dir = [/workdir/hadoop-ozone/integration-test/target/test-dir/MiniOzoneClusterImpl-114e42e4-73b4-4267-990c-8675b38dec53/datanode-0/data/ratis] (custom)
2019-08-30 23:41:07,852 [pool-592-thread-1] INFO  storage.RaftStorageDirectory (RaftStorageDirectory.java:analyzeStorage(246)) - The storage directory /workdir/hadoop-ozone/integration-test/target/test-dir/MiniOzoneClusterImpl-114e42e4-73b4-4267-990c-8675b38dec53/datanode-0/data/ratis/a0ee1d7e-a00a-4e8e-a043-0adc25ca8f6f does not exist. Creating ...
2019-08-30 23:41:07,853 [pool-7-thread-2] INFO  commands.RetriableDatanodeEventWatcher (RetriableDatanodeEventWatcher.java:onTimeout(47)) - RetriableDatanodeCommand type=deleteBlocksCommand with id=1567208456021 timed out. Retrying.
2019-08-30 23:41:07,868 [pool-7-thread-2] INFO  commands.RetriableDatanodeEventWatcher (RetriableDatanodeEventWatcher.java:onTimeout(47)) - RetriableDatanodeCommand type=deleteBlocksCommand with id=1567208456031 timed out. Retrying.
2019-08-30 23:41:07,884 [pool-7-thread-2] INFO  commands.RetriableDatanodeEventWatcher (RetriableDatanodeEventWatcher.java:onTimeout(47)) - RetriableDatanodeCommand type=deleteBlocksCommand with id=1567208455972 timed out. Retrying.
2019-08-30 23:41:07,884 [pool-7-thread-2] INFO  commands.RetriableDatanodeEventWatcher (RetriableDatanodeEventWatcher.java:onTimeout(47)) - RetriableDatanodeCommand type=deleteBlocksCommand with id=1567208456041 timed out. Retrying.
2019-08-30 23:41:07,901 [pool-7-thread-2] INFO  commands.RetriableDatanodeEventWatcher (RetriableDatanodeEventWatcher.java:onTimeout(47)) - RetriableDatanodeCommand type=deleteBlocksCommand with id=1567208455982 timed out. Retrying.
2019-08-30 23:41:07,901 [pool-7-thread-1] INFO  commands.RetriableDatanodeEventWatcher (RetriableDatanodeEventWatcher.java:onTimeout(47)) - RetriableDatanodeCommand type=deleteBlocksCommand with id=1567208456051 timed out. Retrying.
2019-08-30 23:41:07,909 [pool-592-thread-1] INFO  storage.RaftStorageDirectory (RaftStorageDirectory.java:tryLock(328)) - Lock on /workdir/hadoop-ozone/integration-test/target/test-dir/MiniOzoneClusterImpl-114e42e4-73b4-4267-990c-8675b38dec53/datanode-0/data/ratis/a0ee1d7e-a00a-4e8e-a043-0adc25ca8f6f/in_use.lock acquired by nodename 4655@pr-hdds-1909-plfbr-3209385976
2019-08-30 23:41:07,914 [pool-7-thread-1] INFO  commands.RetriableDatanodeEventWatcher (RetriableDatanodeEventWatcher.java:onTimeout(47)) - RetriableDatanodeCommand type=deleteBlocksCommand with id=1567208456061 timed out. Retrying.
2019-08-30 23:41:07,918 [pool-7-thread-1] INFO  commands.RetriableDatanodeEventWatcher (RetriableDatanodeEventWatcher.java:onTimeout(47)) - RetriableDatanodeCommand type=deleteBlocksCommand with id=1567208455992 timed out. Retrying.
2019-08-30 23:41:07,924 [pool-592-thread-1] INFO  storage.RaftStorage (RaftStorage.java:format(72)) - Storage directory /workdir/hadoop-ozone/integration-test/target/test-dir/MiniOzoneClusterImpl-114e42e4-73b4-4267-990c-8675b38dec53/datanode-0/data/ratis/a0ee1d7e-a00a-4e8e-a043-0adc25ca8f6f has been successfully formatted.
2019-08-30 23:41:07,926 [pool-592-thread-1] INFO  ratis.ContainerStateMachine (ContainerStateMachine.java:loadSnapshot(227)) - group-0ADC25CA8F6F: The snapshot info is null. Setting the last applied indexto:(t:0, i:~)
2019-08-30 23:41:07,926 [pool-592-thread-1] INFO  server.RaftServerConfigKeys (ConfUtils.java:logGet(43)) - raft.server.leader.election.timeout = 120s (custom)
2019-08-30 23:41:07,926 [pool-592-thread-1] INFO  server.RaftServerConfigKeys (ConfUtils.java:logGet(43)) - raft.server.log.use.memory = false (default)
2019-08-30 23:41:07,926 [pool-592-thread-1] INFO  server.RaftServerConfigKeys (ConfUtils.java:logGet(43)) - raft.server.log.purge.gap = 1000000 (custom)
2019-08-30 23:41:07,926 [pool-592-thread-1] INFO  server.RaftServerConfigKeys (ConfUtils.java:logGet(43)) - raft.server.log.appender.buffer.byte-limit = 33554432 (custom)
2019-08-30 23:41:07,926 [pool-592-thread-1] INFO  server.RaftServerConfigKeys (ConfUtils.java:logGet(43)) - raft.server.log.segment.size.max = 1048576 (custom)
2019-08-30 23:41:07,926 [pool-592-thread-1] INFO  server.RaftServerConfigKeys (ConfUtils.java:logGet(43)) - raft.server.log.segment.cache.num.max = 2 (custom)
2019-08-30 23:41:07,927 [pool-592-thread-1] INFO  segmented.SegmentedRaftLogWorker (SegmentedRaftLogWorker.java:<init>(172)) - new c9f1298e-d840-49d8-aac3-de81602aa1d5-SegmentedRaftLogWorker:Storage Directory /workdir/hadoop-ozone/integration-test/target/test-dir/MiniOzoneClusterImpl-114e42e4-73b4-4267-990c-8675b38dec53/datanode-0/data/ratis/a0ee1d7e-a00a-4e8e-a043-0adc25ca8f6f for RaftStorage:Storage Directory /workdir/hadoop-ozone/integration-test/target/test-dir/MiniOzoneClusterImpl-114e42e4-73b4-4267-990c-8675b38dec53/datanode-0/data/ratis/a0ee1d7e-a00a-4e8e-a043-0adc25ca8f6f
2019-08-30 23:41:07,927 [pool-592-thread-1] INFO  server.RaftServerConfigKeys (ConfUtils.java:logGet(43)) - raft.server.log.queue.byte-limit = 2147483647 (custom)
2019-08-30 23:41:07,927 [pool-592-thread-1] INFO  server.RaftServerConfigKeys (ConfUtils.java:logGet(43)) - raft.server.log.queue.element-limit = 1024 (custom)
2019-08-30 23:41:07,927 [pool-592-thread-1] INFO  server.RaftServerConfigKeys (ConfUtils.java:logGet(43)) - raft.server.log.segment.size.max = 1048576 (custom)
2019-08-30 23:41:07,927 [pool-592-thread-1] INFO  server.RaftServerConfigKeys (ConfUtils.java:logGet(43)) - raft.server.log.preallocated.size = 16384 (custom)
2019-08-30 23:41:07,927 [pool-7-thread-1] INFO  commands.RetriableDatanodeEventWatcher (ConfUtils.java:logGet(43)) - raft.server.log.write.buffer.size = 33554432 (custom)
2019-08-30 23:41:07,927 [pool-7-thread-1] INFO  commands.RetriableDatanodeEventWatcher (RetriableDatanodeEventWatcher.java:onTimeout(47)) - RetriableDatanodeCommand type=deleteBlocksCommand with id=1567208456002 timed out. Retrying.
2019-08-30 23:41:07,928 [pool-592-thread-1] INFO  server.RaftServerConfigKeys (ConfUtils.java:logGet(43)) - raft.server.log.force.sync.num = 128 (default)
2019-08-30 23:41:07,928 [pool-7-thread-1] INFO  commands.RetriableDatanodeEventWatcher (ConfUtils.java:logGet(43)) - raft.server.log.statemachine.data.sync = true (default)
2019-08-30 23:41:07,928 [pool-7-thread-1] INFO  commands.RetriableDatanodeEventWatcher (RetriableDatanodeEventWatcher.java:onTimeout(47)) - RetriableDatanodeCommand type=deleteBlocksCommand with id=1567208456071 timed out. Retrying.
2019-08-30 23:41:07,928 [pool-592-thread-1] INFO  server.RaftServerConfigKeys (ConfUtils.java:logGet(43)) - raft.server.log.statemachine.data.sync.timeout = 10s (default)
2019-08-30 23:41:07,929 [pool-592-thread-1] INFO  server.RaftServerConfigKeys (ConfUtils.java:logGet(43)) - raft.server.log.statemachine.data.sync.timeout.retry = -1 (default)
2019-08-30 23:41:07,929 [pool-592-thread-1] INFO  server.RaftServerConfigKeys (ConfUtils.java:logGet(43)) - raft.server.log.statemachine.data.caching.enabled = true (custom)
2019-08-30 23:41:07,929 [pool-592-thread-1] INFO  segmented.SegmentedRaftLogWorker (SegmentedRaftLogWorker.java:lambda$new$0(132)) - c9f1298e-d840-49d8-aac3-de81602aa1d5-SegmentedRaftLogWorker:Storage Directory /workdir/hadoop-ozone/integration-test/target/test-dir/MiniOzoneClusterImpl-114e42e4-73b4-4267-990c-8675b38dec53/datanode-0/data/ratis/a0ee1d7e-a00a-4e8e-a043-0adc25ca8f6f: flushIndex: setUnconditionally 0 -> -1
2019-08-30 23:41:07,929 [pool-592-thread-1] INFO  server.RaftServerConfigKeys (ConfUtils.java:logGet(43)) - raft.server.snapshot.auto.trigger.enabled = true (custom)
2019-08-30 23:41:07,929 [pool-592-thread-1] INFO  server.RaftServerConfigKeys (ConfUtils.java:logGet(43)) - raft.server.snapshot.auto.trigger.threshold = 10000 (custom)
2019-08-30 23:41:07,930 [pool-592-thread-1] INFO  server.RaftServerConfigKeys (ConfUtils.java:logGet(43)) - raft.server.retrycache.expirytime = 600000ms (custom)
2019-08-30 23:41:07,930 [pool-592-thread-1] INFO  impl.RaftServerImpl (RaftServerImpl.java:start(180)) - c9f1298e-d840-49d8-aac3-de81602aa1d5: start group-0ADC25CA8F6F
2019-08-30 23:41:07,930 [pool-592-thread-1] INFO  impl.RaftServerImpl (RaftServerImpl.java:setRole(171)) - c9f1298e-d840-49d8-aac3-de81602aa1d5:group-0ADC25CA8F6F changes role from null to FOLLOWER at term 0 for startAsFollower
2019-08-30 23:41:07,930 [pool-592-thread-1] INFO  impl.RoleInfo (RoleInfo.java:updateAndGet(143)) - c9f1298e-d840-49d8-aac3-de81602aa1d5: start FollowerState
2019-08-30 23:41:07,931 [pool-592-thread-1] INFO  util.JmxRegister (JmxRegister.java:tryRegister(44)) - Successfully registered JMX Bean with object name Ratis:service=RaftServer,group=group-0ADC25CA8F6F,id=c9f1298e-d840-49d8-aac3-de81602aa1d5
2019-08-30 23:41:07,937 [RatisPipelineUtilsThread] INFO  pipeline.PipelineStateManager (PipelineStateManager.java:addPipeline(56)) - Created pipeline Pipeline[ Id: a0ee1d7e-a00a-4e8e-a043-0adc25ca8f6f, Nodes: c9f1298e-d840-49d8-aac3-de81602aa1d5{ip: 192.168.36.88, host: pr-hdds-1909-plfbr-3209385976, networkLocation: /default-rack, certSerialId: null}, Type:RATIS, Factor:ONE, State:OPEN]
2019-08-30 23:41:07,941 [pool-7-thread-1] INFO  commands.RetriableDatanodeEventWatcher (RetriableDatanodeEventWatcher.java:onTimeout(47)) - RetriableDatanodeCommand type=deleteBlocksCommand with id=1567208456012 timed out. Retrying.
2019-08-30 23:41:07,943 [SCMBlockDeletingService#1] DEBUG block.SCMBlockDeletingService (SCMBlockDeletingService.java:call(138)) - Running DeletedBlockTransactionScanner
2019-08-30 23:41:07,943 [SCMBlockDeletingService#1] DEBUG block.SCMBlockDeletingService (SCMBlockDeletingService.java:call(155)) - Scanned deleted blocks log and got 3 delTX to process.
2019-08-30 23:41:07,944 [SCMBlockDeletingService#1] DEBUG block.SCMBlockDeletingService (SCMBlockDeletingService.java:call(171)) - Added delete block command for datanode c9f1298e-d840-49d8-aac3-de81602aa1d5 in the queue, number of delete block transactions: 3, TxID list: 1,2,3
2019-08-30 23:41:07,944 [SCMBlockDeletingService#1] INFO  block.SCMBlockDeletingService (SCMBlockDeletingService.java:call(182)) - Totally added 3 delete blocks command for 1 datanodes, task elapsed time: 1ms
2019-08-30 23:41:07,955 [pool-7-thread-1] INFO  commands.RetriableDatanodeEventWatcher (RetriableDatanodeEventWatcher.java:onTimeout(47)) - RetriableDatanodeCommand type=deleteBlocksCommand with id=1567208456022 timed out. Retrying.
2019-08-30 23:41:07,971 [pool-7-thread-1] INFO  commands.RetriableDatanodeEventWatcher (RetriableDatanodeEventWatcher.java:onTimeout(47)) - RetriableDatanodeCommand type=deleteBlocksCommand with id=1567208455963 timed out. Retrying.
2019-08-30 23:41:07,972 [pool-7-thread-2] INFO  commands.RetriableDatanodeEventWatcher (RetriableDatanodeEventWatcher.java:onTimeout(47)) - RetriableDatanodeCommand type=deleteBlocksCommand with id=1567208456032 timed out. Retrying.
2019-08-30 23:41:07,987 [pool-7-thread-2] INFO  commands.RetriableDatanodeEventWatcher (RetriableDatanodeEventWatcher.java:onTimeout(47)) - RetriableDatanodeCommand type=deleteBlocksCommand with id=1567208455973 timed out. Retrying.
2019-08-30 23:41:07,987 [pool-7-thread-1] INFO  commands.RetriableDatanodeEventWatcher (RetriableDatanodeEventWatcher.java:onTimeout(47)) - RetriableDatanodeCommand type=deleteBlocksCommand with id=1567208456042 timed out. Retrying.
2019-08-30 23:41:08,001 [pool-7-thread-1] INFO  commands.RetriableDatanodeEventWatcher (RetriableDatanodeEventWatcher.java:onTimeout(47)) - RetriableDatanodeCommand type=deleteBlocksCommand with id=1567208456052 timed out. Retrying.
2019-08-30 23:41:08,003 [pool-7-thread-1] INFO  commands.RetriableDatanodeEventWatcher (RetriableDatanodeEventWatcher.java:onTimeout(47)) - RetriableDatanodeCommand type=deleteBlocksCommand with id=1567208455983 timed out. Retrying.
2019-08-30 23:41:08,013 [pool-7-thread-1] INFO  commands.RetriableDatanodeEventWatcher (RetriableDatanodeEventWatcher.java:onTimeout(47)) - RetriableDatanodeCommand type=deleteBlocksCommand with id=1567208455993 timed out. Retrying.
2019-08-30 23:41:08,015 [pool-7-thread-1] INFO  commands.RetriableDatanodeEventWatcher (RetriableDatanodeEventWatcher.java:onTimeout(47)) - RetriableDatanodeCommand type=deleteBlocksCommand with id=1567208456062 timed out. Retrying.
2019-08-30 23:41:08,030 [pool-7-thread-1] INFO  commands.RetriableDatanodeEventWatcher (RetriableDatanodeEventWatcher.java:onTimeout(47)) - RetriableDatanodeCommand type=deleteBlocksCommand with id=1567208456003 timed out. Retrying.
2019-08-30 23:41:08,030 [pool-7-thread-1] INFO  commands.RetriableDatanodeEventWatcher (RetriableDatanodeEventWatcher.java:onTimeout(47)) - RetriableDatanodeCommand type=deleteBlocksCommand with id=1567208456072 timed out. Retrying.
2019-08-30 23:41:08,043 [pool-7-thread-1] INFO  commands.RetriableDatanodeEventWatcher (RetriableDatanodeEventWatcher.java:onTimeout(47)) - RetriableDatanodeCommand type=deleteBlocksCommand with id=1567208456013 timed out. Retrying.
2019-08-30 23:41:08,044 [SCMBlockDeletingService#1] DEBUG block.SCMBlockDeletingService (SCMBlockDeletingService.java:call(138)) - Running DeletedBlockTransactionScanner
2019-08-30 23:41:08,045 [SCMBlockDeletingService#1] DEBUG block.SCMBlockDeletingService (SCMBlockDeletingService.java:call(155)) - Scanned deleted blocks log and got 3 delTX to process.
2019-08-30 23:41:08,045 [SCMBlockDeletingService#1] DEBUG block.SCMBlockDeletingService (SCMBlockDeletingService.java:call(171)) - Added delete block command for datanode c9f1298e-d840-49d8-aac3-de81602aa1d5 in the queue, number of delete block transactions: 3, TxID list: 1,2,3
2019-08-30 23:41:08,045 [SCMBlockDeletingService#1] INFO  block.SCMBlockDeletingService (SCMBlockDeletingService.java:call(182)) - Totally added 3 delete blocks command for 1 datanodes, task elapsed time: 1ms
2019-08-30 23:41:08,058 [pool-7-thread-1] INFO  commands.RetriableDatanodeEventWatcher (RetriableDatanodeEventWatcher.java:onTimeout(47)) - RetriableDatanodeCommand type=deleteBlocksCommand with id=1567208456023 timed out. Retrying.
2019-08-30 23:41:08,073 [pool-7-thread-1] INFO  commands.RetriableDatanodeEventWatcher (RetriableDatanodeEventWatcher.java:onTimeout(47)) - RetriableDatanodeCommand type=deleteBlocksCommand with id=1567208455964 timed out. Retrying.
2019-08-30 23:41:08,073 [pool-7-thread-2] INFO  commands.RetriableDatanodeEventWatcher (RetriableDatanodeEventWatcher.java:onTimeout(47)) - RetriableDatanodeCommand type=deleteBlocksCommand with id=1567208456033 timed out. Retrying.
2019-08-30 23:41:08,087 [pool-7-thread-2] INFO  commands.RetriableDatanodeEventWatcher (RetriableDatanodeEventWatcher.java:onTimeout(47)) - RetriableDatanodeCommand type=deleteBlocksCommand with id=1567208456043 timed out. Retrying.
2019-08-30 23:41:08,089 [pool-7-thread-2] INFO  commands.RetriableDatanodeEventWatcher (RetriableDatanodeEventWatcher.java:onTimeout(47)) - RetriableDatanodeCommand type=deleteBlocksCommand with id=1567208455974 timed out. Retrying.
2019-08-30 23:41:08,103 [pool-7-thread-2] INFO  commands.RetriableDatanodeEventWatcher (RetriableDatanodeEventWatcher.java:onTimeout(47)) - RetriableDatanodeCommand type=deleteBlocksCommand with id=1567208455984 timed out. Retrying.
2019-08-30 23:41:08,103 [pool-7-thread-1] INFO  commands.RetriableDatanodeEventWatcher (RetriableDatanodeEventWatcher.java:onTimeout(47)) - RetriableDatanodeCommand type=deleteBlocksCommand with id=1567208456053 timed out. Retrying.
2019-08-30 23:41:08,116 [pool-7-thread-1] INFO  commands.RetriableDatanodeEventWatcher (RetriableDatanodeEventWatcher.java:onTimeout(47)) - RetriableDatanodeCommand type=deleteBlocksCommand with id=1567208455994 timed out. Retrying.
2019-08-30 23:41:08,117 [pool-7-thread-1] INFO  commands.RetriableDatanodeEventWatcher (RetriableDatanodeEventWatcher.java:onTimeout(47)) - RetriableDatanodeCommand type=deleteBlocksCommand with id=1567208456063 timed out. Retrying.
2019-08-30 23:41:08,132 [pool-7-thread-1] INFO  commands.RetriableDatanodeEventWatcher (RetriableDatanodeEventWatcher.java:onTimeout(47)) - RetriableDatanodeCommand type=deleteBlocksCommand with id=1567208456073 timed out. Retrying.
2019-08-30 23:41:08,132 [pool-7-thread-2] INFO  commands.RetriableDatanodeEventWatcher (RetriableDatanodeEventWatcher.java:onTimeout(47)) - RetriableDatanodeCommand type=deleteBlocksCommand with id=1567208456004 timed out. Retrying.
2019-08-30 23:41:08,146 [SCMBlockDeletingService#1] DEBUG block.SCMBlockDeletingService (SCMBlockDeletingService.java:call(138)) - Running DeletedBlockTransactionScanner
2019-08-30 23:41:08,146 [SCMBlockDeletingService#1] DEBUG block.SCMBlockDeletingService (SCMBlockDeletingService.java:call(155)) - Scanned deleted blocks log and got 3 delTX to process.
2019-08-30 23:41:08,146 [SCMBlockDeletingService#1] DEBUG block.SCMBlockDeletingService (SCMBlockDeletingService.java:call(171)) - RetriableDatanodeEventWatcher.java:onTimeout(47)) - RetriableDatanodeCommand type=deleteBlocksCommand with id=1567208456014 timed out. Retrying.Added delete block command for datanode c9f1298e-d840-49d8-aac3-de81602aa1d5 in the queue, number of delete block transactions: 3, TxID list: 1,2,3
2019-08-30 23:41:08,146 [pool-7-thread-2] INFO  commands.RetriableDatanodeEventWatcher (RetriableDatanodeEventWatcher.java:onTimeout(47)) - RetriableDatanodeCommand type=deleteBlocksCommand with id=1567208456014 timed out. Retrying.
2019-08-30 23:41:08,147 [SCMBlockDeletingService#1] INFO  block.SCMBlockDeletingService (SCMBlockDeletingService.java:call(182)) - Totally added 3 delete blocks command for 1 datanodes, task elapsed time: 1ms
2019-08-30 23:41:08,158 [pool-7-thread-2] INFO  commands.RetriableDatanodeEventWatcher (RetriableDatanodeEventWatcher.java:onTimeout(47)) - RetriableDatanodeCommand type=deleteBlocksCommand with id=1567208456024 timed out. Retrying.
2019-08-30 23:41:08,174 [pool-7-thread-1] INFO  commands.RetriableDatanodeEventWatcher (RetriableDatanodeEventWatcher.java:onTimeout(47)) - RetriableDatanodeCommand type=deleteBlocksCommand with id=1567208456034 timed out. Retrying.
2019-08-30 23:41:08,175 [pool-7-thread-2] INFO  commands.RetriableDatanodeEventWatcher (RetriableDatanodeEventWatcher.java:onTimeout(47)) - RetriableDatanodeCommand type=deleteBlocksCommand with id=1567208455965 timed out. Retrying.
2019-08-30 23:41:08,190 [pool-7-thread-2] INFO  commands.RetriableDatanodeEventWatcher (RetriableDatanodeEventWatcher.java:onTimeout(47)) - RetriableDatanodeCommand type=deleteBlocksCommand with id=1567208455975 timed out. Retrying.
2019-08-30 23:41:08,191 [pool-7-thread-1] INFO  commands.RetriableDatanodeEventWatcher (RetriableDatanodeEventWatcher.java:onTimeout(47)) - RetriableDatanodeCommand type=deleteBlocksCommand with id=1567208456044 timed out. Retrying.
2019-08-30 23:41:08,204 [pool-7-thread-1] INFO  commands.RetriableDatanodeEventWatcher (RetriableDatanodeEventWatcher.java:onTimeout(47)) - RetriableDatanodeCommand type=deleteBlocksCommand with id=1567208456054 timed out. Retrying.
2019-08-30 23:41:08,207 [pool-7-thread-1] INFO  commands.RetriableDatanodeEventWatcher (RetriableDatanodeEventWatcher.java:onTimeout(47)) - RetriableDatanodeCommand type=deleteBlocksCommand with id=1567208455985 timed out. Retrying.
2019-08-30 23:41:08,216 [pool-7-thread-1] INFO  commands.RetriableDatanodeEventWatcher (RetriableDatanodeEventWatcher.java:onTimeout(47)) - RetriableDatanodeCommand type=deleteBlocksCommand with id=1567208455995 timed out. Retrying.
2019-08-30 23:41:08,218 [pool-7-thread-1] INFO  commands.RetriableDatanodeEventWatcher (RetriableDatanodeEventWatcher.java:onTimeout(47)) - RetriableDatanodeCommand type=deleteBlocksCommand with id=1567208456064 timed out. Retrying.
2019-08-30 23:41:08,233 [pool-7-thread-1] INFO  commands.RetriableDatanodeEventWatcher (RetriableDatanodeEventWatcher.java:onTimeout(47)) - RetriableDatanodeCommand type=deleteBlocksCommand with id=1567208456005 timed out. Retrying.
2019-08-30 23:41:08,234 [pool-7-thread-1] INFO  commands.RetriableDatanodeEventWatcher (RetriableDatanodeEventWatcher.java:onTimeout(47)) - RetriableDatanodeCommand type=deleteBlocksCommand with id=1567208456074 timed out. Retrying.
2019-08-30 23:41:08,244 [pool-7-thread-1] INFO  commands.RetriableDatanodeEventWatcher (RetriableDatanodeEventWatcher.java:onTimeout(47)) - RetriableDatanodeCommand type=deleteBlocksCommand with id=1567208456015 timed out. Retrying.
2019-08-30 23:41:08,247 [SCMBlockDeletingService#1] DEBUG block.SCMBlockDeletingService (SCMBlockDeletingService.java:call(138)) - Running DeletedBlockTransactionScanner
2019-08-30 23:41:08,248 [SCMBlockDeletingService#1] DEBUG block.SCMBlockDeletingService (SCMBlockDeletingService.java:call(155)) - Scanned deleted blocks log and got 3 delTX to process.
2019-08-30 23:41:08,248 [SCMBlockDeletingService#1] DEBUG block.SCMBlockDeletingService (SCMBlockDeletingService.java:call(171)) - Added delete block command for datanode c9f1298e-d840-49d8-aac3-de81602aa1d5 in the queue, number of delete block transactions: 3, TxID list: 1,2,3
2019-08-30 23:41:08,249 [SCMBlockDeletingService#1] INFO  block.SCMBlockDeletingService (SCMBlockDeletingService.java:call(182)) - Totally added 3 delete blocks command for 1 datanodes, task elapsed time: 1ms
2019-08-30 23:41:08,260 [pool-7-thread-1] INFO  commands.RetriableDatanodeEventWatcher (RetriableDatanodeEventWatcher.java:onTimeout(47)) - RetriableDatanodeCommand type=deleteBlocksCommand with id=1567208456025 timed out. Retrying.
2019-08-30 23:41:08,327 [pool-7-thread-1] INFO  commands.RetriableDatanodeEventWatcher (RetriableDatanodeEventWatcher.java:onTimeout(47)) - RetriableDatanodeCommand type=deleteBlocksCommand with id=1567208456065 timed out. Retrying.
2019-08-30 23:41:08,342 [pool-7-thread-3] INFO  commands.RetriableDatanodeEventWatcher (RetriableDatanodeEventWatcher.java:onTimeout(47)) - RetriableDatanodeCommand type=deleteBlocksCommand with id=1567208455976 timed out. Retrying.
2019-08-30 23:41:08,344 [pool-7-thread-2] INFO  commands.RetriableDatanodeEventWatcher (RetriableDatanodeEventWatcher.java:onTimeout(47)) - RetriableDatanodeCommand type=deleteBlocksCommand with id=1567208455966 timed out. Retrying.
2019-08-30 23:41:08,344 [pool-7-thread-3] INFO  commands.RetriableDatanodeEventWatcher (RetriableDatanodeEventWatcher.java:onTimeout(47)) - RetriableDatanodeCommand type=deleteBlocksCommand with id=1567208456035 timed out. Retrying.
2019-08-30 23:41:08,344 [pool-7-thread-1] INFO  commands.RetriableDatanodeEventWatcher (RetriableDatanodeEventWatcher.java:onTimeout(47)) - RetriableDatanodeCommand type=deleteBlocksCommand with id=1567208456006 timed out. Retrying.
2019-08-30 23:41:08,344 [pool-7-thread-5] INFO  commands.RetriableDatanodeEventWatcher (RetriableDatanodeEventWatcher.java:onTimeout(47)) - RetriableDatanodeCommand type=deleteBlocksCommand with id=1567208455986 timed out. Retrying.
2019-08-30 23:41:08,346 [pool-7-thread-4] INFO  commands.RetriableDatanodeEventWatcher (RetriableDatanodeEventWatcher.java:onTimeout(47)) - RetriableDatanodeCommand type=deleteBlocksCommand with id=1567208455996 timed out. Retrying.
2019-08-30 23:41:08,349 [pool-7-thread-1] INFO  commands.RetriableDatanodeEventWatcher (RetriableDatanodeEventWatcher.java:onTimeout(47)) - RetriableDatanodeCommand type=deleteBlocksCommand with id=1567208456016 timed out. Retrying.
2019-08-30 23:41:08,349 [pool-7-thread-5] INFO  commands.RetriableDatanodeEventWatcher (RetriableDatanodeEventWatcher.java:onTimeout(47)) - RetriableDatanodeCommand type=deleteBlocksCommand with id=1567208456075 timed out. Retrying.
2019-08-30 23:41:08,349 [pool-7-thread-7] INFO  commands.RetriableDatanodeEventWatcher (RetriableDatanodeEventWatcher.java:onTimeout(47)) - SCMBlockDeletingService.java:call(138)) - RetriableDatanodeCommand type=deleteBlocksCommand with id=1567208456055 timed out. Retrying.
Running DeletedBlockTransactionScanner
2019-08-30 23:41:08,349 [pool-7-thread-7] INFO  commands.RetriableDatanodeEventWatcher (RetriableDatanodeEventWatcher.java:onTimeout(47)) - RetriableDatanodeCommand type=deleteBlocksCommand with id=1567208456055 timed out. Retrying.
2019-08-30 23:41:08,350 [pool-7-thread-6] INFO  commands.RetriableDatanodeEventWatcher (RetriableDatanodeEventWatcher.java:onTimeout(47)) - RetriableDatanodeCommand type=deleteBlocksCommand with id=1567208456045 timed out. Retrying.
2019-08-30 23:41:08,350 [SCMBlockDeletingService#0] DEBUG block.SCMBlockDeletingService (SCMBlockDeletingService.java:call(155)) - Scanned deleted blocks log and got 3 delTX to process.
2019-08-30 23:41:08,350 [SCMBlockDeletingService#0] DEBUG block.SCMBlockDeletingService (SCMBlockDeletingService.java:call(171)) - Added delete block command for datanode c9f1298e-d840-49d8-aac3-de81602aa1d5 in the queue, number of delete block transactions: 3, TxID list: 1,2,3
2019-08-30 23:41:08,351 [SCMBlockDeletingService#0] INFO  block.SCMBlockDeletingService (SCMBlockDeletingService.java:call(182)) - Totally added 3 delete blocks command for 1 datanodes, task elapsed time: 1ms
2019-08-30 23:41:08,361 [pool-7-thread-6] INFO  commands.RetriableDatanodeEventWatcher (RetriableDatanodeEventWatcher.java:onTimeout(47)) - RetriableDatanodeCommand type=deleteBlocksCommand with id=1567208456026 timed out. Retrying.
2019-08-30 23:41:08,376 [pool-7-thread-6] INFO  commands.RetriableDatanodeEventWatcher (RetriableDatanodeEventWatcher.java:onTimeout(47)) - RetriableDatanodeCommand type=deleteBlocksCommand with id=1567208456036 timed out. Retrying.
2019-08-30 23:41:08,379 [pool-7-thread-6] INFO  commands.RetriableDatanodeEventWatcher (RetriableDatanodeEventWatcher.java:onTimeout(47)) - RetriableDatanodeCommand type=deleteBlocksCommand with id=1567208455967 timed out. Retrying.
2019-08-30 23:41:08,390 [pool-7-thread-6] INFO  commands.RetriableDatanodeEventWatcher (RetriableDatanodeEventWatcher.java:onTimeout(47)) - RetriableDatanodeCommand type=deleteBlocksCommand with id=1567208455977 timed out. Retrying.
2019-08-30 23:41:08,392 [pool-7-thread-6] INFO  commands.RetriableDatanodeEventWatcher (RetriableDatanodeEventWatcher.java:onTimeout(47)) - RetriableDatanodeCommand type=deleteBlocksCommand with id=1567208456046 timed out. Retrying.
2019-08-30 23:41:08,408 [pool-7-thread-6] INFO  commands.RetriableDatanodeEventWatcher (RetriableDatanodeEventWatcher.java:onTimeout(47)) - RetriableDatanodeCommand type=deleteBlocksCommand with id=1567208455987 timed out. Retrying.
2019-08-30 23:41:08,408 [pool-7-thread-7] INFO  commands.RetriableDatanodeEventWatcher (RetriableDatanodeEventWatcher.java:onTimeout(47)) - RetriableDatanodeCommand type=deleteBlocksCommand with id=1567208456056 timed out. Retrying.
2019-08-30 23:41:08,421 [pool-7-thread-7] INFO  commands.RetriableDatanodeEventWatcher (RetriableDatanodeEventWatcher.java:onTimeout(47)) - RetriableDatanodeCommand type=deleteBlocksCommand with id=1567208456066 timed out. Retrying.
2019-08-30 23:41:08,421 [pool-7-thread-6] INFO  commands.RetriableDatanodeEventWatcher (RetriableDatanodeEventWatcher.java:onTimeout(47)) - RetriableDatanodeCommand type=deleteBlocksCommand with id=1567208455997 timed out. Retrying.
2019-08-30 23:41:08,433 [pool-7-thread-6] INFO  commands.RetriableDatanodeEventWatcher (RetriableDatanodeEventWatcher.java:onTimeout(47)) - RetriableDatanodeCommand type=deleteBlocksCommand with id=1567208456007 timed out. Retrying.
2019-08-30 23:41:08,436 [pool-7-thread-6] INFO  commands.RetriableDatanodeEventWatcher (RetriableDatanodeEventWatcher.java:onTimeout(47)) - RetriableDatanodeCommand type=deleteBlocksCommand with id=1567208456076 timed out. Retrying.
2019-08-30 23:41:08,449 [pool-7-thread-6] INFO  commands.RetriableDatanodeEventWatcher (RetriableDatanodeEventWatcher.java:onTimeout(47)) - RetriableDatanodeCommand type=deleteBlocksCommand with id=1567208456017 timed out. Retrying.
2019-08-30 23:41:08,451 [SCMBlockDeletingService#0] DEBUG block.SCMBlockDeletingService (SCMBlockDeletingService.java:call(138)) - Running DeletedBlockTransactionScanner
2019-08-30 23:41:08,452 [SCMBlockDeletingService#0] DEBUG block.SCMBlockDeletingService (SCMBlockDeletingService.java:call(155)) - Scanned deleted blocks log and got 3 delTX to process.
2019-08-30 23:41:08,452 [SCMBlockDeletingService#0] DEBUG block.SCMBlockDeletingService (SCMBlockDeletingService.java:call(171)) - Added delete block command for datanode c9f1298e-d840-49d8-aac3-de81602aa1d5 in the queue, number of delete block transactions: 3, TxID list: 1,2,3
2019-08-30 23:41:08,452 [SCMBlockDeletingService#0] INFO  block.SCMBlockDeletingService (SCMBlockDeletingService.java:call(182)) - Totally added 3 delete blocks command for 1 datanodes, task elapsed time: 2ms
2019-08-30 23:41:08,461 [pool-7-thread-6] INFO  commands.RetriableDatanodeEventWatcher (RetriableDatanodeEventWatcher.java:onTimeout(47)) - RetriableDatanodeCommand type=deleteBlocksCommand with id=1567208456027 timed out. Retrying.
2019-08-30 23:41:08,478 [pool-7-thread-6] INFO  commands.RetriableDatanodeEventWatcher (RetriableDatanodeEventWatcher.java:onTimeout(47)) - RetriableDatanodeCommand type=deleteBlocksCommand with id=1567208455968 timed out. Retrying.
2019-08-30 23:41:08,478 [pool-7-thread-7] INFO  commands.RetriableDatanodeEventWatcher (RetriableDatanodeEventWatcher.java:onTimeout(47)) - RetriableDatanodeCommand type=deleteBlocksCommand with id=1567208456037 timed out. Retrying.
2019-08-30 23:41:08,495 [pool-7-thread-7] INFO  commands.RetriableDatanodeEventWatcher (RetriableDatanodeEventWatcher.java:onTimeout(47)) - RetriableDatanodeCommand type=deleteBlocksCommand with id=1567208455978 timed out. Retrying.
2019-08-30 23:41:08,495 [pool-7-thread-6] INFO  commands.RetriableDatanodeEventWatcher (RetriableDatanodeEventWatcher.java:onTimeout(47)) - RetriableDatanodeCommand type=deleteBlocksCommand with id=1567208456047 timed out. Retrying.
2019-08-30 23:41:08,510 [pool-7-thread-6] INFO  commands.RetriableDatanodeEventWatcher (RetriableDatanodeEventWatcher.java:onTimeout(47)) - RetriableDatanodeCommand type=deleteBlocksCommand with id=1567208455988 timed out. Retrying.
2019-08-30 23:41:08,510 [pool-7-thread-7] INFO  commands.RetriableDatanodeEventWatcher (RetriableDatanodeEventWatcher.java:onTimeout(47)) - RetriableDatanodeCommand type=deleteBlocksCommand with id=1567208456057 timed out. Retrying.
2019-08-30 23:41:08,522 [pool-7-thread-7] INFO  commands.RetriableDatanodeEventWatcher (RetriableDatanodeEventWatcher.java:onTimeout(47)) - RetriableDatanodeCommand type=deleteBlocksCommand with id=1567208455998 timed out. Retrying.
2019-08-30 23:41:08,522 [pool-7-thread-7] INFO  commands.RetriableDatanodeEventWatcher (RetriableDatanodeEventWatcher.java:onTimeout(47)) - RetriableDatanodeCommand type=deleteBlocksCommand with id=1567208456067 timed out. Retrying.
2019-08-30 23:41:08,535 [pool-7-thread-7] INFO  commands.RetriableDatanodeEventWatcher (RetriableDatanodeEventWatcher.java:onTimeout(47)) - RetriableDatanodeCommand type=deleteBlocksCommand with id=1567208456008 timed out. Retrying.
2019-08-30 23:41:08,538 [pool-7-thread-7] INFO  commands.RetriableDatanodeEventWatcher (RetriableDatanodeEventWatcher.java:onTimeout(47)) - RetriableDatanodeCommand type=deleteBlocksCommand with id=1567208456077 timed out. Retrying.
2019-08-30 23:41:08,548 [pool-7-thread-7] INFO  commands.RetriableDatanodeEventWatcher (RetriableDatanodeEventWatcher.java:onTimeout(47)) - RetriableDatanodeCommand type=deleteBlocksCommand with id=1567208456018 timed out. Retrying.
2019-08-30 23:41:08,553 [SCMBlockDeletingService#0] DEBUG block.SCMBlockDeletingService (SCMBlockDeletingService.java:call(138)) - Running DeletedBlockTransactionScanner
2019-08-30 23:41:08,553 [SCMBlockDeletingService#0] DEBUG block.SCMBlockDeletingService (SCMBlockDeletingService.java:call(155)) - Scanned deleted blocks log and got 3 delTX to process.
2019-08-30 23:41:08,554 [SCMBlockDeletingService#0] DEBUG block.SCMBlockDeletingService (SCMBlockDeletingService.java:call(171)) - Added delete block command for datanode c9f1298e-d840-49d8-aac3-de81602aa1d5 in the queue, number of delete block transactions: 3, TxID list: 1,2,3
2019-08-30 23:41:08,554 [SCMBlockDeletingService#0] INFO  block.SCMBlockDeletingService (SCMBlockDeletingService.java:call(182)) - Totally added 3 delete blocks command for 1 datanodes, task elapsed time: 1ms
2019-08-30 23:41:08,567 [pool-7-thread-7] INFO  commands.RetriableDatanodeEventWatcher (RetriableDatanodeEventWatcher.java:onTimeout(47)) - RetriableDatanodeCommand type=deleteBlocksCommand with id=1567208456028 timed out. Retrying.
2019-08-30 23:41:08,580 [pool-7-thread-7] INFO  commands.RetriableDatanodeEventWatcher (RetriableDatanodeEventWatcher.java:onTimeout(47)) - RetriableDatanodeCommand type=deleteBlocksCommand with id=1567208455969 timed out. Retrying.
2019-08-30 23:41:08,580 [pool-7-thread-6] INFO  commands.RetriableDatanodeEventWatcher (RetriableDatanodeEventWatcher.java:onTimeout(47)) - RetriableDatanodeCommand type=deleteBlocksCommand with id=1567208456038 timed out. Retrying.
2019-08-30 23:41:08,595 [pool-7-thread-6] INFO  commands.RetriableDatanodeEventWatcher (RetriableDatanodeEventWatcher.java:onTimeout(47)) - RetriableDatanodeCommand type=deleteBlocksCommand with id=1567208455979 timed out. Retrying.
2019-08-30 23:41:08,595 [pool-7-thread-7] INFO  commands.RetriableDatanodeEventWatcher (RetriableDatanodeEventWatcher.java:onTimeout(47)) - RetriableDatanodeCommand type=deleteBlocksCommand with id=1567208456048 timed out. Retrying.
2019-08-30 23:41:08,611 [pool-7-thread-7] INFO  commands.RetriableDatanodeEventWatcher (RetriableDatanodeEventWatcher.java:onTimeout(47)) - RetriableDatanodeCommand type=deleteBlocksCommand with id=1567208455989 timed out. Retrying.
2019-08-30 23:41:08,612 [pool-7-thread-6] INFO  commands.RetriableDatanodeEventWatcher (RetriableDatanodeEventWatcher.java:onTimeout(47)) - RetriableDatanodeCommand type=deleteBlocksCommand with id=1567208456058 timed out. Retrying.
2019-08-30 23:41:08,624 [pool-7-thread-6] INFO  commands.RetriableDatanodeEventWatcher (RetriableDatanodeEventWatcher.java:onTimeout(47)) - RetriableDatanodeCommand type=deleteBlocksCommand with id=1567208456068 timed out. Retrying.
2019-08-30 23:41:08,626 [pool-7-thread-6] INFO  commands.RetriableDatanodeEventWatcher (RetriableDatanodeEventWatcher.java:onTimeout(47)) - RetriableDatanodeCommand type=deleteBlocksCommand with id=1567208455999 timed out. Retrying.
2019-08-30 23:41:08,634 [pool-7-thread-6] INFO  commands.RetriableDatanodeEventWatcher (RetriableDatanodeEventWatcher.java:onTimeout(47)) - RetriableDatanodeCommand type=deleteBlocksCommand with id=1567208456009 timed out. Retrying.
2019-08-30 23:41:08,639 [pool-7-thread-6] INFO  commands.RetriableDatanodeEventWatcher (RetriableDatanodeEventWatcher.java:onTimeout(47)) - RetriableDatanodeCommand type=deleteBlocksCommand with id=1567208456078 timed out. Retrying.
2019-08-30 23:41:08,652 [pool-7-thread-6] INFO  commands.RetriableDatanodeEventWatcher (RetriableDatanodeEventWatcher.java:onTimeout(47)) - RetriableDatanodeCommand type=deleteBlocksCommand with id=1567208456019 timed out. Retrying.
2019-08-30 23:41:08,654 [SCMBlockDeletingService#0] DEBUG block.SCMBlockDeletingService (SCMBlockDeletingService.java:call(138)) - Running DeletedBlockTransactionScanner
2019-08-30 23:41:08,655 [SCMBlockDeletingService#0] DEBUG block.SCMBlockDeletingService (SCMBlockDeletingService.java:call(155)) - Scanned deleted blocks log and got 3 delTX to process.
2019-08-30 23:41:08,655 [SCMBlockDeletingService#0] DEBUG block.SCMBlockDeletingService (SCMBlockDeletingService.java:call(171)) - Added delete block command for datanode c9f1298e-d840-49d8-aac3-de81602aa1d5 in the queue, number of delete block transactions: 3, TxID list: 1,2,3
2019-08-30 23:41:08,655 [SCMBlockDeletingService#0] INFO  block.SCMBlockDeletingService (SCMBlockDeletingService.java:call(182)) - Totally added 3 delete blocks command for 1 datanodes, task elapsed time: 1ms
2019-08-30 23:41:08,665 [pool-7-thread-6] INFO  commands.RetriableDatanodeEventWatcher (RetriableDatanodeEventWatcher.java:onTimeout(47)) - RetriableDatanodeCommand type=deleteBlocksCommand with id=1567208456029 timed out. Retrying.
2019-08-30 23:41:08,683 [pool-7-thread-7] INFO  commands.RetriableDatanodeEventWatcher (RetriableDatanodeEventWatcher.java:onTimeout(47)) - RetriableDatanodeCommand type=deleteBlocksCommand with id=1567208456039 timed out. Retrying.
2019-08-30 23:41:08,683 [pool-7-thread-6] INFO  commands.RetriableDatanodeEventWatcher (RetriableDatanodeEventWatcher.java:onTimeout(47)) - RetriableDatanodeCommand type=deleteBlocksCommand with id=1567208455970 timed out. Retrying.
2019-08-30 23:41:08,696 [pool-7-thread-6] INFO  commands.RetriableDatanodeEventWatcher (RetriableDatanodeEventWatcher.java:onTimeout(47)) - RetriableDatanodeCommand type=deleteBlocksCommand with id=1567208455980 timed out. Retrying.
2019-08-30 23:41:08,696 [pool-7-thread-7] INFO  commands.RetriableDatanodeEventWatcher (RetriableDatanodeEventWatcher.java:onTimeout(47)) - RetriableDatanodeCommand type=deleteBlocksCommand with id=1567208456049 timed out. Retrying.
2019-08-30 23:41:08,712 [pool-7-thread-7] INFO  commands.RetriableDatanodeEventWatcher (RetriableDatanodeEventWatcher.java:onTimeout(47)) - RetriableDatanodeCommand type=deleteBlocksCommand with id=1567208456059 timed out. Retrying.
2019-08-30 23:41:08,725 [pool-7-thread-7] INFO  commands.RetriableDatanodeEventWatcher (RetriableDatanodeEventWatcher.java:onTimeout(47)) - RetriableDatanodeCommand type=deleteBlocksCommand with id=1567208455990 timed out. Retrying.
2019-08-30 23:41:08,727 [pool-7-thread-6] INFO  commands.RetriableDatanodeEventWatcher (RetriableDatanodeEventWatcher.java:onTimeout(47)) - RetriableDatanodeCommand type=deleteBlocksCommand with id=1567208456000 timed out. Retrying.
2019-08-30 23:41:08,727 [pool-7-thread-7] INFO  commands.RetriableDatanodeEventWatcher (RetriableDatanodeEventWatcher.java:onTimeout(47)) - RetriableDatanodeCommand type=deleteBlocksCommand with id=1567208456069 timed out. Retrying.
2019-08-30 23:41:08,738 [pool-7-thread-7] INFO  commands.RetriableDatanodeEventWatcher (RetriableDatanodeEventWatcher.java:onTimeout(47)) - RetriableDatanodeCommand type=deleteBlocksCommand with id=1567208456010 timed out. Retrying.
2019-08-30 23:41:08,741 [pool-7-thread-7] INFO  commands.RetriableDatanodeEventWatcher (RetriableDatanodeEventWatcher.java:onTimeout(47)) - RetriableDatanodeCommand type=deleteBlocksCommand with id=1567208456079 timed out. Retrying.
2019-08-30 23:41:08,752 [pool-7-thread-7] INFO  commands.RetriableDatanodeEventWatcher (RetriableDatanodeEventWatcher.java:onTimeout(47)) - RetriableDatanodeCommand type=deleteBlocksCommand with id=1567208456020 timed out. Retrying.
2019-08-30 23:41:08,756 [SCMBlockDeletingService#0] DEBUG block.SCMBlockDeletingService (SCMBlockDeletingService.java:call(138)) - Running DeletedBlockTransactionScanner
2019-08-30 23:41:08,756 [SCMBlockDeletingService#0] DEBUG block.SCMBlockDeletingService (SCMBlockDeletingService.java:call(155)) - Scanned deleted blocks log and got 3 delTX to process.
2019-08-30 23:41:08,756 [SCMBlockDeletingService#0] DEBUG block.SCMBlockDeletingService (SCMBlockDeletingService.java:call(171)) - Added delete block command for datanode c9f1298e-d840-49d8-aac3-de81602aa1d5 in the queue, number of delete block transactions: 3, TxID list: 1,2,3
2019-08-30 23:41:08,757 [SCMBlockDeletingService#0] INFO  block.SCMBlockDeletingService (SCMBlockDeletingService.java:call(182)) - Totally added 3 delete blocks command for 1 datanodes, task elapsed time: 1ms
2019-08-30 23:41:08,769 [pool-7-thread-7] INFO  commands.RetriableDatanodeEventWatcher (RetriableDatanodeEventWatcher.java:onTimeout(47)) - RetriableDatanodeCommand type=deleteBlocksCommand with id=1567208456030 timed out. Retrying.
2019-08-30 23:41:08,777 [main] INFO  ozone.MiniOzoneClusterImpl (MiniOzoneClusterImpl.java:lambda$waitForClusterToBeReady$0(140)) - Cluster is ready. Got 1 of 1 DN Heartbeats.
2019-08-30 23:41:08,782 [Datanode State Machine Thread - 0] ERROR statemachine.EndpointStateMachine (EndpointStateMachine.java:logIfNeeded(204)) - Unable to communicate to SCM server at 0.0.0.0:43891 for past 0 seconds.
java.net.SocketTimeoutException: Call From pr-hdds-1909-plfbr-3209385976/192.168.36.88 to 0.0.0.0:43891 failed on socket timeout exception: java.net.SocketTimeoutException: 1000 millis timeout while waiting for channel to be ready for read. ch : java.nio.channels.SocketChannel[connected local=/192.168.36.88:36856 remote=/0.0.0.0:43891]; For more details see:  http://wiki.apache.org/hadoop/SocketTimeout
	at sun.reflect.NativeConstructorAccessorImpl.newInstance0(Native Method)
	at sun.reflect.NativeConstructorAccessorImpl.newInstance(NativeConstructorAccessorImpl.java:62)
	at sun.reflect.DelegatingConstructorAccessorImpl.newInstance(DelegatingConstructorAccessorImpl.java:45)
	at java.lang.reflect.Constructor.newInstance(Constructor.java:423)
	at org.apache.hadoop.net.NetUtils.wrapWithMessage(NetUtils.java:831)
	at org.apache.hadoop.net.NetUtils.wrapException(NetUtils.java:775)
	at org.apache.hadoop.ipc.Client.getRpcResponse(Client.java:1515)
	at org.apache.hadoop.ipc.Client.call(Client.java:1457)
	at org.apache.hadoop.ipc.Client.call(Client.java:1367)
	at org.apache.hadoop.ipc.ProtobufRpcEngine$Invoker.invoke(ProtobufRpcEngine.java:228)
	at org.apache.hadoop.ipc.ProtobufRpcEngine$Invoker.invoke(ProtobufRpcEngine.java:116)
	at com.sun.proxy.$Proxy32.sendHeartbeat(Unknown Source)
	at org.apache.hadoop.ozone.protocolPB.StorageContainerDatanodeProtocolClientSideTranslatorPB.sendHeartbeat(StorageContainerDatanodeProtocolClientSideTranslatorPB.java:131)
	at org.apache.hadoop.ozone.container.common.states.endpoint.HeartbeatEndpointTask.call(HeartbeatEndpointTask.java:143)
	at org.apache.hadoop.ozone.container.common.states.endpoint.HeartbeatEndpointTask.call(HeartbeatEndpointTask.java:74)
	at java.util.concurrent.FutureTask.run(FutureTask.java:266)
	at java.util.concurrent.Executors$RunnableAdapter.call(Executors.java:511)
	at java.util.concurrent.FutureTask.run(FutureTask.java:266)
	at java.util.concurrent.ThreadPoolExecutor.runWorker(ThreadPoolExecutor.java:1149)
	at java.util.concurrent.ThreadPoolExecutor$Worker.run(ThreadPoolExecutor.java:624)
	at java.lang.Thread.run(Thread.java:748)
Caused by: java.net.SocketTimeoutException: 1000 millis timeout while waiting for channel to be ready for read. ch : java.nio.channels.SocketChannel[connected local=/192.168.36.88:36856 remote=/0.0.0.0:43891]
	at org.apache.hadoop.net.SocketIOWithTimeout.doIO(SocketIOWithTimeout.java:164)
	at org.apache.hadoop.net.SocketInputStream.read(SocketInputStream.java:161)
	at org.apache.hadoop.net.SocketInputStream.read(SocketInputStream.java:131)
	at java.io.FilterInputStream.read(FilterInputStream.java:133)
	at java.io.BufferedInputStream.fill(BufferedInputStream.java:246)
	at java.io.BufferedInputStream.read(BufferedInputStream.java:265)
	at java.io.FilterInputStream.read(FilterInputStream.java:83)
	at java.io.FilterInputStream.read(FilterInputStream.java:83)
	at org.apache.hadoop.ipc.Client$Connection$PingInputStream.read(Client.java:557)
	at java.io.DataInputStream.readInt(DataInputStream.java:387)
	at org.apache.hadoop.ipc.Client$IpcStreams.readResponse(Client.java:1816)
	at org.apache.hadoop.ipc.Client$Connection.receiveRpcResponse(Client.java:1173)
	at org.apache.hadoop.ipc.Client$Connection.run(Client.java:1069)
2019-08-30 23:41:08,784 [pool-7-thread-7] INFO  commands.RetriableDatanodeEventWatcher (RetriableDatanodeEventWatcher.java:onTimeout(47)) - RetriableDatanodeCommand type=deleteBlocksCommand with id=1567208455971 timed out. Retrying.
2019-08-30 23:41:08,787 [pool-7-thread-6] INFO  commands.RetriableDatanodeEventWatcher (RetriableDatanodeEventWatcher.java:onTimeout(47)) - RetriableDatanodeCommand type=deleteBlocksCommand with id=1567208456040 timed out. Retrying.
2019-08-30 23:41:08,794 [EventQueue-PendingDeleteStatusForPendingDeleteHandler] INFO  block.SCMBlockDeletingService (SCMBlockDeletingService.java:handlePendingDeletes(115)) - Block deletion txnID mismatch in datanode c9f1298e-d840-49d8-aac3-de81602aa1d5 for containerID 1. Datanode delete txnID: 0, SCM txnID: 1
2019-08-30 23:41:08,794 [EventQueue-PendingDeleteStatusForPendingDeleteHandler] INFO  block.SCMBlockDeletingService (SCMBlockDeletingService.java:handlePendingDeletes(115)) - Block deletion txnID mismatch in datanode c9f1298e-d840-49d8-aac3-de81602aa1d5 for containerID 2. Datanode delete txnID: 0, SCM txnID: 2
2019-08-30 23:41:08,794 [EventQueue-PendingDeleteStatusForPendingDeleteHandler] INFO  block.SCMBlockDeletingService (SCMBlockDeletingService.java:handlePendingDeletes(115)) - Block deletion txnID mismatch in datanode c9f1298e-d840-49d8-aac3-de81602aa1d5 for containerID 3. Datanode delete txnID: 0, SCM txnID: 3
2019-08-30 23:41:08,798 [pool-7-thread-6] INFO  commands.RetriableDatanodeEventWatcher (RetriableDatanodeEventWatcher.java:onTimeout(47)) - RetriableDatanodeCommand type=deleteBlocksCommand with id=1567208456050 timed out. Retrying.
2019-08-30 23:41:08,800 [pool-7-thread-6] INFO  commands.RetriableDatanodeEventWatcher (RetriableDatanodeEventWatcher.java:onTimeout(47)) - RetriableDatanodeCommand type=deleteBlocksCommand with id=1567208455981 timed out. Retrying.
2019-08-30 23:41:08,810 [pool-7-thread-6] INFO  commands.RetriableDatanodeEventWatcher (RetriableDatanodeEventWatcher.java:onTimeout(47)) - RetriableDatanodeCommand type=deleteBlocksCommand with id=1567208455991 timed out. Retrying.
2019-08-30 23:41:08,867 [SCMBlockDeletingService#0] DEBUG block.SCMBlockDeletingService (SCMBlockDeletingService.java:call(138)) - Running DeletedBlockTransactionScanner
2019-08-30 23:41:08,814 [pool-7-thread-6] INFO  commands.RetriableDatanodeEventWatcher (RetriableDatanodeEventWatcher.java:onTimeout(47)) - RetriableDatanodeCommand type=deleteBlocksCommand with id=1567208456060 timed out. Retrying.
2019-08-30 23:41:08,867 [pool-7-thread-5] INFO  commands.RetriableDatanodeEventWatcher (RetriableDatanodeEventWatcher.java:onTimeout(47)) - RetriableDatanodeCommand type=deleteBlocksCommand with id=1567208456080 timed out. Retrying.
2019-08-30 23:41:08,868 [pool-7-thread-7] INFO  commands.RetriableDatanodeEventWatcher (RetriableDatanodeEventWatcher.java:onTimeout(47)) - RetriableDatanodeCommand type=deleteBlocksCommand with id=1567208456070 timed out. Retrying.
2019-08-30 23:41:08,868 [pool-7-thread-1] INFO  commands.RetriableDatanodeEventWatcher (SCMBlockDeletingService.java:call(155)) - Scanned deleted blocks log and got 3 delTX to process.
2019-08-30 23:41:08,868 [pool-7-thread-1] INFO  commands.RetriableDatanodeEventWatcher (RetriableDatanodeEventWatcher.java:onTimeout(47)) - RetriableDatanodeCommand type=deleteBlocksCommand with id=1567208456011 timed out. Retrying.
commands.RetriableDatanodeEventWatcher (2019-08-30 23:41:08,868 [SCMBlockDeletingService#0] DEBUG block.SCMBlockDeletingService (SCMBlockDeletingService.java:call(171)) - Added delete block command for datanode c9f1298e-d840-49d8-aac3-de81602aa1d5 in the queue, number of delete block transactions: 3, TxID list: 1,2,3
2019-08-30 23:41:08,868 [pool-7-thread-4] INFO  commands.RetriableDatanodeEventWatcher (RetriableDatanodeEventWatcher.java:onTimeout(47)) - RetriableDatanodeCommand type=deleteBlocksCommand with id=1567208456001 timed out. Retrying.
2019-08-30 23:41:08,868 [pool-7-thread-1] INFO  commands.RetriableDatanodeEventWatcher (RetriableDatanodeEventWatcher.java:onTimeout(47)) - RetriableDatanodeCommand type=deleteBlocksCommand with id=1567208456031 timed out. Retrying.
2019-08-30 23:41:08,868 [SCMBlockDeletingService#0] INFO  block.SCMBlockDeletingService (RetriableDatanodeEventWatcher.java:onTimeout(47)) - RetriableDatanodeCommand type=deleteBlocksCommand with id=1567208456021 timed out. Retrying.
SCMBlockDeletingService.java:call(182)) - Totally added 3 delete blocks command for 1 datanodes, task elapsed time: 2ms
2019-08-30 23:41:08,868 [pool-7-thread-3] INFO  commands.RetriableDatanodeEventWatcher (RetriableDatanodeEventWatcher.java:onTimeout(47)) - RetriableDatanodeCommand type=deleteBlocksCommand with id=1567208456021 timed out. Retrying.
2019-08-30 23:41:08,880 [Thread-4632] INFO  impl.FollowerState (FollowerState.java:run(106)) - c9f1298e-d840-49d8-aac3-de81602aa1d5:group-E9810A644481 changes to CANDIDATE, lastRpcTime:5091, electionTimeout:5091ms
2019-08-30 23:41:08,883 [Thread-4632] INFO  impl.RoleInfo (RoleInfo.java:shutdownFollowerState(121)) - c9f1298e-d840-49d8-aac3-de81602aa1d5: shutdown FollowerState
2019-08-30 23:41:08,883 [Thread-4632] INFO  impl.RaftServerImpl (RaftServerImpl.java:setRole(171)) - c9f1298e-d840-49d8-aac3-de81602aa1d5:group-E9810A644481 changes role from FOLLOWER to CANDIDATE at term 1 for changeToCandidate
2019-08-30 23:41:08,883 [Thread-4632] INFO  impl.RoleInfo (RoleInfo.java:updateAndGet(143)) - c9f1298e-d840-49d8-aac3-de81602aa1d5: start LeaderElection
2019-08-30 23:41:08,891 [pool-7-thread-1] INFO  commands.RetriableDatanodeEventWatcher (RetriableDatanodeEventWatcher.java:onTimeout(47)) - RetriableDatanodeCommand type=deleteBlocksCommand with id=1567208456041 timed out. Retrying.
2019-08-30 23:41:08,904 [pool-7-thread-4] INFO  commands.RetriableDatanodeEventWatcher (RetriableDatanodeEventWatcher.java:onTimeout(47)) - RetriableDatanodeCommand type=deleteBlocksCommand with id=1567208455982 timed out. Retrying.
2019-08-30 23:41:08,904 [pool-7-thread-7] INFO  commands.RetriableDatanodeEventWatcher (RetriableDatanodeEventWatcher.java:onTimeout(47)) - RetriableDatanodeCommand type=deleteBlocksCommand with id=1567208456051 timed out. Retrying.
2019-08-30 23:41:08,904 [pool-7-thread-3] INFO  commands.RetriableDatanodeEventWatcher (RetriableDatanodeEventWatcher.java:onTimeout(47)) - RetriableDatanodeCommand type=deleteBlocksCommand with id=1567208455972 timed out. Retrying.
2019-08-30 23:41:08,915 [pool-7-thread-3] INFO  commands.RetriableDatanodeEventWatcher (RetriableDatanodeEventWatcher.java:onTimeout(47)) - RetriableDatanodeCommand type=deleteBlocksCommand with id=1567208456061 timed out. Retrying.
2019-08-30 23:41:08,918 [pool-7-thread-3] INFO  commands.RetriableDatanodeEventWatcher (RetriableDatanodeEventWatcher.java:onTimeout(47)) - RetriableDatanodeCommand type=deleteBlocksCommand with id=1567208455992 timed out. Retrying.
2019-08-30 23:41:08,920 [c9f1298e-d840-49d8-aac3-de81602aa1d5:group-E9810A644481:LeaderElection2] INFO  impl.LeaderElection (LeaderElection.java:askForVotes(181)) - c9f1298e-d840-49d8-aac3-de81602aa1d5:group-E9810A644481:LeaderElection2: begin an election at term 2 for 0: [c9f1298e-d840-49d8-aac3-de81602aa1d5:192.168.36.88:34937], old=null
2019-08-30 23:41:08,921 [c9f1298e-d840-49d8-aac3-de81602aa1d5:group-E9810A644481:LeaderElection2] INFO  impl.RoleInfo (RoleInfo.java:shutdownLeaderElection(134)) - c9f1298e-d840-49d8-aac3-de81602aa1d5: shutdown LeaderElection
2019-08-30 23:41:08,921 [c9f1298e-d840-49d8-aac3-de81602aa1d5:group-E9810A644481:LeaderElection2] INFO  impl.RaftServerImpl (RaftServerImpl.java:setRole(171)) - c9f1298e-d840-49d8-aac3-de81602aa1d5:group-E9810A644481 changes role from CANDIDATE to LEADER at term 2 for changeToLeader
2019-08-30 23:41:08,922 [c9f1298e-d840-49d8-aac3-de81602aa1d5:group-E9810A644481:LeaderElection2] INFO  impl.RaftServerImpl (ServerState.java:setLeader(263)) - c9f1298e-d840-49d8-aac3-de81602aa1d5:group-E9810A644481 change Leader from null to c9f1298e-d840-49d8-aac3-de81602aa1d5 at term 2 for becomeLeader, leader elected after 7167ms
2019-08-30 23:41:08,922 [c9f1298e-d840-49d8-aac3-de81602aa1d5:group-E9810A644481:LeaderElection2] INFO  server.RaftServerConfigKeys (ConfUtils.java:logGet(43)) - raft.server.staging.catchup.gap = 1000 (default)
2019-08-30 23:41:08,922 [c9f1298e-d840-49d8-aac3-de81602aa1d5:group-E9810A644481:LeaderElection2] INFO  server.RaftServerConfigKeys (ConfUtils.java:logGet(43)) - raft.server.rpc.sleep.time = 25ms (default)
2019-08-30 23:41:08,922 [c9f1298e-d840-49d8-aac3-de81602aa1d5:group-E9810A644481:LeaderElection2] INFO  server.RaftServerConfigKeys (ConfUtils.java:logGet(43)) - raft.server.write.element-limit = 4096 (default)
2019-08-30 23:41:08,922 [c9f1298e-d840-49d8-aac3-de81602aa1d5:group-E9810A644481:LeaderElection2] INFO  server.RaftServerConfigKeys (ConfUtils.java:logGet(43)) - raft.server.watch.timeout = 10s (default)
2019-08-30 23:41:08,922 [c9f1298e-d840-49d8-aac3-de81602aa1d5:group-E9810A644481:LeaderElection2] INFO  server.RaftServerConfigKeys (ConfUtils.java:logGet(43)) - raft.server.watch.timeout.denomination = 1s (default)
2019-08-30 23:41:08,923 [c9f1298e-d840-49d8-aac3-de81602aa1d5:group-E9810A644481:LeaderElection2] INFO  server.RaftServerConfigKeys (ConfUtils.java:logGet(43)) - raft.server.watch.element-limit = 65536 (default)
2019-08-30 23:41:08,923 [c9f1298e-d840-49d8-aac3-de81602aa1d5:group-E9810A644481:LeaderElection2] INFO  impl.RoleInfo (RoleInfo.java:updateAndGet(143)) - c9f1298e-d840-49d8-aac3-de81602aa1d5: start LeaderState
2019-08-30 23:41:08,924 [c9f1298e-d840-49d8-aac3-de81602aa1d5:group-E9810A644481:LeaderElection2] INFO  segmented.SegmentedRaftLogWorker (SegmentedRaftLogWorker.java:rollLogSegment(385)) - c9f1298e-d840-49d8-aac3-de81602aa1d5-SegmentedRaftLogWorker:Storage Directory /workdir/hadoop-ozone/integration-test/target/test-dir/MiniOzoneClusterImpl-114e42e4-73b4-4267-990c-8675b38dec53/datanode-0/data/ratis/f0fc4ca0-c3ee-4d38-af01-e9810a644481: Rolling segment log-5378_6078 to index:6078
2019-08-30 23:41:08,925 [c9f1298e-d840-49d8-aac3-de81602aa1d5:group-E9810A644481:LeaderElection2] INFO  impl.RaftServerImpl (ServerState.java:setRaftConf(361)) - c9f1298e-d840-49d8-aac3-de81602aa1d5:group-E9810A644481 set configuration 6079: [c9f1298e-d840-49d8-aac3-de81602aa1d5:192.168.36.88:34937], old=null at 6079
2019-08-30 23:41:08,925 [c9f1298e-d840-49d8-aac3-de81602aa1d5-SegmentedRaftLogWorker:Storage Directory /workdir/hadoop-ozone/integration-test/target/test-dir/MiniOzoneClusterImpl-114e42e4-73b4-4267-990c-8675b38dec53/datanode-0/data/ratis/f0fc4ca0-c3ee-4d38-af01-e9810a644481] INFO  segmented.SegmentedRaftLogWorker (SegmentedRaftLogWorker.java:execute(526)) - c9f1298e-d840-49d8-aac3-de81602aa1d5-SegmentedRaftLogWorker:Storage Directory /workdir/hadoop-ozone/integration-test/target/test-dir/MiniOzoneClusterImpl-114e42e4-73b4-4267-990c-8675b38dec53/datanode-0/data/ratis/f0fc4ca0-c3ee-4d38-af01-e9810a644481: Rolled log segment from /workdir/hadoop-ozone/integration-test/target/test-dir/MiniOzoneClusterImpl-114e42e4-73b4-4267-990c-8675b38dec53/datanode-0/data/ratis/f0fc4ca0-c3ee-4d38-af01-e9810a644481/current/log_inprogress_5378 to /workdir/hadoop-ozone/integration-test/target/test-dir/MiniOzoneClusterImpl-114e42e4-73b4-4267-990c-8675b38dec53/datanode-0/data/ratis/f0fc4ca0-c3ee-4d38-af01-e9810a644481/current/log_5378-6078
2019-08-30 23:41:08,928 [pool-7-thread-3] INFO  commands.RetriableDatanodeEventWatcher (RetriableDatanodeEventWatcher.java:onTimeout(47)) - RetriableDatanodeCommand type=deleteBlocksCommand with id=1567208456002 timed out. Retrying.
2019-08-30 23:41:08,929 [pool-7-thread-3] INFO  commands.RetriableDatanodeEventWatcher (RetriableDatanodeEventWatcher.java:onTimeout(47)) - RetriableDatanodeCommand type=deleteBlocksCommand with id=1567208456071 timed out. Retrying.
2019-08-30 23:41:08,941 [pool-7-thread-3] INFO  commands.RetriableDatanodeEventWatcher (RetriableDatanodeEventWatcher.java:onTimeout(47)) - RetriableDatanodeCommand type=deleteBlocksCommand with id=1567208456012 timed out. Retrying.
2019-08-30 23:41:08,944 [pool-7-thread-3] INFO  commands.RetriableDatanodeEventWatcher (RetriableDatanodeEventWatcher.java:onTimeout(47)) - RetriableDatanodeCommand type=deleteBlocksCommand with id=1567208456081 timed out. Retrying.
2019-08-30 23:41:08,957 [pool-7-thread-3] INFO  commands.RetriableDatanodeEventWatcher (Server.java:setupResponse(2950)) - Large response size 4184646 for call Call#2037 Retry#0 org.apache.hadoop.ozone.protocol.StorageContainerDatanodeProtocol.sendHeartbeat from 192.168.36.88:36856
2019-08-30 23:41:08,957 [pool-7-thread-3] INFO  commands.RetriableDatanodeEventWatcher (RetriableDatanodeEventWatcher.java:onTimeout(47)) - RetriableDatanodeCommand type=deleteBlocksCommand with id=1567208456022 timed out. Retrying.
2019-08-30 23:41:08,958 [IPC Server handler 8 on 43891] WARN  ipc.Server (Server.java:processResponse(1523)) - IPC Server handler 8 on 43891, call Call#2037 Retry#0 org.apache.hadoop.ozone.protocol.StorageContainerDatanodeProtocol.sendHeartbeat from 192.168.36.88:36856: output error
2019-08-30 23:41:08,958 [IPC Server handler 8 on 43891] INFO  ipc.Server (Server.java:run(2695)) - IPC Server handler 8 on 43891 caught an exception
java.nio.channels.ClosedChannelException
	at sun.nio.ch.SocketChannelImpl.ensureWriteOpen(SocketChannelImpl.java:270)
	at sun.nio.ch.SocketChannelImpl.write(SocketChannelImpl.java:461)
	at org.apache.hadoop.ipc.Server.channelIO(Server.java:3298)
	at org.apache.hadoop.ipc.Server.channelWrite(Server.java:3250)
	at org.apache.hadoop.ipc.Server.access$1700(Server.java:137)
	at org.apache.hadoop.ipc.Server$Responder.processResponse(Server.java:1473)
	at org.apache.hadoop.ipc.Server$Responder.doRespond(Server.java:1543)
	at org.apache.hadoop.ipc.Server$Connection.sendResponse(Server.java:2593)
	at org.apache.hadoop.ipc.Server$Connection.access$300(Server.java:1615)
	at org.apache.hadoop.ipc.Server$RpcCall.doResponse(Server.java:940)
	at org.apache.hadoop.ipc.Server$Call.sendResponse(Server.java:774)
	at org.apache.hadoop.ipc.Server$RpcCall.run(Server.java:885)
	at org.apache.hadoop.ipc.Server$RpcCall.run(Server.java:822)
	at java.security.AccessController.doPrivileged(Native Method)
	at javax.security.auth.Subject.doAs(Subject.java:422)
	at org.apache.hadoop.security.UserGroupInformation.doAs(UserGroupInformation.java:1730)
	at org.apache.hadoop.ipc.Server$Handler.run(Server.java:2682)
2019-08-30 23:41:08,969 [SCMBlockDeletingService#0] DEBUG block.SCMBlockDeletingService (SCMBlockDeletingService.java:call(138)) - Running DeletedBlockTransactionScanner
2019-08-30 23:41:08,969 [SCMBlockDeletingService#0] DEBUG block.SCMBlockDeletingService (SCMBlockDeletingService.java:call(155)) - Scanned deleted blocks log and got 3 delTX to process.
2019-08-30 23:41:08,969 [SCMBlockDeletingService#0] DEBUG block.SCMBlockDeletingService (SCMBlockDeletingService.java:call(171)) - Added delete block command for datanode c9f1298e-d840-49d8-aac3-de81602aa1d5 in the queue, number of delete block transactions: 3, TxID list: 1,2,3
2019-08-30 23:41:08,970 [SCMBlockDeletingService#0] INFO  block.SCMBlockDeletingService (SCMBlockDeletingService.java:call(182)) - Totally added 3 delete blocks command for 1 datanodes, task elapsed time: 1ms
2019-08-30 23:41:08,972 [pool-7-thread-3] INFO  commands.RetriableDatanodeEventWatcher (RetriableDatanodeEventWatcher.java:onTimeout(47)) - RetriableDatanodeCommand type=deleteBlocksCommand with id=1567208455963 timed out. Retrying.
2019-08-30 23:41:08,972 [pool-7-thread-7] INFO  commands.RetriableDatanodeEventWatcher (RetriableDatanodeEventWatcher.java:onTimeout(47)) - RetriableDatanodeCommand type=deleteBlocksCommand with id=1567208456032 timed out. Retrying.
2019-08-30 23:41:08,988 [pool-7-thread-3] INFO  commands.RetriableDatanodeEventWatcher (RetriableDatanodeEventWatcher.java:onTimeout(47)) - RetriableDatanodeCommand type=deleteBlocksCommand with id=1567208456042 timed out. Retrying.
2019-08-30 23:41:08,988 [pool-7-thread-7] INFO  commands.RetriableDatanodeEventWatcher (RetriableDatanodeEventWatcher.java:onTimeout(47)) - RetriableDatanodeCommand type=deleteBlocksCommand with id=1567208455973 timed out. Retrying.
2019-08-30 23:41:09,001 [pool-7-thread-7] INFO  commands.RetriableDatanodeEventWatcher (RetriableDatanodeEventWatcher.java:onTimeout(47)) - RetriableDatanodeCommand type=deleteBlocksCommand with id=1567208456052 timed out. Retrying.
2019-08-30 23:41:09,002 [pool-7-thread-7] INFO  commands.RetriableDatanodeEventWatcher (RetriableDatanodeEventWatcher.java:onTimeout(47)) - RetriableDatanodeCommand type=deleteBlocksCommand with id=1567208455983 timed out. Retrying.
2019-08-30 23:41:09,014 [pool-7-thread-7] INFO  commands.RetriableDatanodeEventWatcher (RetriableDatanodeEventWatcher.java:onTimeout(47)) - RetriableDatanodeCommand type=deleteBlocksCommand with id=1567208455993 timed out. Retrying.
2019-08-30 23:41:09,015 [pool-7-thread-7] INFO  commands.RetriableDatanodeEventWatcher (RetriableDatanodeEventWatcher.java:onTimeout(47)) - RetriableDatanodeCommand type=deleteBlocksCommand with id=1567208456062 timed out. Retrying.
2019-08-30 23:41:09,018 [c9f1298e-d840-49d8-aac3-de81602aa1d5-SegmentedRaftLogWorker:Storage Directory /workdir/hadoop-ozone/integration-test/target/test-dir/MiniOzoneClusterImpl-114e42e4-73b4-4267-990c-8675b38dec53/datanode-0/data/ratis/f0fc4ca0-c3ee-4d38-af01-e9810a644481] INFO  segmented.SegmentedRaftLogWorker (SegmentedRaftLogWorker.java:execute(569)) - c9f1298e-d840-49d8-aac3-de81602aa1d5-SegmentedRaftLogWorker:Storage Directory /workdir/hadoop-ozone/integration-test/target/test-dir/MiniOzoneClusterImpl-114e42e4-73b4-4267-990c-8675b38dec53/datanode-0/data/ratis/f0fc4ca0-c3ee-4d38-af01-e9810a644481: created new log segment /workdir/hadoop-ozone/integration-test/target/test-dir/MiniOzoneClusterImpl-114e42e4-73b4-4267-990c-8675b38dec53/datanode-0/data/ratis/f0fc4ca0-c3ee-4d38-af01-e9810a644481/current/log_inprogress_6079
2019-08-30 23:41:09,031 [pool-7-thread-3] INFO  commands.RetriableDatanodeEventWatcher (RetriableDatanodeEventWatcher.java:onTimeout(47)) - RetriableDatanodeCommand type=deleteBlocksCommand with id=1567208456003 timed out. Retrying.
2019-08-30 23:41:09,031 [pool-7-thread-7] INFO  commands.RetriableDatanodeEventWatcher (RetriableDatanodeEventWatcher.java:onTimeout(47)) - RetriableDatanodeCommand type=deleteBlocksCommand with id=1567208456072 timed out. Retrying.
2019-08-30 23:41:09,043 [pool-7-thread-7] INFO  commands.RetriableDatanodeEventWatcher (RetriableDatanodeEventWatcher.java:onTimeout(47)) - RetriableDatanodeCommand type=deleteBlocksCommand with id=1567208456013 timed out. Retrying.
2019-08-30 23:41:09,045 [pool-7-thread-7] INFO  commands.RetriableDatanodeEventWatcher (RetriableDatanodeEventWatcher.java:onTimeout(47)) - RetriableDatanodeCommand type=deleteBlocksCommand with id=1567208456082 timed out. Retrying.
2019-08-30 23:41:09,055 [EventQueue-PendingDeleteStatusForPendingDeleteHandler] INFO  block.SCMBlockDeletingService (SCMBlockDeletingService.java:handlePendingDeletes(115)) - Block deletion txnID mismatch in datanode c9f1298e-d840-49d8-aac3-de81602aa1d5 for containerID 1. Datanode delete txnID: 0, SCM txnID: 1
2019-08-30 23:41:09,055 [EventQueue-PendingDeleteStatusForPendingDeleteHandler] INFO  block.SCMBlockDeletingService (SCMBlockDeletingService.java:handlePendingDeletes(115)) - Block deletion txnID mismatch in datanode c9f1298e-d840-49d8-aac3-de81602aa1d5 for containerID 2. Datanode delete txnID: 0, SCM txnID: 2
2019-08-30 23:41:09,055 [EventQueue-PendingDeleteStatusForPendingDeleteHandler] INFO  block.SCMBlockDeletingService (SCMBlockDeletingService.java:handlePendingDeletes(115)) - Block deletion txnID mismatch in datanode c9f1298e-d840-49d8-aac3-de81602aa1d5 for containerID 3. Datanode delete txnID: 0, SCM txnID: 3
2019-08-30 23:41:09,059 [pool-7-thread-7] INFO  commands.RetriableDatanodeEventWatcher (RetriableDatanodeEventWatcher.java:onTimeout(47)) - RetriableDatanodeCommand type=deleteBlocksCommand with id=1567208456023 timed out. Retrying.
2019-08-30 23:41:09,070 [SCMBlockDeletingService#0] DEBUG block.SCMBlockDeletingService (SCMBlockDeletingService.java:call(138)) - Running DeletedBlockTransactionScanner
2019-08-30 23:41:09,070 [SCMBlockDeletingService#0] DEBUG block.SCMBlockDeletingService (SCMBlockDeletingService.java:call(155)) - Scanned deleted blocks log and got 3 delTX to process.
2019-08-30 23:41:09,071 [SCMBlockDeletingService#0] DEBUG block.SCMBlockDeletingService (SCMBlockDeletingService.java:call(171)) - Added delete block command for datanode c9f1298e-d840-49d8-aac3-de81602aa1d5 in the queue, number of delete block transactions: 3, TxID list: 1,2,3
2019-08-30 23:41:09,071 [SCMBlockDeletingService#0] INFO  block.SCMBlockDeletingService (SCMBlockDeletingService.java:call(182)) - Totally added 3 delete blocks command for 1 datanodes, task elapsed time: 1ms
2019-08-30 23:41:09,073 [pool-7-thread-3] INFO  commands.RetriableDatanodeEventWatcher (RetriableDatanodeEventWatcher.java:onTimeout(47)) - RetriableDatanodeCommand type=deleteBlocksCommand with id=1567208456033 timed out. Retrying.
2019-08-30 23:41:09,073 [pool-7-thread-7] INFO  commands.RetriableDatanodeEventWatcher (RetriableDatanodeEventWatcher.java:onTimeout(47)) - RetriableDatanodeCommand type=deleteBlocksCommand with id=1567208455964 timed out. Retrying.
2019-08-30 23:41:09,088 [pool-7-thread-3] INFO  commands.RetriableDatanodeEventWatcher (RetriableDatanodeEventWatcher.java:onTimeout(47)) - RetriableDatanodeCommand type=deleteBlocksCommand with id=1567208456043 timed out. Retrying.
2019-08-30 23:41:09,089 [pool-7-thread-7] INFO  commands.RetriableDatanodeEventWatcher (RetriableDatanodeEventWatcher.java:onTimeout(47)) - RetriableDatanodeCommand type=deleteBlocksCommand with id=1567208455974 timed out. Retrying.
2019-08-30 23:41:09,104 [pool-7-thread-7] INFO  commands.RetriableDatanodeEventWatcher (RetriableDatanodeEventWatcher.java:onTimeout(47)) - RetriableDatanodeCommand type=deleteBlocksCommand with id=1567208455984 timed out. Retrying.
2019-08-30 23:41:09,104 [pool-7-thread-3] INFO  commands.RetriableDatanodeEventWatcher (RetriableDatanodeEventWatcher.java:onTimeout(47)) - RetriableDatanodeCommand type=deleteBlocksCommand with id=1567208456053 timed out. Retrying.
2019-08-30 23:41:09,116 [pool-7-thread-3] INFO  commands.RetriableDatanodeEventWatcher (RetriableDatanodeEventWatcher.java:onTimeout(47)) - RetriableDatanodeCommand type=deleteBlocksCommand with id=1567208455994 timed out. Retrying.
2019-08-30 23:41:09,118 [pool-7-thread-3] INFO  commands.RetriableDatanodeEventWatcher (RetriableDatanodeEventWatcher.java:onTimeout(47)) - RetriableDatanodeCommand type=deleteBlocksCommand with id=1567208456063 timed out. Retrying.
2019-08-30 23:41:09,132 [pool-7-thread-3] INFO  commands.RetriableDatanodeEventWatcher (RetriableDatanodeEventWatcher.java:onTimeout(47)) - RetriableDatanodeCommand type=deleteBlocksCommand with id=1567208456073 timed out. Retrying.
2019-08-30 23:41:09,132 [pool-7-thread-7] INFO  commands.RetriableDatanodeEventWatcher (RetriableDatanodeEventWatcher.java:onTimeout(47)) - RetriableDatanodeCommand type=deleteBlocksCommand with id=1567208456004 timed out. Retrying.
2019-08-30 23:41:09,147 [pool-7-thread-7] INFO  commands.RetriableDatanodeEventWatcher (RetriableDatanodeEventWatcher.java:onTimeout(47)) - RetriableDatanodeCommand type=deleteBlocksCommand with id=1567208456083 timed out. Retrying.
2019-08-30 23:41:09,147 [pool-7-thread-3] INFO  commands.RetriableDatanodeEventWatcher (RetriableDatanodeEventWatcher.java:onTimeout(47)) - RetriableDatanodeCommand type=deleteBlocksCommand with id=1567208456014 timed out. Retrying.
2019-08-30 23:41:09,158 [pool-7-thread-3] INFO  commands.RetriableDatanodeEventWatcher (RetriableDatanodeEventWatcher.java:onTimeout(47)) - RetriableDatanodeCommand type=deleteBlocksCommand with id=1567208456024 timed out. Retrying.
2019-08-30 23:41:09,171 [SCMBlockDeletingService#0] DEBUG block.SCMBlockDeletingService (SCMBlockDeletingService.java:call(138)) - Running DeletedBlockTransactionScanner
2019-08-30 23:41:09,172 [SCMBlockDeletingService#0] DEBUG block.SCMBlockDeletingService (SCMBlockDeletingService.java:call(155)) - Scanned deleted blocks log and got 3 delTX to process.
2019-08-30 23:41:09,172 [SCMBlockDeletingService#0] DEBUG block.SCMBlockDeletingService (SCMBlockDeletingService.java:call(171)) - Added delete block command for datanode c9f1298e-d840-49d8-aac3-de81602aa1d5 in the queue, number of delete block transactions: 3, TxID list: 1,2,3
2019-08-30 23:41:09,172 [SCMBlockDeletingService#0] INFO  block.SCMBlockDeletingService (SCMBlockDeletingService.java:call(182)) - Totally added 3 delete blocks command for 1 datanodes, task elapsed time: 1ms
2019-08-30 23:41:09,175 [pool-7-thread-3] INFO  commands.RetriableDatanodeEventWatcher (RetriableDatanodeEventWatcher.java:onTimeout(47)) - RetriableDatanodeCommand type=deleteBlocksCommand with id=1567208455965 timed out. Retrying.
2019-08-30 23:41:09,175 [pool-7-thread-7] INFO  commands.RetriableDatanodeEventWatcher (RetriableDatanodeEventWatcher.java:onTimeout(47)) - RetriableDatanodeCommand type=deleteBlocksCommand with id=1567208456034 timed out. Retrying.
2019-08-30 23:41:09,239 [pool-7-thread-7] INFO  commands.RetriableDatanodeEventWatcher (RetriableDatanodeEventWatcher.java:onTimeout(47)) - RetriableDatanodeCommand type=deleteBlocksCommand with id=1567208456074 timed out. Retrying.
2019-08-30 23:41:09,240 [pool-7-thread-6] INFO  commands.RetriableDatanodeEventWatcher (RetriableDatanodeEventWatcher.java:onTimeout(47)) - RetriableDatanodeCommand type=deleteBlocksCommand with id=1567208456005 timed out. Retrying.
2019-08-30 23:41:09,240 [pool-7-thread-2] INFO  commands.RetriableDatanodeEventWatcher (RetriableDatanodeEventWatcher.java:onTimeout(47)) - RetriableDatanodeCommand type=deleteBlocksCommand with id=1567208456044 timed out. Retrying.
2019-08-30 23:41:09,240 [pool-7-thread-5] INFO  commands.RetriableDatanodeEventWatcher (RetriableDatanodeEventWatcher.java:onTimeout(47)) - RetriableDatanodeCommand type=deleteBlocksCommand with id=1567208455985 timed out. Retrying.
2019-08-30 23:41:09,240 [pool-7-thread-4] INFO  commands.RetriableDatanodeEventWatcher (RetriableDatanodeEventWatcher.java:onTimeout(47)) - RetriableDatanodeCommand type=deleteBlocksCommand with id=1567208455975 timed out. Retrying.
2019-08-30 23:41:09,241 [pool-7-thread-3] INFO  commands.RetriableDatanodeEventWatcher (RetriableDatanodeEventWatcher.java:onTimeout(47)) - RetriableDatanodeCommand type=deleteBlocksCommand with id=1567208456064 timed out. Retrying.
2019-08-30 23:41:09,241 [pool-7-thread-1] INFO  commands.RetriableDatanodeEventWatcher (RetriableDatanodeEventWatcher.java:onTimeout(47)) - RetriableDatanodeCommand type=deleteBlocksCommand with id=1567208455995 timed out. Retrying.
2019-08-30 23:41:09,241 [pool-7-thread-8] INFO  commands.RetriableDatanodeEventWatcher (RetriableDatanodeEventWatcher.java:onTimeout(47)) - RetriableDatanodeCommand type=deleteBlocksCommand with id=1567208456054 timed out. Retrying.
2019-08-30 23:41:09,245 [pool-7-thread-8] INFO  commands.RetriableDatanodeEventWatcher (RetriableDatanodeEventWatcher.java:onTimeout(47)) - RetriableDatanodeCommand type=deleteBlocksCommand with id=1567208456015 timed out. Retrying.
2019-08-30 23:41:09,249 [pool-7-thread-8] INFO  commands.RetriableDatanodeEventWatcher (RetriableDatanodeEventWatcher.java:onTimeout(47)) - RetriableDatanodeCommand type=deleteBlocksCommand with id=1567208456084 timed out. Retrying.
2019-08-30 23:41:09,260 [pool-7-thread-8] INFO  commands.RetriableDatanodeEventWatcher (RetriableDatanodeEventWatcher.java:onTimeout(47)) - RetriableDatanodeCommand type=deleteBlocksCommand with id=1567208456025 timed out. Retrying.
2019-08-30 23:41:09,272 [SCMBlockDeletingService#0] DEBUG block.SCMBlockDeletingService (SCMBlockDeletingService.java:call(138)) - Running DeletedBlockTransactionScanner
2019-08-30 23:41:09,273 [SCMBlockDeletingService#0] DEBUG block.SCMBlockDeletingService (SCMBlockDeletingService.java:call(155)) - Scanned deleted blocks log and got 3 delTX to process.
2019-08-30 23:41:09,273 [SCMBlockDeletingService#0] DEBUG block.SCMBlockDeletingService (SCMBlockDeletingService.java:call(171)) - Added delete block command for datanode c9f1298e-d840-49d8-aac3-de81602aa1d5 in the queue, number of delete block transactions: 3, TxID list: 1,2,3
2019-08-30 23:41:09,273 [SCMBlockDeletingService#0] INFO  block.SCMBlockDeletingService (SCMBlockDeletingService.java:call(182)) - Totally added 3 delete blocks command for 1 datanodes, task elapsed time: 1ms
2019-08-30 23:41:09,349 [pool-7-thread-1] INFO  commands.RetriableDatanodeEventWatcher (RetriableDatanodeEventWatcher.java:onTimeout(47)) - RetriableDatanodeCommand type=deleteBlocksCommand with id=1567208456065 timed out. Retrying.
2019-08-30 23:41:09,349 [pool-7-thread-8] INFO  commands.RetriableDatanodeEventWatcher (RetriableDatanodeEventWatcher.java:onTimeout(47)) - RetriableDatanodeCommand type=deleteBlocksCommand with id=1567208456075 timed out. Retrying.
2019-08-30 23:41:09,350 [pool-7-thread-10] INFO  commands.RetriableDatanodeEventWatcher (RetriableDatanodeEventWatcher.java:onTimeout(47)) - RetriableDatanodeCommand type=deleteBlocksCommand with id=1567208456035 timed out. Retrying.
2019-08-30 23:41:09,350 [pool-7-thread-1] INFO  commands.RetriableDatanodeEventWatcher (RetriableDatanodeEventWatcher.java:onTimeout(47)) - RetriableDatanodeCommand type=deleteBlocksCommand with id=1567208456055 timed out. Retrying.
2019-08-30 23:41:09,350 [pool-7-thread-9] INFO  commands.RetriableDatanodeEventWatcher (RetriableDatanodeEventWatcher.java:onTimeout(47)) - RetriableDatanodeCommand type=deleteBlocksCommand with id=1567208456045 timed out. Retrying.
2019-08-30 23:41:09,350 [pool-7-thread-5] INFO  commands.RetriableDatanodeEventWatcher (RetriableDatanodeEventWatcher.java:onTimeout(47)) - RetriableDatanodeCommand type=deleteBlocksCommand with id=1567208455996 timed out. Retrying.
2019-08-30 23:41:09,351 [pool-7-thread-4] INFO  commands.RetriableDatanodeEventWatcher (RetriableDatanodeEventWatcher.java:onTimeout(47)) - RetriableDatanodeCommand type=deleteBlocksCommand with id=1567208455976 timed out. Retrying.
2019-08-30 23:41:09,351 [pool-7-thread-7] INFO  commands.RetriableDatanodeEventWatcher (RetriableDatanodeEventWatcher.java:onTimeout(47)) - RetriableDatanodeCommand type=deleteBlocksCommand with id=1567208456016 timed out. Retrying.
2019-08-30 23:41:09,351 [pool-7-thread-6] INFO  commands.RetriableDatanodeEventWatcher (RetriableDatanodeEventWatcher.java:onTimeout(47)) - RetriableDatanodeCommand type=deleteBlocksCommand with id=1567208456006 timed out. Retrying.
2019-08-30 23:41:09,351 [pool-7-thread-3] INFO  commands.RetriableDatanodeEventWatcher (RetriableDatanodeEventWatcher.java:onTimeout(47)) - RetriableDatanodeCommand type=deleteBlocksCommand with id=1567208455966 timed out. Retrying.
2019-08-30 23:41:09,352 [pool-7-thread-2] INFO  commands.RetriableDatanodeEventWatcher (RetriableDatanodeEventWatcher.java:onTimeout(47)) - RetriableDatanodeCommand type=deleteBlocksCommand with id=1567208455986 timed out. Retrying.
2019-08-30 23:41:09,352 [pool-7-thread-9] INFO  commands.RetriableDatanodeEventWatcher (RetriableDatanodeEventWatcher.java:onTimeout(47)) - RetriableDatanodeCommand type=deleteBlocksCommand with id=1567208456085 timed out. Retrying.
2019-08-30 23:41:09,361 [pool-7-thread-9] INFO  commands.RetriableDatanodeEventWatcher (RetriableDatanodeEventWatcher.java:onTimeout(47)) - RetriableDatanodeCommand type=deleteBlocksCommand with id=1567208456026 timed out. Retrying.
2019-08-30 23:41:09,374 [SCMBlockDeletingService#0] DEBUG block.SCMBlockDeletingService (SCMBlockDeletingService.java:call(138)) - Running DeletedBlockTransactionScanner
2019-08-30 23:41:09,374 [SCMBlockDeletingService#0] DEBUG block.SCMBlockDeletingService (SCMBlockDeletingService.java:call(155)) - Scanned deleted blocks log and got 3 delTX to process.
2019-08-30 23:41:09,374 [SCMBlockDeletingService#0] DEBUG block.SCMBlockDeletingService (SCMBlockDeletingService.java:call(171)) - Added delete block command for datanode c9f1298e-d840-49d8-aac3-de81602aa1d5 in the queue, number of delete block transactions: 3, TxID list: 1,2,3
2019-08-30 23:41:09,375 [SCMBlockDeletingService#0] INFO  block.SCMBlockDeletingService (SCMBlockDeletingService.java:call(182)) - Totally added 3 delete blocks command for 1 datanodes, task elapsed time: 1ms
2019-08-30 23:41:09,376 [pool-7-thread-9] INFO  commands.RetriableDatanodeEventWatcher (RetriableDatanodeEventWatcher.java:onTimeout(47)) - RetriableDatanodeCommand type=deleteBlocksCommand with id=1567208456036 timed out. Retrying.
2019-08-30 23:41:09,380 [pool-7-thread-9] INFO  commands.RetriableDatanodeEventWatcher (RetriableDatanodeEventWatcher.java:onTimeout(47)) - RetriableDatanodeCommand type=deleteBlocksCommand with id=1567208455967 timed out. Retrying.
2019-08-30 23:41:09,390 [pool-7-thread-9] INFO  commands.RetriableDatanodeEventWatcher (RetriableDatanodeEventWatcher.java:onTimeout(47)) - RetriableDatanodeCommand type=deleteBlocksCommand with id=1567208455977 timed out. Retrying.
2019-08-30 23:41:09,393 [pool-7-thread-9] INFO  commands.RetriableDatanodeEventWatcher (RetriableDatanodeEventWatcher.java:onTimeout(47)) - RetriableDatanodeCommand type=deleteBlocksCommand with id=1567208456046 timed out. Retrying.
2019-08-30 23:41:09,408 [pool-7-thread-9] INFO  commands.RetriableDatanodeEventWatcher (RetriableDatanodeEventWatcher.java:onTimeout(47)) - RetriableDatanodeCommand type=deleteBlocksCommand with id=1567208455987 timed out. Retrying.
2019-08-30 23:41:09,408 [pool-7-thread-2] INFO  commands.RetriableDatanodeEventWatcher (RetriableDatanodeEventWatcher.java:onTimeout(47)) - RetriableDatanodeCommand type=deleteBlocksCommand with id=1567208456056 timed out. Retrying.
2019-08-30 23:41:09,422 [pool-7-thread-2] INFO  commands.RetriableDatanodeEventWatcher (RetriableDatanodeEventWatcher.java:onTimeout(47)) - RetriableDatanodeCommand type=deleteBlocksCommand with id=1567208456066 timed out. Retrying.
2019-08-30 23:41:09,422 [pool-7-thread-9] INFO  commands.RetriableDatanodeEventWatcher (RetriableDatanodeEventWatcher.java:onTimeout(47)) - RetriableDatanodeCommand type=deleteBlocksCommand with id=1567208455997 timed out. Retrying.
2019-08-30 23:41:09,432 [pool-7-thread-9] INFO  commands.RetriableDatanodeEventWatcher (RetriableDatanodeEventWatcher.java:onTimeout(47)) - RetriableDatanodeCommand type=deleteBlocksCommand with id=1567208456007 timed out. Retrying.
2019-08-30 23:41:09,437 [pool-7-thread-9] INFO  commands.RetriableDatanodeEventWatcher (RetriableDatanodeEventWatcher.java:onTimeout(47)) - RetriableDatanodeCommand type=deleteBlocksCommand with id=1567208456076 timed out. Retrying.
2019-08-30 23:41:09,448 [pool-7-thread-9] INFO  commands.RetriableDatanodeEventWatcher (RetriableDatanodeEventWatcher.java:onTimeout(47)) - RetriableDatanodeCommand type=deleteBlocksCommand with id=1567208456017 timed out. Retrying.
2019-08-30 23:41:09,452 [pool-7-thread-9] INFO  commands.RetriableDatanodeEventWatcher (RetriableDatanodeEventWatcher.java:onTimeout(47)) - RetriableDatanodeCommand type=deleteBlocksCommand with id=1567208456086 timed out. Retrying.
2019-08-30 23:41:09,462 [pool-7-thread-9] INFO  commands.RetriableDatanodeEventWatcher (RetriableDatanodeEventWatcher.java:onTimeout(47)) - RetriableDatanodeCommand type=deleteBlocksCommand with id=1567208456027 timed out. Retrying.
2019-08-30 23:41:09,475 [SCMBlockDeletingService#0] DEBUG block.SCMBlockDeletingService (SCMBlockDeletingService.java:call(138)) - Running DeletedBlockTransactionScanner
2019-08-30 23:41:09,475 [SCMBlockDeletingService#0] DEBUG block.SCMBlockDeletingService (SCMBlockDeletingService.java:call(155)) - Scanned deleted blocks log and got 3 delTX to process.
2019-08-30 23:41:09,476 [SCMBlockDeletingService#0] DEBUG block.SCMBlockDeletingService (SCMBlockDeletingService.java:call(171)) - Added delete block command for datanode c9f1298e-d840-49d8-aac3-de81602aa1d5 in the queue, number of delete block transactions: 3, TxID list: 1,2,3
2019-08-30 23:41:09,476 [SCMBlockDeletingService#0] INFO  block.SCMBlockDeletingService (SCMBlockDeletingService.java:call(182)) - Totally added 3 delete blocks command for 1 datanodes, task elapsed time: 1ms
2019-08-30 23:41:09,478 [pool-7-thread-9] INFO  commands.RetriableDatanodeEventWatcher (RetriableDatanodeEventWatcher.java:onTimeout(47)) - RetriableDatanodeCommand type=deleteBlocksCommand with id=1567208455968 timed out. Retrying.
2019-08-30 23:41:09,478 [pool-7-thread-2] INFO  commands.RetriableDatanodeEventWatcher (RetriableDatanodeEventWatcher.java:onTimeout(47)) - RetriableDatanodeCommand type=deleteBlocksCommand with id=1567208456037 timed out. Retrying.
2019-08-30 23:41:09,496 [pool-7-thread-2] INFO  commands.RetriableDatanodeEventWatcher (RetriableDatanodeEventWatcher.java:onTimeout(47)) - RetriableDatanodeCommand type=deleteBlocksCommand with id=1567208455978 timed out. Retrying.
2019-08-30 23:41:09,496 [pool-7-thread-9] INFO  commands.RetriableDatanodeEventWatcher (RetriableDatanodeEventWatcher.java:onTimeout(47)) - RetriableDatanodeCommand type=deleteBlocksCommand with id=1567208456047 timed out. Retrying.
2019-08-30 23:41:09,509 [pool-7-thread-9] INFO  commands.RetriableDatanodeEventWatcher (RetriableDatanodeEventWatcher.java:onTimeout(47)) - RetriableDatanodeCommand type=deleteBlocksCommand with id=1567208455988 timed out. Retrying.
2019-08-30 23:41:09,510 [pool-7-thread-2] INFO  commands.RetriableDatanodeEventWatcher (RetriableDatanodeEventWatcher.java:onTimeout(47)) - RetriableDatanodeCommand type=deleteBlocksCommand with id=1567208456057 timed out. Retrying.
2019-08-30 23:41:09,523 [pool-7-thread-2] INFO  commands.RetriableDatanodeEventWatcher (RetriableDatanodeEventWatcher.java:onTimeout(47)) - RetriableDatanodeCommand type=deleteBlocksCommand with id=1567208456067 timed out. Retrying.
2019-08-30 23:41:09,523 [pool-7-thread-9] INFO  commands.RetriableDatanodeEventWatcher (RetriableDatanodeEventWatcher.java:onTimeout(47)) - RetriableDatanodeCommand type=deleteBlocksCommand with id=1567208455998 timed out. Retrying.
2019-08-30 23:41:09,535 [pool-7-thread-9] INFO  commands.RetriableDatanodeEventWatcher (RetriableDatanodeEventWatcher.java:onTimeout(47)) - RetriableDatanodeCommand type=deleteBlocksCommand with id=1567208456008 timed out. Retrying.
2019-08-30 23:41:09,539 [pool-7-thread-9] INFO  commands.RetriableDatanodeEventWatcher (RetriableDatanodeEventWatcher.java:onTimeout(47)) - RetriableDatanodeCommand type=deleteBlocksCommand with id=1567208456077 timed out. Retrying.
2019-08-30 23:41:09,548 [pool-7-thread-9] INFO  commands.RetriableDatanodeEventWatcher (RetriableDatanodeEventWatcher.java:onTimeout(47)) - RetriableDatanodeCommand type=deleteBlocksCommand with id=1567208456018 timed out. Retrying.
2019-08-30 23:41:09,553 [pool-7-thread-9] INFO  commands.RetriableDatanodeEventWatcher (RetriableDatanodeEventWatcher.java:onTimeout(47)) - RetriableDatanodeCommand type=deleteBlocksCommand with id=1567208456087 timed out. Retrying.
2019-08-30 23:41:09,567 [pool-7-thread-9] INFO  commands.RetriableDatanodeEventWatcher (RetriableDatanodeEventWatcher.java:onTimeout(47)) - RetriableDatanodeCommand type=deleteBlocksCommand with id=1567208456028 timed out. Retrying.
2019-08-30 23:41:09,576 [SCMBlockDeletingService#0] DEBUG block.SCMBlockDeletingService (SCMBlockDeletingService.java:call(138)) - Running DeletedBlockTransactionScanner
2019-08-30 23:41:09,577 [SCMBlockDeletingService#0] DEBUG block.SCMBlockDeletingService (SCMBlockDeletingService.java:call(155)) - Scanned deleted blocks log and got 3 delTX to process.
2019-08-30 23:41:09,577 [SCMBlockDeletingService#0] DEBUG block.SCMBlockDeletingService (SCMBlockDeletingService.java:call(171)) - Added delete block command for datanode c9f1298e-d840-49d8-aac3-de81602aa1d5 in the queue, number of delete block transactions: 3, TxID list: 1,2,3
2019-08-30 23:41:09,577 [SCMBlockDeletingService#0] INFO  block.SCMBlockDeletingService (SCMBlockDeletingService.java:call(182)) - Totally added 3 delete blocks command for 1 datanodes, task elapsed time: 1ms
2019-08-30 23:41:09,581 [EventQueue-PendingDeleteStatusForPendingDeleteHandler] INFO  block.SCMBlockDeletingService (SCMBlockDeletingService.java:handlePendingDeletes(115)) - Block deletion txnID mismatch in datanode c9f1298e-d840-49d8-aac3-de81602aa1d5 for containerID 1. Datanode delete txnID: 0, SCM txnID: 1
SCMBlockDeletingService.java:handlePendingDeletes(115)) - Block deletion txnID mismatch in datanode c9f1298e-d840-49d8-aac3-de81602aa1d5 for containerID 2. Datanode delete txnID: 0, SCM txnID: 2
2019-08-30 23:41:09,581 [EventQueue-PendingDeleteStatusForPendingDeleteHandler] INFO  block.SCMBlockDeletingService (RetriableDatanodeEventWatcher.java:onTimeout(47)) - RetriableDatanodeCommand type=deleteBlocksCommand with id=1567208456038 timed out. Retrying.
SCMBlockDeletingService.java:handlePendingDeletes(115)) - Block deletion txnID mismatch in datanode c9f1298e-d840-49d8-aac3-de81602aa1d5 for containerID 3. Datanode delete txnID: 0, SCM txnID: 3
2019-08-30 23:41:09,581 [pool-7-thread-2] INFO  commands.RetriableDatanodeEventWatcher (RetriableDatanodeEventWatcher.java:onTimeout(47)) - RetriableDatanodeCommand type=deleteBlocksCommand with id=1567208456038 timed out. Retrying.
2019-08-30 23:41:09,581 [pool-7-thread-9] INFO  commands.RetriableDatanodeEventWatcher (RetriableDatanodeEventWatcher.java:onTimeout(47)) - RetriableDatanodeCommand type=deleteBlocksCommand with id=1567208455969 timed out. Retrying.
2019-08-30 23:41:09,595 [pool-7-thread-9] INFO  commands.RetriableDatanodeEventWatcher (RetriableDatanodeEventWatcher.java:onTimeout(47)) - RetriableDatanodeCommand type=deleteBlocksCommand with id=1567208455979 timed out. Retrying.
2019-08-30 23:41:09,595 [pool-7-thread-2] INFO  commands.RetriableDatanodeEventWatcher (RetriableDatanodeEventWatcher.java:onTimeout(47)) - RetriableDatanodeCommand type=deleteBlocksCommand with id=1567208456048 timed out. Retrying.
2019-08-30 23:41:09,612 [pool-7-thread-9] INFO  commands.RetriableDatanodeEventWatcher (RetriableDatanodeEventWatcher.java:onTimeout(47)) - RetriableDatanodeCommand type=deleteBlocksCommand with id=1567208456058 timed out. Retrying.
2019-08-30 23:41:09,612 [pool-7-thread-2] INFO  commands.RetriableDatanodeEventWatcher (RetriableDatanodeEventWatcher.java:onTimeout(47)) - RetriableDatanodeCommand type=deleteBlocksCommand with id=1567208455989 timed out. Retrying.
2019-08-30 23:41:09,624 [pool-7-thread-2] INFO  commands.RetriableDatanodeEventWatcher (RetriableDatanodeEventWatcher.java:onTimeout(47)) - RetriableDatanodeCommand type=deleteBlocksCommand with id=1567208456068 timed out. Retrying.
2019-08-30 23:41:09,627 [pool-7-thread-2] INFO  commands.RetriableDatanodeEventWatcher (RetriableDatanodeEventWatcher.java:onTimeout(47)) - RetriableDatanodeCommand type=deleteBlocksCommand with id=1567208455999 timed out. Retrying.
2019-08-30 23:41:09,634 [pool-7-thread-2] INFO  commands.RetriableDatanodeEventWatcher (RetriableDatanodeEventWatcher.java:onTimeout(47)) - RetriableDatanodeCommand type=deleteBlocksCommand with id=1567208456009 timed out. Retrying.
2019-08-30 23:41:09,639 [pool-7-thread-2] INFO  commands.RetriableDatanodeEventWatcher (RetriableDatanodeEventWatcher.java:onTimeout(47)) - RetriableDatanodeCommand type=deleteBlocksCommand with id=1567208456078 timed out. Retrying.
2019-08-30 23:41:09,653 [pool-7-thread-2] INFO  commands.RetriableDatanodeEventWatcher (RetriableDatanodeEventWatcher.java:onTimeout(47)) - RetriableDatanodeCommand type=deleteBlocksCommand with id=1567208456019 timed out. Retrying.
2019-08-30 23:41:09,655 [pool-7-thread-2] INFO  commands.RetriableDatanodeEventWatcher (RetriableDatanodeEventWatcher.java:onTimeout(47)) - RetriableDatanodeCommand type=deleteBlocksCommand with id=1567208456088 timed out. Retrying.
2019-08-30 23:41:09,666 [pool-7-thread-2] INFO  commands.RetriableDatanodeEventWatcher (RetriableDatanodeEventWatcher.java:onTimeout(47)) - RetriableDatanodeCommand type=deleteBlocksCommand with id=1567208456029 timed out. Retrying.
2019-08-30 23:41:09,678 [SCMBlockDeletingService#0] DEBUG block.SCMBlockDeletingService (SCMBlockDeletingService.java:call(138)) - Running DeletedBlockTransactionScanner
2019-08-30 23:41:09,678 [SCMBlockDeletingService#0] DEBUG block.SCMBlockDeletingService (SCMBlockDeletingService.java:call(155)) - Scanned deleted blocks log and got 3 delTX to process.
2019-08-30 23:41:09,678 [SCMBlockDeletingService#0] DEBUG block.SCMBlockDeletingService (SCMBlockDeletingService.java:call(171)) - Added delete block command for datanode c9f1298e-d840-49d8-aac3-de81602aa1d5 in the queue, number of delete block transactions: 3, TxID list: 1,2,3
2019-08-30 23:41:09,679 [SCMBlockDeletingService#0] INFO  block.SCMBlockDeletingService (SCMBlockDeletingService.java:call(182)) - Totally added 3 delete blocks command for 1 datanodes, task elapsed time: 1ms
2019-08-30 23:41:09,682 [pool-7-thread-2] INFO  commands.RetriableDatanodeEventWatcher (RetriableDatanodeEventWatcher.java:onTimeout(47)) - RetriableDatanodeCommand type=deleteBlocksCommand with id=1567208455970 timed out. Retrying.
2019-08-30 23:41:09,683 [pool-7-thread-9] INFO  commands.RetriableDatanodeEventWatcher (RetriableDatanodeEventWatcher.java:onTimeout(47)) - RetriableDatanodeCommand type=deleteBlocksCommand with id=1567208456039 timed out. Retrying.
2019-08-30 23:41:09,697 [pool-7-thread-9] INFO  commands.RetriableDatanodeEventWatcher (RetriableDatanodeEventWatcher.java:onTimeout(47)) - RetriableDatanodeCommand type=deleteBlocksCommand with id=1567208455980 timed out. Retrying.
2019-08-30 23:41:09,697 [pool-7-thread-2] INFO  commands.RetriableDatanodeEventWatcher (RetriableDatanodeEventWatcher.java:onTimeout(47)) - RetriableDatanodeCommand type=deleteBlocksCommand with id=1567208456049 timed out. Retrying.
2019-08-30 23:41:09,712 [pool-7-thread-2] INFO  commands.RetriableDatanodeEventWatcher (RetriableDatanodeEventWatcher.java:onTimeout(47)) - RetriableDatanodeCommand type=deleteBlocksCommand with id=1567208456059 timed out. Retrying.
2019-08-30 23:41:09,726 [pool-7-thread-2] INFO  commands.RetriableDatanodeEventWatcher (RetriableDatanodeEventWatcher.java:onTimeout(47)) - RetriableDatanodeCommand type=deleteBlocksCommand with id=1567208455990 timed out. Retrying.
2019-08-30 23:41:09,727 [pool-7-thread-2] INFO  commands.RetriableDatanodeEventWatcher (RetriableDatanodeEventWatcher.java:onTimeout(47)) - RetriableDatanodeCommand type=deleteBlocksCommand with id=1567208456069 timed out. Retrying.
2019-08-30 23:41:09,727 [pool-7-thread-9] INFO  commands.RetriableDatanodeEventWatcher (RetriableDatanodeEventWatcher.java:onTimeout(47)) - RetriableDatanodeCommand type=deleteBlocksCommand with id=1567208456000 timed out. Retrying.
2019-08-30 23:41:09,739 [pool-7-thread-9] INFO  commands.RetriableDatanodeEventWatcher (RetriableDatanodeEventWatcher.java:onTimeout(47)) - RetriableDatanodeCommand type=deleteBlocksCommand with id=1567208456010 timed out. Retrying.
2019-08-30 23:41:09,741 [pool-7-thread-9] INFO  commands.RetriableDatanodeEventWatcher (RetriableDatanodeEventWatcher.java:onTimeout(47)) - RetriableDatanodeCommand type=deleteBlocksCommand with id=1567208456079 timed out. Retrying.
2019-08-30 23:41:09,752 [pool-7-thread-9] INFO  commands.RetriableDatanodeEventWatcher (RetriableDatanodeEventWatcher.java:onTimeout(47)) - RetriableDatanodeCommand type=deleteBlocksCommand with id=1567208456020 timed out. Retrying.
2019-08-30 23:41:09,757 [pool-7-thread-9] INFO  commands.RetriableDatanodeEventWatcher (RetriableDatanodeEventWatcher.java:onTimeout(47)) - RetriableDatanodeCommand type=deleteBlocksCommand with id=1567208456089 timed out. Retrying.
2019-08-30 23:41:09,769 [pool-7-thread-9] INFO  commands.RetriableDatanodeEventWatcher (RetriableDatanodeEventWatcher.java:onTimeout(47)) - RetriableDatanodeCommand type=deleteBlocksCommand with id=1567208456030 timed out. Retrying.
2019-08-30 23:41:09,779 [SCMBlockDeletingService#0] DEBUG block.SCMBlockDeletingService (SCMBlockDeletingService.java:call(138)) - Running DeletedBlockTransactionScanner
2019-08-30 23:41:09,779 [SCMBlockDeletingService#0] DEBUG block.SCMBlockDeletingService (SCMBlockDeletingService.java:call(155)) - Scanned deleted blocks log and got 3 delTX to process.
2019-08-30 23:41:09,779 [SCMBlockDeletingService#0] DEBUG block.SCMBlockDeletingService (SCMBlockDeletingService.java:call(171)) - Added delete block command for datanode c9f1298e-d840-49d8-aac3-de81602aa1d5 in the queue, number of delete block transactions: 3, TxID list: 1,2,3
2019-08-30 23:41:09,780 [SCMBlockDeletingService#0] INFO  block.SCMBlockDeletingService (SCMBlockDeletingService.java:call(182)) - Totally added 3 delete blocks command for 1 datanodes, task elapsed time: 1ms
2019-08-30 23:41:09,780 [Command processor thread] INFO  commandhandler.DeleteBlocksCommandHandler (DeleteBlocksCommandHandler.java:handle(106)) - Start to delete container blocks, TXIDs=[1(0),2(0),3(0)], numOfContainers=3, numOfBlocks=553
2019-08-30 23:41:09,784 [EventQueue-PendingDeleteStatusForPendingDeleteHandler] INFO  block.SCMBlockDeletingService (SCMBlockDeletingService.java:handlePendingDeletes(115)) - Block deletion txnID mismatch in datanode c9f1298e-d840-49d8-aac3-de81602aa1d5 for containerID 1. Datanode delete txnID: 0, SCM txnID: 1
2019-08-30 23:41:09,784 [EventQueue-PendingDeleteStatusForPendingDeleteHandler] INFO  block.SCMBlockDeletingService (SCMBlockDeletingService.java:handlePendingDeletes(115)) - Block deletion txnID mismatch in datanode c9f1298e-d840-49d8-aac3-de81602aa1d5 for containerID 2. Datanode delete txnID: 0, SCM txnID: 2
2019-08-30 23:41:09,784 [EventQueue-PendingDeleteStatusForPendingDeleteHandler] INFO  block.SCMBlockDeletingService (SCMBlockDeletingService.java:handlePendingDeletes(115)) - Block deletion txnID mismatch in datanode c9f1298e-d840-49d8-aac3-de81602aa1d5 for containerID 3. Datanode delete txnID: 0, SCM txnID: 3
2019-08-30 23:41:09,787 [pool-7-thread-9] INFO  commands.RetriableDatanodeEventWatcher (RetriableDatanodeEventWatcher.java:onTimeout(47)) - RetriableDatanodeCommand type=deleteBlocksCommand with id=1567208455971 timed out. Retrying.
2019-08-30 23:41:09,789 [pool-7-thread-9] INFO  commands.RetriableDatanodeEventWatcher (RetriableDatanodeEventWatcher.java:onTimeout(47)) - RetriableDatanodeCommand type=deleteBlocksCommand with id=1567208456040 timed out. Retrying.
2019-08-30 23:41:09,798 [pool-7-thread-9] INFO  commands.RetriableDatanodeEventWatcher (RetriableDatanodeEventWatcher.java:onTimeout(47)) - RetriableDatanodeCommand type=deleteBlocksCommand with id=1567208456050 timed out. Retrying.
2019-08-30 23:41:09,801 [pool-7-thread-9] INFO  commands.RetriableDatanodeEventWatcher (RetriableDatanodeEventWatcher.java:onTimeout(47)) - RetriableDatanodeCommand type=deleteBlocksCommand with id=1567208455981 timed out. Retrying.
2019-08-30 23:41:09,810 [pool-7-thread-9] INFO  commands.RetriableDatanodeEventWatcher (RetriableDatanodeEventWatcher.java:onTimeout(47)) - RetriableDatanodeCommand type=deleteBlocksCommand with id=1567208455991 timed out. Retrying.
2019-08-30 23:41:09,824 [Command processor thread] INFO  commandhandler.DeleteBlocksCommandHandler (DeleteBlocksCommandHandler.java:handle(106)) - Start to delete container blocks, TXIDs=[1(0),2(0),3(0)], numOfContainers=3, numOfBlocks=553
2019-08-30 23:41:09,826 [Command processor thread] INFO  commandhandler.DeleteBlocksCommandHandler (DeleteBlocksCommandHandler.java:handle(106)) - Start to delete container blocks, TXIDs=[1(0),2(0),3(0)], numOfContainers=3, numOfBlocks=553
2019-08-30 23:41:09,827 [Command processor thread] INFO  commandhandler.DeleteBlocksCommandHandler (DeleteBlocksCommandHandler.java:handle(106)) - Start to delete container blocks, TXIDs=[1(0),2(0),3(0)], numOfContainers=3, numOfBlocks=553
2019-08-30 23:41:09,829 [Command processor thread] INFO  commandhandler.DeleteBlocksCommandHandler (DeleteBlocksCommandHandler.java:handle(106)) - Start to delete container blocks, TXIDs=[1(0),2(0),3(0)], numOfContainers=3, numOfBlocks=553
2019-08-30 23:41:09,831 [Command processor thread] INFO  commandhandler.DeleteBlocksCommandHandler (DeleteBlocksCommandHandler.java:handle(106)) - Start to delete container blocks, TXIDs=[1(0),2(0),3(0)], numOfContainers=3, numOfBlocks=553
2019-08-30 23:41:09,832 [Command processor thread] INFO  commandhandler.DeleteBlocksCommandHandler (DeleteBlocksCommandHandler.java:handle(106)) - Start to delete container blocks, TXIDs=[1(0),2(0),3(0)], numOfContainers=3, numOfBlocks=553
2019-08-30 23:41:09,834 [Command processor thread] INFO  commandhandler.DeleteBlocksCommandHandler (DeleteBlocksCommandHandler.java:handle(106)) - Start to delete container blocks, TXIDs=[1(0),2(0),3(0)], numOfContainers=3, numOfBlocks=553
2019-08-30 23:41:09,836 [Command processor thread] INFO  commandhandler.DeleteBlocksCommandHandler (DeleteBlocksCommandHandler.java:handle(106)) - Start to delete container blocks, TXIDs=[1(0),2(0),3(0)], numOfContainers=3, numOfBlocks=553
2019-08-30 23:41:09,837 [Command processor thread] INFO  commandhandler.DeleteBlocksCommandHandler (DeleteBlocksCommandHandler.java:handle(106)) - Start to delete container blocks, TXIDs=[1(102),2(102),3(102)], numOfContainers=3, numOfBlocks=553
2019-08-30 23:41:09,839 [Command processor thread] INFO  commandhandler.DeleteBlocksCommandHandler (DeleteBlocksCommandHandler.java:handle(106)) - Start to delete container blocks, TXIDs=[1(0),2(0),3(0)], numOfContainers=3, numOfBlocks=553
2019-08-30 23:41:09,840 [Command processor thread] INFO  commandhandler.DeleteBlocksCommandHandler (DeleteBlocksCommandHandler.java:handle(106)) - Start to delete container blocks, TXIDs=[1(0),2(0),3(0)], numOfContainers=3, numOfBlocks=553
2019-08-30 23:41:09,842 [Command processor thread] INFO  commandhandler.DeleteBlocksCommandHandler (DeleteBlocksCommandHandler.java:handle(106)) - Start to delete container blocks, TXIDs=[1(0),2(0),3(0)], numOfContainers=3, numOfBlocks=553
2019-08-30 23:41:09,843 [Command processor thread] INFO  commandhandler.DeleteBlocksCommandHandler (DeleteBlocksCommandHandler.java:handle(106)) - Start to delete container blocks, TXIDs=[1(0),2(0),3(0)], numOfContainers=3, numOfBlocks=553
2019-08-30 23:41:09,845 [Command processor thread] INFO  commandhandler.DeleteBlocksCommandHandler (DeleteBlocksCommandHandler.java:handle(106)) - Start to delete container blocks, TXIDs=[1(0),2(0),3(0)], numOfContainers=3, numOfBlocks=553
2019-08-30 23:41:09,846 [Command processor thread] INFO  commandhandler.DeleteBlocksCommandHandler (DeleteBlocksCommandHandler.java:handle(106)) - Start to delete container blocks, TXIDs=[1(0),2(0),3(0)], numOfContainers=3, numOfBlocks=553
2019-08-30 23:41:09,847 [Command processor thread] INFO  commandhandler.DeleteBlocksCommandHandler (DeleteBlocksCommandHandler.java:handle(106)) - Start to delete container blocks, TXIDs=[1(0),2(0),3(0)], numOfContainers=3, numOfBlocks=553
2019-08-30 23:41:09,849 [Command processor thread] INFO  commandhandler.DeleteBlocksCommandHandler (DeleteBlocksCommandHandler.java:handle(106)) - Start to delete container blocks, TXIDs=[1(0),2(0),3(0)], numOfContainers=3, numOfBlocks=553
2019-08-30 23:41:09,851 [BlockDeletingService#2] INFO  background.BlockDeletingService (BlockDeletingService.java:getTasks(129)) - Plan to choose 10 containers for block deletion, actually returns 3 valid containers.
2019-08-30 23:41:09,851 [Command processor thread] INFO  commandhandler.DeleteBlocksCommandHandler (DeleteBlocksCommandHandler.java:handle(106)) - Start to delete container blocks, TXIDs=[1(0),2(0),3(0)], numOfContainers=3, numOfBlocks=553
2019-08-30 23:41:09,853 [Command processor thread] INFO  commandhandler.DeleteBlocksCommandHandler (DeleteBlocksCommandHandler.java:handle(106)) - Start to delete container blocks, TXIDs=[1(0),2(0),3(0)], numOfContainers=3, numOfBlocks=553
2019-08-30 23:41:09,859 [Command processor thread] INFO  commandhandler.DeleteBlocksCommandHandler (DeleteBlocksCommandHandler.java:handle(106)) - Start to delete container blocks, TXIDs=[1(0),2(0),3(0)], numOfContainers=3, numOfBlocks=553
2019-08-30 23:41:09,860 [Command processor thread] INFO  commandhandler.DeleteBlocksCommandHandler (DeleteBlocksCommandHandler.java:handle(106)) - Start to delete container blocks, TXIDs=[1(323),2(323),3(323)], numOfContainers=3, numOfBlocks=553
2019-08-30 23:41:09,861 [Command processor thread] INFO  commandhandler.DeleteBlocksCommandHandler (DeleteBlocksCommandHandler.java:handle(106)) - Start to delete container blocks, TXIDs=[1(0),2(0),3(0)], numOfContainers=3, numOfBlocks=553
2019-08-30 23:41:09,862 [Command processor thread] INFO  commandhandler.DeleteBlocksCommandHandler (DeleteBlocksCommandHandler.java:handle(106)) - Start to delete container blocks, TXIDs=[1(0),2(0),3(0)], numOfContainers=3, numOfBlocks=553
2019-08-30 23:41:09,863 [Command processor thread] INFO  commandhandler.DeleteBlocksCommandHandler (DeleteBlocksCommandHandler.java:handle(106)) - Start to delete container blocks, TXIDs=[1(0),2(0),3(0)], numOfContainers=3, numOfBlocks=553
2019-08-30 23:41:09,864 [Command processor thread] INFO  commandhandler.DeleteBlocksCommandHandler (DeleteBlocksCommandHandler.java:handle(106)) - Start to delete container blocks, TXIDs=[1(0),2(0),3(0)], numOfContainers=3, numOfBlocks=553
2019-08-30 23:41:09,865 [Command processor thread] INFO  commandhandler.DeleteBlocksCommandHandler (DeleteBlocksCommandHandler.java:handle(106)) - Start to delete container blocks, TXIDs=[1(0),2(0),3(0)], numOfContainers=3, numOfBlocks=553
2019-08-30 23:41:09,867 [Command processor thread] INFO  commandhandler.DeleteBlocksCommandHandler (DeleteBlocksCommandHandler.java:handle(106)) - Start to delete container blocks, TXIDs=[1(0),2(0),3(0)], numOfContainers=3, numOfBlocks=553
2019-08-30 23:41:09,868 [Command processor thread] INFO  commandhandler.DeleteBlocksCommandHandler (DeleteBlocksCommandHandler.java:handle(106)) - Start to delete container blocks, TXIDs=[1(0),2(0),3(0)], numOfContainers=3, numOfBlocks=553
2019-08-30 23:41:09,869 [Command processor thread] INFO  commandhandler.DeleteBlocksCommandHandler (DeleteBlocksCommandHandler.java:handle(106)) - Start to delete container blocks, TXIDs=[1(0),2(0),3(0)], numOfContainers=3, numOfBlocks=553
2019-08-30 23:41:09,869 [pool-7-thread-2] INFO  commands.RetriableDatanodeEventWatcher (RetriableDatanodeEventWatcher.java:onTimeout(47)) - RetriableDatanodeCommand type=deleteBlocksCommand with id=1567208456090 timed out. Retrying.
2019-08-30 23:41:09,869 [pool-7-thread-5] INFO  commands.RetriableDatanodeEventWatcher (RetriableDatanodeEventWatcher.java:onTimeout(47)) - RetriableDatanodeCommand type=deleteBlocksCommand with id=1567208456021 timed out. Retrying.
2019-08-30 23:41:09,869 [pool-7-thread-1] INFO  commands.RetriableDatanodeEventWatcher (RetriableDatanodeEventWatcher.java:onTimeout(47)) - RetriableDatanodeCommand type=deleteBlocksCommand with id=1567208456060 timed out. Retrying.
2019-08-30 23:41:09,870 [pool-7-thread-7] INFO  commands.RetriableDatanodeEventWatcher (RetriableDatanodeEventWatcher.java:onTimeout(47)) - RetriableDatanodeCommand type=deleteBlocksCommand with id=1567208456001 timed out. Retrying.
2019-08-30 23:41:09,870 [pool-7-thread-6] INFO  commands.RetriableDatanodeEventWatcher (RetriableDatanodeEventWatcher.java:onTimeout(47)) - RetriableDatanodeCommand type=deleteBlocksCommand with id=1567208456011 timed out. Retrying.
2019-08-30 23:41:09,870 [Command processor thread] INFO  commandhandler.DeleteBlocksCommandHandler (DeleteBlocksCommandHandler.java:handle(106)) - Start to delete container blocks, TXIDs=[1(0),2(0),3(0)], numOfContainers=3, numOfBlocks=553
2019-08-30 23:41:09,870 [pool-7-thread-4] INFO  commands.RetriableDatanodeEventWatcher (RetriableDatanodeEventWatcher.java:onTimeout(47)) - RetriableDatanodeCommand type=deleteBlocksCommand with id=1567208456031 timed out. Retrying.
2019-08-30 23:41:09,870 [pool-7-thread-3] INFO  commands.RetriableDatanodeEventWatcher (RetriableDatanodeEventWatcher.java:onTimeout(47)) - RetriableDatanodeCommand type=deleteBlocksCommand with id=1567208456080 timed out. Retrying.
2019-08-30 23:41:09,870 [pool-7-thread-9] INFO  commands.RetriableDatanodeEventWatcher (RetriableDatanodeEventWatcher.java:onTimeout(47)) - RetriableDatanodeCommand type=deleteBlocksCommand with id=1567208456070 timed out. Retrying.
2019-08-30 23:41:09,871 [Command processor thread] INFO  commandhandler.DeleteBlocksCommandHandler (DeleteBlocksCommandHandler.java:handle(106)) - Start to delete container blocks, TXIDs=[1(0),2(0),3(0)], numOfContainers=3, numOfBlocks=553
2019-08-30 23:41:09,872 [Command processor thread] INFO  commandhandler.DeleteBlocksCommandHandler (DeleteBlocksCommandHandler.java:handle(106)) - Start to delete container blocks, TXIDs=[1(0),2(0),3(0)], numOfContainers=3, numOfBlocks=553
2019-08-30 23:41:09,873 [Command processor thread] INFO  commandhandler.DeleteBlocksCommandHandler (DeleteBlocksCommandHandler.java:handle(106)) - Start to delete container blocks, TXIDs=[1(0),2(0),3(0)], numOfContainers=3, numOfBlocks=553
2019-08-30 23:41:09,874 [Command processor thread] INFO  commandhandler.DeleteBlocksCommandHandler (DeleteBlocksCommandHandler.java:handle(106)) - Start to delete container blocks, TXIDs=[1(751),2(751),3(751)], numOfContainers=3, numOfBlocks=553
2019-08-30 23:41:09,876 [Command processor thread] INFO  commandhandler.DeleteBlocksCommandHandler (DeleteBlocksCommandHandler.java:handle(106)) - Start to delete container blocks, TXIDs=[1(0),2(0),3(0)], numOfContainers=3, numOfBlocks=553
2019-08-30 23:41:09,877 [Command processor thread] INFO  commandhandler.DeleteBlocksCommandHandler (DeleteBlocksCommandHandler.java:handle(106)) - Start to delete container blocks, TXIDs=[1(0),2(0),3(0)], numOfContainers=3, numOfBlocks=553
2019-08-30 23:41:09,878 [Command processor thread] INFO  commandhandler.DeleteBlocksCommandHandler (DeleteBlocksCommandHandler.java:handle(106)) - Start to delete container blocks, TXIDs=[1(0),2(0),3(0)], numOfContainers=3, numOfBlocks=553
2019-08-30 23:41:09,879 [Command processor thread] INFO  commandhandler.DeleteBlocksCommandHandler (DeleteBlocksCommandHandler.java:handle(106)) - Start to delete container blocks, TXIDs=[1(0),2(0),3(0)], numOfContainers=3, numOfBlocks=553
2019-08-30 23:41:09,880 [Command processor thread] INFO  commandhandler.DeleteBlocksCommandHandler (SCMBlockDeletingService.java:call(138)) - Running DeletedBlockTransactionScanner
2019-08-30 23:41:09,880 [Command processor thread] INFO  commandhandler.DeleteBlocksCommandHandler (DeleteBlocksCommandHandler.java:handle(106)) - Start to delete container blocks, TXIDs=[1(0),2(0),3(0)], numOfContainers=3, numOfBlocks=553
2019-08-30 23:41:09,880 [SCMBlockDeletingService#0] DEBUG block.SCMBlockDeletingService (SCMBlockDeletingService.java:call(155)) - Scanned deleted blocks log and got 3 delTX to process.
2019-08-30 23:41:09,881 [SCMBlockDeletingService#0] DEBUG block.SCMBlockDeletingService (SCMBlockDeletingService.java:call(171)) - Added delete block command for datanode c9f1298e-d840-49d8-aac3-de81602aa1d5 in the queue, number of delete block transactions: 3, TxID list: 1,2,3
2019-08-30 23:41:09,881 [SCMBlockDeletingService#0] INFO  block.SCMBlockDeletingService (SCMBlockDeletingService.java:call(182)) - Totally added 3 delete blocks command for 1 datanodes, task elapsed time: 1ms
2019-08-30 23:41:09,881 [Command processor thread] INFO  commandhandler.DeleteBlocksCommandHandler (DeleteBlocksCommandHandler.java:handle(106)) - Start to delete container blocks, TXIDs=[1(0),2(0),3(0)], numOfContainers=3, numOfBlocks=553
2019-08-30 23:41:09,882 [Command processor thread] INFO  commandhandler.DeleteBlocksCommandHandler (DeleteBlocksCommandHandler.java:handle(106)) - Start to delete container blocks, TXIDs=[1(0),2(0),3(0)], numOfContainers=3, numOfBlocks=553
2019-08-30 23:41:09,883 [Command processor thread] INFO  commandhandler.DeleteBlocksCommandHandler (DeleteBlocksCommandHandler.java:handle(106)) - Start to delete container blocks, TXIDs=[1(0),2(0),3(0)], numOfContainers=3, numOfBlocks=553
2019-08-30 23:41:09,885 [Command processor thread] INFO  commandhandler.DeleteBlocksCommandHandler (DeleteBlocksCommandHandler.java:handle(106)) - Start to delete container blocks, TXIDs=[1(0),2(0),3(0)], numOfContainers=3, numOfBlocks=553
2019-08-30 23:41:09,886 [Command processor thread] INFO  commandhandler.DeleteBlocksCommandHandler (DeleteBlocksCommandHandler.java:handle(106)) - Start to delete container blocks, TXIDs=[1(0),2(0),3(0)], numOfContainers=3, numOfBlocks=553
2019-08-30 23:41:09,887 [Command processor thread] INFO  commandhandler.DeleteBlocksCommandHandler (DeleteBlocksCommandHandler.java:handle(106)) - Start to delete container blocks, TXIDs=[1(0),2(0),3(0)], numOfContainers=3, numOfBlocks=553
2019-08-30 23:41:09,888 [Command processor thread] INFO  commandhandler.DeleteBlocksCommandHandler (DeleteBlocksCommandHandler.java:handle(106)) - Start to delete container blocks, TXIDs=[1(751),2(751),3(751)], numOfContainers=3, numOfBlocks=553
2019-08-30 23:41:09,889 [Command processor thread] INFO  commandhandler.DeleteBlocksCommandHandler (DeleteBlocksCommandHandler.java:handle(106)) - Start to delete container blocks, TXIDs=[1(0),2(0),3(0)], numOfContainers=3, numOfBlocks=553
2019-08-30 23:41:09,890 [Command processor thread] INFO  commandhandler.DeleteBlocksCommandHandler (DeleteBlocksCommandHandler.java:handle(106)) - Start to delete container blocks, TXIDs=[1(0),2(0),3(0)], numOfContainers=3, numOfBlocks=553
2019-08-30 23:41:09,891 [Command processor thread] INFO  commandhandler.DeleteBlocksCommandHandler (DeleteBlocksCommandHandler.java:handle(106)) - Start to delete container blocks, TXIDs=[1(0),2(0),3(0)], numOfContainers=3, numOfBlocks=553
2019-08-30 23:41:09,892 [Command processor thread] INFO  commandhandler.DeleteBlocksCommandHandler (DeleteBlocksCommandHandler.java:handle(106)) - Start to delete container blocks, TXIDs=[1(0),2(0),3(0)], numOfContainers=3, numOfBlocks=553
2019-08-30 23:41:09,893 [Command processor thread] INFO  commandhandler.DeleteBlocksCommandHandler (DeleteBlocksCommandHandler.java:handle(106)) - Start to delete container blocks, TXIDs=[1(0),2(0),3(0)], numOfContainers=3, numOfBlocks=553
2019-08-30 23:41:09,894 [Command processor thread] INFO  commandhandler.DeleteBlocksCommandHandler (DeleteBlocksCommandHandler.java:handle(106)) - Start to delete container blocks, TXIDs=[1(0),2(0),3(0)], numOfContainers=3, numOfBlocks=553
2019-08-30 23:41:09,894 [Command processor thread] INFO  commandhandler.DeleteBlocksCommandHandler (DeleteBlocksCommandHandler.java:handle(106)) - Start to delete container blocks, TXIDs=[1(0),2(0),3(0)], numOfContainers=3, numOfBlocks=553
2019-08-30 23:41:09,895 [Command processor thread] INFO  commandhandler.DeleteBlocksCommandHandler (DeleteBlocksCommandHandler.java:handle(106)) - Start to delete container blocks, TXIDs=[1(0),2(0),3(0)], numOfContainers=3, numOfBlocks=553
2019-08-30 23:41:09,896 [Command processor thread] INFO  commandhandler.DeleteBlocksCommandHandler (DeleteBlocksCommandHandler.java:handle(106)) - Start to delete container blocks, TXIDs=[1(0),2(0),3(0)], numOfContainers=3, numOfBlocks=553
2019-08-30 23:41:09,897 [Command processor thread] INFO  commandhandler.DeleteBlocksCommandHandler (DeleteBlocksCommandHandler.java:handle(106)) - Start to delete container blocks, TXIDs=[1(0),2(0),3(0)], numOfContainers=3, numOfBlocks=553
2019-08-30 23:41:09,898 [Command processor thread] INFO  commandhandler.DeleteBlocksCommandHandler (DeleteBlocksCommandHandler.java:handle(106)) - Start to delete container blocks, TXIDs=[1(0),2(0),3(0)], numOfContainers=3, numOfBlocks=553
2019-08-30 23:41:09,899 [Command processor thread] INFO  commandhandler.DeleteBlocksCommandHandler (DeleteBlocksCommandHandler.java:handle(106)) - Start to delete container blocks, TXIDs=[1(0),2(0),3(0)], numOfContainers=3, numOfBlocks=553
2019-08-30 23:41:09,900 [Command processor thread] INFO  commandhandler.DeleteBlocksCommandHandler (DeleteBlocksCommandHandler.java:handle(106)) - Start to delete container blocks, TXIDs=[1(0),2(0),3(0)], numOfContainers=3, numOfBlocks=553
2019-08-30 23:41:09,901 [Command processor thread] INFO  commandhandler.DeleteBlocksCommandHandler (DeleteBlocksCommandHandler.java:handle(106)) - Start to delete container blocks, TXIDs=[1(751),2(751),3(751)], numOfContainers=3, numOfBlocks=553
2019-08-30 23:41:09,902 [Command processor thread] INFO  commandhandler.DeleteBlocksCommandHandler (DeleteBlocksCommandHandler.java:handle(106)) - Start to delete container blocks, TXIDs=[1(0),2(0),3(0)], numOfContainers=3, numOfBlocks=553
2019-08-30 23:41:09,902 [Command processor thread] INFO  commandhandler.DeleteBlocksCommandHandler (DeleteBlocksCommandHandler.java:handle(106)) - Start to delete container blocks, TXIDs=[1(0),2(0),3(0)], numOfContainers=3, numOfBlocks=553
2019-08-30 23:41:09,903 [Command processor thread] INFO  commandhandler.DeleteBlocksCommandHandler (DeleteBlocksCommandHandler.java:handle(106)) - Start to delete container blocks, TXIDs=[1(0),2(0),3(0)], numOfContainers=3, numOfBlocks=553
2019-08-30 23:41:09,904 [Command processor thread] INFO  commandhandler.DeleteBlocksCommandHandler (DeleteBlocksCommandHandler.java:handle(106)) - Start to delete container blocks, TXIDs=[1(0),2(0),3(0)], numOfContainers=3, numOfBlocks=553
2019-08-30 23:41:09,905 [pool-7-thread-9] INFO  commands.RetriableDatanodeEventWatcher (RetriableDatanodeEventWatcher.java:onTimeout(47)) - RetriableDatanodeCommand type=deleteBlocksCommand with id=1567208455982 timed out. Retrying.
2019-08-30 23:41:09,905 [pool-7-thread-4] INFO  commands.RetriableDatanodeEventWatcher (RetriableDatanodeEventWatcher.java:onTimeout(47)) - RetriableDatanodeCommand type=deleteBlocksCommand with id=1567208456041 timed out. Retrying.
2019-08-30 23:41:09,905 [pool-7-thread-6] INFO  commands.RetriableDatanodeEventWatcher (RetriableDatanodeEventWatcher.java:onTimeout(47)) - RetriableDatanodeCommand type=deleteBlocksCommand with id=1567208456051 timed out. Retrying.
2019-08-30 23:41:09,905 [Command processor thread] INFO  commandhandler.DeleteBlocksCommandHandler (DeleteBlocksCommandHandler.java:handle(106)) - Start to delete container blocks, TXIDs=[1(0),2(0),3(0)], numOfContainers=3, numOfBlocks=553
2019-08-30 23:41:09,905 [pool-7-thread-3] INFO  commands.RetriableDatanodeEventWatcher (RetriableDatanodeEventWatcher.java:onTimeout(47)) - RetriableDatanodeCommand type=deleteBlocksCommand with id=1567208455972 timed out. Retrying.
2019-08-30 23:41:09,906 [Command processor thread] INFO  commandhandler.DeleteBlocksCommandHandler (DeleteBlocksCommandHandler.java:handle(106)) - Start to delete container blocks, TXIDs=[1(0),2(0),3(0)], numOfContainers=3, numOfBlocks=553
2019-08-30 23:41:09,907 [Command processor thread] INFO  commandhandler.DeleteBlocksCommandHandler (DeleteBlocksCommandHandler.java:handle(106)) - Start to delete container blocks, TXIDs=[1(0),2(0),3(0)], numOfContainers=3, numOfBlocks=553
2019-08-30 23:41:09,908 [Command processor thread] INFO  commandhandler.DeleteBlocksCommandHandler (DeleteBlocksCommandHandler.java:handle(106)) - Start to delete container blocks, TXIDs=[1(0),2(0),3(0)], numOfContainers=3, numOfBlocks=553
2019-08-30 23:41:09,909 [Command processor thread] INFO  commandhandler.DeleteBlocksCommandHandler (DeleteBlocksCommandHandler.java:handle(106)) - Start to delete container blocks, TXIDs=[1(0),2(0),3(0)], numOfContainers=3, numOfBlocks=553
2019-08-30 23:41:09,910 [Command processor thread] INFO  commandhandler.DeleteBlocksCommandHandler (DeleteBlocksCommandHandler.java:handle(106)) - Start to delete container blocks, TXIDs=[1(0),2(0),3(0)], numOfContainers=3, numOfBlocks=553
2019-08-30 23:41:09,911 [Command processor thread] INFO  commandhandler.DeleteBlocksCommandHandler (DeleteBlocksCommandHandler.java:handle(106)) - Start to delete container blocks, TXIDs=[1(0),2(0),3(0)], numOfContainers=3, numOfBlocks=553
2019-08-30 23:41:09,912 [Command processor thread] INFO  commandhandler.DeleteBlocksCommandHandler (DeleteBlocksCommandHandler.java:handle(106)) - Start to delete container blocks, TXIDs=[1(0),2(0),3(0)], numOfContainers=3, numOfBlocks=553
2019-08-30 23:41:09,913 [Command processor thread] INFO  commandhandler.DeleteBlocksCommandHandler (DeleteBlocksCommandHandler.java:handle(106)) - Start to delete container blocks, TXIDs=[1(751),2(751),3(751)], numOfContainers=3, numOfBlocks=553
2019-08-30 23:41:09,913 [Command processor thread] INFO  commandhandler.DeleteBlocksCommandHandler (DeleteBlocksCommandHandler.java:handle(106)) - Start to delete container blocks, TXIDs=[1(0),2(0),3(0)], numOfContainers=3, numOfBlocks=553
2019-08-30 23:41:09,914 [Command processor thread] INFO  commandhandler.DeleteBlocksCommandHandler (DeleteBlocksCommandHandler.java:handle(106)) - Start to delete container blocks, TXIDs=[1(0),2(0),3(0)], numOfContainers=3, numOfBlocks=553
2019-08-30 23:41:09,915 [pool-7-thread-3] INFO  commands.RetriableDatanodeEventWatcher (RetriableDatanodeEventWatcher.java:onTimeout(47)) - RetriableDatanodeCommand type=deleteBlocksCommand with id=1567208456061 timed out. Retrying.
2019-08-30 23:41:09,917 [Command processor thread] INFO  commandhandler.DeleteBlocksCommandHandler (DeleteBlocksCommandHandler.java:handle(106)) - Start to delete container blocks, TXIDs=[1(0),2(0),3(0)], numOfContainers=3, numOfBlocks=553
2019-08-30 23:41:09,919 [Command processor thread] INFO  commandhandler.DeleteBlocksCommandHandler (DeleteBlocksCommandHandler.java:handle(106)) - Start to delete container blocks, TXIDs=[1(0),2(0),3(0)], numOfContainers=3, numOfBlocks=553
2019-08-30 23:41:09,919 [pool-7-thread-3] INFO  commands.RetriableDatanodeEventWatcher (RetriableDatanodeEventWatcher.java:onTimeout(47)) - RetriableDatanodeCommand type=deleteBlocksCommand with id=1567208455992 timed out. Retrying.
2019-08-30 23:41:09,920 [Command processor thread] INFO  commandhandler.DeleteBlocksCommandHandler (DeleteBlocksCommandHandler.java:handle(106)) - Start to delete container blocks, TXIDs=[1(0),2(0),3(0)], numOfContainers=3, numOfBlocks=553
2019-08-30 23:41:09,922 [Command processor thread] INFO  commandhandler.DeleteBlocksCommandHandler (DeleteBlocksCommandHandler.java:handle(106)) - Start to delete container blocks, TXIDs=[1(0),2(0),3(0)], numOfContainers=3, numOfBlocks=553
2019-08-30 23:41:09,924 [Command processor thread] INFO  commandhandler.DeleteBlocksCommandHandler (DeleteBlocksCommandHandler.java:handle(106)) - Start to delete container blocks, TXIDs=[1(0),2(0),3(0)], numOfContainers=3, numOfBlocks=553
2019-08-30 23:41:09,926 [Command processor thread] INFO  commandhandler.DeleteBlocksCommandHandler (DeleteBlocksCommandHandler.java:handle(106)) - Start to delete container blocks, TXIDs=[1(0),2(0),3(0)], numOfContainers=3, numOfBlocks=553
2019-08-30 23:41:09,927 [pool-7-thread-3] INFO  commands.RetriableDatanodeEventWatcher (RetriableDatanodeEventWatcher.java:onTimeout(47)) - RetriableDatanodeCommand type=deleteBlocksCommand with id=1567208456002 timed out. Retrying.
2019-08-30 23:41:09,928 [Command processor thread] INFO  commandhandler.DeleteBlocksCommandHandler (DeleteBlocksCommandHandler.java:handle(106)) - Start to delete container blocks, TXIDs=[1(0),2(0),3(0)], numOfContainers=3, numOfBlocks=553
2019-08-30 23:41:09,930 [Command processor thread] INFO  commandhandler.DeleteBlocksCommandHandler (DeleteBlocksCommandHandler.java:handle(106)) - Start to delete container blocks, TXIDs=[1(0),2(0),3(0)], numOfContainers=3, numOfBlocks=553
2019-08-30 23:41:09,930 [pool-7-thread-3] INFO  commands.RetriableDatanodeEventWatcher (RetriableDatanodeEventWatcher.java:onTimeout(47)) - RetriableDatanodeCommand type=deleteBlocksCommand with id=1567208456071 timed out. Retrying.
2019-08-30 23:41:09,931 [Command processor thread] INFO  commandhandler.DeleteBlocksCommandHandler (DeleteBlocksCommandHandler.java:handle(106)) - Start to delete container blocks, TXIDs=[1(0),2(0),3(0)], numOfContainers=3, numOfBlocks=553
2019-08-30 23:41:09,933 [Command processor thread] INFO  commandhandler.DeleteBlocksCommandHandler (DeleteBlocksCommandHandler.java:handle(106)) - Start to delete container blocks, TXIDs=[1(0),2(0),3(0)], numOfContainers=3, numOfBlocks=553
2019-08-30 23:41:09,935 [Command processor thread] INFO  commandhandler.DeleteBlocksCommandHandler (DeleteBlocksCommandHandler.java:handle(106)) - Start to delete container blocks, TXIDs=[1(751),2(751),3(751)], numOfContainers=3, numOfBlocks=553
2019-08-30 23:41:09,937 [Command processor thread] INFO  commandhandler.DeleteBlocksCommandHandler (DeleteBlocksCommandHandler.java:handle(106)) - Start to delete container blocks, TXIDs=[1(0),2(0),3(0)], numOfContainers=3, numOfBlocks=553
2019-08-30 23:41:09,938 [Command processor thread] INFO  commandhandler.DeleteBlocksCommandHandler (DeleteBlocksCommandHandler.java:handle(106)) - Start to delete container blocks, TXIDs=[1(0),2(0),3(0)], numOfContainers=3, numOfBlocks=553
2019-08-30 23:41:09,940 [Command processor thread] INFO  commandhandler.DeleteBlocksCommandHandler (DeleteBlocksCommandHandler.java:handle(106)) - Start to delete container blocks, TXIDs=[1(0),2(0),3(0)], numOfContainers=3, numOfBlocks=553
2019-08-30 23:41:09,941 [pool-7-thread-3] INFO  commands.RetriableDatanodeEventWatcher (RetriableDatanodeEventWatcher.java:onTimeout(47)) - RetriableDatanodeCommand type=deleteBlocksCommand with id=1567208456012 timed out. Retrying.
2019-08-30 23:41:09,942 [Command processor thread] INFO  commandhandler.DeleteBlocksCommandHandler (DeleteBlocksCommandHandler.java:handle(106)) - Start to delete container blocks, TXIDs=[1(0),2(0),3(0)], numOfContainers=3, numOfBlocks=553
2019-08-30 23:41:09,943 [Command processor thread] INFO  commandhandler.DeleteBlocksCommandHandler (DeleteBlocksCommandHandler.java:handle(106)) - Start to delete container blocks, TXIDs=[1(0),2(0),3(0)], numOfContainers=3, numOfBlocks=553
2019-08-30 23:41:09,943 [pool-7-thread-3] INFO  commands.RetriableDatanodeEventWatcher (RetriableDatanodeEventWatcher.java:onTimeout(47)) - RetriableDatanodeCommand type=deleteBlocksCommand with id=1567208456081 timed out. Retrying.
2019-08-30 23:41:09,945 [Command processor thread] INFO  commandhandler.DeleteBlocksCommandHandler (DeleteBlocksCommandHandler.java:handle(106)) - Start to delete container blocks, TXIDs=[1(0),2(0),3(0)], numOfContainers=3, numOfBlocks=553
2019-08-30 23:41:09,946 [Command processor thread] INFO  commandhandler.DeleteBlocksCommandHandler (DeleteBlocksCommandHandler.java:handle(106)) - Start to delete container blocks, TXIDs=[1(0),2(0),3(0)], numOfContainers=3, numOfBlocks=553
2019-08-30 23:41:09,948 [Command processor thread] INFO  commandhandler.DeleteBlocksCommandHandler (DeleteBlocksCommandHandler.java:handle(106)) - Start to delete container blocks, TXIDs=[1(0),2(0),3(0)], numOfContainers=3, numOfBlocks=553
2019-08-30 23:41:09,949 [Command processor thread] INFO  commandhandler.DeleteBlocksCommandHandler (DeleteBlocksCommandHandler.java:handle(106)) - Start to delete container blocks, TXIDs=[1(0),2(0),3(0)], numOfContainers=3, numOfBlocks=553
2019-08-30 23:41:09,951 [Command processor thread] INFO  commandhandler.DeleteBlocksCommandHandler (DeleteBlocksCommandHandler.java:handle(106)) - Start to delete container blocks, TXIDs=[1(0),2(0),3(0)], numOfContainers=3, numOfBlocks=553
2019-08-30 23:41:09,952 [Command processor thread] INFO  commandhandler.DeleteBlocksCommandHandler (DeleteBlocksCommandHandler.java:handle(106)) - Start to delete container blocks, TXIDs=[1(0),2(0),3(0)], numOfContainers=3, numOfBlocks=553
2019-08-30 23:41:09,954 [Command processor thread] INFO  commandhandler.DeleteBlocksCommandHandler (DeleteBlocksCommandHandler.java:handle(106)) - Start to delete container blocks, TXIDs=[1(0),2(0),3(0)], numOfContainers=3, numOfBlocks=553
2019-08-30 23:41:09,955 [Command processor thread] INFO  commandhandler.DeleteBlocksCommandHandler (DeleteBlocksCommandHandler.java:handle(106)) - Start to delete container blocks, TXIDs=[1(751),2(751),3(751)], numOfContainers=3, numOfBlocks=553
2019-08-30 23:41:09,957 [Command processor thread] INFO  commandhandler.DeleteBlocksCommandHandler (DeleteBlocksCommandHandler.java:handle(106)) - Start to delete container blocks, TXIDs=[1(0),2(0),3(0)], numOfContainers=3, numOfBlocks=553
2019-08-30 23:41:09,958 [pool-7-thread-3] INFO  commands.RetriableDatanodeEventWatcher (RetriableDatanodeEventWatcher.java:onTimeout(47)) - RetriableDatanodeCommand type=deleteBlocksCommand with id=1567208456022 timed out. Retrying.
2019-08-30 23:41:09,958 [Command processor thread] INFO  commandhandler.DeleteBlocksCommandHandler (DeleteBlocksCommandHandler.java:handle(106)) - Start to delete container blocks, TXIDs=[1(0),2(0),3(0)], numOfContainers=3, numOfBlocks=553
2019-08-30 23:41:09,959 [Command processor thread] INFO  commandhandler.DeleteBlocksCommandHandler (DeleteBlocksCommandHandler.java:handle(106)) - Start to delete container blocks, TXIDs=[1(0),2(0),3(0)], numOfContainers=3, numOfBlocks=553
2019-08-30 23:41:09,961 [Command processor thread] INFO  commandhandler.DeleteBlocksCommandHandler (DeleteBlocksCommandHandler.java:handle(106)) - Start to delete container blocks, TXIDs=[1(0),2(0),3(0)], numOfContainers=3, numOfBlocks=553
2019-08-30 23:41:09,962 [Command processor thread] INFO  commandhandler.DeleteBlocksCommandHandler (DeleteBlocksCommandHandler.java:handle(106)) - Start to delete container blocks, TXIDs=[1(0),2(0),3(0)], numOfContainers=3, numOfBlocks=553
2019-08-30 23:41:09,964 [Command processor thread] INFO  commandhandler.DeleteBlocksCommandHandler (DeleteBlocksCommandHandler.java:handle(106)) - Start to delete container blocks, TXIDs=[1(0),2(0),3(0)], numOfContainers=3, numOfBlocks=553
2019-08-30 23:41:09,965 [Command processor thread] INFO  commandhandler.DeleteBlocksCommandHandler (DeleteBlocksCommandHandler.java:handle(106)) - Start to delete container blocks, TXIDs=[1(0),2(0),3(0)], numOfContainers=3, numOfBlocks=553
2019-08-30 23:41:09,967 [Command processor thread] INFO  commandhandler.DeleteBlocksCommandHandler (DeleteBlocksCommandHandler.java:handle(106)) - Start to delete container blocks, TXIDs=[1(0),2(0),3(0)], numOfContainers=3, numOfBlocks=553
2019-08-30 23:41:09,968 [Command processor thread] INFO  commandhandler.DeleteBlocksCommandHandler (DeleteBlocksCommandHandler.java:handle(106)) - Start to delete container blocks, TXIDs=[1(0),2(0),3(0)], numOfContainers=3, numOfBlocks=553
2019-08-30 23:41:09,969 [Command processor thread] INFO  commandhandler.DeleteBlocksCommandHandler (DeleteBlocksCommandHandler.java:handle(106)) - Start to delete container blocks, TXIDs=[1(0),2(0),3(0)], numOfContainers=3, numOfBlocks=553
2019-08-30 23:41:09,970 [pool-7-thread-3] INFO  commands.RetriableDatanodeEventWatcher (RetriableDatanodeEventWatcher.java:onTimeout(47)) - RetriableDatanodeCommand type=deleteBlocksCommand with id=1567208456091 timed out. Retrying.
2019-08-30 23:41:09,971 [Command processor thread] INFO  commandhandler.DeleteBlocksCommandHandler (DeleteBlocksCommandHandler.java:handle(106)) - Start to delete container blocks, TXIDs=[1(0),2(0),3(0)], numOfContainers=3, numOfBlocks=553
2019-08-30 23:41:09,972 [pool-7-thread-3] INFO  commands.RetriableDatanodeEventWatcher (RetriableDatanodeEventWatcher.java:onTimeout(47)) - RetriableDatanodeCommand type=deleteBlocksCommand with id=1567208455963 timed out. Retrying.
2019-08-30 23:41:09,972 [pool-7-thread-6] INFO  commands.RetriableDatanodeEventWatcher (RetriableDatanodeEventWatcher.java:onTimeout(47)) - RetriableDatanodeCommand type=deleteBlocksCommand with id=1567208456032 timed out. Retrying.
2019-08-30 23:41:09,972 [Command processor thread] INFO  commandhandler.DeleteBlocksCommandHandler (DeleteBlocksCommandHandler.java:handle(106)) - Start to delete container blocks, TXIDs=[1(0),2(0),3(0)], numOfContainers=3, numOfBlocks=553
2019-08-30 23:41:09,974 [Command processor thread] INFO  commandhandler.DeleteBlocksCommandHandler (DeleteBlocksCommandHandler.java:handle(106)) - Start to delete container blocks, TXIDs=[1(751),2(751),3(751)], numOfContainers=3, numOfBlocks=553
2019-08-30 23:41:09,975 [Command processor thread] INFO  commandhandler.DeleteBlocksCommandHandler (DeleteBlocksCommandHandler.java:handle(106)) - Start to delete container blocks, TXIDs=[1(0),2(0),3(0)], numOfContainers=3, numOfBlocks=553
2019-08-30 23:41:09,976 [Command processor thread] INFO  commandhandler.DeleteBlocksCommandHandler (DeleteBlocksCommandHandler.java:handle(106)) - Start to delete container blocks, TXIDs=[1(0),2(0),3(0)], numOfContainers=3, numOfBlocks=553
2019-08-30 23:41:09,977 [Command processor thread] INFO  commandhandler.DeleteBlocksCommandHandler (DeleteBlocksCommandHandler.java:handle(106)) - Start to delete container blocks, TXIDs=[1(0),2(0),3(0)], numOfContainers=3, numOfBlocks=553
2019-08-30 23:41:09,979 [Command processor thread] INFO  commandhandler.DeleteBlocksCommandHandler (DeleteBlocksCommandHandler.java:handle(106)) - Start to delete container blocks, TXIDs=[1(0),2(0),3(0)], numOfContainers=3, numOfBlocks=553
2019-08-30 23:41:09,980 [Command processor thread] INFO  commandhandler.DeleteBlocksCommandHandler (DeleteBlocksCommandHandler.java:handle(106)) - Start to delete container blocks, TXIDs=[1(0),2(0),3(0)], numOfContainers=3, numOfBlocks=553
2019-08-30 23:41:09,981 [SCMBlockDeletingService#0] DEBUG block.SCMBlockDeletingService (SCMBlockDeletingService.java:call(138)) - Running DeletedBlockTransactionScanner
2019-08-30 23:41:09,981 [Command processor thread] INFO  commandhandler.DeleteBlocksCommandHandler (DeleteBlocksCommandHandler.java:handle(106)) - Start to delete container blocks, TXIDs=[1(0),2(0),3(0)], numOfContainers=3, numOfBlocks=553
2019-08-30 23:41:09,982 [SCMBlockDeletingService#0] DEBUG block.SCMBlockDeletingService (SCMBlockDeletingService.java:call(155)) - Scanned deleted blocks log and got 3 delTX to process.
2019-08-30 23:41:09,982 [SCMBlockDeletingService#0] DEBUG block.SCMBlockDeletingService (SCMBlockDeletingService.java:call(171)) - Added delete block command for datanode c9f1298e-d840-49d8-aac3-de81602aa1d5 in the queue, number of delete block transactions: 3, TxID list: 1,2,3
2019-08-30 23:41:09,982 [SCMBlockDeletingService#0] INFO  block.SCMBlockDeletingService (SCMBlockDeletingService.java:call(182)) - Totally added 3 delete blocks command for 1 datanodes, task elapsed time: 1ms
2019-08-30 23:41:09,983 [Command processor thread] INFO  commandhandler.DeleteBlocksCommandHandler (DeleteBlocksCommandHandler.java:handle(106)) - Start to delete container blocks, TXIDs=[1(0),2(0),3(0)], numOfContainers=3, numOfBlocks=553
2019-08-30 23:41:09,984 [Command processor thread] INFO  commandhandler.DeleteBlocksCommandHandler (DeleteBlocksCommandHandler.java:handle(106)) - Start to delete container blocks, TXIDs=[1(0),2(0),3(0)], numOfContainers=3, numOfBlocks=553
2019-08-30 23:41:09,986 [Command processor thread] INFO  commandhandler.DeleteBlocksCommandHandler (DeleteBlocksCommandHandler.java:handle(106)) - Start to delete container blocks, TXIDs=[1(0),2(0),3(0)], numOfContainers=3, numOfBlocks=553
2019-08-30 23:41:09,987 [Command processor thread] INFO  commandhandler.DeleteBlocksCommandHandler (DeleteBlocksCommandHandler.java:handle(106)) - Start to delete container blocks, TXIDs=[1(0),2(0),3(0)], numOfContainers=3, numOfBlocks=553
2019-08-30 23:41:09,988 [Command processor thread] INFO  commandhandler.DeleteBlocksCommandHandler (DeleteBlocksCommandHandler.java:handle(106)) - Start to delete container blocks, TXIDs=[1(0),2(0),3(0)], numOfContainers=3, numOfBlocks=553
2019-08-30 23:41:09,989 [pool-7-thread-6] INFO  commands.RetriableDatanodeEventWatcher (RetriableDatanodeEventWatcher.java:onTimeout(47)) - RetriableDatanodeCommand type=deleteBlocksCommand with id=1567208455973 timed out. Retrying.
2019-08-30 23:41:09,989 [Command processor thread] INFO  commandhandler.DeleteBlocksCommandHandler (DeleteBlocksCommandHandler.java:handle(106)) - Start to delete container blocks, TXIDs=[1(0),2(0),3(0)], numOfContainers=3, numOfBlocks=553
2019-08-30 23:41:09,989 [pool-7-thread-3] INFO  commands.RetriableDatanodeEventWatcher (RetriableDatanodeEventWatcher.java:onTimeout(47)) - RetriableDatanodeCommand type=deleteBlocksCommand with id=1567208456042 timed out. Retrying.
2019-08-30 23:41:09,991 [Command processor thread] INFO  commandhandler.DeleteBlocksCommandHandler (DeleteBlocksCommandHandler.java:handle(106)) - Start to delete container blocks, TXIDs=[1(751),2(751),3(751)], numOfContainers=3, numOfBlocks=553
2019-08-30 23:41:09,992 [Command processor thread] INFO  commandhandler.DeleteBlocksCommandHandler (DeleteBlocksCommandHandler.java:handle(106)) - Start to delete container blocks, TXIDs=[1(0),2(0),3(0)], numOfContainers=3, numOfBlocks=553
2019-08-30 23:41:09,993 [Command processor thread] INFO  commandhandler.DeleteBlocksCommandHandler (DeleteBlocksCommandHandler.java:handle(106)) - Start to delete container blocks, TXIDs=[1(0),2(0),3(0)], numOfContainers=3, numOfBlocks=553
2019-08-30 23:41:09,994 [Command processor thread] INFO  commandhandler.DeleteBlocksCommandHandler (DeleteBlocksCommandHandler.java:handle(106)) - Start to delete container blocks, TXIDs=[1(0),2(0),3(0)], numOfContainers=3, numOfBlocks=553
2019-08-30 23:41:09,996 [Command processor thread] INFO  commandhandler.DeleteBlocksCommandHandler (DeleteBlocksCommandHandler.java:handle(106)) - Start to delete container blocks, TXIDs=[1(0),2(0),3(0)], numOfContainers=3, numOfBlocks=553
2019-08-30 23:41:09,997 [Command processor thread] INFO  commandhandler.DeleteBlocksCommandHandler (DeleteBlocksCommandHandler.java:handle(106)) - Start to delete container blocks, TXIDs=[1(0),2(0),3(0)], numOfContainers=3, numOfBlocks=553
2019-08-30 23:41:09,998 [Command processor thread] INFO  commandhandler.DeleteBlocksCommandHandler (DeleteBlocksCommandHandler.java:handle(106)) - Start to delete container blocks, TXIDs=[1(0),2(0),3(0)], numOfContainers=3, numOfBlocks=553
2019-08-30 23:41:09,999 [Command processor thread] INFO  commandhandler.DeleteBlocksCommandHandler (DeleteBlocksCommandHandler.java:handle(106)) - Start to delete container blocks, TXIDs=[1(0),2(0),3(0)], numOfContainers=3, numOfBlocks=553
2019-08-30 23:41:10,001 [Command processor thread] INFO  commandhandler.DeleteBlocksCommandHandler (DeleteBlocksCommandHandler.java:handle(106)) - Start to delete container blocks, TXIDs=[1(102),2(102),3(102)], numOfContainers=3, numOfBlocks=553
2019-08-30 23:41:10,001 [pool-7-thread-3] INFO  commands.RetriableDatanodeEventWatcher (RetriableDatanodeEventWatcher.java:onTimeout(47)) - RetriableDatanodeCommand type=deleteBlocksCommand with id=1567208456052 timed out. Retrying.
2019-08-30 23:41:10,002 [Command processor thread] INFO  commandhandler.DeleteBlocksCommandHandler (DeleteBlocksCommandHandler.java:handle(106)) - Start to delete container blocks, TXIDs=[1(0),2(0),3(0)], numOfContainers=3, numOfBlocks=553
2019-08-30 23:41:10,003 [Command processor thread] INFO  commandhandler.DeleteBlocksCommandHandler (DeleteBlocksCommandHandler.java:handle(106)) - Start to delete container blocks, TXIDs=[1(0),2(0),3(0)], numOfContainers=3, numOfBlocks=553
2019-08-30 23:41:10,003 [pool-7-thread-3] INFO  commands.RetriableDatanodeEventWatcher (RetriableDatanodeEventWatcher.java:onTimeout(47)) - RetriableDatanodeCommand type=deleteBlocksCommand with id=1567208455983 timed out. Retrying.
2019-08-30 23:41:10,004 [Command processor thread] INFO  commandhandler.DeleteBlocksCommandHandler (DeleteBlocksCommandHandler.java:handle(106)) - Start to delete container blocks, TXIDs=[1(861),2(861),3(861)], numOfContainers=3, numOfBlocks=553
2019-08-30 23:41:10,005 [Command processor thread] INFO  commandhandler.DeleteBlocksCommandHandler (DeleteBlocksCommandHandler.java:handle(106)) - Start to delete container blocks, TXIDs=[1(0),2(0),3(0)], numOfContainers=3, numOfBlocks=553
2019-08-30 23:41:10,007 [Command processor thread] INFO  commandhandler.DeleteBlocksCommandHandler (DeleteBlocksCommandHandler.java:handle(106)) - Start to delete container blocks, TXIDs=[1(0),2(0),3(0)], numOfContainers=3, numOfBlocks=553
2019-08-30 23:41:10,008 [Command processor thread] INFO  commandhandler.DeleteBlocksCommandHandler (DeleteBlocksCommandHandler.java:handle(106)) - Start to delete container blocks, TXIDs=[1(0),2(0),3(0)], numOfContainers=3, numOfBlocks=553
2019-08-30 23:41:10,009 [Command processor thread] INFO  commandhandler.DeleteBlocksCommandHandler (DeleteBlocksCommandHandler.java:handle(106)) - Start to delete container blocks, TXIDs=[1(0),2(0),3(0)], numOfContainers=3, numOfBlocks=553
2019-08-30 23:41:10,010 [Command processor thread] INFO  commandhandler.DeleteBlocksCommandHandler (DeleteBlocksCommandHandler.java:handle(106)) - Start to delete container blocks, TXIDs=[1(0),2(0),3(0)], numOfContainers=3, numOfBlocks=553
2019-08-30 23:41:10,011 [Command processor thread] INFO  commandhandler.DeleteBlocksCommandHandler (DeleteBlocksCommandHandler.java:handle(106)) - Start to delete container blocks, TXIDs=[1(0),2(0),3(0)], numOfContainers=3, numOfBlocks=553
2019-08-30 23:41:10,012 [Command processor thread] INFO  commandhandler.DeleteBlocksCommandHandler (DeleteBlocksCommandHandler.java:handle(106)) - Start to delete container blocks, TXIDs=[1(0),2(0),3(0)], numOfContainers=3, numOfBlocks=553
2019-08-30 23:41:10,013 [Command processor thread] INFO  commandhandler.DeleteBlocksCommandHandler (DeleteBlocksCommandHandler.java:handle(106)) - Start to delete container blocks, TXIDs=[1(0),2(0),3(0)], numOfContainers=3, numOfBlocks=553
2019-08-30 23:41:10,014 [pool-7-thread-3] INFO  commands.RetriableDatanodeEventWatcher (RetriableDatanodeEventWatcher.java:onTimeout(47)) - RetriableDatanodeCommand type=deleteBlocksCommand with id=1567208455993 timed out. Retrying.
2019-08-30 23:41:10,015 [Command processor thread] INFO  commandhandler.DeleteBlocksCommandHandler (DeleteBlocksCommandHandler.java:handle(106)) - Start to delete container blocks, TXIDs=[1(0),2(0),3(0)], numOfContainers=3, numOfBlocks=553
2019-08-30 23:41:10,016 [Command processor thread] INFO  commandhandler.DeleteBlocksCommandHandler (DeleteBlocksCommandHandler.java:handle(106)) - Start to delete container blocks, TXIDs=[1(0),2(0),3(0)], numOfContainers=3, numOfBlocks=553
2019-08-30 23:41:10,016 [pool-7-thread-3] INFO  commands.RetriableDatanodeEventWatcher (RetriableDatanodeEventWatcher.java:onTimeout(47)) - RetriableDatanodeCommand type=deleteBlocksCommand with id=1567208456062 timed out. Retrying.
2019-08-30 23:41:10,017 [Command processor thread] INFO  commandhandler.DeleteBlocksCommandHandler (DeleteBlocksCommandHandler.java:handle(106)) - Start to delete container blocks, TXIDs=[1(0),2(0),3(0)], numOfContainers=3, numOfBlocks=553
2019-08-30 23:41:10,018 [Command processor thread] INFO  commandhandler.DeleteBlocksCommandHandler (DeleteBlocksCommandHandler.java:handle(106)) - Start to delete container blocks, TXIDs=[1(0),2(0),3(0)], numOfContainers=3, numOfBlocks=553
2019-08-30 23:41:10,019 [Command processor thread] INFO  commandhandler.DeleteBlocksCommandHandler (DeleteBlocksCommandHandler.java:handle(106)) - Start to delete container blocks, TXIDs=[1(323),2(323),3(323)], numOfContainers=3, numOfBlocks=553
2019-08-30 23:41:10,020 [Command processor thread] INFO  commandhandler.DeleteBlocksCommandHandler (DeleteBlocksCommandHandler.java:handle(106)) - Start to delete container blocks, TXIDs=[1(0),2(0),3(0)], numOfContainers=3, numOfBlocks=553
2019-08-30 23:41:10,021 [Command processor thread] INFO  commandhandler.DeleteBlocksCommandHandler (DeleteBlocksCommandHandler.java:handle(106)) - Start to delete container blocks, TXIDs=[1(880),2(880),3(880)], numOfContainers=3, numOfBlocks=553
2019-08-30 23:41:10,022 [Command processor thread] INFO  commandhandler.DeleteBlocksCommandHandler (DeleteBlocksCommandHandler.java:handle(106)) - Start to delete container blocks, TXIDs=[1(0),2(0),3(0)], numOfContainers=3, numOfBlocks=553
2019-08-30 23:41:10,023 [Command processor thread] INFO  commandhandler.DeleteBlocksCommandHandler (DeleteBlocksCommandHandler.java:handle(106)) - Start to delete container blocks, TXIDs=[1(0),2(0),3(0)], numOfContainers=3, numOfBlocks=553
2019-08-30 23:41:10,024 [Command processor thread] INFO  commandhandler.DeleteBlocksCommandHandler (DeleteBlocksCommandHandler.java:handle(106)) - Start to delete container blocks, TXIDs=[1(0),2(0),3(0)], numOfContainers=3, numOfBlocks=553
2019-08-30 23:41:10,026 [Command processor thread] INFO  commandhandler.DeleteBlocksCommandHandler (DeleteBlocksCommandHandler.java:handle(106)) - Start to delete container blocks, TXIDs=[1(0),2(0),3(0)], numOfContainers=3, numOfBlocks=553
2019-08-30 23:41:10,027 [Command processor thread] INFO  commandhandler.DeleteBlocksCommandHandler (DeleteBlocksCommandHandler.java:handle(106)) - Start to delete container blocks, TXIDs=[1(0),2(0),3(0)], numOfContainers=3, numOfBlocks=553
2019-08-30 23:41:10,028 [Command processor thread] INFO  commandhandler.DeleteBlocksCommandHandler (DeleteBlocksCommandHandler.java:handle(106)) - Start to delete container blocks, TXIDs=[1(0),2(0),3(0)], numOfContainers=3, numOfBlocks=553
2019-08-30 23:41:10,029 [Command processor thread] INFO  commandhandler.DeleteBlocksCommandHandler (DeleteBlocksCommandHandler.java:handle(106)) - Start to delete container blocks, TXIDs=[1(0),2(0),3(0)], numOfContainers=3, numOfBlocks=553
2019-08-30 23:41:10,030 [Command processor thread] INFO  commandhandler.DeleteBlocksCommandHandler (DeleteBlocksCommandHandler.java:handle(106)) - Start to delete container blocks, TXIDs=[1(0),2(0),3(0)], numOfContainers=3, numOfBlocks=553
2019-08-30 23:41:10,031 [Command processor thread] INFO  commandhandler.DeleteBlocksCommandHandler (DeleteBlocksCommandHandler.java:handle(106)) - Start to delete container blocks, TXIDs=[1(0),2(0),3(0)], numOfContainers=3, numOfBlocks=553
2019-08-30 23:41:10,032 [Command processor thread] INFO  commandhandler.DeleteBlocksCommandHandler (DeleteBlocksCommandHandler.java:handle(106)) - Start to delete container blocks, TXIDs=[1(0),2(0),3(0)], numOfContainers=3, numOfBlocks=553
2019-08-30 23:41:10,033 [Command processor thread] INFO  commandhandler.DeleteBlocksCommandHandler (DeleteBlocksCommandHandler.java:handle(106)) - Start to delete container blocks, TXIDs=[1(0),2(0),3(0)], numOfContainers=3, numOfBlocks=553
2019-08-30 23:41:10,033 [pool-7-thread-3] INFO  commands.RetriableDatanodeEventWatcher (RetriableDatanodeEventWatcher.java:onTimeout(47)) - RetriableDatanodeCommand type=deleteBlocksCommand with id=1567208456072 timed out. Retrying.
2019-08-30 23:41:10,034 [pool-7-thread-6] INFO  commands.RetriableDatanodeEventWatcher (RetriableDatanodeEventWatcher.java:onTimeout(47)) - RetriableDatanodeCommand type=deleteBlocksCommand with id=1567208456003 timed out. Retrying.
2019-08-30 23:41:10,034 [Command processor thread] INFO  commandhandler.DeleteBlocksCommandHandler (DeleteBlocksCommandHandler.java:handle(106)) - Start to delete container blocks, TXIDs=[1(751),2(751),3(751)], numOfContainers=3, numOfBlocks=553
2019-08-30 23:41:10,035 [Command processor thread] INFO  commandhandler.DeleteBlocksCommandHandler (DeleteBlocksCommandHandler.java:handle(106)) - Start to delete container blocks, TXIDs=[1(0),2(0),3(0)], numOfContainers=3, numOfBlocks=553
2019-08-30 23:41:10,036 [Command processor thread] INFO  commandhandler.DeleteBlocksCommandHandler (DeleteBlocksCommandHandler.java:handle(106)) - Start to delete container blocks, TXIDs=[1(915),2(915),3(915)], numOfContainers=3, numOfBlocks=553
2019-08-30 23:41:10,037 [Command processor thread] INFO  commandhandler.DeleteBlocksCommandHandler (DeleteBlocksCommandHandler.java:handle(106)) - Start to delete container blocks, TXIDs=[1(0),2(0),3(0)], numOfContainers=3, numOfBlocks=553
2019-08-30 23:41:10,038 [Command processor thread] INFO  commandhandler.DeleteBlocksCommandHandler (DeleteBlocksCommandHandler.java:handle(106)) - Start to delete container blocks, TXIDs=[1(0),2(0),3(0)], numOfContainers=3, numOfBlocks=553
2019-08-30 23:41:10,039 [Command processor thread] INFO  commandhandler.DeleteBlocksCommandHandler (DeleteBlocksCommandHandler.java:handle(106)) - Start to delete container blocks, TXIDs=[1(0),2(0),3(0)], numOfContainers=3, numOfBlocks=553
2019-08-30 23:41:10,040 [Command processor thread] INFO  commandhandler.DeleteBlocksCommandHandler (DeleteBlocksCommandHandler.java:handle(106)) - Start to delete container blocks, TXIDs=[1(0),2(0),3(0)], numOfContainers=3, numOfBlocks=553
2019-08-30 23:41:10,041 [Command processor thread] INFO  commandhandler.DeleteBlocksCommandHandler (DeleteBlocksCommandHandler.java:handle(106)) - Start to delete container blocks, TXIDs=[1(0),2(0),3(0)], numOfContainers=3, numOfBlocks=553
2019-08-30 23:41:10,042 [Command processor thread] INFO  commandhandler.DeleteBlocksCommandHandler (DeleteBlocksCommandHandler.java:handle(106)) - Start to delete container blocks, TXIDs=[1(0),2(0),3(0)], numOfContainers=3, numOfBlocks=553
2019-08-30 23:41:10,043 [pool-7-thread-6] INFO  commands.RetriableDatanodeEventWatcher (RetriableDatanodeEventWatcher.java:onTimeout(47)) - RetriableDatanodeCommand type=deleteBlocksCommand with id=1567208456013 timed out. Retrying.
2019-08-30 23:41:10,043 [Command processor thread] INFO  commandhandler.DeleteBlocksCommandHandler (DeleteBlocksCommandHandler.java:handle(106)) - Start to delete container blocks, TXIDs=[1(0),2(0),3(0)], numOfContainers=3, numOfBlocks=553
2019-08-30 23:41:10,044 [Command processor thread] INFO  commandhandler.DeleteBlocksCommandHandler (DeleteBlocksCommandHandler.java:handle(106)) - Start to delete container blocks, TXIDs=[1(0),2(0),3(0)], numOfContainers=3, numOfBlocks=553
2019-08-30 23:41:10,045 [Command processor thread] INFO  commandhandler.DeleteBlocksCommandHandler (DeleteBlocksCommandHandler.java:handle(106)) - Start to delete container blocks, TXIDs=[1(0),2(0),3(0)], numOfContainers=3, numOfBlocks=553
2019-08-30 23:41:10,046 [Command processor thread] INFO  commandhandler.DeleteBlocksCommandHandler (DeleteBlocksCommandHandler.java:handle(106)) - Start to delete container blocks, TXIDs=[1(0),2(0),3(0)], numOfContainers=3, numOfBlocks=553
2019-08-30 23:41:10,046 [pool-7-thread-6] INFO  commands.RetriableDatanodeEventWatcher (RetriableDatanodeEventWatcher.java:onTimeout(47)) - RetriableDatanodeCommand type=deleteBlocksCommand with id=1567208456082 timed out. Retrying.
2019-08-30 23:41:10,047 [Command processor thread] INFO  commandhandler.DeleteBlocksCommandHandler (DeleteBlocksCommandHandler.java:handle(106)) - Start to delete container blocks, TXIDs=[1(751),2(751),3(751)], numOfContainers=3, numOfBlocks=553
2019-08-30 23:41:10,048 [Command processor thread] INFO  commandhandler.DeleteBlocksCommandHandler (DeleteBlocksCommandHandler.java:handle(106)) - Start to delete container blocks, TXIDs=[1(0),2(0),3(0)], numOfContainers=3, numOfBlocks=553
2019-08-30 23:41:10,049 [Command processor thread] INFO  commandhandler.DeleteBlocksCommandHandler (DeleteBlocksCommandHandler.java:handle(106)) - Start to delete container blocks, TXIDs=[1(0),2(0),3(0)], numOfContainers=3, numOfBlocks=553
2019-08-30 23:41:10,050 [Command processor thread] INFO  commandhandler.DeleteBlocksCommandHandler (DeleteBlocksCommandHandler.java:handle(106)) - Start to delete container blocks, TXIDs=[1(927),2(927),3(927)], numOfContainers=3, numOfBlocks=553
2019-08-30 23:41:10,051 [Command processor thread] INFO  commandhandler.DeleteBlocksCommandHandler (DeleteBlocksCommandHandler.java:handle(106)) - Start to delete container blocks, TXIDs=[1(0),2(0),3(0)], numOfContainers=3, numOfBlocks=553
2019-08-30 23:41:10,052 [Command processor thread] INFO  commandhandler.DeleteBlocksCommandHandler (DeleteBlocksCommandHandler.java:handle(106)) - Start to delete container blocks, TXIDs=[1(0),2(0),3(0)], numOfContainers=3, numOfBlocks=553
2019-08-30 23:41:10,053 [Command processor thread] INFO  commandhandler.DeleteBlocksCommandHandler (DeleteBlocksCommandHandler.java:handle(106)) - Start to delete container blocks, TXIDs=[1(0),2(0),3(0)], numOfContainers=3, numOfBlocks=553
2019-08-30 23:41:10,054 [Command processor thread] INFO  commandhandler.DeleteBlocksCommandHandler (DeleteBlocksCommandHandler.java:handle(106)) - Start to delete container blocks, TXIDs=[1(0),2(0),3(0)], numOfContainers=3, numOfBlocks=553
2019-08-30 23:41:10,055 [Command processor thread] INFO  commandhandler.DeleteBlocksCommandHandler (DeleteBlocksCommandHandler.java:handle(106)) - Start to delete container blocks, TXIDs=[1(0),2(0),3(0)], numOfContainers=3, numOfBlocks=553
2019-08-30 23:41:10,056 [Command processor thread] INFO  commandhandler.DeleteBlocksCommandHandler (DeleteBlocksCommandHandler.java:handle(106)) - Start to delete container blocks, TXIDs=[1(0),2(0),3(0)], numOfContainers=3, numOfBlocks=553
2019-08-30 23:41:10,057 [Command processor thread] INFO  commandhandler.DeleteBlocksCommandHandler (DeleteBlocksCommandHandler.java:handle(106)) - Start to delete container blocks, TXIDs=[1(0),2(0),3(0)], numOfContainers=3, numOfBlocks=553
2019-08-30 23:41:10,058 [Command processor thread] INFO  commandhandler.DeleteBlocksCommandHandler (DeleteBlocksCommandHandler.java:handle(106)) - Start to delete container blocks, TXIDs=[1(0),2(0),3(0)], numOfContainers=3, numOfBlocks=553
2019-08-30 23:41:10,059 [Command processor thread] INFO  commandhandler.DeleteBlocksCommandHandler (DeleteBlocksCommandHandler.java:handle(106)) - Start to delete container blocks, TXIDs=[1(0),2(0),3(0)], numOfContainers=3, numOfBlocks=553
2019-08-30 23:41:10,059 [pool-7-thread-6] INFO  commands.RetriableDatanodeEventWatcher (RetriableDatanodeEventWatcher.java:onTimeout(47)) - RetriableDatanodeCommand type=deleteBlocksCommand with id=1567208456023 timed out. Retrying.
2019-08-30 23:41:10,060 [Command processor thread] INFO  commandhandler.DeleteBlocksCommandHandler (DeleteBlocksCommandHandler.java:handle(106)) - Start to delete container blocks, TXIDs=[1(0),2(0),3(0)], numOfContainers=3, numOfBlocks=553
2019-08-30 23:41:10,060 [Command processor thread] INFO  commandhandler.DeleteBlocksCommandHandler (DeleteBlocksCommandHandler.java:handle(106)) - Start to delete container blocks, TXIDs=[1(0),2(0),3(0)], numOfContainers=3, numOfBlocks=553
2019-08-30 23:41:10,061 [Command processor thread] INFO  commandhandler.DeleteBlocksCommandHandler (DeleteBlocksCommandHandler.java:handle(106)) - Start to delete container blocks, TXIDs=[1(751),2(751),3(751)], numOfContainers=3, numOfBlocks=553
2019-08-30 23:41:10,062 [Command processor thread] INFO  commandhandler.DeleteBlocksCommandHandler (DeleteBlocksCommandHandler.java:handle(106)) - Start to delete container blocks, TXIDs=[1(0),2(0),3(0)], numOfContainers=3, numOfBlocks=553
2019-08-30 23:41:10,063 [Command processor thread] INFO  commandhandler.DeleteBlocksCommandHandler (DeleteBlocksCommandHandler.java:handle(106)) - Start to delete container blocks, TXIDs=[1(933),2(933),3(933)], numOfContainers=3, numOfBlocks=553
2019-08-30 23:41:10,064 [Command processor thread] INFO  commandhandler.DeleteBlocksCommandHandler (DeleteBlocksCommandHandler.java:handle(106)) - Start to delete container blocks, TXIDs=[1(0),2(0),3(0)], numOfContainers=3, numOfBlocks=553
2019-08-30 23:41:10,065 [Command processor thread] INFO  commandhandler.DeleteBlocksCommandHandler (DeleteBlocksCommandHandler.java:handle(106)) - Start to delete container blocks, TXIDs=[1(0),2(0),3(0)], numOfContainers=3, numOfBlocks=553
2019-08-30 23:41:10,066 [Command processor thread] INFO  commandhandler.DeleteBlocksCommandHandler (DeleteBlocksCommandHandler.java:handle(106)) - Start to delete container blocks, TXIDs=[1(0),2(0),3(0)], numOfContainers=3, numOfBlocks=553
2019-08-30 23:41:10,067 [Command processor thread] INFO  commandhandler.DeleteBlocksCommandHandler (DeleteBlocksCommandHandler.java:handle(106)) - Start to delete container blocks, TXIDs=[1(0),2(0),3(0)], numOfContainers=3, numOfBlocks=553
2019-08-30 23:41:10,068 [Command processor thread] INFO  commandhandler.DeleteBlocksCommandHandler (DeleteBlocksCommandHandler.java:handle(106)) - Start to delete container blocks, TXIDs=[1(0),2(0),3(0)], numOfContainers=3, numOfBlocks=553
2019-08-30 23:41:10,069 [Command processor thread] INFO  commandhandler.DeleteBlocksCommandHandler (DeleteBlocksCommandHandler.java:handle(106)) - Start to delete container blocks, TXIDs=[1(0),2(0),3(0)], numOfContainers=3, numOfBlocks=553
2019-08-30 23:41:10,070 [Command processor thread] INFO  commandhandler.DeleteBlocksCommandHandler (DeleteBlocksCommandHandler.java:handle(106)) - Start to delete container blocks, TXIDs=[1(0),2(0),3(0)], numOfContainers=3, numOfBlocks=553
2019-08-30 23:41:10,071 [Command processor thread] INFO  commandhandler.DeleteBlocksCommandHandler (DeleteBlocksCommandHandler.java:handle(106)) - Start to delete container blocks, TXIDs=[1(0),2(0),3(0)], numOfContainers=3, numOfBlocks=553
2019-08-30 23:41:10,071 [pool-7-thread-6] INFO  commands.RetriableDatanodeEventWatcher (RetriableDatanodeEventWatcher.java:onTimeout(47)) - RetriableDatanodeCommand type=deleteBlocksCommand with id=1567208456092 timed out. Retrying.
2019-08-30 23:41:10,072 [Command processor thread] INFO  commandhandler.DeleteBlocksCommandHandler (DeleteBlocksCommandHandler.java:handle(106)) - Start to delete container blocks, TXIDs=[1(0),2(0),3(0)], numOfContainers=3, numOfBlocks=553
2019-08-30 23:41:10,072 [pool-7-thread-6] INFO  commands.RetriableDatanodeEventWatcher (RetriableDatanodeEventWatcher.java:onTimeout(47)) - RetriableDatanodeCommand type=deleteBlocksCommand with id=1567208455964 timed out. Retrying.
2019-08-30 23:41:10,073 [pool-7-thread-3] INFO  commands.RetriableDatanodeEventWatcher (RetriableDatanodeEventWatcher.java:onTimeout(47)) - RetriableDatanodeCommand type=deleteBlocksCommand with id=1567208456033 timed out. Retrying.
2019-08-30 23:41:10,073 [Command processor thread] INFO  commandhandler.DeleteBlocksCommandHandler (DeleteBlocksCommandHandler.java:handle(106)) - Start to delete container blocks, TXIDs=[1(0),2(0),3(0)], numOfContainers=3, numOfBlocks=553
2019-08-30 23:41:10,074 [Command processor thread] INFO  commandhandler.DeleteBlocksCommandHandler (DeleteBlocksCommandHandler.java:handle(106)) - Start to delete container blocks, TXIDs=[1(0),2(0),3(0)], numOfContainers=3, numOfBlocks=553
2019-08-30 23:41:10,075 [Command processor thread] INFO  commandhandler.DeleteBlocksCommandHandler (DeleteBlocksCommandHandler.java:handle(106)) - Start to delete container blocks, TXIDs=[1(751),2(751),3(751)], numOfContainers=3, numOfBlocks=553
2019-08-30 23:41:10,075 [Command processor thread] INFO  commandhandler.DeleteBlocksCommandHandler (DeleteBlocksCommandHandler.java:handle(106)) - Start to delete container blocks, TXIDs=[1(0),2(0),3(0)], numOfContainers=3, numOfBlocks=553
2019-08-30 23:41:10,076 [Command processor thread] INFO  commandhandler.DeleteBlocksCommandHandler (DeleteBlocksCommandHandler.java:handle(106)) - Start to delete container blocks, TXIDs=[1(933),2(933),3(933)], numOfContainers=3, numOfBlocks=553
2019-08-30 23:41:10,077 [Command processor thread] INFO  commandhandler.DeleteBlocksCommandHandler (DeleteBlocksCommandHandler.java:handle(106)) - Start to delete container blocks, TXIDs=[1(0),2(0),3(0)], numOfContainers=3, numOfBlocks=553
2019-08-30 23:41:10,078 [Command processor thread] INFO  commandhandler.DeleteBlocksCommandHandler (DeleteBlocksCommandHandler.java:handle(106)) - Start to delete container blocks, TXIDs=[1(0),2(0),3(0)], numOfContainers=3, numOfBlocks=553
2019-08-30 23:41:10,079 [Command processor thread] INFO  commandhandler.DeleteBlocksCommandHandler (DeleteBlocksCommandHandler.java:handle(106)) - Start to delete container blocks, TXIDs=[1(0),2(0),3(0)], numOfContainers=3, numOfBlocks=553
2019-08-30 23:41:10,080 [Command processor thread] INFO  commandhandler.DeleteBlocksCommandHandler (DeleteBlocksCommandHandler.java:handle(106)) - Start to delete container blocks, TXIDs=[1(0),2(0),3(0)], numOfContainers=3, numOfBlocks=553
2019-08-30 23:41:10,081 [Command processor thread] INFO  commandhandler.DeleteBlocksCommandHandler (DeleteBlocksCommandHandler.java:handle(106)) - Start to delete container blocks, TXIDs=[1(0),2(0),3(0)], numOfContainers=3, numOfBlocks=553
2019-08-30 23:41:10,082 [Command processor thread] INFO  commandhandler.DeleteBlocksCommandHandler (DeleteBlocksCommandHandler.java:handle(106)) - Start to delete container blocks, TXIDs=[1(0),2(0),3(0)], numOfContainers=3, numOfBlocks=553
2019-08-30 23:41:10,082 [SCMBlockDeletingService#0] DEBUG block.SCMBlockDeletingService (SCMBlockDeletingService.java:call(138)) - Running DeletedBlockTransactionScanner
2019-08-30 23:41:10,083 [Command processor thread] INFO  commandhandler.DeleteBlocksCommandHandler (DeleteBlocksCommandHandler.java:handle(106)) - Start to delete container blocks, TXIDs=[1(0),2(0),3(0)], numOfContainers=3, numOfBlocks=553
SCMBlockDeletingService.java:call(155)) - Scanned deleted blocks log and got 3 delTX to process.
2019-08-30 23:41:10,083 [Command processor thread] INFO  commandhandler.DeleteBlocksCommandHandler (DeleteBlocksCommandHandler.java:handle(106)) - Start to delete container blocks, TXIDs=[1(0),2(0),3(0)], numOfContainers=3, numOfBlocks=553
2019-08-30 23:41:10,083 [SCMBlockDeletingService#0] DEBUG block.SCMBlockDeletingService (SCMBlockDeletingService.java:call(171)) - Added delete block command for datanode c9f1298e-d840-49d8-aac3-de81602aa1d5 in the queue, number of delete block transactions: 3, TxID list: 1,2,3
2019-08-30 23:41:10,084 [SCMBlockDeletingService#0] INFO  block.SCMBlockDeletingService (SCMBlockDeletingService.java:call(182)) - Totally added 3 delete blocks command for 1 datanodes, task elapsed time: 1ms
2019-08-30 23:41:10,084 [Command processor thread] INFO  commandhandler.DeleteBlocksCommandHandler (DeleteBlocksCommandHandler.java:handle(106)) - Start to delete container blocks, TXIDs=[1(0),2(0),3(0)], numOfContainers=3, numOfBlocks=553
2019-08-30 23:41:10,085 [Command processor thread] INFO  commandhandler.DeleteBlocksCommandHandler (DeleteBlocksCommandHandler.java:handle(106)) - Start to delete container blocks, TXIDs=[1(0),2(0),3(0)], numOfContainers=3, numOfBlocks=553
2019-08-30 23:41:10,086 [Command processor thread] INFO  commandhandler.DeleteBlocksCommandHandler (DeleteBlocksCommandHandler.java:handle(106)) - Start to delete container blocks, TXIDs=[1(0),2(0),3(0)], numOfContainers=3, numOfBlocks=553
2019-08-30 23:41:10,087 [Command processor thread] INFO  commandhandler.DeleteBlocksCommandHandler (DeleteBlocksCommandHandler.java:handle(106)) - Start to delete container blocks, TXIDs=[1(0),2(0),3(0)], numOfContainers=3, numOfBlocks=553
2019-08-30 23:41:10,088 [Command processor thread] INFO  commandhandler.DeleteBlocksCommandHandler (DeleteBlocksCommandHandler.java:handle(106)) - Start to delete container blocks, TXIDs=[1(751),2(751),3(751)], numOfContainers=3, numOfBlocks=553
2019-08-30 23:41:10,088 [pool-7-thread-3] INFO  commands.RetriableDatanodeEventWatcher (RetriableDatanodeEventWatcher.java:onTimeout(47)) - RetriableDatanodeCommand type=deleteBlocksCommand with id=1567208455974 timed out. Retrying.
2019-08-30 23:41:10,089 [pool-7-thread-6] INFO  commands.RetriableDatanodeEventWatcher (RetriableDatanodeEventWatcher.java:onTimeout(47)) - RetriableDatanodeCommand type=deleteBlocksCommand with id=1567208456043 timed out. Retrying.
2019-08-30 23:41:10,089 [Command processor thread] INFO  commandhandler.DeleteBlocksCommandHandler (DeleteBlocksCommandHandler.java:handle(106)) - Start to delete container blocks, TXIDs=[1(0),2(0),3(0)], numOfContainers=3, numOfBlocks=553
2019-08-30 23:41:10,090 [Command processor thread] INFO  commandhandler.DeleteBlocksCommandHandler (DeleteBlocksCommandHandler.java:handle(106)) - Start to delete container blocks, TXIDs=[1(960),2(960),3(960)], numOfContainers=3, numOfBlocks=553
2019-08-30 23:41:10,091 [Command processor thread] INFO  commandhandler.DeleteBlocksCommandHandler (DeleteBlocksCommandHandler.java:handle(106)) - Start to delete container blocks, TXIDs=[1(0),2(0),3(0)], numOfContainers=3, numOfBlocks=553
2019-08-30 23:41:10,091 [Command processor thread] INFO  commandhandler.DeleteBlocksCommandHandler (DeleteBlocksCommandHandler.java:handle(106)) - Start to delete container blocks, TXIDs=[1(0),2(0),3(0)], numOfContainers=3, numOfBlocks=553
2019-08-30 23:41:10,092 [Command processor thread] INFO  commandhandler.DeleteBlocksCommandHandler (DeleteBlocksCommandHandler.java:handle(106)) - Start to delete container blocks, TXIDs=[1(0),2(0),3(0)], numOfContainers=3, numOfBlocks=553
2019-08-30 23:41:10,093 [Command processor thread] INFO  commandhandler.DeleteBlocksCommandHandler (DeleteBlocksCommandHandler.java:handle(106)) - Start to delete container blocks, TXIDs=[1(0),2(0),3(0)], numOfContainers=3, numOfBlocks=553
2019-08-30 23:41:10,094 [Command processor thread] INFO  commandhandler.DeleteBlocksCommandHandler (DeleteBlocksCommandHandler.java:handle(106)) - Start to delete container blocks, TXIDs=[1(0),2(0),3(0)], numOfContainers=3, numOfBlocks=553
2019-08-30 23:41:10,095 [Command processor thread] INFO  commandhandler.DeleteBlocksCommandHandler (DeleteBlocksCommandHandler.java:handle(106)) - Start to delete container blocks, TXIDs=[1(0),2(0),3(0)], numOfContainers=3, numOfBlocks=553
2019-08-30 23:41:10,096 [Command processor thread] INFO  commandhandler.DeleteBlocksCommandHandler (DeleteBlocksCommandHandler.java:handle(106)) - Start to delete container blocks, TXIDs=[1(0),2(0),3(0)], numOfContainers=3, numOfBlocks=553
2019-08-30 23:41:10,097 [Command processor thread] INFO  commandhandler.DeleteBlocksCommandHandler (DeleteBlocksCommandHandler.java:handle(106)) - Start to delete container blocks, TXIDs=[1(0),2(0),3(0)], numOfContainers=3, numOfBlocks=553
2019-08-30 23:41:10,098 [Command processor thread] INFO  commandhandler.DeleteBlocksCommandHandler (DeleteBlocksCommandHandler.java:handle(106)) - Start to delete container blocks, TXIDs=[1(0),2(0),3(0)], numOfContainers=3, numOfBlocks=553
2019-08-30 23:41:10,099 [Command processor thread] INFO  commandhandler.DeleteBlocksCommandHandler (DeleteBlocksCommandHandler.java:handle(106)) - Start to delete container blocks, TXIDs=[1(0),2(0),3(0)], numOfContainers=3, numOfBlocks=553
2019-08-30 23:41:10,100 [Command processor thread] INFO  commandhandler.DeleteBlocksCommandHandler (DeleteBlocksCommandHandler.java:handle(106)) - Start to delete container blocks, TXIDs=[1(0),2(0),3(0)], numOfContainers=3, numOfBlocks=553
2019-08-30 23:41:10,101 [Command processor thread] INFO  commandhandler.DeleteBlocksCommandHandler (DeleteBlocksCommandHandler.java:handle(106)) - Start to delete container blocks, TXIDs=[1(751),2(751),3(751)], numOfContainers=3, numOfBlocks=553
2019-08-30 23:41:10,102 [Command processor thread] INFO  commandhandler.DeleteBlocksCommandHandler (DeleteBlocksCommandHandler.java:handle(106)) - Start to delete container blocks, TXIDs=[1(0),2(0),3(0)], numOfContainers=3, numOfBlocks=553
2019-08-30 23:41:10,103 [Command processor thread] INFO  commandhandler.DeleteBlocksCommandHandler (DeleteBlocksCommandHandler.java:handle(106)) - Start to delete container blocks, TXIDs=[1(960),2(960),3(960)], numOfContainers=3, numOfBlocks=553
2019-08-30 23:41:10,103 [Command processor thread] INFO  commandhandler.DeleteBlocksCommandHandler (DeleteBlocksCommandHandler.java:handle(106)) - Start to delete container blocks, TXIDs=[1(0),2(0),3(0)], numOfContainers=3, numOfBlocks=553
2019-08-30 23:41:10,104 [pool-7-thread-3] INFO  commands.RetriableDatanodeEventWatcher (RetriableDatanodeEventWatcher.java:onTimeout(47)) - RetriableDatanodeCommand type=deleteBlocksCommand with id=1567208456053 timed out. Retrying.
2019-08-30 23:41:10,104 [pool-7-thread-6] INFO  commands.RetriableDatanodeEventWatcher (RetriableDatanodeEventWatcher.java:onTimeout(47)) - RetriableDatanodeCommand type=deleteBlocksCommand with id=1567208455984 timed out. Retrying.
2019-08-30 23:41:10,104 [Command processor thread] INFO  commandhandler.DeleteBlocksCommandHandler (DeleteBlocksCommandHandler.java:handle(106)) - Start to delete container blocks, TXIDs=[1(0),2(0),3(0)], numOfContainers=3, numOfBlocks=553
2019-08-30 23:41:10,105 [Command processor thread] INFO  commandhandler.DeleteBlocksCommandHandler (DeleteBlocksCommandHandler.java:handle(106)) - Start to delete container blocks, TXIDs=[1(0),2(0),3(0)], numOfContainers=3, numOfBlocks=553
2019-08-30 23:41:10,106 [Command processor thread] INFO  commandhandler.DeleteBlocksCommandHandler (DeleteBlocksCommandHandler.java:handle(106)) - Start to delete container blocks, TXIDs=[1(0),2(0),3(0)], numOfContainers=3, numOfBlocks=553
2019-08-30 23:41:10,107 [Command processor thread] INFO  commandhandler.DeleteBlocksCommandHandler (DeleteBlocksCommandHandler.java:handle(106)) - Start to delete container blocks, TXIDs=[1(0),2(0),3(0)], numOfContainers=3, numOfBlocks=553
2019-08-30 23:41:10,108 [Command processor thread] INFO  commandhandler.DeleteBlocksCommandHandler (DeleteBlocksCommandHandler.java:handle(106)) - Start to delete container blocks, TXIDs=[1(0),2(0),3(0)], numOfContainers=3, numOfBlocks=553
2019-08-30 23:41:10,109 [Command processor thread] INFO  commandhandler.DeleteBlocksCommandHandler (DeleteBlocksCommandHandler.java:handle(106)) - Start to delete container blocks, TXIDs=[1(0),2(0),3(0)], numOfContainers=3, numOfBlocks=553
2019-08-30 23:41:10,110 [Command processor thread] INFO  commandhandler.DeleteBlocksCommandHandler (DeleteBlocksCommandHandler.java:handle(106)) - Start to delete container blocks, TXIDs=[1(0),2(0),3(0)], numOfContainers=3, numOfBlocks=553
2019-08-30 23:41:10,111 [Command processor thread] INFO  commandhandler.DeleteBlocksCommandHandler (DeleteBlocksCommandHandler.java:handle(106)) - Start to delete container blocks, TXIDs=[1(0),2(0),3(0)], numOfContainers=3, numOfBlocks=553
2019-08-30 23:41:10,112 [Command processor thread] INFO  commandhandler.DeleteBlocksCommandHandler (DeleteBlocksCommandHandler.java:handle(106)) - Start to delete container blocks, TXIDs=[1(0),2(0),3(0)], numOfContainers=3, numOfBlocks=553
2019-08-30 23:41:10,113 [Command processor thread] INFO  commandhandler.DeleteBlocksCommandHandler (DeleteBlocksCommandHandler.java:handle(106)) - Start to delete container blocks, TXIDs=[1(0),2(0),3(0)], numOfContainers=3, numOfBlocks=553
2019-08-30 23:41:10,114 [Command processor thread] INFO  commandhandler.DeleteBlocksCommandHandler (DeleteBlocksCommandHandler.java:handle(106)) - Start to delete container blocks, TXIDs=[1(751),2(751),3(751)], numOfContainers=3, numOfBlocks=553
2019-08-30 23:41:10,115 [Command processor thread] INFO  commandhandler.DeleteBlocksCommandHandler (DeleteBlocksCommandHandler.java:handle(106)) - Start to delete container blocks, TXIDs=[1(0),2(0),3(0)], numOfContainers=3, numOfBlocks=553
2019-08-30 23:41:10,116 [Command processor thread] INFO  commandhandler.DeleteBlocksCommandHandler (DeleteBlocksCommandHandler.java:handle(106)) - Start to delete container blocks, TXIDs=[1(987),2(987),3(987)], numOfContainers=3, numOfBlocks=553
2019-08-30 23:41:10,116 [Command processor thread] INFO  commandhandler.DeleteBlocksCommandHandler (DeleteBlocksCommandHandler.java:handle(106)) - Start to delete container blocks, TXIDs=[1(0),2(0),3(0)], numOfContainers=3, numOfBlocks=553
2019-08-30 23:41:10,116 [pool-7-thread-6] INFO  commands.RetriableDatanodeEventWatcher (RetriableDatanodeEventWatcher.java:onTimeout(47)) - RetriableDatanodeCommand type=deleteBlocksCommand with id=1567208455994 timed out. Retrying.
2019-08-30 23:41:10,117 [Command processor thread] INFO  commandhandler.DeleteBlocksCommandHandler (DeleteBlocksCommandHandler.java:handle(106)) - Start to delete container blocks, TXIDs=[1(0),2(0),3(0)], numOfContainers=3, numOfBlocks=553
2019-08-30 23:41:10,118 [pool-7-thread-6] INFO  commands.RetriableDatanodeEventWatcher (RetriableDatanodeEventWatcher.java:onTimeout(47)) - RetriableDatanodeCommand type=deleteBlocksCommand with id=1567208456063 timed out. Retrying.
2019-08-30 23:41:10,118 [Command processor thread] INFO  commandhandler.DeleteBlocksCommandHandler (DeleteBlocksCommandHandler.java:handle(106)) - Start to delete container blocks, TXIDs=[1(0),2(0),3(0)], numOfContainers=3, numOfBlocks=553
2019-08-30 23:41:10,119 [Command processor thread] INFO  commandhandler.DeleteBlocksCommandHandler (DeleteBlocksCommandHandler.java:handle(106)) - Start to delete container blocks, TXIDs=[1(0),2(0),3(0)], numOfContainers=3, numOfBlocks=553
2019-08-30 23:41:10,120 [Command processor thread] INFO  commandhandler.DeleteBlocksCommandHandler (DeleteBlocksCommandHandler.java:handle(106)) - Start to delete container blocks, TXIDs=[1(0),2(0),3(0)], numOfContainers=3, numOfBlocks=553
2019-08-30 23:41:10,121 [Command processor thread] INFO  commandhandler.DeleteBlocksCommandHandler (DeleteBlocksCommandHandler.java:handle(106)) - Start to delete container blocks, TXIDs=[1(0),2(0),3(0)], numOfContainers=3, numOfBlocks=553
2019-08-30 23:41:10,123 [Command processor thread] INFO  commandhandler.DeleteBlocksCommandHandler (DeleteBlocksCommandHandler.java:handle(106)) - Start to delete container blocks, TXIDs=[1(0),2(0),3(0)], numOfContainers=3, numOfBlocks=553
2019-08-30 23:41:10,125 [Command processor thread] INFO  commandhandler.DeleteBlocksCommandHandler (DeleteBlocksCommandHandler.java:handle(106)) - Start to delete container blocks, TXIDs=[1(0),2(0),3(0)], numOfContainers=3, numOfBlocks=553
2019-08-30 23:41:10,126 [Command processor thread] INFO  commandhandler.DeleteBlocksCommandHandler (DeleteBlocksCommandHandler.java:handle(106)) - Start to delete container blocks, TXIDs=[1(0),2(0),3(0)], numOfContainers=3, numOfBlocks=553
2019-08-30 23:41:10,128 [Command processor thread] INFO  commandhandler.DeleteBlocksCommandHandler (DeleteBlocksCommandHandler.java:handle(106)) - Start to delete container blocks, TXIDs=[1(0),2(0),3(0)], numOfContainers=3, numOfBlocks=553
2019-08-30 23:41:10,130 [Command processor thread] INFO  commandhandler.DeleteBlocksCommandHandler (DeleteBlocksCommandHandler.java:handle(106)) - Start to delete container blocks, TXIDs=[1(0),2(0),3(0)], numOfContainers=3, numOfBlocks=553
2019-08-30 23:41:10,131 [Command processor thread] INFO  commandhandler.DeleteBlocksCommandHandler (DeleteBlocksCommandHandler.java:handle(106)) - Start to delete container blocks, TXIDs=[1(751),2(751),3(751)], numOfContainers=3, numOfBlocks=553
2019-08-30 23:41:10,133 [Command processor thread] INFO  commandhandler.DeleteBlocksCommandHandler (DeleteBlocksCommandHandler.java:handle(106)) - Start to delete container blocks, TXIDs=[1(0),2(0),3(0)], numOfContainers=3, numOfBlocks=553
2019-08-30 23:41:10,133 [pool-7-thread-3] INFO  commands.RetriableDatanodeEventWatcher (RetriableDatanodeEventWatcher.java:onTimeout(47)) - RetriableDatanodeCommand type=deleteBlocksCommand with id=1567208456004 timed out. Retrying.
2019-08-30 23:41:10,134 [pool-7-thread-6] INFO  commands.RetriableDatanodeEventWatcher (RetriableDatanodeEventWatcher.java:onTimeout(47)) - RetriableDatanodeCommand type=deleteBlocksCommand with id=1567208456073 timed out. Retrying.
2019-08-30 23:41:10,134 [Command processor thread] INFO  commandhandler.DeleteBlocksCommandHandler (DeleteBlocksCommandHandler.java:handle(106)) - Start to delete container blocks, TXIDs=[1(987),2(987),3(987)], numOfContainers=3, numOfBlocks=553
2019-08-30 23:41:10,135 [Command processor thread] INFO  commandhandler.DeleteBlocksCommandHandler (DeleteBlocksCommandHandler.java:handle(106)) - Start to delete container blocks, TXIDs=[1(0),2(0),3(0)], numOfContainers=3, numOfBlocks=553
2019-08-30 23:41:10,137 [Command processor thread] INFO  commandhandler.DeleteBlocksCommandHandler (DeleteBlocksCommandHandler.java:handle(106)) - Start to delete container blocks, TXIDs=[1(0),2(0),3(0)], numOfContainers=3, numOfBlocks=553
2019-08-30 23:41:10,138 [Command processor thread] INFO  commandhandler.DeleteBlocksCommandHandler (DeleteBlocksCommandHandler.java:handle(106)) - Start to delete container blocks, TXIDs=[1(0),2(0),3(0)], numOfContainers=3, numOfBlocks=553
2019-08-30 23:41:10,140 [Command processor thread] INFO  commandhandler.DeleteBlocksCommandHandler (DeleteBlocksCommandHandler.java:handle(106)) - Start to delete container blocks, TXIDs=[1(0),2(0),3(0)], numOfContainers=3, numOfBlocks=553
2019-08-30 23:41:10,141 [Command processor thread] INFO  commandhandler.DeleteBlocksCommandHandler (DeleteBlocksCommandHandler.java:handle(106)) - Start to delete container blocks, TXIDs=[1(0),2(0),3(0)], numOfContainers=3, numOfBlocks=553
2019-08-30 23:41:10,142 [Command processor thread] INFO  commandhandler.DeleteBlocksCommandHandler (DeleteBlocksCommandHandler.java:handle(106)) - Start to delete container blocks, TXIDs=[1(861),2(861),3(861)], numOfContainers=3, numOfBlocks=553
2019-08-30 23:41:10,144 [Command processor thread] INFO  commandhandler.DeleteBlocksCommandHandler (DeleteBlocksCommandHandler.java:handle(106)) - Start to delete container blocks, TXIDs=[1(0),2(0),3(0)], numOfContainers=3, numOfBlocks=553
2019-08-30 23:41:10,145 [Command processor thread] INFO  commandhandler.DeleteBlocksCommandHandler (DeleteBlocksCommandHandler.java:handle(106)) - Start to delete container blocks, TXIDs=[1(0),2(0),3(0)], numOfContainers=3, numOfBlocks=553
2019-08-30 23:41:10,146 [Command processor thread] INFO  commandhandler.DeleteBlocksCommandHandler (DeleteBlocksCommandHandler.java:handle(106)) - Start to delete container blocks, TXIDs=[1(0),2(0),3(0)], numOfContainers=3, numOfBlocks=553
2019-08-30 23:41:10,147 [pool-7-thread-6] INFO  commands.RetriableDatanodeEventWatcher (RetriableDatanodeEventWatcher.java:onTimeout(47)) - RetriableDatanodeCommand type=deleteBlocksCommand with id=1567208456083 timed out. Retrying.
2019-08-30 23:41:10,147 [pool-7-thread-3] INFO  commands.RetriableDatanodeEventWatcher (RetriableDatanodeEventWatcher.java:onTimeout(47)) - RetriableDatanodeCommand type=deleteBlocksCommand with id=1567208456014 timed out. Retrying.
2019-08-30 23:41:10,148 [Command processor thread] INFO  commandhandler.DeleteBlocksCommandHandler (DeleteBlocksCommandHandler.java:handle(106)) - Start to delete container blocks, TXIDs=[1(0),2(0),3(0)], numOfContainers=3, numOfBlocks=553
2019-08-30 23:41:10,149 [Command processor thread] INFO  commandhandler.DeleteBlocksCommandHandler (DeleteBlocksCommandHandler.java:handle(106)) - Start to delete container blocks, TXIDs=[1(0),2(0),3(0)], numOfContainers=3, numOfBlocks=553
2019-08-30 23:41:10,150 [Command processor thread] INFO  commandhandler.DeleteBlocksCommandHandler (DeleteBlocksCommandHandler.java:handle(106)) - Start to delete container blocks, TXIDs=[1(102),2(102),3(102)], numOfContainers=3, numOfBlocks=553
2019-08-30 23:41:10,152 [Command processor thread] INFO  commandhandler.DeleteBlocksCommandHandler (DeleteBlocksCommandHandler.java:handle(106)) - Start to delete container blocks, TXIDs=[1(0),2(0),3(0)], numOfContainers=3, numOfBlocks=553
2019-08-30 23:41:10,153 [Command processor thread] INFO  commandhandler.DeleteBlocksCommandHandler (DeleteBlocksCommandHandler.java:handle(106)) - Start to delete container blocks, TXIDs=[1(1015),2(1015),3(1015)], numOfContainers=3, numOfBlocks=553
2019-08-30 23:41:10,154 [Command processor thread] INFO  commandhandler.DeleteBlocksCommandHandler (DeleteBlocksCommandHandler.java:handle(106)) - Start to delete container blocks, TXIDs=[1(0),2(0),3(0)], numOfContainers=3, numOfBlocks=553
2019-08-30 23:41:10,155 [Command processor thread] INFO  commandhandler.DeleteBlocksCommandHandler (DeleteBlocksCommandHandler.java:handle(106)) - Start to delete container blocks, TXIDs=[1(0),2(0),3(0)], numOfContainers=3, numOfBlocks=553
2019-08-30 23:41:10,157 [Command processor thread] INFO  commandhandler.DeleteBlocksCommandHandler (DeleteBlocksCommandHandler.java:handle(106)) - Start to delete container blocks, TXIDs=[1(0),2(0),3(0)], numOfContainers=3, numOfBlocks=553
2019-08-30 23:41:10,158 [Command processor thread] INFO  commandhandler.DeleteBlocksCommandHandler (DeleteBlocksCommandHandler.java:handle(106)) - Start to delete container blocks, TXIDs=[1(0),2(0),3(0)], numOfContainers=3, numOfBlocks=553
2019-08-30 23:41:10,159 [pool-7-thread-3] INFO  commands.RetriableDatanodeEventWatcher (RetriableDatanodeEventWatcher.java:onTimeout(47)) - RetriableDatanodeCommand type=deleteBlocksCommand with id=1567208456024 timed out. Retrying.
2019-08-30 23:41:10,159 [Command processor thread] INFO  commandhandler.DeleteBlocksCommandHandler (DeleteBlocksCommandHandler.java:handle(106)) - Start to delete container blocks, TXIDs=[1(0),2(0),3(0)], numOfContainers=3, numOfBlocks=553
2019-08-30 23:41:10,160 [Command processor thread] INFO  commandhandler.DeleteBlocksCommandHandler (DeleteBlocksCommandHandler.java:handle(106)) - Start to delete container blocks, TXIDs=[1(0),2(0),3(0)], numOfContainers=3, numOfBlocks=553
2019-08-30 23:41:10,162 [Command processor thread] INFO  commandhandler.DeleteBlocksCommandHandler (DeleteBlocksCommandHandler.java:handle(106)) - Start to delete container blocks, TXIDs=[1(0),2(0),3(0)], numOfContainers=3, numOfBlocks=553
2019-08-30 23:41:10,163 [Command processor thread] INFO  commandhandler.DeleteBlocksCommandHandler (DeleteBlocksCommandHandler.java:handle(106)) - Start to delete container blocks, TXIDs=[1(0),2(0),3(0)], numOfContainers=3, numOfBlocks=553
2019-08-30 23:41:10,164 [Command processor thread] INFO  commandhandler.DeleteBlocksCommandHandler (DeleteBlocksCommandHandler.java:handle(106)) - Start to delete container blocks, TXIDs=[1(0),2(0),3(0)], numOfContainers=3, numOfBlocks=553
2019-08-30 23:41:10,165 [Command processor thread] INFO  commandhandler.DeleteBlocksCommandHandler (DeleteBlocksCommandHandler.java:handle(106)) - Start to delete container blocks, TXIDs=[1(323),2(323),3(323)], numOfContainers=3, numOfBlocks=553
2019-08-30 23:41:10,166 [Command processor thread] INFO  commandhandler.DeleteBlocksCommandHandler (DeleteBlocksCommandHandler.java:handle(106)) - Start to delete container blocks, TXIDs=[1(0),2(0),3(0)], numOfContainers=3, numOfBlocks=553
2019-08-30 23:41:10,167 [Command processor thread] INFO  commandhandler.DeleteBlocksCommandHandler (DeleteBlocksCommandHandler.java:handle(106)) - Start to delete container blocks, TXIDs=[1(880),2(880),3(880)], numOfContainers=3, numOfBlocks=553
2019-08-30 23:41:10,168 [Command processor thread] INFO  commandhandler.DeleteBlocksCommandHandler (DeleteBlocksCommandHandler.java:handle(106)) - Start to delete container blocks, TXIDs=[1(0),2(0),3(0)], numOfContainers=3, numOfBlocks=553
2019-08-30 23:41:10,170 [Command processor thread] INFO  commandhandler.DeleteBlocksCommandHandler (DeleteBlocksCommandHandler.java:handle(106)) - Start to delete container blocks, TXIDs=[1(0),2(0),3(0)], numOfContainers=3, numOfBlocks=553
2019-08-30 23:41:10,172 [pool-7-thread-3] INFO  commands.RetriableDatanodeEventWatcher (RetriableDatanodeEventWatcher.java:onTimeout(47)) - RetriableDatanodeCommand type=deleteBlocksCommand with id=1567208456093 timed out. Retrying.
2019-08-30 23:41:10,176 [pool-7-thread-3] INFO  commands.RetriableDatanodeEventWatcher (RetriableDatanodeEventWatcher.java:onTimeout(47)) - RetriableDatanodeCommand type=deleteBlocksCommand with id=1567208455965 timed out. Retrying.
2019-08-30 23:41:10,176 [pool-7-thread-6] INFO  commands.RetriableDatanodeEventWatcher (RetriableDatanodeEventWatcher.java:onTimeout(47)) - RetriableDatanodeCommand type=deleteBlocksCommand with id=1567208456034 timed out. Retrying.
2019-08-30 23:41:10,184 [SCMBlockDeletingService#0] DEBUG block.SCMBlockDeletingService (SCMBlockDeletingService.java:call(138)) - Running DeletedBlockTransactionScanner
2019-08-30 23:41:10,184 [SCMBlockDeletingService#0] DEBUG block.SCMBlockDeletingService (SCMBlockDeletingService.java:call(155)) - Scanned deleted blocks log and got 3 delTX to process.
2019-08-30 23:41:10,184 [SCMBlockDeletingService#0] DEBUG block.SCMBlockDeletingService (SCMBlockDeletingService.java:call(171)) - Added delete block command for datanode c9f1298e-d840-49d8-aac3-de81602aa1d5 in the queue, number of delete block transactions: 3, TxID list: 1,2,3
2019-08-30 23:41:10,185 [SCMBlockDeletingService#0] INFO  block.SCMBlockDeletingService (SCMBlockDeletingService.java:call(182)) - Totally added 3 delete blocks command for 1 datanodes, task elapsed time: 1ms
2019-08-30 23:41:10,191 [EventQueue-DeleteBlockStatusForDeletedBlockLogImpl] DEBUG block.DeletedBlockLogImpl (DeletedBlockLogImpl.java:isTransactionFailed(245)) - Got block deletion ACK from datanode, TXIDs=1, success=true
2019-08-30 23:41:10,193 [EventQueue-DeleteBlockStatusForDeletedBlockLogImpl] DEBUG block.DeletedBlockLogImpl (DeletedBlockLogImpl.java:commitTransactions(227)) - Purging txId=1 from block deletion log
2019-08-30 23:41:10,193 [EventQueue-DeleteBlockStatusForDeletedBlockLogImpl] DEBUG block.DeletedBlockLogImpl (DeletedBlockLogImpl.java:commitTransactions(231)) - Datanode txId=1 containerId=#1 committed by dnId=c9f1298e-d840-49d8-aac3-de81602aa1d5
2019-08-30 23:41:10,193 [EventQueue-DeleteBlockStatusForDeletedBlockLogImpl] DEBUG block.DeletedBlockLogImpl (DeletedBlockLogImpl.java:isTransactionFailed(245)) - Got block deletion ACK from datanode, TXIDs=2, success=true
2019-08-30 23:41:10,194 [EventQueue-DeleteBlockStatusForDeletedBlockLogImpl] DEBUG block.DeletedBlockLogImpl (DeletedBlockLogImpl.java:commitTransactions(227)) - Purging txId=2 from block deletion log
2019-08-30 23:41:10,194 [EventQueue-DeleteBlockStatusForDeletedBlockLogImpl] DEBUG block.DeletedBlockLogImpl (DeletedBlockLogImpl.java:commitTransactions(231)) - Datanode txId=2 containerId=#2 committed by dnId=c9f1298e-d840-49d8-aac3-de81602aa1d5
2019-08-30 23:41:10,194 [EventQueue-DeleteBlockStatusForDeletedBlockLogImpl] DEBUG block.DeletedBlockLogImpl (DeletedBlockLogImpl.java:isTransactionFailed(245)) - Got block deletion ACK from datanode, TXIDs=3, success=true
2019-08-30 23:41:10,194 [EventQueue-DeleteBlockStatusForDeletedBlockLogImpl] DEBUG block.DeletedBlockLogImpl (DeletedBlockLogImpl.java:commitTransactions(227)) - Purging txId=3 from block deletion log
2019-08-30 23:41:10,194 [EventQueue-DeleteBlockStatusForDeletedBlockLogImpl] DEBUG block.DeletedBlockLogImpl (DeletedBlockLogImpl.java:commitTransactions(231)) - Datanode txId=3 containerId=#3 committed by dnId=c9f1298e-d840-49d8-aac3-de81602aa1d5
2019-08-30 23:41:10,194 [IPC Server handler 15 on 43891] WARN  block.DeletedBlockLogImpl (DeletedBlockLogImpl.java:incrementCount(141)) - Deleted TXID not found.
2019-08-30 23:41:10,195 [IPC Server handler 15 on 43891] WARN  block.DeletedBlockLogImpl (DeletedBlockLogImpl.java:incrementCount(141)) - Deleted TXID not found.
2019-08-30 23:41:10,195 [IPC Server handler 15 on 43891] WARN  block.DeletedBlockLogImpl (DeletedBlockLogImpl.java:incrementCount(141)) - Deleted TXID not found.
2019-08-30 23:41:10,195 [EventQueue-DeleteBlockStatusForDeletedBlockLogImpl] DEBUG block.DeletedBlockLogImpl (DeletedBlockLogImpl.java:isTransactionFailed(245)) - Got block deletion ACK from datanode, TXIDs=1, success=true
2019-08-30 23:41:10,195 [EventQueue-DeleteBlockStatusForDeletedBlockLogImpl] WARN  block.DeletedBlockLogImpl (DeletedBlockLogImpl.java:commitTransactions(205)) - Transaction txId=1 commit by dnId=c9f1298e-d840-49d8-aac3-de81602aa1d5 for containerID=#1 failed. Corresponding entry not found.
2019-08-30 23:41:10,195 [EventQueue-DeleteBlockStatusForDeletedBlockLogImpl] DEBUG block.DeletedBlockLogImpl (DeletedBlockLogImpl.java:isTransactionFailed(245)) - Got block deletion ACK from datanode, TXIDs=1, success=true
2019-08-30 23:41:10,195 [EventQueue-DeleteBlockStatusForDeletedBlockLogImpl] WARN  block.DeletedBlockLogImpl (DeletedBlockLogImpl.java:commitTransactions(205)) - Transaction txId=1 commit by dnId=c9f1298e-d840-49d8-aac3-de81602aa1d5 for containerID=#1 failed. Corresponding entry not found.
2019-08-30 23:41:10,195 [EventQueue-DeleteBlockStatusForDeletedBlockLogImpl] DEBUG block.DeletedBlockLogImpl (DeletedBlockLogImpl.java:isTransactionFailed(245)) - Got block deletion ACK from datanode, TXIDs=1, success=true
2019-08-30 23:41:10,196 [EventQueue-DeleteBlockStatusForDeletedBlockLogImpl] WARN  block.DeletedBlockLogImpl (DeletedBlockLogImpl.java:commitTransactions(205)) - Transaction txId=1 commit by dnId=c9f1298e-d840-49d8-aac3-de81602aa1d5 for containerID=#1 failed. Corresponding entry not found.
2019-08-30 23:41:10,196 [EventQueue-DeleteBlockStatusForDeletedBlockLogImpl] DEBUG block.DeletedBlockLogImpl (DeletedBlockLogImpl.java:isTransactionFailed(245)) - Got block deletion ACK from datanode, TXIDs=1, success=true
2019-08-30 23:41:10,196 [EventQueue-DeleteBlockStatusForDeletedBlockLogImpl] WARN  block.DeletedBlockLogImpl (DeletedBlockLogImpl.java:commitTransactions(205)) - Transaction txId=1 commit by dnId=c9f1298e-d840-49d8-aac3-de81602aa1d5 for containerID=#1 failed. Corresponding entry not found.
2019-08-30 23:41:10,196 [EventQueue-DeleteBlockStatusForDeletedBlockLogImpl] DEBUG block.DeletedBlockLogImpl (DeletedBlockLogImpl.java:isTransactionFailed(245)) - Got block deletion ACK from datanode, TXIDs=1, success=true
2019-08-30 23:41:10,196 [EventQueue-DeleteBlockStatusForDeletedBlockLogImpl] WARN  block.DeletedBlockLogImpl (DeletedBlockLogImpl.java:commitTransactions(205)) - Transaction txId=1 commit by dnId=c9f1298e-d840-49d8-aac3-de81602aa1d5 for containerID=#1 failed. Corresponding entry not found.
2019-08-30 23:41:10,196 [EventQueue-DeleteBlockStatusForDeletedBlockLogImpl] DEBUG block.DeletedBlockLogImpl (DeletedBlockLogImpl.java:isTransactionFailed(245)) - Got block deletion ACK from datanode, TXIDs=1, success=true
2019-08-30 23:41:10,196 [EventQueue-DeleteBlockStatusForDeletedBlockLogImpl] WARN  block.DeletedBlockLogImpl (DeletedBlockLogImpl.java:commitTransactions(205)) - Transaction txId=1 commit by dnId=c9f1298e-d840-49d8-aac3-de81602aa1d5 for containerID=#1 failed. Corresponding entry not found.
2019-08-30 23:41:10,196 [EventQueue-DeleteBlockStatusForDeletedBlockLogImpl] DEBUG block.DeletedBlockLogImpl (DeletedBlockLogImpl.java:isTransactionFailed(245)) - Got block deletion ACK from datanode, TXIDs=1, success=true
2019-08-30 23:41:10,196 [EventQueue-DeleteBlockStatusForDeletedBlockLogImpl] WARN  block.DeletedBlockLogImpl (DeletedBlockLogImpl.java:commitTransactions(205)) - Transaction txId=1 commit by dnId=c9f1298e-d840-49d8-aac3-de81602aa1d5 for containerID=#1 failed. Corresponding entry not found.
2019-08-30 23:41:10,197 [EventQueue-DeleteBlockStatusForDeletedBlockLogImpl] DEBUG block.DeletedBlockLogImpl (DeletedBlockLogImpl.java:isTransactionFailed(245)) - Got block deletion ACK from datanode, TXIDs=1, success=true
2019-08-30 23:41:10,197 [EventQueue-DeleteBlockStatusForDeletedBlockLogImpl] WARN  block.DeletedBlockLogImpl (DeletedBlockLogImpl.java:commitTransactions(205)) - Transaction txId=1 commit by dnId=c9f1298e-d840-49d8-aac3-de81602aa1d5 for containerID=#1 failed. Corresponding entry not found.
2019-08-30 23:41:10,197 [EventQueue-DeleteBlockStatusForDeletedBlockLogImpl] DEBUG block.DeletedBlockLogImpl (DeletedBlockLogImpl.java:isTransactionFailed(245)) - Got block deletion ACK from datanode, TXIDs=1, success=true
2019-08-30 23:41:10,197 [EventQueue-DeleteBlockStatusForDeletedBlockLogImpl] WARN  block.DeletedBlockLogImpl (DeletedBlockLogImpl.java:commitTransactions(205)) - Transaction txId=1 commit by dnId=c9f1298e-d840-49d8-aac3-de81602aa1d5 for containerID=#1 failed. Corresponding entry not found.
2019-08-30 23:41:10,197 [EventQueue-DeleteBlockStatusForDeletedBlockLogImpl] DEBUG block.DeletedBlockLogImpl (DeletedBlockLogImpl.java:isTransactionFailed(245)) - Got block deletion ACK from datanode, TXIDs=1, success=true
2019-08-30 23:41:10,197 [EventQueue-DeleteBlockStatusForDeletedBlockLogImpl] WARN  block.DeletedBlockLogImpl (DeletedBlockLogImpl.java:commitTransactions(205)) - Transaction txId=1 commit by dnId=c9f1298e-d840-49d8-aac3-de81602aa1d5 for containerID=#1 failed. Corresponding entry not found.
2019-08-30 23:41:10,197 [EventQueue-DeleteBlockStatusForDeletedBlockLogImpl] DEBUG block.DeletedBlockLogImpl (DeletedBlockLogImpl.java:isTransactionFailed(245)) - Got block deletion ACK from datanode, TXIDs=1, success=true
2019-08-30 23:41:10,197 [EventQueue-DeleteBlockStatusForDeletedBlockLogImpl] WARN  block.DeletedBlockLogImpl (DeletedBlockLogImpl.java:commitTransactions(205)) - Transaction txId=1 commit by dnId=c9f1298e-d840-49d8-aac3-de81602aa1d5 for containerID=#1 failed. Corresponding entry not found.
2019-08-30 23:41:10,197 [EventQueue-DeleteBlockStatusForDeletedBlockLogImpl] DEBUG block.DeletedBlockLogImpl (DeletedBlockLogImpl.java:isTransactionFailed(245)) - Got block deletion ACK from datanode, TXIDs=1, success=true
2019-08-30 23:41:10,198 [EventQueue-DeleteBlockStatusForDeletedBlockLogImpl] WARN  block.DeletedBlockLogImpl (DeletedBlockLogImpl.java:commitTransactions(205)) - Transaction txId=1 commit by dnId=c9f1298e-d840-49d8-aac3-de81602aa1d5 for containerID=#1 failed. Corresponding entry not found.
2019-08-30 23:41:10,198 [EventQueue-DeleteBlockStatusForDeletedBlockLogImpl] DEBUG block.DeletedBlockLogImpl (DeletedBlockLogImpl.java:isTransactionFailed(245)) - Got block deletion ACK from datanode, TXIDs=1, success=true
2019-08-30 23:41:10,198 [EventQueue-DeleteBlockStatusForDeletedBlockLogImpl] WARN  block.DeletedBlockLogImpl (DeletedBlockLogImpl.java:commitTransactions(205)) - Transaction txId=1 commit by dnId=c9f1298e-d840-49d8-aac3-de81602aa1d5 for containerID=#1 failed. Corresponding entry not found.
2019-08-30 23:41:10,198 [EventQueue-DeleteBlockStatusForDeletedBlockLogImpl] DEBUG block.DeletedBlockLogImpl (DeletedBlockLogImpl.java:isTransactionFailed(245)) - Got block deletion ACK from datanode, TXIDs=1, success=true
2019-08-30 23:41:10,198 [EventQueue-DeleteBlockStatusForDeletedBlockLogImpl] WARN  block.DeletedBlockLogImpl (DeletedBlockLogImpl.java:commitTransactions(205)) - Transaction txId=1 commit by dnId=c9f1298e-d840-49d8-aac3-de81602aa1d5 for containerID=#1 failed. Corresponding entry not found.
2019-08-30 23:41:10,198 [EventQueue-DeleteBlockStatusForDeletedBlockLogImpl] DEBUG block.DeletedBlockLogImpl (DeletedBlockLogImpl.java:isTransactionFailed(245)) - Got block deletion ACK from datanode, TXIDs=1, success=true
2019-08-30 23:41:10,198 [EventQueue-DeleteBlockStatusForDeletedBlockLogImpl] WARN  block.DeletedBlockLogImpl (DeletedBlockLogImpl.java:commitTransactions(205)) - Transaction txId=1 commit by dnId=c9f1298e-d840-49d8-aac3-de81602aa1d5 for containerID=#1 failed. Corresponding entry not found.
2019-08-30 23:41:10,198 [EventQueue-DeleteBlockStatusForDeletedBlockLogImpl] DEBUG block.DeletedBlockLogImpl (DeletedBlockLogImpl.java:isTransactionFailed(245)) - Got block deletion ACK from datanode, TXIDs=1, success=true
2019-08-30 23:41:10,198 [EventQueue-DeleteBlockStatusForDeletedBlockLogImpl] WARN  block.DeletedBlockLogImpl (DeletedBlockLogImpl.java:commitTransactions(205)) - Transaction txId=1 commit by dnId=c9f1298e-d840-49d8-aac3-de81602aa1d5 for containerID=#1 failed. Corresponding entry not found.
2019-08-30 23:41:10,199 [IPC Server handler 15 on 43891] WARN  block.DeletedBlockLogImpl (DeletedBlockLogImpl.java:incrementCount(141)) - Deleted TXID not found.
2019-08-30 23:41:10,199 [IPC Server handler 15 on 43891] WARN  block.DeletedBlockLogImpl (DeletedBlockLogImpl.java:incrementCount(141)) - Deleted TXID not found.
2019-08-30 23:41:10,199 [IPC Server handler 15 on 43891] WARN  block.DeletedBlockLogImpl (DeletedBlockLogImpl.java:incrementCount(141)) - Deleted TXID not found.
2019-08-30 23:41:10,199 [EventQueue-DeleteBlockStatusForDeletedBlockLogImpl] DEBUG block.DeletedBlockLogImpl (DeletedBlockLogImpl.java:isTransactionFailed(245)) - Got block deletion ACK from datanode, TXIDs=1, success=true
2019-08-30 23:41:10,199 [EventQueue-DeleteBlockStatusForDeletedBlockLogImpl] WARN  block.DeletedBlockLogImpl (DeletedBlockLogImpl.java:commitTransactions(205)) - Transaction txId=1 commit by dnId=c9f1298e-d840-49d8-aac3-de81602aa1d5 for containerID=#1 failed. Corresponding entry not found.
2019-08-30 23:41:10,199 [EventQueue-DeleteBlockStatusForDeletedBlockLogImpl] DEBUG block.DeletedBlockLogImpl (DeletedBlockLogImpl.java:isTransactionFailed(245)) - Got block deletion ACK from datanode, TXIDs=1, success=true
2019-08-30 23:41:10,199 [EventQueue-DeleteBlockStatusForDeletedBlockLogImpl] WARN  block.DeletedBlockLogImpl (DeletedBlockLogImpl.java:commitTransactions(205)) - Transaction txId=1 commit by dnId=c9f1298e-d840-49d8-aac3-de81602aa1d5 for containerID=#1 failed. Corresponding entry not found.
2019-08-30 23:41:10,200 [EventQueue-DeleteBlockStatusForDeletedBlockLogImpl] DEBUG block.DeletedBlockLogImpl (DeletedBlockLogImpl.java:isTransactionFailed(245)) - Got block deletion ACK from datanode, TXIDs=1, success=true
2019-08-30 23:41:10,200 [EventQueue-DeleteBlockStatusForDeletedBlockLogImpl] WARN  block.DeletedBlockLogImpl (DeletedBlockLogImpl.java:commitTransactions(205)) - Transaction txId=1 commit by dnId=c9f1298e-d840-49d8-aac3-de81602aa1d5 for containerID=#1 failed. Corresponding entry not found.
2019-08-30 23:41:10,200 [EventQueue-DeleteBlockStatusForDeletedBlockLogImpl] DEBUG block.DeletedBlockLogImpl (DeletedBlockLogImpl.java:isTransactionFailed(245)) - Got block deletion ACK from datanode, TXIDs=1, success=true
2019-08-30 23:41:10,200 [EventQueue-DeleteBlockStatusForDeletedBlockLogImpl] WARN  block.DeletedBlockLogImpl (DeletedBlockLogImpl.java:commitTransactions(205)) - Transaction txId=1 commit by dnId=c9f1298e-d840-49d8-aac3-de81602aa1d5 for containerID=#1 failed. Corresponding entry not found.
2019-08-30 23:41:10,200 [EventQueue-DeleteBlockStatusForDeletedBlockLogImpl] DEBUG block.DeletedBlockLogImpl (DeletedBlockLogImpl.java:isTransactionFailed(245)) - Got block deletion ACK from datanode, TXIDs=1, success=true
2019-08-30 23:41:10,200 [EventQueue-DeleteBlockStatusForDeletedBlockLogImpl] WARN  block.DeletedBlockLogImpl (DeletedBlockLogImpl.java:commitTransactions(205)) - Transaction txId=1 commit by dnId=c9f1298e-d840-49d8-aac3-de81602aa1d5 for containerID=#1 failed. Corresponding entry not found.
2019-08-30 23:41:10,200 [EventQueue-DeleteBlockStatusForDeletedBlockLogImpl] DEBUG block.DeletedBlockLogImpl (DeletedBlockLogImpl.java:isTransactionFailed(245)) - Got block deletion ACK from datanode, TXIDs=1, success=true
2019-08-30 23:41:10,200 [EventQueue-DeleteBlockStatusForDeletedBlockLogImpl] WARN  block.DeletedBlockLogImpl (DeletedBlockLogImpl.java:commitTransactions(205)) - Transaction txId=1 commit by dnId=c9f1298e-d840-49d8-aac3-de81602aa1d5 for containerID=#1 failed. Corresponding entry not found.
2019-08-30 23:41:10,200 [EventQueue-DeleteBlockStatusForDeletedBlockLogImpl] DEBUG block.DeletedBlockLogImpl (DeletedBlockLogImpl.java:isTransactionFailed(245)) - Got block deletion ACK from datanode, TXIDs=1, success=true
2019-08-30 23:41:10,201 [EventQueue-DeleteBlockStatusForDeletedBlockLogImpl] WARN  block.DeletedBlockLogImpl (DeletedBlockLogImpl.java:commitTransactions(205)) - Transaction txId=1 commit by dnId=c9f1298e-d840-49d8-aac3-de81602aa1d5 for containerID=#1 failed. Corresponding entry not found.
2019-08-30 23:41:10,201 [EventQueue-DeleteBlockStatusForDeletedBlockLogImpl] DEBUG block.DeletedBlockLogImpl (DeletedBlockLogImpl.java:isTransactionFailed(245)) - Got block deletion ACK from datanode, TXIDs=1, success=true
2019-08-30 23:41:10,201 [EventQueue-DeleteBlockStatusForDeletedBlockLogImpl] WARN  block.DeletedBlockLogImpl (DeletedBlockLogImpl.java:commitTransactions(205)) - Transaction txId=1 commit by dnId=c9f1298e-d840-49d8-aac3-de81602aa1d5 for containerID=#1 failed. Corresponding entry not found.
2019-08-30 23:41:10,201 [EventQueue-DeleteBlockStatusForDeletedBlockLogImpl] DEBUG block.DeletedBlockLogImpl (DeletedBlockLogImpl.java:isTransactionFailed(245)) - Got block deletion ACK from datanode, TXIDs=1, success=true
2019-08-30 23:41:10,201 [EventQueue-DeleteBlockStatusForDeletedBlockLogImpl] WARN  block.DeletedBlockLogImpl (DeletedBlockLogImpl.java:commitTransactions(205)) - Transaction txId=1 commit by dnId=c9f1298e-d840-49d8-aac3-de81602aa1d5 for containerID=#1 failed. Corresponding entry not found.
2019-08-30 23:41:10,201 [EventQueue-DeleteBlockStatusForDeletedBlockLogImpl] DEBUG block.DeletedBlockLogImpl (DeletedBlockLogImpl.java:isTransactionFailed(245)) - Got block deletion ACK from datanode, TXIDs=1, success=true
2019-08-30 23:41:10,201 [EventQueue-DeleteBlockStatusForDeletedBlockLogImpl] WARN  block.DeletedBlockLogImpl (DeletedBlockLogImpl.java:commitTransactions(205)) - Transaction txId=1 commit by dnId=c9f1298e-d840-49d8-aac3-de81602aa1d5 for containerID=#1 failed. Corresponding entry not found.
2019-08-30 23:41:10,201 [EventQueue-DeleteBlockStatusForDeletedBlockLogImpl] DEBUG block.DeletedBlockLogImpl (DeletedBlockLogImpl.java:isTransactionFailed(245)) - Got block deletion ACK from datanode, TXIDs=1, success=true
2019-08-30 23:41:10,201 [EventQueue-DeleteBlockStatusForDeletedBlockLogImpl] WARN  block.DeletedBlockLogImpl (DeletedBlockLogImpl.java:commitTransactions(205)) - Transaction txId=1 commit by dnId=c9f1298e-d840-49d8-aac3-de81602aa1d5 for containerID=#1 failed. Corresponding entry not found.
2019-08-30 23:41:10,202 [EventQueue-DeleteBlockStatusForDeletedBlockLogImpl] DEBUG block.DeletedBlockLogImpl (DeletedBlockLogImpl.java:isTransactionFailed(245)) - Got block deletion ACK from datanode, TXIDs=1, success=true
2019-08-30 23:41:10,202 [EventQueue-DeleteBlockStatusForDeletedBlockLogImpl] WARN  block.DeletedBlockLogImpl (DeletedBlockLogImpl.java:commitTransactions(205)) - Transaction txId=1 commit by dnId=c9f1298e-d840-49d8-aac3-de81602aa1d5 for containerID=#1 failed. Corresponding entry not found.
2019-08-30 23:41:10,202 [EventQueue-DeleteBlockStatusForDeletedBlockLogImpl] DEBUG block.DeletedBlockLogImpl (DeletedBlockLogImpl.java:isTransactionFailed(245)) - Got block deletion ACK from datanode, TXIDs=1, success=true
2019-08-30 23:41:10,202 [EventQueue-DeleteBlockStatusForDeletedBlockLogImpl] WARN  block.DeletedBlockLogImpl (DeletedBlockLogImpl.java:commitTransactions(205)) - Transaction txId=1 commit by dnId=c9f1298e-d840-49d8-aac3-de81602aa1d5 for containerID=#1 failed. Corresponding entry not found.
2019-08-30 23:41:10,202 [EventQueue-DeleteBlockStatusForDeletedBlockLogImpl] DEBUG block.DeletedBlockLogImpl (DeletedBlockLogImpl.java:isTransactionFailed(245)) - Got block deletion ACK from datanode, TXIDs=1, success=true
2019-08-30 23:41:10,202 [EventQueue-DeleteBlockStatusForDeletedBlockLogImpl] WARN  block.DeletedBlockLogImpl (DeletedBlockLogImpl.java:commitTransactions(205)) - Transaction txId=1 commit by dnId=c9f1298e-d840-49d8-aac3-de81602aa1d5 for containerID=#1 failed. Corresponding entry not found.
2019-08-30 23:41:10,202 [EventQueue-DeleteBlockStatusForDeletedBlockLogImpl] DEBUG block.DeletedBlockLogImpl (DeletedBlockLogImpl.java:isTransactionFailed(245)) - Got block deletion ACK from datanode, TXIDs=1, success=true
2019-08-30 23:41:10,202 [EventQueue-DeleteBlockStatusForDeletedBlockLogImpl] WARN  block.DeletedBlockLogImpl (DeletedBlockLogImpl.java:commitTransactions(205)) - Transaction txId=1 commit by dnId=c9f1298e-d840-49d8-aac3-de81602aa1d5 for containerID=#1 failed. Corresponding entry not found.
2019-08-30 23:41:10,202 [EventQueue-DeleteBlockStatusForDeletedBlockLogImpl] DEBUG block.DeletedBlockLogImpl (DeletedBlockLogImpl.java:isTransactionFailed(245)) - Got block deletion ACK from datanode, TXIDs=1, success=true
2019-08-30 23:41:10,203 [EventQueue-DeleteBlockStatusForDeletedBlockLogImpl] WARN  block.DeletedBlockLogImpl (DeletedBlockLogImpl.java:commitTransactions(205)) - Transaction txId=1 commit by dnId=c9f1298e-d840-49d8-aac3-de81602aa1d5 for containerID=#1 failed. Corresponding entry not found.
2019-08-30 23:41:10,203 [EventQueue-DeleteBlockStatusForDeletedBlockLogImpl] DEBUG block.DeletedBlockLogImpl (DeletedBlockLogImpl.java:isTransactionFailed(245)) - Got block deletion ACK from datanode, TXIDs=1, success=true
2019-08-30 23:41:10,203 [EventQueue-DeleteBlockStatusForDeletedBlockLogImpl] WARN  block.DeletedBlockLogImpl (DeletedBlockLogImpl.java:commitTransactions(205)) - Transaction txId=1 commit by dnId=c9f1298e-d840-49d8-aac3-de81602aa1d5 for containerID=#1 failed. Corresponding entry not found.
2019-08-30 23:41:10,203 [EventQueue-DeleteBlockStatusForDeletedBlockLogImpl] DEBUG block.DeletedBlockLogImpl (DeletedBlockLogImpl.java:isTransactionFailed(245)) - Got block deletion ACK from datanode, TXIDs=1, success=true
2019-08-30 23:41:10,203 [EventQueue-DeleteBlockStatusForDeletedBlockLogImpl] WARN  block.DeletedBlockLogImpl (DeletedBlockLogImpl.java:commitTransactions(205)) - Transaction txId=1 commit by dnId=c9f1298e-d840-49d8-aac3-de81602aa1d5 for containerID=#1 failed. Corresponding entry not found.
2019-08-30 23:41:10,203 [EventQueue-DeleteBlockStatusForDeletedBlockLogImpl] DEBUG block.DeletedBlockLogImpl (DeletedBlockLogImpl.java:isTransactionFailed(245)) - Got block deletion ACK from datanode, TXIDs=1, success=true
2019-08-30 23:41:10,203 [EventQueue-DeleteBlockStatusForDeletedBlockLogImpl] WARN  block.DeletedBlockLogImpl (DeletedBlockLogImpl.java:commitTransactions(205)) - Transaction txId=1 commit by dnId=c9f1298e-d840-49d8-aac3-de81602aa1d5 for containerID=#1 failed. Corresponding entry not found.
2019-08-30 23:41:10,203 [EventQueue-DeleteBlockStatusForDeletedBlockLogImpl] DEBUG block.DeletedBlockLogImpl (DeletedBlockLogImpl.java:isTransactionFailed(245)) - Got block deletion ACK from datanode, TXIDs=1, success=true
2019-08-30 23:41:10,203 [EventQueue-DeleteBlockStatusForDeletedBlockLogImpl] WARN  block.DeletedBlockLogImpl (DeletedBlockLogImpl.java:commitTransactions(205)) - Transaction txId=1 commit by dnId=c9f1298e-d840-49d8-aac3-de81602aa1d5 for containerID=#1 failed. Corresponding entry not found.
2019-08-30 23:41:10,204 [EventQueue-DeleteBlockStatusForDeletedBlockLogImpl] DEBUG block.DeletedBlockLogImpl (DeletedBlockLogImpl.java:isTransactionFailed(245)) - Got block deletion ACK from datanode, TXIDs=1, success=true
2019-08-30 23:41:10,204 [EventQueue-DeleteBlockStatusForDeletedBlockLogImpl] WARN  block.DeletedBlockLogImpl (DeletedBlockLogImpl.java:commitTransactions(205)) - Transaction txId=1 commit by dnId=c9f1298e-d840-49d8-aac3-de81602aa1d5 for containerID=#1 failed. Corresponding entry not found.
2019-08-30 23:41:10,204 [EventQueue-DeleteBlockStatusForDeletedBlockLogImpl] DEBUG block.DeletedBlockLogImpl (DeletedBlockLogImpl.java:isTransactionFailed(245)) - Got block deletion ACK from datanode, TXIDs=1, success=true
2019-08-30 23:41:10,204 [EventQueue-DeleteBlockStatusForDeletedBlockLogImpl] WARN  block.DeletedBlockLogImpl (DeletedBlockLogImpl.java:commitTransactions(205)) - Transaction txId=1 commit by dnId=c9f1298e-d840-49d8-aac3-de81602aa1d5 for containerID=#1 failed. Corresponding entry not found.
2019-08-30 23:41:10,204 [EventQueue-DeleteBlockStatusForDeletedBlockLogImpl] DEBUG block.DeletedBlockLogImpl (DeletedBlockLogImpl.java:isTransactionFailed(245)) - Got block deletion ACK from datanode, TXIDs=1, success=true
2019-08-30 23:41:10,204 [EventQueue-DeleteBlockStatusForDeletedBlockLogImpl] WARN  block.DeletedBlockLogImpl (DeletedBlockLogImpl.java:commitTransactions(205)) - Transaction txId=1 commit by dnId=c9f1298e-d840-49d8-aac3-de81602aa1d5 for containerID=#1 failed. Corresponding entry not found.
2019-08-30 23:41:10,204 [EventQueue-DeleteBlockStatusForDeletedBlockLogImpl] DEBUG block.DeletedBlockLogImpl (DeletedBlockLogImpl.java:isTransactionFailed(245)) - Got block deletion ACK from datanode, TXIDs=1, success=true
2019-08-30 23:41:10,204 [EventQueue-DeleteBlockStatusForDeletedBlockLogImpl] WARN  block.DeletedBlockLogImpl (DeletedBlockLogImpl.java:commitTransactions(205)) - Transaction txId=1 commit by dnId=c9f1298e-d840-49d8-aac3-de81602aa1d5 for containerID=#1 failed. Corresponding entry not found.
2019-08-30 23:41:10,204 [EventQueue-DeleteBlockStatusForDeletedBlockLogImpl] DEBUG block.DeletedBlockLogImpl (DeletedBlockLogImpl.java:isTransactionFailed(245)) - Got block deletion ACK from datanode, TXIDs=1, success=true
2019-08-30 23:41:10,205 [EventQueue-DeleteBlockStatusForDeletedBlockLogImpl] WARN  block.DeletedBlockLogImpl (DeletedBlockLogImpl.java:commitTransactions(205)) - Transaction txId=1 commit by dnId=c9f1298e-d840-49d8-aac3-de81602aa1d5 for containerID=#1 failed. Corresponding entry not found.
2019-08-30 23:41:10,205 [EventQueue-DeleteBlockStatusForDeletedBlockLogImpl] DEBUG block.DeletedBlockLogImpl (DeletedBlockLogImpl.java:isTransactionFailed(245)) - Got block deletion ACK from datanode, TXIDs=1, success=true
2019-08-30 23:41:10,205 [EventQueue-DeleteBlockStatusForDeletedBlockLogImpl] WARN  block.DeletedBlockLogImpl (DeletedBlockLogImpl.java:commitTransactions(205)) - Transaction txId=1 commit by dnId=c9f1298e-d840-49d8-aac3-de81602aa1d5 for containerID=#1 failed. Corresponding entry not found.
2019-08-30 23:41:10,205 [EventQueue-DeleteBlockStatusForDeletedBlockLogImpl] DEBUG block.DeletedBlockLogImpl (DeletedBlockLogImpl.java:isTransactionFailed(245)) - Got block deletion ACK from datanode, TXIDs=1, success=true
2019-08-30 23:41:10,205 [EventQueue-DeleteBlockStatusForDeletedBlockLogImpl] WARN  block.DeletedBlockLogImpl (DeletedBlockLogImpl.java:commitTransactions(205)) - Transaction txId=1 commit by dnId=c9f1298e-d840-49d8-aac3-de81602aa1d5 for containerID=#1 failed. Corresponding entry not found.
2019-08-30 23:41:10,205 [EventQueue-DeleteBlockStatusForDeletedBlockLogImpl] DEBUG block.DeletedBlockLogImpl (DeletedBlockLogImpl.java:isTransactionFailed(245)) - Got block deletion ACK from datanode, TXIDs=1, success=true
2019-08-30 23:41:10,205 [EventQueue-DeleteBlockStatusForDeletedBlockLogImpl] WARN  block.DeletedBlockLogImpl (DeletedBlockLogImpl.java:commitTransactions(205)) - Transaction txId=1 commit by dnId=c9f1298e-d840-49d8-aac3-de81602aa1d5 for containerID=#1 failed. Corresponding entry not found.
2019-08-30 23:41:10,205 [EventQueue-DeleteBlockStatusForDeletedBlockLogImpl] DEBUG block.DeletedBlockLogImpl (DeletedBlockLogImpl.java:isTransactionFailed(245)) - Got block deletion ACK from datanode, TXIDs=1, success=true
2019-08-30 23:41:10,205 [EventQueue-DeleteBlockStatusForDeletedBlockLogImpl] WARN  block.DeletedBlockLogImpl (DeletedBlockLogImpl.java:commitTransactions(205)) - Transaction txId=1 commit by dnId=c9f1298e-d840-49d8-aac3-de81602aa1d5 for containerID=#1 failed. Corresponding entry not found.
2019-08-30 23:41:10,205 [EventQueue-DeleteBlockStatusForDeletedBlockLogImpl] DEBUG block.DeletedBlockLogImpl (DeletedBlockLogImpl.java:isTransactionFailed(245)) - Got block deletion ACK from datanode, TXIDs=1, success=true
2019-08-30 23:41:10,206 [EventQueue-DeleteBlockStatusForDeletedBlockLogImpl] WARN  block.DeletedBlockLogImpl (DeletedBlockLogImpl.java:commitTransactions(205)) - Transaction txId=1 commit by dnId=c9f1298e-d840-49d8-aac3-de81602aa1d5 for containerID=#1 failed. Corresponding entry not found.
2019-08-30 23:41:10,206 [EventQueue-DeleteBlockStatusForDeletedBlockLogImpl] DEBUG block.DeletedBlockLogImpl (DeletedBlockLogImpl.java:isTransactionFailed(245)) - Got block deletion ACK from datanode, TXIDs=1, success=true
2019-08-30 23:41:10,206 [EventQueue-DeleteBlockStatusForDeletedBlockLogImpl] WARN  block.DeletedBlockLogImpl (DeletedBlockLogImpl.java:commitTransactions(205)) - Transaction txId=1 commit by dnId=c9f1298e-d840-49d8-aac3-de81602aa1d5 for containerID=#1 failed. Corresponding entry not found.
2019-08-30 23:41:10,206 [EventQueue-DeleteBlockStatusForDeletedBlockLogImpl] DEBUG block.DeletedBlockLogImpl (DeletedBlockLogImpl.java:isTransactionFailed(245)) - Got block deletion ACK from datanode, TXIDs=1, success=true
2019-08-30 23:41:10,206 [EventQueue-DeleteBlockStatusForDeletedBlockLogImpl] WARN  block.DeletedBlockLogImpl (DeletedBlockLogImpl.java:commitTransactions(205)) - Transaction txId=1 commit by dnId=c9f1298e-d840-49d8-aac3-de81602aa1d5 for containerID=#1 failed. Corresponding entry not found.
2019-08-30 23:41:10,206 [EventQueue-DeleteBlockStatusForDeletedBlockLogImpl] DEBUG block.DeletedBlockLogImpl (DeletedBlockLogImpl.java:isTransactionFailed(245)) - Got block deletion ACK from datanode, TXIDs=1, success=true
2019-08-30 23:41:10,206 [EventQueue-DeleteBlockStatusForDeletedBlockLogImpl] WARN  block.DeletedBlockLogImpl (DeletedBlockLogImpl.java:commitTransactions(205)) - Transaction txId=1 commit by dnId=c9f1298e-d840-49d8-aac3-de81602aa1d5 for containerID=#1 failed. Corresponding entry not found.
2019-08-30 23:41:10,206 [EventQueue-DeleteBlockStatusForDeletedBlockLogImpl] DEBUG block.DeletedBlockLogImpl (DeletedBlockLogImpl.java:isTransactionFailed(245)) - Got block deletion ACK from datanode, TXIDs=1, success=true
2019-08-30 23:41:10,206 [EventQueue-DeleteBlockStatusForDeletedBlockLogImpl] WARN  block.DeletedBlockLogImpl (DeletedBlockLogImpl.java:commitTransactions(205)) - Transaction txId=1 commit by dnId=c9f1298e-d840-49d8-aac3-de81602aa1d5 for containerID=#1 failed. Corresponding entry not found.
2019-08-30 23:41:10,207 [EventQueue-DeleteBlockStatusForDeletedBlockLogImpl] DEBUG block.DeletedBlockLogImpl (DeletedBlockLogImpl.java:isTransactionFailed(245)) - Got block deletion ACK from datanode, TXIDs=1, success=true
2019-08-30 23:41:10,207 [EventQueue-DeleteBlockStatusForDeletedBlockLogImpl] WARN  block.DeletedBlockLogImpl (DeletedBlockLogImpl.java:commitTransactions(205)) - Transaction txId=1 commit by dnId=c9f1298e-d840-49d8-aac3-de81602aa1d5 for containerID=#1 failed. Corresponding entry not found.
2019-08-30 23:41:10,207 [EventQueue-DeleteBlockStatusForDeletedBlockLogImpl] DEBUG block.DeletedBlockLogImpl (DeletedBlockLogImpl.java:isTransactionFailed(245)) - Got block deletion ACK from datanode, TXIDs=1, success=true
2019-08-30 23:41:10,207 [EventQueue-DeleteBlockStatusForDeletedBlockLogImpl] WARN  block.DeletedBlockLogImpl (DeletedBlockLogImpl.java:commitTransactions(205)) - Transaction txId=1 commit by dnId=c9f1298e-d840-49d8-aac3-de81602aa1d5 for containerID=#1 failed. Corresponding entry not found.
2019-08-30 23:41:10,207 [EventQueue-DeleteBlockStatusForDeletedBlockLogImpl] DEBUG block.DeletedBlockLogImpl (DeletedBlockLogImpl.java:isTransactionFailed(245)) - Got block deletion ACK from datanode, TXIDs=1, success=true
2019-08-30 23:41:10,207 [EventQueue-DeleteBlockStatusForDeletedBlockLogImpl] WARN  block.DeletedBlockLogImpl (DeletedBlockLogImpl.java:commitTransactions(205)) - Transaction txId=1 commit by dnId=c9f1298e-d840-49d8-aac3-de81602aa1d5 for containerID=#1 failed. Corresponding entry not found.
2019-08-30 23:41:10,207 [EventQueue-DeleteBlockStatusForDeletedBlockLogImpl] DEBUG block.DeletedBlockLogImpl (DeletedBlockLogImpl.java:isTransactionFailed(245)) - Got block deletion ACK from datanode, TXIDs=1, success=true
2019-08-30 23:41:10,207 [EventQueue-DeleteBlockStatusForDeletedBlockLogImpl] WARN  block.DeletedBlockLogImpl (DeletedBlockLogImpl.java:commitTransactions(205)) - Transaction txId=1 commit by dnId=c9f1298e-d840-49d8-aac3-de81602aa1d5 for containerID=#1 failed. Corresponding entry not found.
2019-08-30 23:41:10,207 [EventQueue-DeleteBlockStatusForDeletedBlockLogImpl] DEBUG block.DeletedBlockLogImpl (DeletedBlockLogImpl.java:isTransactionFailed(245)) - Got block deletion ACK from datanode, TXIDs=1, success=true
2019-08-30 23:41:10,207 [EventQueue-DeleteBlockStatusForDeletedBlockLogImpl] WARN  block.DeletedBlockLogImpl (DeletedBlockLogImpl.java:commitTransactions(205)) - Transaction txId=1 commit by dnId=c9f1298e-d840-49d8-aac3-de81602aa1d5 for containerID=#1 failed. Corresponding entry not found.
2019-08-30 23:41:10,208 [EventQueue-DeleteBlockStatusForDeletedBlockLogImpl] DEBUG block.DeletedBlockLogImpl (DeletedBlockLogImpl.java:isTransactionFailed(245)) - Got block deletion ACK from datanode, TXIDs=1, success=true
2019-08-30 23:41:10,208 [EventQueue-DeleteBlockStatusForDeletedBlockLogImpl] WARN  block.DeletedBlockLogImpl (DeletedBlockLogImpl.java:commitTransactions(205)) - Transaction txId=1 commit by dnId=c9f1298e-d840-49d8-aac3-de81602aa1d5 for containerID=#1 failed. Corresponding entry not found.
2019-08-30 23:41:10,208 [EventQueue-DeleteBlockStatusForDeletedBlockLogImpl] DEBUG block.DeletedBlockLogImpl (DeletedBlockLogImpl.java:isTransactionFailed(245)) - Got block deletion ACK from datanode, TXIDs=1, success=true
2019-08-30 23:41:10,208 [EventQueue-DeleteBlockStatusForDeletedBlockLogImpl] WARN  block.DeletedBlockLogImpl (DeletedBlockLogImpl.java:commitTransactions(205)) - Transaction txId=1 commit by dnId=c9f1298e-d840-49d8-aac3-de81602aa1d5 for containerID=#1 failed. Corresponding entry not found.
2019-08-30 23:41:10,208 [EventQueue-DeleteBlockStatusForDeletedBlockLogImpl] DEBUG block.DeletedBlockLogImpl (DeletedBlockLogImpl.java:isTransactionFailed(245)) - Got block deletion ACK from datanode, TXIDs=1, success=true
2019-08-30 23:41:10,208 [EventQueue-DeleteBlockStatusForDeletedBlockLogImpl] WARN  block.DeletedBlockLogImpl (DeletedBlockLogImpl.java:commitTransactions(205)) - Transaction txId=1 commit by dnId=c9f1298e-d840-49d8-aac3-de81602aa1d5 for containerID=#1 failed. Corresponding entry not found.
2019-08-30 23:41:10,208 [EventQueue-DeleteBlockStatusForDeletedBlockLogImpl] DEBUG block.DeletedBlockLogImpl (DeletedBlockLogImpl.java:isTransactionFailed(245)) - Got block deletion ACK from datanode, TXIDs=1, success=true
2019-08-30 23:41:10,208 [EventQueue-DeleteBlockStatusForDeletedBlockLogImpl] WARN  block.DeletedBlockLogImpl (DeletedBlockLogImpl.java:commitTransactions(205)) - Transaction txId=1 commit by dnId=c9f1298e-d840-49d8-aac3-de81602aa1d5 for containerID=#1 failed. Corresponding entry not found.
2019-08-30 23:41:10,208 [EventQueue-DeleteBlockStatusForDeletedBlockLogImpl] DEBUG block.DeletedBlockLogImpl (DeletedBlockLogImpl.java:isTransactionFailed(245)) - Got block deletion ACK from datanode, TXIDs=1, success=true
2019-08-30 23:41:10,209 [EventQueue-DeleteBlockStatusForDeletedBlockLogImpl] WARN  block.DeletedBlockLogImpl (DeletedBlockLogImpl.java:commitTransactions(205)) - Transaction txId=1 commit by dnId=c9f1298e-d840-49d8-aac3-de81602aa1d5 for containerID=#1 failed. Corresponding entry not found.
2019-08-30 23:41:10,209 [EventQueue-DeleteBlockStatusForDeletedBlockLogImpl] DEBUG block.DeletedBlockLogImpl (DeletedBlockLogImpl.java:isTransactionFailed(245)) - Got block deletion ACK from datanode, TXIDs=1, success=true
2019-08-30 23:41:10,209 [EventQueue-DeleteBlockStatusForDeletedBlockLogImpl] WARN  block.DeletedBlockLogImpl (DeletedBlockLogImpl.java:commitTransactions(205)) - Transaction txId=1 commit by dnId=c9f1298e-d840-49d8-aac3-de81602aa1d5 for containerID=#1 failed. Corresponding entry not found.
2019-08-30 23:41:10,209 [EventQueue-DeleteBlockStatusForDeletedBlockLogImpl] DEBUG block.DeletedBlockLogImpl (DeletedBlockLogImpl.java:isTransactionFailed(245)) - Got block deletion ACK from datanode, TXIDs=1, success=true
2019-08-30 23:41:10,209 [EventQueue-DeleteBlockStatusForDeletedBlockLogImpl] WARN  block.DeletedBlockLogImpl (DeletedBlockLogImpl.java:commitTransactions(205)) - Transaction txId=1 commit by dnId=c9f1298e-d840-49d8-aac3-de81602aa1d5 for containerID=#1 failed. Corresponding entry not found.
2019-08-30 23:41:10,209 [EventQueue-DeleteBlockStatusForDeletedBlockLogImpl] DEBUG block.DeletedBlockLogImpl (DeletedBlockLogImpl.java:isTransactionFailed(245)) - Got block deletion ACK from datanode, TXIDs=1, success=true
2019-08-30 23:41:10,209 [EventQueue-DeleteBlockStatusForDeletedBlockLogImpl] WARN  block.DeletedBlockLogImpl (DeletedBlockLogImpl.java:commitTransactions(205)) - Transaction txId=1 commit by dnId=c9f1298e-d840-49d8-aac3-de81602aa1d5 for containerID=#1 failed. Corresponding entry not found.
2019-08-30 23:41:10,209 [EventQueue-DeleteBlockStatusForDeletedBlockLogImpl] DEBUG block.DeletedBlockLogImpl (DeletedBlockLogImpl.java:isTransactionFailed(245)) - Got block deletion ACK from datanode, TXIDs=1, success=true
2019-08-30 23:41:10,209 [EventQueue-DeleteBlockStatusForDeletedBlockLogImpl] WARN  block.DeletedBlockLogImpl (DeletedBlockLogImpl.java:commitTransactions(205)) - Transaction txId=1 commit by dnId=c9f1298e-d840-49d8-aac3-de81602aa1d5 for containerID=#1 failed. Corresponding entry not found.
2019-08-30 23:41:10,210 [EventQueue-DeleteBlockStatusForDeletedBlockLogImpl] DEBUG block.DeletedBlockLogImpl (DeletedBlockLogImpl.java:isTransactionFailed(245)) - Got block deletion ACK from datanode, TXIDs=1, success=true
2019-08-30 23:41:10,210 [EventQueue-DeleteBlockStatusForDeletedBlockLogImpl] WARN  block.DeletedBlockLogImpl (DeletedBlockLogImpl.java:commitTransactions(205)) - Transaction txId=1 commit by dnId=c9f1298e-d840-49d8-aac3-de81602aa1d5 for containerID=#1 failed. Corresponding entry not found.
2019-08-30 23:41:10,210 [EventQueue-DeleteBlockStatusForDeletedBlockLogImpl] DEBUG block.DeletedBlockLogImpl (DeletedBlockLogImpl.java:isTransactionFailed(245)) - Got block deletion ACK from datanode, TXIDs=1, success=true
2019-08-30 23:41:10,210 [EventQueue-DeleteBlockStatusForDeletedBlockLogImpl] WARN  block.DeletedBlockLogImpl (DeletedBlockLogImpl.java:commitTransactions(205)) - Transaction txId=1 commit by dnId=c9f1298e-d840-49d8-aac3-de81602aa1d5 for containerID=#1 failed. Corresponding entry not found.
2019-08-30 23:41:10,210 [EventQueue-DeleteBlockStatusForDeletedBlockLogImpl] DEBUG block.DeletedBlockLogImpl (DeletedBlockLogImpl.java:isTransactionFailed(245)) - Got block deletion ACK from datanode, TXIDs=1, success=true
2019-08-30 23:41:10,210 [EventQueue-DeleteBlockStatusForDeletedBlockLogImpl] WARN  block.DeletedBlockLogImpl (DeletedBlockLogImpl.java:commitTransactions(205)) - Transaction txId=1 commit by dnId=c9f1298e-d840-49d8-aac3-de81602aa1d5 for containerID=#1 failed. Corresponding entry not found.
2019-08-30 23:41:10,210 [EventQueue-DeleteBlockStatusForDeletedBlockLogImpl] DEBUG block.DeletedBlockLogImpl (DeletedBlockLogImpl.java:isTransactionFailed(245)) - Got block deletion ACK from datanode, TXIDs=1, success=true
2019-08-30 23:41:10,210 [EventQueue-DeleteBlockStatusForDeletedBlockLogImpl] WARN  block.DeletedBlockLogImpl (DeletedBlockLogImpl.java:commitTransactions(205)) - Transaction txId=1 commit by dnId=c9f1298e-d840-49d8-aac3-de81602aa1d5 for containerID=#1 failed. Corresponding entry not found.
2019-08-30 23:41:10,210 [EventQueue-DeleteBlockStatusForDeletedBlockLogImpl] DEBUG block.DeletedBlockLogImpl (DeletedBlockLogImpl.java:isTransactionFailed(245)) - Got block deletion ACK from datanode, TXIDs=1, success=true
2019-08-30 23:41:10,211 [EventQueue-DeleteBlockStatusForDeletedBlockLogImpl] WARN  block.DeletedBlockLogImpl (DeletedBlockLogImpl.java:commitTransactions(205)) - Transaction txId=1 commit by dnId=c9f1298e-d840-49d8-aac3-de81602aa1d5 for containerID=#1 failed. Corresponding entry not found.
2019-08-30 23:41:10,211 [EventQueue-DeleteBlockStatusForDeletedBlockLogImpl] DEBUG block.DeletedBlockLogImpl (DeletedBlockLogImpl.java:isTransactionFailed(245)) - Got block deletion ACK from datanode, TXIDs=1, success=true
2019-08-30 23:41:10,211 [EventQueue-DeleteBlockStatusForDeletedBlockLogImpl] WARN  block.DeletedBlockLogImpl (DeletedBlockLogImpl.java:commitTransactions(205)) - Transaction txId=1 commit by dnId=c9f1298e-d840-49d8-aac3-de81602aa1d5 for containerID=#1 failed. Corresponding entry not found.
2019-08-30 23:41:10,211 [EventQueue-DeleteBlockStatusForDeletedBlockLogImpl] DEBUG block.DeletedBlockLogImpl (DeletedBlockLogImpl.java:isTransactionFailed(245)) - Got block deletion ACK from datanode, TXIDs=1, success=true
2019-08-30 23:41:10,211 [EventQueue-DeleteBlockStatusForDeletedBlockLogImpl] WARN  block.DeletedBlockLogImpl (DeletedBlockLogImpl.java:commitTransactions(205)) - Transaction txId=1 commit by dnId=c9f1298e-d840-49d8-aac3-de81602aa1d5 for containerID=#1 failed. Corresponding entry not found.
2019-08-30 23:41:10,211 [EventQueue-DeleteBlockStatusForDeletedBlockLogImpl] DEBUG block.DeletedBlockLogImpl (DeletedBlockLogImpl.java:isTransactionFailed(245)) - Got block deletion ACK from datanode, TXIDs=1, success=true
2019-08-30 23:41:10,211 [EventQueue-DeleteBlockStatusForDeletedBlockLogImpl] WARN  block.DeletedBlockLogImpl (DeletedBlockLogImpl.java:commitTransactions(205)) - Transaction txId=1 commit by dnId=c9f1298e-d840-49d8-aac3-de81602aa1d5 for containerID=#1 failed. Corresponding entry not found.
2019-08-30 23:41:10,211 [EventQueue-DeleteBlockStatusForDeletedBlockLogImpl] DEBUG block.DeletedBlockLogImpl (DeletedBlockLogImpl.java:isTransactionFailed(245)) - Got block deletion ACK from datanode, TXIDs=1, success=true
2019-08-30 23:41:10,211 [EventQueue-DeleteBlockStatusForDeletedBlockLogImpl] WARN  block.DeletedBlockLogImpl (DeletedBlockLogImpl.java:commitTransactions(205)) - Transaction txId=1 commit by dnId=c9f1298e-d840-49d8-aac3-de81602aa1d5 for containerID=#1 failed. Corresponding entry not found.
2019-08-30 23:41:10,211 [EventQueue-DeleteBlockStatusForDeletedBlockLogImpl] DEBUG block.DeletedBlockLogImpl (DeletedBlockLogImpl.java:isTransactionFailed(245)) - Got block deletion ACK from datanode, TXIDs=1, success=true
2019-08-30 23:41:10,212 [EventQueue-DeleteBlockStatusForDeletedBlockLogImpl] WARN  block.DeletedBlockLogImpl (DeletedBlockLogImpl.java:commitTransactions(205)) - Transaction txId=1 commit by dnId=c9f1298e-d840-49d8-aac3-de81602aa1d5 for containerID=#1 failed. Corresponding entry not found.
2019-08-30 23:41:10,212 [EventQueue-DeleteBlockStatusForDeletedBlockLogImpl] DEBUG block.DeletedBlockLogImpl (DeletedBlockLogImpl.java:isTransactionFailed(245)) - Got block deletion ACK from datanode, TXIDs=1, success=true
2019-08-30 23:41:10,212 [EventQueue-DeleteBlockStatusForDeletedBlockLogImpl] WARN  block.DeletedBlockLogImpl (DeletedBlockLogImpl.java:commitTransactions(205)) - Transaction txId=1 commit by dnId=c9f1298e-d840-49d8-aac3-de81602aa1d5 for containerID=#1 failed. Corresponding entry not found.
2019-08-30 23:41:10,212 [EventQueue-DeleteBlockStatusForDeletedBlockLogImpl] DEBUG block.DeletedBlockLogImpl (DeletedBlockLogImpl.java:isTransactionFailed(245)) - Got block deletion ACK from datanode, TXIDs=1, success=true
2019-08-30 23:41:10,212 [EventQueue-DeleteBlockStatusForDeletedBlockLogImpl] WARN  block.DeletedBlockLogImpl (DeletedBlockLogImpl.java:commitTransactions(205)) - Transaction txId=1 commit by dnId=c9f1298e-d840-49d8-aac3-de81602aa1d5 for containerID=#1 failed. Corresponding entry not found.
2019-08-30 23:41:10,212 [EventQueue-DeleteBlockStatusForDeletedBlockLogImpl] DEBUG block.DeletedBlockLogImpl (DeletedBlockLogImpl.java:isTransactionFailed(245)) - Got block deletion ACK from datanode, TXIDs=1, success=true
2019-08-30 23:41:10,212 [EventQueue-DeleteBlockStatusForDeletedBlockLogImpl] WARN  block.DeletedBlockLogImpl (DeletedBlockLogImpl.java:commitTransactions(205)) - Transaction txId=1 commit by dnId=c9f1298e-d840-49d8-aac3-de81602aa1d5 for containerID=#1 failed. Corresponding entry not found.
2019-08-30 23:41:10,212 [EventQueue-DeleteBlockStatusForDeletedBlockLogImpl] DEBUG block.DeletedBlockLogImpl (DeletedBlockLogImpl.java:isTransactionFailed(245)) - Got block deletion ACK from datanode, TXIDs=1, success=true
2019-08-30 23:41:10,212 [EventQueue-DeleteBlockStatusForDeletedBlockLogImpl] WARN  block.DeletedBlockLogImpl (DeletedBlockLogImpl.java:commitTransactions(205)) - Transaction txId=1 commit by dnId=c9f1298e-d840-49d8-aac3-de81602aa1d5 for containerID=#1 failed. Corresponding entry not found.
2019-08-30 23:41:10,212 [EventQueue-DeleteBlockStatusForDeletedBlockLogImpl] DEBUG block.DeletedBlockLogImpl (DeletedBlockLogImpl.java:isTransactionFailed(245)) - Got block deletion ACK from datanode, TXIDs=1, success=true
2019-08-30 23:41:10,213 [EventQueue-DeleteBlockStatusForDeletedBlockLogImpl] WARN  block.DeletedBlockLogImpl (DeletedBlockLogImpl.java:commitTransactions(205)) - Transaction txId=1 commit by dnId=c9f1298e-d840-49d8-aac3-de81602aa1d5 for containerID=#1 failed. Corresponding entry not found.
2019-08-30 23:41:10,213 [EventQueue-DeleteBlockStatusForDeletedBlockLogImpl] DEBUG block.DeletedBlockLogImpl (DeletedBlockLogImpl.java:isTransactionFailed(245)) - Got block deletion ACK from datanode, TXIDs=1, success=true
2019-08-30 23:41:10,213 [EventQueue-DeleteBlockStatusForDeletedBlockLogImpl] WARN  block.DeletedBlockLogImpl (DeletedBlockLogImpl.java:commitTransactions(205)) - Transaction txId=1 commit by dnId=c9f1298e-d840-49d8-aac3-de81602aa1d5 for containerID=#1 failed. Corresponding entry not found.
2019-08-30 23:41:10,213 [EventQueue-DeleteBlockStatusForDeletedBlockLogImpl] DEBUG block.DeletedBlockLogImpl (DeletedBlockLogImpl.java:isTransactionFailed(245)) - Got block deletion ACK from datanode, TXIDs=1, success=true
2019-08-30 23:41:10,213 [EventQueue-DeleteBlockStatusForDeletedBlockLogImpl] WARN  block.DeletedBlockLogImpl (DeletedBlockLogImpl.java:commitTransactions(205)) - Transaction txId=1 commit by dnId=c9f1298e-d840-49d8-aac3-de81602aa1d5 for containerID=#1 failed. Corresponding entry not found.
2019-08-30 23:41:10,213 [EventQueue-DeleteBlockStatusForDeletedBlockLogImpl] DEBUG block.DeletedBlockLogImpl (DeletedBlockLogImpl.java:isTransactionFailed(245)) - Got block deletion ACK from datanode, TXIDs=1, success=true
2019-08-30 23:41:10,213 [EventQueue-DeleteBlockStatusForDeletedBlockLogImpl] WARN  block.DeletedBlockLogImpl (DeletedBlockLogImpl.java:commitTransactions(205)) - Transaction txId=1 commit by dnId=c9f1298e-d840-49d8-aac3-de81602aa1d5 for containerID=#1 failed. Corresponding entry not found.
2019-08-30 23:41:10,213 [EventQueue-DeleteBlockStatusForDeletedBlockLogImpl] DEBUG block.DeletedBlockLogImpl (DeletedBlockLogImpl.java:isTransactionFailed(245)) - Got block deletion ACK from datanode, TXIDs=1, success=true
2019-08-30 23:41:10,213 [EventQueue-DeleteBlockStatusForDeletedBlockLogImpl] WARN  block.DeletedBlockLogImpl (DeletedBlockLogImpl.java:commitTransactions(205)) - Transaction txId=1 commit by dnId=c9f1298e-d840-49d8-aac3-de81602aa1d5 for containerID=#1 failed. Corresponding entry not found.
2019-08-30 23:41:10,213 [EventQueue-DeleteBlockStatusForDeletedBlockLogImpl] DEBUG block.DeletedBlockLogImpl (DeletedBlockLogImpl.java:isTransactionFailed(245)) - Got block deletion ACK from datanode, TXIDs=1, success=true
2019-08-30 23:41:10,214 [EventQueue-DeleteBlockStatusForDeletedBlockLogImpl] WARN  block.DeletedBlockLogImpl (DeletedBlockLogImpl.java:commitTransactions(205)) - Transaction txId=1 commit by dnId=c9f1298e-d840-49d8-aac3-de81602aa1d5 for containerID=#1 failed. Corresponding entry not found.
2019-08-30 23:41:10,214 [EventQueue-DeleteBlockStatusForDeletedBlockLogImpl] DEBUG block.DeletedBlockLogImpl (DeletedBlockLogImpl.java:isTransactionFailed(245)) - Got block deletion ACK from datanode, TXIDs=1, success=true
2019-08-30 23:41:10,214 [EventQueue-DeleteBlockStatusForDeletedBlockLogImpl] WARN  block.DeletedBlockLogImpl (DeletedBlockLogImpl.java:commitTransactions(205)) - Transaction txId=1 commit by dnId=c9f1298e-d840-49d8-aac3-de81602aa1d5 for containerID=#1 failed. Corresponding entry not found.
2019-08-30 23:41:10,214 [EventQueue-DeleteBlockStatusForDeletedBlockLogImpl] DEBUG block.DeletedBlockLogImpl (DeletedBlockLogImpl.java:isTransactionFailed(245)) - Got block deletion ACK from datanode, TXIDs=1, success=true
2019-08-30 23:41:10,214 [EventQueue-DeleteBlockStatusForDeletedBlockLogImpl] WARN  block.DeletedBlockLogImpl (DeletedBlockLogImpl.java:commitTransactions(205)) - Transaction txId=1 commit by dnId=c9f1298e-d840-49d8-aac3-de81602aa1d5 for containerID=#1 failed. Corresponding entry not found.
2019-08-30 23:41:10,214 [EventQueue-DeleteBlockStatusForDeletedBlockLogImpl] DEBUG block.DeletedBlockLogImpl (DeletedBlockLogImpl.java:isTransactionFailed(245)) - Got block deletion ACK from datanode, TXIDs=1, success=true
2019-08-30 23:41:10,214 [EventQueue-DeleteBlockStatusForDeletedBlockLogImpl] WARN  block.DeletedBlockLogImpl (DeletedBlockLogImpl.java:commitTransactions(205)) - Transaction txId=1 commit by dnId=c9f1298e-d840-49d8-aac3-de81602aa1d5 for containerID=#1 failed. Corresponding entry not found.
2019-08-30 23:41:10,214 [EventQueue-DeleteBlockStatusForDeletedBlockLogImpl] DEBUG block.DeletedBlockLogImpl (DeletedBlockLogImpl.java:isTransactionFailed(245)) - Got block deletion ACK from datanode, TXIDs=1, success=true
2019-08-30 23:41:10,215 [EventQueue-DeleteBlockStatusForDeletedBlockLogImpl] WARN  block.DeletedBlockLogImpl (DeletedBlockLogImpl.java:commitTransactions(205)) - Transaction txId=1 commit by dnId=c9f1298e-d840-49d8-aac3-de81602aa1d5 for containerID=#1 failed. Corresponding entry not found.
2019-08-30 23:41:10,215 [IPC Server handler 15 on 43891] WARN  block.DeletedBlockLogImpl (DeletedBlockLogImpl.java:incrementCount(141)) - Deleted TXID not found.
2019-08-30 23:41:10,215 [IPC Server handler 15 on 43891] WARN  block.DeletedBlockLogImpl (DeletedBlockLogImpl.java:incrementCount(141)) - Deleted TXID not found.
2019-08-30 23:41:10,215 [IPC Server handler 15 on 43891] WARN  block.DeletedBlockLogImpl (DeletedBlockLogImpl.java:incrementCount(141)) - Deleted TXID not found.
2019-08-30 23:41:10,215 [EventQueue-DeleteBlockStatusForDeletedBlockLogImpl] DEBUG block.DeletedBlockLogImpl (DeletedBlockLogImpl.java:isTransactionFailed(245)) - Got block deletion ACK from datanode, TXIDs=1, success=true
2019-08-30 23:41:10,215 [EventQueue-DeleteBlockStatusForDeletedBlockLogImpl] WARN  block.DeletedBlockLogImpl (DeletedBlockLogImpl.java:commitTransactions(205)) - Transaction txId=1 commit by dnId=c9f1298e-d840-49d8-aac3-de81602aa1d5 for containerID=#1 failed. Corresponding entry not found.
2019-08-30 23:41:10,215 [EventQueue-DeleteBlockStatusForDeletedBlockLogImpl] DEBUG block.DeletedBlockLogImpl (DeletedBlockLogImpl.java:isTransactionFailed(245)) - Got block deletion ACK from datanode, TXIDs=1, success=true
2019-08-30 23:41:10,215 [EventQueue-DeleteBlockStatusForDeletedBlockLogImpl] WARN  block.DeletedBlockLogImpl (DeletedBlockLogImpl.java:commitTransactions(205)) - Transaction txId=1 commit by dnId=c9f1298e-d840-49d8-aac3-de81602aa1d5 for containerID=#1 failed. Corresponding entry not found.
2019-08-30 23:41:10,216 [EventQueue-DeleteBlockStatusForDeletedBlockLogImpl] DEBUG block.DeletedBlockLogImpl (DeletedBlockLogImpl.java:isTransactionFailed(245)) - Got block deletion ACK from datanode, TXIDs=1, success=true
2019-08-30 23:41:10,216 [EventQueue-DeleteBlockStatusForDeletedBlockLogImpl] WARN  block.DeletedBlockLogImpl (DeletedBlockLogImpl.java:commitTransactions(205)) - Transaction txId=1 commit by dnId=c9f1298e-d840-49d8-aac3-de81602aa1d5 for containerID=#1 failed. Corresponding entry not found.
2019-08-30 23:41:10,216 [EventQueue-DeleteBlockStatusForDeletedBlockLogImpl] DEBUG block.DeletedBlockLogImpl (DeletedBlockLogImpl.java:isTransactionFailed(245)) - Got block deletion ACK from datanode, TXIDs=1, success=true
2019-08-30 23:41:10,216 [EventQueue-DeleteBlockStatusForDeletedBlockLogImpl] WARN  block.DeletedBlockLogImpl (DeletedBlockLogImpl.java:commitTransactions(205)) - Transaction txId=1 commit by dnId=c9f1298e-d840-49d8-aac3-de81602aa1d5 for containerID=#1 failed. Corresponding entry not found.
2019-08-30 23:41:10,216 [EventQueue-DeleteBlockStatusForDeletedBlockLogImpl] DEBUG block.DeletedBlockLogImpl (DeletedBlockLogImpl.java:isTransactionFailed(245)) - Got block deletion ACK from datanode, TXIDs=1, success=true
2019-08-30 23:41:10,216 [EventQueue-DeleteBlockStatusForDeletedBlockLogImpl] WARN  block.DeletedBlockLogImpl (DeletedBlockLogImpl.java:commitTransactions(205)) - Transaction txId=1 commit by dnId=c9f1298e-d840-49d8-aac3-de81602aa1d5 for containerID=#1 failed. Corresponding entry not found.
2019-08-30 23:41:10,216 [EventQueue-DeleteBlockStatusForDeletedBlockLogImpl] DEBUG block.DeletedBlockLogImpl (DeletedBlockLogImpl.java:isTransactionFailed(245)) - Got block deletion ACK from datanode, TXIDs=1, success=true
2019-08-30 23:41:10,216 [EventQueue-DeleteBlockStatusForDeletedBlockLogImpl] WARN  block.DeletedBlockLogImpl (DeletedBlockLogImpl.java:commitTransactions(205)) - Transaction txId=1 commit by dnId=c9f1298e-d840-49d8-aac3-de81602aa1d5 for containerID=#1 failed. Corresponding entry not found.
2019-08-30 23:41:10,216 [EventQueue-DeleteBlockStatusForDeletedBlockLogImpl] DEBUG block.DeletedBlockLogImpl (DeletedBlockLogImpl.java:isTransactionFailed(245)) - Got block deletion ACK from datanode, TXIDs=1, success=true
2019-08-30 23:41:10,216 [EventQueue-DeleteBlockStatusForDeletedBlockLogImpl] WARN  block.DeletedBlockLogImpl (DeletedBlockLogImpl.java:commitTransactions(205)) - Transaction txId=1 commit by dnId=c9f1298e-d840-49d8-aac3-de81602aa1d5 for containerID=#1 failed. Corresponding entry not found.
2019-08-30 23:41:10,217 [EventQueue-DeleteBlockStatusForDeletedBlockLogImpl] DEBUG block.DeletedBlockLogImpl (DeletedBlockLogImpl.java:isTransactionFailed(245)) - Got block deletion ACK from datanode, TXIDs=1, success=true
2019-08-30 23:41:10,217 [EventQueue-DeleteBlockStatusForDeletedBlockLogImpl] WARN  block.DeletedBlockLogImpl (DeletedBlockLogImpl.java:commitTransactions(205)) - Transaction txId=1 commit by dnId=c9f1298e-d840-49d8-aac3-de81602aa1d5 for containerID=#1 failed. Corresponding entry not found.
2019-08-30 23:41:10,217 [EventQueue-DeleteBlockStatusForDeletedBlockLogImpl] DEBUG block.DeletedBlockLogImpl (DeletedBlockLogImpl.java:isTransactionFailed(245)) - Got block deletion ACK from datanode, TXIDs=1, success=true
2019-08-30 23:41:10,217 [EventQueue-DeleteBlockStatusForDeletedBlockLogImpl] WARN  block.DeletedBlockLogImpl (DeletedBlockLogImpl.java:commitTransactions(205)) - Transaction txId=1 commit by dnId=c9f1298e-d840-49d8-aac3-de81602aa1d5 for containerID=#1 failed. Corresponding entry not found.
2019-08-30 23:41:10,217 [EventQueue-DeleteBlockStatusForDeletedBlockLogImpl] DEBUG block.DeletedBlockLogImpl (DeletedBlockLogImpl.java:isTransactionFailed(245)) - Got block deletion ACK from datanode, TXIDs=1, success=true
2019-08-30 23:41:10,217 [EventQueue-DeleteBlockStatusForDeletedBlockLogImpl] WARN  block.DeletedBlockLogImpl (DeletedBlockLogImpl.java:commitTransactions(205)) - Transaction txId=1 commit by dnId=c9f1298e-d840-49d8-aac3-de81602aa1d5 for containerID=#1 failed. Corresponding entry not found.
2019-08-30 23:41:10,217 [EventQueue-DeleteBlockStatusForDeletedBlockLogImpl] DEBUG block.DeletedBlockLogImpl (DeletedBlockLogImpl.java:isTransactionFailed(245)) - Got block deletion ACK from datanode, TXIDs=1, success=true
2019-08-30 23:41:10,217 [EventQueue-DeleteBlockStatusForDeletedBlockLogImpl] WARN  block.DeletedBlockLogImpl (DeletedBlockLogImpl.java:commitTransactions(205)) - Transaction txId=1 commit by dnId=c9f1298e-d840-49d8-aac3-de81602aa1d5 for containerID=#1 failed. Corresponding entry not found.
2019-08-30 23:41:10,217 [EventQueue-DeleteBlockStatusForDeletedBlockLogImpl] DEBUG block.DeletedBlockLogImpl (DeletedBlockLogImpl.java:isTransactionFailed(245)) - Got block deletion ACK from datanode, TXIDs=1, success=true
2019-08-30 23:41:10,217 [EventQueue-DeleteBlockStatusForDeletedBlockLogImpl] WARN  block.DeletedBlockLogImpl (DeletedBlockLogImpl.java:commitTransactions(205)) - Transaction txId=1 commit by dnId=c9f1298e-d840-49d8-aac3-de81602aa1d5 for containerID=#1 failed. Corresponding entry not found.
2019-08-30 23:41:10,218 [EventQueue-DeleteBlockStatusForDeletedBlockLogImpl] DEBUG block.DeletedBlockLogImpl (DeletedBlockLogImpl.java:isTransactionFailed(245)) - Got block deletion ACK from datanode, TXIDs=1, success=true
2019-08-30 23:41:10,218 [EventQueue-DeleteBlockStatusForDeletedBlockLogImpl] WARN  block.DeletedBlockLogImpl (DeletedBlockLogImpl.java:commitTransactions(205)) - Transaction txId=1 commit by dnId=c9f1298e-d840-49d8-aac3-de81602aa1d5 for containerID=#1 failed. Corresponding entry not found.
2019-08-30 23:41:10,218 [EventQueue-DeleteBlockStatusForDeletedBlockLogImpl] DEBUG block.DeletedBlockLogImpl (DeletedBlockLogImpl.java:isTransactionFailed(245)) - Got block deletion ACK from datanode, TXIDs=1, success=true
2019-08-30 23:41:10,218 [EventQueue-DeleteBlockStatusForDeletedBlockLogImpl] WARN  block.DeletedBlockLogImpl (DeletedBlockLogImpl.java:commitTransactions(205)) - Transaction txId=1 commit by dnId=c9f1298e-d840-49d8-aac3-de81602aa1d5 for containerID=#1 failed. Corresponding entry not found.
2019-08-30 23:41:10,218 [EventQueue-DeleteBlockStatusForDeletedBlockLogImpl] DEBUG block.DeletedBlockLogImpl (DeletedBlockLogImpl.java:isTransactionFailed(245)) - Got block deletion ACK from datanode, TXIDs=1, success=true
2019-08-30 23:41:10,218 [EventQueue-DeleteBlockStatusForDeletedBlockLogImpl] WARN  block.DeletedBlockLogImpl (DeletedBlockLogImpl.java:commitTransactions(205)) - Transaction txId=1 commit by dnId=c9f1298e-d840-49d8-aac3-de81602aa1d5 for containerID=#1 failed. Corresponding entry not found.
2019-08-30 23:41:10,218 [EventQueue-DeleteBlockStatusForDeletedBlockLogImpl] DEBUG block.DeletedBlockLogImpl (DeletedBlockLogImpl.java:isTransactionFailed(245)) - Got block deletion ACK from datanode, TXIDs=1, success=true
2019-08-30 23:41:10,218 [EventQueue-DeleteBlockStatusForDeletedBlockLogImpl] WARN  block.DeletedBlockLogImpl (DeletedBlockLogImpl.java:commitTransactions(205)) - Transaction txId=1 commit by dnId=c9f1298e-d840-49d8-aac3-de81602aa1d5 for containerID=#1 failed. Corresponding entry not found.
2019-08-30 23:41:10,218 [EventQueue-DeleteBlockStatusForDeletedBlockLogImpl] DEBUG block.DeletedBlockLogImpl (DeletedBlockLogImpl.java:isTransactionFailed(245)) - Got block deletion ACK from datanode, TXIDs=1, success=true
2019-08-30 23:41:10,218 [EventQueue-DeleteBlockStatusForDeletedBlockLogImpl] WARN  block.DeletedBlockLogImpl (DeletedBlockLogImpl.java:commitTransactions(205)) - Transaction txId=1 commit by dnId=c9f1298e-d840-49d8-aac3-de81602aa1d5 for containerID=#1 failed. Corresponding entry not found.
2019-08-30 23:41:10,219 [EventQueue-DeleteBlockStatusForDeletedBlockLogImpl] DEBUG block.DeletedBlockLogImpl (DeletedBlockLogImpl.java:isTransactionFailed(245)) - Got block deletion ACK from datanode, TXIDs=1, success=true
2019-08-30 23:41:10,219 [EventQueue-DeleteBlockStatusForDeletedBlockLogImpl] WARN  block.DeletedBlockLogImpl (DeletedBlockLogImpl.java:commitTransactions(205)) - Transaction txId=1 commit by dnId=c9f1298e-d840-49d8-aac3-de81602aa1d5 for containerID=#1 failed. Corresponding entry not found.
2019-08-30 23:41:10,219 [EventQueue-DeleteBlockStatusForDeletedBlockLogImpl] DEBUG block.DeletedBlockLogImpl (DeletedBlockLogImpl.java:isTransactionFailed(245)) - Got block deletion ACK from datanode, TXIDs=1, success=true
2019-08-30 23:41:10,219 [EventQueue-DeleteBlockStatusForDeletedBlockLogImpl] WARN  block.DeletedBlockLogImpl (DeletedBlockLogImpl.java:commitTransactions(205)) - Transaction txId=1 commit by dnId=c9f1298e-d840-49d8-aac3-de81602aa1d5 for containerID=#1 failed. Corresponding entry not found.
2019-08-30 23:41:10,219 [EventQueue-DeleteBlockStatusForDeletedBlockLogImpl] DEBUG block.DeletedBlockLogImpl (DeletedBlockLogImpl.java:isTransactionFailed(245)) - Got block deletion ACK from datanode, TXIDs=1, success=true
2019-08-30 23:41:10,219 [EventQueue-DeleteBlockStatusForDeletedBlockLogImpl] WARN  block.DeletedBlockLogImpl (DeletedBlockLogImpl.java:commitTransactions(205)) - Transaction txId=1 commit by dnId=c9f1298e-d840-49d8-aac3-de81602aa1d5 for containerID=#1 failed. Corresponding entry not found.
2019-08-30 23:41:10,219 [EventQueue-DeleteBlockStatusForDeletedBlockLogImpl] DEBUG block.DeletedBlockLogImpl (DeletedBlockLogImpl.java:isTransactionFailed(245)) - Got block deletion ACK from datanode, TXIDs=1, success=true
2019-08-30 23:41:10,219 [EventQueue-DeleteBlockStatusForDeletedBlockLogImpl] WARN  block.DeletedBlockLogImpl (DeletedBlockLogImpl.java:commitTransactions(205)) - Transaction txId=1 commit by dnId=c9f1298e-d840-49d8-aac3-de81602aa1d5 for containerID=#1 failed. Corresponding entry not found.
2019-08-30 23:41:10,219 [EventQueue-DeleteBlockStatusForDeletedBlockLogImpl] DEBUG block.DeletedBlockLogImpl (DeletedBlockLogImpl.java:isTransactionFailed(245)) - Got block deletion ACK from datanode, TXIDs=1, success=true
2019-08-30 23:41:10,219 [EventQueue-DeleteBlockStatusForDeletedBlockLogImpl] WARN  block.DeletedBlockLogImpl (DeletedBlockLogImpl.java:commitTransactions(205)) - Transaction txId=1 commit by dnId=c9f1298e-d840-49d8-aac3-de81602aa1d5 for containerID=#1 failed. Corresponding entry not found.
2019-08-30 23:41:10,220 [EventQueue-DeleteBlockStatusForDeletedBlockLogImpl] DEBUG block.DeletedBlockLogImpl (DeletedBlockLogImpl.java:isTransactionFailed(245)) - Got block deletion ACK from datanode, TXIDs=1, success=true
2019-08-30 23:41:10,220 [EventQueue-DeleteBlockStatusForDeletedBlockLogImpl] WARN  block.DeletedBlockLogImpl (DeletedBlockLogImpl.java:commitTransactions(205)) - Transaction txId=1 commit by dnId=c9f1298e-d840-49d8-aac3-de81602aa1d5 for containerID=#1 failed. Corresponding entry not found.
2019-08-30 23:41:10,220 [EventQueue-DeleteBlockStatusForDeletedBlockLogImpl] DEBUG block.DeletedBlockLogImpl (DeletedBlockLogImpl.java:isTransactionFailed(245)) - Got block deletion ACK from datanode, TXIDs=1, success=true
2019-08-30 23:41:10,220 [EventQueue-DeleteBlockStatusForDeletedBlockLogImpl] WARN  block.DeletedBlockLogImpl (DeletedBlockLogImpl.java:commitTransactions(205)) - Transaction txId=1 commit by dnId=c9f1298e-d840-49d8-aac3-de81602aa1d5 for containerID=#1 failed. Corresponding entry not found.
2019-08-30 23:41:10,220 [EventQueue-DeleteBlockStatusForDeletedBlockLogImpl] DEBUG block.DeletedBlockLogImpl (DeletedBlockLogImpl.java:isTransactionFailed(245)) - Got block deletion ACK from datanode, TXIDs=1, success=true
2019-08-30 23:41:10,220 [EventQueue-DeleteBlockStatusForDeletedBlockLogImpl] WARN  block.DeletedBlockLogImpl (DeletedBlockLogImpl.java:commitTransactions(205)) - Transaction txId=1 commit by dnId=c9f1298e-d840-49d8-aac3-de81602aa1d5 for containerID=#1 failed. Corresponding entry not found.
2019-08-30 23:41:10,220 [EventQueue-DeleteBlockStatusForDeletedBlockLogImpl] DEBUG block.DeletedBlockLogImpl (DeletedBlockLogImpl.java:isTransactionFailed(245)) - Got block deletion ACK from datanode, TXIDs=1, success=true
2019-08-30 23:41:10,220 [EventQueue-DeleteBlockStatusForDeletedBlockLogImpl] WARN  block.DeletedBlockLogImpl (DeletedBlockLogImpl.java:commitTransactions(205)) - Transaction txId=1 commit by dnId=c9f1298e-d840-49d8-aac3-de81602aa1d5 for containerID=#1 failed. Corresponding entry not found.
2019-08-30 23:41:10,220 [EventQueue-DeleteBlockStatusForDeletedBlockLogImpl] DEBUG block.DeletedBlockLogImpl (DeletedBlockLogImpl.java:isTransactionFailed(245)) - Got block deletion ACK from datanode, TXIDs=1, success=true
2019-08-30 23:41:10,220 [EventQueue-DeleteBlockStatusForDeletedBlockLogImpl] WARN  block.DeletedBlockLogImpl (DeletedBlockLogImpl.java:commitTransactions(205)) - Transaction txId=1 commit by dnId=c9f1298e-d840-49d8-aac3-de81602aa1d5 for containerID=#1 failed. Corresponding entry not found.
2019-08-30 23:41:10,221 [EventQueue-DeleteBlockStatusForDeletedBlockLogImpl] DEBUG block.DeletedBlockLogImpl (DeletedBlockLogImpl.java:isTransactionFailed(245)) - Got block deletion ACK from datanode, TXIDs=1, success=true
2019-08-30 23:41:10,221 [EventQueue-DeleteBlockStatusForDeletedBlockLogImpl] WARN  block.DeletedBlockLogImpl (DeletedBlockLogImpl.java:commitTransactions(205)) - Transaction txId=1 commit by dnId=c9f1298e-d840-49d8-aac3-de81602aa1d5 for containerID=#1 failed. Corresponding entry not found.
2019-08-30 23:41:10,221 [EventQueue-DeleteBlockStatusForDeletedBlockLogImpl] DEBUG block.DeletedBlockLogImpl (DeletedBlockLogImpl.java:isTransactionFailed(245)) - Got block deletion ACK from datanode, TXIDs=1, success=true
2019-08-30 23:41:10,221 [EventQueue-DeleteBlockStatusForDeletedBlockLogImpl] WARN  block.DeletedBlockLogImpl (DeletedBlockLogImpl.java:commitTransactions(205)) - Transaction txId=1 commit by dnId=c9f1298e-d840-49d8-aac3-de81602aa1d5 for containerID=#1 failed. Corresponding entry not found.
2019-08-30 23:41:10,221 [EventQueue-DeleteBlockStatusForDeletedBlockLogImpl] DEBUG block.DeletedBlockLogImpl (DeletedBlockLogImpl.java:isTransactionFailed(245)) - Got block deletion ACK from datanode, TXIDs=1, success=true
2019-08-30 23:41:10,221 [EventQueue-DeleteBlockStatusForDeletedBlockLogImpl] WARN  block.DeletedBlockLogImpl (DeletedBlockLogImpl.java:commitTransactions(205)) - Transaction txId=1 commit by dnId=c9f1298e-d840-49d8-aac3-de81602aa1d5 for containerID=#1 failed. Corresponding entry not found.
2019-08-30 23:41:10,221 [IPC Server handler 15 on 43891] WARN  block.DeletedBlockLogImpl (DeletedBlockLogImpl.java:incrementCount(141)) - Deleted TXID not found.
2019-08-30 23:41:10,221 [IPC Server handler 15 on 43891] WARN  block.DeletedBlockLogImpl (DeletedBlockLogImpl.java:incrementCount(141)) - Deleted TXID not found.
2019-08-30 23:41:10,222 [IPC Server handler 15 on 43891] WARN  block.DeletedBlockLogImpl (DeletedBlockLogImpl.java:incrementCount(141)) - Deleted TXID not found.
2019-08-30 23:41:10,222 [IPC Server handler 15 on 43891] WARN  block.DeletedBlockLogImpl (DeletedBlockLogImpl.java:incrementCount(141)) - Deleted TXID not found.
2019-08-30 23:41:10,222 [IPC Server handler 15 on 43891] WARN  block.DeletedBlockLogImpl (DeletedBlockLogImpl.java:incrementCount(141)) - Deleted TXID not found.
2019-08-30 23:41:10,222 [IPC Server handler 15 on 43891] WARN  block.DeletedBlockLogImpl (DeletedBlockLogImpl.java:incrementCount(141)) - Deleted TXID not found.
2019-08-30 23:41:10,222 [IPC Server handler 15 on 43891] WARN  block.DeletedBlockLogImpl (DeletedBlockLogImpl.java:incrementCount(141)) - Deleted TXID not found.
2019-08-30 23:41:10,222 [IPC Server handler 15 on 43891] WARN  block.DeletedBlockLogImpl (DeletedBlockLogImpl.java:incrementCount(141)) - Deleted TXID not found.
2019-08-30 23:41:10,222 [IPC Server handler 15 on 43891] WARN  block.DeletedBlockLogImpl (DeletedBlockLogImpl.java:incrementCount(141)) - Deleted TXID not found.
2019-08-30 23:41:10,223 [IPC Server handler 15 on 43891] WARN  block.DeletedBlockLogImpl (DeletedBlockLogImpl.java:incrementCount(141)) - Deleted TXID not found.
2019-08-30 23:41:10,223 [IPC Server handler 15 on 43891] WARN  block.DeletedBlockLogImpl (DeletedBlockLogImpl.java:incrementCount(141)) - Deleted TXID not found.
2019-08-30 23:41:10,223 [IPC Server handler 15 on 43891] WARN  block.DeletedBlockLogImpl (DeletedBlockLogImpl.java:incrementCount(141)) - Deleted TXID not found.
2019-08-30 23:41:10,223 [IPC Server handler 15 on 43891] WARN  block.DeletedBlockLogImpl (DeletedBlockLogImpl.java:incrementCount(141)) - Deleted TXID not found.
2019-08-30 23:41:10,223 [IPC Server handler 15 on 43891] WARN  block.DeletedBlockLogImpl (DeletedBlockLogImpl.java:incrementCount(141)) - Deleted TXID not found.
2019-08-30 23:41:10,223 [IPC Server handler 15 on 43891] WARN  block.DeletedBlockLogImpl (DeletedBlockLogImpl.java:incrementCount(141)) - Deleted TXID not found.
2019-08-30 23:41:10,223 [IPC Server handler 15 on 43891] WARN  block.DeletedBlockLogImpl (DeletedBlockLogImpl.java:incrementCount(141)) - Deleted TXID not found.
2019-08-30 23:41:10,224 [IPC Server handler 15 on 43891] WARN  block.DeletedBlockLogImpl (DeletedBlockLogImpl.java:incrementCount(141)) - Deleted TXID not found.
2019-08-30 23:41:10,224 [IPC Server handler 15 on 43891] WARN  block.DeletedBlockLogImpl (DeletedBlockLogImpl.java:incrementCount(141)) - Deleted TXID not found.
2019-08-30 23:41:10,224 [IPC Server handler 15 on 43891] WARN  block.DeletedBlockLogImpl (DeletedBlockLogImpl.java:incrementCount(141)) - Deleted TXID not found.
2019-08-30 23:41:10,224 [IPC Server handler 15 on 43891] WARN  block.DeletedBlockLogImpl (DeletedBlockLogImpl.java:incrementCount(141)) - Deleted TXID not found.
2019-08-30 23:41:10,224 [IPC Server handler 15 on 43891] WARN  block.DeletedBlockLogImpl (DeletedBlockLogImpl.java:incrementCount(141)) - Deleted TXID not found.
2019-08-30 23:41:10,224 [IPC Server handler 15 on 43891] WARN  block.DeletedBlockLogImpl (DeletedBlockLogImpl.java:incrementCount(141)) - Deleted TXID not found.
2019-08-30 23:41:10,225 [IPC Server handler 15 on 43891] WARN  block.DeletedBlockLogImpl (DeletedBlockLogImpl.java:incrementCount(141)) - Deleted TXID not found.
2019-08-30 23:41:10,225 [IPC Server handler 15 on 43891] WARN  block.DeletedBlockLogImpl (DeletedBlockLogImpl.java:incrementCount(141)) - Deleted TXID not found.
2019-08-30 23:41:10,225 [IPC Server handler 15 on 43891] WARN  block.DeletedBlockLogImpl (DeletedBlockLogImpl.java:incrementCount(141)) - Deleted TXID not found.
2019-08-30 23:41:10,225 [IPC Server handler 15 on 43891] WARN  block.DeletedBlockLogImpl (DeletedBlockLogImpl.java:incrementCount(141)) - Deleted TXID not found.
2019-08-30 23:41:10,225 [IPC Server handler 15 on 43891] WARN  block.DeletedBlockLogImpl (DeletedBlockLogImpl.java:incrementCount(141)) - Deleted TXID not found.
2019-08-30 23:41:10,225 [IPC Server handler 15 on 43891] WARN  block.DeletedBlockLogImpl (DeletedBlockLogImpl.java:incrementCount(141)) - Deleted TXID not found.
2019-08-30 23:41:10,225 [IPC Server handler 15 on 43891] WARN  block.DeletedBlockLogImpl (DeletedBlockLogImpl.java:incrementCount(141)) - Deleted TXID not found.
2019-08-30 23:41:10,226 [IPC Server handler 15 on 43891] WARN  block.DeletedBlockLogImpl (DeletedBlockLogImpl.java:incrementCount(141)) - Deleted TXID not found.
2019-08-30 23:41:10,226 [IPC Server handler 15 on 43891] WARN  block.DeletedBlockLogImpl (DeletedBlockLogImpl.java:incrementCount(141)) - Deleted TXID not found.
2019-08-30 23:41:10,226 [IPC Server handler 15 on 43891] WARN  block.DeletedBlockLogImpl (DeletedBlockLogImpl.java:incrementCount(141)) - Deleted TXID not found.
2019-08-30 23:41:10,226 [IPC Server handler 15 on 43891] WARN  block.DeletedBlockLogImpl (DeletedBlockLogImpl.java:incrementCount(141)) - Deleted TXID not found.
2019-08-30 23:41:10,226 [IPC Server handler 15 on 43891] WARN  block.DeletedBlockLogImpl (DeletedBlockLogImpl.java:incrementCount(141)) - Deleted TXID not found.
2019-08-30 23:41:10,226 [IPC Server handler 15 on 43891] WARN  block.DeletedBlockLogImpl (DeletedBlockLogImpl.java:incrementCount(141)) - Deleted TXID not found.
2019-08-30 23:41:10,226 [IPC Server handler 15 on 43891] WARN  block.DeletedBlockLogImpl (DeletedBlockLogImpl.java:incrementCount(141)) - Deleted TXID not found.
2019-08-30 23:41:10,227 [IPC Server handler 15 on 43891] WARN  block.DeletedBlockLogImpl (DeletedBlockLogImpl.java:incrementCount(141)) - Deleted TXID not found.
2019-08-30 23:41:10,227 [IPC Server handler 15 on 43891] WARN  block.DeletedBlockLogImpl (DeletedBlockLogImpl.java:incrementCount(141)) - Deleted TXID not found.
2019-08-30 23:41:10,227 [IPC Server handler 15 on 43891] WARN  block.DeletedBlockLogImpl (DeletedBlockLogImpl.java:incrementCount(141)) - Deleted TXID not found.
2019-08-30 23:41:10,227 [IPC Server handler 15 on 43891] WARN  block.DeletedBlockLogImpl (DeletedBlockLogImpl.java:incrementCount(141)) - Deleted TXID not found.
2019-08-30 23:41:10,227 [IPC Server handler 15 on 43891] WARN  block.DeletedBlockLogImpl (DeletedBlockLogImpl.java:incrementCount(141)) - Deleted TXID not found.
2019-08-30 23:41:10,227 [IPC Server handler 15 on 43891] WARN  block.DeletedBlockLogImpl (DeletedBlockLogImpl.java:incrementCount(141)) - Deleted TXID not found.
2019-08-30 23:41:10,227 [IPC Server handler 15 on 43891] WARN  block.DeletedBlockLogImpl (DeletedBlockLogImpl.java:incrementCount(141)) - Deleted TXID not found.
2019-08-30 23:41:10,228 [IPC Server handler 15 on 43891] WARN  block.DeletedBlockLogImpl (DeletedBlockLogImpl.java:incrementCount(141)) - Deleted TXID not found.
2019-08-30 23:41:10,228 [IPC Server handler 15 on 43891] WARN  block.DeletedBlockLogImpl (DeletedBlockLogImpl.java:incrementCount(141)) - Deleted TXID not found.
2019-08-30 23:41:10,228 [IPC Server handler 15 on 43891] WARN  block.DeletedBlockLogImpl (DeletedBlockLogImpl.java:incrementCount(141)) - Deleted TXID not found.
2019-08-30 23:41:10,228 [IPC Server handler 15 on 43891] WARN  block.DeletedBlockLogImpl (DeletedBlockLogImpl.java:incrementCount(141)) - Deleted TXID not found.
2019-08-30 23:41:10,228 [IPC Server handler 15 on 43891] WARN  block.DeletedBlockLogImpl (DeletedBlockLogImpl.java:incrementCount(141)) - Deleted TXID not found.
2019-08-30 23:41:10,228 [IPC Server handler 15 on 43891] WARN  block.DeletedBlockLogImpl (DeletedBlockLogImpl.java:incrementCount(141)) - Deleted TXID not found.
2019-08-30 23:41:10,228 [IPC Server handler 15 on 43891] WARN  block.DeletedBlockLogImpl (DeletedBlockLogImpl.java:incrementCount(141)) - Deleted TXID not found.
2019-08-30 23:41:10,229 [IPC Server handler 15 on 43891] WARN  block.DeletedBlockLogImpl (DeletedBlockLogImpl.java:incrementCount(141)) - Deleted TXID not found.
2019-08-30 23:41:10,229 [IPC Server handler 15 on 43891] WARN  block.DeletedBlockLogImpl (DeletedBlockLogImpl.java:incrementCount(141)) - Deleted TXID not found.
2019-08-30 23:41:10,229 [IPC Server handler 15 on 43891] WARN  block.DeletedBlockLogImpl (DeletedBlockLogImpl.java:incrementCount(141)) - Deleted TXID not found.
2019-08-30 23:41:10,229 [IPC Server handler 15 on 43891] WARN  block.DeletedBlockLogImpl (DeletedBlockLogImpl.java:incrementCount(141)) - Deleted TXID not found.
2019-08-30 23:41:10,229 [IPC Server handler 15 on 43891] WARN  block.DeletedBlockLogImpl (DeletedBlockLogImpl.java:incrementCount(141)) - Deleted TXID not found.
2019-08-30 23:41:10,229 [IPC Server handler 15 on 43891] WARN  block.DeletedBlockLogImpl (DeletedBlockLogImpl.java:incrementCount(141)) - Deleted TXID not found.
2019-08-30 23:41:10,229 [IPC Server handler 15 on 43891] WARN  block.DeletedBlockLogImpl (DeletedBlockLogImpl.java:incrementCount(141)) - Deleted TXID not found.
2019-08-30 23:41:10,273 [pool-7-thread-6] INFO  commands.RetriableDatanodeEventWatcher (RetriableDatanodeEventWatcher.java:onTimeout(47)) - RetriableDatanodeCommand type=deleteBlocksCommand with id=1567208456094 timed out. Retrying.
2019-08-30 23:41:10,285 [SCMBlockDeletingService#0] DEBUG block.SCMBlockDeletingService (SCMBlockDeletingService.java:call(138)) - Running DeletedBlockTransactionScanner
2019-08-30 23:41:10,285 [SCMBlockDeletingService#0] DEBUG block.SCMBlockDeletingService (SCMBlockDeletingService.java:call(155)) - Scanned deleted blocks log and got 0 delTX to process.
2019-08-30 23:41:10,375 [pool-7-thread-6] INFO  commands.RetriableDatanodeEventWatcher (RetriableDatanodeEventWatcher.java:onTimeout(47)) - RetriableDatanodeCommand type=deleteBlocksCommand with id=1567208456095 timed out. Retrying.
2019-08-30 23:41:10,382 [IPC Server handler 3 on 43891] WARN  block.DeletedBlockLogImpl (DeletedBlockLogImpl.java:incrementCount(141)) - Deleted TXID not found.
2019-08-30 23:41:10,382 [IPC Server handler 3 on 43891] WARN  block.DeletedBlockLogImpl (DeletedBlockLogImpl.java:incrementCount(141)) - Deleted TXID not found.
2019-08-30 23:41:10,382 [EventQueue-DeleteBlockStatusForEventWatcher$$Lambda$30/27362884] WARN  events.EventWatcher (EventWatcher.java:lambda$start$0(110)) - Completion event without active lease. Id=1567208456071
2019-08-30 23:41:10,382 [IPC Server handler 3 on 43891] WARN  block.DeletedBlockLogImpl (DeletedBlockLogImpl.java:incrementCount(141)) - Deleted TXID not found.
2019-08-30 23:41:10,382 [EventQueue-DeleteBlockStatusForEventWatcher$$Lambda$30/27362884] WARN  events.EventWatcher (EventWatcher.java:lambda$start$0(110)) - Completion event without active lease. Id=1567208456070
2019-08-30 23:41:10,383 [IPC Server handler 3 on 43891] WARN  block.DeletedBlockLogImpl (DeletedBlockLogImpl.java:incrementCount(141)) - Deleted TXID not found.
2019-08-30 23:41:10,383 [EventQueue-DeleteBlockStatusForEventWatcher$$Lambda$30/27362884] WARN  events.EventWatcher (EventWatcher.java:lambda$start$0(110)) - Completion event without active lease. Id=1567208456081
2019-08-30 23:41:10,383 [IPC Server handler 3 on 43891] WARN  block.DeletedBlockLogImpl (DeletedBlockLogImpl.java:incrementCount(141)) - Deleted TXID not found.
2019-08-30 23:41:10,383 [EventQueue-DeleteBlockStatusForEventWatcher$$Lambda$30/27362884] WARN  events.EventWatcher (EventWatcher.java:lambda$start$0(110)) - Completion event without active lease. Id=1567208456080
2019-08-30 23:41:10,383 [IPC Server handler 3 on 43891] WARN  block.DeletedBlockLogImpl (DeletedBlockLogImpl.java:incrementCount(141)) - Deleted TXID not found.
2019-08-30 23:41:10,383 [EventQueue-DeleteBlockStatusForEventWatcher$$Lambda$30/27362884] WARN  events.EventWatcher (EventWatcher.java:lambda$start$0(110)) - Completion event without active lease. Id=1567208455963
2019-08-30 23:41:10,383 [EventQueue-DeleteBlockStatusForDeletedBlockLogImpl] DEBUG block.DeletedBlockLogImpl (DeletedBlockLogImpl.java:isTransactionFailed(245)) - Got block deletion ACK from datanode, TXIDs=1, success=true
2019-08-30 23:41:10,383 [EventQueue-DeleteBlockStatusForEventWatcher$$Lambda$30/27362884] WARN  events.EventWatcher (EventWatcher.java:lambda$start$0(110)) - Completion event without active lease. Id=1567208455982
2019-08-30 23:41:10,384 [EventQueue-DeleteBlockStatusForDeletedBlockLogImpl] WARN  block.DeletedBlockLogImpl (DeletedBlockLogImpl.java:commitTransactions(205)) - Transaction txId=1 commit by dnId=c9f1298e-d840-49d8-aac3-de81602aa1d5 for containerID=#1 failed. Corresponding entry not found.
2019-08-30 23:41:10,384 [EventQueue-DeleteBlockStatusForEventWatcher$$Lambda$30/27362884] WARN  events.EventWatcher (EventWatcher.java:lambda$start$0(110)) - Completion event without active lease. Id=1567208455981
2019-08-30 23:41:10,384 [EventQueue-DeleteBlockStatusForDeletedBlockLogImpl] DEBUG block.DeletedBlockLogImpl (DeletedBlockLogImpl.java:isTransactionFailed(245)) - Got block deletion ACK from datanode, TXIDs=1, success=true
2019-08-30 23:41:10,384 [EventQueue-DeleteBlockStatusForEventWatcher$$Lambda$30/27362884] WARN  events.EventWatcher (EventWatcher.java:lambda$start$0(110)) - Completion event without active lease. Id=1567208455971
2019-08-30 23:41:10,384 [EventQueue-DeleteBlockStatusForDeletedBlockLogImpl] WARN  block.DeletedBlockLogImpl (DeletedBlockLogImpl.java:commitTransactions(205)) - Transaction txId=1 commit by dnId=c9f1298e-d840-49d8-aac3-de81602aa1d5 for containerID=#1 failed. Corresponding entry not found.
2019-08-30 23:41:10,384 [EventQueue-DeleteBlockStatusForEventWatcher$$Lambda$30/27362884] WARN  events.EventWatcher (EventWatcher.java:lambda$start$0(110)) - Completion event without active lease. Id=1567208455972
2019-08-30 23:41:10,384 [EventQueue-DeleteBlockStatusForDeletedBlockLogImpl] DEBUG block.DeletedBlockLogImpl (DeletedBlockLogImpl.java:isTransactionFailed(245)) - Got block deletion ACK from datanode, TXIDs=1, success=true
2019-08-30 23:41:10,384 [EventQueue-DeleteBlockStatusForEventWatcher$$Lambda$30/27362884] WARN  events.EventWatcher (EventWatcher.java:lambda$start$0(110)) - Completion event without active lease. Id=1567208455992
2019-08-30 23:41:10,384 [EventQueue-DeleteBlockStatusForDeletedBlockLogImpl] WARN  block.DeletedBlockLogImpl (DeletedBlockLogImpl.java:commitTransactions(205)) - Transaction txId=1 commit by dnId=c9f1298e-d840-49d8-aac3-de81602aa1d5 for containerID=#1 failed. Corresponding entry not found.
2019-08-30 23:41:10,385 [EventQueue-DeleteBlockStatusForEventWatcher$$Lambda$30/27362884] WARN  events.EventWatcher (EventWatcher.java:lambda$start$0(110)) - Completion event without active lease. Id=1567208455991
2019-08-30 23:41:10,385 [EventQueue-DeleteBlockStatusForDeletedBlockLogImpl] DEBUG block.DeletedBlockLogImpl (DeletedBlockLogImpl.java:isTransactionFailed(245)) - Got block deletion ACK from datanode, TXIDs=1, success=true
2019-08-30 23:41:10,385 [EventQueue-DeleteBlockStatusForDeletedBlockLogImpl] WARN  block.DeletedBlockLogImpl (DeletedBlockLogImpl.java:commitTransactions(205)) - Transaction txId=1 commit by dnId=c9f1298e-d840-49d8-aac3-de81602aa1d5 for containerID=#1 failed. Corresponding entry not found.
2019-08-30 23:41:10,385 [EventQueue-DeleteBlockStatusForEventWatcher$$Lambda$30/27362884] WARN  events.EventWatcher (EventWatcher.java:lambda$start$0(110)) - Completion event without active lease. Id=1567208456011
2019-08-30 23:41:10,385 [EventQueue-DeleteBlockStatusForDeletedBlockLogImpl] DEBUG block.DeletedBlockLogImpl (DeletedBlockLogImpl.java:isTransactionFailed(245)) - Got block deletion ACK from datanode, TXIDs=1, success=true
2019-08-30 23:41:10,385 [EventQueue-DeleteBlockStatusForEventWatcher$$Lambda$30/27362884] WARN  events.EventWatcher (EventWatcher.java:lambda$start$0(110)) - Completion event without active lease. Id=1567208456012
2019-08-30 23:41:10,385 [EventQueue-DeleteBlockStatusForDeletedBlockLogImpl] WARN  block.DeletedBlockLogImpl (DeletedBlockLogImpl.java:commitTransactions(205)) - Transaction txId=1 commit by dnId=c9f1298e-d840-49d8-aac3-de81602aa1d5 for containerID=#1 failed. Corresponding entry not found.
2019-08-30 23:41:10,385 [EventQueue-DeleteBlockStatusForEventWatcher$$Lambda$30/27362884] WARN  events.EventWatcher (EventWatcher.java:lambda$start$0(110)) - Completion event without active lease. Id=1567208456002
2019-08-30 23:41:10,385 [EventQueue-DeleteBlockStatusForDeletedBlockLogImpl] DEBUG block.DeletedBlockLogImpl (DeletedBlockLogImpl.java:isTransactionFailed(245)) - Got block deletion ACK from datanode, TXIDs=1, success=true
2019-08-30 23:41:10,385 [EventQueue-DeleteBlockStatusForEventWatcher$$Lambda$30/27362884] WARN  events.EventWatcher (EventWatcher.java:lambda$start$0(110)) - Completion event without active lease. Id=1567208456001
2019-08-30 23:41:10,386 [EventQueue-DeleteBlockStatusForDeletedBlockLogImpl] WARN  block.DeletedBlockLogImpl (DeletedBlockLogImpl.java:commitTransactions(205)) - Transaction txId=1 commit by dnId=c9f1298e-d840-49d8-aac3-de81602aa1d5 for containerID=#1 failed. Corresponding entry not found.
2019-08-30 23:41:10,386 [SCMBlockDeletingService#0] DEBUG block.SCMBlockDeletingService (SCMBlockDeletingService.java:call(138)) - Running DeletedBlockTransactionScanner
2019-08-30 23:41:10,386 [EventQueue-DeleteBlockStatusForEventWatcher$$Lambda$30/27362884] WARN  events.EventWatcher (EventWatcher.java:lambda$start$0(110)) - Completion event without active lease. Id=1567208456031
2019-08-30 23:41:10,386 [EventQueue-DeleteBlockStatusForDeletedBlockLogImpl] DEBUG block.DeletedBlockLogImpl (DeletedBlockLogImpl.java:isTransactionFailed(245)) - Got block deletion ACK from datanode, TXIDs=1, success=true
2019-08-30 23:41:10,386 [EventQueue-DeleteBlockStatusForEventWatcher$$Lambda$30/27362884] WARN  events.EventWatcher (EventWatcher.java:lambda$start$0(110)) - Completion event without active lease. Id=1567208456022
2019-08-30 23:41:10,386 [EventQueue-DeleteBlockStatusForDeletedBlockLogImpl] WARN  block.DeletedBlockLogImpl (DeletedBlockLogImpl.java:commitTransactions(205)) - Transaction txId=1 commit by dnId=c9f1298e-d840-49d8-aac3-de81602aa1d5 for containerID=#1 failed. Corresponding entry not found.
2019-08-30 23:41:10,386 [EventQueue-DeleteBlockStatusForEventWatcher$$Lambda$30/27362884] WARN  events.EventWatcher (EventWatcher.java:lambda$start$0(110)) - Completion event without active lease. Id=1567208456021
2019-08-30 23:41:10,386 [EventQueue-DeleteBlockStatusForDeletedBlockLogImpl] DEBUG block.DeletedBlockLogImpl (DeletedBlockLogImpl.java:isTransactionFailed(245)) - Got block deletion ACK from datanode, TXIDs=1, success=true
2019-08-30 23:41:10,386 [EventQueue-DeleteBlockStatusForEventWatcher$$Lambda$30/27362884] WARN  events.EventWatcher (EventWatcher.java:lambda$start$0(110)) - Completion event without active lease. Id=1567208456041
2019-08-30 23:41:10,387 [EventQueue-DeleteBlockStatusForDeletedBlockLogImpl] WARN  block.DeletedBlockLogImpl (DeletedBlockLogImpl.java:commitTransactions(205)) - Transaction txId=1 commit by dnId=c9f1298e-d840-49d8-aac3-de81602aa1d5 for containerID=#1 failed. Corresponding entry not found.
2019-08-30 23:41:10,387 [EventQueue-DeleteBlockStatusForEventWatcher$$Lambda$30/27362884] WARN  events.EventWatcher (EventWatcher.java:lambda$start$0(110)) - Completion event without active lease. Id=1567208456040
2019-08-30 23:41:10,387 [EventQueue-DeleteBlockStatusForDeletedBlockLogImpl] DEBUG block.DeletedBlockLogImpl (DeletedBlockLogImpl.java:isTransactionFailed(245)) - Got block deletion ACK from datanode, TXIDs=1, success=true
2019-08-30 23:41:10,387 [EventQueue-DeleteBlockStatusForEventWatcher$$Lambda$30/27362884] WARN  events.EventWatcher (EventWatcher.java:lambda$start$0(110)) - Completion event without active lease. Id=1567208456032
2019-08-30 23:41:10,387 [EventQueue-DeleteBlockStatusForDeletedBlockLogImpl] WARN  block.DeletedBlockLogImpl (DeletedBlockLogImpl.java:commitTransactions(205)) - Transaction txId=1 commit by dnId=c9f1298e-d840-49d8-aac3-de81602aa1d5 for containerID=#1 failed. Corresponding entry not found.
2019-08-30 23:41:10,387 [EventQueue-DeleteBlockStatusForEventWatcher$$Lambda$30/27362884] WARN  events.EventWatcher (EventWatcher.java:lambda$start$0(110)) - Completion event without active lease. Id=1567208456061
2019-08-30 23:41:10,387 [EventQueue-DeleteBlockStatusForDeletedBlockLogImpl] DEBUG block.DeletedBlockLogImpl (DeletedBlockLogImpl.java:isTransactionFailed(245)) - Got block deletion ACK from datanode, TXIDs=1, success=true
2019-08-30 23:41:10,387 [EventQueue-DeleteBlockStatusForEventWatcher$$Lambda$30/27362884] WARN  events.EventWatcher (EventWatcher.java:lambda$start$0(110)) - Completion event without active lease. Id=1567208456060
2019-08-30 23:41:10,387 [EventQueue-DeleteBlockStatusForDeletedBlockLogImpl] WARN  block.DeletedBlockLogImpl (DeletedBlockLogImpl.java:commitTransactions(205)) - Transaction txId=1 commit by dnId=c9f1298e-d840-49d8-aac3-de81602aa1d5 for containerID=#1 failed. Corresponding entry not found.
2019-08-30 23:41:10,388 [EventQueue-DeleteBlockStatusForEventWatcher$$Lambda$30/27362884] WARN  events.EventWatcher (EventWatcher.java:lambda$start$0(110)) - Completion event without active lease. Id=1567208456051
2019-08-30 23:41:10,388 [EventQueue-DeleteBlockStatusForDeletedBlockLogImpl] DEBUG block.DeletedBlockLogImpl (DeletedBlockLogImpl.java:isTransactionFailed(245)) - Got block deletion ACK from datanode, TXIDs=1, success=true
2019-08-30 23:41:10,388 [EventQueue-DeleteBlockStatusForEventWatcher$$Lambda$30/27362884] WARN  events.EventWatcher (EventWatcher.java:lambda$start$0(110)) - Completion event without active lease. Id=1567208456050
2019-08-30 23:41:10,388 [EventQueue-DeleteBlockStatusForDeletedBlockLogImpl] WARN  block.DeletedBlockLogImpl (DeletedBlockLogImpl.java:commitTransactions(205)) - Transaction txId=1 commit by dnId=c9f1298e-d840-49d8-aac3-de81602aa1d5 for containerID=#1 failed. Corresponding entry not found.
2019-08-30 23:41:10,388 [EventQueue-DeleteBlockStatusForDeletedBlockLogImpl] DEBUG block.DeletedBlockLogImpl (DeletedBlockLogImpl.java:isTransactionFailed(245)) - Got block deletion ACK from datanode, TXIDs=1, success=true
2019-08-30 23:41:10,388 [EventQueue-DeleteBlockStatusForDeletedBlockLogImpl] WARN  block.DeletedBlockLogImpl (DeletedBlockLogImpl.java:commitTransactions(205)) - Transaction txId=1 commit by dnId=c9f1298e-d840-49d8-aac3-de81602aa1d5 for containerID=#1 failed. Corresponding entry not found.
2019-08-30 23:41:10,388 [EventQueue-DeleteBlockStatusForDeletedBlockLogImpl] DEBUG block.DeletedBlockLogImpl (DeletedBlockLogImpl.java:isTransactionFailed(245)) - Got block deletion ACK from datanode, TXIDs=1, success=true
2019-08-30 23:41:10,388 [EventQueue-DeleteBlockStatusForDeletedBlockLogImpl] WARN  block.DeletedBlockLogImpl (DeletedBlockLogImpl.java:commitTransactions(205)) - Transaction txId=1 commit by dnId=c9f1298e-d840-49d8-aac3-de81602aa1d5 for containerID=#1 failed. Corresponding entry not found.
2019-08-30 23:41:10,389 [EventQueue-DeleteBlockStatusForDeletedBlockLogImpl] DEBUG block.DeletedBlockLogImpl (DeletedBlockLogImpl.java:isTransactionFailed(245)) - Got block deletion ACK from datanode, TXIDs=1, success=true
2019-08-30 23:41:10,389 [EventQueue-DeleteBlockStatusForDeletedBlockLogImpl] WARN  block.DeletedBlockLogImpl (DeletedBlockLogImpl.java:commitTransactions(205)) - Transaction txId=1 commit by dnId=c9f1298e-d840-49d8-aac3-de81602aa1d5 for containerID=#1 failed. Corresponding entry not found.
2019-08-30 23:41:10,389 [EventQueue-DeleteBlockStatusForDeletedBlockLogImpl] DEBUG block.DeletedBlockLogImpl (DeletedBlockLogImpl.java:isTransactionFailed(245)) - Got block deletion ACK from datanode, TXIDs=1, success=true
2019-08-30 23:41:10,389 [EventQueue-DeleteBlockStatusForDeletedBlockLogImpl] WARN  block.DeletedBlockLogImpl (DeletedBlockLogImpl.java:commitTransactions(205)) - Transaction txId=1 commit by dnId=c9f1298e-d840-49d8-aac3-de81602aa1d5 for containerID=#1 failed. Corresponding entry not found.
2019-08-30 23:41:10,389 [EventQueue-DeleteBlockStatusForDeletedBlockLogImpl] DEBUG block.DeletedBlockLogImpl (DeletedBlockLogImpl.java:isTransactionFailed(245)) - Got block deletion ACK from datanode, TXIDs=1, success=true
2019-08-30 23:41:10,389 [EventQueue-DeleteBlockStatusForDeletedBlockLogImpl] WARN  block.DeletedBlockLogImpl (DeletedBlockLogImpl.java:commitTransactions(205)) - Transaction txId=1 commit by dnId=c9f1298e-d840-49d8-aac3-de81602aa1d5 for containerID=#1 failed. Corresponding entry not found.
2019-08-30 23:41:10,389 [EventQueue-DeleteBlockStatusForDeletedBlockLogImpl] DEBUG block.DeletedBlockLogImpl (DeletedBlockLogImpl.java:isTransactionFailed(245)) - Got block deletion ACK from datanode, TXIDs=1, success=true
2019-08-30 23:41:10,389 [EventQueue-DeleteBlockStatusForDeletedBlockLogImpl] WARN  block.DeletedBlockLogImpl (DeletedBlockLogImpl.java:commitTransactions(205)) - Transaction txId=1 commit by dnId=c9f1298e-d840-49d8-aac3-de81602aa1d5 for containerID=#1 failed. Corresponding entry not found.
2019-08-30 23:41:10,389 [EventQueue-DeleteBlockStatusForDeletedBlockLogImpl] DEBUG block.DeletedBlockLogImpl (DeletedBlockLogImpl.java:isTransactionFailed(245)) - Got block deletion ACK from datanode, TXIDs=1, success=true
2019-08-30 23:41:10,389 [EventQueue-DeleteBlockStatusForDeletedBlockLogImpl] WARN  block.DeletedBlockLogImpl (DeletedBlockLogImpl.java:commitTransactions(205)) - Transaction txId=1 commit by dnId=c9f1298e-d840-49d8-aac3-de81602aa1d5 for containerID=#1 failed. Corresponding entry not found.
2019-08-30 23:41:10,390 [EventQueue-DeleteBlockStatusForDeletedBlockLogImpl] DEBUG block.DeletedBlockLogImpl (DeletedBlockLogImpl.java:isTransactionFailed(245)) - Got block deletion ACK from datanode, TXIDs=1, success=true
2019-08-30 23:41:10,390 [EventQueue-DeleteBlockStatusForDeletedBlockLogImpl] WARN  block.DeletedBlockLogImpl (DeletedBlockLogImpl.java:commitTransactions(205)) - Transaction txId=1 commit by dnId=c9f1298e-d840-49d8-aac3-de81602aa1d5 for containerID=#1 failed. Corresponding entry not found.
2019-08-30 23:41:10,390 [EventQueue-DeleteBlockStatusForDeletedBlockLogImpl] DEBUG block.DeletedBlockLogImpl (DeletedBlockLogImpl.java:isTransactionFailed(245)) - Got block deletion ACK from datanode, TXIDs=1, success=true
2019-08-30 23:41:10,390 [EventQueue-DeleteBlockStatusForDeletedBlockLogImpl] WARN  block.DeletedBlockLogImpl (DeletedBlockLogImpl.java:commitTransactions(205)) - Transaction txId=1 commit by dnId=c9f1298e-d840-49d8-aac3-de81602aa1d5 for containerID=#1 failed. Corresponding entry not found.
2019-08-30 23:41:10,390 [EventQueue-DeleteBlockStatusForDeletedBlockLogImpl] DEBUG block.DeletedBlockLogImpl (DeletedBlockLogImpl.java:isTransactionFailed(245)) - Got block deletion ACK from datanode, TXIDs=1, success=true
2019-08-30 23:41:10,390 [EventQueue-DeleteBlockStatusForDeletedBlockLogImpl] WARN  block.DeletedBlockLogImpl (DeletedBlockLogImpl.java:commitTransactions(205)) - Transaction txId=1 commit by dnId=c9f1298e-d840-49d8-aac3-de81602aa1d5 for containerID=#1 failed. Corresponding entry not found.
2019-08-30 23:41:10,390 [EventQueue-DeleteBlockStatusForDeletedBlockLogImpl] DEBUG block.DeletedBlockLogImpl (DeletedBlockLogImpl.java:isTransactionFailed(245)) - Got block deletion ACK from datanode, TXIDs=1, success=true
2019-08-30 23:41:10,390 [EventQueue-DeleteBlockStatusForDeletedBlockLogImpl] WARN  block.DeletedBlockLogImpl (DeletedBlockLogImpl.java:commitTransactions(205)) - Transaction txId=1 commit by dnId=c9f1298e-d840-49d8-aac3-de81602aa1d5 for containerID=#1 failed. Corresponding entry not found.
2019-08-30 23:41:10,390 [EventQueue-DeleteBlockStatusForDeletedBlockLogImpl] DEBUG block.DeletedBlockLogImpl (DeletedBlockLogImpl.java:isTransactionFailed(245)) - Got block deletion ACK from datanode, TXIDs=1, success=true
2019-08-30 23:41:10,390 [EventQueue-DeleteBlockStatusForDeletedBlockLogImpl] WARN  block.DeletedBlockLogImpl (DeletedBlockLogImpl.java:commitTransactions(205)) - Transaction txId=1 commit by dnId=c9f1298e-d840-49d8-aac3-de81602aa1d5 for containerID=#1 failed. Corresponding entry not found.
2019-08-30 23:41:10,391 [EventQueue-DeleteBlockStatusForDeletedBlockLogImpl] DEBUG block.DeletedBlockLogImpl (DeletedBlockLogImpl.java:isTransactionFailed(245)) - Got block deletion ACK from datanode, TXIDs=1, success=true
2019-08-30 23:41:10,391 [EventQueue-DeleteBlockStatusForDeletedBlockLogImpl] WARN  block.DeletedBlockLogImpl (DeletedBlockLogImpl.java:commitTransactions(205)) - Transaction txId=1 commit by dnId=c9f1298e-d840-49d8-aac3-de81602aa1d5 for containerID=#1 failed. Corresponding entry not found.
2019-08-30 23:41:10,391 [EventQueue-DeleteBlockStatusForDeletedBlockLogImpl] DEBUG block.DeletedBlockLogImpl (DeletedBlockLogImpl.java:isTransactionFailed(245)) - Got block deletion ACK from datanode, TXIDs=1, success=true
2019-08-30 23:41:10,391 [EventQueue-DeleteBlockStatusForDeletedBlockLogImpl] WARN  block.DeletedBlockLogImpl (DeletedBlockLogImpl.java:commitTransactions(205)) - Transaction txId=1 commit by dnId=c9f1298e-d840-49d8-aac3-de81602aa1d5 for containerID=#1 failed. Corresponding entry not found.
2019-08-30 23:41:10,391 [EventQueue-DeleteBlockStatusForDeletedBlockLogImpl] DEBUG block.DeletedBlockLogImpl (DeletedBlockLogImpl.java:isTransactionFailed(245)) - Got block deletion ACK from datanode, TXIDs=1, success=true
2019-08-30 23:41:10,391 [EventQueue-DeleteBlockStatusForDeletedBlockLogImpl] WARN  block.DeletedBlockLogImpl (DeletedBlockLogImpl.java:commitTransactions(205)) - Transaction txId=1 commit by dnId=c9f1298e-d840-49d8-aac3-de81602aa1d5 for containerID=#1 failed. Corresponding entry not found.
2019-08-30 23:41:10,391 [EventQueue-DeleteBlockStatusForDeletedBlockLogImpl] DEBUG block.DeletedBlockLogImpl (DeletedBlockLogImpl.java:isTransactionFailed(245)) - Got block deletion ACK from datanode, TXIDs=1, success=true
2019-08-30 23:41:10,391 [EventQueue-DeleteBlockStatusForDeletedBlockLogImpl] WARN  block.DeletedBlockLogImpl (DeletedBlockLogImpl.java:commitTransactions(205)) - Transaction txId=1 commit by dnId=c9f1298e-d840-49d8-aac3-de81602aa1d5 for containerID=#1 failed. Corresponding entry not found.
2019-08-30 23:41:10,391 [EventQueue-DeleteBlockStatusForDeletedBlockLogImpl] DEBUG block.DeletedBlockLogImpl (DeletedBlockLogImpl.java:isTransactionFailed(245)) - Got block deletion ACK from datanode, TXIDs=1, success=true
2019-08-30 23:41:10,391 [EventQueue-DeleteBlockStatusForDeletedBlockLogImpl] WARN  block.DeletedBlockLogImpl (DeletedBlockLogImpl.java:commitTransactions(205)) - Transaction txId=1 commit by dnId=c9f1298e-d840-49d8-aac3-de81602aa1d5 for containerID=#1 failed. Corresponding entry not found.
2019-08-30 23:41:10,392 [EventQueue-DeleteBlockStatusForDeletedBlockLogImpl] DEBUG block.DeletedBlockLogImpl (DeletedBlockLogImpl.java:isTransactionFailed(245)) - Got block deletion ACK from datanode, TXIDs=1, success=true
2019-08-30 23:41:10,392 [EventQueue-DeleteBlockStatusForDeletedBlockLogImpl] WARN  block.DeletedBlockLogImpl (DeletedBlockLogImpl.java:commitTransactions(205)) - Transaction txId=1 commit by dnId=c9f1298e-d840-49d8-aac3-de81602aa1d5 for containerID=#1 failed. Corresponding entry not found.
2019-08-30 23:41:10,392 [EventQueue-DeleteBlockStatusForDeletedBlockLogImpl] DEBUG block.DeletedBlockLogImpl (DeletedBlockLogImpl.java:isTransactionFailed(245)) - Got block deletion ACK from datanode, TXIDs=1, success=true
2019-08-30 23:41:10,392 [EventQueue-DeleteBlockStatusForDeletedBlockLogImpl] WARN  block.DeletedBlockLogImpl (DeletedBlockLogImpl.java:commitTransactions(205)) - Transaction txId=1 commit by dnId=c9f1298e-d840-49d8-aac3-de81602aa1d5 for containerID=#1 failed. Corresponding entry not found.
2019-08-30 23:41:10,392 [EventQueue-DeleteBlockStatusForDeletedBlockLogImpl] DEBUG block.DeletedBlockLogImpl (DeletedBlockLogImpl.java:isTransactionFailed(245)) - Got block deletion ACK from datanode, TXIDs=1, success=true
2019-08-30 23:41:10,392 [EventQueue-DeleteBlockStatusForDeletedBlockLogImpl] WARN  block.DeletedBlockLogImpl (DeletedBlockLogImpl.java:commitTransactions(205)) - Transaction txId=1 commit by dnId=c9f1298e-d840-49d8-aac3-de81602aa1d5 for containerID=#1 failed. Corresponding entry not found.
2019-08-30 23:41:10,392 [EventQueue-DeleteBlockStatusForDeletedBlockLogImpl] DEBUG block.DeletedBlockLogImpl (DeletedBlockLogImpl.java:isTransactionFailed(245)) - Got block deletion ACK from datanode, TXIDs=1, success=true
2019-08-30 23:41:10,392 [EventQueue-DeleteBlockStatusForDeletedBlockLogImpl] WARN  block.DeletedBlockLogImpl (DeletedBlockLogImpl.java:commitTransactions(205)) - Transaction txId=1 commit by dnId=c9f1298e-d840-49d8-aac3-de81602aa1d5 for containerID=#1 failed. Corresponding entry not found.
2019-08-30 23:41:10,392 [EventQueue-DeleteBlockStatusForDeletedBlockLogImpl] DEBUG block.DeletedBlockLogImpl (DeletedBlockLogImpl.java:isTransactionFailed(245)) - Got block deletion ACK from datanode, TXIDs=1, success=true
2019-08-30 23:41:10,392 [SCMBlockDeletingService#0] DEBUG block.SCMBlockDeletingService (SCMBlockDeletingService.java:call(155)) - Scanned deleted blocks log and got 0 delTX to process.
2019-08-30 23:41:10,392 [EventQueue-DeleteBlockStatusForDeletedBlockLogImpl] WARN  block.DeletedBlockLogImpl (DeletedBlockLogImpl.java:commitTransactions(205)) - Transaction txId=1 commit by dnId=c9f1298e-d840-49d8-aac3-de81602aa1d5 for containerID=#1 failed. Corresponding entry not found.
2019-08-30 23:41:10,393 [EventQueue-DeleteBlockStatusForDeletedBlockLogImpl] DEBUG block.DeletedBlockLogImpl (DeletedBlockLogImpl.java:isTransactionFailed(245)) - Got block deletion ACK from datanode, TXIDs=1, success=true
2019-08-30 23:41:10,393 [EventQueue-DeleteBlockStatusForDeletedBlockLogImpl] WARN  block.DeletedBlockLogImpl (DeletedBlockLogImpl.java:commitTransactions(205)) - Transaction txId=1 commit by dnId=c9f1298e-d840-49d8-aac3-de81602aa1d5 for containerID=#1 failed. Corresponding entry not found.
2019-08-30 23:41:10,393 [EventQueue-DeleteBlockStatusForDeletedBlockLogImpl] DEBUG block.DeletedBlockLogImpl (DeletedBlockLogImpl.java:isTransactionFailed(245)) - Got block deletion ACK from datanode, TXIDs=1, success=true
2019-08-30 23:41:10,393 [EventQueue-DeleteBlockStatusForDeletedBlockLogImpl] WARN  block.DeletedBlockLogImpl (DeletedBlockLogImpl.java:commitTransactions(205)) - Transaction txId=1 commit by dnId=c9f1298e-d840-49d8-aac3-de81602aa1d5 for containerID=#1 failed. Corresponding entry not found.
2019-08-30 23:41:10,393 [EventQueue-DeleteBlockStatusForDeletedBlockLogImpl] DEBUG block.DeletedBlockLogImpl (DeletedBlockLogImpl.java:isTransactionFailed(245)) - Got block deletion ACK from datanode, TXIDs=1, success=true
2019-08-30 23:41:10,393 [EventQueue-DeleteBlockStatusForDeletedBlockLogImpl] WARN  block.DeletedBlockLogImpl (DeletedBlockLogImpl.java:commitTransactions(205)) - Transaction txId=1 commit by dnId=c9f1298e-d840-49d8-aac3-de81602aa1d5 for containerID=#1 failed. Corresponding entry not found.
2019-08-30 23:41:10,393 [EventQueue-DeleteBlockStatusForDeletedBlockLogImpl] DEBUG block.DeletedBlockLogImpl (DeletedBlockLogImpl.java:isTransactionFailed(245)) - Got block deletion ACK from datanode, TXIDs=1, success=true
2019-08-30 23:41:10,393 [EventQueue-DeleteBlockStatusForDeletedBlockLogImpl] WARN  block.DeletedBlockLogImpl (DeletedBlockLogImpl.java:commitTransactions(205)) - Transaction txId=1 commit by dnId=c9f1298e-d840-49d8-aac3-de81602aa1d5 for containerID=#1 failed. Corresponding entry not found.
2019-08-30 23:41:10,393 [EventQueue-DeleteBlockStatusForDeletedBlockLogImpl] DEBUG block.DeletedBlockLogImpl (DeletedBlockLogImpl.java:isTransactionFailed(245)) - Got block deletion ACK from datanode, TXIDs=1, success=true
2019-08-30 23:41:10,393 [EventQueue-DeleteBlockStatusForDeletedBlockLogImpl] WARN  block.DeletedBlockLogImpl (DeletedBlockLogImpl.java:commitTransactions(205)) - Transaction txId=1 commit by dnId=c9f1298e-d840-49d8-aac3-de81602aa1d5 for containerID=#1 failed. Corresponding entry not found.
2019-08-30 23:41:10,394 [EventQueue-DeleteBlockStatusForDeletedBlockLogImpl] DEBUG block.DeletedBlockLogImpl (DeletedBlockLogImpl.java:isTransactionFailed(245)) - Got block deletion ACK from datanode, TXIDs=1, success=true
2019-08-30 23:41:10,394 [EventQueue-DeleteBlockStatusForDeletedBlockLogImpl] WARN  block.DeletedBlockLogImpl (DeletedBlockLogImpl.java:commitTransactions(205)) - Transaction txId=1 commit by dnId=c9f1298e-d840-49d8-aac3-de81602aa1d5 for containerID=#1 failed. Corresponding entry not found.
2019-08-30 23:41:10,394 [EventQueue-DeleteBlockStatusForDeletedBlockLogImpl] DEBUG block.DeletedBlockLogImpl (DeletedBlockLogImpl.java:isTransactionFailed(245)) - Got block deletion ACK from datanode, TXIDs=1, success=true
2019-08-30 23:41:10,394 [EventQueue-DeleteBlockStatusForDeletedBlockLogImpl] WARN  block.DeletedBlockLogImpl (DeletedBlockLogImpl.java:commitTransactions(205)) - Transaction txId=1 commit by dnId=c9f1298e-d840-49d8-aac3-de81602aa1d5 for containerID=#1 failed. Corresponding entry not found.
2019-08-30 23:41:10,394 [EventQueue-DeleteBlockStatusForDeletedBlockLogImpl] DEBUG block.DeletedBlockLogImpl (DeletedBlockLogImpl.java:isTransactionFailed(245)) - Got block deletion ACK from datanode, TXIDs=1, success=true
2019-08-30 23:41:10,394 [EventQueue-DeleteBlockStatusForDeletedBlockLogImpl] WARN  block.DeletedBlockLogImpl (DeletedBlockLogImpl.java:commitTransactions(205)) - Transaction txId=1 commit by dnId=c9f1298e-d840-49d8-aac3-de81602aa1d5 for containerID=#1 failed. Corresponding entry not found.
2019-08-30 23:41:10,394 [EventQueue-DeleteBlockStatusForDeletedBlockLogImpl] DEBUG block.DeletedBlockLogImpl (DeletedBlockLogImpl.java:isTransactionFailed(245)) - Got block deletion ACK from datanode, TXIDs=1, success=true
2019-08-30 23:41:10,394 [EventQueue-DeleteBlockStatusForDeletedBlockLogImpl] WARN  block.DeletedBlockLogImpl (DeletedBlockLogImpl.java:commitTransactions(205)) - Transaction txId=1 commit by dnId=c9f1298e-d840-49d8-aac3-de81602aa1d5 for containerID=#1 failed. Corresponding entry not found.
2019-08-30 23:41:10,394 [EventQueue-DeleteBlockStatusForDeletedBlockLogImpl] DEBUG block.DeletedBlockLogImpl (DeletedBlockLogImpl.java:isTransactionFailed(245)) - Got block deletion ACK from datanode, TXIDs=1, success=true
2019-08-30 23:41:10,394 [EventQueue-DeleteBlockStatusForDeletedBlockLogImpl] WARN  block.DeletedBlockLogImpl (DeletedBlockLogImpl.java:commitTransactions(205)) - Transaction txId=1 commit by dnId=c9f1298e-d840-49d8-aac3-de81602aa1d5 for containerID=#1 failed. Corresponding entry not found.
2019-08-30 23:41:10,394 [EventQueue-DeleteBlockStatusForDeletedBlockLogImpl] DEBUG block.DeletedBlockLogImpl (DeletedBlockLogImpl.java:isTransactionFailed(245)) - Got block deletion ACK from datanode, TXIDs=1, success=true
2019-08-30 23:41:10,395 [EventQueue-DeleteBlockStatusForDeletedBlockLogImpl] WARN  block.DeletedBlockLogImpl (DeletedBlockLogImpl.java:commitTransactions(205)) - Transaction txId=1 commit by dnId=c9f1298e-d840-49d8-aac3-de81602aa1d5 for containerID=#1 failed. Corresponding entry not found.
2019-08-30 23:41:10,493 [SCMBlockDeletingService#0] DEBUG block.SCMBlockDeletingService (SCMBlockDeletingService.java:call(138)) - Running DeletedBlockTransactionScanner
2019-08-30 23:41:10,493 [SCMBlockDeletingService#0] DEBUG block.SCMBlockDeletingService (SCMBlockDeletingService.java:call(155)) - Scanned deleted blocks log and got 0 delTX to process.
2019-08-30 23:41:10,594 [SCMBlockDeletingService#0] DEBUG block.SCMBlockDeletingService (SCMBlockDeletingService.java:call(138)) - Running DeletedBlockTransactionScanner
2019-08-30 23:41:10,594 [SCMBlockDeletingService#0] DEBUG block.SCMBlockDeletingService (SCMBlockDeletingService.java:call(155)) - Scanned deleted blocks log and got 0 delTX to process.
2019-08-30 23:41:10,694 [SCMBlockDeletingService#0] DEBUG block.SCMBlockDeletingService (SCMBlockDeletingService.java:call(138)) - Running DeletedBlockTransactionScanner
2019-08-30 23:41:10,695 [SCMBlockDeletingService#0] DEBUG block.SCMBlockDeletingService (SCMBlockDeletingService.java:call(155)) - Scanned deleted blocks log and got 0 delTX to process.
2019-08-30 23:41:10,795 [SCMBlockDeletingService#0] DEBUG block.SCMBlockDeletingService (SCMBlockDeletingService.java:call(138)) - Running DeletedBlockTransactionScanner
2019-08-30 23:41:10,795 [SCMBlockDeletingService#0] DEBUG block.SCMBlockDeletingService (SCMBlockDeletingService.java:call(155)) - Scanned deleted blocks log and got 0 delTX to process.
2019-08-30 23:41:10,848 [BlockDeletingService#0] INFO  background.BlockDeletingService (BlockDeletingService.java:call(310)) - Container: 1, deleted blocks: 185, task elapsed time: 991ms
2019-08-30 23:41:10,884 [BlockDeletingService#4] INFO  background.BlockDeletingService (BlockDeletingService.java:call(310)) - Container: 2, deleted blocks: 184, task elapsed time: 1026ms
2019-08-30 23:41:10,896 [SCMBlockDeletingService#0] DEBUG block.SCMBlockDeletingService (SCMBlockDeletingService.java:call(138)) - Running DeletedBlockTransactionScanner
2019-08-30 23:41:10,896 [SCMBlockDeletingService#0] DEBUG block.SCMBlockDeletingService (SCMBlockDeletingService.java:call(155)) - Scanned deleted blocks log and got 0 delTX to process.
2019-08-30 23:41:10,982 [pool-7-thread-6] INFO  commands.RetriableDatanodeEventWatcher (RetriableDatanodeEventWatcher.java:onTimeout(47)) - RetriableDatanodeCommand type=deleteBlocksCommand with id=1567208456101 timed out. Retrying.
2019-08-30 23:41:10,996 [SCMBlockDeletingService#0] DEBUG block.SCMBlockDeletingService (SCMBlockDeletingService.java:call(138)) - Running DeletedBlockTransactionScanner
2019-08-30 23:41:10,996 [SCMBlockDeletingService#0] DEBUG block.SCMBlockDeletingService (SCMBlockDeletingService.java:call(155)) - Scanned deleted blocks log and got 0 delTX to process.
2019-08-30 23:41:11,083 [pool-7-thread-6] INFO  commands.RetriableDatanodeEventWatcher (RetriableDatanodeEventWatcher.java:onTimeout(47)) - RetriableDatanodeCommand type=deleteBlocksCommand with id=1567208456102 timed out. Retrying.
2019-08-30 23:41:11,097 [SCMBlockDeletingService#0] DEBUG block.SCMBlockDeletingService (SCMBlockDeletingService.java:call(138)) - Running DeletedBlockTransactionScanner
2019-08-30 23:41:11,097 [SCMBlockDeletingService#0] DEBUG block.SCMBlockDeletingService (SCMBlockDeletingService.java:call(155)) - Scanned deleted blocks log and got 0 delTX to process.
2019-08-30 23:41:11,180 [Command processor thread] INFO  commandhandler.DeleteBlocksCommandHandler (DeleteBlocksCommandHandler.java:handle(106)) - Start to delete container blocks, TXIDs=[1(1017),2(1017),3(1017)], numOfContainers=3, numOfBlocks=553
2019-08-30 23:41:11,181 [IPC Server handler 16 on 43891] WARN  block.DeletedBlockLogImpl (DeletedBlockLogImpl.java:incrementCount(141)) - Deleted TXID not found.
2019-08-30 23:41:11,181 [IPC Server handler 16 on 43891] WARN  block.DeletedBlockLogImpl (DeletedBlockLogImpl.java:incrementCount(141)) - Deleted TXID not found.
2019-08-30 23:41:11,181 [IPC Server handler 16 on 43891] WARN  block.DeletedBlockLogImpl (DeletedBlockLogImpl.java:incrementCount(141)) - Deleted TXID not found.
2019-08-30 23:41:11,181 [IPC Server handler 16 on 43891] WARN  block.DeletedBlockLogImpl (DeletedBlockLogImpl.java:incrementCount(141)) - Deleted TXID not found.
2019-08-30 23:41:11,181 [IPC Server handler 16 on 43891] WARN  block.DeletedBlockLogImpl (DeletedBlockLogImpl.java:incrementCount(141)) - Deleted TXID not found.
2019-08-30 23:41:11,181 [IPC Server handler 16 on 43891] WARN  block.DeletedBlockLogImpl (DeletedBlockLogImpl.java:incrementCount(141)) - Deleted TXID not found.
2019-08-30 23:41:11,183 [Command processor thread] INFO  commandhandler.DeleteBlocksCommandHandler (DeleteBlocksCommandHandler.java:handle(106)) - Start to delete container blocks, TXIDs=[1(0),2(0),3(0)], numOfContainers=3, numOfBlocks=553
2019-08-30 23:41:11,184 [Command processor thread] INFO  commandhandler.DeleteBlocksCommandHandler (DeleteBlocksCommandHandler.java:handle(106)) - Start to delete container blocks, TXIDs=[1(0),2(0),3(0)], numOfContainers=3, numOfBlocks=553
2019-08-30 23:41:11,185 [pool-7-thread-6] INFO  commands.RetriableDatanodeEventWatcher (RetriableDatanodeEventWatcher.java:onTimeout(47)) - RetriableDatanodeCommand type=deleteBlocksCommand with id=1567208456103 timed out. Retrying.
2019-08-30 23:41:11,186 [Command processor thread] INFO  commandhandler.DeleteBlocksCommandHandler (DeleteBlocksCommandHandler.java:handle(106)) - Start to delete container blocks, TXIDs=[1(0),2(0),3(0)], numOfContainers=3, numOfBlocks=553
2019-08-30 23:41:11,188 [Command processor thread] INFO  commandhandler.DeleteBlocksCommandHandler (DeleteBlocksCommandHandler.java:handle(106)) - Start to delete container blocks, TXIDs=[1(0),2(0),3(0)], numOfContainers=3, numOfBlocks=553
2019-08-30 23:41:11,189 [Command processor thread] INFO  commandhandler.DeleteBlocksCommandHandler (DeleteBlocksCommandHandler.java:handle(106)) - Start to delete container blocks, TXIDs=[1(0),2(0),3(0)], numOfContainers=3, numOfBlocks=553
2019-08-30 23:41:11,190 [Command processor thread] INFO  commandhandler.DeleteBlocksCommandHandler (DeleteBlocksCommandHandler.java:handle(106)) - Start to delete container blocks, TXIDs=[1(0),2(0),3(0)], numOfContainers=3, numOfBlocks=553
2019-08-30 23:41:11,192 [Command processor thread] INFO  commandhandler.DeleteBlocksCommandHandler (DeleteBlocksCommandHandler.java:handle(106)) - Start to delete container blocks, TXIDs=[1(0),2(0),3(0)], numOfContainers=3, numOfBlocks=553
2019-08-30 23:41:11,194 [Command processor thread] INFO  commandhandler.DeleteBlocksCommandHandler (DeleteBlocksCommandHandler.java:handle(106)) - Start to delete container blocks, TXIDs=[1(0),2(0),3(0)], numOfContainers=3, numOfBlocks=553
2019-08-30 23:41:11,195 [Command processor thread] INFO  commandhandler.DeleteBlocksCommandHandler (DeleteBlocksCommandHandler.java:handle(106)) - Start to delete container blocks, TXIDs=[1(0),2(0),3(0)], numOfContainers=3, numOfBlocks=553
2019-08-30 23:41:11,196 [Command processor thread] INFO  commandhandler.DeleteBlocksCommandHandler (DeleteBlocksCommandHandler.java:handle(106)) - Start to delete container blocks, TXIDs=[1(751),2(751),3(751)], numOfContainers=3, numOfBlocks=553
block.SCMBlockDeletingService (2019-08-30 23:41:11,198 [Command processor thread] INFO  commandhandler.DeleteBlocksCommandHandler (DeleteBlocksCommandHandler.java:handle(106)) - Start to delete container blocks, TXIDs=[1(0),2(0),3(0)], numOfContainers=3, numOfBlocks=553
SCMBlockDeletingService.java:call(138)) - Running DeletedBlockTransactionScanner
2019-08-30 23:41:11,198 [Command processor thread] INFO  commandhandler.DeleteBlocksCommandHandler (DeleteBlocksCommandHandler.java:handle(106)) - Start to delete container blocks, TXIDs=[1(0),2(0),3(0)], numOfContainers=3, numOfBlocks=553
2019-08-30 23:41:11,198 [SCMBlockDeletingService#0] DEBUG block.SCMBlockDeletingService (SCMBlockDeletingService.java:call(155)) - Scanned deleted blocks log and got 0 delTX to process.
2019-08-30 23:41:11,199 [Command processor thread] INFO  commandhandler.DeleteBlocksCommandHandler (DeleteBlocksCommandHandler.java:handle(106)) - Start to delete container blocks, TXIDs=[1(915),2(915),3(915)], numOfContainers=3, numOfBlocks=553
2019-08-30 23:41:11,200 [Command processor thread] INFO  commandhandler.DeleteBlocksCommandHandler (DeleteBlocksCommandHandler.java:handle(106)) - Start to delete container blocks, TXIDs=[1(0),2(0),3(0)], numOfContainers=3, numOfBlocks=553
2019-08-30 23:41:11,202 [Command processor thread] INFO  commandhandler.DeleteBlocksCommandHandler (DeleteBlocksCommandHandler.java:handle(106)) - Start to delete container blocks, TXIDs=[1(0),2(0),3(0)], numOfContainers=3, numOfBlocks=553
2019-08-30 23:41:11,203 [Command processor thread] INFO  commandhandler.DeleteBlocksCommandHandler (DeleteBlocksCommandHandler.java:handle(106)) - Start to delete container blocks, TXIDs=[1(1043),2(1043),3(1043)], numOfContainers=3, numOfBlocks=553
2019-08-30 23:41:11,204 [Command processor thread] INFO  commandhandler.DeleteBlocksCommandHandler (DeleteBlocksCommandHandler.java:handle(106)) - Start to delete container blocks, TXIDs=[1(0),2(0),3(0)], numOfContainers=3, numOfBlocks=553
2019-08-30 23:41:11,205 [Command processor thread] INFO  commandhandler.DeleteBlocksCommandHandler (DeleteBlocksCommandHandler.java:handle(106)) - Start to delete container blocks, TXIDs=[1(0),2(0),3(0)], numOfContainers=3, numOfBlocks=553
2019-08-30 23:41:11,207 [Command processor thread] INFO  commandhandler.DeleteBlocksCommandHandler (DeleteBlocksCommandHandler.java:handle(106)) - Start to delete container blocks, TXIDs=[1(0),2(0),3(0)], numOfContainers=3, numOfBlocks=553
2019-08-30 23:41:11,208 [Command processor thread] INFO  commandhandler.DeleteBlocksCommandHandler (DeleteBlocksCommandHandler.java:handle(106)) - Start to delete container blocks, TXIDs=[1(0),2(0),3(0)], numOfContainers=3, numOfBlocks=553
2019-08-30 23:41:11,209 [Command processor thread] INFO  commandhandler.DeleteBlocksCommandHandler (DeleteBlocksCommandHandler.java:handle(106)) - Start to delete container blocks, TXIDs=[1(0),2(0),3(0)], numOfContainers=3, numOfBlocks=553
2019-08-30 23:41:11,210 [Command processor thread] INFO  commandhandler.DeleteBlocksCommandHandler (DeleteBlocksCommandHandler.java:handle(106)) - Start to delete container blocks, TXIDs=[1(0),2(0),3(0)], numOfContainers=3, numOfBlocks=553
2019-08-30 23:41:11,212 [Command processor thread] INFO  commandhandler.DeleteBlocksCommandHandler (DeleteBlocksCommandHandler.java:handle(106)) - Start to delete container blocks, TXIDs=[1(0),2(0),3(0)], numOfContainers=3, numOfBlocks=553
2019-08-30 23:41:11,213 [Command processor thread] INFO  commandhandler.DeleteBlocksCommandHandler (DeleteBlocksCommandHandler.java:handle(106)) - Start to delete container blocks, TXIDs=[1(0),2(0),3(0)], numOfContainers=3, numOfBlocks=553
2019-08-30 23:41:11,214 [Command processor thread] INFO  commandhandler.DeleteBlocksCommandHandler (DeleteBlocksCommandHandler.java:handle(106)) - Start to delete container blocks, TXIDs=[1(751),2(751),3(751)], numOfContainers=3, numOfBlocks=553
2019-08-30 23:41:11,215 [Command processor thread] INFO  commandhandler.DeleteBlocksCommandHandler (DeleteBlocksCommandHandler.java:handle(106)) - Start to delete container blocks, TXIDs=[1(0),2(0),3(0)], numOfContainers=3, numOfBlocks=553
2019-08-30 23:41:11,216 [Command processor thread] INFO  commandhandler.DeleteBlocksCommandHandler (DeleteBlocksCommandHandler.java:handle(106)) - Start to delete container blocks, TXIDs=[1(0),2(0),3(0)], numOfContainers=3, numOfBlocks=553
2019-08-30 23:41:11,217 [Command processor thread] INFO  commandhandler.DeleteBlocksCommandHandler (DeleteBlocksCommandHandler.java:handle(106)) - Start to delete container blocks, TXIDs=[1(927),2(927),3(927)], numOfContainers=3, numOfBlocks=553
2019-08-30 23:41:11,219 [Command processor thread] INFO  commandhandler.DeleteBlocksCommandHandler (DeleteBlocksCommandHandler.java:handle(106)) - Start to delete container blocks, TXIDs=[1(0),2(0),3(0)], numOfContainers=3, numOfBlocks=553
2019-08-30 23:41:11,220 [Command processor thread] INFO  commandhandler.DeleteBlocksCommandHandler (DeleteBlocksCommandHandler.java:handle(106)) - Start to delete container blocks, TXIDs=[1(0),2(0),3(0)], numOfContainers=3, numOfBlocks=553
2019-08-30 23:41:11,221 [Command processor thread] INFO  commandhandler.DeleteBlocksCommandHandler (DeleteBlocksCommandHandler.java:handle(106)) - Start to delete container blocks, TXIDs=[1(1043),2(1043),3(1043)], numOfContainers=3, numOfBlocks=553
2019-08-30 23:41:11,222 [Command processor thread] INFO  commandhandler.DeleteBlocksCommandHandler (DeleteBlocksCommandHandler.java:handle(106)) - Start to delete container blocks, TXIDs=[1(933),2(933),3(933)], numOfContainers=3, numOfBlocks=553
2019-08-30 23:41:11,223 [Command processor thread] INFO  commandhandler.DeleteBlocksCommandHandler (DeleteBlocksCommandHandler.java:handle(106)) - Start to delete container blocks, TXIDs=[1(933),2(933),3(933)], numOfContainers=3, numOfBlocks=553
2019-08-30 23:41:11,224 [Command processor thread] INFO  commandhandler.DeleteBlocksCommandHandler (DeleteBlocksCommandHandler.java:handle(106)) - Start to delete container blocks, TXIDs=[1(1017),2(1017),3(1017)], numOfContainers=3, numOfBlocks=553
2019-08-30 23:41:11,226 [Command processor thread] INFO  commandhandler.DeleteBlocksCommandHandler (DeleteBlocksCommandHandler.java:handle(106)) - Start to delete container blocks, TXIDs=[1(1043),2(1043),3(1043)], numOfContainers=3, numOfBlocks=553
]]></system-out>
    <system-err><![CDATA[ERROR StatusLogger No Log4j 2 configuration file found. Using default configuration (logging only errors to the console), or user programmatically provided configurations. Set system property 'log4j2.debug' to show Log4j 2 internal initialization logging. See https://logging.apache.org/log4j/2.x/manual/configuration.html for instructions on how to configure Log4j 2
]]></system-err>
  </testcase>
</testsuite>