<?xml version="1.0" encoding="UTF-8"?>
<testsuite xmlns:xsi="http://www.w3.org/2001/XMLSchema-instance" xsi:noNamespaceSchemaLocation="https://maven.apache.org/surefire/maven-surefire-plugin/xsd/surefire-test-report.xsd" name="org.apache.hadoop.ozone.freon.TestRandomKeyGenerator" time="327.617" tests="6" errors="1" skipped="0" failures="0">
  <properties>
    <property name="awt.toolkit" value="sun.awt.X11.XToolkit"/>
    <property name="file.encoding.pkg" value="sun.io"/>
    <property name="java.specification.version" value="1.8"/>
    <property name="sun.cpu.isalist" value=""/>
    <property name="sun.jnu.encoding" value="UTF-8"/>
    <property name="java.class.path" value="/workdir/hadoop-ozone/tools/target/test-classes:/workdir/hadoop-ozone/tools/target/classes:/home/user/.m2/repository/org/apache/hadoop/hadoop-ozone-ozone-manager/0.5.0-SNAPSHOT/hadoop-ozone-ozone-manager-0.5.0-SNAPSHOT.jar:/home/user/.m2/repository/org/apache/hadoop/hadoop-hdds-docs/0.5.0-SNAPSHOT/hadoop-hdds-docs-0.5.0-SNAPSHOT.jar:/home/user/.m2/repository/org/bouncycastle/bcprov-jdk15on/1.60/bcprov-jdk15on-1.60.jar:/home/user/.m2/repository/org/apache/hadoop/hadoop-ozone-common/0.5.0-SNAPSHOT/hadoop-ozone-common-0.5.0-SNAPSHOT.jar:/home/user/.m2/repository/org/apache/commons/commons-compress/1.4.1/commons-compress-1.4.1.jar:/home/user/.m2/repository/org/tukaani/xz/1.0/xz-1.0.jar:/home/user/.m2/repository/org/apache/hadoop/hadoop-hdfs-client/3.2.0/hadoop-hdfs-client-3.2.0.jar:/home/user/.m2/repository/com/fasterxml/jackson/core/jackson-annotations/2.9.9/jackson-annotations-2.9.9.jar:/home/user/.m2/repository/org/apache/hadoop/hadoop-hdds-common/0.5.0-SNAPSHOT/hadoop-hdds-common-0.5.0-SNAPSHOT.jar:/home/user/.m2/repository/org/apache/hadoop/hadoop-hdds-config/0.5.0-SNAPSHOT/hadoop-hdds-config-0.5.0-SNAPSHOT.jar:/home/user/.m2/repository/javax/annotation/javax.annotation-api/1.2/javax.annotation-api-1.2.jar:/home/user/.m2/repository/org/apache/ratis/ratis-server/0.4.0-78e95b9-SNAPSHOT/ratis-server-0.4.0-78e95b9-SNAPSHOT.jar:/home/user/.m2/repository/org/apache/ratis/ratis-thirdparty-misc/0.2.0/ratis-thirdparty-misc-0.2.0.jar:/home/user/.m2/repository/org/apache/ratis/ratis-proto/0.4.0-78e95b9-SNAPSHOT/ratis-proto-0.4.0-78e95b9-SNAPSHOT.jar:/home/user/.m2/repository/org/apache/ratis/ratis-common/0.4.0-78e95b9-SNAPSHOT/ratis-common-0.4.0-78e95b9-SNAPSHOT.jar:/home/user/.m2/repository/org/apache/ratis/ratis-client/0.4.0-78e95b9-SNAPSHOT/ratis-client-0.4.0-78e95b9-SNAPSHOT.jar:/home/user/.m2/repository/org/apache/ratis/ratis-metrics/0.4.0-78e95b9-SNAPSHOT/ratis-metrics-0.4.0-78e95b9-SNAPSHOT.jar:/home/user/.m2/repository/com/github/joshelser/dropwizard-metrics-hadoop-metrics2-reporter/0.1.2/dropwizard-metrics-hadoop-metrics2-reporter-0.1.2.jar:/home/user/.m2/repository/io/dropwizard/metrics/metrics-jvm/3.2.5/metrics-jvm-3.2.5.jar:/home/user/.m2/repository/io/dropwizard/metrics/metrics-ganglia/3.2.5/metrics-ganglia-3.2.5.jar:/home/user/.m2/repository/info/ganglia/gmetric4j/gmetric4j/1.0.7/gmetric4j-1.0.7.jar:/home/user/.m2/repository/org/apache/ratis/ratis-netty/0.4.0-78e95b9-SNAPSHOT/ratis-netty-0.4.0-78e95b9-SNAPSHOT.jar:/home/user/.m2/repository/org/apache/ratis/ratis-grpc/0.4.0-78e95b9-SNAPSHOT/ratis-grpc-0.4.0-78e95b9-SNAPSHOT.jar:/home/user/.m2/repository/org/rocksdb/rocksdbjni/6.0.1/rocksdbjni-6.0.1.jar:/home/user/.m2/repository/org/apache/logging/log4j/log4j-api/2.11.0/log4j-api-2.11.0.jar:/home/user/.m2/repository/org/apache/logging/log4j/log4j-core/2.11.0/log4j-core-2.11.0.jar:/home/user/.m2/repository/com/lmax/disruptor/3.4.2/disruptor-3.4.2.jar:/home/user/.m2/repository/org/apache/commons/commons-pool2/2.6.0/commons-pool2-2.6.0.jar:/home/user/.m2/repository/org/bouncycastle/bcpkix-jdk15on/1.60/bcpkix-jdk15on-1.60.jar:/home/user/.m2/repository/commons-validator/commons-validator/1.6/commons-validator-1.6.jar:/home/user/.m2/repository/commons-digester/commons-digester/1.8.1/commons-digester-1.8.1.jar:/home/user/.m2/repository/io/jaegertracing/jaeger-client/0.33.1/jaeger-client-0.33.1.jar:/home/user/.m2/repository/io/jaegertracing/jaeger-thrift/0.33.1/jaeger-thrift-0.33.1.jar:/home/user/.m2/repository/org/apache/thrift/libthrift/0.11.0/libthrift-0.11.0.jar:/home/user/.m2/repository/com/squareup/okhttp3/okhttp/3.9.0/okhttp-3.9.0.jar:/home/user/.m2/repository/com/squareup/okio/okio/1.13.0/okio-1.13.0.jar:/home/user/.m2/repository/io/jaegertracing/jaeger-core/0.33.1/jaeger-core-0.33.1.jar:/home/user/.m2/repository/io/jaegertracing/jaeger-tracerresolver/0.33.1/jaeger-tracerresolver-0.33.1.jar:/home/user/.m2/repository/io/opentracing/contrib/opentracing-tracerresolver/0.1.5/opentracing-tracerresolver-0.1.5.jar:/home/user/.m2/repository/io/opentracing/opentracing-util/0.31.0/opentracing-util-0.31.0.jar:/home/user/.m2/repository/io/opentracing/opentracing-api/0.31.0/opentracing-api-0.31.0.jar:/home/user/.m2/repository/io/opentracing/opentracing-noop/0.31.0/opentracing-noop-0.31.0.jar:/home/user/.m2/repository/org/yaml/snakeyaml/1.16/snakeyaml-1.16.jar:/home/user/.m2/repository/org/apache/hadoop/hadoop-hdds-container-service/0.5.0-SNAPSHOT/hadoop-hdds-container-service-0.5.0-SNAPSHOT.jar:/home/user/.m2/repository/org/apache/hadoop/hadoop-hdds-client/0.5.0-SNAPSHOT/hadoop-hdds-client-0.5.0-SNAPSHOT.jar:/home/user/.m2/repository/org/apache/hadoop/hadoop-hdds-tools/0.5.0-SNAPSHOT/hadoop-hdds-tools-0.5.0-SNAPSHOT.jar:/home/user/.m2/repository/org/xerial/sqlite-jdbc/3.25.2/sqlite-jdbc-3.25.2.jar:/home/user/.m2/repository/org/apache/hadoop/hadoop-hdds-server-scm/0.5.0-SNAPSHOT/hadoop-hdds-server-scm-0.5.0-SNAPSHOT.jar:/home/user/.m2/repository/org/hamcrest/hamcrest-all/1.3/hamcrest-all-1.3.jar:/home/user/.m2/repository/info/picocli/picocli/3.9.6/picocli-3.9.6.jar:/home/user/.m2/repository/com/google/protobuf/protobuf-java/2.5.0/protobuf-java-2.5.0.jar:/home/user/.m2/repository/com/google/guava/guava/11.0.2/guava-11.0.2.jar:/home/user/.m2/repository/org/apache/hadoop/hadoop-ozone-client/0.5.0-SNAPSHOT/hadoop-ozone-client-0.5.0-SNAPSHOT.jar:/workdir/hadoop-ozone/ozonefs/target/classes:/home/user/.m2/repository/org/apache/hadoop/hadoop-hdds-server-framework/0.5.0-SNAPSHOT/hadoop-hdds-server-framework-0.5.0-SNAPSHOT.jar:/home/user/.m2/repository/org/apache/hadoop/hadoop-common/3.2.0/hadoop-common-3.2.0.jar:/home/user/.m2/repository/org/apache/hadoop/hadoop-annotations/3.2.0/hadoop-annotations-3.2.0.jar:/usr/lib/jvm/java-1.8-openjdk/jre/../lib/tools.jar:/home/user/.m2/repository/commons-cli/commons-cli/1.2/commons-cli-1.2.jar:/home/user/.m2/repository/org/apache/commons/commons-math3/3.1.1/commons-math3-3.1.1.jar:/home/user/.m2/repository/org/apache/httpcomponents/httpclient/4.5.2/httpclient-4.5.2.jar:/home/user/.m2/repository/org/apache/httpcomponents/httpcore/4.4.4/httpcore-4.4.4.jar:/home/user/.m2/repository/commons-codec/commons-codec/1.11/commons-codec-1.11.jar:/home/user/.m2/repository/commons-io/commons-io/2.5/commons-io-2.5.jar:/home/user/.m2/repository/commons-net/commons-net/3.6/commons-net-3.6.jar:/home/user/.m2/repository/commons-collections/commons-collections/3.2.2/commons-collections-3.2.2.jar:/home/user/.m2/repository/javax/servlet/javax.servlet-api/3.1.0/javax.servlet-api-3.1.0.jar:/home/user/.m2/repository/org/eclipse/jetty/jetty-server/9.3.24.v20180605/jetty-server-9.3.24.v20180605.jar:/home/user/.m2/repository/org/eclipse/jetty/jetty-http/9.3.24.v20180605/jetty-http-9.3.24.v20180605.jar:/home/user/.m2/repository/org/eclipse/jetty/jetty-io/9.3.24.v20180605/jetty-io-9.3.24.v20180605.jar:/home/user/.m2/repository/org/eclipse/jetty/jetty-util/9.3.24.v20180605/jetty-util-9.3.24.v20180605.jar:/home/user/.m2/repository/org/eclipse/jetty/jetty-servlet/9.3.24.v20180605/jetty-servlet-9.3.24.v20180605.jar:/home/user/.m2/repository/org/eclipse/jetty/jetty-security/9.3.24.v20180605/jetty-security-9.3.24.v20180605.jar:/home/user/.m2/repository/org/eclipse/jetty/jetty-webapp/9.3.24.v20180605/jetty-webapp-9.3.24.v20180605.jar:/home/user/.m2/repository/org/eclipse/jetty/jetty-xml/9.3.24.v20180605/jetty-xml-9.3.24.v20180605.jar:/home/user/.m2/repository/javax/servlet/jsp/jsp-api/2.1/jsp-api-2.1.jar:/home/user/.m2/repository/com/sun/jersey/jersey-core/1.19/jersey-core-1.19.jar:/home/user/.m2/repository/javax/ws/rs/jsr311-api/1.1.1/jsr311-api-1.1.1.jar:/home/user/.m2/repository/com/sun/jersey/jersey-servlet/1.19/jersey-servlet-1.19.jar:/home/user/.m2/repository/com/sun/jersey/jersey-json/1.19/jersey-json-1.19.jar:/home/user/.m2/repository/org/codehaus/jettison/jettison/1.1/jettison-1.1.jar:/home/user/.m2/repository/com/sun/xml/bind/jaxb-impl/2.3.0.1/jaxb-impl-2.3.0.1.jar:/home/user/.m2/repository/org/codehaus/jackson/jackson-core-asl/1.9.13/jackson-core-asl-1.9.13.jar:/home/user/.m2/repository/org/codehaus/jackson/jackson-mapper-asl/1.9.13/jackson-mapper-asl-1.9.13.jar:/home/user/.m2/repository/org/codehaus/jackson/jackson-jaxrs/1.9.13/jackson-jaxrs-1.9.13.jar:/home/user/.m2/repository/org/codehaus/jackson/jackson-xc/1.9.13/jackson-xc-1.9.13.jar:/home/user/.m2/repository/com/sun/jersey/jersey-server/1.19/jersey-server-1.19.jar:/home/user/.m2/repository/commons-logging/commons-logging/1.1.3/commons-logging-1.1.3.jar:/home/user/.m2/repository/log4j/log4j/1.2.17/log4j-1.2.17.jar:/home/user/.m2/repository/commons-beanutils/commons-beanutils/1.9.4/commons-beanutils-1.9.4.jar:/home/user/.m2/repository/org/apache/commons/commons-configuration2/2.1.1/commons-configuration2-2.1.1.jar:/home/user/.m2/repository/org/apache/commons/commons-lang3/3.7/commons-lang3-3.7.jar:/home/user/.m2/repository/org/apache/commons/commons-text/1.4/commons-text-1.4.jar:/home/user/.m2/repository/org/slf4j/slf4j-api/1.7.25/slf4j-api-1.7.25.jar:/home/user/.m2/repository/org/slf4j/slf4j-log4j12/1.7.25/slf4j-log4j12-1.7.25.jar:/home/user/.m2/repository/org/apache/avro/avro/1.7.7/avro-1.7.7.jar:/home/user/.m2/repository/com/thoughtworks/paranamer/paranamer/2.3/paranamer-2.3.jar:/home/user/.m2/repository/org/xerial/snappy/snappy-java/1.0.5/snappy-java-1.0.5.jar:/home/user/.m2/repository/com/google/re2j/re2j/1.1/re2j-1.1.jar:/home/user/.m2/repository/com/google/code/gson/gson/2.2.4/gson-2.2.4.jar:/home/user/.m2/repository/org/apache/hadoop/hadoop-auth/3.2.0/hadoop-auth-3.2.0.jar:/home/user/.m2/repository/com/nimbusds/nimbus-jose-jwt/4.41.1/nimbus-jose-jwt-4.41.1.jar:/home/user/.m2/repository/com/github/stephenc/jcip/jcip-annotations/1.0-1/jcip-annotations-1.0-1.jar:/home/user/.m2/repository/net/minidev/json-smart/2.3/json-smart-2.3.jar:/home/user/.m2/repository/net/minidev/accessors-smart/1.2/accessors-smart-1.2.jar:/home/user/.m2/repository/org/apache/curator/curator-framework/2.12.0/curator-framework-2.12.0.jar:/home/user/.m2/repository/com/jcraft/jsch/0.1.54/jsch-0.1.54.jar:/home/user/.m2/repository/org/apache/curator/curator-client/2.12.0/curator-client-2.12.0.jar:/home/user/.m2/repository/org/apache/curator/curator-recipes/2.12.0/curator-recipes-2.12.0.jar:/home/user/.m2/repository/com/google/code/findbugs/jsr305/3.0.0/jsr305-3.0.0.jar:/home/user/.m2/repository/org/apache/htrace/htrace-core4/4.1.0-incubating/htrace-core4-4.1.0-incubating.jar:/home/user/.m2/repository/org/apache/zookeeper/zookeeper/3.4.13/zookeeper-3.4.13.jar:/home/user/.m2/repository/org/apache/yetus/audience-annotations/0.5.0/audience-annotations-0.5.0.jar:/home/user/.m2/repository/org/apache/kerby/kerb-simplekdc/1.0.1/kerb-simplekdc-1.0.1.jar:/home/user/.m2/repository/org/apache/kerby/kerb-client/1.0.1/kerb-client-1.0.1.jar:/home/user/.m2/repository/org/apache/kerby/kerby-config/1.0.1/kerby-config-1.0.1.jar:/home/user/.m2/repository/org/apache/kerby/kerb-core/1.0.1/kerb-core-1.0.1.jar:/home/user/.m2/repository/org/apache/kerby/kerby-pkix/1.0.1/kerby-pkix-1.0.1.jar:/home/user/.m2/repository/org/apache/kerby/kerby-asn1/1.0.1/kerby-asn1-1.0.1.jar:/home/user/.m2/repository/org/apache/kerby/kerby-util/1.0.1/kerby-util-1.0.1.jar:/home/user/.m2/repository/org/apache/kerby/kerb-common/1.0.1/kerb-common-1.0.1.jar:/home/user/.m2/repository/org/apache/kerby/kerb-crypto/1.0.1/kerb-crypto-1.0.1.jar:/home/user/.m2/repository/org/apache/kerby/kerb-util/1.0.1/kerb-util-1.0.1.jar:/home/user/.m2/repository/org/apache/kerby/token-provider/1.0.1/token-provider-1.0.1.jar:/home/user/.m2/repository/org/apache/kerby/kerb-admin/1.0.1/kerb-admin-1.0.1.jar:/home/user/.m2/repository/org/apache/kerby/kerb-server/1.0.1/kerb-server-1.0.1.jar:/home/user/.m2/repository/org/apache/kerby/kerb-identity/1.0.1/kerb-identity-1.0.1.jar:/home/user/.m2/repository/org/apache/kerby/kerby-xdr/1.0.1/kerby-xdr-1.0.1.jar:/home/user/.m2/repository/com/fasterxml/jackson/core/jackson-databind/2.9.9/jackson-databind-2.9.9.jar:/home/user/.m2/repository/com/fasterxml/jackson/core/jackson-core/2.9.9/jackson-core-2.9.9.jar:/home/user/.m2/repository/org/codehaus/woodstox/stax2-api/3.1.4/stax2-api-3.1.4.jar:/home/user/.m2/repository/com/fasterxml/woodstox/woodstox-core/5.0.3/woodstox-core-5.0.3.jar:/home/user/.m2/repository/dnsjava/dnsjava/2.1.7/dnsjava-2.1.7.jar:/home/user/.m2/repository/org/apache/hadoop/hadoop-hdfs/3.2.0/hadoop-hdfs-3.2.0.jar:/home/user/.m2/repository/org/eclipse/jetty/jetty-util-ajax/9.3.24.v20180605/jetty-util-ajax-9.3.24.v20180605.jar:/home/user/.m2/repository/commons-daemon/commons-daemon/1.0.13/commons-daemon-1.0.13.jar:/home/user/.m2/repository/io/netty/netty/3.10.5.Final/netty-3.10.5.Final.jar:/home/user/.m2/repository/io/netty/netty-all/4.0.52.Final/netty-all-4.0.52.Final.jar:/home/user/.m2/repository/org/fusesource/leveldbjni/leveldbjni-all/1.8/leveldbjni-all-1.8.jar:/home/user/.m2/repository/com/sun/xml/bind/jaxb-core/2.3.0.1/jaxb-core-2.3.0.1.jar:/home/user/.m2/repository/javax/xml/bind/jaxb-api/2.3.0/jaxb-api-2.3.0.jar:/home/user/.m2/repository/javax/activation/activation/1.1.1/activation-1.1.1.jar:/home/user/.m2/repository/io/dropwizard/metrics/metrics-core/3.2.4/metrics-core-3.2.4.jar:/home/user/.m2/repository/org/openjdk/jmh/jmh-core/1.19/jmh-core-1.19.jar:/home/user/.m2/repository/net/sf/jopt-simple/jopt-simple/4.6/jopt-simple-4.6.jar:/home/user/.m2/repository/org/openjdk/jmh/jmh-generator-annprocess/1.19/jmh-generator-annprocess-1.19.jar:/home/user/.m2/repository/com/amazonaws/aws-java-sdk-s3/1.11.615/aws-java-sdk-s3-1.11.615.jar:/home/user/.m2/repository/com/amazonaws/aws-java-sdk-kms/1.11.615/aws-java-sdk-kms-1.11.615.jar:/home/user/.m2/repository/com/amazonaws/aws-java-sdk-core/1.11.615/aws-java-sdk-core-1.11.615.jar:/home/user/.m2/repository/software/amazon/ion/ion-java/1.0.2/ion-java-1.0.2.jar:/home/user/.m2/repository/com/fasterxml/jackson/dataformat/jackson-dataformat-cbor/2.9.9/jackson-dataformat-cbor-2.9.9.jar:/home/user/.m2/repository/joda-time/joda-time/2.9.9/joda-time-2.9.9.jar:/home/user/.m2/repository/com/amazonaws/jmespath-java/1.11.615/jmespath-java-1.11.615.jar:/home/user/.m2/repository/com/google/code/findbugs/findbugs/3.0.1/findbugs-3.0.1.jar:/home/user/.m2/repository/net/jcip/jcip-annotations/1.0/jcip-annotations-1.0.jar:/home/user/.m2/repository/com/google/code/findbugs/bcel-findbugs/6.0/bcel-findbugs-6.0.jar:/home/user/.m2/repository/com/google/code/findbugs/jFormatString/2.0.1/jFormatString-2.0.1.jar:/home/user/.m2/repository/dom4j/dom4j/1.6.1/dom4j-1.6.1.jar:/home/user/.m2/repository/xml-apis/xml-apis/1.0.b2/xml-apis-1.0.b2.jar:/home/user/.m2/repository/org/ow2/asm/asm-debug-all/5.0.2/asm-debug-all-5.0.2.jar:/home/user/.m2/repository/org/ow2/asm/asm-commons/5.0.2/asm-commons-5.0.2.jar:/home/user/.m2/repository/org/ow2/asm/asm-tree/5.0.2/asm-tree-5.0.2.jar:/home/user/.m2/repository/org/ow2/asm/asm/5.0.4/asm-5.0.4.jar:/home/user/.m2/repository/commons-lang/commons-lang/2.6/commons-lang-2.6.jar:/home/user/.m2/repository/com/apple/AppleJavaExtensions/1.4/AppleJavaExtensions-1.4.jar:/home/user/.m2/repository/jaxen/jaxen/1.1.6/jaxen-1.1.6.jar:/home/user/.m2/repository/junit/junit/4.11/junit-4.11.jar:/home/user/.m2/repository/org/hamcrest/hamcrest-core/1.3/hamcrest-core-1.3.jar:/home/user/.m2/repository/org/apache/hadoop/hadoop-common/3.2.0/hadoop-common-3.2.0-tests.jar:/workdir/hadoop-ozone/integration-test/target/test-classes:/home/user/.m2/repository/org/apache/hadoop/hadoop-ozone-s3gateway/0.5.0-SNAPSHOT/hadoop-ozone-s3gateway-0.5.0-SNAPSHOT.jar:/home/user/.m2/repository/org/jboss/weld/servlet/weld-servlet/2.4.7.Final/weld-servlet-2.4.7.Final.jar:/home/user/.m2/repository/org/glassfish/jersey/containers/jersey-container-servlet-core/2.27/jersey-container-servlet-core-2.27.jar:/home/user/.m2/repository/org/glassfish/hk2/external/javax.inject/2.5.0-b42/javax.inject-2.5.0-b42.jar:/home/user/.m2/repository/org/glassfish/jersey/core/jersey-common/2.27/jersey-common-2.27.jar:/home/user/.m2/repository/org/glassfish/hk2/osgi-resource-locator/1.0.1/osgi-resource-locator-1.0.1.jar:/home/user/.m2/repository/javax/ws/rs/javax.ws.rs-api/2.1/javax.ws.rs-api-2.1.jar:/home/user/.m2/repository/org/glassfish/jersey/ext/cdi/jersey-cdi1x/2.27/jersey-cdi1x-2.27.jar:/home/user/.m2/repository/org/glassfish/jersey/inject/jersey-hk2/2.27/jersey-hk2-2.27.jar:/home/user/.m2/repository/org/glassfish/hk2/hk2-locator/2.5.0-b42/hk2-locator-2.5.0-b42.jar:/home/user/.m2/repository/org/javassist/javassist/3.22.0-CR2/javassist-3.22.0-CR2.jar:/home/user/.m2/repository/org/glassfish/hk2/hk2-api/2.5.0/hk2-api-2.5.0.jar:/home/user/.m2/repository/org/glassfish/hk2/external/jakarta.inject/2.5.0/jakarta.inject-2.5.0.jar:/home/user/.m2/repository/org/glassfish/hk2/hk2-utils/2.5.0/hk2-utils-2.5.0.jar:/home/user/.m2/repository/jakarta/annotation/jakarta.annotation-api/1.3.4/jakarta.annotation-api-1.3.4.jar:/home/user/.m2/repository/org/glassfish/hk2/external/aopalliance-repackaged/2.5.0/aopalliance-repackaged-2.5.0.jar:/home/user/.m2/repository/com/fasterxml/jackson/dataformat/jackson-dataformat-xml/2.9.0/jackson-dataformat-xml-2.9.0.jar:/home/user/.m2/repository/com/fasterxml/jackson/module/jackson-module-jaxb-annotations/2.9.9/jackson-module-jaxb-annotations-2.9.9.jar:/home/user/.m2/repository/javax/enterprise/cdi-api/1.2/cdi-api-1.2.jar:/home/user/.m2/repository/javax/el/javax.el-api/3.0.0/javax.el-api-3.0.0.jar:/home/user/.m2/repository/javax/interceptor/javax.interceptor-api/1.2/javax.interceptor-api-1.2.jar:/home/user/.m2/repository/javax/inject/javax.inject/1/javax.inject-1.jar:/home/user/.m2/repository/org/apache/hadoop/hadoop-ozone-csi/0.5.0-SNAPSHOT/hadoop-ozone-csi-0.5.0-SNAPSHOT.jar:/home/user/.m2/repository/com/google/protobuf/protobuf-java-util/3.5.1/protobuf-java-util-3.5.1.jar:/home/user/.m2/repository/io/grpc/grpc-netty/1.17.1/grpc-netty-1.17.1.jar:/home/user/.m2/repository/io/grpc/grpc-core/1.17.1/grpc-core-1.17.1.jar:/home/user/.m2/repository/io/grpc/grpc-context/1.17.1/grpc-context-1.17.1.jar:/home/user/.m2/repository/com/google/errorprone/error_prone_annotations/2.2.0/error_prone_annotations-2.2.0.jar:/home/user/.m2/repository/org/codehaus/mojo/animal-sniffer-annotations/1.17/animal-sniffer-annotations-1.17.jar:/home/user/.m2/repository/io/opencensus/opencensus-api/0.17.0/opencensus-api-0.17.0.jar:/home/user/.m2/repository/io/opencensus/opencensus-contrib-grpc-metrics/0.17.0/opencensus-contrib-grpc-metrics-0.17.0.jar:/home/user/.m2/repository/io/netty/netty-codec-http2/4.1.30.Final/netty-codec-http2-4.1.30.Final.jar:/home/user/.m2/repository/io/netty/netty-codec-http/4.1.30.Final/netty-codec-http-4.1.30.Final.jar:/home/user/.m2/repository/io/netty/netty-codec/4.1.30.Final/netty-codec-4.1.30.Final.jar:/home/user/.m2/repository/io/netty/netty-handler/4.1.30.Final/netty-handler-4.1.30.Final.jar:/home/user/.m2/repository/io/netty/netty-handler-proxy/4.1.30.Final/netty-handler-proxy-4.1.30.Final.jar:/home/user/.m2/repository/io/netty/netty-codec-socks/4.1.30.Final/netty-codec-socks-4.1.30.Final.jar:/home/user/.m2/repository/io/netty/netty-transport-native-epoll/4.1.30.Final/netty-transport-native-epoll-4.1.30.Final.jar:/home/user/.m2/repository/io/netty/netty-common/4.1.30.Final/netty-common-4.1.30.Final.jar:/home/user/.m2/repository/io/netty/netty-buffer/4.1.30.Final/netty-buffer-4.1.30.Final.jar:/home/user/.m2/repository/io/netty/netty-transport/4.1.30.Final/netty-transport-4.1.30.Final.jar:/home/user/.m2/repository/io/netty/netty-resolver/4.1.30.Final/netty-resolver-4.1.30.Final.jar:/home/user/.m2/repository/io/netty/netty-transport-native-unix-common/4.1.30.Final/netty-transport-native-unix-common-4.1.30.Final.jar:/home/user/.m2/repository/io/grpc/grpc-protobuf/1.17.1/grpc-protobuf-1.17.1.jar:/home/user/.m2/repository/com/google/api/grpc/proto-google-common-protos/1.0.0/proto-google-common-protos-1.0.0.jar:/home/user/.m2/repository/io/grpc/grpc-protobuf-lite/1.17.1/grpc-protobuf-lite-1.17.1.jar:/home/user/.m2/repository/io/grpc/grpc-stub/1.17.1/grpc-stub-1.17.1.jar:/home/user/.m2/repository/org/apache/hadoop/hadoop-ozone-recon/0.5.0-SNAPSHOT/hadoop-ozone-recon-0.5.0-SNAPSHOT.jar:/home/user/.m2/repository/org/apache/hadoop/hadoop-ozone-reconcodegen/0.5.0-SNAPSHOT/hadoop-ozone-reconcodegen-0.5.0-SNAPSHOT.jar:/home/user/.m2/repository/com/google/inject/extensions/guice-multibindings/4.0/guice-multibindings-4.0.jar:/home/user/.m2/repository/com/google/inject/guice/4.0/guice-4.0.jar:/home/user/.m2/repository/aopalliance/aopalliance/1.0/aopalliance-1.0.jar:/home/user/.m2/repository/com/google/inject/extensions/guice-servlet/4.0/guice-servlet-4.0.jar:/home/user/.m2/repository/org/glassfish/jersey/containers/jersey-container-servlet/2.27/jersey-container-servlet-2.27.jar:/home/user/.m2/repository/org/glassfish/hk2/guice-bridge/2.5.0/guice-bridge-2.5.0.jar:/home/user/.m2/repository/org/glassfish/jersey/core/jersey-server/2.27/jersey-server-2.27.jar:/home/user/.m2/repository/org/glassfish/jersey/core/jersey-client/2.27/jersey-client-2.27.jar:/home/user/.m2/repository/org/glassfish/jersey/media/jersey-media-jaxb/2.27/jersey-media-jaxb-2.27.jar:/home/user/.m2/repository/javax/validation/validation-api/1.1.0.Final/validation-api-1.1.0.Final.jar:/home/user/.m2/repository/org/glassfish/jersey/media/jersey-media-json-jackson/2.27/jersey-media-json-jackson-2.27.jar:/home/user/.m2/repository/org/glassfish/jersey/ext/jersey-entity-filtering/2.27/jersey-entity-filtering-2.27.jar:/home/user/.m2/repository/com/google/inject/extensions/guice-assistedinject/4.0/guice-assistedinject-4.0.jar:/home/user/.m2/repository/org/jooq/jooq/3.11.10/jooq-3.11.10.jar:/home/user/.m2/repository/org/jooq/jooq-meta/3.11.10/jooq-meta-3.11.10.jar:/home/user/.m2/repository/org/jooq/jooq-codegen/3.11.10/jooq-codegen-3.11.10.jar:/home/user/.m2/repository/com/jolbox/bonecp/0.8.0.RELEASE/bonecp-0.8.0.RELEASE.jar:/home/user/.m2/repository/org/springframework/spring-jdbc/5.1.3.RELEASE/spring-jdbc-5.1.3.RELEASE.jar:/home/user/.m2/repository/org/springframework/spring-beans/5.1.3.RELEASE/spring-beans-5.1.3.RELEASE.jar:/home/user/.m2/repository/org/springframework/spring-core/5.1.3.RELEASE/spring-core-5.1.3.RELEASE.jar:/home/user/.m2/repository/org/springframework/spring-jcl/5.1.3.RELEASE/spring-jcl-5.1.3.RELEASE.jar:/home/user/.m2/repository/org/springframework/spring-tx/5.1.3.RELEASE/spring-tx-5.1.3.RELEASE.jar:/home/user/.m2/repository/org/mockito/mockito-core/2.15.0/mockito-core-2.15.0.jar:/home/user/.m2/repository/net/bytebuddy/byte-buddy/1.7.9/byte-buddy-1.7.9.jar:/home/user/.m2/repository/net/bytebuddy/byte-buddy-agent/1.7.9/byte-buddy-agent-1.7.9.jar:/home/user/.m2/repository/org/objenesis/objenesis/1.0/objenesis-1.0.jar:"/>
    <property name="java.vm.vendor" value="IcedTea"/>
    <property name="sun.arch.data.model" value="64"/>
    <property name="test.build.dir" value="/workdir/hadoop-ozone/tools/target/test-dir"/>
    <property name="test.cache.data" value=""/>
    <property name="java.vendor.url" value="https://icedtea.classpath.org"/>
    <property name="user.timezone" value=""/>
    <property name="java.vm.specification.version" value="1.8"/>
    <property name="os.name" value="Linux"/>
    <property name="test.build.data" value="/workdir/hadoop-ozone/tools/target/test-dir"/>
    <property name="user.country" value="US"/>
    <property name="sun.java.launcher" value="SUN_STANDARD"/>
    <property name="sun.boot.library.path" value="/usr/lib/jvm/java-1.8-openjdk/jre/lib/amd64"/>
    <property name="sun.java.command" value="/workdir/hadoop-ozone/tools/target/surefire/surefirebooter4467471955379314011.jar /workdir/hadoop-ozone/tools/target/surefire 2019-09-19T08-26-38_807-jvmRun1 surefire3980540559938319419tmp surefire_1146650819412816586523tmp"/>
    <property name="test" value="!TestMiniChaosOzoneCluster"/>
    <property name="surefire.test.class.path" value="/workdir/hadoop-ozone/tools/target/test-classes:/workdir/hadoop-ozone/tools/target/classes:/home/user/.m2/repository/org/apache/hadoop/hadoop-ozone-ozone-manager/0.5.0-SNAPSHOT/hadoop-ozone-ozone-manager-0.5.0-SNAPSHOT.jar:/home/user/.m2/repository/org/apache/hadoop/hadoop-hdds-docs/0.5.0-SNAPSHOT/hadoop-hdds-docs-0.5.0-SNAPSHOT.jar:/home/user/.m2/repository/org/bouncycastle/bcprov-jdk15on/1.60/bcprov-jdk15on-1.60.jar:/home/user/.m2/repository/org/apache/hadoop/hadoop-ozone-common/0.5.0-SNAPSHOT/hadoop-ozone-common-0.5.0-SNAPSHOT.jar:/home/user/.m2/repository/org/apache/commons/commons-compress/1.4.1/commons-compress-1.4.1.jar:/home/user/.m2/repository/org/tukaani/xz/1.0/xz-1.0.jar:/home/user/.m2/repository/org/apache/hadoop/hadoop-hdfs-client/3.2.0/hadoop-hdfs-client-3.2.0.jar:/home/user/.m2/repository/com/fasterxml/jackson/core/jackson-annotations/2.9.9/jackson-annotations-2.9.9.jar:/home/user/.m2/repository/org/apache/hadoop/hadoop-hdds-common/0.5.0-SNAPSHOT/hadoop-hdds-common-0.5.0-SNAPSHOT.jar:/home/user/.m2/repository/org/apache/hadoop/hadoop-hdds-config/0.5.0-SNAPSHOT/hadoop-hdds-config-0.5.0-SNAPSHOT.jar:/home/user/.m2/repository/javax/annotation/javax.annotation-api/1.2/javax.annotation-api-1.2.jar:/home/user/.m2/repository/org/apache/ratis/ratis-server/0.4.0-78e95b9-SNAPSHOT/ratis-server-0.4.0-78e95b9-SNAPSHOT.jar:/home/user/.m2/repository/org/apache/ratis/ratis-thirdparty-misc/0.2.0/ratis-thirdparty-misc-0.2.0.jar:/home/user/.m2/repository/org/apache/ratis/ratis-proto/0.4.0-78e95b9-SNAPSHOT/ratis-proto-0.4.0-78e95b9-SNAPSHOT.jar:/home/user/.m2/repository/org/apache/ratis/ratis-common/0.4.0-78e95b9-SNAPSHOT/ratis-common-0.4.0-78e95b9-SNAPSHOT.jar:/home/user/.m2/repository/org/apache/ratis/ratis-client/0.4.0-78e95b9-SNAPSHOT/ratis-client-0.4.0-78e95b9-SNAPSHOT.jar:/home/user/.m2/repository/org/apache/ratis/ratis-metrics/0.4.0-78e95b9-SNAPSHOT/ratis-metrics-0.4.0-78e95b9-SNAPSHOT.jar:/home/user/.m2/repository/com/github/joshelser/dropwizard-metrics-hadoop-metrics2-reporter/0.1.2/dropwizard-metrics-hadoop-metrics2-reporter-0.1.2.jar:/home/user/.m2/repository/io/dropwizard/metrics/metrics-jvm/3.2.5/metrics-jvm-3.2.5.jar:/home/user/.m2/repository/io/dropwizard/metrics/metrics-ganglia/3.2.5/metrics-ganglia-3.2.5.jar:/home/user/.m2/repository/info/ganglia/gmetric4j/gmetric4j/1.0.7/gmetric4j-1.0.7.jar:/home/user/.m2/repository/org/apache/ratis/ratis-netty/0.4.0-78e95b9-SNAPSHOT/ratis-netty-0.4.0-78e95b9-SNAPSHOT.jar:/home/user/.m2/repository/org/apache/ratis/ratis-grpc/0.4.0-78e95b9-SNAPSHOT/ratis-grpc-0.4.0-78e95b9-SNAPSHOT.jar:/home/user/.m2/repository/org/rocksdb/rocksdbjni/6.0.1/rocksdbjni-6.0.1.jar:/home/user/.m2/repository/org/apache/logging/log4j/log4j-api/2.11.0/log4j-api-2.11.0.jar:/home/user/.m2/repository/org/apache/logging/log4j/log4j-core/2.11.0/log4j-core-2.11.0.jar:/home/user/.m2/repository/com/lmax/disruptor/3.4.2/disruptor-3.4.2.jar:/home/user/.m2/repository/org/apache/commons/commons-pool2/2.6.0/commons-pool2-2.6.0.jar:/home/user/.m2/repository/org/bouncycastle/bcpkix-jdk15on/1.60/bcpkix-jdk15on-1.60.jar:/home/user/.m2/repository/commons-validator/commons-validator/1.6/commons-validator-1.6.jar:/home/user/.m2/repository/commons-digester/commons-digester/1.8.1/commons-digester-1.8.1.jar:/home/user/.m2/repository/io/jaegertracing/jaeger-client/0.33.1/jaeger-client-0.33.1.jar:/home/user/.m2/repository/io/jaegertracing/jaeger-thrift/0.33.1/jaeger-thrift-0.33.1.jar:/home/user/.m2/repository/org/apache/thrift/libthrift/0.11.0/libthrift-0.11.0.jar:/home/user/.m2/repository/com/squareup/okhttp3/okhttp/3.9.0/okhttp-3.9.0.jar:/home/user/.m2/repository/com/squareup/okio/okio/1.13.0/okio-1.13.0.jar:/home/user/.m2/repository/io/jaegertracing/jaeger-core/0.33.1/jaeger-core-0.33.1.jar:/home/user/.m2/repository/io/jaegertracing/jaeger-tracerresolver/0.33.1/jaeger-tracerresolver-0.33.1.jar:/home/user/.m2/repository/io/opentracing/contrib/opentracing-tracerresolver/0.1.5/opentracing-tracerresolver-0.1.5.jar:/home/user/.m2/repository/io/opentracing/opentracing-util/0.31.0/opentracing-util-0.31.0.jar:/home/user/.m2/repository/io/opentracing/opentracing-api/0.31.0/opentracing-api-0.31.0.jar:/home/user/.m2/repository/io/opentracing/opentracing-noop/0.31.0/opentracing-noop-0.31.0.jar:/home/user/.m2/repository/org/yaml/snakeyaml/1.16/snakeyaml-1.16.jar:/home/user/.m2/repository/org/apache/hadoop/hadoop-hdds-container-service/0.5.0-SNAPSHOT/hadoop-hdds-container-service-0.5.0-SNAPSHOT.jar:/home/user/.m2/repository/org/apache/hadoop/hadoop-hdds-client/0.5.0-SNAPSHOT/hadoop-hdds-client-0.5.0-SNAPSHOT.jar:/home/user/.m2/repository/org/apache/hadoop/hadoop-hdds-tools/0.5.0-SNAPSHOT/hadoop-hdds-tools-0.5.0-SNAPSHOT.jar:/home/user/.m2/repository/org/xerial/sqlite-jdbc/3.25.2/sqlite-jdbc-3.25.2.jar:/home/user/.m2/repository/org/apache/hadoop/hadoop-hdds-server-scm/0.5.0-SNAPSHOT/hadoop-hdds-server-scm-0.5.0-SNAPSHOT.jar:/home/user/.m2/repository/org/hamcrest/hamcrest-all/1.3/hamcrest-all-1.3.jar:/home/user/.m2/repository/info/picocli/picocli/3.9.6/picocli-3.9.6.jar:/home/user/.m2/repository/com/google/protobuf/protobuf-java/2.5.0/protobuf-java-2.5.0.jar:/home/user/.m2/repository/com/google/guava/guava/11.0.2/guava-11.0.2.jar:/home/user/.m2/repository/org/apache/hadoop/hadoop-ozone-client/0.5.0-SNAPSHOT/hadoop-ozone-client-0.5.0-SNAPSHOT.jar:/workdir/hadoop-ozone/ozonefs/target/classes:/home/user/.m2/repository/org/apache/hadoop/hadoop-hdds-server-framework/0.5.0-SNAPSHOT/hadoop-hdds-server-framework-0.5.0-SNAPSHOT.jar:/home/user/.m2/repository/org/apache/hadoop/hadoop-common/3.2.0/hadoop-common-3.2.0.jar:/home/user/.m2/repository/org/apache/hadoop/hadoop-annotations/3.2.0/hadoop-annotations-3.2.0.jar:/usr/lib/jvm/java-1.8-openjdk/jre/../lib/tools.jar:/home/user/.m2/repository/commons-cli/commons-cli/1.2/commons-cli-1.2.jar:/home/user/.m2/repository/org/apache/commons/commons-math3/3.1.1/commons-math3-3.1.1.jar:/home/user/.m2/repository/org/apache/httpcomponents/httpclient/4.5.2/httpclient-4.5.2.jar:/home/user/.m2/repository/org/apache/httpcomponents/httpcore/4.4.4/httpcore-4.4.4.jar:/home/user/.m2/repository/commons-codec/commons-codec/1.11/commons-codec-1.11.jar:/home/user/.m2/repository/commons-io/commons-io/2.5/commons-io-2.5.jar:/home/user/.m2/repository/commons-net/commons-net/3.6/commons-net-3.6.jar:/home/user/.m2/repository/commons-collections/commons-collections/3.2.2/commons-collections-3.2.2.jar:/home/user/.m2/repository/javax/servlet/javax.servlet-api/3.1.0/javax.servlet-api-3.1.0.jar:/home/user/.m2/repository/org/eclipse/jetty/jetty-server/9.3.24.v20180605/jetty-server-9.3.24.v20180605.jar:/home/user/.m2/repository/org/eclipse/jetty/jetty-http/9.3.24.v20180605/jetty-http-9.3.24.v20180605.jar:/home/user/.m2/repository/org/eclipse/jetty/jetty-io/9.3.24.v20180605/jetty-io-9.3.24.v20180605.jar:/home/user/.m2/repository/org/eclipse/jetty/jetty-util/9.3.24.v20180605/jetty-util-9.3.24.v20180605.jar:/home/user/.m2/repository/org/eclipse/jetty/jetty-servlet/9.3.24.v20180605/jetty-servlet-9.3.24.v20180605.jar:/home/user/.m2/repository/org/eclipse/jetty/jetty-security/9.3.24.v20180605/jetty-security-9.3.24.v20180605.jar:/home/user/.m2/repository/org/eclipse/jetty/jetty-webapp/9.3.24.v20180605/jetty-webapp-9.3.24.v20180605.jar:/home/user/.m2/repository/org/eclipse/jetty/jetty-xml/9.3.24.v20180605/jetty-xml-9.3.24.v20180605.jar:/home/user/.m2/repository/javax/servlet/jsp/jsp-api/2.1/jsp-api-2.1.jar:/home/user/.m2/repository/com/sun/jersey/jersey-core/1.19/jersey-core-1.19.jar:/home/user/.m2/repository/javax/ws/rs/jsr311-api/1.1.1/jsr311-api-1.1.1.jar:/home/user/.m2/repository/com/sun/jersey/jersey-servlet/1.19/jersey-servlet-1.19.jar:/home/user/.m2/repository/com/sun/jersey/jersey-json/1.19/jersey-json-1.19.jar:/home/user/.m2/repository/org/codehaus/jettison/jettison/1.1/jettison-1.1.jar:/home/user/.m2/repository/com/sun/xml/bind/jaxb-impl/2.3.0.1/jaxb-impl-2.3.0.1.jar:/home/user/.m2/repository/org/codehaus/jackson/jackson-core-asl/1.9.13/jackson-core-asl-1.9.13.jar:/home/user/.m2/repository/org/codehaus/jackson/jackson-mapper-asl/1.9.13/jackson-mapper-asl-1.9.13.jar:/home/user/.m2/repository/org/codehaus/jackson/jackson-jaxrs/1.9.13/jackson-jaxrs-1.9.13.jar:/home/user/.m2/repository/org/codehaus/jackson/jackson-xc/1.9.13/jackson-xc-1.9.13.jar:/home/user/.m2/repository/com/sun/jersey/jersey-server/1.19/jersey-server-1.19.jar:/home/user/.m2/repository/commons-logging/commons-logging/1.1.3/commons-logging-1.1.3.jar:/home/user/.m2/repository/log4j/log4j/1.2.17/log4j-1.2.17.jar:/home/user/.m2/repository/commons-beanutils/commons-beanutils/1.9.4/commons-beanutils-1.9.4.jar:/home/user/.m2/repository/org/apache/commons/commons-configuration2/2.1.1/commons-configuration2-2.1.1.jar:/home/user/.m2/repository/org/apache/commons/commons-lang3/3.7/commons-lang3-3.7.jar:/home/user/.m2/repository/org/apache/commons/commons-text/1.4/commons-text-1.4.jar:/home/user/.m2/repository/org/slf4j/slf4j-api/1.7.25/slf4j-api-1.7.25.jar:/home/user/.m2/repository/org/slf4j/slf4j-log4j12/1.7.25/slf4j-log4j12-1.7.25.jar:/home/user/.m2/repository/org/apache/avro/avro/1.7.7/avro-1.7.7.jar:/home/user/.m2/repository/com/thoughtworks/paranamer/paranamer/2.3/paranamer-2.3.jar:/home/user/.m2/repository/org/xerial/snappy/snappy-java/1.0.5/snappy-java-1.0.5.jar:/home/user/.m2/repository/com/google/re2j/re2j/1.1/re2j-1.1.jar:/home/user/.m2/repository/com/google/code/gson/gson/2.2.4/gson-2.2.4.jar:/home/user/.m2/repository/org/apache/hadoop/hadoop-auth/3.2.0/hadoop-auth-3.2.0.jar:/home/user/.m2/repository/com/nimbusds/nimbus-jose-jwt/4.41.1/nimbus-jose-jwt-4.41.1.jar:/home/user/.m2/repository/com/github/stephenc/jcip/jcip-annotations/1.0-1/jcip-annotations-1.0-1.jar:/home/user/.m2/repository/net/minidev/json-smart/2.3/json-smart-2.3.jar:/home/user/.m2/repository/net/minidev/accessors-smart/1.2/accessors-smart-1.2.jar:/home/user/.m2/repository/org/apache/curator/curator-framework/2.12.0/curator-framework-2.12.0.jar:/home/user/.m2/repository/com/jcraft/jsch/0.1.54/jsch-0.1.54.jar:/home/user/.m2/repository/org/apache/curator/curator-client/2.12.0/curator-client-2.12.0.jar:/home/user/.m2/repository/org/apache/curator/curator-recipes/2.12.0/curator-recipes-2.12.0.jar:/home/user/.m2/repository/com/google/code/findbugs/jsr305/3.0.0/jsr305-3.0.0.jar:/home/user/.m2/repository/org/apache/htrace/htrace-core4/4.1.0-incubating/htrace-core4-4.1.0-incubating.jar:/home/user/.m2/repository/org/apache/zookeeper/zookeeper/3.4.13/zookeeper-3.4.13.jar:/home/user/.m2/repository/org/apache/yetus/audience-annotations/0.5.0/audience-annotations-0.5.0.jar:/home/user/.m2/repository/org/apache/kerby/kerb-simplekdc/1.0.1/kerb-simplekdc-1.0.1.jar:/home/user/.m2/repository/org/apache/kerby/kerb-client/1.0.1/kerb-client-1.0.1.jar:/home/user/.m2/repository/org/apache/kerby/kerby-config/1.0.1/kerby-config-1.0.1.jar:/home/user/.m2/repository/org/apache/kerby/kerb-core/1.0.1/kerb-core-1.0.1.jar:/home/user/.m2/repository/org/apache/kerby/kerby-pkix/1.0.1/kerby-pkix-1.0.1.jar:/home/user/.m2/repository/org/apache/kerby/kerby-asn1/1.0.1/kerby-asn1-1.0.1.jar:/home/user/.m2/repository/org/apache/kerby/kerby-util/1.0.1/kerby-util-1.0.1.jar:/home/user/.m2/repository/org/apache/kerby/kerb-common/1.0.1/kerb-common-1.0.1.jar:/home/user/.m2/repository/org/apache/kerby/kerb-crypto/1.0.1/kerb-crypto-1.0.1.jar:/home/user/.m2/repository/org/apache/kerby/kerb-util/1.0.1/kerb-util-1.0.1.jar:/home/user/.m2/repository/org/apache/kerby/token-provider/1.0.1/token-provider-1.0.1.jar:/home/user/.m2/repository/org/apache/kerby/kerb-admin/1.0.1/kerb-admin-1.0.1.jar:/home/user/.m2/repository/org/apache/kerby/kerb-server/1.0.1/kerb-server-1.0.1.jar:/home/user/.m2/repository/org/apache/kerby/kerb-identity/1.0.1/kerb-identity-1.0.1.jar:/home/user/.m2/repository/org/apache/kerby/kerby-xdr/1.0.1/kerby-xdr-1.0.1.jar:/home/user/.m2/repository/com/fasterxml/jackson/core/jackson-databind/2.9.9/jackson-databind-2.9.9.jar:/home/user/.m2/repository/com/fasterxml/jackson/core/jackson-core/2.9.9/jackson-core-2.9.9.jar:/home/user/.m2/repository/org/codehaus/woodstox/stax2-api/3.1.4/stax2-api-3.1.4.jar:/home/user/.m2/repository/com/fasterxml/woodstox/woodstox-core/5.0.3/woodstox-core-5.0.3.jar:/home/user/.m2/repository/dnsjava/dnsjava/2.1.7/dnsjava-2.1.7.jar:/home/user/.m2/repository/org/apache/hadoop/hadoop-hdfs/3.2.0/hadoop-hdfs-3.2.0.jar:/home/user/.m2/repository/org/eclipse/jetty/jetty-util-ajax/9.3.24.v20180605/jetty-util-ajax-9.3.24.v20180605.jar:/home/user/.m2/repository/commons-daemon/commons-daemon/1.0.13/commons-daemon-1.0.13.jar:/home/user/.m2/repository/io/netty/netty/3.10.5.Final/netty-3.10.5.Final.jar:/home/user/.m2/repository/io/netty/netty-all/4.0.52.Final/netty-all-4.0.52.Final.jar:/home/user/.m2/repository/org/fusesource/leveldbjni/leveldbjni-all/1.8/leveldbjni-all-1.8.jar:/home/user/.m2/repository/com/sun/xml/bind/jaxb-core/2.3.0.1/jaxb-core-2.3.0.1.jar:/home/user/.m2/repository/javax/xml/bind/jaxb-api/2.3.0/jaxb-api-2.3.0.jar:/home/user/.m2/repository/javax/activation/activation/1.1.1/activation-1.1.1.jar:/home/user/.m2/repository/io/dropwizard/metrics/metrics-core/3.2.4/metrics-core-3.2.4.jar:/home/user/.m2/repository/org/openjdk/jmh/jmh-core/1.19/jmh-core-1.19.jar:/home/user/.m2/repository/net/sf/jopt-simple/jopt-simple/4.6/jopt-simple-4.6.jar:/home/user/.m2/repository/org/openjdk/jmh/jmh-generator-annprocess/1.19/jmh-generator-annprocess-1.19.jar:/home/user/.m2/repository/com/amazonaws/aws-java-sdk-s3/1.11.615/aws-java-sdk-s3-1.11.615.jar:/home/user/.m2/repository/com/amazonaws/aws-java-sdk-kms/1.11.615/aws-java-sdk-kms-1.11.615.jar:/home/user/.m2/repository/com/amazonaws/aws-java-sdk-core/1.11.615/aws-java-sdk-core-1.11.615.jar:/home/user/.m2/repository/software/amazon/ion/ion-java/1.0.2/ion-java-1.0.2.jar:/home/user/.m2/repository/com/fasterxml/jackson/dataformat/jackson-dataformat-cbor/2.9.9/jackson-dataformat-cbor-2.9.9.jar:/home/user/.m2/repository/joda-time/joda-time/2.9.9/joda-time-2.9.9.jar:/home/user/.m2/repository/com/amazonaws/jmespath-java/1.11.615/jmespath-java-1.11.615.jar:/home/user/.m2/repository/com/google/code/findbugs/findbugs/3.0.1/findbugs-3.0.1.jar:/home/user/.m2/repository/net/jcip/jcip-annotations/1.0/jcip-annotations-1.0.jar:/home/user/.m2/repository/com/google/code/findbugs/bcel-findbugs/6.0/bcel-findbugs-6.0.jar:/home/user/.m2/repository/com/google/code/findbugs/jFormatString/2.0.1/jFormatString-2.0.1.jar:/home/user/.m2/repository/dom4j/dom4j/1.6.1/dom4j-1.6.1.jar:/home/user/.m2/repository/xml-apis/xml-apis/1.0.b2/xml-apis-1.0.b2.jar:/home/user/.m2/repository/org/ow2/asm/asm-debug-all/5.0.2/asm-debug-all-5.0.2.jar:/home/user/.m2/repository/org/ow2/asm/asm-commons/5.0.2/asm-commons-5.0.2.jar:/home/user/.m2/repository/org/ow2/asm/asm-tree/5.0.2/asm-tree-5.0.2.jar:/home/user/.m2/repository/org/ow2/asm/asm/5.0.4/asm-5.0.4.jar:/home/user/.m2/repository/commons-lang/commons-lang/2.6/commons-lang-2.6.jar:/home/user/.m2/repository/com/apple/AppleJavaExtensions/1.4/AppleJavaExtensions-1.4.jar:/home/user/.m2/repository/jaxen/jaxen/1.1.6/jaxen-1.1.6.jar:/home/user/.m2/repository/junit/junit/4.11/junit-4.11.jar:/home/user/.m2/repository/org/hamcrest/hamcrest-core/1.3/hamcrest-core-1.3.jar:/home/user/.m2/repository/org/apache/hadoop/hadoop-common/3.2.0/hadoop-common-3.2.0-tests.jar:/workdir/hadoop-ozone/integration-test/target/test-classes:/home/user/.m2/repository/org/apache/hadoop/hadoop-ozone-s3gateway/0.5.0-SNAPSHOT/hadoop-ozone-s3gateway-0.5.0-SNAPSHOT.jar:/home/user/.m2/repository/org/jboss/weld/servlet/weld-servlet/2.4.7.Final/weld-servlet-2.4.7.Final.jar:/home/user/.m2/repository/org/glassfish/jersey/containers/jersey-container-servlet-core/2.27/jersey-container-servlet-core-2.27.jar:/home/user/.m2/repository/org/glassfish/hk2/external/javax.inject/2.5.0-b42/javax.inject-2.5.0-b42.jar:/home/user/.m2/repository/org/glassfish/jersey/core/jersey-common/2.27/jersey-common-2.27.jar:/home/user/.m2/repository/org/glassfish/hk2/osgi-resource-locator/1.0.1/osgi-resource-locator-1.0.1.jar:/home/user/.m2/repository/javax/ws/rs/javax.ws.rs-api/2.1/javax.ws.rs-api-2.1.jar:/home/user/.m2/repository/org/glassfish/jersey/ext/cdi/jersey-cdi1x/2.27/jersey-cdi1x-2.27.jar:/home/user/.m2/repository/org/glassfish/jersey/inject/jersey-hk2/2.27/jersey-hk2-2.27.jar:/home/user/.m2/repository/org/glassfish/hk2/hk2-locator/2.5.0-b42/hk2-locator-2.5.0-b42.jar:/home/user/.m2/repository/org/javassist/javassist/3.22.0-CR2/javassist-3.22.0-CR2.jar:/home/user/.m2/repository/org/glassfish/hk2/hk2-api/2.5.0/hk2-api-2.5.0.jar:/home/user/.m2/repository/org/glassfish/hk2/external/jakarta.inject/2.5.0/jakarta.inject-2.5.0.jar:/home/user/.m2/repository/org/glassfish/hk2/hk2-utils/2.5.0/hk2-utils-2.5.0.jar:/home/user/.m2/repository/jakarta/annotation/jakarta.annotation-api/1.3.4/jakarta.annotation-api-1.3.4.jar:/home/user/.m2/repository/org/glassfish/hk2/external/aopalliance-repackaged/2.5.0/aopalliance-repackaged-2.5.0.jar:/home/user/.m2/repository/com/fasterxml/jackson/dataformat/jackson-dataformat-xml/2.9.0/jackson-dataformat-xml-2.9.0.jar:/home/user/.m2/repository/com/fasterxml/jackson/module/jackson-module-jaxb-annotations/2.9.9/jackson-module-jaxb-annotations-2.9.9.jar:/home/user/.m2/repository/javax/enterprise/cdi-api/1.2/cdi-api-1.2.jar:/home/user/.m2/repository/javax/el/javax.el-api/3.0.0/javax.el-api-3.0.0.jar:/home/user/.m2/repository/javax/interceptor/javax.interceptor-api/1.2/javax.interceptor-api-1.2.jar:/home/user/.m2/repository/javax/inject/javax.inject/1/javax.inject-1.jar:/home/user/.m2/repository/org/apache/hadoop/hadoop-ozone-csi/0.5.0-SNAPSHOT/hadoop-ozone-csi-0.5.0-SNAPSHOT.jar:/home/user/.m2/repository/com/google/protobuf/protobuf-java-util/3.5.1/protobuf-java-util-3.5.1.jar:/home/user/.m2/repository/io/grpc/grpc-netty/1.17.1/grpc-netty-1.17.1.jar:/home/user/.m2/repository/io/grpc/grpc-core/1.17.1/grpc-core-1.17.1.jar:/home/user/.m2/repository/io/grpc/grpc-context/1.17.1/grpc-context-1.17.1.jar:/home/user/.m2/repository/com/google/errorprone/error_prone_annotations/2.2.0/error_prone_annotations-2.2.0.jar:/home/user/.m2/repository/org/codehaus/mojo/animal-sniffer-annotations/1.17/animal-sniffer-annotations-1.17.jar:/home/user/.m2/repository/io/opencensus/opencensus-api/0.17.0/opencensus-api-0.17.0.jar:/home/user/.m2/repository/io/opencensus/opencensus-contrib-grpc-metrics/0.17.0/opencensus-contrib-grpc-metrics-0.17.0.jar:/home/user/.m2/repository/io/netty/netty-codec-http2/4.1.30.Final/netty-codec-http2-4.1.30.Final.jar:/home/user/.m2/repository/io/netty/netty-codec-http/4.1.30.Final/netty-codec-http-4.1.30.Final.jar:/home/user/.m2/repository/io/netty/netty-codec/4.1.30.Final/netty-codec-4.1.30.Final.jar:/home/user/.m2/repository/io/netty/netty-handler/4.1.30.Final/netty-handler-4.1.30.Final.jar:/home/user/.m2/repository/io/netty/netty-handler-proxy/4.1.30.Final/netty-handler-proxy-4.1.30.Final.jar:/home/user/.m2/repository/io/netty/netty-codec-socks/4.1.30.Final/netty-codec-socks-4.1.30.Final.jar:/home/user/.m2/repository/io/netty/netty-transport-native-epoll/4.1.30.Final/netty-transport-native-epoll-4.1.30.Final.jar:/home/user/.m2/repository/io/netty/netty-common/4.1.30.Final/netty-common-4.1.30.Final.jar:/home/user/.m2/repository/io/netty/netty-buffer/4.1.30.Final/netty-buffer-4.1.30.Final.jar:/home/user/.m2/repository/io/netty/netty-transport/4.1.30.Final/netty-transport-4.1.30.Final.jar:/home/user/.m2/repository/io/netty/netty-resolver/4.1.30.Final/netty-resolver-4.1.30.Final.jar:/home/user/.m2/repository/io/netty/netty-transport-native-unix-common/4.1.30.Final/netty-transport-native-unix-common-4.1.30.Final.jar:/home/user/.m2/repository/io/grpc/grpc-protobuf/1.17.1/grpc-protobuf-1.17.1.jar:/home/user/.m2/repository/com/google/api/grpc/proto-google-common-protos/1.0.0/proto-google-common-protos-1.0.0.jar:/home/user/.m2/repository/io/grpc/grpc-protobuf-lite/1.17.1/grpc-protobuf-lite-1.17.1.jar:/home/user/.m2/repository/io/grpc/grpc-stub/1.17.1/grpc-stub-1.17.1.jar:/home/user/.m2/repository/org/apache/hadoop/hadoop-ozone-recon/0.5.0-SNAPSHOT/hadoop-ozone-recon-0.5.0-SNAPSHOT.jar:/home/user/.m2/repository/org/apache/hadoop/hadoop-ozone-reconcodegen/0.5.0-SNAPSHOT/hadoop-ozone-reconcodegen-0.5.0-SNAPSHOT.jar:/home/user/.m2/repository/com/google/inject/extensions/guice-multibindings/4.0/guice-multibindings-4.0.jar:/home/user/.m2/repository/com/google/inject/guice/4.0/guice-4.0.jar:/home/user/.m2/repository/aopalliance/aopalliance/1.0/aopalliance-1.0.jar:/home/user/.m2/repository/com/google/inject/extensions/guice-servlet/4.0/guice-servlet-4.0.jar:/home/user/.m2/repository/org/glassfish/jersey/containers/jersey-container-servlet/2.27/jersey-container-servlet-2.27.jar:/home/user/.m2/repository/org/glassfish/hk2/guice-bridge/2.5.0/guice-bridge-2.5.0.jar:/home/user/.m2/repository/org/glassfish/jersey/core/jersey-server/2.27/jersey-server-2.27.jar:/home/user/.m2/repository/org/glassfish/jersey/core/jersey-client/2.27/jersey-client-2.27.jar:/home/user/.m2/repository/org/glassfish/jersey/media/jersey-media-jaxb/2.27/jersey-media-jaxb-2.27.jar:/home/user/.m2/repository/javax/validation/validation-api/1.1.0.Final/validation-api-1.1.0.Final.jar:/home/user/.m2/repository/org/glassfish/jersey/media/jersey-media-json-jackson/2.27/jersey-media-json-jackson-2.27.jar:/home/user/.m2/repository/org/glassfish/jersey/ext/jersey-entity-filtering/2.27/jersey-entity-filtering-2.27.jar:/home/user/.m2/repository/com/google/inject/extensions/guice-assistedinject/4.0/guice-assistedinject-4.0.jar:/home/user/.m2/repository/org/jooq/jooq/3.11.10/jooq-3.11.10.jar:/home/user/.m2/repository/org/jooq/jooq-meta/3.11.10/jooq-meta-3.11.10.jar:/home/user/.m2/repository/org/jooq/jooq-codegen/3.11.10/jooq-codegen-3.11.10.jar:/home/user/.m2/repository/com/jolbox/bonecp/0.8.0.RELEASE/bonecp-0.8.0.RELEASE.jar:/home/user/.m2/repository/org/springframework/spring-jdbc/5.1.3.RELEASE/spring-jdbc-5.1.3.RELEASE.jar:/home/user/.m2/repository/org/springframework/spring-beans/5.1.3.RELEASE/spring-beans-5.1.3.RELEASE.jar:/home/user/.m2/repository/org/springframework/spring-core/5.1.3.RELEASE/spring-core-5.1.3.RELEASE.jar:/home/user/.m2/repository/org/springframework/spring-jcl/5.1.3.RELEASE/spring-jcl-5.1.3.RELEASE.jar:/home/user/.m2/repository/org/springframework/spring-tx/5.1.3.RELEASE/spring-tx-5.1.3.RELEASE.jar:/home/user/.m2/repository/org/mockito/mockito-core/2.15.0/mockito-core-2.15.0.jar:/home/user/.m2/repository/net/bytebuddy/byte-buddy/1.7.9/byte-buddy-1.7.9.jar:/home/user/.m2/repository/net/bytebuddy/byte-buddy-agent/1.7.9/byte-buddy-agent-1.7.9.jar:/home/user/.m2/repository/org/objenesis/objenesis/1.0/objenesis-1.0.jar:"/>
    <property name="sun.cpu.endian" value="little"/>
    <property name="user.home" value="/home/user"/>
    <property name="user.language" value="en"/>
    <property name="java.specification.vendor" value="Oracle Corporation"/>
    <property name="java.home" value="/usr/lib/jvm/java-1.8-openjdk/jre"/>
    <property name="java.security.krb5.conf" value="/workdir/hadoop-ozone/tools/target/test-classes/krb5.conf"/>
    <property name="basedir" value="/workdir/hadoop-ozone/tools"/>
    <property name="file.separator" value="/"/>
    <property name="line.separator" value="&#10;"/>
    <property name="java.vm.specification.vendor" value="Oracle Corporation"/>
    <property name="java.specification.name" value="Java Platform API Specification"/>
    <property name="java.awt.graphicsenv" value="sun.awt.X11GraphicsEnvironment"/>
    <property name="surefire.real.class.path" value="/workdir/hadoop-ozone/tools/target/surefire/surefirebooter4467471955379314011.jar"/>
    <property name="hadoop.log.dir" value="/workdir/hadoop-ozone/tools/target/log"/>
    <property name="sun.boot.class.path" value="/usr/lib/jvm/java-1.8-openjdk/jre/lib/resources.jar:/usr/lib/jvm/java-1.8-openjdk/jre/lib/rt.jar:/usr/lib/jvm/java-1.8-openjdk/jre/lib/sunrsasign.jar:/usr/lib/jvm/java-1.8-openjdk/jre/lib/jsse.jar:/usr/lib/jvm/java-1.8-openjdk/jre/lib/jce.jar:/usr/lib/jvm/java-1.8-openjdk/jre/lib/charsets.jar:/usr/lib/jvm/java-1.8-openjdk/jre/lib/jfr.jar:/usr/lib/jvm/java-1.8-openjdk/jre/classes"/>
    <property name="sun.management.compiler" value="HotSpot 64-Bit Tiered Compilers"/>
    <property name="java.runtime.version" value="1.8.0_212-b04"/>
    <property name="java.net.preferIPv4Stack" value="true"/>
    <property name="user.name" value="jenkins1000"/>
    <property name="path.separator" value=":"/>
    <property name="java.security.egd" value="file:///dev/urandom"/>
    <property name="os.version" value="3.10.0-957.12.2.el7.x86_64"/>
    <property name="java.endorsed.dirs" value="/usr/lib/jvm/java-1.8-openjdk/jre/lib/endorsed"/>
    <property name="java.runtime.name" value="OpenJDK Runtime Environment"/>
    <property name="file.encoding" value="UTF-8"/>
    <property name="java.vm.name" value="OpenJDK 64-Bit Server VM"/>
    <property name="test.build.webapps" value=""/>
    <property name="localRepository" value="/home/user/.m2/repository"/>
    <property name="java.vendor.url.bug" value="https://icedtea.classpath.org/bugzilla"/>
    <property name="java.io.tmpdir" value="/tmp"/>
    <property name="require.test.libhadoop" value=""/>
    <property name="java.version" value="1.8.0_212"/>
    <property name="user.dir" value="/workdir/hadoop-ozone/tools"/>
    <property name="os.arch" value="amd64"/>
    <property name="java.vm.specification.name" value="Java Virtual Machine Specification"/>
    <property name="test.build.classes" value="/workdir/hadoop-ozone/tools/target/test-classes"/>
    <property name="java.awt.printerjob" value="sun.print.PSPrinterJob"/>
    <property name="sun.os.patch.level" value="unknown"/>
    <property name="hadoop.tmp.dir" value="/workdir/hadoop-ozone/tools/target/tmp"/>
    <property name="java.library.path" value="/usr/lib/jvm/java-1.8-openjdk/jre/lib/amd64/server:/usr/lib/jvm/java-1.8-openjdk/jre/lib/amd64:/usr/lib/jvm/java-1.8-openjdk/jre/../lib/amd64:/workdir/hadoop-ozone/tools/target/native/target/usr/local/lib:/workdir/hadoop-ozone/tools/../../hadoop-common-project/hadoop-common/target/native/target/usr/local/lib:/usr/java/packages/lib/amd64:/usr/lib64:/lib64:/lib:/usr/lib"/>
    <property name="java.vm.info" value="mixed mode"/>
    <property name="java.vendor" value="IcedTea"/>
    <property name="java.vm.version" value="25.212-b04"/>
    <property name="java.ext.dirs" value="/usr/lib/jvm/java-1.8-openjdk/jre/lib/ext:/usr/java/packages/lib/ext"/>
    <property name="sun.io.unicode.encoding" value="UnicodeLittle"/>
    <property name="java.class.version" value="52.0"/>
  </properties>
  <testcase name="ratisTest3" classname="org.apache.hadoop.ozone.freon.TestRandomKeyGenerator" time="110.669"/>
  <testcase name="testThreadPoolSize" classname="org.apache.hadoop.ozone.freon.TestRandomKeyGenerator" time="5.02"/>
  <testcase name="defaultTest" classname="org.apache.hadoop.ozone.freon.TestRandomKeyGenerator" time="10.016"/>
  <testcase name="bigFileThan2GB" classname="org.apache.hadoop.ozone.freon.TestRandomKeyGenerator" time="128.509">
    <error message="Allocated 0 blocks. Requested 1 blocks" type="INTERNAL_ERROR org.apache.hadoop.ozone.om.exceptions.OMException">INTERNAL_ERROR org.apache.hadoop.ozone.om.exceptions.OMException: Allocated 0 blocks. Requested 1 blocks
	at org.apache.hadoop.ozone.om.protocolPB.OzoneManagerProtocolClientSideTranslatorPB.handleError(OzoneManagerProtocolClientSideTranslatorPB.java:731)
	at org.apache.hadoop.ozone.om.protocolPB.OzoneManagerProtocolClientSideTranslatorPB.allocateBlock(OzoneManagerProtocolClientSideTranslatorPB.java:763)
	at sun.reflect.GeneratedMethodAccessor527.invoke(Unknown Source)
	at sun.reflect.DelegatingMethodAccessorImpl.invoke(DelegatingMethodAccessorImpl.java:43)
	at java.lang.reflect.Method.invoke(Method.java:498)
	at org.apache.hadoop.hdds.tracing.TraceAllMethod.invoke(TraceAllMethod.java:66)
	at com.sun.proxy.$Proxy37.allocateBlock(Unknown Source)
	at org.apache.hadoop.ozone.client.io.BlockOutputStreamEntryPool.allocateNewBlock(BlockOutputStreamEntryPool.java:248)
	at org.apache.hadoop.ozone.client.io.BlockOutputStreamEntryPool.allocateBlockIfNeeded(BlockOutputStreamEntryPool.java:296)
	at org.apache.hadoop.ozone.client.io.KeyOutputStream.handleWrite(KeyOutputStream.java:198)
	at org.apache.hadoop.ozone.client.io.KeyOutputStream.write(KeyOutputStream.java:190)
	at org.apache.hadoop.ozone.client.io.OzoneOutputStream.write(OzoneOutputStream.java:49)
	at org.apache.hadoop.ozone.freon.RandomKeyGenerator.createKey(RandomKeyGenerator.java:708)
	at org.apache.hadoop.ozone.freon.RandomKeyGenerator.access$1100(RandomKeyGenerator.java:88)
	at org.apache.hadoop.ozone.freon.RandomKeyGenerator$ObjectCreator.run(RandomKeyGenerator.java:615)
	at java.util.concurrent.Executors$RunnableAdapter.call(Executors.java:511)
	at java.util.concurrent.FutureTask.run(FutureTask.java:266)
	at java.util.concurrent.ThreadPoolExecutor.runWorker(ThreadPoolExecutor.java:1149)
	at java.util.concurrent.ThreadPoolExecutor$Worker.run(ThreadPoolExecutor.java:624)
	at java.lang.Thread.run(Thread.java:748)
</error>
    <system-out><![CDATA[2019-09-19 11:25:56,190 [main] INFO  freon.RandomKeyGenerator (RandomKeyGenerator.java:call(283)) - Number of Threads: 1
2019-09-19 11:25:56,191 [main] INFO  freon.RandomKeyGenerator (RandomKeyGenerator.java:call(288)) - Number of Volumes: 1.
2019-09-19 11:25:56,191 [main] INFO  freon.RandomKeyGenerator (RandomKeyGenerator.java:call(289)) - Number of Buckets per Volume: 1.
2019-09-19 11:25:56,191 [main] INFO  freon.RandomKeyGenerator (RandomKeyGenerator.java:call(290)) - Number of Keys per Bucket: 1.
2019-09-19 11:25:56,191 [main] INFO  freon.RandomKeyGenerator (RandomKeyGenerator.java:call(291)) - Key size: 2147483657 bytes
2019-09-19 11:25:56,191 [main] INFO  freon.RandomKeyGenerator (RandomKeyGenerator.java:call(292)) - Buffer size: 4096 bytes
2019-09-19 11:25:56,191 [main] INFO  freon.RandomKeyGenerator (RandomKeyGenerator.java:call(293)) - validateWrites : true
2019-09-19 11:25:56,192 [pool-277-thread-1] INFO  rpc.RpcClient (RpcClient.java:createVolume(303)) - Creating Volume: vol-0-50687, with jenkins1000 as owner.
2019-09-19 11:25:56,192 [main] INFO  freon.RandomKeyGenerator (RandomKeyGenerator.java:call(307)) - Data validation is enabled.
2019-09-19 11:25:56,194 [main] INFO  freon.RandomKeyGenerator (RandomKeyGenerator.java:call(313)) - Starting progress bar Thread.

 0.00% |█                                                                                                    |  0/1 Time: 0:00:002019-09-19 11:25:56,195 [IPC Server handler 14 on 34391] INFO  volume.OMVolumeCreateRequest (OMVolumeCreateRequest.java:validateAndUpdateCache(189)) - created volume:vol-0-50687 for user:jenkins1000
2019-09-19 11:25:56,197 [pool-277-thread-1] INFO  rpc.RpcClient (RpcClient.java:createBucket(442)) - Creating Bucket: vol-0-50687/bucket-0-41182, with Versioning false and Storage Type set to DISK and Encryption set to false 
2019-09-19 11:25:56,252 [grpc-default-executor-6] INFO  client.GrpcClientProtocolClient (GrpcClientProtocolClient.java:onNext(264)) - client-D9B31DDCE961->76d6a15c-8eeb-4764-b555-ce8767d18d57: receive RaftClientReply:client-D9B31DDCE961->76d6a15c-8eeb-4764-b555-ce8767d18d57@group-597320EF17B3, cid=599, FAILED org.apache.ratis.protocol.NotLeaderException: Server 76d6a15c-8eeb-4764-b555-ce8767d18d57@group-597320EF17B3 is not the leader 18b22b39-7551-46dd-8464-dd74933c4739:192.168.5.171:33085, logIndex=0, commits[76d6a15c-8eeb-4764-b555-ce8767d18d57:c654, 18b22b39-7551-46dd-8464-dd74933c4739:c654, c90dcfdf-5973-4b56-a955-1fc4555f10cb:c654]
2019-09-19 11:25:56,280 [grpc-default-executor-1] INFO  client.GrpcClientProtocolClient (GrpcClientProtocolClient.java:onNext(264)) - client-D9B31DDCE961->18b22b39-7551-46dd-8464-dd74933c4739: receive RaftClientReply:client-D9B31DDCE961->18b22b39-7551-46dd-8464-dd74933c4739@group-597320EF17B3, cid=599, SUCCESS, logIndex=655, commits[18b22b39-7551-46dd-8464-dd74933c4739:c655, 76d6a15c-8eeb-4764-b555-ce8767d18d57:c654, c90dcfdf-5973-4b56-a955-1fc4555f10cb:c654]
2019-09-19 11:25:56,446 [grpc-default-executor-1] INFO  client.GrpcClientProtocolClient (GrpcClientProtocolClient.java:onNext(264)) - client-D9B31DDCE961->18b22b39-7551-46dd-8464-dd74933c4739: receive RaftClientReply:client-D9B31DDCE961->18b22b39-7551-46dd-8464-dd74933c4739@group-597320EF17B3, cid=600, SUCCESS, logIndex=657, commits[18b22b39-7551-46dd-8464-dd74933c4739:c659, 76d6a15c-8eeb-4764-b555-ce8767d18d57:c655, c90dcfdf-5973-4b56-a955-1fc4555f10cb:c655]
2019-09-19 11:25:56,447 [grpc-default-executor-1] INFO  client.GrpcClientProtocolClient (GrpcClientProtocolClient.java:onNext(264)) - client-D9B31DDCE961->18b22b39-7551-46dd-8464-dd74933c4739: receive RaftClientReply:client-D9B31DDCE961->18b22b39-7551-46dd-8464-dd74933c4739@group-597320EF17B3, cid=601, SUCCESS, logIndex=658, commits[18b22b39-7551-46dd-8464-dd74933c4739:c659, 76d6a15c-8eeb-4764-b555-ce8767d18d57:c655, c90dcfdf-5973-4b56-a955-1fc4555f10cb:c655]
2019-09-19 11:25:56,447 [grpc-default-executor-1] INFO  client.GrpcClientProtocolClient (GrpcClientProtocolClient.java:onNext(264)) - client-D9B31DDCE961->18b22b39-7551-46dd-8464-dd74933c4739: receive RaftClientReply:client-D9B31DDCE961->18b22b39-7551-46dd-8464-dd74933c4739@group-597320EF17B3, cid=602, SUCCESS, logIndex=659, commits[18b22b39-7551-46dd-8464-dd74933c4739:c659, 76d6a15c-8eeb-4764-b555-ce8767d18d57:c655, c90dcfdf-5973-4b56-a955-1fc4555f10cb:c655]
2019-09-19 11:25:56,461 [grpc-default-executor-3] INFO  client.GrpcClientProtocolClient (GrpcClientProtocolClient.java:onNext(264)) - client-D9B31DDCE961->18b22b39-7551-46dd-8464-dd74933c4739: receive RaftClientReply:client-D9B31DDCE961->18b22b39-7551-46dd-8464-dd74933c4739@group-597320EF17B3, cid=603, SUCCESS, logIndex=0, commits[18b22b39-7551-46dd-8464-dd74933c4739:c660, 76d6a15c-8eeb-4764-b555-ce8767d18d57:c658, c90dcfdf-5973-4b56-a955-1fc4555f10cb:c657]
2019-09-19 11:25:56,488 [grpc-default-executor-3] INFO  client.GrpcClientProtocolClient (GrpcClientProtocolClient.java:onNext(264)) - client-D9B31DDCE961->18b22b39-7551-46dd-8464-dd74933c4739: receive RaftClientReply:client-D9B31DDCE961->18b22b39-7551-46dd-8464-dd74933c4739@group-597320EF17B3, cid=604, SUCCESS, logIndex=663, commits[18b22b39-7551-46dd-8464-dd74933c4739:c664, 76d6a15c-8eeb-4764-b555-ce8767d18d57:c662, c90dcfdf-5973-4b56-a955-1fc4555f10cb:c662]
2019-09-19 11:25:56,489 [grpc-default-executor-3] INFO  client.GrpcClientProtocolClient (GrpcClientProtocolClient.java:onNext(264)) - client-D9B31DDCE961->18b22b39-7551-46dd-8464-dd74933c4739: receive RaftClientReply:client-D9B31DDCE961->18b22b39-7551-46dd-8464-dd74933c4739@group-597320EF17B3, cid=605, SUCCESS, logIndex=664, commits[18b22b39-7551-46dd-8464-dd74933c4739:c664, 76d6a15c-8eeb-4764-b555-ce8767d18d57:c662, c90dcfdf-5973-4b56-a955-1fc4555f10cb:c662]
2019-09-19 11:25:56,517 [grpc-default-executor-3] INFO  client.GrpcClientProtocolClient (GrpcClientProtocolClient.java:onNext(264)) - client-D9B31DDCE961->18b22b39-7551-46dd-8464-dd74933c4739: receive RaftClientReply:client-D9B31DDCE961->18b22b39-7551-46dd-8464-dd74933c4739@group-597320EF17B3, cid=606, SUCCESS, logIndex=667, commits[18b22b39-7551-46dd-8464-dd74933c4739:c668, 76d6a15c-8eeb-4764-b555-ce8767d18d57:c664, c90dcfdf-5973-4b56-a955-1fc4555f10cb:c664]
2019-09-19 11:25:56,518 [grpc-default-executor-3] INFO  client.GrpcClientProtocolClient (GrpcClientProtocolClient.java:onNext(264)) - client-D9B31DDCE961->18b22b39-7551-46dd-8464-dd74933c4739: receive RaftClientReply:client-D9B31DDCE961->18b22b39-7551-46dd-8464-dd74933c4739@group-597320EF17B3, cid=607, SUCCESS, logIndex=668, commits[18b22b39-7551-46dd-8464-dd74933c4739:c668, 76d6a15c-8eeb-4764-b555-ce8767d18d57:c664, c90dcfdf-5973-4b56-a955-1fc4555f10cb:c664]
2019-09-19 11:25:56,528 [grpc-default-executor-3] INFO  client.GrpcClientProtocolClient (GrpcClientProtocolClient.java:onNext(264)) - client-D9B31DDCE961->18b22b39-7551-46dd-8464-dd74933c4739: receive RaftClientReply:client-D9B31DDCE961->18b22b39-7551-46dd-8464-dd74933c4739@group-597320EF17B3, cid=608, SUCCESS, logIndex=0, commits[18b22b39-7551-46dd-8464-dd74933c4739:c669, 76d6a15c-8eeb-4764-b555-ce8767d18d57:c668, c90dcfdf-5973-4b56-a955-1fc4555f10cb:c668]
2019-09-19 11:25:56,554 [grpc-default-executor-3] INFO  client.GrpcClientProtocolClient (GrpcClientProtocolClient.java:onNext(264)) - client-D9B31DDCE961->18b22b39-7551-46dd-8464-dd74933c4739: receive RaftClientReply:client-D9B31DDCE961->18b22b39-7551-46dd-8464-dd74933c4739@group-597320EF17B3, cid=609, SUCCESS, logIndex=671, commits[18b22b39-7551-46dd-8464-dd74933c4739:c672, 76d6a15c-8eeb-4764-b555-ce8767d18d57:c670, c90dcfdf-5973-4b56-a955-1fc4555f10cb:c668]
2019-09-19 11:25:56,555 [grpc-default-executor-3] INFO  client.GrpcClientProtocolClient (GrpcClientProtocolClient.java:onNext(264)) - client-D9B31DDCE961->18b22b39-7551-46dd-8464-dd74933c4739: receive RaftClientReply:client-D9B31DDCE961->18b22b39-7551-46dd-8464-dd74933c4739@group-597320EF17B3, cid=610, SUCCESS, logIndex=672, commits[18b22b39-7551-46dd-8464-dd74933c4739:c672, 76d6a15c-8eeb-4764-b555-ce8767d18d57:c670, c90dcfdf-5973-4b56-a955-1fc4555f10cb:c670]
2019-09-19 11:25:56,556 [grpc-default-executor-6] INFO  client.GrpcClientProtocolClient (GrpcClientProtocolClient.java:onNext(264)) - client-D9B31DDCE961->18b22b39-7551-46dd-8464-dd74933c4739: receive RaftClientReply:client-D9B31DDCE961->18b22b39-7551-46dd-8464-dd74933c4739@group-597320EF17B3, cid=611, SUCCESS, logIndex=673, commits[18b22b39-7551-46dd-8464-dd74933c4739:c674, 76d6a15c-8eeb-4764-b555-ce8767d18d57:c670, c90dcfdf-5973-4b56-a955-1fc4555f10cb:c670]
2019-09-19 11:25:56,557 [grpc-default-executor-6] INFO  client.GrpcClientProtocolClient (GrpcClientProtocolClient.java:onNext(264)) - client-D9B31DDCE961->18b22b39-7551-46dd-8464-dd74933c4739: receive RaftClientReply:client-D9B31DDCE961->18b22b39-7551-46dd-8464-dd74933c4739@group-597320EF17B3, cid=612, SUCCESS, logIndex=674, commits[18b22b39-7551-46dd-8464-dd74933c4739:c674, 76d6a15c-8eeb-4764-b555-ce8767d18d57:c672, c90dcfdf-5973-4b56-a955-1fc4555f10cb:c670]
2019-09-19 11:25:56,559 [grpc-default-executor-3] INFO  client.GrpcClientProtocolClient (GrpcClientProtocolClient.java:onNext(264)) - client-D9B31DDCE961->18b22b39-7551-46dd-8464-dd74933c4739: receive RaftClientReply:client-D9B31DDCE961->18b22b39-7551-46dd-8464-dd74933c4739@group-597320EF17B3, cid=613, SUCCESS, logIndex=0, commits[18b22b39-7551-46dd-8464-dd74933c4739:c678, 76d6a15c-8eeb-4764-b555-ce8767d18d57:c674, c90dcfdf-5973-4b56-a955-1fc4555f10cb:c672]
2019-09-19 11:25:56,582 [grpc-default-executor-1] INFO  client.GrpcClientProtocolClient (GrpcClientProtocolClient.java:onNext(264)) - client-D9B31DDCE961->18b22b39-7551-46dd-8464-dd74933c4739: receive RaftClientReply:client-D9B31DDCE961->18b22b39-7551-46dd-8464-dd74933c4739@group-597320EF17B3, cid=614, SUCCESS, logIndex=679, commits[18b22b39-7551-46dd-8464-dd74933c4739:c680, 76d6a15c-8eeb-4764-b555-ce8767d18d57:c678, c90dcfdf-5973-4b56-a955-1fc4555f10cb:c678]
2019-09-19 11:25:56,582 [grpc-default-executor-1] INFO  client.GrpcClientProtocolClient (GrpcClientProtocolClient.java:onNext(264)) - client-D9B31DDCE961->18b22b39-7551-46dd-8464-dd74933c4739: receive RaftClientReply:client-D9B31DDCE961->18b22b39-7551-46dd-8464-dd74933c4739@group-597320EF17B3, cid=615, SUCCESS, logIndex=680, commits[18b22b39-7551-46dd-8464-dd74933c4739:c680, 76d6a15c-8eeb-4764-b555-ce8767d18d57:c678, c90dcfdf-5973-4b56-a955-1fc4555f10cb:c678]
2019-09-19 11:25:56,610 [grpc-default-executor-3] INFO  client.GrpcClientProtocolClient (GrpcClientProtocolClient.java:onNext(264)) - client-D9B31DDCE961->18b22b39-7551-46dd-8464-dd74933c4739: receive RaftClientReply:client-D9B31DDCE961->18b22b39-7551-46dd-8464-dd74933c4739@group-597320EF17B3, cid=616, SUCCESS, logIndex=683, commits[18b22b39-7551-46dd-8464-dd74933c4739:c684, 76d6a15c-8eeb-4764-b555-ce8767d18d57:c680, c90dcfdf-5973-4b56-a955-1fc4555f10cb:c680]
2019-09-19 11:25:56,610 [grpc-default-executor-3] INFO  client.GrpcClientProtocolClient (GrpcClientProtocolClient.java:onNext(264)) - client-D9B31DDCE961->18b22b39-7551-46dd-8464-dd74933c4739: receive RaftClientReply:client-D9B31DDCE961->18b22b39-7551-46dd-8464-dd74933c4739@group-597320EF17B3, cid=617, SUCCESS, logIndex=684, commits[18b22b39-7551-46dd-8464-dd74933c4739:c684, 76d6a15c-8eeb-4764-b555-ce8767d18d57:c680, c90dcfdf-5973-4b56-a955-1fc4555f10cb:c680]
2019-09-19 11:25:56,626 [grpc-default-executor-3] INFO  client.GrpcClientProtocolClient (GrpcClientProtocolClient.java:onNext(264)) - client-D9B31DDCE961->18b22b39-7551-46dd-8464-dd74933c4739: receive RaftClientReply:client-D9B31DDCE961->18b22b39-7551-46dd-8464-dd74933c4739@group-597320EF17B3, cid=618, SUCCESS, logIndex=0, commits[18b22b39-7551-46dd-8464-dd74933c4739:c686, 76d6a15c-8eeb-4764-b555-ce8767d18d57:c684, c90dcfdf-5973-4b56-a955-1fc4555f10cb:c684]
2019-09-19 11:25:56,656 [grpc-default-executor-6] INFO  client.GrpcClientProtocolClient (GrpcClientProtocolClient.java:onNext(264)) - client-D9B31DDCE961->18b22b39-7551-46dd-8464-dd74933c4739: receive RaftClientReply:client-D9B31DDCE961->18b22b39-7551-46dd-8464-dd74933c4739@group-597320EF17B3, cid=619, SUCCESS, logIndex=687, commits[18b22b39-7551-46dd-8464-dd74933c4739:c688, 76d6a15c-8eeb-4764-b555-ce8767d18d57:c686, c90dcfdf-5973-4b56-a955-1fc4555f10cb:c686]
2019-09-19 11:25:56,656 [grpc-default-executor-6] INFO  client.GrpcClientProtocolClient (GrpcClientProtocolClient.java:onNext(264)) - client-D9B31DDCE961->18b22b39-7551-46dd-8464-dd74933c4739: receive RaftClientReply:client-D9B31DDCE961->18b22b39-7551-46dd-8464-dd74933c4739@group-597320EF17B3, cid=620, SUCCESS, logIndex=688, commits[18b22b39-7551-46dd-8464-dd74933c4739:c690, 76d6a15c-8eeb-4764-b555-ce8767d18d57:c686, c90dcfdf-5973-4b56-a955-1fc4555f10cb:c686]
2019-09-19 11:25:56,657 [grpc-default-executor-6] INFO  client.GrpcClientProtocolClient (GrpcClientProtocolClient.java:onNext(264)) - client-D9B31DDCE961->18b22b39-7551-46dd-8464-dd74933c4739: receive RaftClientReply:client-D9B31DDCE961->18b22b39-7551-46dd-8464-dd74933c4739@group-597320EF17B3, cid=621, SUCCESS, logIndex=689, commits[18b22b39-7551-46dd-8464-dd74933c4739:c690, 76d6a15c-8eeb-4764-b555-ce8767d18d57:c686, c90dcfdf-5973-4b56-a955-1fc4555f10cb:c686]
2019-09-19 11:25:56,657 [grpc-default-executor-6] INFO  client.GrpcClientProtocolClient (GrpcClientProtocolClient.java:onNext(264)) - client-D9B31DDCE961->18b22b39-7551-46dd-8464-dd74933c4739: receive RaftClientReply:client-D9B31DDCE961->18b22b39-7551-46dd-8464-dd74933c4739@group-597320EF17B3, cid=622, SUCCESS, logIndex=690, commits[18b22b39-7551-46dd-8464-dd74933c4739:c690, 76d6a15c-8eeb-4764-b555-ce8767d18d57:c686, c90dcfdf-5973-4b56-a955-1fc4555f10cb:c686]
2019-09-19 11:25:56,668 [grpc-default-executor-6] INFO  client.GrpcClientProtocolClient (GrpcClientProtocolClient.java:onNext(264)) - client-D9B31DDCE961->18b22b39-7551-46dd-8464-dd74933c4739: receive RaftClientReply:client-D9B31DDCE961->18b22b39-7551-46dd-8464-dd74933c4739@group-597320EF17B3, cid=623, SUCCESS, logIndex=0, commits[18b22b39-7551-46dd-8464-dd74933c4739:c691, 76d6a15c-8eeb-4764-b555-ce8767d18d57:c688, c90dcfdf-5973-4b56-a955-1fc4555f10cb:c688]
2019-09-19 11:25:56,691 [grpc-default-executor-6] INFO  client.GrpcClientProtocolClient (GrpcClientProtocolClient.java:onNext(264)) - client-D9B31DDCE961->18b22b39-7551-46dd-8464-dd74933c4739: receive RaftClientReply:client-D9B31DDCE961->18b22b39-7551-46dd-8464-dd74933c4739@group-597320EF17B3, cid=624, SUCCESS, logIndex=694, commits[18b22b39-7551-46dd-8464-dd74933c4739:c695, 76d6a15c-8eeb-4764-b555-ce8767d18d57:c693, c90dcfdf-5973-4b56-a955-1fc4555f10cb:c693]
2019-09-19 11:25:56,691 [grpc-default-executor-6] INFO  client.GrpcClientProtocolClient (GrpcClientProtocolClient.java:onNext(264)) - client-D9B31DDCE961->18b22b39-7551-46dd-8464-dd74933c4739: receive RaftClientReply:client-D9B31DDCE961->18b22b39-7551-46dd-8464-dd74933c4739@group-597320EF17B3, cid=625, SUCCESS, logIndex=695, commits[18b22b39-7551-46dd-8464-dd74933c4739:c695, 76d6a15c-8eeb-4764-b555-ce8767d18d57:c693, c90dcfdf-5973-4b56-a955-1fc4555f10cb:c693]
2019-09-19 11:25:56,718 [grpc-default-executor-1] INFO  client.GrpcClientProtocolClient (GrpcClientProtocolClient.java:onNext(264)) - client-D9B31DDCE961->18b22b39-7551-46dd-8464-dd74933c4739: receive RaftClientReply:client-D9B31DDCE961->18b22b39-7551-46dd-8464-dd74933c4739@group-597320EF17B3, cid=626, SUCCESS, logIndex=698, commits[18b22b39-7551-46dd-8464-dd74933c4739:c699, 76d6a15c-8eeb-4764-b555-ce8767d18d57:c695, c90dcfdf-5973-4b56-a955-1fc4555f10cb:c695]
2019-09-19 11:25:56,718 [grpc-default-executor-1] INFO  client.GrpcClientProtocolClient (GrpcClientProtocolClient.java:onNext(264)) - client-D9B31DDCE961->18b22b39-7551-46dd-8464-dd74933c4739: receive RaftClientReply:client-D9B31DDCE961->18b22b39-7551-46dd-8464-dd74933c4739@group-597320EF17B3, cid=627, SUCCESS, logIndex=699, commits[18b22b39-7551-46dd-8464-dd74933c4739:c699, 76d6a15c-8eeb-4764-b555-ce8767d18d57:c695, c90dcfdf-5973-4b56-a955-1fc4555f10cb:c695]
2019-09-19 11:25:56,720 [grpc-default-executor-6] INFO  client.GrpcClientProtocolClient (GrpcClientProtocolClient.java:onNext(264)) - client-D9B31DDCE961->18b22b39-7551-46dd-8464-dd74933c4739: receive RaftClientReply:client-D9B31DDCE961->18b22b39-7551-46dd-8464-dd74933c4739@group-597320EF17B3, cid=628, SUCCESS, logIndex=0, commits[18b22b39-7551-46dd-8464-dd74933c4739:c700, 76d6a15c-8eeb-4764-b555-ce8767d18d57:c699, c90dcfdf-5973-4b56-a955-1fc4555f10cb:c699]
2019-09-19 11:25:56,743 [grpc-default-executor-3] INFO  client.GrpcClientProtocolClient (GrpcClientProtocolClient.java:onNext(264)) - client-D9B31DDCE961->18b22b39-7551-46dd-8464-dd74933c4739: receive RaftClientReply:client-D9B31DDCE961->18b22b39-7551-46dd-8464-dd74933c4739@group-597320EF17B3, cid=629, SUCCESS, logIndex=702, commits[18b22b39-7551-46dd-8464-dd74933c4739:c703, 76d6a15c-8eeb-4764-b555-ce8767d18d57:c701, c90dcfdf-5973-4b56-a955-1fc4555f10cb:c701]
2019-09-19 11:25:56,744 [grpc-default-executor-6] INFO  client.GrpcClientProtocolClient (GrpcClientProtocolClient.java:onNext(264)) - client-D9B31DDCE961->18b22b39-7551-46dd-8464-dd74933c4739: receive RaftClientReply:client-D9B31DDCE961->18b22b39-7551-46dd-8464-dd74933c4739@group-597320EF17B3, cid=630, SUCCESS, logIndex=703, commits[18b22b39-7551-46dd-8464-dd74933c4739:c703, 76d6a15c-8eeb-4764-b555-ce8767d18d57:c701, c90dcfdf-5973-4b56-a955-1fc4555f10cb:c701]
2019-09-19 11:25:56,744 [grpc-default-executor-6] INFO  client.GrpcClientProtocolClient (GrpcClientProtocolClient.java:onNext(264)) - client-D9B31DDCE961->18b22b39-7551-46dd-8464-dd74933c4739: receive RaftClientReply:client-D9B31DDCE961->18b22b39-7551-46dd-8464-dd74933c4739@group-597320EF17B3, cid=631, SUCCESS, logIndex=704, commits[18b22b39-7551-46dd-8464-dd74933c4739:c705, 76d6a15c-8eeb-4764-b555-ce8767d18d57:c701, c90dcfdf-5973-4b56-a955-1fc4555f10cb:c701]
2019-09-19 11:25:56,744 [grpc-default-executor-6] INFO  client.GrpcClientProtocolClient (GrpcClientProtocolClient.java:onNext(264)) - client-D9B31DDCE961->18b22b39-7551-46dd-8464-dd74933c4739: receive RaftClientReply:client-D9B31DDCE961->18b22b39-7551-46dd-8464-dd74933c4739@group-597320EF17B3, cid=632, SUCCESS, logIndex=705, commits[18b22b39-7551-46dd-8464-dd74933c4739:c705, 76d6a15c-8eeb-4764-b555-ce8767d18d57:c701, c90dcfdf-5973-4b56-a955-1fc4555f10cb:c701]
2019-09-19 11:25:56,746 [grpc-default-executor-3] INFO  client.GrpcClientProtocolClient (GrpcClientProtocolClient.java:onNext(264)) - client-D9B31DDCE961->18b22b39-7551-46dd-8464-dd74933c4739: receive RaftClientReply:client-D9B31DDCE961->18b22b39-7551-46dd-8464-dd74933c4739@group-597320EF17B3, cid=633, SUCCESS, logIndex=0, commits[18b22b39-7551-46dd-8464-dd74933c4739:c709, 76d6a15c-8eeb-4764-b555-ce8767d18d57:c703, c90dcfdf-5973-4b56-a955-1fc4555f10cb:c705]
2019-09-19 11:25:56,762 [grpc-default-executor-5] INFO  client.GrpcClientProtocolClient (GrpcClientProtocolClient.java:onNext(264)) - client-D9B31DDCE961->18b22b39-7551-46dd-8464-dd74933c4739: receive RaftClientReply:client-D9B31DDCE961->18b22b39-7551-46dd-8464-dd74933c4739@group-597320EF17B3, cid=634, SUCCESS, logIndex=710, commits[18b22b39-7551-46dd-8464-dd74933c4739:c711, 76d6a15c-8eeb-4764-b555-ce8767d18d57:c709, c90dcfdf-5973-4b56-a955-1fc4555f10cb:c705]
2019-09-19 11:25:56,763 [grpc-default-executor-5] INFO  client.GrpcClientProtocolClient (GrpcClientProtocolClient.java:onNext(264)) - client-D9B31DDCE961->18b22b39-7551-46dd-8464-dd74933c4739: receive RaftClientReply:client-D9B31DDCE961->18b22b39-7551-46dd-8464-dd74933c4739@group-597320EF17B3, cid=635, SUCCESS, logIndex=711, commits[18b22b39-7551-46dd-8464-dd74933c4739:c711, 76d6a15c-8eeb-4764-b555-ce8767d18d57:c709, c90dcfdf-5973-4b56-a955-1fc4555f10cb:c709]
2019-09-19 11:25:56,779 [grpc-default-executor-3] INFO  client.GrpcClientProtocolClient (GrpcClientProtocolClient.java:onNext(264)) - client-D9B31DDCE961->18b22b39-7551-46dd-8464-dd74933c4739: receive RaftClientReply:client-D9B31DDCE961->18b22b39-7551-46dd-8464-dd74933c4739@group-597320EF17B3, cid=636, SUCCESS, logIndex=714, commits[18b22b39-7551-46dd-8464-dd74933c4739:c715, 76d6a15c-8eeb-4764-b555-ce8767d18d57:c713, c90dcfdf-5973-4b56-a955-1fc4555f10cb:c711]
2019-09-19 11:25:56,780 [grpc-default-executor-3] INFO  client.GrpcClientProtocolClient (GrpcClientProtocolClient.java:onNext(264)) - client-D9B31DDCE961->18b22b39-7551-46dd-8464-dd74933c4739: receive RaftClientReply:client-D9B31DDCE961->18b22b39-7551-46dd-8464-dd74933c4739@group-597320EF17B3, cid=637, SUCCESS, logIndex=715, commits[18b22b39-7551-46dd-8464-dd74933c4739:c715, 76d6a15c-8eeb-4764-b555-ce8767d18d57:c713, c90dcfdf-5973-4b56-a955-1fc4555f10cb:c713]
2019-09-19 11:25:56,781 [grpc-default-executor-3] INFO  client.GrpcClientProtocolClient (GrpcClientProtocolClient.java:onNext(264)) - client-D9B31DDCE961->18b22b39-7551-46dd-8464-dd74933c4739: receive RaftClientReply:client-D9B31DDCE961->18b22b39-7551-46dd-8464-dd74933c4739@group-597320EF17B3, cid=638, SUCCESS, logIndex=0, commits[18b22b39-7551-46dd-8464-dd74933c4739:c717, 76d6a15c-8eeb-4764-b555-ce8767d18d57:c715, c90dcfdf-5973-4b56-a955-1fc4555f10cb:c715]
2019-09-19 11:25:56,815 [grpc-default-executor-5] INFO  client.GrpcClientProtocolClient (GrpcClientProtocolClient.java:onNext(264)) - client-D9B31DDCE961->18b22b39-7551-46dd-8464-dd74933c4739: receive RaftClientReply:client-D9B31DDCE961->18b22b39-7551-46dd-8464-dd74933c4739@group-597320EF17B3, cid=639, SUCCESS, logIndex=718, commits[18b22b39-7551-46dd-8464-dd74933c4739:c719, 76d6a15c-8eeb-4764-b555-ce8767d18d57:c717, c90dcfdf-5973-4b56-a955-1fc4555f10cb:c717]
2019-09-19 11:25:56,816 [grpc-default-executor-5] INFO  client.GrpcClientProtocolClient (GrpcClientProtocolClient.java:onNext(264)) - client-D9B31DDCE961->18b22b39-7551-46dd-8464-dd74933c4739: receive RaftClientReply:client-D9B31DDCE961->18b22b39-7551-46dd-8464-dd74933c4739@group-597320EF17B3, cid=640, SUCCESS, logIndex=719, commits[18b22b39-7551-46dd-8464-dd74933c4739:c721, 76d6a15c-8eeb-4764-b555-ce8767d18d57:c717, c90dcfdf-5973-4b56-a955-1fc4555f10cb:c717]
2019-09-19 11:25:56,816 [grpc-default-executor-5] INFO  client.GrpcClientProtocolClient (GrpcClientProtocolClient.java:onNext(264)) - client-D9B31DDCE961->18b22b39-7551-46dd-8464-dd74933c4739: receive RaftClientReply:client-D9B31DDCE961->18b22b39-7551-46dd-8464-dd74933c4739@group-597320EF17B3, cid=641, SUCCESS, logIndex=720, commits[18b22b39-7551-46dd-8464-dd74933c4739:c721, 76d6a15c-8eeb-4764-b555-ce8767d18d57:c717, c90dcfdf-5973-4b56-a955-1fc4555f10cb:c717]
2019-09-19 11:25:56,817 [grpc-default-executor-5] INFO  client.GrpcClientProtocolClient (GrpcClientProtocolClient.java:onNext(264)) - client-D9B31DDCE961->18b22b39-7551-46dd-8464-dd74933c4739: receive RaftClientReply:client-D9B31DDCE961->18b22b39-7551-46dd-8464-dd74933c4739@group-597320EF17B3, cid=642, SUCCESS, logIndex=721, commits[18b22b39-7551-46dd-8464-dd74933c4739:c721, 76d6a15c-8eeb-4764-b555-ce8767d18d57:c717, c90dcfdf-5973-4b56-a955-1fc4555f10cb:c717]
2019-09-19 11:25:56,818 [grpc-default-executor-5] INFO  client.GrpcClientProtocolClient (GrpcClientProtocolClient.java:onNext(264)) - client-D9B31DDCE961->18b22b39-7551-46dd-8464-dd74933c4739: receive RaftClientReply:client-D9B31DDCE961->18b22b39-7551-46dd-8464-dd74933c4739@group-597320EF17B3, cid=643, SUCCESS, logIndex=0, commits[18b22b39-7551-46dd-8464-dd74933c4739:c724, 76d6a15c-8eeb-4764-b555-ce8767d18d57:c721, c90dcfdf-5973-4b56-a955-1fc4555f10cb:c719]
2019-09-19 11:25:56,841 [grpc-default-executor-1] INFO  client.GrpcClientProtocolClient (GrpcClientProtocolClient.java:onNext(264)) - client-D9B31DDCE961->18b22b39-7551-46dd-8464-dd74933c4739: receive RaftClientReply:client-D9B31DDCE961->18b22b39-7551-46dd-8464-dd74933c4739@group-597320EF17B3, cid=644, SUCCESS, logIndex=726, commits[18b22b39-7551-46dd-8464-dd74933c4739:c727, 76d6a15c-8eeb-4764-b555-ce8767d18d57:c725, c90dcfdf-5973-4b56-a955-1fc4555f10cb:c725]
2019-09-19 11:25:56,842 [grpc-default-executor-1] INFO  client.GrpcClientProtocolClient (GrpcClientProtocolClient.java:onNext(264)) - client-D9B31DDCE961->18b22b39-7551-46dd-8464-dd74933c4739: receive RaftClientReply:client-D9B31DDCE961->18b22b39-7551-46dd-8464-dd74933c4739@group-597320EF17B3, cid=645, SUCCESS, logIndex=727, commits[18b22b39-7551-46dd-8464-dd74933c4739:c727, 76d6a15c-8eeb-4764-b555-ce8767d18d57:c725, c90dcfdf-5973-4b56-a955-1fc4555f10cb:c725]
2019-09-19 11:25:56,868 [grpc-default-executor-5] INFO  client.GrpcClientProtocolClient (GrpcClientProtocolClient.java:onNext(264)) - client-D9B31DDCE961->18b22b39-7551-46dd-8464-dd74933c4739: receive RaftClientReply:client-D9B31DDCE961->18b22b39-7551-46dd-8464-dd74933c4739@group-597320EF17B3, cid=646, SUCCESS, logIndex=730, commits[18b22b39-7551-46dd-8464-dd74933c4739:c731, 76d6a15c-8eeb-4764-b555-ce8767d18d57:c727, c90dcfdf-5973-4b56-a955-1fc4555f10cb:c727]
2019-09-19 11:25:56,869 [grpc-default-executor-5] INFO  client.GrpcClientProtocolClient (GrpcClientProtocolClient.java:onNext(264)) - client-D9B31DDCE961->18b22b39-7551-46dd-8464-dd74933c4739: receive RaftClientReply:client-D9B31DDCE961->18b22b39-7551-46dd-8464-dd74933c4739@group-597320EF17B3, cid=647, SUCCESS, logIndex=731, commits[18b22b39-7551-46dd-8464-dd74933c4739:c731, 76d6a15c-8eeb-4764-b555-ce8767d18d57:c727, c90dcfdf-5973-4b56-a955-1fc4555f10cb:c727]
2019-09-19 11:25:56,883 [grpc-default-executor-5] INFO  client.GrpcClientProtocolClient (GrpcClientProtocolClient.java:onNext(264)) - client-D9B31DDCE961->18b22b39-7551-46dd-8464-dd74933c4739: receive RaftClientReply:client-D9B31DDCE961->18b22b39-7551-46dd-8464-dd74933c4739@group-597320EF17B3, cid=648, SUCCESS, logIndex=0, commits[18b22b39-7551-46dd-8464-dd74933c4739:c733, 76d6a15c-8eeb-4764-b555-ce8767d18d57:c731, c90dcfdf-5973-4b56-a955-1fc4555f10cb:c731]
2019-09-19 11:25:56,909 [grpc-default-executor-6] INFO  client.GrpcClientProtocolClient (GrpcClientProtocolClient.java:onNext(264)) - client-D9B31DDCE961->18b22b39-7551-46dd-8464-dd74933c4739: receive RaftClientReply:client-D9B31DDCE961->18b22b39-7551-46dd-8464-dd74933c4739@group-597320EF17B3, cid=649, SUCCESS, logIndex=734, commits[18b22b39-7551-46dd-8464-dd74933c4739:c735, 76d6a15c-8eeb-4764-b555-ce8767d18d57:c733, c90dcfdf-5973-4b56-a955-1fc4555f10cb:c733]
2019-09-19 11:25:56,910 [grpc-default-executor-6] INFO  client.GrpcClientProtocolClient (GrpcClientProtocolClient.java:onNext(264)) - client-D9B31DDCE961->18b22b39-7551-46dd-8464-dd74933c4739: receive RaftClientReply:client-D9B31DDCE961->18b22b39-7551-46dd-8464-dd74933c4739@group-597320EF17B3, cid=650, SUCCESS, logIndex=735, commits[18b22b39-7551-46dd-8464-dd74933c4739:c737, 76d6a15c-8eeb-4764-b555-ce8767d18d57:c733, c90dcfdf-5973-4b56-a955-1fc4555f10cb:c733]
2019-09-19 11:25:56,910 [grpc-default-executor-6] INFO  client.GrpcClientProtocolClient (GrpcClientProtocolClient.java:onNext(264)) - client-D9B31DDCE961->18b22b39-7551-46dd-8464-dd74933c4739: receive RaftClientReply:client-D9B31DDCE961->18b22b39-7551-46dd-8464-dd74933c4739@group-597320EF17B3, cid=651, SUCCESS, logIndex=736, commits[18b22b39-7551-46dd-8464-dd74933c4739:c737, 76d6a15c-8eeb-4764-b555-ce8767d18d57:c733, c90dcfdf-5973-4b56-a955-1fc4555f10cb:c733]
2019-09-19 11:25:56,911 [grpc-default-executor-6] INFO  client.GrpcClientProtocolClient (GrpcClientProtocolClient.java:onNext(264)) - client-D9B31DDCE961->18b22b39-7551-46dd-8464-dd74933c4739: receive RaftClientReply:client-D9B31DDCE961->18b22b39-7551-46dd-8464-dd74933c4739@group-597320EF17B3, cid=652, SUCCESS, logIndex=737, commits[18b22b39-7551-46dd-8464-dd74933c4739:c737, 76d6a15c-8eeb-4764-b555-ce8767d18d57:c733, c90dcfdf-5973-4b56-a955-1fc4555f10cb:c733]
2019-09-19 11:25:56,922 [grpc-default-executor-6] INFO  client.GrpcClientProtocolClient (GrpcClientProtocolClient.java:onNext(264)) - client-D9B31DDCE961->18b22b39-7551-46dd-8464-dd74933c4739: receive RaftClientReply:client-D9B31DDCE961->18b22b39-7551-46dd-8464-dd74933c4739@group-597320EF17B3, cid=653, SUCCESS, logIndex=0, commits[18b22b39-7551-46dd-8464-dd74933c4739:c738, 76d6a15c-8eeb-4764-b555-ce8767d18d57:c735, c90dcfdf-5973-4b56-a955-1fc4555f10cb:c735]
2019-09-19 11:25:56,947 [grpc-default-executor-5] INFO  client.GrpcClientProtocolClient (GrpcClientProtocolClient.java:onNext(264)) - client-D9B31DDCE961->18b22b39-7551-46dd-8464-dd74933c4739: receive RaftClientReply:client-D9B31DDCE961->18b22b39-7551-46dd-8464-dd74933c4739@group-597320EF17B3, cid=654, SUCCESS, logIndex=742, commits[18b22b39-7551-46dd-8464-dd74933c4739:c743, 76d6a15c-8eeb-4764-b555-ce8767d18d57:c741, c90dcfdf-5973-4b56-a955-1fc4555f10cb:c741]
2019-09-19 11:25:56,947 [grpc-default-executor-5] INFO  client.GrpcClientProtocolClient (GrpcClientProtocolClient.java:onNext(264)) - client-D9B31DDCE961->18b22b39-7551-46dd-8464-dd74933c4739: receive RaftClientReply:client-D9B31DDCE961->18b22b39-7551-46dd-8464-dd74933c4739@group-597320EF17B3, cid=655, SUCCESS, logIndex=743, commits[18b22b39-7551-46dd-8464-dd74933c4739:c743, 76d6a15c-8eeb-4764-b555-ce8767d18d57:c741, c90dcfdf-5973-4b56-a955-1fc4555f10cb:c741]
2019-09-19 11:25:56,987 [grpc-default-executor-6] INFO  client.GrpcClientProtocolClient (GrpcClientProtocolClient.java:onNext(264)) - client-D9B31DDCE961->18b22b39-7551-46dd-8464-dd74933c4739: receive RaftClientReply:client-D9B31DDCE961->18b22b39-7551-46dd-8464-dd74933c4739@group-597320EF17B3, cid=656, SUCCESS, logIndex=746, commits[18b22b39-7551-46dd-8464-dd74933c4739:c747, 76d6a15c-8eeb-4764-b555-ce8767d18d57:c743, c90dcfdf-5973-4b56-a955-1fc4555f10cb:c743]
2019-09-19 11:25:56,987 [grpc-default-executor-6] INFO  client.GrpcClientProtocolClient (GrpcClientProtocolClient.java:onNext(264)) - client-D9B31DDCE961->18b22b39-7551-46dd-8464-dd74933c4739: receive RaftClientReply:client-D9B31DDCE961->18b22b39-7551-46dd-8464-dd74933c4739@group-597320EF17B3, cid=657, SUCCESS, logIndex=747, commits[18b22b39-7551-46dd-8464-dd74933c4739:c747, 76d6a15c-8eeb-4764-b555-ce8767d18d57:c743, c90dcfdf-5973-4b56-a955-1fc4555f10cb:c743]
2019-09-19 11:25:56,989 [grpc-default-executor-6] INFO  client.GrpcClientProtocolClient (GrpcClientProtocolClient.java:onNext(264)) - client-D9B31DDCE961->18b22b39-7551-46dd-8464-dd74933c4739: receive RaftClientReply:client-D9B31DDCE961->18b22b39-7551-46dd-8464-dd74933c4739@group-597320EF17B3, cid=658, SUCCESS, logIndex=0, commits[18b22b39-7551-46dd-8464-dd74933c4739:c749, 76d6a15c-8eeb-4764-b555-ce8767d18d57:c747, c90dcfdf-5973-4b56-a955-1fc4555f10cb:c747]
2019-09-19 11:25:57,008 [grpc-default-executor-1] INFO  client.GrpcClientProtocolClient (GrpcClientProtocolClient.java:onNext(264)) - client-D9B31DDCE961->18b22b39-7551-46dd-8464-dd74933c4739: receive RaftClientReply:client-D9B31DDCE961->18b22b39-7551-46dd-8464-dd74933c4739@group-597320EF17B3, cid=659, SUCCESS, logIndex=750, commits[18b22b39-7551-46dd-8464-dd74933c4739:c753, 76d6a15c-8eeb-4764-b555-ce8767d18d57:c749, c90dcfdf-5973-4b56-a955-1fc4555f10cb:c749]
2019-09-19 11:25:57,009 [grpc-default-executor-1] INFO  client.GrpcClientProtocolClient (GrpcClientProtocolClient.java:onNext(264)) - client-D9B31DDCE961->18b22b39-7551-46dd-8464-dd74933c4739: receive RaftClientReply:client-D9B31DDCE961->18b22b39-7551-46dd-8464-dd74933c4739@group-597320EF17B3, cid=660, SUCCESS, logIndex=751, commits[18b22b39-7551-46dd-8464-dd74933c4739:c753, 76d6a15c-8eeb-4764-b555-ce8767d18d57:c749, c90dcfdf-5973-4b56-a955-1fc4555f10cb:c749]
2019-09-19 11:25:57,009 [grpc-default-executor-1] INFO  client.GrpcClientProtocolClient (GrpcClientProtocolClient.java:onNext(264)) - client-D9B31DDCE961->18b22b39-7551-46dd-8464-dd74933c4739: receive RaftClientReply:client-D9B31DDCE961->18b22b39-7551-46dd-8464-dd74933c4739@group-597320EF17B3, cid=661, SUCCESS, logIndex=752, commits[18b22b39-7551-46dd-8464-dd74933c4739:c753, 76d6a15c-8eeb-4764-b555-ce8767d18d57:c749, c90dcfdf-5973-4b56-a955-1fc4555f10cb:c749]
2019-09-19 11:25:57,009 [grpc-default-executor-1] INFO  client.GrpcClientProtocolClient (GrpcClientProtocolClient.java:onNext(264)) - client-D9B31DDCE961->18b22b39-7551-46dd-8464-dd74933c4739: receive RaftClientReply:client-D9B31DDCE961->18b22b39-7551-46dd-8464-dd74933c4739@group-597320EF17B3, cid=662, SUCCESS, logIndex=753, commits[18b22b39-7551-46dd-8464-dd74933c4739:c753, 76d6a15c-8eeb-4764-b555-ce8767d18d57:c749, c90dcfdf-5973-4b56-a955-1fc4555f10cb:c749]
2019-09-19 11:25:57,011 [grpc-default-executor-1] INFO  client.GrpcClientProtocolClient (GrpcClientProtocolClient.java:onNext(264)) - client-D9B31DDCE961->18b22b39-7551-46dd-8464-dd74933c4739: receive RaftClientReply:client-D9B31DDCE961->18b22b39-7551-46dd-8464-dd74933c4739@group-597320EF17B3, cid=663, SUCCESS, logIndex=0, commits[18b22b39-7551-46dd-8464-dd74933c4739:c754, 76d6a15c-8eeb-4764-b555-ce8767d18d57:c751, c90dcfdf-5973-4b56-a955-1fc4555f10cb:c751]
2019-09-19 11:25:57,026 [grpc-default-executor-5] INFO  client.GrpcClientProtocolClient (GrpcClientProtocolClient.java:onNext(264)) - client-D9B31DDCE961->18b22b39-7551-46dd-8464-dd74933c4739: receive RaftClientReply:client-D9B31DDCE961->18b22b39-7551-46dd-8464-dd74933c4739@group-597320EF17B3, cid=664, SUCCESS, logIndex=758, commits[18b22b39-7551-46dd-8464-dd74933c4739:c759, 76d6a15c-8eeb-4764-b555-ce8767d18d57:c757, c90dcfdf-5973-4b56-a955-1fc4555f10cb:c757]
2019-09-19 11:25:57,026 [grpc-default-executor-5] INFO  client.GrpcClientProtocolClient (GrpcClientProtocolClient.java:onNext(264)) - client-D9B31DDCE961->18b22b39-7551-46dd-8464-dd74933c4739: receive RaftClientReply:client-D9B31DDCE961->18b22b39-7551-46dd-8464-dd74933c4739@group-597320EF17B3, cid=665, SUCCESS, logIndex=759, commits[18b22b39-7551-46dd-8464-dd74933c4739:c759, 76d6a15c-8eeb-4764-b555-ce8767d18d57:c757, c90dcfdf-5973-4b56-a955-1fc4555f10cb:c757]
2019-09-19 11:25:57,042 [grpc-default-executor-5] INFO  client.GrpcClientProtocolClient (GrpcClientProtocolClient.java:onNext(264)) - client-D9B31DDCE961->18b22b39-7551-46dd-8464-dd74933c4739: receive RaftClientReply:client-D9B31DDCE961->18b22b39-7551-46dd-8464-dd74933c4739@group-597320EF17B3, cid=666, SUCCESS, logIndex=762, commits[18b22b39-7551-46dd-8464-dd74933c4739:c763, 76d6a15c-8eeb-4764-b555-ce8767d18d57:c761, c90dcfdf-5973-4b56-a955-1fc4555f10cb:c759]
2019-09-19 11:25:57,042 [grpc-default-executor-5] INFO  client.GrpcClientProtocolClient (GrpcClientProtocolClient.java:onNext(264)) - client-D9B31DDCE961->18b22b39-7551-46dd-8464-dd74933c4739: receive RaftClientReply:client-D9B31DDCE961->18b22b39-7551-46dd-8464-dd74933c4739@group-597320EF17B3, cid=667, SUCCESS, logIndex=763, commits[18b22b39-7551-46dd-8464-dd74933c4739:c763, 76d6a15c-8eeb-4764-b555-ce8767d18d57:c761, c90dcfdf-5973-4b56-a955-1fc4555f10cb:c761]
2019-09-19 11:25:57,044 [grpc-default-executor-5] INFO  client.GrpcClientProtocolClient (GrpcClientProtocolClient.java:onNext(264)) - client-D9B31DDCE961->18b22b39-7551-46dd-8464-dd74933c4739: receive RaftClientReply:client-D9B31DDCE961->18b22b39-7551-46dd-8464-dd74933c4739@group-597320EF17B3, cid=668, SUCCESS, logIndex=0, commits[18b22b39-7551-46dd-8464-dd74933c4739:c764, 76d6a15c-8eeb-4764-b555-ce8767d18d57:c763, c90dcfdf-5973-4b56-a955-1fc4555f10cb:c763]
 0.00% |█                                                                                                    |  0/1 Time: 0:00:012019-09-19 11:25:57,345 [grpc-default-executor-3] INFO  client.GrpcClientProtocolClient (GrpcClientProtocolClient.java:onNext(264)) - client-D9B31DDCE961->18b22b39-7551-46dd-8464-dd74933c4739: receive RaftClientReply:client-D9B31DDCE961->18b22b39-7551-46dd-8464-dd74933c4739@group-597320EF17B3, cid=669, SUCCESS, logIndex=766, commits[18b22b39-7551-46dd-8464-dd74933c4739:c767, 76d6a15c-8eeb-4764-b555-ce8767d18d57:c765, c90dcfdf-5973-4b56-a955-1fc4555f10cb:c765]
2019-09-19 11:25:57,346 [grpc-default-executor-3] INFO  client.GrpcClientProtocolClient (GrpcClientProtocolClient.java:onNext(264)) - client-D9B31DDCE961->18b22b39-7551-46dd-8464-dd74933c4739: receive RaftClientReply:client-D9B31DDCE961->18b22b39-7551-46dd-8464-dd74933c4739@group-597320EF17B3, cid=670, SUCCESS, logIndex=767, commits[18b22b39-7551-46dd-8464-dd74933c4739:c768, 76d6a15c-8eeb-4764-b555-ce8767d18d57:c765, c90dcfdf-5973-4b56-a955-1fc4555f10cb:c765]
2019-09-19 11:25:57,346 [grpc-default-executor-3] INFO  client.GrpcClientProtocolClient (GrpcClientProtocolClient.java:onNext(264)) - client-D9B31DDCE961->18b22b39-7551-46dd-8464-dd74933c4739: receive RaftClientReply:client-D9B31DDCE961->18b22b39-7551-46dd-8464-dd74933c4739@group-597320EF17B3, cid=671, SUCCESS, logIndex=768, commits[18b22b39-7551-46dd-8464-dd74933c4739:c769, 76d6a15c-8eeb-4764-b555-ce8767d18d57:c765, c90dcfdf-5973-4b56-a955-1fc4555f10cb:c765]
2019-09-19 11:25:57,347 [grpc-default-executor-3] INFO  client.GrpcClientProtocolClient (GrpcClientProtocolClient.java:onNext(264)) - client-D9B31DDCE961->18b22b39-7551-46dd-8464-dd74933c4739: receive RaftClientReply:client-D9B31DDCE961->18b22b39-7551-46dd-8464-dd74933c4739@group-597320EF17B3, cid=672, SUCCESS, logIndex=769, commits[18b22b39-7551-46dd-8464-dd74933c4739:c769, 76d6a15c-8eeb-4764-b555-ce8767d18d57:c765, c90dcfdf-5973-4b56-a955-1fc4555f10cb:c765]
2019-09-19 11:25:57,351 [grpc-default-executor-1] INFO  client.GrpcClientProtocolClient (GrpcClientProtocolClient.java:onNext(264)) - client-D9B31DDCE961->18b22b39-7551-46dd-8464-dd74933c4739: receive RaftClientReply:client-D9B31DDCE961->18b22b39-7551-46dd-8464-dd74933c4739@group-597320EF17B3, cid=673, SUCCESS, logIndex=0, commits[18b22b39-7551-46dd-8464-dd74933c4739:c771, 76d6a15c-8eeb-4764-b555-ce8767d18d57:c767, c90dcfdf-5973-4b56-a955-1fc4555f10cb:c767]
2019-09-19 11:25:57,373 [grpc-default-executor-3] INFO  client.GrpcClientProtocolClient (GrpcClientProtocolClient.java:onNext(264)) - client-D9B31DDCE961->18b22b39-7551-46dd-8464-dd74933c4739: receive RaftClientReply:client-D9B31DDCE961->18b22b39-7551-46dd-8464-dd74933c4739@group-597320EF17B3, cid=674, SUCCESS, logIndex=774, commits[18b22b39-7551-46dd-8464-dd74933c4739:c775, 76d6a15c-8eeb-4764-b555-ce8767d18d57:c773, c90dcfdf-5973-4b56-a955-1fc4555f10cb:c773]
2019-09-19 11:25:57,374 [grpc-default-executor-3] INFO  client.GrpcClientProtocolClient (GrpcClientProtocolClient.java:onNext(264)) - client-D9B31DDCE961->18b22b39-7551-46dd-8464-dd74933c4739: receive RaftClientReply:client-D9B31DDCE961->18b22b39-7551-46dd-8464-dd74933c4739@group-597320EF17B3, cid=675, SUCCESS, logIndex=775, commits[18b22b39-7551-46dd-8464-dd74933c4739:c775, 76d6a15c-8eeb-4764-b555-ce8767d18d57:c773, c90dcfdf-5973-4b56-a955-1fc4555f10cb:c773]
2019-09-19 11:25:57,398 [grpc-default-executor-3] INFO  client.GrpcClientProtocolClient (GrpcClientProtocolClient.java:onNext(264)) - client-D9B31DDCE961->18b22b39-7551-46dd-8464-dd74933c4739: receive RaftClientReply:client-D9B31DDCE961->18b22b39-7551-46dd-8464-dd74933c4739@group-597320EF17B3, cid=676, SUCCESS, logIndex=778, commits[18b22b39-7551-46dd-8464-dd74933c4739:c779, 76d6a15c-8eeb-4764-b555-ce8767d18d57:c775, c90dcfdf-5973-4b56-a955-1fc4555f10cb:c775]
2019-09-19 11:25:57,399 [grpc-default-executor-3] INFO  client.GrpcClientProtocolClient (GrpcClientProtocolClient.java:onNext(264)) - client-D9B31DDCE961->18b22b39-7551-46dd-8464-dd74933c4739: receive RaftClientReply:client-D9B31DDCE961->18b22b39-7551-46dd-8464-dd74933c4739@group-597320EF17B3, cid=677, SUCCESS, logIndex=779, commits[18b22b39-7551-46dd-8464-dd74933c4739:c779, 76d6a15c-8eeb-4764-b555-ce8767d18d57:c775, c90dcfdf-5973-4b56-a955-1fc4555f10cb:c775]
2019-09-19 11:25:57,400 [grpc-default-executor-3] INFO  client.GrpcClientProtocolClient (GrpcClientProtocolClient.java:onNext(264)) - client-D9B31DDCE961->18b22b39-7551-46dd-8464-dd74933c4739: receive RaftClientReply:client-D9B31DDCE961->18b22b39-7551-46dd-8464-dd74933c4739@group-597320EF17B3, cid=678, SUCCESS, logIndex=0, commits[18b22b39-7551-46dd-8464-dd74933c4739:c780, 76d6a15c-8eeb-4764-b555-ce8767d18d57:c779, c90dcfdf-5973-4b56-a955-1fc4555f10cb:c779]
2019-09-19 11:25:57,432 [grpc-default-executor-5] INFO  client.GrpcClientProtocolClient (GrpcClientProtocolClient.java:onNext(264)) - client-D9B31DDCE961->18b22b39-7551-46dd-8464-dd74933c4739: receive RaftClientReply:client-D9B31DDCE961->18b22b39-7551-46dd-8464-dd74933c4739@group-597320EF17B3, cid=679, SUCCESS, logIndex=782, commits[18b22b39-7551-46dd-8464-dd74933c4739:c784, 76d6a15c-8eeb-4764-b555-ce8767d18d57:c781, c90dcfdf-5973-4b56-a955-1fc4555f10cb:c781]
2019-09-19 11:25:57,432 [grpc-default-executor-5] INFO  client.GrpcClientProtocolClient (GrpcClientProtocolClient.java:onNext(264)) - client-D9B31DDCE961->18b22b39-7551-46dd-8464-dd74933c4739: receive RaftClientReply:client-D9B31DDCE961->18b22b39-7551-46dd-8464-dd74933c4739@group-597320EF17B3, cid=680, SUCCESS, logIndex=783, commits[18b22b39-7551-46dd-8464-dd74933c4739:c785, 76d6a15c-8eeb-4764-b555-ce8767d18d57:c781, c90dcfdf-5973-4b56-a955-1fc4555f10cb:c781]
2019-09-19 11:25:57,433 [grpc-default-executor-3] INFO  client.GrpcClientProtocolClient (GrpcClientProtocolClient.java:onNext(264)) - client-D9B31DDCE961->18b22b39-7551-46dd-8464-dd74933c4739: receive RaftClientReply:client-D9B31DDCE961->18b22b39-7551-46dd-8464-dd74933c4739@group-597320EF17B3, cid=681, SUCCESS, logIndex=784, commits[18b22b39-7551-46dd-8464-dd74933c4739:c785, 76d6a15c-8eeb-4764-b555-ce8767d18d57:c781, c90dcfdf-5973-4b56-a955-1fc4555f10cb:c781]
2019-09-19 11:25:57,433 [grpc-default-executor-3] INFO  client.GrpcClientProtocolClient (GrpcClientProtocolClient.java:onNext(264)) - client-D9B31DDCE961->18b22b39-7551-46dd-8464-dd74933c4739: receive RaftClientReply:client-D9B31DDCE961->18b22b39-7551-46dd-8464-dd74933c4739@group-597320EF17B3, cid=682, SUCCESS, logIndex=785, commits[18b22b39-7551-46dd-8464-dd74933c4739:c785, 76d6a15c-8eeb-4764-b555-ce8767d18d57:c781, c90dcfdf-5973-4b56-a955-1fc4555f10cb:c781]
2019-09-19 11:25:57,434 [grpc-default-executor-3] INFO  client.GrpcClientProtocolClient (GrpcClientProtocolClient.java:onNext(264)) - client-D9B31DDCE961->18b22b39-7551-46dd-8464-dd74933c4739: receive RaftClientReply:client-D9B31DDCE961->18b22b39-7551-46dd-8464-dd74933c4739@group-597320EF17B3, cid=683, SUCCESS, logIndex=0, commits[18b22b39-7551-46dd-8464-dd74933c4739:c786, 76d6a15c-8eeb-4764-b555-ce8767d18d57:c783, c90dcfdf-5973-4b56-a955-1fc4555f10cb:c783]
2019-09-19 11:25:57,452 [grpc-default-executor-3] INFO  client.GrpcClientProtocolClient (GrpcClientProtocolClient.java:onNext(264)) - client-D9B31DDCE961->18b22b39-7551-46dd-8464-dd74933c4739: receive RaftClientReply:client-D9B31DDCE961->18b22b39-7551-46dd-8464-dd74933c4739@group-597320EF17B3, cid=684, SUCCESS, logIndex=790, commits[18b22b39-7551-46dd-8464-dd74933c4739:c791, 76d6a15c-8eeb-4764-b555-ce8767d18d57:c789, c90dcfdf-5973-4b56-a955-1fc4555f10cb:c789]
2019-09-19 11:25:57,452 [grpc-default-executor-3] INFO  client.GrpcClientProtocolClient (GrpcClientProtocolClient.java:onNext(264)) - client-D9B31DDCE961->18b22b39-7551-46dd-8464-dd74933c4739: receive RaftClientReply:client-D9B31DDCE961->18b22b39-7551-46dd-8464-dd74933c4739@group-597320EF17B3, cid=685, SUCCESS, logIndex=791, commits[18b22b39-7551-46dd-8464-dd74933c4739:c791, 76d6a15c-8eeb-4764-b555-ce8767d18d57:c789, c90dcfdf-5973-4b56-a955-1fc4555f10cb:c789]
2019-09-19 11:25:57,465 [grpc-default-executor-3] INFO  client.GrpcClientProtocolClient (GrpcClientProtocolClient.java:onNext(264)) - client-D9B31DDCE961->18b22b39-7551-46dd-8464-dd74933c4739: receive RaftClientReply:client-D9B31DDCE961->18b22b39-7551-46dd-8464-dd74933c4739@group-597320EF17B3, cid=686, SUCCESS, logIndex=794, commits[18b22b39-7551-46dd-8464-dd74933c4739:c795, 76d6a15c-8eeb-4764-b555-ce8767d18d57:c791, c90dcfdf-5973-4b56-a955-1fc4555f10cb:c791]
2019-09-19 11:25:57,466 [grpc-default-executor-3] INFO  client.GrpcClientProtocolClient (GrpcClientProtocolClient.java:onNext(264)) - client-D9B31DDCE961->18b22b39-7551-46dd-8464-dd74933c4739: receive RaftClientReply:client-D9B31DDCE961->18b22b39-7551-46dd-8464-dd74933c4739@group-597320EF17B3, cid=687, SUCCESS, logIndex=795, commits[18b22b39-7551-46dd-8464-dd74933c4739:c795, 76d6a15c-8eeb-4764-b555-ce8767d18d57:c791, c90dcfdf-5973-4b56-a955-1fc4555f10cb:c791]
2019-09-19 11:25:57,467 [grpc-default-executor-3] INFO  client.GrpcClientProtocolClient (GrpcClientProtocolClient.java:onNext(264)) - client-D9B31DDCE961->18b22b39-7551-46dd-8464-dd74933c4739: receive RaftClientReply:client-D9B31DDCE961->18b22b39-7551-46dd-8464-dd74933c4739@group-597320EF17B3, cid=688, SUCCESS, logIndex=0, commits[18b22b39-7551-46dd-8464-dd74933c4739:c796, 76d6a15c-8eeb-4764-b555-ce8767d18d57:c795, c90dcfdf-5973-4b56-a955-1fc4555f10cb:c795]
2019-09-19 11:25:57,489 [grpc-default-executor-5] INFO  client.GrpcClientProtocolClient (GrpcClientProtocolClient.java:onNext(264)) - client-D9B31DDCE961->18b22b39-7551-46dd-8464-dd74933c4739: receive RaftClientReply:client-D9B31DDCE961->18b22b39-7551-46dd-8464-dd74933c4739@group-597320EF17B3, cid=689, SUCCESS, logIndex=798, commits[18b22b39-7551-46dd-8464-dd74933c4739:c799, 76d6a15c-8eeb-4764-b555-ce8767d18d57:c797, c90dcfdf-5973-4b56-a955-1fc4555f10cb:c797]
2019-09-19 11:25:57,490 [grpc-default-executor-5] INFO  client.GrpcClientProtocolClient (GrpcClientProtocolClient.java:onNext(264)) - client-D9B31DDCE961->18b22b39-7551-46dd-8464-dd74933c4739: receive RaftClientReply:client-D9B31DDCE961->18b22b39-7551-46dd-8464-dd74933c4739@group-597320EF17B3, cid=690, SUCCESS, logIndex=799, commits[18b22b39-7551-46dd-8464-dd74933c4739:c799, 76d6a15c-8eeb-4764-b555-ce8767d18d57:c797, c90dcfdf-5973-4b56-a955-1fc4555f10cb:c797]
2019-09-19 11:25:57,500 [grpc-default-executor-5] INFO  client.GrpcClientProtocolClient (GrpcClientProtocolClient.java:onNext(264)) - client-D9B31DDCE961->18b22b39-7551-46dd-8464-dd74933c4739: receive RaftClientReply:client-D9B31DDCE961->18b22b39-7551-46dd-8464-dd74933c4739@group-597320EF17B3, cid=691, SUCCESS, logIndex=800, commits[18b22b39-7551-46dd-8464-dd74933c4739:c801, 76d6a15c-8eeb-4764-b555-ce8767d18d57:c797, c90dcfdf-5973-4b56-a955-1fc4555f10cb:c797]
2019-09-19 11:25:57,501 [grpc-default-executor-3] INFO  client.GrpcClientProtocolClient (GrpcClientProtocolClient.java:onNext(264)) - client-D9B31DDCE961->18b22b39-7551-46dd-8464-dd74933c4739: receive RaftClientReply:client-D9B31DDCE961->18b22b39-7551-46dd-8464-dd74933c4739@group-597320EF17B3, cid=692, SUCCESS, logIndex=801, commits[18b22b39-7551-46dd-8464-dd74933c4739:c801, 76d6a15c-8eeb-4764-b555-ce8767d18d57:c797, c90dcfdf-5973-4b56-a955-1fc4555f10cb:c797]
2019-09-19 11:25:57,504 [grpc-default-executor-5] INFO  client.GrpcClientProtocolClient (GrpcClientProtocolClient.java:onNext(264)) - client-D9B31DDCE961->18b22b39-7551-46dd-8464-dd74933c4739: receive RaftClientReply:client-D9B31DDCE961->18b22b39-7551-46dd-8464-dd74933c4739@group-597320EF17B3, cid=693, SUCCESS, logIndex=0, commits[18b22b39-7551-46dd-8464-dd74933c4739:c803, 76d6a15c-8eeb-4764-b555-ce8767d18d57:c799, c90dcfdf-5973-4b56-a955-1fc4555f10cb:c799]
2019-09-19 11:25:57,533 [grpc-default-executor-5] INFO  client.GrpcClientProtocolClient (GrpcClientProtocolClient.java:onNext(264)) - client-D9B31DDCE961->18b22b39-7551-46dd-8464-dd74933c4739: receive RaftClientReply:client-D9B31DDCE961->18b22b39-7551-46dd-8464-dd74933c4739@group-597320EF17B3, cid=694, SUCCESS, logIndex=806, commits[18b22b39-7551-46dd-8464-dd74933c4739:c806, 76d6a15c-8eeb-4764-b555-ce8767d18d57:c805, c90dcfdf-5973-4b56-a955-1fc4555f10cb:c805]
2019-09-19 11:25:57,533 [grpc-default-executor-5] INFO  client.GrpcClientProtocolClient (GrpcClientProtocolClient.java:onNext(264)) - client-D9B31DDCE961->18b22b39-7551-46dd-8464-dd74933c4739: receive RaftClientReply:client-D9B31DDCE961->18b22b39-7551-46dd-8464-dd74933c4739@group-597320EF17B3, cid=695, SUCCESS, logIndex=807, commits[18b22b39-7551-46dd-8464-dd74933c4739:c807, 76d6a15c-8eeb-4764-b555-ce8767d18d57:c805, c90dcfdf-5973-4b56-a955-1fc4555f10cb:c805]
2019-09-19 11:25:57,555 [grpc-default-executor-5] INFO  client.GrpcClientProtocolClient (GrpcClientProtocolClient.java:onNext(264)) - client-D9B31DDCE961->18b22b39-7551-46dd-8464-dd74933c4739: receive RaftClientReply:client-D9B31DDCE961->18b22b39-7551-46dd-8464-dd74933c4739@group-597320EF17B3, cid=696, SUCCESS, logIndex=810, commits[18b22b39-7551-46dd-8464-dd74933c4739:c811, 76d6a15c-8eeb-4764-b555-ce8767d18d57:c809, c90dcfdf-5973-4b56-a955-1fc4555f10cb:c809]
2019-09-19 11:25:57,555 [grpc-default-executor-5] INFO  client.GrpcClientProtocolClient (GrpcClientProtocolClient.java:onNext(264)) - client-D9B31DDCE961->18b22b39-7551-46dd-8464-dd74933c4739: receive RaftClientReply:client-D9B31DDCE961->18b22b39-7551-46dd-8464-dd74933c4739@group-597320EF17B3, cid=697, SUCCESS, logIndex=811, commits[18b22b39-7551-46dd-8464-dd74933c4739:c811, 76d6a15c-8eeb-4764-b555-ce8767d18d57:c809, c90dcfdf-5973-4b56-a955-1fc4555f10cb:c809]
2019-09-19 11:25:57,567 [grpc-default-executor-6] INFO  client.GrpcClientProtocolClient (GrpcClientProtocolClient.java:onNext(264)) - client-D9B31DDCE961->18b22b39-7551-46dd-8464-dd74933c4739: receive RaftClientReply:client-D9B31DDCE961->18b22b39-7551-46dd-8464-dd74933c4739@group-597320EF17B3, cid=698, SUCCESS, logIndex=0, commits[18b22b39-7551-46dd-8464-dd74933c4739:c812, 76d6a15c-8eeb-4764-b555-ce8767d18d57:c811, c90dcfdf-5973-4b56-a955-1fc4555f10cb:c811]
2019-09-19 11:25:57,588 [grpc-default-executor-5] INFO  client.GrpcClientProtocolClient (GrpcClientProtocolClient.java:onNext(264)) - client-D9B31DDCE961->18b22b39-7551-46dd-8464-dd74933c4739: receive RaftClientReply:client-D9B31DDCE961->18b22b39-7551-46dd-8464-dd74933c4739@group-597320EF17B3, cid=699, SUCCESS, logIndex=814, commits[18b22b39-7551-46dd-8464-dd74933c4739:c816, 76d6a15c-8eeb-4764-b555-ce8767d18d57:c813, c90dcfdf-5973-4b56-a955-1fc4555f10cb:c813]
2019-09-19 11:25:57,588 [grpc-default-executor-5] INFO  client.GrpcClientProtocolClient (GrpcClientProtocolClient.java:onNext(264)) - client-D9B31DDCE961->18b22b39-7551-46dd-8464-dd74933c4739: receive RaftClientReply:client-D9B31DDCE961->18b22b39-7551-46dd-8464-dd74933c4739@group-597320EF17B3, cid=700, SUCCESS, logIndex=815, commits[18b22b39-7551-46dd-8464-dd74933c4739:c817, 76d6a15c-8eeb-4764-b555-ce8767d18d57:c813, c90dcfdf-5973-4b56-a955-1fc4555f10cb:c813]
2019-09-19 11:25:57,588 [grpc-default-executor-5] INFO  client.GrpcClientProtocolClient (GrpcClientProtocolClient.java:onNext(264)) - client-D9B31DDCE961->18b22b39-7551-46dd-8464-dd74933c4739: receive RaftClientReply:client-D9B31DDCE961->18b22b39-7551-46dd-8464-dd74933c4739@group-597320EF17B3, cid=701, SUCCESS, logIndex=816, commits[18b22b39-7551-46dd-8464-dd74933c4739:c817, 76d6a15c-8eeb-4764-b555-ce8767d18d57:c813, c90dcfdf-5973-4b56-a955-1fc4555f10cb:c813]
2019-09-19 11:25:57,589 [grpc-default-executor-5] INFO  client.GrpcClientProtocolClient (GrpcClientProtocolClient.java:onNext(264)) - client-D9B31DDCE961->18b22b39-7551-46dd-8464-dd74933c4739: receive RaftClientReply:client-D9B31DDCE961->18b22b39-7551-46dd-8464-dd74933c4739@group-597320EF17B3, cid=702, SUCCESS, logIndex=817, commits[18b22b39-7551-46dd-8464-dd74933c4739:c817, 76d6a15c-8eeb-4764-b555-ce8767d18d57:c813, c90dcfdf-5973-4b56-a955-1fc4555f10cb:c813]
2019-09-19 11:25:57,598 [grpc-default-executor-5] INFO  client.GrpcClientProtocolClient (GrpcClientProtocolClient.java:onNext(264)) - client-D9B31DDCE961->18b22b39-7551-46dd-8464-dd74933c4739: receive RaftClientReply:client-D9B31DDCE961->18b22b39-7551-46dd-8464-dd74933c4739@group-597320EF17B3, cid=703, SUCCESS, logIndex=0, commits[18b22b39-7551-46dd-8464-dd74933c4739:c818, 76d6a15c-8eeb-4764-b555-ce8767d18d57:c815, c90dcfdf-5973-4b56-a955-1fc4555f10cb:c815]
2019-09-19 11:25:57,620 [grpc-default-executor-3] INFO  client.GrpcClientProtocolClient (GrpcClientProtocolClient.java:onNext(264)) - client-D9B31DDCE961->18b22b39-7551-46dd-8464-dd74933c4739: receive RaftClientReply:client-D9B31DDCE961->18b22b39-7551-46dd-8464-dd74933c4739@group-597320EF17B3, cid=704, SUCCESS, logIndex=822, commits[18b22b39-7551-46dd-8464-dd74933c4739:c823, 76d6a15c-8eeb-4764-b555-ce8767d18d57:c821, c90dcfdf-5973-4b56-a955-1fc4555f10cb:c821]
2019-09-19 11:25:57,620 [grpc-default-executor-3] INFO  client.GrpcClientProtocolClient (GrpcClientProtocolClient.java:onNext(264)) - client-D9B31DDCE961->18b22b39-7551-46dd-8464-dd74933c4739: receive RaftClientReply:client-D9B31DDCE961->18b22b39-7551-46dd-8464-dd74933c4739@group-597320EF17B3, cid=705, SUCCESS, logIndex=823, commits[18b22b39-7551-46dd-8464-dd74933c4739:c823, 76d6a15c-8eeb-4764-b555-ce8767d18d57:c821, c90dcfdf-5973-4b56-a955-1fc4555f10cb:c821]
2019-09-19 11:25:57,649 [grpc-default-executor-6] INFO  client.GrpcClientProtocolClient (GrpcClientProtocolClient.java:onNext(264)) - client-D9B31DDCE961->18b22b39-7551-46dd-8464-dd74933c4739: receive RaftClientReply:client-D9B31DDCE961->18b22b39-7551-46dd-8464-dd74933c4739@group-597320EF17B3, cid=706, SUCCESS, logIndex=826, commits[18b22b39-7551-46dd-8464-dd74933c4739:c826, 76d6a15c-8eeb-4764-b555-ce8767d18d57:c823, c90dcfdf-5973-4b56-a955-1fc4555f10cb:c823]
2019-09-19 11:25:57,649 [grpc-default-executor-6] INFO  client.GrpcClientProtocolClient (GrpcClientProtocolClient.java:onNext(264)) - client-D9B31DDCE961->18b22b39-7551-46dd-8464-dd74933c4739: receive RaftClientReply:client-D9B31DDCE961->18b22b39-7551-46dd-8464-dd74933c4739@group-597320EF17B3, cid=707, SUCCESS, logIndex=827, commits[18b22b39-7551-46dd-8464-dd74933c4739:c827, 76d6a15c-8eeb-4764-b555-ce8767d18d57:c823, c90dcfdf-5973-4b56-a955-1fc4555f10cb:c823]
2019-09-19 11:25:57,662 [grpc-default-executor-1] INFO  client.GrpcClientProtocolClient (GrpcClientProtocolClient.java:onNext(264)) - client-D9B31DDCE961->18b22b39-7551-46dd-8464-dd74933c4739: receive RaftClientReply:client-D9B31DDCE961->18b22b39-7551-46dd-8464-dd74933c4739@group-597320EF17B3, cid=708, SUCCESS, logIndex=0, commits[18b22b39-7551-46dd-8464-dd74933c4739:c829, 76d6a15c-8eeb-4764-b555-ce8767d18d57:c827, c90dcfdf-5973-4b56-a955-1fc4555f10cb:c827]
2019-09-19 11:25:57,691 [grpc-default-executor-6] INFO  client.GrpcClientProtocolClient (GrpcClientProtocolClient.java:onNext(264)) - client-D9B31DDCE961->18b22b39-7551-46dd-8464-dd74933c4739: receive RaftClientReply:client-D9B31DDCE961->18b22b39-7551-46dd-8464-dd74933c4739@group-597320EF17B3, cid=709, SUCCESS, logIndex=830, commits[18b22b39-7551-46dd-8464-dd74933c4739:c831, 76d6a15c-8eeb-4764-b555-ce8767d18d57:c829, c90dcfdf-5973-4b56-a955-1fc4555f10cb:c829]
2019-09-19 11:25:57,692 [grpc-default-executor-6] INFO  client.GrpcClientProtocolClient (GrpcClientProtocolClient.java:onNext(264)) - client-D9B31DDCE961->18b22b39-7551-46dd-8464-dd74933c4739: receive RaftClientReply:client-D9B31DDCE961->18b22b39-7551-46dd-8464-dd74933c4739@group-597320EF17B3, cid=710, SUCCESS, logIndex=831, commits[18b22b39-7551-46dd-8464-dd74933c4739:c833, 76d6a15c-8eeb-4764-b555-ce8767d18d57:c829, c90dcfdf-5973-4b56-a955-1fc4555f10cb:c829]
2019-09-19 11:25:57,692 [grpc-default-executor-6] INFO  client.GrpcClientProtocolClient (GrpcClientProtocolClient.java:onNext(264)) - client-D9B31DDCE961->18b22b39-7551-46dd-8464-dd74933c4739: receive RaftClientReply:client-D9B31DDCE961->18b22b39-7551-46dd-8464-dd74933c4739@group-597320EF17B3, cid=711, SUCCESS, logIndex=832, commits[18b22b39-7551-46dd-8464-dd74933c4739:c833, 76d6a15c-8eeb-4764-b555-ce8767d18d57:c829, c90dcfdf-5973-4b56-a955-1fc4555f10cb:c829]
2019-09-19 11:25:57,693 [grpc-default-executor-6] INFO  client.GrpcClientProtocolClient (GrpcClientProtocolClient.java:onNext(264)) - client-D9B31DDCE961->18b22b39-7551-46dd-8464-dd74933c4739: receive RaftClientReply:client-D9B31DDCE961->18b22b39-7551-46dd-8464-dd74933c4739@group-597320EF17B3, cid=712, SUCCESS, logIndex=833, commits[18b22b39-7551-46dd-8464-dd74933c4739:c833, 76d6a15c-8eeb-4764-b555-ce8767d18d57:c829, c90dcfdf-5973-4b56-a955-1fc4555f10cb:c829]
2019-09-19 11:25:57,702 [grpc-default-executor-3] INFO  client.GrpcClientProtocolClient (GrpcClientProtocolClient.java:onNext(264)) - client-D9B31DDCE961->18b22b39-7551-46dd-8464-dd74933c4739: receive RaftClientReply:client-D9B31DDCE961->18b22b39-7551-46dd-8464-dd74933c4739@group-597320EF17B3, cid=713, SUCCESS, logIndex=0, commits[18b22b39-7551-46dd-8464-dd74933c4739:c833, 76d6a15c-8eeb-4764-b555-ce8767d18d57:c831, c90dcfdf-5973-4b56-a955-1fc4555f10cb:c831]
2019-09-19 11:25:57,723 [grpc-default-executor-3] INFO  client.GrpcClientProtocolClient (GrpcClientProtocolClient.java:onNext(264)) - client-D9B31DDCE961->18b22b39-7551-46dd-8464-dd74933c4739: receive RaftClientReply:client-D9B31DDCE961->18b22b39-7551-46dd-8464-dd74933c4739@group-597320EF17B3, cid=714, SUCCESS, logIndex=837, commits[18b22b39-7551-46dd-8464-dd74933c4739:c838, 76d6a15c-8eeb-4764-b555-ce8767d18d57:c836, c90dcfdf-5973-4b56-a955-1fc4555f10cb:c836]
2019-09-19 11:25:57,724 [grpc-default-executor-3] INFO  client.GrpcClientProtocolClient (GrpcClientProtocolClient.java:onNext(264)) - client-D9B31DDCE961->18b22b39-7551-46dd-8464-dd74933c4739: receive RaftClientReply:client-D9B31DDCE961->18b22b39-7551-46dd-8464-dd74933c4739@group-597320EF17B3, cid=715, SUCCESS, logIndex=838, commits[18b22b39-7551-46dd-8464-dd74933c4739:c838, 76d6a15c-8eeb-4764-b555-ce8767d18d57:c836, c90dcfdf-5973-4b56-a955-1fc4555f10cb:c836]
2019-09-19 11:25:58,000 [grpc-default-executor-1] INFO  client.GrpcClientProtocolClient (GrpcClientProtocolClient.java:onNext(264)) - client-D9B31DDCE961->18b22b39-7551-46dd-8464-dd74933c4739: receive RaftClientReply:client-D9B31DDCE961->18b22b39-7551-46dd-8464-dd74933c4739@group-597320EF17B3, cid=716, SUCCESS, logIndex=841, commits[18b22b39-7551-46dd-8464-dd74933c4739:c842, 76d6a15c-8eeb-4764-b555-ce8767d18d57:c838, c90dcfdf-5973-4b56-a955-1fc4555f10cb:c838]
2019-09-19 11:25:58,001 [grpc-default-executor-1] INFO  client.GrpcClientProtocolClient (GrpcClientProtocolClient.java:onNext(264)) - client-D9B31DDCE961->18b22b39-7551-46dd-8464-dd74933c4739: receive RaftClientReply:client-D9B31DDCE961->18b22b39-7551-46dd-8464-dd74933c4739@group-597320EF17B3, cid=717, SUCCESS, logIndex=842, commits[18b22b39-7551-46dd-8464-dd74933c4739:c842, 76d6a15c-8eeb-4764-b555-ce8767d18d57:c838, c90dcfdf-5973-4b56-a955-1fc4555f10cb:c838]
2019-09-19 11:25:58,003 [grpc-default-executor-1] INFO  client.GrpcClientProtocolClient (GrpcClientProtocolClient.java:onNext(264)) - client-D9B31DDCE961->18b22b39-7551-46dd-8464-dd74933c4739: receive RaftClientReply:client-D9B31DDCE961->18b22b39-7551-46dd-8464-dd74933c4739@group-597320EF17B3, cid=718, SUCCESS, logIndex=0, commits[18b22b39-7551-46dd-8464-dd74933c4739:c844, 76d6a15c-8eeb-4764-b555-ce8767d18d57:c842, c90dcfdf-5973-4b56-a955-1fc4555f10cb:c842]
2019-09-19 11:25:58,025 [grpc-default-executor-1] INFO  client.GrpcClientProtocolClient (GrpcClientProtocolClient.java:onNext(264)) - client-D9B31DDCE961->18b22b39-7551-46dd-8464-dd74933c4739: receive RaftClientReply:client-D9B31DDCE961->18b22b39-7551-46dd-8464-dd74933c4739@group-597320EF17B3, cid=719, SUCCESS, logIndex=845, commits[18b22b39-7551-46dd-8464-dd74933c4739:c847, 76d6a15c-8eeb-4764-b555-ce8767d18d57:c844, c90dcfdf-5973-4b56-a955-1fc4555f10cb:c844]
2019-09-19 11:25:58,026 [grpc-default-executor-1] INFO  client.GrpcClientProtocolClient (GrpcClientProtocolClient.java:onNext(264)) - client-D9B31DDCE961->18b22b39-7551-46dd-8464-dd74933c4739: receive RaftClientReply:client-D9B31DDCE961->18b22b39-7551-46dd-8464-dd74933c4739@group-597320EF17B3, cid=720, SUCCESS, logIndex=846, commits[18b22b39-7551-46dd-8464-dd74933c4739:c848, 76d6a15c-8eeb-4764-b555-ce8767d18d57:c844, c90dcfdf-5973-4b56-a955-1fc4555f10cb:c844]
2019-09-19 11:25:58,027 [grpc-default-executor-1] INFO  client.GrpcClientProtocolClient (GrpcClientProtocolClient.java:onNext(264)) - client-D9B31DDCE961->18b22b39-7551-46dd-8464-dd74933c4739: receive RaftClientReply:client-D9B31DDCE961->18b22b39-7551-46dd-8464-dd74933c4739@group-597320EF17B3, cid=721, SUCCESS, logIndex=847, commits[18b22b39-7551-46dd-8464-dd74933c4739:c848, 76d6a15c-8eeb-4764-b555-ce8767d18d57:c844, c90dcfdf-5973-4b56-a955-1fc4555f10cb:c844]
2019-09-19 11:25:58,027 [grpc-default-executor-1] INFO  client.GrpcClientProtocolClient (GrpcClientProtocolClient.java:onNext(264)) - client-D9B31DDCE961->18b22b39-7551-46dd-8464-dd74933c4739: receive RaftClientReply:client-D9B31DDCE961->18b22b39-7551-46dd-8464-dd74933c4739@group-597320EF17B3, cid=722, SUCCESS, logIndex=848, commits[18b22b39-7551-46dd-8464-dd74933c4739:c848, 76d6a15c-8eeb-4764-b555-ce8767d18d57:c844, c90dcfdf-5973-4b56-a955-1fc4555f10cb:c844]
2019-09-19 11:25:58,029 [grpc-default-executor-6] INFO  client.GrpcClientProtocolClient (GrpcClientProtocolClient.java:onNext(264)) - client-D9B31DDCE961->18b22b39-7551-46dd-8464-dd74933c4739: receive RaftClientReply:client-D9B31DDCE961->18b22b39-7551-46dd-8464-dd74933c4739@group-597320EF17B3, cid=723, SUCCESS, logIndex=0, commits[18b22b39-7551-46dd-8464-dd74933c4739:c852, 76d6a15c-8eeb-4764-b555-ce8767d18d57:c848, c90dcfdf-5973-4b56-a955-1fc4555f10cb:c848]
2019-09-19 11:25:58,051 [grpc-default-executor-1] INFO  client.GrpcClientProtocolClient (GrpcClientProtocolClient.java:onNext(264)) - client-D9B31DDCE961->18b22b39-7551-46dd-8464-dd74933c4739: receive RaftClientReply:client-D9B31DDCE961->18b22b39-7551-46dd-8464-dd74933c4739@group-597320EF17B3, cid=724, SUCCESS, logIndex=853, commits[18b22b39-7551-46dd-8464-dd74933c4739:c854, 76d6a15c-8eeb-4764-b555-ce8767d18d57:c852, c90dcfdf-5973-4b56-a955-1fc4555f10cb:c852]
2019-09-19 11:25:58,051 [grpc-default-executor-1] INFO  client.GrpcClientProtocolClient (GrpcClientProtocolClient.java:onNext(264)) - client-D9B31DDCE961->18b22b39-7551-46dd-8464-dd74933c4739: receive RaftClientReply:client-D9B31DDCE961->18b22b39-7551-46dd-8464-dd74933c4739@group-597320EF17B3, cid=725, SUCCESS, logIndex=854, commits[18b22b39-7551-46dd-8464-dd74933c4739:c854, 76d6a15c-8eeb-4764-b555-ce8767d18d57:c852, c90dcfdf-5973-4b56-a955-1fc4555f10cb:c852]
2019-09-19 11:25:58,077 [grpc-default-executor-1] INFO  client.GrpcClientProtocolClient (GrpcClientProtocolClient.java:onNext(264)) - client-D9B31DDCE961->18b22b39-7551-46dd-8464-dd74933c4739: receive RaftClientReply:client-D9B31DDCE961->18b22b39-7551-46dd-8464-dd74933c4739@group-597320EF17B3, cid=726, SUCCESS, logIndex=857, commits[18b22b39-7551-46dd-8464-dd74933c4739:c858, 76d6a15c-8eeb-4764-b555-ce8767d18d57:c854, c90dcfdf-5973-4b56-a955-1fc4555f10cb:c854]
2019-09-19 11:25:58,078 [grpc-default-executor-1] INFO  client.GrpcClientProtocolClient (GrpcClientProtocolClient.java:onNext(264)) - client-D9B31DDCE961->18b22b39-7551-46dd-8464-dd74933c4739: receive RaftClientReply:client-D9B31DDCE961->18b22b39-7551-46dd-8464-dd74933c4739@group-597320EF17B3, cid=727, SUCCESS, logIndex=858, commits[18b22b39-7551-46dd-8464-dd74933c4739:c858, 76d6a15c-8eeb-4764-b555-ce8767d18d57:c854, c90dcfdf-5973-4b56-a955-1fc4555f10cb:c854]
2019-09-19 11:25:58,089 [grpc-default-executor-1] INFO  client.GrpcClientProtocolClient (GrpcClientProtocolClient.java:onNext(264)) - client-D9B31DDCE961->18b22b39-7551-46dd-8464-dd74933c4739: receive RaftClientReply:client-D9B31DDCE961->18b22b39-7551-46dd-8464-dd74933c4739@group-597320EF17B3, cid=728, SUCCESS, logIndex=0, commits[18b22b39-7551-46dd-8464-dd74933c4739:c859, 76d6a15c-8eeb-4764-b555-ce8767d18d57:c858, c90dcfdf-5973-4b56-a955-1fc4555f10cb:c858]
2019-09-19 11:25:58,115 [grpc-default-executor-1] INFO  client.GrpcClientProtocolClient (GrpcClientProtocolClient.java:onNext(264)) - client-D9B31DDCE961->18b22b39-7551-46dd-8464-dd74933c4739: receive RaftClientReply:client-D9B31DDCE961->18b22b39-7551-46dd-8464-dd74933c4739@group-597320EF17B3, cid=729, SUCCESS, logIndex=861, commits[18b22b39-7551-46dd-8464-dd74933c4739:c864, 76d6a15c-8eeb-4764-b555-ce8767d18d57:c860, c90dcfdf-5973-4b56-a955-1fc4555f10cb:c860]
2019-09-19 11:25:58,116 [grpc-default-executor-1] INFO  client.GrpcClientProtocolClient (GrpcClientProtocolClient.java:onNext(264)) - client-D9B31DDCE961->18b22b39-7551-46dd-8464-dd74933c4739: receive RaftClientReply:client-D9B31DDCE961->18b22b39-7551-46dd-8464-dd74933c4739@group-597320EF17B3, cid=730, SUCCESS, logIndex=862, commits[18b22b39-7551-46dd-8464-dd74933c4739:c864, 76d6a15c-8eeb-4764-b555-ce8767d18d57:c860, c90dcfdf-5973-4b56-a955-1fc4555f10cb:c860]
2019-09-19 11:25:58,116 [grpc-default-executor-1] INFO  client.GrpcClientProtocolClient (GrpcClientProtocolClient.java:onNext(264)) - client-D9B31DDCE961->18b22b39-7551-46dd-8464-dd74933c4739: receive RaftClientReply:client-D9B31DDCE961->18b22b39-7551-46dd-8464-dd74933c4739@group-597320EF17B3, cid=731, SUCCESS, logIndex=863, commits[18b22b39-7551-46dd-8464-dd74933c4739:c864, 76d6a15c-8eeb-4764-b555-ce8767d18d57:c860, c90dcfdf-5973-4b56-a955-1fc4555f10cb:c860]
2019-09-19 11:25:58,116 [grpc-default-executor-1] INFO  client.GrpcClientProtocolClient (GrpcClientProtocolClient.java:onNext(264)) - client-D9B31DDCE961->18b22b39-7551-46dd-8464-dd74933c4739: receive RaftClientReply:client-D9B31DDCE961->18b22b39-7551-46dd-8464-dd74933c4739@group-597320EF17B3, cid=732, SUCCESS, logIndex=864, commits[18b22b39-7551-46dd-8464-dd74933c4739:c864, 76d6a15c-8eeb-4764-b555-ce8767d18d57:c860, c90dcfdf-5973-4b56-a955-1fc4555f10cb:c860]
2019-09-19 11:25:58,118 [grpc-default-executor-1] INFO  client.GrpcClientProtocolClient (GrpcClientProtocolClient.java:onNext(264)) - client-D9B31DDCE961->18b22b39-7551-46dd-8464-dd74933c4739: receive RaftClientReply:client-D9B31DDCE961->18b22b39-7551-46dd-8464-dd74933c4739@group-597320EF17B3, cid=733, SUCCESS, logIndex=0, commits[18b22b39-7551-46dd-8464-dd74933c4739:c865, 76d6a15c-8eeb-4764-b555-ce8767d18d57:c862, c90dcfdf-5973-4b56-a955-1fc4555f10cb:c862]
2019-09-19 11:25:58,143 [grpc-default-executor-1] INFO  client.GrpcClientProtocolClient (GrpcClientProtocolClient.java:onNext(264)) - client-D9B31DDCE961->18b22b39-7551-46dd-8464-dd74933c4739: receive RaftClientReply:client-D9B31DDCE961->18b22b39-7551-46dd-8464-dd74933c4739@group-597320EF17B3, cid=734, SUCCESS, logIndex=868, commits[18b22b39-7551-46dd-8464-dd74933c4739:c869, 76d6a15c-8eeb-4764-b555-ce8767d18d57:c865, c90dcfdf-5973-4b56-a955-1fc4555f10cb:c864]
2019-09-19 11:25:58,143 [grpc-default-executor-1] INFO  client.GrpcClientProtocolClient (GrpcClientProtocolClient.java:onNext(264)) - client-D9B31DDCE961->18b22b39-7551-46dd-8464-dd74933c4739: receive RaftClientReply:client-D9B31DDCE961->18b22b39-7551-46dd-8464-dd74933c4739@group-597320EF17B3, cid=735, SUCCESS, logIndex=869, commits[18b22b39-7551-46dd-8464-dd74933c4739:c869, 76d6a15c-8eeb-4764-b555-ce8767d18d57:c865, c90dcfdf-5973-4b56-a955-1fc4555f10cb:c865]
2019-09-19 11:25:58,159 [grpc-default-executor-6] INFO  client.GrpcClientProtocolClient (GrpcClientProtocolClient.java:onNext(264)) - client-D9B31DDCE961->18b22b39-7551-46dd-8464-dd74933c4739: receive RaftClientReply:client-D9B31DDCE961->18b22b39-7551-46dd-8464-dd74933c4739@group-597320EF17B3, cid=736, SUCCESS, logIndex=872, commits[18b22b39-7551-46dd-8464-dd74933c4739:c873, 76d6a15c-8eeb-4764-b555-ce8767d18d57:c871, c90dcfdf-5973-4b56-a955-1fc4555f10cb:c869]
2019-09-19 11:25:58,160 [grpc-default-executor-6] INFO  client.GrpcClientProtocolClient (GrpcClientProtocolClient.java:onNext(264)) - client-D9B31DDCE961->18b22b39-7551-46dd-8464-dd74933c4739: receive RaftClientReply:client-D9B31DDCE961->18b22b39-7551-46dd-8464-dd74933c4739@group-597320EF17B3, cid=737, SUCCESS, logIndex=873, commits[18b22b39-7551-46dd-8464-dd74933c4739:c873, 76d6a15c-8eeb-4764-b555-ce8767d18d57:c871, c90dcfdf-5973-4b56-a955-1fc4555f10cb:c871]
2019-09-19 11:25:58,161 [grpc-default-executor-6] INFO  client.GrpcClientProtocolClient (GrpcClientProtocolClient.java:onNext(264)) - client-D9B31DDCE961->18b22b39-7551-46dd-8464-dd74933c4739: receive RaftClientReply:client-D9B31DDCE961->18b22b39-7551-46dd-8464-dd74933c4739@group-597320EF17B3, cid=738, SUCCESS, logIndex=0, commits[18b22b39-7551-46dd-8464-dd74933c4739:c874, 76d6a15c-8eeb-4764-b555-ce8767d18d57:c873, c90dcfdf-5973-4b56-a955-1fc4555f10cb:c873]
2019-09-19 11:25:58,179 [grpc-default-executor-1] INFO  client.GrpcClientProtocolClient (GrpcClientProtocolClient.java:onNext(264)) - client-D9B31DDCE961->18b22b39-7551-46dd-8464-dd74933c4739: receive RaftClientReply:client-D9B31DDCE961->18b22b39-7551-46dd-8464-dd74933c4739@group-597320EF17B3, cid=739, SUCCESS, logIndex=876, commits[18b22b39-7551-46dd-8464-dd74933c4739:c877, 76d6a15c-8eeb-4764-b555-ce8767d18d57:c875, c90dcfdf-5973-4b56-a955-1fc4555f10cb:c873]
2019-09-19 11:25:58,180 [grpc-default-executor-1] INFO  client.GrpcClientProtocolClient (GrpcClientProtocolClient.java:onNext(264)) - client-D9B31DDCE961->18b22b39-7551-46dd-8464-dd74933c4739: receive RaftClientReply:client-D9B31DDCE961->18b22b39-7551-46dd-8464-dd74933c4739@group-597320EF17B3, cid=740, SUCCESS, logIndex=877, commits[18b22b39-7551-46dd-8464-dd74933c4739:c877, 76d6a15c-8eeb-4764-b555-ce8767d18d57:c875, c90dcfdf-5973-4b56-a955-1fc4555f10cb:c873]
2019-09-19 11:25:58,180 [grpc-default-executor-1] INFO  client.GrpcClientProtocolClient (GrpcClientProtocolClient.java:onNext(264)) - client-D9B31DDCE961->18b22b39-7551-46dd-8464-dd74933c4739: receive RaftClientReply:client-D9B31DDCE961->18b22b39-7551-46dd-8464-dd74933c4739@group-597320EF17B3, cid=741, SUCCESS, logIndex=878, commits[18b22b39-7551-46dd-8464-dd74933c4739:c879, 76d6a15c-8eeb-4764-b555-ce8767d18d57:c875, c90dcfdf-5973-4b56-a955-1fc4555f10cb:c873]
2019-09-19 11:25:58,180 [grpc-default-executor-1] INFO  client.GrpcClientProtocolClient (GrpcClientProtocolClient.java:onNext(264)) - client-D9B31DDCE961->18b22b39-7551-46dd-8464-dd74933c4739: receive RaftClientReply:client-D9B31DDCE961->18b22b39-7551-46dd-8464-dd74933c4739@group-597320EF17B3, cid=742, SUCCESS, logIndex=879, commits[18b22b39-7551-46dd-8464-dd74933c4739:c879, 76d6a15c-8eeb-4764-b555-ce8767d18d57:c875, c90dcfdf-5973-4b56-a955-1fc4555f10cb:c873]
2019-09-19 11:25:58,183 [grpc-default-executor-1] INFO  client.GrpcClientProtocolClient (GrpcClientProtocolClient.java:onNext(264)) - client-D9B31DDCE961->18b22b39-7551-46dd-8464-dd74933c4739: receive RaftClientReply:client-D9B31DDCE961->18b22b39-7551-46dd-8464-dd74933c4739@group-597320EF17B3, cid=743, SUCCESS, logIndex=0, commits[18b22b39-7551-46dd-8464-dd74933c4739:c880, 76d6a15c-8eeb-4764-b555-ce8767d18d57:c877, c90dcfdf-5973-4b56-a955-1fc4555f10cb:c877]
 0.00% |█                                                                                                    |  0/1 Time: 0:00:022019-09-19 11:25:58,201 [grpc-default-executor-1] INFO  client.GrpcClientProtocolClient (GrpcClientProtocolClient.java:onNext(264)) - client-D9B31DDCE961->18b22b39-7551-46dd-8464-dd74933c4739: receive RaftClientReply:client-D9B31DDCE961->18b22b39-7551-46dd-8464-dd74933c4739@group-597320EF17B3, cid=744, SUCCESS, logIndex=883, commits[18b22b39-7551-46dd-8464-dd74933c4739:c884, 76d6a15c-8eeb-4764-b555-ce8767d18d57:c882, c90dcfdf-5973-4b56-a955-1fc4555f10cb:c882]
2019-09-19 11:25:58,202 [grpc-default-executor-1] INFO  client.GrpcClientProtocolClient (GrpcClientProtocolClient.java:onNext(264)) - client-D9B31DDCE961->18b22b39-7551-46dd-8464-dd74933c4739: receive RaftClientReply:client-D9B31DDCE961->18b22b39-7551-46dd-8464-dd74933c4739@group-597320EF17B3, cid=745, SUCCESS, logIndex=884, commits[18b22b39-7551-46dd-8464-dd74933c4739:c884, 76d6a15c-8eeb-4764-b555-ce8767d18d57:c882, c90dcfdf-5973-4b56-a955-1fc4555f10cb:c882]
2019-09-19 11:25:58,214 [grpc-default-executor-6] INFO  client.GrpcClientProtocolClient (GrpcClientProtocolClient.java:onNext(264)) - client-D9B31DDCE961->18b22b39-7551-46dd-8464-dd74933c4739: receive RaftClientReply:client-D9B31DDCE961->18b22b39-7551-46dd-8464-dd74933c4739@group-597320EF17B3, cid=746, SUCCESS, logIndex=887, commits[18b22b39-7551-46dd-8464-dd74933c4739:c888, 76d6a15c-8eeb-4764-b555-ce8767d18d57:c884, c90dcfdf-5973-4b56-a955-1fc4555f10cb:c884]
2019-09-19 11:25:58,215 [grpc-default-executor-6] INFO  client.GrpcClientProtocolClient (GrpcClientProtocolClient.java:onNext(264)) - client-D9B31DDCE961->18b22b39-7551-46dd-8464-dd74933c4739: receive RaftClientReply:client-D9B31DDCE961->18b22b39-7551-46dd-8464-dd74933c4739@group-597320EF17B3, cid=747, SUCCESS, logIndex=888, commits[18b22b39-7551-46dd-8464-dd74933c4739:c888, 76d6a15c-8eeb-4764-b555-ce8767d18d57:c884, c90dcfdf-5973-4b56-a955-1fc4555f10cb:c884]
2019-09-19 11:25:58,229 [grpc-default-executor-6] INFO  client.GrpcClientProtocolClient (GrpcClientProtocolClient.java:onNext(264)) - client-D9B31DDCE961->18b22b39-7551-46dd-8464-dd74933c4739: receive RaftClientReply:client-D9B31DDCE961->18b22b39-7551-46dd-8464-dd74933c4739@group-597320EF17B3, cid=748, SUCCESS, logIndex=0, commits[18b22b39-7551-46dd-8464-dd74933c4739:c890, 76d6a15c-8eeb-4764-b555-ce8767d18d57:c888, c90dcfdf-5973-4b56-a955-1fc4555f10cb:c888]
2019-09-19 11:25:58,255 [grpc-default-executor-5] INFO  client.GrpcClientProtocolClient (GrpcClientProtocolClient.java:onNext(264)) - client-D9B31DDCE961->18b22b39-7551-46dd-8464-dd74933c4739: receive RaftClientReply:client-D9B31DDCE961->18b22b39-7551-46dd-8464-dd74933c4739@group-597320EF17B3, cid=749, SUCCESS, logIndex=891, commits[18b22b39-7551-46dd-8464-dd74933c4739:c891, 76d6a15c-8eeb-4764-b555-ce8767d18d57:c890, c90dcfdf-5973-4b56-a955-1fc4555f10cb:c888]
2019-09-19 11:25:58,257 [grpc-default-executor-5] INFO  client.GrpcClientProtocolClient (GrpcClientProtocolClient.java:onNext(264)) - client-D9B31DDCE961->18b22b39-7551-46dd-8464-dd74933c4739: receive RaftClientReply:client-D9B31DDCE961->18b22b39-7551-46dd-8464-dd74933c4739@group-597320EF17B3, cid=750, SUCCESS, logIndex=892, commits[18b22b39-7551-46dd-8464-dd74933c4739:c892, 76d6a15c-8eeb-4764-b555-ce8767d18d57:c890, c90dcfdf-5973-4b56-a955-1fc4555f10cb:c890]
2019-09-19 11:25:58,268 [grpc-default-executor-6] INFO  client.GrpcClientProtocolClient (GrpcClientProtocolClient.java:onNext(264)) - client-D9B31DDCE961->18b22b39-7551-46dd-8464-dd74933c4739: receive RaftClientReply:client-D9B31DDCE961->18b22b39-7551-46dd-8464-dd74933c4739@group-597320EF17B3, cid=751, SUCCESS, logIndex=893, commits[18b22b39-7551-46dd-8464-dd74933c4739:c894, 76d6a15c-8eeb-4764-b555-ce8767d18d57:c890, c90dcfdf-5973-4b56-a955-1fc4555f10cb:c890]
2019-09-19 11:25:58,268 [grpc-default-executor-6] INFO  client.GrpcClientProtocolClient (GrpcClientProtocolClient.java:onNext(264)) - client-D9B31DDCE961->18b22b39-7551-46dd-8464-dd74933c4739: receive RaftClientReply:client-D9B31DDCE961->18b22b39-7551-46dd-8464-dd74933c4739@group-597320EF17B3, cid=752, SUCCESS, logIndex=894, commits[18b22b39-7551-46dd-8464-dd74933c4739:c895, 76d6a15c-8eeb-4764-b555-ce8767d18d57:c891, c90dcfdf-5973-4b56-a955-1fc4555f10cb:c890]
2019-09-19 11:25:58,270 [grpc-default-executor-6] INFO  client.GrpcClientProtocolClient (GrpcClientProtocolClient.java:onNext(264)) - client-D9B31DDCE961->18b22b39-7551-46dd-8464-dd74933c4739: receive RaftClientReply:client-D9B31DDCE961->18b22b39-7551-46dd-8464-dd74933c4739@group-597320EF17B3, cid=753, SUCCESS, logIndex=0, commits[18b22b39-7551-46dd-8464-dd74933c4739:c896, 76d6a15c-8eeb-4764-b555-ce8767d18d57:c892, c90dcfdf-5973-4b56-a955-1fc4555f10cb:c892]
2019-09-19 11:25:58,296 [grpc-default-executor-6] INFO  client.GrpcClientProtocolClient (GrpcClientProtocolClient.java:onNext(264)) - client-D9B31DDCE961->18b22b39-7551-46dd-8464-dd74933c4739: receive RaftClientReply:client-D9B31DDCE961->18b22b39-7551-46dd-8464-dd74933c4739@group-597320EF17B3, cid=754, SUCCESS, logIndex=898, commits[18b22b39-7551-46dd-8464-dd74933c4739:c899, 76d6a15c-8eeb-4764-b555-ce8767d18d57:c896, c90dcfdf-5973-4b56-a955-1fc4555f10cb:c896]
2019-09-19 11:25:58,297 [grpc-default-executor-6] INFO  client.GrpcClientProtocolClient (GrpcClientProtocolClient.java:onNext(264)) - client-D9B31DDCE961->18b22b39-7551-46dd-8464-dd74933c4739: receive RaftClientReply:client-D9B31DDCE961->18b22b39-7551-46dd-8464-dd74933c4739@group-597320EF17B3, cid=755, SUCCESS, logIndex=899, commits[18b22b39-7551-46dd-8464-dd74933c4739:c899, 76d6a15c-8eeb-4764-b555-ce8767d18d57:c896, c90dcfdf-5973-4b56-a955-1fc4555f10cb:c896]
2019-09-19 11:25:58,309 [grpc-default-executor-6] INFO  client.GrpcClientProtocolClient (GrpcClientProtocolClient.java:onNext(264)) - client-D9B31DDCE961->18b22b39-7551-46dd-8464-dd74933c4739: receive RaftClientReply:client-D9B31DDCE961->18b22b39-7551-46dd-8464-dd74933c4739@group-597320EF17B3, cid=756, SUCCESS, logIndex=902, commits[18b22b39-7551-46dd-8464-dd74933c4739:c903, 76d6a15c-8eeb-4764-b555-ce8767d18d57:c899, c90dcfdf-5973-4b56-a955-1fc4555f10cb:c899]
2019-09-19 11:25:58,310 [grpc-default-executor-6] INFO  client.GrpcClientProtocolClient (GrpcClientProtocolClient.java:onNext(264)) - client-D9B31DDCE961->18b22b39-7551-46dd-8464-dd74933c4739: receive RaftClientReply:client-D9B31DDCE961->18b22b39-7551-46dd-8464-dd74933c4739@group-597320EF17B3, cid=757, SUCCESS, logIndex=903, commits[18b22b39-7551-46dd-8464-dd74933c4739:c903, 76d6a15c-8eeb-4764-b555-ce8767d18d57:c899, c90dcfdf-5973-4b56-a955-1fc4555f10cb:c899]
2019-09-19 11:25:58,313 [grpc-default-executor-3] INFO  client.GrpcClientProtocolClient (GrpcClientProtocolClient.java:onNext(264)) - client-D9B31DDCE961->18b22b39-7551-46dd-8464-dd74933c4739: receive RaftClientReply:client-D9B31DDCE961->18b22b39-7551-46dd-8464-dd74933c4739@group-597320EF17B3, cid=758, SUCCESS, logIndex=0, commits[18b22b39-7551-46dd-8464-dd74933c4739:c904, 76d6a15c-8eeb-4764-b555-ce8767d18d57:c903, c90dcfdf-5973-4b56-a955-1fc4555f10cb:c903]
2019-09-19 11:25:58,335 [grpc-default-executor-3] INFO  client.GrpcClientProtocolClient (GrpcClientProtocolClient.java:onNext(264)) - client-D9B31DDCE961->18b22b39-7551-46dd-8464-dd74933c4739: receive RaftClientReply:client-D9B31DDCE961->18b22b39-7551-46dd-8464-dd74933c4739@group-597320EF17B3, cid=759, SUCCESS, logIndex=906, commits[18b22b39-7551-46dd-8464-dd74933c4739:c907, 76d6a15c-8eeb-4764-b555-ce8767d18d57:c905, c90dcfdf-5973-4b56-a955-1fc4555f10cb:c905]
2019-09-19 11:25:58,335 [grpc-default-executor-3] INFO  client.GrpcClientProtocolClient (GrpcClientProtocolClient.java:onNext(264)) - client-D9B31DDCE961->18b22b39-7551-46dd-8464-dd74933c4739: receive RaftClientReply:client-D9B31DDCE961->18b22b39-7551-46dd-8464-dd74933c4739@group-597320EF17B3, cid=760, SUCCESS, logIndex=907, commits[18b22b39-7551-46dd-8464-dd74933c4739:c907, 76d6a15c-8eeb-4764-b555-ce8767d18d57:c905, c90dcfdf-5973-4b56-a955-1fc4555f10cb:c905]
2019-09-19 11:25:58,336 [grpc-default-executor-6] INFO  client.GrpcClientProtocolClient (GrpcClientProtocolClient.java:onNext(264)) - client-D9B31DDCE961->18b22b39-7551-46dd-8464-dd74933c4739: receive RaftClientReply:client-D9B31DDCE961->18b22b39-7551-46dd-8464-dd74933c4739@group-597320EF17B3, cid=761, SUCCESS, logIndex=908, commits[18b22b39-7551-46dd-8464-dd74933c4739:c909, 76d6a15c-8eeb-4764-b555-ce8767d18d57:c905, c90dcfdf-5973-4b56-a955-1fc4555f10cb:c905]
2019-09-19 11:25:58,337 [grpc-default-executor-6] INFO  client.GrpcClientProtocolClient (GrpcClientProtocolClient.java:onNext(264)) - client-D9B31DDCE961->18b22b39-7551-46dd-8464-dd74933c4739: receive RaftClientReply:client-D9B31DDCE961->18b22b39-7551-46dd-8464-dd74933c4739@group-597320EF17B3, cid=762, SUCCESS, logIndex=909, commits[18b22b39-7551-46dd-8464-dd74933c4739:c909, 76d6a15c-8eeb-4764-b555-ce8767d18d57:c905, c90dcfdf-5973-4b56-a955-1fc4555f10cb:c905]
2019-09-19 11:25:58,347 [grpc-default-executor-6] INFO  client.GrpcClientProtocolClient (GrpcClientProtocolClient.java:onNext(264)) - client-D9B31DDCE961->18b22b39-7551-46dd-8464-dd74933c4739: receive RaftClientReply:client-D9B31DDCE961->18b22b39-7551-46dd-8464-dd74933c4739@group-597320EF17B3, cid=763, SUCCESS, logIndex=0, commits[18b22b39-7551-46dd-8464-dd74933c4739:c910, 76d6a15c-8eeb-4764-b555-ce8767d18d57:c907, c90dcfdf-5973-4b56-a955-1fc4555f10cb:c907]
2019-09-19 11:25:58,368 [grpc-default-executor-5] INFO  client.GrpcClientProtocolClient (GrpcClientProtocolClient.java:onNext(264)) - client-D9B31DDCE961->18b22b39-7551-46dd-8464-dd74933c4739: receive RaftClientReply:client-D9B31DDCE961->18b22b39-7551-46dd-8464-dd74933c4739@group-597320EF17B3, cid=764, SUCCESS, logIndex=914, commits[18b22b39-7551-46dd-8464-dd74933c4739:c915, 76d6a15c-8eeb-4764-b555-ce8767d18d57:c913, c90dcfdf-5973-4b56-a955-1fc4555f10cb:c913]
2019-09-19 11:25:58,368 [grpc-default-executor-5] INFO  client.GrpcClientProtocolClient (GrpcClientProtocolClient.java:onNext(264)) - client-D9B31DDCE961->18b22b39-7551-46dd-8464-dd74933c4739: receive RaftClientReply:client-D9B31DDCE961->18b22b39-7551-46dd-8464-dd74933c4739@group-597320EF17B3, cid=765, SUCCESS, logIndex=915, commits[18b22b39-7551-46dd-8464-dd74933c4739:c915, 76d6a15c-8eeb-4764-b555-ce8767d18d57:c913, c90dcfdf-5973-4b56-a955-1fc4555f10cb:c913]
2019-09-19 11:25:58,392 [grpc-default-executor-6] INFO  client.GrpcClientProtocolClient (GrpcClientProtocolClient.java:onNext(264)) - client-D9B31DDCE961->18b22b39-7551-46dd-8464-dd74933c4739: receive RaftClientReply:client-D9B31DDCE961->18b22b39-7551-46dd-8464-dd74933c4739@group-597320EF17B3, cid=766, SUCCESS, logIndex=918, commits[18b22b39-7551-46dd-8464-dd74933c4739:c919, 76d6a15c-8eeb-4764-b555-ce8767d18d57:c915, c90dcfdf-5973-4b56-a955-1fc4555f10cb:c915]
2019-09-19 11:25:58,392 [grpc-default-executor-6] INFO  client.GrpcClientProtocolClient (GrpcClientProtocolClient.java:onNext(264)) - client-D9B31DDCE961->18b22b39-7551-46dd-8464-dd74933c4739: receive RaftClientReply:client-D9B31DDCE961->18b22b39-7551-46dd-8464-dd74933c4739@group-597320EF17B3, cid=767, SUCCESS, logIndex=919, commits[18b22b39-7551-46dd-8464-dd74933c4739:c919, 76d6a15c-8eeb-4764-b555-ce8767d18d57:c915, c90dcfdf-5973-4b56-a955-1fc4555f10cb:c915]
2019-09-19 11:25:58,395 [grpc-default-executor-6] INFO  client.GrpcClientProtocolClient (GrpcClientProtocolClient.java:onNext(264)) - client-D9B31DDCE961->18b22b39-7551-46dd-8464-dd74933c4739: receive RaftClientReply:client-D9B31DDCE961->18b22b39-7551-46dd-8464-dd74933c4739@group-597320EF17B3, cid=768, SUCCESS, logIndex=0, commits[18b22b39-7551-46dd-8464-dd74933c4739:c920, 76d6a15c-8eeb-4764-b555-ce8767d18d57:c919, c90dcfdf-5973-4b56-a955-1fc4555f10cb:c919]
2019-09-19 11:25:58,408 [grpc-default-executor-6] INFO  client.GrpcClientProtocolClient (GrpcClientProtocolClient.java:onNext(264)) - client-D9B31DDCE961->18b22b39-7551-46dd-8464-dd74933c4739: receive RaftClientReply:client-D9B31DDCE961->18b22b39-7551-46dd-8464-dd74933c4739@group-597320EF17B3, cid=769, SUCCESS, logIndex=922, commits[18b22b39-7551-46dd-8464-dd74933c4739:c923, 76d6a15c-8eeb-4764-b555-ce8767d18d57:c920, c90dcfdf-5973-4b56-a955-1fc4555f10cb:c919]
2019-09-19 11:25:58,408 [grpc-default-executor-6] INFO  client.GrpcClientProtocolClient (GrpcClientProtocolClient.java:onNext(264)) - client-D9B31DDCE961->18b22b39-7551-46dd-8464-dd74933c4739: receive RaftClientReply:client-D9B31DDCE961->18b22b39-7551-46dd-8464-dd74933c4739@group-597320EF17B3, cid=770, SUCCESS, logIndex=923, commits[18b22b39-7551-46dd-8464-dd74933c4739:c923, 76d6a15c-8eeb-4764-b555-ce8767d18d57:c920, c90dcfdf-5973-4b56-a955-1fc4555f10cb:c920]
2019-09-19 11:25:58,411 [grpc-default-executor-6] INFO  client.GrpcClientProtocolClient (GrpcClientProtocolClient.java:onNext(264)) - client-D9B31DDCE961->18b22b39-7551-46dd-8464-dd74933c4739: receive RaftClientReply:client-D9B31DDCE961->18b22b39-7551-46dd-8464-dd74933c4739@group-597320EF17B3, cid=771, SUCCESS, logIndex=924, commits[18b22b39-7551-46dd-8464-dd74933c4739:c925, 76d6a15c-8eeb-4764-b555-ce8767d18d57:c920, c90dcfdf-5973-4b56-a955-1fc4555f10cb:c920]
2019-09-19 11:25:58,411 [grpc-default-executor-6] INFO  client.GrpcClientProtocolClient (GrpcClientProtocolClient.java:onNext(264)) - client-D9B31DDCE961->18b22b39-7551-46dd-8464-dd74933c4739: receive RaftClientReply:client-D9B31DDCE961->18b22b39-7551-46dd-8464-dd74933c4739@group-597320EF17B3, cid=772, SUCCESS, logIndex=925, commits[18b22b39-7551-46dd-8464-dd74933c4739:c927, 76d6a15c-8eeb-4764-b555-ce8767d18d57:c923, c90dcfdf-5973-4b56-a955-1fc4555f10cb:c923]
2019-09-19 11:25:58,423 [grpc-default-executor-5] INFO  client.GrpcClientProtocolClient (GrpcClientProtocolClient.java:onNext(264)) - client-D9B31DDCE961->18b22b39-7551-46dd-8464-dd74933c4739: receive RaftClientReply:client-D9B31DDCE961->18b22b39-7551-46dd-8464-dd74933c4739@group-597320EF17B3, cid=773, SUCCESS, logIndex=930, commits[18b22b39-7551-46dd-8464-dd74933c4739:c931, 76d6a15c-8eeb-4764-b555-ce8767d18d57:c929, c90dcfdf-5973-4b56-a955-1fc4555f10cb:c925]
2019-09-19 11:25:58,424 [grpc-default-executor-5] INFO  client.GrpcClientProtocolClient (GrpcClientProtocolClient.java:onNext(264)) - client-D9B31DDCE961->18b22b39-7551-46dd-8464-dd74933c4739: receive RaftClientReply:client-D9B31DDCE961->18b22b39-7551-46dd-8464-dd74933c4739@group-597320EF17B3, cid=774, SUCCESS, logIndex=931, commits[18b22b39-7551-46dd-8464-dd74933c4739:c931, 76d6a15c-8eeb-4764-b555-ce8767d18d57:c929, c90dcfdf-5973-4b56-a955-1fc4555f10cb:c925]
2019-09-19 11:25:58,435 [grpc-default-executor-3] INFO  client.GrpcClientProtocolClient (GrpcClientProtocolClient.java:onNext(264)) - client-D9B31DDCE961->18b22b39-7551-46dd-8464-dd74933c4739: receive RaftClientReply:client-D9B31DDCE961->18b22b39-7551-46dd-8464-dd74933c4739@group-597320EF17B3, cid=775, SUCCESS, logIndex=934, commits[18b22b39-7551-46dd-8464-dd74933c4739:c935, 76d6a15c-8eeb-4764-b555-ce8767d18d57:c933, c90dcfdf-5973-4b56-a955-1fc4555f10cb:c933]
2019-09-19 11:25:58,436 [grpc-default-executor-3] INFO  client.GrpcClientProtocolClient (GrpcClientProtocolClient.java:onNext(264)) - client-D9B31DDCE961->18b22b39-7551-46dd-8464-dd74933c4739: receive RaftClientReply:client-D9B31DDCE961->18b22b39-7551-46dd-8464-dd74933c4739@group-597320EF17B3, cid=776, SUCCESS, logIndex=935, commits[18b22b39-7551-46dd-8464-dd74933c4739:c935, 76d6a15c-8eeb-4764-b555-ce8767d18d57:c933, c90dcfdf-5973-4b56-a955-1fc4555f10cb:c933]
2019-09-19 11:25:58,437 [grpc-default-executor-3] INFO  client.GrpcClientProtocolClient (GrpcClientProtocolClient.java:onNext(264)) - client-D9B31DDCE961->18b22b39-7551-46dd-8464-dd74933c4739: receive RaftClientReply:client-D9B31DDCE961->18b22b39-7551-46dd-8464-dd74933c4739@group-597320EF17B3, cid=777, SUCCESS, logIndex=0, commits[18b22b39-7551-46dd-8464-dd74933c4739:c936, 76d6a15c-8eeb-4764-b555-ce8767d18d57:c935, c90dcfdf-5973-4b56-a955-1fc4555f10cb:c935]
2019-09-19 11:25:58,458 [grpc-default-executor-3] INFO  client.GrpcClientProtocolClient (GrpcClientProtocolClient.java:onNext(264)) - client-D9B31DDCE961->18b22b39-7551-46dd-8464-dd74933c4739: receive RaftClientReply:client-D9B31DDCE961->18b22b39-7551-46dd-8464-dd74933c4739@group-597320EF17B3, cid=778, SUCCESS, logIndex=938, commits[18b22b39-7551-46dd-8464-dd74933c4739:c939, 76d6a15c-8eeb-4764-b555-ce8767d18d57:c937, c90dcfdf-5973-4b56-a955-1fc4555f10cb:c937]
2019-09-19 11:25:58,459 [grpc-default-executor-3] INFO  client.GrpcClientProtocolClient (GrpcClientProtocolClient.java:onNext(264)) - client-D9B31DDCE961->18b22b39-7551-46dd-8464-dd74933c4739: receive RaftClientReply:client-D9B31DDCE961->18b22b39-7551-46dd-8464-dd74933c4739@group-597320EF17B3, cid=779, SUCCESS, logIndex=939, commits[18b22b39-7551-46dd-8464-dd74933c4739:c941, 76d6a15c-8eeb-4764-b555-ce8767d18d57:c937, c90dcfdf-5973-4b56-a955-1fc4555f10cb:c937]
2019-09-19 11:25:58,460 [grpc-default-executor-3] INFO  client.GrpcClientProtocolClient (GrpcClientProtocolClient.java:onNext(264)) - client-D9B31DDCE961->18b22b39-7551-46dd-8464-dd74933c4739: receive RaftClientReply:client-D9B31DDCE961->18b22b39-7551-46dd-8464-dd74933c4739@group-597320EF17B3, cid=780, SUCCESS, logIndex=940, commits[18b22b39-7551-46dd-8464-dd74933c4739:c941, 76d6a15c-8eeb-4764-b555-ce8767d18d57:c937, c90dcfdf-5973-4b56-a955-1fc4555f10cb:c937]
2019-09-19 11:25:58,460 [grpc-default-executor-5] INFO  client.GrpcClientProtocolClient (GrpcClientProtocolClient.java:onNext(264)) - client-D9B31DDCE961->18b22b39-7551-46dd-8464-dd74933c4739: receive RaftClientReply:client-D9B31DDCE961->18b22b39-7551-46dd-8464-dd74933c4739@group-597320EF17B3, cid=781, SUCCESS, logIndex=941, commits[18b22b39-7551-46dd-8464-dd74933c4739:c941, 76d6a15c-8eeb-4764-b555-ce8767d18d57:c937, c90dcfdf-5973-4b56-a955-1fc4555f10cb:c937]
2019-09-19 11:25:58,462 [grpc-default-executor-3] INFO  client.GrpcClientProtocolClient (GrpcClientProtocolClient.java:onNext(264)) - client-D9B31DDCE961->18b22b39-7551-46dd-8464-dd74933c4739: receive RaftClientReply:client-D9B31DDCE961->18b22b39-7551-46dd-8464-dd74933c4739@group-597320EF17B3, cid=782, SUCCESS, logIndex=0, commits[18b22b39-7551-46dd-8464-dd74933c4739:c943, 76d6a15c-8eeb-4764-b555-ce8767d18d57:c939, c90dcfdf-5973-4b56-a955-1fc4555f10cb:c939]
2019-09-19 11:25:58,490 [grpc-default-executor-6] INFO  client.GrpcClientProtocolClient (GrpcClientProtocolClient.java:onNext(264)) - client-D9B31DDCE961->18b22b39-7551-46dd-8464-dd74933c4739: receive RaftClientReply:client-D9B31DDCE961->18b22b39-7551-46dd-8464-dd74933c4739@group-597320EF17B3, cid=783, SUCCESS, logIndex=946, commits[18b22b39-7551-46dd-8464-dd74933c4739:c947, 76d6a15c-8eeb-4764-b555-ce8767d18d57:c945, c90dcfdf-5973-4b56-a955-1fc4555f10cb:c945]
2019-09-19 11:25:58,490 [grpc-default-executor-6] INFO  client.GrpcClientProtocolClient (GrpcClientProtocolClient.java:onNext(264)) - client-D9B31DDCE961->18b22b39-7551-46dd-8464-dd74933c4739: receive RaftClientReply:client-D9B31DDCE961->18b22b39-7551-46dd-8464-dd74933c4739@group-597320EF17B3, cid=784, SUCCESS, logIndex=947, commits[18b22b39-7551-46dd-8464-dd74933c4739:c947, 76d6a15c-8eeb-4764-b555-ce8767d18d57:c945, c90dcfdf-5973-4b56-a955-1fc4555f10cb:c945]
2019-09-19 11:25:58,515 [grpc-default-executor-3] INFO  client.GrpcClientProtocolClient (GrpcClientProtocolClient.java:onNext(264)) - client-D9B31DDCE961->18b22b39-7551-46dd-8464-dd74933c4739: receive RaftClientReply:client-D9B31DDCE961->18b22b39-7551-46dd-8464-dd74933c4739@group-597320EF17B3, cid=785, SUCCESS, logIndex=950, commits[18b22b39-7551-46dd-8464-dd74933c4739:c951, 76d6a15c-8eeb-4764-b555-ce8767d18d57:c947, c90dcfdf-5973-4b56-a955-1fc4555f10cb:c947]
2019-09-19 11:25:58,515 [grpc-default-executor-3] INFO  client.GrpcClientProtocolClient (GrpcClientProtocolClient.java:onNext(264)) - client-D9B31DDCE961->18b22b39-7551-46dd-8464-dd74933c4739: receive RaftClientReply:client-D9B31DDCE961->18b22b39-7551-46dd-8464-dd74933c4739@group-597320EF17B3, cid=786, SUCCESS, logIndex=951, commits[18b22b39-7551-46dd-8464-dd74933c4739:c951, 76d6a15c-8eeb-4764-b555-ce8767d18d57:c947, c90dcfdf-5973-4b56-a955-1fc4555f10cb:c947]
2019-09-19 11:25:58,527 [grpc-default-executor-6] INFO  client.GrpcClientProtocolClient (GrpcClientProtocolClient.java:onNext(264)) - client-D9B31DDCE961->18b22b39-7551-46dd-8464-dd74933c4739: receive RaftClientReply:client-D9B31DDCE961->18b22b39-7551-46dd-8464-dd74933c4739@group-597320EF17B3, cid=787, SUCCESS, logIndex=0, commits[18b22b39-7551-46dd-8464-dd74933c4739:c952, 76d6a15c-8eeb-4764-b555-ce8767d18d57:c951, c90dcfdf-5973-4b56-a955-1fc4555f10cb:c951]
2019-09-19 11:25:58,549 [grpc-default-executor-3] INFO  client.GrpcClientProtocolClient (GrpcClientProtocolClient.java:onNext(264)) - client-D9B31DDCE961->18b22b39-7551-46dd-8464-dd74933c4739: receive RaftClientReply:client-D9B31DDCE961->18b22b39-7551-46dd-8464-dd74933c4739@group-597320EF17B3, cid=788, SUCCESS, logIndex=954, commits[18b22b39-7551-46dd-8464-dd74933c4739:c955, 76d6a15c-8eeb-4764-b555-ce8767d18d57:c953, c90dcfdf-5973-4b56-a955-1fc4555f10cb:c953]
2019-09-19 11:25:58,550 [grpc-default-executor-1] INFO  client.GrpcClientProtocolClient (GrpcClientProtocolClient.java:onNext(264)) - client-D9B31DDCE961->18b22b39-7551-46dd-8464-dd74933c4739: receive RaftClientReply:client-D9B31DDCE961->18b22b39-7551-46dd-8464-dd74933c4739@group-597320EF17B3, cid=789, SUCCESS, logIndex=955, commits[18b22b39-7551-46dd-8464-dd74933c4739:c955, 76d6a15c-8eeb-4764-b555-ce8767d18d57:c953, c90dcfdf-5973-4b56-a955-1fc4555f10cb:c953]
2019-09-19 11:25:58,550 [grpc-default-executor-1] INFO  client.GrpcClientProtocolClient (GrpcClientProtocolClient.java:onNext(264)) - client-D9B31DDCE961->18b22b39-7551-46dd-8464-dd74933c4739: receive RaftClientReply:client-D9B31DDCE961->18b22b39-7551-46dd-8464-dd74933c4739@group-597320EF17B3, cid=790, SUCCESS, logIndex=956, commits[18b22b39-7551-46dd-8464-dd74933c4739:c956, 76d6a15c-8eeb-4764-b555-ce8767d18d57:c953, c90dcfdf-5973-4b56-a955-1fc4555f10cb:c953]
2019-09-19 11:25:58,550 [grpc-default-executor-1] INFO  client.GrpcClientProtocolClient (GrpcClientProtocolClient.java:onNext(264)) - client-D9B31DDCE961->18b22b39-7551-46dd-8464-dd74933c4739: receive RaftClientReply:client-D9B31DDCE961->18b22b39-7551-46dd-8464-dd74933c4739@group-597320EF17B3, cid=791, SUCCESS, logIndex=957, commits[18b22b39-7551-46dd-8464-dd74933c4739:c957, 76d6a15c-8eeb-4764-b555-ce8767d18d57:c953, c90dcfdf-5973-4b56-a955-1fc4555f10cb:c953]
2019-09-19 11:25:58,551 [grpc-default-executor-1] INFO  client.GrpcClientProtocolClient (GrpcClientProtocolClient.java:onNext(264)) - client-D9B31DDCE961->18b22b39-7551-46dd-8464-dd74933c4739: receive RaftClientReply:client-D9B31DDCE961->18b22b39-7551-46dd-8464-dd74933c4739@group-597320EF17B3, cid=792, SUCCESS, logIndex=0, commits[18b22b39-7551-46dd-8464-dd74933c4739:c959, 76d6a15c-8eeb-4764-b555-ce8767d18d57:c955, c90dcfdf-5973-4b56-a955-1fc4555f10cb:c955]
2019-09-19 11:25:58,571 [grpc-default-executor-6] INFO  client.GrpcClientProtocolClient (GrpcClientProtocolClient.java:onNext(264)) - client-D9B31DDCE961->18b22b39-7551-46dd-8464-dd74933c4739: receive RaftClientReply:client-D9B31DDCE961->18b22b39-7551-46dd-8464-dd74933c4739@group-597320EF17B3, cid=793, SUCCESS, logIndex=962, commits[18b22b39-7551-46dd-8464-dd74933c4739:c963, 76d6a15c-8eeb-4764-b555-ce8767d18d57:c961, c90dcfdf-5973-4b56-a955-1fc4555f10cb:c961]
2019-09-19 11:25:58,571 [grpc-default-executor-6] INFO  client.GrpcClientProtocolClient (GrpcClientProtocolClient.java:onNext(264)) - client-D9B31DDCE961->18b22b39-7551-46dd-8464-dd74933c4739: receive RaftClientReply:client-D9B31DDCE961->18b22b39-7551-46dd-8464-dd74933c4739@group-597320EF17B3, cid=794, SUCCESS, logIndex=963, commits[18b22b39-7551-46dd-8464-dd74933c4739:c963, 76d6a15c-8eeb-4764-b555-ce8767d18d57:c961, c90dcfdf-5973-4b56-a955-1fc4555f10cb:c961]
2019-09-19 11:25:58,654 [grpc-default-executor-6] INFO  client.GrpcClientProtocolClient (GrpcClientProtocolClient.java:onNext(264)) - client-D9B31DDCE961->18b22b39-7551-46dd-8464-dd74933c4739: receive RaftClientReply:client-D9B31DDCE961->18b22b39-7551-46dd-8464-dd74933c4739@group-597320EF17B3, cid=795, SUCCESS, logIndex=966, commits[18b22b39-7551-46dd-8464-dd74933c4739:c967, 76d6a15c-8eeb-4764-b555-ce8767d18d57:c963, c90dcfdf-5973-4b56-a955-1fc4555f10cb:c963]
2019-09-19 11:25:58,655 [grpc-default-executor-6] INFO  client.GrpcClientProtocolClient (GrpcClientProtocolClient.java:onNext(264)) - client-D9B31DDCE961->18b22b39-7551-46dd-8464-dd74933c4739: receive RaftClientReply:client-D9B31DDCE961->18b22b39-7551-46dd-8464-dd74933c4739@group-597320EF17B3, cid=796, SUCCESS, logIndex=967, commits[18b22b39-7551-46dd-8464-dd74933c4739:c967, 76d6a15c-8eeb-4764-b555-ce8767d18d57:c963, c90dcfdf-5973-4b56-a955-1fc4555f10cb:c963]
2019-09-19 11:25:58,666 [grpc-default-executor-1] INFO  client.GrpcClientProtocolClient (GrpcClientProtocolClient.java:onNext(264)) - client-D9B31DDCE961->18b22b39-7551-46dd-8464-dd74933c4739: receive RaftClientReply:client-D9B31DDCE961->18b22b39-7551-46dd-8464-dd74933c4739@group-597320EF17B3, cid=797, SUCCESS, logIndex=0, commits[18b22b39-7551-46dd-8464-dd74933c4739:c967, 76d6a15c-8eeb-4764-b555-ce8767d18d57:c967, c90dcfdf-5973-4b56-a955-1fc4555f10cb:c967]
2019-09-19 11:25:58,686 [grpc-default-executor-6] INFO  client.GrpcClientProtocolClient (GrpcClientProtocolClient.java:onNext(264)) - client-D9B31DDCE961->18b22b39-7551-46dd-8464-dd74933c4739: receive RaftClientReply:client-D9B31DDCE961->18b22b39-7551-46dd-8464-dd74933c4739@group-597320EF17B3, cid=798, SUCCESS, logIndex=970, commits[18b22b39-7551-46dd-8464-dd74933c4739:c972, 76d6a15c-8eeb-4764-b555-ce8767d18d57:c969, c90dcfdf-5973-4b56-a955-1fc4555f10cb:c969]
2019-09-19 11:25:58,687 [grpc-default-executor-6] INFO  client.GrpcClientProtocolClient (GrpcClientProtocolClient.java:onNext(264)) - client-D9B31DDCE961->18b22b39-7551-46dd-8464-dd74933c4739: receive RaftClientReply:client-D9B31DDCE961->18b22b39-7551-46dd-8464-dd74933c4739@group-597320EF17B3, cid=799, SUCCESS, logIndex=971, commits[18b22b39-7551-46dd-8464-dd74933c4739:c973, 76d6a15c-8eeb-4764-b555-ce8767d18d57:c969, c90dcfdf-5973-4b56-a955-1fc4555f10cb:c969]
2019-09-19 11:25:58,687 [grpc-default-executor-6] INFO  client.GrpcClientProtocolClient (GrpcClientProtocolClient.java:onNext(264)) - client-D9B31DDCE961->18b22b39-7551-46dd-8464-dd74933c4739: receive RaftClientReply:client-D9B31DDCE961->18b22b39-7551-46dd-8464-dd74933c4739@group-597320EF17B3, cid=800, SUCCESS, logIndex=972, commits[18b22b39-7551-46dd-8464-dd74933c4739:c973, 76d6a15c-8eeb-4764-b555-ce8767d18d57:c969, c90dcfdf-5973-4b56-a955-1fc4555f10cb:c969]
2019-09-19 11:25:58,688 [grpc-default-executor-6] INFO  client.GrpcClientProtocolClient (GrpcClientProtocolClient.java:onNext(264)) - client-D9B31DDCE961->18b22b39-7551-46dd-8464-dd74933c4739: receive RaftClientReply:client-D9B31DDCE961->18b22b39-7551-46dd-8464-dd74933c4739@group-597320EF17B3, cid=801, SUCCESS, logIndex=973, commits[18b22b39-7551-46dd-8464-dd74933c4739:c973, 76d6a15c-8eeb-4764-b555-ce8767d18d57:c969, c90dcfdf-5973-4b56-a955-1fc4555f10cb:c969]
2019-09-19 11:25:58,699 [grpc-default-executor-6] INFO  client.GrpcClientProtocolClient (GrpcClientProtocolClient.java:onNext(264)) - client-D9B31DDCE961->18b22b39-7551-46dd-8464-dd74933c4739: receive RaftClientReply:client-D9B31DDCE961->18b22b39-7551-46dd-8464-dd74933c4739@group-597320EF17B3, cid=802, SUCCESS, logIndex=0, commits[18b22b39-7551-46dd-8464-dd74933c4739:c974, 76d6a15c-8eeb-4764-b555-ce8767d18d57:c971, c90dcfdf-5973-4b56-a955-1fc4555f10cb:c971]
2019-09-19 11:25:58,737 [grpc-default-executor-6] INFO  client.GrpcClientProtocolClient (GrpcClientProtocolClient.java:onNext(264)) - client-D9B31DDCE961->18b22b39-7551-46dd-8464-dd74933c4739: receive RaftClientReply:client-D9B31DDCE961->18b22b39-7551-46dd-8464-dd74933c4739@group-597320EF17B3, cid=803, SUCCESS, logIndex=978, commits[18b22b39-7551-46dd-8464-dd74933c4739:c979, 76d6a15c-8eeb-4764-b555-ce8767d18d57:c977, c90dcfdf-5973-4b56-a955-1fc4555f10cb:c977]
2019-09-19 11:25:58,738 [grpc-default-executor-6] INFO  client.GrpcClientProtocolClient (GrpcClientProtocolClient.java:onNext(264)) - client-D9B31DDCE961->18b22b39-7551-46dd-8464-dd74933c4739: receive RaftClientReply:client-D9B31DDCE961->18b22b39-7551-46dd-8464-dd74933c4739@group-597320EF17B3, cid=804, SUCCESS, logIndex=979, commits[18b22b39-7551-46dd-8464-dd74933c4739:c979, 76d6a15c-8eeb-4764-b555-ce8767d18d57:c977, c90dcfdf-5973-4b56-a955-1fc4555f10cb:c977]
2019-09-19 11:25:58,752 [grpc-default-executor-3] INFO  client.GrpcClientProtocolClient (GrpcClientProtocolClient.java:onNext(264)) - client-D9B31DDCE961->18b22b39-7551-46dd-8464-dd74933c4739: receive RaftClientReply:client-D9B31DDCE961->18b22b39-7551-46dd-8464-dd74933c4739@group-597320EF17B3, cid=805, SUCCESS, logIndex=982, commits[18b22b39-7551-46dd-8464-dd74933c4739:c983, 76d6a15c-8eeb-4764-b555-ce8767d18d57:c979, c90dcfdf-5973-4b56-a955-1fc4555f10cb:c979]
2019-09-19 11:25:58,753 [grpc-default-executor-3] INFO  client.GrpcClientProtocolClient (GrpcClientProtocolClient.java:onNext(264)) - client-D9B31DDCE961->18b22b39-7551-46dd-8464-dd74933c4739: receive RaftClientReply:client-D9B31DDCE961->18b22b39-7551-46dd-8464-dd74933c4739@group-597320EF17B3, cid=806, SUCCESS, logIndex=983, commits[18b22b39-7551-46dd-8464-dd74933c4739:c983, 76d6a15c-8eeb-4764-b555-ce8767d18d57:c979, c90dcfdf-5973-4b56-a955-1fc4555f10cb:c979]
2019-09-19 11:25:58,765 [grpc-default-executor-3] INFO  client.GrpcClientProtocolClient (GrpcClientProtocolClient.java:onNext(264)) - client-D9B31DDCE961->18b22b39-7551-46dd-8464-dd74933c4739: receive RaftClientReply:client-D9B31DDCE961->18b22b39-7551-46dd-8464-dd74933c4739@group-597320EF17B3, cid=807, SUCCESS, logIndex=0, commits[18b22b39-7551-46dd-8464-dd74933c4739:c985, 76d6a15c-8eeb-4764-b555-ce8767d18d57:c983, c90dcfdf-5973-4b56-a955-1fc4555f10cb:c983]
2019-09-19 11:25:58,845 [grpc-default-executor-5] INFO  client.GrpcClientProtocolClient (GrpcClientProtocolClient.java:onNext(264)) - client-D9B31DDCE961->18b22b39-7551-46dd-8464-dd74933c4739: receive RaftClientReply:client-D9B31DDCE961->18b22b39-7551-46dd-8464-dd74933c4739@group-597320EF17B3, cid=808, SUCCESS, logIndex=986, commits[18b22b39-7551-46dd-8464-dd74933c4739:c987, 76d6a15c-8eeb-4764-b555-ce8767d18d57:c985, c90dcfdf-5973-4b56-a955-1fc4555f10cb:c983]
2019-09-19 11:25:58,845 [grpc-default-executor-5] INFO  client.GrpcClientProtocolClient (GrpcClientProtocolClient.java:onNext(264)) - client-D9B31DDCE961->18b22b39-7551-46dd-8464-dd74933c4739: receive RaftClientReply:client-D9B31DDCE961->18b22b39-7551-46dd-8464-dd74933c4739@group-597320EF17B3, cid=809, SUCCESS, logIndex=987, commits[18b22b39-7551-46dd-8464-dd74933c4739:c987, 76d6a15c-8eeb-4764-b555-ce8767d18d57:c985, c90dcfdf-5973-4b56-a955-1fc4555f10cb:c983]
2019-09-19 11:25:58,858 [grpc-default-executor-1] INFO  client.GrpcClientProtocolClient (GrpcClientProtocolClient.java:onNext(264)) - client-D9B31DDCE961->18b22b39-7551-46dd-8464-dd74933c4739: receive RaftClientReply:client-D9B31DDCE961->18b22b39-7551-46dd-8464-dd74933c4739@group-597320EF17B3, cid=810, SUCCESS, logIndex=988, commits[18b22b39-7551-46dd-8464-dd74933c4739:c989, 76d6a15c-8eeb-4764-b555-ce8767d18d57:c985, c90dcfdf-5973-4b56-a955-1fc4555f10cb:c985]
2019-09-19 11:25:58,859 [grpc-default-executor-1] INFO  client.GrpcClientProtocolClient (GrpcClientProtocolClient.java:onNext(264)) - client-D9B31DDCE961->18b22b39-7551-46dd-8464-dd74933c4739: receive RaftClientReply:client-D9B31DDCE961->18b22b39-7551-46dd-8464-dd74933c4739@group-597320EF17B3, cid=811, SUCCESS, logIndex=989, commits[18b22b39-7551-46dd-8464-dd74933c4739:c989, 76d6a15c-8eeb-4764-b555-ce8767d18d57:c985, c90dcfdf-5973-4b56-a955-1fc4555f10cb:c985]
2019-09-19 11:25:58,943 [grpc-default-executor-1] INFO  client.GrpcClientProtocolClient (GrpcClientProtocolClient.java:onNext(264)) - client-D9B31DDCE961->18b22b39-7551-46dd-8464-dd74933c4739: receive RaftClientReply:client-D9B31DDCE961->18b22b39-7551-46dd-8464-dd74933c4739@group-597320EF17B3, cid=812, SUCCESS, logIndex=0, commits[18b22b39-7551-46dd-8464-dd74933c4739:c993, 76d6a15c-8eeb-4764-b555-ce8767d18d57:c987, c90dcfdf-5973-4b56-a955-1fc4555f10cb:c989]
2019-09-19 11:25:58,965 [grpc-default-executor-1] INFO  client.GrpcClientProtocolClient (GrpcClientProtocolClient.java:onNext(264)) - client-D9B31DDCE961->18b22b39-7551-46dd-8464-dd74933c4739: receive RaftClientReply:client-D9B31DDCE961->18b22b39-7551-46dd-8464-dd74933c4739@group-597320EF17B3, cid=813, SUCCESS, logIndex=994, commits[18b22b39-7551-46dd-8464-dd74933c4739:c994, 76d6a15c-8eeb-4764-b555-ce8767d18d57:c993, c90dcfdf-5973-4b56-a955-1fc4555f10cb:c993]
2019-09-19 11:25:58,966 [grpc-default-executor-1] INFO  client.GrpcClientProtocolClient (GrpcClientProtocolClient.java:onNext(264)) - client-D9B31DDCE961->18b22b39-7551-46dd-8464-dd74933c4739: receive RaftClientReply:client-D9B31DDCE961->18b22b39-7551-46dd-8464-dd74933c4739@group-597320EF17B3, cid=814, SUCCESS, logIndex=995, commits[18b22b39-7551-46dd-8464-dd74933c4739:c995, 76d6a15c-8eeb-4764-b555-ce8767d18d57:c993, c90dcfdf-5973-4b56-a955-1fc4555f10cb:c993]
2019-09-19 11:25:58,981 [grpc-default-executor-5] INFO  client.GrpcClientProtocolClient (GrpcClientProtocolClient.java:onNext(264)) - client-D9B31DDCE961->18b22b39-7551-46dd-8464-dd74933c4739: receive RaftClientReply:client-D9B31DDCE961->18b22b39-7551-46dd-8464-dd74933c4739@group-597320EF17B3, cid=815, SUCCESS, logIndex=998, commits[18b22b39-7551-46dd-8464-dd74933c4739:c999, 76d6a15c-8eeb-4764-b555-ce8767d18d57:c995, c90dcfdf-5973-4b56-a955-1fc4555f10cb:c995]
2019-09-19 11:25:58,982 [grpc-default-executor-5] INFO  client.GrpcClientProtocolClient (GrpcClientProtocolClient.java:onNext(264)) - client-D9B31DDCE961->18b22b39-7551-46dd-8464-dd74933c4739: receive RaftClientReply:client-D9B31DDCE961->18b22b39-7551-46dd-8464-dd74933c4739@group-597320EF17B3, cid=816, SUCCESS, logIndex=999, commits[18b22b39-7551-46dd-8464-dd74933c4739:c999, 76d6a15c-8eeb-4764-b555-ce8767d18d57:c995, c90dcfdf-5973-4b56-a955-1fc4555f10cb:c995]
2019-09-19 11:25:58,994 [grpc-default-executor-1] INFO  client.GrpcClientProtocolClient (GrpcClientProtocolClient.java:onNext(264)) - client-D9B31DDCE961->18b22b39-7551-46dd-8464-dd74933c4739: receive RaftClientReply:client-D9B31DDCE961->18b22b39-7551-46dd-8464-dd74933c4739@group-597320EF17B3, cid=817, SUCCESS, logIndex=0, commits[18b22b39-7551-46dd-8464-dd74933c4739:c1001, 76d6a15c-8eeb-4764-b555-ce8767d18d57:c999, c90dcfdf-5973-4b56-a955-1fc4555f10cb:c999]
2019-09-19 11:25:59,013 [grpc-default-executor-5] INFO  client.GrpcClientProtocolClient (GrpcClientProtocolClient.java:onNext(264)) - client-D9B31DDCE961->18b22b39-7551-46dd-8464-dd74933c4739: receive RaftClientReply:client-D9B31DDCE961->18b22b39-7551-46dd-8464-dd74933c4739@group-597320EF17B3, cid=818, SUCCESS, logIndex=1002, commits[18b22b39-7551-46dd-8464-dd74933c4739:c1004, 76d6a15c-8eeb-4764-b555-ce8767d18d57:c1001, c90dcfdf-5973-4b56-a955-1fc4555f10cb:c1001]
2019-09-19 11:25:59,015 [grpc-default-executor-5] INFO  client.GrpcClientProtocolClient (GrpcClientProtocolClient.java:onNext(264)) - client-D9B31DDCE961->18b22b39-7551-46dd-8464-dd74933c4739: receive RaftClientReply:client-D9B31DDCE961->18b22b39-7551-46dd-8464-dd74933c4739@group-597320EF17B3, cid=819, SUCCESS, logIndex=1003, commits[18b22b39-7551-46dd-8464-dd74933c4739:c1005, 76d6a15c-8eeb-4764-b555-ce8767d18d57:c1001, c90dcfdf-5973-4b56-a955-1fc4555f10cb:c1001]
2019-09-19 11:25:59,015 [grpc-default-executor-5] INFO  client.GrpcClientProtocolClient (GrpcClientProtocolClient.java:onNext(264)) - client-D9B31DDCE961->18b22b39-7551-46dd-8464-dd74933c4739: receive RaftClientReply:client-D9B31DDCE961->18b22b39-7551-46dd-8464-dd74933c4739@group-597320EF17B3, cid=820, SUCCESS, logIndex=1004, commits[18b22b39-7551-46dd-8464-dd74933c4739:c1005, 76d6a15c-8eeb-4764-b555-ce8767d18d57:c1001, c90dcfdf-5973-4b56-a955-1fc4555f10cb:c1001]
2019-09-19 11:25:59,015 [grpc-default-executor-5] INFO  client.GrpcClientProtocolClient (GrpcClientProtocolClient.java:onNext(264)) - client-D9B31DDCE961->18b22b39-7551-46dd-8464-dd74933c4739: receive RaftClientReply:client-D9B31DDCE961->18b22b39-7551-46dd-8464-dd74933c4739@group-597320EF17B3, cid=821, SUCCESS, logIndex=1005, commits[18b22b39-7551-46dd-8464-dd74933c4739:c1005, 76d6a15c-8eeb-4764-b555-ce8767d18d57:c1002, c90dcfdf-5973-4b56-a955-1fc4555f10cb:c1001]
2019-09-19 11:25:59,017 [grpc-default-executor-5] INFO  client.GrpcClientProtocolClient (GrpcClientProtocolClient.java:onNext(264)) - client-D9B31DDCE961->18b22b39-7551-46dd-8464-dd74933c4739: receive RaftClientReply:client-D9B31DDCE961->18b22b39-7551-46dd-8464-dd74933c4739@group-597320EF17B3, cid=822, SUCCESS, logIndex=0, commits[18b22b39-7551-46dd-8464-dd74933c4739:c1007, 76d6a15c-8eeb-4764-b555-ce8767d18d57:c1003, c90dcfdf-5973-4b56-a955-1fc4555f10cb:c1003]
2019-09-19 11:25:59,044 [grpc-default-executor-6] INFO  client.GrpcClientProtocolClient (GrpcClientProtocolClient.java:onNext(264)) - client-D9B31DDCE961->18b22b39-7551-46dd-8464-dd74933c4739: receive RaftClientReply:client-D9B31DDCE961->18b22b39-7551-46dd-8464-dd74933c4739@group-597320EF17B3, cid=823, SUCCESS, logIndex=1010, commits[18b22b39-7551-46dd-8464-dd74933c4739:c1011, 76d6a15c-8eeb-4764-b555-ce8767d18d57:c1009, c90dcfdf-5973-4b56-a955-1fc4555f10cb:c1009]
2019-09-19 11:25:59,045 [grpc-default-executor-6] INFO  client.GrpcClientProtocolClient (GrpcClientProtocolClient.java:onNext(264)) - client-D9B31DDCE961->18b22b39-7551-46dd-8464-dd74933c4739: receive RaftClientReply:client-D9B31DDCE961->18b22b39-7551-46dd-8464-dd74933c4739@group-597320EF17B3, cid=824, SUCCESS, logIndex=1011, commits[18b22b39-7551-46dd-8464-dd74933c4739:c1011, 76d6a15c-8eeb-4764-b555-ce8767d18d57:c1009, c90dcfdf-5973-4b56-a955-1fc4555f10cb:c1009]
2019-09-19 11:25:59,059 [grpc-default-executor-1] INFO  client.GrpcClientProtocolClient (GrpcClientProtocolClient.java:onNext(264)) - client-D9B31DDCE961->18b22b39-7551-46dd-8464-dd74933c4739: receive RaftClientReply:client-D9B31DDCE961->18b22b39-7551-46dd-8464-dd74933c4739@group-597320EF17B3, cid=825, SUCCESS, logIndex=1014, commits[18b22b39-7551-46dd-8464-dd74933c4739:c1015, 76d6a15c-8eeb-4764-b555-ce8767d18d57:c1011, c90dcfdf-5973-4b56-a955-1fc4555f10cb:c1011]
2019-09-19 11:25:59,059 [grpc-default-executor-1] INFO  client.GrpcClientProtocolClient (GrpcClientProtocolClient.java:onNext(264)) - client-D9B31DDCE961->18b22b39-7551-46dd-8464-dd74933c4739: receive RaftClientReply:client-D9B31DDCE961->18b22b39-7551-46dd-8464-dd74933c4739@group-597320EF17B3, cid=826, SUCCESS, logIndex=1015, commits[18b22b39-7551-46dd-8464-dd74933c4739:c1015, 76d6a15c-8eeb-4764-b555-ce8767d18d57:c1011, c90dcfdf-5973-4b56-a955-1fc4555f10cb:c1011]
2019-09-19 11:25:59,061 [grpc-default-executor-1] INFO  client.GrpcClientProtocolClient (GrpcClientProtocolClient.java:onNext(264)) - client-D9B31DDCE961->18b22b39-7551-46dd-8464-dd74933c4739: receive RaftClientReply:client-D9B31DDCE961->18b22b39-7551-46dd-8464-dd74933c4739@group-597320EF17B3, cid=827, SUCCESS, logIndex=0, commits[18b22b39-7551-46dd-8464-dd74933c4739:c1016, 76d6a15c-8eeb-4764-b555-ce8767d18d57:c1015, c90dcfdf-5973-4b56-a955-1fc4555f10cb:c1015]
2019-09-19 11:25:59,079 [grpc-default-executor-1] INFO  client.GrpcClientProtocolClient (GrpcClientProtocolClient.java:onNext(264)) - client-D9B31DDCE961->18b22b39-7551-46dd-8464-dd74933c4739: receive RaftClientReply:client-D9B31DDCE961->18b22b39-7551-46dd-8464-dd74933c4739@group-597320EF17B3, cid=828, SUCCESS, logIndex=1017, commits[18b22b39-7551-46dd-8464-dd74933c4739:c1018, 76d6a15c-8eeb-4764-b555-ce8767d18d57:c1016, c90dcfdf-5973-4b56-a955-1fc4555f10cb:c1016]
2019-09-19 11:25:59,080 [grpc-default-executor-1] INFO  client.GrpcClientProtocolClient (GrpcClientProtocolClient.java:onNext(264)) - client-D9B31DDCE961->18b22b39-7551-46dd-8464-dd74933c4739: receive RaftClientReply:client-D9B31DDCE961->18b22b39-7551-46dd-8464-dd74933c4739@group-597320EF17B3, cid=829, SUCCESS, logIndex=1018, commits[18b22b39-7551-46dd-8464-dd74933c4739:c1018, 76d6a15c-8eeb-4764-b555-ce8767d18d57:c1016, c90dcfdf-5973-4b56-a955-1fc4555f10cb:c1016]
2019-09-19 11:25:59,081 [grpc-default-executor-5] INFO  client.GrpcClientProtocolClient (GrpcClientProtocolClient.java:onNext(264)) - client-D9B31DDCE961->18b22b39-7551-46dd-8464-dd74933c4739: receive RaftClientReply:client-D9B31DDCE961->18b22b39-7551-46dd-8464-dd74933c4739@group-597320EF17B3, cid=830, SUCCESS, logIndex=1019, commits[18b22b39-7551-46dd-8464-dd74933c4739:c1020, 76d6a15c-8eeb-4764-b555-ce8767d18d57:c1016, c90dcfdf-5973-4b56-a955-1fc4555f10cb:c1016]
2019-09-19 11:25:59,082 [grpc-default-executor-5] INFO  client.GrpcClientProtocolClient (GrpcClientProtocolClient.java:onNext(264)) - client-D9B31DDCE961->18b22b39-7551-46dd-8464-dd74933c4739: receive RaftClientReply:client-D9B31DDCE961->18b22b39-7551-46dd-8464-dd74933c4739@group-597320EF17B3, cid=831, SUCCESS, logIndex=1020, commits[18b22b39-7551-46dd-8464-dd74933c4739:c1020, 76d6a15c-8eeb-4764-b555-ce8767d18d57:c1016, c90dcfdf-5973-4b56-a955-1fc4555f10cb:c1016]
2019-09-19 11:25:59,093 [grpc-default-executor-5] INFO  client.GrpcClientProtocolClient (GrpcClientProtocolClient.java:onNext(264)) - client-D9B31DDCE961->18b22b39-7551-46dd-8464-dd74933c4739: receive RaftClientReply:client-D9B31DDCE961->18b22b39-7551-46dd-8464-dd74933c4739@group-597320EF17B3, cid=832, SUCCESS, logIndex=0, commits[18b22b39-7551-46dd-8464-dd74933c4739:c1021, 76d6a15c-8eeb-4764-b555-ce8767d18d57:c1018, c90dcfdf-5973-4b56-a955-1fc4555f10cb:c1018]
2019-09-19 11:25:59,111 [grpc-default-executor-6] INFO  client.GrpcClientProtocolClient (GrpcClientProtocolClient.java:onNext(264)) - client-D9B31DDCE961->18b22b39-7551-46dd-8464-dd74933c4739: receive RaftClientReply:client-D9B31DDCE961->18b22b39-7551-46dd-8464-dd74933c4739@group-597320EF17B3, cid=833, SUCCESS, logIndex=1025, commits[18b22b39-7551-46dd-8464-dd74933c4739:c1026, 76d6a15c-8eeb-4764-b555-ce8767d18d57:c1024, c90dcfdf-5973-4b56-a955-1fc4555f10cb:c1024]
2019-09-19 11:25:59,111 [grpc-default-executor-6] INFO  client.GrpcClientProtocolClient (GrpcClientProtocolClient.java:onNext(264)) - client-D9B31DDCE961->18b22b39-7551-46dd-8464-dd74933c4739: receive RaftClientReply:client-D9B31DDCE961->18b22b39-7551-46dd-8464-dd74933c4739@group-597320EF17B3, cid=834, SUCCESS, logIndex=1026, commits[18b22b39-7551-46dd-8464-dd74933c4739:c1026, 76d6a15c-8eeb-4764-b555-ce8767d18d57:c1024, c90dcfdf-5973-4b56-a955-1fc4555f10cb:c1024]
2019-09-19 11:25:59,126 [grpc-default-executor-1] INFO  client.GrpcClientProtocolClient (GrpcClientProtocolClient.java:onNext(264)) - client-D9B31DDCE961->18b22b39-7551-46dd-8464-dd74933c4739: receive RaftClientReply:client-D9B31DDCE961->18b22b39-7551-46dd-8464-dd74933c4739@group-597320EF17B3, cid=835, SUCCESS, logIndex=1029, commits[18b22b39-7551-46dd-8464-dd74933c4739:c1030, 76d6a15c-8eeb-4764-b555-ce8767d18d57:c1026, c90dcfdf-5973-4b56-a955-1fc4555f10cb:c1026]
2019-09-19 11:25:59,126 [grpc-default-executor-1] INFO  client.GrpcClientProtocolClient (GrpcClientProtocolClient.java:onNext(264)) - client-D9B31DDCE961->18b22b39-7551-46dd-8464-dd74933c4739: receive RaftClientReply:client-D9B31DDCE961->18b22b39-7551-46dd-8464-dd74933c4739@group-597320EF17B3, cid=836, SUCCESS, logIndex=1030, commits[18b22b39-7551-46dd-8464-dd74933c4739:c1030, 76d6a15c-8eeb-4764-b555-ce8767d18d57:c1026, c90dcfdf-5973-4b56-a955-1fc4555f10cb:c1026]
2019-09-19 11:25:59,140 [grpc-default-executor-6] INFO  client.GrpcClientProtocolClient (GrpcClientProtocolClient.java:onNext(264)) - client-D9B31DDCE961->18b22b39-7551-46dd-8464-dd74933c4739: receive RaftClientReply:client-D9B31DDCE961->18b22b39-7551-46dd-8464-dd74933c4739@group-597320EF17B3, cid=837, SUCCESS, logIndex=0, commits[18b22b39-7551-46dd-8464-dd74933c4739:c1032, 76d6a15c-8eeb-4764-b555-ce8767d18d57:c1030, c90dcfdf-5973-4b56-a955-1fc4555f10cb:c1030]
2019-09-19 11:25:59,151 [grpc-default-executor-6] INFO  client.GrpcClientProtocolClient (GrpcClientProtocolClient.java:onNext(264)) - client-D9B31DDCE961->18b22b39-7551-46dd-8464-dd74933c4739: receive RaftClientReply:client-D9B31DDCE961->18b22b39-7551-46dd-8464-dd74933c4739@group-597320EF17B3, cid=838, SUCCESS, logIndex=1033, commits[18b22b39-7551-46dd-8464-dd74933c4739:c1034, 76d6a15c-8eeb-4764-b555-ce8767d18d57:c1032, c90dcfdf-5973-4b56-a955-1fc4555f10cb:c1030]
2019-09-19 11:25:59,152 [grpc-default-executor-6] INFO  client.GrpcClientProtocolClient (GrpcClientProtocolClient.java:onNext(264)) - client-D9B31DDCE961->18b22b39-7551-46dd-8464-dd74933c4739: receive RaftClientReply:client-D9B31DDCE961->18b22b39-7551-46dd-8464-dd74933c4739@group-597320EF17B3, cid=839, SUCCESS, logIndex=1034, commits[18b22b39-7551-46dd-8464-dd74933c4739:c1034, 76d6a15c-8eeb-4764-b555-ce8767d18d57:c1032, c90dcfdf-5973-4b56-a955-1fc4555f10cb:c1030]
2019-09-19 11:25:59,153 [grpc-default-executor-5] INFO  client.GrpcClientProtocolClient (GrpcClientProtocolClient.java:onNext(264)) - client-D9B31DDCE961->18b22b39-7551-46dd-8464-dd74933c4739: receive RaftClientReply:client-D9B31DDCE961->18b22b39-7551-46dd-8464-dd74933c4739@group-597320EF17B3, cid=840, SUCCESS, logIndex=1035, commits[18b22b39-7551-46dd-8464-dd74933c4739:c1036, 76d6a15c-8eeb-4764-b555-ce8767d18d57:c1032, c90dcfdf-5973-4b56-a955-1fc4555f10cb:c1032]
2019-09-19 11:25:59,153 [grpc-default-executor-6] INFO  client.GrpcClientProtocolClient (GrpcClientProtocolClient.java:onNext(264)) - client-D9B31DDCE961->18b22b39-7551-46dd-8464-dd74933c4739: receive RaftClientReply:client-D9B31DDCE961->18b22b39-7551-46dd-8464-dd74933c4739@group-597320EF17B3, cid=841, SUCCESS, logIndex=1036, commits[18b22b39-7551-46dd-8464-dd74933c4739:c1038, 76d6a15c-8eeb-4764-b555-ce8767d18d57:c1034, c90dcfdf-5973-4b56-a955-1fc4555f10cb:c1034]
2019-09-19 11:25:59,164 [grpc-default-executor-6] INFO  client.GrpcClientProtocolClient (GrpcClientProtocolClient.java:onNext(264)) - client-D9B31DDCE961->18b22b39-7551-46dd-8464-dd74933c4739: receive RaftClientReply:client-D9B31DDCE961->18b22b39-7551-46dd-8464-dd74933c4739@group-597320EF17B3, cid=842, SUCCESS, logIndex=1041, commits[18b22b39-7551-46dd-8464-dd74933c4739:c1042, 76d6a15c-8eeb-4764-b555-ce8767d18d57:c1040, c90dcfdf-5973-4b56-a955-1fc4555f10cb:c1036]
2019-09-19 11:25:59,165 [grpc-default-executor-6] INFO  client.GrpcClientProtocolClient (GrpcClientProtocolClient.java:onNext(264)) - client-D9B31DDCE961->18b22b39-7551-46dd-8464-dd74933c4739: receive RaftClientReply:client-D9B31DDCE961->18b22b39-7551-46dd-8464-dd74933c4739@group-597320EF17B3, cid=843, SUCCESS, logIndex=1042, commits[18b22b39-7551-46dd-8464-dd74933c4739:c1042, 76d6a15c-8eeb-4764-b555-ce8767d18d57:c1040, c90dcfdf-5973-4b56-a955-1fc4555f10cb:c1036]
2019-09-19 11:25:59,181 [grpc-default-executor-5] INFO  client.GrpcClientProtocolClient (GrpcClientProtocolClient.java:onNext(264)) - client-D9B31DDCE961->18b22b39-7551-46dd-8464-dd74933c4739: receive RaftClientReply:client-D9B31DDCE961->18b22b39-7551-46dd-8464-dd74933c4739@group-597320EF17B3, cid=844, SUCCESS, logIndex=1045, commits[18b22b39-7551-46dd-8464-dd74933c4739:c1046, 76d6a15c-8eeb-4764-b555-ce8767d18d57:c1044, c90dcfdf-5973-4b56-a955-1fc4555f10cb:c1042]
2019-09-19 11:25:59,181 [grpc-default-executor-5] INFO  client.GrpcClientProtocolClient (GrpcClientProtocolClient.java:onNext(264)) - client-D9B31DDCE961->18b22b39-7551-46dd-8464-dd74933c4739: receive RaftClientReply:client-D9B31DDCE961->18b22b39-7551-46dd-8464-dd74933c4739@group-597320EF17B3, cid=845, SUCCESS, logIndex=1046, commits[18b22b39-7551-46dd-8464-dd74933c4739:c1046, 76d6a15c-8eeb-4764-b555-ce8767d18d57:c1044, c90dcfdf-5973-4b56-a955-1fc4555f10cb:c1042]
2019-09-19 11:25:59,185 [grpc-default-executor-6] INFO  client.GrpcClientProtocolClient (GrpcClientProtocolClient.java:onNext(264)) - client-D9B31DDCE961->18b22b39-7551-46dd-8464-dd74933c4739: receive RaftClientReply:client-D9B31DDCE961->18b22b39-7551-46dd-8464-dd74933c4739@group-597320EF17B3, cid=846, SUCCESS, logIndex=0, commits[18b22b39-7551-46dd-8464-dd74933c4739:c1048, 76d6a15c-8eeb-4764-b555-ce8767d18d57:c1046, c90dcfdf-5973-4b56-a955-1fc4555f10cb:c1046]
 0.00% |█                                                                                                    |  0/1 Time: 0:00:032019-09-19 11:25:59,215 [grpc-default-executor-5] INFO  client.GrpcClientProtocolClient (GrpcClientProtocolClient.java:onNext(264)) - client-D9B31DDCE961->18b22b39-7551-46dd-8464-dd74933c4739: receive RaftClientReply:client-D9B31DDCE961->18b22b39-7551-46dd-8464-dd74933c4739@group-597320EF17B3, cid=847, SUCCESS, logIndex=1049, commits[18b22b39-7551-46dd-8464-dd74933c4739:c1050, 76d6a15c-8eeb-4764-b555-ce8767d18d57:c1048, c90dcfdf-5973-4b56-a955-1fc4555f10cb:c1046]
2019-09-19 11:25:59,215 [grpc-default-executor-5] INFO  client.GrpcClientProtocolClient (GrpcClientProtocolClient.java:onNext(264)) - client-D9B31DDCE961->18b22b39-7551-46dd-8464-dd74933c4739: receive RaftClientReply:client-D9B31DDCE961->18b22b39-7551-46dd-8464-dd74933c4739@group-597320EF17B3, cid=848, SUCCESS, logIndex=1050, commits[18b22b39-7551-46dd-8464-dd74933c4739:c1050, 76d6a15c-8eeb-4764-b555-ce8767d18d57:c1048, c90dcfdf-5973-4b56-a955-1fc4555f10cb:c1048]
2019-09-19 11:25:59,216 [grpc-default-executor-6] INFO  client.GrpcClientProtocolClient (GrpcClientProtocolClient.java:onNext(264)) - client-D9B31DDCE961->18b22b39-7551-46dd-8464-dd74933c4739: receive RaftClientReply:client-D9B31DDCE961->18b22b39-7551-46dd-8464-dd74933c4739@group-597320EF17B3, cid=849, SUCCESS, logIndex=1051, commits[18b22b39-7551-46dd-8464-dd74933c4739:c1052, 76d6a15c-8eeb-4764-b555-ce8767d18d57:c1048, c90dcfdf-5973-4b56-a955-1fc4555f10cb:c1048]
2019-09-19 11:25:59,216 [grpc-default-executor-6] INFO  client.GrpcClientProtocolClient (GrpcClientProtocolClient.java:onNext(264)) - client-D9B31DDCE961->18b22b39-7551-46dd-8464-dd74933c4739: receive RaftClientReply:client-D9B31DDCE961->18b22b39-7551-46dd-8464-dd74933c4739@group-597320EF17B3, cid=850, SUCCESS, logIndex=1052, commits[18b22b39-7551-46dd-8464-dd74933c4739:c1052, 76d6a15c-8eeb-4764-b555-ce8767d18d57:c1048, c90dcfdf-5973-4b56-a955-1fc4555f10cb:c1048]
2019-09-19 11:25:59,218 [grpc-default-executor-6] INFO  client.GrpcClientProtocolClient (GrpcClientProtocolClient.java:onNext(264)) - client-D9B31DDCE961->18b22b39-7551-46dd-8464-dd74933c4739: receive RaftClientReply:client-D9B31DDCE961->18b22b39-7551-46dd-8464-dd74933c4739@group-597320EF17B3, cid=851, SUCCESS, logIndex=0, commits[18b22b39-7551-46dd-8464-dd74933c4739:c1054, 76d6a15c-8eeb-4764-b555-ce8767d18d57:c1050, c90dcfdf-5973-4b56-a955-1fc4555f10cb:c1050]
2019-09-19 11:25:59,235 [grpc-default-executor-6] INFO  client.GrpcClientProtocolClient (GrpcClientProtocolClient.java:onNext(264)) - client-D9B31DDCE961->18b22b39-7551-46dd-8464-dd74933c4739: receive RaftClientReply:client-D9B31DDCE961->18b22b39-7551-46dd-8464-dd74933c4739@group-597320EF17B3, cid=852, SUCCESS, logIndex=1057, commits[18b22b39-7551-46dd-8464-dd74933c4739:c1058, 76d6a15c-8eeb-4764-b555-ce8767d18d57:c1056, c90dcfdf-5973-4b56-a955-1fc4555f10cb:c1056]
2019-09-19 11:25:59,236 [grpc-default-executor-6] INFO  client.GrpcClientProtocolClient (GrpcClientProtocolClient.java:onNext(264)) - client-D9B31DDCE961->18b22b39-7551-46dd-8464-dd74933c4739: receive RaftClientReply:client-D9B31DDCE961->18b22b39-7551-46dd-8464-dd74933c4739@group-597320EF17B3, cid=853, SUCCESS, logIndex=1058, commits[18b22b39-7551-46dd-8464-dd74933c4739:c1058, 76d6a15c-8eeb-4764-b555-ce8767d18d57:c1056, c90dcfdf-5973-4b56-a955-1fc4555f10cb:c1056]
2019-09-19 11:25:59,249 [grpc-default-executor-3] INFO  client.GrpcClientProtocolClient (GrpcClientProtocolClient.java:onNext(264)) - client-D9B31DDCE961->18b22b39-7551-46dd-8464-dd74933c4739: receive RaftClientReply:client-D9B31DDCE961->18b22b39-7551-46dd-8464-dd74933c4739@group-597320EF17B3, cid=854, SUCCESS, logIndex=1061, commits[18b22b39-7551-46dd-8464-dd74933c4739:c1061, 76d6a15c-8eeb-4764-b555-ce8767d18d57:c1058, c90dcfdf-5973-4b56-a955-1fc4555f10cb:c1058]
2019-09-19 11:25:59,249 [grpc-default-executor-3] INFO  client.GrpcClientProtocolClient (GrpcClientProtocolClient.java:onNext(264)) - client-D9B31DDCE961->18b22b39-7551-46dd-8464-dd74933c4739: receive RaftClientReply:client-D9B31DDCE961->18b22b39-7551-46dd-8464-dd74933c4739@group-597320EF17B3, cid=855, SUCCESS, logIndex=1062, commits[18b22b39-7551-46dd-8464-dd74933c4739:c1062, 76d6a15c-8eeb-4764-b555-ce8767d18d57:c1058, c90dcfdf-5973-4b56-a955-1fc4555f10cb:c1058]
2019-09-19 11:25:59,263 [grpc-default-executor-3] INFO  client.GrpcClientProtocolClient (GrpcClientProtocolClient.java:onNext(264)) - client-D9B31DDCE961->18b22b39-7551-46dd-8464-dd74933c4739: receive RaftClientReply:client-D9B31DDCE961->18b22b39-7551-46dd-8464-dd74933c4739@group-597320EF17B3, cid=856, SUCCESS, logIndex=0, commits[18b22b39-7551-46dd-8464-dd74933c4739:c1064, 76d6a15c-8eeb-4764-b555-ce8767d18d57:c1062, c90dcfdf-5973-4b56-a955-1fc4555f10cb:c1062]
2019-09-19 11:25:59,292 [grpc-default-executor-6] INFO  client.GrpcClientProtocolClient (GrpcClientProtocolClient.java:onNext(264)) - client-D9B31DDCE961->18b22b39-7551-46dd-8464-dd74933c4739: receive RaftClientReply:client-D9B31DDCE961->18b22b39-7551-46dd-8464-dd74933c4739@group-597320EF17B3, cid=857, SUCCESS, logIndex=1065, commits[18b22b39-7551-46dd-8464-dd74933c4739:c1067, 76d6a15c-8eeb-4764-b555-ce8767d18d57:c1064, c90dcfdf-5973-4b56-a955-1fc4555f10cb:c1064]
2019-09-19 11:25:59,292 [grpc-default-executor-6] INFO  client.GrpcClientProtocolClient (GrpcClientProtocolClient.java:onNext(264)) - client-D9B31DDCE961->18b22b39-7551-46dd-8464-dd74933c4739: receive RaftClientReply:client-D9B31DDCE961->18b22b39-7551-46dd-8464-dd74933c4739@group-597320EF17B3, cid=858, SUCCESS, logIndex=1066, commits[18b22b39-7551-46dd-8464-dd74933c4739:c1068, 76d6a15c-8eeb-4764-b555-ce8767d18d57:c1064, c90dcfdf-5973-4b56-a955-1fc4555f10cb:c1064]
2019-09-19 11:25:59,293 [grpc-default-executor-6] INFO  client.GrpcClientProtocolClient (GrpcClientProtocolClient.java:onNext(264)) - client-D9B31DDCE961->18b22b39-7551-46dd-8464-dd74933c4739: receive RaftClientReply:client-D9B31DDCE961->18b22b39-7551-46dd-8464-dd74933c4739@group-597320EF17B3, cid=859, SUCCESS, logIndex=1067, commits[18b22b39-7551-46dd-8464-dd74933c4739:c1068, 76d6a15c-8eeb-4764-b555-ce8767d18d57:c1064, c90dcfdf-5973-4b56-a955-1fc4555f10cb:c1064]
2019-09-19 11:25:59,293 [grpc-default-executor-3] INFO  client.GrpcClientProtocolClient (GrpcClientProtocolClient.java:onNext(264)) - client-D9B31DDCE961->18b22b39-7551-46dd-8464-dd74933c4739: receive RaftClientReply:client-D9B31DDCE961->18b22b39-7551-46dd-8464-dd74933c4739@group-597320EF17B3, cid=860, SUCCESS, logIndex=1068, commits[18b22b39-7551-46dd-8464-dd74933c4739:c1068, 76d6a15c-8eeb-4764-b555-ce8767d18d57:c1064, c90dcfdf-5973-4b56-a955-1fc4555f10cb:c1064]
2019-09-19 11:25:59,294 [grpc-default-executor-3] INFO  client.GrpcClientProtocolClient (GrpcClientProtocolClient.java:onNext(264)) - client-D9B31DDCE961->18b22b39-7551-46dd-8464-dd74933c4739: receive RaftClientReply:client-D9B31DDCE961->18b22b39-7551-46dd-8464-dd74933c4739@group-597320EF17B3, cid=861, SUCCESS, logIndex=0, commits[18b22b39-7551-46dd-8464-dd74933c4739:c1069, 76d6a15c-8eeb-4764-b555-ce8767d18d57:c1066, c90dcfdf-5973-4b56-a955-1fc4555f10cb:c1066]
2019-09-19 11:25:59,312 [grpc-default-executor-5] INFO  client.GrpcClientProtocolClient (GrpcClientProtocolClient.java:onNext(264)) - client-D9B31DDCE961->18b22b39-7551-46dd-8464-dd74933c4739: receive RaftClientReply:client-D9B31DDCE961->18b22b39-7551-46dd-8464-dd74933c4739@group-597320EF17B3, cid=862, SUCCESS, logIndex=1073, commits[18b22b39-7551-46dd-8464-dd74933c4739:c1074, 76d6a15c-8eeb-4764-b555-ce8767d18d57:c1072, c90dcfdf-5973-4b56-a955-1fc4555f10cb:c1072]
2019-09-19 11:25:59,312 [grpc-default-executor-5] INFO  client.GrpcClientProtocolClient (GrpcClientProtocolClient.java:onNext(264)) - client-D9B31DDCE961->18b22b39-7551-46dd-8464-dd74933c4739: receive RaftClientReply:client-D9B31DDCE961->18b22b39-7551-46dd-8464-dd74933c4739@group-597320EF17B3, cid=863, SUCCESS, logIndex=1074, commits[18b22b39-7551-46dd-8464-dd74933c4739:c1074, 76d6a15c-8eeb-4764-b555-ce8767d18d57:c1072, c90dcfdf-5973-4b56-a955-1fc4555f10cb:c1072]
2019-09-19 11:25:59,327 [grpc-default-executor-6] INFO  client.GrpcClientProtocolClient (GrpcClientProtocolClient.java:onNext(264)) - client-D9B31DDCE961->18b22b39-7551-46dd-8464-dd74933c4739: receive RaftClientReply:client-D9B31DDCE961->18b22b39-7551-46dd-8464-dd74933c4739@group-597320EF17B3, cid=864, SUCCESS, logIndex=1077, commits[18b22b39-7551-46dd-8464-dd74933c4739:c1078, 76d6a15c-8eeb-4764-b555-ce8767d18d57:c1074, c90dcfdf-5973-4b56-a955-1fc4555f10cb:c1074]
2019-09-19 11:25:59,327 [grpc-default-executor-6] INFO  client.GrpcClientProtocolClient (GrpcClientProtocolClient.java:onNext(264)) - client-D9B31DDCE961->18b22b39-7551-46dd-8464-dd74933c4739: receive RaftClientReply:client-D9B31DDCE961->18b22b39-7551-46dd-8464-dd74933c4739@group-597320EF17B3, cid=865, SUCCESS, logIndex=1078, commits[18b22b39-7551-46dd-8464-dd74933c4739:c1078, 76d6a15c-8eeb-4764-b555-ce8767d18d57:c1074, c90dcfdf-5973-4b56-a955-1fc4555f10cb:c1074]
2019-09-19 11:25:59,341 [grpc-default-executor-5] INFO  client.GrpcClientProtocolClient (GrpcClientProtocolClient.java:onNext(264)) - client-D9B31DDCE961->18b22b39-7551-46dd-8464-dd74933c4739: receive RaftClientReply:client-D9B31DDCE961->18b22b39-7551-46dd-8464-dd74933c4739@group-597320EF17B3, cid=866, SUCCESS, logIndex=0, commits[18b22b39-7551-46dd-8464-dd74933c4739:c1080, 76d6a15c-8eeb-4764-b555-ce8767d18d57:c1078, c90dcfdf-5973-4b56-a955-1fc4555f10cb:c1078]
2019-09-19 11:25:59,360 [grpc-default-executor-6] INFO  client.GrpcClientProtocolClient (GrpcClientProtocolClient.java:onNext(264)) - client-D9B31DDCE961->18b22b39-7551-46dd-8464-dd74933c4739: receive RaftClientReply:client-D9B31DDCE961->18b22b39-7551-46dd-8464-dd74933c4739@group-597320EF17B3, cid=867, SUCCESS, logIndex=1081, commits[18b22b39-7551-46dd-8464-dd74933c4739:c1082, 76d6a15c-8eeb-4764-b555-ce8767d18d57:c1080, c90dcfdf-5973-4b56-a955-1fc4555f10cb:c1080]
2019-09-19 11:25:59,360 [grpc-default-executor-6] INFO  client.GrpcClientProtocolClient (GrpcClientProtocolClient.java:onNext(264)) - client-D9B31DDCE961->18b22b39-7551-46dd-8464-dd74933c4739: receive RaftClientReply:client-D9B31DDCE961->18b22b39-7551-46dd-8464-dd74933c4739@group-597320EF17B3, cid=868, SUCCESS, logIndex=1082, commits[18b22b39-7551-46dd-8464-dd74933c4739:c1082, 76d6a15c-8eeb-4764-b555-ce8767d18d57:c1080, c90dcfdf-5973-4b56-a955-1fc4555f10cb:c1080]
2019-09-19 11:25:59,362 [grpc-default-executor-6] INFO  client.GrpcClientProtocolClient (GrpcClientProtocolClient.java:onNext(264)) - client-D9B31DDCE961->18b22b39-7551-46dd-8464-dd74933c4739: receive RaftClientReply:client-D9B31DDCE961->18b22b39-7551-46dd-8464-dd74933c4739@group-597320EF17B3, cid=869, SUCCESS, logIndex=1083, commits[18b22b39-7551-46dd-8464-dd74933c4739:c1083, 76d6a15c-8eeb-4764-b555-ce8767d18d57:c1080, c90dcfdf-5973-4b56-a955-1fc4555f10cb:c1080]
2019-09-19 11:25:59,363 [grpc-default-executor-5] INFO  client.GrpcClientProtocolClient (GrpcClientProtocolClient.java:onNext(264)) - client-D9B31DDCE961->18b22b39-7551-46dd-8464-dd74933c4739: receive RaftClientReply:client-D9B31DDCE961->18b22b39-7551-46dd-8464-dd74933c4739@group-597320EF17B3, cid=870, SUCCESS, logIndex=1084, commits[18b22b39-7551-46dd-8464-dd74933c4739:c1084, 76d6a15c-8eeb-4764-b555-ce8767d18d57:c1080, c90dcfdf-5973-4b56-a955-1fc4555f10cb:c1080]
2019-09-19 11:25:59,374 [grpc-default-executor-5] INFO  client.GrpcClientProtocolClient (GrpcClientProtocolClient.java:onNext(264)) - client-D9B31DDCE961->18b22b39-7551-46dd-8464-dd74933c4739: receive RaftClientReply:client-D9B31DDCE961->18b22b39-7551-46dd-8464-dd74933c4739@group-597320EF17B3, cid=871, SUCCESS, logIndex=0, commits[18b22b39-7551-46dd-8464-dd74933c4739:c1086, 76d6a15c-8eeb-4764-b555-ce8767d18d57:c1082, c90dcfdf-5973-4b56-a955-1fc4555f10cb:c1082]
2019-09-19 11:25:59,395 [grpc-default-executor-1] INFO  client.GrpcClientProtocolClient (GrpcClientProtocolClient.java:onNext(264)) - client-D9B31DDCE961->18b22b39-7551-46dd-8464-dd74933c4739: receive RaftClientReply:client-D9B31DDCE961->18b22b39-7551-46dd-8464-dd74933c4739@group-597320EF17B3, cid=872, SUCCESS, logIndex=1089, commits[18b22b39-7551-46dd-8464-dd74933c4739:c1090, 76d6a15c-8eeb-4764-b555-ce8767d18d57:c1088, c90dcfdf-5973-4b56-a955-1fc4555f10cb:c1088]
2019-09-19 11:25:59,395 [grpc-default-executor-1] INFO  client.GrpcClientProtocolClient (GrpcClientProtocolClient.java:onNext(264)) - client-D9B31DDCE961->18b22b39-7551-46dd-8464-dd74933c4739: receive RaftClientReply:client-D9B31DDCE961->18b22b39-7551-46dd-8464-dd74933c4739@group-597320EF17B3, cid=873, SUCCESS, logIndex=1090, commits[18b22b39-7551-46dd-8464-dd74933c4739:c1090, 76d6a15c-8eeb-4764-b555-ce8767d18d57:c1088, c90dcfdf-5973-4b56-a955-1fc4555f10cb:c1088]
2019-09-19 11:25:59,531 [grpc-default-executor-1] INFO  client.GrpcClientProtocolClient (GrpcClientProtocolClient.java:onNext(264)) - client-D9B31DDCE961->18b22b39-7551-46dd-8464-dd74933c4739: receive RaftClientReply:client-D9B31DDCE961->18b22b39-7551-46dd-8464-dd74933c4739@group-597320EF17B3, cid=874, SUCCESS, logIndex=1093, commits[18b22b39-7551-46dd-8464-dd74933c4739:c1094, 76d6a15c-8eeb-4764-b555-ce8767d18d57:c1092, c90dcfdf-5973-4b56-a955-1fc4555f10cb:c1092]
2019-09-19 11:25:59,532 [grpc-default-executor-1] INFO  client.GrpcClientProtocolClient (GrpcClientProtocolClient.java:onNext(264)) - client-D9B31DDCE961->18b22b39-7551-46dd-8464-dd74933c4739: receive RaftClientReply:client-D9B31DDCE961->18b22b39-7551-46dd-8464-dd74933c4739@group-597320EF17B3, cid=875, SUCCESS, logIndex=1094, commits[18b22b39-7551-46dd-8464-dd74933c4739:c1094, 76d6a15c-8eeb-4764-b555-ce8767d18d57:c1092, c90dcfdf-5973-4b56-a955-1fc4555f10cb:c1092]
2019-09-19 11:25:59,544 [grpc-default-executor-6] INFO  client.GrpcClientProtocolClient (GrpcClientProtocolClient.java:onNext(264)) - client-D9B31DDCE961->18b22b39-7551-46dd-8464-dd74933c4739: receive RaftClientReply:client-D9B31DDCE961->18b22b39-7551-46dd-8464-dd74933c4739@group-597320EF17B3, cid=876, SUCCESS, logIndex=0, commits[18b22b39-7551-46dd-8464-dd74933c4739:c1096, 76d6a15c-8eeb-4764-b555-ce8767d18d57:c1094, c90dcfdf-5973-4b56-a955-1fc4555f10cb:c1094]
2019-09-19 11:25:59,568 [grpc-default-executor-5] INFO  client.GrpcClientProtocolClient (GrpcClientProtocolClient.java:onNext(264)) - client-D9B31DDCE961->18b22b39-7551-46dd-8464-dd74933c4739: receive RaftClientReply:client-D9B31DDCE961->18b22b39-7551-46dd-8464-dd74933c4739@group-597320EF17B3, cid=877, SUCCESS, logIndex=1097, commits[18b22b39-7551-46dd-8464-dd74933c4739:c1098, 76d6a15c-8eeb-4764-b555-ce8767d18d57:c1096, c90dcfdf-5973-4b56-a955-1fc4555f10cb:c1096]
2019-09-19 11:25:59,569 [grpc-default-executor-5] INFO  client.GrpcClientProtocolClient (GrpcClientProtocolClient.java:onNext(264)) - client-D9B31DDCE961->18b22b39-7551-46dd-8464-dd74933c4739: receive RaftClientReply:client-D9B31DDCE961->18b22b39-7551-46dd-8464-dd74933c4739@group-597320EF17B3, cid=878, SUCCESS, logIndex=1098, commits[18b22b39-7551-46dd-8464-dd74933c4739:c1098, 76d6a15c-8eeb-4764-b555-ce8767d18d57:c1096, c90dcfdf-5973-4b56-a955-1fc4555f10cb:c1096]
2019-09-19 11:25:59,610 [grpc-default-executor-5] INFO  client.GrpcClientProtocolClient (GrpcClientProtocolClient.java:onNext(264)) - client-D9B31DDCE961->18b22b39-7551-46dd-8464-dd74933c4739: receive RaftClientReply:client-D9B31DDCE961->18b22b39-7551-46dd-8464-dd74933c4739@group-597320EF17B3, cid=879, SUCCESS, logIndex=1099, commits[18b22b39-7551-46dd-8464-dd74933c4739:c1100, 76d6a15c-8eeb-4764-b555-ce8767d18d57:c1096, c90dcfdf-5973-4b56-a955-1fc4555f10cb:c1096]
2019-09-19 11:25:59,611 [grpc-default-executor-1] INFO  client.GrpcClientProtocolClient (GrpcClientProtocolClient.java:onNext(264)) - client-D9B31DDCE961->18b22b39-7551-46dd-8464-dd74933c4739: receive RaftClientReply:client-D9B31DDCE961->18b22b39-7551-46dd-8464-dd74933c4739@group-597320EF17B3, cid=880, SUCCESS, logIndex=1100, commits[18b22b39-7551-46dd-8464-dd74933c4739:c1100, 76d6a15c-8eeb-4764-b555-ce8767d18d57:c1096, c90dcfdf-5973-4b56-a955-1fc4555f10cb:c1096]
2019-09-19 11:25:59,612 [grpc-default-executor-1] INFO  client.GrpcClientProtocolClient (GrpcClientProtocolClient.java:onNext(264)) - client-D9B31DDCE961->18b22b39-7551-46dd-8464-dd74933c4739: receive RaftClientReply:client-D9B31DDCE961->18b22b39-7551-46dd-8464-dd74933c4739@group-597320EF17B3, cid=881, SUCCESS, logIndex=0, commits[18b22b39-7551-46dd-8464-dd74933c4739:c1103, 76d6a15c-8eeb-4764-b555-ce8767d18d57:c1099, c90dcfdf-5973-4b56-a955-1fc4555f10cb:c1098]
2019-09-19 11:25:59,626 [grpc-default-executor-1] INFO  client.GrpcClientProtocolClient (GrpcClientProtocolClient.java:onNext(264)) - client-D9B31DDCE961->18b22b39-7551-46dd-8464-dd74933c4739: receive RaftClientReply:client-D9B31DDCE961->18b22b39-7551-46dd-8464-dd74933c4739@group-597320EF17B3, cid=882, SUCCESS, logIndex=1105, commits[18b22b39-7551-46dd-8464-dd74933c4739:c1106, 76d6a15c-8eeb-4764-b555-ce8767d18d57:c1100, c90dcfdf-5973-4b56-a955-1fc4555f10cb:c1104]
2019-09-19 11:25:59,626 [grpc-default-executor-1] INFO  client.GrpcClientProtocolClient (GrpcClientProtocolClient.java:onNext(264)) - client-D9B31DDCE961->18b22b39-7551-46dd-8464-dd74933c4739: receive RaftClientReply:client-D9B31DDCE961->18b22b39-7551-46dd-8464-dd74933c4739@group-597320EF17B3, cid=883, SUCCESS, logIndex=1106, commits[18b22b39-7551-46dd-8464-dd74933c4739:c1106, 76d6a15c-8eeb-4764-b555-ce8767d18d57:c1100, c90dcfdf-5973-4b56-a955-1fc4555f10cb:c1104]
2019-09-19 11:25:59,644 [grpc-default-executor-5] INFO  client.GrpcClientProtocolClient (GrpcClientProtocolClient.java:onNext(264)) - client-D9B31DDCE961->18b22b39-7551-46dd-8464-dd74933c4739: receive RaftClientReply:client-D9B31DDCE961->18b22b39-7551-46dd-8464-dd74933c4739@group-597320EF17B3, cid=884, SUCCESS, logIndex=1109, commits[18b22b39-7551-46dd-8464-dd74933c4739:c1110, 76d6a15c-8eeb-4764-b555-ce8767d18d57:c1108, c90dcfdf-5973-4b56-a955-1fc4555f10cb:c1108]
2019-09-19 11:25:59,645 [grpc-default-executor-5] INFO  client.GrpcClientProtocolClient (GrpcClientProtocolClient.java:onNext(264)) - client-D9B31DDCE961->18b22b39-7551-46dd-8464-dd74933c4739: receive RaftClientReply:client-D9B31DDCE961->18b22b39-7551-46dd-8464-dd74933c4739@group-597320EF17B3, cid=885, SUCCESS, logIndex=1110, commits[18b22b39-7551-46dd-8464-dd74933c4739:c1110, 76d6a15c-8eeb-4764-b555-ce8767d18d57:c1108, c90dcfdf-5973-4b56-a955-1fc4555f10cb:c1108]
2019-09-19 11:25:59,656 [grpc-default-executor-5] INFO  client.GrpcClientProtocolClient (GrpcClientProtocolClient.java:onNext(264)) - client-D9B31DDCE961->18b22b39-7551-46dd-8464-dd74933c4739: receive RaftClientReply:client-D9B31DDCE961->18b22b39-7551-46dd-8464-dd74933c4739@group-597320EF17B3, cid=886, SUCCESS, logIndex=0, commits[18b22b39-7551-46dd-8464-dd74933c4739:c1111, 76d6a15c-8eeb-4764-b555-ce8767d18d57:c1110, c90dcfdf-5973-4b56-a955-1fc4555f10cb:c1110]
2019-09-19 11:25:59,675 [grpc-default-executor-6] INFO  client.GrpcClientProtocolClient (GrpcClientProtocolClient.java:onNext(264)) - client-D9B31DDCE961->18b22b39-7551-46dd-8464-dd74933c4739: receive RaftClientReply:client-D9B31DDCE961->18b22b39-7551-46dd-8464-dd74933c4739@group-597320EF17B3, cid=887, SUCCESS, logIndex=1113, commits[18b22b39-7551-46dd-8464-dd74933c4739:c1115, 76d6a15c-8eeb-4764-b555-ce8767d18d57:c1112, c90dcfdf-5973-4b56-a955-1fc4555f10cb:c1112]
2019-09-19 11:25:59,675 [grpc-default-executor-6] INFO  client.GrpcClientProtocolClient (GrpcClientProtocolClient.java:onNext(264)) - client-D9B31DDCE961->18b22b39-7551-46dd-8464-dd74933c4739: receive RaftClientReply:client-D9B31DDCE961->18b22b39-7551-46dd-8464-dd74933c4739@group-597320EF17B3, cid=888, SUCCESS, logIndex=1114, commits[18b22b39-7551-46dd-8464-dd74933c4739:c1116, 76d6a15c-8eeb-4764-b555-ce8767d18d57:c1112, c90dcfdf-5973-4b56-a955-1fc4555f10cb:c1112]
2019-09-19 11:25:59,676 [grpc-default-executor-6] INFO  client.GrpcClientProtocolClient (GrpcClientProtocolClient.java:onNext(264)) - client-D9B31DDCE961->18b22b39-7551-46dd-8464-dd74933c4739: receive RaftClientReply:client-D9B31DDCE961->18b22b39-7551-46dd-8464-dd74933c4739@group-597320EF17B3, cid=889, SUCCESS, logIndex=1115, commits[18b22b39-7551-46dd-8464-dd74933c4739:c1116, 76d6a15c-8eeb-4764-b555-ce8767d18d57:c1112, c90dcfdf-5973-4b56-a955-1fc4555f10cb:c1112]
2019-09-19 11:25:59,676 [grpc-default-executor-6] INFO  client.GrpcClientProtocolClient (GrpcClientProtocolClient.java:onNext(264)) - client-D9B31DDCE961->18b22b39-7551-46dd-8464-dd74933c4739: receive RaftClientReply:client-D9B31DDCE961->18b22b39-7551-46dd-8464-dd74933c4739@group-597320EF17B3, cid=890, SUCCESS, logIndex=1116, commits[18b22b39-7551-46dd-8464-dd74933c4739:c1116, 76d6a15c-8eeb-4764-b555-ce8767d18d57:c1112, c90dcfdf-5973-4b56-a955-1fc4555f10cb:c1112]
2019-09-19 11:25:59,689 [grpc-default-executor-1] INFO  client.GrpcClientProtocolClient (GrpcClientProtocolClient.java:onNext(264)) - client-D9B31DDCE961->18b22b39-7551-46dd-8464-dd74933c4739: receive RaftClientReply:client-D9B31DDCE961->18b22b39-7551-46dd-8464-dd74933c4739@group-597320EF17B3, cid=891, SUCCESS, logIndex=0, commits[18b22b39-7551-46dd-8464-dd74933c4739:c1117, 76d6a15c-8eeb-4764-b555-ce8767d18d57:c1114, c90dcfdf-5973-4b56-a955-1fc4555f10cb:c1114]
2019-09-19 11:25:59,708 [grpc-default-executor-1] INFO  client.GrpcClientProtocolClient (GrpcClientProtocolClient.java:onNext(264)) - client-D9B31DDCE961->18b22b39-7551-46dd-8464-dd74933c4739: receive RaftClientReply:client-D9B31DDCE961->18b22b39-7551-46dd-8464-dd74933c4739@group-597320EF17B3, cid=892, SUCCESS, logIndex=1121, commits[18b22b39-7551-46dd-8464-dd74933c4739:c1122, 76d6a15c-8eeb-4764-b555-ce8767d18d57:c1120, c90dcfdf-5973-4b56-a955-1fc4555f10cb:c1120]
2019-09-19 11:25:59,709 [grpc-default-executor-1] INFO  client.GrpcClientProtocolClient (GrpcClientProtocolClient.java:onNext(264)) - client-D9B31DDCE961->18b22b39-7551-46dd-8464-dd74933c4739: receive RaftClientReply:client-D9B31DDCE961->18b22b39-7551-46dd-8464-dd74933c4739@group-597320EF17B3, cid=893, SUCCESS, logIndex=1122, commits[18b22b39-7551-46dd-8464-dd74933c4739:c1122, 76d6a15c-8eeb-4764-b555-ce8767d18d57:c1120, c90dcfdf-5973-4b56-a955-1fc4555f10cb:c1120]
2019-09-19 11:25:59,734 [grpc-default-executor-1] INFO  client.GrpcClientProtocolClient (GrpcClientProtocolClient.java:onNext(264)) - client-D9B31DDCE961->18b22b39-7551-46dd-8464-dd74933c4739: receive RaftClientReply:client-D9B31DDCE961->18b22b39-7551-46dd-8464-dd74933c4739@group-597320EF17B3, cid=894, SUCCESS, logIndex=1125, commits[18b22b39-7551-46dd-8464-dd74933c4739:c1125, 76d6a15c-8eeb-4764-b555-ce8767d18d57:c1122, c90dcfdf-5973-4b56-a955-1fc4555f10cb:c1122]
2019-09-19 11:25:59,735 [grpc-default-executor-1] INFO  client.GrpcClientProtocolClient (GrpcClientProtocolClient.java:onNext(264)) - client-D9B31DDCE961->18b22b39-7551-46dd-8464-dd74933c4739: receive RaftClientReply:client-D9B31DDCE961->18b22b39-7551-46dd-8464-dd74933c4739@group-597320EF17B3, cid=895, SUCCESS, logIndex=1126, commits[18b22b39-7551-46dd-8464-dd74933c4739:c1126, 76d6a15c-8eeb-4764-b555-ce8767d18d57:c1122, c90dcfdf-5973-4b56-a955-1fc4555f10cb:c1122]
2019-09-19 11:25:59,748 [grpc-default-executor-1] INFO  client.GrpcClientProtocolClient (GrpcClientProtocolClient.java:onNext(264)) - client-D9B31DDCE961->18b22b39-7551-46dd-8464-dd74933c4739: receive RaftClientReply:client-D9B31DDCE961->18b22b39-7551-46dd-8464-dd74933c4739@group-597320EF17B3, cid=896, SUCCESS, logIndex=0, commits[18b22b39-7551-46dd-8464-dd74933c4739:c1128, 76d6a15c-8eeb-4764-b555-ce8767d18d57:c1126, c90dcfdf-5973-4b56-a955-1fc4555f10cb:c1126]
2019-09-19 11:25:59,764 [grpc-default-executor-1] INFO  client.GrpcClientProtocolClient (GrpcClientProtocolClient.java:onNext(264)) - client-D9B31DDCE961->18b22b39-7551-46dd-8464-dd74933c4739: receive RaftClientReply:client-D9B31DDCE961->18b22b39-7551-46dd-8464-dd74933c4739@group-597320EF17B3, cid=897, SUCCESS, logIndex=1129, commits[18b22b39-7551-46dd-8464-dd74933c4739:c1130, 76d6a15c-8eeb-4764-b555-ce8767d18d57:c1128, c90dcfdf-5973-4b56-a955-1fc4555f10cb:c1128]
2019-09-19 11:25:59,765 [grpc-default-executor-1] INFO  client.GrpcClientProtocolClient (GrpcClientProtocolClient.java:onNext(264)) - client-D9B31DDCE961->18b22b39-7551-46dd-8464-dd74933c4739: receive RaftClientReply:client-D9B31DDCE961->18b22b39-7551-46dd-8464-dd74933c4739@group-597320EF17B3, cid=898, SUCCESS, logIndex=1130, commits[18b22b39-7551-46dd-8464-dd74933c4739:c1130, 76d6a15c-8eeb-4764-b555-ce8767d18d57:c1128, c90dcfdf-5973-4b56-a955-1fc4555f10cb:c1128]
2019-09-19 11:25:59,767 [grpc-default-executor-6] INFO  client.GrpcClientProtocolClient (GrpcClientProtocolClient.java:onNext(264)) - client-D9B31DDCE961->18b22b39-7551-46dd-8464-dd74933c4739: receive RaftClientReply:client-D9B31DDCE961->18b22b39-7551-46dd-8464-dd74933c4739@group-597320EF17B3, cid=899, SUCCESS, logIndex=1131, commits[18b22b39-7551-46dd-8464-dd74933c4739:c1132, 76d6a15c-8eeb-4764-b555-ce8767d18d57:c1128, c90dcfdf-5973-4b56-a955-1fc4555f10cb:c1128]
2019-09-19 11:25:59,767 [grpc-default-executor-6] INFO  client.GrpcClientProtocolClient (GrpcClientProtocolClient.java:onNext(264)) - client-D9B31DDCE961->18b22b39-7551-46dd-8464-dd74933c4739: receive RaftClientReply:client-D9B31DDCE961->18b22b39-7551-46dd-8464-dd74933c4739@group-597320EF17B3, cid=900, SUCCESS, logIndex=1132, commits[18b22b39-7551-46dd-8464-dd74933c4739:c1132, 76d6a15c-8eeb-4764-b555-ce8767d18d57:c1128, c90dcfdf-5973-4b56-a955-1fc4555f10cb:c1128]
2019-09-19 11:25:59,778 [grpc-default-executor-6] INFO  client.GrpcClientProtocolClient (GrpcClientProtocolClient.java:onNext(264)) - client-D9B31DDCE961->18b22b39-7551-46dd-8464-dd74933c4739: receive RaftClientReply:client-D9B31DDCE961->18b22b39-7551-46dd-8464-dd74933c4739@group-597320EF17B3, cid=901, SUCCESS, logIndex=0, commits[18b22b39-7551-46dd-8464-dd74933c4739:c1134, 76d6a15c-8eeb-4764-b555-ce8767d18d57:c1130, c90dcfdf-5973-4b56-a955-1fc4555f10cb:c1130]
2019-09-19 11:25:59,798 [grpc-default-executor-1] INFO  client.GrpcClientProtocolClient (GrpcClientProtocolClient.java:onNext(264)) - client-D9B31DDCE961->18b22b39-7551-46dd-8464-dd74933c4739: receive RaftClientReply:client-D9B31DDCE961->18b22b39-7551-46dd-8464-dd74933c4739@group-597320EF17B3, cid=902, SUCCESS, logIndex=1136, commits[18b22b39-7551-46dd-8464-dd74933c4739:c1137, 76d6a15c-8eeb-4764-b555-ce8767d18d57:c1135, c90dcfdf-5973-4b56-a955-1fc4555f10cb:c1135]
2019-09-19 11:25:59,798 [grpc-default-executor-1] INFO  client.GrpcClientProtocolClient (GrpcClientProtocolClient.java:onNext(264)) - client-D9B31DDCE961->18b22b39-7551-46dd-8464-dd74933c4739: receive RaftClientReply:client-D9B31DDCE961->18b22b39-7551-46dd-8464-dd74933c4739@group-597320EF17B3, cid=903, SUCCESS, logIndex=1137, commits[18b22b39-7551-46dd-8464-dd74933c4739:c1137, 76d6a15c-8eeb-4764-b555-ce8767d18d57:c1135, c90dcfdf-5973-4b56-a955-1fc4555f10cb:c1135]
2019-09-19 11:25:59,812 [grpc-default-executor-1] INFO  client.GrpcClientProtocolClient (GrpcClientProtocolClient.java:onNext(264)) - client-D9B31DDCE961->18b22b39-7551-46dd-8464-dd74933c4739: receive RaftClientReply:client-D9B31DDCE961->18b22b39-7551-46dd-8464-dd74933c4739@group-597320EF17B3, cid=904, SUCCESS, logIndex=1139, commits[18b22b39-7551-46dd-8464-dd74933c4739:c1140, 76d6a15c-8eeb-4764-b555-ce8767d18d57:c1137, c90dcfdf-5973-4b56-a955-1fc4555f10cb:c1137]
2019-09-19 11:25:59,813 [grpc-default-executor-1] INFO  client.GrpcClientProtocolClient (GrpcClientProtocolClient.java:onNext(264)) - client-D9B31DDCE961->18b22b39-7551-46dd-8464-dd74933c4739: receive RaftClientReply:client-D9B31DDCE961->18b22b39-7551-46dd-8464-dd74933c4739@group-597320EF17B3, cid=905, SUCCESS, logIndex=1140, commits[18b22b39-7551-46dd-8464-dd74933c4739:c1140, 76d6a15c-8eeb-4764-b555-ce8767d18d57:c1137, c90dcfdf-5973-4b56-a955-1fc4555f10cb:c1137]
2019-09-19 11:25:59,825 [grpc-default-executor-6] INFO  client.GrpcClientProtocolClient (GrpcClientProtocolClient.java:onNext(264)) - client-D9B31DDCE961->18b22b39-7551-46dd-8464-dd74933c4739: receive RaftClientReply:client-D9B31DDCE961->18b22b39-7551-46dd-8464-dd74933c4739@group-597320EF17B3, cid=906, SUCCESS, logIndex=0, commits[18b22b39-7551-46dd-8464-dd74933c4739:c1140, 76d6a15c-8eeb-4764-b555-ce8767d18d57:c1140, c90dcfdf-5973-4b56-a955-1fc4555f10cb:c1140]
2019-09-19 11:25:59,844 [grpc-default-executor-6] INFO  client.GrpcClientProtocolClient (GrpcClientProtocolClient.java:onNext(264)) - client-D9B31DDCE961->18b22b39-7551-46dd-8464-dd74933c4739: receive RaftClientReply:client-D9B31DDCE961->18b22b39-7551-46dd-8464-dd74933c4739@group-597320EF17B3, cid=907, SUCCESS, logIndex=1142, commits[18b22b39-7551-46dd-8464-dd74933c4739:c1144, 76d6a15c-8eeb-4764-b555-ce8767d18d57:c1141, c90dcfdf-5973-4b56-a955-1fc4555f10cb:c1141]
2019-09-19 11:25:59,844 [grpc-default-executor-6] INFO  client.GrpcClientProtocolClient (GrpcClientProtocolClient.java:onNext(264)) - client-D9B31DDCE961->18b22b39-7551-46dd-8464-dd74933c4739: receive RaftClientReply:client-D9B31DDCE961->18b22b39-7551-46dd-8464-dd74933c4739@group-597320EF17B3, cid=908, SUCCESS, logIndex=1143, commits[18b22b39-7551-46dd-8464-dd74933c4739:c1145, 76d6a15c-8eeb-4764-b555-ce8767d18d57:c1141, c90dcfdf-5973-4b56-a955-1fc4555f10cb:c1141]
2019-09-19 11:25:59,845 [grpc-default-executor-6] INFO  client.GrpcClientProtocolClient (GrpcClientProtocolClient.java:onNext(264)) - client-D9B31DDCE961->18b22b39-7551-46dd-8464-dd74933c4739: receive RaftClientReply:client-D9B31DDCE961->18b22b39-7551-46dd-8464-dd74933c4739@group-597320EF17B3, cid=909, SUCCESS, logIndex=1144, commits[18b22b39-7551-46dd-8464-dd74933c4739:c1145, 76d6a15c-8eeb-4764-b555-ce8767d18d57:c1141, c90dcfdf-5973-4b56-a955-1fc4555f10cb:c1141]
2019-09-19 11:25:59,845 [grpc-default-executor-6] INFO  client.GrpcClientProtocolClient (GrpcClientProtocolClient.java:onNext(264)) - client-D9B31DDCE961->18b22b39-7551-46dd-8464-dd74933c4739: receive RaftClientReply:client-D9B31DDCE961->18b22b39-7551-46dd-8464-dd74933c4739@group-597320EF17B3, cid=910, SUCCESS, logIndex=1145, commits[18b22b39-7551-46dd-8464-dd74933c4739:c1145, 76d6a15c-8eeb-4764-b555-ce8767d18d57:c1141, c90dcfdf-5973-4b56-a955-1fc4555f10cb:c1141]
2019-09-19 11:25:59,858 [grpc-default-executor-6] INFO  client.GrpcClientProtocolClient (GrpcClientProtocolClient.java:onNext(264)) - client-D9B31DDCE961->18b22b39-7551-46dd-8464-dd74933c4739: receive RaftClientReply:client-D9B31DDCE961->18b22b39-7551-46dd-8464-dd74933c4739@group-597320EF17B3, cid=911, SUCCESS, logIndex=0, commits[18b22b39-7551-46dd-8464-dd74933c4739:c1146, 76d6a15c-8eeb-4764-b555-ce8767d18d57:c1143, c90dcfdf-5973-4b56-a955-1fc4555f10cb:c1143]
2019-09-19 11:25:59,877 [grpc-default-executor-1] INFO  client.GrpcClientProtocolClient (GrpcClientProtocolClient.java:onNext(264)) - client-D9B31DDCE961->18b22b39-7551-46dd-8464-dd74933c4739: receive RaftClientReply:client-D9B31DDCE961->18b22b39-7551-46dd-8464-dd74933c4739@group-597320EF17B3, cid=912, SUCCESS, logIndex=1150, commits[18b22b39-7551-46dd-8464-dd74933c4739:c1151, 76d6a15c-8eeb-4764-b555-ce8767d18d57:c1149, c90dcfdf-5973-4b56-a955-1fc4555f10cb:c1149]
2019-09-19 11:25:59,877 [grpc-default-executor-1] INFO  client.GrpcClientProtocolClient (GrpcClientProtocolClient.java:onNext(264)) - client-D9B31DDCE961->18b22b39-7551-46dd-8464-dd74933c4739: receive RaftClientReply:client-D9B31DDCE961->18b22b39-7551-46dd-8464-dd74933c4739@group-597320EF17B3, cid=913, SUCCESS, logIndex=1151, commits[18b22b39-7551-46dd-8464-dd74933c4739:c1151, 76d6a15c-8eeb-4764-b555-ce8767d18d57:c1149, c90dcfdf-5973-4b56-a955-1fc4555f10cb:c1149]
2019-09-19 11:25:59,891 [grpc-default-executor-5] INFO  client.GrpcClientProtocolClient (GrpcClientProtocolClient.java:onNext(264)) - client-D9B31DDCE961->18b22b39-7551-46dd-8464-dd74933c4739: receive RaftClientReply:client-D9B31DDCE961->18b22b39-7551-46dd-8464-dd74933c4739@group-597320EF17B3, cid=914, SUCCESS, logIndex=1154, commits[18b22b39-7551-46dd-8464-dd74933c4739:c1155, 76d6a15c-8eeb-4764-b555-ce8767d18d57:c1151, c90dcfdf-5973-4b56-a955-1fc4555f10cb:c1151]
2019-09-19 11:25:59,891 [grpc-default-executor-5] INFO  client.GrpcClientProtocolClient (GrpcClientProtocolClient.java:onNext(264)) - client-D9B31DDCE961->18b22b39-7551-46dd-8464-dd74933c4739: receive RaftClientReply:client-D9B31DDCE961->18b22b39-7551-46dd-8464-dd74933c4739@group-597320EF17B3, cid=915, SUCCESS, logIndex=1155, commits[18b22b39-7551-46dd-8464-dd74933c4739:c1155, 76d6a15c-8eeb-4764-b555-ce8767d18d57:c1151, c90dcfdf-5973-4b56-a955-1fc4555f10cb:c1151]
2019-09-19 11:25:59,903 [grpc-default-executor-5] INFO  client.GrpcClientProtocolClient (GrpcClientProtocolClient.java:onNext(264)) - client-D9B31DDCE961->18b22b39-7551-46dd-8464-dd74933c4739: receive RaftClientReply:client-D9B31DDCE961->18b22b39-7551-46dd-8464-dd74933c4739@group-597320EF17B3, cid=916, SUCCESS, logIndex=0, commits[18b22b39-7551-46dd-8464-dd74933c4739:c1156, 76d6a15c-8eeb-4764-b555-ce8767d18d57:c1155, c90dcfdf-5973-4b56-a955-1fc4555f10cb:c1155]
2019-09-19 11:25:59,923 [grpc-default-executor-5] INFO  client.GrpcClientProtocolClient (GrpcClientProtocolClient.java:onNext(264)) - client-D9B31DDCE961->18b22b39-7551-46dd-8464-dd74933c4739: receive RaftClientReply:client-D9B31DDCE961->18b22b39-7551-46dd-8464-dd74933c4739@group-597320EF17B3, cid=917, SUCCESS, logIndex=1158, commits[18b22b39-7551-46dd-8464-dd74933c4739:c1159, 76d6a15c-8eeb-4764-b555-ce8767d18d57:c1157, c90dcfdf-5973-4b56-a955-1fc4555f10cb:c1157]
2019-09-19 11:25:59,923 [grpc-default-executor-5] INFO  client.GrpcClientProtocolClient (GrpcClientProtocolClient.java:onNext(264)) - client-D9B31DDCE961->18b22b39-7551-46dd-8464-dd74933c4739: receive RaftClientReply:client-D9B31DDCE961->18b22b39-7551-46dd-8464-dd74933c4739@group-597320EF17B3, cid=918, SUCCESS, logIndex=1159, commits[18b22b39-7551-46dd-8464-dd74933c4739:c1159, 76d6a15c-8eeb-4764-b555-ce8767d18d57:c1157, c90dcfdf-5973-4b56-a955-1fc4555f10cb:c1157]
2019-09-19 11:25:59,925 [grpc-default-executor-5] INFO  client.GrpcClientProtocolClient (GrpcClientProtocolClient.java:onNext(264)) - client-D9B31DDCE961->18b22b39-7551-46dd-8464-dd74933c4739: receive RaftClientReply:client-D9B31DDCE961->18b22b39-7551-46dd-8464-dd74933c4739@group-597320EF17B3, cid=919, SUCCESS, logIndex=1160, commits[18b22b39-7551-46dd-8464-dd74933c4739:c1160, 76d6a15c-8eeb-4764-b555-ce8767d18d57:c1157, c90dcfdf-5973-4b56-a955-1fc4555f10cb:c1157]
2019-09-19 11:25:59,925 [grpc-default-executor-5] INFO  client.GrpcClientProtocolClient (GrpcClientProtocolClient.java:onNext(264)) - client-D9B31DDCE961->18b22b39-7551-46dd-8464-dd74933c4739: receive RaftClientReply:client-D9B31DDCE961->18b22b39-7551-46dd-8464-dd74933c4739@group-597320EF17B3, cid=920, SUCCESS, logIndex=1161, commits[18b22b39-7551-46dd-8464-dd74933c4739:c1161, 76d6a15c-8eeb-4764-b555-ce8767d18d57:c1157, c90dcfdf-5973-4b56-a955-1fc4555f10cb:c1157]
2019-09-19 11:25:59,927 [grpc-default-executor-5] INFO  client.GrpcClientProtocolClient (GrpcClientProtocolClient.java:onNext(264)) - client-D9B31DDCE961->18b22b39-7551-46dd-8464-dd74933c4739: receive RaftClientReply:client-D9B31DDCE961->18b22b39-7551-46dd-8464-dd74933c4739@group-597320EF17B3, cid=921, SUCCESS, logIndex=0, commits[18b22b39-7551-46dd-8464-dd74933c4739:c1163, 76d6a15c-8eeb-4764-b555-ce8767d18d57:c1159, c90dcfdf-5973-4b56-a955-1fc4555f10cb:c1159]
2019-09-19 11:26:00,046 [grpc-default-executor-5] INFO  client.GrpcClientProtocolClient (GrpcClientProtocolClient.java:onNext(264)) - client-D9B31DDCE961->18b22b39-7551-46dd-8464-dd74933c4739: receive RaftClientReply:client-D9B31DDCE961->18b22b39-7551-46dd-8464-dd74933c4739@group-597320EF17B3, cid=922, SUCCESS, logIndex=1166, commits[18b22b39-7551-46dd-8464-dd74933c4739:c1167, 76d6a15c-8eeb-4764-b555-ce8767d18d57:c1165, c90dcfdf-5973-4b56-a955-1fc4555f10cb:c1165]
2019-09-19 11:26:00,047 [grpc-default-executor-5] INFO  client.GrpcClientProtocolClient (GrpcClientProtocolClient.java:onNext(264)) - client-D9B31DDCE961->18b22b39-7551-46dd-8464-dd74933c4739: receive RaftClientReply:client-D9B31DDCE961->18b22b39-7551-46dd-8464-dd74933c4739@group-597320EF17B3, cid=923, SUCCESS, logIndex=1167, commits[18b22b39-7551-46dd-8464-dd74933c4739:c1167, 76d6a15c-8eeb-4764-b555-ce8767d18d57:c1165, c90dcfdf-5973-4b56-a955-1fc4555f10cb:c1165]
2019-09-19 11:26:00,061 [grpc-default-executor-1] INFO  client.GrpcClientProtocolClient (GrpcClientProtocolClient.java:onNext(264)) - client-D9B31DDCE961->18b22b39-7551-46dd-8464-dd74933c4739: receive RaftClientReply:client-D9B31DDCE961->18b22b39-7551-46dd-8464-dd74933c4739@group-597320EF17B3, cid=924, SUCCESS, logIndex=1170, commits[18b22b39-7551-46dd-8464-dd74933c4739:c1170, 76d6a15c-8eeb-4764-b555-ce8767d18d57:c1167, c90dcfdf-5973-4b56-a955-1fc4555f10cb:c1167]
2019-09-19 11:26:00,061 [grpc-default-executor-1] INFO  client.GrpcClientProtocolClient (GrpcClientProtocolClient.java:onNext(264)) - client-D9B31DDCE961->18b22b39-7551-46dd-8464-dd74933c4739: receive RaftClientReply:client-D9B31DDCE961->18b22b39-7551-46dd-8464-dd74933c4739@group-597320EF17B3, cid=925, SUCCESS, logIndex=1171, commits[18b22b39-7551-46dd-8464-dd74933c4739:c1171, 76d6a15c-8eeb-4764-b555-ce8767d18d57:c1167, c90dcfdf-5973-4b56-a955-1fc4555f10cb:c1167]
2019-09-19 11:26:00,074 [grpc-default-executor-3] INFO  client.GrpcClientProtocolClient (GrpcClientProtocolClient.java:onNext(264)) - client-D9B31DDCE961->18b22b39-7551-46dd-8464-dd74933c4739: receive RaftClientReply:client-D9B31DDCE961->18b22b39-7551-46dd-8464-dd74933c4739@group-597320EF17B3, cid=926, SUCCESS, logIndex=0, commits[18b22b39-7551-46dd-8464-dd74933c4739:c1173, 76d6a15c-8eeb-4764-b555-ce8767d18d57:c1171, c90dcfdf-5973-4b56-a955-1fc4555f10cb:c1171]
2019-09-19 11:26:00,095 [grpc-default-executor-1] INFO  client.GrpcClientProtocolClient (GrpcClientProtocolClient.java:onNext(264)) - client-D9B31DDCE961->18b22b39-7551-46dd-8464-dd74933c4739: receive RaftClientReply:client-D9B31DDCE961->18b22b39-7551-46dd-8464-dd74933c4739@group-597320EF17B3, cid=927, SUCCESS, logIndex=1174, commits[18b22b39-7551-46dd-8464-dd74933c4739:c1175, 76d6a15c-8eeb-4764-b555-ce8767d18d57:c1173, c90dcfdf-5973-4b56-a955-1fc4555f10cb:c1173]
2019-09-19 11:26:00,095 [grpc-default-executor-1] INFO  client.GrpcClientProtocolClient (GrpcClientProtocolClient.java:onNext(264)) - client-D9B31DDCE961->18b22b39-7551-46dd-8464-dd74933c4739: receive RaftClientReply:client-D9B31DDCE961->18b22b39-7551-46dd-8464-dd74933c4739@group-597320EF17B3, cid=928, SUCCESS, logIndex=1175, commits[18b22b39-7551-46dd-8464-dd74933c4739:c1175, 76d6a15c-8eeb-4764-b555-ce8767d18d57:c1173, c90dcfdf-5973-4b56-a955-1fc4555f10cb:c1173]
2019-09-19 11:26:00,105 [grpc-default-executor-6] INFO  client.GrpcClientProtocolClient (GrpcClientProtocolClient.java:onNext(264)) - client-D9B31DDCE961->18b22b39-7551-46dd-8464-dd74933c4739: receive RaftClientReply:client-D9B31DDCE961->18b22b39-7551-46dd-8464-dd74933c4739@group-597320EF17B3, cid=929, SUCCESS, logIndex=1176, commits[18b22b39-7551-46dd-8464-dd74933c4739:c1177, 76d6a15c-8eeb-4764-b555-ce8767d18d57:c1173, c90dcfdf-5973-4b56-a955-1fc4555f10cb:c1173]
2019-09-19 11:26:00,105 [grpc-default-executor-1] INFO  client.GrpcClientProtocolClient (GrpcClientProtocolClient.java:onNext(264)) - client-D9B31DDCE961->18b22b39-7551-46dd-8464-dd74933c4739: receive RaftClientReply:client-D9B31DDCE961->18b22b39-7551-46dd-8464-dd74933c4739@group-597320EF17B3, cid=930, SUCCESS, logIndex=1177, commits[18b22b39-7551-46dd-8464-dd74933c4739:c1177, 76d6a15c-8eeb-4764-b555-ce8767d18d57:c1173, c90dcfdf-5973-4b56-a955-1fc4555f10cb:c1173]
2019-09-19 11:26:00,108 [grpc-default-executor-1] INFO  client.GrpcClientProtocolClient (GrpcClientProtocolClient.java:onNext(264)) - client-D9B31DDCE961->18b22b39-7551-46dd-8464-dd74933c4739: receive RaftClientReply:client-D9B31DDCE961->18b22b39-7551-46dd-8464-dd74933c4739@group-597320EF17B3, cid=931, SUCCESS, logIndex=0, commits[18b22b39-7551-46dd-8464-dd74933c4739:c1180, 76d6a15c-8eeb-4764-b555-ce8767d18d57:c1177, c90dcfdf-5973-4b56-a955-1fc4555f10cb:c1175]
2019-09-19 11:26:00,127 [grpc-default-executor-3] INFO  client.GrpcClientProtocolClient (GrpcClientProtocolClient.java:onNext(264)) - client-D9B31DDCE961->18b22b39-7551-46dd-8464-dd74933c4739: receive RaftClientReply:client-D9B31DDCE961->18b22b39-7551-46dd-8464-dd74933c4739@group-597320EF17B3, cid=932, SUCCESS, logIndex=1181, commits[18b22b39-7551-46dd-8464-dd74933c4739:c1181, 76d6a15c-8eeb-4764-b555-ce8767d18d57:c1180, c90dcfdf-5973-4b56-a955-1fc4555f10cb:c1180]
2019-09-19 11:26:00,127 [grpc-default-executor-3] INFO  client.GrpcClientProtocolClient (GrpcClientProtocolClient.java:onNext(264)) - client-D9B31DDCE961->18b22b39-7551-46dd-8464-dd74933c4739: receive RaftClientReply:client-D9B31DDCE961->18b22b39-7551-46dd-8464-dd74933c4739@group-597320EF17B3, cid=933, SUCCESS, logIndex=1182, commits[18b22b39-7551-46dd-8464-dd74933c4739:c1182, 76d6a15c-8eeb-4764-b555-ce8767d18d57:c1180, c90dcfdf-5973-4b56-a955-1fc4555f10cb:c1180]
2019-09-19 11:26:00,140 [grpc-default-executor-1] INFO  client.GrpcClientProtocolClient (GrpcClientProtocolClient.java:onNext(264)) - client-D9B31DDCE961->18b22b39-7551-46dd-8464-dd74933c4739: receive RaftClientReply:client-D9B31DDCE961->18b22b39-7551-46dd-8464-dd74933c4739@group-597320EF17B3, cid=934, SUCCESS, logIndex=1185, commits[18b22b39-7551-46dd-8464-dd74933c4739:c1185, 76d6a15c-8eeb-4764-b555-ce8767d18d57:c1182, c90dcfdf-5973-4b56-a955-1fc4555f10cb:c1182]
2019-09-19 11:26:00,140 [grpc-default-executor-1] INFO  client.GrpcClientProtocolClient (GrpcClientProtocolClient.java:onNext(264)) - client-D9B31DDCE961->18b22b39-7551-46dd-8464-dd74933c4739: receive RaftClientReply:client-D9B31DDCE961->18b22b39-7551-46dd-8464-dd74933c4739@group-597320EF17B3, cid=935, SUCCESS, logIndex=1186, commits[18b22b39-7551-46dd-8464-dd74933c4739:c1186, 76d6a15c-8eeb-4764-b555-ce8767d18d57:c1182, c90dcfdf-5973-4b56-a955-1fc4555f10cb:c1182]
2019-09-19 11:26:00,164 [grpc-default-executor-3] INFO  client.GrpcClientProtocolClient (GrpcClientProtocolClient.java:onNext(264)) - client-D9B31DDCE961->18b22b39-7551-46dd-8464-dd74933c4739: receive RaftClientReply:client-D9B31DDCE961->18b22b39-7551-46dd-8464-dd74933c4739@group-597320EF17B3, cid=936, SUCCESS, logIndex=0, commits[18b22b39-7551-46dd-8464-dd74933c4739:c1188, 76d6a15c-8eeb-4764-b555-ce8767d18d57:c1186, c90dcfdf-5973-4b56-a955-1fc4555f10cb:c1186]
2019-09-19 11:26:00,183 [grpc-default-executor-3] INFO  client.GrpcClientProtocolClient (GrpcClientProtocolClient.java:onNext(264)) - client-D9B31DDCE961->18b22b39-7551-46dd-8464-dd74933c4739: receive RaftClientReply:client-D9B31DDCE961->18b22b39-7551-46dd-8464-dd74933c4739@group-597320EF17B3, cid=937, SUCCESS, logIndex=1189, commits[18b22b39-7551-46dd-8464-dd74933c4739:c1190, 76d6a15c-8eeb-4764-b555-ce8767d18d57:c1188, c90dcfdf-5973-4b56-a955-1fc4555f10cb:c1188]
2019-09-19 11:26:00,184 [grpc-default-executor-3] INFO  client.GrpcClientProtocolClient (GrpcClientProtocolClient.java:onNext(264)) - client-D9B31DDCE961->18b22b39-7551-46dd-8464-dd74933c4739: receive RaftClientReply:client-D9B31DDCE961->18b22b39-7551-46dd-8464-dd74933c4739@group-597320EF17B3, cid=938, SUCCESS, logIndex=1190, commits[18b22b39-7551-46dd-8464-dd74933c4739:c1191, 76d6a15c-8eeb-4764-b555-ce8767d18d57:c1188, c90dcfdf-5973-4b56-a955-1fc4555f10cb:c1188]
2019-09-19 11:26:00,184 [grpc-default-executor-3] INFO  client.GrpcClientProtocolClient (GrpcClientProtocolClient.java:onNext(264)) - client-D9B31DDCE961->18b22b39-7551-46dd-8464-dd74933c4739: receive RaftClientReply:client-D9B31DDCE961->18b22b39-7551-46dd-8464-dd74933c4739@group-597320EF17B3, cid=939, SUCCESS, logIndex=1191, commits[18b22b39-7551-46dd-8464-dd74933c4739:c1192, 76d6a15c-8eeb-4764-b555-ce8767d18d57:c1188, c90dcfdf-5973-4b56-a955-1fc4555f10cb:c1188]
2019-09-19 11:26:00,184 [grpc-default-executor-3] INFO  client.GrpcClientProtocolClient (GrpcClientProtocolClient.java:onNext(264)) - client-D9B31DDCE961->18b22b39-7551-46dd-8464-dd74933c4739: receive RaftClientReply:client-D9B31DDCE961->18b22b39-7551-46dd-8464-dd74933c4739@group-597320EF17B3, cid=940, SUCCESS, logIndex=1192, commits[18b22b39-7551-46dd-8464-dd74933c4739:c1192, 76d6a15c-8eeb-4764-b555-ce8767d18d57:c1188, c90dcfdf-5973-4b56-a955-1fc4555f10cb:c1188]
 0.00% |█                                                                                                    |  0/1 Time: 0:00:042019-09-19 11:26:00,198 [grpc-default-executor-3] INFO  client.GrpcClientProtocolClient (GrpcClientProtocolClient.java:onNext(264)) - client-D9B31DDCE961->18b22b39-7551-46dd-8464-dd74933c4739: receive RaftClientReply:client-D9B31DDCE961->18b22b39-7551-46dd-8464-dd74933c4739@group-597320EF17B3, cid=941, SUCCESS, logIndex=0, commits[18b22b39-7551-46dd-8464-dd74933c4739:c1194, 76d6a15c-8eeb-4764-b555-ce8767d18d57:c1190, c90dcfdf-5973-4b56-a955-1fc4555f10cb:c1190]
2019-09-19 11:26:00,210 [grpc-default-executor-1] INFO  client.GrpcClientProtocolClient (GrpcClientProtocolClient.java:onNext(264)) - client-D9B31DDCE961->18b22b39-7551-46dd-8464-dd74933c4739: receive RaftClientReply:client-D9B31DDCE961->18b22b39-7551-46dd-8464-dd74933c4739@group-597320EF17B3, cid=942, SUCCESS, logIndex=1197, commits[18b22b39-7551-46dd-8464-dd74933c4739:c1198, 76d6a15c-8eeb-4764-b555-ce8767d18d57:c1192, c90dcfdf-5973-4b56-a955-1fc4555f10cb:c1196]
2019-09-19 11:26:00,210 [grpc-default-executor-1] INFO  client.GrpcClientProtocolClient (GrpcClientProtocolClient.java:onNext(264)) - client-D9B31DDCE961->18b22b39-7551-46dd-8464-dd74933c4739: receive RaftClientReply:client-D9B31DDCE961->18b22b39-7551-46dd-8464-dd74933c4739@group-597320EF17B3, cid=943, SUCCESS, logIndex=1198, commits[18b22b39-7551-46dd-8464-dd74933c4739:c1198, 76d6a15c-8eeb-4764-b555-ce8767d18d57:c1196, c90dcfdf-5973-4b56-a955-1fc4555f10cb:c1196]
2019-09-19 11:26:00,221 [grpc-default-executor-3] INFO  client.GrpcClientProtocolClient (GrpcClientProtocolClient.java:onNext(264)) - client-D9B31DDCE961->18b22b39-7551-46dd-8464-dd74933c4739: receive RaftClientReply:client-D9B31DDCE961->18b22b39-7551-46dd-8464-dd74933c4739@group-597320EF17B3, cid=944, SUCCESS, logIndex=1201, commits[18b22b39-7551-46dd-8464-dd74933c4739:c1202, 76d6a15c-8eeb-4764-b555-ce8767d18d57:c1198, c90dcfdf-5973-4b56-a955-1fc4555f10cb:c1200]
2019-09-19 11:26:00,221 [grpc-default-executor-3] INFO  client.GrpcClientProtocolClient (GrpcClientProtocolClient.java:onNext(264)) - client-D9B31DDCE961->18b22b39-7551-46dd-8464-dd74933c4739: receive RaftClientReply:client-D9B31DDCE961->18b22b39-7551-46dd-8464-dd74933c4739@group-597320EF17B3, cid=945, SUCCESS, logIndex=1202, commits[18b22b39-7551-46dd-8464-dd74933c4739:c1202, 76d6a15c-8eeb-4764-b555-ce8767d18d57:c1200, c90dcfdf-5973-4b56-a955-1fc4555f10cb:c1200]
2019-09-19 11:26:00,223 [grpc-default-executor-6] INFO  client.GrpcClientProtocolClient (GrpcClientProtocolClient.java:onNext(264)) - client-D9B31DDCE961->18b22b39-7551-46dd-8464-dd74933c4739: receive RaftClientReply:client-D9B31DDCE961->18b22b39-7551-46dd-8464-dd74933c4739@group-597320EF17B3, cid=946, SUCCESS, logIndex=0, commits[18b22b39-7551-46dd-8464-dd74933c4739:c1203, 76d6a15c-8eeb-4764-b555-ce8767d18d57:c1202, c90dcfdf-5973-4b56-a955-1fc4555f10cb:c1202]
2019-09-19 11:26:00,345 [grpc-default-executor-3] INFO  client.GrpcClientProtocolClient (GrpcClientProtocolClient.java:onNext(264)) - client-D9B31DDCE961->18b22b39-7551-46dd-8464-dd74933c4739: receive RaftClientReply:client-D9B31DDCE961->18b22b39-7551-46dd-8464-dd74933c4739@group-597320EF17B3, cid=947, SUCCESS, logIndex=1205, commits[18b22b39-7551-46dd-8464-dd74933c4739:c1206, 76d6a15c-8eeb-4764-b555-ce8767d18d57:c1204, c90dcfdf-5973-4b56-a955-1fc4555f10cb:c1204]
2019-09-19 11:26:00,345 [grpc-default-executor-3] INFO  client.GrpcClientProtocolClient (GrpcClientProtocolClient.java:onNext(264)) - client-D9B31DDCE961->18b22b39-7551-46dd-8464-dd74933c4739: receive RaftClientReply:client-D9B31DDCE961->18b22b39-7551-46dd-8464-dd74933c4739@group-597320EF17B3, cid=948, SUCCESS, logIndex=1206, commits[18b22b39-7551-46dd-8464-dd74933c4739:c1206, 76d6a15c-8eeb-4764-b555-ce8767d18d57:c1204, c90dcfdf-5973-4b56-a955-1fc4555f10cb:c1204]
2019-09-19 11:26:00,346 [grpc-default-executor-1] INFO  client.GrpcClientProtocolClient (GrpcClientProtocolClient.java:onNext(264)) - client-D9B31DDCE961->18b22b39-7551-46dd-8464-dd74933c4739: receive RaftClientReply:client-D9B31DDCE961->18b22b39-7551-46dd-8464-dd74933c4739@group-597320EF17B3, cid=949, SUCCESS, logIndex=1207, commits[18b22b39-7551-46dd-8464-dd74933c4739:c1207, 76d6a15c-8eeb-4764-b555-ce8767d18d57:c1204, c90dcfdf-5973-4b56-a955-1fc4555f10cb:c1204]
2019-09-19 11:26:00,347 [grpc-default-executor-1] INFO  client.GrpcClientProtocolClient (GrpcClientProtocolClient.java:onNext(264)) - client-D9B31DDCE961->18b22b39-7551-46dd-8464-dd74933c4739: receive RaftClientReply:client-D9B31DDCE961->18b22b39-7551-46dd-8464-dd74933c4739@group-597320EF17B3, cid=950, SUCCESS, logIndex=1208, commits[18b22b39-7551-46dd-8464-dd74933c4739:c1208, 76d6a15c-8eeb-4764-b555-ce8767d18d57:c1204, c90dcfdf-5973-4b56-a955-1fc4555f10cb:c1204]
2019-09-19 11:26:00,348 [grpc-default-executor-1] INFO  client.GrpcClientProtocolClient (GrpcClientProtocolClient.java:onNext(264)) - client-D9B31DDCE961->18b22b39-7551-46dd-8464-dd74933c4739: receive RaftClientReply:client-D9B31DDCE961->18b22b39-7551-46dd-8464-dd74933c4739@group-597320EF17B3, cid=951, SUCCESS, logIndex=0, commits[18b22b39-7551-46dd-8464-dd74933c4739:c1210, 76d6a15c-8eeb-4764-b555-ce8767d18d57:c1207, c90dcfdf-5973-4b56-a955-1fc4555f10cb:c1206]
2019-09-19 11:26:00,369 [grpc-default-executor-3] INFO  client.GrpcClientProtocolClient (GrpcClientProtocolClient.java:onNext(264)) - client-D9B31DDCE961->18b22b39-7551-46dd-8464-dd74933c4739: receive RaftClientReply:client-D9B31DDCE961->18b22b39-7551-46dd-8464-dd74933c4739@group-597320EF17B3, cid=952, SUCCESS, logIndex=1213, commits[18b22b39-7551-46dd-8464-dd74933c4739:c1214, 76d6a15c-8eeb-4764-b555-ce8767d18d57:c1212, c90dcfdf-5973-4b56-a955-1fc4555f10cb:c1212]
2019-09-19 11:26:00,370 [grpc-default-executor-3] INFO  client.GrpcClientProtocolClient (GrpcClientProtocolClient.java:onNext(264)) - client-D9B31DDCE961->18b22b39-7551-46dd-8464-dd74933c4739: receive RaftClientReply:client-D9B31DDCE961->18b22b39-7551-46dd-8464-dd74933c4739@group-597320EF17B3, cid=953, SUCCESS, logIndex=1214, commits[18b22b39-7551-46dd-8464-dd74933c4739:c1214, 76d6a15c-8eeb-4764-b555-ce8767d18d57:c1212, c90dcfdf-5973-4b56-a955-1fc4555f10cb:c1212]
2019-09-19 11:26:00,384 [grpc-default-executor-3] INFO  client.GrpcClientProtocolClient (GrpcClientProtocolClient.java:onNext(264)) - client-D9B31DDCE961->18b22b39-7551-46dd-8464-dd74933c4739: receive RaftClientReply:client-D9B31DDCE961->18b22b39-7551-46dd-8464-dd74933c4739@group-597320EF17B3, cid=954, SUCCESS, logIndex=1217, commits[18b22b39-7551-46dd-8464-dd74933c4739:c1217, 76d6a15c-8eeb-4764-b555-ce8767d18d57:c1214, c90dcfdf-5973-4b56-a955-1fc4555f10cb:c1214]
2019-09-19 11:26:00,384 [grpc-default-executor-3] INFO  client.GrpcClientProtocolClient (GrpcClientProtocolClient.java:onNext(264)) - client-D9B31DDCE961->18b22b39-7551-46dd-8464-dd74933c4739: receive RaftClientReply:client-D9B31DDCE961->18b22b39-7551-46dd-8464-dd74933c4739@group-597320EF17B3, cid=955, SUCCESS, logIndex=1218, commits[18b22b39-7551-46dd-8464-dd74933c4739:c1218, 76d6a15c-8eeb-4764-b555-ce8767d18d57:c1214, c90dcfdf-5973-4b56-a955-1fc4555f10cb:c1214]
2019-09-19 11:26:00,409 [grpc-default-executor-3] INFO  client.GrpcClientProtocolClient (GrpcClientProtocolClient.java:onNext(264)) - client-D9B31DDCE961->18b22b39-7551-46dd-8464-dd74933c4739: receive RaftClientReply:client-D9B31DDCE961->18b22b39-7551-46dd-8464-dd74933c4739@group-597320EF17B3, cid=956, SUCCESS, logIndex=0, commits[18b22b39-7551-46dd-8464-dd74933c4739:c1220, 76d6a15c-8eeb-4764-b555-ce8767d18d57:c1218, c90dcfdf-5973-4b56-a955-1fc4555f10cb:c1218]
2019-09-19 11:26:00,420 [grpc-default-executor-1] INFO  client.GrpcClientProtocolClient (GrpcClientProtocolClient.java:onNext(264)) - client-D9B31DDCE961->18b22b39-7551-46dd-8464-dd74933c4739: receive RaftClientReply:client-D9B31DDCE961->18b22b39-7551-46dd-8464-dd74933c4739@group-597320EF17B3, cid=957, SUCCESS, logIndex=1221, commits[18b22b39-7551-46dd-8464-dd74933c4739:c1222, 76d6a15c-8eeb-4764-b555-ce8767d18d57:c1220, c90dcfdf-5973-4b56-a955-1fc4555f10cb:c1220]
2019-09-19 11:26:00,420 [grpc-default-executor-1] INFO  client.GrpcClientProtocolClient (GrpcClientProtocolClient.java:onNext(264)) - client-D9B31DDCE961->18b22b39-7551-46dd-8464-dd74933c4739: receive RaftClientReply:client-D9B31DDCE961->18b22b39-7551-46dd-8464-dd74933c4739@group-597320EF17B3, cid=958, SUCCESS, logIndex=1222, commits[18b22b39-7551-46dd-8464-dd74933c4739:c1222, 76d6a15c-8eeb-4764-b555-ce8767d18d57:c1220, c90dcfdf-5973-4b56-a955-1fc4555f10cb:c1220]
2019-09-19 11:26:00,422 [grpc-default-executor-3] INFO  client.GrpcClientProtocolClient (GrpcClientProtocolClient.java:onNext(264)) - client-D9B31DDCE961->18b22b39-7551-46dd-8464-dd74933c4739: receive RaftClientReply:client-D9B31DDCE961->18b22b39-7551-46dd-8464-dd74933c4739@group-597320EF17B3, cid=959, SUCCESS, logIndex=1223, commits[18b22b39-7551-46dd-8464-dd74933c4739:c1223, 76d6a15c-8eeb-4764-b555-ce8767d18d57:c1220, c90dcfdf-5973-4b56-a955-1fc4555f10cb:c1220]
2019-09-19 11:26:00,422 [grpc-default-executor-3] INFO  client.GrpcClientProtocolClient (GrpcClientProtocolClient.java:onNext(264)) - client-D9B31DDCE961->18b22b39-7551-46dd-8464-dd74933c4739: receive RaftClientReply:client-D9B31DDCE961->18b22b39-7551-46dd-8464-dd74933c4739@group-597320EF17B3, cid=960, SUCCESS, logIndex=1224, commits[18b22b39-7551-46dd-8464-dd74933c4739:c1224, 76d6a15c-8eeb-4764-b555-ce8767d18d57:c1220, c90dcfdf-5973-4b56-a955-1fc4555f10cb:c1220]
2019-09-19 11:26:00,425 [grpc-default-executor-1] INFO  client.GrpcClientProtocolClient (GrpcClientProtocolClient.java:onNext(264)) - client-D9B31DDCE961->18b22b39-7551-46dd-8464-dd74933c4739: receive RaftClientReply:client-D9B31DDCE961->18b22b39-7551-46dd-8464-dd74933c4739@group-597320EF17B3, cid=961, SUCCESS, logIndex=0, commits[18b22b39-7551-46dd-8464-dd74933c4739:c1226, 76d6a15c-8eeb-4764-b555-ce8767d18d57:c1222, c90dcfdf-5973-4b56-a955-1fc4555f10cb:c1222]
2019-09-19 11:26:00,435 [grpc-default-executor-6] INFO  client.GrpcClientProtocolClient (GrpcClientProtocolClient.java:onNext(264)) - client-D9B31DDCE961->18b22b39-7551-46dd-8464-dd74933c4739: receive RaftClientReply:client-D9B31DDCE961->18b22b39-7551-46dd-8464-dd74933c4739@group-597320EF17B3, cid=962, SUCCESS, logIndex=1229, commits[18b22b39-7551-46dd-8464-dd74933c4739:c1230, 76d6a15c-8eeb-4764-b555-ce8767d18d57:c1228, c90dcfdf-5973-4b56-a955-1fc4555f10cb:c1224]
2019-09-19 11:26:00,435 [grpc-default-executor-6] INFO  client.GrpcClientProtocolClient (GrpcClientProtocolClient.java:onNext(264)) - client-D9B31DDCE961->18b22b39-7551-46dd-8464-dd74933c4739: receive RaftClientReply:client-D9B31DDCE961->18b22b39-7551-46dd-8464-dd74933c4739@group-597320EF17B3, cid=963, SUCCESS, logIndex=1230, commits[18b22b39-7551-46dd-8464-dd74933c4739:c1230, 76d6a15c-8eeb-4764-b555-ce8767d18d57:c1228, c90dcfdf-5973-4b56-a955-1fc4555f10cb:c1224]
2019-09-19 11:26:00,446 [grpc-default-executor-3] INFO  client.GrpcClientProtocolClient (GrpcClientProtocolClient.java:onNext(264)) - client-D9B31DDCE961->18b22b39-7551-46dd-8464-dd74933c4739: receive RaftClientReply:client-D9B31DDCE961->18b22b39-7551-46dd-8464-dd74933c4739@group-597320EF17B3, cid=964, SUCCESS, logIndex=1233, commits[18b22b39-7551-46dd-8464-dd74933c4739:c1234, 76d6a15c-8eeb-4764-b555-ce8767d18d57:c1232, c90dcfdf-5973-4b56-a955-1fc4555f10cb:c1231]
2019-09-19 11:26:00,447 [grpc-default-executor-3] INFO  client.GrpcClientProtocolClient (GrpcClientProtocolClient.java:onNext(264)) - client-D9B31DDCE961->18b22b39-7551-46dd-8464-dd74933c4739: receive RaftClientReply:client-D9B31DDCE961->18b22b39-7551-46dd-8464-dd74933c4739@group-597320EF17B3, cid=965, SUCCESS, logIndex=1234, commits[18b22b39-7551-46dd-8464-dd74933c4739:c1234, 76d6a15c-8eeb-4764-b555-ce8767d18d57:c1232, c90dcfdf-5973-4b56-a955-1fc4555f10cb:c1232]
2019-09-19 11:26:00,448 [grpc-default-executor-3] INFO  client.GrpcClientProtocolClient (GrpcClientProtocolClient.java:onNext(264)) - client-D9B31DDCE961->18b22b39-7551-46dd-8464-dd74933c4739: receive RaftClientReply:client-D9B31DDCE961->18b22b39-7551-46dd-8464-dd74933c4739@group-597320EF17B3, cid=966, SUCCESS, logIndex=0, commits[18b22b39-7551-46dd-8464-dd74933c4739:c1235, 76d6a15c-8eeb-4764-b555-ce8767d18d57:c1234, c90dcfdf-5973-4b56-a955-1fc4555f10cb:c1234]
2019-09-19 11:26:00,460 [grpc-default-executor-1] INFO  client.GrpcClientProtocolClient (GrpcClientProtocolClient.java:onNext(264)) - client-D9B31DDCE961->18b22b39-7551-46dd-8464-dd74933c4739: receive RaftClientReply:client-D9B31DDCE961->18b22b39-7551-46dd-8464-dd74933c4739@group-597320EF17B3, cid=967, SUCCESS, logIndex=1237, commits[18b22b39-7551-46dd-8464-dd74933c4739:c1238, 76d6a15c-8eeb-4764-b555-ce8767d18d57:c1236, c90dcfdf-5973-4b56-a955-1fc4555f10cb:c1236]
2019-09-19 11:26:00,461 [grpc-default-executor-1] INFO  client.GrpcClientProtocolClient (GrpcClientProtocolClient.java:onNext(264)) - client-D9B31DDCE961->18b22b39-7551-46dd-8464-dd74933c4739: receive RaftClientReply:client-D9B31DDCE961->18b22b39-7551-46dd-8464-dd74933c4739@group-597320EF17B3, cid=968, SUCCESS, logIndex=1238, commits[18b22b39-7551-46dd-8464-dd74933c4739:c1238, 76d6a15c-8eeb-4764-b555-ce8767d18d57:c1236, c90dcfdf-5973-4b56-a955-1fc4555f10cb:c1236]
2019-09-19 11:26:00,462 [grpc-default-executor-3] INFO  client.GrpcClientProtocolClient (GrpcClientProtocolClient.java:onNext(264)) - client-D9B31DDCE961->18b22b39-7551-46dd-8464-dd74933c4739: receive RaftClientReply:client-D9B31DDCE961->18b22b39-7551-46dd-8464-dd74933c4739@group-597320EF17B3, cid=969, SUCCESS, logIndex=1239, commits[18b22b39-7551-46dd-8464-dd74933c4739:c1240, 76d6a15c-8eeb-4764-b555-ce8767d18d57:c1236, c90dcfdf-5973-4b56-a955-1fc4555f10cb:c1236]
2019-09-19 11:26:00,462 [grpc-default-executor-3] INFO  client.GrpcClientProtocolClient (GrpcClientProtocolClient.java:onNext(264)) - client-D9B31DDCE961->18b22b39-7551-46dd-8464-dd74933c4739: receive RaftClientReply:client-D9B31DDCE961->18b22b39-7551-46dd-8464-dd74933c4739@group-597320EF17B3, cid=970, SUCCESS, logIndex=1240, commits[18b22b39-7551-46dd-8464-dd74933c4739:c1240, 76d6a15c-8eeb-4764-b555-ce8767d18d57:c1236, c90dcfdf-5973-4b56-a955-1fc4555f10cb:c1236]
2019-09-19 11:26:00,465 [grpc-default-executor-3] INFO  client.GrpcClientProtocolClient (GrpcClientProtocolClient.java:onNext(264)) - client-D9B31DDCE961->18b22b39-7551-46dd-8464-dd74933c4739: receive RaftClientReply:client-D9B31DDCE961->18b22b39-7551-46dd-8464-dd74933c4739@group-597320EF17B3, cid=971, SUCCESS, logIndex=0, commits[18b22b39-7551-46dd-8464-dd74933c4739:c1242, 76d6a15c-8eeb-4764-b555-ce8767d18d57:c1238, c90dcfdf-5973-4b56-a955-1fc4555f10cb:c1238]
2019-09-19 11:26:00,474 [grpc-default-executor-3] INFO  client.GrpcClientProtocolClient (GrpcClientProtocolClient.java:onNext(264)) - client-D9B31DDCE961->18b22b39-7551-46dd-8464-dd74933c4739: receive RaftClientReply:client-D9B31DDCE961->18b22b39-7551-46dd-8464-dd74933c4739@group-597320EF17B3, cid=972, SUCCESS, logIndex=1245, commits[18b22b39-7551-46dd-8464-dd74933c4739:c1246, 76d6a15c-8eeb-4764-b555-ce8767d18d57:c1244, c90dcfdf-5973-4b56-a955-1fc4555f10cb:c1240]
2019-09-19 11:26:00,474 [grpc-default-executor-3] INFO  client.GrpcClientProtocolClient (GrpcClientProtocolClient.java:onNext(264)) - client-D9B31DDCE961->18b22b39-7551-46dd-8464-dd74933c4739: receive RaftClientReply:client-D9B31DDCE961->18b22b39-7551-46dd-8464-dd74933c4739@group-597320EF17B3, cid=973, SUCCESS, logIndex=1246, commits[18b22b39-7551-46dd-8464-dd74933c4739:c1246, 76d6a15c-8eeb-4764-b555-ce8767d18d57:c1244, c90dcfdf-5973-4b56-a955-1fc4555f10cb:c1244]
2019-09-19 11:26:00,486 [grpc-default-executor-1] INFO  client.GrpcClientProtocolClient (GrpcClientProtocolClient.java:onNext(264)) - client-D9B31DDCE961->18b22b39-7551-46dd-8464-dd74933c4739: receive RaftClientReply:client-D9B31DDCE961->18b22b39-7551-46dd-8464-dd74933c4739@group-597320EF17B3, cid=974, SUCCESS, logIndex=1249, commits[18b22b39-7551-46dd-8464-dd74933c4739:c1250, 76d6a15c-8eeb-4764-b555-ce8767d18d57:c1246, c90dcfdf-5973-4b56-a955-1fc4555f10cb:c1248]
2019-09-19 11:26:00,486 [grpc-default-executor-1] INFO  client.GrpcClientProtocolClient (GrpcClientProtocolClient.java:onNext(264)) - client-D9B31DDCE961->18b22b39-7551-46dd-8464-dd74933c4739: receive RaftClientReply:client-D9B31DDCE961->18b22b39-7551-46dd-8464-dd74933c4739@group-597320EF17B3, cid=975, SUCCESS, logIndex=1250, commits[18b22b39-7551-46dd-8464-dd74933c4739:c1250, 76d6a15c-8eeb-4764-b555-ce8767d18d57:c1248, c90dcfdf-5973-4b56-a955-1fc4555f10cb:c1248]
2019-09-19 11:26:00,487 [grpc-default-executor-1] INFO  client.GrpcClientProtocolClient (GrpcClientProtocolClient.java:onNext(264)) - client-D9B31DDCE961->18b22b39-7551-46dd-8464-dd74933c4739: receive RaftClientReply:client-D9B31DDCE961->18b22b39-7551-46dd-8464-dd74933c4739@group-597320EF17B3, cid=976, SUCCESS, logIndex=0, commits[18b22b39-7551-46dd-8464-dd74933c4739:c1251, 76d6a15c-8eeb-4764-b555-ce8767d18d57:c1250, c90dcfdf-5973-4b56-a955-1fc4555f10cb:c1250]
2019-09-19 11:26:00,497 [grpc-default-executor-1] INFO  client.GrpcClientProtocolClient (GrpcClientProtocolClient.java:onNext(264)) - client-D9B31DDCE961->18b22b39-7551-46dd-8464-dd74933c4739: receive RaftClientReply:client-D9B31DDCE961->18b22b39-7551-46dd-8464-dd74933c4739@group-597320EF17B3, cid=977, SUCCESS, logIndex=1253, commits[18b22b39-7551-46dd-8464-dd74933c4739:c1254, 76d6a15c-8eeb-4764-b555-ce8767d18d57:c1252, c90dcfdf-5973-4b56-a955-1fc4555f10cb:c1252]
2019-09-19 11:26:00,498 [grpc-default-executor-1] INFO  client.GrpcClientProtocolClient (GrpcClientProtocolClient.java:onNext(264)) - client-D9B31DDCE961->18b22b39-7551-46dd-8464-dd74933c4739: receive RaftClientReply:client-D9B31DDCE961->18b22b39-7551-46dd-8464-dd74933c4739@group-597320EF17B3, cid=978, SUCCESS, logIndex=1254, commits[18b22b39-7551-46dd-8464-dd74933c4739:c1254, 76d6a15c-8eeb-4764-b555-ce8767d18d57:c1252, c90dcfdf-5973-4b56-a955-1fc4555f10cb:c1252]
2019-09-19 11:26:00,501 [grpc-default-executor-3] INFO  client.GrpcClientProtocolClient (GrpcClientProtocolClient.java:onNext(264)) - client-D9B31DDCE961->18b22b39-7551-46dd-8464-dd74933c4739: receive RaftClientReply:client-D9B31DDCE961->18b22b39-7551-46dd-8464-dd74933c4739@group-597320EF17B3, cid=979, SUCCESS, logIndex=1255, commits[18b22b39-7551-46dd-8464-dd74933c4739:c1256, 76d6a15c-8eeb-4764-b555-ce8767d18d57:c1254, c90dcfdf-5973-4b56-a955-1fc4555f10cb:c1252]
2019-09-19 11:26:00,501 [grpc-default-executor-3] INFO  client.GrpcClientProtocolClient (GrpcClientProtocolClient.java:onNext(264)) - client-D9B31DDCE961->18b22b39-7551-46dd-8464-dd74933c4739: receive RaftClientReply:client-D9B31DDCE961->18b22b39-7551-46dd-8464-dd74933c4739@group-597320EF17B3, cid=980, SUCCESS, logIndex=1256, commits[18b22b39-7551-46dd-8464-dd74933c4739:c1258, 76d6a15c-8eeb-4764-b555-ce8767d18d57:c1254, c90dcfdf-5973-4b56-a955-1fc4555f10cb:c1254]
2019-09-19 11:26:00,534 [grpc-default-executor-1] INFO  client.GrpcClientProtocolClient (GrpcClientProtocolClient.java:onNext(264)) - client-D9B31DDCE961->18b22b39-7551-46dd-8464-dd74933c4739: receive RaftClientReply:client-D9B31DDCE961->18b22b39-7551-46dd-8464-dd74933c4739@group-597320EF17B3, cid=981, SUCCESS, logIndex=1261, commits[18b22b39-7551-46dd-8464-dd74933c4739:c1262, 76d6a15c-8eeb-4764-b555-ce8767d18d57:c1259, c90dcfdf-5973-4b56-a955-1fc4555f10cb:c1260]
2019-09-19 11:26:00,534 [grpc-default-executor-1] INFO  client.GrpcClientProtocolClient (GrpcClientProtocolClient.java:onNext(264)) - client-D9B31DDCE961->18b22b39-7551-46dd-8464-dd74933c4739: receive RaftClientReply:client-D9B31DDCE961->18b22b39-7551-46dd-8464-dd74933c4739@group-597320EF17B3, cid=982, SUCCESS, logIndex=1262, commits[18b22b39-7551-46dd-8464-dd74933c4739:c1262, 76d6a15c-8eeb-4764-b555-ce8767d18d57:c1259, c90dcfdf-5973-4b56-a955-1fc4555f10cb:c1260]
2019-09-19 11:26:00,549 [grpc-default-executor-3] INFO  client.GrpcClientProtocolClient (GrpcClientProtocolClient.java:onNext(264)) - client-D9B31DDCE961->18b22b39-7551-46dd-8464-dd74933c4739: receive RaftClientReply:client-D9B31DDCE961->18b22b39-7551-46dd-8464-dd74933c4739@group-597320EF17B3, cid=983, SUCCESS, logIndex=1265, commits[18b22b39-7551-46dd-8464-dd74933c4739:c1266, 76d6a15c-8eeb-4764-b555-ce8767d18d57:c1262, c90dcfdf-5973-4b56-a955-1fc4555f10cb:c1262]
2019-09-19 11:26:00,549 [grpc-default-executor-3] INFO  client.GrpcClientProtocolClient (GrpcClientProtocolClient.java:onNext(264)) - client-D9B31DDCE961->18b22b39-7551-46dd-8464-dd74933c4739: receive RaftClientReply:client-D9B31DDCE961->18b22b39-7551-46dd-8464-dd74933c4739@group-597320EF17B3, cid=984, SUCCESS, logIndex=1266, commits[18b22b39-7551-46dd-8464-dd74933c4739:c1266, 76d6a15c-8eeb-4764-b555-ce8767d18d57:c1262, c90dcfdf-5973-4b56-a955-1fc4555f10cb:c1262]
2019-09-19 11:26:00,566 [grpc-default-executor-3] INFO  client.GrpcClientProtocolClient (GrpcClientProtocolClient.java:onNext(264)) - client-D9B31DDCE961->18b22b39-7551-46dd-8464-dd74933c4739: receive RaftClientReply:client-D9B31DDCE961->18b22b39-7551-46dd-8464-dd74933c4739@group-597320EF17B3, cid=985, SUCCESS, logIndex=0, commits[18b22b39-7551-46dd-8464-dd74933c4739:c1268, 76d6a15c-8eeb-4764-b555-ce8767d18d57:c1266, c90dcfdf-5973-4b56-a955-1fc4555f10cb:c1266]
2019-09-19 11:26:00,584 [grpc-default-executor-3] INFO  client.GrpcClientProtocolClient (GrpcClientProtocolClient.java:onNext(264)) - client-D9B31DDCE961->18b22b39-7551-46dd-8464-dd74933c4739: receive RaftClientReply:client-D9B31DDCE961->18b22b39-7551-46dd-8464-dd74933c4739@group-597320EF17B3, cid=986, SUCCESS, logIndex=1269, commits[18b22b39-7551-46dd-8464-dd74933c4739:c1270, 76d6a15c-8eeb-4764-b555-ce8767d18d57:c1268, c90dcfdf-5973-4b56-a955-1fc4555f10cb:c1268]
2019-09-19 11:26:00,585 [grpc-default-executor-3] INFO  client.GrpcClientProtocolClient (GrpcClientProtocolClient.java:onNext(264)) - client-D9B31DDCE961->18b22b39-7551-46dd-8464-dd74933c4739: receive RaftClientReply:client-D9B31DDCE961->18b22b39-7551-46dd-8464-dd74933c4739@group-597320EF17B3, cid=987, SUCCESS, logIndex=1270, commits[18b22b39-7551-46dd-8464-dd74933c4739:c1270, 76d6a15c-8eeb-4764-b555-ce8767d18d57:c1268, c90dcfdf-5973-4b56-a955-1fc4555f10cb:c1268]
2019-09-19 11:26:00,586 [grpc-default-executor-7] INFO  client.GrpcClientProtocolClient (GrpcClientProtocolClient.java:onNext(264)) - client-D9B31DDCE961->18b22b39-7551-46dd-8464-dd74933c4739: receive RaftClientReply:client-D9B31DDCE961->18b22b39-7551-46dd-8464-dd74933c4739@group-597320EF17B3, cid=988, SUCCESS, logIndex=1271, commits[18b22b39-7551-46dd-8464-dd74933c4739:c1272, 76d6a15c-8eeb-4764-b555-ce8767d18d57:c1268, c90dcfdf-5973-4b56-a955-1fc4555f10cb:c1268]
2019-09-19 11:26:00,587 [grpc-default-executor-7] INFO  client.GrpcClientProtocolClient (GrpcClientProtocolClient.java:onNext(264)) - client-D9B31DDCE961->18b22b39-7551-46dd-8464-dd74933c4739: receive RaftClientReply:client-D9B31DDCE961->18b22b39-7551-46dd-8464-dd74933c4739@group-597320EF17B3, cid=989, SUCCESS, logIndex=1272, commits[18b22b39-7551-46dd-8464-dd74933c4739:c1272, 76d6a15c-8eeb-4764-b555-ce8767d18d57:c1268, c90dcfdf-5973-4b56-a955-1fc4555f10cb:c1268]
2019-09-19 11:26:00,598 [grpc-default-executor-3] INFO  client.GrpcClientProtocolClient (GrpcClientProtocolClient.java:onNext(264)) - client-D9B31DDCE961->18b22b39-7551-46dd-8464-dd74933c4739: receive RaftClientReply:client-D9B31DDCE961->18b22b39-7551-46dd-8464-dd74933c4739@group-597320EF17B3, cid=990, SUCCESS, logIndex=0, commits[18b22b39-7551-46dd-8464-dd74933c4739:c1274, 76d6a15c-8eeb-4764-b555-ce8767d18d57:c1270, c90dcfdf-5973-4b56-a955-1fc4555f10cb:c1270]
2019-09-19 11:26:00,613 [grpc-default-executor-3] INFO  client.GrpcClientProtocolClient (GrpcClientProtocolClient.java:onNext(264)) - client-D9B31DDCE961->18b22b39-7551-46dd-8464-dd74933c4739: receive RaftClientReply:client-D9B31DDCE961->18b22b39-7551-46dd-8464-dd74933c4739@group-597320EF17B3, cid=991, SUCCESS, logIndex=1277, commits[18b22b39-7551-46dd-8464-dd74933c4739:c1278, 76d6a15c-8eeb-4764-b555-ce8767d18d57:c1276, c90dcfdf-5973-4b56-a955-1fc4555f10cb:c1272]
2019-09-19 11:26:00,613 [grpc-default-executor-3] INFO  client.GrpcClientProtocolClient (GrpcClientProtocolClient.java:onNext(264)) - client-D9B31DDCE961->18b22b39-7551-46dd-8464-dd74933c4739: receive RaftClientReply:client-D9B31DDCE961->18b22b39-7551-46dd-8464-dd74933c4739@group-597320EF17B3, cid=992, SUCCESS, logIndex=1278, commits[18b22b39-7551-46dd-8464-dd74933c4739:c1278, 76d6a15c-8eeb-4764-b555-ce8767d18d57:c1276, c90dcfdf-5973-4b56-a955-1fc4555f10cb:c1272]
2019-09-19 11:26:00,638 [grpc-default-executor-3] INFO  client.GrpcClientProtocolClient (GrpcClientProtocolClient.java:onNext(264)) - client-D9B31DDCE961->18b22b39-7551-46dd-8464-dd74933c4739: receive RaftClientReply:client-D9B31DDCE961->18b22b39-7551-46dd-8464-dd74933c4739@group-597320EF17B3, cid=993, SUCCESS, logIndex=1281, commits[18b22b39-7551-46dd-8464-dd74933c4739:c1282, 76d6a15c-8eeb-4764-b555-ce8767d18d57:c1278, c90dcfdf-5973-4b56-a955-1fc4555f10cb:c1278]
2019-09-19 11:26:00,639 [grpc-default-executor-3] INFO  client.GrpcClientProtocolClient (GrpcClientProtocolClient.java:onNext(264)) - client-D9B31DDCE961->18b22b39-7551-46dd-8464-dd74933c4739: receive RaftClientReply:client-D9B31DDCE961->18b22b39-7551-46dd-8464-dd74933c4739@group-597320EF17B3, cid=994, SUCCESS, logIndex=1282, commits[18b22b39-7551-46dd-8464-dd74933c4739:c1282, 76d6a15c-8eeb-4764-b555-ce8767d18d57:c1278, c90dcfdf-5973-4b56-a955-1fc4555f10cb:c1278]
2019-09-19 11:26:00,652 [grpc-default-executor-6] INFO  client.GrpcClientProtocolClient (GrpcClientProtocolClient.java:onNext(264)) - client-D9B31DDCE961->18b22b39-7551-46dd-8464-dd74933c4739: receive RaftClientReply:client-D9B31DDCE961->18b22b39-7551-46dd-8464-dd74933c4739@group-597320EF17B3, cid=995, SUCCESS, logIndex=0, commits[18b22b39-7551-46dd-8464-dd74933c4739:c1283, 76d6a15c-8eeb-4764-b555-ce8767d18d57:c1282, c90dcfdf-5973-4b56-a955-1fc4555f10cb:c1282]
2019-09-19 11:26:00,672 [grpc-default-executor-3] INFO  client.GrpcClientProtocolClient (GrpcClientProtocolClient.java:onNext(264)) - client-D9B31DDCE961->18b22b39-7551-46dd-8464-dd74933c4739: receive RaftClientReply:client-D9B31DDCE961->18b22b39-7551-46dd-8464-dd74933c4739@group-597320EF17B3, cid=996, SUCCESS, logIndex=1284, commits[18b22b39-7551-46dd-8464-dd74933c4739:c1285, 76d6a15c-8eeb-4764-b555-ce8767d18d57:c1283, c90dcfdf-5973-4b56-a955-1fc4555f10cb:c1283]
2019-09-19 11:26:00,672 [grpc-default-executor-3] INFO  client.GrpcClientProtocolClient (GrpcClientProtocolClient.java:onNext(264)) - client-D9B31DDCE961->18b22b39-7551-46dd-8464-dd74933c4739: receive RaftClientReply:client-D9B31DDCE961->18b22b39-7551-46dd-8464-dd74933c4739@group-597320EF17B3, cid=997, SUCCESS, logIndex=1285, commits[18b22b39-7551-46dd-8464-dd74933c4739:c1285, 76d6a15c-8eeb-4764-b555-ce8767d18d57:c1283, c90dcfdf-5973-4b56-a955-1fc4555f10cb:c1283]
2019-09-19 11:26:00,685 [grpc-default-executor-3] INFO  client.GrpcClientProtocolClient (GrpcClientProtocolClient.java:onNext(264)) - client-D9B31DDCE961->18b22b39-7551-46dd-8464-dd74933c4739: receive RaftClientReply:client-D9B31DDCE961->18b22b39-7551-46dd-8464-dd74933c4739@group-597320EF17B3, cid=998, SUCCESS, logIndex=1286, commits[18b22b39-7551-46dd-8464-dd74933c4739:c1287, 76d6a15c-8eeb-4764-b555-ce8767d18d57:c1283, c90dcfdf-5973-4b56-a955-1fc4555f10cb:c1283]
2019-09-19 11:26:00,686 [grpc-default-executor-3] INFO  client.GrpcClientProtocolClient (GrpcClientProtocolClient.java:onNext(264)) - client-D9B31DDCE961->18b22b39-7551-46dd-8464-dd74933c4739: receive RaftClientReply:client-D9B31DDCE961->18b22b39-7551-46dd-8464-dd74933c4739@group-597320EF17B3, cid=999, SUCCESS, logIndex=1287, commits[18b22b39-7551-46dd-8464-dd74933c4739:c1287, 76d6a15c-8eeb-4764-b555-ce8767d18d57:c1283, c90dcfdf-5973-4b56-a955-1fc4555f10cb:c1283]
2019-09-19 11:26:00,698 [grpc-default-executor-1] INFO  client.GrpcClientProtocolClient (GrpcClientProtocolClient.java:onNext(264)) - client-D9B31DDCE961->18b22b39-7551-46dd-8464-dd74933c4739: receive RaftClientReply:client-D9B31DDCE961->18b22b39-7551-46dd-8464-dd74933c4739@group-597320EF17B3, cid=1000, SUCCESS, logIndex=0, commits[18b22b39-7551-46dd-8464-dd74933c4739:c1288, 76d6a15c-8eeb-4764-b555-ce8767d18d57:c1285, c90dcfdf-5973-4b56-a955-1fc4555f10cb:c1285]
2019-09-19 11:26:00,712 [grpc-default-executor-3] INFO  client.GrpcClientProtocolClient (GrpcClientProtocolClient.java:onNext(264)) - client-D9B31DDCE961->18b22b39-7551-46dd-8464-dd74933c4739: receive RaftClientReply:client-D9B31DDCE961->18b22b39-7551-46dd-8464-dd74933c4739@group-597320EF17B3, cid=1001, SUCCESS, logIndex=1292, commits[18b22b39-7551-46dd-8464-dd74933c4739:c1292, 76d6a15c-8eeb-4764-b555-ce8767d18d57:c1289, c90dcfdf-5973-4b56-a955-1fc4555f10cb:c1289]
2019-09-19 11:26:00,712 [grpc-default-executor-3] INFO  client.GrpcClientProtocolClient (GrpcClientProtocolClient.java:onNext(264)) - client-D9B31DDCE961->18b22b39-7551-46dd-8464-dd74933c4739: receive RaftClientReply:client-D9B31DDCE961->18b22b39-7551-46dd-8464-dd74933c4739@group-597320EF17B3, cid=1002, SUCCESS, logIndex=1293, commits[18b22b39-7551-46dd-8464-dd74933c4739:c1293, 76d6a15c-8eeb-4764-b555-ce8767d18d57:c1289, c90dcfdf-5973-4b56-a955-1fc4555f10cb:c1289]
2019-09-19 11:26:00,722 [grpc-default-executor-1] INFO  client.GrpcClientProtocolClient (GrpcClientProtocolClient.java:onNext(264)) - client-D9B31DDCE961->18b22b39-7551-46dd-8464-dd74933c4739: receive RaftClientReply:client-D9B31DDCE961->18b22b39-7551-46dd-8464-dd74933c4739@group-597320EF17B3, cid=1003, SUCCESS, logIndex=1296, commits[18b22b39-7551-46dd-8464-dd74933c4739:c1297, 76d6a15c-8eeb-4764-b555-ce8767d18d57:c1293, c90dcfdf-5973-4b56-a955-1fc4555f10cb:c1294]
2019-09-19 11:26:00,722 [grpc-default-executor-1] INFO  client.GrpcClientProtocolClient (GrpcClientProtocolClient.java:onNext(264)) - client-D9B31DDCE961->18b22b39-7551-46dd-8464-dd74933c4739: receive RaftClientReply:client-D9B31DDCE961->18b22b39-7551-46dd-8464-dd74933c4739@group-597320EF17B3, cid=1004, SUCCESS, logIndex=1297, commits[18b22b39-7551-46dd-8464-dd74933c4739:c1297, 76d6a15c-8eeb-4764-b555-ce8767d18d57:c1294, c90dcfdf-5973-4b56-a955-1fc4555f10cb:c1294]
2019-09-19 11:26:00,725 [grpc-default-executor-1] INFO  client.GrpcClientProtocolClient (GrpcClientProtocolClient.java:onNext(264)) - client-D9B31DDCE961->18b22b39-7551-46dd-8464-dd74933c4739: receive RaftClientReply:client-D9B31DDCE961->18b22b39-7551-46dd-8464-dd74933c4739@group-597320EF17B3, cid=1005, SUCCESS, logIndex=0, commits[18b22b39-7551-46dd-8464-dd74933c4739:c1298, 76d6a15c-8eeb-4764-b555-ce8767d18d57:c1297, c90dcfdf-5973-4b56-a955-1fc4555f10cb:c1297]
2019-09-19 11:26:00,736 [grpc-default-executor-6] INFO  client.GrpcClientProtocolClient (GrpcClientProtocolClient.java:onNext(264)) - client-D9B31DDCE961->18b22b39-7551-46dd-8464-dd74933c4739: receive RaftClientReply:client-D9B31DDCE961->18b22b39-7551-46dd-8464-dd74933c4739@group-597320EF17B3, cid=1006, SUCCESS, logIndex=1300, commits[18b22b39-7551-46dd-8464-dd74933c4739:c1301, 76d6a15c-8eeb-4764-b555-ce8767d18d57:c1299, c90dcfdf-5973-4b56-a955-1fc4555f10cb:c1297]
2019-09-19 11:26:00,737 [grpc-default-executor-6] INFO  client.GrpcClientProtocolClient (GrpcClientProtocolClient.java:onNext(264)) - client-D9B31DDCE961->18b22b39-7551-46dd-8464-dd74933c4739: receive RaftClientReply:client-D9B31DDCE961->18b22b39-7551-46dd-8464-dd74933c4739@group-597320EF17B3, cid=1007, SUCCESS, logIndex=1301, commits[18b22b39-7551-46dd-8464-dd74933c4739:c1301, 76d6a15c-8eeb-4764-b555-ce8767d18d57:c1299, c90dcfdf-5973-4b56-a955-1fc4555f10cb:c1297]
2019-09-19 11:26:00,740 [grpc-default-executor-1] INFO  client.GrpcClientProtocolClient (GrpcClientProtocolClient.java:onNext(264)) - client-D9B31DDCE961->18b22b39-7551-46dd-8464-dd74933c4739: receive RaftClientReply:client-D9B31DDCE961->18b22b39-7551-46dd-8464-dd74933c4739@group-597320EF17B3, cid=1008, SUCCESS, logIndex=1302, commits[18b22b39-7551-46dd-8464-dd74933c4739:c1303, 76d6a15c-8eeb-4764-b555-ce8767d18d57:c1301, c90dcfdf-5973-4b56-a955-1fc4555f10cb:c1299]
2019-09-19 11:26:00,740 [grpc-default-executor-1] INFO  client.GrpcClientProtocolClient (GrpcClientProtocolClient.java:onNext(264)) - client-D9B31DDCE961->18b22b39-7551-46dd-8464-dd74933c4739: receive RaftClientReply:client-D9B31DDCE961->18b22b39-7551-46dd-8464-dd74933c4739@group-597320EF17B3, cid=1009, SUCCESS, logIndex=1303, commits[18b22b39-7551-46dd-8464-dd74933c4739:c1303, 76d6a15c-8eeb-4764-b555-ce8767d18d57:c1301, c90dcfdf-5973-4b56-a955-1fc4555f10cb:c1299]
2019-09-19 11:26:00,742 [grpc-default-executor-1] INFO  client.GrpcClientProtocolClient (GrpcClientProtocolClient.java:onNext(264)) - client-D9B31DDCE961->18b22b39-7551-46dd-8464-dd74933c4739: receive RaftClientReply:client-D9B31DDCE961->18b22b39-7551-46dd-8464-dd74933c4739@group-597320EF17B3, cid=1010, SUCCESS, logIndex=0, commits[18b22b39-7551-46dd-8464-dd74933c4739:c1305, 76d6a15c-8eeb-4764-b555-ce8767d18d57:c1301, c90dcfdf-5973-4b56-a955-1fc4555f10cb:c1301]
2019-09-19 11:26:00,753 [grpc-default-executor-6] INFO  client.GrpcClientProtocolClient (GrpcClientProtocolClient.java:onNext(264)) - client-D9B31DDCE961->18b22b39-7551-46dd-8464-dd74933c4739: receive RaftClientReply:client-D9B31DDCE961->18b22b39-7551-46dd-8464-dd74933c4739@group-597320EF17B3, cid=1011, SUCCESS, logIndex=1308, commits[18b22b39-7551-46dd-8464-dd74933c4739:c1309, 76d6a15c-8eeb-4764-b555-ce8767d18d57:c1307, c90dcfdf-5973-4b56-a955-1fc4555f10cb:c1307]
2019-09-19 11:26:00,754 [grpc-default-executor-6] INFO  client.GrpcClientProtocolClient (GrpcClientProtocolClient.java:onNext(264)) - client-D9B31DDCE961->18b22b39-7551-46dd-8464-dd74933c4739: receive RaftClientReply:client-D9B31DDCE961->18b22b39-7551-46dd-8464-dd74933c4739@group-597320EF17B3, cid=1012, SUCCESS, logIndex=1309, commits[18b22b39-7551-46dd-8464-dd74933c4739:c1309, 76d6a15c-8eeb-4764-b555-ce8767d18d57:c1307, c90dcfdf-5973-4b56-a955-1fc4555f10cb:c1307]
2019-09-19 11:26:00,783 [grpc-default-executor-1] INFO  client.GrpcClientProtocolClient (GrpcClientProtocolClient.java:onNext(264)) - client-D9B31DDCE961->18b22b39-7551-46dd-8464-dd74933c4739: receive RaftClientReply:client-D9B31DDCE961->18b22b39-7551-46dd-8464-dd74933c4739@group-597320EF17B3, cid=1013, SUCCESS, logIndex=1312, commits[18b22b39-7551-46dd-8464-dd74933c4739:c1313, 76d6a15c-8eeb-4764-b555-ce8767d18d57:c1310, c90dcfdf-5973-4b56-a955-1fc4555f10cb:c1311]
2019-09-19 11:26:00,783 [grpc-default-executor-1] INFO  client.GrpcClientProtocolClient (GrpcClientProtocolClient.java:onNext(264)) - client-D9B31DDCE961->18b22b39-7551-46dd-8464-dd74933c4739: receive RaftClientReply:client-D9B31DDCE961->18b22b39-7551-46dd-8464-dd74933c4739@group-597320EF17B3, cid=1014, SUCCESS, logIndex=1313, commits[18b22b39-7551-46dd-8464-dd74933c4739:c1313, 76d6a15c-8eeb-4764-b555-ce8767d18d57:c1311, c90dcfdf-5973-4b56-a955-1fc4555f10cb:c1311]
2019-09-19 11:26:00,785 [grpc-default-executor-1] INFO  client.GrpcClientProtocolClient (GrpcClientProtocolClient.java:onNext(264)) - client-D9B31DDCE961->18b22b39-7551-46dd-8464-dd74933c4739: receive RaftClientReply:client-D9B31DDCE961->18b22b39-7551-46dd-8464-dd74933c4739@group-597320EF17B3, cid=1015, SUCCESS, logIndex=0, commits[18b22b39-7551-46dd-8464-dd74933c4739:c1314, 76d6a15c-8eeb-4764-b555-ce8767d18d57:c1313, c90dcfdf-5973-4b56-a955-1fc4555f10cb:c1313]
2019-09-19 11:26:00,806 [grpc-default-executor-6] INFO  client.GrpcClientProtocolClient (GrpcClientProtocolClient.java:onNext(264)) - client-D9B31DDCE961->18b22b39-7551-46dd-8464-dd74933c4739: receive RaftClientReply:client-D9B31DDCE961->18b22b39-7551-46dd-8464-dd74933c4739@group-597320EF17B3, cid=1016, SUCCESS, logIndex=1315, commits[18b22b39-7551-46dd-8464-dd74933c4739:c1316, 76d6a15c-8eeb-4764-b555-ce8767d18d57:c1314, c90dcfdf-5973-4b56-a955-1fc4555f10cb:c1314]
2019-09-19 11:26:00,806 [grpc-default-executor-6] INFO  client.GrpcClientProtocolClient (GrpcClientProtocolClient.java:onNext(264)) - client-D9B31DDCE961->18b22b39-7551-46dd-8464-dd74933c4739: receive RaftClientReply:client-D9B31DDCE961->18b22b39-7551-46dd-8464-dd74933c4739@group-597320EF17B3, cid=1017, SUCCESS, logIndex=1316, commits[18b22b39-7551-46dd-8464-dd74933c4739:c1316, 76d6a15c-8eeb-4764-b555-ce8767d18d57:c1314, c90dcfdf-5973-4b56-a955-1fc4555f10cb:c1314]
 0.00% |█                                                                                                    |  0/1 Time: 0:00:052019-09-19 11:26:01,389 [grpc-default-executor-1] INFO  client.GrpcClientProtocolClient (GrpcClientProtocolClient.java:onNext(264)) - client-D9B31DDCE961->18b22b39-7551-46dd-8464-dd74933c4739: receive RaftClientReply:client-D9B31DDCE961->18b22b39-7551-46dd-8464-dd74933c4739@group-597320EF17B3, cid=1018, SUCCESS, logIndex=1317, commits[18b22b39-7551-46dd-8464-dd74933c4739:c1318, 76d6a15c-8eeb-4764-b555-ce8767d18d57:c1314, c90dcfdf-5973-4b56-a955-1fc4555f10cb:c1314]
2019-09-19 11:26:01,389 [grpc-default-executor-1] INFO  client.GrpcClientProtocolClient (GrpcClientProtocolClient.java:onNext(264)) - client-D9B31DDCE961->18b22b39-7551-46dd-8464-dd74933c4739: receive RaftClientReply:client-D9B31DDCE961->18b22b39-7551-46dd-8464-dd74933c4739@group-597320EF17B3, cid=1019, SUCCESS, logIndex=1318, commits[18b22b39-7551-46dd-8464-dd74933c4739:c1318, 76d6a15c-8eeb-4764-b555-ce8767d18d57:c1314, c90dcfdf-5973-4b56-a955-1fc4555f10cb:c1314]
2019-09-19 11:26:01,401 [grpc-default-executor-1] INFO  client.GrpcClientProtocolClient (GrpcClientProtocolClient.java:onNext(264)) - client-D9B31DDCE961->18b22b39-7551-46dd-8464-dd74933c4739: receive RaftClientReply:client-D9B31DDCE961->18b22b39-7551-46dd-8464-dd74933c4739@group-597320EF17B3, cid=1020, SUCCESS, logIndex=0, commits[18b22b39-7551-46dd-8464-dd74933c4739:c1320, 76d6a15c-8eeb-4764-b555-ce8767d18d57:c1316, c90dcfdf-5973-4b56-a955-1fc4555f10cb:c1316]
2019-09-19 11:26:01,420 [grpc-default-executor-1] INFO  client.GrpcClientProtocolClient (GrpcClientProtocolClient.java:onNext(264)) - client-D9B31DDCE961->18b22b39-7551-46dd-8464-dd74933c4739: receive RaftClientReply:client-D9B31DDCE961->18b22b39-7551-46dd-8464-dd74933c4739@group-597320EF17B3, cid=1021, SUCCESS, logIndex=1323, commits[18b22b39-7551-46dd-8464-dd74933c4739:c1323, 76d6a15c-8eeb-4764-b555-ce8767d18d57:c1322, c90dcfdf-5973-4b56-a955-1fc4555f10cb:c1322]
2019-09-19 11:26:01,422 [grpc-default-executor-6] INFO  client.GrpcClientProtocolClient (GrpcClientProtocolClient.java:onNext(264)) - client-D9B31DDCE961->18b22b39-7551-46dd-8464-dd74933c4739: receive RaftClientReply:client-D9B31DDCE961->18b22b39-7551-46dd-8464-dd74933c4739@group-597320EF17B3, cid=1022, SUCCESS, logIndex=1324, commits[18b22b39-7551-46dd-8464-dd74933c4739:c1324, 76d6a15c-8eeb-4764-b555-ce8767d18d57:c1322, c90dcfdf-5973-4b56-a955-1fc4555f10cb:c1322]
2019-09-19 11:26:01,447 [grpc-default-executor-3] INFO  client.GrpcClientProtocolClient (GrpcClientProtocolClient.java:onNext(264)) - client-D9B31DDCE961->18b22b39-7551-46dd-8464-dd74933c4739: receive RaftClientReply:client-D9B31DDCE961->18b22b39-7551-46dd-8464-dd74933c4739@group-597320EF17B3, cid=1023, SUCCESS, logIndex=1327, commits[18b22b39-7551-46dd-8464-dd74933c4739:c1328, 76d6a15c-8eeb-4764-b555-ce8767d18d57:c1324, c90dcfdf-5973-4b56-a955-1fc4555f10cb:c1324]
2019-09-19 11:26:01,447 [grpc-default-executor-3] INFO  client.GrpcClientProtocolClient (GrpcClientProtocolClient.java:onNext(264)) - client-D9B31DDCE961->18b22b39-7551-46dd-8464-dd74933c4739: receive RaftClientReply:client-D9B31DDCE961->18b22b39-7551-46dd-8464-dd74933c4739@group-597320EF17B3, cid=1024, SUCCESS, logIndex=1328, commits[18b22b39-7551-46dd-8464-dd74933c4739:c1328, 76d6a15c-8eeb-4764-b555-ce8767d18d57:c1324, c90dcfdf-5973-4b56-a955-1fc4555f10cb:c1324]
2019-09-19 11:26:01,472 [grpc-default-executor-3] INFO  client.GrpcClientProtocolClient (GrpcClientProtocolClient.java:onNext(264)) - client-D9B31DDCE961->18b22b39-7551-46dd-8464-dd74933c4739: receive RaftClientReply:client-D9B31DDCE961->18b22b39-7551-46dd-8464-dd74933c4739@group-597320EF17B3, cid=1025, SUCCESS, logIndex=0, commits[18b22b39-7551-46dd-8464-dd74933c4739:c1330, 76d6a15c-8eeb-4764-b555-ce8767d18d57:c1328, c90dcfdf-5973-4b56-a955-1fc4555f10cb:c1328]
2019-09-19 11:26:01,492 [grpc-default-executor-3] INFO  client.GrpcClientProtocolClient (GrpcClientProtocolClient.java:onNext(264)) - client-D9B31DDCE961->18b22b39-7551-46dd-8464-dd74933c4739: receive RaftClientReply:client-D9B31DDCE961->18b22b39-7551-46dd-8464-dd74933c4739@group-597320EF17B3, cid=1026, SUCCESS, logIndex=1331, commits[18b22b39-7551-46dd-8464-dd74933c4739:c1332, 76d6a15c-8eeb-4764-b555-ce8767d18d57:c1330, c90dcfdf-5973-4b56-a955-1fc4555f10cb:c1330]
2019-09-19 11:26:01,493 [grpc-default-executor-3] INFO  client.GrpcClientProtocolClient (GrpcClientProtocolClient.java:onNext(264)) - client-D9B31DDCE961->18b22b39-7551-46dd-8464-dd74933c4739: receive RaftClientReply:client-D9B31DDCE961->18b22b39-7551-46dd-8464-dd74933c4739@group-597320EF17B3, cid=1027, SUCCESS, logIndex=1332, commits[18b22b39-7551-46dd-8464-dd74933c4739:c1332, 76d6a15c-8eeb-4764-b555-ce8767d18d57:c1330, c90dcfdf-5973-4b56-a955-1fc4555f10cb:c1330]
2019-09-19 11:26:01,502 [grpc-default-executor-3] INFO  client.GrpcClientProtocolClient (GrpcClientProtocolClient.java:onNext(264)) - client-D9B31DDCE961->18b22b39-7551-46dd-8464-dd74933c4739: receive RaftClientReply:client-D9B31DDCE961->18b22b39-7551-46dd-8464-dd74933c4739@group-597320EF17B3, cid=1028, SUCCESS, logIndex=1333, commits[18b22b39-7551-46dd-8464-dd74933c4739:c1334, 76d6a15c-8eeb-4764-b555-ce8767d18d57:c1330, c90dcfdf-5973-4b56-a955-1fc4555f10cb:c1330]
2019-09-19 11:26:01,503 [grpc-default-executor-3] INFO  client.GrpcClientProtocolClient (GrpcClientProtocolClient.java:onNext(264)) - client-D9B31DDCE961->18b22b39-7551-46dd-8464-dd74933c4739: receive RaftClientReply:client-D9B31DDCE961->18b22b39-7551-46dd-8464-dd74933c4739@group-597320EF17B3, cid=1029, SUCCESS, logIndex=1334, commits[18b22b39-7551-46dd-8464-dd74933c4739:c1334, 76d6a15c-8eeb-4764-b555-ce8767d18d57:c1330, c90dcfdf-5973-4b56-a955-1fc4555f10cb:c1330]
2019-09-19 11:26:01,504 [grpc-default-executor-3] INFO  client.GrpcClientProtocolClient (GrpcClientProtocolClient.java:onNext(264)) - client-D9B31DDCE961->18b22b39-7551-46dd-8464-dd74933c4739: receive RaftClientReply:client-D9B31DDCE961->18b22b39-7551-46dd-8464-dd74933c4739@group-597320EF17B3, cid=1030, SUCCESS, logIndex=0, commits[18b22b39-7551-46dd-8464-dd74933c4739:c1334, 76d6a15c-8eeb-4764-b555-ce8767d18d57:c1332, c90dcfdf-5973-4b56-a955-1fc4555f10cb:c1332]
2019-09-19 11:26:01,521 [grpc-default-executor-3] INFO  client.GrpcClientProtocolClient (GrpcClientProtocolClient.java:onNext(264)) - client-D9B31DDCE961->18b22b39-7551-46dd-8464-dd74933c4739: receive RaftClientReply:client-D9B31DDCE961->18b22b39-7551-46dd-8464-dd74933c4739@group-597320EF17B3, cid=1031, SUCCESS, logIndex=1339, commits[18b22b39-7551-46dd-8464-dd74933c4739:c1340, 76d6a15c-8eeb-4764-b555-ce8767d18d57:c1334, c90dcfdf-5973-4b56-a955-1fc4555f10cb:c1334]
2019-09-19 11:26:01,522 [grpc-default-executor-3] INFO  client.GrpcClientProtocolClient (GrpcClientProtocolClient.java:onNext(264)) - client-D9B31DDCE961->18b22b39-7551-46dd-8464-dd74933c4739: receive RaftClientReply:client-D9B31DDCE961->18b22b39-7551-46dd-8464-dd74933c4739@group-597320EF17B3, cid=1032, SUCCESS, logIndex=1340, commits[18b22b39-7551-46dd-8464-dd74933c4739:c1340, 76d6a15c-8eeb-4764-b555-ce8767d18d57:c1334, c90dcfdf-5973-4b56-a955-1fc4555f10cb:c1334]
2019-09-19 11:26:01,533 [grpc-default-executor-6] INFO  client.GrpcClientProtocolClient (GrpcClientProtocolClient.java:onNext(264)) - client-D9B31DDCE961->18b22b39-7551-46dd-8464-dd74933c4739: receive RaftClientReply:client-D9B31DDCE961->18b22b39-7551-46dd-8464-dd74933c4739@group-597320EF17B3, cid=1033, SUCCESS, logIndex=1343, commits[18b22b39-7551-46dd-8464-dd74933c4739:c1343, 76d6a15c-8eeb-4764-b555-ce8767d18d57:c1341, c90dcfdf-5973-4b56-a955-1fc4555f10cb:c1341]
2019-09-19 11:26:01,533 [grpc-default-executor-6] INFO  client.GrpcClientProtocolClient (GrpcClientProtocolClient.java:onNext(264)) - client-D9B31DDCE961->18b22b39-7551-46dd-8464-dd74933c4739: receive RaftClientReply:client-D9B31DDCE961->18b22b39-7551-46dd-8464-dd74933c4739@group-597320EF17B3, cid=1034, SUCCESS, logIndex=1344, commits[18b22b39-7551-46dd-8464-dd74933c4739:c1344, 76d6a15c-8eeb-4764-b555-ce8767d18d57:c1341, c90dcfdf-5973-4b56-a955-1fc4555f10cb:c1341]
2019-09-19 11:26:01,538 [grpc-default-executor-6] INFO  client.GrpcClientProtocolClient (GrpcClientProtocolClient.java:onNext(264)) - client-D9B31DDCE961->18b22b39-7551-46dd-8464-dd74933c4739: receive RaftClientReply:client-D9B31DDCE961->18b22b39-7551-46dd-8464-dd74933c4739@group-597320EF17B3, cid=1035, SUCCESS, logIndex=0, commits[18b22b39-7551-46dd-8464-dd74933c4739:c1346, 76d6a15c-8eeb-4764-b555-ce8767d18d57:c1344, c90dcfdf-5973-4b56-a955-1fc4555f10cb:c1344]
2019-09-19 11:26:01,550 [grpc-default-executor-7] INFO  client.GrpcClientProtocolClient (GrpcClientProtocolClient.java:onNext(264)) - client-D9B31DDCE961->18b22b39-7551-46dd-8464-dd74933c4739: receive RaftClientReply:client-D9B31DDCE961->18b22b39-7551-46dd-8464-dd74933c4739@group-597320EF17B3, cid=1036, SUCCESS, logIndex=1347, commits[18b22b39-7551-46dd-8464-dd74933c4739:c1348, 76d6a15c-8eeb-4764-b555-ce8767d18d57:c1346, c90dcfdf-5973-4b56-a955-1fc4555f10cb:c1344]
2019-09-19 11:26:01,550 [grpc-default-executor-7] INFO  client.GrpcClientProtocolClient (GrpcClientProtocolClient.java:onNext(264)) - client-D9B31DDCE961->18b22b39-7551-46dd-8464-dd74933c4739: receive RaftClientReply:client-D9B31DDCE961->18b22b39-7551-46dd-8464-dd74933c4739@group-597320EF17B3, cid=1037, SUCCESS, logIndex=1348, commits[18b22b39-7551-46dd-8464-dd74933c4739:c1348, 76d6a15c-8eeb-4764-b555-ce8767d18d57:c1346, c90dcfdf-5973-4b56-a955-1fc4555f10cb:c1344]
2019-09-19 11:26:01,553 [grpc-default-executor-7] INFO  client.GrpcClientProtocolClient (GrpcClientProtocolClient.java:onNext(264)) - client-D9B31DDCE961->18b22b39-7551-46dd-8464-dd74933c4739: receive RaftClientReply:client-D9B31DDCE961->18b22b39-7551-46dd-8464-dd74933c4739@group-597320EF17B3, cid=1038, SUCCESS, logIndex=1349, commits[18b22b39-7551-46dd-8464-dd74933c4739:c1350, 76d6a15c-8eeb-4764-b555-ce8767d18d57:c1346, c90dcfdf-5973-4b56-a955-1fc4555f10cb:c1346]
2019-09-19 11:26:01,553 [grpc-default-executor-7] INFO  client.GrpcClientProtocolClient (GrpcClientProtocolClient.java:onNext(264)) - client-D9B31DDCE961->18b22b39-7551-46dd-8464-dd74933c4739: receive RaftClientReply:client-D9B31DDCE961->18b22b39-7551-46dd-8464-dd74933c4739@group-597320EF17B3, cid=1039, SUCCESS, logIndex=1350, commits[18b22b39-7551-46dd-8464-dd74933c4739:c1350, 76d6a15c-8eeb-4764-b555-ce8767d18d57:c1346, c90dcfdf-5973-4b56-a955-1fc4555f10cb:c1346]
2019-09-19 11:26:01,555 [grpc-default-executor-7] INFO  client.GrpcClientProtocolClient (GrpcClientProtocolClient.java:onNext(264)) - client-D9B31DDCE961->18b22b39-7551-46dd-8464-dd74933c4739: receive RaftClientReply:client-D9B31DDCE961->18b22b39-7551-46dd-8464-dd74933c4739@group-597320EF17B3, cid=1040, SUCCESS, logIndex=0, commits[18b22b39-7551-46dd-8464-dd74933c4739:c1352, 76d6a15c-8eeb-4764-b555-ce8767d18d57:c1348, c90dcfdf-5973-4b56-a955-1fc4555f10cb:c1348]
2019-09-19 11:26:01,565 [grpc-default-executor-7] INFO  client.GrpcClientProtocolClient (GrpcClientProtocolClient.java:onNext(264)) - client-D9B31DDCE961->18b22b39-7551-46dd-8464-dd74933c4739: receive RaftClientReply:client-D9B31DDCE961->18b22b39-7551-46dd-8464-dd74933c4739@group-597320EF17B3, cid=1041, SUCCESS, logIndex=1355, commits[18b22b39-7551-46dd-8464-dd74933c4739:c1356, 76d6a15c-8eeb-4764-b555-ce8767d18d57:c1350, c90dcfdf-5973-4b56-a955-1fc4555f10cb:c1354]
2019-09-19 11:26:01,565 [grpc-default-executor-7] INFO  client.GrpcClientProtocolClient (GrpcClientProtocolClient.java:onNext(264)) - client-D9B31DDCE961->18b22b39-7551-46dd-8464-dd74933c4739: receive RaftClientReply:client-D9B31DDCE961->18b22b39-7551-46dd-8464-dd74933c4739@group-597320EF17B3, cid=1042, SUCCESS, logIndex=1356, commits[18b22b39-7551-46dd-8464-dd74933c4739:c1356, 76d6a15c-8eeb-4764-b555-ce8767d18d57:c1354, c90dcfdf-5973-4b56-a955-1fc4555f10cb:c1354]
2019-09-19 11:26:01,576 [grpc-default-executor-3] INFO  client.GrpcClientProtocolClient (GrpcClientProtocolClient.java:onNext(264)) - client-D9B31DDCE961->18b22b39-7551-46dd-8464-dd74933c4739: receive RaftClientReply:client-D9B31DDCE961->18b22b39-7551-46dd-8464-dd74933c4739@group-597320EF17B3, cid=1043, SUCCESS, logIndex=1359, commits[18b22b39-7551-46dd-8464-dd74933c4739:c1360, 76d6a15c-8eeb-4764-b555-ce8767d18d57:c1357, c90dcfdf-5973-4b56-a955-1fc4555f10cb:c1356]
2019-09-19 11:26:01,576 [grpc-default-executor-3] INFO  client.GrpcClientProtocolClient (GrpcClientProtocolClient.java:onNext(264)) - client-D9B31DDCE961->18b22b39-7551-46dd-8464-dd74933c4739: receive RaftClientReply:client-D9B31DDCE961->18b22b39-7551-46dd-8464-dd74933c4739@group-597320EF17B3, cid=1044, SUCCESS, logIndex=1360, commits[18b22b39-7551-46dd-8464-dd74933c4739:c1360, 76d6a15c-8eeb-4764-b555-ce8767d18d57:c1357, c90dcfdf-5973-4b56-a955-1fc4555f10cb:c1357]
2019-09-19 11:26:01,579 [grpc-default-executor-3] INFO  client.GrpcClientProtocolClient (GrpcClientProtocolClient.java:onNext(264)) - client-D9B31DDCE961->18b22b39-7551-46dd-8464-dd74933c4739: receive RaftClientReply:client-D9B31DDCE961->18b22b39-7551-46dd-8464-dd74933c4739@group-597320EF17B3, cid=1045, SUCCESS, logIndex=0, commits[18b22b39-7551-46dd-8464-dd74933c4739:c1361, 76d6a15c-8eeb-4764-b555-ce8767d18d57:c1360, c90dcfdf-5973-4b56-a955-1fc4555f10cb:c1360]
2019-09-19 11:26:01,591 [grpc-default-executor-3] INFO  client.GrpcClientProtocolClient (GrpcClientProtocolClient.java:onNext(264)) - client-D9B31DDCE961->18b22b39-7551-46dd-8464-dd74933c4739: receive RaftClientReply:client-D9B31DDCE961->18b22b39-7551-46dd-8464-dd74933c4739@group-597320EF17B3, cid=1046, SUCCESS, logIndex=1363, commits[18b22b39-7551-46dd-8464-dd74933c4739:c1364, 76d6a15c-8eeb-4764-b555-ce8767d18d57:c1362, c90dcfdf-5973-4b56-a955-1fc4555f10cb:c1362]
2019-09-19 11:26:01,591 [grpc-default-executor-3] INFO  client.GrpcClientProtocolClient (GrpcClientProtocolClient.java:onNext(264)) - client-D9B31DDCE961->18b22b39-7551-46dd-8464-dd74933c4739: receive RaftClientReply:client-D9B31DDCE961->18b22b39-7551-46dd-8464-dd74933c4739@group-597320EF17B3, cid=1047, SUCCESS, logIndex=1364, commits[18b22b39-7551-46dd-8464-dd74933c4739:c1366, 76d6a15c-8eeb-4764-b555-ce8767d18d57:c1362, c90dcfdf-5973-4b56-a955-1fc4555f10cb:c1362]
2019-09-19 11:26:01,591 [grpc-default-executor-3] INFO  client.GrpcClientProtocolClient (GrpcClientProtocolClient.java:onNext(264)) - client-D9B31DDCE961->18b22b39-7551-46dd-8464-dd74933c4739: receive RaftClientReply:client-D9B31DDCE961->18b22b39-7551-46dd-8464-dd74933c4739@group-597320EF17B3, cid=1048, SUCCESS, logIndex=1365, commits[18b22b39-7551-46dd-8464-dd74933c4739:c1366, 76d6a15c-8eeb-4764-b555-ce8767d18d57:c1362, c90dcfdf-5973-4b56-a955-1fc4555f10cb:c1362]
2019-09-19 11:26:01,592 [grpc-default-executor-3] INFO  client.GrpcClientProtocolClient (GrpcClientProtocolClient.java:onNext(264)) - client-D9B31DDCE961->18b22b39-7551-46dd-8464-dd74933c4739: receive RaftClientReply:client-D9B31DDCE961->18b22b39-7551-46dd-8464-dd74933c4739@group-597320EF17B3, cid=1049, SUCCESS, logIndex=1366, commits[18b22b39-7551-46dd-8464-dd74933c4739:c1366, 76d6a15c-8eeb-4764-b555-ce8767d18d57:c1362, c90dcfdf-5973-4b56-a955-1fc4555f10cb:c1362]
2019-09-19 11:26:01,595 [grpc-default-executor-3] INFO  client.GrpcClientProtocolClient (GrpcClientProtocolClient.java:onNext(264)) - client-D9B31DDCE961->18b22b39-7551-46dd-8464-dd74933c4739: receive RaftClientReply:client-D9B31DDCE961->18b22b39-7551-46dd-8464-dd74933c4739@group-597320EF17B3, cid=1050, SUCCESS, logIndex=0, commits[18b22b39-7551-46dd-8464-dd74933c4739:c1367, 76d6a15c-8eeb-4764-b555-ce8767d18d57:c1364, c90dcfdf-5973-4b56-a955-1fc4555f10cb:c1364]
2019-09-19 11:26:01,604 [grpc-default-executor-3] INFO  client.GrpcClientProtocolClient (GrpcClientProtocolClient.java:onNext(264)) - client-D9B31DDCE961->18b22b39-7551-46dd-8464-dd74933c4739: receive RaftClientReply:client-D9B31DDCE961->18b22b39-7551-46dd-8464-dd74933c4739@group-597320EF17B3, cid=1051, SUCCESS, logIndex=1370, commits[18b22b39-7551-46dd-8464-dd74933c4739:c1371, 76d6a15c-8eeb-4764-b555-ce8767d18d57:c1366, c90dcfdf-5973-4b56-a955-1fc4555f10cb:c1369]
2019-09-19 11:26:01,604 [grpc-default-executor-3] INFO  client.GrpcClientProtocolClient (GrpcClientProtocolClient.java:onNext(264)) - client-D9B31DDCE961->18b22b39-7551-46dd-8464-dd74933c4739: receive RaftClientReply:client-D9B31DDCE961->18b22b39-7551-46dd-8464-dd74933c4739@group-597320EF17B3, cid=1052, SUCCESS, logIndex=1371, commits[18b22b39-7551-46dd-8464-dd74933c4739:c1371, 76d6a15c-8eeb-4764-b555-ce8767d18d57:c1369, c90dcfdf-5973-4b56-a955-1fc4555f10cb:c1369]
2019-09-19 11:26:01,614 [grpc-default-executor-3] INFO  client.GrpcClientProtocolClient (GrpcClientProtocolClient.java:onNext(264)) - client-D9B31DDCE961->18b22b39-7551-46dd-8464-dd74933c4739: receive RaftClientReply:client-D9B31DDCE961->18b22b39-7551-46dd-8464-dd74933c4739@group-597320EF17B3, cid=1053, SUCCESS, logIndex=1374, commits[18b22b39-7551-46dd-8464-dd74933c4739:c1375, 76d6a15c-8eeb-4764-b555-ce8767d18d57:c1372, c90dcfdf-5973-4b56-a955-1fc4555f10cb:c1371]
2019-09-19 11:26:01,615 [grpc-default-executor-3] INFO  client.GrpcClientProtocolClient (GrpcClientProtocolClient.java:onNext(264)) - client-D9B31DDCE961->18b22b39-7551-46dd-8464-dd74933c4739: receive RaftClientReply:client-D9B31DDCE961->18b22b39-7551-46dd-8464-dd74933c4739@group-597320EF17B3, cid=1054, SUCCESS, logIndex=1375, commits[18b22b39-7551-46dd-8464-dd74933c4739:c1375, 76d6a15c-8eeb-4764-b555-ce8767d18d57:c1372, c90dcfdf-5973-4b56-a955-1fc4555f10cb:c1372]
2019-09-19 11:26:01,617 [grpc-default-executor-3] INFO  client.GrpcClientProtocolClient (GrpcClientProtocolClient.java:onNext(264)) - client-D9B31DDCE961->18b22b39-7551-46dd-8464-dd74933c4739: receive RaftClientReply:client-D9B31DDCE961->18b22b39-7551-46dd-8464-dd74933c4739@group-597320EF17B3, cid=1055, SUCCESS, logIndex=0, commits[18b22b39-7551-46dd-8464-dd74933c4739:c1376, 76d6a15c-8eeb-4764-b555-ce8767d18d57:c1375, c90dcfdf-5973-4b56-a955-1fc4555f10cb:c1375]
2019-09-19 11:26:01,629 [grpc-default-executor-7] INFO  client.GrpcClientProtocolClient (GrpcClientProtocolClient.java:onNext(264)) - client-D9B31DDCE961->18b22b39-7551-46dd-8464-dd74933c4739: receive RaftClientReply:client-D9B31DDCE961->18b22b39-7551-46dd-8464-dd74933c4739@group-597320EF17B3, cid=1056, SUCCESS, logIndex=1378, commits[18b22b39-7551-46dd-8464-dd74933c4739:c1379, 76d6a15c-8eeb-4764-b555-ce8767d18d57:c1377, c90dcfdf-5973-4b56-a955-1fc4555f10cb:c1377]
2019-09-19 11:26:01,629 [grpc-default-executor-7] INFO  client.GrpcClientProtocolClient (GrpcClientProtocolClient.java:onNext(264)) - client-D9B31DDCE961->18b22b39-7551-46dd-8464-dd74933c4739: receive RaftClientReply:client-D9B31DDCE961->18b22b39-7551-46dd-8464-dd74933c4739@group-597320EF17B3, cid=1057, SUCCESS, logIndex=1379, commits[18b22b39-7551-46dd-8464-dd74933c4739:c1379, 76d6a15c-8eeb-4764-b555-ce8767d18d57:c1377, c90dcfdf-5973-4b56-a955-1fc4555f10cb:c1377]
2019-09-19 11:26:01,630 [grpc-default-executor-7] INFO  client.GrpcClientProtocolClient (GrpcClientProtocolClient.java:onNext(264)) - client-D9B31DDCE961->18b22b39-7551-46dd-8464-dd74933c4739: receive RaftClientReply:client-D9B31DDCE961->18b22b39-7551-46dd-8464-dd74933c4739@group-597320EF17B3, cid=1058, SUCCESS, logIndex=1380, commits[18b22b39-7551-46dd-8464-dd74933c4739:c1381, 76d6a15c-8eeb-4764-b555-ce8767d18d57:c1377, c90dcfdf-5973-4b56-a955-1fc4555f10cb:c1377]
2019-09-19 11:26:01,630 [grpc-default-executor-7] INFO  client.GrpcClientProtocolClient (GrpcClientProtocolClient.java:onNext(264)) - client-D9B31DDCE961->18b22b39-7551-46dd-8464-dd74933c4739: receive RaftClientReply:client-D9B31DDCE961->18b22b39-7551-46dd-8464-dd74933c4739@group-597320EF17B3, cid=1059, SUCCESS, logIndex=1381, commits[18b22b39-7551-46dd-8464-dd74933c4739:c1381, 76d6a15c-8eeb-4764-b555-ce8767d18d57:c1377, c90dcfdf-5973-4b56-a955-1fc4555f10cb:c1377]
2019-09-19 11:26:01,635 [grpc-default-executor-7] INFO  client.GrpcClientProtocolClient (GrpcClientProtocolClient.java:onNext(264)) - client-D9B31DDCE961->18b22b39-7551-46dd-8464-dd74933c4739: receive RaftClientReply:client-D9B31DDCE961->18b22b39-7551-46dd-8464-dd74933c4739@group-597320EF17B3, cid=1060, SUCCESS, logIndex=0, commits[18b22b39-7551-46dd-8464-dd74933c4739:c1383, 76d6a15c-8eeb-4764-b555-ce8767d18d57:c1379, c90dcfdf-5973-4b56-a955-1fc4555f10cb:c1379]
2019-09-19 11:26:01,645 [grpc-default-executor-7] INFO  client.GrpcClientProtocolClient (GrpcClientProtocolClient.java:onNext(264)) - client-D9B31DDCE961->18b22b39-7551-46dd-8464-dd74933c4739: receive RaftClientReply:client-D9B31DDCE961->18b22b39-7551-46dd-8464-dd74933c4739@group-597320EF17B3, cid=1061, SUCCESS, logIndex=1386, commits[18b22b39-7551-46dd-8464-dd74933c4739:c1387, 76d6a15c-8eeb-4764-b555-ce8767d18d57:c1385, c90dcfdf-5973-4b56-a955-1fc4555f10cb:c1381]
2019-09-19 11:26:01,645 [grpc-default-executor-7] INFO  client.GrpcClientProtocolClient (GrpcClientProtocolClient.java:onNext(264)) - client-D9B31DDCE961->18b22b39-7551-46dd-8464-dd74933c4739: receive RaftClientReply:client-D9B31DDCE961->18b22b39-7551-46dd-8464-dd74933c4739@group-597320EF17B3, cid=1062, SUCCESS, logIndex=1387, commits[18b22b39-7551-46dd-8464-dd74933c4739:c1387, 76d6a15c-8eeb-4764-b555-ce8767d18d57:c1385, c90dcfdf-5973-4b56-a955-1fc4555f10cb:c1381]
2019-09-19 11:26:01,674 [grpc-default-executor-7] INFO  client.GrpcClientProtocolClient (GrpcClientProtocolClient.java:onNext(264)) - client-D9B31DDCE961->18b22b39-7551-46dd-8464-dd74933c4739: receive RaftClientReply:client-D9B31DDCE961->18b22b39-7551-46dd-8464-dd74933c4739@group-597320EF17B3, cid=1063, SUCCESS, logIndex=1390, commits[18b22b39-7551-46dd-8464-dd74933c4739:c1391, 76d6a15c-8eeb-4764-b555-ce8767d18d57:c1387, c90dcfdf-5973-4b56-a955-1fc4555f10cb:c1387]
2019-09-19 11:26:01,674 [grpc-default-executor-7] INFO  client.GrpcClientProtocolClient (GrpcClientProtocolClient.java:onNext(264)) - client-D9B31DDCE961->18b22b39-7551-46dd-8464-dd74933c4739: receive RaftClientReply:client-D9B31DDCE961->18b22b39-7551-46dd-8464-dd74933c4739@group-597320EF17B3, cid=1064, SUCCESS, logIndex=1391, commits[18b22b39-7551-46dd-8464-dd74933c4739:c1391, 76d6a15c-8eeb-4764-b555-ce8767d18d57:c1387, c90dcfdf-5973-4b56-a955-1fc4555f10cb:c1387]
2019-09-19 11:26:01,676 [grpc-default-executor-7] INFO  client.GrpcClientProtocolClient (GrpcClientProtocolClient.java:onNext(264)) - client-D9B31DDCE961->18b22b39-7551-46dd-8464-dd74933c4739: receive RaftClientReply:client-D9B31DDCE961->18b22b39-7551-46dd-8464-dd74933c4739@group-597320EF17B3, cid=1065, SUCCESS, logIndex=0, commits[18b22b39-7551-46dd-8464-dd74933c4739:c1392, 76d6a15c-8eeb-4764-b555-ce8767d18d57:c1391, c90dcfdf-5973-4b56-a955-1fc4555f10cb:c1391]
2019-09-19 11:26:01,701 [grpc-default-executor-6] INFO  client.GrpcClientProtocolClient (GrpcClientProtocolClient.java:onNext(264)) - client-D9B31DDCE961->18b22b39-7551-46dd-8464-dd74933c4739: receive RaftClientReply:client-D9B31DDCE961->18b22b39-7551-46dd-8464-dd74933c4739@group-597320EF17B3, cid=1066, SUCCESS, logIndex=1394, commits[18b22b39-7551-46dd-8464-dd74933c4739:c1397, 76d6a15c-8eeb-4764-b555-ce8767d18d57:c1392, c90dcfdf-5973-4b56-a955-1fc4555f10cb:c1392]
2019-09-19 11:26:01,702 [grpc-default-executor-6] INFO  client.GrpcClientProtocolClient (GrpcClientProtocolClient.java:onNext(264)) - client-D9B31DDCE961->18b22b39-7551-46dd-8464-dd74933c4739: receive RaftClientReply:client-D9B31DDCE961->18b22b39-7551-46dd-8464-dd74933c4739@group-597320EF17B3, cid=1067, SUCCESS, logIndex=1395, commits[18b22b39-7551-46dd-8464-dd74933c4739:c1397, 76d6a15c-8eeb-4764-b555-ce8767d18d57:c1392, c90dcfdf-5973-4b56-a955-1fc4555f10cb:c1392]
2019-09-19 11:26:01,702 [grpc-default-executor-6] INFO  client.GrpcClientProtocolClient (GrpcClientProtocolClient.java:onNext(264)) - client-D9B31DDCE961->18b22b39-7551-46dd-8464-dd74933c4739: receive RaftClientReply:client-D9B31DDCE961->18b22b39-7551-46dd-8464-dd74933c4739@group-597320EF17B3, cid=1068, SUCCESS, logIndex=1396, commits[18b22b39-7551-46dd-8464-dd74933c4739:c1397, 76d6a15c-8eeb-4764-b555-ce8767d18d57:c1392, c90dcfdf-5973-4b56-a955-1fc4555f10cb:c1392]
2019-09-19 11:26:01,702 [grpc-default-executor-6] INFO  client.GrpcClientProtocolClient (GrpcClientProtocolClient.java:onNext(264)) - client-D9B31DDCE961->18b22b39-7551-46dd-8464-dd74933c4739: receive RaftClientReply:client-D9B31DDCE961->18b22b39-7551-46dd-8464-dd74933c4739@group-597320EF17B3, cid=1069, SUCCESS, logIndex=1397, commits[18b22b39-7551-46dd-8464-dd74933c4739:c1397, 76d6a15c-8eeb-4764-b555-ce8767d18d57:c1392, c90dcfdf-5973-4b56-a955-1fc4555f10cb:c1392]
2019-09-19 11:26:01,727 [grpc-default-executor-6] INFO  client.GrpcClientProtocolClient (GrpcClientProtocolClient.java:onNext(264)) - client-D9B31DDCE961->18b22b39-7551-46dd-8464-dd74933c4739: receive RaftClientReply:client-D9B31DDCE961->18b22b39-7551-46dd-8464-dd74933c4739@group-597320EF17B3, cid=1070, SUCCESS, logIndex=0, commits[18b22b39-7551-46dd-8464-dd74933c4739:c1399, 76d6a15c-8eeb-4764-b555-ce8767d18d57:c1397, c90dcfdf-5973-4b56-a955-1fc4555f10cb:c1397]
2019-09-19 11:26:01,747 [grpc-default-executor-1] INFO  client.GrpcClientProtocolClient (GrpcClientProtocolClient.java:onNext(264)) - client-D9B31DDCE961->18b22b39-7551-46dd-8464-dd74933c4739: receive RaftClientReply:client-D9B31DDCE961->18b22b39-7551-46dd-8464-dd74933c4739@group-597320EF17B3, cid=1071, SUCCESS, logIndex=1400, commits[18b22b39-7551-46dd-8464-dd74933c4739:c1401, 76d6a15c-8eeb-4764-b555-ce8767d18d57:c1399, c90dcfdf-5973-4b56-a955-1fc4555f10cb:c1399]
2019-09-19 11:26:01,748 [grpc-default-executor-1] INFO  client.GrpcClientProtocolClient (GrpcClientProtocolClient.java:onNext(264)) - client-D9B31DDCE961->18b22b39-7551-46dd-8464-dd74933c4739: receive RaftClientReply:client-D9B31DDCE961->18b22b39-7551-46dd-8464-dd74933c4739@group-597320EF17B3, cid=1072, SUCCESS, logIndex=1401, commits[18b22b39-7551-46dd-8464-dd74933c4739:c1401, 76d6a15c-8eeb-4764-b555-ce8767d18d57:c1399, c90dcfdf-5973-4b56-a955-1fc4555f10cb:c1399]
2019-09-19 11:26:01,761 [grpc-default-executor-6] INFO  client.GrpcClientProtocolClient (GrpcClientProtocolClient.java:onNext(264)) - client-D9B31DDCE961->18b22b39-7551-46dd-8464-dd74933c4739: receive RaftClientReply:client-D9B31DDCE961->18b22b39-7551-46dd-8464-dd74933c4739@group-597320EF17B3, cid=1073, SUCCESS, logIndex=1404, commits[18b22b39-7551-46dd-8464-dd74933c4739:c1405, 76d6a15c-8eeb-4764-b555-ce8767d18d57:c1401, c90dcfdf-5973-4b56-a955-1fc4555f10cb:c1401]
2019-09-19 11:26:01,761 [grpc-default-executor-6] INFO  client.GrpcClientProtocolClient (GrpcClientProtocolClient.java:onNext(264)) - client-D9B31DDCE961->18b22b39-7551-46dd-8464-dd74933c4739: receive RaftClientReply:client-D9B31DDCE961->18b22b39-7551-46dd-8464-dd74933c4739@group-597320EF17B3, cid=1074, SUCCESS, logIndex=1405, commits[18b22b39-7551-46dd-8464-dd74933c4739:c1405, 76d6a15c-8eeb-4764-b555-ce8767d18d57:c1401, c90dcfdf-5973-4b56-a955-1fc4555f10cb:c1401]
2019-09-19 11:26:01,775 [grpc-default-executor-6] INFO  client.GrpcClientProtocolClient (GrpcClientProtocolClient.java:onNext(264)) - client-D9B31DDCE961->18b22b39-7551-46dd-8464-dd74933c4739: receive RaftClientReply:client-D9B31DDCE961->18b22b39-7551-46dd-8464-dd74933c4739@group-597320EF17B3, cid=1075, SUCCESS, logIndex=0, commits[18b22b39-7551-46dd-8464-dd74933c4739:c1407, 76d6a15c-8eeb-4764-b555-ce8767d18d57:c1405, c90dcfdf-5973-4b56-a955-1fc4555f10cb:c1405]
2019-09-19 11:26:01,796 [grpc-default-executor-7] INFO  client.GrpcClientProtocolClient (GrpcClientProtocolClient.java:onNext(264)) - client-D9B31DDCE961->18b22b39-7551-46dd-8464-dd74933c4739: receive RaftClientReply:client-D9B31DDCE961->18b22b39-7551-46dd-8464-dd74933c4739@group-597320EF17B3, cid=1076, SUCCESS, logIndex=1408, commits[18b22b39-7551-46dd-8464-dd74933c4739:c1411, 76d6a15c-8eeb-4764-b555-ce8767d18d57:c1407, c90dcfdf-5973-4b56-a955-1fc4555f10cb:c1407]
2019-09-19 11:26:01,797 [grpc-default-executor-7] INFO  client.GrpcClientProtocolClient (GrpcClientProtocolClient.java:onNext(264)) - client-D9B31DDCE961->18b22b39-7551-46dd-8464-dd74933c4739: receive RaftClientReply:client-D9B31DDCE961->18b22b39-7551-46dd-8464-dd74933c4739@group-597320EF17B3, cid=1077, SUCCESS, logIndex=1409, commits[18b22b39-7551-46dd-8464-dd74933c4739:c1411, 76d6a15c-8eeb-4764-b555-ce8767d18d57:c1407, c90dcfdf-5973-4b56-a955-1fc4555f10cb:c1407]
2019-09-19 11:26:01,797 [grpc-default-executor-7] INFO  client.GrpcClientProtocolClient (GrpcClientProtocolClient.java:onNext(264)) - client-D9B31DDCE961->18b22b39-7551-46dd-8464-dd74933c4739: receive RaftClientReply:client-D9B31DDCE961->18b22b39-7551-46dd-8464-dd74933c4739@group-597320EF17B3, cid=1078, SUCCESS, logIndex=1410, commits[18b22b39-7551-46dd-8464-dd74933c4739:c1411, 76d6a15c-8eeb-4764-b555-ce8767d18d57:c1407, c90dcfdf-5973-4b56-a955-1fc4555f10cb:c1407]
2019-09-19 11:26:01,797 [grpc-default-executor-7] INFO  client.GrpcClientProtocolClient (GrpcClientProtocolClient.java:onNext(264)) - client-D9B31DDCE961->18b22b39-7551-46dd-8464-dd74933c4739: receive RaftClientReply:client-D9B31DDCE961->18b22b39-7551-46dd-8464-dd74933c4739@group-597320EF17B3, cid=1079, SUCCESS, logIndex=1411, commits[18b22b39-7551-46dd-8464-dd74933c4739:c1411, 76d6a15c-8eeb-4764-b555-ce8767d18d57:c1407, c90dcfdf-5973-4b56-a955-1fc4555f10cb:c1407]
2019-09-19 11:26:01,820 [grpc-default-executor-7] INFO  client.GrpcClientProtocolClient (GrpcClientProtocolClient.java:onNext(264)) - client-D9B31DDCE961->18b22b39-7551-46dd-8464-dd74933c4739: receive RaftClientReply:client-D9B31DDCE961->18b22b39-7551-46dd-8464-dd74933c4739@group-597320EF17B3, cid=1080, SUCCESS, logIndex=0, commits[18b22b39-7551-46dd-8464-dd74933c4739:c1412, 76d6a15c-8eeb-4764-b555-ce8767d18d57:c1409, c90dcfdf-5973-4b56-a955-1fc4555f10cb:c1409]
2019-09-19 11:26:01,839 [grpc-default-executor-6] INFO  client.GrpcClientProtocolClient (GrpcClientProtocolClient.java:onNext(264)) - client-D9B31DDCE961->18b22b39-7551-46dd-8464-dd74933c4739: receive RaftClientReply:client-D9B31DDCE961->18b22b39-7551-46dd-8464-dd74933c4739@group-597320EF17B3, cid=1081, SUCCESS, logIndex=1416, commits[18b22b39-7551-46dd-8464-dd74933c4739:c1417, 76d6a15c-8eeb-4764-b555-ce8767d18d57:c1415, c90dcfdf-5973-4b56-a955-1fc4555f10cb:c1415]
2019-09-19 11:26:01,839 [grpc-default-executor-6] INFO  client.GrpcClientProtocolClient (GrpcClientProtocolClient.java:onNext(264)) - client-D9B31DDCE961->18b22b39-7551-46dd-8464-dd74933c4739: receive RaftClientReply:client-D9B31DDCE961->18b22b39-7551-46dd-8464-dd74933c4739@group-597320EF17B3, cid=1082, SUCCESS, logIndex=1417, commits[18b22b39-7551-46dd-8464-dd74933c4739:c1417, 76d6a15c-8eeb-4764-b555-ce8767d18d57:c1415, c90dcfdf-5973-4b56-a955-1fc4555f10cb:c1415]
2019-09-19 11:26:01,865 [grpc-default-executor-6] INFO  client.GrpcClientProtocolClient (GrpcClientProtocolClient.java:onNext(264)) - client-D9B31DDCE961->18b22b39-7551-46dd-8464-dd74933c4739: receive RaftClientReply:client-D9B31DDCE961->18b22b39-7551-46dd-8464-dd74933c4739@group-597320EF17B3, cid=1083, SUCCESS, logIndex=1420, commits[18b22b39-7551-46dd-8464-dd74933c4739:c1421, 76d6a15c-8eeb-4764-b555-ce8767d18d57:c1417, c90dcfdf-5973-4b56-a955-1fc4555f10cb:c1417]
2019-09-19 11:26:01,865 [grpc-default-executor-6] INFO  client.GrpcClientProtocolClient (GrpcClientProtocolClient.java:onNext(264)) - client-D9B31DDCE961->18b22b39-7551-46dd-8464-dd74933c4739: receive RaftClientReply:client-D9B31DDCE961->18b22b39-7551-46dd-8464-dd74933c4739@group-597320EF17B3, cid=1084, SUCCESS, logIndex=1421, commits[18b22b39-7551-46dd-8464-dd74933c4739:c1421, 76d6a15c-8eeb-4764-b555-ce8767d18d57:c1417, c90dcfdf-5973-4b56-a955-1fc4555f10cb:c1417]
2019-09-19 11:26:01,884 [grpc-default-executor-7] INFO  client.GrpcClientProtocolClient (GrpcClientProtocolClient.java:onNext(264)) - client-D9B31DDCE961->18b22b39-7551-46dd-8464-dd74933c4739: receive RaftClientReply:client-D9B31DDCE961->18b22b39-7551-46dd-8464-dd74933c4739@group-597320EF17B3, cid=1085, SUCCESS, logIndex=0, commits[18b22b39-7551-46dd-8464-dd74933c4739:c1422, 76d6a15c-8eeb-4764-b555-ce8767d18d57:c1421, c90dcfdf-5973-4b56-a955-1fc4555f10cb:c1421]
2019-09-19 11:26:01,904 [grpc-default-executor-1] INFO  client.GrpcClientProtocolClient (GrpcClientProtocolClient.java:onNext(264)) - client-D9B31DDCE961->18b22b39-7551-46dd-8464-dd74933c4739: receive RaftClientReply:client-D9B31DDCE961->18b22b39-7551-46dd-8464-dd74933c4739@group-597320EF17B3, cid=1086, SUCCESS, logIndex=1424, commits[18b22b39-7551-46dd-8464-dd74933c4739:c1425, 76d6a15c-8eeb-4764-b555-ce8767d18d57:c1423, c90dcfdf-5973-4b56-a955-1fc4555f10cb:c1423]
2019-09-19 11:26:01,904 [grpc-default-executor-1] INFO  client.GrpcClientProtocolClient (GrpcClientProtocolClient.java:onNext(264)) - client-D9B31DDCE961->18b22b39-7551-46dd-8464-dd74933c4739: receive RaftClientReply:client-D9B31DDCE961->18b22b39-7551-46dd-8464-dd74933c4739@group-597320EF17B3, cid=1087, SUCCESS, logIndex=1425, commits[18b22b39-7551-46dd-8464-dd74933c4739:c1425, 76d6a15c-8eeb-4764-b555-ce8767d18d57:c1423, c90dcfdf-5973-4b56-a955-1fc4555f10cb:c1423]
 0.00% |█                                                                                                    |  0/1 Time: 0:00:062019-09-19 11:26:02,338 [grpc-default-executor-3] INFO  client.GrpcClientProtocolClient (GrpcClientProtocolClient.java:onNext(264)) - client-D9B31DDCE961->18b22b39-7551-46dd-8464-dd74933c4739: receive RaftClientReply:client-D9B31DDCE961->18b22b39-7551-46dd-8464-dd74933c4739@group-597320EF17B3, cid=1088, SUCCESS, logIndex=1426, commits[18b22b39-7551-46dd-8464-dd74933c4739:c1427, 76d6a15c-8eeb-4764-b555-ce8767d18d57:c1423, c90dcfdf-5973-4b56-a955-1fc4555f10cb:c1423]
2019-09-19 11:26:02,338 [grpc-default-executor-3] INFO  client.GrpcClientProtocolClient (GrpcClientProtocolClient.java:onNext(264)) - client-D9B31DDCE961->18b22b39-7551-46dd-8464-dd74933c4739: receive RaftClientReply:client-D9B31DDCE961->18b22b39-7551-46dd-8464-dd74933c4739@group-597320EF17B3, cid=1089, SUCCESS, logIndex=1427, commits[18b22b39-7551-46dd-8464-dd74933c4739:c1427, 76d6a15c-8eeb-4764-b555-ce8767d18d57:c1423, c90dcfdf-5973-4b56-a955-1fc4555f10cb:c1423]
2019-09-19 11:26:02,350 [grpc-default-executor-3] INFO  client.GrpcClientProtocolClient (GrpcClientProtocolClient.java:onNext(264)) - client-D9B31DDCE961->18b22b39-7551-46dd-8464-dd74933c4739: receive RaftClientReply:client-D9B31DDCE961->18b22b39-7551-46dd-8464-dd74933c4739@group-597320EF17B3, cid=1090, SUCCESS, logIndex=0, commits[18b22b39-7551-46dd-8464-dd74933c4739:c1429, 76d6a15c-8eeb-4764-b555-ce8767d18d57:c1425, c90dcfdf-5973-4b56-a955-1fc4555f10cb:c1425]
2019-09-19 11:26:02,364 [grpc-default-executor-3] INFO  client.GrpcClientProtocolClient (GrpcClientProtocolClient.java:onNext(264)) - client-D9B31DDCE961->18b22b39-7551-46dd-8464-dd74933c4739: receive RaftClientReply:client-D9B31DDCE961->18b22b39-7551-46dd-8464-dd74933c4739@group-597320EF17B3, cid=1091, SUCCESS, logIndex=1432, commits[18b22b39-7551-46dd-8464-dd74933c4739:c1433, 76d6a15c-8eeb-4764-b555-ce8767d18d57:c1429, c90dcfdf-5973-4b56-a955-1fc4555f10cb:c1429]
2019-09-19 11:26:02,365 [grpc-default-executor-3] INFO  client.GrpcClientProtocolClient (GrpcClientProtocolClient.java:onNext(264)) - client-D9B31DDCE961->18b22b39-7551-46dd-8464-dd74933c4739: receive RaftClientReply:client-D9B31DDCE961->18b22b39-7551-46dd-8464-dd74933c4739@group-597320EF17B3, cid=1092, SUCCESS, logIndex=1433, commits[18b22b39-7551-46dd-8464-dd74933c4739:c1433, 76d6a15c-8eeb-4764-b555-ce8767d18d57:c1429, c90dcfdf-5973-4b56-a955-1fc4555f10cb:c1429]
2019-09-19 11:26:02,503 [grpc-default-executor-1] INFO  client.GrpcClientProtocolClient (GrpcClientProtocolClient.java:onNext(264)) - client-D9B31DDCE961->18b22b39-7551-46dd-8464-dd74933c4739: receive RaftClientReply:client-D9B31DDCE961->18b22b39-7551-46dd-8464-dd74933c4739@group-597320EF17B3, cid=1093, SUCCESS, logIndex=1436, commits[18b22b39-7551-46dd-8464-dd74933c4739:c1437, 76d6a15c-8eeb-4764-b555-ce8767d18d57:c1433, c90dcfdf-5973-4b56-a955-1fc4555f10cb:c1433]
2019-09-19 11:26:02,503 [grpc-default-executor-1] INFO  client.GrpcClientProtocolClient (GrpcClientProtocolClient.java:onNext(264)) - client-D9B31DDCE961->18b22b39-7551-46dd-8464-dd74933c4739: receive RaftClientReply:client-D9B31DDCE961->18b22b39-7551-46dd-8464-dd74933c4739@group-597320EF17B3, cid=1094, SUCCESS, logIndex=1437, commits[18b22b39-7551-46dd-8464-dd74933c4739:c1437, 76d6a15c-8eeb-4764-b555-ce8767d18d57:c1433, c90dcfdf-5973-4b56-a955-1fc4555f10cb:c1433]
2019-09-19 11:26:02,516 [grpc-default-executor-1] INFO  client.GrpcClientProtocolClient (GrpcClientProtocolClient.java:onNext(264)) - client-D9B31DDCE961->18b22b39-7551-46dd-8464-dd74933c4739: receive RaftClientReply:client-D9B31DDCE961->18b22b39-7551-46dd-8464-dd74933c4739@group-597320EF17B3, cid=1095, SUCCESS, logIndex=0, commits[18b22b39-7551-46dd-8464-dd74933c4739:c1439, 76d6a15c-8eeb-4764-b555-ce8767d18d57:c1437, c90dcfdf-5973-4b56-a955-1fc4555f10cb:c1437]
2019-09-19 11:26:02,537 [grpc-default-executor-3] INFO  client.GrpcClientProtocolClient (GrpcClientProtocolClient.java:onNext(264)) - client-D9B31DDCE961->18b22b39-7551-46dd-8464-dd74933c4739: receive RaftClientReply:client-D9B31DDCE961->18b22b39-7551-46dd-8464-dd74933c4739@group-597320EF17B3, cid=1096, SUCCESS, logIndex=1440, commits[18b22b39-7551-46dd-8464-dd74933c4739:c1441, 76d6a15c-8eeb-4764-b555-ce8767d18d57:c1439, c90dcfdf-5973-4b56-a955-1fc4555f10cb:c1439]
2019-09-19 11:26:02,537 [grpc-default-executor-3] INFO  client.GrpcClientProtocolClient (GrpcClientProtocolClient.java:onNext(264)) - client-D9B31DDCE961->18b22b39-7551-46dd-8464-dd74933c4739: receive RaftClientReply:client-D9B31DDCE961->18b22b39-7551-46dd-8464-dd74933c4739@group-597320EF17B3, cid=1097, SUCCESS, logIndex=1441, commits[18b22b39-7551-46dd-8464-dd74933c4739:c1441, 76d6a15c-8eeb-4764-b555-ce8767d18d57:c1439, c90dcfdf-5973-4b56-a955-1fc4555f10cb:c1439]
2019-09-19 11:26:02,549 [grpc-default-executor-3] INFO  client.GrpcClientProtocolClient (GrpcClientProtocolClient.java:onNext(264)) - client-D9B31DDCE961->18b22b39-7551-46dd-8464-dd74933c4739: receive RaftClientReply:client-D9B31DDCE961->18b22b39-7551-46dd-8464-dd74933c4739@group-597320EF17B3, cid=1098, SUCCESS, logIndex=1442, commits[18b22b39-7551-46dd-8464-dd74933c4739:c1443, 76d6a15c-8eeb-4764-b555-ce8767d18d57:c1439, c90dcfdf-5973-4b56-a955-1fc4555f10cb:c1439]
2019-09-19 11:26:02,550 [grpc-default-executor-3] INFO  client.GrpcClientProtocolClient (GrpcClientProtocolClient.java:onNext(264)) - client-D9B31DDCE961->18b22b39-7551-46dd-8464-dd74933c4739: receive RaftClientReply:client-D9B31DDCE961->18b22b39-7551-46dd-8464-dd74933c4739@group-597320EF17B3, cid=1099, SUCCESS, logIndex=1443, commits[18b22b39-7551-46dd-8464-dd74933c4739:c1443, 76d6a15c-8eeb-4764-b555-ce8767d18d57:c1439, c90dcfdf-5973-4b56-a955-1fc4555f10cb:c1439]
2019-09-19 11:26:02,563 [grpc-default-executor-3] INFO  client.GrpcClientProtocolClient (GrpcClientProtocolClient.java:onNext(264)) - client-D9B31DDCE961->18b22b39-7551-46dd-8464-dd74933c4739: receive RaftClientReply:client-D9B31DDCE961->18b22b39-7551-46dd-8464-dd74933c4739@group-597320EF17B3, cid=1100, SUCCESS, logIndex=0, commits[18b22b39-7551-46dd-8464-dd74933c4739:c1444, 76d6a15c-8eeb-4764-b555-ce8767d18d57:c1441, c90dcfdf-5973-4b56-a955-1fc4555f10cb:c1441]
2019-09-19 11:26:02,583 [grpc-default-executor-6] INFO  client.GrpcClientProtocolClient (GrpcClientProtocolClient.java:onNext(264)) - client-D9B31DDCE961->18b22b39-7551-46dd-8464-dd74933c4739: receive RaftClientReply:client-D9B31DDCE961->18b22b39-7551-46dd-8464-dd74933c4739@group-597320EF17B3, cid=1101, SUCCESS, logIndex=1448, commits[18b22b39-7551-46dd-8464-dd74933c4739:c1449, 76d6a15c-8eeb-4764-b555-ce8767d18d57:c1447, c90dcfdf-5973-4b56-a955-1fc4555f10cb:c1447]
2019-09-19 11:26:02,584 [grpc-default-executor-6] INFO  client.GrpcClientProtocolClient (GrpcClientProtocolClient.java:onNext(264)) - client-D9B31DDCE961->18b22b39-7551-46dd-8464-dd74933c4739: receive RaftClientReply:client-D9B31DDCE961->18b22b39-7551-46dd-8464-dd74933c4739@group-597320EF17B3, cid=1102, SUCCESS, logIndex=1449, commits[18b22b39-7551-46dd-8464-dd74933c4739:c1449, 76d6a15c-8eeb-4764-b555-ce8767d18d57:c1447, c90dcfdf-5973-4b56-a955-1fc4555f10cb:c1447]
2019-09-19 11:26:02,605 [grpc-default-executor-3] INFO  client.GrpcClientProtocolClient (GrpcClientProtocolClient.java:onNext(264)) - client-D9B31DDCE961->18b22b39-7551-46dd-8464-dd74933c4739: receive RaftClientReply:client-D9B31DDCE961->18b22b39-7551-46dd-8464-dd74933c4739@group-597320EF17B3, cid=1103, SUCCESS, logIndex=1452, commits[18b22b39-7551-46dd-8464-dd74933c4739:c1453, 76d6a15c-8eeb-4764-b555-ce8767d18d57:c1449, c90dcfdf-5973-4b56-a955-1fc4555f10cb:c1449]
2019-09-19 11:26:02,606 [grpc-default-executor-3] INFO  client.GrpcClientProtocolClient (GrpcClientProtocolClient.java:onNext(264)) - client-D9B31DDCE961->18b22b39-7551-46dd-8464-dd74933c4739: receive RaftClientReply:client-D9B31DDCE961->18b22b39-7551-46dd-8464-dd74933c4739@group-597320EF17B3, cid=1104, SUCCESS, logIndex=1453, commits[18b22b39-7551-46dd-8464-dd74933c4739:c1453, 76d6a15c-8eeb-4764-b555-ce8767d18d57:c1449, c90dcfdf-5973-4b56-a955-1fc4555f10cb:c1449]
2019-09-19 11:26:02,619 [grpc-default-executor-1] INFO  client.GrpcClientProtocolClient (GrpcClientProtocolClient.java:onNext(264)) - client-D9B31DDCE961->18b22b39-7551-46dd-8464-dd74933c4739: receive RaftClientReply:client-D9B31DDCE961->18b22b39-7551-46dd-8464-dd74933c4739@group-597320EF17B3, cid=1105, SUCCESS, logIndex=0, commits[18b22b39-7551-46dd-8464-dd74933c4739:c1455, 76d6a15c-8eeb-4764-b555-ce8767d18d57:c1453, c90dcfdf-5973-4b56-a955-1fc4555f10cb:c1453]
2019-09-19 11:26:02,637 [grpc-default-executor-1] INFO  client.GrpcClientProtocolClient (GrpcClientProtocolClient.java:onNext(264)) - client-D9B31DDCE961->18b22b39-7551-46dd-8464-dd74933c4739: receive RaftClientReply:client-D9B31DDCE961->18b22b39-7551-46dd-8464-dd74933c4739@group-597320EF17B3, cid=1106, SUCCESS, logIndex=1456, commits[18b22b39-7551-46dd-8464-dd74933c4739:c1457, 76d6a15c-8eeb-4764-b555-ce8767d18d57:c1455, c90dcfdf-5973-4b56-a955-1fc4555f10cb:c1455]
2019-09-19 11:26:02,638 [grpc-default-executor-6] INFO  client.GrpcClientProtocolClient (GrpcClientProtocolClient.java:onNext(264)) - client-D9B31DDCE961->18b22b39-7551-46dd-8464-dd74933c4739: receive RaftClientReply:client-D9B31DDCE961->18b22b39-7551-46dd-8464-dd74933c4739@group-597320EF17B3, cid=1107, SUCCESS, logIndex=1457, commits[18b22b39-7551-46dd-8464-dd74933c4739:c1457, 76d6a15c-8eeb-4764-b555-ce8767d18d57:c1455, c90dcfdf-5973-4b56-a955-1fc4555f10cb:c1455]
2019-09-19 11:26:02,638 [grpc-default-executor-6] INFO  client.GrpcClientProtocolClient (GrpcClientProtocolClient.java:onNext(264)) - client-D9B31DDCE961->18b22b39-7551-46dd-8464-dd74933c4739: receive RaftClientReply:client-D9B31DDCE961->18b22b39-7551-46dd-8464-dd74933c4739@group-597320EF17B3, cid=1108, SUCCESS, logIndex=1458, commits[18b22b39-7551-46dd-8464-dd74933c4739:c1459, 76d6a15c-8eeb-4764-b555-ce8767d18d57:c1455, c90dcfdf-5973-4b56-a955-1fc4555f10cb:c1455]
2019-09-19 11:26:02,639 [grpc-default-executor-6] INFO  client.GrpcClientProtocolClient (GrpcClientProtocolClient.java:onNext(264)) - client-D9B31DDCE961->18b22b39-7551-46dd-8464-dd74933c4739: receive RaftClientReply:client-D9B31DDCE961->18b22b39-7551-46dd-8464-dd74933c4739@group-597320EF17B3, cid=1109, SUCCESS, logIndex=1459, commits[18b22b39-7551-46dd-8464-dd74933c4739:c1459, 76d6a15c-8eeb-4764-b555-ce8767d18d57:c1455, c90dcfdf-5973-4b56-a955-1fc4555f10cb:c1455]
2019-09-19 11:26:02,639 [grpc-default-executor-1] INFO  client.GrpcClientProtocolClient (GrpcClientProtocolClient.java:onNext(264)) - client-D9B31DDCE961->18b22b39-7551-46dd-8464-dd74933c4739: receive RaftClientReply:client-D9B31DDCE961->18b22b39-7551-46dd-8464-dd74933c4739@group-597320EF17B3, cid=1110, SUCCESS, logIndex=0, commits[18b22b39-7551-46dd-8464-dd74933c4739:c1460, 76d6a15c-8eeb-4764-b555-ce8767d18d57:c1457, c90dcfdf-5973-4b56-a955-1fc4555f10cb:c1457]
2019-09-19 11:26:02,659 [grpc-default-executor-3] INFO  client.GrpcClientProtocolClient (GrpcClientProtocolClient.java:onNext(264)) - client-D9B31DDCE961->18b22b39-7551-46dd-8464-dd74933c4739: receive RaftClientReply:client-D9B31DDCE961->18b22b39-7551-46dd-8464-dd74933c4739@group-597320EF17B3, cid=1111, SUCCESS, logIndex=1464, commits[18b22b39-7551-46dd-8464-dd74933c4739:c1465, 76d6a15c-8eeb-4764-b555-ce8767d18d57:c1463, c90dcfdf-5973-4b56-a955-1fc4555f10cb:c1463]
2019-09-19 11:26:02,659 [grpc-default-executor-3] INFO  client.GrpcClientProtocolClient (GrpcClientProtocolClient.java:onNext(264)) - client-D9B31DDCE961->18b22b39-7551-46dd-8464-dd74933c4739: receive RaftClientReply:client-D9B31DDCE961->18b22b39-7551-46dd-8464-dd74933c4739@group-597320EF17B3, cid=1112, SUCCESS, logIndex=1465, commits[18b22b39-7551-46dd-8464-dd74933c4739:c1465, 76d6a15c-8eeb-4764-b555-ce8767d18d57:c1463, c90dcfdf-5973-4b56-a955-1fc4555f10cb:c1463]
2019-09-19 11:26:02,691 [grpc-default-executor-3] INFO  client.GrpcClientProtocolClient (GrpcClientProtocolClient.java:onNext(264)) - client-D9B31DDCE961->18b22b39-7551-46dd-8464-dd74933c4739: receive RaftClientReply:client-D9B31DDCE961->18b22b39-7551-46dd-8464-dd74933c4739@group-597320EF17B3, cid=1113, SUCCESS, logIndex=1468, commits[18b22b39-7551-46dd-8464-dd74933c4739:c1469, 76d6a15c-8eeb-4764-b555-ce8767d18d57:c1465, c90dcfdf-5973-4b56-a955-1fc4555f10cb:c1465]
2019-09-19 11:26:02,692 [grpc-default-executor-3] INFO  client.GrpcClientProtocolClient (GrpcClientProtocolClient.java:onNext(264)) - client-D9B31DDCE961->18b22b39-7551-46dd-8464-dd74933c4739: receive RaftClientReply:client-D9B31DDCE961->18b22b39-7551-46dd-8464-dd74933c4739@group-597320EF17B3, cid=1114, SUCCESS, logIndex=1469, commits[18b22b39-7551-46dd-8464-dd74933c4739:c1469, 76d6a15c-8eeb-4764-b555-ce8767d18d57:c1465, c90dcfdf-5973-4b56-a955-1fc4555f10cb:c1465]
2019-09-19 11:26:02,712 [grpc-default-executor-3] INFO  client.GrpcClientProtocolClient (GrpcClientProtocolClient.java:onNext(264)) - client-D9B31DDCE961->18b22b39-7551-46dd-8464-dd74933c4739: receive RaftClientReply:client-D9B31DDCE961->18b22b39-7551-46dd-8464-dd74933c4739@group-597320EF17B3, cid=1115, SUCCESS, logIndex=0, commits[18b22b39-7551-46dd-8464-dd74933c4739:c1471, 76d6a15c-8eeb-4764-b555-ce8767d18d57:c1469, c90dcfdf-5973-4b56-a955-1fc4555f10cb:c1469]
2019-09-19 11:26:02,730 [grpc-default-executor-6] INFO  client.GrpcClientProtocolClient (GrpcClientProtocolClient.java:onNext(264)) - client-D9B31DDCE961->18b22b39-7551-46dd-8464-dd74933c4739: receive RaftClientReply:client-D9B31DDCE961->18b22b39-7551-46dd-8464-dd74933c4739@group-597320EF17B3, cid=1116, SUCCESS, logIndex=1472, commits[18b22b39-7551-46dd-8464-dd74933c4739:c1473, 76d6a15c-8eeb-4764-b555-ce8767d18d57:c1471, c90dcfdf-5973-4b56-a955-1fc4555f10cb:c1471]
2019-09-19 11:26:02,731 [grpc-default-executor-6] INFO  client.GrpcClientProtocolClient (GrpcClientProtocolClient.java:onNext(264)) - client-D9B31DDCE961->18b22b39-7551-46dd-8464-dd74933c4739: receive RaftClientReply:client-D9B31DDCE961->18b22b39-7551-46dd-8464-dd74933c4739@group-597320EF17B3, cid=1117, SUCCESS, logIndex=1473, commits[18b22b39-7551-46dd-8464-dd74933c4739:c1473, 76d6a15c-8eeb-4764-b555-ce8767d18d57:c1471, c90dcfdf-5973-4b56-a955-1fc4555f10cb:c1471]
2019-09-19 11:26:02,741 [grpc-default-executor-6] INFO  client.GrpcClientProtocolClient (GrpcClientProtocolClient.java:onNext(264)) - client-D9B31DDCE961->18b22b39-7551-46dd-8464-dd74933c4739: receive RaftClientReply:client-D9B31DDCE961->18b22b39-7551-46dd-8464-dd74933c4739@group-597320EF17B3, cid=1118, SUCCESS, logIndex=1474, commits[18b22b39-7551-46dd-8464-dd74933c4739:c1475, 76d6a15c-8eeb-4764-b555-ce8767d18d57:c1471, c90dcfdf-5973-4b56-a955-1fc4555f10cb:c1471]
2019-09-19 11:26:02,741 [grpc-default-executor-6] INFO  client.GrpcClientProtocolClient (GrpcClientProtocolClient.java:onNext(264)) - client-D9B31DDCE961->18b22b39-7551-46dd-8464-dd74933c4739: receive RaftClientReply:client-D9B31DDCE961->18b22b39-7551-46dd-8464-dd74933c4739@group-597320EF17B3, cid=1119, SUCCESS, logIndex=1475, commits[18b22b39-7551-46dd-8464-dd74933c4739:c1475, 76d6a15c-8eeb-4764-b555-ce8767d18d57:c1471, c90dcfdf-5973-4b56-a955-1fc4555f10cb:c1471]
2019-09-19 11:26:02,762 [grpc-default-executor-6] INFO  client.GrpcClientProtocolClient (GrpcClientProtocolClient.java:onNext(264)) - client-D9B31DDCE961->18b22b39-7551-46dd-8464-dd74933c4739: receive RaftClientReply:client-D9B31DDCE961->18b22b39-7551-46dd-8464-dd74933c4739@group-597320EF17B3, cid=1120, SUCCESS, logIndex=0, commits[18b22b39-7551-46dd-8464-dd74933c4739:c1477, 76d6a15c-8eeb-4764-b555-ce8767d18d57:c1473, c90dcfdf-5973-4b56-a955-1fc4555f10cb:c1473]
2019-09-19 11:26:02,798 [grpc-default-executor-3] INFO  client.GrpcClientProtocolClient (GrpcClientProtocolClient.java:onNext(264)) - client-D9B31DDCE961->18b22b39-7551-46dd-8464-dd74933c4739: receive RaftClientReply:client-D9B31DDCE961->18b22b39-7551-46dd-8464-dd74933c4739@group-597320EF17B3, cid=1121, SUCCESS, logIndex=1480, commits[18b22b39-7551-46dd-8464-dd74933c4739:c1481, 76d6a15c-8eeb-4764-b555-ce8767d18d57:c1473, c90dcfdf-5973-4b56-a955-1fc4555f10cb:c1479]
2019-09-19 11:26:02,798 [grpc-default-executor-3] INFO  client.GrpcClientProtocolClient (GrpcClientProtocolClient.java:onNext(264)) - client-D9B31DDCE961->18b22b39-7551-46dd-8464-dd74933c4739: receive RaftClientReply:client-D9B31DDCE961->18b22b39-7551-46dd-8464-dd74933c4739@group-597320EF17B3, cid=1122, SUCCESS, logIndex=1481, commits[18b22b39-7551-46dd-8464-dd74933c4739:c1481, 76d6a15c-8eeb-4764-b555-ce8767d18d57:c1479, c90dcfdf-5973-4b56-a955-1fc4555f10cb:c1479]
2019-09-19 11:26:02,815 [grpc-default-executor-3] INFO  client.GrpcClientProtocolClient (GrpcClientProtocolClient.java:onNext(264)) - client-D9B31DDCE961->18b22b39-7551-46dd-8464-dd74933c4739: receive RaftClientReply:client-D9B31DDCE961->18b22b39-7551-46dd-8464-dd74933c4739@group-597320EF17B3, cid=1123, SUCCESS, logIndex=1484, commits[18b22b39-7551-46dd-8464-dd74933c4739:c1485, 76d6a15c-8eeb-4764-b555-ce8767d18d57:c1482, c90dcfdf-5973-4b56-a955-1fc4555f10cb:c1482]
2019-09-19 11:26:02,816 [grpc-default-executor-3] INFO  client.GrpcClientProtocolClient (GrpcClientProtocolClient.java:onNext(264)) - client-D9B31DDCE961->18b22b39-7551-46dd-8464-dd74933c4739: receive RaftClientReply:client-D9B31DDCE961->18b22b39-7551-46dd-8464-dd74933c4739@group-597320EF17B3, cid=1124, SUCCESS, logIndex=1485, commits[18b22b39-7551-46dd-8464-dd74933c4739:c1485, 76d6a15c-8eeb-4764-b555-ce8767d18d57:c1482, c90dcfdf-5973-4b56-a955-1fc4555f10cb:c1482]
2019-09-19 11:26:02,828 [grpc-default-executor-6] INFO  client.GrpcClientProtocolClient (GrpcClientProtocolClient.java:onNext(264)) - client-D9B31DDCE961->18b22b39-7551-46dd-8464-dd74933c4739: receive RaftClientReply:client-D9B31DDCE961->18b22b39-7551-46dd-8464-dd74933c4739@group-597320EF17B3, cid=1125, SUCCESS, logIndex=0, commits[18b22b39-7551-46dd-8464-dd74933c4739:c1486, 76d6a15c-8eeb-4764-b555-ce8767d18d57:c1485, c90dcfdf-5973-4b56-a955-1fc4555f10cb:c1485]
2019-09-19 11:26:02,849 [grpc-default-executor-6] INFO  client.GrpcClientProtocolClient (GrpcClientProtocolClient.java:onNext(264)) - client-D9B31DDCE961->18b22b39-7551-46dd-8464-dd74933c4739: receive RaftClientReply:client-D9B31DDCE961->18b22b39-7551-46dd-8464-dd74933c4739@group-597320EF17B3, cid=1126, SUCCESS, logIndex=1488, commits[18b22b39-7551-46dd-8464-dd74933c4739:c1489, 76d6a15c-8eeb-4764-b555-ce8767d18d57:c1487, c90dcfdf-5973-4b56-a955-1fc4555f10cb:c1487]
2019-09-19 11:26:02,849 [grpc-default-executor-6] INFO  client.GrpcClientProtocolClient (GrpcClientProtocolClient.java:onNext(264)) - client-D9B31DDCE961->18b22b39-7551-46dd-8464-dd74933c4739: receive RaftClientReply:client-D9B31DDCE961->18b22b39-7551-46dd-8464-dd74933c4739@group-597320EF17B3, cid=1127, SUCCESS, logIndex=1489, commits[18b22b39-7551-46dd-8464-dd74933c4739:c1489, 76d6a15c-8eeb-4764-b555-ce8767d18d57:c1487, c90dcfdf-5973-4b56-a955-1fc4555f10cb:c1487]
2019-09-19 11:26:02,850 [grpc-default-executor-3] INFO  client.GrpcClientProtocolClient (GrpcClientProtocolClient.java:onNext(264)) - client-D9B31DDCE961->18b22b39-7551-46dd-8464-dd74933c4739: receive RaftClientReply:client-D9B31DDCE961->18b22b39-7551-46dd-8464-dd74933c4739@group-597320EF17B3, cid=1128, SUCCESS, logIndex=1490, commits[18b22b39-7551-46dd-8464-dd74933c4739:c1490, 76d6a15c-8eeb-4764-b555-ce8767d18d57:c1487, c90dcfdf-5973-4b56-a955-1fc4555f10cb:c1487]
2019-09-19 11:26:02,850 [grpc-default-executor-3] INFO  client.GrpcClientProtocolClient (GrpcClientProtocolClient.java:onNext(264)) - client-D9B31DDCE961->18b22b39-7551-46dd-8464-dd74933c4739: receive RaftClientReply:client-D9B31DDCE961->18b22b39-7551-46dd-8464-dd74933c4739@group-597320EF17B3, cid=1129, SUCCESS, logIndex=1491, commits[18b22b39-7551-46dd-8464-dd74933c4739:c1491, 76d6a15c-8eeb-4764-b555-ce8767d18d57:c1487, c90dcfdf-5973-4b56-a955-1fc4555f10cb:c1487]
2019-09-19 11:26:02,851 [grpc-default-executor-6] INFO  client.GrpcClientProtocolClient (GrpcClientProtocolClient.java:onNext(264)) - client-D9B31DDCE961->18b22b39-7551-46dd-8464-dd74933c4739: receive RaftClientReply:client-D9B31DDCE961->18b22b39-7551-46dd-8464-dd74933c4739@group-597320EF17B3, cid=1130, SUCCESS, logIndex=0, commits[18b22b39-7551-46dd-8464-dd74933c4739:c1492, 76d6a15c-8eeb-4764-b555-ce8767d18d57:c1489, c90dcfdf-5973-4b56-a955-1fc4555f10cb:c1489]
2019-09-19 11:26:02,867 [grpc-default-executor-6] INFO  client.GrpcClientProtocolClient (GrpcClientProtocolClient.java:onNext(264)) - client-D9B31DDCE961->18b22b39-7551-46dd-8464-dd74933c4739: receive RaftClientReply:client-D9B31DDCE961->18b22b39-7551-46dd-8464-dd74933c4739@group-597320EF17B3, cid=1131, SUCCESS, logIndex=1496, commits[18b22b39-7551-46dd-8464-dd74933c4739:c1497, 76d6a15c-8eeb-4764-b555-ce8767d18d57:c1494, c90dcfdf-5973-4b56-a955-1fc4555f10cb:c1494]
2019-09-19 11:26:02,867 [grpc-default-executor-6] INFO  client.GrpcClientProtocolClient (GrpcClientProtocolClient.java:onNext(264)) - client-D9B31DDCE961->18b22b39-7551-46dd-8464-dd74933c4739: receive RaftClientReply:client-D9B31DDCE961->18b22b39-7551-46dd-8464-dd74933c4739@group-597320EF17B3, cid=1132, SUCCESS, logIndex=1497, commits[18b22b39-7551-46dd-8464-dd74933c4739:c1497, 76d6a15c-8eeb-4764-b555-ce8767d18d57:c1494, c90dcfdf-5973-4b56-a955-1fc4555f10cb:c1494]
2019-09-19 11:26:02,891 [grpc-default-executor-6] INFO  client.GrpcClientProtocolClient (GrpcClientProtocolClient.java:onNext(264)) - client-D9B31DDCE961->18b22b39-7551-46dd-8464-dd74933c4739: receive RaftClientReply:client-D9B31DDCE961->18b22b39-7551-46dd-8464-dd74933c4739@group-597320EF17B3, cid=1133, SUCCESS, logIndex=1500, commits[18b22b39-7551-46dd-8464-dd74933c4739:c1501, 76d6a15c-8eeb-4764-b555-ce8767d18d57:c1499, c90dcfdf-5973-4b56-a955-1fc4555f10cb:c1497]
2019-09-19 11:26:02,892 [grpc-default-executor-6] INFO  client.GrpcClientProtocolClient (GrpcClientProtocolClient.java:onNext(264)) - client-D9B31DDCE961->18b22b39-7551-46dd-8464-dd74933c4739: receive RaftClientReply:client-D9B31DDCE961->18b22b39-7551-46dd-8464-dd74933c4739@group-597320EF17B3, cid=1134, SUCCESS, logIndex=1501, commits[18b22b39-7551-46dd-8464-dd74933c4739:c1501, 76d6a15c-8eeb-4764-b555-ce8767d18d57:c1499, c90dcfdf-5973-4b56-a955-1fc4555f10cb:c1499]
2019-09-19 11:26:02,916 [grpc-default-executor-3] INFO  client.GrpcClientProtocolClient (GrpcClientProtocolClient.java:onNext(264)) - client-D9B31DDCE961->18b22b39-7551-46dd-8464-dd74933c4739: receive RaftClientReply:client-D9B31DDCE961->18b22b39-7551-46dd-8464-dd74933c4739@group-597320EF17B3, cid=1135, SUCCESS, logIndex=0, commits[18b22b39-7551-46dd-8464-dd74933c4739:c1503, 76d6a15c-8eeb-4764-b555-ce8767d18d57:c1501, c90dcfdf-5973-4b56-a955-1fc4555f10cb:c1501]
2019-09-19 11:26:02,956 [grpc-default-executor-6] INFO  client.GrpcClientProtocolClient (GrpcClientProtocolClient.java:onNext(264)) - client-D9B31DDCE961->18b22b39-7551-46dd-8464-dd74933c4739: receive RaftClientReply:client-D9B31DDCE961->18b22b39-7551-46dd-8464-dd74933c4739@group-597320EF17B3, cid=1136, SUCCESS, logIndex=1504, commits[18b22b39-7551-46dd-8464-dd74933c4739:c1505, 76d6a15c-8eeb-4764-b555-ce8767d18d57:c1503, c90dcfdf-5973-4b56-a955-1fc4555f10cb:c1503]
2019-09-19 11:26:02,957 [grpc-default-executor-6] INFO  client.GrpcClientProtocolClient (GrpcClientProtocolClient.java:onNext(264)) - client-D9B31DDCE961->18b22b39-7551-46dd-8464-dd74933c4739: receive RaftClientReply:client-D9B31DDCE961->18b22b39-7551-46dd-8464-dd74933c4739@group-597320EF17B3, cid=1137, SUCCESS, logIndex=1505, commits[18b22b39-7551-46dd-8464-dd74933c4739:c1505, 76d6a15c-8eeb-4764-b555-ce8767d18d57:c1503, c90dcfdf-5973-4b56-a955-1fc4555f10cb:c1503]
2019-09-19 11:26:02,968 [grpc-default-executor-1] INFO  client.GrpcClientProtocolClient (GrpcClientProtocolClient.java:onNext(264)) - client-D9B31DDCE961->18b22b39-7551-46dd-8464-dd74933c4739: receive RaftClientReply:client-D9B31DDCE961->18b22b39-7551-46dd-8464-dd74933c4739@group-597320EF17B3, cid=1138, SUCCESS, logIndex=1506, commits[18b22b39-7551-46dd-8464-dd74933c4739:c1507, 76d6a15c-8eeb-4764-b555-ce8767d18d57:c1503, c90dcfdf-5973-4b56-a955-1fc4555f10cb:c1503]
2019-09-19 11:26:02,968 [grpc-default-executor-1] INFO  client.GrpcClientProtocolClient (GrpcClientProtocolClient.java:onNext(264)) - client-D9B31DDCE961->18b22b39-7551-46dd-8464-dd74933c4739: receive RaftClientReply:client-D9B31DDCE961->18b22b39-7551-46dd-8464-dd74933c4739@group-597320EF17B3, cid=1139, SUCCESS, logIndex=1507, commits[18b22b39-7551-46dd-8464-dd74933c4739:c1507, 76d6a15c-8eeb-4764-b555-ce8767d18d57:c1503, c90dcfdf-5973-4b56-a955-1fc4555f10cb:c1503]
2019-09-19 11:26:02,971 [grpc-default-executor-1] INFO  client.GrpcClientProtocolClient (GrpcClientProtocolClient.java:onNext(264)) - client-D9B31DDCE961->18b22b39-7551-46dd-8464-dd74933c4739: receive RaftClientReply:client-D9B31DDCE961->18b22b39-7551-46dd-8464-dd74933c4739@group-597320EF17B3, cid=1140, SUCCESS, logIndex=0, commits[18b22b39-7551-46dd-8464-dd74933c4739:c1509, 76d6a15c-8eeb-4764-b555-ce8767d18d57:c1505, c90dcfdf-5973-4b56-a955-1fc4555f10cb:c1505]
2019-09-19 11:26:02,996 [grpc-default-executor-3] INFO  client.GrpcClientProtocolClient (GrpcClientProtocolClient.java:onNext(264)) - client-D9B31DDCE961->18b22b39-7551-46dd-8464-dd74933c4739: receive RaftClientReply:client-D9B31DDCE961->18b22b39-7551-46dd-8464-dd74933c4739@group-597320EF17B3, cid=1141, SUCCESS, logIndex=1512, commits[18b22b39-7551-46dd-8464-dd74933c4739:c1513, 76d6a15c-8eeb-4764-b555-ce8767d18d57:c1509, c90dcfdf-5973-4b56-a955-1fc4555f10cb:c1507]
2019-09-19 11:26:02,997 [grpc-default-executor-3] INFO  client.GrpcClientProtocolClient (GrpcClientProtocolClient.java:onNext(264)) - client-D9B31DDCE961->18b22b39-7551-46dd-8464-dd74933c4739: receive RaftClientReply:client-D9B31DDCE961->18b22b39-7551-46dd-8464-dd74933c4739@group-597320EF17B3, cid=1142, SUCCESS, logIndex=1513, commits[18b22b39-7551-46dd-8464-dd74933c4739:c1513, 76d6a15c-8eeb-4764-b555-ce8767d18d57:c1509, c90dcfdf-5973-4b56-a955-1fc4555f10cb:c1509]
2019-09-19 11:26:03,009 [grpc-default-executor-3] INFO  client.GrpcClientProtocolClient (GrpcClientProtocolClient.java:onNext(264)) - client-D9B31DDCE961->18b22b39-7551-46dd-8464-dd74933c4739: receive RaftClientReply:client-D9B31DDCE961->18b22b39-7551-46dd-8464-dd74933c4739@group-597320EF17B3, cid=1143, SUCCESS, logIndex=1515, commits[18b22b39-7551-46dd-8464-dd74933c4739:c1516, 76d6a15c-8eeb-4764-b555-ce8767d18d57:c1513, c90dcfdf-5973-4b56-a955-1fc4555f10cb:c1513]
2019-09-19 11:26:03,010 [grpc-default-executor-3] INFO  client.GrpcClientProtocolClient (GrpcClientProtocolClient.java:onNext(264)) - client-D9B31DDCE961->18b22b39-7551-46dd-8464-dd74933c4739: receive RaftClientReply:client-D9B31DDCE961->18b22b39-7551-46dd-8464-dd74933c4739@group-597320EF17B3, cid=1144, SUCCESS, logIndex=1516, commits[18b22b39-7551-46dd-8464-dd74933c4739:c1516, 76d6a15c-8eeb-4764-b555-ce8767d18d57:c1513, c90dcfdf-5973-4b56-a955-1fc4555f10cb:c1513]
2019-09-19 11:26:03,022 [grpc-default-executor-1] INFO  client.GrpcClientProtocolClient (GrpcClientProtocolClient.java:onNext(264)) - client-D9B31DDCE961->18b22b39-7551-46dd-8464-dd74933c4739: receive RaftClientReply:client-D9B31DDCE961->18b22b39-7551-46dd-8464-dd74933c4739@group-597320EF17B3, cid=1145, SUCCESS, logIndex=0, commits[18b22b39-7551-46dd-8464-dd74933c4739:c1517, 76d6a15c-8eeb-4764-b555-ce8767d18d57:c1516, c90dcfdf-5973-4b56-a955-1fc4555f10cb:c1516]
2019-09-19 11:26:03,035 [grpc-default-executor-3] INFO  client.GrpcClientProtocolClient (GrpcClientProtocolClient.java:onNext(264)) - client-D9B31DDCE961->18b22b39-7551-46dd-8464-dd74933c4739: receive RaftClientReply:client-D9B31DDCE961->18b22b39-7551-46dd-8464-dd74933c4739@group-597320EF17B3, cid=1146, SUCCESS, logIndex=1519, commits[18b22b39-7551-46dd-8464-dd74933c4739:c1520, 76d6a15c-8eeb-4764-b555-ce8767d18d57:c1518, c90dcfdf-5973-4b56-a955-1fc4555f10cb:c1516]
2019-09-19 11:26:03,035 [grpc-default-executor-3] INFO  client.GrpcClientProtocolClient (GrpcClientProtocolClient.java:onNext(264)) - client-D9B31DDCE961->18b22b39-7551-46dd-8464-dd74933c4739: receive RaftClientReply:client-D9B31DDCE961->18b22b39-7551-46dd-8464-dd74933c4739@group-597320EF17B3, cid=1147, SUCCESS, logIndex=1520, commits[18b22b39-7551-46dd-8464-dd74933c4739:c1520, 76d6a15c-8eeb-4764-b555-ce8767d18d57:c1518, c90dcfdf-5973-4b56-a955-1fc4555f10cb:c1516]
2019-09-19 11:26:03,036 [grpc-default-executor-3] INFO  client.GrpcClientProtocolClient (GrpcClientProtocolClient.java:onNext(264)) - client-D9B31DDCE961->18b22b39-7551-46dd-8464-dd74933c4739: receive RaftClientReply:client-D9B31DDCE961->18b22b39-7551-46dd-8464-dd74933c4739@group-597320EF17B3, cid=1148, SUCCESS, logIndex=1521, commits[18b22b39-7551-46dd-8464-dd74933c4739:c1521, 76d6a15c-8eeb-4764-b555-ce8767d18d57:c1518, c90dcfdf-5973-4b56-a955-1fc4555f10cb:c1516]
2019-09-19 11:26:03,038 [grpc-default-executor-6] INFO  client.GrpcClientProtocolClient (GrpcClientProtocolClient.java:onNext(264)) - client-D9B31DDCE961->18b22b39-7551-46dd-8464-dd74933c4739: receive RaftClientReply:client-D9B31DDCE961->18b22b39-7551-46dd-8464-dd74933c4739@group-597320EF17B3, cid=1149, SUCCESS, logIndex=1522, commits[18b22b39-7551-46dd-8464-dd74933c4739:c1523, 76d6a15c-8eeb-4764-b555-ce8767d18d57:c1518, c90dcfdf-5973-4b56-a955-1fc4555f10cb:c1520]
2019-09-19 11:26:03,040 [grpc-default-executor-6] INFO  client.GrpcClientProtocolClient (GrpcClientProtocolClient.java:onNext(264)) - client-D9B31DDCE961->18b22b39-7551-46dd-8464-dd74933c4739: receive RaftClientReply:client-D9B31DDCE961->18b22b39-7551-46dd-8464-dd74933c4739@group-597320EF17B3, cid=1150, SUCCESS, logIndex=0, commits[18b22b39-7551-46dd-8464-dd74933c4739:c1523, 76d6a15c-8eeb-4764-b555-ce8767d18d57:c1520, c90dcfdf-5973-4b56-a955-1fc4555f10cb:c1520]
2019-09-19 11:26:03,051 [grpc-default-executor-6] INFO  client.GrpcClientProtocolClient (GrpcClientProtocolClient.java:onNext(264)) - client-D9B31DDCE961->18b22b39-7551-46dd-8464-dd74933c4739: receive RaftClientReply:client-D9B31DDCE961->18b22b39-7551-46dd-8464-dd74933c4739@group-597320EF17B3, cid=1151, SUCCESS, logIndex=1527, commits[18b22b39-7551-46dd-8464-dd74933c4739:c1528, 76d6a15c-8eeb-4764-b555-ce8767d18d57:c1526, c90dcfdf-5973-4b56-a955-1fc4555f10cb:c1522]
2019-09-19 11:26:03,051 [grpc-default-executor-6] INFO  client.GrpcClientProtocolClient (GrpcClientProtocolClient.java:onNext(264)) - client-D9B31DDCE961->18b22b39-7551-46dd-8464-dd74933c4739: receive RaftClientReply:client-D9B31DDCE961->18b22b39-7551-46dd-8464-dd74933c4739@group-597320EF17B3, cid=1152, SUCCESS, logIndex=1528, commits[18b22b39-7551-46dd-8464-dd74933c4739:c1528, 76d6a15c-8eeb-4764-b555-ce8767d18d57:c1526, c90dcfdf-5973-4b56-a955-1fc4555f10cb:c1526]
2019-09-19 11:26:03,078 [grpc-default-executor-6] INFO  client.GrpcClientProtocolClient (GrpcClientProtocolClient.java:onNext(264)) - client-D9B31DDCE961->18b22b39-7551-46dd-8464-dd74933c4739: receive RaftClientReply:client-D9B31DDCE961->18b22b39-7551-46dd-8464-dd74933c4739@group-597320EF17B3, cid=1153, SUCCESS, logIndex=1531, commits[18b22b39-7551-46dd-8464-dd74933c4739:c1532, 76d6a15c-8eeb-4764-b555-ce8767d18d57:c1530, c90dcfdf-5973-4b56-a955-1fc4555f10cb:c1530]
2019-09-19 11:26:03,078 [grpc-default-executor-6] INFO  client.GrpcClientProtocolClient (GrpcClientProtocolClient.java:onNext(264)) - client-D9B31DDCE961->18b22b39-7551-46dd-8464-dd74933c4739: receive RaftClientReply:client-D9B31DDCE961->18b22b39-7551-46dd-8464-dd74933c4739@group-597320EF17B3, cid=1154, SUCCESS, logIndex=1532, commits[18b22b39-7551-46dd-8464-dd74933c4739:c1532, 76d6a15c-8eeb-4764-b555-ce8767d18d57:c1530, c90dcfdf-5973-4b56-a955-1fc4555f10cb:c1530]
2019-09-19 11:26:03,090 [grpc-default-executor-1] INFO  client.GrpcClientProtocolClient (GrpcClientProtocolClient.java:onNext(264)) - client-D9B31DDCE961->18b22b39-7551-46dd-8464-dd74933c4739: receive RaftClientReply:client-D9B31DDCE961->18b22b39-7551-46dd-8464-dd74933c4739@group-597320EF17B3, cid=1155, SUCCESS, logIndex=0, commits[18b22b39-7551-46dd-8464-dd74933c4739:c1533, 76d6a15c-8eeb-4764-b555-ce8767d18d57:c1532, c90dcfdf-5973-4b56-a955-1fc4555f10cb:c1532]
 0.00% |█                                                                                                    |  0/1 Time: 0:00:072019-09-19 11:26:03,251 [grpc-default-executor-6] INFO  client.GrpcClientProtocolClient (GrpcClientProtocolClient.java:onNext(264)) - client-D9B31DDCE961->18b22b39-7551-46dd-8464-dd74933c4739: receive RaftClientReply:client-D9B31DDCE961->18b22b39-7551-46dd-8464-dd74933c4739@group-597320EF17B3, cid=1156, SUCCESS, logIndex=1535, commits[18b22b39-7551-46dd-8464-dd74933c4739:c1538, 76d6a15c-8eeb-4764-b555-ce8767d18d57:c1534, c90dcfdf-5973-4b56-a955-1fc4555f10cb:c1534]
2019-09-19 11:26:03,252 [grpc-default-executor-6] INFO  client.GrpcClientProtocolClient (GrpcClientProtocolClient.java:onNext(264)) - client-D9B31DDCE961->18b22b39-7551-46dd-8464-dd74933c4739: receive RaftClientReply:client-D9B31DDCE961->18b22b39-7551-46dd-8464-dd74933c4739@group-597320EF17B3, cid=1157, SUCCESS, logIndex=1536, commits[18b22b39-7551-46dd-8464-dd74933c4739:c1540, 76d6a15c-8eeb-4764-b555-ce8767d18d57:c1534, c90dcfdf-5973-4b56-a955-1fc4555f10cb:c1534]
2019-09-19 11:26:03,253 [grpc-default-executor-6] INFO  client.GrpcClientProtocolClient (GrpcClientProtocolClient.java:onNext(264)) - client-D9B31DDCE961->18b22b39-7551-46dd-8464-dd74933c4739: receive RaftClientReply:client-D9B31DDCE961->18b22b39-7551-46dd-8464-dd74933c4739@group-597320EF17B3, cid=1158, SUCCESS, logIndex=1537, commits[18b22b39-7551-46dd-8464-dd74933c4739:c1540, 76d6a15c-8eeb-4764-b555-ce8767d18d57:c1534, c90dcfdf-5973-4b56-a955-1fc4555f10cb:c1534]
2019-09-19 11:26:03,253 [grpc-default-executor-6] INFO  client.GrpcClientProtocolClient (GrpcClientProtocolClient.java:onNext(264)) - client-D9B31DDCE961->18b22b39-7551-46dd-8464-dd74933c4739: receive RaftClientReply:client-D9B31DDCE961->18b22b39-7551-46dd-8464-dd74933c4739@group-597320EF17B3, cid=1159, SUCCESS, logIndex=1538, commits[18b22b39-7551-46dd-8464-dd74933c4739:c1540, 76d6a15c-8eeb-4764-b555-ce8767d18d57:c1534, c90dcfdf-5973-4b56-a955-1fc4555f10cb:c1534]
2019-09-19 11:26:03,265 [grpc-default-executor-3] INFO  client.GrpcClientProtocolClient (GrpcClientProtocolClient.java:onNext(264)) - client-D9B31DDCE961->18b22b39-7551-46dd-8464-dd74933c4739: receive RaftClientReply:client-D9B31DDCE961->18b22b39-7551-46dd-8464-dd74933c4739@group-597320EF17B3, cid=1160, SUCCESS, logIndex=0, commits[18b22b39-7551-46dd-8464-dd74933c4739:c1541, 76d6a15c-8eeb-4764-b555-ce8767d18d57:c1538, c90dcfdf-5973-4b56-a955-1fc4555f10cb:c1538]
2019-09-19 11:26:03,288 [grpc-default-executor-1] INFO  client.GrpcClientProtocolClient (GrpcClientProtocolClient.java:onNext(264)) - client-D9B31DDCE961->18b22b39-7551-46dd-8464-dd74933c4739: receive RaftClientReply:client-D9B31DDCE961->18b22b39-7551-46dd-8464-dd74933c4739@group-597320EF17B3, cid=1161, SUCCESS, logIndex=1543, commits[18b22b39-7551-46dd-8464-dd74933c4739:c1544, 76d6a15c-8eeb-4764-b555-ce8767d18d57:c1542, c90dcfdf-5973-4b56-a955-1fc4555f10cb:c1542]
2019-09-19 11:26:03,288 [grpc-default-executor-1] INFO  client.GrpcClientProtocolClient (GrpcClientProtocolClient.java:onNext(264)) - client-D9B31DDCE961->18b22b39-7551-46dd-8464-dd74933c4739: receive RaftClientReply:client-D9B31DDCE961->18b22b39-7551-46dd-8464-dd74933c4739@group-597320EF17B3, cid=1162, SUCCESS, logIndex=1544, commits[18b22b39-7551-46dd-8464-dd74933c4739:c1544, 76d6a15c-8eeb-4764-b555-ce8767d18d57:c1542, c90dcfdf-5973-4b56-a955-1fc4555f10cb:c1542]
2019-09-19 11:26:03,315 [grpc-default-executor-1] INFO  client.GrpcClientProtocolClient (GrpcClientProtocolClient.java:onNext(264)) - client-D9B31DDCE961->18b22b39-7551-46dd-8464-dd74933c4739: receive RaftClientReply:client-D9B31DDCE961->18b22b39-7551-46dd-8464-dd74933c4739@group-597320EF17B3, cid=1163, SUCCESS, logIndex=1547, commits[18b22b39-7551-46dd-8464-dd74933c4739:c1548, 76d6a15c-8eeb-4764-b555-ce8767d18d57:c1544, c90dcfdf-5973-4b56-a955-1fc4555f10cb:c1544]
2019-09-19 11:26:03,316 [grpc-default-executor-1] INFO  client.GrpcClientProtocolClient (GrpcClientProtocolClient.java:onNext(264)) - client-D9B31DDCE961->18b22b39-7551-46dd-8464-dd74933c4739: receive RaftClientReply:client-D9B31DDCE961->18b22b39-7551-46dd-8464-dd74933c4739@group-597320EF17B3, cid=1164, SUCCESS, logIndex=1548, commits[18b22b39-7551-46dd-8464-dd74933c4739:c1548, 76d6a15c-8eeb-4764-b555-ce8767d18d57:c1544, c90dcfdf-5973-4b56-a955-1fc4555f10cb:c1544]
2019-09-19 11:26:03,434 [grpc-default-executor-1] INFO  client.GrpcClientProtocolClient (GrpcClientProtocolClient.java:onNext(264)) - client-D9B31DDCE961->18b22b39-7551-46dd-8464-dd74933c4739: receive RaftClientReply:client-D9B31DDCE961->18b22b39-7551-46dd-8464-dd74933c4739@group-597320EF17B3, cid=1165, SUCCESS, logIndex=0, commits[18b22b39-7551-46dd-8464-dd74933c4739:c1550, 76d6a15c-8eeb-4764-b555-ce8767d18d57:c1548, c90dcfdf-5973-4b56-a955-1fc4555f10cb:c1548]
2019-09-19 11:26:03,455 [grpc-default-executor-6] INFO  client.GrpcClientProtocolClient (GrpcClientProtocolClient.java:onNext(264)) - client-D9B31DDCE961->18b22b39-7551-46dd-8464-dd74933c4739: receive RaftClientReply:client-D9B31DDCE961->18b22b39-7551-46dd-8464-dd74933c4739@group-597320EF17B3, cid=1166, SUCCESS, logIndex=1551, commits[18b22b39-7551-46dd-8464-dd74933c4739:c1552, 76d6a15c-8eeb-4764-b555-ce8767d18d57:c1550, c90dcfdf-5973-4b56-a955-1fc4555f10cb:c1550]
2019-09-19 11:26:03,455 [grpc-default-executor-6] INFO  client.GrpcClientProtocolClient (GrpcClientProtocolClient.java:onNext(264)) - client-D9B31DDCE961->18b22b39-7551-46dd-8464-dd74933c4739: receive RaftClientReply:client-D9B31DDCE961->18b22b39-7551-46dd-8464-dd74933c4739@group-597320EF17B3, cid=1167, SUCCESS, logIndex=1552, commits[18b22b39-7551-46dd-8464-dd74933c4739:c1552, 76d6a15c-8eeb-4764-b555-ce8767d18d57:c1550, c90dcfdf-5973-4b56-a955-1fc4555f10cb:c1550]
2019-09-19 11:26:03,456 [grpc-default-executor-6] INFO  client.GrpcClientProtocolClient (GrpcClientProtocolClient.java:onNext(264)) - client-D9B31DDCE961->18b22b39-7551-46dd-8464-dd74933c4739: receive RaftClientReply:client-D9B31DDCE961->18b22b39-7551-46dd-8464-dd74933c4739@group-597320EF17B3, cid=1168, SUCCESS, logIndex=1553, commits[18b22b39-7551-46dd-8464-dd74933c4739:c1554, 76d6a15c-8eeb-4764-b555-ce8767d18d57:c1550, c90dcfdf-5973-4b56-a955-1fc4555f10cb:c1550]
2019-09-19 11:26:03,456 [grpc-default-executor-6] INFO  client.GrpcClientProtocolClient (GrpcClientProtocolClient.java:onNext(264)) - client-D9B31DDCE961->18b22b39-7551-46dd-8464-dd74933c4739: receive RaftClientReply:client-D9B31DDCE961->18b22b39-7551-46dd-8464-dd74933c4739@group-597320EF17B3, cid=1169, SUCCESS, logIndex=1554, commits[18b22b39-7551-46dd-8464-dd74933c4739:c1554, 76d6a15c-8eeb-4764-b555-ce8767d18d57:c1550, c90dcfdf-5973-4b56-a955-1fc4555f10cb:c1550]
2019-09-19 11:26:03,469 [grpc-default-executor-6] INFO  client.GrpcClientProtocolClient (GrpcClientProtocolClient.java:onNext(264)) - client-D9B31DDCE961->18b22b39-7551-46dd-8464-dd74933c4739: receive RaftClientReply:client-D9B31DDCE961->18b22b39-7551-46dd-8464-dd74933c4739@group-597320EF17B3, cid=1170, SUCCESS, logIndex=0, commits[18b22b39-7551-46dd-8464-dd74933c4739:c1555, 76d6a15c-8eeb-4764-b555-ce8767d18d57:c1552, c90dcfdf-5973-4b56-a955-1fc4555f10cb:c1552]
2019-09-19 11:26:03,488 [grpc-default-executor-1] INFO  client.GrpcClientProtocolClient (GrpcClientProtocolClient.java:onNext(264)) - client-D9B31DDCE961->18b22b39-7551-46dd-8464-dd74933c4739: receive RaftClientReply:client-D9B31DDCE961->18b22b39-7551-46dd-8464-dd74933c4739@group-597320EF17B3, cid=1171, SUCCESS, logIndex=1559, commits[18b22b39-7551-46dd-8464-dd74933c4739:c1560, 76d6a15c-8eeb-4764-b555-ce8767d18d57:c1558, c90dcfdf-5973-4b56-a955-1fc4555f10cb:c1558]
2019-09-19 11:26:03,488 [grpc-default-executor-1] INFO  client.GrpcClientProtocolClient (GrpcClientProtocolClient.java:onNext(264)) - client-D9B31DDCE961->18b22b39-7551-46dd-8464-dd74933c4739: receive RaftClientReply:client-D9B31DDCE961->18b22b39-7551-46dd-8464-dd74933c4739@group-597320EF17B3, cid=1172, SUCCESS, logIndex=1560, commits[18b22b39-7551-46dd-8464-dd74933c4739:c1560, 76d6a15c-8eeb-4764-b555-ce8767d18d57:c1558, c90dcfdf-5973-4b56-a955-1fc4555f10cb:c1558]
2019-09-19 11:26:03,513 [grpc-default-executor-1] INFO  client.GrpcClientProtocolClient (GrpcClientProtocolClient.java:onNext(264)) - client-D9B31DDCE961->18b22b39-7551-46dd-8464-dd74933c4739: receive RaftClientReply:client-D9B31DDCE961->18b22b39-7551-46dd-8464-dd74933c4739@group-597320EF17B3, cid=1173, SUCCESS, logIndex=1563, commits[18b22b39-7551-46dd-8464-dd74933c4739:c1563, 76d6a15c-8eeb-4764-b555-ce8767d18d57:c1560, c90dcfdf-5973-4b56-a955-1fc4555f10cb:c1560]
2019-09-19 11:26:03,514 [grpc-default-executor-1] INFO  client.GrpcClientProtocolClient (GrpcClientProtocolClient.java:onNext(264)) - client-D9B31DDCE961->18b22b39-7551-46dd-8464-dd74933c4739: receive RaftClientReply:client-D9B31DDCE961->18b22b39-7551-46dd-8464-dd74933c4739@group-597320EF17B3, cid=1174, SUCCESS, logIndex=1564, commits[18b22b39-7551-46dd-8464-dd74933c4739:c1564, 76d6a15c-8eeb-4764-b555-ce8767d18d57:c1560, c90dcfdf-5973-4b56-a955-1fc4555f10cb:c1560]
2019-09-19 11:26:03,538 [grpc-default-executor-1] INFO  client.GrpcClientProtocolClient (GrpcClientProtocolClient.java:onNext(264)) - client-D9B31DDCE961->18b22b39-7551-46dd-8464-dd74933c4739: receive RaftClientReply:client-D9B31DDCE961->18b22b39-7551-46dd-8464-dd74933c4739@group-597320EF17B3, cid=1175, SUCCESS, logIndex=0, commits[18b22b39-7551-46dd-8464-dd74933c4739:c1566, 76d6a15c-8eeb-4764-b555-ce8767d18d57:c1564, c90dcfdf-5973-4b56-a955-1fc4555f10cb:c1564]
2019-09-19 11:26:03,566 [grpc-default-executor-1] INFO  client.GrpcClientProtocolClient (GrpcClientProtocolClient.java:onNext(264)) - client-D9B31DDCE961->18b22b39-7551-46dd-8464-dd74933c4739: receive RaftClientReply:client-D9B31DDCE961->18b22b39-7551-46dd-8464-dd74933c4739@group-597320EF17B3, cid=1176, SUCCESS, logIndex=1567, commits[18b22b39-7551-46dd-8464-dd74933c4739:c1568, 76d6a15c-8eeb-4764-b555-ce8767d18d57:c1566, c90dcfdf-5973-4b56-a955-1fc4555f10cb:c1566]
2019-09-19 11:26:03,566 [grpc-default-executor-1] INFO  client.GrpcClientProtocolClient (GrpcClientProtocolClient.java:onNext(264)) - client-D9B31DDCE961->18b22b39-7551-46dd-8464-dd74933c4739: receive RaftClientReply:client-D9B31DDCE961->18b22b39-7551-46dd-8464-dd74933c4739@group-597320EF17B3, cid=1177, SUCCESS, logIndex=1568, commits[18b22b39-7551-46dd-8464-dd74933c4739:c1568, 76d6a15c-8eeb-4764-b555-ce8767d18d57:c1566, c90dcfdf-5973-4b56-a955-1fc4555f10cb:c1566]
2019-09-19 11:26:03,577 [grpc-default-executor-1] INFO  client.GrpcClientProtocolClient (GrpcClientProtocolClient.java:onNext(264)) - client-D9B31DDCE961->18b22b39-7551-46dd-8464-dd74933c4739: receive RaftClientReply:client-D9B31DDCE961->18b22b39-7551-46dd-8464-dd74933c4739@group-597320EF17B3, cid=1178, SUCCESS, logIndex=1569, commits[18b22b39-7551-46dd-8464-dd74933c4739:c1570, 76d6a15c-8eeb-4764-b555-ce8767d18d57:c1567, c90dcfdf-5973-4b56-a955-1fc4555f10cb:c1566]
2019-09-19 11:26:03,577 [grpc-default-executor-1] INFO  client.GrpcClientProtocolClient (GrpcClientProtocolClient.java:onNext(264)) - client-D9B31DDCE961->18b22b39-7551-46dd-8464-dd74933c4739: receive RaftClientReply:client-D9B31DDCE961->18b22b39-7551-46dd-8464-dd74933c4739@group-597320EF17B3, cid=1179, SUCCESS, logIndex=1570, commits[18b22b39-7551-46dd-8464-dd74933c4739:c1570, 76d6a15c-8eeb-4764-b555-ce8767d18d57:c1567, c90dcfdf-5973-4b56-a955-1fc4555f10cb:c1566]
2019-09-19 11:26:03,580 [grpc-default-executor-6] INFO  client.GrpcClientProtocolClient (GrpcClientProtocolClient.java:onNext(264)) - client-D9B31DDCE961->18b22b39-7551-46dd-8464-dd74933c4739: receive RaftClientReply:client-D9B31DDCE961->18b22b39-7551-46dd-8464-dd74933c4739@group-597320EF17B3, cid=1180, SUCCESS, logIndex=0, commits[18b22b39-7551-46dd-8464-dd74933c4739:c1572, 76d6a15c-8eeb-4764-b555-ce8767d18d57:c1570, c90dcfdf-5973-4b56-a955-1fc4555f10cb:c1568]
2019-09-19 11:26:03,594 [grpc-default-executor-6] INFO  client.GrpcClientProtocolClient (GrpcClientProtocolClient.java:onNext(264)) - client-D9B31DDCE961->18b22b39-7551-46dd-8464-dd74933c4739: receive RaftClientReply:client-D9B31DDCE961->18b22b39-7551-46dd-8464-dd74933c4739@group-597320EF17B3, cid=1181, SUCCESS, logIndex=1574, commits[18b22b39-7551-46dd-8464-dd74933c4739:c1575, 76d6a15c-8eeb-4764-b555-ce8767d18d57:c1572, c90dcfdf-5973-4b56-a955-1fc4555f10cb:c1572]
2019-09-19 11:26:03,594 [grpc-default-executor-6] INFO  client.GrpcClientProtocolClient (GrpcClientProtocolClient.java:onNext(264)) - client-D9B31DDCE961->18b22b39-7551-46dd-8464-dd74933c4739: receive RaftClientReply:client-D9B31DDCE961->18b22b39-7551-46dd-8464-dd74933c4739@group-597320EF17B3, cid=1182, SUCCESS, logIndex=1575, commits[18b22b39-7551-46dd-8464-dd74933c4739:c1575, 76d6a15c-8eeb-4764-b555-ce8767d18d57:c1572, c90dcfdf-5973-4b56-a955-1fc4555f10cb:c1572]
2019-09-19 11:26:03,614 [grpc-default-executor-7] INFO  client.GrpcClientProtocolClient (GrpcClientProtocolClient.java:onNext(264)) - client-D9B31DDCE961->18b22b39-7551-46dd-8464-dd74933c4739: receive RaftClientReply:client-D9B31DDCE961->18b22b39-7551-46dd-8464-dd74933c4739@group-597320EF17B3, cid=1183, SUCCESS, logIndex=1578, commits[18b22b39-7551-46dd-8464-dd74933c4739:c1579, 76d6a15c-8eeb-4764-b555-ce8767d18d57:c1576, c90dcfdf-5973-4b56-a955-1fc4555f10cb:c1576]
2019-09-19 11:26:03,614 [grpc-default-executor-7] INFO  client.GrpcClientProtocolClient (GrpcClientProtocolClient.java:onNext(264)) - client-D9B31DDCE961->18b22b39-7551-46dd-8464-dd74933c4739: receive RaftClientReply:client-D9B31DDCE961->18b22b39-7551-46dd-8464-dd74933c4739@group-597320EF17B3, cid=1184, SUCCESS, logIndex=1579, commits[18b22b39-7551-46dd-8464-dd74933c4739:c1579, 76d6a15c-8eeb-4764-b555-ce8767d18d57:c1576, c90dcfdf-5973-4b56-a955-1fc4555f10cb:c1576]
2019-09-19 11:26:03,644 [grpc-default-executor-1] INFO  client.GrpcClientProtocolClient (GrpcClientProtocolClient.java:onNext(264)) - client-D9B31DDCE961->18b22b39-7551-46dd-8464-dd74933c4739: receive RaftClientReply:client-D9B31DDCE961->18b22b39-7551-46dd-8464-dd74933c4739@group-597320EF17B3, cid=1185, SUCCESS, logIndex=0, commits[18b22b39-7551-46dd-8464-dd74933c4739:c1581, 76d6a15c-8eeb-4764-b555-ce8767d18d57:c1579, c90dcfdf-5973-4b56-a955-1fc4555f10cb:c1579]
2019-09-19 11:26:03,663 [grpc-default-executor-7] INFO  client.GrpcClientProtocolClient (GrpcClientProtocolClient.java:onNext(264)) - client-D9B31DDCE961->18b22b39-7551-46dd-8464-dd74933c4739: receive RaftClientReply:client-D9B31DDCE961->18b22b39-7551-46dd-8464-dd74933c4739@group-597320EF17B3, cid=1186, SUCCESS, logIndex=1582, commits[18b22b39-7551-46dd-8464-dd74933c4739:c1583, 76d6a15c-8eeb-4764-b555-ce8767d18d57:c1581, c90dcfdf-5973-4b56-a955-1fc4555f10cb:c1581]
2019-09-19 11:26:03,664 [grpc-default-executor-7] INFO  client.GrpcClientProtocolClient (GrpcClientProtocolClient.java:onNext(264)) - client-D9B31DDCE961->18b22b39-7551-46dd-8464-dd74933c4739: receive RaftClientReply:client-D9B31DDCE961->18b22b39-7551-46dd-8464-dd74933c4739@group-597320EF17B3, cid=1187, SUCCESS, logIndex=1583, commits[18b22b39-7551-46dd-8464-dd74933c4739:c1583, 76d6a15c-8eeb-4764-b555-ce8767d18d57:c1581, c90dcfdf-5973-4b56-a955-1fc4555f10cb:c1581]
2019-09-19 11:26:03,673 [grpc-default-executor-1] INFO  client.GrpcClientProtocolClient (GrpcClientProtocolClient.java:onNext(264)) - client-D9B31DDCE961->18b22b39-7551-46dd-8464-dd74933c4739: receive RaftClientReply:client-D9B31DDCE961->18b22b39-7551-46dd-8464-dd74933c4739@group-597320EF17B3, cid=1188, SUCCESS, logIndex=1584, commits[18b22b39-7551-46dd-8464-dd74933c4739:c1585, 76d6a15c-8eeb-4764-b555-ce8767d18d57:c1581, c90dcfdf-5973-4b56-a955-1fc4555f10cb:c1581]
2019-09-19 11:26:03,674 [grpc-default-executor-1] INFO  client.GrpcClientProtocolClient (GrpcClientProtocolClient.java:onNext(264)) - client-D9B31DDCE961->18b22b39-7551-46dd-8464-dd74933c4739: receive RaftClientReply:client-D9B31DDCE961->18b22b39-7551-46dd-8464-dd74933c4739@group-597320EF17B3, cid=1189, SUCCESS, logIndex=1585, commits[18b22b39-7551-46dd-8464-dd74933c4739:c1585, 76d6a15c-8eeb-4764-b555-ce8767d18d57:c1581, c90dcfdf-5973-4b56-a955-1fc4555f10cb:c1581]
2019-09-19 11:26:03,689 [grpc-default-executor-1] INFO  client.GrpcClientProtocolClient (GrpcClientProtocolClient.java:onNext(264)) - client-D9B31DDCE961->18b22b39-7551-46dd-8464-dd74933c4739: receive RaftClientReply:client-D9B31DDCE961->18b22b39-7551-46dd-8464-dd74933c4739@group-597320EF17B3, cid=1190, SUCCESS, logIndex=0, commits[18b22b39-7551-46dd-8464-dd74933c4739:c1587, 76d6a15c-8eeb-4764-b555-ce8767d18d57:c1585, c90dcfdf-5973-4b56-a955-1fc4555f10cb:c1583]
2019-09-19 11:26:03,709 [grpc-default-executor-1] INFO  client.GrpcClientProtocolClient (GrpcClientProtocolClient.java:onNext(264)) - client-D9B31DDCE961->18b22b39-7551-46dd-8464-dd74933c4739: receive RaftClientReply:client-D9B31DDCE961->18b22b39-7551-46dd-8464-dd74933c4739@group-597320EF17B3, cid=1191, SUCCESS, logIndex=1589, commits[18b22b39-7551-46dd-8464-dd74933c4739:c1590, 76d6a15c-8eeb-4764-b555-ce8767d18d57:c1587, c90dcfdf-5973-4b56-a955-1fc4555f10cb:c1587]
2019-09-19 11:26:03,709 [grpc-default-executor-1] INFO  client.GrpcClientProtocolClient (GrpcClientProtocolClient.java:onNext(264)) - client-D9B31DDCE961->18b22b39-7551-46dd-8464-dd74933c4739: receive RaftClientReply:client-D9B31DDCE961->18b22b39-7551-46dd-8464-dd74933c4739@group-597320EF17B3, cid=1192, SUCCESS, logIndex=1590, commits[18b22b39-7551-46dd-8464-dd74933c4739:c1590, 76d6a15c-8eeb-4764-b555-ce8767d18d57:c1587, c90dcfdf-5973-4b56-a955-1fc4555f10cb:c1587]
2019-09-19 11:26:03,727 [grpc-default-executor-6] INFO  client.GrpcClientProtocolClient (GrpcClientProtocolClient.java:onNext(264)) - client-D9B31DDCE961->18b22b39-7551-46dd-8464-dd74933c4739: receive RaftClientReply:client-D9B31DDCE961->18b22b39-7551-46dd-8464-dd74933c4739@group-597320EF17B3, cid=1193, SUCCESS, logIndex=1593, commits[18b22b39-7551-46dd-8464-dd74933c4739:c1594, 76d6a15c-8eeb-4764-b555-ce8767d18d57:c1591, c90dcfdf-5973-4b56-a955-1fc4555f10cb:c1591]
2019-09-19 11:26:03,728 [grpc-default-executor-6] INFO  client.GrpcClientProtocolClient (GrpcClientProtocolClient.java:onNext(264)) - client-D9B31DDCE961->18b22b39-7551-46dd-8464-dd74933c4739: receive RaftClientReply:client-D9B31DDCE961->18b22b39-7551-46dd-8464-dd74933c4739@group-597320EF17B3, cid=1194, SUCCESS, logIndex=1594, commits[18b22b39-7551-46dd-8464-dd74933c4739:c1594, 76d6a15c-8eeb-4764-b555-ce8767d18d57:c1591, c90dcfdf-5973-4b56-a955-1fc4555f10cb:c1591]
2019-09-19 11:26:03,732 [grpc-default-executor-7] INFO  client.GrpcClientProtocolClient (GrpcClientProtocolClient.java:onNext(264)) - client-D9B31DDCE961->18b22b39-7551-46dd-8464-dd74933c4739: receive RaftClientReply:client-D9B31DDCE961->18b22b39-7551-46dd-8464-dd74933c4739@group-597320EF17B3, cid=1195, SUCCESS, logIndex=0, commits[18b22b39-7551-46dd-8464-dd74933c4739:c1596, 76d6a15c-8eeb-4764-b555-ce8767d18d57:c1594, c90dcfdf-5973-4b56-a955-1fc4555f10cb:c1594]
2019-09-19 11:26:03,742 [grpc-default-executor-6] INFO  client.GrpcClientProtocolClient (GrpcClientProtocolClient.java:onNext(264)) - client-D9B31DDCE961->18b22b39-7551-46dd-8464-dd74933c4739: receive RaftClientReply:client-D9B31DDCE961->18b22b39-7551-46dd-8464-dd74933c4739@group-597320EF17B3, cid=1196, SUCCESS, logIndex=1597, commits[18b22b39-7551-46dd-8464-dd74933c4739:c1598, 76d6a15c-8eeb-4764-b555-ce8767d18d57:c1596, c90dcfdf-5973-4b56-a955-1fc4555f10cb:c1594]
2019-09-19 11:26:03,743 [grpc-default-executor-6] INFO  client.GrpcClientProtocolClient (GrpcClientProtocolClient.java:onNext(264)) - client-D9B31DDCE961->18b22b39-7551-46dd-8464-dd74933c4739: receive RaftClientReply:client-D9B31DDCE961->18b22b39-7551-46dd-8464-dd74933c4739@group-597320EF17B3, cid=1197, SUCCESS, logIndex=1598, commits[18b22b39-7551-46dd-8464-dd74933c4739:c1598, 76d6a15c-8eeb-4764-b555-ce8767d18d57:c1596, c90dcfdf-5973-4b56-a955-1fc4555f10cb:c1594]
2019-09-19 11:26:03,746 [grpc-default-executor-1] INFO  client.GrpcClientProtocolClient (GrpcClientProtocolClient.java:onNext(264)) - client-D9B31DDCE961->18b22b39-7551-46dd-8464-dd74933c4739: receive RaftClientReply:client-D9B31DDCE961->18b22b39-7551-46dd-8464-dd74933c4739@group-597320EF17B3, cid=1198, SUCCESS, logIndex=1599, commits[18b22b39-7551-46dd-8464-dd74933c4739:c1600, 76d6a15c-8eeb-4764-b555-ce8767d18d57:c1596, c90dcfdf-5973-4b56-a955-1fc4555f10cb:c1596]
2019-09-19 11:26:03,746 [grpc-default-executor-1] INFO  client.GrpcClientProtocolClient (GrpcClientProtocolClient.java:onNext(264)) - client-D9B31DDCE961->18b22b39-7551-46dd-8464-dd74933c4739: receive RaftClientReply:client-D9B31DDCE961->18b22b39-7551-46dd-8464-dd74933c4739@group-597320EF17B3, cid=1199, SUCCESS, logIndex=1600, commits[18b22b39-7551-46dd-8464-dd74933c4739:c1600, 76d6a15c-8eeb-4764-b555-ce8767d18d57:c1598, c90dcfdf-5973-4b56-a955-1fc4555f10cb:c1596]
2019-09-19 11:26:03,747 [grpc-default-executor-1] INFO  client.GrpcClientProtocolClient (GrpcClientProtocolClient.java:onNext(264)) - client-D9B31DDCE961->18b22b39-7551-46dd-8464-dd74933c4739: receive RaftClientReply:client-D9B31DDCE961->18b22b39-7551-46dd-8464-dd74933c4739@group-597320EF17B3, cid=1200, SUCCESS, logIndex=0, commits[18b22b39-7551-46dd-8464-dd74933c4739:c1601, 76d6a15c-8eeb-4764-b555-ce8767d18d57:c1598, c90dcfdf-5973-4b56-a955-1fc4555f10cb:c1598]
2019-09-19 11:26:03,757 [grpc-default-executor-7] INFO  client.GrpcClientProtocolClient (GrpcClientProtocolClient.java:onNext(264)) - client-D9B31DDCE961->18b22b39-7551-46dd-8464-dd74933c4739: receive RaftClientReply:client-D9B31DDCE961->18b22b39-7551-46dd-8464-dd74933c4739@group-597320EF17B3, cid=1201, SUCCESS, logIndex=1605, commits[18b22b39-7551-46dd-8464-dd74933c4739:c1606, 76d6a15c-8eeb-4764-b555-ce8767d18d57:c1604, c90dcfdf-5973-4b56-a955-1fc4555f10cb:c1604]
2019-09-19 11:26:03,757 [grpc-default-executor-7] INFO  client.GrpcClientProtocolClient (GrpcClientProtocolClient.java:onNext(264)) - client-D9B31DDCE961->18b22b39-7551-46dd-8464-dd74933c4739: receive RaftClientReply:client-D9B31DDCE961->18b22b39-7551-46dd-8464-dd74933c4739@group-597320EF17B3, cid=1202, SUCCESS, logIndex=1606, commits[18b22b39-7551-46dd-8464-dd74933c4739:c1606, 76d6a15c-8eeb-4764-b555-ce8767d18d57:c1604, c90dcfdf-5973-4b56-a955-1fc4555f10cb:c1604]
2019-09-19 11:26:03,768 [grpc-default-executor-6] INFO  client.GrpcClientProtocolClient (GrpcClientProtocolClient.java:onNext(264)) - client-D9B31DDCE961->18b22b39-7551-46dd-8464-dd74933c4739: receive RaftClientReply:client-D9B31DDCE961->18b22b39-7551-46dd-8464-dd74933c4739@group-597320EF17B3, cid=1203, SUCCESS, logIndex=1609, commits[18b22b39-7551-46dd-8464-dd74933c4739:c1610, 76d6a15c-8eeb-4764-b555-ce8767d18d57:c1608, c90dcfdf-5973-4b56-a955-1fc4555f10cb:c1606]
2019-09-19 11:26:03,768 [grpc-default-executor-6] INFO  client.GrpcClientProtocolClient (GrpcClientProtocolClient.java:onNext(264)) - client-D9B31DDCE961->18b22b39-7551-46dd-8464-dd74933c4739: receive RaftClientReply:client-D9B31DDCE961->18b22b39-7551-46dd-8464-dd74933c4739@group-597320EF17B3, cid=1204, SUCCESS, logIndex=1610, commits[18b22b39-7551-46dd-8464-dd74933c4739:c1610, 76d6a15c-8eeb-4764-b555-ce8767d18d57:c1608, c90dcfdf-5973-4b56-a955-1fc4555f10cb:c1608]
2019-09-19 11:26:03,771 [grpc-default-executor-6] INFO  client.GrpcClientProtocolClient (GrpcClientProtocolClient.java:onNext(264)) - client-D9B31DDCE961->18b22b39-7551-46dd-8464-dd74933c4739: receive RaftClientReply:client-D9B31DDCE961->18b22b39-7551-46dd-8464-dd74933c4739@group-597320EF17B3, cid=1205, SUCCESS, logIndex=0, commits[18b22b39-7551-46dd-8464-dd74933c4739:c1611, 76d6a15c-8eeb-4764-b555-ce8767d18d57:c1610, c90dcfdf-5973-4b56-a955-1fc4555f10cb:c1610]
2019-09-19 11:26:03,787 [grpc-default-executor-1] INFO  client.GrpcClientProtocolClient (GrpcClientProtocolClient.java:onNext(264)) - client-D9B31DDCE961->18b22b39-7551-46dd-8464-dd74933c4739: receive RaftClientReply:client-D9B31DDCE961->18b22b39-7551-46dd-8464-dd74933c4739@group-597320EF17B3, cid=1206, SUCCESS, logIndex=1613, commits[18b22b39-7551-46dd-8464-dd74933c4739:c1614, 76d6a15c-8eeb-4764-b555-ce8767d18d57:c1612, c90dcfdf-5973-4b56-a955-1fc4555f10cb:c1612]
2019-09-19 11:26:03,789 [grpc-default-executor-1] INFO  client.GrpcClientProtocolClient (GrpcClientProtocolClient.java:onNext(264)) - client-D9B31DDCE961->18b22b39-7551-46dd-8464-dd74933c4739: receive RaftClientReply:client-D9B31DDCE961->18b22b39-7551-46dd-8464-dd74933c4739@group-597320EF17B3, cid=1207, SUCCESS, logIndex=1614, commits[18b22b39-7551-46dd-8464-dd74933c4739:c1616, 76d6a15c-8eeb-4764-b555-ce8767d18d57:c1612, c90dcfdf-5973-4b56-a955-1fc4555f10cb:c1612]
2019-09-19 11:26:03,790 [grpc-default-executor-1] INFO  client.GrpcClientProtocolClient (GrpcClientProtocolClient.java:onNext(264)) - client-D9B31DDCE961->18b22b39-7551-46dd-8464-dd74933c4739: receive RaftClientReply:client-D9B31DDCE961->18b22b39-7551-46dd-8464-dd74933c4739@group-597320EF17B3, cid=1208, SUCCESS, logIndex=1615, commits[18b22b39-7551-46dd-8464-dd74933c4739:c1616, 76d6a15c-8eeb-4764-b555-ce8767d18d57:c1612, c90dcfdf-5973-4b56-a955-1fc4555f10cb:c1612]
2019-09-19 11:26:03,790 [grpc-default-executor-7] INFO  client.GrpcClientProtocolClient (GrpcClientProtocolClient.java:onNext(264)) - client-D9B31DDCE961->18b22b39-7551-46dd-8464-dd74933c4739: receive RaftClientReply:client-D9B31DDCE961->18b22b39-7551-46dd-8464-dd74933c4739@group-597320EF17B3, cid=1209, SUCCESS, logIndex=1616, commits[18b22b39-7551-46dd-8464-dd74933c4739:c1616, 76d6a15c-8eeb-4764-b555-ce8767d18d57:c1612, c90dcfdf-5973-4b56-a955-1fc4555f10cb:c1612]
2019-09-19 11:26:03,792 [grpc-default-executor-7] INFO  client.GrpcClientProtocolClient (GrpcClientProtocolClient.java:onNext(264)) - client-D9B31DDCE961->18b22b39-7551-46dd-8464-dd74933c4739: receive RaftClientReply:client-D9B31DDCE961->18b22b39-7551-46dd-8464-dd74933c4739@group-597320EF17B3, cid=1210, SUCCESS, logIndex=0, commits[18b22b39-7551-46dd-8464-dd74933c4739:c1620, 76d6a15c-8eeb-4764-b555-ce8767d18d57:c1616, c90dcfdf-5973-4b56-a955-1fc4555f10cb:c1614]
2019-09-19 11:26:03,802 [grpc-default-executor-1] INFO  client.GrpcClientProtocolClient (GrpcClientProtocolClient.java:onNext(264)) - client-D9B31DDCE961->18b22b39-7551-46dd-8464-dd74933c4739: receive RaftClientReply:client-D9B31DDCE961->18b22b39-7551-46dd-8464-dd74933c4739@group-597320EF17B3, cid=1211, SUCCESS, logIndex=1621, commits[18b22b39-7551-46dd-8464-dd74933c4739:c1622, 76d6a15c-8eeb-4764-b555-ce8767d18d57:c1620, c90dcfdf-5973-4b56-a955-1fc4555f10cb:c1616]
2019-09-19 11:26:03,803 [grpc-default-executor-1] INFO  client.GrpcClientProtocolClient (GrpcClientProtocolClient.java:onNext(264)) - client-D9B31DDCE961->18b22b39-7551-46dd-8464-dd74933c4739: receive RaftClientReply:client-D9B31DDCE961->18b22b39-7551-46dd-8464-dd74933c4739@group-597320EF17B3, cid=1212, SUCCESS, logIndex=1622, commits[18b22b39-7551-46dd-8464-dd74933c4739:c1622, 76d6a15c-8eeb-4764-b555-ce8767d18d57:c1620, c90dcfdf-5973-4b56-a955-1fc4555f10cb:c1616]
2019-09-19 11:26:03,814 [grpc-default-executor-3] INFO  client.GrpcClientProtocolClient (GrpcClientProtocolClient.java:onNext(264)) - client-D9B31DDCE961->18b22b39-7551-46dd-8464-dd74933c4739: receive RaftClientReply:client-D9B31DDCE961->18b22b39-7551-46dd-8464-dd74933c4739@group-597320EF17B3, cid=1213, SUCCESS, logIndex=1625, commits[18b22b39-7551-46dd-8464-dd74933c4739:c1626, 76d6a15c-8eeb-4764-b555-ce8767d18d57:c1624, c90dcfdf-5973-4b56-a955-1fc4555f10cb:c1622]
2019-09-19 11:26:03,814 [grpc-default-executor-3] INFO  client.GrpcClientProtocolClient (GrpcClientProtocolClient.java:onNext(264)) - client-D9B31DDCE961->18b22b39-7551-46dd-8464-dd74933c4739: receive RaftClientReply:client-D9B31DDCE961->18b22b39-7551-46dd-8464-dd74933c4739@group-597320EF17B3, cid=1214, SUCCESS, logIndex=1626, commits[18b22b39-7551-46dd-8464-dd74933c4739:c1626, 76d6a15c-8eeb-4764-b555-ce8767d18d57:c1624, c90dcfdf-5973-4b56-a955-1fc4555f10cb:c1624]
2019-09-19 11:26:03,818 [grpc-default-executor-3] INFO  client.GrpcClientProtocolClient (GrpcClientProtocolClient.java:onNext(264)) - client-D9B31DDCE961->18b22b39-7551-46dd-8464-dd74933c4739: receive RaftClientReply:client-D9B31DDCE961->18b22b39-7551-46dd-8464-dd74933c4739@group-597320EF17B3, cid=1215, SUCCESS, logIndex=0, commits[18b22b39-7551-46dd-8464-dd74933c4739:c1627, 76d6a15c-8eeb-4764-b555-ce8767d18d57:c1626, c90dcfdf-5973-4b56-a955-1fc4555f10cb:c1626]
2019-09-19 11:26:03,843 [grpc-default-executor-1] INFO  client.GrpcClientProtocolClient (GrpcClientProtocolClient.java:onNext(264)) - client-D9B31DDCE961->18b22b39-7551-46dd-8464-dd74933c4739: receive RaftClientReply:client-D9B31DDCE961->18b22b39-7551-46dd-8464-dd74933c4739@group-597320EF17B3, cid=1216, SUCCESS, logIndex=1629, commits[18b22b39-7551-46dd-8464-dd74933c4739:c1632, 76d6a15c-8eeb-4764-b555-ce8767d18d57:c1628, c90dcfdf-5973-4b56-a955-1fc4555f10cb:c1628]
2019-09-19 11:26:03,844 [grpc-default-executor-1] INFO  client.GrpcClientProtocolClient (GrpcClientProtocolClient.java:onNext(264)) - client-D9B31DDCE961->18b22b39-7551-46dd-8464-dd74933c4739: receive RaftClientReply:client-D9B31DDCE961->18b22b39-7551-46dd-8464-dd74933c4739@group-597320EF17B3, cid=1217, SUCCESS, logIndex=1630, commits[18b22b39-7551-46dd-8464-dd74933c4739:c1632, 76d6a15c-8eeb-4764-b555-ce8767d18d57:c1628, c90dcfdf-5973-4b56-a955-1fc4555f10cb:c1628]
2019-09-19 11:26:03,844 [grpc-default-executor-1] INFO  client.GrpcClientProtocolClient (GrpcClientProtocolClient.java:onNext(264)) - client-D9B31DDCE961->18b22b39-7551-46dd-8464-dd74933c4739: receive RaftClientReply:client-D9B31DDCE961->18b22b39-7551-46dd-8464-dd74933c4739@group-597320EF17B3, cid=1218, SUCCESS, logIndex=1631, commits[18b22b39-7551-46dd-8464-dd74933c4739:c1632, 76d6a15c-8eeb-4764-b555-ce8767d18d57:c1628, c90dcfdf-5973-4b56-a955-1fc4555f10cb:c1628]
2019-09-19 11:26:03,844 [grpc-default-executor-3] INFO  client.GrpcClientProtocolClient (GrpcClientProtocolClient.java:onNext(264)) - client-D9B31DDCE961->18b22b39-7551-46dd-8464-dd74933c4739: receive RaftClientReply:client-D9B31DDCE961->18b22b39-7551-46dd-8464-dd74933c4739@group-597320EF17B3, cid=1219, SUCCESS, logIndex=1632, commits[18b22b39-7551-46dd-8464-dd74933c4739:c1633, 76d6a15c-8eeb-4764-b555-ce8767d18d57:c1628, c90dcfdf-5973-4b56-a955-1fc4555f10cb:c1629]
2019-09-19 11:26:03,857 [grpc-default-executor-3] INFO  client.GrpcClientProtocolClient (GrpcClientProtocolClient.java:onNext(264)) - client-D9B31DDCE961->18b22b39-7551-46dd-8464-dd74933c4739: receive RaftClientReply:client-D9B31DDCE961->18b22b39-7551-46dd-8464-dd74933c4739@group-597320EF17B3, cid=1220, SUCCESS, logIndex=0, commits[18b22b39-7551-46dd-8464-dd74933c4739:c1636, 76d6a15c-8eeb-4764-b555-ce8767d18d57:c1630, c90dcfdf-5973-4b56-a955-1fc4555f10cb:c1632]
2019-09-19 11:26:03,885 [grpc-default-executor-1] INFO  client.GrpcClientProtocolClient (GrpcClientProtocolClient.java:onNext(264)) - client-D9B31DDCE961->18b22b39-7551-46dd-8464-dd74933c4739: receive RaftClientReply:client-D9B31DDCE961->18b22b39-7551-46dd-8464-dd74933c4739@group-597320EF17B3, cid=1221, SUCCESS, logIndex=1637, commits[18b22b39-7551-46dd-8464-dd74933c4739:c1638, 76d6a15c-8eeb-4764-b555-ce8767d18d57:c1636, c90dcfdf-5973-4b56-a955-1fc4555f10cb:c1636]
2019-09-19 11:26:03,885 [grpc-default-executor-1] INFO  client.GrpcClientProtocolClient (GrpcClientProtocolClient.java:onNext(264)) - client-D9B31DDCE961->18b22b39-7551-46dd-8464-dd74933c4739: receive RaftClientReply:client-D9B31DDCE961->18b22b39-7551-46dd-8464-dd74933c4739@group-597320EF17B3, cid=1222, SUCCESS, logIndex=1638, commits[18b22b39-7551-46dd-8464-dd74933c4739:c1638, 76d6a15c-8eeb-4764-b555-ce8767d18d57:c1636, c90dcfdf-5973-4b56-a955-1fc4555f10cb:c1636]
2019-09-19 11:26:03,899 [grpc-default-executor-1] INFO  client.GrpcClientProtocolClient (GrpcClientProtocolClient.java:onNext(264)) - client-D9B31DDCE961->18b22b39-7551-46dd-8464-dd74933c4739: receive RaftClientReply:client-D9B31DDCE961->18b22b39-7551-46dd-8464-dd74933c4739@group-597320EF17B3, cid=1223, SUCCESS, logIndex=1641, commits[18b22b39-7551-46dd-8464-dd74933c4739:c1642, 76d6a15c-8eeb-4764-b555-ce8767d18d57:c1638, c90dcfdf-5973-4b56-a955-1fc4555f10cb:c1638]
2019-09-19 11:26:03,900 [grpc-default-executor-1] INFO  client.GrpcClientProtocolClient (GrpcClientProtocolClient.java:onNext(264)) - client-D9B31DDCE961->18b22b39-7551-46dd-8464-dd74933c4739: receive RaftClientReply:client-D9B31DDCE961->18b22b39-7551-46dd-8464-dd74933c4739@group-597320EF17B3, cid=1224, SUCCESS, logIndex=1642, commits[18b22b39-7551-46dd-8464-dd74933c4739:c1642, 76d6a15c-8eeb-4764-b555-ce8767d18d57:c1638, c90dcfdf-5973-4b56-a955-1fc4555f10cb:c1638]
2019-09-19 11:26:03,913 [grpc-default-executor-1] INFO  client.GrpcClientProtocolClient (GrpcClientProtocolClient.java:onNext(264)) - client-D9B31DDCE961->18b22b39-7551-46dd-8464-dd74933c4739: receive RaftClientReply:client-D9B31DDCE961->18b22b39-7551-46dd-8464-dd74933c4739@group-597320EF17B3, cid=1225, SUCCESS, logIndex=0, commits[18b22b39-7551-46dd-8464-dd74933c4739:c1644, 76d6a15c-8eeb-4764-b555-ce8767d18d57:c1642, c90dcfdf-5973-4b56-a955-1fc4555f10cb:c1642]
2019-09-19 11:26:03,947 [grpc-default-executor-1] INFO  client.GrpcClientProtocolClient (GrpcClientProtocolClient.java:onNext(264)) - client-D9B31DDCE961->18b22b39-7551-46dd-8464-dd74933c4739: receive RaftClientReply:client-D9B31DDCE961->18b22b39-7551-46dd-8464-dd74933c4739@group-597320EF17B3, cid=1226, SUCCESS, logIndex=1645, commits[18b22b39-7551-46dd-8464-dd74933c4739:c1646, 76d6a15c-8eeb-4764-b555-ce8767d18d57:c1644, c90dcfdf-5973-4b56-a955-1fc4555f10cb:c1642]
2019-09-19 11:26:03,947 [grpc-default-executor-1] INFO  client.GrpcClientProtocolClient (GrpcClientProtocolClient.java:onNext(264)) - client-D9B31DDCE961->18b22b39-7551-46dd-8464-dd74933c4739: receive RaftClientReply:client-D9B31DDCE961->18b22b39-7551-46dd-8464-dd74933c4739@group-597320EF17B3, cid=1227, SUCCESS, logIndex=1646, commits[18b22b39-7551-46dd-8464-dd74933c4739:c1646, 76d6a15c-8eeb-4764-b555-ce8767d18d57:c1644, c90dcfdf-5973-4b56-a955-1fc4555f10cb:c1642]
 0.00% |█                                                                                                    |  0/1 Time: 0:00:082019-09-19 11:26:04,328 [grpc-default-executor-1] INFO  client.GrpcClientProtocolClient (GrpcClientProtocolClient.java:onNext(264)) - client-D9B31DDCE961->18b22b39-7551-46dd-8464-dd74933c4739: receive RaftClientReply:client-D9B31DDCE961->18b22b39-7551-46dd-8464-dd74933c4739@group-597320EF17B3, cid=1228, SUCCESS, logIndex=1647, commits[18b22b39-7551-46dd-8464-dd74933c4739:c1648, 76d6a15c-8eeb-4764-b555-ce8767d18d57:c1644, c90dcfdf-5973-4b56-a955-1fc4555f10cb:c1644]
2019-09-19 11:26:04,329 [grpc-default-executor-1] INFO  client.GrpcClientProtocolClient (GrpcClientProtocolClient.java:onNext(264)) - client-D9B31DDCE961->18b22b39-7551-46dd-8464-dd74933c4739: receive RaftClientReply:client-D9B31DDCE961->18b22b39-7551-46dd-8464-dd74933c4739@group-597320EF17B3, cid=1229, SUCCESS, logIndex=1648, commits[18b22b39-7551-46dd-8464-dd74933c4739:c1648, 76d6a15c-8eeb-4764-b555-ce8767d18d57:c1644, c90dcfdf-5973-4b56-a955-1fc4555f10cb:c1644]
2019-09-19 11:26:04,535 [grpc-default-executor-1] INFO  client.GrpcClientProtocolClient (GrpcClientProtocolClient.java:onNext(264)) - client-D9B31DDCE961->18b22b39-7551-46dd-8464-dd74933c4739: receive RaftClientReply:client-D9B31DDCE961->18b22b39-7551-46dd-8464-dd74933c4739@group-597320EF17B3, cid=1230, SUCCESS, logIndex=0, commits[18b22b39-7551-46dd-8464-dd74933c4739:c1652, 76d6a15c-8eeb-4764-b555-ce8767d18d57:c1646, c90dcfdf-5973-4b56-a955-1fc4555f10cb:c1648]
2019-09-19 11:26:04,555 [grpc-default-executor-7] INFO  client.GrpcClientProtocolClient (GrpcClientProtocolClient.java:onNext(264)) - client-D9B31DDCE961->18b22b39-7551-46dd-8464-dd74933c4739: receive RaftClientReply:client-D9B31DDCE961->18b22b39-7551-46dd-8464-dd74933c4739@group-597320EF17B3, cid=1231, SUCCESS, logIndex=1653, commits[18b22b39-7551-46dd-8464-dd74933c4739:c1654, 76d6a15c-8eeb-4764-b555-ce8767d18d57:c1652, c90dcfdf-5973-4b56-a955-1fc4555f10cb:c1652]
2019-09-19 11:26:04,555 [grpc-default-executor-7] INFO  client.GrpcClientProtocolClient (GrpcClientProtocolClient.java:onNext(264)) - client-D9B31DDCE961->18b22b39-7551-46dd-8464-dd74933c4739: receive RaftClientReply:client-D9B31DDCE961->18b22b39-7551-46dd-8464-dd74933c4739@group-597320EF17B3, cid=1232, SUCCESS, logIndex=1654, commits[18b22b39-7551-46dd-8464-dd74933c4739:c1654, 76d6a15c-8eeb-4764-b555-ce8767d18d57:c1652, c90dcfdf-5973-4b56-a955-1fc4555f10cb:c1652]
2019-09-19 11:26:04,569 [grpc-default-executor-3] INFO  client.GrpcClientProtocolClient (GrpcClientProtocolClient.java:onNext(264)) - client-D9B31DDCE961->18b22b39-7551-46dd-8464-dd74933c4739: receive RaftClientReply:client-D9B31DDCE961->18b22b39-7551-46dd-8464-dd74933c4739@group-597320EF17B3, cid=1233, SUCCESS, logIndex=1657, commits[18b22b39-7551-46dd-8464-dd74933c4739:c1658, 76d6a15c-8eeb-4764-b555-ce8767d18d57:c1654, c90dcfdf-5973-4b56-a955-1fc4555f10cb:c1654]
2019-09-19 11:26:04,569 [grpc-default-executor-3] INFO  client.GrpcClientProtocolClient (GrpcClientProtocolClient.java:onNext(264)) - client-D9B31DDCE961->18b22b39-7551-46dd-8464-dd74933c4739: receive RaftClientReply:client-D9B31DDCE961->18b22b39-7551-46dd-8464-dd74933c4739@group-597320EF17B3, cid=1234, SUCCESS, logIndex=1658, commits[18b22b39-7551-46dd-8464-dd74933c4739:c1658, 76d6a15c-8eeb-4764-b555-ce8767d18d57:c1654, c90dcfdf-5973-4b56-a955-1fc4555f10cb:c1654]
2019-09-19 11:26:04,595 [grpc-default-executor-7] INFO  client.GrpcClientProtocolClient (GrpcClientProtocolClient.java:onNext(264)) - client-D9B31DDCE961->18b22b39-7551-46dd-8464-dd74933c4739: receive RaftClientReply:client-D9B31DDCE961->18b22b39-7551-46dd-8464-dd74933c4739@group-597320EF17B3, cid=1235, SUCCESS, logIndex=0, commits[18b22b39-7551-46dd-8464-dd74933c4739:c1660, 76d6a15c-8eeb-4764-b555-ce8767d18d57:c1658, c90dcfdf-5973-4b56-a955-1fc4555f10cb:c1658]
2019-09-19 11:26:04,695 [grpc-default-executor-7] INFO  client.GrpcClientProtocolClient (GrpcClientProtocolClient.java:onNext(264)) - client-D9B31DDCE961->18b22b39-7551-46dd-8464-dd74933c4739: receive RaftClientReply:client-D9B31DDCE961->18b22b39-7551-46dd-8464-dd74933c4739@group-597320EF17B3, cid=1236, SUCCESS, logIndex=1661, commits[18b22b39-7551-46dd-8464-dd74933c4739:c1662, 76d6a15c-8eeb-4764-b555-ce8767d18d57:c1660, c90dcfdf-5973-4b56-a955-1fc4555f10cb:c1660]
2019-09-19 11:26:04,696 [grpc-default-executor-7] INFO  client.GrpcClientProtocolClient (GrpcClientProtocolClient.java:onNext(264)) - client-D9B31DDCE961->18b22b39-7551-46dd-8464-dd74933c4739: receive RaftClientReply:client-D9B31DDCE961->18b22b39-7551-46dd-8464-dd74933c4739@group-597320EF17B3, cid=1237, SUCCESS, logIndex=1662, commits[18b22b39-7551-46dd-8464-dd74933c4739:c1662, 76d6a15c-8eeb-4764-b555-ce8767d18d57:c1660, c90dcfdf-5973-4b56-a955-1fc4555f10cb:c1660]
2019-09-19 11:26:04,708 [grpc-default-executor-7] INFO  client.GrpcClientProtocolClient (GrpcClientProtocolClient.java:onNext(264)) - client-D9B31DDCE961->18b22b39-7551-46dd-8464-dd74933c4739: receive RaftClientReply:client-D9B31DDCE961->18b22b39-7551-46dd-8464-dd74933c4739@group-597320EF17B3, cid=1238, SUCCESS, logIndex=1663, commits[18b22b39-7551-46dd-8464-dd74933c4739:c1664, 76d6a15c-8eeb-4764-b555-ce8767d18d57:c1660, c90dcfdf-5973-4b56-a955-1fc4555f10cb:c1660]
2019-09-19 11:26:04,708 [grpc-default-executor-7] INFO  client.GrpcClientProtocolClient (GrpcClientProtocolClient.java:onNext(264)) - client-D9B31DDCE961->18b22b39-7551-46dd-8464-dd74933c4739: receive RaftClientReply:client-D9B31DDCE961->18b22b39-7551-46dd-8464-dd74933c4739@group-597320EF17B3, cid=1239, SUCCESS, logIndex=1664, commits[18b22b39-7551-46dd-8464-dd74933c4739:c1664, 76d6a15c-8eeb-4764-b555-ce8767d18d57:c1662, c90dcfdf-5973-4b56-a955-1fc4555f10cb:c1662]
2019-09-19 11:26:04,733 [grpc-default-executor-6] INFO  client.GrpcClientProtocolClient (GrpcClientProtocolClient.java:onNext(264)) - client-D9B31DDCE961->18b22b39-7551-46dd-8464-dd74933c4739: receive RaftClientReply:client-D9B31DDCE961->18b22b39-7551-46dd-8464-dd74933c4739@group-597320EF17B3, cid=1240, SUCCESS, logIndex=1669, commits[18b22b39-7551-46dd-8464-dd74933c4739:c1670, 76d6a15c-8eeb-4764-b555-ce8767d18d57:c1664, c90dcfdf-5973-4b56-a955-1fc4555f10cb:c1664]
2019-09-19 11:26:04,734 [grpc-default-executor-6] INFO  client.GrpcClientProtocolClient (GrpcClientProtocolClient.java:onNext(264)) - client-D9B31DDCE961->18b22b39-7551-46dd-8464-dd74933c4739: receive RaftClientReply:client-D9B31DDCE961->18b22b39-7551-46dd-8464-dd74933c4739@group-597320EF17B3, cid=1241, SUCCESS, logIndex=1670, commits[18b22b39-7551-46dd-8464-dd74933c4739:c1670, 76d6a15c-8eeb-4764-b555-ce8767d18d57:c1664, c90dcfdf-5973-4b56-a955-1fc4555f10cb:c1664]
2019-09-19 11:26:04,761 [grpc-default-executor-7] INFO  client.GrpcClientProtocolClient (GrpcClientProtocolClient.java:onNext(264)) - client-D9B31DDCE961->18b22b39-7551-46dd-8464-dd74933c4739: receive RaftClientReply:client-D9B31DDCE961->18b22b39-7551-46dd-8464-dd74933c4739@group-597320EF17B3, cid=1242, SUCCESS, logIndex=1673, commits[18b22b39-7551-46dd-8464-dd74933c4739:c1674, 76d6a15c-8eeb-4764-b555-ce8767d18d57:c1670, c90dcfdf-5973-4b56-a955-1fc4555f10cb:c1670]
2019-09-19 11:26:04,761 [grpc-default-executor-7] INFO  client.GrpcClientProtocolClient (GrpcClientProtocolClient.java:onNext(264)) - client-D9B31DDCE961->18b22b39-7551-46dd-8464-dd74933c4739: receive RaftClientReply:client-D9B31DDCE961->18b22b39-7551-46dd-8464-dd74933c4739@group-597320EF17B3, cid=1243, SUCCESS, logIndex=1674, commits[18b22b39-7551-46dd-8464-dd74933c4739:c1674, 76d6a15c-8eeb-4764-b555-ce8767d18d57:c1670, c90dcfdf-5973-4b56-a955-1fc4555f10cb:c1670]
2019-09-19 11:26:04,787 [grpc-default-executor-6] INFO  client.GrpcClientProtocolClient (GrpcClientProtocolClient.java:onNext(264)) - client-D9B31DDCE961->18b22b39-7551-46dd-8464-dd74933c4739: receive RaftClientReply:client-D9B31DDCE961->18b22b39-7551-46dd-8464-dd74933c4739@group-597320EF17B3, cid=1244, SUCCESS, logIndex=0, commits[18b22b39-7551-46dd-8464-dd74933c4739:c1675, 76d6a15c-8eeb-4764-b555-ce8767d18d57:c1674, c90dcfdf-5973-4b56-a955-1fc4555f10cb:c1674]
2019-09-19 11:26:04,813 [grpc-default-executor-1] INFO  client.GrpcClientProtocolClient (GrpcClientProtocolClient.java:onNext(264)) - client-D9B31DDCE961->18b22b39-7551-46dd-8464-dd74933c4739: receive RaftClientReply:client-D9B31DDCE961->18b22b39-7551-46dd-8464-dd74933c4739@group-597320EF17B3, cid=1245, SUCCESS, logIndex=1677, commits[18b22b39-7551-46dd-8464-dd74933c4739:c1678, 76d6a15c-8eeb-4764-b555-ce8767d18d57:c1676, c90dcfdf-5973-4b56-a955-1fc4555f10cb:c1676]
2019-09-19 11:26:04,814 [grpc-default-executor-1] INFO  client.GrpcClientProtocolClient (GrpcClientProtocolClient.java:onNext(264)) - client-D9B31DDCE961->18b22b39-7551-46dd-8464-dd74933c4739: receive RaftClientReply:client-D9B31DDCE961->18b22b39-7551-46dd-8464-dd74933c4739@group-597320EF17B3, cid=1246, SUCCESS, logIndex=1678, commits[18b22b39-7551-46dd-8464-dd74933c4739:c1678, 76d6a15c-8eeb-4764-b555-ce8767d18d57:c1676, c90dcfdf-5973-4b56-a955-1fc4555f10cb:c1676]
2019-09-19 11:26:04,823 [grpc-default-executor-1] INFO  client.GrpcClientProtocolClient (GrpcClientProtocolClient.java:onNext(264)) - client-D9B31DDCE961->18b22b39-7551-46dd-8464-dd74933c4739: receive RaftClientReply:client-D9B31DDCE961->18b22b39-7551-46dd-8464-dd74933c4739@group-597320EF17B3, cid=1247, SUCCESS, logIndex=1679, commits[18b22b39-7551-46dd-8464-dd74933c4739:c1680, 76d6a15c-8eeb-4764-b555-ce8767d18d57:c1676, c90dcfdf-5973-4b56-a955-1fc4555f10cb:c1676]
2019-09-19 11:26:04,824 [grpc-default-executor-1] INFO  client.GrpcClientProtocolClient (GrpcClientProtocolClient.java:onNext(264)) - client-D9B31DDCE961->18b22b39-7551-46dd-8464-dd74933c4739: receive RaftClientReply:client-D9B31DDCE961->18b22b39-7551-46dd-8464-dd74933c4739@group-597320EF17B3, cid=1248, SUCCESS, logIndex=1680, commits[18b22b39-7551-46dd-8464-dd74933c4739:c1680, 76d6a15c-8eeb-4764-b555-ce8767d18d57:c1676, c90dcfdf-5973-4b56-a955-1fc4555f10cb:c1676]
2019-09-19 11:26:04,824 [grpc-default-executor-6] INFO  client.GrpcClientProtocolClient (GrpcClientProtocolClient.java:onNext(264)) - client-D9B31DDCE961->18b22b39-7551-46dd-8464-dd74933c4739: receive RaftClientReply:client-D9B31DDCE961->18b22b39-7551-46dd-8464-dd74933c4739@group-597320EF17B3, cid=1249, SUCCESS, logIndex=0, commits[18b22b39-7551-46dd-8464-dd74933c4739:c1682, 76d6a15c-8eeb-4764-b555-ce8767d18d57:c1678, c90dcfdf-5973-4b56-a955-1fc4555f10cb:c1678]
2019-09-19 11:26:04,843 [grpc-default-executor-6] INFO  client.GrpcClientProtocolClient (GrpcClientProtocolClient.java:onNext(264)) - client-D9B31DDCE961->18b22b39-7551-46dd-8464-dd74933c4739: receive RaftClientReply:client-D9B31DDCE961->18b22b39-7551-46dd-8464-dd74933c4739@group-597320EF17B3, cid=1250, SUCCESS, logIndex=1685, commits[18b22b39-7551-46dd-8464-dd74933c4739:c1686, 76d6a15c-8eeb-4764-b555-ce8767d18d57:c1684, c90dcfdf-5973-4b56-a955-1fc4555f10cb:c1684]
2019-09-19 11:26:04,844 [grpc-default-executor-6] INFO  client.GrpcClientProtocolClient (GrpcClientProtocolClient.java:onNext(264)) - client-D9B31DDCE961->18b22b39-7551-46dd-8464-dd74933c4739: receive RaftClientReply:client-D9B31DDCE961->18b22b39-7551-46dd-8464-dd74933c4739@group-597320EF17B3, cid=1251, SUCCESS, logIndex=1686, commits[18b22b39-7551-46dd-8464-dd74933c4739:c1686, 76d6a15c-8eeb-4764-b555-ce8767d18d57:c1684, c90dcfdf-5973-4b56-a955-1fc4555f10cb:c1684]
2019-09-19 11:26:04,870 [grpc-default-executor-3] INFO  client.GrpcClientProtocolClient (GrpcClientProtocolClient.java:onNext(264)) - client-D9B31DDCE961->18b22b39-7551-46dd-8464-dd74933c4739: receive RaftClientReply:client-D9B31DDCE961->18b22b39-7551-46dd-8464-dd74933c4739@group-597320EF17B3, cid=1252, SUCCESS, logIndex=1689, commits[18b22b39-7551-46dd-8464-dd74933c4739:c1689, 76d6a15c-8eeb-4764-b555-ce8767d18d57:c1686, c90dcfdf-5973-4b56-a955-1fc4555f10cb:c1686]
2019-09-19 11:26:04,870 [grpc-default-executor-3] INFO  client.GrpcClientProtocolClient (GrpcClientProtocolClient.java:onNext(264)) - client-D9B31DDCE961->18b22b39-7551-46dd-8464-dd74933c4739: receive RaftClientReply:client-D9B31DDCE961->18b22b39-7551-46dd-8464-dd74933c4739@group-597320EF17B3, cid=1253, SUCCESS, logIndex=1690, commits[18b22b39-7551-46dd-8464-dd74933c4739:c1690, 76d6a15c-8eeb-4764-b555-ce8767d18d57:c1686, c90dcfdf-5973-4b56-a955-1fc4555f10cb:c1686]
2019-09-19 11:26:04,896 [grpc-default-executor-3] INFO  client.GrpcClientProtocolClient (GrpcClientProtocolClient.java:onNext(264)) - client-D9B31DDCE961->18b22b39-7551-46dd-8464-dd74933c4739: receive RaftClientReply:client-D9B31DDCE961->18b22b39-7551-46dd-8464-dd74933c4739@group-597320EF17B3, cid=1254, SUCCESS, logIndex=0, commits[18b22b39-7551-46dd-8464-dd74933c4739:c1691, 76d6a15c-8eeb-4764-b555-ce8767d18d57:c1690, c90dcfdf-5973-4b56-a955-1fc4555f10cb:c1690]
2019-09-19 11:26:04,929 [grpc-default-executor-6] INFO  client.GrpcClientProtocolClient (GrpcClientProtocolClient.java:onNext(264)) - client-D9B31DDCE961->18b22b39-7551-46dd-8464-dd74933c4739: receive RaftClientReply:client-D9B31DDCE961->18b22b39-7551-46dd-8464-dd74933c4739@group-597320EF17B3, cid=1255, SUCCESS, logIndex=1693, commits[18b22b39-7551-46dd-8464-dd74933c4739:c1694, 76d6a15c-8eeb-4764-b555-ce8767d18d57:c1692, c90dcfdf-5973-4b56-a955-1fc4555f10cb:c1692]
2019-09-19 11:26:04,930 [grpc-default-executor-6] INFO  client.GrpcClientProtocolClient (GrpcClientProtocolClient.java:onNext(264)) - client-D9B31DDCE961->18b22b39-7551-46dd-8464-dd74933c4739: receive RaftClientReply:client-D9B31DDCE961->18b22b39-7551-46dd-8464-dd74933c4739@group-597320EF17B3, cid=1256, SUCCESS, logIndex=1694, commits[18b22b39-7551-46dd-8464-dd74933c4739:c1696, 76d6a15c-8eeb-4764-b555-ce8767d18d57:c1692, c90dcfdf-5973-4b56-a955-1fc4555f10cb:c1692]
2019-09-19 11:26:04,930 [grpc-default-executor-6] INFO  client.GrpcClientProtocolClient (GrpcClientProtocolClient.java:onNext(264)) - client-D9B31DDCE961->18b22b39-7551-46dd-8464-dd74933c4739: receive RaftClientReply:client-D9B31DDCE961->18b22b39-7551-46dd-8464-dd74933c4739@group-597320EF17B3, cid=1257, SUCCESS, logIndex=1695, commits[18b22b39-7551-46dd-8464-dd74933c4739:c1696, 76d6a15c-8eeb-4764-b555-ce8767d18d57:c1692, c90dcfdf-5973-4b56-a955-1fc4555f10cb:c1692]
2019-09-19 11:26:04,930 [grpc-default-executor-6] INFO  client.GrpcClientProtocolClient (GrpcClientProtocolClient.java:onNext(264)) - client-D9B31DDCE961->18b22b39-7551-46dd-8464-dd74933c4739: receive RaftClientReply:client-D9B31DDCE961->18b22b39-7551-46dd-8464-dd74933c4739@group-597320EF17B3, cid=1258, SUCCESS, logIndex=1696, commits[18b22b39-7551-46dd-8464-dd74933c4739:c1696, 76d6a15c-8eeb-4764-b555-ce8767d18d57:c1692, c90dcfdf-5973-4b56-a955-1fc4555f10cb:c1692]
2019-09-19 11:26:04,936 [grpc-default-executor-1] INFO  client.GrpcClientProtocolClient (GrpcClientProtocolClient.java:onNext(264)) - client-D9B31DDCE961->18b22b39-7551-46dd-8464-dd74933c4739: receive RaftClientReply:client-D9B31DDCE961->18b22b39-7551-46dd-8464-dd74933c4739@group-597320EF17B3, cid=1259, SUCCESS, logIndex=0, commits[18b22b39-7551-46dd-8464-dd74933c4739:c1698, 76d6a15c-8eeb-4764-b555-ce8767d18d57:c1694, c90dcfdf-5973-4b56-a955-1fc4555f10cb:c1694]
2019-09-19 11:26:04,947 [grpc-default-executor-6] INFO  client.GrpcClientProtocolClient (GrpcClientProtocolClient.java:onNext(264)) - client-D9B31DDCE961->18b22b39-7551-46dd-8464-dd74933c4739: receive RaftClientReply:client-D9B31DDCE961->18b22b39-7551-46dd-8464-dd74933c4739@group-597320EF17B3, cid=1260, SUCCESS, logIndex=1701, commits[18b22b39-7551-46dd-8464-dd74933c4739:c1702, 76d6a15c-8eeb-4764-b555-ce8767d18d57:c1696, c90dcfdf-5973-4b56-a955-1fc4555f10cb:c1700]
2019-09-19 11:26:04,947 [grpc-default-executor-6] INFO  client.GrpcClientProtocolClient (GrpcClientProtocolClient.java:onNext(264)) - client-D9B31DDCE961->18b22b39-7551-46dd-8464-dd74933c4739: receive RaftClientReply:client-D9B31DDCE961->18b22b39-7551-46dd-8464-dd74933c4739@group-597320EF17B3, cid=1261, SUCCESS, logIndex=1702, commits[18b22b39-7551-46dd-8464-dd74933c4739:c1702, 76d6a15c-8eeb-4764-b555-ce8767d18d57:c1696, c90dcfdf-5973-4b56-a955-1fc4555f10cb:c1700]
2019-09-19 11:26:04,956 [grpc-default-executor-6] INFO  client.GrpcClientProtocolClient (GrpcClientProtocolClient.java:onNext(264)) - client-D9B31DDCE961->18b22b39-7551-46dd-8464-dd74933c4739: receive RaftClientReply:client-D9B31DDCE961->18b22b39-7551-46dd-8464-dd74933c4739@group-597320EF17B3, cid=1262, SUCCESS, logIndex=1705, commits[18b22b39-7551-46dd-8464-dd74933c4739:c1706, 76d6a15c-8eeb-4764-b555-ce8767d18d57:c1703, c90dcfdf-5973-4b56-a955-1fc4555f10cb:c1703]
2019-09-19 11:26:04,956 [grpc-default-executor-6] INFO  client.GrpcClientProtocolClient (GrpcClientProtocolClient.java:onNext(264)) - client-D9B31DDCE961->18b22b39-7551-46dd-8464-dd74933c4739: receive RaftClientReply:client-D9B31DDCE961->18b22b39-7551-46dd-8464-dd74933c4739@group-597320EF17B3, cid=1263, SUCCESS, logIndex=1706, commits[18b22b39-7551-46dd-8464-dd74933c4739:c1706, 76d6a15c-8eeb-4764-b555-ce8767d18d57:c1703, c90dcfdf-5973-4b56-a955-1fc4555f10cb:c1703]
2019-09-19 11:26:04,962 [grpc-default-executor-6] INFO  client.GrpcClientProtocolClient (GrpcClientProtocolClient.java:onNext(264)) - client-D9B31DDCE961->18b22b39-7551-46dd-8464-dd74933c4739: receive RaftClientReply:client-D9B31DDCE961->18b22b39-7551-46dd-8464-dd74933c4739@group-597320EF17B3, cid=1264, SUCCESS, logIndex=0, commits[18b22b39-7551-46dd-8464-dd74933c4739:c1708, 76d6a15c-8eeb-4764-b555-ce8767d18d57:c1706, c90dcfdf-5973-4b56-a955-1fc4555f10cb:c1706]
2019-09-19 11:26:04,991 [grpc-default-executor-7] INFO  client.GrpcClientProtocolClient (GrpcClientProtocolClient.java:onNext(264)) - client-D9B31DDCE961->18b22b39-7551-46dd-8464-dd74933c4739: receive RaftClientReply:client-D9B31DDCE961->18b22b39-7551-46dd-8464-dd74933c4739@group-597320EF17B3, cid=1265, SUCCESS, logIndex=1709, commits[18b22b39-7551-46dd-8464-dd74933c4739:c1710, 76d6a15c-8eeb-4764-b555-ce8767d18d57:c1708, c90dcfdf-5973-4b56-a955-1fc4555f10cb:c1708]
2019-09-19 11:26:04,991 [grpc-default-executor-7] INFO  client.GrpcClientProtocolClient (GrpcClientProtocolClient.java:onNext(264)) - client-D9B31DDCE961->18b22b39-7551-46dd-8464-dd74933c4739: receive RaftClientReply:client-D9B31DDCE961->18b22b39-7551-46dd-8464-dd74933c4739@group-597320EF17B3, cid=1266, SUCCESS, logIndex=1710, commits[18b22b39-7551-46dd-8464-dd74933c4739:c1710, 76d6a15c-8eeb-4764-b555-ce8767d18d57:c1708, c90dcfdf-5973-4b56-a955-1fc4555f10cb:c1708]
2019-09-19 11:26:05,004 [grpc-default-executor-1] INFO  client.GrpcClientProtocolClient (GrpcClientProtocolClient.java:onNext(264)) - client-D9B31DDCE961->18b22b39-7551-46dd-8464-dd74933c4739: receive RaftClientReply:client-D9B31DDCE961->18b22b39-7551-46dd-8464-dd74933c4739@group-597320EF17B3, cid=1267, SUCCESS, logIndex=1711, commits[18b22b39-7551-46dd-8464-dd74933c4739:c1712, 76d6a15c-8eeb-4764-b555-ce8767d18d57:c1708, c90dcfdf-5973-4b56-a955-1fc4555f10cb:c1708]
2019-09-19 11:26:05,004 [grpc-default-executor-1] INFO  client.GrpcClientProtocolClient (GrpcClientProtocolClient.java:onNext(264)) - client-D9B31DDCE961->18b22b39-7551-46dd-8464-dd74933c4739: receive RaftClientReply:client-D9B31DDCE961->18b22b39-7551-46dd-8464-dd74933c4739@group-597320EF17B3, cid=1268, SUCCESS, logIndex=1712, commits[18b22b39-7551-46dd-8464-dd74933c4739:c1714, 76d6a15c-8eeb-4764-b555-ce8767d18d57:c1708, c90dcfdf-5973-4b56-a955-1fc4555f10cb:c1710]
2019-09-19 11:26:05,006 [grpc-default-executor-1] INFO  client.GrpcClientProtocolClient (GrpcClientProtocolClient.java:onNext(264)) - client-D9B31DDCE961->18b22b39-7551-46dd-8464-dd74933c4739: receive RaftClientReply:client-D9B31DDCE961->18b22b39-7551-46dd-8464-dd74933c4739@group-597320EF17B3, cid=1269, SUCCESS, logIndex=0, commits[18b22b39-7551-46dd-8464-dd74933c4739:c1714, 76d6a15c-8eeb-4764-b555-ce8767d18d57:c1710, c90dcfdf-5973-4b56-a955-1fc4555f10cb:c1710]
2019-09-19 11:26:05,021 [grpc-default-executor-7] INFO  client.GrpcClientProtocolClient (GrpcClientProtocolClient.java:onNext(264)) - client-D9B31DDCE961->18b22b39-7551-46dd-8464-dd74933c4739: receive RaftClientReply:client-D9B31DDCE961->18b22b39-7551-46dd-8464-dd74933c4739@group-597320EF17B3, cid=1270, SUCCESS, logIndex=1717, commits[18b22b39-7551-46dd-8464-dd74933c4739:c1718, 76d6a15c-8eeb-4764-b555-ce8767d18d57:c1714, c90dcfdf-5973-4b56-a955-1fc4555f10cb:c1714]
2019-09-19 11:26:05,021 [grpc-default-executor-7] INFO  client.GrpcClientProtocolClient (GrpcClientProtocolClient.java:onNext(264)) - client-D9B31DDCE961->18b22b39-7551-46dd-8464-dd74933c4739: receive RaftClientReply:client-D9B31DDCE961->18b22b39-7551-46dd-8464-dd74933c4739@group-597320EF17B3, cid=1271, SUCCESS, logIndex=1718, commits[18b22b39-7551-46dd-8464-dd74933c4739:c1718, 76d6a15c-8eeb-4764-b555-ce8767d18d57:c1714, c90dcfdf-5973-4b56-a955-1fc4555f10cb:c1714]
2019-09-19 11:26:05,048 [grpc-default-executor-7] INFO  client.GrpcClientProtocolClient (GrpcClientProtocolClient.java:onNext(264)) - client-D9B31DDCE961->18b22b39-7551-46dd-8464-dd74933c4739: receive RaftClientReply:client-D9B31DDCE961->18b22b39-7551-46dd-8464-dd74933c4739@group-597320EF17B3, cid=1272, SUCCESS, logIndex=1720, commits[18b22b39-7551-46dd-8464-dd74933c4739:c1721, 76d6a15c-8eeb-4764-b555-ce8767d18d57:c1718, c90dcfdf-5973-4b56-a955-1fc4555f10cb:c1718]
2019-09-19 11:26:05,048 [grpc-default-executor-7] INFO  client.GrpcClientProtocolClient (GrpcClientProtocolClient.java:onNext(264)) - client-D9B31DDCE961->18b22b39-7551-46dd-8464-dd74933c4739: receive RaftClientReply:client-D9B31DDCE961->18b22b39-7551-46dd-8464-dd74933c4739@group-597320EF17B3, cid=1273, SUCCESS, logIndex=1721, commits[18b22b39-7551-46dd-8464-dd74933c4739:c1721, 76d6a15c-8eeb-4764-b555-ce8767d18d57:c1718, c90dcfdf-5973-4b56-a955-1fc4555f10cb:c1718]
2019-09-19 11:26:05,060 [grpc-default-executor-7] INFO  client.GrpcClientProtocolClient (GrpcClientProtocolClient.java:onNext(264)) - client-D9B31DDCE961->18b22b39-7551-46dd-8464-dd74933c4739: receive RaftClientReply:client-D9B31DDCE961->18b22b39-7551-46dd-8464-dd74933c4739@group-597320EF17B3, cid=1274, SUCCESS, logIndex=0, commits[18b22b39-7551-46dd-8464-dd74933c4739:c1722, 76d6a15c-8eeb-4764-b555-ce8767d18d57:c1721, c90dcfdf-5973-4b56-a955-1fc4555f10cb:c1721]
2019-09-19 11:26:05,097 [grpc-default-executor-6] INFO  client.GrpcClientProtocolClient (GrpcClientProtocolClient.java:onNext(264)) - client-D9B31DDCE961->18b22b39-7551-46dd-8464-dd74933c4739: receive RaftClientReply:client-D9B31DDCE961->18b22b39-7551-46dd-8464-dd74933c4739@group-597320EF17B3, cid=1275, SUCCESS, logIndex=1724, commits[18b22b39-7551-46dd-8464-dd74933c4739:c1727, 76d6a15c-8eeb-4764-b555-ce8767d18d57:c1722, c90dcfdf-5973-4b56-a955-1fc4555f10cb:c1722]
2019-09-19 11:26:05,097 [grpc-default-executor-6] INFO  client.GrpcClientProtocolClient (GrpcClientProtocolClient.java:onNext(264)) - client-D9B31DDCE961->18b22b39-7551-46dd-8464-dd74933c4739: receive RaftClientReply:client-D9B31DDCE961->18b22b39-7551-46dd-8464-dd74933c4739@group-597320EF17B3, cid=1276, SUCCESS, logIndex=1725, commits[18b22b39-7551-46dd-8464-dd74933c4739:c1727, 76d6a15c-8eeb-4764-b555-ce8767d18d57:c1722, c90dcfdf-5973-4b56-a955-1fc4555f10cb:c1722]
2019-09-19 11:26:05,098 [grpc-default-executor-6] INFO  client.GrpcClientProtocolClient (GrpcClientProtocolClient.java:onNext(264)) - client-D9B31DDCE961->18b22b39-7551-46dd-8464-dd74933c4739: receive RaftClientReply:client-D9B31DDCE961->18b22b39-7551-46dd-8464-dd74933c4739@group-597320EF17B3, cid=1277, SUCCESS, logIndex=1726, commits[18b22b39-7551-46dd-8464-dd74933c4739:c1727, 76d6a15c-8eeb-4764-b555-ce8767d18d57:c1722, c90dcfdf-5973-4b56-a955-1fc4555f10cb:c1722]
2019-09-19 11:26:05,098 [grpc-default-executor-6] INFO  client.GrpcClientProtocolClient (GrpcClientProtocolClient.java:onNext(264)) - client-D9B31DDCE961->18b22b39-7551-46dd-8464-dd74933c4739: receive RaftClientReply:client-D9B31DDCE961->18b22b39-7551-46dd-8464-dd74933c4739@group-597320EF17B3, cid=1278, SUCCESS, logIndex=1727, commits[18b22b39-7551-46dd-8464-dd74933c4739:c1727, 76d6a15c-8eeb-4764-b555-ce8767d18d57:c1722, c90dcfdf-5973-4b56-a955-1fc4555f10cb:c1722]
2019-09-19 11:26:05,107 [grpc-default-executor-6] INFO  client.GrpcClientProtocolClient (GrpcClientProtocolClient.java:onNext(264)) - client-D9B31DDCE961->18b22b39-7551-46dd-8464-dd74933c4739: receive RaftClientReply:client-D9B31DDCE961->18b22b39-7551-46dd-8464-dd74933c4739@group-597320EF17B3, cid=1279, SUCCESS, logIndex=0, commits[18b22b39-7551-46dd-8464-dd74933c4739:c1728, 76d6a15c-8eeb-4764-b555-ce8767d18d57:c1727, c90dcfdf-5973-4b56-a955-1fc4555f10cb:c1727]
2019-09-19 11:26:05,126 [grpc-default-executor-1] INFO  client.GrpcClientProtocolClient (GrpcClientProtocolClient.java:onNext(264)) - client-D9B31DDCE961->18b22b39-7551-46dd-8464-dd74933c4739: receive RaftClientReply:client-D9B31DDCE961->18b22b39-7551-46dd-8464-dd74933c4739@group-597320EF17B3, cid=1280, SUCCESS, logIndex=1729, commits[18b22b39-7551-46dd-8464-dd74933c4739:c1730, 76d6a15c-8eeb-4764-b555-ce8767d18d57:c1728, c90dcfdf-5973-4b56-a955-1fc4555f10cb:c1728]
2019-09-19 11:26:05,126 [grpc-default-executor-1] INFO  client.GrpcClientProtocolClient (GrpcClientProtocolClient.java:onNext(264)) - client-D9B31DDCE961->18b22b39-7551-46dd-8464-dd74933c4739: receive RaftClientReply:client-D9B31DDCE961->18b22b39-7551-46dd-8464-dd74933c4739@group-597320EF17B3, cid=1281, SUCCESS, logIndex=1730, commits[18b22b39-7551-46dd-8464-dd74933c4739:c1730, 76d6a15c-8eeb-4764-b555-ce8767d18d57:c1728, c90dcfdf-5973-4b56-a955-1fc4555f10cb:c1728]
2019-09-19 11:26:05,152 [grpc-default-executor-6] INFO  client.GrpcClientProtocolClient (GrpcClientProtocolClient.java:onNext(264)) - client-D9B31DDCE961->18b22b39-7551-46dd-8464-dd74933c4739: receive RaftClientReply:client-D9B31DDCE961->18b22b39-7551-46dd-8464-dd74933c4739@group-597320EF17B3, cid=1282, SUCCESS, logIndex=1733, commits[18b22b39-7551-46dd-8464-dd74933c4739:c1734, 76d6a15c-8eeb-4764-b555-ce8767d18d57:c1730, c90dcfdf-5973-4b56-a955-1fc4555f10cb:c1730]
2019-09-19 11:26:05,153 [grpc-default-executor-6] INFO  client.GrpcClientProtocolClient (GrpcClientProtocolClient.java:onNext(264)) - client-D9B31DDCE961->18b22b39-7551-46dd-8464-dd74933c4739: receive RaftClientReply:client-D9B31DDCE961->18b22b39-7551-46dd-8464-dd74933c4739@group-597320EF17B3, cid=1283, SUCCESS, logIndex=1734, commits[18b22b39-7551-46dd-8464-dd74933c4739:c1734, 76d6a15c-8eeb-4764-b555-ce8767d18d57:c1730, c90dcfdf-5973-4b56-a955-1fc4555f10cb:c1730]
2019-09-19 11:26:05,176 [grpc-default-executor-7] INFO  client.GrpcClientProtocolClient (GrpcClientProtocolClient.java:onNext(264)) - client-D9B31DDCE961->18b22b39-7551-46dd-8464-dd74933c4739: receive RaftClientReply:client-D9B31DDCE961->18b22b39-7551-46dd-8464-dd74933c4739@group-597320EF17B3, cid=1284, SUCCESS, logIndex=0, commits[18b22b39-7551-46dd-8464-dd74933c4739:c1735, 76d6a15c-8eeb-4764-b555-ce8767d18d57:c1734, c90dcfdf-5973-4b56-a955-1fc4555f10cb:c1734]
2019-09-19 11:26:05,202 [grpc-default-executor-6] INFO  client.GrpcClientProtocolClient (GrpcClientProtocolClient.java:onNext(264)) - client-D9B31DDCE961->18b22b39-7551-46dd-8464-dd74933c4739: receive RaftClientReply:client-D9B31DDCE961->18b22b39-7551-46dd-8464-dd74933c4739@group-597320EF17B3, cid=1285, SUCCESS, logIndex=1737, commits[18b22b39-7551-46dd-8464-dd74933c4739:c1738, 76d6a15c-8eeb-4764-b555-ce8767d18d57:c1736, c90dcfdf-5973-4b56-a955-1fc4555f10cb:c1736]
2019-09-19 11:26:05,203 [grpc-default-executor-6] INFO  client.GrpcClientProtocolClient (GrpcClientProtocolClient.java:onNext(264)) - client-D9B31DDCE961->18b22b39-7551-46dd-8464-dd74933c4739: receive RaftClientReply:client-D9B31DDCE961->18b22b39-7551-46dd-8464-dd74933c4739@group-597320EF17B3, cid=1286, SUCCESS, logIndex=1738, commits[18b22b39-7551-46dd-8464-dd74933c4739:c1738, 76d6a15c-8eeb-4764-b555-ce8767d18d57:c1736, c90dcfdf-5973-4b56-a955-1fc4555f10cb:c1736]
 0.00% |█                                                                                                    |  0/1 Time: 0:00:092019-09-19 11:26:05,215 [grpc-default-executor-3] INFO  client.GrpcClientProtocolClient (GrpcClientProtocolClient.java:onNext(264)) - client-D9B31DDCE961->18b22b39-7551-46dd-8464-dd74933c4739: receive RaftClientReply:client-D9B31DDCE961->18b22b39-7551-46dd-8464-dd74933c4739@group-597320EF17B3, cid=1287, SUCCESS, logIndex=1739, commits[18b22b39-7551-46dd-8464-dd74933c4739:c1740, 76d6a15c-8eeb-4764-b555-ce8767d18d57:c1736, c90dcfdf-5973-4b56-a955-1fc4555f10cb:c1736]
2019-09-19 11:26:05,216 [grpc-default-executor-3] INFO  client.GrpcClientProtocolClient (GrpcClientProtocolClient.java:onNext(264)) - client-D9B31DDCE961->18b22b39-7551-46dd-8464-dd74933c4739: receive RaftClientReply:client-D9B31DDCE961->18b22b39-7551-46dd-8464-dd74933c4739@group-597320EF17B3, cid=1288, SUCCESS, logIndex=1740, commits[18b22b39-7551-46dd-8464-dd74933c4739:c1740, 76d6a15c-8eeb-4764-b555-ce8767d18d57:c1736, c90dcfdf-5973-4b56-a955-1fc4555f10cb:c1736]
2019-09-19 11:26:05,228 [grpc-default-executor-1] INFO  client.GrpcClientProtocolClient (GrpcClientProtocolClient.java:onNext(264)) - client-D9B31DDCE961->18b22b39-7551-46dd-8464-dd74933c4739: receive RaftClientReply:client-D9B31DDCE961->18b22b39-7551-46dd-8464-dd74933c4739@group-597320EF17B3, cid=1289, SUCCESS, logIndex=0, commits[18b22b39-7551-46dd-8464-dd74933c4739:c1742, 76d6a15c-8eeb-4764-b555-ce8767d18d57:c1738, c90dcfdf-5973-4b56-a955-1fc4555f10cb:c1738]
2019-09-19 11:26:05,259 [grpc-default-executor-1] INFO  client.GrpcClientProtocolClient (GrpcClientProtocolClient.java:onNext(264)) - client-D9B31DDCE961->18b22b39-7551-46dd-8464-dd74933c4739: receive RaftClientReply:client-D9B31DDCE961->18b22b39-7551-46dd-8464-dd74933c4739@group-597320EF17B3, cid=1290, SUCCESS, logIndex=1745, commits[18b22b39-7551-46dd-8464-dd74933c4739:c1746, 76d6a15c-8eeb-4764-b555-ce8767d18d57:c1744, c90dcfdf-5973-4b56-a955-1fc4555f10cb:c1744]
2019-09-19 11:26:05,260 [grpc-default-executor-1] INFO  client.GrpcClientProtocolClient (GrpcClientProtocolClient.java:onNext(264)) - client-D9B31DDCE961->18b22b39-7551-46dd-8464-dd74933c4739: receive RaftClientReply:client-D9B31DDCE961->18b22b39-7551-46dd-8464-dd74933c4739@group-597320EF17B3, cid=1291, SUCCESS, logIndex=1746, commits[18b22b39-7551-46dd-8464-dd74933c4739:c1746, 76d6a15c-8eeb-4764-b555-ce8767d18d57:c1744, c90dcfdf-5973-4b56-a955-1fc4555f10cb:c1744]
2019-09-19 11:26:05,277 [grpc-default-executor-6] INFO  client.GrpcClientProtocolClient (GrpcClientProtocolClient.java:onNext(264)) - client-D9B31DDCE961->18b22b39-7551-46dd-8464-dd74933c4739: receive RaftClientReply:client-D9B31DDCE961->18b22b39-7551-46dd-8464-dd74933c4739@group-597320EF17B3, cid=1292, SUCCESS, logIndex=1749, commits[18b22b39-7551-46dd-8464-dd74933c4739:c1750, 76d6a15c-8eeb-4764-b555-ce8767d18d57:c1747, c90dcfdf-5973-4b56-a955-1fc4555f10cb:c1747]
2019-09-19 11:26:05,277 [grpc-default-executor-6] INFO  client.GrpcClientProtocolClient (GrpcClientProtocolClient.java:onNext(264)) - client-D9B31DDCE961->18b22b39-7551-46dd-8464-dd74933c4739: receive RaftClientReply:client-D9B31DDCE961->18b22b39-7551-46dd-8464-dd74933c4739@group-597320EF17B3, cid=1293, SUCCESS, logIndex=1750, commits[18b22b39-7551-46dd-8464-dd74933c4739:c1750, 76d6a15c-8eeb-4764-b555-ce8767d18d57:c1747, c90dcfdf-5973-4b56-a955-1fc4555f10cb:c1747]
2019-09-19 11:26:05,291 [grpc-default-executor-6] INFO  client.GrpcClientProtocolClient (GrpcClientProtocolClient.java:onNext(264)) - client-D9B31DDCE961->18b22b39-7551-46dd-8464-dd74933c4739: receive RaftClientReply:client-D9B31DDCE961->18b22b39-7551-46dd-8464-dd74933c4739@group-597320EF17B3, cid=1294, SUCCESS, logIndex=0, commits[18b22b39-7551-46dd-8464-dd74933c4739:c1752, 76d6a15c-8eeb-4764-b555-ce8767d18d57:c1750, c90dcfdf-5973-4b56-a955-1fc4555f10cb:c1750]
2019-09-19 11:26:05,320 [grpc-default-executor-3] INFO  client.GrpcClientProtocolClient (GrpcClientProtocolClient.java:onNext(264)) - client-D9B31DDCE961->18b22b39-7551-46dd-8464-dd74933c4739: receive RaftClientReply:client-D9B31DDCE961->18b22b39-7551-46dd-8464-dd74933c4739@group-597320EF17B3, cid=1295, SUCCESS, logIndex=1753, commits[18b22b39-7551-46dd-8464-dd74933c4739:c1754, 76d6a15c-8eeb-4764-b555-ce8767d18d57:c1752, c90dcfdf-5973-4b56-a955-1fc4555f10cb:c1752]
2019-09-19 11:26:05,320 [grpc-default-executor-3] INFO  client.GrpcClientProtocolClient (GrpcClientProtocolClient.java:onNext(264)) - client-D9B31DDCE961->18b22b39-7551-46dd-8464-dd74933c4739: receive RaftClientReply:client-D9B31DDCE961->18b22b39-7551-46dd-8464-dd74933c4739@group-597320EF17B3, cid=1296, SUCCESS, logIndex=1754, commits[18b22b39-7551-46dd-8464-dd74933c4739:c1754, 76d6a15c-8eeb-4764-b555-ce8767d18d57:c1752, c90dcfdf-5973-4b56-a955-1fc4555f10cb:c1752]
2019-09-19 11:26:05,556 [grpc-default-executor-6] INFO  client.GrpcClientProtocolClient (GrpcClientProtocolClient.java:onNext(264)) - client-D9B31DDCE961->18b22b39-7551-46dd-8464-dd74933c4739: receive RaftClientReply:client-D9B31DDCE961->18b22b39-7551-46dd-8464-dd74933c4739@group-597320EF17B3, cid=1297, SUCCESS, logIndex=1755, commits[18b22b39-7551-46dd-8464-dd74933c4739:c1756, 76d6a15c-8eeb-4764-b555-ce8767d18d57:c1752, c90dcfdf-5973-4b56-a955-1fc4555f10cb:c1752]
2019-09-19 11:26:05,556 [grpc-default-executor-6] INFO  client.GrpcClientProtocolClient (GrpcClientProtocolClient.java:onNext(264)) - client-D9B31DDCE961->18b22b39-7551-46dd-8464-dd74933c4739: receive RaftClientReply:client-D9B31DDCE961->18b22b39-7551-46dd-8464-dd74933c4739@group-597320EF17B3, cid=1298, SUCCESS, logIndex=1756, commits[18b22b39-7551-46dd-8464-dd74933c4739:c1756, 76d6a15c-8eeb-4764-b555-ce8767d18d57:c1754, c90dcfdf-5973-4b56-a955-1fc4555f10cb:c1752]
2019-09-19 11:26:05,558 [grpc-default-executor-6] INFO  client.GrpcClientProtocolClient (GrpcClientProtocolClient.java:onNext(264)) - client-D9B31DDCE961->18b22b39-7551-46dd-8464-dd74933c4739: receive RaftClientReply:client-D9B31DDCE961->18b22b39-7551-46dd-8464-dd74933c4739@group-597320EF17B3, cid=1299, SUCCESS, logIndex=0, commits[18b22b39-7551-46dd-8464-dd74933c4739:c1758, 76d6a15c-8eeb-4764-b555-ce8767d18d57:c1754, c90dcfdf-5973-4b56-a955-1fc4555f10cb:c1754]
2019-09-19 11:26:05,584 [grpc-default-executor-3] INFO  client.GrpcClientProtocolClient (GrpcClientProtocolClient.java:onNext(264)) - client-D9B31DDCE961->18b22b39-7551-46dd-8464-dd74933c4739: receive RaftClientReply:client-D9B31DDCE961->18b22b39-7551-46dd-8464-dd74933c4739@group-597320EF17B3, cid=1300, SUCCESS, logIndex=1761, commits[18b22b39-7551-46dd-8464-dd74933c4739:c1762, 76d6a15c-8eeb-4764-b555-ce8767d18d57:c1758, c90dcfdf-5973-4b56-a955-1fc4555f10cb:c1756]
2019-09-19 11:26:05,584 [grpc-default-executor-3] INFO  client.GrpcClientProtocolClient (GrpcClientProtocolClient.java:onNext(264)) - client-D9B31DDCE961->18b22b39-7551-46dd-8464-dd74933c4739: receive RaftClientReply:client-D9B31DDCE961->18b22b39-7551-46dd-8464-dd74933c4739@group-597320EF17B3, cid=1301, SUCCESS, logIndex=1762, commits[18b22b39-7551-46dd-8464-dd74933c4739:c1762, 76d6a15c-8eeb-4764-b555-ce8767d18d57:c1758, c90dcfdf-5973-4b56-a955-1fc4555f10cb:c1758]
2019-09-19 11:26:05,610 [grpc-default-executor-6] INFO  client.GrpcClientProtocolClient (GrpcClientProtocolClient.java:onNext(264)) - client-D9B31DDCE961->18b22b39-7551-46dd-8464-dd74933c4739: receive RaftClientReply:client-D9B31DDCE961->18b22b39-7551-46dd-8464-dd74933c4739@group-597320EF17B3, cid=1302, SUCCESS, logIndex=1764, commits[18b22b39-7551-46dd-8464-dd74933c4739:c1765, 76d6a15c-8eeb-4764-b555-ce8767d18d57:c1762, c90dcfdf-5973-4b56-a955-1fc4555f10cb:c1762]
2019-09-19 11:26:05,610 [grpc-default-executor-6] INFO  client.GrpcClientProtocolClient (GrpcClientProtocolClient.java:onNext(264)) - client-D9B31DDCE961->18b22b39-7551-46dd-8464-dd74933c4739: receive RaftClientReply:client-D9B31DDCE961->18b22b39-7551-46dd-8464-dd74933c4739@group-597320EF17B3, cid=1303, SUCCESS, logIndex=1765, commits[18b22b39-7551-46dd-8464-dd74933c4739:c1765, 76d6a15c-8eeb-4764-b555-ce8767d18d57:c1762, c90dcfdf-5973-4b56-a955-1fc4555f10cb:c1762]
2019-09-19 11:26:05,621 [grpc-default-executor-6] INFO  client.GrpcClientProtocolClient (GrpcClientProtocolClient.java:onNext(264)) - client-D9B31DDCE961->18b22b39-7551-46dd-8464-dd74933c4739: receive RaftClientReply:client-D9B31DDCE961->18b22b39-7551-46dd-8464-dd74933c4739@group-597320EF17B3, cid=1304, SUCCESS, logIndex=0, commits[18b22b39-7551-46dd-8464-dd74933c4739:c1766, 76d6a15c-8eeb-4764-b555-ce8767d18d57:c1765, c90dcfdf-5973-4b56-a955-1fc4555f10cb:c1765]
2019-09-19 11:26:05,646 [grpc-default-executor-1] INFO  client.GrpcClientProtocolClient (GrpcClientProtocolClient.java:onNext(264)) - client-D9B31DDCE961->18b22b39-7551-46dd-8464-dd74933c4739: receive RaftClientReply:client-D9B31DDCE961->18b22b39-7551-46dd-8464-dd74933c4739@group-597320EF17B3, cid=1305, SUCCESS, logIndex=1768, commits[18b22b39-7551-46dd-8464-dd74933c4739:c1769, 76d6a15c-8eeb-4764-b555-ce8767d18d57:c1767, c90dcfdf-5973-4b56-a955-1fc4555f10cb:c1767]
2019-09-19 11:26:05,647 [grpc-default-executor-1] INFO  client.GrpcClientProtocolClient (GrpcClientProtocolClient.java:onNext(264)) - client-D9B31DDCE961->18b22b39-7551-46dd-8464-dd74933c4739: receive RaftClientReply:client-D9B31DDCE961->18b22b39-7551-46dd-8464-dd74933c4739@group-597320EF17B3, cid=1306, SUCCESS, logIndex=1769, commits[18b22b39-7551-46dd-8464-dd74933c4739:c1769, 76d6a15c-8eeb-4764-b555-ce8767d18d57:c1767, c90dcfdf-5973-4b56-a955-1fc4555f10cb:c1767]
2019-09-19 11:26:05,775 [grpc-default-executor-1] INFO  client.GrpcClientProtocolClient (GrpcClientProtocolClient.java:onNext(264)) - client-D9B31DDCE961->18b22b39-7551-46dd-8464-dd74933c4739: receive RaftClientReply:client-D9B31DDCE961->18b22b39-7551-46dd-8464-dd74933c4739@group-597320EF17B3, cid=1307, SUCCESS, logIndex=1770, commits[18b22b39-7551-46dd-8464-dd74933c4739:c1771, 76d6a15c-8eeb-4764-b555-ce8767d18d57:c1767, c90dcfdf-5973-4b56-a955-1fc4555f10cb:c1767]
2019-09-19 11:26:05,776 [grpc-default-executor-1] INFO  client.GrpcClientProtocolClient (GrpcClientProtocolClient.java:onNext(264)) - client-D9B31DDCE961->18b22b39-7551-46dd-8464-dd74933c4739: receive RaftClientReply:client-D9B31DDCE961->18b22b39-7551-46dd-8464-dd74933c4739@group-597320EF17B3, cid=1308, SUCCESS, logIndex=1771, commits[18b22b39-7551-46dd-8464-dd74933c4739:c1771, 76d6a15c-8eeb-4764-b555-ce8767d18d57:c1767, c90dcfdf-5973-4b56-a955-1fc4555f10cb:c1767]
2019-09-19 11:26:05,782 [grpc-default-executor-6] INFO  client.GrpcClientProtocolClient (GrpcClientProtocolClient.java:onNext(264)) - client-D9B31DDCE961->18b22b39-7551-46dd-8464-dd74933c4739: receive RaftClientReply:client-D9B31DDCE961->18b22b39-7551-46dd-8464-dd74933c4739@group-597320EF17B3, cid=1309, SUCCESS, logIndex=0, commits[18b22b39-7551-46dd-8464-dd74933c4739:c1772, 76d6a15c-8eeb-4764-b555-ce8767d18d57:c1769, c90dcfdf-5973-4b56-a955-1fc4555f10cb:c1769]
2019-09-19 11:26:05,802 [grpc-default-executor-6] INFO  client.GrpcClientProtocolClient (GrpcClientProtocolClient.java:onNext(264)) - client-D9B31DDCE961->18b22b39-7551-46dd-8464-dd74933c4739: receive RaftClientReply:client-D9B31DDCE961->18b22b39-7551-46dd-8464-dd74933c4739@group-597320EF17B3, cid=1310, SUCCESS, logIndex=1775, commits[18b22b39-7551-46dd-8464-dd74933c4739:c1776, 76d6a15c-8eeb-4764-b555-ce8767d18d57:c1774, c90dcfdf-5973-4b56-a955-1fc4555f10cb:c1774]
2019-09-19 11:26:05,802 [grpc-default-executor-6] INFO  client.GrpcClientProtocolClient (GrpcClientProtocolClient.java:onNext(264)) - client-D9B31DDCE961->18b22b39-7551-46dd-8464-dd74933c4739: receive RaftClientReply:client-D9B31DDCE961->18b22b39-7551-46dd-8464-dd74933c4739@group-597320EF17B3, cid=1311, SUCCESS, logIndex=1776, commits[18b22b39-7551-46dd-8464-dd74933c4739:c1776, 76d6a15c-8eeb-4764-b555-ce8767d18d57:c1774, c90dcfdf-5973-4b56-a955-1fc4555f10cb:c1774]
2019-09-19 11:26:05,829 [grpc-default-executor-1] INFO  client.GrpcClientProtocolClient (GrpcClientProtocolClient.java:onNext(264)) - client-D9B31DDCE961->18b22b39-7551-46dd-8464-dd74933c4739: receive RaftClientReply:client-D9B31DDCE961->18b22b39-7551-46dd-8464-dd74933c4739@group-597320EF17B3, cid=1312, SUCCESS, logIndex=1779, commits[18b22b39-7551-46dd-8464-dd74933c4739:c1780, 76d6a15c-8eeb-4764-b555-ce8767d18d57:c1776, c90dcfdf-5973-4b56-a955-1fc4555f10cb:c1776]
2019-09-19 11:26:05,829 [grpc-default-executor-1] INFO  client.GrpcClientProtocolClient (GrpcClientProtocolClient.java:onNext(264)) - client-D9B31DDCE961->18b22b39-7551-46dd-8464-dd74933c4739: receive RaftClientReply:client-D9B31DDCE961->18b22b39-7551-46dd-8464-dd74933c4739@group-597320EF17B3, cid=1313, SUCCESS, logIndex=1780, commits[18b22b39-7551-46dd-8464-dd74933c4739:c1780, 76d6a15c-8eeb-4764-b555-ce8767d18d57:c1776, c90dcfdf-5973-4b56-a955-1fc4555f10cb:c1776]
2019-09-19 11:26:05,854 [grpc-default-executor-7] INFO  client.GrpcClientProtocolClient (GrpcClientProtocolClient.java:onNext(264)) - client-D9B31DDCE961->18b22b39-7551-46dd-8464-dd74933c4739: receive RaftClientReply:client-D9B31DDCE961->18b22b39-7551-46dd-8464-dd74933c4739@group-597320EF17B3, cid=1314, SUCCESS, logIndex=0, commits[18b22b39-7551-46dd-8464-dd74933c4739:c1782, 76d6a15c-8eeb-4764-b555-ce8767d18d57:c1780, c90dcfdf-5973-4b56-a955-1fc4555f10cb:c1780]
2019-09-19 11:26:05,884 [grpc-default-executor-1] INFO  client.GrpcClientProtocolClient (GrpcClientProtocolClient.java:onNext(264)) - client-D9B31DDCE961->18b22b39-7551-46dd-8464-dd74933c4739: receive RaftClientReply:client-D9B31DDCE961->18b22b39-7551-46dd-8464-dd74933c4739@group-597320EF17B3, cid=1315, SUCCESS, logIndex=1783, commits[18b22b39-7551-46dd-8464-dd74933c4739:c1784, 76d6a15c-8eeb-4764-b555-ce8767d18d57:c1782, c90dcfdf-5973-4b56-a955-1fc4555f10cb:c1782]
2019-09-19 11:26:05,884 [grpc-default-executor-1] INFO  client.GrpcClientProtocolClient (GrpcClientProtocolClient.java:onNext(264)) - client-D9B31DDCE961->18b22b39-7551-46dd-8464-dd74933c4739: receive RaftClientReply:client-D9B31DDCE961->18b22b39-7551-46dd-8464-dd74933c4739@group-597320EF17B3, cid=1316, SUCCESS, logIndex=1784, commits[18b22b39-7551-46dd-8464-dd74933c4739:c1786, 76d6a15c-8eeb-4764-b555-ce8767d18d57:c1782, c90dcfdf-5973-4b56-a955-1fc4555f10cb:c1782]
2019-09-19 11:26:05,885 [grpc-default-executor-1] INFO  client.GrpcClientProtocolClient (GrpcClientProtocolClient.java:onNext(264)) - client-D9B31DDCE961->18b22b39-7551-46dd-8464-dd74933c4739: receive RaftClientReply:client-D9B31DDCE961->18b22b39-7551-46dd-8464-dd74933c4739@group-597320EF17B3, cid=1317, SUCCESS, logIndex=1785, commits[18b22b39-7551-46dd-8464-dd74933c4739:c1786, 76d6a15c-8eeb-4764-b555-ce8767d18d57:c1782, c90dcfdf-5973-4b56-a955-1fc4555f10cb:c1782]
2019-09-19 11:26:05,885 [grpc-default-executor-1] INFO  client.GrpcClientProtocolClient (GrpcClientProtocolClient.java:onNext(264)) - client-D9B31DDCE961->18b22b39-7551-46dd-8464-dd74933c4739: receive RaftClientReply:client-D9B31DDCE961->18b22b39-7551-46dd-8464-dd74933c4739@group-597320EF17B3, cid=1318, SUCCESS, logIndex=1786, commits[18b22b39-7551-46dd-8464-dd74933c4739:c1786, 76d6a15c-8eeb-4764-b555-ce8767d18d57:c1782, c90dcfdf-5973-4b56-a955-1fc4555f10cb:c1782]
2019-09-19 11:26:05,900 [grpc-default-executor-6] INFO  client.GrpcClientProtocolClient (GrpcClientProtocolClient.java:onNext(264)) - client-D9B31DDCE961->18b22b39-7551-46dd-8464-dd74933c4739: receive RaftClientReply:client-D9B31DDCE961->18b22b39-7551-46dd-8464-dd74933c4739@group-597320EF17B3, cid=1319, SUCCESS, logIndex=0, commits[18b22b39-7551-46dd-8464-dd74933c4739:c1788, 76d6a15c-8eeb-4764-b555-ce8767d18d57:c1786, c90dcfdf-5973-4b56-a955-1fc4555f10cb:c1784]
2019-09-19 11:26:05,922 [grpc-default-executor-7] INFO  client.GrpcClientProtocolClient (GrpcClientProtocolClient.java:onNext(264)) - client-D9B31DDCE961->18b22b39-7551-46dd-8464-dd74933c4739: receive RaftClientReply:client-D9B31DDCE961->18b22b39-7551-46dd-8464-dd74933c4739@group-597320EF17B3, cid=1320, SUCCESS, logIndex=1790, commits[18b22b39-7551-46dd-8464-dd74933c4739:c1791, 76d6a15c-8eeb-4764-b555-ce8767d18d57:c1789, c90dcfdf-5973-4b56-a955-1fc4555f10cb:c1789]
2019-09-19 11:26:05,922 [grpc-default-executor-7] INFO  client.GrpcClientProtocolClient (GrpcClientProtocolClient.java:onNext(264)) - client-D9B31DDCE961->18b22b39-7551-46dd-8464-dd74933c4739: receive RaftClientReply:client-D9B31DDCE961->18b22b39-7551-46dd-8464-dd74933c4739@group-597320EF17B3, cid=1321, SUCCESS, logIndex=1791, commits[18b22b39-7551-46dd-8464-dd74933c4739:c1791, 76d6a15c-8eeb-4764-b555-ce8767d18d57:c1789, c90dcfdf-5973-4b56-a955-1fc4555f10cb:c1789]
2019-09-19 11:26:05,948 [grpc-default-executor-1] INFO  client.GrpcClientProtocolClient (GrpcClientProtocolClient.java:onNext(264)) - client-D9B31DDCE961->18b22b39-7551-46dd-8464-dd74933c4739: receive RaftClientReply:client-D9B31DDCE961->18b22b39-7551-46dd-8464-dd74933c4739@group-597320EF17B3, cid=1322, SUCCESS, logIndex=1794, commits[18b22b39-7551-46dd-8464-dd74933c4739:c1795, 76d6a15c-8eeb-4764-b555-ce8767d18d57:c1791, c90dcfdf-5973-4b56-a955-1fc4555f10cb:c1791]
2019-09-19 11:26:05,948 [grpc-default-executor-1] INFO  client.GrpcClientProtocolClient (GrpcClientProtocolClient.java:onNext(264)) - client-D9B31DDCE961->18b22b39-7551-46dd-8464-dd74933c4739: receive RaftClientReply:client-D9B31DDCE961->18b22b39-7551-46dd-8464-dd74933c4739@group-597320EF17B3, cid=1323, SUCCESS, logIndex=1795, commits[18b22b39-7551-46dd-8464-dd74933c4739:c1795, 76d6a15c-8eeb-4764-b555-ce8767d18d57:c1791, c90dcfdf-5973-4b56-a955-1fc4555f10cb:c1791]
2019-09-19 11:26:05,955 [grpc-default-executor-1] INFO  client.GrpcClientProtocolClient (GrpcClientProtocolClient.java:onNext(264)) - client-D9B31DDCE961->18b22b39-7551-46dd-8464-dd74933c4739: receive RaftClientReply:client-D9B31DDCE961->18b22b39-7551-46dd-8464-dd74933c4739@group-597320EF17B3, cid=1324, SUCCESS, logIndex=0, commits[18b22b39-7551-46dd-8464-dd74933c4739:c1796, 76d6a15c-8eeb-4764-b555-ce8767d18d57:c1795, c90dcfdf-5973-4b56-a955-1fc4555f10cb:c1795]
2019-09-19 11:26:05,973 [grpc-default-executor-6] INFO  client.GrpcClientProtocolClient (GrpcClientProtocolClient.java:onNext(264)) - client-D9B31DDCE961->18b22b39-7551-46dd-8464-dd74933c4739: receive RaftClientReply:client-D9B31DDCE961->18b22b39-7551-46dd-8464-dd74933c4739@group-597320EF17B3, cid=1325, SUCCESS, logIndex=1798, commits[18b22b39-7551-46dd-8464-dd74933c4739:c1799, 76d6a15c-8eeb-4764-b555-ce8767d18d57:c1795, c90dcfdf-5973-4b56-a955-1fc4555f10cb:c1797]
2019-09-19 11:26:05,974 [grpc-default-executor-6] INFO  client.GrpcClientProtocolClient (GrpcClientProtocolClient.java:onNext(264)) - client-D9B31DDCE961->18b22b39-7551-46dd-8464-dd74933c4739: receive RaftClientReply:client-D9B31DDCE961->18b22b39-7551-46dd-8464-dd74933c4739@group-597320EF17B3, cid=1326, SUCCESS, logIndex=1799, commits[18b22b39-7551-46dd-8464-dd74933c4739:c1801, 76d6a15c-8eeb-4764-b555-ce8767d18d57:c1797, c90dcfdf-5973-4b56-a955-1fc4555f10cb:c1797]
2019-09-19 11:26:05,974 [grpc-default-executor-6] INFO  client.GrpcClientProtocolClient (GrpcClientProtocolClient.java:onNext(264)) - client-D9B31DDCE961->18b22b39-7551-46dd-8464-dd74933c4739: receive RaftClientReply:client-D9B31DDCE961->18b22b39-7551-46dd-8464-dd74933c4739@group-597320EF17B3, cid=1327, SUCCESS, logIndex=1800, commits[18b22b39-7551-46dd-8464-dd74933c4739:c1801, 76d6a15c-8eeb-4764-b555-ce8767d18d57:c1797, c90dcfdf-5973-4b56-a955-1fc4555f10cb:c1797]
2019-09-19 11:26:05,974 [grpc-default-executor-6] INFO  client.GrpcClientProtocolClient (GrpcClientProtocolClient.java:onNext(264)) - client-D9B31DDCE961->18b22b39-7551-46dd-8464-dd74933c4739: receive RaftClientReply:client-D9B31DDCE961->18b22b39-7551-46dd-8464-dd74933c4739@group-597320EF17B3, cid=1328, SUCCESS, logIndex=1801, commits[18b22b39-7551-46dd-8464-dd74933c4739:c1801, 76d6a15c-8eeb-4764-b555-ce8767d18d57:c1797, c90dcfdf-5973-4b56-a955-1fc4555f10cb:c1797]
2019-09-19 11:26:05,979 [grpc-default-executor-6] INFO  client.GrpcClientProtocolClient (GrpcClientProtocolClient.java:onNext(264)) - client-D9B31DDCE961->18b22b39-7551-46dd-8464-dd74933c4739: receive RaftClientReply:client-D9B31DDCE961->18b22b39-7551-46dd-8464-dd74933c4739@group-597320EF17B3, cid=1329, SUCCESS, logIndex=0, commits[18b22b39-7551-46dd-8464-dd74933c4739:c1802, 76d6a15c-8eeb-4764-b555-ce8767d18d57:c1799, c90dcfdf-5973-4b56-a955-1fc4555f10cb:c1799]
2019-09-19 11:26:05,992 [grpc-default-executor-3] INFO  client.GrpcClientProtocolClient (GrpcClientProtocolClient.java:onNext(264)) - client-D9B31DDCE961->18b22b39-7551-46dd-8464-dd74933c4739: receive RaftClientReply:client-D9B31DDCE961->18b22b39-7551-46dd-8464-dd74933c4739@group-597320EF17B3, cid=1330, SUCCESS, logIndex=1806, commits[18b22b39-7551-46dd-8464-dd74933c4739:c1807, 76d6a15c-8eeb-4764-b555-ce8767d18d57:c1805, c90dcfdf-5973-4b56-a955-1fc4555f10cb:c1805]
2019-09-19 11:26:05,992 [grpc-default-executor-3] INFO  client.GrpcClientProtocolClient (GrpcClientProtocolClient.java:onNext(264)) - client-D9B31DDCE961->18b22b39-7551-46dd-8464-dd74933c4739: receive RaftClientReply:client-D9B31DDCE961->18b22b39-7551-46dd-8464-dd74933c4739@group-597320EF17B3, cid=1331, SUCCESS, logIndex=1807, commits[18b22b39-7551-46dd-8464-dd74933c4739:c1807, 76d6a15c-8eeb-4764-b555-ce8767d18d57:c1805, c90dcfdf-5973-4b56-a955-1fc4555f10cb:c1805]
2019-09-19 11:26:06,003 [grpc-default-executor-3] INFO  client.GrpcClientProtocolClient (GrpcClientProtocolClient.java:onNext(264)) - client-D9B31DDCE961->18b22b39-7551-46dd-8464-dd74933c4739: receive RaftClientReply:client-D9B31DDCE961->18b22b39-7551-46dd-8464-dd74933c4739@group-597320EF17B3, cid=1332, SUCCESS, logIndex=1810, commits[18b22b39-7551-46dd-8464-dd74933c4739:c1811, 76d6a15c-8eeb-4764-b555-ce8767d18d57:c1808, c90dcfdf-5973-4b56-a955-1fc4555f10cb:c1808]
2019-09-19 11:26:06,003 [grpc-default-executor-3] INFO  client.GrpcClientProtocolClient (GrpcClientProtocolClient.java:onNext(264)) - client-D9B31DDCE961->18b22b39-7551-46dd-8464-dd74933c4739: receive RaftClientReply:client-D9B31DDCE961->18b22b39-7551-46dd-8464-dd74933c4739@group-597320EF17B3, cid=1333, SUCCESS, logIndex=1811, commits[18b22b39-7551-46dd-8464-dd74933c4739:c1811, 76d6a15c-8eeb-4764-b555-ce8767d18d57:c1808, c90dcfdf-5973-4b56-a955-1fc4555f10cb:c1808]
2019-09-19 11:26:06,008 [grpc-default-executor-3] INFO  client.GrpcClientProtocolClient (GrpcClientProtocolClient.java:onNext(264)) - client-D9B31DDCE961->18b22b39-7551-46dd-8464-dd74933c4739: receive RaftClientReply:client-D9B31DDCE961->18b22b39-7551-46dd-8464-dd74933c4739@group-597320EF17B3, cid=1334, SUCCESS, logIndex=0, commits[18b22b39-7551-46dd-8464-dd74933c4739:c1813, 76d6a15c-8eeb-4764-b555-ce8767d18d57:c1811, c90dcfdf-5973-4b56-a955-1fc4555f10cb:c1811]
2019-09-19 11:26:06,039 [grpc-default-executor-7] INFO  client.GrpcClientProtocolClient (GrpcClientProtocolClient.java:onNext(264)) - client-D9B31DDCE961->18b22b39-7551-46dd-8464-dd74933c4739: receive RaftClientReply:client-D9B31DDCE961->18b22b39-7551-46dd-8464-dd74933c4739@group-597320EF17B3, cid=1335, SUCCESS, logIndex=1814, commits[18b22b39-7551-46dd-8464-dd74933c4739:c1815, 76d6a15c-8eeb-4764-b555-ce8767d18d57:c1813, c90dcfdf-5973-4b56-a955-1fc4555f10cb:c1813]
2019-09-19 11:26:06,040 [grpc-default-executor-7] INFO  client.GrpcClientProtocolClient (GrpcClientProtocolClient.java:onNext(264)) - client-D9B31DDCE961->18b22b39-7551-46dd-8464-dd74933c4739: receive RaftClientReply:client-D9B31DDCE961->18b22b39-7551-46dd-8464-dd74933c4739@group-597320EF17B3, cid=1336, SUCCESS, logIndex=1815, commits[18b22b39-7551-46dd-8464-dd74933c4739:c1817, 76d6a15c-8eeb-4764-b555-ce8767d18d57:c1813, c90dcfdf-5973-4b56-a955-1fc4555f10cb:c1813]
2019-09-19 11:26:06,040 [grpc-default-executor-7] INFO  client.GrpcClientProtocolClient (GrpcClientProtocolClient.java:onNext(264)) - client-D9B31DDCE961->18b22b39-7551-46dd-8464-dd74933c4739: receive RaftClientReply:client-D9B31DDCE961->18b22b39-7551-46dd-8464-dd74933c4739@group-597320EF17B3, cid=1337, SUCCESS, logIndex=1816, commits[18b22b39-7551-46dd-8464-dd74933c4739:c1817, 76d6a15c-8eeb-4764-b555-ce8767d18d57:c1813, c90dcfdf-5973-4b56-a955-1fc4555f10cb:c1813]
2019-09-19 11:26:06,040 [grpc-default-executor-7] INFO  client.GrpcClientProtocolClient (GrpcClientProtocolClient.java:onNext(264)) - client-D9B31DDCE961->18b22b39-7551-46dd-8464-dd74933c4739: receive RaftClientReply:client-D9B31DDCE961->18b22b39-7551-46dd-8464-dd74933c4739@group-597320EF17B3, cid=1338, SUCCESS, logIndex=1817, commits[18b22b39-7551-46dd-8464-dd74933c4739:c1817, 76d6a15c-8eeb-4764-b555-ce8767d18d57:c1813, c90dcfdf-5973-4b56-a955-1fc4555f10cb:c1813]
2019-09-19 11:26:06,042 [grpc-default-executor-7] INFO  client.GrpcClientProtocolClient (GrpcClientProtocolClient.java:onNext(264)) - client-D9B31DDCE961->18b22b39-7551-46dd-8464-dd74933c4739: receive RaftClientReply:client-D9B31DDCE961->18b22b39-7551-46dd-8464-dd74933c4739@group-597320EF17B3, cid=1339, SUCCESS, logIndex=0, commits[18b22b39-7551-46dd-8464-dd74933c4739:c1817, 76d6a15c-8eeb-4764-b555-ce8767d18d57:c1815, c90dcfdf-5973-4b56-a955-1fc4555f10cb:c1815]
2019-09-19 11:26:06,061 [grpc-default-executor-6] INFO  client.GrpcClientProtocolClient (GrpcClientProtocolClient.java:onNext(264)) - client-D9B31DDCE961->18b22b39-7551-46dd-8464-dd74933c4739: receive RaftClientReply:client-D9B31DDCE961->18b22b39-7551-46dd-8464-dd74933c4739@group-597320EF17B3, cid=1340, SUCCESS, logIndex=1821, commits[18b22b39-7551-46dd-8464-dd74933c4739:c1822, 76d6a15c-8eeb-4764-b555-ce8767d18d57:c1820, c90dcfdf-5973-4b56-a955-1fc4555f10cb:c1820]
2019-09-19 11:26:06,061 [grpc-default-executor-6] INFO  client.GrpcClientProtocolClient (GrpcClientProtocolClient.java:onNext(264)) - client-D9B31DDCE961->18b22b39-7551-46dd-8464-dd74933c4739: receive RaftClientReply:client-D9B31DDCE961->18b22b39-7551-46dd-8464-dd74933c4739@group-597320EF17B3, cid=1341, SUCCESS, logIndex=1822, commits[18b22b39-7551-46dd-8464-dd74933c4739:c1822, 76d6a15c-8eeb-4764-b555-ce8767d18d57:c1820, c90dcfdf-5973-4b56-a955-1fc4555f10cb:c1820]
2019-09-19 11:26:06,075 [grpc-default-executor-3] INFO  client.GrpcClientProtocolClient (GrpcClientProtocolClient.java:onNext(264)) - client-D9B31DDCE961->18b22b39-7551-46dd-8464-dd74933c4739: receive RaftClientReply:client-D9B31DDCE961->18b22b39-7551-46dd-8464-dd74933c4739@group-597320EF17B3, cid=1342, SUCCESS, logIndex=1825, commits[18b22b39-7551-46dd-8464-dd74933c4739:c1825, 76d6a15c-8eeb-4764-b555-ce8767d18d57:c1822, c90dcfdf-5973-4b56-a955-1fc4555f10cb:c1822]
2019-09-19 11:26:06,076 [grpc-default-executor-3] INFO  client.GrpcClientProtocolClient (GrpcClientProtocolClient.java:onNext(264)) - client-D9B31DDCE961->18b22b39-7551-46dd-8464-dd74933c4739: receive RaftClientReply:client-D9B31DDCE961->18b22b39-7551-46dd-8464-dd74933c4739@group-597320EF17B3, cid=1343, SUCCESS, logIndex=1826, commits[18b22b39-7551-46dd-8464-dd74933c4739:c1826, 76d6a15c-8eeb-4764-b555-ce8767d18d57:c1822, c90dcfdf-5973-4b56-a955-1fc4555f10cb:c1822]
2019-09-19 11:26:06,101 [grpc-default-executor-3] INFO  client.GrpcClientProtocolClient (GrpcClientProtocolClient.java:onNext(264)) - client-D9B31DDCE961->18b22b39-7551-46dd-8464-dd74933c4739: receive RaftClientReply:client-D9B31DDCE961->18b22b39-7551-46dd-8464-dd74933c4739@group-597320EF17B3, cid=1344, SUCCESS, logIndex=0, commits[18b22b39-7551-46dd-8464-dd74933c4739:c1827, 76d6a15c-8eeb-4764-b555-ce8767d18d57:c1826, c90dcfdf-5973-4b56-a955-1fc4555f10cb:c1826]
2019-09-19 11:26:06,129 [grpc-default-executor-1] INFO  client.GrpcClientProtocolClient (GrpcClientProtocolClient.java:onNext(264)) - client-D9B31DDCE961->18b22b39-7551-46dd-8464-dd74933c4739: receive RaftClientReply:client-D9B31DDCE961->18b22b39-7551-46dd-8464-dd74933c4739@group-597320EF17B3, cid=1345, SUCCESS, logIndex=1829, commits[18b22b39-7551-46dd-8464-dd74933c4739:c1831, 76d6a15c-8eeb-4764-b555-ce8767d18d57:c1828, c90dcfdf-5973-4b56-a955-1fc4555f10cb:c1828]
2019-09-19 11:26:06,129 [grpc-default-executor-1] INFO  client.GrpcClientProtocolClient (GrpcClientProtocolClient.java:onNext(264)) - client-D9B31DDCE961->18b22b39-7551-46dd-8464-dd74933c4739: receive RaftClientReply:client-D9B31DDCE961->18b22b39-7551-46dd-8464-dd74933c4739@group-597320EF17B3, cid=1346, SUCCESS, logIndex=1830, commits[18b22b39-7551-46dd-8464-dd74933c4739:c1832, 76d6a15c-8eeb-4764-b555-ce8767d18d57:c1828, c90dcfdf-5973-4b56-a955-1fc4555f10cb:c1828]
2019-09-19 11:26:06,130 [grpc-default-executor-1] INFO  client.GrpcClientProtocolClient (GrpcClientProtocolClient.java:onNext(264)) - client-D9B31DDCE961->18b22b39-7551-46dd-8464-dd74933c4739: receive RaftClientReply:client-D9B31DDCE961->18b22b39-7551-46dd-8464-dd74933c4739@group-597320EF17B3, cid=1347, SUCCESS, logIndex=1831, commits[18b22b39-7551-46dd-8464-dd74933c4739:c1832, 76d6a15c-8eeb-4764-b555-ce8767d18d57:c1828, c90dcfdf-5973-4b56-a955-1fc4555f10cb:c1828]
2019-09-19 11:26:06,130 [grpc-default-executor-1] INFO  client.GrpcClientProtocolClient (GrpcClientProtocolClient.java:onNext(264)) - client-D9B31DDCE961->18b22b39-7551-46dd-8464-dd74933c4739: receive RaftClientReply:client-D9B31DDCE961->18b22b39-7551-46dd-8464-dd74933c4739@group-597320EF17B3, cid=1348, SUCCESS, logIndex=1832, commits[18b22b39-7551-46dd-8464-dd74933c4739:c1832, 76d6a15c-8eeb-4764-b555-ce8767d18d57:c1828, c90dcfdf-5973-4b56-a955-1fc4555f10cb:c1828]
2019-09-19 11:26:06,142 [grpc-default-executor-7] INFO  client.GrpcClientProtocolClient (GrpcClientProtocolClient.java:onNext(264)) - client-D9B31DDCE961->18b22b39-7551-46dd-8464-dd74933c4739: receive RaftClientReply:client-D9B31DDCE961->18b22b39-7551-46dd-8464-dd74933c4739@group-597320EF17B3, cid=1349, SUCCESS, logIndex=0, commits[18b22b39-7551-46dd-8464-dd74933c4739:c1832, 76d6a15c-8eeb-4764-b555-ce8767d18d57:c1830, c90dcfdf-5973-4b56-a955-1fc4555f10cb:c1830]
2019-09-19 11:26:06,167 [grpc-default-executor-1] INFO  client.GrpcClientProtocolClient (GrpcClientProtocolClient.java:onNext(264)) - client-D9B31DDCE961->18b22b39-7551-46dd-8464-dd74933c4739: receive RaftClientReply:client-D9B31DDCE961->18b22b39-7551-46dd-8464-dd74933c4739@group-597320EF17B3, cid=1350, SUCCESS, logIndex=1837, commits[18b22b39-7551-46dd-8464-dd74933c4739:c1838, 76d6a15c-8eeb-4764-b555-ce8767d18d57:c1833, c90dcfdf-5973-4b56-a955-1fc4555f10cb:c1833]
2019-09-19 11:26:06,168 [grpc-default-executor-1] INFO  client.GrpcClientProtocolClient (GrpcClientProtocolClient.java:onNext(264)) - client-D9B31DDCE961->18b22b39-7551-46dd-8464-dd74933c4739: receive RaftClientReply:client-D9B31DDCE961->18b22b39-7551-46dd-8464-dd74933c4739@group-597320EF17B3, cid=1351, SUCCESS, logIndex=1838, commits[18b22b39-7551-46dd-8464-dd74933c4739:c1838, 76d6a15c-8eeb-4764-b555-ce8767d18d57:c1833, c90dcfdf-5973-4b56-a955-1fc4555f10cb:c1833]
2019-09-19 11:26:06,201 [grpc-default-executor-3] INFO  client.GrpcClientProtocolClient (GrpcClientProtocolClient.java:onNext(264)) - client-D9B31DDCE961->18b22b39-7551-46dd-8464-dd74933c4739: receive RaftClientReply:client-D9B31DDCE961->18b22b39-7551-46dd-8464-dd74933c4739@group-597320EF17B3, cid=1352, SUCCESS, logIndex=1841, commits[18b22b39-7551-46dd-8464-dd74933c4739:c1842, 76d6a15c-8eeb-4764-b555-ce8767d18d57:c1838, c90dcfdf-5973-4b56-a955-1fc4555f10cb:c1838]
2019-09-19 11:26:06,201 [grpc-default-executor-3] INFO  client.GrpcClientProtocolClient (GrpcClientProtocolClient.java:onNext(264)) - client-D9B31DDCE961->18b22b39-7551-46dd-8464-dd74933c4739: receive RaftClientReply:client-D9B31DDCE961->18b22b39-7551-46dd-8464-dd74933c4739@group-597320EF17B3, cid=1353, SUCCESS, logIndex=1842, commits[18b22b39-7551-46dd-8464-dd74933c4739:c1842, 76d6a15c-8eeb-4764-b555-ce8767d18d57:c1838, c90dcfdf-5973-4b56-a955-1fc4555f10cb:c1838]
 0.00% |█                                                                                                    |  0/1 Time: 0:00:102019-09-19 11:26:06,214 [grpc-default-executor-3] INFO  client.GrpcClientProtocolClient (GrpcClientProtocolClient.java:onNext(264)) - client-D9B31DDCE961->18b22b39-7551-46dd-8464-dd74933c4739: receive RaftClientReply:client-D9B31DDCE961->18b22b39-7551-46dd-8464-dd74933c4739@group-597320EF17B3, cid=1354, SUCCESS, logIndex=0, commits[18b22b39-7551-46dd-8464-dd74933c4739:c1844, 76d6a15c-8eeb-4764-b555-ce8767d18d57:c1842, c90dcfdf-5973-4b56-a955-1fc4555f10cb:c1842]
2019-09-19 11:26:06,235 [grpc-default-executor-3] INFO  client.GrpcClientProtocolClient (GrpcClientProtocolClient.java:onNext(264)) - client-D9B31DDCE961->18b22b39-7551-46dd-8464-dd74933c4739: receive RaftClientReply:client-D9B31DDCE961->18b22b39-7551-46dd-8464-dd74933c4739@group-597320EF17B3, cid=1355, SUCCESS, logIndex=1845, commits[18b22b39-7551-46dd-8464-dd74933c4739:c1846, 76d6a15c-8eeb-4764-b555-ce8767d18d57:c1844, c90dcfdf-5973-4b56-a955-1fc4555f10cb:c1844]
2019-09-19 11:26:06,236 [grpc-default-executor-3] INFO  client.GrpcClientProtocolClient (GrpcClientProtocolClient.java:onNext(264)) - client-D9B31DDCE961->18b22b39-7551-46dd-8464-dd74933c4739: receive RaftClientReply:client-D9B31DDCE961->18b22b39-7551-46dd-8464-dd74933c4739@group-597320EF17B3, cid=1356, SUCCESS, logIndex=1846, commits[18b22b39-7551-46dd-8464-dd74933c4739:c1846, 76d6a15c-8eeb-4764-b555-ce8767d18d57:c1844, c90dcfdf-5973-4b56-a955-1fc4555f10cb:c1844]
2019-09-19 11:26:06,238 [grpc-default-executor-1] INFO  client.GrpcClientProtocolClient (GrpcClientProtocolClient.java:onNext(264)) - client-D9B31DDCE961->18b22b39-7551-46dd-8464-dd74933c4739: receive RaftClientReply:client-D9B31DDCE961->18b22b39-7551-46dd-8464-dd74933c4739@group-597320EF17B3, cid=1357, SUCCESS, logIndex=1847, commits[18b22b39-7551-46dd-8464-dd74933c4739:c1848, 76d6a15c-8eeb-4764-b555-ce8767d18d57:c1844, c90dcfdf-5973-4b56-a955-1fc4555f10cb:c1844]
2019-09-19 11:26:06,238 [grpc-default-executor-1] INFO  client.GrpcClientProtocolClient (GrpcClientProtocolClient.java:onNext(264)) - client-D9B31DDCE961->18b22b39-7551-46dd-8464-dd74933c4739: receive RaftClientReply:client-D9B31DDCE961->18b22b39-7551-46dd-8464-dd74933c4739@group-597320EF17B3, cid=1358, SUCCESS, logIndex=1848, commits[18b22b39-7551-46dd-8464-dd74933c4739:c1849, 76d6a15c-8eeb-4764-b555-ce8767d18d57:c1846, c90dcfdf-5973-4b56-a955-1fc4555f10cb:c1846]
2019-09-19 11:26:06,249 [grpc-default-executor-1] INFO  client.GrpcClientProtocolClient (GrpcClientProtocolClient.java:onNext(264)) - client-D9B31DDCE961->18b22b39-7551-46dd-8464-dd74933c4739: receive RaftClientReply:client-D9B31DDCE961->18b22b39-7551-46dd-8464-dd74933c4739@group-597320EF17B3, cid=1359, SUCCESS, logIndex=1852, commits[18b22b39-7551-46dd-8464-dd74933c4739:c1853, 76d6a15c-8eeb-4764-b555-ce8767d18d57:c1851, c90dcfdf-5973-4b56-a955-1fc4555f10cb:c1851]
2019-09-19 11:26:06,249 [grpc-default-executor-1] INFO  client.GrpcClientProtocolClient (GrpcClientProtocolClient.java:onNext(264)) - client-D9B31DDCE961->18b22b39-7551-46dd-8464-dd74933c4739: receive RaftClientReply:client-D9B31DDCE961->18b22b39-7551-46dd-8464-dd74933c4739@group-597320EF17B3, cid=1360, SUCCESS, logIndex=1853, commits[18b22b39-7551-46dd-8464-dd74933c4739:c1853, 76d6a15c-8eeb-4764-b555-ce8767d18d57:c1851, c90dcfdf-5973-4b56-a955-1fc4555f10cb:c1851]
2019-09-19 11:26:06,259 [grpc-default-executor-3] INFO  client.GrpcClientProtocolClient (GrpcClientProtocolClient.java:onNext(264)) - client-D9B31DDCE961->18b22b39-7551-46dd-8464-dd74933c4739: receive RaftClientReply:client-D9B31DDCE961->18b22b39-7551-46dd-8464-dd74933c4739@group-597320EF17B3, cid=1361, SUCCESS, logIndex=1856, commits[18b22b39-7551-46dd-8464-dd74933c4739:c1857, 76d6a15c-8eeb-4764-b555-ce8767d18d57:c1853, c90dcfdf-5973-4b56-a955-1fc4555f10cb:c1854]
2019-09-19 11:26:06,260 [grpc-default-executor-3] INFO  client.GrpcClientProtocolClient (GrpcClientProtocolClient.java:onNext(264)) - client-D9B31DDCE961->18b22b39-7551-46dd-8464-dd74933c4739: receive RaftClientReply:client-D9B31DDCE961->18b22b39-7551-46dd-8464-dd74933c4739@group-597320EF17B3, cid=1362, SUCCESS, logIndex=1857, commits[18b22b39-7551-46dd-8464-dd74933c4739:c1857, 76d6a15c-8eeb-4764-b555-ce8767d18d57:c1854, c90dcfdf-5973-4b56-a955-1fc4555f10cb:c1854]
2019-09-19 11:26:06,262 [grpc-default-executor-3] INFO  client.GrpcClientProtocolClient (GrpcClientProtocolClient.java:onNext(264)) - client-D9B31DDCE961->18b22b39-7551-46dd-8464-dd74933c4739: receive RaftClientReply:client-D9B31DDCE961->18b22b39-7551-46dd-8464-dd74933c4739@group-597320EF17B3, cid=1363, SUCCESS, logIndex=0, commits[18b22b39-7551-46dd-8464-dd74933c4739:c1858, 76d6a15c-8eeb-4764-b555-ce8767d18d57:c1857, c90dcfdf-5973-4b56-a955-1fc4555f10cb:c1857]
2019-09-19 11:26:06,304 [grpc-default-executor-1] INFO  client.GrpcClientProtocolClient (GrpcClientProtocolClient.java:onNext(264)) - client-D9B31DDCE961->18b22b39-7551-46dd-8464-dd74933c4739: receive RaftClientReply:client-D9B31DDCE961->18b22b39-7551-46dd-8464-dd74933c4739@group-597320EF17B3, cid=1364, SUCCESS, logIndex=1860, commits[18b22b39-7551-46dd-8464-dd74933c4739:c1861, 76d6a15c-8eeb-4764-b555-ce8767d18d57:c1859, c90dcfdf-5973-4b56-a955-1fc4555f10cb:c1859]
2019-09-19 11:26:06,305 [grpc-default-executor-1] INFO  client.GrpcClientProtocolClient (GrpcClientProtocolClient.java:onNext(264)) - client-D9B31DDCE961->18b22b39-7551-46dd-8464-dd74933c4739: receive RaftClientReply:client-D9B31DDCE961->18b22b39-7551-46dd-8464-dd74933c4739@group-597320EF17B3, cid=1365, SUCCESS, logIndex=1861, commits[18b22b39-7551-46dd-8464-dd74933c4739:c1861, 76d6a15c-8eeb-4764-b555-ce8767d18d57:c1859, c90dcfdf-5973-4b56-a955-1fc4555f10cb:c1859]
2019-09-19 11:26:06,831 [grpc-default-executor-7] INFO  client.GrpcClientProtocolClient (GrpcClientProtocolClient.java:onNext(264)) - client-D9B31DDCE961->18b22b39-7551-46dd-8464-dd74933c4739: receive RaftClientReply:client-D9B31DDCE961->18b22b39-7551-46dd-8464-dd74933c4739@group-597320EF17B3, cid=1366, SUCCESS, logIndex=1862, commits[18b22b39-7551-46dd-8464-dd74933c4739:c1865, 76d6a15c-8eeb-4764-b555-ce8767d18d57:c1861, c90dcfdf-5973-4b56-a955-1fc4555f10cb:c1860]
2019-09-19 11:26:06,831 [grpc-default-executor-7] INFO  client.GrpcClientProtocolClient (GrpcClientProtocolClient.java:onNext(264)) - client-D9B31DDCE961->18b22b39-7551-46dd-8464-dd74933c4739: receive RaftClientReply:client-D9B31DDCE961->18b22b39-7551-46dd-8464-dd74933c4739@group-597320EF17B3, cid=1367, SUCCESS, logIndex=1863, commits[18b22b39-7551-46dd-8464-dd74933c4739:c1865, 76d6a15c-8eeb-4764-b555-ce8767d18d57:c1861, c90dcfdf-5973-4b56-a955-1fc4555f10cb:c1861]
2019-09-19 11:26:06,856 [grpc-default-executor-3] INFO  client.GrpcClientProtocolClient (GrpcClientProtocolClient.java:onNext(264)) - client-D9B31DDCE961->18b22b39-7551-46dd-8464-dd74933c4739: receive RaftClientReply:client-D9B31DDCE961->18b22b39-7551-46dd-8464-dd74933c4739@group-597320EF17B3, cid=1368, SUCCESS, logIndex=1868, commits[18b22b39-7551-46dd-8464-dd74933c4739:c1869, 76d6a15c-8eeb-4764-b555-ce8767d18d57:c1863, c90dcfdf-5973-4b56-a955-1fc4555f10cb:c1865]
2019-09-19 11:26:06,858 [grpc-default-executor-3] INFO  client.GrpcClientProtocolClient (GrpcClientProtocolClient.java:onNext(264)) - client-D9B31DDCE961->18b22b39-7551-46dd-8464-dd74933c4739: receive RaftClientReply:client-D9B31DDCE961->18b22b39-7551-46dd-8464-dd74933c4739@group-597320EF17B3, cid=1369, SUCCESS, logIndex=1869, commits[18b22b39-7551-46dd-8464-dd74933c4739:c1869, 76d6a15c-8eeb-4764-b555-ce8767d18d57:c1863, c90dcfdf-5973-4b56-a955-1fc4555f10cb:c1865]
2019-09-19 11:26:06,883 [grpc-default-executor-3] INFO  client.GrpcClientProtocolClient (GrpcClientProtocolClient.java:onNext(264)) - client-D9B31DDCE961->18b22b39-7551-46dd-8464-dd74933c4739: receive RaftClientReply:client-D9B31DDCE961->18b22b39-7551-46dd-8464-dd74933c4739@group-597320EF17B3, cid=1370, SUCCESS, logIndex=1871, commits[18b22b39-7551-46dd-8464-dd74933c4739:c1872, 76d6a15c-8eeb-4764-b555-ce8767d18d57:c1869, c90dcfdf-5973-4b56-a955-1fc4555f10cb:c1869]
2019-09-19 11:26:06,884 [grpc-default-executor-3] INFO  client.GrpcClientProtocolClient (GrpcClientProtocolClient.java:onNext(264)) - client-D9B31DDCE961->18b22b39-7551-46dd-8464-dd74933c4739: receive RaftClientReply:client-D9B31DDCE961->18b22b39-7551-46dd-8464-dd74933c4739@group-597320EF17B3, cid=1371, SUCCESS, logIndex=1872, commits[18b22b39-7551-46dd-8464-dd74933c4739:c1872, 76d6a15c-8eeb-4764-b555-ce8767d18d57:c1869, c90dcfdf-5973-4b56-a955-1fc4555f10cb:c1869]
2019-09-19 11:26:06,918 [grpc-default-executor-3] INFO  client.GrpcClientProtocolClient (GrpcClientProtocolClient.java:onNext(264)) - client-D9B31DDCE961->18b22b39-7551-46dd-8464-dd74933c4739: receive RaftClientReply:client-D9B31DDCE961->18b22b39-7551-46dd-8464-dd74933c4739@group-597320EF17B3, cid=1372, SUCCESS, logIndex=0, commits[18b22b39-7551-46dd-8464-dd74933c4739:c1872, 76d6a15c-8eeb-4764-b555-ce8767d18d57:c1872, c90dcfdf-5973-4b56-a955-1fc4555f10cb:c1872]
2019-09-19 11:26:06,949 [grpc-default-executor-1] INFO  client.GrpcClientProtocolClient (GrpcClientProtocolClient.java:onNext(264)) - client-D9B31DDCE961->18b22b39-7551-46dd-8464-dd74933c4739: receive RaftClientReply:client-D9B31DDCE961->18b22b39-7551-46dd-8464-dd74933c4739@group-597320EF17B3, cid=1373, SUCCESS, logIndex=1874, commits[18b22b39-7551-46dd-8464-dd74933c4739:c1875, 76d6a15c-8eeb-4764-b555-ce8767d18d57:c1873, c90dcfdf-5973-4b56-a955-1fc4555f10cb:c1873]
2019-09-19 11:26:06,950 [grpc-default-executor-1] INFO  client.GrpcClientProtocolClient (GrpcClientProtocolClient.java:onNext(264)) - client-D9B31DDCE961->18b22b39-7551-46dd-8464-dd74933c4739: receive RaftClientReply:client-D9B31DDCE961->18b22b39-7551-46dd-8464-dd74933c4739@group-597320EF17B3, cid=1374, SUCCESS, logIndex=1875, commits[18b22b39-7551-46dd-8464-dd74933c4739:c1877, 76d6a15c-8eeb-4764-b555-ce8767d18d57:c1873, c90dcfdf-5973-4b56-a955-1fc4555f10cb:c1873]
2019-09-19 11:26:06,950 [grpc-default-executor-1] INFO  client.GrpcClientProtocolClient (GrpcClientProtocolClient.java:onNext(264)) - client-D9B31DDCE961->18b22b39-7551-46dd-8464-dd74933c4739: receive RaftClientReply:client-D9B31DDCE961->18b22b39-7551-46dd-8464-dd74933c4739@group-597320EF17B3, cid=1375, SUCCESS, logIndex=1876, commits[18b22b39-7551-46dd-8464-dd74933c4739:c1877, 76d6a15c-8eeb-4764-b555-ce8767d18d57:c1873, c90dcfdf-5973-4b56-a955-1fc4555f10cb:c1873]
2019-09-19 11:26:06,951 [grpc-default-executor-1] INFO  client.GrpcClientProtocolClient (GrpcClientProtocolClient.java:onNext(264)) - client-D9B31DDCE961->18b22b39-7551-46dd-8464-dd74933c4739: receive RaftClientReply:client-D9B31DDCE961->18b22b39-7551-46dd-8464-dd74933c4739@group-597320EF17B3, cid=1376, SUCCESS, logIndex=1877, commits[18b22b39-7551-46dd-8464-dd74933c4739:c1877, 76d6a15c-8eeb-4764-b555-ce8767d18d57:c1873, c90dcfdf-5973-4b56-a955-1fc4555f10cb:c1873]
2019-09-19 11:26:06,961 [grpc-default-executor-1] INFO  client.GrpcClientProtocolClient (GrpcClientProtocolClient.java:onNext(264)) - client-D9B31DDCE961->18b22b39-7551-46dd-8464-dd74933c4739: receive RaftClientReply:client-D9B31DDCE961->18b22b39-7551-46dd-8464-dd74933c4739@group-597320EF17B3, cid=1377, SUCCESS, logIndex=0, commits[18b22b39-7551-46dd-8464-dd74933c4739:c1878, 76d6a15c-8eeb-4764-b555-ce8767d18d57:c1875, c90dcfdf-5973-4b56-a955-1fc4555f10cb:c1875]
2019-09-19 11:26:07,083 [grpc-default-executor-7] INFO  client.GrpcClientProtocolClient (GrpcClientProtocolClient.java:onNext(264)) - client-D9B31DDCE961->18b22b39-7551-46dd-8464-dd74933c4739: receive RaftClientReply:client-D9B31DDCE961->18b22b39-7551-46dd-8464-dd74933c4739@group-597320EF17B3, cid=1378, SUCCESS, logIndex=1882, commits[18b22b39-7551-46dd-8464-dd74933c4739:c1882, 76d6a15c-8eeb-4764-b555-ce8767d18d57:c1881, c90dcfdf-5973-4b56-a955-1fc4555f10cb:c1877]
2019-09-19 11:26:07,083 [grpc-default-executor-7] INFO  client.GrpcClientProtocolClient (GrpcClientProtocolClient.java:onNext(264)) - client-D9B31DDCE961->18b22b39-7551-46dd-8464-dd74933c4739: receive RaftClientReply:client-D9B31DDCE961->18b22b39-7551-46dd-8464-dd74933c4739@group-597320EF17B3, cid=1379, SUCCESS, logIndex=1883, commits[18b22b39-7551-46dd-8464-dd74933c4739:c1883, 76d6a15c-8eeb-4764-b555-ce8767d18d57:c1881, c90dcfdf-5973-4b56-a955-1fc4555f10cb:c1881]
2019-09-19 11:26:07,112 [grpc-default-executor-6] INFO  client.GrpcClientProtocolClient (GrpcClientProtocolClient.java:onNext(264)) - client-D9B31DDCE961->18b22b39-7551-46dd-8464-dd74933c4739: receive RaftClientReply:client-D9B31DDCE961->18b22b39-7551-46dd-8464-dd74933c4739@group-597320EF17B3, cid=1380, SUCCESS, logIndex=1886, commits[18b22b39-7551-46dd-8464-dd74933c4739:c1887, 76d6a15c-8eeb-4764-b555-ce8767d18d57:c1883, c90dcfdf-5973-4b56-a955-1fc4555f10cb:c1883]
2019-09-19 11:26:07,113 [grpc-default-executor-6] INFO  client.GrpcClientProtocolClient (GrpcClientProtocolClient.java:onNext(264)) - client-D9B31DDCE961->18b22b39-7551-46dd-8464-dd74933c4739: receive RaftClientReply:client-D9B31DDCE961->18b22b39-7551-46dd-8464-dd74933c4739@group-597320EF17B3, cid=1381, SUCCESS, logIndex=1887, commits[18b22b39-7551-46dd-8464-dd74933c4739:c1887, 76d6a15c-8eeb-4764-b555-ce8767d18d57:c1883, c90dcfdf-5973-4b56-a955-1fc4555f10cb:c1883]
2019-09-19 11:26:07,138 [grpc-default-executor-1] INFO  client.GrpcClientProtocolClient (GrpcClientProtocolClient.java:onNext(264)) - client-D9B31DDCE961->18b22b39-7551-46dd-8464-dd74933c4739: receive RaftClientReply:client-D9B31DDCE961->18b22b39-7551-46dd-8464-dd74933c4739@group-597320EF17B3, cid=1382, SUCCESS, logIndex=0, commits[18b22b39-7551-46dd-8464-dd74933c4739:c1888, 76d6a15c-8eeb-4764-b555-ce8767d18d57:c1887, c90dcfdf-5973-4b56-a955-1fc4555f10cb:c1887]
2019-09-19 11:26:07,174 [grpc-default-executor-7] INFO  client.GrpcClientProtocolClient (GrpcClientProtocolClient.java:onNext(264)) - client-D9B31DDCE961->18b22b39-7551-46dd-8464-dd74933c4739: receive RaftClientReply:client-D9B31DDCE961->18b22b39-7551-46dd-8464-dd74933c4739@group-597320EF17B3, cid=1383, SUCCESS, logIndex=1890, commits[18b22b39-7551-46dd-8464-dd74933c4739:c1893, 76d6a15c-8eeb-4764-b555-ce8767d18d57:c1889, c90dcfdf-5973-4b56-a955-1fc4555f10cb:c1889]
2019-09-19 11:26:07,175 [grpc-default-executor-7] INFO  client.GrpcClientProtocolClient (GrpcClientProtocolClient.java:onNext(264)) - client-D9B31DDCE961->18b22b39-7551-46dd-8464-dd74933c4739: receive RaftClientReply:client-D9B31DDCE961->18b22b39-7551-46dd-8464-dd74933c4739@group-597320EF17B3, cid=1384, SUCCESS, logIndex=1891, commits[18b22b39-7551-46dd-8464-dd74933c4739:c1893, 76d6a15c-8eeb-4764-b555-ce8767d18d57:c1889, c90dcfdf-5973-4b56-a955-1fc4555f10cb:c1889]
2019-09-19 11:26:07,175 [grpc-default-executor-7] INFO  client.GrpcClientProtocolClient (GrpcClientProtocolClient.java:onNext(264)) - client-D9B31DDCE961->18b22b39-7551-46dd-8464-dd74933c4739: receive RaftClientReply:client-D9B31DDCE961->18b22b39-7551-46dd-8464-dd74933c4739@group-597320EF17B3, cid=1385, SUCCESS, logIndex=1892, commits[18b22b39-7551-46dd-8464-dd74933c4739:c1893, 76d6a15c-8eeb-4764-b555-ce8767d18d57:c1889, c90dcfdf-5973-4b56-a955-1fc4555f10cb:c1889]
2019-09-19 11:26:07,175 [grpc-default-executor-7] INFO  client.GrpcClientProtocolClient (GrpcClientProtocolClient.java:onNext(264)) - client-D9B31DDCE961->18b22b39-7551-46dd-8464-dd74933c4739: receive RaftClientReply:client-D9B31DDCE961->18b22b39-7551-46dd-8464-dd74933c4739@group-597320EF17B3, cid=1386, SUCCESS, logIndex=1893, commits[18b22b39-7551-46dd-8464-dd74933c4739:c1893, 76d6a15c-8eeb-4764-b555-ce8767d18d57:c1889, c90dcfdf-5973-4b56-a955-1fc4555f10cb:c1889]
2019-09-19 11:26:07,198 [grpc-default-executor-7] INFO  client.GrpcClientProtocolClient (GrpcClientProtocolClient.java:onNext(264)) - client-D9B31DDCE961->18b22b39-7551-46dd-8464-dd74933c4739: receive RaftClientReply:client-D9B31DDCE961->18b22b39-7551-46dd-8464-dd74933c4739@group-597320EF17B3, cid=1387, SUCCESS, logIndex=0, commits[18b22b39-7551-46dd-8464-dd74933c4739:c1894, 76d6a15c-8eeb-4764-b555-ce8767d18d57:c1891, c90dcfdf-5973-4b56-a955-1fc4555f10cb:c1891]
 0.00% |█                                                                                                    |  0/1 Time: 0:00:112019-09-19 11:26:07,220 [grpc-default-executor-6] INFO  client.GrpcClientProtocolClient (GrpcClientProtocolClient.java:onNext(264)) - client-D9B31DDCE961->18b22b39-7551-46dd-8464-dd74933c4739: receive RaftClientReply:client-D9B31DDCE961->18b22b39-7551-46dd-8464-dd74933c4739@group-597320EF17B3, cid=1388, SUCCESS, logIndex=1898, commits[18b22b39-7551-46dd-8464-dd74933c4739:c1899, 76d6a15c-8eeb-4764-b555-ce8767d18d57:c1897, c90dcfdf-5973-4b56-a955-1fc4555f10cb:c1897]
2019-09-19 11:26:07,220 [grpc-default-executor-6] INFO  client.GrpcClientProtocolClient (GrpcClientProtocolClient.java:onNext(264)) - client-D9B31DDCE961->18b22b39-7551-46dd-8464-dd74933c4739: receive RaftClientReply:client-D9B31DDCE961->18b22b39-7551-46dd-8464-dd74933c4739@group-597320EF17B3, cid=1389, SUCCESS, logIndex=1899, commits[18b22b39-7551-46dd-8464-dd74933c4739:c1899, 76d6a15c-8eeb-4764-b555-ce8767d18d57:c1897, c90dcfdf-5973-4b56-a955-1fc4555f10cb:c1897]
2019-09-19 11:26:07,234 [grpc-default-executor-6] INFO  client.GrpcClientProtocolClient (GrpcClientProtocolClient.java:onNext(264)) - client-D9B31DDCE961->18b22b39-7551-46dd-8464-dd74933c4739: receive RaftClientReply:client-D9B31DDCE961->18b22b39-7551-46dd-8464-dd74933c4739@group-597320EF17B3, cid=1390, SUCCESS, logIndex=1902, commits[18b22b39-7551-46dd-8464-dd74933c4739:c1902, 76d6a15c-8eeb-4764-b555-ce8767d18d57:c1899, c90dcfdf-5973-4b56-a955-1fc4555f10cb:c1899]
2019-09-19 11:26:07,235 [grpc-default-executor-6] INFO  client.GrpcClientProtocolClient (GrpcClientProtocolClient.java:onNext(264)) - client-D9B31DDCE961->18b22b39-7551-46dd-8464-dd74933c4739: receive RaftClientReply:client-D9B31DDCE961->18b22b39-7551-46dd-8464-dd74933c4739@group-597320EF17B3, cid=1391, SUCCESS, logIndex=1903, commits[18b22b39-7551-46dd-8464-dd74933c4739:c1903, 76d6a15c-8eeb-4764-b555-ce8767d18d57:c1899, c90dcfdf-5973-4b56-a955-1fc4555f10cb:c1899]
2019-09-19 11:26:07,247 [grpc-default-executor-6] INFO  client.GrpcClientProtocolClient (GrpcClientProtocolClient.java:onNext(264)) - client-D9B31DDCE961->18b22b39-7551-46dd-8464-dd74933c4739: receive RaftClientReply:client-D9B31DDCE961->18b22b39-7551-46dd-8464-dd74933c4739@group-597320EF17B3, cid=1392, SUCCESS, logIndex=0, commits[18b22b39-7551-46dd-8464-dd74933c4739:c1905, 76d6a15c-8eeb-4764-b555-ce8767d18d57:c1903, c90dcfdf-5973-4b56-a955-1fc4555f10cb:c1903]
2019-09-19 11:26:07,276 [grpc-default-executor-1] INFO  client.GrpcClientProtocolClient (GrpcClientProtocolClient.java:onNext(264)) - client-D9B31DDCE961->18b22b39-7551-46dd-8464-dd74933c4739: receive RaftClientReply:client-D9B31DDCE961->18b22b39-7551-46dd-8464-dd74933c4739@group-597320EF17B3, cid=1393, SUCCESS, logIndex=1906, commits[18b22b39-7551-46dd-8464-dd74933c4739:c1907, 76d6a15c-8eeb-4764-b555-ce8767d18d57:c1905, c90dcfdf-5973-4b56-a955-1fc4555f10cb:c1905]
2019-09-19 11:26:07,276 [grpc-default-executor-1] INFO  client.GrpcClientProtocolClient (GrpcClientProtocolClient.java:onNext(264)) - client-D9B31DDCE961->18b22b39-7551-46dd-8464-dd74933c4739: receive RaftClientReply:client-D9B31DDCE961->18b22b39-7551-46dd-8464-dd74933c4739@group-597320EF17B3, cid=1394, SUCCESS, logIndex=1907, commits[18b22b39-7551-46dd-8464-dd74933c4739:c1909, 76d6a15c-8eeb-4764-b555-ce8767d18d57:c1905, c90dcfdf-5973-4b56-a955-1fc4555f10cb:c1905]
2019-09-19 11:26:07,277 [grpc-default-executor-1] INFO  client.GrpcClientProtocolClient (GrpcClientProtocolClient.java:onNext(264)) - client-D9B31DDCE961->18b22b39-7551-46dd-8464-dd74933c4739: receive RaftClientReply:client-D9B31DDCE961->18b22b39-7551-46dd-8464-dd74933c4739@group-597320EF17B3, cid=1395, SUCCESS, logIndex=1908, commits[18b22b39-7551-46dd-8464-dd74933c4739:c1909, 76d6a15c-8eeb-4764-b555-ce8767d18d57:c1905, c90dcfdf-5973-4b56-a955-1fc4555f10cb:c1905]
2019-09-19 11:26:07,277 [grpc-default-executor-1] INFO  client.GrpcClientProtocolClient (GrpcClientProtocolClient.java:onNext(264)) - client-D9B31DDCE961->18b22b39-7551-46dd-8464-dd74933c4739: receive RaftClientReply:client-D9B31DDCE961->18b22b39-7551-46dd-8464-dd74933c4739@group-597320EF17B3, cid=1396, SUCCESS, logIndex=1909, commits[18b22b39-7551-46dd-8464-dd74933c4739:c1909, 76d6a15c-8eeb-4764-b555-ce8767d18d57:c1905, c90dcfdf-5973-4b56-a955-1fc4555f10cb:c1905]
2019-09-19 11:26:07,278 [grpc-default-executor-1] INFO  client.GrpcClientProtocolClient (GrpcClientProtocolClient.java:onNext(264)) - client-D9B31DDCE961->18b22b39-7551-46dd-8464-dd74933c4739: receive RaftClientReply:client-D9B31DDCE961->18b22b39-7551-46dd-8464-dd74933c4739@group-597320EF17B3, cid=1397, SUCCESS, logIndex=0, commits[18b22b39-7551-46dd-8464-dd74933c4739:c1909, 76d6a15c-8eeb-4764-b555-ce8767d18d57:c1907, c90dcfdf-5973-4b56-a955-1fc4555f10cb:c1907]
2019-09-19 11:26:07,290 [grpc-default-executor-1] INFO  client.GrpcClientProtocolClient (GrpcClientProtocolClient.java:onNext(264)) - client-D9B31DDCE961->18b22b39-7551-46dd-8464-dd74933c4739: receive RaftClientReply:client-D9B31DDCE961->18b22b39-7551-46dd-8464-dd74933c4739@group-597320EF17B3, cid=1398, SUCCESS, logIndex=1914, commits[18b22b39-7551-46dd-8464-dd74933c4739:c1915, 76d6a15c-8eeb-4764-b555-ce8767d18d57:c1907, c90dcfdf-5973-4b56-a955-1fc4555f10cb:c1913]
2019-09-19 11:26:07,290 [grpc-default-executor-1] INFO  client.GrpcClientProtocolClient (GrpcClientProtocolClient.java:onNext(264)) - client-D9B31DDCE961->18b22b39-7551-46dd-8464-dd74933c4739: receive RaftClientReply:client-D9B31DDCE961->18b22b39-7551-46dd-8464-dd74933c4739@group-597320EF17B3, cid=1399, SUCCESS, logIndex=1915, commits[18b22b39-7551-46dd-8464-dd74933c4739:c1915, 76d6a15c-8eeb-4764-b555-ce8767d18d57:c1913, c90dcfdf-5973-4b56-a955-1fc4555f10cb:c1913]
2019-09-19 11:26:07,301 [grpc-default-executor-7] INFO  client.GrpcClientProtocolClient (GrpcClientProtocolClient.java:onNext(264)) - client-D9B31DDCE961->18b22b39-7551-46dd-8464-dd74933c4739: receive RaftClientReply:client-D9B31DDCE961->18b22b39-7551-46dd-8464-dd74933c4739@group-597320EF17B3, cid=1400, SUCCESS, logIndex=1918, commits[18b22b39-7551-46dd-8464-dd74933c4739:c1919, 76d6a15c-8eeb-4764-b555-ce8767d18d57:c1915, c90dcfdf-5973-4b56-a955-1fc4555f10cb:c1916]
2019-09-19 11:26:07,301 [grpc-default-executor-7] INFO  client.GrpcClientProtocolClient (GrpcClientProtocolClient.java:onNext(264)) - client-D9B31DDCE961->18b22b39-7551-46dd-8464-dd74933c4739: receive RaftClientReply:client-D9B31DDCE961->18b22b39-7551-46dd-8464-dd74933c4739@group-597320EF17B3, cid=1401, SUCCESS, logIndex=1919, commits[18b22b39-7551-46dd-8464-dd74933c4739:c1919, 76d6a15c-8eeb-4764-b555-ce8767d18d57:c1916, c90dcfdf-5973-4b56-a955-1fc4555f10cb:c1916]
2019-09-19 11:26:07,302 [grpc-default-executor-1] INFO  client.GrpcClientProtocolClient (GrpcClientProtocolClient.java:onNext(264)) - client-D9B31DDCE961->18b22b39-7551-46dd-8464-dd74933c4739: receive RaftClientReply:client-D9B31DDCE961->18b22b39-7551-46dd-8464-dd74933c4739@group-597320EF17B3, cid=1402, SUCCESS, logIndex=0, commits[18b22b39-7551-46dd-8464-dd74933c4739:c1920, 76d6a15c-8eeb-4764-b555-ce8767d18d57:c1919, c90dcfdf-5973-4b56-a955-1fc4555f10cb:c1919]
2019-09-19 11:26:07,321 [grpc-default-executor-1] INFO  client.GrpcClientProtocolClient (GrpcClientProtocolClient.java:onNext(264)) - client-D9B31DDCE961->18b22b39-7551-46dd-8464-dd74933c4739: receive RaftClientReply:client-D9B31DDCE961->18b22b39-7551-46dd-8464-dd74933c4739@group-597320EF17B3, cid=1403, SUCCESS, logIndex=1922, commits[18b22b39-7551-46dd-8464-dd74933c4739:c1923, 76d6a15c-8eeb-4764-b555-ce8767d18d57:c1921, c90dcfdf-5973-4b56-a955-1fc4555f10cb:c1921]
2019-09-19 11:26:07,321 [grpc-default-executor-1] INFO  client.GrpcClientProtocolClient (GrpcClientProtocolClient.java:onNext(264)) - client-D9B31DDCE961->18b22b39-7551-46dd-8464-dd74933c4739: receive RaftClientReply:client-D9B31DDCE961->18b22b39-7551-46dd-8464-dd74933c4739@group-597320EF17B3, cid=1404, SUCCESS, logIndex=1923, commits[18b22b39-7551-46dd-8464-dd74933c4739:c1923, 76d6a15c-8eeb-4764-b555-ce8767d18d57:c1921, c90dcfdf-5973-4b56-a955-1fc4555f10cb:c1921]
2019-09-19 11:26:07,322 [grpc-default-executor-1] INFO  client.GrpcClientProtocolClient (GrpcClientProtocolClient.java:onNext(264)) - client-D9B31DDCE961->18b22b39-7551-46dd-8464-dd74933c4739: receive RaftClientReply:client-D9B31DDCE961->18b22b39-7551-46dd-8464-dd74933c4739@group-597320EF17B3, cid=1405, SUCCESS, logIndex=1924, commits[18b22b39-7551-46dd-8464-dd74933c4739:c1925, 76d6a15c-8eeb-4764-b555-ce8767d18d57:c1921, c90dcfdf-5973-4b56-a955-1fc4555f10cb:c1921]
2019-09-19 11:26:07,322 [grpc-default-executor-1] INFO  client.GrpcClientProtocolClient (GrpcClientProtocolClient.java:onNext(264)) - client-D9B31DDCE961->18b22b39-7551-46dd-8464-dd74933c4739: receive RaftClientReply:client-D9B31DDCE961->18b22b39-7551-46dd-8464-dd74933c4739@group-597320EF17B3, cid=1406, SUCCESS, logIndex=1925, commits[18b22b39-7551-46dd-8464-dd74933c4739:c1925, 76d6a15c-8eeb-4764-b555-ce8767d18d57:c1921, c90dcfdf-5973-4b56-a955-1fc4555f10cb:c1921]
2019-09-19 11:26:07,325 [grpc-default-executor-3] INFO  client.GrpcClientProtocolClient (GrpcClientProtocolClient.java:onNext(264)) - client-D9B31DDCE961->18b22b39-7551-46dd-8464-dd74933c4739: receive RaftClientReply:client-D9B31DDCE961->18b22b39-7551-46dd-8464-dd74933c4739@group-597320EF17B3, cid=1407, SUCCESS, logIndex=0, commits[18b22b39-7551-46dd-8464-dd74933c4739:c1927, 76d6a15c-8eeb-4764-b555-ce8767d18d57:c1923, c90dcfdf-5973-4b56-a955-1fc4555f10cb:c1923]
2019-09-19 11:26:07,348 [grpc-default-executor-1] INFO  client.GrpcClientProtocolClient (GrpcClientProtocolClient.java:onNext(264)) - client-D9B31DDCE961->18b22b39-7551-46dd-8464-dd74933c4739: receive RaftClientReply:client-D9B31DDCE961->18b22b39-7551-46dd-8464-dd74933c4739@group-597320EF17B3, cid=1408, SUCCESS, logIndex=1930, commits[18b22b39-7551-46dd-8464-dd74933c4739:c1931, 76d6a15c-8eeb-4764-b555-ce8767d18d57:c1925, c90dcfdf-5973-4b56-a955-1fc4555f10cb:c1929]
2019-09-19 11:26:07,348 [grpc-default-executor-1] INFO  client.GrpcClientProtocolClient (GrpcClientProtocolClient.java:onNext(264)) - client-D9B31DDCE961->18b22b39-7551-46dd-8464-dd74933c4739: receive RaftClientReply:client-D9B31DDCE961->18b22b39-7551-46dd-8464-dd74933c4739@group-597320EF17B3, cid=1409, SUCCESS, logIndex=1931, commits[18b22b39-7551-46dd-8464-dd74933c4739:c1931, 76d6a15c-8eeb-4764-b555-ce8767d18d57:c1929, c90dcfdf-5973-4b56-a955-1fc4555f10cb:c1929]
2019-09-19 11:26:07,376 [grpc-default-executor-7] INFO  client.GrpcClientProtocolClient (GrpcClientProtocolClient.java:onNext(264)) - client-D9B31DDCE961->18b22b39-7551-46dd-8464-dd74933c4739: receive RaftClientReply:client-D9B31DDCE961->18b22b39-7551-46dd-8464-dd74933c4739@group-597320EF17B3, cid=1410, SUCCESS, logIndex=1934, commits[18b22b39-7551-46dd-8464-dd74933c4739:c1935, 76d6a15c-8eeb-4764-b555-ce8767d18d57:c1932, c90dcfdf-5973-4b56-a955-1fc4555f10cb:c1932]
2019-09-19 11:26:07,376 [grpc-default-executor-7] INFO  client.GrpcClientProtocolClient (GrpcClientProtocolClient.java:onNext(264)) - client-D9B31DDCE961->18b22b39-7551-46dd-8464-dd74933c4739: receive RaftClientReply:client-D9B31DDCE961->18b22b39-7551-46dd-8464-dd74933c4739@group-597320EF17B3, cid=1411, SUCCESS, logIndex=1935, commits[18b22b39-7551-46dd-8464-dd74933c4739:c1935, 76d6a15c-8eeb-4764-b555-ce8767d18d57:c1932, c90dcfdf-5973-4b56-a955-1fc4555f10cb:c1932]
2019-09-19 11:26:07,391 [grpc-default-executor-7] INFO  client.GrpcClientProtocolClient (GrpcClientProtocolClient.java:onNext(264)) - client-D9B31DDCE961->18b22b39-7551-46dd-8464-dd74933c4739: receive RaftClientReply:client-D9B31DDCE961->18b22b39-7551-46dd-8464-dd74933c4739@group-597320EF17B3, cid=1412, SUCCESS, logIndex=0, commits[18b22b39-7551-46dd-8464-dd74933c4739:c1936, 76d6a15c-8eeb-4764-b555-ce8767d18d57:c1935, c90dcfdf-5973-4b56-a955-1fc4555f10cb:c1935]
2019-09-19 11:26:07,443 [grpc-default-executor-3] INFO  client.GrpcClientProtocolClient (GrpcClientProtocolClient.java:onNext(264)) - client-D9B31DDCE961->18b22b39-7551-46dd-8464-dd74933c4739: receive RaftClientReply:client-D9B31DDCE961->18b22b39-7551-46dd-8464-dd74933c4739@group-597320EF17B3, cid=1413, SUCCESS, logIndex=1938, commits[18b22b39-7551-46dd-8464-dd74933c4739:c1941, 76d6a15c-8eeb-4764-b555-ce8767d18d57:c1937, c90dcfdf-5973-4b56-a955-1fc4555f10cb:c1937]
2019-09-19 11:26:07,443 [grpc-default-executor-3] INFO  client.GrpcClientProtocolClient (GrpcClientProtocolClient.java:onNext(264)) - client-D9B31DDCE961->18b22b39-7551-46dd-8464-dd74933c4739: receive RaftClientReply:client-D9B31DDCE961->18b22b39-7551-46dd-8464-dd74933c4739@group-597320EF17B3, cid=1414, SUCCESS, logIndex=1939, commits[18b22b39-7551-46dd-8464-dd74933c4739:c1941, 76d6a15c-8eeb-4764-b555-ce8767d18d57:c1937, c90dcfdf-5973-4b56-a955-1fc4555f10cb:c1937]
2019-09-19 11:26:07,443 [grpc-default-executor-3] INFO  client.GrpcClientProtocolClient (GrpcClientProtocolClient.java:onNext(264)) - client-D9B31DDCE961->18b22b39-7551-46dd-8464-dd74933c4739: receive RaftClientReply:client-D9B31DDCE961->18b22b39-7551-46dd-8464-dd74933c4739@group-597320EF17B3, cid=1415, SUCCESS, logIndex=1940, commits[18b22b39-7551-46dd-8464-dd74933c4739:c1941, 76d6a15c-8eeb-4764-b555-ce8767d18d57:c1937, c90dcfdf-5973-4b56-a955-1fc4555f10cb:c1937]
2019-09-19 11:26:07,444 [grpc-default-executor-3] INFO  client.GrpcClientProtocolClient (GrpcClientProtocolClient.java:onNext(264)) - client-D9B31DDCE961->18b22b39-7551-46dd-8464-dd74933c4739: receive RaftClientReply:client-D9B31DDCE961->18b22b39-7551-46dd-8464-dd74933c4739@group-597320EF17B3, cid=1416, SUCCESS, logIndex=1941, commits[18b22b39-7551-46dd-8464-dd74933c4739:c1941, 76d6a15c-8eeb-4764-b555-ce8767d18d57:c1937, c90dcfdf-5973-4b56-a955-1fc4555f10cb:c1937]
2019-09-19 11:26:07,445 [grpc-default-executor-6] INFO  client.GrpcClientProtocolClient (GrpcClientProtocolClient.java:onNext(264)) - client-D9B31DDCE961->18b22b39-7551-46dd-8464-dd74933c4739: receive RaftClientReply:client-D9B31DDCE961->18b22b39-7551-46dd-8464-dd74933c4739@group-597320EF17B3, cid=1417, SUCCESS, logIndex=0, commits[18b22b39-7551-46dd-8464-dd74933c4739:c1942, 76d6a15c-8eeb-4764-b555-ce8767d18d57:c1939, c90dcfdf-5973-4b56-a955-1fc4555f10cb:c1939]
2019-09-19 11:26:07,458 [grpc-default-executor-6] INFO  client.GrpcClientProtocolClient (GrpcClientProtocolClient.java:onNext(264)) - client-D9B31DDCE961->18b22b39-7551-46dd-8464-dd74933c4739: receive RaftClientReply:client-D9B31DDCE961->18b22b39-7551-46dd-8464-dd74933c4739@group-597320EF17B3, cid=1418, SUCCESS, logIndex=1946, commits[18b22b39-7551-46dd-8464-dd74933c4739:c1947, 76d6a15c-8eeb-4764-b555-ce8767d18d57:c1941, c90dcfdf-5973-4b56-a955-1fc4555f10cb:c1942]
2019-09-19 11:26:07,459 [grpc-default-executor-6] INFO  client.GrpcClientProtocolClient (GrpcClientProtocolClient.java:onNext(264)) - client-D9B31DDCE961->18b22b39-7551-46dd-8464-dd74933c4739: receive RaftClientReply:client-D9B31DDCE961->18b22b39-7551-46dd-8464-dd74933c4739@group-597320EF17B3, cid=1419, SUCCESS, logIndex=1947, commits[18b22b39-7551-46dd-8464-dd74933c4739:c1947, 76d6a15c-8eeb-4764-b555-ce8767d18d57:c1941, c90dcfdf-5973-4b56-a955-1fc4555f10cb:c1942]
2019-09-19 11:26:07,485 [grpc-default-executor-3] INFO  client.GrpcClientProtocolClient (GrpcClientProtocolClient.java:onNext(264)) - client-D9B31DDCE961->18b22b39-7551-46dd-8464-dd74933c4739: receive RaftClientReply:client-D9B31DDCE961->18b22b39-7551-46dd-8464-dd74933c4739@group-597320EF17B3, cid=1420, SUCCESS, logIndex=1950, commits[18b22b39-7551-46dd-8464-dd74933c4739:c1951, 76d6a15c-8eeb-4764-b555-ce8767d18d57:c1948, c90dcfdf-5973-4b56-a955-1fc4555f10cb:c1947]
2019-09-19 11:26:07,486 [grpc-default-executor-3] INFO  client.GrpcClientProtocolClient (GrpcClientProtocolClient.java:onNext(264)) - client-D9B31DDCE961->18b22b39-7551-46dd-8464-dd74933c4739: receive RaftClientReply:client-D9B31DDCE961->18b22b39-7551-46dd-8464-dd74933c4739@group-597320EF17B3, cid=1421, SUCCESS, logIndex=1951, commits[18b22b39-7551-46dd-8464-dd74933c4739:c1951, 76d6a15c-8eeb-4764-b555-ce8767d18d57:c1948, c90dcfdf-5973-4b56-a955-1fc4555f10cb:c1948]
2019-09-19 11:26:07,498 [grpc-default-executor-3] INFO  client.GrpcClientProtocolClient (GrpcClientProtocolClient.java:onNext(264)) - client-D9B31DDCE961->18b22b39-7551-46dd-8464-dd74933c4739: receive RaftClientReply:client-D9B31DDCE961->18b22b39-7551-46dd-8464-dd74933c4739@group-597320EF17B3, cid=1422, SUCCESS, logIndex=0, commits[18b22b39-7551-46dd-8464-dd74933c4739:c1952, 76d6a15c-8eeb-4764-b555-ce8767d18d57:c1951, c90dcfdf-5973-4b56-a955-1fc4555f10cb:c1951]
2019-09-19 11:26:07,522 [grpc-default-executor-7] INFO  client.GrpcClientProtocolClient (GrpcClientProtocolClient.java:onNext(264)) - client-D9B31DDCE961->18b22b39-7551-46dd-8464-dd74933c4739: receive RaftClientReply:client-D9B31DDCE961->18b22b39-7551-46dd-8464-dd74933c4739@group-597320EF17B3, cid=1423, SUCCESS, logIndex=1953, commits[18b22b39-7551-46dd-8464-dd74933c4739:c1954, 76d6a15c-8eeb-4764-b555-ce8767d18d57:c1952, c90dcfdf-5973-4b56-a955-1fc4555f10cb:c1951]
2019-09-19 11:26:07,522 [grpc-default-executor-7] INFO  client.GrpcClientProtocolClient (GrpcClientProtocolClient.java:onNext(264)) - client-D9B31DDCE961->18b22b39-7551-46dd-8464-dd74933c4739: receive RaftClientReply:client-D9B31DDCE961->18b22b39-7551-46dd-8464-dd74933c4739@group-597320EF17B3, cid=1424, SUCCESS, logIndex=1954, commits[18b22b39-7551-46dd-8464-dd74933c4739:c1954, 76d6a15c-8eeb-4764-b555-ce8767d18d57:c1952, c90dcfdf-5973-4b56-a955-1fc4555f10cb:c1951]
2019-09-19 11:26:07,556 [grpc-default-executor-6] INFO  client.GrpcClientProtocolClient (GrpcClientProtocolClient.java:onNext(264)) - client-D9B31DDCE961->18b22b39-7551-46dd-8464-dd74933c4739: receive RaftClientReply:client-D9B31DDCE961->18b22b39-7551-46dd-8464-dd74933c4739@group-597320EF17B3, cid=1425, SUCCESS, logIndex=1955, commits[18b22b39-7551-46dd-8464-dd74933c4739:c1957, 76d6a15c-8eeb-4764-b555-ce8767d18d57:c1953, c90dcfdf-5973-4b56-a955-1fc4555f10cb:c1952]
2019-09-19 11:26:07,556 [grpc-default-executor-6] INFO  client.GrpcClientProtocolClient (GrpcClientProtocolClient.java:onNext(264)) - client-D9B31DDCE961->18b22b39-7551-46dd-8464-dd74933c4739: receive RaftClientReply:client-D9B31DDCE961->18b22b39-7551-46dd-8464-dd74933c4739@group-597320EF17B3, cid=1426, SUCCESS, logIndex=1956, commits[18b22b39-7551-46dd-8464-dd74933c4739:c1958, 76d6a15c-8eeb-4764-b555-ce8767d18d57:c1954, c90dcfdf-5973-4b56-a955-1fc4555f10cb:c1954]
2019-09-19 11:26:07,583 [grpc-default-executor-7] INFO  client.GrpcClientProtocolClient (GrpcClientProtocolClient.java:onNext(264)) - client-D9B31DDCE961->18b22b39-7551-46dd-8464-dd74933c4739: receive RaftClientReply:client-D9B31DDCE961->18b22b39-7551-46dd-8464-dd74933c4739@group-597320EF17B3, cid=1427, SUCCESS, logIndex=1961, commits[18b22b39-7551-46dd-8464-dd74933c4739:c1962, 76d6a15c-8eeb-4764-b555-ce8767d18d57:c1958, c90dcfdf-5973-4b56-a955-1fc4555f10cb:c1958]
2019-09-19 11:26:07,583 [grpc-default-executor-7] INFO  client.GrpcClientProtocolClient (GrpcClientProtocolClient.java:onNext(264)) - client-D9B31DDCE961->18b22b39-7551-46dd-8464-dd74933c4739: receive RaftClientReply:client-D9B31DDCE961->18b22b39-7551-46dd-8464-dd74933c4739@group-597320EF17B3, cid=1428, SUCCESS, logIndex=1962, commits[18b22b39-7551-46dd-8464-dd74933c4739:c1962, 76d6a15c-8eeb-4764-b555-ce8767d18d57:c1958, c90dcfdf-5973-4b56-a955-1fc4555f10cb:c1958]
2019-09-19 11:26:07,595 [grpc-default-executor-6] INFO  client.GrpcClientProtocolClient (GrpcClientProtocolClient.java:onNext(264)) - client-D9B31DDCE961->18b22b39-7551-46dd-8464-dd74933c4739: receive RaftClientReply:client-D9B31DDCE961->18b22b39-7551-46dd-8464-dd74933c4739@group-597320EF17B3, cid=1429, SUCCESS, logIndex=1965, commits[18b22b39-7551-46dd-8464-dd74933c4739:c1966, 76d6a15c-8eeb-4764-b555-ce8767d18d57:c1963, c90dcfdf-5973-4b56-a955-1fc4555f10cb:c1963]
2019-09-19 11:26:07,595 [grpc-default-executor-6] INFO  client.GrpcClientProtocolClient (GrpcClientProtocolClient.java:onNext(264)) - client-D9B31DDCE961->18b22b39-7551-46dd-8464-dd74933c4739: receive RaftClientReply:client-D9B31DDCE961->18b22b39-7551-46dd-8464-dd74933c4739@group-597320EF17B3, cid=1430, SUCCESS, logIndex=1966, commits[18b22b39-7551-46dd-8464-dd74933c4739:c1966, 76d6a15c-8eeb-4764-b555-ce8767d18d57:c1963, c90dcfdf-5973-4b56-a955-1fc4555f10cb:c1963]
2019-09-19 11:26:07,611 [grpc-default-executor-7] INFO  client.GrpcClientProtocolClient (GrpcClientProtocolClient.java:onNext(264)) - client-D9B31DDCE961->18b22b39-7551-46dd-8464-dd74933c4739: receive RaftClientReply:client-D9B31DDCE961->18b22b39-7551-46dd-8464-dd74933c4739@group-597320EF17B3, cid=1431, SUCCESS, logIndex=0, commits[18b22b39-7551-46dd-8464-dd74933c4739:c1967, 76d6a15c-8eeb-4764-b555-ce8767d18d57:c1966, c90dcfdf-5973-4b56-a955-1fc4555f10cb:c1966]
2019-09-19 11:26:07,804 [grpc-default-executor-6] INFO  client.GrpcClientProtocolClient (GrpcClientProtocolClient.java:onNext(264)) - client-D9B31DDCE961->18b22b39-7551-46dd-8464-dd74933c4739: receive RaftClientReply:client-D9B31DDCE961->18b22b39-7551-46dd-8464-dd74933c4739@group-597320EF17B3, cid=1432, SUCCESS, logIndex=1969, commits[18b22b39-7551-46dd-8464-dd74933c4739:c1970, 76d6a15c-8eeb-4764-b555-ce8767d18d57:c1967, c90dcfdf-5973-4b56-a955-1fc4555f10cb:c1967]
2019-09-19 11:26:07,804 [grpc-default-executor-6] INFO  client.GrpcClientProtocolClient (GrpcClientProtocolClient.java:onNext(264)) - client-D9B31DDCE961->18b22b39-7551-46dd-8464-dd74933c4739: receive RaftClientReply:client-D9B31DDCE961->18b22b39-7551-46dd-8464-dd74933c4739@group-597320EF17B3, cid=1433, SUCCESS, logIndex=1970, commits[18b22b39-7551-46dd-8464-dd74933c4739:c1972, 76d6a15c-8eeb-4764-b555-ce8767d18d57:c1968, c90dcfdf-5973-4b56-a955-1fc4555f10cb:c1968]
2019-09-19 11:26:07,804 [grpc-default-executor-6] INFO  client.GrpcClientProtocolClient (GrpcClientProtocolClient.java:onNext(264)) - client-D9B31DDCE961->18b22b39-7551-46dd-8464-dd74933c4739: receive RaftClientReply:client-D9B31DDCE961->18b22b39-7551-46dd-8464-dd74933c4739@group-597320EF17B3, cid=1434, SUCCESS, logIndex=1971, commits[18b22b39-7551-46dd-8464-dd74933c4739:c1972, 76d6a15c-8eeb-4764-b555-ce8767d18d57:c1968, c90dcfdf-5973-4b56-a955-1fc4555f10cb:c1968]
2019-09-19 11:26:07,805 [grpc-default-executor-6] INFO  client.GrpcClientProtocolClient (GrpcClientProtocolClient.java:onNext(264)) - client-D9B31DDCE961->18b22b39-7551-46dd-8464-dd74933c4739: receive RaftClientReply:client-D9B31DDCE961->18b22b39-7551-46dd-8464-dd74933c4739@group-597320EF17B3, cid=1435, SUCCESS, logIndex=1972, commits[18b22b39-7551-46dd-8464-dd74933c4739:c1972, 76d6a15c-8eeb-4764-b555-ce8767d18d57:c1968, c90dcfdf-5973-4b56-a955-1fc4555f10cb:c1968]
2019-09-19 11:26:07,815 [grpc-default-executor-7] INFO  client.GrpcClientProtocolClient (GrpcClientProtocolClient.java:onNext(264)) - client-D9B31DDCE961->18b22b39-7551-46dd-8464-dd74933c4739: receive RaftClientReply:client-D9B31DDCE961->18b22b39-7551-46dd-8464-dd74933c4739@group-597320EF17B3, cid=1436, SUCCESS, logIndex=0, commits[18b22b39-7551-46dd-8464-dd74933c4739:c1973, 76d6a15c-8eeb-4764-b555-ce8767d18d57:c1970, c90dcfdf-5973-4b56-a955-1fc4555f10cb:c1970]
2019-09-19 11:26:07,836 [grpc-default-executor-1] INFO  client.GrpcClientProtocolClient (GrpcClientProtocolClient.java:onNext(264)) - client-D9B31DDCE961->18b22b39-7551-46dd-8464-dd74933c4739: receive RaftClientReply:client-D9B31DDCE961->18b22b39-7551-46dd-8464-dd74933c4739@group-597320EF17B3, cid=1437, SUCCESS, logIndex=1977, commits[18b22b39-7551-46dd-8464-dd74933c4739:c1978, 76d6a15c-8eeb-4764-b555-ce8767d18d57:c1976, c90dcfdf-5973-4b56-a955-1fc4555f10cb:c1976]
2019-09-19 11:26:07,836 [grpc-default-executor-1] INFO  client.GrpcClientProtocolClient (GrpcClientProtocolClient.java:onNext(264)) - client-D9B31DDCE961->18b22b39-7551-46dd-8464-dd74933c4739: receive RaftClientReply:client-D9B31DDCE961->18b22b39-7551-46dd-8464-dd74933c4739@group-597320EF17B3, cid=1438, SUCCESS, logIndex=1978, commits[18b22b39-7551-46dd-8464-dd74933c4739:c1978, 76d6a15c-8eeb-4764-b555-ce8767d18d57:c1976, c90dcfdf-5973-4b56-a955-1fc4555f10cb:c1976]
2019-09-19 11:26:07,861 [grpc-default-executor-6] INFO  client.GrpcClientProtocolClient (GrpcClientProtocolClient.java:onNext(264)) - client-D9B31DDCE961->18b22b39-7551-46dd-8464-dd74933c4739: receive RaftClientReply:client-D9B31DDCE961->18b22b39-7551-46dd-8464-dd74933c4739@group-597320EF17B3, cid=1439, SUCCESS, logIndex=1981, commits[18b22b39-7551-46dd-8464-dd74933c4739:c1981, 76d6a15c-8eeb-4764-b555-ce8767d18d57:c1978, c90dcfdf-5973-4b56-a955-1fc4555f10cb:c1978]
2019-09-19 11:26:07,862 [grpc-default-executor-6] INFO  client.GrpcClientProtocolClient (GrpcClientProtocolClient.java:onNext(264)) - client-D9B31DDCE961->18b22b39-7551-46dd-8464-dd74933c4739: receive RaftClientReply:client-D9B31DDCE961->18b22b39-7551-46dd-8464-dd74933c4739@group-597320EF17B3, cid=1440, SUCCESS, logIndex=1982, commits[18b22b39-7551-46dd-8464-dd74933c4739:c1982, 76d6a15c-8eeb-4764-b555-ce8767d18d57:c1978, c90dcfdf-5973-4b56-a955-1fc4555f10cb:c1978]
2019-09-19 11:26:07,871 [grpc-default-executor-7] INFO  client.GrpcClientProtocolClient (GrpcClientProtocolClient.java:onNext(264)) - client-D9B31DDCE961->18b22b39-7551-46dd-8464-dd74933c4739: receive RaftClientReply:client-D9B31DDCE961->18b22b39-7551-46dd-8464-dd74933c4739@group-597320EF17B3, cid=1441, SUCCESS, logIndex=0, commits[18b22b39-7551-46dd-8464-dd74933c4739:c1984, 76d6a15c-8eeb-4764-b555-ce8767d18d57:c1982, c90dcfdf-5973-4b56-a955-1fc4555f10cb:c1982]
2019-09-19 11:26:07,899 [grpc-default-executor-7] INFO  client.GrpcClientProtocolClient (GrpcClientProtocolClient.java:onNext(264)) - client-D9B31DDCE961->18b22b39-7551-46dd-8464-dd74933c4739: receive RaftClientReply:client-D9B31DDCE961->18b22b39-7551-46dd-8464-dd74933c4739@group-597320EF17B3, cid=1442, SUCCESS, logIndex=1985, commits[18b22b39-7551-46dd-8464-dd74933c4739:c1986, 76d6a15c-8eeb-4764-b555-ce8767d18d57:c1984, c90dcfdf-5973-4b56-a955-1fc4555f10cb:c1984]
2019-09-19 11:26:07,985 [grpc-default-executor-3] INFO  client.GrpcClientProtocolClient (GrpcClientProtocolClient.java:onNext(264)) - client-D9B31DDCE961->18b22b39-7551-46dd-8464-dd74933c4739: receive RaftClientReply:client-D9B31DDCE961->18b22b39-7551-46dd-8464-dd74933c4739@group-597320EF17B3, cid=1443, SUCCESS, logIndex=1986, commits[18b22b39-7551-46dd-8464-dd74933c4739:c1986, 76d6a15c-8eeb-4764-b555-ce8767d18d57:c1984, c90dcfdf-5973-4b56-a955-1fc4555f10cb:c1984]
2019-09-19 11:26:07,985 [grpc-default-executor-7] INFO  client.GrpcClientProtocolClient (GrpcClientProtocolClient.java:onNext(264)) - client-D9B31DDCE961->18b22b39-7551-46dd-8464-dd74933c4739: receive RaftClientReply:client-D9B31DDCE961->18b22b39-7551-46dd-8464-dd74933c4739@group-597320EF17B3, cid=1444, SUCCESS, logIndex=1987, commits[18b22b39-7551-46dd-8464-dd74933c4739:c1988, 76d6a15c-8eeb-4764-b555-ce8767d18d57:c1984, c90dcfdf-5973-4b56-a955-1fc4555f10cb:c1984]
2019-09-19 11:26:07,986 [grpc-default-executor-7] INFO  client.GrpcClientProtocolClient (GrpcClientProtocolClient.java:onNext(264)) - client-D9B31DDCE961->18b22b39-7551-46dd-8464-dd74933c4739: receive RaftClientReply:client-D9B31DDCE961->18b22b39-7551-46dd-8464-dd74933c4739@group-597320EF17B3, cid=1445, SUCCESS, logIndex=1988, commits[18b22b39-7551-46dd-8464-dd74933c4739:c1988, 76d6a15c-8eeb-4764-b555-ce8767d18d57:c1984, c90dcfdf-5973-4b56-a955-1fc4555f10cb:c1984]
2019-09-19 11:26:07,997 [grpc-default-executor-1] INFO  client.GrpcClientProtocolClient (GrpcClientProtocolClient.java:onNext(264)) - client-D9B31DDCE961->18b22b39-7551-46dd-8464-dd74933c4739: receive RaftClientReply:client-D9B31DDCE961->18b22b39-7551-46dd-8464-dd74933c4739@group-597320EF17B3, cid=1446, SUCCESS, logIndex=0, commits[18b22b39-7551-46dd-8464-dd74933c4739:c1989, 76d6a15c-8eeb-4764-b555-ce8767d18d57:c1986, c90dcfdf-5973-4b56-a955-1fc4555f10cb:c1986]
2019-09-19 11:26:08,017 [grpc-default-executor-7] INFO  client.GrpcClientProtocolClient (GrpcClientProtocolClient.java:onNext(264)) - client-D9B31DDCE961->18b22b39-7551-46dd-8464-dd74933c4739: receive RaftClientReply:client-D9B31DDCE961->18b22b39-7551-46dd-8464-dd74933c4739@group-597320EF17B3, cid=1447, SUCCESS, logIndex=1993, commits[18b22b39-7551-46dd-8464-dd74933c4739:c1994, 76d6a15c-8eeb-4764-b555-ce8767d18d57:c1992, c90dcfdf-5973-4b56-a955-1fc4555f10cb:c1992]
2019-09-19 11:26:08,017 [grpc-default-executor-7] INFO  client.GrpcClientProtocolClient (GrpcClientProtocolClient.java:onNext(264)) - client-D9B31DDCE961->18b22b39-7551-46dd-8464-dd74933c4739: receive RaftClientReply:client-D9B31DDCE961->18b22b39-7551-46dd-8464-dd74933c4739@group-597320EF17B3, cid=1448, SUCCESS, logIndex=1994, commits[18b22b39-7551-46dd-8464-dd74933c4739:c1994, 76d6a15c-8eeb-4764-b555-ce8767d18d57:c1992, c90dcfdf-5973-4b56-a955-1fc4555f10cb:c1992]
2019-09-19 11:26:08,043 [grpc-default-executor-1] INFO  client.GrpcClientProtocolClient (GrpcClientProtocolClient.java:onNext(264)) - client-D9B31DDCE961->18b22b39-7551-46dd-8464-dd74933c4739: receive RaftClientReply:client-D9B31DDCE961->18b22b39-7551-46dd-8464-dd74933c4739@group-597320EF17B3, cid=1449, SUCCESS, logIndex=1997, commits[18b22b39-7551-46dd-8464-dd74933c4739:c1998, 76d6a15c-8eeb-4764-b555-ce8767d18d57:c1994, c90dcfdf-5973-4b56-a955-1fc4555f10cb:c1994]
2019-09-19 11:26:08,043 [grpc-default-executor-1] INFO  client.GrpcClientProtocolClient (GrpcClientProtocolClient.java:onNext(264)) - client-D9B31DDCE961->18b22b39-7551-46dd-8464-dd74933c4739: receive RaftClientReply:client-D9B31DDCE961->18b22b39-7551-46dd-8464-dd74933c4739@group-597320EF17B3, cid=1450, SUCCESS, logIndex=1998, commits[18b22b39-7551-46dd-8464-dd74933c4739:c1998, 76d6a15c-8eeb-4764-b555-ce8767d18d57:c1994, c90dcfdf-5973-4b56-a955-1fc4555f10cb:c1994]
2019-09-19 11:26:08,069 [grpc-default-executor-1] INFO  client.GrpcClientProtocolClient (GrpcClientProtocolClient.java:onNext(264)) - client-D9B31DDCE961->18b22b39-7551-46dd-8464-dd74933c4739: receive RaftClientReply:client-D9B31DDCE961->18b22b39-7551-46dd-8464-dd74933c4739@group-597320EF17B3, cid=1451, SUCCESS, logIndex=0, commits[18b22b39-7551-46dd-8464-dd74933c4739:c2000, 76d6a15c-8eeb-4764-b555-ce8767d18d57:c1998, c90dcfdf-5973-4b56-a955-1fc4555f10cb:c1998]
2019-09-19 11:26:08,098 [grpc-default-executor-6] INFO  client.GrpcClientProtocolClient (GrpcClientProtocolClient.java:onNext(264)) - client-D9B31DDCE961->18b22b39-7551-46dd-8464-dd74933c4739: receive RaftClientReply:client-D9B31DDCE961->18b22b39-7551-46dd-8464-dd74933c4739@group-597320EF17B3, cid=1452, SUCCESS, logIndex=2001, commits[18b22b39-7551-46dd-8464-dd74933c4739:c2001, 76d6a15c-8eeb-4764-b555-ce8767d18d57:c2000, c90dcfdf-5973-4b56-a955-1fc4555f10cb:c2000]
2019-09-19 11:26:08,108 [grpc-default-executor-6] INFO  client.GrpcClientProtocolClient (GrpcClientProtocolClient.java:onNext(264)) - client-D9B31DDCE961->18b22b39-7551-46dd-8464-dd74933c4739: receive RaftClientReply:client-D9B31DDCE961->18b22b39-7551-46dd-8464-dd74933c4739@group-597320EF17B3, cid=1453, SUCCESS, logIndex=2002, commits[18b22b39-7551-46dd-8464-dd74933c4739:c2002, 76d6a15c-8eeb-4764-b555-ce8767d18d57:c2000, c90dcfdf-5973-4b56-a955-1fc4555f10cb:c2000]
2019-09-19 11:26:08,110 [grpc-default-executor-1] INFO  client.GrpcClientProtocolClient (GrpcClientProtocolClient.java:onNext(264)) - client-D9B31DDCE961->18b22b39-7551-46dd-8464-dd74933c4739: receive RaftClientReply:client-D9B31DDCE961->18b22b39-7551-46dd-8464-dd74933c4739@group-597320EF17B3, cid=1454, SUCCESS, logIndex=2003, commits[18b22b39-7551-46dd-8464-dd74933c4739:c2004, 76d6a15c-8eeb-4764-b555-ce8767d18d57:c2000, c90dcfdf-5973-4b56-a955-1fc4555f10cb:c2000]
2019-09-19 11:26:08,111 [grpc-default-executor-1] INFO  client.GrpcClientProtocolClient (GrpcClientProtocolClient.java:onNext(264)) - client-D9B31DDCE961->18b22b39-7551-46dd-8464-dd74933c4739: receive RaftClientReply:client-D9B31DDCE961->18b22b39-7551-46dd-8464-dd74933c4739@group-597320EF17B3, cid=1455, SUCCESS, logIndex=2004, commits[18b22b39-7551-46dd-8464-dd74933c4739:c2004, 76d6a15c-8eeb-4764-b555-ce8767d18d57:c2000, c90dcfdf-5973-4b56-a955-1fc4555f10cb:c2000]
2019-09-19 11:26:08,133 [grpc-default-executor-1] INFO  client.GrpcClientProtocolClient (GrpcClientProtocolClient.java:onNext(264)) - client-D9B31DDCE961->18b22b39-7551-46dd-8464-dd74933c4739: receive RaftClientReply:client-D9B31DDCE961->18b22b39-7551-46dd-8464-dd74933c4739@group-597320EF17B3, cid=1456, SUCCESS, logIndex=0, commits[18b22b39-7551-46dd-8464-dd74933c4739:c2006, 76d6a15c-8eeb-4764-b555-ce8767d18d57:c2004, c90dcfdf-5973-4b56-a955-1fc4555f10cb:c2004]
2019-09-19 11:26:08,157 [grpc-default-executor-1] INFO  client.GrpcClientProtocolClient (GrpcClientProtocolClient.java:onNext(264)) - client-D9B31DDCE961->18b22b39-7551-46dd-8464-dd74933c4739: receive RaftClientReply:client-D9B31DDCE961->18b22b39-7551-46dd-8464-dd74933c4739@group-597320EF17B3, cid=1457, SUCCESS, logIndex=2009, commits[18b22b39-7551-46dd-8464-dd74933c4739:c2010, 76d6a15c-8eeb-4764-b555-ce8767d18d57:c2004, c90dcfdf-5973-4b56-a955-1fc4555f10cb:c2008]
2019-09-19 11:26:08,158 [grpc-default-executor-1] INFO  client.GrpcClientProtocolClient (GrpcClientProtocolClient.java:onNext(264)) - client-D9B31DDCE961->18b22b39-7551-46dd-8464-dd74933c4739: receive RaftClientReply:client-D9B31DDCE961->18b22b39-7551-46dd-8464-dd74933c4739@group-597320EF17B3, cid=1458, SUCCESS, logIndex=2010, commits[18b22b39-7551-46dd-8464-dd74933c4739:c2010, 76d6a15c-8eeb-4764-b555-ce8767d18d57:c2008, c90dcfdf-5973-4b56-a955-1fc4555f10cb:c2008]
2019-09-19 11:26:08,178 [grpc-default-executor-3] INFO  client.GrpcClientProtocolClient (GrpcClientProtocolClient.java:onNext(264)) - client-D9B31DDCE961->18b22b39-7551-46dd-8464-dd74933c4739: receive RaftClientReply:client-D9B31DDCE961->18b22b39-7551-46dd-8464-dd74933c4739@group-597320EF17B3, cid=1459, SUCCESS, logIndex=2013, commits[18b22b39-7551-46dd-8464-dd74933c4739:c2014, 76d6a15c-8eeb-4764-b555-ce8767d18d57:c2012, c90dcfdf-5973-4b56-a955-1fc4555f10cb:c2012]
2019-09-19 11:26:08,179 [grpc-default-executor-3] INFO  client.GrpcClientProtocolClient (GrpcClientProtocolClient.java:onNext(264)) - client-D9B31DDCE961->18b22b39-7551-46dd-8464-dd74933c4739: receive RaftClientReply:client-D9B31DDCE961->18b22b39-7551-46dd-8464-dd74933c4739@group-597320EF17B3, cid=1460, SUCCESS, logIndex=2014, commits[18b22b39-7551-46dd-8464-dd74933c4739:c2014, 76d6a15c-8eeb-4764-b555-ce8767d18d57:c2012, c90dcfdf-5973-4b56-a955-1fc4555f10cb:c2012]
2019-09-19 11:26:08,192 [grpc-default-executor-1] INFO  client.GrpcClientProtocolClient (GrpcClientProtocolClient.java:onNext(264)) - client-D9B31DDCE961->18b22b39-7551-46dd-8464-dd74933c4739: receive RaftClientReply:client-D9B31DDCE961->18b22b39-7551-46dd-8464-dd74933c4739@group-597320EF17B3, cid=1461, SUCCESS, logIndex=0, commits[18b22b39-7551-46dd-8464-dd74933c4739:c2015, 76d6a15c-8eeb-4764-b555-ce8767d18d57:c2014, c90dcfdf-5973-4b56-a955-1fc4555f10cb:c2014]
 0.00% |█                                                                                                    |  0/1 Time: 0:00:122019-09-19 11:26:08,220 [grpc-default-executor-6] INFO  client.GrpcClientProtocolClient (GrpcClientProtocolClient.java:onNext(264)) - client-D9B31DDCE961->18b22b39-7551-46dd-8464-dd74933c4739: receive RaftClientReply:client-D9B31DDCE961->18b22b39-7551-46dd-8464-dd74933c4739@group-597320EF17B3, cid=1462, SUCCESS, logIndex=2017, commits[18b22b39-7551-46dd-8464-dd74933c4739:c2019, 76d6a15c-8eeb-4764-b555-ce8767d18d57:c2015, c90dcfdf-5973-4b56-a955-1fc4555f10cb:c2015]
2019-09-19 11:26:08,221 [grpc-default-executor-6] INFO  client.GrpcClientProtocolClient (GrpcClientProtocolClient.java:onNext(264)) - client-D9B31DDCE961->18b22b39-7551-46dd-8464-dd74933c4739: receive RaftClientReply:client-D9B31DDCE961->18b22b39-7551-46dd-8464-dd74933c4739@group-597320EF17B3, cid=1463, SUCCESS, logIndex=2018, commits[18b22b39-7551-46dd-8464-dd74933c4739:c2020, 76d6a15c-8eeb-4764-b555-ce8767d18d57:c2016, c90dcfdf-5973-4b56-a955-1fc4555f10cb:c2016]
2019-09-19 11:26:08,221 [grpc-default-executor-6] INFO  client.GrpcClientProtocolClient (GrpcClientProtocolClient.java:onNext(264)) - client-D9B31DDCE961->18b22b39-7551-46dd-8464-dd74933c4739: receive RaftClientReply:client-D9B31DDCE961->18b22b39-7551-46dd-8464-dd74933c4739@group-597320EF17B3, cid=1464, SUCCESS, logIndex=2019, commits[18b22b39-7551-46dd-8464-dd74933c4739:c2020, 76d6a15c-8eeb-4764-b555-ce8767d18d57:c2016, c90dcfdf-5973-4b56-a955-1fc4555f10cb:c2016]
2019-09-19 11:26:08,221 [grpc-default-executor-6] INFO  client.GrpcClientProtocolClient (GrpcClientProtocolClient.java:onNext(264)) - client-D9B31DDCE961->18b22b39-7551-46dd-8464-dd74933c4739: receive RaftClientReply:client-D9B31DDCE961->18b22b39-7551-46dd-8464-dd74933c4739@group-597320EF17B3, cid=1465, SUCCESS, logIndex=2020, commits[18b22b39-7551-46dd-8464-dd74933c4739:c2020, 76d6a15c-8eeb-4764-b555-ce8767d18d57:c2016, c90dcfdf-5973-4b56-a955-1fc4555f10cb:c2016]
2019-09-19 11:26:08,234 [grpc-default-executor-3] INFO  client.GrpcClientProtocolClient (GrpcClientProtocolClient.java:onNext(264)) - client-D9B31DDCE961->18b22b39-7551-46dd-8464-dd74933c4739: receive RaftClientReply:client-D9B31DDCE961->18b22b39-7551-46dd-8464-dd74933c4739@group-597320EF17B3, cid=1466, SUCCESS, logIndex=0, commits[18b22b39-7551-46dd-8464-dd74933c4739:c2021, 76d6a15c-8eeb-4764-b555-ce8767d18d57:c2018, c90dcfdf-5973-4b56-a955-1fc4555f10cb:c2018]
2019-09-19 11:26:08,260 [grpc-default-executor-6] INFO  client.GrpcClientProtocolClient (GrpcClientProtocolClient.java:onNext(264)) - client-D9B31DDCE961->18b22b39-7551-46dd-8464-dd74933c4739: receive RaftClientReply:client-D9B31DDCE961->18b22b39-7551-46dd-8464-dd74933c4739@group-597320EF17B3, cid=1467, SUCCESS, logIndex=2025, commits[18b22b39-7551-46dd-8464-dd74933c4739:c2026, 76d6a15c-8eeb-4764-b555-ce8767d18d57:c2021, c90dcfdf-5973-4b56-a955-1fc4555f10cb:c2021]
2019-09-19 11:26:08,260 [grpc-default-executor-6] INFO  client.GrpcClientProtocolClient (GrpcClientProtocolClient.java:onNext(264)) - client-D9B31DDCE961->18b22b39-7551-46dd-8464-dd74933c4739: receive RaftClientReply:client-D9B31DDCE961->18b22b39-7551-46dd-8464-dd74933c4739@group-597320EF17B3, cid=1468, SUCCESS, logIndex=2026, commits[18b22b39-7551-46dd-8464-dd74933c4739:c2026, 76d6a15c-8eeb-4764-b555-ce8767d18d57:c2021, c90dcfdf-5973-4b56-a955-1fc4555f10cb:c2021]
2019-09-19 11:26:08,285 [grpc-default-executor-1] INFO  client.GrpcClientProtocolClient (GrpcClientProtocolClient.java:onNext(264)) - client-D9B31DDCE961->18b22b39-7551-46dd-8464-dd74933c4739: receive RaftClientReply:client-D9B31DDCE961->18b22b39-7551-46dd-8464-dd74933c4739@group-597320EF17B3, cid=1469, SUCCESS, logIndex=2029, commits[18b22b39-7551-46dd-8464-dd74933c4739:c2030, 76d6a15c-8eeb-4764-b555-ce8767d18d57:c2026, c90dcfdf-5973-4b56-a955-1fc4555f10cb:c2026]
2019-09-19 11:26:08,285 [grpc-default-executor-1] INFO  client.GrpcClientProtocolClient (GrpcClientProtocolClient.java:onNext(264)) - client-D9B31DDCE961->18b22b39-7551-46dd-8464-dd74933c4739: receive RaftClientReply:client-D9B31DDCE961->18b22b39-7551-46dd-8464-dd74933c4739@group-597320EF17B3, cid=1470, SUCCESS, logIndex=2030, commits[18b22b39-7551-46dd-8464-dd74933c4739:c2030, 76d6a15c-8eeb-4764-b555-ce8767d18d57:c2026, c90dcfdf-5973-4b56-a955-1fc4555f10cb:c2026]
2019-09-19 11:26:08,298 [grpc-default-executor-6] INFO  client.GrpcClientProtocolClient (GrpcClientProtocolClient.java:onNext(264)) - client-D9B31DDCE961->18b22b39-7551-46dd-8464-dd74933c4739: receive RaftClientReply:client-D9B31DDCE961->18b22b39-7551-46dd-8464-dd74933c4739@group-597320EF17B3, cid=1471, SUCCESS, logIndex=0, commits[18b22b39-7551-46dd-8464-dd74933c4739:c2031, 76d6a15c-8eeb-4764-b555-ce8767d18d57:c2030, c90dcfdf-5973-4b56-a955-1fc4555f10cb:c2030]
2019-09-19 11:26:08,322 [grpc-default-executor-6] INFO  client.GrpcClientProtocolClient (GrpcClientProtocolClient.java:onNext(264)) - client-D9B31DDCE961->18b22b39-7551-46dd-8464-dd74933c4739: receive RaftClientReply:client-D9B31DDCE961->18b22b39-7551-46dd-8464-dd74933c4739@group-597320EF17B3, cid=1472, SUCCESS, logIndex=2033, commits[18b22b39-7551-46dd-8464-dd74933c4739:c2034, 76d6a15c-8eeb-4764-b555-ce8767d18d57:c2032, c90dcfdf-5973-4b56-a955-1fc4555f10cb:c2030]
2019-09-19 11:26:08,322 [grpc-default-executor-6] INFO  client.GrpcClientProtocolClient (GrpcClientProtocolClient.java:onNext(264)) - client-D9B31DDCE961->18b22b39-7551-46dd-8464-dd74933c4739: receive RaftClientReply:client-D9B31DDCE961->18b22b39-7551-46dd-8464-dd74933c4739@group-597320EF17B3, cid=1473, SUCCESS, logIndex=2034, commits[18b22b39-7551-46dd-8464-dd74933c4739:c2034, 76d6a15c-8eeb-4764-b555-ce8767d18d57:c2032, c90dcfdf-5973-4b56-a955-1fc4555f10cb:c2032]
2019-09-19 11:26:08,326 [grpc-default-executor-5] INFO  client.GrpcClientProtocolClient (GrpcClientProtocolClient.java:onNext(264)) - client-D9B31DDCE961->18b22b39-7551-46dd-8464-dd74933c4739: receive RaftClientReply:client-D9B31DDCE961->18b22b39-7551-46dd-8464-dd74933c4739@group-597320EF17B3, cid=1474, SUCCESS, logIndex=2035, commits[18b22b39-7551-46dd-8464-dd74933c4739:c2037, 76d6a15c-8eeb-4764-b555-ce8767d18d57:c2032, c90dcfdf-5973-4b56-a955-1fc4555f10cb:c2033]
2019-09-19 11:26:08,327 [grpc-default-executor-5] INFO  client.GrpcClientProtocolClient (GrpcClientProtocolClient.java:onNext(264)) - client-D9B31DDCE961->18b22b39-7551-46dd-8464-dd74933c4739: receive RaftClientReply:client-D9B31DDCE961->18b22b39-7551-46dd-8464-dd74933c4739@group-597320EF17B3, cid=1475, SUCCESS, logIndex=2036, commits[18b22b39-7551-46dd-8464-dd74933c4739:c2038, 76d6a15c-8eeb-4764-b555-ce8767d18d57:c2033, c90dcfdf-5973-4b56-a955-1fc4555f10cb:c2034]
2019-09-19 11:26:08,328 [grpc-default-executor-5] INFO  client.GrpcClientProtocolClient (GrpcClientProtocolClient.java:onNext(264)) - client-D9B31DDCE961->18b22b39-7551-46dd-8464-dd74933c4739: receive RaftClientReply:client-D9B31DDCE961->18b22b39-7551-46dd-8464-dd74933c4739@group-597320EF17B3, cid=1476, SUCCESS, logIndex=0, commits[18b22b39-7551-46dd-8464-dd74933c4739:c2038, 76d6a15c-8eeb-4764-b555-ce8767d18d57:c2034, c90dcfdf-5973-4b56-a955-1fc4555f10cb:c2034]
2019-09-19 11:26:08,343 [grpc-default-executor-5] INFO  client.GrpcClientProtocolClient (GrpcClientProtocolClient.java:onNext(264)) - client-D9B31DDCE961->18b22b39-7551-46dd-8464-dd74933c4739: receive RaftClientReply:client-D9B31DDCE961->18b22b39-7551-46dd-8464-dd74933c4739@group-597320EF17B3, cid=1477, SUCCESS, logIndex=2041, commits[18b22b39-7551-46dd-8464-dd74933c4739:c2042, 76d6a15c-8eeb-4764-b555-ce8767d18d57:c2040, c90dcfdf-5973-4b56-a955-1fc4555f10cb:c2040]
2019-09-19 11:26:08,343 [grpc-default-executor-5] INFO  client.GrpcClientProtocolClient (GrpcClientProtocolClient.java:onNext(264)) - client-D9B31DDCE961->18b22b39-7551-46dd-8464-dd74933c4739: receive RaftClientReply:client-D9B31DDCE961->18b22b39-7551-46dd-8464-dd74933c4739@group-597320EF17B3, cid=1478, SUCCESS, logIndex=2042, commits[18b22b39-7551-46dd-8464-dd74933c4739:c2042, 76d6a15c-8eeb-4764-b555-ce8767d18d57:c2040, c90dcfdf-5973-4b56-a955-1fc4555f10cb:c2040]
2019-09-19 11:26:08,389 [grpc-default-executor-6] INFO  client.GrpcClientProtocolClient (GrpcClientProtocolClient.java:onNext(264)) - client-D9B31DDCE961->18b22b39-7551-46dd-8464-dd74933c4739: receive RaftClientReply:client-D9B31DDCE961->18b22b39-7551-46dd-8464-dd74933c4739@group-597320EF17B3, cid=1479, SUCCESS, logIndex=2045, commits[18b22b39-7551-46dd-8464-dd74933c4739:c2046, 76d6a15c-8eeb-4764-b555-ce8767d18d57:c2044, c90dcfdf-5973-4b56-a955-1fc4555f10cb:c2044]
2019-09-19 11:26:08,389 [grpc-default-executor-6] INFO  client.GrpcClientProtocolClient (GrpcClientProtocolClient.java:onNext(264)) - client-D9B31DDCE961->18b22b39-7551-46dd-8464-dd74933c4739: receive RaftClientReply:client-D9B31DDCE961->18b22b39-7551-46dd-8464-dd74933c4739@group-597320EF17B3, cid=1480, SUCCESS, logIndex=2046, commits[18b22b39-7551-46dd-8464-dd74933c4739:c2046, 76d6a15c-8eeb-4764-b555-ce8767d18d57:c2044, c90dcfdf-5973-4b56-a955-1fc4555f10cb:c2044]
2019-09-19 11:26:08,432 [grpc-default-executor-6] INFO  client.GrpcClientProtocolClient (GrpcClientProtocolClient.java:onNext(264)) - client-D9B31DDCE961->18b22b39-7551-46dd-8464-dd74933c4739: receive RaftClientReply:client-D9B31DDCE961->18b22b39-7551-46dd-8464-dd74933c4739@group-597320EF17B3, cid=1481, SUCCESS, logIndex=0, commits[18b22b39-7551-46dd-8464-dd74933c4739:c2047, 76d6a15c-8eeb-4764-b555-ce8767d18d57:c2046, c90dcfdf-5973-4b56-a955-1fc4555f10cb:c2046]
2019-09-19 11:26:08,461 [grpc-default-executor-5] INFO  client.GrpcClientProtocolClient (GrpcClientProtocolClient.java:onNext(264)) - client-D9B31DDCE961->18b22b39-7551-46dd-8464-dd74933c4739: receive RaftClientReply:client-D9B31DDCE961->18b22b39-7551-46dd-8464-dd74933c4739@group-597320EF17B3, cid=1482, SUCCESS, logIndex=2049, commits[18b22b39-7551-46dd-8464-dd74933c4739:c2052, 76d6a15c-8eeb-4764-b555-ce8767d18d57:c2048, c90dcfdf-5973-4b56-a955-1fc4555f10cb:c2048]
2019-09-19 11:26:08,461 [grpc-default-executor-5] INFO  client.GrpcClientProtocolClient (GrpcClientProtocolClient.java:onNext(264)) - client-D9B31DDCE961->18b22b39-7551-46dd-8464-dd74933c4739: receive RaftClientReply:client-D9B31DDCE961->18b22b39-7551-46dd-8464-dd74933c4739@group-597320EF17B3, cid=1483, SUCCESS, logIndex=2050, commits[18b22b39-7551-46dd-8464-dd74933c4739:c2052, 76d6a15c-8eeb-4764-b555-ce8767d18d57:c2048, c90dcfdf-5973-4b56-a955-1fc4555f10cb:c2048]
2019-09-19 11:26:08,462 [grpc-default-executor-5] INFO  client.GrpcClientProtocolClient (GrpcClientProtocolClient.java:onNext(264)) - client-D9B31DDCE961->18b22b39-7551-46dd-8464-dd74933c4739: receive RaftClientReply:client-D9B31DDCE961->18b22b39-7551-46dd-8464-dd74933c4739@group-597320EF17B3, cid=1484, SUCCESS, logIndex=2051, commits[18b22b39-7551-46dd-8464-dd74933c4739:c2052, 76d6a15c-8eeb-4764-b555-ce8767d18d57:c2048, c90dcfdf-5973-4b56-a955-1fc4555f10cb:c2048]
2019-09-19 11:26:08,462 [grpc-default-executor-5] INFO  client.GrpcClientProtocolClient (GrpcClientProtocolClient.java:onNext(264)) - client-D9B31DDCE961->18b22b39-7551-46dd-8464-dd74933c4739: receive RaftClientReply:client-D9B31DDCE961->18b22b39-7551-46dd-8464-dd74933c4739@group-597320EF17B3, cid=1485, SUCCESS, logIndex=2052, commits[18b22b39-7551-46dd-8464-dd74933c4739:c2052, 76d6a15c-8eeb-4764-b555-ce8767d18d57:c2048, c90dcfdf-5973-4b56-a955-1fc4555f10cb:c2048]
2019-09-19 11:26:08,474 [grpc-default-executor-6] INFO  client.GrpcClientProtocolClient (GrpcClientProtocolClient.java:onNext(264)) - client-D9B31DDCE961->18b22b39-7551-46dd-8464-dd74933c4739: receive RaftClientReply:client-D9B31DDCE961->18b22b39-7551-46dd-8464-dd74933c4739@group-597320EF17B3, cid=1486, SUCCESS, logIndex=0, commits[18b22b39-7551-46dd-8464-dd74933c4739:c2053, 76d6a15c-8eeb-4764-b555-ce8767d18d57:c2050, c90dcfdf-5973-4b56-a955-1fc4555f10cb:c2050]
2019-09-19 11:26:08,500 [grpc-default-executor-6] INFO  client.GrpcClientProtocolClient (GrpcClientProtocolClient.java:onNext(264)) - client-D9B31DDCE961->18b22b39-7551-46dd-8464-dd74933c4739: receive RaftClientReply:client-D9B31DDCE961->18b22b39-7551-46dd-8464-dd74933c4739@group-597320EF17B3, cid=1487, SUCCESS, logIndex=2057, commits[18b22b39-7551-46dd-8464-dd74933c4739:c2058, 76d6a15c-8eeb-4764-b555-ce8767d18d57:c2053, c90dcfdf-5973-4b56-a955-1fc4555f10cb:c2053]
2019-09-19 11:26:08,500 [grpc-default-executor-6] INFO  client.GrpcClientProtocolClient (GrpcClientProtocolClient.java:onNext(264)) - client-D9B31DDCE961->18b22b39-7551-46dd-8464-dd74933c4739: receive RaftClientReply:client-D9B31DDCE961->18b22b39-7551-46dd-8464-dd74933c4739@group-597320EF17B3, cid=1488, SUCCESS, logIndex=2058, commits[18b22b39-7551-46dd-8464-dd74933c4739:c2058, 76d6a15c-8eeb-4764-b555-ce8767d18d57:c2053, c90dcfdf-5973-4b56-a955-1fc4555f10cb:c2053]
2019-09-19 11:26:08,526 [grpc-default-executor-1] INFO  client.GrpcClientProtocolClient (GrpcClientProtocolClient.java:onNext(264)) - client-D9B31DDCE961->18b22b39-7551-46dd-8464-dd74933c4739: receive RaftClientReply:client-D9B31DDCE961->18b22b39-7551-46dd-8464-dd74933c4739@group-597320EF17B3, cid=1489, SUCCESS, logIndex=2061, commits[18b22b39-7551-46dd-8464-dd74933c4739:c2062, 76d6a15c-8eeb-4764-b555-ce8767d18d57:c2058, c90dcfdf-5973-4b56-a955-1fc4555f10cb:c2058]
2019-09-19 11:26:08,527 [grpc-default-executor-1] INFO  client.GrpcClientProtocolClient (GrpcClientProtocolClient.java:onNext(264)) - client-D9B31DDCE961->18b22b39-7551-46dd-8464-dd74933c4739: receive RaftClientReply:client-D9B31DDCE961->18b22b39-7551-46dd-8464-dd74933c4739@group-597320EF17B3, cid=1490, SUCCESS, logIndex=2062, commits[18b22b39-7551-46dd-8464-dd74933c4739:c2062, 76d6a15c-8eeb-4764-b555-ce8767d18d57:c2058, c90dcfdf-5973-4b56-a955-1fc4555f10cb:c2058]
2019-09-19 11:26:08,549 [grpc-default-executor-5] INFO  client.GrpcClientProtocolClient (GrpcClientProtocolClient.java:onNext(264)) - client-D9B31DDCE961->18b22b39-7551-46dd-8464-dd74933c4739: receive RaftClientReply:client-D9B31DDCE961->18b22b39-7551-46dd-8464-dd74933c4739@group-597320EF17B3, cid=1491, SUCCESS, logIndex=0, commits[18b22b39-7551-46dd-8464-dd74933c4739:c2064, 76d6a15c-8eeb-4764-b555-ce8767d18d57:c2062, c90dcfdf-5973-4b56-a955-1fc4555f10cb:c2062]
2019-09-19 11:26:08,577 [grpc-default-executor-3] INFO  client.GrpcClientProtocolClient (GrpcClientProtocolClient.java:onNext(264)) - client-D9B31DDCE961->18b22b39-7551-46dd-8464-dd74933c4739: receive RaftClientReply:client-D9B31DDCE961->18b22b39-7551-46dd-8464-dd74933c4739@group-597320EF17B3, cid=1492, SUCCESS, logIndex=2065, commits[18b22b39-7551-46dd-8464-dd74933c4739:c2066, 76d6a15c-8eeb-4764-b555-ce8767d18d57:c2064, c90dcfdf-5973-4b56-a955-1fc4555f10cb:c2064]
2019-09-19 11:26:08,577 [grpc-default-executor-3] INFO  client.GrpcClientProtocolClient (GrpcClientProtocolClient.java:onNext(264)) - client-D9B31DDCE961->18b22b39-7551-46dd-8464-dd74933c4739: receive RaftClientReply:client-D9B31DDCE961->18b22b39-7551-46dd-8464-dd74933c4739@group-597320EF17B3, cid=1493, SUCCESS, logIndex=2066, commits[18b22b39-7551-46dd-8464-dd74933c4739:c2066, 76d6a15c-8eeb-4764-b555-ce8767d18d57:c2064, c90dcfdf-5973-4b56-a955-1fc4555f10cb:c2064]
2019-09-19 11:26:08,588 [grpc-default-executor-3] INFO  client.GrpcClientProtocolClient (GrpcClientProtocolClient.java:onNext(264)) - client-D9B31DDCE961->18b22b39-7551-46dd-8464-dd74933c4739: receive RaftClientReply:client-D9B31DDCE961->18b22b39-7551-46dd-8464-dd74933c4739@group-597320EF17B3, cid=1494, SUCCESS, logIndex=2067, commits[18b22b39-7551-46dd-8464-dd74933c4739:c2068, 76d6a15c-8eeb-4764-b555-ce8767d18d57:c2064, c90dcfdf-5973-4b56-a955-1fc4555f10cb:c2064]
2019-09-19 11:26:08,589 [grpc-default-executor-3] INFO  client.GrpcClientProtocolClient (GrpcClientProtocolClient.java:onNext(264)) - client-D9B31DDCE961->18b22b39-7551-46dd-8464-dd74933c4739: receive RaftClientReply:client-D9B31DDCE961->18b22b39-7551-46dd-8464-dd74933c4739@group-597320EF17B3, cid=1495, SUCCESS, logIndex=2068, commits[18b22b39-7551-46dd-8464-dd74933c4739:c2068, 76d6a15c-8eeb-4764-b555-ce8767d18d57:c2064, c90dcfdf-5973-4b56-a955-1fc4555f10cb:c2064]
2019-09-19 11:26:08,593 [grpc-default-executor-3] INFO  client.GrpcClientProtocolClient (GrpcClientProtocolClient.java:onNext(264)) - client-D9B31DDCE961->18b22b39-7551-46dd-8464-dd74933c4739: receive RaftClientReply:client-D9B31DDCE961->18b22b39-7551-46dd-8464-dd74933c4739@group-597320EF17B3, cid=1496, SUCCESS, logIndex=0, commits[18b22b39-7551-46dd-8464-dd74933c4739:c2069, 76d6a15c-8eeb-4764-b555-ce8767d18d57:c2066, c90dcfdf-5973-4b56-a955-1fc4555f10cb:c2066]
2019-09-19 11:26:08,632 [grpc-default-executor-3] INFO  client.GrpcClientProtocolClient (GrpcClientProtocolClient.java:onNext(264)) - client-D9B31DDCE961->18b22b39-7551-46dd-8464-dd74933c4739: receive RaftClientReply:client-D9B31DDCE961->18b22b39-7551-46dd-8464-dd74933c4739@group-597320EF17B3, cid=1497, SUCCESS, logIndex=2072, commits[18b22b39-7551-46dd-8464-dd74933c4739:c2073, 76d6a15c-8eeb-4764-b555-ce8767d18d57:c2071, c90dcfdf-5973-4b56-a955-1fc4555f10cb:c2071]
2019-09-19 11:26:08,633 [grpc-default-executor-3] INFO  client.GrpcClientProtocolClient (GrpcClientProtocolClient.java:onNext(264)) - client-D9B31DDCE961->18b22b39-7551-46dd-8464-dd74933c4739: receive RaftClientReply:client-D9B31DDCE961->18b22b39-7551-46dd-8464-dd74933c4739@group-597320EF17B3, cid=1498, SUCCESS, logIndex=2073, commits[18b22b39-7551-46dd-8464-dd74933c4739:c2073, 76d6a15c-8eeb-4764-b555-ce8767d18d57:c2071, c90dcfdf-5973-4b56-a955-1fc4555f10cb:c2071]
2019-09-19 11:26:08,650 [grpc-default-executor-1] INFO  client.GrpcClientProtocolClient (GrpcClientProtocolClient.java:onNext(264)) - client-D9B31DDCE961->18b22b39-7551-46dd-8464-dd74933c4739: receive RaftClientReply:client-D9B31DDCE961->18b22b39-7551-46dd-8464-dd74933c4739@group-597320EF17B3, cid=1499, SUCCESS, logIndex=2076, commits[18b22b39-7551-46dd-8464-dd74933c4739:c2077, 76d6a15c-8eeb-4764-b555-ce8767d18d57:c2074, c90dcfdf-5973-4b56-a955-1fc4555f10cb:c2074]
2019-09-19 11:26:08,650 [grpc-default-executor-1] INFO  client.GrpcClientProtocolClient (GrpcClientProtocolClient.java:onNext(264)) - client-D9B31DDCE961->18b22b39-7551-46dd-8464-dd74933c4739: receive RaftClientReply:client-D9B31DDCE961->18b22b39-7551-46dd-8464-dd74933c4739@group-597320EF17B3, cid=1500, SUCCESS, logIndex=2077, commits[18b22b39-7551-46dd-8464-dd74933c4739:c2077, 76d6a15c-8eeb-4764-b555-ce8767d18d57:c2074, c90dcfdf-5973-4b56-a955-1fc4555f10cb:c2074]
2019-09-19 11:26:08,682 [grpc-default-executor-1] INFO  client.GrpcClientProtocolClient (GrpcClientProtocolClient.java:onNext(264)) - client-D9B31DDCE961->18b22b39-7551-46dd-8464-dd74933c4739: receive RaftClientReply:client-D9B31DDCE961->18b22b39-7551-46dd-8464-dd74933c4739@group-597320EF17B3, cid=1501, SUCCESS, logIndex=0, commits[18b22b39-7551-46dd-8464-dd74933c4739:c2079, 76d6a15c-8eeb-4764-b555-ce8767d18d57:c2077, c90dcfdf-5973-4b56-a955-1fc4555f10cb:c2077]
2019-09-19 11:26:08,782 [grpc-default-executor-1] INFO  client.GrpcClientProtocolClient (GrpcClientProtocolClient.java:onNext(264)) - client-D9B31DDCE961->18b22b39-7551-46dd-8464-dd74933c4739: receive RaftClientReply:client-D9B31DDCE961->18b22b39-7551-46dd-8464-dd74933c4739@group-597320EF17B3, cid=1502, SUCCESS, logIndex=2080, commits[18b22b39-7551-46dd-8464-dd74933c4739:c2082, 76d6a15c-8eeb-4764-b555-ce8767d18d57:c2079, c90dcfdf-5973-4b56-a955-1fc4555f10cb:c2079]
2019-09-19 11:26:08,783 [grpc-default-executor-1] INFO  client.GrpcClientProtocolClient (GrpcClientProtocolClient.java:onNext(264)) - client-D9B31DDCE961->18b22b39-7551-46dd-8464-dd74933c4739: receive RaftClientReply:client-D9B31DDCE961->18b22b39-7551-46dd-8464-dd74933c4739@group-597320EF17B3, cid=1503, SUCCESS, logIndex=2081, commits[18b22b39-7551-46dd-8464-dd74933c4739:c2083, 76d6a15c-8eeb-4764-b555-ce8767d18d57:c2079, c90dcfdf-5973-4b56-a955-1fc4555f10cb:c2079]
2019-09-19 11:26:08,784 [grpc-default-executor-1] INFO  client.GrpcClientProtocolClient (GrpcClientProtocolClient.java:onNext(264)) - client-D9B31DDCE961->18b22b39-7551-46dd-8464-dd74933c4739: receive RaftClientReply:client-D9B31DDCE961->18b22b39-7551-46dd-8464-dd74933c4739@group-597320EF17B3, cid=1504, SUCCESS, logIndex=2082, commits[18b22b39-7551-46dd-8464-dd74933c4739:c2083, 76d6a15c-8eeb-4764-b555-ce8767d18d57:c2079, c90dcfdf-5973-4b56-a955-1fc4555f10cb:c2079]
2019-09-19 11:26:08,784 [grpc-default-executor-1] INFO  client.GrpcClientProtocolClient (GrpcClientProtocolClient.java:onNext(264)) - client-D9B31DDCE961->18b22b39-7551-46dd-8464-dd74933c4739: receive RaftClientReply:client-D9B31DDCE961->18b22b39-7551-46dd-8464-dd74933c4739@group-597320EF17B3, cid=1505, SUCCESS, logIndex=2083, commits[18b22b39-7551-46dd-8464-dd74933c4739:c2083, 76d6a15c-8eeb-4764-b555-ce8767d18d57:c2079, c90dcfdf-5973-4b56-a955-1fc4555f10cb:c2079]
2019-09-19 11:26:08,793 [grpc-default-executor-1] INFO  client.GrpcClientProtocolClient (GrpcClientProtocolClient.java:onNext(264)) - client-D9B31DDCE961->18b22b39-7551-46dd-8464-dd74933c4739: receive RaftClientReply:client-D9B31DDCE961->18b22b39-7551-46dd-8464-dd74933c4739@group-597320EF17B3, cid=1506, SUCCESS, logIndex=0, commits[18b22b39-7551-46dd-8464-dd74933c4739:c2084, 76d6a15c-8eeb-4764-b555-ce8767d18d57:c2081, c90dcfdf-5973-4b56-a955-1fc4555f10cb:c2081]
2019-09-19 11:26:08,820 [grpc-default-executor-1] INFO  client.GrpcClientProtocolClient (GrpcClientProtocolClient.java:onNext(264)) - client-D9B31DDCE961->18b22b39-7551-46dd-8464-dd74933c4739: receive RaftClientReply:client-D9B31DDCE961->18b22b39-7551-46dd-8464-dd74933c4739@group-597320EF17B3, cid=1507, SUCCESS, logIndex=2088, commits[18b22b39-7551-46dd-8464-dd74933c4739:c2089, 76d6a15c-8eeb-4764-b555-ce8767d18d57:c2087, c90dcfdf-5973-4b56-a955-1fc4555f10cb:c2087]
2019-09-19 11:26:08,820 [grpc-default-executor-1] INFO  client.GrpcClientProtocolClient (GrpcClientProtocolClient.java:onNext(264)) - client-D9B31DDCE961->18b22b39-7551-46dd-8464-dd74933c4739: receive RaftClientReply:client-D9B31DDCE961->18b22b39-7551-46dd-8464-dd74933c4739@group-597320EF17B3, cid=1508, SUCCESS, logIndex=2089, commits[18b22b39-7551-46dd-8464-dd74933c4739:c2089, 76d6a15c-8eeb-4764-b555-ce8767d18d57:c2087, c90dcfdf-5973-4b56-a955-1fc4555f10cb:c2087]
2019-09-19 11:26:08,844 [grpc-default-executor-3] INFO  client.GrpcClientProtocolClient (GrpcClientProtocolClient.java:onNext(264)) - client-D9B31DDCE961->18b22b39-7551-46dd-8464-dd74933c4739: receive RaftClientReply:client-D9B31DDCE961->18b22b39-7551-46dd-8464-dd74933c4739@group-597320EF17B3, cid=1509, SUCCESS, logIndex=2092, commits[18b22b39-7551-46dd-8464-dd74933c4739:c2092, 76d6a15c-8eeb-4764-b555-ce8767d18d57:c2089, c90dcfdf-5973-4b56-a955-1fc4555f10cb:c2089]
2019-09-19 11:26:08,844 [grpc-default-executor-3] INFO  client.GrpcClientProtocolClient (GrpcClientProtocolClient.java:onNext(264)) - client-D9B31DDCE961->18b22b39-7551-46dd-8464-dd74933c4739: receive RaftClientReply:client-D9B31DDCE961->18b22b39-7551-46dd-8464-dd74933c4739@group-597320EF17B3, cid=1510, SUCCESS, logIndex=2093, commits[18b22b39-7551-46dd-8464-dd74933c4739:c2093, 76d6a15c-8eeb-4764-b555-ce8767d18d57:c2089, c90dcfdf-5973-4b56-a955-1fc4555f10cb:c2089]
2019-09-19 11:26:08,858 [grpc-default-executor-3] INFO  client.GrpcClientProtocolClient (GrpcClientProtocolClient.java:onNext(264)) - client-D9B31DDCE961->18b22b39-7551-46dd-8464-dd74933c4739: receive RaftClientReply:client-D9B31DDCE961->18b22b39-7551-46dd-8464-dd74933c4739@group-597320EF17B3, cid=1511, SUCCESS, logIndex=0, commits[18b22b39-7551-46dd-8464-dd74933c4739:c2095, 76d6a15c-8eeb-4764-b555-ce8767d18d57:c2093, c90dcfdf-5973-4b56-a955-1fc4555f10cb:c2093]
2019-09-19 11:26:08,997 [grpc-default-executor-1] INFO  client.GrpcClientProtocolClient (GrpcClientProtocolClient.java:onNext(264)) - client-D9B31DDCE961->18b22b39-7551-46dd-8464-dd74933c4739: receive RaftClientReply:client-D9B31DDCE961->18b22b39-7551-46dd-8464-dd74933c4739@group-597320EF17B3, cid=1512, SUCCESS, logIndex=2096, commits[18b22b39-7551-46dd-8464-dd74933c4739:c2099, 76d6a15c-8eeb-4764-b555-ce8767d18d57:c2095, c90dcfdf-5973-4b56-a955-1fc4555f10cb:c2095]
2019-09-19 11:26:08,998 [grpc-default-executor-1] INFO  client.GrpcClientProtocolClient (GrpcClientProtocolClient.java:onNext(264)) - client-D9B31DDCE961->18b22b39-7551-46dd-8464-dd74933c4739: receive RaftClientReply:client-D9B31DDCE961->18b22b39-7551-46dd-8464-dd74933c4739@group-597320EF17B3, cid=1513, SUCCESS, logIndex=2097, commits[18b22b39-7551-46dd-8464-dd74933c4739:c2099, 76d6a15c-8eeb-4764-b555-ce8767d18d57:c2095, c90dcfdf-5973-4b56-a955-1fc4555f10cb:c2095]
2019-09-19 11:26:08,998 [grpc-default-executor-1] INFO  client.GrpcClientProtocolClient (GrpcClientProtocolClient.java:onNext(264)) - client-D9B31DDCE961->18b22b39-7551-46dd-8464-dd74933c4739: receive RaftClientReply:client-D9B31DDCE961->18b22b39-7551-46dd-8464-dd74933c4739@group-597320EF17B3, cid=1514, SUCCESS, logIndex=2098, commits[18b22b39-7551-46dd-8464-dd74933c4739:c2099, 76d6a15c-8eeb-4764-b555-ce8767d18d57:c2095, c90dcfdf-5973-4b56-a955-1fc4555f10cb:c2095]
2019-09-19 11:26:08,999 [grpc-default-executor-1] INFO  client.GrpcClientProtocolClient (GrpcClientProtocolClient.java:onNext(264)) - client-D9B31DDCE961->18b22b39-7551-46dd-8464-dd74933c4739: receive RaftClientReply:client-D9B31DDCE961->18b22b39-7551-46dd-8464-dd74933c4739@group-597320EF17B3, cid=1515, SUCCESS, logIndex=2099, commits[18b22b39-7551-46dd-8464-dd74933c4739:c2099, 76d6a15c-8eeb-4764-b555-ce8767d18d57:c2095, c90dcfdf-5973-4b56-a955-1fc4555f10cb:c2095]
2019-09-19 11:26:09,009 [grpc-default-executor-3] INFO  client.GrpcClientProtocolClient (GrpcClientProtocolClient.java:onNext(264)) - client-D9B31DDCE961->18b22b39-7551-46dd-8464-dd74933c4739: receive RaftClientReply:client-D9B31DDCE961->18b22b39-7551-46dd-8464-dd74933c4739@group-597320EF17B3, cid=1516, SUCCESS, logIndex=0, commits[18b22b39-7551-46dd-8464-dd74933c4739:c2100, 76d6a15c-8eeb-4764-b555-ce8767d18d57:c2097, c90dcfdf-5973-4b56-a955-1fc4555f10cb:c2097]
2019-09-19 11:26:09,033 [grpc-default-executor-3] INFO  client.GrpcClientProtocolClient (GrpcClientProtocolClient.java:onNext(264)) - client-D9B31DDCE961->18b22b39-7551-46dd-8464-dd74933c4739: receive RaftClientReply:client-D9B31DDCE961->18b22b39-7551-46dd-8464-dd74933c4739@group-597320EF17B3, cid=1517, SUCCESS, logIndex=2104, commits[18b22b39-7551-46dd-8464-dd74933c4739:c2105, 76d6a15c-8eeb-4764-b555-ce8767d18d57:c2103, c90dcfdf-5973-4b56-a955-1fc4555f10cb:c2103]
2019-09-19 11:26:09,033 [grpc-default-executor-3] INFO  client.GrpcClientProtocolClient (GrpcClientProtocolClient.java:onNext(264)) - client-D9B31DDCE961->18b22b39-7551-46dd-8464-dd74933c4739: receive RaftClientReply:client-D9B31DDCE961->18b22b39-7551-46dd-8464-dd74933c4739@group-597320EF17B3, cid=1518, SUCCESS, logIndex=2105, commits[18b22b39-7551-46dd-8464-dd74933c4739:c2105, 76d6a15c-8eeb-4764-b555-ce8767d18d57:c2103, c90dcfdf-5973-4b56-a955-1fc4555f10cb:c2103]
2019-09-19 11:26:09,048 [grpc-default-executor-5] INFO  client.GrpcClientProtocolClient (GrpcClientProtocolClient.java:onNext(264)) - client-D9B31DDCE961->18b22b39-7551-46dd-8464-dd74933c4739: receive RaftClientReply:client-D9B31DDCE961->18b22b39-7551-46dd-8464-dd74933c4739@group-597320EF17B3, cid=1519, SUCCESS, logIndex=2108, commits[18b22b39-7551-46dd-8464-dd74933c4739:c2109, 76d6a15c-8eeb-4764-b555-ce8767d18d57:c2105, c90dcfdf-5973-4b56-a955-1fc4555f10cb:c2105]
2019-09-19 11:26:09,048 [grpc-default-executor-5] INFO  client.GrpcClientProtocolClient (GrpcClientProtocolClient.java:onNext(264)) - client-D9B31DDCE961->18b22b39-7551-46dd-8464-dd74933c4739: receive RaftClientReply:client-D9B31DDCE961->18b22b39-7551-46dd-8464-dd74933c4739@group-597320EF17B3, cid=1520, SUCCESS, logIndex=2109, commits[18b22b39-7551-46dd-8464-dd74933c4739:c2109, 76d6a15c-8eeb-4764-b555-ce8767d18d57:c2105, c90dcfdf-5973-4b56-a955-1fc4555f10cb:c2105]
2019-09-19 11:26:09,062 [grpc-default-executor-3] INFO  client.GrpcClientProtocolClient (GrpcClientProtocolClient.java:onNext(264)) - client-D9B31DDCE961->18b22b39-7551-46dd-8464-dd74933c4739: receive RaftClientReply:client-D9B31DDCE961->18b22b39-7551-46dd-8464-dd74933c4739@group-597320EF17B3, cid=1521, SUCCESS, logIndex=0, commits[18b22b39-7551-46dd-8464-dd74933c4739:c2111, 76d6a15c-8eeb-4764-b555-ce8767d18d57:c2109, c90dcfdf-5973-4b56-a955-1fc4555f10cb:c2109]
2019-09-19 11:26:09,086 [grpc-default-executor-6] INFO  client.GrpcClientProtocolClient (GrpcClientProtocolClient.java:onNext(264)) - client-D9B31DDCE961->18b22b39-7551-46dd-8464-dd74933c4739: receive RaftClientReply:client-D9B31DDCE961->18b22b39-7551-46dd-8464-dd74933c4739@group-597320EF17B3, cid=1522, SUCCESS, logIndex=2112, commits[18b22b39-7551-46dd-8464-dd74933c4739:c2112, 76d6a15c-8eeb-4764-b555-ce8767d18d57:c2111, c90dcfdf-5973-4b56-a955-1fc4555f10cb:c2111]
2019-09-19 11:26:09,087 [grpc-default-executor-6] INFO  client.GrpcClientProtocolClient (GrpcClientProtocolClient.java:onNext(264)) - client-D9B31DDCE961->18b22b39-7551-46dd-8464-dd74933c4739: receive RaftClientReply:client-D9B31DDCE961->18b22b39-7551-46dd-8464-dd74933c4739@group-597320EF17B3, cid=1523, SUCCESS, logIndex=2113, commits[18b22b39-7551-46dd-8464-dd74933c4739:c2113, 76d6a15c-8eeb-4764-b555-ce8767d18d57:c2111, c90dcfdf-5973-4b56-a955-1fc4555f10cb:c2111]
2019-09-19 11:26:09,087 [grpc-default-executor-6] INFO  client.GrpcClientProtocolClient (GrpcClientProtocolClient.java:onNext(264)) - client-D9B31DDCE961->18b22b39-7551-46dd-8464-dd74933c4739: receive RaftClientReply:client-D9B31DDCE961->18b22b39-7551-46dd-8464-dd74933c4739@group-597320EF17B3, cid=1524, SUCCESS, logIndex=2114, commits[18b22b39-7551-46dd-8464-dd74933c4739:c2115, 76d6a15c-8eeb-4764-b555-ce8767d18d57:c2111, c90dcfdf-5973-4b56-a955-1fc4555f10cb:c2111]
2019-09-19 11:26:09,088 [grpc-default-executor-6] INFO  client.GrpcClientProtocolClient (GrpcClientProtocolClient.java:onNext(264)) - client-D9B31DDCE961->18b22b39-7551-46dd-8464-dd74933c4739: receive RaftClientReply:client-D9B31DDCE961->18b22b39-7551-46dd-8464-dd74933c4739@group-597320EF17B3, cid=1525, SUCCESS, logIndex=2115, commits[18b22b39-7551-46dd-8464-dd74933c4739:c2115, 76d6a15c-8eeb-4764-b555-ce8767d18d57:c2111, c90dcfdf-5973-4b56-a955-1fc4555f10cb:c2111]
2019-09-19 11:26:09,091 [grpc-default-executor-3] INFO  client.GrpcClientProtocolClient (GrpcClientProtocolClient.java:onNext(264)) - client-D9B31DDCE961->18b22b39-7551-46dd-8464-dd74933c4739: receive RaftClientReply:client-D9B31DDCE961->18b22b39-7551-46dd-8464-dd74933c4739@group-597320EF17B3, cid=1526, SUCCESS, logIndex=0, commits[18b22b39-7551-46dd-8464-dd74933c4739:c2119, 76d6a15c-8eeb-4764-b555-ce8767d18d57:c2115, c90dcfdf-5973-4b56-a955-1fc4555f10cb:c2113]
2019-09-19 11:26:09,102 [grpc-default-executor-3] INFO  client.GrpcClientProtocolClient (GrpcClientProtocolClient.java:onNext(264)) - client-D9B31DDCE961->18b22b39-7551-46dd-8464-dd74933c4739: receive RaftClientReply:client-D9B31DDCE961->18b22b39-7551-46dd-8464-dd74933c4739@group-597320EF17B3, cid=1527, SUCCESS, logIndex=2120, commits[18b22b39-7551-46dd-8464-dd74933c4739:c2121, 76d6a15c-8eeb-4764-b555-ce8767d18d57:c2115, c90dcfdf-5973-4b56-a955-1fc4555f10cb:c2119]
2019-09-19 11:26:09,103 [grpc-default-executor-3] INFO  client.GrpcClientProtocolClient (GrpcClientProtocolClient.java:onNext(264)) - client-D9B31DDCE961->18b22b39-7551-46dd-8464-dd74933c4739: receive RaftClientReply:client-D9B31DDCE961->18b22b39-7551-46dd-8464-dd74933c4739@group-597320EF17B3, cid=1528, SUCCESS, logIndex=2121, commits[18b22b39-7551-46dd-8464-dd74933c4739:c2121, 76d6a15c-8eeb-4764-b555-ce8767d18d57:c2119, c90dcfdf-5973-4b56-a955-1fc4555f10cb:c2119]
2019-09-19 11:26:09,127 [grpc-default-executor-6] INFO  client.GrpcClientProtocolClient (GrpcClientProtocolClient.java:onNext(264)) - client-D9B31DDCE961->18b22b39-7551-46dd-8464-dd74933c4739: receive RaftClientReply:client-D9B31DDCE961->18b22b39-7551-46dd-8464-dd74933c4739@group-597320EF17B3, cid=1529, SUCCESS, logIndex=2124, commits[18b22b39-7551-46dd-8464-dd74933c4739:c2125, 76d6a15c-8eeb-4764-b555-ce8767d18d57:c2123, c90dcfdf-5973-4b56-a955-1fc4555f10cb:c2123]
2019-09-19 11:26:09,128 [grpc-default-executor-6] INFO  client.GrpcClientProtocolClient (GrpcClientProtocolClient.java:onNext(264)) - client-D9B31DDCE961->18b22b39-7551-46dd-8464-dd74933c4739: receive RaftClientReply:client-D9B31DDCE961->18b22b39-7551-46dd-8464-dd74933c4739@group-597320EF17B3, cid=1530, SUCCESS, logIndex=2125, commits[18b22b39-7551-46dd-8464-dd74933c4739:c2125, 76d6a15c-8eeb-4764-b555-ce8767d18d57:c2123, c90dcfdf-5973-4b56-a955-1fc4555f10cb:c2123]
2019-09-19 11:26:09,141 [grpc-default-executor-6] INFO  client.GrpcClientProtocolClient (GrpcClientProtocolClient.java:onNext(264)) - client-D9B31DDCE961->18b22b39-7551-46dd-8464-dd74933c4739: receive RaftClientReply:client-D9B31DDCE961->18b22b39-7551-46dd-8464-dd74933c4739@group-597320EF17B3, cid=1531, SUCCESS, logIndex=0, commits[18b22b39-7551-46dd-8464-dd74933c4739:c2126, 76d6a15c-8eeb-4764-b555-ce8767d18d57:c2125, c90dcfdf-5973-4b56-a955-1fc4555f10cb:c2125]
2019-09-19 11:26:09,171 [grpc-default-executor-6] INFO  client.GrpcClientProtocolClient (GrpcClientProtocolClient.java:onNext(264)) - client-D9B31DDCE961->18b22b39-7551-46dd-8464-dd74933c4739: receive RaftClientReply:client-D9B31DDCE961->18b22b39-7551-46dd-8464-dd74933c4739@group-597320EF17B3, cid=1532, SUCCESS, logIndex=2128, commits[18b22b39-7551-46dd-8464-dd74933c4739:c2129, 76d6a15c-8eeb-4764-b555-ce8767d18d57:c2127, c90dcfdf-5973-4b56-a955-1fc4555f10cb:c2127]
2019-09-19 11:26:09,171 [grpc-default-executor-6] INFO  client.GrpcClientProtocolClient (GrpcClientProtocolClient.java:onNext(264)) - client-D9B31DDCE961->18b22b39-7551-46dd-8464-dd74933c4739: receive RaftClientReply:client-D9B31DDCE961->18b22b39-7551-46dd-8464-dd74933c4739@group-597320EF17B3, cid=1533, SUCCESS, logIndex=2129, commits[18b22b39-7551-46dd-8464-dd74933c4739:c2131, 76d6a15c-8eeb-4764-b555-ce8767d18d57:c2127, c90dcfdf-5973-4b56-a955-1fc4555f10cb:c2127]
2019-09-19 11:26:09,172 [grpc-default-executor-6] INFO  client.GrpcClientProtocolClient (GrpcClientProtocolClient.java:onNext(264)) - client-D9B31DDCE961->18b22b39-7551-46dd-8464-dd74933c4739: receive RaftClientReply:client-D9B31DDCE961->18b22b39-7551-46dd-8464-dd74933c4739@group-597320EF17B3, cid=1534, SUCCESS, logIndex=2130, commits[18b22b39-7551-46dd-8464-dd74933c4739:c2131, 76d6a15c-8eeb-4764-b555-ce8767d18d57:c2127, c90dcfdf-5973-4b56-a955-1fc4555f10cb:c2127]
2019-09-19 11:26:09,172 [grpc-default-executor-6] INFO  client.GrpcClientProtocolClient (GrpcClientProtocolClient.java:onNext(264)) - client-D9B31DDCE961->18b22b39-7551-46dd-8464-dd74933c4739: receive RaftClientReply:client-D9B31DDCE961->18b22b39-7551-46dd-8464-dd74933c4739@group-597320EF17B3, cid=1535, SUCCESS, logIndex=2131, commits[18b22b39-7551-46dd-8464-dd74933c4739:c2131, 76d6a15c-8eeb-4764-b555-ce8767d18d57:c2127, c90dcfdf-5973-4b56-a955-1fc4555f10cb:c2127]
2019-09-19 11:26:09,197 [grpc-default-executor-1] INFO  client.GrpcClientProtocolClient (GrpcClientProtocolClient.java:onNext(264)) - client-D9B31DDCE961->18b22b39-7551-46dd-8464-dd74933c4739: receive RaftClientReply:client-D9B31DDCE961->18b22b39-7551-46dd-8464-dd74933c4739@group-597320EF17B3, cid=1536, SUCCESS, logIndex=0, commits[18b22b39-7551-46dd-8464-dd74933c4739:c2135, 76d6a15c-8eeb-4764-b555-ce8767d18d57:c2129, c90dcfdf-5973-4b56-a955-1fc4555f10cb:c2131]
 0.00% |█                                                                                                    |  0/1 Time: 0:00:132019-09-19 11:26:09,217 [grpc-default-executor-6] INFO  client.GrpcClientProtocolClient (GrpcClientProtocolClient.java:onNext(264)) - client-D9B31DDCE961->18b22b39-7551-46dd-8464-dd74933c4739: receive RaftClientReply:client-D9B31DDCE961->18b22b39-7551-46dd-8464-dd74933c4739@group-597320EF17B3, cid=1537, SUCCESS, logIndex=2136, commits[18b22b39-7551-46dd-8464-dd74933c4739:c2137, 76d6a15c-8eeb-4764-b555-ce8767d18d57:c2135, c90dcfdf-5973-4b56-a955-1fc4555f10cb:c2135]
2019-09-19 11:26:09,217 [grpc-default-executor-6] INFO  client.GrpcClientProtocolClient (GrpcClientProtocolClient.java:onNext(264)) - client-D9B31DDCE961->18b22b39-7551-46dd-8464-dd74933c4739: receive RaftClientReply:client-D9B31DDCE961->18b22b39-7551-46dd-8464-dd74933c4739@group-597320EF17B3, cid=1538, SUCCESS, logIndex=2137, commits[18b22b39-7551-46dd-8464-dd74933c4739:c2137, 76d6a15c-8eeb-4764-b555-ce8767d18d57:c2135, c90dcfdf-5973-4b56-a955-1fc4555f10cb:c2135]
2019-09-19 11:26:09,242 [grpc-default-executor-1] INFO  client.GrpcClientProtocolClient (GrpcClientProtocolClient.java:onNext(264)) - client-D9B31DDCE961->18b22b39-7551-46dd-8464-dd74933c4739: receive RaftClientReply:client-D9B31DDCE961->18b22b39-7551-46dd-8464-dd74933c4739@group-597320EF17B3, cid=1539, SUCCESS, logIndex=2140, commits[18b22b39-7551-46dd-8464-dd74933c4739:c2141, 76d6a15c-8eeb-4764-b555-ce8767d18d57:c2137, c90dcfdf-5973-4b56-a955-1fc4555f10cb:c2137]
2019-09-19 11:26:09,242 [grpc-default-executor-1] INFO  client.GrpcClientProtocolClient (GrpcClientProtocolClient.java:onNext(264)) - client-D9B31DDCE961->18b22b39-7551-46dd-8464-dd74933c4739: receive RaftClientReply:client-D9B31DDCE961->18b22b39-7551-46dd-8464-dd74933c4739@group-597320EF17B3, cid=1540, SUCCESS, logIndex=2141, commits[18b22b39-7551-46dd-8464-dd74933c4739:c2141, 76d6a15c-8eeb-4764-b555-ce8767d18d57:c2137, c90dcfdf-5973-4b56-a955-1fc4555f10cb:c2137]
2019-09-19 11:26:09,246 [grpc-default-executor-1] INFO  client.GrpcClientProtocolClient (GrpcClientProtocolClient.java:onNext(264)) - client-D9B31DDCE961->18b22b39-7551-46dd-8464-dd74933c4739: receive RaftClientReply:client-D9B31DDCE961->18b22b39-7551-46dd-8464-dd74933c4739@group-597320EF17B3, cid=1541, SUCCESS, logIndex=0, commits[18b22b39-7551-46dd-8464-dd74933c4739:c2143, 76d6a15c-8eeb-4764-b555-ce8767d18d57:c2141, c90dcfdf-5973-4b56-a955-1fc4555f10cb:c2141]
2019-09-19 11:26:09,265 [grpc-default-executor-1] INFO  client.GrpcClientProtocolClient (GrpcClientProtocolClient.java:onNext(264)) - client-D9B31DDCE961->18b22b39-7551-46dd-8464-dd74933c4739: receive RaftClientReply:client-D9B31DDCE961->18b22b39-7551-46dd-8464-dd74933c4739@group-597320EF17B3, cid=1542, SUCCESS, logIndex=2144, commits[18b22b39-7551-46dd-8464-dd74933c4739:c2147, 76d6a15c-8eeb-4764-b555-ce8767d18d57:c2143, c90dcfdf-5973-4b56-a955-1fc4555f10cb:c2143]
2019-09-19 11:26:09,266 [grpc-default-executor-1] INFO  client.GrpcClientProtocolClient (GrpcClientProtocolClient.java:onNext(264)) - client-D9B31DDCE961->18b22b39-7551-46dd-8464-dd74933c4739: receive RaftClientReply:client-D9B31DDCE961->18b22b39-7551-46dd-8464-dd74933c4739@group-597320EF17B3, cid=1543, SUCCESS, logIndex=2145, commits[18b22b39-7551-46dd-8464-dd74933c4739:c2147, 76d6a15c-8eeb-4764-b555-ce8767d18d57:c2143, c90dcfdf-5973-4b56-a955-1fc4555f10cb:c2143]
2019-09-19 11:26:09,266 [grpc-default-executor-1] INFO  client.GrpcClientProtocolClient (GrpcClientProtocolClient.java:onNext(264)) - client-D9B31DDCE961->18b22b39-7551-46dd-8464-dd74933c4739: receive RaftClientReply:client-D9B31DDCE961->18b22b39-7551-46dd-8464-dd74933c4739@group-597320EF17B3, cid=1544, SUCCESS, logIndex=2146, commits[18b22b39-7551-46dd-8464-dd74933c4739:c2147, 76d6a15c-8eeb-4764-b555-ce8767d18d57:c2143, c90dcfdf-5973-4b56-a955-1fc4555f10cb:c2143]
2019-09-19 11:26:09,266 [grpc-default-executor-1] INFO  client.GrpcClientProtocolClient (GrpcClientProtocolClient.java:onNext(264)) - client-D9B31DDCE961->18b22b39-7551-46dd-8464-dd74933c4739: receive RaftClientReply:client-D9B31DDCE961->18b22b39-7551-46dd-8464-dd74933c4739@group-597320EF17B3, cid=1545, SUCCESS, logIndex=2147, commits[18b22b39-7551-46dd-8464-dd74933c4739:c2147, 76d6a15c-8eeb-4764-b555-ce8767d18d57:c2143, c90dcfdf-5973-4b56-a955-1fc4555f10cb:c2143]
2019-09-19 11:26:09,269 [grpc-default-executor-1] INFO  client.GrpcClientProtocolClient (GrpcClientProtocolClient.java:onNext(264)) - client-D9B31DDCE961->18b22b39-7551-46dd-8464-dd74933c4739: receive RaftClientReply:client-D9B31DDCE961->18b22b39-7551-46dd-8464-dd74933c4739@group-597320EF17B3, cid=1546, SUCCESS, logIndex=0, commits[18b22b39-7551-46dd-8464-dd74933c4739:c2148, 76d6a15c-8eeb-4764-b555-ce8767d18d57:c2146, c90dcfdf-5973-4b56-a955-1fc4555f10cb:c2146]
2019-09-19 11:26:09,280 [grpc-default-executor-3] INFO  client.GrpcClientProtocolClient (GrpcClientProtocolClient.java:onNext(264)) - client-D9B31DDCE961->18b22b39-7551-46dd-8464-dd74933c4739: receive RaftClientReply:client-D9B31DDCE961->18b22b39-7551-46dd-8464-dd74933c4739@group-597320EF17B3, cid=1547, SUCCESS, logIndex=2151, commits[18b22b39-7551-46dd-8464-dd74933c4739:c2152, 76d6a15c-8eeb-4764-b555-ce8767d18d57:c2147, c90dcfdf-5973-4b56-a955-1fc4555f10cb:c2150]
2019-09-19 11:26:09,280 [grpc-default-executor-3] INFO  client.GrpcClientProtocolClient (GrpcClientProtocolClient.java:onNext(264)) - client-D9B31DDCE961->18b22b39-7551-46dd-8464-dd74933c4739: receive RaftClientReply:client-D9B31DDCE961->18b22b39-7551-46dd-8464-dd74933c4739@group-597320EF17B3, cid=1548, SUCCESS, logIndex=2152, commits[18b22b39-7551-46dd-8464-dd74933c4739:c2152, 76d6a15c-8eeb-4764-b555-ce8767d18d57:c2150, c90dcfdf-5973-4b56-a955-1fc4555f10cb:c2150]
2019-09-19 11:26:09,290 [grpc-default-executor-5] INFO  client.GrpcClientProtocolClient (GrpcClientProtocolClient.java:onNext(264)) - client-D9B31DDCE961->18b22b39-7551-46dd-8464-dd74933c4739: receive RaftClientReply:client-D9B31DDCE961->18b22b39-7551-46dd-8464-dd74933c4739@group-597320EF17B3, cid=1549, SUCCESS, logIndex=2155, commits[18b22b39-7551-46dd-8464-dd74933c4739:c2155, 76d6a15c-8eeb-4764-b555-ce8767d18d57:c2152, c90dcfdf-5973-4b56-a955-1fc4555f10cb:c2153]
2019-09-19 11:26:09,290 [grpc-default-executor-5] INFO  client.GrpcClientProtocolClient (GrpcClientProtocolClient.java:onNext(264)) - client-D9B31DDCE961->18b22b39-7551-46dd-8464-dd74933c4739: receive RaftClientReply:client-D9B31DDCE961->18b22b39-7551-46dd-8464-dd74933c4739@group-597320EF17B3, cid=1550, SUCCESS, logIndex=2156, commits[18b22b39-7551-46dd-8464-dd74933c4739:c2156, 76d6a15c-8eeb-4764-b555-ce8767d18d57:c2153, c90dcfdf-5973-4b56-a955-1fc4555f10cb:c2153]
2019-09-19 11:26:09,296 [grpc-default-executor-5] INFO  client.GrpcClientProtocolClient (GrpcClientProtocolClient.java:onNext(264)) - client-D9B31DDCE961->18b22b39-7551-46dd-8464-dd74933c4739: receive RaftClientReply:client-D9B31DDCE961->18b22b39-7551-46dd-8464-dd74933c4739@group-597320EF17B3, cid=1551, SUCCESS, logIndex=0, commits[18b22b39-7551-46dd-8464-dd74933c4739:c2158, 76d6a15c-8eeb-4764-b555-ce8767d18d57:c2156, c90dcfdf-5973-4b56-a955-1fc4555f10cb:c2156]
2019-09-19 11:26:09,320 [grpc-default-executor-5] INFO  client.GrpcClientProtocolClient (GrpcClientProtocolClient.java:onNext(264)) - client-D9B31DDCE961->18b22b39-7551-46dd-8464-dd74933c4739: receive RaftClientReply:client-D9B31DDCE961->18b22b39-7551-46dd-8464-dd74933c4739@group-597320EF17B3, cid=1552, SUCCESS, logIndex=2159, commits[18b22b39-7551-46dd-8464-dd74933c4739:c2160, 76d6a15c-8eeb-4764-b555-ce8767d18d57:c2158, c90dcfdf-5973-4b56-a955-1fc4555f10cb:c2158]
2019-09-19 11:26:09,321 [grpc-default-executor-5] INFO  client.GrpcClientProtocolClient (GrpcClientProtocolClient.java:onNext(264)) - client-D9B31DDCE961->18b22b39-7551-46dd-8464-dd74933c4739: receive RaftClientReply:client-D9B31DDCE961->18b22b39-7551-46dd-8464-dd74933c4739@group-597320EF17B3, cid=1553, SUCCESS, logIndex=2160, commits[18b22b39-7551-46dd-8464-dd74933c4739:c2160, 76d6a15c-8eeb-4764-b555-ce8767d18d57:c2158, c90dcfdf-5973-4b56-a955-1fc4555f10cb:c2158]
2019-09-19 11:26:09,322 [grpc-default-executor-3] INFO  client.GrpcClientProtocolClient (GrpcClientProtocolClient.java:onNext(264)) - client-D9B31DDCE961->18b22b39-7551-46dd-8464-dd74933c4739: receive RaftClientReply:client-D9B31DDCE961->18b22b39-7551-46dd-8464-dd74933c4739@group-597320EF17B3, cid=1554, SUCCESS, logIndex=2161, commits[18b22b39-7551-46dd-8464-dd74933c4739:c2161, 76d6a15c-8eeb-4764-b555-ce8767d18d57:c2158, c90dcfdf-5973-4b56-a955-1fc4555f10cb:c2158]
2019-09-19 11:26:09,326 [grpc-default-executor-5] INFO  client.GrpcClientProtocolClient (GrpcClientProtocolClient.java:onNext(264)) - client-D9B31DDCE961->18b22b39-7551-46dd-8464-dd74933c4739: receive RaftClientReply:client-D9B31DDCE961->18b22b39-7551-46dd-8464-dd74933c4739@group-597320EF17B3, cid=1555, SUCCESS, logIndex=2162, commits[18b22b39-7551-46dd-8464-dd74933c4739:c2162, 76d6a15c-8eeb-4764-b555-ce8767d18d57:c2158, c90dcfdf-5973-4b56-a955-1fc4555f10cb:c2158]
2019-09-19 11:26:09,329 [grpc-default-executor-3] INFO  client.GrpcClientProtocolClient (GrpcClientProtocolClient.java:onNext(264)) - client-D9B31DDCE961->18b22b39-7551-46dd-8464-dd74933c4739: receive RaftClientReply:client-D9B31DDCE961->18b22b39-7551-46dd-8464-dd74933c4739@group-597320EF17B3, cid=1556, SUCCESS, logIndex=0, commits[18b22b39-7551-46dd-8464-dd74933c4739:c2163, 76d6a15c-8eeb-4764-b555-ce8767d18d57:c2160, c90dcfdf-5973-4b56-a955-1fc4555f10cb:c2160]
2019-09-19 11:26:09,341 [grpc-default-executor-1] INFO  client.GrpcClientProtocolClient (GrpcClientProtocolClient.java:onNext(264)) - client-D9B31DDCE961->18b22b39-7551-46dd-8464-dd74933c4739: receive RaftClientReply:client-D9B31DDCE961->18b22b39-7551-46dd-8464-dd74933c4739@group-597320EF17B3, cid=1557, SUCCESS, logIndex=2166, commits[18b22b39-7551-46dd-8464-dd74933c4739:c2166, 76d6a15c-8eeb-4764-b555-ce8767d18d57:c2165, c90dcfdf-5973-4b56-a955-1fc4555f10cb:c2162]
2019-09-19 11:26:09,343 [grpc-default-executor-1] INFO  client.GrpcClientProtocolClient (GrpcClientProtocolClient.java:onNext(264)) - client-D9B31DDCE961->18b22b39-7551-46dd-8464-dd74933c4739: receive RaftClientReply:client-D9B31DDCE961->18b22b39-7551-46dd-8464-dd74933c4739@group-597320EF17B3, cid=1558, SUCCESS, logIndex=2167, commits[18b22b39-7551-46dd-8464-dd74933c4739:c2167, 76d6a15c-8eeb-4764-b555-ce8767d18d57:c2165, c90dcfdf-5973-4b56-a955-1fc4555f10cb:c2165]
2019-09-19 11:26:09,351 [grpc-default-executor-1] INFO  client.GrpcClientProtocolClient (GrpcClientProtocolClient.java:onNext(264)) - client-D9B31DDCE961->18b22b39-7551-46dd-8464-dd74933c4739: receive RaftClientReply:client-D9B31DDCE961->18b22b39-7551-46dd-8464-dd74933c4739@group-597320EF17B3, cid=1559, SUCCESS, logIndex=2170, commits[18b22b39-7551-46dd-8464-dd74933c4739:c2171, 76d6a15c-8eeb-4764-b555-ce8767d18d57:c2167, c90dcfdf-5973-4b56-a955-1fc4555f10cb:c2168]
2019-09-19 11:26:09,352 [grpc-default-executor-1] INFO  client.GrpcClientProtocolClient (GrpcClientProtocolClient.java:onNext(264)) - client-D9B31DDCE961->18b22b39-7551-46dd-8464-dd74933c4739: receive RaftClientReply:client-D9B31DDCE961->18b22b39-7551-46dd-8464-dd74933c4739@group-597320EF17B3, cid=1560, SUCCESS, logIndex=2171, commits[18b22b39-7551-46dd-8464-dd74933c4739:c2171, 76d6a15c-8eeb-4764-b555-ce8767d18d57:c2167, c90dcfdf-5973-4b56-a955-1fc4555f10cb:c2168]
2019-09-19 11:26:09,353 [grpc-default-executor-5] INFO  client.GrpcClientProtocolClient (GrpcClientProtocolClient.java:onNext(264)) - client-D9B31DDCE961->18b22b39-7551-46dd-8464-dd74933c4739: receive RaftClientReply:client-D9B31DDCE961->18b22b39-7551-46dd-8464-dd74933c4739@group-597320EF17B3, cid=1561, SUCCESS, logIndex=0, commits[18b22b39-7551-46dd-8464-dd74933c4739:c2172, 76d6a15c-8eeb-4764-b555-ce8767d18d57:c2171, c90dcfdf-5973-4b56-a955-1fc4555f10cb:c2171]
2019-09-19 11:26:09,370 [grpc-default-executor-1] INFO  client.GrpcClientProtocolClient (GrpcClientProtocolClient.java:onNext(264)) - client-D9B31DDCE961->18b22b39-7551-46dd-8464-dd74933c4739: receive RaftClientReply:client-D9B31DDCE961->18b22b39-7551-46dd-8464-dd74933c4739@group-597320EF17B3, cid=1562, SUCCESS, logIndex=2174, commits[18b22b39-7551-46dd-8464-dd74933c4739:c2175, 76d6a15c-8eeb-4764-b555-ce8767d18d57:c2173, c90dcfdf-5973-4b56-a955-1fc4555f10cb:c2173]
2019-09-19 11:26:09,371 [grpc-default-executor-1] INFO  client.GrpcClientProtocolClient (GrpcClientProtocolClient.java:onNext(264)) - client-D9B31DDCE961->18b22b39-7551-46dd-8464-dd74933c4739: receive RaftClientReply:client-D9B31DDCE961->18b22b39-7551-46dd-8464-dd74933c4739@group-597320EF17B3, cid=1563, SUCCESS, logIndex=2175, commits[18b22b39-7551-46dd-8464-dd74933c4739:c2175, 76d6a15c-8eeb-4764-b555-ce8767d18d57:c2173, c90dcfdf-5973-4b56-a955-1fc4555f10cb:c2173]
2019-09-19 11:26:09,371 [grpc-default-executor-1] INFO  client.GrpcClientProtocolClient (GrpcClientProtocolClient.java:onNext(264)) - client-D9B31DDCE961->18b22b39-7551-46dd-8464-dd74933c4739: receive RaftClientReply:client-D9B31DDCE961->18b22b39-7551-46dd-8464-dd74933c4739@group-597320EF17B3, cid=1564, SUCCESS, logIndex=2176, commits[18b22b39-7551-46dd-8464-dd74933c4739:c2176, 76d6a15c-8eeb-4764-b555-ce8767d18d57:c2173, c90dcfdf-5973-4b56-a955-1fc4555f10cb:c2173]
2019-09-19 11:26:09,372 [grpc-default-executor-1] INFO  client.GrpcClientProtocolClient (GrpcClientProtocolClient.java:onNext(264)) - client-D9B31DDCE961->18b22b39-7551-46dd-8464-dd74933c4739: receive RaftClientReply:client-D9B31DDCE961->18b22b39-7551-46dd-8464-dd74933c4739@group-597320EF17B3, cid=1565, SUCCESS, logIndex=2177, commits[18b22b39-7551-46dd-8464-dd74933c4739:c2177, 76d6a15c-8eeb-4764-b555-ce8767d18d57:c2173, c90dcfdf-5973-4b56-a955-1fc4555f10cb:c2173]
2019-09-19 11:26:09,374 [grpc-default-executor-6] INFO  client.GrpcClientProtocolClient (GrpcClientProtocolClient.java:onNext(264)) - client-D9B31DDCE961->18b22b39-7551-46dd-8464-dd74933c4739: receive RaftClientReply:client-D9B31DDCE961->18b22b39-7551-46dd-8464-dd74933c4739@group-597320EF17B3, cid=1566, SUCCESS, logIndex=0, commits[18b22b39-7551-46dd-8464-dd74933c4739:c2178, 76d6a15c-8eeb-4764-b555-ce8767d18d57:c2175, c90dcfdf-5973-4b56-a955-1fc4555f10cb:c2175]
2019-09-19 11:26:09,398 [grpc-default-executor-6] INFO  client.GrpcClientProtocolClient (GrpcClientProtocolClient.java:onNext(264)) - client-D9B31DDCE961->18b22b39-7551-46dd-8464-dd74933c4739: receive RaftClientReply:client-D9B31DDCE961->18b22b39-7551-46dd-8464-dd74933c4739@group-597320EF17B3, cid=1567, SUCCESS, logIndex=2182, commits[18b22b39-7551-46dd-8464-dd74933c4739:c2183, 76d6a15c-8eeb-4764-b555-ce8767d18d57:c2179, c90dcfdf-5973-4b56-a955-1fc4555f10cb:c2179]
2019-09-19 11:26:09,399 [grpc-default-executor-6] INFO  client.GrpcClientProtocolClient (GrpcClientProtocolClient.java:onNext(264)) - client-D9B31DDCE961->18b22b39-7551-46dd-8464-dd74933c4739: receive RaftClientReply:client-D9B31DDCE961->18b22b39-7551-46dd-8464-dd74933c4739@group-597320EF17B3, cid=1568, SUCCESS, logIndex=2183, commits[18b22b39-7551-46dd-8464-dd74933c4739:c2183, 76d6a15c-8eeb-4764-b555-ce8767d18d57:c2179, c90dcfdf-5973-4b56-a955-1fc4555f10cb:c2179]
2019-09-19 11:26:09,412 [grpc-default-executor-6] INFO  client.GrpcClientProtocolClient (GrpcClientProtocolClient.java:onNext(264)) - client-D9B31DDCE961->18b22b39-7551-46dd-8464-dd74933c4739: receive RaftClientReply:client-D9B31DDCE961->18b22b39-7551-46dd-8464-dd74933c4739@group-597320EF17B3, cid=1569, SUCCESS, logIndex=2186, commits[18b22b39-7551-46dd-8464-dd74933c4739:c2186, 76d6a15c-8eeb-4764-b555-ce8767d18d57:c2183, c90dcfdf-5973-4b56-a955-1fc4555f10cb:c2183]
2019-09-19 11:26:09,413 [grpc-default-executor-6] INFO  client.GrpcClientProtocolClient (GrpcClientProtocolClient.java:onNext(264)) - client-D9B31DDCE961->18b22b39-7551-46dd-8464-dd74933c4739: receive RaftClientReply:client-D9B31DDCE961->18b22b39-7551-46dd-8464-dd74933c4739@group-597320EF17B3, cid=1570, SUCCESS, logIndex=2187, commits[18b22b39-7551-46dd-8464-dd74933c4739:c2187, 76d6a15c-8eeb-4764-b555-ce8767d18d57:c2183, c90dcfdf-5973-4b56-a955-1fc4555f10cb:c2183]
2019-09-19 11:26:09,460 [grpc-default-executor-6] INFO  client.GrpcClientProtocolClient (GrpcClientProtocolClient.java:onNext(264)) - client-D9B31DDCE961->18b22b39-7551-46dd-8464-dd74933c4739: receive RaftClientReply:client-D9B31DDCE961->18b22b39-7551-46dd-8464-dd74933c4739@group-597320EF17B3, cid=1571, SUCCESS, logIndex=0, commits[18b22b39-7551-46dd-8464-dd74933c4739:c2189, 76d6a15c-8eeb-4764-b555-ce8767d18d57:c2187, c90dcfdf-5973-4b56-a955-1fc4555f10cb:c2187]
2019-09-19 11:26:09,485 [grpc-default-executor-6] INFO  client.GrpcClientProtocolClient (GrpcClientProtocolClient.java:onNext(264)) - client-D9B31DDCE961->18b22b39-7551-46dd-8464-dd74933c4739: receive RaftClientReply:client-D9B31DDCE961->18b22b39-7551-46dd-8464-dd74933c4739@group-597320EF17B3, cid=1572, SUCCESS, logIndex=2190, commits[18b22b39-7551-46dd-8464-dd74933c4739:c2191, 76d6a15c-8eeb-4764-b555-ce8767d18d57:c2189, c90dcfdf-5973-4b56-a955-1fc4555f10cb:c2189]
2019-09-19 11:26:09,499 [grpc-default-executor-6] INFO  client.GrpcClientProtocolClient (GrpcClientProtocolClient.java:onNext(264)) - client-D9B31DDCE961->18b22b39-7551-46dd-8464-dd74933c4739: receive RaftClientReply:client-D9B31DDCE961->18b22b39-7551-46dd-8464-dd74933c4739@group-597320EF17B3, cid=1573, SUCCESS, logIndex=2191, commits[18b22b39-7551-46dd-8464-dd74933c4739:c2193, 76d6a15c-8eeb-4764-b555-ce8767d18d57:c2189, c90dcfdf-5973-4b56-a955-1fc4555f10cb:c2189]
2019-09-19 11:26:09,513 [grpc-default-executor-6] INFO  client.GrpcClientProtocolClient (GrpcClientProtocolClient.java:onNext(264)) - client-D9B31DDCE961->18b22b39-7551-46dd-8464-dd74933c4739: receive RaftClientReply:client-D9B31DDCE961->18b22b39-7551-46dd-8464-dd74933c4739@group-597320EF17B3, cid=1574, SUCCESS, logIndex=2192, commits[18b22b39-7551-46dd-8464-dd74933c4739:c2193, 76d6a15c-8eeb-4764-b555-ce8767d18d57:c2189, c90dcfdf-5973-4b56-a955-1fc4555f10cb:c2189]
2019-09-19 11:26:09,513 [grpc-default-executor-6] INFO  client.GrpcClientProtocolClient (GrpcClientProtocolClient.java:onNext(264)) - client-D9B31DDCE961->18b22b39-7551-46dd-8464-dd74933c4739: receive RaftClientReply:client-D9B31DDCE961->18b22b39-7551-46dd-8464-dd74933c4739@group-597320EF17B3, cid=1575, SUCCESS, logIndex=2193, commits[18b22b39-7551-46dd-8464-dd74933c4739:c2193, 76d6a15c-8eeb-4764-b555-ce8767d18d57:c2189, c90dcfdf-5973-4b56-a955-1fc4555f10cb:c2189]
2019-09-19 11:26:10,038 [grpc-default-executor-1] INFO  client.GrpcClientProtocolClient (GrpcClientProtocolClient.java:onNext(264)) - client-D9B31DDCE961->18b22b39-7551-46dd-8464-dd74933c4739: receive RaftClientReply:client-D9B31DDCE961->18b22b39-7551-46dd-8464-dd74933c4739@group-597320EF17B3, cid=1576, SUCCESS, logIndex=0, commits[18b22b39-7551-46dd-8464-dd74933c4739:c2195, 76d6a15c-8eeb-4764-b555-ce8767d18d57:c2191, c90dcfdf-5973-4b56-a955-1fc4555f10cb:c2191]
2019-09-19 11:26:10,062 [grpc-default-executor-6] INFO  client.GrpcClientProtocolClient (GrpcClientProtocolClient.java:onNext(264)) - client-D9B31DDCE961->18b22b39-7551-46dd-8464-dd74933c4739: receive RaftClientReply:client-D9B31DDCE961->18b22b39-7551-46dd-8464-dd74933c4739@group-597320EF17B3, cid=1577, SUCCESS, logIndex=2197, commits[18b22b39-7551-46dd-8464-dd74933c4739:c2198, 76d6a15c-8eeb-4764-b555-ce8767d18d57:c2196, c90dcfdf-5973-4b56-a955-1fc4555f10cb:c2196]
2019-09-19 11:26:10,062 [grpc-default-executor-6] INFO  client.GrpcClientProtocolClient (GrpcClientProtocolClient.java:onNext(264)) - client-D9B31DDCE961->18b22b39-7551-46dd-8464-dd74933c4739: receive RaftClientReply:client-D9B31DDCE961->18b22b39-7551-46dd-8464-dd74933c4739@group-597320EF17B3, cid=1578, SUCCESS, logIndex=2198, commits[18b22b39-7551-46dd-8464-dd74933c4739:c2198, 76d6a15c-8eeb-4764-b555-ce8767d18d57:c2196, c90dcfdf-5973-4b56-a955-1fc4555f10cb:c2196]
2019-09-19 11:26:10,100 [grpc-default-executor-3] INFO  client.GrpcClientProtocolClient (GrpcClientProtocolClient.java:onNext(264)) - client-D9B31DDCE961->18b22b39-7551-46dd-8464-dd74933c4739: receive RaftClientReply:client-D9B31DDCE961->18b22b39-7551-46dd-8464-dd74933c4739@group-597320EF17B3, cid=1579, SUCCESS, logIndex=2201, commits[18b22b39-7551-46dd-8464-dd74933c4739:c2202, 76d6a15c-8eeb-4764-b555-ce8767d18d57:c2198, c90dcfdf-5973-4b56-a955-1fc4555f10cb:c2198]
2019-09-19 11:26:10,100 [grpc-default-executor-3] INFO  client.GrpcClientProtocolClient (GrpcClientProtocolClient.java:onNext(264)) - client-D9B31DDCE961->18b22b39-7551-46dd-8464-dd74933c4739: receive RaftClientReply:client-D9B31DDCE961->18b22b39-7551-46dd-8464-dd74933c4739@group-597320EF17B3, cid=1580, SUCCESS, logIndex=2202, commits[18b22b39-7551-46dd-8464-dd74933c4739:c2202, 76d6a15c-8eeb-4764-b555-ce8767d18d57:c2198, c90dcfdf-5973-4b56-a955-1fc4555f10cb:c2198]
2019-09-19 11:26:10,112 [grpc-default-executor-3] INFO  client.GrpcClientProtocolClient (GrpcClientProtocolClient.java:onNext(264)) - client-D9B31DDCE961->18b22b39-7551-46dd-8464-dd74933c4739: receive RaftClientReply:client-D9B31DDCE961->18b22b39-7551-46dd-8464-dd74933c4739@group-597320EF17B3, cid=1581, SUCCESS, logIndex=0, commits[18b22b39-7551-46dd-8464-dd74933c4739:c2203, 76d6a15c-8eeb-4764-b555-ce8767d18d57:c2202, c90dcfdf-5973-4b56-a955-1fc4555f10cb:c2202]
 0.00% |█                                                                                                    |  0/1 Time: 0:00:142019-09-19 11:26:10,318 [grpc-default-executor-6] INFO  client.GrpcClientProtocolClient (GrpcClientProtocolClient.java:onNext(264)) - client-D9B31DDCE961->18b22b39-7551-46dd-8464-dd74933c4739: receive RaftClientReply:client-D9B31DDCE961->18b22b39-7551-46dd-8464-dd74933c4739@group-597320EF17B3, cid=1582, SUCCESS, logIndex=2205, commits[18b22b39-7551-46dd-8464-dd74933c4739:c2206, 76d6a15c-8eeb-4764-b555-ce8767d18d57:c2204, c90dcfdf-5973-4b56-a955-1fc4555f10cb:c2204]
2019-09-19 11:26:10,319 [grpc-default-executor-6] INFO  client.GrpcClientProtocolClient (GrpcClientProtocolClient.java:onNext(264)) - client-D9B31DDCE961->18b22b39-7551-46dd-8464-dd74933c4739: receive RaftClientReply:client-D9B31DDCE961->18b22b39-7551-46dd-8464-dd74933c4739@group-597320EF17B3, cid=1583, SUCCESS, logIndex=2206, commits[18b22b39-7551-46dd-8464-dd74933c4739:c2206, 76d6a15c-8eeb-4764-b555-ce8767d18d57:c2204, c90dcfdf-5973-4b56-a955-1fc4555f10cb:c2204]
2019-09-19 11:26:10,329 [grpc-default-executor-6] INFO  client.GrpcClientProtocolClient (GrpcClientProtocolClient.java:onNext(264)) - client-D9B31DDCE961->18b22b39-7551-46dd-8464-dd74933c4739: receive RaftClientReply:client-D9B31DDCE961->18b22b39-7551-46dd-8464-dd74933c4739@group-597320EF17B3, cid=1584, SUCCESS, logIndex=2207, commits[18b22b39-7551-46dd-8464-dd74933c4739:c2208, 76d6a15c-8eeb-4764-b555-ce8767d18d57:c2204, c90dcfdf-5973-4b56-a955-1fc4555f10cb:c2204]
2019-09-19 11:26:10,329 [grpc-default-executor-6] INFO  client.GrpcClientProtocolClient (GrpcClientProtocolClient.java:onNext(264)) - client-D9B31DDCE961->18b22b39-7551-46dd-8464-dd74933c4739: receive RaftClientReply:client-D9B31DDCE961->18b22b39-7551-46dd-8464-dd74933c4739@group-597320EF17B3, cid=1585, SUCCESS, logIndex=2208, commits[18b22b39-7551-46dd-8464-dd74933c4739:c2208, 76d6a15c-8eeb-4764-b555-ce8767d18d57:c2204, c90dcfdf-5973-4b56-a955-1fc4555f10cb:c2204]
2019-09-19 11:26:10,340 [grpc-default-executor-6] INFO  client.GrpcClientProtocolClient (GrpcClientProtocolClient.java:onNext(264)) - client-D9B31DDCE961->18b22b39-7551-46dd-8464-dd74933c4739: receive RaftClientReply:client-D9B31DDCE961->18b22b39-7551-46dd-8464-dd74933c4739@group-597320EF17B3, cid=1586, SUCCESS, logIndex=0, commits[18b22b39-7551-46dd-8464-dd74933c4739:c2210, 76d6a15c-8eeb-4764-b555-ce8767d18d57:c2206, c90dcfdf-5973-4b56-a955-1fc4555f10cb:c2206]
2019-09-19 11:26:10,360 [grpc-default-executor-3] INFO  client.GrpcClientProtocolClient (GrpcClientProtocolClient.java:onNext(264)) - client-D9B31DDCE961->18b22b39-7551-46dd-8464-dd74933c4739: receive RaftClientReply:client-D9B31DDCE961->18b22b39-7551-46dd-8464-dd74933c4739@group-597320EF17B3, cid=1587, SUCCESS, logIndex=2213, commits[18b22b39-7551-46dd-8464-dd74933c4739:c2213, 76d6a15c-8eeb-4764-b555-ce8767d18d57:c2212, c90dcfdf-5973-4b56-a955-1fc4555f10cb:c2212]
2019-09-19 11:26:10,361 [grpc-default-executor-3] INFO  client.GrpcClientProtocolClient (GrpcClientProtocolClient.java:onNext(264)) - client-D9B31DDCE961->18b22b39-7551-46dd-8464-dd74933c4739: receive RaftClientReply:client-D9B31DDCE961->18b22b39-7551-46dd-8464-dd74933c4739@group-597320EF17B3, cid=1588, SUCCESS, logIndex=2214, commits[18b22b39-7551-46dd-8464-dd74933c4739:c2214, 76d6a15c-8eeb-4764-b555-ce8767d18d57:c2212, c90dcfdf-5973-4b56-a955-1fc4555f10cb:c2212]
2019-09-19 11:26:10,374 [grpc-default-executor-5] INFO  client.GrpcClientProtocolClient (GrpcClientProtocolClient.java:onNext(264)) - client-D9B31DDCE961->18b22b39-7551-46dd-8464-dd74933c4739: receive RaftClientReply:client-D9B31DDCE961->18b22b39-7551-46dd-8464-dd74933c4739@group-597320EF17B3, cid=1589, SUCCESS, logIndex=2217, commits[18b22b39-7551-46dd-8464-dd74933c4739:c2218, 76d6a15c-8eeb-4764-b555-ce8767d18d57:c2214, c90dcfdf-5973-4b56-a955-1fc4555f10cb:c2214]
2019-09-19 11:26:10,374 [grpc-default-executor-5] INFO  client.GrpcClientProtocolClient (GrpcClientProtocolClient.java:onNext(264)) - client-D9B31DDCE961->18b22b39-7551-46dd-8464-dd74933c4739: receive RaftClientReply:client-D9B31DDCE961->18b22b39-7551-46dd-8464-dd74933c4739@group-597320EF17B3, cid=1590, SUCCESS, logIndex=2218, commits[18b22b39-7551-46dd-8464-dd74933c4739:c2218, 76d6a15c-8eeb-4764-b555-ce8767d18d57:c2214, c90dcfdf-5973-4b56-a955-1fc4555f10cb:c2214]
2019-09-19 11:26:10,386 [grpc-default-executor-5] INFO  client.GrpcClientProtocolClient (GrpcClientProtocolClient.java:onNext(264)) - client-D9B31DDCE961->18b22b39-7551-46dd-8464-dd74933c4739: receive RaftClientReply:client-D9B31DDCE961->18b22b39-7551-46dd-8464-dd74933c4739@group-597320EF17B3, cid=1591, SUCCESS, logIndex=0, commits[18b22b39-7551-46dd-8464-dd74933c4739:c2219, 76d6a15c-8eeb-4764-b555-ce8767d18d57:c2218, c90dcfdf-5973-4b56-a955-1fc4555f10cb:c2218]
2019-09-19 11:26:10,418 [grpc-default-executor-5] INFO  client.GrpcClientProtocolClient (GrpcClientProtocolClient.java:onNext(264)) - client-D9B31DDCE961->18b22b39-7551-46dd-8464-dd74933c4739: receive RaftClientReply:client-D9B31DDCE961->18b22b39-7551-46dd-8464-dd74933c4739@group-597320EF17B3, cid=1592, SUCCESS, logIndex=2221, commits[18b22b39-7551-46dd-8464-dd74933c4739:c2223, 76d6a15c-8eeb-4764-b555-ce8767d18d57:c2220, c90dcfdf-5973-4b56-a955-1fc4555f10cb:c2220]
2019-09-19 11:26:10,419 [grpc-default-executor-5] INFO  client.GrpcClientProtocolClient (GrpcClientProtocolClient.java:onNext(264)) - client-D9B31DDCE961->18b22b39-7551-46dd-8464-dd74933c4739: receive RaftClientReply:client-D9B31DDCE961->18b22b39-7551-46dd-8464-dd74933c4739@group-597320EF17B3, cid=1593, SUCCESS, logIndex=2222, commits[18b22b39-7551-46dd-8464-dd74933c4739:c2224, 76d6a15c-8eeb-4764-b555-ce8767d18d57:c2220, c90dcfdf-5973-4b56-a955-1fc4555f10cb:c2220]
2019-09-19 11:26:10,419 [grpc-default-executor-5] INFO  client.GrpcClientProtocolClient (GrpcClientProtocolClient.java:onNext(264)) - client-D9B31DDCE961->18b22b39-7551-46dd-8464-dd74933c4739: receive RaftClientReply:client-D9B31DDCE961->18b22b39-7551-46dd-8464-dd74933c4739@group-597320EF17B3, cid=1594, SUCCESS, logIndex=2223, commits[18b22b39-7551-46dd-8464-dd74933c4739:c2224, 76d6a15c-8eeb-4764-b555-ce8767d18d57:c2220, c90dcfdf-5973-4b56-a955-1fc4555f10cb:c2220]
2019-09-19 11:26:10,420 [grpc-default-executor-5] INFO  client.GrpcClientProtocolClient (GrpcClientProtocolClient.java:onNext(264)) - client-D9B31DDCE961->18b22b39-7551-46dd-8464-dd74933c4739: receive RaftClientReply:client-D9B31DDCE961->18b22b39-7551-46dd-8464-dd74933c4739@group-597320EF17B3, cid=1595, SUCCESS, logIndex=2224, commits[18b22b39-7551-46dd-8464-dd74933c4739:c2224, 76d6a15c-8eeb-4764-b555-ce8767d18d57:c2220, c90dcfdf-5973-4b56-a955-1fc4555f10cb:c2220]
2019-09-19 11:26:10,443 [grpc-default-executor-3] INFO  client.GrpcClientProtocolClient (GrpcClientProtocolClient.java:onNext(264)) - client-D9B31DDCE961->18b22b39-7551-46dd-8464-dd74933c4739: receive RaftClientReply:client-D9B31DDCE961->18b22b39-7551-46dd-8464-dd74933c4739@group-597320EF17B3, cid=1596, SUCCESS, logIndex=0, commits[18b22b39-7551-46dd-8464-dd74933c4739:c2225, 76d6a15c-8eeb-4764-b555-ce8767d18d57:c2222, c90dcfdf-5973-4b56-a955-1fc4555f10cb:c2222]
2019-09-19 11:26:10,460 [grpc-default-executor-5] INFO  client.GrpcClientProtocolClient (GrpcClientProtocolClient.java:onNext(264)) - client-D9B31DDCE961->18b22b39-7551-46dd-8464-dd74933c4739: receive RaftClientReply:client-D9B31DDCE961->18b22b39-7551-46dd-8464-dd74933c4739@group-597320EF17B3, cid=1597, SUCCESS, logIndex=2229, commits[18b22b39-7551-46dd-8464-dd74933c4739:c2230, 76d6a15c-8eeb-4764-b555-ce8767d18d57:c2228, c90dcfdf-5973-4b56-a955-1fc4555f10cb:c2228]
2019-09-19 11:26:10,461 [grpc-default-executor-5] INFO  client.GrpcClientProtocolClient (GrpcClientProtocolClient.java:onNext(264)) - client-D9B31DDCE961->18b22b39-7551-46dd-8464-dd74933c4739: receive RaftClientReply:client-D9B31DDCE961->18b22b39-7551-46dd-8464-dd74933c4739@group-597320EF17B3, cid=1598, SUCCESS, logIndex=2230, commits[18b22b39-7551-46dd-8464-dd74933c4739:c2230, 76d6a15c-8eeb-4764-b555-ce8767d18d57:c2228, c90dcfdf-5973-4b56-a955-1fc4555f10cb:c2228]
2019-09-19 11:26:10,474 [grpc-default-executor-6] INFO  client.GrpcClientProtocolClient (GrpcClientProtocolClient.java:onNext(264)) - client-D9B31DDCE961->18b22b39-7551-46dd-8464-dd74933c4739: receive RaftClientReply:client-D9B31DDCE961->18b22b39-7551-46dd-8464-dd74933c4739@group-597320EF17B3, cid=1599, SUCCESS, logIndex=2233, commits[18b22b39-7551-46dd-8464-dd74933c4739:c2234, 76d6a15c-8eeb-4764-b555-ce8767d18d57:c2230, c90dcfdf-5973-4b56-a955-1fc4555f10cb:c2229]
2019-09-19 11:26:10,474 [grpc-default-executor-6] INFO  client.GrpcClientProtocolClient (GrpcClientProtocolClient.java:onNext(264)) - client-D9B31DDCE961->18b22b39-7551-46dd-8464-dd74933c4739: receive RaftClientReply:client-D9B31DDCE961->18b22b39-7551-46dd-8464-dd74933c4739@group-597320EF17B3, cid=1600, SUCCESS, logIndex=2234, commits[18b22b39-7551-46dd-8464-dd74933c4739:c2234, 76d6a15c-8eeb-4764-b555-ce8767d18d57:c2230, c90dcfdf-5973-4b56-a955-1fc4555f10cb:c2229]
2019-09-19 11:26:10,476 [grpc-default-executor-6] INFO  client.GrpcClientProtocolClient (GrpcClientProtocolClient.java:onNext(264)) - client-D9B31DDCE961->18b22b39-7551-46dd-8464-dd74933c4739: receive RaftClientReply:client-D9B31DDCE961->18b22b39-7551-46dd-8464-dd74933c4739@group-597320EF17B3, cid=1601, SUCCESS, logIndex=0, commits[18b22b39-7551-46dd-8464-dd74933c4739:c2234, 76d6a15c-8eeb-4764-b555-ce8767d18d57:c2230, c90dcfdf-5973-4b56-a955-1fc4555f10cb:c2230]
2019-09-19 11:26:10,496 [grpc-default-executor-6] INFO  client.GrpcClientProtocolClient (GrpcClientProtocolClient.java:onNext(264)) - client-D9B31DDCE961->18b22b39-7551-46dd-8464-dd74933c4739: receive RaftClientReply:client-D9B31DDCE961->18b22b39-7551-46dd-8464-dd74933c4739@group-597320EF17B3, cid=1602, SUCCESS, logIndex=0, commits[18b22b39-7551-46dd-8464-dd74933c4739:c2236, 76d6a15c-8eeb-4764-b555-ce8767d18d57:c2234, c90dcfdf-5973-4b56-a955-1fc4555f10cb:c2234]
2019-09-19 11:26:10,521 [grpc-default-executor-5] INFO  client.GrpcClientProtocolClient (GrpcClientProtocolClient.java:onNext(264)) - client-D9B31DDCE961->18b22b39-7551-46dd-8464-dd74933c4739: receive RaftClientReply:client-D9B31DDCE961->18b22b39-7551-46dd-8464-dd74933c4739@group-597320EF17B3, cid=1603, SUCCESS, logIndex=2237, commits[18b22b39-7551-46dd-8464-dd74933c4739:c2238, 76d6a15c-8eeb-4764-b555-ce8767d18d57:c2236, c90dcfdf-5973-4b56-a955-1fc4555f10cb:c2236]
2019-09-19 11:26:10,521 [grpc-default-executor-5] INFO  client.GrpcClientProtocolClient (GrpcClientProtocolClient.java:onNext(264)) - client-D9B31DDCE961->18b22b39-7551-46dd-8464-dd74933c4739: receive RaftClientReply:client-D9B31DDCE961->18b22b39-7551-46dd-8464-dd74933c4739@group-597320EF17B3, cid=1604, SUCCESS, logIndex=2238, commits[18b22b39-7551-46dd-8464-dd74933c4739:c2239, 76d6a15c-8eeb-4764-b555-ce8767d18d57:c2236, c90dcfdf-5973-4b56-a955-1fc4555f10cb:c2236]
2019-09-19 11:26:10,522 [grpc-default-executor-5] INFO  client.GrpcClientProtocolClient (GrpcClientProtocolClient.java:onNext(264)) - client-D9B31DDCE961->18b22b39-7551-46dd-8464-dd74933c4739: receive RaftClientReply:client-D9B31DDCE961->18b22b39-7551-46dd-8464-dd74933c4739@group-597320EF17B3, cid=1605, SUCCESS, logIndex=2239, commits[18b22b39-7551-46dd-8464-dd74933c4739:c2240, 76d6a15c-8eeb-4764-b555-ce8767d18d57:c2236, c90dcfdf-5973-4b56-a955-1fc4555f10cb:c2236]
2019-09-19 11:26:10,522 [grpc-default-executor-5] INFO  client.GrpcClientProtocolClient (GrpcClientProtocolClient.java:onNext(264)) - client-D9B31DDCE961->18b22b39-7551-46dd-8464-dd74933c4739: receive RaftClientReply:client-D9B31DDCE961->18b22b39-7551-46dd-8464-dd74933c4739@group-597320EF17B3, cid=1606, SUCCESS, logIndex=2240, commits[18b22b39-7551-46dd-8464-dd74933c4739:c2240, 76d6a15c-8eeb-4764-b555-ce8767d18d57:c2236, c90dcfdf-5973-4b56-a955-1fc4555f10cb:c2236]
2019-09-19 11:26:10,535 [grpc-default-executor-5] INFO  client.GrpcClientProtocolClient (GrpcClientProtocolClient.java:onNext(264)) - client-D9B31DDCE961->18b22b39-7551-46dd-8464-dd74933c4739: receive RaftClientReply:client-D9B31DDCE961->18b22b39-7551-46dd-8464-dd74933c4739@group-597320EF17B3, cid=1607, SUCCESS, logIndex=0, commits[18b22b39-7551-46dd-8464-dd74933c4739:c2242, 76d6a15c-8eeb-4764-b555-ce8767d18d57:c2238, c90dcfdf-5973-4b56-a955-1fc4555f10cb:c2238]
2019-09-19 11:26:10,554 [grpc-default-executor-5] INFO  client.GrpcClientProtocolClient (GrpcClientProtocolClient.java:onNext(264)) - client-D9B31DDCE961->18b22b39-7551-46dd-8464-dd74933c4739: receive RaftClientReply:client-D9B31DDCE961->18b22b39-7551-46dd-8464-dd74933c4739@group-597320EF17B3, cid=1608, SUCCESS, logIndex=2245, commits[18b22b39-7551-46dd-8464-dd74933c4739:c2246, 76d6a15c-8eeb-4764-b555-ce8767d18d57:c2244, c90dcfdf-5973-4b56-a955-1fc4555f10cb:c2244]
2019-09-19 11:26:10,554 [grpc-default-executor-5] INFO  client.GrpcClientProtocolClient (GrpcClientProtocolClient.java:onNext(264)) - client-D9B31DDCE961->18b22b39-7551-46dd-8464-dd74933c4739: receive RaftClientReply:client-D9B31DDCE961->18b22b39-7551-46dd-8464-dd74933c4739@group-597320EF17B3, cid=1609, SUCCESS, logIndex=2246, commits[18b22b39-7551-46dd-8464-dd74933c4739:c2246, 76d6a15c-8eeb-4764-b555-ce8767d18d57:c2244, c90dcfdf-5973-4b56-a955-1fc4555f10cb:c2244]
2019-09-19 11:26:10,569 [grpc-default-executor-1] INFO  client.GrpcClientProtocolClient (GrpcClientProtocolClient.java:onNext(264)) - client-D9B31DDCE961->18b22b39-7551-46dd-8464-dd74933c4739: receive RaftClientReply:client-D9B31DDCE961->18b22b39-7551-46dd-8464-dd74933c4739@group-597320EF17B3, cid=1610, SUCCESS, logIndex=2249, commits[18b22b39-7551-46dd-8464-dd74933c4739:c2250, 76d6a15c-8eeb-4764-b555-ce8767d18d57:c2246, c90dcfdf-5973-4b56-a955-1fc4555f10cb:c2246]
2019-09-19 11:26:10,569 [grpc-default-executor-1] INFO  client.GrpcClientProtocolClient (GrpcClientProtocolClient.java:onNext(264)) - client-D9B31DDCE961->18b22b39-7551-46dd-8464-dd74933c4739: receive RaftClientReply:client-D9B31DDCE961->18b22b39-7551-46dd-8464-dd74933c4739@group-597320EF17B3, cid=1611, SUCCESS, logIndex=2250, commits[18b22b39-7551-46dd-8464-dd74933c4739:c2250, 76d6a15c-8eeb-4764-b555-ce8767d18d57:c2246, c90dcfdf-5973-4b56-a955-1fc4555f10cb:c2246]
2019-09-19 11:26:10,587 [grpc-default-executor-1] INFO  client.GrpcClientProtocolClient (GrpcClientProtocolClient.java:onNext(264)) - client-D9B31DDCE961->18b22b39-7551-46dd-8464-dd74933c4739: receive RaftClientReply:client-D9B31DDCE961->18b22b39-7551-46dd-8464-dd74933c4739@group-597320EF17B3, cid=1612, SUCCESS, logIndex=0, commits[18b22b39-7551-46dd-8464-dd74933c4739:c2252, 76d6a15c-8eeb-4764-b555-ce8767d18d57:c2250, c90dcfdf-5973-4b56-a955-1fc4555f10cb:c2250]
2019-09-19 11:26:10,615 [grpc-default-executor-5] INFO  client.GrpcClientProtocolClient (GrpcClientProtocolClient.java:onNext(264)) - client-D9B31DDCE961->18b22b39-7551-46dd-8464-dd74933c4739: receive RaftClientReply:client-D9B31DDCE961->18b22b39-7551-46dd-8464-dd74933c4739@group-597320EF17B3, cid=1613, SUCCESS, logIndex=2253, commits[18b22b39-7551-46dd-8464-dd74933c4739:c2255, 76d6a15c-8eeb-4764-b555-ce8767d18d57:c2252, c90dcfdf-5973-4b56-a955-1fc4555f10cb:c2252]
2019-09-19 11:26:10,615 [grpc-default-executor-5] INFO  client.GrpcClientProtocolClient (GrpcClientProtocolClient.java:onNext(264)) - client-D9B31DDCE961->18b22b39-7551-46dd-8464-dd74933c4739: receive RaftClientReply:client-D9B31DDCE961->18b22b39-7551-46dd-8464-dd74933c4739@group-597320EF17B3, cid=1614, SUCCESS, logIndex=2254, commits[18b22b39-7551-46dd-8464-dd74933c4739:c2256, 76d6a15c-8eeb-4764-b555-ce8767d18d57:c2252, c90dcfdf-5973-4b56-a955-1fc4555f10cb:c2252]
2019-09-19 11:26:10,616 [grpc-default-executor-5] INFO  client.GrpcClientProtocolClient (GrpcClientProtocolClient.java:onNext(264)) - client-D9B31DDCE961->18b22b39-7551-46dd-8464-dd74933c4739: receive RaftClientReply:client-D9B31DDCE961->18b22b39-7551-46dd-8464-dd74933c4739@group-597320EF17B3, cid=1615, SUCCESS, logIndex=2255, commits[18b22b39-7551-46dd-8464-dd74933c4739:c2256, 76d6a15c-8eeb-4764-b555-ce8767d18d57:c2252, c90dcfdf-5973-4b56-a955-1fc4555f10cb:c2252]
2019-09-19 11:26:10,616 [grpc-default-executor-5] INFO  client.GrpcClientProtocolClient (GrpcClientProtocolClient.java:onNext(264)) - client-D9B31DDCE961->18b22b39-7551-46dd-8464-dd74933c4739: receive RaftClientReply:client-D9B31DDCE961->18b22b39-7551-46dd-8464-dd74933c4739@group-597320EF17B3, cid=1616, SUCCESS, logIndex=2256, commits[18b22b39-7551-46dd-8464-dd74933c4739:c2256, 76d6a15c-8eeb-4764-b555-ce8767d18d57:c2252, c90dcfdf-5973-4b56-a955-1fc4555f10cb:c2252]
2019-09-19 11:26:10,628 [grpc-default-executor-5] INFO  client.GrpcClientProtocolClient (GrpcClientProtocolClient.java:onNext(264)) - client-D9B31DDCE961->18b22b39-7551-46dd-8464-dd74933c4739: receive RaftClientReply:client-D9B31DDCE961->18b22b39-7551-46dd-8464-dd74933c4739@group-597320EF17B3, cid=1617, SUCCESS, logIndex=0, commits[18b22b39-7551-46dd-8464-dd74933c4739:c2257, 76d6a15c-8eeb-4764-b555-ce8767d18d57:c2254, c90dcfdf-5973-4b56-a955-1fc4555f10cb:c2254]
2019-09-19 11:26:10,646 [grpc-default-executor-1] INFO  client.GrpcClientProtocolClient (GrpcClientProtocolClient.java:onNext(264)) - client-D9B31DDCE961->18b22b39-7551-46dd-8464-dd74933c4739: receive RaftClientReply:client-D9B31DDCE961->18b22b39-7551-46dd-8464-dd74933c4739@group-597320EF17B3, cid=1618, SUCCESS, logIndex=2261, commits[18b22b39-7551-46dd-8464-dd74933c4739:c2262, 76d6a15c-8eeb-4764-b555-ce8767d18d57:c2260, c90dcfdf-5973-4b56-a955-1fc4555f10cb:c2260]
2019-09-19 11:26:10,646 [grpc-default-executor-1] INFO  client.GrpcClientProtocolClient (GrpcClientProtocolClient.java:onNext(264)) - client-D9B31DDCE961->18b22b39-7551-46dd-8464-dd74933c4739: receive RaftClientReply:client-D9B31DDCE961->18b22b39-7551-46dd-8464-dd74933c4739@group-597320EF17B3, cid=1619, SUCCESS, logIndex=2262, commits[18b22b39-7551-46dd-8464-dd74933c4739:c2262, 76d6a15c-8eeb-4764-b555-ce8767d18d57:c2260, c90dcfdf-5973-4b56-a955-1fc4555f10cb:c2260]
2019-09-19 11:26:10,663 [grpc-default-executor-1] INFO  client.GrpcClientProtocolClient (GrpcClientProtocolClient.java:onNext(264)) - client-D9B31DDCE961->18b22b39-7551-46dd-8464-dd74933c4739: receive RaftClientReply:client-D9B31DDCE961->18b22b39-7551-46dd-8464-dd74933c4739@group-597320EF17B3, cid=1620, SUCCESS, logIndex=2265, commits[18b22b39-7551-46dd-8464-dd74933c4739:c2266, 76d6a15c-8eeb-4764-b555-ce8767d18d57:c2262, c90dcfdf-5973-4b56-a955-1fc4555f10cb:c2262]
2019-09-19 11:26:10,664 [grpc-default-executor-1] INFO  client.GrpcClientProtocolClient (GrpcClientProtocolClient.java:onNext(264)) - client-D9B31DDCE961->18b22b39-7551-46dd-8464-dd74933c4739: receive RaftClientReply:client-D9B31DDCE961->18b22b39-7551-46dd-8464-dd74933c4739@group-597320EF17B3, cid=1621, SUCCESS, logIndex=2266, commits[18b22b39-7551-46dd-8464-dd74933c4739:c2266, 76d6a15c-8eeb-4764-b555-ce8767d18d57:c2262, c90dcfdf-5973-4b56-a955-1fc4555f10cb:c2262]
2019-09-19 11:26:10,673 [grpc-default-executor-1] INFO  client.GrpcClientProtocolClient (GrpcClientProtocolClient.java:onNext(264)) - client-D9B31DDCE961->18b22b39-7551-46dd-8464-dd74933c4739: receive RaftClientReply:client-D9B31DDCE961->18b22b39-7551-46dd-8464-dd74933c4739@group-597320EF17B3, cid=1622, SUCCESS, logIndex=0, commits[18b22b39-7551-46dd-8464-dd74933c4739:c2268, 76d6a15c-8eeb-4764-b555-ce8767d18d57:c2266, c90dcfdf-5973-4b56-a955-1fc4555f10cb:c2266]
2019-09-19 11:26:10,800 [grpc-default-executor-5] INFO  client.GrpcClientProtocolClient (GrpcClientProtocolClient.java:onNext(264)) - client-D9B31DDCE961->18b22b39-7551-46dd-8464-dd74933c4739: receive RaftClientReply:client-D9B31DDCE961->18b22b39-7551-46dd-8464-dd74933c4739@group-597320EF17B3, cid=1623, SUCCESS, logIndex=2269, commits[18b22b39-7551-46dd-8464-dd74933c4739:c2270, 76d6a15c-8eeb-4764-b555-ce8767d18d57:c2268, c90dcfdf-5973-4b56-a955-1fc4555f10cb:c2268]
2019-09-19 11:26:10,801 [grpc-default-executor-5] INFO  client.GrpcClientProtocolClient (GrpcClientProtocolClient.java:onNext(264)) - client-D9B31DDCE961->18b22b39-7551-46dd-8464-dd74933c4739: receive RaftClientReply:client-D9B31DDCE961->18b22b39-7551-46dd-8464-dd74933c4739@group-597320EF17B3, cid=1624, SUCCESS, logIndex=2270, commits[18b22b39-7551-46dd-8464-dd74933c4739:c2272, 76d6a15c-8eeb-4764-b555-ce8767d18d57:c2268, c90dcfdf-5973-4b56-a955-1fc4555f10cb:c2268]
2019-09-19 11:26:10,802 [grpc-default-executor-5] INFO  client.GrpcClientProtocolClient (GrpcClientProtocolClient.java:onNext(264)) - client-D9B31DDCE961->18b22b39-7551-46dd-8464-dd74933c4739: receive RaftClientReply:client-D9B31DDCE961->18b22b39-7551-46dd-8464-dd74933c4739@group-597320EF17B3, cid=1625, SUCCESS, logIndex=2271, commits[18b22b39-7551-46dd-8464-dd74933c4739:c2272, 76d6a15c-8eeb-4764-b555-ce8767d18d57:c2268, c90dcfdf-5973-4b56-a955-1fc4555f10cb:c2268]
2019-09-19 11:26:10,802 [grpc-default-executor-5] INFO  client.GrpcClientProtocolClient (GrpcClientProtocolClient.java:onNext(264)) - client-D9B31DDCE961->18b22b39-7551-46dd-8464-dd74933c4739: receive RaftClientReply:client-D9B31DDCE961->18b22b39-7551-46dd-8464-dd74933c4739@group-597320EF17B3, cid=1626, SUCCESS, logIndex=2272, commits[18b22b39-7551-46dd-8464-dd74933c4739:c2272, 76d6a15c-8eeb-4764-b555-ce8767d18d57:c2268, c90dcfdf-5973-4b56-a955-1fc4555f10cb:c2268]
2019-09-19 11:26:10,815 [grpc-default-executor-5] INFO  client.GrpcClientProtocolClient (GrpcClientProtocolClient.java:onNext(264)) - client-D9B31DDCE961->18b22b39-7551-46dd-8464-dd74933c4739: receive RaftClientReply:client-D9B31DDCE961->18b22b39-7551-46dd-8464-dd74933c4739@group-597320EF17B3, cid=1627, SUCCESS, logIndex=0, commits[18b22b39-7551-46dd-8464-dd74933c4739:c2273, 76d6a15c-8eeb-4764-b555-ce8767d18d57:c2270, c90dcfdf-5973-4b56-a955-1fc4555f10cb:c2270]
2019-09-19 11:26:10,838 [grpc-default-executor-6] INFO  client.GrpcClientProtocolClient (GrpcClientProtocolClient.java:onNext(264)) - client-D9B31DDCE961->18b22b39-7551-46dd-8464-dd74933c4739: receive RaftClientReply:client-D9B31DDCE961->18b22b39-7551-46dd-8464-dd74933c4739@group-597320EF17B3, cid=1628, SUCCESS, logIndex=2277, commits[18b22b39-7551-46dd-8464-dd74933c4739:c2278, 76d6a15c-8eeb-4764-b555-ce8767d18d57:c2276, c90dcfdf-5973-4b56-a955-1fc4555f10cb:c2276]
2019-09-19 11:26:10,839 [grpc-default-executor-6] INFO  client.GrpcClientProtocolClient (GrpcClientProtocolClient.java:onNext(264)) - client-D9B31DDCE961->18b22b39-7551-46dd-8464-dd74933c4739: receive RaftClientReply:client-D9B31DDCE961->18b22b39-7551-46dd-8464-dd74933c4739@group-597320EF17B3, cid=1629, SUCCESS, logIndex=2278, commits[18b22b39-7551-46dd-8464-dd74933c4739:c2278, 76d6a15c-8eeb-4764-b555-ce8767d18d57:c2276, c90dcfdf-5973-4b56-a955-1fc4555f10cb:c2276]
2019-09-19 11:26:10,852 [grpc-default-executor-5] INFO  client.GrpcClientProtocolClient (GrpcClientProtocolClient.java:onNext(264)) - client-D9B31DDCE961->18b22b39-7551-46dd-8464-dd74933c4739: receive RaftClientReply:client-D9B31DDCE961->18b22b39-7551-46dd-8464-dd74933c4739@group-597320EF17B3, cid=1630, SUCCESS, logIndex=2281, commits[18b22b39-7551-46dd-8464-dd74933c4739:c2282, 76d6a15c-8eeb-4764-b555-ce8767d18d57:c2278, c90dcfdf-5973-4b56-a955-1fc4555f10cb:c2277]
2019-09-19 11:26:10,852 [grpc-default-executor-5] INFO  client.GrpcClientProtocolClient (GrpcClientProtocolClient.java:onNext(264)) - client-D9B31DDCE961->18b22b39-7551-46dd-8464-dd74933c4739: receive RaftClientReply:client-D9B31DDCE961->18b22b39-7551-46dd-8464-dd74933c4739@group-597320EF17B3, cid=1631, SUCCESS, logIndex=2282, commits[18b22b39-7551-46dd-8464-dd74933c4739:c2282, 76d6a15c-8eeb-4764-b555-ce8767d18d57:c2278, c90dcfdf-5973-4b56-a955-1fc4555f10cb:c2278]
2019-09-19 11:26:10,866 [grpc-default-executor-5] INFO  client.GrpcClientProtocolClient (GrpcClientProtocolClient.java:onNext(264)) - client-D9B31DDCE961->18b22b39-7551-46dd-8464-dd74933c4739: receive RaftClientReply:client-D9B31DDCE961->18b22b39-7551-46dd-8464-dd74933c4739@group-597320EF17B3, cid=1632, SUCCESS, logIndex=0, commits[18b22b39-7551-46dd-8464-dd74933c4739:c2284, 76d6a15c-8eeb-4764-b555-ce8767d18d57:c2282, c90dcfdf-5973-4b56-a955-1fc4555f10cb:c2282]
2019-09-19 11:26:10,900 [grpc-default-executor-6] INFO  client.GrpcClientProtocolClient (GrpcClientProtocolClient.java:onNext(264)) - client-D9B31DDCE961->18b22b39-7551-46dd-8464-dd74933c4739: receive RaftClientReply:client-D9B31DDCE961->18b22b39-7551-46dd-8464-dd74933c4739@group-597320EF17B3, cid=1633, SUCCESS, logIndex=2285, commits[18b22b39-7551-46dd-8464-dd74933c4739:c2286, 76d6a15c-8eeb-4764-b555-ce8767d18d57:c2284, c90dcfdf-5973-4b56-a955-1fc4555f10cb:c2284]
2019-09-19 11:26:10,900 [grpc-default-executor-6] INFO  client.GrpcClientProtocolClient (GrpcClientProtocolClient.java:onNext(264)) - client-D9B31DDCE961->18b22b39-7551-46dd-8464-dd74933c4739: receive RaftClientReply:client-D9B31DDCE961->18b22b39-7551-46dd-8464-dd74933c4739@group-597320EF17B3, cid=1634, SUCCESS, logIndex=2286, commits[18b22b39-7551-46dd-8464-dd74933c4739:c2286, 76d6a15c-8eeb-4764-b555-ce8767d18d57:c2284, c90dcfdf-5973-4b56-a955-1fc4555f10cb:c2284]
2019-09-19 11:26:10,902 [grpc-default-executor-5] INFO  client.GrpcClientProtocolClient (GrpcClientProtocolClient.java:onNext(264)) - client-D9B31DDCE961->18b22b39-7551-46dd-8464-dd74933c4739: receive RaftClientReply:client-D9B31DDCE961->18b22b39-7551-46dd-8464-dd74933c4739@group-597320EF17B3, cid=1635, SUCCESS, logIndex=2287, commits[18b22b39-7551-46dd-8464-dd74933c4739:c2288, 76d6a15c-8eeb-4764-b555-ce8767d18d57:c2284, c90dcfdf-5973-4b56-a955-1fc4555f10cb:c2284]
2019-09-19 11:26:10,902 [grpc-default-executor-5] INFO  client.GrpcClientProtocolClient (GrpcClientProtocolClient.java:onNext(264)) - client-D9B31DDCE961->18b22b39-7551-46dd-8464-dd74933c4739: receive RaftClientReply:client-D9B31DDCE961->18b22b39-7551-46dd-8464-dd74933c4739@group-597320EF17B3, cid=1636, SUCCESS, logIndex=2288, commits[18b22b39-7551-46dd-8464-dd74933c4739:c2288, 76d6a15c-8eeb-4764-b555-ce8767d18d57:c2284, c90dcfdf-5973-4b56-a955-1fc4555f10cb:c2284]
2019-09-19 11:26:10,913 [grpc-default-executor-3] INFO  client.GrpcClientProtocolClient (GrpcClientProtocolClient.java:onNext(264)) - client-D9B31DDCE961->18b22b39-7551-46dd-8464-dd74933c4739: receive RaftClientReply:client-D9B31DDCE961->18b22b39-7551-46dd-8464-dd74933c4739@group-597320EF17B3, cid=1637, SUCCESS, logIndex=0, commits[18b22b39-7551-46dd-8464-dd74933c4739:c2289, 76d6a15c-8eeb-4764-b555-ce8767d18d57:c2286, c90dcfdf-5973-4b56-a955-1fc4555f10cb:c2286]
2019-09-19 11:26:10,929 [grpc-default-executor-3] INFO  client.GrpcClientProtocolClient (GrpcClientProtocolClient.java:onNext(264)) - client-D9B31DDCE961->18b22b39-7551-46dd-8464-dd74933c4739: receive RaftClientReply:client-D9B31DDCE961->18b22b39-7551-46dd-8464-dd74933c4739@group-597320EF17B3, cid=1638, SUCCESS, logIndex=2293, commits[18b22b39-7551-46dd-8464-dd74933c4739:c2294, 76d6a15c-8eeb-4764-b555-ce8767d18d57:c2292, c90dcfdf-5973-4b56-a955-1fc4555f10cb:c2292]
2019-09-19 11:26:10,929 [grpc-default-executor-3] INFO  client.GrpcClientProtocolClient (GrpcClientProtocolClient.java:onNext(264)) - client-D9B31DDCE961->18b22b39-7551-46dd-8464-dd74933c4739: receive RaftClientReply:client-D9B31DDCE961->18b22b39-7551-46dd-8464-dd74933c4739@group-597320EF17B3, cid=1639, SUCCESS, logIndex=2294, commits[18b22b39-7551-46dd-8464-dd74933c4739:c2294, 76d6a15c-8eeb-4764-b555-ce8767d18d57:c2292, c90dcfdf-5973-4b56-a955-1fc4555f10cb:c2292]
2019-09-19 11:26:10,944 [grpc-default-executor-3] INFO  client.GrpcClientProtocolClient (GrpcClientProtocolClient.java:onNext(264)) - client-D9B31DDCE961->18b22b39-7551-46dd-8464-dd74933c4739: receive RaftClientReply:client-D9B31DDCE961->18b22b39-7551-46dd-8464-dd74933c4739@group-597320EF17B3, cid=1640, SUCCESS, logIndex=2297, commits[18b22b39-7551-46dd-8464-dd74933c4739:c2297, 76d6a15c-8eeb-4764-b555-ce8767d18d57:c2294, c90dcfdf-5973-4b56-a955-1fc4555f10cb:c2294]
2019-09-19 11:26:10,944 [grpc-default-executor-3] INFO  client.GrpcClientProtocolClient (GrpcClientProtocolClient.java:onNext(264)) - client-D9B31DDCE961->18b22b39-7551-46dd-8464-dd74933c4739: receive RaftClientReply:client-D9B31DDCE961->18b22b39-7551-46dd-8464-dd74933c4739@group-597320EF17B3, cid=1641, SUCCESS, logIndex=2298, commits[18b22b39-7551-46dd-8464-dd74933c4739:c2298, 76d6a15c-8eeb-4764-b555-ce8767d18d57:c2294, c90dcfdf-5973-4b56-a955-1fc4555f10cb:c2294]
2019-09-19 11:26:10,960 [grpc-default-executor-3] INFO  client.GrpcClientProtocolClient (GrpcClientProtocolClient.java:onNext(264)) - client-D9B31DDCE961->18b22b39-7551-46dd-8464-dd74933c4739: receive RaftClientReply:client-D9B31DDCE961->18b22b39-7551-46dd-8464-dd74933c4739@group-597320EF17B3, cid=1642, SUCCESS, logIndex=0, commits[18b22b39-7551-46dd-8464-dd74933c4739:c2300, 76d6a15c-8eeb-4764-b555-ce8767d18d57:c2298, c90dcfdf-5973-4b56-a955-1fc4555f10cb:c2298]
2019-09-19 11:26:10,986 [grpc-default-executor-5] INFO  client.GrpcClientProtocolClient (GrpcClientProtocolClient.java:onNext(264)) - client-D9B31DDCE961->18b22b39-7551-46dd-8464-dd74933c4739: receive RaftClientReply:client-D9B31DDCE961->18b22b39-7551-46dd-8464-dd74933c4739@group-597320EF17B3, cid=1643, SUCCESS, logIndex=2301, commits[18b22b39-7551-46dd-8464-dd74933c4739:c2302, 76d6a15c-8eeb-4764-b555-ce8767d18d57:c2300, c90dcfdf-5973-4b56-a955-1fc4555f10cb:c2300]
2019-09-19 11:26:10,986 [grpc-default-executor-5] INFO  client.GrpcClientProtocolClient (GrpcClientProtocolClient.java:onNext(264)) - client-D9B31DDCE961->18b22b39-7551-46dd-8464-dd74933c4739: receive RaftClientReply:client-D9B31DDCE961->18b22b39-7551-46dd-8464-dd74933c4739@group-597320EF17B3, cid=1644, SUCCESS, logIndex=2302, commits[18b22b39-7551-46dd-8464-dd74933c4739:c2302, 76d6a15c-8eeb-4764-b555-ce8767d18d57:c2300, c90dcfdf-5973-4b56-a955-1fc4555f10cb:c2300]
2019-09-19 11:26:10,988 [grpc-default-executor-1] INFO  client.GrpcClientProtocolClient (GrpcClientProtocolClient.java:onNext(264)) - client-D9B31DDCE961->18b22b39-7551-46dd-8464-dd74933c4739: receive RaftClientReply:client-D9B31DDCE961->18b22b39-7551-46dd-8464-dd74933c4739@group-597320EF17B3, cid=1645, SUCCESS, logIndex=2303, commits[18b22b39-7551-46dd-8464-dd74933c4739:c2304, 76d6a15c-8eeb-4764-b555-ce8767d18d57:c2300, c90dcfdf-5973-4b56-a955-1fc4555f10cb:c2300]
2019-09-19 11:26:10,988 [grpc-default-executor-1] INFO  client.GrpcClientProtocolClient (GrpcClientProtocolClient.java:onNext(264)) - client-D9B31DDCE961->18b22b39-7551-46dd-8464-dd74933c4739: receive RaftClientReply:client-D9B31DDCE961->18b22b39-7551-46dd-8464-dd74933c4739@group-597320EF17B3, cid=1646, SUCCESS, logIndex=2304, commits[18b22b39-7551-46dd-8464-dd74933c4739:c2304, 76d6a15c-8eeb-4764-b555-ce8767d18d57:c2300, c90dcfdf-5973-4b56-a955-1fc4555f10cb:c2300]
2019-09-19 11:26:11,086 [grpc-default-executor-5] INFO  client.GrpcClientProtocolClient (GrpcClientProtocolClient.java:onNext(264)) - client-D9B31DDCE961->18b22b39-7551-46dd-8464-dd74933c4739: receive RaftClientReply:client-D9B31DDCE961->18b22b39-7551-46dd-8464-dd74933c4739@group-597320EF17B3, cid=1647, SUCCESS, logIndex=0, commits[18b22b39-7551-46dd-8464-dd74933c4739:c2304, 76d6a15c-8eeb-4764-b555-ce8767d18d57:c2302, c90dcfdf-5973-4b56-a955-1fc4555f10cb:c2302]
2019-09-19 11:26:11,106 [grpc-default-executor-5] INFO  client.GrpcClientProtocolClient (GrpcClientProtocolClient.java:onNext(264)) - client-D9B31DDCE961->18b22b39-7551-46dd-8464-dd74933c4739: receive RaftClientReply:client-D9B31DDCE961->18b22b39-7551-46dd-8464-dd74933c4739@group-597320EF17B3, cid=1648, SUCCESS, logIndex=2309, commits[18b22b39-7551-46dd-8464-dd74933c4739:c2310, 76d6a15c-8eeb-4764-b555-ce8767d18d57:c2308, c90dcfdf-5973-4b56-a955-1fc4555f10cb:c2308]
2019-09-19 11:26:11,106 [grpc-default-executor-5] INFO  client.GrpcClientProtocolClient (GrpcClientProtocolClient.java:onNext(264)) - client-D9B31DDCE961->18b22b39-7551-46dd-8464-dd74933c4739: receive RaftClientReply:client-D9B31DDCE961->18b22b39-7551-46dd-8464-dd74933c4739@group-597320EF17B3, cid=1649, SUCCESS, logIndex=2310, commits[18b22b39-7551-46dd-8464-dd74933c4739:c2310, 76d6a15c-8eeb-4764-b555-ce8767d18d57:c2308, c90dcfdf-5973-4b56-a955-1fc4555f10cb:c2308]
2019-09-19 11:26:11,120 [grpc-default-executor-6] INFO  client.GrpcClientProtocolClient (GrpcClientProtocolClient.java:onNext(264)) - client-D9B31DDCE961->18b22b39-7551-46dd-8464-dd74933c4739: receive RaftClientReply:client-D9B31DDCE961->18b22b39-7551-46dd-8464-dd74933c4739@group-597320EF17B3, cid=1650, SUCCESS, logIndex=2313, commits[18b22b39-7551-46dd-8464-dd74933c4739:c2313, 76d6a15c-8eeb-4764-b555-ce8767d18d57:c2310, c90dcfdf-5973-4b56-a955-1fc4555f10cb:c2310]
2019-09-19 11:26:11,120 [grpc-default-executor-6] INFO  client.GrpcClientProtocolClient (GrpcClientProtocolClient.java:onNext(264)) - client-D9B31DDCE961->18b22b39-7551-46dd-8464-dd74933c4739: receive RaftClientReply:client-D9B31DDCE961->18b22b39-7551-46dd-8464-dd74933c4739@group-597320EF17B3, cid=1651, SUCCESS, logIndex=2314, commits[18b22b39-7551-46dd-8464-dd74933c4739:c2314, 76d6a15c-8eeb-4764-b555-ce8767d18d57:c2310, c90dcfdf-5973-4b56-a955-1fc4555f10cb:c2310]
2019-09-19 11:26:11,160 [grpc-default-executor-5] INFO  client.GrpcClientProtocolClient (GrpcClientProtocolClient.java:onNext(264)) - client-D9B31DDCE961->18b22b39-7551-46dd-8464-dd74933c4739: receive RaftClientReply:client-D9B31DDCE961->18b22b39-7551-46dd-8464-dd74933c4739@group-597320EF17B3, cid=1652, SUCCESS, logIndex=0, commits[18b22b39-7551-46dd-8464-dd74933c4739:c2316, 76d6a15c-8eeb-4764-b555-ce8767d18d57:c2314, c90dcfdf-5973-4b56-a955-1fc4555f10cb:c2314]
2019-09-19 11:26:11,296 [grpc-default-executor-3] INFO  client.GrpcClientProtocolClient (GrpcClientProtocolClient.java:onNext(264)) - client-D9B31DDCE961->18b22b39-7551-46dd-8464-dd74933c4739: receive RaftClientReply:client-D9B31DDCE961->18b22b39-7551-46dd-8464-dd74933c4739@group-597320EF17B3, cid=1653, SUCCESS, logIndex=2317, commits[18b22b39-7551-46dd-8464-dd74933c4739:c2317, 76d6a15c-8eeb-4764-b555-ce8767d18d57:c2316, c90dcfdf-5973-4b56-a955-1fc4555f10cb:c2316]
2019-09-19 11:26:11,297 [grpc-default-executor-3] INFO  client.GrpcClientProtocolClient (GrpcClientProtocolClient.java:onNext(264)) - client-D9B31DDCE961->18b22b39-7551-46dd-8464-dd74933c4739: receive RaftClientReply:client-D9B31DDCE961->18b22b39-7551-46dd-8464-dd74933c4739@group-597320EF17B3, cid=1654, SUCCESS, logIndex=2318, commits[18b22b39-7551-46dd-8464-dd74933c4739:c2318, 76d6a15c-8eeb-4764-b555-ce8767d18d57:c2316, c90dcfdf-5973-4b56-a955-1fc4555f10cb:c2316]
 0.00% |█                                                                                                    |  0/1 Time: 0:00:152019-09-19 11:26:11,306 [grpc-default-executor-3] INFO  client.GrpcClientProtocolClient (GrpcClientProtocolClient.java:onNext(264)) - client-D9B31DDCE961->18b22b39-7551-46dd-8464-dd74933c4739: receive RaftClientReply:client-D9B31DDCE961->18b22b39-7551-46dd-8464-dd74933c4739@group-597320EF17B3, cid=1655, SUCCESS, logIndex=2319, commits[18b22b39-7551-46dd-8464-dd74933c4739:c2320, 76d6a15c-8eeb-4764-b555-ce8767d18d57:c2316, c90dcfdf-5973-4b56-a955-1fc4555f10cb:c2316]
2019-09-19 11:26:11,306 [grpc-default-executor-3] INFO  client.GrpcClientProtocolClient (GrpcClientProtocolClient.java:onNext(264)) - client-D9B31DDCE961->18b22b39-7551-46dd-8464-dd74933c4739: receive RaftClientReply:client-D9B31DDCE961->18b22b39-7551-46dd-8464-dd74933c4739@group-597320EF17B3, cid=1656, SUCCESS, logIndex=2320, commits[18b22b39-7551-46dd-8464-dd74933c4739:c2320, 76d6a15c-8eeb-4764-b555-ce8767d18d57:c2316, c90dcfdf-5973-4b56-a955-1fc4555f10cb:c2316]
2019-09-19 11:26:11,310 [grpc-default-executor-3] INFO  client.GrpcClientProtocolClient (GrpcClientProtocolClient.java:onNext(264)) - client-D9B31DDCE961->18b22b39-7551-46dd-8464-dd74933c4739: receive RaftClientReply:client-D9B31DDCE961->18b22b39-7551-46dd-8464-dd74933c4739@group-597320EF17B3, cid=1657, SUCCESS, logIndex=0, commits[18b22b39-7551-46dd-8464-dd74933c4739:c2322, 76d6a15c-8eeb-4764-b555-ce8767d18d57:c2318, c90dcfdf-5973-4b56-a955-1fc4555f10cb:c2318]
2019-09-19 11:26:11,330 [grpc-default-executor-3] INFO  client.GrpcClientProtocolClient (GrpcClientProtocolClient.java:onNext(264)) - client-D9B31DDCE961->18b22b39-7551-46dd-8464-dd74933c4739: receive RaftClientReply:client-D9B31DDCE961->18b22b39-7551-46dd-8464-dd74933c4739@group-597320EF17B3, cid=1658, SUCCESS, logIndex=2325, commits[18b22b39-7551-46dd-8464-dd74933c4739:c2325, 76d6a15c-8eeb-4764-b555-ce8767d18d57:c2324, c90dcfdf-5973-4b56-a955-1fc4555f10cb:c2324]
2019-09-19 11:26:11,330 [grpc-default-executor-3] INFO  client.GrpcClientProtocolClient (GrpcClientProtocolClient.java:onNext(264)) - client-D9B31DDCE961->18b22b39-7551-46dd-8464-dd74933c4739: receive RaftClientReply:client-D9B31DDCE961->18b22b39-7551-46dd-8464-dd74933c4739@group-597320EF17B3, cid=1659, SUCCESS, logIndex=2326, commits[18b22b39-7551-46dd-8464-dd74933c4739:c2326, 76d6a15c-8eeb-4764-b555-ce8767d18d57:c2324, c90dcfdf-5973-4b56-a955-1fc4555f10cb:c2324]
2019-09-19 11:26:11,344 [grpc-default-executor-6] INFO  client.GrpcClientProtocolClient (GrpcClientProtocolClient.java:onNext(264)) - client-D9B31DDCE961->18b22b39-7551-46dd-8464-dd74933c4739: receive RaftClientReply:client-D9B31DDCE961->18b22b39-7551-46dd-8464-dd74933c4739@group-597320EF17B3, cid=1660, SUCCESS, logIndex=2329, commits[18b22b39-7551-46dd-8464-dd74933c4739:c2330, 76d6a15c-8eeb-4764-b555-ce8767d18d57:c2326, c90dcfdf-5973-4b56-a955-1fc4555f10cb:c2326]
2019-09-19 11:26:11,345 [grpc-default-executor-6] INFO  client.GrpcClientProtocolClient (GrpcClientProtocolClient.java:onNext(264)) - client-D9B31DDCE961->18b22b39-7551-46dd-8464-dd74933c4739: receive RaftClientReply:client-D9B31DDCE961->18b22b39-7551-46dd-8464-dd74933c4739@group-597320EF17B3, cid=1661, SUCCESS, logIndex=2330, commits[18b22b39-7551-46dd-8464-dd74933c4739:c2330, 76d6a15c-8eeb-4764-b555-ce8767d18d57:c2326, c90dcfdf-5973-4b56-a955-1fc4555f10cb:c2326]
2019-09-19 11:26:11,350 [grpc-default-executor-3] INFO  client.GrpcClientProtocolClient (GrpcClientProtocolClient.java:onNext(264)) - client-D9B31DDCE961->18b22b39-7551-46dd-8464-dd74933c4739: receive RaftClientReply:client-D9B31DDCE961->18b22b39-7551-46dd-8464-dd74933c4739@group-597320EF17B3, cid=1662, SUCCESS, logIndex=0, commits[18b22b39-7551-46dd-8464-dd74933c4739:c2331, 76d6a15c-8eeb-4764-b555-ce8767d18d57:c2330, c90dcfdf-5973-4b56-a955-1fc4555f10cb:c2330]
2019-09-19 11:26:11,367 [grpc-default-executor-1] INFO  client.GrpcClientProtocolClient (GrpcClientProtocolClient.java:onNext(264)) - client-D9B31DDCE961->18b22b39-7551-46dd-8464-dd74933c4739: receive RaftClientReply:client-D9B31DDCE961->18b22b39-7551-46dd-8464-dd74933c4739@group-597320EF17B3, cid=1663, SUCCESS, logIndex=2333, commits[18b22b39-7551-46dd-8464-dd74933c4739:c2334, 76d6a15c-8eeb-4764-b555-ce8767d18d57:c2332, c90dcfdf-5973-4b56-a955-1fc4555f10cb:c2332]
2019-09-19 11:26:11,368 [grpc-default-executor-1] INFO  client.GrpcClientProtocolClient (GrpcClientProtocolClient.java:onNext(264)) - client-D9B31DDCE961->18b22b39-7551-46dd-8464-dd74933c4739: receive RaftClientReply:client-D9B31DDCE961->18b22b39-7551-46dd-8464-dd74933c4739@group-597320EF17B3, cid=1664, SUCCESS, logIndex=2334, commits[18b22b39-7551-46dd-8464-dd74933c4739:c2334, 76d6a15c-8eeb-4764-b555-ce8767d18d57:c2332, c90dcfdf-5973-4b56-a955-1fc4555f10cb:c2332]
2019-09-19 11:26:11,368 [grpc-default-executor-1] INFO  client.GrpcClientProtocolClient (GrpcClientProtocolClient.java:onNext(264)) - client-D9B31DDCE961->18b22b39-7551-46dd-8464-dd74933c4739: receive RaftClientReply:client-D9B31DDCE961->18b22b39-7551-46dd-8464-dd74933c4739@group-597320EF17B3, cid=1665, SUCCESS, logIndex=2335, commits[18b22b39-7551-46dd-8464-dd74933c4739:c2336, 76d6a15c-8eeb-4764-b555-ce8767d18d57:c2332, c90dcfdf-5973-4b56-a955-1fc4555f10cb:c2332]
2019-09-19 11:26:11,369 [grpc-default-executor-1] INFO  client.GrpcClientProtocolClient (GrpcClientProtocolClient.java:onNext(264)) - client-D9B31DDCE961->18b22b39-7551-46dd-8464-dd74933c4739: receive RaftClientReply:client-D9B31DDCE961->18b22b39-7551-46dd-8464-dd74933c4739@group-597320EF17B3, cid=1666, SUCCESS, logIndex=2336, commits[18b22b39-7551-46dd-8464-dd74933c4739:c2336, 76d6a15c-8eeb-4764-b555-ce8767d18d57:c2332, c90dcfdf-5973-4b56-a955-1fc4555f10cb:c2332]
2019-09-19 11:26:11,372 [grpc-default-executor-6] INFO  client.GrpcClientProtocolClient (GrpcClientProtocolClient.java:onNext(264)) - client-D9B31DDCE961->18b22b39-7551-46dd-8464-dd74933c4739: receive RaftClientReply:client-D9B31DDCE961->18b22b39-7551-46dd-8464-dd74933c4739@group-597320EF17B3, cid=1667, SUCCESS, logIndex=0, commits[18b22b39-7551-46dd-8464-dd74933c4739:c2338, 76d6a15c-8eeb-4764-b555-ce8767d18d57:c2334, c90dcfdf-5973-4b56-a955-1fc4555f10cb:c2334]
2019-09-19 11:26:11,384 [grpc-default-executor-6] INFO  client.GrpcClientProtocolClient (GrpcClientProtocolClient.java:onNext(264)) - client-D9B31DDCE961->18b22b39-7551-46dd-8464-dd74933c4739: receive RaftClientReply:client-D9B31DDCE961->18b22b39-7551-46dd-8464-dd74933c4739@group-597320EF17B3, cid=1668, SUCCESS, logIndex=2341, commits[18b22b39-7551-46dd-8464-dd74933c4739:c2342, 76d6a15c-8eeb-4764-b555-ce8767d18d57:c2340, c90dcfdf-5973-4b56-a955-1fc4555f10cb:c2336]
2019-09-19 11:26:11,384 [grpc-default-executor-6] INFO  client.GrpcClientProtocolClient (GrpcClientProtocolClient.java:onNext(264)) - client-D9B31DDCE961->18b22b39-7551-46dd-8464-dd74933c4739: receive RaftClientReply:client-D9B31DDCE961->18b22b39-7551-46dd-8464-dd74933c4739@group-597320EF17B3, cid=1669, SUCCESS, logIndex=2342, commits[18b22b39-7551-46dd-8464-dd74933c4739:c2342, 76d6a15c-8eeb-4764-b555-ce8767d18d57:c2340, c90dcfdf-5973-4b56-a955-1fc4555f10cb:c2340]
2019-09-19 11:26:11,396 [grpc-default-executor-6] INFO  client.GrpcClientProtocolClient (GrpcClientProtocolClient.java:onNext(264)) - client-D9B31DDCE961->18b22b39-7551-46dd-8464-dd74933c4739: receive RaftClientReply:client-D9B31DDCE961->18b22b39-7551-46dd-8464-dd74933c4739@group-597320EF17B3, cid=1670, SUCCESS, logIndex=2345, commits[18b22b39-7551-46dd-8464-dd74933c4739:c2346, 76d6a15c-8eeb-4764-b555-ce8767d18d57:c2344, c90dcfdf-5973-4b56-a955-1fc4555f10cb:c2342]
2019-09-19 11:26:11,398 [grpc-default-executor-1] INFO  client.GrpcClientProtocolClient (GrpcClientProtocolClient.java:onNext(264)) - client-D9B31DDCE961->18b22b39-7551-46dd-8464-dd74933c4739: receive RaftClientReply:client-D9B31DDCE961->18b22b39-7551-46dd-8464-dd74933c4739@group-597320EF17B3, cid=1671, SUCCESS, logIndex=2346, commits[18b22b39-7551-46dd-8464-dd74933c4739:c2346, 76d6a15c-8eeb-4764-b555-ce8767d18d57:c2344, c90dcfdf-5973-4b56-a955-1fc4555f10cb:c2342]
2019-09-19 11:26:11,401 [grpc-default-executor-1] INFO  client.GrpcClientProtocolClient (GrpcClientProtocolClient.java:onNext(264)) - client-D9B31DDCE961->18b22b39-7551-46dd-8464-dd74933c4739: receive RaftClientReply:client-D9B31DDCE961->18b22b39-7551-46dd-8464-dd74933c4739@group-597320EF17B3, cid=1672, SUCCESS, logIndex=0, commits[18b22b39-7551-46dd-8464-dd74933c4739:c2347, 76d6a15c-8eeb-4764-b555-ce8767d18d57:c2346, c90dcfdf-5973-4b56-a955-1fc4555f10cb:c2346]
2019-09-19 11:26:11,430 [grpc-default-executor-6] INFO  client.GrpcClientProtocolClient (GrpcClientProtocolClient.java:onNext(264)) - client-D9B31DDCE961->18b22b39-7551-46dd-8464-dd74933c4739: receive RaftClientReply:client-D9B31DDCE961->18b22b39-7551-46dd-8464-dd74933c4739@group-597320EF17B3, cid=1673, SUCCESS, logIndex=2349, commits[18b22b39-7551-46dd-8464-dd74933c4739:c2350, 76d6a15c-8eeb-4764-b555-ce8767d18d57:c2348, c90dcfdf-5973-4b56-a955-1fc4555f10cb:c2348]
2019-09-19 11:26:11,431 [grpc-default-executor-6] INFO  client.GrpcClientProtocolClient (GrpcClientProtocolClient.java:onNext(264)) - client-D9B31DDCE961->18b22b39-7551-46dd-8464-dd74933c4739: receive RaftClientReply:client-D9B31DDCE961->18b22b39-7551-46dd-8464-dd74933c4739@group-597320EF17B3, cid=1674, SUCCESS, logIndex=2350, commits[18b22b39-7551-46dd-8464-dd74933c4739:c2351, 76d6a15c-8eeb-4764-b555-ce8767d18d57:c2348, c90dcfdf-5973-4b56-a955-1fc4555f10cb:c2348]
2019-09-19 11:26:11,431 [grpc-default-executor-6] INFO  client.GrpcClientProtocolClient (GrpcClientProtocolClient.java:onNext(264)) - client-D9B31DDCE961->18b22b39-7551-46dd-8464-dd74933c4739: receive RaftClientReply:client-D9B31DDCE961->18b22b39-7551-46dd-8464-dd74933c4739@group-597320EF17B3, cid=1675, SUCCESS, logIndex=2351, commits[18b22b39-7551-46dd-8464-dd74933c4739:c2352, 76d6a15c-8eeb-4764-b555-ce8767d18d57:c2348, c90dcfdf-5973-4b56-a955-1fc4555f10cb:c2348]
2019-09-19 11:26:11,431 [grpc-default-executor-6] INFO  client.GrpcClientProtocolClient (GrpcClientProtocolClient.java:onNext(264)) - client-D9B31DDCE961->18b22b39-7551-46dd-8464-dd74933c4739: receive RaftClientReply:client-D9B31DDCE961->18b22b39-7551-46dd-8464-dd74933c4739@group-597320EF17B3, cid=1676, SUCCESS, logIndex=2352, commits[18b22b39-7551-46dd-8464-dd74933c4739:c2352, 76d6a15c-8eeb-4764-b555-ce8767d18d57:c2348, c90dcfdf-5973-4b56-a955-1fc4555f10cb:c2348]
2019-09-19 11:26:11,443 [grpc-default-executor-6] INFO  client.GrpcClientProtocolClient (GrpcClientProtocolClient.java:onNext(264)) - client-D9B31DDCE961->18b22b39-7551-46dd-8464-dd74933c4739: receive RaftClientReply:client-D9B31DDCE961->18b22b39-7551-46dd-8464-dd74933c4739@group-597320EF17B3, cid=1677, SUCCESS, logIndex=0, commits[18b22b39-7551-46dd-8464-dd74933c4739:c2354, 76d6a15c-8eeb-4764-b555-ce8767d18d57:c2350, c90dcfdf-5973-4b56-a955-1fc4555f10cb:c2350]
2019-09-19 11:26:11,463 [grpc-default-executor-6] INFO  client.GrpcClientProtocolClient (GrpcClientProtocolClient.java:onNext(264)) - client-D9B31DDCE961->18b22b39-7551-46dd-8464-dd74933c4739: receive RaftClientReply:client-D9B31DDCE961->18b22b39-7551-46dd-8464-dd74933c4739@group-597320EF17B3, cid=1678, SUCCESS, logIndex=2357, commits[18b22b39-7551-46dd-8464-dd74933c4739:c2358, 76d6a15c-8eeb-4764-b555-ce8767d18d57:c2356, c90dcfdf-5973-4b56-a955-1fc4555f10cb:c2356]
2019-09-19 11:26:11,463 [grpc-default-executor-6] INFO  client.GrpcClientProtocolClient (GrpcClientProtocolClient.java:onNext(264)) - client-D9B31DDCE961->18b22b39-7551-46dd-8464-dd74933c4739: receive RaftClientReply:client-D9B31DDCE961->18b22b39-7551-46dd-8464-dd74933c4739@group-597320EF17B3, cid=1679, SUCCESS, logIndex=2358, commits[18b22b39-7551-46dd-8464-dd74933c4739:c2358, 76d6a15c-8eeb-4764-b555-ce8767d18d57:c2356, c90dcfdf-5973-4b56-a955-1fc4555f10cb:c2356]
2019-09-19 11:26:11,478 [grpc-default-executor-5] INFO  client.GrpcClientProtocolClient (GrpcClientProtocolClient.java:onNext(264)) - client-D9B31DDCE961->18b22b39-7551-46dd-8464-dd74933c4739: receive RaftClientReply:client-D9B31DDCE961->18b22b39-7551-46dd-8464-dd74933c4739@group-597320EF17B3, cid=1680, SUCCESS, logIndex=2361, commits[18b22b39-7551-46dd-8464-dd74933c4739:c2361, 76d6a15c-8eeb-4764-b555-ce8767d18d57:c2358, c90dcfdf-5973-4b56-a955-1fc4555f10cb:c2358]
2019-09-19 11:26:11,478 [grpc-default-executor-5] INFO  client.GrpcClientProtocolClient (GrpcClientProtocolClient.java:onNext(264)) - client-D9B31DDCE961->18b22b39-7551-46dd-8464-dd74933c4739: receive RaftClientReply:client-D9B31DDCE961->18b22b39-7551-46dd-8464-dd74933c4739@group-597320EF17B3, cid=1681, SUCCESS, logIndex=2362, commits[18b22b39-7551-46dd-8464-dd74933c4739:c2362, 76d6a15c-8eeb-4764-b555-ce8767d18d57:c2358, c90dcfdf-5973-4b56-a955-1fc4555f10cb:c2358]
2019-09-19 11:26:11,492 [grpc-default-executor-6] INFO  client.GrpcClientProtocolClient (GrpcClientProtocolClient.java:onNext(264)) - client-D9B31DDCE961->18b22b39-7551-46dd-8464-dd74933c4739: receive RaftClientReply:client-D9B31DDCE961->18b22b39-7551-46dd-8464-dd74933c4739@group-597320EF17B3, cid=1682, SUCCESS, logIndex=0, commits[18b22b39-7551-46dd-8464-dd74933c4739:c2364, 76d6a15c-8eeb-4764-b555-ce8767d18d57:c2362, c90dcfdf-5973-4b56-a955-1fc4555f10cb:c2362]
2019-09-19 11:26:11,520 [grpc-default-executor-1] INFO  client.GrpcClientProtocolClient (GrpcClientProtocolClient.java:onNext(264)) - client-D9B31DDCE961->18b22b39-7551-46dd-8464-dd74933c4739: receive RaftClientReply:client-D9B31DDCE961->18b22b39-7551-46dd-8464-dd74933c4739@group-597320EF17B3, cid=1683, SUCCESS, logIndex=2365, commits[18b22b39-7551-46dd-8464-dd74933c4739:c2366, 76d6a15c-8eeb-4764-b555-ce8767d18d57:c2364, c90dcfdf-5973-4b56-a955-1fc4555f10cb:c2364]
2019-09-19 11:26:11,520 [grpc-default-executor-1] INFO  client.GrpcClientProtocolClient (GrpcClientProtocolClient.java:onNext(264)) - client-D9B31DDCE961->18b22b39-7551-46dd-8464-dd74933c4739: receive RaftClientReply:client-D9B31DDCE961->18b22b39-7551-46dd-8464-dd74933c4739@group-597320EF17B3, cid=1684, SUCCESS, logIndex=2366, commits[18b22b39-7551-46dd-8464-dd74933c4739:c2367, 76d6a15c-8eeb-4764-b555-ce8767d18d57:c2364, c90dcfdf-5973-4b56-a955-1fc4555f10cb:c2364]
2019-09-19 11:26:11,520 [grpc-default-executor-1] INFO  client.GrpcClientProtocolClient (GrpcClientProtocolClient.java:onNext(264)) - client-D9B31DDCE961->18b22b39-7551-46dd-8464-dd74933c4739: receive RaftClientReply:client-D9B31DDCE961->18b22b39-7551-46dd-8464-dd74933c4739@group-597320EF17B3, cid=1685, SUCCESS, logIndex=2367, commits[18b22b39-7551-46dd-8464-dd74933c4739:c2368, 76d6a15c-8eeb-4764-b555-ce8767d18d57:c2364, c90dcfdf-5973-4b56-a955-1fc4555f10cb:c2364]
2019-09-19 11:26:11,521 [grpc-default-executor-1] INFO  client.GrpcClientProtocolClient (GrpcClientProtocolClient.java:onNext(264)) - client-D9B31DDCE961->18b22b39-7551-46dd-8464-dd74933c4739: receive RaftClientReply:client-D9B31DDCE961->18b22b39-7551-46dd-8464-dd74933c4739@group-597320EF17B3, cid=1686, SUCCESS, logIndex=2368, commits[18b22b39-7551-46dd-8464-dd74933c4739:c2368, 76d6a15c-8eeb-4764-b555-ce8767d18d57:c2364, c90dcfdf-5973-4b56-a955-1fc4555f10cb:c2364]
2019-09-19 11:26:11,544 [grpc-default-executor-3] INFO  client.GrpcClientProtocolClient (GrpcClientProtocolClient.java:onNext(264)) - client-D9B31DDCE961->18b22b39-7551-46dd-8464-dd74933c4739: receive RaftClientReply:client-D9B31DDCE961->18b22b39-7551-46dd-8464-dd74933c4739@group-597320EF17B3, cid=1687, SUCCESS, logIndex=0, commits[18b22b39-7551-46dd-8464-dd74933c4739:c2370, 76d6a15c-8eeb-4764-b555-ce8767d18d57:c2366, c90dcfdf-5973-4b56-a955-1fc4555f10cb:c2366]
2019-09-19 11:26:11,563 [grpc-default-executor-3] INFO  client.GrpcClientProtocolClient (GrpcClientProtocolClient.java:onNext(264)) - client-D9B31DDCE961->18b22b39-7551-46dd-8464-dd74933c4739: receive RaftClientReply:client-D9B31DDCE961->18b22b39-7551-46dd-8464-dd74933c4739@group-597320EF17B3, cid=1688, SUCCESS, logIndex=2373, commits[18b22b39-7551-46dd-8464-dd74933c4739:c2374, 76d6a15c-8eeb-4764-b555-ce8767d18d57:c2372, c90dcfdf-5973-4b56-a955-1fc4555f10cb:c2372]
2019-09-19 11:26:11,563 [grpc-default-executor-3] INFO  client.GrpcClientProtocolClient (GrpcClientProtocolClient.java:onNext(264)) - client-D9B31DDCE961->18b22b39-7551-46dd-8464-dd74933c4739: receive RaftClientReply:client-D9B31DDCE961->18b22b39-7551-46dd-8464-dd74933c4739@group-597320EF17B3, cid=1689, SUCCESS, logIndex=2374, commits[18b22b39-7551-46dd-8464-dd74933c4739:c2374, 76d6a15c-8eeb-4764-b555-ce8767d18d57:c2372, c90dcfdf-5973-4b56-a955-1fc4555f10cb:c2372]
2019-09-19 11:26:11,573 [grpc-default-executor-3] INFO  client.GrpcClientProtocolClient (GrpcClientProtocolClient.java:onNext(264)) - client-D9B31DDCE961->18b22b39-7551-46dd-8464-dd74933c4739: receive RaftClientReply:client-D9B31DDCE961->18b22b39-7551-46dd-8464-dd74933c4739@group-597320EF17B3, cid=1690, SUCCESS, logIndex=2377, commits[18b22b39-7551-46dd-8464-dd74933c4739:c2378, 76d6a15c-8eeb-4764-b555-ce8767d18d57:c2375, c90dcfdf-5973-4b56-a955-1fc4555f10cb:c2374]
2019-09-19 11:26:11,574 [grpc-default-executor-3] INFO  client.GrpcClientProtocolClient (GrpcClientProtocolClient.java:onNext(264)) - client-D9B31DDCE961->18b22b39-7551-46dd-8464-dd74933c4739: receive RaftClientReply:client-D9B31DDCE961->18b22b39-7551-46dd-8464-dd74933c4739@group-597320EF17B3, cid=1691, SUCCESS, logIndex=2378, commits[18b22b39-7551-46dd-8464-dd74933c4739:c2378, 76d6a15c-8eeb-4764-b555-ce8767d18d57:c2375, c90dcfdf-5973-4b56-a955-1fc4555f10cb:c2375]
2019-09-19 11:26:11,576 [grpc-default-executor-3] INFO  client.GrpcClientProtocolClient (GrpcClientProtocolClient.java:onNext(264)) - client-D9B31DDCE961->18b22b39-7551-46dd-8464-dd74933c4739: receive RaftClientReply:client-D9B31DDCE961->18b22b39-7551-46dd-8464-dd74933c4739@group-597320EF17B3, cid=1692, SUCCESS, logIndex=0, commits[18b22b39-7551-46dd-8464-dd74933c4739:c2379, 76d6a15c-8eeb-4764-b555-ce8767d18d57:c2378, c90dcfdf-5973-4b56-a955-1fc4555f10cb:c2378]
2019-09-19 11:26:11,595 [grpc-default-executor-3] INFO  client.GrpcClientProtocolClient (GrpcClientProtocolClient.java:onNext(264)) - client-D9B31DDCE961->18b22b39-7551-46dd-8464-dd74933c4739: receive RaftClientReply:client-D9B31DDCE961->18b22b39-7551-46dd-8464-dd74933c4739@group-597320EF17B3, cid=1693, SUCCESS, logIndex=2381, commits[18b22b39-7551-46dd-8464-dd74933c4739:c2383, 76d6a15c-8eeb-4764-b555-ce8767d18d57:c2380, c90dcfdf-5973-4b56-a955-1fc4555f10cb:c2380]
2019-09-19 11:26:11,596 [grpc-default-executor-3] INFO  client.GrpcClientProtocolClient (GrpcClientProtocolClient.java:onNext(264)) - client-D9B31DDCE961->18b22b39-7551-46dd-8464-dd74933c4739: receive RaftClientReply:client-D9B31DDCE961->18b22b39-7551-46dd-8464-dd74933c4739@group-597320EF17B3, cid=1694, SUCCESS, logIndex=2382, commits[18b22b39-7551-46dd-8464-dd74933c4739:c2384, 76d6a15c-8eeb-4764-b555-ce8767d18d57:c2380, c90dcfdf-5973-4b56-a955-1fc4555f10cb:c2380]
2019-09-19 11:26:11,596 [grpc-default-executor-3] INFO  client.GrpcClientProtocolClient (GrpcClientProtocolClient.java:onNext(264)) - client-D9B31DDCE961->18b22b39-7551-46dd-8464-dd74933c4739: receive RaftClientReply:client-D9B31DDCE961->18b22b39-7551-46dd-8464-dd74933c4739@group-597320EF17B3, cid=1695, SUCCESS, logIndex=2383, commits[18b22b39-7551-46dd-8464-dd74933c4739:c2384, 76d6a15c-8eeb-4764-b555-ce8767d18d57:c2380, c90dcfdf-5973-4b56-a955-1fc4555f10cb:c2380]
2019-09-19 11:26:11,596 [grpc-default-executor-3] INFO  client.GrpcClientProtocolClient (GrpcClientProtocolClient.java:onNext(264)) - client-D9B31DDCE961->18b22b39-7551-46dd-8464-dd74933c4739: receive RaftClientReply:client-D9B31DDCE961->18b22b39-7551-46dd-8464-dd74933c4739@group-597320EF17B3, cid=1696, SUCCESS, logIndex=2384, commits[18b22b39-7551-46dd-8464-dd74933c4739:c2384, 76d6a15c-8eeb-4764-b555-ce8767d18d57:c2380, c90dcfdf-5973-4b56-a955-1fc4555f10cb:c2380]
2019-09-19 11:26:11,600 [grpc-default-executor-3] INFO  client.GrpcClientProtocolClient (GrpcClientProtocolClient.java:onNext(264)) - client-D9B31DDCE961->18b22b39-7551-46dd-8464-dd74933c4739: receive RaftClientReply:client-D9B31DDCE961->18b22b39-7551-46dd-8464-dd74933c4739@group-597320EF17B3, cid=1697, SUCCESS, logIndex=0, commits[18b22b39-7551-46dd-8464-dd74933c4739:c2386, 76d6a15c-8eeb-4764-b555-ce8767d18d57:c2382, c90dcfdf-5973-4b56-a955-1fc4555f10cb:c2382]
2019-09-19 11:26:11,610 [grpc-default-executor-5] INFO  client.GrpcClientProtocolClient (GrpcClientProtocolClient.java:onNext(264)) - client-D9B31DDCE961->18b22b39-7551-46dd-8464-dd74933c4739: receive RaftClientReply:client-D9B31DDCE961->18b22b39-7551-46dd-8464-dd74933c4739@group-597320EF17B3, cid=1698, SUCCESS, logIndex=2389, commits[18b22b39-7551-46dd-8464-dd74933c4739:c2390, 76d6a15c-8eeb-4764-b555-ce8767d18d57:c2384, c90dcfdf-5973-4b56-a955-1fc4555f10cb:c2388]
2019-09-19 11:26:11,610 [grpc-default-executor-5] INFO  client.GrpcClientProtocolClient (GrpcClientProtocolClient.java:onNext(264)) - client-D9B31DDCE961->18b22b39-7551-46dd-8464-dd74933c4739: receive RaftClientReply:client-D9B31DDCE961->18b22b39-7551-46dd-8464-dd74933c4739@group-597320EF17B3, cid=1699, SUCCESS, logIndex=2390, commits[18b22b39-7551-46dd-8464-dd74933c4739:c2390, 76d6a15c-8eeb-4764-b555-ce8767d18d57:c2388, c90dcfdf-5973-4b56-a955-1fc4555f10cb:c2388]
2019-09-19 11:26:11,620 [grpc-default-executor-5] INFO  client.GrpcClientProtocolClient (GrpcClientProtocolClient.java:onNext(264)) - client-D9B31DDCE961->18b22b39-7551-46dd-8464-dd74933c4739: receive RaftClientReply:client-D9B31DDCE961->18b22b39-7551-46dd-8464-dd74933c4739@group-597320EF17B3, cid=1700, SUCCESS, logIndex=2393, commits[18b22b39-7551-46dd-8464-dd74933c4739:c2394, 76d6a15c-8eeb-4764-b555-ce8767d18d57:c2390, c90dcfdf-5973-4b56-a955-1fc4555f10cb:c2391]
2019-09-19 11:26:11,620 [grpc-default-executor-5] INFO  client.GrpcClientProtocolClient (GrpcClientProtocolClient.java:onNext(264)) - client-D9B31DDCE961->18b22b39-7551-46dd-8464-dd74933c4739: receive RaftClientReply:client-D9B31DDCE961->18b22b39-7551-46dd-8464-dd74933c4739@group-597320EF17B3, cid=1701, SUCCESS, logIndex=2394, commits[18b22b39-7551-46dd-8464-dd74933c4739:c2394, 76d6a15c-8eeb-4764-b555-ce8767d18d57:c2390, c90dcfdf-5973-4b56-a955-1fc4555f10cb:c2391]
2019-09-19 11:26:11,623 [grpc-default-executor-5] INFO  client.GrpcClientProtocolClient (GrpcClientProtocolClient.java:onNext(264)) - client-D9B31DDCE961->18b22b39-7551-46dd-8464-dd74933c4739: receive RaftClientReply:client-D9B31DDCE961->18b22b39-7551-46dd-8464-dd74933c4739@group-597320EF17B3, cid=1702, SUCCESS, logIndex=0, commits[18b22b39-7551-46dd-8464-dd74933c4739:c2395, 76d6a15c-8eeb-4764-b555-ce8767d18d57:c2394, c90dcfdf-5973-4b56-a955-1fc4555f10cb:c2394]
2019-09-19 11:26:11,641 [grpc-default-executor-3] INFO  client.GrpcClientProtocolClient (GrpcClientProtocolClient.java:onNext(264)) - client-D9B31DDCE961->18b22b39-7551-46dd-8464-dd74933c4739: receive RaftClientReply:client-D9B31DDCE961->18b22b39-7551-46dd-8464-dd74933c4739@group-597320EF17B3, cid=1703, SUCCESS, logIndex=2397, commits[18b22b39-7551-46dd-8464-dd74933c4739:c2399, 76d6a15c-8eeb-4764-b555-ce8767d18d57:c2396, c90dcfdf-5973-4b56-a955-1fc4555f10cb:c2394]
2019-09-19 11:26:11,642 [grpc-default-executor-3] INFO  client.GrpcClientProtocolClient (GrpcClientProtocolClient.java:onNext(264)) - client-D9B31DDCE961->18b22b39-7551-46dd-8464-dd74933c4739: receive RaftClientReply:client-D9B31DDCE961->18b22b39-7551-46dd-8464-dd74933c4739@group-597320EF17B3, cid=1704, SUCCESS, logIndex=2398, commits[18b22b39-7551-46dd-8464-dd74933c4739:c2400, 76d6a15c-8eeb-4764-b555-ce8767d18d57:c2396, c90dcfdf-5973-4b56-a955-1fc4555f10cb:c2394]
2019-09-19 11:26:11,642 [grpc-default-executor-3] INFO  client.GrpcClientProtocolClient (GrpcClientProtocolClient.java:onNext(264)) - client-D9B31DDCE961->18b22b39-7551-46dd-8464-dd74933c4739: receive RaftClientReply:client-D9B31DDCE961->18b22b39-7551-46dd-8464-dd74933c4739@group-597320EF17B3, cid=1705, SUCCESS, logIndex=2399, commits[18b22b39-7551-46dd-8464-dd74933c4739:c2400, 76d6a15c-8eeb-4764-b555-ce8767d18d57:c2396, c90dcfdf-5973-4b56-a955-1fc4555f10cb:c2396]
2019-09-19 11:26:11,642 [grpc-default-executor-3] INFO  client.GrpcClientProtocolClient (GrpcClientProtocolClient.java:onNext(264)) - client-D9B31DDCE961->18b22b39-7551-46dd-8464-dd74933c4739: receive RaftClientReply:client-D9B31DDCE961->18b22b39-7551-46dd-8464-dd74933c4739@group-597320EF17B3, cid=1706, SUCCESS, logIndex=2400, commits[18b22b39-7551-46dd-8464-dd74933c4739:c2400, 76d6a15c-8eeb-4764-b555-ce8767d18d57:c2396, c90dcfdf-5973-4b56-a955-1fc4555f10cb:c2396]
2019-09-19 11:26:11,646 [grpc-default-executor-3] INFO  client.GrpcClientProtocolClient (GrpcClientProtocolClient.java:onNext(264)) - client-D9B31DDCE961->18b22b39-7551-46dd-8464-dd74933c4739: receive RaftClientReply:client-D9B31DDCE961->18b22b39-7551-46dd-8464-dd74933c4739@group-597320EF17B3, cid=1707, SUCCESS, logIndex=0, commits[18b22b39-7551-46dd-8464-dd74933c4739:c2404, 76d6a15c-8eeb-4764-b555-ce8767d18d57:c2398, c90dcfdf-5973-4b56-a955-1fc4555f10cb:c2400]
2019-09-19 11:26:11,656 [grpc-default-executor-5] INFO  client.GrpcClientProtocolClient (GrpcClientProtocolClient.java:onNext(264)) - client-D9B31DDCE961->18b22b39-7551-46dd-8464-dd74933c4739: receive RaftClientReply:client-D9B31DDCE961->18b22b39-7551-46dd-8464-dd74933c4739@group-597320EF17B3, cid=1708, SUCCESS, logIndex=2405, commits[18b22b39-7551-46dd-8464-dd74933c4739:c2406, 76d6a15c-8eeb-4764-b555-ce8767d18d57:c2404, c90dcfdf-5973-4b56-a955-1fc4555f10cb:c2400]
2019-09-19 11:26:11,657 [grpc-default-executor-5] INFO  client.GrpcClientProtocolClient (GrpcClientProtocolClient.java:onNext(264)) - client-D9B31DDCE961->18b22b39-7551-46dd-8464-dd74933c4739: receive RaftClientReply:client-D9B31DDCE961->18b22b39-7551-46dd-8464-dd74933c4739@group-597320EF17B3, cid=1709, SUCCESS, logIndex=2406, commits[18b22b39-7551-46dd-8464-dd74933c4739:c2406, 76d6a15c-8eeb-4764-b555-ce8767d18d57:c2404, c90dcfdf-5973-4b56-a955-1fc4555f10cb:c2404]
2019-09-19 11:26:11,683 [grpc-default-executor-5] INFO  client.GrpcClientProtocolClient (GrpcClientProtocolClient.java:onNext(264)) - client-D9B31DDCE961->18b22b39-7551-46dd-8464-dd74933c4739: receive RaftClientReply:client-D9B31DDCE961->18b22b39-7551-46dd-8464-dd74933c4739@group-597320EF17B3, cid=1710, SUCCESS, logIndex=2409, commits[18b22b39-7551-46dd-8464-dd74933c4739:c2410, 76d6a15c-8eeb-4764-b555-ce8767d18d57:c2406, c90dcfdf-5973-4b56-a955-1fc4555f10cb:c2407]
2019-09-19 11:26:11,683 [grpc-default-executor-5] INFO  client.GrpcClientProtocolClient (GrpcClientProtocolClient.java:onNext(264)) - client-D9B31DDCE961->18b22b39-7551-46dd-8464-dd74933c4739: receive RaftClientReply:client-D9B31DDCE961->18b22b39-7551-46dd-8464-dd74933c4739@group-597320EF17B3, cid=1711, SUCCESS, logIndex=2410, commits[18b22b39-7551-46dd-8464-dd74933c4739:c2410, 76d6a15c-8eeb-4764-b555-ce8767d18d57:c2407, c90dcfdf-5973-4b56-a955-1fc4555f10cb:c2407]
2019-09-19 11:26:11,684 [grpc-default-executor-5] INFO  client.GrpcClientProtocolClient (GrpcClientProtocolClient.java:onNext(264)) - client-D9B31DDCE961->18b22b39-7551-46dd-8464-dd74933c4739: receive RaftClientReply:client-D9B31DDCE961->18b22b39-7551-46dd-8464-dd74933c4739@group-597320EF17B3, cid=1712, SUCCESS, logIndex=0, commits[18b22b39-7551-46dd-8464-dd74933c4739:c2411, 76d6a15c-8eeb-4764-b555-ce8767d18d57:c2410, c90dcfdf-5973-4b56-a955-1fc4555f10cb:c2410]
2019-09-19 11:26:11,717 [grpc-default-executor-3] INFO  client.GrpcClientProtocolClient (GrpcClientProtocolClient.java:onNext(264)) - client-D9B31DDCE961->18b22b39-7551-46dd-8464-dd74933c4739: receive RaftClientReply:client-D9B31DDCE961->18b22b39-7551-46dd-8464-dd74933c4739@group-597320EF17B3, cid=1713, SUCCESS, logIndex=2413, commits[18b22b39-7551-46dd-8464-dd74933c4739:c2414, 76d6a15c-8eeb-4764-b555-ce8767d18d57:c2412, c90dcfdf-5973-4b56-a955-1fc4555f10cb:c2412]
2019-09-19 11:26:11,718 [grpc-default-executor-3] INFO  client.GrpcClientProtocolClient (GrpcClientProtocolClient.java:onNext(264)) - client-D9B31DDCE961->18b22b39-7551-46dd-8464-dd74933c4739: receive RaftClientReply:client-D9B31DDCE961->18b22b39-7551-46dd-8464-dd74933c4739@group-597320EF17B3, cid=1714, SUCCESS, logIndex=2414, commits[18b22b39-7551-46dd-8464-dd74933c4739:c2414, 76d6a15c-8eeb-4764-b555-ce8767d18d57:c2412, c90dcfdf-5973-4b56-a955-1fc4555f10cb:c2412]
2019-09-19 11:26:11,728 [grpc-default-executor-5] INFO  client.GrpcClientProtocolClient (GrpcClientProtocolClient.java:onNext(264)) - client-D9B31DDCE961->18b22b39-7551-46dd-8464-dd74933c4739: receive RaftClientReply:client-D9B31DDCE961->18b22b39-7551-46dd-8464-dd74933c4739@group-597320EF17B3, cid=1715, SUCCESS, logIndex=2415, commits[18b22b39-7551-46dd-8464-dd74933c4739:c2416, 76d6a15c-8eeb-4764-b555-ce8767d18d57:c2412, c90dcfdf-5973-4b56-a955-1fc4555f10cb:c2412]
2019-09-19 11:26:11,728 [grpc-default-executor-5] INFO  client.GrpcClientProtocolClient (GrpcClientProtocolClient.java:onNext(264)) - client-D9B31DDCE961->18b22b39-7551-46dd-8464-dd74933c4739: receive RaftClientReply:client-D9B31DDCE961->18b22b39-7551-46dd-8464-dd74933c4739@group-597320EF17B3, cid=1716, SUCCESS, logIndex=2416, commits[18b22b39-7551-46dd-8464-dd74933c4739:c2416, 76d6a15c-8eeb-4764-b555-ce8767d18d57:c2412, c90dcfdf-5973-4b56-a955-1fc4555f10cb:c2412]
2019-09-19 11:26:12,064 [grpc-default-executor-1] INFO  client.GrpcClientProtocolClient (GrpcClientProtocolClient.java:onNext(264)) - client-D9B31DDCE961->18b22b39-7551-46dd-8464-dd74933c4739: receive RaftClientReply:client-D9B31DDCE961->18b22b39-7551-46dd-8464-dd74933c4739@group-597320EF17B3, cid=1717, SUCCESS, logIndex=0, commits[18b22b39-7551-46dd-8464-dd74933c4739:c2418, 76d6a15c-8eeb-4764-b555-ce8767d18d57:c2414, c90dcfdf-5973-4b56-a955-1fc4555f10cb:c2414]
2019-09-19 11:26:12,087 [grpc-default-executor-5] INFO  client.GrpcClientProtocolClient (GrpcClientProtocolClient.java:onNext(264)) - client-D9B31DDCE961->18b22b39-7551-46dd-8464-dd74933c4739: receive RaftClientReply:client-D9B31DDCE961->18b22b39-7551-46dd-8464-dd74933c4739@group-597320EF17B3, cid=1718, SUCCESS, logIndex=2421, commits[18b22b39-7551-46dd-8464-dd74933c4739:c2422, 76d6a15c-8eeb-4764-b555-ce8767d18d57:c2420, c90dcfdf-5973-4b56-a955-1fc4555f10cb:c2420]
2019-09-19 11:26:12,087 [grpc-default-executor-5] INFO  client.GrpcClientProtocolClient (GrpcClientProtocolClient.java:onNext(264)) - client-D9B31DDCE961->18b22b39-7551-46dd-8464-dd74933c4739: receive RaftClientReply:client-D9B31DDCE961->18b22b39-7551-46dd-8464-dd74933c4739@group-597320EF17B3, cid=1719, SUCCESS, logIndex=2422, commits[18b22b39-7551-46dd-8464-dd74933c4739:c2422, 76d6a15c-8eeb-4764-b555-ce8767d18d57:c2420, c90dcfdf-5973-4b56-a955-1fc4555f10cb:c2420]
2019-09-19 11:26:12,113 [grpc-default-executor-5] INFO  client.GrpcClientProtocolClient (GrpcClientProtocolClient.java:onNext(264)) - client-D9B31DDCE961->18b22b39-7551-46dd-8464-dd74933c4739: receive RaftClientReply:client-D9B31DDCE961->18b22b39-7551-46dd-8464-dd74933c4739@group-597320EF17B3, cid=1720, SUCCESS, logIndex=2425, commits[18b22b39-7551-46dd-8464-dd74933c4739:c2426, 76d6a15c-8eeb-4764-b555-ce8767d18d57:c2422, c90dcfdf-5973-4b56-a955-1fc4555f10cb:c2422]
2019-09-19 11:26:12,113 [grpc-default-executor-5] INFO  client.GrpcClientProtocolClient (GrpcClientProtocolClient.java:onNext(264)) - client-D9B31DDCE961->18b22b39-7551-46dd-8464-dd74933c4739: receive RaftClientReply:client-D9B31DDCE961->18b22b39-7551-46dd-8464-dd74933c4739@group-597320EF17B3, cid=1721, SUCCESS, logIndex=2426, commits[18b22b39-7551-46dd-8464-dd74933c4739:c2426, 76d6a15c-8eeb-4764-b555-ce8767d18d57:c2422, c90dcfdf-5973-4b56-a955-1fc4555f10cb:c2422]
2019-09-19 11:26:12,126 [grpc-default-executor-5] INFO  client.GrpcClientProtocolClient (GrpcClientProtocolClient.java:onNext(264)) - client-D9B31DDCE961->18b22b39-7551-46dd-8464-dd74933c4739: receive RaftClientReply:client-D9B31DDCE961->18b22b39-7551-46dd-8464-dd74933c4739@group-597320EF17B3, cid=1722, SUCCESS, logIndex=0, commits[18b22b39-7551-46dd-8464-dd74933c4739:c2427, 76d6a15c-8eeb-4764-b555-ce8767d18d57:c2426, c90dcfdf-5973-4b56-a955-1fc4555f10cb:c2426]
2019-09-19 11:26:12,286 [grpc-default-executor-1] INFO  client.GrpcClientProtocolClient (GrpcClientProtocolClient.java:onNext(264)) - client-D9B31DDCE961->18b22b39-7551-46dd-8464-dd74933c4739: receive RaftClientReply:client-D9B31DDCE961->18b22b39-7551-46dd-8464-dd74933c4739@group-597320EF17B3, cid=1723, SUCCESS, logIndex=2429, commits[18b22b39-7551-46dd-8464-dd74933c4739:c2429, 76d6a15c-8eeb-4764-b555-ce8767d18d57:c2428, c90dcfdf-5973-4b56-a955-1fc4555f10cb:c2428]
2019-09-19 11:26:12,287 [grpc-default-executor-1] INFO  client.GrpcClientProtocolClient (GrpcClientProtocolClient.java:onNext(264)) - client-D9B31DDCE961->18b22b39-7551-46dd-8464-dd74933c4739: receive RaftClientReply:client-D9B31DDCE961->18b22b39-7551-46dd-8464-dd74933c4739@group-597320EF17B3, cid=1724, SUCCESS, logIndex=2430, commits[18b22b39-7551-46dd-8464-dd74933c4739:c2430, 76d6a15c-8eeb-4764-b555-ce8767d18d57:c2428, c90dcfdf-5973-4b56-a955-1fc4555f10cb:c2428]
2019-09-19 11:26:12,297 [grpc-default-executor-1] INFO  client.GrpcClientProtocolClient (GrpcClientProtocolClient.java:onNext(264)) - client-D9B31DDCE961->18b22b39-7551-46dd-8464-dd74933c4739: receive RaftClientReply:client-D9B31DDCE961->18b22b39-7551-46dd-8464-dd74933c4739@group-597320EF17B3, cid=1725, SUCCESS, logIndex=2431, commits[18b22b39-7551-46dd-8464-dd74933c4739:c2431, 76d6a15c-8eeb-4764-b555-ce8767d18d57:c2428, c90dcfdf-5973-4b56-a955-1fc4555f10cb:c2428]
2019-09-19 11:26:12,298 [grpc-default-executor-1] INFO  client.GrpcClientProtocolClient (GrpcClientProtocolClient.java:onNext(264)) - client-D9B31DDCE961->18b22b39-7551-46dd-8464-dd74933c4739: receive RaftClientReply:client-D9B31DDCE961->18b22b39-7551-46dd-8464-dd74933c4739@group-597320EF17B3, cid=1726, SUCCESS, logIndex=2432, commits[18b22b39-7551-46dd-8464-dd74933c4739:c2432, 76d6a15c-8eeb-4764-b555-ce8767d18d57:c2428, c90dcfdf-5973-4b56-a955-1fc4555f10cb:c2428]
2019-09-19 11:26:12,300 [grpc-default-executor-1] INFO  client.GrpcClientProtocolClient (GrpcClientProtocolClient.java:onNext(264)) - client-D9B31DDCE961->18b22b39-7551-46dd-8464-dd74933c4739: receive RaftClientReply:client-D9B31DDCE961->18b22b39-7551-46dd-8464-dd74933c4739@group-597320EF17B3, cid=1727, SUCCESS, logIndex=0, commits[18b22b39-7551-46dd-8464-dd74933c4739:c2434, 76d6a15c-8eeb-4764-b555-ce8767d18d57:c2430, c90dcfdf-5973-4b56-a955-1fc4555f10cb:c2430]
 0.00% |█                                                                                                    |  0/1 Time: 0:00:162019-09-19 11:26:12,326 [grpc-default-executor-3] INFO  client.GrpcClientProtocolClient (GrpcClientProtocolClient.java:onNext(264)) - client-D9B31DDCE961->18b22b39-7551-46dd-8464-dd74933c4739: receive RaftClientReply:client-D9B31DDCE961->18b22b39-7551-46dd-8464-dd74933c4739@group-597320EF17B3, cid=1728, SUCCESS, logIndex=2437, commits[18b22b39-7551-46dd-8464-dd74933c4739:c2438, 76d6a15c-8eeb-4764-b555-ce8767d18d57:c2434, c90dcfdf-5973-4b56-a955-1fc4555f10cb:c2432]
2019-09-19 11:26:12,326 [grpc-default-executor-3] INFO  client.GrpcClientProtocolClient (GrpcClientProtocolClient.java:onNext(264)) - client-D9B31DDCE961->18b22b39-7551-46dd-8464-dd74933c4739: receive RaftClientReply:client-D9B31DDCE961->18b22b39-7551-46dd-8464-dd74933c4739@group-597320EF17B3, cid=1729, SUCCESS, logIndex=2438, commits[18b22b39-7551-46dd-8464-dd74933c4739:c2438, 76d6a15c-8eeb-4764-b555-ce8767d18d57:c2434, c90dcfdf-5973-4b56-a955-1fc4555f10cb:c2434]
2019-09-19 11:26:12,352 [grpc-default-executor-6] INFO  client.GrpcClientProtocolClient (GrpcClientProtocolClient.java:onNext(264)) - client-D9B31DDCE961->18b22b39-7551-46dd-8464-dd74933c4739: receive RaftClientReply:client-D9B31DDCE961->18b22b39-7551-46dd-8464-dd74933c4739@group-597320EF17B3, cid=1730, SUCCESS, logIndex=2440, commits[18b22b39-7551-46dd-8464-dd74933c4739:c2441, 76d6a15c-8eeb-4764-b555-ce8767d18d57:c2438, c90dcfdf-5973-4b56-a955-1fc4555f10cb:c2438]
2019-09-19 11:26:12,352 [grpc-default-executor-6] INFO  client.GrpcClientProtocolClient (GrpcClientProtocolClient.java:onNext(264)) - client-D9B31DDCE961->18b22b39-7551-46dd-8464-dd74933c4739: receive RaftClientReply:client-D9B31DDCE961->18b22b39-7551-46dd-8464-dd74933c4739@group-597320EF17B3, cid=1731, SUCCESS, logIndex=2441, commits[18b22b39-7551-46dd-8464-dd74933c4739:c2441, 76d6a15c-8eeb-4764-b555-ce8767d18d57:c2438, c90dcfdf-5973-4b56-a955-1fc4555f10cb:c2438]
2019-09-19 11:26:12,424 [grpc-default-executor-1] INFO  client.GrpcClientProtocolClient (GrpcClientProtocolClient.java:onNext(264)) - client-D9B31DDCE961->18b22b39-7551-46dd-8464-dd74933c4739: receive RaftClientReply:client-D9B31DDCE961->18b22b39-7551-46dd-8464-dd74933c4739@group-597320EF17B3, cid=1732, SUCCESS, logIndex=0, commits[18b22b39-7551-46dd-8464-dd74933c4739:c2443, 76d6a15c-8eeb-4764-b555-ce8767d18d57:c2441, c90dcfdf-5973-4b56-a955-1fc4555f10cb:c2441]
2019-09-19 11:26:12,896 [grpc-default-executor-5] INFO  client.GrpcClientProtocolClient (GrpcClientProtocolClient.java:onNext(264)) - client-D9B31DDCE961->18b22b39-7551-46dd-8464-dd74933c4739: receive RaftClientReply:client-D9B31DDCE961->18b22b39-7551-46dd-8464-dd74933c4739@group-597320EF17B3, cid=1733, SUCCESS, logIndex=2444, commits[18b22b39-7551-46dd-8464-dd74933c4739:c2445, 76d6a15c-8eeb-4764-b555-ce8767d18d57:c2443, c90dcfdf-5973-4b56-a955-1fc4555f10cb:c2443]
2019-09-19 11:26:12,896 [grpc-default-executor-5] INFO  client.GrpcClientProtocolClient (GrpcClientProtocolClient.java:onNext(264)) - client-D9B31DDCE961->18b22b39-7551-46dd-8464-dd74933c4739: receive RaftClientReply:client-D9B31DDCE961->18b22b39-7551-46dd-8464-dd74933c4739@group-597320EF17B3, cid=1734, SUCCESS, logIndex=2445, commits[18b22b39-7551-46dd-8464-dd74933c4739:c2446, 76d6a15c-8eeb-4764-b555-ce8767d18d57:c2443, c90dcfdf-5973-4b56-a955-1fc4555f10cb:c2443]
2019-09-19 11:26:12,896 [grpc-default-executor-5] INFO  client.GrpcClientProtocolClient (GrpcClientProtocolClient.java:onNext(264)) - client-D9B31DDCE961->18b22b39-7551-46dd-8464-dd74933c4739: receive RaftClientReply:client-D9B31DDCE961->18b22b39-7551-46dd-8464-dd74933c4739@group-597320EF17B3, cid=1735, SUCCESS, logIndex=2446, commits[18b22b39-7551-46dd-8464-dd74933c4739:c2447, 76d6a15c-8eeb-4764-b555-ce8767d18d57:c2443, c90dcfdf-5973-4b56-a955-1fc4555f10cb:c2443]
2019-09-19 11:26:12,897 [grpc-default-executor-5] INFO  client.GrpcClientProtocolClient (GrpcClientProtocolClient.java:onNext(264)) - client-D9B31DDCE961->18b22b39-7551-46dd-8464-dd74933c4739: receive RaftClientReply:client-D9B31DDCE961->18b22b39-7551-46dd-8464-dd74933c4739@group-597320EF17B3, cid=1736, SUCCESS, logIndex=2447, commits[18b22b39-7551-46dd-8464-dd74933c4739:c2447, 76d6a15c-8eeb-4764-b555-ce8767d18d57:c2443, c90dcfdf-5973-4b56-a955-1fc4555f10cb:c2443]
2019-09-19 11:26:12,907 [grpc-default-executor-5] INFO  client.GrpcClientProtocolClient (GrpcClientProtocolClient.java:onNext(264)) - client-D9B31DDCE961->18b22b39-7551-46dd-8464-dd74933c4739: receive RaftClientReply:client-D9B31DDCE961->18b22b39-7551-46dd-8464-dd74933c4739@group-597320EF17B3, cid=1737, SUCCESS, logIndex=0, commits[18b22b39-7551-46dd-8464-dd74933c4739:c2448, 76d6a15c-8eeb-4764-b555-ce8767d18d57:c2445, c90dcfdf-5973-4b56-a955-1fc4555f10cb:c2445]
2019-09-19 11:26:12,929 [grpc-default-executor-5] INFO  client.GrpcClientProtocolClient (GrpcClientProtocolClient.java:onNext(264)) - client-D9B31DDCE961->18b22b39-7551-46dd-8464-dd74933c4739: receive RaftClientReply:client-D9B31DDCE961->18b22b39-7551-46dd-8464-dd74933c4739@group-597320EF17B3, cid=1738, SUCCESS, logIndex=2452, commits[18b22b39-7551-46dd-8464-dd74933c4739:c2453, 76d6a15c-8eeb-4764-b555-ce8767d18d57:c2451, c90dcfdf-5973-4b56-a955-1fc4555f10cb:c2451]
2019-09-19 11:26:12,930 [grpc-default-executor-5] INFO  client.GrpcClientProtocolClient (GrpcClientProtocolClient.java:onNext(264)) - client-D9B31DDCE961->18b22b39-7551-46dd-8464-dd74933c4739: receive RaftClientReply:client-D9B31DDCE961->18b22b39-7551-46dd-8464-dd74933c4739@group-597320EF17B3, cid=1739, SUCCESS, logIndex=2453, commits[18b22b39-7551-46dd-8464-dd74933c4739:c2453, 76d6a15c-8eeb-4764-b555-ce8767d18d57:c2451, c90dcfdf-5973-4b56-a955-1fc4555f10cb:c2451]
2019-09-19 11:26:12,966 [grpc-default-executor-3] INFO  client.GrpcClientProtocolClient (GrpcClientProtocolClient.java:onNext(264)) - client-D9B31DDCE961->18b22b39-7551-46dd-8464-dd74933c4739: receive RaftClientReply:client-D9B31DDCE961->18b22b39-7551-46dd-8464-dd74933c4739@group-597320EF17B3, cid=1740, SUCCESS, logIndex=2456, commits[18b22b39-7551-46dd-8464-dd74933c4739:c2457, 76d6a15c-8eeb-4764-b555-ce8767d18d57:c2453, c90dcfdf-5973-4b56-a955-1fc4555f10cb:c2453]
2019-09-19 11:26:12,966 [grpc-default-executor-3] INFO  client.GrpcClientProtocolClient (GrpcClientProtocolClient.java:onNext(264)) - client-D9B31DDCE961->18b22b39-7551-46dd-8464-dd74933c4739: receive RaftClientReply:client-D9B31DDCE961->18b22b39-7551-46dd-8464-dd74933c4739@group-597320EF17B3, cid=1741, SUCCESS, logIndex=2457, commits[18b22b39-7551-46dd-8464-dd74933c4739:c2457, 76d6a15c-8eeb-4764-b555-ce8767d18d57:c2453, c90dcfdf-5973-4b56-a955-1fc4555f10cb:c2453]
2019-09-19 11:26:12,979 [grpc-default-executor-3] INFO  client.GrpcClientProtocolClient (GrpcClientProtocolClient.java:onNext(264)) - client-D9B31DDCE961->18b22b39-7551-46dd-8464-dd74933c4739: receive RaftClientReply:client-D9B31DDCE961->18b22b39-7551-46dd-8464-dd74933c4739@group-597320EF17B3, cid=1742, SUCCESS, logIndex=0, commits[18b22b39-7551-46dd-8464-dd74933c4739:c2458, 76d6a15c-8eeb-4764-b555-ce8767d18d57:c2457, c90dcfdf-5973-4b56-a955-1fc4555f10cb:c2457]
2019-09-19 11:26:13,006 [grpc-default-executor-3] INFO  client.GrpcClientProtocolClient (GrpcClientProtocolClient.java:onNext(264)) - client-D9B31DDCE961->18b22b39-7551-46dd-8464-dd74933c4739: receive RaftClientReply:client-D9B31DDCE961->18b22b39-7551-46dd-8464-dd74933c4739@group-597320EF17B3, cid=1743, SUCCESS, logIndex=2460, commits[18b22b39-7551-46dd-8464-dd74933c4739:c2461, 76d6a15c-8eeb-4764-b555-ce8767d18d57:c2459, c90dcfdf-5973-4b56-a955-1fc4555f10cb:c2459]
2019-09-19 11:26:13,006 [grpc-default-executor-3] INFO  client.GrpcClientProtocolClient (GrpcClientProtocolClient.java:onNext(264)) - client-D9B31DDCE961->18b22b39-7551-46dd-8464-dd74933c4739: receive RaftClientReply:client-D9B31DDCE961->18b22b39-7551-46dd-8464-dd74933c4739@group-597320EF17B3, cid=1744, SUCCESS, logIndex=2461, commits[18b22b39-7551-46dd-8464-dd74933c4739:c2461, 76d6a15c-8eeb-4764-b555-ce8767d18d57:c2459, c90dcfdf-5973-4b56-a955-1fc4555f10cb:c2459]
2019-09-19 11:26:13,016 [grpc-default-executor-3] INFO  client.GrpcClientProtocolClient (GrpcClientProtocolClient.java:onNext(264)) - client-D9B31DDCE961->18b22b39-7551-46dd-8464-dd74933c4739: receive RaftClientReply:client-D9B31DDCE961->18b22b39-7551-46dd-8464-dd74933c4739@group-597320EF17B3, cid=1745, SUCCESS, logIndex=2462, commits[18b22b39-7551-46dd-8464-dd74933c4739:c2463, 76d6a15c-8eeb-4764-b555-ce8767d18d57:c2459, c90dcfdf-5973-4b56-a955-1fc4555f10cb:c2459]
2019-09-19 11:26:13,016 [grpc-default-executor-3] INFO  client.GrpcClientProtocolClient (GrpcClientProtocolClient.java:onNext(264)) - client-D9B31DDCE961->18b22b39-7551-46dd-8464-dd74933c4739: receive RaftClientReply:client-D9B31DDCE961->18b22b39-7551-46dd-8464-dd74933c4739@group-597320EF17B3, cid=1746, SUCCESS, logIndex=2463, commits[18b22b39-7551-46dd-8464-dd74933c4739:c2463, 76d6a15c-8eeb-4764-b555-ce8767d18d57:c2459, c90dcfdf-5973-4b56-a955-1fc4555f10cb:c2459]
2019-09-19 11:26:13,022 [grpc-default-executor-6] INFO  client.GrpcClientProtocolClient (GrpcClientProtocolClient.java:onNext(264)) - client-D9B31DDCE961->18b22b39-7551-46dd-8464-dd74933c4739: receive RaftClientReply:client-D9B31DDCE961->18b22b39-7551-46dd-8464-dd74933c4739@group-597320EF17B3, cid=1747, SUCCESS, logIndex=0, commits[18b22b39-7551-46dd-8464-dd74933c4739:c2466, 76d6a15c-8eeb-4764-b555-ce8767d18d57:c2461, c90dcfdf-5973-4b56-a955-1fc4555f10cb:c2461]
2019-09-19 11:26:13,032 [grpc-default-executor-5] INFO  client.GrpcClientProtocolClient (GrpcClientProtocolClient.java:onNext(264)) - client-D9B31DDCE961->18b22b39-7551-46dd-8464-dd74933c4739: receive RaftClientReply:client-D9B31DDCE961->18b22b39-7551-46dd-8464-dd74933c4739@group-597320EF17B3, cid=1748, SUCCESS, logIndex=2468, commits[18b22b39-7551-46dd-8464-dd74933c4739:c2469, 76d6a15c-8eeb-4764-b555-ce8767d18d57:c2461, c90dcfdf-5973-4b56-a955-1fc4555f10cb:c2467]
2019-09-19 11:26:13,032 [grpc-default-executor-5] INFO  client.GrpcClientProtocolClient (GrpcClientProtocolClient.java:onNext(264)) - client-D9B31DDCE961->18b22b39-7551-46dd-8464-dd74933c4739: receive RaftClientReply:client-D9B31DDCE961->18b22b39-7551-46dd-8464-dd74933c4739@group-597320EF17B3, cid=1749, SUCCESS, logIndex=2469, commits[18b22b39-7551-46dd-8464-dd74933c4739:c2469, 76d6a15c-8eeb-4764-b555-ce8767d18d57:c2467, c90dcfdf-5973-4b56-a955-1fc4555f10cb:c2467]
2019-09-19 11:26:13,043 [grpc-default-executor-6] INFO  client.GrpcClientProtocolClient (GrpcClientProtocolClient.java:onNext(264)) - client-D9B31DDCE961->18b22b39-7551-46dd-8464-dd74933c4739: receive RaftClientReply:client-D9B31DDCE961->18b22b39-7551-46dd-8464-dd74933c4739@group-597320EF17B3, cid=1750, SUCCESS, logIndex=2472, commits[18b22b39-7551-46dd-8464-dd74933c4739:c2473, 76d6a15c-8eeb-4764-b555-ce8767d18d57:c2471, c90dcfdf-5973-4b56-a955-1fc4555f10cb:c2470]
2019-09-19 11:26:13,043 [grpc-default-executor-6] INFO  client.GrpcClientProtocolClient (GrpcClientProtocolClient.java:onNext(264)) - client-D9B31DDCE961->18b22b39-7551-46dd-8464-dd74933c4739: receive RaftClientReply:client-D9B31DDCE961->18b22b39-7551-46dd-8464-dd74933c4739@group-597320EF17B3, cid=1751, SUCCESS, logIndex=2473, commits[18b22b39-7551-46dd-8464-dd74933c4739:c2473, 76d6a15c-8eeb-4764-b555-ce8767d18d57:c2471, c90dcfdf-5973-4b56-a955-1fc4555f10cb:c2470]
2019-09-19 11:26:13,045 [grpc-default-executor-6] INFO  client.GrpcClientProtocolClient (GrpcClientProtocolClient.java:onNext(264)) - client-D9B31DDCE961->18b22b39-7551-46dd-8464-dd74933c4739: receive RaftClientReply:client-D9B31DDCE961->18b22b39-7551-46dd-8464-dd74933c4739@group-597320EF17B3, cid=1752, SUCCESS, logIndex=0, commits[18b22b39-7551-46dd-8464-dd74933c4739:c2474, 76d6a15c-8eeb-4764-b555-ce8767d18d57:c2473, c90dcfdf-5973-4b56-a955-1fc4555f10cb:c2473]
2019-09-19 11:26:13,062 [grpc-default-executor-3] INFO  client.GrpcClientProtocolClient (GrpcClientProtocolClient.java:onNext(264)) - client-D9B31DDCE961->18b22b39-7551-46dd-8464-dd74933c4739: receive RaftClientReply:client-D9B31DDCE961->18b22b39-7551-46dd-8464-dd74933c4739@group-597320EF17B3, cid=1753, SUCCESS, logIndex=2476, commits[18b22b39-7551-46dd-8464-dd74933c4739:c2477, 76d6a15c-8eeb-4764-b555-ce8767d18d57:c2473, c90dcfdf-5973-4b56-a955-1fc4555f10cb:c2475]
2019-09-19 11:26:13,062 [grpc-default-executor-3] INFO  client.GrpcClientProtocolClient (GrpcClientProtocolClient.java:onNext(264)) - client-D9B31DDCE961->18b22b39-7551-46dd-8464-dd74933c4739: receive RaftClientReply:client-D9B31DDCE961->18b22b39-7551-46dd-8464-dd74933c4739@group-597320EF17B3, cid=1754, SUCCESS, logIndex=2477, commits[18b22b39-7551-46dd-8464-dd74933c4739:c2477, 76d6a15c-8eeb-4764-b555-ce8767d18d57:c2473, c90dcfdf-5973-4b56-a955-1fc4555f10cb:c2475]
2019-09-19 11:26:13,063 [grpc-default-executor-3] INFO  client.GrpcClientProtocolClient (GrpcClientProtocolClient.java:onNext(264)) - client-D9B31DDCE961->18b22b39-7551-46dd-8464-dd74933c4739: receive RaftClientReply:client-D9B31DDCE961->18b22b39-7551-46dd-8464-dd74933c4739@group-597320EF17B3, cid=1755, SUCCESS, logIndex=2478, commits[18b22b39-7551-46dd-8464-dd74933c4739:c2479, 76d6a15c-8eeb-4764-b555-ce8767d18d57:c2475, c90dcfdf-5973-4b56-a955-1fc4555f10cb:c2475]
2019-09-19 11:26:13,064 [grpc-default-executor-3] INFO  client.GrpcClientProtocolClient (GrpcClientProtocolClient.java:onNext(264)) - client-D9B31DDCE961->18b22b39-7551-46dd-8464-dd74933c4739: receive RaftClientReply:client-D9B31DDCE961->18b22b39-7551-46dd-8464-dd74933c4739@group-597320EF17B3, cid=1756, SUCCESS, logIndex=2479, commits[18b22b39-7551-46dd-8464-dd74933c4739:c2479, 76d6a15c-8eeb-4764-b555-ce8767d18d57:c2475, c90dcfdf-5973-4b56-a955-1fc4555f10cb:c2475]
2019-09-19 11:26:13,068 [grpc-default-executor-3] INFO  client.GrpcClientProtocolClient (GrpcClientProtocolClient.java:onNext(264)) - client-D9B31DDCE961->18b22b39-7551-46dd-8464-dd74933c4739: receive RaftClientReply:client-D9B31DDCE961->18b22b39-7551-46dd-8464-dd74933c4739@group-597320EF17B3, cid=1757, SUCCESS, logIndex=0, commits[18b22b39-7551-46dd-8464-dd74933c4739:c2481, 76d6a15c-8eeb-4764-b555-ce8767d18d57:c2477, c90dcfdf-5973-4b56-a955-1fc4555f10cb:c2477]
2019-09-19 11:26:13,099 [grpc-default-executor-6] INFO  client.GrpcClientProtocolClient (GrpcClientProtocolClient.java:onNext(264)) - client-D9B31DDCE961->18b22b39-7551-46dd-8464-dd74933c4739: receive RaftClientReply:client-D9B31DDCE961->18b22b39-7551-46dd-8464-dd74933c4739@group-597320EF17B3, cid=1758, SUCCESS, logIndex=2484, commits[18b22b39-7551-46dd-8464-dd74933c4739:c2485, 76d6a15c-8eeb-4764-b555-ce8767d18d57:c2483, c90dcfdf-5973-4b56-a955-1fc4555f10cb:c2483]
2019-09-19 11:26:13,099 [grpc-default-executor-6] INFO  client.GrpcClientProtocolClient (GrpcClientProtocolClient.java:onNext(264)) - client-D9B31DDCE961->18b22b39-7551-46dd-8464-dd74933c4739: receive RaftClientReply:client-D9B31DDCE961->18b22b39-7551-46dd-8464-dd74933c4739@group-597320EF17B3, cid=1759, SUCCESS, logIndex=2485, commits[18b22b39-7551-46dd-8464-dd74933c4739:c2485, 76d6a15c-8eeb-4764-b555-ce8767d18d57:c2483, c90dcfdf-5973-4b56-a955-1fc4555f10cb:c2483]
2019-09-19 11:26:13,124 [grpc-default-executor-3] INFO  client.GrpcClientProtocolClient (GrpcClientProtocolClient.java:onNext(264)) - client-D9B31DDCE961->18b22b39-7551-46dd-8464-dd74933c4739: receive RaftClientReply:client-D9B31DDCE961->18b22b39-7551-46dd-8464-dd74933c4739@group-597320EF17B3, cid=1760, SUCCESS, logIndex=2488, commits[18b22b39-7551-46dd-8464-dd74933c4739:c2489, 76d6a15c-8eeb-4764-b555-ce8767d18d57:c2485, c90dcfdf-5973-4b56-a955-1fc4555f10cb:c2485]
2019-09-19 11:26:13,124 [grpc-default-executor-3] INFO  client.GrpcClientProtocolClient (GrpcClientProtocolClient.java:onNext(264)) - client-D9B31DDCE961->18b22b39-7551-46dd-8464-dd74933c4739: receive RaftClientReply:client-D9B31DDCE961->18b22b39-7551-46dd-8464-dd74933c4739@group-597320EF17B3, cid=1761, SUCCESS, logIndex=2489, commits[18b22b39-7551-46dd-8464-dd74933c4739:c2489, 76d6a15c-8eeb-4764-b555-ce8767d18d57:c2485, c90dcfdf-5973-4b56-a955-1fc4555f10cb:c2485]
2019-09-19 11:26:13,150 [grpc-default-executor-3] INFO  client.GrpcClientProtocolClient (GrpcClientProtocolClient.java:onNext(264)) - client-D9B31DDCE961->18b22b39-7551-46dd-8464-dd74933c4739: receive RaftClientReply:client-D9B31DDCE961->18b22b39-7551-46dd-8464-dd74933c4739@group-597320EF17B3, cid=1762, SUCCESS, logIndex=0, commits[18b22b39-7551-46dd-8464-dd74933c4739:c2491, 76d6a15c-8eeb-4764-b555-ce8767d18d57:c2489, c90dcfdf-5973-4b56-a955-1fc4555f10cb:c2489]
2019-09-19 11:26:13,180 [grpc-default-executor-5] INFO  client.GrpcClientProtocolClient (GrpcClientProtocolClient.java:onNext(264)) - client-D9B31DDCE961->18b22b39-7551-46dd-8464-dd74933c4739: receive RaftClientReply:client-D9B31DDCE961->18b22b39-7551-46dd-8464-dd74933c4739@group-597320EF17B3, cid=1763, SUCCESS, logIndex=2492, commits[18b22b39-7551-46dd-8464-dd74933c4739:c2493, 76d6a15c-8eeb-4764-b555-ce8767d18d57:c2489, c90dcfdf-5973-4b56-a955-1fc4555f10cb:c2491]
2019-09-19 11:26:13,180 [grpc-default-executor-5] INFO  client.GrpcClientProtocolClient (GrpcClientProtocolClient.java:onNext(264)) - client-D9B31DDCE961->18b22b39-7551-46dd-8464-dd74933c4739: receive RaftClientReply:client-D9B31DDCE961->18b22b39-7551-46dd-8464-dd74933c4739@group-597320EF17B3, cid=1764, SUCCESS, logIndex=2493, commits[18b22b39-7551-46dd-8464-dd74933c4739:c2493, 76d6a15c-8eeb-4764-b555-ce8767d18d57:c2491, c90dcfdf-5973-4b56-a955-1fc4555f10cb:c2491]
2019-09-19 11:26:13,181 [grpc-default-executor-5] INFO  client.GrpcClientProtocolClient (GrpcClientProtocolClient.java:onNext(264)) - client-D9B31DDCE961->18b22b39-7551-46dd-8464-dd74933c4739: receive RaftClientReply:client-D9B31DDCE961->18b22b39-7551-46dd-8464-dd74933c4739@group-597320EF17B3, cid=1765, SUCCESS, logIndex=2494, commits[18b22b39-7551-46dd-8464-dd74933c4739:c2495, 76d6a15c-8eeb-4764-b555-ce8767d18d57:c2491, c90dcfdf-5973-4b56-a955-1fc4555f10cb:c2491]
2019-09-19 11:26:13,181 [grpc-default-executor-5] INFO  client.GrpcClientProtocolClient (GrpcClientProtocolClient.java:onNext(264)) - client-D9B31DDCE961->18b22b39-7551-46dd-8464-dd74933c4739: receive RaftClientReply:client-D9B31DDCE961->18b22b39-7551-46dd-8464-dd74933c4739@group-597320EF17B3, cid=1766, SUCCESS, logIndex=2495, commits[18b22b39-7551-46dd-8464-dd74933c4739:c2495, 76d6a15c-8eeb-4764-b555-ce8767d18d57:c2491, c90dcfdf-5973-4b56-a955-1fc4555f10cb:c2491]
2019-09-19 11:26:13,197 [grpc-default-executor-5] INFO  client.GrpcClientProtocolClient (GrpcClientProtocolClient.java:onNext(264)) - client-D9B31DDCE961->18b22b39-7551-46dd-8464-dd74933c4739: receive RaftClientReply:client-D9B31DDCE961->18b22b39-7551-46dd-8464-dd74933c4739@group-597320EF17B3, cid=1767, SUCCESS, logIndex=0, commits[18b22b39-7551-46dd-8464-dd74933c4739:c2497, 76d6a15c-8eeb-4764-b555-ce8767d18d57:c2493, c90dcfdf-5973-4b56-a955-1fc4555f10cb:c2493]
2019-09-19 11:26:13,238 [grpc-default-executor-1] INFO  client.GrpcClientProtocolClient (GrpcClientProtocolClient.java:onNext(264)) - client-D9B31DDCE961->18b22b39-7551-46dd-8464-dd74933c4739: receive RaftClientReply:client-D9B31DDCE961->18b22b39-7551-46dd-8464-dd74933c4739@group-597320EF17B3, cid=1768, SUCCESS, logIndex=2500, commits[18b22b39-7551-46dd-8464-dd74933c4739:c2501, 76d6a15c-8eeb-4764-b555-ce8767d18d57:c2499, c90dcfdf-5973-4b56-a955-1fc4555f10cb:c2499]
2019-09-19 11:26:13,238 [grpc-default-executor-1] INFO  client.GrpcClientProtocolClient (GrpcClientProtocolClient.java:onNext(264)) - client-D9B31DDCE961->18b22b39-7551-46dd-8464-dd74933c4739: receive RaftClientReply:client-D9B31DDCE961->18b22b39-7551-46dd-8464-dd74933c4739@group-597320EF17B3, cid=1769, SUCCESS, logIndex=2501, commits[18b22b39-7551-46dd-8464-dd74933c4739:c2501, 76d6a15c-8eeb-4764-b555-ce8767d18d57:c2499, c90dcfdf-5973-4b56-a955-1fc4555f10cb:c2499]
2019-09-19 11:26:13,263 [grpc-default-executor-5] INFO  client.GrpcClientProtocolClient (GrpcClientProtocolClient.java:onNext(264)) - client-D9B31DDCE961->18b22b39-7551-46dd-8464-dd74933c4739: receive RaftClientReply:client-D9B31DDCE961->18b22b39-7551-46dd-8464-dd74933c4739@group-597320EF17B3, cid=1770, SUCCESS, logIndex=2504, commits[18b22b39-7551-46dd-8464-dd74933c4739:c2505, 76d6a15c-8eeb-4764-b555-ce8767d18d57:c2501, c90dcfdf-5973-4b56-a955-1fc4555f10cb:c2501]
2019-09-19 11:26:13,263 [grpc-default-executor-5] INFO  client.GrpcClientProtocolClient (GrpcClientProtocolClient.java:onNext(264)) - client-D9B31DDCE961->18b22b39-7551-46dd-8464-dd74933c4739: receive RaftClientReply:client-D9B31DDCE961->18b22b39-7551-46dd-8464-dd74933c4739@group-597320EF17B3, cid=1771, SUCCESS, logIndex=2505, commits[18b22b39-7551-46dd-8464-dd74933c4739:c2505, 76d6a15c-8eeb-4764-b555-ce8767d18d57:c2501, c90dcfdf-5973-4b56-a955-1fc4555f10cb:c2501]
2019-09-19 11:26:13,276 [grpc-default-executor-1] INFO  client.GrpcClientProtocolClient (GrpcClientProtocolClient.java:onNext(264)) - client-D9B31DDCE961->18b22b39-7551-46dd-8464-dd74933c4739: receive RaftClientReply:client-D9B31DDCE961->18b22b39-7551-46dd-8464-dd74933c4739@group-597320EF17B3, cid=1772, SUCCESS, logIndex=0, commits[18b22b39-7551-46dd-8464-dd74933c4739:c2506, 76d6a15c-8eeb-4764-b555-ce8767d18d57:c2505, c90dcfdf-5973-4b56-a955-1fc4555f10cb:c2505]
 0.00% |█                                                                                                    |  0/1 Time: 0:00:172019-09-19 11:26:13,305 [grpc-default-executor-3] INFO  client.GrpcClientProtocolClient (GrpcClientProtocolClient.java:onNext(264)) - client-D9B31DDCE961->18b22b39-7551-46dd-8464-dd74933c4739: receive RaftClientReply:client-D9B31DDCE961->18b22b39-7551-46dd-8464-dd74933c4739@group-597320EF17B3, cid=1773, SUCCESS, logIndex=2507, commits[18b22b39-7551-46dd-8464-dd74933c4739:c2508, 76d6a15c-8eeb-4764-b555-ce8767d18d57:c2506, c90dcfdf-5973-4b56-a955-1fc4555f10cb:c2506]
2019-09-19 11:26:13,305 [grpc-default-executor-3] INFO  client.GrpcClientProtocolClient (GrpcClientProtocolClient.java:onNext(264)) - client-D9B31DDCE961->18b22b39-7551-46dd-8464-dd74933c4739: receive RaftClientReply:client-D9B31DDCE961->18b22b39-7551-46dd-8464-dd74933c4739@group-597320EF17B3, cid=1774, SUCCESS, logIndex=2508, commits[18b22b39-7551-46dd-8464-dd74933c4739:c2508, 76d6a15c-8eeb-4764-b555-ce8767d18d57:c2506, c90dcfdf-5973-4b56-a955-1fc4555f10cb:c2506]
2019-09-19 11:26:13,315 [grpc-default-executor-3] INFO  client.GrpcClientProtocolClient (GrpcClientProtocolClient.java:onNext(264)) - client-D9B31DDCE961->18b22b39-7551-46dd-8464-dd74933c4739: receive RaftClientReply:client-D9B31DDCE961->18b22b39-7551-46dd-8464-dd74933c4739@group-597320EF17B3, cid=1775, SUCCESS, logIndex=2509, commits[18b22b39-7551-46dd-8464-dd74933c4739:c2510, 76d6a15c-8eeb-4764-b555-ce8767d18d57:c2506, c90dcfdf-5973-4b56-a955-1fc4555f10cb:c2506]
2019-09-19 11:26:13,315 [grpc-default-executor-3] INFO  client.GrpcClientProtocolClient (GrpcClientProtocolClient.java:onNext(264)) - client-D9B31DDCE961->18b22b39-7551-46dd-8464-dd74933c4739: receive RaftClientReply:client-D9B31DDCE961->18b22b39-7551-46dd-8464-dd74933c4739@group-597320EF17B3, cid=1776, SUCCESS, logIndex=2510, commits[18b22b39-7551-46dd-8464-dd74933c4739:c2510, 76d6a15c-8eeb-4764-b555-ce8767d18d57:c2506, c90dcfdf-5973-4b56-a955-1fc4555f10cb:c2506]
2019-09-19 11:26:13,317 [grpc-default-executor-3] INFO  client.GrpcClientProtocolClient (GrpcClientProtocolClient.java:onNext(264)) - client-D9B31DDCE961->18b22b39-7551-46dd-8464-dd74933c4739: receive RaftClientReply:client-D9B31DDCE961->18b22b39-7551-46dd-8464-dd74933c4739@group-597320EF17B3, cid=1777, SUCCESS, logIndex=0, commits[18b22b39-7551-46dd-8464-dd74933c4739:c2510, 76d6a15c-8eeb-4764-b555-ce8767d18d57:c2508, c90dcfdf-5973-4b56-a955-1fc4555f10cb:c2508]
2019-09-19 11:26:13,343 [grpc-default-executor-1] INFO  client.GrpcClientProtocolClient (GrpcClientProtocolClient.java:onNext(264)) - client-D9B31DDCE961->18b22b39-7551-46dd-8464-dd74933c4739: receive RaftClientReply:client-D9B31DDCE961->18b22b39-7551-46dd-8464-dd74933c4739@group-597320EF17B3, cid=1778, SUCCESS, logIndex=2515, commits[18b22b39-7551-46dd-8464-dd74933c4739:c2516, 76d6a15c-8eeb-4764-b555-ce8767d18d57:c2510, c90dcfdf-5973-4b56-a955-1fc4555f10cb:c2510]
2019-09-19 11:26:13,343 [grpc-default-executor-1] INFO  client.GrpcClientProtocolClient (GrpcClientProtocolClient.java:onNext(264)) - client-D9B31DDCE961->18b22b39-7551-46dd-8464-dd74933c4739: receive RaftClientReply:client-D9B31DDCE961->18b22b39-7551-46dd-8464-dd74933c4739@group-597320EF17B3, cid=1779, SUCCESS, logIndex=2516, commits[18b22b39-7551-46dd-8464-dd74933c4739:c2516, 76d6a15c-8eeb-4764-b555-ce8767d18d57:c2510, c90dcfdf-5973-4b56-a955-1fc4555f10cb:c2510]
2019-09-19 11:26:13,363 [grpc-default-executor-5] INFO  client.GrpcClientProtocolClient (GrpcClientProtocolClient.java:onNext(264)) - client-D9B31DDCE961->18b22b39-7551-46dd-8464-dd74933c4739: receive RaftClientReply:client-D9B31DDCE961->18b22b39-7551-46dd-8464-dd74933c4739@group-597320EF17B3, cid=1780, SUCCESS, logIndex=2519, commits[18b22b39-7551-46dd-8464-dd74933c4739:c2520, 76d6a15c-8eeb-4764-b555-ce8767d18d57:c2516, c90dcfdf-5973-4b56-a955-1fc4555f10cb:c2516]
2019-09-19 11:26:13,364 [grpc-default-executor-5] INFO  client.GrpcClientProtocolClient (GrpcClientProtocolClient.java:onNext(264)) - client-D9B31DDCE961->18b22b39-7551-46dd-8464-dd74933c4739: receive RaftClientReply:client-D9B31DDCE961->18b22b39-7551-46dd-8464-dd74933c4739@group-597320EF17B3, cid=1781, SUCCESS, logIndex=2520, commits[18b22b39-7551-46dd-8464-dd74933c4739:c2520, 76d6a15c-8eeb-4764-b555-ce8767d18d57:c2516, c90dcfdf-5973-4b56-a955-1fc4555f10cb:c2516]
2019-09-19 11:26:13,371 [grpc-default-executor-5] INFO  client.GrpcClientProtocolClient (GrpcClientProtocolClient.java:onNext(264)) - client-D9B31DDCE961->18b22b39-7551-46dd-8464-dd74933c4739: receive RaftClientReply:client-D9B31DDCE961->18b22b39-7551-46dd-8464-dd74933c4739@group-597320EF17B3, cid=1782, SUCCESS, logIndex=0, commits[18b22b39-7551-46dd-8464-dd74933c4739:c2521, 76d6a15c-8eeb-4764-b555-ce8767d18d57:c2520, c90dcfdf-5973-4b56-a955-1fc4555f10cb:c2520]
2019-09-19 11:26:13,397 [grpc-default-executor-3] INFO  client.GrpcClientProtocolClient (GrpcClientProtocolClient.java:onNext(264)) - client-D9B31DDCE961->18b22b39-7551-46dd-8464-dd74933c4739: receive RaftClientReply:client-D9B31DDCE961->18b22b39-7551-46dd-8464-dd74933c4739@group-597320EF17B3, cid=1783, SUCCESS, logIndex=2523, commits[18b22b39-7551-46dd-8464-dd74933c4739:c2524, 76d6a15c-8eeb-4764-b555-ce8767d18d57:c2521, c90dcfdf-5973-4b56-a955-1fc4555f10cb:c2521]
2019-09-19 11:26:13,397 [grpc-default-executor-3] INFO  client.GrpcClientProtocolClient (GrpcClientProtocolClient.java:onNext(264)) - client-D9B31DDCE961->18b22b39-7551-46dd-8464-dd74933c4739: receive RaftClientReply:client-D9B31DDCE961->18b22b39-7551-46dd-8464-dd74933c4739@group-597320EF17B3, cid=1784, SUCCESS, logIndex=2524, commits[18b22b39-7551-46dd-8464-dd74933c4739:c2524, 76d6a15c-8eeb-4764-b555-ce8767d18d57:c2521, c90dcfdf-5973-4b56-a955-1fc4555f10cb:c2521]
2019-09-19 11:26:13,409 [grpc-default-executor-3] INFO  client.GrpcClientProtocolClient (GrpcClientProtocolClient.java:onNext(264)) - client-D9B31DDCE961->18b22b39-7551-46dd-8464-dd74933c4739: receive RaftClientReply:client-D9B31DDCE961->18b22b39-7551-46dd-8464-dd74933c4739@group-597320EF17B3, cid=1785, SUCCESS, logIndex=2525, commits[18b22b39-7551-46dd-8464-dd74933c4739:c2526, 76d6a15c-8eeb-4764-b555-ce8767d18d57:c2521, c90dcfdf-5973-4b56-a955-1fc4555f10cb:c2521]
2019-09-19 11:26:13,409 [grpc-default-executor-3] INFO  client.GrpcClientProtocolClient (GrpcClientProtocolClient.java:onNext(264)) - client-D9B31DDCE961->18b22b39-7551-46dd-8464-dd74933c4739: receive RaftClientReply:client-D9B31DDCE961->18b22b39-7551-46dd-8464-dd74933c4739@group-597320EF17B3, cid=1786, SUCCESS, logIndex=2526, commits[18b22b39-7551-46dd-8464-dd74933c4739:c2526, 76d6a15c-8eeb-4764-b555-ce8767d18d57:c2521, c90dcfdf-5973-4b56-a955-1fc4555f10cb:c2521]
2019-09-19 11:26:13,422 [grpc-default-executor-5] INFO  client.GrpcClientProtocolClient (GrpcClientProtocolClient.java:onNext(264)) - client-D9B31DDCE961->18b22b39-7551-46dd-8464-dd74933c4739: receive RaftClientReply:client-D9B31DDCE961->18b22b39-7551-46dd-8464-dd74933c4739@group-597320EF17B3, cid=1787, SUCCESS, logIndex=0, commits[18b22b39-7551-46dd-8464-dd74933c4739:c2527, 76d6a15c-8eeb-4764-b555-ce8767d18d57:c2524, c90dcfdf-5973-4b56-a955-1fc4555f10cb:c2524]
2019-09-19 11:26:13,944 [grpc-default-executor-5] INFO  client.GrpcClientProtocolClient (GrpcClientProtocolClient.java:onNext(264)) - client-D9B31DDCE961->18b22b39-7551-46dd-8464-dd74933c4739: receive RaftClientReply:client-D9B31DDCE961->18b22b39-7551-46dd-8464-dd74933c4739@group-597320EF17B3, cid=1788, SUCCESS, logIndex=2531, commits[18b22b39-7551-46dd-8464-dd74933c4739:c2532, 76d6a15c-8eeb-4764-b555-ce8767d18d57:c2528, c90dcfdf-5973-4b56-a955-1fc4555f10cb:c2528]
2019-09-19 11:26:13,944 [grpc-default-executor-5] INFO  client.GrpcClientProtocolClient (GrpcClientProtocolClient.java:onNext(264)) - client-D9B31DDCE961->18b22b39-7551-46dd-8464-dd74933c4739: receive RaftClientReply:client-D9B31DDCE961->18b22b39-7551-46dd-8464-dd74933c4739@group-597320EF17B3, cid=1789, SUCCESS, logIndex=2532, commits[18b22b39-7551-46dd-8464-dd74933c4739:c2532, 76d6a15c-8eeb-4764-b555-ce8767d18d57:c2528, c90dcfdf-5973-4b56-a955-1fc4555f10cb:c2528]
2019-09-19 11:26:13,969 [grpc-default-executor-3] INFO  client.GrpcClientProtocolClient (GrpcClientProtocolClient.java:onNext(264)) - client-D9B31DDCE961->18b22b39-7551-46dd-8464-dd74933c4739: receive RaftClientReply:client-D9B31DDCE961->18b22b39-7551-46dd-8464-dd74933c4739@group-597320EF17B3, cid=1790, SUCCESS, logIndex=2535, commits[18b22b39-7551-46dd-8464-dd74933c4739:c2536, 76d6a15c-8eeb-4764-b555-ce8767d18d57:c2532, c90dcfdf-5973-4b56-a955-1fc4555f10cb:c2532]
2019-09-19 11:26:13,969 [grpc-default-executor-3] INFO  client.GrpcClientProtocolClient (GrpcClientProtocolClient.java:onNext(264)) - client-D9B31DDCE961->18b22b39-7551-46dd-8464-dd74933c4739: receive RaftClientReply:client-D9B31DDCE961->18b22b39-7551-46dd-8464-dd74933c4739@group-597320EF17B3, cid=1791, SUCCESS, logIndex=2536, commits[18b22b39-7551-46dd-8464-dd74933c4739:c2536, 76d6a15c-8eeb-4764-b555-ce8767d18d57:c2532, c90dcfdf-5973-4b56-a955-1fc4555f10cb:c2532]
2019-09-19 11:26:13,991 [grpc-default-executor-3] INFO  client.GrpcClientProtocolClient (GrpcClientProtocolClient.java:onNext(264)) - client-D9B31DDCE961->18b22b39-7551-46dd-8464-dd74933c4739: receive RaftClientReply:client-D9B31DDCE961->18b22b39-7551-46dd-8464-dd74933c4739@group-597320EF17B3, cid=1792, SUCCESS, logIndex=0, commits[18b22b39-7551-46dd-8464-dd74933c4739:c2538, 76d6a15c-8eeb-4764-b555-ce8767d18d57:c2536, c90dcfdf-5973-4b56-a955-1fc4555f10cb:c2536]
2019-09-19 11:26:14,032 [grpc-default-executor-3] INFO  client.GrpcClientProtocolClient (GrpcClientProtocolClient.java:onNext(264)) - client-D9B31DDCE961->18b22b39-7551-46dd-8464-dd74933c4739: receive RaftClientReply:client-D9B31DDCE961->18b22b39-7551-46dd-8464-dd74933c4739@group-597320EF17B3, cid=1793, SUCCESS, logIndex=2539, commits[18b22b39-7551-46dd-8464-dd74933c4739:c2540, 76d6a15c-8eeb-4764-b555-ce8767d18d57:c2538, c90dcfdf-5973-4b56-a955-1fc4555f10cb:c2538]
2019-09-19 11:26:14,032 [grpc-default-executor-3] INFO  client.GrpcClientProtocolClient (GrpcClientProtocolClient.java:onNext(264)) - client-D9B31DDCE961->18b22b39-7551-46dd-8464-dd74933c4739: receive RaftClientReply:client-D9B31DDCE961->18b22b39-7551-46dd-8464-dd74933c4739@group-597320EF17B3, cid=1794, SUCCESS, logIndex=2540, commits[18b22b39-7551-46dd-8464-dd74933c4739:c2540, 76d6a15c-8eeb-4764-b555-ce8767d18d57:c2538, c90dcfdf-5973-4b56-a955-1fc4555f10cb:c2538]
2019-09-19 11:26:14,043 [grpc-default-executor-5] INFO  client.GrpcClientProtocolClient (GrpcClientProtocolClient.java:onNext(264)) - client-D9B31DDCE961->18b22b39-7551-46dd-8464-dd74933c4739: receive RaftClientReply:client-D9B31DDCE961->18b22b39-7551-46dd-8464-dd74933c4739@group-597320EF17B3, cid=1795, SUCCESS, logIndex=2541, commits[18b22b39-7551-46dd-8464-dd74933c4739:c2542, 76d6a15c-8eeb-4764-b555-ce8767d18d57:c2538, c90dcfdf-5973-4b56-a955-1fc4555f10cb:c2538]
2019-09-19 11:26:14,043 [grpc-default-executor-5] INFO  client.GrpcClientProtocolClient (GrpcClientProtocolClient.java:onNext(264)) - client-D9B31DDCE961->18b22b39-7551-46dd-8464-dd74933c4739: receive RaftClientReply:client-D9B31DDCE961->18b22b39-7551-46dd-8464-dd74933c4739@group-597320EF17B3, cid=1796, SUCCESS, logIndex=2542, commits[18b22b39-7551-46dd-8464-dd74933c4739:c2542, 76d6a15c-8eeb-4764-b555-ce8767d18d57:c2538, c90dcfdf-5973-4b56-a955-1fc4555f10cb:c2538]
2019-09-19 11:26:14,046 [grpc-default-executor-5] INFO  client.GrpcClientProtocolClient (GrpcClientProtocolClient.java:onNext(264)) - client-D9B31DDCE961->18b22b39-7551-46dd-8464-dd74933c4739: receive RaftClientReply:client-D9B31DDCE961->18b22b39-7551-46dd-8464-dd74933c4739@group-597320EF17B3, cid=1797, SUCCESS, logIndex=0, commits[18b22b39-7551-46dd-8464-dd74933c4739:c2544, 76d6a15c-8eeb-4764-b555-ce8767d18d57:c2540, c90dcfdf-5973-4b56-a955-1fc4555f10cb:c2540]
2019-09-19 11:26:14,072 [grpc-default-executor-1] INFO  client.GrpcClientProtocolClient (GrpcClientProtocolClient.java:onNext(264)) - client-D9B31DDCE961->18b22b39-7551-46dd-8464-dd74933c4739: receive RaftClientReply:client-D9B31DDCE961->18b22b39-7551-46dd-8464-dd74933c4739@group-597320EF17B3, cid=1798, SUCCESS, logIndex=2547, commits[18b22b39-7551-46dd-8464-dd74933c4739:c2548, 76d6a15c-8eeb-4764-b555-ce8767d18d57:c2544, c90dcfdf-5973-4b56-a955-1fc4555f10cb:c2544]
2019-09-19 11:26:14,072 [grpc-default-executor-1] INFO  client.GrpcClientProtocolClient (GrpcClientProtocolClient.java:onNext(264)) - client-D9B31DDCE961->18b22b39-7551-46dd-8464-dd74933c4739: receive RaftClientReply:client-D9B31DDCE961->18b22b39-7551-46dd-8464-dd74933c4739@group-597320EF17B3, cid=1799, SUCCESS, logIndex=2548, commits[18b22b39-7551-46dd-8464-dd74933c4739:c2548, 76d6a15c-8eeb-4764-b555-ce8767d18d57:c2544, c90dcfdf-5973-4b56-a955-1fc4555f10cb:c2544]
2019-09-19 11:26:14,106 [grpc-default-executor-3] INFO  client.GrpcClientProtocolClient (GrpcClientProtocolClient.java:onNext(264)) - client-D9B31DDCE961->18b22b39-7551-46dd-8464-dd74933c4739: receive RaftClientReply:client-D9B31DDCE961->18b22b39-7551-46dd-8464-dd74933c4739@group-597320EF17B3, cid=1800, SUCCESS, logIndex=2551, commits[18b22b39-7551-46dd-8464-dd74933c4739:c2552, 76d6a15c-8eeb-4764-b555-ce8767d18d57:c2548, c90dcfdf-5973-4b56-a955-1fc4555f10cb:c2548]
2019-09-19 11:26:14,107 [grpc-default-executor-3] INFO  client.GrpcClientProtocolClient (GrpcClientProtocolClient.java:onNext(264)) - client-D9B31DDCE961->18b22b39-7551-46dd-8464-dd74933c4739: receive RaftClientReply:client-D9B31DDCE961->18b22b39-7551-46dd-8464-dd74933c4739@group-597320EF17B3, cid=1801, SUCCESS, logIndex=2552, commits[18b22b39-7551-46dd-8464-dd74933c4739:c2552, 76d6a15c-8eeb-4764-b555-ce8767d18d57:c2548, c90dcfdf-5973-4b56-a955-1fc4555f10cb:c2548]
2019-09-19 11:26:14,121 [grpc-default-executor-3] INFO  client.GrpcClientProtocolClient (GrpcClientProtocolClient.java:onNext(264)) - client-D9B31DDCE961->18b22b39-7551-46dd-8464-dd74933c4739: receive RaftClientReply:client-D9B31DDCE961->18b22b39-7551-46dd-8464-dd74933c4739@group-597320EF17B3, cid=1802, SUCCESS, logIndex=0, commits[18b22b39-7551-46dd-8464-dd74933c4739:c2554, 76d6a15c-8eeb-4764-b555-ce8767d18d57:c2552, c90dcfdf-5973-4b56-a955-1fc4555f10cb:c2552]
2019-09-19 11:26:14,160 [grpc-default-executor-7] INFO  client.GrpcClientProtocolClient (GrpcClientProtocolClient.java:onNext(264)) - client-D9B31DDCE961->18b22b39-7551-46dd-8464-dd74933c4739: receive RaftClientReply:client-D9B31DDCE961->18b22b39-7551-46dd-8464-dd74933c4739@group-597320EF17B3, cid=1803, SUCCESS, logIndex=2555, commits[18b22b39-7551-46dd-8464-dd74933c4739:c2558, 76d6a15c-8eeb-4764-b555-ce8767d18d57:c2554, c90dcfdf-5973-4b56-a955-1fc4555f10cb:c2554]
2019-09-19 11:26:14,161 [grpc-default-executor-7] INFO  client.GrpcClientProtocolClient (GrpcClientProtocolClient.java:onNext(264)) - client-D9B31DDCE961->18b22b39-7551-46dd-8464-dd74933c4739: receive RaftClientReply:client-D9B31DDCE961->18b22b39-7551-46dd-8464-dd74933c4739@group-597320EF17B3, cid=1804, SUCCESS, logIndex=2556, commits[18b22b39-7551-46dd-8464-dd74933c4739:c2558, 76d6a15c-8eeb-4764-b555-ce8767d18d57:c2554, c90dcfdf-5973-4b56-a955-1fc4555f10cb:c2554]
2019-09-19 11:26:14,161 [grpc-default-executor-7] INFO  client.GrpcClientProtocolClient (GrpcClientProtocolClient.java:onNext(264)) - client-D9B31DDCE961->18b22b39-7551-46dd-8464-dd74933c4739: receive RaftClientReply:client-D9B31DDCE961->18b22b39-7551-46dd-8464-dd74933c4739@group-597320EF17B3, cid=1805, SUCCESS, logIndex=2557, commits[18b22b39-7551-46dd-8464-dd74933c4739:c2558, 76d6a15c-8eeb-4764-b555-ce8767d18d57:c2554, c90dcfdf-5973-4b56-a955-1fc4555f10cb:c2554]
2019-09-19 11:26:14,162 [grpc-default-executor-7] INFO  client.GrpcClientProtocolClient (GrpcClientProtocolClient.java:onNext(264)) - client-D9B31DDCE961->18b22b39-7551-46dd-8464-dd74933c4739: receive RaftClientReply:client-D9B31DDCE961->18b22b39-7551-46dd-8464-dd74933c4739@group-597320EF17B3, cid=1806, SUCCESS, logIndex=2558, commits[18b22b39-7551-46dd-8464-dd74933c4739:c2558, 76d6a15c-8eeb-4764-b555-ce8767d18d57:c2554, c90dcfdf-5973-4b56-a955-1fc4555f10cb:c2554]
2019-09-19 11:26:14,163 [grpc-default-executor-7] INFO  client.GrpcClientProtocolClient (GrpcClientProtocolClient.java:onNext(264)) - client-D9B31DDCE961->18b22b39-7551-46dd-8464-dd74933c4739: receive RaftClientReply:client-D9B31DDCE961->18b22b39-7551-46dd-8464-dd74933c4739@group-597320EF17B3, cid=1807, SUCCESS, logIndex=0, commits[18b22b39-7551-46dd-8464-dd74933c4739:c2561, 76d6a15c-8eeb-4764-b555-ce8767d18d57:c2558, c90dcfdf-5973-4b56-a955-1fc4555f10cb:c2557]
2019-09-19 11:26:14,186 [grpc-default-executor-7] INFO  client.GrpcClientProtocolClient (GrpcClientProtocolClient.java:onNext(264)) - client-D9B31DDCE961->18b22b39-7551-46dd-8464-dd74933c4739: receive RaftClientReply:client-D9B31DDCE961->18b22b39-7551-46dd-8464-dd74933c4739@group-597320EF17B3, cid=1808, SUCCESS, logIndex=2562, commits[18b22b39-7551-46dd-8464-dd74933c4739:c2563, 76d6a15c-8eeb-4764-b555-ce8767d18d57:c2561, c90dcfdf-5973-4b56-a955-1fc4555f10cb:c2561]
2019-09-19 11:26:14,186 [grpc-default-executor-7] INFO  client.GrpcClientProtocolClient (GrpcClientProtocolClient.java:onNext(264)) - client-D9B31DDCE961->18b22b39-7551-46dd-8464-dd74933c4739: receive RaftClientReply:client-D9B31DDCE961->18b22b39-7551-46dd-8464-dd74933c4739@group-597320EF17B3, cid=1809, SUCCESS, logIndex=2563, commits[18b22b39-7551-46dd-8464-dd74933c4739:c2563, 76d6a15c-8eeb-4764-b555-ce8767d18d57:c2561, c90dcfdf-5973-4b56-a955-1fc4555f10cb:c2561]
2019-09-19 11:26:14,200 [grpc-default-executor-5] INFO  client.GrpcClientProtocolClient (GrpcClientProtocolClient.java:onNext(264)) - client-D9B31DDCE961->18b22b39-7551-46dd-8464-dd74933c4739: receive RaftClientReply:client-D9B31DDCE961->18b22b39-7551-46dd-8464-dd74933c4739@group-597320EF17B3, cid=1810, SUCCESS, logIndex=2566, commits[18b22b39-7551-46dd-8464-dd74933c4739:c2566, 76d6a15c-8eeb-4764-b555-ce8767d18d57:c2563, c90dcfdf-5973-4b56-a955-1fc4555f10cb:c2563]
2019-09-19 11:26:14,200 [grpc-default-executor-5] INFO  client.GrpcClientProtocolClient (GrpcClientProtocolClient.java:onNext(264)) - client-D9B31DDCE961->18b22b39-7551-46dd-8464-dd74933c4739: receive RaftClientReply:client-D9B31DDCE961->18b22b39-7551-46dd-8464-dd74933c4739@group-597320EF17B3, cid=1811, SUCCESS, logIndex=2567, commits[18b22b39-7551-46dd-8464-dd74933c4739:c2567, 76d6a15c-8eeb-4764-b555-ce8767d18d57:c2563, c90dcfdf-5973-4b56-a955-1fc4555f10cb:c2563]
2019-09-19 11:26:14,223 [grpc-default-executor-1] INFO  client.GrpcClientProtocolClient (GrpcClientProtocolClient.java:onNext(264)) - client-D9B31DDCE961->18b22b39-7551-46dd-8464-dd74933c4739: receive RaftClientReply:client-D9B31DDCE961->18b22b39-7551-46dd-8464-dd74933c4739@group-597320EF17B3, cid=1812, SUCCESS, logIndex=0, commits[18b22b39-7551-46dd-8464-dd74933c4739:c2569, 76d6a15c-8eeb-4764-b555-ce8767d18d57:c2567, c90dcfdf-5973-4b56-a955-1fc4555f10cb:c2567]
2019-09-19 11:26:14,253 [grpc-default-executor-5] INFO  client.GrpcClientProtocolClient (GrpcClientProtocolClient.java:onNext(264)) - client-D9B31DDCE961->18b22b39-7551-46dd-8464-dd74933c4739: receive RaftClientReply:client-D9B31DDCE961->18b22b39-7551-46dd-8464-dd74933c4739@group-597320EF17B3, cid=1813, SUCCESS, logIndex=2570, commits[18b22b39-7551-46dd-8464-dd74933c4739:c2571, 76d6a15c-8eeb-4764-b555-ce8767d18d57:c2569, c90dcfdf-5973-4b56-a955-1fc4555f10cb:c2567]
2019-09-19 11:26:14,254 [grpc-default-executor-5] INFO  client.GrpcClientProtocolClient (GrpcClientProtocolClient.java:onNext(264)) - client-D9B31DDCE961->18b22b39-7551-46dd-8464-dd74933c4739: receive RaftClientReply:client-D9B31DDCE961->18b22b39-7551-46dd-8464-dd74933c4739@group-597320EF17B3, cid=1814, SUCCESS, logIndex=2571, commits[18b22b39-7551-46dd-8464-dd74933c4739:c2571, 76d6a15c-8eeb-4764-b555-ce8767d18d57:c2569, c90dcfdf-5973-4b56-a955-1fc4555f10cb:c2569]
2019-09-19 11:26:14,254 [grpc-default-executor-5] INFO  client.GrpcClientProtocolClient (GrpcClientProtocolClient.java:onNext(264)) - client-D9B31DDCE961->18b22b39-7551-46dd-8464-dd74933c4739: receive RaftClientReply:client-D9B31DDCE961->18b22b39-7551-46dd-8464-dd74933c4739@group-597320EF17B3, cid=1815, SUCCESS, logIndex=2572, commits[18b22b39-7551-46dd-8464-dd74933c4739:c2573, 76d6a15c-8eeb-4764-b555-ce8767d18d57:c2569, c90dcfdf-5973-4b56-a955-1fc4555f10cb:c2569]
2019-09-19 11:26:14,254 [grpc-default-executor-5] INFO  client.GrpcClientProtocolClient (GrpcClientProtocolClient.java:onNext(264)) - client-D9B31DDCE961->18b22b39-7551-46dd-8464-dd74933c4739: receive RaftClientReply:client-D9B31DDCE961->18b22b39-7551-46dd-8464-dd74933c4739@group-597320EF17B3, cid=1816, SUCCESS, logIndex=2573, commits[18b22b39-7551-46dd-8464-dd74933c4739:c2573, 76d6a15c-8eeb-4764-b555-ce8767d18d57:c2569, c90dcfdf-5973-4b56-a955-1fc4555f10cb:c2569]
2019-09-19 11:26:14,277 [grpc-default-executor-5] INFO  client.GrpcClientProtocolClient (GrpcClientProtocolClient.java:onNext(264)) - client-D9B31DDCE961->18b22b39-7551-46dd-8464-dd74933c4739: receive RaftClientReply:client-D9B31DDCE961->18b22b39-7551-46dd-8464-dd74933c4739@group-597320EF17B3, cid=1817, SUCCESS, logIndex=0, commits[18b22b39-7551-46dd-8464-dd74933c4739:c2574, 76d6a15c-8eeb-4764-b555-ce8767d18d57:c2571, c90dcfdf-5973-4b56-a955-1fc4555f10cb:c2571]
2019-09-19 11:26:14,295 [grpc-default-executor-7] INFO  client.GrpcClientProtocolClient (GrpcClientProtocolClient.java:onNext(264)) - client-D9B31DDCE961->18b22b39-7551-46dd-8464-dd74933c4739: receive RaftClientReply:client-D9B31DDCE961->18b22b39-7551-46dd-8464-dd74933c4739@group-597320EF17B3, cid=1818, SUCCESS, logIndex=2578, commits[18b22b39-7551-46dd-8464-dd74933c4739:c2579, 76d6a15c-8eeb-4764-b555-ce8767d18d57:c2577, c90dcfdf-5973-4b56-a955-1fc4555f10cb:c2577]
2019-09-19 11:26:14,296 [grpc-default-executor-7] INFO  client.GrpcClientProtocolClient (GrpcClientProtocolClient.java:onNext(264)) - client-D9B31DDCE961->18b22b39-7551-46dd-8464-dd74933c4739: receive RaftClientReply:client-D9B31DDCE961->18b22b39-7551-46dd-8464-dd74933c4739@group-597320EF17B3, cid=1819, SUCCESS, logIndex=2579, commits[18b22b39-7551-46dd-8464-dd74933c4739:c2579, 76d6a15c-8eeb-4764-b555-ce8767d18d57:c2577, c90dcfdf-5973-4b56-a955-1fc4555f10cb:c2577]
 0.00% |█                                                                                                    |  0/1 Time: 0:00:182019-09-19 11:26:14,316 [grpc-default-executor-7] INFO  client.GrpcClientProtocolClient (GrpcClientProtocolClient.java:onNext(264)) - client-D9B31DDCE961->18b22b39-7551-46dd-8464-dd74933c4739: receive RaftClientReply:client-D9B31DDCE961->18b22b39-7551-46dd-8464-dd74933c4739@group-597320EF17B3, cid=1820, SUCCESS, logIndex=2582, commits[18b22b39-7551-46dd-8464-dd74933c4739:c2583, 76d6a15c-8eeb-4764-b555-ce8767d18d57:c2580, c90dcfdf-5973-4b56-a955-1fc4555f10cb:c2580]
2019-09-19 11:26:14,316 [grpc-default-executor-7] INFO  client.GrpcClientProtocolClient (GrpcClientProtocolClient.java:onNext(264)) - client-D9B31DDCE961->18b22b39-7551-46dd-8464-dd74933c4739: receive RaftClientReply:client-D9B31DDCE961->18b22b39-7551-46dd-8464-dd74933c4739@group-597320EF17B3, cid=1821, SUCCESS, logIndex=2583, commits[18b22b39-7551-46dd-8464-dd74933c4739:c2583, 76d6a15c-8eeb-4764-b555-ce8767d18d57:c2580, c90dcfdf-5973-4b56-a955-1fc4555f10cb:c2580]
2019-09-19 11:26:14,329 [grpc-default-executor-7] INFO  client.GrpcClientProtocolClient (GrpcClientProtocolClient.java:onNext(264)) - client-D9B31DDCE961->18b22b39-7551-46dd-8464-dd74933c4739: receive RaftClientReply:client-D9B31DDCE961->18b22b39-7551-46dd-8464-dd74933c4739@group-597320EF17B3, cid=1822, SUCCESS, logIndex=0, commits[18b22b39-7551-46dd-8464-dd74933c4739:c2584, 76d6a15c-8eeb-4764-b555-ce8767d18d57:c2583, c90dcfdf-5973-4b56-a955-1fc4555f10cb:c2583]
2019-09-19 11:26:14,370 [grpc-default-executor-1] INFO  client.GrpcClientProtocolClient (GrpcClientProtocolClient.java:onNext(264)) - client-D9B31DDCE961->18b22b39-7551-46dd-8464-dd74933c4739: receive RaftClientReply:client-D9B31DDCE961->18b22b39-7551-46dd-8464-dd74933c4739@group-597320EF17B3, cid=1823, SUCCESS, logIndex=2586, commits[18b22b39-7551-46dd-8464-dd74933c4739:c2588, 76d6a15c-8eeb-4764-b555-ce8767d18d57:c2585, c90dcfdf-5973-4b56-a955-1fc4555f10cb:c2585]
2019-09-19 11:26:14,371 [grpc-default-executor-1] INFO  client.GrpcClientProtocolClient (GrpcClientProtocolClient.java:onNext(264)) - client-D9B31DDCE961->18b22b39-7551-46dd-8464-dd74933c4739: receive RaftClientReply:client-D9B31DDCE961->18b22b39-7551-46dd-8464-dd74933c4739@group-597320EF17B3, cid=1824, SUCCESS, logIndex=2587, commits[18b22b39-7551-46dd-8464-dd74933c4739:c2589, 76d6a15c-8eeb-4764-b555-ce8767d18d57:c2585, c90dcfdf-5973-4b56-a955-1fc4555f10cb:c2585]
2019-09-19 11:26:14,371 [grpc-default-executor-1] INFO  client.GrpcClientProtocolClient (GrpcClientProtocolClient.java:onNext(264)) - client-D9B31DDCE961->18b22b39-7551-46dd-8464-dd74933c4739: receive RaftClientReply:client-D9B31DDCE961->18b22b39-7551-46dd-8464-dd74933c4739@group-597320EF17B3, cid=1825, SUCCESS, logIndex=2588, commits[18b22b39-7551-46dd-8464-dd74933c4739:c2589, 76d6a15c-8eeb-4764-b555-ce8767d18d57:c2585, c90dcfdf-5973-4b56-a955-1fc4555f10cb:c2585]
2019-09-19 11:26:14,371 [grpc-default-executor-1] INFO  client.GrpcClientProtocolClient (GrpcClientProtocolClient.java:onNext(264)) - client-D9B31DDCE961->18b22b39-7551-46dd-8464-dd74933c4739: receive RaftClientReply:client-D9B31DDCE961->18b22b39-7551-46dd-8464-dd74933c4739@group-597320EF17B3, cid=1826, SUCCESS, logIndex=2589, commits[18b22b39-7551-46dd-8464-dd74933c4739:c2589, 76d6a15c-8eeb-4764-b555-ce8767d18d57:c2585, c90dcfdf-5973-4b56-a955-1fc4555f10cb:c2585]
2019-09-19 11:26:14,376 [grpc-default-executor-1] INFO  client.GrpcClientProtocolClient (GrpcClientProtocolClient.java:onNext(264)) - client-D9B31DDCE961->18b22b39-7551-46dd-8464-dd74933c4739: receive RaftClientReply:client-D9B31DDCE961->18b22b39-7551-46dd-8464-dd74933c4739@group-597320EF17B3, cid=1827, SUCCESS, logIndex=0, commits[18b22b39-7551-46dd-8464-dd74933c4739:c2593, 76d6a15c-8eeb-4764-b555-ce8767d18d57:c2589, c90dcfdf-5973-4b56-a955-1fc4555f10cb:c2587]
2019-09-19 11:26:14,395 [grpc-default-executor-1] INFO  client.GrpcClientProtocolClient (GrpcClientProtocolClient.java:onNext(264)) - client-D9B31DDCE961->18b22b39-7551-46dd-8464-dd74933c4739: receive RaftClientReply:client-D9B31DDCE961->18b22b39-7551-46dd-8464-dd74933c4739@group-597320EF17B3, cid=1828, SUCCESS, logIndex=2594, commits[18b22b39-7551-46dd-8464-dd74933c4739:c2595, 76d6a15c-8eeb-4764-b555-ce8767d18d57:c2593, c90dcfdf-5973-4b56-a955-1fc4555f10cb:c2593]
2019-09-19 11:26:14,396 [grpc-default-executor-1] INFO  client.GrpcClientProtocolClient (GrpcClientProtocolClient.java:onNext(264)) - client-D9B31DDCE961->18b22b39-7551-46dd-8464-dd74933c4739: receive RaftClientReply:client-D9B31DDCE961->18b22b39-7551-46dd-8464-dd74933c4739@group-597320EF17B3, cid=1829, SUCCESS, logIndex=2595, commits[18b22b39-7551-46dd-8464-dd74933c4739:c2595, 76d6a15c-8eeb-4764-b555-ce8767d18d57:c2593, c90dcfdf-5973-4b56-a955-1fc4555f10cb:c2593]
2019-09-19 11:26:14,419 [grpc-default-executor-5] INFO  client.GrpcClientProtocolClient (GrpcClientProtocolClient.java:onNext(264)) - client-D9B31DDCE961->18b22b39-7551-46dd-8464-dd74933c4739: receive RaftClientReply:client-D9B31DDCE961->18b22b39-7551-46dd-8464-dd74933c4739@group-597320EF17B3, cid=1830, SUCCESS, logIndex=2598, commits[18b22b39-7551-46dd-8464-dd74933c4739:c2599, 76d6a15c-8eeb-4764-b555-ce8767d18d57:c2596, c90dcfdf-5973-4b56-a955-1fc4555f10cb:c2596]
2019-09-19 11:26:14,419 [grpc-default-executor-5] INFO  client.GrpcClientProtocolClient (GrpcClientProtocolClient.java:onNext(264)) - client-D9B31DDCE961->18b22b39-7551-46dd-8464-dd74933c4739: receive RaftClientReply:client-D9B31DDCE961->18b22b39-7551-46dd-8464-dd74933c4739@group-597320EF17B3, cid=1831, SUCCESS, logIndex=2599, commits[18b22b39-7551-46dd-8464-dd74933c4739:c2599, 76d6a15c-8eeb-4764-b555-ce8767d18d57:c2596, c90dcfdf-5973-4b56-a955-1fc4555f10cb:c2596]
2019-09-19 11:26:14,430 [grpc-default-executor-5] INFO  client.GrpcClientProtocolClient (GrpcClientProtocolClient.java:onNext(264)) - client-D9B31DDCE961->18b22b39-7551-46dd-8464-dd74933c4739: receive RaftClientReply:client-D9B31DDCE961->18b22b39-7551-46dd-8464-dd74933c4739@group-597320EF17B3, cid=1832, SUCCESS, logIndex=0, commits[18b22b39-7551-46dd-8464-dd74933c4739:c2600, 76d6a15c-8eeb-4764-b555-ce8767d18d57:c2599, c90dcfdf-5973-4b56-a955-1fc4555f10cb:c2599]
2019-09-19 11:26:14,461 [grpc-default-executor-1] INFO  client.GrpcClientProtocolClient (GrpcClientProtocolClient.java:onNext(264)) - client-D9B31DDCE961->18b22b39-7551-46dd-8464-dd74933c4739: receive RaftClientReply:client-D9B31DDCE961->18b22b39-7551-46dd-8464-dd74933c4739@group-597320EF17B3, cid=1833, SUCCESS, logIndex=2602, commits[18b22b39-7551-46dd-8464-dd74933c4739:c2603, 76d6a15c-8eeb-4764-b555-ce8767d18d57:c2601, c90dcfdf-5973-4b56-a955-1fc4555f10cb:c2599]
2019-09-19 11:26:14,461 [grpc-default-executor-1] INFO  client.GrpcClientProtocolClient (GrpcClientProtocolClient.java:onNext(264)) - client-D9B31DDCE961->18b22b39-7551-46dd-8464-dd74933c4739: receive RaftClientReply:client-D9B31DDCE961->18b22b39-7551-46dd-8464-dd74933c4739@group-597320EF17B3, cid=1834, SUCCESS, logIndex=2603, commits[18b22b39-7551-46dd-8464-dd74933c4739:c2603, 76d6a15c-8eeb-4764-b555-ce8767d18d57:c2601, c90dcfdf-5973-4b56-a955-1fc4555f10cb:c2601]
2019-09-19 11:26:14,473 [grpc-default-executor-7] INFO  client.GrpcClientProtocolClient (GrpcClientProtocolClient.java:onNext(264)) - client-D9B31DDCE961->18b22b39-7551-46dd-8464-dd74933c4739: receive RaftClientReply:client-D9B31DDCE961->18b22b39-7551-46dd-8464-dd74933c4739@group-597320EF17B3, cid=1835, SUCCESS, logIndex=2604, commits[18b22b39-7551-46dd-8464-dd74933c4739:c2605, 76d6a15c-8eeb-4764-b555-ce8767d18d57:c2601, c90dcfdf-5973-4b56-a955-1fc4555f10cb:c2601]
2019-09-19 11:26:14,474 [grpc-default-executor-7] INFO  client.GrpcClientProtocolClient (GrpcClientProtocolClient.java:onNext(264)) - client-D9B31DDCE961->18b22b39-7551-46dd-8464-dd74933c4739: receive RaftClientReply:client-D9B31DDCE961->18b22b39-7551-46dd-8464-dd74933c4739@group-597320EF17B3, cid=1836, SUCCESS, logIndex=2605, commits[18b22b39-7551-46dd-8464-dd74933c4739:c2605, 76d6a15c-8eeb-4764-b555-ce8767d18d57:c2601, c90dcfdf-5973-4b56-a955-1fc4555f10cb:c2601]
2019-09-19 11:26:14,486 [grpc-default-executor-7] INFO  client.GrpcClientProtocolClient (GrpcClientProtocolClient.java:onNext(264)) - client-D9B31DDCE961->18b22b39-7551-46dd-8464-dd74933c4739: receive RaftClientReply:client-D9B31DDCE961->18b22b39-7551-46dd-8464-dd74933c4739@group-597320EF17B3, cid=1837, SUCCESS, logIndex=0, commits[18b22b39-7551-46dd-8464-dd74933c4739:c2607, 76d6a15c-8eeb-4764-b555-ce8767d18d57:c2603, c90dcfdf-5973-4b56-a955-1fc4555f10cb:c2603]
2019-09-19 11:26:14,518 [grpc-default-executor-5] INFO  client.GrpcClientProtocolClient (GrpcClientProtocolClient.java:onNext(264)) - client-D9B31DDCE961->18b22b39-7551-46dd-8464-dd74933c4739: receive RaftClientReply:client-D9B31DDCE961->18b22b39-7551-46dd-8464-dd74933c4739@group-597320EF17B3, cid=1838, SUCCESS, logIndex=2610, commits[18b22b39-7551-46dd-8464-dd74933c4739:c2611, 76d6a15c-8eeb-4764-b555-ce8767d18d57:c2607, c90dcfdf-5973-4b56-a955-1fc4555f10cb:c2607]
2019-09-19 11:26:14,518 [grpc-default-executor-5] INFO  client.GrpcClientProtocolClient (GrpcClientProtocolClient.java:onNext(264)) - client-D9B31DDCE961->18b22b39-7551-46dd-8464-dd74933c4739: receive RaftClientReply:client-D9B31DDCE961->18b22b39-7551-46dd-8464-dd74933c4739@group-597320EF17B3, cid=1839, SUCCESS, logIndex=2611, commits[18b22b39-7551-46dd-8464-dd74933c4739:c2611, 76d6a15c-8eeb-4764-b555-ce8767d18d57:c2607, c90dcfdf-5973-4b56-a955-1fc4555f10cb:c2607]
2019-09-19 11:26:14,541 [grpc-default-executor-1] INFO  client.GrpcClientProtocolClient (GrpcClientProtocolClient.java:onNext(264)) - client-D9B31DDCE961->18b22b39-7551-46dd-8464-dd74933c4739: receive RaftClientReply:client-D9B31DDCE961->18b22b39-7551-46dd-8464-dd74933c4739@group-597320EF17B3, cid=1840, SUCCESS, logIndex=2614, commits[18b22b39-7551-46dd-8464-dd74933c4739:c2615, 76d6a15c-8eeb-4764-b555-ce8767d18d57:c2611, c90dcfdf-5973-4b56-a955-1fc4555f10cb:c2611]
2019-09-19 11:26:14,542 [grpc-default-executor-1] INFO  client.GrpcClientProtocolClient (GrpcClientProtocolClient.java:onNext(264)) - client-D9B31DDCE961->18b22b39-7551-46dd-8464-dd74933c4739: receive RaftClientReply:client-D9B31DDCE961->18b22b39-7551-46dd-8464-dd74933c4739@group-597320EF17B3, cid=1841, SUCCESS, logIndex=2615, commits[18b22b39-7551-46dd-8464-dd74933c4739:c2615, 76d6a15c-8eeb-4764-b555-ce8767d18d57:c2611, c90dcfdf-5973-4b56-a955-1fc4555f10cb:c2611]
2019-09-19 11:26:14,558 [grpc-default-executor-5] INFO  client.GrpcClientProtocolClient (GrpcClientProtocolClient.java:onNext(264)) - client-D9B31DDCE961->18b22b39-7551-46dd-8464-dd74933c4739: receive RaftClientReply:client-D9B31DDCE961->18b22b39-7551-46dd-8464-dd74933c4739@group-597320EF17B3, cid=1842, SUCCESS, logIndex=0, commits[18b22b39-7551-46dd-8464-dd74933c4739:c2617, 76d6a15c-8eeb-4764-b555-ce8767d18d57:c2615, c90dcfdf-5973-4b56-a955-1fc4555f10cb:c2615]
2019-09-19 11:26:14,585 [grpc-default-executor-5] INFO  client.GrpcClientProtocolClient (GrpcClientProtocolClient.java:onNext(264)) - client-D9B31DDCE961->18b22b39-7551-46dd-8464-dd74933c4739: receive RaftClientReply:client-D9B31DDCE961->18b22b39-7551-46dd-8464-dd74933c4739@group-597320EF17B3, cid=1843, SUCCESS, logIndex=2618, commits[18b22b39-7551-46dd-8464-dd74933c4739:c2621, 76d6a15c-8eeb-4764-b555-ce8767d18d57:c2617, c90dcfdf-5973-4b56-a955-1fc4555f10cb:c2617]
2019-09-19 11:26:14,586 [grpc-default-executor-5] INFO  client.GrpcClientProtocolClient (GrpcClientProtocolClient.java:onNext(264)) - client-D9B31DDCE961->18b22b39-7551-46dd-8464-dd74933c4739: receive RaftClientReply:client-D9B31DDCE961->18b22b39-7551-46dd-8464-dd74933c4739@group-597320EF17B3, cid=1844, SUCCESS, logIndex=2619, commits[18b22b39-7551-46dd-8464-dd74933c4739:c2621, 76d6a15c-8eeb-4764-b555-ce8767d18d57:c2617, c90dcfdf-5973-4b56-a955-1fc4555f10cb:c2617]
2019-09-19 11:26:14,586 [grpc-default-executor-5] INFO  client.GrpcClientProtocolClient (GrpcClientProtocolClient.java:onNext(264)) - client-D9B31DDCE961->18b22b39-7551-46dd-8464-dd74933c4739: receive RaftClientReply:client-D9B31DDCE961->18b22b39-7551-46dd-8464-dd74933c4739@group-597320EF17B3, cid=1845, SUCCESS, logIndex=2620, commits[18b22b39-7551-46dd-8464-dd74933c4739:c2621, 76d6a15c-8eeb-4764-b555-ce8767d18d57:c2617, c90dcfdf-5973-4b56-a955-1fc4555f10cb:c2617]
2019-09-19 11:26:14,587 [grpc-default-executor-5] INFO  client.GrpcClientProtocolClient (GrpcClientProtocolClient.java:onNext(264)) - client-D9B31DDCE961->18b22b39-7551-46dd-8464-dd74933c4739: receive RaftClientReply:client-D9B31DDCE961->18b22b39-7551-46dd-8464-dd74933c4739@group-597320EF17B3, cid=1846, SUCCESS, logIndex=2621, commits[18b22b39-7551-46dd-8464-dd74933c4739:c2621, 76d6a15c-8eeb-4764-b555-ce8767d18d57:c2617, c90dcfdf-5973-4b56-a955-1fc4555f10cb:c2617]
2019-09-19 11:26:14,589 [grpc-default-executor-5] INFO  client.GrpcClientProtocolClient (GrpcClientProtocolClient.java:onNext(264)) - client-D9B31DDCE961->18b22b39-7551-46dd-8464-dd74933c4739: receive RaftClientReply:client-D9B31DDCE961->18b22b39-7551-46dd-8464-dd74933c4739@group-597320EF17B3, cid=1847, SUCCESS, logIndex=0, commits[18b22b39-7551-46dd-8464-dd74933c4739:c2622, 76d6a15c-8eeb-4764-b555-ce8767d18d57:c2621, c90dcfdf-5973-4b56-a955-1fc4555f10cb:c2621]
2019-09-19 11:26:14,602 [grpc-default-executor-7] INFO  client.GrpcClientProtocolClient (GrpcClientProtocolClient.java:onNext(264)) - client-D9B31DDCE961->18b22b39-7551-46dd-8464-dd74933c4739: receive RaftClientReply:client-D9B31DDCE961->18b22b39-7551-46dd-8464-dd74933c4739@group-597320EF17B3, cid=1848, SUCCESS, logIndex=2624, commits[18b22b39-7551-46dd-8464-dd74933c4739:c2625, 76d6a15c-8eeb-4764-b555-ce8767d18d57:c2621, c90dcfdf-5973-4b56-a955-1fc4555f10cb:c2623]
2019-09-19 11:26:14,602 [grpc-default-executor-7] INFO  client.GrpcClientProtocolClient (GrpcClientProtocolClient.java:onNext(264)) - client-D9B31DDCE961->18b22b39-7551-46dd-8464-dd74933c4739: receive RaftClientReply:client-D9B31DDCE961->18b22b39-7551-46dd-8464-dd74933c4739@group-597320EF17B3, cid=1849, SUCCESS, logIndex=2625, commits[18b22b39-7551-46dd-8464-dd74933c4739:c2625, 76d6a15c-8eeb-4764-b555-ce8767d18d57:c2623, c90dcfdf-5973-4b56-a955-1fc4555f10cb:c2623]
2019-09-19 11:26:14,629 [grpc-default-executor-7] INFO  client.GrpcClientProtocolClient (GrpcClientProtocolClient.java:onNext(264)) - client-D9B31DDCE961->18b22b39-7551-46dd-8464-dd74933c4739: receive RaftClientReply:client-D9B31DDCE961->18b22b39-7551-46dd-8464-dd74933c4739@group-597320EF17B3, cid=1850, SUCCESS, logIndex=2628, commits[18b22b39-7551-46dd-8464-dd74933c4739:c2629, 76d6a15c-8eeb-4764-b555-ce8767d18d57:c2627, c90dcfdf-5973-4b56-a955-1fc4555f10cb:c2627]
2019-09-19 11:26:14,629 [grpc-default-executor-7] INFO  client.GrpcClientProtocolClient (GrpcClientProtocolClient.java:onNext(264)) - client-D9B31DDCE961->18b22b39-7551-46dd-8464-dd74933c4739: receive RaftClientReply:client-D9B31DDCE961->18b22b39-7551-46dd-8464-dd74933c4739@group-597320EF17B3, cid=1851, SUCCESS, logIndex=2629, commits[18b22b39-7551-46dd-8464-dd74933c4739:c2629, 76d6a15c-8eeb-4764-b555-ce8767d18d57:c2627, c90dcfdf-5973-4b56-a955-1fc4555f10cb:c2627]
2019-09-19 11:26:14,641 [grpc-default-executor-7] INFO  client.GrpcClientProtocolClient (GrpcClientProtocolClient.java:onNext(264)) - client-D9B31DDCE961->18b22b39-7551-46dd-8464-dd74933c4739: receive RaftClientReply:client-D9B31DDCE961->18b22b39-7551-46dd-8464-dd74933c4739@group-597320EF17B3, cid=1852, SUCCESS, logIndex=0, commits[18b22b39-7551-46dd-8464-dd74933c4739:c2630, 76d6a15c-8eeb-4764-b555-ce8767d18d57:c2629, c90dcfdf-5973-4b56-a955-1fc4555f10cb:c2629]
2019-09-19 11:26:14,671 [grpc-default-executor-7] INFO  client.GrpcClientProtocolClient (GrpcClientProtocolClient.java:onNext(264)) - client-D9B31DDCE961->18b22b39-7551-46dd-8464-dd74933c4739: receive RaftClientReply:client-D9B31DDCE961->18b22b39-7551-46dd-8464-dd74933c4739@group-597320EF17B3, cid=1853, SUCCESS, logIndex=2632, commits[18b22b39-7551-46dd-8464-dd74933c4739:c2633, 76d6a15c-8eeb-4764-b555-ce8767d18d57:c2631, c90dcfdf-5973-4b56-a955-1fc4555f10cb:c2631]
2019-09-19 11:26:14,671 [grpc-default-executor-7] INFO  client.GrpcClientProtocolClient (GrpcClientProtocolClient.java:onNext(264)) - client-D9B31DDCE961->18b22b39-7551-46dd-8464-dd74933c4739: receive RaftClientReply:client-D9B31DDCE961->18b22b39-7551-46dd-8464-dd74933c4739@group-597320EF17B3, cid=1854, SUCCESS, logIndex=2633, commits[18b22b39-7551-46dd-8464-dd74933c4739:c2633, 76d6a15c-8eeb-4764-b555-ce8767d18d57:c2631, c90dcfdf-5973-4b56-a955-1fc4555f10cb:c2631]
2019-09-19 11:26:14,683 [grpc-default-executor-7] INFO  client.GrpcClientProtocolClient (GrpcClientProtocolClient.java:onNext(264)) - client-D9B31DDCE961->18b22b39-7551-46dd-8464-dd74933c4739: receive RaftClientReply:client-D9B31DDCE961->18b22b39-7551-46dd-8464-dd74933c4739@group-597320EF17B3, cid=1855, SUCCESS, logIndex=2634, commits[18b22b39-7551-46dd-8464-dd74933c4739:c2635, 76d6a15c-8eeb-4764-b555-ce8767d18d57:c2631, c90dcfdf-5973-4b56-a955-1fc4555f10cb:c2631]
2019-09-19 11:26:14,683 [grpc-default-executor-7] INFO  client.GrpcClientProtocolClient (GrpcClientProtocolClient.java:onNext(264)) - client-D9B31DDCE961->18b22b39-7551-46dd-8464-dd74933c4739: receive RaftClientReply:client-D9B31DDCE961->18b22b39-7551-46dd-8464-dd74933c4739@group-597320EF17B3, cid=1856, SUCCESS, logIndex=2635, commits[18b22b39-7551-46dd-8464-dd74933c4739:c2635, 76d6a15c-8eeb-4764-b555-ce8767d18d57:c2631, c90dcfdf-5973-4b56-a955-1fc4555f10cb:c2631]
2019-09-19 11:26:14,684 [grpc-default-executor-5] INFO  client.GrpcClientProtocolClient (GrpcClientProtocolClient.java:onNext(264)) - client-D9B31DDCE961->18b22b39-7551-46dd-8464-dd74933c4739: receive RaftClientReply:client-D9B31DDCE961->18b22b39-7551-46dd-8464-dd74933c4739@group-597320EF17B3, cid=1857, SUCCESS, logIndex=0, commits[18b22b39-7551-46dd-8464-dd74933c4739:c2639, 76d6a15c-8eeb-4764-b555-ce8767d18d57:c2635, c90dcfdf-5973-4b56-a955-1fc4555f10cb:c2635]
2019-09-19 11:26:14,707 [grpc-default-executor-5] INFO  client.GrpcClientProtocolClient (GrpcClientProtocolClient.java:onNext(264)) - client-D9B31DDCE961->18b22b39-7551-46dd-8464-dd74933c4739: receive RaftClientReply:client-D9B31DDCE961->18b22b39-7551-46dd-8464-dd74933c4739@group-597320EF17B3, cid=1858, SUCCESS, logIndex=2640, commits[18b22b39-7551-46dd-8464-dd74933c4739:c2641, 76d6a15c-8eeb-4764-b555-ce8767d18d57:c2639, c90dcfdf-5973-4b56-a955-1fc4555f10cb:c2639]
2019-09-19 11:26:14,707 [grpc-default-executor-5] INFO  client.GrpcClientProtocolClient (GrpcClientProtocolClient.java:onNext(264)) - client-D9B31DDCE961->18b22b39-7551-46dd-8464-dd74933c4739: receive RaftClientReply:client-D9B31DDCE961->18b22b39-7551-46dd-8464-dd74933c4739@group-597320EF17B3, cid=1859, SUCCESS, logIndex=2641, commits[18b22b39-7551-46dd-8464-dd74933c4739:c2641, 76d6a15c-8eeb-4764-b555-ce8767d18d57:c2639, c90dcfdf-5973-4b56-a955-1fc4555f10cb:c2639]
2019-09-19 11:26:14,863 [grpc-default-executor-5] INFO  client.GrpcClientProtocolClient (GrpcClientProtocolClient.java:onNext(264)) - client-D9B31DDCE961->18b22b39-7551-46dd-8464-dd74933c4739: receive RaftClientReply:client-D9B31DDCE961->18b22b39-7551-46dd-8464-dd74933c4739@group-597320EF17B3, cid=1860, SUCCESS, logIndex=2644, commits[18b22b39-7551-46dd-8464-dd74933c4739:c2645, 76d6a15c-8eeb-4764-b555-ce8767d18d57:c2642, c90dcfdf-5973-4b56-a955-1fc4555f10cb:c2642]
2019-09-19 11:26:14,863 [grpc-default-executor-5] INFO  client.GrpcClientProtocolClient (GrpcClientProtocolClient.java:onNext(264)) - client-D9B31DDCE961->18b22b39-7551-46dd-8464-dd74933c4739: receive RaftClientReply:client-D9B31DDCE961->18b22b39-7551-46dd-8464-dd74933c4739@group-597320EF17B3, cid=1861, SUCCESS, logIndex=2645, commits[18b22b39-7551-46dd-8464-dd74933c4739:c2645, 76d6a15c-8eeb-4764-b555-ce8767d18d57:c2642, c90dcfdf-5973-4b56-a955-1fc4555f10cb:c2642]
2019-09-19 11:26:14,890 [grpc-default-executor-5] INFO  client.GrpcClientProtocolClient (GrpcClientProtocolClient.java:onNext(264)) - client-D9B31DDCE961->18b22b39-7551-46dd-8464-dd74933c4739: receive RaftClientReply:client-D9B31DDCE961->18b22b39-7551-46dd-8464-dd74933c4739@group-597320EF17B3, cid=1862, SUCCESS, logIndex=0, commits[18b22b39-7551-46dd-8464-dd74933c4739:c2646, 76d6a15c-8eeb-4764-b555-ce8767d18d57:c2645, c90dcfdf-5973-4b56-a955-1fc4555f10cb:c2645]
2019-09-19 11:26:14,920 [grpc-default-executor-1] INFO  client.GrpcClientProtocolClient (GrpcClientProtocolClient.java:onNext(264)) - client-D9B31DDCE961->18b22b39-7551-46dd-8464-dd74933c4739: receive RaftClientReply:client-D9B31DDCE961->18b22b39-7551-46dd-8464-dd74933c4739@group-597320EF17B3, cid=1863, SUCCESS, logIndex=2648, commits[18b22b39-7551-46dd-8464-dd74933c4739:c2648, 76d6a15c-8eeb-4764-b555-ce8767d18d57:c2647, c90dcfdf-5973-4b56-a955-1fc4555f10cb:c2647]
2019-09-19 11:26:14,930 [grpc-default-executor-1] INFO  client.GrpcClientProtocolClient (GrpcClientProtocolClient.java:onNext(264)) - client-D9B31DDCE961->18b22b39-7551-46dd-8464-dd74933c4739: receive RaftClientReply:client-D9B31DDCE961->18b22b39-7551-46dd-8464-dd74933c4739@group-597320EF17B3, cid=1864, SUCCESS, logIndex=2649, commits[18b22b39-7551-46dd-8464-dd74933c4739:c2649, 76d6a15c-8eeb-4764-b555-ce8767d18d57:c2647, c90dcfdf-5973-4b56-a955-1fc4555f10cb:c2647]
2019-09-19 11:26:14,932 [grpc-default-executor-1] INFO  client.GrpcClientProtocolClient (GrpcClientProtocolClient.java:onNext(264)) - client-D9B31DDCE961->18b22b39-7551-46dd-8464-dd74933c4739: receive RaftClientReply:client-D9B31DDCE961->18b22b39-7551-46dd-8464-dd74933c4739@group-597320EF17B3, cid=1865, SUCCESS, logIndex=2650, commits[18b22b39-7551-46dd-8464-dd74933c4739:c2651, 76d6a15c-8eeb-4764-b555-ce8767d18d57:c2647, c90dcfdf-5973-4b56-a955-1fc4555f10cb:c2647]
2019-09-19 11:26:14,932 [grpc-default-executor-1] INFO  client.GrpcClientProtocolClient (GrpcClientProtocolClient.java:onNext(264)) - client-D9B31DDCE961->18b22b39-7551-46dd-8464-dd74933c4739: receive RaftClientReply:client-D9B31DDCE961->18b22b39-7551-46dd-8464-dd74933c4739@group-597320EF17B3, cid=1866, SUCCESS, logIndex=2651, commits[18b22b39-7551-46dd-8464-dd74933c4739:c2651, 76d6a15c-8eeb-4764-b555-ce8767d18d57:c2647, c90dcfdf-5973-4b56-a955-1fc4555f10cb:c2647]
2019-09-19 11:26:14,945 [grpc-default-executor-1] INFO  client.GrpcClientProtocolClient (GrpcClientProtocolClient.java:onNext(264)) - client-D9B31DDCE961->18b22b39-7551-46dd-8464-dd74933c4739: receive RaftClientReply:client-D9B31DDCE961->18b22b39-7551-46dd-8464-dd74933c4739@group-597320EF17B3, cid=1867, SUCCESS, logIndex=0, commits[18b22b39-7551-46dd-8464-dd74933c4739:c2652, 76d6a15c-8eeb-4764-b555-ce8767d18d57:c2649, c90dcfdf-5973-4b56-a955-1fc4555f10cb:c2649]
2019-09-19 11:26:14,974 [grpc-default-executor-1] INFO  client.GrpcClientProtocolClient (GrpcClientProtocolClient.java:onNext(264)) - client-D9B31DDCE961->18b22b39-7551-46dd-8464-dd74933c4739: receive RaftClientReply:client-D9B31DDCE961->18b22b39-7551-46dd-8464-dd74933c4739@group-597320EF17B3, cid=1868, SUCCESS, logIndex=2656, commits[18b22b39-7551-46dd-8464-dd74933c4739:c2657, 76d6a15c-8eeb-4764-b555-ce8767d18d57:c2652, c90dcfdf-5973-4b56-a955-1fc4555f10cb:c2652]
2019-09-19 11:26:14,975 [grpc-default-executor-1] INFO  client.GrpcClientProtocolClient (GrpcClientProtocolClient.java:onNext(264)) - client-D9B31DDCE961->18b22b39-7551-46dd-8464-dd74933c4739: receive RaftClientReply:client-D9B31DDCE961->18b22b39-7551-46dd-8464-dd74933c4739@group-597320EF17B3, cid=1869, SUCCESS, logIndex=2657, commits[18b22b39-7551-46dd-8464-dd74933c4739:c2657, 76d6a15c-8eeb-4764-b555-ce8767d18d57:c2652, c90dcfdf-5973-4b56-a955-1fc4555f10cb:c2652]
2019-09-19 11:26:15,001 [grpc-default-executor-5] INFO  client.GrpcClientProtocolClient (GrpcClientProtocolClient.java:onNext(264)) - client-D9B31DDCE961->18b22b39-7551-46dd-8464-dd74933c4739: receive RaftClientReply:client-D9B31DDCE961->18b22b39-7551-46dd-8464-dd74933c4739@group-597320EF17B3, cid=1870, SUCCESS, logIndex=2660, commits[18b22b39-7551-46dd-8464-dd74933c4739:c2661, 76d6a15c-8eeb-4764-b555-ce8767d18d57:c2657, c90dcfdf-5973-4b56-a955-1fc4555f10cb:c2657]
2019-09-19 11:26:15,001 [grpc-default-executor-5] INFO  client.GrpcClientProtocolClient (GrpcClientProtocolClient.java:onNext(264)) - client-D9B31DDCE961->18b22b39-7551-46dd-8464-dd74933c4739: receive RaftClientReply:client-D9B31DDCE961->18b22b39-7551-46dd-8464-dd74933c4739@group-597320EF17B3, cid=1871, SUCCESS, logIndex=2661, commits[18b22b39-7551-46dd-8464-dd74933c4739:c2661, 76d6a15c-8eeb-4764-b555-ce8767d18d57:c2657, c90dcfdf-5973-4b56-a955-1fc4555f10cb:c2657]
2019-09-19 11:26:15,012 [grpc-default-executor-1] INFO  client.GrpcClientProtocolClient (GrpcClientProtocolClient.java:onNext(264)) - client-D9B31DDCE961->18b22b39-7551-46dd-8464-dd74933c4739: receive RaftClientReply:client-D9B31DDCE961->18b22b39-7551-46dd-8464-dd74933c4739@group-597320EF17B3, cid=1872, SUCCESS, logIndex=0, commits[18b22b39-7551-46dd-8464-dd74933c4739:c2661, 76d6a15c-8eeb-4764-b555-ce8767d18d57:c2661, c90dcfdf-5973-4b56-a955-1fc4555f10cb:c2661]
2019-09-19 11:26:15,032 [grpc-default-executor-3] INFO  client.GrpcClientProtocolClient (GrpcClientProtocolClient.java:onNext(264)) - client-D9B31DDCE961->18b22b39-7551-46dd-8464-dd74933c4739: receive RaftClientReply:client-D9B31DDCE961->18b22b39-7551-46dd-8464-dd74933c4739@group-597320EF17B3, cid=1873, SUCCESS, logIndex=2664, commits[18b22b39-7551-46dd-8464-dd74933c4739:c2666, 76d6a15c-8eeb-4764-b555-ce8767d18d57:c2661, c90dcfdf-5973-4b56-a955-1fc4555f10cb:c2663]
2019-09-19 11:26:15,032 [grpc-default-executor-3] INFO  client.GrpcClientProtocolClient (GrpcClientProtocolClient.java:onNext(264)) - client-D9B31DDCE961->18b22b39-7551-46dd-8464-dd74933c4739: receive RaftClientReply:client-D9B31DDCE961->18b22b39-7551-46dd-8464-dd74933c4739@group-597320EF17B3, cid=1874, SUCCESS, logIndex=2665, commits[18b22b39-7551-46dd-8464-dd74933c4739:c2667, 76d6a15c-8eeb-4764-b555-ce8767d18d57:c2661, c90dcfdf-5973-4b56-a955-1fc4555f10cb:c2663]
2019-09-19 11:26:15,033 [grpc-default-executor-3] INFO  client.GrpcClientProtocolClient (GrpcClientProtocolClient.java:onNext(264)) - client-D9B31DDCE961->18b22b39-7551-46dd-8464-dd74933c4739: receive RaftClientReply:client-D9B31DDCE961->18b22b39-7551-46dd-8464-dd74933c4739@group-597320EF17B3, cid=1875, SUCCESS, logIndex=2666, commits[18b22b39-7551-46dd-8464-dd74933c4739:c2668, 76d6a15c-8eeb-4764-b555-ce8767d18d57:c2663, c90dcfdf-5973-4b56-a955-1fc4555f10cb:c2664]
2019-09-19 11:26:15,033 [grpc-default-executor-3] INFO  client.GrpcClientProtocolClient (GrpcClientProtocolClient.java:onNext(264)) - client-D9B31DDCE961->18b22b39-7551-46dd-8464-dd74933c4739: receive RaftClientReply:client-D9B31DDCE961->18b22b39-7551-46dd-8464-dd74933c4739@group-597320EF17B3, cid=1876, SUCCESS, logIndex=2667, commits[18b22b39-7551-46dd-8464-dd74933c4739:c2668, 76d6a15c-8eeb-4764-b555-ce8767d18d57:c2663, c90dcfdf-5973-4b56-a955-1fc4555f10cb:c2664]
2019-09-19 11:26:15,036 [grpc-default-executor-3] INFO  client.GrpcClientProtocolClient (GrpcClientProtocolClient.java:onNext(264)) - client-D9B31DDCE961->18b22b39-7551-46dd-8464-dd74933c4739: receive RaftClientReply:client-D9B31DDCE961->18b22b39-7551-46dd-8464-dd74933c4739@group-597320EF17B3, cid=1877, SUCCESS, logIndex=0, commits[18b22b39-7551-46dd-8464-dd74933c4739:c2669, 76d6a15c-8eeb-4764-b555-ce8767d18d57:c2665, c90dcfdf-5973-4b56-a955-1fc4555f10cb:c2665]
2019-09-19 11:26:15,045 [grpc-default-executor-5] INFO  client.GrpcClientProtocolClient (GrpcClientProtocolClient.java:onNext(264)) - client-D9B31DDCE961->18b22b39-7551-46dd-8464-dd74933c4739: receive RaftClientReply:client-D9B31DDCE961->18b22b39-7551-46dd-8464-dd74933c4739@group-597320EF17B3, cid=1878, SUCCESS, logIndex=2672, commits[18b22b39-7551-46dd-8464-dd74933c4739:c2673, 76d6a15c-8eeb-4764-b555-ce8767d18d57:c2667, c90dcfdf-5973-4b56-a955-1fc4555f10cb:c2671]
2019-09-19 11:26:15,045 [grpc-default-executor-5] INFO  client.GrpcClientProtocolClient (GrpcClientProtocolClient.java:onNext(264)) - client-D9B31DDCE961->18b22b39-7551-46dd-8464-dd74933c4739: receive RaftClientReply:client-D9B31DDCE961->18b22b39-7551-46dd-8464-dd74933c4739@group-597320EF17B3, cid=1879, SUCCESS, logIndex=2673, commits[18b22b39-7551-46dd-8464-dd74933c4739:c2673, 76d6a15c-8eeb-4764-b555-ce8767d18d57:c2671, c90dcfdf-5973-4b56-a955-1fc4555f10cb:c2671]
2019-09-19 11:26:15,055 [grpc-default-executor-5] INFO  client.GrpcClientProtocolClient (GrpcClientProtocolClient.java:onNext(264)) - client-D9B31DDCE961->18b22b39-7551-46dd-8464-dd74933c4739: receive RaftClientReply:client-D9B31DDCE961->18b22b39-7551-46dd-8464-dd74933c4739@group-597320EF17B3, cid=1880, SUCCESS, logIndex=2676, commits[18b22b39-7551-46dd-8464-dd74933c4739:c2677, 76d6a15c-8eeb-4764-b555-ce8767d18d57:c2673, c90dcfdf-5973-4b56-a955-1fc4555f10cb:c2674]
2019-09-19 11:26:15,056 [grpc-default-executor-3] INFO  client.GrpcClientProtocolClient (GrpcClientProtocolClient.java:onNext(264)) - client-D9B31DDCE961->18b22b39-7551-46dd-8464-dd74933c4739: receive RaftClientReply:client-D9B31DDCE961->18b22b39-7551-46dd-8464-dd74933c4739@group-597320EF17B3, cid=1881, SUCCESS, logIndex=2677, commits[18b22b39-7551-46dd-8464-dd74933c4739:c2677, 76d6a15c-8eeb-4764-b555-ce8767d18d57:c2673, c90dcfdf-5973-4b56-a955-1fc4555f10cb:c2674]
2019-09-19 11:26:15,062 [grpc-default-executor-3] INFO  client.GrpcClientProtocolClient (GrpcClientProtocolClient.java:onNext(264)) - client-D9B31DDCE961->18b22b39-7551-46dd-8464-dd74933c4739: receive RaftClientReply:client-D9B31DDCE961->18b22b39-7551-46dd-8464-dd74933c4739@group-597320EF17B3, cid=1882, SUCCESS, logIndex=0, commits[18b22b39-7551-46dd-8464-dd74933c4739:c2679, 76d6a15c-8eeb-4764-b555-ce8767d18d57:c2677, c90dcfdf-5973-4b56-a955-1fc4555f10cb:c2677]
2019-09-19 11:26:15,079 [grpc-default-executor-3] INFO  client.GrpcClientProtocolClient (GrpcClientProtocolClient.java:onNext(264)) - client-D9B31DDCE961->18b22b39-7551-46dd-8464-dd74933c4739: receive RaftClientReply:client-D9B31DDCE961->18b22b39-7551-46dd-8464-dd74933c4739@group-597320EF17B3, cid=1883, SUCCESS, logIndex=2680, commits[18b22b39-7551-46dd-8464-dd74933c4739:c2683, 76d6a15c-8eeb-4764-b555-ce8767d18d57:c2679, c90dcfdf-5973-4b56-a955-1fc4555f10cb:c2677]
2019-09-19 11:26:15,080 [grpc-default-executor-3] INFO  client.GrpcClientProtocolClient (GrpcClientProtocolClient.java:onNext(264)) - client-D9B31DDCE961->18b22b39-7551-46dd-8464-dd74933c4739: receive RaftClientReply:client-D9B31DDCE961->18b22b39-7551-46dd-8464-dd74933c4739@group-597320EF17B3, cid=1884, SUCCESS, logIndex=2681, commits[18b22b39-7551-46dd-8464-dd74933c4739:c2683, 76d6a15c-8eeb-4764-b555-ce8767d18d57:c2679, c90dcfdf-5973-4b56-a955-1fc4555f10cb:c2679]
2019-09-19 11:26:15,080 [grpc-default-executor-3] INFO  client.GrpcClientProtocolClient (GrpcClientProtocolClient.java:onNext(264)) - client-D9B31DDCE961->18b22b39-7551-46dd-8464-dd74933c4739: receive RaftClientReply:client-D9B31DDCE961->18b22b39-7551-46dd-8464-dd74933c4739@group-597320EF17B3, cid=1885, SUCCESS, logIndex=2682, commits[18b22b39-7551-46dd-8464-dd74933c4739:c2683, 76d6a15c-8eeb-4764-b555-ce8767d18d57:c2679, c90dcfdf-5973-4b56-a955-1fc4555f10cb:c2679]
2019-09-19 11:26:15,080 [grpc-default-executor-3] INFO  client.GrpcClientProtocolClient (GrpcClientProtocolClient.java:onNext(264)) - client-D9B31DDCE961->18b22b39-7551-46dd-8464-dd74933c4739: receive RaftClientReply:client-D9B31DDCE961->18b22b39-7551-46dd-8464-dd74933c4739@group-597320EF17B3, cid=1886, SUCCESS, logIndex=2683, commits[18b22b39-7551-46dd-8464-dd74933c4739:c2683, 76d6a15c-8eeb-4764-b555-ce8767d18d57:c2679, c90dcfdf-5973-4b56-a955-1fc4555f10cb:c2679]
2019-09-19 11:26:15,081 [grpc-default-executor-3] INFO  client.GrpcClientProtocolClient (GrpcClientProtocolClient.java:onNext(264)) - client-D9B31DDCE961->18b22b39-7551-46dd-8464-dd74933c4739: receive RaftClientReply:client-D9B31DDCE961->18b22b39-7551-46dd-8464-dd74933c4739@group-597320EF17B3, cid=1887, SUCCESS, logIndex=0, commits[18b22b39-7551-46dd-8464-dd74933c4739:c2684, 76d6a15c-8eeb-4764-b555-ce8767d18d57:c2681, c90dcfdf-5973-4b56-a955-1fc4555f10cb:c2681]
2019-09-19 11:26:15,090 [grpc-default-executor-3] INFO  client.GrpcClientProtocolClient (GrpcClientProtocolClient.java:onNext(264)) - client-D9B31DDCE961->18b22b39-7551-46dd-8464-dd74933c4739: receive RaftClientReply:client-D9B31DDCE961->18b22b39-7551-46dd-8464-dd74933c4739@group-597320EF17B3, cid=1888, SUCCESS, logIndex=2687, commits[18b22b39-7551-46dd-8464-dd74933c4739:c2688, 76d6a15c-8eeb-4764-b555-ce8767d18d57:c2686, c90dcfdf-5973-4b56-a955-1fc4555f10cb:c2686]
2019-09-19 11:26:15,090 [grpc-default-executor-3] INFO  client.GrpcClientProtocolClient (GrpcClientProtocolClient.java:onNext(264)) - client-D9B31DDCE961->18b22b39-7551-46dd-8464-dd74933c4739: receive RaftClientReply:client-D9B31DDCE961->18b22b39-7551-46dd-8464-dd74933c4739@group-597320EF17B3, cid=1889, SUCCESS, logIndex=2688, commits[18b22b39-7551-46dd-8464-dd74933c4739:c2688, 76d6a15c-8eeb-4764-b555-ce8767d18d57:c2686, c90dcfdf-5973-4b56-a955-1fc4555f10cb:c2686]
2019-09-19 11:26:15,101 [grpc-default-executor-3] INFO  client.GrpcClientProtocolClient (GrpcClientProtocolClient.java:onNext(264)) - client-D9B31DDCE961->18b22b39-7551-46dd-8464-dd74933c4739: receive RaftClientReply:client-D9B31DDCE961->18b22b39-7551-46dd-8464-dd74933c4739@group-597320EF17B3, cid=1890, SUCCESS, logIndex=2691, commits[18b22b39-7551-46dd-8464-dd74933c4739:c2692, 76d6a15c-8eeb-4764-b555-ce8767d18d57:c2689, c90dcfdf-5973-4b56-a955-1fc4555f10cb:c2689]
2019-09-19 11:26:15,102 [grpc-default-executor-3] INFO  client.GrpcClientProtocolClient (GrpcClientProtocolClient.java:onNext(264)) - client-D9B31DDCE961->18b22b39-7551-46dd-8464-dd74933c4739: receive RaftClientReply:client-D9B31DDCE961->18b22b39-7551-46dd-8464-dd74933c4739@group-597320EF17B3, cid=1891, SUCCESS, logIndex=2692, commits[18b22b39-7551-46dd-8464-dd74933c4739:c2692, 76d6a15c-8eeb-4764-b555-ce8767d18d57:c2689, c90dcfdf-5973-4b56-a955-1fc4555f10cb:c2689]
2019-09-19 11:26:15,104 [grpc-default-executor-3] INFO  client.GrpcClientProtocolClient (GrpcClientProtocolClient.java:onNext(264)) - client-D9B31DDCE961->18b22b39-7551-46dd-8464-dd74933c4739: receive RaftClientReply:client-D9B31DDCE961->18b22b39-7551-46dd-8464-dd74933c4739@group-597320EF17B3, cid=1892, SUCCESS, logIndex=0, commits[18b22b39-7551-46dd-8464-dd74933c4739:c2693, 76d6a15c-8eeb-4764-b555-ce8767d18d57:c2692, c90dcfdf-5973-4b56-a955-1fc4555f10cb:c2692]
2019-09-19 11:26:15,134 [grpc-default-executor-5] INFO  client.GrpcClientProtocolClient (GrpcClientProtocolClient.java:onNext(264)) - client-D9B31DDCE961->18b22b39-7551-46dd-8464-dd74933c4739: receive RaftClientReply:client-D9B31DDCE961->18b22b39-7551-46dd-8464-dd74933c4739@group-597320EF17B3, cid=1893, SUCCESS, logIndex=2695, commits[18b22b39-7551-46dd-8464-dd74933c4739:c2697, 76d6a15c-8eeb-4764-b555-ce8767d18d57:c2694, c90dcfdf-5973-4b56-a955-1fc4555f10cb:c2694]
2019-09-19 11:26:15,134 [grpc-default-executor-5] INFO  client.GrpcClientProtocolClient (GrpcClientProtocolClient.java:onNext(264)) - client-D9B31DDCE961->18b22b39-7551-46dd-8464-dd74933c4739: receive RaftClientReply:client-D9B31DDCE961->18b22b39-7551-46dd-8464-dd74933c4739@group-597320EF17B3, cid=1894, SUCCESS, logIndex=2696, commits[18b22b39-7551-46dd-8464-dd74933c4739:c2698, 76d6a15c-8eeb-4764-b555-ce8767d18d57:c2694, c90dcfdf-5973-4b56-a955-1fc4555f10cb:c2694]
2019-09-19 11:26:15,134 [grpc-default-executor-5] INFO  client.GrpcClientProtocolClient (GrpcClientProtocolClient.java:onNext(264)) - client-D9B31DDCE961->18b22b39-7551-46dd-8464-dd74933c4739: receive RaftClientReply:client-D9B31DDCE961->18b22b39-7551-46dd-8464-dd74933c4739@group-597320EF17B3, cid=1895, SUCCESS, logIndex=2697, commits[18b22b39-7551-46dd-8464-dd74933c4739:c2698, 76d6a15c-8eeb-4764-b555-ce8767d18d57:c2694, c90dcfdf-5973-4b56-a955-1fc4555f10cb:c2694]
2019-09-19 11:26:15,134 [grpc-default-executor-5] INFO  client.GrpcClientProtocolClient (GrpcClientProtocolClient.java:onNext(264)) - client-D9B31DDCE961->18b22b39-7551-46dd-8464-dd74933c4739: receive RaftClientReply:client-D9B31DDCE961->18b22b39-7551-46dd-8464-dd74933c4739@group-597320EF17B3, cid=1896, SUCCESS, logIndex=2698, commits[18b22b39-7551-46dd-8464-dd74933c4739:c2698, 76d6a15c-8eeb-4764-b555-ce8767d18d57:c2694, c90dcfdf-5973-4b56-a955-1fc4555f10cb:c2694]
2019-09-19 11:26:15,159 [grpc-default-executor-5] INFO  client.GrpcClientProtocolClient (GrpcClientProtocolClient.java:onNext(264)) - client-D9B31DDCE961->18b22b39-7551-46dd-8464-dd74933c4739: receive RaftClientReply:client-D9B31DDCE961->18b22b39-7551-46dd-8464-dd74933c4739@group-597320EF17B3, cid=1897, SUCCESS, logIndex=0, commits[18b22b39-7551-46dd-8464-dd74933c4739:c2702, 76d6a15c-8eeb-4764-b555-ce8767d18d57:c2696, c90dcfdf-5973-4b56-a955-1fc4555f10cb:c2698]
2019-09-19 11:26:15,178 [grpc-default-executor-3] INFO  client.GrpcClientProtocolClient (GrpcClientProtocolClient.java:onNext(264)) - client-D9B31DDCE961->18b22b39-7551-46dd-8464-dd74933c4739: receive RaftClientReply:client-D9B31DDCE961->18b22b39-7551-46dd-8464-dd74933c4739@group-597320EF17B3, cid=1898, SUCCESS, logIndex=2703, commits[18b22b39-7551-46dd-8464-dd74933c4739:c2704, 76d6a15c-8eeb-4764-b555-ce8767d18d57:c2702, c90dcfdf-5973-4b56-a955-1fc4555f10cb:c2702]
2019-09-19 11:26:15,179 [grpc-default-executor-3] INFO  client.GrpcClientProtocolClient (GrpcClientProtocolClient.java:onNext(264)) - client-D9B31DDCE961->18b22b39-7551-46dd-8464-dd74933c4739: receive RaftClientReply:client-D9B31DDCE961->18b22b39-7551-46dd-8464-dd74933c4739@group-597320EF17B3, cid=1899, SUCCESS, logIndex=2704, commits[18b22b39-7551-46dd-8464-dd74933c4739:c2704, 76d6a15c-8eeb-4764-b555-ce8767d18d57:c2702, c90dcfdf-5973-4b56-a955-1fc4555f10cb:c2702]
2019-09-19 11:26:15,203 [grpc-default-executor-1] INFO  client.GrpcClientProtocolClient (GrpcClientProtocolClient.java:onNext(264)) - client-D9B31DDCE961->18b22b39-7551-46dd-8464-dd74933c4739: receive RaftClientReply:client-D9B31DDCE961->18b22b39-7551-46dd-8464-dd74933c4739@group-597320EF17B3, cid=1900, SUCCESS, logIndex=2707, commits[18b22b39-7551-46dd-8464-dd74933c4739:c2708, 76d6a15c-8eeb-4764-b555-ce8767d18d57:c2704, c90dcfdf-5973-4b56-a955-1fc4555f10cb:c2704]
2019-09-19 11:26:15,203 [grpc-default-executor-1] INFO  client.GrpcClientProtocolClient (GrpcClientProtocolClient.java:onNext(264)) - client-D9B31DDCE961->18b22b39-7551-46dd-8464-dd74933c4739: receive RaftClientReply:client-D9B31DDCE961->18b22b39-7551-46dd-8464-dd74933c4739@group-597320EF17B3, cid=1901, SUCCESS, logIndex=2708, commits[18b22b39-7551-46dd-8464-dd74933c4739:c2708, 76d6a15c-8eeb-4764-b555-ce8767d18d57:c2704, c90dcfdf-5973-4b56-a955-1fc4555f10cb:c2704]
2019-09-19 11:26:15,215 [grpc-default-executor-3] INFO  client.GrpcClientProtocolClient (GrpcClientProtocolClient.java:onNext(264)) - client-D9B31DDCE961->18b22b39-7551-46dd-8464-dd74933c4739: receive RaftClientReply:client-D9B31DDCE961->18b22b39-7551-46dd-8464-dd74933c4739@group-597320EF17B3, cid=1902, SUCCESS, logIndex=0, commits[18b22b39-7551-46dd-8464-dd74933c4739:c2708, 76d6a15c-8eeb-4764-b555-ce8767d18d57:c2708, c90dcfdf-5973-4b56-a955-1fc4555f10cb:c2708]
2019-09-19 11:26:15,243 [grpc-default-executor-7] INFO  client.GrpcClientProtocolClient (GrpcClientProtocolClient.java:onNext(264)) - client-D9B31DDCE961->18b22b39-7551-46dd-8464-dd74933c4739: receive RaftClientReply:client-D9B31DDCE961->18b22b39-7551-46dd-8464-dd74933c4739@group-597320EF17B3, cid=1903, SUCCESS, logIndex=2711, commits[18b22b39-7551-46dd-8464-dd74933c4739:c2712, 76d6a15c-8eeb-4764-b555-ce8767d18d57:c2709, c90dcfdf-5973-4b56-a955-1fc4555f10cb:c2709]
2019-09-19 11:26:15,243 [grpc-default-executor-7] INFO  client.GrpcClientProtocolClient (GrpcClientProtocolClient.java:onNext(264)) - client-D9B31DDCE961->18b22b39-7551-46dd-8464-dd74933c4739: receive RaftClientReply:client-D9B31DDCE961->18b22b39-7551-46dd-8464-dd74933c4739@group-597320EF17B3, cid=1904, SUCCESS, logIndex=2712, commits[18b22b39-7551-46dd-8464-dd74933c4739:c2712, 76d6a15c-8eeb-4764-b555-ce8767d18d57:c2709, c90dcfdf-5973-4b56-a955-1fc4555f10cb:c2709]
2019-09-19 11:26:15,255 [grpc-default-executor-3] INFO  client.GrpcClientProtocolClient (GrpcClientProtocolClient.java:onNext(264)) - client-D9B31DDCE961->18b22b39-7551-46dd-8464-dd74933c4739: receive RaftClientReply:client-D9B31DDCE961->18b22b39-7551-46dd-8464-dd74933c4739@group-597320EF17B3, cid=1905, SUCCESS, logIndex=2713, commits[18b22b39-7551-46dd-8464-dd74933c4739:c2713, 76d6a15c-8eeb-4764-b555-ce8767d18d57:c2709, c90dcfdf-5973-4b56-a955-1fc4555f10cb:c2710]
2019-09-19 11:26:15,255 [grpc-default-executor-3] INFO  client.GrpcClientProtocolClient (GrpcClientProtocolClient.java:onNext(264)) - client-D9B31DDCE961->18b22b39-7551-46dd-8464-dd74933c4739: receive RaftClientReply:client-D9B31DDCE961->18b22b39-7551-46dd-8464-dd74933c4739@group-597320EF17B3, cid=1906, SUCCESS, logIndex=2714, commits[18b22b39-7551-46dd-8464-dd74933c4739:c2714, 76d6a15c-8eeb-4764-b555-ce8767d18d57:c2710, c90dcfdf-5973-4b56-a955-1fc4555f10cb:c2710]
2019-09-19 11:26:15,268 [grpc-default-executor-3] INFO  client.GrpcClientProtocolClient (GrpcClientProtocolClient.java:onNext(264)) - client-D9B31DDCE961->18b22b39-7551-46dd-8464-dd74933c4739: receive RaftClientReply:client-D9B31DDCE961->18b22b39-7551-46dd-8464-dd74933c4739@group-597320EF17B3, cid=1907, SUCCESS, logIndex=0, commits[18b22b39-7551-46dd-8464-dd74933c4739:c2716, 76d6a15c-8eeb-4764-b555-ce8767d18d57:c2712, c90dcfdf-5973-4b56-a955-1fc4555f10cb:c2712]
 0.00% |█                                                                                                    |  0/1 Time: 0:00:192019-09-19 11:26:15,309 [grpc-default-executor-1] INFO  client.GrpcClientProtocolClient (GrpcClientProtocolClient.java:onNext(264)) - client-D9B31DDCE961->18b22b39-7551-46dd-8464-dd74933c4739: receive RaftClientReply:client-D9B31DDCE961->18b22b39-7551-46dd-8464-dd74933c4739@group-597320EF17B3, cid=1908, SUCCESS, logIndex=2719, commits[18b22b39-7551-46dd-8464-dd74933c4739:c2722, 76d6a15c-8eeb-4764-b555-ce8767d18d57:c2720, c90dcfdf-5973-4b56-a955-1fc4555f10cb:c2720]
2019-09-19 11:26:15,309 [grpc-default-executor-1] INFO  client.GrpcClientProtocolClient (GrpcClientProtocolClient.java:onNext(264)) - client-D9B31DDCE961->18b22b39-7551-46dd-8464-dd74933c4739: receive RaftClientReply:client-D9B31DDCE961->18b22b39-7551-46dd-8464-dd74933c4739@group-597320EF17B3, cid=1909, SUCCESS, logIndex=2720, commits[18b22b39-7551-46dd-8464-dd74933c4739:c2722, 76d6a15c-8eeb-4764-b555-ce8767d18d57:c2720, c90dcfdf-5973-4b56-a955-1fc4555f10cb:c2720]
2019-09-19 11:26:15,322 [grpc-default-executor-1] INFO  client.GrpcClientProtocolClient (GrpcClientProtocolClient.java:onNext(264)) - client-D9B31DDCE961->18b22b39-7551-46dd-8464-dd74933c4739: receive RaftClientReply:client-D9B31DDCE961->18b22b39-7551-46dd-8464-dd74933c4739@group-597320EF17B3, cid=1910, SUCCESS, logIndex=2723, commits[18b22b39-7551-46dd-8464-dd74933c4739:c2724, 76d6a15c-8eeb-4764-b555-ce8767d18d57:c2722, c90dcfdf-5973-4b56-a955-1fc4555f10cb:c2722]
2019-09-19 11:26:15,322 [grpc-default-executor-1] INFO  client.GrpcClientProtocolClient (GrpcClientProtocolClient.java:onNext(264)) - client-D9B31DDCE961->18b22b39-7551-46dd-8464-dd74933c4739: receive RaftClientReply:client-D9B31DDCE961->18b22b39-7551-46dd-8464-dd74933c4739@group-597320EF17B3, cid=1911, SUCCESS, logIndex=2724, commits[18b22b39-7551-46dd-8464-dd74933c4739:c2724, 76d6a15c-8eeb-4764-b555-ce8767d18d57:c2722, c90dcfdf-5973-4b56-a955-1fc4555f10cb:c2722]
2019-09-19 11:26:15,323 [grpc-default-executor-1] INFO  client.GrpcClientProtocolClient (GrpcClientProtocolClient.java:onNext(264)) - client-D9B31DDCE961->18b22b39-7551-46dd-8464-dd74933c4739: receive RaftClientReply:client-D9B31DDCE961->18b22b39-7551-46dd-8464-dd74933c4739@group-597320EF17B3, cid=1912, SUCCESS, logIndex=0, commits[18b22b39-7551-46dd-8464-dd74933c4739:c2725, 76d6a15c-8eeb-4764-b555-ce8767d18d57:c2724, c90dcfdf-5973-4b56-a955-1fc4555f10cb:c2724]
2019-09-19 11:26:15,345 [grpc-default-executor-1] INFO  client.GrpcClientProtocolClient (GrpcClientProtocolClient.java:onNext(264)) - client-D9B31DDCE961->18b22b39-7551-46dd-8464-dd74933c4739: receive RaftClientReply:client-D9B31DDCE961->18b22b39-7551-46dd-8464-dd74933c4739@group-597320EF17B3, cid=1913, SUCCESS, logIndex=2726, commits[18b22b39-7551-46dd-8464-dd74933c4739:c2729, 76d6a15c-8eeb-4764-b555-ce8767d18d57:c2724, c90dcfdf-5973-4b56-a955-1fc4555f10cb:c2725]
2019-09-19 11:26:15,346 [grpc-default-executor-1] INFO  client.GrpcClientProtocolClient (GrpcClientProtocolClient.java:onNext(264)) - client-D9B31DDCE961->18b22b39-7551-46dd-8464-dd74933c4739: receive RaftClientReply:client-D9B31DDCE961->18b22b39-7551-46dd-8464-dd74933c4739@group-597320EF17B3, cid=1914, SUCCESS, logIndex=2727, commits[18b22b39-7551-46dd-8464-dd74933c4739:c2729, 76d6a15c-8eeb-4764-b555-ce8767d18d57:c2725, c90dcfdf-5973-4b56-a955-1fc4555f10cb:c2725]
2019-09-19 11:26:15,346 [grpc-default-executor-1] INFO  client.GrpcClientProtocolClient (GrpcClientProtocolClient.java:onNext(264)) - client-D9B31DDCE961->18b22b39-7551-46dd-8464-dd74933c4739: receive RaftClientReply:client-D9B31DDCE961->18b22b39-7551-46dd-8464-dd74933c4739@group-597320EF17B3, cid=1915, SUCCESS, logIndex=2728, commits[18b22b39-7551-46dd-8464-dd74933c4739:c2729, 76d6a15c-8eeb-4764-b555-ce8767d18d57:c2725, c90dcfdf-5973-4b56-a955-1fc4555f10cb:c2725]
2019-09-19 11:26:15,346 [grpc-default-executor-1] INFO  client.GrpcClientProtocolClient (GrpcClientProtocolClient.java:onNext(264)) - client-D9B31DDCE961->18b22b39-7551-46dd-8464-dd74933c4739: receive RaftClientReply:client-D9B31DDCE961->18b22b39-7551-46dd-8464-dd74933c4739@group-597320EF17B3, cid=1916, SUCCESS, logIndex=2729, commits[18b22b39-7551-46dd-8464-dd74933c4739:c2729, 76d6a15c-8eeb-4764-b555-ce8767d18d57:c2725, c90dcfdf-5973-4b56-a955-1fc4555f10cb:c2725]
2019-09-19 11:26:15,352 [grpc-default-executor-1] INFO  client.GrpcClientProtocolClient (GrpcClientProtocolClient.java:onNext(264)) - client-D9B31DDCE961->18b22b39-7551-46dd-8464-dd74933c4739: receive RaftClientReply:client-D9B31DDCE961->18b22b39-7551-46dd-8464-dd74933c4739@group-597320EF17B3, cid=1917, SUCCESS, logIndex=0, commits[18b22b39-7551-46dd-8464-dd74933c4739:c2733, 76d6a15c-8eeb-4764-b555-ce8767d18d57:c2729, c90dcfdf-5973-4b56-a955-1fc4555f10cb:c2727]
2019-09-19 11:26:15,363 [grpc-default-executor-3] INFO  client.GrpcClientProtocolClient (GrpcClientProtocolClient.java:onNext(264)) - client-D9B31DDCE961->18b22b39-7551-46dd-8464-dd74933c4739: receive RaftClientReply:client-D9B31DDCE961->18b22b39-7551-46dd-8464-dd74933c4739@group-597320EF17B3, cid=1918, SUCCESS, logIndex=2734, commits[18b22b39-7551-46dd-8464-dd74933c4739:c2735, 76d6a15c-8eeb-4764-b555-ce8767d18d57:c2729, c90dcfdf-5973-4b56-a955-1fc4555f10cb:c2733]
2019-09-19 11:26:15,363 [grpc-default-executor-3] INFO  client.GrpcClientProtocolClient (GrpcClientProtocolClient.java:onNext(264)) - client-D9B31DDCE961->18b22b39-7551-46dd-8464-dd74933c4739: receive RaftClientReply:client-D9B31DDCE961->18b22b39-7551-46dd-8464-dd74933c4739@group-597320EF17B3, cid=1919, SUCCESS, logIndex=2735, commits[18b22b39-7551-46dd-8464-dd74933c4739:c2735, 76d6a15c-8eeb-4764-b555-ce8767d18d57:c2733, c90dcfdf-5973-4b56-a955-1fc4555f10cb:c2733]
2019-09-19 11:26:15,388 [grpc-default-executor-3] INFO  client.GrpcClientProtocolClient (GrpcClientProtocolClient.java:onNext(264)) - client-D9B31DDCE961->18b22b39-7551-46dd-8464-dd74933c4739: receive RaftClientReply:client-D9B31DDCE961->18b22b39-7551-46dd-8464-dd74933c4739@group-597320EF17B3, cid=1920, SUCCESS, logIndex=2738, commits[18b22b39-7551-46dd-8464-dd74933c4739:c2739, 76d6a15c-8eeb-4764-b555-ce8767d18d57:c2736, c90dcfdf-5973-4b56-a955-1fc4555f10cb:c2736]
2019-09-19 11:26:15,388 [grpc-default-executor-3] INFO  client.GrpcClientProtocolClient (GrpcClientProtocolClient.java:onNext(264)) - client-D9B31DDCE961->18b22b39-7551-46dd-8464-dd74933c4739: receive RaftClientReply:client-D9B31DDCE961->18b22b39-7551-46dd-8464-dd74933c4739@group-597320EF17B3, cid=1921, SUCCESS, logIndex=2739, commits[18b22b39-7551-46dd-8464-dd74933c4739:c2739, 76d6a15c-8eeb-4764-b555-ce8767d18d57:c2736, c90dcfdf-5973-4b56-a955-1fc4555f10cb:c2736]
2019-09-19 11:26:15,400 [grpc-default-executor-3] INFO  client.GrpcClientProtocolClient (GrpcClientProtocolClient.java:onNext(264)) - client-D9B31DDCE961->18b22b39-7551-46dd-8464-dd74933c4739: receive RaftClientReply:client-D9B31DDCE961->18b22b39-7551-46dd-8464-dd74933c4739@group-597320EF17B3, cid=1922, SUCCESS, logIndex=0, commits[18b22b39-7551-46dd-8464-dd74933c4739:c2740, 76d6a15c-8eeb-4764-b555-ce8767d18d57:c2739, c90dcfdf-5973-4b56-a955-1fc4555f10cb:c2739]
2019-09-19 11:26:15,440 [grpc-default-executor-3] INFO  client.GrpcClientProtocolClient (GrpcClientProtocolClient.java:onNext(264)) - client-D9B31DDCE961->18b22b39-7551-46dd-8464-dd74933c4739: receive RaftClientReply:client-D9B31DDCE961->18b22b39-7551-46dd-8464-dd74933c4739@group-597320EF17B3, cid=1923, SUCCESS, logIndex=2742, commits[18b22b39-7551-46dd-8464-dd74933c4739:c2745, 76d6a15c-8eeb-4764-b555-ce8767d18d57:c2740, c90dcfdf-5973-4b56-a955-1fc4555f10cb:c2740]
2019-09-19 11:26:15,441 [grpc-default-executor-3] INFO  client.GrpcClientProtocolClient (GrpcClientProtocolClient.java:onNext(264)) - client-D9B31DDCE961->18b22b39-7551-46dd-8464-dd74933c4739: receive RaftClientReply:client-D9B31DDCE961->18b22b39-7551-46dd-8464-dd74933c4739@group-597320EF17B3, cid=1924, SUCCESS, logIndex=2743, commits[18b22b39-7551-46dd-8464-dd74933c4739:c2745, 76d6a15c-8eeb-4764-b555-ce8767d18d57:c2740, c90dcfdf-5973-4b56-a955-1fc4555f10cb:c2740]
2019-09-19 11:26:15,441 [grpc-default-executor-3] INFO  client.GrpcClientProtocolClient (GrpcClientProtocolClient.java:onNext(264)) - client-D9B31DDCE961->18b22b39-7551-46dd-8464-dd74933c4739: receive RaftClientReply:client-D9B31DDCE961->18b22b39-7551-46dd-8464-dd74933c4739@group-597320EF17B3, cid=1925, SUCCESS, logIndex=2744, commits[18b22b39-7551-46dd-8464-dd74933c4739:c2745, 76d6a15c-8eeb-4764-b555-ce8767d18d57:c2740, c90dcfdf-5973-4b56-a955-1fc4555f10cb:c2740]
2019-09-19 11:26:15,441 [grpc-default-executor-3] INFO  client.GrpcClientProtocolClient (GrpcClientProtocolClient.java:onNext(264)) - client-D9B31DDCE961->18b22b39-7551-46dd-8464-dd74933c4739: receive RaftClientReply:client-D9B31DDCE961->18b22b39-7551-46dd-8464-dd74933c4739@group-597320EF17B3, cid=1926, SUCCESS, logIndex=2745, commits[18b22b39-7551-46dd-8464-dd74933c4739:c2745, 76d6a15c-8eeb-4764-b555-ce8767d18d57:c2740, c90dcfdf-5973-4b56-a955-1fc4555f10cb:c2740]
2019-09-19 11:26:15,460 [grpc-default-executor-1] INFO  client.GrpcClientProtocolClient (GrpcClientProtocolClient.java:onNext(264)) - client-D9B31DDCE961->18b22b39-7551-46dd-8464-dd74933c4739: receive RaftClientReply:client-D9B31DDCE961->18b22b39-7551-46dd-8464-dd74933c4739@group-597320EF17B3, cid=1927, SUCCESS, logIndex=0, commits[18b22b39-7551-46dd-8464-dd74933c4739:c2746, 76d6a15c-8eeb-4764-b555-ce8767d18d57:c2743, c90dcfdf-5973-4b56-a955-1fc4555f10cb:c2743]
2019-09-19 11:26:16,136 [grpc-default-executor-3] INFO  client.GrpcClientProtocolClient (GrpcClientProtocolClient.java:onNext(264)) - client-D9B31DDCE961->18b22b39-7551-46dd-8464-dd74933c4739: receive RaftClientReply:client-D9B31DDCE961->18b22b39-7551-46dd-8464-dd74933c4739@group-597320EF17B3, cid=1928, SUCCESS, logIndex=2750, commits[18b22b39-7551-46dd-8464-dd74933c4739:c2751, 76d6a15c-8eeb-4764-b555-ce8767d18d57:c2749, c90dcfdf-5973-4b56-a955-1fc4555f10cb:c2749]
2019-09-19 11:26:16,136 [grpc-default-executor-3] INFO  client.GrpcClientProtocolClient (GrpcClientProtocolClient.java:onNext(264)) - client-D9B31DDCE961->18b22b39-7551-46dd-8464-dd74933c4739: receive RaftClientReply:client-D9B31DDCE961->18b22b39-7551-46dd-8464-dd74933c4739@group-597320EF17B3, cid=1929, SUCCESS, logIndex=2751, commits[18b22b39-7551-46dd-8464-dd74933c4739:c2751, 76d6a15c-8eeb-4764-b555-ce8767d18d57:c2749, c90dcfdf-5973-4b56-a955-1fc4555f10cb:c2749]
 0.00% |█                                                                                                    |  0/1 Time: 0:00:202019-09-19 11:26:16,704 [grpc-default-executor-3] INFO  client.GrpcClientProtocolClient (GrpcClientProtocolClient.java:onNext(264)) - client-D9B31DDCE961->18b22b39-7551-46dd-8464-dd74933c4739: receive RaftClientReply:client-D9B31DDCE961->18b22b39-7551-46dd-8464-dd74933c4739@group-597320EF17B3, cid=1930, SUCCESS, logIndex=2754, commits[18b22b39-7551-46dd-8464-dd74933c4739:c2755, 76d6a15c-8eeb-4764-b555-ce8767d18d57:c2752, c90dcfdf-5973-4b56-a955-1fc4555f10cb:c2752]
2019-09-19 11:26:16,705 [grpc-default-executor-3] INFO  client.GrpcClientProtocolClient (GrpcClientProtocolClient.java:onNext(264)) - client-D9B31DDCE961->18b22b39-7551-46dd-8464-dd74933c4739: receive RaftClientReply:client-D9B31DDCE961->18b22b39-7551-46dd-8464-dd74933c4739@group-597320EF17B3, cid=1931, SUCCESS, logIndex=2755, commits[18b22b39-7551-46dd-8464-dd74933c4739:c2755, 76d6a15c-8eeb-4764-b555-ce8767d18d57:c2752, c90dcfdf-5973-4b56-a955-1fc4555f10cb:c2752]
2019-09-19 11:26:16,729 [grpc-default-executor-1] INFO  client.GrpcClientProtocolClient (GrpcClientProtocolClient.java:onNext(264)) - client-D9B31DDCE961->18b22b39-7551-46dd-8464-dd74933c4739: receive RaftClientReply:client-D9B31DDCE961->18b22b39-7551-46dd-8464-dd74933c4739@group-597320EF17B3, cid=1932, SUCCESS, logIndex=0, commits[18b22b39-7551-46dd-8464-dd74933c4739:c2757, 76d6a15c-8eeb-4764-b555-ce8767d18d57:c2755, c90dcfdf-5973-4b56-a955-1fc4555f10cb:c2755]
2019-09-19 11:26:16,761 [grpc-default-executor-3] INFO  client.GrpcClientProtocolClient (GrpcClientProtocolClient.java:onNext(264)) - client-D9B31DDCE961->18b22b39-7551-46dd-8464-dd74933c4739: receive RaftClientReply:client-D9B31DDCE961->18b22b39-7551-46dd-8464-dd74933c4739@group-597320EF17B3, cid=1933, SUCCESS, logIndex=2758, commits[18b22b39-7551-46dd-8464-dd74933c4739:c2759, 76d6a15c-8eeb-4764-b555-ce8767d18d57:c2757, c90dcfdf-5973-4b56-a955-1fc4555f10cb:c2757]
2019-09-19 11:26:16,762 [grpc-default-executor-3] INFO  client.GrpcClientProtocolClient (GrpcClientProtocolClient.java:onNext(264)) - client-D9B31DDCE961->18b22b39-7551-46dd-8464-dd74933c4739: receive RaftClientReply:client-D9B31DDCE961->18b22b39-7551-46dd-8464-dd74933c4739@group-597320EF17B3, cid=1934, SUCCESS, logIndex=2759, commits[18b22b39-7551-46dd-8464-dd74933c4739:c2759, 76d6a15c-8eeb-4764-b555-ce8767d18d57:c2757, c90dcfdf-5973-4b56-a955-1fc4555f10cb:c2757]
2019-09-19 11:26:16,771 [grpc-default-executor-3] INFO  client.GrpcClientProtocolClient (GrpcClientProtocolClient.java:onNext(264)) - client-D9B31DDCE961->18b22b39-7551-46dd-8464-dd74933c4739: receive RaftClientReply:client-D9B31DDCE961->18b22b39-7551-46dd-8464-dd74933c4739@group-597320EF17B3, cid=1935, SUCCESS, logIndex=2760, commits[18b22b39-7551-46dd-8464-dd74933c4739:c2761, 76d6a15c-8eeb-4764-b555-ce8767d18d57:c2757, c90dcfdf-5973-4b56-a955-1fc4555f10cb:c2757]
2019-09-19 11:26:16,772 [grpc-default-executor-3] INFO  client.GrpcClientProtocolClient (GrpcClientProtocolClient.java:onNext(264)) - client-D9B31DDCE961->18b22b39-7551-46dd-8464-dd74933c4739: receive RaftClientReply:client-D9B31DDCE961->18b22b39-7551-46dd-8464-dd74933c4739@group-597320EF17B3, cid=1936, SUCCESS, logIndex=2761, commits[18b22b39-7551-46dd-8464-dd74933c4739:c2761, 76d6a15c-8eeb-4764-b555-ce8767d18d57:c2757, c90dcfdf-5973-4b56-a955-1fc4555f10cb:c2757]
2019-09-19 11:26:16,783 [grpc-default-executor-3] INFO  client.GrpcClientProtocolClient (GrpcClientProtocolClient.java:onNext(264)) - client-D9B31DDCE961->18b22b39-7551-46dd-8464-dd74933c4739: receive RaftClientReply:client-D9B31DDCE961->18b22b39-7551-46dd-8464-dd74933c4739@group-597320EF17B3, cid=1937, SUCCESS, logIndex=0, commits[18b22b39-7551-46dd-8464-dd74933c4739:c2764, 76d6a15c-8eeb-4764-b555-ce8767d18d57:c2759, c90dcfdf-5973-4b56-a955-1fc4555f10cb:c2761]
2019-09-19 11:26:16,800 [grpc-default-executor-1] INFO  client.GrpcClientProtocolClient (GrpcClientProtocolClient.java:onNext(264)) - client-D9B31DDCE961->18b22b39-7551-46dd-8464-dd74933c4739: receive RaftClientReply:client-D9B31DDCE961->18b22b39-7551-46dd-8464-dd74933c4739@group-597320EF17B3, cid=1938, SUCCESS, logIndex=2765, commits[18b22b39-7551-46dd-8464-dd74933c4739:c2766, 76d6a15c-8eeb-4764-b555-ce8767d18d57:c2764, c90dcfdf-5973-4b56-a955-1fc4555f10cb:c2764]
2019-09-19 11:26:16,800 [grpc-default-executor-1] INFO  client.GrpcClientProtocolClient (GrpcClientProtocolClient.java:onNext(264)) - client-D9B31DDCE961->18b22b39-7551-46dd-8464-dd74933c4739: receive RaftClientReply:client-D9B31DDCE961->18b22b39-7551-46dd-8464-dd74933c4739@group-597320EF17B3, cid=1939, SUCCESS, logIndex=2766, commits[18b22b39-7551-46dd-8464-dd74933c4739:c2766, 76d6a15c-8eeb-4764-b555-ce8767d18d57:c2764, c90dcfdf-5973-4b56-a955-1fc4555f10cb:c2764]
2019-09-19 11:26:16,815 [grpc-default-executor-1] INFO  client.GrpcClientProtocolClient (GrpcClientProtocolClient.java:onNext(264)) - client-D9B31DDCE961->18b22b39-7551-46dd-8464-dd74933c4739: receive RaftClientReply:client-D9B31DDCE961->18b22b39-7551-46dd-8464-dd74933c4739@group-597320EF17B3, cid=1940, SUCCESS, logIndex=2769, commits[18b22b39-7551-46dd-8464-dd74933c4739:c2770, 76d6a15c-8eeb-4764-b555-ce8767d18d57:c2766, c90dcfdf-5973-4b56-a955-1fc4555f10cb:c2766]
2019-09-19 11:26:16,816 [grpc-default-executor-1] INFO  client.GrpcClientProtocolClient (GrpcClientProtocolClient.java:onNext(264)) - client-D9B31DDCE961->18b22b39-7551-46dd-8464-dd74933c4739: receive RaftClientReply:client-D9B31DDCE961->18b22b39-7551-46dd-8464-dd74933c4739@group-597320EF17B3, cid=1941, SUCCESS, logIndex=2770, commits[18b22b39-7551-46dd-8464-dd74933c4739:c2770, 76d6a15c-8eeb-4764-b555-ce8767d18d57:c2766, c90dcfdf-5973-4b56-a955-1fc4555f10cb:c2766]
2019-09-19 11:26:16,829 [grpc-default-executor-1] INFO  client.GrpcClientProtocolClient (GrpcClientProtocolClient.java:onNext(264)) - client-D9B31DDCE961->18b22b39-7551-46dd-8464-dd74933c4739: receive RaftClientReply:client-D9B31DDCE961->18b22b39-7551-46dd-8464-dd74933c4739@group-597320EF17B3, cid=1942, SUCCESS, logIndex=0, commits[18b22b39-7551-46dd-8464-dd74933c4739:c2772, 76d6a15c-8eeb-4764-b555-ce8767d18d57:c2770, c90dcfdf-5973-4b56-a955-1fc4555f10cb:c2770]
2019-09-19 11:26:16,857 [grpc-default-executor-1] INFO  client.GrpcClientProtocolClient (GrpcClientProtocolClient.java:onNext(264)) - client-D9B31DDCE961->18b22b39-7551-46dd-8464-dd74933c4739: receive RaftClientReply:client-D9B31DDCE961->18b22b39-7551-46dd-8464-dd74933c4739@group-597320EF17B3, cid=1943, SUCCESS, logIndex=2773, commits[18b22b39-7551-46dd-8464-dd74933c4739:c2776, 76d6a15c-8eeb-4764-b555-ce8767d18d57:c2772, c90dcfdf-5973-4b56-a955-1fc4555f10cb:c2772]
2019-09-19 11:26:16,857 [grpc-default-executor-1] INFO  client.GrpcClientProtocolClient (GrpcClientProtocolClient.java:onNext(264)) - client-D9B31DDCE961->18b22b39-7551-46dd-8464-dd74933c4739: receive RaftClientReply:client-D9B31DDCE961->18b22b39-7551-46dd-8464-dd74933c4739@group-597320EF17B3, cid=1944, SUCCESS, logIndex=2774, commits[18b22b39-7551-46dd-8464-dd74933c4739:c2776, 76d6a15c-8eeb-4764-b555-ce8767d18d57:c2772, c90dcfdf-5973-4b56-a955-1fc4555f10cb:c2772]
2019-09-19 11:26:16,857 [grpc-default-executor-1] INFO  client.GrpcClientProtocolClient (GrpcClientProtocolClient.java:onNext(264)) - client-D9B31DDCE961->18b22b39-7551-46dd-8464-dd74933c4739: receive RaftClientReply:client-D9B31DDCE961->18b22b39-7551-46dd-8464-dd74933c4739@group-597320EF17B3, cid=1945, SUCCESS, logIndex=2775, commits[18b22b39-7551-46dd-8464-dd74933c4739:c2776, 76d6a15c-8eeb-4764-b555-ce8767d18d57:c2772, c90dcfdf-5973-4b56-a955-1fc4555f10cb:c2772]
2019-09-19 11:26:16,858 [grpc-default-executor-1] INFO  client.GrpcClientProtocolClient (GrpcClientProtocolClient.java:onNext(264)) - client-D9B31DDCE961->18b22b39-7551-46dd-8464-dd74933c4739: receive RaftClientReply:client-D9B31DDCE961->18b22b39-7551-46dd-8464-dd74933c4739@group-597320EF17B3, cid=1946, SUCCESS, logIndex=2776, commits[18b22b39-7551-46dd-8464-dd74933c4739:c2776, 76d6a15c-8eeb-4764-b555-ce8767d18d57:c2772, c90dcfdf-5973-4b56-a955-1fc4555f10cb:c2772]
2019-09-19 11:26:16,861 [grpc-default-executor-1] INFO  client.GrpcClientProtocolClient (GrpcClientProtocolClient.java:onNext(264)) - client-D9B31DDCE961->18b22b39-7551-46dd-8464-dd74933c4739: receive RaftClientReply:client-D9B31DDCE961->18b22b39-7551-46dd-8464-dd74933c4739@group-597320EF17B3, cid=1947, SUCCESS, logIndex=0, commits[18b22b39-7551-46dd-8464-dd74933c4739:c2780, 76d6a15c-8eeb-4764-b555-ce8767d18d57:c2776, c90dcfdf-5973-4b56-a955-1fc4555f10cb:c2776]
2019-09-19 11:26:16,872 [grpc-default-executor-1] INFO  client.GrpcClientProtocolClient (GrpcClientProtocolClient.java:onNext(264)) - client-D9B31DDCE961->18b22b39-7551-46dd-8464-dd74933c4739: receive RaftClientReply:client-D9B31DDCE961->18b22b39-7551-46dd-8464-dd74933c4739@group-597320EF17B3, cid=1948, SUCCESS, logIndex=2781, commits[18b22b39-7551-46dd-8464-dd74933c4739:c2782, 76d6a15c-8eeb-4764-b555-ce8767d18d57:c2780, c90dcfdf-5973-4b56-a955-1fc4555f10cb:c2776]
2019-09-19 11:26:16,873 [grpc-default-executor-1] INFO  client.GrpcClientProtocolClient (GrpcClientProtocolClient.java:onNext(264)) - client-D9B31DDCE961->18b22b39-7551-46dd-8464-dd74933c4739: receive RaftClientReply:client-D9B31DDCE961->18b22b39-7551-46dd-8464-dd74933c4739@group-597320EF17B3, cid=1949, SUCCESS, logIndex=2782, commits[18b22b39-7551-46dd-8464-dd74933c4739:c2782, 76d6a15c-8eeb-4764-b555-ce8767d18d57:c2780, c90dcfdf-5973-4b56-a955-1fc4555f10cb:c2780]
2019-09-19 11:26:16,901 [grpc-default-executor-1] INFO  client.GrpcClientProtocolClient (GrpcClientProtocolClient.java:onNext(264)) - client-D9B31DDCE961->18b22b39-7551-46dd-8464-dd74933c4739: receive RaftClientReply:client-D9B31DDCE961->18b22b39-7551-46dd-8464-dd74933c4739@group-597320EF17B3, cid=1950, SUCCESS, logIndex=2785, commits[18b22b39-7551-46dd-8464-dd74933c4739:c2786, 76d6a15c-8eeb-4764-b555-ce8767d18d57:c2783, c90dcfdf-5973-4b56-a955-1fc4555f10cb:c2783]
2019-09-19 11:26:16,902 [grpc-default-executor-1] INFO  client.GrpcClientProtocolClient (GrpcClientProtocolClient.java:onNext(264)) - client-D9B31DDCE961->18b22b39-7551-46dd-8464-dd74933c4739: receive RaftClientReply:client-D9B31DDCE961->18b22b39-7551-46dd-8464-dd74933c4739@group-597320EF17B3, cid=1951, SUCCESS, logIndex=2786, commits[18b22b39-7551-46dd-8464-dd74933c4739:c2786, 76d6a15c-8eeb-4764-b555-ce8767d18d57:c2783, c90dcfdf-5973-4b56-a955-1fc4555f10cb:c2783]
2019-09-19 11:26:16,927 [grpc-default-executor-1] INFO  client.GrpcClientProtocolClient (GrpcClientProtocolClient.java:onNext(264)) - client-D9B31DDCE961->18b22b39-7551-46dd-8464-dd74933c4739: receive RaftClientReply:client-D9B31DDCE961->18b22b39-7551-46dd-8464-dd74933c4739@group-597320EF17B3, cid=1952, SUCCESS, logIndex=0, commits[18b22b39-7551-46dd-8464-dd74933c4739:c2788, 76d6a15c-8eeb-4764-b555-ce8767d18d57:c2786, c90dcfdf-5973-4b56-a955-1fc4555f10cb:c2786]
2019-09-19 11:26:16,959 [grpc-default-executor-3] INFO  client.GrpcClientProtocolClient (GrpcClientProtocolClient.java:onNext(264)) - client-D9B31DDCE961->18b22b39-7551-46dd-8464-dd74933c4739: receive RaftClientReply:client-D9B31DDCE961->18b22b39-7551-46dd-8464-dd74933c4739@group-597320EF17B3, cid=1953, SUCCESS, logIndex=2789, commits[18b22b39-7551-46dd-8464-dd74933c4739:c2790, 76d6a15c-8eeb-4764-b555-ce8767d18d57:c2788, c90dcfdf-5973-4b56-a955-1fc4555f10cb:c2788]
2019-09-19 11:26:16,959 [grpc-default-executor-3] INFO  client.GrpcClientProtocolClient (GrpcClientProtocolClient.java:onNext(264)) - client-D9B31DDCE961->18b22b39-7551-46dd-8464-dd74933c4739: receive RaftClientReply:client-D9B31DDCE961->18b22b39-7551-46dd-8464-dd74933c4739@group-597320EF17B3, cid=1954, SUCCESS, logIndex=2790, commits[18b22b39-7551-46dd-8464-dd74933c4739:c2790, 76d6a15c-8eeb-4764-b555-ce8767d18d57:c2788, c90dcfdf-5973-4b56-a955-1fc4555f10cb:c2788]
2019-09-19 11:26:16,970 [grpc-default-executor-1] INFO  client.GrpcClientProtocolClient (GrpcClientProtocolClient.java:onNext(264)) - client-D9B31DDCE961->18b22b39-7551-46dd-8464-dd74933c4739: receive RaftClientReply:client-D9B31DDCE961->18b22b39-7551-46dd-8464-dd74933c4739@group-597320EF17B3, cid=1955, SUCCESS, logIndex=2791, commits[18b22b39-7551-46dd-8464-dd74933c4739:c2792, 76d6a15c-8eeb-4764-b555-ce8767d18d57:c2788, c90dcfdf-5973-4b56-a955-1fc4555f10cb:c2788]
2019-09-19 11:26:16,970 [grpc-default-executor-1] INFO  client.GrpcClientProtocolClient (GrpcClientProtocolClient.java:onNext(264)) - client-D9B31DDCE961->18b22b39-7551-46dd-8464-dd74933c4739: receive RaftClientReply:client-D9B31DDCE961->18b22b39-7551-46dd-8464-dd74933c4739@group-597320EF17B3, cid=1956, SUCCESS, logIndex=2792, commits[18b22b39-7551-46dd-8464-dd74933c4739:c2792, 76d6a15c-8eeb-4764-b555-ce8767d18d57:c2788, c90dcfdf-5973-4b56-a955-1fc4555f10cb:c2788]
2019-09-19 11:26:16,975 [grpc-default-executor-3] INFO  client.GrpcClientProtocolClient (GrpcClientProtocolClient.java:onNext(264)) - client-D9B31DDCE961->18b22b39-7551-46dd-8464-dd74933c4739: receive RaftClientReply:client-D9B31DDCE961->18b22b39-7551-46dd-8464-dd74933c4739@group-597320EF17B3, cid=1957, SUCCESS, logIndex=0, commits[18b22b39-7551-46dd-8464-dd74933c4739:c2793, 76d6a15c-8eeb-4764-b555-ce8767d18d57:c2790, c90dcfdf-5973-4b56-a955-1fc4555f10cb:c2790]
2019-09-19 11:26:16,988 [grpc-default-executor-3] INFO  client.GrpcClientProtocolClient (GrpcClientProtocolClient.java:onNext(264)) - client-D9B31DDCE961->18b22b39-7551-46dd-8464-dd74933c4739: receive RaftClientReply:client-D9B31DDCE961->18b22b39-7551-46dd-8464-dd74933c4739@group-597320EF17B3, cid=1958, SUCCESS, logIndex=2796, commits[18b22b39-7551-46dd-8464-dd74933c4739:c2797, 76d6a15c-8eeb-4764-b555-ce8767d18d57:c2795, c90dcfdf-5973-4b56-a955-1fc4555f10cb:c2792]
2019-09-19 11:26:16,988 [grpc-default-executor-3] INFO  client.GrpcClientProtocolClient (GrpcClientProtocolClient.java:onNext(264)) - client-D9B31DDCE961->18b22b39-7551-46dd-8464-dd74933c4739: receive RaftClientReply:client-D9B31DDCE961->18b22b39-7551-46dd-8464-dd74933c4739@group-597320EF17B3, cid=1959, SUCCESS, logIndex=2797, commits[18b22b39-7551-46dd-8464-dd74933c4739:c2797, 76d6a15c-8eeb-4764-b555-ce8767d18d57:c2795, c90dcfdf-5973-4b56-a955-1fc4555f10cb:c2795]
2019-09-19 11:26:16,997 [grpc-default-executor-1] INFO  client.GrpcClientProtocolClient (GrpcClientProtocolClient.java:onNext(264)) - client-D9B31DDCE961->18b22b39-7551-46dd-8464-dd74933c4739: receive RaftClientReply:client-D9B31DDCE961->18b22b39-7551-46dd-8464-dd74933c4739@group-597320EF17B3, cid=1960, SUCCESS, logIndex=2800, commits[18b22b39-7551-46dd-8464-dd74933c4739:c2801, 76d6a15c-8eeb-4764-b555-ce8767d18d57:c2797, c90dcfdf-5973-4b56-a955-1fc4555f10cb:c2798]
2019-09-19 11:26:16,998 [grpc-default-executor-3] INFO  client.GrpcClientProtocolClient (GrpcClientProtocolClient.java:onNext(264)) - client-D9B31DDCE961->18b22b39-7551-46dd-8464-dd74933c4739: receive RaftClientReply:client-D9B31DDCE961->18b22b39-7551-46dd-8464-dd74933c4739@group-597320EF17B3, cid=1961, SUCCESS, logIndex=2801, commits[18b22b39-7551-46dd-8464-dd74933c4739:c2801, 76d6a15c-8eeb-4764-b555-ce8767d18d57:c2797, c90dcfdf-5973-4b56-a955-1fc4555f10cb:c2798]
2019-09-19 11:26:17,002 [grpc-default-executor-3] INFO  client.GrpcClientProtocolClient (GrpcClientProtocolClient.java:onNext(264)) - client-D9B31DDCE961->18b22b39-7551-46dd-8464-dd74933c4739: receive RaftClientReply:client-D9B31DDCE961->18b22b39-7551-46dd-8464-dd74933c4739@group-597320EF17B3, cid=1962, SUCCESS, logIndex=0, commits[18b22b39-7551-46dd-8464-dd74933c4739:c2802, 76d6a15c-8eeb-4764-b555-ce8767d18d57:c2801, c90dcfdf-5973-4b56-a955-1fc4555f10cb:c2801]
2019-09-19 11:26:17,040 [grpc-default-executor-5] INFO  client.GrpcClientProtocolClient (GrpcClientProtocolClient.java:onNext(264)) - client-D9B31DDCE961->18b22b39-7551-46dd-8464-dd74933c4739: receive RaftClientReply:client-D9B31DDCE961->18b22b39-7551-46dd-8464-dd74933c4739@group-597320EF17B3, cid=1963, SUCCESS, logIndex=2804, commits[18b22b39-7551-46dd-8464-dd74933c4739:c2807, 76d6a15c-8eeb-4764-b555-ce8767d18d57:c2803, c90dcfdf-5973-4b56-a955-1fc4555f10cb:c2803]
2019-09-19 11:26:17,040 [grpc-default-executor-5] INFO  client.GrpcClientProtocolClient (GrpcClientProtocolClient.java:onNext(264)) - client-D9B31DDCE961->18b22b39-7551-46dd-8464-dd74933c4739: receive RaftClientReply:client-D9B31DDCE961->18b22b39-7551-46dd-8464-dd74933c4739@group-597320EF17B3, cid=1964, SUCCESS, logIndex=2805, commits[18b22b39-7551-46dd-8464-dd74933c4739:c2807, 76d6a15c-8eeb-4764-b555-ce8767d18d57:c2803, c90dcfdf-5973-4b56-a955-1fc4555f10cb:c2803]
2019-09-19 11:26:17,040 [grpc-default-executor-5] INFO  client.GrpcClientProtocolClient (GrpcClientProtocolClient.java:onNext(264)) - client-D9B31DDCE961->18b22b39-7551-46dd-8464-dd74933c4739: receive RaftClientReply:client-D9B31DDCE961->18b22b39-7551-46dd-8464-dd74933c4739@group-597320EF17B3, cid=1965, SUCCESS, logIndex=2806, commits[18b22b39-7551-46dd-8464-dd74933c4739:c2807, 76d6a15c-8eeb-4764-b555-ce8767d18d57:c2803, c90dcfdf-5973-4b56-a955-1fc4555f10cb:c2803]
2019-09-19 11:26:17,040 [grpc-default-executor-5] INFO  client.GrpcClientProtocolClient (GrpcClientProtocolClient.java:onNext(264)) - client-D9B31DDCE961->18b22b39-7551-46dd-8464-dd74933c4739: receive RaftClientReply:client-D9B31DDCE961->18b22b39-7551-46dd-8464-dd74933c4739@group-597320EF17B3, cid=1966, SUCCESS, logIndex=2807, commits[18b22b39-7551-46dd-8464-dd74933c4739:c2807, 76d6a15c-8eeb-4764-b555-ce8767d18d57:c2803, c90dcfdf-5973-4b56-a955-1fc4555f10cb:c2803]
2019-09-19 11:26:17,052 [grpc-default-executor-3] INFO  client.GrpcClientProtocolClient (GrpcClientProtocolClient.java:onNext(264)) - client-D9B31DDCE961->18b22b39-7551-46dd-8464-dd74933c4739: receive RaftClientReply:client-D9B31DDCE961->18b22b39-7551-46dd-8464-dd74933c4739@group-597320EF17B3, cid=1967, SUCCESS, logIndex=0, commits[18b22b39-7551-46dd-8464-dd74933c4739:c2807, 76d6a15c-8eeb-4764-b555-ce8767d18d57:c2806, c90dcfdf-5973-4b56-a955-1fc4555f10cb:c2806]
2019-09-19 11:26:17,066 [grpc-default-executor-3] INFO  client.GrpcClientProtocolClient (GrpcClientProtocolClient.java:onNext(264)) - client-D9B31DDCE961->18b22b39-7551-46dd-8464-dd74933c4739: receive RaftClientReply:client-D9B31DDCE961->18b22b39-7551-46dd-8464-dd74933c4739@group-597320EF17B3, cid=1968, SUCCESS, logIndex=2811, commits[18b22b39-7551-46dd-8464-dd74933c4739:c2812, 76d6a15c-8eeb-4764-b555-ce8767d18d57:c2808, c90dcfdf-5973-4b56-a955-1fc4555f10cb:c2808]
2019-09-19 11:26:17,066 [grpc-default-executor-3] INFO  client.GrpcClientProtocolClient (GrpcClientProtocolClient.java:onNext(264)) - client-D9B31DDCE961->18b22b39-7551-46dd-8464-dd74933c4739: receive RaftClientReply:client-D9B31DDCE961->18b22b39-7551-46dd-8464-dd74933c4739@group-597320EF17B3, cid=1969, SUCCESS, logIndex=2812, commits[18b22b39-7551-46dd-8464-dd74933c4739:c2812, 76d6a15c-8eeb-4764-b555-ce8767d18d57:c2808, c90dcfdf-5973-4b56-a955-1fc4555f10cb:c2808]
2019-09-19 11:26:17,110 [grpc-default-executor-3] INFO  client.GrpcClientProtocolClient (GrpcClientProtocolClient.java:onNext(264)) - client-D9B31DDCE961->18b22b39-7551-46dd-8464-dd74933c4739: receive RaftClientReply:client-D9B31DDCE961->18b22b39-7551-46dd-8464-dd74933c4739@group-597320EF17B3, cid=1970, SUCCESS, logIndex=2815, commits[18b22b39-7551-46dd-8464-dd74933c4739:c2816, 76d6a15c-8eeb-4764-b555-ce8767d18d57:c2812, c90dcfdf-5973-4b56-a955-1fc4555f10cb:c2812]
2019-09-19 11:26:17,110 [grpc-default-executor-3] INFO  client.GrpcClientProtocolClient (GrpcClientProtocolClient.java:onNext(264)) - client-D9B31DDCE961->18b22b39-7551-46dd-8464-dd74933c4739: receive RaftClientReply:client-D9B31DDCE961->18b22b39-7551-46dd-8464-dd74933c4739@group-597320EF17B3, cid=1971, SUCCESS, logIndex=2816, commits[18b22b39-7551-46dd-8464-dd74933c4739:c2816, 76d6a15c-8eeb-4764-b555-ce8767d18d57:c2812, c90dcfdf-5973-4b56-a955-1fc4555f10cb:c2812]
2019-09-19 11:26:17,122 [grpc-default-executor-5] INFO  client.GrpcClientProtocolClient (GrpcClientProtocolClient.java:onNext(264)) - client-D9B31DDCE961->18b22b39-7551-46dd-8464-dd74933c4739: receive RaftClientReply:client-D9B31DDCE961->18b22b39-7551-46dd-8464-dd74933c4739@group-597320EF17B3, cid=1972, SUCCESS, logIndex=0, commits[18b22b39-7551-46dd-8464-dd74933c4739:c2817, 76d6a15c-8eeb-4764-b555-ce8767d18d57:c2816, c90dcfdf-5973-4b56-a955-1fc4555f10cb:c2816]
2019-09-19 11:26:17,147 [grpc-default-executor-1] INFO  client.GrpcClientProtocolClient (GrpcClientProtocolClient.java:onNext(264)) - client-D9B31DDCE961->18b22b39-7551-46dd-8464-dd74933c4739: receive RaftClientReply:client-D9B31DDCE961->18b22b39-7551-46dd-8464-dd74933c4739@group-597320EF17B3, cid=1973, SUCCESS, logIndex=2819, commits[18b22b39-7551-46dd-8464-dd74933c4739:c2821, 76d6a15c-8eeb-4764-b555-ce8767d18d57:c2818, c90dcfdf-5973-4b56-a955-1fc4555f10cb:c2818]
2019-09-19 11:26:17,148 [grpc-default-executor-1] INFO  client.GrpcClientProtocolClient (GrpcClientProtocolClient.java:onNext(264)) - client-D9B31DDCE961->18b22b39-7551-46dd-8464-dd74933c4739: receive RaftClientReply:client-D9B31DDCE961->18b22b39-7551-46dd-8464-dd74933c4739@group-597320EF17B3, cid=1974, SUCCESS, logIndex=2820, commits[18b22b39-7551-46dd-8464-dd74933c4739:c2822, 76d6a15c-8eeb-4764-b555-ce8767d18d57:c2818, c90dcfdf-5973-4b56-a955-1fc4555f10cb:c2818]
2019-09-19 11:26:17,148 [grpc-default-executor-1] INFO  client.GrpcClientProtocolClient (GrpcClientProtocolClient.java:onNext(264)) - client-D9B31DDCE961->18b22b39-7551-46dd-8464-dd74933c4739: receive RaftClientReply:client-D9B31DDCE961->18b22b39-7551-46dd-8464-dd74933c4739@group-597320EF17B3, cid=1975, SUCCESS, logIndex=2821, commits[18b22b39-7551-46dd-8464-dd74933c4739:c2822, 76d6a15c-8eeb-4764-b555-ce8767d18d57:c2818, c90dcfdf-5973-4b56-a955-1fc4555f10cb:c2818]
2019-09-19 11:26:17,148 [grpc-default-executor-1] INFO  client.GrpcClientProtocolClient (GrpcClientProtocolClient.java:onNext(264)) - client-D9B31DDCE961->18b22b39-7551-46dd-8464-dd74933c4739: receive RaftClientReply:client-D9B31DDCE961->18b22b39-7551-46dd-8464-dd74933c4739@group-597320EF17B3, cid=1976, SUCCESS, logIndex=2822, commits[18b22b39-7551-46dd-8464-dd74933c4739:c2822, 76d6a15c-8eeb-4764-b555-ce8767d18d57:c2818, c90dcfdf-5973-4b56-a955-1fc4555f10cb:c2818]
2019-09-19 11:26:17,160 [grpc-default-executor-3] INFO  client.GrpcClientProtocolClient (GrpcClientProtocolClient.java:onNext(264)) - client-D9B31DDCE961->18b22b39-7551-46dd-8464-dd74933c4739: receive RaftClientReply:client-D9B31DDCE961->18b22b39-7551-46dd-8464-dd74933c4739@group-597320EF17B3, cid=1977, SUCCESS, logIndex=0, commits[18b22b39-7551-46dd-8464-dd74933c4739:c2822, 76d6a15c-8eeb-4764-b555-ce8767d18d57:c2820, c90dcfdf-5973-4b56-a955-1fc4555f10cb:c2820]
2019-09-19 11:26:17,185 [grpc-default-executor-1] INFO  client.GrpcClientProtocolClient (GrpcClientProtocolClient.java:onNext(264)) - client-D9B31DDCE961->18b22b39-7551-46dd-8464-dd74933c4739: receive RaftClientReply:client-D9B31DDCE961->18b22b39-7551-46dd-8464-dd74933c4739@group-597320EF17B3, cid=1978, SUCCESS, logIndex=2827, commits[18b22b39-7551-46dd-8464-dd74933c4739:c2828, 76d6a15c-8eeb-4764-b555-ce8767d18d57:c2823, c90dcfdf-5973-4b56-a955-1fc4555f10cb:c2823]
2019-09-19 11:26:17,186 [grpc-default-executor-1] INFO  client.GrpcClientProtocolClient (GrpcClientProtocolClient.java:onNext(264)) - client-D9B31DDCE961->18b22b39-7551-46dd-8464-dd74933c4739: receive RaftClientReply:client-D9B31DDCE961->18b22b39-7551-46dd-8464-dd74933c4739@group-597320EF17B3, cid=1979, SUCCESS, logIndex=2828, commits[18b22b39-7551-46dd-8464-dd74933c4739:c2828, 76d6a15c-8eeb-4764-b555-ce8767d18d57:c2823, c90dcfdf-5973-4b56-a955-1fc4555f10cb:c2823]
2019-09-19 11:26:17,200 [grpc-default-executor-1] INFO  client.GrpcClientProtocolClient (GrpcClientProtocolClient.java:onNext(264)) - client-D9B31DDCE961->18b22b39-7551-46dd-8464-dd74933c4739: receive RaftClientReply:client-D9B31DDCE961->18b22b39-7551-46dd-8464-dd74933c4739@group-597320EF17B3, cid=1980, SUCCESS, logIndex=2831, commits[18b22b39-7551-46dd-8464-dd74933c4739:c2832, 76d6a15c-8eeb-4764-b555-ce8767d18d57:c2828, c90dcfdf-5973-4b56-a955-1fc4555f10cb:c2828]
2019-09-19 11:26:17,200 [grpc-default-executor-1] INFO  client.GrpcClientProtocolClient (GrpcClientProtocolClient.java:onNext(264)) - client-D9B31DDCE961->18b22b39-7551-46dd-8464-dd74933c4739: receive RaftClientReply:client-D9B31DDCE961->18b22b39-7551-46dd-8464-dd74933c4739@group-597320EF17B3, cid=1981, SUCCESS, logIndex=2832, commits[18b22b39-7551-46dd-8464-dd74933c4739:c2832, 76d6a15c-8eeb-4764-b555-ce8767d18d57:c2828, c90dcfdf-5973-4b56-a955-1fc4555f10cb:c2828]
2019-09-19 11:26:17,226 [grpc-default-executor-1] INFO  client.GrpcClientProtocolClient (GrpcClientProtocolClient.java:onNext(264)) - client-D9B31DDCE961->18b22b39-7551-46dd-8464-dd74933c4739: receive RaftClientReply:client-D9B31DDCE961->18b22b39-7551-46dd-8464-dd74933c4739@group-597320EF17B3, cid=1982, SUCCESS, logIndex=0, commits[18b22b39-7551-46dd-8464-dd74933c4739:c2833, 76d6a15c-8eeb-4764-b555-ce8767d18d57:c2832, c90dcfdf-5973-4b56-a955-1fc4555f10cb:c2832]
2019-09-19 11:26:17,250 [grpc-default-executor-7] INFO  client.GrpcClientProtocolClient (GrpcClientProtocolClient.java:onNext(264)) - client-D9B31DDCE961->18b22b39-7551-46dd-8464-dd74933c4739: receive RaftClientReply:client-D9B31DDCE961->18b22b39-7551-46dd-8464-dd74933c4739@group-597320EF17B3, cid=1983, SUCCESS, logIndex=2835, commits[18b22b39-7551-46dd-8464-dd74933c4739:c2836, 76d6a15c-8eeb-4764-b555-ce8767d18d57:c2834, c90dcfdf-5973-4b56-a955-1fc4555f10cb:c2834]
2019-09-19 11:26:17,251 [grpc-default-executor-7] INFO  client.GrpcClientProtocolClient (GrpcClientProtocolClient.java:onNext(264)) - client-D9B31DDCE961->18b22b39-7551-46dd-8464-dd74933c4739: receive RaftClientReply:client-D9B31DDCE961->18b22b39-7551-46dd-8464-dd74933c4739@group-597320EF17B3, cid=1984, SUCCESS, logIndex=2836, commits[18b22b39-7551-46dd-8464-dd74933c4739:c2836, 76d6a15c-8eeb-4764-b555-ce8767d18d57:c2834, c90dcfdf-5973-4b56-a955-1fc4555f10cb:c2834]
2019-09-19 11:26:17,251 [grpc-default-executor-7] INFO  client.GrpcClientProtocolClient (GrpcClientProtocolClient.java:onNext(264)) - client-D9B31DDCE961->18b22b39-7551-46dd-8464-dd74933c4739: receive RaftClientReply:client-D9B31DDCE961->18b22b39-7551-46dd-8464-dd74933c4739@group-597320EF17B3, cid=1985, SUCCESS, logIndex=2837, commits[18b22b39-7551-46dd-8464-dd74933c4739:c2838, 76d6a15c-8eeb-4764-b555-ce8767d18d57:c2834, c90dcfdf-5973-4b56-a955-1fc4555f10cb:c2834]
2019-09-19 11:26:17,251 [grpc-default-executor-7] INFO  client.GrpcClientProtocolClient (GrpcClientProtocolClient.java:onNext(264)) - client-D9B31DDCE961->18b22b39-7551-46dd-8464-dd74933c4739: receive RaftClientReply:client-D9B31DDCE961->18b22b39-7551-46dd-8464-dd74933c4739@group-597320EF17B3, cid=1986, SUCCESS, logIndex=2838, commits[18b22b39-7551-46dd-8464-dd74933c4739:c2838, 76d6a15c-8eeb-4764-b555-ce8767d18d57:c2834, c90dcfdf-5973-4b56-a955-1fc4555f10cb:c2834]
2019-09-19 11:26:17,265 [grpc-default-executor-7] INFO  client.GrpcClientProtocolClient (GrpcClientProtocolClient.java:onNext(264)) - client-D9B31DDCE961->18b22b39-7551-46dd-8464-dd74933c4739: receive RaftClientReply:client-D9B31DDCE961->18b22b39-7551-46dd-8464-dd74933c4739@group-597320EF17B3, cid=1987, SUCCESS, logIndex=0, commits[18b22b39-7551-46dd-8464-dd74933c4739:c2840, 76d6a15c-8eeb-4764-b555-ce8767d18d57:c2836, c90dcfdf-5973-4b56-a955-1fc4555f10cb:c2836]
2019-09-19 11:26:17,290 [grpc-default-executor-7] INFO  client.GrpcClientProtocolClient (GrpcClientProtocolClient.java:onNext(264)) - client-D9B31DDCE961->18b22b39-7551-46dd-8464-dd74933c4739: receive RaftClientReply:client-D9B31DDCE961->18b22b39-7551-46dd-8464-dd74933c4739@group-597320EF17B3, cid=1988, SUCCESS, logIndex=2843, commits[18b22b39-7551-46dd-8464-dd74933c4739:c2844, 76d6a15c-8eeb-4764-b555-ce8767d18d57:c2842, c90dcfdf-5973-4b56-a955-1fc4555f10cb:c2842]
2019-09-19 11:26:17,290 [grpc-default-executor-7] INFO  client.GrpcClientProtocolClient (GrpcClientProtocolClient.java:onNext(264)) - client-D9B31DDCE961->18b22b39-7551-46dd-8464-dd74933c4739: receive RaftClientReply:client-D9B31DDCE961->18b22b39-7551-46dd-8464-dd74933c4739@group-597320EF17B3, cid=1989, SUCCESS, logIndex=2844, commits[18b22b39-7551-46dd-8464-dd74933c4739:c2844, 76d6a15c-8eeb-4764-b555-ce8767d18d57:c2842, c90dcfdf-5973-4b56-a955-1fc4555f10cb:c2842]
2019-09-19 11:26:17,305 [grpc-default-executor-5] INFO  client.GrpcClientProtocolClient (GrpcClientProtocolClient.java:onNext(264)) - client-D9B31DDCE961->18b22b39-7551-46dd-8464-dd74933c4739: receive RaftClientReply:client-D9B31DDCE961->18b22b39-7551-46dd-8464-dd74933c4739@group-597320EF17B3, cid=1990, SUCCESS, logIndex=2847, commits[18b22b39-7551-46dd-8464-dd74933c4739:c2848, 76d6a15c-8eeb-4764-b555-ce8767d18d57:c2844, c90dcfdf-5973-4b56-a955-1fc4555f10cb:c2844]
2019-09-19 11:26:17,305 [grpc-default-executor-5] INFO  client.GrpcClientProtocolClient (GrpcClientProtocolClient.java:onNext(264)) - client-D9B31DDCE961->18b22b39-7551-46dd-8464-dd74933c4739: receive RaftClientReply:client-D9B31DDCE961->18b22b39-7551-46dd-8464-dd74933c4739@group-597320EF17B3, cid=1991, SUCCESS, logIndex=2848, commits[18b22b39-7551-46dd-8464-dd74933c4739:c2848, 76d6a15c-8eeb-4764-b555-ce8767d18d57:c2844, c90dcfdf-5973-4b56-a955-1fc4555f10cb:c2844]
2019-09-19 11:26:17,502 [grpc-default-executor-1] INFO  client.GrpcClientProtocolClient (GrpcClientProtocolClient.java:onNext(264)) - client-D9B31DDCE961->18b22b39-7551-46dd-8464-dd74933c4739: receive RaftClientReply:client-D9B31DDCE961->18b22b39-7551-46dd-8464-dd74933c4739@group-597320EF17B3, cid=1992, SUCCESS, logIndex=0, commits[18b22b39-7551-46dd-8464-dd74933c4739:c2850, 76d6a15c-8eeb-4764-b555-ce8767d18d57:c2848, c90dcfdf-5973-4b56-a955-1fc4555f10cb:c2848]
2019-09-19 11:26:17,575 [grpc-default-executor-7] INFO  client.GrpcClientProtocolClient (GrpcClientProtocolClient.java:onNext(264)) - client-D9B31DDCE961->18b22b39-7551-46dd-8464-dd74933c4739: receive RaftClientReply:client-D9B31DDCE961->18b22b39-7551-46dd-8464-dd74933c4739@group-597320EF17B3, cid=1993, SUCCESS, logIndex=2851, commits[18b22b39-7551-46dd-8464-dd74933c4739:c2852, 76d6a15c-8eeb-4764-b555-ce8767d18d57:c2848, c90dcfdf-5973-4b56-a955-1fc4555f10cb:c2850]
2019-09-19 11:26:17,575 [grpc-default-executor-7] INFO  client.GrpcClientProtocolClient (GrpcClientProtocolClient.java:onNext(264)) - client-D9B31DDCE961->18b22b39-7551-46dd-8464-dd74933c4739: receive RaftClientReply:client-D9B31DDCE961->18b22b39-7551-46dd-8464-dd74933c4739@group-597320EF17B3, cid=1994, SUCCESS, logIndex=2852, commits[18b22b39-7551-46dd-8464-dd74933c4739:c2852, 76d6a15c-8eeb-4764-b555-ce8767d18d57:c2850, c90dcfdf-5973-4b56-a955-1fc4555f10cb:c2850]
2019-09-19 11:26:17,586 [grpc-default-executor-7] INFO  client.GrpcClientProtocolClient (GrpcClientProtocolClient.java:onNext(264)) - client-D9B31DDCE961->18b22b39-7551-46dd-8464-dd74933c4739: receive RaftClientReply:client-D9B31DDCE961->18b22b39-7551-46dd-8464-dd74933c4739@group-597320EF17B3, cid=1995, SUCCESS, logIndex=2853, commits[18b22b39-7551-46dd-8464-dd74933c4739:c2854, 76d6a15c-8eeb-4764-b555-ce8767d18d57:c2850, c90dcfdf-5973-4b56-a955-1fc4555f10cb:c2850]
2019-09-19 11:26:17,586 [grpc-default-executor-7] INFO  client.GrpcClientProtocolClient (GrpcClientProtocolClient.java:onNext(264)) - client-D9B31DDCE961->18b22b39-7551-46dd-8464-dd74933c4739: receive RaftClientReply:client-D9B31DDCE961->18b22b39-7551-46dd-8464-dd74933c4739@group-597320EF17B3, cid=1996, SUCCESS, logIndex=2854, commits[18b22b39-7551-46dd-8464-dd74933c4739:c2855, 76d6a15c-8eeb-4764-b555-ce8767d18d57:c2850, c90dcfdf-5973-4b56-a955-1fc4555f10cb:c2852]
2019-09-19 11:26:17,587 [grpc-default-executor-7] INFO  client.GrpcClientProtocolClient (GrpcClientProtocolClient.java:onNext(264)) - client-D9B31DDCE961->18b22b39-7551-46dd-8464-dd74933c4739: receive RaftClientReply:client-D9B31DDCE961->18b22b39-7551-46dd-8464-dd74933c4739@group-597320EF17B3, cid=1997, SUCCESS, logIndex=0, commits[18b22b39-7551-46dd-8464-dd74933c4739:c2856, 76d6a15c-8eeb-4764-b555-ce8767d18d57:c2852, c90dcfdf-5973-4b56-a955-1fc4555f10cb:c2852]
 0.00% |█                                                                                                    |  0/1 Time: 0:00:212019-09-19 11:26:17,807 [grpc-default-executor-7] INFO  client.GrpcClientProtocolClient (GrpcClientProtocolClient.java:onNext(264)) - client-D9B31DDCE961->18b22b39-7551-46dd-8464-dd74933c4739: receive RaftClientReply:client-D9B31DDCE961->18b22b39-7551-46dd-8464-dd74933c4739@group-597320EF17B3, cid=1998, SUCCESS, logIndex=2859, commits[18b22b39-7551-46dd-8464-dd74933c4739:c2860, 76d6a15c-8eeb-4764-b555-ce8767d18d57:c2857, c90dcfdf-5973-4b56-a955-1fc4555f10cb:c2854]
2019-09-19 11:26:17,807 [grpc-default-executor-7] INFO  client.GrpcClientProtocolClient (GrpcClientProtocolClient.java:onNext(264)) - client-D9B31DDCE961->18b22b39-7551-46dd-8464-dd74933c4739: receive RaftClientReply:client-D9B31DDCE961->18b22b39-7551-46dd-8464-dd74933c4739@group-597320EF17B3, cid=1999, SUCCESS, logIndex=2860, commits[18b22b39-7551-46dd-8464-dd74933c4739:c2860, 76d6a15c-8eeb-4764-b555-ce8767d18d57:c2857, c90dcfdf-5973-4b56-a955-1fc4555f10cb:c2857]
2019-09-19 11:26:17,825 [grpc-default-executor-1] INFO  client.GrpcClientProtocolClient (GrpcClientProtocolClient.java:onNext(264)) - client-D9B31DDCE961->18b22b39-7551-46dd-8464-dd74933c4739: receive RaftClientReply:client-D9B31DDCE961->18b22b39-7551-46dd-8464-dd74933c4739@group-597320EF17B3, cid=2000, SUCCESS, logIndex=2863, commits[18b22b39-7551-46dd-8464-dd74933c4739:c2864, 76d6a15c-8eeb-4764-b555-ce8767d18d57:c2861, c90dcfdf-5973-4b56-a955-1fc4555f10cb:c2861]
2019-09-19 11:26:17,825 [grpc-default-executor-1] INFO  client.GrpcClientProtocolClient (GrpcClientProtocolClient.java:onNext(264)) - client-D9B31DDCE961->18b22b39-7551-46dd-8464-dd74933c4739: receive RaftClientReply:client-D9B31DDCE961->18b22b39-7551-46dd-8464-dd74933c4739@group-597320EF17B3, cid=2001, SUCCESS, logIndex=2864, commits[18b22b39-7551-46dd-8464-dd74933c4739:c2864, 76d6a15c-8eeb-4764-b555-ce8767d18d57:c2861, c90dcfdf-5973-4b56-a955-1fc4555f10cb:c2861]
2019-09-19 11:26:17,841 [grpc-default-executor-1] INFO  client.GrpcClientProtocolClient (GrpcClientProtocolClient.java:onNext(264)) - client-D9B31DDCE961->18b22b39-7551-46dd-8464-dd74933c4739: receive RaftClientReply:client-D9B31DDCE961->18b22b39-7551-46dd-8464-dd74933c4739@group-597320EF17B3, cid=2002, SUCCESS, logIndex=0, commits[18b22b39-7551-46dd-8464-dd74933c4739:c2866, 76d6a15c-8eeb-4764-b555-ce8767d18d57:c2864, c90dcfdf-5973-4b56-a955-1fc4555f10cb:c2864]
2019-09-19 11:26:17,870 [grpc-default-executor-1] INFO  client.GrpcClientProtocolClient (GrpcClientProtocolClient.java:onNext(264)) - client-D9B31DDCE961->18b22b39-7551-46dd-8464-dd74933c4739: receive RaftClientReply:client-D9B31DDCE961->18b22b39-7551-46dd-8464-dd74933c4739@group-597320EF17B3, cid=2003, SUCCESS, logIndex=2867, commits[18b22b39-7551-46dd-8464-dd74933c4739:c2868, 76d6a15c-8eeb-4764-b555-ce8767d18d57:c2866, c90dcfdf-5973-4b56-a955-1fc4555f10cb:c2866]
2019-09-19 11:26:17,870 [grpc-default-executor-1] INFO  client.GrpcClientProtocolClient (GrpcClientProtocolClient.java:onNext(264)) - client-D9B31DDCE961->18b22b39-7551-46dd-8464-dd74933c4739: receive RaftClientReply:client-D9B31DDCE961->18b22b39-7551-46dd-8464-dd74933c4739@group-597320EF17B3, cid=2004, SUCCESS, logIndex=2868, commits[18b22b39-7551-46dd-8464-dd74933c4739:c2868, 76d6a15c-8eeb-4764-b555-ce8767d18d57:c2866, c90dcfdf-5973-4b56-a955-1fc4555f10cb:c2866]
2019-09-19 11:26:17,871 [grpc-default-executor-1] INFO  client.GrpcClientProtocolClient (GrpcClientProtocolClient.java:onNext(264)) - client-D9B31DDCE961->18b22b39-7551-46dd-8464-dd74933c4739: receive RaftClientReply:client-D9B31DDCE961->18b22b39-7551-46dd-8464-dd74933c4739@group-597320EF17B3, cid=2005, SUCCESS, logIndex=2869, commits[18b22b39-7551-46dd-8464-dd74933c4739:c2870, 76d6a15c-8eeb-4764-b555-ce8767d18d57:c2866, c90dcfdf-5973-4b56-a955-1fc4555f10cb:c2866]
2019-09-19 11:26:17,871 [grpc-default-executor-1] INFO  client.GrpcClientProtocolClient (GrpcClientProtocolClient.java:onNext(264)) - client-D9B31DDCE961->18b22b39-7551-46dd-8464-dd74933c4739: receive RaftClientReply:client-D9B31DDCE961->18b22b39-7551-46dd-8464-dd74933c4739@group-597320EF17B3, cid=2006, SUCCESS, logIndex=2870, commits[18b22b39-7551-46dd-8464-dd74933c4739:c2870, 76d6a15c-8eeb-4764-b555-ce8767d18d57:c2866, c90dcfdf-5973-4b56-a955-1fc4555f10cb:c2866]
2019-09-19 11:26:17,885 [grpc-default-executor-1] INFO  client.GrpcClientProtocolClient (GrpcClientProtocolClient.java:onNext(264)) - client-D9B31DDCE961->18b22b39-7551-46dd-8464-dd74933c4739: receive RaftClientReply:client-D9B31DDCE961->18b22b39-7551-46dd-8464-dd74933c4739@group-597320EF17B3, cid=2007, SUCCESS, logIndex=0, commits[18b22b39-7551-46dd-8464-dd74933c4739:c2872, 76d6a15c-8eeb-4764-b555-ce8767d18d57:c2868, c90dcfdf-5973-4b56-a955-1fc4555f10cb:c2868]
2019-09-19 11:26:17,912 [grpc-default-executor-7] INFO  client.GrpcClientProtocolClient (GrpcClientProtocolClient.java:onNext(264)) - client-D9B31DDCE961->18b22b39-7551-46dd-8464-dd74933c4739: receive RaftClientReply:client-D9B31DDCE961->18b22b39-7551-46dd-8464-dd74933c4739@group-597320EF17B3, cid=2008, SUCCESS, logIndex=2875, commits[18b22b39-7551-46dd-8464-dd74933c4739:c2876, 76d6a15c-8eeb-4764-b555-ce8767d18d57:c2874, c90dcfdf-5973-4b56-a955-1fc4555f10cb:c2874]
2019-09-19 11:26:17,912 [grpc-default-executor-7] INFO  client.GrpcClientProtocolClient (GrpcClientProtocolClient.java:onNext(264)) - client-D9B31DDCE961->18b22b39-7551-46dd-8464-dd74933c4739: receive RaftClientReply:client-D9B31DDCE961->18b22b39-7551-46dd-8464-dd74933c4739@group-597320EF17B3, cid=2009, SUCCESS, logIndex=2876, commits[18b22b39-7551-46dd-8464-dd74933c4739:c2876, 76d6a15c-8eeb-4764-b555-ce8767d18d57:c2874, c90dcfdf-5973-4b56-a955-1fc4555f10cb:c2874]
2019-09-19 11:26:17,926 [grpc-default-executor-1] INFO  client.GrpcClientProtocolClient (GrpcClientProtocolClient.java:onNext(264)) - client-D9B31DDCE961->18b22b39-7551-46dd-8464-dd74933c4739: receive RaftClientReply:client-D9B31DDCE961->18b22b39-7551-46dd-8464-dd74933c4739@group-597320EF17B3, cid=2010, SUCCESS, logIndex=2879, commits[18b22b39-7551-46dd-8464-dd74933c4739:c2880, 76d6a15c-8eeb-4764-b555-ce8767d18d57:c2876, c90dcfdf-5973-4b56-a955-1fc4555f10cb:c2876]
2019-09-19 11:26:17,927 [grpc-default-executor-1] INFO  client.GrpcClientProtocolClient (GrpcClientProtocolClient.java:onNext(264)) - client-D9B31DDCE961->18b22b39-7551-46dd-8464-dd74933c4739: receive RaftClientReply:client-D9B31DDCE961->18b22b39-7551-46dd-8464-dd74933c4739@group-597320EF17B3, cid=2011, SUCCESS, logIndex=2880, commits[18b22b39-7551-46dd-8464-dd74933c4739:c2880, 76d6a15c-8eeb-4764-b555-ce8767d18d57:c2876, c90dcfdf-5973-4b56-a955-1fc4555f10cb:c2876]
2019-09-19 11:26:17,939 [grpc-default-executor-1] INFO  client.GrpcClientProtocolClient (GrpcClientProtocolClient.java:onNext(264)) - client-D9B31DDCE961->18b22b39-7551-46dd-8464-dd74933c4739: receive RaftClientReply:client-D9B31DDCE961->18b22b39-7551-46dd-8464-dd74933c4739@group-597320EF17B3, cid=2012, SUCCESS, logIndex=0, commits[18b22b39-7551-46dd-8464-dd74933c4739:c2882, 76d6a15c-8eeb-4764-b555-ce8767d18d57:c2880, c90dcfdf-5973-4b56-a955-1fc4555f10cb:c2880]
2019-09-19 11:26:17,965 [grpc-default-executor-7] INFO  client.GrpcClientProtocolClient (GrpcClientProtocolClient.java:onNext(264)) - client-D9B31DDCE961->18b22b39-7551-46dd-8464-dd74933c4739: receive RaftClientReply:client-D9B31DDCE961->18b22b39-7551-46dd-8464-dd74933c4739@group-597320EF17B3, cid=2013, SUCCESS, logIndex=2883, commits[18b22b39-7551-46dd-8464-dd74933c4739:c2884, 76d6a15c-8eeb-4764-b555-ce8767d18d57:c2882, c90dcfdf-5973-4b56-a955-1fc4555f10cb:c2882]
2019-09-19 11:26:17,966 [grpc-default-executor-7] INFO  client.GrpcClientProtocolClient (GrpcClientProtocolClient.java:onNext(264)) - client-D9B31DDCE961->18b22b39-7551-46dd-8464-dd74933c4739: receive RaftClientReply:client-D9B31DDCE961->18b22b39-7551-46dd-8464-dd74933c4739@group-597320EF17B3, cid=2014, SUCCESS, logIndex=2884, commits[18b22b39-7551-46dd-8464-dd74933c4739:c2885, 76d6a15c-8eeb-4764-b555-ce8767d18d57:c2882, c90dcfdf-5973-4b56-a955-1fc4555f10cb:c2882]
2019-09-19 11:26:17,966 [grpc-default-executor-7] INFO  client.GrpcClientProtocolClient (GrpcClientProtocolClient.java:onNext(264)) - client-D9B31DDCE961->18b22b39-7551-46dd-8464-dd74933c4739: receive RaftClientReply:client-D9B31DDCE961->18b22b39-7551-46dd-8464-dd74933c4739@group-597320EF17B3, cid=2015, SUCCESS, logIndex=2885, commits[18b22b39-7551-46dd-8464-dd74933c4739:c2886, 76d6a15c-8eeb-4764-b555-ce8767d18d57:c2882, c90dcfdf-5973-4b56-a955-1fc4555f10cb:c2882]
2019-09-19 11:26:17,966 [grpc-default-executor-7] INFO  client.GrpcClientProtocolClient (GrpcClientProtocolClient.java:onNext(264)) - client-D9B31DDCE961->18b22b39-7551-46dd-8464-dd74933c4739: receive RaftClientReply:client-D9B31DDCE961->18b22b39-7551-46dd-8464-dd74933c4739@group-597320EF17B3, cid=2016, SUCCESS, logIndex=2886, commits[18b22b39-7551-46dd-8464-dd74933c4739:c2886, 76d6a15c-8eeb-4764-b555-ce8767d18d57:c2882, c90dcfdf-5973-4b56-a955-1fc4555f10cb:c2882]
2019-09-19 11:26:17,979 [grpc-default-executor-5] INFO  client.GrpcClientProtocolClient (GrpcClientProtocolClient.java:onNext(264)) - client-D9B31DDCE961->18b22b39-7551-46dd-8464-dd74933c4739: receive RaftClientReply:client-D9B31DDCE961->18b22b39-7551-46dd-8464-dd74933c4739@group-597320EF17B3, cid=2017, SUCCESS, logIndex=0, commits[18b22b39-7551-46dd-8464-dd74933c4739:c2890, 76d6a15c-8eeb-4764-b555-ce8767d18d57:c2886, c90dcfdf-5973-4b56-a955-1fc4555f10cb:c2884]
2019-09-19 11:26:17,996 [grpc-default-executor-5] INFO  client.GrpcClientProtocolClient (GrpcClientProtocolClient.java:onNext(264)) - client-D9B31DDCE961->18b22b39-7551-46dd-8464-dd74933c4739: receive RaftClientReply:client-D9B31DDCE961->18b22b39-7551-46dd-8464-dd74933c4739@group-597320EF17B3, cid=2018, SUCCESS, logIndex=2891, commits[18b22b39-7551-46dd-8464-dd74933c4739:c2892, 76d6a15c-8eeb-4764-b555-ce8767d18d57:c2890, c90dcfdf-5973-4b56-a955-1fc4555f10cb:c2890]
2019-09-19 11:26:17,997 [grpc-default-executor-5] INFO  client.GrpcClientProtocolClient (GrpcClientProtocolClient.java:onNext(264)) - client-D9B31DDCE961->18b22b39-7551-46dd-8464-dd74933c4739: receive RaftClientReply:client-D9B31DDCE961->18b22b39-7551-46dd-8464-dd74933c4739@group-597320EF17B3, cid=2019, SUCCESS, logIndex=2892, commits[18b22b39-7551-46dd-8464-dd74933c4739:c2892, 76d6a15c-8eeb-4764-b555-ce8767d18d57:c2890, c90dcfdf-5973-4b56-a955-1fc4555f10cb:c2890]
2019-09-19 11:26:18,009 [grpc-default-executor-5] INFO  client.GrpcClientProtocolClient (GrpcClientProtocolClient.java:onNext(264)) - client-D9B31DDCE961->18b22b39-7551-46dd-8464-dd74933c4739: receive RaftClientReply:client-D9B31DDCE961->18b22b39-7551-46dd-8464-dd74933c4739@group-597320EF17B3, cid=2020, SUCCESS, logIndex=2895, commits[18b22b39-7551-46dd-8464-dd74933c4739:c2896, 76d6a15c-8eeb-4764-b555-ce8767d18d57:c2892, c90dcfdf-5973-4b56-a955-1fc4555f10cb:c2891]
2019-09-19 11:26:18,010 [grpc-default-executor-5] INFO  client.GrpcClientProtocolClient (GrpcClientProtocolClient.java:onNext(264)) - client-D9B31DDCE961->18b22b39-7551-46dd-8464-dd74933c4739: receive RaftClientReply:client-D9B31DDCE961->18b22b39-7551-46dd-8464-dd74933c4739@group-597320EF17B3, cid=2021, SUCCESS, logIndex=2896, commits[18b22b39-7551-46dd-8464-dd74933c4739:c2896, 76d6a15c-8eeb-4764-b555-ce8767d18d57:c2892, c90dcfdf-5973-4b56-a955-1fc4555f10cb:c2892]
2019-09-19 11:26:18,024 [grpc-default-executor-5] INFO  client.GrpcClientProtocolClient (GrpcClientProtocolClient.java:onNext(264)) - client-D9B31DDCE961->18b22b39-7551-46dd-8464-dd74933c4739: receive RaftClientReply:client-D9B31DDCE961->18b22b39-7551-46dd-8464-dd74933c4739@group-597320EF17B3, cid=2022, SUCCESS, logIndex=0, commits[18b22b39-7551-46dd-8464-dd74933c4739:c2898, 76d6a15c-8eeb-4764-b555-ce8767d18d57:c2896, c90dcfdf-5973-4b56-a955-1fc4555f10cb:c2896]
2019-09-19 11:26:18,048 [grpc-default-executor-1] INFO  client.GrpcClientProtocolClient (GrpcClientProtocolClient.java:onNext(264)) - client-D9B31DDCE961->18b22b39-7551-46dd-8464-dd74933c4739: receive RaftClientReply:client-D9B31DDCE961->18b22b39-7551-46dd-8464-dd74933c4739@group-597320EF17B3, cid=2023, SUCCESS, logIndex=2899, commits[18b22b39-7551-46dd-8464-dd74933c4739:c2900, 76d6a15c-8eeb-4764-b555-ce8767d18d57:c2898, c90dcfdf-5973-4b56-a955-1fc4555f10cb:c2898]
2019-09-19 11:26:18,048 [grpc-default-executor-1] INFO  client.GrpcClientProtocolClient (GrpcClientProtocolClient.java:onNext(264)) - client-D9B31DDCE961->18b22b39-7551-46dd-8464-dd74933c4739: receive RaftClientReply:client-D9B31DDCE961->18b22b39-7551-46dd-8464-dd74933c4739@group-597320EF17B3, cid=2024, SUCCESS, logIndex=2900, commits[18b22b39-7551-46dd-8464-dd74933c4739:c2902, 76d6a15c-8eeb-4764-b555-ce8767d18d57:c2898, c90dcfdf-5973-4b56-a955-1fc4555f10cb:c2898]
2019-09-19 11:26:18,049 [grpc-default-executor-5] INFO  client.GrpcClientProtocolClient (GrpcClientProtocolClient.java:onNext(264)) - client-D9B31DDCE961->18b22b39-7551-46dd-8464-dd74933c4739: receive RaftClientReply:client-D9B31DDCE961->18b22b39-7551-46dd-8464-dd74933c4739@group-597320EF17B3, cid=2025, SUCCESS, logIndex=2901, commits[18b22b39-7551-46dd-8464-dd74933c4739:c2902, 76d6a15c-8eeb-4764-b555-ce8767d18d57:c2898, c90dcfdf-5973-4b56-a955-1fc4555f10cb:c2898]
2019-09-19 11:26:18,049 [grpc-default-executor-5] INFO  client.GrpcClientProtocolClient (GrpcClientProtocolClient.java:onNext(264)) - client-D9B31DDCE961->18b22b39-7551-46dd-8464-dd74933c4739: receive RaftClientReply:client-D9B31DDCE961->18b22b39-7551-46dd-8464-dd74933c4739@group-597320EF17B3, cid=2026, SUCCESS, logIndex=2902, commits[18b22b39-7551-46dd-8464-dd74933c4739:c2902, 76d6a15c-8eeb-4764-b555-ce8767d18d57:c2898, c90dcfdf-5973-4b56-a955-1fc4555f10cb:c2898]
2019-09-19 11:26:18,062 [grpc-default-executor-5] INFO  client.GrpcClientProtocolClient (GrpcClientProtocolClient.java:onNext(264)) - client-D9B31DDCE961->18b22b39-7551-46dd-8464-dd74933c4739: receive RaftClientReply:client-D9B31DDCE961->18b22b39-7551-46dd-8464-dd74933c4739@group-597320EF17B3, cid=2027, SUCCESS, logIndex=0, commits[18b22b39-7551-46dd-8464-dd74933c4739:c2906, 76d6a15c-8eeb-4764-b555-ce8767d18d57:c2900, c90dcfdf-5973-4b56-a955-1fc4555f10cb:c2902]
2019-09-19 11:26:18,077 [grpc-default-executor-5] INFO  client.GrpcClientProtocolClient (GrpcClientProtocolClient.java:onNext(264)) - client-D9B31DDCE961->18b22b39-7551-46dd-8464-dd74933c4739: receive RaftClientReply:client-D9B31DDCE961->18b22b39-7551-46dd-8464-dd74933c4739@group-597320EF17B3, cid=2028, SUCCESS, logIndex=2907, commits[18b22b39-7551-46dd-8464-dd74933c4739:c2907, 76d6a15c-8eeb-4764-b555-ce8767d18d57:c2906, c90dcfdf-5973-4b56-a955-1fc4555f10cb:c2906]
2019-09-19 11:26:18,077 [grpc-default-executor-5] INFO  client.GrpcClientProtocolClient (GrpcClientProtocolClient.java:onNext(264)) - client-D9B31DDCE961->18b22b39-7551-46dd-8464-dd74933c4739: receive RaftClientReply:client-D9B31DDCE961->18b22b39-7551-46dd-8464-dd74933c4739@group-597320EF17B3, cid=2029, SUCCESS, logIndex=2908, commits[18b22b39-7551-46dd-8464-dd74933c4739:c2908, 76d6a15c-8eeb-4764-b555-ce8767d18d57:c2906, c90dcfdf-5973-4b56-a955-1fc4555f10cb:c2906]
2019-09-19 11:26:18,092 [grpc-default-executor-7] INFO  client.GrpcClientProtocolClient (GrpcClientProtocolClient.java:onNext(264)) - client-D9B31DDCE961->18b22b39-7551-46dd-8464-dd74933c4739: receive RaftClientReply:client-D9B31DDCE961->18b22b39-7551-46dd-8464-dd74933c4739@group-597320EF17B3, cid=2030, SUCCESS, logIndex=2911, commits[18b22b39-7551-46dd-8464-dd74933c4739:c2912, 76d6a15c-8eeb-4764-b555-ce8767d18d57:c2908, c90dcfdf-5973-4b56-a955-1fc4555f10cb:c2908]
2019-09-19 11:26:18,092 [grpc-default-executor-7] INFO  client.GrpcClientProtocolClient (GrpcClientProtocolClient.java:onNext(264)) - client-D9B31DDCE961->18b22b39-7551-46dd-8464-dd74933c4739: receive RaftClientReply:client-D9B31DDCE961->18b22b39-7551-46dd-8464-dd74933c4739@group-597320EF17B3, cid=2031, SUCCESS, logIndex=2912, commits[18b22b39-7551-46dd-8464-dd74933c4739:c2912, 76d6a15c-8eeb-4764-b555-ce8767d18d57:c2908, c90dcfdf-5973-4b56-a955-1fc4555f10cb:c2908]
2019-09-19 11:26:18,115 [grpc-default-executor-5] INFO  client.GrpcClientProtocolClient (GrpcClientProtocolClient.java:onNext(264)) - client-D9B31DDCE961->18b22b39-7551-46dd-8464-dd74933c4739: receive RaftClientReply:client-D9B31DDCE961->18b22b39-7551-46dd-8464-dd74933c4739@group-597320EF17B3, cid=2032, SUCCESS, logIndex=0, commits[18b22b39-7551-46dd-8464-dd74933c4739:c2912, 76d6a15c-8eeb-4764-b555-ce8767d18d57:c2912, c90dcfdf-5973-4b56-a955-1fc4555f10cb:c2912]
2019-09-19 11:26:18,143 [grpc-default-executor-5] INFO  client.GrpcClientProtocolClient (GrpcClientProtocolClient.java:onNext(264)) - client-D9B31DDCE961->18b22b39-7551-46dd-8464-dd74933c4739: receive RaftClientReply:client-D9B31DDCE961->18b22b39-7551-46dd-8464-dd74933c4739@group-597320EF17B3, cid=2033, SUCCESS, logIndex=2915, commits[18b22b39-7551-46dd-8464-dd74933c4739:c2916, 76d6a15c-8eeb-4764-b555-ce8767d18d57:c2914, c90dcfdf-5973-4b56-a955-1fc4555f10cb:c2914]
2019-09-19 11:26:18,143 [grpc-default-executor-7] INFO  client.GrpcClientProtocolClient (GrpcClientProtocolClient.java:onNext(264)) - client-D9B31DDCE961->18b22b39-7551-46dd-8464-dd74933c4739: receive RaftClientReply:client-D9B31DDCE961->18b22b39-7551-46dd-8464-dd74933c4739@group-597320EF17B3, cid=2034, SUCCESS, logIndex=2916, commits[18b22b39-7551-46dd-8464-dd74933c4739:c2916, 76d6a15c-8eeb-4764-b555-ce8767d18d57:c2914, c90dcfdf-5973-4b56-a955-1fc4555f10cb:c2914]
2019-09-19 11:26:18,144 [grpc-default-executor-7] INFO  client.GrpcClientProtocolClient (GrpcClientProtocolClient.java:onNext(264)) - client-D9B31DDCE961->18b22b39-7551-46dd-8464-dd74933c4739: receive RaftClientReply:client-D9B31DDCE961->18b22b39-7551-46dd-8464-dd74933c4739@group-597320EF17B3, cid=2035, SUCCESS, logIndex=2917, commits[18b22b39-7551-46dd-8464-dd74933c4739:c2918, 76d6a15c-8eeb-4764-b555-ce8767d18d57:c2914, c90dcfdf-5973-4b56-a955-1fc4555f10cb:c2914]
2019-09-19 11:26:18,144 [grpc-default-executor-7] INFO  client.GrpcClientProtocolClient (GrpcClientProtocolClient.java:onNext(264)) - client-D9B31DDCE961->18b22b39-7551-46dd-8464-dd74933c4739: receive RaftClientReply:client-D9B31DDCE961->18b22b39-7551-46dd-8464-dd74933c4739@group-597320EF17B3, cid=2036, SUCCESS, logIndex=2918, commits[18b22b39-7551-46dd-8464-dd74933c4739:c2918, 76d6a15c-8eeb-4764-b555-ce8767d18d57:c2914, c90dcfdf-5973-4b56-a955-1fc4555f10cb:c2914]
2019-09-19 11:26:18,146 [grpc-default-executor-7] INFO  client.GrpcClientProtocolClient (GrpcClientProtocolClient.java:onNext(264)) - client-D9B31DDCE961->18b22b39-7551-46dd-8464-dd74933c4739: receive RaftClientReply:client-D9B31DDCE961->18b22b39-7551-46dd-8464-dd74933c4739@group-597320EF17B3, cid=2037, SUCCESS, logIndex=0, commits[18b22b39-7551-46dd-8464-dd74933c4739:c2920, 76d6a15c-8eeb-4764-b555-ce8767d18d57:c2918, c90dcfdf-5973-4b56-a955-1fc4555f10cb:c2916]
2019-09-19 11:26:18,164 [grpc-default-executor-7] INFO  client.GrpcClientProtocolClient (GrpcClientProtocolClient.java:onNext(264)) - client-D9B31DDCE961->18b22b39-7551-46dd-8464-dd74933c4739: receive RaftClientReply:client-D9B31DDCE961->18b22b39-7551-46dd-8464-dd74933c4739@group-597320EF17B3, cid=2038, SUCCESS, logIndex=2922, commits[18b22b39-7551-46dd-8464-dd74933c4739:c2923, 76d6a15c-8eeb-4764-b555-ce8767d18d57:c2921, c90dcfdf-5973-4b56-a955-1fc4555f10cb:c2921]
2019-09-19 11:26:18,165 [grpc-default-executor-7] INFO  client.GrpcClientProtocolClient (GrpcClientProtocolClient.java:onNext(264)) - client-D9B31DDCE961->18b22b39-7551-46dd-8464-dd74933c4739: receive RaftClientReply:client-D9B31DDCE961->18b22b39-7551-46dd-8464-dd74933c4739@group-597320EF17B3, cid=2039, SUCCESS, logIndex=2923, commits[18b22b39-7551-46dd-8464-dd74933c4739:c2923, 76d6a15c-8eeb-4764-b555-ce8767d18d57:c2921, c90dcfdf-5973-4b56-a955-1fc4555f10cb:c2921]
2019-09-19 11:26:18,179 [grpc-default-executor-5] INFO  client.GrpcClientProtocolClient (GrpcClientProtocolClient.java:onNext(264)) - client-D9B31DDCE961->18b22b39-7551-46dd-8464-dd74933c4739: receive RaftClientReply:client-D9B31DDCE961->18b22b39-7551-46dd-8464-dd74933c4739@group-597320EF17B3, cid=2040, SUCCESS, logIndex=2926, commits[18b22b39-7551-46dd-8464-dd74933c4739:c2927, 76d6a15c-8eeb-4764-b555-ce8767d18d57:c2923, c90dcfdf-5973-4b56-a955-1fc4555f10cb:c2923]
2019-09-19 11:26:18,179 [grpc-default-executor-5] INFO  client.GrpcClientProtocolClient (GrpcClientProtocolClient.java:onNext(264)) - client-D9B31DDCE961->18b22b39-7551-46dd-8464-dd74933c4739: receive RaftClientReply:client-D9B31DDCE961->18b22b39-7551-46dd-8464-dd74933c4739@group-597320EF17B3, cid=2041, SUCCESS, logIndex=2927, commits[18b22b39-7551-46dd-8464-dd74933c4739:c2927, 76d6a15c-8eeb-4764-b555-ce8767d18d57:c2923, c90dcfdf-5973-4b56-a955-1fc4555f10cb:c2923]
2019-09-19 11:26:18,191 [grpc-default-executor-5] INFO  client.GrpcClientProtocolClient (GrpcClientProtocolClient.java:onNext(264)) - client-D9B31DDCE961->18b22b39-7551-46dd-8464-dd74933c4739: receive RaftClientReply:client-D9B31DDCE961->18b22b39-7551-46dd-8464-dd74933c4739@group-597320EF17B3, cid=2042, SUCCESS, logIndex=0, commits[18b22b39-7551-46dd-8464-dd74933c4739:c2928, 76d6a15c-8eeb-4764-b555-ce8767d18d57:c2927, c90dcfdf-5973-4b56-a955-1fc4555f10cb:c2927]
2019-09-19 11:26:18,219 [grpc-default-executor-1] INFO  client.GrpcClientProtocolClient (GrpcClientProtocolClient.java:onNext(264)) - client-D9B31DDCE961->18b22b39-7551-46dd-8464-dd74933c4739: receive RaftClientReply:client-D9B31DDCE961->18b22b39-7551-46dd-8464-dd74933c4739@group-597320EF17B3, cid=2043, SUCCESS, logIndex=2930, commits[18b22b39-7551-46dd-8464-dd74933c4739:c2931, 76d6a15c-8eeb-4764-b555-ce8767d18d57:c2929, c90dcfdf-5973-4b56-a955-1fc4555f10cb:c2929]
2019-09-19 11:26:18,220 [grpc-default-executor-1] INFO  client.GrpcClientProtocolClient (GrpcClientProtocolClient.java:onNext(264)) - client-D9B31DDCE961->18b22b39-7551-46dd-8464-dd74933c4739: receive RaftClientReply:client-D9B31DDCE961->18b22b39-7551-46dd-8464-dd74933c4739@group-597320EF17B3, cid=2044, SUCCESS, logIndex=2931, commits[18b22b39-7551-46dd-8464-dd74933c4739:c2932, 76d6a15c-8eeb-4764-b555-ce8767d18d57:c2929, c90dcfdf-5973-4b56-a955-1fc4555f10cb:c2929]
2019-09-19 11:26:18,220 [grpc-default-executor-1] INFO  client.GrpcClientProtocolClient (GrpcClientProtocolClient.java:onNext(264)) - client-D9B31DDCE961->18b22b39-7551-46dd-8464-dd74933c4739: receive RaftClientReply:client-D9B31DDCE961->18b22b39-7551-46dd-8464-dd74933c4739@group-597320EF17B3, cid=2045, SUCCESS, logIndex=2932, commits[18b22b39-7551-46dd-8464-dd74933c4739:c2933, 76d6a15c-8eeb-4764-b555-ce8767d18d57:c2929, c90dcfdf-5973-4b56-a955-1fc4555f10cb:c2929]
2019-09-19 11:26:18,220 [grpc-default-executor-1] INFO  client.GrpcClientProtocolClient (GrpcClientProtocolClient.java:onNext(264)) - client-D9B31DDCE961->18b22b39-7551-46dd-8464-dd74933c4739: receive RaftClientReply:client-D9B31DDCE961->18b22b39-7551-46dd-8464-dd74933c4739@group-597320EF17B3, cid=2046, SUCCESS, logIndex=2933, commits[18b22b39-7551-46dd-8464-dd74933c4739:c2933, 76d6a15c-8eeb-4764-b555-ce8767d18d57:c2929, c90dcfdf-5973-4b56-a955-1fc4555f10cb:c2929]
2019-09-19 11:26:18,233 [grpc-default-executor-1] INFO  client.GrpcClientProtocolClient (GrpcClientProtocolClient.java:onNext(264)) - client-D9B31DDCE961->18b22b39-7551-46dd-8464-dd74933c4739: receive RaftClientReply:client-D9B31DDCE961->18b22b39-7551-46dd-8464-dd74933c4739@group-597320EF17B3, cid=2047, SUCCESS, logIndex=0, commits[18b22b39-7551-46dd-8464-dd74933c4739:c2935, 76d6a15c-8eeb-4764-b555-ce8767d18d57:c2931, c90dcfdf-5973-4b56-a955-1fc4555f10cb:c2931]
2019-09-19 11:26:18,252 [grpc-default-executor-1] INFO  client.GrpcClientProtocolClient (GrpcClientProtocolClient.java:onNext(264)) - client-D9B31DDCE961->18b22b39-7551-46dd-8464-dd74933c4739: receive RaftClientReply:client-D9B31DDCE961->18b22b39-7551-46dd-8464-dd74933c4739@group-597320EF17B3, cid=2048, SUCCESS, logIndex=2938, commits[18b22b39-7551-46dd-8464-dd74933c4739:c2939, 76d6a15c-8eeb-4764-b555-ce8767d18d57:c2937, c90dcfdf-5973-4b56-a955-1fc4555f10cb:c2937]
2019-09-19 11:26:18,252 [grpc-default-executor-1] INFO  client.GrpcClientProtocolClient (GrpcClientProtocolClient.java:onNext(264)) - client-D9B31DDCE961->18b22b39-7551-46dd-8464-dd74933c4739: receive RaftClientReply:client-D9B31DDCE961->18b22b39-7551-46dd-8464-dd74933c4739@group-597320EF17B3, cid=2049, SUCCESS, logIndex=2939, commits[18b22b39-7551-46dd-8464-dd74933c4739:c2939, 76d6a15c-8eeb-4764-b555-ce8767d18d57:c2937, c90dcfdf-5973-4b56-a955-1fc4555f10cb:c2937]
2019-09-19 11:26:18,265 [grpc-default-executor-5] INFO  client.GrpcClientProtocolClient (GrpcClientProtocolClient.java:onNext(264)) - client-D9B31DDCE961->18b22b39-7551-46dd-8464-dd74933c4739: receive RaftClientReply:client-D9B31DDCE961->18b22b39-7551-46dd-8464-dd74933c4739@group-597320EF17B3, cid=2050, SUCCESS, logIndex=2942, commits[18b22b39-7551-46dd-8464-dd74933c4739:c2943, 76d6a15c-8eeb-4764-b555-ce8767d18d57:c2939, c90dcfdf-5973-4b56-a955-1fc4555f10cb:c2939]
2019-09-19 11:26:18,265 [grpc-default-executor-5] INFO  client.GrpcClientProtocolClient (GrpcClientProtocolClient.java:onNext(264)) - client-D9B31DDCE961->18b22b39-7551-46dd-8464-dd74933c4739: receive RaftClientReply:client-D9B31DDCE961->18b22b39-7551-46dd-8464-dd74933c4739@group-597320EF17B3, cid=2051, SUCCESS, logIndex=2943, commits[18b22b39-7551-46dd-8464-dd74933c4739:c2943, 76d6a15c-8eeb-4764-b555-ce8767d18d57:c2939, c90dcfdf-5973-4b56-a955-1fc4555f10cb:c2939]
2019-09-19 11:26:18,279 [grpc-default-executor-5] INFO  client.GrpcClientProtocolClient (GrpcClientProtocolClient.java:onNext(264)) - client-D9B31DDCE961->18b22b39-7551-46dd-8464-dd74933c4739: receive RaftClientReply:client-D9B31DDCE961->18b22b39-7551-46dd-8464-dd74933c4739@group-597320EF17B3, cid=2052, SUCCESS, logIndex=0, commits[18b22b39-7551-46dd-8464-dd74933c4739:c2945, 76d6a15c-8eeb-4764-b555-ce8767d18d57:c2943, c90dcfdf-5973-4b56-a955-1fc4555f10cb:c2943]
2019-09-19 11:26:18,305 [grpc-default-executor-7] INFO  client.GrpcClientProtocolClient (GrpcClientProtocolClient.java:onNext(264)) - client-D9B31DDCE961->18b22b39-7551-46dd-8464-dd74933c4739: receive RaftClientReply:client-D9B31DDCE961->18b22b39-7551-46dd-8464-dd74933c4739@group-597320EF17B3, cid=2053, SUCCESS, logIndex=2946, commits[18b22b39-7551-46dd-8464-dd74933c4739:c2947, 76d6a15c-8eeb-4764-b555-ce8767d18d57:c2945, c90dcfdf-5973-4b56-a955-1fc4555f10cb:c2945]
2019-09-19 11:26:18,306 [grpc-default-executor-7] INFO  client.GrpcClientProtocolClient (GrpcClientProtocolClient.java:onNext(264)) - client-D9B31DDCE961->18b22b39-7551-46dd-8464-dd74933c4739: receive RaftClientReply:client-D9B31DDCE961->18b22b39-7551-46dd-8464-dd74933c4739@group-597320EF17B3, cid=2054, SUCCESS, logIndex=2947, commits[18b22b39-7551-46dd-8464-dd74933c4739:c2949, 76d6a15c-8eeb-4764-b555-ce8767d18d57:c2945, c90dcfdf-5973-4b56-a955-1fc4555f10cb:c2945]
2019-09-19 11:26:18,307 [grpc-default-executor-7] INFO  client.GrpcClientProtocolClient (GrpcClientProtocolClient.java:onNext(264)) - client-D9B31DDCE961->18b22b39-7551-46dd-8464-dd74933c4739: receive RaftClientReply:client-D9B31DDCE961->18b22b39-7551-46dd-8464-dd74933c4739@group-597320EF17B3, cid=2055, SUCCESS, logIndex=2948, commits[18b22b39-7551-46dd-8464-dd74933c4739:c2949, 76d6a15c-8eeb-4764-b555-ce8767d18d57:c2945, c90dcfdf-5973-4b56-a955-1fc4555f10cb:c2945]
2019-09-19 11:26:18,307 [grpc-default-executor-7] INFO  client.GrpcClientProtocolClient (GrpcClientProtocolClient.java:onNext(264)) - client-D9B31DDCE961->18b22b39-7551-46dd-8464-dd74933c4739: receive RaftClientReply:client-D9B31DDCE961->18b22b39-7551-46dd-8464-dd74933c4739@group-597320EF17B3, cid=2056, SUCCESS, logIndex=2949, commits[18b22b39-7551-46dd-8464-dd74933c4739:c2949, 76d6a15c-8eeb-4764-b555-ce8767d18d57:c2945, c90dcfdf-5973-4b56-a955-1fc4555f10cb:c2945]
2019-09-19 11:26:18,310 [grpc-default-executor-7] INFO  client.GrpcClientProtocolClient (GrpcClientProtocolClient.java:onNext(264)) - client-D9B31DDCE961->18b22b39-7551-46dd-8464-dd74933c4739: receive RaftClientReply:client-D9B31DDCE961->18b22b39-7551-46dd-8464-dd74933c4739@group-597320EF17B3, cid=2057, SUCCESS, logIndex=0, commits[18b22b39-7551-46dd-8464-dd74933c4739:c2952, 76d6a15c-8eeb-4764-b555-ce8767d18d57:c2949, c90dcfdf-5973-4b56-a955-1fc4555f10cb:c2947]
2019-09-19 11:26:18,330 [grpc-default-executor-7] INFO  client.GrpcClientProtocolClient (GrpcClientProtocolClient.java:onNext(264)) - client-D9B31DDCE961->18b22b39-7551-46dd-8464-dd74933c4739: receive RaftClientReply:client-D9B31DDCE961->18b22b39-7551-46dd-8464-dd74933c4739@group-597320EF17B3, cid=2058, SUCCESS, logIndex=2953, commits[18b22b39-7551-46dd-8464-dd74933c4739:c2954, 76d6a15c-8eeb-4764-b555-ce8767d18d57:c2952, c90dcfdf-5973-4b56-a955-1fc4555f10cb:c2952]
2019-09-19 11:26:18,330 [grpc-default-executor-7] INFO  client.GrpcClientProtocolClient (GrpcClientProtocolClient.java:onNext(264)) - client-D9B31DDCE961->18b22b39-7551-46dd-8464-dd74933c4739: receive RaftClientReply:client-D9B31DDCE961->18b22b39-7551-46dd-8464-dd74933c4739@group-597320EF17B3, cid=2059, SUCCESS, logIndex=2954, commits[18b22b39-7551-46dd-8464-dd74933c4739:c2954, 76d6a15c-8eeb-4764-b555-ce8767d18d57:c2952, c90dcfdf-5973-4b56-a955-1fc4555f10cb:c2952]
2019-09-19 11:26:18,346 [grpc-default-executor-7] INFO  client.GrpcClientProtocolClient (GrpcClientProtocolClient.java:onNext(264)) - client-D9B31DDCE961->18b22b39-7551-46dd-8464-dd74933c4739: receive RaftClientReply:client-D9B31DDCE961->18b22b39-7551-46dd-8464-dd74933c4739@group-597320EF17B3, cid=2060, SUCCESS, logIndex=2957, commits[18b22b39-7551-46dd-8464-dd74933c4739:c2958, 76d6a15c-8eeb-4764-b555-ce8767d18d57:c2954, c90dcfdf-5973-4b56-a955-1fc4555f10cb:c2954]
2019-09-19 11:26:18,346 [grpc-default-executor-7] INFO  client.GrpcClientProtocolClient (GrpcClientProtocolClient.java:onNext(264)) - client-D9B31DDCE961->18b22b39-7551-46dd-8464-dd74933c4739: receive RaftClientReply:client-D9B31DDCE961->18b22b39-7551-46dd-8464-dd74933c4739@group-597320EF17B3, cid=2061, SUCCESS, logIndex=2958, commits[18b22b39-7551-46dd-8464-dd74933c4739:c2958, 76d6a15c-8eeb-4764-b555-ce8767d18d57:c2954, c90dcfdf-5973-4b56-a955-1fc4555f10cb:c2954]
2019-09-19 11:26:18,358 [grpc-default-executor-7] INFO  client.GrpcClientProtocolClient (GrpcClientProtocolClient.java:onNext(264)) - client-D9B31DDCE961->18b22b39-7551-46dd-8464-dd74933c4739: receive RaftClientReply:client-D9B31DDCE961->18b22b39-7551-46dd-8464-dd74933c4739@group-597320EF17B3, cid=2062, SUCCESS, logIndex=0, commits[18b22b39-7551-46dd-8464-dd74933c4739:c2959, 76d6a15c-8eeb-4764-b555-ce8767d18d57:c2958, c90dcfdf-5973-4b56-a955-1fc4555f10cb:c2958]
2019-09-19 11:26:18,386 [grpc-default-executor-7] INFO  client.GrpcClientProtocolClient (GrpcClientProtocolClient.java:onNext(264)) - client-D9B31DDCE961->18b22b39-7551-46dd-8464-dd74933c4739: receive RaftClientReply:client-D9B31DDCE961->18b22b39-7551-46dd-8464-dd74933c4739@group-597320EF17B3, cid=2063, SUCCESS, logIndex=2961, commits[18b22b39-7551-46dd-8464-dd74933c4739:c2962, 76d6a15c-8eeb-4764-b555-ce8767d18d57:c2960, c90dcfdf-5973-4b56-a955-1fc4555f10cb:c2960]
2019-09-19 11:26:18,386 [grpc-default-executor-7] INFO  client.GrpcClientProtocolClient (GrpcClientProtocolClient.java:onNext(264)) - client-D9B31DDCE961->18b22b39-7551-46dd-8464-dd74933c4739: receive RaftClientReply:client-D9B31DDCE961->18b22b39-7551-46dd-8464-dd74933c4739@group-597320EF17B3, cid=2064, SUCCESS, logIndex=2962, commits[18b22b39-7551-46dd-8464-dd74933c4739:c2962, 76d6a15c-8eeb-4764-b555-ce8767d18d57:c2960, c90dcfdf-5973-4b56-a955-1fc4555f10cb:c2960]
2019-09-19 11:26:18,388 [grpc-default-executor-1] INFO  client.GrpcClientProtocolClient (GrpcClientProtocolClient.java:onNext(264)) - client-D9B31DDCE961->18b22b39-7551-46dd-8464-dd74933c4739: receive RaftClientReply:client-D9B31DDCE961->18b22b39-7551-46dd-8464-dd74933c4739@group-597320EF17B3, cid=2065, SUCCESS, logIndex=2963, commits[18b22b39-7551-46dd-8464-dd74933c4739:c2964, 76d6a15c-8eeb-4764-b555-ce8767d18d57:c2960, c90dcfdf-5973-4b56-a955-1fc4555f10cb:c2960]
2019-09-19 11:26:18,388 [grpc-default-executor-1] INFO  client.GrpcClientProtocolClient (GrpcClientProtocolClient.java:onNext(264)) - client-D9B31DDCE961->18b22b39-7551-46dd-8464-dd74933c4739: receive RaftClientReply:client-D9B31DDCE961->18b22b39-7551-46dd-8464-dd74933c4739@group-597320EF17B3, cid=2066, SUCCESS, logIndex=2964, commits[18b22b39-7551-46dd-8464-dd74933c4739:c2964, 76d6a15c-8eeb-4764-b555-ce8767d18d57:c2960, c90dcfdf-5973-4b56-a955-1fc4555f10cb:c2960]
2019-09-19 11:26:18,399 [grpc-default-executor-1] INFO  client.GrpcClientProtocolClient (GrpcClientProtocolClient.java:onNext(264)) - client-D9B31DDCE961->18b22b39-7551-46dd-8464-dd74933c4739: receive RaftClientReply:client-D9B31DDCE961->18b22b39-7551-46dd-8464-dd74933c4739@group-597320EF17B3, cid=2067, SUCCESS, logIndex=0, commits[18b22b39-7551-46dd-8464-dd74933c4739:c2966, 76d6a15c-8eeb-4764-b555-ce8767d18d57:c2962, c90dcfdf-5973-4b56-a955-1fc4555f10cb:c2962]
 0.00% |█                                                                                                    |  0/1 Time: 0:00:22 0.00% |█                                                                                                    |  0/1 Time: 0:00:23 0.00% |█                                                                                                    |  0/1 Time: 0:00:242019-09-19 11:26:21,406 [java.util.concurrent.ThreadPoolExecutor$Worker@1b1a33c8[State = -1, empty queue]] WARN  server.GrpcLogAppender (GrpcLogAppender.java:timeoutAppendRequest(200)) - 18b22b39-7551-46dd-8464-dd74933c4739@group-597320EF17B3->76d6a15c-8eeb-4764-b555-ce8767d18d57-GrpcLogAppender: appendEntries Timeout, request=18b22b39-7551-46dd-8464-dd74933c4739->76d6a15c-8eeb-4764-b555-ce8767d18d57#2980-t11, previous=(t:11, i:2968), leaderCommit=2968, initializing? false, entries: size=1, first=(t:11, i:2969), STATEMACHINELOGENTRY, client-D9B31DDCE961, cid=2068
2019-09-19 11:26:21,406 [java.util.concurrent.ThreadPoolExecutor$Worker@77e89581[State = -1, empty queue]] WARN  server.GrpcLogAppender (GrpcLogAppender.java:timeoutAppendRequest(200)) - 18b22b39-7551-46dd-8464-dd74933c4739@group-597320EF17B3->c90dcfdf-5973-4b56-a955-1fc4555f10cb-GrpcLogAppender: appendEntries Timeout, request=18b22b39-7551-46dd-8464-dd74933c4739->c90dcfdf-5973-4b56-a955-1fc4555f10cb#2980-t11, previous=(t:11, i:2968), leaderCommit=2968, initializing? false, entries: size=1, first=(t:11, i:2969), STATEMACHINELOGENTRY, client-D9B31DDCE961, cid=2068
2019-09-19 11:26:21,407 [java.util.concurrent.ThreadPoolExecutor$Worker@1b1a33c8[State = -1, empty queue]] WARN  server.GrpcLogAppender (GrpcLogAppender.java:timeoutAppendRequest(200)) - 18b22b39-7551-46dd-8464-dd74933c4739@group-597320EF17B3->76d6a15c-8eeb-4764-b555-ce8767d18d57-GrpcLogAppender: appendEntries Timeout, request=18b22b39-7551-46dd-8464-dd74933c4739->76d6a15c-8eeb-4764-b555-ce8767d18d57#2981-t11, previous=(t:11, i:2969), leaderCommit=2968, initializing? false, entries: size=1, first=(t:11, i:2970), STATEMACHINELOGENTRY, client-D9B31DDCE961, cid=2069
2019-09-19 11:26:21,410 [java.util.concurrent.ThreadPoolExecutor$Worker@77e89581[State = -1, empty queue]] WARN  server.GrpcLogAppender (GrpcLogAppender.java:timeoutAppendRequest(200)) - 18b22b39-7551-46dd-8464-dd74933c4739@group-597320EF17B3->c90dcfdf-5973-4b56-a955-1fc4555f10cb-GrpcLogAppender: appendEntries Timeout, request=18b22b39-7551-46dd-8464-dd74933c4739->c90dcfdf-5973-4b56-a955-1fc4555f10cb#2981-t11, previous=(t:11, i:2969), leaderCommit=2968, initializing? false, entries: size=1, first=(t:11, i:2970), STATEMACHINELOGENTRY, client-D9B31DDCE961, cid=2069
 0.00% |█                                                                                                    |  0/1 Time: 0:00:25 0.00% |█                                                                                                    |  0/1 Time: 0:00:262019-09-19 11:26:23,440 [grpc-default-executor-1] INFO  client.GrpcClientProtocolClient (GrpcClientProtocolClient.java:onNext(264)) - client-D9B31DDCE961->76d6a15c-8eeb-4764-b555-ce8767d18d57: receive RaftClientReply:client-D9B31DDCE961->76d6a15c-8eeb-4764-b555-ce8767d18d57@group-597320EF17B3, cid=2068, FAILED org.apache.ratis.protocol.NotLeaderException: Server 76d6a15c-8eeb-4764-b555-ce8767d18d57@group-597320EF17B3 is not the leader 18b22b39-7551-46dd-8464-dd74933c4739:192.168.5.171:33085, logIndex=0, commits[76d6a15c-8eeb-4764-b555-ce8767d18d57:c2968, 18b22b39-7551-46dd-8464-dd74933c4739:c2968, c90dcfdf-5973-4b56-a955-1fc4555f10cb:c2964]
 0.00% |█                                                                                                    |  0/1 Time: 0:00:272019-09-19 11:26:23,906 [java.util.concurrent.ThreadPoolExecutor$Worker@1b1a33c8[State = -1, empty queue]] WARN  server.GrpcLogAppender (GrpcLogAppender.java:timeoutAppendRequest(200)) - 18b22b39-7551-46dd-8464-dd74933c4739@group-597320EF17B3->76d6a15c-8eeb-4764-b555-ce8767d18d57-GrpcLogAppender: appendEntries Timeout, request=18b22b39-7551-46dd-8464-dd74933c4739->76d6a15c-8eeb-4764-b555-ce8767d18d57#2982-t11, previous=(t:11, i:2970), leaderCommit=2968, initializing? false, entries: <empty>
2019-09-19 11:26:23,909 [java.util.concurrent.ThreadPoolExecutor$Worker@77e89581[State = -1, empty queue]] WARN  server.GrpcLogAppender (GrpcLogAppender.java:timeoutAppendRequest(200)) - 18b22b39-7551-46dd-8464-dd74933c4739@group-597320EF17B3->c90dcfdf-5973-4b56-a955-1fc4555f10cb-GrpcLogAppender: appendEntries Timeout, request=18b22b39-7551-46dd-8464-dd74933c4739->c90dcfdf-5973-4b56-a955-1fc4555f10cb#2982-t11, previous=(t:11, i:2970), leaderCommit=2968, initializing? false, entries: <empty>
2019-09-19 11:26:23,970 [grpc-default-executor-7] WARN  server.GrpcLogAppender (GrpcLogAppender.java:onNextImpl(251)) - 18b22b39-7551-46dd-8464-dd74933c4739@group-597320EF17B3->c90dcfdf-5973-4b56-a955-1fc4555f10cb-AppendLogResponseHandler: Request not found, ignoring reply: 18b22b39-7551-46dd-8464-dd74933c4739<-c90dcfdf-5973-4b56-a955-1fc4555f10cb#2980:OK,SUCCESS,nextIndex:2970,term:11,followerCommit:2968
2019-09-19 11:26:23,970 [grpc-default-executor-1] WARN  server.GrpcLogAppender (GrpcLogAppender.java:onNextImpl(251)) - 18b22b39-7551-46dd-8464-dd74933c4739@group-597320EF17B3->76d6a15c-8eeb-4764-b555-ce8767d18d57-AppendLogResponseHandler: Request not found, ignoring reply: 18b22b39-7551-46dd-8464-dd74933c4739<-76d6a15c-8eeb-4764-b555-ce8767d18d57#2980:OK,SUCCESS,nextIndex:2970,term:11,followerCommit:2968
2019-09-19 11:26:23,970 [grpc-default-executor-7] WARN  server.GrpcLogAppender (GrpcLogAppender.java:onNextImpl(251)) - 18b22b39-7551-46dd-8464-dd74933c4739@group-597320EF17B3->c90dcfdf-5973-4b56-a955-1fc4555f10cb-AppendLogResponseHandler: Request not found, ignoring reply: 18b22b39-7551-46dd-8464-dd74933c4739<-c90dcfdf-5973-4b56-a955-1fc4555f10cb#2981:OK,SUCCESS,nextIndex:2971,term:11,followerCommit:2968
2019-09-19 11:26:23,971 [grpc-default-executor-1] WARN  server.GrpcLogAppender (GrpcLogAppender.java:onNextImpl(251)) - 18b22b39-7551-46dd-8464-dd74933c4739@group-597320EF17B3->76d6a15c-8eeb-4764-b555-ce8767d18d57-AppendLogResponseHandler: Request not found, ignoring reply: 18b22b39-7551-46dd-8464-dd74933c4739<-76d6a15c-8eeb-4764-b555-ce8767d18d57#2981:OK,SUCCESS,nextIndex:2971,term:11,followerCommit:2968
2019-09-19 11:26:23,971 [grpc-default-executor-7] WARN  server.GrpcLogAppender (GrpcLogAppender.java:onNextImpl(251)) - 18b22b39-7551-46dd-8464-dd74933c4739@group-597320EF17B3->c90dcfdf-5973-4b56-a955-1fc4555f10cb-AppendLogResponseHandler: Request not found, ignoring reply: 18b22b39-7551-46dd-8464-dd74933c4739<-c90dcfdf-5973-4b56-a955-1fc4555f10cb#2982:OK,SUCCESS,nextIndex:2971,term:11,followerCommit:2968
2019-09-19 11:26:23,971 [grpc-default-executor-1] WARN  server.GrpcLogAppender (GrpcLogAppender.java:onNextImpl(251)) - 18b22b39-7551-46dd-8464-dd74933c4739@group-597320EF17B3->76d6a15c-8eeb-4764-b555-ce8767d18d57-AppendLogResponseHandler: Request not found, ignoring reply: 18b22b39-7551-46dd-8464-dd74933c4739<-76d6a15c-8eeb-4764-b555-ce8767d18d57#2982:OK,SUCCESS,nextIndex:2971,term:11,followerCommit:2968
2019-09-19 11:26:23,985 [grpc-default-executor-7] INFO  client.GrpcClientProtocolClient (GrpcClientProtocolClient.java:onNext(264)) - client-D9B31DDCE961->18b22b39-7551-46dd-8464-dd74933c4739: receive RaftClientReply:client-D9B31DDCE961->18b22b39-7551-46dd-8464-dd74933c4739@group-597320EF17B3, cid=2068, SUCCESS, logIndex=2969, commits[18b22b39-7551-46dd-8464-dd74933c4739:c2970, 76d6a15c-8eeb-4764-b555-ce8767d18d57:c2968, c90dcfdf-5973-4b56-a955-1fc4555f10cb:c2968]
2019-09-19 11:26:23,988 [grpc-default-executor-7] INFO  client.GrpcClientProtocolClient (GrpcClientProtocolClient.java:onNext(264)) - client-D9B31DDCE961->18b22b39-7551-46dd-8464-dd74933c4739: receive RaftClientReply:client-D9B31DDCE961->18b22b39-7551-46dd-8464-dd74933c4739@group-597320EF17B3, cid=2069, SUCCESS, logIndex=2970, commits[18b22b39-7551-46dd-8464-dd74933c4739:c2971, 76d6a15c-8eeb-4764-b555-ce8767d18d57:c2970, c90dcfdf-5973-4b56-a955-1fc4555f10cb:c2970]
2019-09-19 11:26:24,014 [grpc-default-executor-1] INFO  client.GrpcClientProtocolClient (GrpcClientProtocolClient.java:onNext(264)) - client-D9B31DDCE961->18b22b39-7551-46dd-8464-dd74933c4739: receive RaftClientReply:client-D9B31DDCE961->18b22b39-7551-46dd-8464-dd74933c4739@group-597320EF17B3, cid=2070, SUCCESS, logIndex=2972, commits[18b22b39-7551-46dd-8464-dd74933c4739:c2973, 76d6a15c-8eeb-4764-b555-ce8767d18d57:c2971, c90dcfdf-5973-4b56-a955-1fc4555f10cb:c2971]
2019-09-19 11:26:24,015 [grpc-default-executor-1] INFO  client.GrpcClientProtocolClient (GrpcClientProtocolClient.java:onNext(264)) - client-D9B31DDCE961->18b22b39-7551-46dd-8464-dd74933c4739: receive RaftClientReply:client-D9B31DDCE961->18b22b39-7551-46dd-8464-dd74933c4739@group-597320EF17B3, cid=2071, SUCCESS, logIndex=2973, commits[18b22b39-7551-46dd-8464-dd74933c4739:c2973, 76d6a15c-8eeb-4764-b555-ce8767d18d57:c2971, c90dcfdf-5973-4b56-a955-1fc4555f10cb:c2971]
2019-09-19 11:26:24,029 [grpc-default-executor-1] INFO  client.GrpcClientProtocolClient (GrpcClientProtocolClient.java:onNext(264)) - client-D9B31DDCE961->18b22b39-7551-46dd-8464-dd74933c4739: receive RaftClientReply:client-D9B31DDCE961->18b22b39-7551-46dd-8464-dd74933c4739@group-597320EF17B3, cid=2072, SUCCESS, logIndex=0, commits[18b22b39-7551-46dd-8464-dd74933c4739:c2974, 76d6a15c-8eeb-4764-b555-ce8767d18d57:c2973, c90dcfdf-5973-4b56-a955-1fc4555f10cb:c2973]
2019-09-19 11:26:24,070 [grpc-default-executor-5] INFO  client.GrpcClientProtocolClient (GrpcClientProtocolClient.java:onNext(264)) - client-D9B31DDCE961->18b22b39-7551-46dd-8464-dd74933c4739: receive RaftClientReply:client-D9B31DDCE961->18b22b39-7551-46dd-8464-dd74933c4739@group-597320EF17B3, cid=2073, SUCCESS, logIndex=2976, commits[18b22b39-7551-46dd-8464-dd74933c4739:c2979, 76d6a15c-8eeb-4764-b555-ce8767d18d57:c2975, c90dcfdf-5973-4b56-a955-1fc4555f10cb:c2975]
2019-09-19 11:26:24,070 [grpc-default-executor-5] INFO  client.GrpcClientProtocolClient (GrpcClientProtocolClient.java:onNext(264)) - client-D9B31DDCE961->18b22b39-7551-46dd-8464-dd74933c4739: receive RaftClientReply:client-D9B31DDCE961->18b22b39-7551-46dd-8464-dd74933c4739@group-597320EF17B3, cid=2074, SUCCESS, logIndex=2977, commits[18b22b39-7551-46dd-8464-dd74933c4739:c2979, 76d6a15c-8eeb-4764-b555-ce8767d18d57:c2975, c90dcfdf-5973-4b56-a955-1fc4555f10cb:c2975]
2019-09-19 11:26:24,071 [grpc-default-executor-5] INFO  client.GrpcClientProtocolClient (GrpcClientProtocolClient.java:onNext(264)) - client-D9B31DDCE961->18b22b39-7551-46dd-8464-dd74933c4739: receive RaftClientReply:client-D9B31DDCE961->18b22b39-7551-46dd-8464-dd74933c4739@group-597320EF17B3, cid=2075, SUCCESS, logIndex=2978, commits[18b22b39-7551-46dd-8464-dd74933c4739:c2979, 76d6a15c-8eeb-4764-b555-ce8767d18d57:c2975, c90dcfdf-5973-4b56-a955-1fc4555f10cb:c2975]
2019-09-19 11:26:24,072 [grpc-default-executor-5] INFO  client.GrpcClientProtocolClient (GrpcClientProtocolClient.java:onNext(264)) - client-D9B31DDCE961->18b22b39-7551-46dd-8464-dd74933c4739: receive RaftClientReply:client-D9B31DDCE961->18b22b39-7551-46dd-8464-dd74933c4739@group-597320EF17B3, cid=2076, SUCCESS, logIndex=2979, commits[18b22b39-7551-46dd-8464-dd74933c4739:c2979, 76d6a15c-8eeb-4764-b555-ce8767d18d57:c2975, c90dcfdf-5973-4b56-a955-1fc4555f10cb:c2975]
2019-09-19 11:26:24,073 [grpc-default-executor-5] INFO  client.GrpcClientProtocolClient (GrpcClientProtocolClient.java:onNext(264)) - client-D9B31DDCE961->18b22b39-7551-46dd-8464-dd74933c4739: receive RaftClientReply:client-D9B31DDCE961->18b22b39-7551-46dd-8464-dd74933c4739@group-597320EF17B3, cid=2077, SUCCESS, logIndex=0, commits[18b22b39-7551-46dd-8464-dd74933c4739:c2983, 76d6a15c-8eeb-4764-b555-ce8767d18d57:c2979, c90dcfdf-5973-4b56-a955-1fc4555f10cb:c2979]
2019-09-19 11:26:24,093 [grpc-default-executor-7] INFO  client.GrpcClientProtocolClient (GrpcClientProtocolClient.java:onNext(264)) - client-D9B31DDCE961->18b22b39-7551-46dd-8464-dd74933c4739: receive RaftClientReply:client-D9B31DDCE961->18b22b39-7551-46dd-8464-dd74933c4739@group-597320EF17B3, cid=2078, SUCCESS, logIndex=2984, commits[18b22b39-7551-46dd-8464-dd74933c4739:c2985, 76d6a15c-8eeb-4764-b555-ce8767d18d57:c2983, c90dcfdf-5973-4b56-a955-1fc4555f10cb:c2983]
2019-09-19 11:26:24,094 [grpc-default-executor-7] INFO  client.GrpcClientProtocolClient (GrpcClientProtocolClient.java:onNext(264)) - client-D9B31DDCE961->18b22b39-7551-46dd-8464-dd74933c4739: receive RaftClientReply:client-D9B31DDCE961->18b22b39-7551-46dd-8464-dd74933c4739@group-597320EF17B3, cid=2079, SUCCESS, logIndex=2985, commits[18b22b39-7551-46dd-8464-dd74933c4739:c2985, 76d6a15c-8eeb-4764-b555-ce8767d18d57:c2983, c90dcfdf-5973-4b56-a955-1fc4555f10cb:c2983]
2019-09-19 11:26:24,109 [grpc-default-executor-5] INFO  client.GrpcClientProtocolClient (GrpcClientProtocolClient.java:onNext(264)) - client-D9B31DDCE961->18b22b39-7551-46dd-8464-dd74933c4739: receive RaftClientReply:client-D9B31DDCE961->18b22b39-7551-46dd-8464-dd74933c4739@group-597320EF17B3, cid=2080, SUCCESS, logIndex=2988, commits[18b22b39-7551-46dd-8464-dd74933c4739:c2989, 76d6a15c-8eeb-4764-b555-ce8767d18d57:c2987, c90dcfdf-5973-4b56-a955-1fc4555f10cb:c2985]
2019-09-19 11:26:24,109 [grpc-default-executor-5] INFO  client.GrpcClientProtocolClient (GrpcClientProtocolClient.java:onNext(264)) - client-D9B31DDCE961->18b22b39-7551-46dd-8464-dd74933c4739: receive RaftClientReply:client-D9B31DDCE961->18b22b39-7551-46dd-8464-dd74933c4739@group-597320EF17B3, cid=2081, SUCCESS, logIndex=2989, commits[18b22b39-7551-46dd-8464-dd74933c4739:c2989, 76d6a15c-8eeb-4764-b555-ce8767d18d57:c2987, c90dcfdf-5973-4b56-a955-1fc4555f10cb:c2987]
2019-09-19 11:26:24,112 [grpc-default-executor-5] INFO  client.GrpcClientProtocolClient (GrpcClientProtocolClient.java:onNext(264)) - client-D9B31DDCE961->18b22b39-7551-46dd-8464-dd74933c4739: receive RaftClientReply:client-D9B31DDCE961->18b22b39-7551-46dd-8464-dd74933c4739@group-597320EF17B3, cid=2082, SUCCESS, logIndex=0, commits[18b22b39-7551-46dd-8464-dd74933c4739:c2990, 76d6a15c-8eeb-4764-b555-ce8767d18d57:c2989, c90dcfdf-5973-4b56-a955-1fc4555f10cb:c2989]
2019-09-19 11:26:24,138 [grpc-default-executor-5] INFO  client.GrpcClientProtocolClient (GrpcClientProtocolClient.java:onNext(264)) - client-D9B31DDCE961->18b22b39-7551-46dd-8464-dd74933c4739: receive RaftClientReply:client-D9B31DDCE961->18b22b39-7551-46dd-8464-dd74933c4739@group-597320EF17B3, cid=2083, SUCCESS, logIndex=2992, commits[18b22b39-7551-46dd-8464-dd74933c4739:c2993, 76d6a15c-8eeb-4764-b555-ce8767d18d57:c2991, c90dcfdf-5973-4b56-a955-1fc4555f10cb:c2991]
2019-09-19 11:26:24,139 [grpc-default-executor-5] INFO  client.GrpcClientProtocolClient (GrpcClientProtocolClient.java:onNext(264)) - client-D9B31DDCE961->18b22b39-7551-46dd-8464-dd74933c4739: receive RaftClientReply:client-D9B31DDCE961->18b22b39-7551-46dd-8464-dd74933c4739@group-597320EF17B3, cid=2084, SUCCESS, logIndex=2993, commits[18b22b39-7551-46dd-8464-dd74933c4739:c2994, 76d6a15c-8eeb-4764-b555-ce8767d18d57:c2991, c90dcfdf-5973-4b56-a955-1fc4555f10cb:c2991]
2019-09-19 11:26:24,140 [grpc-default-executor-5] INFO  client.GrpcClientProtocolClient (GrpcClientProtocolClient.java:onNext(264)) - client-D9B31DDCE961->18b22b39-7551-46dd-8464-dd74933c4739: receive RaftClientReply:client-D9B31DDCE961->18b22b39-7551-46dd-8464-dd74933c4739@group-597320EF17B3, cid=2085, SUCCESS, logIndex=2994, commits[18b22b39-7551-46dd-8464-dd74933c4739:c2995, 76d6a15c-8eeb-4764-b555-ce8767d18d57:c2991, c90dcfdf-5973-4b56-a955-1fc4555f10cb:c2991]
2019-09-19 11:26:24,140 [grpc-default-executor-5] INFO  client.GrpcClientProtocolClient (GrpcClientProtocolClient.java:onNext(264)) - client-D9B31DDCE961->18b22b39-7551-46dd-8464-dd74933c4739: receive RaftClientReply:client-D9B31DDCE961->18b22b39-7551-46dd-8464-dd74933c4739@group-597320EF17B3, cid=2086, SUCCESS, logIndex=2995, commits[18b22b39-7551-46dd-8464-dd74933c4739:c2995, 76d6a15c-8eeb-4764-b555-ce8767d18d57:c2991, c90dcfdf-5973-4b56-a955-1fc4555f10cb:c2991]
2019-09-19 11:26:24,142 [grpc-default-executor-5] INFO  client.GrpcClientProtocolClient (GrpcClientProtocolClient.java:onNext(264)) - client-D9B31DDCE961->18b22b39-7551-46dd-8464-dd74933c4739: receive RaftClientReply:client-D9B31DDCE961->18b22b39-7551-46dd-8464-dd74933c4739@group-597320EF17B3, cid=2087, SUCCESS, logIndex=0, commits[18b22b39-7551-46dd-8464-dd74933c4739:c2997, 76d6a15c-8eeb-4764-b555-ce8767d18d57:c2993, c90dcfdf-5973-4b56-a955-1fc4555f10cb:c2993]
2019-09-19 11:26:24,158 [grpc-default-executor-7] INFO  client.GrpcClientProtocolClient (GrpcClientProtocolClient.java:onNext(264)) - client-D9B31DDCE961->18b22b39-7551-46dd-8464-dd74933c4739: receive RaftClientReply:client-D9B31DDCE961->18b22b39-7551-46dd-8464-dd74933c4739@group-597320EF17B3, cid=2088, SUCCESS, logIndex=3000, commits[18b22b39-7551-46dd-8464-dd74933c4739:c3000, 76d6a15c-8eeb-4764-b555-ce8767d18d57:c2995, c90dcfdf-5973-4b56-a955-1fc4555f10cb:c2999]
2019-09-19 11:26:24,159 [grpc-default-executor-5] INFO  client.GrpcClientProtocolClient (GrpcClientProtocolClient.java:onNext(264)) - client-D9B31DDCE961->18b22b39-7551-46dd-8464-dd74933c4739: receive RaftClientReply:client-D9B31DDCE961->18b22b39-7551-46dd-8464-dd74933c4739@group-597320EF17B3, cid=2089, SUCCESS, logIndex=3001, commits[18b22b39-7551-46dd-8464-dd74933c4739:c3001, 76d6a15c-8eeb-4764-b555-ce8767d18d57:c2999, c90dcfdf-5973-4b56-a955-1fc4555f10cb:c2999]
2019-09-19 11:26:24,175 [grpc-default-executor-7] INFO  client.GrpcClientProtocolClient (GrpcClientProtocolClient.java:onNext(264)) - client-D9B31DDCE961->18b22b39-7551-46dd-8464-dd74933c4739: receive RaftClientReply:client-D9B31DDCE961->18b22b39-7551-46dd-8464-dd74933c4739@group-597320EF17B3, cid=2090, SUCCESS, logIndex=3004, commits[18b22b39-7551-46dd-8464-dd74933c4739:c3004, 76d6a15c-8eeb-4764-b555-ce8767d18d57:c3003, c90dcfdf-5973-4b56-a955-1fc4555f10cb:c3003]
2019-09-19 11:26:24,177 [grpc-default-executor-7] INFO  client.GrpcClientProtocolClient (GrpcClientProtocolClient.java:onNext(264)) - client-D9B31DDCE961->18b22b39-7551-46dd-8464-dd74933c4739: receive RaftClientReply:client-D9B31DDCE961->18b22b39-7551-46dd-8464-dd74933c4739@group-597320EF17B3, cid=2091, SUCCESS, logIndex=3005, commits[18b22b39-7551-46dd-8464-dd74933c4739:c3005, 76d6a15c-8eeb-4764-b555-ce8767d18d57:c3003, c90dcfdf-5973-4b56-a955-1fc4555f10cb:c3003]
2019-09-19 11:26:24,178 [grpc-default-executor-1] INFO  client.GrpcClientProtocolClient (GrpcClientProtocolClient.java:onNext(264)) - client-D9B31DDCE961->18b22b39-7551-46dd-8464-dd74933c4739: receive RaftClientReply:client-D9B31DDCE961->18b22b39-7551-46dd-8464-dd74933c4739@group-597320EF17B3, cid=2092, SUCCESS, logIndex=0, commits[18b22b39-7551-46dd-8464-dd74933c4739:c3007, 76d6a15c-8eeb-4764-b555-ce8767d18d57:c3005, c90dcfdf-5973-4b56-a955-1fc4555f10cb:c3005]
2019-09-19 11:26:24,205 [grpc-default-executor-7] INFO  client.GrpcClientProtocolClient (GrpcClientProtocolClient.java:onNext(264)) - client-D9B31DDCE961->18b22b39-7551-46dd-8464-dd74933c4739: receive RaftClientReply:client-D9B31DDCE961->18b22b39-7551-46dd-8464-dd74933c4739@group-597320EF17B3, cid=2093, SUCCESS, logIndex=3008, commits[18b22b39-7551-46dd-8464-dd74933c4739:c3009, 76d6a15c-8eeb-4764-b555-ce8767d18d57:c3007, c90dcfdf-5973-4b56-a955-1fc4555f10cb:c3007]
2019-09-19 11:26:24,205 [grpc-default-executor-7] INFO  client.GrpcClientProtocolClient (GrpcClientProtocolClient.java:onNext(264)) - client-D9B31DDCE961->18b22b39-7551-46dd-8464-dd74933c4739: receive RaftClientReply:client-D9B31DDCE961->18b22b39-7551-46dd-8464-dd74933c4739@group-597320EF17B3, cid=2094, SUCCESS, logIndex=3009, commits[18b22b39-7551-46dd-8464-dd74933c4739:c3009, 76d6a15c-8eeb-4764-b555-ce8767d18d57:c3007, c90dcfdf-5973-4b56-a955-1fc4555f10cb:c3007]
2019-09-19 11:26:24,208 [grpc-default-executor-5] INFO  client.GrpcClientProtocolClient (GrpcClientProtocolClient.java:onNext(264)) - client-D9B31DDCE961->18b22b39-7551-46dd-8464-dd74933c4739: receive RaftClientReply:client-D9B31DDCE961->18b22b39-7551-46dd-8464-dd74933c4739@group-597320EF17B3, cid=2095, SUCCESS, logIndex=3010, commits[18b22b39-7551-46dd-8464-dd74933c4739:c3012, 76d6a15c-8eeb-4764-b555-ce8767d18d57:c3007, c90dcfdf-5973-4b56-a955-1fc4555f10cb:c3009]
2019-09-19 11:26:24,208 [grpc-default-executor-5] INFO  client.GrpcClientProtocolClient (GrpcClientProtocolClient.java:onNext(264)) - client-D9B31DDCE961->18b22b39-7551-46dd-8464-dd74933c4739: receive RaftClientReply:client-D9B31DDCE961->18b22b39-7551-46dd-8464-dd74933c4739@group-597320EF17B3, cid=2096, SUCCESS, logIndex=3011, commits[18b22b39-7551-46dd-8464-dd74933c4739:c3012, 76d6a15c-8eeb-4764-b555-ce8767d18d57:c3007, c90dcfdf-5973-4b56-a955-1fc4555f10cb:c3009]
2019-09-19 11:26:24,209 [grpc-default-executor-5] INFO  client.GrpcClientProtocolClient (GrpcClientProtocolClient.java:onNext(264)) - client-D9B31DDCE961->18b22b39-7551-46dd-8464-dd74933c4739: receive RaftClientReply:client-D9B31DDCE961->18b22b39-7551-46dd-8464-dd74933c4739@group-597320EF17B3, cid=2097, SUCCESS, logIndex=0, commits[18b22b39-7551-46dd-8464-dd74933c4739:c3013, 76d6a15c-8eeb-4764-b555-ce8767d18d57:c3009, c90dcfdf-5973-4b56-a955-1fc4555f10cb:c3009]
2019-09-19 11:26:24,240 [grpc-default-executor-1] INFO  client.GrpcClientProtocolClient (GrpcClientProtocolClient.java:onNext(264)) - client-D9B31DDCE961->18b22b39-7551-46dd-8464-dd74933c4739: receive RaftClientReply:client-D9B31DDCE961->18b22b39-7551-46dd-8464-dd74933c4739@group-597320EF17B3, cid=2098, SUCCESS, logIndex=3015, commits[18b22b39-7551-46dd-8464-dd74933c4739:c3016, 76d6a15c-8eeb-4764-b555-ce8767d18d57:c3014, c90dcfdf-5973-4b56-a955-1fc4555f10cb:c3014]
2019-09-19 11:26:24,240 [grpc-default-executor-1] INFO  client.GrpcClientProtocolClient (GrpcClientProtocolClient.java:onNext(264)) - client-D9B31DDCE961->18b22b39-7551-46dd-8464-dd74933c4739: receive RaftClientReply:client-D9B31DDCE961->18b22b39-7551-46dd-8464-dd74933c4739@group-597320EF17B3, cid=2099, SUCCESS, logIndex=3016, commits[18b22b39-7551-46dd-8464-dd74933c4739:c3016, 76d6a15c-8eeb-4764-b555-ce8767d18d57:c3014, c90dcfdf-5973-4b56-a955-1fc4555f10cb:c3014]
2019-09-19 11:26:24,254 [grpc-default-executor-1] INFO  client.GrpcClientProtocolClient (GrpcClientProtocolClient.java:onNext(264)) - client-D9B31DDCE961->18b22b39-7551-46dd-8464-dd74933c4739: receive RaftClientReply:client-D9B31DDCE961->18b22b39-7551-46dd-8464-dd74933c4739@group-597320EF17B3, cid=2100, SUCCESS, logIndex=3019, commits[18b22b39-7551-46dd-8464-dd74933c4739:c3020, 76d6a15c-8eeb-4764-b555-ce8767d18d57:c3015, c90dcfdf-5973-4b56-a955-1fc4555f10cb:c3016]
2019-09-19 11:26:24,255 [grpc-default-executor-7] INFO  client.GrpcClientProtocolClient (GrpcClientProtocolClient.java:onNext(264)) - client-D9B31DDCE961->18b22b39-7551-46dd-8464-dd74933c4739: receive RaftClientReply:client-D9B31DDCE961->18b22b39-7551-46dd-8464-dd74933c4739@group-597320EF17B3, cid=2101, SUCCESS, logIndex=3020, commits[18b22b39-7551-46dd-8464-dd74933c4739:c3020, 76d6a15c-8eeb-4764-b555-ce8767d18d57:c3015, c90dcfdf-5973-4b56-a955-1fc4555f10cb:c3016]
2019-09-19 11:26:24,256 [grpc-default-executor-1] INFO  client.GrpcClientProtocolClient (GrpcClientProtocolClient.java:onNext(264)) - client-D9B31DDCE961->18b22b39-7551-46dd-8464-dd74933c4739: receive RaftClientReply:client-D9B31DDCE961->18b22b39-7551-46dd-8464-dd74933c4739@group-597320EF17B3, cid=2102, SUCCESS, logIndex=0, commits[18b22b39-7551-46dd-8464-dd74933c4739:c3022, 76d6a15c-8eeb-4764-b555-ce8767d18d57:c3020, c90dcfdf-5973-4b56-a955-1fc4555f10cb:c3019]
2019-09-19 11:26:24,257 [grpc-default-executor-1] INFO  client.GrpcClientProtocolClient (GrpcClientProtocolClient.java:onNext(264)) - client-D9B31DDCE961->18b22b39-7551-46dd-8464-dd74933c4739: receive RaftClientReply:client-D9B31DDCE961->18b22b39-7551-46dd-8464-dd74933c4739@group-597320EF17B3, cid=2103, SUCCESS, logIndex=0, commits[18b22b39-7551-46dd-8464-dd74933c4739:c3022, 76d6a15c-8eeb-4764-b555-ce8767d18d57:c3020, c90dcfdf-5973-4b56-a955-1fc4555f10cb:c3020]
2019-09-19 11:26:24,289 [grpc-default-executor-1] INFO  client.GrpcClientProtocolClient (GrpcClientProtocolClient.java:onNext(264)) - client-D9B31DDCE961->18b22b39-7551-46dd-8464-dd74933c4739: receive RaftClientReply:client-D9B31DDCE961->18b22b39-7551-46dd-8464-dd74933c4739@group-597320EF17B3, cid=2104, SUCCESS, logIndex=3023, commits[18b22b39-7551-46dd-8464-dd74933c4739:c3024, 76d6a15c-8eeb-4764-b555-ce8767d18d57:c3022, c90dcfdf-5973-4b56-a955-1fc4555f10cb:c3022]
2019-09-19 11:26:24,290 [grpc-default-executor-1] INFO  client.GrpcClientProtocolClient (GrpcClientProtocolClient.java:onNext(264)) - client-D9B31DDCE961->18b22b39-7551-46dd-8464-dd74933c4739: receive RaftClientReply:client-D9B31DDCE961->18b22b39-7551-46dd-8464-dd74933c4739@group-597320EF17B3, cid=2105, SUCCESS, logIndex=3024, commits[18b22b39-7551-46dd-8464-dd74933c4739:c3025, 76d6a15c-8eeb-4764-b555-ce8767d18d57:c3022, c90dcfdf-5973-4b56-a955-1fc4555f10cb:c3022]
2019-09-19 11:26:24,290 [grpc-default-executor-1] INFO  client.GrpcClientProtocolClient (GrpcClientProtocolClient.java:onNext(264)) - client-D9B31DDCE961->18b22b39-7551-46dd-8464-dd74933c4739: receive RaftClientReply:client-D9B31DDCE961->18b22b39-7551-46dd-8464-dd74933c4739@group-597320EF17B3, cid=2106, SUCCESS, logIndex=3025, commits[18b22b39-7551-46dd-8464-dd74933c4739:c3026, 76d6a15c-8eeb-4764-b555-ce8767d18d57:c3022, c90dcfdf-5973-4b56-a955-1fc4555f10cb:c3022]
2019-09-19 11:26:24,291 [grpc-default-executor-1] INFO  client.GrpcClientProtocolClient (GrpcClientProtocolClient.java:onNext(264)) - client-D9B31DDCE961->18b22b39-7551-46dd-8464-dd74933c4739: receive RaftClientReply:client-D9B31DDCE961->18b22b39-7551-46dd-8464-dd74933c4739@group-597320EF17B3, cid=2107, SUCCESS, logIndex=3026, commits[18b22b39-7551-46dd-8464-dd74933c4739:c3026, 76d6a15c-8eeb-4764-b555-ce8767d18d57:c3022, c90dcfdf-5973-4b56-a955-1fc4555f10cb:c3022]
2019-09-19 11:26:24,292 [grpc-default-executor-1] INFO  client.GrpcClientProtocolClient (GrpcClientProtocolClient.java:onNext(264)) - client-D9B31DDCE961->18b22b39-7551-46dd-8464-dd74933c4739: receive RaftClientReply:client-D9B31DDCE961->18b22b39-7551-46dd-8464-dd74933c4739@group-597320EF17B3, cid=2108, SUCCESS, logIndex=0, commits[18b22b39-7551-46dd-8464-dd74933c4739:c3028, 76d6a15c-8eeb-4764-b555-ce8767d18d57:c3024, c90dcfdf-5973-4b56-a955-1fc4555f10cb:c3024]
2019-09-19 11:26:24,309 [grpc-default-executor-7] INFO  client.GrpcClientProtocolClient (GrpcClientProtocolClient.java:onNext(264)) - client-D9B31DDCE961->18b22b39-7551-46dd-8464-dd74933c4739: receive RaftClientReply:client-D9B31DDCE961->18b22b39-7551-46dd-8464-dd74933c4739@group-597320EF17B3, cid=2109, SUCCESS, logIndex=3031, commits[18b22b39-7551-46dd-8464-dd74933c4739:c3032, 76d6a15c-8eeb-4764-b555-ce8767d18d57:c3030, c90dcfdf-5973-4b56-a955-1fc4555f10cb:c3030]
2019-09-19 11:26:24,310 [grpc-default-executor-7] INFO  client.GrpcClientProtocolClient (GrpcClientProtocolClient.java:onNext(264)) - client-D9B31DDCE961->18b22b39-7551-46dd-8464-dd74933c4739: receive RaftClientReply:client-D9B31DDCE961->18b22b39-7551-46dd-8464-dd74933c4739@group-597320EF17B3, cid=2110, SUCCESS, logIndex=3032, commits[18b22b39-7551-46dd-8464-dd74933c4739:c3032, 76d6a15c-8eeb-4764-b555-ce8767d18d57:c3030, c90dcfdf-5973-4b56-a955-1fc4555f10cb:c3030]
2019-09-19 11:26:24,332 [grpc-default-executor-5] INFO  client.GrpcClientProtocolClient (GrpcClientProtocolClient.java:onNext(264)) - client-D9B31DDCE961->18b22b39-7551-46dd-8464-dd74933c4739: receive RaftClientReply:client-D9B31DDCE961->18b22b39-7551-46dd-8464-dd74933c4739@group-597320EF17B3, cid=2111, SUCCESS, logIndex=3035, commits[18b22b39-7551-46dd-8464-dd74933c4739:c3036, 76d6a15c-8eeb-4764-b555-ce8767d18d57:c3034, c90dcfdf-5973-4b56-a955-1fc4555f10cb:c3034]
2019-09-19 11:26:24,332 [grpc-default-executor-5] INFO  client.GrpcClientProtocolClient (GrpcClientProtocolClient.java:onNext(264)) - client-D9B31DDCE961->18b22b39-7551-46dd-8464-dd74933c4739: receive RaftClientReply:client-D9B31DDCE961->18b22b39-7551-46dd-8464-dd74933c4739@group-597320EF17B3, cid=2112, SUCCESS, logIndex=3036, commits[18b22b39-7551-46dd-8464-dd74933c4739:c3036, 76d6a15c-8eeb-4764-b555-ce8767d18d57:c3034, c90dcfdf-5973-4b56-a955-1fc4555f10cb:c3034]
2019-09-19 11:26:24,335 [grpc-default-executor-5] INFO  client.GrpcClientProtocolClient (GrpcClientProtocolClient.java:onNext(264)) - client-D9B31DDCE961->18b22b39-7551-46dd-8464-dd74933c4739: receive RaftClientReply:client-D9B31DDCE961->18b22b39-7551-46dd-8464-dd74933c4739@group-597320EF17B3, cid=2113, SUCCESS, logIndex=0, commits[18b22b39-7551-46dd-8464-dd74933c4739:c3037, 76d6a15c-8eeb-4764-b555-ce8767d18d57:c3036, c90dcfdf-5973-4b56-a955-1fc4555f10cb:c3036]
2019-09-19 11:26:24,364 [grpc-default-executor-3] INFO  client.GrpcClientProtocolClient (GrpcClientProtocolClient.java:onNext(264)) - client-D9B31DDCE961->18b22b39-7551-46dd-8464-dd74933c4739: receive RaftClientReply:client-D9B31DDCE961->18b22b39-7551-46dd-8464-dd74933c4739@group-597320EF17B3, cid=2114, SUCCESS, logIndex=3039, commits[18b22b39-7551-46dd-8464-dd74933c4739:c3040, 76d6a15c-8eeb-4764-b555-ce8767d18d57:c3038, c90dcfdf-5973-4b56-a955-1fc4555f10cb:c3038]
2019-09-19 11:26:24,366 [grpc-default-executor-3] INFO  client.GrpcClientProtocolClient (GrpcClientProtocolClient.java:onNext(264)) - client-D9B31DDCE961->18b22b39-7551-46dd-8464-dd74933c4739: receive RaftClientReply:client-D9B31DDCE961->18b22b39-7551-46dd-8464-dd74933c4739@group-597320EF17B3, cid=2115, SUCCESS, logIndex=3040, commits[18b22b39-7551-46dd-8464-dd74933c4739:c3040, 76d6a15c-8eeb-4764-b555-ce8767d18d57:c3038, c90dcfdf-5973-4b56-a955-1fc4555f10cb:c3038]
2019-09-19 11:26:24,367 [grpc-default-executor-3] INFO  client.GrpcClientProtocolClient (GrpcClientProtocolClient.java:onNext(264)) - client-D9B31DDCE961->18b22b39-7551-46dd-8464-dd74933c4739: receive RaftClientReply:client-D9B31DDCE961->18b22b39-7551-46dd-8464-dd74933c4739@group-597320EF17B3, cid=2116, SUCCESS, logIndex=3041, commits[18b22b39-7551-46dd-8464-dd74933c4739:c3042, 76d6a15c-8eeb-4764-b555-ce8767d18d57:c3038, c90dcfdf-5973-4b56-a955-1fc4555f10cb:c3038]
2019-09-19 11:26:24,367 [grpc-default-executor-3] INFO  client.GrpcClientProtocolClient (GrpcClientProtocolClient.java:onNext(264)) - client-D9B31DDCE961->18b22b39-7551-46dd-8464-dd74933c4739: receive RaftClientReply:client-D9B31DDCE961->18b22b39-7551-46dd-8464-dd74933c4739@group-597320EF17B3, cid=2117, SUCCESS, logIndex=3042, commits[18b22b39-7551-46dd-8464-dd74933c4739:c3042, 76d6a15c-8eeb-4764-b555-ce8767d18d57:c3038, c90dcfdf-5973-4b56-a955-1fc4555f10cb:c3038]
2019-09-19 11:26:24,368 [grpc-default-executor-3] INFO  client.GrpcClientProtocolClient (GrpcClientProtocolClient.java:onNext(264)) - client-D9B31DDCE961->18b22b39-7551-46dd-8464-dd74933c4739: receive RaftClientReply:client-D9B31DDCE961->18b22b39-7551-46dd-8464-dd74933c4739@group-597320EF17B3, cid=2118, SUCCESS, logIndex=0, commits[18b22b39-7551-46dd-8464-dd74933c4739:c3046, 76d6a15c-8eeb-4764-b555-ce8767d18d57:c3042, c90dcfdf-5973-4b56-a955-1fc4555f10cb:c3042]
2019-09-19 11:26:24,382 [grpc-default-executor-5] INFO  client.GrpcClientProtocolClient (GrpcClientProtocolClient.java:onNext(264)) - client-D9B31DDCE961->18b22b39-7551-46dd-8464-dd74933c4739: receive RaftClientReply:client-D9B31DDCE961->18b22b39-7551-46dd-8464-dd74933c4739@group-597320EF17B3, cid=2119, SUCCESS, logIndex=3047, commits[18b22b39-7551-46dd-8464-dd74933c4739:c3047, 76d6a15c-8eeb-4764-b555-ce8767d18d57:c3046, c90dcfdf-5973-4b56-a955-1fc4555f10cb:c3046]
2019-09-19 11:26:24,382 [grpc-default-executor-5] INFO  client.GrpcClientProtocolClient (GrpcClientProtocolClient.java:onNext(264)) - client-D9B31DDCE961->18b22b39-7551-46dd-8464-dd74933c4739: receive RaftClientReply:client-D9B31DDCE961->18b22b39-7551-46dd-8464-dd74933c4739@group-597320EF17B3, cid=2120, SUCCESS, logIndex=3048, commits[18b22b39-7551-46dd-8464-dd74933c4739:c3048, 76d6a15c-8eeb-4764-b555-ce8767d18d57:c3046, c90dcfdf-5973-4b56-a955-1fc4555f10cb:c3046]
2019-09-19 11:26:24,395 [grpc-default-executor-3] INFO  client.GrpcClientProtocolClient (GrpcClientProtocolClient.java:onNext(264)) - client-D9B31DDCE961->18b22b39-7551-46dd-8464-dd74933c4739: receive RaftClientReply:client-D9B31DDCE961->18b22b39-7551-46dd-8464-dd74933c4739@group-597320EF17B3, cid=2121, SUCCESS, logIndex=3051, commits[18b22b39-7551-46dd-8464-dd74933c4739:c3051, 76d6a15c-8eeb-4764-b555-ce8767d18d57:c3048, c90dcfdf-5973-4b56-a955-1fc4555f10cb:c3048]
2019-09-19 11:26:24,395 [grpc-default-executor-3] INFO  client.GrpcClientProtocolClient (GrpcClientProtocolClient.java:onNext(264)) - client-D9B31DDCE961->18b22b39-7551-46dd-8464-dd74933c4739: receive RaftClientReply:client-D9B31DDCE961->18b22b39-7551-46dd-8464-dd74933c4739@group-597320EF17B3, cid=2122, SUCCESS, logIndex=3052, commits[18b22b39-7551-46dd-8464-dd74933c4739:c3052, 76d6a15c-8eeb-4764-b555-ce8767d18d57:c3048, c90dcfdf-5973-4b56-a955-1fc4555f10cb:c3048]
2019-09-19 11:26:24,400 [grpc-default-executor-3] INFO  client.GrpcClientProtocolClient (GrpcClientProtocolClient.java:onNext(264)) - client-D9B31DDCE961->18b22b39-7551-46dd-8464-dd74933c4739: receive RaftClientReply:client-D9B31DDCE961->18b22b39-7551-46dd-8464-dd74933c4739@group-597320EF17B3, cid=2123, SUCCESS, logIndex=0, commits[18b22b39-7551-46dd-8464-dd74933c4739:c3054, 76d6a15c-8eeb-4764-b555-ce8767d18d57:c3052, c90dcfdf-5973-4b56-a955-1fc4555f10cb:c3052]
2019-09-19 11:26:24,438 [grpc-default-executor-1] INFO  client.GrpcClientProtocolClient (GrpcClientProtocolClient.java:onNext(264)) - client-D9B31DDCE961->18b22b39-7551-46dd-8464-dd74933c4739: receive RaftClientReply:client-D9B31DDCE961->18b22b39-7551-46dd-8464-dd74933c4739@group-597320EF17B3, cid=2124, SUCCESS, logIndex=3055, commits[18b22b39-7551-46dd-8464-dd74933c4739:c3056, 76d6a15c-8eeb-4764-b555-ce8767d18d57:c3052, c90dcfdf-5973-4b56-a955-1fc4555f10cb:c3054]
2019-09-19 11:26:24,439 [grpc-default-executor-1] INFO  client.GrpcClientProtocolClient (GrpcClientProtocolClient.java:onNext(264)) - client-D9B31DDCE961->18b22b39-7551-46dd-8464-dd74933c4739: receive RaftClientReply:client-D9B31DDCE961->18b22b39-7551-46dd-8464-dd74933c4739@group-597320EF17B3, cid=2125, SUCCESS, logIndex=3056, commits[18b22b39-7551-46dd-8464-dd74933c4739:c3058, 76d6a15c-8eeb-4764-b555-ce8767d18d57:c3054, c90dcfdf-5973-4b56-a955-1fc4555f10cb:c3054]
2019-09-19 11:26:24,439 [grpc-default-executor-1] INFO  client.GrpcClientProtocolClient (GrpcClientProtocolClient.java:onNext(264)) - client-D9B31DDCE961->18b22b39-7551-46dd-8464-dd74933c4739: receive RaftClientReply:client-D9B31DDCE961->18b22b39-7551-46dd-8464-dd74933c4739@group-597320EF17B3, cid=2126, SUCCESS, logIndex=3057, commits[18b22b39-7551-46dd-8464-dd74933c4739:c3058, 76d6a15c-8eeb-4764-b555-ce8767d18d57:c3054, c90dcfdf-5973-4b56-a955-1fc4555f10cb:c3054]
2019-09-19 11:26:24,440 [grpc-default-executor-3] INFO  client.GrpcClientProtocolClient (GrpcClientProtocolClient.java:onNext(264)) - client-D9B31DDCE961->18b22b39-7551-46dd-8464-dd74933c4739: receive RaftClientReply:client-D9B31DDCE961->18b22b39-7551-46dd-8464-dd74933c4739@group-597320EF17B3, cid=2127, SUCCESS, logIndex=3058, commits[18b22b39-7551-46dd-8464-dd74933c4739:c3058, 76d6a15c-8eeb-4764-b555-ce8767d18d57:c3054, c90dcfdf-5973-4b56-a955-1fc4555f10cb:c3054]
2019-09-19 11:26:24,441 [grpc-default-executor-3] INFO  client.GrpcClientProtocolClient (GrpcClientProtocolClient.java:onNext(264)) - client-D9B31DDCE961->18b22b39-7551-46dd-8464-dd74933c4739: receive RaftClientReply:client-D9B31DDCE961->18b22b39-7551-46dd-8464-dd74933c4739@group-597320EF17B3, cid=2128, SUCCESS, logIndex=0, commits[18b22b39-7551-46dd-8464-dd74933c4739:c3061, 76d6a15c-8eeb-4764-b555-ce8767d18d57:c3056, c90dcfdf-5973-4b56-a955-1fc4555f10cb:c3058]
2019-09-19 11:26:24,469 [grpc-default-executor-1] INFO  client.GrpcClientProtocolClient (GrpcClientProtocolClient.java:onNext(264)) - client-D9B31DDCE961->18b22b39-7551-46dd-8464-dd74933c4739: receive RaftClientReply:client-D9B31DDCE961->18b22b39-7551-46dd-8464-dd74933c4739@group-597320EF17B3, cid=2129, SUCCESS, logIndex=3062, commits[18b22b39-7551-46dd-8464-dd74933c4739:c3063, 76d6a15c-8eeb-4764-b555-ce8767d18d57:c3061, c90dcfdf-5973-4b56-a955-1fc4555f10cb:c3061]
2019-09-19 11:26:24,470 [grpc-default-executor-1] INFO  client.GrpcClientProtocolClient (GrpcClientProtocolClient.java:onNext(264)) - client-D9B31DDCE961->18b22b39-7551-46dd-8464-dd74933c4739: receive RaftClientReply:client-D9B31DDCE961->18b22b39-7551-46dd-8464-dd74933c4739@group-597320EF17B3, cid=2130, SUCCESS, logIndex=3063, commits[18b22b39-7551-46dd-8464-dd74933c4739:c3063, 76d6a15c-8eeb-4764-b555-ce8767d18d57:c3061, c90dcfdf-5973-4b56-a955-1fc4555f10cb:c3061]
2019-09-19 11:26:24,484 [grpc-default-executor-3] INFO  client.GrpcClientProtocolClient (GrpcClientProtocolClient.java:onNext(264)) - client-D9B31DDCE961->18b22b39-7551-46dd-8464-dd74933c4739: receive RaftClientReply:client-D9B31DDCE961->18b22b39-7551-46dd-8464-dd74933c4739@group-597320EF17B3, cid=2131, SUCCESS, logIndex=3066, commits[18b22b39-7551-46dd-8464-dd74933c4739:c3067, 76d6a15c-8eeb-4764-b555-ce8767d18d57:c3063, c90dcfdf-5973-4b56-a955-1fc4555f10cb:c3063]
2019-09-19 11:26:24,484 [grpc-default-executor-3] INFO  client.GrpcClientProtocolClient (GrpcClientProtocolClient.java:onNext(264)) - client-D9B31DDCE961->18b22b39-7551-46dd-8464-dd74933c4739: receive RaftClientReply:client-D9B31DDCE961->18b22b39-7551-46dd-8464-dd74933c4739@group-597320EF17B3, cid=2132, SUCCESS, logIndex=3067, commits[18b22b39-7551-46dd-8464-dd74933c4739:c3067, 76d6a15c-8eeb-4764-b555-ce8767d18d57:c3063, c90dcfdf-5973-4b56-a955-1fc4555f10cb:c3063]
2019-09-19 11:26:24,497 [grpc-default-executor-3] INFO  client.GrpcClientProtocolClient (GrpcClientProtocolClient.java:onNext(264)) - client-D9B31DDCE961->18b22b39-7551-46dd-8464-dd74933c4739: receive RaftClientReply:client-D9B31DDCE961->18b22b39-7551-46dd-8464-dd74933c4739@group-597320EF17B3, cid=2133, SUCCESS, logIndex=0, commits[18b22b39-7551-46dd-8464-dd74933c4739:c3068, 76d6a15c-8eeb-4764-b555-ce8767d18d57:c3067, c90dcfdf-5973-4b56-a955-1fc4555f10cb:c3067]
2019-09-19 11:26:24,534 [grpc-default-executor-1] INFO  client.GrpcClientProtocolClient (GrpcClientProtocolClient.java:onNext(264)) - client-D9B31DDCE961->18b22b39-7551-46dd-8464-dd74933c4739: receive RaftClientReply:client-D9B31DDCE961->18b22b39-7551-46dd-8464-dd74933c4739@group-597320EF17B3, cid=2134, SUCCESS, logIndex=3070, commits[18b22b39-7551-46dd-8464-dd74933c4739:c3071, 76d6a15c-8eeb-4764-b555-ce8767d18d57:c3069, c90dcfdf-5973-4b56-a955-1fc4555f10cb:c3069]
2019-09-19 11:26:24,534 [grpc-default-executor-1] INFO  client.GrpcClientProtocolClient (GrpcClientProtocolClient.java:onNext(264)) - client-D9B31DDCE961->18b22b39-7551-46dd-8464-dd74933c4739: receive RaftClientReply:client-D9B31DDCE961->18b22b39-7551-46dd-8464-dd74933c4739@group-597320EF17B3, cid=2135, SUCCESS, logIndex=3071, commits[18b22b39-7551-46dd-8464-dd74933c4739:c3071, 76d6a15c-8eeb-4764-b555-ce8767d18d57:c3069, c90dcfdf-5973-4b56-a955-1fc4555f10cb:c3069]
2019-09-19 11:26:24,535 [grpc-default-executor-3] INFO  client.GrpcClientProtocolClient (GrpcClientProtocolClient.java:onNext(264)) - client-D9B31DDCE961->18b22b39-7551-46dd-8464-dd74933c4739: receive RaftClientReply:client-D9B31DDCE961->18b22b39-7551-46dd-8464-dd74933c4739@group-597320EF17B3, cid=2136, SUCCESS, logIndex=3072, commits[18b22b39-7551-46dd-8464-dd74933c4739:c3073, 76d6a15c-8eeb-4764-b555-ce8767d18d57:c3069, c90dcfdf-5973-4b56-a955-1fc4555f10cb:c3069]
2019-09-19 11:26:24,535 [grpc-default-executor-3] INFO  client.GrpcClientProtocolClient (GrpcClientProtocolClient.java:onNext(264)) - client-D9B31DDCE961->18b22b39-7551-46dd-8464-dd74933c4739: receive RaftClientReply:client-D9B31DDCE961->18b22b39-7551-46dd-8464-dd74933c4739@group-597320EF17B3, cid=2137, SUCCESS, logIndex=3073, commits[18b22b39-7551-46dd-8464-dd74933c4739:c3073, 76d6a15c-8eeb-4764-b555-ce8767d18d57:c3069, c90dcfdf-5973-4b56-a955-1fc4555f10cb:c3069]
2019-09-19 11:26:24,536 [grpc-default-executor-3] INFO  client.GrpcClientProtocolClient (GrpcClientProtocolClient.java:onNext(264)) - client-D9B31DDCE961->18b22b39-7551-46dd-8464-dd74933c4739: receive RaftClientReply:client-D9B31DDCE961->18b22b39-7551-46dd-8464-dd74933c4739@group-597320EF17B3, cid=2138, SUCCESS, logIndex=0, commits[18b22b39-7551-46dd-8464-dd74933c4739:c3075, 76d6a15c-8eeb-4764-b555-ce8767d18d57:c3071, c90dcfdf-5973-4b56-a955-1fc4555f10cb:c3071]
 0.00% |█                                                                                                    |  0/1 Time: 0:00:28 0.00% |█                                                                                                    |  0/1 Time: 0:00:29 0.00% |█                                                                                                    |  0/1 Time: 0:00:302019-09-19 11:26:27,541 [java.util.concurrent.ThreadPoolExecutor$Worker@77e89581[State = -1, empty queue]] WARN  server.GrpcLogAppender (GrpcLogAppender.java:timeoutAppendRequest(200)) - 18b22b39-7551-46dd-8464-dd74933c4739@group-597320EF17B3->c90dcfdf-5973-4b56-a955-1fc4555f10cb-GrpcLogAppender: appendEntries Timeout, request=18b22b39-7551-46dd-8464-dd74933c4739->c90dcfdf-5973-4b56-a955-1fc4555f10cb#3091-t11, previous=(t:11, i:3077), leaderCommit=3077, initializing? false, entries: size=1, first=(t:11, i:3078), STATEMACHINELOGENTRY, client-D9B31DDCE961, cid=2139
2019-09-19 11:26:27,541 [java.util.concurrent.ThreadPoolExecutor$Worker@1b1a33c8[State = -1, empty queue]] WARN  server.GrpcLogAppender (GrpcLogAppender.java:timeoutAppendRequest(200)) - 18b22b39-7551-46dd-8464-dd74933c4739@group-597320EF17B3->76d6a15c-8eeb-4764-b555-ce8767d18d57-GrpcLogAppender: appendEntries Timeout, request=18b22b39-7551-46dd-8464-dd74933c4739->76d6a15c-8eeb-4764-b555-ce8767d18d57#3091-t11, previous=(t:11, i:3077), leaderCommit=3077, initializing? false, entries: size=1, first=(t:11, i:3078), STATEMACHINELOGENTRY, client-D9B31DDCE961, cid=2139
2019-09-19 11:26:27,542 [java.util.concurrent.ThreadPoolExecutor$Worker@77e89581[State = -1, empty queue]] WARN  server.GrpcLogAppender (GrpcLogAppender.java:timeoutAppendRequest(200)) - 18b22b39-7551-46dd-8464-dd74933c4739@group-597320EF17B3->c90dcfdf-5973-4b56-a955-1fc4555f10cb-GrpcLogAppender: appendEntries Timeout, request=18b22b39-7551-46dd-8464-dd74933c4739->c90dcfdf-5973-4b56-a955-1fc4555f10cb#3092-t11, previous=(t:11, i:3078), leaderCommit=3077, initializing? false, entries: size=1, first=(t:11, i:3079), STATEMACHINELOGENTRY, client-D9B31DDCE961, cid=2140
2019-09-19 11:26:27,542 [java.util.concurrent.ThreadPoolExecutor$Worker@1b1a33c8[State = -1, empty queue]] WARN  server.GrpcLogAppender (GrpcLogAppender.java:timeoutAppendRequest(200)) - 18b22b39-7551-46dd-8464-dd74933c4739@group-597320EF17B3->76d6a15c-8eeb-4764-b555-ce8767d18d57-GrpcLogAppender: appendEntries Timeout, request=18b22b39-7551-46dd-8464-dd74933c4739->76d6a15c-8eeb-4764-b555-ce8767d18d57#3092-t11, previous=(t:11, i:3078), leaderCommit=3077, initializing? false, entries: size=1, first=(t:11, i:3079), STATEMACHINELOGENTRY, client-D9B31DDCE961, cid=2140
 0.00% |█                                                                                                    |  0/1 Time: 0:00:31 0.00% |█                                                                                                    |  0/1 Time: 0:00:322019-09-19 11:26:28,701 [grpc-default-executor-3] WARN  server.GrpcLogAppender (GrpcLogAppender.java:onNextImpl(251)) - 18b22b39-7551-46dd-8464-dd74933c4739@group-597320EF17B3->c90dcfdf-5973-4b56-a955-1fc4555f10cb-AppendLogResponseHandler: Request not found, ignoring reply: 18b22b39-7551-46dd-8464-dd74933c4739<-c90dcfdf-5973-4b56-a955-1fc4555f10cb#3091:OK,SUCCESS,nextIndex:3079,term:11,followerCommit:3077
2019-09-19 11:26:28,701 [grpc-default-executor-1] WARN  server.GrpcLogAppender (GrpcLogAppender.java:onNextImpl(251)) - 18b22b39-7551-46dd-8464-dd74933c4739@group-597320EF17B3->76d6a15c-8eeb-4764-b555-ce8767d18d57-AppendLogResponseHandler: Request not found, ignoring reply: 18b22b39-7551-46dd-8464-dd74933c4739<-76d6a15c-8eeb-4764-b555-ce8767d18d57#3091:OK,SUCCESS,nextIndex:3079,term:11,followerCommit:3077
2019-09-19 11:26:28,706 [grpc-default-executor-3] WARN  server.GrpcLogAppender (GrpcLogAppender.java:onNextImpl(251)) - 18b22b39-7551-46dd-8464-dd74933c4739@group-597320EF17B3->c90dcfdf-5973-4b56-a955-1fc4555f10cb-AppendLogResponseHandler: Request not found, ignoring reply: 18b22b39-7551-46dd-8464-dd74933c4739<-c90dcfdf-5973-4b56-a955-1fc4555f10cb#3092:OK,SUCCESS,nextIndex:3080,term:11,followerCommit:3077
2019-09-19 11:26:28,706 [grpc-default-executor-1] WARN  server.GrpcLogAppender (GrpcLogAppender.java:onNextImpl(251)) - 18b22b39-7551-46dd-8464-dd74933c4739@group-597320EF17B3->76d6a15c-8eeb-4764-b555-ce8767d18d57-AppendLogResponseHandler: Request not found, ignoring reply: 18b22b39-7551-46dd-8464-dd74933c4739<-76d6a15c-8eeb-4764-b555-ce8767d18d57#3092:OK,SUCCESS,nextIndex:3080,term:11,followerCommit:3077
2019-09-19 11:26:29,577 [grpc-default-executor-3] INFO  client.GrpcClientProtocolClient (GrpcClientProtocolClient.java:onNext(264)) - client-D9B31DDCE961->c90dcfdf-5973-4b56-a955-1fc4555f10cb: receive RaftClientReply:client-D9B31DDCE961->c90dcfdf-5973-4b56-a955-1fc4555f10cb@group-597320EF17B3, cid=2139, FAILED org.apache.ratis.protocol.NotLeaderException: Server c90dcfdf-5973-4b56-a955-1fc4555f10cb@group-597320EF17B3 is not the leader 18b22b39-7551-46dd-8464-dd74933c4739:192.168.5.171:33085, logIndex=0, commits[c90dcfdf-5973-4b56-a955-1fc4555f10cb:c3079, 18b22b39-7551-46dd-8464-dd74933c4739:c3079, 76d6a15c-8eeb-4764-b555-ce8767d18d57:c3077]
2019-09-19 11:26:29,586 [grpc-default-executor-1] INFO  client.GrpcClientProtocolClient (GrpcClientProtocolClient.java:onNext(264)) - client-D9B31DDCE961->18b22b39-7551-46dd-8464-dd74933c4739: receive RaftClientReply:client-D9B31DDCE961->18b22b39-7551-46dd-8464-dd74933c4739@group-597320EF17B3, cid=2139, SUCCESS, logIndex=3078, commits[18b22b39-7551-46dd-8464-dd74933c4739:c3079, 76d6a15c-8eeb-4764-b555-ce8767d18d57:c3077, c90dcfdf-5973-4b56-a955-1fc4555f10cb:c3077]
2019-09-19 11:26:29,587 [grpc-default-executor-1] INFO  client.GrpcClientProtocolClient (GrpcClientProtocolClient.java:onNext(264)) - client-D9B31DDCE961->18b22b39-7551-46dd-8464-dd74933c4739: receive RaftClientReply:client-D9B31DDCE961->18b22b39-7551-46dd-8464-dd74933c4739@group-597320EF17B3, cid=2140, SUCCESS, logIndex=3079, commits[18b22b39-7551-46dd-8464-dd74933c4739:c3079, 76d6a15c-8eeb-4764-b555-ce8767d18d57:c3077, c90dcfdf-5973-4b56-a955-1fc4555f10cb:c3077]
2019-09-19 11:26:29,615 [grpc-default-executor-7] INFO  client.GrpcClientProtocolClient (GrpcClientProtocolClient.java:onNext(264)) - client-D9B31DDCE961->18b22b39-7551-46dd-8464-dd74933c4739: receive RaftClientReply:client-D9B31DDCE961->18b22b39-7551-46dd-8464-dd74933c4739@group-597320EF17B3, cid=2141, SUCCESS, logIndex=3081, commits[18b22b39-7551-46dd-8464-dd74933c4739:c3082, 76d6a15c-8eeb-4764-b555-ce8767d18d57:c3080, c90dcfdf-5973-4b56-a955-1fc4555f10cb:c3080]
2019-09-19 11:26:29,618 [grpc-default-executor-7] INFO  client.GrpcClientProtocolClient (GrpcClientProtocolClient.java:onNext(264)) - client-D9B31DDCE961->18b22b39-7551-46dd-8464-dd74933c4739: receive RaftClientReply:client-D9B31DDCE961->18b22b39-7551-46dd-8464-dd74933c4739@group-597320EF17B3, cid=2142, SUCCESS, logIndex=3082, commits[18b22b39-7551-46dd-8464-dd74933c4739:c3082, 76d6a15c-8eeb-4764-b555-ce8767d18d57:c3080, c90dcfdf-5973-4b56-a955-1fc4555f10cb:c3080]
2019-09-19 11:26:29,633 [grpc-default-executor-7] INFO  client.GrpcClientProtocolClient (GrpcClientProtocolClient.java:onNext(264)) - client-D9B31DDCE961->18b22b39-7551-46dd-8464-dd74933c4739: receive RaftClientReply:client-D9B31DDCE961->18b22b39-7551-46dd-8464-dd74933c4739@group-597320EF17B3, cid=2143, SUCCESS, logIndex=0, commits[18b22b39-7551-46dd-8464-dd74933c4739:c3084, 76d6a15c-8eeb-4764-b555-ce8767d18d57:c3082, c90dcfdf-5973-4b56-a955-1fc4555f10cb:c3082]
2019-09-19 11:26:29,673 [grpc-default-executor-3] INFO  client.GrpcClientProtocolClient (GrpcClientProtocolClient.java:onNext(264)) - client-D9B31DDCE961->18b22b39-7551-46dd-8464-dd74933c4739: receive RaftClientReply:client-D9B31DDCE961->18b22b39-7551-46dd-8464-dd74933c4739@group-597320EF17B3, cid=2144, SUCCESS, logIndex=3085, commits[18b22b39-7551-46dd-8464-dd74933c4739:c3086, 76d6a15c-8eeb-4764-b555-ce8767d18d57:c3084, c90dcfdf-5973-4b56-a955-1fc4555f10cb:c3084]
2019-09-19 11:26:29,674 [grpc-default-executor-3] INFO  client.GrpcClientProtocolClient (GrpcClientProtocolClient.java:onNext(264)) - client-D9B31DDCE961->18b22b39-7551-46dd-8464-dd74933c4739: receive RaftClientReply:client-D9B31DDCE961->18b22b39-7551-46dd-8464-dd74933c4739@group-597320EF17B3, cid=2145, SUCCESS, logIndex=3086, commits[18b22b39-7551-46dd-8464-dd74933c4739:c3088, 76d6a15c-8eeb-4764-b555-ce8767d18d57:c3084, c90dcfdf-5973-4b56-a955-1fc4555f10cb:c3084]
2019-09-19 11:26:29,675 [grpc-default-executor-3] INFO  client.GrpcClientProtocolClient (GrpcClientProtocolClient.java:onNext(264)) - client-D9B31DDCE961->18b22b39-7551-46dd-8464-dd74933c4739: receive RaftClientReply:client-D9B31DDCE961->18b22b39-7551-46dd-8464-dd74933c4739@group-597320EF17B3, cid=2146, SUCCESS, logIndex=3087, commits[18b22b39-7551-46dd-8464-dd74933c4739:c3088, 76d6a15c-8eeb-4764-b555-ce8767d18d57:c3084, c90dcfdf-5973-4b56-a955-1fc4555f10cb:c3084]
2019-09-19 11:26:29,676 [grpc-default-executor-1] INFO  client.GrpcClientProtocolClient (GrpcClientProtocolClient.java:onNext(264)) - client-D9B31DDCE961->18b22b39-7551-46dd-8464-dd74933c4739: receive RaftClientReply:client-D9B31DDCE961->18b22b39-7551-46dd-8464-dd74933c4739@group-597320EF17B3, cid=2147, SUCCESS, logIndex=3088, commits[18b22b39-7551-46dd-8464-dd74933c4739:c3089, 76d6a15c-8eeb-4764-b555-ce8767d18d57:c3086, c90dcfdf-5973-4b56-a955-1fc4555f10cb:c3084]
2019-09-19 11:26:29,677 [grpc-default-executor-1] INFO  client.GrpcClientProtocolClient (GrpcClientProtocolClient.java:onNext(264)) - client-D9B31DDCE961->18b22b39-7551-46dd-8464-dd74933c4739: receive RaftClientReply:client-D9B31DDCE961->18b22b39-7551-46dd-8464-dd74933c4739@group-597320EF17B3, cid=2148, SUCCESS, logIndex=0, commits[18b22b39-7551-46dd-8464-dd74933c4739:c3091, 76d6a15c-8eeb-4764-b555-ce8767d18d57:c3088, c90dcfdf-5973-4b56-a955-1fc4555f10cb:c3088]
 0.00% |█                                                                                                    |  0/1 Time: 0:00:332019-09-19 11:26:29,702 [grpc-default-executor-7] INFO  client.GrpcClientProtocolClient (GrpcClientProtocolClient.java:onNext(264)) - client-D9B31DDCE961->18b22b39-7551-46dd-8464-dd74933c4739: receive RaftClientReply:client-D9B31DDCE961->18b22b39-7551-46dd-8464-dd74933c4739@group-597320EF17B3, cid=2149, SUCCESS, logIndex=3092, commits[18b22b39-7551-46dd-8464-dd74933c4739:c3093, 76d6a15c-8eeb-4764-b555-ce8767d18d57:c3091, c90dcfdf-5973-4b56-a955-1fc4555f10cb:c3091]
2019-09-19 11:26:29,702 [grpc-default-executor-7] INFO  client.GrpcClientProtocolClient (GrpcClientProtocolClient.java:onNext(264)) - client-D9B31DDCE961->18b22b39-7551-46dd-8464-dd74933c4739: receive RaftClientReply:client-D9B31DDCE961->18b22b39-7551-46dd-8464-dd74933c4739@group-597320EF17B3, cid=2150, SUCCESS, logIndex=3093, commits[18b22b39-7551-46dd-8464-dd74933c4739:c3093, 76d6a15c-8eeb-4764-b555-ce8767d18d57:c3091, c90dcfdf-5973-4b56-a955-1fc4555f10cb:c3091]
2019-09-19 11:26:29,731 [grpc-default-executor-7] INFO  client.GrpcClientProtocolClient (GrpcClientProtocolClient.java:onNext(264)) - client-D9B31DDCE961->18b22b39-7551-46dd-8464-dd74933c4739: receive RaftClientReply:client-D9B31DDCE961->18b22b39-7551-46dd-8464-dd74933c4739@group-597320EF17B3, cid=2151, SUCCESS, logIndex=3096, commits[18b22b39-7551-46dd-8464-dd74933c4739:c3097, 76d6a15c-8eeb-4764-b555-ce8767d18d57:c3093, c90dcfdf-5973-4b56-a955-1fc4555f10cb:c3093]
2019-09-19 11:26:29,731 [grpc-default-executor-7] INFO  client.GrpcClientProtocolClient (GrpcClientProtocolClient.java:onNext(264)) - client-D9B31DDCE961->18b22b39-7551-46dd-8464-dd74933c4739: receive RaftClientReply:client-D9B31DDCE961->18b22b39-7551-46dd-8464-dd74933c4739@group-597320EF17B3, cid=2152, SUCCESS, logIndex=3097, commits[18b22b39-7551-46dd-8464-dd74933c4739:c3097, 76d6a15c-8eeb-4764-b555-ce8767d18d57:c3093, c90dcfdf-5973-4b56-a955-1fc4555f10cb:c3093]
2019-09-19 11:26:29,743 [grpc-default-executor-7] INFO  client.GrpcClientProtocolClient (GrpcClientProtocolClient.java:onNext(264)) - client-D9B31DDCE961->18b22b39-7551-46dd-8464-dd74933c4739: receive RaftClientReply:client-D9B31DDCE961->18b22b39-7551-46dd-8464-dd74933c4739@group-597320EF17B3, cid=2153, SUCCESS, logIndex=0, commits[18b22b39-7551-46dd-8464-dd74933c4739:c3099, 76d6a15c-8eeb-4764-b555-ce8767d18d57:c3097, c90dcfdf-5973-4b56-a955-1fc4555f10cb:c3097]
2019-09-19 11:26:29,776 [grpc-default-executor-1] INFO  client.GrpcClientProtocolClient (GrpcClientProtocolClient.java:onNext(264)) - client-D9B31DDCE961->18b22b39-7551-46dd-8464-dd74933c4739: receive RaftClientReply:client-D9B31DDCE961->18b22b39-7551-46dd-8464-dd74933c4739@group-597320EF17B3, cid=2154, SUCCESS, logIndex=3100, commits[18b22b39-7551-46dd-8464-dd74933c4739:c3101, 76d6a15c-8eeb-4764-b555-ce8767d18d57:c3099, c90dcfdf-5973-4b56-a955-1fc4555f10cb:c3099]
2019-09-19 11:26:29,777 [grpc-default-executor-1] INFO  client.GrpcClientProtocolClient (GrpcClientProtocolClient.java:onNext(264)) - client-D9B31DDCE961->18b22b39-7551-46dd-8464-dd74933c4739: receive RaftClientReply:client-D9B31DDCE961->18b22b39-7551-46dd-8464-dd74933c4739@group-597320EF17B3, cid=2155, SUCCESS, logIndex=3101, commits[18b22b39-7551-46dd-8464-dd74933c4739:c3103, 76d6a15c-8eeb-4764-b555-ce8767d18d57:c3099, c90dcfdf-5973-4b56-a955-1fc4555f10cb:c3099]
2019-09-19 11:26:29,777 [grpc-default-executor-1] INFO  client.GrpcClientProtocolClient (GrpcClientProtocolClient.java:onNext(264)) - client-D9B31DDCE961->18b22b39-7551-46dd-8464-dd74933c4739: receive RaftClientReply:client-D9B31DDCE961->18b22b39-7551-46dd-8464-dd74933c4739@group-597320EF17B3, cid=2156, SUCCESS, logIndex=3102, commits[18b22b39-7551-46dd-8464-dd74933c4739:c3103, 76d6a15c-8eeb-4764-b555-ce8767d18d57:c3099, c90dcfdf-5973-4b56-a955-1fc4555f10cb:c3099]
2019-09-19 11:26:29,777 [grpc-default-executor-1] INFO  client.GrpcClientProtocolClient (GrpcClientProtocolClient.java:onNext(264)) - client-D9B31DDCE961->18b22b39-7551-46dd-8464-dd74933c4739: receive RaftClientReply:client-D9B31DDCE961->18b22b39-7551-46dd-8464-dd74933c4739@group-597320EF17B3, cid=2157, SUCCESS, logIndex=3103, commits[18b22b39-7551-46dd-8464-dd74933c4739:c3103, 76d6a15c-8eeb-4764-b555-ce8767d18d57:c3099, c90dcfdf-5973-4b56-a955-1fc4555f10cb:c3099]
2019-09-19 11:26:29,786 [grpc-default-executor-1] INFO  client.GrpcClientProtocolClient (GrpcClientProtocolClient.java:onNext(264)) - client-D9B31DDCE961->18b22b39-7551-46dd-8464-dd74933c4739: receive RaftClientReply:client-D9B31DDCE961->18b22b39-7551-46dd-8464-dd74933c4739@group-597320EF17B3, cid=2158, SUCCESS, logIndex=0, commits[18b22b39-7551-46dd-8464-dd74933c4739:c3104, 76d6a15c-8eeb-4764-b555-ce8767d18d57:c3101, c90dcfdf-5973-4b56-a955-1fc4555f10cb:c3101]
2019-09-19 11:26:29,807 [grpc-default-executor-5] INFO  client.GrpcClientProtocolClient (GrpcClientProtocolClient.java:onNext(264)) - client-D9B31DDCE961->18b22b39-7551-46dd-8464-dd74933c4739: receive RaftClientReply:client-D9B31DDCE961->18b22b39-7551-46dd-8464-dd74933c4739@group-597320EF17B3, cid=2159, SUCCESS, logIndex=3107, commits[18b22b39-7551-46dd-8464-dd74933c4739:c3108, 76d6a15c-8eeb-4764-b555-ce8767d18d57:c3106, c90dcfdf-5973-4b56-a955-1fc4555f10cb:c3106]
2019-09-19 11:26:29,807 [grpc-default-executor-5] INFO  client.GrpcClientProtocolClient (GrpcClientProtocolClient.java:onNext(264)) - client-D9B31DDCE961->18b22b39-7551-46dd-8464-dd74933c4739: receive RaftClientReply:client-D9B31DDCE961->18b22b39-7551-46dd-8464-dd74933c4739@group-597320EF17B3, cid=2160, SUCCESS, logIndex=3108, commits[18b22b39-7551-46dd-8464-dd74933c4739:c3108, 76d6a15c-8eeb-4764-b555-ce8767d18d57:c3106, c90dcfdf-5973-4b56-a955-1fc4555f10cb:c3106]
2019-09-19 11:26:29,820 [grpc-default-executor-5] INFO  client.GrpcClientProtocolClient (GrpcClientProtocolClient.java:onNext(264)) - client-D9B31DDCE961->18b22b39-7551-46dd-8464-dd74933c4739: receive RaftClientReply:client-D9B31DDCE961->18b22b39-7551-46dd-8464-dd74933c4739@group-597320EF17B3, cid=2161, SUCCESS, logIndex=3111, commits[18b22b39-7551-46dd-8464-dd74933c4739:c3111, 76d6a15c-8eeb-4764-b555-ce8767d18d57:c3108, c90dcfdf-5973-4b56-a955-1fc4555f10cb:c3108]
2019-09-19 11:26:29,821 [grpc-default-executor-5] INFO  client.GrpcClientProtocolClient (GrpcClientProtocolClient.java:onNext(264)) - client-D9B31DDCE961->18b22b39-7551-46dd-8464-dd74933c4739: receive RaftClientReply:client-D9B31DDCE961->18b22b39-7551-46dd-8464-dd74933c4739@group-597320EF17B3, cid=2162, SUCCESS, logIndex=3112, commits[18b22b39-7551-46dd-8464-dd74933c4739:c3112, 76d6a15c-8eeb-4764-b555-ce8767d18d57:c3108, c90dcfdf-5973-4b56-a955-1fc4555f10cb:c3108]
2019-09-19 11:26:29,833 [grpc-default-executor-5] INFO  client.GrpcClientProtocolClient (GrpcClientProtocolClient.java:onNext(264)) - client-D9B31DDCE961->18b22b39-7551-46dd-8464-dd74933c4739: receive RaftClientReply:client-D9B31DDCE961->18b22b39-7551-46dd-8464-dd74933c4739@group-597320EF17B3, cid=2163, SUCCESS, logIndex=0, commits[18b22b39-7551-46dd-8464-dd74933c4739:c3114, 76d6a15c-8eeb-4764-b555-ce8767d18d57:c3112, c90dcfdf-5973-4b56-a955-1fc4555f10cb:c3112]
2019-09-19 11:26:29,862 [grpc-default-executor-7] INFO  client.GrpcClientProtocolClient (GrpcClientProtocolClient.java:onNext(264)) - client-D9B31DDCE961->18b22b39-7551-46dd-8464-dd74933c4739: receive RaftClientReply:client-D9B31DDCE961->18b22b39-7551-46dd-8464-dd74933c4739@group-597320EF17B3, cid=2164, SUCCESS, logIndex=3115, commits[18b22b39-7551-46dd-8464-dd74933c4739:c3117, 76d6a15c-8eeb-4764-b555-ce8767d18d57:c3114, c90dcfdf-5973-4b56-a955-1fc4555f10cb:c3114]
2019-09-19 11:26:29,863 [grpc-default-executor-7] INFO  client.GrpcClientProtocolClient (GrpcClientProtocolClient.java:onNext(264)) - client-D9B31DDCE961->18b22b39-7551-46dd-8464-dd74933c4739: receive RaftClientReply:client-D9B31DDCE961->18b22b39-7551-46dd-8464-dd74933c4739@group-597320EF17B3, cid=2165, SUCCESS, logIndex=3116, commits[18b22b39-7551-46dd-8464-dd74933c4739:c3118, 76d6a15c-8eeb-4764-b555-ce8767d18d57:c3114, c90dcfdf-5973-4b56-a955-1fc4555f10cb:c3114]
2019-09-19 11:26:29,863 [grpc-default-executor-7] INFO  client.GrpcClientProtocolClient (GrpcClientProtocolClient.java:onNext(264)) - client-D9B31DDCE961->18b22b39-7551-46dd-8464-dd74933c4739: receive RaftClientReply:client-D9B31DDCE961->18b22b39-7551-46dd-8464-dd74933c4739@group-597320EF17B3, cid=2166, SUCCESS, logIndex=3117, commits[18b22b39-7551-46dd-8464-dd74933c4739:c3118, 76d6a15c-8eeb-4764-b555-ce8767d18d57:c3114, c90dcfdf-5973-4b56-a955-1fc4555f10cb:c3114]
2019-09-19 11:26:29,865 [grpc-default-executor-7] INFO  client.GrpcClientProtocolClient (GrpcClientProtocolClient.java:onNext(264)) - client-D9B31DDCE961->18b22b39-7551-46dd-8464-dd74933c4739: receive RaftClientReply:client-D9B31DDCE961->18b22b39-7551-46dd-8464-dd74933c4739@group-597320EF17B3, cid=2167, SUCCESS, logIndex=3118, commits[18b22b39-7551-46dd-8464-dd74933c4739:c3118, 76d6a15c-8eeb-4764-b555-ce8767d18d57:c3114, c90dcfdf-5973-4b56-a955-1fc4555f10cb:c3114]
2019-09-19 11:26:29,866 [grpc-default-executor-7] INFO  client.GrpcClientProtocolClient (GrpcClientProtocolClient.java:onNext(264)) - client-D9B31DDCE961->18b22b39-7551-46dd-8464-dd74933c4739: receive RaftClientReply:client-D9B31DDCE961->18b22b39-7551-46dd-8464-dd74933c4739@group-597320EF17B3, cid=2168, SUCCESS, logIndex=0, commits[18b22b39-7551-46dd-8464-dd74933c4739:c3122, 76d6a15c-8eeb-4764-b555-ce8767d18d57:c3118, c90dcfdf-5973-4b56-a955-1fc4555f10cb:c3117]
2019-09-19 11:26:29,886 [grpc-default-executor-5] INFO  client.GrpcClientProtocolClient (GrpcClientProtocolClient.java:onNext(264)) - client-D9B31DDCE961->18b22b39-7551-46dd-8464-dd74933c4739: receive RaftClientReply:client-D9B31DDCE961->18b22b39-7551-46dd-8464-dd74933c4739@group-597320EF17B3, cid=2169, SUCCESS, logIndex=3123, commits[18b22b39-7551-46dd-8464-dd74933c4739:c3124, 76d6a15c-8eeb-4764-b555-ce8767d18d57:c3122, c90dcfdf-5973-4b56-a955-1fc4555f10cb:c3118]
2019-09-19 11:26:29,886 [grpc-default-executor-5] INFO  client.GrpcClientProtocolClient (GrpcClientProtocolClient.java:onNext(264)) - client-D9B31DDCE961->18b22b39-7551-46dd-8464-dd74933c4739: receive RaftClientReply:client-D9B31DDCE961->18b22b39-7551-46dd-8464-dd74933c4739@group-597320EF17B3, cid=2170, SUCCESS, logIndex=3124, commits[18b22b39-7551-46dd-8464-dd74933c4739:c3124, 76d6a15c-8eeb-4764-b555-ce8767d18d57:c3122, c90dcfdf-5973-4b56-a955-1fc4555f10cb:c3122]
2019-09-19 11:26:29,905 [grpc-default-executor-1] INFO  client.GrpcClientProtocolClient (GrpcClientProtocolClient.java:onNext(264)) - client-D9B31DDCE961->18b22b39-7551-46dd-8464-dd74933c4739: receive RaftClientReply:client-D9B31DDCE961->18b22b39-7551-46dd-8464-dd74933c4739@group-597320EF17B3, cid=2171, SUCCESS, logIndex=3127, commits[18b22b39-7551-46dd-8464-dd74933c4739:c3128, 76d6a15c-8eeb-4764-b555-ce8767d18d57:c3124, c90dcfdf-5973-4b56-a955-1fc4555f10cb:c3124]
2019-09-19 11:26:29,906 [grpc-default-executor-1] INFO  client.GrpcClientProtocolClient (GrpcClientProtocolClient.java:onNext(264)) - client-D9B31DDCE961->18b22b39-7551-46dd-8464-dd74933c4739: receive RaftClientReply:client-D9B31DDCE961->18b22b39-7551-46dd-8464-dd74933c4739@group-597320EF17B3, cid=2172, SUCCESS, logIndex=3128, commits[18b22b39-7551-46dd-8464-dd74933c4739:c3128, 76d6a15c-8eeb-4764-b555-ce8767d18d57:c3124, c90dcfdf-5973-4b56-a955-1fc4555f10cb:c3124]
2019-09-19 11:26:29,918 [grpc-default-executor-1] INFO  client.GrpcClientProtocolClient (GrpcClientProtocolClient.java:onNext(264)) - client-D9B31DDCE961->18b22b39-7551-46dd-8464-dd74933c4739: receive RaftClientReply:client-D9B31DDCE961->18b22b39-7551-46dd-8464-dd74933c4739@group-597320EF17B3, cid=2173, SUCCESS, logIndex=0, commits[18b22b39-7551-46dd-8464-dd74933c4739:c3130, 76d6a15c-8eeb-4764-b555-ce8767d18d57:c3128, c90dcfdf-5973-4b56-a955-1fc4555f10cb:c3128]
2019-09-19 11:26:29,945 [grpc-default-executor-7] INFO  client.GrpcClientProtocolClient (GrpcClientProtocolClient.java:onNext(264)) - client-D9B31DDCE961->18b22b39-7551-46dd-8464-dd74933c4739: receive RaftClientReply:client-D9B31DDCE961->18b22b39-7551-46dd-8464-dd74933c4739@group-597320EF17B3, cid=2174, SUCCESS, logIndex=3131, commits[18b22b39-7551-46dd-8464-dd74933c4739:c3132, 76d6a15c-8eeb-4764-b555-ce8767d18d57:c3130, c90dcfdf-5973-4b56-a955-1fc4555f10cb:c3130]
2019-09-19 11:26:29,947 [grpc-default-executor-5] INFO  client.GrpcClientProtocolClient (GrpcClientProtocolClient.java:onNext(264)) - client-D9B31DDCE961->18b22b39-7551-46dd-8464-dd74933c4739: receive RaftClientReply:client-D9B31DDCE961->18b22b39-7551-46dd-8464-dd74933c4739@group-597320EF17B3, cid=2175, SUCCESS, logIndex=3132, commits[18b22b39-7551-46dd-8464-dd74933c4739:c3132, 76d6a15c-8eeb-4764-b555-ce8767d18d57:c3130, c90dcfdf-5973-4b56-a955-1fc4555f10cb:c3130]
2019-09-19 11:26:29,949 [grpc-default-executor-5] INFO  client.GrpcClientProtocolClient (GrpcClientProtocolClient.java:onNext(264)) - client-D9B31DDCE961->18b22b39-7551-46dd-8464-dd74933c4739: receive RaftClientReply:client-D9B31DDCE961->18b22b39-7551-46dd-8464-dd74933c4739@group-597320EF17B3, cid=2176, SUCCESS, logIndex=3133, commits[18b22b39-7551-46dd-8464-dd74933c4739:c3134, 76d6a15c-8eeb-4764-b555-ce8767d18d57:c3130, c90dcfdf-5973-4b56-a955-1fc4555f10cb:c3130]
2019-09-19 11:26:29,949 [grpc-default-executor-5] INFO  client.GrpcClientProtocolClient (GrpcClientProtocolClient.java:onNext(264)) - client-D9B31DDCE961->18b22b39-7551-46dd-8464-dd74933c4739: receive RaftClientReply:client-D9B31DDCE961->18b22b39-7551-46dd-8464-dd74933c4739@group-597320EF17B3, cid=2177, SUCCESS, logIndex=3134, commits[18b22b39-7551-46dd-8464-dd74933c4739:c3134, 76d6a15c-8eeb-4764-b555-ce8767d18d57:c3130, c90dcfdf-5973-4b56-a955-1fc4555f10cb:c3130]
2019-09-19 11:26:29,950 [grpc-default-executor-5] INFO  client.GrpcClientProtocolClient (GrpcClientProtocolClient.java:onNext(264)) - client-D9B31DDCE961->18b22b39-7551-46dd-8464-dd74933c4739: receive RaftClientReply:client-D9B31DDCE961->18b22b39-7551-46dd-8464-dd74933c4739@group-597320EF17B3, cid=2178, SUCCESS, logIndex=0, commits[18b22b39-7551-46dd-8464-dd74933c4739:c3138, 76d6a15c-8eeb-4764-b555-ce8767d18d57:c3133, c90dcfdf-5973-4b56-a955-1fc4555f10cb:c3134]
2019-09-19 11:26:29,970 [grpc-default-executor-5] INFO  client.GrpcClientProtocolClient (GrpcClientProtocolClient.java:onNext(264)) - client-D9B31DDCE961->18b22b39-7551-46dd-8464-dd74933c4739: receive RaftClientReply:client-D9B31DDCE961->18b22b39-7551-46dd-8464-dd74933c4739@group-597320EF17B3, cid=2179, SUCCESS, logIndex=3139, commits[18b22b39-7551-46dd-8464-dd74933c4739:c3140, 76d6a15c-8eeb-4764-b555-ce8767d18d57:c3138, c90dcfdf-5973-4b56-a955-1fc4555f10cb:c3134]
2019-09-19 11:26:29,970 [grpc-default-executor-5] INFO  client.GrpcClientProtocolClient (GrpcClientProtocolClient.java:onNext(264)) - client-D9B31DDCE961->18b22b39-7551-46dd-8464-dd74933c4739: receive RaftClientReply:client-D9B31DDCE961->18b22b39-7551-46dd-8464-dd74933c4739@group-597320EF17B3, cid=2180, SUCCESS, logIndex=3140, commits[18b22b39-7551-46dd-8464-dd74933c4739:c3140, 76d6a15c-8eeb-4764-b555-ce8767d18d57:c3138, c90dcfdf-5973-4b56-a955-1fc4555f10cb:c3138]
2019-09-19 11:26:29,984 [grpc-default-executor-1] INFO  client.GrpcClientProtocolClient (GrpcClientProtocolClient.java:onNext(264)) - client-D9B31DDCE961->18b22b39-7551-46dd-8464-dd74933c4739: receive RaftClientReply:client-D9B31DDCE961->18b22b39-7551-46dd-8464-dd74933c4739@group-597320EF17B3, cid=2181, SUCCESS, logIndex=3143, commits[18b22b39-7551-46dd-8464-dd74933c4739:c3144, 76d6a15c-8eeb-4764-b555-ce8767d18d57:c3140, c90dcfdf-5973-4b56-a955-1fc4555f10cb:c3140]
2019-09-19 11:26:29,985 [grpc-default-executor-1] INFO  client.GrpcClientProtocolClient (GrpcClientProtocolClient.java:onNext(264)) - client-D9B31DDCE961->18b22b39-7551-46dd-8464-dd74933c4739: receive RaftClientReply:client-D9B31DDCE961->18b22b39-7551-46dd-8464-dd74933c4739@group-597320EF17B3, cid=2182, SUCCESS, logIndex=3144, commits[18b22b39-7551-46dd-8464-dd74933c4739:c3144, 76d6a15c-8eeb-4764-b555-ce8767d18d57:c3140, c90dcfdf-5973-4b56-a955-1fc4555f10cb:c3140]
2019-09-19 11:26:29,997 [grpc-default-executor-1] INFO  client.GrpcClientProtocolClient (GrpcClientProtocolClient.java:onNext(264)) - client-D9B31DDCE961->18b22b39-7551-46dd-8464-dd74933c4739: receive RaftClientReply:client-D9B31DDCE961->18b22b39-7551-46dd-8464-dd74933c4739@group-597320EF17B3, cid=2183, SUCCESS, logIndex=0, commits[18b22b39-7551-46dd-8464-dd74933c4739:c3145, 76d6a15c-8eeb-4764-b555-ce8767d18d57:c3144, c90dcfdf-5973-4b56-a955-1fc4555f10cb:c3144]
2019-09-19 11:26:30,025 [grpc-default-executor-5] INFO  client.GrpcClientProtocolClient (GrpcClientProtocolClient.java:onNext(264)) - client-D9B31DDCE961->18b22b39-7551-46dd-8464-dd74933c4739: receive RaftClientReply:client-D9B31DDCE961->18b22b39-7551-46dd-8464-dd74933c4739@group-597320EF17B3, cid=2184, SUCCESS, logIndex=3147, commits[18b22b39-7551-46dd-8464-dd74933c4739:c3148, 76d6a15c-8eeb-4764-b555-ce8767d18d57:c3146, c90dcfdf-5973-4b56-a955-1fc4555f10cb:c3144]
2019-09-19 11:26:30,026 [grpc-default-executor-5] INFO  client.GrpcClientProtocolClient (GrpcClientProtocolClient.java:onNext(264)) - client-D9B31DDCE961->18b22b39-7551-46dd-8464-dd74933c4739: receive RaftClientReply:client-D9B31DDCE961->18b22b39-7551-46dd-8464-dd74933c4739@group-597320EF17B3, cid=2185, SUCCESS, logIndex=3148, commits[18b22b39-7551-46dd-8464-dd74933c4739:c3150, 76d6a15c-8eeb-4764-b555-ce8767d18d57:c3146, c90dcfdf-5973-4b56-a955-1fc4555f10cb:c3146]
2019-09-19 11:26:30,026 [grpc-default-executor-7] INFO  client.GrpcClientProtocolClient (GrpcClientProtocolClient.java:onNext(264)) - client-D9B31DDCE961->18b22b39-7551-46dd-8464-dd74933c4739: receive RaftClientReply:client-D9B31DDCE961->18b22b39-7551-46dd-8464-dd74933c4739@group-597320EF17B3, cid=2186, SUCCESS, logIndex=3149, commits[18b22b39-7551-46dd-8464-dd74933c4739:c3150, 76d6a15c-8eeb-4764-b555-ce8767d18d57:c3146, c90dcfdf-5973-4b56-a955-1fc4555f10cb:c3146]
2019-09-19 11:26:30,028 [grpc-default-executor-7] INFO  client.GrpcClientProtocolClient (GrpcClientProtocolClient.java:onNext(264)) - client-D9B31DDCE961->18b22b39-7551-46dd-8464-dd74933c4739: receive RaftClientReply:client-D9B31DDCE961->18b22b39-7551-46dd-8464-dd74933c4739@group-597320EF17B3, cid=2187, SUCCESS, logIndex=3150, commits[18b22b39-7551-46dd-8464-dd74933c4739:c3150, 76d6a15c-8eeb-4764-b555-ce8767d18d57:c3146, c90dcfdf-5973-4b56-a955-1fc4555f10cb:c3146]
2019-09-19 11:26:30,029 [grpc-default-executor-7] INFO  client.GrpcClientProtocolClient (GrpcClientProtocolClient.java:onNext(264)) - client-D9B31DDCE961->18b22b39-7551-46dd-8464-dd74933c4739: receive RaftClientReply:client-D9B31DDCE961->18b22b39-7551-46dd-8464-dd74933c4739@group-597320EF17B3, cid=2188, SUCCESS, logIndex=0, commits[18b22b39-7551-46dd-8464-dd74933c4739:c3154, 76d6a15c-8eeb-4764-b555-ce8767d18d57:c3150, c90dcfdf-5973-4b56-a955-1fc4555f10cb:c3148]
2019-09-19 11:26:30,048 [grpc-default-executor-5] INFO  client.GrpcClientProtocolClient (GrpcClientProtocolClient.java:onNext(264)) - client-D9B31DDCE961->18b22b39-7551-46dd-8464-dd74933c4739: receive RaftClientReply:client-D9B31DDCE961->18b22b39-7551-46dd-8464-dd74933c4739@group-597320EF17B3, cid=2189, SUCCESS, logIndex=3155, commits[18b22b39-7551-46dd-8464-dd74933c4739:c3156, 76d6a15c-8eeb-4764-b555-ce8767d18d57:c3154, c90dcfdf-5973-4b56-a955-1fc4555f10cb:c3154]
2019-09-19 11:26:30,048 [grpc-default-executor-5] INFO  client.GrpcClientProtocolClient (GrpcClientProtocolClient.java:onNext(264)) - client-D9B31DDCE961->18b22b39-7551-46dd-8464-dd74933c4739: receive RaftClientReply:client-D9B31DDCE961->18b22b39-7551-46dd-8464-dd74933c4739@group-597320EF17B3, cid=2190, SUCCESS, logIndex=3156, commits[18b22b39-7551-46dd-8464-dd74933c4739:c3156, 76d6a15c-8eeb-4764-b555-ce8767d18d57:c3154, c90dcfdf-5973-4b56-a955-1fc4555f10cb:c3154]
2019-09-19 11:26:30,061 [grpc-default-executor-5] INFO  client.GrpcClientProtocolClient (GrpcClientProtocolClient.java:onNext(264)) - client-D9B31DDCE961->18b22b39-7551-46dd-8464-dd74933c4739: receive RaftClientReply:client-D9B31DDCE961->18b22b39-7551-46dd-8464-dd74933c4739@group-597320EF17B3, cid=2191, SUCCESS, logIndex=3159, commits[18b22b39-7551-46dd-8464-dd74933c4739:c3160, 76d6a15c-8eeb-4764-b555-ce8767d18d57:c3156, c90dcfdf-5973-4b56-a955-1fc4555f10cb:c3158]
2019-09-19 11:26:30,061 [grpc-default-executor-5] INFO  client.GrpcClientProtocolClient (GrpcClientProtocolClient.java:onNext(264)) - client-D9B31DDCE961->18b22b39-7551-46dd-8464-dd74933c4739: receive RaftClientReply:client-D9B31DDCE961->18b22b39-7551-46dd-8464-dd74933c4739@group-597320EF17B3, cid=2192, SUCCESS, logIndex=3160, commits[18b22b39-7551-46dd-8464-dd74933c4739:c3160, 76d6a15c-8eeb-4764-b555-ce8767d18d57:c3158, c90dcfdf-5973-4b56-a955-1fc4555f10cb:c3158]
2019-09-19 11:26:30,062 [grpc-default-executor-5] INFO  client.GrpcClientProtocolClient (GrpcClientProtocolClient.java:onNext(264)) - client-D9B31DDCE961->18b22b39-7551-46dd-8464-dd74933c4739: receive RaftClientReply:client-D9B31DDCE961->18b22b39-7551-46dd-8464-dd74933c4739@group-597320EF17B3, cid=2193, SUCCESS, logIndex=0, commits[18b22b39-7551-46dd-8464-dd74933c4739:c3161, 76d6a15c-8eeb-4764-b555-ce8767d18d57:c3160, c90dcfdf-5973-4b56-a955-1fc4555f10cb:c3160]
2019-09-19 11:26:30,082 [grpc-default-executor-1] INFO  client.GrpcClientProtocolClient (GrpcClientProtocolClient.java:onNext(264)) - client-D9B31DDCE961->18b22b39-7551-46dd-8464-dd74933c4739: receive RaftClientReply:client-D9B31DDCE961->18b22b39-7551-46dd-8464-dd74933c4739@group-597320EF17B3, cid=2194, SUCCESS, logIndex=3163, commits[18b22b39-7551-46dd-8464-dd74933c4739:c3164, 76d6a15c-8eeb-4764-b555-ce8767d18d57:c3162, c90dcfdf-5973-4b56-a955-1fc4555f10cb:c3160]
2019-09-19 11:26:30,083 [grpc-default-executor-1] INFO  client.GrpcClientProtocolClient (GrpcClientProtocolClient.java:onNext(264)) - client-D9B31DDCE961->18b22b39-7551-46dd-8464-dd74933c4739: receive RaftClientReply:client-D9B31DDCE961->18b22b39-7551-46dd-8464-dd74933c4739@group-597320EF17B3, cid=2195, SUCCESS, logIndex=3164, commits[18b22b39-7551-46dd-8464-dd74933c4739:c3164, 76d6a15c-8eeb-4764-b555-ce8767d18d57:c3162, c90dcfdf-5973-4b56-a955-1fc4555f10cb:c3162]
2019-09-19 11:26:30,084 [grpc-default-executor-1] INFO  client.GrpcClientProtocolClient (GrpcClientProtocolClient.java:onNext(264)) - client-D9B31DDCE961->18b22b39-7551-46dd-8464-dd74933c4739: receive RaftClientReply:client-D9B31DDCE961->18b22b39-7551-46dd-8464-dd74933c4739@group-597320EF17B3, cid=2196, SUCCESS, logIndex=3165, commits[18b22b39-7551-46dd-8464-dd74933c4739:c3167, 76d6a15c-8eeb-4764-b555-ce8767d18d57:c3164, c90dcfdf-5973-4b56-a955-1fc4555f10cb:c3162]
2019-09-19 11:26:30,084 [grpc-default-executor-1] INFO  client.GrpcClientProtocolClient (GrpcClientProtocolClient.java:onNext(264)) - client-D9B31DDCE961->18b22b39-7551-46dd-8464-dd74933c4739: receive RaftClientReply:client-D9B31DDCE961->18b22b39-7551-46dd-8464-dd74933c4739@group-597320EF17B3, cid=2197, SUCCESS, logIndex=3166, commits[18b22b39-7551-46dd-8464-dd74933c4739:c3167, 76d6a15c-8eeb-4764-b555-ce8767d18d57:c3164, c90dcfdf-5973-4b56-a955-1fc4555f10cb:c3162]
2019-09-19 11:26:30,087 [grpc-default-executor-1] INFO  client.GrpcClientProtocolClient (GrpcClientProtocolClient.java:onNext(264)) - client-D9B31DDCE961->18b22b39-7551-46dd-8464-dd74933c4739: receive RaftClientReply:client-D9B31DDCE961->18b22b39-7551-46dd-8464-dd74933c4739@group-597320EF17B3, cid=2198, SUCCESS, logIndex=0, commits[18b22b39-7551-46dd-8464-dd74933c4739:c3168, 76d6a15c-8eeb-4764-b555-ce8767d18d57:c3164, c90dcfdf-5973-4b56-a955-1fc4555f10cb:c3164]
2019-09-19 11:26:30,099 [grpc-default-executor-1] INFO  client.GrpcClientProtocolClient (GrpcClientProtocolClient.java:onNext(264)) - client-D9B31DDCE961->18b22b39-7551-46dd-8464-dd74933c4739: receive RaftClientReply:client-D9B31DDCE961->18b22b39-7551-46dd-8464-dd74933c4739@group-597320EF17B3, cid=2199, SUCCESS, logIndex=3171, commits[18b22b39-7551-46dd-8464-dd74933c4739:c3172, 76d6a15c-8eeb-4764-b555-ce8767d18d57:c3166, c90dcfdf-5973-4b56-a955-1fc4555f10cb:c3170]
2019-09-19 11:26:30,099 [grpc-default-executor-1] INFO  client.GrpcClientProtocolClient (GrpcClientProtocolClient.java:onNext(264)) - client-D9B31DDCE961->18b22b39-7551-46dd-8464-dd74933c4739: receive RaftClientReply:client-D9B31DDCE961->18b22b39-7551-46dd-8464-dd74933c4739@group-597320EF17B3, cid=2200, SUCCESS, logIndex=3172, commits[18b22b39-7551-46dd-8464-dd74933c4739:c3172, 76d6a15c-8eeb-4764-b555-ce8767d18d57:c3170, c90dcfdf-5973-4b56-a955-1fc4555f10cb:c3170]
2019-09-19 11:26:30,112 [grpc-default-executor-1] INFO  client.GrpcClientProtocolClient (GrpcClientProtocolClient.java:onNext(264)) - client-D9B31DDCE961->18b22b39-7551-46dd-8464-dd74933c4739: receive RaftClientReply:client-D9B31DDCE961->18b22b39-7551-46dd-8464-dd74933c4739@group-597320EF17B3, cid=2201, SUCCESS, logIndex=3175, commits[18b22b39-7551-46dd-8464-dd74933c4739:c3176, 76d6a15c-8eeb-4764-b555-ce8767d18d57:c3174, c90dcfdf-5973-4b56-a955-1fc4555f10cb:c3172]
2019-09-19 11:26:30,112 [grpc-default-executor-1] INFO  client.GrpcClientProtocolClient (GrpcClientProtocolClient.java:onNext(264)) - client-D9B31DDCE961->18b22b39-7551-46dd-8464-dd74933c4739: receive RaftClientReply:client-D9B31DDCE961->18b22b39-7551-46dd-8464-dd74933c4739@group-597320EF17B3, cid=2202, SUCCESS, logIndex=3176, commits[18b22b39-7551-46dd-8464-dd74933c4739:c3176, 76d6a15c-8eeb-4764-b555-ce8767d18d57:c3174, c90dcfdf-5973-4b56-a955-1fc4555f10cb:c3174]
2019-09-19 11:26:30,114 [grpc-default-executor-1] INFO  client.GrpcClientProtocolClient (GrpcClientProtocolClient.java:onNext(264)) - client-D9B31DDCE961->18b22b39-7551-46dd-8464-dd74933c4739: receive RaftClientReply:client-D9B31DDCE961->18b22b39-7551-46dd-8464-dd74933c4739@group-597320EF17B3, cid=2203, SUCCESS, logIndex=0, commits[18b22b39-7551-46dd-8464-dd74933c4739:c3177, 76d6a15c-8eeb-4764-b555-ce8767d18d57:c3176, c90dcfdf-5973-4b56-a955-1fc4555f10cb:c3176]
2019-09-19 11:26:30,136 [grpc-default-executor-1] INFO  client.GrpcClientProtocolClient (GrpcClientProtocolClient.java:onNext(264)) - client-D9B31DDCE961->18b22b39-7551-46dd-8464-dd74933c4739: receive RaftClientReply:client-D9B31DDCE961->18b22b39-7551-46dd-8464-dd74933c4739@group-597320EF17B3, cid=2204, SUCCESS, logIndex=3179, commits[18b22b39-7551-46dd-8464-dd74933c4739:c3180, 76d6a15c-8eeb-4764-b555-ce8767d18d57:c3176, c90dcfdf-5973-4b56-a955-1fc4555f10cb:c3178]
2019-09-19 11:26:30,136 [grpc-default-executor-1] INFO  client.GrpcClientProtocolClient (GrpcClientProtocolClient.java:onNext(264)) - client-D9B31DDCE961->18b22b39-7551-46dd-8464-dd74933c4739: receive RaftClientReply:client-D9B31DDCE961->18b22b39-7551-46dd-8464-dd74933c4739@group-597320EF17B3, cid=2205, SUCCESS, logIndex=3180, commits[18b22b39-7551-46dd-8464-dd74933c4739:c3180, 76d6a15c-8eeb-4764-b555-ce8767d18d57:c3178, c90dcfdf-5973-4b56-a955-1fc4555f10cb:c3178]
2019-09-19 11:26:30,138 [grpc-default-executor-7] INFO  client.GrpcClientProtocolClient (GrpcClientProtocolClient.java:onNext(264)) - client-D9B31DDCE961->18b22b39-7551-46dd-8464-dd74933c4739: receive RaftClientReply:client-D9B31DDCE961->18b22b39-7551-46dd-8464-dd74933c4739@group-597320EF17B3, cid=2206, SUCCESS, logIndex=3181, commits[18b22b39-7551-46dd-8464-dd74933c4739:c3183, 76d6a15c-8eeb-4764-b555-ce8767d18d57:c3180, c90dcfdf-5973-4b56-a955-1fc4555f10cb:c3178]
2019-09-19 11:26:30,138 [grpc-default-executor-7] INFO  client.GrpcClientProtocolClient (GrpcClientProtocolClient.java:onNext(264)) - client-D9B31DDCE961->18b22b39-7551-46dd-8464-dd74933c4739: receive RaftClientReply:client-D9B31DDCE961->18b22b39-7551-46dd-8464-dd74933c4739@group-597320EF17B3, cid=2207, SUCCESS, logIndex=3182, commits[18b22b39-7551-46dd-8464-dd74933c4739:c3184, 76d6a15c-8eeb-4764-b555-ce8767d18d57:c3180, c90dcfdf-5973-4b56-a955-1fc4555f10cb:c3178]
2019-09-19 11:26:30,141 [grpc-default-executor-7] INFO  client.GrpcClientProtocolClient (GrpcClientProtocolClient.java:onNext(264)) - client-D9B31DDCE961->18b22b39-7551-46dd-8464-dd74933c4739: receive RaftClientReply:client-D9B31DDCE961->18b22b39-7551-46dd-8464-dd74933c4739@group-597320EF17B3, cid=2208, SUCCESS, logIndex=0, commits[18b22b39-7551-46dd-8464-dd74933c4739:c3184, 76d6a15c-8eeb-4764-b555-ce8767d18d57:c3180, c90dcfdf-5973-4b56-a955-1fc4555f10cb:c3180]
 0.00% |█                                                                                                    |  0/1 Time: 0:00:34 0.00% |█                                                                                                    |  0/1 Time: 0:00:352019-09-19 11:26:32,650 [grpc-default-executor-5] INFO  client.GrpcClientProtocolClient (GrpcClientProtocolClient.java:onNext(264)) - client-D9B31DDCE961->18b22b39-7551-46dd-8464-dd74933c4739: receive RaftClientReply:client-D9B31DDCE961->18b22b39-7551-46dd-8464-dd74933c4739@group-597320EF17B3, cid=2209, SUCCESS, logIndex=3187, commits[18b22b39-7551-46dd-8464-dd74933c4739:c3188, 76d6a15c-8eeb-4764-b555-ce8767d18d57:c3186, c90dcfdf-5973-4b56-a955-1fc4555f10cb:c3186]
2019-09-19 11:26:32,652 [grpc-default-executor-5] INFO  client.GrpcClientProtocolClient (GrpcClientProtocolClient.java:onNext(264)) - client-D9B31DDCE961->18b22b39-7551-46dd-8464-dd74933c4739: receive RaftClientReply:client-D9B31DDCE961->18b22b39-7551-46dd-8464-dd74933c4739@group-597320EF17B3, cid=2210, SUCCESS, logIndex=3188, commits[18b22b39-7551-46dd-8464-dd74933c4739:c3188, 76d6a15c-8eeb-4764-b555-ce8767d18d57:c3186, c90dcfdf-5973-4b56-a955-1fc4555f10cb:c3186]
2019-09-19 11:26:32,683 [grpc-default-executor-7] INFO  client.GrpcClientProtocolClient (GrpcClientProtocolClient.java:onNext(264)) - client-D9B31DDCE961->18b22b39-7551-46dd-8464-dd74933c4739: receive RaftClientReply:client-D9B31DDCE961->18b22b39-7551-46dd-8464-dd74933c4739@group-597320EF17B3, cid=2211, SUCCESS, logIndex=3191, commits[18b22b39-7551-46dd-8464-dd74933c4739:c3192, 76d6a15c-8eeb-4764-b555-ce8767d18d57:c3190, c90dcfdf-5973-4b56-a955-1fc4555f10cb:c3188]
 0.00% |█                                                                                                    |  0/1 Time: 0:00:362019-09-19 11:26:32,684 [grpc-default-executor-7] INFO  client.GrpcClientProtocolClient (GrpcClientProtocolClient.java:onNext(264)) - client-D9B31DDCE961->18b22b39-7551-46dd-8464-dd74933c4739: receive RaftClientReply:client-D9B31DDCE961->18b22b39-7551-46dd-8464-dd74933c4739@group-597320EF17B3, cid=2212, SUCCESS, logIndex=3192, commits[18b22b39-7551-46dd-8464-dd74933c4739:c3192, 76d6a15c-8eeb-4764-b555-ce8767d18d57:c3190, c90dcfdf-5973-4b56-a955-1fc4555f10cb:c3188]
2019-09-19 11:26:32,686 [grpc-default-executor-7] INFO  client.GrpcClientProtocolClient (GrpcClientProtocolClient.java:onNext(264)) - client-D9B31DDCE961->18b22b39-7551-46dd-8464-dd74933c4739: receive RaftClientReply:client-D9B31DDCE961->18b22b39-7551-46dd-8464-dd74933c4739@group-597320EF17B3, cid=2213, SUCCESS, logIndex=0, commits[18b22b39-7551-46dd-8464-dd74933c4739:c3193, 76d6a15c-8eeb-4764-b555-ce8767d18d57:c3192, c90dcfdf-5973-4b56-a955-1fc4555f10cb:c3192]
2019-09-19 11:26:32,729 [grpc-default-executor-1] INFO  client.GrpcClientProtocolClient (GrpcClientProtocolClient.java:onNext(264)) - client-D9B31DDCE961->18b22b39-7551-46dd-8464-dd74933c4739: receive RaftClientReply:client-D9B31DDCE961->18b22b39-7551-46dd-8464-dd74933c4739@group-597320EF17B3, cid=2214, SUCCESS, logIndex=3195, commits[18b22b39-7551-46dd-8464-dd74933c4739:c3196, 76d6a15c-8eeb-4764-b555-ce8767d18d57:c3194, c90dcfdf-5973-4b56-a955-1fc4555f10cb:c3194]
2019-09-19 11:26:32,730 [grpc-default-executor-1] INFO  client.GrpcClientProtocolClient (GrpcClientProtocolClient.java:onNext(264)) - client-D9B31DDCE961->18b22b39-7551-46dd-8464-dd74933c4739: receive RaftClientReply:client-D9B31DDCE961->18b22b39-7551-46dd-8464-dd74933c4739@group-597320EF17B3, cid=2215, SUCCESS, logIndex=3196, commits[18b22b39-7551-46dd-8464-dd74933c4739:c3197, 76d6a15c-8eeb-4764-b555-ce8767d18d57:c3194, c90dcfdf-5973-4b56-a955-1fc4555f10cb:c3194]
2019-09-19 11:26:32,731 [grpc-default-executor-1] INFO  client.GrpcClientProtocolClient (GrpcClientProtocolClient.java:onNext(264)) - client-D9B31DDCE961->18b22b39-7551-46dd-8464-dd74933c4739: receive RaftClientReply:client-D9B31DDCE961->18b22b39-7551-46dd-8464-dd74933c4739@group-597320EF17B3, cid=2216, SUCCESS, logIndex=3197, commits[18b22b39-7551-46dd-8464-dd74933c4739:c3197, 76d6a15c-8eeb-4764-b555-ce8767d18d57:c3194, c90dcfdf-5973-4b56-a955-1fc4555f10cb:c3194]
2019-09-19 11:26:32,731 [grpc-default-executor-1] INFO  client.GrpcClientProtocolClient (GrpcClientProtocolClient.java:onNext(264)) - client-D9B31DDCE961->18b22b39-7551-46dd-8464-dd74933c4739: receive RaftClientReply:client-D9B31DDCE961->18b22b39-7551-46dd-8464-dd74933c4739@group-597320EF17B3, cid=2217, SUCCESS, logIndex=3198, commits[18b22b39-7551-46dd-8464-dd74933c4739:c3198, 76d6a15c-8eeb-4764-b555-ce8767d18d57:c3194, c90dcfdf-5973-4b56-a955-1fc4555f10cb:c3194]
2019-09-19 11:26:32,732 [grpc-default-executor-1] INFO  client.GrpcClientProtocolClient (GrpcClientProtocolClient.java:onNext(264)) - client-D9B31DDCE961->18b22b39-7551-46dd-8464-dd74933c4739: receive RaftClientReply:client-D9B31DDCE961->18b22b39-7551-46dd-8464-dd74933c4739@group-597320EF17B3, cid=2218, SUCCESS, logIndex=0, commits[18b22b39-7551-46dd-8464-dd74933c4739:c3202, 76d6a15c-8eeb-4764-b555-ce8767d18d57:c3198, c90dcfdf-5973-4b56-a955-1fc4555f10cb:c3196]
2019-09-19 11:26:32,752 [grpc-default-executor-1] INFO  client.GrpcClientProtocolClient (GrpcClientProtocolClient.java:onNext(264)) - client-D9B31DDCE961->18b22b39-7551-46dd-8464-dd74933c4739: receive RaftClientReply:client-D9B31DDCE961->18b22b39-7551-46dd-8464-dd74933c4739@group-597320EF17B3, cid=2219, SUCCESS, logIndex=3203, commits[18b22b39-7551-46dd-8464-dd74933c4739:c3204, 76d6a15c-8eeb-4764-b555-ce8767d18d57:c3202, c90dcfdf-5973-4b56-a955-1fc4555f10cb:c3202]
2019-09-19 11:26:32,752 [grpc-default-executor-1] INFO  client.GrpcClientProtocolClient (GrpcClientProtocolClient.java:onNext(264)) - client-D9B31DDCE961->18b22b39-7551-46dd-8464-dd74933c4739: receive RaftClientReply:client-D9B31DDCE961->18b22b39-7551-46dd-8464-dd74933c4739@group-597320EF17B3, cid=2220, SUCCESS, logIndex=3204, commits[18b22b39-7551-46dd-8464-dd74933c4739:c3204, 76d6a15c-8eeb-4764-b555-ce8767d18d57:c3202, c90dcfdf-5973-4b56-a955-1fc4555f10cb:c3202]
2019-09-19 11:26:32,897 [grpc-default-executor-3] INFO  client.GrpcClientProtocolClient (GrpcClientProtocolClient.java:onNext(264)) - client-D9B31DDCE961->18b22b39-7551-46dd-8464-dd74933c4739: receive RaftClientReply:client-D9B31DDCE961->18b22b39-7551-46dd-8464-dd74933c4739@group-597320EF17B3, cid=2221, SUCCESS, logIndex=3207, commits[18b22b39-7551-46dd-8464-dd74933c4739:c3208, 76d6a15c-8eeb-4764-b555-ce8767d18d57:c3205, c90dcfdf-5973-4b56-a955-1fc4555f10cb:c3205]
2019-09-19 11:26:32,897 [grpc-default-executor-3] INFO  client.GrpcClientProtocolClient (GrpcClientProtocolClient.java:onNext(264)) - client-D9B31DDCE961->18b22b39-7551-46dd-8464-dd74933c4739: receive RaftClientReply:client-D9B31DDCE961->18b22b39-7551-46dd-8464-dd74933c4739@group-597320EF17B3, cid=2222, SUCCESS, logIndex=3208, commits[18b22b39-7551-46dd-8464-dd74933c4739:c3208, 76d6a15c-8eeb-4764-b555-ce8767d18d57:c3205, c90dcfdf-5973-4b56-a955-1fc4555f10cb:c3205]
2019-09-19 11:26:32,908 [grpc-default-executor-3] INFO  client.GrpcClientProtocolClient (GrpcClientProtocolClient.java:onNext(264)) - client-D9B31DDCE961->18b22b39-7551-46dd-8464-dd74933c4739: receive RaftClientReply:client-D9B31DDCE961->18b22b39-7551-46dd-8464-dd74933c4739@group-597320EF17B3, cid=2223, SUCCESS, logIndex=0, commits[18b22b39-7551-46dd-8464-dd74933c4739:c3209, 76d6a15c-8eeb-4764-b555-ce8767d18d57:c3208, c90dcfdf-5973-4b56-a955-1fc4555f10cb:c3208]
2019-09-19 11:26:32,935 [grpc-default-executor-7] INFO  client.GrpcClientProtocolClient (GrpcClientProtocolClient.java:onNext(264)) - client-D9B31DDCE961->18b22b39-7551-46dd-8464-dd74933c4739: receive RaftClientReply:client-D9B31DDCE961->18b22b39-7551-46dd-8464-dd74933c4739@group-597320EF17B3, cid=2224, SUCCESS, logIndex=3211, commits[18b22b39-7551-46dd-8464-dd74933c4739:c3213, 76d6a15c-8eeb-4764-b555-ce8767d18d57:c3210, c90dcfdf-5973-4b56-a955-1fc4555f10cb:c3210]
2019-09-19 11:26:32,935 [grpc-default-executor-7] INFO  client.GrpcClientProtocolClient (GrpcClientProtocolClient.java:onNext(264)) - client-D9B31DDCE961->18b22b39-7551-46dd-8464-dd74933c4739: receive RaftClientReply:client-D9B31DDCE961->18b22b39-7551-46dd-8464-dd74933c4739@group-597320EF17B3, cid=2225, SUCCESS, logIndex=3212, commits[18b22b39-7551-46dd-8464-dd74933c4739:c3214, 76d6a15c-8eeb-4764-b555-ce8767d18d57:c3210, c90dcfdf-5973-4b56-a955-1fc4555f10cb:c3210]
2019-09-19 11:26:32,935 [grpc-default-executor-7] INFO  client.GrpcClientProtocolClient (GrpcClientProtocolClient.java:onNext(264)) - client-D9B31DDCE961->18b22b39-7551-46dd-8464-dd74933c4739: receive RaftClientReply:client-D9B31DDCE961->18b22b39-7551-46dd-8464-dd74933c4739@group-597320EF17B3, cid=2226, SUCCESS, logIndex=3213, commits[18b22b39-7551-46dd-8464-dd74933c4739:c3214, 76d6a15c-8eeb-4764-b555-ce8767d18d57:c3210, c90dcfdf-5973-4b56-a955-1fc4555f10cb:c3210]
2019-09-19 11:26:32,936 [grpc-default-executor-7] INFO  client.GrpcClientProtocolClient (GrpcClientProtocolClient.java:onNext(264)) - client-D9B31DDCE961->18b22b39-7551-46dd-8464-dd74933c4739: receive RaftClientReply:client-D9B31DDCE961->18b22b39-7551-46dd-8464-dd74933c4739@group-597320EF17B3, cid=2227, SUCCESS, logIndex=3214, commits[18b22b39-7551-46dd-8464-dd74933c4739:c3214, 76d6a15c-8eeb-4764-b555-ce8767d18d57:c3210, c90dcfdf-5973-4b56-a955-1fc4555f10cb:c3210]
2019-09-19 11:26:32,938 [grpc-default-executor-5] INFO  client.GrpcClientProtocolClient (GrpcClientProtocolClient.java:onNext(264)) - client-D9B31DDCE961->18b22b39-7551-46dd-8464-dd74933c4739: receive RaftClientReply:client-D9B31DDCE961->18b22b39-7551-46dd-8464-dd74933c4739@group-597320EF17B3, cid=2228, SUCCESS, logIndex=0, commits[18b22b39-7551-46dd-8464-dd74933c4739:c3215, 76d6a15c-8eeb-4764-b555-ce8767d18d57:c3212, c90dcfdf-5973-4b56-a955-1fc4555f10cb:c3212]
2019-09-19 11:26:32,952 [grpc-default-executor-1] INFO  client.GrpcClientProtocolClient (GrpcClientProtocolClient.java:onNext(264)) - client-D9B31DDCE961->18b22b39-7551-46dd-8464-dd74933c4739: receive RaftClientReply:client-D9B31DDCE961->18b22b39-7551-46dd-8464-dd74933c4739@group-597320EF17B3, cid=2229, SUCCESS, logIndex=3219, commits[18b22b39-7551-46dd-8464-dd74933c4739:c3219, 76d6a15c-8eeb-4764-b555-ce8767d18d57:c3218, c90dcfdf-5973-4b56-a955-1fc4555f10cb:c3218]
2019-09-19 11:26:32,952 [grpc-default-executor-1] INFO  client.GrpcClientProtocolClient (GrpcClientProtocolClient.java:onNext(264)) - client-D9B31DDCE961->18b22b39-7551-46dd-8464-dd74933c4739: receive RaftClientReply:client-D9B31DDCE961->18b22b39-7551-46dd-8464-dd74933c4739@group-597320EF17B3, cid=2230, SUCCESS, logIndex=3220, commits[18b22b39-7551-46dd-8464-dd74933c4739:c3220, 76d6a15c-8eeb-4764-b555-ce8767d18d57:c3218, c90dcfdf-5973-4b56-a955-1fc4555f10cb:c3218]
2019-09-19 11:26:32,965 [grpc-default-executor-1] INFO  client.GrpcClientProtocolClient (GrpcClientProtocolClient.java:onNext(264)) - client-D9B31DDCE961->18b22b39-7551-46dd-8464-dd74933c4739: receive RaftClientReply:client-D9B31DDCE961->18b22b39-7551-46dd-8464-dd74933c4739@group-597320EF17B3, cid=2231, SUCCESS, logIndex=3223, commits[18b22b39-7551-46dd-8464-dd74933c4739:c3224, 76d6a15c-8eeb-4764-b555-ce8767d18d57:c3220, c90dcfdf-5973-4b56-a955-1fc4555f10cb:c3220]
2019-09-19 11:26:32,966 [grpc-default-executor-1] INFO  client.GrpcClientProtocolClient (GrpcClientProtocolClient.java:onNext(264)) - client-D9B31DDCE961->18b22b39-7551-46dd-8464-dd74933c4739: receive RaftClientReply:client-D9B31DDCE961->18b22b39-7551-46dd-8464-dd74933c4739@group-597320EF17B3, cid=2232, SUCCESS, logIndex=3224, commits[18b22b39-7551-46dd-8464-dd74933c4739:c3224, 76d6a15c-8eeb-4764-b555-ce8767d18d57:c3220, c90dcfdf-5973-4b56-a955-1fc4555f10cb:c3220]
2019-09-19 11:26:33,004 [grpc-default-executor-1] INFO  client.GrpcClientProtocolClient (GrpcClientProtocolClient.java:onNext(264)) - client-D9B31DDCE961->18b22b39-7551-46dd-8464-dd74933c4739: receive RaftClientReply:client-D9B31DDCE961->18b22b39-7551-46dd-8464-dd74933c4739@group-597320EF17B3, cid=2233, SUCCESS, logIndex=0, commits[18b22b39-7551-46dd-8464-dd74933c4739:c3225, 76d6a15c-8eeb-4764-b555-ce8767d18d57:c3224, c90dcfdf-5973-4b56-a955-1fc4555f10cb:c3224]
2019-09-19 11:26:33,033 [grpc-default-executor-3] INFO  client.GrpcClientProtocolClient (GrpcClientProtocolClient.java:onNext(264)) - client-D9B31DDCE961->18b22b39-7551-46dd-8464-dd74933c4739: receive RaftClientReply:client-D9B31DDCE961->18b22b39-7551-46dd-8464-dd74933c4739@group-597320EF17B3, cid=2234, SUCCESS, logIndex=3227, commits[18b22b39-7551-46dd-8464-dd74933c4739:c3230, 76d6a15c-8eeb-4764-b555-ce8767d18d57:c3226, c90dcfdf-5973-4b56-a955-1fc4555f10cb:c3226]
2019-09-19 11:26:33,033 [grpc-default-executor-3] INFO  client.GrpcClientProtocolClient (GrpcClientProtocolClient.java:onNext(264)) - client-D9B31DDCE961->18b22b39-7551-46dd-8464-dd74933c4739: receive RaftClientReply:client-D9B31DDCE961->18b22b39-7551-46dd-8464-dd74933c4739@group-597320EF17B3, cid=2235, SUCCESS, logIndex=3228, commits[18b22b39-7551-46dd-8464-dd74933c4739:c3230, 76d6a15c-8eeb-4764-b555-ce8767d18d57:c3226, c90dcfdf-5973-4b56-a955-1fc4555f10cb:c3226]
2019-09-19 11:26:33,034 [grpc-default-executor-3] INFO  client.GrpcClientProtocolClient (GrpcClientProtocolClient.java:onNext(264)) - client-D9B31DDCE961->18b22b39-7551-46dd-8464-dd74933c4739: receive RaftClientReply:client-D9B31DDCE961->18b22b39-7551-46dd-8464-dd74933c4739@group-597320EF17B3, cid=2236, SUCCESS, logIndex=3229, commits[18b22b39-7551-46dd-8464-dd74933c4739:c3230, 76d6a15c-8eeb-4764-b555-ce8767d18d57:c3226, c90dcfdf-5973-4b56-a955-1fc4555f10cb:c3226]
2019-09-19 11:26:33,034 [grpc-default-executor-3] INFO  client.GrpcClientProtocolClient (GrpcClientProtocolClient.java:onNext(264)) - client-D9B31DDCE961->18b22b39-7551-46dd-8464-dd74933c4739: receive RaftClientReply:client-D9B31DDCE961->18b22b39-7551-46dd-8464-dd74933c4739@group-597320EF17B3, cid=2237, SUCCESS, logIndex=3230, commits[18b22b39-7551-46dd-8464-dd74933c4739:c3230, 76d6a15c-8eeb-4764-b555-ce8767d18d57:c3226, c90dcfdf-5973-4b56-a955-1fc4555f10cb:c3226]
2019-09-19 11:26:33,058 [grpc-default-executor-1] INFO  client.GrpcClientProtocolClient (GrpcClientProtocolClient.java:onNext(264)) - client-D9B31DDCE961->18b22b39-7551-46dd-8464-dd74933c4739: receive RaftClientReply:client-D9B31DDCE961->18b22b39-7551-46dd-8464-dd74933c4739@group-597320EF17B3, cid=2238, SUCCESS, logIndex=0, commits[18b22b39-7551-46dd-8464-dd74933c4739:c3233, 76d6a15c-8eeb-4764-b555-ce8767d18d57:c3230, c90dcfdf-5973-4b56-a955-1fc4555f10cb:c3228]
2019-09-19 11:26:33,077 [grpc-default-executor-5] INFO  client.GrpcClientProtocolClient (GrpcClientProtocolClient.java:onNext(264)) - client-D9B31DDCE961->18b22b39-7551-46dd-8464-dd74933c4739: receive RaftClientReply:client-D9B31DDCE961->18b22b39-7551-46dd-8464-dd74933c4739@group-597320EF17B3, cid=2239, SUCCESS, logIndex=3235, commits[18b22b39-7551-46dd-8464-dd74933c4739:c3236, 76d6a15c-8eeb-4764-b555-ce8767d18d57:c3234, c90dcfdf-5973-4b56-a955-1fc4555f10cb:c3234]
2019-09-19 11:26:33,077 [grpc-default-executor-5] INFO  client.GrpcClientProtocolClient (GrpcClientProtocolClient.java:onNext(264)) - client-D9B31DDCE961->18b22b39-7551-46dd-8464-dd74933c4739: receive RaftClientReply:client-D9B31DDCE961->18b22b39-7551-46dd-8464-dd74933c4739@group-597320EF17B3, cid=2240, SUCCESS, logIndex=3236, commits[18b22b39-7551-46dd-8464-dd74933c4739:c3236, 76d6a15c-8eeb-4764-b555-ce8767d18d57:c3234, c90dcfdf-5973-4b56-a955-1fc4555f10cb:c3234]
2019-09-19 11:26:33,090 [grpc-default-executor-3] INFO  client.GrpcClientProtocolClient (GrpcClientProtocolClient.java:onNext(264)) - client-D9B31DDCE961->18b22b39-7551-46dd-8464-dd74933c4739: receive RaftClientReply:client-D9B31DDCE961->18b22b39-7551-46dd-8464-dd74933c4739@group-597320EF17B3, cid=2241, SUCCESS, logIndex=3239, commits[18b22b39-7551-46dd-8464-dd74933c4739:c3239, 76d6a15c-8eeb-4764-b555-ce8767d18d57:c3236, c90dcfdf-5973-4b56-a955-1fc4555f10cb:c3236]
2019-09-19 11:26:33,090 [grpc-default-executor-3] INFO  client.GrpcClientProtocolClient (GrpcClientProtocolClient.java:onNext(264)) - client-D9B31DDCE961->18b22b39-7551-46dd-8464-dd74933c4739: receive RaftClientReply:client-D9B31DDCE961->18b22b39-7551-46dd-8464-dd74933c4739@group-597320EF17B3, cid=2242, SUCCESS, logIndex=3240, commits[18b22b39-7551-46dd-8464-dd74933c4739:c3240, 76d6a15c-8eeb-4764-b555-ce8767d18d57:c3236, c90dcfdf-5973-4b56-a955-1fc4555f10cb:c3236]
2019-09-19 11:26:33,102 [grpc-default-executor-3] INFO  client.GrpcClientProtocolClient (GrpcClientProtocolClient.java:onNext(264)) - client-D9B31DDCE961->18b22b39-7551-46dd-8464-dd74933c4739: receive RaftClientReply:client-D9B31DDCE961->18b22b39-7551-46dd-8464-dd74933c4739@group-597320EF17B3, cid=2243, SUCCESS, logIndex=0, commits[18b22b39-7551-46dd-8464-dd74933c4739:c3242, 76d6a15c-8eeb-4764-b555-ce8767d18d57:c3240, c90dcfdf-5973-4b56-a955-1fc4555f10cb:c3240]
2019-09-19 11:26:33,122 [grpc-default-executor-3] INFO  client.GrpcClientProtocolClient (GrpcClientProtocolClient.java:onNext(264)) - client-D9B31DDCE961->18b22b39-7551-46dd-8464-dd74933c4739: receive RaftClientReply:client-D9B31DDCE961->18b22b39-7551-46dd-8464-dd74933c4739@group-597320EF17B3, cid=2244, SUCCESS, logIndex=3243, commits[18b22b39-7551-46dd-8464-dd74933c4739:c3243, 76d6a15c-8eeb-4764-b555-ce8767d18d57:c3240, c90dcfdf-5973-4b56-a955-1fc4555f10cb:c3242]
2019-09-19 11:26:33,122 [grpc-default-executor-3] INFO  client.GrpcClientProtocolClient (GrpcClientProtocolClient.java:onNext(264)) - client-D9B31DDCE961->18b22b39-7551-46dd-8464-dd74933c4739: receive RaftClientReply:client-D9B31DDCE961->18b22b39-7551-46dd-8464-dd74933c4739@group-597320EF17B3, cid=2245, SUCCESS, logIndex=3244, commits[18b22b39-7551-46dd-8464-dd74933c4739:c3244, 76d6a15c-8eeb-4764-b555-ce8767d18d57:c3240, c90dcfdf-5973-4b56-a955-1fc4555f10cb:c3242]
2019-09-19 11:26:33,122 [grpc-default-executor-3] INFO  client.GrpcClientProtocolClient (GrpcClientProtocolClient.java:onNext(264)) - client-D9B31DDCE961->18b22b39-7551-46dd-8464-dd74933c4739: receive RaftClientReply:client-D9B31DDCE961->18b22b39-7551-46dd-8464-dd74933c4739@group-597320EF17B3, cid=2246, SUCCESS, logIndex=3245, commits[18b22b39-7551-46dd-8464-dd74933c4739:c3245, 76d6a15c-8eeb-4764-b555-ce8767d18d57:c3242, c90dcfdf-5973-4b56-a955-1fc4555f10cb:c3242]
2019-09-19 11:26:33,123 [grpc-default-executor-5] INFO  client.GrpcClientProtocolClient (GrpcClientProtocolClient.java:onNext(264)) - client-D9B31DDCE961->18b22b39-7551-46dd-8464-dd74933c4739: receive RaftClientReply:client-D9B31DDCE961->18b22b39-7551-46dd-8464-dd74933c4739@group-597320EF17B3, cid=2247, SUCCESS, logIndex=3246, commits[18b22b39-7551-46dd-8464-dd74933c4739:c3246, 76d6a15c-8eeb-4764-b555-ce8767d18d57:c3242, c90dcfdf-5973-4b56-a955-1fc4555f10cb:c3242]
2019-09-19 11:26:33,125 [grpc-default-executor-3] INFO  client.GrpcClientProtocolClient (GrpcClientProtocolClient.java:onNext(264)) - client-D9B31DDCE961->18b22b39-7551-46dd-8464-dd74933c4739: receive RaftClientReply:client-D9B31DDCE961->18b22b39-7551-46dd-8464-dd74933c4739@group-597320EF17B3, cid=2248, SUCCESS, logIndex=0, commits[18b22b39-7551-46dd-8464-dd74933c4739:c3248, 76d6a15c-8eeb-4764-b555-ce8767d18d57:c3244, c90dcfdf-5973-4b56-a955-1fc4555f10cb:c3244]
2019-09-19 11:26:33,136 [grpc-default-executor-3] INFO  client.GrpcClientProtocolClient (GrpcClientProtocolClient.java:onNext(264)) - client-D9B31DDCE961->18b22b39-7551-46dd-8464-dd74933c4739: receive RaftClientReply:client-D9B31DDCE961->18b22b39-7551-46dd-8464-dd74933c4739@group-597320EF17B3, cid=2249, SUCCESS, logIndex=3251, commits[18b22b39-7551-46dd-8464-dd74933c4739:c3252, 76d6a15c-8eeb-4764-b555-ce8767d18d57:c3250, c90dcfdf-5973-4b56-a955-1fc4555f10cb:c3246]
2019-09-19 11:26:33,137 [grpc-default-executor-3] INFO  client.GrpcClientProtocolClient (GrpcClientProtocolClient.java:onNext(264)) - client-D9B31DDCE961->18b22b39-7551-46dd-8464-dd74933c4739: receive RaftClientReply:client-D9B31DDCE961->18b22b39-7551-46dd-8464-dd74933c4739@group-597320EF17B3, cid=2250, SUCCESS, logIndex=3252, commits[18b22b39-7551-46dd-8464-dd74933c4739:c3252, 76d6a15c-8eeb-4764-b555-ce8767d18d57:c3250, c90dcfdf-5973-4b56-a955-1fc4555f10cb:c3250]
2019-09-19 11:26:33,147 [grpc-default-executor-7] INFO  client.GrpcClientProtocolClient (GrpcClientProtocolClient.java:onNext(264)) - client-D9B31DDCE961->18b22b39-7551-46dd-8464-dd74933c4739: receive RaftClientReply:client-D9B31DDCE961->18b22b39-7551-46dd-8464-dd74933c4739@group-597320EF17B3, cid=2251, SUCCESS, logIndex=3255, commits[18b22b39-7551-46dd-8464-dd74933c4739:c3256, 76d6a15c-8eeb-4764-b555-ce8767d18d57:c3252, c90dcfdf-5973-4b56-a955-1fc4555f10cb:c3254]
2019-09-19 11:26:33,148 [grpc-default-executor-7] INFO  client.GrpcClientProtocolClient (GrpcClientProtocolClient.java:onNext(264)) - client-D9B31DDCE961->18b22b39-7551-46dd-8464-dd74933c4739: receive RaftClientReply:client-D9B31DDCE961->18b22b39-7551-46dd-8464-dd74933c4739@group-597320EF17B3, cid=2252, SUCCESS, logIndex=3256, commits[18b22b39-7551-46dd-8464-dd74933c4739:c3256, 76d6a15c-8eeb-4764-b555-ce8767d18d57:c3254, c90dcfdf-5973-4b56-a955-1fc4555f10cb:c3254]
2019-09-19 11:26:33,148 [grpc-default-executor-7] INFO  client.GrpcClientProtocolClient (GrpcClientProtocolClient.java:onNext(264)) - client-D9B31DDCE961->18b22b39-7551-46dd-8464-dd74933c4739: receive RaftClientReply:client-D9B31DDCE961->18b22b39-7551-46dd-8464-dd74933c4739@group-597320EF17B3, cid=2253, SUCCESS, logIndex=0, commits[18b22b39-7551-46dd-8464-dd74933c4739:c3257, 76d6a15c-8eeb-4764-b555-ce8767d18d57:c3256, c90dcfdf-5973-4b56-a955-1fc4555f10cb:c3256]
2019-09-19 11:26:33,168 [grpc-default-executor-7] INFO  client.GrpcClientProtocolClient (GrpcClientProtocolClient.java:onNext(264)) - client-D9B31DDCE961->18b22b39-7551-46dd-8464-dd74933c4739: receive RaftClientReply:client-D9B31DDCE961->18b22b39-7551-46dd-8464-dd74933c4739@group-597320EF17B3, cid=2254, SUCCESS, logIndex=3259, commits[18b22b39-7551-46dd-8464-dd74933c4739:c3260, 76d6a15c-8eeb-4764-b555-ce8767d18d57:c3258, c90dcfdf-5973-4b56-a955-1fc4555f10cb:c3258]
2019-09-19 11:26:33,168 [grpc-default-executor-7] INFO  client.GrpcClientProtocolClient (GrpcClientProtocolClient.java:onNext(264)) - client-D9B31DDCE961->18b22b39-7551-46dd-8464-dd74933c4739: receive RaftClientReply:client-D9B31DDCE961->18b22b39-7551-46dd-8464-dd74933c4739@group-597320EF17B3, cid=2255, SUCCESS, logIndex=3260, commits[18b22b39-7551-46dd-8464-dd74933c4739:c3260, 76d6a15c-8eeb-4764-b555-ce8767d18d57:c3258, c90dcfdf-5973-4b56-a955-1fc4555f10cb:c3258]
2019-09-19 11:26:33,168 [grpc-default-executor-7] INFO  client.GrpcClientProtocolClient (GrpcClientProtocolClient.java:onNext(264)) - client-D9B31DDCE961->18b22b39-7551-46dd-8464-dd74933c4739: receive RaftClientReply:client-D9B31DDCE961->18b22b39-7551-46dd-8464-dd74933c4739@group-597320EF17B3, cid=2256, SUCCESS, logIndex=3261, commits[18b22b39-7551-46dd-8464-dd74933c4739:c3262, 76d6a15c-8eeb-4764-b555-ce8767d18d57:c3258, c90dcfdf-5973-4b56-a955-1fc4555f10cb:c3258]
2019-09-19 11:26:33,168 [grpc-default-executor-7] INFO  client.GrpcClientProtocolClient (GrpcClientProtocolClient.java:onNext(264)) - client-D9B31DDCE961->18b22b39-7551-46dd-8464-dd74933c4739: receive RaftClientReply:client-D9B31DDCE961->18b22b39-7551-46dd-8464-dd74933c4739@group-597320EF17B3, cid=2257, SUCCESS, logIndex=3262, commits[18b22b39-7551-46dd-8464-dd74933c4739:c3262, 76d6a15c-8eeb-4764-b555-ce8767d18d57:c3258, c90dcfdf-5973-4b56-a955-1fc4555f10cb:c3258]
2019-09-19 11:26:33,170 [grpc-default-executor-5] INFO  client.GrpcClientProtocolClient (GrpcClientProtocolClient.java:onNext(264)) - client-D9B31DDCE961->18b22b39-7551-46dd-8464-dd74933c4739: receive RaftClientReply:client-D9B31DDCE961->18b22b39-7551-46dd-8464-dd74933c4739@group-597320EF17B3, cid=2258, SUCCESS, logIndex=0, commits[18b22b39-7551-46dd-8464-dd74933c4739:c3264, 76d6a15c-8eeb-4764-b555-ce8767d18d57:c3260, c90dcfdf-5973-4b56-a955-1fc4555f10cb:c3260]
2019-09-19 11:26:33,180 [grpc-default-executor-3] INFO  client.GrpcClientProtocolClient (GrpcClientProtocolClient.java:onNext(264)) - client-D9B31DDCE961->18b22b39-7551-46dd-8464-dd74933c4739: receive RaftClientReply:client-D9B31DDCE961->18b22b39-7551-46dd-8464-dd74933c4739@group-597320EF17B3, cid=2259, SUCCESS, logIndex=3267, commits[18b22b39-7551-46dd-8464-dd74933c4739:c3268, 76d6a15c-8eeb-4764-b555-ce8767d18d57:c3266, c90dcfdf-5973-4b56-a955-1fc4555f10cb:c3262]
2019-09-19 11:26:33,180 [grpc-default-executor-3] INFO  client.GrpcClientProtocolClient (GrpcClientProtocolClient.java:onNext(264)) - client-D9B31DDCE961->18b22b39-7551-46dd-8464-dd74933c4739: receive RaftClientReply:client-D9B31DDCE961->18b22b39-7551-46dd-8464-dd74933c4739@group-597320EF17B3, cid=2260, SUCCESS, logIndex=3268, commits[18b22b39-7551-46dd-8464-dd74933c4739:c3268, 76d6a15c-8eeb-4764-b555-ce8767d18d57:c3266, c90dcfdf-5973-4b56-a955-1fc4555f10cb:c3262]
2019-09-19 11:26:33,195 [grpc-default-executor-5] INFO  client.GrpcClientProtocolClient (GrpcClientProtocolClient.java:onNext(264)) - client-D9B31DDCE961->18b22b39-7551-46dd-8464-dd74933c4739: receive RaftClientReply:client-D9B31DDCE961->18b22b39-7551-46dd-8464-dd74933c4739@group-597320EF17B3, cid=2261, SUCCESS, logIndex=3271, commits[18b22b39-7551-46dd-8464-dd74933c4739:c3272, 76d6a15c-8eeb-4764-b555-ce8767d18d57:c3270, c90dcfdf-5973-4b56-a955-1fc4555f10cb:c3270]
2019-09-19 11:26:33,196 [grpc-default-executor-5] INFO  client.GrpcClientProtocolClient (GrpcClientProtocolClient.java:onNext(264)) - client-D9B31DDCE961->18b22b39-7551-46dd-8464-dd74933c4739: receive RaftClientReply:client-D9B31DDCE961->18b22b39-7551-46dd-8464-dd74933c4739@group-597320EF17B3, cid=2262, SUCCESS, logIndex=3272, commits[18b22b39-7551-46dd-8464-dd74933c4739:c3272, 76d6a15c-8eeb-4764-b555-ce8767d18d57:c3270, c90dcfdf-5973-4b56-a955-1fc4555f10cb:c3270]
2019-09-19 11:26:33,213 [grpc-default-executor-5] INFO  client.GrpcClientProtocolClient (GrpcClientProtocolClient.java:onNext(264)) - client-D9B31DDCE961->18b22b39-7551-46dd-8464-dd74933c4739: receive RaftClientReply:client-D9B31DDCE961->18b22b39-7551-46dd-8464-dd74933c4739@group-597320EF17B3, cid=2263, SUCCESS, logIndex=0, commits[18b22b39-7551-46dd-8464-dd74933c4739:c3274, 76d6a15c-8eeb-4764-b555-ce8767d18d57:c3272, c90dcfdf-5973-4b56-a955-1fc4555f10cb:c3272]
2019-09-19 11:26:33,244 [grpc-default-executor-7] INFO  client.GrpcClientProtocolClient (GrpcClientProtocolClient.java:onNext(264)) - client-D9B31DDCE961->18b22b39-7551-46dd-8464-dd74933c4739: receive RaftClientReply:client-D9B31DDCE961->18b22b39-7551-46dd-8464-dd74933c4739@group-597320EF17B3, cid=2264, SUCCESS, logIndex=3275, commits[18b22b39-7551-46dd-8464-dd74933c4739:c3278, 76d6a15c-8eeb-4764-b555-ce8767d18d57:c3274, c90dcfdf-5973-4b56-a955-1fc4555f10cb:c3274]
2019-09-19 11:26:33,244 [grpc-default-executor-7] INFO  client.GrpcClientProtocolClient (GrpcClientProtocolClient.java:onNext(264)) - client-D9B31DDCE961->18b22b39-7551-46dd-8464-dd74933c4739: receive RaftClientReply:client-D9B31DDCE961->18b22b39-7551-46dd-8464-dd74933c4739@group-597320EF17B3, cid=2265, SUCCESS, logIndex=3276, commits[18b22b39-7551-46dd-8464-dd74933c4739:c3278, 76d6a15c-8eeb-4764-b555-ce8767d18d57:c3274, c90dcfdf-5973-4b56-a955-1fc4555f10cb:c3274]
2019-09-19 11:26:33,244 [grpc-default-executor-7] INFO  client.GrpcClientProtocolClient (GrpcClientProtocolClient.java:onNext(264)) - client-D9B31DDCE961->18b22b39-7551-46dd-8464-dd74933c4739: receive RaftClientReply:client-D9B31DDCE961->18b22b39-7551-46dd-8464-dd74933c4739@group-597320EF17B3, cid=2266, SUCCESS, logIndex=3277, commits[18b22b39-7551-46dd-8464-dd74933c4739:c3278, 76d6a15c-8eeb-4764-b555-ce8767d18d57:c3274, c90dcfdf-5973-4b56-a955-1fc4555f10cb:c3274]
2019-09-19 11:26:33,245 [grpc-default-executor-7] INFO  client.GrpcClientProtocolClient (GrpcClientProtocolClient.java:onNext(264)) - client-D9B31DDCE961->18b22b39-7551-46dd-8464-dd74933c4739: receive RaftClientReply:client-D9B31DDCE961->18b22b39-7551-46dd-8464-dd74933c4739@group-597320EF17B3, cid=2267, SUCCESS, logIndex=3278, commits[18b22b39-7551-46dd-8464-dd74933c4739:c3278, 76d6a15c-8eeb-4764-b555-ce8767d18d57:c3274, c90dcfdf-5973-4b56-a955-1fc4555f10cb:c3274]
2019-09-19 11:26:33,258 [grpc-default-executor-7] INFO  client.GrpcClientProtocolClient (GrpcClientProtocolClient.java:onNext(264)) - client-D9B31DDCE961->18b22b39-7551-46dd-8464-dd74933c4739: receive RaftClientReply:client-D9B31DDCE961->18b22b39-7551-46dd-8464-dd74933c4739@group-597320EF17B3, cid=2268, SUCCESS, logIndex=0, commits[18b22b39-7551-46dd-8464-dd74933c4739:c3279, 76d6a15c-8eeb-4764-b555-ce8767d18d57:c3277, c90dcfdf-5973-4b56-a955-1fc4555f10cb:c3276]
2019-09-19 11:26:33,275 [grpc-default-executor-7] INFO  client.GrpcClientProtocolClient (GrpcClientProtocolClient.java:onNext(264)) - client-D9B31DDCE961->18b22b39-7551-46dd-8464-dd74933c4739: receive RaftClientReply:client-D9B31DDCE961->18b22b39-7551-46dd-8464-dd74933c4739@group-597320EF17B3, cid=2269, SUCCESS, logIndex=3283, commits[18b22b39-7551-46dd-8464-dd74933c4739:c3284, 76d6a15c-8eeb-4764-b555-ce8767d18d57:c3282, c90dcfdf-5973-4b56-a955-1fc4555f10cb:c3282]
2019-09-19 11:26:33,276 [grpc-default-executor-7] INFO  client.GrpcClientProtocolClient (GrpcClientProtocolClient.java:onNext(264)) - client-D9B31DDCE961->18b22b39-7551-46dd-8464-dd74933c4739: receive RaftClientReply:client-D9B31DDCE961->18b22b39-7551-46dd-8464-dd74933c4739@group-597320EF17B3, cid=2270, SUCCESS, logIndex=3284, commits[18b22b39-7551-46dd-8464-dd74933c4739:c3284, 76d6a15c-8eeb-4764-b555-ce8767d18d57:c3282, c90dcfdf-5973-4b56-a955-1fc4555f10cb:c3282]
2019-09-19 11:26:33,288 [grpc-default-executor-1] INFO  client.GrpcClientProtocolClient (GrpcClientProtocolClient.java:onNext(264)) - client-D9B31DDCE961->18b22b39-7551-46dd-8464-dd74933c4739: receive RaftClientReply:client-D9B31DDCE961->18b22b39-7551-46dd-8464-dd74933c4739@group-597320EF17B3, cid=2271, SUCCESS, logIndex=3287, commits[18b22b39-7551-46dd-8464-dd74933c4739:c3288, 76d6a15c-8eeb-4764-b555-ce8767d18d57:c3284, c90dcfdf-5973-4b56-a955-1fc4555f10cb:c3283]
2019-09-19 11:26:33,288 [grpc-default-executor-1] INFO  client.GrpcClientProtocolClient (GrpcClientProtocolClient.java:onNext(264)) - client-D9B31DDCE961->18b22b39-7551-46dd-8464-dd74933c4739: receive RaftClientReply:client-D9B31DDCE961->18b22b39-7551-46dd-8464-dd74933c4739@group-597320EF17B3, cid=2272, SUCCESS, logIndex=3288, commits[18b22b39-7551-46dd-8464-dd74933c4739:c3288, 76d6a15c-8eeb-4764-b555-ce8767d18d57:c3284, c90dcfdf-5973-4b56-a955-1fc4555f10cb:c3284]
2019-09-19 11:26:33,300 [grpc-default-executor-1] INFO  client.GrpcClientProtocolClient (GrpcClientProtocolClient.java:onNext(264)) - client-D9B31DDCE961->18b22b39-7551-46dd-8464-dd74933c4739: receive RaftClientReply:client-D9B31DDCE961->18b22b39-7551-46dd-8464-dd74933c4739@group-597320EF17B3, cid=2273, SUCCESS, logIndex=0, commits[18b22b39-7551-46dd-8464-dd74933c4739:c3289, 76d6a15c-8eeb-4764-b555-ce8767d18d57:c3288, c90dcfdf-5973-4b56-a955-1fc4555f10cb:c3288]
2019-09-19 11:26:33,325 [grpc-default-executor-7] INFO  client.GrpcClientProtocolClient (GrpcClientProtocolClient.java:onNext(264)) - client-D9B31DDCE961->18b22b39-7551-46dd-8464-dd74933c4739: receive RaftClientReply:client-D9B31DDCE961->18b22b39-7551-46dd-8464-dd74933c4739@group-597320EF17B3, cid=2274, SUCCESS, logIndex=3291, commits[18b22b39-7551-46dd-8464-dd74933c4739:c3292, 76d6a15c-8eeb-4764-b555-ce8767d18d57:c3290, c90dcfdf-5973-4b56-a955-1fc4555f10cb:c3290]
2019-09-19 11:26:33,326 [grpc-default-executor-7] INFO  client.GrpcClientProtocolClient (GrpcClientProtocolClient.java:onNext(264)) - client-D9B31DDCE961->18b22b39-7551-46dd-8464-dd74933c4739: receive RaftClientReply:client-D9B31DDCE961->18b22b39-7551-46dd-8464-dd74933c4739@group-597320EF17B3, cid=2275, SUCCESS, logIndex=3292, commits[18b22b39-7551-46dd-8464-dd74933c4739:c3292, 76d6a15c-8eeb-4764-b555-ce8767d18d57:c3290, c90dcfdf-5973-4b56-a955-1fc4555f10cb:c3290]
2019-09-19 11:26:33,327 [grpc-default-executor-5] INFO  client.GrpcClientProtocolClient (GrpcClientProtocolClient.java:onNext(264)) - client-D9B31DDCE961->18b22b39-7551-46dd-8464-dd74933c4739: receive RaftClientReply:client-D9B31DDCE961->18b22b39-7551-46dd-8464-dd74933c4739@group-597320EF17B3, cid=2276, SUCCESS, logIndex=3293, commits[18b22b39-7551-46dd-8464-dd74933c4739:c3294, 76d6a15c-8eeb-4764-b555-ce8767d18d57:c3290, c90dcfdf-5973-4b56-a955-1fc4555f10cb:c3290]
2019-09-19 11:26:33,328 [grpc-default-executor-5] INFO  client.GrpcClientProtocolClient (GrpcClientProtocolClient.java:onNext(264)) - client-D9B31DDCE961->18b22b39-7551-46dd-8464-dd74933c4739: receive RaftClientReply:client-D9B31DDCE961->18b22b39-7551-46dd-8464-dd74933c4739@group-597320EF17B3, cid=2277, SUCCESS, logIndex=3294, commits[18b22b39-7551-46dd-8464-dd74933c4739:c3294, 76d6a15c-8eeb-4764-b555-ce8767d18d57:c3290, c90dcfdf-5973-4b56-a955-1fc4555f10cb:c3290]
2019-09-19 11:26:33,329 [grpc-default-executor-5] INFO  client.GrpcClientProtocolClient (GrpcClientProtocolClient.java:onNext(264)) - client-D9B31DDCE961->18b22b39-7551-46dd-8464-dd74933c4739: receive RaftClientReply:client-D9B31DDCE961->18b22b39-7551-46dd-8464-dd74933c4739@group-597320EF17B3, cid=2278, SUCCESS, logIndex=0, commits[18b22b39-7551-46dd-8464-dd74933c4739:c3296, 76d6a15c-8eeb-4764-b555-ce8767d18d57:c3292, c90dcfdf-5973-4b56-a955-1fc4555f10cb:c3292]
 0.00% |█                                                                                                    |  0/1 Time: 0:00:37 0.00% |█                                                                                                    |  0/1 Time: 0:00:38 0.00% |█                                                                                                    |  0/1 Time: 0:00:392019-09-19 11:26:35,794 [grpc-default-executor-3] INFO  client.GrpcClientProtocolClient (GrpcClientProtocolClient.java:onNext(264)) - client-D9B31DDCE961->18b22b39-7551-46dd-8464-dd74933c4739: receive RaftClientReply:client-D9B31DDCE961->18b22b39-7551-46dd-8464-dd74933c4739@group-597320EF17B3, cid=2279, SUCCESS, logIndex=3299, commits[18b22b39-7551-46dd-8464-dd74933c4739:c3300, 76d6a15c-8eeb-4764-b555-ce8767d18d57:c3298, c90dcfdf-5973-4b56-a955-1fc4555f10cb:c3298]
2019-09-19 11:26:35,797 [grpc-default-executor-3] INFO  client.GrpcClientProtocolClient (GrpcClientProtocolClient.java:onNext(264)) - client-D9B31DDCE961->18b22b39-7551-46dd-8464-dd74933c4739: receive RaftClientReply:client-D9B31DDCE961->18b22b39-7551-46dd-8464-dd74933c4739@group-597320EF17B3, cid=2280, SUCCESS, logIndex=3300, commits[18b22b39-7551-46dd-8464-dd74933c4739:c3300, 76d6a15c-8eeb-4764-b555-ce8767d18d57:c3298, c90dcfdf-5973-4b56-a955-1fc4555f10cb:c3298]
2019-09-19 11:26:35,842 [grpc-default-executor-5] INFO  client.GrpcClientProtocolClient (GrpcClientProtocolClient.java:onNext(264)) - client-D9B31DDCE961->18b22b39-7551-46dd-8464-dd74933c4739: receive RaftClientReply:client-D9B31DDCE961->18b22b39-7551-46dd-8464-dd74933c4739@group-597320EF17B3, cid=2281, SUCCESS, logIndex=3303, commits[18b22b39-7551-46dd-8464-dd74933c4739:c3304, 76d6a15c-8eeb-4764-b555-ce8767d18d57:c3302, c90dcfdf-5973-4b56-a955-1fc4555f10cb:c3302]
2019-09-19 11:26:35,843 [grpc-default-executor-5] INFO  client.GrpcClientProtocolClient (GrpcClientProtocolClient.java:onNext(264)) - client-D9B31DDCE961->18b22b39-7551-46dd-8464-dd74933c4739: receive RaftClientReply:client-D9B31DDCE961->18b22b39-7551-46dd-8464-dd74933c4739@group-597320EF17B3, cid=2282, SUCCESS, logIndex=3304, commits[18b22b39-7551-46dd-8464-dd74933c4739:c3304, 76d6a15c-8eeb-4764-b555-ce8767d18d57:c3302, c90dcfdf-5973-4b56-a955-1fc4555f10cb:c3302]
2019-09-19 11:26:35,855 [grpc-default-executor-5] INFO  client.GrpcClientProtocolClient (GrpcClientProtocolClient.java:onNext(264)) - client-D9B31DDCE961->18b22b39-7551-46dd-8464-dd74933c4739: receive RaftClientReply:client-D9B31DDCE961->18b22b39-7551-46dd-8464-dd74933c4739@group-597320EF17B3, cid=2283, SUCCESS, logIndex=0, commits[18b22b39-7551-46dd-8464-dd74933c4739:c3305, 76d6a15c-8eeb-4764-b555-ce8767d18d57:c3304, c90dcfdf-5973-4b56-a955-1fc4555f10cb:c3304]
2019-09-19 11:26:35,902 [grpc-default-executor-5] INFO  client.GrpcClientProtocolClient (GrpcClientProtocolClient.java:onNext(264)) - client-D9B31DDCE961->18b22b39-7551-46dd-8464-dd74933c4739: receive RaftClientReply:client-D9B31DDCE961->18b22b39-7551-46dd-8464-dd74933c4739@group-597320EF17B3, cid=2284, SUCCESS, logIndex=3307, commits[18b22b39-7551-46dd-8464-dd74933c4739:c3309, 76d6a15c-8eeb-4764-b555-ce8767d18d57:c3306, c90dcfdf-5973-4b56-a955-1fc4555f10cb:c3306]
2019-09-19 11:26:35,902 [grpc-default-executor-5] INFO  client.GrpcClientProtocolClient (GrpcClientProtocolClient.java:onNext(264)) - client-D9B31DDCE961->18b22b39-7551-46dd-8464-dd74933c4739: receive RaftClientReply:client-D9B31DDCE961->18b22b39-7551-46dd-8464-dd74933c4739@group-597320EF17B3, cid=2285, SUCCESS, logIndex=3308, commits[18b22b39-7551-46dd-8464-dd74933c4739:c3310, 76d6a15c-8eeb-4764-b555-ce8767d18d57:c3306, c90dcfdf-5973-4b56-a955-1fc4555f10cb:c3306]
2019-09-19 11:26:35,902 [grpc-default-executor-5] INFO  client.GrpcClientProtocolClient (GrpcClientProtocolClient.java:onNext(264)) - client-D9B31DDCE961->18b22b39-7551-46dd-8464-dd74933c4739: receive RaftClientReply:client-D9B31DDCE961->18b22b39-7551-46dd-8464-dd74933c4739@group-597320EF17B3, cid=2286, SUCCESS, logIndex=3309, commits[18b22b39-7551-46dd-8464-dd74933c4739:c3310, 76d6a15c-8eeb-4764-b555-ce8767d18d57:c3306, c90dcfdf-5973-4b56-a955-1fc4555f10cb:c3306]
2019-09-19 11:26:35,903 [grpc-default-executor-5] INFO  client.GrpcClientProtocolClient (GrpcClientProtocolClient.java:onNext(264)) - client-D9B31DDCE961->18b22b39-7551-46dd-8464-dd74933c4739: receive RaftClientReply:client-D9B31DDCE961->18b22b39-7551-46dd-8464-dd74933c4739@group-597320EF17B3, cid=2287, SUCCESS, logIndex=3310, commits[18b22b39-7551-46dd-8464-dd74933c4739:c3310, 76d6a15c-8eeb-4764-b555-ce8767d18d57:c3306, c90dcfdf-5973-4b56-a955-1fc4555f10cb:c3306]
2019-09-19 11:26:35,913 [grpc-default-executor-5] INFO  client.GrpcClientProtocolClient (GrpcClientProtocolClient.java:onNext(264)) - client-D9B31DDCE961->18b22b39-7551-46dd-8464-dd74933c4739: receive RaftClientReply:client-D9B31DDCE961->18b22b39-7551-46dd-8464-dd74933c4739@group-597320EF17B3, cid=2288, SUCCESS, logIndex=0, commits[18b22b39-7551-46dd-8464-dd74933c4739:c3313, 76d6a15c-8eeb-4764-b555-ce8767d18d57:c3309, c90dcfdf-5973-4b56-a955-1fc4555f10cb:c3309]
2019-09-19 11:26:35,935 [grpc-default-executor-5] INFO  client.GrpcClientProtocolClient (GrpcClientProtocolClient.java:onNext(264)) - client-D9B31DDCE961->18b22b39-7551-46dd-8464-dd74933c4739: receive RaftClientReply:client-D9B31DDCE961->18b22b39-7551-46dd-8464-dd74933c4739@group-597320EF17B3, cid=2289, SUCCESS, logIndex=3315, commits[18b22b39-7551-46dd-8464-dd74933c4739:c3316, 76d6a15c-8eeb-4764-b555-ce8767d18d57:c3314, c90dcfdf-5973-4b56-a955-1fc4555f10cb:c3314]
2019-09-19 11:26:35,935 [grpc-default-executor-5] INFO  client.GrpcClientProtocolClient (GrpcClientProtocolClient.java:onNext(264)) - client-D9B31DDCE961->18b22b39-7551-46dd-8464-dd74933c4739: receive RaftClientReply:client-D9B31DDCE961->18b22b39-7551-46dd-8464-dd74933c4739@group-597320EF17B3, cid=2290, SUCCESS, logIndex=3316, commits[18b22b39-7551-46dd-8464-dd74933c4739:c3316, 76d6a15c-8eeb-4764-b555-ce8767d18d57:c3314, c90dcfdf-5973-4b56-a955-1fc4555f10cb:c3314]
2019-09-19 11:26:35,949 [grpc-default-executor-3] INFO  client.GrpcClientProtocolClient (GrpcClientProtocolClient.java:onNext(264)) - client-D9B31DDCE961->18b22b39-7551-46dd-8464-dd74933c4739: receive RaftClientReply:client-D9B31DDCE961->18b22b39-7551-46dd-8464-dd74933c4739@group-597320EF17B3, cid=2291, SUCCESS, logIndex=3319, commits[18b22b39-7551-46dd-8464-dd74933c4739:c3319, 76d6a15c-8eeb-4764-b555-ce8767d18d57:c3316, c90dcfdf-5973-4b56-a955-1fc4555f10cb:c3316]
2019-09-19 11:26:35,949 [grpc-default-executor-3] INFO  client.GrpcClientProtocolClient (GrpcClientProtocolClient.java:onNext(264)) - client-D9B31DDCE961->18b22b39-7551-46dd-8464-dd74933c4739: receive RaftClientReply:client-D9B31DDCE961->18b22b39-7551-46dd-8464-dd74933c4739@group-597320EF17B3, cid=2292, SUCCESS, logIndex=3320, commits[18b22b39-7551-46dd-8464-dd74933c4739:c3320, 76d6a15c-8eeb-4764-b555-ce8767d18d57:c3316, c90dcfdf-5973-4b56-a955-1fc4555f10cb:c3316]
2019-09-19 11:26:35,962 [grpc-default-executor-3] INFO  client.GrpcClientProtocolClient (GrpcClientProtocolClient.java:onNext(264)) - client-D9B31DDCE961->18b22b39-7551-46dd-8464-dd74933c4739: receive RaftClientReply:client-D9B31DDCE961->18b22b39-7551-46dd-8464-dd74933c4739@group-597320EF17B3, cid=2293, SUCCESS, logIndex=0, commits[18b22b39-7551-46dd-8464-dd74933c4739:c3322, 76d6a15c-8eeb-4764-b555-ce8767d18d57:c3320, c90dcfdf-5973-4b56-a955-1fc4555f10cb:c3320]
2019-09-19 11:26:35,990 [grpc-default-executor-3] INFO  client.GrpcClientProtocolClient (GrpcClientProtocolClient.java:onNext(264)) - client-D9B31DDCE961->18b22b39-7551-46dd-8464-dd74933c4739: receive RaftClientReply:client-D9B31DDCE961->18b22b39-7551-46dd-8464-dd74933c4739@group-597320EF17B3, cid=2294, SUCCESS, logIndex=3323, commits[18b22b39-7551-46dd-8464-dd74933c4739:c3324, 76d6a15c-8eeb-4764-b555-ce8767d18d57:c3322, c90dcfdf-5973-4b56-a955-1fc4555f10cb:c3322]
2019-09-19 11:26:35,991 [grpc-default-executor-3] INFO  client.GrpcClientProtocolClient (GrpcClientProtocolClient.java:onNext(264)) - client-D9B31DDCE961->18b22b39-7551-46dd-8464-dd74933c4739: receive RaftClientReply:client-D9B31DDCE961->18b22b39-7551-46dd-8464-dd74933c4739@group-597320EF17B3, cid=2295, SUCCESS, logIndex=3324, commits[18b22b39-7551-46dd-8464-dd74933c4739:c3324, 76d6a15c-8eeb-4764-b555-ce8767d18d57:c3322, c90dcfdf-5973-4b56-a955-1fc4555f10cb:c3322]
2019-09-19 11:26:35,992 [grpc-default-executor-3] INFO  client.GrpcClientProtocolClient (GrpcClientProtocolClient.java:onNext(264)) - client-D9B31DDCE961->18b22b39-7551-46dd-8464-dd74933c4739: receive RaftClientReply:client-D9B31DDCE961->18b22b39-7551-46dd-8464-dd74933c4739@group-597320EF17B3, cid=2296, SUCCESS, logIndex=3325, commits[18b22b39-7551-46dd-8464-dd74933c4739:c3326, 76d6a15c-8eeb-4764-b555-ce8767d18d57:c3322, c90dcfdf-5973-4b56-a955-1fc4555f10cb:c3322]
2019-09-19 11:26:35,992 [grpc-default-executor-3] INFO  client.GrpcClientProtocolClient (GrpcClientProtocolClient.java:onNext(264)) - client-D9B31DDCE961->18b22b39-7551-46dd-8464-dd74933c4739: receive RaftClientReply:client-D9B31DDCE961->18b22b39-7551-46dd-8464-dd74933c4739@group-597320EF17B3, cid=2297, SUCCESS, logIndex=3326, commits[18b22b39-7551-46dd-8464-dd74933c4739:c3326, 76d6a15c-8eeb-4764-b555-ce8767d18d57:c3322, c90dcfdf-5973-4b56-a955-1fc4555f10cb:c3322]
2019-09-19 11:26:35,993 [grpc-default-executor-1] INFO  client.GrpcClientProtocolClient (GrpcClientProtocolClient.java:onNext(264)) - client-D9B31DDCE961->18b22b39-7551-46dd-8464-dd74933c4739: receive RaftClientReply:client-D9B31DDCE961->18b22b39-7551-46dd-8464-dd74933c4739@group-597320EF17B3, cid=2298, SUCCESS, logIndex=0, commits[18b22b39-7551-46dd-8464-dd74933c4739:c3330, 76d6a15c-8eeb-4764-b555-ce8767d18d57:c3326, c90dcfdf-5973-4b56-a955-1fc4555f10cb:c3324]
2019-09-19 11:26:36,012 [grpc-default-executor-3] INFO  client.GrpcClientProtocolClient (GrpcClientProtocolClient.java:onNext(264)) - client-D9B31DDCE961->18b22b39-7551-46dd-8464-dd74933c4739: receive RaftClientReply:client-D9B31DDCE961->18b22b39-7551-46dd-8464-dd74933c4739@group-597320EF17B3, cid=2299, SUCCESS, logIndex=3331, commits[18b22b39-7551-46dd-8464-dd74933c4739:c3332, 76d6a15c-8eeb-4764-b555-ce8767d18d57:c3330, c90dcfdf-5973-4b56-a955-1fc4555f10cb:c3326]
2019-09-19 11:26:36,012 [grpc-default-executor-3] INFO  client.GrpcClientProtocolClient (GrpcClientProtocolClient.java:onNext(264)) - client-D9B31DDCE961->18b22b39-7551-46dd-8464-dd74933c4739: receive RaftClientReply:client-D9B31DDCE961->18b22b39-7551-46dd-8464-dd74933c4739@group-597320EF17B3, cid=2300, SUCCESS, logIndex=3332, commits[18b22b39-7551-46dd-8464-dd74933c4739:c3332, 76d6a15c-8eeb-4764-b555-ce8767d18d57:c3330, c90dcfdf-5973-4b56-a955-1fc4555f10cb:c3330]
2019-09-19 11:26:36,034 [grpc-default-executor-1] INFO  client.GrpcClientProtocolClient (GrpcClientProtocolClient.java:onNext(264)) - client-D9B31DDCE961->18b22b39-7551-46dd-8464-dd74933c4739: receive RaftClientReply:client-D9B31DDCE961->18b22b39-7551-46dd-8464-dd74933c4739@group-597320EF17B3, cid=2301, SUCCESS, logIndex=3335, commits[18b22b39-7551-46dd-8464-dd74933c4739:c3335, 76d6a15c-8eeb-4764-b555-ce8767d18d57:c3332, c90dcfdf-5973-4b56-a955-1fc4555f10cb:c3332]
2019-09-19 11:26:36,034 [grpc-default-executor-1] INFO  client.GrpcClientProtocolClient (GrpcClientProtocolClient.java:onNext(264)) - client-D9B31DDCE961->18b22b39-7551-46dd-8464-dd74933c4739: receive RaftClientReply:client-D9B31DDCE961->18b22b39-7551-46dd-8464-dd74933c4739@group-597320EF17B3, cid=2302, SUCCESS, logIndex=3336, commits[18b22b39-7551-46dd-8464-dd74933c4739:c3336, 76d6a15c-8eeb-4764-b555-ce8767d18d57:c3332, c90dcfdf-5973-4b56-a955-1fc4555f10cb:c3332]
2019-09-19 11:26:36,047 [grpc-default-executor-1] INFO  client.GrpcClientProtocolClient (GrpcClientProtocolClient.java:onNext(264)) - client-D9B31DDCE961->18b22b39-7551-46dd-8464-dd74933c4739: receive RaftClientReply:client-D9B31DDCE961->18b22b39-7551-46dd-8464-dd74933c4739@group-597320EF17B3, cid=2303, SUCCESS, logIndex=0, commits[18b22b39-7551-46dd-8464-dd74933c4739:c3338, 76d6a15c-8eeb-4764-b555-ce8767d18d57:c3336, c90dcfdf-5973-4b56-a955-1fc4555f10cb:c3336]
2019-09-19 11:26:36,229 [grpc-default-executor-3] INFO  client.GrpcClientProtocolClient (GrpcClientProtocolClient.java:onNext(264)) - client-D9B31DDCE961->18b22b39-7551-46dd-8464-dd74933c4739: receive RaftClientReply:client-D9B31DDCE961->18b22b39-7551-46dd-8464-dd74933c4739@group-597320EF17B3, cid=2304, SUCCESS, logIndex=3339, commits[18b22b39-7551-46dd-8464-dd74933c4739:c3340, 76d6a15c-8eeb-4764-b555-ce8767d18d57:c3338, c90dcfdf-5973-4b56-a955-1fc4555f10cb:c3338]
2019-09-19 11:26:36,230 [grpc-default-executor-3] INFO  client.GrpcClientProtocolClient (GrpcClientProtocolClient.java:onNext(264)) - client-D9B31DDCE961->18b22b39-7551-46dd-8464-dd74933c4739: receive RaftClientReply:client-D9B31DDCE961->18b22b39-7551-46dd-8464-dd74933c4739@group-597320EF17B3, cid=2305, SUCCESS, logIndex=3340, commits[18b22b39-7551-46dd-8464-dd74933c4739:c3342, 76d6a15c-8eeb-4764-b555-ce8767d18d57:c3338, c90dcfdf-5973-4b56-a955-1fc4555f10cb:c3338]
2019-09-19 11:26:36,230 [grpc-default-executor-3] INFO  client.GrpcClientProtocolClient (GrpcClientProtocolClient.java:onNext(264)) - client-D9B31DDCE961->18b22b39-7551-46dd-8464-dd74933c4739: receive RaftClientReply:client-D9B31DDCE961->18b22b39-7551-46dd-8464-dd74933c4739@group-597320EF17B3, cid=2306, SUCCESS, logIndex=3341, commits[18b22b39-7551-46dd-8464-dd74933c4739:c3342, 76d6a15c-8eeb-4764-b555-ce8767d18d57:c3338, c90dcfdf-5973-4b56-a955-1fc4555f10cb:c3338]
2019-09-19 11:26:36,231 [grpc-default-executor-3] INFO  client.GrpcClientProtocolClient (GrpcClientProtocolClient.java:onNext(264)) - client-D9B31DDCE961->18b22b39-7551-46dd-8464-dd74933c4739: receive RaftClientReply:client-D9B31DDCE961->18b22b39-7551-46dd-8464-dd74933c4739@group-597320EF17B3, cid=2307, SUCCESS, logIndex=3342, commits[18b22b39-7551-46dd-8464-dd74933c4739:c3342, 76d6a15c-8eeb-4764-b555-ce8767d18d57:c3338, c90dcfdf-5973-4b56-a955-1fc4555f10cb:c3338]
2019-09-19 11:26:36,241 [grpc-default-executor-3] INFO  client.GrpcClientProtocolClient (GrpcClientProtocolClient.java:onNext(264)) - client-D9B31DDCE961->18b22b39-7551-46dd-8464-dd74933c4739: receive RaftClientReply:client-D9B31DDCE961->18b22b39-7551-46dd-8464-dd74933c4739@group-597320EF17B3, cid=2308, SUCCESS, logIndex=0, commits[18b22b39-7551-46dd-8464-dd74933c4739:c3343, 76d6a15c-8eeb-4764-b555-ce8767d18d57:c3340, c90dcfdf-5973-4b56-a955-1fc4555f10cb:c3340]
2019-09-19 11:26:36,262 [grpc-default-executor-3] INFO  client.GrpcClientProtocolClient (GrpcClientProtocolClient.java:onNext(264)) - client-D9B31DDCE961->18b22b39-7551-46dd-8464-dd74933c4739: receive RaftClientReply:client-D9B31DDCE961->18b22b39-7551-46dd-8464-dd74933c4739@group-597320EF17B3, cid=2309, SUCCESS, logIndex=3346, commits[18b22b39-7551-46dd-8464-dd74933c4739:c3347, 76d6a15c-8eeb-4764-b555-ce8767d18d57:c3345, c90dcfdf-5973-4b56-a955-1fc4555f10cb:c3345]
2019-09-19 11:26:36,262 [grpc-default-executor-3] INFO  client.GrpcClientProtocolClient (GrpcClientProtocolClient.java:onNext(264)) - client-D9B31DDCE961->18b22b39-7551-46dd-8464-dd74933c4739: receive RaftClientReply:client-D9B31DDCE961->18b22b39-7551-46dd-8464-dd74933c4739@group-597320EF17B3, cid=2310, SUCCESS, logIndex=3347, commits[18b22b39-7551-46dd-8464-dd74933c4739:c3347, 76d6a15c-8eeb-4764-b555-ce8767d18d57:c3345, c90dcfdf-5973-4b56-a955-1fc4555f10cb:c3345]
2019-09-19 11:26:36,275 [grpc-default-executor-3] INFO  client.GrpcClientProtocolClient (GrpcClientProtocolClient.java:onNext(264)) - client-D9B31DDCE961->18b22b39-7551-46dd-8464-dd74933c4739: receive RaftClientReply:client-D9B31DDCE961->18b22b39-7551-46dd-8464-dd74933c4739@group-597320EF17B3, cid=2311, SUCCESS, logIndex=3350, commits[18b22b39-7551-46dd-8464-dd74933c4739:c3351, 76d6a15c-8eeb-4764-b555-ce8767d18d57:c3347, c90dcfdf-5973-4b56-a955-1fc4555f10cb:c3347]
2019-09-19 11:26:36,276 [grpc-default-executor-3] INFO  client.GrpcClientProtocolClient (GrpcClientProtocolClient.java:onNext(264)) - client-D9B31DDCE961->18b22b39-7551-46dd-8464-dd74933c4739: receive RaftClientReply:client-D9B31DDCE961->18b22b39-7551-46dd-8464-dd74933c4739@group-597320EF17B3, cid=2312, SUCCESS, logIndex=3351, commits[18b22b39-7551-46dd-8464-dd74933c4739:c3351, 76d6a15c-8eeb-4764-b555-ce8767d18d57:c3347, c90dcfdf-5973-4b56-a955-1fc4555f10cb:c3347]
2019-09-19 11:26:36,287 [grpc-default-executor-3] INFO  client.GrpcClientProtocolClient (GrpcClientProtocolClient.java:onNext(264)) - client-D9B31DDCE961->18b22b39-7551-46dd-8464-dd74933c4739: receive RaftClientReply:client-D9B31DDCE961->18b22b39-7551-46dd-8464-dd74933c4739@group-597320EF17B3, cid=2313, SUCCESS, logIndex=0, commits[18b22b39-7551-46dd-8464-dd74933c4739:c3352, 76d6a15c-8eeb-4764-b555-ce8767d18d57:c3351, c90dcfdf-5973-4b56-a955-1fc4555f10cb:c3351]
2019-09-19 11:26:36,317 [grpc-default-executor-3] INFO  client.GrpcClientProtocolClient (GrpcClientProtocolClient.java:onNext(264)) - client-D9B31DDCE961->18b22b39-7551-46dd-8464-dd74933c4739: receive RaftClientReply:client-D9B31DDCE961->18b22b39-7551-46dd-8464-dd74933c4739@group-597320EF17B3, cid=2314, SUCCESS, logIndex=3354, commits[18b22b39-7551-46dd-8464-dd74933c4739:c3355, 76d6a15c-8eeb-4764-b555-ce8767d18d57:c3353, c90dcfdf-5973-4b56-a955-1fc4555f10cb:c3353]
2019-09-19 11:26:36,318 [grpc-default-executor-3] INFO  client.GrpcClientProtocolClient (GrpcClientProtocolClient.java:onNext(264)) - client-D9B31DDCE961->18b22b39-7551-46dd-8464-dd74933c4739: receive RaftClientReply:client-D9B31DDCE961->18b22b39-7551-46dd-8464-dd74933c4739@group-597320EF17B3, cid=2315, SUCCESS, logIndex=3355, commits[18b22b39-7551-46dd-8464-dd74933c4739:c3356, 76d6a15c-8eeb-4764-b555-ce8767d18d57:c3353, c90dcfdf-5973-4b56-a955-1fc4555f10cb:c3353]
2019-09-19 11:26:36,318 [grpc-default-executor-3] INFO  client.GrpcClientProtocolClient (GrpcClientProtocolClient.java:onNext(264)) - client-D9B31DDCE961->18b22b39-7551-46dd-8464-dd74933c4739: receive RaftClientReply:client-D9B31DDCE961->18b22b39-7551-46dd-8464-dd74933c4739@group-597320EF17B3, cid=2316, SUCCESS, logIndex=3356, commits[18b22b39-7551-46dd-8464-dd74933c4739:c3357, 76d6a15c-8eeb-4764-b555-ce8767d18d57:c3353, c90dcfdf-5973-4b56-a955-1fc4555f10cb:c3353]
2019-09-19 11:26:36,319 [grpc-default-executor-3] INFO  client.GrpcClientProtocolClient (GrpcClientProtocolClient.java:onNext(264)) - client-D9B31DDCE961->18b22b39-7551-46dd-8464-dd74933c4739: receive RaftClientReply:client-D9B31DDCE961->18b22b39-7551-46dd-8464-dd74933c4739@group-597320EF17B3, cid=2317, SUCCESS, logIndex=3357, commits[18b22b39-7551-46dd-8464-dd74933c4739:c3357, 76d6a15c-8eeb-4764-b555-ce8767d18d57:c3353, c90dcfdf-5973-4b56-a955-1fc4555f10cb:c3353]
2019-09-19 11:26:36,319 [grpc-default-executor-5] INFO  client.GrpcClientProtocolClient (GrpcClientProtocolClient.java:onNext(264)) - client-D9B31DDCE961->18b22b39-7551-46dd-8464-dd74933c4739: receive RaftClientReply:client-D9B31DDCE961->18b22b39-7551-46dd-8464-dd74933c4739@group-597320EF17B3, cid=2318, SUCCESS, logIndex=0, commits[18b22b39-7551-46dd-8464-dd74933c4739:c3358, 76d6a15c-8eeb-4764-b555-ce8767d18d57:c3355, c90dcfdf-5973-4b56-a955-1fc4555f10cb:c3355]
2019-09-19 11:26:36,354 [grpc-default-executor-3] INFO  client.GrpcClientProtocolClient (GrpcClientProtocolClient.java:onNext(264)) - client-D9B31DDCE961->18b22b39-7551-46dd-8464-dd74933c4739: receive RaftClientReply:client-D9B31DDCE961->18b22b39-7551-46dd-8464-dd74933c4739@group-597320EF17B3, cid=2319, SUCCESS, logIndex=3362, commits[18b22b39-7551-46dd-8464-dd74933c4739:c3363, 76d6a15c-8eeb-4764-b555-ce8767d18d57:c3357, c90dcfdf-5973-4b56-a955-1fc4555f10cb:c3361]
2019-09-19 11:26:36,355 [grpc-default-executor-3] INFO  client.GrpcClientProtocolClient (GrpcClientProtocolClient.java:onNext(264)) - client-D9B31DDCE961->18b22b39-7551-46dd-8464-dd74933c4739: receive RaftClientReply:client-D9B31DDCE961->18b22b39-7551-46dd-8464-dd74933c4739@group-597320EF17B3, cid=2320, SUCCESS, logIndex=3363, commits[18b22b39-7551-46dd-8464-dd74933c4739:c3363, 76d6a15c-8eeb-4764-b555-ce8767d18d57:c3361, c90dcfdf-5973-4b56-a955-1fc4555f10cb:c3361]
2019-09-19 11:26:36,368 [grpc-default-executor-5] INFO  client.GrpcClientProtocolClient (GrpcClientProtocolClient.java:onNext(264)) - client-D9B31DDCE961->18b22b39-7551-46dd-8464-dd74933c4739: receive RaftClientReply:client-D9B31DDCE961->18b22b39-7551-46dd-8464-dd74933c4739@group-597320EF17B3, cid=2321, SUCCESS, logIndex=3366, commits[18b22b39-7551-46dd-8464-dd74933c4739:c3367, 76d6a15c-8eeb-4764-b555-ce8767d18d57:c3363, c90dcfdf-5973-4b56-a955-1fc4555f10cb:c3363]
2019-09-19 11:26:36,368 [grpc-default-executor-5] INFO  client.GrpcClientProtocolClient (GrpcClientProtocolClient.java:onNext(264)) - client-D9B31DDCE961->18b22b39-7551-46dd-8464-dd74933c4739: receive RaftClientReply:client-D9B31DDCE961->18b22b39-7551-46dd-8464-dd74933c4739@group-597320EF17B3, cid=2322, SUCCESS, logIndex=3367, commits[18b22b39-7551-46dd-8464-dd74933c4739:c3367, 76d6a15c-8eeb-4764-b555-ce8767d18d57:c3363, c90dcfdf-5973-4b56-a955-1fc4555f10cb:c3363]
2019-09-19 11:26:36,380 [grpc-default-executor-5] INFO  client.GrpcClientProtocolClient (GrpcClientProtocolClient.java:onNext(264)) - client-D9B31DDCE961->18b22b39-7551-46dd-8464-dd74933c4739: receive RaftClientReply:client-D9B31DDCE961->18b22b39-7551-46dd-8464-dd74933c4739@group-597320EF17B3, cid=2323, SUCCESS, logIndex=0, commits[18b22b39-7551-46dd-8464-dd74933c4739:c3368, 76d6a15c-8eeb-4764-b555-ce8767d18d57:c3367, c90dcfdf-5973-4b56-a955-1fc4555f10cb:c3367]
2019-09-19 11:26:36,410 [grpc-default-executor-5] INFO  client.GrpcClientProtocolClient (GrpcClientProtocolClient.java:onNext(264)) - client-D9B31DDCE961->18b22b39-7551-46dd-8464-dd74933c4739: receive RaftClientReply:client-D9B31DDCE961->18b22b39-7551-46dd-8464-dd74933c4739@group-597320EF17B3, cid=2324, SUCCESS, logIndex=3370, commits[18b22b39-7551-46dd-8464-dd74933c4739:c3371, 76d6a15c-8eeb-4764-b555-ce8767d18d57:c3369, c90dcfdf-5973-4b56-a955-1fc4555f10cb:c3367]
2019-09-19 11:26:36,410 [grpc-default-executor-5] INFO  client.GrpcClientProtocolClient (GrpcClientProtocolClient.java:onNext(264)) - client-D9B31DDCE961->18b22b39-7551-46dd-8464-dd74933c4739: receive RaftClientReply:client-D9B31DDCE961->18b22b39-7551-46dd-8464-dd74933c4739@group-597320EF17B3, cid=2325, SUCCESS, logIndex=3371, commits[18b22b39-7551-46dd-8464-dd74933c4739:c3373, 76d6a15c-8eeb-4764-b555-ce8767d18d57:c3369, c90dcfdf-5973-4b56-a955-1fc4555f10cb:c3369]
2019-09-19 11:26:36,410 [grpc-default-executor-5] INFO  client.GrpcClientProtocolClient (GrpcClientProtocolClient.java:onNext(264)) - client-D9B31DDCE961->18b22b39-7551-46dd-8464-dd74933c4739: receive RaftClientReply:client-D9B31DDCE961->18b22b39-7551-46dd-8464-dd74933c4739@group-597320EF17B3, cid=2326, SUCCESS, logIndex=3372, commits[18b22b39-7551-46dd-8464-dd74933c4739:c3373, 76d6a15c-8eeb-4764-b555-ce8767d18d57:c3369, c90dcfdf-5973-4b56-a955-1fc4555f10cb:c3369]
2019-09-19 11:26:36,410 [grpc-default-executor-5] INFO  client.GrpcClientProtocolClient (GrpcClientProtocolClient.java:onNext(264)) - client-D9B31DDCE961->18b22b39-7551-46dd-8464-dd74933c4739: receive RaftClientReply:client-D9B31DDCE961->18b22b39-7551-46dd-8464-dd74933c4739@group-597320EF17B3, cid=2327, SUCCESS, logIndex=3373, commits[18b22b39-7551-46dd-8464-dd74933c4739:c3373, 76d6a15c-8eeb-4764-b555-ce8767d18d57:c3369, c90dcfdf-5973-4b56-a955-1fc4555f10cb:c3369]
2019-09-19 11:26:36,421 [grpc-default-executor-5] INFO  client.GrpcClientProtocolClient (GrpcClientProtocolClient.java:onNext(264)) - client-D9B31DDCE961->18b22b39-7551-46dd-8464-dd74933c4739: receive RaftClientReply:client-D9B31DDCE961->18b22b39-7551-46dd-8464-dd74933c4739@group-597320EF17B3, cid=2328, SUCCESS, logIndex=0, commits[18b22b39-7551-46dd-8464-dd74933c4739:c3374, 76d6a15c-8eeb-4764-b555-ce8767d18d57:c3371, c90dcfdf-5973-4b56-a955-1fc4555f10cb:c3371]
2019-09-19 11:26:36,439 [grpc-default-executor-3] INFO  client.GrpcClientProtocolClient (GrpcClientProtocolClient.java:onNext(264)) - client-D9B31DDCE961->18b22b39-7551-46dd-8464-dd74933c4739: receive RaftClientReply:client-D9B31DDCE961->18b22b39-7551-46dd-8464-dd74933c4739@group-597320EF17B3, cid=2329, SUCCESS, logIndex=3377, commits[18b22b39-7551-46dd-8464-dd74933c4739:c3378, 76d6a15c-8eeb-4764-b555-ce8767d18d57:c3376, c90dcfdf-5973-4b56-a955-1fc4555f10cb:c3376]
2019-09-19 11:26:36,439 [grpc-default-executor-3] INFO  client.GrpcClientProtocolClient (GrpcClientProtocolClient.java:onNext(264)) - client-D9B31DDCE961->18b22b39-7551-46dd-8464-dd74933c4739: receive RaftClientReply:client-D9B31DDCE961->18b22b39-7551-46dd-8464-dd74933c4739@group-597320EF17B3, cid=2330, SUCCESS, logIndex=3378, commits[18b22b39-7551-46dd-8464-dd74933c4739:c3378, 76d6a15c-8eeb-4764-b555-ce8767d18d57:c3376, c90dcfdf-5973-4b56-a955-1fc4555f10cb:c3376]
2019-09-19 11:26:36,452 [grpc-default-executor-3] INFO  client.GrpcClientProtocolClient (GrpcClientProtocolClient.java:onNext(264)) - client-D9B31DDCE961->18b22b39-7551-46dd-8464-dd74933c4739: receive RaftClientReply:client-D9B31DDCE961->18b22b39-7551-46dd-8464-dd74933c4739@group-597320EF17B3, cid=2331, SUCCESS, logIndex=3381, commits[18b22b39-7551-46dd-8464-dd74933c4739:c3381, 76d6a15c-8eeb-4764-b555-ce8767d18d57:c3378, c90dcfdf-5973-4b56-a955-1fc4555f10cb:c3378]
2019-09-19 11:26:36,452 [grpc-default-executor-3] INFO  client.GrpcClientProtocolClient (GrpcClientProtocolClient.java:onNext(264)) - client-D9B31DDCE961->18b22b39-7551-46dd-8464-dd74933c4739: receive RaftClientReply:client-D9B31DDCE961->18b22b39-7551-46dd-8464-dd74933c4739@group-597320EF17B3, cid=2332, SUCCESS, logIndex=3382, commits[18b22b39-7551-46dd-8464-dd74933c4739:c3382, 76d6a15c-8eeb-4764-b555-ce8767d18d57:c3378, c90dcfdf-5973-4b56-a955-1fc4555f10cb:c3378]
2019-09-19 11:26:36,455 [grpc-default-executor-5] INFO  client.GrpcClientProtocolClient (GrpcClientProtocolClient.java:onNext(264)) - client-D9B31DDCE961->18b22b39-7551-46dd-8464-dd74933c4739: receive RaftClientReply:client-D9B31DDCE961->18b22b39-7551-46dd-8464-dd74933c4739@group-597320EF17B3, cid=2333, SUCCESS, logIndex=0, commits[18b22b39-7551-46dd-8464-dd74933c4739:c3384, 76d6a15c-8eeb-4764-b555-ce8767d18d57:c3382, c90dcfdf-5973-4b56-a955-1fc4555f10cb:c3382]
2019-09-19 11:26:36,481 [grpc-default-executor-5] INFO  client.GrpcClientProtocolClient (GrpcClientProtocolClient.java:onNext(264)) - client-D9B31DDCE961->18b22b39-7551-46dd-8464-dd74933c4739: receive RaftClientReply:client-D9B31DDCE961->18b22b39-7551-46dd-8464-dd74933c4739@group-597320EF17B3, cid=2334, SUCCESS, logIndex=3385, commits[18b22b39-7551-46dd-8464-dd74933c4739:c3386, 76d6a15c-8eeb-4764-b555-ce8767d18d57:c3384, c90dcfdf-5973-4b56-a955-1fc4555f10cb:c3384]
2019-09-19 11:26:36,482 [grpc-default-executor-5] INFO  client.GrpcClientProtocolClient (GrpcClientProtocolClient.java:onNext(264)) - client-D9B31DDCE961->18b22b39-7551-46dd-8464-dd74933c4739: receive RaftClientReply:client-D9B31DDCE961->18b22b39-7551-46dd-8464-dd74933c4739@group-597320EF17B3, cid=2335, SUCCESS, logIndex=3386, commits[18b22b39-7551-46dd-8464-dd74933c4739:c3387, 76d6a15c-8eeb-4764-b555-ce8767d18d57:c3384, c90dcfdf-5973-4b56-a955-1fc4555f10cb:c3384]
2019-09-19 11:26:36,482 [grpc-default-executor-5] INFO  client.GrpcClientProtocolClient (GrpcClientProtocolClient.java:onNext(264)) - client-D9B31DDCE961->18b22b39-7551-46dd-8464-dd74933c4739: receive RaftClientReply:client-D9B31DDCE961->18b22b39-7551-46dd-8464-dd74933c4739@group-597320EF17B3, cid=2336, SUCCESS, logIndex=3387, commits[18b22b39-7551-46dd-8464-dd74933c4739:c3388, 76d6a15c-8eeb-4764-b555-ce8767d18d57:c3384, c90dcfdf-5973-4b56-a955-1fc4555f10cb:c3384]
2019-09-19 11:26:36,483 [grpc-default-executor-5] INFO  client.GrpcClientProtocolClient (GrpcClientProtocolClient.java:onNext(264)) - client-D9B31DDCE961->18b22b39-7551-46dd-8464-dd74933c4739: receive RaftClientReply:client-D9B31DDCE961->18b22b39-7551-46dd-8464-dd74933c4739@group-597320EF17B3, cid=2337, SUCCESS, logIndex=3388, commits[18b22b39-7551-46dd-8464-dd74933c4739:c3388, 76d6a15c-8eeb-4764-b555-ce8767d18d57:c3384, c90dcfdf-5973-4b56-a955-1fc4555f10cb:c3384]
2019-09-19 11:26:36,485 [grpc-default-executor-5] INFO  client.GrpcClientProtocolClient (GrpcClientProtocolClient.java:onNext(264)) - client-D9B31DDCE961->18b22b39-7551-46dd-8464-dd74933c4739: receive RaftClientReply:client-D9B31DDCE961->18b22b39-7551-46dd-8464-dd74933c4739@group-597320EF17B3, cid=2338, SUCCESS, logIndex=0, commits[18b22b39-7551-46dd-8464-dd74933c4739:c3392, 76d6a15c-8eeb-4764-b555-ce8767d18d57:c3388, c90dcfdf-5973-4b56-a955-1fc4555f10cb:c3386]
2019-09-19 11:26:36,503 [grpc-default-executor-5] INFO  client.GrpcClientProtocolClient (GrpcClientProtocolClient.java:onNext(264)) - client-D9B31DDCE961->18b22b39-7551-46dd-8464-dd74933c4739: receive RaftClientReply:client-D9B31DDCE961->18b22b39-7551-46dd-8464-dd74933c4739@group-597320EF17B3, cid=2339, SUCCESS, logIndex=3393, commits[18b22b39-7551-46dd-8464-dd74933c4739:c3394, 76d6a15c-8eeb-4764-b555-ce8767d18d57:c3392, c90dcfdf-5973-4b56-a955-1fc4555f10cb:c3392]
2019-09-19 11:26:36,503 [grpc-default-executor-5] INFO  client.GrpcClientProtocolClient (GrpcClientProtocolClient.java:onNext(264)) - client-D9B31DDCE961->18b22b39-7551-46dd-8464-dd74933c4739: receive RaftClientReply:client-D9B31DDCE961->18b22b39-7551-46dd-8464-dd74933c4739@group-597320EF17B3, cid=2340, SUCCESS, logIndex=3394, commits[18b22b39-7551-46dd-8464-dd74933c4739:c3394, 76d6a15c-8eeb-4764-b555-ce8767d18d57:c3392, c90dcfdf-5973-4b56-a955-1fc4555f10cb:c3392]
2019-09-19 11:26:36,516 [grpc-default-executor-7] INFO  client.GrpcClientProtocolClient (GrpcClientProtocolClient.java:onNext(264)) - client-D9B31DDCE961->18b22b39-7551-46dd-8464-dd74933c4739: receive RaftClientReply:client-D9B31DDCE961->18b22b39-7551-46dd-8464-dd74933c4739@group-597320EF17B3, cid=2341, SUCCESS, logIndex=3397, commits[18b22b39-7551-46dd-8464-dd74933c4739:c3398, 76d6a15c-8eeb-4764-b555-ce8767d18d57:c3394, c90dcfdf-5973-4b56-a955-1fc4555f10cb:c3394]
2019-09-19 11:26:36,516 [grpc-default-executor-7] INFO  client.GrpcClientProtocolClient (GrpcClientProtocolClient.java:onNext(264)) - client-D9B31DDCE961->18b22b39-7551-46dd-8464-dd74933c4739: receive RaftClientReply:client-D9B31DDCE961->18b22b39-7551-46dd-8464-dd74933c4739@group-597320EF17B3, cid=2342, SUCCESS, logIndex=3398, commits[18b22b39-7551-46dd-8464-dd74933c4739:c3398, 76d6a15c-8eeb-4764-b555-ce8767d18d57:c3394, c90dcfdf-5973-4b56-a955-1fc4555f10cb:c3394]
2019-09-19 11:26:36,528 [grpc-default-executor-7] INFO  client.GrpcClientProtocolClient (GrpcClientProtocolClient.java:onNext(264)) - client-D9B31DDCE961->18b22b39-7551-46dd-8464-dd74933c4739: receive RaftClientReply:client-D9B31DDCE961->18b22b39-7551-46dd-8464-dd74933c4739@group-597320EF17B3, cid=2343, SUCCESS, logIndex=0, commits[18b22b39-7551-46dd-8464-dd74933c4739:c3399, 76d6a15c-8eeb-4764-b555-ce8767d18d57:c3398, c90dcfdf-5973-4b56-a955-1fc4555f10cb:c3398]
2019-09-19 11:26:36,548 [grpc-default-executor-7] INFO  client.GrpcClientProtocolClient (GrpcClientProtocolClient.java:onNext(264)) - client-D9B31DDCE961->18b22b39-7551-46dd-8464-dd74933c4739: receive RaftClientReply:client-D9B31DDCE961->18b22b39-7551-46dd-8464-dd74933c4739@group-597320EF17B3, cid=2344, SUCCESS, logIndex=3401, commits[18b22b39-7551-46dd-8464-dd74933c4739:c3402, 76d6a15c-8eeb-4764-b555-ce8767d18d57:c3398, c90dcfdf-5973-4b56-a955-1fc4555f10cb:c3400]
2019-09-19 11:26:36,548 [grpc-default-executor-7] INFO  client.GrpcClientProtocolClient (GrpcClientProtocolClient.java:onNext(264)) - client-D9B31DDCE961->18b22b39-7551-46dd-8464-dd74933c4739: receive RaftClientReply:client-D9B31DDCE961->18b22b39-7551-46dd-8464-dd74933c4739@group-597320EF17B3, cid=2345, SUCCESS, logIndex=3402, commits[18b22b39-7551-46dd-8464-dd74933c4739:c3402, 76d6a15c-8eeb-4764-b555-ce8767d18d57:c3398, c90dcfdf-5973-4b56-a955-1fc4555f10cb:c3400]
2019-09-19 11:26:36,628 [grpc-default-executor-7] INFO  client.GrpcClientProtocolClient (GrpcClientProtocolClient.java:onNext(264)) - client-D9B31DDCE961->18b22b39-7551-46dd-8464-dd74933c4739: receive RaftClientReply:client-D9B31DDCE961->18b22b39-7551-46dd-8464-dd74933c4739@group-597320EF17B3, cid=2346, SUCCESS, logIndex=3403, commits[18b22b39-7551-46dd-8464-dd74933c4739:c3404, 76d6a15c-8eeb-4764-b555-ce8767d18d57:c3400, c90dcfdf-5973-4b56-a955-1fc4555f10cb:c3400]
2019-09-19 11:26:36,628 [grpc-default-executor-7] INFO  client.GrpcClientProtocolClient (GrpcClientProtocolClient.java:onNext(264)) - client-D9B31DDCE961->18b22b39-7551-46dd-8464-dd74933c4739: receive RaftClientReply:client-D9B31DDCE961->18b22b39-7551-46dd-8464-dd74933c4739@group-597320EF17B3, cid=2347, SUCCESS, logIndex=3404, commits[18b22b39-7551-46dd-8464-dd74933c4739:c3405, 76d6a15c-8eeb-4764-b555-ce8767d18d57:c3400, c90dcfdf-5973-4b56-a955-1fc4555f10cb:c3402]
2019-09-19 11:26:36,629 [grpc-default-executor-7] INFO  client.GrpcClientProtocolClient (GrpcClientProtocolClient.java:onNext(264)) - client-D9B31DDCE961->18b22b39-7551-46dd-8464-dd74933c4739: receive RaftClientReply:client-D9B31DDCE961->18b22b39-7551-46dd-8464-dd74933c4739@group-597320EF17B3, cid=2348, SUCCESS, logIndex=0, commits[18b22b39-7551-46dd-8464-dd74933c4739:c3406, 76d6a15c-8eeb-4764-b555-ce8767d18d57:c3402, c90dcfdf-5973-4b56-a955-1fc4555f10cb:c3402]
2019-09-19 11:26:36,644 [grpc-default-executor-7] INFO  client.GrpcClientProtocolClient (GrpcClientProtocolClient.java:onNext(264)) - client-D9B31DDCE961->18b22b39-7551-46dd-8464-dd74933c4739: receive RaftClientReply:client-D9B31DDCE961->18b22b39-7551-46dd-8464-dd74933c4739@group-597320EF17B3, cid=2349, SUCCESS, logIndex=3409, commits[18b22b39-7551-46dd-8464-dd74933c4739:c3410, 76d6a15c-8eeb-4764-b555-ce8767d18d57:c3403, c90dcfdf-5973-4b56-a955-1fc4555f10cb:c3406]
2019-09-19 11:26:36,645 [grpc-default-executor-7] INFO  client.GrpcClientProtocolClient (GrpcClientProtocolClient.java:onNext(264)) - client-D9B31DDCE961->18b22b39-7551-46dd-8464-dd74933c4739: receive RaftClientReply:client-D9B31DDCE961->18b22b39-7551-46dd-8464-dd74933c4739@group-597320EF17B3, cid=2350, SUCCESS, logIndex=3410, commits[18b22b39-7551-46dd-8464-dd74933c4739:c3410, 76d6a15c-8eeb-4764-b555-ce8767d18d57:c3403, c90dcfdf-5973-4b56-a955-1fc4555f10cb:c3406]
2019-09-19 11:26:36,646 [grpc-default-executor-7] INFO  client.GrpcClientProtocolClient (GrpcClientProtocolClient.java:onNext(264)) - client-D9B31DDCE961->18b22b39-7551-46dd-8464-dd74933c4739: receive RaftClientReply:client-D9B31DDCE961->18b22b39-7551-46dd-8464-dd74933c4739@group-597320EF17B3, cid=2351, SUCCESS, logIndex=0, commits[18b22b39-7551-46dd-8464-dd74933c4739:c3410, 76d6a15c-8eeb-4764-b555-ce8767d18d57:c3406, c90dcfdf-5973-4b56-a955-1fc4555f10cb:c3406]
2019-09-19 11:26:36,662 [grpc-default-executor-5] INFO  client.GrpcClientProtocolClient (GrpcClientProtocolClient.java:onNext(264)) - client-D9B31DDCE961->18b22b39-7551-46dd-8464-dd74933c4739: receive RaftClientReply:client-D9B31DDCE961->18b22b39-7551-46dd-8464-dd74933c4739@group-597320EF17B3, cid=2352, SUCCESS, logIndex=3413, commits[18b22b39-7551-46dd-8464-dd74933c4739:c3414, 76d6a15c-8eeb-4764-b555-ce8767d18d57:c3412, c90dcfdf-5973-4b56-a955-1fc4555f10cb:c3412]
2019-09-19 11:26:36,663 [grpc-default-executor-5] INFO  client.GrpcClientProtocolClient (GrpcClientProtocolClient.java:onNext(264)) - client-D9B31DDCE961->18b22b39-7551-46dd-8464-dd74933c4739: receive RaftClientReply:client-D9B31DDCE961->18b22b39-7551-46dd-8464-dd74933c4739@group-597320EF17B3, cid=2353, SUCCESS, logIndex=3414, commits[18b22b39-7551-46dd-8464-dd74933c4739:c3414, 76d6a15c-8eeb-4764-b555-ce8767d18d57:c3412, c90dcfdf-5973-4b56-a955-1fc4555f10cb:c3412]
2019-09-19 11:26:36,665 [grpc-default-executor-5] INFO  client.GrpcClientProtocolClient (GrpcClientProtocolClient.java:onNext(264)) - client-D9B31DDCE961->18b22b39-7551-46dd-8464-dd74933c4739: receive RaftClientReply:client-D9B31DDCE961->18b22b39-7551-46dd-8464-dd74933c4739@group-597320EF17B3, cid=2354, SUCCESS, logIndex=0, commits[18b22b39-7551-46dd-8464-dd74933c4739:c3416, 76d6a15c-8eeb-4764-b555-ce8767d18d57:c3414, c90dcfdf-5973-4b56-a955-1fc4555f10cb:c3414]
 0.00% |█                                                                                                    |  0/1 Time: 0:00:402019-09-19 11:26:36,688 [grpc-default-executor-5] INFO  client.GrpcClientProtocolClient (GrpcClientProtocolClient.java:onNext(264)) - client-D9B31DDCE961->18b22b39-7551-46dd-8464-dd74933c4739: receive RaftClientReply:client-D9B31DDCE961->18b22b39-7551-46dd-8464-dd74933c4739@group-597320EF17B3, cid=2355, SUCCESS, logIndex=3417, commits[18b22b39-7551-46dd-8464-dd74933c4739:c3418, 76d6a15c-8eeb-4764-b555-ce8767d18d57:c3416, c90dcfdf-5973-4b56-a955-1fc4555f10cb:c3416]
2019-09-19 11:26:36,688 [grpc-default-executor-5] INFO  client.GrpcClientProtocolClient (GrpcClientProtocolClient.java:onNext(264)) - client-D9B31DDCE961->18b22b39-7551-46dd-8464-dd74933c4739: receive RaftClientReply:client-D9B31DDCE961->18b22b39-7551-46dd-8464-dd74933c4739@group-597320EF17B3, cid=2356, SUCCESS, logIndex=3418, commits[18b22b39-7551-46dd-8464-dd74933c4739:c3420, 76d6a15c-8eeb-4764-b555-ce8767d18d57:c3416, c90dcfdf-5973-4b56-a955-1fc4555f10cb:c3416]
2019-09-19 11:26:36,689 [grpc-default-executor-5] INFO  client.GrpcClientProtocolClient (GrpcClientProtocolClient.java:onNext(264)) - client-D9B31DDCE961->18b22b39-7551-46dd-8464-dd74933c4739: receive RaftClientReply:client-D9B31DDCE961->18b22b39-7551-46dd-8464-dd74933c4739@group-597320EF17B3, cid=2357, SUCCESS, logIndex=3419, commits[18b22b39-7551-46dd-8464-dd74933c4739:c3420, 76d6a15c-8eeb-4764-b555-ce8767d18d57:c3416, c90dcfdf-5973-4b56-a955-1fc4555f10cb:c3416]
2019-09-19 11:26:36,689 [grpc-default-executor-5] INFO  client.GrpcClientProtocolClient (GrpcClientProtocolClient.java:onNext(264)) - client-D9B31DDCE961->18b22b39-7551-46dd-8464-dd74933c4739: receive RaftClientReply:client-D9B31DDCE961->18b22b39-7551-46dd-8464-dd74933c4739@group-597320EF17B3, cid=2358, SUCCESS, logIndex=3420, commits[18b22b39-7551-46dd-8464-dd74933c4739:c3420, 76d6a15c-8eeb-4764-b555-ce8767d18d57:c3416, c90dcfdf-5973-4b56-a955-1fc4555f10cb:c3416]
2019-09-19 11:26:36,690 [grpc-default-executor-5] INFO  client.GrpcClientProtocolClient (GrpcClientProtocolClient.java:onNext(264)) - client-D9B31DDCE961->18b22b39-7551-46dd-8464-dd74933c4739: receive RaftClientReply:client-D9B31DDCE961->18b22b39-7551-46dd-8464-dd74933c4739@group-597320EF17B3, cid=2359, SUCCESS, logIndex=0, commits[18b22b39-7551-46dd-8464-dd74933c4739:c3421, 76d6a15c-8eeb-4764-b555-ce8767d18d57:c3418, c90dcfdf-5973-4b56-a955-1fc4555f10cb:c3418]
2019-09-19 11:26:36,703 [grpc-default-executor-3] INFO  client.GrpcClientProtocolClient (GrpcClientProtocolClient.java:onNext(264)) - client-D9B31DDCE961->18b22b39-7551-46dd-8464-dd74933c4739: receive RaftClientReply:client-D9B31DDCE961->18b22b39-7551-46dd-8464-dd74933c4739@group-597320EF17B3, cid=2360, SUCCESS, logIndex=3424, commits[18b22b39-7551-46dd-8464-dd74933c4739:c3424, 76d6a15c-8eeb-4764-b555-ce8767d18d57:c3423, c90dcfdf-5973-4b56-a955-1fc4555f10cb:c3423]
2019-09-19 11:26:36,704 [grpc-default-executor-3] INFO  client.GrpcClientProtocolClient (GrpcClientProtocolClient.java:onNext(264)) - client-D9B31DDCE961->18b22b39-7551-46dd-8464-dd74933c4739: receive RaftClientReply:client-D9B31DDCE961->18b22b39-7551-46dd-8464-dd74933c4739@group-597320EF17B3, cid=2361, SUCCESS, logIndex=3425, commits[18b22b39-7551-46dd-8464-dd74933c4739:c3425, 76d6a15c-8eeb-4764-b555-ce8767d18d57:c3423, c90dcfdf-5973-4b56-a955-1fc4555f10cb:c3423]
2019-09-19 11:26:36,716 [grpc-default-executor-7] INFO  client.GrpcClientProtocolClient (GrpcClientProtocolClient.java:onNext(264)) - client-D9B31DDCE961->18b22b39-7551-46dd-8464-dd74933c4739: receive RaftClientReply:client-D9B31DDCE961->18b22b39-7551-46dd-8464-dd74933c4739@group-597320EF17B3, cid=2362, SUCCESS, logIndex=3428, commits[18b22b39-7551-46dd-8464-dd74933c4739:c3429, 76d6a15c-8eeb-4764-b555-ce8767d18d57:c3425, c90dcfdf-5973-4b56-a955-1fc4555f10cb:c3425]
2019-09-19 11:26:36,716 [grpc-default-executor-7] INFO  client.GrpcClientProtocolClient (GrpcClientProtocolClient.java:onNext(264)) - client-D9B31DDCE961->18b22b39-7551-46dd-8464-dd74933c4739: receive RaftClientReply:client-D9B31DDCE961->18b22b39-7551-46dd-8464-dd74933c4739@group-597320EF17B3, cid=2363, SUCCESS, logIndex=3429, commits[18b22b39-7551-46dd-8464-dd74933c4739:c3429, 76d6a15c-8eeb-4764-b555-ce8767d18d57:c3425, c90dcfdf-5973-4b56-a955-1fc4555f10cb:c3425]
2019-09-19 11:26:36,726 [grpc-default-executor-7] INFO  client.GrpcClientProtocolClient (GrpcClientProtocolClient.java:onNext(264)) - client-D9B31DDCE961->18b22b39-7551-46dd-8464-dd74933c4739: receive RaftClientReply:client-D9B31DDCE961->18b22b39-7551-46dd-8464-dd74933c4739@group-597320EF17B3, cid=2364, SUCCESS, logIndex=0, commits[18b22b39-7551-46dd-8464-dd74933c4739:c3431, 76d6a15c-8eeb-4764-b555-ce8767d18d57:c3429, c90dcfdf-5973-4b56-a955-1fc4555f10cb:c3429]
2019-09-19 11:26:36,755 [grpc-default-executor-7] INFO  client.GrpcClientProtocolClient (GrpcClientProtocolClient.java:onNext(264)) - client-D9B31DDCE961->18b22b39-7551-46dd-8464-dd74933c4739: receive RaftClientReply:client-D9B31DDCE961->18b22b39-7551-46dd-8464-dd74933c4739@group-597320EF17B3, cid=2365, SUCCESS, logIndex=3432, commits[18b22b39-7551-46dd-8464-dd74933c4739:c3433, 76d6a15c-8eeb-4764-b555-ce8767d18d57:c3431, c90dcfdf-5973-4b56-a955-1fc4555f10cb:c3431]
2019-09-19 11:26:36,755 [grpc-default-executor-7] INFO  client.GrpcClientProtocolClient (GrpcClientProtocolClient.java:onNext(264)) - client-D9B31DDCE961->18b22b39-7551-46dd-8464-dd74933c4739: receive RaftClientReply:client-D9B31DDCE961->18b22b39-7551-46dd-8464-dd74933c4739@group-597320EF17B3, cid=2366, SUCCESS, logIndex=3433, commits[18b22b39-7551-46dd-8464-dd74933c4739:c3435, 76d6a15c-8eeb-4764-b555-ce8767d18d57:c3431, c90dcfdf-5973-4b56-a955-1fc4555f10cb:c3431]
2019-09-19 11:26:36,756 [grpc-default-executor-7] INFO  client.GrpcClientProtocolClient (GrpcClientProtocolClient.java:onNext(264)) - client-D9B31DDCE961->18b22b39-7551-46dd-8464-dd74933c4739: receive RaftClientReply:client-D9B31DDCE961->18b22b39-7551-46dd-8464-dd74933c4739@group-597320EF17B3, cid=2367, SUCCESS, logIndex=3434, commits[18b22b39-7551-46dd-8464-dd74933c4739:c3435, 76d6a15c-8eeb-4764-b555-ce8767d18d57:c3431, c90dcfdf-5973-4b56-a955-1fc4555f10cb:c3431]
2019-09-19 11:26:36,756 [grpc-default-executor-7] INFO  client.GrpcClientProtocolClient (GrpcClientProtocolClient.java:onNext(264)) - client-D9B31DDCE961->18b22b39-7551-46dd-8464-dd74933c4739: receive RaftClientReply:client-D9B31DDCE961->18b22b39-7551-46dd-8464-dd74933c4739@group-597320EF17B3, cid=2368, SUCCESS, logIndex=3435, commits[18b22b39-7551-46dd-8464-dd74933c4739:c3435, 76d6a15c-8eeb-4764-b555-ce8767d18d57:c3431, c90dcfdf-5973-4b56-a955-1fc4555f10cb:c3431]
2019-09-19 11:26:36,757 [grpc-default-executor-7] INFO  client.GrpcClientProtocolClient (GrpcClientProtocolClient.java:onNext(264)) - client-D9B31DDCE961->18b22b39-7551-46dd-8464-dd74933c4739: receive RaftClientReply:client-D9B31DDCE961->18b22b39-7551-46dd-8464-dd74933c4739@group-597320EF17B3, cid=2369, SUCCESS, logIndex=0, commits[18b22b39-7551-46dd-8464-dd74933c4739:c3439, 76d6a15c-8eeb-4764-b555-ce8767d18d57:c3435, c90dcfdf-5973-4b56-a955-1fc4555f10cb:c3433]
2019-09-19 11:26:36,770 [grpc-default-executor-7] INFO  client.GrpcClientProtocolClient (GrpcClientProtocolClient.java:onNext(264)) - client-D9B31DDCE961->18b22b39-7551-46dd-8464-dd74933c4739: receive RaftClientReply:client-D9B31DDCE961->18b22b39-7551-46dd-8464-dd74933c4739@group-597320EF17B3, cid=2370, SUCCESS, logIndex=3440, commits[18b22b39-7551-46dd-8464-dd74933c4739:c3441, 76d6a15c-8eeb-4764-b555-ce8767d18d57:c3439, c90dcfdf-5973-4b56-a955-1fc4555f10cb:c3439]
2019-09-19 11:26:36,770 [grpc-default-executor-7] INFO  client.GrpcClientProtocolClient (GrpcClientProtocolClient.java:onNext(264)) - client-D9B31DDCE961->18b22b39-7551-46dd-8464-dd74933c4739: receive RaftClientReply:client-D9B31DDCE961->18b22b39-7551-46dd-8464-dd74933c4739@group-597320EF17B3, cid=2371, SUCCESS, logIndex=3441, commits[18b22b39-7551-46dd-8464-dd74933c4739:c3441, 76d6a15c-8eeb-4764-b555-ce8767d18d57:c3439, c90dcfdf-5973-4b56-a955-1fc4555f10cb:c3439]
2019-09-19 11:26:36,797 [grpc-default-executor-3] INFO  client.GrpcClientProtocolClient (GrpcClientProtocolClient.java:onNext(264)) - client-D9B31DDCE961->18b22b39-7551-46dd-8464-dd74933c4739: receive RaftClientReply:client-D9B31DDCE961->18b22b39-7551-46dd-8464-dd74933c4739@group-597320EF17B3, cid=2372, SUCCESS, logIndex=3444, commits[18b22b39-7551-46dd-8464-dd74933c4739:c3444, 76d6a15c-8eeb-4764-b555-ce8767d18d57:c3441, c90dcfdf-5973-4b56-a955-1fc4555f10cb:c3441]
2019-09-19 11:26:36,797 [grpc-default-executor-3] INFO  client.GrpcClientProtocolClient (GrpcClientProtocolClient.java:onNext(264)) - client-D9B31DDCE961->18b22b39-7551-46dd-8464-dd74933c4739: receive RaftClientReply:client-D9B31DDCE961->18b22b39-7551-46dd-8464-dd74933c4739@group-597320EF17B3, cid=2373, SUCCESS, logIndex=3445, commits[18b22b39-7551-46dd-8464-dd74933c4739:c3445, 76d6a15c-8eeb-4764-b555-ce8767d18d57:c3441, c90dcfdf-5973-4b56-a955-1fc4555f10cb:c3441]
2019-09-19 11:26:36,800 [grpc-default-executor-7] INFO  client.GrpcClientProtocolClient (GrpcClientProtocolClient.java:onNext(264)) - client-D9B31DDCE961->18b22b39-7551-46dd-8464-dd74933c4739: receive RaftClientReply:client-D9B31DDCE961->18b22b39-7551-46dd-8464-dd74933c4739@group-597320EF17B3, cid=2374, SUCCESS, logIndex=0, commits[18b22b39-7551-46dd-8464-dd74933c4739:c3447, 76d6a15c-8eeb-4764-b555-ce8767d18d57:c3445, c90dcfdf-5973-4b56-a955-1fc4555f10cb:c3445]
2019-09-19 11:26:36,824 [grpc-default-executor-3] INFO  client.GrpcClientProtocolClient (GrpcClientProtocolClient.java:onNext(264)) - client-D9B31DDCE961->18b22b39-7551-46dd-8464-dd74933c4739: receive RaftClientReply:client-D9B31DDCE961->18b22b39-7551-46dd-8464-dd74933c4739@group-597320EF17B3, cid=2375, SUCCESS, logIndex=3448, commits[18b22b39-7551-46dd-8464-dd74933c4739:c3450, 76d6a15c-8eeb-4764-b555-ce8767d18d57:c3447, c90dcfdf-5973-4b56-a955-1fc4555f10cb:c3447]
2019-09-19 11:26:36,824 [grpc-default-executor-3] INFO  client.GrpcClientProtocolClient (GrpcClientProtocolClient.java:onNext(264)) - client-D9B31DDCE961->18b22b39-7551-46dd-8464-dd74933c4739: receive RaftClientReply:client-D9B31DDCE961->18b22b39-7551-46dd-8464-dd74933c4739@group-597320EF17B3, cid=2376, SUCCESS, logIndex=3449, commits[18b22b39-7551-46dd-8464-dd74933c4739:c3450, 76d6a15c-8eeb-4764-b555-ce8767d18d57:c3447, c90dcfdf-5973-4b56-a955-1fc4555f10cb:c3447]
2019-09-19 11:26:36,825 [grpc-default-executor-3] INFO  client.GrpcClientProtocolClient (GrpcClientProtocolClient.java:onNext(264)) - client-D9B31DDCE961->18b22b39-7551-46dd-8464-dd74933c4739: receive RaftClientReply:client-D9B31DDCE961->18b22b39-7551-46dd-8464-dd74933c4739@group-597320EF17B3, cid=2377, SUCCESS, logIndex=3450, commits[18b22b39-7551-46dd-8464-dd74933c4739:c3451, 76d6a15c-8eeb-4764-b555-ce8767d18d57:c3447, c90dcfdf-5973-4b56-a955-1fc4555f10cb:c3447]
2019-09-19 11:26:36,825 [grpc-default-executor-3] INFO  client.GrpcClientProtocolClient (GrpcClientProtocolClient.java:onNext(264)) - client-D9B31DDCE961->18b22b39-7551-46dd-8464-dd74933c4739: receive RaftClientReply:client-D9B31DDCE961->18b22b39-7551-46dd-8464-dd74933c4739@group-597320EF17B3, cid=2378, SUCCESS, logIndex=3451, commits[18b22b39-7551-46dd-8464-dd74933c4739:c3451, 76d6a15c-8eeb-4764-b555-ce8767d18d57:c3447, c90dcfdf-5973-4b56-a955-1fc4555f10cb:c3447]
2019-09-19 11:26:36,836 [grpc-default-executor-3] INFO  client.GrpcClientProtocolClient (GrpcClientProtocolClient.java:onNext(264)) - client-D9B31DDCE961->18b22b39-7551-46dd-8464-dd74933c4739: receive RaftClientReply:client-D9B31DDCE961->18b22b39-7551-46dd-8464-dd74933c4739@group-597320EF17B3, cid=2379, SUCCESS, logIndex=0, commits[18b22b39-7551-46dd-8464-dd74933c4739:c3453, 76d6a15c-8eeb-4764-b555-ce8767d18d57:c3449, c90dcfdf-5973-4b56-a955-1fc4555f10cb:c3449]
2019-09-19 11:26:36,854 [grpc-default-executor-7] INFO  client.GrpcClientProtocolClient (GrpcClientProtocolClient.java:onNext(264)) - client-D9B31DDCE961->18b22b39-7551-46dd-8464-dd74933c4739: receive RaftClientReply:client-D9B31DDCE961->18b22b39-7551-46dd-8464-dd74933c4739@group-597320EF17B3, cid=2380, SUCCESS, logIndex=3456, commits[18b22b39-7551-46dd-8464-dd74933c4739:c3457, 76d6a15c-8eeb-4764-b555-ce8767d18d57:c3455, c90dcfdf-5973-4b56-a955-1fc4555f10cb:c3455]
2019-09-19 11:26:36,855 [grpc-default-executor-7] INFO  client.GrpcClientProtocolClient (GrpcClientProtocolClient.java:onNext(264)) - client-D9B31DDCE961->18b22b39-7551-46dd-8464-dd74933c4739: receive RaftClientReply:client-D9B31DDCE961->18b22b39-7551-46dd-8464-dd74933c4739@group-597320EF17B3, cid=2381, SUCCESS, logIndex=3457, commits[18b22b39-7551-46dd-8464-dd74933c4739:c3457, 76d6a15c-8eeb-4764-b555-ce8767d18d57:c3455, c90dcfdf-5973-4b56-a955-1fc4555f10cb:c3455]
2019-09-19 11:26:36,869 [grpc-default-executor-7] INFO  client.GrpcClientProtocolClient (GrpcClientProtocolClient.java:onNext(264)) - client-D9B31DDCE961->18b22b39-7551-46dd-8464-dd74933c4739: receive RaftClientReply:client-D9B31DDCE961->18b22b39-7551-46dd-8464-dd74933c4739@group-597320EF17B3, cid=2382, SUCCESS, logIndex=3460, commits[18b22b39-7551-46dd-8464-dd74933c4739:c3460, 76d6a15c-8eeb-4764-b555-ce8767d18d57:c3457, c90dcfdf-5973-4b56-a955-1fc4555f10cb:c3457]
2019-09-19 11:26:36,869 [grpc-default-executor-7] INFO  client.GrpcClientProtocolClient (GrpcClientProtocolClient.java:onNext(264)) - client-D9B31DDCE961->18b22b39-7551-46dd-8464-dd74933c4739: receive RaftClientReply:client-D9B31DDCE961->18b22b39-7551-46dd-8464-dd74933c4739@group-597320EF17B3, cid=2383, SUCCESS, logIndex=3461, commits[18b22b39-7551-46dd-8464-dd74933c4739:c3461, 76d6a15c-8eeb-4764-b555-ce8767d18d57:c3457, c90dcfdf-5973-4b56-a955-1fc4555f10cb:c3457]
2019-09-19 11:26:36,881 [grpc-default-executor-7] INFO  client.GrpcClientProtocolClient (GrpcClientProtocolClient.java:onNext(264)) - client-D9B31DDCE961->18b22b39-7551-46dd-8464-dd74933c4739: receive RaftClientReply:client-D9B31DDCE961->18b22b39-7551-46dd-8464-dd74933c4739@group-597320EF17B3, cid=2384, SUCCESS, logIndex=0, commits[18b22b39-7551-46dd-8464-dd74933c4739:c3463, 76d6a15c-8eeb-4764-b555-ce8767d18d57:c3461, c90dcfdf-5973-4b56-a955-1fc4555f10cb:c3461]
2019-09-19 11:26:36,908 [grpc-default-executor-5] INFO  client.GrpcClientProtocolClient (GrpcClientProtocolClient.java:onNext(264)) - client-D9B31DDCE961->18b22b39-7551-46dd-8464-dd74933c4739: receive RaftClientReply:client-D9B31DDCE961->18b22b39-7551-46dd-8464-dd74933c4739@group-597320EF17B3, cid=2385, SUCCESS, logIndex=3464, commits[18b22b39-7551-46dd-8464-dd74933c4739:c3465, 76d6a15c-8eeb-4764-b555-ce8767d18d57:c3463, c90dcfdf-5973-4b56-a955-1fc4555f10cb:c3463]
2019-09-19 11:26:36,908 [grpc-default-executor-5] INFO  client.GrpcClientProtocolClient (GrpcClientProtocolClient.java:onNext(264)) - client-D9B31DDCE961->18b22b39-7551-46dd-8464-dd74933c4739: receive RaftClientReply:client-D9B31DDCE961->18b22b39-7551-46dd-8464-dd74933c4739@group-597320EF17B3, cid=2386, SUCCESS, logIndex=3465, commits[18b22b39-7551-46dd-8464-dd74933c4739:c3466, 76d6a15c-8eeb-4764-b555-ce8767d18d57:c3463, c90dcfdf-5973-4b56-a955-1fc4555f10cb:c3463]
2019-09-19 11:26:36,908 [grpc-default-executor-5] INFO  client.GrpcClientProtocolClient (GrpcClientProtocolClient.java:onNext(264)) - client-D9B31DDCE961->18b22b39-7551-46dd-8464-dd74933c4739: receive RaftClientReply:client-D9B31DDCE961->18b22b39-7551-46dd-8464-dd74933c4739@group-597320EF17B3, cid=2387, SUCCESS, logIndex=3466, commits[18b22b39-7551-46dd-8464-dd74933c4739:c3467, 76d6a15c-8eeb-4764-b555-ce8767d18d57:c3463, c90dcfdf-5973-4b56-a955-1fc4555f10cb:c3463]
2019-09-19 11:26:36,909 [grpc-default-executor-5] INFO  client.GrpcClientProtocolClient (GrpcClientProtocolClient.java:onNext(264)) - client-D9B31DDCE961->18b22b39-7551-46dd-8464-dd74933c4739: receive RaftClientReply:client-D9B31DDCE961->18b22b39-7551-46dd-8464-dd74933c4739@group-597320EF17B3, cid=2388, SUCCESS, logIndex=3467, commits[18b22b39-7551-46dd-8464-dd74933c4739:c3467, 76d6a15c-8eeb-4764-b555-ce8767d18d57:c3463, c90dcfdf-5973-4b56-a955-1fc4555f10cb:c3463]
2019-09-19 11:26:36,921 [grpc-default-executor-5] INFO  client.GrpcClientProtocolClient (GrpcClientProtocolClient.java:onNext(264)) - client-D9B31DDCE961->18b22b39-7551-46dd-8464-dd74933c4739: receive RaftClientReply:client-D9B31DDCE961->18b22b39-7551-46dd-8464-dd74933c4739@group-597320EF17B3, cid=2389, SUCCESS, logIndex=0, commits[18b22b39-7551-46dd-8464-dd74933c4739:c3470, 76d6a15c-8eeb-4764-b555-ce8767d18d57:c3466, c90dcfdf-5973-4b56-a955-1fc4555f10cb:c3465]
2019-09-19 11:26:36,940 [grpc-default-executor-5] INFO  client.GrpcClientProtocolClient (GrpcClientProtocolClient.java:onNext(264)) - client-D9B31DDCE961->18b22b39-7551-46dd-8464-dd74933c4739: receive RaftClientReply:client-D9B31DDCE961->18b22b39-7551-46dd-8464-dd74933c4739@group-597320EF17B3, cid=2390, SUCCESS, logIndex=3472, commits[18b22b39-7551-46dd-8464-dd74933c4739:c3473, 76d6a15c-8eeb-4764-b555-ce8767d18d57:c3471, c90dcfdf-5973-4b56-a955-1fc4555f10cb:c3471]
2019-09-19 11:26:36,941 [grpc-default-executor-5] INFO  client.GrpcClientProtocolClient (GrpcClientProtocolClient.java:onNext(264)) - client-D9B31DDCE961->18b22b39-7551-46dd-8464-dd74933c4739: receive RaftClientReply:client-D9B31DDCE961->18b22b39-7551-46dd-8464-dd74933c4739@group-597320EF17B3, cid=2391, SUCCESS, logIndex=3473, commits[18b22b39-7551-46dd-8464-dd74933c4739:c3473, 76d6a15c-8eeb-4764-b555-ce8767d18d57:c3471, c90dcfdf-5973-4b56-a955-1fc4555f10cb:c3471]
2019-09-19 11:26:36,953 [grpc-default-executor-5] INFO  client.GrpcClientProtocolClient (GrpcClientProtocolClient.java:onNext(264)) - client-D9B31DDCE961->18b22b39-7551-46dd-8464-dd74933c4739: receive RaftClientReply:client-D9B31DDCE961->18b22b39-7551-46dd-8464-dd74933c4739@group-597320EF17B3, cid=2392, SUCCESS, logIndex=3476, commits[18b22b39-7551-46dd-8464-dd74933c4739:c3476, 76d6a15c-8eeb-4764-b555-ce8767d18d57:c3473, c90dcfdf-5973-4b56-a955-1fc4555f10cb:c3473]
2019-09-19 11:26:36,953 [grpc-default-executor-5] INFO  client.GrpcClientProtocolClient (GrpcClientProtocolClient.java:onNext(264)) - client-D9B31DDCE961->18b22b39-7551-46dd-8464-dd74933c4739: receive RaftClientReply:client-D9B31DDCE961->18b22b39-7551-46dd-8464-dd74933c4739@group-597320EF17B3, cid=2393, SUCCESS, logIndex=3477, commits[18b22b39-7551-46dd-8464-dd74933c4739:c3477, 76d6a15c-8eeb-4764-b555-ce8767d18d57:c3473, c90dcfdf-5973-4b56-a955-1fc4555f10cb:c3473]
2019-09-19 11:26:36,966 [grpc-default-executor-5] INFO  client.GrpcClientProtocolClient (GrpcClientProtocolClient.java:onNext(264)) - client-D9B31DDCE961->18b22b39-7551-46dd-8464-dd74933c4739: receive RaftClientReply:client-D9B31DDCE961->18b22b39-7551-46dd-8464-dd74933c4739@group-597320EF17B3, cid=2394, SUCCESS, logIndex=0, commits[18b22b39-7551-46dd-8464-dd74933c4739:c3479, 76d6a15c-8eeb-4764-b555-ce8767d18d57:c3477, c90dcfdf-5973-4b56-a955-1fc4555f10cb:c3477]
2019-09-19 11:26:37,159 [grpc-default-executor-7] INFO  client.GrpcClientProtocolClient (GrpcClientProtocolClient.java:onNext(264)) - client-D9B31DDCE961->18b22b39-7551-46dd-8464-dd74933c4739: receive RaftClientReply:client-D9B31DDCE961->18b22b39-7551-46dd-8464-dd74933c4739@group-597320EF17B3, cid=2395, SUCCESS, logIndex=3480, commits[18b22b39-7551-46dd-8464-dd74933c4739:c3481, 76d6a15c-8eeb-4764-b555-ce8767d18d57:c3479, c90dcfdf-5973-4b56-a955-1fc4555f10cb:c3479]
2019-09-19 11:26:37,160 [grpc-default-executor-7] INFO  client.GrpcClientProtocolClient (GrpcClientProtocolClient.java:onNext(264)) - client-D9B31DDCE961->18b22b39-7551-46dd-8464-dd74933c4739: receive RaftClientReply:client-D9B31DDCE961->18b22b39-7551-46dd-8464-dd74933c4739@group-597320EF17B3, cid=2396, SUCCESS, logIndex=3481, commits[18b22b39-7551-46dd-8464-dd74933c4739:c3481, 76d6a15c-8eeb-4764-b555-ce8767d18d57:c3479, c90dcfdf-5973-4b56-a955-1fc4555f10cb:c3479]
2019-09-19 11:26:37,161 [grpc-default-executor-7] INFO  client.GrpcClientProtocolClient (GrpcClientProtocolClient.java:onNext(264)) - client-D9B31DDCE961->18b22b39-7551-46dd-8464-dd74933c4739: receive RaftClientReply:client-D9B31DDCE961->18b22b39-7551-46dd-8464-dd74933c4739@group-597320EF17B3, cid=2397, SUCCESS, logIndex=3482, commits[18b22b39-7551-46dd-8464-dd74933c4739:c3483, 76d6a15c-8eeb-4764-b555-ce8767d18d57:c3479, c90dcfdf-5973-4b56-a955-1fc4555f10cb:c3479]
2019-09-19 11:26:37,161 [grpc-default-executor-7] INFO  client.GrpcClientProtocolClient (GrpcClientProtocolClient.java:onNext(264)) - client-D9B31DDCE961->18b22b39-7551-46dd-8464-dd74933c4739: receive RaftClientReply:client-D9B31DDCE961->18b22b39-7551-46dd-8464-dd74933c4739@group-597320EF17B3, cid=2398, SUCCESS, logIndex=3483, commits[18b22b39-7551-46dd-8464-dd74933c4739:c3483, 76d6a15c-8eeb-4764-b555-ce8767d18d57:c3479, c90dcfdf-5973-4b56-a955-1fc4555f10cb:c3479]
2019-09-19 11:26:37,163 [grpc-default-executor-5] INFO  client.GrpcClientProtocolClient (GrpcClientProtocolClient.java:onNext(264)) - client-D9B31DDCE961->18b22b39-7551-46dd-8464-dd74933c4739: receive RaftClientReply:client-D9B31DDCE961->18b22b39-7551-46dd-8464-dd74933c4739@group-597320EF17B3, cid=2399, SUCCESS, logIndex=0, commits[18b22b39-7551-46dd-8464-dd74933c4739:c3486, 76d6a15c-8eeb-4764-b555-ce8767d18d57:c3483, c90dcfdf-5973-4b56-a955-1fc4555f10cb:c3482]
2019-09-19 11:26:37,185 [grpc-default-executor-5] INFO  client.GrpcClientProtocolClient (GrpcClientProtocolClient.java:onNext(264)) - client-D9B31DDCE961->18b22b39-7551-46dd-8464-dd74933c4739: receive RaftClientReply:client-D9B31DDCE961->18b22b39-7551-46dd-8464-dd74933c4739@group-597320EF17B3, cid=2400, SUCCESS, logIndex=3488, commits[18b22b39-7551-46dd-8464-dd74933c4739:c3488, 76d6a15c-8eeb-4764-b555-ce8767d18d57:c3487, c90dcfdf-5973-4b56-a955-1fc4555f10cb:c3487]
2019-09-19 11:26:37,185 [grpc-default-executor-5] INFO  client.GrpcClientProtocolClient (GrpcClientProtocolClient.java:onNext(264)) - client-D9B31DDCE961->18b22b39-7551-46dd-8464-dd74933c4739: receive RaftClientReply:client-D9B31DDCE961->18b22b39-7551-46dd-8464-dd74933c4739@group-597320EF17B3, cid=2401, SUCCESS, logIndex=3489, commits[18b22b39-7551-46dd-8464-dd74933c4739:c3489, 76d6a15c-8eeb-4764-b555-ce8767d18d57:c3487, c90dcfdf-5973-4b56-a955-1fc4555f10cb:c3487]
2019-09-19 11:26:37,212 [grpc-default-executor-1] INFO  client.GrpcClientProtocolClient (GrpcClientProtocolClient.java:onNext(264)) - client-D9B31DDCE961->18b22b39-7551-46dd-8464-dd74933c4739: receive RaftClientReply:client-D9B31DDCE961->18b22b39-7551-46dd-8464-dd74933c4739@group-597320EF17B3, cid=2402, SUCCESS, logIndex=3492, commits[18b22b39-7551-46dd-8464-dd74933c4739:c3493, 76d6a15c-8eeb-4764-b555-ce8767d18d57:c3489, c90dcfdf-5973-4b56-a955-1fc4555f10cb:c3488]
2019-09-19 11:26:37,212 [grpc-default-executor-1] INFO  client.GrpcClientProtocolClient (GrpcClientProtocolClient.java:onNext(264)) - client-D9B31DDCE961->18b22b39-7551-46dd-8464-dd74933c4739: receive RaftClientReply:client-D9B31DDCE961->18b22b39-7551-46dd-8464-dd74933c4739@group-597320EF17B3, cid=2403, SUCCESS, logIndex=3493, commits[18b22b39-7551-46dd-8464-dd74933c4739:c3493, 76d6a15c-8eeb-4764-b555-ce8767d18d57:c3489, c90dcfdf-5973-4b56-a955-1fc4555f10cb:c3489]
2019-09-19 11:26:37,224 [grpc-default-executor-1] INFO  client.GrpcClientProtocolClient (GrpcClientProtocolClient.java:onNext(264)) - client-D9B31DDCE961->18b22b39-7551-46dd-8464-dd74933c4739: receive RaftClientReply:client-D9B31DDCE961->18b22b39-7551-46dd-8464-dd74933c4739@group-597320EF17B3, cid=2404, SUCCESS, logIndex=0, commits[18b22b39-7551-46dd-8464-dd74933c4739:c3494, 76d6a15c-8eeb-4764-b555-ce8767d18d57:c3493, c90dcfdf-5973-4b56-a955-1fc4555f10cb:c3493]
2019-09-19 11:26:37,248 [grpc-default-executor-3] INFO  client.GrpcClientProtocolClient (GrpcClientProtocolClient.java:onNext(264)) - client-D9B31DDCE961->18b22b39-7551-46dd-8464-dd74933c4739: receive RaftClientReply:client-D9B31DDCE961->18b22b39-7551-46dd-8464-dd74933c4739@group-597320EF17B3, cid=2405, SUCCESS, logIndex=3496, commits[18b22b39-7551-46dd-8464-dd74933c4739:c3497, 76d6a15c-8eeb-4764-b555-ce8767d18d57:c3495, c90dcfdf-5973-4b56-a955-1fc4555f10cb:c3495]
2019-09-19 11:26:37,248 [grpc-default-executor-3] INFO  client.GrpcClientProtocolClient (GrpcClientProtocolClient.java:onNext(264)) - client-D9B31DDCE961->18b22b39-7551-46dd-8464-dd74933c4739: receive RaftClientReply:client-D9B31DDCE961->18b22b39-7551-46dd-8464-dd74933c4739@group-597320EF17B3, cid=2406, SUCCESS, logIndex=3497, commits[18b22b39-7551-46dd-8464-dd74933c4739:c3498, 76d6a15c-8eeb-4764-b555-ce8767d18d57:c3495, c90dcfdf-5973-4b56-a955-1fc4555f10cb:c3495]
2019-09-19 11:26:37,248 [grpc-default-executor-3] INFO  client.GrpcClientProtocolClient (GrpcClientProtocolClient.java:onNext(264)) - client-D9B31DDCE961->18b22b39-7551-46dd-8464-dd74933c4739: receive RaftClientReply:client-D9B31DDCE961->18b22b39-7551-46dd-8464-dd74933c4739@group-597320EF17B3, cid=2407, SUCCESS, logIndex=3498, commits[18b22b39-7551-46dd-8464-dd74933c4739:c3499, 76d6a15c-8eeb-4764-b555-ce8767d18d57:c3495, c90dcfdf-5973-4b56-a955-1fc4555f10cb:c3495]
2019-09-19 11:26:37,249 [grpc-default-executor-3] INFO  client.GrpcClientProtocolClient (GrpcClientProtocolClient.java:onNext(264)) - client-D9B31DDCE961->18b22b39-7551-46dd-8464-dd74933c4739: receive RaftClientReply:client-D9B31DDCE961->18b22b39-7551-46dd-8464-dd74933c4739@group-597320EF17B3, cid=2408, SUCCESS, logIndex=3499, commits[18b22b39-7551-46dd-8464-dd74933c4739:c3499, 76d6a15c-8eeb-4764-b555-ce8767d18d57:c3495, c90dcfdf-5973-4b56-a955-1fc4555f10cb:c3495]
2019-09-19 11:26:37,250 [grpc-default-executor-3] INFO  client.GrpcClientProtocolClient (GrpcClientProtocolClient.java:onNext(264)) - client-D9B31DDCE961->18b22b39-7551-46dd-8464-dd74933c4739: receive RaftClientReply:client-D9B31DDCE961->18b22b39-7551-46dd-8464-dd74933c4739@group-597320EF17B3, cid=2409, SUCCESS, logIndex=0, commits[18b22b39-7551-46dd-8464-dd74933c4739:c3502, 76d6a15c-8eeb-4764-b555-ce8767d18d57:c3498, c90dcfdf-5973-4b56-a955-1fc4555f10cb:c3497]
2019-09-19 11:26:37,270 [grpc-default-executor-1] INFO  client.GrpcClientProtocolClient (GrpcClientProtocolClient.java:onNext(264)) - client-D9B31DDCE961->18b22b39-7551-46dd-8464-dd74933c4739: receive RaftClientReply:client-D9B31DDCE961->18b22b39-7551-46dd-8464-dd74933c4739@group-597320EF17B3, cid=2410, SUCCESS, logIndex=3504, commits[18b22b39-7551-46dd-8464-dd74933c4739:c3505, 76d6a15c-8eeb-4764-b555-ce8767d18d57:c3503, c90dcfdf-5973-4b56-a955-1fc4555f10cb:c3503]
2019-09-19 11:26:37,270 [grpc-default-executor-1] INFO  client.GrpcClientProtocolClient (GrpcClientProtocolClient.java:onNext(264)) - client-D9B31DDCE961->18b22b39-7551-46dd-8464-dd74933c4739: receive RaftClientReply:client-D9B31DDCE961->18b22b39-7551-46dd-8464-dd74933c4739@group-597320EF17B3, cid=2411, SUCCESS, logIndex=3505, commits[18b22b39-7551-46dd-8464-dd74933c4739:c3505, 76d6a15c-8eeb-4764-b555-ce8767d18d57:c3503, c90dcfdf-5973-4b56-a955-1fc4555f10cb:c3503]
2019-09-19 11:26:37,285 [grpc-default-executor-3] INFO  client.GrpcClientProtocolClient (GrpcClientProtocolClient.java:onNext(264)) - client-D9B31DDCE961->18b22b39-7551-46dd-8464-dd74933c4739: receive RaftClientReply:client-D9B31DDCE961->18b22b39-7551-46dd-8464-dd74933c4739@group-597320EF17B3, cid=2412, SUCCESS, logIndex=3508, commits[18b22b39-7551-46dd-8464-dd74933c4739:c3509, 76d6a15c-8eeb-4764-b555-ce8767d18d57:c3505, c90dcfdf-5973-4b56-a955-1fc4555f10cb:c3505]
2019-09-19 11:26:37,285 [grpc-default-executor-3] INFO  client.GrpcClientProtocolClient (GrpcClientProtocolClient.java:onNext(264)) - client-D9B31DDCE961->18b22b39-7551-46dd-8464-dd74933c4739: receive RaftClientReply:client-D9B31DDCE961->18b22b39-7551-46dd-8464-dd74933c4739@group-597320EF17B3, cid=2413, SUCCESS, logIndex=3509, commits[18b22b39-7551-46dd-8464-dd74933c4739:c3509, 76d6a15c-8eeb-4764-b555-ce8767d18d57:c3505, c90dcfdf-5973-4b56-a955-1fc4555f10cb:c3505]
2019-09-19 11:26:37,311 [grpc-default-executor-3] INFO  client.GrpcClientProtocolClient (GrpcClientProtocolClient.java:onNext(264)) - client-D9B31DDCE961->18b22b39-7551-46dd-8464-dd74933c4739: receive RaftClientReply:client-D9B31DDCE961->18b22b39-7551-46dd-8464-dd74933c4739@group-597320EF17B3, cid=2414, SUCCESS, logIndex=0, commits[18b22b39-7551-46dd-8464-dd74933c4739:c3509, 76d6a15c-8eeb-4764-b555-ce8767d18d57:c3509, c90dcfdf-5973-4b56-a955-1fc4555f10cb:c3509]
2019-09-19 11:26:37,350 [grpc-default-executor-3] INFO  client.GrpcClientProtocolClient (GrpcClientProtocolClient.java:onNext(264)) - client-D9B31DDCE961->18b22b39-7551-46dd-8464-dd74933c4739: receive RaftClientReply:client-D9B31DDCE961->18b22b39-7551-46dd-8464-dd74933c4739@group-597320EF17B3, cid=2415, SUCCESS, logIndex=3512, commits[18b22b39-7551-46dd-8464-dd74933c4739:c3513, 76d6a15c-8eeb-4764-b555-ce8767d18d57:c3511, c90dcfdf-5973-4b56-a955-1fc4555f10cb:c3511]
2019-09-19 11:26:37,351 [grpc-default-executor-5] INFO  client.GrpcClientProtocolClient (GrpcClientProtocolClient.java:onNext(264)) - client-D9B31DDCE961->18b22b39-7551-46dd-8464-dd74933c4739: receive RaftClientReply:client-D9B31DDCE961->18b22b39-7551-46dd-8464-dd74933c4739@group-597320EF17B3, cid=2416, SUCCESS, logIndex=3513, commits[18b22b39-7551-46dd-8464-dd74933c4739:c3513, 76d6a15c-8eeb-4764-b555-ce8767d18d57:c3511, c90dcfdf-5973-4b56-a955-1fc4555f10cb:c3511]
2019-09-19 11:26:37,352 [grpc-default-executor-5] INFO  client.GrpcClientProtocolClient (GrpcClientProtocolClient.java:onNext(264)) - client-D9B31DDCE961->18b22b39-7551-46dd-8464-dd74933c4739: receive RaftClientReply:client-D9B31DDCE961->18b22b39-7551-46dd-8464-dd74933c4739@group-597320EF17B3, cid=2417, SUCCESS, logIndex=3514, commits[18b22b39-7551-46dd-8464-dd74933c4739:c3515, 76d6a15c-8eeb-4764-b555-ce8767d18d57:c3511, c90dcfdf-5973-4b56-a955-1fc4555f10cb:c3511]
2019-09-19 11:26:37,352 [grpc-default-executor-5] INFO  client.GrpcClientProtocolClient (GrpcClientProtocolClient.java:onNext(264)) - client-D9B31DDCE961->18b22b39-7551-46dd-8464-dd74933c4739: receive RaftClientReply:client-D9B31DDCE961->18b22b39-7551-46dd-8464-dd74933c4739@group-597320EF17B3, cid=2418, SUCCESS, logIndex=3515, commits[18b22b39-7551-46dd-8464-dd74933c4739:c3515, 76d6a15c-8eeb-4764-b555-ce8767d18d57:c3511, c90dcfdf-5973-4b56-a955-1fc4555f10cb:c3511]
2019-09-19 11:26:37,354 [grpc-default-executor-5] INFO  client.GrpcClientProtocolClient (GrpcClientProtocolClient.java:onNext(264)) - client-D9B31DDCE961->18b22b39-7551-46dd-8464-dd74933c4739: receive RaftClientReply:client-D9B31DDCE961->18b22b39-7551-46dd-8464-dd74933c4739@group-597320EF17B3, cid=2419, SUCCESS, logIndex=0, commits[18b22b39-7551-46dd-8464-dd74933c4739:c3517, 76d6a15c-8eeb-4764-b555-ce8767d18d57:c3513, c90dcfdf-5973-4b56-a955-1fc4555f10cb:c3513]
2019-09-19 11:26:37,390 [grpc-default-executor-3] INFO  client.GrpcClientProtocolClient (GrpcClientProtocolClient.java:onNext(264)) - client-D9B31DDCE961->18b22b39-7551-46dd-8464-dd74933c4739: receive RaftClientReply:client-D9B31DDCE961->18b22b39-7551-46dd-8464-dd74933c4739@group-597320EF17B3, cid=2420, SUCCESS, logIndex=3520, commits[18b22b39-7551-46dd-8464-dd74933c4739:c3521, 76d6a15c-8eeb-4764-b555-ce8767d18d57:c3519, c90dcfdf-5973-4b56-a955-1fc4555f10cb:c3515]
2019-09-19 11:26:37,391 [grpc-default-executor-3] INFO  client.GrpcClientProtocolClient (GrpcClientProtocolClient.java:onNext(264)) - client-D9B31DDCE961->18b22b39-7551-46dd-8464-dd74933c4739: receive RaftClientReply:client-D9B31DDCE961->18b22b39-7551-46dd-8464-dd74933c4739@group-597320EF17B3, cid=2421, SUCCESS, logIndex=3521, commits[18b22b39-7551-46dd-8464-dd74933c4739:c3521, 76d6a15c-8eeb-4764-b555-ce8767d18d57:c3519, c90dcfdf-5973-4b56-a955-1fc4555f10cb:c3519]
2019-09-19 11:26:37,403 [grpc-default-executor-5] INFO  client.GrpcClientProtocolClient (GrpcClientProtocolClient.java:onNext(264)) - client-D9B31DDCE961->18b22b39-7551-46dd-8464-dd74933c4739: receive RaftClientReply:client-D9B31DDCE961->18b22b39-7551-46dd-8464-dd74933c4739@group-597320EF17B3, cid=2422, SUCCESS, logIndex=3524, commits[18b22b39-7551-46dd-8464-dd74933c4739:c3525, 76d6a15c-8eeb-4764-b555-ce8767d18d57:c3521, c90dcfdf-5973-4b56-a955-1fc4555f10cb:c3520]
2019-09-19 11:26:37,403 [grpc-default-executor-5] INFO  client.GrpcClientProtocolClient (GrpcClientProtocolClient.java:onNext(264)) - client-D9B31DDCE961->18b22b39-7551-46dd-8464-dd74933c4739: receive RaftClientReply:client-D9B31DDCE961->18b22b39-7551-46dd-8464-dd74933c4739@group-597320EF17B3, cid=2423, SUCCESS, logIndex=3525, commits[18b22b39-7551-46dd-8464-dd74933c4739:c3525, 76d6a15c-8eeb-4764-b555-ce8767d18d57:c3521, c90dcfdf-5973-4b56-a955-1fc4555f10cb:c3521]
2019-09-19 11:26:37,409 [grpc-default-executor-5] INFO  client.GrpcClientProtocolClient (GrpcClientProtocolClient.java:onNext(264)) - client-D9B31DDCE961->18b22b39-7551-46dd-8464-dd74933c4739: receive RaftClientReply:client-D9B31DDCE961->18b22b39-7551-46dd-8464-dd74933c4739@group-597320EF17B3, cid=2424, SUCCESS, logIndex=0, commits[18b22b39-7551-46dd-8464-dd74933c4739:c3527, 76d6a15c-8eeb-4764-b555-ce8767d18d57:c3525, c90dcfdf-5973-4b56-a955-1fc4555f10cb:c3525]
2019-09-19 11:26:37,434 [grpc-default-executor-1] INFO  client.GrpcClientProtocolClient (GrpcClientProtocolClient.java:onNext(264)) - client-D9B31DDCE961->18b22b39-7551-46dd-8464-dd74933c4739: receive RaftClientReply:client-D9B31DDCE961->18b22b39-7551-46dd-8464-dd74933c4739@group-597320EF17B3, cid=2425, SUCCESS, logIndex=3528, commits[18b22b39-7551-46dd-8464-dd74933c4739:c3528, 76d6a15c-8eeb-4764-b555-ce8767d18d57:c3525, c90dcfdf-5973-4b56-a955-1fc4555f10cb:c3527]
2019-09-19 11:26:37,434 [grpc-default-executor-1] INFO  client.GrpcClientProtocolClient (GrpcClientProtocolClient.java:onNext(264)) - client-D9B31DDCE961->18b22b39-7551-46dd-8464-dd74933c4739: receive RaftClientReply:client-D9B31DDCE961->18b22b39-7551-46dd-8464-dd74933c4739@group-597320EF17B3, cid=2426, SUCCESS, logIndex=3529, commits[18b22b39-7551-46dd-8464-dd74933c4739:c3530, 76d6a15c-8eeb-4764-b555-ce8767d18d57:c3527, c90dcfdf-5973-4b56-a955-1fc4555f10cb:c3527]
2019-09-19 11:26:37,435 [grpc-default-executor-7] INFO  client.GrpcClientProtocolClient (GrpcClientProtocolClient.java:onNext(264)) - client-D9B31DDCE961->18b22b39-7551-46dd-8464-dd74933c4739: receive RaftClientReply:client-D9B31DDCE961->18b22b39-7551-46dd-8464-dd74933c4739@group-597320EF17B3, cid=2427, SUCCESS, logIndex=3530, commits[18b22b39-7551-46dd-8464-dd74933c4739:c3531, 76d6a15c-8eeb-4764-b555-ce8767d18d57:c3527, c90dcfdf-5973-4b56-a955-1fc4555f10cb:c3527]
2019-09-19 11:26:37,435 [grpc-default-executor-7] INFO  client.GrpcClientProtocolClient (GrpcClientProtocolClient.java:onNext(264)) - client-D9B31DDCE961->18b22b39-7551-46dd-8464-dd74933c4739: receive RaftClientReply:client-D9B31DDCE961->18b22b39-7551-46dd-8464-dd74933c4739@group-597320EF17B3, cid=2428, SUCCESS, logIndex=3531, commits[18b22b39-7551-46dd-8464-dd74933c4739:c3531, 76d6a15c-8eeb-4764-b555-ce8767d18d57:c3527, c90dcfdf-5973-4b56-a955-1fc4555f10cb:c3527]
2019-09-19 11:26:37,437 [grpc-default-executor-1] INFO  client.GrpcClientProtocolClient (GrpcClientProtocolClient.java:onNext(264)) - client-D9B31DDCE961->18b22b39-7551-46dd-8464-dd74933c4739: receive RaftClientReply:client-D9B31DDCE961->18b22b39-7551-46dd-8464-dd74933c4739@group-597320EF17B3, cid=2429, SUCCESS, logIndex=0, commits[18b22b39-7551-46dd-8464-dd74933c4739:c3534, 76d6a15c-8eeb-4764-b555-ce8767d18d57:c3529, c90dcfdf-5973-4b56-a955-1fc4555f10cb:c3530]
2019-09-19 11:26:37,464 [grpc-default-executor-3] INFO  client.GrpcClientProtocolClient (GrpcClientProtocolClient.java:onNext(264)) - client-D9B31DDCE961->18b22b39-7551-46dd-8464-dd74933c4739: receive RaftClientReply:client-D9B31DDCE961->18b22b39-7551-46dd-8464-dd74933c4739@group-597320EF17B3, cid=2430, SUCCESS, logIndex=3536, commits[18b22b39-7551-46dd-8464-dd74933c4739:c3537, 76d6a15c-8eeb-4764-b555-ce8767d18d57:c3535, c90dcfdf-5973-4b56-a955-1fc4555f10cb:c3535]
2019-09-19 11:26:37,464 [grpc-default-executor-3] INFO  client.GrpcClientProtocolClient (GrpcClientProtocolClient.java:onNext(264)) - client-D9B31DDCE961->18b22b39-7551-46dd-8464-dd74933c4739: receive RaftClientReply:client-D9B31DDCE961->18b22b39-7551-46dd-8464-dd74933c4739@group-597320EF17B3, cid=2431, SUCCESS, logIndex=3537, commits[18b22b39-7551-46dd-8464-dd74933c4739:c3537, 76d6a15c-8eeb-4764-b555-ce8767d18d57:c3535, c90dcfdf-5973-4b56-a955-1fc4555f10cb:c3535]
2019-09-19 11:26:37,479 [grpc-default-executor-5] INFO  client.GrpcClientProtocolClient (GrpcClientProtocolClient.java:onNext(264)) - client-D9B31DDCE961->18b22b39-7551-46dd-8464-dd74933c4739: receive RaftClientReply:client-D9B31DDCE961->18b22b39-7551-46dd-8464-dd74933c4739@group-597320EF17B3, cid=2432, SUCCESS, logIndex=3540, commits[18b22b39-7551-46dd-8464-dd74933c4739:c3541, 76d6a15c-8eeb-4764-b555-ce8767d18d57:c3537, c90dcfdf-5973-4b56-a955-1fc4555f10cb:c3537]
2019-09-19 11:26:37,479 [grpc-default-executor-5] INFO  client.GrpcClientProtocolClient (GrpcClientProtocolClient.java:onNext(264)) - client-D9B31DDCE961->18b22b39-7551-46dd-8464-dd74933c4739: receive RaftClientReply:client-D9B31DDCE961->18b22b39-7551-46dd-8464-dd74933c4739@group-597320EF17B3, cid=2433, SUCCESS, logIndex=3541, commits[18b22b39-7551-46dd-8464-dd74933c4739:c3541, 76d6a15c-8eeb-4764-b555-ce8767d18d57:c3537, c90dcfdf-5973-4b56-a955-1fc4555f10cb:c3537]
2019-09-19 11:26:37,489 [grpc-default-executor-5] INFO  client.GrpcClientProtocolClient (GrpcClientProtocolClient.java:onNext(264)) - client-D9B31DDCE961->18b22b39-7551-46dd-8464-dd74933c4739: receive RaftClientReply:client-D9B31DDCE961->18b22b39-7551-46dd-8464-dd74933c4739@group-597320EF17B3, cid=2434, SUCCESS, logIndex=0, commits[18b22b39-7551-46dd-8464-dd74933c4739:c3542, 76d6a15c-8eeb-4764-b555-ce8767d18d57:c3541, c90dcfdf-5973-4b56-a955-1fc4555f10cb:c3541]
2019-09-19 11:26:37,520 [grpc-default-executor-3] INFO  client.GrpcClientProtocolClient (GrpcClientProtocolClient.java:onNext(264)) - client-D9B31DDCE961->18b22b39-7551-46dd-8464-dd74933c4739: receive RaftClientReply:client-D9B31DDCE961->18b22b39-7551-46dd-8464-dd74933c4739@group-597320EF17B3, cid=2435, SUCCESS, logIndex=3544, commits[18b22b39-7551-46dd-8464-dd74933c4739:c3546, 76d6a15c-8eeb-4764-b555-ce8767d18d57:c3543, c90dcfdf-5973-4b56-a955-1fc4555f10cb:c3543]
2019-09-19 11:26:37,520 [grpc-default-executor-3] INFO  client.GrpcClientProtocolClient (GrpcClientProtocolClient.java:onNext(264)) - client-D9B31DDCE961->18b22b39-7551-46dd-8464-dd74933c4739: receive RaftClientReply:client-D9B31DDCE961->18b22b39-7551-46dd-8464-dd74933c4739@group-597320EF17B3, cid=2436, SUCCESS, logIndex=3545, commits[18b22b39-7551-46dd-8464-dd74933c4739:c3547, 76d6a15c-8eeb-4764-b555-ce8767d18d57:c3543, c90dcfdf-5973-4b56-a955-1fc4555f10cb:c3543]
2019-09-19 11:26:37,521 [grpc-default-executor-3] INFO  client.GrpcClientProtocolClient (GrpcClientProtocolClient.java:onNext(264)) - client-D9B31DDCE961->18b22b39-7551-46dd-8464-dd74933c4739: receive RaftClientReply:client-D9B31DDCE961->18b22b39-7551-46dd-8464-dd74933c4739@group-597320EF17B3, cid=2437, SUCCESS, logIndex=3546, commits[18b22b39-7551-46dd-8464-dd74933c4739:c3547, 76d6a15c-8eeb-4764-b555-ce8767d18d57:c3543, c90dcfdf-5973-4b56-a955-1fc4555f10cb:c3543]
2019-09-19 11:26:37,521 [grpc-default-executor-3] INFO  client.GrpcClientProtocolClient (GrpcClientProtocolClient.java:onNext(264)) - client-D9B31DDCE961->18b22b39-7551-46dd-8464-dd74933c4739: receive RaftClientReply:client-D9B31DDCE961->18b22b39-7551-46dd-8464-dd74933c4739@group-597320EF17B3, cid=2438, SUCCESS, logIndex=3547, commits[18b22b39-7551-46dd-8464-dd74933c4739:c3547, 76d6a15c-8eeb-4764-b555-ce8767d18d57:c3543, c90dcfdf-5973-4b56-a955-1fc4555f10cb:c3543]
2019-09-19 11:26:37,521 [grpc-default-executor-5] INFO  client.GrpcClientProtocolClient (GrpcClientProtocolClient.java:onNext(264)) - client-D9B31DDCE961->18b22b39-7551-46dd-8464-dd74933c4739: receive RaftClientReply:client-D9B31DDCE961->18b22b39-7551-46dd-8464-dd74933c4739@group-597320EF17B3, cid=2439, SUCCESS, logIndex=0, commits[18b22b39-7551-46dd-8464-dd74933c4739:c3548, 76d6a15c-8eeb-4764-b555-ce8767d18d57:c3545, c90dcfdf-5973-4b56-a955-1fc4555f10cb:c3545]
2019-09-19 11:26:37,534 [grpc-default-executor-7] INFO  client.GrpcClientProtocolClient (GrpcClientProtocolClient.java:onNext(264)) - client-D9B31DDCE961->18b22b39-7551-46dd-8464-dd74933c4739: receive RaftClientReply:client-D9B31DDCE961->18b22b39-7551-46dd-8464-dd74933c4739@group-597320EF17B3, cid=2440, SUCCESS, logIndex=3552, commits[18b22b39-7551-46dd-8464-dd74933c4739:c3553, 76d6a15c-8eeb-4764-b555-ce8767d18d57:c3551, c90dcfdf-5973-4b56-a955-1fc4555f10cb:c3551]
2019-09-19 11:26:37,534 [grpc-default-executor-7] INFO  client.GrpcClientProtocolClient (GrpcClientProtocolClient.java:onNext(264)) - client-D9B31DDCE961->18b22b39-7551-46dd-8464-dd74933c4739: receive RaftClientReply:client-D9B31DDCE961->18b22b39-7551-46dd-8464-dd74933c4739@group-597320EF17B3, cid=2441, SUCCESS, logIndex=3553, commits[18b22b39-7551-46dd-8464-dd74933c4739:c3553, 76d6a15c-8eeb-4764-b555-ce8767d18d57:c3551, c90dcfdf-5973-4b56-a955-1fc4555f10cb:c3551]
2019-09-19 11:26:37,549 [grpc-default-executor-7] INFO  client.GrpcClientProtocolClient (GrpcClientProtocolClient.java:onNext(264)) - client-D9B31DDCE961->18b22b39-7551-46dd-8464-dd74933c4739: receive RaftClientReply:client-D9B31DDCE961->18b22b39-7551-46dd-8464-dd74933c4739@group-597320EF17B3, cid=2442, SUCCESS, logIndex=3556, commits[18b22b39-7551-46dd-8464-dd74933c4739:c3556, 76d6a15c-8eeb-4764-b555-ce8767d18d57:c3553, c90dcfdf-5973-4b56-a955-1fc4555f10cb:c3553]
2019-09-19 11:26:37,550 [grpc-default-executor-7] INFO  client.GrpcClientProtocolClient (GrpcClientProtocolClient.java:onNext(264)) - client-D9B31DDCE961->18b22b39-7551-46dd-8464-dd74933c4739: receive RaftClientReply:client-D9B31DDCE961->18b22b39-7551-46dd-8464-dd74933c4739@group-597320EF17B3, cid=2443, SUCCESS, logIndex=3557, commits[18b22b39-7551-46dd-8464-dd74933c4739:c3557, 76d6a15c-8eeb-4764-b555-ce8767d18d57:c3553, c90dcfdf-5973-4b56-a955-1fc4555f10cb:c3553]
2019-09-19 11:26:37,571 [grpc-default-executor-7] INFO  client.GrpcClientProtocolClient (GrpcClientProtocolClient.java:onNext(264)) - client-D9B31DDCE961->18b22b39-7551-46dd-8464-dd74933c4739: receive RaftClientReply:client-D9B31DDCE961->18b22b39-7551-46dd-8464-dd74933c4739@group-597320EF17B3, cid=2444, SUCCESS, logIndex=0, commits[18b22b39-7551-46dd-8464-dd74933c4739:c3559, 76d6a15c-8eeb-4764-b555-ce8767d18d57:c3557, c90dcfdf-5973-4b56-a955-1fc4555f10cb:c3557]
2019-09-19 11:26:37,597 [grpc-default-executor-7] INFO  client.GrpcClientProtocolClient (GrpcClientProtocolClient.java:onNext(264)) - client-D9B31DDCE961->18b22b39-7551-46dd-8464-dd74933c4739: receive RaftClientReply:client-D9B31DDCE961->18b22b39-7551-46dd-8464-dd74933c4739@group-597320EF17B3, cid=2445, SUCCESS, logIndex=3560, commits[18b22b39-7551-46dd-8464-dd74933c4739:c3561, 76d6a15c-8eeb-4764-b555-ce8767d18d57:c3559, c90dcfdf-5973-4b56-a955-1fc4555f10cb:c3559]
2019-09-19 11:26:37,598 [grpc-default-executor-7] INFO  client.GrpcClientProtocolClient (GrpcClientProtocolClient.java:onNext(264)) - client-D9B31DDCE961->18b22b39-7551-46dd-8464-dd74933c4739: receive RaftClientReply:client-D9B31DDCE961->18b22b39-7551-46dd-8464-dd74933c4739@group-597320EF17B3, cid=2446, SUCCESS, logIndex=3561, commits[18b22b39-7551-46dd-8464-dd74933c4739:c3561, 76d6a15c-8eeb-4764-b555-ce8767d18d57:c3559, c90dcfdf-5973-4b56-a955-1fc4555f10cb:c3559]
2019-09-19 11:26:37,598 [grpc-default-executor-7] INFO  client.GrpcClientProtocolClient (GrpcClientProtocolClient.java:onNext(264)) - client-D9B31DDCE961->18b22b39-7551-46dd-8464-dd74933c4739: receive RaftClientReply:client-D9B31DDCE961->18b22b39-7551-46dd-8464-dd74933c4739@group-597320EF17B3, cid=2447, SUCCESS, logIndex=3562, commits[18b22b39-7551-46dd-8464-dd74933c4739:c3562, 76d6a15c-8eeb-4764-b555-ce8767d18d57:c3559, c90dcfdf-5973-4b56-a955-1fc4555f10cb:c3559]
2019-09-19 11:26:37,598 [grpc-default-executor-7] INFO  client.GrpcClientProtocolClient (GrpcClientProtocolClient.java:onNext(264)) - client-D9B31DDCE961->18b22b39-7551-46dd-8464-dd74933c4739: receive RaftClientReply:client-D9B31DDCE961->18b22b39-7551-46dd-8464-dd74933c4739@group-597320EF17B3, cid=2448, SUCCESS, logIndex=3563, commits[18b22b39-7551-46dd-8464-dd74933c4739:c3563, 76d6a15c-8eeb-4764-b555-ce8767d18d57:c3559, c90dcfdf-5973-4b56-a955-1fc4555f10cb:c3559]
2019-09-19 11:26:37,612 [grpc-default-executor-3] INFO  client.GrpcClientProtocolClient (GrpcClientProtocolClient.java:onNext(264)) - client-D9B31DDCE961->18b22b39-7551-46dd-8464-dd74933c4739: receive RaftClientReply:client-D9B31DDCE961->18b22b39-7551-46dd-8464-dd74933c4739@group-597320EF17B3, cid=2449, SUCCESS, logIndex=0, commits[18b22b39-7551-46dd-8464-dd74933c4739:c3565, 76d6a15c-8eeb-4764-b555-ce8767d18d57:c3561, c90dcfdf-5973-4b56-a955-1fc4555f10cb:c3561]
2019-09-19 11:26:37,627 [grpc-default-executor-5] INFO  client.GrpcClientProtocolClient (GrpcClientProtocolClient.java:onNext(264)) - client-D9B31DDCE961->18b22b39-7551-46dd-8464-dd74933c4739: receive RaftClientReply:client-D9B31DDCE961->18b22b39-7551-46dd-8464-dd74933c4739@group-597320EF17B3, cid=2450, SUCCESS, logIndex=3568, commits[18b22b39-7551-46dd-8464-dd74933c4739:c3568, 76d6a15c-8eeb-4764-b555-ce8767d18d57:c3567, c90dcfdf-5973-4b56-a955-1fc4555f10cb:c3567]
2019-09-19 11:26:37,627 [grpc-default-executor-5] INFO  client.GrpcClientProtocolClient (GrpcClientProtocolClient.java:onNext(264)) - client-D9B31DDCE961->18b22b39-7551-46dd-8464-dd74933c4739: receive RaftClientReply:client-D9B31DDCE961->18b22b39-7551-46dd-8464-dd74933c4739@group-597320EF17B3, cid=2451, SUCCESS, logIndex=3569, commits[18b22b39-7551-46dd-8464-dd74933c4739:c3569, 76d6a15c-8eeb-4764-b555-ce8767d18d57:c3567, c90dcfdf-5973-4b56-a955-1fc4555f10cb:c3567]
2019-09-19 11:26:37,648 [grpc-default-executor-5] INFO  client.GrpcClientProtocolClient (GrpcClientProtocolClient.java:onNext(264)) - client-D9B31DDCE961->18b22b39-7551-46dd-8464-dd74933c4739: receive RaftClientReply:client-D9B31DDCE961->18b22b39-7551-46dd-8464-dd74933c4739@group-597320EF17B3, cid=2452, SUCCESS, logIndex=3572, commits[18b22b39-7551-46dd-8464-dd74933c4739:c3573, 76d6a15c-8eeb-4764-b555-ce8767d18d57:c3569, c90dcfdf-5973-4b56-a955-1fc4555f10cb:c3569]
2019-09-19 11:26:37,649 [grpc-default-executor-5] INFO  client.GrpcClientProtocolClient (GrpcClientProtocolClient.java:onNext(264)) - client-D9B31DDCE961->18b22b39-7551-46dd-8464-dd74933c4739: receive RaftClientReply:client-D9B31DDCE961->18b22b39-7551-46dd-8464-dd74933c4739@group-597320EF17B3, cid=2453, SUCCESS, logIndex=3573, commits[18b22b39-7551-46dd-8464-dd74933c4739:c3573, 76d6a15c-8eeb-4764-b555-ce8767d18d57:c3569, c90dcfdf-5973-4b56-a955-1fc4555f10cb:c3569]
2019-09-19 11:26:37,661 [grpc-default-executor-5] INFO  client.GrpcClientProtocolClient (GrpcClientProtocolClient.java:onNext(264)) - client-D9B31DDCE961->18b22b39-7551-46dd-8464-dd74933c4739: receive RaftClientReply:client-D9B31DDCE961->18b22b39-7551-46dd-8464-dd74933c4739@group-597320EF17B3, cid=2454, SUCCESS, logIndex=0, commits[18b22b39-7551-46dd-8464-dd74933c4739:c3574, 76d6a15c-8eeb-4764-b555-ce8767d18d57:c3573, c90dcfdf-5973-4b56-a955-1fc4555f10cb:c3573]
 0.00% |█                                                                                                    |  0/1 Time: 0:00:412019-09-19 11:26:37,692 [grpc-default-executor-1] INFO  client.GrpcClientProtocolClient (GrpcClientProtocolClient.java:onNext(264)) - client-D9B31DDCE961->18b22b39-7551-46dd-8464-dd74933c4739: receive RaftClientReply:client-D9B31DDCE961->18b22b39-7551-46dd-8464-dd74933c4739@group-597320EF17B3, cid=2455, SUCCESS, logIndex=3576, commits[18b22b39-7551-46dd-8464-dd74933c4739:c3577, 76d6a15c-8eeb-4764-b555-ce8767d18d57:c3575, c90dcfdf-5973-4b56-a955-1fc4555f10cb:c3575]
2019-09-19 11:26:37,693 [grpc-default-executor-1] INFO  client.GrpcClientProtocolClient (GrpcClientProtocolClient.java:onNext(264)) - client-D9B31DDCE961->18b22b39-7551-46dd-8464-dd74933c4739: receive RaftClientReply:client-D9B31DDCE961->18b22b39-7551-46dd-8464-dd74933c4739@group-597320EF17B3, cid=2456, SUCCESS, logIndex=3577, commits[18b22b39-7551-46dd-8464-dd74933c4739:c3579, 76d6a15c-8eeb-4764-b555-ce8767d18d57:c3575, c90dcfdf-5973-4b56-a955-1fc4555f10cb:c3575]
2019-09-19 11:26:37,693 [grpc-default-executor-1] INFO  client.GrpcClientProtocolClient (GrpcClientProtocolClient.java:onNext(264)) - client-D9B31DDCE961->18b22b39-7551-46dd-8464-dd74933c4739: receive RaftClientReply:client-D9B31DDCE961->18b22b39-7551-46dd-8464-dd74933c4739@group-597320EF17B3, cid=2457, SUCCESS, logIndex=3578, commits[18b22b39-7551-46dd-8464-dd74933c4739:c3579, 76d6a15c-8eeb-4764-b555-ce8767d18d57:c3575, c90dcfdf-5973-4b56-a955-1fc4555f10cb:c3575]
2019-09-19 11:26:37,694 [grpc-default-executor-1] INFO  client.GrpcClientProtocolClient (GrpcClientProtocolClient.java:onNext(264)) - client-D9B31DDCE961->18b22b39-7551-46dd-8464-dd74933c4739: receive RaftClientReply:client-D9B31DDCE961->18b22b39-7551-46dd-8464-dd74933c4739@group-597320EF17B3, cid=2458, SUCCESS, logIndex=3579, commits[18b22b39-7551-46dd-8464-dd74933c4739:c3579, 76d6a15c-8eeb-4764-b555-ce8767d18d57:c3575, c90dcfdf-5973-4b56-a955-1fc4555f10cb:c3575]
2019-09-19 11:26:37,694 [grpc-default-executor-1] INFO  client.GrpcClientProtocolClient (GrpcClientProtocolClient.java:onNext(264)) - client-D9B31DDCE961->18b22b39-7551-46dd-8464-dd74933c4739: receive RaftClientReply:client-D9B31DDCE961->18b22b39-7551-46dd-8464-dd74933c4739@group-597320EF17B3, cid=2459, SUCCESS, logIndex=0, commits[18b22b39-7551-46dd-8464-dd74933c4739:c3581, 76d6a15c-8eeb-4764-b555-ce8767d18d57:c3579, c90dcfdf-5973-4b56-a955-1fc4555f10cb:c3577]
2019-09-19 11:26:37,708 [grpc-default-executor-5] INFO  client.GrpcClientProtocolClient (GrpcClientProtocolClient.java:onNext(264)) - client-D9B31DDCE961->18b22b39-7551-46dd-8464-dd74933c4739: receive RaftClientReply:client-D9B31DDCE961->18b22b39-7551-46dd-8464-dd74933c4739@group-597320EF17B3, cid=2460, SUCCESS, logIndex=3583, commits[18b22b39-7551-46dd-8464-dd74933c4739:c3583, 76d6a15c-8eeb-4764-b555-ce8767d18d57:c3579, c90dcfdf-5973-4b56-a955-1fc4555f10cb:c3582]
2019-09-19 11:26:37,709 [grpc-default-executor-5] INFO  client.GrpcClientProtocolClient (GrpcClientProtocolClient.java:onNext(264)) - client-D9B31DDCE961->18b22b39-7551-46dd-8464-dd74933c4739: receive RaftClientReply:client-D9B31DDCE961->18b22b39-7551-46dd-8464-dd74933c4739@group-597320EF17B3, cid=2461, SUCCESS, logIndex=3584, commits[18b22b39-7551-46dd-8464-dd74933c4739:c3584, 76d6a15c-8eeb-4764-b555-ce8767d18d57:c3582, c90dcfdf-5973-4b56-a955-1fc4555f10cb:c3582]
2019-09-19 11:26:37,725 [grpc-default-executor-5] INFO  client.GrpcClientProtocolClient (GrpcClientProtocolClient.java:onNext(264)) - client-D9B31DDCE961->18b22b39-7551-46dd-8464-dd74933c4739: receive RaftClientReply:client-D9B31DDCE961->18b22b39-7551-46dd-8464-dd74933c4739@group-597320EF17B3, cid=2462, SUCCESS, logIndex=3587, commits[18b22b39-7551-46dd-8464-dd74933c4739:c3588, 76d6a15c-8eeb-4764-b555-ce8767d18d57:c3585, c90dcfdf-5973-4b56-a955-1fc4555f10cb:c3585]
2019-09-19 11:26:37,726 [grpc-default-executor-5] INFO  client.GrpcClientProtocolClient (GrpcClientProtocolClient.java:onNext(264)) - client-D9B31DDCE961->18b22b39-7551-46dd-8464-dd74933c4739: receive RaftClientReply:client-D9B31DDCE961->18b22b39-7551-46dd-8464-dd74933c4739@group-597320EF17B3, cid=2463, SUCCESS, logIndex=3588, commits[18b22b39-7551-46dd-8464-dd74933c4739:c3588, 76d6a15c-8eeb-4764-b555-ce8767d18d57:c3585, c90dcfdf-5973-4b56-a955-1fc4555f10cb:c3585]
2019-09-19 11:26:37,737 [grpc-default-executor-5] INFO  client.GrpcClientProtocolClient (GrpcClientProtocolClient.java:onNext(264)) - client-D9B31DDCE961->18b22b39-7551-46dd-8464-dd74933c4739: receive RaftClientReply:client-D9B31DDCE961->18b22b39-7551-46dd-8464-dd74933c4739@group-597320EF17B3, cid=2464, SUCCESS, logIndex=0, commits[18b22b39-7551-46dd-8464-dd74933c4739:c3589, 76d6a15c-8eeb-4764-b555-ce8767d18d57:c3588, c90dcfdf-5973-4b56-a955-1fc4555f10cb:c3588]
2019-09-19 11:26:37,764 [grpc-default-executor-5] INFO  client.GrpcClientProtocolClient (GrpcClientProtocolClient.java:onNext(264)) - client-D9B31DDCE961->18b22b39-7551-46dd-8464-dd74933c4739: receive RaftClientReply:client-D9B31DDCE961->18b22b39-7551-46dd-8464-dd74933c4739@group-597320EF17B3, cid=2465, SUCCESS, logIndex=3591, commits[18b22b39-7551-46dd-8464-dd74933c4739:c3593, 76d6a15c-8eeb-4764-b555-ce8767d18d57:c3590, c90dcfdf-5973-4b56-a955-1fc4555f10cb:c3590]
2019-09-19 11:26:37,765 [grpc-default-executor-5] INFO  client.GrpcClientProtocolClient (GrpcClientProtocolClient.java:onNext(264)) - client-D9B31DDCE961->18b22b39-7551-46dd-8464-dd74933c4739: receive RaftClientReply:client-D9B31DDCE961->18b22b39-7551-46dd-8464-dd74933c4739@group-597320EF17B3, cid=2466, SUCCESS, logIndex=3592, commits[18b22b39-7551-46dd-8464-dd74933c4739:c3594, 76d6a15c-8eeb-4764-b555-ce8767d18d57:c3590, c90dcfdf-5973-4b56-a955-1fc4555f10cb:c3590]
2019-09-19 11:26:37,765 [grpc-default-executor-5] INFO  client.GrpcClientProtocolClient (GrpcClientProtocolClient.java:onNext(264)) - client-D9B31DDCE961->18b22b39-7551-46dd-8464-dd74933c4739: receive RaftClientReply:client-D9B31DDCE961->18b22b39-7551-46dd-8464-dd74933c4739@group-597320EF17B3, cid=2467, SUCCESS, logIndex=3593, commits[18b22b39-7551-46dd-8464-dd74933c4739:c3594, 76d6a15c-8eeb-4764-b555-ce8767d18d57:c3590, c90dcfdf-5973-4b56-a955-1fc4555f10cb:c3590]
2019-09-19 11:26:37,766 [grpc-default-executor-5] INFO  client.GrpcClientProtocolClient (GrpcClientProtocolClient.java:onNext(264)) - client-D9B31DDCE961->18b22b39-7551-46dd-8464-dd74933c4739: receive RaftClientReply:client-D9B31DDCE961->18b22b39-7551-46dd-8464-dd74933c4739@group-597320EF17B3, cid=2468, SUCCESS, logIndex=3594, commits[18b22b39-7551-46dd-8464-dd74933c4739:c3594, 76d6a15c-8eeb-4764-b555-ce8767d18d57:c3590, c90dcfdf-5973-4b56-a955-1fc4555f10cb:c3590]
2019-09-19 11:26:37,770 [grpc-default-executor-3] INFO  client.GrpcClientProtocolClient (GrpcClientProtocolClient.java:onNext(264)) - client-D9B31DDCE961->18b22b39-7551-46dd-8464-dd74933c4739: receive RaftClientReply:client-D9B31DDCE961->18b22b39-7551-46dd-8464-dd74933c4739@group-597320EF17B3, cid=2469, SUCCESS, logIndex=0, commits[18b22b39-7551-46dd-8464-dd74933c4739:c3596, 76d6a15c-8eeb-4764-b555-ce8767d18d57:c3592, c90dcfdf-5973-4b56-a955-1fc4555f10cb:c3592]
2019-09-19 11:26:37,780 [grpc-default-executor-5] INFO  client.GrpcClientProtocolClient (GrpcClientProtocolClient.java:onNext(264)) - client-D9B31DDCE961->18b22b39-7551-46dd-8464-dd74933c4739: receive RaftClientReply:client-D9B31DDCE961->18b22b39-7551-46dd-8464-dd74933c4739@group-597320EF17B3, cid=2470, SUCCESS, logIndex=3599, commits[18b22b39-7551-46dd-8464-dd74933c4739:c3600, 76d6a15c-8eeb-4764-b555-ce8767d18d57:c3594, c90dcfdf-5973-4b56-a955-1fc4555f10cb:c3598]
2019-09-19 11:26:37,780 [grpc-default-executor-5] INFO  client.GrpcClientProtocolClient (GrpcClientProtocolClient.java:onNext(264)) - client-D9B31DDCE961->18b22b39-7551-46dd-8464-dd74933c4739: receive RaftClientReply:client-D9B31DDCE961->18b22b39-7551-46dd-8464-dd74933c4739@group-597320EF17B3, cid=2471, SUCCESS, logIndex=3600, commits[18b22b39-7551-46dd-8464-dd74933c4739:c3600, 76d6a15c-8eeb-4764-b555-ce8767d18d57:c3598, c90dcfdf-5973-4b56-a955-1fc4555f10cb:c3598]
2019-09-19 11:26:37,791 [grpc-default-executor-5] INFO  client.GrpcClientProtocolClient (GrpcClientProtocolClient.java:onNext(264)) - client-D9B31DDCE961->18b22b39-7551-46dd-8464-dd74933c4739: receive RaftClientReply:client-D9B31DDCE961->18b22b39-7551-46dd-8464-dd74933c4739@group-597320EF17B3, cid=2472, SUCCESS, logIndex=3603, commits[18b22b39-7551-46dd-8464-dd74933c4739:c3604, 76d6a15c-8eeb-4764-b555-ce8767d18d57:c3602, c90dcfdf-5973-4b56-a955-1fc4555f10cb:c3602]
2019-09-19 11:26:37,791 [grpc-default-executor-5] INFO  client.GrpcClientProtocolClient (GrpcClientProtocolClient.java:onNext(264)) - client-D9B31DDCE961->18b22b39-7551-46dd-8464-dd74933c4739: receive RaftClientReply:client-D9B31DDCE961->18b22b39-7551-46dd-8464-dd74933c4739@group-597320EF17B3, cid=2473, SUCCESS, logIndex=3604, commits[18b22b39-7551-46dd-8464-dd74933c4739:c3604, 76d6a15c-8eeb-4764-b555-ce8767d18d57:c3602, c90dcfdf-5973-4b56-a955-1fc4555f10cb:c3602]
2019-09-19 11:26:37,795 [grpc-default-executor-1] INFO  client.GrpcClientProtocolClient (GrpcClientProtocolClient.java:onNext(264)) - client-D9B31DDCE961->18b22b39-7551-46dd-8464-dd74933c4739: receive RaftClientReply:client-D9B31DDCE961->18b22b39-7551-46dd-8464-dd74933c4739@group-597320EF17B3, cid=2474, SUCCESS, logIndex=0, commits[18b22b39-7551-46dd-8464-dd74933c4739:c3606, 76d6a15c-8eeb-4764-b555-ce8767d18d57:c3604, c90dcfdf-5973-4b56-a955-1fc4555f10cb:c3604]
2019-09-19 11:26:37,814 [grpc-default-executor-5] INFO  client.GrpcClientProtocolClient (GrpcClientProtocolClient.java:onNext(264)) - client-D9B31DDCE961->18b22b39-7551-46dd-8464-dd74933c4739: receive RaftClientReply:client-D9B31DDCE961->18b22b39-7551-46dd-8464-dd74933c4739@group-597320EF17B3, cid=2475, SUCCESS, logIndex=3607, commits[18b22b39-7551-46dd-8464-dd74933c4739:c3609, 76d6a15c-8eeb-4764-b555-ce8767d18d57:c3606, c90dcfdf-5973-4b56-a955-1fc4555f10cb:c3606]
2019-09-19 11:26:37,816 [grpc-default-executor-5] INFO  client.GrpcClientProtocolClient (GrpcClientProtocolClient.java:onNext(264)) - client-D9B31DDCE961->18b22b39-7551-46dd-8464-dd74933c4739: receive RaftClientReply:client-D9B31DDCE961->18b22b39-7551-46dd-8464-dd74933c4739@group-597320EF17B3, cid=2476, SUCCESS, logIndex=3608, commits[18b22b39-7551-46dd-8464-dd74933c4739:c3610, 76d6a15c-8eeb-4764-b555-ce8767d18d57:c3606, c90dcfdf-5973-4b56-a955-1fc4555f10cb:c3606]
2019-09-19 11:26:37,816 [grpc-default-executor-5] INFO  client.GrpcClientProtocolClient (GrpcClientProtocolClient.java:onNext(264)) - client-D9B31DDCE961->18b22b39-7551-46dd-8464-dd74933c4739: receive RaftClientReply:client-D9B31DDCE961->18b22b39-7551-46dd-8464-dd74933c4739@group-597320EF17B3, cid=2477, SUCCESS, logIndex=3609, commits[18b22b39-7551-46dd-8464-dd74933c4739:c3610, 76d6a15c-8eeb-4764-b555-ce8767d18d57:c3606, c90dcfdf-5973-4b56-a955-1fc4555f10cb:c3606]
2019-09-19 11:26:37,816 [grpc-default-executor-5] INFO  client.GrpcClientProtocolClient (GrpcClientProtocolClient.java:onNext(264)) - client-D9B31DDCE961->18b22b39-7551-46dd-8464-dd74933c4739: receive RaftClientReply:client-D9B31DDCE961->18b22b39-7551-46dd-8464-dd74933c4739@group-597320EF17B3, cid=2478, SUCCESS, logIndex=3610, commits[18b22b39-7551-46dd-8464-dd74933c4739:c3610, 76d6a15c-8eeb-4764-b555-ce8767d18d57:c3606, c90dcfdf-5973-4b56-a955-1fc4555f10cb:c3608]
2019-09-19 11:26:37,817 [grpc-default-executor-5] INFO  client.GrpcClientProtocolClient (GrpcClientProtocolClient.java:onNext(264)) - client-D9B31DDCE961->18b22b39-7551-46dd-8464-dd74933c4739: receive RaftClientReply:client-D9B31DDCE961->18b22b39-7551-46dd-8464-dd74933c4739@group-597320EF17B3, cid=2479, SUCCESS, logIndex=0, commits[18b22b39-7551-46dd-8464-dd74933c4739:c3611, 76d6a15c-8eeb-4764-b555-ce8767d18d57:c3608, c90dcfdf-5973-4b56-a955-1fc4555f10cb:c3608]
2019-09-19 11:26:37,826 [grpc-default-executor-3] INFO  client.GrpcClientProtocolClient (GrpcClientProtocolClient.java:onNext(264)) - client-D9B31DDCE961->18b22b39-7551-46dd-8464-dd74933c4739: receive RaftClientReply:client-D9B31DDCE961->18b22b39-7551-46dd-8464-dd74933c4739@group-597320EF17B3, cid=2480, SUCCESS, logIndex=3615, commits[18b22b39-7551-46dd-8464-dd74933c4739:c3616, 76d6a15c-8eeb-4764-b555-ce8767d18d57:c3614, c90dcfdf-5973-4b56-a955-1fc4555f10cb:c3610]
2019-09-19 11:26:37,826 [grpc-default-executor-3] INFO  client.GrpcClientProtocolClient (GrpcClientProtocolClient.java:onNext(264)) - client-D9B31DDCE961->18b22b39-7551-46dd-8464-dd74933c4739: receive RaftClientReply:client-D9B31DDCE961->18b22b39-7551-46dd-8464-dd74933c4739@group-597320EF17B3, cid=2481, SUCCESS, logIndex=3616, commits[18b22b39-7551-46dd-8464-dd74933c4739:c3616, 76d6a15c-8eeb-4764-b555-ce8767d18d57:c3614, c90dcfdf-5973-4b56-a955-1fc4555f10cb:c3610]
2019-09-19 11:26:37,835 [grpc-default-executor-3] INFO  client.GrpcClientProtocolClient (GrpcClientProtocolClient.java:onNext(264)) - client-D9B31DDCE961->18b22b39-7551-46dd-8464-dd74933c4739: receive RaftClientReply:client-D9B31DDCE961->18b22b39-7551-46dd-8464-dd74933c4739@group-597320EF17B3, cid=2482, SUCCESS, logIndex=3619, commits[18b22b39-7551-46dd-8464-dd74933c4739:c3620, 76d6a15c-8eeb-4764-b555-ce8767d18d57:c3618, c90dcfdf-5973-4b56-a955-1fc4555f10cb:c3616]
2019-09-19 11:26:37,835 [grpc-default-executor-3] INFO  client.GrpcClientProtocolClient (GrpcClientProtocolClient.java:onNext(264)) - client-D9B31DDCE961->18b22b39-7551-46dd-8464-dd74933c4739: receive RaftClientReply:client-D9B31DDCE961->18b22b39-7551-46dd-8464-dd74933c4739@group-597320EF17B3, cid=2483, SUCCESS, logIndex=3620, commits[18b22b39-7551-46dd-8464-dd74933c4739:c3620, 76d6a15c-8eeb-4764-b555-ce8767d18d57:c3618, c90dcfdf-5973-4b56-a955-1fc4555f10cb:c3618]
2019-09-19 11:26:37,837 [grpc-default-executor-5] INFO  client.GrpcClientProtocolClient (GrpcClientProtocolClient.java:onNext(264)) - client-D9B31DDCE961->18b22b39-7551-46dd-8464-dd74933c4739: receive RaftClientReply:client-D9B31DDCE961->18b22b39-7551-46dd-8464-dd74933c4739@group-597320EF17B3, cid=2484, SUCCESS, logIndex=0, commits[18b22b39-7551-46dd-8464-dd74933c4739:c3620, 76d6a15c-8eeb-4764-b555-ce8767d18d57:c3620, c90dcfdf-5973-4b56-a955-1fc4555f10cb:c3620]
2019-09-19 11:26:37,988 [grpc-default-executor-5] INFO  client.GrpcClientProtocolClient (GrpcClientProtocolClient.java:onNext(264)) - client-D9B31DDCE961->18b22b39-7551-46dd-8464-dd74933c4739: receive RaftClientReply:client-D9B31DDCE961->18b22b39-7551-46dd-8464-dd74933c4739@group-597320EF17B3, cid=2485, SUCCESS, logIndex=3623, commits[18b22b39-7551-46dd-8464-dd74933c4739:c3624, 76d6a15c-8eeb-4764-b555-ce8767d18d57:c3622, c90dcfdf-5973-4b56-a955-1fc4555f10cb:c3622]
2019-09-19 11:26:37,989 [grpc-default-executor-5] INFO  client.GrpcClientProtocolClient (GrpcClientProtocolClient.java:onNext(264)) - client-D9B31DDCE961->18b22b39-7551-46dd-8464-dd74933c4739: receive RaftClientReply:client-D9B31DDCE961->18b22b39-7551-46dd-8464-dd74933c4739@group-597320EF17B3, cid=2486, SUCCESS, logIndex=3624, commits[18b22b39-7551-46dd-8464-dd74933c4739:c3626, 76d6a15c-8eeb-4764-b555-ce8767d18d57:c3622, c90dcfdf-5973-4b56-a955-1fc4555f10cb:c3622]
2019-09-19 11:26:37,989 [grpc-default-executor-5] INFO  client.GrpcClientProtocolClient (GrpcClientProtocolClient.java:onNext(264)) - client-D9B31DDCE961->18b22b39-7551-46dd-8464-dd74933c4739: receive RaftClientReply:client-D9B31DDCE961->18b22b39-7551-46dd-8464-dd74933c4739@group-597320EF17B3, cid=2487, SUCCESS, logIndex=3625, commits[18b22b39-7551-46dd-8464-dd74933c4739:c3626, 76d6a15c-8eeb-4764-b555-ce8767d18d57:c3622, c90dcfdf-5973-4b56-a955-1fc4555f10cb:c3622]
2019-09-19 11:26:37,990 [grpc-default-executor-5] INFO  client.GrpcClientProtocolClient (GrpcClientProtocolClient.java:onNext(264)) - client-D9B31DDCE961->18b22b39-7551-46dd-8464-dd74933c4739: receive RaftClientReply:client-D9B31DDCE961->18b22b39-7551-46dd-8464-dd74933c4739@group-597320EF17B3, cid=2488, SUCCESS, logIndex=3626, commits[18b22b39-7551-46dd-8464-dd74933c4739:c3626, 76d6a15c-8eeb-4764-b555-ce8767d18d57:c3622, c90dcfdf-5973-4b56-a955-1fc4555f10cb:c3622]
2019-09-19 11:26:37,991 [grpc-default-executor-5] INFO  client.GrpcClientProtocolClient (GrpcClientProtocolClient.java:onNext(264)) - client-D9B31DDCE961->18b22b39-7551-46dd-8464-dd74933c4739: receive RaftClientReply:client-D9B31DDCE961->18b22b39-7551-46dd-8464-dd74933c4739@group-597320EF17B3, cid=2489, SUCCESS, logIndex=0, commits[18b22b39-7551-46dd-8464-dd74933c4739:c3628, 76d6a15c-8eeb-4764-b555-ce8767d18d57:c3624, c90dcfdf-5973-4b56-a955-1fc4555f10cb:c3624]
2019-09-19 11:26:38,286 [grpc-default-executor-5] INFO  client.GrpcClientProtocolClient (GrpcClientProtocolClient.java:onNext(264)) - client-D9B31DDCE961->18b22b39-7551-46dd-8464-dd74933c4739: receive RaftClientReply:client-D9B31DDCE961->18b22b39-7551-46dd-8464-dd74933c4739@group-597320EF17B3, cid=2490, SUCCESS, logIndex=3630, commits[18b22b39-7551-46dd-8464-dd74933c4739:c3631, 76d6a15c-8eeb-4764-b555-ce8767d18d57:c3629, c90dcfdf-5973-4b56-a955-1fc4555f10cb:c3629]
2019-09-19 11:26:38,287 [grpc-default-executor-5] INFO  client.GrpcClientProtocolClient (GrpcClientProtocolClient.java:onNext(264)) - client-D9B31DDCE961->18b22b39-7551-46dd-8464-dd74933c4739: receive RaftClientReply:client-D9B31DDCE961->18b22b39-7551-46dd-8464-dd74933c4739@group-597320EF17B3, cid=2491, SUCCESS, logIndex=3631, commits[18b22b39-7551-46dd-8464-dd74933c4739:c3631, 76d6a15c-8eeb-4764-b555-ce8767d18d57:c3629, c90dcfdf-5973-4b56-a955-1fc4555f10cb:c3629]
2019-09-19 11:26:38,311 [grpc-default-executor-1] INFO  client.GrpcClientProtocolClient (GrpcClientProtocolClient.java:onNext(264)) - client-D9B31DDCE961->18b22b39-7551-46dd-8464-dd74933c4739: receive RaftClientReply:client-D9B31DDCE961->18b22b39-7551-46dd-8464-dd74933c4739@group-597320EF17B3, cid=2492, SUCCESS, logIndex=3634, commits[18b22b39-7551-46dd-8464-dd74933c4739:c3635, 76d6a15c-8eeb-4764-b555-ce8767d18d57:c3631, c90dcfdf-5973-4b56-a955-1fc4555f10cb:c3631]
2019-09-19 11:26:38,311 [grpc-default-executor-1] INFO  client.GrpcClientProtocolClient (GrpcClientProtocolClient.java:onNext(264)) - client-D9B31DDCE961->18b22b39-7551-46dd-8464-dd74933c4739: receive RaftClientReply:client-D9B31DDCE961->18b22b39-7551-46dd-8464-dd74933c4739@group-597320EF17B3, cid=2493, SUCCESS, logIndex=3635, commits[18b22b39-7551-46dd-8464-dd74933c4739:c3635, 76d6a15c-8eeb-4764-b555-ce8767d18d57:c3631, c90dcfdf-5973-4b56-a955-1fc4555f10cb:c3631]
2019-09-19 11:26:38,312 [grpc-default-executor-1] INFO  client.GrpcClientProtocolClient (GrpcClientProtocolClient.java:onNext(264)) - client-D9B31DDCE961->18b22b39-7551-46dd-8464-dd74933c4739: receive RaftClientReply:client-D9B31DDCE961->18b22b39-7551-46dd-8464-dd74933c4739@group-597320EF17B3, cid=2494, SUCCESS, logIndex=0, commits[18b22b39-7551-46dd-8464-dd74933c4739:c3636, 76d6a15c-8eeb-4764-b555-ce8767d18d57:c3635, c90dcfdf-5973-4b56-a955-1fc4555f10cb:c3635]
2019-09-19 11:26:38,340 [grpc-default-executor-1] INFO  client.GrpcClientProtocolClient (GrpcClientProtocolClient.java:onNext(264)) - client-D9B31DDCE961->18b22b39-7551-46dd-8464-dd74933c4739: receive RaftClientReply:client-D9B31DDCE961->18b22b39-7551-46dd-8464-dd74933c4739@group-597320EF17B3, cid=2495, SUCCESS, logIndex=3638, commits[18b22b39-7551-46dd-8464-dd74933c4739:c3639, 76d6a15c-8eeb-4764-b555-ce8767d18d57:c3637, c90dcfdf-5973-4b56-a955-1fc4555f10cb:c3637]
2019-09-19 11:26:38,340 [grpc-default-executor-1] INFO  client.GrpcClientProtocolClient (GrpcClientProtocolClient.java:onNext(264)) - client-D9B31DDCE961->18b22b39-7551-46dd-8464-dd74933c4739: receive RaftClientReply:client-D9B31DDCE961->18b22b39-7551-46dd-8464-dd74933c4739@group-597320EF17B3, cid=2496, SUCCESS, logIndex=3639, commits[18b22b39-7551-46dd-8464-dd74933c4739:c3639, 76d6a15c-8eeb-4764-b555-ce8767d18d57:c3637, c90dcfdf-5973-4b56-a955-1fc4555f10cb:c3637]
2019-09-19 11:26:38,342 [grpc-default-executor-1] INFO  client.GrpcClientProtocolClient (GrpcClientProtocolClient.java:onNext(264)) - client-D9B31DDCE961->18b22b39-7551-46dd-8464-dd74933c4739: receive RaftClientReply:client-D9B31DDCE961->18b22b39-7551-46dd-8464-dd74933c4739@group-597320EF17B3, cid=2497, SUCCESS, logIndex=3640, commits[18b22b39-7551-46dd-8464-dd74933c4739:c3641, 76d6a15c-8eeb-4764-b555-ce8767d18d57:c3637, c90dcfdf-5973-4b56-a955-1fc4555f10cb:c3637]
2019-09-19 11:26:38,342 [grpc-default-executor-1] INFO  client.GrpcClientProtocolClient (GrpcClientProtocolClient.java:onNext(264)) - client-D9B31DDCE961->18b22b39-7551-46dd-8464-dd74933c4739: receive RaftClientReply:client-D9B31DDCE961->18b22b39-7551-46dd-8464-dd74933c4739@group-597320EF17B3, cid=2498, SUCCESS, logIndex=3641, commits[18b22b39-7551-46dd-8464-dd74933c4739:c3641, 76d6a15c-8eeb-4764-b555-ce8767d18d57:c3637, c90dcfdf-5973-4b56-a955-1fc4555f10cb:c3637]
2019-09-19 11:26:38,353 [grpc-default-executor-1] INFO  client.GrpcClientProtocolClient (GrpcClientProtocolClient.java:onNext(264)) - client-D9B31DDCE961->18b22b39-7551-46dd-8464-dd74933c4739: receive RaftClientReply:client-D9B31DDCE961->18b22b39-7551-46dd-8464-dd74933c4739@group-597320EF17B3, cid=2499, SUCCESS, logIndex=0, commits[18b22b39-7551-46dd-8464-dd74933c4739:c3643, 76d6a15c-8eeb-4764-b555-ce8767d18d57:c3639, c90dcfdf-5973-4b56-a955-1fc4555f10cb:c3639]
2019-09-19 11:26:38,372 [grpc-default-executor-3] INFO  client.GrpcClientProtocolClient (GrpcClientProtocolClient.java:onNext(264)) - client-D9B31DDCE961->18b22b39-7551-46dd-8464-dd74933c4739: receive RaftClientReply:client-D9B31DDCE961->18b22b39-7551-46dd-8464-dd74933c4739@group-597320EF17B3, cid=2500, SUCCESS, logIndex=3646, commits[18b22b39-7551-46dd-8464-dd74933c4739:c3647, 76d6a15c-8eeb-4764-b555-ce8767d18d57:c3645, c90dcfdf-5973-4b56-a955-1fc4555f10cb:c3645]
2019-09-19 11:26:38,372 [grpc-default-executor-3] INFO  client.GrpcClientProtocolClient (GrpcClientProtocolClient.java:onNext(264)) - client-D9B31DDCE961->18b22b39-7551-46dd-8464-dd74933c4739: receive RaftClientReply:client-D9B31DDCE961->18b22b39-7551-46dd-8464-dd74933c4739@group-597320EF17B3, cid=2501, SUCCESS, logIndex=3647, commits[18b22b39-7551-46dd-8464-dd74933c4739:c3647, 76d6a15c-8eeb-4764-b555-ce8767d18d57:c3645, c90dcfdf-5973-4b56-a955-1fc4555f10cb:c3645]
2019-09-19 11:26:38,386 [grpc-default-executor-3] INFO  client.GrpcClientProtocolClient (GrpcClientProtocolClient.java:onNext(264)) - client-D9B31DDCE961->18b22b39-7551-46dd-8464-dd74933c4739: receive RaftClientReply:client-D9B31DDCE961->18b22b39-7551-46dd-8464-dd74933c4739@group-597320EF17B3, cid=2502, SUCCESS, logIndex=3650, commits[18b22b39-7551-46dd-8464-dd74933c4739:c3650, 76d6a15c-8eeb-4764-b555-ce8767d18d57:c3647, c90dcfdf-5973-4b56-a955-1fc4555f10cb:c3647]
2019-09-19 11:26:38,387 [grpc-default-executor-3] INFO  client.GrpcClientProtocolClient (GrpcClientProtocolClient.java:onNext(264)) - client-D9B31DDCE961->18b22b39-7551-46dd-8464-dd74933c4739: receive RaftClientReply:client-D9B31DDCE961->18b22b39-7551-46dd-8464-dd74933c4739@group-597320EF17B3, cid=2503, SUCCESS, logIndex=3651, commits[18b22b39-7551-46dd-8464-dd74933c4739:c3651, 76d6a15c-8eeb-4764-b555-ce8767d18d57:c3647, c90dcfdf-5973-4b56-a955-1fc4555f10cb:c3647]
2019-09-19 11:26:38,400 [grpc-default-executor-3] INFO  client.GrpcClientProtocolClient (GrpcClientProtocolClient.java:onNext(264)) - client-D9B31DDCE961->18b22b39-7551-46dd-8464-dd74933c4739: receive RaftClientReply:client-D9B31DDCE961->18b22b39-7551-46dd-8464-dd74933c4739@group-597320EF17B3, cid=2504, SUCCESS, logIndex=0, commits[18b22b39-7551-46dd-8464-dd74933c4739:c3653, 76d6a15c-8eeb-4764-b555-ce8767d18d57:c3651, c90dcfdf-5973-4b56-a955-1fc4555f10cb:c3651]
2019-09-19 11:26:38,417 [grpc-default-executor-5] INFO  client.GrpcClientProtocolClient (GrpcClientProtocolClient.java:onNext(264)) - client-D9B31DDCE961->18b22b39-7551-46dd-8464-dd74933c4739: receive RaftClientReply:client-D9B31DDCE961->18b22b39-7551-46dd-8464-dd74933c4739@group-597320EF17B3, cid=2505, SUCCESS, logIndex=3654, commits[18b22b39-7551-46dd-8464-dd74933c4739:c3655, 76d6a15c-8eeb-4764-b555-ce8767d18d57:c3653, c90dcfdf-5973-4b56-a955-1fc4555f10cb:c3651]
2019-09-19 11:26:38,417 [grpc-default-executor-7] INFO  client.GrpcClientProtocolClient (GrpcClientProtocolClient.java:onNext(264)) - client-D9B31DDCE961->18b22b39-7551-46dd-8464-dd74933c4739: receive RaftClientReply:client-D9B31DDCE961->18b22b39-7551-46dd-8464-dd74933c4739@group-597320EF17B3, cid=2506, SUCCESS, logIndex=3655, commits[18b22b39-7551-46dd-8464-dd74933c4739:c3655, 76d6a15c-8eeb-4764-b555-ce8767d18d57:c3653, c90dcfdf-5973-4b56-a955-1fc4555f10cb:c3651]
2019-09-19 11:26:38,417 [grpc-default-executor-7] INFO  client.GrpcClientProtocolClient (GrpcClientProtocolClient.java:onNext(264)) - client-D9B31DDCE961->18b22b39-7551-46dd-8464-dd74933c4739: receive RaftClientReply:client-D9B31DDCE961->18b22b39-7551-46dd-8464-dd74933c4739@group-597320EF17B3, cid=2507, SUCCESS, logIndex=3656, commits[18b22b39-7551-46dd-8464-dd74933c4739:c3656, 76d6a15c-8eeb-4764-b555-ce8767d18d57:c3653, c90dcfdf-5973-4b56-a955-1fc4555f10cb:c3651]
2019-09-19 11:26:38,418 [grpc-default-executor-7] INFO  client.GrpcClientProtocolClient (GrpcClientProtocolClient.java:onNext(264)) - client-D9B31DDCE961->18b22b39-7551-46dd-8464-dd74933c4739: receive RaftClientReply:client-D9B31DDCE961->18b22b39-7551-46dd-8464-dd74933c4739@group-597320EF17B3, cid=2508, SUCCESS, logIndex=3657, commits[18b22b39-7551-46dd-8464-dd74933c4739:c3657, 76d6a15c-8eeb-4764-b555-ce8767d18d57:c3653, c90dcfdf-5973-4b56-a955-1fc4555f10cb:c3651]
2019-09-19 11:26:38,421 [grpc-default-executor-5] INFO  client.GrpcClientProtocolClient (GrpcClientProtocolClient.java:onNext(264)) - client-D9B31DDCE961->18b22b39-7551-46dd-8464-dd74933c4739: receive RaftClientReply:client-D9B31DDCE961->18b22b39-7551-46dd-8464-dd74933c4739@group-597320EF17B3, cid=2509, SUCCESS, logIndex=0, commits[18b22b39-7551-46dd-8464-dd74933c4739:c3658, 76d6a15c-8eeb-4764-b555-ce8767d18d57:c3655, c90dcfdf-5973-4b56-a955-1fc4555f10cb:c3655]
2019-09-19 11:26:38,444 [grpc-default-executor-7] INFO  client.GrpcClientProtocolClient (GrpcClientProtocolClient.java:onNext(264)) - client-D9B31DDCE961->18b22b39-7551-46dd-8464-dd74933c4739: receive RaftClientReply:client-D9B31DDCE961->18b22b39-7551-46dd-8464-dd74933c4739@group-597320EF17B3, cid=2510, SUCCESS, logIndex=3661, commits[18b22b39-7551-46dd-8464-dd74933c4739:c3662, 76d6a15c-8eeb-4764-b555-ce8767d18d57:c3660, c90dcfdf-5973-4b56-a955-1fc4555f10cb:c3660]
2019-09-19 11:26:38,444 [grpc-default-executor-7] INFO  client.GrpcClientProtocolClient (GrpcClientProtocolClient.java:onNext(264)) - client-D9B31DDCE961->18b22b39-7551-46dd-8464-dd74933c4739: receive RaftClientReply:client-D9B31DDCE961->18b22b39-7551-46dd-8464-dd74933c4739@group-597320EF17B3, cid=2511, SUCCESS, logIndex=3662, commits[18b22b39-7551-46dd-8464-dd74933c4739:c3662, 76d6a15c-8eeb-4764-b555-ce8767d18d57:c3660, c90dcfdf-5973-4b56-a955-1fc4555f10cb:c3660]
2019-09-19 11:26:38,459 [grpc-default-executor-3] INFO  client.GrpcClientProtocolClient (GrpcClientProtocolClient.java:onNext(264)) - client-D9B31DDCE961->18b22b39-7551-46dd-8464-dd74933c4739: receive RaftClientReply:client-D9B31DDCE961->18b22b39-7551-46dd-8464-dd74933c4739@group-597320EF17B3, cid=2512, SUCCESS, logIndex=3665, commits[18b22b39-7551-46dd-8464-dd74933c4739:c3666, 76d6a15c-8eeb-4764-b555-ce8767d18d57:c3662, c90dcfdf-5973-4b56-a955-1fc4555f10cb:c3663]
2019-09-19 11:26:38,459 [grpc-default-executor-3] INFO  client.GrpcClientProtocolClient (GrpcClientProtocolClient.java:onNext(264)) - client-D9B31DDCE961->18b22b39-7551-46dd-8464-dd74933c4739: receive RaftClientReply:client-D9B31DDCE961->18b22b39-7551-46dd-8464-dd74933c4739@group-597320EF17B3, cid=2513, SUCCESS, logIndex=3666, commits[18b22b39-7551-46dd-8464-dd74933c4739:c3666, 76d6a15c-8eeb-4764-b555-ce8767d18d57:c3663, c90dcfdf-5973-4b56-a955-1fc4555f10cb:c3663]
2019-09-19 11:26:38,461 [grpc-default-executor-3] INFO  client.GrpcClientProtocolClient (GrpcClientProtocolClient.java:onNext(264)) - client-D9B31DDCE961->18b22b39-7551-46dd-8464-dd74933c4739: receive RaftClientReply:client-D9B31DDCE961->18b22b39-7551-46dd-8464-dd74933c4739@group-597320EF17B3, cid=2514, SUCCESS, logIndex=0, commits[18b22b39-7551-46dd-8464-dd74933c4739:c3667, 76d6a15c-8eeb-4764-b555-ce8767d18d57:c3666, c90dcfdf-5973-4b56-a955-1fc4555f10cb:c3666]
2019-09-19 11:26:38,479 [grpc-default-executor-7] INFO  client.GrpcClientProtocolClient (GrpcClientProtocolClient.java:onNext(264)) - client-D9B31DDCE961->18b22b39-7551-46dd-8464-dd74933c4739: receive RaftClientReply:client-D9B31DDCE961->18b22b39-7551-46dd-8464-dd74933c4739@group-597320EF17B3, cid=2515, SUCCESS, logIndex=3669, commits[18b22b39-7551-46dd-8464-dd74933c4739:c3670, 76d6a15c-8eeb-4764-b555-ce8767d18d57:c3668, c90dcfdf-5973-4b56-a955-1fc4555f10cb:c3666]
2019-09-19 11:26:38,480 [grpc-default-executor-7] INFO  client.GrpcClientProtocolClient (GrpcClientProtocolClient.java:onNext(264)) - client-D9B31DDCE961->18b22b39-7551-46dd-8464-dd74933c4739: receive RaftClientReply:client-D9B31DDCE961->18b22b39-7551-46dd-8464-dd74933c4739@group-597320EF17B3, cid=2516, SUCCESS, logIndex=3670, commits[18b22b39-7551-46dd-8464-dd74933c4739:c3672, 76d6a15c-8eeb-4764-b555-ce8767d18d57:c3668, c90dcfdf-5973-4b56-a955-1fc4555f10cb:c3668]
2019-09-19 11:26:38,480 [grpc-default-executor-7] INFO  client.GrpcClientProtocolClient (GrpcClientProtocolClient.java:onNext(264)) - client-D9B31DDCE961->18b22b39-7551-46dd-8464-dd74933c4739: receive RaftClientReply:client-D9B31DDCE961->18b22b39-7551-46dd-8464-dd74933c4739@group-597320EF17B3, cid=2517, SUCCESS, logIndex=3671, commits[18b22b39-7551-46dd-8464-dd74933c4739:c3672, 76d6a15c-8eeb-4764-b555-ce8767d18d57:c3668, c90dcfdf-5973-4b56-a955-1fc4555f10cb:c3668]
2019-09-19 11:26:38,480 [grpc-default-executor-7] INFO  client.GrpcClientProtocolClient (GrpcClientProtocolClient.java:onNext(264)) - client-D9B31DDCE961->18b22b39-7551-46dd-8464-dd74933c4739: receive RaftClientReply:client-D9B31DDCE961->18b22b39-7551-46dd-8464-dd74933c4739@group-597320EF17B3, cid=2518, SUCCESS, logIndex=3672, commits[18b22b39-7551-46dd-8464-dd74933c4739:c3672, 76d6a15c-8eeb-4764-b555-ce8767d18d57:c3668, c90dcfdf-5973-4b56-a955-1fc4555f10cb:c3668]
2019-09-19 11:26:38,503 [grpc-default-executor-7] INFO  client.GrpcClientProtocolClient (GrpcClientProtocolClient.java:onNext(264)) - client-D9B31DDCE961->18b22b39-7551-46dd-8464-dd74933c4739: receive RaftClientReply:client-D9B31DDCE961->18b22b39-7551-46dd-8464-dd74933c4739@group-597320EF17B3, cid=2519, SUCCESS, logIndex=0, commits[18b22b39-7551-46dd-8464-dd74933c4739:c3673, 76d6a15c-8eeb-4764-b555-ce8767d18d57:c3670, c90dcfdf-5973-4b56-a955-1fc4555f10cb:c3670]
2019-09-19 11:26:38,521 [grpc-default-executor-7] INFO  client.GrpcClientProtocolClient (GrpcClientProtocolClient.java:onNext(264)) - client-D9B31DDCE961->18b22b39-7551-46dd-8464-dd74933c4739: receive RaftClientReply:client-D9B31DDCE961->18b22b39-7551-46dd-8464-dd74933c4739@group-597320EF17B3, cid=2520, SUCCESS, logIndex=3676, commits[18b22b39-7551-46dd-8464-dd74933c4739:c3677, 76d6a15c-8eeb-4764-b555-ce8767d18d57:c3675, c90dcfdf-5973-4b56-a955-1fc4555f10cb:c3675]
2019-09-19 11:26:38,522 [grpc-default-executor-7] INFO  client.GrpcClientProtocolClient (GrpcClientProtocolClient.java:onNext(264)) - client-D9B31DDCE961->18b22b39-7551-46dd-8464-dd74933c4739: receive RaftClientReply:client-D9B31DDCE961->18b22b39-7551-46dd-8464-dd74933c4739@group-597320EF17B3, cid=2521, SUCCESS, logIndex=3677, commits[18b22b39-7551-46dd-8464-dd74933c4739:c3677, 76d6a15c-8eeb-4764-b555-ce8767d18d57:c3675, c90dcfdf-5973-4b56-a955-1fc4555f10cb:c3675]
2019-09-19 11:26:38,536 [grpc-default-executor-3] INFO  client.GrpcClientProtocolClient (GrpcClientProtocolClient.java:onNext(264)) - client-D9B31DDCE961->18b22b39-7551-46dd-8464-dd74933c4739: receive RaftClientReply:client-D9B31DDCE961->18b22b39-7551-46dd-8464-dd74933c4739@group-597320EF17B3, cid=2522, SUCCESS, logIndex=3680, commits[18b22b39-7551-46dd-8464-dd74933c4739:c3681, 76d6a15c-8eeb-4764-b555-ce8767d18d57:c3677, c90dcfdf-5973-4b56-a955-1fc4555f10cb:c3677]
2019-09-19 11:26:38,536 [grpc-default-executor-3] INFO  client.GrpcClientProtocolClient (GrpcClientProtocolClient.java:onNext(264)) - client-D9B31DDCE961->18b22b39-7551-46dd-8464-dd74933c4739: receive RaftClientReply:client-D9B31DDCE961->18b22b39-7551-46dd-8464-dd74933c4739@group-597320EF17B3, cid=2523, SUCCESS, logIndex=3681, commits[18b22b39-7551-46dd-8464-dd74933c4739:c3681, 76d6a15c-8eeb-4764-b555-ce8767d18d57:c3677, c90dcfdf-5973-4b56-a955-1fc4555f10cb:c3677]
2019-09-19 11:26:38,550 [grpc-default-executor-3] INFO  client.GrpcClientProtocolClient (GrpcClientProtocolClient.java:onNext(264)) - client-D9B31DDCE961->18b22b39-7551-46dd-8464-dd74933c4739: receive RaftClientReply:client-D9B31DDCE961->18b22b39-7551-46dd-8464-dd74933c4739@group-597320EF17B3, cid=2524, SUCCESS, logIndex=0, commits[18b22b39-7551-46dd-8464-dd74933c4739:c3683, 76d6a15c-8eeb-4764-b555-ce8767d18d57:c3681, c90dcfdf-5973-4b56-a955-1fc4555f10cb:c3681]
2019-09-19 11:26:38,574 [grpc-default-executor-5] INFO  client.GrpcClientProtocolClient (GrpcClientProtocolClient.java:onNext(264)) - client-D9B31DDCE961->18b22b39-7551-46dd-8464-dd74933c4739: receive RaftClientReply:client-D9B31DDCE961->18b22b39-7551-46dd-8464-dd74933c4739@group-597320EF17B3, cid=2525, SUCCESS, logIndex=3684, commits[18b22b39-7551-46dd-8464-dd74933c4739:c3685, 76d6a15c-8eeb-4764-b555-ce8767d18d57:c3683, c90dcfdf-5973-4b56-a955-1fc4555f10cb:c3683]
2019-09-19 11:26:38,575 [grpc-default-executor-5] INFO  client.GrpcClientProtocolClient (GrpcClientProtocolClient.java:onNext(264)) - client-D9B31DDCE961->18b22b39-7551-46dd-8464-dd74933c4739: receive RaftClientReply:client-D9B31DDCE961->18b22b39-7551-46dd-8464-dd74933c4739@group-597320EF17B3, cid=2526, SUCCESS, logIndex=3685, commits[18b22b39-7551-46dd-8464-dd74933c4739:c3687, 76d6a15c-8eeb-4764-b555-ce8767d18d57:c3683, c90dcfdf-5973-4b56-a955-1fc4555f10cb:c3683]
2019-09-19 11:26:38,575 [grpc-default-executor-5] INFO  client.GrpcClientProtocolClient (GrpcClientProtocolClient.java:onNext(264)) - client-D9B31DDCE961->18b22b39-7551-46dd-8464-dd74933c4739: receive RaftClientReply:client-D9B31DDCE961->18b22b39-7551-46dd-8464-dd74933c4739@group-597320EF17B3, cid=2527, SUCCESS, logIndex=3686, commits[18b22b39-7551-46dd-8464-dd74933c4739:c3687, 76d6a15c-8eeb-4764-b555-ce8767d18d57:c3683, c90dcfdf-5973-4b56-a955-1fc4555f10cb:c3683]
2019-09-19 11:26:38,575 [grpc-default-executor-5] INFO  client.GrpcClientProtocolClient (GrpcClientProtocolClient.java:onNext(264)) - client-D9B31DDCE961->18b22b39-7551-46dd-8464-dd74933c4739: receive RaftClientReply:client-D9B31DDCE961->18b22b39-7551-46dd-8464-dd74933c4739@group-597320EF17B3, cid=2528, SUCCESS, logIndex=3687, commits[18b22b39-7551-46dd-8464-dd74933c4739:c3687, 76d6a15c-8eeb-4764-b555-ce8767d18d57:c3683, c90dcfdf-5973-4b56-a955-1fc4555f10cb:c3683]
2019-09-19 11:26:38,578 [grpc-default-executor-5] INFO  client.GrpcClientProtocolClient (GrpcClientProtocolClient.java:onNext(264)) - client-D9B31DDCE961->18b22b39-7551-46dd-8464-dd74933c4739: receive RaftClientReply:client-D9B31DDCE961->18b22b39-7551-46dd-8464-dd74933c4739@group-597320EF17B3, cid=2529, SUCCESS, logIndex=0, commits[18b22b39-7551-46dd-8464-dd74933c4739:c3689, 76d6a15c-8eeb-4764-b555-ce8767d18d57:c3686, c90dcfdf-5973-4b56-a955-1fc4555f10cb:c3686]
2019-09-19 11:26:38,587 [grpc-default-executor-3] INFO  client.GrpcClientProtocolClient (GrpcClientProtocolClient.java:onNext(264)) - client-D9B31DDCE961->18b22b39-7551-46dd-8464-dd74933c4739: receive RaftClientReply:client-D9B31DDCE961->18b22b39-7551-46dd-8464-dd74933c4739@group-597320EF17B3, cid=2530, SUCCESS, logIndex=3692, commits[18b22b39-7551-46dd-8464-dd74933c4739:c3693, 76d6a15c-8eeb-4764-b555-ce8767d18d57:c3691, c90dcfdf-5973-4b56-a955-1fc4555f10cb:c3687]
2019-09-19 11:26:38,587 [grpc-default-executor-3] INFO  client.GrpcClientProtocolClient (GrpcClientProtocolClient.java:onNext(264)) - client-D9B31DDCE961->18b22b39-7551-46dd-8464-dd74933c4739: receive RaftClientReply:client-D9B31DDCE961->18b22b39-7551-46dd-8464-dd74933c4739@group-597320EF17B3, cid=2531, SUCCESS, logIndex=3693, commits[18b22b39-7551-46dd-8464-dd74933c4739:c3693, 76d6a15c-8eeb-4764-b555-ce8767d18d57:c3691, c90dcfdf-5973-4b56-a955-1fc4555f10cb:c3691]
2019-09-19 11:26:38,628 [grpc-default-executor-5] INFO  client.GrpcClientProtocolClient (GrpcClientProtocolClient.java:onNext(264)) - client-D9B31DDCE961->18b22b39-7551-46dd-8464-dd74933c4739: receive RaftClientReply:client-D9B31DDCE961->18b22b39-7551-46dd-8464-dd74933c4739@group-597320EF17B3, cid=2532, SUCCESS, logIndex=3696, commits[18b22b39-7551-46dd-8464-dd74933c4739:c3697, 76d6a15c-8eeb-4764-b555-ce8767d18d57:c3695, c90dcfdf-5973-4b56-a955-1fc4555f10cb:c3695]
2019-09-19 11:26:38,628 [grpc-default-executor-5] INFO  client.GrpcClientProtocolClient (GrpcClientProtocolClient.java:onNext(264)) - client-D9B31DDCE961->18b22b39-7551-46dd-8464-dd74933c4739: receive RaftClientReply:client-D9B31DDCE961->18b22b39-7551-46dd-8464-dd74933c4739@group-597320EF17B3, cid=2533, SUCCESS, logIndex=3697, commits[18b22b39-7551-46dd-8464-dd74933c4739:c3697, 76d6a15c-8eeb-4764-b555-ce8767d18d57:c3695, c90dcfdf-5973-4b56-a955-1fc4555f10cb:c3695]
2019-09-19 11:26:38,654 [grpc-default-executor-3] INFO  client.GrpcClientProtocolClient (GrpcClientProtocolClient.java:onNext(264)) - client-D9B31DDCE961->18b22b39-7551-46dd-8464-dd74933c4739: receive RaftClientReply:client-D9B31DDCE961->18b22b39-7551-46dd-8464-dd74933c4739@group-597320EF17B3, cid=2534, SUCCESS, logIndex=0, commits[18b22b39-7551-46dd-8464-dd74933c4739:c3698, 76d6a15c-8eeb-4764-b555-ce8767d18d57:c3697, c90dcfdf-5973-4b56-a955-1fc4555f10cb:c3697]
 0.00% |█                                                                                                    |  0/1 Time: 0:00:422019-09-19 11:26:38,756 [grpc-default-executor-3] INFO  client.GrpcClientProtocolClient (GrpcClientProtocolClient.java:onNext(264)) - client-D9B31DDCE961->18b22b39-7551-46dd-8464-dd74933c4739: receive RaftClientReply:client-D9B31DDCE961->18b22b39-7551-46dd-8464-dd74933c4739@group-597320EF17B3, cid=2535, SUCCESS, logIndex=3700, commits[18b22b39-7551-46dd-8464-dd74933c4739:c3701, 76d6a15c-8eeb-4764-b555-ce8767d18d57:c3699, c90dcfdf-5973-4b56-a955-1fc4555f10cb:c3699]
2019-09-19 11:26:38,756 [grpc-default-executor-3] INFO  client.GrpcClientProtocolClient (GrpcClientProtocolClient.java:onNext(264)) - client-D9B31DDCE961->18b22b39-7551-46dd-8464-dd74933c4739: receive RaftClientReply:client-D9B31DDCE961->18b22b39-7551-46dd-8464-dd74933c4739@group-597320EF17B3, cid=2536, SUCCESS, logIndex=3701, commits[18b22b39-7551-46dd-8464-dd74933c4739:c3701, 76d6a15c-8eeb-4764-b555-ce8767d18d57:c3699, c90dcfdf-5973-4b56-a955-1fc4555f10cb:c3699]
2019-09-19 11:26:38,767 [grpc-default-executor-3] INFO  client.GrpcClientProtocolClient (GrpcClientProtocolClient.java:onNext(264)) - client-D9B31DDCE961->18b22b39-7551-46dd-8464-dd74933c4739: receive RaftClientReply:client-D9B31DDCE961->18b22b39-7551-46dd-8464-dd74933c4739@group-597320EF17B3, cid=2537, SUCCESS, logIndex=3702, commits[18b22b39-7551-46dd-8464-dd74933c4739:c3703, 76d6a15c-8eeb-4764-b555-ce8767d18d57:c3699, c90dcfdf-5973-4b56-a955-1fc4555f10cb:c3699]
2019-09-19 11:26:38,768 [grpc-default-executor-3] INFO  client.GrpcClientProtocolClient (GrpcClientProtocolClient.java:onNext(264)) - client-D9B31DDCE961->18b22b39-7551-46dd-8464-dd74933c4739: receive RaftClientReply:client-D9B31DDCE961->18b22b39-7551-46dd-8464-dd74933c4739@group-597320EF17B3, cid=2538, SUCCESS, logIndex=3703, commits[18b22b39-7551-46dd-8464-dd74933c4739:c3703, 76d6a15c-8eeb-4764-b555-ce8767d18d57:c3699, c90dcfdf-5973-4b56-a955-1fc4555f10cb:c3701]
2019-09-19 11:26:38,769 [grpc-default-executor-3] INFO  client.GrpcClientProtocolClient (GrpcClientProtocolClient.java:onNext(264)) - client-D9B31DDCE961->18b22b39-7551-46dd-8464-dd74933c4739: receive RaftClientReply:client-D9B31DDCE961->18b22b39-7551-46dd-8464-dd74933c4739@group-597320EF17B3, cid=2539, SUCCESS, logIndex=0, commits[18b22b39-7551-46dd-8464-dd74933c4739:c3705, 76d6a15c-8eeb-4764-b555-ce8767d18d57:c3701, c90dcfdf-5973-4b56-a955-1fc4555f10cb:c3701]
2019-09-19 11:26:38,792 [grpc-default-executor-1] INFO  client.GrpcClientProtocolClient (GrpcClientProtocolClient.java:onNext(264)) - client-D9B31DDCE961->18b22b39-7551-46dd-8464-dd74933c4739: receive RaftClientReply:client-D9B31DDCE961->18b22b39-7551-46dd-8464-dd74933c4739@group-597320EF17B3, cid=2540, SUCCESS, logIndex=3707, commits[18b22b39-7551-46dd-8464-dd74933c4739:c3708, 76d6a15c-8eeb-4764-b555-ce8767d18d57:c3706, c90dcfdf-5973-4b56-a955-1fc4555f10cb:c3706]
2019-09-19 11:26:38,792 [grpc-default-executor-1] INFO  client.GrpcClientProtocolClient (GrpcClientProtocolClient.java:onNext(264)) - client-D9B31DDCE961->18b22b39-7551-46dd-8464-dd74933c4739: receive RaftClientReply:client-D9B31DDCE961->18b22b39-7551-46dd-8464-dd74933c4739@group-597320EF17B3, cid=2541, SUCCESS, logIndex=3708, commits[18b22b39-7551-46dd-8464-dd74933c4739:c3708, 76d6a15c-8eeb-4764-b555-ce8767d18d57:c3706, c90dcfdf-5973-4b56-a955-1fc4555f10cb:c3706]
2019-09-19 11:26:38,805 [grpc-default-executor-3] INFO  client.GrpcClientProtocolClient (GrpcClientProtocolClient.java:onNext(264)) - client-D9B31DDCE961->18b22b39-7551-46dd-8464-dd74933c4739: receive RaftClientReply:client-D9B31DDCE961->18b22b39-7551-46dd-8464-dd74933c4739@group-597320EF17B3, cid=2542, SUCCESS, logIndex=3711, commits[18b22b39-7551-46dd-8464-dd74933c4739:c3711, 76d6a15c-8eeb-4764-b555-ce8767d18d57:c3708, c90dcfdf-5973-4b56-a955-1fc4555f10cb:c3708]
2019-09-19 11:26:38,805 [grpc-default-executor-3] INFO  client.GrpcClientProtocolClient (GrpcClientProtocolClient.java:onNext(264)) - client-D9B31DDCE961->18b22b39-7551-46dd-8464-dd74933c4739: receive RaftClientReply:client-D9B31DDCE961->18b22b39-7551-46dd-8464-dd74933c4739@group-597320EF17B3, cid=2543, SUCCESS, logIndex=3712, commits[18b22b39-7551-46dd-8464-dd74933c4739:c3712, 76d6a15c-8eeb-4764-b555-ce8767d18d57:c3708, c90dcfdf-5973-4b56-a955-1fc4555f10cb:c3708]
2019-09-19 11:26:38,818 [grpc-default-executor-3] INFO  client.GrpcClientProtocolClient (GrpcClientProtocolClient.java:onNext(264)) - client-D9B31DDCE961->18b22b39-7551-46dd-8464-dd74933c4739: receive RaftClientReply:client-D9B31DDCE961->18b22b39-7551-46dd-8464-dd74933c4739@group-597320EF17B3, cid=2544, SUCCESS, logIndex=0, commits[18b22b39-7551-46dd-8464-dd74933c4739:c3714, 76d6a15c-8eeb-4764-b555-ce8767d18d57:c3712, c90dcfdf-5973-4b56-a955-1fc4555f10cb:c3712]
2019-09-19 11:26:38,846 [grpc-default-executor-1] INFO  client.GrpcClientProtocolClient (GrpcClientProtocolClient.java:onNext(264)) - client-D9B31DDCE961->18b22b39-7551-46dd-8464-dd74933c4739: receive RaftClientReply:client-D9B31DDCE961->18b22b39-7551-46dd-8464-dd74933c4739@group-597320EF17B3, cid=2545, SUCCESS, logIndex=3715, commits[18b22b39-7551-46dd-8464-dd74933c4739:c3717, 76d6a15c-8eeb-4764-b555-ce8767d18d57:c3714, c90dcfdf-5973-4b56-a955-1fc4555f10cb:c3714]
2019-09-19 11:26:38,847 [grpc-default-executor-1] INFO  client.GrpcClientProtocolClient (GrpcClientProtocolClient.java:onNext(264)) - client-D9B31DDCE961->18b22b39-7551-46dd-8464-dd74933c4739: receive RaftClientReply:client-D9B31DDCE961->18b22b39-7551-46dd-8464-dd74933c4739@group-597320EF17B3, cid=2546, SUCCESS, logIndex=3716, commits[18b22b39-7551-46dd-8464-dd74933c4739:c3718, 76d6a15c-8eeb-4764-b555-ce8767d18d57:c3714, c90dcfdf-5973-4b56-a955-1fc4555f10cb:c3714]
2019-09-19 11:26:38,847 [grpc-default-executor-1] INFO  client.GrpcClientProtocolClient (GrpcClientProtocolClient.java:onNext(264)) - client-D9B31DDCE961->18b22b39-7551-46dd-8464-dd74933c4739: receive RaftClientReply:client-D9B31DDCE961->18b22b39-7551-46dd-8464-dd74933c4739@group-597320EF17B3, cid=2547, SUCCESS, logIndex=3717, commits[18b22b39-7551-46dd-8464-dd74933c4739:c3718, 76d6a15c-8eeb-4764-b555-ce8767d18d57:c3714, c90dcfdf-5973-4b56-a955-1fc4555f10cb:c3714]
2019-09-19 11:26:38,847 [grpc-default-executor-1] INFO  client.GrpcClientProtocolClient (GrpcClientProtocolClient.java:onNext(264)) - client-D9B31DDCE961->18b22b39-7551-46dd-8464-dd74933c4739: receive RaftClientReply:client-D9B31DDCE961->18b22b39-7551-46dd-8464-dd74933c4739@group-597320EF17B3, cid=2548, SUCCESS, logIndex=3718, commits[18b22b39-7551-46dd-8464-dd74933c4739:c3718, 76d6a15c-8eeb-4764-b555-ce8767d18d57:c3714, c90dcfdf-5973-4b56-a955-1fc4555f10cb:c3714]
2019-09-19 11:26:38,858 [grpc-default-executor-1] INFO  client.GrpcClientProtocolClient (GrpcClientProtocolClient.java:onNext(264)) - client-D9B31DDCE961->18b22b39-7551-46dd-8464-dd74933c4739: receive RaftClientReply:client-D9B31DDCE961->18b22b39-7551-46dd-8464-dd74933c4739@group-597320EF17B3, cid=2549, SUCCESS, logIndex=0, commits[18b22b39-7551-46dd-8464-dd74933c4739:c3719, 76d6a15c-8eeb-4764-b555-ce8767d18d57:c3716, c90dcfdf-5973-4b56-a955-1fc4555f10cb:c3716]
2019-09-19 11:26:38,876 [grpc-default-executor-5] INFO  client.GrpcClientProtocolClient (GrpcClientProtocolClient.java:onNext(264)) - client-D9B31DDCE961->18b22b39-7551-46dd-8464-dd74933c4739: receive RaftClientReply:client-D9B31DDCE961->18b22b39-7551-46dd-8464-dd74933c4739@group-597320EF17B3, cid=2550, SUCCESS, logIndex=3723, commits[18b22b39-7551-46dd-8464-dd74933c4739:c3724, 76d6a15c-8eeb-4764-b555-ce8767d18d57:c3722, c90dcfdf-5973-4b56-a955-1fc4555f10cb:c3722]
2019-09-19 11:26:38,877 [grpc-default-executor-5] INFO  client.GrpcClientProtocolClient (GrpcClientProtocolClient.java:onNext(264)) - client-D9B31DDCE961->18b22b39-7551-46dd-8464-dd74933c4739: receive RaftClientReply:client-D9B31DDCE961->18b22b39-7551-46dd-8464-dd74933c4739@group-597320EF17B3, cid=2551, SUCCESS, logIndex=3724, commits[18b22b39-7551-46dd-8464-dd74933c4739:c3724, 76d6a15c-8eeb-4764-b555-ce8767d18d57:c3722, c90dcfdf-5973-4b56-a955-1fc4555f10cb:c3722]
2019-09-19 11:26:38,891 [grpc-default-executor-5] INFO  client.GrpcClientProtocolClient (GrpcClientProtocolClient.java:onNext(264)) - client-D9B31DDCE961->18b22b39-7551-46dd-8464-dd74933c4739: receive RaftClientReply:client-D9B31DDCE961->18b22b39-7551-46dd-8464-dd74933c4739@group-597320EF17B3, cid=2552, SUCCESS, logIndex=3727, commits[18b22b39-7551-46dd-8464-dd74933c4739:c3728, 76d6a15c-8eeb-4764-b555-ce8767d18d57:c3724, c90dcfdf-5973-4b56-a955-1fc4555f10cb:c3724]
2019-09-19 11:26:38,892 [grpc-default-executor-5] INFO  client.GrpcClientProtocolClient (GrpcClientProtocolClient.java:onNext(264)) - client-D9B31DDCE961->18b22b39-7551-46dd-8464-dd74933c4739: receive RaftClientReply:client-D9B31DDCE961->18b22b39-7551-46dd-8464-dd74933c4739@group-597320EF17B3, cid=2553, SUCCESS, logIndex=3728, commits[18b22b39-7551-46dd-8464-dd74933c4739:c3728, 76d6a15c-8eeb-4764-b555-ce8767d18d57:c3724, c90dcfdf-5973-4b56-a955-1fc4555f10cb:c3724]
2019-09-19 11:26:38,893 [grpc-default-executor-5] INFO  client.GrpcClientProtocolClient (GrpcClientProtocolClient.java:onNext(264)) - client-D9B31DDCE961->18b22b39-7551-46dd-8464-dd74933c4739: receive RaftClientReply:client-D9B31DDCE961->18b22b39-7551-46dd-8464-dd74933c4739@group-597320EF17B3, cid=2554, SUCCESS, logIndex=0, commits[18b22b39-7551-46dd-8464-dd74933c4739:c3729, 76d6a15c-8eeb-4764-b555-ce8767d18d57:c3728, c90dcfdf-5973-4b56-a955-1fc4555f10cb:c3728]
2019-09-19 11:26:38,915 [grpc-default-executor-5] INFO  client.GrpcClientProtocolClient (GrpcClientProtocolClient.java:onNext(264)) - client-D9B31DDCE961->18b22b39-7551-46dd-8464-dd74933c4739: receive RaftClientReply:client-D9B31DDCE961->18b22b39-7551-46dd-8464-dd74933c4739@group-597320EF17B3, cid=2555, SUCCESS, logIndex=3731, commits[18b22b39-7551-46dd-8464-dd74933c4739:c3731, 76d6a15c-8eeb-4764-b555-ce8767d18d57:c3728, c90dcfdf-5973-4b56-a955-1fc4555f10cb:c3730]
2019-09-19 11:26:38,915 [grpc-default-executor-5] INFO  client.GrpcClientProtocolClient (GrpcClientProtocolClient.java:onNext(264)) - client-D9B31DDCE961->18b22b39-7551-46dd-8464-dd74933c4739: receive RaftClientReply:client-D9B31DDCE961->18b22b39-7551-46dd-8464-dd74933c4739@group-597320EF17B3, cid=2556, SUCCESS, logIndex=3732, commits[18b22b39-7551-46dd-8464-dd74933c4739:c3734, 76d6a15c-8eeb-4764-b555-ce8767d18d57:c3730, c90dcfdf-5973-4b56-a955-1fc4555f10cb:c3730]
2019-09-19 11:26:38,915 [grpc-default-executor-5] INFO  client.GrpcClientProtocolClient (GrpcClientProtocolClient.java:onNext(264)) - client-D9B31DDCE961->18b22b39-7551-46dd-8464-dd74933c4739: receive RaftClientReply:client-D9B31DDCE961->18b22b39-7551-46dd-8464-dd74933c4739@group-597320EF17B3, cid=2557, SUCCESS, logIndex=3733, commits[18b22b39-7551-46dd-8464-dd74933c4739:c3734, 76d6a15c-8eeb-4764-b555-ce8767d18d57:c3730, c90dcfdf-5973-4b56-a955-1fc4555f10cb:c3730]
2019-09-19 11:26:38,916 [grpc-default-executor-5] INFO  client.GrpcClientProtocolClient (GrpcClientProtocolClient.java:onNext(264)) - client-D9B31DDCE961->18b22b39-7551-46dd-8464-dd74933c4739: receive RaftClientReply:client-D9B31DDCE961->18b22b39-7551-46dd-8464-dd74933c4739@group-597320EF17B3, cid=2558, SUCCESS, logIndex=3734, commits[18b22b39-7551-46dd-8464-dd74933c4739:c3734, 76d6a15c-8eeb-4764-b555-ce8767d18d57:c3730, c90dcfdf-5973-4b56-a955-1fc4555f10cb:c3730]
2019-09-19 11:26:38,919 [grpc-default-executor-3] INFO  client.GrpcClientProtocolClient (GrpcClientProtocolClient.java:onNext(264)) - client-D9B31DDCE961->18b22b39-7551-46dd-8464-dd74933c4739: receive RaftClientReply:client-D9B31DDCE961->18b22b39-7551-46dd-8464-dd74933c4739@group-597320EF17B3, cid=2559, SUCCESS, logIndex=0, commits[18b22b39-7551-46dd-8464-dd74933c4739:c3738, 76d6a15c-8eeb-4764-b555-ce8767d18d57:c3732, c90dcfdf-5973-4b56-a955-1fc4555f10cb:c3734]
2019-09-19 11:26:39,218 [grpc-default-executor-3] INFO  client.GrpcClientProtocolClient (GrpcClientProtocolClient.java:onNext(264)) - client-D9B31DDCE961->18b22b39-7551-46dd-8464-dd74933c4739: receive RaftClientReply:client-D9B31DDCE961->18b22b39-7551-46dd-8464-dd74933c4739@group-597320EF17B3, cid=2560, SUCCESS, logIndex=3739, commits[18b22b39-7551-46dd-8464-dd74933c4739:c3740, 76d6a15c-8eeb-4764-b555-ce8767d18d57:c3738, c90dcfdf-5973-4b56-a955-1fc4555f10cb:c3738]
2019-09-19 11:26:39,219 [grpc-default-executor-3] INFO  client.GrpcClientProtocolClient (GrpcClientProtocolClient.java:onNext(264)) - client-D9B31DDCE961->18b22b39-7551-46dd-8464-dd74933c4739: receive RaftClientReply:client-D9B31DDCE961->18b22b39-7551-46dd-8464-dd74933c4739@group-597320EF17B3, cid=2561, SUCCESS, logIndex=3740, commits[18b22b39-7551-46dd-8464-dd74933c4739:c3740, 76d6a15c-8eeb-4764-b555-ce8767d18d57:c3738, c90dcfdf-5973-4b56-a955-1fc4555f10cb:c3738]
2019-09-19 11:26:39,233 [grpc-default-executor-5] INFO  client.GrpcClientProtocolClient (GrpcClientProtocolClient.java:onNext(264)) - client-D9B31DDCE961->18b22b39-7551-46dd-8464-dd74933c4739: receive RaftClientReply:client-D9B31DDCE961->18b22b39-7551-46dd-8464-dd74933c4739@group-597320EF17B3, cid=2562, SUCCESS, logIndex=3743, commits[18b22b39-7551-46dd-8464-dd74933c4739:c3744, 76d6a15c-8eeb-4764-b555-ce8767d18d57:c3740, c90dcfdf-5973-4b56-a955-1fc4555f10cb:c3740]
2019-09-19 11:26:39,233 [grpc-default-executor-5] INFO  client.GrpcClientProtocolClient (GrpcClientProtocolClient.java:onNext(264)) - client-D9B31DDCE961->18b22b39-7551-46dd-8464-dd74933c4739: receive RaftClientReply:client-D9B31DDCE961->18b22b39-7551-46dd-8464-dd74933c4739@group-597320EF17B3, cid=2563, SUCCESS, logIndex=3744, commits[18b22b39-7551-46dd-8464-dd74933c4739:c3744, 76d6a15c-8eeb-4764-b555-ce8767d18d57:c3740, c90dcfdf-5973-4b56-a955-1fc4555f10cb:c3740]
2019-09-19 11:26:39,249 [grpc-default-executor-5] INFO  client.GrpcClientProtocolClient (GrpcClientProtocolClient.java:onNext(264)) - client-D9B31DDCE961->18b22b39-7551-46dd-8464-dd74933c4739: receive RaftClientReply:client-D9B31DDCE961->18b22b39-7551-46dd-8464-dd74933c4739@group-597320EF17B3, cid=2564, SUCCESS, logIndex=0, commits[18b22b39-7551-46dd-8464-dd74933c4739:c3745, 76d6a15c-8eeb-4764-b555-ce8767d18d57:c3744, c90dcfdf-5973-4b56-a955-1fc4555f10cb:c3744]
2019-09-19 11:26:39,278 [grpc-default-executor-7] INFO  client.GrpcClientProtocolClient (GrpcClientProtocolClient.java:onNext(264)) - client-D9B31DDCE961->18b22b39-7551-46dd-8464-dd74933c4739: receive RaftClientReply:client-D9B31DDCE961->18b22b39-7551-46dd-8464-dd74933c4739@group-597320EF17B3, cid=2565, SUCCESS, logIndex=3747, commits[18b22b39-7551-46dd-8464-dd74933c4739:c3748, 76d6a15c-8eeb-4764-b555-ce8767d18d57:c3746, c90dcfdf-5973-4b56-a955-1fc4555f10cb:c3746]
2019-09-19 11:26:39,278 [grpc-default-executor-1] INFO  client.GrpcClientProtocolClient (GrpcClientProtocolClient.java:onNext(264)) - client-D9B31DDCE961->18b22b39-7551-46dd-8464-dd74933c4739: receive RaftClientReply:client-D9B31DDCE961->18b22b39-7551-46dd-8464-dd74933c4739@group-597320EF17B3, cid=2566, SUCCESS, logIndex=3748, commits[18b22b39-7551-46dd-8464-dd74933c4739:c3748, 76d6a15c-8eeb-4764-b555-ce8767d18d57:c3746, c90dcfdf-5973-4b56-a955-1fc4555f10cb:c3746]
2019-09-19 11:26:39,279 [grpc-default-executor-1] INFO  client.GrpcClientProtocolClient (GrpcClientProtocolClient.java:onNext(264)) - client-D9B31DDCE961->18b22b39-7551-46dd-8464-dd74933c4739: receive RaftClientReply:client-D9B31DDCE961->18b22b39-7551-46dd-8464-dd74933c4739@group-597320EF17B3, cid=2567, SUCCESS, logIndex=3749, commits[18b22b39-7551-46dd-8464-dd74933c4739:c3750, 76d6a15c-8eeb-4764-b555-ce8767d18d57:c3746, c90dcfdf-5973-4b56-a955-1fc4555f10cb:c3746]
2019-09-19 11:26:39,279 [grpc-default-executor-1] INFO  client.GrpcClientProtocolClient (GrpcClientProtocolClient.java:onNext(264)) - client-D9B31DDCE961->18b22b39-7551-46dd-8464-dd74933c4739: receive RaftClientReply:client-D9B31DDCE961->18b22b39-7551-46dd-8464-dd74933c4739@group-597320EF17B3, cid=2568, SUCCESS, logIndex=3750, commits[18b22b39-7551-46dd-8464-dd74933c4739:c3750, 76d6a15c-8eeb-4764-b555-ce8767d18d57:c3746, c90dcfdf-5973-4b56-a955-1fc4555f10cb:c3746]
2019-09-19 11:26:39,291 [grpc-default-executor-1] INFO  client.GrpcClientProtocolClient (GrpcClientProtocolClient.java:onNext(264)) - client-D9B31DDCE961->18b22b39-7551-46dd-8464-dd74933c4739: receive RaftClientReply:client-D9B31DDCE961->18b22b39-7551-46dd-8464-dd74933c4739@group-597320EF17B3, cid=2569, SUCCESS, logIndex=0, commits[18b22b39-7551-46dd-8464-dd74933c4739:c3752, 76d6a15c-8eeb-4764-b555-ce8767d18d57:c3748, c90dcfdf-5973-4b56-a955-1fc4555f10cb:c3748]
2019-09-19 11:26:39,310 [grpc-default-executor-7] INFO  client.GrpcClientProtocolClient (GrpcClientProtocolClient.java:onNext(264)) - client-D9B31DDCE961->18b22b39-7551-46dd-8464-dd74933c4739: receive RaftClientReply:client-D9B31DDCE961->18b22b39-7551-46dd-8464-dd74933c4739@group-597320EF17B3, cid=2570, SUCCESS, logIndex=3755, commits[18b22b39-7551-46dd-8464-dd74933c4739:c3756, 76d6a15c-8eeb-4764-b555-ce8767d18d57:c3754, c90dcfdf-5973-4b56-a955-1fc4555f10cb:c3754]
2019-09-19 11:26:39,310 [grpc-default-executor-7] INFO  client.GrpcClientProtocolClient (GrpcClientProtocolClient.java:onNext(264)) - client-D9B31DDCE961->18b22b39-7551-46dd-8464-dd74933c4739: receive RaftClientReply:client-D9B31DDCE961->18b22b39-7551-46dd-8464-dd74933c4739@group-597320EF17B3, cid=2571, SUCCESS, logIndex=3756, commits[18b22b39-7551-46dd-8464-dd74933c4739:c3756, 76d6a15c-8eeb-4764-b555-ce8767d18d57:c3754, c90dcfdf-5973-4b56-a955-1fc4555f10cb:c3754]
2019-09-19 11:26:39,323 [grpc-default-executor-7] INFO  client.GrpcClientProtocolClient (GrpcClientProtocolClient.java:onNext(264)) - client-D9B31DDCE961->18b22b39-7551-46dd-8464-dd74933c4739: receive RaftClientReply:client-D9B31DDCE961->18b22b39-7551-46dd-8464-dd74933c4739@group-597320EF17B3, cid=2572, SUCCESS, logIndex=3759, commits[18b22b39-7551-46dd-8464-dd74933c4739:c3759, 76d6a15c-8eeb-4764-b555-ce8767d18d57:c3756, c90dcfdf-5973-4b56-a955-1fc4555f10cb:c3756]
2019-09-19 11:26:39,323 [grpc-default-executor-7] INFO  client.GrpcClientProtocolClient (GrpcClientProtocolClient.java:onNext(264)) - client-D9B31DDCE961->18b22b39-7551-46dd-8464-dd74933c4739: receive RaftClientReply:client-D9B31DDCE961->18b22b39-7551-46dd-8464-dd74933c4739@group-597320EF17B3, cid=2573, SUCCESS, logIndex=3760, commits[18b22b39-7551-46dd-8464-dd74933c4739:c3760, 76d6a15c-8eeb-4764-b555-ce8767d18d57:c3756, c90dcfdf-5973-4b56-a955-1fc4555f10cb:c3756]
2019-09-19 11:26:39,337 [grpc-default-executor-7] INFO  client.GrpcClientProtocolClient (GrpcClientProtocolClient.java:onNext(264)) - client-D9B31DDCE961->18b22b39-7551-46dd-8464-dd74933c4739: receive RaftClientReply:client-D9B31DDCE961->18b22b39-7551-46dd-8464-dd74933c4739@group-597320EF17B3, cid=2574, SUCCESS, logIndex=0, commits[18b22b39-7551-46dd-8464-dd74933c4739:c3762, 76d6a15c-8eeb-4764-b555-ce8767d18d57:c3760, c90dcfdf-5973-4b56-a955-1fc4555f10cb:c3760]
2019-09-19 11:26:39,356 [grpc-default-executor-7] INFO  client.GrpcClientProtocolClient (GrpcClientProtocolClient.java:onNext(264)) - client-D9B31DDCE961->18b22b39-7551-46dd-8464-dd74933c4739: receive RaftClientReply:client-D9B31DDCE961->18b22b39-7551-46dd-8464-dd74933c4739@group-597320EF17B3, cid=2575, SUCCESS, logIndex=3763, commits[18b22b39-7551-46dd-8464-dd74933c4739:c3764, 76d6a15c-8eeb-4764-b555-ce8767d18d57:c3762, c90dcfdf-5973-4b56-a955-1fc4555f10cb:c3762]
2019-09-19 11:26:39,357 [grpc-default-executor-1] INFO  client.GrpcClientProtocolClient (GrpcClientProtocolClient.java:onNext(264)) - client-D9B31DDCE961->18b22b39-7551-46dd-8464-dd74933c4739: receive RaftClientReply:client-D9B31DDCE961->18b22b39-7551-46dd-8464-dd74933c4739@group-597320EF17B3, cid=2576, SUCCESS, logIndex=3764, commits[18b22b39-7551-46dd-8464-dd74933c4739:c3764, 76d6a15c-8eeb-4764-b555-ce8767d18d57:c3762, c90dcfdf-5973-4b56-a955-1fc4555f10cb:c3762]
2019-09-19 11:26:39,357 [grpc-default-executor-1] INFO  client.GrpcClientProtocolClient (GrpcClientProtocolClient.java:onNext(264)) - client-D9B31DDCE961->18b22b39-7551-46dd-8464-dd74933c4739: receive RaftClientReply:client-D9B31DDCE961->18b22b39-7551-46dd-8464-dd74933c4739@group-597320EF17B3, cid=2577, SUCCESS, logIndex=3765, commits[18b22b39-7551-46dd-8464-dd74933c4739:c3766, 76d6a15c-8eeb-4764-b555-ce8767d18d57:c3762, c90dcfdf-5973-4b56-a955-1fc4555f10cb:c3762]
2019-09-19 11:26:39,357 [grpc-default-executor-1] INFO  client.GrpcClientProtocolClient (GrpcClientProtocolClient.java:onNext(264)) - client-D9B31DDCE961->18b22b39-7551-46dd-8464-dd74933c4739: receive RaftClientReply:client-D9B31DDCE961->18b22b39-7551-46dd-8464-dd74933c4739@group-597320EF17B3, cid=2578, SUCCESS, logIndex=3766, commits[18b22b39-7551-46dd-8464-dd74933c4739:c3766, 76d6a15c-8eeb-4764-b555-ce8767d18d57:c3762, c90dcfdf-5973-4b56-a955-1fc4555f10cb:c3762]
2019-09-19 11:26:39,491 [grpc-default-executor-1] INFO  client.GrpcClientProtocolClient (GrpcClientProtocolClient.java:onNext(264)) - client-D9B31DDCE961->18b22b39-7551-46dd-8464-dd74933c4739: receive RaftClientReply:client-D9B31DDCE961->18b22b39-7551-46dd-8464-dd74933c4739@group-597320EF17B3, cid=2579, SUCCESS, logIndex=0, commits[18b22b39-7551-46dd-8464-dd74933c4739:c3768, 76d6a15c-8eeb-4764-b555-ce8767d18d57:c3764, c90dcfdf-5973-4b56-a955-1fc4555f10cb:c3764]
2019-09-19 11:26:39,511 [grpc-default-executor-3] INFO  client.GrpcClientProtocolClient (GrpcClientProtocolClient.java:onNext(264)) - client-D9B31DDCE961->18b22b39-7551-46dd-8464-dd74933c4739: receive RaftClientReply:client-D9B31DDCE961->18b22b39-7551-46dd-8464-dd74933c4739@group-597320EF17B3, cid=2580, SUCCESS, logIndex=3771, commits[18b22b39-7551-46dd-8464-dd74933c4739:c3772, 76d6a15c-8eeb-4764-b555-ce8767d18d57:c3770, c90dcfdf-5973-4b56-a955-1fc4555f10cb:c3770]
2019-09-19 11:26:39,512 [grpc-default-executor-3] INFO  client.GrpcClientProtocolClient (GrpcClientProtocolClient.java:onNext(264)) - client-D9B31DDCE961->18b22b39-7551-46dd-8464-dd74933c4739: receive RaftClientReply:client-D9B31DDCE961->18b22b39-7551-46dd-8464-dd74933c4739@group-597320EF17B3, cid=2581, SUCCESS, logIndex=3772, commits[18b22b39-7551-46dd-8464-dd74933c4739:c3772, 76d6a15c-8eeb-4764-b555-ce8767d18d57:c3770, c90dcfdf-5973-4b56-a955-1fc4555f10cb:c3770]
2019-09-19 11:26:39,527 [grpc-default-executor-7] INFO  client.GrpcClientProtocolClient (GrpcClientProtocolClient.java:onNext(264)) - client-D9B31DDCE961->18b22b39-7551-46dd-8464-dd74933c4739: receive RaftClientReply:client-D9B31DDCE961->18b22b39-7551-46dd-8464-dd74933c4739@group-597320EF17B3, cid=2582, SUCCESS, logIndex=3775, commits[18b22b39-7551-46dd-8464-dd74933c4739:c3776, 76d6a15c-8eeb-4764-b555-ce8767d18d57:c3772, c90dcfdf-5973-4b56-a955-1fc4555f10cb:c3772]
2019-09-19 11:26:39,527 [grpc-default-executor-7] INFO  client.GrpcClientProtocolClient (GrpcClientProtocolClient.java:onNext(264)) - client-D9B31DDCE961->18b22b39-7551-46dd-8464-dd74933c4739: receive RaftClientReply:client-D9B31DDCE961->18b22b39-7551-46dd-8464-dd74933c4739@group-597320EF17B3, cid=2583, SUCCESS, logIndex=3776, commits[18b22b39-7551-46dd-8464-dd74933c4739:c3776, 76d6a15c-8eeb-4764-b555-ce8767d18d57:c3772, c90dcfdf-5973-4b56-a955-1fc4555f10cb:c3772]
2019-09-19 11:26:39,539 [grpc-default-executor-7] INFO  client.GrpcClientProtocolClient (GrpcClientProtocolClient.java:onNext(264)) - client-D9B31DDCE961->18b22b39-7551-46dd-8464-dd74933c4739: receive RaftClientReply:client-D9B31DDCE961->18b22b39-7551-46dd-8464-dd74933c4739@group-597320EF17B3, cid=2584, SUCCESS, logIndex=0, commits[18b22b39-7551-46dd-8464-dd74933c4739:c3778, 76d6a15c-8eeb-4764-b555-ce8767d18d57:c3776, c90dcfdf-5973-4b56-a955-1fc4555f10cb:c3776]
2019-09-19 11:26:39,567 [grpc-default-executor-3] INFO  client.GrpcClientProtocolClient (GrpcClientProtocolClient.java:onNext(264)) - client-D9B31DDCE961->18b22b39-7551-46dd-8464-dd74933c4739: receive RaftClientReply:client-D9B31DDCE961->18b22b39-7551-46dd-8464-dd74933c4739@group-597320EF17B3, cid=2585, SUCCESS, logIndex=3779, commits[18b22b39-7551-46dd-8464-dd74933c4739:c3780, 76d6a15c-8eeb-4764-b555-ce8767d18d57:c3778, c90dcfdf-5973-4b56-a955-1fc4555f10cb:c3778]
2019-09-19 11:26:39,567 [grpc-default-executor-3] INFO  client.GrpcClientProtocolClient (GrpcClientProtocolClient.java:onNext(264)) - client-D9B31DDCE961->18b22b39-7551-46dd-8464-dd74933c4739: receive RaftClientReply:client-D9B31DDCE961->18b22b39-7551-46dd-8464-dd74933c4739@group-597320EF17B3, cid=2586, SUCCESS, logIndex=3780, commits[18b22b39-7551-46dd-8464-dd74933c4739:c3782, 76d6a15c-8eeb-4764-b555-ce8767d18d57:c3778, c90dcfdf-5973-4b56-a955-1fc4555f10cb:c3778]
2019-09-19 11:26:39,568 [grpc-default-executor-3] INFO  client.GrpcClientProtocolClient (GrpcClientProtocolClient.java:onNext(264)) - client-D9B31DDCE961->18b22b39-7551-46dd-8464-dd74933c4739: receive RaftClientReply:client-D9B31DDCE961->18b22b39-7551-46dd-8464-dd74933c4739@group-597320EF17B3, cid=2587, SUCCESS, logIndex=3781, commits[18b22b39-7551-46dd-8464-dd74933c4739:c3782, 76d6a15c-8eeb-4764-b555-ce8767d18d57:c3778, c90dcfdf-5973-4b56-a955-1fc4555f10cb:c3778]
2019-09-19 11:26:39,568 [grpc-default-executor-3] INFO  client.GrpcClientProtocolClient (GrpcClientProtocolClient.java:onNext(264)) - client-D9B31DDCE961->18b22b39-7551-46dd-8464-dd74933c4739: receive RaftClientReply:client-D9B31DDCE961->18b22b39-7551-46dd-8464-dd74933c4739@group-597320EF17B3, cid=2588, SUCCESS, logIndex=3782, commits[18b22b39-7551-46dd-8464-dd74933c4739:c3782, 76d6a15c-8eeb-4764-b555-ce8767d18d57:c3778, c90dcfdf-5973-4b56-a955-1fc4555f10cb:c3778]
2019-09-19 11:26:39,579 [grpc-default-executor-3] INFO  client.GrpcClientProtocolClient (GrpcClientProtocolClient.java:onNext(264)) - client-D9B31DDCE961->18b22b39-7551-46dd-8464-dd74933c4739: receive RaftClientReply:client-D9B31DDCE961->18b22b39-7551-46dd-8464-dd74933c4739@group-597320EF17B3, cid=2589, SUCCESS, logIndex=0, commits[18b22b39-7551-46dd-8464-dd74933c4739:c3783, 76d6a15c-8eeb-4764-b555-ce8767d18d57:c3780, c90dcfdf-5973-4b56-a955-1fc4555f10cb:c3780]
2019-09-19 11:26:39,598 [grpc-default-executor-1] INFO  client.GrpcClientProtocolClient (GrpcClientProtocolClient.java:onNext(264)) - client-D9B31DDCE961->18b22b39-7551-46dd-8464-dd74933c4739: receive RaftClientReply:client-D9B31DDCE961->18b22b39-7551-46dd-8464-dd74933c4739@group-597320EF17B3, cid=2590, SUCCESS, logIndex=3787, commits[18b22b39-7551-46dd-8464-dd74933c4739:c3788, 76d6a15c-8eeb-4764-b555-ce8767d18d57:c3786, c90dcfdf-5973-4b56-a955-1fc4555f10cb:c3786]
2019-09-19 11:26:39,598 [grpc-default-executor-1] INFO  client.GrpcClientProtocolClient (GrpcClientProtocolClient.java:onNext(264)) - client-D9B31DDCE961->18b22b39-7551-46dd-8464-dd74933c4739: receive RaftClientReply:client-D9B31DDCE961->18b22b39-7551-46dd-8464-dd74933c4739@group-597320EF17B3, cid=2591, SUCCESS, logIndex=3788, commits[18b22b39-7551-46dd-8464-dd74933c4739:c3788, 76d6a15c-8eeb-4764-b555-ce8767d18d57:c3786, c90dcfdf-5973-4b56-a955-1fc4555f10cb:c3786]
2019-09-19 11:26:39,613 [grpc-default-executor-1] INFO  client.GrpcClientProtocolClient (GrpcClientProtocolClient.java:onNext(264)) - client-D9B31DDCE961->18b22b39-7551-46dd-8464-dd74933c4739: receive RaftClientReply:client-D9B31DDCE961->18b22b39-7551-46dd-8464-dd74933c4739@group-597320EF17B3, cid=2592, SUCCESS, logIndex=3791, commits[18b22b39-7551-46dd-8464-dd74933c4739:c3792, 76d6a15c-8eeb-4764-b555-ce8767d18d57:c3788, c90dcfdf-5973-4b56-a955-1fc4555f10cb:c3788]
2019-09-19 11:26:39,613 [grpc-default-executor-1] INFO  client.GrpcClientProtocolClient (GrpcClientProtocolClient.java:onNext(264)) - client-D9B31DDCE961->18b22b39-7551-46dd-8464-dd74933c4739: receive RaftClientReply:client-D9B31DDCE961->18b22b39-7551-46dd-8464-dd74933c4739@group-597320EF17B3, cid=2593, SUCCESS, logIndex=3792, commits[18b22b39-7551-46dd-8464-dd74933c4739:c3792, 76d6a15c-8eeb-4764-b555-ce8767d18d57:c3788, c90dcfdf-5973-4b56-a955-1fc4555f10cb:c3788]
2019-09-19 11:26:39,626 [grpc-default-executor-7] INFO  client.GrpcClientProtocolClient (GrpcClientProtocolClient.java:onNext(264)) - client-D9B31DDCE961->18b22b39-7551-46dd-8464-dd74933c4739: receive RaftClientReply:client-D9B31DDCE961->18b22b39-7551-46dd-8464-dd74933c4739@group-597320EF17B3, cid=2594, SUCCESS, logIndex=0, commits[18b22b39-7551-46dd-8464-dd74933c4739:c3794, 76d6a15c-8eeb-4764-b555-ce8767d18d57:c3792, c90dcfdf-5973-4b56-a955-1fc4555f10cb:c3792]
2019-09-19 11:26:39,651 [grpc-default-executor-3] INFO  client.GrpcClientProtocolClient (GrpcClientProtocolClient.java:onNext(264)) - client-D9B31DDCE961->18b22b39-7551-46dd-8464-dd74933c4739: receive RaftClientReply:client-D9B31DDCE961->18b22b39-7551-46dd-8464-dd74933c4739@group-597320EF17B3, cid=2595, SUCCESS, logIndex=3795, commits[18b22b39-7551-46dd-8464-dd74933c4739:c3797, 76d6a15c-8eeb-4764-b555-ce8767d18d57:c3794, c90dcfdf-5973-4b56-a955-1fc4555f10cb:c3794]
2019-09-19 11:26:39,651 [grpc-default-executor-3] INFO  client.GrpcClientProtocolClient (GrpcClientProtocolClient.java:onNext(264)) - client-D9B31DDCE961->18b22b39-7551-46dd-8464-dd74933c4739: receive RaftClientReply:client-D9B31DDCE961->18b22b39-7551-46dd-8464-dd74933c4739@group-597320EF17B3, cid=2596, SUCCESS, logIndex=3796, commits[18b22b39-7551-46dd-8464-dd74933c4739:c3798, 76d6a15c-8eeb-4764-b555-ce8767d18d57:c3794, c90dcfdf-5973-4b56-a955-1fc4555f10cb:c3794]
2019-09-19 11:26:39,651 [grpc-default-executor-3] INFO  client.GrpcClientProtocolClient (GrpcClientProtocolClient.java:onNext(264)) - client-D9B31DDCE961->18b22b39-7551-46dd-8464-dd74933c4739: receive RaftClientReply:client-D9B31DDCE961->18b22b39-7551-46dd-8464-dd74933c4739@group-597320EF17B3, cid=2597, SUCCESS, logIndex=3797, commits[18b22b39-7551-46dd-8464-dd74933c4739:c3798, 76d6a15c-8eeb-4764-b555-ce8767d18d57:c3794, c90dcfdf-5973-4b56-a955-1fc4555f10cb:c3794]
2019-09-19 11:26:39,651 [grpc-default-executor-3] INFO  client.GrpcClientProtocolClient (GrpcClientProtocolClient.java:onNext(264)) - client-D9B31DDCE961->18b22b39-7551-46dd-8464-dd74933c4739: receive RaftClientReply:client-D9B31DDCE961->18b22b39-7551-46dd-8464-dd74933c4739@group-597320EF17B3, cid=2598, SUCCESS, logIndex=3798, commits[18b22b39-7551-46dd-8464-dd74933c4739:c3798, 76d6a15c-8eeb-4764-b555-ce8767d18d57:c3794, c90dcfdf-5973-4b56-a955-1fc4555f10cb:c3794]
2019-09-19 11:26:39,653 [grpc-default-executor-1] INFO  client.GrpcClientProtocolClient (GrpcClientProtocolClient.java:onNext(264)) - client-D9B31DDCE961->18b22b39-7551-46dd-8464-dd74933c4739: receive RaftClientReply:client-D9B31DDCE961->18b22b39-7551-46dd-8464-dd74933c4739@group-597320EF17B3, cid=2599, SUCCESS, logIndex=0, commits[18b22b39-7551-46dd-8464-dd74933c4739:c3799, 76d6a15c-8eeb-4764-b555-ce8767d18d57:c3796, c90dcfdf-5973-4b56-a955-1fc4555f10cb:c3797]
2019-09-19 11:26:39,678 [grpc-default-executor-5] INFO  client.GrpcClientProtocolClient (GrpcClientProtocolClient.java:onNext(264)) - client-D9B31DDCE961->18b22b39-7551-46dd-8464-dd74933c4739: receive RaftClientReply:client-D9B31DDCE961->18b22b39-7551-46dd-8464-dd74933c4739@group-597320EF17B3, cid=2600, SUCCESS, logIndex=3803, commits[18b22b39-7551-46dd-8464-dd74933c4739:c3803, 76d6a15c-8eeb-4764-b555-ce8767d18d57:c3799, c90dcfdf-5973-4b56-a955-1fc4555f10cb:c3799]
2019-09-19 11:26:39,678 [grpc-default-executor-5] INFO  client.GrpcClientProtocolClient (GrpcClientProtocolClient.java:onNext(264)) - client-D9B31DDCE961->18b22b39-7551-46dd-8464-dd74933c4739: receive RaftClientReply:client-D9B31DDCE961->18b22b39-7551-46dd-8464-dd74933c4739@group-597320EF17B3, cid=2601, SUCCESS, logIndex=3804, commits[18b22b39-7551-46dd-8464-dd74933c4739:c3804, 76d6a15c-8eeb-4764-b555-ce8767d18d57:c3799, c90dcfdf-5973-4b56-a955-1fc4555f10cb:c3799]
 0.00% |█                                                                                                    |  0/1 Time: 0:00:432019-09-19 11:26:39,687 [grpc-default-executor-7] INFO  client.GrpcClientProtocolClient (GrpcClientProtocolClient.java:onNext(264)) - client-D9B31DDCE961->18b22b39-7551-46dd-8464-dd74933c4739: receive RaftClientReply:client-D9B31DDCE961->18b22b39-7551-46dd-8464-dd74933c4739@group-597320EF17B3, cid=2602, SUCCESS, logIndex=3807, commits[18b22b39-7551-46dd-8464-dd74933c4739:c3808, 76d6a15c-8eeb-4764-b555-ce8767d18d57:c3805, c90dcfdf-5973-4b56-a955-1fc4555f10cb:c3805]
2019-09-19 11:26:39,687 [grpc-default-executor-7] INFO  client.GrpcClientProtocolClient (GrpcClientProtocolClient.java:onNext(264)) - client-D9B31DDCE961->18b22b39-7551-46dd-8464-dd74933c4739: receive RaftClientReply:client-D9B31DDCE961->18b22b39-7551-46dd-8464-dd74933c4739@group-597320EF17B3, cid=2603, SUCCESS, logIndex=3808, commits[18b22b39-7551-46dd-8464-dd74933c4739:c3808, 76d6a15c-8eeb-4764-b555-ce8767d18d57:c3805, c90dcfdf-5973-4b56-a955-1fc4555f10cb:c3805]
2019-09-19 11:26:39,692 [grpc-default-executor-7] INFO  client.GrpcClientProtocolClient (GrpcClientProtocolClient.java:onNext(264)) - client-D9B31DDCE961->18b22b39-7551-46dd-8464-dd74933c4739: receive RaftClientReply:client-D9B31DDCE961->18b22b39-7551-46dd-8464-dd74933c4739@group-597320EF17B3, cid=2604, SUCCESS, logIndex=0, commits[18b22b39-7551-46dd-8464-dd74933c4739:c3810, 76d6a15c-8eeb-4764-b555-ce8767d18d57:c3808, c90dcfdf-5973-4b56-a955-1fc4555f10cb:c3808]
2019-09-19 11:26:39,708 [grpc-default-executor-7] INFO  client.GrpcClientProtocolClient (GrpcClientProtocolClient.java:onNext(264)) - client-D9B31DDCE961->18b22b39-7551-46dd-8464-dd74933c4739: receive RaftClientReply:client-D9B31DDCE961->18b22b39-7551-46dd-8464-dd74933c4739@group-597320EF17B3, cid=2605, SUCCESS, logIndex=3811, commits[18b22b39-7551-46dd-8464-dd74933c4739:c3812, 76d6a15c-8eeb-4764-b555-ce8767d18d57:c3808, c90dcfdf-5973-4b56-a955-1fc4555f10cb:c3810]
2019-09-19 11:26:39,709 [grpc-default-executor-7] INFO  client.GrpcClientProtocolClient (GrpcClientProtocolClient.java:onNext(264)) - client-D9B31DDCE961->18b22b39-7551-46dd-8464-dd74933c4739: receive RaftClientReply:client-D9B31DDCE961->18b22b39-7551-46dd-8464-dd74933c4739@group-597320EF17B3, cid=2606, SUCCESS, logIndex=3812, commits[18b22b39-7551-46dd-8464-dd74933c4739:c3812, 76d6a15c-8eeb-4764-b555-ce8767d18d57:c3810, c90dcfdf-5973-4b56-a955-1fc4555f10cb:c3810]
2019-09-19 11:26:39,709 [grpc-default-executor-5] INFO  client.GrpcClientProtocolClient (GrpcClientProtocolClient.java:onNext(264)) - client-D9B31DDCE961->18b22b39-7551-46dd-8464-dd74933c4739: receive RaftClientReply:client-D9B31DDCE961->18b22b39-7551-46dd-8464-dd74933c4739@group-597320EF17B3, cid=2607, SUCCESS, logIndex=3813, commits[18b22b39-7551-46dd-8464-dd74933c4739:c3814, 76d6a15c-8eeb-4764-b555-ce8767d18d57:c3810, c90dcfdf-5973-4b56-a955-1fc4555f10cb:c3810]
2019-09-19 11:26:39,709 [grpc-default-executor-5] INFO  client.GrpcClientProtocolClient (GrpcClientProtocolClient.java:onNext(264)) - client-D9B31DDCE961->18b22b39-7551-46dd-8464-dd74933c4739: receive RaftClientReply:client-D9B31DDCE961->18b22b39-7551-46dd-8464-dd74933c4739@group-597320EF17B3, cid=2608, SUCCESS, logIndex=3814, commits[18b22b39-7551-46dd-8464-dd74933c4739:c3814, 76d6a15c-8eeb-4764-b555-ce8767d18d57:c3810, c90dcfdf-5973-4b56-a955-1fc4555f10cb:c3810]
2019-09-19 11:26:39,713 [grpc-default-executor-5] INFO  client.GrpcClientProtocolClient (GrpcClientProtocolClient.java:onNext(264)) - client-D9B31DDCE961->18b22b39-7551-46dd-8464-dd74933c4739: receive RaftClientReply:client-D9B31DDCE961->18b22b39-7551-46dd-8464-dd74933c4739@group-597320EF17B3, cid=2609, SUCCESS, logIndex=0, commits[18b22b39-7551-46dd-8464-dd74933c4739:c3816, 76d6a15c-8eeb-4764-b555-ce8767d18d57:c3812, c90dcfdf-5973-4b56-a955-1fc4555f10cb:c3812]
2019-09-19 11:26:39,722 [grpc-default-executor-5] INFO  client.GrpcClientProtocolClient (GrpcClientProtocolClient.java:onNext(264)) - client-D9B31DDCE961->18b22b39-7551-46dd-8464-dd74933c4739: receive RaftClientReply:client-D9B31DDCE961->18b22b39-7551-46dd-8464-dd74933c4739@group-597320EF17B3, cid=2610, SUCCESS, logIndex=3818, commits[18b22b39-7551-46dd-8464-dd74933c4739:c3819, 76d6a15c-8eeb-4764-b555-ce8767d18d57:c3817, c90dcfdf-5973-4b56-a955-1fc4555f10cb:c3814]
2019-09-19 11:26:39,722 [grpc-default-executor-5] INFO  client.GrpcClientProtocolClient (GrpcClientProtocolClient.java:onNext(264)) - client-D9B31DDCE961->18b22b39-7551-46dd-8464-dd74933c4739: receive RaftClientReply:client-D9B31DDCE961->18b22b39-7551-46dd-8464-dd74933c4739@group-597320EF17B3, cid=2611, SUCCESS, logIndex=3819, commits[18b22b39-7551-46dd-8464-dd74933c4739:c3819, 76d6a15c-8eeb-4764-b555-ce8767d18d57:c3817, c90dcfdf-5973-4b56-a955-1fc4555f10cb:c3814]
2019-09-19 11:26:39,731 [grpc-default-executor-3] INFO  client.GrpcClientProtocolClient (GrpcClientProtocolClient.java:onNext(264)) - client-D9B31DDCE961->18b22b39-7551-46dd-8464-dd74933c4739: receive RaftClientReply:client-D9B31DDCE961->18b22b39-7551-46dd-8464-dd74933c4739@group-597320EF17B3, cid=2612, SUCCESS, logIndex=3821, commits[18b22b39-7551-46dd-8464-dd74933c4739:c3822, 76d6a15c-8eeb-4764-b555-ce8767d18d57:c3820, c90dcfdf-5973-4b56-a955-1fc4555f10cb:c3820]
2019-09-19 11:26:39,731 [grpc-default-executor-3] INFO  client.GrpcClientProtocolClient (GrpcClientProtocolClient.java:onNext(264)) - client-D9B31DDCE961->18b22b39-7551-46dd-8464-dd74933c4739: receive RaftClientReply:client-D9B31DDCE961->18b22b39-7551-46dd-8464-dd74933c4739@group-597320EF17B3, cid=2613, SUCCESS, logIndex=3822, commits[18b22b39-7551-46dd-8464-dd74933c4739:c3822, 76d6a15c-8eeb-4764-b555-ce8767d18d57:c3820, c90dcfdf-5973-4b56-a955-1fc4555f10cb:c3820]
2019-09-19 11:26:39,771 [grpc-default-executor-3] INFO  client.GrpcClientProtocolClient (GrpcClientProtocolClient.java:onNext(264)) - client-D9B31DDCE961->18b22b39-7551-46dd-8464-dd74933c4739: receive RaftClientReply:client-D9B31DDCE961->18b22b39-7551-46dd-8464-dd74933c4739@group-597320EF17B3, cid=2614, SUCCESS, logIndex=0, commits[18b22b39-7551-46dd-8464-dd74933c4739:c3824, 76d6a15c-8eeb-4764-b555-ce8767d18d57:c3822, c90dcfdf-5973-4b56-a955-1fc4555f10cb:c3822]
2019-09-19 11:26:39,799 [grpc-default-executor-1] INFO  client.GrpcClientProtocolClient (GrpcClientProtocolClient.java:onNext(264)) - client-D9B31DDCE961->18b22b39-7551-46dd-8464-dd74933c4739: receive RaftClientReply:client-D9B31DDCE961->18b22b39-7551-46dd-8464-dd74933c4739@group-597320EF17B3, cid=2615, SUCCESS, logIndex=3825, commits[18b22b39-7551-46dd-8464-dd74933c4739:c3826, 76d6a15c-8eeb-4764-b555-ce8767d18d57:c3824, c90dcfdf-5973-4b56-a955-1fc4555f10cb:c3824]
2019-09-19 11:26:39,799 [grpc-default-executor-1] INFO  client.GrpcClientProtocolClient (GrpcClientProtocolClient.java:onNext(264)) - client-D9B31DDCE961->18b22b39-7551-46dd-8464-dd74933c4739: receive RaftClientReply:client-D9B31DDCE961->18b22b39-7551-46dd-8464-dd74933c4739@group-597320EF17B3, cid=2616, SUCCESS, logIndex=3826, commits[18b22b39-7551-46dd-8464-dd74933c4739:c3826, 76d6a15c-8eeb-4764-b555-ce8767d18d57:c3824, c90dcfdf-5973-4b56-a955-1fc4555f10cb:c3824]
2019-09-19 11:26:39,800 [grpc-default-executor-1] INFO  client.GrpcClientProtocolClient (GrpcClientProtocolClient.java:onNext(264)) - client-D9B31DDCE961->18b22b39-7551-46dd-8464-dd74933c4739: receive RaftClientReply:client-D9B31DDCE961->18b22b39-7551-46dd-8464-dd74933c4739@group-597320EF17B3, cid=2617, SUCCESS, logIndex=3827, commits[18b22b39-7551-46dd-8464-dd74933c4739:c3828, 76d6a15c-8eeb-4764-b555-ce8767d18d57:c3824, c90dcfdf-5973-4b56-a955-1fc4555f10cb:c3824]
2019-09-19 11:26:39,800 [grpc-default-executor-7] INFO  client.GrpcClientProtocolClient (GrpcClientProtocolClient.java:onNext(264)) - client-D9B31DDCE961->18b22b39-7551-46dd-8464-dd74933c4739: receive RaftClientReply:client-D9B31DDCE961->18b22b39-7551-46dd-8464-dd74933c4739@group-597320EF17B3, cid=2618, SUCCESS, logIndex=3828, commits[18b22b39-7551-46dd-8464-dd74933c4739:c3828, 76d6a15c-8eeb-4764-b555-ce8767d18d57:c3824, c90dcfdf-5973-4b56-a955-1fc4555f10cb:c3824]
2019-09-19 11:26:39,802 [grpc-default-executor-7] INFO  client.GrpcClientProtocolClient (GrpcClientProtocolClient.java:onNext(264)) - client-D9B31DDCE961->18b22b39-7551-46dd-8464-dd74933c4739: receive RaftClientReply:client-D9B31DDCE961->18b22b39-7551-46dd-8464-dd74933c4739@group-597320EF17B3, cid=2619, SUCCESS, logIndex=0, commits[18b22b39-7551-46dd-8464-dd74933c4739:c3830, 76d6a15c-8eeb-4764-b555-ce8767d18d57:c3826, c90dcfdf-5973-4b56-a955-1fc4555f10cb:c3826]
2019-09-19 11:26:39,818 [grpc-default-executor-3] INFO  client.GrpcClientProtocolClient (GrpcClientProtocolClient.java:onNext(264)) - client-D9B31DDCE961->18b22b39-7551-46dd-8464-dd74933c4739: receive RaftClientReply:client-D9B31DDCE961->18b22b39-7551-46dd-8464-dd74933c4739@group-597320EF17B3, cid=2620, SUCCESS, logIndex=3833, commits[18b22b39-7551-46dd-8464-dd74933c4739:c3834, 76d6a15c-8eeb-4764-b555-ce8767d18d57:c3832, c90dcfdf-5973-4b56-a955-1fc4555f10cb:c3832]
2019-09-19 11:26:39,818 [grpc-default-executor-3] INFO  client.GrpcClientProtocolClient (GrpcClientProtocolClient.java:onNext(264)) - client-D9B31DDCE961->18b22b39-7551-46dd-8464-dd74933c4739: receive RaftClientReply:client-D9B31DDCE961->18b22b39-7551-46dd-8464-dd74933c4739@group-597320EF17B3, cid=2621, SUCCESS, logIndex=3834, commits[18b22b39-7551-46dd-8464-dd74933c4739:c3834, 76d6a15c-8eeb-4764-b555-ce8767d18d57:c3832, c90dcfdf-5973-4b56-a955-1fc4555f10cb:c3832]
2019-09-19 11:26:39,836 [grpc-default-executor-3] INFO  client.GrpcClientProtocolClient (GrpcClientProtocolClient.java:onNext(264)) - client-D9B31DDCE961->18b22b39-7551-46dd-8464-dd74933c4739: receive RaftClientReply:client-D9B31DDCE961->18b22b39-7551-46dd-8464-dd74933c4739@group-597320EF17B3, cid=2622, SUCCESS, logIndex=3837, commits[18b22b39-7551-46dd-8464-dd74933c4739:c3838, 76d6a15c-8eeb-4764-b555-ce8767d18d57:c3834, c90dcfdf-5973-4b56-a955-1fc4555f10cb:c3834]
2019-09-19 11:26:39,836 [grpc-default-executor-3] INFO  client.GrpcClientProtocolClient (GrpcClientProtocolClient.java:onNext(264)) - client-D9B31DDCE961->18b22b39-7551-46dd-8464-dd74933c4739: receive RaftClientReply:client-D9B31DDCE961->18b22b39-7551-46dd-8464-dd74933c4739@group-597320EF17B3, cid=2623, SUCCESS, logIndex=3838, commits[18b22b39-7551-46dd-8464-dd74933c4739:c3838, 76d6a15c-8eeb-4764-b555-ce8767d18d57:c3834, c90dcfdf-5973-4b56-a955-1fc4555f10cb:c3834]
2019-09-19 11:26:39,840 [grpc-default-executor-3] INFO  client.GrpcClientProtocolClient (GrpcClientProtocolClient.java:onNext(264)) - client-D9B31DDCE961->18b22b39-7551-46dd-8464-dd74933c4739: receive RaftClientReply:client-D9B31DDCE961->18b22b39-7551-46dd-8464-dd74933c4739@group-597320EF17B3, cid=2624, SUCCESS, logIndex=0, commits[18b22b39-7551-46dd-8464-dd74933c4739:c3840, 76d6a15c-8eeb-4764-b555-ce8767d18d57:c3838, c90dcfdf-5973-4b56-a955-1fc4555f10cb:c3838]
2019-09-19 11:26:39,864 [grpc-default-executor-3] INFO  client.GrpcClientProtocolClient (GrpcClientProtocolClient.java:onNext(264)) - client-D9B31DDCE961->18b22b39-7551-46dd-8464-dd74933c4739: receive RaftClientReply:client-D9B31DDCE961->18b22b39-7551-46dd-8464-dd74933c4739@group-597320EF17B3, cid=2625, SUCCESS, logIndex=3841, commits[18b22b39-7551-46dd-8464-dd74933c4739:c3842, 76d6a15c-8eeb-4764-b555-ce8767d18d57:c3840, c90dcfdf-5973-4b56-a955-1fc4555f10cb:c3840]
2019-09-19 11:26:39,865 [grpc-default-executor-3] INFO  client.GrpcClientProtocolClient (GrpcClientProtocolClient.java:onNext(264)) - client-D9B31DDCE961->18b22b39-7551-46dd-8464-dd74933c4739: receive RaftClientReply:client-D9B31DDCE961->18b22b39-7551-46dd-8464-dd74933c4739@group-597320EF17B3, cid=2626, SUCCESS, logIndex=3842, commits[18b22b39-7551-46dd-8464-dd74933c4739:c3844, 76d6a15c-8eeb-4764-b555-ce8767d18d57:c3840, c90dcfdf-5973-4b56-a955-1fc4555f10cb:c3840]
2019-09-19 11:26:39,865 [grpc-default-executor-3] INFO  client.GrpcClientProtocolClient (GrpcClientProtocolClient.java:onNext(264)) - client-D9B31DDCE961->18b22b39-7551-46dd-8464-dd74933c4739: receive RaftClientReply:client-D9B31DDCE961->18b22b39-7551-46dd-8464-dd74933c4739@group-597320EF17B3, cid=2627, SUCCESS, logIndex=3843, commits[18b22b39-7551-46dd-8464-dd74933c4739:c3844, 76d6a15c-8eeb-4764-b555-ce8767d18d57:c3840, c90dcfdf-5973-4b56-a955-1fc4555f10cb:c3840]
2019-09-19 11:26:39,865 [grpc-default-executor-1] INFO  client.GrpcClientProtocolClient (GrpcClientProtocolClient.java:onNext(264)) - client-D9B31DDCE961->18b22b39-7551-46dd-8464-dd74933c4739: receive RaftClientReply:client-D9B31DDCE961->18b22b39-7551-46dd-8464-dd74933c4739@group-597320EF17B3, cid=2628, SUCCESS, logIndex=3844, commits[18b22b39-7551-46dd-8464-dd74933c4739:c3844, 76d6a15c-8eeb-4764-b555-ce8767d18d57:c3840, c90dcfdf-5973-4b56-a955-1fc4555f10cb:c3840]
2019-09-19 11:26:39,867 [grpc-default-executor-3] INFO  client.GrpcClientProtocolClient (GrpcClientProtocolClient.java:onNext(264)) - client-D9B31DDCE961->18b22b39-7551-46dd-8464-dd74933c4739: receive RaftClientReply:client-D9B31DDCE961->18b22b39-7551-46dd-8464-dd74933c4739@group-597320EF17B3, cid=2629, SUCCESS, logIndex=0, commits[18b22b39-7551-46dd-8464-dd74933c4739:c3848, 76d6a15c-8eeb-4764-b555-ce8767d18d57:c3842, c90dcfdf-5973-4b56-a955-1fc4555f10cb:c3844]
2019-09-19 11:26:40,233 [grpc-default-executor-1] INFO  client.GrpcClientProtocolClient (GrpcClientProtocolClient.java:onNext(264)) - client-D9B31DDCE961->18b22b39-7551-46dd-8464-dd74933c4739: receive RaftClientReply:client-D9B31DDCE961->18b22b39-7551-46dd-8464-dd74933c4739@group-597320EF17B3, cid=2630, SUCCESS, logIndex=3849, commits[18b22b39-7551-46dd-8464-dd74933c4739:c3850, 76d6a15c-8eeb-4764-b555-ce8767d18d57:c3848, c90dcfdf-5973-4b56-a955-1fc4555f10cb:c3848]
2019-09-19 11:26:40,234 [grpc-default-executor-1] INFO  client.GrpcClientProtocolClient (GrpcClientProtocolClient.java:onNext(264)) - client-D9B31DDCE961->18b22b39-7551-46dd-8464-dd74933c4739: receive RaftClientReply:client-D9B31DDCE961->18b22b39-7551-46dd-8464-dd74933c4739@group-597320EF17B3, cid=2631, SUCCESS, logIndex=3850, commits[18b22b39-7551-46dd-8464-dd74933c4739:c3850, 76d6a15c-8eeb-4764-b555-ce8767d18d57:c3848, c90dcfdf-5973-4b56-a955-1fc4555f10cb:c3848]
2019-09-19 11:26:40,257 [grpc-default-executor-3] INFO  client.GrpcClientProtocolClient (GrpcClientProtocolClient.java:onNext(264)) - client-D9B31DDCE961->18b22b39-7551-46dd-8464-dd74933c4739: receive RaftClientReply:client-D9B31DDCE961->18b22b39-7551-46dd-8464-dd74933c4739@group-597320EF17B3, cid=2632, SUCCESS, logIndex=3853, commits[18b22b39-7551-46dd-8464-dd74933c4739:c3854, 76d6a15c-8eeb-4764-b555-ce8767d18d57:c3850, c90dcfdf-5973-4b56-a955-1fc4555f10cb:c3850]
2019-09-19 11:26:40,257 [grpc-default-executor-3] INFO  client.GrpcClientProtocolClient (GrpcClientProtocolClient.java:onNext(264)) - client-D9B31DDCE961->18b22b39-7551-46dd-8464-dd74933c4739: receive RaftClientReply:client-D9B31DDCE961->18b22b39-7551-46dd-8464-dd74933c4739@group-597320EF17B3, cid=2633, SUCCESS, logIndex=3854, commits[18b22b39-7551-46dd-8464-dd74933c4739:c3854, 76d6a15c-8eeb-4764-b555-ce8767d18d57:c3850, c90dcfdf-5973-4b56-a955-1fc4555f10cb:c3850]
2019-09-19 11:26:40,262 [grpc-default-executor-3] INFO  client.GrpcClientProtocolClient (GrpcClientProtocolClient.java:onNext(264)) - client-D9B31DDCE961->18b22b39-7551-46dd-8464-dd74933c4739: receive RaftClientReply:client-D9B31DDCE961->18b22b39-7551-46dd-8464-dd74933c4739@group-597320EF17B3, cid=2634, SUCCESS, logIndex=0, commits[18b22b39-7551-46dd-8464-dd74933c4739:c3855, 76d6a15c-8eeb-4764-b555-ce8767d18d57:c3854, c90dcfdf-5973-4b56-a955-1fc4555f10cb:c3854]
2019-09-19 11:26:40,286 [grpc-default-executor-1] INFO  client.GrpcClientProtocolClient (GrpcClientProtocolClient.java:onNext(264)) - client-D9B31DDCE961->18b22b39-7551-46dd-8464-dd74933c4739: receive RaftClientReply:client-D9B31DDCE961->18b22b39-7551-46dd-8464-dd74933c4739@group-597320EF17B3, cid=2635, SUCCESS, logIndex=3857, commits[18b22b39-7551-46dd-8464-dd74933c4739:c3858, 76d6a15c-8eeb-4764-b555-ce8767d18d57:c3856, c90dcfdf-5973-4b56-a955-1fc4555f10cb:c3854]
2019-09-19 11:26:40,286 [grpc-default-executor-1] INFO  client.GrpcClientProtocolClient (GrpcClientProtocolClient.java:onNext(264)) - client-D9B31DDCE961->18b22b39-7551-46dd-8464-dd74933c4739: receive RaftClientReply:client-D9B31DDCE961->18b22b39-7551-46dd-8464-dd74933c4739@group-597320EF17B3, cid=2636, SUCCESS, logIndex=3858, commits[18b22b39-7551-46dd-8464-dd74933c4739:c3858, 76d6a15c-8eeb-4764-b555-ce8767d18d57:c3856, c90dcfdf-5973-4b56-a955-1fc4555f10cb:c3856]
2019-09-19 11:26:40,289 [grpc-default-executor-7] INFO  client.GrpcClientProtocolClient (GrpcClientProtocolClient.java:onNext(264)) - client-D9B31DDCE961->18b22b39-7551-46dd-8464-dd74933c4739: receive RaftClientReply:client-D9B31DDCE961->18b22b39-7551-46dd-8464-dd74933c4739@group-597320EF17B3, cid=2637, SUCCESS, logIndex=3859, commits[18b22b39-7551-46dd-8464-dd74933c4739:c3859, 76d6a15c-8eeb-4764-b555-ce8767d18d57:c3856, c90dcfdf-5973-4b56-a955-1fc4555f10cb:c3856]
2019-09-19 11:26:40,289 [grpc-default-executor-7] INFO  client.GrpcClientProtocolClient (GrpcClientProtocolClient.java:onNext(264)) - client-D9B31DDCE961->18b22b39-7551-46dd-8464-dd74933c4739: receive RaftClientReply:client-D9B31DDCE961->18b22b39-7551-46dd-8464-dd74933c4739@group-597320EF17B3, cid=2638, SUCCESS, logIndex=3860, commits[18b22b39-7551-46dd-8464-dd74933c4739:c3860, 76d6a15c-8eeb-4764-b555-ce8767d18d57:c3856, c90dcfdf-5973-4b56-a955-1fc4555f10cb:c3856]
2019-09-19 11:26:40,291 [grpc-default-executor-5] INFO  client.GrpcClientProtocolClient (GrpcClientProtocolClient.java:onNext(264)) - client-D9B31DDCE961->18b22b39-7551-46dd-8464-dd74933c4739: receive RaftClientReply:client-D9B31DDCE961->18b22b39-7551-46dd-8464-dd74933c4739@group-597320EF17B3, cid=2639, SUCCESS, logIndex=0, commits[18b22b39-7551-46dd-8464-dd74933c4739:c3861, 76d6a15c-8eeb-4764-b555-ce8767d18d57:c3858, c90dcfdf-5973-4b56-a955-1fc4555f10cb:c3858]
2019-09-19 11:26:40,302 [grpc-default-executor-7] INFO  client.GrpcClientProtocolClient (GrpcClientProtocolClient.java:onNext(264)) - client-D9B31DDCE961->18b22b39-7551-46dd-8464-dd74933c4739: receive RaftClientReply:client-D9B31DDCE961->18b22b39-7551-46dd-8464-dd74933c4739@group-597320EF17B3, cid=2640, SUCCESS, logIndex=3865, commits[18b22b39-7551-46dd-8464-dd74933c4739:c3866, 76d6a15c-8eeb-4764-b555-ce8767d18d57:c3864, c90dcfdf-5973-4b56-a955-1fc4555f10cb:c3860]
2019-09-19 11:26:40,303 [grpc-default-executor-7] INFO  client.GrpcClientProtocolClient (GrpcClientProtocolClient.java:onNext(264)) - client-D9B31DDCE961->18b22b39-7551-46dd-8464-dd74933c4739: receive RaftClientReply:client-D9B31DDCE961->18b22b39-7551-46dd-8464-dd74933c4739@group-597320EF17B3, cid=2641, SUCCESS, logIndex=3866, commits[18b22b39-7551-46dd-8464-dd74933c4739:c3866, 76d6a15c-8eeb-4764-b555-ce8767d18d57:c3864, c90dcfdf-5973-4b56-a955-1fc4555f10cb:c3860]
2019-09-19 11:26:40,313 [grpc-default-executor-7] INFO  client.GrpcClientProtocolClient (GrpcClientProtocolClient.java:onNext(264)) - client-D9B31DDCE961->18b22b39-7551-46dd-8464-dd74933c4739: receive RaftClientReply:client-D9B31DDCE961->18b22b39-7551-46dd-8464-dd74933c4739@group-597320EF17B3, cid=2642, SUCCESS, logIndex=3869, commits[18b22b39-7551-46dd-8464-dd74933c4739:c3870, 76d6a15c-8eeb-4764-b555-ce8767d18d57:c3866, c90dcfdf-5973-4b56-a955-1fc4555f10cb:c3868]
2019-09-19 11:26:40,313 [grpc-default-executor-7] INFO  client.GrpcClientProtocolClient (GrpcClientProtocolClient.java:onNext(264)) - client-D9B31DDCE961->18b22b39-7551-46dd-8464-dd74933c4739: receive RaftClientReply:client-D9B31DDCE961->18b22b39-7551-46dd-8464-dd74933c4739@group-597320EF17B3, cid=2643, SUCCESS, logIndex=3870, commits[18b22b39-7551-46dd-8464-dd74933c4739:c3870, 76d6a15c-8eeb-4764-b555-ce8767d18d57:c3868, c90dcfdf-5973-4b56-a955-1fc4555f10cb:c3868]
2019-09-19 11:26:40,318 [grpc-default-executor-7] INFO  client.GrpcClientProtocolClient (GrpcClientProtocolClient.java:onNext(264)) - client-D9B31DDCE961->18b22b39-7551-46dd-8464-dd74933c4739: receive RaftClientReply:client-D9B31DDCE961->18b22b39-7551-46dd-8464-dd74933c4739@group-597320EF17B3, cid=2644, SUCCESS, logIndex=0, commits[18b22b39-7551-46dd-8464-dd74933c4739:c3872, 76d6a15c-8eeb-4764-b555-ce8767d18d57:c3870, c90dcfdf-5973-4b56-a955-1fc4555f10cb:c3870]
2019-09-19 11:26:40,338 [grpc-default-executor-5] INFO  client.GrpcClientProtocolClient (GrpcClientProtocolClient.java:onNext(264)) - client-D9B31DDCE961->18b22b39-7551-46dd-8464-dd74933c4739: receive RaftClientReply:client-D9B31DDCE961->18b22b39-7551-46dd-8464-dd74933c4739@group-597320EF17B3, cid=2645, SUCCESS, logIndex=3873, commits[18b22b39-7551-46dd-8464-dd74933c4739:c3874, 76d6a15c-8eeb-4764-b555-ce8767d18d57:c3870, c90dcfdf-5973-4b56-a955-1fc4555f10cb:c3872]
2019-09-19 11:26:40,339 [grpc-default-executor-5] INFO  client.GrpcClientProtocolClient (GrpcClientProtocolClient.java:onNext(264)) - client-D9B31DDCE961->18b22b39-7551-46dd-8464-dd74933c4739: receive RaftClientReply:client-D9B31DDCE961->18b22b39-7551-46dd-8464-dd74933c4739@group-597320EF17B3, cid=2646, SUCCESS, logIndex=3874, commits[18b22b39-7551-46dd-8464-dd74933c4739:c3874, 76d6a15c-8eeb-4764-b555-ce8767d18d57:c3872, c90dcfdf-5973-4b56-a955-1fc4555f10cb:c3872]
2019-09-19 11:26:40,339 [grpc-default-executor-5] INFO  client.GrpcClientProtocolClient (GrpcClientProtocolClient.java:onNext(264)) - client-D9B31DDCE961->18b22b39-7551-46dd-8464-dd74933c4739: receive RaftClientReply:client-D9B31DDCE961->18b22b39-7551-46dd-8464-dd74933c4739@group-597320EF17B3, cid=2647, SUCCESS, logIndex=3875, commits[18b22b39-7551-46dd-8464-dd74933c4739:c3876, 76d6a15c-8eeb-4764-b555-ce8767d18d57:c3872, c90dcfdf-5973-4b56-a955-1fc4555f10cb:c3872]
2019-09-19 11:26:40,340 [grpc-default-executor-5] INFO  client.GrpcClientProtocolClient (GrpcClientProtocolClient.java:onNext(264)) - client-D9B31DDCE961->18b22b39-7551-46dd-8464-dd74933c4739: receive RaftClientReply:client-D9B31DDCE961->18b22b39-7551-46dd-8464-dd74933c4739@group-597320EF17B3, cid=2648, SUCCESS, logIndex=3876, commits[18b22b39-7551-46dd-8464-dd74933c4739:c3876, 76d6a15c-8eeb-4764-b555-ce8767d18d57:c3872, c90dcfdf-5973-4b56-a955-1fc4555f10cb:c3872]
2019-09-19 11:26:40,343 [grpc-default-executor-5] INFO  client.GrpcClientProtocolClient (GrpcClientProtocolClient.java:onNext(264)) - client-D9B31DDCE961->18b22b39-7551-46dd-8464-dd74933c4739: receive RaftClientReply:client-D9B31DDCE961->18b22b39-7551-46dd-8464-dd74933c4739@group-597320EF17B3, cid=2649, SUCCESS, logIndex=0, commits[18b22b39-7551-46dd-8464-dd74933c4739:c3878, 76d6a15c-8eeb-4764-b555-ce8767d18d57:c3874, c90dcfdf-5973-4b56-a955-1fc4555f10cb:c3874]
2019-09-19 11:26:40,355 [grpc-default-executor-1] INFO  client.GrpcClientProtocolClient (GrpcClientProtocolClient.java:onNext(264)) - client-D9B31DDCE961->18b22b39-7551-46dd-8464-dd74933c4739: receive RaftClientReply:client-D9B31DDCE961->18b22b39-7551-46dd-8464-dd74933c4739@group-597320EF17B3, cid=2650, SUCCESS, logIndex=3881, commits[18b22b39-7551-46dd-8464-dd74933c4739:c3882, 76d6a15c-8eeb-4764-b555-ce8767d18d57:c3876, c90dcfdf-5973-4b56-a955-1fc4555f10cb:c3880]
2019-09-19 11:26:40,355 [grpc-default-executor-1] INFO  client.GrpcClientProtocolClient (GrpcClientProtocolClient.java:onNext(264)) - client-D9B31DDCE961->18b22b39-7551-46dd-8464-dd74933c4739: receive RaftClientReply:client-D9B31DDCE961->18b22b39-7551-46dd-8464-dd74933c4739@group-597320EF17B3, cid=2651, SUCCESS, logIndex=3882, commits[18b22b39-7551-46dd-8464-dd74933c4739:c3882, 76d6a15c-8eeb-4764-b555-ce8767d18d57:c3880, c90dcfdf-5973-4b56-a955-1fc4555f10cb:c3880]
2019-09-19 11:26:40,365 [grpc-default-executor-5] INFO  client.GrpcClientProtocolClient (GrpcClientProtocolClient.java:onNext(264)) - client-D9B31DDCE961->18b22b39-7551-46dd-8464-dd74933c4739: receive RaftClientReply:client-D9B31DDCE961->18b22b39-7551-46dd-8464-dd74933c4739@group-597320EF17B3, cid=2652, SUCCESS, logIndex=3885, commits[18b22b39-7551-46dd-8464-dd74933c4739:c3886, 76d6a15c-8eeb-4764-b555-ce8767d18d57:c3884, c90dcfdf-5973-4b56-a955-1fc4555f10cb:c3882]
2019-09-19 11:26:40,366 [grpc-default-executor-5] INFO  client.GrpcClientProtocolClient (GrpcClientProtocolClient.java:onNext(264)) - client-D9B31DDCE961->18b22b39-7551-46dd-8464-dd74933c4739: receive RaftClientReply:client-D9B31DDCE961->18b22b39-7551-46dd-8464-dd74933c4739@group-597320EF17B3, cid=2653, SUCCESS, logIndex=3886, commits[18b22b39-7551-46dd-8464-dd74933c4739:c3886, 76d6a15c-8eeb-4764-b555-ce8767d18d57:c3884, c90dcfdf-5973-4b56-a955-1fc4555f10cb:c3884]
2019-09-19 11:26:40,368 [grpc-default-executor-1] INFO  client.GrpcClientProtocolClient (GrpcClientProtocolClient.java:onNext(264)) - client-D9B31DDCE961->18b22b39-7551-46dd-8464-dd74933c4739: receive RaftClientReply:client-D9B31DDCE961->18b22b39-7551-46dd-8464-dd74933c4739@group-597320EF17B3, cid=2654, SUCCESS, logIndex=0, commits[18b22b39-7551-46dd-8464-dd74933c4739:c3887, 76d6a15c-8eeb-4764-b555-ce8767d18d57:c3886, c90dcfdf-5973-4b56-a955-1fc4555f10cb:c3886]
2019-09-19 11:26:40,388 [grpc-default-executor-5] INFO  client.GrpcClientProtocolClient (GrpcClientProtocolClient.java:onNext(264)) - client-D9B31DDCE961->18b22b39-7551-46dd-8464-dd74933c4739: receive RaftClientReply:client-D9B31DDCE961->18b22b39-7551-46dd-8464-dd74933c4739@group-597320EF17B3, cid=2655, SUCCESS, logIndex=3889, commits[18b22b39-7551-46dd-8464-dd74933c4739:c3890, 76d6a15c-8eeb-4764-b555-ce8767d18d57:c3888, c90dcfdf-5973-4b56-a955-1fc4555f10cb:c3888]
2019-09-19 11:26:40,388 [grpc-default-executor-5] INFO  client.GrpcClientProtocolClient (GrpcClientProtocolClient.java:onNext(264)) - client-D9B31DDCE961->18b22b39-7551-46dd-8464-dd74933c4739: receive RaftClientReply:client-D9B31DDCE961->18b22b39-7551-46dd-8464-dd74933c4739@group-597320EF17B3, cid=2656, SUCCESS, logIndex=3890, commits[18b22b39-7551-46dd-8464-dd74933c4739:c3892, 76d6a15c-8eeb-4764-b555-ce8767d18d57:c3888, c90dcfdf-5973-4b56-a955-1fc4555f10cb:c3888]
2019-09-19 11:26:40,389 [grpc-default-executor-5] INFO  client.GrpcClientProtocolClient (GrpcClientProtocolClient.java:onNext(264)) - client-D9B31DDCE961->18b22b39-7551-46dd-8464-dd74933c4739: receive RaftClientReply:client-D9B31DDCE961->18b22b39-7551-46dd-8464-dd74933c4739@group-597320EF17B3, cid=2657, SUCCESS, logIndex=3891, commits[18b22b39-7551-46dd-8464-dd74933c4739:c3892, 76d6a15c-8eeb-4764-b555-ce8767d18d57:c3888, c90dcfdf-5973-4b56-a955-1fc4555f10cb:c3888]
2019-09-19 11:26:40,389 [grpc-default-executor-5] INFO  client.GrpcClientProtocolClient (GrpcClientProtocolClient.java:onNext(264)) - client-D9B31DDCE961->18b22b39-7551-46dd-8464-dd74933c4739: receive RaftClientReply:client-D9B31DDCE961->18b22b39-7551-46dd-8464-dd74933c4739@group-597320EF17B3, cid=2658, SUCCESS, logIndex=3892, commits[18b22b39-7551-46dd-8464-dd74933c4739:c3892, 76d6a15c-8eeb-4764-b555-ce8767d18d57:c3888, c90dcfdf-5973-4b56-a955-1fc4555f10cb:c3888]
2019-09-19 11:26:40,402 [grpc-default-executor-1] INFO  client.GrpcClientProtocolClient (GrpcClientProtocolClient.java:onNext(264)) - client-D9B31DDCE961->18b22b39-7551-46dd-8464-dd74933c4739: receive RaftClientReply:client-D9B31DDCE961->18b22b39-7551-46dd-8464-dd74933c4739@group-597320EF17B3, cid=2659, SUCCESS, logIndex=0, commits[18b22b39-7551-46dd-8464-dd74933c4739:c3893, 76d6a15c-8eeb-4764-b555-ce8767d18d57:c3890, c90dcfdf-5973-4b56-a955-1fc4555f10cb:c3890]
2019-09-19 11:26:40,424 [grpc-default-executor-1] INFO  client.GrpcClientProtocolClient (GrpcClientProtocolClient.java:onNext(264)) - client-D9B31DDCE961->18b22b39-7551-46dd-8464-dd74933c4739: receive RaftClientReply:client-D9B31DDCE961->18b22b39-7551-46dd-8464-dd74933c4739@group-597320EF17B3, cid=2660, SUCCESS, logIndex=3896, commits[18b22b39-7551-46dd-8464-dd74933c4739:c3897, 76d6a15c-8eeb-4764-b555-ce8767d18d57:c3895, c90dcfdf-5973-4b56-a955-1fc4555f10cb:c3895]
2019-09-19 11:26:40,425 [grpc-default-executor-1] INFO  client.GrpcClientProtocolClient (GrpcClientProtocolClient.java:onNext(264)) - client-D9B31DDCE961->18b22b39-7551-46dd-8464-dd74933c4739: receive RaftClientReply:client-D9B31DDCE961->18b22b39-7551-46dd-8464-dd74933c4739@group-597320EF17B3, cid=2661, SUCCESS, logIndex=3897, commits[18b22b39-7551-46dd-8464-dd74933c4739:c3897, 76d6a15c-8eeb-4764-b555-ce8767d18d57:c3895, c90dcfdf-5973-4b56-a955-1fc4555f10cb:c3895]
2019-09-19 11:26:40,450 [grpc-default-executor-3] INFO  client.GrpcClientProtocolClient (GrpcClientProtocolClient.java:onNext(264)) - client-D9B31DDCE961->18b22b39-7551-46dd-8464-dd74933c4739: receive RaftClientReply:client-D9B31DDCE961->18b22b39-7551-46dd-8464-dd74933c4739@group-597320EF17B3, cid=2662, SUCCESS, logIndex=3900, commits[18b22b39-7551-46dd-8464-dd74933c4739:c3901, 76d6a15c-8eeb-4764-b555-ce8767d18d57:c3897, c90dcfdf-5973-4b56-a955-1fc4555f10cb:c3897]
2019-09-19 11:26:40,450 [grpc-default-executor-3] INFO  client.GrpcClientProtocolClient (GrpcClientProtocolClient.java:onNext(264)) - client-D9B31DDCE961->18b22b39-7551-46dd-8464-dd74933c4739: receive RaftClientReply:client-D9B31DDCE961->18b22b39-7551-46dd-8464-dd74933c4739@group-597320EF17B3, cid=2663, SUCCESS, logIndex=3901, commits[18b22b39-7551-46dd-8464-dd74933c4739:c3901, 76d6a15c-8eeb-4764-b555-ce8767d18d57:c3897, c90dcfdf-5973-4b56-a955-1fc4555f10cb:c3897]
2019-09-19 11:26:40,462 [grpc-default-executor-3] INFO  client.GrpcClientProtocolClient (GrpcClientProtocolClient.java:onNext(264)) - client-D9B31DDCE961->18b22b39-7551-46dd-8464-dd74933c4739: receive RaftClientReply:client-D9B31DDCE961->18b22b39-7551-46dd-8464-dd74933c4739@group-597320EF17B3, cid=2664, SUCCESS, logIndex=0, commits[18b22b39-7551-46dd-8464-dd74933c4739:c3902, 76d6a15c-8eeb-4764-b555-ce8767d18d57:c3901, c90dcfdf-5973-4b56-a955-1fc4555f10cb:c3901]
2019-09-19 11:26:40,488 [grpc-default-executor-1] INFO  client.GrpcClientProtocolClient (GrpcClientProtocolClient.java:onNext(264)) - client-D9B31DDCE961->18b22b39-7551-46dd-8464-dd74933c4739: receive RaftClientReply:client-D9B31DDCE961->18b22b39-7551-46dd-8464-dd74933c4739@group-597320EF17B3, cid=2665, SUCCESS, logIndex=3904, commits[18b22b39-7551-46dd-8464-dd74933c4739:c3905, 76d6a15c-8eeb-4764-b555-ce8767d18d57:c3902, c90dcfdf-5973-4b56-a955-1fc4555f10cb:c3902]
2019-09-19 11:26:40,489 [grpc-default-executor-1] INFO  client.GrpcClientProtocolClient (GrpcClientProtocolClient.java:onNext(264)) - client-D9B31DDCE961->18b22b39-7551-46dd-8464-dd74933c4739: receive RaftClientReply:client-D9B31DDCE961->18b22b39-7551-46dd-8464-dd74933c4739@group-597320EF17B3, cid=2666, SUCCESS, logIndex=3905, commits[18b22b39-7551-46dd-8464-dd74933c4739:c3906, 76d6a15c-8eeb-4764-b555-ce8767d18d57:c3902, c90dcfdf-5973-4b56-a955-1fc4555f10cb:c3902]
2019-09-19 11:26:40,489 [grpc-default-executor-1] INFO  client.GrpcClientProtocolClient (GrpcClientProtocolClient.java:onNext(264)) - client-D9B31DDCE961->18b22b39-7551-46dd-8464-dd74933c4739: receive RaftClientReply:client-D9B31DDCE961->18b22b39-7551-46dd-8464-dd74933c4739@group-597320EF17B3, cid=2667, SUCCESS, logIndex=3906, commits[18b22b39-7551-46dd-8464-dd74933c4739:c3907, 76d6a15c-8eeb-4764-b555-ce8767d18d57:c3902, c90dcfdf-5973-4b56-a955-1fc4555f10cb:c3902]
2019-09-19 11:26:40,489 [grpc-default-executor-1] INFO  client.GrpcClientProtocolClient (GrpcClientProtocolClient.java:onNext(264)) - client-D9B31DDCE961->18b22b39-7551-46dd-8464-dd74933c4739: receive RaftClientReply:client-D9B31DDCE961->18b22b39-7551-46dd-8464-dd74933c4739@group-597320EF17B3, cid=2668, SUCCESS, logIndex=3907, commits[18b22b39-7551-46dd-8464-dd74933c4739:c3907, 76d6a15c-8eeb-4764-b555-ce8767d18d57:c3902, c90dcfdf-5973-4b56-a955-1fc4555f10cb:c3902]
2019-09-19 11:26:40,492 [grpc-default-executor-3] INFO  client.GrpcClientProtocolClient (GrpcClientProtocolClient.java:onNext(264)) - client-D9B31DDCE961->18b22b39-7551-46dd-8464-dd74933c4739: receive RaftClientReply:client-D9B31DDCE961->18b22b39-7551-46dd-8464-dd74933c4739@group-597320EF17B3, cid=2669, SUCCESS, logIndex=0, commits[18b22b39-7551-46dd-8464-dd74933c4739:c3909, 76d6a15c-8eeb-4764-b555-ce8767d18d57:c3905, c90dcfdf-5973-4b56-a955-1fc4555f10cb:c3905]
2019-09-19 11:26:40,505 [grpc-default-executor-1] INFO  client.GrpcClientProtocolClient (GrpcClientProtocolClient.java:onNext(264)) - client-D9B31DDCE961->18b22b39-7551-46dd-8464-dd74933c4739: receive RaftClientReply:client-D9B31DDCE961->18b22b39-7551-46dd-8464-dd74933c4739@group-597320EF17B3, cid=2670, SUCCESS, logIndex=3912, commits[18b22b39-7551-46dd-8464-dd74933c4739:c3913, 76d6a15c-8eeb-4764-b555-ce8767d18d57:c3907, c90dcfdf-5973-4b56-a955-1fc4555f10cb:c3911]
2019-09-19 11:26:40,506 [grpc-default-executor-1] INFO  client.GrpcClientProtocolClient (GrpcClientProtocolClient.java:onNext(264)) - client-D9B31DDCE961->18b22b39-7551-46dd-8464-dd74933c4739: receive RaftClientReply:client-D9B31DDCE961->18b22b39-7551-46dd-8464-dd74933c4739@group-597320EF17B3, cid=2671, SUCCESS, logIndex=3913, commits[18b22b39-7551-46dd-8464-dd74933c4739:c3913, 76d6a15c-8eeb-4764-b555-ce8767d18d57:c3911, c90dcfdf-5973-4b56-a955-1fc4555f10cb:c3911]
 0.00% |█                                                                                                    |  0/1 Time: 0:00:442019-09-19 11:26:40,708 [grpc-default-executor-1] INFO  client.GrpcClientProtocolClient (GrpcClientProtocolClient.java:onNext(264)) - client-D9B31DDCE961->18b22b39-7551-46dd-8464-dd74933c4739: receive RaftClientReply:client-D9B31DDCE961->18b22b39-7551-46dd-8464-dd74933c4739@group-597320EF17B3, cid=2672, SUCCESS, logIndex=3916, commits[18b22b39-7551-46dd-8464-dd74933c4739:c3917, 76d6a15c-8eeb-4764-b555-ce8767d18d57:c3913, c90dcfdf-5973-4b56-a955-1fc4555f10cb:c3915]
2019-09-19 11:26:40,709 [grpc-default-executor-1] INFO  client.GrpcClientProtocolClient (GrpcClientProtocolClient.java:onNext(264)) - client-D9B31DDCE961->18b22b39-7551-46dd-8464-dd74933c4739: receive RaftClientReply:client-D9B31DDCE961->18b22b39-7551-46dd-8464-dd74933c4739@group-597320EF17B3, cid=2673, SUCCESS, logIndex=3917, commits[18b22b39-7551-46dd-8464-dd74933c4739:c3917, 76d6a15c-8eeb-4764-b555-ce8767d18d57:c3915, c90dcfdf-5973-4b56-a955-1fc4555f10cb:c3915]
2019-09-19 11:26:40,734 [grpc-default-executor-1] INFO  client.GrpcClientProtocolClient (GrpcClientProtocolClient.java:onNext(264)) - client-D9B31DDCE961->18b22b39-7551-46dd-8464-dd74933c4739: receive RaftClientReply:client-D9B31DDCE961->18b22b39-7551-46dd-8464-dd74933c4739@group-597320EF17B3, cid=2674, SUCCESS, logIndex=0, commits[18b22b39-7551-46dd-8464-dd74933c4739:c3918, 76d6a15c-8eeb-4764-b555-ce8767d18d57:c3917, c90dcfdf-5973-4b56-a955-1fc4555f10cb:c3917]
2019-09-19 11:26:40,768 [grpc-default-executor-1] INFO  client.GrpcClientProtocolClient (GrpcClientProtocolClient.java:onNext(264)) - client-D9B31DDCE961->18b22b39-7551-46dd-8464-dd74933c4739: receive RaftClientReply:client-D9B31DDCE961->18b22b39-7551-46dd-8464-dd74933c4739@group-597320EF17B3, cid=2675, SUCCESS, logIndex=3920, commits[18b22b39-7551-46dd-8464-dd74933c4739:c3921, 76d6a15c-8eeb-4764-b555-ce8767d18d57:c3917, c90dcfdf-5973-4b56-a955-1fc4555f10cb:c3919]
2019-09-19 11:26:40,769 [grpc-default-executor-1] INFO  client.GrpcClientProtocolClient (GrpcClientProtocolClient.java:onNext(264)) - client-D9B31DDCE961->18b22b39-7551-46dd-8464-dd74933c4739: receive RaftClientReply:client-D9B31DDCE961->18b22b39-7551-46dd-8464-dd74933c4739@group-597320EF17B3, cid=2676, SUCCESS, logIndex=3921, commits[18b22b39-7551-46dd-8464-dd74933c4739:c3921, 76d6a15c-8eeb-4764-b555-ce8767d18d57:c3919, c90dcfdf-5973-4b56-a955-1fc4555f10cb:c3919]
2019-09-19 11:26:40,779 [grpc-default-executor-5] INFO  client.GrpcClientProtocolClient (GrpcClientProtocolClient.java:onNext(264)) - client-D9B31DDCE961->18b22b39-7551-46dd-8464-dd74933c4739: receive RaftClientReply:client-D9B31DDCE961->18b22b39-7551-46dd-8464-dd74933c4739@group-597320EF17B3, cid=2677, SUCCESS, logIndex=3922, commits[18b22b39-7551-46dd-8464-dd74933c4739:c3923, 76d6a15c-8eeb-4764-b555-ce8767d18d57:c3919, c90dcfdf-5973-4b56-a955-1fc4555f10cb:c3919]
2019-09-19 11:26:40,779 [grpc-default-executor-5] INFO  client.GrpcClientProtocolClient (GrpcClientProtocolClient.java:onNext(264)) - client-D9B31DDCE961->18b22b39-7551-46dd-8464-dd74933c4739: receive RaftClientReply:client-D9B31DDCE961->18b22b39-7551-46dd-8464-dd74933c4739@group-597320EF17B3, cid=2678, SUCCESS, logIndex=3923, commits[18b22b39-7551-46dd-8464-dd74933c4739:c3923, 76d6a15c-8eeb-4764-b555-ce8767d18d57:c3919, c90dcfdf-5973-4b56-a955-1fc4555f10cb:c3919]
2019-09-19 11:26:40,792 [grpc-default-executor-5] INFO  client.GrpcClientProtocolClient (GrpcClientProtocolClient.java:onNext(264)) - client-D9B31DDCE961->18b22b39-7551-46dd-8464-dd74933c4739: receive RaftClientReply:client-D9B31DDCE961->18b22b39-7551-46dd-8464-dd74933c4739@group-597320EF17B3, cid=2679, SUCCESS, logIndex=0, commits[18b22b39-7551-46dd-8464-dd74933c4739:c3925, 76d6a15c-8eeb-4764-b555-ce8767d18d57:c3921, c90dcfdf-5973-4b56-a955-1fc4555f10cb:c3921]
2019-09-19 11:26:40,819 [grpc-default-executor-1] INFO  client.GrpcClientProtocolClient (GrpcClientProtocolClient.java:onNext(264)) - client-D9B31DDCE961->18b22b39-7551-46dd-8464-dd74933c4739: receive RaftClientReply:client-D9B31DDCE961->18b22b39-7551-46dd-8464-dd74933c4739@group-597320EF17B3, cid=2680, SUCCESS, logIndex=3928, commits[18b22b39-7551-46dd-8464-dd74933c4739:c3929, 76d6a15c-8eeb-4764-b555-ce8767d18d57:c3926, c90dcfdf-5973-4b56-a955-1fc4555f10cb:c3926]
2019-09-19 11:26:40,819 [grpc-default-executor-1] INFO  client.GrpcClientProtocolClient (GrpcClientProtocolClient.java:onNext(264)) - client-D9B31DDCE961->18b22b39-7551-46dd-8464-dd74933c4739: receive RaftClientReply:client-D9B31DDCE961->18b22b39-7551-46dd-8464-dd74933c4739@group-597320EF17B3, cid=2681, SUCCESS, logIndex=3929, commits[18b22b39-7551-46dd-8464-dd74933c4739:c3929, 76d6a15c-8eeb-4764-b555-ce8767d18d57:c3926, c90dcfdf-5973-4b56-a955-1fc4555f10cb:c3926]
2019-09-19 11:26:40,831 [grpc-default-executor-5] INFO  client.GrpcClientProtocolClient (GrpcClientProtocolClient.java:onNext(264)) - client-D9B31DDCE961->18b22b39-7551-46dd-8464-dd74933c4739: receive RaftClientReply:client-D9B31DDCE961->18b22b39-7551-46dd-8464-dd74933c4739@group-597320EF17B3, cid=2682, SUCCESS, logIndex=3931, commits[18b22b39-7551-46dd-8464-dd74933c4739:c3932, 76d6a15c-8eeb-4764-b555-ce8767d18d57:c3930, c90dcfdf-5973-4b56-a955-1fc4555f10cb:c3929]
2019-09-19 11:26:40,832 [grpc-default-executor-5] INFO  client.GrpcClientProtocolClient (GrpcClientProtocolClient.java:onNext(264)) - client-D9B31DDCE961->18b22b39-7551-46dd-8464-dd74933c4739: receive RaftClientReply:client-D9B31DDCE961->18b22b39-7551-46dd-8464-dd74933c4739@group-597320EF17B3, cid=2683, SUCCESS, logIndex=3932, commits[18b22b39-7551-46dd-8464-dd74933c4739:c3932, 76d6a15c-8eeb-4764-b555-ce8767d18d57:c3930, c90dcfdf-5973-4b56-a955-1fc4555f10cb:c3930]
2019-09-19 11:26:40,839 [grpc-default-executor-5] INFO  client.GrpcClientProtocolClient (GrpcClientProtocolClient.java:onNext(264)) - client-D9B31DDCE961->18b22b39-7551-46dd-8464-dd74933c4739: receive RaftClientReply:client-D9B31DDCE961->18b22b39-7551-46dd-8464-dd74933c4739@group-597320EF17B3, cid=2684, SUCCESS, logIndex=0, commits[18b22b39-7551-46dd-8464-dd74933c4739:c3934, 76d6a15c-8eeb-4764-b555-ce8767d18d57:c3932, c90dcfdf-5973-4b56-a955-1fc4555f10cb:c3932]
2019-09-19 11:26:40,861 [grpc-default-executor-5] INFO  client.GrpcClientProtocolClient (GrpcClientProtocolClient.java:onNext(264)) - client-D9B31DDCE961->18b22b39-7551-46dd-8464-dd74933c4739: receive RaftClientReply:client-D9B31DDCE961->18b22b39-7551-46dd-8464-dd74933c4739@group-597320EF17B3, cid=2685, SUCCESS, logIndex=3935, commits[18b22b39-7551-46dd-8464-dd74933c4739:c3936, 76d6a15c-8eeb-4764-b555-ce8767d18d57:c3934, c90dcfdf-5973-4b56-a955-1fc4555f10cb:c3934]
2019-09-19 11:26:40,862 [grpc-default-executor-5] INFO  client.GrpcClientProtocolClient (GrpcClientProtocolClient.java:onNext(264)) - client-D9B31DDCE961->18b22b39-7551-46dd-8464-dd74933c4739: receive RaftClientReply:client-D9B31DDCE961->18b22b39-7551-46dd-8464-dd74933c4739@group-597320EF17B3, cid=2686, SUCCESS, logIndex=3936, commits[18b22b39-7551-46dd-8464-dd74933c4739:c3936, 76d6a15c-8eeb-4764-b555-ce8767d18d57:c3934, c90dcfdf-5973-4b56-a955-1fc4555f10cb:c3934]
2019-09-19 11:26:40,863 [grpc-default-executor-1] INFO  client.GrpcClientProtocolClient (GrpcClientProtocolClient.java:onNext(264)) - client-D9B31DDCE961->18b22b39-7551-46dd-8464-dd74933c4739: receive RaftClientReply:client-D9B31DDCE961->18b22b39-7551-46dd-8464-dd74933c4739@group-597320EF17B3, cid=2687, SUCCESS, logIndex=3937, commits[18b22b39-7551-46dd-8464-dd74933c4739:c3938, 76d6a15c-8eeb-4764-b555-ce8767d18d57:c3934, c90dcfdf-5973-4b56-a955-1fc4555f10cb:c3934]
2019-09-19 11:26:40,863 [grpc-default-executor-1] INFO  client.GrpcClientProtocolClient (GrpcClientProtocolClient.java:onNext(264)) - client-D9B31DDCE961->18b22b39-7551-46dd-8464-dd74933c4739: receive RaftClientReply:client-D9B31DDCE961->18b22b39-7551-46dd-8464-dd74933c4739@group-597320EF17B3, cid=2688, SUCCESS, logIndex=3938, commits[18b22b39-7551-46dd-8464-dd74933c4739:c3938, 76d6a15c-8eeb-4764-b555-ce8767d18d57:c3934, c90dcfdf-5973-4b56-a955-1fc4555f10cb:c3934]
2019-09-19 11:26:40,897 [grpc-default-executor-1] INFO  client.GrpcClientProtocolClient (GrpcClientProtocolClient.java:onNext(264)) - client-D9B31DDCE961->18b22b39-7551-46dd-8464-dd74933c4739: receive RaftClientReply:client-D9B31DDCE961->18b22b39-7551-46dd-8464-dd74933c4739@group-597320EF17B3, cid=2689, SUCCESS, logIndex=0, commits[18b22b39-7551-46dd-8464-dd74933c4739:c3940, 76d6a15c-8eeb-4764-b555-ce8767d18d57:c3936, c90dcfdf-5973-4b56-a955-1fc4555f10cb:c3936]
2019-09-19 11:26:40,923 [grpc-default-executor-3] INFO  client.GrpcClientProtocolClient (GrpcClientProtocolClient.java:onNext(264)) - client-D9B31DDCE961->18b22b39-7551-46dd-8464-dd74933c4739: receive RaftClientReply:client-D9B31DDCE961->18b22b39-7551-46dd-8464-dd74933c4739@group-597320EF17B3, cid=2690, SUCCESS, logIndex=3943, commits[18b22b39-7551-46dd-8464-dd74933c4739:c3944, 76d6a15c-8eeb-4764-b555-ce8767d18d57:c3942, c90dcfdf-5973-4b56-a955-1fc4555f10cb:c3938]
2019-09-19 11:26:40,924 [grpc-default-executor-3] INFO  client.GrpcClientProtocolClient (GrpcClientProtocolClient.java:onNext(264)) - client-D9B31DDCE961->18b22b39-7551-46dd-8464-dd74933c4739: receive RaftClientReply:client-D9B31DDCE961->18b22b39-7551-46dd-8464-dd74933c4739@group-597320EF17B3, cid=2691, SUCCESS, logIndex=3944, commits[18b22b39-7551-46dd-8464-dd74933c4739:c3944, 76d6a15c-8eeb-4764-b555-ce8767d18d57:c3942, c90dcfdf-5973-4b56-a955-1fc4555f10cb:c3938]
2019-09-19 11:26:40,949 [grpc-default-executor-1] INFO  client.GrpcClientProtocolClient (GrpcClientProtocolClient.java:onNext(264)) - client-D9B31DDCE961->18b22b39-7551-46dd-8464-dd74933c4739: receive RaftClientReply:client-D9B31DDCE961->18b22b39-7551-46dd-8464-dd74933c4739@group-597320EF17B3, cid=2692, SUCCESS, logIndex=3947, commits[18b22b39-7551-46dd-8464-dd74933c4739:c3948, 76d6a15c-8eeb-4764-b555-ce8767d18d57:c3943, c90dcfdf-5973-4b56-a955-1fc4555f10cb:c3944]
2019-09-19 11:26:40,949 [grpc-default-executor-1] INFO  client.GrpcClientProtocolClient (GrpcClientProtocolClient.java:onNext(264)) - client-D9B31DDCE961->18b22b39-7551-46dd-8464-dd74933c4739: receive RaftClientReply:client-D9B31DDCE961->18b22b39-7551-46dd-8464-dd74933c4739@group-597320EF17B3, cid=2693, SUCCESS, logIndex=3948, commits[18b22b39-7551-46dd-8464-dd74933c4739:c3948, 76d6a15c-8eeb-4764-b555-ce8767d18d57:c3944, c90dcfdf-5973-4b56-a955-1fc4555f10cb:c3944]
2019-09-19 11:26:40,963 [grpc-default-executor-3] INFO  client.GrpcClientProtocolClient (GrpcClientProtocolClient.java:onNext(264)) - client-D9B31DDCE961->18b22b39-7551-46dd-8464-dd74933c4739: receive RaftClientReply:client-D9B31DDCE961->18b22b39-7551-46dd-8464-dd74933c4739@group-597320EF17B3, cid=2694, SUCCESS, logIndex=0, commits[18b22b39-7551-46dd-8464-dd74933c4739:c3949, 76d6a15c-8eeb-4764-b555-ce8767d18d57:c3948, c90dcfdf-5973-4b56-a955-1fc4555f10cb:c3948]
2019-09-19 11:26:40,996 [grpc-default-executor-7] INFO  client.GrpcClientProtocolClient (GrpcClientProtocolClient.java:onNext(264)) - client-D9B31DDCE961->18b22b39-7551-46dd-8464-dd74933c4739: receive RaftClientReply:client-D9B31DDCE961->18b22b39-7551-46dd-8464-dd74933c4739@group-597320EF17B3, cid=2695, SUCCESS, logIndex=3951, commits[18b22b39-7551-46dd-8464-dd74933c4739:c3951, 76d6a15c-8eeb-4764-b555-ce8767d18d57:c3948, c90dcfdf-5973-4b56-a955-1fc4555f10cb:c3950]
2019-09-19 11:26:40,996 [grpc-default-executor-7] INFO  client.GrpcClientProtocolClient (GrpcClientProtocolClient.java:onNext(264)) - client-D9B31DDCE961->18b22b39-7551-46dd-8464-dd74933c4739: receive RaftClientReply:client-D9B31DDCE961->18b22b39-7551-46dd-8464-dd74933c4739@group-597320EF17B3, cid=2696, SUCCESS, logIndex=3952, commits[18b22b39-7551-46dd-8464-dd74933c4739:c3952, 76d6a15c-8eeb-4764-b555-ce8767d18d57:c3950, c90dcfdf-5973-4b56-a955-1fc4555f10cb:c3950]
2019-09-19 11:26:41,006 [grpc-default-executor-5] INFO  client.GrpcClientProtocolClient (GrpcClientProtocolClient.java:onNext(264)) - client-D9B31DDCE961->18b22b39-7551-46dd-8464-dd74933c4739: receive RaftClientReply:client-D9B31DDCE961->18b22b39-7551-46dd-8464-dd74933c4739@group-597320EF17B3, cid=2697, SUCCESS, logIndex=3953, commits[18b22b39-7551-46dd-8464-dd74933c4739:c3954, 76d6a15c-8eeb-4764-b555-ce8767d18d57:c3950, c90dcfdf-5973-4b56-a955-1fc4555f10cb:c3950]
2019-09-19 11:26:41,007 [grpc-default-executor-5] INFO  client.GrpcClientProtocolClient (GrpcClientProtocolClient.java:onNext(264)) - client-D9B31DDCE961->18b22b39-7551-46dd-8464-dd74933c4739: receive RaftClientReply:client-D9B31DDCE961->18b22b39-7551-46dd-8464-dd74933c4739@group-597320EF17B3, cid=2698, SUCCESS, logIndex=3954, commits[18b22b39-7551-46dd-8464-dd74933c4739:c3954, 76d6a15c-8eeb-4764-b555-ce8767d18d57:c3950, c90dcfdf-5973-4b56-a955-1fc4555f10cb:c3950]
2019-09-19 11:26:41,010 [grpc-default-executor-7] INFO  client.GrpcClientProtocolClient (GrpcClientProtocolClient.java:onNext(264)) - client-D9B31DDCE961->18b22b39-7551-46dd-8464-dd74933c4739: receive RaftClientReply:client-D9B31DDCE961->18b22b39-7551-46dd-8464-dd74933c4739@group-597320EF17B3, cid=2699, SUCCESS, logIndex=0, commits[18b22b39-7551-46dd-8464-dd74933c4739:c3956, 76d6a15c-8eeb-4764-b555-ce8767d18d57:c3952, c90dcfdf-5973-4b56-a955-1fc4555f10cb:c3952]
2019-09-19 11:26:41,111 [grpc-default-executor-7] INFO  client.GrpcClientProtocolClient (GrpcClientProtocolClient.java:onNext(264)) - client-D9B31DDCE961->18b22b39-7551-46dd-8464-dd74933c4739: receive RaftClientReply:client-D9B31DDCE961->18b22b39-7551-46dd-8464-dd74933c4739@group-597320EF17B3, cid=2700, SUCCESS, logIndex=3959, commits[18b22b39-7551-46dd-8464-dd74933c4739:c3960, 76d6a15c-8eeb-4764-b555-ce8767d18d57:c3954, c90dcfdf-5973-4b56-a955-1fc4555f10cb:c3956]
2019-09-19 11:26:41,112 [grpc-default-executor-7] INFO  client.GrpcClientProtocolClient (GrpcClientProtocolClient.java:onNext(264)) - client-D9B31DDCE961->18b22b39-7551-46dd-8464-dd74933c4739: receive RaftClientReply:client-D9B31DDCE961->18b22b39-7551-46dd-8464-dd74933c4739@group-597320EF17B3, cid=2701, SUCCESS, logIndex=3960, commits[18b22b39-7551-46dd-8464-dd74933c4739:c3960, 76d6a15c-8eeb-4764-b555-ce8767d18d57:c3954, c90dcfdf-5973-4b56-a955-1fc4555f10cb:c3956]
2019-09-19 11:26:41,126 [grpc-default-executor-7] INFO  client.GrpcClientProtocolClient (GrpcClientProtocolClient.java:onNext(264)) - client-D9B31DDCE961->18b22b39-7551-46dd-8464-dd74933c4739: receive RaftClientReply:client-D9B31DDCE961->18b22b39-7551-46dd-8464-dd74933c4739@group-597320EF17B3, cid=2702, SUCCESS, logIndex=3963, commits[18b22b39-7551-46dd-8464-dd74933c4739:c3964, 76d6a15c-8eeb-4764-b555-ce8767d18d57:c3954, c90dcfdf-5973-4b56-a955-1fc4555f10cb:c3960]
2019-09-19 11:26:41,126 [grpc-default-executor-7] INFO  client.GrpcClientProtocolClient (GrpcClientProtocolClient.java:onNext(264)) - client-D9B31DDCE961->18b22b39-7551-46dd-8464-dd74933c4739: receive RaftClientReply:client-D9B31DDCE961->18b22b39-7551-46dd-8464-dd74933c4739@group-597320EF17B3, cid=2703, SUCCESS, logIndex=3964, commits[18b22b39-7551-46dd-8464-dd74933c4739:c3964, 76d6a15c-8eeb-4764-b555-ce8767d18d57:c3954, c90dcfdf-5973-4b56-a955-1fc4555f10cb:c3960]
2019-09-19 11:26:41,422 [grpc-default-executor-7] INFO  client.GrpcClientProtocolClient (GrpcClientProtocolClient.java:onNext(264)) - client-D9B31DDCE961->18b22b39-7551-46dd-8464-dd74933c4739: receive RaftClientReply:client-D9B31DDCE961->18b22b39-7551-46dd-8464-dd74933c4739@group-597320EF17B3, cid=2704, SUCCESS, logIndex=0, commits[18b22b39-7551-46dd-8464-dd74933c4739:c3966, 76d6a15c-8eeb-4764-b555-ce8767d18d57:c3960, c90dcfdf-5973-4b56-a955-1fc4555f10cb:c3964]
2019-09-19 11:26:41,423 [grpc-default-executor-7] INFO  client.GrpcClientProtocolClient (GrpcClientProtocolClient.java:onNext(264)) - client-D9B31DDCE961->18b22b39-7551-46dd-8464-dd74933c4739: receive RaftClientReply:client-D9B31DDCE961->18b22b39-7551-46dd-8464-dd74933c4739@group-597320EF17B3, cid=2705, SUCCESS, logIndex=0, commits[18b22b39-7551-46dd-8464-dd74933c4739:c3966, 76d6a15c-8eeb-4764-b555-ce8767d18d57:c3964, c90dcfdf-5973-4b56-a955-1fc4555f10cb:c3964]
2019-09-19 11:26:41,448 [grpc-default-executor-7] INFO  client.GrpcClientProtocolClient (GrpcClientProtocolClient.java:onNext(264)) - client-D9B31DDCE961->18b22b39-7551-46dd-8464-dd74933c4739: receive RaftClientReply:client-D9B31DDCE961->18b22b39-7551-46dd-8464-dd74933c4739@group-597320EF17B3, cid=2706, SUCCESS, logIndex=3967, commits[18b22b39-7551-46dd-8464-dd74933c4739:c3968, 76d6a15c-8eeb-4764-b555-ce8767d18d57:c3966, c90dcfdf-5973-4b56-a955-1fc4555f10cb:c3966]
2019-09-19 11:26:41,448 [grpc-default-executor-7] INFO  client.GrpcClientProtocolClient (GrpcClientProtocolClient.java:onNext(264)) - client-D9B31DDCE961->18b22b39-7551-46dd-8464-dd74933c4739: receive RaftClientReply:client-D9B31DDCE961->18b22b39-7551-46dd-8464-dd74933c4739@group-597320EF17B3, cid=2707, SUCCESS, logIndex=3968, commits[18b22b39-7551-46dd-8464-dd74933c4739:c3968, 76d6a15c-8eeb-4764-b555-ce8767d18d57:c3966, c90dcfdf-5973-4b56-a955-1fc4555f10cb:c3966]
2019-09-19 11:26:41,449 [grpc-default-executor-7] INFO  client.GrpcClientProtocolClient (GrpcClientProtocolClient.java:onNext(264)) - client-D9B31DDCE961->18b22b39-7551-46dd-8464-dd74933c4739: receive RaftClientReply:client-D9B31DDCE961->18b22b39-7551-46dd-8464-dd74933c4739@group-597320EF17B3, cid=2708, SUCCESS, logIndex=3969, commits[18b22b39-7551-46dd-8464-dd74933c4739:c3970, 76d6a15c-8eeb-4764-b555-ce8767d18d57:c3966, c90dcfdf-5973-4b56-a955-1fc4555f10cb:c3966]
2019-09-19 11:26:41,449 [grpc-default-executor-7] INFO  client.GrpcClientProtocolClient (GrpcClientProtocolClient.java:onNext(264)) - client-D9B31DDCE961->18b22b39-7551-46dd-8464-dd74933c4739: receive RaftClientReply:client-D9B31DDCE961->18b22b39-7551-46dd-8464-dd74933c4739@group-597320EF17B3, cid=2709, SUCCESS, logIndex=3970, commits[18b22b39-7551-46dd-8464-dd74933c4739:c3970, 76d6a15c-8eeb-4764-b555-ce8767d18d57:c3966, c90dcfdf-5973-4b56-a955-1fc4555f10cb:c3966]
2019-09-19 11:26:41,464 [grpc-default-executor-7] INFO  client.GrpcClientProtocolClient (GrpcClientProtocolClient.java:onNext(264)) - client-D9B31DDCE961->18b22b39-7551-46dd-8464-dd74933c4739: receive RaftClientReply:client-D9B31DDCE961->18b22b39-7551-46dd-8464-dd74933c4739@group-597320EF17B3, cid=2710, SUCCESS, logIndex=0, commits[18b22b39-7551-46dd-8464-dd74933c4739:c3972, 76d6a15c-8eeb-4764-b555-ce8767d18d57:c3968, c90dcfdf-5973-4b56-a955-1fc4555f10cb:c3968]
2019-09-19 11:26:41,477 [grpc-default-executor-7] INFO  client.GrpcClientProtocolClient (GrpcClientProtocolClient.java:onNext(264)) - client-D9B31DDCE961->18b22b39-7551-46dd-8464-dd74933c4739: receive RaftClientReply:client-D9B31DDCE961->18b22b39-7551-46dd-8464-dd74933c4739@group-597320EF17B3, cid=2711, SUCCESS, logIndex=3975, commits[18b22b39-7551-46dd-8464-dd74933c4739:c3976, 76d6a15c-8eeb-4764-b555-ce8767d18d57:c3974, c90dcfdf-5973-4b56-a955-1fc4555f10cb:c3970]
2019-09-19 11:26:41,478 [grpc-default-executor-7] INFO  client.GrpcClientProtocolClient (GrpcClientProtocolClient.java:onNext(264)) - client-D9B31DDCE961->18b22b39-7551-46dd-8464-dd74933c4739: receive RaftClientReply:client-D9B31DDCE961->18b22b39-7551-46dd-8464-dd74933c4739@group-597320EF17B3, cid=2712, SUCCESS, logIndex=3976, commits[18b22b39-7551-46dd-8464-dd74933c4739:c3976, 76d6a15c-8eeb-4764-b555-ce8767d18d57:c3974, c90dcfdf-5973-4b56-a955-1fc4555f10cb:c3970]
2019-09-19 11:26:41,502 [grpc-default-executor-1] INFO  client.GrpcClientProtocolClient (GrpcClientProtocolClient.java:onNext(264)) - client-D9B31DDCE961->18b22b39-7551-46dd-8464-dd74933c4739: receive RaftClientReply:client-D9B31DDCE961->18b22b39-7551-46dd-8464-dd74933c4739@group-597320EF17B3, cid=2713, SUCCESS, logIndex=3979, commits[18b22b39-7551-46dd-8464-dd74933c4739:c3980, 76d6a15c-8eeb-4764-b555-ce8767d18d57:c3976, c90dcfdf-5973-4b56-a955-1fc4555f10cb:c3976]
2019-09-19 11:26:41,502 [grpc-default-executor-1] INFO  client.GrpcClientProtocolClient (GrpcClientProtocolClient.java:onNext(264)) - client-D9B31DDCE961->18b22b39-7551-46dd-8464-dd74933c4739: receive RaftClientReply:client-D9B31DDCE961->18b22b39-7551-46dd-8464-dd74933c4739@group-597320EF17B3, cid=2714, SUCCESS, logIndex=3980, commits[18b22b39-7551-46dd-8464-dd74933c4739:c3980, 76d6a15c-8eeb-4764-b555-ce8767d18d57:c3976, c90dcfdf-5973-4b56-a955-1fc4555f10cb:c3976]
2019-09-19 11:26:41,515 [grpc-default-executor-1] INFO  client.GrpcClientProtocolClient (GrpcClientProtocolClient.java:onNext(264)) - client-D9B31DDCE961->18b22b39-7551-46dd-8464-dd74933c4739: receive RaftClientReply:client-D9B31DDCE961->18b22b39-7551-46dd-8464-dd74933c4739@group-597320EF17B3, cid=2715, SUCCESS, logIndex=0, commits[18b22b39-7551-46dd-8464-dd74933c4739:c3981, 76d6a15c-8eeb-4764-b555-ce8767d18d57:c3980, c90dcfdf-5973-4b56-a955-1fc4555f10cb:c3980]
2019-09-19 11:26:41,545 [grpc-default-executor-5] INFO  client.GrpcClientProtocolClient (GrpcClientProtocolClient.java:onNext(264)) - client-D9B31DDCE961->18b22b39-7551-46dd-8464-dd74933c4739: receive RaftClientReply:client-D9B31DDCE961->18b22b39-7551-46dd-8464-dd74933c4739@group-597320EF17B3, cid=2716, SUCCESS, logIndex=3982, commits[18b22b39-7551-46dd-8464-dd74933c4739:c3983, 76d6a15c-8eeb-4764-b555-ce8767d18d57:c3981, c90dcfdf-5973-4b56-a955-1fc4555f10cb:c3981]
2019-09-19 11:26:41,546 [grpc-default-executor-5] INFO  client.GrpcClientProtocolClient (GrpcClientProtocolClient.java:onNext(264)) - client-D9B31DDCE961->18b22b39-7551-46dd-8464-dd74933c4739: receive RaftClientReply:client-D9B31DDCE961->18b22b39-7551-46dd-8464-dd74933c4739@group-597320EF17B3, cid=2717, SUCCESS, logIndex=3983, commits[18b22b39-7551-46dd-8464-dd74933c4739:c3983, 76d6a15c-8eeb-4764-b555-ce8767d18d57:c3981, c90dcfdf-5973-4b56-a955-1fc4555f10cb:c3981]
2019-09-19 11:26:41,556 [grpc-default-executor-5] INFO  client.GrpcClientProtocolClient (GrpcClientProtocolClient.java:onNext(264)) - client-D9B31DDCE961->18b22b39-7551-46dd-8464-dd74933c4739: receive RaftClientReply:client-D9B31DDCE961->18b22b39-7551-46dd-8464-dd74933c4739@group-597320EF17B3, cid=2718, SUCCESS, logIndex=3984, commits[18b22b39-7551-46dd-8464-dd74933c4739:c3985, 76d6a15c-8eeb-4764-b555-ce8767d18d57:c3981, c90dcfdf-5973-4b56-a955-1fc4555f10cb:c3981]
2019-09-19 11:26:41,556 [grpc-default-executor-5] INFO  client.GrpcClientProtocolClient (GrpcClientProtocolClient.java:onNext(264)) - client-D9B31DDCE961->18b22b39-7551-46dd-8464-dd74933c4739: receive RaftClientReply:client-D9B31DDCE961->18b22b39-7551-46dd-8464-dd74933c4739@group-597320EF17B3, cid=2719, SUCCESS, logIndex=3985, commits[18b22b39-7551-46dd-8464-dd74933c4739:c3985, 76d6a15c-8eeb-4764-b555-ce8767d18d57:c3981, c90dcfdf-5973-4b56-a955-1fc4555f10cb:c3981]
2019-09-19 11:26:41,567 [grpc-default-executor-5] INFO  client.GrpcClientProtocolClient (GrpcClientProtocolClient.java:onNext(264)) - client-D9B31DDCE961->18b22b39-7551-46dd-8464-dd74933c4739: receive RaftClientReply:client-D9B31DDCE961->18b22b39-7551-46dd-8464-dd74933c4739@group-597320EF17B3, cid=2720, SUCCESS, logIndex=0, commits[18b22b39-7551-46dd-8464-dd74933c4739:c3987, 76d6a15c-8eeb-4764-b555-ce8767d18d57:c3983, c90dcfdf-5973-4b56-a955-1fc4555f10cb:c3985]
2019-09-19 11:26:41,591 [grpc-default-executor-7] INFO  client.GrpcClientProtocolClient (GrpcClientProtocolClient.java:onNext(264)) - client-D9B31DDCE961->18b22b39-7551-46dd-8464-dd74933c4739: receive RaftClientReply:client-D9B31DDCE961->18b22b39-7551-46dd-8464-dd74933c4739@group-597320EF17B3, cid=2721, SUCCESS, logIndex=3989, commits[18b22b39-7551-46dd-8464-dd74933c4739:c3990, 76d6a15c-8eeb-4764-b555-ce8767d18d57:c3987, c90dcfdf-5973-4b56-a955-1fc4555f10cb:c3987]
2019-09-19 11:26:41,592 [grpc-default-executor-7] INFO  client.GrpcClientProtocolClient (GrpcClientProtocolClient.java:onNext(264)) - client-D9B31DDCE961->18b22b39-7551-46dd-8464-dd74933c4739: receive RaftClientReply:client-D9B31DDCE961->18b22b39-7551-46dd-8464-dd74933c4739@group-597320EF17B3, cid=2722, SUCCESS, logIndex=3990, commits[18b22b39-7551-46dd-8464-dd74933c4739:c3990, 76d6a15c-8eeb-4764-b555-ce8767d18d57:c3987, c90dcfdf-5973-4b56-a955-1fc4555f10cb:c3987]
2019-09-19 11:26:41,626 [grpc-default-executor-5] INFO  client.GrpcClientProtocolClient (GrpcClientProtocolClient.java:onNext(264)) - client-D9B31DDCE961->18b22b39-7551-46dd-8464-dd74933c4739: receive RaftClientReply:client-D9B31DDCE961->18b22b39-7551-46dd-8464-dd74933c4739@group-597320EF17B3, cid=2723, SUCCESS, logIndex=3993, commits[18b22b39-7551-46dd-8464-dd74933c4739:c3994, 76d6a15c-8eeb-4764-b555-ce8767d18d57:c3990, c90dcfdf-5973-4b56-a955-1fc4555f10cb:c3990]
2019-09-19 11:26:41,627 [grpc-default-executor-5] INFO  client.GrpcClientProtocolClient (GrpcClientProtocolClient.java:onNext(264)) - client-D9B31DDCE961->18b22b39-7551-46dd-8464-dd74933c4739: receive RaftClientReply:client-D9B31DDCE961->18b22b39-7551-46dd-8464-dd74933c4739@group-597320EF17B3, cid=2724, SUCCESS, logIndex=3994, commits[18b22b39-7551-46dd-8464-dd74933c4739:c3994, 76d6a15c-8eeb-4764-b555-ce8767d18d57:c3990, c90dcfdf-5973-4b56-a955-1fc4555f10cb:c3990]
2019-09-19 11:26:41,649 [grpc-default-executor-5] INFO  client.GrpcClientProtocolClient (GrpcClientProtocolClient.java:onNext(264)) - client-D9B31DDCE961->18b22b39-7551-46dd-8464-dd74933c4739: receive RaftClientReply:client-D9B31DDCE961->18b22b39-7551-46dd-8464-dd74933c4739@group-597320EF17B3, cid=2725, SUCCESS, logIndex=0, commits[18b22b39-7551-46dd-8464-dd74933c4739:c3996, 76d6a15c-8eeb-4764-b555-ce8767d18d57:c3994, c90dcfdf-5973-4b56-a955-1fc4555f10cb:c3994]
2019-09-19 11:26:41,682 [grpc-default-executor-1] INFO  client.GrpcClientProtocolClient (GrpcClientProtocolClient.java:onNext(264)) - client-D9B31DDCE961->18b22b39-7551-46dd-8464-dd74933c4739: receive RaftClientReply:client-D9B31DDCE961->18b22b39-7551-46dd-8464-dd74933c4739@group-597320EF17B3, cid=2726, SUCCESS, logIndex=3997, commits[18b22b39-7551-46dd-8464-dd74933c4739:c3998, 76d6a15c-8eeb-4764-b555-ce8767d18d57:c3996, c90dcfdf-5973-4b56-a955-1fc4555f10cb:c3996]
2019-09-19 11:26:41,683 [grpc-default-executor-1] INFO  client.GrpcClientProtocolClient (GrpcClientProtocolClient.java:onNext(264)) - client-D9B31DDCE961->18b22b39-7551-46dd-8464-dd74933c4739: receive RaftClientReply:client-D9B31DDCE961->18b22b39-7551-46dd-8464-dd74933c4739@group-597320EF17B3, cid=2727, SUCCESS, logIndex=3998, commits[18b22b39-7551-46dd-8464-dd74933c4739:c3998, 76d6a15c-8eeb-4764-b555-ce8767d18d57:c3996, c90dcfdf-5973-4b56-a955-1fc4555f10cb:c3996]
 0.00% |█                                                                                                    |  0/1 Time: 0:00:452019-09-19 11:26:41,700 [grpc-default-executor-7] INFO  client.GrpcClientProtocolClient (GrpcClientProtocolClient.java:onNext(264)) - client-D9B31DDCE961->18b22b39-7551-46dd-8464-dd74933c4739: receive RaftClientReply:client-D9B31DDCE961->18b22b39-7551-46dd-8464-dd74933c4739@group-597320EF17B3, cid=2728, SUCCESS, logIndex=3999, commits[18b22b39-7551-46dd-8464-dd74933c4739:c4000, 76d6a15c-8eeb-4764-b555-ce8767d18d57:c3996, c90dcfdf-5973-4b56-a955-1fc4555f10cb:c3996]
2019-09-19 11:26:41,701 [grpc-default-executor-7] INFO  client.GrpcClientProtocolClient (GrpcClientProtocolClient.java:onNext(264)) - client-D9B31DDCE961->18b22b39-7551-46dd-8464-dd74933c4739: receive RaftClientReply:client-D9B31DDCE961->18b22b39-7551-46dd-8464-dd74933c4739@group-597320EF17B3, cid=2729, SUCCESS, logIndex=4000, commits[18b22b39-7551-46dd-8464-dd74933c4739:c4000, 76d6a15c-8eeb-4764-b555-ce8767d18d57:c3996, c90dcfdf-5973-4b56-a955-1fc4555f10cb:c3996]
2019-09-19 11:26:41,702 [grpc-default-executor-1] INFO  client.GrpcClientProtocolClient (GrpcClientProtocolClient.java:onNext(264)) - client-D9B31DDCE961->18b22b39-7551-46dd-8464-dd74933c4739: receive RaftClientReply:client-D9B31DDCE961->18b22b39-7551-46dd-8464-dd74933c4739@group-597320EF17B3, cid=2730, SUCCESS, logIndex=0, commits[18b22b39-7551-46dd-8464-dd74933c4739:c4002, 76d6a15c-8eeb-4764-b555-ce8767d18d57:c3998, c90dcfdf-5973-4b56-a955-1fc4555f10cb:c3998]
2019-09-19 11:26:41,716 [grpc-default-executor-7] INFO  client.GrpcClientProtocolClient (GrpcClientProtocolClient.java:onNext(264)) - client-D9B31DDCE961->18b22b39-7551-46dd-8464-dd74933c4739: receive RaftClientReply:client-D9B31DDCE961->18b22b39-7551-46dd-8464-dd74933c4739@group-597320EF17B3, cid=2731, SUCCESS, logIndex=4005, commits[18b22b39-7551-46dd-8464-dd74933c4739:c4006, 76d6a15c-8eeb-4764-b555-ce8767d18d57:c4000, c90dcfdf-5973-4b56-a955-1fc4555f10cb:c4002]
2019-09-19 11:26:41,716 [grpc-default-executor-7] INFO  client.GrpcClientProtocolClient (GrpcClientProtocolClient.java:onNext(264)) - client-D9B31DDCE961->18b22b39-7551-46dd-8464-dd74933c4739: receive RaftClientReply:client-D9B31DDCE961->18b22b39-7551-46dd-8464-dd74933c4739@group-597320EF17B3, cid=2732, SUCCESS, logIndex=4006, commits[18b22b39-7551-46dd-8464-dd74933c4739:c4006, 76d6a15c-8eeb-4764-b555-ce8767d18d57:c4000, c90dcfdf-5973-4b56-a955-1fc4555f10cb:c4002]
2019-09-19 11:26:41,745 [grpc-default-executor-5] INFO  client.GrpcClientProtocolClient (GrpcClientProtocolClient.java:onNext(264)) - client-D9B31DDCE961->18b22b39-7551-46dd-8464-dd74933c4739: receive RaftClientReply:client-D9B31DDCE961->18b22b39-7551-46dd-8464-dd74933c4739@group-597320EF17B3, cid=2733, SUCCESS, logIndex=4009, commits[18b22b39-7551-46dd-8464-dd74933c4739:c4010, 76d6a15c-8eeb-4764-b555-ce8767d18d57:c4006, c90dcfdf-5973-4b56-a955-1fc4555f10cb:c4006]
2019-09-19 11:26:41,745 [grpc-default-executor-5] INFO  client.GrpcClientProtocolClient (GrpcClientProtocolClient.java:onNext(264)) - client-D9B31DDCE961->18b22b39-7551-46dd-8464-dd74933c4739: receive RaftClientReply:client-D9B31DDCE961->18b22b39-7551-46dd-8464-dd74933c4739@group-597320EF17B3, cid=2734, SUCCESS, logIndex=4010, commits[18b22b39-7551-46dd-8464-dd74933c4739:c4010, 76d6a15c-8eeb-4764-b555-ce8767d18d57:c4006, c90dcfdf-5973-4b56-a955-1fc4555f10cb:c4006]
2019-09-19 11:26:41,766 [grpc-default-executor-5] INFO  client.GrpcClientProtocolClient (GrpcClientProtocolClient.java:onNext(264)) - client-D9B31DDCE961->18b22b39-7551-46dd-8464-dd74933c4739: receive RaftClientReply:client-D9B31DDCE961->18b22b39-7551-46dd-8464-dd74933c4739@group-597320EF17B3, cid=2735, SUCCESS, logIndex=0, commits[18b22b39-7551-46dd-8464-dd74933c4739:c4011, 76d6a15c-8eeb-4764-b555-ce8767d18d57:c4010, c90dcfdf-5973-4b56-a955-1fc4555f10cb:c4010]
2019-09-19 11:26:41,799 [grpc-default-executor-7] INFO  client.GrpcClientProtocolClient (GrpcClientProtocolClient.java:onNext(264)) - client-D9B31DDCE961->18b22b39-7551-46dd-8464-dd74933c4739: receive RaftClientReply:client-D9B31DDCE961->18b22b39-7551-46dd-8464-dd74933c4739@group-597320EF17B3, cid=2736, SUCCESS, logIndex=4013, commits[18b22b39-7551-46dd-8464-dd74933c4739:c4014, 76d6a15c-8eeb-4764-b555-ce8767d18d57:c4010, c90dcfdf-5973-4b56-a955-1fc4555f10cb:c4012]
2019-09-19 11:26:41,800 [grpc-default-executor-7] INFO  client.GrpcClientProtocolClient (GrpcClientProtocolClient.java:onNext(264)) - client-D9B31DDCE961->18b22b39-7551-46dd-8464-dd74933c4739: receive RaftClientReply:client-D9B31DDCE961->18b22b39-7551-46dd-8464-dd74933c4739@group-597320EF17B3, cid=2737, SUCCESS, logIndex=4014, commits[18b22b39-7551-46dd-8464-dd74933c4739:c4016, 76d6a15c-8eeb-4764-b555-ce8767d18d57:c4012, c90dcfdf-5973-4b56-a955-1fc4555f10cb:c4012]
2019-09-19 11:26:41,801 [grpc-default-executor-7] INFO  client.GrpcClientProtocolClient (GrpcClientProtocolClient.java:onNext(264)) - client-D9B31DDCE961->18b22b39-7551-46dd-8464-dd74933c4739: receive RaftClientReply:client-D9B31DDCE961->18b22b39-7551-46dd-8464-dd74933c4739@group-597320EF17B3, cid=2738, SUCCESS, logIndex=4015, commits[18b22b39-7551-46dd-8464-dd74933c4739:c4016, 76d6a15c-8eeb-4764-b555-ce8767d18d57:c4012, c90dcfdf-5973-4b56-a955-1fc4555f10cb:c4012]
2019-09-19 11:26:41,801 [grpc-default-executor-7] INFO  client.GrpcClientProtocolClient (GrpcClientProtocolClient.java:onNext(264)) - client-D9B31DDCE961->18b22b39-7551-46dd-8464-dd74933c4739: receive RaftClientReply:client-D9B31DDCE961->18b22b39-7551-46dd-8464-dd74933c4739@group-597320EF17B3, cid=2739, SUCCESS, logIndex=4016, commits[18b22b39-7551-46dd-8464-dd74933c4739:c4016, 76d6a15c-8eeb-4764-b555-ce8767d18d57:c4012, c90dcfdf-5973-4b56-a955-1fc4555f10cb:c4012]
2019-09-19 11:26:41,802 [grpc-default-executor-7] INFO  client.GrpcClientProtocolClient (GrpcClientProtocolClient.java:onNext(264)) - client-D9B31DDCE961->18b22b39-7551-46dd-8464-dd74933c4739: receive RaftClientReply:client-D9B31DDCE961->18b22b39-7551-46dd-8464-dd74933c4739@group-597320EF17B3, cid=2740, SUCCESS, logIndex=0, commits[18b22b39-7551-46dd-8464-dd74933c4739:c4018, 76d6a15c-8eeb-4764-b555-ce8767d18d57:c4014, c90dcfdf-5973-4b56-a955-1fc4555f10cb:c4014]
2019-09-19 11:26:41,816 [grpc-default-executor-7] INFO  client.GrpcClientProtocolClient (GrpcClientProtocolClient.java:onNext(264)) - client-D9B31DDCE961->18b22b39-7551-46dd-8464-dd74933c4739: receive RaftClientReply:client-D9B31DDCE961->18b22b39-7551-46dd-8464-dd74933c4739@group-597320EF17B3, cid=2741, SUCCESS, logIndex=4021, commits[18b22b39-7551-46dd-8464-dd74933c4739:c4022, 76d6a15c-8eeb-4764-b555-ce8767d18d57:c4020, c90dcfdf-5973-4b56-a955-1fc4555f10cb:c4020]
2019-09-19 11:26:41,817 [grpc-default-executor-7] INFO  client.GrpcClientProtocolClient (GrpcClientProtocolClient.java:onNext(264)) - client-D9B31DDCE961->18b22b39-7551-46dd-8464-dd74933c4739: receive RaftClientReply:client-D9B31DDCE961->18b22b39-7551-46dd-8464-dd74933c4739@group-597320EF17B3, cid=2742, SUCCESS, logIndex=4022, commits[18b22b39-7551-46dd-8464-dd74933c4739:c4022, 76d6a15c-8eeb-4764-b555-ce8767d18d57:c4020, c90dcfdf-5973-4b56-a955-1fc4555f10cb:c4020]
2019-09-19 11:26:41,857 [grpc-default-executor-7] INFO  client.GrpcClientProtocolClient (GrpcClientProtocolClient.java:onNext(264)) - client-D9B31DDCE961->18b22b39-7551-46dd-8464-dd74933c4739: receive RaftClientReply:client-D9B31DDCE961->18b22b39-7551-46dd-8464-dd74933c4739@group-597320EF17B3, cid=2743, SUCCESS, logIndex=4025, commits[18b22b39-7551-46dd-8464-dd74933c4739:c4026, 76d6a15c-8eeb-4764-b555-ce8767d18d57:c4022, c90dcfdf-5973-4b56-a955-1fc4555f10cb:c4022]
2019-09-19 11:26:41,857 [grpc-default-executor-7] INFO  client.GrpcClientProtocolClient (GrpcClientProtocolClient.java:onNext(264)) - client-D9B31DDCE961->18b22b39-7551-46dd-8464-dd74933c4739: receive RaftClientReply:client-D9B31DDCE961->18b22b39-7551-46dd-8464-dd74933c4739@group-597320EF17B3, cid=2744, SUCCESS, logIndex=4026, commits[18b22b39-7551-46dd-8464-dd74933c4739:c4026, 76d6a15c-8eeb-4764-b555-ce8767d18d57:c4022, c90dcfdf-5973-4b56-a955-1fc4555f10cb:c4022]
2019-09-19 11:26:41,869 [grpc-default-executor-7] INFO  client.GrpcClientProtocolClient (GrpcClientProtocolClient.java:onNext(264)) - client-D9B31DDCE961->18b22b39-7551-46dd-8464-dd74933c4739: receive RaftClientReply:client-D9B31DDCE961->18b22b39-7551-46dd-8464-dd74933c4739@group-597320EF17B3, cid=2745, SUCCESS, logIndex=0, commits[18b22b39-7551-46dd-8464-dd74933c4739:c4027, 76d6a15c-8eeb-4764-b555-ce8767d18d57:c4026, c90dcfdf-5973-4b56-a955-1fc4555f10cb:c4026]
2019-09-19 11:26:41,898 [grpc-default-executor-5] INFO  client.GrpcClientProtocolClient (GrpcClientProtocolClient.java:onNext(264)) - client-D9B31DDCE961->18b22b39-7551-46dd-8464-dd74933c4739: receive RaftClientReply:client-D9B31DDCE961->18b22b39-7551-46dd-8464-dd74933c4739@group-597320EF17B3, cid=2746, SUCCESS, logIndex=4029, commits[18b22b39-7551-46dd-8464-dd74933c4739:c4030, 76d6a15c-8eeb-4764-b555-ce8767d18d57:c4028, c90dcfdf-5973-4b56-a955-1fc4555f10cb:c4028]
2019-09-19 11:26:41,898 [grpc-default-executor-5] INFO  client.GrpcClientProtocolClient (GrpcClientProtocolClient.java:onNext(264)) - client-D9B31DDCE961->18b22b39-7551-46dd-8464-dd74933c4739: receive RaftClientReply:client-D9B31DDCE961->18b22b39-7551-46dd-8464-dd74933c4739@group-597320EF17B3, cid=2747, SUCCESS, logIndex=4030, commits[18b22b39-7551-46dd-8464-dd74933c4739:c4030, 76d6a15c-8eeb-4764-b555-ce8767d18d57:c4028, c90dcfdf-5973-4b56-a955-1fc4555f10cb:c4028]
2019-09-19 11:26:41,899 [grpc-default-executor-5] INFO  client.GrpcClientProtocolClient (GrpcClientProtocolClient.java:onNext(264)) - client-D9B31DDCE961->18b22b39-7551-46dd-8464-dd74933c4739: receive RaftClientReply:client-D9B31DDCE961->18b22b39-7551-46dd-8464-dd74933c4739@group-597320EF17B3, cid=2748, SUCCESS, logIndex=4031, commits[18b22b39-7551-46dd-8464-dd74933c4739:c4032, 76d6a15c-8eeb-4764-b555-ce8767d18d57:c4028, c90dcfdf-5973-4b56-a955-1fc4555f10cb:c4028]
2019-09-19 11:26:41,899 [grpc-default-executor-5] INFO  client.GrpcClientProtocolClient (GrpcClientProtocolClient.java:onNext(264)) - client-D9B31DDCE961->18b22b39-7551-46dd-8464-dd74933c4739: receive RaftClientReply:client-D9B31DDCE961->18b22b39-7551-46dd-8464-dd74933c4739@group-597320EF17B3, cid=2749, SUCCESS, logIndex=4032, commits[18b22b39-7551-46dd-8464-dd74933c4739:c4032, 76d6a15c-8eeb-4764-b555-ce8767d18d57:c4028, c90dcfdf-5973-4b56-a955-1fc4555f10cb:c4028]
2019-09-19 11:26:41,912 [grpc-default-executor-5] INFO  client.GrpcClientProtocolClient (GrpcClientProtocolClient.java:onNext(264)) - client-D9B31DDCE961->18b22b39-7551-46dd-8464-dd74933c4739: receive RaftClientReply:client-D9B31DDCE961->18b22b39-7551-46dd-8464-dd74933c4739@group-597320EF17B3, cid=2750, SUCCESS, logIndex=0, commits[18b22b39-7551-46dd-8464-dd74933c4739:c4034, 76d6a15c-8eeb-4764-b555-ce8767d18d57:c4030, c90dcfdf-5973-4b56-a955-1fc4555f10cb:c4030]
2019-09-19 11:26:41,933 [grpc-default-executor-1] INFO  client.GrpcClientProtocolClient (GrpcClientProtocolClient.java:onNext(264)) - client-D9B31DDCE961->18b22b39-7551-46dd-8464-dd74933c4739: receive RaftClientReply:client-D9B31DDCE961->18b22b39-7551-46dd-8464-dd74933c4739@group-597320EF17B3, cid=2751, SUCCESS, logIndex=4037, commits[18b22b39-7551-46dd-8464-dd74933c4739:c4037, 76d6a15c-8eeb-4764-b555-ce8767d18d57:c4036, c90dcfdf-5973-4b56-a955-1fc4555f10cb:c4036]
2019-09-19 11:26:41,933 [grpc-default-executor-1] INFO  client.GrpcClientProtocolClient (GrpcClientProtocolClient.java:onNext(264)) - client-D9B31DDCE961->18b22b39-7551-46dd-8464-dd74933c4739: receive RaftClientReply:client-D9B31DDCE961->18b22b39-7551-46dd-8464-dd74933c4739@group-597320EF17B3, cid=2752, SUCCESS, logIndex=4038, commits[18b22b39-7551-46dd-8464-dd74933c4739:c4038, 76d6a15c-8eeb-4764-b555-ce8767d18d57:c4036, c90dcfdf-5973-4b56-a955-1fc4555f10cb:c4036]
2019-09-19 11:26:41,958 [grpc-default-executor-1] INFO  client.GrpcClientProtocolClient (GrpcClientProtocolClient.java:onNext(264)) - client-D9B31DDCE961->18b22b39-7551-46dd-8464-dd74933c4739: receive RaftClientReply:client-D9B31DDCE961->18b22b39-7551-46dd-8464-dd74933c4739@group-597320EF17B3, cid=2753, SUCCESS, logIndex=4041, commits[18b22b39-7551-46dd-8464-dd74933c4739:c4042, 76d6a15c-8eeb-4764-b555-ce8767d18d57:c4038, c90dcfdf-5973-4b56-a955-1fc4555f10cb:c4038]
2019-09-19 11:26:41,959 [grpc-default-executor-1] INFO  client.GrpcClientProtocolClient (GrpcClientProtocolClient.java:onNext(264)) - client-D9B31DDCE961->18b22b39-7551-46dd-8464-dd74933c4739: receive RaftClientReply:client-D9B31DDCE961->18b22b39-7551-46dd-8464-dd74933c4739@group-597320EF17B3, cid=2754, SUCCESS, logIndex=4042, commits[18b22b39-7551-46dd-8464-dd74933c4739:c4042, 76d6a15c-8eeb-4764-b555-ce8767d18d57:c4038, c90dcfdf-5973-4b56-a955-1fc4555f10cb:c4038]
2019-09-19 11:26:41,977 [grpc-default-executor-1] INFO  client.GrpcClientProtocolClient (GrpcClientProtocolClient.java:onNext(264)) - client-D9B31DDCE961->18b22b39-7551-46dd-8464-dd74933c4739: receive RaftClientReply:client-D9B31DDCE961->18b22b39-7551-46dd-8464-dd74933c4739@group-597320EF17B3, cid=2755, SUCCESS, logIndex=0, commits[18b22b39-7551-46dd-8464-dd74933c4739:c4043, 76d6a15c-8eeb-4764-b555-ce8767d18d57:c4042, c90dcfdf-5973-4b56-a955-1fc4555f10cb:c4042]
2019-09-19 11:26:42,009 [grpc-default-executor-7] INFO  client.GrpcClientProtocolClient (GrpcClientProtocolClient.java:onNext(264)) - client-D9B31DDCE961->18b22b39-7551-46dd-8464-dd74933c4739: receive RaftClientReply:client-D9B31DDCE961->18b22b39-7551-46dd-8464-dd74933c4739@group-597320EF17B3, cid=2756, SUCCESS, logIndex=4045, commits[18b22b39-7551-46dd-8464-dd74933c4739:c4047, 76d6a15c-8eeb-4764-b555-ce8767d18d57:c4044, c90dcfdf-5973-4b56-a955-1fc4555f10cb:c4044]
2019-09-19 11:26:42,009 [grpc-default-executor-7] INFO  client.GrpcClientProtocolClient (GrpcClientProtocolClient.java:onNext(264)) - client-D9B31DDCE961->18b22b39-7551-46dd-8464-dd74933c4739: receive RaftClientReply:client-D9B31DDCE961->18b22b39-7551-46dd-8464-dd74933c4739@group-597320EF17B3, cid=2757, SUCCESS, logIndex=4046, commits[18b22b39-7551-46dd-8464-dd74933c4739:c4048, 76d6a15c-8eeb-4764-b555-ce8767d18d57:c4044, c90dcfdf-5973-4b56-a955-1fc4555f10cb:c4044]
2019-09-19 11:26:42,009 [grpc-default-executor-7] INFO  client.GrpcClientProtocolClient (GrpcClientProtocolClient.java:onNext(264)) - client-D9B31DDCE961->18b22b39-7551-46dd-8464-dd74933c4739: receive RaftClientReply:client-D9B31DDCE961->18b22b39-7551-46dd-8464-dd74933c4739@group-597320EF17B3, cid=2758, SUCCESS, logIndex=4047, commits[18b22b39-7551-46dd-8464-dd74933c4739:c4048, 76d6a15c-8eeb-4764-b555-ce8767d18d57:c4044, c90dcfdf-5973-4b56-a955-1fc4555f10cb:c4044]
2019-09-19 11:26:42,009 [grpc-default-executor-7] INFO  client.GrpcClientProtocolClient (GrpcClientProtocolClient.java:onNext(264)) - client-D9B31DDCE961->18b22b39-7551-46dd-8464-dd74933c4739: receive RaftClientReply:client-D9B31DDCE961->18b22b39-7551-46dd-8464-dd74933c4739@group-597320EF17B3, cid=2759, SUCCESS, logIndex=4048, commits[18b22b39-7551-46dd-8464-dd74933c4739:c4048, 76d6a15c-8eeb-4764-b555-ce8767d18d57:c4044, c90dcfdf-5973-4b56-a955-1fc4555f10cb:c4044]
2019-09-19 11:26:42,035 [grpc-default-executor-7] INFO  client.GrpcClientProtocolClient (GrpcClientProtocolClient.java:onNext(264)) - client-D9B31DDCE961->18b22b39-7551-46dd-8464-dd74933c4739: receive RaftClientReply:client-D9B31DDCE961->18b22b39-7551-46dd-8464-dd74933c4739@group-597320EF17B3, cid=2760, SUCCESS, logIndex=0, commits[18b22b39-7551-46dd-8464-dd74933c4739:c4050, 76d6a15c-8eeb-4764-b555-ce8767d18d57:c4046, c90dcfdf-5973-4b56-a955-1fc4555f10cb:c4046]
2019-09-19 11:26:42,058 [grpc-default-executor-1] INFO  client.GrpcClientProtocolClient (GrpcClientProtocolClient.java:onNext(264)) - client-D9B31DDCE961->18b22b39-7551-46dd-8464-dd74933c4739: receive RaftClientReply:client-D9B31DDCE961->18b22b39-7551-46dd-8464-dd74933c4739@group-597320EF17B3, cid=2761, SUCCESS, logIndex=4053, commits[18b22b39-7551-46dd-8464-dd74933c4739:c4054, 76d6a15c-8eeb-4764-b555-ce8767d18d57:c4052, c90dcfdf-5973-4b56-a955-1fc4555f10cb:c4052]
2019-09-19 11:26:42,058 [grpc-default-executor-1] INFO  client.GrpcClientProtocolClient (GrpcClientProtocolClient.java:onNext(264)) - client-D9B31DDCE961->18b22b39-7551-46dd-8464-dd74933c4739: receive RaftClientReply:client-D9B31DDCE961->18b22b39-7551-46dd-8464-dd74933c4739@group-597320EF17B3, cid=2762, SUCCESS, logIndex=4054, commits[18b22b39-7551-46dd-8464-dd74933c4739:c4054, 76d6a15c-8eeb-4764-b555-ce8767d18d57:c4052, c90dcfdf-5973-4b56-a955-1fc4555f10cb:c4052]
2019-09-19 11:26:42,084 [grpc-default-executor-1] INFO  client.GrpcClientProtocolClient (GrpcClientProtocolClient.java:onNext(264)) - client-D9B31DDCE961->18b22b39-7551-46dd-8464-dd74933c4739: receive RaftClientReply:client-D9B31DDCE961->18b22b39-7551-46dd-8464-dd74933c4739@group-597320EF17B3, cid=2763, SUCCESS, logIndex=4057, commits[18b22b39-7551-46dd-8464-dd74933c4739:c4057, 76d6a15c-8eeb-4764-b555-ce8767d18d57:c4054, c90dcfdf-5973-4b56-a955-1fc4555f10cb:c4054]
2019-09-19 11:26:42,084 [grpc-default-executor-1] INFO  client.GrpcClientProtocolClient (GrpcClientProtocolClient.java:onNext(264)) - client-D9B31DDCE961->18b22b39-7551-46dd-8464-dd74933c4739: receive RaftClientReply:client-D9B31DDCE961->18b22b39-7551-46dd-8464-dd74933c4739@group-597320EF17B3, cid=2764, SUCCESS, logIndex=4058, commits[18b22b39-7551-46dd-8464-dd74933c4739:c4058, 76d6a15c-8eeb-4764-b555-ce8767d18d57:c4054, c90dcfdf-5973-4b56-a955-1fc4555f10cb:c4054]
2019-09-19 11:26:42,110 [grpc-default-executor-1] INFO  client.GrpcClientProtocolClient (GrpcClientProtocolClient.java:onNext(264)) - client-D9B31DDCE961->18b22b39-7551-46dd-8464-dd74933c4739: receive RaftClientReply:client-D9B31DDCE961->18b22b39-7551-46dd-8464-dd74933c4739@group-597320EF17B3, cid=2765, SUCCESS, logIndex=0, commits[18b22b39-7551-46dd-8464-dd74933c4739:c4060, 76d6a15c-8eeb-4764-b555-ce8767d18d57:c4058, c90dcfdf-5973-4b56-a955-1fc4555f10cb:c4058]
2019-09-19 11:26:42,298 [grpc-default-executor-5] INFO  client.GrpcClientProtocolClient (GrpcClientProtocolClient.java:onNext(264)) - client-D9B31DDCE961->18b22b39-7551-46dd-8464-dd74933c4739: receive RaftClientReply:client-D9B31DDCE961->18b22b39-7551-46dd-8464-dd74933c4739@group-597320EF17B3, cid=2766, SUCCESS, logIndex=4061, commits[18b22b39-7551-46dd-8464-dd74933c4739:c4062, 76d6a15c-8eeb-4764-b555-ce8767d18d57:c4060, c90dcfdf-5973-4b56-a955-1fc4555f10cb:c4060]
2019-09-19 11:26:42,299 [grpc-default-executor-5] INFO  client.GrpcClientProtocolClient (GrpcClientProtocolClient.java:onNext(264)) - client-D9B31DDCE961->18b22b39-7551-46dd-8464-dd74933c4739: receive RaftClientReply:client-D9B31DDCE961->18b22b39-7551-46dd-8464-dd74933c4739@group-597320EF17B3, cid=2767, SUCCESS, logIndex=4062, commits[18b22b39-7551-46dd-8464-dd74933c4739:c4064, 76d6a15c-8eeb-4764-b555-ce8767d18d57:c4060, c90dcfdf-5973-4b56-a955-1fc4555f10cb:c4060]
2019-09-19 11:26:42,299 [grpc-default-executor-5] INFO  client.GrpcClientProtocolClient (GrpcClientProtocolClient.java:onNext(264)) - client-D9B31DDCE961->18b22b39-7551-46dd-8464-dd74933c4739: receive RaftClientReply:client-D9B31DDCE961->18b22b39-7551-46dd-8464-dd74933c4739@group-597320EF17B3, cid=2768, SUCCESS, logIndex=4063, commits[18b22b39-7551-46dd-8464-dd74933c4739:c4064, 76d6a15c-8eeb-4764-b555-ce8767d18d57:c4060, c90dcfdf-5973-4b56-a955-1fc4555f10cb:c4060]
2019-09-19 11:26:42,299 [grpc-default-executor-5] INFO  client.GrpcClientProtocolClient (GrpcClientProtocolClient.java:onNext(264)) - client-D9B31DDCE961->18b22b39-7551-46dd-8464-dd74933c4739: receive RaftClientReply:client-D9B31DDCE961->18b22b39-7551-46dd-8464-dd74933c4739@group-597320EF17B3, cid=2769, SUCCESS, logIndex=4064, commits[18b22b39-7551-46dd-8464-dd74933c4739:c4064, 76d6a15c-8eeb-4764-b555-ce8767d18d57:c4060, c90dcfdf-5973-4b56-a955-1fc4555f10cb:c4060]
2019-09-19 11:26:42,324 [grpc-default-executor-5] INFO  client.GrpcClientProtocolClient (GrpcClientProtocolClient.java:onNext(264)) - client-D9B31DDCE961->18b22b39-7551-46dd-8464-dd74933c4739: receive RaftClientReply:client-D9B31DDCE961->18b22b39-7551-46dd-8464-dd74933c4739@group-597320EF17B3, cid=2770, SUCCESS, logIndex=0, commits[18b22b39-7551-46dd-8464-dd74933c4739:c4068, 76d6a15c-8eeb-4764-b555-ce8767d18d57:c4062, c90dcfdf-5973-4b56-a955-1fc4555f10cb:c4064]
2019-09-19 11:26:42,539 [grpc-default-executor-5] INFO  client.GrpcClientProtocolClient (GrpcClientProtocolClient.java:onNext(264)) - client-D9B31DDCE961->18b22b39-7551-46dd-8464-dd74933c4739: receive RaftClientReply:client-D9B31DDCE961->18b22b39-7551-46dd-8464-dd74933c4739@group-597320EF17B3, cid=2771, SUCCESS, logIndex=4069, commits[18b22b39-7551-46dd-8464-dd74933c4739:c4070, 76d6a15c-8eeb-4764-b555-ce8767d18d57:c4068, c90dcfdf-5973-4b56-a955-1fc4555f10cb:c4068]
2019-09-19 11:26:42,539 [grpc-default-executor-5] INFO  client.GrpcClientProtocolClient (GrpcClientProtocolClient.java:onNext(264)) - client-D9B31DDCE961->18b22b39-7551-46dd-8464-dd74933c4739: receive RaftClientReply:client-D9B31DDCE961->18b22b39-7551-46dd-8464-dd74933c4739@group-597320EF17B3, cid=2772, SUCCESS, logIndex=4070, commits[18b22b39-7551-46dd-8464-dd74933c4739:c4070, 76d6a15c-8eeb-4764-b555-ce8767d18d57:c4068, c90dcfdf-5973-4b56-a955-1fc4555f10cb:c4068]
2019-09-19 11:26:42,563 [grpc-default-executor-1] INFO  client.GrpcClientProtocolClient (GrpcClientProtocolClient.java:onNext(264)) - client-D9B31DDCE961->18b22b39-7551-46dd-8464-dd74933c4739: receive RaftClientReply:client-D9B31DDCE961->18b22b39-7551-46dd-8464-dd74933c4739@group-597320EF17B3, cid=2773, SUCCESS, logIndex=4073, commits[18b22b39-7551-46dd-8464-dd74933c4739:c4074, 76d6a15c-8eeb-4764-b555-ce8767d18d57:c4070, c90dcfdf-5973-4b56-a955-1fc4555f10cb:c4070]
2019-09-19 11:26:42,564 [grpc-default-executor-1] INFO  client.GrpcClientProtocolClient (GrpcClientProtocolClient.java:onNext(264)) - client-D9B31DDCE961->18b22b39-7551-46dd-8464-dd74933c4739: receive RaftClientReply:client-D9B31DDCE961->18b22b39-7551-46dd-8464-dd74933c4739@group-597320EF17B3, cid=2774, SUCCESS, logIndex=4074, commits[18b22b39-7551-46dd-8464-dd74933c4739:c4074, 76d6a15c-8eeb-4764-b555-ce8767d18d57:c4070, c90dcfdf-5973-4b56-a955-1fc4555f10cb:c4070]
2019-09-19 11:26:42,576 [grpc-default-executor-5] INFO  client.GrpcClientProtocolClient (GrpcClientProtocolClient.java:onNext(264)) - client-D9B31DDCE961->18b22b39-7551-46dd-8464-dd74933c4739: receive RaftClientReply:client-D9B31DDCE961->18b22b39-7551-46dd-8464-dd74933c4739@group-597320EF17B3, cid=2775, SUCCESS, logIndex=0, commits[18b22b39-7551-46dd-8464-dd74933c4739:c4076, 76d6a15c-8eeb-4764-b555-ce8767d18d57:c4074, c90dcfdf-5973-4b56-a955-1fc4555f10cb:c4074]
2019-09-19 11:26:42,609 [grpc-default-executor-7] INFO  client.GrpcClientProtocolClient (GrpcClientProtocolClient.java:onNext(264)) - client-D9B31DDCE961->18b22b39-7551-46dd-8464-dd74933c4739: receive RaftClientReply:client-D9B31DDCE961->18b22b39-7551-46dd-8464-dd74933c4739@group-597320EF17B3, cid=2776, SUCCESS, logIndex=4077, commits[18b22b39-7551-46dd-8464-dd74933c4739:c4078, 76d6a15c-8eeb-4764-b555-ce8767d18d57:c4076, c90dcfdf-5973-4b56-a955-1fc4555f10cb:c4076]
2019-09-19 11:26:42,610 [grpc-default-executor-7] INFO  client.GrpcClientProtocolClient (GrpcClientProtocolClient.java:onNext(264)) - client-D9B31DDCE961->18b22b39-7551-46dd-8464-dd74933c4739: receive RaftClientReply:client-D9B31DDCE961->18b22b39-7551-46dd-8464-dd74933c4739@group-597320EF17B3, cid=2777, SUCCESS, logIndex=4078, commits[18b22b39-7551-46dd-8464-dd74933c4739:c4080, 76d6a15c-8eeb-4764-b555-ce8767d18d57:c4076, c90dcfdf-5973-4b56-a955-1fc4555f10cb:c4076]
2019-09-19 11:26:42,610 [grpc-default-executor-1] INFO  client.GrpcClientProtocolClient (GrpcClientProtocolClient.java:onNext(264)) - client-D9B31DDCE961->18b22b39-7551-46dd-8464-dd74933c4739: receive RaftClientReply:client-D9B31DDCE961->18b22b39-7551-46dd-8464-dd74933c4739@group-597320EF17B3, cid=2778, SUCCESS, logIndex=4079, commits[18b22b39-7551-46dd-8464-dd74933c4739:c4080, 76d6a15c-8eeb-4764-b555-ce8767d18d57:c4076, c90dcfdf-5973-4b56-a955-1fc4555f10cb:c4076]
2019-09-19 11:26:42,610 [grpc-default-executor-1] INFO  client.GrpcClientProtocolClient (GrpcClientProtocolClient.java:onNext(264)) - client-D9B31DDCE961->18b22b39-7551-46dd-8464-dd74933c4739: receive RaftClientReply:client-D9B31DDCE961->18b22b39-7551-46dd-8464-dd74933c4739@group-597320EF17B3, cid=2779, SUCCESS, logIndex=4080, commits[18b22b39-7551-46dd-8464-dd74933c4739:c4080, 76d6a15c-8eeb-4764-b555-ce8767d18d57:c4076, c90dcfdf-5973-4b56-a955-1fc4555f10cb:c4076]
2019-09-19 11:26:42,622 [grpc-default-executor-1] INFO  client.GrpcClientProtocolClient (GrpcClientProtocolClient.java:onNext(264)) - client-D9B31DDCE961->18b22b39-7551-46dd-8464-dd74933c4739: receive RaftClientReply:client-D9B31DDCE961->18b22b39-7551-46dd-8464-dd74933c4739@group-597320EF17B3, cid=2780, SUCCESS, logIndex=0, commits[18b22b39-7551-46dd-8464-dd74933c4739:c4081, 76d6a15c-8eeb-4764-b555-ce8767d18d57:c4078, c90dcfdf-5973-4b56-a955-1fc4555f10cb:c4078]
2019-09-19 11:26:42,650 [grpc-default-executor-1] INFO  client.GrpcClientProtocolClient (GrpcClientProtocolClient.java:onNext(264)) - client-D9B31DDCE961->18b22b39-7551-46dd-8464-dd74933c4739: receive RaftClientReply:client-D9B31DDCE961->18b22b39-7551-46dd-8464-dd74933c4739@group-597320EF17B3, cid=2781, SUCCESS, logIndex=4084, commits[18b22b39-7551-46dd-8464-dd74933c4739:c4085, 76d6a15c-8eeb-4764-b555-ce8767d18d57:c4081, c90dcfdf-5973-4b56-a955-1fc4555f10cb:c4081]
2019-09-19 11:26:42,650 [grpc-default-executor-1] INFO  client.GrpcClientProtocolClient (GrpcClientProtocolClient.java:onNext(264)) - client-D9B31DDCE961->18b22b39-7551-46dd-8464-dd74933c4739: receive RaftClientReply:client-D9B31DDCE961->18b22b39-7551-46dd-8464-dd74933c4739@group-597320EF17B3, cid=2782, SUCCESS, logIndex=4085, commits[18b22b39-7551-46dd-8464-dd74933c4739:c4085, 76d6a15c-8eeb-4764-b555-ce8767d18d57:c4081, c90dcfdf-5973-4b56-a955-1fc4555f10cb:c4081]
2019-09-19 11:26:42,675 [grpc-default-executor-7] INFO  client.GrpcClientProtocolClient (GrpcClientProtocolClient.java:onNext(264)) - client-D9B31DDCE961->18b22b39-7551-46dd-8464-dd74933c4739: receive RaftClientReply:client-D9B31DDCE961->18b22b39-7551-46dd-8464-dd74933c4739@group-597320EF17B3, cid=2783, SUCCESS, logIndex=4088, commits[18b22b39-7551-46dd-8464-dd74933c4739:c4088, 76d6a15c-8eeb-4764-b555-ce8767d18d57:c4085, c90dcfdf-5973-4b56-a955-1fc4555f10cb:c4085]
2019-09-19 11:26:42,676 [grpc-default-executor-7] INFO  client.GrpcClientProtocolClient (GrpcClientProtocolClient.java:onNext(264)) - client-D9B31DDCE961->18b22b39-7551-46dd-8464-dd74933c4739: receive RaftClientReply:client-D9B31DDCE961->18b22b39-7551-46dd-8464-dd74933c4739@group-597320EF17B3, cid=2784, SUCCESS, logIndex=4089, commits[18b22b39-7551-46dd-8464-dd74933c4739:c4089, 76d6a15c-8eeb-4764-b555-ce8767d18d57:c4085, c90dcfdf-5973-4b56-a955-1fc4555f10cb:c4085]
2019-09-19 11:26:42,689 [grpc-default-executor-7] INFO  client.GrpcClientProtocolClient (GrpcClientProtocolClient.java:onNext(264)) - client-D9B31DDCE961->18b22b39-7551-46dd-8464-dd74933c4739: receive RaftClientReply:client-D9B31DDCE961->18b22b39-7551-46dd-8464-dd74933c4739@group-597320EF17B3, cid=2785, SUCCESS, logIndex=0, commits[18b22b39-7551-46dd-8464-dd74933c4739:c4091, 76d6a15c-8eeb-4764-b555-ce8767d18d57:c4089, c90dcfdf-5973-4b56-a955-1fc4555f10cb:c4089]
 0.00% |█                                                                                                    |  0/1 Time: 0:00:462019-09-19 11:26:42,716 [grpc-default-executor-7] INFO  client.GrpcClientProtocolClient (GrpcClientProtocolClient.java:onNext(264)) - client-D9B31DDCE961->18b22b39-7551-46dd-8464-dd74933c4739: receive RaftClientReply:client-D9B31DDCE961->18b22b39-7551-46dd-8464-dd74933c4739@group-597320EF17B3, cid=2786, SUCCESS, logIndex=4092, commits[18b22b39-7551-46dd-8464-dd74933c4739:c4093, 76d6a15c-8eeb-4764-b555-ce8767d18d57:c4089, c90dcfdf-5973-4b56-a955-1fc4555f10cb:c4091]
2019-09-19 11:26:42,716 [grpc-default-executor-7] INFO  client.GrpcClientProtocolClient (GrpcClientProtocolClient.java:onNext(264)) - client-D9B31DDCE961->18b22b39-7551-46dd-8464-dd74933c4739: receive RaftClientReply:client-D9B31DDCE961->18b22b39-7551-46dd-8464-dd74933c4739@group-597320EF17B3, cid=2787, SUCCESS, logIndex=4093, commits[18b22b39-7551-46dd-8464-dd74933c4739:c4093, 76d6a15c-8eeb-4764-b555-ce8767d18d57:c4089, c90dcfdf-5973-4b56-a955-1fc4555f10cb:c4091]
2019-09-19 11:26:42,718 [grpc-default-executor-5] INFO  client.GrpcClientProtocolClient (GrpcClientProtocolClient.java:onNext(264)) - client-D9B31DDCE961->18b22b39-7551-46dd-8464-dd74933c4739: receive RaftClientReply:client-D9B31DDCE961->18b22b39-7551-46dd-8464-dd74933c4739@group-597320EF17B3, cid=2788, SUCCESS, logIndex=4094, commits[18b22b39-7551-46dd-8464-dd74933c4739:c4095, 76d6a15c-8eeb-4764-b555-ce8767d18d57:c4089, c90dcfdf-5973-4b56-a955-1fc4555f10cb:c4091]
2019-09-19 11:26:42,718 [grpc-default-executor-5] INFO  client.GrpcClientProtocolClient (GrpcClientProtocolClient.java:onNext(264)) - client-D9B31DDCE961->18b22b39-7551-46dd-8464-dd74933c4739: receive RaftClientReply:client-D9B31DDCE961->18b22b39-7551-46dd-8464-dd74933c4739@group-597320EF17B3, cid=2789, SUCCESS, logIndex=4095, commits[18b22b39-7551-46dd-8464-dd74933c4739:c4095, 76d6a15c-8eeb-4764-b555-ce8767d18d57:c4089, c90dcfdf-5973-4b56-a955-1fc4555f10cb:c4091]
2019-09-19 11:26:42,721 [grpc-default-executor-5] INFO  client.GrpcClientProtocolClient (GrpcClientProtocolClient.java:onNext(264)) - client-D9B31DDCE961->18b22b39-7551-46dd-8464-dd74933c4739: receive RaftClientReply:client-D9B31DDCE961->18b22b39-7551-46dd-8464-dd74933c4739@group-597320EF17B3, cid=2790, SUCCESS, logIndex=0, commits[18b22b39-7551-46dd-8464-dd74933c4739:c4096, 76d6a15c-8eeb-4764-b555-ce8767d18d57:c4093, c90dcfdf-5973-4b56-a955-1fc4555f10cb:c4093]
2019-09-19 11:26:42,748 [grpc-default-executor-7] INFO  client.GrpcClientProtocolClient (GrpcClientProtocolClient.java:onNext(264)) - client-D9B31DDCE961->18b22b39-7551-46dd-8464-dd74933c4739: receive RaftClientReply:client-D9B31DDCE961->18b22b39-7551-46dd-8464-dd74933c4739@group-597320EF17B3, cid=2791, SUCCESS, logIndex=4100, commits[18b22b39-7551-46dd-8464-dd74933c4739:c4101, 76d6a15c-8eeb-4764-b555-ce8767d18d57:c4099, c90dcfdf-5973-4b56-a955-1fc4555f10cb:c4099]
2019-09-19 11:26:42,748 [grpc-default-executor-7] INFO  client.GrpcClientProtocolClient (GrpcClientProtocolClient.java:onNext(264)) - client-D9B31DDCE961->18b22b39-7551-46dd-8464-dd74933c4739: receive RaftClientReply:client-D9B31DDCE961->18b22b39-7551-46dd-8464-dd74933c4739@group-597320EF17B3, cid=2792, SUCCESS, logIndex=4101, commits[18b22b39-7551-46dd-8464-dd74933c4739:c4101, 76d6a15c-8eeb-4764-b555-ce8767d18d57:c4099, c90dcfdf-5973-4b56-a955-1fc4555f10cb:c4099]
2019-09-19 11:26:42,763 [grpc-default-executor-7] INFO  client.GrpcClientProtocolClient (GrpcClientProtocolClient.java:onNext(264)) - client-D9B31DDCE961->18b22b39-7551-46dd-8464-dd74933c4739: receive RaftClientReply:client-D9B31DDCE961->18b22b39-7551-46dd-8464-dd74933c4739@group-597320EF17B3, cid=2793, SUCCESS, logIndex=4104, commits[18b22b39-7551-46dd-8464-dd74933c4739:c4105, 76d6a15c-8eeb-4764-b555-ce8767d18d57:c4101, c90dcfdf-5973-4b56-a955-1fc4555f10cb:c4101]
2019-09-19 11:26:42,763 [grpc-default-executor-7] INFO  client.GrpcClientProtocolClient (GrpcClientProtocolClient.java:onNext(264)) - client-D9B31DDCE961->18b22b39-7551-46dd-8464-dd74933c4739: receive RaftClientReply:client-D9B31DDCE961->18b22b39-7551-46dd-8464-dd74933c4739@group-597320EF17B3, cid=2794, SUCCESS, logIndex=4105, commits[18b22b39-7551-46dd-8464-dd74933c4739:c4105, 76d6a15c-8eeb-4764-b555-ce8767d18d57:c4101, c90dcfdf-5973-4b56-a955-1fc4555f10cb:c4101]
2019-09-19 11:26:42,781 [grpc-default-executor-7] INFO  client.GrpcClientProtocolClient (GrpcClientProtocolClient.java:onNext(264)) - client-D9B31DDCE961->18b22b39-7551-46dd-8464-dd74933c4739: receive RaftClientReply:client-D9B31DDCE961->18b22b39-7551-46dd-8464-dd74933c4739@group-597320EF17B3, cid=2795, SUCCESS, logIndex=0, commits[18b22b39-7551-46dd-8464-dd74933c4739:c4106, 76d6a15c-8eeb-4764-b555-ce8767d18d57:c4105, c90dcfdf-5973-4b56-a955-1fc4555f10cb:c4105]
2019-09-19 11:26:42,813 [grpc-default-executor-1] INFO  client.GrpcClientProtocolClient (GrpcClientProtocolClient.java:onNext(264)) - client-D9B31DDCE961->18b22b39-7551-46dd-8464-dd74933c4739: receive RaftClientReply:client-D9B31DDCE961->18b22b39-7551-46dd-8464-dd74933c4739@group-597320EF17B3, cid=2796, SUCCESS, logIndex=4108, commits[18b22b39-7551-46dd-8464-dd74933c4739:c4111, 76d6a15c-8eeb-4764-b555-ce8767d18d57:c4107, c90dcfdf-5973-4b56-a955-1fc4555f10cb:c4107]
2019-09-19 11:26:42,814 [grpc-default-executor-1] INFO  client.GrpcClientProtocolClient (GrpcClientProtocolClient.java:onNext(264)) - client-D9B31DDCE961->18b22b39-7551-46dd-8464-dd74933c4739: receive RaftClientReply:client-D9B31DDCE961->18b22b39-7551-46dd-8464-dd74933c4739@group-597320EF17B3, cid=2797, SUCCESS, logIndex=4109, commits[18b22b39-7551-46dd-8464-dd74933c4739:c4111, 76d6a15c-8eeb-4764-b555-ce8767d18d57:c4107, c90dcfdf-5973-4b56-a955-1fc4555f10cb:c4107]
2019-09-19 11:26:42,814 [grpc-default-executor-1] INFO  client.GrpcClientProtocolClient (GrpcClientProtocolClient.java:onNext(264)) - client-D9B31DDCE961->18b22b39-7551-46dd-8464-dd74933c4739: receive RaftClientReply:client-D9B31DDCE961->18b22b39-7551-46dd-8464-dd74933c4739@group-597320EF17B3, cid=2798, SUCCESS, logIndex=4110, commits[18b22b39-7551-46dd-8464-dd74933c4739:c4111, 76d6a15c-8eeb-4764-b555-ce8767d18d57:c4107, c90dcfdf-5973-4b56-a955-1fc4555f10cb:c4107]
2019-09-19 11:26:42,814 [grpc-default-executor-1] INFO  client.GrpcClientProtocolClient (GrpcClientProtocolClient.java:onNext(264)) - client-D9B31DDCE961->18b22b39-7551-46dd-8464-dd74933c4739: receive RaftClientReply:client-D9B31DDCE961->18b22b39-7551-46dd-8464-dd74933c4739@group-597320EF17B3, cid=2799, SUCCESS, logIndex=4111, commits[18b22b39-7551-46dd-8464-dd74933c4739:c4111, 76d6a15c-8eeb-4764-b555-ce8767d18d57:c4107, c90dcfdf-5973-4b56-a955-1fc4555f10cb:c4107]
2019-09-19 11:26:42,826 [grpc-default-executor-5] INFO  client.GrpcClientProtocolClient (GrpcClientProtocolClient.java:onNext(264)) - client-D9B31DDCE961->18b22b39-7551-46dd-8464-dd74933c4739: receive RaftClientReply:client-D9B31DDCE961->18b22b39-7551-46dd-8464-dd74933c4739@group-597320EF17B3, cid=2800, SUCCESS, logIndex=0, commits[18b22b39-7551-46dd-8464-dd74933c4739:c4112, 76d6a15c-8eeb-4764-b555-ce8767d18d57:c4110, c90dcfdf-5973-4b56-a955-1fc4555f10cb:c4110]
2019-09-19 11:26:42,853 [grpc-default-executor-5] INFO  client.GrpcClientProtocolClient (GrpcClientProtocolClient.java:onNext(264)) - client-D9B31DDCE961->18b22b39-7551-46dd-8464-dd74933c4739: receive RaftClientReply:client-D9B31DDCE961->18b22b39-7551-46dd-8464-dd74933c4739@group-597320EF17B3, cid=2801, SUCCESS, logIndex=4115, commits[18b22b39-7551-46dd-8464-dd74933c4739:c4116, 76d6a15c-8eeb-4764-b555-ce8767d18d57:c4112, c90dcfdf-5973-4b56-a955-1fc4555f10cb:c4112]
2019-09-19 11:26:42,853 [grpc-default-executor-5] INFO  client.GrpcClientProtocolClient (GrpcClientProtocolClient.java:onNext(264)) - client-D9B31DDCE961->18b22b39-7551-46dd-8464-dd74933c4739: receive RaftClientReply:client-D9B31DDCE961->18b22b39-7551-46dd-8464-dd74933c4739@group-597320EF17B3, cid=2802, SUCCESS, logIndex=4116, commits[18b22b39-7551-46dd-8464-dd74933c4739:c4116, 76d6a15c-8eeb-4764-b555-ce8767d18d57:c4112, c90dcfdf-5973-4b56-a955-1fc4555f10cb:c4112]
2019-09-19 11:26:42,881 [grpc-default-executor-1] INFO  client.GrpcClientProtocolClient (GrpcClientProtocolClient.java:onNext(264)) - client-D9B31DDCE961->18b22b39-7551-46dd-8464-dd74933c4739: receive RaftClientReply:client-D9B31DDCE961->18b22b39-7551-46dd-8464-dd74933c4739@group-597320EF17B3, cid=2803, SUCCESS, logIndex=4119, commits[18b22b39-7551-46dd-8464-dd74933c4739:c4120, 76d6a15c-8eeb-4764-b555-ce8767d18d57:c4116, c90dcfdf-5973-4b56-a955-1fc4555f10cb:c4116]
2019-09-19 11:26:42,882 [grpc-default-executor-1] INFO  client.GrpcClientProtocolClient (GrpcClientProtocolClient.java:onNext(264)) - client-D9B31DDCE961->18b22b39-7551-46dd-8464-dd74933c4739: receive RaftClientReply:client-D9B31DDCE961->18b22b39-7551-46dd-8464-dd74933c4739@group-597320EF17B3, cid=2804, SUCCESS, logIndex=4120, commits[18b22b39-7551-46dd-8464-dd74933c4739:c4120, 76d6a15c-8eeb-4764-b555-ce8767d18d57:c4116, c90dcfdf-5973-4b56-a955-1fc4555f10cb:c4116]
2019-09-19 11:26:42,907 [grpc-default-executor-1] INFO  client.GrpcClientProtocolClient (GrpcClientProtocolClient.java:onNext(264)) - client-D9B31DDCE961->18b22b39-7551-46dd-8464-dd74933c4739: receive RaftClientReply:client-D9B31DDCE961->18b22b39-7551-46dd-8464-dd74933c4739@group-597320EF17B3, cid=2805, SUCCESS, logIndex=0, commits[18b22b39-7551-46dd-8464-dd74933c4739:c4122, 76d6a15c-8eeb-4764-b555-ce8767d18d57:c4120, c90dcfdf-5973-4b56-a955-1fc4555f10cb:c4120]
2019-09-19 11:26:42,942 [grpc-default-executor-1] INFO  client.GrpcClientProtocolClient (GrpcClientProtocolClient.java:onNext(264)) - client-D9B31DDCE961->18b22b39-7551-46dd-8464-dd74933c4739: receive RaftClientReply:client-D9B31DDCE961->18b22b39-7551-46dd-8464-dd74933c4739@group-597320EF17B3, cid=2806, SUCCESS, logIndex=4123, commits[18b22b39-7551-46dd-8464-dd74933c4739:c4124, 76d6a15c-8eeb-4764-b555-ce8767d18d57:c4122, c90dcfdf-5973-4b56-a955-1fc4555f10cb:c4122]
2019-09-19 11:26:42,942 [grpc-default-executor-1] INFO  client.GrpcClientProtocolClient (GrpcClientProtocolClient.java:onNext(264)) - client-D9B31DDCE961->18b22b39-7551-46dd-8464-dd74933c4739: receive RaftClientReply:client-D9B31DDCE961->18b22b39-7551-46dd-8464-dd74933c4739@group-597320EF17B3, cid=2807, SUCCESS, logIndex=4124, commits[18b22b39-7551-46dd-8464-dd74933c4739:c4124, 76d6a15c-8eeb-4764-b555-ce8767d18d57:c4122, c90dcfdf-5973-4b56-a955-1fc4555f10cb:c4122]
2019-09-19 11:26:42,943 [grpc-default-executor-7] INFO  client.GrpcClientProtocolClient (GrpcClientProtocolClient.java:onNext(264)) - client-D9B31DDCE961->18b22b39-7551-46dd-8464-dd74933c4739: receive RaftClientReply:client-D9B31DDCE961->18b22b39-7551-46dd-8464-dd74933c4739@group-597320EF17B3, cid=2808, SUCCESS, logIndex=4125, commits[18b22b39-7551-46dd-8464-dd74933c4739:c4126, 76d6a15c-8eeb-4764-b555-ce8767d18d57:c4122, c90dcfdf-5973-4b56-a955-1fc4555f10cb:c4122]
2019-09-19 11:26:42,943 [grpc-default-executor-7] INFO  client.GrpcClientProtocolClient (GrpcClientProtocolClient.java:onNext(264)) - client-D9B31DDCE961->18b22b39-7551-46dd-8464-dd74933c4739: receive RaftClientReply:client-D9B31DDCE961->18b22b39-7551-46dd-8464-dd74933c4739@group-597320EF17B3, cid=2809, SUCCESS, logIndex=4126, commits[18b22b39-7551-46dd-8464-dd74933c4739:c4126, 76d6a15c-8eeb-4764-b555-ce8767d18d57:c4122, c90dcfdf-5973-4b56-a955-1fc4555f10cb:c4122]
2019-09-19 11:26:42,944 [grpc-default-executor-7] INFO  client.GrpcClientProtocolClient (GrpcClientProtocolClient.java:onNext(264)) - client-D9B31DDCE961->18b22b39-7551-46dd-8464-dd74933c4739: receive RaftClientReply:client-D9B31DDCE961->18b22b39-7551-46dd-8464-dd74933c4739@group-597320EF17B3, cid=2810, SUCCESS, logIndex=0, commits[18b22b39-7551-46dd-8464-dd74933c4739:c4127, 76d6a15c-8eeb-4764-b555-ce8767d18d57:c4124, c90dcfdf-5973-4b56-a955-1fc4555f10cb:c4124]
2019-09-19 11:26:42,953 [grpc-default-executor-5] INFO  client.GrpcClientProtocolClient (GrpcClientProtocolClient.java:onNext(264)) - client-D9B31DDCE961->18b22b39-7551-46dd-8464-dd74933c4739: receive RaftClientReply:client-D9B31DDCE961->18b22b39-7551-46dd-8464-dd74933c4739@group-597320EF17B3, cid=2811, SUCCESS, logIndex=4131, commits[18b22b39-7551-46dd-8464-dd74933c4739:c4132, 76d6a15c-8eeb-4764-b555-ce8767d18d57:c4130, c90dcfdf-5973-4b56-a955-1fc4555f10cb:c4126]
2019-09-19 11:26:42,954 [grpc-default-executor-5] INFO  client.GrpcClientProtocolClient (GrpcClientProtocolClient.java:onNext(264)) - client-D9B31DDCE961->18b22b39-7551-46dd-8464-dd74933c4739: receive RaftClientReply:client-D9B31DDCE961->18b22b39-7551-46dd-8464-dd74933c4739@group-597320EF17B3, cid=2812, SUCCESS, logIndex=4132, commits[18b22b39-7551-46dd-8464-dd74933c4739:c4132, 76d6a15c-8eeb-4764-b555-ce8767d18d57:c4130, c90dcfdf-5973-4b56-a955-1fc4555f10cb:c4130]
2019-09-19 11:26:42,964 [grpc-default-executor-7] INFO  client.GrpcClientProtocolClient (GrpcClientProtocolClient.java:onNext(264)) - client-D9B31DDCE961->18b22b39-7551-46dd-8464-dd74933c4739: receive RaftClientReply:client-D9B31DDCE961->18b22b39-7551-46dd-8464-dd74933c4739@group-597320EF17B3, cid=2813, SUCCESS, logIndex=4135, commits[18b22b39-7551-46dd-8464-dd74933c4739:c4136, 76d6a15c-8eeb-4764-b555-ce8767d18d57:c4134, c90dcfdf-5973-4b56-a955-1fc4555f10cb:c4132]
2019-09-19 11:26:42,965 [grpc-default-executor-7] INFO  client.GrpcClientProtocolClient (GrpcClientProtocolClient.java:onNext(264)) - client-D9B31DDCE961->18b22b39-7551-46dd-8464-dd74933c4739: receive RaftClientReply:client-D9B31DDCE961->18b22b39-7551-46dd-8464-dd74933c4739@group-597320EF17B3, cid=2814, SUCCESS, logIndex=4136, commits[18b22b39-7551-46dd-8464-dd74933c4739:c4136, 76d6a15c-8eeb-4764-b555-ce8767d18d57:c4134, c90dcfdf-5973-4b56-a955-1fc4555f10cb:c4134]
2019-09-19 11:26:42,967 [grpc-default-executor-7] INFO  client.GrpcClientProtocolClient (GrpcClientProtocolClient.java:onNext(264)) - client-D9B31DDCE961->18b22b39-7551-46dd-8464-dd74933c4739: receive RaftClientReply:client-D9B31DDCE961->18b22b39-7551-46dd-8464-dd74933c4739@group-597320EF17B3, cid=2815, SUCCESS, logIndex=0, commits[18b22b39-7551-46dd-8464-dd74933c4739:c4137, 76d6a15c-8eeb-4764-b555-ce8767d18d57:c4136, c90dcfdf-5973-4b56-a955-1fc4555f10cb:c4136]
2019-09-19 11:26:43,001 [grpc-default-executor-7] INFO  client.GrpcClientProtocolClient (GrpcClientProtocolClient.java:onNext(264)) - client-D9B31DDCE961->18b22b39-7551-46dd-8464-dd74933c4739: receive RaftClientReply:client-D9B31DDCE961->18b22b39-7551-46dd-8464-dd74933c4739@group-597320EF17B3, cid=2816, SUCCESS, logIndex=4139, commits[18b22b39-7551-46dd-8464-dd74933c4739:c4141, 76d6a15c-8eeb-4764-b555-ce8767d18d57:c4138, c90dcfdf-5973-4b56-a955-1fc4555f10cb:c4138]
2019-09-19 11:26:43,001 [grpc-default-executor-7] INFO  client.GrpcClientProtocolClient (GrpcClientProtocolClient.java:onNext(264)) - client-D9B31DDCE961->18b22b39-7551-46dd-8464-dd74933c4739: receive RaftClientReply:client-D9B31DDCE961->18b22b39-7551-46dd-8464-dd74933c4739@group-597320EF17B3, cid=2817, SUCCESS, logIndex=4140, commits[18b22b39-7551-46dd-8464-dd74933c4739:c4142, 76d6a15c-8eeb-4764-b555-ce8767d18d57:c4138, c90dcfdf-5973-4b56-a955-1fc4555f10cb:c4138]
2019-09-19 11:26:43,001 [grpc-default-executor-7] INFO  client.GrpcClientProtocolClient (GrpcClientProtocolClient.java:onNext(264)) - client-D9B31DDCE961->18b22b39-7551-46dd-8464-dd74933c4739: receive RaftClientReply:client-D9B31DDCE961->18b22b39-7551-46dd-8464-dd74933c4739@group-597320EF17B3, cid=2818, SUCCESS, logIndex=4141, commits[18b22b39-7551-46dd-8464-dd74933c4739:c4142, 76d6a15c-8eeb-4764-b555-ce8767d18d57:c4138, c90dcfdf-5973-4b56-a955-1fc4555f10cb:c4138]
2019-09-19 11:26:43,001 [grpc-default-executor-7] INFO  client.GrpcClientProtocolClient (GrpcClientProtocolClient.java:onNext(264)) - client-D9B31DDCE961->18b22b39-7551-46dd-8464-dd74933c4739: receive RaftClientReply:client-D9B31DDCE961->18b22b39-7551-46dd-8464-dd74933c4739@group-597320EF17B3, cid=2819, SUCCESS, logIndex=4142, commits[18b22b39-7551-46dd-8464-dd74933c4739:c4142, 76d6a15c-8eeb-4764-b555-ce8767d18d57:c4138, c90dcfdf-5973-4b56-a955-1fc4555f10cb:c4138]
2019-09-19 11:26:43,003 [grpc-default-executor-7] INFO  client.GrpcClientProtocolClient (GrpcClientProtocolClient.java:onNext(264)) - client-D9B31DDCE961->18b22b39-7551-46dd-8464-dd74933c4739: receive RaftClientReply:client-D9B31DDCE961->18b22b39-7551-46dd-8464-dd74933c4739@group-597320EF17B3, cid=2820, SUCCESS, logIndex=0, commits[18b22b39-7551-46dd-8464-dd74933c4739:c4143, 76d6a15c-8eeb-4764-b555-ce8767d18d57:c4140, c90dcfdf-5973-4b56-a955-1fc4555f10cb:c4140]
2019-09-19 11:26:43,016 [grpc-default-executor-1] INFO  client.GrpcClientProtocolClient (GrpcClientProtocolClient.java:onNext(264)) - client-D9B31DDCE961->18b22b39-7551-46dd-8464-dd74933c4739: receive RaftClientReply:client-D9B31DDCE961->18b22b39-7551-46dd-8464-dd74933c4739@group-597320EF17B3, cid=2821, SUCCESS, logIndex=4147, commits[18b22b39-7551-46dd-8464-dd74933c4739:c4148, 76d6a15c-8eeb-4764-b555-ce8767d18d57:c4142, c90dcfdf-5973-4b56-a955-1fc4555f10cb:c4143]
2019-09-19 11:26:43,016 [grpc-default-executor-1] INFO  client.GrpcClientProtocolClient (GrpcClientProtocolClient.java:onNext(264)) - client-D9B31DDCE961->18b22b39-7551-46dd-8464-dd74933c4739: receive RaftClientReply:client-D9B31DDCE961->18b22b39-7551-46dd-8464-dd74933c4739@group-597320EF17B3, cid=2822, SUCCESS, logIndex=4148, commits[18b22b39-7551-46dd-8464-dd74933c4739:c4148, 76d6a15c-8eeb-4764-b555-ce8767d18d57:c4142, c90dcfdf-5973-4b56-a955-1fc4555f10cb:c4143]
2019-09-19 11:26:43,032 [grpc-default-executor-7] INFO  client.GrpcClientProtocolClient (GrpcClientProtocolClient.java:onNext(264)) - client-D9B31DDCE961->18b22b39-7551-46dd-8464-dd74933c4739: receive RaftClientReply:client-D9B31DDCE961->18b22b39-7551-46dd-8464-dd74933c4739@group-597320EF17B3, cid=2823, SUCCESS, logIndex=4151, commits[18b22b39-7551-46dd-8464-dd74933c4739:c4151, 76d6a15c-8eeb-4764-b555-ce8767d18d57:c4148, c90dcfdf-5973-4b56-a955-1fc4555f10cb:c4148]
2019-09-19 11:26:43,032 [grpc-default-executor-7] INFO  client.GrpcClientProtocolClient (GrpcClientProtocolClient.java:onNext(264)) - client-D9B31DDCE961->18b22b39-7551-46dd-8464-dd74933c4739: receive RaftClientReply:client-D9B31DDCE961->18b22b39-7551-46dd-8464-dd74933c4739@group-597320EF17B3, cid=2824, SUCCESS, logIndex=4152, commits[18b22b39-7551-46dd-8464-dd74933c4739:c4152, 76d6a15c-8eeb-4764-b555-ce8767d18d57:c4148, c90dcfdf-5973-4b56-a955-1fc4555f10cb:c4148]
2019-09-19 11:26:43,058 [grpc-default-executor-7] INFO  client.GrpcClientProtocolClient (GrpcClientProtocolClient.java:onNext(264)) - client-D9B31DDCE961->18b22b39-7551-46dd-8464-dd74933c4739: receive RaftClientReply:client-D9B31DDCE961->18b22b39-7551-46dd-8464-dd74933c4739@group-597320EF17B3, cid=2825, SUCCESS, logIndex=0, commits[18b22b39-7551-46dd-8464-dd74933c4739:c4154, 76d6a15c-8eeb-4764-b555-ce8767d18d57:c4152, c90dcfdf-5973-4b56-a955-1fc4555f10cb:c4152]
2019-09-19 11:26:43,087 [grpc-default-executor-1] INFO  client.GrpcClientProtocolClient (GrpcClientProtocolClient.java:onNext(264)) - client-D9B31DDCE961->18b22b39-7551-46dd-8464-dd74933c4739: receive RaftClientReply:client-D9B31DDCE961->18b22b39-7551-46dd-8464-dd74933c4739@group-597320EF17B3, cid=2826, SUCCESS, logIndex=4155, commits[18b22b39-7551-46dd-8464-dd74933c4739:c4157, 76d6a15c-8eeb-4764-b555-ce8767d18d57:c4154, c90dcfdf-5973-4b56-a955-1fc4555f10cb:c4154]
2019-09-19 11:26:43,087 [grpc-default-executor-1] INFO  client.GrpcClientProtocolClient (GrpcClientProtocolClient.java:onNext(264)) - client-D9B31DDCE961->18b22b39-7551-46dd-8464-dd74933c4739: receive RaftClientReply:client-D9B31DDCE961->18b22b39-7551-46dd-8464-dd74933c4739@group-597320EF17B3, cid=2827, SUCCESS, logIndex=4156, commits[18b22b39-7551-46dd-8464-dd74933c4739:c4158, 76d6a15c-8eeb-4764-b555-ce8767d18d57:c4154, c90dcfdf-5973-4b56-a955-1fc4555f10cb:c4154]
2019-09-19 11:26:43,088 [grpc-default-executor-1] INFO  client.GrpcClientProtocolClient (GrpcClientProtocolClient.java:onNext(264)) - client-D9B31DDCE961->18b22b39-7551-46dd-8464-dd74933c4739: receive RaftClientReply:client-D9B31DDCE961->18b22b39-7551-46dd-8464-dd74933c4739@group-597320EF17B3, cid=2828, SUCCESS, logIndex=4157, commits[18b22b39-7551-46dd-8464-dd74933c4739:c4158, 76d6a15c-8eeb-4764-b555-ce8767d18d57:c4154, c90dcfdf-5973-4b56-a955-1fc4555f10cb:c4154]
2019-09-19 11:26:43,088 [grpc-default-executor-1] INFO  client.GrpcClientProtocolClient (GrpcClientProtocolClient.java:onNext(264)) - client-D9B31DDCE961->18b22b39-7551-46dd-8464-dd74933c4739: receive RaftClientReply:client-D9B31DDCE961->18b22b39-7551-46dd-8464-dd74933c4739@group-597320EF17B3, cid=2829, SUCCESS, logIndex=4158, commits[18b22b39-7551-46dd-8464-dd74933c4739:c4158, 76d6a15c-8eeb-4764-b555-ce8767d18d57:c4154, c90dcfdf-5973-4b56-a955-1fc4555f10cb:c4154]
2019-09-19 11:26:43,101 [grpc-default-executor-1] INFO  client.GrpcClientProtocolClient (GrpcClientProtocolClient.java:onNext(264)) - client-D9B31DDCE961->18b22b39-7551-46dd-8464-dd74933c4739: receive RaftClientReply:client-D9B31DDCE961->18b22b39-7551-46dd-8464-dd74933c4739@group-597320EF17B3, cid=2830, SUCCESS, logIndex=0, commits[18b22b39-7551-46dd-8464-dd74933c4739:c4160, 76d6a15c-8eeb-4764-b555-ce8767d18d57:c4156, c90dcfdf-5973-4b56-a955-1fc4555f10cb:c4156]
2019-09-19 11:26:43,118 [grpc-default-executor-3] INFO  client.GrpcClientProtocolClient (GrpcClientProtocolClient.java:onNext(264)) - client-D9B31DDCE961->18b22b39-7551-46dd-8464-dd74933c4739: receive RaftClientReply:client-D9B31DDCE961->18b22b39-7551-46dd-8464-dd74933c4739@group-597320EF17B3, cid=2831, SUCCESS, logIndex=4163, commits[18b22b39-7551-46dd-8464-dd74933c4739:c4163, 76d6a15c-8eeb-4764-b555-ce8767d18d57:c4162, c90dcfdf-5973-4b56-a955-1fc4555f10cb:c4162]
2019-09-19 11:26:43,119 [grpc-default-executor-3] INFO  client.GrpcClientProtocolClient (GrpcClientProtocolClient.java:onNext(264)) - client-D9B31DDCE961->18b22b39-7551-46dd-8464-dd74933c4739: receive RaftClientReply:client-D9B31DDCE961->18b22b39-7551-46dd-8464-dd74933c4739@group-597320EF17B3, cid=2832, SUCCESS, logIndex=4164, commits[18b22b39-7551-46dd-8464-dd74933c4739:c4164, 76d6a15c-8eeb-4764-b555-ce8767d18d57:c4162, c90dcfdf-5973-4b56-a955-1fc4555f10cb:c4162]
2019-09-19 11:26:43,147 [grpc-default-executor-3] INFO  client.GrpcClientProtocolClient (GrpcClientProtocolClient.java:onNext(264)) - client-D9B31DDCE961->18b22b39-7551-46dd-8464-dd74933c4739: receive RaftClientReply:client-D9B31DDCE961->18b22b39-7551-46dd-8464-dd74933c4739@group-597320EF17B3, cid=2833, SUCCESS, logIndex=4167, commits[18b22b39-7551-46dd-8464-dd74933c4739:c4168, 76d6a15c-8eeb-4764-b555-ce8767d18d57:c4164, c90dcfdf-5973-4b56-a955-1fc4555f10cb:c4164]
2019-09-19 11:26:43,147 [grpc-default-executor-3] INFO  client.GrpcClientProtocolClient (GrpcClientProtocolClient.java:onNext(264)) - client-D9B31DDCE961->18b22b39-7551-46dd-8464-dd74933c4739: receive RaftClientReply:client-D9B31DDCE961->18b22b39-7551-46dd-8464-dd74933c4739@group-597320EF17B3, cid=2834, SUCCESS, logIndex=4168, commits[18b22b39-7551-46dd-8464-dd74933c4739:c4168, 76d6a15c-8eeb-4764-b555-ce8767d18d57:c4164, c90dcfdf-5973-4b56-a955-1fc4555f10cb:c4164]
2019-09-19 11:26:43,164 [grpc-default-executor-3] INFO  client.GrpcClientProtocolClient (GrpcClientProtocolClient.java:onNext(264)) - client-D9B31DDCE961->18b22b39-7551-46dd-8464-dd74933c4739: receive RaftClientReply:client-D9B31DDCE961->18b22b39-7551-46dd-8464-dd74933c4739@group-597320EF17B3, cid=2835, SUCCESS, logIndex=0, commits[18b22b39-7551-46dd-8464-dd74933c4739:c4170, 76d6a15c-8eeb-4764-b555-ce8767d18d57:c4168, c90dcfdf-5973-4b56-a955-1fc4555f10cb:c4168]
2019-09-19 11:26:43,186 [grpc-default-executor-5] INFO  client.GrpcClientProtocolClient (GrpcClientProtocolClient.java:onNext(264)) - client-D9B31DDCE961->18b22b39-7551-46dd-8464-dd74933c4739: receive RaftClientReply:client-D9B31DDCE961->18b22b39-7551-46dd-8464-dd74933c4739@group-597320EF17B3, cid=2836, SUCCESS, logIndex=4171, commits[18b22b39-7551-46dd-8464-dd74933c4739:c4172, 76d6a15c-8eeb-4764-b555-ce8767d18d57:c4170, c90dcfdf-5973-4b56-a955-1fc4555f10cb:c4170]
2019-09-19 11:26:43,186 [grpc-default-executor-5] INFO  client.GrpcClientProtocolClient (GrpcClientProtocolClient.java:onNext(264)) - client-D9B31DDCE961->18b22b39-7551-46dd-8464-dd74933c4739: receive RaftClientReply:client-D9B31DDCE961->18b22b39-7551-46dd-8464-dd74933c4739@group-597320EF17B3, cid=2837, SUCCESS, logIndex=4172, commits[18b22b39-7551-46dd-8464-dd74933c4739:c4172, 76d6a15c-8eeb-4764-b555-ce8767d18d57:c4170, c90dcfdf-5973-4b56-a955-1fc4555f10cb:c4170]
2019-09-19 11:26:43,188 [grpc-default-executor-1] INFO  client.GrpcClientProtocolClient (GrpcClientProtocolClient.java:onNext(264)) - client-D9B31DDCE961->18b22b39-7551-46dd-8464-dd74933c4739: receive RaftClientReply:client-D9B31DDCE961->18b22b39-7551-46dd-8464-dd74933c4739@group-597320EF17B3, cid=2838, SUCCESS, logIndex=4173, commits[18b22b39-7551-46dd-8464-dd74933c4739:c4173, 76d6a15c-8eeb-4764-b555-ce8767d18d57:c4170, c90dcfdf-5973-4b56-a955-1fc4555f10cb:c4170]
2019-09-19 11:26:43,188 [grpc-default-executor-1] INFO  client.GrpcClientProtocolClient (GrpcClientProtocolClient.java:onNext(264)) - client-D9B31DDCE961->18b22b39-7551-46dd-8464-dd74933c4739: receive RaftClientReply:client-D9B31DDCE961->18b22b39-7551-46dd-8464-dd74933c4739@group-597320EF17B3, cid=2839, SUCCESS, logIndex=4174, commits[18b22b39-7551-46dd-8464-dd74933c4739:c4174, 76d6a15c-8eeb-4764-b555-ce8767d18d57:c4170, c90dcfdf-5973-4b56-a955-1fc4555f10cb:c4170]
2019-09-19 11:26:43,193 [grpc-default-executor-1] INFO  client.GrpcClientProtocolClient (GrpcClientProtocolClient.java:onNext(264)) - client-D9B31DDCE961->18b22b39-7551-46dd-8464-dd74933c4739: receive RaftClientReply:client-D9B31DDCE961->18b22b39-7551-46dd-8464-dd74933c4739@group-597320EF17B3, cid=2840, SUCCESS, logIndex=0, commits[18b22b39-7551-46dd-8464-dd74933c4739:c4176, 76d6a15c-8eeb-4764-b555-ce8767d18d57:c4172, c90dcfdf-5973-4b56-a955-1fc4555f10cb:c4172]
2019-09-19 11:26:43,208 [grpc-default-executor-1] INFO  client.GrpcClientProtocolClient (GrpcClientProtocolClient.java:onNext(264)) - client-D9B31DDCE961->18b22b39-7551-46dd-8464-dd74933c4739: receive RaftClientReply:client-D9B31DDCE961->18b22b39-7551-46dd-8464-dd74933c4739@group-597320EF17B3, cid=2841, SUCCESS, logIndex=4179, commits[18b22b39-7551-46dd-8464-dd74933c4739:c4180, 76d6a15c-8eeb-4764-b555-ce8767d18d57:c4180, c90dcfdf-5973-4b56-a955-1fc4555f10cb:c4178]
2019-09-19 11:26:43,208 [grpc-default-executor-1] INFO  client.GrpcClientProtocolClient (GrpcClientProtocolClient.java:onNext(264)) - client-D9B31DDCE961->18b22b39-7551-46dd-8464-dd74933c4739: receive RaftClientReply:client-D9B31DDCE961->18b22b39-7551-46dd-8464-dd74933c4739@group-597320EF17B3, cid=2842, SUCCESS, logIndex=4180, commits[18b22b39-7551-46dd-8464-dd74933c4739:c4180, 76d6a15c-8eeb-4764-b555-ce8767d18d57:c4180, c90dcfdf-5973-4b56-a955-1fc4555f10cb:c4178]
2019-09-19 11:26:43,259 [grpc-default-executor-3] INFO  client.GrpcClientProtocolClient (GrpcClientProtocolClient.java:onNext(264)) - client-D9B31DDCE961->18b22b39-7551-46dd-8464-dd74933c4739: receive RaftClientReply:client-D9B31DDCE961->18b22b39-7551-46dd-8464-dd74933c4739@group-597320EF17B3, cid=2843, SUCCESS, logIndex=4183, commits[18b22b39-7551-46dd-8464-dd74933c4739:c4185, 76d6a15c-8eeb-4764-b555-ce8767d18d57:c4180, c90dcfdf-5973-4b56-a955-1fc4555f10cb:c4180]
2019-09-19 11:26:43,259 [grpc-default-executor-3] INFO  client.GrpcClientProtocolClient (GrpcClientProtocolClient.java:onNext(264)) - client-D9B31DDCE961->18b22b39-7551-46dd-8464-dd74933c4739: receive RaftClientReply:client-D9B31DDCE961->18b22b39-7551-46dd-8464-dd74933c4739@group-597320EF17B3, cid=2844, SUCCESS, logIndex=4184, commits[18b22b39-7551-46dd-8464-dd74933c4739:c4185, 76d6a15c-8eeb-4764-b555-ce8767d18d57:c4180, c90dcfdf-5973-4b56-a955-1fc4555f10cb:c4180]
 0.00% |█                                                                                                    |  0/1 Time: 0:00:47 0.00% |█                                                                                                    |  0/1 Time: 0:00:48 0.00% |█                                                                                                    |  0/1 Time: 0:00:492019-09-19 11:26:45,762 [grpc-default-executor-3] INFO  client.GrpcClientProtocolClient (GrpcClientProtocolClient.java:onNext(264)) - client-D9B31DDCE961->18b22b39-7551-46dd-8464-dd74933c4739: receive RaftClientReply:client-D9B31DDCE961->18b22b39-7551-46dd-8464-dd74933c4739@group-597320EF17B3, cid=2845, SUCCESS, logIndex=0, commits[18b22b39-7551-46dd-8464-dd74933c4739:c4186, 76d6a15c-8eeb-4764-b555-ce8767d18d57:c4186, c90dcfdf-5973-4b56-a955-1fc4555f10cb:c4186]
2019-09-19 11:26:45,788 [grpc-default-executor-5] INFO  client.GrpcClientProtocolClient (GrpcClientProtocolClient.java:onNext(264)) - client-D9B31DDCE961->18b22b39-7551-46dd-8464-dd74933c4739: receive RaftClientReply:client-D9B31DDCE961->18b22b39-7551-46dd-8464-dd74933c4739@group-597320EF17B3, cid=2846, SUCCESS, logIndex=4187, commits[18b22b39-7551-46dd-8464-dd74933c4739:c4188, 76d6a15c-8eeb-4764-b555-ce8767d18d57:c4186, c90dcfdf-5973-4b56-a955-1fc4555f10cb:c4186]
2019-09-19 11:26:45,789 [grpc-default-executor-5] INFO  client.GrpcClientProtocolClient (GrpcClientProtocolClient.java:onNext(264)) - client-D9B31DDCE961->18b22b39-7551-46dd-8464-dd74933c4739: receive RaftClientReply:client-D9B31DDCE961->18b22b39-7551-46dd-8464-dd74933c4739@group-597320EF17B3, cid=2847, SUCCESS, logIndex=4188, commits[18b22b39-7551-46dd-8464-dd74933c4739:c4188, 76d6a15c-8eeb-4764-b555-ce8767d18d57:c4186, c90dcfdf-5973-4b56-a955-1fc4555f10cb:c4186]
2019-09-19 11:26:45,802 [grpc-default-executor-3] INFO  client.GrpcClientProtocolClient (GrpcClientProtocolClient.java:onNext(264)) - client-D9B31DDCE961->18b22b39-7551-46dd-8464-dd74933c4739: receive RaftClientReply:client-D9B31DDCE961->18b22b39-7551-46dd-8464-dd74933c4739@group-597320EF17B3, cid=2848, SUCCESS, logIndex=4189, commits[18b22b39-7551-46dd-8464-dd74933c4739:c4190, 76d6a15c-8eeb-4764-b555-ce8767d18d57:c4187, c90dcfdf-5973-4b56-a955-1fc4555f10cb:c4186]
2019-09-19 11:26:45,802 [grpc-default-executor-3] INFO  client.GrpcClientProtocolClient (GrpcClientProtocolClient.java:onNext(264)) - client-D9B31DDCE961->18b22b39-7551-46dd-8464-dd74933c4739: receive RaftClientReply:client-D9B31DDCE961->18b22b39-7551-46dd-8464-dd74933c4739@group-597320EF17B3, cid=2849, SUCCESS, logIndex=4190, commits[18b22b39-7551-46dd-8464-dd74933c4739:c4192, 76d6a15c-8eeb-4764-b555-ce8767d18d57:c4188, c90dcfdf-5973-4b56-a955-1fc4555f10cb:c4186]
2019-09-19 11:26:45,803 [grpc-default-executor-3] INFO  client.GrpcClientProtocolClient (GrpcClientProtocolClient.java:onNext(264)) - client-D9B31DDCE961->18b22b39-7551-46dd-8464-dd74933c4739: receive RaftClientReply:client-D9B31DDCE961->18b22b39-7551-46dd-8464-dd74933c4739@group-597320EF17B3, cid=2850, SUCCESS, logIndex=0, commits[18b22b39-7551-46dd-8464-dd74933c4739:c4192, 76d6a15c-8eeb-4764-b555-ce8767d18d57:c4188, c90dcfdf-5973-4b56-a955-1fc4555f10cb:c4188]
2019-09-19 11:26:45,948 [grpc-default-executor-1] INFO  client.GrpcClientProtocolClient (GrpcClientProtocolClient.java:onNext(264)) - client-D9B31DDCE961->18b22b39-7551-46dd-8464-dd74933c4739: receive RaftClientReply:client-D9B31DDCE961->18b22b39-7551-46dd-8464-dd74933c4739@group-597320EF17B3, cid=2851, SUCCESS, logIndex=4195, commits[18b22b39-7551-46dd-8464-dd74933c4739:c4196, 76d6a15c-8eeb-4764-b555-ce8767d18d57:c4193, c90dcfdf-5973-4b56-a955-1fc4555f10cb:c4193]
2019-09-19 11:26:45,949 [grpc-default-executor-1] INFO  client.GrpcClientProtocolClient (GrpcClientProtocolClient.java:onNext(264)) - client-D9B31DDCE961->18b22b39-7551-46dd-8464-dd74933c4739: receive RaftClientReply:client-D9B31DDCE961->18b22b39-7551-46dd-8464-dd74933c4739@group-597320EF17B3, cid=2852, SUCCESS, logIndex=4196, commits[18b22b39-7551-46dd-8464-dd74933c4739:c4196, 76d6a15c-8eeb-4764-b555-ce8767d18d57:c4193, c90dcfdf-5973-4b56-a955-1fc4555f10cb:c4193]
2019-09-19 11:26:45,971 [grpc-default-executor-3] INFO  client.GrpcClientProtocolClient (GrpcClientProtocolClient.java:onNext(264)) - client-D9B31DDCE961->18b22b39-7551-46dd-8464-dd74933c4739: receive RaftClientReply:client-D9B31DDCE961->18b22b39-7551-46dd-8464-dd74933c4739@group-597320EF17B3, cid=2853, SUCCESS, logIndex=4199, commits[18b22b39-7551-46dd-8464-dd74933c4739:c4200, 76d6a15c-8eeb-4764-b555-ce8767d18d57:c4196, c90dcfdf-5973-4b56-a955-1fc4555f10cb:c4196]
2019-09-19 11:26:45,971 [grpc-default-executor-3] INFO  client.GrpcClientProtocolClient (GrpcClientProtocolClient.java:onNext(264)) - client-D9B31DDCE961->18b22b39-7551-46dd-8464-dd74933c4739: receive RaftClientReply:client-D9B31DDCE961->18b22b39-7551-46dd-8464-dd74933c4739@group-597320EF17B3, cid=2854, SUCCESS, logIndex=4200, commits[18b22b39-7551-46dd-8464-dd74933c4739:c4200, 76d6a15c-8eeb-4764-b555-ce8767d18d57:c4196, c90dcfdf-5973-4b56-a955-1fc4555f10cb:c4196]
2019-09-19 11:26:45,972 [grpc-default-executor-1] INFO  client.GrpcClientProtocolClient (GrpcClientProtocolClient.java:onNext(264)) - client-D9B31DDCE961->18b22b39-7551-46dd-8464-dd74933c4739: receive RaftClientReply:client-D9B31DDCE961->18b22b39-7551-46dd-8464-dd74933c4739@group-597320EF17B3, cid=2855, SUCCESS, logIndex=0, commits[18b22b39-7551-46dd-8464-dd74933c4739:c4201, 76d6a15c-8eeb-4764-b555-ce8767d18d57:c4200, c90dcfdf-5973-4b56-a955-1fc4555f10cb:c4200]
2019-09-19 11:26:46,001 [grpc-default-executor-5] INFO  client.GrpcClientProtocolClient (GrpcClientProtocolClient.java:onNext(264)) - client-D9B31DDCE961->18b22b39-7551-46dd-8464-dd74933c4739: receive RaftClientReply:client-D9B31DDCE961->18b22b39-7551-46dd-8464-dd74933c4739@group-597320EF17B3, cid=2856, SUCCESS, logIndex=4203, commits[18b22b39-7551-46dd-8464-dd74933c4739:c4204, 76d6a15c-8eeb-4764-b555-ce8767d18d57:c4202, c90dcfdf-5973-4b56-a955-1fc4555f10cb:c4202]
2019-09-19 11:26:46,002 [grpc-default-executor-5] INFO  client.GrpcClientProtocolClient (GrpcClientProtocolClient.java:onNext(264)) - client-D9B31DDCE961->18b22b39-7551-46dd-8464-dd74933c4739: receive RaftClientReply:client-D9B31DDCE961->18b22b39-7551-46dd-8464-dd74933c4739@group-597320EF17B3, cid=2857, SUCCESS, logIndex=4204, commits[18b22b39-7551-46dd-8464-dd74933c4739:c4204, 76d6a15c-8eeb-4764-b555-ce8767d18d57:c4202, c90dcfdf-5973-4b56-a955-1fc4555f10cb:c4202]
2019-09-19 11:26:46,002 [grpc-default-executor-5] INFO  client.GrpcClientProtocolClient (GrpcClientProtocolClient.java:onNext(264)) - client-D9B31DDCE961->18b22b39-7551-46dd-8464-dd74933c4739: receive RaftClientReply:client-D9B31DDCE961->18b22b39-7551-46dd-8464-dd74933c4739@group-597320EF17B3, cid=2858, SUCCESS, logIndex=4205, commits[18b22b39-7551-46dd-8464-dd74933c4739:c4206, 76d6a15c-8eeb-4764-b555-ce8767d18d57:c4202, c90dcfdf-5973-4b56-a955-1fc4555f10cb:c4202]
2019-09-19 11:26:46,002 [grpc-default-executor-5] INFO  client.GrpcClientProtocolClient (GrpcClientProtocolClient.java:onNext(264)) - client-D9B31DDCE961->18b22b39-7551-46dd-8464-dd74933c4739: receive RaftClientReply:client-D9B31DDCE961->18b22b39-7551-46dd-8464-dd74933c4739@group-597320EF17B3, cid=2859, SUCCESS, logIndex=4206, commits[18b22b39-7551-46dd-8464-dd74933c4739:c4206, 76d6a15c-8eeb-4764-b555-ce8767d18d57:c4202, c90dcfdf-5973-4b56-a955-1fc4555f10cb:c4202]
2019-09-19 11:26:46,016 [grpc-default-executor-3] INFO  client.GrpcClientProtocolClient (GrpcClientProtocolClient.java:onNext(264)) - client-D9B31DDCE961->18b22b39-7551-46dd-8464-dd74933c4739: receive RaftClientReply:client-D9B31DDCE961->18b22b39-7551-46dd-8464-dd74933c4739@group-597320EF17B3, cid=2860, SUCCESS, logIndex=0, commits[18b22b39-7551-46dd-8464-dd74933c4739:c4208, 76d6a15c-8eeb-4764-b555-ce8767d18d57:c4204, c90dcfdf-5973-4b56-a955-1fc4555f10cb:c4204]
2019-09-19 11:26:46,035 [grpc-default-executor-1] INFO  client.GrpcClientProtocolClient (GrpcClientProtocolClient.java:onNext(264)) - client-D9B31DDCE961->18b22b39-7551-46dd-8464-dd74933c4739: receive RaftClientReply:client-D9B31DDCE961->18b22b39-7551-46dd-8464-dd74933c4739@group-597320EF17B3, cid=2861, SUCCESS, logIndex=4211, commits[18b22b39-7551-46dd-8464-dd74933c4739:c4212, 76d6a15c-8eeb-4764-b555-ce8767d18d57:c4210, c90dcfdf-5973-4b56-a955-1fc4555f10cb:c4210]
2019-09-19 11:26:46,036 [grpc-default-executor-1] INFO  client.GrpcClientProtocolClient (GrpcClientProtocolClient.java:onNext(264)) - client-D9B31DDCE961->18b22b39-7551-46dd-8464-dd74933c4739: receive RaftClientReply:client-D9B31DDCE961->18b22b39-7551-46dd-8464-dd74933c4739@group-597320EF17B3, cid=2862, SUCCESS, logIndex=4212, commits[18b22b39-7551-46dd-8464-dd74933c4739:c4212, 76d6a15c-8eeb-4764-b555-ce8767d18d57:c4210, c90dcfdf-5973-4b56-a955-1fc4555f10cb:c4210]
2019-09-19 11:26:46,050 [grpc-default-executor-1] INFO  client.GrpcClientProtocolClient (GrpcClientProtocolClient.java:onNext(264)) - client-D9B31DDCE961->18b22b39-7551-46dd-8464-dd74933c4739: receive RaftClientReply:client-D9B31DDCE961->18b22b39-7551-46dd-8464-dd74933c4739@group-597320EF17B3, cid=2863, SUCCESS, logIndex=4215, commits[18b22b39-7551-46dd-8464-dd74933c4739:c4216, 76d6a15c-8eeb-4764-b555-ce8767d18d57:c4212, c90dcfdf-5973-4b56-a955-1fc4555f10cb:c4212]
2019-09-19 11:26:46,050 [grpc-default-executor-1] INFO  client.GrpcClientProtocolClient (GrpcClientProtocolClient.java:onNext(264)) - client-D9B31DDCE961->18b22b39-7551-46dd-8464-dd74933c4739: receive RaftClientReply:client-D9B31DDCE961->18b22b39-7551-46dd-8464-dd74933c4739@group-597320EF17B3, cid=2864, SUCCESS, logIndex=4216, commits[18b22b39-7551-46dd-8464-dd74933c4739:c4216, 76d6a15c-8eeb-4764-b555-ce8767d18d57:c4212, c90dcfdf-5973-4b56-a955-1fc4555f10cb:c4212]
2019-09-19 11:26:46,062 [grpc-default-executor-1] INFO  client.GrpcClientProtocolClient (GrpcClientProtocolClient.java:onNext(264)) - client-D9B31DDCE961->18b22b39-7551-46dd-8464-dd74933c4739: receive RaftClientReply:client-D9B31DDCE961->18b22b39-7551-46dd-8464-dd74933c4739@group-597320EF17B3, cid=2865, SUCCESS, logIndex=0, commits[18b22b39-7551-46dd-8464-dd74933c4739:c4218, 76d6a15c-8eeb-4764-b555-ce8767d18d57:c4216, c90dcfdf-5973-4b56-a955-1fc4555f10cb:c4216]
2019-09-19 11:26:46,092 [grpc-default-executor-1] INFO  client.GrpcClientProtocolClient (GrpcClientProtocolClient.java:onNext(264)) - client-D9B31DDCE961->18b22b39-7551-46dd-8464-dd74933c4739: receive RaftClientReply:client-D9B31DDCE961->18b22b39-7551-46dd-8464-dd74933c4739@group-597320EF17B3, cid=2866, SUCCESS, logIndex=4219, commits[18b22b39-7551-46dd-8464-dd74933c4739:c4222, 76d6a15c-8eeb-4764-b555-ce8767d18d57:c4218, c90dcfdf-5973-4b56-a955-1fc4555f10cb:c4218]
2019-09-19 11:26:46,093 [grpc-default-executor-1] INFO  client.GrpcClientProtocolClient (GrpcClientProtocolClient.java:onNext(264)) - client-D9B31DDCE961->18b22b39-7551-46dd-8464-dd74933c4739: receive RaftClientReply:client-D9B31DDCE961->18b22b39-7551-46dd-8464-dd74933c4739@group-597320EF17B3, cid=2867, SUCCESS, logIndex=4220, commits[18b22b39-7551-46dd-8464-dd74933c4739:c4222, 76d6a15c-8eeb-4764-b555-ce8767d18d57:c4218, c90dcfdf-5973-4b56-a955-1fc4555f10cb:c4218]
2019-09-19 11:26:46,093 [grpc-default-executor-1] INFO  client.GrpcClientProtocolClient (GrpcClientProtocolClient.java:onNext(264)) - client-D9B31DDCE961->18b22b39-7551-46dd-8464-dd74933c4739: receive RaftClientReply:client-D9B31DDCE961->18b22b39-7551-46dd-8464-dd74933c4739@group-597320EF17B3, cid=2868, SUCCESS, logIndex=4221, commits[18b22b39-7551-46dd-8464-dd74933c4739:c4222, 76d6a15c-8eeb-4764-b555-ce8767d18d57:c4218, c90dcfdf-5973-4b56-a955-1fc4555f10cb:c4218]
2019-09-19 11:26:46,093 [grpc-default-executor-1] INFO  client.GrpcClientProtocolClient (GrpcClientProtocolClient.java:onNext(264)) - client-D9B31DDCE961->18b22b39-7551-46dd-8464-dd74933c4739: receive RaftClientReply:client-D9B31DDCE961->18b22b39-7551-46dd-8464-dd74933c4739@group-597320EF17B3, cid=2869, SUCCESS, logIndex=4222, commits[18b22b39-7551-46dd-8464-dd74933c4739:c4222, 76d6a15c-8eeb-4764-b555-ce8767d18d57:c4218, c90dcfdf-5973-4b56-a955-1fc4555f10cb:c4218]
2019-09-19 11:26:46,103 [grpc-default-executor-3] INFO  client.GrpcClientProtocolClient (GrpcClientProtocolClient.java:onNext(264)) - client-D9B31DDCE961->18b22b39-7551-46dd-8464-dd74933c4739: receive RaftClientReply:client-D9B31DDCE961->18b22b39-7551-46dd-8464-dd74933c4739@group-597320EF17B3, cid=2870, SUCCESS, logIndex=0, commits[18b22b39-7551-46dd-8464-dd74933c4739:c4223, 76d6a15c-8eeb-4764-b555-ce8767d18d57:c4220, c90dcfdf-5973-4b56-a955-1fc4555f10cb:c4220]
2019-09-19 11:26:46,117 [grpc-default-executor-3] INFO  client.GrpcClientProtocolClient (GrpcClientProtocolClient.java:onNext(264)) - client-D9B31DDCE961->18b22b39-7551-46dd-8464-dd74933c4739: receive RaftClientReply:client-D9B31DDCE961->18b22b39-7551-46dd-8464-dd74933c4739@group-597320EF17B3, cid=2871, SUCCESS, logIndex=4227, commits[18b22b39-7551-46dd-8464-dd74933c4739:c4227, 76d6a15c-8eeb-4764-b555-ce8767d18d57:c4226, c90dcfdf-5973-4b56-a955-1fc4555f10cb:c4226]
2019-09-19 11:26:46,117 [grpc-default-executor-3] INFO  client.GrpcClientProtocolClient (GrpcClientProtocolClient.java:onNext(264)) - client-D9B31DDCE961->18b22b39-7551-46dd-8464-dd74933c4739: receive RaftClientReply:client-D9B31DDCE961->18b22b39-7551-46dd-8464-dd74933c4739@group-597320EF17B3, cid=2872, SUCCESS, logIndex=4228, commits[18b22b39-7551-46dd-8464-dd74933c4739:c4228, 76d6a15c-8eeb-4764-b555-ce8767d18d57:c4226, c90dcfdf-5973-4b56-a955-1fc4555f10cb:c4226]
2019-09-19 11:26:46,134 [grpc-default-executor-1] INFO  client.GrpcClientProtocolClient (GrpcClientProtocolClient.java:onNext(264)) - client-D9B31DDCE961->18b22b39-7551-46dd-8464-dd74933c4739: receive RaftClientReply:client-D9B31DDCE961->18b22b39-7551-46dd-8464-dd74933c4739@group-597320EF17B3, cid=2873, SUCCESS, logIndex=4231, commits[18b22b39-7551-46dd-8464-dd74933c4739:c4232, 76d6a15c-8eeb-4764-b555-ce8767d18d57:c4229, c90dcfdf-5973-4b56-a955-1fc4555f10cb:c4229]
2019-09-19 11:26:46,134 [grpc-default-executor-1] INFO  client.GrpcClientProtocolClient (GrpcClientProtocolClient.java:onNext(264)) - client-D9B31DDCE961->18b22b39-7551-46dd-8464-dd74933c4739: receive RaftClientReply:client-D9B31DDCE961->18b22b39-7551-46dd-8464-dd74933c4739@group-597320EF17B3, cid=2874, SUCCESS, logIndex=4232, commits[18b22b39-7551-46dd-8464-dd74933c4739:c4232, 76d6a15c-8eeb-4764-b555-ce8767d18d57:c4229, c90dcfdf-5973-4b56-a955-1fc4555f10cb:c4229]
2019-09-19 11:26:46,145 [grpc-default-executor-1] INFO  client.GrpcClientProtocolClient (GrpcClientProtocolClient.java:onNext(264)) - client-D9B31DDCE961->18b22b39-7551-46dd-8464-dd74933c4739: receive RaftClientReply:client-D9B31DDCE961->18b22b39-7551-46dd-8464-dd74933c4739@group-597320EF17B3, cid=2875, SUCCESS, logIndex=0, commits[18b22b39-7551-46dd-8464-dd74933c4739:c4234, 76d6a15c-8eeb-4764-b555-ce8767d18d57:c4232, c90dcfdf-5973-4b56-a955-1fc4555f10cb:c4232]
2019-09-19 11:26:46,168 [grpc-default-executor-7] INFO  client.GrpcClientProtocolClient (GrpcClientProtocolClient.java:onNext(264)) - client-D9B31DDCE961->18b22b39-7551-46dd-8464-dd74933c4739: receive RaftClientReply:client-D9B31DDCE961->18b22b39-7551-46dd-8464-dd74933c4739@group-597320EF17B3, cid=2876, SUCCESS, logIndex=4235, commits[18b22b39-7551-46dd-8464-dd74933c4739:c4237, 76d6a15c-8eeb-4764-b555-ce8767d18d57:c4234, c90dcfdf-5973-4b56-a955-1fc4555f10cb:c4234]
2019-09-19 11:26:46,168 [grpc-default-executor-7] INFO  client.GrpcClientProtocolClient (GrpcClientProtocolClient.java:onNext(264)) - client-D9B31DDCE961->18b22b39-7551-46dd-8464-dd74933c4739: receive RaftClientReply:client-D9B31DDCE961->18b22b39-7551-46dd-8464-dd74933c4739@group-597320EF17B3, cid=2877, SUCCESS, logIndex=4236, commits[18b22b39-7551-46dd-8464-dd74933c4739:c4238, 76d6a15c-8eeb-4764-b555-ce8767d18d57:c4234, c90dcfdf-5973-4b56-a955-1fc4555f10cb:c4234]
2019-09-19 11:26:46,169 [grpc-default-executor-7] INFO  client.GrpcClientProtocolClient (GrpcClientProtocolClient.java:onNext(264)) - client-D9B31DDCE961->18b22b39-7551-46dd-8464-dd74933c4739: receive RaftClientReply:client-D9B31DDCE961->18b22b39-7551-46dd-8464-dd74933c4739@group-597320EF17B3, cid=2878, SUCCESS, logIndex=4237, commits[18b22b39-7551-46dd-8464-dd74933c4739:c4238, 76d6a15c-8eeb-4764-b555-ce8767d18d57:c4234, c90dcfdf-5973-4b56-a955-1fc4555f10cb:c4234]
2019-09-19 11:26:46,169 [grpc-default-executor-7] INFO  client.GrpcClientProtocolClient (GrpcClientProtocolClient.java:onNext(264)) - client-D9B31DDCE961->18b22b39-7551-46dd-8464-dd74933c4739: receive RaftClientReply:client-D9B31DDCE961->18b22b39-7551-46dd-8464-dd74933c4739@group-597320EF17B3, cid=2879, SUCCESS, logIndex=4238, commits[18b22b39-7551-46dd-8464-dd74933c4739:c4238, 76d6a15c-8eeb-4764-b555-ce8767d18d57:c4234, c90dcfdf-5973-4b56-a955-1fc4555f10cb:c4234]
2019-09-19 11:26:46,182 [grpc-default-executor-3] INFO  client.GrpcClientProtocolClient (GrpcClientProtocolClient.java:onNext(264)) - client-D9B31DDCE961->18b22b39-7551-46dd-8464-dd74933c4739: receive RaftClientReply:client-D9B31DDCE961->18b22b39-7551-46dd-8464-dd74933c4739@group-597320EF17B3, cid=2880, SUCCESS, logIndex=0, commits[18b22b39-7551-46dd-8464-dd74933c4739:c4241, 76d6a15c-8eeb-4764-b555-ce8767d18d57:c4237, c90dcfdf-5973-4b56-a955-1fc4555f10cb:c4236]
2019-09-19 11:26:46,193 [grpc-default-executor-1] INFO  client.GrpcClientProtocolClient (GrpcClientProtocolClient.java:onNext(264)) - client-D9B31DDCE961->18b22b39-7551-46dd-8464-dd74933c4739: receive RaftClientReply:client-D9B31DDCE961->18b22b39-7551-46dd-8464-dd74933c4739@group-597320EF17B3, cid=2881, SUCCESS, logIndex=4243, commits[18b22b39-7551-46dd-8464-dd74933c4739:c4244, 76d6a15c-8eeb-4764-b555-ce8767d18d57:c4242, c90dcfdf-5973-4b56-a955-1fc4555f10cb:c4242]
2019-09-19 11:26:46,193 [grpc-default-executor-1] INFO  client.GrpcClientProtocolClient (GrpcClientProtocolClient.java:onNext(264)) - client-D9B31DDCE961->18b22b39-7551-46dd-8464-dd74933c4739: receive RaftClientReply:client-D9B31DDCE961->18b22b39-7551-46dd-8464-dd74933c4739@group-597320EF17B3, cid=2882, SUCCESS, logIndex=4244, commits[18b22b39-7551-46dd-8464-dd74933c4739:c4244, 76d6a15c-8eeb-4764-b555-ce8767d18d57:c4242, c90dcfdf-5973-4b56-a955-1fc4555f10cb:c4242]
2019-09-19 11:26:46,208 [grpc-default-executor-1] INFO  client.GrpcClientProtocolClient (GrpcClientProtocolClient.java:onNext(264)) - client-D9B31DDCE961->18b22b39-7551-46dd-8464-dd74933c4739: receive RaftClientReply:client-D9B31DDCE961->18b22b39-7551-46dd-8464-dd74933c4739@group-597320EF17B3, cid=2883, SUCCESS, logIndex=4247, commits[18b22b39-7551-46dd-8464-dd74933c4739:c4247, 76d6a15c-8eeb-4764-b555-ce8767d18d57:c4245, c90dcfdf-5973-4b56-a955-1fc4555f10cb:c4245]
2019-09-19 11:26:46,208 [grpc-default-executor-1] INFO  client.GrpcClientProtocolClient (GrpcClientProtocolClient.java:onNext(264)) - client-D9B31DDCE961->18b22b39-7551-46dd-8464-dd74933c4739: receive RaftClientReply:client-D9B31DDCE961->18b22b39-7551-46dd-8464-dd74933c4739@group-597320EF17B3, cid=2884, SUCCESS, logIndex=4248, commits[18b22b39-7551-46dd-8464-dd74933c4739:c4248, 76d6a15c-8eeb-4764-b555-ce8767d18d57:c4245, c90dcfdf-5973-4b56-a955-1fc4555f10cb:c4245]
2019-09-19 11:26:46,211 [grpc-default-executor-1] INFO  client.GrpcClientProtocolClient (GrpcClientProtocolClient.java:onNext(264)) - client-D9B31DDCE961->18b22b39-7551-46dd-8464-dd74933c4739: receive RaftClientReply:client-D9B31DDCE961->18b22b39-7551-46dd-8464-dd74933c4739@group-597320EF17B3, cid=2885, SUCCESS, logIndex=0, commits[18b22b39-7551-46dd-8464-dd74933c4739:c4250, 76d6a15c-8eeb-4764-b555-ce8767d18d57:c4248, c90dcfdf-5973-4b56-a955-1fc4555f10cb:c4248]
2019-09-19 11:26:46,231 [grpc-default-executor-3] INFO  client.GrpcClientProtocolClient (GrpcClientProtocolClient.java:onNext(264)) - client-D9B31DDCE961->18b22b39-7551-46dd-8464-dd74933c4739: receive RaftClientReply:client-D9B31DDCE961->18b22b39-7551-46dd-8464-dd74933c4739@group-597320EF17B3, cid=2886, SUCCESS, logIndex=4251, commits[18b22b39-7551-46dd-8464-dd74933c4739:c4252, 76d6a15c-8eeb-4764-b555-ce8767d18d57:c4250, c90dcfdf-5973-4b56-a955-1fc4555f10cb:c4250]
2019-09-19 11:26:46,232 [grpc-default-executor-3] INFO  client.GrpcClientProtocolClient (GrpcClientProtocolClient.java:onNext(264)) - client-D9B31DDCE961->18b22b39-7551-46dd-8464-dd74933c4739: receive RaftClientReply:client-D9B31DDCE961->18b22b39-7551-46dd-8464-dd74933c4739@group-597320EF17B3, cid=2887, SUCCESS, logIndex=4252, commits[18b22b39-7551-46dd-8464-dd74933c4739:c4253, 76d6a15c-8eeb-4764-b555-ce8767d18d57:c4250, c90dcfdf-5973-4b56-a955-1fc4555f10cb:c4250]
2019-09-19 11:26:46,232 [grpc-default-executor-3] INFO  client.GrpcClientProtocolClient (GrpcClientProtocolClient.java:onNext(264)) - client-D9B31DDCE961->18b22b39-7551-46dd-8464-dd74933c4739: receive RaftClientReply:client-D9B31DDCE961->18b22b39-7551-46dd-8464-dd74933c4739@group-597320EF17B3, cid=2888, SUCCESS, logIndex=4253, commits[18b22b39-7551-46dd-8464-dd74933c4739:c4254, 76d6a15c-8eeb-4764-b555-ce8767d18d57:c4250, c90dcfdf-5973-4b56-a955-1fc4555f10cb:c4250]
2019-09-19 11:26:46,232 [grpc-default-executor-3] INFO  client.GrpcClientProtocolClient (GrpcClientProtocolClient.java:onNext(264)) - client-D9B31DDCE961->18b22b39-7551-46dd-8464-dd74933c4739: receive RaftClientReply:client-D9B31DDCE961->18b22b39-7551-46dd-8464-dd74933c4739@group-597320EF17B3, cid=2889, SUCCESS, logIndex=4254, commits[18b22b39-7551-46dd-8464-dd74933c4739:c4254, 76d6a15c-8eeb-4764-b555-ce8767d18d57:c4250, c90dcfdf-5973-4b56-a955-1fc4555f10cb:c4250]
2019-09-19 11:26:46,233 [grpc-default-executor-3] INFO  client.GrpcClientProtocolClient (GrpcClientProtocolClient.java:onNext(264)) - client-D9B31DDCE961->18b22b39-7551-46dd-8464-dd74933c4739: receive RaftClientReply:client-D9B31DDCE961->18b22b39-7551-46dd-8464-dd74933c4739@group-597320EF17B3, cid=2890, SUCCESS, logIndex=0, commits[18b22b39-7551-46dd-8464-dd74933c4739:c4256, 76d6a15c-8eeb-4764-b555-ce8767d18d57:c4252, c90dcfdf-5973-4b56-a955-1fc4555f10cb:c4252]
2019-09-19 11:26:46,242 [grpc-default-executor-3] INFO  client.GrpcClientProtocolClient (GrpcClientProtocolClient.java:onNext(264)) - client-D9B31DDCE961->18b22b39-7551-46dd-8464-dd74933c4739: receive RaftClientReply:client-D9B31DDCE961->18b22b39-7551-46dd-8464-dd74933c4739@group-597320EF17B3, cid=2891, SUCCESS, logIndex=4259, commits[18b22b39-7551-46dd-8464-dd74933c4739:c4260, 76d6a15c-8eeb-4764-b555-ce8767d18d57:c4258, c90dcfdf-5973-4b56-a955-1fc4555f10cb:c4258]
2019-09-19 11:26:46,243 [grpc-default-executor-3] INFO  client.GrpcClientProtocolClient (GrpcClientProtocolClient.java:onNext(264)) - client-D9B31DDCE961->18b22b39-7551-46dd-8464-dd74933c4739: receive RaftClientReply:client-D9B31DDCE961->18b22b39-7551-46dd-8464-dd74933c4739@group-597320EF17B3, cid=2892, SUCCESS, logIndex=4260, commits[18b22b39-7551-46dd-8464-dd74933c4739:c4260, 76d6a15c-8eeb-4764-b555-ce8767d18d57:c4258, c90dcfdf-5973-4b56-a955-1fc4555f10cb:c4258]
2019-09-19 11:26:46,255 [grpc-default-executor-5] INFO  client.GrpcClientProtocolClient (GrpcClientProtocolClient.java:onNext(264)) - client-D9B31DDCE961->18b22b39-7551-46dd-8464-dd74933c4739: receive RaftClientReply:client-D9B31DDCE961->18b22b39-7551-46dd-8464-dd74933c4739@group-597320EF17B3, cid=2893, SUCCESS, logIndex=4263, commits[18b22b39-7551-46dd-8464-dd74933c4739:c4264, 76d6a15c-8eeb-4764-b555-ce8767d18d57:c4262, c90dcfdf-5973-4b56-a955-1fc4555f10cb:c4262]
2019-09-19 11:26:46,255 [grpc-default-executor-5] INFO  client.GrpcClientProtocolClient (GrpcClientProtocolClient.java:onNext(264)) - client-D9B31DDCE961->18b22b39-7551-46dd-8464-dd74933c4739: receive RaftClientReply:client-D9B31DDCE961->18b22b39-7551-46dd-8464-dd74933c4739@group-597320EF17B3, cid=2894, SUCCESS, logIndex=4264, commits[18b22b39-7551-46dd-8464-dd74933c4739:c4264, 76d6a15c-8eeb-4764-b555-ce8767d18d57:c4262, c90dcfdf-5973-4b56-a955-1fc4555f10cb:c4262]
2019-09-19 11:26:46,268 [grpc-default-executor-7] INFO  client.GrpcClientProtocolClient (GrpcClientProtocolClient.java:onNext(264)) - client-D9B31DDCE961->18b22b39-7551-46dd-8464-dd74933c4739: receive RaftClientReply:client-D9B31DDCE961->18b22b39-7551-46dd-8464-dd74933c4739@group-597320EF17B3, cid=2895, SUCCESS, logIndex=0, commits[18b22b39-7551-46dd-8464-dd74933c4739:c4266, 76d6a15c-8eeb-4764-b555-ce8767d18d57:c4264, c90dcfdf-5973-4b56-a955-1fc4555f10cb:c4264]
2019-09-19 11:26:46,289 [grpc-default-executor-3] INFO  client.GrpcClientProtocolClient (GrpcClientProtocolClient.java:onNext(264)) - client-D9B31DDCE961->18b22b39-7551-46dd-8464-dd74933c4739: receive RaftClientReply:client-D9B31DDCE961->18b22b39-7551-46dd-8464-dd74933c4739@group-597320EF17B3, cid=2896, SUCCESS, logIndex=4267, commits[18b22b39-7551-46dd-8464-dd74933c4739:c4268, 76d6a15c-8eeb-4764-b555-ce8767d18d57:c4266, c90dcfdf-5973-4b56-a955-1fc4555f10cb:c4266]
2019-09-19 11:26:46,289 [grpc-default-executor-5] INFO  client.GrpcClientProtocolClient (GrpcClientProtocolClient.java:onNext(264)) - client-D9B31DDCE961->18b22b39-7551-46dd-8464-dd74933c4739: receive RaftClientReply:client-D9B31DDCE961->18b22b39-7551-46dd-8464-dd74933c4739@group-597320EF17B3, cid=2897, SUCCESS, logIndex=4268, commits[18b22b39-7551-46dd-8464-dd74933c4739:c4268, 76d6a15c-8eeb-4764-b555-ce8767d18d57:c4266, c90dcfdf-5973-4b56-a955-1fc4555f10cb:c4266]
2019-09-19 11:26:46,290 [grpc-default-executor-5] INFO  client.GrpcClientProtocolClient (GrpcClientProtocolClient.java:onNext(264)) - client-D9B31DDCE961->18b22b39-7551-46dd-8464-dd74933c4739: receive RaftClientReply:client-D9B31DDCE961->18b22b39-7551-46dd-8464-dd74933c4739@group-597320EF17B3, cid=2898, SUCCESS, logIndex=4269, commits[18b22b39-7551-46dd-8464-dd74933c4739:c4270, 76d6a15c-8eeb-4764-b555-ce8767d18d57:c4266, c90dcfdf-5973-4b56-a955-1fc4555f10cb:c4266]
2019-09-19 11:26:46,290 [grpc-default-executor-5] INFO  client.GrpcClientProtocolClient (GrpcClientProtocolClient.java:onNext(264)) - client-D9B31DDCE961->18b22b39-7551-46dd-8464-dd74933c4739: receive RaftClientReply:client-D9B31DDCE961->18b22b39-7551-46dd-8464-dd74933c4739@group-597320EF17B3, cid=2899, SUCCESS, logIndex=4270, commits[18b22b39-7551-46dd-8464-dd74933c4739:c4270, 76d6a15c-8eeb-4764-b555-ce8767d18d57:c4266, c90dcfdf-5973-4b56-a955-1fc4555f10cb:c4266]
2019-09-19 11:26:46,291 [grpc-default-executor-3] INFO  client.GrpcClientProtocolClient (GrpcClientProtocolClient.java:onNext(264)) - client-D9B31DDCE961->18b22b39-7551-46dd-8464-dd74933c4739: receive RaftClientReply:client-D9B31DDCE961->18b22b39-7551-46dd-8464-dd74933c4739@group-597320EF17B3, cid=2900, SUCCESS, logIndex=0, commits[18b22b39-7551-46dd-8464-dd74933c4739:c4272, 76d6a15c-8eeb-4764-b555-ce8767d18d57:c4268, c90dcfdf-5973-4b56-a955-1fc4555f10cb:c4268]
2019-09-19 11:26:46,304 [grpc-default-executor-3] INFO  client.GrpcClientProtocolClient (GrpcClientProtocolClient.java:onNext(264)) - client-D9B31DDCE961->18b22b39-7551-46dd-8464-dd74933c4739: receive RaftClientReply:client-D9B31DDCE961->18b22b39-7551-46dd-8464-dd74933c4739@group-597320EF17B3, cid=2901, SUCCESS, logIndex=4275, commits[18b22b39-7551-46dd-8464-dd74933c4739:c4276, 76d6a15c-8eeb-4764-b555-ce8767d18d57:c4274, c90dcfdf-5973-4b56-a955-1fc4555f10cb:c4274]
2019-09-19 11:26:46,304 [grpc-default-executor-3] INFO  client.GrpcClientProtocolClient (GrpcClientProtocolClient.java:onNext(264)) - client-D9B31DDCE961->18b22b39-7551-46dd-8464-dd74933c4739: receive RaftClientReply:client-D9B31DDCE961->18b22b39-7551-46dd-8464-dd74933c4739@group-597320EF17B3, cid=2902, SUCCESS, logIndex=4276, commits[18b22b39-7551-46dd-8464-dd74933c4739:c4276, 76d6a15c-8eeb-4764-b555-ce8767d18d57:c4274, c90dcfdf-5973-4b56-a955-1fc4555f10cb:c4274]
2019-09-19 11:26:46,317 [grpc-default-executor-5] INFO  client.GrpcClientProtocolClient (GrpcClientProtocolClient.java:onNext(264)) - client-D9B31DDCE961->18b22b39-7551-46dd-8464-dd74933c4739: receive RaftClientReply:client-D9B31DDCE961->18b22b39-7551-46dd-8464-dd74933c4739@group-597320EF17B3, cid=2903, SUCCESS, logIndex=4279, commits[18b22b39-7551-46dd-8464-dd74933c4739:c4279, 76d6a15c-8eeb-4764-b555-ce8767d18d57:c4276, c90dcfdf-5973-4b56-a955-1fc4555f10cb:c4276]
2019-09-19 11:26:46,317 [grpc-default-executor-5] INFO  client.GrpcClientProtocolClient (GrpcClientProtocolClient.java:onNext(264)) - client-D9B31DDCE961->18b22b39-7551-46dd-8464-dd74933c4739: receive RaftClientReply:client-D9B31DDCE961->18b22b39-7551-46dd-8464-dd74933c4739@group-597320EF17B3, cid=2904, SUCCESS, logIndex=4280, commits[18b22b39-7551-46dd-8464-dd74933c4739:c4280, 76d6a15c-8eeb-4764-b555-ce8767d18d57:c4276, c90dcfdf-5973-4b56-a955-1fc4555f10cb:c4276]
2019-09-19 11:26:46,319 [grpc-default-executor-3] INFO  client.GrpcClientProtocolClient (GrpcClientProtocolClient.java:onNext(264)) - client-D9B31DDCE961->18b22b39-7551-46dd-8464-dd74933c4739: receive RaftClientReply:client-D9B31DDCE961->18b22b39-7551-46dd-8464-dd74933c4739@group-597320EF17B3, cid=2905, SUCCESS, logIndex=0, commits[18b22b39-7551-46dd-8464-dd74933c4739:c4282, 76d6a15c-8eeb-4764-b555-ce8767d18d57:c4280, c90dcfdf-5973-4b56-a955-1fc4555f10cb:c4280]
2019-09-19 11:26:46,341 [grpc-default-executor-3] INFO  client.GrpcClientProtocolClient (GrpcClientProtocolClient.java:onNext(264)) - client-D9B31DDCE961->18b22b39-7551-46dd-8464-dd74933c4739: receive RaftClientReply:client-D9B31DDCE961->18b22b39-7551-46dd-8464-dd74933c4739@group-597320EF17B3, cid=2906, SUCCESS, logIndex=4283, commits[18b22b39-7551-46dd-8464-dd74933c4739:c4284, 76d6a15c-8eeb-4764-b555-ce8767d18d57:c4282, c90dcfdf-5973-4b56-a955-1fc4555f10cb:c4282]
2019-09-19 11:26:46,342 [grpc-default-executor-3] INFO  client.GrpcClientProtocolClient (GrpcClientProtocolClient.java:onNext(264)) - client-D9B31DDCE961->18b22b39-7551-46dd-8464-dd74933c4739: receive RaftClientReply:client-D9B31DDCE961->18b22b39-7551-46dd-8464-dd74933c4739@group-597320EF17B3, cid=2907, SUCCESS, logIndex=4284, commits[18b22b39-7551-46dd-8464-dd74933c4739:c4284, 76d6a15c-8eeb-4764-b555-ce8767d18d57:c4282, c90dcfdf-5973-4b56-a955-1fc4555f10cb:c4282]
2019-09-19 11:26:46,342 [grpc-default-executor-7] INFO  client.GrpcClientProtocolClient (GrpcClientProtocolClient.java:onNext(264)) - client-D9B31DDCE961->18b22b39-7551-46dd-8464-dd74933c4739: receive RaftClientReply:client-D9B31DDCE961->18b22b39-7551-46dd-8464-dd74933c4739@group-597320EF17B3, cid=2908, SUCCESS, logIndex=4285, commits[18b22b39-7551-46dd-8464-dd74933c4739:c4286, 76d6a15c-8eeb-4764-b555-ce8767d18d57:c4282, c90dcfdf-5973-4b56-a955-1fc4555f10cb:c4282]
2019-09-19 11:26:46,342 [grpc-default-executor-7] INFO  client.GrpcClientProtocolClient (GrpcClientProtocolClient.java:onNext(264)) - client-D9B31DDCE961->18b22b39-7551-46dd-8464-dd74933c4739: receive RaftClientReply:client-D9B31DDCE961->18b22b39-7551-46dd-8464-dd74933c4739@group-597320EF17B3, cid=2909, SUCCESS, logIndex=4286, commits[18b22b39-7551-46dd-8464-dd74933c4739:c4286, 76d6a15c-8eeb-4764-b555-ce8767d18d57:c4282, c90dcfdf-5973-4b56-a955-1fc4555f10cb:c4282]
2019-09-19 11:26:46,343 [grpc-default-executor-7] INFO  client.GrpcClientProtocolClient (GrpcClientProtocolClient.java:onNext(264)) - client-D9B31DDCE961->18b22b39-7551-46dd-8464-dd74933c4739: receive RaftClientReply:client-D9B31DDCE961->18b22b39-7551-46dd-8464-dd74933c4739@group-597320EF17B3, cid=2910, SUCCESS, logIndex=0, commits[18b22b39-7551-46dd-8464-dd74933c4739:c4288, 76d6a15c-8eeb-4764-b555-ce8767d18d57:c4284, c90dcfdf-5973-4b56-a955-1fc4555f10cb:c4284]
2019-09-19 11:26:46,354 [grpc-default-executor-5] INFO  client.GrpcClientProtocolClient (GrpcClientProtocolClient.java:onNext(264)) - client-D9B31DDCE961->18b22b39-7551-46dd-8464-dd74933c4739: receive RaftClientReply:client-D9B31DDCE961->18b22b39-7551-46dd-8464-dd74933c4739@group-597320EF17B3, cid=2911, SUCCESS, logIndex=4291, commits[18b22b39-7551-46dd-8464-dd74933c4739:c4292, 76d6a15c-8eeb-4764-b555-ce8767d18d57:c4290, c90dcfdf-5973-4b56-a955-1fc4555f10cb:c4290]
2019-09-19 11:26:46,355 [grpc-default-executor-5] INFO  client.GrpcClientProtocolClient (GrpcClientProtocolClient.java:onNext(264)) - client-D9B31DDCE961->18b22b39-7551-46dd-8464-dd74933c4739: receive RaftClientReply:client-D9B31DDCE961->18b22b39-7551-46dd-8464-dd74933c4739@group-597320EF17B3, cid=2912, SUCCESS, logIndex=4292, commits[18b22b39-7551-46dd-8464-dd74933c4739:c4292, 76d6a15c-8eeb-4764-b555-ce8767d18d57:c4290, c90dcfdf-5973-4b56-a955-1fc4555f10cb:c4290]
 0.00% |█                                                                                                    |  0/1 Time: 0:00:50 0.00% |█                                                                                                    |  0/1 Time: 0:00:51 0.00% |█                                                                                                    |  0/1 Time: 0:00:522019-09-19 11:26:49,354 [java.util.concurrent.ThreadPoolExecutor$Worker@1b1a33c8[State = -1, empty queue]] WARN  server.GrpcLogAppender (GrpcLogAppender.java:timeoutAppendRequest(200)) - 18b22b39-7551-46dd-8464-dd74933c4739@group-597320EF17B3->76d6a15c-8eeb-4764-b555-ce8767d18d57-GrpcLogAppender: appendEntries Timeout, request=18b22b39-7551-46dd-8464-dd74933c4739->76d6a15c-8eeb-4764-b555-ce8767d18d57#4309-t11, previous=(t:11, i:4293), leaderCommit=4292, initializing? false, entries: size=1, first=(t:11, i:4294), METADATAENTRY(c4292)
2019-09-19 11:26:49,354 [java.util.concurrent.ThreadPoolExecutor$Worker@77e89581[State = -1, empty queue]] WARN  server.GrpcLogAppender (GrpcLogAppender.java:timeoutAppendRequest(200)) - 18b22b39-7551-46dd-8464-dd74933c4739@group-597320EF17B3->c90dcfdf-5973-4b56-a955-1fc4555f10cb-GrpcLogAppender: appendEntries Timeout, request=18b22b39-7551-46dd-8464-dd74933c4739->c90dcfdf-5973-4b56-a955-1fc4555f10cb#4309-t11, previous=(t:11, i:4293), leaderCommit=4292, initializing? false, entries: size=1, first=(t:11, i:4294), METADATAENTRY(c4292)
2019-09-19 11:26:49,359 [java.util.concurrent.ThreadPoolExecutor$Worker@77e89581[State = -1, empty queue]] WARN  server.GrpcLogAppender (GrpcLogAppender.java:timeoutAppendRequest(200)) - 18b22b39-7551-46dd-8464-dd74933c4739@group-597320EF17B3->c90dcfdf-5973-4b56-a955-1fc4555f10cb-GrpcLogAppender: appendEntries Timeout, request=18b22b39-7551-46dd-8464-dd74933c4739->c90dcfdf-5973-4b56-a955-1fc4555f10cb#4310-t11, previous=(t:11, i:4294), leaderCommit=4292, initializing? false, entries: size=1, first=(t:11, i:4295), STATEMACHINELOGENTRY, client-D9B31DDCE961, cid=2913
2019-09-19 11:26:49,359 [java.util.concurrent.ThreadPoolExecutor$Worker@1b1a33c8[State = -1, empty queue]] WARN  server.GrpcLogAppender (GrpcLogAppender.java:timeoutAppendRequest(200)) - 18b22b39-7551-46dd-8464-dd74933c4739@group-597320EF17B3->76d6a15c-8eeb-4764-b555-ce8767d18d57-GrpcLogAppender: appendEntries Timeout, request=18b22b39-7551-46dd-8464-dd74933c4739->76d6a15c-8eeb-4764-b555-ce8767d18d57#4310-t11, previous=(t:11, i:4294), leaderCommit=4292, initializing? false, entries: size=1, first=(t:11, i:4295), STATEMACHINELOGENTRY, client-D9B31DDCE961, cid=2913
2019-09-19 11:26:49,359 [java.util.concurrent.ThreadPoolExecutor$Worker@77e89581[State = -1, empty queue]] WARN  server.GrpcLogAppender (GrpcLogAppender.java:timeoutAppendRequest(200)) - 18b22b39-7551-46dd-8464-dd74933c4739@group-597320EF17B3->c90dcfdf-5973-4b56-a955-1fc4555f10cb-GrpcLogAppender: appendEntries Timeout, request=18b22b39-7551-46dd-8464-dd74933c4739->c90dcfdf-5973-4b56-a955-1fc4555f10cb#4311-t11, previous=(t:11, i:4295), leaderCommit=4292, initializing? false, entries: size=1, first=(t:11, i:4296), STATEMACHINELOGENTRY, client-D9B31DDCE961, cid=2914
2019-09-19 11:26:49,366 [java.util.concurrent.ThreadPoolExecutor$Worker@1b1a33c8[State = -1, empty queue]] WARN  server.GrpcLogAppender (GrpcLogAppender.java:timeoutAppendRequest(200)) - 18b22b39-7551-46dd-8464-dd74933c4739@group-597320EF17B3->76d6a15c-8eeb-4764-b555-ce8767d18d57-GrpcLogAppender: appendEntries Timeout, request=18b22b39-7551-46dd-8464-dd74933c4739->76d6a15c-8eeb-4764-b555-ce8767d18d57#4311-t11, previous=(t:11, i:4295), leaderCommit=4292, initializing? false, entries: size=1, first=(t:11, i:4296), STATEMACHINELOGENTRY, client-D9B31DDCE961, cid=2914
 0.00% |█                                                                                                    |  0/1 Time: 0:00:532019-09-19 11:26:50,381 [grpc-default-executor-5] WARN  server.GrpcLogAppender (GrpcLogAppender.java:onNextImpl(251)) - 18b22b39-7551-46dd-8464-dd74933c4739@group-597320EF17B3->76d6a15c-8eeb-4764-b555-ce8767d18d57-AppendLogResponseHandler: Request not found, ignoring reply: 18b22b39-7551-46dd-8464-dd74933c4739<-76d6a15c-8eeb-4764-b555-ce8767d18d57#4309:OK,SUCCESS,nextIndex:4295,term:11,followerCommit:4293
2019-09-19 11:26:50,381 [grpc-default-executor-3] WARN  server.GrpcLogAppender (GrpcLogAppender.java:onNextImpl(251)) - 18b22b39-7551-46dd-8464-dd74933c4739@group-597320EF17B3->c90dcfdf-5973-4b56-a955-1fc4555f10cb-AppendLogResponseHandler: Request not found, ignoring reply: 18b22b39-7551-46dd-8464-dd74933c4739<-c90dcfdf-5973-4b56-a955-1fc4555f10cb#4309:OK,SUCCESS,nextIndex:4295,term:11,followerCommit:4293
2019-09-19 11:26:50,385 [grpc-default-executor-5] WARN  server.GrpcLogAppender (GrpcLogAppender.java:onNextImpl(251)) - 18b22b39-7551-46dd-8464-dd74933c4739@group-597320EF17B3->76d6a15c-8eeb-4764-b555-ce8767d18d57-AppendLogResponseHandler: Request not found, ignoring reply: 18b22b39-7551-46dd-8464-dd74933c4739<-76d6a15c-8eeb-4764-b555-ce8767d18d57#4310:OK,SUCCESS,nextIndex:4296,term:11,followerCommit:4293
2019-09-19 11:26:50,385 [grpc-default-executor-3] WARN  server.GrpcLogAppender (GrpcLogAppender.java:onNextImpl(251)) - 18b22b39-7551-46dd-8464-dd74933c4739@group-597320EF17B3->c90dcfdf-5973-4b56-a955-1fc4555f10cb-AppendLogResponseHandler: Request not found, ignoring reply: 18b22b39-7551-46dd-8464-dd74933c4739<-c90dcfdf-5973-4b56-a955-1fc4555f10cb#4310:OK,SUCCESS,nextIndex:4296,term:11,followerCommit:4293
2019-09-19 11:26:50,385 [grpc-default-executor-5] WARN  server.GrpcLogAppender (GrpcLogAppender.java:onNextImpl(251)) - 18b22b39-7551-46dd-8464-dd74933c4739@group-597320EF17B3->76d6a15c-8eeb-4764-b555-ce8767d18d57-AppendLogResponseHandler: Request not found, ignoring reply: 18b22b39-7551-46dd-8464-dd74933c4739<-76d6a15c-8eeb-4764-b555-ce8767d18d57#4311:OK,SUCCESS,nextIndex:4297,term:11,followerCommit:4293
2019-09-19 11:26:50,385 [grpc-default-executor-3] WARN  server.GrpcLogAppender (GrpcLogAppender.java:onNextImpl(251)) - 18b22b39-7551-46dd-8464-dd74933c4739@group-597320EF17B3->c90dcfdf-5973-4b56-a955-1fc4555f10cb-AppendLogResponseHandler: Request not found, ignoring reply: 18b22b39-7551-46dd-8464-dd74933c4739<-c90dcfdf-5973-4b56-a955-1fc4555f10cb#4311:OK,SUCCESS,nextIndex:4297,term:11,followerCommit:4293
 0.00% |█                                                                                                    |  0/1 Time: 0:00:542019-09-19 11:26:51,387 [grpc-default-executor-5] INFO  client.GrpcClientProtocolClient (GrpcClientProtocolClient.java:onNext(264)) - client-D9B31DDCE961->c90dcfdf-5973-4b56-a955-1fc4555f10cb: receive RaftClientReply:client-D9B31DDCE961->c90dcfdf-5973-4b56-a955-1fc4555f10cb@group-597320EF17B3, cid=2913, FAILED org.apache.ratis.protocol.NotLeaderException: Server c90dcfdf-5973-4b56-a955-1fc4555f10cb@group-597320EF17B3 is not the leader 18b22b39-7551-46dd-8464-dd74933c4739:192.168.5.171:33085, logIndex=0, commits[c90dcfdf-5973-4b56-a955-1fc4555f10cb:c4296, 18b22b39-7551-46dd-8464-dd74933c4739:c4296, 76d6a15c-8eeb-4764-b555-ce8767d18d57:c4293]
2019-09-19 11:26:51,394 [grpc-default-executor-5] INFO  client.GrpcClientProtocolClient (GrpcClientProtocolClient.java:onNext(264)) - client-D9B31DDCE961->18b22b39-7551-46dd-8464-dd74933c4739: receive RaftClientReply:client-D9B31DDCE961->18b22b39-7551-46dd-8464-dd74933c4739@group-597320EF17B3, cid=2913, SUCCESS, logIndex=4295, commits[18b22b39-7551-46dd-8464-dd74933c4739:c4296, 76d6a15c-8eeb-4764-b555-ce8767d18d57:c4293, c90dcfdf-5973-4b56-a955-1fc4555f10cb:c4293]
2019-09-19 11:26:51,396 [grpc-default-executor-5] INFO  client.GrpcClientProtocolClient (GrpcClientProtocolClient.java:onNext(264)) - client-D9B31DDCE961->18b22b39-7551-46dd-8464-dd74933c4739: receive RaftClientReply:client-D9B31DDCE961->18b22b39-7551-46dd-8464-dd74933c4739@group-597320EF17B3, cid=2914, SUCCESS, logIndex=4296, commits[18b22b39-7551-46dd-8464-dd74933c4739:c4296, 76d6a15c-8eeb-4764-b555-ce8767d18d57:c4293, c90dcfdf-5973-4b56-a955-1fc4555f10cb:c4293]
2019-09-19 11:26:51,400 [grpc-default-executor-5] INFO  client.GrpcClientProtocolClient (GrpcClientProtocolClient.java:onNext(264)) - client-D9B31DDCE961->18b22b39-7551-46dd-8464-dd74933c4739: receive RaftClientReply:client-D9B31DDCE961->18b22b39-7551-46dd-8464-dd74933c4739@group-597320EF17B3, cid=2915, SUCCESS, logIndex=0, commits[18b22b39-7551-46dd-8464-dd74933c4739:c4297, 76d6a15c-8eeb-4764-b555-ce8767d18d57:c4296, c90dcfdf-5973-4b56-a955-1fc4555f10cb:c4296]
2019-09-19 11:26:51,450 [grpc-default-executor-7] INFO  client.GrpcClientProtocolClient (GrpcClientProtocolClient.java:onNext(264)) - client-D9B31DDCE961->18b22b39-7551-46dd-8464-dd74933c4739: receive RaftClientReply:client-D9B31DDCE961->18b22b39-7551-46dd-8464-dd74933c4739@group-597320EF17B3, cid=2916, SUCCESS, logIndex=4298, commits[18b22b39-7551-46dd-8464-dd74933c4739:c4299, 76d6a15c-8eeb-4764-b555-ce8767d18d57:c4296, c90dcfdf-5973-4b56-a955-1fc4555f10cb:c4297]
2019-09-19 11:26:51,452 [grpc-default-executor-7] INFO  client.GrpcClientProtocolClient (GrpcClientProtocolClient.java:onNext(264)) - client-D9B31DDCE961->18b22b39-7551-46dd-8464-dd74933c4739: receive RaftClientReply:client-D9B31DDCE961->18b22b39-7551-46dd-8464-dd74933c4739@group-597320EF17B3, cid=2917, SUCCESS, logIndex=4299, commits[18b22b39-7551-46dd-8464-dd74933c4739:c4300, 76d6a15c-8eeb-4764-b555-ce8767d18d57:c4297, c90dcfdf-5973-4b56-a955-1fc4555f10cb:c4297]
2019-09-19 11:26:51,453 [grpc-default-executor-7] INFO  client.GrpcClientProtocolClient (GrpcClientProtocolClient.java:onNext(264)) - client-D9B31DDCE961->18b22b39-7551-46dd-8464-dd74933c4739: receive RaftClientReply:client-D9B31DDCE961->18b22b39-7551-46dd-8464-dd74933c4739@group-597320EF17B3, cid=2918, SUCCESS, logIndex=4300, commits[18b22b39-7551-46dd-8464-dd74933c4739:c4301, 76d6a15c-8eeb-4764-b555-ce8767d18d57:c4297, c90dcfdf-5973-4b56-a955-1fc4555f10cb:c4297]
2019-09-19 11:26:51,453 [grpc-default-executor-7] INFO  client.GrpcClientProtocolClient (GrpcClientProtocolClient.java:onNext(264)) - client-D9B31DDCE961->18b22b39-7551-46dd-8464-dd74933c4739: receive RaftClientReply:client-D9B31DDCE961->18b22b39-7551-46dd-8464-dd74933c4739@group-597320EF17B3, cid=2919, SUCCESS, logIndex=4301, commits[18b22b39-7551-46dd-8464-dd74933c4739:c4301, 76d6a15c-8eeb-4764-b555-ce8767d18d57:c4297, c90dcfdf-5973-4b56-a955-1fc4555f10cb:c4297]
2019-09-19 11:26:51,461 [grpc-default-executor-7] INFO  client.GrpcClientProtocolClient (GrpcClientProtocolClient.java:onNext(264)) - client-D9B31DDCE961->18b22b39-7551-46dd-8464-dd74933c4739: receive RaftClientReply:client-D9B31DDCE961->18b22b39-7551-46dd-8464-dd74933c4739@group-597320EF17B3, cid=2920, SUCCESS, logIndex=0, commits[18b22b39-7551-46dd-8464-dd74933c4739:c4305, 76d6a15c-8eeb-4764-b555-ce8767d18d57:c4301, c90dcfdf-5973-4b56-a955-1fc4555f10cb:c4299]
2019-09-19 11:26:51,481 [grpc-default-executor-7] INFO  client.GrpcClientProtocolClient (GrpcClientProtocolClient.java:onNext(264)) - client-D9B31DDCE961->18b22b39-7551-46dd-8464-dd74933c4739: receive RaftClientReply:client-D9B31DDCE961->18b22b39-7551-46dd-8464-dd74933c4739@group-597320EF17B3, cid=2921, SUCCESS, logIndex=4306, commits[18b22b39-7551-46dd-8464-dd74933c4739:c4307, 76d6a15c-8eeb-4764-b555-ce8767d18d57:c4305, c90dcfdf-5973-4b56-a955-1fc4555f10cb:c4305]
2019-09-19 11:26:51,482 [grpc-default-executor-7] INFO  client.GrpcClientProtocolClient (GrpcClientProtocolClient.java:onNext(264)) - client-D9B31DDCE961->18b22b39-7551-46dd-8464-dd74933c4739: receive RaftClientReply:client-D9B31DDCE961->18b22b39-7551-46dd-8464-dd74933c4739@group-597320EF17B3, cid=2922, SUCCESS, logIndex=4307, commits[18b22b39-7551-46dd-8464-dd74933c4739:c4307, 76d6a15c-8eeb-4764-b555-ce8767d18d57:c4305, c90dcfdf-5973-4b56-a955-1fc4555f10cb:c4305]
2019-09-19 11:26:51,494 [grpc-default-executor-3] INFO  client.GrpcClientProtocolClient (GrpcClientProtocolClient.java:onNext(264)) - client-D9B31DDCE961->18b22b39-7551-46dd-8464-dd74933c4739: receive RaftClientReply:client-D9B31DDCE961->18b22b39-7551-46dd-8464-dd74933c4739@group-597320EF17B3, cid=2923, SUCCESS, logIndex=4310, commits[18b22b39-7551-46dd-8464-dd74933c4739:c4310, 76d6a15c-8eeb-4764-b555-ce8767d18d57:c4307, c90dcfdf-5973-4b56-a955-1fc4555f10cb:c4307]
2019-09-19 11:26:51,495 [grpc-default-executor-3] INFO  client.GrpcClientProtocolClient (GrpcClientProtocolClient.java:onNext(264)) - client-D9B31DDCE961->18b22b39-7551-46dd-8464-dd74933c4739: receive RaftClientReply:client-D9B31DDCE961->18b22b39-7551-46dd-8464-dd74933c4739@group-597320EF17B3, cid=2924, SUCCESS, logIndex=4311, commits[18b22b39-7551-46dd-8464-dd74933c4739:c4311, 76d6a15c-8eeb-4764-b555-ce8767d18d57:c4307, c90dcfdf-5973-4b56-a955-1fc4555f10cb:c4307]
2019-09-19 11:26:51,506 [grpc-default-executor-3] INFO  client.GrpcClientProtocolClient (GrpcClientProtocolClient.java:onNext(264)) - client-D9B31DDCE961->18b22b39-7551-46dd-8464-dd74933c4739: receive RaftClientReply:client-D9B31DDCE961->18b22b39-7551-46dd-8464-dd74933c4739@group-597320EF17B3, cid=2925, SUCCESS, logIndex=0, commits[18b22b39-7551-46dd-8464-dd74933c4739:c4313, 76d6a15c-8eeb-4764-b555-ce8767d18d57:c4311, c90dcfdf-5973-4b56-a955-1fc4555f10cb:c4311]
2019-09-19 11:26:51,539 [grpc-default-executor-7] INFO  client.GrpcClientProtocolClient (GrpcClientProtocolClient.java:onNext(264)) - client-D9B31DDCE961->18b22b39-7551-46dd-8464-dd74933c4739: receive RaftClientReply:client-D9B31DDCE961->18b22b39-7551-46dd-8464-dd74933c4739@group-597320EF17B3, cid=2926, SUCCESS, logIndex=4314, commits[18b22b39-7551-46dd-8464-dd74933c4739:c4315, 76d6a15c-8eeb-4764-b555-ce8767d18d57:c4313, c90dcfdf-5973-4b56-a955-1fc4555f10cb:c4313]
2019-09-19 11:26:51,541 [grpc-default-executor-3] INFO  client.GrpcClientProtocolClient (GrpcClientProtocolClient.java:onNext(264)) - client-D9B31DDCE961->18b22b39-7551-46dd-8464-dd74933c4739: receive RaftClientReply:client-D9B31DDCE961->18b22b39-7551-46dd-8464-dd74933c4739@group-597320EF17B3, cid=2927, SUCCESS, logIndex=4315, commits[18b22b39-7551-46dd-8464-dd74933c4739:c4315, 76d6a15c-8eeb-4764-b555-ce8767d18d57:c4313, c90dcfdf-5973-4b56-a955-1fc4555f10cb:c4313]
2019-09-19 11:26:51,542 [grpc-default-executor-3] INFO  client.GrpcClientProtocolClient (GrpcClientProtocolClient.java:onNext(264)) - client-D9B31DDCE961->18b22b39-7551-46dd-8464-dd74933c4739: receive RaftClientReply:client-D9B31DDCE961->18b22b39-7551-46dd-8464-dd74933c4739@group-597320EF17B3, cid=2928, SUCCESS, logIndex=4316, commits[18b22b39-7551-46dd-8464-dd74933c4739:c4317, 76d6a15c-8eeb-4764-b555-ce8767d18d57:c4313, c90dcfdf-5973-4b56-a955-1fc4555f10cb:c4313]
2019-09-19 11:26:51,543 [grpc-default-executor-3] INFO  client.GrpcClientProtocolClient (GrpcClientProtocolClient.java:onNext(264)) - client-D9B31DDCE961->18b22b39-7551-46dd-8464-dd74933c4739: receive RaftClientReply:client-D9B31DDCE961->18b22b39-7551-46dd-8464-dd74933c4739@group-597320EF17B3, cid=2929, SUCCESS, logIndex=4317, commits[18b22b39-7551-46dd-8464-dd74933c4739:c4317, 76d6a15c-8eeb-4764-b555-ce8767d18d57:c4313, c90dcfdf-5973-4b56-a955-1fc4555f10cb:c4313]
2019-09-19 11:26:51,543 [grpc-default-executor-3] INFO  client.GrpcClientProtocolClient (GrpcClientProtocolClient.java:onNext(264)) - client-D9B31DDCE961->18b22b39-7551-46dd-8464-dd74933c4739: receive RaftClientReply:client-D9B31DDCE961->18b22b39-7551-46dd-8464-dd74933c4739@group-597320EF17B3, cid=2930, SUCCESS, logIndex=0, commits[18b22b39-7551-46dd-8464-dd74933c4739:c4321, 76d6a15c-8eeb-4764-b555-ce8767d18d57:c4317, c90dcfdf-5973-4b56-a955-1fc4555f10cb:c4317]
2019-09-19 11:26:51,563 [grpc-default-executor-7] INFO  client.GrpcClientProtocolClient (GrpcClientProtocolClient.java:onNext(264)) - client-D9B31DDCE961->18b22b39-7551-46dd-8464-dd74933c4739: receive RaftClientReply:client-D9B31DDCE961->18b22b39-7551-46dd-8464-dd74933c4739@group-597320EF17B3, cid=2931, SUCCESS, logIndex=4322, commits[18b22b39-7551-46dd-8464-dd74933c4739:c4323, 76d6a15c-8eeb-4764-b555-ce8767d18d57:c4321, c90dcfdf-5973-4b56-a955-1fc4555f10cb:c4321]
2019-09-19 11:26:51,563 [grpc-default-executor-7] INFO  client.GrpcClientProtocolClient (GrpcClientProtocolClient.java:onNext(264)) - client-D9B31DDCE961->18b22b39-7551-46dd-8464-dd74933c4739: receive RaftClientReply:client-D9B31DDCE961->18b22b39-7551-46dd-8464-dd74933c4739@group-597320EF17B3, cid=2932, SUCCESS, logIndex=4323, commits[18b22b39-7551-46dd-8464-dd74933c4739:c4323, 76d6a15c-8eeb-4764-b555-ce8767d18d57:c4321, c90dcfdf-5973-4b56-a955-1fc4555f10cb:c4321]
2019-09-19 11:26:51,576 [grpc-default-executor-5] INFO  client.GrpcClientProtocolClient (GrpcClientProtocolClient.java:onNext(264)) - client-D9B31DDCE961->18b22b39-7551-46dd-8464-dd74933c4739: receive RaftClientReply:client-D9B31DDCE961->18b22b39-7551-46dd-8464-dd74933c4739@group-597320EF17B3, cid=2933, SUCCESS, logIndex=4326, commits[18b22b39-7551-46dd-8464-dd74933c4739:c4326, 76d6a15c-8eeb-4764-b555-ce8767d18d57:c4322, c90dcfdf-5973-4b56-a955-1fc4555f10cb:c4323]
2019-09-19 11:26:51,576 [grpc-default-executor-5] INFO  client.GrpcClientProtocolClient (GrpcClientProtocolClient.java:onNext(264)) - client-D9B31DDCE961->18b22b39-7551-46dd-8464-dd74933c4739: receive RaftClientReply:client-D9B31DDCE961->18b22b39-7551-46dd-8464-dd74933c4739@group-597320EF17B3, cid=2934, SUCCESS, logIndex=4327, commits[18b22b39-7551-46dd-8464-dd74933c4739:c4327, 76d6a15c-8eeb-4764-b555-ce8767d18d57:c4323, c90dcfdf-5973-4b56-a955-1fc4555f10cb:c4323]
2019-09-19 11:26:51,589 [grpc-default-executor-5] INFO  client.GrpcClientProtocolClient (GrpcClientProtocolClient.java:onNext(264)) - client-D9B31DDCE961->18b22b39-7551-46dd-8464-dd74933c4739: receive RaftClientReply:client-D9B31DDCE961->18b22b39-7551-46dd-8464-dd74933c4739@group-597320EF17B3, cid=2935, SUCCESS, logIndex=0, commits[18b22b39-7551-46dd-8464-dd74933c4739:c4329, 76d6a15c-8eeb-4764-b555-ce8767d18d57:c4327, c90dcfdf-5973-4b56-a955-1fc4555f10cb:c4327]
2019-09-19 11:26:51,623 [grpc-default-executor-5] INFO  client.GrpcClientProtocolClient (GrpcClientProtocolClient.java:onNext(264)) - client-D9B31DDCE961->18b22b39-7551-46dd-8464-dd74933c4739: receive RaftClientReply:client-D9B31DDCE961->18b22b39-7551-46dd-8464-dd74933c4739@group-597320EF17B3, cid=2936, SUCCESS, logIndex=4330, commits[18b22b39-7551-46dd-8464-dd74933c4739:c4331, 76d6a15c-8eeb-4764-b555-ce8767d18d57:c4329, c90dcfdf-5973-4b56-a955-1fc4555f10cb:c4329]
 0.00% |█                                                                                                    |  0/1 Time: 0:00:552019-09-19 11:26:51,824 [grpc-default-executor-3] INFO  client.GrpcClientProtocolClient (GrpcClientProtocolClient.java:onNext(264)) - client-D9B31DDCE961->18b22b39-7551-46dd-8464-dd74933c4739: receive RaftClientReply:client-D9B31DDCE961->18b22b39-7551-46dd-8464-dd74933c4739@group-597320EF17B3, cid=2937, SUCCESS, logIndex=4331, commits[18b22b39-7551-46dd-8464-dd74933c4739:c4331, 76d6a15c-8eeb-4764-b555-ce8767d18d57:c4329, c90dcfdf-5973-4b56-a955-1fc4555f10cb:c4329]
2019-09-19 11:26:51,824 [grpc-default-executor-3] INFO  client.GrpcClientProtocolClient (GrpcClientProtocolClient.java:onNext(264)) - client-D9B31DDCE961->18b22b39-7551-46dd-8464-dd74933c4739: receive RaftClientReply:client-D9B31DDCE961->18b22b39-7551-46dd-8464-dd74933c4739@group-597320EF17B3, cid=2938, SUCCESS, logIndex=4332, commits[18b22b39-7551-46dd-8464-dd74933c4739:c4333, 76d6a15c-8eeb-4764-b555-ce8767d18d57:c4329, c90dcfdf-5973-4b56-a955-1fc4555f10cb:c4329]
2019-09-19 11:26:51,825 [grpc-default-executor-3] INFO  client.GrpcClientProtocolClient (GrpcClientProtocolClient.java:onNext(264)) - client-D9B31DDCE961->18b22b39-7551-46dd-8464-dd74933c4739: receive RaftClientReply:client-D9B31DDCE961->18b22b39-7551-46dd-8464-dd74933c4739@group-597320EF17B3, cid=2939, SUCCESS, logIndex=4333, commits[18b22b39-7551-46dd-8464-dd74933c4739:c4333, 76d6a15c-8eeb-4764-b555-ce8767d18d57:c4329, c90dcfdf-5973-4b56-a955-1fc4555f10cb:c4329]
2019-09-19 11:26:51,827 [grpc-default-executor-3] INFO  client.GrpcClientProtocolClient (GrpcClientProtocolClient.java:onNext(264)) - client-D9B31DDCE961->18b22b39-7551-46dd-8464-dd74933c4739: receive RaftClientReply:client-D9B31DDCE961->18b22b39-7551-46dd-8464-dd74933c4739@group-597320EF17B3, cid=2940, SUCCESS, logIndex=0, commits[18b22b39-7551-46dd-8464-dd74933c4739:c4335, 76d6a15c-8eeb-4764-b555-ce8767d18d57:c4331, c90dcfdf-5973-4b56-a955-1fc4555f10cb:c4331]
2019-09-19 11:26:51,850 [grpc-default-executor-3] INFO  client.GrpcClientProtocolClient (GrpcClientProtocolClient.java:onNext(264)) - client-D9B31DDCE961->18b22b39-7551-46dd-8464-dd74933c4739: receive RaftClientReply:client-D9B31DDCE961->18b22b39-7551-46dd-8464-dd74933c4739@group-597320EF17B3, cid=2941, SUCCESS, logIndex=4338, commits[18b22b39-7551-46dd-8464-dd74933c4739:c4339, 76d6a15c-8eeb-4764-b555-ce8767d18d57:c4333, c90dcfdf-5973-4b56-a955-1fc4555f10cb:c4335]
2019-09-19 11:26:51,850 [grpc-default-executor-3] INFO  client.GrpcClientProtocolClient (GrpcClientProtocolClient.java:onNext(264)) - client-D9B31DDCE961->18b22b39-7551-46dd-8464-dd74933c4739: receive RaftClientReply:client-D9B31DDCE961->18b22b39-7551-46dd-8464-dd74933c4739@group-597320EF17B3, cid=2942, SUCCESS, logIndex=4339, commits[18b22b39-7551-46dd-8464-dd74933c4739:c4339, 76d6a15c-8eeb-4764-b555-ce8767d18d57:c4335, c90dcfdf-5973-4b56-a955-1fc4555f10cb:c4335]
2019-09-19 11:26:51,877 [grpc-default-executor-5] INFO  client.GrpcClientProtocolClient (GrpcClientProtocolClient.java:onNext(264)) - client-D9B31DDCE961->18b22b39-7551-46dd-8464-dd74933c4739: receive RaftClientReply:client-D9B31DDCE961->18b22b39-7551-46dd-8464-dd74933c4739@group-597320EF17B3, cid=2943, SUCCESS, logIndex=4342, commits[18b22b39-7551-46dd-8464-dd74933c4739:c4343, 76d6a15c-8eeb-4764-b555-ce8767d18d57:c4339, c90dcfdf-5973-4b56-a955-1fc4555f10cb:c4339]
2019-09-19 11:26:51,878 [grpc-default-executor-5] INFO  client.GrpcClientProtocolClient (GrpcClientProtocolClient.java:onNext(264)) - client-D9B31DDCE961->18b22b39-7551-46dd-8464-dd74933c4739: receive RaftClientReply:client-D9B31DDCE961->18b22b39-7551-46dd-8464-dd74933c4739@group-597320EF17B3, cid=2944, SUCCESS, logIndex=4343, commits[18b22b39-7551-46dd-8464-dd74933c4739:c4343, 76d6a15c-8eeb-4764-b555-ce8767d18d57:c4339, c90dcfdf-5973-4b56-a955-1fc4555f10cb:c4339]
2019-09-19 11:26:51,879 [grpc-default-executor-3] INFO  client.GrpcClientProtocolClient (GrpcClientProtocolClient.java:onNext(264)) - client-D9B31DDCE961->18b22b39-7551-46dd-8464-dd74933c4739: receive RaftClientReply:client-D9B31DDCE961->18b22b39-7551-46dd-8464-dd74933c4739@group-597320EF17B3, cid=2945, SUCCESS, logIndex=0, commits[18b22b39-7551-46dd-8464-dd74933c4739:c4345, 76d6a15c-8eeb-4764-b555-ce8767d18d57:c4343, c90dcfdf-5973-4b56-a955-1fc4555f10cb:c4343]
2019-09-19 11:26:51,911 [grpc-default-executor-7] INFO  client.GrpcClientProtocolClient (GrpcClientProtocolClient.java:onNext(264)) - client-D9B31DDCE961->18b22b39-7551-46dd-8464-dd74933c4739: receive RaftClientReply:client-D9B31DDCE961->18b22b39-7551-46dd-8464-dd74933c4739@group-597320EF17B3, cid=2946, SUCCESS, logIndex=4346, commits[18b22b39-7551-46dd-8464-dd74933c4739:c4346, 76d6a15c-8eeb-4764-b555-ce8767d18d57:c4343, c90dcfdf-5973-4b56-a955-1fc4555f10cb:c4345]
2019-09-19 11:26:51,911 [grpc-default-executor-7] INFO  client.GrpcClientProtocolClient (GrpcClientProtocolClient.java:onNext(264)) - client-D9B31DDCE961->18b22b39-7551-46dd-8464-dd74933c4739: receive RaftClientReply:client-D9B31DDCE961->18b22b39-7551-46dd-8464-dd74933c4739@group-597320EF17B3, cid=2947, SUCCESS, logIndex=4347, commits[18b22b39-7551-46dd-8464-dd74933c4739:c4349, 76d6a15c-8eeb-4764-b555-ce8767d18d57:c4345, c90dcfdf-5973-4b56-a955-1fc4555f10cb:c4345]
2019-09-19 11:26:51,912 [grpc-default-executor-7] INFO  client.GrpcClientProtocolClient (GrpcClientProtocolClient.java:onNext(264)) - client-D9B31DDCE961->18b22b39-7551-46dd-8464-dd74933c4739: receive RaftClientReply:client-D9B31DDCE961->18b22b39-7551-46dd-8464-dd74933c4739@group-597320EF17B3, cid=2948, SUCCESS, logIndex=4348, commits[18b22b39-7551-46dd-8464-dd74933c4739:c4349, 76d6a15c-8eeb-4764-b555-ce8767d18d57:c4345, c90dcfdf-5973-4b56-a955-1fc4555f10cb:c4345]
2019-09-19 11:26:51,912 [grpc-default-executor-7] INFO  client.GrpcClientProtocolClient (GrpcClientProtocolClient.java:onNext(264)) - client-D9B31DDCE961->18b22b39-7551-46dd-8464-dd74933c4739: receive RaftClientReply:client-D9B31DDCE961->18b22b39-7551-46dd-8464-dd74933c4739@group-597320EF17B3, cid=2949, SUCCESS, logIndex=4349, commits[18b22b39-7551-46dd-8464-dd74933c4739:c4349, 76d6a15c-8eeb-4764-b555-ce8767d18d57:c4345, c90dcfdf-5973-4b56-a955-1fc4555f10cb:c4345]
2019-09-19 11:26:51,913 [grpc-default-executor-5] INFO  client.GrpcClientProtocolClient (GrpcClientProtocolClient.java:onNext(264)) - client-D9B31DDCE961->18b22b39-7551-46dd-8464-dd74933c4739: receive RaftClientReply:client-D9B31DDCE961->18b22b39-7551-46dd-8464-dd74933c4739@group-597320EF17B3, cid=2950, SUCCESS, logIndex=0, commits[18b22b39-7551-46dd-8464-dd74933c4739:c4353, 76d6a15c-8eeb-4764-b555-ce8767d18d57:c4348, c90dcfdf-5973-4b56-a955-1fc4555f10cb:c4349]
2019-09-19 11:26:51,933 [grpc-default-executor-7] INFO  client.GrpcClientProtocolClient (GrpcClientProtocolClient.java:onNext(264)) - client-D9B31DDCE961->18b22b39-7551-46dd-8464-dd74933c4739: receive RaftClientReply:client-D9B31DDCE961->18b22b39-7551-46dd-8464-dd74933c4739@group-597320EF17B3, cid=2951, SUCCESS, logIndex=4354, commits[18b22b39-7551-46dd-8464-dd74933c4739:c4355, 76d6a15c-8eeb-4764-b555-ce8767d18d57:c4353, c90dcfdf-5973-4b56-a955-1fc4555f10cb:c4353]
2019-09-19 11:26:51,933 [grpc-default-executor-7] INFO  client.GrpcClientProtocolClient (GrpcClientProtocolClient.java:onNext(264)) - client-D9B31DDCE961->18b22b39-7551-46dd-8464-dd74933c4739: receive RaftClientReply:client-D9B31DDCE961->18b22b39-7551-46dd-8464-dd74933c4739@group-597320EF17B3, cid=2952, SUCCESS, logIndex=4355, commits[18b22b39-7551-46dd-8464-dd74933c4739:c4355, 76d6a15c-8eeb-4764-b555-ce8767d18d57:c4353, c90dcfdf-5973-4b56-a955-1fc4555f10cb:c4353]
2019-09-19 11:26:51,947 [grpc-default-executor-5] INFO  client.GrpcClientProtocolClient (GrpcClientProtocolClient.java:onNext(264)) - client-D9B31DDCE961->18b22b39-7551-46dd-8464-dd74933c4739: receive RaftClientReply:client-D9B31DDCE961->18b22b39-7551-46dd-8464-dd74933c4739@group-597320EF17B3, cid=2953, SUCCESS, logIndex=4358, commits[18b22b39-7551-46dd-8464-dd74933c4739:c4359, 76d6a15c-8eeb-4764-b555-ce8767d18d57:c4355, c90dcfdf-5973-4b56-a955-1fc4555f10cb:c4355]
2019-09-19 11:26:51,947 [grpc-default-executor-5] INFO  client.GrpcClientProtocolClient (GrpcClientProtocolClient.java:onNext(264)) - client-D9B31DDCE961->18b22b39-7551-46dd-8464-dd74933c4739: receive RaftClientReply:client-D9B31DDCE961->18b22b39-7551-46dd-8464-dd74933c4739@group-597320EF17B3, cid=2954, SUCCESS, logIndex=4359, commits[18b22b39-7551-46dd-8464-dd74933c4739:c4359, 76d6a15c-8eeb-4764-b555-ce8767d18d57:c4355, c90dcfdf-5973-4b56-a955-1fc4555f10cb:c4355]
2019-09-19 11:26:51,959 [grpc-default-executor-5] INFO  client.GrpcClientProtocolClient (GrpcClientProtocolClient.java:onNext(264)) - client-D9B31DDCE961->18b22b39-7551-46dd-8464-dd74933c4739: receive RaftClientReply:client-D9B31DDCE961->18b22b39-7551-46dd-8464-dd74933c4739@group-597320EF17B3, cid=2955, SUCCESS, logIndex=0, commits[18b22b39-7551-46dd-8464-dd74933c4739:c4361, 76d6a15c-8eeb-4764-b555-ce8767d18d57:c4359, c90dcfdf-5973-4b56-a955-1fc4555f10cb:c4359]
2019-09-19 11:26:51,992 [grpc-default-executor-1] INFO  client.GrpcClientProtocolClient (GrpcClientProtocolClient.java:onNext(264)) - client-D9B31DDCE961->18b22b39-7551-46dd-8464-dd74933c4739: receive RaftClientReply:client-D9B31DDCE961->18b22b39-7551-46dd-8464-dd74933c4739@group-597320EF17B3, cid=2956, SUCCESS, logIndex=4362, commits[18b22b39-7551-46dd-8464-dd74933c4739:c4364, 76d6a15c-8eeb-4764-b555-ce8767d18d57:c4361, c90dcfdf-5973-4b56-a955-1fc4555f10cb:c4361]
2019-09-19 11:26:51,992 [grpc-default-executor-1] INFO  client.GrpcClientProtocolClient (GrpcClientProtocolClient.java:onNext(264)) - client-D9B31DDCE961->18b22b39-7551-46dd-8464-dd74933c4739: receive RaftClientReply:client-D9B31DDCE961->18b22b39-7551-46dd-8464-dd74933c4739@group-597320EF17B3, cid=2957, SUCCESS, logIndex=4363, commits[18b22b39-7551-46dd-8464-dd74933c4739:c4365, 76d6a15c-8eeb-4764-b555-ce8767d18d57:c4361, c90dcfdf-5973-4b56-a955-1fc4555f10cb:c4361]
2019-09-19 11:26:51,992 [grpc-default-executor-1] INFO  client.GrpcClientProtocolClient (GrpcClientProtocolClient.java:onNext(264)) - client-D9B31DDCE961->18b22b39-7551-46dd-8464-dd74933c4739: receive RaftClientReply:client-D9B31DDCE961->18b22b39-7551-46dd-8464-dd74933c4739@group-597320EF17B3, cid=2958, SUCCESS, logIndex=4364, commits[18b22b39-7551-46dd-8464-dd74933c4739:c4365, 76d6a15c-8eeb-4764-b555-ce8767d18d57:c4361, c90dcfdf-5973-4b56-a955-1fc4555f10cb:c4361]
2019-09-19 11:26:51,993 [grpc-default-executor-1] INFO  client.GrpcClientProtocolClient (GrpcClientProtocolClient.java:onNext(264)) - client-D9B31DDCE961->18b22b39-7551-46dd-8464-dd74933c4739: receive RaftClientReply:client-D9B31DDCE961->18b22b39-7551-46dd-8464-dd74933c4739@group-597320EF17B3, cid=2959, SUCCESS, logIndex=4365, commits[18b22b39-7551-46dd-8464-dd74933c4739:c4365, 76d6a15c-8eeb-4764-b555-ce8767d18d57:c4361, c90dcfdf-5973-4b56-a955-1fc4555f10cb:c4361]
2019-09-19 11:26:51,993 [grpc-default-executor-5] INFO  client.GrpcClientProtocolClient (GrpcClientProtocolClient.java:onNext(264)) - client-D9B31DDCE961->18b22b39-7551-46dd-8464-dd74933c4739: receive RaftClientReply:client-D9B31DDCE961->18b22b39-7551-46dd-8464-dd74933c4739@group-597320EF17B3, cid=2960, SUCCESS, logIndex=0, commits[18b22b39-7551-46dd-8464-dd74933c4739:c4367, 76d6a15c-8eeb-4764-b555-ce8767d18d57:c4363, c90dcfdf-5973-4b56-a955-1fc4555f10cb:c4363]
2019-09-19 11:26:52,016 [grpc-default-executor-5] INFO  client.GrpcClientProtocolClient (GrpcClientProtocolClient.java:onNext(264)) - client-D9B31DDCE961->18b22b39-7551-46dd-8464-dd74933c4739: receive RaftClientReply:client-D9B31DDCE961->18b22b39-7551-46dd-8464-dd74933c4739@group-597320EF17B3, cid=2961, SUCCESS, logIndex=4370, commits[18b22b39-7551-46dd-8464-dd74933c4739:c4371, 76d6a15c-8eeb-4764-b555-ce8767d18d57:c4369, c90dcfdf-5973-4b56-a955-1fc4555f10cb:c4369]
2019-09-19 11:26:52,016 [grpc-default-executor-5] INFO  client.GrpcClientProtocolClient (GrpcClientProtocolClient.java:onNext(264)) - client-D9B31DDCE961->18b22b39-7551-46dd-8464-dd74933c4739: receive RaftClientReply:client-D9B31DDCE961->18b22b39-7551-46dd-8464-dd74933c4739@group-597320EF17B3, cid=2962, SUCCESS, logIndex=4371, commits[18b22b39-7551-46dd-8464-dd74933c4739:c4371, 76d6a15c-8eeb-4764-b555-ce8767d18d57:c4369, c90dcfdf-5973-4b56-a955-1fc4555f10cb:c4369]
2019-09-19 11:26:52,029 [grpc-default-executor-3] INFO  client.GrpcClientProtocolClient (GrpcClientProtocolClient.java:onNext(264)) - client-D9B31DDCE961->18b22b39-7551-46dd-8464-dd74933c4739: receive RaftClientReply:client-D9B31DDCE961->18b22b39-7551-46dd-8464-dd74933c4739@group-597320EF17B3, cid=2963, SUCCESS, logIndex=4374, commits[18b22b39-7551-46dd-8464-dd74933c4739:c4375, 76d6a15c-8eeb-4764-b555-ce8767d18d57:c4371, c90dcfdf-5973-4b56-a955-1fc4555f10cb:c4371]
2019-09-19 11:26:52,029 [grpc-default-executor-3] INFO  client.GrpcClientProtocolClient (GrpcClientProtocolClient.java:onNext(264)) - client-D9B31DDCE961->18b22b39-7551-46dd-8464-dd74933c4739: receive RaftClientReply:client-D9B31DDCE961->18b22b39-7551-46dd-8464-dd74933c4739@group-597320EF17B3, cid=2964, SUCCESS, logIndex=4375, commits[18b22b39-7551-46dd-8464-dd74933c4739:c4375, 76d6a15c-8eeb-4764-b555-ce8767d18d57:c4371, c90dcfdf-5973-4b56-a955-1fc4555f10cb:c4371]
2019-09-19 11:26:52,030 [grpc-default-executor-1] INFO  client.GrpcClientProtocolClient (GrpcClientProtocolClient.java:onNext(264)) - client-D9B31DDCE961->18b22b39-7551-46dd-8464-dd74933c4739: receive RaftClientReply:client-D9B31DDCE961->18b22b39-7551-46dd-8464-dd74933c4739@group-597320EF17B3, cid=2965, SUCCESS, logIndex=0, commits[18b22b39-7551-46dd-8464-dd74933c4739:c4376, 76d6a15c-8eeb-4764-b555-ce8767d18d57:c4375, c90dcfdf-5973-4b56-a955-1fc4555f10cb:c4375]
2019-09-19 11:26:52,060 [grpc-default-executor-5] INFO  client.GrpcClientProtocolClient (GrpcClientProtocolClient.java:onNext(264)) - client-D9B31DDCE961->18b22b39-7551-46dd-8464-dd74933c4739: receive RaftClientReply:client-D9B31DDCE961->18b22b39-7551-46dd-8464-dd74933c4739@group-597320EF17B3, cid=2966, SUCCESS, logIndex=4378, commits[18b22b39-7551-46dd-8464-dd74933c4739:c4379, 76d6a15c-8eeb-4764-b555-ce8767d18d57:c4377, c90dcfdf-5973-4b56-a955-1fc4555f10cb:c4377]
2019-09-19 11:26:52,061 [grpc-default-executor-1] INFO  client.GrpcClientProtocolClient (GrpcClientProtocolClient.java:onNext(264)) - client-D9B31DDCE961->18b22b39-7551-46dd-8464-dd74933c4739: receive RaftClientReply:client-D9B31DDCE961->18b22b39-7551-46dd-8464-dd74933c4739@group-597320EF17B3, cid=2967, SUCCESS, logIndex=4379, commits[18b22b39-7551-46dd-8464-dd74933c4739:c4379, 76d6a15c-8eeb-4764-b555-ce8767d18d57:c4377, c90dcfdf-5973-4b56-a955-1fc4555f10cb:c4377]
2019-09-19 11:26:52,061 [grpc-default-executor-7] INFO  client.GrpcClientProtocolClient (GrpcClientProtocolClient.java:onNext(264)) - client-D9B31DDCE961->18b22b39-7551-46dd-8464-dd74933c4739: receive RaftClientReply:client-D9B31DDCE961->18b22b39-7551-46dd-8464-dd74933c4739@group-597320EF17B3, cid=2968, SUCCESS, logIndex=4380, commits[18b22b39-7551-46dd-8464-dd74933c4739:c4381, 76d6a15c-8eeb-4764-b555-ce8767d18d57:c4377, c90dcfdf-5973-4b56-a955-1fc4555f10cb:c4377]
2019-09-19 11:26:52,061 [grpc-default-executor-7] INFO  client.GrpcClientProtocolClient (GrpcClientProtocolClient.java:onNext(264)) - client-D9B31DDCE961->18b22b39-7551-46dd-8464-dd74933c4739: receive RaftClientReply:client-D9B31DDCE961->18b22b39-7551-46dd-8464-dd74933c4739@group-597320EF17B3, cid=2969, SUCCESS, logIndex=4381, commits[18b22b39-7551-46dd-8464-dd74933c4739:c4381, 76d6a15c-8eeb-4764-b555-ce8767d18d57:c4377, c90dcfdf-5973-4b56-a955-1fc4555f10cb:c4377]
2019-09-19 11:26:52,072 [grpc-default-executor-7] INFO  client.GrpcClientProtocolClient (GrpcClientProtocolClient.java:onNext(264)) - client-D9B31DDCE961->18b22b39-7551-46dd-8464-dd74933c4739: receive RaftClientReply:client-D9B31DDCE961->18b22b39-7551-46dd-8464-dd74933c4739@group-597320EF17B3, cid=2970, SUCCESS, logIndex=0, commits[18b22b39-7551-46dd-8464-dd74933c4739:c4383, 76d6a15c-8eeb-4764-b555-ce8767d18d57:c4379, c90dcfdf-5973-4b56-a955-1fc4555f10cb:c4379]
2019-09-19 11:26:52,092 [grpc-default-executor-1] INFO  client.GrpcClientProtocolClient (GrpcClientProtocolClient.java:onNext(264)) - client-D9B31DDCE961->18b22b39-7551-46dd-8464-dd74933c4739: receive RaftClientReply:client-D9B31DDCE961->18b22b39-7551-46dd-8464-dd74933c4739@group-597320EF17B3, cid=2971, SUCCESS, logIndex=4386, commits[18b22b39-7551-46dd-8464-dd74933c4739:c4387, 76d6a15c-8eeb-4764-b555-ce8767d18d57:c4385, c90dcfdf-5973-4b56-a955-1fc4555f10cb:c4385]
2019-09-19 11:26:52,092 [grpc-default-executor-1] INFO  client.GrpcClientProtocolClient (GrpcClientProtocolClient.java:onNext(264)) - client-D9B31DDCE961->18b22b39-7551-46dd-8464-dd74933c4739: receive RaftClientReply:client-D9B31DDCE961->18b22b39-7551-46dd-8464-dd74933c4739@group-597320EF17B3, cid=2972, SUCCESS, logIndex=4387, commits[18b22b39-7551-46dd-8464-dd74933c4739:c4387, 76d6a15c-8eeb-4764-b555-ce8767d18d57:c4385, c90dcfdf-5973-4b56-a955-1fc4555f10cb:c4385]
2019-09-19 11:26:52,105 [grpc-default-executor-7] INFO  client.GrpcClientProtocolClient (GrpcClientProtocolClient.java:onNext(264)) - client-D9B31DDCE961->18b22b39-7551-46dd-8464-dd74933c4739: receive RaftClientReply:client-D9B31DDCE961->18b22b39-7551-46dd-8464-dd74933c4739@group-597320EF17B3, cid=2973, SUCCESS, logIndex=4390, commits[18b22b39-7551-46dd-8464-dd74933c4739:c4391, 76d6a15c-8eeb-4764-b555-ce8767d18d57:c4389, c90dcfdf-5973-4b56-a955-1fc4555f10cb:c4389]
2019-09-19 11:26:52,105 [grpc-default-executor-7] INFO  client.GrpcClientProtocolClient (GrpcClientProtocolClient.java:onNext(264)) - client-D9B31DDCE961->18b22b39-7551-46dd-8464-dd74933c4739: receive RaftClientReply:client-D9B31DDCE961->18b22b39-7551-46dd-8464-dd74933c4739@group-597320EF17B3, cid=2974, SUCCESS, logIndex=4391, commits[18b22b39-7551-46dd-8464-dd74933c4739:c4391, 76d6a15c-8eeb-4764-b555-ce8767d18d57:c4389, c90dcfdf-5973-4b56-a955-1fc4555f10cb:c4389]
2019-09-19 11:26:52,109 [grpc-default-executor-7] INFO  client.GrpcClientProtocolClient (GrpcClientProtocolClient.java:onNext(264)) - client-D9B31DDCE961->18b22b39-7551-46dd-8464-dd74933c4739: receive RaftClientReply:client-D9B31DDCE961->18b22b39-7551-46dd-8464-dd74933c4739@group-597320EF17B3, cid=2975, SUCCESS, logIndex=0, commits[18b22b39-7551-46dd-8464-dd74933c4739:c4392, 76d6a15c-8eeb-4764-b555-ce8767d18d57:c4391, c90dcfdf-5973-4b56-a955-1fc4555f10cb:c4391]
2019-09-19 11:26:52,146 [grpc-default-executor-7] INFO  client.GrpcClientProtocolClient (GrpcClientProtocolClient.java:onNext(264)) - client-D9B31DDCE961->18b22b39-7551-46dd-8464-dd74933c4739: receive RaftClientReply:client-D9B31DDCE961->18b22b39-7551-46dd-8464-dd74933c4739@group-597320EF17B3, cid=2976, SUCCESS, logIndex=4394, commits[18b22b39-7551-46dd-8464-dd74933c4739:c4395, 76d6a15c-8eeb-4764-b555-ce8767d18d57:c4393, c90dcfdf-5973-4b56-a955-1fc4555f10cb:c4393]
2019-09-19 11:26:52,147 [grpc-default-executor-7] INFO  client.GrpcClientProtocolClient (GrpcClientProtocolClient.java:onNext(264)) - client-D9B31DDCE961->18b22b39-7551-46dd-8464-dd74933c4739: receive RaftClientReply:client-D9B31DDCE961->18b22b39-7551-46dd-8464-dd74933c4739@group-597320EF17B3, cid=2977, SUCCESS, logIndex=4395, commits[18b22b39-7551-46dd-8464-dd74933c4739:c4395, 76d6a15c-8eeb-4764-b555-ce8767d18d57:c4393, c90dcfdf-5973-4b56-a955-1fc4555f10cb:c4393]
2019-09-19 11:26:52,148 [grpc-default-executor-7] INFO  client.GrpcClientProtocolClient (GrpcClientProtocolClient.java:onNext(264)) - client-D9B31DDCE961->18b22b39-7551-46dd-8464-dd74933c4739: receive RaftClientReply:client-D9B31DDCE961->18b22b39-7551-46dd-8464-dd74933c4739@group-597320EF17B3, cid=2978, SUCCESS, logIndex=4396, commits[18b22b39-7551-46dd-8464-dd74933c4739:c4397, 76d6a15c-8eeb-4764-b555-ce8767d18d57:c4393, c90dcfdf-5973-4b56-a955-1fc4555f10cb:c4393]
2019-09-19 11:26:52,149 [grpc-default-executor-1] INFO  client.GrpcClientProtocolClient (GrpcClientProtocolClient.java:onNext(264)) - client-D9B31DDCE961->18b22b39-7551-46dd-8464-dd74933c4739: receive RaftClientReply:client-D9B31DDCE961->18b22b39-7551-46dd-8464-dd74933c4739@group-597320EF17B3, cid=2979, SUCCESS, logIndex=4397, commits[18b22b39-7551-46dd-8464-dd74933c4739:c4397, 76d6a15c-8eeb-4764-b555-ce8767d18d57:c4393, c90dcfdf-5973-4b56-a955-1fc4555f10cb:c4393]
2019-09-19 11:26:52,150 [grpc-default-executor-7] INFO  client.GrpcClientProtocolClient (GrpcClientProtocolClient.java:onNext(264)) - client-D9B31DDCE961->18b22b39-7551-46dd-8464-dd74933c4739: receive RaftClientReply:client-D9B31DDCE961->18b22b39-7551-46dd-8464-dd74933c4739@group-597320EF17B3, cid=2980, SUCCESS, logIndex=0, commits[18b22b39-7551-46dd-8464-dd74933c4739:c4401, 76d6a15c-8eeb-4764-b555-ce8767d18d57:c4397, c90dcfdf-5973-4b56-a955-1fc4555f10cb:c4397]
2019-09-19 11:26:52,168 [grpc-default-executor-1] INFO  client.GrpcClientProtocolClient (GrpcClientProtocolClient.java:onNext(264)) - client-D9B31DDCE961->18b22b39-7551-46dd-8464-dd74933c4739: receive RaftClientReply:client-D9B31DDCE961->18b22b39-7551-46dd-8464-dd74933c4739@group-597320EF17B3, cid=2981, SUCCESS, logIndex=4402, commits[18b22b39-7551-46dd-8464-dd74933c4739:c4403, 76d6a15c-8eeb-4764-b555-ce8767d18d57:c4401, c90dcfdf-5973-4b56-a955-1fc4555f10cb:c4401]
2019-09-19 11:26:52,168 [grpc-default-executor-1] INFO  client.GrpcClientProtocolClient (GrpcClientProtocolClient.java:onNext(264)) - client-D9B31DDCE961->18b22b39-7551-46dd-8464-dd74933c4739: receive RaftClientReply:client-D9B31DDCE961->18b22b39-7551-46dd-8464-dd74933c4739@group-597320EF17B3, cid=2982, SUCCESS, logIndex=4403, commits[18b22b39-7551-46dd-8464-dd74933c4739:c4403, 76d6a15c-8eeb-4764-b555-ce8767d18d57:c4401, c90dcfdf-5973-4b56-a955-1fc4555f10cb:c4401]
2019-09-19 11:26:52,184 [grpc-default-executor-1] INFO  client.GrpcClientProtocolClient (GrpcClientProtocolClient.java:onNext(264)) - client-D9B31DDCE961->18b22b39-7551-46dd-8464-dd74933c4739: receive RaftClientReply:client-D9B31DDCE961->18b22b39-7551-46dd-8464-dd74933c4739@group-597320EF17B3, cid=2983, SUCCESS, logIndex=4406, commits[18b22b39-7551-46dd-8464-dd74933c4739:c4407, 76d6a15c-8eeb-4764-b555-ce8767d18d57:c4403, c90dcfdf-5973-4b56-a955-1fc4555f10cb:c4403]
2019-09-19 11:26:52,185 [grpc-default-executor-1] INFO  client.GrpcClientProtocolClient (GrpcClientProtocolClient.java:onNext(264)) - client-D9B31DDCE961->18b22b39-7551-46dd-8464-dd74933c4739: receive RaftClientReply:client-D9B31DDCE961->18b22b39-7551-46dd-8464-dd74933c4739@group-597320EF17B3, cid=2984, SUCCESS, logIndex=4407, commits[18b22b39-7551-46dd-8464-dd74933c4739:c4407, 76d6a15c-8eeb-4764-b555-ce8767d18d57:c4403, c90dcfdf-5973-4b56-a955-1fc4555f10cb:c4403]
2019-09-19 11:26:52,197 [grpc-default-executor-1] INFO  client.GrpcClientProtocolClient (GrpcClientProtocolClient.java:onNext(264)) - client-D9B31DDCE961->18b22b39-7551-46dd-8464-dd74933c4739: receive RaftClientReply:client-D9B31DDCE961->18b22b39-7551-46dd-8464-dd74933c4739@group-597320EF17B3, cid=2985, SUCCESS, logIndex=0, commits[18b22b39-7551-46dd-8464-dd74933c4739:c4409, 76d6a15c-8eeb-4764-b555-ce8767d18d57:c4407, c90dcfdf-5973-4b56-a955-1fc4555f10cb:c4407]
2019-09-19 11:26:52,229 [grpc-default-executor-7] INFO  client.GrpcClientProtocolClient (GrpcClientProtocolClient.java:onNext(264)) - client-D9B31DDCE961->18b22b39-7551-46dd-8464-dd74933c4739: receive RaftClientReply:client-D9B31DDCE961->18b22b39-7551-46dd-8464-dd74933c4739@group-597320EF17B3, cid=2986, SUCCESS, logIndex=4410, commits[18b22b39-7551-46dd-8464-dd74933c4739:c4411, 76d6a15c-8eeb-4764-b555-ce8767d18d57:c4409, c90dcfdf-5973-4b56-a955-1fc4555f10cb:c4409]
2019-09-19 11:26:52,229 [grpc-default-executor-5] INFO  client.GrpcClientProtocolClient (GrpcClientProtocolClient.java:onNext(264)) - client-D9B31DDCE961->18b22b39-7551-46dd-8464-dd74933c4739: receive RaftClientReply:client-D9B31DDCE961->18b22b39-7551-46dd-8464-dd74933c4739@group-597320EF17B3, cid=2987, SUCCESS, logIndex=4411, commits[18b22b39-7551-46dd-8464-dd74933c4739:c4411, 76d6a15c-8eeb-4764-b555-ce8767d18d57:c4409, c90dcfdf-5973-4b56-a955-1fc4555f10cb:c4409]
2019-09-19 11:26:52,230 [grpc-default-executor-5] INFO  client.GrpcClientProtocolClient (GrpcClientProtocolClient.java:onNext(264)) - client-D9B31DDCE961->18b22b39-7551-46dd-8464-dd74933c4739: receive RaftClientReply:client-D9B31DDCE961->18b22b39-7551-46dd-8464-dd74933c4739@group-597320EF17B3, cid=2988, SUCCESS, logIndex=4412, commits[18b22b39-7551-46dd-8464-dd74933c4739:c4413, 76d6a15c-8eeb-4764-b555-ce8767d18d57:c4409, c90dcfdf-5973-4b56-a955-1fc4555f10cb:c4409]
2019-09-19 11:26:52,230 [grpc-default-executor-5] INFO  client.GrpcClientProtocolClient (GrpcClientProtocolClient.java:onNext(264)) - client-D9B31DDCE961->18b22b39-7551-46dd-8464-dd74933c4739: receive RaftClientReply:client-D9B31DDCE961->18b22b39-7551-46dd-8464-dd74933c4739@group-597320EF17B3, cid=2989, SUCCESS, logIndex=4413, commits[18b22b39-7551-46dd-8464-dd74933c4739:c4413, 76d6a15c-8eeb-4764-b555-ce8767d18d57:c4409, c90dcfdf-5973-4b56-a955-1fc4555f10cb:c4409]
2019-09-19 11:26:52,241 [grpc-default-executor-5] INFO  client.GrpcClientProtocolClient (GrpcClientProtocolClient.java:onNext(264)) - client-D9B31DDCE961->18b22b39-7551-46dd-8464-dd74933c4739: receive RaftClientReply:client-D9B31DDCE961->18b22b39-7551-46dd-8464-dd74933c4739@group-597320EF17B3, cid=2990, SUCCESS, logIndex=0, commits[18b22b39-7551-46dd-8464-dd74933c4739:c4415, 76d6a15c-8eeb-4764-b555-ce8767d18d57:c4411, c90dcfdf-5973-4b56-a955-1fc4555f10cb:c4411]
2019-09-19 11:26:52,261 [grpc-default-executor-5] INFO  client.GrpcClientProtocolClient (GrpcClientProtocolClient.java:onNext(264)) - client-D9B31DDCE961->18b22b39-7551-46dd-8464-dd74933c4739: receive RaftClientReply:client-D9B31DDCE961->18b22b39-7551-46dd-8464-dd74933c4739@group-597320EF17B3, cid=2991, SUCCESS, logIndex=4418, commits[18b22b39-7551-46dd-8464-dd74933c4739:c4419, 76d6a15c-8eeb-4764-b555-ce8767d18d57:c4417, c90dcfdf-5973-4b56-a955-1fc4555f10cb:c4417]
2019-09-19 11:26:52,261 [grpc-default-executor-5] INFO  client.GrpcClientProtocolClient (GrpcClientProtocolClient.java:onNext(264)) - client-D9B31DDCE961->18b22b39-7551-46dd-8464-dd74933c4739: receive RaftClientReply:client-D9B31DDCE961->18b22b39-7551-46dd-8464-dd74933c4739@group-597320EF17B3, cid=2992, SUCCESS, logIndex=4419, commits[18b22b39-7551-46dd-8464-dd74933c4739:c4419, 76d6a15c-8eeb-4764-b555-ce8767d18d57:c4417, c90dcfdf-5973-4b56-a955-1fc4555f10cb:c4417]
2019-09-19 11:26:52,274 [grpc-default-executor-7] INFO  client.GrpcClientProtocolClient (GrpcClientProtocolClient.java:onNext(264)) - client-D9B31DDCE961->18b22b39-7551-46dd-8464-dd74933c4739: receive RaftClientReply:client-D9B31DDCE961->18b22b39-7551-46dd-8464-dd74933c4739@group-597320EF17B3, cid=2993, SUCCESS, logIndex=4422, commits[18b22b39-7551-46dd-8464-dd74933c4739:c4423, 76d6a15c-8eeb-4764-b555-ce8767d18d57:c4418, c90dcfdf-5973-4b56-a955-1fc4555f10cb:c4419]
2019-09-19 11:26:52,274 [grpc-default-executor-7] INFO  client.GrpcClientProtocolClient (GrpcClientProtocolClient.java:onNext(264)) - client-D9B31DDCE961->18b22b39-7551-46dd-8464-dd74933c4739: receive RaftClientReply:client-D9B31DDCE961->18b22b39-7551-46dd-8464-dd74933c4739@group-597320EF17B3, cid=2994, SUCCESS, logIndex=4423, commits[18b22b39-7551-46dd-8464-dd74933c4739:c4423, 76d6a15c-8eeb-4764-b555-ce8767d18d57:c4419, c90dcfdf-5973-4b56-a955-1fc4555f10cb:c4419]
2019-09-19 11:26:52,275 [grpc-default-executor-1] INFO  client.GrpcClientProtocolClient (GrpcClientProtocolClient.java:onNext(264)) - client-D9B31DDCE961->18b22b39-7551-46dd-8464-dd74933c4739: receive RaftClientReply:client-D9B31DDCE961->18b22b39-7551-46dd-8464-dd74933c4739@group-597320EF17B3, cid=2995, SUCCESS, logIndex=0, commits[18b22b39-7551-46dd-8464-dd74933c4739:c4424, 76d6a15c-8eeb-4764-b555-ce8767d18d57:c4423, c90dcfdf-5973-4b56-a955-1fc4555f10cb:c4423]
2019-09-19 11:26:52,303 [grpc-default-executor-5] INFO  client.GrpcClientProtocolClient (GrpcClientProtocolClient.java:onNext(264)) - client-D9B31DDCE961->18b22b39-7551-46dd-8464-dd74933c4739: receive RaftClientReply:client-D9B31DDCE961->18b22b39-7551-46dd-8464-dd74933c4739@group-597320EF17B3, cid=2996, SUCCESS, logIndex=4426, commits[18b22b39-7551-46dd-8464-dd74933c4739:c4427, 76d6a15c-8eeb-4764-b555-ce8767d18d57:c4425, c90dcfdf-5973-4b56-a955-1fc4555f10cb:c4425]
2019-09-19 11:26:52,305 [grpc-default-executor-5] INFO  client.GrpcClientProtocolClient (GrpcClientProtocolClient.java:onNext(264)) - client-D9B31DDCE961->18b22b39-7551-46dd-8464-dd74933c4739: receive RaftClientReply:client-D9B31DDCE961->18b22b39-7551-46dd-8464-dd74933c4739@group-597320EF17B3, cid=2997, SUCCESS, logIndex=4427, commits[18b22b39-7551-46dd-8464-dd74933c4739:c4427, 76d6a15c-8eeb-4764-b555-ce8767d18d57:c4425, c90dcfdf-5973-4b56-a955-1fc4555f10cb:c4425]
2019-09-19 11:26:52,306 [grpc-default-executor-5] INFO  client.GrpcClientProtocolClient (GrpcClientProtocolClient.java:onNext(264)) - client-D9B31DDCE961->18b22b39-7551-46dd-8464-dd74933c4739: receive RaftClientReply:client-D9B31DDCE961->18b22b39-7551-46dd-8464-dd74933c4739@group-597320EF17B3, cid=2998, SUCCESS, logIndex=4428, commits[18b22b39-7551-46dd-8464-dd74933c4739:c4429, 76d6a15c-8eeb-4764-b555-ce8767d18d57:c4425, c90dcfdf-5973-4b56-a955-1fc4555f10cb:c4425]
2019-09-19 11:26:52,306 [grpc-default-executor-5] INFO  client.GrpcClientProtocolClient (GrpcClientProtocolClient.java:onNext(264)) - client-D9B31DDCE961->18b22b39-7551-46dd-8464-dd74933c4739: receive RaftClientReply:client-D9B31DDCE961->18b22b39-7551-46dd-8464-dd74933c4739@group-597320EF17B3, cid=2999, SUCCESS, logIndex=4429, commits[18b22b39-7551-46dd-8464-dd74933c4739:c4429, 76d6a15c-8eeb-4764-b555-ce8767d18d57:c4425, c90dcfdf-5973-4b56-a955-1fc4555f10cb:c4425]
2019-09-19 11:26:52,307 [grpc-default-executor-5] INFO  client.GrpcClientProtocolClient (GrpcClientProtocolClient.java:onNext(264)) - client-D9B31DDCE961->18b22b39-7551-46dd-8464-dd74933c4739: receive RaftClientReply:client-D9B31DDCE961->18b22b39-7551-46dd-8464-dd74933c4739@group-597320EF17B3, cid=3000, SUCCESS, logIndex=0, commits[18b22b39-7551-46dd-8464-dd74933c4739:c4433, 76d6a15c-8eeb-4764-b555-ce8767d18d57:c4429, c90dcfdf-5973-4b56-a955-1fc4555f10cb:c4427]
2019-09-19 11:26:52,325 [grpc-default-executor-5] INFO  client.GrpcClientProtocolClient (GrpcClientProtocolClient.java:onNext(264)) - client-D9B31DDCE961->18b22b39-7551-46dd-8464-dd74933c4739: receive RaftClientReply:client-D9B31DDCE961->18b22b39-7551-46dd-8464-dd74933c4739@group-597320EF17B3, cid=3001, SUCCESS, logIndex=4434, commits[18b22b39-7551-46dd-8464-dd74933c4739:c4435, 76d6a15c-8eeb-4764-b555-ce8767d18d57:c4429, c90dcfdf-5973-4b56-a955-1fc4555f10cb:c4433]
2019-09-19 11:26:52,326 [grpc-default-executor-5] INFO  client.GrpcClientProtocolClient (GrpcClientProtocolClient.java:onNext(264)) - client-D9B31DDCE961->18b22b39-7551-46dd-8464-dd74933c4739: receive RaftClientReply:client-D9B31DDCE961->18b22b39-7551-46dd-8464-dd74933c4739@group-597320EF17B3, cid=3002, SUCCESS, logIndex=4435, commits[18b22b39-7551-46dd-8464-dd74933c4739:c4435, 76d6a15c-8eeb-4764-b555-ce8767d18d57:c4433, c90dcfdf-5973-4b56-a955-1fc4555f10cb:c4433]
2019-09-19 11:26:52,339 [grpc-default-executor-1] INFO  client.GrpcClientProtocolClient (GrpcClientProtocolClient.java:onNext(264)) - client-D9B31DDCE961->18b22b39-7551-46dd-8464-dd74933c4739: receive RaftClientReply:client-D9B31DDCE961->18b22b39-7551-46dd-8464-dd74933c4739@group-597320EF17B3, cid=3003, SUCCESS, logIndex=4438, commits[18b22b39-7551-46dd-8464-dd74933c4739:c4439, 76d6a15c-8eeb-4764-b555-ce8767d18d57:c4435, c90dcfdf-5973-4b56-a955-1fc4555f10cb:c4435]
2019-09-19 11:26:52,339 [grpc-default-executor-1] INFO  client.GrpcClientProtocolClient (GrpcClientProtocolClient.java:onNext(264)) - client-D9B31DDCE961->18b22b39-7551-46dd-8464-dd74933c4739: receive RaftClientReply:client-D9B31DDCE961->18b22b39-7551-46dd-8464-dd74933c4739@group-597320EF17B3, cid=3004, SUCCESS, logIndex=4439, commits[18b22b39-7551-46dd-8464-dd74933c4739:c4439, 76d6a15c-8eeb-4764-b555-ce8767d18d57:c4435, c90dcfdf-5973-4b56-a955-1fc4555f10cb:c4435]
2019-09-19 11:26:52,341 [grpc-default-executor-1] INFO  client.GrpcClientProtocolClient (GrpcClientProtocolClient.java:onNext(264)) - client-D9B31DDCE961->18b22b39-7551-46dd-8464-dd74933c4739: receive RaftClientReply:client-D9B31DDCE961->18b22b39-7551-46dd-8464-dd74933c4739@group-597320EF17B3, cid=3005, SUCCESS, logIndex=0, commits[18b22b39-7551-46dd-8464-dd74933c4739:c4440, 76d6a15c-8eeb-4764-b555-ce8767d18d57:c4439, c90dcfdf-5973-4b56-a955-1fc4555f10cb:c4439]
2019-09-19 11:26:52,363 [grpc-default-executor-5] INFO  client.GrpcClientProtocolClient (GrpcClientProtocolClient.java:onNext(264)) - client-D9B31DDCE961->18b22b39-7551-46dd-8464-dd74933c4739: receive RaftClientReply:client-D9B31DDCE961->18b22b39-7551-46dd-8464-dd74933c4739@group-597320EF17B3, cid=3006, SUCCESS, logIndex=4442, commits[18b22b39-7551-46dd-8464-dd74933c4739:c4443, 76d6a15c-8eeb-4764-b555-ce8767d18d57:c4441, c90dcfdf-5973-4b56-a955-1fc4555f10cb:c4439]
2019-09-19 11:26:52,363 [grpc-default-executor-5] INFO  client.GrpcClientProtocolClient (GrpcClientProtocolClient.java:onNext(264)) - client-D9B31DDCE961->18b22b39-7551-46dd-8464-dd74933c4739: receive RaftClientReply:client-D9B31DDCE961->18b22b39-7551-46dd-8464-dd74933c4739@group-597320EF17B3, cid=3007, SUCCESS, logIndex=4443, commits[18b22b39-7551-46dd-8464-dd74933c4739:c4443, 76d6a15c-8eeb-4764-b555-ce8767d18d57:c4441, c90dcfdf-5973-4b56-a955-1fc4555f10cb:c4441]
2019-09-19 11:26:52,366 [grpc-default-executor-7] INFO  client.GrpcClientProtocolClient (GrpcClientProtocolClient.java:onNext(264)) - client-D9B31DDCE961->18b22b39-7551-46dd-8464-dd74933c4739: receive RaftClientReply:client-D9B31DDCE961->18b22b39-7551-46dd-8464-dd74933c4739@group-597320EF17B3, cid=3008, SUCCESS, logIndex=4444, commits[18b22b39-7551-46dd-8464-dd74933c4739:c4445, 76d6a15c-8eeb-4764-b555-ce8767d18d57:c4441, c90dcfdf-5973-4b56-a955-1fc4555f10cb:c4441]
2019-09-19 11:26:52,366 [grpc-default-executor-7] INFO  client.GrpcClientProtocolClient (GrpcClientProtocolClient.java:onNext(264)) - client-D9B31DDCE961->18b22b39-7551-46dd-8464-dd74933c4739: receive RaftClientReply:client-D9B31DDCE961->18b22b39-7551-46dd-8464-dd74933c4739@group-597320EF17B3, cid=3009, SUCCESS, logIndex=4445, commits[18b22b39-7551-46dd-8464-dd74933c4739:c4446, 76d6a15c-8eeb-4764-b555-ce8767d18d57:c4443, c90dcfdf-5973-4b56-a955-1fc4555f10cb:c4441]
2019-09-19 11:26:52,367 [grpc-default-executor-7] INFO  client.GrpcClientProtocolClient (GrpcClientProtocolClient.java:onNext(264)) - client-D9B31DDCE961->18b22b39-7551-46dd-8464-dd74933c4739: receive RaftClientReply:client-D9B31DDCE961->18b22b39-7551-46dd-8464-dd74933c4739@group-597320EF17B3, cid=3010, SUCCESS, logIndex=0, commits[18b22b39-7551-46dd-8464-dd74933c4739:c4447, 76d6a15c-8eeb-4764-b555-ce8767d18d57:c4443, c90dcfdf-5973-4b56-a955-1fc4555f10cb:c4443]
2019-09-19 11:26:52,375 [grpc-default-executor-7] INFO  client.GrpcClientProtocolClient (GrpcClientProtocolClient.java:onNext(264)) - client-D9B31DDCE961->18b22b39-7551-46dd-8464-dd74933c4739: receive RaftClientReply:client-D9B31DDCE961->18b22b39-7551-46dd-8464-dd74933c4739@group-597320EF17B3, cid=3011, SUCCESS, logIndex=4450, commits[18b22b39-7551-46dd-8464-dd74933c4739:c4451, 76d6a15c-8eeb-4764-b555-ce8767d18d57:c4449, c90dcfdf-5973-4b56-a955-1fc4555f10cb:c4445]
2019-09-19 11:26:52,376 [grpc-default-executor-7] INFO  client.GrpcClientProtocolClient (GrpcClientProtocolClient.java:onNext(264)) - client-D9B31DDCE961->18b22b39-7551-46dd-8464-dd74933c4739: receive RaftClientReply:client-D9B31DDCE961->18b22b39-7551-46dd-8464-dd74933c4739@group-597320EF17B3, cid=3012, SUCCESS, logIndex=4451, commits[18b22b39-7551-46dd-8464-dd74933c4739:c4451, 76d6a15c-8eeb-4764-b555-ce8767d18d57:c4449, c90dcfdf-5973-4b56-a955-1fc4555f10cb:c4449]
2019-09-19 11:26:52,406 [grpc-default-executor-5] INFO  client.GrpcClientProtocolClient (GrpcClientProtocolClient.java:onNext(264)) - client-D9B31DDCE961->18b22b39-7551-46dd-8464-dd74933c4739: receive RaftClientReply:client-D9B31DDCE961->18b22b39-7551-46dd-8464-dd74933c4739@group-597320EF17B3, cid=3013, SUCCESS, logIndex=4454, commits[18b22b39-7551-46dd-8464-dd74933c4739:c4455, 76d6a15c-8eeb-4764-b555-ce8767d18d57:c4453, c90dcfdf-5973-4b56-a955-1fc4555f10cb:c4453]
2019-09-19 11:26:52,406 [grpc-default-executor-5] INFO  client.GrpcClientProtocolClient (GrpcClientProtocolClient.java:onNext(264)) - client-D9B31DDCE961->18b22b39-7551-46dd-8464-dd74933c4739: receive RaftClientReply:client-D9B31DDCE961->18b22b39-7551-46dd-8464-dd74933c4739@group-597320EF17B3, cid=3014, SUCCESS, logIndex=4455, commits[18b22b39-7551-46dd-8464-dd74933c4739:c4455, 76d6a15c-8eeb-4764-b555-ce8767d18d57:c4453, c90dcfdf-5973-4b56-a955-1fc4555f10cb:c4453]
2019-09-19 11:26:52,419 [grpc-default-executor-5] INFO  client.GrpcClientProtocolClient (GrpcClientProtocolClient.java:onNext(264)) - client-D9B31DDCE961->18b22b39-7551-46dd-8464-dd74933c4739: receive RaftClientReply:client-D9B31DDCE961->18b22b39-7551-46dd-8464-dd74933c4739@group-597320EF17B3, cid=3015, SUCCESS, logIndex=0, commits[18b22b39-7551-46dd-8464-dd74933c4739:c4457, 76d6a15c-8eeb-4764-b555-ce8767d18d57:c4455, c90dcfdf-5973-4b56-a955-1fc4555f10cb:c4455]
2019-09-19 11:26:52,444 [grpc-default-executor-7] INFO  client.GrpcClientProtocolClient (GrpcClientProtocolClient.java:onNext(264)) - client-D9B31DDCE961->18b22b39-7551-46dd-8464-dd74933c4739: receive RaftClientReply:client-D9B31DDCE961->18b22b39-7551-46dd-8464-dd74933c4739@group-597320EF17B3, cid=3016, SUCCESS, logIndex=4458, commits[18b22b39-7551-46dd-8464-dd74933c4739:c4459, 76d6a15c-8eeb-4764-b555-ce8767d18d57:c4457, c90dcfdf-5973-4b56-a955-1fc4555f10cb:c4457]
2019-09-19 11:26:52,445 [grpc-default-executor-7] INFO  client.GrpcClientProtocolClient (GrpcClientProtocolClient.java:onNext(264)) - client-D9B31DDCE961->18b22b39-7551-46dd-8464-dd74933c4739: receive RaftClientReply:client-D9B31DDCE961->18b22b39-7551-46dd-8464-dd74933c4739@group-597320EF17B3, cid=3017, SUCCESS, logIndex=4459, commits[18b22b39-7551-46dd-8464-dd74933c4739:c4459, 76d6a15c-8eeb-4764-b555-ce8767d18d57:c4457, c90dcfdf-5973-4b56-a955-1fc4555f10cb:c4457]
2019-09-19 11:26:52,445 [grpc-default-executor-5] INFO  client.GrpcClientProtocolClient (GrpcClientProtocolClient.java:onNext(264)) - client-D9B31DDCE961->18b22b39-7551-46dd-8464-dd74933c4739: receive RaftClientReply:client-D9B31DDCE961->18b22b39-7551-46dd-8464-dd74933c4739@group-597320EF17B3, cid=3018, SUCCESS, logIndex=4460, commits[18b22b39-7551-46dd-8464-dd74933c4739:c4460, 76d6a15c-8eeb-4764-b555-ce8767d18d57:c4457, c90dcfdf-5973-4b56-a955-1fc4555f10cb:c4457]
2019-09-19 11:26:52,446 [grpc-default-executor-5] INFO  client.GrpcClientProtocolClient (GrpcClientProtocolClient.java:onNext(264)) - client-D9B31DDCE961->18b22b39-7551-46dd-8464-dd74933c4739: receive RaftClientReply:client-D9B31DDCE961->18b22b39-7551-46dd-8464-dd74933c4739@group-597320EF17B3, cid=3019, SUCCESS, logIndex=4461, commits[18b22b39-7551-46dd-8464-dd74933c4739:c4461, 76d6a15c-8eeb-4764-b555-ce8767d18d57:c4457, c90dcfdf-5973-4b56-a955-1fc4555f10cb:c4457]
2019-09-19 11:26:52,447 [grpc-default-executor-7] INFO  client.GrpcClientProtocolClient (GrpcClientProtocolClient.java:onNext(264)) - client-D9B31DDCE961->18b22b39-7551-46dd-8464-dd74933c4739: receive RaftClientReply:client-D9B31DDCE961->18b22b39-7551-46dd-8464-dd74933c4739@group-597320EF17B3, cid=3020, SUCCESS, logIndex=0, commits[18b22b39-7551-46dd-8464-dd74933c4739:c4463, 76d6a15c-8eeb-4764-b555-ce8767d18d57:c4459, c90dcfdf-5973-4b56-a955-1fc4555f10cb:c4459]
2019-09-19 11:26:52,466 [grpc-default-executor-7] INFO  client.GrpcClientProtocolClient (GrpcClientProtocolClient.java:onNext(264)) - client-D9B31DDCE961->18b22b39-7551-46dd-8464-dd74933c4739: receive RaftClientReply:client-D9B31DDCE961->18b22b39-7551-46dd-8464-dd74933c4739@group-597320EF17B3, cid=3021, SUCCESS, logIndex=4466, commits[18b22b39-7551-46dd-8464-dd74933c4739:c4467, 76d6a15c-8eeb-4764-b555-ce8767d18d57:c4465, c90dcfdf-5973-4b56-a955-1fc4555f10cb:c4465]
2019-09-19 11:26:52,466 [grpc-default-executor-7] INFO  client.GrpcClientProtocolClient (GrpcClientProtocolClient.java:onNext(264)) - client-D9B31DDCE961->18b22b39-7551-46dd-8464-dd74933c4739: receive RaftClientReply:client-D9B31DDCE961->18b22b39-7551-46dd-8464-dd74933c4739@group-597320EF17B3, cid=3022, SUCCESS, logIndex=4467, commits[18b22b39-7551-46dd-8464-dd74933c4739:c4467, 76d6a15c-8eeb-4764-b555-ce8767d18d57:c4465, c90dcfdf-5973-4b56-a955-1fc4555f10cb:c4465]
2019-09-19 11:26:52,479 [grpc-default-executor-7] INFO  client.GrpcClientProtocolClient (GrpcClientProtocolClient.java:onNext(264)) - client-D9B31DDCE961->18b22b39-7551-46dd-8464-dd74933c4739: receive RaftClientReply:client-D9B31DDCE961->18b22b39-7551-46dd-8464-dd74933c4739@group-597320EF17B3, cid=3023, SUCCESS, logIndex=4470, commits[18b22b39-7551-46dd-8464-dd74933c4739:c4471, 76d6a15c-8eeb-4764-b555-ce8767d18d57:c4467, c90dcfdf-5973-4b56-a955-1fc4555f10cb:c4467]
2019-09-19 11:26:52,480 [grpc-default-executor-7] INFO  client.GrpcClientProtocolClient (GrpcClientProtocolClient.java:onNext(264)) - client-D9B31DDCE961->18b22b39-7551-46dd-8464-dd74933c4739: receive RaftClientReply:client-D9B31DDCE961->18b22b39-7551-46dd-8464-dd74933c4739@group-597320EF17B3, cid=3024, SUCCESS, logIndex=4471, commits[18b22b39-7551-46dd-8464-dd74933c4739:c4471, 76d6a15c-8eeb-4764-b555-ce8767d18d57:c4467, c90dcfdf-5973-4b56-a955-1fc4555f10cb:c4467]
2019-09-19 11:26:52,492 [grpc-default-executor-7] INFO  client.GrpcClientProtocolClient (GrpcClientProtocolClient.java:onNext(264)) - client-D9B31DDCE961->18b22b39-7551-46dd-8464-dd74933c4739: receive RaftClientReply:client-D9B31DDCE961->18b22b39-7551-46dd-8464-dd74933c4739@group-597320EF17B3, cid=3025, SUCCESS, logIndex=0, commits[18b22b39-7551-46dd-8464-dd74933c4739:c4473, 76d6a15c-8eeb-4764-b555-ce8767d18d57:c4471, c90dcfdf-5973-4b56-a955-1fc4555f10cb:c4471]
2019-09-19 11:26:52,523 [grpc-default-executor-3] INFO  client.GrpcClientProtocolClient (GrpcClientProtocolClient.java:onNext(264)) - client-D9B31DDCE961->18b22b39-7551-46dd-8464-dd74933c4739: receive RaftClientReply:client-D9B31DDCE961->18b22b39-7551-46dd-8464-dd74933c4739@group-597320EF17B3, cid=3026, SUCCESS, logIndex=4474, commits[18b22b39-7551-46dd-8464-dd74933c4739:c4476, 76d6a15c-8eeb-4764-b555-ce8767d18d57:c4473, c90dcfdf-5973-4b56-a955-1fc4555f10cb:c4473]
2019-09-19 11:26:52,523 [grpc-default-executor-3] INFO  client.GrpcClientProtocolClient (GrpcClientProtocolClient.java:onNext(264)) - client-D9B31DDCE961->18b22b39-7551-46dd-8464-dd74933c4739: receive RaftClientReply:client-D9B31DDCE961->18b22b39-7551-46dd-8464-dd74933c4739@group-597320EF17B3, cid=3027, SUCCESS, logIndex=4475, commits[18b22b39-7551-46dd-8464-dd74933c4739:c4477, 76d6a15c-8eeb-4764-b555-ce8767d18d57:c4473, c90dcfdf-5973-4b56-a955-1fc4555f10cb:c4473]
2019-09-19 11:26:52,524 [grpc-default-executor-3] INFO  client.GrpcClientProtocolClient (GrpcClientProtocolClient.java:onNext(264)) - client-D9B31DDCE961->18b22b39-7551-46dd-8464-dd74933c4739: receive RaftClientReply:client-D9B31DDCE961->18b22b39-7551-46dd-8464-dd74933c4739@group-597320EF17B3, cid=3028, SUCCESS, logIndex=4476, commits[18b22b39-7551-46dd-8464-dd74933c4739:c4477, 76d6a15c-8eeb-4764-b555-ce8767d18d57:c4473, c90dcfdf-5973-4b56-a955-1fc4555f10cb:c4473]
2019-09-19 11:26:52,524 [grpc-default-executor-3] INFO  client.GrpcClientProtocolClient (GrpcClientProtocolClient.java:onNext(264)) - client-D9B31DDCE961->18b22b39-7551-46dd-8464-dd74933c4739: receive RaftClientReply:client-D9B31DDCE961->18b22b39-7551-46dd-8464-dd74933c4739@group-597320EF17B3, cid=3029, SUCCESS, logIndex=4477, commits[18b22b39-7551-46dd-8464-dd74933c4739:c4477, 76d6a15c-8eeb-4764-b555-ce8767d18d57:c4473, c90dcfdf-5973-4b56-a955-1fc4555f10cb:c4473]
2019-09-19 11:26:52,525 [grpc-default-executor-5] INFO  client.GrpcClientProtocolClient (GrpcClientProtocolClient.java:onNext(264)) - client-D9B31DDCE961->18b22b39-7551-46dd-8464-dd74933c4739: receive RaftClientReply:client-D9B31DDCE961->18b22b39-7551-46dd-8464-dd74933c4739@group-597320EF17B3, cid=3030, SUCCESS, logIndex=0, commits[18b22b39-7551-46dd-8464-dd74933c4739:c4478, 76d6a15c-8eeb-4764-b555-ce8767d18d57:c4475, c90dcfdf-5973-4b56-a955-1fc4555f10cb:c4476]
2019-09-19 11:26:52,682 [grpc-default-executor-3] INFO  client.GrpcClientProtocolClient (GrpcClientProtocolClient.java:onNext(264)) - client-D9B31DDCE961->18b22b39-7551-46dd-8464-dd74933c4739: receive RaftClientReply:client-D9B31DDCE961->18b22b39-7551-46dd-8464-dd74933c4739@group-597320EF17B3, cid=3031, SUCCESS, logIndex=4482, commits[18b22b39-7551-46dd-8464-dd74933c4739:c4482, 76d6a15c-8eeb-4764-b555-ce8767d18d57:c4481, c90dcfdf-5973-4b56-a955-1fc4555f10cb:c4477]
2019-09-19 11:26:52,684 [grpc-default-executor-3] INFO  client.GrpcClientProtocolClient (GrpcClientProtocolClient.java:onNext(264)) - client-D9B31DDCE961->18b22b39-7551-46dd-8464-dd74933c4739: receive RaftClientReply:client-D9B31DDCE961->18b22b39-7551-46dd-8464-dd74933c4739@group-597320EF17B3, cid=3032, SUCCESS, logIndex=4483, commits[18b22b39-7551-46dd-8464-dd74933c4739:c4483, 76d6a15c-8eeb-4764-b555-ce8767d18d57:c4481, c90dcfdf-5973-4b56-a955-1fc4555f10cb:c4477]
2019-09-19 11:26:52,713 [grpc-default-executor-1] INFO  client.GrpcClientProtocolClient (GrpcClientProtocolClient.java:onNext(264)) - client-D9B31DDCE961->18b22b39-7551-46dd-8464-dd74933c4739: receive RaftClientReply:client-D9B31DDCE961->18b22b39-7551-46dd-8464-dd74933c4739@group-597320EF17B3, cid=3033, SUCCESS, logIndex=4486, commits[18b22b39-7551-46dd-8464-dd74933c4739:c4486, 76d6a15c-8eeb-4764-b555-ce8767d18d57:c4483, c90dcfdf-5973-4b56-a955-1fc4555f10cb:c4483]
2019-09-19 11:26:52,713 [grpc-default-executor-1] INFO  client.GrpcClientProtocolClient (GrpcClientProtocolClient.java:onNext(264)) - client-D9B31DDCE961->18b22b39-7551-46dd-8464-dd74933c4739: receive RaftClientReply:client-D9B31DDCE961->18b22b39-7551-46dd-8464-dd74933c4739@group-597320EF17B3, cid=3034, SUCCESS, logIndex=4487, commits[18b22b39-7551-46dd-8464-dd74933c4739:c4487, 76d6a15c-8eeb-4764-b555-ce8767d18d57:c4483, c90dcfdf-5973-4b56-a955-1fc4555f10cb:c4483]
2019-09-19 11:26:52,728 [grpc-default-executor-1] INFO  client.GrpcClientProtocolClient (GrpcClientProtocolClient.java:onNext(264)) - client-D9B31DDCE961->18b22b39-7551-46dd-8464-dd74933c4739: receive RaftClientReply:client-D9B31DDCE961->18b22b39-7551-46dd-8464-dd74933c4739@group-597320EF17B3, cid=3035, SUCCESS, logIndex=0, commits[18b22b39-7551-46dd-8464-dd74933c4739:c4489, 76d6a15c-8eeb-4764-b555-ce8767d18d57:c4487, c90dcfdf-5973-4b56-a955-1fc4555f10cb:c4487]
2019-09-19 11:26:52,761 [grpc-default-executor-5] INFO  client.GrpcClientProtocolClient (GrpcClientProtocolClient.java:onNext(264)) - client-D9B31DDCE961->18b22b39-7551-46dd-8464-dd74933c4739: receive RaftClientReply:client-D9B31DDCE961->18b22b39-7551-46dd-8464-dd74933c4739@group-597320EF17B3, cid=3036, SUCCESS, logIndex=4490, commits[18b22b39-7551-46dd-8464-dd74933c4739:c4492, 76d6a15c-8eeb-4764-b555-ce8767d18d57:c4489, c90dcfdf-5973-4b56-a955-1fc4555f10cb:c4489]
2019-09-19 11:26:52,762 [grpc-default-executor-5] INFO  client.GrpcClientProtocolClient (GrpcClientProtocolClient.java:onNext(264)) - client-D9B31DDCE961->18b22b39-7551-46dd-8464-dd74933c4739: receive RaftClientReply:client-D9B31DDCE961->18b22b39-7551-46dd-8464-dd74933c4739@group-597320EF17B3, cid=3037, SUCCESS, logIndex=4491, commits[18b22b39-7551-46dd-8464-dd74933c4739:c4493, 76d6a15c-8eeb-4764-b555-ce8767d18d57:c4489, c90dcfdf-5973-4b56-a955-1fc4555f10cb:c4489]
2019-09-19 11:26:52,762 [grpc-default-executor-5] INFO  client.GrpcClientProtocolClient (GrpcClientProtocolClient.java:onNext(264)) - client-D9B31DDCE961->18b22b39-7551-46dd-8464-dd74933c4739: receive RaftClientReply:client-D9B31DDCE961->18b22b39-7551-46dd-8464-dd74933c4739@group-597320EF17B3, cid=3038, SUCCESS, logIndex=4492, commits[18b22b39-7551-46dd-8464-dd74933c4739:c4493, 76d6a15c-8eeb-4764-b555-ce8767d18d57:c4489, c90dcfdf-5973-4b56-a955-1fc4555f10cb:c4489]
2019-09-19 11:26:52,762 [grpc-default-executor-5] INFO  client.GrpcClientProtocolClient (GrpcClientProtocolClient.java:onNext(264)) - client-D9B31DDCE961->18b22b39-7551-46dd-8464-dd74933c4739: receive RaftClientReply:client-D9B31DDCE961->18b22b39-7551-46dd-8464-dd74933c4739@group-597320EF17B3, cid=3039, SUCCESS, logIndex=4493, commits[18b22b39-7551-46dd-8464-dd74933c4739:c4493, 76d6a15c-8eeb-4764-b555-ce8767d18d57:c4489, c90dcfdf-5973-4b56-a955-1fc4555f10cb:c4489]
2019-09-19 11:26:52,764 [grpc-default-executor-5] INFO  client.GrpcClientProtocolClient (GrpcClientProtocolClient.java:onNext(264)) - client-D9B31DDCE961->18b22b39-7551-46dd-8464-dd74933c4739: receive RaftClientReply:client-D9B31DDCE961->18b22b39-7551-46dd-8464-dd74933c4739@group-597320EF17B3, cid=3040, SUCCESS, logIndex=0, commits[18b22b39-7551-46dd-8464-dd74933c4739:c4496, 76d6a15c-8eeb-4764-b555-ce8767d18d57:c4493, c90dcfdf-5973-4b56-a955-1fc4555f10cb:c4491]
2019-09-19 11:26:52,782 [grpc-default-executor-3] INFO  client.GrpcClientProtocolClient (GrpcClientProtocolClient.java:onNext(264)) - client-D9B31DDCE961->18b22b39-7551-46dd-8464-dd74933c4739: receive RaftClientReply:client-D9B31DDCE961->18b22b39-7551-46dd-8464-dd74933c4739@group-597320EF17B3, cid=3041, SUCCESS, logIndex=4498, commits[18b22b39-7551-46dd-8464-dd74933c4739:c4498, 76d6a15c-8eeb-4764-b555-ce8767d18d57:c4497, c90dcfdf-5973-4b56-a955-1fc4555f10cb:c4497]
2019-09-19 11:26:52,782 [grpc-default-executor-3] INFO  client.GrpcClientProtocolClient (GrpcClientProtocolClient.java:onNext(264)) - client-D9B31DDCE961->18b22b39-7551-46dd-8464-dd74933c4739: receive RaftClientReply:client-D9B31DDCE961->18b22b39-7551-46dd-8464-dd74933c4739@group-597320EF17B3, cid=3042, SUCCESS, logIndex=4499, commits[18b22b39-7551-46dd-8464-dd74933c4739:c4499, 76d6a15c-8eeb-4764-b555-ce8767d18d57:c4497, c90dcfdf-5973-4b56-a955-1fc4555f10cb:c4497]
2019-09-19 11:26:52,795 [grpc-default-executor-1] INFO  client.GrpcClientProtocolClient (GrpcClientProtocolClient.java:onNext(264)) - client-D9B31DDCE961->18b22b39-7551-46dd-8464-dd74933c4739: receive RaftClientReply:client-D9B31DDCE961->18b22b39-7551-46dd-8464-dd74933c4739@group-597320EF17B3, cid=3043, SUCCESS, logIndex=4502, commits[18b22b39-7551-46dd-8464-dd74933c4739:c4502, 76d6a15c-8eeb-4764-b555-ce8767d18d57:c4499, c90dcfdf-5973-4b56-a955-1fc4555f10cb:c4499]
2019-09-19 11:26:52,795 [grpc-default-executor-1] INFO  client.GrpcClientProtocolClient (GrpcClientProtocolClient.java:onNext(264)) - client-D9B31DDCE961->18b22b39-7551-46dd-8464-dd74933c4739: receive RaftClientReply:client-D9B31DDCE961->18b22b39-7551-46dd-8464-dd74933c4739@group-597320EF17B3, cid=3044, SUCCESS, logIndex=4503, commits[18b22b39-7551-46dd-8464-dd74933c4739:c4503, 76d6a15c-8eeb-4764-b555-ce8767d18d57:c4499, c90dcfdf-5973-4b56-a955-1fc4555f10cb:c4499]
2019-09-19 11:26:52,808 [grpc-default-executor-7] INFO  client.GrpcClientProtocolClient (GrpcClientProtocolClient.java:onNext(264)) - client-D9B31DDCE961->18b22b39-7551-46dd-8464-dd74933c4739: receive RaftClientReply:client-D9B31DDCE961->18b22b39-7551-46dd-8464-dd74933c4739@group-597320EF17B3, cid=3045, SUCCESS, logIndex=0, commits[18b22b39-7551-46dd-8464-dd74933c4739:c4505, 76d6a15c-8eeb-4764-b555-ce8767d18d57:c4503, c90dcfdf-5973-4b56-a955-1fc4555f10cb:c4503]
 0.00% |█                                                                                                    |  0/1 Time: 0:00:562019-09-19 11:26:52,835 [grpc-default-executor-1] INFO  client.GrpcClientProtocolClient (GrpcClientProtocolClient.java:onNext(264)) - client-D9B31DDCE961->18b22b39-7551-46dd-8464-dd74933c4739: receive RaftClientReply:client-D9B31DDCE961->18b22b39-7551-46dd-8464-dd74933c4739@group-597320EF17B3, cid=3046, SUCCESS, logIndex=4506, commits[18b22b39-7551-46dd-8464-dd74933c4739:c4507, 76d6a15c-8eeb-4764-b555-ce8767d18d57:c4505, c90dcfdf-5973-4b56-a955-1fc4555f10cb:c4505]
2019-09-19 11:26:52,835 [grpc-default-executor-1] INFO  client.GrpcClientProtocolClient (GrpcClientProtocolClient.java:onNext(264)) - client-D9B31DDCE961->18b22b39-7551-46dd-8464-dd74933c4739: receive RaftClientReply:client-D9B31DDCE961->18b22b39-7551-46dd-8464-dd74933c4739@group-597320EF17B3, cid=3047, SUCCESS, logIndex=4507, commits[18b22b39-7551-46dd-8464-dd74933c4739:c4507, 76d6a15c-8eeb-4764-b555-ce8767d18d57:c4505, c90dcfdf-5973-4b56-a955-1fc4555f10cb:c4505]
2019-09-19 11:26:52,836 [grpc-default-executor-1] INFO  client.GrpcClientProtocolClient (GrpcClientProtocolClient.java:onNext(264)) - client-D9B31DDCE961->18b22b39-7551-46dd-8464-dd74933c4739: receive RaftClientReply:client-D9B31DDCE961->18b22b39-7551-46dd-8464-dd74933c4739@group-597320EF17B3, cid=3048, SUCCESS, logIndex=4508, commits[18b22b39-7551-46dd-8464-dd74933c4739:c4508, 76d6a15c-8eeb-4764-b555-ce8767d18d57:c4505, c90dcfdf-5973-4b56-a955-1fc4555f10cb:c4505]
2019-09-19 11:26:52,836 [grpc-default-executor-1] INFO  client.GrpcClientProtocolClient (GrpcClientProtocolClient.java:onNext(264)) - client-D9B31DDCE961->18b22b39-7551-46dd-8464-dd74933c4739: receive RaftClientReply:client-D9B31DDCE961->18b22b39-7551-46dd-8464-dd74933c4739@group-597320EF17B3, cid=3049, SUCCESS, logIndex=4509, commits[18b22b39-7551-46dd-8464-dd74933c4739:c4509, 76d6a15c-8eeb-4764-b555-ce8767d18d57:c4505, c90dcfdf-5973-4b56-a955-1fc4555f10cb:c4505]
2019-09-19 11:26:52,837 [grpc-default-executor-1] INFO  client.GrpcClientProtocolClient (GrpcClientProtocolClient.java:onNext(264)) - client-D9B31DDCE961->18b22b39-7551-46dd-8464-dd74933c4739: receive RaftClientReply:client-D9B31DDCE961->18b22b39-7551-46dd-8464-dd74933c4739@group-597320EF17B3, cid=3050, SUCCESS, logIndex=0, commits[18b22b39-7551-46dd-8464-dd74933c4739:c4511, 76d6a15c-8eeb-4764-b555-ce8767d18d57:c4507, c90dcfdf-5973-4b56-a955-1fc4555f10cb:c4507]
2019-09-19 11:26:52,856 [grpc-default-executor-7] INFO  client.GrpcClientProtocolClient (GrpcClientProtocolClient.java:onNext(264)) - client-D9B31DDCE961->18b22b39-7551-46dd-8464-dd74933c4739: receive RaftClientReply:client-D9B31DDCE961->18b22b39-7551-46dd-8464-dd74933c4739@group-597320EF17B3, cid=3051, SUCCESS, logIndex=4514, commits[18b22b39-7551-46dd-8464-dd74933c4739:c4515, 76d6a15c-8eeb-4764-b555-ce8767d18d57:c4513, c90dcfdf-5973-4b56-a955-1fc4555f10cb:c4513]
2019-09-19 11:26:52,856 [grpc-default-executor-7] INFO  client.GrpcClientProtocolClient (GrpcClientProtocolClient.java:onNext(264)) - client-D9B31DDCE961->18b22b39-7551-46dd-8464-dd74933c4739: receive RaftClientReply:client-D9B31DDCE961->18b22b39-7551-46dd-8464-dd74933c4739@group-597320EF17B3, cid=3052, SUCCESS, logIndex=4515, commits[18b22b39-7551-46dd-8464-dd74933c4739:c4515, 76d6a15c-8eeb-4764-b555-ce8767d18d57:c4513, c90dcfdf-5973-4b56-a955-1fc4555f10cb:c4513]
2019-09-19 11:26:53,736 [grpc-default-executor-7] INFO  client.GrpcClientProtocolClient (GrpcClientProtocolClient.java:onNext(264)) - client-D9B31DDCE961->18b22b39-7551-46dd-8464-dd74933c4739: receive RaftClientReply:client-D9B31DDCE961->18b22b39-7551-46dd-8464-dd74933c4739@group-597320EF17B3, cid=3053, SUCCESS, logIndex=4518, commits[18b22b39-7551-46dd-8464-dd74933c4739:c4519, 76d6a15c-8eeb-4764-b555-ce8767d18d57:c4517, c90dcfdf-5973-4b56-a955-1fc4555f10cb:c4517]
2019-09-19 11:26:53,736 [grpc-default-executor-7] INFO  client.GrpcClientProtocolClient (GrpcClientProtocolClient.java:onNext(264)) - client-D9B31DDCE961->18b22b39-7551-46dd-8464-dd74933c4739: receive RaftClientReply:client-D9B31DDCE961->18b22b39-7551-46dd-8464-dd74933c4739@group-597320EF17B3, cid=3054, SUCCESS, logIndex=4519, commits[18b22b39-7551-46dd-8464-dd74933c4739:c4519, 76d6a15c-8eeb-4764-b555-ce8767d18d57:c4517, c90dcfdf-5973-4b56-a955-1fc4555f10cb:c4517]
2019-09-19 11:26:53,747 [grpc-default-executor-1] INFO  client.GrpcClientProtocolClient (GrpcClientProtocolClient.java:onNext(264)) - client-D9B31DDCE961->18b22b39-7551-46dd-8464-dd74933c4739: receive RaftClientReply:client-D9B31DDCE961->18b22b39-7551-46dd-8464-dd74933c4739@group-597320EF17B3, cid=3055, SUCCESS, logIndex=0, commits[18b22b39-7551-46dd-8464-dd74933c4739:c4520, 76d6a15c-8eeb-4764-b555-ce8767d18d57:c4519, c90dcfdf-5973-4b56-a955-1fc4555f10cb:c4519]
2019-09-19 11:26:53,779 [grpc-default-executor-7] INFO  client.GrpcClientProtocolClient (GrpcClientProtocolClient.java:onNext(264)) - client-D9B31DDCE961->18b22b39-7551-46dd-8464-dd74933c4739: receive RaftClientReply:client-D9B31DDCE961->18b22b39-7551-46dd-8464-dd74933c4739@group-597320EF17B3, cid=3056, SUCCESS, logIndex=4521, commits[18b22b39-7551-46dd-8464-dd74933c4739:c4523, 76d6a15c-8eeb-4764-b555-ce8767d18d57:c4520, c90dcfdf-5973-4b56-a955-1fc4555f10cb:c4520]
2019-09-19 11:26:53,780 [grpc-default-executor-7] INFO  client.GrpcClientProtocolClient (GrpcClientProtocolClient.java:onNext(264)) - client-D9B31DDCE961->18b22b39-7551-46dd-8464-dd74933c4739: receive RaftClientReply:client-D9B31DDCE961->18b22b39-7551-46dd-8464-dd74933c4739@group-597320EF17B3, cid=3057, SUCCESS, logIndex=4522, commits[18b22b39-7551-46dd-8464-dd74933c4739:c4524, 76d6a15c-8eeb-4764-b555-ce8767d18d57:c4520, c90dcfdf-5973-4b56-a955-1fc4555f10cb:c4520]
2019-09-19 11:26:53,780 [grpc-default-executor-7] INFO  client.GrpcClientProtocolClient (GrpcClientProtocolClient.java:onNext(264)) - client-D9B31DDCE961->18b22b39-7551-46dd-8464-dd74933c4739: receive RaftClientReply:client-D9B31DDCE961->18b22b39-7551-46dd-8464-dd74933c4739@group-597320EF17B3, cid=3058, SUCCESS, logIndex=4523, commits[18b22b39-7551-46dd-8464-dd74933c4739:c4524, 76d6a15c-8eeb-4764-b555-ce8767d18d57:c4520, c90dcfdf-5973-4b56-a955-1fc4555f10cb:c4520]
2019-09-19 11:26:53,780 [grpc-default-executor-7] INFO  client.GrpcClientProtocolClient (GrpcClientProtocolClient.java:onNext(264)) - client-D9B31DDCE961->18b22b39-7551-46dd-8464-dd74933c4739: receive RaftClientReply:client-D9B31DDCE961->18b22b39-7551-46dd-8464-dd74933c4739@group-597320EF17B3, cid=3059, SUCCESS, logIndex=4524, commits[18b22b39-7551-46dd-8464-dd74933c4739:c4524, 76d6a15c-8eeb-4764-b555-ce8767d18d57:c4520, c90dcfdf-5973-4b56-a955-1fc4555f10cb:c4520]
2019-09-19 11:26:53,781 [grpc-default-executor-5] INFO  client.GrpcClientProtocolClient (GrpcClientProtocolClient.java:onNext(264)) - client-D9B31DDCE961->18b22b39-7551-46dd-8464-dd74933c4739: receive RaftClientReply:client-D9B31DDCE961->18b22b39-7551-46dd-8464-dd74933c4739@group-597320EF17B3, cid=3060, SUCCESS, logIndex=0, commits[18b22b39-7551-46dd-8464-dd74933c4739:c4527, 76d6a15c-8eeb-4764-b555-ce8767d18d57:c4524, c90dcfdf-5973-4b56-a955-1fc4555f10cb:c4522]
2019-09-19 11:26:53,799 [grpc-default-executor-1] INFO  client.GrpcClientProtocolClient (GrpcClientProtocolClient.java:onNext(264)) - client-D9B31DDCE961->18b22b39-7551-46dd-8464-dd74933c4739: receive RaftClientReply:client-D9B31DDCE961->18b22b39-7551-46dd-8464-dd74933c4739@group-597320EF17B3, cid=3061, SUCCESS, logIndex=4529, commits[18b22b39-7551-46dd-8464-dd74933c4739:c4530, 76d6a15c-8eeb-4764-b555-ce8767d18d57:c4528, c90dcfdf-5973-4b56-a955-1fc4555f10cb:c4528]
2019-09-19 11:26:53,799 [grpc-default-executor-1] INFO  client.GrpcClientProtocolClient (GrpcClientProtocolClient.java:onNext(264)) - client-D9B31DDCE961->18b22b39-7551-46dd-8464-dd74933c4739: receive RaftClientReply:client-D9B31DDCE961->18b22b39-7551-46dd-8464-dd74933c4739@group-597320EF17B3, cid=3062, SUCCESS, logIndex=4530, commits[18b22b39-7551-46dd-8464-dd74933c4739:c4530, 76d6a15c-8eeb-4764-b555-ce8767d18d57:c4528, c90dcfdf-5973-4b56-a955-1fc4555f10cb:c4528]
2019-09-19 11:26:53,812 [grpc-default-executor-7] INFO  client.GrpcClientProtocolClient (GrpcClientProtocolClient.java:onNext(264)) - client-D9B31DDCE961->18b22b39-7551-46dd-8464-dd74933c4739: receive RaftClientReply:client-D9B31DDCE961->18b22b39-7551-46dd-8464-dd74933c4739@group-597320EF17B3, cid=3063, SUCCESS, logIndex=4533, commits[18b22b39-7551-46dd-8464-dd74933c4739:c4533, 76d6a15c-8eeb-4764-b555-ce8767d18d57:c4530, c90dcfdf-5973-4b56-a955-1fc4555f10cb:c4530]
2019-09-19 11:26:53,812 [grpc-default-executor-7] INFO  client.GrpcClientProtocolClient (GrpcClientProtocolClient.java:onNext(264)) - client-D9B31DDCE961->18b22b39-7551-46dd-8464-dd74933c4739: receive RaftClientReply:client-D9B31DDCE961->18b22b39-7551-46dd-8464-dd74933c4739@group-597320EF17B3, cid=3064, SUCCESS, logIndex=4534, commits[18b22b39-7551-46dd-8464-dd74933c4739:c4534, 76d6a15c-8eeb-4764-b555-ce8767d18d57:c4530, c90dcfdf-5973-4b56-a955-1fc4555f10cb:c4530]
 0.00% |█                                                                                                    |  0/1 Time: 0:00:572019-09-19 11:26:53,825 [grpc-default-executor-1] INFO  client.GrpcClientProtocolClient (GrpcClientProtocolClient.java:onNext(264)) - client-D9B31DDCE961->18b22b39-7551-46dd-8464-dd74933c4739: receive RaftClientReply:client-D9B31DDCE961->18b22b39-7551-46dd-8464-dd74933c4739@group-597320EF17B3, cid=3065, SUCCESS, logIndex=0, commits[18b22b39-7551-46dd-8464-dd74933c4739:c4536, 76d6a15c-8eeb-4764-b555-ce8767d18d57:c4534, c90dcfdf-5973-4b56-a955-1fc4555f10cb:c4534]
2019-09-19 11:26:53,852 [grpc-default-executor-7] INFO  client.GrpcClientProtocolClient (GrpcClientProtocolClient.java:onNext(264)) - client-D9B31DDCE961->18b22b39-7551-46dd-8464-dd74933c4739: receive RaftClientReply:client-D9B31DDCE961->18b22b39-7551-46dd-8464-dd74933c4739@group-597320EF17B3, cid=3066, SUCCESS, logIndex=4537, commits[18b22b39-7551-46dd-8464-dd74933c4739:c4538, 76d6a15c-8eeb-4764-b555-ce8767d18d57:c4536, c90dcfdf-5973-4b56-a955-1fc4555f10cb:c4536]
2019-09-19 11:26:53,853 [grpc-default-executor-1] INFO  client.GrpcClientProtocolClient (GrpcClientProtocolClient.java:onNext(264)) - client-D9B31DDCE961->18b22b39-7551-46dd-8464-dd74933c4739: receive RaftClientReply:client-D9B31DDCE961->18b22b39-7551-46dd-8464-dd74933c4739@group-597320EF17B3, cid=3067, SUCCESS, logIndex=4538, commits[18b22b39-7551-46dd-8464-dd74933c4739:c4538, 76d6a15c-8eeb-4764-b555-ce8767d18d57:c4536, c90dcfdf-5973-4b56-a955-1fc4555f10cb:c4536]
2019-09-19 11:26:53,853 [grpc-default-executor-7] INFO  client.GrpcClientProtocolClient (GrpcClientProtocolClient.java:onNext(264)) - client-D9B31DDCE961->18b22b39-7551-46dd-8464-dd74933c4739: receive RaftClientReply:client-D9B31DDCE961->18b22b39-7551-46dd-8464-dd74933c4739@group-597320EF17B3, cid=3068, SUCCESS, logIndex=4539, commits[18b22b39-7551-46dd-8464-dd74933c4739:c4539, 76d6a15c-8eeb-4764-b555-ce8767d18d57:c4536, c90dcfdf-5973-4b56-a955-1fc4555f10cb:c4536]
2019-09-19 11:26:53,853 [grpc-default-executor-7] INFO  client.GrpcClientProtocolClient (GrpcClientProtocolClient.java:onNext(264)) - client-D9B31DDCE961->18b22b39-7551-46dd-8464-dd74933c4739: receive RaftClientReply:client-D9B31DDCE961->18b22b39-7551-46dd-8464-dd74933c4739@group-597320EF17B3, cid=3069, SUCCESS, logIndex=4540, commits[18b22b39-7551-46dd-8464-dd74933c4739:c4540, 76d6a15c-8eeb-4764-b555-ce8767d18d57:c4536, c90dcfdf-5973-4b56-a955-1fc4555f10cb:c4536]
2019-09-19 11:26:53,854 [grpc-default-executor-7] INFO  client.GrpcClientProtocolClient (GrpcClientProtocolClient.java:onNext(264)) - client-D9B31DDCE961->18b22b39-7551-46dd-8464-dd74933c4739: receive RaftClientReply:client-D9B31DDCE961->18b22b39-7551-46dd-8464-dd74933c4739@group-597320EF17B3, cid=3070, SUCCESS, logIndex=0, commits[18b22b39-7551-46dd-8464-dd74933c4739:c4542, 76d6a15c-8eeb-4764-b555-ce8767d18d57:c4538, c90dcfdf-5973-4b56-a955-1fc4555f10cb:c4538]
2019-09-19 11:26:53,873 [grpc-default-executor-3] INFO  client.GrpcClientProtocolClient (GrpcClientProtocolClient.java:onNext(264)) - client-D9B31DDCE961->18b22b39-7551-46dd-8464-dd74933c4739: receive RaftClientReply:client-D9B31DDCE961->18b22b39-7551-46dd-8464-dd74933c4739@group-597320EF17B3, cid=3071, SUCCESS, logIndex=4545, commits[18b22b39-7551-46dd-8464-dd74933c4739:c4546, 76d6a15c-8eeb-4764-b555-ce8767d18d57:c4544, c90dcfdf-5973-4b56-a955-1fc4555f10cb:c4544]
2019-09-19 11:26:53,873 [grpc-default-executor-3] INFO  client.GrpcClientProtocolClient (GrpcClientProtocolClient.java:onNext(264)) - client-D9B31DDCE961->18b22b39-7551-46dd-8464-dd74933c4739: receive RaftClientReply:client-D9B31DDCE961->18b22b39-7551-46dd-8464-dd74933c4739@group-597320EF17B3, cid=3072, SUCCESS, logIndex=4546, commits[18b22b39-7551-46dd-8464-dd74933c4739:c4546, 76d6a15c-8eeb-4764-b555-ce8767d18d57:c4544, c90dcfdf-5973-4b56-a955-1fc4555f10cb:c4544]
2019-09-19 11:26:53,891 [grpc-default-executor-7] INFO  client.GrpcClientProtocolClient (GrpcClientProtocolClient.java:onNext(264)) - client-D9B31DDCE961->18b22b39-7551-46dd-8464-dd74933c4739: receive RaftClientReply:client-D9B31DDCE961->18b22b39-7551-46dd-8464-dd74933c4739@group-597320EF17B3, cid=3073, SUCCESS, logIndex=4549, commits[18b22b39-7551-46dd-8464-dd74933c4739:c4550, 76d6a15c-8eeb-4764-b555-ce8767d18d57:c4548, c90dcfdf-5973-4b56-a955-1fc4555f10cb:c4548]
2019-09-19 11:26:53,891 [grpc-default-executor-7] INFO  client.GrpcClientProtocolClient (GrpcClientProtocolClient.java:onNext(264)) - client-D9B31DDCE961->18b22b39-7551-46dd-8464-dd74933c4739: receive RaftClientReply:client-D9B31DDCE961->18b22b39-7551-46dd-8464-dd74933c4739@group-597320EF17B3, cid=3074, SUCCESS, logIndex=4550, commits[18b22b39-7551-46dd-8464-dd74933c4739:c4550, 76d6a15c-8eeb-4764-b555-ce8767d18d57:c4548, c90dcfdf-5973-4b56-a955-1fc4555f10cb:c4548]
2019-09-19 11:26:53,904 [grpc-default-executor-1] INFO  client.GrpcClientProtocolClient (GrpcClientProtocolClient.java:onNext(264)) - client-D9B31DDCE961->18b22b39-7551-46dd-8464-dd74933c4739: receive RaftClientReply:client-D9B31DDCE961->18b22b39-7551-46dd-8464-dd74933c4739@group-597320EF17B3, cid=3075, SUCCESS, logIndex=0, commits[18b22b39-7551-46dd-8464-dd74933c4739:c4552, 76d6a15c-8eeb-4764-b555-ce8767d18d57:c4550, c90dcfdf-5973-4b56-a955-1fc4555f10cb:c4550]
2019-09-19 11:26:53,925 [grpc-default-executor-1] INFO  client.GrpcClientProtocolClient (GrpcClientProtocolClient.java:onNext(264)) - client-D9B31DDCE961->18b22b39-7551-46dd-8464-dd74933c4739: receive RaftClientReply:client-D9B31DDCE961->18b22b39-7551-46dd-8464-dd74933c4739@group-597320EF17B3, cid=3076, SUCCESS, logIndex=4553, commits[18b22b39-7551-46dd-8464-dd74933c4739:c4554, 76d6a15c-8eeb-4764-b555-ce8767d18d57:c4552, c90dcfdf-5973-4b56-a955-1fc4555f10cb:c4550]
2019-09-19 11:26:53,925 [grpc-default-executor-1] INFO  client.GrpcClientProtocolClient (GrpcClientProtocolClient.java:onNext(264)) - client-D9B31DDCE961->18b22b39-7551-46dd-8464-dd74933c4739: receive RaftClientReply:client-D9B31DDCE961->18b22b39-7551-46dd-8464-dd74933c4739@group-597320EF17B3, cid=3077, SUCCESS, logIndex=4554, commits[18b22b39-7551-46dd-8464-dd74933c4739:c4554, 76d6a15c-8eeb-4764-b555-ce8767d18d57:c4552, c90dcfdf-5973-4b56-a955-1fc4555f10cb:c4552]
2019-09-19 11:26:53,926 [grpc-default-executor-7] INFO  client.GrpcClientProtocolClient (GrpcClientProtocolClient.java:onNext(264)) - client-D9B31DDCE961->18b22b39-7551-46dd-8464-dd74933c4739: receive RaftClientReply:client-D9B31DDCE961->18b22b39-7551-46dd-8464-dd74933c4739@group-597320EF17B3, cid=3078, SUCCESS, logIndex=4555, commits[18b22b39-7551-46dd-8464-dd74933c4739:c4556, 76d6a15c-8eeb-4764-b555-ce8767d18d57:c4552, c90dcfdf-5973-4b56-a955-1fc4555f10cb:c4552]
2019-09-19 11:26:53,926 [grpc-default-executor-1] INFO  client.GrpcClientProtocolClient (GrpcClientProtocolClient.java:onNext(264)) - client-D9B31DDCE961->18b22b39-7551-46dd-8464-dd74933c4739: receive RaftClientReply:client-D9B31DDCE961->18b22b39-7551-46dd-8464-dd74933c4739@group-597320EF17B3, cid=3079, SUCCESS, logIndex=4556, commits[18b22b39-7551-46dd-8464-dd74933c4739:c4556, 76d6a15c-8eeb-4764-b555-ce8767d18d57:c4552, c90dcfdf-5973-4b56-a955-1fc4555f10cb:c4552]
2019-09-19 11:26:53,927 [grpc-default-executor-1] INFO  client.GrpcClientProtocolClient (GrpcClientProtocolClient.java:onNext(264)) - client-D9B31DDCE961->18b22b39-7551-46dd-8464-dd74933c4739: receive RaftClientReply:client-D9B31DDCE961->18b22b39-7551-46dd-8464-dd74933c4739@group-597320EF17B3, cid=3080, SUCCESS, logIndex=0, commits[18b22b39-7551-46dd-8464-dd74933c4739:c4558, 76d6a15c-8eeb-4764-b555-ce8767d18d57:c4554, c90dcfdf-5973-4b56-a955-1fc4555f10cb:c4554]
2019-09-19 11:26:53,937 [grpc-default-executor-1] INFO  client.GrpcClientProtocolClient (GrpcClientProtocolClient.java:onNext(264)) - client-D9B31DDCE961->18b22b39-7551-46dd-8464-dd74933c4739: receive RaftClientReply:client-D9B31DDCE961->18b22b39-7551-46dd-8464-dd74933c4739@group-597320EF17B3, cid=3081, SUCCESS, logIndex=4561, commits[18b22b39-7551-46dd-8464-dd74933c4739:c4562, 76d6a15c-8eeb-4764-b555-ce8767d18d57:c4560, c90dcfdf-5973-4b56-a955-1fc4555f10cb:c4556]
2019-09-19 11:26:53,937 [grpc-default-executor-1] INFO  client.GrpcClientProtocolClient (GrpcClientProtocolClient.java:onNext(264)) - client-D9B31DDCE961->18b22b39-7551-46dd-8464-dd74933c4739: receive RaftClientReply:client-D9B31DDCE961->18b22b39-7551-46dd-8464-dd74933c4739@group-597320EF17B3, cid=3082, SUCCESS, logIndex=4562, commits[18b22b39-7551-46dd-8464-dd74933c4739:c4562, 76d6a15c-8eeb-4764-b555-ce8767d18d57:c4560, c90dcfdf-5973-4b56-a955-1fc4555f10cb:c4560]
2019-09-19 11:26:53,948 [grpc-default-executor-7] INFO  client.GrpcClientProtocolClient (GrpcClientProtocolClient.java:onNext(264)) - client-D9B31DDCE961->18b22b39-7551-46dd-8464-dd74933c4739: receive RaftClientReply:client-D9B31DDCE961->18b22b39-7551-46dd-8464-dd74933c4739@group-597320EF17B3, cid=3083, SUCCESS, logIndex=4565, commits[18b22b39-7551-46dd-8464-dd74933c4739:c4566, 76d6a15c-8eeb-4764-b555-ce8767d18d57:c4562, c90dcfdf-5973-4b56-a955-1fc4555f10cb:c4564]
2019-09-19 11:26:53,948 [grpc-default-executor-7] INFO  client.GrpcClientProtocolClient (GrpcClientProtocolClient.java:onNext(264)) - client-D9B31DDCE961->18b22b39-7551-46dd-8464-dd74933c4739: receive RaftClientReply:client-D9B31DDCE961->18b22b39-7551-46dd-8464-dd74933c4739@group-597320EF17B3, cid=3084, SUCCESS, logIndex=4566, commits[18b22b39-7551-46dd-8464-dd74933c4739:c4566, 76d6a15c-8eeb-4764-b555-ce8767d18d57:c4562, c90dcfdf-5973-4b56-a955-1fc4555f10cb:c4564]
2019-09-19 11:26:53,949 [grpc-default-executor-1] INFO  client.GrpcClientProtocolClient (GrpcClientProtocolClient.java:onNext(264)) - client-D9B31DDCE961->18b22b39-7551-46dd-8464-dd74933c4739: receive RaftClientReply:client-D9B31DDCE961->18b22b39-7551-46dd-8464-dd74933c4739@group-597320EF17B3, cid=3085, SUCCESS, logIndex=0, commits[18b22b39-7551-46dd-8464-dd74933c4739:c4567, 76d6a15c-8eeb-4764-b555-ce8767d18d57:c4566, c90dcfdf-5973-4b56-a955-1fc4555f10cb:c4566]
2019-09-19 11:26:53,982 [grpc-default-executor-7] INFO  client.GrpcClientProtocolClient (GrpcClientProtocolClient.java:onNext(264)) - client-D9B31DDCE961->18b22b39-7551-46dd-8464-dd74933c4739: receive RaftClientReply:client-D9B31DDCE961->18b22b39-7551-46dd-8464-dd74933c4739@group-597320EF17B3, cid=3086, SUCCESS, logIndex=4569, commits[18b22b39-7551-46dd-8464-dd74933c4739:c4570, 76d6a15c-8eeb-4764-b555-ce8767d18d57:c4568, c90dcfdf-5973-4b56-a955-1fc4555f10cb:c4568]
2019-09-19 11:26:53,982 [grpc-default-executor-7] INFO  client.GrpcClientProtocolClient (GrpcClientProtocolClient.java:onNext(264)) - client-D9B31DDCE961->18b22b39-7551-46dd-8464-dd74933c4739: receive RaftClientReply:client-D9B31DDCE961->18b22b39-7551-46dd-8464-dd74933c4739@group-597320EF17B3, cid=3087, SUCCESS, logIndex=4570, commits[18b22b39-7551-46dd-8464-dd74933c4739:c4572, 76d6a15c-8eeb-4764-b555-ce8767d18d57:c4568, c90dcfdf-5973-4b56-a955-1fc4555f10cb:c4568]
2019-09-19 11:26:53,982 [grpc-default-executor-7] INFO  client.GrpcClientProtocolClient (GrpcClientProtocolClient.java:onNext(264)) - client-D9B31DDCE961->18b22b39-7551-46dd-8464-dd74933c4739: receive RaftClientReply:client-D9B31DDCE961->18b22b39-7551-46dd-8464-dd74933c4739@group-597320EF17B3, cid=3088, SUCCESS, logIndex=4571, commits[18b22b39-7551-46dd-8464-dd74933c4739:c4572, 76d6a15c-8eeb-4764-b555-ce8767d18d57:c4568, c90dcfdf-5973-4b56-a955-1fc4555f10cb:c4568]
2019-09-19 11:26:53,983 [grpc-default-executor-7] INFO  client.GrpcClientProtocolClient (GrpcClientProtocolClient.java:onNext(264)) - client-D9B31DDCE961->18b22b39-7551-46dd-8464-dd74933c4739: receive RaftClientReply:client-D9B31DDCE961->18b22b39-7551-46dd-8464-dd74933c4739@group-597320EF17B3, cid=3089, SUCCESS, logIndex=4572, commits[18b22b39-7551-46dd-8464-dd74933c4739:c4572, 76d6a15c-8eeb-4764-b555-ce8767d18d57:c4568, c90dcfdf-5973-4b56-a955-1fc4555f10cb:c4568]
2019-09-19 11:26:53,995 [grpc-default-executor-7] INFO  client.GrpcClientProtocolClient (GrpcClientProtocolClient.java:onNext(264)) - client-D9B31DDCE961->18b22b39-7551-46dd-8464-dd74933c4739: receive RaftClientReply:client-D9B31DDCE961->18b22b39-7551-46dd-8464-dd74933c4739@group-597320EF17B3, cid=3090, SUCCESS, logIndex=0, commits[18b22b39-7551-46dd-8464-dd74933c4739:c4574, 76d6a15c-8eeb-4764-b555-ce8767d18d57:c4570, c90dcfdf-5973-4b56-a955-1fc4555f10cb:c4570]
2019-09-19 11:26:54,018 [grpc-default-executor-3] INFO  client.GrpcClientProtocolClient (GrpcClientProtocolClient.java:onNext(264)) - client-D9B31DDCE961->18b22b39-7551-46dd-8464-dd74933c4739: receive RaftClientReply:client-D9B31DDCE961->18b22b39-7551-46dd-8464-dd74933c4739@group-597320EF17B3, cid=3091, SUCCESS, logIndex=4577, commits[18b22b39-7551-46dd-8464-dd74933c4739:c4578, 76d6a15c-8eeb-4764-b555-ce8767d18d57:c4576, c90dcfdf-5973-4b56-a955-1fc4555f10cb:c4576]
2019-09-19 11:26:54,018 [grpc-default-executor-3] INFO  client.GrpcClientProtocolClient (GrpcClientProtocolClient.java:onNext(264)) - client-D9B31DDCE961->18b22b39-7551-46dd-8464-dd74933c4739: receive RaftClientReply:client-D9B31DDCE961->18b22b39-7551-46dd-8464-dd74933c4739@group-597320EF17B3, cid=3092, SUCCESS, logIndex=4578, commits[18b22b39-7551-46dd-8464-dd74933c4739:c4578, 76d6a15c-8eeb-4764-b555-ce8767d18d57:c4576, c90dcfdf-5973-4b56-a955-1fc4555f10cb:c4576]
2019-09-19 11:26:54,031 [grpc-default-executor-7] INFO  client.GrpcClientProtocolClient (GrpcClientProtocolClient.java:onNext(264)) - client-D9B31DDCE961->18b22b39-7551-46dd-8464-dd74933c4739: receive RaftClientReply:client-D9B31DDCE961->18b22b39-7551-46dd-8464-dd74933c4739@group-597320EF17B3, cid=3093, SUCCESS, logIndex=4581, commits[18b22b39-7551-46dd-8464-dd74933c4739:c4582, 76d6a15c-8eeb-4764-b555-ce8767d18d57:c4578, c90dcfdf-5973-4b56-a955-1fc4555f10cb:c4578]
2019-09-19 11:26:54,031 [grpc-default-executor-7] INFO  client.GrpcClientProtocolClient (GrpcClientProtocolClient.java:onNext(264)) - client-D9B31DDCE961->18b22b39-7551-46dd-8464-dd74933c4739: receive RaftClientReply:client-D9B31DDCE961->18b22b39-7551-46dd-8464-dd74933c4739@group-597320EF17B3, cid=3094, SUCCESS, logIndex=4582, commits[18b22b39-7551-46dd-8464-dd74933c4739:c4582, 76d6a15c-8eeb-4764-b555-ce8767d18d57:c4578, c90dcfdf-5973-4b56-a955-1fc4555f10cb:c4578]
2019-09-19 11:26:54,044 [grpc-default-executor-3] INFO  client.GrpcClientProtocolClient (GrpcClientProtocolClient.java:onNext(264)) - client-D9B31DDCE961->18b22b39-7551-46dd-8464-dd74933c4739: receive RaftClientReply:client-D9B31DDCE961->18b22b39-7551-46dd-8464-dd74933c4739@group-597320EF17B3, cid=3095, SUCCESS, logIndex=0, commits[18b22b39-7551-46dd-8464-dd74933c4739:c4584, 76d6a15c-8eeb-4764-b555-ce8767d18d57:c4582, c90dcfdf-5973-4b56-a955-1fc4555f10cb:c4582]
2019-09-19 11:26:54,072 [grpc-default-executor-1] INFO  client.GrpcClientProtocolClient (GrpcClientProtocolClient.java:onNext(264)) - client-D9B31DDCE961->18b22b39-7551-46dd-8464-dd74933c4739: receive RaftClientReply:client-D9B31DDCE961->18b22b39-7551-46dd-8464-dd74933c4739@group-597320EF17B3, cid=3096, SUCCESS, logIndex=4585, commits[18b22b39-7551-46dd-8464-dd74933c4739:c4586, 76d6a15c-8eeb-4764-b555-ce8767d18d57:c4584, c90dcfdf-5973-4b56-a955-1fc4555f10cb:c4584]
2019-09-19 11:26:54,073 [grpc-default-executor-1] INFO  client.GrpcClientProtocolClient (GrpcClientProtocolClient.java:onNext(264)) - client-D9B31DDCE961->18b22b39-7551-46dd-8464-dd74933c4739: receive RaftClientReply:client-D9B31DDCE961->18b22b39-7551-46dd-8464-dd74933c4739@group-597320EF17B3, cid=3097, SUCCESS, logIndex=4586, commits[18b22b39-7551-46dd-8464-dd74933c4739:c4588, 76d6a15c-8eeb-4764-b555-ce8767d18d57:c4584, c90dcfdf-5973-4b56-a955-1fc4555f10cb:c4584]
2019-09-19 11:26:54,073 [grpc-default-executor-1] INFO  client.GrpcClientProtocolClient (GrpcClientProtocolClient.java:onNext(264)) - client-D9B31DDCE961->18b22b39-7551-46dd-8464-dd74933c4739: receive RaftClientReply:client-D9B31DDCE961->18b22b39-7551-46dd-8464-dd74933c4739@group-597320EF17B3, cid=3098, SUCCESS, logIndex=4587, commits[18b22b39-7551-46dd-8464-dd74933c4739:c4588, 76d6a15c-8eeb-4764-b555-ce8767d18d57:c4584, c90dcfdf-5973-4b56-a955-1fc4555f10cb:c4584]
2019-09-19 11:26:54,073 [grpc-default-executor-1] INFO  client.GrpcClientProtocolClient (GrpcClientProtocolClient.java:onNext(264)) - client-D9B31DDCE961->18b22b39-7551-46dd-8464-dd74933c4739: receive RaftClientReply:client-D9B31DDCE961->18b22b39-7551-46dd-8464-dd74933c4739@group-597320EF17B3, cid=3099, SUCCESS, logIndex=4588, commits[18b22b39-7551-46dd-8464-dd74933c4739:c4588, 76d6a15c-8eeb-4764-b555-ce8767d18d57:c4584, c90dcfdf-5973-4b56-a955-1fc4555f10cb:c4584]
2019-09-19 11:26:54,074 [grpc-default-executor-1] INFO  client.GrpcClientProtocolClient (GrpcClientProtocolClient.java:onNext(264)) - client-D9B31DDCE961->18b22b39-7551-46dd-8464-dd74933c4739: receive RaftClientReply:client-D9B31DDCE961->18b22b39-7551-46dd-8464-dd74933c4739@group-597320EF17B3, cid=3100, SUCCESS, logIndex=0, commits[18b22b39-7551-46dd-8464-dd74933c4739:c4591, 76d6a15c-8eeb-4764-b555-ce8767d18d57:c4588, c90dcfdf-5973-4b56-a955-1fc4555f10cb:c4586]
2019-09-19 11:26:54,092 [grpc-default-executor-7] INFO  client.GrpcClientProtocolClient (GrpcClientProtocolClient.java:onNext(264)) - client-D9B31DDCE961->18b22b39-7551-46dd-8464-dd74933c4739: receive RaftClientReply:client-D9B31DDCE961->18b22b39-7551-46dd-8464-dd74933c4739@group-597320EF17B3, cid=3101, SUCCESS, logIndex=4592, commits[18b22b39-7551-46dd-8464-dd74933c4739:c4593, 76d6a15c-8eeb-4764-b555-ce8767d18d57:c4591, c90dcfdf-5973-4b56-a955-1fc4555f10cb:c4591]
2019-09-19 11:26:54,093 [grpc-default-executor-7] INFO  client.GrpcClientProtocolClient (GrpcClientProtocolClient.java:onNext(264)) - client-D9B31DDCE961->18b22b39-7551-46dd-8464-dd74933c4739: receive RaftClientReply:client-D9B31DDCE961->18b22b39-7551-46dd-8464-dd74933c4739@group-597320EF17B3, cid=3102, SUCCESS, logIndex=4593, commits[18b22b39-7551-46dd-8464-dd74933c4739:c4593, 76d6a15c-8eeb-4764-b555-ce8767d18d57:c4591, c90dcfdf-5973-4b56-a955-1fc4555f10cb:c4591]
2019-09-19 11:26:54,106 [grpc-default-executor-1] INFO  client.GrpcClientProtocolClient (GrpcClientProtocolClient.java:onNext(264)) - client-D9B31DDCE961->18b22b39-7551-46dd-8464-dd74933c4739: receive RaftClientReply:client-D9B31DDCE961->18b22b39-7551-46dd-8464-dd74933c4739@group-597320EF17B3, cid=3103, SUCCESS, logIndex=4596, commits[18b22b39-7551-46dd-8464-dd74933c4739:c4597, 76d6a15c-8eeb-4764-b555-ce8767d18d57:c4593, c90dcfdf-5973-4b56-a955-1fc4555f10cb:c4593]
2019-09-19 11:26:54,106 [grpc-default-executor-1] INFO  client.GrpcClientProtocolClient (GrpcClientProtocolClient.java:onNext(264)) - client-D9B31DDCE961->18b22b39-7551-46dd-8464-dd74933c4739: receive RaftClientReply:client-D9B31DDCE961->18b22b39-7551-46dd-8464-dd74933c4739@group-597320EF17B3, cid=3104, SUCCESS, logIndex=4597, commits[18b22b39-7551-46dd-8464-dd74933c4739:c4597, 76d6a15c-8eeb-4764-b555-ce8767d18d57:c4593, c90dcfdf-5973-4b56-a955-1fc4555f10cb:c4593]
2019-09-19 11:26:54,117 [grpc-default-executor-1] INFO  client.GrpcClientProtocolClient (GrpcClientProtocolClient.java:onNext(264)) - client-D9B31DDCE961->18b22b39-7551-46dd-8464-dd74933c4739: receive RaftClientReply:client-D9B31DDCE961->18b22b39-7551-46dd-8464-dd74933c4739@group-597320EF17B3, cid=3105, SUCCESS, logIndex=0, commits[18b22b39-7551-46dd-8464-dd74933c4739:c4598, 76d6a15c-8eeb-4764-b555-ce8767d18d57:c4597, c90dcfdf-5973-4b56-a955-1fc4555f10cb:c4597]
2019-09-19 11:26:54,144 [grpc-default-executor-3] INFO  client.GrpcClientProtocolClient (GrpcClientProtocolClient.java:onNext(264)) - client-D9B31DDCE961->18b22b39-7551-46dd-8464-dd74933c4739: receive RaftClientReply:client-D9B31DDCE961->18b22b39-7551-46dd-8464-dd74933c4739@group-597320EF17B3, cid=3106, SUCCESS, logIndex=4600, commits[18b22b39-7551-46dd-8464-dd74933c4739:c4600, 76d6a15c-8eeb-4764-b555-ce8767d18d57:c4599, c90dcfdf-5973-4b56-a955-1fc4555f10cb:c4599]
2019-09-19 11:26:54,145 [grpc-default-executor-3] INFO  client.GrpcClientProtocolClient (GrpcClientProtocolClient.java:onNext(264)) - client-D9B31DDCE961->18b22b39-7551-46dd-8464-dd74933c4739: receive RaftClientReply:client-D9B31DDCE961->18b22b39-7551-46dd-8464-dd74933c4739@group-597320EF17B3, cid=3107, SUCCESS, logIndex=4601, commits[18b22b39-7551-46dd-8464-dd74933c4739:c4601, 76d6a15c-8eeb-4764-b555-ce8767d18d57:c4599, c90dcfdf-5973-4b56-a955-1fc4555f10cb:c4599]
2019-09-19 11:26:54,145 [grpc-default-executor-7] INFO  client.GrpcClientProtocolClient (GrpcClientProtocolClient.java:onNext(264)) - client-D9B31DDCE961->18b22b39-7551-46dd-8464-dd74933c4739: receive RaftClientReply:client-D9B31DDCE961->18b22b39-7551-46dd-8464-dd74933c4739@group-597320EF17B3, cid=3108, SUCCESS, logIndex=4602, commits[18b22b39-7551-46dd-8464-dd74933c4739:c4602, 76d6a15c-8eeb-4764-b555-ce8767d18d57:c4599, c90dcfdf-5973-4b56-a955-1fc4555f10cb:c4599]
2019-09-19 11:26:54,147 [grpc-default-executor-1] INFO  client.GrpcClientProtocolClient (GrpcClientProtocolClient.java:onNext(264)) - client-D9B31DDCE961->18b22b39-7551-46dd-8464-dd74933c4739: receive RaftClientReply:client-D9B31DDCE961->18b22b39-7551-46dd-8464-dd74933c4739@group-597320EF17B3, cid=3109, SUCCESS, logIndex=4603, commits[18b22b39-7551-46dd-8464-dd74933c4739:c4605, 76d6a15c-8eeb-4764-b555-ce8767d18d57:c4601, c90dcfdf-5973-4b56-a955-1fc4555f10cb:c4600]
2019-09-19 11:26:54,148 [grpc-default-executor-1] INFO  client.GrpcClientProtocolClient (GrpcClientProtocolClient.java:onNext(264)) - client-D9B31DDCE961->18b22b39-7551-46dd-8464-dd74933c4739: receive RaftClientReply:client-D9B31DDCE961->18b22b39-7551-46dd-8464-dd74933c4739@group-597320EF17B3, cid=3110, SUCCESS, logIndex=0, commits[18b22b39-7551-46dd-8464-dd74933c4739:c4606, 76d6a15c-8eeb-4764-b555-ce8767d18d57:c4602, c90dcfdf-5973-4b56-a955-1fc4555f10cb:c4601]
2019-09-19 11:26:54,165 [grpc-default-executor-3] INFO  client.GrpcClientProtocolClient (GrpcClientProtocolClient.java:onNext(264)) - client-D9B31DDCE961->18b22b39-7551-46dd-8464-dd74933c4739: receive RaftClientReply:client-D9B31DDCE961->18b22b39-7551-46dd-8464-dd74933c4739@group-597320EF17B3, cid=3111, SUCCESS, logIndex=4608, commits[18b22b39-7551-46dd-8464-dd74933c4739:c4609, 76d6a15c-8eeb-4764-b555-ce8767d18d57:c4607, c90dcfdf-5973-4b56-a955-1fc4555f10cb:c4607]
2019-09-19 11:26:54,166 [grpc-default-executor-3] INFO  client.GrpcClientProtocolClient (GrpcClientProtocolClient.java:onNext(264)) - client-D9B31DDCE961->18b22b39-7551-46dd-8464-dd74933c4739: receive RaftClientReply:client-D9B31DDCE961->18b22b39-7551-46dd-8464-dd74933c4739@group-597320EF17B3, cid=3112, SUCCESS, logIndex=4609, commits[18b22b39-7551-46dd-8464-dd74933c4739:c4609, 76d6a15c-8eeb-4764-b555-ce8767d18d57:c4607, c90dcfdf-5973-4b56-a955-1fc4555f10cb:c4607]
2019-09-19 11:26:54,183 [grpc-default-executor-1] INFO  client.GrpcClientProtocolClient (GrpcClientProtocolClient.java:onNext(264)) - client-D9B31DDCE961->18b22b39-7551-46dd-8464-dd74933c4739: receive RaftClientReply:client-D9B31DDCE961->18b22b39-7551-46dd-8464-dd74933c4739@group-597320EF17B3, cid=3113, SUCCESS, logIndex=4612, commits[18b22b39-7551-46dd-8464-dd74933c4739:c4613, 76d6a15c-8eeb-4764-b555-ce8767d18d57:c4611, c90dcfdf-5973-4b56-a955-1fc4555f10cb:c4611]
2019-09-19 11:26:54,183 [grpc-default-executor-1] INFO  client.GrpcClientProtocolClient (GrpcClientProtocolClient.java:onNext(264)) - client-D9B31DDCE961->18b22b39-7551-46dd-8464-dd74933c4739: receive RaftClientReply:client-D9B31DDCE961->18b22b39-7551-46dd-8464-dd74933c4739@group-597320EF17B3, cid=3114, SUCCESS, logIndex=4613, commits[18b22b39-7551-46dd-8464-dd74933c4739:c4613, 76d6a15c-8eeb-4764-b555-ce8767d18d57:c4611, c90dcfdf-5973-4b56-a955-1fc4555f10cb:c4611]
2019-09-19 11:26:54,196 [grpc-default-executor-1] INFO  client.GrpcClientProtocolClient (GrpcClientProtocolClient.java:onNext(264)) - client-D9B31DDCE961->18b22b39-7551-46dd-8464-dd74933c4739: receive RaftClientReply:client-D9B31DDCE961->18b22b39-7551-46dd-8464-dd74933c4739@group-597320EF17B3, cid=3115, SUCCESS, logIndex=0, commits[18b22b39-7551-46dd-8464-dd74933c4739:c4615, 76d6a15c-8eeb-4764-b555-ce8767d18d57:c4613, c90dcfdf-5973-4b56-a955-1fc4555f10cb:c4613]
2019-09-19 11:26:54,223 [grpc-default-executor-3] INFO  client.GrpcClientProtocolClient (GrpcClientProtocolClient.java:onNext(264)) - client-D9B31DDCE961->18b22b39-7551-46dd-8464-dd74933c4739: receive RaftClientReply:client-D9B31DDCE961->18b22b39-7551-46dd-8464-dd74933c4739@group-597320EF17B3, cid=3116, SUCCESS, logIndex=4616, commits[18b22b39-7551-46dd-8464-dd74933c4739:c4617, 76d6a15c-8eeb-4764-b555-ce8767d18d57:c4615, c90dcfdf-5973-4b56-a955-1fc4555f10cb:c4615]
2019-09-19 11:26:54,224 [grpc-default-executor-3] INFO  client.GrpcClientProtocolClient (GrpcClientProtocolClient.java:onNext(264)) - client-D9B31DDCE961->18b22b39-7551-46dd-8464-dd74933c4739: receive RaftClientReply:client-D9B31DDCE961->18b22b39-7551-46dd-8464-dd74933c4739@group-597320EF17B3, cid=3117, SUCCESS, logIndex=4617, commits[18b22b39-7551-46dd-8464-dd74933c4739:c4617, 76d6a15c-8eeb-4764-b555-ce8767d18d57:c4615, c90dcfdf-5973-4b56-a955-1fc4555f10cb:c4615]
2019-09-19 11:26:54,224 [grpc-default-executor-3] INFO  client.GrpcClientProtocolClient (GrpcClientProtocolClient.java:onNext(264)) - client-D9B31DDCE961->18b22b39-7551-46dd-8464-dd74933c4739: receive RaftClientReply:client-D9B31DDCE961->18b22b39-7551-46dd-8464-dd74933c4739@group-597320EF17B3, cid=3118, SUCCESS, logIndex=4618, commits[18b22b39-7551-46dd-8464-dd74933c4739:c4618, 76d6a15c-8eeb-4764-b555-ce8767d18d57:c4615, c90dcfdf-5973-4b56-a955-1fc4555f10cb:c4615]
2019-09-19 11:26:54,224 [grpc-default-executor-3] INFO  client.GrpcClientProtocolClient (GrpcClientProtocolClient.java:onNext(264)) - client-D9B31DDCE961->18b22b39-7551-46dd-8464-dd74933c4739: receive RaftClientReply:client-D9B31DDCE961->18b22b39-7551-46dd-8464-dd74933c4739@group-597320EF17B3, cid=3119, SUCCESS, logIndex=4619, commits[18b22b39-7551-46dd-8464-dd74933c4739:c4619, 76d6a15c-8eeb-4764-b555-ce8767d18d57:c4615, c90dcfdf-5973-4b56-a955-1fc4555f10cb:c4615]
2019-09-19 11:26:54,226 [grpc-default-executor-3] INFO  client.GrpcClientProtocolClient (GrpcClientProtocolClient.java:onNext(264)) - client-D9B31DDCE961->18b22b39-7551-46dd-8464-dd74933c4739: receive RaftClientReply:client-D9B31DDCE961->18b22b39-7551-46dd-8464-dd74933c4739@group-597320EF17B3, cid=3120, SUCCESS, logIndex=0, commits[18b22b39-7551-46dd-8464-dd74933c4739:c4621, 76d6a15c-8eeb-4764-b555-ce8767d18d57:c4617, c90dcfdf-5973-4b56-a955-1fc4555f10cb:c4617]
2019-09-19 11:26:54,414 [grpc-default-executor-7] INFO  client.GrpcClientProtocolClient (GrpcClientProtocolClient.java:onNext(264)) - client-D9B31DDCE961->18b22b39-7551-46dd-8464-dd74933c4739: receive RaftClientReply:client-D9B31DDCE961->18b22b39-7551-46dd-8464-dd74933c4739@group-597320EF17B3, cid=3121, SUCCESS, logIndex=4624, commits[18b22b39-7551-46dd-8464-dd74933c4739:c4625, 76d6a15c-8eeb-4764-b555-ce8767d18d57:c4623, c90dcfdf-5973-4b56-a955-1fc4555f10cb:c4623]
2019-09-19 11:26:54,415 [grpc-default-executor-7] INFO  client.GrpcClientProtocolClient (GrpcClientProtocolClient.java:onNext(264)) - client-D9B31DDCE961->18b22b39-7551-46dd-8464-dd74933c4739: receive RaftClientReply:client-D9B31DDCE961->18b22b39-7551-46dd-8464-dd74933c4739@group-597320EF17B3, cid=3122, SUCCESS, logIndex=4625, commits[18b22b39-7551-46dd-8464-dd74933c4739:c4625, 76d6a15c-8eeb-4764-b555-ce8767d18d57:c4623, c90dcfdf-5973-4b56-a955-1fc4555f10cb:c4623]
2019-09-19 11:26:54,455 [grpc-default-executor-7] INFO  client.GrpcClientProtocolClient (GrpcClientProtocolClient.java:onNext(264)) - client-D9B31DDCE961->18b22b39-7551-46dd-8464-dd74933c4739: receive RaftClientReply:client-D9B31DDCE961->18b22b39-7551-46dd-8464-dd74933c4739@group-597320EF17B3, cid=3123, SUCCESS, logIndex=4628, commits[18b22b39-7551-46dd-8464-dd74933c4739:c4628, 76d6a15c-8eeb-4764-b555-ce8767d18d57:c4625, c90dcfdf-5973-4b56-a955-1fc4555f10cb:c4625]
2019-09-19 11:26:54,455 [grpc-default-executor-7] INFO  client.GrpcClientProtocolClient (GrpcClientProtocolClient.java:onNext(264)) - client-D9B31DDCE961->18b22b39-7551-46dd-8464-dd74933c4739: receive RaftClientReply:client-D9B31DDCE961->18b22b39-7551-46dd-8464-dd74933c4739@group-597320EF17B3, cid=3124, SUCCESS, logIndex=4629, commits[18b22b39-7551-46dd-8464-dd74933c4739:c4629, 76d6a15c-8eeb-4764-b555-ce8767d18d57:c4625, c90dcfdf-5973-4b56-a955-1fc4555f10cb:c4625]
2019-09-19 11:26:54,468 [grpc-default-executor-7] INFO  client.GrpcClientProtocolClient (GrpcClientProtocolClient.java:onNext(264)) - client-D9B31DDCE961->18b22b39-7551-46dd-8464-dd74933c4739: receive RaftClientReply:client-D9B31DDCE961->18b22b39-7551-46dd-8464-dd74933c4739@group-597320EF17B3, cid=3125, SUCCESS, logIndex=0, commits[18b22b39-7551-46dd-8464-dd74933c4739:c4631, 76d6a15c-8eeb-4764-b555-ce8767d18d57:c4629, c90dcfdf-5973-4b56-a955-1fc4555f10cb:c4629]
2019-09-19 11:26:54,500 [grpc-default-executor-7] INFO  client.GrpcClientProtocolClient (GrpcClientProtocolClient.java:onNext(264)) - client-D9B31DDCE961->18b22b39-7551-46dd-8464-dd74933c4739: receive RaftClientReply:client-D9B31DDCE961->18b22b39-7551-46dd-8464-dd74933c4739@group-597320EF17B3, cid=3126, SUCCESS, logIndex=4632, commits[18b22b39-7551-46dd-8464-dd74933c4739:c4632, 76d6a15c-8eeb-4764-b555-ce8767d18d57:c4631, c90dcfdf-5973-4b56-a955-1fc4555f10cb:c4631]
2019-09-19 11:26:54,501 [grpc-default-executor-7] INFO  client.GrpcClientProtocolClient (GrpcClientProtocolClient.java:onNext(264)) - client-D9B31DDCE961->18b22b39-7551-46dd-8464-dd74933c4739: receive RaftClientReply:client-D9B31DDCE961->18b22b39-7551-46dd-8464-dd74933c4739@group-597320EF17B3, cid=3127, SUCCESS, logIndex=4633, commits[18b22b39-7551-46dd-8464-dd74933c4739:c4633, 76d6a15c-8eeb-4764-b555-ce8767d18d57:c4631, c90dcfdf-5973-4b56-a955-1fc4555f10cb:c4631]
2019-09-19 11:26:54,501 [grpc-default-executor-5] INFO  client.GrpcClientProtocolClient (GrpcClientProtocolClient.java:onNext(264)) - client-D9B31DDCE961->18b22b39-7551-46dd-8464-dd74933c4739: receive RaftClientReply:client-D9B31DDCE961->18b22b39-7551-46dd-8464-dd74933c4739@group-597320EF17B3, cid=3128, SUCCESS, logIndex=4634, commits[18b22b39-7551-46dd-8464-dd74933c4739:c4635, 76d6a15c-8eeb-4764-b555-ce8767d18d57:c4631, c90dcfdf-5973-4b56-a955-1fc4555f10cb:c4631]
2019-09-19 11:26:54,502 [grpc-default-executor-5] INFO  client.GrpcClientProtocolClient (GrpcClientProtocolClient.java:onNext(264)) - client-D9B31DDCE961->18b22b39-7551-46dd-8464-dd74933c4739: receive RaftClientReply:client-D9B31DDCE961->18b22b39-7551-46dd-8464-dd74933c4739@group-597320EF17B3, cid=3129, SUCCESS, logIndex=4635, commits[18b22b39-7551-46dd-8464-dd74933c4739:c4635, 76d6a15c-8eeb-4764-b555-ce8767d18d57:c4631, c90dcfdf-5973-4b56-a955-1fc4555f10cb:c4631]
2019-09-19 11:26:54,503 [grpc-default-executor-5] INFO  client.GrpcClientProtocolClient (GrpcClientProtocolClient.java:onNext(264)) - client-D9B31DDCE961->18b22b39-7551-46dd-8464-dd74933c4739: receive RaftClientReply:client-D9B31DDCE961->18b22b39-7551-46dd-8464-dd74933c4739@group-597320EF17B3, cid=3130, SUCCESS, logIndex=0, commits[18b22b39-7551-46dd-8464-dd74933c4739:c4637, 76d6a15c-8eeb-4764-b555-ce8767d18d57:c4633, c90dcfdf-5973-4b56-a955-1fc4555f10cb:c4633]
2019-09-19 11:26:54,523 [grpc-default-executor-3] INFO  client.GrpcClientProtocolClient (GrpcClientProtocolClient.java:onNext(264)) - client-D9B31DDCE961->18b22b39-7551-46dd-8464-dd74933c4739: receive RaftClientReply:client-D9B31DDCE961->18b22b39-7551-46dd-8464-dd74933c4739@group-597320EF17B3, cid=3131, SUCCESS, logIndex=4640, commits[18b22b39-7551-46dd-8464-dd74933c4739:c4640, 76d6a15c-8eeb-4764-b555-ce8767d18d57:c4639, c90dcfdf-5973-4b56-a955-1fc4555f10cb:c4639]
2019-09-19 11:26:54,523 [grpc-default-executor-3] INFO  client.GrpcClientProtocolClient (GrpcClientProtocolClient.java:onNext(264)) - client-D9B31DDCE961->18b22b39-7551-46dd-8464-dd74933c4739: receive RaftClientReply:client-D9B31DDCE961->18b22b39-7551-46dd-8464-dd74933c4739@group-597320EF17B3, cid=3132, SUCCESS, logIndex=4641, commits[18b22b39-7551-46dd-8464-dd74933c4739:c4641, 76d6a15c-8eeb-4764-b555-ce8767d18d57:c4639, c90dcfdf-5973-4b56-a955-1fc4555f10cb:c4639]
2019-09-19 11:26:54,555 [grpc-default-executor-3] INFO  client.GrpcClientProtocolClient (GrpcClientProtocolClient.java:onNext(264)) - client-D9B31DDCE961->18b22b39-7551-46dd-8464-dd74933c4739: receive RaftClientReply:client-D9B31DDCE961->18b22b39-7551-46dd-8464-dd74933c4739@group-597320EF17B3, cid=3133, SUCCESS, logIndex=4644, commits[18b22b39-7551-46dd-8464-dd74933c4739:c4645, 76d6a15c-8eeb-4764-b555-ce8767d18d57:c4641, c90dcfdf-5973-4b56-a955-1fc4555f10cb:c4643]
2019-09-19 11:26:54,555 [grpc-default-executor-3] INFO  client.GrpcClientProtocolClient (GrpcClientProtocolClient.java:onNext(264)) - client-D9B31DDCE961->18b22b39-7551-46dd-8464-dd74933c4739: receive RaftClientReply:client-D9B31DDCE961->18b22b39-7551-46dd-8464-dd74933c4739@group-597320EF17B3, cid=3134, SUCCESS, logIndex=4645, commits[18b22b39-7551-46dd-8464-dd74933c4739:c4645, 76d6a15c-8eeb-4764-b555-ce8767d18d57:c4643, c90dcfdf-5973-4b56-a955-1fc4555f10cb:c4643]
2019-09-19 11:26:54,556 [grpc-default-executor-3] INFO  client.GrpcClientProtocolClient (GrpcClientProtocolClient.java:onNext(264)) - client-D9B31DDCE961->18b22b39-7551-46dd-8464-dd74933c4739: receive RaftClientReply:client-D9B31DDCE961->18b22b39-7551-46dd-8464-dd74933c4739@group-597320EF17B3, cid=3135, SUCCESS, logIndex=0, commits[18b22b39-7551-46dd-8464-dd74933c4739:c4646, 76d6a15c-8eeb-4764-b555-ce8767d18d57:c4645, c90dcfdf-5973-4b56-a955-1fc4555f10cb:c4645]
2019-09-19 11:26:54,589 [grpc-default-executor-7] INFO  client.GrpcClientProtocolClient (GrpcClientProtocolClient.java:onNext(264)) - client-D9B31DDCE961->18b22b39-7551-46dd-8464-dd74933c4739: receive RaftClientReply:client-D9B31DDCE961->18b22b39-7551-46dd-8464-dd74933c4739@group-597320EF17B3, cid=3136, SUCCESS, logIndex=4647, commits[18b22b39-7551-46dd-8464-dd74933c4739:c4648, 76d6a15c-8eeb-4764-b555-ce8767d18d57:c4646, c90dcfdf-5973-4b56-a955-1fc4555f10cb:c4645]
2019-09-19 11:26:54,590 [grpc-default-executor-7] INFO  client.GrpcClientProtocolClient (GrpcClientProtocolClient.java:onNext(264)) - client-D9B31DDCE961->18b22b39-7551-46dd-8464-dd74933c4739: receive RaftClientReply:client-D9B31DDCE961->18b22b39-7551-46dd-8464-dd74933c4739@group-597320EF17B3, cid=3137, SUCCESS, logIndex=4648, commits[18b22b39-7551-46dd-8464-dd74933c4739:c4650, 76d6a15c-8eeb-4764-b555-ce8767d18d57:c4646, c90dcfdf-5973-4b56-a955-1fc4555f10cb:c4646]
2019-09-19 11:26:54,591 [grpc-default-executor-7] INFO  client.GrpcClientProtocolClient (GrpcClientProtocolClient.java:onNext(264)) - client-D9B31DDCE961->18b22b39-7551-46dd-8464-dd74933c4739: receive RaftClientReply:client-D9B31DDCE961->18b22b39-7551-46dd-8464-dd74933c4739@group-597320EF17B3, cid=3138, SUCCESS, logIndex=4649, commits[18b22b39-7551-46dd-8464-dd74933c4739:c4650, 76d6a15c-8eeb-4764-b555-ce8767d18d57:c4646, c90dcfdf-5973-4b56-a955-1fc4555f10cb:c4646]
2019-09-19 11:26:54,591 [grpc-default-executor-7] INFO  client.GrpcClientProtocolClient (GrpcClientProtocolClient.java:onNext(264)) - client-D9B31DDCE961->18b22b39-7551-46dd-8464-dd74933c4739: receive RaftClientReply:client-D9B31DDCE961->18b22b39-7551-46dd-8464-dd74933c4739@group-597320EF17B3, cid=3139, SUCCESS, logIndex=4650, commits[18b22b39-7551-46dd-8464-dd74933c4739:c4650, 76d6a15c-8eeb-4764-b555-ce8767d18d57:c4646, c90dcfdf-5973-4b56-a955-1fc4555f10cb:c4646]
2019-09-19 11:26:54,600 [grpc-default-executor-7] INFO  client.GrpcClientProtocolClient (GrpcClientProtocolClient.java:onNext(264)) - client-D9B31DDCE961->18b22b39-7551-46dd-8464-dd74933c4739: receive RaftClientReply:client-D9B31DDCE961->18b22b39-7551-46dd-8464-dd74933c4739@group-597320EF17B3, cid=3140, SUCCESS, logIndex=0, commits[18b22b39-7551-46dd-8464-dd74933c4739:c4651, 76d6a15c-8eeb-4764-b555-ce8767d18d57:c4648, c90dcfdf-5973-4b56-a955-1fc4555f10cb:c4648]
2019-09-19 11:26:54,619 [grpc-default-executor-7] INFO  client.GrpcClientProtocolClient (GrpcClientProtocolClient.java:onNext(264)) - client-D9B31DDCE961->18b22b39-7551-46dd-8464-dd74933c4739: receive RaftClientReply:client-D9B31DDCE961->18b22b39-7551-46dd-8464-dd74933c4739@group-597320EF17B3, cid=3141, SUCCESS, logIndex=4653, commits[18b22b39-7551-46dd-8464-dd74933c4739:c4654, 76d6a15c-8eeb-4764-b555-ce8767d18d57:c4652, c90dcfdf-5973-4b56-a955-1fc4555f10cb:c4652]
2019-09-19 11:26:54,620 [grpc-default-executor-7] INFO  client.GrpcClientProtocolClient (GrpcClientProtocolClient.java:onNext(264)) - client-D9B31DDCE961->18b22b39-7551-46dd-8464-dd74933c4739: receive RaftClientReply:client-D9B31DDCE961->18b22b39-7551-46dd-8464-dd74933c4739@group-597320EF17B3, cid=3142, SUCCESS, logIndex=4654, commits[18b22b39-7551-46dd-8464-dd74933c4739:c4654, 76d6a15c-8eeb-4764-b555-ce8767d18d57:c4652, c90dcfdf-5973-4b56-a955-1fc4555f10cb:c4652]
2019-09-19 11:26:54,639 [grpc-default-executor-5] INFO  client.GrpcClientProtocolClient (GrpcClientProtocolClient.java:onNext(264)) - client-D9B31DDCE961->18b22b39-7551-46dd-8464-dd74933c4739: receive RaftClientReply:client-D9B31DDCE961->18b22b39-7551-46dd-8464-dd74933c4739@group-597320EF17B3, cid=3143, SUCCESS, logIndex=4657, commits[18b22b39-7551-46dd-8464-dd74933c4739:c4658, 76d6a15c-8eeb-4764-b555-ce8767d18d57:c4656, c90dcfdf-5973-4b56-a955-1fc4555f10cb:c4656]
2019-09-19 11:26:54,639 [grpc-default-executor-5] INFO  client.GrpcClientProtocolClient (GrpcClientProtocolClient.java:onNext(264)) - client-D9B31DDCE961->18b22b39-7551-46dd-8464-dd74933c4739: receive RaftClientReply:client-D9B31DDCE961->18b22b39-7551-46dd-8464-dd74933c4739@group-597320EF17B3, cid=3144, SUCCESS, logIndex=4658, commits[18b22b39-7551-46dd-8464-dd74933c4739:c4658, 76d6a15c-8eeb-4764-b555-ce8767d18d57:c4656, c90dcfdf-5973-4b56-a955-1fc4555f10cb:c4656]
2019-09-19 11:26:54,651 [grpc-default-executor-5] INFO  client.GrpcClientProtocolClient (GrpcClientProtocolClient.java:onNext(264)) - client-D9B31DDCE961->18b22b39-7551-46dd-8464-dd74933c4739: receive RaftClientReply:client-D9B31DDCE961->18b22b39-7551-46dd-8464-dd74933c4739@group-597320EF17B3, cid=3145, SUCCESS, logIndex=0, commits[18b22b39-7551-46dd-8464-dd74933c4739:c4660, 76d6a15c-8eeb-4764-b555-ce8767d18d57:c4658, c90dcfdf-5973-4b56-a955-1fc4555f10cb:c4658]
2019-09-19 11:26:54,679 [grpc-default-executor-5] INFO  client.GrpcClientProtocolClient (GrpcClientProtocolClient.java:onNext(264)) - client-D9B31DDCE961->18b22b39-7551-46dd-8464-dd74933c4739: receive RaftClientReply:client-D9B31DDCE961->18b22b39-7551-46dd-8464-dd74933c4739@group-597320EF17B3, cid=3146, SUCCESS, logIndex=4661, commits[18b22b39-7551-46dd-8464-dd74933c4739:c4662, 76d6a15c-8eeb-4764-b555-ce8767d18d57:c4660, c90dcfdf-5973-4b56-a955-1fc4555f10cb:c4660]
2019-09-19 11:26:54,680 [grpc-default-executor-5] INFO  client.GrpcClientProtocolClient (GrpcClientProtocolClient.java:onNext(264)) - client-D9B31DDCE961->18b22b39-7551-46dd-8464-dd74933c4739: receive RaftClientReply:client-D9B31DDCE961->18b22b39-7551-46dd-8464-dd74933c4739@group-597320EF17B3, cid=3147, SUCCESS, logIndex=4662, commits[18b22b39-7551-46dd-8464-dd74933c4739:c4664, 76d6a15c-8eeb-4764-b555-ce8767d18d57:c4660, c90dcfdf-5973-4b56-a955-1fc4555f10cb:c4660]
2019-09-19 11:26:54,680 [grpc-default-executor-5] INFO  client.GrpcClientProtocolClient (GrpcClientProtocolClient.java:onNext(264)) - client-D9B31DDCE961->18b22b39-7551-46dd-8464-dd74933c4739: receive RaftClientReply:client-D9B31DDCE961->18b22b39-7551-46dd-8464-dd74933c4739@group-597320EF17B3, cid=3148, SUCCESS, logIndex=4663, commits[18b22b39-7551-46dd-8464-dd74933c4739:c4664, 76d6a15c-8eeb-4764-b555-ce8767d18d57:c4660, c90dcfdf-5973-4b56-a955-1fc4555f10cb:c4660]
2019-09-19 11:26:54,680 [grpc-default-executor-5] INFO  client.GrpcClientProtocolClient (GrpcClientProtocolClient.java:onNext(264)) - client-D9B31DDCE961->18b22b39-7551-46dd-8464-dd74933c4739: receive RaftClientReply:client-D9B31DDCE961->18b22b39-7551-46dd-8464-dd74933c4739@group-597320EF17B3, cid=3149, SUCCESS, logIndex=4664, commits[18b22b39-7551-46dd-8464-dd74933c4739:c4664, 76d6a15c-8eeb-4764-b555-ce8767d18d57:c4660, c90dcfdf-5973-4b56-a955-1fc4555f10cb:c4660]
2019-09-19 11:26:54,681 [grpc-default-executor-5] INFO  client.GrpcClientProtocolClient (GrpcClientProtocolClient.java:onNext(264)) - client-D9B31DDCE961->18b22b39-7551-46dd-8464-dd74933c4739: receive RaftClientReply:client-D9B31DDCE961->18b22b39-7551-46dd-8464-dd74933c4739@group-597320EF17B3, cid=3150, SUCCESS, logIndex=0, commits[18b22b39-7551-46dd-8464-dd74933c4739:c4666, 76d6a15c-8eeb-4764-b555-ce8767d18d57:c4662, c90dcfdf-5973-4b56-a955-1fc4555f10cb:c4662]
2019-09-19 11:26:54,700 [grpc-default-executor-5] INFO  client.GrpcClientProtocolClient (GrpcClientProtocolClient.java:onNext(264)) - client-D9B31DDCE961->18b22b39-7551-46dd-8464-dd74933c4739: receive RaftClientReply:client-D9B31DDCE961->18b22b39-7551-46dd-8464-dd74933c4739@group-597320EF17B3, cid=3151, SUCCESS, logIndex=4669, commits[18b22b39-7551-46dd-8464-dd74933c4739:c4670, 76d6a15c-8eeb-4764-b555-ce8767d18d57:c4668, c90dcfdf-5973-4b56-a955-1fc4555f10cb:c4668]
2019-09-19 11:26:54,701 [grpc-default-executor-5] INFO  client.GrpcClientProtocolClient (GrpcClientProtocolClient.java:onNext(264)) - client-D9B31DDCE961->18b22b39-7551-46dd-8464-dd74933c4739: receive RaftClientReply:client-D9B31DDCE961->18b22b39-7551-46dd-8464-dd74933c4739@group-597320EF17B3, cid=3152, SUCCESS, logIndex=4670, commits[18b22b39-7551-46dd-8464-dd74933c4739:c4670, 76d6a15c-8eeb-4764-b555-ce8767d18d57:c4668, c90dcfdf-5973-4b56-a955-1fc4555f10cb:c4668]
2019-09-19 11:26:54,713 [grpc-default-executor-3] INFO  client.GrpcClientProtocolClient (GrpcClientProtocolClient.java:onNext(264)) - client-D9B31DDCE961->18b22b39-7551-46dd-8464-dd74933c4739: receive RaftClientReply:client-D9B31DDCE961->18b22b39-7551-46dd-8464-dd74933c4739@group-597320EF17B3, cid=3153, SUCCESS, logIndex=4673, commits[18b22b39-7551-46dd-8464-dd74933c4739:c4673, 76d6a15c-8eeb-4764-b555-ce8767d18d57:c4670, c90dcfdf-5973-4b56-a955-1fc4555f10cb:c4670]
2019-09-19 11:26:54,713 [grpc-default-executor-3] INFO  client.GrpcClientProtocolClient (GrpcClientProtocolClient.java:onNext(264)) - client-D9B31DDCE961->18b22b39-7551-46dd-8464-dd74933c4739: receive RaftClientReply:client-D9B31DDCE961->18b22b39-7551-46dd-8464-dd74933c4739@group-597320EF17B3, cid=3154, SUCCESS, logIndex=4674, commits[18b22b39-7551-46dd-8464-dd74933c4739:c4674, 76d6a15c-8eeb-4764-b555-ce8767d18d57:c4670, c90dcfdf-5973-4b56-a955-1fc4555f10cb:c4670]
2019-09-19 11:26:54,726 [grpc-default-executor-3] INFO  client.GrpcClientProtocolClient (GrpcClientProtocolClient.java:onNext(264)) - client-D9B31DDCE961->18b22b39-7551-46dd-8464-dd74933c4739: receive RaftClientReply:client-D9B31DDCE961->18b22b39-7551-46dd-8464-dd74933c4739@group-597320EF17B3, cid=3155, SUCCESS, logIndex=0, commits[18b22b39-7551-46dd-8464-dd74933c4739:c4676, 76d6a15c-8eeb-4764-b555-ce8767d18d57:c4674, c90dcfdf-5973-4b56-a955-1fc4555f10cb:c4674]
2019-09-19 11:26:54,754 [grpc-default-executor-3] INFO  client.GrpcClientProtocolClient (GrpcClientProtocolClient.java:onNext(264)) - client-D9B31DDCE961->18b22b39-7551-46dd-8464-dd74933c4739: receive RaftClientReply:client-D9B31DDCE961->18b22b39-7551-46dd-8464-dd74933c4739@group-597320EF17B3, cid=3156, SUCCESS, logIndex=4677, commits[18b22b39-7551-46dd-8464-dd74933c4739:c4677, 76d6a15c-8eeb-4764-b555-ce8767d18d57:c4676, c90dcfdf-5973-4b56-a955-1fc4555f10cb:c4676]
2019-09-19 11:26:54,755 [grpc-default-executor-3] INFO  client.GrpcClientProtocolClient (GrpcClientProtocolClient.java:onNext(264)) - client-D9B31DDCE961->18b22b39-7551-46dd-8464-dd74933c4739: receive RaftClientReply:client-D9B31DDCE961->18b22b39-7551-46dd-8464-dd74933c4739@group-597320EF17B3, cid=3157, SUCCESS, logIndex=4678, commits[18b22b39-7551-46dd-8464-dd74933c4739:c4678, 76d6a15c-8eeb-4764-b555-ce8767d18d57:c4676, c90dcfdf-5973-4b56-a955-1fc4555f10cb:c4676]
2019-09-19 11:26:54,756 [grpc-default-executor-3] INFO  client.GrpcClientProtocolClient (GrpcClientProtocolClient.java:onNext(264)) - client-D9B31DDCE961->18b22b39-7551-46dd-8464-dd74933c4739: receive RaftClientReply:client-D9B31DDCE961->18b22b39-7551-46dd-8464-dd74933c4739@group-597320EF17B3, cid=3158, SUCCESS, logIndex=4679, commits[18b22b39-7551-46dd-8464-dd74933c4739:c4680, 76d6a15c-8eeb-4764-b555-ce8767d18d57:c4676, c90dcfdf-5973-4b56-a955-1fc4555f10cb:c4676]
2019-09-19 11:26:54,756 [grpc-default-executor-3] INFO  client.GrpcClientProtocolClient (GrpcClientProtocolClient.java:onNext(264)) - client-D9B31DDCE961->18b22b39-7551-46dd-8464-dd74933c4739: receive RaftClientReply:client-D9B31DDCE961->18b22b39-7551-46dd-8464-dd74933c4739@group-597320EF17B3, cid=3159, SUCCESS, logIndex=4680, commits[18b22b39-7551-46dd-8464-dd74933c4739:c4680, 76d6a15c-8eeb-4764-b555-ce8767d18d57:c4676, c90dcfdf-5973-4b56-a955-1fc4555f10cb:c4676]
2019-09-19 11:26:54,758 [grpc-default-executor-7] INFO  client.GrpcClientProtocolClient (GrpcClientProtocolClient.java:onNext(264)) - client-D9B31DDCE961->18b22b39-7551-46dd-8464-dd74933c4739: receive RaftClientReply:client-D9B31DDCE961->18b22b39-7551-46dd-8464-dd74933c4739@group-597320EF17B3, cid=3160, SUCCESS, logIndex=0, commits[18b22b39-7551-46dd-8464-dd74933c4739:c4684, 76d6a15c-8eeb-4764-b555-ce8767d18d57:c4678, c90dcfdf-5973-4b56-a955-1fc4555f10cb:c4680]
2019-09-19 11:26:54,768 [grpc-default-executor-3] INFO  client.GrpcClientProtocolClient (GrpcClientProtocolClient.java:onNext(264)) - client-D9B31DDCE961->18b22b39-7551-46dd-8464-dd74933c4739: receive RaftClientReply:client-D9B31DDCE961->18b22b39-7551-46dd-8464-dd74933c4739@group-597320EF17B3, cid=3161, SUCCESS, logIndex=4685, commits[18b22b39-7551-46dd-8464-dd74933c4739:c4686, 76d6a15c-8eeb-4764-b555-ce8767d18d57:c4684, c90dcfdf-5973-4b56-a955-1fc4555f10cb:c4680]
2019-09-19 11:26:54,768 [grpc-default-executor-3] INFO  client.GrpcClientProtocolClient (GrpcClientProtocolClient.java:onNext(264)) - client-D9B31DDCE961->18b22b39-7551-46dd-8464-dd74933c4739: receive RaftClientReply:client-D9B31DDCE961->18b22b39-7551-46dd-8464-dd74933c4739@group-597320EF17B3, cid=3162, SUCCESS, logIndex=4686, commits[18b22b39-7551-46dd-8464-dd74933c4739:c4686, 76d6a15c-8eeb-4764-b555-ce8767d18d57:c4684, c90dcfdf-5973-4b56-a955-1fc4555f10cb:c4684]
2019-09-19 11:26:54,793 [grpc-default-executor-7] INFO  client.GrpcClientProtocolClient (GrpcClientProtocolClient.java:onNext(264)) - client-D9B31DDCE961->18b22b39-7551-46dd-8464-dd74933c4739: receive RaftClientReply:client-D9B31DDCE961->18b22b39-7551-46dd-8464-dd74933c4739@group-597320EF17B3, cid=3163, SUCCESS, logIndex=4689, commits[18b22b39-7551-46dd-8464-dd74933c4739:c4690, 76d6a15c-8eeb-4764-b555-ce8767d18d57:c4688, c90dcfdf-5973-4b56-a955-1fc4555f10cb:c4686]
2019-09-19 11:26:54,793 [grpc-default-executor-7] INFO  client.GrpcClientProtocolClient (GrpcClientProtocolClient.java:onNext(264)) - client-D9B31DDCE961->18b22b39-7551-46dd-8464-dd74933c4739: receive RaftClientReply:client-D9B31DDCE961->18b22b39-7551-46dd-8464-dd74933c4739@group-597320EF17B3, cid=3164, SUCCESS, logIndex=4690, commits[18b22b39-7551-46dd-8464-dd74933c4739:c4690, 76d6a15c-8eeb-4764-b555-ce8767d18d57:c4688, c90dcfdf-5973-4b56-a955-1fc4555f10cb:c4688]
2019-09-19 11:26:54,795 [grpc-default-executor-7] INFO  client.GrpcClientProtocolClient (GrpcClientProtocolClient.java:onNext(264)) - client-D9B31DDCE961->18b22b39-7551-46dd-8464-dd74933c4739: receive RaftClientReply:client-D9B31DDCE961->18b22b39-7551-46dd-8464-dd74933c4739@group-597320EF17B3, cid=3165, SUCCESS, logIndex=0, commits[18b22b39-7551-46dd-8464-dd74933c4739:c4692, 76d6a15c-8eeb-4764-b555-ce8767d18d57:c4690, c90dcfdf-5973-4b56-a955-1fc4555f10cb:c4690]
 0.00% |█                                                                                                    |  0/1 Time: 0:00:582019-09-19 11:26:54,824 [grpc-default-executor-1] INFO  client.GrpcClientProtocolClient (GrpcClientProtocolClient.java:onNext(264)) - client-D9B31DDCE961->18b22b39-7551-46dd-8464-dd74933c4739: receive RaftClientReply:client-D9B31DDCE961->18b22b39-7551-46dd-8464-dd74933c4739@group-597320EF17B3, cid=3166, SUCCESS, logIndex=4693, commits[18b22b39-7551-46dd-8464-dd74933c4739:c4694, 76d6a15c-8eeb-4764-b555-ce8767d18d57:c4692, c90dcfdf-5973-4b56-a955-1fc4555f10cb:c4692]
2019-09-19 11:26:54,825 [grpc-default-executor-1] INFO  client.GrpcClientProtocolClient (GrpcClientProtocolClient.java:onNext(264)) - client-D9B31DDCE961->18b22b39-7551-46dd-8464-dd74933c4739: receive RaftClientReply:client-D9B31DDCE961->18b22b39-7551-46dd-8464-dd74933c4739@group-597320EF17B3, cid=3167, SUCCESS, logIndex=4694, commits[18b22b39-7551-46dd-8464-dd74933c4739:c4694, 76d6a15c-8eeb-4764-b555-ce8767d18d57:c4692, c90dcfdf-5973-4b56-a955-1fc4555f10cb:c4692]
2019-09-19 11:26:54,825 [grpc-default-executor-1] INFO  client.GrpcClientProtocolClient (GrpcClientProtocolClient.java:onNext(264)) - client-D9B31DDCE961->18b22b39-7551-46dd-8464-dd74933c4739: receive RaftClientReply:client-D9B31DDCE961->18b22b39-7551-46dd-8464-dd74933c4739@group-597320EF17B3, cid=3168, SUCCESS, logIndex=4695, commits[18b22b39-7551-46dd-8464-dd74933c4739:c4696, 76d6a15c-8eeb-4764-b555-ce8767d18d57:c4692, c90dcfdf-5973-4b56-a955-1fc4555f10cb:c4692]
2019-09-19 11:26:54,825 [grpc-default-executor-1] INFO  client.GrpcClientProtocolClient (GrpcClientProtocolClient.java:onNext(264)) - client-D9B31DDCE961->18b22b39-7551-46dd-8464-dd74933c4739: receive RaftClientReply:client-D9B31DDCE961->18b22b39-7551-46dd-8464-dd74933c4739@group-597320EF17B3, cid=3169, SUCCESS, logIndex=4696, commits[18b22b39-7551-46dd-8464-dd74933c4739:c4696, 76d6a15c-8eeb-4764-b555-ce8767d18d57:c4692, c90dcfdf-5973-4b56-a955-1fc4555f10cb:c4692]
2019-09-19 11:26:54,827 [grpc-default-executor-1] INFO  client.GrpcClientProtocolClient (GrpcClientProtocolClient.java:onNext(264)) - client-D9B31DDCE961->18b22b39-7551-46dd-8464-dd74933c4739: receive RaftClientReply:client-D9B31DDCE961->18b22b39-7551-46dd-8464-dd74933c4739@group-597320EF17B3, cid=3170, SUCCESS, logIndex=0, commits[18b22b39-7551-46dd-8464-dd74933c4739:c4698, 76d6a15c-8eeb-4764-b555-ce8767d18d57:c4694, c90dcfdf-5973-4b56-a955-1fc4555f10cb:c4694]
2019-09-19 11:26:54,845 [grpc-default-executor-5] INFO  client.GrpcClientProtocolClient (GrpcClientProtocolClient.java:onNext(264)) - client-D9B31DDCE961->18b22b39-7551-46dd-8464-dd74933c4739: receive RaftClientReply:client-D9B31DDCE961->18b22b39-7551-46dd-8464-dd74933c4739@group-597320EF17B3, cid=3171, SUCCESS, logIndex=4700, commits[18b22b39-7551-46dd-8464-dd74933c4739:c4701, 76d6a15c-8eeb-4764-b555-ce8767d18d57:c4699, c90dcfdf-5973-4b56-a955-1fc4555f10cb:c4699]
2019-09-19 11:26:54,845 [grpc-default-executor-5] INFO  client.GrpcClientProtocolClient (GrpcClientProtocolClient.java:onNext(264)) - client-D9B31DDCE961->18b22b39-7551-46dd-8464-dd74933c4739: receive RaftClientReply:client-D9B31DDCE961->18b22b39-7551-46dd-8464-dd74933c4739@group-597320EF17B3, cid=3172, SUCCESS, logIndex=4701, commits[18b22b39-7551-46dd-8464-dd74933c4739:c4701, 76d6a15c-8eeb-4764-b555-ce8767d18d57:c4699, c90dcfdf-5973-4b56-a955-1fc4555f10cb:c4699]
2019-09-19 11:26:54,858 [grpc-default-executor-1] INFO  client.GrpcClientProtocolClient (GrpcClientProtocolClient.java:onNext(264)) - client-D9B31DDCE961->18b22b39-7551-46dd-8464-dd74933c4739: receive RaftClientReply:client-D9B31DDCE961->18b22b39-7551-46dd-8464-dd74933c4739@group-597320EF17B3, cid=3173, SUCCESS, logIndex=4704, commits[18b22b39-7551-46dd-8464-dd74933c4739:c4704, 76d6a15c-8eeb-4764-b555-ce8767d18d57:c4701, c90dcfdf-5973-4b56-a955-1fc4555f10cb:c4701]
2019-09-19 11:26:54,858 [grpc-default-executor-1] INFO  client.GrpcClientProtocolClient (GrpcClientProtocolClient.java:onNext(264)) - client-D9B31DDCE961->18b22b39-7551-46dd-8464-dd74933c4739: receive RaftClientReply:client-D9B31DDCE961->18b22b39-7551-46dd-8464-dd74933c4739@group-597320EF17B3, cid=3174, SUCCESS, logIndex=4705, commits[18b22b39-7551-46dd-8464-dd74933c4739:c4705, 76d6a15c-8eeb-4764-b555-ce8767d18d57:c4701, c90dcfdf-5973-4b56-a955-1fc4555f10cb:c4701]
2019-09-19 11:26:54,871 [grpc-default-executor-5] INFO  client.GrpcClientProtocolClient (GrpcClientProtocolClient.java:onNext(264)) - client-D9B31DDCE961->18b22b39-7551-46dd-8464-dd74933c4739: receive RaftClientReply:client-D9B31DDCE961->18b22b39-7551-46dd-8464-dd74933c4739@group-597320EF17B3, cid=3175, SUCCESS, logIndex=0, commits[18b22b39-7551-46dd-8464-dd74933c4739:c4707, 76d6a15c-8eeb-4764-b555-ce8767d18d57:c4705, c90dcfdf-5973-4b56-a955-1fc4555f10cb:c4705]
2019-09-19 11:26:54,898 [grpc-default-executor-5] INFO  client.GrpcClientProtocolClient (GrpcClientProtocolClient.java:onNext(264)) - client-D9B31DDCE961->18b22b39-7551-46dd-8464-dd74933c4739: receive RaftClientReply:client-D9B31DDCE961->18b22b39-7551-46dd-8464-dd74933c4739@group-597320EF17B3, cid=3176, SUCCESS, logIndex=4708, commits[18b22b39-7551-46dd-8464-dd74933c4739:c4709, 76d6a15c-8eeb-4764-b555-ce8767d18d57:c4707, c90dcfdf-5973-4b56-a955-1fc4555f10cb:c4707]
2019-09-19 11:26:54,898 [grpc-default-executor-5] INFO  client.GrpcClientProtocolClient (GrpcClientProtocolClient.java:onNext(264)) - client-D9B31DDCE961->18b22b39-7551-46dd-8464-dd74933c4739: receive RaftClientReply:client-D9B31DDCE961->18b22b39-7551-46dd-8464-dd74933c4739@group-597320EF17B3, cid=3177, SUCCESS, logIndex=4709, commits[18b22b39-7551-46dd-8464-dd74933c4739:c4709, 76d6a15c-8eeb-4764-b555-ce8767d18d57:c4707, c90dcfdf-5973-4b56-a955-1fc4555f10cb:c4707]
2019-09-19 11:26:54,899 [grpc-default-executor-3] INFO  client.GrpcClientProtocolClient (GrpcClientProtocolClient.java:onNext(264)) - client-D9B31DDCE961->18b22b39-7551-46dd-8464-dd74933c4739: receive RaftClientReply:client-D9B31DDCE961->18b22b39-7551-46dd-8464-dd74933c4739@group-597320EF17B3, cid=3178, SUCCESS, logIndex=4710, commits[18b22b39-7551-46dd-8464-dd74933c4739:c4710, 76d6a15c-8eeb-4764-b555-ce8767d18d57:c4707, c90dcfdf-5973-4b56-a955-1fc4555f10cb:c4707]
2019-09-19 11:26:54,899 [grpc-default-executor-3] INFO  client.GrpcClientProtocolClient (GrpcClientProtocolClient.java:onNext(264)) - client-D9B31DDCE961->18b22b39-7551-46dd-8464-dd74933c4739: receive RaftClientReply:client-D9B31DDCE961->18b22b39-7551-46dd-8464-dd74933c4739@group-597320EF17B3, cid=3179, SUCCESS, logIndex=4711, commits[18b22b39-7551-46dd-8464-dd74933c4739:c4711, 76d6a15c-8eeb-4764-b555-ce8767d18d57:c4707, c90dcfdf-5973-4b56-a955-1fc4555f10cb:c4707]
2019-09-19 11:26:54,902 [grpc-default-executor-5] INFO  client.GrpcClientProtocolClient (GrpcClientProtocolClient.java:onNext(264)) - client-D9B31DDCE961->18b22b39-7551-46dd-8464-dd74933c4739: receive RaftClientReply:client-D9B31DDCE961->18b22b39-7551-46dd-8464-dd74933c4739@group-597320EF17B3, cid=3180, SUCCESS, logIndex=0, commits[18b22b39-7551-46dd-8464-dd74933c4739:c4713, 76d6a15c-8eeb-4764-b555-ce8767d18d57:c4709, c90dcfdf-5973-4b56-a955-1fc4555f10cb:c4709]
2019-09-19 11:26:54,921 [grpc-default-executor-5] INFO  client.GrpcClientProtocolClient (GrpcClientProtocolClient.java:onNext(264)) - client-D9B31DDCE961->18b22b39-7551-46dd-8464-dd74933c4739: receive RaftClientReply:client-D9B31DDCE961->18b22b39-7551-46dd-8464-dd74933c4739@group-597320EF17B3, cid=3181, SUCCESS, logIndex=4716, commits[18b22b39-7551-46dd-8464-dd74933c4739:c4717, 76d6a15c-8eeb-4764-b555-ce8767d18d57:c4715, c90dcfdf-5973-4b56-a955-1fc4555f10cb:c4715]
2019-09-19 11:26:54,921 [grpc-default-executor-5] INFO  client.GrpcClientProtocolClient (GrpcClientProtocolClient.java:onNext(264)) - client-D9B31DDCE961->18b22b39-7551-46dd-8464-dd74933c4739: receive RaftClientReply:client-D9B31DDCE961->18b22b39-7551-46dd-8464-dd74933c4739@group-597320EF17B3, cid=3182, SUCCESS, logIndex=4717, commits[18b22b39-7551-46dd-8464-dd74933c4739:c4717, 76d6a15c-8eeb-4764-b555-ce8767d18d57:c4715, c90dcfdf-5973-4b56-a955-1fc4555f10cb:c4715]
2019-09-19 11:26:54,934 [grpc-default-executor-5] INFO  client.GrpcClientProtocolClient (GrpcClientProtocolClient.java:onNext(264)) - client-D9B31DDCE961->18b22b39-7551-46dd-8464-dd74933c4739: receive RaftClientReply:client-D9B31DDCE961->18b22b39-7551-46dd-8464-dd74933c4739@group-597320EF17B3, cid=3183, SUCCESS, logIndex=4720, commits[18b22b39-7551-46dd-8464-dd74933c4739:c4720, 76d6a15c-8eeb-4764-b555-ce8767d18d57:c4717, c90dcfdf-5973-4b56-a955-1fc4555f10cb:c4717]
2019-09-19 11:26:54,935 [grpc-default-executor-5] INFO  client.GrpcClientProtocolClient (GrpcClientProtocolClient.java:onNext(264)) - client-D9B31DDCE961->18b22b39-7551-46dd-8464-dd74933c4739: receive RaftClientReply:client-D9B31DDCE961->18b22b39-7551-46dd-8464-dd74933c4739@group-597320EF17B3, cid=3184, SUCCESS, logIndex=4721, commits[18b22b39-7551-46dd-8464-dd74933c4739:c4721, 76d6a15c-8eeb-4764-b555-ce8767d18d57:c4717, c90dcfdf-5973-4b56-a955-1fc4555f10cb:c4717]
2019-09-19 11:26:54,947 [grpc-default-executor-5] INFO  client.GrpcClientProtocolClient (GrpcClientProtocolClient.java:onNext(264)) - client-D9B31DDCE961->18b22b39-7551-46dd-8464-dd74933c4739: receive RaftClientReply:client-D9B31DDCE961->18b22b39-7551-46dd-8464-dd74933c4739@group-597320EF17B3, cid=3185, SUCCESS, logIndex=0, commits[18b22b39-7551-46dd-8464-dd74933c4739:c4723, 76d6a15c-8eeb-4764-b555-ce8767d18d57:c4721, c90dcfdf-5973-4b56-a955-1fc4555f10cb:c4721]
2019-09-19 11:26:54,975 [grpc-default-executor-1] INFO  client.GrpcClientProtocolClient (GrpcClientProtocolClient.java:onNext(264)) - client-D9B31DDCE961->18b22b39-7551-46dd-8464-dd74933c4739: receive RaftClientReply:client-D9B31DDCE961->18b22b39-7551-46dd-8464-dd74933c4739@group-597320EF17B3, cid=3186, SUCCESS, logIndex=4724, commits[18b22b39-7551-46dd-8464-dd74933c4739:c4725, 76d6a15c-8eeb-4764-b555-ce8767d18d57:c4723, c90dcfdf-5973-4b56-a955-1fc4555f10cb:c4723]
2019-09-19 11:26:54,976 [grpc-default-executor-5] INFO  client.GrpcClientProtocolClient (GrpcClientProtocolClient.java:onNext(264)) - client-D9B31DDCE961->18b22b39-7551-46dd-8464-dd74933c4739: receive RaftClientReply:client-D9B31DDCE961->18b22b39-7551-46dd-8464-dd74933c4739@group-597320EF17B3, cid=3187, SUCCESS, logIndex=4725, commits[18b22b39-7551-46dd-8464-dd74933c4739:c4725, 76d6a15c-8eeb-4764-b555-ce8767d18d57:c4723, c90dcfdf-5973-4b56-a955-1fc4555f10cb:c4723]
2019-09-19 11:26:54,976 [grpc-default-executor-5] INFO  client.GrpcClientProtocolClient (GrpcClientProtocolClient.java:onNext(264)) - client-D9B31DDCE961->18b22b39-7551-46dd-8464-dd74933c4739: receive RaftClientReply:client-D9B31DDCE961->18b22b39-7551-46dd-8464-dd74933c4739@group-597320EF17B3, cid=3188, SUCCESS, logIndex=4726, commits[18b22b39-7551-46dd-8464-dd74933c4739:c4727, 76d6a15c-8eeb-4764-b555-ce8767d18d57:c4723, c90dcfdf-5973-4b56-a955-1fc4555f10cb:c4723]
2019-09-19 11:26:54,976 [grpc-default-executor-5] INFO  client.GrpcClientProtocolClient (GrpcClientProtocolClient.java:onNext(264)) - client-D9B31DDCE961->18b22b39-7551-46dd-8464-dd74933c4739: receive RaftClientReply:client-D9B31DDCE961->18b22b39-7551-46dd-8464-dd74933c4739@group-597320EF17B3, cid=3189, SUCCESS, logIndex=4727, commits[18b22b39-7551-46dd-8464-dd74933c4739:c4727, 76d6a15c-8eeb-4764-b555-ce8767d18d57:c4723, c90dcfdf-5973-4b56-a955-1fc4555f10cb:c4723]
2019-09-19 11:26:54,991 [grpc-default-executor-5] INFO  client.GrpcClientProtocolClient (GrpcClientProtocolClient.java:onNext(264)) - client-D9B31DDCE961->18b22b39-7551-46dd-8464-dd74933c4739: receive RaftClientReply:client-D9B31DDCE961->18b22b39-7551-46dd-8464-dd74933c4739@group-597320EF17B3, cid=3190, SUCCESS, logIndex=0, commits[18b22b39-7551-46dd-8464-dd74933c4739:c4729, 76d6a15c-8eeb-4764-b555-ce8767d18d57:c4725, c90dcfdf-5973-4b56-a955-1fc4555f10cb:c4725]
2019-09-19 11:26:55,000 [grpc-default-executor-7] INFO  client.GrpcClientProtocolClient (GrpcClientProtocolClient.java:onNext(264)) - client-D9B31DDCE961->18b22b39-7551-46dd-8464-dd74933c4739: receive RaftClientReply:client-D9B31DDCE961->18b22b39-7551-46dd-8464-dd74933c4739@group-597320EF17B3, cid=3191, SUCCESS, logIndex=4732, commits[18b22b39-7551-46dd-8464-dd74933c4739:c4733, 76d6a15c-8eeb-4764-b555-ce8767d18d57:c4731, c90dcfdf-5973-4b56-a955-1fc4555f10cb:c4727]
2019-09-19 11:26:55,000 [grpc-default-executor-7] INFO  client.GrpcClientProtocolClient (GrpcClientProtocolClient.java:onNext(264)) - client-D9B31DDCE961->18b22b39-7551-46dd-8464-dd74933c4739: receive RaftClientReply:client-D9B31DDCE961->18b22b39-7551-46dd-8464-dd74933c4739@group-597320EF17B3, cid=3192, SUCCESS, logIndex=4733, commits[18b22b39-7551-46dd-8464-dd74933c4739:c4733, 76d6a15c-8eeb-4764-b555-ce8767d18d57:c4731, c90dcfdf-5973-4b56-a955-1fc4555f10cb:c4731]
2019-09-19 11:26:55,600 [grpc-default-executor-5] INFO  client.GrpcClientProtocolClient (GrpcClientProtocolClient.java:onNext(264)) - client-D9B31DDCE961->18b22b39-7551-46dd-8464-dd74933c4739: receive RaftClientReply:client-D9B31DDCE961->18b22b39-7551-46dd-8464-dd74933c4739@group-597320EF17B3, cid=3193, SUCCESS, logIndex=4736, commits[18b22b39-7551-46dd-8464-dd74933c4739:c4737, 76d6a15c-8eeb-4764-b555-ce8767d18d57:c4735, c90dcfdf-5973-4b56-a955-1fc4555f10cb:c4735]
2019-09-19 11:26:55,601 [grpc-default-executor-5] INFO  client.GrpcClientProtocolClient (GrpcClientProtocolClient.java:onNext(264)) - client-D9B31DDCE961->18b22b39-7551-46dd-8464-dd74933c4739: receive RaftClientReply:client-D9B31DDCE961->18b22b39-7551-46dd-8464-dd74933c4739@group-597320EF17B3, cid=3194, SUCCESS, logIndex=4737, commits[18b22b39-7551-46dd-8464-dd74933c4739:c4737, 76d6a15c-8eeb-4764-b555-ce8767d18d57:c4735, c90dcfdf-5973-4b56-a955-1fc4555f10cb:c4735]
2019-09-19 11:26:55,610 [grpc-default-executor-7] INFO  client.GrpcClientProtocolClient (GrpcClientProtocolClient.java:onNext(264)) - client-D9B31DDCE961->18b22b39-7551-46dd-8464-dd74933c4739: receive RaftClientReply:client-D9B31DDCE961->18b22b39-7551-46dd-8464-dd74933c4739@group-597320EF17B3, cid=3195, SUCCESS, logIndex=0, commits[18b22b39-7551-46dd-8464-dd74933c4739:c4738, 76d6a15c-8eeb-4764-b555-ce8767d18d57:c4737, c90dcfdf-5973-4b56-a955-1fc4555f10cb:c4737]
2019-09-19 11:26:55,650 [grpc-default-executor-7] INFO  client.GrpcClientProtocolClient (GrpcClientProtocolClient.java:onNext(264)) - client-D9B31DDCE961->18b22b39-7551-46dd-8464-dd74933c4739: receive RaftClientReply:client-D9B31DDCE961->18b22b39-7551-46dd-8464-dd74933c4739@group-597320EF17B3, cid=3196, SUCCESS, logIndex=4740, commits[18b22b39-7551-46dd-8464-dd74933c4739:c4741, 76d6a15c-8eeb-4764-b555-ce8767d18d57:c4739, c90dcfdf-5973-4b56-a955-1fc4555f10cb:c4739]
2019-09-19 11:26:55,650 [grpc-default-executor-1] INFO  client.GrpcClientProtocolClient (GrpcClientProtocolClient.java:onNext(264)) - client-D9B31DDCE961->18b22b39-7551-46dd-8464-dd74933c4739: receive RaftClientReply:client-D9B31DDCE961->18b22b39-7551-46dd-8464-dd74933c4739@group-597320EF17B3, cid=3197, SUCCESS, logIndex=4741, commits[18b22b39-7551-46dd-8464-dd74933c4739:c4742, 76d6a15c-8eeb-4764-b555-ce8767d18d57:c4739, c90dcfdf-5973-4b56-a955-1fc4555f10cb:c4739]
2019-09-19 11:26:55,651 [grpc-default-executor-5] INFO  client.GrpcClientProtocolClient (GrpcClientProtocolClient.java:onNext(264)) - client-D9B31DDCE961->18b22b39-7551-46dd-8464-dd74933c4739: receive RaftClientReply:client-D9B31DDCE961->18b22b39-7551-46dd-8464-dd74933c4739@group-597320EF17B3, cid=3198, SUCCESS, logIndex=4742, commits[18b22b39-7551-46dd-8464-dd74933c4739:c4743, 76d6a15c-8eeb-4764-b555-ce8767d18d57:c4739, c90dcfdf-5973-4b56-a955-1fc4555f10cb:c4739]
2019-09-19 11:26:55,651 [grpc-default-executor-5] INFO  client.GrpcClientProtocolClient (GrpcClientProtocolClient.java:onNext(264)) - client-D9B31DDCE961->18b22b39-7551-46dd-8464-dd74933c4739: receive RaftClientReply:client-D9B31DDCE961->18b22b39-7551-46dd-8464-dd74933c4739@group-597320EF17B3, cid=3199, SUCCESS, logIndex=4743, commits[18b22b39-7551-46dd-8464-dd74933c4739:c4743, 76d6a15c-8eeb-4764-b555-ce8767d18d57:c4739, c90dcfdf-5973-4b56-a955-1fc4555f10cb:c4739]
2019-09-19 11:26:55,652 [grpc-default-executor-5] INFO  client.GrpcClientProtocolClient (GrpcClientProtocolClient.java:onNext(264)) - client-D9B31DDCE961->18b22b39-7551-46dd-8464-dd74933c4739: receive RaftClientReply:client-D9B31DDCE961->18b22b39-7551-46dd-8464-dd74933c4739@group-597320EF17B3, cid=3200, SUCCESS, logIndex=0, commits[18b22b39-7551-46dd-8464-dd74933c4739:c4746, 76d6a15c-8eeb-4764-b555-ce8767d18d57:c4743, c90dcfdf-5973-4b56-a955-1fc4555f10cb:c4741]
2019-09-19 11:26:55,673 [grpc-default-executor-7] INFO  client.GrpcClientProtocolClient (GrpcClientProtocolClient.java:onNext(264)) - client-D9B31DDCE961->18b22b39-7551-46dd-8464-dd74933c4739: receive RaftClientReply:client-D9B31DDCE961->18b22b39-7551-46dd-8464-dd74933c4739@group-597320EF17B3, cid=3201, SUCCESS, logIndex=4748, commits[18b22b39-7551-46dd-8464-dd74933c4739:c4749, 76d6a15c-8eeb-4764-b555-ce8767d18d57:c4747, c90dcfdf-5973-4b56-a955-1fc4555f10cb:c4747]
2019-09-19 11:26:55,673 [grpc-default-executor-7] INFO  client.GrpcClientProtocolClient (GrpcClientProtocolClient.java:onNext(264)) - client-D9B31DDCE961->18b22b39-7551-46dd-8464-dd74933c4739: receive RaftClientReply:client-D9B31DDCE961->18b22b39-7551-46dd-8464-dd74933c4739@group-597320EF17B3, cid=3202, SUCCESS, logIndex=4749, commits[18b22b39-7551-46dd-8464-dd74933c4739:c4749, 76d6a15c-8eeb-4764-b555-ce8767d18d57:c4747, c90dcfdf-5973-4b56-a955-1fc4555f10cb:c4747]
2019-09-19 11:26:55,686 [grpc-default-executor-7] INFO  client.GrpcClientProtocolClient (GrpcClientProtocolClient.java:onNext(264)) - client-D9B31DDCE961->18b22b39-7551-46dd-8464-dd74933c4739: receive RaftClientReply:client-D9B31DDCE961->18b22b39-7551-46dd-8464-dd74933c4739@group-597320EF17B3, cid=3203, SUCCESS, logIndex=4752, commits[18b22b39-7551-46dd-8464-dd74933c4739:c4752, 76d6a15c-8eeb-4764-b555-ce8767d18d57:c4749, c90dcfdf-5973-4b56-a955-1fc4555f10cb:c4749]
2019-09-19 11:26:55,686 [grpc-default-executor-7] INFO  client.GrpcClientProtocolClient (GrpcClientProtocolClient.java:onNext(264)) - client-D9B31DDCE961->18b22b39-7551-46dd-8464-dd74933c4739: receive RaftClientReply:client-D9B31DDCE961->18b22b39-7551-46dd-8464-dd74933c4739@group-597320EF17B3, cid=3204, SUCCESS, logIndex=4753, commits[18b22b39-7551-46dd-8464-dd74933c4739:c4753, 76d6a15c-8eeb-4764-b555-ce8767d18d57:c4749, c90dcfdf-5973-4b56-a955-1fc4555f10cb:c4749]
2019-09-19 11:26:55,698 [grpc-default-executor-5] INFO  client.GrpcClientProtocolClient (GrpcClientProtocolClient.java:onNext(264)) - client-D9B31DDCE961->18b22b39-7551-46dd-8464-dd74933c4739: receive RaftClientReply:client-D9B31DDCE961->18b22b39-7551-46dd-8464-dd74933c4739@group-597320EF17B3, cid=3205, SUCCESS, logIndex=0, commits[18b22b39-7551-46dd-8464-dd74933c4739:c4754, 76d6a15c-8eeb-4764-b555-ce8767d18d57:c4753, c90dcfdf-5973-4b56-a955-1fc4555f10cb:c4753]
2019-09-19 11:26:55,730 [grpc-default-executor-7] INFO  client.GrpcClientProtocolClient (GrpcClientProtocolClient.java:onNext(264)) - client-D9B31DDCE961->18b22b39-7551-46dd-8464-dd74933c4739: receive RaftClientReply:client-D9B31DDCE961->18b22b39-7551-46dd-8464-dd74933c4739@group-597320EF17B3, cid=3206, SUCCESS, logIndex=4756, commits[18b22b39-7551-46dd-8464-dd74933c4739:c4757, 76d6a15c-8eeb-4764-b555-ce8767d18d57:c4755, c90dcfdf-5973-4b56-a955-1fc4555f10cb:c4755]
2019-09-19 11:26:55,730 [grpc-default-executor-7] INFO  client.GrpcClientProtocolClient (GrpcClientProtocolClient.java:onNext(264)) - client-D9B31DDCE961->18b22b39-7551-46dd-8464-dd74933c4739: receive RaftClientReply:client-D9B31DDCE961->18b22b39-7551-46dd-8464-dd74933c4739@group-597320EF17B3, cid=3207, SUCCESS, logIndex=4757, commits[18b22b39-7551-46dd-8464-dd74933c4739:c4757, 76d6a15c-8eeb-4764-b555-ce8767d18d57:c4755, c90dcfdf-5973-4b56-a955-1fc4555f10cb:c4755]
2019-09-19 11:26:55,731 [grpc-default-executor-5] INFO  client.GrpcClientProtocolClient (GrpcClientProtocolClient.java:onNext(264)) - client-D9B31DDCE961->18b22b39-7551-46dd-8464-dd74933c4739: receive RaftClientReply:client-D9B31DDCE961->18b22b39-7551-46dd-8464-dd74933c4739@group-597320EF17B3, cid=3208, SUCCESS, logIndex=4758, commits[18b22b39-7551-46dd-8464-dd74933c4739:c4759, 76d6a15c-8eeb-4764-b555-ce8767d18d57:c4755, c90dcfdf-5973-4b56-a955-1fc4555f10cb:c4755]
2019-09-19 11:26:55,731 [grpc-default-executor-5] INFO  client.GrpcClientProtocolClient (GrpcClientProtocolClient.java:onNext(264)) - client-D9B31DDCE961->18b22b39-7551-46dd-8464-dd74933c4739: receive RaftClientReply:client-D9B31DDCE961->18b22b39-7551-46dd-8464-dd74933c4739@group-597320EF17B3, cid=3209, SUCCESS, logIndex=4759, commits[18b22b39-7551-46dd-8464-dd74933c4739:c4759, 76d6a15c-8eeb-4764-b555-ce8767d18d57:c4755, c90dcfdf-5973-4b56-a955-1fc4555f10cb:c4755]
2019-09-19 11:26:55,733 [grpc-default-executor-7] INFO  client.GrpcClientProtocolClient (GrpcClientProtocolClient.java:onNext(264)) - client-D9B31DDCE961->18b22b39-7551-46dd-8464-dd74933c4739: receive RaftClientReply:client-D9B31DDCE961->18b22b39-7551-46dd-8464-dd74933c4739@group-597320EF17B3, cid=3210, SUCCESS, logIndex=0, commits[18b22b39-7551-46dd-8464-dd74933c4739:c4761, 76d6a15c-8eeb-4764-b555-ce8767d18d57:c4757, c90dcfdf-5973-4b56-a955-1fc4555f10cb:c4757]
2019-09-19 11:26:55,751 [grpc-default-executor-5] INFO  client.GrpcClientProtocolClient (GrpcClientProtocolClient.java:onNext(264)) - client-D9B31DDCE961->18b22b39-7551-46dd-8464-dd74933c4739: receive RaftClientReply:client-D9B31DDCE961->18b22b39-7551-46dd-8464-dd74933c4739@group-597320EF17B3, cid=3211, SUCCESS, logIndex=4764, commits[18b22b39-7551-46dd-8464-dd74933c4739:c4765, 76d6a15c-8eeb-4764-b555-ce8767d18d57:c4763, c90dcfdf-5973-4b56-a955-1fc4555f10cb:c4763]
2019-09-19 11:26:55,751 [grpc-default-executor-5] INFO  client.GrpcClientProtocolClient (GrpcClientProtocolClient.java:onNext(264)) - client-D9B31DDCE961->18b22b39-7551-46dd-8464-dd74933c4739: receive RaftClientReply:client-D9B31DDCE961->18b22b39-7551-46dd-8464-dd74933c4739@group-597320EF17B3, cid=3212, SUCCESS, logIndex=4765, commits[18b22b39-7551-46dd-8464-dd74933c4739:c4765, 76d6a15c-8eeb-4764-b555-ce8767d18d57:c4763, c90dcfdf-5973-4b56-a955-1fc4555f10cb:c4763]
 0.00% |█                                                                                                    |  0/1 Time: 0:00:592019-09-19 11:26:55,917 [grpc-default-executor-5] INFO  client.GrpcClientProtocolClient (GrpcClientProtocolClient.java:onNext(264)) - client-D9B31DDCE961->18b22b39-7551-46dd-8464-dd74933c4739: receive RaftClientReply:client-D9B31DDCE961->18b22b39-7551-46dd-8464-dd74933c4739@group-597320EF17B3, cid=3213, SUCCESS, logIndex=4768, commits[18b22b39-7551-46dd-8464-dd74933c4739:c4769, 76d6a15c-8eeb-4764-b555-ce8767d18d57:c4765, c90dcfdf-5973-4b56-a955-1fc4555f10cb:c4765]
2019-09-19 11:26:55,917 [grpc-default-executor-5] INFO  client.GrpcClientProtocolClient (GrpcClientProtocolClient.java:onNext(264)) - client-D9B31DDCE961->18b22b39-7551-46dd-8464-dd74933c4739: receive RaftClientReply:client-D9B31DDCE961->18b22b39-7551-46dd-8464-dd74933c4739@group-597320EF17B3, cid=3214, SUCCESS, logIndex=4769, commits[18b22b39-7551-46dd-8464-dd74933c4739:c4769, 76d6a15c-8eeb-4764-b555-ce8767d18d57:c4765, c90dcfdf-5973-4b56-a955-1fc4555f10cb:c4765]
2019-09-19 11:26:55,919 [grpc-default-executor-3] INFO  client.GrpcClientProtocolClient (GrpcClientProtocolClient.java:onNext(264)) - client-D9B31DDCE961->18b22b39-7551-46dd-8464-dd74933c4739: receive RaftClientReply:client-D9B31DDCE961->18b22b39-7551-46dd-8464-dd74933c4739@group-597320EF17B3, cid=3215, SUCCESS, logIndex=0, commits[18b22b39-7551-46dd-8464-dd74933c4739:c4771, 76d6a15c-8eeb-4764-b555-ce8767d18d57:c4769, c90dcfdf-5973-4b56-a955-1fc4555f10cb:c4769]
2019-09-19 11:26:55,952 [grpc-default-executor-5] INFO  client.GrpcClientProtocolClient (GrpcClientProtocolClient.java:onNext(264)) - client-D9B31DDCE961->18b22b39-7551-46dd-8464-dd74933c4739: receive RaftClientReply:client-D9B31DDCE961->18b22b39-7551-46dd-8464-dd74933c4739@group-597320EF17B3, cid=3216, SUCCESS, logIndex=4772, commits[18b22b39-7551-46dd-8464-dd74933c4739:c4772, 76d6a15c-8eeb-4764-b555-ce8767d18d57:c4769, c90dcfdf-5973-4b56-a955-1fc4555f10cb:c4771]
2019-09-19 11:26:55,952 [grpc-default-executor-7] INFO  client.GrpcClientProtocolClient (GrpcClientProtocolClient.java:onNext(264)) - client-D9B31DDCE961->18b22b39-7551-46dd-8464-dd74933c4739: receive RaftClientReply:client-D9B31DDCE961->18b22b39-7551-46dd-8464-dd74933c4739@group-597320EF17B3, cid=3217, SUCCESS, logIndex=4773, commits[18b22b39-7551-46dd-8464-dd74933c4739:c4773, 76d6a15c-8eeb-4764-b555-ce8767d18d57:c4771, c90dcfdf-5973-4b56-a955-1fc4555f10cb:c4771]
2019-09-19 11:26:55,953 [grpc-default-executor-7] INFO  client.GrpcClientProtocolClient (GrpcClientProtocolClient.java:onNext(264)) - client-D9B31DDCE961->18b22b39-7551-46dd-8464-dd74933c4739: receive RaftClientReply:client-D9B31DDCE961->18b22b39-7551-46dd-8464-dd74933c4739@group-597320EF17B3, cid=3218, SUCCESS, logIndex=4774, commits[18b22b39-7551-46dd-8464-dd74933c4739:c4775, 76d6a15c-8eeb-4764-b555-ce8767d18d57:c4771, c90dcfdf-5973-4b56-a955-1fc4555f10cb:c4771]
2019-09-19 11:26:55,953 [grpc-default-executor-7] INFO  client.GrpcClientProtocolClient (GrpcClientProtocolClient.java:onNext(264)) - client-D9B31DDCE961->18b22b39-7551-46dd-8464-dd74933c4739: receive RaftClientReply:client-D9B31DDCE961->18b22b39-7551-46dd-8464-dd74933c4739@group-597320EF17B3, cid=3219, SUCCESS, logIndex=4775, commits[18b22b39-7551-46dd-8464-dd74933c4739:c4775, 76d6a15c-8eeb-4764-b555-ce8767d18d57:c4771, c90dcfdf-5973-4b56-a955-1fc4555f10cb:c4771]
2019-09-19 11:26:55,955 [grpc-default-executor-7] INFO  client.GrpcClientProtocolClient (GrpcClientProtocolClient.java:onNext(264)) - client-D9B31DDCE961->18b22b39-7551-46dd-8464-dd74933c4739: receive RaftClientReply:client-D9B31DDCE961->18b22b39-7551-46dd-8464-dd74933c4739@group-597320EF17B3, cid=3220, SUCCESS, logIndex=0, commits[18b22b39-7551-46dd-8464-dd74933c4739:c4778, 76d6a15c-8eeb-4764-b555-ce8767d18d57:c4775, c90dcfdf-5973-4b56-a955-1fc4555f10cb:c4773]
2019-09-19 11:26:55,974 [grpc-default-executor-3] INFO  client.GrpcClientProtocolClient (GrpcClientProtocolClient.java:onNext(264)) - client-D9B31DDCE961->18b22b39-7551-46dd-8464-dd74933c4739: receive RaftClientReply:client-D9B31DDCE961->18b22b39-7551-46dd-8464-dd74933c4739@group-597320EF17B3, cid=3221, SUCCESS, logIndex=4780, commits[18b22b39-7551-46dd-8464-dd74933c4739:c4781, 76d6a15c-8eeb-4764-b555-ce8767d18d57:c4779, c90dcfdf-5973-4b56-a955-1fc4555f10cb:c4779]
2019-09-19 11:26:55,975 [grpc-default-executor-3] INFO  client.GrpcClientProtocolClient (GrpcClientProtocolClient.java:onNext(264)) - client-D9B31DDCE961->18b22b39-7551-46dd-8464-dd74933c4739: receive RaftClientReply:client-D9B31DDCE961->18b22b39-7551-46dd-8464-dd74933c4739@group-597320EF17B3, cid=3222, SUCCESS, logIndex=4781, commits[18b22b39-7551-46dd-8464-dd74933c4739:c4781, 76d6a15c-8eeb-4764-b555-ce8767d18d57:c4779, c90dcfdf-5973-4b56-a955-1fc4555f10cb:c4779]
2019-09-19 11:26:55,987 [grpc-default-executor-5] INFO  client.GrpcClientProtocolClient (GrpcClientProtocolClient.java:onNext(264)) - client-D9B31DDCE961->18b22b39-7551-46dd-8464-dd74933c4739: receive RaftClientReply:client-D9B31DDCE961->18b22b39-7551-46dd-8464-dd74933c4739@group-597320EF17B3, cid=3223, SUCCESS, logIndex=4784, commits[18b22b39-7551-46dd-8464-dd74933c4739:c4784, 76d6a15c-8eeb-4764-b555-ce8767d18d57:c4781, c90dcfdf-5973-4b56-a955-1fc4555f10cb:c4781]
2019-09-19 11:26:55,987 [grpc-default-executor-5] INFO  client.GrpcClientProtocolClient (GrpcClientProtocolClient.java:onNext(264)) - client-D9B31DDCE961->18b22b39-7551-46dd-8464-dd74933c4739: receive RaftClientReply:client-D9B31DDCE961->18b22b39-7551-46dd-8464-dd74933c4739@group-597320EF17B3, cid=3224, SUCCESS, logIndex=4785, commits[18b22b39-7551-46dd-8464-dd74933c4739:c4785, 76d6a15c-8eeb-4764-b555-ce8767d18d57:c4781, c90dcfdf-5973-4b56-a955-1fc4555f10cb:c4781]
2019-09-19 11:26:56,000 [grpc-default-executor-5] INFO  client.GrpcClientProtocolClient (GrpcClientProtocolClient.java:onNext(264)) - client-D9B31DDCE961->18b22b39-7551-46dd-8464-dd74933c4739: receive RaftClientReply:client-D9B31DDCE961->18b22b39-7551-46dd-8464-dd74933c4739@group-597320EF17B3, cid=3225, SUCCESS, logIndex=0, commits[18b22b39-7551-46dd-8464-dd74933c4739:c4787, 76d6a15c-8eeb-4764-b555-ce8767d18d57:c4785, c90dcfdf-5973-4b56-a955-1fc4555f10cb:c4785]
2019-09-19 11:26:56,028 [grpc-default-executor-5] INFO  client.GrpcClientProtocolClient (GrpcClientProtocolClient.java:onNext(264)) - client-D9B31DDCE961->18b22b39-7551-46dd-8464-dd74933c4739: receive RaftClientReply:client-D9B31DDCE961->18b22b39-7551-46dd-8464-dd74933c4739@group-597320EF17B3, cid=3226, SUCCESS, logIndex=4788, commits[18b22b39-7551-46dd-8464-dd74933c4739:c4789, 76d6a15c-8eeb-4764-b555-ce8767d18d57:c4787, c90dcfdf-5973-4b56-a955-1fc4555f10cb:c4787]
2019-09-19 11:26:56,029 [grpc-default-executor-3] INFO  client.GrpcClientProtocolClient (GrpcClientProtocolClient.java:onNext(264)) - client-D9B31DDCE961->18b22b39-7551-46dd-8464-dd74933c4739: receive RaftClientReply:client-D9B31DDCE961->18b22b39-7551-46dd-8464-dd74933c4739@group-597320EF17B3, cid=3227, SUCCESS, logIndex=4789, commits[18b22b39-7551-46dd-8464-dd74933c4739:c4789, 76d6a15c-8eeb-4764-b555-ce8767d18d57:c4787, c90dcfdf-5973-4b56-a955-1fc4555f10cb:c4787]
2019-09-19 11:26:56,029 [grpc-default-executor-3] INFO  client.GrpcClientProtocolClient (GrpcClientProtocolClient.java:onNext(264)) - client-D9B31DDCE961->18b22b39-7551-46dd-8464-dd74933c4739: receive RaftClientReply:client-D9B31DDCE961->18b22b39-7551-46dd-8464-dd74933c4739@group-597320EF17B3, cid=3228, SUCCESS, logIndex=4790, commits[18b22b39-7551-46dd-8464-dd74933c4739:c4790, 76d6a15c-8eeb-4764-b555-ce8767d18d57:c4787, c90dcfdf-5973-4b56-a955-1fc4555f10cb:c4787]
2019-09-19 11:26:56,029 [grpc-default-executor-3] INFO  client.GrpcClientProtocolClient (GrpcClientProtocolClient.java:onNext(264)) - client-D9B31DDCE961->18b22b39-7551-46dd-8464-dd74933c4739: receive RaftClientReply:client-D9B31DDCE961->18b22b39-7551-46dd-8464-dd74933c4739@group-597320EF17B3, cid=3229, SUCCESS, logIndex=4791, commits[18b22b39-7551-46dd-8464-dd74933c4739:c4791, 76d6a15c-8eeb-4764-b555-ce8767d18d57:c4787, c90dcfdf-5973-4b56-a955-1fc4555f10cb:c4787]
2019-09-19 11:26:56,030 [grpc-default-executor-3] INFO  client.GrpcClientProtocolClient (GrpcClientProtocolClient.java:onNext(264)) - client-D9B31DDCE961->18b22b39-7551-46dd-8464-dd74933c4739: receive RaftClientReply:client-D9B31DDCE961->18b22b39-7551-46dd-8464-dd74933c4739@group-597320EF17B3, cid=3230, SUCCESS, logIndex=0, commits[18b22b39-7551-46dd-8464-dd74933c4739:c4793, 76d6a15c-8eeb-4764-b555-ce8767d18d57:c4789, c90dcfdf-5973-4b56-a955-1fc4555f10cb:c4789]
2019-09-19 11:26:56,049 [grpc-default-executor-1] INFO  client.GrpcClientProtocolClient (GrpcClientProtocolClient.java:onNext(264)) - client-D9B31DDCE961->18b22b39-7551-46dd-8464-dd74933c4739: receive RaftClientReply:client-D9B31DDCE961->18b22b39-7551-46dd-8464-dd74933c4739@group-597320EF17B3, cid=3231, SUCCESS, logIndex=4796, commits[18b22b39-7551-46dd-8464-dd74933c4739:c4797, 76d6a15c-8eeb-4764-b555-ce8767d18d57:c4795, c90dcfdf-5973-4b56-a955-1fc4555f10cb:c4795]
2019-09-19 11:26:56,049 [grpc-default-executor-1] INFO  client.GrpcClientProtocolClient (GrpcClientProtocolClient.java:onNext(264)) - client-D9B31DDCE961->18b22b39-7551-46dd-8464-dd74933c4739: receive RaftClientReply:client-D9B31DDCE961->18b22b39-7551-46dd-8464-dd74933c4739@group-597320EF17B3, cid=3232, SUCCESS, logIndex=4797, commits[18b22b39-7551-46dd-8464-dd74933c4739:c4797, 76d6a15c-8eeb-4764-b555-ce8767d18d57:c4795, c90dcfdf-5973-4b56-a955-1fc4555f10cb:c4795]
2019-09-19 11:26:56,062 [grpc-default-executor-3] INFO  client.GrpcClientProtocolClient (GrpcClientProtocolClient.java:onNext(264)) - client-D9B31DDCE961->18b22b39-7551-46dd-8464-dd74933c4739: receive RaftClientReply:client-D9B31DDCE961->18b22b39-7551-46dd-8464-dd74933c4739@group-597320EF17B3, cid=3233, SUCCESS, logIndex=4800, commits[18b22b39-7551-46dd-8464-dd74933c4739:c4800, 76d6a15c-8eeb-4764-b555-ce8767d18d57:c4797, c90dcfdf-5973-4b56-a955-1fc4555f10cb:c4797]
2019-09-19 11:26:56,063 [grpc-default-executor-3] INFO  client.GrpcClientProtocolClient (GrpcClientProtocolClient.java:onNext(264)) - client-D9B31DDCE961->18b22b39-7551-46dd-8464-dd74933c4739: receive RaftClientReply:client-D9B31DDCE961->18b22b39-7551-46dd-8464-dd74933c4739@group-597320EF17B3, cid=3234, SUCCESS, logIndex=4801, commits[18b22b39-7551-46dd-8464-dd74933c4739:c4801, 76d6a15c-8eeb-4764-b555-ce8767d18d57:c4797, c90dcfdf-5973-4b56-a955-1fc4555f10cb:c4797]
2019-09-19 11:26:56,075 [grpc-default-executor-3] INFO  client.GrpcClientProtocolClient (GrpcClientProtocolClient.java:onNext(264)) - client-D9B31DDCE961->18b22b39-7551-46dd-8464-dd74933c4739: receive RaftClientReply:client-D9B31DDCE961->18b22b39-7551-46dd-8464-dd74933c4739@group-597320EF17B3, cid=3235, SUCCESS, logIndex=0, commits[18b22b39-7551-46dd-8464-dd74933c4739:c4802, 76d6a15c-8eeb-4764-b555-ce8767d18d57:c4801, c90dcfdf-5973-4b56-a955-1fc4555f10cb:c4801]
2019-09-19 11:26:56,102 [grpc-default-executor-5] INFO  client.GrpcClientProtocolClient (GrpcClientProtocolClient.java:onNext(264)) - client-D9B31DDCE961->18b22b39-7551-46dd-8464-dd74933c4739: receive RaftClientReply:client-D9B31DDCE961->18b22b39-7551-46dd-8464-dd74933c4739@group-597320EF17B3, cid=3236, SUCCESS, logIndex=4804, commits[18b22b39-7551-46dd-8464-dd74933c4739:c4804, 76d6a15c-8eeb-4764-b555-ce8767d18d57:c4803, c90dcfdf-5973-4b56-a955-1fc4555f10cb:c4803]
2019-09-19 11:26:56,102 [grpc-default-executor-5] INFO  client.GrpcClientProtocolClient (GrpcClientProtocolClient.java:onNext(264)) - client-D9B31DDCE961->18b22b39-7551-46dd-8464-dd74933c4739: receive RaftClientReply:client-D9B31DDCE961->18b22b39-7551-46dd-8464-dd74933c4739@group-597320EF17B3, cid=3237, SUCCESS, logIndex=4805, commits[18b22b39-7551-46dd-8464-dd74933c4739:c4805, 76d6a15c-8eeb-4764-b555-ce8767d18d57:c4803, c90dcfdf-5973-4b56-a955-1fc4555f10cb:c4803]
2019-09-19 11:26:56,103 [grpc-default-executor-5] INFO  client.GrpcClientProtocolClient (GrpcClientProtocolClient.java:onNext(264)) - client-D9B31DDCE961->18b22b39-7551-46dd-8464-dd74933c4739: receive RaftClientReply:client-D9B31DDCE961->18b22b39-7551-46dd-8464-dd74933c4739@group-597320EF17B3, cid=3238, SUCCESS, logIndex=4806, commits[18b22b39-7551-46dd-8464-dd74933c4739:c4807, 76d6a15c-8eeb-4764-b555-ce8767d18d57:c4803, c90dcfdf-5973-4b56-a955-1fc4555f10cb:c4803]
2019-09-19 11:26:56,103 [grpc-default-executor-5] INFO  client.GrpcClientProtocolClient (GrpcClientProtocolClient.java:onNext(264)) - client-D9B31DDCE961->18b22b39-7551-46dd-8464-dd74933c4739: receive RaftClientReply:client-D9B31DDCE961->18b22b39-7551-46dd-8464-dd74933c4739@group-597320EF17B3, cid=3239, SUCCESS, logIndex=4807, commits[18b22b39-7551-46dd-8464-dd74933c4739:c4807, 76d6a15c-8eeb-4764-b555-ce8767d18d57:c4803, c90dcfdf-5973-4b56-a955-1fc4555f10cb:c4803]
2019-09-19 11:26:56,105 [grpc-default-executor-3] INFO  client.GrpcClientProtocolClient (GrpcClientProtocolClient.java:onNext(264)) - client-D9B31DDCE961->18b22b39-7551-46dd-8464-dd74933c4739: receive RaftClientReply:client-D9B31DDCE961->18b22b39-7551-46dd-8464-dd74933c4739@group-597320EF17B3, cid=3240, SUCCESS, logIndex=0, commits[18b22b39-7551-46dd-8464-dd74933c4739:c4810, 76d6a15c-8eeb-4764-b555-ce8767d18d57:c4805, c90dcfdf-5973-4b56-a955-1fc4555f10cb:c4807]
2019-09-19 11:26:56,127 [grpc-default-executor-3] INFO  client.GrpcClientProtocolClient (GrpcClientProtocolClient.java:onNext(264)) - client-D9B31DDCE961->18b22b39-7551-46dd-8464-dd74933c4739: receive RaftClientReply:client-D9B31DDCE961->18b22b39-7551-46dd-8464-dd74933c4739@group-597320EF17B3, cid=3241, SUCCESS, logIndex=4811, commits[18b22b39-7551-46dd-8464-dd74933c4739:c4812, 76d6a15c-8eeb-4764-b555-ce8767d18d57:c4810, c90dcfdf-5973-4b56-a955-1fc4555f10cb:c4807]
2019-09-19 11:26:56,127 [grpc-default-executor-3] INFO  client.GrpcClientProtocolClient (GrpcClientProtocolClient.java:onNext(264)) - client-D9B31DDCE961->18b22b39-7551-46dd-8464-dd74933c4739: receive RaftClientReply:client-D9B31DDCE961->18b22b39-7551-46dd-8464-dd74933c4739@group-597320EF17B3, cid=3242, SUCCESS, logIndex=4812, commits[18b22b39-7551-46dd-8464-dd74933c4739:c4812, 76d6a15c-8eeb-4764-b555-ce8767d18d57:c4810, c90dcfdf-5973-4b56-a955-1fc4555f10cb:c4810]
2019-09-19 11:26:56,146 [grpc-default-executor-1] INFO  client.GrpcClientProtocolClient (GrpcClientProtocolClient.java:onNext(264)) - client-D9B31DDCE961->18b22b39-7551-46dd-8464-dd74933c4739: receive RaftClientReply:client-D9B31DDCE961->18b22b39-7551-46dd-8464-dd74933c4739@group-597320EF17B3, cid=3243, SUCCESS, logIndex=4814, commits[18b22b39-7551-46dd-8464-dd74933c4739:c4815, 76d6a15c-8eeb-4764-b555-ce8767d18d57:c4813, c90dcfdf-5973-4b56-a955-1fc4555f10cb:c4813]
2019-09-19 11:26:56,146 [grpc-default-executor-1] INFO  client.GrpcClientProtocolClient (GrpcClientProtocolClient.java:onNext(264)) - client-D9B31DDCE961->18b22b39-7551-46dd-8464-dd74933c4739: receive RaftClientReply:client-D9B31DDCE961->18b22b39-7551-46dd-8464-dd74933c4739@group-597320EF17B3, cid=3244, SUCCESS, logIndex=4815, commits[18b22b39-7551-46dd-8464-dd74933c4739:c4815, 76d6a15c-8eeb-4764-b555-ce8767d18d57:c4813, c90dcfdf-5973-4b56-a955-1fc4555f10cb:c4813]
2019-09-19 11:26:56,157 [grpc-default-executor-1] INFO  client.GrpcClientProtocolClient (GrpcClientProtocolClient.java:onNext(264)) - client-D9B31DDCE961->18b22b39-7551-46dd-8464-dd74933c4739: receive RaftClientReply:client-D9B31DDCE961->18b22b39-7551-46dd-8464-dd74933c4739@group-597320EF17B3, cid=3245, SUCCESS, logIndex=0, commits[18b22b39-7551-46dd-8464-dd74933c4739:c4816, 76d6a15c-8eeb-4764-b555-ce8767d18d57:c4815, c90dcfdf-5973-4b56-a955-1fc4555f10cb:c4815]
2019-09-19 11:26:56,184 [grpc-default-executor-1] INFO  client.GrpcClientProtocolClient (GrpcClientProtocolClient.java:onNext(264)) - client-D9B31DDCE961->18b22b39-7551-46dd-8464-dd74933c4739: receive RaftClientReply:client-D9B31DDCE961->18b22b39-7551-46dd-8464-dd74933c4739@group-597320EF17B3, cid=3246, SUCCESS, logIndex=4818, commits[18b22b39-7551-46dd-8464-dd74933c4739:c4819, 76d6a15c-8eeb-4764-b555-ce8767d18d57:c4817, c90dcfdf-5973-4b56-a955-1fc4555f10cb:c4817]
2019-09-19 11:26:56,184 [grpc-default-executor-1] INFO  client.GrpcClientProtocolClient (GrpcClientProtocolClient.java:onNext(264)) - client-D9B31DDCE961->18b22b39-7551-46dd-8464-dd74933c4739: receive RaftClientReply:client-D9B31DDCE961->18b22b39-7551-46dd-8464-dd74933c4739@group-597320EF17B3, cid=3247, SUCCESS, logIndex=4819, commits[18b22b39-7551-46dd-8464-dd74933c4739:c4819, 76d6a15c-8eeb-4764-b555-ce8767d18d57:c4817, c90dcfdf-5973-4b56-a955-1fc4555f10cb:c4817]
2019-09-19 11:26:56,185 [grpc-default-executor-5] INFO  client.GrpcClientProtocolClient (GrpcClientProtocolClient.java:onNext(264)) - client-D9B31DDCE961->18b22b39-7551-46dd-8464-dd74933c4739: receive RaftClientReply:client-D9B31DDCE961->18b22b39-7551-46dd-8464-dd74933c4739@group-597320EF17B3, cid=3248, SUCCESS, logIndex=4820, commits[18b22b39-7551-46dd-8464-dd74933c4739:c4821, 76d6a15c-8eeb-4764-b555-ce8767d18d57:c4817, c90dcfdf-5973-4b56-a955-1fc4555f10cb:c4817]
2019-09-19 11:26:56,185 [grpc-default-executor-5] INFO  client.GrpcClientProtocolClient (GrpcClientProtocolClient.java:onNext(264)) - client-D9B31DDCE961->18b22b39-7551-46dd-8464-dd74933c4739: receive RaftClientReply:client-D9B31DDCE961->18b22b39-7551-46dd-8464-dd74933c4739@group-597320EF17B3, cid=3249, SUCCESS, logIndex=4821, commits[18b22b39-7551-46dd-8464-dd74933c4739:c4821, 76d6a15c-8eeb-4764-b555-ce8767d18d57:c4817, c90dcfdf-5973-4b56-a955-1fc4555f10cb:c4817]
2019-09-19 11:26:56,186 [grpc-default-executor-5] INFO  client.GrpcClientProtocolClient (GrpcClientProtocolClient.java:onNext(264)) - client-D9B31DDCE961->18b22b39-7551-46dd-8464-dd74933c4739: receive RaftClientReply:client-D9B31DDCE961->18b22b39-7551-46dd-8464-dd74933c4739@group-597320EF17B3, cid=3250, SUCCESS, logIndex=0, commits[18b22b39-7551-46dd-8464-dd74933c4739:c4823, 76d6a15c-8eeb-4764-b555-ce8767d18d57:c4819, c90dcfdf-5973-4b56-a955-1fc4555f10cb:c4819]
2019-09-19 11:26:56,204 [grpc-default-executor-5] INFO  client.GrpcClientProtocolClient (GrpcClientProtocolClient.java:onNext(264)) - client-D9B31DDCE961->18b22b39-7551-46dd-8464-dd74933c4739: receive RaftClientReply:client-D9B31DDCE961->18b22b39-7551-46dd-8464-dd74933c4739@group-597320EF17B3, cid=3251, SUCCESS, logIndex=4826, commits[18b22b39-7551-46dd-8464-dd74933c4739:c4826, 76d6a15c-8eeb-4764-b555-ce8767d18d57:c4821, c90dcfdf-5973-4b56-a955-1fc4555f10cb:c4825]
2019-09-19 11:26:56,204 [grpc-default-executor-5] INFO  client.GrpcClientProtocolClient (GrpcClientProtocolClient.java:onNext(264)) - client-D9B31DDCE961->18b22b39-7551-46dd-8464-dd74933c4739: receive RaftClientReply:client-D9B31DDCE961->18b22b39-7551-46dd-8464-dd74933c4739@group-597320EF17B3, cid=3252, SUCCESS, logIndex=4827, commits[18b22b39-7551-46dd-8464-dd74933c4739:c4827, 76d6a15c-8eeb-4764-b555-ce8767d18d57:c4825, c90dcfdf-5973-4b56-a955-1fc4555f10cb:c4825]
2019-09-19 11:26:56,217 [grpc-default-executor-1] INFO  client.GrpcClientProtocolClient (GrpcClientProtocolClient.java:onNext(264)) - client-D9B31DDCE961->18b22b39-7551-46dd-8464-dd74933c4739: receive RaftClientReply:client-D9B31DDCE961->18b22b39-7551-46dd-8464-dd74933c4739@group-597320EF17B3, cid=3253, SUCCESS, logIndex=4830, commits[18b22b39-7551-46dd-8464-dd74933c4739:c4831, 76d6a15c-8eeb-4764-b555-ce8767d18d57:c4827, c90dcfdf-5973-4b56-a955-1fc4555f10cb:c4827]
2019-09-19 11:26:56,217 [grpc-default-executor-1] INFO  client.GrpcClientProtocolClient (GrpcClientProtocolClient.java:onNext(264)) - client-D9B31DDCE961->18b22b39-7551-46dd-8464-dd74933c4739: receive RaftClientReply:client-D9B31DDCE961->18b22b39-7551-46dd-8464-dd74933c4739@group-597320EF17B3, cid=3254, SUCCESS, logIndex=4831, commits[18b22b39-7551-46dd-8464-dd74933c4739:c4831, 76d6a15c-8eeb-4764-b555-ce8767d18d57:c4827, c90dcfdf-5973-4b56-a955-1fc4555f10cb:c4827]
2019-09-19 11:26:56,230 [grpc-default-executor-3] INFO  client.GrpcClientProtocolClient (GrpcClientProtocolClient.java:onNext(264)) - client-D9B31DDCE961->18b22b39-7551-46dd-8464-dd74933c4739: receive RaftClientReply:client-D9B31DDCE961->18b22b39-7551-46dd-8464-dd74933c4739@group-597320EF17B3, cid=3255, SUCCESS, logIndex=0, commits[18b22b39-7551-46dd-8464-dd74933c4739:c4833, 76d6a15c-8eeb-4764-b555-ce8767d18d57:c4831, c90dcfdf-5973-4b56-a955-1fc4555f10cb:c4831]
2019-09-19 11:26:56,256 [grpc-default-executor-1] INFO  client.GrpcClientProtocolClient (GrpcClientProtocolClient.java:onNext(264)) - client-D9B31DDCE961->18b22b39-7551-46dd-8464-dd74933c4739: receive RaftClientReply:client-D9B31DDCE961->18b22b39-7551-46dd-8464-dd74933c4739@group-597320EF17B3, cid=3256, SUCCESS, logIndex=4834, commits[18b22b39-7551-46dd-8464-dd74933c4739:c4835, 76d6a15c-8eeb-4764-b555-ce8767d18d57:c4833, c90dcfdf-5973-4b56-a955-1fc4555f10cb:c4833]
2019-09-19 11:26:56,256 [grpc-default-executor-1] INFO  client.GrpcClientProtocolClient (GrpcClientProtocolClient.java:onNext(264)) - client-D9B31DDCE961->18b22b39-7551-46dd-8464-dd74933c4739: receive RaftClientReply:client-D9B31DDCE961->18b22b39-7551-46dd-8464-dd74933c4739@group-597320EF17B3, cid=3257, SUCCESS, logIndex=4835, commits[18b22b39-7551-46dd-8464-dd74933c4739:c4835, 76d6a15c-8eeb-4764-b555-ce8767d18d57:c4833, c90dcfdf-5973-4b56-a955-1fc4555f10cb:c4833]
2019-09-19 11:26:56,257 [grpc-default-executor-1] INFO  client.GrpcClientProtocolClient (GrpcClientProtocolClient.java:onNext(264)) - client-D9B31DDCE961->18b22b39-7551-46dd-8464-dd74933c4739: receive RaftClientReply:client-D9B31DDCE961->18b22b39-7551-46dd-8464-dd74933c4739@group-597320EF17B3, cid=3258, SUCCESS, logIndex=4836, commits[18b22b39-7551-46dd-8464-dd74933c4739:c4837, 76d6a15c-8eeb-4764-b555-ce8767d18d57:c4833, c90dcfdf-5973-4b56-a955-1fc4555f10cb:c4833]
2019-09-19 11:26:56,257 [grpc-default-executor-1] INFO  client.GrpcClientProtocolClient (GrpcClientProtocolClient.java:onNext(264)) - client-D9B31DDCE961->18b22b39-7551-46dd-8464-dd74933c4739: receive RaftClientReply:client-D9B31DDCE961->18b22b39-7551-46dd-8464-dd74933c4739@group-597320EF17B3, cid=3259, SUCCESS, logIndex=4837, commits[18b22b39-7551-46dd-8464-dd74933c4739:c4837, 76d6a15c-8eeb-4764-b555-ce8767d18d57:c4833, c90dcfdf-5973-4b56-a955-1fc4555f10cb:c4833]
2019-09-19 11:26:56,258 [grpc-default-executor-1] INFO  client.GrpcClientProtocolClient (GrpcClientProtocolClient.java:onNext(264)) - client-D9B31DDCE961->18b22b39-7551-46dd-8464-dd74933c4739: receive RaftClientReply:client-D9B31DDCE961->18b22b39-7551-46dd-8464-dd74933c4739@group-597320EF17B3, cid=3260, SUCCESS, logIndex=0, commits[18b22b39-7551-46dd-8464-dd74933c4739:c4839, 76d6a15c-8eeb-4764-b555-ce8767d18d57:c4835, c90dcfdf-5973-4b56-a955-1fc4555f10cb:c4835]
2019-09-19 11:26:56,276 [grpc-default-executor-5] INFO  client.GrpcClientProtocolClient (GrpcClientProtocolClient.java:onNext(264)) - client-D9B31DDCE961->18b22b39-7551-46dd-8464-dd74933c4739: receive RaftClientReply:client-D9B31DDCE961->18b22b39-7551-46dd-8464-dd74933c4739@group-597320EF17B3, cid=3261, SUCCESS, logIndex=4842, commits[18b22b39-7551-46dd-8464-dd74933c4739:c4843, 76d6a15c-8eeb-4764-b555-ce8767d18d57:c4841, c90dcfdf-5973-4b56-a955-1fc4555f10cb:c4841]
2019-09-19 11:26:56,276 [grpc-default-executor-5] INFO  client.GrpcClientProtocolClient (GrpcClientProtocolClient.java:onNext(264)) - client-D9B31DDCE961->18b22b39-7551-46dd-8464-dd74933c4739: receive RaftClientReply:client-D9B31DDCE961->18b22b39-7551-46dd-8464-dd74933c4739@group-597320EF17B3, cid=3262, SUCCESS, logIndex=4843, commits[18b22b39-7551-46dd-8464-dd74933c4739:c4843, 76d6a15c-8eeb-4764-b555-ce8767d18d57:c4841, c90dcfdf-5973-4b56-a955-1fc4555f10cb:c4841]
2019-09-19 11:26:56,292 [grpc-default-executor-5] INFO  client.GrpcClientProtocolClient (GrpcClientProtocolClient.java:onNext(264)) - client-D9B31DDCE961->18b22b39-7551-46dd-8464-dd74933c4739: receive RaftClientReply:client-D9B31DDCE961->18b22b39-7551-46dd-8464-dd74933c4739@group-597320EF17B3, cid=3263, SUCCESS, logIndex=4846, commits[18b22b39-7551-46dd-8464-dd74933c4739:c4847, 76d6a15c-8eeb-4764-b555-ce8767d18d57:c4843, c90dcfdf-5973-4b56-a955-1fc4555f10cb:c4843]
2019-09-19 11:26:56,292 [grpc-default-executor-5] INFO  client.GrpcClientProtocolClient (GrpcClientProtocolClient.java:onNext(264)) - client-D9B31DDCE961->18b22b39-7551-46dd-8464-dd74933c4739: receive RaftClientReply:client-D9B31DDCE961->18b22b39-7551-46dd-8464-dd74933c4739@group-597320EF17B3, cid=3264, SUCCESS, logIndex=4847, commits[18b22b39-7551-46dd-8464-dd74933c4739:c4847, 76d6a15c-8eeb-4764-b555-ce8767d18d57:c4843, c90dcfdf-5973-4b56-a955-1fc4555f10cb:c4843]
2019-09-19 11:26:56,305 [grpc-default-executor-5] INFO  client.GrpcClientProtocolClient (GrpcClientProtocolClient.java:onNext(264)) - client-D9B31DDCE961->18b22b39-7551-46dd-8464-dd74933c4739: receive RaftClientReply:client-D9B31DDCE961->18b22b39-7551-46dd-8464-dd74933c4739@group-597320EF17B3, cid=3265, SUCCESS, logIndex=0, commits[18b22b39-7551-46dd-8464-dd74933c4739:c4849, 76d6a15c-8eeb-4764-b555-ce8767d18d57:c4847, c90dcfdf-5973-4b56-a955-1fc4555f10cb:c4847]
2019-09-19 11:26:56,325 [grpc-default-executor-1] INFO  client.GrpcClientProtocolClient (GrpcClientProtocolClient.java:onNext(264)) - client-D9B31DDCE961->18b22b39-7551-46dd-8464-dd74933c4739: receive RaftClientReply:client-D9B31DDCE961->18b22b39-7551-46dd-8464-dd74933c4739@group-597320EF17B3, cid=3266, SUCCESS, logIndex=4850, commits[18b22b39-7551-46dd-8464-dd74933c4739:c4851, 76d6a15c-8eeb-4764-b555-ce8767d18d57:c4847, c90dcfdf-5973-4b56-a955-1fc4555f10cb:c4849]
2019-09-19 11:26:56,325 [grpc-default-executor-1] INFO  client.GrpcClientProtocolClient (GrpcClientProtocolClient.java:onNext(264)) - client-D9B31DDCE961->18b22b39-7551-46dd-8464-dd74933c4739: receive RaftClientReply:client-D9B31DDCE961->18b22b39-7551-46dd-8464-dd74933c4739@group-597320EF17B3, cid=3267, SUCCESS, logIndex=4851, commits[18b22b39-7551-46dd-8464-dd74933c4739:c4851, 76d6a15c-8eeb-4764-b555-ce8767d18d57:c4849, c90dcfdf-5973-4b56-a955-1fc4555f10cb:c4849]
2019-09-19 11:26:56,326 [grpc-default-executor-1] INFO  client.GrpcClientProtocolClient (GrpcClientProtocolClient.java:onNext(264)) - client-D9B31DDCE961->18b22b39-7551-46dd-8464-dd74933c4739: receive RaftClientReply:client-D9B31DDCE961->18b22b39-7551-46dd-8464-dd74933c4739@group-597320EF17B3, cid=3268, SUCCESS, logIndex=4852, commits[18b22b39-7551-46dd-8464-dd74933c4739:c4853, 76d6a15c-8eeb-4764-b555-ce8767d18d57:c4849, c90dcfdf-5973-4b56-a955-1fc4555f10cb:c4849]
2019-09-19 11:26:56,326 [grpc-default-executor-1] INFO  client.GrpcClientProtocolClient (GrpcClientProtocolClient.java:onNext(264)) - client-D9B31DDCE961->18b22b39-7551-46dd-8464-dd74933c4739: receive RaftClientReply:client-D9B31DDCE961->18b22b39-7551-46dd-8464-dd74933c4739@group-597320EF17B3, cid=3269, SUCCESS, logIndex=4853, commits[18b22b39-7551-46dd-8464-dd74933c4739:c4853, 76d6a15c-8eeb-4764-b555-ce8767d18d57:c4849, c90dcfdf-5973-4b56-a955-1fc4555f10cb:c4849]
2019-09-19 11:26:56,327 [grpc-default-executor-1] INFO  client.GrpcClientProtocolClient (GrpcClientProtocolClient.java:onNext(264)) - client-D9B31DDCE961->18b22b39-7551-46dd-8464-dd74933c4739: receive RaftClientReply:client-D9B31DDCE961->18b22b39-7551-46dd-8464-dd74933c4739@group-597320EF17B3, cid=3270, SUCCESS, logIndex=0, commits[18b22b39-7551-46dd-8464-dd74933c4739:c4855, 76d6a15c-8eeb-4764-b555-ce8767d18d57:c4851, c90dcfdf-5973-4b56-a955-1fc4555f10cb:c4851]
2019-09-19 11:26:56,338 [grpc-default-executor-5] INFO  client.GrpcClientProtocolClient (GrpcClientProtocolClient.java:onNext(264)) - client-D9B31DDCE961->18b22b39-7551-46dd-8464-dd74933c4739: receive RaftClientReply:client-D9B31DDCE961->18b22b39-7551-46dd-8464-dd74933c4739@group-597320EF17B3, cid=3271, SUCCESS, logIndex=4858, commits[18b22b39-7551-46dd-8464-dd74933c4739:c4859, 76d6a15c-8eeb-4764-b555-ce8767d18d57:c4853, c90dcfdf-5973-4b56-a955-1fc4555f10cb:c4857]
2019-09-19 11:26:56,338 [grpc-default-executor-5] INFO  client.GrpcClientProtocolClient (GrpcClientProtocolClient.java:onNext(264)) - client-D9B31DDCE961->18b22b39-7551-46dd-8464-dd74933c4739: receive RaftClientReply:client-D9B31DDCE961->18b22b39-7551-46dd-8464-dd74933c4739@group-597320EF17B3, cid=3272, SUCCESS, logIndex=4859, commits[18b22b39-7551-46dd-8464-dd74933c4739:c4859, 76d6a15c-8eeb-4764-b555-ce8767d18d57:c4853, c90dcfdf-5973-4b56-a955-1fc4555f10cb:c4857]
2019-09-19 11:26:56,347 [grpc-default-executor-1] INFO  client.GrpcClientProtocolClient (GrpcClientProtocolClient.java:onNext(264)) - client-D9B31DDCE961->18b22b39-7551-46dd-8464-dd74933c4739: receive RaftClientReply:client-D9B31DDCE961->18b22b39-7551-46dd-8464-dd74933c4739@group-597320EF17B3, cid=3273, SUCCESS, logIndex=4861, commits[18b22b39-7551-46dd-8464-dd74933c4739:c4862, 76d6a15c-8eeb-4764-b555-ce8767d18d57:c4859, c90dcfdf-5973-4b56-a955-1fc4555f10cb:c4860]
2019-09-19 11:26:56,347 [grpc-default-executor-1] INFO  client.GrpcClientProtocolClient (GrpcClientProtocolClient.java:onNext(264)) - client-D9B31DDCE961->18b22b39-7551-46dd-8464-dd74933c4739: receive RaftClientReply:client-D9B31DDCE961->18b22b39-7551-46dd-8464-dd74933c4739@group-597320EF17B3, cid=3274, SUCCESS, logIndex=4862, commits[18b22b39-7551-46dd-8464-dd74933c4739:c4862, 76d6a15c-8eeb-4764-b555-ce8767d18d57:c4859, c90dcfdf-5973-4b56-a955-1fc4555f10cb:c4860]
2019-09-19 11:26:56,349 [grpc-default-executor-1] INFO  client.GrpcClientProtocolClient (GrpcClientProtocolClient.java:onNext(264)) - client-D9B31DDCE961->18b22b39-7551-46dd-8464-dd74933c4739: receive RaftClientReply:client-D9B31DDCE961->18b22b39-7551-46dd-8464-dd74933c4739@group-597320EF17B3, cid=3275, SUCCESS, logIndex=0, commits[18b22b39-7551-46dd-8464-dd74933c4739:c4863, 76d6a15c-8eeb-4764-b555-ce8767d18d57:c4862, c90dcfdf-5973-4b56-a955-1fc4555f10cb:c4862]
2019-09-19 11:26:56,370 [grpc-default-executor-1] INFO  client.GrpcClientProtocolClient (GrpcClientProtocolClient.java:onNext(264)) - client-D9B31DDCE961->18b22b39-7551-46dd-8464-dd74933c4739: receive RaftClientReply:client-D9B31DDCE961->18b22b39-7551-46dd-8464-dd74933c4739@group-597320EF17B3, cid=3276, SUCCESS, logIndex=4865, commits[18b22b39-7551-46dd-8464-dd74933c4739:c4866, 76d6a15c-8eeb-4764-b555-ce8767d18d57:c4862, c90dcfdf-5973-4b56-a955-1fc4555f10cb:c4864]
2019-09-19 11:26:56,371 [grpc-default-executor-5] INFO  client.GrpcClientProtocolClient (GrpcClientProtocolClient.java:onNext(264)) - client-D9B31DDCE961->18b22b39-7551-46dd-8464-dd74933c4739: receive RaftClientReply:client-D9B31DDCE961->18b22b39-7551-46dd-8464-dd74933c4739@group-597320EF17B3, cid=3277, SUCCESS, logIndex=4866, commits[18b22b39-7551-46dd-8464-dd74933c4739:c4866, 76d6a15c-8eeb-4764-b555-ce8767d18d57:c4862, c90dcfdf-5973-4b56-a955-1fc4555f10cb:c4864]
2019-09-19 11:26:56,371 [grpc-default-executor-1] INFO  client.GrpcClientProtocolClient (GrpcClientProtocolClient.java:onNext(264)) - client-D9B31DDCE961->18b22b39-7551-46dd-8464-dd74933c4739: receive RaftClientReply:client-D9B31DDCE961->18b22b39-7551-46dd-8464-dd74933c4739@group-597320EF17B3, cid=3278, SUCCESS, logIndex=4867, commits[18b22b39-7551-46dd-8464-dd74933c4739:c4868, 76d6a15c-8eeb-4764-b555-ce8767d18d57:c4864, c90dcfdf-5973-4b56-a955-1fc4555f10cb:c4864]
2019-09-19 11:26:56,372 [grpc-default-executor-1] INFO  client.GrpcClientProtocolClient (GrpcClientProtocolClient.java:onNext(264)) - client-D9B31DDCE961->18b22b39-7551-46dd-8464-dd74933c4739: receive RaftClientReply:client-D9B31DDCE961->18b22b39-7551-46dd-8464-dd74933c4739@group-597320EF17B3, cid=3279, SUCCESS, logIndex=4868, commits[18b22b39-7551-46dd-8464-dd74933c4739:c4868, 76d6a15c-8eeb-4764-b555-ce8767d18d57:c4864, c90dcfdf-5973-4b56-a955-1fc4555f10cb:c4864]
2019-09-19 11:26:56,389 [grpc-default-executor-1] INFO  client.GrpcClientProtocolClient (GrpcClientProtocolClient.java:onNext(264)) - client-D9B31DDCE961->18b22b39-7551-46dd-8464-dd74933c4739: receive RaftClientReply:client-D9B31DDCE961->18b22b39-7551-46dd-8464-dd74933c4739@group-597320EF17B3, cid=3280, SUCCESS, logIndex=0, commits[18b22b39-7551-46dd-8464-dd74933c4739:c4870, 76d6a15c-8eeb-4764-b555-ce8767d18d57:c4866, c90dcfdf-5973-4b56-a955-1fc4555f10cb:c4866]
2019-09-19 11:26:56,402 [grpc-default-executor-5] INFO  client.GrpcClientProtocolClient (GrpcClientProtocolClient.java:onNext(264)) - client-D9B31DDCE961->18b22b39-7551-46dd-8464-dd74933c4739: receive RaftClientReply:client-D9B31DDCE961->18b22b39-7551-46dd-8464-dd74933c4739@group-597320EF17B3, cid=3281, SUCCESS, logIndex=4873, commits[18b22b39-7551-46dd-8464-dd74933c4739:c4874, 76d6a15c-8eeb-4764-b555-ce8767d18d57:c4872, c90dcfdf-5973-4b56-a955-1fc4555f10cb:c4872]
2019-09-19 11:26:56,402 [grpc-default-executor-5] INFO  client.GrpcClientProtocolClient (GrpcClientProtocolClient.java:onNext(264)) - client-D9B31DDCE961->18b22b39-7551-46dd-8464-dd74933c4739: receive RaftClientReply:client-D9B31DDCE961->18b22b39-7551-46dd-8464-dd74933c4739@group-597320EF17B3, cid=3282, SUCCESS, logIndex=4874, commits[18b22b39-7551-46dd-8464-dd74933c4739:c4874, 76d6a15c-8eeb-4764-b555-ce8767d18d57:c4872, c90dcfdf-5973-4b56-a955-1fc4555f10cb:c4872]
2019-09-19 11:26:56,415 [grpc-default-executor-5] INFO  client.GrpcClientProtocolClient (GrpcClientProtocolClient.java:onNext(264)) - client-D9B31DDCE961->18b22b39-7551-46dd-8464-dd74933c4739: receive RaftClientReply:client-D9B31DDCE961->18b22b39-7551-46dd-8464-dd74933c4739@group-597320EF17B3, cid=3283, SUCCESS, logIndex=4877, commits[18b22b39-7551-46dd-8464-dd74933c4739:c4877, 76d6a15c-8eeb-4764-b555-ce8767d18d57:c4874, c90dcfdf-5973-4b56-a955-1fc4555f10cb:c4874]
2019-09-19 11:26:56,415 [grpc-default-executor-5] INFO  client.GrpcClientProtocolClient (GrpcClientProtocolClient.java:onNext(264)) - client-D9B31DDCE961->18b22b39-7551-46dd-8464-dd74933c4739: receive RaftClientReply:client-D9B31DDCE961->18b22b39-7551-46dd-8464-dd74933c4739@group-597320EF17B3, cid=3284, SUCCESS, logIndex=4878, commits[18b22b39-7551-46dd-8464-dd74933c4739:c4878, 76d6a15c-8eeb-4764-b555-ce8767d18d57:c4874, c90dcfdf-5973-4b56-a955-1fc4555f10cb:c4874]
2019-09-19 11:26:56,428 [grpc-default-executor-5] INFO  client.GrpcClientProtocolClient (GrpcClientProtocolClient.java:onNext(264)) - client-D9B31DDCE961->18b22b39-7551-46dd-8464-dd74933c4739: receive RaftClientReply:client-D9B31DDCE961->18b22b39-7551-46dd-8464-dd74933c4739@group-597320EF17B3, cid=3285, SUCCESS, logIndex=0, commits[18b22b39-7551-46dd-8464-dd74933c4739:c4880, 76d6a15c-8eeb-4764-b555-ce8767d18d57:c4878, c90dcfdf-5973-4b56-a955-1fc4555f10cb:c4878]
2019-09-19 11:26:56,454 [grpc-default-executor-7] INFO  client.GrpcClientProtocolClient (GrpcClientProtocolClient.java:onNext(264)) - client-D9B31DDCE961->18b22b39-7551-46dd-8464-dd74933c4739: receive RaftClientReply:client-D9B31DDCE961->18b22b39-7551-46dd-8464-dd74933c4739@group-597320EF17B3, cid=3286, SUCCESS, logIndex=4881, commits[18b22b39-7551-46dd-8464-dd74933c4739:c4882, 76d6a15c-8eeb-4764-b555-ce8767d18d57:c4880, c90dcfdf-5973-4b56-a955-1fc4555f10cb:c4880]
2019-09-19 11:26:56,454 [grpc-default-executor-7] INFO  client.GrpcClientProtocolClient (GrpcClientProtocolClient.java:onNext(264)) - client-D9B31DDCE961->18b22b39-7551-46dd-8464-dd74933c4739: receive RaftClientReply:client-D9B31DDCE961->18b22b39-7551-46dd-8464-dd74933c4739@group-597320EF17B3, cid=3287, SUCCESS, logIndex=4882, commits[18b22b39-7551-46dd-8464-dd74933c4739:c4882, 76d6a15c-8eeb-4764-b555-ce8767d18d57:c4880, c90dcfdf-5973-4b56-a955-1fc4555f10cb:c4880]
2019-09-19 11:26:56,454 [grpc-default-executor-5] INFO  client.GrpcClientProtocolClient (GrpcClientProtocolClient.java:onNext(264)) - client-D9B31DDCE961->18b22b39-7551-46dd-8464-dd74933c4739: receive RaftClientReply:client-D9B31DDCE961->18b22b39-7551-46dd-8464-dd74933c4739@group-597320EF17B3, cid=3288, SUCCESS, logIndex=4883, commits[18b22b39-7551-46dd-8464-dd74933c4739:c4883, 76d6a15c-8eeb-4764-b555-ce8767d18d57:c4880, c90dcfdf-5973-4b56-a955-1fc4555f10cb:c4880]
2019-09-19 11:26:56,455 [grpc-default-executor-1] INFO  client.GrpcClientProtocolClient (GrpcClientProtocolClient.java:onNext(264)) - client-D9B31DDCE961->18b22b39-7551-46dd-8464-dd74933c4739: receive RaftClientReply:client-D9B31DDCE961->18b22b39-7551-46dd-8464-dd74933c4739@group-597320EF17B3, cid=3289, SUCCESS, logIndex=4884, commits[18b22b39-7551-46dd-8464-dd74933c4739:c4884, 76d6a15c-8eeb-4764-b555-ce8767d18d57:c4880, c90dcfdf-5973-4b56-a955-1fc4555f10cb:c4880]
2019-09-19 11:26:56,456 [grpc-default-executor-5] INFO  client.GrpcClientProtocolClient (GrpcClientProtocolClient.java:onNext(264)) - client-D9B31DDCE961->18b22b39-7551-46dd-8464-dd74933c4739: receive RaftClientReply:client-D9B31DDCE961->18b22b39-7551-46dd-8464-dd74933c4739@group-597320EF17B3, cid=3290, SUCCESS, logIndex=0, commits[18b22b39-7551-46dd-8464-dd74933c4739:c4886, 76d6a15c-8eeb-4764-b555-ce8767d18d57:c4882, c90dcfdf-5973-4b56-a955-1fc4555f10cb:c4882]
2019-09-19 11:26:56,473 [grpc-default-executor-1] INFO  client.GrpcClientProtocolClient (GrpcClientProtocolClient.java:onNext(264)) - client-D9B31DDCE961->18b22b39-7551-46dd-8464-dd74933c4739: receive RaftClientReply:client-D9B31DDCE961->18b22b39-7551-46dd-8464-dd74933c4739@group-597320EF17B3, cid=3291, SUCCESS, logIndex=4889, commits[18b22b39-7551-46dd-8464-dd74933c4739:c4890, 76d6a15c-8eeb-4764-b555-ce8767d18d57:c4888, c90dcfdf-5973-4b56-a955-1fc4555f10cb:c4888]
2019-09-19 11:26:56,474 [grpc-default-executor-1] INFO  client.GrpcClientProtocolClient (GrpcClientProtocolClient.java:onNext(264)) - client-D9B31DDCE961->18b22b39-7551-46dd-8464-dd74933c4739: receive RaftClientReply:client-D9B31DDCE961->18b22b39-7551-46dd-8464-dd74933c4739@group-597320EF17B3, cid=3292, SUCCESS, logIndex=4890, commits[18b22b39-7551-46dd-8464-dd74933c4739:c4890, 76d6a15c-8eeb-4764-b555-ce8767d18d57:c4888, c90dcfdf-5973-4b56-a955-1fc4555f10cb:c4888]
2019-09-19 11:26:56,486 [grpc-default-executor-3] INFO  client.GrpcClientProtocolClient (GrpcClientProtocolClient.java:onNext(264)) - client-D9B31DDCE961->18b22b39-7551-46dd-8464-dd74933c4739: receive RaftClientReply:client-D9B31DDCE961->18b22b39-7551-46dd-8464-dd74933c4739@group-597320EF17B3, cid=3293, SUCCESS, logIndex=4893, commits[18b22b39-7551-46dd-8464-dd74933c4739:c4894, 76d6a15c-8eeb-4764-b555-ce8767d18d57:c4890, c90dcfdf-5973-4b56-a955-1fc4555f10cb:c4890]
2019-09-19 11:26:56,487 [grpc-default-executor-3] INFO  client.GrpcClientProtocolClient (GrpcClientProtocolClient.java:onNext(264)) - client-D9B31DDCE961->18b22b39-7551-46dd-8464-dd74933c4739: receive RaftClientReply:client-D9B31DDCE961->18b22b39-7551-46dd-8464-dd74933c4739@group-597320EF17B3, cid=3294, SUCCESS, logIndex=4894, commits[18b22b39-7551-46dd-8464-dd74933c4739:c4894, 76d6a15c-8eeb-4764-b555-ce8767d18d57:c4890, c90dcfdf-5973-4b56-a955-1fc4555f10cb:c4890]
2019-09-19 11:26:56,498 [grpc-default-executor-3] INFO  client.GrpcClientProtocolClient (GrpcClientProtocolClient.java:onNext(264)) - client-D9B31DDCE961->18b22b39-7551-46dd-8464-dd74933c4739: receive RaftClientReply:client-D9B31DDCE961->18b22b39-7551-46dd-8464-dd74933c4739@group-597320EF17B3, cid=3295, SUCCESS, logIndex=0, commits[18b22b39-7551-46dd-8464-dd74933c4739:c4895, 76d6a15c-8eeb-4764-b555-ce8767d18d57:c4894, c90dcfdf-5973-4b56-a955-1fc4555f10cb:c4894]
2019-09-19 11:26:56,525 [grpc-default-executor-3] INFO  client.GrpcClientProtocolClient (GrpcClientProtocolClient.java:onNext(264)) - client-D9B31DDCE961->18b22b39-7551-46dd-8464-dd74933c4739: receive RaftClientReply:client-D9B31DDCE961->18b22b39-7551-46dd-8464-dd74933c4739@group-597320EF17B3, cid=3296, SUCCESS, logIndex=4897, commits[18b22b39-7551-46dd-8464-dd74933c4739:c4898, 76d6a15c-8eeb-4764-b555-ce8767d18d57:c4896, c90dcfdf-5973-4b56-a955-1fc4555f10cb:c4896]
2019-09-19 11:26:56,526 [grpc-default-executor-1] INFO  client.GrpcClientProtocolClient (GrpcClientProtocolClient.java:onNext(264)) - client-D9B31DDCE961->18b22b39-7551-46dd-8464-dd74933c4739: receive RaftClientReply:client-D9B31DDCE961->18b22b39-7551-46dd-8464-dd74933c4739@group-597320EF17B3, cid=3297, SUCCESS, logIndex=4898, commits[18b22b39-7551-46dd-8464-dd74933c4739:c4898, 76d6a15c-8eeb-4764-b555-ce8767d18d57:c4896, c90dcfdf-5973-4b56-a955-1fc4555f10cb:c4896]
2019-09-19 11:26:56,526 [grpc-default-executor-1] INFO  client.GrpcClientProtocolClient (GrpcClientProtocolClient.java:onNext(264)) - client-D9B31DDCE961->18b22b39-7551-46dd-8464-dd74933c4739: receive RaftClientReply:client-D9B31DDCE961->18b22b39-7551-46dd-8464-dd74933c4739@group-597320EF17B3, cid=3298, SUCCESS, logIndex=4899, commits[18b22b39-7551-46dd-8464-dd74933c4739:c4900, 76d6a15c-8eeb-4764-b555-ce8767d18d57:c4896, c90dcfdf-5973-4b56-a955-1fc4555f10cb:c4896]
2019-09-19 11:26:56,527 [grpc-default-executor-3] INFO  client.GrpcClientProtocolClient (GrpcClientProtocolClient.java:onNext(264)) - client-D9B31DDCE961->18b22b39-7551-46dd-8464-dd74933c4739: receive RaftClientReply:client-D9B31DDCE961->18b22b39-7551-46dd-8464-dd74933c4739@group-597320EF17B3, cid=3299, SUCCESS, logIndex=4900, commits[18b22b39-7551-46dd-8464-dd74933c4739:c4900, 76d6a15c-8eeb-4764-b555-ce8767d18d57:c4896, c90dcfdf-5973-4b56-a955-1fc4555f10cb:c4896]
2019-09-19 11:26:56,528 [grpc-default-executor-3] INFO  client.GrpcClientProtocolClient (GrpcClientProtocolClient.java:onNext(264)) - client-D9B31DDCE961->18b22b39-7551-46dd-8464-dd74933c4739: receive RaftClientReply:client-D9B31DDCE961->18b22b39-7551-46dd-8464-dd74933c4739@group-597320EF17B3, cid=3300, SUCCESS, logIndex=0, commits[18b22b39-7551-46dd-8464-dd74933c4739:c4902, 76d6a15c-8eeb-4764-b555-ce8767d18d57:c4898, c90dcfdf-5973-4b56-a955-1fc4555f10cb:c4898]
2019-09-19 11:26:56,545 [grpc-default-executor-7] INFO  client.GrpcClientProtocolClient (GrpcClientProtocolClient.java:onNext(264)) - client-D9B31DDCE961->18b22b39-7551-46dd-8464-dd74933c4739: receive RaftClientReply:client-D9B31DDCE961->18b22b39-7551-46dd-8464-dd74933c4739@group-597320EF17B3, cid=3301, SUCCESS, logIndex=4905, commits[18b22b39-7551-46dd-8464-dd74933c4739:c4905, 76d6a15c-8eeb-4764-b555-ce8767d18d57:c4904, c90dcfdf-5973-4b56-a955-1fc4555f10cb:c4904]
2019-09-19 11:26:56,545 [grpc-default-executor-7] INFO  client.GrpcClientProtocolClient (GrpcClientProtocolClient.java:onNext(264)) - client-D9B31DDCE961->18b22b39-7551-46dd-8464-dd74933c4739: receive RaftClientReply:client-D9B31DDCE961->18b22b39-7551-46dd-8464-dd74933c4739@group-597320EF17B3, cid=3302, SUCCESS, logIndex=4906, commits[18b22b39-7551-46dd-8464-dd74933c4739:c4906, 76d6a15c-8eeb-4764-b555-ce8767d18d57:c4904, c90dcfdf-5973-4b56-a955-1fc4555f10cb:c4904]
2019-09-19 11:26:56,690 [grpc-default-executor-1] INFO  client.GrpcClientProtocolClient (GrpcClientProtocolClient.java:onNext(264)) - client-D9B31DDCE961->18b22b39-7551-46dd-8464-dd74933c4739: receive RaftClientReply:client-D9B31DDCE961->18b22b39-7551-46dd-8464-dd74933c4739@group-597320EF17B3, cid=3303, SUCCESS, logIndex=4909, commits[18b22b39-7551-46dd-8464-dd74933c4739:c4910, 76d6a15c-8eeb-4764-b555-ce8767d18d57:c4906, c90dcfdf-5973-4b56-a955-1fc4555f10cb:c4906]
2019-09-19 11:26:56,691 [grpc-default-executor-1] INFO  client.GrpcClientProtocolClient (GrpcClientProtocolClient.java:onNext(264)) - client-D9B31DDCE961->18b22b39-7551-46dd-8464-dd74933c4739: receive RaftClientReply:client-D9B31DDCE961->18b22b39-7551-46dd-8464-dd74933c4739@group-597320EF17B3, cid=3304, SUCCESS, logIndex=4910, commits[18b22b39-7551-46dd-8464-dd74933c4739:c4910, 76d6a15c-8eeb-4764-b555-ce8767d18d57:c4906, c90dcfdf-5973-4b56-a955-1fc4555f10cb:c4906]
2019-09-19 11:26:56,703 [grpc-default-executor-1] INFO  client.GrpcClientProtocolClient (GrpcClientProtocolClient.java:onNext(264)) - client-D9B31DDCE961->18b22b39-7551-46dd-8464-dd74933c4739: receive RaftClientReply:client-D9B31DDCE961->18b22b39-7551-46dd-8464-dd74933c4739@group-597320EF17B3, cid=3305, SUCCESS, logIndex=0, commits[18b22b39-7551-46dd-8464-dd74933c4739:c4912, 76d6a15c-8eeb-4764-b555-ce8767d18d57:c4910, c90dcfdf-5973-4b56-a955-1fc4555f10cb:c4910]
2019-09-19 11:26:56,733 [grpc-default-executor-5] INFO  client.GrpcClientProtocolClient (GrpcClientProtocolClient.java:onNext(264)) - client-D9B31DDCE961->18b22b39-7551-46dd-8464-dd74933c4739: receive RaftClientReply:client-D9B31DDCE961->18b22b39-7551-46dd-8464-dd74933c4739@group-597320EF17B3, cid=3306, SUCCESS, logIndex=4913, commits[18b22b39-7551-46dd-8464-dd74933c4739:c4914, 76d6a15c-8eeb-4764-b555-ce8767d18d57:c4912, c90dcfdf-5973-4b56-a955-1fc4555f10cb:c4912]
2019-09-19 11:26:56,734 [grpc-default-executor-7] INFO  client.GrpcClientProtocolClient (GrpcClientProtocolClient.java:onNext(264)) - client-D9B31DDCE961->18b22b39-7551-46dd-8464-dd74933c4739: receive RaftClientReply:client-D9B31DDCE961->18b22b39-7551-46dd-8464-dd74933c4739@group-597320EF17B3, cid=3307, SUCCESS, logIndex=4914, commits[18b22b39-7551-46dd-8464-dd74933c4739:c4914, 76d6a15c-8eeb-4764-b555-ce8767d18d57:c4912, c90dcfdf-5973-4b56-a955-1fc4555f10cb:c4912]
2019-09-19 11:26:56,734 [grpc-default-executor-7] INFO  client.GrpcClientProtocolClient (GrpcClientProtocolClient.java:onNext(264)) - client-D9B31DDCE961->18b22b39-7551-46dd-8464-dd74933c4739: receive RaftClientReply:client-D9B31DDCE961->18b22b39-7551-46dd-8464-dd74933c4739@group-597320EF17B3, cid=3308, SUCCESS, logIndex=4915, commits[18b22b39-7551-46dd-8464-dd74933c4739:c4916, 76d6a15c-8eeb-4764-b555-ce8767d18d57:c4912, c90dcfdf-5973-4b56-a955-1fc4555f10cb:c4912]
2019-09-19 11:26:56,734 [grpc-default-executor-7] INFO  client.GrpcClientProtocolClient (GrpcClientProtocolClient.java:onNext(264)) - client-D9B31DDCE961->18b22b39-7551-46dd-8464-dd74933c4739: receive RaftClientReply:client-D9B31DDCE961->18b22b39-7551-46dd-8464-dd74933c4739@group-597320EF17B3, cid=3309, SUCCESS, logIndex=4916, commits[18b22b39-7551-46dd-8464-dd74933c4739:c4916, 76d6a15c-8eeb-4764-b555-ce8767d18d57:c4912, c90dcfdf-5973-4b56-a955-1fc4555f10cb:c4912]
2019-09-19 11:26:56,736 [grpc-default-executor-7] INFO  client.GrpcClientProtocolClient (GrpcClientProtocolClient.java:onNext(264)) - client-D9B31DDCE961->18b22b39-7551-46dd-8464-dd74933c4739: receive RaftClientReply:client-D9B31DDCE961->18b22b39-7551-46dd-8464-dd74933c4739@group-597320EF17B3, cid=3310, SUCCESS, logIndex=0, commits[18b22b39-7551-46dd-8464-dd74933c4739:c4918, 76d6a15c-8eeb-4764-b555-ce8767d18d57:c4914, c90dcfdf-5973-4b56-a955-1fc4555f10cb:c4914]
2019-09-19 11:26:56,754 [grpc-default-executor-7] INFO  client.GrpcClientProtocolClient (GrpcClientProtocolClient.java:onNext(264)) - client-D9B31DDCE961->18b22b39-7551-46dd-8464-dd74933c4739: receive RaftClientReply:client-D9B31DDCE961->18b22b39-7551-46dd-8464-dd74933c4739@group-597320EF17B3, cid=3311, SUCCESS, logIndex=4921, commits[18b22b39-7551-46dd-8464-dd74933c4739:c4922, 76d6a15c-8eeb-4764-b555-ce8767d18d57:c4920, c90dcfdf-5973-4b56-a955-1fc4555f10cb:c4920]
2019-09-19 11:26:56,754 [grpc-default-executor-7] INFO  client.GrpcClientProtocolClient (GrpcClientProtocolClient.java:onNext(264)) - client-D9B31DDCE961->18b22b39-7551-46dd-8464-dd74933c4739: receive RaftClientReply:client-D9B31DDCE961->18b22b39-7551-46dd-8464-dd74933c4739@group-597320EF17B3, cid=3312, SUCCESS, logIndex=4922, commits[18b22b39-7551-46dd-8464-dd74933c4739:c4922, 76d6a15c-8eeb-4764-b555-ce8767d18d57:c4920, c90dcfdf-5973-4b56-a955-1fc4555f10cb:c4920]
2019-09-19 11:26:56,767 [grpc-default-executor-7] INFO  client.GrpcClientProtocolClient (GrpcClientProtocolClient.java:onNext(264)) - client-D9B31DDCE961->18b22b39-7551-46dd-8464-dd74933c4739: receive RaftClientReply:client-D9B31DDCE961->18b22b39-7551-46dd-8464-dd74933c4739@group-597320EF17B3, cid=3313, SUCCESS, logIndex=4925, commits[18b22b39-7551-46dd-8464-dd74933c4739:c4926, 76d6a15c-8eeb-4764-b555-ce8767d18d57:c4922, c90dcfdf-5973-4b56-a955-1fc4555f10cb:c4922]
2019-09-19 11:26:56,767 [grpc-default-executor-7] INFO  client.GrpcClientProtocolClient (GrpcClientProtocolClient.java:onNext(264)) - client-D9B31DDCE961->18b22b39-7551-46dd-8464-dd74933c4739: receive RaftClientReply:client-D9B31DDCE961->18b22b39-7551-46dd-8464-dd74933c4739@group-597320EF17B3, cid=3314, SUCCESS, logIndex=4926, commits[18b22b39-7551-46dd-8464-dd74933c4739:c4926, 76d6a15c-8eeb-4764-b555-ce8767d18d57:c4922, c90dcfdf-5973-4b56-a955-1fc4555f10cb:c4922]
2019-09-19 11:26:56,779 [grpc-default-executor-3] INFO  client.GrpcClientProtocolClient (GrpcClientProtocolClient.java:onNext(264)) - client-D9B31DDCE961->18b22b39-7551-46dd-8464-dd74933c4739: receive RaftClientReply:client-D9B31DDCE961->18b22b39-7551-46dd-8464-dd74933c4739@group-597320EF17B3, cid=3315, SUCCESS, logIndex=0, commits[18b22b39-7551-46dd-8464-dd74933c4739:c4926, 76d6a15c-8eeb-4764-b555-ce8767d18d57:c4926, c90dcfdf-5973-4b56-a955-1fc4555f10cb:c4926]
2019-09-19 11:26:56,806 [grpc-default-executor-1] INFO  client.GrpcClientProtocolClient (GrpcClientProtocolClient.java:onNext(264)) - client-D9B31DDCE961->18b22b39-7551-46dd-8464-dd74933c4739: receive RaftClientReply:client-D9B31DDCE961->18b22b39-7551-46dd-8464-dd74933c4739@group-597320EF17B3, cid=3316, SUCCESS, logIndex=4929, commits[18b22b39-7551-46dd-8464-dd74933c4739:c4930, 76d6a15c-8eeb-4764-b555-ce8767d18d57:c4928, c90dcfdf-5973-4b56-a955-1fc4555f10cb:c4928]
2019-09-19 11:26:56,806 [grpc-default-executor-1] INFO  client.GrpcClientProtocolClient (GrpcClientProtocolClient.java:onNext(264)) - client-D9B31DDCE961->18b22b39-7551-46dd-8464-dd74933c4739: receive RaftClientReply:client-D9B31DDCE961->18b22b39-7551-46dd-8464-dd74933c4739@group-597320EF17B3, cid=3317, SUCCESS, logIndex=4930, commits[18b22b39-7551-46dd-8464-dd74933c4739:c4930, 76d6a15c-8eeb-4764-b555-ce8767d18d57:c4928, c90dcfdf-5973-4b56-a955-1fc4555f10cb:c4928]
2019-09-19 11:26:56,807 [grpc-default-executor-3] INFO  client.GrpcClientProtocolClient (GrpcClientProtocolClient.java:onNext(264)) - client-D9B31DDCE961->18b22b39-7551-46dd-8464-dd74933c4739: receive RaftClientReply:client-D9B31DDCE961->18b22b39-7551-46dd-8464-dd74933c4739@group-597320EF17B3, cid=3318, SUCCESS, logIndex=4931, commits[18b22b39-7551-46dd-8464-dd74933c4739:c4931, 76d6a15c-8eeb-4764-b555-ce8767d18d57:c4928, c90dcfdf-5973-4b56-a955-1fc4555f10cb:c4928]
2019-09-19 11:26:56,807 [grpc-default-executor-3] INFO  client.GrpcClientProtocolClient (GrpcClientProtocolClient.java:onNext(264)) - client-D9B31DDCE961->18b22b39-7551-46dd-8464-dd74933c4739: receive RaftClientReply:client-D9B31DDCE961->18b22b39-7551-46dd-8464-dd74933c4739@group-597320EF17B3, cid=3319, SUCCESS, logIndex=4932, commits[18b22b39-7551-46dd-8464-dd74933c4739:c4932, 76d6a15c-8eeb-4764-b555-ce8767d18d57:c4928, c90dcfdf-5973-4b56-a955-1fc4555f10cb:c4928]
2019-09-19 11:26:56,808 [grpc-default-executor-3] INFO  client.GrpcClientProtocolClient (GrpcClientProtocolClient.java:onNext(264)) - client-D9B31DDCE961->18b22b39-7551-46dd-8464-dd74933c4739: receive RaftClientReply:client-D9B31DDCE961->18b22b39-7551-46dd-8464-dd74933c4739@group-597320EF17B3, cid=3320, SUCCESS, logIndex=0, commits[18b22b39-7551-46dd-8464-dd74933c4739:c4934, 76d6a15c-8eeb-4764-b555-ce8767d18d57:c4930, c90dcfdf-5973-4b56-a955-1fc4555f10cb:c4930]
2019-09-19 11:26:56,826 [grpc-default-executor-7] INFO  client.GrpcClientProtocolClient (GrpcClientProtocolClient.java:onNext(264)) - client-D9B31DDCE961->18b22b39-7551-46dd-8464-dd74933c4739: receive RaftClientReply:client-D9B31DDCE961->18b22b39-7551-46dd-8464-dd74933c4739@group-597320EF17B3, cid=3321, SUCCESS, logIndex=4937, commits[18b22b39-7551-46dd-8464-dd74933c4739:c4937, 76d6a15c-8eeb-4764-b555-ce8767d18d57:c4936, c90dcfdf-5973-4b56-a955-1fc4555f10cb:c4936]
2019-09-19 11:26:56,826 [grpc-default-executor-7] INFO  client.GrpcClientProtocolClient (GrpcClientProtocolClient.java:onNext(264)) - client-D9B31DDCE961->18b22b39-7551-46dd-8464-dd74933c4739: receive RaftClientReply:client-D9B31DDCE961->18b22b39-7551-46dd-8464-dd74933c4739@group-597320EF17B3, cid=3322, SUCCESS, logIndex=4938, commits[18b22b39-7551-46dd-8464-dd74933c4739:c4938, 76d6a15c-8eeb-4764-b555-ce8767d18d57:c4936, c90dcfdf-5973-4b56-a955-1fc4555f10cb:c4936]
2019-09-19 11:26:56,839 [grpc-default-executor-3] INFO  client.GrpcClientProtocolClient (GrpcClientProtocolClient.java:onNext(264)) - client-D9B31DDCE961->18b22b39-7551-46dd-8464-dd74933c4739: receive RaftClientReply:client-D9B31DDCE961->18b22b39-7551-46dd-8464-dd74933c4739@group-597320EF17B3, cid=3323, SUCCESS, logIndex=4941, commits[18b22b39-7551-46dd-8464-dd74933c4739:c4942, 76d6a15c-8eeb-4764-b555-ce8767d18d57:c4938, c90dcfdf-5973-4b56-a955-1fc4555f10cb:c4938]
2019-09-19 11:26:56,839 [grpc-default-executor-3] INFO  client.GrpcClientProtocolClient (GrpcClientProtocolClient.java:onNext(264)) - client-D9B31DDCE961->18b22b39-7551-46dd-8464-dd74933c4739: receive RaftClientReply:client-D9B31DDCE961->18b22b39-7551-46dd-8464-dd74933c4739@group-597320EF17B3, cid=3324, SUCCESS, logIndex=4942, commits[18b22b39-7551-46dd-8464-dd74933c4739:c4942, 76d6a15c-8eeb-4764-b555-ce8767d18d57:c4938, c90dcfdf-5973-4b56-a955-1fc4555f10cb:c4938]
2019-09-19 11:26:56,852 [grpc-default-executor-3] INFO  client.GrpcClientProtocolClient (GrpcClientProtocolClient.java:onNext(264)) - client-D9B31DDCE961->18b22b39-7551-46dd-8464-dd74933c4739: receive RaftClientReply:client-D9B31DDCE961->18b22b39-7551-46dd-8464-dd74933c4739@group-597320EF17B3, cid=3325, SUCCESS, logIndex=0, commits[18b22b39-7551-46dd-8464-dd74933c4739:c4944, 76d6a15c-8eeb-4764-b555-ce8767d18d57:c4942, c90dcfdf-5973-4b56-a955-1fc4555f10cb:c4942]
2019-09-19 11:26:56,871 [grpc-default-executor-5] INFO  client.GrpcClientProtocolClient (GrpcClientProtocolClient.java:onNext(264)) - client-D9B31DDCE961->18b22b39-7551-46dd-8464-dd74933c4739: receive RaftClientReply:client-D9B31DDCE961->18b22b39-7551-46dd-8464-dd74933c4739@group-597320EF17B3, cid=3326, SUCCESS, logIndex=4945, commits[18b22b39-7551-46dd-8464-dd74933c4739:c4946, 76d6a15c-8eeb-4764-b555-ce8767d18d57:c4944, c90dcfdf-5973-4b56-a955-1fc4555f10cb:c4942]
2019-09-19 11:26:56,872 [grpc-default-executor-5] INFO  client.GrpcClientProtocolClient (GrpcClientProtocolClient.java:onNext(264)) - client-D9B31DDCE961->18b22b39-7551-46dd-8464-dd74933c4739: receive RaftClientReply:client-D9B31DDCE961->18b22b39-7551-46dd-8464-dd74933c4739@group-597320EF17B3, cid=3327, SUCCESS, logIndex=4946, commits[18b22b39-7551-46dd-8464-dd74933c4739:c4946, 76d6a15c-8eeb-4764-b555-ce8767d18d57:c4944, c90dcfdf-5973-4b56-a955-1fc4555f10cb:c4944]
2019-09-19 11:26:56,873 [grpc-default-executor-1] INFO  client.GrpcClientProtocolClient (GrpcClientProtocolClient.java:onNext(264)) - client-D9B31DDCE961->18b22b39-7551-46dd-8464-dd74933c4739: receive RaftClientReply:client-D9B31DDCE961->18b22b39-7551-46dd-8464-dd74933c4739@group-597320EF17B3, cid=3328, SUCCESS, logIndex=4947, commits[18b22b39-7551-46dd-8464-dd74933c4739:c4947, 76d6a15c-8eeb-4764-b555-ce8767d18d57:c4945, c90dcfdf-5973-4b56-a955-1fc4555f10cb:c4944]
2019-09-19 11:26:56,873 [grpc-default-executor-1] INFO  client.GrpcClientProtocolClient (GrpcClientProtocolClient.java:onNext(264)) - client-D9B31DDCE961->18b22b39-7551-46dd-8464-dd74933c4739: receive RaftClientReply:client-D9B31DDCE961->18b22b39-7551-46dd-8464-dd74933c4739@group-597320EF17B3, cid=3329, SUCCESS, logIndex=4948, commits[18b22b39-7551-46dd-8464-dd74933c4739:c4950, 76d6a15c-8eeb-4764-b555-ce8767d18d57:c4946, c90dcfdf-5973-4b56-a955-1fc4555f10cb:c4944]
2019-09-19 11:26:56,874 [grpc-default-executor-1] INFO  client.GrpcClientProtocolClient (GrpcClientProtocolClient.java:onNext(264)) - client-D9B31DDCE961->18b22b39-7551-46dd-8464-dd74933c4739: receive RaftClientReply:client-D9B31DDCE961->18b22b39-7551-46dd-8464-dd74933c4739@group-597320EF17B3, cid=3330, SUCCESS, logIndex=0, commits[18b22b39-7551-46dd-8464-dd74933c4739:c4950, 76d6a15c-8eeb-4764-b555-ce8767d18d57:c4946, c90dcfdf-5973-4b56-a955-1fc4555f10cb:c4946]
2019-09-19 11:26:56,884 [grpc-default-executor-5] INFO  client.GrpcClientProtocolClient (GrpcClientProtocolClient.java:onNext(264)) - client-D9B31DDCE961->18b22b39-7551-46dd-8464-dd74933c4739: receive RaftClientReply:client-D9B31DDCE961->18b22b39-7551-46dd-8464-dd74933c4739@group-597320EF17B3, cid=3331, SUCCESS, logIndex=4952, commits[18b22b39-7551-46dd-8464-dd74933c4739:c4953, 76d6a15c-8eeb-4764-b555-ce8767d18d57:c4951, c90dcfdf-5973-4b56-a955-1fc4555f10cb:c4947]
2019-09-19 11:26:56,884 [grpc-default-executor-5] INFO  client.GrpcClientProtocolClient (GrpcClientProtocolClient.java:onNext(264)) - client-D9B31DDCE961->18b22b39-7551-46dd-8464-dd74933c4739: receive RaftClientReply:client-D9B31DDCE961->18b22b39-7551-46dd-8464-dd74933c4739@group-597320EF17B3, cid=3332, SUCCESS, logIndex=4953, commits[18b22b39-7551-46dd-8464-dd74933c4739:c4953, 76d6a15c-8eeb-4764-b555-ce8767d18d57:c4951, c90dcfdf-5973-4b56-a955-1fc4555f10cb:c4947]
2019-09-19 11:26:56,885 [grpc-default-executor-5] INFO  client.GrpcClientProtocolClient (GrpcClientProtocolClient.java:onNext(264)) - client-D9B31DDCE961->18b22b39-7551-46dd-8464-dd74933c4739: receive RaftClientReply:client-D9B31DDCE961->18b22b39-7551-46dd-8464-dd74933c4739@group-597320EF17B3, cid=3333, SUCCESS, logIndex=0, commits[18b22b39-7551-46dd-8464-dd74933c4739:c4953, 76d6a15c-8eeb-4764-b555-ce8767d18d57:c4951, c90dcfdf-5973-4b56-a955-1fc4555f10cb:c4951]
2019-09-19 11:26:56,897 [grpc-default-executor-5] INFO  client.GrpcClientProtocolClient (GrpcClientProtocolClient.java:onNext(264)) - client-D9B31DDCE961->18b22b39-7551-46dd-8464-dd74933c4739: receive RaftClientReply:client-D9B31DDCE961->18b22b39-7551-46dd-8464-dd74933c4739@group-597320EF17B3, cid=3334, SUCCESS, logIndex=4956, commits[18b22b39-7551-46dd-8464-dd74933c4739:c4957, 76d6a15c-8eeb-4764-b555-ce8767d18d57:c4955, c90dcfdf-5973-4b56-a955-1fc4555f10cb:c4955]
2019-09-19 11:26:56,897 [grpc-default-executor-5] INFO  client.GrpcClientProtocolClient (GrpcClientProtocolClient.java:onNext(264)) - client-D9B31DDCE961->18b22b39-7551-46dd-8464-dd74933c4739: receive RaftClientReply:client-D9B31DDCE961->18b22b39-7551-46dd-8464-dd74933c4739@group-597320EF17B3, cid=3335, SUCCESS, logIndex=4957, commits[18b22b39-7551-46dd-8464-dd74933c4739:c4957, 76d6a15c-8eeb-4764-b555-ce8767d18d57:c4955, c90dcfdf-5973-4b56-a955-1fc4555f10cb:c4955]
2019-09-19 11:26:56,902 [grpc-default-executor-5] INFO  client.GrpcClientProtocolClient (GrpcClientProtocolClient.java:onNext(264)) - client-D9B31DDCE961->18b22b39-7551-46dd-8464-dd74933c4739: receive RaftClientReply:client-D9B31DDCE961->18b22b39-7551-46dd-8464-dd74933c4739@group-597320EF17B3, cid=3336, SUCCESS, logIndex=0, commits[18b22b39-7551-46dd-8464-dd74933c4739:c4959, 76d6a15c-8eeb-4764-b555-ce8767d18d57:c4957, c90dcfdf-5973-4b56-a955-1fc4555f10cb:c4957]
 0.00% |█                                                                                                    |  0/1 Time: 0:01:002019-09-19 11:26:56,939 [grpc-default-executor-3] INFO  client.GrpcClientProtocolClient (GrpcClientProtocolClient.java:onNext(264)) - client-D9B31DDCE961->18b22b39-7551-46dd-8464-dd74933c4739: receive RaftClientReply:client-D9B31DDCE961->18b22b39-7551-46dd-8464-dd74933c4739@group-597320EF17B3, cid=3337, SUCCESS, logIndex=4960, commits[18b22b39-7551-46dd-8464-dd74933c4739:c4961, 76d6a15c-8eeb-4764-b555-ce8767d18d57:c4959, c90dcfdf-5973-4b56-a955-1fc4555f10cb:c4959]
2019-09-19 11:26:56,940 [grpc-default-executor-3] INFO  client.GrpcClientProtocolClient (GrpcClientProtocolClient.java:onNext(264)) - client-D9B31DDCE961->18b22b39-7551-46dd-8464-dd74933c4739: receive RaftClientReply:client-D9B31DDCE961->18b22b39-7551-46dd-8464-dd74933c4739@group-597320EF17B3, cid=3338, SUCCESS, logIndex=4961, commits[18b22b39-7551-46dd-8464-dd74933c4739:c4961, 76d6a15c-8eeb-4764-b555-ce8767d18d57:c4959, c90dcfdf-5973-4b56-a955-1fc4555f10cb:c4959]
2019-09-19 11:26:56,940 [grpc-default-executor-3] INFO  client.GrpcClientProtocolClient (GrpcClientProtocolClient.java:onNext(264)) - client-D9B31DDCE961->18b22b39-7551-46dd-8464-dd74933c4739: receive RaftClientReply:client-D9B31DDCE961->18b22b39-7551-46dd-8464-dd74933c4739@group-597320EF17B3, cid=3339, SUCCESS, logIndex=4962, commits[18b22b39-7551-46dd-8464-dd74933c4739:c4962, 76d6a15c-8eeb-4764-b555-ce8767d18d57:c4959, c90dcfdf-5973-4b56-a955-1fc4555f10cb:c4959]
2019-09-19 11:26:56,940 [grpc-default-executor-3] INFO  client.GrpcClientProtocolClient (GrpcClientProtocolClient.java:onNext(264)) - client-D9B31DDCE961->18b22b39-7551-46dd-8464-dd74933c4739: receive RaftClientReply:client-D9B31DDCE961->18b22b39-7551-46dd-8464-dd74933c4739@group-597320EF17B3, cid=3340, SUCCESS, logIndex=4963, commits[18b22b39-7551-46dd-8464-dd74933c4739:c4963, 76d6a15c-8eeb-4764-b555-ce8767d18d57:c4959, c90dcfdf-5973-4b56-a955-1fc4555f10cb:c4959]
2019-09-19 11:26:56,941 [grpc-default-executor-3] INFO  client.GrpcClientProtocolClient (GrpcClientProtocolClient.java:onNext(264)) - client-D9B31DDCE961->18b22b39-7551-46dd-8464-dd74933c4739: receive RaftClientReply:client-D9B31DDCE961->18b22b39-7551-46dd-8464-dd74933c4739@group-597320EF17B3, cid=3341, SUCCESS, logIndex=0, commits[18b22b39-7551-46dd-8464-dd74933c4739:c4965, 76d6a15c-8eeb-4764-b555-ce8767d18d57:c4961, c90dcfdf-5973-4b56-a955-1fc4555f10cb:c4961]
2019-09-19 11:26:56,956 [grpc-default-executor-5] INFO  client.GrpcClientProtocolClient (GrpcClientProtocolClient.java:onNext(264)) - client-D9B31DDCE961->18b22b39-7551-46dd-8464-dd74933c4739: receive RaftClientReply:client-D9B31DDCE961->18b22b39-7551-46dd-8464-dd74933c4739@group-597320EF17B3, cid=3342, SUCCESS, logIndex=4968, commits[18b22b39-7551-46dd-8464-dd74933c4739:c4969, 76d6a15c-8eeb-4764-b555-ce8767d18d57:c4967, c90dcfdf-5973-4b56-a955-1fc4555f10cb:c4967]
2019-09-19 11:26:56,959 [grpc-default-executor-5] INFO  client.GrpcClientProtocolClient (GrpcClientProtocolClient.java:onNext(264)) - client-D9B31DDCE961->18b22b39-7551-46dd-8464-dd74933c4739: receive RaftClientReply:client-D9B31DDCE961->18b22b39-7551-46dd-8464-dd74933c4739@group-597320EF17B3, cid=3343, SUCCESS, logIndex=4969, commits[18b22b39-7551-46dd-8464-dd74933c4739:c4969, 76d6a15c-8eeb-4764-b555-ce8767d18d57:c4967, c90dcfdf-5973-4b56-a955-1fc4555f10cb:c4967]
2019-09-19 11:26:56,970 [grpc-default-executor-1] INFO  client.GrpcClientProtocolClient (GrpcClientProtocolClient.java:onNext(264)) - client-D9B31DDCE961->18b22b39-7551-46dd-8464-dd74933c4739: receive RaftClientReply:client-D9B31DDCE961->18b22b39-7551-46dd-8464-dd74933c4739@group-597320EF17B3, cid=3344, SUCCESS, logIndex=4972, commits[18b22b39-7551-46dd-8464-dd74933c4739:c4973, 76d6a15c-8eeb-4764-b555-ce8767d18d57:c4969, c90dcfdf-5973-4b56-a955-1fc4555f10cb:c4969]
2019-09-19 11:26:56,970 [grpc-default-executor-1] INFO  client.GrpcClientProtocolClient (GrpcClientProtocolClient.java:onNext(264)) - client-D9B31DDCE961->18b22b39-7551-46dd-8464-dd74933c4739: receive RaftClientReply:client-D9B31DDCE961->18b22b39-7551-46dd-8464-dd74933c4739@group-597320EF17B3, cid=3345, SUCCESS, logIndex=4973, commits[18b22b39-7551-46dd-8464-dd74933c4739:c4973, 76d6a15c-8eeb-4764-b555-ce8767d18d57:c4969, c90dcfdf-5973-4b56-a955-1fc4555f10cb:c4969]
2019-09-19 11:26:56,982 [grpc-default-executor-5] INFO  client.GrpcClientProtocolClient (GrpcClientProtocolClient.java:onNext(264)) - client-D9B31DDCE961->18b22b39-7551-46dd-8464-dd74933c4739: receive RaftClientReply:client-D9B31DDCE961->18b22b39-7551-46dd-8464-dd74933c4739@group-597320EF17B3, cid=3346, SUCCESS, logIndex=0, commits[18b22b39-7551-46dd-8464-dd74933c4739:c4975, 76d6a15c-8eeb-4764-b555-ce8767d18d57:c4973, c90dcfdf-5973-4b56-a955-1fc4555f10cb:c4973]
2019-09-19 11:26:57,012 [grpc-default-executor-1] INFO  client.GrpcClientProtocolClient (GrpcClientProtocolClient.java:onNext(264)) - client-D9B31DDCE961->18b22b39-7551-46dd-8464-dd74933c4739: receive RaftClientReply:client-D9B31DDCE961->18b22b39-7551-46dd-8464-dd74933c4739@group-597320EF17B3, cid=3347, SUCCESS, logIndex=4976, commits[18b22b39-7551-46dd-8464-dd74933c4739:c4977, 76d6a15c-8eeb-4764-b555-ce8767d18d57:c4975, c90dcfdf-5973-4b56-a955-1fc4555f10cb:c4975]
2019-09-19 11:26:57,013 [grpc-default-executor-5] INFO  client.GrpcClientProtocolClient (GrpcClientProtocolClient.java:onNext(264)) - client-D9B31DDCE961->18b22b39-7551-46dd-8464-dd74933c4739: receive RaftClientReply:client-D9B31DDCE961->18b22b39-7551-46dd-8464-dd74933c4739@group-597320EF17B3, cid=3348, SUCCESS, logIndex=4977, commits[18b22b39-7551-46dd-8464-dd74933c4739:c4977, 76d6a15c-8eeb-4764-b555-ce8767d18d57:c4975, c90dcfdf-5973-4b56-a955-1fc4555f10cb:c4975]
2019-09-19 11:26:57,014 [grpc-default-executor-5] INFO  client.GrpcClientProtocolClient (GrpcClientProtocolClient.java:onNext(264)) - client-D9B31DDCE961->18b22b39-7551-46dd-8464-dd74933c4739: receive RaftClientReply:client-D9B31DDCE961->18b22b39-7551-46dd-8464-dd74933c4739@group-597320EF17B3, cid=3349, SUCCESS, logIndex=4978, commits[18b22b39-7551-46dd-8464-dd74933c4739:c4979, 76d6a15c-8eeb-4764-b555-ce8767d18d57:c4975, c90dcfdf-5973-4b56-a955-1fc4555f10cb:c4975]
2019-09-19 11:26:57,014 [grpc-default-executor-5] INFO  client.GrpcClientProtocolClient (GrpcClientProtocolClient.java:onNext(264)) - client-D9B31DDCE961->18b22b39-7551-46dd-8464-dd74933c4739: receive RaftClientReply:client-D9B31DDCE961->18b22b39-7551-46dd-8464-dd74933c4739@group-597320EF17B3, cid=3350, SUCCESS, logIndex=4979, commits[18b22b39-7551-46dd-8464-dd74933c4739:c4979, 76d6a15c-8eeb-4764-b555-ce8767d18d57:c4975, c90dcfdf-5973-4b56-a955-1fc4555f10cb:c4975]
2019-09-19 11:26:57,016 [grpc-default-executor-1] INFO  client.GrpcClientProtocolClient (GrpcClientProtocolClient.java:onNext(264)) - client-D9B31DDCE961->18b22b39-7551-46dd-8464-dd74933c4739: receive RaftClientReply:client-D9B31DDCE961->18b22b39-7551-46dd-8464-dd74933c4739@group-597320EF17B3, cid=3351, SUCCESS, logIndex=0, commits[18b22b39-7551-46dd-8464-dd74933c4739:c4981, 76d6a15c-8eeb-4764-b555-ce8767d18d57:c4977, c90dcfdf-5973-4b56-a955-1fc4555f10cb:c4977]
2019-09-19 11:26:57,028 [grpc-default-executor-1] INFO  client.GrpcClientProtocolClient (GrpcClientProtocolClient.java:onNext(264)) - client-D9B31DDCE961->18b22b39-7551-46dd-8464-dd74933c4739: receive RaftClientReply:client-D9B31DDCE961->18b22b39-7551-46dd-8464-dd74933c4739@group-597320EF17B3, cid=3352, SUCCESS, logIndex=4984, commits[18b22b39-7551-46dd-8464-dd74933c4739:c4985, 76d6a15c-8eeb-4764-b555-ce8767d18d57:c4983, c90dcfdf-5973-4b56-a955-1fc4555f10cb:c4979]
2019-09-19 11:26:57,029 [grpc-default-executor-1] INFO  client.GrpcClientProtocolClient (GrpcClientProtocolClient.java:onNext(264)) - client-D9B31DDCE961->18b22b39-7551-46dd-8464-dd74933c4739: receive RaftClientReply:client-D9B31DDCE961->18b22b39-7551-46dd-8464-dd74933c4739@group-597320EF17B3, cid=3353, SUCCESS, logIndex=4985, commits[18b22b39-7551-46dd-8464-dd74933c4739:c4985, 76d6a15c-8eeb-4764-b555-ce8767d18d57:c4983, c90dcfdf-5973-4b56-a955-1fc4555f10cb:c4983]
2019-09-19 11:26:57,046 [grpc-default-executor-1] INFO  client.GrpcClientProtocolClient (GrpcClientProtocolClient.java:onNext(264)) - client-D9B31DDCE961->18b22b39-7551-46dd-8464-dd74933c4739: receive RaftClientReply:client-D9B31DDCE961->18b22b39-7551-46dd-8464-dd74933c4739@group-597320EF17B3, cid=3354, SUCCESS, logIndex=4988, commits[18b22b39-7551-46dd-8464-dd74933c4739:c4989, 76d6a15c-8eeb-4764-b555-ce8767d18d57:c4987, c90dcfdf-5973-4b56-a955-1fc4555f10cb:c4987]
2019-09-19 11:26:57,046 [grpc-default-executor-1] INFO  client.GrpcClientProtocolClient (GrpcClientProtocolClient.java:onNext(264)) - client-D9B31DDCE961->18b22b39-7551-46dd-8464-dd74933c4739: receive RaftClientReply:client-D9B31DDCE961->18b22b39-7551-46dd-8464-dd74933c4739@group-597320EF17B3, cid=3355, SUCCESS, logIndex=4989, commits[18b22b39-7551-46dd-8464-dd74933c4739:c4989, 76d6a15c-8eeb-4764-b555-ce8767d18d57:c4987, c90dcfdf-5973-4b56-a955-1fc4555f10cb:c4987]
2019-09-19 11:26:57,062 [grpc-default-executor-1] INFO  client.GrpcClientProtocolClient (GrpcClientProtocolClient.java:onNext(264)) - client-D9B31DDCE961->18b22b39-7551-46dd-8464-dd74933c4739: receive RaftClientReply:client-D9B31DDCE961->18b22b39-7551-46dd-8464-dd74933c4739@group-597320EF17B3, cid=3356, SUCCESS, logIndex=0, commits[18b22b39-7551-46dd-8464-dd74933c4739:c4991, 76d6a15c-8eeb-4764-b555-ce8767d18d57:c4989, c90dcfdf-5973-4b56-a955-1fc4555f10cb:c4989]
2019-09-19 11:26:57,090 [grpc-default-executor-3] INFO  client.GrpcClientProtocolClient (GrpcClientProtocolClient.java:onNext(264)) - client-D9B31DDCE961->18b22b39-7551-46dd-8464-dd74933c4739: receive RaftClientReply:client-D9B31DDCE961->18b22b39-7551-46dd-8464-dd74933c4739@group-597320EF17B3, cid=3357, SUCCESS, logIndex=4992, commits[18b22b39-7551-46dd-8464-dd74933c4739:c4993, 76d6a15c-8eeb-4764-b555-ce8767d18d57:c4991, c90dcfdf-5973-4b56-a955-1fc4555f10cb:c4991]
2019-09-19 11:26:57,091 [grpc-default-executor-3] INFO  client.GrpcClientProtocolClient (GrpcClientProtocolClient.java:onNext(264)) - client-D9B31DDCE961->18b22b39-7551-46dd-8464-dd74933c4739: receive RaftClientReply:client-D9B31DDCE961->18b22b39-7551-46dd-8464-dd74933c4739@group-597320EF17B3, cid=3358, SUCCESS, logIndex=4993, commits[18b22b39-7551-46dd-8464-dd74933c4739:c4993, 76d6a15c-8eeb-4764-b555-ce8767d18d57:c4991, c90dcfdf-5973-4b56-a955-1fc4555f10cb:c4991]
2019-09-19 11:26:57,091 [grpc-default-executor-5] INFO  client.GrpcClientProtocolClient (GrpcClientProtocolClient.java:onNext(264)) - client-D9B31DDCE961->18b22b39-7551-46dd-8464-dd74933c4739: receive RaftClientReply:client-D9B31DDCE961->18b22b39-7551-46dd-8464-dd74933c4739@group-597320EF17B3, cid=3359, SUCCESS, logIndex=4994, commits[18b22b39-7551-46dd-8464-dd74933c4739:c4994, 76d6a15c-8eeb-4764-b555-ce8767d18d57:c4991, c90dcfdf-5973-4b56-a955-1fc4555f10cb:c4991]
2019-09-19 11:26:57,091 [grpc-default-executor-5] INFO  client.GrpcClientProtocolClient (GrpcClientProtocolClient.java:onNext(264)) - client-D9B31DDCE961->18b22b39-7551-46dd-8464-dd74933c4739: receive RaftClientReply:client-D9B31DDCE961->18b22b39-7551-46dd-8464-dd74933c4739@group-597320EF17B3, cid=3360, SUCCESS, logIndex=4995, commits[18b22b39-7551-46dd-8464-dd74933c4739:c4995, 76d6a15c-8eeb-4764-b555-ce8767d18d57:c4991, c90dcfdf-5973-4b56-a955-1fc4555f10cb:c4991]
2019-09-19 11:26:57,094 [grpc-default-executor-5] INFO  client.GrpcClientProtocolClient (GrpcClientProtocolClient.java:onNext(264)) - client-D9B31DDCE961->18b22b39-7551-46dd-8464-dd74933c4739: receive RaftClientReply:client-D9B31DDCE961->18b22b39-7551-46dd-8464-dd74933c4739@group-597320EF17B3, cid=3361, SUCCESS, logIndex=0, commits[18b22b39-7551-46dd-8464-dd74933c4739:c4997, 76d6a15c-8eeb-4764-b555-ce8767d18d57:c4993, c90dcfdf-5973-4b56-a955-1fc4555f10cb:c4993]
2019-09-19 11:26:57,106 [grpc-default-executor-3] INFO  client.GrpcClientProtocolClient (GrpcClientProtocolClient.java:onNext(264)) - client-D9B31DDCE961->18b22b39-7551-46dd-8464-dd74933c4739: receive RaftClientReply:client-D9B31DDCE961->18b22b39-7551-46dd-8464-dd74933c4739@group-597320EF17B3, cid=3362, SUCCESS, logIndex=5000, commits[18b22b39-7551-46dd-8464-dd74933c4739:c5001, 76d6a15c-8eeb-4764-b555-ce8767d18d57:c4995, c90dcfdf-5973-4b56-a955-1fc4555f10cb:c4997]
2019-09-19 11:26:57,106 [grpc-default-executor-3] INFO  client.GrpcClientProtocolClient (GrpcClientProtocolClient.java:onNext(264)) - client-D9B31DDCE961->18b22b39-7551-46dd-8464-dd74933c4739: receive RaftClientReply:client-D9B31DDCE961->18b22b39-7551-46dd-8464-dd74933c4739@group-597320EF17B3, cid=3363, SUCCESS, logIndex=5001, commits[18b22b39-7551-46dd-8464-dd74933c4739:c5001, 76d6a15c-8eeb-4764-b555-ce8767d18d57:c4997, c90dcfdf-5973-4b56-a955-1fc4555f10cb:c4997]
2019-09-19 11:26:57,124 [grpc-default-executor-5] INFO  client.GrpcClientProtocolClient (GrpcClientProtocolClient.java:onNext(264)) - client-D9B31DDCE961->18b22b39-7551-46dd-8464-dd74933c4739: receive RaftClientReply:client-D9B31DDCE961->18b22b39-7551-46dd-8464-dd74933c4739@group-597320EF17B3, cid=3364, SUCCESS, logIndex=5003, commits[18b22b39-7551-46dd-8464-dd74933c4739:c5004, 76d6a15c-8eeb-4764-b555-ce8767d18d57:c5002, c90dcfdf-5973-4b56-a955-1fc4555f10cb:c5002]
2019-09-19 11:26:57,125 [grpc-default-executor-5] INFO  client.GrpcClientProtocolClient (GrpcClientProtocolClient.java:onNext(264)) - client-D9B31DDCE961->18b22b39-7551-46dd-8464-dd74933c4739: receive RaftClientReply:client-D9B31DDCE961->18b22b39-7551-46dd-8464-dd74933c4739@group-597320EF17B3, cid=3365, SUCCESS, logIndex=5004, commits[18b22b39-7551-46dd-8464-dd74933c4739:c5004, 76d6a15c-8eeb-4764-b555-ce8767d18d57:c5002, c90dcfdf-5973-4b56-a955-1fc4555f10cb:c5002]
2019-09-19 11:26:57,137 [grpc-default-executor-1] INFO  client.GrpcClientProtocolClient (GrpcClientProtocolClient.java:onNext(264)) - client-D9B31DDCE961->18b22b39-7551-46dd-8464-dd74933c4739: receive RaftClientReply:client-D9B31DDCE961->18b22b39-7551-46dd-8464-dd74933c4739@group-597320EF17B3, cid=3366, SUCCESS, logIndex=0, commits[18b22b39-7551-46dd-8464-dd74933c4739:c5005, 76d6a15c-8eeb-4764-b555-ce8767d18d57:c5004, c90dcfdf-5973-4b56-a955-1fc4555f10cb:c5004]
2019-09-19 11:26:57,155 [grpc-default-executor-7] INFO  client.GrpcClientProtocolClient (GrpcClientProtocolClient.java:onNext(264)) - client-D9B31DDCE961->18b22b39-7551-46dd-8464-dd74933c4739: receive RaftClientReply:client-D9B31DDCE961->18b22b39-7551-46dd-8464-dd74933c4739@group-597320EF17B3, cid=3367, SUCCESS, logIndex=5007, commits[18b22b39-7551-46dd-8464-dd74933c4739:c5008, 76d6a15c-8eeb-4764-b555-ce8767d18d57:c5004, c90dcfdf-5973-4b56-a955-1fc4555f10cb:c5006]
2019-09-19 11:26:57,156 [grpc-default-executor-1] INFO  client.GrpcClientProtocolClient (GrpcClientProtocolClient.java:onNext(264)) - client-D9B31DDCE961->18b22b39-7551-46dd-8464-dd74933c4739: receive RaftClientReply:client-D9B31DDCE961->18b22b39-7551-46dd-8464-dd74933c4739@group-597320EF17B3, cid=3368, SUCCESS, logIndex=5008, commits[18b22b39-7551-46dd-8464-dd74933c4739:c5008, 76d6a15c-8eeb-4764-b555-ce8767d18d57:c5004, c90dcfdf-5973-4b56-a955-1fc4555f10cb:c5006]
2019-09-19 11:26:57,156 [grpc-default-executor-1] INFO  client.GrpcClientProtocolClient (GrpcClientProtocolClient.java:onNext(264)) - client-D9B31DDCE961->18b22b39-7551-46dd-8464-dd74933c4739: receive RaftClientReply:client-D9B31DDCE961->18b22b39-7551-46dd-8464-dd74933c4739@group-597320EF17B3, cid=3369, SUCCESS, logIndex=5009, commits[18b22b39-7551-46dd-8464-dd74933c4739:c5010, 76d6a15c-8eeb-4764-b555-ce8767d18d57:c5006, c90dcfdf-5973-4b56-a955-1fc4555f10cb:c5006]
2019-09-19 11:26:57,156 [grpc-default-executor-1] INFO  client.GrpcClientProtocolClient (GrpcClientProtocolClient.java:onNext(264)) - client-D9B31DDCE961->18b22b39-7551-46dd-8464-dd74933c4739: receive RaftClientReply:client-D9B31DDCE961->18b22b39-7551-46dd-8464-dd74933c4739@group-597320EF17B3, cid=3370, SUCCESS, logIndex=5010, commits[18b22b39-7551-46dd-8464-dd74933c4739:c5010, 76d6a15c-8eeb-4764-b555-ce8767d18d57:c5006, c90dcfdf-5973-4b56-a955-1fc4555f10cb:c5006]
2019-09-19 11:26:57,158 [grpc-default-executor-1] INFO  client.GrpcClientProtocolClient (GrpcClientProtocolClient.java:onNext(264)) - client-D9B31DDCE961->18b22b39-7551-46dd-8464-dd74933c4739: receive RaftClientReply:client-D9B31DDCE961->18b22b39-7551-46dd-8464-dd74933c4739@group-597320EF17B3, cid=3371, SUCCESS, logIndex=0, commits[18b22b39-7551-46dd-8464-dd74933c4739:c5012, 76d6a15c-8eeb-4764-b555-ce8767d18d57:c5008, c90dcfdf-5973-4b56-a955-1fc4555f10cb:c5008]
2019-09-19 11:26:57,169 [grpc-default-executor-3] INFO  client.GrpcClientProtocolClient (GrpcClientProtocolClient.java:onNext(264)) - client-D9B31DDCE961->18b22b39-7551-46dd-8464-dd74933c4739: receive RaftClientReply:client-D9B31DDCE961->18b22b39-7551-46dd-8464-dd74933c4739@group-597320EF17B3, cid=3372, SUCCESS, logIndex=5015, commits[18b22b39-7551-46dd-8464-dd74933c4739:c5016, 76d6a15c-8eeb-4764-b555-ce8767d18d57:c5010, c90dcfdf-5973-4b56-a955-1fc4555f10cb:c5014]
2019-09-19 11:26:57,170 [grpc-default-executor-3] INFO  client.GrpcClientProtocolClient (GrpcClientProtocolClient.java:onNext(264)) - client-D9B31DDCE961->18b22b39-7551-46dd-8464-dd74933c4739: receive RaftClientReply:client-D9B31DDCE961->18b22b39-7551-46dd-8464-dd74933c4739@group-597320EF17B3, cid=3373, SUCCESS, logIndex=5016, commits[18b22b39-7551-46dd-8464-dd74933c4739:c5016, 76d6a15c-8eeb-4764-b555-ce8767d18d57:c5010, c90dcfdf-5973-4b56-a955-1fc4555f10cb:c5014]
2019-09-19 11:26:57,194 [grpc-default-executor-5] INFO  client.GrpcClientProtocolClient (GrpcClientProtocolClient.java:onNext(264)) - client-D9B31DDCE961->18b22b39-7551-46dd-8464-dd74933c4739: receive RaftClientReply:client-D9B31DDCE961->18b22b39-7551-46dd-8464-dd74933c4739@group-597320EF17B3, cid=3374, SUCCESS, logIndex=5019, commits[18b22b39-7551-46dd-8464-dd74933c4739:c5020, 76d6a15c-8eeb-4764-b555-ce8767d18d57:c5018, c90dcfdf-5973-4b56-a955-1fc4555f10cb:c5018]
2019-09-19 11:26:57,194 [grpc-default-executor-5] INFO  client.GrpcClientProtocolClient (GrpcClientProtocolClient.java:onNext(264)) - client-D9B31DDCE961->18b22b39-7551-46dd-8464-dd74933c4739: receive RaftClientReply:client-D9B31DDCE961->18b22b39-7551-46dd-8464-dd74933c4739@group-597320EF17B3, cid=3375, SUCCESS, logIndex=5020, commits[18b22b39-7551-46dd-8464-dd74933c4739:c5020, 76d6a15c-8eeb-4764-b555-ce8767d18d57:c5018, c90dcfdf-5973-4b56-a955-1fc4555f10cb:c5018]
2019-09-19 11:26:57,205 [grpc-default-executor-5] INFO  client.GrpcClientProtocolClient (GrpcClientProtocolClient.java:onNext(264)) - client-D9B31DDCE961->18b22b39-7551-46dd-8464-dd74933c4739: receive RaftClientReply:client-D9B31DDCE961->18b22b39-7551-46dd-8464-dd74933c4739@group-597320EF17B3, cid=3376, SUCCESS, logIndex=0, commits[18b22b39-7551-46dd-8464-dd74933c4739:c5021, 76d6a15c-8eeb-4764-b555-ce8767d18d57:c5020, c90dcfdf-5973-4b56-a955-1fc4555f10cb:c5020]
2019-09-19 11:26:57,231 [grpc-default-executor-3] INFO  client.GrpcClientProtocolClient (GrpcClientProtocolClient.java:onNext(264)) - client-D9B31DDCE961->18b22b39-7551-46dd-8464-dd74933c4739: receive RaftClientReply:client-D9B31DDCE961->18b22b39-7551-46dd-8464-dd74933c4739@group-597320EF17B3, cid=3377, SUCCESS, logIndex=5023, commits[18b22b39-7551-46dd-8464-dd74933c4739:c5024, 76d6a15c-8eeb-4764-b555-ce8767d18d57:c5022, c90dcfdf-5973-4b56-a955-1fc4555f10cb:c5022]
2019-09-19 11:26:57,232 [grpc-default-executor-1] INFO  client.GrpcClientProtocolClient (GrpcClientProtocolClient.java:onNext(264)) - client-D9B31DDCE961->18b22b39-7551-46dd-8464-dd74933c4739: receive RaftClientReply:client-D9B31DDCE961->18b22b39-7551-46dd-8464-dd74933c4739@group-597320EF17B3, cid=3378, SUCCESS, logIndex=5024, commits[18b22b39-7551-46dd-8464-dd74933c4739:c5024, 76d6a15c-8eeb-4764-b555-ce8767d18d57:c5022, c90dcfdf-5973-4b56-a955-1fc4555f10cb:c5022]
2019-09-19 11:26:57,232 [grpc-default-executor-3] INFO  client.GrpcClientProtocolClient (GrpcClientProtocolClient.java:onNext(264)) - client-D9B31DDCE961->18b22b39-7551-46dd-8464-dd74933c4739: receive RaftClientReply:client-D9B31DDCE961->18b22b39-7551-46dd-8464-dd74933c4739@group-597320EF17B3, cid=3379, SUCCESS, logIndex=5025, commits[18b22b39-7551-46dd-8464-dd74933c4739:c5025, 76d6a15c-8eeb-4764-b555-ce8767d18d57:c5022, c90dcfdf-5973-4b56-a955-1fc4555f10cb:c5022]
2019-09-19 11:26:57,232 [grpc-default-executor-3] INFO  client.GrpcClientProtocolClient (GrpcClientProtocolClient.java:onNext(264)) - client-D9B31DDCE961->18b22b39-7551-46dd-8464-dd74933c4739: receive RaftClientReply:client-D9B31DDCE961->18b22b39-7551-46dd-8464-dd74933c4739@group-597320EF17B3, cid=3380, SUCCESS, logIndex=5026, commits[18b22b39-7551-46dd-8464-dd74933c4739:c5026, 76d6a15c-8eeb-4764-b555-ce8767d18d57:c5022, c90dcfdf-5973-4b56-a955-1fc4555f10cb:c5022]
2019-09-19 11:26:57,233 [grpc-default-executor-3] INFO  client.GrpcClientProtocolClient (GrpcClientProtocolClient.java:onNext(264)) - client-D9B31DDCE961->18b22b39-7551-46dd-8464-dd74933c4739: receive RaftClientReply:client-D9B31DDCE961->18b22b39-7551-46dd-8464-dd74933c4739@group-597320EF17B3, cid=3381, SUCCESS, logIndex=0, commits[18b22b39-7551-46dd-8464-dd74933c4739:c5027, 76d6a15c-8eeb-4764-b555-ce8767d18d57:c5024, c90dcfdf-5973-4b56-a955-1fc4555f10cb:c5024]
2019-09-19 11:26:57,252 [grpc-default-executor-7] INFO  client.GrpcClientProtocolClient (GrpcClientProtocolClient.java:onNext(264)) - client-D9B31DDCE961->18b22b39-7551-46dd-8464-dd74933c4739: receive RaftClientReply:client-D9B31DDCE961->18b22b39-7551-46dd-8464-dd74933c4739@group-597320EF17B3, cid=3382, SUCCESS, logIndex=5031, commits[18b22b39-7551-46dd-8464-dd74933c4739:c5032, 76d6a15c-8eeb-4764-b555-ce8767d18d57:c5030, c90dcfdf-5973-4b56-a955-1fc4555f10cb:c5030]
2019-09-19 11:26:57,252 [grpc-default-executor-7] INFO  client.GrpcClientProtocolClient (GrpcClientProtocolClient.java:onNext(264)) - client-D9B31DDCE961->18b22b39-7551-46dd-8464-dd74933c4739: receive RaftClientReply:client-D9B31DDCE961->18b22b39-7551-46dd-8464-dd74933c4739@group-597320EF17B3, cid=3383, SUCCESS, logIndex=5032, commits[18b22b39-7551-46dd-8464-dd74933c4739:c5032, 76d6a15c-8eeb-4764-b555-ce8767d18d57:c5030, c90dcfdf-5973-4b56-a955-1fc4555f10cb:c5030]
2019-09-19 11:26:57,270 [grpc-default-executor-7] INFO  client.GrpcClientProtocolClient (GrpcClientProtocolClient.java:onNext(264)) - client-D9B31DDCE961->18b22b39-7551-46dd-8464-dd74933c4739: receive RaftClientReply:client-D9B31DDCE961->18b22b39-7551-46dd-8464-dd74933c4739@group-597320EF17B3, cid=3384, SUCCESS, logIndex=5035, commits[18b22b39-7551-46dd-8464-dd74933c4739:c5036, 76d6a15c-8eeb-4764-b555-ce8767d18d57:c5034, c90dcfdf-5973-4b56-a955-1fc4555f10cb:c5034]
2019-09-19 11:26:57,270 [grpc-default-executor-7] INFO  client.GrpcClientProtocolClient (GrpcClientProtocolClient.java:onNext(264)) - client-D9B31DDCE961->18b22b39-7551-46dd-8464-dd74933c4739: receive RaftClientReply:client-D9B31DDCE961->18b22b39-7551-46dd-8464-dd74933c4739@group-597320EF17B3, cid=3385, SUCCESS, logIndex=5036, commits[18b22b39-7551-46dd-8464-dd74933c4739:c5036, 76d6a15c-8eeb-4764-b555-ce8767d18d57:c5034, c90dcfdf-5973-4b56-a955-1fc4555f10cb:c5034]
2019-09-19 11:26:57,282 [grpc-default-executor-7] INFO  client.GrpcClientProtocolClient (GrpcClientProtocolClient.java:onNext(264)) - client-D9B31DDCE961->18b22b39-7551-46dd-8464-dd74933c4739: receive RaftClientReply:client-D9B31DDCE961->18b22b39-7551-46dd-8464-dd74933c4739@group-597320EF17B3, cid=3386, SUCCESS, logIndex=0, commits[18b22b39-7551-46dd-8464-dd74933c4739:c5038, 76d6a15c-8eeb-4764-b555-ce8767d18d57:c5036, c90dcfdf-5973-4b56-a955-1fc4555f10cb:c5036]
2019-09-19 11:26:57,310 [grpc-default-executor-7] INFO  client.GrpcClientProtocolClient (GrpcClientProtocolClient.java:onNext(264)) - client-D9B31DDCE961->18b22b39-7551-46dd-8464-dd74933c4739: receive RaftClientReply:client-D9B31DDCE961->18b22b39-7551-46dd-8464-dd74933c4739@group-597320EF17B3, cid=3387, SUCCESS, logIndex=5039, commits[18b22b39-7551-46dd-8464-dd74933c4739:c5040, 76d6a15c-8eeb-4764-b555-ce8767d18d57:c5038, c90dcfdf-5973-4b56-a955-1fc4555f10cb:c5038]
2019-09-19 11:26:57,310 [grpc-default-executor-7] INFO  client.GrpcClientProtocolClient (GrpcClientProtocolClient.java:onNext(264)) - client-D9B31DDCE961->18b22b39-7551-46dd-8464-dd74933c4739: receive RaftClientReply:client-D9B31DDCE961->18b22b39-7551-46dd-8464-dd74933c4739@group-597320EF17B3, cid=3388, SUCCESS, logIndex=5040, commits[18b22b39-7551-46dd-8464-dd74933c4739:c5040, 76d6a15c-8eeb-4764-b555-ce8767d18d57:c5038, c90dcfdf-5973-4b56-a955-1fc4555f10cb:c5038]
2019-09-19 11:26:57,311 [grpc-default-executor-7] INFO  client.GrpcClientProtocolClient (GrpcClientProtocolClient.java:onNext(264)) - client-D9B31DDCE961->18b22b39-7551-46dd-8464-dd74933c4739: receive RaftClientReply:client-D9B31DDCE961->18b22b39-7551-46dd-8464-dd74933c4739@group-597320EF17B3, cid=3389, SUCCESS, logIndex=5041, commits[18b22b39-7551-46dd-8464-dd74933c4739:c5042, 76d6a15c-8eeb-4764-b555-ce8767d18d57:c5038, c90dcfdf-5973-4b56-a955-1fc4555f10cb:c5038]
2019-09-19 11:26:57,311 [grpc-default-executor-7] INFO  client.GrpcClientProtocolClient (GrpcClientProtocolClient.java:onNext(264)) - client-D9B31DDCE961->18b22b39-7551-46dd-8464-dd74933c4739: receive RaftClientReply:client-D9B31DDCE961->18b22b39-7551-46dd-8464-dd74933c4739@group-597320EF17B3, cid=3390, SUCCESS, logIndex=5042, commits[18b22b39-7551-46dd-8464-dd74933c4739:c5042, 76d6a15c-8eeb-4764-b555-ce8767d18d57:c5038, c90dcfdf-5973-4b56-a955-1fc4555f10cb:c5038]
2019-09-19 11:26:57,312 [grpc-default-executor-5] INFO  client.GrpcClientProtocolClient (GrpcClientProtocolClient.java:onNext(264)) - client-D9B31DDCE961->18b22b39-7551-46dd-8464-dd74933c4739: receive RaftClientReply:client-D9B31DDCE961->18b22b39-7551-46dd-8464-dd74933c4739@group-597320EF17B3, cid=3391, SUCCESS, logIndex=0, commits[18b22b39-7551-46dd-8464-dd74933c4739:c5043, 76d6a15c-8eeb-4764-b555-ce8767d18d57:c5040, c90dcfdf-5973-4b56-a955-1fc4555f10cb:c5040]
2019-09-19 11:26:57,329 [grpc-default-executor-7] INFO  client.GrpcClientProtocolClient (GrpcClientProtocolClient.java:onNext(264)) - client-D9B31DDCE961->18b22b39-7551-46dd-8464-dd74933c4739: receive RaftClientReply:client-D9B31DDCE961->18b22b39-7551-46dd-8464-dd74933c4739@group-597320EF17B3, cid=3392, SUCCESS, logIndex=5047, commits[18b22b39-7551-46dd-8464-dd74933c4739:c5048, 76d6a15c-8eeb-4764-b555-ce8767d18d57:c5046, c90dcfdf-5973-4b56-a955-1fc4555f10cb:c5046]
2019-09-19 11:26:57,329 [grpc-default-executor-7] INFO  client.GrpcClientProtocolClient (GrpcClientProtocolClient.java:onNext(264)) - client-D9B31DDCE961->18b22b39-7551-46dd-8464-dd74933c4739: receive RaftClientReply:client-D9B31DDCE961->18b22b39-7551-46dd-8464-dd74933c4739@group-597320EF17B3, cid=3393, SUCCESS, logIndex=5048, commits[18b22b39-7551-46dd-8464-dd74933c4739:c5048, 76d6a15c-8eeb-4764-b555-ce8767d18d57:c5046, c90dcfdf-5973-4b56-a955-1fc4555f10cb:c5046]
2019-09-19 11:26:57,458 [grpc-default-executor-7] INFO  client.GrpcClientProtocolClient (GrpcClientProtocolClient.java:onNext(264)) - client-D9B31DDCE961->18b22b39-7551-46dd-8464-dd74933c4739: receive RaftClientReply:client-D9B31DDCE961->18b22b39-7551-46dd-8464-dd74933c4739@group-597320EF17B3, cid=3394, SUCCESS, logIndex=5051, commits[18b22b39-7551-46dd-8464-dd74933c4739:c5051, 76d6a15c-8eeb-4764-b555-ce8767d18d57:c5050, c90dcfdf-5973-4b56-a955-1fc4555f10cb:c5050]
2019-09-19 11:26:57,459 [grpc-default-executor-7] INFO  client.GrpcClientProtocolClient (GrpcClientProtocolClient.java:onNext(264)) - client-D9B31DDCE961->18b22b39-7551-46dd-8464-dd74933c4739: receive RaftClientReply:client-D9B31DDCE961->18b22b39-7551-46dd-8464-dd74933c4739@group-597320EF17B3, cid=3395, SUCCESS, logIndex=5052, commits[18b22b39-7551-46dd-8464-dd74933c4739:c5052, 76d6a15c-8eeb-4764-b555-ce8767d18d57:c5050, c90dcfdf-5973-4b56-a955-1fc4555f10cb:c5050]
2019-09-19 11:26:57,470 [grpc-default-executor-7] INFO  client.GrpcClientProtocolClient (GrpcClientProtocolClient.java:onNext(264)) - client-D9B31DDCE961->18b22b39-7551-46dd-8464-dd74933c4739: receive RaftClientReply:client-D9B31DDCE961->18b22b39-7551-46dd-8464-dd74933c4739@group-597320EF17B3, cid=3396, SUCCESS, logIndex=0, commits[18b22b39-7551-46dd-8464-dd74933c4739:c5053, 76d6a15c-8eeb-4764-b555-ce8767d18d57:c5052, c90dcfdf-5973-4b56-a955-1fc4555f10cb:c5052]
2019-09-19 11:26:57,499 [grpc-default-executor-5] INFO  client.GrpcClientProtocolClient (GrpcClientProtocolClient.java:onNext(264)) - client-D9B31DDCE961->18b22b39-7551-46dd-8464-dd74933c4739: receive RaftClientReply:client-D9B31DDCE961->18b22b39-7551-46dd-8464-dd74933c4739@group-597320EF17B3, cid=3397, SUCCESS, logIndex=5055, commits[18b22b39-7551-46dd-8464-dd74933c4739:c5056, 76d6a15c-8eeb-4764-b555-ce8767d18d57:c5054, c90dcfdf-5973-4b56-a955-1fc4555f10cb:c5054]
2019-09-19 11:26:57,500 [grpc-default-executor-7] INFO  client.GrpcClientProtocolClient (GrpcClientProtocolClient.java:onNext(264)) - client-D9B31DDCE961->18b22b39-7551-46dd-8464-dd74933c4739: receive RaftClientReply:client-D9B31DDCE961->18b22b39-7551-46dd-8464-dd74933c4739@group-597320EF17B3, cid=3398, SUCCESS, logIndex=5056, commits[18b22b39-7551-46dd-8464-dd74933c4739:c5056, 76d6a15c-8eeb-4764-b555-ce8767d18d57:c5054, c90dcfdf-5973-4b56-a955-1fc4555f10cb:c5054]
2019-09-19 11:26:57,500 [grpc-default-executor-3] INFO  client.GrpcClientProtocolClient (GrpcClientProtocolClient.java:onNext(264)) - client-D9B31DDCE961->18b22b39-7551-46dd-8464-dd74933c4739: receive RaftClientReply:client-D9B31DDCE961->18b22b39-7551-46dd-8464-dd74933c4739@group-597320EF17B3, cid=3399, SUCCESS, logIndex=5057, commits[18b22b39-7551-46dd-8464-dd74933c4739:c5058, 76d6a15c-8eeb-4764-b555-ce8767d18d57:c5054, c90dcfdf-5973-4b56-a955-1fc4555f10cb:c5054]
2019-09-19 11:26:57,501 [grpc-default-executor-3] INFO  client.GrpcClientProtocolClient (GrpcClientProtocolClient.java:onNext(264)) - client-D9B31DDCE961->18b22b39-7551-46dd-8464-dd74933c4739: receive RaftClientReply:client-D9B31DDCE961->18b22b39-7551-46dd-8464-dd74933c4739@group-597320EF17B3, cid=3400, SUCCESS, logIndex=5058, commits[18b22b39-7551-46dd-8464-dd74933c4739:c5058, 76d6a15c-8eeb-4764-b555-ce8767d18d57:c5054, c90dcfdf-5973-4b56-a955-1fc4555f10cb:c5054]
2019-09-19 11:26:57,502 [grpc-default-executor-3] INFO  client.GrpcClientProtocolClient (GrpcClientProtocolClient.java:onNext(264)) - client-D9B31DDCE961->18b22b39-7551-46dd-8464-dd74933c4739: receive RaftClientReply:client-D9B31DDCE961->18b22b39-7551-46dd-8464-dd74933c4739@group-597320EF17B3, cid=3401, SUCCESS, logIndex=0, commits[18b22b39-7551-46dd-8464-dd74933c4739:c5060, 76d6a15c-8eeb-4764-b555-ce8767d18d57:c5056, c90dcfdf-5973-4b56-a955-1fc4555f10cb:c5056]
2019-09-19 11:26:57,521 [grpc-default-executor-7] INFO  client.GrpcClientProtocolClient (GrpcClientProtocolClient.java:onNext(264)) - client-D9B31DDCE961->18b22b39-7551-46dd-8464-dd74933c4739: receive RaftClientReply:client-D9B31DDCE961->18b22b39-7551-46dd-8464-dd74933c4739@group-597320EF17B3, cid=3402, SUCCESS, logIndex=5063, commits[18b22b39-7551-46dd-8464-dd74933c4739:c5064, 76d6a15c-8eeb-4764-b555-ce8767d18d57:c5062, c90dcfdf-5973-4b56-a955-1fc4555f10cb:c5062]
2019-09-19 11:26:57,522 [grpc-default-executor-7] INFO  client.GrpcClientProtocolClient (GrpcClientProtocolClient.java:onNext(264)) - client-D9B31DDCE961->18b22b39-7551-46dd-8464-dd74933c4739: receive RaftClientReply:client-D9B31DDCE961->18b22b39-7551-46dd-8464-dd74933c4739@group-597320EF17B3, cid=3403, SUCCESS, logIndex=5064, commits[18b22b39-7551-46dd-8464-dd74933c4739:c5064, 76d6a15c-8eeb-4764-b555-ce8767d18d57:c5062, c90dcfdf-5973-4b56-a955-1fc4555f10cb:c5062]
2019-09-19 11:26:57,572 [grpc-default-executor-3] INFO  client.GrpcClientProtocolClient (GrpcClientProtocolClient.java:onNext(264)) - client-D9B31DDCE961->18b22b39-7551-46dd-8464-dd74933c4739: receive RaftClientReply:client-D9B31DDCE961->18b22b39-7551-46dd-8464-dd74933c4739@group-597320EF17B3, cid=3404, SUCCESS, logIndex=5067, commits[18b22b39-7551-46dd-8464-dd74933c4739:c5068, 76d6a15c-8eeb-4764-b555-ce8767d18d57:c5064, c90dcfdf-5973-4b56-a955-1fc4555f10cb:c5064]
2019-09-19 11:26:57,572 [grpc-default-executor-3] INFO  client.GrpcClientProtocolClient (GrpcClientProtocolClient.java:onNext(264)) - client-D9B31DDCE961->18b22b39-7551-46dd-8464-dd74933c4739: receive RaftClientReply:client-D9B31DDCE961->18b22b39-7551-46dd-8464-dd74933c4739@group-597320EF17B3, cid=3405, SUCCESS, logIndex=5068, commits[18b22b39-7551-46dd-8464-dd74933c4739:c5068, 76d6a15c-8eeb-4764-b555-ce8767d18d57:c5064, c90dcfdf-5973-4b56-a955-1fc4555f10cb:c5064]
2019-09-19 11:26:57,584 [grpc-default-executor-3] INFO  client.GrpcClientProtocolClient (GrpcClientProtocolClient.java:onNext(264)) - client-D9B31DDCE961->18b22b39-7551-46dd-8464-dd74933c4739: receive RaftClientReply:client-D9B31DDCE961->18b22b39-7551-46dd-8464-dd74933c4739@group-597320EF17B3, cid=3406, SUCCESS, logIndex=0, commits[18b22b39-7551-46dd-8464-dd74933c4739:c5070, 76d6a15c-8eeb-4764-b555-ce8767d18d57:c5068, c90dcfdf-5973-4b56-a955-1fc4555f10cb:c5068]
2019-09-19 11:26:57,610 [grpc-default-executor-7] INFO  client.GrpcClientProtocolClient (GrpcClientProtocolClient.java:onNext(264)) - client-D9B31DDCE961->18b22b39-7551-46dd-8464-dd74933c4739: receive RaftClientReply:client-D9B31DDCE961->18b22b39-7551-46dd-8464-dd74933c4739@group-597320EF17B3, cid=3407, SUCCESS, logIndex=5071, commits[18b22b39-7551-46dd-8464-dd74933c4739:c5072, 76d6a15c-8eeb-4764-b555-ce8767d18d57:c5070, c90dcfdf-5973-4b56-a955-1fc4555f10cb:c5070]
2019-09-19 11:26:57,611 [grpc-default-executor-7] INFO  client.GrpcClientProtocolClient (GrpcClientProtocolClient.java:onNext(264)) - client-D9B31DDCE961->18b22b39-7551-46dd-8464-dd74933c4739: receive RaftClientReply:client-D9B31DDCE961->18b22b39-7551-46dd-8464-dd74933c4739@group-597320EF17B3, cid=3408, SUCCESS, logIndex=5072, commits[18b22b39-7551-46dd-8464-dd74933c4739:c5072, 76d6a15c-8eeb-4764-b555-ce8767d18d57:c5070, c90dcfdf-5973-4b56-a955-1fc4555f10cb:c5070]
2019-09-19 11:26:57,611 [grpc-default-executor-7] INFO  client.GrpcClientProtocolClient (GrpcClientProtocolClient.java:onNext(264)) - client-D9B31DDCE961->18b22b39-7551-46dd-8464-dd74933c4739: receive RaftClientReply:client-D9B31DDCE961->18b22b39-7551-46dd-8464-dd74933c4739@group-597320EF17B3, cid=3409, SUCCESS, logIndex=5073, commits[18b22b39-7551-46dd-8464-dd74933c4739:c5074, 76d6a15c-8eeb-4764-b555-ce8767d18d57:c5070, c90dcfdf-5973-4b56-a955-1fc4555f10cb:c5070]
2019-09-19 11:26:57,611 [grpc-default-executor-7] INFO  client.GrpcClientProtocolClient (GrpcClientProtocolClient.java:onNext(264)) - client-D9B31DDCE961->18b22b39-7551-46dd-8464-dd74933c4739: receive RaftClientReply:client-D9B31DDCE961->18b22b39-7551-46dd-8464-dd74933c4739@group-597320EF17B3, cid=3410, SUCCESS, logIndex=5074, commits[18b22b39-7551-46dd-8464-dd74933c4739:c5074, 76d6a15c-8eeb-4764-b555-ce8767d18d57:c5070, c90dcfdf-5973-4b56-a955-1fc4555f10cb:c5070]
2019-09-19 11:26:57,613 [grpc-default-executor-7] INFO  client.GrpcClientProtocolClient (GrpcClientProtocolClient.java:onNext(264)) - client-D9B31DDCE961->18b22b39-7551-46dd-8464-dd74933c4739: receive RaftClientReply:client-D9B31DDCE961->18b22b39-7551-46dd-8464-dd74933c4739@group-597320EF17B3, cid=3411, SUCCESS, logIndex=0, commits[18b22b39-7551-46dd-8464-dd74933c4739:c5076, 76d6a15c-8eeb-4764-b555-ce8767d18d57:c5072, c90dcfdf-5973-4b56-a955-1fc4555f10cb:c5072]
2019-09-19 11:26:57,631 [grpc-default-executor-3] INFO  client.GrpcClientProtocolClient (GrpcClientProtocolClient.java:onNext(264)) - client-D9B31DDCE961->18b22b39-7551-46dd-8464-dd74933c4739: receive RaftClientReply:client-D9B31DDCE961->18b22b39-7551-46dd-8464-dd74933c4739@group-597320EF17B3, cid=3412, SUCCESS, logIndex=5079, commits[18b22b39-7551-46dd-8464-dd74933c4739:c5080, 76d6a15c-8eeb-4764-b555-ce8767d18d57:c5078, c90dcfdf-5973-4b56-a955-1fc4555f10cb:c5078]
2019-09-19 11:26:57,631 [grpc-default-executor-3] INFO  client.GrpcClientProtocolClient (GrpcClientProtocolClient.java:onNext(264)) - client-D9B31DDCE961->18b22b39-7551-46dd-8464-dd74933c4739: receive RaftClientReply:client-D9B31DDCE961->18b22b39-7551-46dd-8464-dd74933c4739@group-597320EF17B3, cid=3413, SUCCESS, logIndex=5080, commits[18b22b39-7551-46dd-8464-dd74933c4739:c5080, 76d6a15c-8eeb-4764-b555-ce8767d18d57:c5078, c90dcfdf-5973-4b56-a955-1fc4555f10cb:c5078]
2019-09-19 11:26:57,644 [grpc-default-executor-7] INFO  client.GrpcClientProtocolClient (GrpcClientProtocolClient.java:onNext(264)) - client-D9B31DDCE961->18b22b39-7551-46dd-8464-dd74933c4739: receive RaftClientReply:client-D9B31DDCE961->18b22b39-7551-46dd-8464-dd74933c4739@group-597320EF17B3, cid=3414, SUCCESS, logIndex=5083, commits[18b22b39-7551-46dd-8464-dd74933c4739:c5084, 76d6a15c-8eeb-4764-b555-ce8767d18d57:c5080, c90dcfdf-5973-4b56-a955-1fc4555f10cb:c5080]
2019-09-19 11:26:57,645 [grpc-default-executor-7] INFO  client.GrpcClientProtocolClient (GrpcClientProtocolClient.java:onNext(264)) - client-D9B31DDCE961->18b22b39-7551-46dd-8464-dd74933c4739: receive RaftClientReply:client-D9B31DDCE961->18b22b39-7551-46dd-8464-dd74933c4739@group-597320EF17B3, cid=3415, SUCCESS, logIndex=5084, commits[18b22b39-7551-46dd-8464-dd74933c4739:c5084, 76d6a15c-8eeb-4764-b555-ce8767d18d57:c5080, c90dcfdf-5973-4b56-a955-1fc4555f10cb:c5080]
2019-09-19 11:26:57,656 [grpc-default-executor-7] INFO  client.GrpcClientProtocolClient (GrpcClientProtocolClient.java:onNext(264)) - client-D9B31DDCE961->18b22b39-7551-46dd-8464-dd74933c4739: receive RaftClientReply:client-D9B31DDCE961->18b22b39-7551-46dd-8464-dd74933c4739@group-597320EF17B3, cid=3416, SUCCESS, logIndex=0, commits[18b22b39-7551-46dd-8464-dd74933c4739:c5085, 76d6a15c-8eeb-4764-b555-ce8767d18d57:c5084, c90dcfdf-5973-4b56-a955-1fc4555f10cb:c5084]
2019-09-19 11:26:57,676 [grpc-default-executor-3] INFO  client.GrpcClientProtocolClient (GrpcClientProtocolClient.java:onNext(264)) - client-D9B31DDCE961->18b22b39-7551-46dd-8464-dd74933c4739: receive RaftClientReply:client-D9B31DDCE961->18b22b39-7551-46dd-8464-dd74933c4739@group-597320EF17B3, cid=3417, SUCCESS, logIndex=5087, commits[18b22b39-7551-46dd-8464-dd74933c4739:c5088, 76d6a15c-8eeb-4764-b555-ce8767d18d57:c5084, c90dcfdf-5973-4b56-a955-1fc4555f10cb:c5086]
2019-09-19 11:26:57,677 [grpc-default-executor-3] INFO  client.GrpcClientProtocolClient (GrpcClientProtocolClient.java:onNext(264)) - client-D9B31DDCE961->18b22b39-7551-46dd-8464-dd74933c4739: receive RaftClientReply:client-D9B31DDCE961->18b22b39-7551-46dd-8464-dd74933c4739@group-597320EF17B3, cid=3418, SUCCESS, logIndex=5088, commits[18b22b39-7551-46dd-8464-dd74933c4739:c5088, 76d6a15c-8eeb-4764-b555-ce8767d18d57:c5086, c90dcfdf-5973-4b56-a955-1fc4555f10cb:c5086]
2019-09-19 11:26:57,679 [grpc-default-executor-7] INFO  client.GrpcClientProtocolClient (GrpcClientProtocolClient.java:onNext(264)) - client-D9B31DDCE961->18b22b39-7551-46dd-8464-dd74933c4739: receive RaftClientReply:client-D9B31DDCE961->18b22b39-7551-46dd-8464-dd74933c4739@group-597320EF17B3, cid=3419, SUCCESS, logIndex=5089, commits[18b22b39-7551-46dd-8464-dd74933c4739:c5089, 76d6a15c-8eeb-4764-b555-ce8767d18d57:c5086, c90dcfdf-5973-4b56-a955-1fc4555f10cb:c5086]
2019-09-19 11:26:57,679 [grpc-default-executor-7] INFO  client.GrpcClientProtocolClient (GrpcClientProtocolClient.java:onNext(264)) - client-D9B31DDCE961->18b22b39-7551-46dd-8464-dd74933c4739: receive RaftClientReply:client-D9B31DDCE961->18b22b39-7551-46dd-8464-dd74933c4739@group-597320EF17B3, cid=3420, SUCCESS, logIndex=5090, commits[18b22b39-7551-46dd-8464-dd74933c4739:c5091, 76d6a15c-8eeb-4764-b555-ce8767d18d57:c5086, c90dcfdf-5973-4b56-a955-1fc4555f10cb:c5088]
2019-09-19 11:26:57,680 [grpc-default-executor-1] INFO  client.GrpcClientProtocolClient (GrpcClientProtocolClient.java:onNext(264)) - client-D9B31DDCE961->18b22b39-7551-46dd-8464-dd74933c4739: receive RaftClientReply:client-D9B31DDCE961->18b22b39-7551-46dd-8464-dd74933c4739@group-597320EF17B3, cid=3421, SUCCESS, logIndex=0, commits[18b22b39-7551-46dd-8464-dd74933c4739:c5093, 76d6a15c-8eeb-4764-b555-ce8767d18d57:c5089, c90dcfdf-5973-4b56-a955-1fc4555f10cb:c5089]
2019-09-19 11:26:57,690 [grpc-default-executor-7] INFO  client.GrpcClientProtocolClient (GrpcClientProtocolClient.java:onNext(264)) - client-D9B31DDCE961->18b22b39-7551-46dd-8464-dd74933c4739: receive RaftClientReply:client-D9B31DDCE961->18b22b39-7551-46dd-8464-dd74933c4739@group-597320EF17B3, cid=3422, SUCCESS, logIndex=5094, commits[18b22b39-7551-46dd-8464-dd74933c4739:c5095, 76d6a15c-8eeb-4764-b555-ce8767d18d57:c5089, c90dcfdf-5973-4b56-a955-1fc4555f10cb:c5093]
2019-09-19 11:26:57,691 [grpc-default-executor-7] INFO  client.GrpcClientProtocolClient (GrpcClientProtocolClient.java:onNext(264)) - client-D9B31DDCE961->18b22b39-7551-46dd-8464-dd74933c4739: receive RaftClientReply:client-D9B31DDCE961->18b22b39-7551-46dd-8464-dd74933c4739@group-597320EF17B3, cid=3423, SUCCESS, logIndex=5095, commits[18b22b39-7551-46dd-8464-dd74933c4739:c5095, 76d6a15c-8eeb-4764-b555-ce8767d18d57:c5093, c90dcfdf-5973-4b56-a955-1fc4555f10cb:c5093]
2019-09-19 11:26:57,700 [grpc-default-executor-3] INFO  client.GrpcClientProtocolClient (GrpcClientProtocolClient.java:onNext(264)) - client-D9B31DDCE961->18b22b39-7551-46dd-8464-dd74933c4739: receive RaftClientReply:client-D9B31DDCE961->18b22b39-7551-46dd-8464-dd74933c4739@group-597320EF17B3, cid=3424, SUCCESS, logIndex=5098, commits[18b22b39-7551-46dd-8464-dd74933c4739:c5099, 76d6a15c-8eeb-4764-b555-ce8767d18d57:c5095, c90dcfdf-5973-4b56-a955-1fc4555f10cb:c5097]
2019-09-19 11:26:57,700 [grpc-default-executor-3] INFO  client.GrpcClientProtocolClient (GrpcClientProtocolClient.java:onNext(264)) - client-D9B31DDCE961->18b22b39-7551-46dd-8464-dd74933c4739: receive RaftClientReply:client-D9B31DDCE961->18b22b39-7551-46dd-8464-dd74933c4739@group-597320EF17B3, cid=3425, SUCCESS, logIndex=5099, commits[18b22b39-7551-46dd-8464-dd74933c4739:c5099, 76d6a15c-8eeb-4764-b555-ce8767d18d57:c5095, c90dcfdf-5973-4b56-a955-1fc4555f10cb:c5097]
2019-09-19 11:26:57,701 [grpc-default-executor-3] INFO  client.GrpcClientProtocolClient (GrpcClientProtocolClient.java:onNext(264)) - client-D9B31DDCE961->18b22b39-7551-46dd-8464-dd74933c4739: receive RaftClientReply:client-D9B31DDCE961->18b22b39-7551-46dd-8464-dd74933c4739@group-597320EF17B3, cid=3426, SUCCESS, logIndex=0, commits[18b22b39-7551-46dd-8464-dd74933c4739:c5100, 76d6a15c-8eeb-4764-b555-ce8767d18d57:c5099, c90dcfdf-5973-4b56-a955-1fc4555f10cb:c5099]
2019-09-19 11:26:57,725 [grpc-default-executor-1] INFO  client.GrpcClientProtocolClient (GrpcClientProtocolClient.java:onNext(264)) - client-D9B31DDCE961->18b22b39-7551-46dd-8464-dd74933c4739: receive RaftClientReply:client-D9B31DDCE961->18b22b39-7551-46dd-8464-dd74933c4739@group-597320EF17B3, cid=3427, SUCCESS, logIndex=5102, commits[18b22b39-7551-46dd-8464-dd74933c4739:c5103, 76d6a15c-8eeb-4764-b555-ce8767d18d57:c5101, c90dcfdf-5973-4b56-a955-1fc4555f10cb:c5101]
2019-09-19 11:26:57,725 [grpc-default-executor-1] INFO  client.GrpcClientProtocolClient (GrpcClientProtocolClient.java:onNext(264)) - client-D9B31DDCE961->18b22b39-7551-46dd-8464-dd74933c4739: receive RaftClientReply:client-D9B31DDCE961->18b22b39-7551-46dd-8464-dd74933c4739@group-597320EF17B3, cid=3428, SUCCESS, logIndex=5103, commits[18b22b39-7551-46dd-8464-dd74933c4739:c5103, 76d6a15c-8eeb-4764-b555-ce8767d18d57:c5101, c90dcfdf-5973-4b56-a955-1fc4555f10cb:c5101]
2019-09-19 11:26:57,726 [grpc-default-executor-1] INFO  client.GrpcClientProtocolClient (GrpcClientProtocolClient.java:onNext(264)) - client-D9B31DDCE961->18b22b39-7551-46dd-8464-dd74933c4739: receive RaftClientReply:client-D9B31DDCE961->18b22b39-7551-46dd-8464-dd74933c4739@group-597320EF17B3, cid=3429, SUCCESS, logIndex=5104, commits[18b22b39-7551-46dd-8464-dd74933c4739:c5104, 76d6a15c-8eeb-4764-b555-ce8767d18d57:c5101, c90dcfdf-5973-4b56-a955-1fc4555f10cb:c5101]
2019-09-19 11:26:57,726 [grpc-default-executor-1] INFO  client.GrpcClientProtocolClient (GrpcClientProtocolClient.java:onNext(264)) - client-D9B31DDCE961->18b22b39-7551-46dd-8464-dd74933c4739: receive RaftClientReply:client-D9B31DDCE961->18b22b39-7551-46dd-8464-dd74933c4739@group-597320EF17B3, cid=3430, SUCCESS, logIndex=5105, commits[18b22b39-7551-46dd-8464-dd74933c4739:c5105, 76d6a15c-8eeb-4764-b555-ce8767d18d57:c5101, c90dcfdf-5973-4b56-a955-1fc4555f10cb:c5101]
2019-09-19 11:26:57,727 [grpc-default-executor-1] INFO  client.GrpcClientProtocolClient (GrpcClientProtocolClient.java:onNext(264)) - client-D9B31DDCE961->18b22b39-7551-46dd-8464-dd74933c4739: receive RaftClientReply:client-D9B31DDCE961->18b22b39-7551-46dd-8464-dd74933c4739@group-597320EF17B3, cid=3431, SUCCESS, logIndex=0, commits[18b22b39-7551-46dd-8464-dd74933c4739:c5107, 76d6a15c-8eeb-4764-b555-ce8767d18d57:c5103, c90dcfdf-5973-4b56-a955-1fc4555f10cb:c5103]
2019-09-19 11:26:57,746 [grpc-default-executor-5] INFO  client.GrpcClientProtocolClient (GrpcClientProtocolClient.java:onNext(264)) - client-D9B31DDCE961->18b22b39-7551-46dd-8464-dd74933c4739: receive RaftClientReply:client-D9B31DDCE961->18b22b39-7551-46dd-8464-dd74933c4739@group-597320EF17B3, cid=3432, SUCCESS, logIndex=5110, commits[18b22b39-7551-46dd-8464-dd74933c4739:c5111, 76d6a15c-8eeb-4764-b555-ce8767d18d57:c5105, c90dcfdf-5973-4b56-a955-1fc4555f10cb:c5109]
2019-09-19 11:26:57,746 [grpc-default-executor-5] INFO  client.GrpcClientProtocolClient (GrpcClientProtocolClient.java:onNext(264)) - client-D9B31DDCE961->18b22b39-7551-46dd-8464-dd74933c4739: receive RaftClientReply:client-D9B31DDCE961->18b22b39-7551-46dd-8464-dd74933c4739@group-597320EF17B3, cid=3433, SUCCESS, logIndex=5111, commits[18b22b39-7551-46dd-8464-dd74933c4739:c5111, 76d6a15c-8eeb-4764-b555-ce8767d18d57:c5109, c90dcfdf-5973-4b56-a955-1fc4555f10cb:c5109]
2019-09-19 11:26:57,759 [grpc-default-executor-5] INFO  client.GrpcClientProtocolClient (GrpcClientProtocolClient.java:onNext(264)) - client-D9B31DDCE961->18b22b39-7551-46dd-8464-dd74933c4739: receive RaftClientReply:client-D9B31DDCE961->18b22b39-7551-46dd-8464-dd74933c4739@group-597320EF17B3, cid=3434, SUCCESS, logIndex=5114, commits[18b22b39-7551-46dd-8464-dd74933c4739:c5114, 76d6a15c-8eeb-4764-b555-ce8767d18d57:c5111, c90dcfdf-5973-4b56-a955-1fc4555f10cb:c5111]
2019-09-19 11:26:57,759 [grpc-default-executor-5] INFO  client.GrpcClientProtocolClient (GrpcClientProtocolClient.java:onNext(264)) - client-D9B31DDCE961->18b22b39-7551-46dd-8464-dd74933c4739: receive RaftClientReply:client-D9B31DDCE961->18b22b39-7551-46dd-8464-dd74933c4739@group-597320EF17B3, cid=3435, SUCCESS, logIndex=5115, commits[18b22b39-7551-46dd-8464-dd74933c4739:c5115, 76d6a15c-8eeb-4764-b555-ce8767d18d57:c5111, c90dcfdf-5973-4b56-a955-1fc4555f10cb:c5111]
2019-09-19 11:26:57,771 [grpc-default-executor-5] INFO  client.GrpcClientProtocolClient (GrpcClientProtocolClient.java:onNext(264)) - client-D9B31DDCE961->18b22b39-7551-46dd-8464-dd74933c4739: receive RaftClientReply:client-D9B31DDCE961->18b22b39-7551-46dd-8464-dd74933c4739@group-597320EF17B3, cid=3436, SUCCESS, logIndex=0, commits[18b22b39-7551-46dd-8464-dd74933c4739:c5117, 76d6a15c-8eeb-4764-b555-ce8767d18d57:c5115, c90dcfdf-5973-4b56-a955-1fc4555f10cb:c5115]
2019-09-19 11:26:57,803 [grpc-default-executor-6] INFO  client.GrpcClientProtocolClient (GrpcClientProtocolClient.java:onNext(264)) - client-D9B31DDCE961->18b22b39-7551-46dd-8464-dd74933c4739: receive RaftClientReply:client-D9B31DDCE961->18b22b39-7551-46dd-8464-dd74933c4739@group-597320EF17B3, cid=3437, SUCCESS, logIndex=5118, commits[18b22b39-7551-46dd-8464-dd74933c4739:c5120, 76d6a15c-8eeb-4764-b555-ce8767d18d57:c5117, c90dcfdf-5973-4b56-a955-1fc4555f10cb:c5117]
2019-09-19 11:26:57,803 [grpc-default-executor-6] INFO  client.GrpcClientProtocolClient (GrpcClientProtocolClient.java:onNext(264)) - client-D9B31DDCE961->18b22b39-7551-46dd-8464-dd74933c4739: receive RaftClientReply:client-D9B31DDCE961->18b22b39-7551-46dd-8464-dd74933c4739@group-597320EF17B3, cid=3438, SUCCESS, logIndex=5119, commits[18b22b39-7551-46dd-8464-dd74933c4739:c5120, 76d6a15c-8eeb-4764-b555-ce8767d18d57:c5117, c90dcfdf-5973-4b56-a955-1fc4555f10cb:c5117]
2019-09-19 11:26:57,804 [grpc-default-executor-6] INFO  client.GrpcClientProtocolClient (GrpcClientProtocolClient.java:onNext(264)) - client-D9B31DDCE961->18b22b39-7551-46dd-8464-dd74933c4739: receive RaftClientReply:client-D9B31DDCE961->18b22b39-7551-46dd-8464-dd74933c4739@group-597320EF17B3, cid=3439, SUCCESS, logIndex=5120, commits[18b22b39-7551-46dd-8464-dd74933c4739:c5120, 76d6a15c-8eeb-4764-b555-ce8767d18d57:c5117, c90dcfdf-5973-4b56-a955-1fc4555f10cb:c5117]
2019-09-19 11:26:57,811 [grpc-default-executor-7] INFO  client.GrpcClientProtocolClient (GrpcClientProtocolClient.java:onNext(264)) - client-D9B31DDCE961->18b22b39-7551-46dd-8464-dd74933c4739: receive RaftClientReply:client-D9B31DDCE961->18b22b39-7551-46dd-8464-dd74933c4739@group-597320EF17B3, cid=3440, SUCCESS, logIndex=5121, commits[18b22b39-7551-46dd-8464-dd74933c4739:c5121, 76d6a15c-8eeb-4764-b555-ce8767d18d57:c5117, c90dcfdf-5973-4b56-a955-1fc4555f10cb:c5117]
2019-09-19 11:26:57,815 [grpc-default-executor-7] INFO  client.GrpcClientProtocolClient (GrpcClientProtocolClient.java:onNext(264)) - client-D9B31DDCE961->18b22b39-7551-46dd-8464-dd74933c4739: receive RaftClientReply:client-D9B31DDCE961->18b22b39-7551-46dd-8464-dd74933c4739@group-597320EF17B3, cid=3441, SUCCESS, logIndex=0, commits[18b22b39-7551-46dd-8464-dd74933c4739:c5122, 76d6a15c-8eeb-4764-b555-ce8767d18d57:c5120, c90dcfdf-5973-4b56-a955-1fc4555f10cb:c5120]
2019-09-19 11:26:57,832 [grpc-default-executor-5] INFO  client.GrpcClientProtocolClient (GrpcClientProtocolClient.java:onNext(264)) - client-D9B31DDCE961->18b22b39-7551-46dd-8464-dd74933c4739: receive RaftClientReply:client-D9B31DDCE961->18b22b39-7551-46dd-8464-dd74933c4739@group-597320EF17B3, cid=3442, SUCCESS, logIndex=5125, commits[18b22b39-7551-46dd-8464-dd74933c4739:c5126, 76d6a15c-8eeb-4764-b555-ce8767d18d57:c5124, c90dcfdf-5973-4b56-a955-1fc4555f10cb:c5124]
2019-09-19 11:26:57,833 [grpc-default-executor-5] INFO  client.GrpcClientProtocolClient (GrpcClientProtocolClient.java:onNext(264)) - client-D9B31DDCE961->18b22b39-7551-46dd-8464-dd74933c4739: receive RaftClientReply:client-D9B31DDCE961->18b22b39-7551-46dd-8464-dd74933c4739@group-597320EF17B3, cid=3443, SUCCESS, logIndex=5126, commits[18b22b39-7551-46dd-8464-dd74933c4739:c5126, 76d6a15c-8eeb-4764-b555-ce8767d18d57:c5124, c90dcfdf-5973-4b56-a955-1fc4555f10cb:c5124]
2019-09-19 11:26:57,846 [grpc-default-executor-6] INFO  client.GrpcClientProtocolClient (GrpcClientProtocolClient.java:onNext(264)) - client-D9B31DDCE961->18b22b39-7551-46dd-8464-dd74933c4739: receive RaftClientReply:client-D9B31DDCE961->18b22b39-7551-46dd-8464-dd74933c4739@group-597320EF17B3, cid=3444, SUCCESS, logIndex=5129, commits[18b22b39-7551-46dd-8464-dd74933c4739:c5130, 76d6a15c-8eeb-4764-b555-ce8767d18d57:c5126, c90dcfdf-5973-4b56-a955-1fc4555f10cb:c5126]
2019-09-19 11:26:57,847 [grpc-default-executor-6] INFO  client.GrpcClientProtocolClient (GrpcClientProtocolClient.java:onNext(264)) - client-D9B31DDCE961->18b22b39-7551-46dd-8464-dd74933c4739: receive RaftClientReply:client-D9B31DDCE961->18b22b39-7551-46dd-8464-dd74933c4739@group-597320EF17B3, cid=3445, SUCCESS, logIndex=5130, commits[18b22b39-7551-46dd-8464-dd74933c4739:c5130, 76d6a15c-8eeb-4764-b555-ce8767d18d57:c5126, c90dcfdf-5973-4b56-a955-1fc4555f10cb:c5126]
2019-09-19 11:26:57,859 [grpc-default-executor-6] INFO  client.GrpcClientProtocolClient (GrpcClientProtocolClient.java:onNext(264)) - client-D9B31DDCE961->18b22b39-7551-46dd-8464-dd74933c4739: receive RaftClientReply:client-D9B31DDCE961->18b22b39-7551-46dd-8464-dd74933c4739@group-597320EF17B3, cid=3446, SUCCESS, logIndex=0, commits[18b22b39-7551-46dd-8464-dd74933c4739:c5132, 76d6a15c-8eeb-4764-b555-ce8767d18d57:c5130, c90dcfdf-5973-4b56-a955-1fc4555f10cb:c5130]
2019-09-19 11:26:57,885 [grpc-default-executor-6] INFO  client.GrpcClientProtocolClient (GrpcClientProtocolClient.java:onNext(264)) - client-D9B31DDCE961->18b22b39-7551-46dd-8464-dd74933c4739: receive RaftClientReply:client-D9B31DDCE961->18b22b39-7551-46dd-8464-dd74933c4739@group-597320EF17B3, cid=3447, SUCCESS, logIndex=5133, commits[18b22b39-7551-46dd-8464-dd74933c4739:c5134, 76d6a15c-8eeb-4764-b555-ce8767d18d57:c5132, c90dcfdf-5973-4b56-a955-1fc4555f10cb:c5132]
2019-09-19 11:26:57,886 [grpc-default-executor-6] INFO  client.GrpcClientProtocolClient (GrpcClientProtocolClient.java:onNext(264)) - client-D9B31DDCE961->18b22b39-7551-46dd-8464-dd74933c4739: receive RaftClientReply:client-D9B31DDCE961->18b22b39-7551-46dd-8464-dd74933c4739@group-597320EF17B3, cid=3448, SUCCESS, logIndex=5134, commits[18b22b39-7551-46dd-8464-dd74933c4739:c5134, 76d6a15c-8eeb-4764-b555-ce8767d18d57:c5132, c90dcfdf-5973-4b56-a955-1fc4555f10cb:c5132]
2019-09-19 11:26:57,886 [grpc-default-executor-6] INFO  client.GrpcClientProtocolClient (GrpcClientProtocolClient.java:onNext(264)) - client-D9B31DDCE961->18b22b39-7551-46dd-8464-dd74933c4739: receive RaftClientReply:client-D9B31DDCE961->18b22b39-7551-46dd-8464-dd74933c4739@group-597320EF17B3, cid=3449, SUCCESS, logIndex=5135, commits[18b22b39-7551-46dd-8464-dd74933c4739:c5136, 76d6a15c-8eeb-4764-b555-ce8767d18d57:c5132, c90dcfdf-5973-4b56-a955-1fc4555f10cb:c5132]
2019-09-19 11:26:57,886 [grpc-default-executor-5] INFO  client.GrpcClientProtocolClient (GrpcClientProtocolClient.java:onNext(264)) - client-D9B31DDCE961->18b22b39-7551-46dd-8464-dd74933c4739: receive RaftClientReply:client-D9B31DDCE961->18b22b39-7551-46dd-8464-dd74933c4739@group-597320EF17B3, cid=3450, SUCCESS, logIndex=5136, commits[18b22b39-7551-46dd-8464-dd74933c4739:c5136, 76d6a15c-8eeb-4764-b555-ce8767d18d57:c5132, c90dcfdf-5973-4b56-a955-1fc4555f10cb:c5132]
2019-09-19 11:26:57,888 [grpc-default-executor-5] INFO  client.GrpcClientProtocolClient (GrpcClientProtocolClient.java:onNext(264)) - client-D9B31DDCE961->18b22b39-7551-46dd-8464-dd74933c4739: receive RaftClientReply:client-D9B31DDCE961->18b22b39-7551-46dd-8464-dd74933c4739@group-597320EF17B3, cid=3451, SUCCESS, logIndex=0, commits[18b22b39-7551-46dd-8464-dd74933c4739:c5138, 76d6a15c-8eeb-4764-b555-ce8767d18d57:c5134, c90dcfdf-5973-4b56-a955-1fc4555f10cb:c5134]
 0.00% |█                                                                                                    |  0/1 Time: 0:01:012019-09-19 11:26:57,919 [grpc-default-executor-7] INFO  client.GrpcClientProtocolClient (GrpcClientProtocolClient.java:onNext(264)) - client-D9B31DDCE961->18b22b39-7551-46dd-8464-dd74933c4739: receive RaftClientReply:client-D9B31DDCE961->18b22b39-7551-46dd-8464-dd74933c4739@group-597320EF17B3, cid=3452, SUCCESS, logIndex=5141, commits[18b22b39-7551-46dd-8464-dd74933c4739:c5142, 76d6a15c-8eeb-4764-b555-ce8767d18d57:c5140, c90dcfdf-5973-4b56-a955-1fc4555f10cb:c5136]
2019-09-19 11:26:57,919 [grpc-default-executor-7] INFO  client.GrpcClientProtocolClient (GrpcClientProtocolClient.java:onNext(264)) - client-D9B31DDCE961->18b22b39-7551-46dd-8464-dd74933c4739: receive RaftClientReply:client-D9B31DDCE961->18b22b39-7551-46dd-8464-dd74933c4739@group-597320EF17B3, cid=3453, SUCCESS, logIndex=5142, commits[18b22b39-7551-46dd-8464-dd74933c4739:c5142, 76d6a15c-8eeb-4764-b555-ce8767d18d57:c5140, c90dcfdf-5973-4b56-a955-1fc4555f10cb:c5140]
2019-09-19 11:26:57,928 [grpc-default-executor-6] INFO  client.GrpcClientProtocolClient (GrpcClientProtocolClient.java:onNext(264)) - client-D9B31DDCE961->18b22b39-7551-46dd-8464-dd74933c4739: receive RaftClientReply:client-D9B31DDCE961->18b22b39-7551-46dd-8464-dd74933c4739@group-597320EF17B3, cid=3454, SUCCESS, logIndex=5145, commits[18b22b39-7551-46dd-8464-dd74933c4739:c5146, 76d6a15c-8eeb-4764-b555-ce8767d18d57:c5144, c90dcfdf-5973-4b56-a955-1fc4555f10cb:c5142]
2019-09-19 11:26:57,928 [grpc-default-executor-6] INFO  client.GrpcClientProtocolClient (GrpcClientProtocolClient.java:onNext(264)) - client-D9B31DDCE961->18b22b39-7551-46dd-8464-dd74933c4739: receive RaftClientReply:client-D9B31DDCE961->18b22b39-7551-46dd-8464-dd74933c4739@group-597320EF17B3, cid=3455, SUCCESS, logIndex=5146, commits[18b22b39-7551-46dd-8464-dd74933c4739:c5146, 76d6a15c-8eeb-4764-b555-ce8767d18d57:c5144, c90dcfdf-5973-4b56-a955-1fc4555f10cb:c5144]
2019-09-19 11:26:57,929 [grpc-default-executor-6] INFO  client.GrpcClientProtocolClient (GrpcClientProtocolClient.java:onNext(264)) - client-D9B31DDCE961->18b22b39-7551-46dd-8464-dd74933c4739: receive RaftClientReply:client-D9B31DDCE961->18b22b39-7551-46dd-8464-dd74933c4739@group-597320EF17B3, cid=3456, SUCCESS, logIndex=0, commits[18b22b39-7551-46dd-8464-dd74933c4739:c5147, 76d6a15c-8eeb-4764-b555-ce8767d18d57:c5146, c90dcfdf-5973-4b56-a955-1fc4555f10cb:c5146]
2019-09-19 11:26:57,947 [grpc-default-executor-6] INFO  client.GrpcClientProtocolClient (GrpcClientProtocolClient.java:onNext(264)) - client-D9B31DDCE961->18b22b39-7551-46dd-8464-dd74933c4739: receive RaftClientReply:client-D9B31DDCE961->18b22b39-7551-46dd-8464-dd74933c4739@group-597320EF17B3, cid=3457, SUCCESS, logIndex=5149, commits[18b22b39-7551-46dd-8464-dd74933c4739:c5150, 76d6a15c-8eeb-4764-b555-ce8767d18d57:c5148, c90dcfdf-5973-4b56-a955-1fc4555f10cb:c5146]
2019-09-19 11:26:57,947 [grpc-default-executor-6] INFO  client.GrpcClientProtocolClient (GrpcClientProtocolClient.java:onNext(264)) - client-D9B31DDCE961->18b22b39-7551-46dd-8464-dd74933c4739: receive RaftClientReply:client-D9B31DDCE961->18b22b39-7551-46dd-8464-dd74933c4739@group-597320EF17B3, cid=3458, SUCCESS, logIndex=5150, commits[18b22b39-7551-46dd-8464-dd74933c4739:c5150, 76d6a15c-8eeb-4764-b555-ce8767d18d57:c5148, c90dcfdf-5973-4b56-a955-1fc4555f10cb:c5146]
2019-09-19 11:26:57,948 [grpc-default-executor-6] INFO  client.GrpcClientProtocolClient (GrpcClientProtocolClient.java:onNext(264)) - client-D9B31DDCE961->18b22b39-7551-46dd-8464-dd74933c4739: receive RaftClientReply:client-D9B31DDCE961->18b22b39-7551-46dd-8464-dd74933c4739@group-597320EF17B3, cid=3459, SUCCESS, logIndex=5151, commits[18b22b39-7551-46dd-8464-dd74933c4739:c5152, 76d6a15c-8eeb-4764-b555-ce8767d18d57:c5148, c90dcfdf-5973-4b56-a955-1fc4555f10cb:c5148]
2019-09-19 11:26:57,949 [grpc-default-executor-5] INFO  client.GrpcClientProtocolClient (GrpcClientProtocolClient.java:onNext(264)) - client-D9B31DDCE961->18b22b39-7551-46dd-8464-dd74933c4739: receive RaftClientReply:client-D9B31DDCE961->18b22b39-7551-46dd-8464-dd74933c4739@group-597320EF17B3, cid=3460, SUCCESS, logIndex=5152, commits[18b22b39-7551-46dd-8464-dd74933c4739:c5152, 76d6a15c-8eeb-4764-b555-ce8767d18d57:c5148, c90dcfdf-5973-4b56-a955-1fc4555f10cb:c5148]
2019-09-19 11:26:57,950 [grpc-default-executor-5] INFO  client.GrpcClientProtocolClient (GrpcClientProtocolClient.java:onNext(264)) - client-D9B31DDCE961->18b22b39-7551-46dd-8464-dd74933c4739: receive RaftClientReply:client-D9B31DDCE961->18b22b39-7551-46dd-8464-dd74933c4739@group-597320EF17B3, cid=3461, SUCCESS, logIndex=0, commits[18b22b39-7551-46dd-8464-dd74933c4739:c5155, 76d6a15c-8eeb-4764-b555-ce8767d18d57:c5150, c90dcfdf-5973-4b56-a955-1fc4555f10cb:c5151]
2019-09-19 11:26:57,975 [grpc-default-executor-5] INFO  client.GrpcClientProtocolClient (GrpcClientProtocolClient.java:onNext(264)) - client-D9B31DDCE961->18b22b39-7551-46dd-8464-dd74933c4739: receive RaftClientReply:client-D9B31DDCE961->18b22b39-7551-46dd-8464-dd74933c4739@group-597320EF17B3, cid=3462, SUCCESS, logIndex=5157, commits[18b22b39-7551-46dd-8464-dd74933c4739:c5158, 76d6a15c-8eeb-4764-b555-ce8767d18d57:c5156, c90dcfdf-5973-4b56-a955-1fc4555f10cb:c5156]
2019-09-19 11:26:57,975 [grpc-default-executor-5] INFO  client.GrpcClientProtocolClient (GrpcClientProtocolClient.java:onNext(264)) - client-D9B31DDCE961->18b22b39-7551-46dd-8464-dd74933c4739: receive RaftClientReply:client-D9B31DDCE961->18b22b39-7551-46dd-8464-dd74933c4739@group-597320EF17B3, cid=3463, SUCCESS, logIndex=5158, commits[18b22b39-7551-46dd-8464-dd74933c4739:c5158, 76d6a15c-8eeb-4764-b555-ce8767d18d57:c5156, c90dcfdf-5973-4b56-a955-1fc4555f10cb:c5156]
2019-09-19 11:26:57,989 [grpc-default-executor-5] INFO  client.GrpcClientProtocolClient (GrpcClientProtocolClient.java:onNext(264)) - client-D9B31DDCE961->18b22b39-7551-46dd-8464-dd74933c4739: receive RaftClientReply:client-D9B31DDCE961->18b22b39-7551-46dd-8464-dd74933c4739@group-597320EF17B3, cid=3464, SUCCESS, logIndex=5161, commits[18b22b39-7551-46dd-8464-dd74933c4739:c5162, 76d6a15c-8eeb-4764-b555-ce8767d18d57:c5158, c90dcfdf-5973-4b56-a955-1fc4555f10cb:c5160]
2019-09-19 11:26:57,989 [grpc-default-executor-5] INFO  client.GrpcClientProtocolClient (GrpcClientProtocolClient.java:onNext(264)) - client-D9B31DDCE961->18b22b39-7551-46dd-8464-dd74933c4739: receive RaftClientReply:client-D9B31DDCE961->18b22b39-7551-46dd-8464-dd74933c4739@group-597320EF17B3, cid=3465, SUCCESS, logIndex=5162, commits[18b22b39-7551-46dd-8464-dd74933c4739:c5162, 76d6a15c-8eeb-4764-b555-ce8767d18d57:c5160, c90dcfdf-5973-4b56-a955-1fc4555f10cb:c5160]
2019-09-19 11:26:57,991 [grpc-default-executor-6] INFO  client.GrpcClientProtocolClient (GrpcClientProtocolClient.java:onNext(264)) - client-D9B31DDCE961->18b22b39-7551-46dd-8464-dd74933c4739: receive RaftClientReply:client-D9B31DDCE961->18b22b39-7551-46dd-8464-dd74933c4739@group-597320EF17B3, cid=3466, SUCCESS, logIndex=0, commits[18b22b39-7551-46dd-8464-dd74933c4739:c5164, 76d6a15c-8eeb-4764-b555-ce8767d18d57:c5162, c90dcfdf-5973-4b56-a955-1fc4555f10cb:c5162]
2019-09-19 11:26:58,018 [grpc-default-executor-5] INFO  client.GrpcClientProtocolClient (GrpcClientProtocolClient.java:onNext(264)) - client-D9B31DDCE961->18b22b39-7551-46dd-8464-dd74933c4739: receive RaftClientReply:client-D9B31DDCE961->18b22b39-7551-46dd-8464-dd74933c4739@group-597320EF17B3, cid=3467, SUCCESS, logIndex=5165, commits[18b22b39-7551-46dd-8464-dd74933c4739:c5167, 76d6a15c-8eeb-4764-b555-ce8767d18d57:c5164, c90dcfdf-5973-4b56-a955-1fc4555f10cb:c5164]
2019-09-19 11:26:58,018 [grpc-default-executor-5] INFO  client.GrpcClientProtocolClient (GrpcClientProtocolClient.java:onNext(264)) - client-D9B31DDCE961->18b22b39-7551-46dd-8464-dd74933c4739: receive RaftClientReply:client-D9B31DDCE961->18b22b39-7551-46dd-8464-dd74933c4739@group-597320EF17B3, cid=3468, SUCCESS, logIndex=5166, commits[18b22b39-7551-46dd-8464-dd74933c4739:c5168, 76d6a15c-8eeb-4764-b555-ce8767d18d57:c5164, c90dcfdf-5973-4b56-a955-1fc4555f10cb:c5164]
2019-09-19 11:26:58,019 [grpc-default-executor-5] INFO  client.GrpcClientProtocolClient (GrpcClientProtocolClient.java:onNext(264)) - client-D9B31DDCE961->18b22b39-7551-46dd-8464-dd74933c4739: receive RaftClientReply:client-D9B31DDCE961->18b22b39-7551-46dd-8464-dd74933c4739@group-597320EF17B3, cid=3469, SUCCESS, logIndex=5167, commits[18b22b39-7551-46dd-8464-dd74933c4739:c5168, 76d6a15c-8eeb-4764-b555-ce8767d18d57:c5164, c90dcfdf-5973-4b56-a955-1fc4555f10cb:c5164]
2019-09-19 11:26:58,019 [grpc-default-executor-5] INFO  client.GrpcClientProtocolClient (GrpcClientProtocolClient.java:onNext(264)) - client-D9B31DDCE961->18b22b39-7551-46dd-8464-dd74933c4739: receive RaftClientReply:client-D9B31DDCE961->18b22b39-7551-46dd-8464-dd74933c4739@group-597320EF17B3, cid=3470, SUCCESS, logIndex=5168, commits[18b22b39-7551-46dd-8464-dd74933c4739:c5168, 76d6a15c-8eeb-4764-b555-ce8767d18d57:c5164, c90dcfdf-5973-4b56-a955-1fc4555f10cb:c5164]
2019-09-19 11:26:58,020 [grpc-default-executor-5] INFO  client.GrpcClientProtocolClient (GrpcClientProtocolClient.java:onNext(264)) - client-D9B31DDCE961->18b22b39-7551-46dd-8464-dd74933c4739: receive RaftClientReply:client-D9B31DDCE961->18b22b39-7551-46dd-8464-dd74933c4739@group-597320EF17B3, cid=3471, SUCCESS, logIndex=0, commits[18b22b39-7551-46dd-8464-dd74933c4739:c5169, 76d6a15c-8eeb-4764-b555-ce8767d18d57:c5166, c90dcfdf-5973-4b56-a955-1fc4555f10cb:c5166]
2019-09-19 11:26:58,037 [grpc-default-executor-5] INFO  client.GrpcClientProtocolClient (GrpcClientProtocolClient.java:onNext(264)) - client-D9B31DDCE961->18b22b39-7551-46dd-8464-dd74933c4739: receive RaftClientReply:client-D9B31DDCE961->18b22b39-7551-46dd-8464-dd74933c4739@group-597320EF17B3, cid=3472, SUCCESS, logIndex=5172, commits[18b22b39-7551-46dd-8464-dd74933c4739:c5173, 76d6a15c-8eeb-4764-b555-ce8767d18d57:c5171, c90dcfdf-5973-4b56-a955-1fc4555f10cb:c5171]
2019-09-19 11:26:58,037 [grpc-default-executor-5] INFO  client.GrpcClientProtocolClient (GrpcClientProtocolClient.java:onNext(264)) - client-D9B31DDCE961->18b22b39-7551-46dd-8464-dd74933c4739: receive RaftClientReply:client-D9B31DDCE961->18b22b39-7551-46dd-8464-dd74933c4739@group-597320EF17B3, cid=3473, SUCCESS, logIndex=5173, commits[18b22b39-7551-46dd-8464-dd74933c4739:c5173, 76d6a15c-8eeb-4764-b555-ce8767d18d57:c5171, c90dcfdf-5973-4b56-a955-1fc4555f10cb:c5171]
2019-09-19 11:26:58,712 [grpc-default-executor-5] INFO  client.GrpcClientProtocolClient (GrpcClientProtocolClient.java:onNext(264)) - client-D9B31DDCE961->18b22b39-7551-46dd-8464-dd74933c4739: receive RaftClientReply:client-D9B31DDCE961->18b22b39-7551-46dd-8464-dd74933c4739@group-597320EF17B3, cid=3474, SUCCESS, logIndex=5176, commits[18b22b39-7551-46dd-8464-dd74933c4739:c5177, 76d6a15c-8eeb-4764-b555-ce8767d18d57:c5173, c90dcfdf-5973-4b56-a955-1fc4555f10cb:c5173]
2019-09-19 11:26:58,712 [grpc-default-executor-5] INFO  client.GrpcClientProtocolClient (GrpcClientProtocolClient.java:onNext(264)) - client-D9B31DDCE961->18b22b39-7551-46dd-8464-dd74933c4739: receive RaftClientReply:client-D9B31DDCE961->18b22b39-7551-46dd-8464-dd74933c4739@group-597320EF17B3, cid=3475, SUCCESS, logIndex=5177, commits[18b22b39-7551-46dd-8464-dd74933c4739:c5177, 76d6a15c-8eeb-4764-b555-ce8767d18d57:c5173, c90dcfdf-5973-4b56-a955-1fc4555f10cb:c5173]
2019-09-19 11:26:58,724 [grpc-default-executor-5] INFO  client.GrpcClientProtocolClient (GrpcClientProtocolClient.java:onNext(264)) - client-D9B31DDCE961->18b22b39-7551-46dd-8464-dd74933c4739: receive RaftClientReply:client-D9B31DDCE961->18b22b39-7551-46dd-8464-dd74933c4739@group-597320EF17B3, cid=3476, SUCCESS, logIndex=0, commits[18b22b39-7551-46dd-8464-dd74933c4739:c5178, 76d6a15c-8eeb-4764-b555-ce8767d18d57:c5177, c90dcfdf-5973-4b56-a955-1fc4555f10cb:c5177]
2019-09-19 11:26:58,768 [grpc-default-executor-7] INFO  client.GrpcClientProtocolClient (GrpcClientProtocolClient.java:onNext(264)) - client-D9B31DDCE961->18b22b39-7551-46dd-8464-dd74933c4739: receive RaftClientReply:client-D9B31DDCE961->18b22b39-7551-46dd-8464-dd74933c4739@group-597320EF17B3, cid=3477, SUCCESS, logIndex=5180, commits[18b22b39-7551-46dd-8464-dd74933c4739:c5181, 76d6a15c-8eeb-4764-b555-ce8767d18d57:c5179, c90dcfdf-5973-4b56-a955-1fc4555f10cb:c5179]
2019-09-19 11:26:58,769 [grpc-default-executor-6] INFO  client.GrpcClientProtocolClient (GrpcClientProtocolClient.java:onNext(264)) - client-D9B31DDCE961->18b22b39-7551-46dd-8464-dd74933c4739: receive RaftClientReply:client-D9B31DDCE961->18b22b39-7551-46dd-8464-dd74933c4739@group-597320EF17B3, cid=3478, SUCCESS, logIndex=5181, commits[18b22b39-7551-46dd-8464-dd74933c4739:c5183, 76d6a15c-8eeb-4764-b555-ce8767d18d57:c5179, c90dcfdf-5973-4b56-a955-1fc4555f10cb:c5179]
2019-09-19 11:26:58,770 [grpc-default-executor-6] INFO  client.GrpcClientProtocolClient (GrpcClientProtocolClient.java:onNext(264)) - client-D9B31DDCE961->18b22b39-7551-46dd-8464-dd74933c4739: receive RaftClientReply:client-D9B31DDCE961->18b22b39-7551-46dd-8464-dd74933c4739@group-597320EF17B3, cid=3479, SUCCESS, logIndex=5182, commits[18b22b39-7551-46dd-8464-dd74933c4739:c5183, 76d6a15c-8eeb-4764-b555-ce8767d18d57:c5179, c90dcfdf-5973-4b56-a955-1fc4555f10cb:c5179]
2019-09-19 11:26:58,770 [grpc-default-executor-6] INFO  client.GrpcClientProtocolClient (GrpcClientProtocolClient.java:onNext(264)) - client-D9B31DDCE961->18b22b39-7551-46dd-8464-dd74933c4739: receive RaftClientReply:client-D9B31DDCE961->18b22b39-7551-46dd-8464-dd74933c4739@group-597320EF17B3, cid=3480, SUCCESS, logIndex=5183, commits[18b22b39-7551-46dd-8464-dd74933c4739:c5184, 76d6a15c-8eeb-4764-b555-ce8767d18d57:c5179, c90dcfdf-5973-4b56-a955-1fc4555f10cb:c5180]
2019-09-19 11:26:58,772 [grpc-default-executor-6] INFO  client.GrpcClientProtocolClient (GrpcClientProtocolClient.java:onNext(264)) - client-D9B31DDCE961->18b22b39-7551-46dd-8464-dd74933c4739: receive RaftClientReply:client-D9B31DDCE961->18b22b39-7551-46dd-8464-dd74933c4739@group-597320EF17B3, cid=3481, SUCCESS, logIndex=0, commits[18b22b39-7551-46dd-8464-dd74933c4739:c5187, 76d6a15c-8eeb-4764-b555-ce8767d18d57:c5182, c90dcfdf-5973-4b56-a955-1fc4555f10cb:c5183]
 0.00% |█                                                                                                    |  0/1 Time: 0:01:022019-09-19 11:26:59,041 [grpc-default-executor-7] INFO  client.GrpcClientProtocolClient (GrpcClientProtocolClient.java:onNext(264)) - client-D9B31DDCE961->18b22b39-7551-46dd-8464-dd74933c4739: receive RaftClientReply:client-D9B31DDCE961->18b22b39-7551-46dd-8464-dd74933c4739@group-597320EF17B3, cid=3482, SUCCESS, logIndex=5188, commits[18b22b39-7551-46dd-8464-dd74933c4739:c5188, 76d6a15c-8eeb-4764-b555-ce8767d18d57:c5187, c90dcfdf-5973-4b56-a955-1fc4555f10cb:c5187]
2019-09-19 11:26:59,041 [grpc-default-executor-7] INFO  client.GrpcClientProtocolClient (GrpcClientProtocolClient.java:onNext(264)) - client-D9B31DDCE961->18b22b39-7551-46dd-8464-dd74933c4739: receive RaftClientReply:client-D9B31DDCE961->18b22b39-7551-46dd-8464-dd74933c4739@group-597320EF17B3, cid=3483, SUCCESS, logIndex=5189, commits[18b22b39-7551-46dd-8464-dd74933c4739:c5189, 76d6a15c-8eeb-4764-b555-ce8767d18d57:c5187, c90dcfdf-5973-4b56-a955-1fc4555f10cb:c5187]
2019-09-19 11:26:59,070 [grpc-default-executor-6] INFO  client.GrpcClientProtocolClient (GrpcClientProtocolClient.java:onNext(264)) - client-D9B31DDCE961->18b22b39-7551-46dd-8464-dd74933c4739: receive RaftClientReply:client-D9B31DDCE961->18b22b39-7551-46dd-8464-dd74933c4739@group-597320EF17B3, cid=3484, SUCCESS, logIndex=5192, commits[18b22b39-7551-46dd-8464-dd74933c4739:c5193, 76d6a15c-8eeb-4764-b555-ce8767d18d57:c5189, c90dcfdf-5973-4b56-a955-1fc4555f10cb:c5191]
2019-09-19 11:26:59,070 [grpc-default-executor-6] INFO  client.GrpcClientProtocolClient (GrpcClientProtocolClient.java:onNext(264)) - client-D9B31DDCE961->18b22b39-7551-46dd-8464-dd74933c4739: receive RaftClientReply:client-D9B31DDCE961->18b22b39-7551-46dd-8464-dd74933c4739@group-597320EF17B3, cid=3485, SUCCESS, logIndex=5193, commits[18b22b39-7551-46dd-8464-dd74933c4739:c5193, 76d6a15c-8eeb-4764-b555-ce8767d18d57:c5191, c90dcfdf-5973-4b56-a955-1fc4555f10cb:c5191]
2019-09-19 11:26:59,082 [grpc-default-executor-6] INFO  client.GrpcClientProtocolClient (GrpcClientProtocolClient.java:onNext(264)) - client-D9B31DDCE961->18b22b39-7551-46dd-8464-dd74933c4739: receive RaftClientReply:client-D9B31DDCE961->18b22b39-7551-46dd-8464-dd74933c4739@group-597320EF17B3, cid=3486, SUCCESS, logIndex=0, commits[18b22b39-7551-46dd-8464-dd74933c4739:c5194, 76d6a15c-8eeb-4764-b555-ce8767d18d57:c5193, c90dcfdf-5973-4b56-a955-1fc4555f10cb:c5193]
2019-09-19 11:26:59,120 [grpc-default-executor-5] INFO  client.GrpcClientProtocolClient (GrpcClientProtocolClient.java:onNext(264)) - client-D9B31DDCE961->18b22b39-7551-46dd-8464-dd74933c4739: receive RaftClientReply:client-D9B31DDCE961->18b22b39-7551-46dd-8464-dd74933c4739@group-597320EF17B3, cid=3487, SUCCESS, logIndex=5196, commits[18b22b39-7551-46dd-8464-dd74933c4739:c5197, 76d6a15c-8eeb-4764-b555-ce8767d18d57:c5195, c90dcfdf-5973-4b56-a955-1fc4555f10cb:c5195]
2019-09-19 11:26:59,121 [grpc-default-executor-5] INFO  client.GrpcClientProtocolClient (GrpcClientProtocolClient.java:onNext(264)) - client-D9B31DDCE961->18b22b39-7551-46dd-8464-dd74933c4739: receive RaftClientReply:client-D9B31DDCE961->18b22b39-7551-46dd-8464-dd74933c4739@group-597320EF17B3, cid=3488, SUCCESS, logIndex=5197, commits[18b22b39-7551-46dd-8464-dd74933c4739:c5197, 76d6a15c-8eeb-4764-b555-ce8767d18d57:c5195, c90dcfdf-5973-4b56-a955-1fc4555f10cb:c5195]
2019-09-19 11:26:59,122 [grpc-default-executor-5] INFO  client.GrpcClientProtocolClient (GrpcClientProtocolClient.java:onNext(264)) - client-D9B31DDCE961->18b22b39-7551-46dd-8464-dd74933c4739: receive RaftClientReply:client-D9B31DDCE961->18b22b39-7551-46dd-8464-dd74933c4739@group-597320EF17B3, cid=3489, SUCCESS, logIndex=5198, commits[18b22b39-7551-46dd-8464-dd74933c4739:c5199, 76d6a15c-8eeb-4764-b555-ce8767d18d57:c5195, c90dcfdf-5973-4b56-a955-1fc4555f10cb:c5195]
2019-09-19 11:26:59,122 [grpc-default-executor-5] INFO  client.GrpcClientProtocolClient (GrpcClientProtocolClient.java:onNext(264)) - client-D9B31DDCE961->18b22b39-7551-46dd-8464-dd74933c4739: receive RaftClientReply:client-D9B31DDCE961->18b22b39-7551-46dd-8464-dd74933c4739@group-597320EF17B3, cid=3490, SUCCESS, logIndex=5199, commits[18b22b39-7551-46dd-8464-dd74933c4739:c5199, 76d6a15c-8eeb-4764-b555-ce8767d18d57:c5195, c90dcfdf-5973-4b56-a955-1fc4555f10cb:c5195]
2019-09-19 11:26:59,125 [grpc-default-executor-5] INFO  client.GrpcClientProtocolClient (GrpcClientProtocolClient.java:onNext(264)) - client-D9B31DDCE961->18b22b39-7551-46dd-8464-dd74933c4739: receive RaftClientReply:client-D9B31DDCE961->18b22b39-7551-46dd-8464-dd74933c4739@group-597320EF17B3, cid=3491, SUCCESS, logIndex=0, commits[18b22b39-7551-46dd-8464-dd74933c4739:c5201, 76d6a15c-8eeb-4764-b555-ce8767d18d57:c5197, c90dcfdf-5973-4b56-a955-1fc4555f10cb:c5197]
2019-09-19 11:26:59,149 [grpc-default-executor-6] INFO  client.GrpcClientProtocolClient (GrpcClientProtocolClient.java:onNext(264)) - client-D9B31DDCE961->18b22b39-7551-46dd-8464-dd74933c4739: receive RaftClientReply:client-D9B31DDCE961->18b22b39-7551-46dd-8464-dd74933c4739@group-597320EF17B3, cid=3492, SUCCESS, logIndex=5204, commits[18b22b39-7551-46dd-8464-dd74933c4739:c5205, 76d6a15c-8eeb-4764-b555-ce8767d18d57:c5201, c90dcfdf-5973-4b56-a955-1fc4555f10cb:c5201]
2019-09-19 11:26:59,149 [grpc-default-executor-6] INFO  client.GrpcClientProtocolClient (GrpcClientProtocolClient.java:onNext(264)) - client-D9B31DDCE961->18b22b39-7551-46dd-8464-dd74933c4739: receive RaftClientReply:client-D9B31DDCE961->18b22b39-7551-46dd-8464-dd74933c4739@group-597320EF17B3, cid=3493, SUCCESS, logIndex=5205, commits[18b22b39-7551-46dd-8464-dd74933c4739:c5205, 76d6a15c-8eeb-4764-b555-ce8767d18d57:c5201, c90dcfdf-5973-4b56-a955-1fc4555f10cb:c5201]
2019-09-19 11:26:59,170 [grpc-default-executor-7] INFO  client.GrpcClientProtocolClient (GrpcClientProtocolClient.java:onNext(264)) - client-D9B31DDCE961->18b22b39-7551-46dd-8464-dd74933c4739: receive RaftClientReply:client-D9B31DDCE961->18b22b39-7551-46dd-8464-dd74933c4739@group-597320EF17B3, cid=3494, SUCCESS, logIndex=5208, commits[18b22b39-7551-46dd-8464-dd74933c4739:c5209, 76d6a15c-8eeb-4764-b555-ce8767d18d57:c5207, c90dcfdf-5973-4b56-a955-1fc4555f10cb:c5207]
2019-09-19 11:26:59,170 [grpc-default-executor-7] INFO  client.GrpcClientProtocolClient (GrpcClientProtocolClient.java:onNext(264)) - client-D9B31DDCE961->18b22b39-7551-46dd-8464-dd74933c4739: receive RaftClientReply:client-D9B31DDCE961->18b22b39-7551-46dd-8464-dd74933c4739@group-597320EF17B3, cid=3495, SUCCESS, logIndex=5209, commits[18b22b39-7551-46dd-8464-dd74933c4739:c5209, 76d6a15c-8eeb-4764-b555-ce8767d18d57:c5207, c90dcfdf-5973-4b56-a955-1fc4555f10cb:c5207]
2019-09-19 11:26:59,181 [grpc-default-executor-7] INFO  client.GrpcClientProtocolClient (GrpcClientProtocolClient.java:onNext(264)) - client-D9B31DDCE961->18b22b39-7551-46dd-8464-dd74933c4739: receive RaftClientReply:client-D9B31DDCE961->18b22b39-7551-46dd-8464-dd74933c4739@group-597320EF17B3, cid=3496, SUCCESS, logIndex=0, commits[18b22b39-7551-46dd-8464-dd74933c4739:c5210, 76d6a15c-8eeb-4764-b555-ce8767d18d57:c5209, c90dcfdf-5973-4b56-a955-1fc4555f10cb:c5209]
2019-09-19 11:26:59,222 [grpc-default-executor-7] INFO  client.GrpcClientProtocolClient (GrpcClientProtocolClient.java:onNext(264)) - client-D9B31DDCE961->18b22b39-7551-46dd-8464-dd74933c4739: receive RaftClientReply:client-D9B31DDCE961->18b22b39-7551-46dd-8464-dd74933c4739@group-597320EF17B3, cid=3497, SUCCESS, logIndex=5212, commits[18b22b39-7551-46dd-8464-dd74933c4739:c5213, 76d6a15c-8eeb-4764-b555-ce8767d18d57:c5211, c90dcfdf-5973-4b56-a955-1fc4555f10cb:c5209]
2019-09-19 11:26:59,223 [grpc-default-executor-7] INFO  client.GrpcClientProtocolClient (GrpcClientProtocolClient.java:onNext(264)) - client-D9B31DDCE961->18b22b39-7551-46dd-8464-dd74933c4739: receive RaftClientReply:client-D9B31DDCE961->18b22b39-7551-46dd-8464-dd74933c4739@group-597320EF17B3, cid=3498, SUCCESS, logIndex=5213, commits[18b22b39-7551-46dd-8464-dd74933c4739:c5213, 76d6a15c-8eeb-4764-b555-ce8767d18d57:c5211, c90dcfdf-5973-4b56-a955-1fc4555f10cb:c5209]
2019-09-19 11:26:59,234 [grpc-default-executor-7] INFO  client.GrpcClientProtocolClient (GrpcClientProtocolClient.java:onNext(264)) - client-D9B31DDCE961->18b22b39-7551-46dd-8464-dd74933c4739: receive RaftClientReply:client-D9B31DDCE961->18b22b39-7551-46dd-8464-dd74933c4739@group-597320EF17B3, cid=3499, SUCCESS, logIndex=5214, commits[18b22b39-7551-46dd-8464-dd74933c4739:c5214, 76d6a15c-8eeb-4764-b555-ce8767d18d57:c5211, c90dcfdf-5973-4b56-a955-1fc4555f10cb:c5211]
2019-09-19 11:26:59,234 [grpc-default-executor-7] INFO  client.GrpcClientProtocolClient (GrpcClientProtocolClient.java:onNext(264)) - client-D9B31DDCE961->18b22b39-7551-46dd-8464-dd74933c4739: receive RaftClientReply:client-D9B31DDCE961->18b22b39-7551-46dd-8464-dd74933c4739@group-597320EF17B3, cid=3500, SUCCESS, logIndex=5215, commits[18b22b39-7551-46dd-8464-dd74933c4739:c5217, 76d6a15c-8eeb-4764-b555-ce8767d18d57:c5213, c90dcfdf-5973-4b56-a955-1fc4555f10cb:c5211]
2019-09-19 11:26:59,236 [grpc-default-executor-7] INFO  client.GrpcClientProtocolClient (GrpcClientProtocolClient.java:onNext(264)) - client-D9B31DDCE961->18b22b39-7551-46dd-8464-dd74933c4739: receive RaftClientReply:client-D9B31DDCE961->18b22b39-7551-46dd-8464-dd74933c4739@group-597320EF17B3, cid=3501, SUCCESS, logIndex=0, commits[18b22b39-7551-46dd-8464-dd74933c4739:c5217, 76d6a15c-8eeb-4764-b555-ce8767d18d57:c5213, c90dcfdf-5973-4b56-a955-1fc4555f10cb:c5213]
2019-09-19 11:26:59,248 [grpc-default-executor-7] INFO  client.GrpcClientProtocolClient (GrpcClientProtocolClient.java:onNext(264)) - client-D9B31DDCE961->18b22b39-7551-46dd-8464-dd74933c4739: receive RaftClientReply:client-D9B31DDCE961->18b22b39-7551-46dd-8464-dd74933c4739@group-597320EF17B3, cid=3502, SUCCESS, logIndex=5220, commits[18b22b39-7551-46dd-8464-dd74933c4739:c5221, 76d6a15c-8eeb-4764-b555-ce8767d18d57:c5216, c90dcfdf-5973-4b56-a955-1fc4555f10cb:c5219]
2019-09-19 11:26:59,248 [grpc-default-executor-7] INFO  client.GrpcClientProtocolClient (GrpcClientProtocolClient.java:onNext(264)) - client-D9B31DDCE961->18b22b39-7551-46dd-8464-dd74933c4739: receive RaftClientReply:client-D9B31DDCE961->18b22b39-7551-46dd-8464-dd74933c4739@group-597320EF17B3, cid=3503, SUCCESS, logIndex=5221, commits[18b22b39-7551-46dd-8464-dd74933c4739:c5221, 76d6a15c-8eeb-4764-b555-ce8767d18d57:c5219, c90dcfdf-5973-4b56-a955-1fc4555f10cb:c5219]
2019-09-19 11:26:59,262 [grpc-default-executor-6] INFO  client.GrpcClientProtocolClient (GrpcClientProtocolClient.java:onNext(264)) - client-D9B31DDCE961->18b22b39-7551-46dd-8464-dd74933c4739: receive RaftClientReply:client-D9B31DDCE961->18b22b39-7551-46dd-8464-dd74933c4739@group-597320EF17B3, cid=3504, SUCCESS, logIndex=5224, commits[18b22b39-7551-46dd-8464-dd74933c4739:c5225, 76d6a15c-8eeb-4764-b555-ce8767d18d57:c5223, c90dcfdf-5973-4b56-a955-1fc4555f10cb:c5221]
2019-09-19 11:26:59,262 [grpc-default-executor-6] INFO  client.GrpcClientProtocolClient (GrpcClientProtocolClient.java:onNext(264)) - client-D9B31DDCE961->18b22b39-7551-46dd-8464-dd74933c4739: receive RaftClientReply:client-D9B31DDCE961->18b22b39-7551-46dd-8464-dd74933c4739@group-597320EF17B3, cid=3505, SUCCESS, logIndex=5225, commits[18b22b39-7551-46dd-8464-dd74933c4739:c5225, 76d6a15c-8eeb-4764-b555-ce8767d18d57:c5223, c90dcfdf-5973-4b56-a955-1fc4555f10cb:c5223]
2019-09-19 11:26:59,264 [grpc-default-executor-6] INFO  client.GrpcClientProtocolClient (GrpcClientProtocolClient.java:onNext(264)) - client-D9B31DDCE961->18b22b39-7551-46dd-8464-dd74933c4739: receive RaftClientReply:client-D9B31DDCE961->18b22b39-7551-46dd-8464-dd74933c4739@group-597320EF17B3, cid=3506, SUCCESS, logIndex=0, commits[18b22b39-7551-46dd-8464-dd74933c4739:c5226, 76d6a15c-8eeb-4764-b555-ce8767d18d57:c5225, c90dcfdf-5973-4b56-a955-1fc4555f10cb:c5225]
2019-09-19 11:26:59,298 [grpc-default-executor-7] INFO  client.GrpcClientProtocolClient (GrpcClientProtocolClient.java:onNext(264)) - client-D9B31DDCE961->18b22b39-7551-46dd-8464-dd74933c4739: receive RaftClientReply:client-D9B31DDCE961->18b22b39-7551-46dd-8464-dd74933c4739@group-597320EF17B3, cid=3507, SUCCESS, logIndex=5228, commits[18b22b39-7551-46dd-8464-dd74933c4739:c5229, 76d6a15c-8eeb-4764-b555-ce8767d18d57:c5227, c90dcfdf-5973-4b56-a955-1fc4555f10cb:c5227]
2019-09-19 11:26:59,298 [grpc-default-executor-5] INFO  client.GrpcClientProtocolClient (GrpcClientProtocolClient.java:onNext(264)) - client-D9B31DDCE961->18b22b39-7551-46dd-8464-dd74933c4739: receive RaftClientReply:client-D9B31DDCE961->18b22b39-7551-46dd-8464-dd74933c4739@group-597320EF17B3, cid=3508, SUCCESS, logIndex=5229, commits[18b22b39-7551-46dd-8464-dd74933c4739:c5229, 76d6a15c-8eeb-4764-b555-ce8767d18d57:c5227, c90dcfdf-5973-4b56-a955-1fc4555f10cb:c5227]
2019-09-19 11:26:59,301 [grpc-default-executor-1] INFO  client.GrpcClientProtocolClient (GrpcClientProtocolClient.java:onNext(264)) - client-D9B31DDCE961->18b22b39-7551-46dd-8464-dd74933c4739: receive RaftClientReply:client-D9B31DDCE961->18b22b39-7551-46dd-8464-dd74933c4739@group-597320EF17B3, cid=3509, SUCCESS, logIndex=5230, commits[18b22b39-7551-46dd-8464-dd74933c4739:c5231, 76d6a15c-8eeb-4764-b555-ce8767d18d57:c5227, c90dcfdf-5973-4b56-a955-1fc4555f10cb:c5227]
2019-09-19 11:26:59,302 [grpc-default-executor-1] INFO  client.GrpcClientProtocolClient (GrpcClientProtocolClient.java:onNext(264)) - client-D9B31DDCE961->18b22b39-7551-46dd-8464-dd74933c4739: receive RaftClientReply:client-D9B31DDCE961->18b22b39-7551-46dd-8464-dd74933c4739@group-597320EF17B3, cid=3510, SUCCESS, logIndex=5231, commits[18b22b39-7551-46dd-8464-dd74933c4739:c5231, 76d6a15c-8eeb-4764-b555-ce8767d18d57:c5227, c90dcfdf-5973-4b56-a955-1fc4555f10cb:c5227]
2019-09-19 11:26:59,303 [grpc-default-executor-1] INFO  client.GrpcClientProtocolClient (GrpcClientProtocolClient.java:onNext(264)) - client-D9B31DDCE961->18b22b39-7551-46dd-8464-dd74933c4739: receive RaftClientReply:client-D9B31DDCE961->18b22b39-7551-46dd-8464-dd74933c4739@group-597320EF17B3, cid=3511, SUCCESS, logIndex=0, commits[18b22b39-7551-46dd-8464-dd74933c4739:c5234, 76d6a15c-8eeb-4764-b555-ce8767d18d57:c5231, c90dcfdf-5973-4b56-a955-1fc4555f10cb:c5229]
2019-09-19 11:26:59,326 [grpc-default-executor-1] INFO  client.GrpcClientProtocolClient (GrpcClientProtocolClient.java:onNext(264)) - client-D9B31DDCE961->18b22b39-7551-46dd-8464-dd74933c4739: receive RaftClientReply:client-D9B31DDCE961->18b22b39-7551-46dd-8464-dd74933c4739@group-597320EF17B3, cid=3512, SUCCESS, logIndex=5236, commits[18b22b39-7551-46dd-8464-dd74933c4739:c5237, 76d6a15c-8eeb-4764-b555-ce8767d18d57:c5231, c90dcfdf-5973-4b56-a955-1fc4555f10cb:c5234]
2019-09-19 11:26:59,326 [grpc-default-executor-1] INFO  client.GrpcClientProtocolClient (GrpcClientProtocolClient.java:onNext(264)) - client-D9B31DDCE961->18b22b39-7551-46dd-8464-dd74933c4739: receive RaftClientReply:client-D9B31DDCE961->18b22b39-7551-46dd-8464-dd74933c4739@group-597320EF17B3, cid=3513, SUCCESS, logIndex=5237, commits[18b22b39-7551-46dd-8464-dd74933c4739:c5237, 76d6a15c-8eeb-4764-b555-ce8767d18d57:c5234, c90dcfdf-5973-4b56-a955-1fc4555f10cb:c5234]
2019-09-19 11:26:59,349 [grpc-default-executor-1] INFO  client.GrpcClientProtocolClient (GrpcClientProtocolClient.java:onNext(264)) - client-D9B31DDCE961->18b22b39-7551-46dd-8464-dd74933c4739: receive RaftClientReply:client-D9B31DDCE961->18b22b39-7551-46dd-8464-dd74933c4739@group-597320EF17B3, cid=3514, SUCCESS, logIndex=5240, commits[18b22b39-7551-46dd-8464-dd74933c4739:c5241, 76d6a15c-8eeb-4764-b555-ce8767d18d57:c5237, c90dcfdf-5973-4b56-a955-1fc4555f10cb:c5239]
2019-09-19 11:26:59,349 [grpc-default-executor-1] INFO  client.GrpcClientProtocolClient (GrpcClientProtocolClient.java:onNext(264)) - client-D9B31DDCE961->18b22b39-7551-46dd-8464-dd74933c4739: receive RaftClientReply:client-D9B31DDCE961->18b22b39-7551-46dd-8464-dd74933c4739@group-597320EF17B3, cid=3515, SUCCESS, logIndex=5241, commits[18b22b39-7551-46dd-8464-dd74933c4739:c5241, 76d6a15c-8eeb-4764-b555-ce8767d18d57:c5237, c90dcfdf-5973-4b56-a955-1fc4555f10cb:c5239]
2019-09-19 11:26:59,362 [grpc-default-executor-1] INFO  client.GrpcClientProtocolClient (GrpcClientProtocolClient.java:onNext(264)) - client-D9B31DDCE961->18b22b39-7551-46dd-8464-dd74933c4739: receive RaftClientReply:client-D9B31DDCE961->18b22b39-7551-46dd-8464-dd74933c4739@group-597320EF17B3, cid=3516, SUCCESS, logIndex=0, commits[18b22b39-7551-46dd-8464-dd74933c4739:c5243, 76d6a15c-8eeb-4764-b555-ce8767d18d57:c5241, c90dcfdf-5973-4b56-a955-1fc4555f10cb:c5241]
2019-09-19 11:26:59,392 [grpc-default-executor-5] INFO  client.GrpcClientProtocolClient (GrpcClientProtocolClient.java:onNext(264)) - client-D9B31DDCE961->18b22b39-7551-46dd-8464-dd74933c4739: receive RaftClientReply:client-D9B31DDCE961->18b22b39-7551-46dd-8464-dd74933c4739@group-597320EF17B3, cid=3517, SUCCESS, logIndex=5244, commits[18b22b39-7551-46dd-8464-dd74933c4739:c5245, 76d6a15c-8eeb-4764-b555-ce8767d18d57:c5243, c90dcfdf-5973-4b56-a955-1fc4555f10cb:c5243]
2019-09-19 11:26:59,392 [grpc-default-executor-5] INFO  client.GrpcClientProtocolClient (GrpcClientProtocolClient.java:onNext(264)) - client-D9B31DDCE961->18b22b39-7551-46dd-8464-dd74933c4739: receive RaftClientReply:client-D9B31DDCE961->18b22b39-7551-46dd-8464-dd74933c4739@group-597320EF17B3, cid=3518, SUCCESS, logIndex=5245, commits[18b22b39-7551-46dd-8464-dd74933c4739:c5245, 76d6a15c-8eeb-4764-b555-ce8767d18d57:c5243, c90dcfdf-5973-4b56-a955-1fc4555f10cb:c5243]
2019-09-19 11:26:59,393 [grpc-default-executor-5] INFO  client.GrpcClientProtocolClient (GrpcClientProtocolClient.java:onNext(264)) - client-D9B31DDCE961->18b22b39-7551-46dd-8464-dd74933c4739: receive RaftClientReply:client-D9B31DDCE961->18b22b39-7551-46dd-8464-dd74933c4739@group-597320EF17B3, cid=3519, SUCCESS, logIndex=5246, commits[18b22b39-7551-46dd-8464-dd74933c4739:c5247, 76d6a15c-8eeb-4764-b555-ce8767d18d57:c5243, c90dcfdf-5973-4b56-a955-1fc4555f10cb:c5243]
2019-09-19 11:26:59,393 [grpc-default-executor-5] INFO  client.GrpcClientProtocolClient (GrpcClientProtocolClient.java:onNext(264)) - client-D9B31DDCE961->18b22b39-7551-46dd-8464-dd74933c4739: receive RaftClientReply:client-D9B31DDCE961->18b22b39-7551-46dd-8464-dd74933c4739@group-597320EF17B3, cid=3520, SUCCESS, logIndex=5247, commits[18b22b39-7551-46dd-8464-dd74933c4739:c5247, 76d6a15c-8eeb-4764-b555-ce8767d18d57:c5243, c90dcfdf-5973-4b56-a955-1fc4555f10cb:c5243]
2019-09-19 11:26:59,406 [grpc-default-executor-5] INFO  client.GrpcClientProtocolClient (GrpcClientProtocolClient.java:onNext(264)) - client-D9B31DDCE961->18b22b39-7551-46dd-8464-dd74933c4739: receive RaftClientReply:client-D9B31DDCE961->18b22b39-7551-46dd-8464-dd74933c4739@group-597320EF17B3, cid=3521, SUCCESS, logIndex=0, commits[18b22b39-7551-46dd-8464-dd74933c4739:c5249, 76d6a15c-8eeb-4764-b555-ce8767d18d57:c5245, c90dcfdf-5973-4b56-a955-1fc4555f10cb:c5245]
2019-09-19 11:26:59,424 [grpc-default-executor-5] INFO  client.GrpcClientProtocolClient (GrpcClientProtocolClient.java:onNext(264)) - client-D9B31DDCE961->18b22b39-7551-46dd-8464-dd74933c4739: receive RaftClientReply:client-D9B31DDCE961->18b22b39-7551-46dd-8464-dd74933c4739@group-597320EF17B3, cid=3522, SUCCESS, logIndex=5252, commits[18b22b39-7551-46dd-8464-dd74933c4739:c5253, 76d6a15c-8eeb-4764-b555-ce8767d18d57:c5251, c90dcfdf-5973-4b56-a955-1fc4555f10cb:c5251]
2019-09-19 11:26:59,424 [grpc-default-executor-5] INFO  client.GrpcClientProtocolClient (GrpcClientProtocolClient.java:onNext(264)) - client-D9B31DDCE961->18b22b39-7551-46dd-8464-dd74933c4739: receive RaftClientReply:client-D9B31DDCE961->18b22b39-7551-46dd-8464-dd74933c4739@group-597320EF17B3, cid=3523, SUCCESS, logIndex=5253, commits[18b22b39-7551-46dd-8464-dd74933c4739:c5253, 76d6a15c-8eeb-4764-b555-ce8767d18d57:c5251, c90dcfdf-5973-4b56-a955-1fc4555f10cb:c5251]
2019-09-19 11:26:59,449 [grpc-default-executor-5] INFO  client.GrpcClientProtocolClient (GrpcClientProtocolClient.java:onNext(264)) - client-D9B31DDCE961->18b22b39-7551-46dd-8464-dd74933c4739: receive RaftClientReply:client-D9B31DDCE961->18b22b39-7551-46dd-8464-dd74933c4739@group-597320EF17B3, cid=3524, SUCCESS, logIndex=5256, commits[18b22b39-7551-46dd-8464-dd74933c4739:c5257, 76d6a15c-8eeb-4764-b555-ce8767d18d57:c5252, c90dcfdf-5973-4b56-a955-1fc4555f10cb:c5253]
2019-09-19 11:26:59,450 [grpc-default-executor-5] INFO  client.GrpcClientProtocolClient (GrpcClientProtocolClient.java:onNext(264)) - client-D9B31DDCE961->18b22b39-7551-46dd-8464-dd74933c4739: receive RaftClientReply:client-D9B31DDCE961->18b22b39-7551-46dd-8464-dd74933c4739@group-597320EF17B3, cid=3525, SUCCESS, logIndex=5257, commits[18b22b39-7551-46dd-8464-dd74933c4739:c5257, 76d6a15c-8eeb-4764-b555-ce8767d18d57:c5253, c90dcfdf-5973-4b56-a955-1fc4555f10cb:c5253]
2019-09-19 11:26:59,451 [grpc-default-executor-7] INFO  client.GrpcClientProtocolClient (GrpcClientProtocolClient.java:onNext(264)) - client-D9B31DDCE961->18b22b39-7551-46dd-8464-dd74933c4739: receive RaftClientReply:client-D9B31DDCE961->18b22b39-7551-46dd-8464-dd74933c4739@group-597320EF17B3, cid=3526, SUCCESS, logIndex=0, commits[18b22b39-7551-46dd-8464-dd74933c4739:c5258, 76d6a15c-8eeb-4764-b555-ce8767d18d57:c5257, c90dcfdf-5973-4b56-a955-1fc4555f10cb:c5257]
2019-09-19 11:26:59,478 [grpc-default-executor-5] INFO  client.GrpcClientProtocolClient (GrpcClientProtocolClient.java:onNext(264)) - client-D9B31DDCE961->18b22b39-7551-46dd-8464-dd74933c4739: receive RaftClientReply:client-D9B31DDCE961->18b22b39-7551-46dd-8464-dd74933c4739@group-597320EF17B3, cid=3527, SUCCESS, logIndex=5260, commits[18b22b39-7551-46dd-8464-dd74933c4739:c5261, 76d6a15c-8eeb-4764-b555-ce8767d18d57:c5257, c90dcfdf-5973-4b56-a955-1fc4555f10cb:c5259]
2019-09-19 11:26:59,479 [grpc-default-executor-5] INFO  client.GrpcClientProtocolClient (GrpcClientProtocolClient.java:onNext(264)) - client-D9B31DDCE961->18b22b39-7551-46dd-8464-dd74933c4739: receive RaftClientReply:client-D9B31DDCE961->18b22b39-7551-46dd-8464-dd74933c4739@group-597320EF17B3, cid=3528, SUCCESS, logIndex=5261, commits[18b22b39-7551-46dd-8464-dd74933c4739:c5261, 76d6a15c-8eeb-4764-b555-ce8767d18d57:c5257, c90dcfdf-5973-4b56-a955-1fc4555f10cb:c5259]
2019-09-19 11:26:59,480 [grpc-default-executor-1] INFO  client.GrpcClientProtocolClient (GrpcClientProtocolClient.java:onNext(264)) - client-D9B31DDCE961->18b22b39-7551-46dd-8464-dd74933c4739: receive RaftClientReply:client-D9B31DDCE961->18b22b39-7551-46dd-8464-dd74933c4739@group-597320EF17B3, cid=3529, SUCCESS, logIndex=5262, commits[18b22b39-7551-46dd-8464-dd74933c4739:c5263, 76d6a15c-8eeb-4764-b555-ce8767d18d57:c5259, c90dcfdf-5973-4b56-a955-1fc4555f10cb:c5259]
2019-09-19 11:26:59,480 [grpc-default-executor-1] INFO  client.GrpcClientProtocolClient (GrpcClientProtocolClient.java:onNext(264)) - client-D9B31DDCE961->18b22b39-7551-46dd-8464-dd74933c4739: receive RaftClientReply:client-D9B31DDCE961->18b22b39-7551-46dd-8464-dd74933c4739@group-597320EF17B3, cid=3530, SUCCESS, logIndex=5263, commits[18b22b39-7551-46dd-8464-dd74933c4739:c5265, 76d6a15c-8eeb-4764-b555-ce8767d18d57:c5259, c90dcfdf-5973-4b56-a955-1fc4555f10cb:c5261]
2019-09-19 11:26:59,481 [grpc-default-executor-7] INFO  client.GrpcClientProtocolClient (GrpcClientProtocolClient.java:onNext(264)) - client-D9B31DDCE961->18b22b39-7551-46dd-8464-dd74933c4739: receive RaftClientReply:client-D9B31DDCE961->18b22b39-7551-46dd-8464-dd74933c4739@group-597320EF17B3, cid=3531, SUCCESS, logIndex=0, commits[18b22b39-7551-46dd-8464-dd74933c4739:c5265, 76d6a15c-8eeb-4764-b555-ce8767d18d57:c5261, c90dcfdf-5973-4b56-a955-1fc4555f10cb:c5261]
2019-09-19 11:26:59,494 [grpc-default-executor-5] INFO  client.GrpcClientProtocolClient (GrpcClientProtocolClient.java:onNext(264)) - client-D9B31DDCE961->18b22b39-7551-46dd-8464-dd74933c4739: receive RaftClientReply:client-D9B31DDCE961->18b22b39-7551-46dd-8464-dd74933c4739@group-597320EF17B3, cid=3532, SUCCESS, logIndex=5268, commits[18b22b39-7551-46dd-8464-dd74933c4739:c5269, 76d6a15c-8eeb-4764-b555-ce8767d18d57:c5267, c90dcfdf-5973-4b56-a955-1fc4555f10cb:c5263]
2019-09-19 11:26:59,494 [grpc-default-executor-5] INFO  client.GrpcClientProtocolClient (GrpcClientProtocolClient.java:onNext(264)) - client-D9B31DDCE961->18b22b39-7551-46dd-8464-dd74933c4739: receive RaftClientReply:client-D9B31DDCE961->18b22b39-7551-46dd-8464-dd74933c4739@group-597320EF17B3, cid=3533, SUCCESS, logIndex=5269, commits[18b22b39-7551-46dd-8464-dd74933c4739:c5269, 76d6a15c-8eeb-4764-b555-ce8767d18d57:c5267, c90dcfdf-5973-4b56-a955-1fc4555f10cb:c5267]
2019-09-19 11:26:59,507 [grpc-default-executor-5] INFO  client.GrpcClientProtocolClient (GrpcClientProtocolClient.java:onNext(264)) - client-D9B31DDCE961->18b22b39-7551-46dd-8464-dd74933c4739: receive RaftClientReply:client-D9B31DDCE961->18b22b39-7551-46dd-8464-dd74933c4739@group-597320EF17B3, cid=3534, SUCCESS, logIndex=5272, commits[18b22b39-7551-46dd-8464-dd74933c4739:c5273, 76d6a15c-8eeb-4764-b555-ce8767d18d57:c5269, c90dcfdf-5973-4b56-a955-1fc4555f10cb:c5271]
2019-09-19 11:26:59,507 [grpc-default-executor-5] INFO  client.GrpcClientProtocolClient (GrpcClientProtocolClient.java:onNext(264)) - client-D9B31DDCE961->18b22b39-7551-46dd-8464-dd74933c4739: receive RaftClientReply:client-D9B31DDCE961->18b22b39-7551-46dd-8464-dd74933c4739@group-597320EF17B3, cid=3535, SUCCESS, logIndex=5273, commits[18b22b39-7551-46dd-8464-dd74933c4739:c5273, 76d6a15c-8eeb-4764-b555-ce8767d18d57:c5271, c90dcfdf-5973-4b56-a955-1fc4555f10cb:c5271]
2019-09-19 11:26:59,510 [grpc-default-executor-7] INFO  client.GrpcClientProtocolClient (GrpcClientProtocolClient.java:onNext(264)) - client-D9B31DDCE961->18b22b39-7551-46dd-8464-dd74933c4739: receive RaftClientReply:client-D9B31DDCE961->18b22b39-7551-46dd-8464-dd74933c4739@group-597320EF17B3, cid=3536, SUCCESS, logIndex=0, commits[18b22b39-7551-46dd-8464-dd74933c4739:c5273, 76d6a15c-8eeb-4764-b555-ce8767d18d57:c5273, c90dcfdf-5973-4b56-a955-1fc4555f10cb:c5273]
2019-09-19 11:26:59,536 [grpc-default-executor-1] INFO  client.GrpcClientProtocolClient (GrpcClientProtocolClient.java:onNext(264)) - client-D9B31DDCE961->18b22b39-7551-46dd-8464-dd74933c4739: receive RaftClientReply:client-D9B31DDCE961->18b22b39-7551-46dd-8464-dd74933c4739@group-597320EF17B3, cid=3537, SUCCESS, logIndex=5276, commits[18b22b39-7551-46dd-8464-dd74933c4739:c5277, 76d6a15c-8eeb-4764-b555-ce8767d18d57:c5275, c90dcfdf-5973-4b56-a955-1fc4555f10cb:c5273]
2019-09-19 11:26:59,536 [grpc-default-executor-1] INFO  client.GrpcClientProtocolClient (GrpcClientProtocolClient.java:onNext(264)) - client-D9B31DDCE961->18b22b39-7551-46dd-8464-dd74933c4739: receive RaftClientReply:client-D9B31DDCE961->18b22b39-7551-46dd-8464-dd74933c4739@group-597320EF17B3, cid=3538, SUCCESS, logIndex=5277, commits[18b22b39-7551-46dd-8464-dd74933c4739:c5277, 76d6a15c-8eeb-4764-b555-ce8767d18d57:c5275, c90dcfdf-5973-4b56-a955-1fc4555f10cb:c5273]
2019-09-19 11:26:59,537 [grpc-default-executor-1] INFO  client.GrpcClientProtocolClient (GrpcClientProtocolClient.java:onNext(264)) - client-D9B31DDCE961->18b22b39-7551-46dd-8464-dd74933c4739: receive RaftClientReply:client-D9B31DDCE961->18b22b39-7551-46dd-8464-dd74933c4739@group-597320EF17B3, cid=3539, SUCCESS, logIndex=5278, commits[18b22b39-7551-46dd-8464-dd74933c4739:c5279, 76d6a15c-8eeb-4764-b555-ce8767d18d57:c5275, c90dcfdf-5973-4b56-a955-1fc4555f10cb:c5275]
2019-09-19 11:26:59,537 [grpc-default-executor-1] INFO  client.GrpcClientProtocolClient (GrpcClientProtocolClient.java:onNext(264)) - client-D9B31DDCE961->18b22b39-7551-46dd-8464-dd74933c4739: receive RaftClientReply:client-D9B31DDCE961->18b22b39-7551-46dd-8464-dd74933c4739@group-597320EF17B3, cid=3540, SUCCESS, logIndex=5279, commits[18b22b39-7551-46dd-8464-dd74933c4739:c5279, 76d6a15c-8eeb-4764-b555-ce8767d18d57:c5275, c90dcfdf-5973-4b56-a955-1fc4555f10cb:c5275]
2019-09-19 11:26:59,540 [grpc-default-executor-1] INFO  client.GrpcClientProtocolClient (GrpcClientProtocolClient.java:onNext(264)) - client-D9B31DDCE961->18b22b39-7551-46dd-8464-dd74933c4739: receive RaftClientReply:client-D9B31DDCE961->18b22b39-7551-46dd-8464-dd74933c4739@group-597320EF17B3, cid=3541, SUCCESS, logIndex=0, commits[18b22b39-7551-46dd-8464-dd74933c4739:c5280, 76d6a15c-8eeb-4764-b555-ce8767d18d57:c5277, c90dcfdf-5973-4b56-a955-1fc4555f10cb:c5277]
2019-09-19 11:26:59,560 [grpc-default-executor-7] INFO  client.GrpcClientProtocolClient (GrpcClientProtocolClient.java:onNext(264)) - client-D9B31DDCE961->18b22b39-7551-46dd-8464-dd74933c4739: receive RaftClientReply:client-D9B31DDCE961->18b22b39-7551-46dd-8464-dd74933c4739@group-597320EF17B3, cid=3542, SUCCESS, logIndex=5284, commits[18b22b39-7551-46dd-8464-dd74933c4739:c5285, 76d6a15c-8eeb-4764-b555-ce8767d18d57:c5281, c90dcfdf-5973-4b56-a955-1fc4555f10cb:c5281]
2019-09-19 11:26:59,560 [grpc-default-executor-7] INFO  client.GrpcClientProtocolClient (GrpcClientProtocolClient.java:onNext(264)) - client-D9B31DDCE961->18b22b39-7551-46dd-8464-dd74933c4739: receive RaftClientReply:client-D9B31DDCE961->18b22b39-7551-46dd-8464-dd74933c4739@group-597320EF17B3, cid=3543, SUCCESS, logIndex=5285, commits[18b22b39-7551-46dd-8464-dd74933c4739:c5285, 76d6a15c-8eeb-4764-b555-ce8767d18d57:c5281, c90dcfdf-5973-4b56-a955-1fc4555f10cb:c5281]
2019-09-19 11:26:59,576 [grpc-default-executor-5] INFO  client.GrpcClientProtocolClient (GrpcClientProtocolClient.java:onNext(264)) - client-D9B31DDCE961->18b22b39-7551-46dd-8464-dd74933c4739: receive RaftClientReply:client-D9B31DDCE961->18b22b39-7551-46dd-8464-dd74933c4739@group-597320EF17B3, cid=3544, SUCCESS, logIndex=5288, commits[18b22b39-7551-46dd-8464-dd74933c4739:c5288, 76d6a15c-8eeb-4764-b555-ce8767d18d57:c5285, c90dcfdf-5973-4b56-a955-1fc4555f10cb:c5285]
2019-09-19 11:26:59,576 [grpc-default-executor-5] INFO  client.GrpcClientProtocolClient (GrpcClientProtocolClient.java:onNext(264)) - client-D9B31DDCE961->18b22b39-7551-46dd-8464-dd74933c4739: receive RaftClientReply:client-D9B31DDCE961->18b22b39-7551-46dd-8464-dd74933c4739@group-597320EF17B3, cid=3545, SUCCESS, logIndex=5289, commits[18b22b39-7551-46dd-8464-dd74933c4739:c5289, 76d6a15c-8eeb-4764-b555-ce8767d18d57:c5285, c90dcfdf-5973-4b56-a955-1fc4555f10cb:c5285]
2019-09-19 11:26:59,590 [grpc-default-executor-5] INFO  client.GrpcClientProtocolClient (GrpcClientProtocolClient.java:onNext(264)) - client-D9B31DDCE961->18b22b39-7551-46dd-8464-dd74933c4739: receive RaftClientReply:client-D9B31DDCE961->18b22b39-7551-46dd-8464-dd74933c4739@group-597320EF17B3, cid=3546, SUCCESS, logIndex=0, commits[18b22b39-7551-46dd-8464-dd74933c4739:c5290, 76d6a15c-8eeb-4764-b555-ce8767d18d57:c5289, c90dcfdf-5973-4b56-a955-1fc4555f10cb:c5289]
2019-09-19 11:26:59,624 [grpc-default-executor-1] INFO  client.GrpcClientProtocolClient (GrpcClientProtocolClient.java:onNext(264)) - client-D9B31DDCE961->18b22b39-7551-46dd-8464-dd74933c4739: receive RaftClientReply:client-D9B31DDCE961->18b22b39-7551-46dd-8464-dd74933c4739@group-597320EF17B3, cid=3547, SUCCESS, logIndex=5292, commits[18b22b39-7551-46dd-8464-dd74933c4739:c5293, 76d6a15c-8eeb-4764-b555-ce8767d18d57:c5291, c90dcfdf-5973-4b56-a955-1fc4555f10cb:c5291]
2019-09-19 11:26:59,624 [grpc-default-executor-1] INFO  client.GrpcClientProtocolClient (GrpcClientProtocolClient.java:onNext(264)) - client-D9B31DDCE961->18b22b39-7551-46dd-8464-dd74933c4739: receive RaftClientReply:client-D9B31DDCE961->18b22b39-7551-46dd-8464-dd74933c4739@group-597320EF17B3, cid=3548, SUCCESS, logIndex=5293, commits[18b22b39-7551-46dd-8464-dd74933c4739:c5295, 76d6a15c-8eeb-4764-b555-ce8767d18d57:c5291, c90dcfdf-5973-4b56-a955-1fc4555f10cb:c5291]
2019-09-19 11:26:59,625 [grpc-default-executor-1] INFO  client.GrpcClientProtocolClient (GrpcClientProtocolClient.java:onNext(264)) - client-D9B31DDCE961->18b22b39-7551-46dd-8464-dd74933c4739: receive RaftClientReply:client-D9B31DDCE961->18b22b39-7551-46dd-8464-dd74933c4739@group-597320EF17B3, cid=3549, SUCCESS, logIndex=5294, commits[18b22b39-7551-46dd-8464-dd74933c4739:c5295, 76d6a15c-8eeb-4764-b555-ce8767d18d57:c5291, c90dcfdf-5973-4b56-a955-1fc4555f10cb:c5291]
2019-09-19 11:26:59,625 [grpc-default-executor-1] INFO  client.GrpcClientProtocolClient (GrpcClientProtocolClient.java:onNext(264)) - client-D9B31DDCE961->18b22b39-7551-46dd-8464-dd74933c4739: receive RaftClientReply:client-D9B31DDCE961->18b22b39-7551-46dd-8464-dd74933c4739@group-597320EF17B3, cid=3550, SUCCESS, logIndex=5295, commits[18b22b39-7551-46dd-8464-dd74933c4739:c5295, 76d6a15c-8eeb-4764-b555-ce8767d18d57:c5291, c90dcfdf-5973-4b56-a955-1fc4555f10cb:c5291]
2019-09-19 11:26:59,639 [grpc-default-executor-1] INFO  client.GrpcClientProtocolClient (GrpcClientProtocolClient.java:onNext(264)) - client-D9B31DDCE961->18b22b39-7551-46dd-8464-dd74933c4739: receive RaftClientReply:client-D9B31DDCE961->18b22b39-7551-46dd-8464-dd74933c4739@group-597320EF17B3, cid=3551, SUCCESS, logIndex=0, commits[18b22b39-7551-46dd-8464-dd74933c4739:c5298, 76d6a15c-8eeb-4764-b555-ce8767d18d57:c5293, c90dcfdf-5973-4b56-a955-1fc4555f10cb:c5294]
2019-09-19 11:26:59,652 [grpc-default-executor-1] INFO  client.GrpcClientProtocolClient (GrpcClientProtocolClient.java:onNext(264)) - client-D9B31DDCE961->18b22b39-7551-46dd-8464-dd74933c4739: receive RaftClientReply:client-D9B31DDCE961->18b22b39-7551-46dd-8464-dd74933c4739@group-597320EF17B3, cid=3552, SUCCESS, logIndex=5300, commits[18b22b39-7551-46dd-8464-dd74933c4739:c5301, 76d6a15c-8eeb-4764-b555-ce8767d18d57:c5299, c90dcfdf-5973-4b56-a955-1fc4555f10cb:c5299]
2019-09-19 11:26:59,652 [grpc-default-executor-1] INFO  client.GrpcClientProtocolClient (GrpcClientProtocolClient.java:onNext(264)) - client-D9B31DDCE961->18b22b39-7551-46dd-8464-dd74933c4739: receive RaftClientReply:client-D9B31DDCE961->18b22b39-7551-46dd-8464-dd74933c4739@group-597320EF17B3, cid=3553, SUCCESS, logIndex=5301, commits[18b22b39-7551-46dd-8464-dd74933c4739:c5301, 76d6a15c-8eeb-4764-b555-ce8767d18d57:c5299, c90dcfdf-5973-4b56-a955-1fc4555f10cb:c5299]
2019-09-19 11:26:59,708 [grpc-default-executor-1] INFO  client.GrpcClientProtocolClient (GrpcClientProtocolClient.java:onNext(264)) - client-D9B31DDCE961->18b22b39-7551-46dd-8464-dd74933c4739: receive RaftClientReply:client-D9B31DDCE961->18b22b39-7551-46dd-8464-dd74933c4739@group-597320EF17B3, cid=3554, SUCCESS, logIndex=5304, commits[18b22b39-7551-46dd-8464-dd74933c4739:c5305, 76d6a15c-8eeb-4764-b555-ce8767d18d57:c5301, c90dcfdf-5973-4b56-a955-1fc4555f10cb:c5301]
2019-09-19 11:26:59,709 [grpc-default-executor-1] INFO  client.GrpcClientProtocolClient (GrpcClientProtocolClient.java:onNext(264)) - client-D9B31DDCE961->18b22b39-7551-46dd-8464-dd74933c4739: receive RaftClientReply:client-D9B31DDCE961->18b22b39-7551-46dd-8464-dd74933c4739@group-597320EF17B3, cid=3555, SUCCESS, logIndex=5305, commits[18b22b39-7551-46dd-8464-dd74933c4739:c5305, 76d6a15c-8eeb-4764-b555-ce8767d18d57:c5301, c90dcfdf-5973-4b56-a955-1fc4555f10cb:c5301]
2019-09-19 11:26:59,724 [grpc-default-executor-1] INFO  client.GrpcClientProtocolClient (GrpcClientProtocolClient.java:onNext(264)) - client-D9B31DDCE961->18b22b39-7551-46dd-8464-dd74933c4739: receive RaftClientReply:client-D9B31DDCE961->18b22b39-7551-46dd-8464-dd74933c4739@group-597320EF17B3, cid=3556, SUCCESS, logIndex=0, commits[18b22b39-7551-46dd-8464-dd74933c4739:c5306, 76d6a15c-8eeb-4764-b555-ce8767d18d57:c5305, c90dcfdf-5973-4b56-a955-1fc4555f10cb:c5305]
2019-09-19 11:26:59,764 [grpc-default-executor-5] INFO  client.GrpcClientProtocolClient (GrpcClientProtocolClient.java:onNext(264)) - client-D9B31DDCE961->18b22b39-7551-46dd-8464-dd74933c4739: receive RaftClientReply:client-D9B31DDCE961->18b22b39-7551-46dd-8464-dd74933c4739@group-597320EF17B3, cid=3557, SUCCESS, logIndex=5308, commits[18b22b39-7551-46dd-8464-dd74933c4739:c5308, 76d6a15c-8eeb-4764-b555-ce8767d18d57:c5307, c90dcfdf-5973-4b56-a955-1fc4555f10cb:c5307]
2019-09-19 11:26:59,765 [grpc-default-executor-5] INFO  client.GrpcClientProtocolClient (GrpcClientProtocolClient.java:onNext(264)) - client-D9B31DDCE961->18b22b39-7551-46dd-8464-dd74933c4739: receive RaftClientReply:client-D9B31DDCE961->18b22b39-7551-46dd-8464-dd74933c4739@group-597320EF17B3, cid=3558, SUCCESS, logIndex=5309, commits[18b22b39-7551-46dd-8464-dd74933c4739:c5309, 76d6a15c-8eeb-4764-b555-ce8767d18d57:c5307, c90dcfdf-5973-4b56-a955-1fc4555f10cb:c5307]
2019-09-19 11:26:59,766 [grpc-default-executor-5] INFO  client.GrpcClientProtocolClient (GrpcClientProtocolClient.java:onNext(264)) - client-D9B31DDCE961->18b22b39-7551-46dd-8464-dd74933c4739: receive RaftClientReply:client-D9B31DDCE961->18b22b39-7551-46dd-8464-dd74933c4739@group-597320EF17B3, cid=3559, SUCCESS, logIndex=5310, commits[18b22b39-7551-46dd-8464-dd74933c4739:c5311, 76d6a15c-8eeb-4764-b555-ce8767d18d57:c5307, c90dcfdf-5973-4b56-a955-1fc4555f10cb:c5307]
2019-09-19 11:26:59,766 [grpc-default-executor-5] INFO  client.GrpcClientProtocolClient (GrpcClientProtocolClient.java:onNext(264)) - client-D9B31DDCE961->18b22b39-7551-46dd-8464-dd74933c4739: receive RaftClientReply:client-D9B31DDCE961->18b22b39-7551-46dd-8464-dd74933c4739@group-597320EF17B3, cid=3560, SUCCESS, logIndex=5311, commits[18b22b39-7551-46dd-8464-dd74933c4739:c5313, 76d6a15c-8eeb-4764-b555-ce8767d18d57:c5307, c90dcfdf-5973-4b56-a955-1fc4555f10cb:c5309]
2019-09-19 11:26:59,767 [grpc-default-executor-5] INFO  client.GrpcClientProtocolClient (GrpcClientProtocolClient.java:onNext(264)) - client-D9B31DDCE961->18b22b39-7551-46dd-8464-dd74933c4739: receive RaftClientReply:client-D9B31DDCE961->18b22b39-7551-46dd-8464-dd74933c4739@group-597320EF17B3, cid=3561, SUCCESS, logIndex=0, commits[18b22b39-7551-46dd-8464-dd74933c4739:c5315, 76d6a15c-8eeb-4764-b555-ce8767d18d57:c5311, c90dcfdf-5973-4b56-a955-1fc4555f10cb:c5311]
2019-09-19 11:26:59,790 [grpc-default-executor-1] INFO  client.GrpcClientProtocolClient (GrpcClientProtocolClient.java:onNext(264)) - client-D9B31DDCE961->18b22b39-7551-46dd-8464-dd74933c4739: receive RaftClientReply:client-D9B31DDCE961->18b22b39-7551-46dd-8464-dd74933c4739@group-597320EF17B3, cid=3562, SUCCESS, logIndex=5316, commits[18b22b39-7551-46dd-8464-dd74933c4739:c5317, 76d6a15c-8eeb-4764-b555-ce8767d18d57:c5315, c90dcfdf-5973-4b56-a955-1fc4555f10cb:c5315]
2019-09-19 11:26:59,790 [grpc-default-executor-1] INFO  client.GrpcClientProtocolClient (GrpcClientProtocolClient.java:onNext(264)) - client-D9B31DDCE961->18b22b39-7551-46dd-8464-dd74933c4739: receive RaftClientReply:client-D9B31DDCE961->18b22b39-7551-46dd-8464-dd74933c4739@group-597320EF17B3, cid=3563, SUCCESS, logIndex=5317, commits[18b22b39-7551-46dd-8464-dd74933c4739:c5317, 76d6a15c-8eeb-4764-b555-ce8767d18d57:c5315, c90dcfdf-5973-4b56-a955-1fc4555f10cb:c5315]
2019-09-19 11:26:59,805 [grpc-default-executor-6] INFO  client.GrpcClientProtocolClient (GrpcClientProtocolClient.java:onNext(264)) - client-D9B31DDCE961->18b22b39-7551-46dd-8464-dd74933c4739: receive RaftClientReply:client-D9B31DDCE961->18b22b39-7551-46dd-8464-dd74933c4739@group-597320EF17B3, cid=3564, SUCCESS, logIndex=5320, commits[18b22b39-7551-46dd-8464-dd74933c4739:c5321, 76d6a15c-8eeb-4764-b555-ce8767d18d57:c5317, c90dcfdf-5973-4b56-a955-1fc4555f10cb:c5317]
2019-09-19 11:26:59,805 [grpc-default-executor-6] INFO  client.GrpcClientProtocolClient (GrpcClientProtocolClient.java:onNext(264)) - client-D9B31DDCE961->18b22b39-7551-46dd-8464-dd74933c4739: receive RaftClientReply:client-D9B31DDCE961->18b22b39-7551-46dd-8464-dd74933c4739@group-597320EF17B3, cid=3565, SUCCESS, logIndex=5321, commits[18b22b39-7551-46dd-8464-dd74933c4739:c5321, 76d6a15c-8eeb-4764-b555-ce8767d18d57:c5317, c90dcfdf-5973-4b56-a955-1fc4555f10cb:c5317]
2019-09-19 11:26:59,816 [grpc-default-executor-6] INFO  client.GrpcClientProtocolClient (GrpcClientProtocolClient.java:onNext(264)) - client-D9B31DDCE961->18b22b39-7551-46dd-8464-dd74933c4739: receive RaftClientReply:client-D9B31DDCE961->18b22b39-7551-46dd-8464-dd74933c4739@group-597320EF17B3, cid=3566, SUCCESS, logIndex=0, commits[18b22b39-7551-46dd-8464-dd74933c4739:c5323, 76d6a15c-8eeb-4764-b555-ce8767d18d57:c5321, c90dcfdf-5973-4b56-a955-1fc4555f10cb:c5321]
2019-09-19 11:26:59,844 [grpc-default-executor-6] INFO  client.GrpcClientProtocolClient (GrpcClientProtocolClient.java:onNext(264)) - client-D9B31DDCE961->18b22b39-7551-46dd-8464-dd74933c4739: receive RaftClientReply:client-D9B31DDCE961->18b22b39-7551-46dd-8464-dd74933c4739@group-597320EF17B3, cid=3567, SUCCESS, logIndex=5324, commits[18b22b39-7551-46dd-8464-dd74933c4739:c5325, 76d6a15c-8eeb-4764-b555-ce8767d18d57:c5323, c90dcfdf-5973-4b56-a955-1fc4555f10cb:c5323]
2019-09-19 11:26:59,845 [grpc-default-executor-1] INFO  client.GrpcClientProtocolClient (GrpcClientProtocolClient.java:onNext(264)) - client-D9B31DDCE961->18b22b39-7551-46dd-8464-dd74933c4739: receive RaftClientReply:client-D9B31DDCE961->18b22b39-7551-46dd-8464-dd74933c4739@group-597320EF17B3, cid=3568, SUCCESS, logIndex=5325, commits[18b22b39-7551-46dd-8464-dd74933c4739:c5325, 76d6a15c-8eeb-4764-b555-ce8767d18d57:c5323, c90dcfdf-5973-4b56-a955-1fc4555f10cb:c5323]
2019-09-19 11:26:59,845 [grpc-default-executor-6] INFO  client.GrpcClientProtocolClient (GrpcClientProtocolClient.java:onNext(264)) - client-D9B31DDCE961->18b22b39-7551-46dd-8464-dd74933c4739: receive RaftClientReply:client-D9B31DDCE961->18b22b39-7551-46dd-8464-dd74933c4739@group-597320EF17B3, cid=3569, SUCCESS, logIndex=5326, commits[18b22b39-7551-46dd-8464-dd74933c4739:c5326, 76d6a15c-8eeb-4764-b555-ce8767d18d57:c5323, c90dcfdf-5973-4b56-a955-1fc4555f10cb:c5323]
2019-09-19 11:26:59,845 [grpc-default-executor-6] INFO  client.GrpcClientProtocolClient (GrpcClientProtocolClient.java:onNext(264)) - client-D9B31DDCE961->18b22b39-7551-46dd-8464-dd74933c4739: receive RaftClientReply:client-D9B31DDCE961->18b22b39-7551-46dd-8464-dd74933c4739@group-597320EF17B3, cid=3570, SUCCESS, logIndex=5327, commits[18b22b39-7551-46dd-8464-dd74933c4739:c5327, 76d6a15c-8eeb-4764-b555-ce8767d18d57:c5323, c90dcfdf-5973-4b56-a955-1fc4555f10cb:c5323]
2019-09-19 11:26:59,859 [grpc-default-executor-6] INFO  client.GrpcClientProtocolClient (GrpcClientProtocolClient.java:onNext(264)) - client-D9B31DDCE961->18b22b39-7551-46dd-8464-dd74933c4739: receive RaftClientReply:client-D9B31DDCE961->18b22b39-7551-46dd-8464-dd74933c4739@group-597320EF17B3, cid=3571, SUCCESS, logIndex=0, commits[18b22b39-7551-46dd-8464-dd74933c4739:c5329, 76d6a15c-8eeb-4764-b555-ce8767d18d57:c5325, c90dcfdf-5973-4b56-a955-1fc4555f10cb:c5325]
2019-09-19 11:27:00,013 [grpc-default-executor-1] INFO  client.GrpcClientProtocolClient (GrpcClientProtocolClient.java:onNext(264)) - client-D9B31DDCE961->18b22b39-7551-46dd-8464-dd74933c4739: receive RaftClientReply:client-D9B31DDCE961->18b22b39-7551-46dd-8464-dd74933c4739@group-597320EF17B3, cid=3572, SUCCESS, logIndex=5332, commits[18b22b39-7551-46dd-8464-dd74933c4739:c5333, 76d6a15c-8eeb-4764-b555-ce8767d18d57:c5327, c90dcfdf-5973-4b56-a955-1fc4555f10cb:c5331]
2019-09-19 11:27:00,014 [grpc-default-executor-1] INFO  client.GrpcClientProtocolClient (GrpcClientProtocolClient.java:onNext(264)) - client-D9B31DDCE961->18b22b39-7551-46dd-8464-dd74933c4739: receive RaftClientReply:client-D9B31DDCE961->18b22b39-7551-46dd-8464-dd74933c4739@group-597320EF17B3, cid=3573, SUCCESS, logIndex=5333, commits[18b22b39-7551-46dd-8464-dd74933c4739:c5333, 76d6a15c-8eeb-4764-b555-ce8767d18d57:c5331, c90dcfdf-5973-4b56-a955-1fc4555f10cb:c5331]
2019-09-19 11:27:00,036 [grpc-default-executor-7] INFO  client.GrpcClientProtocolClient (GrpcClientProtocolClient.java:onNext(264)) - client-D9B31DDCE961->18b22b39-7551-46dd-8464-dd74933c4739: receive RaftClientReply:client-D9B31DDCE961->18b22b39-7551-46dd-8464-dd74933c4739@group-597320EF17B3, cid=3574, SUCCESS, logIndex=5336, commits[18b22b39-7551-46dd-8464-dd74933c4739:c5337, 76d6a15c-8eeb-4764-b555-ce8767d18d57:c5335, c90dcfdf-5973-4b56-a955-1fc4555f10cb:c5335]
2019-09-19 11:27:00,037 [grpc-default-executor-7] INFO  client.GrpcClientProtocolClient (GrpcClientProtocolClient.java:onNext(264)) - client-D9B31DDCE961->18b22b39-7551-46dd-8464-dd74933c4739: receive RaftClientReply:client-D9B31DDCE961->18b22b39-7551-46dd-8464-dd74933c4739@group-597320EF17B3, cid=3575, SUCCESS, logIndex=5337, commits[18b22b39-7551-46dd-8464-dd74933c4739:c5337, 76d6a15c-8eeb-4764-b555-ce8767d18d57:c5335, c90dcfdf-5973-4b56-a955-1fc4555f10cb:c5335]
 0.00% |█                                                                                                    |  0/1 Time: 0:01:032019-09-19 11:27:00,056 [grpc-default-executor-7] INFO  client.GrpcClientProtocolClient (GrpcClientProtocolClient.java:onNext(264)) - client-D9B31DDCE961->18b22b39-7551-46dd-8464-dd74933c4739: receive RaftClientReply:client-D9B31DDCE961->18b22b39-7551-46dd-8464-dd74933c4739@group-597320EF17B3, cid=3576, SUCCESS, logIndex=0, commits[18b22b39-7551-46dd-8464-dd74933c4739:c5338, 76d6a15c-8eeb-4764-b555-ce8767d18d57:c5337, c90dcfdf-5973-4b56-a955-1fc4555f10cb:c5337]
2019-09-19 11:27:00,091 [grpc-default-executor-7] INFO  client.GrpcClientProtocolClient (GrpcClientProtocolClient.java:onNext(264)) - client-D9B31DDCE961->18b22b39-7551-46dd-8464-dd74933c4739: receive RaftClientReply:client-D9B31DDCE961->18b22b39-7551-46dd-8464-dd74933c4739@group-597320EF17B3, cid=3577, SUCCESS, logIndex=5340, commits[18b22b39-7551-46dd-8464-dd74933c4739:c5341, 76d6a15c-8eeb-4764-b555-ce8767d18d57:c5339, c90dcfdf-5973-4b56-a955-1fc4555f10cb:c5339]
2019-09-19 11:27:00,091 [grpc-default-executor-6] INFO  client.GrpcClientProtocolClient (GrpcClientProtocolClient.java:onNext(264)) - client-D9B31DDCE961->18b22b39-7551-46dd-8464-dd74933c4739: receive RaftClientReply:client-D9B31DDCE961->18b22b39-7551-46dd-8464-dd74933c4739@group-597320EF17B3, cid=3578, SUCCESS, logIndex=5341, commits[18b22b39-7551-46dd-8464-dd74933c4739:c5343, 76d6a15c-8eeb-4764-b555-ce8767d18d57:c5339, c90dcfdf-5973-4b56-a955-1fc4555f10cb:c5339]
2019-09-19 11:27:00,092 [grpc-default-executor-7] INFO  client.GrpcClientProtocolClient (GrpcClientProtocolClient.java:onNext(264)) - client-D9B31DDCE961->18b22b39-7551-46dd-8464-dd74933c4739: receive RaftClientReply:client-D9B31DDCE961->18b22b39-7551-46dd-8464-dd74933c4739@group-597320EF17B3, cid=3579, SUCCESS, logIndex=5342, commits[18b22b39-7551-46dd-8464-dd74933c4739:c5343, 76d6a15c-8eeb-4764-b555-ce8767d18d57:c5339, c90dcfdf-5973-4b56-a955-1fc4555f10cb:c5339]
2019-09-19 11:27:00,092 [grpc-default-executor-7] INFO  client.GrpcClientProtocolClient (GrpcClientProtocolClient.java:onNext(264)) - client-D9B31DDCE961->18b22b39-7551-46dd-8464-dd74933c4739: receive RaftClientReply:client-D9B31DDCE961->18b22b39-7551-46dd-8464-dd74933c4739@group-597320EF17B3, cid=3580, SUCCESS, logIndex=5343, commits[18b22b39-7551-46dd-8464-dd74933c4739:c5343, 76d6a15c-8eeb-4764-b555-ce8767d18d57:c5339, c90dcfdf-5973-4b56-a955-1fc4555f10cb:c5339]
2019-09-19 11:27:00,093 [grpc-default-executor-7] INFO  client.GrpcClientProtocolClient (GrpcClientProtocolClient.java:onNext(264)) - client-D9B31DDCE961->18b22b39-7551-46dd-8464-dd74933c4739: receive RaftClientReply:client-D9B31DDCE961->18b22b39-7551-46dd-8464-dd74933c4739@group-597320EF17B3, cid=3581, SUCCESS, logIndex=0, commits[18b22b39-7551-46dd-8464-dd74933c4739:c5345, 76d6a15c-8eeb-4764-b555-ce8767d18d57:c5341, c90dcfdf-5973-4b56-a955-1fc4555f10cb:c5341]
2019-09-19 11:27:00,112 [grpc-default-executor-1] INFO  client.GrpcClientProtocolClient (GrpcClientProtocolClient.java:onNext(264)) - client-D9B31DDCE961->18b22b39-7551-46dd-8464-dd74933c4739: receive RaftClientReply:client-D9B31DDCE961->18b22b39-7551-46dd-8464-dd74933c4739@group-597320EF17B3, cid=3582, SUCCESS, logIndex=5348, commits[18b22b39-7551-46dd-8464-dd74933c4739:c5349, 76d6a15c-8eeb-4764-b555-ce8767d18d57:c5347, c90dcfdf-5973-4b56-a955-1fc4555f10cb:c5347]
2019-09-19 11:27:00,112 [grpc-default-executor-1] INFO  client.GrpcClientProtocolClient (GrpcClientProtocolClient.java:onNext(264)) - client-D9B31DDCE961->18b22b39-7551-46dd-8464-dd74933c4739: receive RaftClientReply:client-D9B31DDCE961->18b22b39-7551-46dd-8464-dd74933c4739@group-597320EF17B3, cid=3583, SUCCESS, logIndex=5349, commits[18b22b39-7551-46dd-8464-dd74933c4739:c5349, 76d6a15c-8eeb-4764-b555-ce8767d18d57:c5347, c90dcfdf-5973-4b56-a955-1fc4555f10cb:c5347]
2019-09-19 11:27:00,125 [grpc-default-executor-6] INFO  client.GrpcClientProtocolClient (GrpcClientProtocolClient.java:onNext(264)) - client-D9B31DDCE961->18b22b39-7551-46dd-8464-dd74933c4739: receive RaftClientReply:client-D9B31DDCE961->18b22b39-7551-46dd-8464-dd74933c4739@group-597320EF17B3, cid=3584, SUCCESS, logIndex=5352, commits[18b22b39-7551-46dd-8464-dd74933c4739:c5352, 76d6a15c-8eeb-4764-b555-ce8767d18d57:c5349, c90dcfdf-5973-4b56-a955-1fc4555f10cb:c5349]
2019-09-19 11:27:00,125 [grpc-default-executor-6] INFO  client.GrpcClientProtocolClient (GrpcClientProtocolClient.java:onNext(264)) - client-D9B31DDCE961->18b22b39-7551-46dd-8464-dd74933c4739: receive RaftClientReply:client-D9B31DDCE961->18b22b39-7551-46dd-8464-dd74933c4739@group-597320EF17B3, cid=3585, SUCCESS, logIndex=5353, commits[18b22b39-7551-46dd-8464-dd74933c4739:c5353, 76d6a15c-8eeb-4764-b555-ce8767d18d57:c5349, c90dcfdf-5973-4b56-a955-1fc4555f10cb:c5349]
2019-09-19 11:27:00,139 [grpc-default-executor-6] INFO  client.GrpcClientProtocolClient (GrpcClientProtocolClient.java:onNext(264)) - client-D9B31DDCE961->18b22b39-7551-46dd-8464-dd74933c4739: receive RaftClientReply:client-D9B31DDCE961->18b22b39-7551-46dd-8464-dd74933c4739@group-597320EF17B3, cid=3586, SUCCESS, logIndex=0, commits[18b22b39-7551-46dd-8464-dd74933c4739:c5355, 76d6a15c-8eeb-4764-b555-ce8767d18d57:c5353, c90dcfdf-5973-4b56-a955-1fc4555f10cb:c5353]
2019-09-19 11:27:00,173 [grpc-default-executor-1] INFO  client.GrpcClientProtocolClient (GrpcClientProtocolClient.java:onNext(264)) - client-D9B31DDCE961->18b22b39-7551-46dd-8464-dd74933c4739: receive RaftClientReply:client-D9B31DDCE961->18b22b39-7551-46dd-8464-dd74933c4739@group-597320EF17B3, cid=3587, SUCCESS, logIndex=5356, commits[18b22b39-7551-46dd-8464-dd74933c4739:c5357, 76d6a15c-8eeb-4764-b555-ce8767d18d57:c5355, c90dcfdf-5973-4b56-a955-1fc4555f10cb:c5355]
2019-09-19 11:27:00,174 [grpc-default-executor-1] INFO  client.GrpcClientProtocolClient (GrpcClientProtocolClient.java:onNext(264)) - client-D9B31DDCE961->18b22b39-7551-46dd-8464-dd74933c4739: receive RaftClientReply:client-D9B31DDCE961->18b22b39-7551-46dd-8464-dd74933c4739@group-597320EF17B3, cid=3588, SUCCESS, logIndex=5357, commits[18b22b39-7551-46dd-8464-dd74933c4739:c5358, 76d6a15c-8eeb-4764-b555-ce8767d18d57:c5355, c90dcfdf-5973-4b56-a955-1fc4555f10cb:c5355]
2019-09-19 11:27:00,174 [grpc-default-executor-1] INFO  client.GrpcClientProtocolClient (GrpcClientProtocolClient.java:onNext(264)) - client-D9B31DDCE961->18b22b39-7551-46dd-8464-dd74933c4739: receive RaftClientReply:client-D9B31DDCE961->18b22b39-7551-46dd-8464-dd74933c4739@group-597320EF17B3, cid=3589, SUCCESS, logIndex=5358, commits[18b22b39-7551-46dd-8464-dd74933c4739:c5359, 76d6a15c-8eeb-4764-b555-ce8767d18d57:c5355, c90dcfdf-5973-4b56-a955-1fc4555f10cb:c5355]
2019-09-19 11:27:00,174 [grpc-default-executor-7] INFO  client.GrpcClientProtocolClient (GrpcClientProtocolClient.java:onNext(264)) - client-D9B31DDCE961->18b22b39-7551-46dd-8464-dd74933c4739: receive RaftClientReply:client-D9B31DDCE961->18b22b39-7551-46dd-8464-dd74933c4739@group-597320EF17B3, cid=3590, SUCCESS, logIndex=5359, commits[18b22b39-7551-46dd-8464-dd74933c4739:c5359, 76d6a15c-8eeb-4764-b555-ce8767d18d57:c5355, c90dcfdf-5973-4b56-a955-1fc4555f10cb:c5355]
2019-09-19 11:27:00,175 [grpc-default-executor-7] INFO  client.GrpcClientProtocolClient (GrpcClientProtocolClient.java:onNext(264)) - client-D9B31DDCE961->18b22b39-7551-46dd-8464-dd74933c4739: receive RaftClientReply:client-D9B31DDCE961->18b22b39-7551-46dd-8464-dd74933c4739@group-597320EF17B3, cid=3591, SUCCESS, logIndex=0, commits[18b22b39-7551-46dd-8464-dd74933c4739:c5360, 76d6a15c-8eeb-4764-b555-ce8767d18d57:c5357, c90dcfdf-5973-4b56-a955-1fc4555f10cb:c5357]
2019-09-19 11:27:00,194 [grpc-default-executor-7] INFO  client.GrpcClientProtocolClient (GrpcClientProtocolClient.java:onNext(264)) - client-D9B31DDCE961->18b22b39-7551-46dd-8464-dd74933c4739: receive RaftClientReply:client-D9B31DDCE961->18b22b39-7551-46dd-8464-dd74933c4739@group-597320EF17B3, cid=3592, SUCCESS, logIndex=5364, commits[18b22b39-7551-46dd-8464-dd74933c4739:c5365, 76d6a15c-8eeb-4764-b555-ce8767d18d57:c5363, c90dcfdf-5973-4b56-a955-1fc4555f10cb:c5363]
2019-09-19 11:27:00,194 [grpc-default-executor-7] INFO  client.GrpcClientProtocolClient (GrpcClientProtocolClient.java:onNext(264)) - client-D9B31DDCE961->18b22b39-7551-46dd-8464-dd74933c4739: receive RaftClientReply:client-D9B31DDCE961->18b22b39-7551-46dd-8464-dd74933c4739@group-597320EF17B3, cid=3593, SUCCESS, logIndex=5365, commits[18b22b39-7551-46dd-8464-dd74933c4739:c5365, 76d6a15c-8eeb-4764-b555-ce8767d18d57:c5363, c90dcfdf-5973-4b56-a955-1fc4555f10cb:c5363]
2019-09-19 11:27:00,208 [grpc-default-executor-5] INFO  client.GrpcClientProtocolClient (GrpcClientProtocolClient.java:onNext(264)) - client-D9B31DDCE961->18b22b39-7551-46dd-8464-dd74933c4739: receive RaftClientReply:client-D9B31DDCE961->18b22b39-7551-46dd-8464-dd74933c4739@group-597320EF17B3, cid=3594, SUCCESS, logIndex=5368, commits[18b22b39-7551-46dd-8464-dd74933c4739:c5369, 76d6a15c-8eeb-4764-b555-ce8767d18d57:c5365, c90dcfdf-5973-4b56-a955-1fc4555f10cb:c5365]
2019-09-19 11:27:00,208 [grpc-default-executor-5] INFO  client.GrpcClientProtocolClient (GrpcClientProtocolClient.java:onNext(264)) - client-D9B31DDCE961->18b22b39-7551-46dd-8464-dd74933c4739: receive RaftClientReply:client-D9B31DDCE961->18b22b39-7551-46dd-8464-dd74933c4739@group-597320EF17B3, cid=3595, SUCCESS, logIndex=5369, commits[18b22b39-7551-46dd-8464-dd74933c4739:c5369, 76d6a15c-8eeb-4764-b555-ce8767d18d57:c5365, c90dcfdf-5973-4b56-a955-1fc4555f10cb:c5365]
2019-09-19 11:27:00,222 [grpc-default-executor-5] INFO  client.GrpcClientProtocolClient (GrpcClientProtocolClient.java:onNext(264)) - client-D9B31DDCE961->18b22b39-7551-46dd-8464-dd74933c4739: receive RaftClientReply:client-D9B31DDCE961->18b22b39-7551-46dd-8464-dd74933c4739@group-597320EF17B3, cid=3596, SUCCESS, logIndex=0, commits[18b22b39-7551-46dd-8464-dd74933c4739:c5371, 76d6a15c-8eeb-4764-b555-ce8767d18d57:c5369, c90dcfdf-5973-4b56-a955-1fc4555f10cb:c5369]
2019-09-19 11:27:00,252 [grpc-default-executor-1] INFO  client.GrpcClientProtocolClient (GrpcClientProtocolClient.java:onNext(264)) - client-D9B31DDCE961->18b22b39-7551-46dd-8464-dd74933c4739: receive RaftClientReply:client-D9B31DDCE961->18b22b39-7551-46dd-8464-dd74933c4739@group-597320EF17B3, cid=3597, SUCCESS, logIndex=5372, commits[18b22b39-7551-46dd-8464-dd74933c4739:c5373, 76d6a15c-8eeb-4764-b555-ce8767d18d57:c5371, c90dcfdf-5973-4b56-a955-1fc4555f10cb:c5371]
2019-09-19 11:27:00,252 [grpc-default-executor-1] INFO  client.GrpcClientProtocolClient (GrpcClientProtocolClient.java:onNext(264)) - client-D9B31DDCE961->18b22b39-7551-46dd-8464-dd74933c4739: receive RaftClientReply:client-D9B31DDCE961->18b22b39-7551-46dd-8464-dd74933c4739@group-597320EF17B3, cid=3598, SUCCESS, logIndex=5373, commits[18b22b39-7551-46dd-8464-dd74933c4739:c5373, 76d6a15c-8eeb-4764-b555-ce8767d18d57:c5371, c90dcfdf-5973-4b56-a955-1fc4555f10cb:c5371]
2019-09-19 11:27:00,252 [grpc-default-executor-1] INFO  client.GrpcClientProtocolClient (GrpcClientProtocolClient.java:onNext(264)) - client-D9B31DDCE961->18b22b39-7551-46dd-8464-dd74933c4739: receive RaftClientReply:client-D9B31DDCE961->18b22b39-7551-46dd-8464-dd74933c4739@group-597320EF17B3, cid=3599, SUCCESS, logIndex=5374, commits[18b22b39-7551-46dd-8464-dd74933c4739:c5375, 76d6a15c-8eeb-4764-b555-ce8767d18d57:c5371, c90dcfdf-5973-4b56-a955-1fc4555f10cb:c5371]
2019-09-19 11:27:00,253 [grpc-default-executor-1] INFO  client.GrpcClientProtocolClient (GrpcClientProtocolClient.java:onNext(264)) - client-D9B31DDCE961->18b22b39-7551-46dd-8464-dd74933c4739: receive RaftClientReply:client-D9B31DDCE961->18b22b39-7551-46dd-8464-dd74933c4739@group-597320EF17B3, cid=3600, SUCCESS, logIndex=5375, commits[18b22b39-7551-46dd-8464-dd74933c4739:c5375, 76d6a15c-8eeb-4764-b555-ce8767d18d57:c5371, c90dcfdf-5973-4b56-a955-1fc4555f10cb:c5371]
2019-09-19 11:27:00,254 [grpc-default-executor-1] INFO  client.GrpcClientProtocolClient (GrpcClientProtocolClient.java:onNext(264)) - client-D9B31DDCE961->18b22b39-7551-46dd-8464-dd74933c4739: receive RaftClientReply:client-D9B31DDCE961->18b22b39-7551-46dd-8464-dd74933c4739@group-597320EF17B3, cid=3601, SUCCESS, logIndex=0, commits[18b22b39-7551-46dd-8464-dd74933c4739:c5377, 76d6a15c-8eeb-4764-b555-ce8767d18d57:c5373, c90dcfdf-5973-4b56-a955-1fc4555f10cb:c5373]
2019-09-19 11:27:00,269 [grpc-default-executor-5] INFO  client.GrpcClientProtocolClient (GrpcClientProtocolClient.java:onNext(264)) - client-D9B31DDCE961->18b22b39-7551-46dd-8464-dd74933c4739: receive RaftClientReply:client-D9B31DDCE961->18b22b39-7551-46dd-8464-dd74933c4739@group-597320EF17B3, cid=3602, SUCCESS, logIndex=5380, commits[18b22b39-7551-46dd-8464-dd74933c4739:c5381, 76d6a15c-8eeb-4764-b555-ce8767d18d57:c5379, c90dcfdf-5973-4b56-a955-1fc4555f10cb:c5379]
2019-09-19 11:27:00,269 [grpc-default-executor-5] INFO  client.GrpcClientProtocolClient (GrpcClientProtocolClient.java:onNext(264)) - client-D9B31DDCE961->18b22b39-7551-46dd-8464-dd74933c4739: receive RaftClientReply:client-D9B31DDCE961->18b22b39-7551-46dd-8464-dd74933c4739@group-597320EF17B3, cid=3603, SUCCESS, logIndex=5381, commits[18b22b39-7551-46dd-8464-dd74933c4739:c5381, 76d6a15c-8eeb-4764-b555-ce8767d18d57:c5379, c90dcfdf-5973-4b56-a955-1fc4555f10cb:c5379]
2019-09-19 11:27:00,280 [grpc-default-executor-7] INFO  client.GrpcClientProtocolClient (GrpcClientProtocolClient.java:onNext(264)) - client-D9B31DDCE961->18b22b39-7551-46dd-8464-dd74933c4739: receive RaftClientReply:client-D9B31DDCE961->18b22b39-7551-46dd-8464-dd74933c4739@group-597320EF17B3, cid=3604, SUCCESS, logIndex=5384, commits[18b22b39-7551-46dd-8464-dd74933c4739:c5385, 76d6a15c-8eeb-4764-b555-ce8767d18d57:c5383, c90dcfdf-5973-4b56-a955-1fc4555f10cb:c5381]
2019-09-19 11:27:00,280 [grpc-default-executor-7] INFO  client.GrpcClientProtocolClient (GrpcClientProtocolClient.java:onNext(264)) - client-D9B31DDCE961->18b22b39-7551-46dd-8464-dd74933c4739: receive RaftClientReply:client-D9B31DDCE961->18b22b39-7551-46dd-8464-dd74933c4739@group-597320EF17B3, cid=3605, SUCCESS, logIndex=5385, commits[18b22b39-7551-46dd-8464-dd74933c4739:c5385, 76d6a15c-8eeb-4764-b555-ce8767d18d57:c5383, c90dcfdf-5973-4b56-a955-1fc4555f10cb:c5383]
2019-09-19 11:27:00,283 [grpc-default-executor-7] INFO  client.GrpcClientProtocolClient (GrpcClientProtocolClient.java:onNext(264)) - client-D9B31DDCE961->18b22b39-7551-46dd-8464-dd74933c4739: receive RaftClientReply:client-D9B31DDCE961->18b22b39-7551-46dd-8464-dd74933c4739@group-597320EF17B3, cid=3606, SUCCESS, logIndex=0, commits[18b22b39-7551-46dd-8464-dd74933c4739:c5387, 76d6a15c-8eeb-4764-b555-ce8767d18d57:c5385, c90dcfdf-5973-4b56-a955-1fc4555f10cb:c5385]
2019-09-19 11:27:00,315 [grpc-default-executor-5] INFO  client.GrpcClientProtocolClient (GrpcClientProtocolClient.java:onNext(264)) - client-D9B31DDCE961->18b22b39-7551-46dd-8464-dd74933c4739: receive RaftClientReply:client-D9B31DDCE961->18b22b39-7551-46dd-8464-dd74933c4739@group-597320EF17B3, cid=3607, SUCCESS, logIndex=5388, commits[18b22b39-7551-46dd-8464-dd74933c4739:c5389, 76d6a15c-8eeb-4764-b555-ce8767d18d57:c5387, c90dcfdf-5973-4b56-a955-1fc4555f10cb:c5387]
2019-09-19 11:27:00,315 [grpc-default-executor-5] INFO  client.GrpcClientProtocolClient (GrpcClientProtocolClient.java:onNext(264)) - client-D9B31DDCE961->18b22b39-7551-46dd-8464-dd74933c4739: receive RaftClientReply:client-D9B31DDCE961->18b22b39-7551-46dd-8464-dd74933c4739@group-597320EF17B3, cid=3608, SUCCESS, logIndex=5389, commits[18b22b39-7551-46dd-8464-dd74933c4739:c5389, 76d6a15c-8eeb-4764-b555-ce8767d18d57:c5387, c90dcfdf-5973-4b56-a955-1fc4555f10cb:c5387]
2019-09-19 11:27:00,317 [grpc-default-executor-6] INFO  client.GrpcClientProtocolClient (GrpcClientProtocolClient.java:onNext(264)) - client-D9B31DDCE961->18b22b39-7551-46dd-8464-dd74933c4739: receive RaftClientReply:client-D9B31DDCE961->18b22b39-7551-46dd-8464-dd74933c4739@group-597320EF17B3, cid=3609, SUCCESS, logIndex=5390, commits[18b22b39-7551-46dd-8464-dd74933c4739:c5391, 76d6a15c-8eeb-4764-b555-ce8767d18d57:c5387, c90dcfdf-5973-4b56-a955-1fc4555f10cb:c5387]
2019-09-19 11:27:00,317 [grpc-default-executor-6] INFO  client.GrpcClientProtocolClient (GrpcClientProtocolClient.java:onNext(264)) - client-D9B31DDCE961->18b22b39-7551-46dd-8464-dd74933c4739: receive RaftClientReply:client-D9B31DDCE961->18b22b39-7551-46dd-8464-dd74933c4739@group-597320EF17B3, cid=3610, SUCCESS, logIndex=5391, commits[18b22b39-7551-46dd-8464-dd74933c4739:c5391, 76d6a15c-8eeb-4764-b555-ce8767d18d57:c5387, c90dcfdf-5973-4b56-a955-1fc4555f10cb:c5387]
2019-09-19 11:27:00,328 [grpc-default-executor-6] INFO  client.GrpcClientProtocolClient (GrpcClientProtocolClient.java:onNext(264)) - client-D9B31DDCE961->18b22b39-7551-46dd-8464-dd74933c4739: receive RaftClientReply:client-D9B31DDCE961->18b22b39-7551-46dd-8464-dd74933c4739@group-597320EF17B3, cid=3611, SUCCESS, logIndex=0, commits[18b22b39-7551-46dd-8464-dd74933c4739:c5393, 76d6a15c-8eeb-4764-b555-ce8767d18d57:c5389, c90dcfdf-5973-4b56-a955-1fc4555f10cb:c5389]
2019-09-19 11:27:00,348 [grpc-default-executor-5] INFO  client.GrpcClientProtocolClient (GrpcClientProtocolClient.java:onNext(264)) - client-D9B31DDCE961->18b22b39-7551-46dd-8464-dd74933c4739: receive RaftClientReply:client-D9B31DDCE961->18b22b39-7551-46dd-8464-dd74933c4739@group-597320EF17B3, cid=3612, SUCCESS, logIndex=5395, commits[18b22b39-7551-46dd-8464-dd74933c4739:c5396, 76d6a15c-8eeb-4764-b555-ce8767d18d57:c5394, c90dcfdf-5973-4b56-a955-1fc4555f10cb:c5394]
2019-09-19 11:27:00,349 [grpc-default-executor-5] INFO  client.GrpcClientProtocolClient (GrpcClientProtocolClient.java:onNext(264)) - client-D9B31DDCE961->18b22b39-7551-46dd-8464-dd74933c4739: receive RaftClientReply:client-D9B31DDCE961->18b22b39-7551-46dd-8464-dd74933c4739@group-597320EF17B3, cid=3613, SUCCESS, logIndex=5396, commits[18b22b39-7551-46dd-8464-dd74933c4739:c5396, 76d6a15c-8eeb-4764-b555-ce8767d18d57:c5394, c90dcfdf-5973-4b56-a955-1fc4555f10cb:c5394]
 0.00% |█                                                                                                    |  0/1 Time: 0:01:042019-09-19 11:27:01,051 [grpc-default-executor-5] INFO  client.GrpcClientProtocolClient (GrpcClientProtocolClient.java:onNext(264)) - client-D9B31DDCE961->18b22b39-7551-46dd-8464-dd74933c4739: receive RaftClientReply:client-D9B31DDCE961->18b22b39-7551-46dd-8464-dd74933c4739@group-597320EF17B3, cid=3614, SUCCESS, logIndex=5399, commits[18b22b39-7551-46dd-8464-dd74933c4739:c5400, 76d6a15c-8eeb-4764-b555-ce8767d18d57:c5396, c90dcfdf-5973-4b56-a955-1fc4555f10cb:c5395]
2019-09-19 11:27:01,051 [grpc-default-executor-5] INFO  client.GrpcClientProtocolClient (GrpcClientProtocolClient.java:onNext(264)) - client-D9B31DDCE961->18b22b39-7551-46dd-8464-dd74933c4739: receive RaftClientReply:client-D9B31DDCE961->18b22b39-7551-46dd-8464-dd74933c4739@group-597320EF17B3, cid=3615, SUCCESS, logIndex=5400, commits[18b22b39-7551-46dd-8464-dd74933c4739:c5400, 76d6a15c-8eeb-4764-b555-ce8767d18d57:c5396, c90dcfdf-5973-4b56-a955-1fc4555f10cb:c5395]
 0.00% |█                                                                                                    |  0/1 Time: 0:01:052019-09-19 11:27:02,156 [grpc-default-executor-5] INFO  client.GrpcClientProtocolClient (GrpcClientProtocolClient.java:onNext(264)) - client-D9B31DDCE961->18b22b39-7551-46dd-8464-dd74933c4739: receive RaftClientReply:client-D9B31DDCE961->18b22b39-7551-46dd-8464-dd74933c4739@group-597320EF17B3, cid=3616, SUCCESS, logIndex=0, commits[18b22b39-7551-46dd-8464-dd74933c4739:c5402, 76d6a15c-8eeb-4764-b555-ce8767d18d57:c5400, c90dcfdf-5973-4b56-a955-1fc4555f10cb:c5396]
2019-09-19 11:27:02,166 [grpc-default-executor-5] INFO  client.GrpcClientProtocolClient (GrpcClientProtocolClient.java:onNext(264)) - client-D9B31DDCE961->18b22b39-7551-46dd-8464-dd74933c4739: receive RaftClientReply:client-D9B31DDCE961->18b22b39-7551-46dd-8464-dd74933c4739@group-597320EF17B3, cid=3617, SUCCESS, logIndex=0, commits[18b22b39-7551-46dd-8464-dd74933c4739:c5402, 76d6a15c-8eeb-4764-b555-ce8767d18d57:c5400, c90dcfdf-5973-4b56-a955-1fc4555f10cb:c5400]
2019-09-19 11:27:02,215 [grpc-default-executor-7] INFO  client.GrpcClientProtocolClient (GrpcClientProtocolClient.java:onNext(264)) - client-D9B31DDCE961->18b22b39-7551-46dd-8464-dd74933c4739: receive RaftClientReply:client-D9B31DDCE961->18b22b39-7551-46dd-8464-dd74933c4739@group-597320EF17B3, cid=3618, SUCCESS, logIndex=5403, commits[18b22b39-7551-46dd-8464-dd74933c4739:c5405, 76d6a15c-8eeb-4764-b555-ce8767d18d57:c5400, c90dcfdf-5973-4b56-a955-1fc4555f10cb:c5402]
2019-09-19 11:27:02,216 [grpc-default-executor-7] INFO  client.GrpcClientProtocolClient (GrpcClientProtocolClient.java:onNext(264)) - client-D9B31DDCE961->18b22b39-7551-46dd-8464-dd74933c4739: receive RaftClientReply:client-D9B31DDCE961->18b22b39-7551-46dd-8464-dd74933c4739@group-597320EF17B3, cid=3619, SUCCESS, logIndex=5404, commits[18b22b39-7551-46dd-8464-dd74933c4739:c5406, 76d6a15c-8eeb-4764-b555-ce8767d18d57:c5402, c90dcfdf-5973-4b56-a955-1fc4555f10cb:c5402]
2019-09-19 11:27:02,216 [grpc-default-executor-7] INFO  client.GrpcClientProtocolClient (GrpcClientProtocolClient.java:onNext(264)) - client-D9B31DDCE961->18b22b39-7551-46dd-8464-dd74933c4739: receive RaftClientReply:client-D9B31DDCE961->18b22b39-7551-46dd-8464-dd74933c4739@group-597320EF17B3, cid=3620, SUCCESS, logIndex=5405, commits[18b22b39-7551-46dd-8464-dd74933c4739:c5406, 76d6a15c-8eeb-4764-b555-ce8767d18d57:c5402, c90dcfdf-5973-4b56-a955-1fc4555f10cb:c5402]
2019-09-19 11:27:02,216 [grpc-default-executor-7] INFO  client.GrpcClientProtocolClient (GrpcClientProtocolClient.java:onNext(264)) - client-D9B31DDCE961->18b22b39-7551-46dd-8464-dd74933c4739: receive RaftClientReply:client-D9B31DDCE961->18b22b39-7551-46dd-8464-dd74933c4739@group-597320EF17B3, cid=3621, SUCCESS, logIndex=5406, commits[18b22b39-7551-46dd-8464-dd74933c4739:c5406, 76d6a15c-8eeb-4764-b555-ce8767d18d57:c5402, c90dcfdf-5973-4b56-a955-1fc4555f10cb:c5402]
2019-09-19 11:27:02,231 [grpc-default-executor-7] INFO  client.GrpcClientProtocolClient (GrpcClientProtocolClient.java:onNext(264)) - client-D9B31DDCE961->18b22b39-7551-46dd-8464-dd74933c4739: receive RaftClientReply:client-D9B31DDCE961->18b22b39-7551-46dd-8464-dd74933c4739@group-597320EF17B3, cid=3622, SUCCESS, logIndex=0, commits[18b22b39-7551-46dd-8464-dd74933c4739:c5407, 76d6a15c-8eeb-4764-b555-ce8767d18d57:c5405, c90dcfdf-5973-4b56-a955-1fc4555f10cb:c5405]
2019-09-19 11:27:02,251 [grpc-default-executor-7] INFO  client.GrpcClientProtocolClient (GrpcClientProtocolClient.java:onNext(264)) - client-D9B31DDCE961->18b22b39-7551-46dd-8464-dd74933c4739: receive RaftClientReply:client-D9B31DDCE961->18b22b39-7551-46dd-8464-dd74933c4739@group-597320EF17B3, cid=3623, SUCCESS, logIndex=5410, commits[18b22b39-7551-46dd-8464-dd74933c4739:c5411, 76d6a15c-8eeb-4764-b555-ce8767d18d57:c5409, c90dcfdf-5973-4b56-a955-1fc4555f10cb:c5409]
2019-09-19 11:27:02,252 [grpc-default-executor-7] INFO  client.GrpcClientProtocolClient (GrpcClientProtocolClient.java:onNext(264)) - client-D9B31DDCE961->18b22b39-7551-46dd-8464-dd74933c4739: receive RaftClientReply:client-D9B31DDCE961->18b22b39-7551-46dd-8464-dd74933c4739@group-597320EF17B3, cid=3624, SUCCESS, logIndex=5411, commits[18b22b39-7551-46dd-8464-dd74933c4739:c5411, 76d6a15c-8eeb-4764-b555-ce8767d18d57:c5409, c90dcfdf-5973-4b56-a955-1fc4555f10cb:c5409]
2019-09-19 11:27:02,267 [grpc-default-executor-5] INFO  client.GrpcClientProtocolClient (GrpcClientProtocolClient.java:onNext(264)) - client-D9B31DDCE961->18b22b39-7551-46dd-8464-dd74933c4739: receive RaftClientReply:client-D9B31DDCE961->18b22b39-7551-46dd-8464-dd74933c4739@group-597320EF17B3, cid=3625, SUCCESS, logIndex=5414, commits[18b22b39-7551-46dd-8464-dd74933c4739:c5415, 76d6a15c-8eeb-4764-b555-ce8767d18d57:c5411, c90dcfdf-5973-4b56-a955-1fc4555f10cb:c5411]
2019-09-19 11:27:02,268 [grpc-default-executor-5] INFO  client.GrpcClientProtocolClient (GrpcClientProtocolClient.java:onNext(264)) - client-D9B31DDCE961->18b22b39-7551-46dd-8464-dd74933c4739: receive RaftClientReply:client-D9B31DDCE961->18b22b39-7551-46dd-8464-dd74933c4739@group-597320EF17B3, cid=3626, SUCCESS, logIndex=5415, commits[18b22b39-7551-46dd-8464-dd74933c4739:c5415, 76d6a15c-8eeb-4764-b555-ce8767d18d57:c5411, c90dcfdf-5973-4b56-a955-1fc4555f10cb:c5411]
2019-09-19 11:27:02,273 [grpc-default-executor-5] INFO  client.GrpcClientProtocolClient (GrpcClientProtocolClient.java:onNext(264)) - client-D9B31DDCE961->18b22b39-7551-46dd-8464-dd74933c4739: receive RaftClientReply:client-D9B31DDCE961->18b22b39-7551-46dd-8464-dd74933c4739@group-597320EF17B3, cid=3627, SUCCESS, logIndex=0, commits[18b22b39-7551-46dd-8464-dd74933c4739:c5417, 76d6a15c-8eeb-4764-b555-ce8767d18d57:c5415, c90dcfdf-5973-4b56-a955-1fc4555f10cb:c5415]
2019-09-19 11:27:02,305 [grpc-default-executor-6] INFO  client.GrpcClientProtocolClient (GrpcClientProtocolClient.java:onNext(264)) - client-D9B31DDCE961->18b22b39-7551-46dd-8464-dd74933c4739: receive RaftClientReply:client-D9B31DDCE961->18b22b39-7551-46dd-8464-dd74933c4739@group-597320EF17B3, cid=3628, SUCCESS, logIndex=5418, commits[18b22b39-7551-46dd-8464-dd74933c4739:c5419, 76d6a15c-8eeb-4764-b555-ce8767d18d57:c5415, c90dcfdf-5973-4b56-a955-1fc4555f10cb:c5417]
2019-09-19 11:27:02,305 [grpc-default-executor-6] INFO  client.GrpcClientProtocolClient (GrpcClientProtocolClient.java:onNext(264)) - client-D9B31DDCE961->18b22b39-7551-46dd-8464-dd74933c4739: receive RaftClientReply:client-D9B31DDCE961->18b22b39-7551-46dd-8464-dd74933c4739@group-597320EF17B3, cid=3629, SUCCESS, logIndex=5419, commits[18b22b39-7551-46dd-8464-dd74933c4739:c5419, 76d6a15c-8eeb-4764-b555-ce8767d18d57:c5417, c90dcfdf-5973-4b56-a955-1fc4555f10cb:c5417]
2019-09-19 11:27:02,310 [grpc-default-executor-7] INFO  client.GrpcClientProtocolClient (GrpcClientProtocolClient.java:onNext(264)) - client-D9B31DDCE961->18b22b39-7551-46dd-8464-dd74933c4739: receive RaftClientReply:client-D9B31DDCE961->18b22b39-7551-46dd-8464-dd74933c4739@group-597320EF17B3, cid=3630, SUCCESS, logIndex=5420, commits[18b22b39-7551-46dd-8464-dd74933c4739:c5421, 76d6a15c-8eeb-4764-b555-ce8767d18d57:c5417, c90dcfdf-5973-4b56-a955-1fc4555f10cb:c5417]
2019-09-19 11:27:02,310 [grpc-default-executor-7] INFO  client.GrpcClientProtocolClient (GrpcClientProtocolClient.java:onNext(264)) - client-D9B31DDCE961->18b22b39-7551-46dd-8464-dd74933c4739: receive RaftClientReply:client-D9B31DDCE961->18b22b39-7551-46dd-8464-dd74933c4739@group-597320EF17B3, cid=3631, SUCCESS, logIndex=5421, commits[18b22b39-7551-46dd-8464-dd74933c4739:c5423, 76d6a15c-8eeb-4764-b555-ce8767d18d57:c5419, c90dcfdf-5973-4b56-a955-1fc4555f10cb:c5417]
2019-09-19 11:27:02,311 [grpc-default-executor-7] INFO  client.GrpcClientProtocolClient (GrpcClientProtocolClient.java:onNext(264)) - client-D9B31DDCE961->18b22b39-7551-46dd-8464-dd74933c4739: receive RaftClientReply:client-D9B31DDCE961->18b22b39-7551-46dd-8464-dd74933c4739@group-597320EF17B3, cid=3632, SUCCESS, logIndex=0, commits[18b22b39-7551-46dd-8464-dd74933c4739:c5423, 76d6a15c-8eeb-4764-b555-ce8767d18d57:c5419, c90dcfdf-5973-4b56-a955-1fc4555f10cb:c5419]
2019-09-19 11:27:02,328 [grpc-default-executor-6] INFO  client.GrpcClientProtocolClient (GrpcClientProtocolClient.java:onNext(264)) - client-D9B31DDCE961->18b22b39-7551-46dd-8464-dd74933c4739: receive RaftClientReply:client-D9B31DDCE961->18b22b39-7551-46dd-8464-dd74933c4739@group-597320EF17B3, cid=3633, SUCCESS, logIndex=5426, commits[18b22b39-7551-46dd-8464-dd74933c4739:c5427, 76d6a15c-8eeb-4764-b555-ce8767d18d57:c5425, c90dcfdf-5973-4b56-a955-1fc4555f10cb:c5421]
2019-09-19 11:27:02,328 [grpc-default-executor-6] INFO  client.GrpcClientProtocolClient (GrpcClientProtocolClient.java:onNext(264)) - client-D9B31DDCE961->18b22b39-7551-46dd-8464-dd74933c4739: receive RaftClientReply:client-D9B31DDCE961->18b22b39-7551-46dd-8464-dd74933c4739@group-597320EF17B3, cid=3634, SUCCESS, logIndex=5427, commits[18b22b39-7551-46dd-8464-dd74933c4739:c5427, 76d6a15c-8eeb-4764-b555-ce8767d18d57:c5425, c90dcfdf-5973-4b56-a955-1fc4555f10cb:c5425]
2019-09-19 11:27:02,343 [grpc-default-executor-6] INFO  client.GrpcClientProtocolClient (GrpcClientProtocolClient.java:onNext(264)) - client-D9B31DDCE961->18b22b39-7551-46dd-8464-dd74933c4739: receive RaftClientReply:client-D9B31DDCE961->18b22b39-7551-46dd-8464-dd74933c4739@group-597320EF17B3, cid=3635, SUCCESS, logIndex=5430, commits[18b22b39-7551-46dd-8464-dd74933c4739:c5431, 76d6a15c-8eeb-4764-b555-ce8767d18d57:c5427, c90dcfdf-5973-4b56-a955-1fc4555f10cb:c5429]
2019-09-19 11:27:02,343 [grpc-default-executor-6] INFO  client.GrpcClientProtocolClient (GrpcClientProtocolClient.java:onNext(264)) - client-D9B31DDCE961->18b22b39-7551-46dd-8464-dd74933c4739: receive RaftClientReply:client-D9B31DDCE961->18b22b39-7551-46dd-8464-dd74933c4739@group-597320EF17B3, cid=3636, SUCCESS, logIndex=5431, commits[18b22b39-7551-46dd-8464-dd74933c4739:c5431, 76d6a15c-8eeb-4764-b555-ce8767d18d57:c5427, c90dcfdf-5973-4b56-a955-1fc4555f10cb:c5429]
2019-09-19 11:27:02,348 [grpc-default-executor-6] INFO  client.GrpcClientProtocolClient (GrpcClientProtocolClient.java:onNext(264)) - client-D9B31DDCE961->18b22b39-7551-46dd-8464-dd74933c4739: receive RaftClientReply:client-D9B31DDCE961->18b22b39-7551-46dd-8464-dd74933c4739@group-597320EF17B3, cid=3637, SUCCESS, logIndex=0, commits[18b22b39-7551-46dd-8464-dd74933c4739:c5433, 76d6a15c-8eeb-4764-b555-ce8767d18d57:c5431, c90dcfdf-5973-4b56-a955-1fc4555f10cb:c5431]
2019-09-19 11:27:02,379 [grpc-default-executor-5] INFO  client.GrpcClientProtocolClient (GrpcClientProtocolClient.java:onNext(264)) - client-D9B31DDCE961->18b22b39-7551-46dd-8464-dd74933c4739: receive RaftClientReply:client-D9B31DDCE961->18b22b39-7551-46dd-8464-dd74933c4739@group-597320EF17B3, cid=3638, SUCCESS, logIndex=5434, commits[18b22b39-7551-46dd-8464-dd74933c4739:c5435, 76d6a15c-8eeb-4764-b555-ce8767d18d57:c5433, c90dcfdf-5973-4b56-a955-1fc4555f10cb:c5433]
2019-09-19 11:27:02,380 [grpc-default-executor-5] INFO  client.GrpcClientProtocolClient (GrpcClientProtocolClient.java:onNext(264)) - client-D9B31DDCE961->18b22b39-7551-46dd-8464-dd74933c4739: receive RaftClientReply:client-D9B31DDCE961->18b22b39-7551-46dd-8464-dd74933c4739@group-597320EF17B3, cid=3639, SUCCESS, logIndex=5435, commits[18b22b39-7551-46dd-8464-dd74933c4739:c5435, 76d6a15c-8eeb-4764-b555-ce8767d18d57:c5433, c90dcfdf-5973-4b56-a955-1fc4555f10cb:c5433]
2019-09-19 11:27:02,385 [grpc-default-executor-5] INFO  client.GrpcClientProtocolClient (GrpcClientProtocolClient.java:onNext(264)) - client-D9B31DDCE961->18b22b39-7551-46dd-8464-dd74933c4739: receive RaftClientReply:client-D9B31DDCE961->18b22b39-7551-46dd-8464-dd74933c4739@group-597320EF17B3, cid=3640, SUCCESS, logIndex=5436, commits[18b22b39-7551-46dd-8464-dd74933c4739:c5439, 76d6a15c-8eeb-4764-b555-ce8767d18d57:c5433, c90dcfdf-5973-4b56-a955-1fc4555f10cb:c5435]
2019-09-19 11:27:02,385 [grpc-default-executor-5] INFO  client.GrpcClientProtocolClient (GrpcClientProtocolClient.java:onNext(264)) - client-D9B31DDCE961->18b22b39-7551-46dd-8464-dd74933c4739: receive RaftClientReply:client-D9B31DDCE961->18b22b39-7551-46dd-8464-dd74933c4739@group-597320EF17B3, cid=3641, SUCCESS, logIndex=5437, commits[18b22b39-7551-46dd-8464-dd74933c4739:c5439, 76d6a15c-8eeb-4764-b555-ce8767d18d57:c5433, c90dcfdf-5973-4b56-a955-1fc4555f10cb:c5435]
2019-09-19 11:27:02,386 [grpc-default-executor-5] INFO  client.GrpcClientProtocolClient (GrpcClientProtocolClient.java:onNext(264)) - client-D9B31DDCE961->18b22b39-7551-46dd-8464-dd74933c4739: receive RaftClientReply:client-D9B31DDCE961->18b22b39-7551-46dd-8464-dd74933c4739@group-597320EF17B3, cid=3642, SUCCESS, logIndex=0, commits[18b22b39-7551-46dd-8464-dd74933c4739:c5439, 76d6a15c-8eeb-4764-b555-ce8767d18d57:c5435, c90dcfdf-5973-4b56-a955-1fc4555f10cb:c5435]
2019-09-19 11:27:02,407 [grpc-default-executor-7] INFO  client.GrpcClientProtocolClient (GrpcClientProtocolClient.java:onNext(264)) - client-D9B31DDCE961->18b22b39-7551-46dd-8464-dd74933c4739: receive RaftClientReply:client-D9B31DDCE961->18b22b39-7551-46dd-8464-dd74933c4739@group-597320EF17B3, cid=3643, SUCCESS, logIndex=5442, commits[18b22b39-7551-46dd-8464-dd74933c4739:c5443, 76d6a15c-8eeb-4764-b555-ce8767d18d57:c5441, c90dcfdf-5973-4b56-a955-1fc4555f10cb:c5441]
2019-09-19 11:27:02,408 [grpc-default-executor-7] INFO  client.GrpcClientProtocolClient (GrpcClientProtocolClient.java:onNext(264)) - client-D9B31DDCE961->18b22b39-7551-46dd-8464-dd74933c4739: receive RaftClientReply:client-D9B31DDCE961->18b22b39-7551-46dd-8464-dd74933c4739@group-597320EF17B3, cid=3644, SUCCESS, logIndex=5443, commits[18b22b39-7551-46dd-8464-dd74933c4739:c5443, 76d6a15c-8eeb-4764-b555-ce8767d18d57:c5441, c90dcfdf-5973-4b56-a955-1fc4555f10cb:c5441]
2019-09-19 11:27:02,431 [grpc-default-executor-6] INFO  client.GrpcClientProtocolClient (GrpcClientProtocolClient.java:onNext(264)) - client-D9B31DDCE961->18b22b39-7551-46dd-8464-dd74933c4739: receive RaftClientReply:client-D9B31DDCE961->18b22b39-7551-46dd-8464-dd74933c4739@group-597320EF17B3, cid=3645, SUCCESS, logIndex=5446, commits[18b22b39-7551-46dd-8464-dd74933c4739:c5446, 76d6a15c-8eeb-4764-b555-ce8767d18d57:c5442, c90dcfdf-5973-4b56-a955-1fc4555f10cb:c5443]
2019-09-19 11:27:02,431 [grpc-default-executor-6] INFO  client.GrpcClientProtocolClient (GrpcClientProtocolClient.java:onNext(264)) - client-D9B31DDCE961->18b22b39-7551-46dd-8464-dd74933c4739: receive RaftClientReply:client-D9B31DDCE961->18b22b39-7551-46dd-8464-dd74933c4739@group-597320EF17B3, cid=3646, SUCCESS, logIndex=5447, commits[18b22b39-7551-46dd-8464-dd74933c4739:c5447, 76d6a15c-8eeb-4764-b555-ce8767d18d57:c5443, c90dcfdf-5973-4b56-a955-1fc4555f10cb:c5443]
2019-09-19 11:27:02,476 [grpc-default-executor-6] INFO  client.GrpcClientProtocolClient (GrpcClientProtocolClient.java:onNext(264)) - client-D9B31DDCE961->18b22b39-7551-46dd-8464-dd74933c4739: receive RaftClientReply:client-D9B31DDCE961->18b22b39-7551-46dd-8464-dd74933c4739@group-597320EF17B3, cid=3647, SUCCESS, logIndex=0, commits[18b22b39-7551-46dd-8464-dd74933c4739:c5449, 76d6a15c-8eeb-4764-b555-ce8767d18d57:c5447, c90dcfdf-5973-4b56-a955-1fc4555f10cb:c5447]
2019-09-19 11:27:02,521 [grpc-default-executor-7] INFO  client.GrpcClientProtocolClient (GrpcClientProtocolClient.java:onNext(264)) - client-D9B31DDCE961->18b22b39-7551-46dd-8464-dd74933c4739: receive RaftClientReply:client-D9B31DDCE961->18b22b39-7551-46dd-8464-dd74933c4739@group-597320EF17B3, cid=3648, SUCCESS, logIndex=5450, commits[18b22b39-7551-46dd-8464-dd74933c4739:c5450, 76d6a15c-8eeb-4764-b555-ce8767d18d57:c5449, c90dcfdf-5973-4b56-a955-1fc4555f10cb:c5449]
2019-09-19 11:27:02,522 [grpc-default-executor-7] INFO  client.GrpcClientProtocolClient (GrpcClientProtocolClient.java:onNext(264)) - client-D9B31DDCE961->18b22b39-7551-46dd-8464-dd74933c4739: receive RaftClientReply:client-D9B31DDCE961->18b22b39-7551-46dd-8464-dd74933c4739@group-597320EF17B3, cid=3649, SUCCESS, logIndex=5451, commits[18b22b39-7551-46dd-8464-dd74933c4739:c5451, 76d6a15c-8eeb-4764-b555-ce8767d18d57:c5449, c90dcfdf-5973-4b56-a955-1fc4555f10cb:c5449]
2019-09-19 11:27:02,522 [grpc-default-executor-7] INFO  client.GrpcClientProtocolClient (GrpcClientProtocolClient.java:onNext(264)) - client-D9B31DDCE961->18b22b39-7551-46dd-8464-dd74933c4739: receive RaftClientReply:client-D9B31DDCE961->18b22b39-7551-46dd-8464-dd74933c4739@group-597320EF17B3, cid=3650, SUCCESS, logIndex=5452, commits[18b22b39-7551-46dd-8464-dd74933c4739:c5453, 76d6a15c-8eeb-4764-b555-ce8767d18d57:c5449, c90dcfdf-5973-4b56-a955-1fc4555f10cb:c5449]
2019-09-19 11:27:02,523 [grpc-default-executor-7] INFO  client.GrpcClientProtocolClient (GrpcClientProtocolClient.java:onNext(264)) - client-D9B31DDCE961->18b22b39-7551-46dd-8464-dd74933c4739: receive RaftClientReply:client-D9B31DDCE961->18b22b39-7551-46dd-8464-dd74933c4739@group-597320EF17B3, cid=3651, SUCCESS, logIndex=5453, commits[18b22b39-7551-46dd-8464-dd74933c4739:c5453, 76d6a15c-8eeb-4764-b555-ce8767d18d57:c5449, c90dcfdf-5973-4b56-a955-1fc4555f10cb:c5449]
2019-09-19 11:27:02,535 [grpc-default-executor-5] INFO  client.GrpcClientProtocolClient (GrpcClientProtocolClient.java:onNext(264)) - client-D9B31DDCE961->18b22b39-7551-46dd-8464-dd74933c4739: receive RaftClientReply:client-D9B31DDCE961->18b22b39-7551-46dd-8464-dd74933c4739@group-597320EF17B3, cid=3652, SUCCESS, logIndex=0, commits[18b22b39-7551-46dd-8464-dd74933c4739:c5455, 76d6a15c-8eeb-4764-b555-ce8767d18d57:c5452, c90dcfdf-5973-4b56-a955-1fc4555f10cb:c5451]
2019-09-19 11:27:02,557 [grpc-default-executor-6] INFO  client.GrpcClientProtocolClient (GrpcClientProtocolClient.java:onNext(264)) - client-D9B31DDCE961->18b22b39-7551-46dd-8464-dd74933c4739: receive RaftClientReply:client-D9B31DDCE961->18b22b39-7551-46dd-8464-dd74933c4739@group-597320EF17B3, cid=3653, SUCCESS, logIndex=5458, commits[18b22b39-7551-46dd-8464-dd74933c4739:c5459, 76d6a15c-8eeb-4764-b555-ce8767d18d57:c5457, c90dcfdf-5973-4b56-a955-1fc4555f10cb:c5457]
2019-09-19 11:27:02,557 [grpc-default-executor-6] INFO  client.GrpcClientProtocolClient (GrpcClientProtocolClient.java:onNext(264)) - client-D9B31DDCE961->18b22b39-7551-46dd-8464-dd74933c4739: receive RaftClientReply:client-D9B31DDCE961->18b22b39-7551-46dd-8464-dd74933c4739@group-597320EF17B3, cid=3654, SUCCESS, logIndex=5459, commits[18b22b39-7551-46dd-8464-dd74933c4739:c5459, 76d6a15c-8eeb-4764-b555-ce8767d18d57:c5457, c90dcfdf-5973-4b56-a955-1fc4555f10cb:c5457]
2019-09-19 11:27:02,581 [grpc-default-executor-7] INFO  client.GrpcClientProtocolClient (GrpcClientProtocolClient.java:onNext(264)) - client-D9B31DDCE961->18b22b39-7551-46dd-8464-dd74933c4739: receive RaftClientReply:client-D9B31DDCE961->18b22b39-7551-46dd-8464-dd74933c4739@group-597320EF17B3, cid=3655, SUCCESS, logIndex=5462, commits[18b22b39-7551-46dd-8464-dd74933c4739:c5463, 76d6a15c-8eeb-4764-b555-ce8767d18d57:c5459, c90dcfdf-5973-4b56-a955-1fc4555f10cb:c5459]
2019-09-19 11:27:02,581 [grpc-default-executor-7] INFO  client.GrpcClientProtocolClient (GrpcClientProtocolClient.java:onNext(264)) - client-D9B31DDCE961->18b22b39-7551-46dd-8464-dd74933c4739: receive RaftClientReply:client-D9B31DDCE961->18b22b39-7551-46dd-8464-dd74933c4739@group-597320EF17B3, cid=3656, SUCCESS, logIndex=5463, commits[18b22b39-7551-46dd-8464-dd74933c4739:c5463, 76d6a15c-8eeb-4764-b555-ce8767d18d57:c5459, c90dcfdf-5973-4b56-a955-1fc4555f10cb:c5459]
2019-09-19 11:27:02,584 [grpc-default-executor-7] INFO  client.GrpcClientProtocolClient (GrpcClientProtocolClient.java:onNext(264)) - client-D9B31DDCE961->18b22b39-7551-46dd-8464-dd74933c4739: receive RaftClientReply:client-D9B31DDCE961->18b22b39-7551-46dd-8464-dd74933c4739@group-597320EF17B3, cid=3657, SUCCESS, logIndex=0, commits[18b22b39-7551-46dd-8464-dd74933c4739:c5465, 76d6a15c-8eeb-4764-b555-ce8767d18d57:c5463, c90dcfdf-5973-4b56-a955-1fc4555f10cb:c5463]
2019-09-19 11:27:02,617 [grpc-default-executor-1] INFO  client.GrpcClientProtocolClient (GrpcClientProtocolClient.java:onNext(264)) - client-D9B31DDCE961->18b22b39-7551-46dd-8464-dd74933c4739: receive RaftClientReply:client-D9B31DDCE961->18b22b39-7551-46dd-8464-dd74933c4739@group-597320EF17B3, cid=3658, SUCCESS, logIndex=5466, commits[18b22b39-7551-46dd-8464-dd74933c4739:c5467, 76d6a15c-8eeb-4764-b555-ce8767d18d57:c5463, c90dcfdf-5973-4b56-a955-1fc4555f10cb:c5465]
2019-09-19 11:27:02,617 [grpc-default-executor-1] INFO  client.GrpcClientProtocolClient (GrpcClientProtocolClient.java:onNext(264)) - client-D9B31DDCE961->18b22b39-7551-46dd-8464-dd74933c4739: receive RaftClientReply:client-D9B31DDCE961->18b22b39-7551-46dd-8464-dd74933c4739@group-597320EF17B3, cid=3659, SUCCESS, logIndex=5467, commits[18b22b39-7551-46dd-8464-dd74933c4739:c5467, 76d6a15c-8eeb-4764-b555-ce8767d18d57:c5463, c90dcfdf-5973-4b56-a955-1fc4555f10cb:c5465]
2019-09-19 11:27:02,619 [grpc-default-executor-6] INFO  client.GrpcClientProtocolClient (GrpcClientProtocolClient.java:onNext(264)) - client-D9B31DDCE961->18b22b39-7551-46dd-8464-dd74933c4739: receive RaftClientReply:client-D9B31DDCE961->18b22b39-7551-46dd-8464-dd74933c4739@group-597320EF17B3, cid=3660, SUCCESS, logIndex=5468, commits[18b22b39-7551-46dd-8464-dd74933c4739:c5469, 76d6a15c-8eeb-4764-b555-ce8767d18d57:c5465, c90dcfdf-5973-4b56-a955-1fc4555f10cb:c5465]
2019-09-19 11:27:02,619 [grpc-default-executor-6] INFO  client.GrpcClientProtocolClient (GrpcClientProtocolClient.java:onNext(264)) - client-D9B31DDCE961->18b22b39-7551-46dd-8464-dd74933c4739: receive RaftClientReply:client-D9B31DDCE961->18b22b39-7551-46dd-8464-dd74933c4739@group-597320EF17B3, cid=3661, SUCCESS, logIndex=5469, commits[18b22b39-7551-46dd-8464-dd74933c4739:c5469, 76d6a15c-8eeb-4764-b555-ce8767d18d57:c5465, c90dcfdf-5973-4b56-a955-1fc4555f10cb:c5465]
2019-09-19 11:27:02,620 [grpc-default-executor-1] INFO  client.GrpcClientProtocolClient (GrpcClientProtocolClient.java:onNext(264)) - client-D9B31DDCE961->18b22b39-7551-46dd-8464-dd74933c4739: receive RaftClientReply:client-D9B31DDCE961->18b22b39-7551-46dd-8464-dd74933c4739@group-597320EF17B3, cid=3662, SUCCESS, logIndex=0, commits[18b22b39-7551-46dd-8464-dd74933c4739:c5471, 76d6a15c-8eeb-4764-b555-ce8767d18d57:c5467, c90dcfdf-5973-4b56-a955-1fc4555f10cb:c5467]
2019-09-19 11:27:02,632 [grpc-default-executor-6] INFO  client.GrpcClientProtocolClient (GrpcClientProtocolClient.java:onNext(264)) - client-D9B31DDCE961->18b22b39-7551-46dd-8464-dd74933c4739: receive RaftClientReply:client-D9B31DDCE961->18b22b39-7551-46dd-8464-dd74933c4739@group-597320EF17B3, cid=3663, SUCCESS, logIndex=5474, commits[18b22b39-7551-46dd-8464-dd74933c4739:c5475, 76d6a15c-8eeb-4764-b555-ce8767d18d57:c5469, c90dcfdf-5973-4b56-a955-1fc4555f10cb:c5473]
2019-09-19 11:27:02,633 [grpc-default-executor-6] INFO  client.GrpcClientProtocolClient (GrpcClientProtocolClient.java:onNext(264)) - client-D9B31DDCE961->18b22b39-7551-46dd-8464-dd74933c4739: receive RaftClientReply:client-D9B31DDCE961->18b22b39-7551-46dd-8464-dd74933c4739@group-597320EF17B3, cid=3664, SUCCESS, logIndex=5475, commits[18b22b39-7551-46dd-8464-dd74933c4739:c5475, 76d6a15c-8eeb-4764-b555-ce8767d18d57:c5473, c90dcfdf-5973-4b56-a955-1fc4555f10cb:c5473]
2019-09-19 11:27:02,791 [grpc-default-executor-1] INFO  client.GrpcClientProtocolClient (GrpcClientProtocolClient.java:onNext(264)) - client-D9B31DDCE961->18b22b39-7551-46dd-8464-dd74933c4739: receive RaftClientReply:client-D9B31DDCE961->18b22b39-7551-46dd-8464-dd74933c4739@group-597320EF17B3, cid=3665, SUCCESS, logIndex=5478, commits[18b22b39-7551-46dd-8464-dd74933c4739:c5479, 76d6a15c-8eeb-4764-b555-ce8767d18d57:c5475, c90dcfdf-5973-4b56-a955-1fc4555f10cb:c5476]
2019-09-19 11:27:02,795 [grpc-default-executor-1] INFO  client.GrpcClientProtocolClient (GrpcClientProtocolClient.java:onNext(264)) - client-D9B31DDCE961->18b22b39-7551-46dd-8464-dd74933c4739: receive RaftClientReply:client-D9B31DDCE961->18b22b39-7551-46dd-8464-dd74933c4739@group-597320EF17B3, cid=3666, SUCCESS, logIndex=5479, commits[18b22b39-7551-46dd-8464-dd74933c4739:c5479, 76d6a15c-8eeb-4764-b555-ce8767d18d57:c5475, c90dcfdf-5973-4b56-a955-1fc4555f10cb:c5476]
2019-09-19 11:27:02,803 [grpc-default-executor-1] INFO  client.GrpcClientProtocolClient (GrpcClientProtocolClient.java:onNext(264)) - client-D9B31DDCE961->18b22b39-7551-46dd-8464-dd74933c4739: receive RaftClientReply:client-D9B31DDCE961->18b22b39-7551-46dd-8464-dd74933c4739@group-597320EF17B3, cid=3667, SUCCESS, logIndex=0, commits[18b22b39-7551-46dd-8464-dd74933c4739:c5481, 76d6a15c-8eeb-4764-b555-ce8767d18d57:c5479, c90dcfdf-5973-4b56-a955-1fc4555f10cb:c5479]
2019-09-19 11:27:02,841 [grpc-default-executor-5] INFO  client.GrpcClientProtocolClient (GrpcClientProtocolClient.java:onNext(264)) - client-D9B31DDCE961->18b22b39-7551-46dd-8464-dd74933c4739: receive RaftClientReply:client-D9B31DDCE961->18b22b39-7551-46dd-8464-dd74933c4739@group-597320EF17B3, cid=3668, SUCCESS, logIndex=5482, commits[18b22b39-7551-46dd-8464-dd74933c4739:c5483, 76d6a15c-8eeb-4764-b555-ce8767d18d57:c5481, c90dcfdf-5973-4b56-a955-1fc4555f10cb:c5481]
2019-09-19 11:27:02,841 [grpc-default-executor-5] INFO  client.GrpcClientProtocolClient (GrpcClientProtocolClient.java:onNext(264)) - client-D9B31DDCE961->18b22b39-7551-46dd-8464-dd74933c4739: receive RaftClientReply:client-D9B31DDCE961->18b22b39-7551-46dd-8464-dd74933c4739@group-597320EF17B3, cid=3669, SUCCESS, logIndex=5483, commits[18b22b39-7551-46dd-8464-dd74933c4739:c5483, 76d6a15c-8eeb-4764-b555-ce8767d18d57:c5481, c90dcfdf-5973-4b56-a955-1fc4555f10cb:c5481]
2019-09-19 11:27:02,842 [grpc-default-executor-5] INFO  client.GrpcClientProtocolClient (GrpcClientProtocolClient.java:onNext(264)) - client-D9B31DDCE961->18b22b39-7551-46dd-8464-dd74933c4739: receive RaftClientReply:client-D9B31DDCE961->18b22b39-7551-46dd-8464-dd74933c4739@group-597320EF17B3, cid=3670, SUCCESS, logIndex=5484, commits[18b22b39-7551-46dd-8464-dd74933c4739:c5485, 76d6a15c-8eeb-4764-b555-ce8767d18d57:c5481, c90dcfdf-5973-4b56-a955-1fc4555f10cb:c5481]
2019-09-19 11:27:02,843 [grpc-default-executor-5] INFO  client.GrpcClientProtocolClient (GrpcClientProtocolClient.java:onNext(264)) - client-D9B31DDCE961->18b22b39-7551-46dd-8464-dd74933c4739: receive RaftClientReply:client-D9B31DDCE961->18b22b39-7551-46dd-8464-dd74933c4739@group-597320EF17B3, cid=3671, SUCCESS, logIndex=5485, commits[18b22b39-7551-46dd-8464-dd74933c4739:c5485, 76d6a15c-8eeb-4764-b555-ce8767d18d57:c5481, c90dcfdf-5973-4b56-a955-1fc4555f10cb:c5481]
2019-09-19 11:27:02,854 [grpc-default-executor-5] INFO  client.GrpcClientProtocolClient (GrpcClientProtocolClient.java:onNext(264)) - client-D9B31DDCE961->18b22b39-7551-46dd-8464-dd74933c4739: receive RaftClientReply:client-D9B31DDCE961->18b22b39-7551-46dd-8464-dd74933c4739@group-597320EF17B3, cid=3672, SUCCESS, logIndex=0, commits[18b22b39-7551-46dd-8464-dd74933c4739:c5487, 76d6a15c-8eeb-4764-b555-ce8767d18d57:c5483, c90dcfdf-5973-4b56-a955-1fc4555f10cb:c5483]
2019-09-19 11:27:02,874 [grpc-default-executor-5] INFO  client.GrpcClientProtocolClient (GrpcClientProtocolClient.java:onNext(264)) - client-D9B31DDCE961->18b22b39-7551-46dd-8464-dd74933c4739: receive RaftClientReply:client-D9B31DDCE961->18b22b39-7551-46dd-8464-dd74933c4739@group-597320EF17B3, cid=3673, SUCCESS, logIndex=5490, commits[18b22b39-7551-46dd-8464-dd74933c4739:c5491, 76d6a15c-8eeb-4764-b555-ce8767d18d57:c5489, c90dcfdf-5973-4b56-a955-1fc4555f10cb:c5489]
2019-09-19 11:27:02,874 [grpc-default-executor-5] INFO  client.GrpcClientProtocolClient (GrpcClientProtocolClient.java:onNext(264)) - client-D9B31DDCE961->18b22b39-7551-46dd-8464-dd74933c4739: receive RaftClientReply:client-D9B31DDCE961->18b22b39-7551-46dd-8464-dd74933c4739@group-597320EF17B3, cid=3674, SUCCESS, logIndex=5491, commits[18b22b39-7551-46dd-8464-dd74933c4739:c5491, 76d6a15c-8eeb-4764-b555-ce8767d18d57:c5489, c90dcfdf-5973-4b56-a955-1fc4555f10cb:c5489]
2019-09-19 11:27:02,893 [grpc-default-executor-6] INFO  client.GrpcClientProtocolClient (GrpcClientProtocolClient.java:onNext(264)) - client-D9B31DDCE961->18b22b39-7551-46dd-8464-dd74933c4739: receive RaftClientReply:client-D9B31DDCE961->18b22b39-7551-46dd-8464-dd74933c4739@group-597320EF17B3, cid=3675, SUCCESS, logIndex=5494, commits[18b22b39-7551-46dd-8464-dd74933c4739:c5495, 76d6a15c-8eeb-4764-b555-ce8767d18d57:c5493, c90dcfdf-5973-4b56-a955-1fc4555f10cb:c5493]
2019-09-19 11:27:02,893 [grpc-default-executor-6] INFO  client.GrpcClientProtocolClient (GrpcClientProtocolClient.java:onNext(264)) - client-D9B31DDCE961->18b22b39-7551-46dd-8464-dd74933c4739: receive RaftClientReply:client-D9B31DDCE961->18b22b39-7551-46dd-8464-dd74933c4739@group-597320EF17B3, cid=3676, SUCCESS, logIndex=5495, commits[18b22b39-7551-46dd-8464-dd74933c4739:c5495, 76d6a15c-8eeb-4764-b555-ce8767d18d57:c5493, c90dcfdf-5973-4b56-a955-1fc4555f10cb:c5493]
2019-09-19 11:27:02,905 [grpc-default-executor-5] INFO  client.GrpcClientProtocolClient (GrpcClientProtocolClient.java:onNext(264)) - client-D9B31DDCE961->18b22b39-7551-46dd-8464-dd74933c4739: receive RaftClientReply:client-D9B31DDCE961->18b22b39-7551-46dd-8464-dd74933c4739@group-597320EF17B3, cid=3677, SUCCESS, logIndex=0, commits[18b22b39-7551-46dd-8464-dd74933c4739:c5495, 76d6a15c-8eeb-4764-b555-ce8767d18d57:c5495, c90dcfdf-5973-4b56-a955-1fc4555f10cb:c5495]
2019-09-19 11:27:02,950 [grpc-default-executor-6] INFO  client.GrpcClientProtocolClient (GrpcClientProtocolClient.java:onNext(264)) - client-D9B31DDCE961->18b22b39-7551-46dd-8464-dd74933c4739: receive RaftClientReply:client-D9B31DDCE961->18b22b39-7551-46dd-8464-dd74933c4739@group-597320EF17B3, cid=3678, SUCCESS, logIndex=5498, commits[18b22b39-7551-46dd-8464-dd74933c4739:c5499, 76d6a15c-8eeb-4764-b555-ce8767d18d57:c5497, c90dcfdf-5973-4b56-a955-1fc4555f10cb:c5497]
2019-09-19 11:27:02,951 [grpc-default-executor-5] INFO  client.GrpcClientProtocolClient (GrpcClientProtocolClient.java:onNext(264)) - client-D9B31DDCE961->18b22b39-7551-46dd-8464-dd74933c4739: receive RaftClientReply:client-D9B31DDCE961->18b22b39-7551-46dd-8464-dd74933c4739@group-597320EF17B3, cid=3679, SUCCESS, logIndex=5499, commits[18b22b39-7551-46dd-8464-dd74933c4739:c5499, 76d6a15c-8eeb-4764-b555-ce8767d18d57:c5497, c90dcfdf-5973-4b56-a955-1fc4555f10cb:c5497]
2019-09-19 11:27:02,962 [grpc-default-executor-6] INFO  client.GrpcClientProtocolClient (GrpcClientProtocolClient.java:onNext(264)) - client-D9B31DDCE961->18b22b39-7551-46dd-8464-dd74933c4739: receive RaftClientReply:client-D9B31DDCE961->18b22b39-7551-46dd-8464-dd74933c4739@group-597320EF17B3, cid=3680, SUCCESS, logIndex=5500, commits[18b22b39-7551-46dd-8464-dd74933c4739:c5503, 76d6a15c-8eeb-4764-b555-ce8767d18d57:c5499, c90dcfdf-5973-4b56-a955-1fc4555f10cb:c5499]
2019-09-19 11:27:02,963 [grpc-default-executor-6] INFO  client.GrpcClientProtocolClient (GrpcClientProtocolClient.java:onNext(264)) - client-D9B31DDCE961->18b22b39-7551-46dd-8464-dd74933c4739: receive RaftClientReply:client-D9B31DDCE961->18b22b39-7551-46dd-8464-dd74933c4739@group-597320EF17B3, cid=3681, SUCCESS, logIndex=5501, commits[18b22b39-7551-46dd-8464-dd74933c4739:c5503, 76d6a15c-8eeb-4764-b555-ce8767d18d57:c5499, c90dcfdf-5973-4b56-a955-1fc4555f10cb:c5499]
2019-09-19 11:27:02,993 [grpc-default-executor-1] INFO  client.GrpcClientProtocolClient (GrpcClientProtocolClient.java:onNext(264)) - client-D9B31DDCE961->18b22b39-7551-46dd-8464-dd74933c4739: receive RaftClientReply:client-D9B31DDCE961->18b22b39-7551-46dd-8464-dd74933c4739@group-597320EF17B3, cid=3682, SUCCESS, logIndex=5505, commits[18b22b39-7551-46dd-8464-dd74933c4739:c5506, 76d6a15c-8eeb-4764-b555-ce8767d18d57:c5503, c90dcfdf-5973-4b56-a955-1fc4555f10cb:c5503]
2019-09-19 11:27:02,994 [grpc-default-executor-1] INFO  client.GrpcClientProtocolClient (GrpcClientProtocolClient.java:onNext(264)) - client-D9B31DDCE961->18b22b39-7551-46dd-8464-dd74933c4739: receive RaftClientReply:client-D9B31DDCE961->18b22b39-7551-46dd-8464-dd74933c4739@group-597320EF17B3, cid=3683, SUCCESS, logIndex=5506, commits[18b22b39-7551-46dd-8464-dd74933c4739:c5506, 76d6a15c-8eeb-4764-b555-ce8767d18d57:c5503, c90dcfdf-5973-4b56-a955-1fc4555f10cb:c5503]
 0.00% |█                                                                                                    |  0/1 Time: 0:01:062019-09-19 11:27:03,338 [grpc-default-executor-6] INFO  client.GrpcClientProtocolClient (GrpcClientProtocolClient.java:onNext(264)) - client-D9B31DDCE961->18b22b39-7551-46dd-8464-dd74933c4739: receive RaftClientReply:client-D9B31DDCE961->18b22b39-7551-46dd-8464-dd74933c4739@group-597320EF17B3, cid=3684, SUCCESS, logIndex=5509, commits[18b22b39-7551-46dd-8464-dd74933c4739:c5510, 76d6a15c-8eeb-4764-b555-ce8767d18d57:c5506, c90dcfdf-5973-4b56-a955-1fc4555f10cb:c5506]
2019-09-19 11:27:03,339 [grpc-default-executor-6] INFO  client.GrpcClientProtocolClient (GrpcClientProtocolClient.java:onNext(264)) - client-D9B31DDCE961->18b22b39-7551-46dd-8464-dd74933c4739: receive RaftClientReply:client-D9B31DDCE961->18b22b39-7551-46dd-8464-dd74933c4739@group-597320EF17B3, cid=3685, SUCCESS, logIndex=5510, commits[18b22b39-7551-46dd-8464-dd74933c4739:c5510, 76d6a15c-8eeb-4764-b555-ce8767d18d57:c5506, c90dcfdf-5973-4b56-a955-1fc4555f10cb:c5506]
2019-09-19 11:27:03,353 [grpc-default-executor-6] INFO  client.GrpcClientProtocolClient (GrpcClientProtocolClient.java:onNext(264)) - client-D9B31DDCE961->18b22b39-7551-46dd-8464-dd74933c4739: receive RaftClientReply:client-D9B31DDCE961->18b22b39-7551-46dd-8464-dd74933c4739@group-597320EF17B3, cid=3686, SUCCESS, logIndex=0, commits[18b22b39-7551-46dd-8464-dd74933c4739:c5512, 76d6a15c-8eeb-4764-b555-ce8767d18d57:c5510, c90dcfdf-5973-4b56-a955-1fc4555f10cb:c5510]
2019-09-19 11:27:03,385 [grpc-default-executor-5] INFO  client.GrpcClientProtocolClient (GrpcClientProtocolClient.java:onNext(264)) - client-D9B31DDCE961->18b22b39-7551-46dd-8464-dd74933c4739: receive RaftClientReply:client-D9B31DDCE961->18b22b39-7551-46dd-8464-dd74933c4739@group-597320EF17B3, cid=3687, SUCCESS, logIndex=5513, commits[18b22b39-7551-46dd-8464-dd74933c4739:c5513, 76d6a15c-8eeb-4764-b555-ce8767d18d57:c5510, c90dcfdf-5973-4b56-a955-1fc4555f10cb:c5512]
2019-09-19 11:27:03,386 [grpc-default-executor-5] INFO  client.GrpcClientProtocolClient (GrpcClientProtocolClient.java:onNext(264)) - client-D9B31DDCE961->18b22b39-7551-46dd-8464-dd74933c4739: receive RaftClientReply:client-D9B31DDCE961->18b22b39-7551-46dd-8464-dd74933c4739@group-597320EF17B3, cid=3688, SUCCESS, logIndex=5514, commits[18b22b39-7551-46dd-8464-dd74933c4739:c5515, 76d6a15c-8eeb-4764-b555-ce8767d18d57:c5512, c90dcfdf-5973-4b56-a955-1fc4555f10cb:c5512]
2019-09-19 11:27:03,386 [grpc-default-executor-5] INFO  client.GrpcClientProtocolClient (GrpcClientProtocolClient.java:onNext(264)) - client-D9B31DDCE961->18b22b39-7551-46dd-8464-dd74933c4739: receive RaftClientReply:client-D9B31DDCE961->18b22b39-7551-46dd-8464-dd74933c4739@group-597320EF17B3, cid=3689, SUCCESS, logIndex=5515, commits[18b22b39-7551-46dd-8464-dd74933c4739:c5516, 76d6a15c-8eeb-4764-b555-ce8767d18d57:c5512, c90dcfdf-5973-4b56-a955-1fc4555f10cb:c5512]
2019-09-19 11:27:03,386 [grpc-default-executor-5] INFO  client.GrpcClientProtocolClient (GrpcClientProtocolClient.java:onNext(264)) - client-D9B31DDCE961->18b22b39-7551-46dd-8464-dd74933c4739: receive RaftClientReply:client-D9B31DDCE961->18b22b39-7551-46dd-8464-dd74933c4739@group-597320EF17B3, cid=3690, SUCCESS, logIndex=5516, commits[18b22b39-7551-46dd-8464-dd74933c4739:c5516, 76d6a15c-8eeb-4764-b555-ce8767d18d57:c5512, c90dcfdf-5973-4b56-a955-1fc4555f10cb:c5512]
2019-09-19 11:27:03,403 [grpc-default-executor-5] INFO  client.GrpcClientProtocolClient (GrpcClientProtocolClient.java:onNext(264)) - client-D9B31DDCE961->18b22b39-7551-46dd-8464-dd74933c4739: receive RaftClientReply:client-D9B31DDCE961->18b22b39-7551-46dd-8464-dd74933c4739@group-597320EF17B3, cid=3691, SUCCESS, logIndex=0, commits[18b22b39-7551-46dd-8464-dd74933c4739:c5520, 76d6a15c-8eeb-4764-b555-ce8767d18d57:c5516, c90dcfdf-5973-4b56-a955-1fc4555f10cb:c5514]
2019-09-19 11:27:03,427 [grpc-default-executor-7] INFO  client.GrpcClientProtocolClient (GrpcClientProtocolClient.java:onNext(264)) - client-D9B31DDCE961->18b22b39-7551-46dd-8464-dd74933c4739: receive RaftClientReply:client-D9B31DDCE961->18b22b39-7551-46dd-8464-dd74933c4739@group-597320EF17B3, cid=3692, SUCCESS, logIndex=5521, commits[18b22b39-7551-46dd-8464-dd74933c4739:c5522, 76d6a15c-8eeb-4764-b555-ce8767d18d57:c5520, c90dcfdf-5973-4b56-a955-1fc4555f10cb:c5520]
2019-09-19 11:27:03,427 [grpc-default-executor-7] INFO  client.GrpcClientProtocolClient (GrpcClientProtocolClient.java:onNext(264)) - client-D9B31DDCE961->18b22b39-7551-46dd-8464-dd74933c4739: receive RaftClientReply:client-D9B31DDCE961->18b22b39-7551-46dd-8464-dd74933c4739@group-597320EF17B3, cid=3693, SUCCESS, logIndex=5522, commits[18b22b39-7551-46dd-8464-dd74933c4739:c5522, 76d6a15c-8eeb-4764-b555-ce8767d18d57:c5520, c90dcfdf-5973-4b56-a955-1fc4555f10cb:c5520]
2019-09-19 11:27:03,450 [grpc-default-executor-6] INFO  client.GrpcClientProtocolClient (GrpcClientProtocolClient.java:onNext(264)) - client-D9B31DDCE961->18b22b39-7551-46dd-8464-dd74933c4739: receive RaftClientReply:client-D9B31DDCE961->18b22b39-7551-46dd-8464-dd74933c4739@group-597320EF17B3, cid=3694, SUCCESS, logIndex=5525, commits[18b22b39-7551-46dd-8464-dd74933c4739:c5526, 76d6a15c-8eeb-4764-b555-ce8767d18d57:c5522, c90dcfdf-5973-4b56-a955-1fc4555f10cb:c5522]
2019-09-19 11:27:03,450 [grpc-default-executor-6] INFO  client.GrpcClientProtocolClient (GrpcClientProtocolClient.java:onNext(264)) - client-D9B31DDCE961->18b22b39-7551-46dd-8464-dd74933c4739: receive RaftClientReply:client-D9B31DDCE961->18b22b39-7551-46dd-8464-dd74933c4739@group-597320EF17B3, cid=3695, SUCCESS, logIndex=5526, commits[18b22b39-7551-46dd-8464-dd74933c4739:c5526, 76d6a15c-8eeb-4764-b555-ce8767d18d57:c5522, c90dcfdf-5973-4b56-a955-1fc4555f10cb:c5522]
2019-09-19 11:27:03,462 [grpc-default-executor-6] INFO  client.GrpcClientProtocolClient (GrpcClientProtocolClient.java:onNext(264)) - client-D9B31DDCE961->18b22b39-7551-46dd-8464-dd74933c4739: receive RaftClientReply:client-D9B31DDCE961->18b22b39-7551-46dd-8464-dd74933c4739@group-597320EF17B3, cid=3696, SUCCESS, logIndex=0, commits[18b22b39-7551-46dd-8464-dd74933c4739:c5527, 76d6a15c-8eeb-4764-b555-ce8767d18d57:c5526, c90dcfdf-5973-4b56-a955-1fc4555f10cb:c5526]
2019-09-19 11:27:03,491 [grpc-default-executor-6] INFO  client.GrpcClientProtocolClient (GrpcClientProtocolClient.java:onNext(264)) - client-D9B31DDCE961->18b22b39-7551-46dd-8464-dd74933c4739: receive RaftClientReply:client-D9B31DDCE961->18b22b39-7551-46dd-8464-dd74933c4739@group-597320EF17B3, cid=3697, SUCCESS, logIndex=5529, commits[18b22b39-7551-46dd-8464-dd74933c4739:c5530, 76d6a15c-8eeb-4764-b555-ce8767d18d57:c5528, c90dcfdf-5973-4b56-a955-1fc4555f10cb:c5528]
2019-09-19 11:27:03,491 [grpc-default-executor-7] INFO  client.GrpcClientProtocolClient (GrpcClientProtocolClient.java:onNext(264)) - client-D9B31DDCE961->18b22b39-7551-46dd-8464-dd74933c4739: receive RaftClientReply:client-D9B31DDCE961->18b22b39-7551-46dd-8464-dd74933c4739@group-597320EF17B3, cid=3698, SUCCESS, logIndex=5530, commits[18b22b39-7551-46dd-8464-dd74933c4739:c5530, 76d6a15c-8eeb-4764-b555-ce8767d18d57:c5528, c90dcfdf-5973-4b56-a955-1fc4555f10cb:c5528]
2019-09-19 11:27:03,492 [grpc-default-executor-7] INFO  client.GrpcClientProtocolClient (GrpcClientProtocolClient.java:onNext(264)) - client-D9B31DDCE961->18b22b39-7551-46dd-8464-dd74933c4739: receive RaftClientReply:client-D9B31DDCE961->18b22b39-7551-46dd-8464-dd74933c4739@group-597320EF17B3, cid=3699, SUCCESS, logIndex=5531, commits[18b22b39-7551-46dd-8464-dd74933c4739:c5531, 76d6a15c-8eeb-4764-b555-ce8767d18d57:c5528, c90dcfdf-5973-4b56-a955-1fc4555f10cb:c5528]
2019-09-19 11:27:03,492 [grpc-default-executor-7] INFO  client.GrpcClientProtocolClient (GrpcClientProtocolClient.java:onNext(264)) - client-D9B31DDCE961->18b22b39-7551-46dd-8464-dd74933c4739: receive RaftClientReply:client-D9B31DDCE961->18b22b39-7551-46dd-8464-dd74933c4739@group-597320EF17B3, cid=3700, SUCCESS, logIndex=5532, commits[18b22b39-7551-46dd-8464-dd74933c4739:c5532, 76d6a15c-8eeb-4764-b555-ce8767d18d57:c5528, c90dcfdf-5973-4b56-a955-1fc4555f10cb:c5528]
2019-09-19 11:27:03,496 [grpc-default-executor-5] INFO  client.GrpcClientProtocolClient (GrpcClientProtocolClient.java:onNext(264)) - client-D9B31DDCE961->18b22b39-7551-46dd-8464-dd74933c4739: receive RaftClientReply:client-D9B31DDCE961->18b22b39-7551-46dd-8464-dd74933c4739@group-597320EF17B3, cid=3701, SUCCESS, logIndex=0, commits[18b22b39-7551-46dd-8464-dd74933c4739:c5534, 76d6a15c-8eeb-4764-b555-ce8767d18d57:c5530, c90dcfdf-5973-4b56-a955-1fc4555f10cb:c5530]
2019-09-19 11:27:03,532 [grpc-default-executor-7] INFO  client.GrpcClientProtocolClient (GrpcClientProtocolClient.java:onNext(264)) - client-D9B31DDCE961->18b22b39-7551-46dd-8464-dd74933c4739: receive RaftClientReply:client-D9B31DDCE961->18b22b39-7551-46dd-8464-dd74933c4739@group-597320EF17B3, cid=3702, SUCCESS, logIndex=5537, commits[18b22b39-7551-46dd-8464-dd74933c4739:c5538, 76d6a15c-8eeb-4764-b555-ce8767d18d57:c5536, c90dcfdf-5973-4b56-a955-1fc4555f10cb:c5536]
2019-09-19 11:27:03,532 [grpc-default-executor-7] INFO  client.GrpcClientProtocolClient (GrpcClientProtocolClient.java:onNext(264)) - client-D9B31DDCE961->18b22b39-7551-46dd-8464-dd74933c4739: receive RaftClientReply:client-D9B31DDCE961->18b22b39-7551-46dd-8464-dd74933c4739@group-597320EF17B3, cid=3703, SUCCESS, logIndex=5538, commits[18b22b39-7551-46dd-8464-dd74933c4739:c5538, 76d6a15c-8eeb-4764-b555-ce8767d18d57:c5536, c90dcfdf-5973-4b56-a955-1fc4555f10cb:c5536]
2019-09-19 11:27:03,549 [grpc-default-executor-5] INFO  client.GrpcClientProtocolClient (GrpcClientProtocolClient.java:onNext(264)) - client-D9B31DDCE961->18b22b39-7551-46dd-8464-dd74933c4739: receive RaftClientReply:client-D9B31DDCE961->18b22b39-7551-46dd-8464-dd74933c4739@group-597320EF17B3, cid=3704, SUCCESS, logIndex=5541, commits[18b22b39-7551-46dd-8464-dd74933c4739:c5541, 76d6a15c-8eeb-4764-b555-ce8767d18d57:c5539, c90dcfdf-5973-4b56-a955-1fc4555f10cb:c5539]
2019-09-19 11:27:03,549 [grpc-default-executor-5] INFO  client.GrpcClientProtocolClient (GrpcClientProtocolClient.java:onNext(264)) - client-D9B31DDCE961->18b22b39-7551-46dd-8464-dd74933c4739: receive RaftClientReply:client-D9B31DDCE961->18b22b39-7551-46dd-8464-dd74933c4739@group-597320EF17B3, cid=3705, SUCCESS, logIndex=5542, commits[18b22b39-7551-46dd-8464-dd74933c4739:c5542, 76d6a15c-8eeb-4764-b555-ce8767d18d57:c5539, c90dcfdf-5973-4b56-a955-1fc4555f10cb:c5539]
2019-09-19 11:27:03,563 [grpc-default-executor-6] INFO  client.GrpcClientProtocolClient (GrpcClientProtocolClient.java:onNext(264)) - client-D9B31DDCE961->18b22b39-7551-46dd-8464-dd74933c4739: receive RaftClientReply:client-D9B31DDCE961->18b22b39-7551-46dd-8464-dd74933c4739@group-597320EF17B3, cid=3706, SUCCESS, logIndex=0, commits[18b22b39-7551-46dd-8464-dd74933c4739:c5543, 76d6a15c-8eeb-4764-b555-ce8767d18d57:c5542, c90dcfdf-5973-4b56-a955-1fc4555f10cb:c5542]
2019-09-19 11:27:03,585 [grpc-default-executor-5] INFO  client.GrpcClientProtocolClient (GrpcClientProtocolClient.java:onNext(264)) - client-D9B31DDCE961->18b22b39-7551-46dd-8464-dd74933c4739: receive RaftClientReply:client-D9B31DDCE961->18b22b39-7551-46dd-8464-dd74933c4739@group-597320EF17B3, cid=3707, SUCCESS, logIndex=5545, commits[18b22b39-7551-46dd-8464-dd74933c4739:c5546, 76d6a15c-8eeb-4764-b555-ce8767d18d57:c5544, c90dcfdf-5973-4b56-a955-1fc4555f10cb:c5544]
2019-09-19 11:27:03,585 [grpc-default-executor-5] INFO  client.GrpcClientProtocolClient (GrpcClientProtocolClient.java:onNext(264)) - client-D9B31DDCE961->18b22b39-7551-46dd-8464-dd74933c4739: receive RaftClientReply:client-D9B31DDCE961->18b22b39-7551-46dd-8464-dd74933c4739@group-597320EF17B3, cid=3708, SUCCESS, logIndex=5546, commits[18b22b39-7551-46dd-8464-dd74933c4739:c5546, 76d6a15c-8eeb-4764-b555-ce8767d18d57:c5544, c90dcfdf-5973-4b56-a955-1fc4555f10cb:c5544]
2019-09-19 11:27:03,596 [grpc-default-executor-5] INFO  client.GrpcClientProtocolClient (GrpcClientProtocolClient.java:onNext(264)) - client-D9B31DDCE961->18b22b39-7551-46dd-8464-dd74933c4739: receive RaftClientReply:client-D9B31DDCE961->18b22b39-7551-46dd-8464-dd74933c4739@group-597320EF17B3, cid=3709, SUCCESS, logIndex=5547, commits[18b22b39-7551-46dd-8464-dd74933c4739:c5548, 76d6a15c-8eeb-4764-b555-ce8767d18d57:c5544, c90dcfdf-5973-4b56-a955-1fc4555f10cb:c5544]
2019-09-19 11:27:03,597 [grpc-default-executor-5] INFO  client.GrpcClientProtocolClient (GrpcClientProtocolClient.java:onNext(264)) - client-D9B31DDCE961->18b22b39-7551-46dd-8464-dd74933c4739: receive RaftClientReply:client-D9B31DDCE961->18b22b39-7551-46dd-8464-dd74933c4739@group-597320EF17B3, cid=3710, SUCCESS, logIndex=5548, commits[18b22b39-7551-46dd-8464-dd74933c4739:c5549, 76d6a15c-8eeb-4764-b555-ce8767d18d57:c5544, c90dcfdf-5973-4b56-a955-1fc4555f10cb:c5545]
2019-09-19 11:27:03,599 [grpc-default-executor-5] INFO  client.GrpcClientProtocolClient (GrpcClientProtocolClient.java:onNext(264)) - client-D9B31DDCE961->18b22b39-7551-46dd-8464-dd74933c4739: receive RaftClientReply:client-D9B31DDCE961->18b22b39-7551-46dd-8464-dd74933c4739@group-597320EF17B3, cid=3711, SUCCESS, logIndex=0, commits[18b22b39-7551-46dd-8464-dd74933c4739:c5550, 76d6a15c-8eeb-4764-b555-ce8767d18d57:c5546, c90dcfdf-5973-4b56-a955-1fc4555f10cb:c5546]
2019-09-19 11:27:03,611 [grpc-default-executor-7] INFO  client.GrpcClientProtocolClient (GrpcClientProtocolClient.java:onNext(264)) - client-D9B31DDCE961->18b22b39-7551-46dd-8464-dd74933c4739: receive RaftClientReply:client-D9B31DDCE961->18b22b39-7551-46dd-8464-dd74933c4739@group-597320EF17B3, cid=3712, SUCCESS, logIndex=5553, commits[18b22b39-7551-46dd-8464-dd74933c4739:c5554, 76d6a15c-8eeb-4764-b555-ce8767d18d57:c5548, c90dcfdf-5973-4b56-a955-1fc4555f10cb:c5552]
2019-09-19 11:27:03,611 [grpc-default-executor-7] INFO  client.GrpcClientProtocolClient (GrpcClientProtocolClient.java:onNext(264)) - client-D9B31DDCE961->18b22b39-7551-46dd-8464-dd74933c4739: receive RaftClientReply:client-D9B31DDCE961->18b22b39-7551-46dd-8464-dd74933c4739@group-597320EF17B3, cid=3713, SUCCESS, logIndex=5554, commits[18b22b39-7551-46dd-8464-dd74933c4739:c5554, 76d6a15c-8eeb-4764-b555-ce8767d18d57:c5552, c90dcfdf-5973-4b56-a955-1fc4555f10cb:c5552]
2019-09-19 11:27:03,629 [grpc-default-executor-5] INFO  client.GrpcClientProtocolClient (GrpcClientProtocolClient.java:onNext(264)) - client-D9B31DDCE961->18b22b39-7551-46dd-8464-dd74933c4739: receive RaftClientReply:client-D9B31DDCE961->18b22b39-7551-46dd-8464-dd74933c4739@group-597320EF17B3, cid=3714, SUCCESS, logIndex=5557, commits[18b22b39-7551-46dd-8464-dd74933c4739:c5558, 76d6a15c-8eeb-4764-b555-ce8767d18d57:c5556, c90dcfdf-5973-4b56-a955-1fc4555f10cb:c5556]
2019-09-19 11:27:03,629 [grpc-default-executor-5] INFO  client.GrpcClientProtocolClient (GrpcClientProtocolClient.java:onNext(264)) - client-D9B31DDCE961->18b22b39-7551-46dd-8464-dd74933c4739: receive RaftClientReply:client-D9B31DDCE961->18b22b39-7551-46dd-8464-dd74933c4739@group-597320EF17B3, cid=3715, SUCCESS, logIndex=5558, commits[18b22b39-7551-46dd-8464-dd74933c4739:c5558, 76d6a15c-8eeb-4764-b555-ce8767d18d57:c5556, c90dcfdf-5973-4b56-a955-1fc4555f10cb:c5556]
2019-09-19 11:27:03,643 [grpc-default-executor-7] INFO  client.GrpcClientProtocolClient (GrpcClientProtocolClient.java:onNext(264)) - client-D9B31DDCE961->18b22b39-7551-46dd-8464-dd74933c4739: receive RaftClientReply:client-D9B31DDCE961->18b22b39-7551-46dd-8464-dd74933c4739@group-597320EF17B3, cid=3716, SUCCESS, logIndex=0, commits[18b22b39-7551-46dd-8464-dd74933c4739:c5560, 76d6a15c-8eeb-4764-b555-ce8767d18d57:c5558, c90dcfdf-5973-4b56-a955-1fc4555f10cb:c5558]
2019-09-19 11:27:03,670 [grpc-default-executor-7] INFO  client.GrpcClientProtocolClient (GrpcClientProtocolClient.java:onNext(264)) - client-D9B31DDCE961->18b22b39-7551-46dd-8464-dd74933c4739: receive RaftClientReply:client-D9B31DDCE961->18b22b39-7551-46dd-8464-dd74933c4739@group-597320EF17B3, cid=3717, SUCCESS, logIndex=5561, commits[18b22b39-7551-46dd-8464-dd74933c4739:c5561, 76d6a15c-8eeb-4764-b555-ce8767d18d57:c5560, c90dcfdf-5973-4b56-a955-1fc4555f10cb:c5560]
2019-09-19 11:27:03,671 [grpc-default-executor-5] INFO  client.GrpcClientProtocolClient (GrpcClientProtocolClient.java:onNext(264)) - client-D9B31DDCE961->18b22b39-7551-46dd-8464-dd74933c4739: receive RaftClientReply:client-D9B31DDCE961->18b22b39-7551-46dd-8464-dd74933c4739@group-597320EF17B3, cid=3718, SUCCESS, logIndex=5562, commits[18b22b39-7551-46dd-8464-dd74933c4739:c5562, 76d6a15c-8eeb-4764-b555-ce8767d18d57:c5560, c90dcfdf-5973-4b56-a955-1fc4555f10cb:c5560]
2019-09-19 11:27:03,671 [grpc-default-executor-5] INFO  client.GrpcClientProtocolClient (GrpcClientProtocolClient.java:onNext(264)) - client-D9B31DDCE961->18b22b39-7551-46dd-8464-dd74933c4739: receive RaftClientReply:client-D9B31DDCE961->18b22b39-7551-46dd-8464-dd74933c4739@group-597320EF17B3, cid=3719, SUCCESS, logIndex=5563, commits[18b22b39-7551-46dd-8464-dd74933c4739:c5564, 76d6a15c-8eeb-4764-b555-ce8767d18d57:c5560, c90dcfdf-5973-4b56-a955-1fc4555f10cb:c5560]
2019-09-19 11:27:03,671 [grpc-default-executor-5] INFO  client.GrpcClientProtocolClient (GrpcClientProtocolClient.java:onNext(264)) - client-D9B31DDCE961->18b22b39-7551-46dd-8464-dd74933c4739: receive RaftClientReply:client-D9B31DDCE961->18b22b39-7551-46dd-8464-dd74933c4739@group-597320EF17B3, cid=3720, SUCCESS, logIndex=5564, commits[18b22b39-7551-46dd-8464-dd74933c4739:c5564, 76d6a15c-8eeb-4764-b555-ce8767d18d57:c5560, c90dcfdf-5973-4b56-a955-1fc4555f10cb:c5560]
2019-09-19 11:27:03,676 [grpc-default-executor-5] INFO  client.GrpcClientProtocolClient (GrpcClientProtocolClient.java:onNext(264)) - client-D9B31DDCE961->18b22b39-7551-46dd-8464-dd74933c4739: receive RaftClientReply:client-D9B31DDCE961->18b22b39-7551-46dd-8464-dd74933c4739@group-597320EF17B3, cid=3721, SUCCESS, logIndex=0, commits[18b22b39-7551-46dd-8464-dd74933c4739:c5566, 76d6a15c-8eeb-4764-b555-ce8767d18d57:c5562, c90dcfdf-5973-4b56-a955-1fc4555f10cb:c5562]
2019-09-19 11:27:03,688 [grpc-default-executor-7] INFO  client.GrpcClientProtocolClient (GrpcClientProtocolClient.java:onNext(264)) - client-D9B31DDCE961->18b22b39-7551-46dd-8464-dd74933c4739: receive RaftClientReply:client-D9B31DDCE961->18b22b39-7551-46dd-8464-dd74933c4739@group-597320EF17B3, cid=3722, SUCCESS, logIndex=5569, commits[18b22b39-7551-46dd-8464-dd74933c4739:c5570, 76d6a15c-8eeb-4764-b555-ce8767d18d57:c5564, c90dcfdf-5973-4b56-a955-1fc4555f10cb:c5568]
2019-09-19 11:27:03,688 [grpc-default-executor-7] INFO  client.GrpcClientProtocolClient (GrpcClientProtocolClient.java:onNext(264)) - client-D9B31DDCE961->18b22b39-7551-46dd-8464-dd74933c4739: receive RaftClientReply:client-D9B31DDCE961->18b22b39-7551-46dd-8464-dd74933c4739@group-597320EF17B3, cid=3723, SUCCESS, logIndex=5570, commits[18b22b39-7551-46dd-8464-dd74933c4739:c5570, 76d6a15c-8eeb-4764-b555-ce8767d18d57:c5568, c90dcfdf-5973-4b56-a955-1fc4555f10cb:c5568]
2019-09-19 11:27:03,703 [grpc-default-executor-5] INFO  client.GrpcClientProtocolClient (GrpcClientProtocolClient.java:onNext(264)) - client-D9B31DDCE961->18b22b39-7551-46dd-8464-dd74933c4739: receive RaftClientReply:client-D9B31DDCE961->18b22b39-7551-46dd-8464-dd74933c4739@group-597320EF17B3, cid=3724, SUCCESS, logIndex=5573, commits[18b22b39-7551-46dd-8464-dd74933c4739:c5574, 76d6a15c-8eeb-4764-b555-ce8767d18d57:c5570, c90dcfdf-5973-4b56-a955-1fc4555f10cb:c5570]
2019-09-19 11:27:03,703 [grpc-default-executor-5] INFO  client.GrpcClientProtocolClient (GrpcClientProtocolClient.java:onNext(264)) - client-D9B31DDCE961->18b22b39-7551-46dd-8464-dd74933c4739: receive RaftClientReply:client-D9B31DDCE961->18b22b39-7551-46dd-8464-dd74933c4739@group-597320EF17B3, cid=3725, SUCCESS, logIndex=5574, commits[18b22b39-7551-46dd-8464-dd74933c4739:c5574, 76d6a15c-8eeb-4764-b555-ce8767d18d57:c5570, c90dcfdf-5973-4b56-a955-1fc4555f10cb:c5570]
2019-09-19 11:27:03,716 [grpc-default-executor-5] INFO  client.GrpcClientProtocolClient (GrpcClientProtocolClient.java:onNext(264)) - client-D9B31DDCE961->18b22b39-7551-46dd-8464-dd74933c4739: receive RaftClientReply:client-D9B31DDCE961->18b22b39-7551-46dd-8464-dd74933c4739@group-597320EF17B3, cid=3726, SUCCESS, logIndex=0, commits[18b22b39-7551-46dd-8464-dd74933c4739:c5576, 76d6a15c-8eeb-4764-b555-ce8767d18d57:c5574, c90dcfdf-5973-4b56-a955-1fc4555f10cb:c5574]
2019-09-19 11:27:03,743 [grpc-default-executor-1] INFO  client.GrpcClientProtocolClient (GrpcClientProtocolClient.java:onNext(264)) - client-D9B31DDCE961->18b22b39-7551-46dd-8464-dd74933c4739: receive RaftClientReply:client-D9B31DDCE961->18b22b39-7551-46dd-8464-dd74933c4739@group-597320EF17B3, cid=3727, SUCCESS, logIndex=5577, commits[18b22b39-7551-46dd-8464-dd74933c4739:c5578, 76d6a15c-8eeb-4764-b555-ce8767d18d57:c5576, c90dcfdf-5973-4b56-a955-1fc4555f10cb:c5576]
2019-09-19 11:27:03,744 [grpc-default-executor-1] INFO  client.GrpcClientProtocolClient (GrpcClientProtocolClient.java:onNext(264)) - client-D9B31DDCE961->18b22b39-7551-46dd-8464-dd74933c4739: receive RaftClientReply:client-D9B31DDCE961->18b22b39-7551-46dd-8464-dd74933c4739@group-597320EF17B3, cid=3728, SUCCESS, logIndex=5578, commits[18b22b39-7551-46dd-8464-dd74933c4739:c5578, 76d6a15c-8eeb-4764-b555-ce8767d18d57:c5576, c90dcfdf-5973-4b56-a955-1fc4555f10cb:c5576]
2019-09-19 11:27:03,745 [grpc-default-executor-5] INFO  client.GrpcClientProtocolClient (GrpcClientProtocolClient.java:onNext(264)) - client-D9B31DDCE961->18b22b39-7551-46dd-8464-dd74933c4739: receive RaftClientReply:client-D9B31DDCE961->18b22b39-7551-46dd-8464-dd74933c4739@group-597320EF17B3, cid=3729, SUCCESS, logIndex=5579, commits[18b22b39-7551-46dd-8464-dd74933c4739:c5579, 76d6a15c-8eeb-4764-b555-ce8767d18d57:c5576, c90dcfdf-5973-4b56-a955-1fc4555f10cb:c5576]
2019-09-19 11:27:03,746 [grpc-default-executor-5] INFO  client.GrpcClientProtocolClient (GrpcClientProtocolClient.java:onNext(264)) - client-D9B31DDCE961->18b22b39-7551-46dd-8464-dd74933c4739: receive RaftClientReply:client-D9B31DDCE961->18b22b39-7551-46dd-8464-dd74933c4739@group-597320EF17B3, cid=3730, SUCCESS, logIndex=5580, commits[18b22b39-7551-46dd-8464-dd74933c4739:c5580, 76d6a15c-8eeb-4764-b555-ce8767d18d57:c5576, c90dcfdf-5973-4b56-a955-1fc4555f10cb:c5576]
2019-09-19 11:27:03,757 [grpc-default-executor-1] INFO  client.GrpcClientProtocolClient (GrpcClientProtocolClient.java:onNext(264)) - client-D9B31DDCE961->18b22b39-7551-46dd-8464-dd74933c4739: receive RaftClientReply:client-D9B31DDCE961->18b22b39-7551-46dd-8464-dd74933c4739@group-597320EF17B3, cid=3731, SUCCESS, logIndex=0, commits[18b22b39-7551-46dd-8464-dd74933c4739:c5582, 76d6a15c-8eeb-4764-b555-ce8767d18d57:c5578, c90dcfdf-5973-4b56-a955-1fc4555f10cb:c5578]
2019-09-19 11:27:03,786 [grpc-default-executor-5] INFO  client.GrpcClientProtocolClient (GrpcClientProtocolClient.java:onNext(264)) - client-D9B31DDCE961->18b22b39-7551-46dd-8464-dd74933c4739: receive RaftClientReply:client-D9B31DDCE961->18b22b39-7551-46dd-8464-dd74933c4739@group-597320EF17B3, cid=3732, SUCCESS, logIndex=5585, commits[18b22b39-7551-46dd-8464-dd74933c4739:c5586, 76d6a15c-8eeb-4764-b555-ce8767d18d57:c5584, c90dcfdf-5973-4b56-a955-1fc4555f10cb:c5584]
2019-09-19 11:27:03,786 [grpc-default-executor-5] INFO  client.GrpcClientProtocolClient (GrpcClientProtocolClient.java:onNext(264)) - client-D9B31DDCE961->18b22b39-7551-46dd-8464-dd74933c4739: receive RaftClientReply:client-D9B31DDCE961->18b22b39-7551-46dd-8464-dd74933c4739@group-597320EF17B3, cid=3733, SUCCESS, logIndex=5586, commits[18b22b39-7551-46dd-8464-dd74933c4739:c5586, 76d6a15c-8eeb-4764-b555-ce8767d18d57:c5584, c90dcfdf-5973-4b56-a955-1fc4555f10cb:c5584]
2019-09-19 11:27:03,801 [grpc-default-executor-1] INFO  client.GrpcClientProtocolClient (GrpcClientProtocolClient.java:onNext(264)) - client-D9B31DDCE961->18b22b39-7551-46dd-8464-dd74933c4739: receive RaftClientReply:client-D9B31DDCE961->18b22b39-7551-46dd-8464-dd74933c4739@group-597320EF17B3, cid=3734, SUCCESS, logIndex=5589, commits[18b22b39-7551-46dd-8464-dd74933c4739:c5590, 76d6a15c-8eeb-4764-b555-ce8767d18d57:c5586, c90dcfdf-5973-4b56-a955-1fc4555f10cb:c5586]
2019-09-19 11:27:03,801 [grpc-default-executor-1] INFO  client.GrpcClientProtocolClient (GrpcClientProtocolClient.java:onNext(264)) - client-D9B31DDCE961->18b22b39-7551-46dd-8464-dd74933c4739: receive RaftClientReply:client-D9B31DDCE961->18b22b39-7551-46dd-8464-dd74933c4739@group-597320EF17B3, cid=3735, SUCCESS, logIndex=5590, commits[18b22b39-7551-46dd-8464-dd74933c4739:c5590, 76d6a15c-8eeb-4764-b555-ce8767d18d57:c5586, c90dcfdf-5973-4b56-a955-1fc4555f10cb:c5586]
2019-09-19 11:27:03,813 [grpc-default-executor-1] INFO  client.GrpcClientProtocolClient (GrpcClientProtocolClient.java:onNext(264)) - client-D9B31DDCE961->18b22b39-7551-46dd-8464-dd74933c4739: receive RaftClientReply:client-D9B31DDCE961->18b22b39-7551-46dd-8464-dd74933c4739@group-597320EF17B3, cid=3736, SUCCESS, logIndex=0, commits[18b22b39-7551-46dd-8464-dd74933c4739:c5592, 76d6a15c-8eeb-4764-b555-ce8767d18d57:c5590, c90dcfdf-5973-4b56-a955-1fc4555f10cb:c5590]
2019-09-19 11:27:03,840 [grpc-default-executor-7] INFO  client.GrpcClientProtocolClient (GrpcClientProtocolClient.java:onNext(264)) - client-D9B31DDCE961->18b22b39-7551-46dd-8464-dd74933c4739: receive RaftClientReply:client-D9B31DDCE961->18b22b39-7551-46dd-8464-dd74933c4739@group-597320EF17B3, cid=3737, SUCCESS, logIndex=5593, commits[18b22b39-7551-46dd-8464-dd74933c4739:c5594, 76d6a15c-8eeb-4764-b555-ce8767d18d57:c5592, c90dcfdf-5973-4b56-a955-1fc4555f10cb:c5592]
2019-09-19 11:27:03,840 [grpc-default-executor-7] INFO  client.GrpcClientProtocolClient (GrpcClientProtocolClient.java:onNext(264)) - client-D9B31DDCE961->18b22b39-7551-46dd-8464-dd74933c4739: receive RaftClientReply:client-D9B31DDCE961->18b22b39-7551-46dd-8464-dd74933c4739@group-597320EF17B3, cid=3738, SUCCESS, logIndex=5594, commits[18b22b39-7551-46dd-8464-dd74933c4739:c5594, 76d6a15c-8eeb-4764-b555-ce8767d18d57:c5592, c90dcfdf-5973-4b56-a955-1fc4555f10cb:c5592]
2019-09-19 11:27:03,841 [grpc-default-executor-7] INFO  client.GrpcClientProtocolClient (GrpcClientProtocolClient.java:onNext(264)) - client-D9B31DDCE961->18b22b39-7551-46dd-8464-dd74933c4739: receive RaftClientReply:client-D9B31DDCE961->18b22b39-7551-46dd-8464-dd74933c4739@group-597320EF17B3, cid=3739, SUCCESS, logIndex=5595, commits[18b22b39-7551-46dd-8464-dd74933c4739:c5596, 76d6a15c-8eeb-4764-b555-ce8767d18d57:c5592, c90dcfdf-5973-4b56-a955-1fc4555f10cb:c5592]
2019-09-19 11:27:03,841 [grpc-default-executor-7] INFO  client.GrpcClientProtocolClient (GrpcClientProtocolClient.java:onNext(264)) - client-D9B31DDCE961->18b22b39-7551-46dd-8464-dd74933c4739: receive RaftClientReply:client-D9B31DDCE961->18b22b39-7551-46dd-8464-dd74933c4739@group-597320EF17B3, cid=3740, SUCCESS, logIndex=5596, commits[18b22b39-7551-46dd-8464-dd74933c4739:c5596, 76d6a15c-8eeb-4764-b555-ce8767d18d57:c5592, c90dcfdf-5973-4b56-a955-1fc4555f10cb:c5592]
2019-09-19 11:27:03,843 [grpc-default-executor-7] INFO  client.GrpcClientProtocolClient (GrpcClientProtocolClient.java:onNext(264)) - client-D9B31DDCE961->18b22b39-7551-46dd-8464-dd74933c4739: receive RaftClientReply:client-D9B31DDCE961->18b22b39-7551-46dd-8464-dd74933c4739@group-597320EF17B3, cid=3741, SUCCESS, logIndex=0, commits[18b22b39-7551-46dd-8464-dd74933c4739:c5598, 76d6a15c-8eeb-4764-b555-ce8767d18d57:c5594, c90dcfdf-5973-4b56-a955-1fc4555f10cb:c5594]
2019-09-19 11:27:03,858 [grpc-default-executor-5] INFO  client.GrpcClientProtocolClient (GrpcClientProtocolClient.java:onNext(264)) - client-D9B31DDCE961->18b22b39-7551-46dd-8464-dd74933c4739: receive RaftClientReply:client-D9B31DDCE961->18b22b39-7551-46dd-8464-dd74933c4739@group-597320EF17B3, cid=3742, SUCCESS, logIndex=5601, commits[18b22b39-7551-46dd-8464-dd74933c4739:c5602, 76d6a15c-8eeb-4764-b555-ce8767d18d57:c5598, c90dcfdf-5973-4b56-a955-1fc4555f10cb:c5598]
2019-09-19 11:27:03,858 [grpc-default-executor-5] INFO  client.GrpcClientProtocolClient (GrpcClientProtocolClient.java:onNext(264)) - client-D9B31DDCE961->18b22b39-7551-46dd-8464-dd74933c4739: receive RaftClientReply:client-D9B31DDCE961->18b22b39-7551-46dd-8464-dd74933c4739@group-597320EF17B3, cid=3743, SUCCESS, logIndex=5602, commits[18b22b39-7551-46dd-8464-dd74933c4739:c5602, 76d6a15c-8eeb-4764-b555-ce8767d18d57:c5598, c90dcfdf-5973-4b56-a955-1fc4555f10cb:c5598]
2019-09-19 11:27:03,872 [grpc-default-executor-1] INFO  client.GrpcClientProtocolClient (GrpcClientProtocolClient.java:onNext(264)) - client-D9B31DDCE961->18b22b39-7551-46dd-8464-dd74933c4739: receive RaftClientReply:client-D9B31DDCE961->18b22b39-7551-46dd-8464-dd74933c4739@group-597320EF17B3, cid=3744, SUCCESS, logIndex=5605, commits[18b22b39-7551-46dd-8464-dd74933c4739:c5605, 76d6a15c-8eeb-4764-b555-ce8767d18d57:c5602, c90dcfdf-5973-4b56-a955-1fc4555f10cb:c5602]
2019-09-19 11:27:03,872 [grpc-default-executor-1] INFO  client.GrpcClientProtocolClient (GrpcClientProtocolClient.java:onNext(264)) - client-D9B31DDCE961->18b22b39-7551-46dd-8464-dd74933c4739: receive RaftClientReply:client-D9B31DDCE961->18b22b39-7551-46dd-8464-dd74933c4739@group-597320EF17B3, cid=3745, SUCCESS, logIndex=5606, commits[18b22b39-7551-46dd-8464-dd74933c4739:c5606, 76d6a15c-8eeb-4764-b555-ce8767d18d57:c5602, c90dcfdf-5973-4b56-a955-1fc4555f10cb:c5602]
2019-09-19 11:27:03,886 [grpc-default-executor-1] INFO  client.GrpcClientProtocolClient (GrpcClientProtocolClient.java:onNext(264)) - client-D9B31DDCE961->18b22b39-7551-46dd-8464-dd74933c4739: receive RaftClientReply:client-D9B31DDCE961->18b22b39-7551-46dd-8464-dd74933c4739@group-597320EF17B3, cid=3746, SUCCESS, logIndex=0, commits[18b22b39-7551-46dd-8464-dd74933c4739:c5608, 76d6a15c-8eeb-4764-b555-ce8767d18d57:c5606, c90dcfdf-5973-4b56-a955-1fc4555f10cb:c5606]
2019-09-19 11:27:03,915 [grpc-default-executor-1] INFO  client.GrpcClientProtocolClient (GrpcClientProtocolClient.java:onNext(264)) - client-D9B31DDCE961->18b22b39-7551-46dd-8464-dd74933c4739: receive RaftClientReply:client-D9B31DDCE961->18b22b39-7551-46dd-8464-dd74933c4739@group-597320EF17B3, cid=3747, SUCCESS, logIndex=5609, commits[18b22b39-7551-46dd-8464-dd74933c4739:c5610, 76d6a15c-8eeb-4764-b555-ce8767d18d57:c5608, c90dcfdf-5973-4b56-a955-1fc4555f10cb:c5606]
2019-09-19 11:27:03,916 [grpc-default-executor-1] INFO  client.GrpcClientProtocolClient (GrpcClientProtocolClient.java:onNext(264)) - client-D9B31DDCE961->18b22b39-7551-46dd-8464-dd74933c4739: receive RaftClientReply:client-D9B31DDCE961->18b22b39-7551-46dd-8464-dd74933c4739@group-597320EF17B3, cid=3748, SUCCESS, logIndex=5610, commits[18b22b39-7551-46dd-8464-dd74933c4739:c5610, 76d6a15c-8eeb-4764-b555-ce8767d18d57:c5608, c90dcfdf-5973-4b56-a955-1fc4555f10cb:c5606]
 0.00% |█                                                                                                    |  0/1 Time: 0:01:082019-09-19 11:27:04,364 [grpc-default-executor-1] INFO  client.GrpcClientProtocolClient (GrpcClientProtocolClient.java:onNext(264)) - client-D9B31DDCE961->18b22b39-7551-46dd-8464-dd74933c4739: receive RaftClientReply:client-D9B31DDCE961->18b22b39-7551-46dd-8464-dd74933c4739@group-597320EF17B3, cid=3749, SUCCESS, logIndex=5611, commits[18b22b39-7551-46dd-8464-dd74933c4739:c5613, 76d6a15c-8eeb-4764-b555-ce8767d18d57:c5610, c90dcfdf-5973-4b56-a955-1fc4555f10cb:c5606]
2019-09-19 11:27:04,364 [grpc-default-executor-1] INFO  client.GrpcClientProtocolClient (GrpcClientProtocolClient.java:onNext(264)) - client-D9B31DDCE961->18b22b39-7551-46dd-8464-dd74933c4739: receive RaftClientReply:client-D9B31DDCE961->18b22b39-7551-46dd-8464-dd74933c4739@group-597320EF17B3, cid=3750, SUCCESS, logIndex=5612, commits[18b22b39-7551-46dd-8464-dd74933c4739:c5613, 76d6a15c-8eeb-4764-b555-ce8767d18d57:c5610, c90dcfdf-5973-4b56-a955-1fc4555f10cb:c5606]
2019-09-19 11:27:04,376 [grpc-default-executor-1] INFO  client.GrpcClientProtocolClient (GrpcClientProtocolClient.java:onNext(264)) - client-D9B31DDCE961->18b22b39-7551-46dd-8464-dd74933c4739: receive RaftClientReply:client-D9B31DDCE961->18b22b39-7551-46dd-8464-dd74933c4739@group-597320EF17B3, cid=3751, SUCCESS, logIndex=0, commits[18b22b39-7551-46dd-8464-dd74933c4739:c5614, 76d6a15c-8eeb-4764-b555-ce8767d18d57:c5610, c90dcfdf-5973-4b56-a955-1fc4555f10cb:c5610]
2019-09-19 11:27:04,394 [grpc-default-executor-5] INFO  client.GrpcClientProtocolClient (GrpcClientProtocolClient.java:onNext(264)) - client-D9B31DDCE961->18b22b39-7551-46dd-8464-dd74933c4739: receive RaftClientReply:client-D9B31DDCE961->18b22b39-7551-46dd-8464-dd74933c4739@group-597320EF17B3, cid=3752, SUCCESS, logIndex=5617, commits[18b22b39-7551-46dd-8464-dd74933c4739:c5618, 76d6a15c-8eeb-4764-b555-ce8767d18d57:c5616, c90dcfdf-5973-4b56-a955-1fc4555f10cb:c5616]
2019-09-19 11:27:04,394 [grpc-default-executor-5] INFO  client.GrpcClientProtocolClient (GrpcClientProtocolClient.java:onNext(264)) - client-D9B31DDCE961->18b22b39-7551-46dd-8464-dd74933c4739: receive RaftClientReply:client-D9B31DDCE961->18b22b39-7551-46dd-8464-dd74933c4739@group-597320EF17B3, cid=3753, SUCCESS, logIndex=5618, commits[18b22b39-7551-46dd-8464-dd74933c4739:c5618, 76d6a15c-8eeb-4764-b555-ce8767d18d57:c5616, c90dcfdf-5973-4b56-a955-1fc4555f10cb:c5616]
2019-09-19 11:27:04,461 [grpc-default-executor-7] INFO  client.GrpcClientProtocolClient (GrpcClientProtocolClient.java:onNext(264)) - client-D9B31DDCE961->18b22b39-7551-46dd-8464-dd74933c4739: receive RaftClientReply:client-D9B31DDCE961->18b22b39-7551-46dd-8464-dd74933c4739@group-597320EF17B3, cid=3754, SUCCESS, logIndex=5621, commits[18b22b39-7551-46dd-8464-dd74933c4739:c5621, 76d6a15c-8eeb-4764-b555-ce8767d18d57:c5618, c90dcfdf-5973-4b56-a955-1fc4555f10cb:c5618]
2019-09-19 11:27:04,462 [grpc-default-executor-7] INFO  client.GrpcClientProtocolClient (GrpcClientProtocolClient.java:onNext(264)) - client-D9B31DDCE961->18b22b39-7551-46dd-8464-dd74933c4739: receive RaftClientReply:client-D9B31DDCE961->18b22b39-7551-46dd-8464-dd74933c4739@group-597320EF17B3, cid=3755, SUCCESS, logIndex=5622, commits[18b22b39-7551-46dd-8464-dd74933c4739:c5622, 76d6a15c-8eeb-4764-b555-ce8767d18d57:c5618, c90dcfdf-5973-4b56-a955-1fc4555f10cb:c5618]
2019-09-19 11:27:04,476 [grpc-default-executor-7] INFO  client.GrpcClientProtocolClient (GrpcClientProtocolClient.java:onNext(264)) - client-D9B31DDCE961->18b22b39-7551-46dd-8464-dd74933c4739: receive RaftClientReply:client-D9B31DDCE961->18b22b39-7551-46dd-8464-dd74933c4739@group-597320EF17B3, cid=3756, SUCCESS, logIndex=0, commits[18b22b39-7551-46dd-8464-dd74933c4739:c5624, 76d6a15c-8eeb-4764-b555-ce8767d18d57:c5622, c90dcfdf-5973-4b56-a955-1fc4555f10cb:c5622]
2019-09-19 11:27:04,509 [grpc-default-executor-1] INFO  client.GrpcClientProtocolClient (GrpcClientProtocolClient.java:onNext(264)) - client-D9B31DDCE961->18b22b39-7551-46dd-8464-dd74933c4739: receive RaftClientReply:client-D9B31DDCE961->18b22b39-7551-46dd-8464-dd74933c4739@group-597320EF17B3, cid=3757, SUCCESS, logIndex=5625, commits[18b22b39-7551-46dd-8464-dd74933c4739:c5626, 76d6a15c-8eeb-4764-b555-ce8767d18d57:c5624, c90dcfdf-5973-4b56-a955-1fc4555f10cb:c5624]
2019-09-19 11:27:04,510 [grpc-default-executor-1] INFO  client.GrpcClientProtocolClient (GrpcClientProtocolClient.java:onNext(264)) - client-D9B31DDCE961->18b22b39-7551-46dd-8464-dd74933c4739: receive RaftClientReply:client-D9B31DDCE961->18b22b39-7551-46dd-8464-dd74933c4739@group-597320EF17B3, cid=3758, SUCCESS, logIndex=5626, commits[18b22b39-7551-46dd-8464-dd74933c4739:c5626, 76d6a15c-8eeb-4764-b555-ce8767d18d57:c5624, c90dcfdf-5973-4b56-a955-1fc4555f10cb:c5624]
2019-09-19 11:27:04,511 [grpc-default-executor-1] INFO  client.GrpcClientProtocolClient (GrpcClientProtocolClient.java:onNext(264)) - client-D9B31DDCE961->18b22b39-7551-46dd-8464-dd74933c4739: receive RaftClientReply:client-D9B31DDCE961->18b22b39-7551-46dd-8464-dd74933c4739@group-597320EF17B3, cid=3759, SUCCESS, logIndex=5627, commits[18b22b39-7551-46dd-8464-dd74933c4739:c5628, 76d6a15c-8eeb-4764-b555-ce8767d18d57:c5624, c90dcfdf-5973-4b56-a955-1fc4555f10cb:c5624]
2019-09-19 11:27:04,511 [grpc-default-executor-1] INFO  client.GrpcClientProtocolClient (GrpcClientProtocolClient.java:onNext(264)) - client-D9B31DDCE961->18b22b39-7551-46dd-8464-dd74933c4739: receive RaftClientReply:client-D9B31DDCE961->18b22b39-7551-46dd-8464-dd74933c4739@group-597320EF17B3, cid=3760, SUCCESS, logIndex=5628, commits[18b22b39-7551-46dd-8464-dd74933c4739:c5628, 76d6a15c-8eeb-4764-b555-ce8767d18d57:c5624, c90dcfdf-5973-4b56-a955-1fc4555f10cb:c5624]
2019-09-19 11:27:04,522 [grpc-default-executor-5] INFO  client.GrpcClientProtocolClient (GrpcClientProtocolClient.java:onNext(264)) - client-D9B31DDCE961->18b22b39-7551-46dd-8464-dd74933c4739: receive RaftClientReply:client-D9B31DDCE961->18b22b39-7551-46dd-8464-dd74933c4739@group-597320EF17B3, cid=3761, SUCCESS, logIndex=0, commits[18b22b39-7551-46dd-8464-dd74933c4739:c5629, 76d6a15c-8eeb-4764-b555-ce8767d18d57:c5626, c90dcfdf-5973-4b56-a955-1fc4555f10cb:c5626]
2019-09-19 11:27:04,534 [grpc-default-executor-1] INFO  client.GrpcClientProtocolClient (GrpcClientProtocolClient.java:onNext(264)) - client-D9B31DDCE961->18b22b39-7551-46dd-8464-dd74933c4739: receive RaftClientReply:client-D9B31DDCE961->18b22b39-7551-46dd-8464-dd74933c4739@group-597320EF17B3, cid=3762, SUCCESS, logIndex=5633, commits[18b22b39-7551-46dd-8464-dd74933c4739:c5634, 76d6a15c-8eeb-4764-b555-ce8767d18d57:c5632, c90dcfdf-5973-4b56-a955-1fc4555f10cb:c5628]
2019-09-19 11:27:04,535 [grpc-default-executor-1] INFO  client.GrpcClientProtocolClient (GrpcClientProtocolClient.java:onNext(264)) - client-D9B31DDCE961->18b22b39-7551-46dd-8464-dd74933c4739: receive RaftClientReply:client-D9B31DDCE961->18b22b39-7551-46dd-8464-dd74933c4739@group-597320EF17B3, cid=3763, SUCCESS, logIndex=5634, commits[18b22b39-7551-46dd-8464-dd74933c4739:c5634, 76d6a15c-8eeb-4764-b555-ce8767d18d57:c5632, c90dcfdf-5973-4b56-a955-1fc4555f10cb:c5632]
2019-09-19 11:27:04,546 [grpc-default-executor-7] INFO  client.GrpcClientProtocolClient (GrpcClientProtocolClient.java:onNext(264)) - client-D9B31DDCE961->18b22b39-7551-46dd-8464-dd74933c4739: receive RaftClientReply:client-D9B31DDCE961->18b22b39-7551-46dd-8464-dd74933c4739@group-597320EF17B3, cid=3764, SUCCESS, logIndex=5637, commits[18b22b39-7551-46dd-8464-dd74933c4739:c5638, 76d6a15c-8eeb-4764-b555-ce8767d18d57:c5636, c90dcfdf-5973-4b56-a955-1fc4555f10cb:c5634]
2019-09-19 11:27:04,547 [grpc-default-executor-1] INFO  client.GrpcClientProtocolClient (GrpcClientProtocolClient.java:onNext(264)) - client-D9B31DDCE961->18b22b39-7551-46dd-8464-dd74933c4739: receive RaftClientReply:client-D9B31DDCE961->18b22b39-7551-46dd-8464-dd74933c4739@group-597320EF17B3, cid=3765, SUCCESS, logIndex=5638, commits[18b22b39-7551-46dd-8464-dd74933c4739:c5638, 76d6a15c-8eeb-4764-b555-ce8767d18d57:c5636, c90dcfdf-5973-4b56-a955-1fc4555f10cb:c5634]
2019-09-19 11:27:04,551 [grpc-default-executor-1] INFO  client.GrpcClientProtocolClient (GrpcClientProtocolClient.java:onNext(264)) - client-D9B31DDCE961->18b22b39-7551-46dd-8464-dd74933c4739: receive RaftClientReply:client-D9B31DDCE961->18b22b39-7551-46dd-8464-dd74933c4739@group-597320EF17B3, cid=3766, SUCCESS, logIndex=0, commits[18b22b39-7551-46dd-8464-dd74933c4739:c5639, 76d6a15c-8eeb-4764-b555-ce8767d18d57:c5638, c90dcfdf-5973-4b56-a955-1fc4555f10cb:c5638]
2019-09-19 11:27:04,575 [grpc-default-executor-5] INFO  client.GrpcClientProtocolClient (GrpcClientProtocolClient.java:onNext(264)) - client-D9B31DDCE961->18b22b39-7551-46dd-8464-dd74933c4739: receive RaftClientReply:client-D9B31DDCE961->18b22b39-7551-46dd-8464-dd74933c4739@group-597320EF17B3, cid=3767, SUCCESS, logIndex=5641, commits[18b22b39-7551-46dd-8464-dd74933c4739:c5642, 76d6a15c-8eeb-4764-b555-ce8767d18d57:c5640, c90dcfdf-5973-4b56-a955-1fc4555f10cb:c5640]
2019-09-19 11:27:04,575 [grpc-default-executor-5] INFO  client.GrpcClientProtocolClient (GrpcClientProtocolClient.java:onNext(264)) - client-D9B31DDCE961->18b22b39-7551-46dd-8464-dd74933c4739: receive RaftClientReply:client-D9B31DDCE961->18b22b39-7551-46dd-8464-dd74933c4739@group-597320EF17B3, cid=3768, SUCCESS, logIndex=5642, commits[18b22b39-7551-46dd-8464-dd74933c4739:c5642, 76d6a15c-8eeb-4764-b555-ce8767d18d57:c5640, c90dcfdf-5973-4b56-a955-1fc4555f10cb:c5640]
2019-09-19 11:27:04,578 [grpc-default-executor-5] INFO  client.GrpcClientProtocolClient (GrpcClientProtocolClient.java:onNext(264)) - client-D9B31DDCE961->18b22b39-7551-46dd-8464-dd74933c4739: receive RaftClientReply:client-D9B31DDCE961->18b22b39-7551-46dd-8464-dd74933c4739@group-597320EF17B3, cid=3769, SUCCESS, logIndex=5643, commits[18b22b39-7551-46dd-8464-dd74933c4739:c5645, 76d6a15c-8eeb-4764-b555-ce8767d18d57:c5640, c90dcfdf-5973-4b56-a955-1fc4555f10cb:c5642]
2019-09-19 11:27:04,578 [grpc-default-executor-5] INFO  client.GrpcClientProtocolClient (GrpcClientProtocolClient.java:onNext(264)) - client-D9B31DDCE961->18b22b39-7551-46dd-8464-dd74933c4739: receive RaftClientReply:client-D9B31DDCE961->18b22b39-7551-46dd-8464-dd74933c4739@group-597320EF17B3, cid=3770, SUCCESS, logIndex=5644, commits[18b22b39-7551-46dd-8464-dd74933c4739:c5646, 76d6a15c-8eeb-4764-b555-ce8767d18d57:c5642, c90dcfdf-5973-4b56-a955-1fc4555f10cb:c5642]
2019-09-19 11:27:04,589 [grpc-default-executor-1] INFO  client.GrpcClientProtocolClient (GrpcClientProtocolClient.java:onNext(264)) - client-D9B31DDCE961->18b22b39-7551-46dd-8464-dd74933c4739: receive RaftClientReply:client-D9B31DDCE961->18b22b39-7551-46dd-8464-dd74933c4739@group-597320EF17B3, cid=3771, SUCCESS, logIndex=5649, commits[18b22b39-7551-46dd-8464-dd74933c4739:c5650, 76d6a15c-8eeb-4764-b555-ce8767d18d57:c5648, c90dcfdf-5973-4b56-a955-1fc4555f10cb:c5644]
2019-09-19 11:27:04,589 [grpc-default-executor-1] INFO  client.GrpcClientProtocolClient (GrpcClientProtocolClient.java:onNext(264)) - client-D9B31DDCE961->18b22b39-7551-46dd-8464-dd74933c4739: receive RaftClientReply:client-D9B31DDCE961->18b22b39-7551-46dd-8464-dd74933c4739@group-597320EF17B3, cid=3772, SUCCESS, logIndex=5650, commits[18b22b39-7551-46dd-8464-dd74933c4739:c5650, 76d6a15c-8eeb-4764-b555-ce8767d18d57:c5648, c90dcfdf-5973-4b56-a955-1fc4555f10cb:c5648]
2019-09-19 11:27:04,603 [grpc-default-executor-5] INFO  client.GrpcClientProtocolClient (GrpcClientProtocolClient.java:onNext(264)) - client-D9B31DDCE961->18b22b39-7551-46dd-8464-dd74933c4739: receive RaftClientReply:client-D9B31DDCE961->18b22b39-7551-46dd-8464-dd74933c4739@group-597320EF17B3, cid=3773, SUCCESS, logIndex=5653, commits[18b22b39-7551-46dd-8464-dd74933c4739:c5654, 76d6a15c-8eeb-4764-b555-ce8767d18d57:c5652, c90dcfdf-5973-4b56-a955-1fc4555f10cb:c5650]
2019-09-19 11:27:04,604 [grpc-default-executor-5] INFO  client.GrpcClientProtocolClient (GrpcClientProtocolClient.java:onNext(264)) - client-D9B31DDCE961->18b22b39-7551-46dd-8464-dd74933c4739: receive RaftClientReply:client-D9B31DDCE961->18b22b39-7551-46dd-8464-dd74933c4739@group-597320EF17B3, cid=3774, SUCCESS, logIndex=5654, commits[18b22b39-7551-46dd-8464-dd74933c4739:c5654, 76d6a15c-8eeb-4764-b555-ce8767d18d57:c5652, c90dcfdf-5973-4b56-a955-1fc4555f10cb:c5652]
2019-09-19 11:27:04,608 [grpc-default-executor-5] INFO  client.GrpcClientProtocolClient (GrpcClientProtocolClient.java:onNext(264)) - client-D9B31DDCE961->18b22b39-7551-46dd-8464-dd74933c4739: receive RaftClientReply:client-D9B31DDCE961->18b22b39-7551-46dd-8464-dd74933c4739@group-597320EF17B3, cid=3775, SUCCESS, logIndex=0, commits[18b22b39-7551-46dd-8464-dd74933c4739:c5656, 76d6a15c-8eeb-4764-b555-ce8767d18d57:c5654, c90dcfdf-5973-4b56-a955-1fc4555f10cb:c5654]
2019-09-19 11:27:04,659 [grpc-default-executor-1] INFO  client.GrpcClientProtocolClient (GrpcClientProtocolClient.java:onNext(264)) - client-D9B31DDCE961->18b22b39-7551-46dd-8464-dd74933c4739: receive RaftClientReply:client-D9B31DDCE961->18b22b39-7551-46dd-8464-dd74933c4739@group-597320EF17B3, cid=3776, SUCCESS, logIndex=5657, commits[18b22b39-7551-46dd-8464-dd74933c4739:c5658, 76d6a15c-8eeb-4764-b555-ce8767d18d57:c5656, c90dcfdf-5973-4b56-a955-1fc4555f10cb:c5654]
2019-09-19 11:27:04,661 [grpc-default-executor-1] INFO  client.GrpcClientProtocolClient (GrpcClientProtocolClient.java:onNext(264)) - client-D9B31DDCE961->18b22b39-7551-46dd-8464-dd74933c4739: receive RaftClientReply:client-D9B31DDCE961->18b22b39-7551-46dd-8464-dd74933c4739@group-597320EF17B3, cid=3777, SUCCESS, logIndex=5658, commits[18b22b39-7551-46dd-8464-dd74933c4739:c5658, 76d6a15c-8eeb-4764-b555-ce8767d18d57:c5656, c90dcfdf-5973-4b56-a955-1fc4555f10cb:c5654]
2019-09-19 11:27:04,661 [grpc-default-executor-5] INFO  client.GrpcClientProtocolClient (GrpcClientProtocolClient.java:onNext(264)) - client-D9B31DDCE961->18b22b39-7551-46dd-8464-dd74933c4739: receive RaftClientReply:client-D9B31DDCE961->18b22b39-7551-46dd-8464-dd74933c4739@group-597320EF17B3, cid=3778, SUCCESS, logIndex=5659, commits[18b22b39-7551-46dd-8464-dd74933c4739:c5660, 76d6a15c-8eeb-4764-b555-ce8767d18d57:c5656, c90dcfdf-5973-4b56-a955-1fc4555f10cb:c5656]
2019-09-19 11:27:04,661 [grpc-default-executor-5] INFO  client.GrpcClientProtocolClient (GrpcClientProtocolClient.java:onNext(264)) - client-D9B31DDCE961->18b22b39-7551-46dd-8464-dd74933c4739: receive RaftClientReply:client-D9B31DDCE961->18b22b39-7551-46dd-8464-dd74933c4739@group-597320EF17B3, cid=3779, SUCCESS, logIndex=5660, commits[18b22b39-7551-46dd-8464-dd74933c4739:c5660, 76d6a15c-8eeb-4764-b555-ce8767d18d57:c5656, c90dcfdf-5973-4b56-a955-1fc4555f10cb:c5656]
2019-09-19 11:27:04,662 [grpc-default-executor-5] INFO  client.GrpcClientProtocolClient (GrpcClientProtocolClient.java:onNext(264)) - client-D9B31DDCE961->18b22b39-7551-46dd-8464-dd74933c4739: receive RaftClientReply:client-D9B31DDCE961->18b22b39-7551-46dd-8464-dd74933c4739@group-597320EF17B3, cid=3780, SUCCESS, logIndex=0, commits[18b22b39-7551-46dd-8464-dd74933c4739:c5664, 76d6a15c-8eeb-4764-b555-ce8767d18d57:c5660, c90dcfdf-5973-4b56-a955-1fc4555f10cb:c5660]
2019-09-19 11:27:04,708 [grpc-default-executor-1] INFO  client.GrpcClientProtocolClient (GrpcClientProtocolClient.java:onNext(264)) - client-D9B31DDCE961->18b22b39-7551-46dd-8464-dd74933c4739: receive RaftClientReply:client-D9B31DDCE961->18b22b39-7551-46dd-8464-dd74933c4739@group-597320EF17B3, cid=3781, SUCCESS, logIndex=5665, commits[18b22b39-7551-46dd-8464-dd74933c4739:c5666, 76d6a15c-8eeb-4764-b555-ce8767d18d57:c5660, c90dcfdf-5973-4b56-a955-1fc4555f10cb:c5664]
2019-09-19 11:27:04,708 [grpc-default-executor-1] INFO  client.GrpcClientProtocolClient (GrpcClientProtocolClient.java:onNext(264)) - client-D9B31DDCE961->18b22b39-7551-46dd-8464-dd74933c4739: receive RaftClientReply:client-D9B31DDCE961->18b22b39-7551-46dd-8464-dd74933c4739@group-597320EF17B3, cid=3782, SUCCESS, logIndex=5666, commits[18b22b39-7551-46dd-8464-dd74933c4739:c5666, 76d6a15c-8eeb-4764-b555-ce8767d18d57:c5664, c90dcfdf-5973-4b56-a955-1fc4555f10cb:c5664]
2019-09-19 11:27:04,721 [grpc-default-executor-1] INFO  client.GrpcClientProtocolClient (GrpcClientProtocolClient.java:onNext(264)) - client-D9B31DDCE961->18b22b39-7551-46dd-8464-dd74933c4739: receive RaftClientReply:client-D9B31DDCE961->18b22b39-7551-46dd-8464-dd74933c4739@group-597320EF17B3, cid=3783, SUCCESS, logIndex=5669, commits[18b22b39-7551-46dd-8464-dd74933c4739:c5670, 76d6a15c-8eeb-4764-b555-ce8767d18d57:c5666, c90dcfdf-5973-4b56-a955-1fc4555f10cb:c5666]
2019-09-19 11:27:04,721 [grpc-default-executor-1] INFO  client.GrpcClientProtocolClient (GrpcClientProtocolClient.java:onNext(264)) - client-D9B31DDCE961->18b22b39-7551-46dd-8464-dd74933c4739: receive RaftClientReply:client-D9B31DDCE961->18b22b39-7551-46dd-8464-dd74933c4739@group-597320EF17B3, cid=3784, SUCCESS, logIndex=5670, commits[18b22b39-7551-46dd-8464-dd74933c4739:c5670, 76d6a15c-8eeb-4764-b555-ce8767d18d57:c5666, c90dcfdf-5973-4b56-a955-1fc4555f10cb:c5666]
2019-09-19 11:27:04,722 [grpc-default-executor-1] INFO  client.GrpcClientProtocolClient (GrpcClientProtocolClient.java:onNext(264)) - client-D9B31DDCE961->18b22b39-7551-46dd-8464-dd74933c4739: receive RaftClientReply:client-D9B31DDCE961->18b22b39-7551-46dd-8464-dd74933c4739@group-597320EF17B3, cid=3785, SUCCESS, logIndex=0, commits[18b22b39-7551-46dd-8464-dd74933c4739:c5671, 76d6a15c-8eeb-4764-b555-ce8767d18d57:c5670, c90dcfdf-5973-4b56-a955-1fc4555f10cb:c5670]
2019-09-19 11:27:04,763 [grpc-default-executor-6] INFO  client.GrpcClientProtocolClient (GrpcClientProtocolClient.java:onNext(264)) - client-D9B31DDCE961->18b22b39-7551-46dd-8464-dd74933c4739: receive RaftClientReply:client-D9B31DDCE961->18b22b39-7551-46dd-8464-dd74933c4739@group-597320EF17B3, cid=3786, SUCCESS, logIndex=5673, commits[18b22b39-7551-46dd-8464-dd74933c4739:c5676, 76d6a15c-8eeb-4764-b555-ce8767d18d57:c5672, c90dcfdf-5973-4b56-a955-1fc4555f10cb:c5672]
2019-09-19 11:27:04,763 [grpc-default-executor-6] INFO  client.GrpcClientProtocolClient (GrpcClientProtocolClient.java:onNext(264)) - client-D9B31DDCE961->18b22b39-7551-46dd-8464-dd74933c4739: receive RaftClientReply:client-D9B31DDCE961->18b22b39-7551-46dd-8464-dd74933c4739@group-597320EF17B3, cid=3787, SUCCESS, logIndex=5674, commits[18b22b39-7551-46dd-8464-dd74933c4739:c5676, 76d6a15c-8eeb-4764-b555-ce8767d18d57:c5672, c90dcfdf-5973-4b56-a955-1fc4555f10cb:c5672]
2019-09-19 11:27:04,765 [grpc-default-executor-6] INFO  client.GrpcClientProtocolClient (GrpcClientProtocolClient.java:onNext(264)) - client-D9B31DDCE961->18b22b39-7551-46dd-8464-dd74933c4739: receive RaftClientReply:client-D9B31DDCE961->18b22b39-7551-46dd-8464-dd74933c4739@group-597320EF17B3, cid=3788, SUCCESS, logIndex=5675, commits[18b22b39-7551-46dd-8464-dd74933c4739:c5676, 76d6a15c-8eeb-4764-b555-ce8767d18d57:c5672, c90dcfdf-5973-4b56-a955-1fc4555f10cb:c5672]
2019-09-19 11:27:04,766 [grpc-default-executor-6] INFO  client.GrpcClientProtocolClient (GrpcClientProtocolClient.java:onNext(264)) - client-D9B31DDCE961->18b22b39-7551-46dd-8464-dd74933c4739: receive RaftClientReply:client-D9B31DDCE961->18b22b39-7551-46dd-8464-dd74933c4739@group-597320EF17B3, cid=3789, SUCCESS, logIndex=5676, commits[18b22b39-7551-46dd-8464-dd74933c4739:c5676, 76d6a15c-8eeb-4764-b555-ce8767d18d57:c5672, c90dcfdf-5973-4b56-a955-1fc4555f10cb:c5672]
2019-09-19 11:27:04,768 [grpc-default-executor-6] INFO  client.GrpcClientProtocolClient (GrpcClientProtocolClient.java:onNext(264)) - client-D9B31DDCE961->18b22b39-7551-46dd-8464-dd74933c4739: receive RaftClientReply:client-D9B31DDCE961->18b22b39-7551-46dd-8464-dd74933c4739@group-597320EF17B3, cid=3790, SUCCESS, logIndex=0, commits[18b22b39-7551-46dd-8464-dd74933c4739:c5680, 76d6a15c-8eeb-4764-b555-ce8767d18d57:c5674, c90dcfdf-5973-4b56-a955-1fc4555f10cb:c5676]
2019-09-19 11:27:04,787 [grpc-default-executor-7] INFO  client.GrpcClientProtocolClient (GrpcClientProtocolClient.java:onNext(264)) - client-D9B31DDCE961->18b22b39-7551-46dd-8464-dd74933c4739: receive RaftClientReply:client-D9B31DDCE961->18b22b39-7551-46dd-8464-dd74933c4739@group-597320EF17B3, cid=3791, SUCCESS, logIndex=5681, commits[18b22b39-7551-46dd-8464-dd74933c4739:c5682, 76d6a15c-8eeb-4764-b555-ce8767d18d57:c5680, c90dcfdf-5973-4b56-a955-1fc4555f10cb:c5680]
2019-09-19 11:27:04,788 [grpc-default-executor-7] INFO  client.GrpcClientProtocolClient (GrpcClientProtocolClient.java:onNext(264)) - client-D9B31DDCE961->18b22b39-7551-46dd-8464-dd74933c4739: receive RaftClientReply:client-D9B31DDCE961->18b22b39-7551-46dd-8464-dd74933c4739@group-597320EF17B3, cid=3792, SUCCESS, logIndex=5682, commits[18b22b39-7551-46dd-8464-dd74933c4739:c5682, 76d6a15c-8eeb-4764-b555-ce8767d18d57:c5680, c90dcfdf-5973-4b56-a955-1fc4555f10cb:c5680]
2019-09-19 11:27:04,802 [grpc-default-executor-6] INFO  client.GrpcClientProtocolClient (GrpcClientProtocolClient.java:onNext(264)) - client-D9B31DDCE961->18b22b39-7551-46dd-8464-dd74933c4739: receive RaftClientReply:client-D9B31DDCE961->18b22b39-7551-46dd-8464-dd74933c4739@group-597320EF17B3, cid=3793, SUCCESS, logIndex=5685, commits[18b22b39-7551-46dd-8464-dd74933c4739:c5685, 76d6a15c-8eeb-4764-b555-ce8767d18d57:c5682, c90dcfdf-5973-4b56-a955-1fc4555f10cb:c5682]
2019-09-19 11:27:04,803 [grpc-default-executor-6] INFO  client.GrpcClientProtocolClient (GrpcClientProtocolClient.java:onNext(264)) - client-D9B31DDCE961->18b22b39-7551-46dd-8464-dd74933c4739: receive RaftClientReply:client-D9B31DDCE961->18b22b39-7551-46dd-8464-dd74933c4739@group-597320EF17B3, cid=3794, SUCCESS, logIndex=5686, commits[18b22b39-7551-46dd-8464-dd74933c4739:c5686, 76d6a15c-8eeb-4764-b555-ce8767d18d57:c5682, c90dcfdf-5973-4b56-a955-1fc4555f10cb:c5682]
2019-09-19 11:27:04,817 [grpc-default-executor-6] INFO  client.GrpcClientProtocolClient (GrpcClientProtocolClient.java:onNext(264)) - client-D9B31DDCE961->18b22b39-7551-46dd-8464-dd74933c4739: receive RaftClientReply:client-D9B31DDCE961->18b22b39-7551-46dd-8464-dd74933c4739@group-597320EF17B3, cid=3795, SUCCESS, logIndex=0, commits[18b22b39-7551-46dd-8464-dd74933c4739:c5688, 76d6a15c-8eeb-4764-b555-ce8767d18d57:c5686, c90dcfdf-5973-4b56-a955-1fc4555f10cb:c5686]
2019-09-19 11:27:04,844 [grpc-default-executor-5] INFO  client.GrpcClientProtocolClient (GrpcClientProtocolClient.java:onNext(264)) - client-D9B31DDCE961->18b22b39-7551-46dd-8464-dd74933c4739: receive RaftClientReply:client-D9B31DDCE961->18b22b39-7551-46dd-8464-dd74933c4739@group-597320EF17B3, cid=3796, SUCCESS, logIndex=5689, commits[18b22b39-7551-46dd-8464-dd74933c4739:c5690, 76d6a15c-8eeb-4764-b555-ce8767d18d57:c5688, c90dcfdf-5973-4b56-a955-1fc4555f10cb:c5686]
2019-09-19 11:27:04,844 [grpc-default-executor-5] INFO  client.GrpcClientProtocolClient (GrpcClientProtocolClient.java:onNext(264)) - client-D9B31DDCE961->18b22b39-7551-46dd-8464-dd74933c4739: receive RaftClientReply:client-D9B31DDCE961->18b22b39-7551-46dd-8464-dd74933c4739@group-597320EF17B3, cid=3797, SUCCESS, logIndex=5690, commits[18b22b39-7551-46dd-8464-dd74933c4739:c5690, 76d6a15c-8eeb-4764-b555-ce8767d18d57:c5688, c90dcfdf-5973-4b56-a955-1fc4555f10cb:c5688]
2019-09-19 11:27:04,845 [grpc-default-executor-7] INFO  client.GrpcClientProtocolClient (GrpcClientProtocolClient.java:onNext(264)) - client-D9B31DDCE961->18b22b39-7551-46dd-8464-dd74933c4739: receive RaftClientReply:client-D9B31DDCE961->18b22b39-7551-46dd-8464-dd74933c4739@group-597320EF17B3, cid=3798, SUCCESS, logIndex=5691, commits[18b22b39-7551-46dd-8464-dd74933c4739:c5692, 76d6a15c-8eeb-4764-b555-ce8767d18d57:c5688, c90dcfdf-5973-4b56-a955-1fc4555f10cb:c5688]
2019-09-19 11:27:04,845 [grpc-default-executor-7] INFO  client.GrpcClientProtocolClient (GrpcClientProtocolClient.java:onNext(264)) - client-D9B31DDCE961->18b22b39-7551-46dd-8464-dd74933c4739: receive RaftClientReply:client-D9B31DDCE961->18b22b39-7551-46dd-8464-dd74933c4739@group-597320EF17B3, cid=3799, SUCCESS, logIndex=5692, commits[18b22b39-7551-46dd-8464-dd74933c4739:c5692, 76d6a15c-8eeb-4764-b555-ce8767d18d57:c5688, c90dcfdf-5973-4b56-a955-1fc4555f10cb:c5688]
2019-09-19 11:27:04,849 [grpc-default-executor-7] INFO  client.GrpcClientProtocolClient (GrpcClientProtocolClient.java:onNext(264)) - client-D9B31DDCE961->18b22b39-7551-46dd-8464-dd74933c4739: receive RaftClientReply:client-D9B31DDCE961->18b22b39-7551-46dd-8464-dd74933c4739@group-597320EF17B3, cid=3800, SUCCESS, logIndex=0, commits[18b22b39-7551-46dd-8464-dd74933c4739:c5694, 76d6a15c-8eeb-4764-b555-ce8767d18d57:c5690, c90dcfdf-5973-4b56-a955-1fc4555f10cb:c5690]
2019-09-19 11:27:04,860 [grpc-default-executor-6] INFO  client.GrpcClientProtocolClient (GrpcClientProtocolClient.java:onNext(264)) - client-D9B31DDCE961->18b22b39-7551-46dd-8464-dd74933c4739: receive RaftClientReply:client-D9B31DDCE961->18b22b39-7551-46dd-8464-dd74933c4739@group-597320EF17B3, cid=3801, SUCCESS, logIndex=5697, commits[18b22b39-7551-46dd-8464-dd74933c4739:c5698, 76d6a15c-8eeb-4764-b555-ce8767d18d57:c5696, c90dcfdf-5973-4b56-a955-1fc4555f10cb:c5692]
2019-09-19 11:27:04,861 [grpc-default-executor-6] INFO  client.GrpcClientProtocolClient (GrpcClientProtocolClient.java:onNext(264)) - client-D9B31DDCE961->18b22b39-7551-46dd-8464-dd74933c4739: receive RaftClientReply:client-D9B31DDCE961->18b22b39-7551-46dd-8464-dd74933c4739@group-597320EF17B3, cid=3802, SUCCESS, logIndex=5698, commits[18b22b39-7551-46dd-8464-dd74933c4739:c5698, 76d6a15c-8eeb-4764-b555-ce8767d18d57:c5696, c90dcfdf-5973-4b56-a955-1fc4555f10cb:c5692]
2019-09-19 11:27:04,876 [grpc-default-executor-5] INFO  client.GrpcClientProtocolClient (GrpcClientProtocolClient.java:onNext(264)) - client-D9B31DDCE961->18b22b39-7551-46dd-8464-dd74933c4739: receive RaftClientReply:client-D9B31DDCE961->18b22b39-7551-46dd-8464-dd74933c4739@group-597320EF17B3, cid=3803, SUCCESS, logIndex=5701, commits[18b22b39-7551-46dd-8464-dd74933c4739:c5702, 76d6a15c-8eeb-4764-b555-ce8767d18d57:c5700, c90dcfdf-5973-4b56-a955-1fc4555f10cb:c5700]
2019-09-19 11:27:04,877 [grpc-default-executor-5] INFO  client.GrpcClientProtocolClient (GrpcClientProtocolClient.java:onNext(264)) - client-D9B31DDCE961->18b22b39-7551-46dd-8464-dd74933c4739: receive RaftClientReply:client-D9B31DDCE961->18b22b39-7551-46dd-8464-dd74933c4739@group-597320EF17B3, cid=3804, SUCCESS, logIndex=5702, commits[18b22b39-7551-46dd-8464-dd74933c4739:c5702, 76d6a15c-8eeb-4764-b555-ce8767d18d57:c5700, c90dcfdf-5973-4b56-a955-1fc4555f10cb:c5700]
2019-09-19 11:27:04,881 [grpc-default-executor-5] INFO  client.GrpcClientProtocolClient (GrpcClientProtocolClient.java:onNext(264)) - client-D9B31DDCE961->18b22b39-7551-46dd-8464-dd74933c4739: receive RaftClientReply:client-D9B31DDCE961->18b22b39-7551-46dd-8464-dd74933c4739@group-597320EF17B3, cid=3805, SUCCESS, logIndex=0, commits[18b22b39-7551-46dd-8464-dd74933c4739:c5704, 76d6a15c-8eeb-4764-b555-ce8767d18d57:c5702, c90dcfdf-5973-4b56-a955-1fc4555f10cb:c5702]
2019-09-19 11:27:04,924 [grpc-default-executor-5] INFO  client.GrpcClientProtocolClient (GrpcClientProtocolClient.java:onNext(264)) - client-D9B31DDCE961->18b22b39-7551-46dd-8464-dd74933c4739: receive RaftClientReply:client-D9B31DDCE961->18b22b39-7551-46dd-8464-dd74933c4739@group-597320EF17B3, cid=3806, SUCCESS, logIndex=5705, commits[18b22b39-7551-46dd-8464-dd74933c4739:c5706, 76d6a15c-8eeb-4764-b555-ce8767d18d57:c5704, c90dcfdf-5973-4b56-a955-1fc4555f10cb:c5702]
2019-09-19 11:27:04,924 [grpc-default-executor-5] INFO  client.GrpcClientProtocolClient (GrpcClientProtocolClient.java:onNext(264)) - client-D9B31DDCE961->18b22b39-7551-46dd-8464-dd74933c4739: receive RaftClientReply:client-D9B31DDCE961->18b22b39-7551-46dd-8464-dd74933c4739@group-597320EF17B3, cid=3807, SUCCESS, logIndex=5706, commits[18b22b39-7551-46dd-8464-dd74933c4739:c5706, 76d6a15c-8eeb-4764-b555-ce8767d18d57:c5704, c90dcfdf-5973-4b56-a955-1fc4555f10cb:c5704]
2019-09-19 11:27:04,924 [grpc-default-executor-5] INFO  client.GrpcClientProtocolClient (GrpcClientProtocolClient.java:onNext(264)) - client-D9B31DDCE961->18b22b39-7551-46dd-8464-dd74933c4739: receive RaftClientReply:client-D9B31DDCE961->18b22b39-7551-46dd-8464-dd74933c4739@group-597320EF17B3, cid=3808, SUCCESS, logIndex=5707, commits[18b22b39-7551-46dd-8464-dd74933c4739:c5708, 76d6a15c-8eeb-4764-b555-ce8767d18d57:c5704, c90dcfdf-5973-4b56-a955-1fc4555f10cb:c5704]
2019-09-19 11:27:04,925 [grpc-default-executor-5] INFO  client.GrpcClientProtocolClient (GrpcClientProtocolClient.java:onNext(264)) - client-D9B31DDCE961->18b22b39-7551-46dd-8464-dd74933c4739: receive RaftClientReply:client-D9B31DDCE961->18b22b39-7551-46dd-8464-dd74933c4739@group-597320EF17B3, cid=3809, SUCCESS, logIndex=5708, commits[18b22b39-7551-46dd-8464-dd74933c4739:c5708, 76d6a15c-8eeb-4764-b555-ce8767d18d57:c5704, c90dcfdf-5973-4b56-a955-1fc4555f10cb:c5704]
2019-09-19 11:27:04,938 [grpc-default-executor-5] INFO  client.GrpcClientProtocolClient (GrpcClientProtocolClient.java:onNext(264)) - client-D9B31DDCE961->18b22b39-7551-46dd-8464-dd74933c4739: receive RaftClientReply:client-D9B31DDCE961->18b22b39-7551-46dd-8464-dd74933c4739@group-597320EF17B3, cid=3810, SUCCESS, logIndex=0, commits[18b22b39-7551-46dd-8464-dd74933c4739:c5711, 76d6a15c-8eeb-4764-b555-ce8767d18d57:c5706, c90dcfdf-5973-4b56-a955-1fc4555f10cb:c5708]
2019-09-19 11:27:04,962 [grpc-default-executor-5] INFO  client.GrpcClientProtocolClient (GrpcClientProtocolClient.java:onNext(264)) - client-D9B31DDCE961->18b22b39-7551-46dd-8464-dd74933c4739: receive RaftClientReply:client-D9B31DDCE961->18b22b39-7551-46dd-8464-dd74933c4739@group-597320EF17B3, cid=3811, SUCCESS, logIndex=5713, commits[18b22b39-7551-46dd-8464-dd74933c4739:c5714, 76d6a15c-8eeb-4764-b555-ce8767d18d57:c5712, c90dcfdf-5973-4b56-a955-1fc4555f10cb:c5712]
2019-09-19 11:27:04,963 [grpc-default-executor-5] INFO  client.GrpcClientProtocolClient (GrpcClientProtocolClient.java:onNext(264)) - client-D9B31DDCE961->18b22b39-7551-46dd-8464-dd74933c4739: receive RaftClientReply:client-D9B31DDCE961->18b22b39-7551-46dd-8464-dd74933c4739@group-597320EF17B3, cid=3812, SUCCESS, logIndex=5714, commits[18b22b39-7551-46dd-8464-dd74933c4739:c5714, 76d6a15c-8eeb-4764-b555-ce8767d18d57:c5712, c90dcfdf-5973-4b56-a955-1fc4555f10cb:c5712]
2019-09-19 11:27:04,977 [grpc-default-executor-5] INFO  client.GrpcClientProtocolClient (GrpcClientProtocolClient.java:onNext(264)) - client-D9B31DDCE961->18b22b39-7551-46dd-8464-dd74933c4739: receive RaftClientReply:client-D9B31DDCE961->18b22b39-7551-46dd-8464-dd74933c4739@group-597320EF17B3, cid=3813, SUCCESS, logIndex=5717, commits[18b22b39-7551-46dd-8464-dd74933c4739:c5718, 76d6a15c-8eeb-4764-b555-ce8767d18d57:c5714, c90dcfdf-5973-4b56-a955-1fc4555f10cb:c5714]
2019-09-19 11:27:04,977 [grpc-default-executor-5] INFO  client.GrpcClientProtocolClient (GrpcClientProtocolClient.java:onNext(264)) - client-D9B31DDCE961->18b22b39-7551-46dd-8464-dd74933c4739: receive RaftClientReply:client-D9B31DDCE961->18b22b39-7551-46dd-8464-dd74933c4739@group-597320EF17B3, cid=3814, SUCCESS, logIndex=5718, commits[18b22b39-7551-46dd-8464-dd74933c4739:c5718, 76d6a15c-8eeb-4764-b555-ce8767d18d57:c5714, c90dcfdf-5973-4b56-a955-1fc4555f10cb:c5714]
2019-09-19 11:27:04,989 [grpc-default-executor-7] INFO  client.GrpcClientProtocolClient (GrpcClientProtocolClient.java:onNext(264)) - client-D9B31DDCE961->18b22b39-7551-46dd-8464-dd74933c4739: receive RaftClientReply:client-D9B31DDCE961->18b22b39-7551-46dd-8464-dd74933c4739@group-597320EF17B3, cid=3815, SUCCESS, logIndex=0, commits[18b22b39-7551-46dd-8464-dd74933c4739:c5719, 76d6a15c-8eeb-4764-b555-ce8767d18d57:c5718, c90dcfdf-5973-4b56-a955-1fc4555f10cb:c5718]
2019-09-19 11:27:05,024 [grpc-default-executor-7] INFO  client.GrpcClientProtocolClient (GrpcClientProtocolClient.java:onNext(264)) - client-D9B31DDCE961->18b22b39-7551-46dd-8464-dd74933c4739: receive RaftClientReply:client-D9B31DDCE961->18b22b39-7551-46dd-8464-dd74933c4739@group-597320EF17B3, cid=3816, SUCCESS, logIndex=5721, commits[18b22b39-7551-46dd-8464-dd74933c4739:c5721, 76d6a15c-8eeb-4764-b555-ce8767d18d57:c5718, c90dcfdf-5973-4b56-a955-1fc4555f10cb:c5720]
2019-09-19 11:27:05,025 [grpc-default-executor-7] INFO  client.GrpcClientProtocolClient (GrpcClientProtocolClient.java:onNext(264)) - client-D9B31DDCE961->18b22b39-7551-46dd-8464-dd74933c4739: receive RaftClientReply:client-D9B31DDCE961->18b22b39-7551-46dd-8464-dd74933c4739@group-597320EF17B3, cid=3817, SUCCESS, logIndex=5722, commits[18b22b39-7551-46dd-8464-dd74933c4739:c5722, 76d6a15c-8eeb-4764-b555-ce8767d18d57:c5720, c90dcfdf-5973-4b56-a955-1fc4555f10cb:c5720]
2019-09-19 11:27:05,036 [grpc-default-executor-5] INFO  client.GrpcClientProtocolClient (GrpcClientProtocolClient.java:onNext(264)) - client-D9B31DDCE961->18b22b39-7551-46dd-8464-dd74933c4739: receive RaftClientReply:client-D9B31DDCE961->18b22b39-7551-46dd-8464-dd74933c4739@group-597320EF17B3, cid=3818, SUCCESS, logIndex=5723, commits[18b22b39-7551-46dd-8464-dd74933c4739:c5724, 76d6a15c-8eeb-4764-b555-ce8767d18d57:c5720, c90dcfdf-5973-4b56-a955-1fc4555f10cb:c5720]
2019-09-19 11:27:05,037 [grpc-default-executor-5] INFO  client.GrpcClientProtocolClient (GrpcClientProtocolClient.java:onNext(264)) - client-D9B31DDCE961->18b22b39-7551-46dd-8464-dd74933c4739: receive RaftClientReply:client-D9B31DDCE961->18b22b39-7551-46dd-8464-dd74933c4739@group-597320EF17B3, cid=3819, SUCCESS, logIndex=5724, commits[18b22b39-7551-46dd-8464-dd74933c4739:c5725, 76d6a15c-8eeb-4764-b555-ce8767d18d57:c5721, c90dcfdf-5973-4b56-a955-1fc4555f10cb:c5720]
2019-09-19 11:27:05,038 [grpc-default-executor-5] INFO  client.GrpcClientProtocolClient (GrpcClientProtocolClient.java:onNext(264)) - client-D9B31DDCE961->18b22b39-7551-46dd-8464-dd74933c4739: receive RaftClientReply:client-D9B31DDCE961->18b22b39-7551-46dd-8464-dd74933c4739@group-597320EF17B3, cid=3820, SUCCESS, logIndex=0, commits[18b22b39-7551-46dd-8464-dd74933c4739:c5728, 76d6a15c-8eeb-4764-b555-ce8767d18d57:c5724, c90dcfdf-5973-4b56-a955-1fc4555f10cb:c5724]
2019-09-19 11:27:05,061 [grpc-default-executor-5] INFO  client.GrpcClientProtocolClient (GrpcClientProtocolClient.java:onNext(264)) - client-D9B31DDCE961->18b22b39-7551-46dd-8464-dd74933c4739: receive RaftClientReply:client-D9B31DDCE961->18b22b39-7551-46dd-8464-dd74933c4739@group-597320EF17B3, cid=3821, SUCCESS, logIndex=5729, commits[18b22b39-7551-46dd-8464-dd74933c4739:c5730, 76d6a15c-8eeb-4764-b555-ce8767d18d57:c5728, c90dcfdf-5973-4b56-a955-1fc4555f10cb:c5728]
2019-09-19 11:27:05,061 [grpc-default-executor-5] INFO  client.GrpcClientProtocolClient (GrpcClientProtocolClient.java:onNext(264)) - client-D9B31DDCE961->18b22b39-7551-46dd-8464-dd74933c4739: receive RaftClientReply:client-D9B31DDCE961->18b22b39-7551-46dd-8464-dd74933c4739@group-597320EF17B3, cid=3822, SUCCESS, logIndex=5730, commits[18b22b39-7551-46dd-8464-dd74933c4739:c5730, 76d6a15c-8eeb-4764-b555-ce8767d18d57:c5728, c90dcfdf-5973-4b56-a955-1fc4555f10cb:c5728]
2019-09-19 11:27:05,091 [grpc-default-executor-1] INFO  client.GrpcClientProtocolClient (GrpcClientProtocolClient.java:onNext(264)) - client-D9B31DDCE961->18b22b39-7551-46dd-8464-dd74933c4739: receive RaftClientReply:client-D9B31DDCE961->18b22b39-7551-46dd-8464-dd74933c4739@group-597320EF17B3, cid=3823, SUCCESS, logIndex=5733, commits[18b22b39-7551-46dd-8464-dd74933c4739:c5734, 76d6a15c-8eeb-4764-b555-ce8767d18d57:c5730, c90dcfdf-5973-4b56-a955-1fc4555f10cb:c5730]
2019-09-19 11:27:05,091 [grpc-default-executor-1] INFO  client.GrpcClientProtocolClient (GrpcClientProtocolClient.java:onNext(264)) - client-D9B31DDCE961->18b22b39-7551-46dd-8464-dd74933c4739: receive RaftClientReply:client-D9B31DDCE961->18b22b39-7551-46dd-8464-dd74933c4739@group-597320EF17B3, cid=3824, SUCCESS, logIndex=5734, commits[18b22b39-7551-46dd-8464-dd74933c4739:c5734, 76d6a15c-8eeb-4764-b555-ce8767d18d57:c5730, c90dcfdf-5973-4b56-a955-1fc4555f10cb:c5730]
2019-09-19 11:27:05,108 [grpc-default-executor-1] INFO  client.GrpcClientProtocolClient (GrpcClientProtocolClient.java:onNext(264)) - client-D9B31DDCE961->18b22b39-7551-46dd-8464-dd74933c4739: receive RaftClientReply:client-D9B31DDCE961->18b22b39-7551-46dd-8464-dd74933c4739@group-597320EF17B3, cid=3825, SUCCESS, logIndex=0, commits[18b22b39-7551-46dd-8464-dd74933c4739:c5736, 76d6a15c-8eeb-4764-b555-ce8767d18d57:c5734, c90dcfdf-5973-4b56-a955-1fc4555f10cb:c5734]
2019-09-19 11:27:05,150 [grpc-default-executor-6] INFO  client.GrpcClientProtocolClient (GrpcClientProtocolClient.java:onNext(264)) - client-D9B31DDCE961->18b22b39-7551-46dd-8464-dd74933c4739: receive RaftClientReply:client-D9B31DDCE961->18b22b39-7551-46dd-8464-dd74933c4739@group-597320EF17B3, cid=3826, SUCCESS, logIndex=5737, commits[18b22b39-7551-46dd-8464-dd74933c4739:c5737, 76d6a15c-8eeb-4764-b555-ce8767d18d57:c5736, c90dcfdf-5973-4b56-a955-1fc4555f10cb:c5736]
2019-09-19 11:27:05,150 [grpc-default-executor-1] INFO  client.GrpcClientProtocolClient (GrpcClientProtocolClient.java:onNext(264)) - client-D9B31DDCE961->18b22b39-7551-46dd-8464-dd74933c4739: receive RaftClientReply:client-D9B31DDCE961->18b22b39-7551-46dd-8464-dd74933c4739@group-597320EF17B3, cid=3827, SUCCESS, logIndex=5738, commits[18b22b39-7551-46dd-8464-dd74933c4739:c5738, 76d6a15c-8eeb-4764-b555-ce8767d18d57:c5736, c90dcfdf-5973-4b56-a955-1fc4555f10cb:c5736]
2019-09-19 11:27:05,150 [grpc-default-executor-1] INFO  client.GrpcClientProtocolClient (GrpcClientProtocolClient.java:onNext(264)) - client-D9B31DDCE961->18b22b39-7551-46dd-8464-dd74933c4739: receive RaftClientReply:client-D9B31DDCE961->18b22b39-7551-46dd-8464-dd74933c4739@group-597320EF17B3, cid=3828, SUCCESS, logIndex=5739, commits[18b22b39-7551-46dd-8464-dd74933c4739:c5740, 76d6a15c-8eeb-4764-b555-ce8767d18d57:c5736, c90dcfdf-5973-4b56-a955-1fc4555f10cb:c5736]
2019-09-19 11:27:05,151 [grpc-default-executor-1] INFO  client.GrpcClientProtocolClient (GrpcClientProtocolClient.java:onNext(264)) - client-D9B31DDCE961->18b22b39-7551-46dd-8464-dd74933c4739: receive RaftClientReply:client-D9B31DDCE961->18b22b39-7551-46dd-8464-dd74933c4739@group-597320EF17B3, cid=3829, SUCCESS, logIndex=5740, commits[18b22b39-7551-46dd-8464-dd74933c4739:c5740, 76d6a15c-8eeb-4764-b555-ce8767d18d57:c5736, c90dcfdf-5973-4b56-a955-1fc4555f10cb:c5736]
2019-09-19 11:27:05,152 [grpc-default-executor-6] INFO  client.GrpcClientProtocolClient (GrpcClientProtocolClient.java:onNext(264)) - client-D9B31DDCE961->18b22b39-7551-46dd-8464-dd74933c4739: receive RaftClientReply:client-D9B31DDCE961->18b22b39-7551-46dd-8464-dd74933c4739@group-597320EF17B3, cid=3830, SUCCESS, logIndex=0, commits[18b22b39-7551-46dd-8464-dd74933c4739:c5742, 76d6a15c-8eeb-4764-b555-ce8767d18d57:c5738, c90dcfdf-5973-4b56-a955-1fc4555f10cb:c5738]
2019-09-19 11:27:05,180 [grpc-default-executor-6] INFO  client.GrpcClientProtocolClient (GrpcClientProtocolClient.java:onNext(264)) - client-D9B31DDCE961->18b22b39-7551-46dd-8464-dd74933c4739: receive RaftClientReply:client-D9B31DDCE961->18b22b39-7551-46dd-8464-dd74933c4739@group-597320EF17B3, cid=3831, SUCCESS, logIndex=5745, commits[18b22b39-7551-46dd-8464-dd74933c4739:c5746, 76d6a15c-8eeb-4764-b555-ce8767d18d57:c5744, c90dcfdf-5973-4b56-a955-1fc4555f10cb:c5744]
2019-09-19 11:27:05,180 [grpc-default-executor-6] INFO  client.GrpcClientProtocolClient (GrpcClientProtocolClient.java:onNext(264)) - client-D9B31DDCE961->18b22b39-7551-46dd-8464-dd74933c4739: receive RaftClientReply:client-D9B31DDCE961->18b22b39-7551-46dd-8464-dd74933c4739@group-597320EF17B3, cid=3832, SUCCESS, logIndex=5746, commits[18b22b39-7551-46dd-8464-dd74933c4739:c5746, 76d6a15c-8eeb-4764-b555-ce8767d18d57:c5744, c90dcfdf-5973-4b56-a955-1fc4555f10cb:c5744]
2019-09-19 11:27:05,198 [grpc-default-executor-1] INFO  client.GrpcClientProtocolClient (GrpcClientProtocolClient.java:onNext(264)) - client-D9B31DDCE961->18b22b39-7551-46dd-8464-dd74933c4739: receive RaftClientReply:client-D9B31DDCE961->18b22b39-7551-46dd-8464-dd74933c4739@group-597320EF17B3, cid=3833, SUCCESS, logIndex=5749, commits[18b22b39-7551-46dd-8464-dd74933c4739:c5749, 76d6a15c-8eeb-4764-b555-ce8767d18d57:c5746, c90dcfdf-5973-4b56-a955-1fc4555f10cb:c5746]
2019-09-19 11:27:05,198 [grpc-default-executor-1] INFO  client.GrpcClientProtocolClient (GrpcClientProtocolClient.java:onNext(264)) - client-D9B31DDCE961->18b22b39-7551-46dd-8464-dd74933c4739: receive RaftClientReply:client-D9B31DDCE961->18b22b39-7551-46dd-8464-dd74933c4739@group-597320EF17B3, cid=3834, SUCCESS, logIndex=5750, commits[18b22b39-7551-46dd-8464-dd74933c4739:c5750, 76d6a15c-8eeb-4764-b555-ce8767d18d57:c5746, c90dcfdf-5973-4b56-a955-1fc4555f10cb:c5746]
2019-09-19 11:27:05,205 [grpc-default-executor-1] INFO  client.GrpcClientProtocolClient (GrpcClientProtocolClient.java:onNext(264)) - client-D9B31DDCE961->18b22b39-7551-46dd-8464-dd74933c4739: receive RaftClientReply:client-D9B31DDCE961->18b22b39-7551-46dd-8464-dd74933c4739@group-597320EF17B3, cid=3835, SUCCESS, logIndex=0, commits[18b22b39-7551-46dd-8464-dd74933c4739:c5752, 76d6a15c-8eeb-4764-b555-ce8767d18d57:c5750, c90dcfdf-5973-4b56-a955-1fc4555f10cb:c5750]
2019-09-19 11:27:05,238 [grpc-default-executor-6] INFO  client.GrpcClientProtocolClient (GrpcClientProtocolClient.java:onNext(264)) - client-D9B31DDCE961->18b22b39-7551-46dd-8464-dd74933c4739: receive RaftClientReply:client-D9B31DDCE961->18b22b39-7551-46dd-8464-dd74933c4739@group-597320EF17B3, cid=3836, SUCCESS, logIndex=5753, commits[18b22b39-7551-46dd-8464-dd74933c4739:c5754, 76d6a15c-8eeb-4764-b555-ce8767d18d57:c5752, c90dcfdf-5973-4b56-a955-1fc4555f10cb:c5752]
2019-09-19 11:27:05,238 [grpc-default-executor-6] INFO  client.GrpcClientProtocolClient (GrpcClientProtocolClient.java:onNext(264)) - client-D9B31DDCE961->18b22b39-7551-46dd-8464-dd74933c4739: receive RaftClientReply:client-D9B31DDCE961->18b22b39-7551-46dd-8464-dd74933c4739@group-597320EF17B3, cid=3837, SUCCESS, logIndex=5754, commits[18b22b39-7551-46dd-8464-dd74933c4739:c5754, 76d6a15c-8eeb-4764-b555-ce8767d18d57:c5752, c90dcfdf-5973-4b56-a955-1fc4555f10cb:c5752]
2019-09-19 11:27:05,240 [grpc-default-executor-6] INFO  client.GrpcClientProtocolClient (GrpcClientProtocolClient.java:onNext(264)) - client-D9B31DDCE961->18b22b39-7551-46dd-8464-dd74933c4739: receive RaftClientReply:client-D9B31DDCE961->18b22b39-7551-46dd-8464-dd74933c4739@group-597320EF17B3, cid=3838, SUCCESS, logIndex=5755, commits[18b22b39-7551-46dd-8464-dd74933c4739:c5756, 76d6a15c-8eeb-4764-b555-ce8767d18d57:c5752, c90dcfdf-5973-4b56-a955-1fc4555f10cb:c5752]
2019-09-19 11:27:05,240 [grpc-default-executor-6] INFO  client.GrpcClientProtocolClient (GrpcClientProtocolClient.java:onNext(264)) - client-D9B31DDCE961->18b22b39-7551-46dd-8464-dd74933c4739: receive RaftClientReply:client-D9B31DDCE961->18b22b39-7551-46dd-8464-dd74933c4739@group-597320EF17B3, cid=3839, SUCCESS, logIndex=5756, commits[18b22b39-7551-46dd-8464-dd74933c4739:c5756, 76d6a15c-8eeb-4764-b555-ce8767d18d57:c5752, c90dcfdf-5973-4b56-a955-1fc4555f10cb:c5752]
2019-09-19 11:27:05,253 [grpc-default-executor-6] INFO  client.GrpcClientProtocolClient (GrpcClientProtocolClient.java:onNext(264)) - client-D9B31DDCE961->18b22b39-7551-46dd-8464-dd74933c4739: receive RaftClientReply:client-D9B31DDCE961->18b22b39-7551-46dd-8464-dd74933c4739@group-597320EF17B3, cid=3840, SUCCESS, logIndex=0, commits[18b22b39-7551-46dd-8464-dd74933c4739:c5758, 76d6a15c-8eeb-4764-b555-ce8767d18d57:c5754, c90dcfdf-5973-4b56-a955-1fc4555f10cb:c5754]
2019-09-19 11:27:05,272 [grpc-default-executor-7] INFO  client.GrpcClientProtocolClient (GrpcClientProtocolClient.java:onNext(264)) - client-D9B31DDCE961->18b22b39-7551-46dd-8464-dd74933c4739: receive RaftClientReply:client-D9B31DDCE961->18b22b39-7551-46dd-8464-dd74933c4739@group-597320EF17B3, cid=3841, SUCCESS, logIndex=5761, commits[18b22b39-7551-46dd-8464-dd74933c4739:c5762, 76d6a15c-8eeb-4764-b555-ce8767d18d57:c5760, c90dcfdf-5973-4b56-a955-1fc4555f10cb:c5760]
2019-09-19 11:27:05,272 [grpc-default-executor-7] INFO  client.GrpcClientProtocolClient (GrpcClientProtocolClient.java:onNext(264)) - client-D9B31DDCE961->18b22b39-7551-46dd-8464-dd74933c4739: receive RaftClientReply:client-D9B31DDCE961->18b22b39-7551-46dd-8464-dd74933c4739@group-597320EF17B3, cid=3842, SUCCESS, logIndex=5762, commits[18b22b39-7551-46dd-8464-dd74933c4739:c5762, 76d6a15c-8eeb-4764-b555-ce8767d18d57:c5760, c90dcfdf-5973-4b56-a955-1fc4555f10cb:c5760]
 0.00% |█                                                                                                    |  0/1 Time: 0:01:092019-09-19 11:27:05,399 [grpc-default-executor-7] INFO  client.GrpcClientProtocolClient (GrpcClientProtocolClient.java:onNext(264)) - client-D9B31DDCE961->18b22b39-7551-46dd-8464-dd74933c4739: receive RaftClientReply:client-D9B31DDCE961->18b22b39-7551-46dd-8464-dd74933c4739@group-597320EF17B3, cid=3843, SUCCESS, logIndex=5765, commits[18b22b39-7551-46dd-8464-dd74933c4739:c5766, 76d6a15c-8eeb-4764-b555-ce8767d18d57:c5762, c90dcfdf-5973-4b56-a955-1fc4555f10cb:c5762]
2019-09-19 11:27:05,399 [grpc-default-executor-7] INFO  client.GrpcClientProtocolClient (GrpcClientProtocolClient.java:onNext(264)) - client-D9B31DDCE961->18b22b39-7551-46dd-8464-dd74933c4739: receive RaftClientReply:client-D9B31DDCE961->18b22b39-7551-46dd-8464-dd74933c4739@group-597320EF17B3, cid=3844, SUCCESS, logIndex=5766, commits[18b22b39-7551-46dd-8464-dd74933c4739:c5766, 76d6a15c-8eeb-4764-b555-ce8767d18d57:c5762, c90dcfdf-5973-4b56-a955-1fc4555f10cb:c5762]
2019-09-19 11:27:05,404 [grpc-default-executor-7] INFO  client.GrpcClientProtocolClient (GrpcClientProtocolClient.java:onNext(264)) - client-D9B31DDCE961->18b22b39-7551-46dd-8464-dd74933c4739: receive RaftClientReply:client-D9B31DDCE961->18b22b39-7551-46dd-8464-dd74933c4739@group-597320EF17B3, cid=3845, SUCCESS, logIndex=0, commits[18b22b39-7551-46dd-8464-dd74933c4739:c5768, 76d6a15c-8eeb-4764-b555-ce8767d18d57:c5766, c90dcfdf-5973-4b56-a955-1fc4555f10cb:c5766]
2019-09-19 11:27:05,438 [grpc-default-executor-1] INFO  client.GrpcClientProtocolClient (GrpcClientProtocolClient.java:onNext(264)) - client-D9B31DDCE961->18b22b39-7551-46dd-8464-dd74933c4739: receive RaftClientReply:client-D9B31DDCE961->18b22b39-7551-46dd-8464-dd74933c4739@group-597320EF17B3, cid=3846, SUCCESS, logIndex=5769, commits[18b22b39-7551-46dd-8464-dd74933c4739:c5770, 76d6a15c-8eeb-4764-b555-ce8767d18d57:c5768, c90dcfdf-5973-4b56-a955-1fc4555f10cb:c5768]
2019-09-19 11:27:05,438 [grpc-default-executor-1] INFO  client.GrpcClientProtocolClient (GrpcClientProtocolClient.java:onNext(264)) - client-D9B31DDCE961->18b22b39-7551-46dd-8464-dd74933c4739: receive RaftClientReply:client-D9B31DDCE961->18b22b39-7551-46dd-8464-dd74933c4739@group-597320EF17B3, cid=3847, SUCCESS, logIndex=5770, commits[18b22b39-7551-46dd-8464-dd74933c4739:c5770, 76d6a15c-8eeb-4764-b555-ce8767d18d57:c5768, c90dcfdf-5973-4b56-a955-1fc4555f10cb:c5768]
2019-09-19 11:27:05,438 [grpc-default-executor-1] INFO  client.GrpcClientProtocolClient (GrpcClientProtocolClient.java:onNext(264)) - client-D9B31DDCE961->18b22b39-7551-46dd-8464-dd74933c4739: receive RaftClientReply:client-D9B31DDCE961->18b22b39-7551-46dd-8464-dd74933c4739@group-597320EF17B3, cid=3848, SUCCESS, logIndex=5771, commits[18b22b39-7551-46dd-8464-dd74933c4739:c5771, 76d6a15c-8eeb-4764-b555-ce8767d18d57:c5768, c90dcfdf-5973-4b56-a955-1fc4555f10cb:c5768]
2019-09-19 11:27:05,439 [grpc-default-executor-1] INFO  client.GrpcClientProtocolClient (GrpcClientProtocolClient.java:onNext(264)) - client-D9B31DDCE961->18b22b39-7551-46dd-8464-dd74933c4739: receive RaftClientReply:client-D9B31DDCE961->18b22b39-7551-46dd-8464-dd74933c4739@group-597320EF17B3, cid=3849, SUCCESS, logIndex=5772, commits[18b22b39-7551-46dd-8464-dd74933c4739:c5772, 76d6a15c-8eeb-4764-b555-ce8767d18d57:c5768, c90dcfdf-5973-4b56-a955-1fc4555f10cb:c5768]
2019-09-19 11:27:05,451 [grpc-default-executor-1] INFO  client.GrpcClientProtocolClient (GrpcClientProtocolClient.java:onNext(264)) - client-D9B31DDCE961->18b22b39-7551-46dd-8464-dd74933c4739: receive RaftClientReply:client-D9B31DDCE961->18b22b39-7551-46dd-8464-dd74933c4739@group-597320EF17B3, cid=3850, SUCCESS, logIndex=0, commits[18b22b39-7551-46dd-8464-dd74933c4739:c5774, 76d6a15c-8eeb-4764-b555-ce8767d18d57:c5770, c90dcfdf-5973-4b56-a955-1fc4555f10cb:c5770]
2019-09-19 11:27:05,470 [grpc-default-executor-6] INFO  client.GrpcClientProtocolClient (GrpcClientProtocolClient.java:onNext(264)) - client-D9B31DDCE961->18b22b39-7551-46dd-8464-dd74933c4739: receive RaftClientReply:client-D9B31DDCE961->18b22b39-7551-46dd-8464-dd74933c4739@group-597320EF17B3, cid=3851, SUCCESS, logIndex=5777, commits[18b22b39-7551-46dd-8464-dd74933c4739:c5778, 76d6a15c-8eeb-4764-b555-ce8767d18d57:c5776, c90dcfdf-5973-4b56-a955-1fc4555f10cb:c5776]
2019-09-19 11:27:05,470 [grpc-default-executor-6] INFO  client.GrpcClientProtocolClient (GrpcClientProtocolClient.java:onNext(264)) - client-D9B31DDCE961->18b22b39-7551-46dd-8464-dd74933c4739: receive RaftClientReply:client-D9B31DDCE961->18b22b39-7551-46dd-8464-dd74933c4739@group-597320EF17B3, cid=3852, SUCCESS, logIndex=5778, commits[18b22b39-7551-46dd-8464-dd74933c4739:c5778, 76d6a15c-8eeb-4764-b555-ce8767d18d57:c5776, c90dcfdf-5973-4b56-a955-1fc4555f10cb:c5776]
2019-09-19 11:27:05,494 [grpc-default-executor-7] INFO  client.GrpcClientProtocolClient (GrpcClientProtocolClient.java:onNext(264)) - client-D9B31DDCE961->18b22b39-7551-46dd-8464-dd74933c4739: receive RaftClientReply:client-D9B31DDCE961->18b22b39-7551-46dd-8464-dd74933c4739@group-597320EF17B3, cid=3853, SUCCESS, logIndex=5781, commits[18b22b39-7551-46dd-8464-dd74933c4739:c5782, 76d6a15c-8eeb-4764-b555-ce8767d18d57:c5778, c90dcfdf-5973-4b56-a955-1fc4555f10cb:c5778]
2019-09-19 11:27:05,494 [grpc-default-executor-7] INFO  client.GrpcClientProtocolClient (GrpcClientProtocolClient.java:onNext(264)) - client-D9B31DDCE961->18b22b39-7551-46dd-8464-dd74933c4739: receive RaftClientReply:client-D9B31DDCE961->18b22b39-7551-46dd-8464-dd74933c4739@group-597320EF17B3, cid=3854, SUCCESS, logIndex=5782, commits[18b22b39-7551-46dd-8464-dd74933c4739:c5782, 76d6a15c-8eeb-4764-b555-ce8767d18d57:c5778, c90dcfdf-5973-4b56-a955-1fc4555f10cb:c5778]
2019-09-19 11:27:05,508 [grpc-default-executor-7] INFO  client.GrpcClientProtocolClient (GrpcClientProtocolClient.java:onNext(264)) - client-D9B31DDCE961->18b22b39-7551-46dd-8464-dd74933c4739: receive RaftClientReply:client-D9B31DDCE961->18b22b39-7551-46dd-8464-dd74933c4739@group-597320EF17B3, cid=3855, SUCCESS, logIndex=0, commits[18b22b39-7551-46dd-8464-dd74933c4739:c5784, 76d6a15c-8eeb-4764-b555-ce8767d18d57:c5782, c90dcfdf-5973-4b56-a955-1fc4555f10cb:c5782]
2019-09-19 11:27:05,540 [grpc-default-executor-5] INFO  client.GrpcClientProtocolClient (GrpcClientProtocolClient.java:onNext(264)) - client-D9B31DDCE961->18b22b39-7551-46dd-8464-dd74933c4739: receive RaftClientReply:client-D9B31DDCE961->18b22b39-7551-46dd-8464-dd74933c4739@group-597320EF17B3, cid=3856, SUCCESS, logIndex=5785, commits[18b22b39-7551-46dd-8464-dd74933c4739:c5787, 76d6a15c-8eeb-4764-b555-ce8767d18d57:c5784, c90dcfdf-5973-4b56-a955-1fc4555f10cb:c5784]
2019-09-19 11:27:05,541 [grpc-default-executor-5] INFO  client.GrpcClientProtocolClient (GrpcClientProtocolClient.java:onNext(264)) - client-D9B31DDCE961->18b22b39-7551-46dd-8464-dd74933c4739: receive RaftClientReply:client-D9B31DDCE961->18b22b39-7551-46dd-8464-dd74933c4739@group-597320EF17B3, cid=3857, SUCCESS, logIndex=5786, commits[18b22b39-7551-46dd-8464-dd74933c4739:c5788, 76d6a15c-8eeb-4764-b555-ce8767d18d57:c5784, c90dcfdf-5973-4b56-a955-1fc4555f10cb:c5784]
2019-09-19 11:27:05,541 [grpc-default-executor-5] INFO  client.GrpcClientProtocolClient (GrpcClientProtocolClient.java:onNext(264)) - client-D9B31DDCE961->18b22b39-7551-46dd-8464-dd74933c4739: receive RaftClientReply:client-D9B31DDCE961->18b22b39-7551-46dd-8464-dd74933c4739@group-597320EF17B3, cid=3858, SUCCESS, logIndex=5787, commits[18b22b39-7551-46dd-8464-dd74933c4739:c5788, 76d6a15c-8eeb-4764-b555-ce8767d18d57:c5784, c90dcfdf-5973-4b56-a955-1fc4555f10cb:c5784]
2019-09-19 11:27:05,541 [grpc-default-executor-5] INFO  client.GrpcClientProtocolClient (GrpcClientProtocolClient.java:onNext(264)) - client-D9B31DDCE961->18b22b39-7551-46dd-8464-dd74933c4739: receive RaftClientReply:client-D9B31DDCE961->18b22b39-7551-46dd-8464-dd74933c4739@group-597320EF17B3, cid=3859, SUCCESS, logIndex=5788, commits[18b22b39-7551-46dd-8464-dd74933c4739:c5788, 76d6a15c-8eeb-4764-b555-ce8767d18d57:c5784, c90dcfdf-5973-4b56-a955-1fc4555f10cb:c5784]
2019-09-19 11:27:05,566 [grpc-default-executor-1] INFO  client.GrpcClientProtocolClient (GrpcClientProtocolClient.java:onNext(264)) - client-D9B31DDCE961->18b22b39-7551-46dd-8464-dd74933c4739: receive RaftClientReply:client-D9B31DDCE961->18b22b39-7551-46dd-8464-dd74933c4739@group-597320EF17B3, cid=3860, SUCCESS, logIndex=0, commits[18b22b39-7551-46dd-8464-dd74933c4739:c5790, 76d6a15c-8eeb-4764-b555-ce8767d18d57:c5786, c90dcfdf-5973-4b56-a955-1fc4555f10cb:c5786]
2019-09-19 11:27:05,584 [grpc-default-executor-7] INFO  client.GrpcClientProtocolClient (GrpcClientProtocolClient.java:onNext(264)) - client-D9B31DDCE961->18b22b39-7551-46dd-8464-dd74933c4739: receive RaftClientReply:client-D9B31DDCE961->18b22b39-7551-46dd-8464-dd74933c4739@group-597320EF17B3, cid=3861, SUCCESS, logIndex=5793, commits[18b22b39-7551-46dd-8464-dd74933c4739:c5794, 76d6a15c-8eeb-4764-b555-ce8767d18d57:c5792, c90dcfdf-5973-4b56-a955-1fc4555f10cb:c5792]
2019-09-19 11:27:05,584 [grpc-default-executor-7] INFO  client.GrpcClientProtocolClient (GrpcClientProtocolClient.java:onNext(264)) - client-D9B31DDCE961->18b22b39-7551-46dd-8464-dd74933c4739: receive RaftClientReply:client-D9B31DDCE961->18b22b39-7551-46dd-8464-dd74933c4739@group-597320EF17B3, cid=3862, SUCCESS, logIndex=5794, commits[18b22b39-7551-46dd-8464-dd74933c4739:c5794, 76d6a15c-8eeb-4764-b555-ce8767d18d57:c5792, c90dcfdf-5973-4b56-a955-1fc4555f10cb:c5792]
2019-09-19 11:27:05,596 [grpc-default-executor-7] INFO  client.GrpcClientProtocolClient (GrpcClientProtocolClient.java:onNext(264)) - client-D9B31DDCE961->18b22b39-7551-46dd-8464-dd74933c4739: receive RaftClientReply:client-D9B31DDCE961->18b22b39-7551-46dd-8464-dd74933c4739@group-597320EF17B3, cid=3863, SUCCESS, logIndex=5797, commits[18b22b39-7551-46dd-8464-dd74933c4739:c5798, 76d6a15c-8eeb-4764-b555-ce8767d18d57:c5794, c90dcfdf-5973-4b56-a955-1fc4555f10cb:c5795]
2019-09-19 11:27:05,596 [grpc-default-executor-7] INFO  client.GrpcClientProtocolClient (GrpcClientProtocolClient.java:onNext(264)) - client-D9B31DDCE961->18b22b39-7551-46dd-8464-dd74933c4739: receive RaftClientReply:client-D9B31DDCE961->18b22b39-7551-46dd-8464-dd74933c4739@group-597320EF17B3, cid=3864, SUCCESS, logIndex=5798, commits[18b22b39-7551-46dd-8464-dd74933c4739:c5798, 76d6a15c-8eeb-4764-b555-ce8767d18d57:c5795, c90dcfdf-5973-4b56-a955-1fc4555f10cb:c5795]
2019-09-19 11:27:05,597 [grpc-default-executor-7] INFO  client.GrpcClientProtocolClient (GrpcClientProtocolClient.java:onNext(264)) - client-D9B31DDCE961->18b22b39-7551-46dd-8464-dd74933c4739: receive RaftClientReply:client-D9B31DDCE961->18b22b39-7551-46dd-8464-dd74933c4739@group-597320EF17B3, cid=3865, SUCCESS, logIndex=0, commits[18b22b39-7551-46dd-8464-dd74933c4739:c5799, 76d6a15c-8eeb-4764-b555-ce8767d18d57:c5798, c90dcfdf-5973-4b56-a955-1fc4555f10cb:c5798]
2019-09-19 11:27:05,620 [grpc-default-executor-7] INFO  client.GrpcClientProtocolClient (GrpcClientProtocolClient.java:onNext(264)) - client-D9B31DDCE961->18b22b39-7551-46dd-8464-dd74933c4739: receive RaftClientReply:client-D9B31DDCE961->18b22b39-7551-46dd-8464-dd74933c4739@group-597320EF17B3, cid=3866, SUCCESS, logIndex=5801, commits[18b22b39-7551-46dd-8464-dd74933c4739:c5803, 76d6a15c-8eeb-4764-b555-ce8767d18d57:c5798, c90dcfdf-5973-4b56-a955-1fc4555f10cb:c5800]
2019-09-19 11:27:05,620 [grpc-default-executor-7] INFO  client.GrpcClientProtocolClient (GrpcClientProtocolClient.java:onNext(264)) - client-D9B31DDCE961->18b22b39-7551-46dd-8464-dd74933c4739: receive RaftClientReply:client-D9B31DDCE961->18b22b39-7551-46dd-8464-dd74933c4739@group-597320EF17B3, cid=3867, SUCCESS, logIndex=5802, commits[18b22b39-7551-46dd-8464-dd74933c4739:c5804, 76d6a15c-8eeb-4764-b555-ce8767d18d57:c5800, c90dcfdf-5973-4b56-a955-1fc4555f10cb:c5800]
2019-09-19 11:27:05,620 [grpc-default-executor-7] INFO  client.GrpcClientProtocolClient (GrpcClientProtocolClient.java:onNext(264)) - client-D9B31DDCE961->18b22b39-7551-46dd-8464-dd74933c4739: receive RaftClientReply:client-D9B31DDCE961->18b22b39-7551-46dd-8464-dd74933c4739@group-597320EF17B3, cid=3868, SUCCESS, logIndex=5803, commits[18b22b39-7551-46dd-8464-dd74933c4739:c5804, 76d6a15c-8eeb-4764-b555-ce8767d18d57:c5800, c90dcfdf-5973-4b56-a955-1fc4555f10cb:c5800]
2019-09-19 11:27:05,620 [grpc-default-executor-7] INFO  client.GrpcClientProtocolClient (GrpcClientProtocolClient.java:onNext(264)) - client-D9B31DDCE961->18b22b39-7551-46dd-8464-dd74933c4739: receive RaftClientReply:client-D9B31DDCE961->18b22b39-7551-46dd-8464-dd74933c4739@group-597320EF17B3, cid=3869, SUCCESS, logIndex=5804, commits[18b22b39-7551-46dd-8464-dd74933c4739:c5804, 76d6a15c-8eeb-4764-b555-ce8767d18d57:c5800, c90dcfdf-5973-4b56-a955-1fc4555f10cb:c5800]
2019-09-19 11:27:05,622 [grpc-default-executor-1] INFO  client.GrpcClientProtocolClient (GrpcClientProtocolClient.java:onNext(264)) - client-D9B31DDCE961->18b22b39-7551-46dd-8464-dd74933c4739: receive RaftClientReply:client-D9B31DDCE961->18b22b39-7551-46dd-8464-dd74933c4739@group-597320EF17B3, cid=3870, SUCCESS, logIndex=0, commits[18b22b39-7551-46dd-8464-dd74933c4739:c5804, 76d6a15c-8eeb-4764-b555-ce8767d18d57:c5802, c90dcfdf-5973-4b56-a955-1fc4555f10cb:c5802]
2019-09-19 11:27:05,633 [grpc-default-executor-5] INFO  client.GrpcClientProtocolClient (GrpcClientProtocolClient.java:onNext(264)) - client-D9B31DDCE961->18b22b39-7551-46dd-8464-dd74933c4739: receive RaftClientReply:client-D9B31DDCE961->18b22b39-7551-46dd-8464-dd74933c4739@group-597320EF17B3, cid=3871, SUCCESS, logIndex=5809, commits[18b22b39-7551-46dd-8464-dd74933c4739:c5810, 76d6a15c-8eeb-4764-b555-ce8767d18d57:c5808, c90dcfdf-5973-4b56-a955-1fc4555f10cb:c5804]
2019-09-19 11:27:05,633 [grpc-default-executor-5] INFO  client.GrpcClientProtocolClient (GrpcClientProtocolClient.java:onNext(264)) - client-D9B31DDCE961->18b22b39-7551-46dd-8464-dd74933c4739: receive RaftClientReply:client-D9B31DDCE961->18b22b39-7551-46dd-8464-dd74933c4739@group-597320EF17B3, cid=3872, SUCCESS, logIndex=5810, commits[18b22b39-7551-46dd-8464-dd74933c4739:c5810, 76d6a15c-8eeb-4764-b555-ce8767d18d57:c5808, c90dcfdf-5973-4b56-a955-1fc4555f10cb:c5808]
2019-09-19 11:27:05,643 [grpc-default-executor-5] INFO  client.GrpcClientProtocolClient (GrpcClientProtocolClient.java:onNext(264)) - client-D9B31DDCE961->18b22b39-7551-46dd-8464-dd74933c4739: receive RaftClientReply:client-D9B31DDCE961->18b22b39-7551-46dd-8464-dd74933c4739@group-597320EF17B3, cid=3873, SUCCESS, logIndex=5813, commits[18b22b39-7551-46dd-8464-dd74933c4739:c5814, 76d6a15c-8eeb-4764-b555-ce8767d18d57:c5812, c90dcfdf-5973-4b56-a955-1fc4555f10cb:c5810]
2019-09-19 11:27:05,643 [grpc-default-executor-5] INFO  client.GrpcClientProtocolClient (GrpcClientProtocolClient.java:onNext(264)) - client-D9B31DDCE961->18b22b39-7551-46dd-8464-dd74933c4739: receive RaftClientReply:client-D9B31DDCE961->18b22b39-7551-46dd-8464-dd74933c4739@group-597320EF17B3, cid=3874, SUCCESS, logIndex=5814, commits[18b22b39-7551-46dd-8464-dd74933c4739:c5814, 76d6a15c-8eeb-4764-b555-ce8767d18d57:c5812, c90dcfdf-5973-4b56-a955-1fc4555f10cb:c5812]
2019-09-19 11:27:05,647 [grpc-default-executor-5] INFO  client.GrpcClientProtocolClient (GrpcClientProtocolClient.java:onNext(264)) - client-D9B31DDCE961->18b22b39-7551-46dd-8464-dd74933c4739: receive RaftClientReply:client-D9B31DDCE961->18b22b39-7551-46dd-8464-dd74933c4739@group-597320EF17B3, cid=3875, SUCCESS, logIndex=0, commits[18b22b39-7551-46dd-8464-dd74933c4739:c5816, 76d6a15c-8eeb-4764-b555-ce8767d18d57:c5814, c90dcfdf-5973-4b56-a955-1fc4555f10cb:c5814]
2019-09-19 11:27:05,669 [grpc-default-executor-5] INFO  client.GrpcClientProtocolClient (GrpcClientProtocolClient.java:onNext(264)) - client-D9B31DDCE961->18b22b39-7551-46dd-8464-dd74933c4739: receive RaftClientReply:client-D9B31DDCE961->18b22b39-7551-46dd-8464-dd74933c4739@group-597320EF17B3, cid=3876, SUCCESS, logIndex=5817, commits[18b22b39-7551-46dd-8464-dd74933c4739:c5818, 76d6a15c-8eeb-4764-b555-ce8767d18d57:c5816, c90dcfdf-5973-4b56-a955-1fc4555f10cb:c5814]
2019-09-19 11:27:05,670 [grpc-default-executor-5] INFO  client.GrpcClientProtocolClient (GrpcClientProtocolClient.java:onNext(264)) - client-D9B31DDCE961->18b22b39-7551-46dd-8464-dd74933c4739: receive RaftClientReply:client-D9B31DDCE961->18b22b39-7551-46dd-8464-dd74933c4739@group-597320EF17B3, cid=3877, SUCCESS, logIndex=5818, commits[18b22b39-7551-46dd-8464-dd74933c4739:c5818, 76d6a15c-8eeb-4764-b555-ce8767d18d57:c5816, c90dcfdf-5973-4b56-a955-1fc4555f10cb:c5814]
2019-09-19 11:27:05,696 [grpc-default-executor-7] INFO  client.GrpcClientProtocolClient (GrpcClientProtocolClient.java:onNext(264)) - client-D9B31DDCE961->18b22b39-7551-46dd-8464-dd74933c4739: receive RaftClientReply:client-D9B31DDCE961->18b22b39-7551-46dd-8464-dd74933c4739@group-597320EF17B3, cid=3878, SUCCESS, logIndex=5819, commits[18b22b39-7551-46dd-8464-dd74933c4739:c5820, 76d6a15c-8eeb-4764-b555-ce8767d18d57:c5816, c90dcfdf-5973-4b56-a955-1fc4555f10cb:c5816]
2019-09-19 11:27:05,696 [grpc-default-executor-7] INFO  client.GrpcClientProtocolClient (GrpcClientProtocolClient.java:onNext(264)) - client-D9B31DDCE961->18b22b39-7551-46dd-8464-dd74933c4739: receive RaftClientReply:client-D9B31DDCE961->18b22b39-7551-46dd-8464-dd74933c4739@group-597320EF17B3, cid=3879, SUCCESS, logIndex=5820, commits[18b22b39-7551-46dd-8464-dd74933c4739:c5821, 76d6a15c-8eeb-4764-b555-ce8767d18d57:c5816, c90dcfdf-5973-4b56-a955-1fc4555f10cb:c5818]
2019-09-19 11:27:05,709 [grpc-default-executor-6] INFO  client.GrpcClientProtocolClient (GrpcClientProtocolClient.java:onNext(264)) - client-D9B31DDCE961->18b22b39-7551-46dd-8464-dd74933c4739: receive RaftClientReply:client-D9B31DDCE961->18b22b39-7551-46dd-8464-dd74933c4739@group-597320EF17B3, cid=3880, SUCCESS, logIndex=0, commits[18b22b39-7551-46dd-8464-dd74933c4739:c5822, 76d6a15c-8eeb-4764-b555-ce8767d18d57:c5818, c90dcfdf-5973-4b56-a955-1fc4555f10cb:c5818]
2019-09-19 11:27:05,723 [grpc-default-executor-7] INFO  client.GrpcClientProtocolClient (GrpcClientProtocolClient.java:onNext(264)) - client-D9B31DDCE961->18b22b39-7551-46dd-8464-dd74933c4739: receive RaftClientReply:client-D9B31DDCE961->18b22b39-7551-46dd-8464-dd74933c4739@group-597320EF17B3, cid=3881, SUCCESS, logIndex=5825, commits[18b22b39-7551-46dd-8464-dd74933c4739:c5825, 76d6a15c-8eeb-4764-b555-ce8767d18d57:c5822, c90dcfdf-5973-4b56-a955-1fc4555f10cb:c5822]
2019-09-19 11:27:05,723 [grpc-default-executor-7] INFO  client.GrpcClientProtocolClient (GrpcClientProtocolClient.java:onNext(264)) - client-D9B31DDCE961->18b22b39-7551-46dd-8464-dd74933c4739: receive RaftClientReply:client-D9B31DDCE961->18b22b39-7551-46dd-8464-dd74933c4739@group-597320EF17B3, cid=3882, SUCCESS, logIndex=5826, commits[18b22b39-7551-46dd-8464-dd74933c4739:c5826, 76d6a15c-8eeb-4764-b555-ce8767d18d57:c5822, c90dcfdf-5973-4b56-a955-1fc4555f10cb:c5822]
2019-09-19 11:27:05,755 [grpc-default-executor-7] INFO  client.GrpcClientProtocolClient (GrpcClientProtocolClient.java:onNext(264)) - client-D9B31DDCE961->18b22b39-7551-46dd-8464-dd74933c4739: receive RaftClientReply:client-D9B31DDCE961->18b22b39-7551-46dd-8464-dd74933c4739@group-597320EF17B3, cid=3883, SUCCESS, logIndex=5829, commits[18b22b39-7551-46dd-8464-dd74933c4739:c5830, 76d6a15c-8eeb-4764-b555-ce8767d18d57:c5826, c90dcfdf-5973-4b56-a955-1fc4555f10cb:c5825]
2019-09-19 11:27:05,755 [grpc-default-executor-7] INFO  client.GrpcClientProtocolClient (GrpcClientProtocolClient.java:onNext(264)) - client-D9B31DDCE961->18b22b39-7551-46dd-8464-dd74933c4739: receive RaftClientReply:client-D9B31DDCE961->18b22b39-7551-46dd-8464-dd74933c4739@group-597320EF17B3, cid=3884, SUCCESS, logIndex=5830, commits[18b22b39-7551-46dd-8464-dd74933c4739:c5830, 76d6a15c-8eeb-4764-b555-ce8767d18d57:c5826, c90dcfdf-5973-4b56-a955-1fc4555f10cb:c5825]
2019-09-19 11:27:05,756 [grpc-default-executor-7] INFO  client.GrpcClientProtocolClient (GrpcClientProtocolClient.java:onNext(264)) - client-D9B31DDCE961->18b22b39-7551-46dd-8464-dd74933c4739: receive RaftClientReply:client-D9B31DDCE961->18b22b39-7551-46dd-8464-dd74933c4739@group-597320EF17B3, cid=3885, SUCCESS, logIndex=0, commits[18b22b39-7551-46dd-8464-dd74933c4739:c5830, 76d6a15c-8eeb-4764-b555-ce8767d18d57:c5826, c90dcfdf-5973-4b56-a955-1fc4555f10cb:c5826]
2019-09-19 11:27:05,766 [grpc-default-executor-7] INFO  client.GrpcClientProtocolClient (GrpcClientProtocolClient.java:onNext(264)) - client-D9B31DDCE961->18b22b39-7551-46dd-8464-dd74933c4739: receive RaftClientReply:client-D9B31DDCE961->18b22b39-7551-46dd-8464-dd74933c4739@group-597320EF17B3, cid=3886, SUCCESS, logIndex=0, commits[18b22b39-7551-46dd-8464-dd74933c4739:c5831, 76d6a15c-8eeb-4764-b555-ce8767d18d57:c5830, c90dcfdf-5973-4b56-a955-1fc4555f10cb:c5830]
2019-09-19 11:27:05,797 [grpc-default-executor-5] INFO  client.GrpcClientProtocolClient (GrpcClientProtocolClient.java:onNext(264)) - client-D9B31DDCE961->18b22b39-7551-46dd-8464-dd74933c4739: receive RaftClientReply:client-D9B31DDCE961->18b22b39-7551-46dd-8464-dd74933c4739@group-597320EF17B3, cid=3887, SUCCESS, logIndex=5832, commits[18b22b39-7551-46dd-8464-dd74933c4739:c5833, 76d6a15c-8eeb-4764-b555-ce8767d18d57:c5831, c90dcfdf-5973-4b56-a955-1fc4555f10cb:c5831]
2019-09-19 11:27:05,797 [grpc-default-executor-5] INFO  client.GrpcClientProtocolClient (GrpcClientProtocolClient.java:onNext(264)) - client-D9B31DDCE961->18b22b39-7551-46dd-8464-dd74933c4739: receive RaftClientReply:client-D9B31DDCE961->18b22b39-7551-46dd-8464-dd74933c4739@group-597320EF17B3, cid=3888, SUCCESS, logIndex=5833, commits[18b22b39-7551-46dd-8464-dd74933c4739:c5833, 76d6a15c-8eeb-4764-b555-ce8767d18d57:c5831, c90dcfdf-5973-4b56-a955-1fc4555f10cb:c5831]
2019-09-19 11:27:05,807 [grpc-default-executor-6] INFO  client.GrpcClientProtocolClient (GrpcClientProtocolClient.java:onNext(264)) - client-D9B31DDCE961->18b22b39-7551-46dd-8464-dd74933c4739: receive RaftClientReply:client-D9B31DDCE961->18b22b39-7551-46dd-8464-dd74933c4739@group-597320EF17B3, cid=3889, SUCCESS, logIndex=5834, commits[18b22b39-7551-46dd-8464-dd74933c4739:c5835, 76d6a15c-8eeb-4764-b555-ce8767d18d57:c5831, c90dcfdf-5973-4b56-a955-1fc4555f10cb:c5831]
2019-09-19 11:27:05,807 [grpc-default-executor-6] INFO  client.GrpcClientProtocolClient (GrpcClientProtocolClient.java:onNext(264)) - client-D9B31DDCE961->18b22b39-7551-46dd-8464-dd74933c4739: receive RaftClientReply:client-D9B31DDCE961->18b22b39-7551-46dd-8464-dd74933c4739@group-597320EF17B3, cid=3890, SUCCESS, logIndex=5835, commits[18b22b39-7551-46dd-8464-dd74933c4739:c5835, 76d6a15c-8eeb-4764-b555-ce8767d18d57:c5831, c90dcfdf-5973-4b56-a955-1fc4555f10cb:c5831]
2019-09-19 11:27:05,823 [grpc-default-executor-5] INFO  client.GrpcClientProtocolClient (GrpcClientProtocolClient.java:onNext(264)) - client-D9B31DDCE961->18b22b39-7551-46dd-8464-dd74933c4739: receive RaftClientReply:client-D9B31DDCE961->18b22b39-7551-46dd-8464-dd74933c4739@group-597320EF17B3, cid=3891, SUCCESS, logIndex=0, commits[18b22b39-7551-46dd-8464-dd74933c4739:c5837, 76d6a15c-8eeb-4764-b555-ce8767d18d57:c5833, c90dcfdf-5973-4b56-a955-1fc4555f10cb:c5835]
2019-09-19 11:27:05,848 [grpc-default-executor-5] INFO  client.GrpcClientProtocolClient (GrpcClientProtocolClient.java:onNext(264)) - client-D9B31DDCE961->18b22b39-7551-46dd-8464-dd74933c4739: receive RaftClientReply:client-D9B31DDCE961->18b22b39-7551-46dd-8464-dd74933c4739@group-597320EF17B3, cid=3892, SUCCESS, logIndex=5839, commits[18b22b39-7551-46dd-8464-dd74933c4739:c5840, 76d6a15c-8eeb-4764-b555-ce8767d18d57:c5837, c90dcfdf-5973-4b56-a955-1fc4555f10cb:c5837]
2019-09-19 11:27:05,848 [grpc-default-executor-5] INFO  client.GrpcClientProtocolClient (GrpcClientProtocolClient.java:onNext(264)) - client-D9B31DDCE961->18b22b39-7551-46dd-8464-dd74933c4739: receive RaftClientReply:client-D9B31DDCE961->18b22b39-7551-46dd-8464-dd74933c4739@group-597320EF17B3, cid=3893, SUCCESS, logIndex=5840, commits[18b22b39-7551-46dd-8464-dd74933c4739:c5840, 76d6a15c-8eeb-4764-b555-ce8767d18d57:c5837, c90dcfdf-5973-4b56-a955-1fc4555f10cb:c5837]
2019-09-19 11:27:05,876 [grpc-default-executor-5] INFO  client.GrpcClientProtocolClient (GrpcClientProtocolClient.java:onNext(264)) - client-D9B31DDCE961->18b22b39-7551-46dd-8464-dd74933c4739: receive RaftClientReply:client-D9B31DDCE961->18b22b39-7551-46dd-8464-dd74933c4739@group-597320EF17B3, cid=3894, SUCCESS, logIndex=5843, commits[18b22b39-7551-46dd-8464-dd74933c4739:c5844, 76d6a15c-8eeb-4764-b555-ce8767d18d57:c5840, c90dcfdf-5973-4b56-a955-1fc4555f10cb:c5840]
2019-09-19 11:27:05,876 [grpc-default-executor-5] INFO  client.GrpcClientProtocolClient (GrpcClientProtocolClient.java:onNext(264)) - client-D9B31DDCE961->18b22b39-7551-46dd-8464-dd74933c4739: receive RaftClientReply:client-D9B31DDCE961->18b22b39-7551-46dd-8464-dd74933c4739@group-597320EF17B3, cid=3895, SUCCESS, logIndex=5844, commits[18b22b39-7551-46dd-8464-dd74933c4739:c5844, 76d6a15c-8eeb-4764-b555-ce8767d18d57:c5840, c90dcfdf-5973-4b56-a955-1fc4555f10cb:c5840]
2019-09-19 11:27:05,893 [grpc-default-executor-5] INFO  client.GrpcClientProtocolClient (GrpcClientProtocolClient.java:onNext(264)) - client-D9B31DDCE961->18b22b39-7551-46dd-8464-dd74933c4739: receive RaftClientReply:client-D9B31DDCE961->18b22b39-7551-46dd-8464-dd74933c4739@group-597320EF17B3, cid=3896, SUCCESS, logIndex=0, commits[18b22b39-7551-46dd-8464-dd74933c4739:c5846, 76d6a15c-8eeb-4764-b555-ce8767d18d57:c5844, c90dcfdf-5973-4b56-a955-1fc4555f10cb:c5844]
2019-09-19 11:27:05,915 [grpc-default-executor-5] INFO  client.GrpcClientProtocolClient (GrpcClientProtocolClient.java:onNext(264)) - client-D9B31DDCE961->18b22b39-7551-46dd-8464-dd74933c4739: receive RaftClientReply:client-D9B31DDCE961->18b22b39-7551-46dd-8464-dd74933c4739@group-597320EF17B3, cid=3897, SUCCESS, logIndex=5847, commits[18b22b39-7551-46dd-8464-dd74933c4739:c5848, 76d6a15c-8eeb-4764-b555-ce8767d18d57:c5846, c90dcfdf-5973-4b56-a955-1fc4555f10cb:c5844]
2019-09-19 11:27:05,915 [grpc-default-executor-5] INFO  client.GrpcClientProtocolClient (GrpcClientProtocolClient.java:onNext(264)) - client-D9B31DDCE961->18b22b39-7551-46dd-8464-dd74933c4739: receive RaftClientReply:client-D9B31DDCE961->18b22b39-7551-46dd-8464-dd74933c4739@group-597320EF17B3, cid=3898, SUCCESS, logIndex=5848, commits[18b22b39-7551-46dd-8464-dd74933c4739:c5848, 76d6a15c-8eeb-4764-b555-ce8767d18d57:c5846, c90dcfdf-5973-4b56-a955-1fc4555f10cb:c5846]
2019-09-19 11:27:05,918 [grpc-default-executor-6] INFO  client.GrpcClientProtocolClient (GrpcClientProtocolClient.java:onNext(264)) - client-D9B31DDCE961->18b22b39-7551-46dd-8464-dd74933c4739: receive RaftClientReply:client-D9B31DDCE961->18b22b39-7551-46dd-8464-dd74933c4739@group-597320EF17B3, cid=3899, SUCCESS, logIndex=5849, commits[18b22b39-7551-46dd-8464-dd74933c4739:c5850, 76d6a15c-8eeb-4764-b555-ce8767d18d57:c5846, c90dcfdf-5973-4b56-a955-1fc4555f10cb:c5846]
2019-09-19 11:27:05,919 [grpc-default-executor-5] INFO  client.GrpcClientProtocolClient (GrpcClientProtocolClient.java:onNext(264)) - client-D9B31DDCE961->18b22b39-7551-46dd-8464-dd74933c4739: receive RaftClientReply:client-D9B31DDCE961->18b22b39-7551-46dd-8464-dd74933c4739@group-597320EF17B3, cid=3900, SUCCESS, logIndex=5850, commits[18b22b39-7551-46dd-8464-dd74933c4739:c5852, 76d6a15c-8eeb-4764-b555-ce8767d18d57:c5848, c90dcfdf-5973-4b56-a955-1fc4555f10cb:c5846]
2019-09-19 11:27:05,919 [grpc-default-executor-5] INFO  client.GrpcClientProtocolClient (GrpcClientProtocolClient.java:onNext(264)) - client-D9B31DDCE961->18b22b39-7551-46dd-8464-dd74933c4739: receive RaftClientReply:client-D9B31DDCE961->18b22b39-7551-46dd-8464-dd74933c4739@group-597320EF17B3, cid=3901, SUCCESS, logIndex=0, commits[18b22b39-7551-46dd-8464-dd74933c4739:c5852, 76d6a15c-8eeb-4764-b555-ce8767d18d57:c5848, c90dcfdf-5973-4b56-a955-1fc4555f10cb:c5848]
2019-09-19 11:27:05,949 [grpc-default-executor-5] INFO  client.GrpcClientProtocolClient (GrpcClientProtocolClient.java:onNext(264)) - client-D9B31DDCE961->18b22b39-7551-46dd-8464-dd74933c4739: receive RaftClientReply:client-D9B31DDCE961->18b22b39-7551-46dd-8464-dd74933c4739@group-597320EF17B3, cid=3902, SUCCESS, logIndex=5855, commits[18b22b39-7551-46dd-8464-dd74933c4739:c5856, 76d6a15c-8eeb-4764-b555-ce8767d18d57:c5854, c90dcfdf-5973-4b56-a955-1fc4555f10cb:c5854]
2019-09-19 11:27:05,949 [grpc-default-executor-5] INFO  client.GrpcClientProtocolClient (GrpcClientProtocolClient.java:onNext(264)) - client-D9B31DDCE961->18b22b39-7551-46dd-8464-dd74933c4739: receive RaftClientReply:client-D9B31DDCE961->18b22b39-7551-46dd-8464-dd74933c4739@group-597320EF17B3, cid=3903, SUCCESS, logIndex=5856, commits[18b22b39-7551-46dd-8464-dd74933c4739:c5856, 76d6a15c-8eeb-4764-b555-ce8767d18d57:c5854, c90dcfdf-5973-4b56-a955-1fc4555f10cb:c5854]
2019-09-19 11:27:05,964 [grpc-default-executor-1] INFO  client.GrpcClientProtocolClient (GrpcClientProtocolClient.java:onNext(264)) - client-D9B31DDCE961->18b22b39-7551-46dd-8464-dd74933c4739: receive RaftClientReply:client-D9B31DDCE961->18b22b39-7551-46dd-8464-dd74933c4739@group-597320EF17B3, cid=3904, SUCCESS, logIndex=5859, commits[18b22b39-7551-46dd-8464-dd74933c4739:c5860, 76d6a15c-8eeb-4764-b555-ce8767d18d57:c5856, c90dcfdf-5973-4b56-a955-1fc4555f10cb:c5856]
2019-09-19 11:27:05,964 [grpc-default-executor-1] INFO  client.GrpcClientProtocolClient (GrpcClientProtocolClient.java:onNext(264)) - client-D9B31DDCE961->18b22b39-7551-46dd-8464-dd74933c4739: receive RaftClientReply:client-D9B31DDCE961->18b22b39-7551-46dd-8464-dd74933c4739@group-597320EF17B3, cid=3905, SUCCESS, logIndex=5860, commits[18b22b39-7551-46dd-8464-dd74933c4739:c5860, 76d6a15c-8eeb-4764-b555-ce8767d18d57:c5856, c90dcfdf-5973-4b56-a955-1fc4555f10cb:c5856]
2019-09-19 11:27:05,987 [grpc-default-executor-1] INFO  client.GrpcClientProtocolClient (GrpcClientProtocolClient.java:onNext(264)) - client-D9B31DDCE961->18b22b39-7551-46dd-8464-dd74933c4739: receive RaftClientReply:client-D9B31DDCE961->18b22b39-7551-46dd-8464-dd74933c4739@group-597320EF17B3, cid=3906, SUCCESS, logIndex=0, commits[18b22b39-7551-46dd-8464-dd74933c4739:c5862, 76d6a15c-8eeb-4764-b555-ce8767d18d57:c5860, c90dcfdf-5973-4b56-a955-1fc4555f10cb:c5860]
2019-09-19 11:27:06,028 [grpc-default-executor-1] INFO  client.GrpcClientProtocolClient (GrpcClientProtocolClient.java:onNext(264)) - client-D9B31DDCE961->18b22b39-7551-46dd-8464-dd74933c4739: receive RaftClientReply:client-D9B31DDCE961->18b22b39-7551-46dd-8464-dd74933c4739@group-597320EF17B3, cid=3907, SUCCESS, logIndex=5863, commits[18b22b39-7551-46dd-8464-dd74933c4739:c5864, 76d6a15c-8eeb-4764-b555-ce8767d18d57:c5862, c90dcfdf-5973-4b56-a955-1fc4555f10cb:c5862]
2019-09-19 11:27:06,028 [grpc-default-executor-1] INFO  client.GrpcClientProtocolClient (GrpcClientProtocolClient.java:onNext(264)) - client-D9B31DDCE961->18b22b39-7551-46dd-8464-dd74933c4739: receive RaftClientReply:client-D9B31DDCE961->18b22b39-7551-46dd-8464-dd74933c4739@group-597320EF17B3, cid=3908, SUCCESS, logIndex=5864, commits[18b22b39-7551-46dd-8464-dd74933c4739:c5864, 76d6a15c-8eeb-4764-b555-ce8767d18d57:c5862, c90dcfdf-5973-4b56-a955-1fc4555f10cb:c5862]
2019-09-19 11:27:06,038 [grpc-default-executor-5] INFO  client.GrpcClientProtocolClient (GrpcClientProtocolClient.java:onNext(264)) - client-D9B31DDCE961->18b22b39-7551-46dd-8464-dd74933c4739: receive RaftClientReply:client-D9B31DDCE961->18b22b39-7551-46dd-8464-dd74933c4739@group-597320EF17B3, cid=3909, SUCCESS, logIndex=5865, commits[18b22b39-7551-46dd-8464-dd74933c4739:c5866, 76d6a15c-8eeb-4764-b555-ce8767d18d57:c5862, c90dcfdf-5973-4b56-a955-1fc4555f10cb:c5862]
2019-09-19 11:27:06,038 [grpc-default-executor-5] INFO  client.GrpcClientProtocolClient (GrpcClientProtocolClient.java:onNext(264)) - client-D9B31DDCE961->18b22b39-7551-46dd-8464-dd74933c4739: receive RaftClientReply:client-D9B31DDCE961->18b22b39-7551-46dd-8464-dd74933c4739@group-597320EF17B3, cid=3910, SUCCESS, logIndex=5866, commits[18b22b39-7551-46dd-8464-dd74933c4739:c5866, 76d6a15c-8eeb-4764-b555-ce8767d18d57:c5862, c90dcfdf-5973-4b56-a955-1fc4555f10cb:c5862]
2019-09-19 11:27:06,054 [grpc-default-executor-5] INFO  client.GrpcClientProtocolClient (GrpcClientProtocolClient.java:onNext(264)) - client-D9B31DDCE961->18b22b39-7551-46dd-8464-dd74933c4739: receive RaftClientReply:client-D9B31DDCE961->18b22b39-7551-46dd-8464-dd74933c4739@group-597320EF17B3, cid=3911, SUCCESS, logIndex=0, commits[18b22b39-7551-46dd-8464-dd74933c4739:c5867, 76d6a15c-8eeb-4764-b555-ce8767d18d57:c5864, c90dcfdf-5973-4b56-a955-1fc4555f10cb:c5864]
2019-09-19 11:27:06,066 [grpc-default-executor-5] INFO  client.GrpcClientProtocolClient (GrpcClientProtocolClient.java:onNext(264)) - client-D9B31DDCE961->18b22b39-7551-46dd-8464-dd74933c4739: receive RaftClientReply:client-D9B31DDCE961->18b22b39-7551-46dd-8464-dd74933c4739@group-597320EF17B3, cid=3912, SUCCESS, logIndex=5870, commits[18b22b39-7551-46dd-8464-dd74933c4739:c5871, 76d6a15c-8eeb-4764-b555-ce8767d18d57:c5868, c90dcfdf-5973-4b56-a955-1fc4555f10cb:c5866]
2019-09-19 11:27:06,067 [grpc-default-executor-5] INFO  client.GrpcClientProtocolClient (GrpcClientProtocolClient.java:onNext(264)) - client-D9B31DDCE961->18b22b39-7551-46dd-8464-dd74933c4739: receive RaftClientReply:client-D9B31DDCE961->18b22b39-7551-46dd-8464-dd74933c4739@group-597320EF17B3, cid=3913, SUCCESS, logIndex=5871, commits[18b22b39-7551-46dd-8464-dd74933c4739:c5871, 76d6a15c-8eeb-4764-b555-ce8767d18d57:c5868, c90dcfdf-5973-4b56-a955-1fc4555f10cb:c5868]
2019-09-19 11:27:06,094 [grpc-default-executor-7] INFO  client.GrpcClientProtocolClient (GrpcClientProtocolClient.java:onNext(264)) - client-D9B31DDCE961->18b22b39-7551-46dd-8464-dd74933c4739: receive RaftClientReply:client-D9B31DDCE961->18b22b39-7551-46dd-8464-dd74933c4739@group-597320EF17B3, cid=3914, SUCCESS, logIndex=5873, commits[18b22b39-7551-46dd-8464-dd74933c4739:c5874, 76d6a15c-8eeb-4764-b555-ce8767d18d57:c5871, c90dcfdf-5973-4b56-a955-1fc4555f10cb:c5871]
2019-09-19 11:27:06,094 [grpc-default-executor-7] INFO  client.GrpcClientProtocolClient (GrpcClientProtocolClient.java:onNext(264)) - client-D9B31DDCE961->18b22b39-7551-46dd-8464-dd74933c4739: receive RaftClientReply:client-D9B31DDCE961->18b22b39-7551-46dd-8464-dd74933c4739@group-597320EF17B3, cid=3915, SUCCESS, logIndex=5874, commits[18b22b39-7551-46dd-8464-dd74933c4739:c5874, 76d6a15c-8eeb-4764-b555-ce8767d18d57:c5871, c90dcfdf-5973-4b56-a955-1fc4555f10cb:c5871]
2019-09-19 11:27:06,097 [grpc-default-executor-7] INFO  client.GrpcClientProtocolClient (GrpcClientProtocolClient.java:onNext(264)) - client-D9B31DDCE961->18b22b39-7551-46dd-8464-dd74933c4739: receive RaftClientReply:client-D9B31DDCE961->18b22b39-7551-46dd-8464-dd74933c4739@group-597320EF17B3, cid=3916, SUCCESS, logIndex=0, commits[18b22b39-7551-46dd-8464-dd74933c4739:c5875, 76d6a15c-8eeb-4764-b555-ce8767d18d57:c5874, c90dcfdf-5973-4b56-a955-1fc4555f10cb:c5874]
2019-09-19 11:27:06,119 [grpc-default-executor-1] INFO  client.GrpcClientProtocolClient (GrpcClientProtocolClient.java:onNext(264)) - client-D9B31DDCE961->18b22b39-7551-46dd-8464-dd74933c4739: receive RaftClientReply:client-D9B31DDCE961->18b22b39-7551-46dd-8464-dd74933c4739@group-597320EF17B3, cid=3917, SUCCESS, logIndex=5877, commits[18b22b39-7551-46dd-8464-dd74933c4739:c5878, 76d6a15c-8eeb-4764-b555-ce8767d18d57:c5876, c90dcfdf-5973-4b56-a955-1fc4555f10cb:c5876]
2019-09-19 11:27:06,120 [grpc-default-executor-1] INFO  client.GrpcClientProtocolClient (GrpcClientProtocolClient.java:onNext(264)) - client-D9B31DDCE961->18b22b39-7551-46dd-8464-dd74933c4739: receive RaftClientReply:client-D9B31DDCE961->18b22b39-7551-46dd-8464-dd74933c4739@group-597320EF17B3, cid=3918, SUCCESS, logIndex=5878, commits[18b22b39-7551-46dd-8464-dd74933c4739:c5878, 76d6a15c-8eeb-4764-b555-ce8767d18d57:c5876, c90dcfdf-5973-4b56-a955-1fc4555f10cb:c5876]
2019-09-19 11:27:06,123 [grpc-default-executor-7] INFO  client.GrpcClientProtocolClient (GrpcClientProtocolClient.java:onNext(264)) - client-D9B31DDCE961->18b22b39-7551-46dd-8464-dd74933c4739: receive RaftClientReply:client-D9B31DDCE961->18b22b39-7551-46dd-8464-dd74933c4739@group-597320EF17B3, cid=3919, SUCCESS, logIndex=5879, commits[18b22b39-7551-46dd-8464-dd74933c4739:c5879, 76d6a15c-8eeb-4764-b555-ce8767d18d57:c5876, c90dcfdf-5973-4b56-a955-1fc4555f10cb:c5876]
2019-09-19 11:27:06,123 [grpc-default-executor-7] INFO  client.GrpcClientProtocolClient (GrpcClientProtocolClient.java:onNext(264)) - client-D9B31DDCE961->18b22b39-7551-46dd-8464-dd74933c4739: receive RaftClientReply:client-D9B31DDCE961->18b22b39-7551-46dd-8464-dd74933c4739@group-597320EF17B3, cid=3920, SUCCESS, logIndex=5880, commits[18b22b39-7551-46dd-8464-dd74933c4739:c5880, 76d6a15c-8eeb-4764-b555-ce8767d18d57:c5878, c90dcfdf-5973-4b56-a955-1fc4555f10cb:c5878]
2019-09-19 11:27:06,131 [grpc-default-executor-5] INFO  client.GrpcClientProtocolClient (GrpcClientProtocolClient.java:onNext(264)) - client-D9B31DDCE961->18b22b39-7551-46dd-8464-dd74933c4739: receive RaftClientReply:client-D9B31DDCE961->18b22b39-7551-46dd-8464-dd74933c4739@group-597320EF17B3, cid=3921, SUCCESS, logIndex=5884, commits[18b22b39-7551-46dd-8464-dd74933c4739:c5885, 76d6a15c-8eeb-4764-b555-ce8767d18d57:c5882, c90dcfdf-5973-4b56-a955-1fc4555f10cb:c5879]
2019-09-19 11:27:06,132 [grpc-default-executor-5] INFO  client.GrpcClientProtocolClient (GrpcClientProtocolClient.java:onNext(264)) - client-D9B31DDCE961->18b22b39-7551-46dd-8464-dd74933c4739: receive RaftClientReply:client-D9B31DDCE961->18b22b39-7551-46dd-8464-dd74933c4739@group-597320EF17B3, cid=3922, SUCCESS, logIndex=5885, commits[18b22b39-7551-46dd-8464-dd74933c4739:c5885, 76d6a15c-8eeb-4764-b555-ce8767d18d57:c5882, c90dcfdf-5973-4b56-a955-1fc4555f10cb:c5879]
2019-09-19 11:27:06,133 [grpc-default-executor-5] INFO  client.GrpcClientProtocolClient (GrpcClientProtocolClient.java:onNext(264)) - client-D9B31DDCE961->18b22b39-7551-46dd-8464-dd74933c4739: receive RaftClientReply:client-D9B31DDCE961->18b22b39-7551-46dd-8464-dd74933c4739@group-597320EF17B3, cid=3923, SUCCESS, logIndex=0, commits[18b22b39-7551-46dd-8464-dd74933c4739:c5885, 76d6a15c-8eeb-4764-b555-ce8767d18d57:c5882, c90dcfdf-5973-4b56-a955-1fc4555f10cb:c5882]
2019-09-19 11:27:06,143 [grpc-default-executor-1] INFO  client.GrpcClientProtocolClient (GrpcClientProtocolClient.java:onNext(264)) - client-D9B31DDCE961->18b22b39-7551-46dd-8464-dd74933c4739: receive RaftClientReply:client-D9B31DDCE961->18b22b39-7551-46dd-8464-dd74933c4739@group-597320EF17B3, cid=3924, SUCCESS, logIndex=5888, commits[18b22b39-7551-46dd-8464-dd74933c4739:c5889, 76d6a15c-8eeb-4764-b555-ce8767d18d57:c5885, c90dcfdf-5973-4b56-a955-1fc4555f10cb:c5885]
2019-09-19 11:27:06,143 [grpc-default-executor-1] INFO  client.GrpcClientProtocolClient (GrpcClientProtocolClient.java:onNext(264)) - client-D9B31DDCE961->18b22b39-7551-46dd-8464-dd74933c4739: receive RaftClientReply:client-D9B31DDCE961->18b22b39-7551-46dd-8464-dd74933c4739@group-597320EF17B3, cid=3925, SUCCESS, logIndex=5889, commits[18b22b39-7551-46dd-8464-dd74933c4739:c5889, 76d6a15c-8eeb-4764-b555-ce8767d18d57:c5885, c90dcfdf-5973-4b56-a955-1fc4555f10cb:c5885]
2019-09-19 11:27:06,149 [grpc-default-executor-1] INFO  client.GrpcClientProtocolClient (GrpcClientProtocolClient.java:onNext(264)) - client-D9B31DDCE961->18b22b39-7551-46dd-8464-dd74933c4739: receive RaftClientReply:client-D9B31DDCE961->18b22b39-7551-46dd-8464-dd74933c4739@group-597320EF17B3, cid=3926, SUCCESS, logIndex=0, commits[18b22b39-7551-46dd-8464-dd74933c4739:c5891, 76d6a15c-8eeb-4764-b555-ce8767d18d57:c5889, c90dcfdf-5973-4b56-a955-1fc4555f10cb:c5889]
2019-09-19 11:27:06,187 [grpc-default-executor-5] INFO  client.GrpcClientProtocolClient (GrpcClientProtocolClient.java:onNext(264)) - client-D9B31DDCE961->18b22b39-7551-46dd-8464-dd74933c4739: receive RaftClientReply:client-D9B31DDCE961->18b22b39-7551-46dd-8464-dd74933c4739@group-597320EF17B3, cid=3927, SUCCESS, logIndex=5892, commits[18b22b39-7551-46dd-8464-dd74933c4739:c5893, 76d6a15c-8eeb-4764-b555-ce8767d18d57:c5891, c90dcfdf-5973-4b56-a955-1fc4555f10cb:c5891]
2019-09-19 11:27:06,187 [grpc-default-executor-5] INFO  client.GrpcClientProtocolClient (GrpcClientProtocolClient.java:onNext(264)) - client-D9B31DDCE961->18b22b39-7551-46dd-8464-dd74933c4739: receive RaftClientReply:client-D9B31DDCE961->18b22b39-7551-46dd-8464-dd74933c4739@group-597320EF17B3, cid=3928, SUCCESS, logIndex=5893, commits[18b22b39-7551-46dd-8464-dd74933c4739:c5895, 76d6a15c-8eeb-4764-b555-ce8767d18d57:c5891, c90dcfdf-5973-4b56-a955-1fc4555f10cb:c5891]
2019-09-19 11:27:06,187 [grpc-default-executor-5] INFO  client.GrpcClientProtocolClient (GrpcClientProtocolClient.java:onNext(264)) - client-D9B31DDCE961->18b22b39-7551-46dd-8464-dd74933c4739: receive RaftClientReply:client-D9B31DDCE961->18b22b39-7551-46dd-8464-dd74933c4739@group-597320EF17B3, cid=3929, SUCCESS, logIndex=5894, commits[18b22b39-7551-46dd-8464-dd74933c4739:c5895, 76d6a15c-8eeb-4764-b555-ce8767d18d57:c5891, c90dcfdf-5973-4b56-a955-1fc4555f10cb:c5891]
2019-09-19 11:27:06,188 [grpc-default-executor-5] INFO  client.GrpcClientProtocolClient (GrpcClientProtocolClient.java:onNext(264)) - client-D9B31DDCE961->18b22b39-7551-46dd-8464-dd74933c4739: receive RaftClientReply:client-D9B31DDCE961->18b22b39-7551-46dd-8464-dd74933c4739@group-597320EF17B3, cid=3930, SUCCESS, logIndex=5895, commits[18b22b39-7551-46dd-8464-dd74933c4739:c5895, 76d6a15c-8eeb-4764-b555-ce8767d18d57:c5891, c90dcfdf-5973-4b56-a955-1fc4555f10cb:c5891]
2019-09-19 11:27:06,199 [grpc-default-executor-7] INFO  client.GrpcClientProtocolClient (GrpcClientProtocolClient.java:onNext(264)) - client-D9B31DDCE961->18b22b39-7551-46dd-8464-dd74933c4739: receive RaftClientReply:client-D9B31DDCE961->18b22b39-7551-46dd-8464-dd74933c4739@group-597320EF17B3, cid=3931, SUCCESS, logIndex=0, commits[18b22b39-7551-46dd-8464-dd74933c4739:c5897, 76d6a15c-8eeb-4764-b555-ce8767d18d57:c5893, c90dcfdf-5973-4b56-a955-1fc4555f10cb:c5893]
 0.00% |█                                                                                                    |  0/1 Time: 0:01:102019-09-19 11:27:06,392 [grpc-default-executor-1] INFO  client.GrpcClientProtocolClient (GrpcClientProtocolClient.java:onNext(264)) - client-D9B31DDCE961->18b22b39-7551-46dd-8464-dd74933c4739: receive RaftClientReply:client-D9B31DDCE961->18b22b39-7551-46dd-8464-dd74933c4739@group-597320EF17B3, cid=3932, SUCCESS, logIndex=5899, commits[18b22b39-7551-46dd-8464-dd74933c4739:c5900, 76d6a15c-8eeb-4764-b555-ce8767d18d57:c5898, c90dcfdf-5973-4b56-a955-1fc4555f10cb:c5898]
2019-09-19 11:27:06,393 [grpc-default-executor-1] INFO  client.GrpcClientProtocolClient (GrpcClientProtocolClient.java:onNext(264)) - client-D9B31DDCE961->18b22b39-7551-46dd-8464-dd74933c4739: receive RaftClientReply:client-D9B31DDCE961->18b22b39-7551-46dd-8464-dd74933c4739@group-597320EF17B3, cid=3933, SUCCESS, logIndex=5900, commits[18b22b39-7551-46dd-8464-dd74933c4739:c5900, 76d6a15c-8eeb-4764-b555-ce8767d18d57:c5898, c90dcfdf-5973-4b56-a955-1fc4555f10cb:c5898]
2019-09-19 11:27:06,418 [grpc-default-executor-1] INFO  client.GrpcClientProtocolClient (GrpcClientProtocolClient.java:onNext(264)) - client-D9B31DDCE961->18b22b39-7551-46dd-8464-dd74933c4739: receive RaftClientReply:client-D9B31DDCE961->18b22b39-7551-46dd-8464-dd74933c4739@group-597320EF17B3, cid=3934, SUCCESS, logIndex=5903, commits[18b22b39-7551-46dd-8464-dd74933c4739:c5904, 76d6a15c-8eeb-4764-b555-ce8767d18d57:c5900, c90dcfdf-5973-4b56-a955-1fc4555f10cb:c5900]
2019-09-19 11:27:06,419 [grpc-default-executor-1] INFO  client.GrpcClientProtocolClient (GrpcClientProtocolClient.java:onNext(264)) - client-D9B31DDCE961->18b22b39-7551-46dd-8464-dd74933c4739: receive RaftClientReply:client-D9B31DDCE961->18b22b39-7551-46dd-8464-dd74933c4739@group-597320EF17B3, cid=3935, SUCCESS, logIndex=5904, commits[18b22b39-7551-46dd-8464-dd74933c4739:c5904, 76d6a15c-8eeb-4764-b555-ce8767d18d57:c5900, c90dcfdf-5973-4b56-a955-1fc4555f10cb:c5900]
2019-09-19 11:27:06,436 [grpc-default-executor-7] INFO  client.GrpcClientProtocolClient (GrpcClientProtocolClient.java:onNext(264)) - client-D9B31DDCE961->18b22b39-7551-46dd-8464-dd74933c4739: receive RaftClientReply:client-D9B31DDCE961->18b22b39-7551-46dd-8464-dd74933c4739@group-597320EF17B3, cid=3936, SUCCESS, logIndex=0, commits[18b22b39-7551-46dd-8464-dd74933c4739:c5905, 76d6a15c-8eeb-4764-b555-ce8767d18d57:c5904, c90dcfdf-5973-4b56-a955-1fc4555f10cb:c5904]
2019-09-19 11:27:06,467 [grpc-default-executor-5] INFO  client.GrpcClientProtocolClient (GrpcClientProtocolClient.java:onNext(264)) - client-D9B31DDCE961->18b22b39-7551-46dd-8464-dd74933c4739: receive RaftClientReply:client-D9B31DDCE961->18b22b39-7551-46dd-8464-dd74933c4739@group-597320EF17B3, cid=3937, SUCCESS, logIndex=5907, commits[18b22b39-7551-46dd-8464-dd74933c4739:c5908, 76d6a15c-8eeb-4764-b555-ce8767d18d57:c5906, c90dcfdf-5973-4b56-a955-1fc4555f10cb:c5906]
2019-09-19 11:27:06,468 [grpc-default-executor-5] INFO  client.GrpcClientProtocolClient (GrpcClientProtocolClient.java:onNext(264)) - client-D9B31DDCE961->18b22b39-7551-46dd-8464-dd74933c4739: receive RaftClientReply:client-D9B31DDCE961->18b22b39-7551-46dd-8464-dd74933c4739@group-597320EF17B3, cid=3938, SUCCESS, logIndex=5908, commits[18b22b39-7551-46dd-8464-dd74933c4739:c5908, 76d6a15c-8eeb-4764-b555-ce8767d18d57:c5906, c90dcfdf-5973-4b56-a955-1fc4555f10cb:c5906]
2019-09-19 11:27:06,480 [grpc-default-executor-7] INFO  client.GrpcClientProtocolClient (GrpcClientProtocolClient.java:onNext(264)) - client-D9B31DDCE961->18b22b39-7551-46dd-8464-dd74933c4739: receive RaftClientReply:client-D9B31DDCE961->18b22b39-7551-46dd-8464-dd74933c4739@group-597320EF17B3, cid=3939, SUCCESS, logIndex=5909, commits[18b22b39-7551-46dd-8464-dd74933c4739:c5910, 76d6a15c-8eeb-4764-b555-ce8767d18d57:c5906, c90dcfdf-5973-4b56-a955-1fc4555f10cb:c5906]
2019-09-19 11:27:06,481 [grpc-default-executor-7] INFO  client.GrpcClientProtocolClient (GrpcClientProtocolClient.java:onNext(264)) - client-D9B31DDCE961->18b22b39-7551-46dd-8464-dd74933c4739: receive RaftClientReply:client-D9B31DDCE961->18b22b39-7551-46dd-8464-dd74933c4739@group-597320EF17B3, cid=3940, SUCCESS, logIndex=5910, commits[18b22b39-7551-46dd-8464-dd74933c4739:c5910, 76d6a15c-8eeb-4764-b555-ce8767d18d57:c5906, c90dcfdf-5973-4b56-a955-1fc4555f10cb:c5906]
2019-09-19 11:27:06,483 [grpc-default-executor-5] INFO  client.GrpcClientProtocolClient (GrpcClientProtocolClient.java:onNext(264)) - client-D9B31DDCE961->18b22b39-7551-46dd-8464-dd74933c4739: receive RaftClientReply:client-D9B31DDCE961->18b22b39-7551-46dd-8464-dd74933c4739@group-597320EF17B3, cid=3941, SUCCESS, logIndex=0, commits[18b22b39-7551-46dd-8464-dd74933c4739:c5912, 76d6a15c-8eeb-4764-b555-ce8767d18d57:c5908, c90dcfdf-5973-4b56-a955-1fc4555f10cb:c5908]
2019-09-19 11:27:06,509 [grpc-default-executor-7] INFO  client.GrpcClientProtocolClient (GrpcClientProtocolClient.java:onNext(264)) - client-D9B31DDCE961->18b22b39-7551-46dd-8464-dd74933c4739: receive RaftClientReply:client-D9B31DDCE961->18b22b39-7551-46dd-8464-dd74933c4739@group-597320EF17B3, cid=3942, SUCCESS, logIndex=5915, commits[18b22b39-7551-46dd-8464-dd74933c4739:c5916, 76d6a15c-8eeb-4764-b555-ce8767d18d57:c5910, c90dcfdf-5973-4b56-a955-1fc4555f10cb:c5912]
2019-09-19 11:27:06,510 [grpc-default-executor-7] INFO  client.GrpcClientProtocolClient (GrpcClientProtocolClient.java:onNext(264)) - client-D9B31DDCE961->18b22b39-7551-46dd-8464-dd74933c4739: receive RaftClientReply:client-D9B31DDCE961->18b22b39-7551-46dd-8464-dd74933c4739@group-597320EF17B3, cid=3943, SUCCESS, logIndex=5916, commits[18b22b39-7551-46dd-8464-dd74933c4739:c5916, 76d6a15c-8eeb-4764-b555-ce8767d18d57:c5912, c90dcfdf-5973-4b56-a955-1fc4555f10cb:c5912]
2019-09-19 11:27:06,536 [grpc-default-executor-5] INFO  client.GrpcClientProtocolClient (GrpcClientProtocolClient.java:onNext(264)) - client-D9B31DDCE961->18b22b39-7551-46dd-8464-dd74933c4739: receive RaftClientReply:client-D9B31DDCE961->18b22b39-7551-46dd-8464-dd74933c4739@group-597320EF17B3, cid=3944, SUCCESS, logIndex=5918, commits[18b22b39-7551-46dd-8464-dd74933c4739:c5919, 76d6a15c-8eeb-4764-b555-ce8767d18d57:c5916, c90dcfdf-5973-4b56-a955-1fc4555f10cb:c5916]
2019-09-19 11:27:06,536 [grpc-default-executor-5] INFO  client.GrpcClientProtocolClient (GrpcClientProtocolClient.java:onNext(264)) - client-D9B31DDCE961->18b22b39-7551-46dd-8464-dd74933c4739: receive RaftClientReply:client-D9B31DDCE961->18b22b39-7551-46dd-8464-dd74933c4739@group-597320EF17B3, cid=3945, SUCCESS, logIndex=5919, commits[18b22b39-7551-46dd-8464-dd74933c4739:c5919, 76d6a15c-8eeb-4764-b555-ce8767d18d57:c5916, c90dcfdf-5973-4b56-a955-1fc4555f10cb:c5916]
2019-09-19 11:27:06,562 [grpc-default-executor-7] INFO  client.GrpcClientProtocolClient (GrpcClientProtocolClient.java:onNext(264)) - client-D9B31DDCE961->18b22b39-7551-46dd-8464-dd74933c4739: receive RaftClientReply:client-D9B31DDCE961->18b22b39-7551-46dd-8464-dd74933c4739@group-597320EF17B3, cid=3946, SUCCESS, logIndex=0, commits[18b22b39-7551-46dd-8464-dd74933c4739:c5921, 76d6a15c-8eeb-4764-b555-ce8767d18d57:c5919, c90dcfdf-5973-4b56-a955-1fc4555f10cb:c5919]
2019-09-19 11:27:06,601 [grpc-default-executor-1] INFO  client.GrpcClientProtocolClient (GrpcClientProtocolClient.java:onNext(264)) - client-D9B31DDCE961->18b22b39-7551-46dd-8464-dd74933c4739: receive RaftClientReply:client-D9B31DDCE961->18b22b39-7551-46dd-8464-dd74933c4739@group-597320EF17B3, cid=3947, SUCCESS, logIndex=5922, commits[18b22b39-7551-46dd-8464-dd74933c4739:c5923, 76d6a15c-8eeb-4764-b555-ce8767d18d57:c5921, c90dcfdf-5973-4b56-a955-1fc4555f10cb:c5921]
2019-09-19 11:27:06,601 [grpc-default-executor-1] INFO  client.GrpcClientProtocolClient (GrpcClientProtocolClient.java:onNext(264)) - client-D9B31DDCE961->18b22b39-7551-46dd-8464-dd74933c4739: receive RaftClientReply:client-D9B31DDCE961->18b22b39-7551-46dd-8464-dd74933c4739@group-597320EF17B3, cid=3948, SUCCESS, logIndex=5923, commits[18b22b39-7551-46dd-8464-dd74933c4739:c5923, 76d6a15c-8eeb-4764-b555-ce8767d18d57:c5921, c90dcfdf-5973-4b56-a955-1fc4555f10cb:c5921]
2019-09-19 11:27:06,602 [grpc-default-executor-7] INFO  client.GrpcClientProtocolClient (GrpcClientProtocolClient.java:onNext(264)) - client-D9B31DDCE961->18b22b39-7551-46dd-8464-dd74933c4739: receive RaftClientReply:client-D9B31DDCE961->18b22b39-7551-46dd-8464-dd74933c4739@group-597320EF17B3, cid=3949, SUCCESS, logIndex=5924, commits[18b22b39-7551-46dd-8464-dd74933c4739:c5925, 76d6a15c-8eeb-4764-b555-ce8767d18d57:c5921, c90dcfdf-5973-4b56-a955-1fc4555f10cb:c5921]
2019-09-19 11:27:06,602 [grpc-default-executor-7] INFO  client.GrpcClientProtocolClient (GrpcClientProtocolClient.java:onNext(264)) - client-D9B31DDCE961->18b22b39-7551-46dd-8464-dd74933c4739: receive RaftClientReply:client-D9B31DDCE961->18b22b39-7551-46dd-8464-dd74933c4739@group-597320EF17B3, cid=3950, SUCCESS, logIndex=5925, commits[18b22b39-7551-46dd-8464-dd74933c4739:c5925, 76d6a15c-8eeb-4764-b555-ce8767d18d57:c5921, c90dcfdf-5973-4b56-a955-1fc4555f10cb:c5921]
2019-09-19 11:27:06,615 [grpc-default-executor-7] INFO  client.GrpcClientProtocolClient (GrpcClientProtocolClient.java:onNext(264)) - client-D9B31DDCE961->18b22b39-7551-46dd-8464-dd74933c4739: receive RaftClientReply:client-D9B31DDCE961->18b22b39-7551-46dd-8464-dd74933c4739@group-597320EF17B3, cid=3951, SUCCESS, logIndex=0, commits[18b22b39-7551-46dd-8464-dd74933c4739:c5926, 76d6a15c-8eeb-4764-b555-ce8767d18d57:c5923, c90dcfdf-5973-4b56-a955-1fc4555f10cb:c5923]
2019-09-19 11:27:06,625 [grpc-default-executor-1] INFO  client.GrpcClientProtocolClient (GrpcClientProtocolClient.java:onNext(264)) - client-D9B31DDCE961->18b22b39-7551-46dd-8464-dd74933c4739: receive RaftClientReply:client-D9B31DDCE961->18b22b39-7551-46dd-8464-dd74933c4739@group-597320EF17B3, cid=3952, SUCCESS, logIndex=5930, commits[18b22b39-7551-46dd-8464-dd74933c4739:c5931, 76d6a15c-8eeb-4764-b555-ce8767d18d57:c5929, c90dcfdf-5973-4b56-a955-1fc4555f10cb:c5925]
2019-09-19 11:27:06,625 [grpc-default-executor-1] INFO  client.GrpcClientProtocolClient (GrpcClientProtocolClient.java:onNext(264)) - client-D9B31DDCE961->18b22b39-7551-46dd-8464-dd74933c4739: receive RaftClientReply:client-D9B31DDCE961->18b22b39-7551-46dd-8464-dd74933c4739@group-597320EF17B3, cid=3953, SUCCESS, logIndex=5931, commits[18b22b39-7551-46dd-8464-dd74933c4739:c5931, 76d6a15c-8eeb-4764-b555-ce8767d18d57:c5929, c90dcfdf-5973-4b56-a955-1fc4555f10cb:c5925]
2019-09-19 11:27:06,635 [grpc-default-executor-1] INFO  client.GrpcClientProtocolClient (GrpcClientProtocolClient.java:onNext(264)) - client-D9B31DDCE961->18b22b39-7551-46dd-8464-dd74933c4739: receive RaftClientReply:client-D9B31DDCE961->18b22b39-7551-46dd-8464-dd74933c4739@group-597320EF17B3, cid=3954, SUCCESS, logIndex=5933, commits[18b22b39-7551-46dd-8464-dd74933c4739:c5934, 76d6a15c-8eeb-4764-b555-ce8767d18d57:c5932, c90dcfdf-5973-4b56-a955-1fc4555f10cb:c5931]
2019-09-19 11:27:06,636 [grpc-default-executor-1] INFO  client.GrpcClientProtocolClient (GrpcClientProtocolClient.java:onNext(264)) - client-D9B31DDCE961->18b22b39-7551-46dd-8464-dd74933c4739: receive RaftClientReply:client-D9B31DDCE961->18b22b39-7551-46dd-8464-dd74933c4739@group-597320EF17B3, cid=3955, SUCCESS, logIndex=5934, commits[18b22b39-7551-46dd-8464-dd74933c4739:c5934, 76d6a15c-8eeb-4764-b555-ce8767d18d57:c5932, c90dcfdf-5973-4b56-a955-1fc4555f10cb:c5932]
2019-09-19 11:27:06,638 [grpc-default-executor-7] INFO  client.GrpcClientProtocolClient (GrpcClientProtocolClient.java:onNext(264)) - client-D9B31DDCE961->18b22b39-7551-46dd-8464-dd74933c4739: receive RaftClientReply:client-D9B31DDCE961->18b22b39-7551-46dd-8464-dd74933c4739@group-597320EF17B3, cid=3956, SUCCESS, logIndex=0, commits[18b22b39-7551-46dd-8464-dd74933c4739:c5935, 76d6a15c-8eeb-4764-b555-ce8767d18d57:c5934, c90dcfdf-5973-4b56-a955-1fc4555f10cb:c5934]
2019-09-19 11:27:06,658 [grpc-default-executor-7] INFO  client.GrpcClientProtocolClient (GrpcClientProtocolClient.java:onNext(264)) - client-D9B31DDCE961->18b22b39-7551-46dd-8464-dd74933c4739: receive RaftClientReply:client-D9B31DDCE961->18b22b39-7551-46dd-8464-dd74933c4739@group-597320EF17B3, cid=3957, SUCCESS, logIndex=5937, commits[18b22b39-7551-46dd-8464-dd74933c4739:c5938, 76d6a15c-8eeb-4764-b555-ce8767d18d57:c5936, c90dcfdf-5973-4b56-a955-1fc4555f10cb:c5934]
2019-09-19 11:27:06,658 [grpc-default-executor-7] INFO  client.GrpcClientProtocolClient (GrpcClientProtocolClient.java:onNext(264)) - client-D9B31DDCE961->18b22b39-7551-46dd-8464-dd74933c4739: receive RaftClientReply:client-D9B31DDCE961->18b22b39-7551-46dd-8464-dd74933c4739@group-597320EF17B3, cid=3958, SUCCESS, logIndex=5938, commits[18b22b39-7551-46dd-8464-dd74933c4739:c5938, 76d6a15c-8eeb-4764-b555-ce8767d18d57:c5936, c90dcfdf-5973-4b56-a955-1fc4555f10cb:c5936]
2019-09-19 11:27:06,659 [grpc-default-executor-5] INFO  client.GrpcClientProtocolClient (GrpcClientProtocolClient.java:onNext(264)) - client-D9B31DDCE961->18b22b39-7551-46dd-8464-dd74933c4739: receive RaftClientReply:client-D9B31DDCE961->18b22b39-7551-46dd-8464-dd74933c4739@group-597320EF17B3, cid=3959, SUCCESS, logIndex=5939, commits[18b22b39-7551-46dd-8464-dd74933c4739:c5940, 76d6a15c-8eeb-4764-b555-ce8767d18d57:c5936, c90dcfdf-5973-4b56-a955-1fc4555f10cb:c5936]
2019-09-19 11:27:06,659 [grpc-default-executor-5] INFO  client.GrpcClientProtocolClient (GrpcClientProtocolClient.java:onNext(264)) - client-D9B31DDCE961->18b22b39-7551-46dd-8464-dd74933c4739: receive RaftClientReply:client-D9B31DDCE961->18b22b39-7551-46dd-8464-dd74933c4739@group-597320EF17B3, cid=3960, SUCCESS, logIndex=5940, commits[18b22b39-7551-46dd-8464-dd74933c4739:c5940, 76d6a15c-8eeb-4764-b555-ce8767d18d57:c5936, c90dcfdf-5973-4b56-a955-1fc4555f10cb:c5936]
2019-09-19 11:27:06,664 [grpc-default-executor-5] INFO  client.GrpcClientProtocolClient (GrpcClientProtocolClient.java:onNext(264)) - client-D9B31DDCE961->18b22b39-7551-46dd-8464-dd74933c4739: receive RaftClientReply:client-D9B31DDCE961->18b22b39-7551-46dd-8464-dd74933c4739@group-597320EF17B3, cid=3961, SUCCESS, logIndex=0, commits[18b22b39-7551-46dd-8464-dd74933c4739:c5942, 76d6a15c-8eeb-4764-b555-ce8767d18d57:c5938, c90dcfdf-5973-4b56-a955-1fc4555f10cb:c5938]
2019-09-19 11:27:06,674 [grpc-default-executor-5] INFO  client.GrpcClientProtocolClient (GrpcClientProtocolClient.java:onNext(264)) - client-D9B31DDCE961->18b22b39-7551-46dd-8464-dd74933c4739: receive RaftClientReply:client-D9B31DDCE961->18b22b39-7551-46dd-8464-dd74933c4739@group-597320EF17B3, cid=3962, SUCCESS, logIndex=5945, commits[18b22b39-7551-46dd-8464-dd74933c4739:c5946, 76d6a15c-8eeb-4764-b555-ce8767d18d57:c5944, c90dcfdf-5973-4b56-a955-1fc4555f10cb:c5940]
2019-09-19 11:27:06,674 [grpc-default-executor-5] INFO  client.GrpcClientProtocolClient (GrpcClientProtocolClient.java:onNext(264)) - client-D9B31DDCE961->18b22b39-7551-46dd-8464-dd74933c4739: receive RaftClientReply:client-D9B31DDCE961->18b22b39-7551-46dd-8464-dd74933c4739@group-597320EF17B3, cid=3963, SUCCESS, logIndex=5946, commits[18b22b39-7551-46dd-8464-dd74933c4739:c5946, 76d6a15c-8eeb-4764-b555-ce8767d18d57:c5944, c90dcfdf-5973-4b56-a955-1fc4555f10cb:c5944]
2019-09-19 11:27:06,997 [grpc-default-executor-7] INFO  client.GrpcClientProtocolClient (GrpcClientProtocolClient.java:onNext(264)) - client-D9B31DDCE961->18b22b39-7551-46dd-8464-dd74933c4739: receive RaftClientReply:client-D9B31DDCE961->18b22b39-7551-46dd-8464-dd74933c4739@group-597320EF17B3, cid=3964, SUCCESS, logIndex=5949, commits[18b22b39-7551-46dd-8464-dd74933c4739:c5950, 76d6a15c-8eeb-4764-b555-ce8767d18d57:c5947, c90dcfdf-5973-4b56-a955-1fc4555f10cb:c5947]
2019-09-19 11:27:06,998 [grpc-default-executor-7] INFO  client.GrpcClientProtocolClient (GrpcClientProtocolClient.java:onNext(264)) - client-D9B31DDCE961->18b22b39-7551-46dd-8464-dd74933c4739: receive RaftClientReply:client-D9B31DDCE961->18b22b39-7551-46dd-8464-dd74933c4739@group-597320EF17B3, cid=3965, SUCCESS, logIndex=5950, commits[18b22b39-7551-46dd-8464-dd74933c4739:c5950, 76d6a15c-8eeb-4764-b555-ce8767d18d57:c5947, c90dcfdf-5973-4b56-a955-1fc4555f10cb:c5947]
2019-09-19 11:27:07,022 [grpc-default-executor-1] INFO  client.GrpcClientProtocolClient (GrpcClientProtocolClient.java:onNext(264)) - client-D9B31DDCE961->18b22b39-7551-46dd-8464-dd74933c4739: receive RaftClientReply:client-D9B31DDCE961->18b22b39-7551-46dd-8464-dd74933c4739@group-597320EF17B3, cid=3966, SUCCESS, logIndex=0, commits[18b22b39-7551-46dd-8464-dd74933c4739:c5952, 76d6a15c-8eeb-4764-b555-ce8767d18d57:c5950, c90dcfdf-5973-4b56-a955-1fc4555f10cb:c5950]
2019-09-19 11:27:07,052 [grpc-default-executor-7] INFO  client.GrpcClientProtocolClient (GrpcClientProtocolClient.java:onNext(264)) - client-D9B31DDCE961->18b22b39-7551-46dd-8464-dd74933c4739: receive RaftClientReply:client-D9B31DDCE961->18b22b39-7551-46dd-8464-dd74933c4739@group-597320EF17B3, cid=3967, SUCCESS, logIndex=5953, commits[18b22b39-7551-46dd-8464-dd74933c4739:c5954, 76d6a15c-8eeb-4764-b555-ce8767d18d57:c5952, c90dcfdf-5973-4b56-a955-1fc4555f10cb:c5952]
2019-09-19 11:27:07,053 [grpc-default-executor-7] INFO  client.GrpcClientProtocolClient (GrpcClientProtocolClient.java:onNext(264)) - client-D9B31DDCE961->18b22b39-7551-46dd-8464-dd74933c4739: receive RaftClientReply:client-D9B31DDCE961->18b22b39-7551-46dd-8464-dd74933c4739@group-597320EF17B3, cid=3968, SUCCESS, logIndex=5954, commits[18b22b39-7551-46dd-8464-dd74933c4739:c5954, 76d6a15c-8eeb-4764-b555-ce8767d18d57:c5952, c90dcfdf-5973-4b56-a955-1fc4555f10cb:c5952]
2019-09-19 11:27:07,065 [grpc-default-executor-7] INFO  client.GrpcClientProtocolClient (GrpcClientProtocolClient.java:onNext(264)) - client-D9B31DDCE961->18b22b39-7551-46dd-8464-dd74933c4739: receive RaftClientReply:client-D9B31DDCE961->18b22b39-7551-46dd-8464-dd74933c4739@group-597320EF17B3, cid=3969, SUCCESS, logIndex=5955, commits[18b22b39-7551-46dd-8464-dd74933c4739:c5955, 76d6a15c-8eeb-4764-b555-ce8767d18d57:c5952, c90dcfdf-5973-4b56-a955-1fc4555f10cb:c5952]
2019-09-19 11:27:07,065 [grpc-default-executor-7] INFO  client.GrpcClientProtocolClient (GrpcClientProtocolClient.java:onNext(264)) - client-D9B31DDCE961->18b22b39-7551-46dd-8464-dd74933c4739: receive RaftClientReply:client-D9B31DDCE961->18b22b39-7551-46dd-8464-dd74933c4739@group-597320EF17B3, cid=3970, SUCCESS, logIndex=5956, commits[18b22b39-7551-46dd-8464-dd74933c4739:c5956, 76d6a15c-8eeb-4764-b555-ce8767d18d57:c5952, c90dcfdf-5973-4b56-a955-1fc4555f10cb:c5952]
2019-09-19 11:27:07,078 [grpc-default-executor-7] INFO  client.GrpcClientProtocolClient (GrpcClientProtocolClient.java:onNext(264)) - client-D9B31DDCE961->18b22b39-7551-46dd-8464-dd74933c4739: receive RaftClientReply:client-D9B31DDCE961->18b22b39-7551-46dd-8464-dd74933c4739@group-597320EF17B3, cid=3971, SUCCESS, logIndex=0, commits[18b22b39-7551-46dd-8464-dd74933c4739:c5958, 76d6a15c-8eeb-4764-b555-ce8767d18d57:c5954, c90dcfdf-5973-4b56-a955-1fc4555f10cb:c5954]
2019-09-19 11:27:07,103 [grpc-default-executor-1] INFO  client.GrpcClientProtocolClient (GrpcClientProtocolClient.java:onNext(264)) - client-D9B31DDCE961->18b22b39-7551-46dd-8464-dd74933c4739: receive RaftClientReply:client-D9B31DDCE961->18b22b39-7551-46dd-8464-dd74933c4739@group-597320EF17B3, cid=3972, SUCCESS, logIndex=5961, commits[18b22b39-7551-46dd-8464-dd74933c4739:c5962, 76d6a15c-8eeb-4764-b555-ce8767d18d57:c5958, c90dcfdf-5973-4b56-a955-1fc4555f10cb:c5958]
2019-09-19 11:27:07,103 [grpc-default-executor-1] INFO  client.GrpcClientProtocolClient (GrpcClientProtocolClient.java:onNext(264)) - client-D9B31DDCE961->18b22b39-7551-46dd-8464-dd74933c4739: receive RaftClientReply:client-D9B31DDCE961->18b22b39-7551-46dd-8464-dd74933c4739@group-597320EF17B3, cid=3973, SUCCESS, logIndex=5962, commits[18b22b39-7551-46dd-8464-dd74933c4739:c5962, 76d6a15c-8eeb-4764-b555-ce8767d18d57:c5958, c90dcfdf-5973-4b56-a955-1fc4555f10cb:c5958]
2019-09-19 11:27:07,125 [grpc-default-executor-1] INFO  client.GrpcClientProtocolClient (GrpcClientProtocolClient.java:onNext(264)) - client-D9B31DDCE961->18b22b39-7551-46dd-8464-dd74933c4739: receive RaftClientReply:client-D9B31DDCE961->18b22b39-7551-46dd-8464-dd74933c4739@group-597320EF17B3, cid=3974, SUCCESS, logIndex=5965, commits[18b22b39-7551-46dd-8464-dd74933c4739:c5965, 76d6a15c-8eeb-4764-b555-ce8767d18d57:c5962, c90dcfdf-5973-4b56-a955-1fc4555f10cb:c5962]
2019-09-19 11:27:07,125 [grpc-default-executor-1] INFO  client.GrpcClientProtocolClient (GrpcClientProtocolClient.java:onNext(264)) - client-D9B31DDCE961->18b22b39-7551-46dd-8464-dd74933c4739: receive RaftClientReply:client-D9B31DDCE961->18b22b39-7551-46dd-8464-dd74933c4739@group-597320EF17B3, cid=3975, SUCCESS, logIndex=5966, commits[18b22b39-7551-46dd-8464-dd74933c4739:c5966, 76d6a15c-8eeb-4764-b555-ce8767d18d57:c5962, c90dcfdf-5973-4b56-a955-1fc4555f10cb:c5962]
2019-09-19 11:27:07,142 [grpc-default-executor-7] INFO  client.GrpcClientProtocolClient (GrpcClientProtocolClient.java:onNext(264)) - client-D9B31DDCE961->18b22b39-7551-46dd-8464-dd74933c4739: receive RaftClientReply:client-D9B31DDCE961->18b22b39-7551-46dd-8464-dd74933c4739@group-597320EF17B3, cid=3976, SUCCESS, logIndex=0, commits[18b22b39-7551-46dd-8464-dd74933c4739:c5968, 76d6a15c-8eeb-4764-b555-ce8767d18d57:c5966, c90dcfdf-5973-4b56-a955-1fc4555f10cb:c5966]
2019-09-19 11:27:07,163 [grpc-default-executor-5] INFO  client.GrpcClientProtocolClient (GrpcClientProtocolClient.java:onNext(264)) - client-D9B31DDCE961->18b22b39-7551-46dd-8464-dd74933c4739: receive RaftClientReply:client-D9B31DDCE961->18b22b39-7551-46dd-8464-dd74933c4739@group-597320EF17B3, cid=3977, SUCCESS, logIndex=5969, commits[18b22b39-7551-46dd-8464-dd74933c4739:c5970, 76d6a15c-8eeb-4764-b555-ce8767d18d57:c5966, c90dcfdf-5973-4b56-a955-1fc4555f10cb:c5968]
2019-09-19 11:27:07,164 [grpc-default-executor-5] INFO  client.GrpcClientProtocolClient (GrpcClientProtocolClient.java:onNext(264)) - client-D9B31DDCE961->18b22b39-7551-46dd-8464-dd74933c4739: receive RaftClientReply:client-D9B31DDCE961->18b22b39-7551-46dd-8464-dd74933c4739@group-597320EF17B3, cid=3978, SUCCESS, logIndex=5970, commits[18b22b39-7551-46dd-8464-dd74933c4739:c5970, 76d6a15c-8eeb-4764-b555-ce8767d18d57:c5966, c90dcfdf-5973-4b56-a955-1fc4555f10cb:c5968]
2019-09-19 11:27:07,167 [grpc-default-executor-1] INFO  client.GrpcClientProtocolClient (GrpcClientProtocolClient.java:onNext(264)) - client-D9B31DDCE961->18b22b39-7551-46dd-8464-dd74933c4739: receive RaftClientReply:client-D9B31DDCE961->18b22b39-7551-46dd-8464-dd74933c4739@group-597320EF17B3, cid=3979, SUCCESS, logIndex=5971, commits[18b22b39-7551-46dd-8464-dd74933c4739:c5972, 76d6a15c-8eeb-4764-b555-ce8767d18d57:c5968, c90dcfdf-5973-4b56-a955-1fc4555f10cb:c5968]
2019-09-19 11:27:07,167 [grpc-default-executor-1] INFO  client.GrpcClientProtocolClient (GrpcClientProtocolClient.java:onNext(264)) - client-D9B31DDCE961->18b22b39-7551-46dd-8464-dd74933c4739: receive RaftClientReply:client-D9B31DDCE961->18b22b39-7551-46dd-8464-dd74933c4739@group-597320EF17B3, cid=3980, SUCCESS, logIndex=5972, commits[18b22b39-7551-46dd-8464-dd74933c4739:c5972, 76d6a15c-8eeb-4764-b555-ce8767d18d57:c5968, c90dcfdf-5973-4b56-a955-1fc4555f10cb:c5970]
2019-09-19 11:27:07,177 [grpc-default-executor-1] INFO  client.GrpcClientProtocolClient (GrpcClientProtocolClient.java:onNext(264)) - client-D9B31DDCE961->18b22b39-7551-46dd-8464-dd74933c4739: receive RaftClientReply:client-D9B31DDCE961->18b22b39-7551-46dd-8464-dd74933c4739@group-597320EF17B3, cid=3981, SUCCESS, logIndex=0, commits[18b22b39-7551-46dd-8464-dd74933c4739:c5974, 76d6a15c-8eeb-4764-b555-ce8767d18d57:c5970, c90dcfdf-5973-4b56-a955-1fc4555f10cb:c5971]
2019-09-19 11:27:07,190 [grpc-default-executor-1] INFO  client.GrpcClientProtocolClient (GrpcClientProtocolClient.java:onNext(264)) - client-D9B31DDCE961->18b22b39-7551-46dd-8464-dd74933c4739: receive RaftClientReply:client-D9B31DDCE961->18b22b39-7551-46dd-8464-dd74933c4739@group-597320EF17B3, cid=3982, SUCCESS, logIndex=5977, commits[18b22b39-7551-46dd-8464-dd74933c4739:c5978, 76d6a15c-8eeb-4764-b555-ce8767d18d57:c5976, c90dcfdf-5973-4b56-a955-1fc4555f10cb:c5976]
2019-09-19 11:27:07,190 [grpc-default-executor-1] INFO  client.GrpcClientProtocolClient (GrpcClientProtocolClient.java:onNext(264)) - client-D9B31DDCE961->18b22b39-7551-46dd-8464-dd74933c4739: receive RaftClientReply:client-D9B31DDCE961->18b22b39-7551-46dd-8464-dd74933c4739@group-597320EF17B3, cid=3983, SUCCESS, logIndex=5978, commits[18b22b39-7551-46dd-8464-dd74933c4739:c5978, 76d6a15c-8eeb-4764-b555-ce8767d18d57:c5976, c90dcfdf-5973-4b56-a955-1fc4555f10cb:c5976]
2019-09-19 11:27:07,199 [grpc-default-executor-7] INFO  client.GrpcClientProtocolClient (GrpcClientProtocolClient.java:onNext(264)) - client-D9B31DDCE961->18b22b39-7551-46dd-8464-dd74933c4739: receive RaftClientReply:client-D9B31DDCE961->18b22b39-7551-46dd-8464-dd74933c4739@group-597320EF17B3, cid=3984, SUCCESS, logIndex=5981, commits[18b22b39-7551-46dd-8464-dd74933c4739:c5982, 76d6a15c-8eeb-4764-b555-ce8767d18d57:c5978, c90dcfdf-5973-4b56-a955-1fc4555f10cb:c5979]
2019-09-19 11:27:07,199 [grpc-default-executor-7] INFO  client.GrpcClientProtocolClient (GrpcClientProtocolClient.java:onNext(264)) - client-D9B31DDCE961->18b22b39-7551-46dd-8464-dd74933c4739: receive RaftClientReply:client-D9B31DDCE961->18b22b39-7551-46dd-8464-dd74933c4739@group-597320EF17B3, cid=3985, SUCCESS, logIndex=5982, commits[18b22b39-7551-46dd-8464-dd74933c4739:c5982, 76d6a15c-8eeb-4764-b555-ce8767d18d57:c5978, c90dcfdf-5973-4b56-a955-1fc4555f10cb:c5979]
2019-09-19 11:27:07,206 [grpc-default-executor-7] INFO  client.GrpcClientProtocolClient (GrpcClientProtocolClient.java:onNext(264)) - client-D9B31DDCE961->18b22b39-7551-46dd-8464-dd74933c4739: receive RaftClientReply:client-D9B31DDCE961->18b22b39-7551-46dd-8464-dd74933c4739@group-597320EF17B3, cid=3986, SUCCESS, logIndex=0, commits[18b22b39-7551-46dd-8464-dd74933c4739:c5984, 76d6a15c-8eeb-4764-b555-ce8767d18d57:c5982, c90dcfdf-5973-4b56-a955-1fc4555f10cb:c5982]
2019-09-19 11:27:07,227 [grpc-default-executor-7] INFO  client.GrpcClientProtocolClient (GrpcClientProtocolClient.java:onNext(264)) - client-D9B31DDCE961->18b22b39-7551-46dd-8464-dd74933c4739: receive RaftClientReply:client-D9B31DDCE961->18b22b39-7551-46dd-8464-dd74933c4739@group-597320EF17B3, cid=3987, SUCCESS, logIndex=5985, commits[18b22b39-7551-46dd-8464-dd74933c4739:c5986, 76d6a15c-8eeb-4764-b555-ce8767d18d57:c5982, c90dcfdf-5973-4b56-a955-1fc4555f10cb:c5984]
2019-09-19 11:27:07,227 [grpc-default-executor-7] INFO  client.GrpcClientProtocolClient (GrpcClientProtocolClient.java:onNext(264)) - client-D9B31DDCE961->18b22b39-7551-46dd-8464-dd74933c4739: receive RaftClientReply:client-D9B31DDCE961->18b22b39-7551-46dd-8464-dd74933c4739@group-597320EF17B3, cid=3988, SUCCESS, logIndex=5986, commits[18b22b39-7551-46dd-8464-dd74933c4739:c5986, 76d6a15c-8eeb-4764-b555-ce8767d18d57:c5982, c90dcfdf-5973-4b56-a955-1fc4555f10cb:c5984]
2019-09-19 11:27:07,231 [grpc-default-executor-1] INFO  client.GrpcClientProtocolClient (GrpcClientProtocolClient.java:onNext(264)) - client-D9B31DDCE961->18b22b39-7551-46dd-8464-dd74933c4739: receive RaftClientReply:client-D9B31DDCE961->18b22b39-7551-46dd-8464-dd74933c4739@group-597320EF17B3, cid=3989, SUCCESS, logIndex=5987, commits[18b22b39-7551-46dd-8464-dd74933c4739:c5988, 76d6a15c-8eeb-4764-b555-ce8767d18d57:c5984, c90dcfdf-5973-4b56-a955-1fc4555f10cb:c5984]
2019-09-19 11:27:07,232 [grpc-default-executor-1] INFO  client.GrpcClientProtocolClient (GrpcClientProtocolClient.java:onNext(264)) - client-D9B31DDCE961->18b22b39-7551-46dd-8464-dd74933c4739: receive RaftClientReply:client-D9B31DDCE961->18b22b39-7551-46dd-8464-dd74933c4739@group-597320EF17B3, cid=3990, SUCCESS, logIndex=5988, commits[18b22b39-7551-46dd-8464-dd74933c4739:c5988, 76d6a15c-8eeb-4764-b555-ce8767d18d57:c5984, c90dcfdf-5973-4b56-a955-1fc4555f10cb:c5984]
2019-09-19 11:27:07,232 [grpc-default-executor-1] INFO  client.GrpcClientProtocolClient (GrpcClientProtocolClient.java:onNext(264)) - client-D9B31DDCE961->18b22b39-7551-46dd-8464-dd74933c4739: receive RaftClientReply:client-D9B31DDCE961->18b22b39-7551-46dd-8464-dd74933c4739@group-597320EF17B3, cid=3991, SUCCESS, logIndex=0, commits[18b22b39-7551-46dd-8464-dd74933c4739:c5990, 76d6a15c-8eeb-4764-b555-ce8767d18d57:c5986, c90dcfdf-5973-4b56-a955-1fc4555f10cb:c5986]
2019-09-19 11:27:07,242 [grpc-default-executor-7] INFO  client.GrpcClientProtocolClient (GrpcClientProtocolClient.java:onNext(264)) - client-D9B31DDCE961->18b22b39-7551-46dd-8464-dd74933c4739: receive RaftClientReply:client-D9B31DDCE961->18b22b39-7551-46dd-8464-dd74933c4739@group-597320EF17B3, cid=3992, SUCCESS, logIndex=5993, commits[18b22b39-7551-46dd-8464-dd74933c4739:c5994, 76d6a15c-8eeb-4764-b555-ce8767d18d57:c5992, c90dcfdf-5973-4b56-a955-1fc4555f10cb:c5988]
2019-09-19 11:27:07,242 [grpc-default-executor-7] INFO  client.GrpcClientProtocolClient (GrpcClientProtocolClient.java:onNext(264)) - client-D9B31DDCE961->18b22b39-7551-46dd-8464-dd74933c4739: receive RaftClientReply:client-D9B31DDCE961->18b22b39-7551-46dd-8464-dd74933c4739@group-597320EF17B3, cid=3993, SUCCESS, logIndex=5994, commits[18b22b39-7551-46dd-8464-dd74933c4739:c5994, 76d6a15c-8eeb-4764-b555-ce8767d18d57:c5992, c90dcfdf-5973-4b56-a955-1fc4555f10cb:c5988]
2019-09-19 11:27:07,252 [grpc-default-executor-1] INFO  client.GrpcClientProtocolClient (GrpcClientProtocolClient.java:onNext(264)) - client-D9B31DDCE961->18b22b39-7551-46dd-8464-dd74933c4739: receive RaftClientReply:client-D9B31DDCE961->18b22b39-7551-46dd-8464-dd74933c4739@group-597320EF17B3, cid=3994, SUCCESS, logIndex=5997, commits[18b22b39-7551-46dd-8464-dd74933c4739:c5998, 76d6a15c-8eeb-4764-b555-ce8767d18d57:c5994, c90dcfdf-5973-4b56-a955-1fc4555f10cb:c5994]
2019-09-19 11:27:07,252 [grpc-default-executor-1] INFO  client.GrpcClientProtocolClient (GrpcClientProtocolClient.java:onNext(264)) - client-D9B31DDCE961->18b22b39-7551-46dd-8464-dd74933c4739: receive RaftClientReply:client-D9B31DDCE961->18b22b39-7551-46dd-8464-dd74933c4739@group-597320EF17B3, cid=3995, SUCCESS, logIndex=5998, commits[18b22b39-7551-46dd-8464-dd74933c4739:c5998, 76d6a15c-8eeb-4764-b555-ce8767d18d57:c5994, c90dcfdf-5973-4b56-a955-1fc4555f10cb:c5994]
2019-09-19 11:27:07,254 [grpc-default-executor-1] INFO  client.GrpcClientProtocolClient (GrpcClientProtocolClient.java:onNext(264)) - client-D9B31DDCE961->18b22b39-7551-46dd-8464-dd74933c4739: receive RaftClientReply:client-D9B31DDCE961->18b22b39-7551-46dd-8464-dd74933c4739@group-597320EF17B3, cid=3996, SUCCESS, logIndex=0, commits[18b22b39-7551-46dd-8464-dd74933c4739:c5999, 76d6a15c-8eeb-4764-b555-ce8767d18d57:c5998, c90dcfdf-5973-4b56-a955-1fc4555f10cb:c5998]
2019-09-19 11:27:07,285 [grpc-default-executor-7] INFO  client.GrpcClientProtocolClient (GrpcClientProtocolClient.java:onNext(264)) - client-D9B31DDCE961->18b22b39-7551-46dd-8464-dd74933c4739: receive RaftClientReply:client-D9B31DDCE961->18b22b39-7551-46dd-8464-dd74933c4739@group-597320EF17B3, cid=3997, SUCCESS, logIndex=6001, commits[18b22b39-7551-46dd-8464-dd74933c4739:c6002, 76d6a15c-8eeb-4764-b555-ce8767d18d57:c6000, c90dcfdf-5973-4b56-a955-1fc4555f10cb:c6000]
2019-09-19 11:27:07,286 [grpc-default-executor-7] INFO  client.GrpcClientProtocolClient (GrpcClientProtocolClient.java:onNext(264)) - client-D9B31DDCE961->18b22b39-7551-46dd-8464-dd74933c4739: receive RaftClientReply:client-D9B31DDCE961->18b22b39-7551-46dd-8464-dd74933c4739@group-597320EF17B3, cid=3998, SUCCESS, logIndex=6002, commits[18b22b39-7551-46dd-8464-dd74933c4739:c6004, 76d6a15c-8eeb-4764-b555-ce8767d18d57:c6000, c90dcfdf-5973-4b56-a955-1fc4555f10cb:c6000]
2019-09-19 11:27:07,286 [grpc-default-executor-7] INFO  client.GrpcClientProtocolClient (GrpcClientProtocolClient.java:onNext(264)) - client-D9B31DDCE961->18b22b39-7551-46dd-8464-dd74933c4739: receive RaftClientReply:client-D9B31DDCE961->18b22b39-7551-46dd-8464-dd74933c4739@group-597320EF17B3, cid=3999, SUCCESS, logIndex=6003, commits[18b22b39-7551-46dd-8464-dd74933c4739:c6004, 76d6a15c-8eeb-4764-b555-ce8767d18d57:c6000, c90dcfdf-5973-4b56-a955-1fc4555f10cb:c6000]
2019-09-19 11:27:07,286 [grpc-default-executor-7] INFO  client.GrpcClientProtocolClient (GrpcClientProtocolClient.java:onNext(264)) - client-D9B31DDCE961->18b22b39-7551-46dd-8464-dd74933c4739: receive RaftClientReply:client-D9B31DDCE961->18b22b39-7551-46dd-8464-dd74933c4739@group-597320EF17B3, cid=4000, SUCCESS, logIndex=6004, commits[18b22b39-7551-46dd-8464-dd74933c4739:c6004, 76d6a15c-8eeb-4764-b555-ce8767d18d57:c6000, c90dcfdf-5973-4b56-a955-1fc4555f10cb:c6000]
2019-09-19 11:27:07,300 [grpc-default-executor-7] INFO  client.GrpcClientProtocolClient (GrpcClientProtocolClient.java:onNext(264)) - client-D9B31DDCE961->18b22b39-7551-46dd-8464-dd74933c4739: receive RaftClientReply:client-D9B31DDCE961->18b22b39-7551-46dd-8464-dd74933c4739@group-597320EF17B3, cid=4001, SUCCESS, logIndex=0, commits[18b22b39-7551-46dd-8464-dd74933c4739:c6008, 76d6a15c-8eeb-4764-b555-ce8767d18d57:c6004, c90dcfdf-5973-4b56-a955-1fc4555f10cb:c6002]
2019-09-19 11:27:07,317 [grpc-default-executor-5] INFO  client.GrpcClientProtocolClient (GrpcClientProtocolClient.java:onNext(264)) - client-D9B31DDCE961->18b22b39-7551-46dd-8464-dd74933c4739: receive RaftClientReply:client-D9B31DDCE961->18b22b39-7551-46dd-8464-dd74933c4739@group-597320EF17B3, cid=4002, SUCCESS, logIndex=6009, commits[18b22b39-7551-46dd-8464-dd74933c4739:c6010, 76d6a15c-8eeb-4764-b555-ce8767d18d57:c6008, c90dcfdf-5973-4b56-a955-1fc4555f10cb:c6008]
2019-09-19 11:27:07,317 [grpc-default-executor-5] INFO  client.GrpcClientProtocolClient (GrpcClientProtocolClient.java:onNext(264)) - client-D9B31DDCE961->18b22b39-7551-46dd-8464-dd74933c4739: receive RaftClientReply:client-D9B31DDCE961->18b22b39-7551-46dd-8464-dd74933c4739@group-597320EF17B3, cid=4003, SUCCESS, logIndex=6010, commits[18b22b39-7551-46dd-8464-dd74933c4739:c6010, 76d6a15c-8eeb-4764-b555-ce8767d18d57:c6008, c90dcfdf-5973-4b56-a955-1fc4555f10cb:c6008]
2019-09-19 11:27:07,345 [grpc-default-executor-5] INFO  client.GrpcClientProtocolClient (GrpcClientProtocolClient.java:onNext(264)) - client-D9B31DDCE961->18b22b39-7551-46dd-8464-dd74933c4739: receive RaftClientReply:client-D9B31DDCE961->18b22b39-7551-46dd-8464-dd74933c4739@group-597320EF17B3, cid=4004, SUCCESS, logIndex=6013, commits[18b22b39-7551-46dd-8464-dd74933c4739:c6014, 76d6a15c-8eeb-4764-b555-ce8767d18d57:c6010, c90dcfdf-5973-4b56-a955-1fc4555f10cb:c6011]
2019-09-19 11:27:07,345 [grpc-default-executor-5] INFO  client.GrpcClientProtocolClient (GrpcClientProtocolClient.java:onNext(264)) - client-D9B31DDCE961->18b22b39-7551-46dd-8464-dd74933c4739: receive RaftClientReply:client-D9B31DDCE961->18b22b39-7551-46dd-8464-dd74933c4739@group-597320EF17B3, cid=4005, SUCCESS, logIndex=6014, commits[18b22b39-7551-46dd-8464-dd74933c4739:c6014, 76d6a15c-8eeb-4764-b555-ce8767d18d57:c6011, c90dcfdf-5973-4b56-a955-1fc4555f10cb:c6011]
2019-09-19 11:27:07,348 [grpc-default-executor-5] INFO  client.GrpcClientProtocolClient (GrpcClientProtocolClient.java:onNext(264)) - client-D9B31DDCE961->18b22b39-7551-46dd-8464-dd74933c4739: receive RaftClientReply:client-D9B31DDCE961->18b22b39-7551-46dd-8464-dd74933c4739@group-597320EF17B3, cid=4006, SUCCESS, logIndex=0, commits[18b22b39-7551-46dd-8464-dd74933c4739:c6015, 76d6a15c-8eeb-4764-b555-ce8767d18d57:c6014, c90dcfdf-5973-4b56-a955-1fc4555f10cb:c6014]
2019-09-19 11:27:07,378 [grpc-default-executor-1] INFO  client.GrpcClientProtocolClient (GrpcClientProtocolClient.java:onNext(264)) - client-D9B31DDCE961->18b22b39-7551-46dd-8464-dd74933c4739: receive RaftClientReply:client-D9B31DDCE961->18b22b39-7551-46dd-8464-dd74933c4739@group-597320EF17B3, cid=4007, SUCCESS, logIndex=6017, commits[18b22b39-7551-46dd-8464-dd74933c4739:c6018, 76d6a15c-8eeb-4764-b555-ce8767d18d57:c6016, c90dcfdf-5973-4b56-a955-1fc4555f10cb:c6016]
2019-09-19 11:27:07,378 [grpc-default-executor-1] INFO  client.GrpcClientProtocolClient (GrpcClientProtocolClient.java:onNext(264)) - client-D9B31DDCE961->18b22b39-7551-46dd-8464-dd74933c4739: receive RaftClientReply:client-D9B31DDCE961->18b22b39-7551-46dd-8464-dd74933c4739@group-597320EF17B3, cid=4008, SUCCESS, logIndex=6018, commits[18b22b39-7551-46dd-8464-dd74933c4739:c6018, 76d6a15c-8eeb-4764-b555-ce8767d18d57:c6016, c90dcfdf-5973-4b56-a955-1fc4555f10cb:c6016]
 0.00% |█                                                                                                    |  0/1 Time: 0:01:112019-09-19 11:27:07,391 [grpc-default-executor-6] INFO  client.GrpcClientProtocolClient (GrpcClientProtocolClient.java:onNext(264)) - client-D9B31DDCE961->18b22b39-7551-46dd-8464-dd74933c4739: receive RaftClientReply:client-D9B31DDCE961->18b22b39-7551-46dd-8464-dd74933c4739@group-597320EF17B3, cid=4009, SUCCESS, logIndex=6019, commits[18b22b39-7551-46dd-8464-dd74933c4739:c6020, 76d6a15c-8eeb-4764-b555-ce8767d18d57:c6016, c90dcfdf-5973-4b56-a955-1fc4555f10cb:c6016]
2019-09-19 11:27:07,391 [grpc-default-executor-6] INFO  client.GrpcClientProtocolClient (GrpcClientProtocolClient.java:onNext(264)) - client-D9B31DDCE961->18b22b39-7551-46dd-8464-dd74933c4739: receive RaftClientReply:client-D9B31DDCE961->18b22b39-7551-46dd-8464-dd74933c4739@group-597320EF17B3, cid=4010, SUCCESS, logIndex=6020, commits[18b22b39-7551-46dd-8464-dd74933c4739:c6020, 76d6a15c-8eeb-4764-b555-ce8767d18d57:c6016, c90dcfdf-5973-4b56-a955-1fc4555f10cb:c6016]
2019-09-19 11:27:07,403 [grpc-default-executor-7] INFO  client.GrpcClientProtocolClient (GrpcClientProtocolClient.java:onNext(264)) - client-D9B31DDCE961->18b22b39-7551-46dd-8464-dd74933c4739: receive RaftClientReply:client-D9B31DDCE961->18b22b39-7551-46dd-8464-dd74933c4739@group-597320EF17B3, cid=4011, SUCCESS, logIndex=0, commits[18b22b39-7551-46dd-8464-dd74933c4739:c6022, 76d6a15c-8eeb-4764-b555-ce8767d18d57:c6018, c90dcfdf-5973-4b56-a955-1fc4555f10cb:c6018]
2019-09-19 11:27:07,430 [grpc-default-executor-7] INFO  client.GrpcClientProtocolClient (GrpcClientProtocolClient.java:onNext(264)) - client-D9B31DDCE961->18b22b39-7551-46dd-8464-dd74933c4739: receive RaftClientReply:client-D9B31DDCE961->18b22b39-7551-46dd-8464-dd74933c4739@group-597320EF17B3, cid=4012, SUCCESS, logIndex=6025, commits[18b22b39-7551-46dd-8464-dd74933c4739:c6026, 76d6a15c-8eeb-4764-b555-ce8767d18d57:c6022, c90dcfdf-5973-4b56-a955-1fc4555f10cb:c6022]
2019-09-19 11:27:07,430 [grpc-default-executor-7] INFO  client.GrpcClientProtocolClient (GrpcClientProtocolClient.java:onNext(264)) - client-D9B31DDCE961->18b22b39-7551-46dd-8464-dd74933c4739: receive RaftClientReply:client-D9B31DDCE961->18b22b39-7551-46dd-8464-dd74933c4739@group-597320EF17B3, cid=4013, SUCCESS, logIndex=6026, commits[18b22b39-7551-46dd-8464-dd74933c4739:c6026, 76d6a15c-8eeb-4764-b555-ce8767d18d57:c6022, c90dcfdf-5973-4b56-a955-1fc4555f10cb:c6022]
2019-09-19 11:27:07,442 [grpc-default-executor-7] INFO  client.GrpcClientProtocolClient (GrpcClientProtocolClient.java:onNext(264)) - client-D9B31DDCE961->18b22b39-7551-46dd-8464-dd74933c4739: receive RaftClientReply:client-D9B31DDCE961->18b22b39-7551-46dd-8464-dd74933c4739@group-597320EF17B3, cid=4014, SUCCESS, logIndex=6029, commits[18b22b39-7551-46dd-8464-dd74933c4739:c6030, 76d6a15c-8eeb-4764-b555-ce8767d18d57:c6026, c90dcfdf-5973-4b56-a955-1fc4555f10cb:c6026]
2019-09-19 11:27:07,442 [grpc-default-executor-7] INFO  client.GrpcClientProtocolClient (GrpcClientProtocolClient.java:onNext(264)) - client-D9B31DDCE961->18b22b39-7551-46dd-8464-dd74933c4739: receive RaftClientReply:client-D9B31DDCE961->18b22b39-7551-46dd-8464-dd74933c4739@group-597320EF17B3, cid=4015, SUCCESS, logIndex=6030, commits[18b22b39-7551-46dd-8464-dd74933c4739:c6030, 76d6a15c-8eeb-4764-b555-ce8767d18d57:c6026, c90dcfdf-5973-4b56-a955-1fc4555f10cb:c6026]
2019-09-19 11:27:07,447 [grpc-default-executor-7] INFO  client.GrpcClientProtocolClient (GrpcClientProtocolClient.java:onNext(264)) - client-D9B31DDCE961->18b22b39-7551-46dd-8464-dd74933c4739: receive RaftClientReply:client-D9B31DDCE961->18b22b39-7551-46dd-8464-dd74933c4739@group-597320EF17B3, cid=4016, SUCCESS, logIndex=0, commits[18b22b39-7551-46dd-8464-dd74933c4739:c6031, 76d6a15c-8eeb-4764-b555-ce8767d18d57:c6030, c90dcfdf-5973-4b56-a955-1fc4555f10cb:c6030]
2019-09-19 11:27:07,469 [grpc-default-executor-7] INFO  client.GrpcClientProtocolClient (GrpcClientProtocolClient.java:onNext(264)) - client-D9B31DDCE961->18b22b39-7551-46dd-8464-dd74933c4739: receive RaftClientReply:client-D9B31DDCE961->18b22b39-7551-46dd-8464-dd74933c4739@group-597320EF17B3, cid=4017, SUCCESS, logIndex=6033, commits[18b22b39-7551-46dd-8464-dd74933c4739:c6034, 76d6a15c-8eeb-4764-b555-ce8767d18d57:c6030, c90dcfdf-5973-4b56-a955-1fc4555f10cb:c6032]
2019-09-19 11:27:07,469 [grpc-default-executor-7] INFO  client.GrpcClientProtocolClient (GrpcClientProtocolClient.java:onNext(264)) - client-D9B31DDCE961->18b22b39-7551-46dd-8464-dd74933c4739: receive RaftClientReply:client-D9B31DDCE961->18b22b39-7551-46dd-8464-dd74933c4739@group-597320EF17B3, cid=4018, SUCCESS, logIndex=6034, commits[18b22b39-7551-46dd-8464-dd74933c4739:c6034, 76d6a15c-8eeb-4764-b555-ce8767d18d57:c6032, c90dcfdf-5973-4b56-a955-1fc4555f10cb:c6032]
2019-09-19 11:27:07,470 [grpc-default-executor-6] INFO  client.GrpcClientProtocolClient (GrpcClientProtocolClient.java:onNext(264)) - client-D9B31DDCE961->18b22b39-7551-46dd-8464-dd74933c4739: receive RaftClientReply:client-D9B31DDCE961->18b22b39-7551-46dd-8464-dd74933c4739@group-597320EF17B3, cid=4019, SUCCESS, logIndex=6035, commits[18b22b39-7551-46dd-8464-dd74933c4739:c6036, 76d6a15c-8eeb-4764-b555-ce8767d18d57:c6032, c90dcfdf-5973-4b56-a955-1fc4555f10cb:c6032]
2019-09-19 11:27:07,470 [grpc-default-executor-6] INFO  client.GrpcClientProtocolClient (GrpcClientProtocolClient.java:onNext(264)) - client-D9B31DDCE961->18b22b39-7551-46dd-8464-dd74933c4739: receive RaftClientReply:client-D9B31DDCE961->18b22b39-7551-46dd-8464-dd74933c4739@group-597320EF17B3, cid=4020, SUCCESS, logIndex=6036, commits[18b22b39-7551-46dd-8464-dd74933c4739:c6036, 76d6a15c-8eeb-4764-b555-ce8767d18d57:c6032, c90dcfdf-5973-4b56-a955-1fc4555f10cb:c6032]
2019-09-19 11:27:07,471 [grpc-default-executor-7] INFO  client.GrpcClientProtocolClient (GrpcClientProtocolClient.java:onNext(264)) - client-D9B31DDCE961->18b22b39-7551-46dd-8464-dd74933c4739: receive RaftClientReply:client-D9B31DDCE961->18b22b39-7551-46dd-8464-dd74933c4739@group-597320EF17B3, cid=4021, SUCCESS, logIndex=0, commits[18b22b39-7551-46dd-8464-dd74933c4739:c6038, 76d6a15c-8eeb-4764-b555-ce8767d18d57:c6034, c90dcfdf-5973-4b56-a955-1fc4555f10cb:c6034]
2019-09-19 11:27:07,595 [grpc-default-executor-7] INFO  client.GrpcClientProtocolClient (GrpcClientProtocolClient.java:onNext(264)) - client-D9B31DDCE961->18b22b39-7551-46dd-8464-dd74933c4739: receive RaftClientReply:client-D9B31DDCE961->18b22b39-7551-46dd-8464-dd74933c4739@group-597320EF17B3, cid=4022, SUCCESS, logIndex=6041, commits[18b22b39-7551-46dd-8464-dd74933c4739:c6042, 76d6a15c-8eeb-4764-b555-ce8767d18d57:c6040, c90dcfdf-5973-4b56-a955-1fc4555f10cb:c6036]
2019-09-19 11:27:07,595 [grpc-default-executor-7] INFO  client.GrpcClientProtocolClient (GrpcClientProtocolClient.java:onNext(264)) - client-D9B31DDCE961->18b22b39-7551-46dd-8464-dd74933c4739: receive RaftClientReply:client-D9B31DDCE961->18b22b39-7551-46dd-8464-dd74933c4739@group-597320EF17B3, cid=4023, SUCCESS, logIndex=6042, commits[18b22b39-7551-46dd-8464-dd74933c4739:c6042, 76d6a15c-8eeb-4764-b555-ce8767d18d57:c6040, c90dcfdf-5973-4b56-a955-1fc4555f10cb:c6036]
2019-09-19 11:27:07,643 [grpc-default-executor-6] INFO  client.GrpcClientProtocolClient (GrpcClientProtocolClient.java:onNext(264)) - client-D9B31DDCE961->18b22b39-7551-46dd-8464-dd74933c4739: receive RaftClientReply:client-D9B31DDCE961->18b22b39-7551-46dd-8464-dd74933c4739@group-597320EF17B3, cid=4024, SUCCESS, logIndex=6045, commits[18b22b39-7551-46dd-8464-dd74933c4739:c6045, 76d6a15c-8eeb-4764-b555-ce8767d18d57:c6042, c90dcfdf-5973-4b56-a955-1fc4555f10cb:c6042]
2019-09-19 11:27:07,644 [grpc-default-executor-6] INFO  client.GrpcClientProtocolClient (GrpcClientProtocolClient.java:onNext(264)) - client-D9B31DDCE961->18b22b39-7551-46dd-8464-dd74933c4739: receive RaftClientReply:client-D9B31DDCE961->18b22b39-7551-46dd-8464-dd74933c4739@group-597320EF17B3, cid=4025, SUCCESS, logIndex=6046, commits[18b22b39-7551-46dd-8464-dd74933c4739:c6046, 76d6a15c-8eeb-4764-b555-ce8767d18d57:c6042, c90dcfdf-5973-4b56-a955-1fc4555f10cb:c6042]
2019-09-19 11:27:07,670 [grpc-default-executor-5] INFO  client.GrpcClientProtocolClient (GrpcClientProtocolClient.java:onNext(264)) - client-D9B31DDCE961->18b22b39-7551-46dd-8464-dd74933c4739: receive RaftClientReply:client-D9B31DDCE961->18b22b39-7551-46dd-8464-dd74933c4739@group-597320EF17B3, cid=4026, SUCCESS, logIndex=0, commits[18b22b39-7551-46dd-8464-dd74933c4739:c6048, 76d6a15c-8eeb-4764-b555-ce8767d18d57:c6046, c90dcfdf-5973-4b56-a955-1fc4555f10cb:c6046]
2019-09-19 11:27:07,706 [grpc-default-executor-5] INFO  client.GrpcClientProtocolClient (GrpcClientProtocolClient.java:onNext(264)) - client-D9B31DDCE961->18b22b39-7551-46dd-8464-dd74933c4739: receive RaftClientReply:client-D9B31DDCE961->18b22b39-7551-46dd-8464-dd74933c4739@group-597320EF17B3, cid=4027, SUCCESS, logIndex=6049, commits[18b22b39-7551-46dd-8464-dd74933c4739:c6050, 76d6a15c-8eeb-4764-b555-ce8767d18d57:c6048, c90dcfdf-5973-4b56-a955-1fc4555f10cb:c6048]
2019-09-19 11:27:07,706 [grpc-default-executor-5] INFO  client.GrpcClientProtocolClient (GrpcClientProtocolClient.java:onNext(264)) - client-D9B31DDCE961->18b22b39-7551-46dd-8464-dd74933c4739: receive RaftClientReply:client-D9B31DDCE961->18b22b39-7551-46dd-8464-dd74933c4739@group-597320EF17B3, cid=4028, SUCCESS, logIndex=6050, commits[18b22b39-7551-46dd-8464-dd74933c4739:c6050, 76d6a15c-8eeb-4764-b555-ce8767d18d57:c6048, c90dcfdf-5973-4b56-a955-1fc4555f10cb:c6048]
2019-09-19 11:27:07,718 [grpc-default-executor-5] INFO  client.GrpcClientProtocolClient (GrpcClientProtocolClient.java:onNext(264)) - client-D9B31DDCE961->18b22b39-7551-46dd-8464-dd74933c4739: receive RaftClientReply:client-D9B31DDCE961->18b22b39-7551-46dd-8464-dd74933c4739@group-597320EF17B3, cid=4029, SUCCESS, logIndex=6051, commits[18b22b39-7551-46dd-8464-dd74933c4739:c6052, 76d6a15c-8eeb-4764-b555-ce8767d18d57:c6048, c90dcfdf-5973-4b56-a955-1fc4555f10cb:c6048]
2019-09-19 11:27:07,719 [grpc-default-executor-5] INFO  client.GrpcClientProtocolClient (GrpcClientProtocolClient.java:onNext(264)) - client-D9B31DDCE961->18b22b39-7551-46dd-8464-dd74933c4739: receive RaftClientReply:client-D9B31DDCE961->18b22b39-7551-46dd-8464-dd74933c4739@group-597320EF17B3, cid=4030, SUCCESS, logIndex=6052, commits[18b22b39-7551-46dd-8464-dd74933c4739:c6052, 76d6a15c-8eeb-4764-b555-ce8767d18d57:c6048, c90dcfdf-5973-4b56-a955-1fc4555f10cb:c6048]
2019-09-19 11:27:07,731 [grpc-default-executor-7] INFO  client.GrpcClientProtocolClient (GrpcClientProtocolClient.java:onNext(264)) - client-D9B31DDCE961->18b22b39-7551-46dd-8464-dd74933c4739: receive RaftClientReply:client-D9B31DDCE961->18b22b39-7551-46dd-8464-dd74933c4739@group-597320EF17B3, cid=4031, SUCCESS, logIndex=0, commits[18b22b39-7551-46dd-8464-dd74933c4739:c6054, 76d6a15c-8eeb-4764-b555-ce8767d18d57:c6050, c90dcfdf-5973-4b56-a955-1fc4555f10cb:c6050]
2019-09-19 11:27:07,783 [grpc-default-executor-7] INFO  client.GrpcClientProtocolClient (GrpcClientProtocolClient.java:onNext(264)) - client-D9B31DDCE961->18b22b39-7551-46dd-8464-dd74933c4739: receive RaftClientReply:client-D9B31DDCE961->18b22b39-7551-46dd-8464-dd74933c4739@group-597320EF17B3, cid=4032, SUCCESS, logIndex=6057, commits[18b22b39-7551-46dd-8464-dd74933c4739:c6058, 76d6a15c-8eeb-4764-b555-ce8767d18d57:c6052, c90dcfdf-5973-4b56-a955-1fc4555f10cb:c6054]
2019-09-19 11:27:07,783 [grpc-default-executor-7] INFO  client.GrpcClientProtocolClient (GrpcClientProtocolClient.java:onNext(264)) - client-D9B31DDCE961->18b22b39-7551-46dd-8464-dd74933c4739: receive RaftClientReply:client-D9B31DDCE961->18b22b39-7551-46dd-8464-dd74933c4739@group-597320EF17B3, cid=4033, SUCCESS, logIndex=6058, commits[18b22b39-7551-46dd-8464-dd74933c4739:c6058, 76d6a15c-8eeb-4764-b555-ce8767d18d57:c6052, c90dcfdf-5973-4b56-a955-1fc4555f10cb:c6054]
 0.00% |█                                                                                                    |  0/1 Time: 0:01:122019-09-19 11:27:08,736 [grpc-default-executor-5] INFO  client.GrpcClientProtocolClient (GrpcClientProtocolClient.java:onNext(264)) - client-D9B31DDCE961->18b22b39-7551-46dd-8464-dd74933c4739: receive RaftClientReply:client-D9B31DDCE961->18b22b39-7551-46dd-8464-dd74933c4739@group-597320EF17B3, cid=4034, SUCCESS, logIndex=6061, commits[18b22b39-7551-46dd-8464-dd74933c4739:c6062, 76d6a15c-8eeb-4764-b555-ce8767d18d57:c6058, c90dcfdf-5973-4b56-a955-1fc4555f10cb:c6058]
2019-09-19 11:27:08,737 [grpc-default-executor-5] INFO  client.GrpcClientProtocolClient (GrpcClientProtocolClient.java:onNext(264)) - client-D9B31DDCE961->18b22b39-7551-46dd-8464-dd74933c4739: receive RaftClientReply:client-D9B31DDCE961->18b22b39-7551-46dd-8464-dd74933c4739@group-597320EF17B3, cid=4035, SUCCESS, logIndex=6062, commits[18b22b39-7551-46dd-8464-dd74933c4739:c6062, 76d6a15c-8eeb-4764-b555-ce8767d18d57:c6058, c90dcfdf-5973-4b56-a955-1fc4555f10cb:c6058]
2019-09-19 11:27:08,750 [grpc-default-executor-5] INFO  client.GrpcClientProtocolClient (GrpcClientProtocolClient.java:onNext(264)) - client-D9B31DDCE961->18b22b39-7551-46dd-8464-dd74933c4739: receive RaftClientReply:client-D9B31DDCE961->18b22b39-7551-46dd-8464-dd74933c4739@group-597320EF17B3, cid=4036, SUCCESS, logIndex=0, commits[18b22b39-7551-46dd-8464-dd74933c4739:c6063, 76d6a15c-8eeb-4764-b555-ce8767d18d57:c6062, c90dcfdf-5973-4b56-a955-1fc4555f10cb:c6062]
2019-09-19 11:27:08,786 [grpc-default-executor-5] INFO  client.GrpcClientProtocolClient (GrpcClientProtocolClient.java:onNext(264)) - client-D9B31DDCE961->18b22b39-7551-46dd-8464-dd74933c4739: receive RaftClientReply:client-D9B31DDCE961->18b22b39-7551-46dd-8464-dd74933c4739@group-597320EF17B3, cid=4037, SUCCESS, logIndex=6065, commits[18b22b39-7551-46dd-8464-dd74933c4739:c6066, 76d6a15c-8eeb-4764-b555-ce8767d18d57:c6064, c90dcfdf-5973-4b56-a955-1fc4555f10cb:c6064]
2019-09-19 11:27:08,786 [grpc-default-executor-5] INFO  client.GrpcClientProtocolClient (GrpcClientProtocolClient.java:onNext(264)) - client-D9B31DDCE961->18b22b39-7551-46dd-8464-dd74933c4739: receive RaftClientReply:client-D9B31DDCE961->18b22b39-7551-46dd-8464-dd74933c4739@group-597320EF17B3, cid=4038, SUCCESS, logIndex=6066, commits[18b22b39-7551-46dd-8464-dd74933c4739:c6066, 76d6a15c-8eeb-4764-b555-ce8767d18d57:c6064, c90dcfdf-5973-4b56-a955-1fc4555f10cb:c6064]
2019-09-19 11:27:08,806 [grpc-default-executor-5] INFO  client.GrpcClientProtocolClient (GrpcClientProtocolClient.java:onNext(264)) - client-D9B31DDCE961->18b22b39-7551-46dd-8464-dd74933c4739: receive RaftClientReply:client-D9B31DDCE961->18b22b39-7551-46dd-8464-dd74933c4739@group-597320EF17B3, cid=4039, SUCCESS, logIndex=6067, commits[18b22b39-7551-46dd-8464-dd74933c4739:c6067, 76d6a15c-8eeb-4764-b555-ce8767d18d57:c6064, c90dcfdf-5973-4b56-a955-1fc4555f10cb:c6064]
2019-09-19 11:27:08,806 [grpc-default-executor-5] INFO  client.GrpcClientProtocolClient (GrpcClientProtocolClient.java:onNext(264)) - client-D9B31DDCE961->18b22b39-7551-46dd-8464-dd74933c4739: receive RaftClientReply:client-D9B31DDCE961->18b22b39-7551-46dd-8464-dd74933c4739@group-597320EF17B3, cid=4040, SUCCESS, logIndex=6068, commits[18b22b39-7551-46dd-8464-dd74933c4739:c6068, 76d6a15c-8eeb-4764-b555-ce8767d18d57:c6064, c90dcfdf-5973-4b56-a955-1fc4555f10cb:c6064]
2019-09-19 11:27:08,809 [grpc-default-executor-5] INFO  client.GrpcClientProtocolClient (GrpcClientProtocolClient.java:onNext(264)) - client-D9B31DDCE961->18b22b39-7551-46dd-8464-dd74933c4739: receive RaftClientReply:client-D9B31DDCE961->18b22b39-7551-46dd-8464-dd74933c4739@group-597320EF17B3, cid=4041, SUCCESS, logIndex=0, commits[18b22b39-7551-46dd-8464-dd74933c4739:c6070, 76d6a15c-8eeb-4764-b555-ce8767d18d57:c6066, c90dcfdf-5973-4b56-a955-1fc4555f10cb:c6066]
2019-09-19 11:27:08,820 [grpc-default-executor-6] INFO  client.GrpcClientProtocolClient (GrpcClientProtocolClient.java:onNext(264)) - client-D9B31DDCE961->18b22b39-7551-46dd-8464-dd74933c4739: receive RaftClientReply:client-D9B31DDCE961->18b22b39-7551-46dd-8464-dd74933c4739@group-597320EF17B3, cid=4042, SUCCESS, logIndex=6073, commits[18b22b39-7551-46dd-8464-dd74933c4739:c6074, 76d6a15c-8eeb-4764-b555-ce8767d18d57:c6071, c90dcfdf-5973-4b56-a955-1fc4555f10cb:c6071]
2019-09-19 11:27:08,820 [grpc-default-executor-6] INFO  client.GrpcClientProtocolClient (GrpcClientProtocolClient.java:onNext(264)) - client-D9B31DDCE961->18b22b39-7551-46dd-8464-dd74933c4739: receive RaftClientReply:client-D9B31DDCE961->18b22b39-7551-46dd-8464-dd74933c4739@group-597320EF17B3, cid=4043, SUCCESS, logIndex=6074, commits[18b22b39-7551-46dd-8464-dd74933c4739:c6074, 76d6a15c-8eeb-4764-b555-ce8767d18d57:c6071, c90dcfdf-5973-4b56-a955-1fc4555f10cb:c6071]
2019-09-19 11:27:08,838 [grpc-default-executor-6] INFO  client.GrpcClientProtocolClient (GrpcClientProtocolClient.java:onNext(264)) - client-D9B31DDCE961->18b22b39-7551-46dd-8464-dd74933c4739: receive RaftClientReply:client-D9B31DDCE961->18b22b39-7551-46dd-8464-dd74933c4739@group-597320EF17B3, cid=4044, SUCCESS, logIndex=6077, commits[18b22b39-7551-46dd-8464-dd74933c4739:c6077, 76d6a15c-8eeb-4764-b555-ce8767d18d57:c6074, c90dcfdf-5973-4b56-a955-1fc4555f10cb:c6074]
2019-09-19 11:27:08,839 [grpc-default-executor-6] INFO  client.GrpcClientProtocolClient (GrpcClientProtocolClient.java:onNext(264)) - client-D9B31DDCE961->18b22b39-7551-46dd-8464-dd74933c4739: receive RaftClientReply:client-D9B31DDCE961->18b22b39-7551-46dd-8464-dd74933c4739@group-597320EF17B3, cid=4045, SUCCESS, logIndex=6078, commits[18b22b39-7551-46dd-8464-dd74933c4739:c6078, 76d6a15c-8eeb-4764-b555-ce8767d18d57:c6074, c90dcfdf-5973-4b56-a955-1fc4555f10cb:c6074]
2019-09-19 11:27:08,860 [grpc-default-executor-6] INFO  client.GrpcClientProtocolClient (GrpcClientProtocolClient.java:onNext(264)) - client-D9B31DDCE961->18b22b39-7551-46dd-8464-dd74933c4739: receive RaftClientReply:client-D9B31DDCE961->18b22b39-7551-46dd-8464-dd74933c4739@group-597320EF17B3, cid=4046, SUCCESS, logIndex=0, commits[18b22b39-7551-46dd-8464-dd74933c4739:c6080, 76d6a15c-8eeb-4764-b555-ce8767d18d57:c6078, c90dcfdf-5973-4b56-a955-1fc4555f10cb:c6078]
2019-09-19 11:27:08,897 [grpc-default-executor-1] INFO  client.GrpcClientProtocolClient (GrpcClientProtocolClient.java:onNext(264)) - client-D9B31DDCE961->18b22b39-7551-46dd-8464-dd74933c4739: receive RaftClientReply:client-D9B31DDCE961->18b22b39-7551-46dd-8464-dd74933c4739@group-597320EF17B3, cid=4047, SUCCESS, logIndex=6081, commits[18b22b39-7551-46dd-8464-dd74933c4739:c6082, 76d6a15c-8eeb-4764-b555-ce8767d18d57:c6080, c90dcfdf-5973-4b56-a955-1fc4555f10cb:c6080]
2019-09-19 11:27:08,897 [grpc-default-executor-1] INFO  client.GrpcClientProtocolClient (GrpcClientProtocolClient.java:onNext(264)) - client-D9B31DDCE961->18b22b39-7551-46dd-8464-dd74933c4739: receive RaftClientReply:client-D9B31DDCE961->18b22b39-7551-46dd-8464-dd74933c4739@group-597320EF17B3, cid=4048, SUCCESS, logIndex=6082, commits[18b22b39-7551-46dd-8464-dd74933c4739:c6082, 76d6a15c-8eeb-4764-b555-ce8767d18d57:c6080, c90dcfdf-5973-4b56-a955-1fc4555f10cb:c6080]
2019-09-19 11:27:08,907 [grpc-default-executor-1] INFO  client.GrpcClientProtocolClient (GrpcClientProtocolClient.java:onNext(264)) - client-D9B31DDCE961->18b22b39-7551-46dd-8464-dd74933c4739: receive RaftClientReply:client-D9B31DDCE961->18b22b39-7551-46dd-8464-dd74933c4739@group-597320EF17B3, cid=4049, SUCCESS, logIndex=6083, commits[18b22b39-7551-46dd-8464-dd74933c4739:c6084, 76d6a15c-8eeb-4764-b555-ce8767d18d57:c6080, c90dcfdf-5973-4b56-a955-1fc4555f10cb:c6080]
2019-09-19 11:27:08,908 [grpc-default-executor-1] INFO  client.GrpcClientProtocolClient (GrpcClientProtocolClient.java:onNext(264)) - client-D9B31DDCE961->18b22b39-7551-46dd-8464-dd74933c4739: receive RaftClientReply:client-D9B31DDCE961->18b22b39-7551-46dd-8464-dd74933c4739@group-597320EF17B3, cid=4050, SUCCESS, logIndex=6084, commits[18b22b39-7551-46dd-8464-dd74933c4739:c6084, 76d6a15c-8eeb-4764-b555-ce8767d18d57:c6080, c90dcfdf-5973-4b56-a955-1fc4555f10cb:c6080]
2019-09-19 11:27:08,920 [grpc-default-executor-1] INFO  client.GrpcClientProtocolClient (GrpcClientProtocolClient.java:onNext(264)) - client-D9B31DDCE961->18b22b39-7551-46dd-8464-dd74933c4739: receive RaftClientReply:client-D9B31DDCE961->18b22b39-7551-46dd-8464-dd74933c4739@group-597320EF17B3, cid=4051, SUCCESS, logIndex=0, commits[18b22b39-7551-46dd-8464-dd74933c4739:c6086, 76d6a15c-8eeb-4764-b555-ce8767d18d57:c6082, c90dcfdf-5973-4b56-a955-1fc4555f10cb:c6082]
2019-09-19 11:27:08,946 [grpc-default-executor-1] INFO  client.GrpcClientProtocolClient (GrpcClientProtocolClient.java:onNext(264)) - client-D9B31DDCE961->18b22b39-7551-46dd-8464-dd74933c4739: receive RaftClientReply:client-D9B31DDCE961->18b22b39-7551-46dd-8464-dd74933c4739@group-597320EF17B3, cid=4052, SUCCESS, logIndex=6089, commits[18b22b39-7551-46dd-8464-dd74933c4739:c6090, 76d6a15c-8eeb-4764-b555-ce8767d18d57:c6084, c90dcfdf-5973-4b56-a955-1fc4555f10cb:c6086]
2019-09-19 11:27:08,946 [grpc-default-executor-1] INFO  client.GrpcClientProtocolClient (GrpcClientProtocolClient.java:onNext(264)) - client-D9B31DDCE961->18b22b39-7551-46dd-8464-dd74933c4739: receive RaftClientReply:client-D9B31DDCE961->18b22b39-7551-46dd-8464-dd74933c4739@group-597320EF17B3, cid=4053, SUCCESS, logIndex=6090, commits[18b22b39-7551-46dd-8464-dd74933c4739:c6090, 76d6a15c-8eeb-4764-b555-ce8767d18d57:c6084, c90dcfdf-5973-4b56-a955-1fc4555f10cb:c6086]
2019-09-19 11:27:08,973 [grpc-default-executor-1] INFO  client.GrpcClientProtocolClient (GrpcClientProtocolClient.java:onNext(264)) - client-D9B31DDCE961->18b22b39-7551-46dd-8464-dd74933c4739: receive RaftClientReply:client-D9B31DDCE961->18b22b39-7551-46dd-8464-dd74933c4739@group-597320EF17B3, cid=4054, SUCCESS, logIndex=6093, commits[18b22b39-7551-46dd-8464-dd74933c4739:c6094, 76d6a15c-8eeb-4764-b555-ce8767d18d57:c6090, c90dcfdf-5973-4b56-a955-1fc4555f10cb:c6090]
2019-09-19 11:27:08,973 [grpc-default-executor-1] INFO  client.GrpcClientProtocolClient (GrpcClientProtocolClient.java:onNext(264)) - client-D9B31DDCE961->18b22b39-7551-46dd-8464-dd74933c4739: receive RaftClientReply:client-D9B31DDCE961->18b22b39-7551-46dd-8464-dd74933c4739@group-597320EF17B3, cid=4055, SUCCESS, logIndex=6094, commits[18b22b39-7551-46dd-8464-dd74933c4739:c6094, 76d6a15c-8eeb-4764-b555-ce8767d18d57:c6090, c90dcfdf-5973-4b56-a955-1fc4555f10cb:c6090]
2019-09-19 11:27:08,985 [grpc-default-executor-1] INFO  client.GrpcClientProtocolClient (GrpcClientProtocolClient.java:onNext(264)) - client-D9B31DDCE961->18b22b39-7551-46dd-8464-dd74933c4739: receive RaftClientReply:client-D9B31DDCE961->18b22b39-7551-46dd-8464-dd74933c4739@group-597320EF17B3, cid=4056, SUCCESS, logIndex=0, commits[18b22b39-7551-46dd-8464-dd74933c4739:c6095, 76d6a15c-8eeb-4764-b555-ce8767d18d57:c6094, c90dcfdf-5973-4b56-a955-1fc4555f10cb:c6094]
2019-09-19 11:27:09,011 [grpc-default-executor-7] INFO  client.GrpcClientProtocolClient (GrpcClientProtocolClient.java:onNext(264)) - client-D9B31DDCE961->18b22b39-7551-46dd-8464-dd74933c4739: receive RaftClientReply:client-D9B31DDCE961->18b22b39-7551-46dd-8464-dd74933c4739@group-597320EF17B3, cid=4057, SUCCESS, logIndex=6097, commits[18b22b39-7551-46dd-8464-dd74933c4739:c6097, 76d6a15c-8eeb-4764-b555-ce8767d18d57:c6096, c90dcfdf-5973-4b56-a955-1fc4555f10cb:c6094]
2019-09-19 11:27:09,011 [grpc-default-executor-7] INFO  client.GrpcClientProtocolClient (GrpcClientProtocolClient.java:onNext(264)) - client-D9B31DDCE961->18b22b39-7551-46dd-8464-dd74933c4739: receive RaftClientReply:client-D9B31DDCE961->18b22b39-7551-46dd-8464-dd74933c4739@group-597320EF17B3, cid=4058, SUCCESS, logIndex=6098, commits[18b22b39-7551-46dd-8464-dd74933c4739:c6098, 76d6a15c-8eeb-4764-b555-ce8767d18d57:c6096, c90dcfdf-5973-4b56-a955-1fc4555f10cb:c6094]
2019-09-19 11:27:09,014 [grpc-default-executor-7] INFO  client.GrpcClientProtocolClient (GrpcClientProtocolClient.java:onNext(264)) - client-D9B31DDCE961->18b22b39-7551-46dd-8464-dd74933c4739: receive RaftClientReply:client-D9B31DDCE961->18b22b39-7551-46dd-8464-dd74933c4739@group-597320EF17B3, cid=4059, SUCCESS, logIndex=6099, commits[18b22b39-7551-46dd-8464-dd74933c4739:c6100, 76d6a15c-8eeb-4764-b555-ce8767d18d57:c6097, c90dcfdf-5973-4b56-a955-1fc4555f10cb:c6096]
2019-09-19 11:27:09,015 [grpc-default-executor-7] INFO  client.GrpcClientProtocolClient (GrpcClientProtocolClient.java:onNext(264)) - client-D9B31DDCE961->18b22b39-7551-46dd-8464-dd74933c4739: receive RaftClientReply:client-D9B31DDCE961->18b22b39-7551-46dd-8464-dd74933c4739@group-597320EF17B3, cid=4060, SUCCESS, logIndex=6100, commits[18b22b39-7551-46dd-8464-dd74933c4739:c6100, 76d6a15c-8eeb-4764-b555-ce8767d18d57:c6097, c90dcfdf-5973-4b56-a955-1fc4555f10cb:c6096]
2019-09-19 11:27:09,024 [grpc-default-executor-7] INFO  client.GrpcClientProtocolClient (GrpcClientProtocolClient.java:onNext(264)) - client-D9B31DDCE961->18b22b39-7551-46dd-8464-dd74933c4739: receive RaftClientReply:client-D9B31DDCE961->18b22b39-7551-46dd-8464-dd74933c4739@group-597320EF17B3, cid=4061, SUCCESS, logIndex=0, commits[18b22b39-7551-46dd-8464-dd74933c4739:c6102, 76d6a15c-8eeb-4764-b555-ce8767d18d57:c6098, c90dcfdf-5973-4b56-a955-1fc4555f10cb:c6098]
2019-09-19 11:27:09,036 [grpc-default-executor-5] INFO  client.GrpcClientProtocolClient (GrpcClientProtocolClient.java:onNext(264)) - client-D9B31DDCE961->18b22b39-7551-46dd-8464-dd74933c4739: receive RaftClientReply:client-D9B31DDCE961->18b22b39-7551-46dd-8464-dd74933c4739@group-597320EF17B3, cid=4062, SUCCESS, logIndex=6105, commits[18b22b39-7551-46dd-8464-dd74933c4739:c6106, 76d6a15c-8eeb-4764-b555-ce8767d18d57:c6104, c90dcfdf-5973-4b56-a955-1fc4555f10cb:c6100]
2019-09-19 11:27:09,036 [grpc-default-executor-5] INFO  client.GrpcClientProtocolClient (GrpcClientProtocolClient.java:onNext(264)) - client-D9B31DDCE961->18b22b39-7551-46dd-8464-dd74933c4739: receive RaftClientReply:client-D9B31DDCE961->18b22b39-7551-46dd-8464-dd74933c4739@group-597320EF17B3, cid=4063, SUCCESS, logIndex=6106, commits[18b22b39-7551-46dd-8464-dd74933c4739:c6106, 76d6a15c-8eeb-4764-b555-ce8767d18d57:c6104, c90dcfdf-5973-4b56-a955-1fc4555f10cb:c6100]
2019-09-19 11:27:09,048 [grpc-default-executor-5] INFO  client.GrpcClientProtocolClient (GrpcClientProtocolClient.java:onNext(264)) - client-D9B31DDCE961->18b22b39-7551-46dd-8464-dd74933c4739: receive RaftClientReply:client-D9B31DDCE961->18b22b39-7551-46dd-8464-dd74933c4739@group-597320EF17B3, cid=4064, SUCCESS, logIndex=6109, commits[18b22b39-7551-46dd-8464-dd74933c4739:c6110, 76d6a15c-8eeb-4764-b555-ce8767d18d57:c6107, c90dcfdf-5973-4b56-a955-1fc4555f10cb:c6106]
2019-09-19 11:27:09,049 [grpc-default-executor-5] INFO  client.GrpcClientProtocolClient (GrpcClientProtocolClient.java:onNext(264)) - client-D9B31DDCE961->18b22b39-7551-46dd-8464-dd74933c4739: receive RaftClientReply:client-D9B31DDCE961->18b22b39-7551-46dd-8464-dd74933c4739@group-597320EF17B3, cid=4065, SUCCESS, logIndex=6110, commits[18b22b39-7551-46dd-8464-dd74933c4739:c6110, 76d6a15c-8eeb-4764-b555-ce8767d18d57:c6107, c90dcfdf-5973-4b56-a955-1fc4555f10cb:c6106]
2019-09-19 11:27:09,055 [grpc-default-executor-5] INFO  client.GrpcClientProtocolClient (GrpcClientProtocolClient.java:onNext(264)) - client-D9B31DDCE961->18b22b39-7551-46dd-8464-dd74933c4739: receive RaftClientReply:client-D9B31DDCE961->18b22b39-7551-46dd-8464-dd74933c4739@group-597320EF17B3, cid=4066, SUCCESS, logIndex=0, commits[18b22b39-7551-46dd-8464-dd74933c4739:c6112, 76d6a15c-8eeb-4764-b555-ce8767d18d57:c6110, c90dcfdf-5973-4b56-a955-1fc4555f10cb:c6110]
2019-09-19 11:27:09,093 [grpc-default-executor-7] INFO  client.GrpcClientProtocolClient (GrpcClientProtocolClient.java:onNext(264)) - client-D9B31DDCE961->18b22b39-7551-46dd-8464-dd74933c4739: receive RaftClientReply:client-D9B31DDCE961->18b22b39-7551-46dd-8464-dd74933c4739@group-597320EF17B3, cid=4067, SUCCESS, logIndex=6113, commits[18b22b39-7551-46dd-8464-dd74933c4739:c6114, 76d6a15c-8eeb-4764-b555-ce8767d18d57:c6112, c90dcfdf-5973-4b56-a955-1fc4555f10cb:c6110]
2019-09-19 11:27:09,093 [grpc-default-executor-7] INFO  client.GrpcClientProtocolClient (GrpcClientProtocolClient.java:onNext(264)) - client-D9B31DDCE961->18b22b39-7551-46dd-8464-dd74933c4739: receive RaftClientReply:client-D9B31DDCE961->18b22b39-7551-46dd-8464-dd74933c4739@group-597320EF17B3, cid=4068, SUCCESS, logIndex=6114, commits[18b22b39-7551-46dd-8464-dd74933c4739:c6114, 76d6a15c-8eeb-4764-b555-ce8767d18d57:c6112, c90dcfdf-5973-4b56-a955-1fc4555f10cb:c6112]
2019-09-19 11:27:09,094 [grpc-default-executor-7] INFO  client.GrpcClientProtocolClient (GrpcClientProtocolClient.java:onNext(264)) - client-D9B31DDCE961->18b22b39-7551-46dd-8464-dd74933c4739: receive RaftClientReply:client-D9B31DDCE961->18b22b39-7551-46dd-8464-dd74933c4739@group-597320EF17B3, cid=4069, SUCCESS, logIndex=6115, commits[18b22b39-7551-46dd-8464-dd74933c4739:c6116, 76d6a15c-8eeb-4764-b555-ce8767d18d57:c6112, c90dcfdf-5973-4b56-a955-1fc4555f10cb:c6112]
2019-09-19 11:27:09,094 [grpc-default-executor-7] INFO  client.GrpcClientProtocolClient (GrpcClientProtocolClient.java:onNext(264)) - client-D9B31DDCE961->18b22b39-7551-46dd-8464-dd74933c4739: receive RaftClientReply:client-D9B31DDCE961->18b22b39-7551-46dd-8464-dd74933c4739@group-597320EF17B3, cid=4070, SUCCESS, logIndex=6116, commits[18b22b39-7551-46dd-8464-dd74933c4739:c6116, 76d6a15c-8eeb-4764-b555-ce8767d18d57:c6112, c90dcfdf-5973-4b56-a955-1fc4555f10cb:c6112]
2019-09-19 11:27:09,109 [grpc-default-executor-7] INFO  client.GrpcClientProtocolClient (GrpcClientProtocolClient.java:onNext(264)) - client-D9B31DDCE961->18b22b39-7551-46dd-8464-dd74933c4739: receive RaftClientReply:client-D9B31DDCE961->18b22b39-7551-46dd-8464-dd74933c4739@group-597320EF17B3, cid=4071, SUCCESS, logIndex=0, commits[18b22b39-7551-46dd-8464-dd74933c4739:c6118, 76d6a15c-8eeb-4764-b555-ce8767d18d57:c6114, c90dcfdf-5973-4b56-a955-1fc4555f10cb:c6114]
2019-09-19 11:27:09,121 [grpc-default-executor-7] INFO  client.GrpcClientProtocolClient (GrpcClientProtocolClient.java:onNext(264)) - client-D9B31DDCE961->18b22b39-7551-46dd-8464-dd74933c4739: receive RaftClientReply:client-D9B31DDCE961->18b22b39-7551-46dd-8464-dd74933c4739@group-597320EF17B3, cid=4072, SUCCESS, logIndex=6121, commits[18b22b39-7551-46dd-8464-dd74933c4739:c6122, 76d6a15c-8eeb-4764-b555-ce8767d18d57:c6116, c90dcfdf-5973-4b56-a955-1fc4555f10cb:c6120]
2019-09-19 11:27:09,121 [grpc-default-executor-7] INFO  client.GrpcClientProtocolClient (GrpcClientProtocolClient.java:onNext(264)) - client-D9B31DDCE961->18b22b39-7551-46dd-8464-dd74933c4739: receive RaftClientReply:client-D9B31DDCE961->18b22b39-7551-46dd-8464-dd74933c4739@group-597320EF17B3, cid=4073, SUCCESS, logIndex=6122, commits[18b22b39-7551-46dd-8464-dd74933c4739:c6122, 76d6a15c-8eeb-4764-b555-ce8767d18d57:c6120, c90dcfdf-5973-4b56-a955-1fc4555f10cb:c6120]
2019-09-19 11:27:09,148 [grpc-default-executor-5] INFO  client.GrpcClientProtocolClient (GrpcClientProtocolClient.java:onNext(264)) - client-D9B31DDCE961->18b22b39-7551-46dd-8464-dd74933c4739: receive RaftClientReply:client-D9B31DDCE961->18b22b39-7551-46dd-8464-dd74933c4739@group-597320EF17B3, cid=4074, SUCCESS, logIndex=6125, commits[18b22b39-7551-46dd-8464-dd74933c4739:c6126, 76d6a15c-8eeb-4764-b555-ce8767d18d57:c6122, c90dcfdf-5973-4b56-a955-1fc4555f10cb:c6122]
2019-09-19 11:27:09,148 [grpc-default-executor-5] INFO  client.GrpcClientProtocolClient (GrpcClientProtocolClient.java:onNext(264)) - client-D9B31DDCE961->18b22b39-7551-46dd-8464-dd74933c4739: receive RaftClientReply:client-D9B31DDCE961->18b22b39-7551-46dd-8464-dd74933c4739@group-597320EF17B3, cid=4075, SUCCESS, logIndex=6126, commits[18b22b39-7551-46dd-8464-dd74933c4739:c6126, 76d6a15c-8eeb-4764-b555-ce8767d18d57:c6122, c90dcfdf-5973-4b56-a955-1fc4555f10cb:c6122]
2019-09-19 11:27:09,160 [grpc-default-executor-5] INFO  client.GrpcClientProtocolClient (GrpcClientProtocolClient.java:onNext(264)) - client-D9B31DDCE961->18b22b39-7551-46dd-8464-dd74933c4739: receive RaftClientReply:client-D9B31DDCE961->18b22b39-7551-46dd-8464-dd74933c4739@group-597320EF17B3, cid=4076, SUCCESS, logIndex=0, commits[18b22b39-7551-46dd-8464-dd74933c4739:c6127, 76d6a15c-8eeb-4764-b555-ce8767d18d57:c6126, c90dcfdf-5973-4b56-a955-1fc4555f10cb:c6126]
2019-09-19 11:27:09,191 [grpc-default-executor-7] INFO  client.GrpcClientProtocolClient (GrpcClientProtocolClient.java:onNext(264)) - client-D9B31DDCE961->18b22b39-7551-46dd-8464-dd74933c4739: receive RaftClientReply:client-D9B31DDCE961->18b22b39-7551-46dd-8464-dd74933c4739@group-597320EF17B3, cid=4077, SUCCESS, logIndex=6129, commits[18b22b39-7551-46dd-8464-dd74933c4739:c6130, 76d6a15c-8eeb-4764-b555-ce8767d18d57:c6128, c90dcfdf-5973-4b56-a955-1fc4555f10cb:c6128]
2019-09-19 11:27:09,192 [grpc-default-executor-1] INFO  client.GrpcClientProtocolClient (GrpcClientProtocolClient.java:onNext(264)) - client-D9B31DDCE961->18b22b39-7551-46dd-8464-dd74933c4739: receive RaftClientReply:client-D9B31DDCE961->18b22b39-7551-46dd-8464-dd74933c4739@group-597320EF17B3, cid=4078, SUCCESS, logIndex=6130, commits[18b22b39-7551-46dd-8464-dd74933c4739:c6130, 76d6a15c-8eeb-4764-b555-ce8767d18d57:c6128, c90dcfdf-5973-4b56-a955-1fc4555f10cb:c6128]
2019-09-19 11:27:09,192 [grpc-default-executor-7] INFO  client.GrpcClientProtocolClient (GrpcClientProtocolClient.java:onNext(264)) - client-D9B31DDCE961->18b22b39-7551-46dd-8464-dd74933c4739: receive RaftClientReply:client-D9B31DDCE961->18b22b39-7551-46dd-8464-dd74933c4739@group-597320EF17B3, cid=4079, SUCCESS, logIndex=6131, commits[18b22b39-7551-46dd-8464-dd74933c4739:c6132, 76d6a15c-8eeb-4764-b555-ce8767d18d57:c6128, c90dcfdf-5973-4b56-a955-1fc4555f10cb:c6128]
2019-09-19 11:27:09,193 [grpc-default-executor-7] INFO  client.GrpcClientProtocolClient (GrpcClientProtocolClient.java:onNext(264)) - client-D9B31DDCE961->18b22b39-7551-46dd-8464-dd74933c4739: receive RaftClientReply:client-D9B31DDCE961->18b22b39-7551-46dd-8464-dd74933c4739@group-597320EF17B3, cid=4080, SUCCESS, logIndex=6132, commits[18b22b39-7551-46dd-8464-dd74933c4739:c6132, 76d6a15c-8eeb-4764-b555-ce8767d18d57:c6128, c90dcfdf-5973-4b56-a955-1fc4555f10cb:c6128]
2019-09-19 11:27:09,194 [grpc-default-executor-5] INFO  client.GrpcClientProtocolClient (GrpcClientProtocolClient.java:onNext(264)) - client-D9B31DDCE961->18b22b39-7551-46dd-8464-dd74933c4739: receive RaftClientReply:client-D9B31DDCE961->18b22b39-7551-46dd-8464-dd74933c4739@group-597320EF17B3, cid=4081, SUCCESS, logIndex=0, commits[18b22b39-7551-46dd-8464-dd74933c4739:c6134, 76d6a15c-8eeb-4764-b555-ce8767d18d57:c6130, c90dcfdf-5973-4b56-a955-1fc4555f10cb:c6130]
2019-09-19 11:27:09,216 [grpc-default-executor-5] INFO  client.GrpcClientProtocolClient (GrpcClientProtocolClient.java:onNext(264)) - client-D9B31DDCE961->18b22b39-7551-46dd-8464-dd74933c4739: receive RaftClientReply:client-D9B31DDCE961->18b22b39-7551-46dd-8464-dd74933c4739@group-597320EF17B3, cid=4082, SUCCESS, logIndex=6137, commits[18b22b39-7551-46dd-8464-dd74933c4739:c6137, 76d6a15c-8eeb-4764-b555-ce8767d18d57:c6132, c90dcfdf-5973-4b56-a955-1fc4555f10cb:c6136]
2019-09-19 11:27:09,216 [grpc-default-executor-5] INFO  client.GrpcClientProtocolClient (GrpcClientProtocolClient.java:onNext(264)) - client-D9B31DDCE961->18b22b39-7551-46dd-8464-dd74933c4739: receive RaftClientReply:client-D9B31DDCE961->18b22b39-7551-46dd-8464-dd74933c4739@group-597320EF17B3, cid=4083, SUCCESS, logIndex=6138, commits[18b22b39-7551-46dd-8464-dd74933c4739:c6138, 76d6a15c-8eeb-4764-b555-ce8767d18d57:c6136, c90dcfdf-5973-4b56-a955-1fc4555f10cb:c6136]
2019-09-19 11:27:09,245 [grpc-default-executor-7] INFO  client.GrpcClientProtocolClient (GrpcClientProtocolClient.java:onNext(264)) - client-D9B31DDCE961->18b22b39-7551-46dd-8464-dd74933c4739: receive RaftClientReply:client-D9B31DDCE961->18b22b39-7551-46dd-8464-dd74933c4739@group-597320EF17B3, cid=4084, SUCCESS, logIndex=6141, commits[18b22b39-7551-46dd-8464-dd74933c4739:c6142, 76d6a15c-8eeb-4764-b555-ce8767d18d57:c6138, c90dcfdf-5973-4b56-a955-1fc4555f10cb:c6138]
2019-09-19 11:27:09,246 [grpc-default-executor-7] INFO  client.GrpcClientProtocolClient (GrpcClientProtocolClient.java:onNext(264)) - client-D9B31DDCE961->18b22b39-7551-46dd-8464-dd74933c4739: receive RaftClientReply:client-D9B31DDCE961->18b22b39-7551-46dd-8464-dd74933c4739@group-597320EF17B3, cid=4085, SUCCESS, logIndex=6142, commits[18b22b39-7551-46dd-8464-dd74933c4739:c6142, 76d6a15c-8eeb-4764-b555-ce8767d18d57:c6138, c90dcfdf-5973-4b56-a955-1fc4555f10cb:c6138]
2019-09-19 11:27:09,256 [grpc-default-executor-5] INFO  client.GrpcClientProtocolClient (GrpcClientProtocolClient.java:onNext(264)) - client-D9B31DDCE961->18b22b39-7551-46dd-8464-dd74933c4739: receive RaftClientReply:client-D9B31DDCE961->18b22b39-7551-46dd-8464-dd74933c4739@group-597320EF17B3, cid=4086, SUCCESS, logIndex=0, commits[18b22b39-7551-46dd-8464-dd74933c4739:c6143, 76d6a15c-8eeb-4764-b555-ce8767d18d57:c6142, c90dcfdf-5973-4b56-a955-1fc4555f10cb:c6142]
2019-09-19 11:27:09,296 [grpc-default-executor-5] INFO  client.GrpcClientProtocolClient (GrpcClientProtocolClient.java:onNext(264)) - client-D9B31DDCE961->18b22b39-7551-46dd-8464-dd74933c4739: receive RaftClientReply:client-D9B31DDCE961->18b22b39-7551-46dd-8464-dd74933c4739@group-597320EF17B3, cid=4087, SUCCESS, logIndex=6145, commits[18b22b39-7551-46dd-8464-dd74933c4739:c6146, 76d6a15c-8eeb-4764-b555-ce8767d18d57:c6144, c90dcfdf-5973-4b56-a955-1fc4555f10cb:c6144]
2019-09-19 11:27:09,296 [grpc-default-executor-5] INFO  client.GrpcClientProtocolClient (GrpcClientProtocolClient.java:onNext(264)) - client-D9B31DDCE961->18b22b39-7551-46dd-8464-dd74933c4739: receive RaftClientReply:client-D9B31DDCE961->18b22b39-7551-46dd-8464-dd74933c4739@group-597320EF17B3, cid=4088, SUCCESS, logIndex=6146, commits[18b22b39-7551-46dd-8464-dd74933c4739:c6146, 76d6a15c-8eeb-4764-b555-ce8767d18d57:c6144, c90dcfdf-5973-4b56-a955-1fc4555f10cb:c6144]
2019-09-19 11:27:09,298 [grpc-default-executor-5] INFO  client.GrpcClientProtocolClient (GrpcClientProtocolClient.java:onNext(264)) - client-D9B31DDCE961->18b22b39-7551-46dd-8464-dd74933c4739: receive RaftClientReply:client-D9B31DDCE961->18b22b39-7551-46dd-8464-dd74933c4739@group-597320EF17B3, cid=4089, SUCCESS, logIndex=6147, commits[18b22b39-7551-46dd-8464-dd74933c4739:c6148, 76d6a15c-8eeb-4764-b555-ce8767d18d57:c6144, c90dcfdf-5973-4b56-a955-1fc4555f10cb:c6144]
2019-09-19 11:27:09,298 [grpc-default-executor-5] INFO  client.GrpcClientProtocolClient (GrpcClientProtocolClient.java:onNext(264)) - client-D9B31DDCE961->18b22b39-7551-46dd-8464-dd74933c4739: receive RaftClientReply:client-D9B31DDCE961->18b22b39-7551-46dd-8464-dd74933c4739@group-597320EF17B3, cid=4090, SUCCESS, logIndex=6148, commits[18b22b39-7551-46dd-8464-dd74933c4739:c6148, 76d6a15c-8eeb-4764-b555-ce8767d18d57:c6144, c90dcfdf-5973-4b56-a955-1fc4555f10cb:c6144]
2019-09-19 11:27:09,313 [grpc-default-executor-5] INFO  client.GrpcClientProtocolClient (GrpcClientProtocolClient.java:onNext(264)) - client-D9B31DDCE961->18b22b39-7551-46dd-8464-dd74933c4739: receive RaftClientReply:client-D9B31DDCE961->18b22b39-7551-46dd-8464-dd74933c4739@group-597320EF17B3, cid=4091, SUCCESS, logIndex=0, commits[18b22b39-7551-46dd-8464-dd74933c4739:c6149, 76d6a15c-8eeb-4764-b555-ce8767d18d57:c6146, c90dcfdf-5973-4b56-a955-1fc4555f10cb:c6146]
2019-09-19 11:27:09,324 [grpc-default-executor-7] INFO  client.GrpcClientProtocolClient (GrpcClientProtocolClient.java:onNext(264)) - client-D9B31DDCE961->18b22b39-7551-46dd-8464-dd74933c4739: receive RaftClientReply:client-D9B31DDCE961->18b22b39-7551-46dd-8464-dd74933c4739@group-597320EF17B3, cid=4092, SUCCESS, logIndex=6153, commits[18b22b39-7551-46dd-8464-dd74933c4739:c6154, 76d6a15c-8eeb-4764-b555-ce8767d18d57:c6152, c90dcfdf-5973-4b56-a955-1fc4555f10cb:c6148]
2019-09-19 11:27:09,325 [grpc-default-executor-7] INFO  client.GrpcClientProtocolClient (GrpcClientProtocolClient.java:onNext(264)) - client-D9B31DDCE961->18b22b39-7551-46dd-8464-dd74933c4739: receive RaftClientReply:client-D9B31DDCE961->18b22b39-7551-46dd-8464-dd74933c4739@group-597320EF17B3, cid=4093, SUCCESS, logIndex=6154, commits[18b22b39-7551-46dd-8464-dd74933c4739:c6154, 76d6a15c-8eeb-4764-b555-ce8767d18d57:c6152, c90dcfdf-5973-4b56-a955-1fc4555f10cb:c6152]
2019-09-19 11:27:09,349 [grpc-default-executor-5] INFO  client.GrpcClientProtocolClient (GrpcClientProtocolClient.java:onNext(264)) - client-D9B31DDCE961->18b22b39-7551-46dd-8464-dd74933c4739: receive RaftClientReply:client-D9B31DDCE961->18b22b39-7551-46dd-8464-dd74933c4739@group-597320EF17B3, cid=4094, SUCCESS, logIndex=6157, commits[18b22b39-7551-46dd-8464-dd74933c4739:c6158, 76d6a15c-8eeb-4764-b555-ce8767d18d57:c6154, c90dcfdf-5973-4b56-a955-1fc4555f10cb:c6155]
2019-09-19 11:27:09,349 [grpc-default-executor-5] INFO  client.GrpcClientProtocolClient (GrpcClientProtocolClient.java:onNext(264)) - client-D9B31DDCE961->18b22b39-7551-46dd-8464-dd74933c4739: receive RaftClientReply:client-D9B31DDCE961->18b22b39-7551-46dd-8464-dd74933c4739@group-597320EF17B3, cid=4095, SUCCESS, logIndex=6158, commits[18b22b39-7551-46dd-8464-dd74933c4739:c6158, 76d6a15c-8eeb-4764-b555-ce8767d18d57:c6155, c90dcfdf-5973-4b56-a955-1fc4555f10cb:c6155]
2019-09-19 11:27:09,355 [grpc-default-executor-5] INFO  client.GrpcClientProtocolClient (GrpcClientProtocolClient.java:onNext(264)) - client-D9B31DDCE961->18b22b39-7551-46dd-8464-dd74933c4739: receive RaftClientReply:client-D9B31DDCE961->18b22b39-7551-46dd-8464-dd74933c4739@group-597320EF17B3, cid=4096, SUCCESS, logIndex=0, commits[18b22b39-7551-46dd-8464-dd74933c4739:c6159, 76d6a15c-8eeb-4764-b555-ce8767d18d57:c6158, c90dcfdf-5973-4b56-a955-1fc4555f10cb:c6158]
 0.00% |█                                                                                                    |  0/1 Time: 0:01:132019-09-19 11:27:09,390 [grpc-default-executor-1] INFO  client.GrpcClientProtocolClient (GrpcClientProtocolClient.java:onNext(264)) - client-D9B31DDCE961->18b22b39-7551-46dd-8464-dd74933c4739: receive RaftClientReply:client-D9B31DDCE961->18b22b39-7551-46dd-8464-dd74933c4739@group-597320EF17B3, cid=4097, SUCCESS, logIndex=6161, commits[18b22b39-7551-46dd-8464-dd74933c4739:c6162, 76d6a15c-8eeb-4764-b555-ce8767d18d57:c6160, c90dcfdf-5973-4b56-a955-1fc4555f10cb:c6160]
2019-09-19 11:27:09,390 [grpc-default-executor-1] INFO  client.GrpcClientProtocolClient (GrpcClientProtocolClient.java:onNext(264)) - client-D9B31DDCE961->18b22b39-7551-46dd-8464-dd74933c4739: receive RaftClientReply:client-D9B31DDCE961->18b22b39-7551-46dd-8464-dd74933c4739@group-597320EF17B3, cid=4098, SUCCESS, logIndex=6162, commits[18b22b39-7551-46dd-8464-dd74933c4739:c6162, 76d6a15c-8eeb-4764-b555-ce8767d18d57:c6160, c90dcfdf-5973-4b56-a955-1fc4555f10cb:c6160]
2019-09-19 11:27:09,403 [grpc-default-executor-5] INFO  client.GrpcClientProtocolClient (GrpcClientProtocolClient.java:onNext(264)) - client-D9B31DDCE961->18b22b39-7551-46dd-8464-dd74933c4739: receive RaftClientReply:client-D9B31DDCE961->18b22b39-7551-46dd-8464-dd74933c4739@group-597320EF17B3, cid=4099, SUCCESS, logIndex=6163, commits[18b22b39-7551-46dd-8464-dd74933c4739:c6164, 76d6a15c-8eeb-4764-b555-ce8767d18d57:c6160, c90dcfdf-5973-4b56-a955-1fc4555f10cb:c6160]
2019-09-19 11:27:09,404 [grpc-default-executor-5] INFO  client.GrpcClientProtocolClient (GrpcClientProtocolClient.java:onNext(264)) - client-D9B31DDCE961->18b22b39-7551-46dd-8464-dd74933c4739: receive RaftClientReply:client-D9B31DDCE961->18b22b39-7551-46dd-8464-dd74933c4739@group-597320EF17B3, cid=4100, SUCCESS, logIndex=6164, commits[18b22b39-7551-46dd-8464-dd74933c4739:c6164, 76d6a15c-8eeb-4764-b555-ce8767d18d57:c6160, c90dcfdf-5973-4b56-a955-1fc4555f10cb:c6160]
2019-09-19 11:27:09,416 [grpc-default-executor-5] INFO  client.GrpcClientProtocolClient (GrpcClientProtocolClient.java:onNext(264)) - client-D9B31DDCE961->18b22b39-7551-46dd-8464-dd74933c4739: receive RaftClientReply:client-D9B31DDCE961->18b22b39-7551-46dd-8464-dd74933c4739@group-597320EF17B3, cid=4101, SUCCESS, logIndex=0, commits[18b22b39-7551-46dd-8464-dd74933c4739:c6166, 76d6a15c-8eeb-4764-b555-ce8767d18d57:c6162, c90dcfdf-5973-4b56-a955-1fc4555f10cb:c6162]
2019-09-19 11:27:09,448 [grpc-default-executor-1] INFO  client.GrpcClientProtocolClient (GrpcClientProtocolClient.java:onNext(264)) - client-D9B31DDCE961->18b22b39-7551-46dd-8464-dd74933c4739: receive RaftClientReply:client-D9B31DDCE961->18b22b39-7551-46dd-8464-dd74933c4739@group-597320EF17B3, cid=4102, SUCCESS, logIndex=6169, commits[18b22b39-7551-46dd-8464-dd74933c4739:c6170, 76d6a15c-8eeb-4764-b555-ce8767d18d57:c6166, c90dcfdf-5973-4b56-a955-1fc4555f10cb:c6166]
2019-09-19 11:27:09,448 [grpc-default-executor-1] INFO  client.GrpcClientProtocolClient (GrpcClientProtocolClient.java:onNext(264)) - client-D9B31DDCE961->18b22b39-7551-46dd-8464-dd74933c4739: receive RaftClientReply:client-D9B31DDCE961->18b22b39-7551-46dd-8464-dd74933c4739@group-597320EF17B3, cid=4103, SUCCESS, logIndex=6170, commits[18b22b39-7551-46dd-8464-dd74933c4739:c6170, 76d6a15c-8eeb-4764-b555-ce8767d18d57:c6166, c90dcfdf-5973-4b56-a955-1fc4555f10cb:c6166]
 0.00% |█                                                                                                    |  0/1 Time: 0:01:142019-09-19 11:27:11,246 [grpc-default-executor-1] INFO  client.GrpcClientProtocolClient (GrpcClientProtocolClient.java:onNext(264)) - client-D9B31DDCE961->18b22b39-7551-46dd-8464-dd74933c4739: receive RaftClientReply:client-D9B31DDCE961->18b22b39-7551-46dd-8464-dd74933c4739@group-597320EF17B3, cid=4104, SUCCESS, logIndex=6173, commits[18b22b39-7551-46dd-8464-dd74933c4739:c6174, 76d6a15c-8eeb-4764-b555-ce8767d18d57:c6170, c90dcfdf-5973-4b56-a955-1fc4555f10cb:c6170]
2019-09-19 11:27:11,247 [grpc-default-executor-1] INFO  client.GrpcClientProtocolClient (GrpcClientProtocolClient.java:onNext(264)) - client-D9B31DDCE961->18b22b39-7551-46dd-8464-dd74933c4739: receive RaftClientReply:client-D9B31DDCE961->18b22b39-7551-46dd-8464-dd74933c4739@group-597320EF17B3, cid=4105, SUCCESS, logIndex=6174, commits[18b22b39-7551-46dd-8464-dd74933c4739:c6174, 76d6a15c-8eeb-4764-b555-ce8767d18d57:c6170, c90dcfdf-5973-4b56-a955-1fc4555f10cb:c6170]
2019-09-19 11:27:11,257 [grpc-default-executor-1] INFO  client.GrpcClientProtocolClient (GrpcClientProtocolClient.java:onNext(264)) - client-D9B31DDCE961->18b22b39-7551-46dd-8464-dd74933c4739: receive RaftClientReply:client-D9B31DDCE961->18b22b39-7551-46dd-8464-dd74933c4739@group-597320EF17B3, cid=4106, SUCCESS, logIndex=0, commits[18b22b39-7551-46dd-8464-dd74933c4739:c6174, 76d6a15c-8eeb-4764-b555-ce8767d18d57:c6174, c90dcfdf-5973-4b56-a955-1fc4555f10cb:c6174]
2019-09-19 11:27:11,310 [grpc-default-executor-6] INFO  client.GrpcClientProtocolClient (GrpcClientProtocolClient.java:onNext(264)) - client-D9B31DDCE961->18b22b39-7551-46dd-8464-dd74933c4739: receive RaftClientReply:client-D9B31DDCE961->18b22b39-7551-46dd-8464-dd74933c4739@group-597320EF17B3, cid=4107, SUCCESS, logIndex=6177, commits[18b22b39-7551-46dd-8464-dd74933c4739:c6178, 76d6a15c-8eeb-4764-b555-ce8767d18d57:c6176, c90dcfdf-5973-4b56-a955-1fc4555f10cb:c6176]
2019-09-19 11:27:11,310 [grpc-default-executor-6] INFO  client.GrpcClientProtocolClient (GrpcClientProtocolClient.java:onNext(264)) - client-D9B31DDCE961->18b22b39-7551-46dd-8464-dd74933c4739: receive RaftClientReply:client-D9B31DDCE961->18b22b39-7551-46dd-8464-dd74933c4739@group-597320EF17B3, cid=4108, SUCCESS, logIndex=6178, commits[18b22b39-7551-46dd-8464-dd74933c4739:c6180, 76d6a15c-8eeb-4764-b555-ce8767d18d57:c6176, c90dcfdf-5973-4b56-a955-1fc4555f10cb:c6176]
2019-09-19 11:27:11,311 [grpc-default-executor-6] INFO  client.GrpcClientProtocolClient (GrpcClientProtocolClient.java:onNext(264)) - client-D9B31DDCE961->18b22b39-7551-46dd-8464-dd74933c4739: receive RaftClientReply:client-D9B31DDCE961->18b22b39-7551-46dd-8464-dd74933c4739@group-597320EF17B3, cid=4109, SUCCESS, logIndex=6179, commits[18b22b39-7551-46dd-8464-dd74933c4739:c6180, 76d6a15c-8eeb-4764-b555-ce8767d18d57:c6176, c90dcfdf-5973-4b56-a955-1fc4555f10cb:c6176]
2019-09-19 11:27:11,311 [grpc-default-executor-6] INFO  client.GrpcClientProtocolClient (GrpcClientProtocolClient.java:onNext(264)) - client-D9B31DDCE961->18b22b39-7551-46dd-8464-dd74933c4739: receive RaftClientReply:client-D9B31DDCE961->18b22b39-7551-46dd-8464-dd74933c4739@group-597320EF17B3, cid=4110, SUCCESS, logIndex=6180, commits[18b22b39-7551-46dd-8464-dd74933c4739:c6180, 76d6a15c-8eeb-4764-b555-ce8767d18d57:c6176, c90dcfdf-5973-4b56-a955-1fc4555f10cb:c6176]
2019-09-19 11:27:11,312 [grpc-default-executor-6] INFO  client.GrpcClientProtocolClient (GrpcClientProtocolClient.java:onNext(264)) - client-D9B31DDCE961->18b22b39-7551-46dd-8464-dd74933c4739: receive RaftClientReply:client-D9B31DDCE961->18b22b39-7551-46dd-8464-dd74933c4739@group-597320EF17B3, cid=4111, SUCCESS, logIndex=0, commits[18b22b39-7551-46dd-8464-dd74933c4739:c6181, 76d6a15c-8eeb-4764-b555-ce8767d18d57:c6178, c90dcfdf-5973-4b56-a955-1fc4555f10cb:c6178]
2019-09-19 11:27:11,333 [grpc-default-executor-7] INFO  client.GrpcClientProtocolClient (GrpcClientProtocolClient.java:onNext(264)) - client-D9B31DDCE961->18b22b39-7551-46dd-8464-dd74933c4739: receive RaftClientReply:client-D9B31DDCE961->18b22b39-7551-46dd-8464-dd74933c4739@group-597320EF17B3, cid=4112, SUCCESS, logIndex=6185, commits[18b22b39-7551-46dd-8464-dd74933c4739:c6186, 76d6a15c-8eeb-4764-b555-ce8767d18d57:c6184, c90dcfdf-5973-4b56-a955-1fc4555f10cb:c6184]
2019-09-19 11:27:11,334 [grpc-default-executor-7] INFO  client.GrpcClientProtocolClient (GrpcClientProtocolClient.java:onNext(264)) - client-D9B31DDCE961->18b22b39-7551-46dd-8464-dd74933c4739: receive RaftClientReply:client-D9B31DDCE961->18b22b39-7551-46dd-8464-dd74933c4739@group-597320EF17B3, cid=4113, SUCCESS, logIndex=6186, commits[18b22b39-7551-46dd-8464-dd74933c4739:c6186, 76d6a15c-8eeb-4764-b555-ce8767d18d57:c6184, c90dcfdf-5973-4b56-a955-1fc4555f10cb:c6184]
2019-09-19 11:27:11,360 [grpc-default-executor-6] INFO  client.GrpcClientProtocolClient (GrpcClientProtocolClient.java:onNext(264)) - client-D9B31DDCE961->18b22b39-7551-46dd-8464-dd74933c4739: receive RaftClientReply:client-D9B31DDCE961->18b22b39-7551-46dd-8464-dd74933c4739@group-597320EF17B3, cid=4114, SUCCESS, logIndex=6189, commits[18b22b39-7551-46dd-8464-dd74933c4739:c6189, 76d6a15c-8eeb-4764-b555-ce8767d18d57:c6185, c90dcfdf-5973-4b56-a955-1fc4555f10cb:c6186]
2019-09-19 11:27:11,360 [grpc-default-executor-6] INFO  client.GrpcClientProtocolClient (GrpcClientProtocolClient.java:onNext(264)) - client-D9B31DDCE961->18b22b39-7551-46dd-8464-dd74933c4739: receive RaftClientReply:client-D9B31DDCE961->18b22b39-7551-46dd-8464-dd74933c4739@group-597320EF17B3, cid=4115, SUCCESS, logIndex=6190, commits[18b22b39-7551-46dd-8464-dd74933c4739:c6190, 76d6a15c-8eeb-4764-b555-ce8767d18d57:c6186, c90dcfdf-5973-4b56-a955-1fc4555f10cb:c6186]
2019-09-19 11:27:11,379 [grpc-default-executor-6] INFO  client.GrpcClientProtocolClient (GrpcClientProtocolClient.java:onNext(264)) - client-D9B31DDCE961->18b22b39-7551-46dd-8464-dd74933c4739: receive RaftClientReply:client-D9B31DDCE961->18b22b39-7551-46dd-8464-dd74933c4739@group-597320EF17B3, cid=4116, SUCCESS, logIndex=0, commits[18b22b39-7551-46dd-8464-dd74933c4739:c6192, 76d6a15c-8eeb-4764-b555-ce8767d18d57:c6190, c90dcfdf-5973-4b56-a955-1fc4555f10cb:c6190]
 0.00% |█                                                                                                    |  0/1 Time: 0:01:152019-09-19 11:27:11,577 [grpc-default-executor-5] INFO  client.GrpcClientProtocolClient (GrpcClientProtocolClient.java:onNext(264)) - client-D9B31DDCE961->18b22b39-7551-46dd-8464-dd74933c4739: receive RaftClientReply:client-D9B31DDCE961->18b22b39-7551-46dd-8464-dd74933c4739@group-597320EF17B3, cid=4117, SUCCESS, logIndex=6193, commits[18b22b39-7551-46dd-8464-dd74933c4739:c6194, 76d6a15c-8eeb-4764-b555-ce8767d18d57:c6192, c90dcfdf-5973-4b56-a955-1fc4555f10cb:c6192]
2019-09-19 11:27:11,578 [grpc-default-executor-5] INFO  client.GrpcClientProtocolClient (GrpcClientProtocolClient.java:onNext(264)) - client-D9B31DDCE961->18b22b39-7551-46dd-8464-dd74933c4739: receive RaftClientReply:client-D9B31DDCE961->18b22b39-7551-46dd-8464-dd74933c4739@group-597320EF17B3, cid=4118, SUCCESS, logIndex=6194, commits[18b22b39-7551-46dd-8464-dd74933c4739:c6194, 76d6a15c-8eeb-4764-b555-ce8767d18d57:c6192, c90dcfdf-5973-4b56-a955-1fc4555f10cb:c6192]
2019-09-19 11:27:11,579 [grpc-default-executor-6] INFO  client.GrpcClientProtocolClient (GrpcClientProtocolClient.java:onNext(264)) - client-D9B31DDCE961->18b22b39-7551-46dd-8464-dd74933c4739: receive RaftClientReply:client-D9B31DDCE961->18b22b39-7551-46dd-8464-dd74933c4739@group-597320EF17B3, cid=4119, SUCCESS, logIndex=6195, commits[18b22b39-7551-46dd-8464-dd74933c4739:c6195, 76d6a15c-8eeb-4764-b555-ce8767d18d57:c6192, c90dcfdf-5973-4b56-a955-1fc4555f10cb:c6192]
2019-09-19 11:27:11,579 [grpc-default-executor-6] INFO  client.GrpcClientProtocolClient (GrpcClientProtocolClient.java:onNext(264)) - client-D9B31DDCE961->18b22b39-7551-46dd-8464-dd74933c4739: receive RaftClientReply:client-D9B31DDCE961->18b22b39-7551-46dd-8464-dd74933c4739@group-597320EF17B3, cid=4120, SUCCESS, logIndex=6196, commits[18b22b39-7551-46dd-8464-dd74933c4739:c6196, 76d6a15c-8eeb-4764-b555-ce8767d18d57:c6192, c90dcfdf-5973-4b56-a955-1fc4555f10cb:c6192]
2019-09-19 11:27:11,603 [grpc-default-executor-6] INFO  client.GrpcClientProtocolClient (GrpcClientProtocolClient.java:onNext(264)) - client-D9B31DDCE961->18b22b39-7551-46dd-8464-dd74933c4739: receive RaftClientReply:client-D9B31DDCE961->18b22b39-7551-46dd-8464-dd74933c4739@group-597320EF17B3, cid=4121, SUCCESS, logIndex=0, commits[18b22b39-7551-46dd-8464-dd74933c4739:c6197, 76d6a15c-8eeb-4764-b555-ce8767d18d57:c6194, c90dcfdf-5973-4b56-a955-1fc4555f10cb:c6194]
2019-09-19 11:27:11,623 [grpc-default-executor-6] INFO  client.GrpcClientProtocolClient (GrpcClientProtocolClient.java:onNext(264)) - client-D9B31DDCE961->18b22b39-7551-46dd-8464-dd74933c4739: receive RaftClientReply:client-D9B31DDCE961->18b22b39-7551-46dd-8464-dd74933c4739@group-597320EF17B3, cid=4122, SUCCESS, logIndex=6201, commits[18b22b39-7551-46dd-8464-dd74933c4739:c6201, 76d6a15c-8eeb-4764-b555-ce8767d18d57:c6200, c90dcfdf-5973-4b56-a955-1fc4555f10cb:c6200]
2019-09-19 11:27:11,624 [grpc-default-executor-6] INFO  client.GrpcClientProtocolClient (GrpcClientProtocolClient.java:onNext(264)) - client-D9B31DDCE961->18b22b39-7551-46dd-8464-dd74933c4739: receive RaftClientReply:client-D9B31DDCE961->18b22b39-7551-46dd-8464-dd74933c4739@group-597320EF17B3, cid=4123, SUCCESS, logIndex=6202, commits[18b22b39-7551-46dd-8464-dd74933c4739:c6202, 76d6a15c-8eeb-4764-b555-ce8767d18d57:c6200, c90dcfdf-5973-4b56-a955-1fc4555f10cb:c6200]
2019-09-19 11:27:11,644 [grpc-default-executor-6] INFO  client.GrpcClientProtocolClient (GrpcClientProtocolClient.java:onNext(264)) - client-D9B31DDCE961->18b22b39-7551-46dd-8464-dd74933c4739: receive RaftClientReply:client-D9B31DDCE961->18b22b39-7551-46dd-8464-dd74933c4739@group-597320EF17B3, cid=4124, SUCCESS, logIndex=6205, commits[18b22b39-7551-46dd-8464-dd74933c4739:c6206, 76d6a15c-8eeb-4764-b555-ce8767d18d57:c6201, c90dcfdf-5973-4b56-a955-1fc4555f10cb:c6202]
2019-09-19 11:27:11,644 [grpc-default-executor-6] INFO  client.GrpcClientProtocolClient (GrpcClientProtocolClient.java:onNext(264)) - client-D9B31DDCE961->18b22b39-7551-46dd-8464-dd74933c4739: receive RaftClientReply:client-D9B31DDCE961->18b22b39-7551-46dd-8464-dd74933c4739@group-597320EF17B3, cid=4125, SUCCESS, logIndex=6206, commits[18b22b39-7551-46dd-8464-dd74933c4739:c6206, 76d6a15c-8eeb-4764-b555-ce8767d18d57:c6202, c90dcfdf-5973-4b56-a955-1fc4555f10cb:c6202]
2019-09-19 11:27:11,671 [grpc-default-executor-6] INFO  client.GrpcClientProtocolClient (GrpcClientProtocolClient.java:onNext(264)) - client-D9B31DDCE961->18b22b39-7551-46dd-8464-dd74933c4739: receive RaftClientReply:client-D9B31DDCE961->18b22b39-7551-46dd-8464-dd74933c4739@group-597320EF17B3, cid=4126, SUCCESS, logIndex=0, commits[18b22b39-7551-46dd-8464-dd74933c4739:c6208, 76d6a15c-8eeb-4764-b555-ce8767d18d57:c6206, c90dcfdf-5973-4b56-a955-1fc4555f10cb:c6206]
2019-09-19 11:27:11,707 [grpc-default-executor-5] INFO  client.GrpcClientProtocolClient (GrpcClientProtocolClient.java:onNext(264)) - client-D9B31DDCE961->18b22b39-7551-46dd-8464-dd74933c4739: receive RaftClientReply:client-D9B31DDCE961->18b22b39-7551-46dd-8464-dd74933c4739@group-597320EF17B3, cid=4127, SUCCESS, logIndex=6209, commits[18b22b39-7551-46dd-8464-dd74933c4739:c6209, 76d6a15c-8eeb-4764-b555-ce8767d18d57:c6208, c90dcfdf-5973-4b56-a955-1fc4555f10cb:c6208]
2019-09-19 11:27:11,708 [grpc-default-executor-5] INFO  client.GrpcClientProtocolClient (GrpcClientProtocolClient.java:onNext(264)) - client-D9B31DDCE961->18b22b39-7551-46dd-8464-dd74933c4739: receive RaftClientReply:client-D9B31DDCE961->18b22b39-7551-46dd-8464-dd74933c4739@group-597320EF17B3, cid=4128, SUCCESS, logIndex=6210, commits[18b22b39-7551-46dd-8464-dd74933c4739:c6210, 76d6a15c-8eeb-4764-b555-ce8767d18d57:c6208, c90dcfdf-5973-4b56-a955-1fc4555f10cb:c6208]
2019-09-19 11:27:11,719 [grpc-default-executor-5] INFO  client.GrpcClientProtocolClient (GrpcClientProtocolClient.java:onNext(264)) - client-D9B31DDCE961->18b22b39-7551-46dd-8464-dd74933c4739: receive RaftClientReply:client-D9B31DDCE961->18b22b39-7551-46dd-8464-dd74933c4739@group-597320EF17B3, cid=4129, SUCCESS, logIndex=6211, commits[18b22b39-7551-46dd-8464-dd74933c4739:c6211, 76d6a15c-8eeb-4764-b555-ce8767d18d57:c6208, c90dcfdf-5973-4b56-a955-1fc4555f10cb:c6208]
2019-09-19 11:27:11,720 [grpc-default-executor-5] INFO  client.GrpcClientProtocolClient (GrpcClientProtocolClient.java:onNext(264)) - client-D9B31DDCE961->18b22b39-7551-46dd-8464-dd74933c4739: receive RaftClientReply:client-D9B31DDCE961->18b22b39-7551-46dd-8464-dd74933c4739@group-597320EF17B3, cid=4130, SUCCESS, logIndex=6212, commits[18b22b39-7551-46dd-8464-dd74933c4739:c6212, 76d6a15c-8eeb-4764-b555-ce8767d18d57:c6208, c90dcfdf-5973-4b56-a955-1fc4555f10cb:c6208]
2019-09-19 11:27:11,733 [grpc-default-executor-5] INFO  client.GrpcClientProtocolClient (GrpcClientProtocolClient.java:onNext(264)) - client-D9B31DDCE961->18b22b39-7551-46dd-8464-dd74933c4739: receive RaftClientReply:client-D9B31DDCE961->18b22b39-7551-46dd-8464-dd74933c4739@group-597320EF17B3, cid=4131, SUCCESS, logIndex=0, commits[18b22b39-7551-46dd-8464-dd74933c4739:c6214, 76d6a15c-8eeb-4764-b555-ce8767d18d57:c6210, c90dcfdf-5973-4b56-a955-1fc4555f10cb:c6210]
2019-09-19 11:27:11,759 [grpc-default-executor-1] INFO  client.GrpcClientProtocolClient (GrpcClientProtocolClient.java:onNext(264)) - client-D9B31DDCE961->18b22b39-7551-46dd-8464-dd74933c4739: receive RaftClientReply:client-D9B31DDCE961->18b22b39-7551-46dd-8464-dd74933c4739@group-597320EF17B3, cid=4132, SUCCESS, logIndex=6217, commits[18b22b39-7551-46dd-8464-dd74933c4739:c6218, 76d6a15c-8eeb-4764-b555-ce8767d18d57:c6214, c90dcfdf-5973-4b56-a955-1fc4555f10cb:c6214]
2019-09-19 11:27:11,759 [grpc-default-executor-1] INFO  client.GrpcClientProtocolClient (GrpcClientProtocolClient.java:onNext(264)) - client-D9B31DDCE961->18b22b39-7551-46dd-8464-dd74933c4739: receive RaftClientReply:client-D9B31DDCE961->18b22b39-7551-46dd-8464-dd74933c4739@group-597320EF17B3, cid=4133, SUCCESS, logIndex=6218, commits[18b22b39-7551-46dd-8464-dd74933c4739:c6218, 76d6a15c-8eeb-4764-b555-ce8767d18d57:c6214, c90dcfdf-5973-4b56-a955-1fc4555f10cb:c6214]
2019-09-19 11:27:11,776 [grpc-default-executor-5] INFO  client.GrpcClientProtocolClient (GrpcClientProtocolClient.java:onNext(264)) - client-D9B31DDCE961->18b22b39-7551-46dd-8464-dd74933c4739: receive RaftClientReply:client-D9B31DDCE961->18b22b39-7551-46dd-8464-dd74933c4739@group-597320EF17B3, cid=4134, SUCCESS, logIndex=6221, commits[18b22b39-7551-46dd-8464-dd74933c4739:c6222, 76d6a15c-8eeb-4764-b555-ce8767d18d57:c6219, c90dcfdf-5973-4b56-a955-1fc4555f10cb:c6219]
2019-09-19 11:27:11,776 [grpc-default-executor-5] INFO  client.GrpcClientProtocolClient (GrpcClientProtocolClient.java:onNext(264)) - client-D9B31DDCE961->18b22b39-7551-46dd-8464-dd74933c4739: receive RaftClientReply:client-D9B31DDCE961->18b22b39-7551-46dd-8464-dd74933c4739@group-597320EF17B3, cid=4135, SUCCESS, logIndex=6222, commits[18b22b39-7551-46dd-8464-dd74933c4739:c6222, 76d6a15c-8eeb-4764-b555-ce8767d18d57:c6219, c90dcfdf-5973-4b56-a955-1fc4555f10cb:c6219]
2019-09-19 11:27:11,784 [grpc-default-executor-5] INFO  client.GrpcClientProtocolClient (GrpcClientProtocolClient.java:onNext(264)) - client-D9B31DDCE961->18b22b39-7551-46dd-8464-dd74933c4739: receive RaftClientReply:client-D9B31DDCE961->18b22b39-7551-46dd-8464-dd74933c4739@group-597320EF17B3, cid=4136, SUCCESS, logIndex=0, commits[18b22b39-7551-46dd-8464-dd74933c4739:c6224, 76d6a15c-8eeb-4764-b555-ce8767d18d57:c6222, c90dcfdf-5973-4b56-a955-1fc4555f10cb:c6222]
2019-09-19 11:27:11,814 [grpc-default-executor-7] INFO  client.GrpcClientProtocolClient (GrpcClientProtocolClient.java:onNext(264)) - client-D9B31DDCE961->18b22b39-7551-46dd-8464-dd74933c4739: receive RaftClientReply:client-D9B31DDCE961->18b22b39-7551-46dd-8464-dd74933c4739@group-597320EF17B3, cid=4137, SUCCESS, logIndex=6225, commits[18b22b39-7551-46dd-8464-dd74933c4739:c6225, 76d6a15c-8eeb-4764-b555-ce8767d18d57:c6224, c90dcfdf-5973-4b56-a955-1fc4555f10cb:c6224]
2019-09-19 11:27:11,814 [grpc-default-executor-7] INFO  client.GrpcClientProtocolClient (GrpcClientProtocolClient.java:onNext(264)) - client-D9B31DDCE961->18b22b39-7551-46dd-8464-dd74933c4739: receive RaftClientReply:client-D9B31DDCE961->18b22b39-7551-46dd-8464-dd74933c4739@group-597320EF17B3, cid=4138, SUCCESS, logIndex=6226, commits[18b22b39-7551-46dd-8464-dd74933c4739:c6226, 76d6a15c-8eeb-4764-b555-ce8767d18d57:c6224, c90dcfdf-5973-4b56-a955-1fc4555f10cb:c6224]
2019-09-19 11:27:11,815 [grpc-default-executor-6] INFO  client.GrpcClientProtocolClient (GrpcClientProtocolClient.java:onNext(264)) - client-D9B31DDCE961->18b22b39-7551-46dd-8464-dd74933c4739: receive RaftClientReply:client-D9B31DDCE961->18b22b39-7551-46dd-8464-dd74933c4739@group-597320EF17B3, cid=4139, SUCCESS, logIndex=6227, commits[18b22b39-7551-46dd-8464-dd74933c4739:c6228, 76d6a15c-8eeb-4764-b555-ce8767d18d57:c6224, c90dcfdf-5973-4b56-a955-1fc4555f10cb:c6224]
2019-09-19 11:27:11,816 [grpc-default-executor-6] INFO  client.GrpcClientProtocolClient (GrpcClientProtocolClient.java:onNext(264)) - client-D9B31DDCE961->18b22b39-7551-46dd-8464-dd74933c4739: receive RaftClientReply:client-D9B31DDCE961->18b22b39-7551-46dd-8464-dd74933c4739@group-597320EF17B3, cid=4140, SUCCESS, logIndex=6228, commits[18b22b39-7551-46dd-8464-dd74933c4739:c6228, 76d6a15c-8eeb-4764-b555-ce8767d18d57:c6224, c90dcfdf-5973-4b56-a955-1fc4555f10cb:c6224]
2019-09-19 11:27:11,827 [grpc-default-executor-6] INFO  client.GrpcClientProtocolClient (GrpcClientProtocolClient.java:onNext(264)) - client-D9B31DDCE961->18b22b39-7551-46dd-8464-dd74933c4739: receive RaftClientReply:client-D9B31DDCE961->18b22b39-7551-46dd-8464-dd74933c4739@group-597320EF17B3, cid=4141, SUCCESS, logIndex=0, commits[18b22b39-7551-46dd-8464-dd74933c4739:c6230, 76d6a15c-8eeb-4764-b555-ce8767d18d57:c6226, c90dcfdf-5973-4b56-a955-1fc4555f10cb:c6226]
2019-09-19 11:27:11,837 [grpc-default-executor-7] INFO  client.GrpcClientProtocolClient (GrpcClientProtocolClient.java:onNext(264)) - client-D9B31DDCE961->18b22b39-7551-46dd-8464-dd74933c4739: receive RaftClientReply:client-D9B31DDCE961->18b22b39-7551-46dd-8464-dd74933c4739@group-597320EF17B3, cid=4142, SUCCESS, logIndex=6233, commits[18b22b39-7551-46dd-8464-dd74933c4739:c6234, 76d6a15c-8eeb-4764-b555-ce8767d18d57:c6228, c90dcfdf-5973-4b56-a955-1fc4555f10cb:c6232]
2019-09-19 11:27:11,838 [grpc-default-executor-7] INFO  client.GrpcClientProtocolClient (GrpcClientProtocolClient.java:onNext(264)) - client-D9B31DDCE961->18b22b39-7551-46dd-8464-dd74933c4739: receive RaftClientReply:client-D9B31DDCE961->18b22b39-7551-46dd-8464-dd74933c4739@group-597320EF17B3, cid=4143, SUCCESS, logIndex=6234, commits[18b22b39-7551-46dd-8464-dd74933c4739:c6234, 76d6a15c-8eeb-4764-b555-ce8767d18d57:c6232, c90dcfdf-5973-4b56-a955-1fc4555f10cb:c6232]
2019-09-19 11:27:11,849 [grpc-default-executor-1] INFO  client.GrpcClientProtocolClient (GrpcClientProtocolClient.java:onNext(264)) - client-D9B31DDCE961->18b22b39-7551-46dd-8464-dd74933c4739: receive RaftClientReply:client-D9B31DDCE961->18b22b39-7551-46dd-8464-dd74933c4739@group-597320EF17B3, cid=4144, SUCCESS, logIndex=6237, commits[18b22b39-7551-46dd-8464-dd74933c4739:c6238, 76d6a15c-8eeb-4764-b555-ce8767d18d57:c6235, c90dcfdf-5973-4b56-a955-1fc4555f10cb:c6234]
2019-09-19 11:27:11,849 [grpc-default-executor-1] INFO  client.GrpcClientProtocolClient (GrpcClientProtocolClient.java:onNext(264)) - client-D9B31DDCE961->18b22b39-7551-46dd-8464-dd74933c4739: receive RaftClientReply:client-D9B31DDCE961->18b22b39-7551-46dd-8464-dd74933c4739@group-597320EF17B3, cid=4145, SUCCESS, logIndex=6238, commits[18b22b39-7551-46dd-8464-dd74933c4739:c6238, 76d6a15c-8eeb-4764-b555-ce8767d18d57:c6235, c90dcfdf-5973-4b56-a955-1fc4555f10cb:c6235]
2019-09-19 11:27:11,852 [grpc-default-executor-1] INFO  client.GrpcClientProtocolClient (GrpcClientProtocolClient.java:onNext(264)) - client-D9B31DDCE961->18b22b39-7551-46dd-8464-dd74933c4739: receive RaftClientReply:client-D9B31DDCE961->18b22b39-7551-46dd-8464-dd74933c4739@group-597320EF17B3, cid=4146, SUCCESS, logIndex=0, commits[18b22b39-7551-46dd-8464-dd74933c4739:c6239, 76d6a15c-8eeb-4764-b555-ce8767d18d57:c6238, c90dcfdf-5973-4b56-a955-1fc4555f10cb:c6238]
2019-09-19 11:27:11,875 [grpc-default-executor-6] INFO  client.GrpcClientProtocolClient (GrpcClientProtocolClient.java:onNext(264)) - client-D9B31DDCE961->18b22b39-7551-46dd-8464-dd74933c4739: receive RaftClientReply:client-D9B31DDCE961->18b22b39-7551-46dd-8464-dd74933c4739@group-597320EF17B3, cid=4147, SUCCESS, logIndex=6241, commits[18b22b39-7551-46dd-8464-dd74933c4739:c6242, 76d6a15c-8eeb-4764-b555-ce8767d18d57:c6240, c90dcfdf-5973-4b56-a955-1fc4555f10cb:c6238]
2019-09-19 11:27:11,875 [grpc-default-executor-6] INFO  client.GrpcClientProtocolClient (GrpcClientProtocolClient.java:onNext(264)) - client-D9B31DDCE961->18b22b39-7551-46dd-8464-dd74933c4739: receive RaftClientReply:client-D9B31DDCE961->18b22b39-7551-46dd-8464-dd74933c4739@group-597320EF17B3, cid=4148, SUCCESS, logIndex=6242, commits[18b22b39-7551-46dd-8464-dd74933c4739:c6242, 76d6a15c-8eeb-4764-b555-ce8767d18d57:c6240, c90dcfdf-5973-4b56-a955-1fc4555f10cb:c6238]
2019-09-19 11:27:11,880 [grpc-default-executor-6] INFO  client.GrpcClientProtocolClient (GrpcClientProtocolClient.java:onNext(264)) - client-D9B31DDCE961->18b22b39-7551-46dd-8464-dd74933c4739: receive RaftClientReply:client-D9B31DDCE961->18b22b39-7551-46dd-8464-dd74933c4739@group-597320EF17B3, cid=4149, SUCCESS, logIndex=6243, commits[18b22b39-7551-46dd-8464-dd74933c4739:c6244, 76d6a15c-8eeb-4764-b555-ce8767d18d57:c6240, c90dcfdf-5973-4b56-a955-1fc4555f10cb:c6240]
2019-09-19 11:27:11,881 [grpc-default-executor-6] INFO  client.GrpcClientProtocolClient (GrpcClientProtocolClient.java:onNext(264)) - client-D9B31DDCE961->18b22b39-7551-46dd-8464-dd74933c4739: receive RaftClientReply:client-D9B31DDCE961->18b22b39-7551-46dd-8464-dd74933c4739@group-597320EF17B3, cid=4150, SUCCESS, logIndex=6244, commits[18b22b39-7551-46dd-8464-dd74933c4739:c6246, 76d6a15c-8eeb-4764-b555-ce8767d18d57:c6242, c90dcfdf-5973-4b56-a955-1fc4555f10cb:c6240]
2019-09-19 11:27:11,881 [grpc-default-executor-6] INFO  client.GrpcClientProtocolClient (GrpcClientProtocolClient.java:onNext(264)) - client-D9B31DDCE961->18b22b39-7551-46dd-8464-dd74933c4739: receive RaftClientReply:client-D9B31DDCE961->18b22b39-7551-46dd-8464-dd74933c4739@group-597320EF17B3, cid=4151, SUCCESS, logIndex=0, commits[18b22b39-7551-46dd-8464-dd74933c4739:c6246, 76d6a15c-8eeb-4764-b555-ce8767d18d57:c6242, c90dcfdf-5973-4b56-a955-1fc4555f10cb:c6242]
2019-09-19 11:27:11,904 [grpc-default-executor-6] INFO  client.GrpcClientProtocolClient (GrpcClientProtocolClient.java:onNext(264)) - client-D9B31DDCE961->18b22b39-7551-46dd-8464-dd74933c4739: receive RaftClientReply:client-D9B31DDCE961->18b22b39-7551-46dd-8464-dd74933c4739@group-597320EF17B3, cid=4152, SUCCESS, logIndex=6249, commits[18b22b39-7551-46dd-8464-dd74933c4739:c6249, 76d6a15c-8eeb-4764-b555-ce8767d18d57:c6247, c90dcfdf-5973-4b56-a955-1fc4555f10cb:c6247]
2019-09-19 11:27:11,904 [grpc-default-executor-6] INFO  client.GrpcClientProtocolClient (GrpcClientProtocolClient.java:onNext(264)) - client-D9B31DDCE961->18b22b39-7551-46dd-8464-dd74933c4739: receive RaftClientReply:client-D9B31DDCE961->18b22b39-7551-46dd-8464-dd74933c4739@group-597320EF17B3, cid=4153, SUCCESS, logIndex=6250, commits[18b22b39-7551-46dd-8464-dd74933c4739:c6250, 76d6a15c-8eeb-4764-b555-ce8767d18d57:c6247, c90dcfdf-5973-4b56-a955-1fc4555f10cb:c6247]
2019-09-19 11:27:11,928 [grpc-default-executor-1] INFO  client.GrpcClientProtocolClient (GrpcClientProtocolClient.java:onNext(264)) - client-D9B31DDCE961->18b22b39-7551-46dd-8464-dd74933c4739: receive RaftClientReply:client-D9B31DDCE961->18b22b39-7551-46dd-8464-dd74933c4739@group-597320EF17B3, cid=4154, SUCCESS, logIndex=6253, commits[18b22b39-7551-46dd-8464-dd74933c4739:c6253, 76d6a15c-8eeb-4764-b555-ce8767d18d57:c6250, c90dcfdf-5973-4b56-a955-1fc4555f10cb:c6250]
2019-09-19 11:27:11,928 [grpc-default-executor-1] INFO  client.GrpcClientProtocolClient (GrpcClientProtocolClient.java:onNext(264)) - client-D9B31DDCE961->18b22b39-7551-46dd-8464-dd74933c4739: receive RaftClientReply:client-D9B31DDCE961->18b22b39-7551-46dd-8464-dd74933c4739@group-597320EF17B3, cid=4155, SUCCESS, logIndex=6254, commits[18b22b39-7551-46dd-8464-dd74933c4739:c6254, 76d6a15c-8eeb-4764-b555-ce8767d18d57:c6250, c90dcfdf-5973-4b56-a955-1fc4555f10cb:c6250]
2019-09-19 11:27:11,954 [grpc-default-executor-1] INFO  client.GrpcClientProtocolClient (GrpcClientProtocolClient.java:onNext(264)) - client-D9B31DDCE961->18b22b39-7551-46dd-8464-dd74933c4739: receive RaftClientReply:client-D9B31DDCE961->18b22b39-7551-46dd-8464-dd74933c4739@group-597320EF17B3, cid=4156, SUCCESS, logIndex=0, commits[18b22b39-7551-46dd-8464-dd74933c4739:c6256, 76d6a15c-8eeb-4764-b555-ce8767d18d57:c6254, c90dcfdf-5973-4b56-a955-1fc4555f10cb:c6254]
2019-09-19 11:27:11,985 [grpc-default-executor-1] INFO  client.GrpcClientProtocolClient (GrpcClientProtocolClient.java:onNext(264)) - client-D9B31DDCE961->18b22b39-7551-46dd-8464-dd74933c4739: receive RaftClientReply:client-D9B31DDCE961->18b22b39-7551-46dd-8464-dd74933c4739@group-597320EF17B3, cid=4157, SUCCESS, logIndex=6257, commits[18b22b39-7551-46dd-8464-dd74933c4739:c6258, 76d6a15c-8eeb-4764-b555-ce8767d18d57:c6256, c90dcfdf-5973-4b56-a955-1fc4555f10cb:c6256]
2019-09-19 11:27:11,986 [grpc-default-executor-1] INFO  client.GrpcClientProtocolClient (GrpcClientProtocolClient.java:onNext(264)) - client-D9B31DDCE961->18b22b39-7551-46dd-8464-dd74933c4739: receive RaftClientReply:client-D9B31DDCE961->18b22b39-7551-46dd-8464-dd74933c4739@group-597320EF17B3, cid=4158, SUCCESS, logIndex=6258, commits[18b22b39-7551-46dd-8464-dd74933c4739:c6258, 76d6a15c-8eeb-4764-b555-ce8767d18d57:c6256, c90dcfdf-5973-4b56-a955-1fc4555f10cb:c6256]
2019-09-19 11:27:11,988 [grpc-default-executor-6] INFO  client.GrpcClientProtocolClient (GrpcClientProtocolClient.java:onNext(264)) - client-D9B31DDCE961->18b22b39-7551-46dd-8464-dd74933c4739: receive RaftClientReply:client-D9B31DDCE961->18b22b39-7551-46dd-8464-dd74933c4739@group-597320EF17B3, cid=4159, SUCCESS, logIndex=6259, commits[18b22b39-7551-46dd-8464-dd74933c4739:c6260, 76d6a15c-8eeb-4764-b555-ce8767d18d57:c6256, c90dcfdf-5973-4b56-a955-1fc4555f10cb:c6256]
2019-09-19 11:27:11,988 [grpc-default-executor-6] INFO  client.GrpcClientProtocolClient (GrpcClientProtocolClient.java:onNext(264)) - client-D9B31DDCE961->18b22b39-7551-46dd-8464-dd74933c4739: receive RaftClientReply:client-D9B31DDCE961->18b22b39-7551-46dd-8464-dd74933c4739@group-597320EF17B3, cid=4160, SUCCESS, logIndex=6260, commits[18b22b39-7551-46dd-8464-dd74933c4739:c6260, 76d6a15c-8eeb-4764-b555-ce8767d18d57:c6256, c90dcfdf-5973-4b56-a955-1fc4555f10cb:c6256]
2019-09-19 11:27:12,000 [grpc-default-executor-1] INFO  client.GrpcClientProtocolClient (GrpcClientProtocolClient.java:onNext(264)) - client-D9B31DDCE961->18b22b39-7551-46dd-8464-dd74933c4739: receive RaftClientReply:client-D9B31DDCE961->18b22b39-7551-46dd-8464-dd74933c4739@group-597320EF17B3, cid=4161, SUCCESS, logIndex=0, commits[18b22b39-7551-46dd-8464-dd74933c4739:c6261, 76d6a15c-8eeb-4764-b555-ce8767d18d57:c6258, c90dcfdf-5973-4b56-a955-1fc4555f10cb:c6258]
2019-09-19 11:27:12,013 [grpc-default-executor-6] INFO  client.GrpcClientProtocolClient (GrpcClientProtocolClient.java:onNext(264)) - client-D9B31DDCE961->18b22b39-7551-46dd-8464-dd74933c4739: receive RaftClientReply:client-D9B31DDCE961->18b22b39-7551-46dd-8464-dd74933c4739@group-597320EF17B3, cid=4162, SUCCESS, logIndex=6265, commits[18b22b39-7551-46dd-8464-dd74933c4739:c6266, 76d6a15c-8eeb-4764-b555-ce8767d18d57:c6260, c90dcfdf-5973-4b56-a955-1fc4555f10cb:c6261]
2019-09-19 11:27:12,014 [grpc-default-executor-6] INFO  client.GrpcClientProtocolClient (GrpcClientProtocolClient.java:onNext(264)) - client-D9B31DDCE961->18b22b39-7551-46dd-8464-dd74933c4739: receive RaftClientReply:client-D9B31DDCE961->18b22b39-7551-46dd-8464-dd74933c4739@group-597320EF17B3, cid=4163, SUCCESS, logIndex=6266, commits[18b22b39-7551-46dd-8464-dd74933c4739:c6266, 76d6a15c-8eeb-4764-b555-ce8767d18d57:c6260, c90dcfdf-5973-4b56-a955-1fc4555f10cb:c6261]
2019-09-19 11:27:12,033 [grpc-default-executor-7] INFO  client.GrpcClientProtocolClient (GrpcClientProtocolClient.java:onNext(264)) - client-D9B31DDCE961->18b22b39-7551-46dd-8464-dd74933c4739: receive RaftClientReply:client-D9B31DDCE961->18b22b39-7551-46dd-8464-dd74933c4739@group-597320EF17B3, cid=4164, SUCCESS, logIndex=6269, commits[18b22b39-7551-46dd-8464-dd74933c4739:c6270, 76d6a15c-8eeb-4764-b555-ce8767d18d57:c6266, c90dcfdf-5973-4b56-a955-1fc4555f10cb:c6266]
2019-09-19 11:27:12,033 [grpc-default-executor-7] INFO  client.GrpcClientProtocolClient (GrpcClientProtocolClient.java:onNext(264)) - client-D9B31DDCE961->18b22b39-7551-46dd-8464-dd74933c4739: receive RaftClientReply:client-D9B31DDCE961->18b22b39-7551-46dd-8464-dd74933c4739@group-597320EF17B3, cid=4165, SUCCESS, logIndex=6270, commits[18b22b39-7551-46dd-8464-dd74933c4739:c6270, 76d6a15c-8eeb-4764-b555-ce8767d18d57:c6266, c90dcfdf-5973-4b56-a955-1fc4555f10cb:c6266]
2019-09-19 11:27:12,037 [grpc-default-executor-7] INFO  client.GrpcClientProtocolClient (GrpcClientProtocolClient.java:onNext(264)) - client-D9B31DDCE961->18b22b39-7551-46dd-8464-dd74933c4739: receive RaftClientReply:client-D9B31DDCE961->18b22b39-7551-46dd-8464-dd74933c4739@group-597320EF17B3, cid=4166, SUCCESS, logIndex=0, commits[18b22b39-7551-46dd-8464-dd74933c4739:c6271, 76d6a15c-8eeb-4764-b555-ce8767d18d57:c6270, c90dcfdf-5973-4b56-a955-1fc4555f10cb:c6270]
2019-09-19 11:27:12,062 [grpc-default-executor-7] INFO  client.GrpcClientProtocolClient (GrpcClientProtocolClient.java:onNext(264)) - client-D9B31DDCE961->18b22b39-7551-46dd-8464-dd74933c4739: receive RaftClientReply:client-D9B31DDCE961->18b22b39-7551-46dd-8464-dd74933c4739@group-597320EF17B3, cid=4167, SUCCESS, logIndex=6273, commits[18b22b39-7551-46dd-8464-dd74933c4739:c6274, 76d6a15c-8eeb-4764-b555-ce8767d18d57:c6272, c90dcfdf-5973-4b56-a955-1fc4555f10cb:c6270]
2019-09-19 11:27:12,063 [grpc-default-executor-7] INFO  client.GrpcClientProtocolClient (GrpcClientProtocolClient.java:onNext(264)) - client-D9B31DDCE961->18b22b39-7551-46dd-8464-dd74933c4739: receive RaftClientReply:client-D9B31DDCE961->18b22b39-7551-46dd-8464-dd74933c4739@group-597320EF17B3, cid=4168, SUCCESS, logIndex=6274, commits[18b22b39-7551-46dd-8464-dd74933c4739:c6274, 76d6a15c-8eeb-4764-b555-ce8767d18d57:c6272, c90dcfdf-5973-4b56-a955-1fc4555f10cb:c6272]
2019-09-19 11:27:12,065 [grpc-default-executor-7] INFO  client.GrpcClientProtocolClient (GrpcClientProtocolClient.java:onNext(264)) - client-D9B31DDCE961->18b22b39-7551-46dd-8464-dd74933c4739: receive RaftClientReply:client-D9B31DDCE961->18b22b39-7551-46dd-8464-dd74933c4739@group-597320EF17B3, cid=4169, SUCCESS, logIndex=6275, commits[18b22b39-7551-46dd-8464-dd74933c4739:c6276, 76d6a15c-8eeb-4764-b555-ce8767d18d57:c6272, c90dcfdf-5973-4b56-a955-1fc4555f10cb:c6272]
2019-09-19 11:27:12,066 [grpc-default-executor-7] INFO  client.GrpcClientProtocolClient (GrpcClientProtocolClient.java:onNext(264)) - client-D9B31DDCE961->18b22b39-7551-46dd-8464-dd74933c4739: receive RaftClientReply:client-D9B31DDCE961->18b22b39-7551-46dd-8464-dd74933c4739@group-597320EF17B3, cid=4170, SUCCESS, logIndex=6276, commits[18b22b39-7551-46dd-8464-dd74933c4739:c6276, 76d6a15c-8eeb-4764-b555-ce8767d18d57:c6274, c90dcfdf-5973-4b56-a955-1fc4555f10cb:c6272]
2019-09-19 11:27:12,069 [grpc-default-executor-7] INFO  client.GrpcClientProtocolClient (GrpcClientProtocolClient.java:onNext(264)) - client-D9B31DDCE961->18b22b39-7551-46dd-8464-dd74933c4739: receive RaftClientReply:client-D9B31DDCE961->18b22b39-7551-46dd-8464-dd74933c4739@group-597320EF17B3, cid=4171, SUCCESS, logIndex=0, commits[18b22b39-7551-46dd-8464-dd74933c4739:c6278, 76d6a15c-8eeb-4764-b555-ce8767d18d57:c6275, c90dcfdf-5973-4b56-a955-1fc4555f10cb:c6274]
2019-09-19 11:27:12,081 [grpc-default-executor-6] INFO  client.GrpcClientProtocolClient (GrpcClientProtocolClient.java:onNext(264)) - client-D9B31DDCE961->18b22b39-7551-46dd-8464-dd74933c4739: receive RaftClientReply:client-D9B31DDCE961->18b22b39-7551-46dd-8464-dd74933c4739@group-597320EF17B3, cid=4172, SUCCESS, logIndex=6281, commits[18b22b39-7551-46dd-8464-dd74933c4739:c6282, 76d6a15c-8eeb-4764-b555-ce8767d18d57:c6276, c90dcfdf-5973-4b56-a955-1fc4555f10cb:c6280]
2019-09-19 11:27:12,081 [grpc-default-executor-6] INFO  client.GrpcClientProtocolClient (GrpcClientProtocolClient.java:onNext(264)) - client-D9B31DDCE961->18b22b39-7551-46dd-8464-dd74933c4739: receive RaftClientReply:client-D9B31DDCE961->18b22b39-7551-46dd-8464-dd74933c4739@group-597320EF17B3, cid=4173, SUCCESS, logIndex=6282, commits[18b22b39-7551-46dd-8464-dd74933c4739:c6282, 76d6a15c-8eeb-4764-b555-ce8767d18d57:c6276, c90dcfdf-5973-4b56-a955-1fc4555f10cb:c6280]
 0.00% |█                                                                                                    |  0/1 Time: 0:01:16 0.00% |█                                                                                                    |  0/1 Time: 0:01:172019-09-19 11:27:14,006 [grpc-default-executor-1] INFO  client.GrpcClientProtocolClient (GrpcClientProtocolClient.java:onNext(264)) - client-D9B31DDCE961->18b22b39-7551-46dd-8464-dd74933c4739: receive RaftClientReply:client-D9B31DDCE961->18b22b39-7551-46dd-8464-dd74933c4739@group-597320EF17B3, cid=4174, SUCCESS, logIndex=6285, commits[18b22b39-7551-46dd-8464-dd74933c4739:c6286, 76d6a15c-8eeb-4764-b555-ce8767d18d57:c6284, c90dcfdf-5973-4b56-a955-1fc4555f10cb:c6284]
2019-09-19 11:27:14,007 [grpc-default-executor-1] INFO  client.GrpcClientProtocolClient (GrpcClientProtocolClient.java:onNext(264)) - client-D9B31DDCE961->18b22b39-7551-46dd-8464-dd74933c4739: receive RaftClientReply:client-D9B31DDCE961->18b22b39-7551-46dd-8464-dd74933c4739@group-597320EF17B3, cid=4175, SUCCESS, logIndex=6286, commits[18b22b39-7551-46dd-8464-dd74933c4739:c6286, 76d6a15c-8eeb-4764-b555-ce8767d18d57:c6284, c90dcfdf-5973-4b56-a955-1fc4555f10cb:c6284]
2019-09-19 11:27:14,032 [grpc-default-executor-1] INFO  client.GrpcClientProtocolClient (GrpcClientProtocolClient.java:onNext(264)) - client-D9B31DDCE961->18b22b39-7551-46dd-8464-dd74933c4739: receive RaftClientReply:client-D9B31DDCE961->18b22b39-7551-46dd-8464-dd74933c4739@group-597320EF17B3, cid=4176, SUCCESS, logIndex=0, commits[18b22b39-7551-46dd-8464-dd74933c4739:c6287, 76d6a15c-8eeb-4764-b555-ce8767d18d57:c6286, c90dcfdf-5973-4b56-a955-1fc4555f10cb:c6286]
2019-09-19 11:27:14,073 [grpc-default-executor-5] INFO  client.GrpcClientProtocolClient (GrpcClientProtocolClient.java:onNext(264)) - client-D9B31DDCE961->18b22b39-7551-46dd-8464-dd74933c4739: receive RaftClientReply:client-D9B31DDCE961->18b22b39-7551-46dd-8464-dd74933c4739@group-597320EF17B3, cid=4177, SUCCESS, logIndex=6289, commits[18b22b39-7551-46dd-8464-dd74933c4739:c6290, 76d6a15c-8eeb-4764-b555-ce8767d18d57:c6288, c90dcfdf-5973-4b56-a955-1fc4555f10cb:c6288]
2019-09-19 11:27:14,074 [grpc-default-executor-5] INFO  client.GrpcClientProtocolClient (GrpcClientProtocolClient.java:onNext(264)) - client-D9B31DDCE961->18b22b39-7551-46dd-8464-dd74933c4739: receive RaftClientReply:client-D9B31DDCE961->18b22b39-7551-46dd-8464-dd74933c4739@group-597320EF17B3, cid=4178, SUCCESS, logIndex=6290, commits[18b22b39-7551-46dd-8464-dd74933c4739:c6290, 76d6a15c-8eeb-4764-b555-ce8767d18d57:c6288, c90dcfdf-5973-4b56-a955-1fc4555f10cb:c6288]
2019-09-19 11:27:14,086 [grpc-default-executor-5] INFO  client.GrpcClientProtocolClient (GrpcClientProtocolClient.java:onNext(264)) - client-D9B31DDCE961->18b22b39-7551-46dd-8464-dd74933c4739: receive RaftClientReply:client-D9B31DDCE961->18b22b39-7551-46dd-8464-dd74933c4739@group-597320EF17B3, cid=4179, SUCCESS, logIndex=6291, commits[18b22b39-7551-46dd-8464-dd74933c4739:c6292, 76d6a15c-8eeb-4764-b555-ce8767d18d57:c6288, c90dcfdf-5973-4b56-a955-1fc4555f10cb:c6288]
2019-09-19 11:27:14,086 [grpc-default-executor-5] INFO  client.GrpcClientProtocolClient (GrpcClientProtocolClient.java:onNext(264)) - client-D9B31DDCE961->18b22b39-7551-46dd-8464-dd74933c4739: receive RaftClientReply:client-D9B31DDCE961->18b22b39-7551-46dd-8464-dd74933c4739@group-597320EF17B3, cid=4180, SUCCESS, logIndex=6292, commits[18b22b39-7551-46dd-8464-dd74933c4739:c6292, 76d6a15c-8eeb-4764-b555-ce8767d18d57:c6288, c90dcfdf-5973-4b56-a955-1fc4555f10cb:c6288]
2019-09-19 11:27:14,105 [grpc-default-executor-5] INFO  client.GrpcClientProtocolClient (GrpcClientProtocolClient.java:onNext(264)) - client-D9B31DDCE961->18b22b39-7551-46dd-8464-dd74933c4739: receive RaftClientReply:client-D9B31DDCE961->18b22b39-7551-46dd-8464-dd74933c4739@group-597320EF17B3, cid=4181, SUCCESS, logIndex=0, commits[18b22b39-7551-46dd-8464-dd74933c4739:c6294, 76d6a15c-8eeb-4764-b555-ce8767d18d57:c6290, c90dcfdf-5973-4b56-a955-1fc4555f10cb:c6290]
2019-09-19 11:27:14,125 [grpc-default-executor-1] INFO  client.GrpcClientProtocolClient (GrpcClientProtocolClient.java:onNext(264)) - client-D9B31DDCE961->18b22b39-7551-46dd-8464-dd74933c4739: receive RaftClientReply:client-D9B31DDCE961->18b22b39-7551-46dd-8464-dd74933c4739@group-597320EF17B3, cid=4182, SUCCESS, logIndex=6297, commits[18b22b39-7551-46dd-8464-dd74933c4739:c6298, 76d6a15c-8eeb-4764-b555-ce8767d18d57:c6296, c90dcfdf-5973-4b56-a955-1fc4555f10cb:c6296]
2019-09-19 11:27:14,126 [grpc-default-executor-1] INFO  client.GrpcClientProtocolClient (GrpcClientProtocolClient.java:onNext(264)) - client-D9B31DDCE961->18b22b39-7551-46dd-8464-dd74933c4739: receive RaftClientReply:client-D9B31DDCE961->18b22b39-7551-46dd-8464-dd74933c4739@group-597320EF17B3, cid=4183, SUCCESS, logIndex=6298, commits[18b22b39-7551-46dd-8464-dd74933c4739:c6298, 76d6a15c-8eeb-4764-b555-ce8767d18d57:c6296, c90dcfdf-5973-4b56-a955-1fc4555f10cb:c6296]
2019-09-19 11:27:14,152 [grpc-default-executor-7] INFO  client.GrpcClientProtocolClient (GrpcClientProtocolClient.java:onNext(264)) - client-D9B31DDCE961->18b22b39-7551-46dd-8464-dd74933c4739: receive RaftClientReply:client-D9B31DDCE961->18b22b39-7551-46dd-8464-dd74933c4739@group-597320EF17B3, cid=4184, SUCCESS, logIndex=6301, commits[18b22b39-7551-46dd-8464-dd74933c4739:c6302, 76d6a15c-8eeb-4764-b555-ce8767d18d57:c6298, c90dcfdf-5973-4b56-a955-1fc4555f10cb:c6298]
2019-09-19 11:27:14,152 [grpc-default-executor-7] INFO  client.GrpcClientProtocolClient (GrpcClientProtocolClient.java:onNext(264)) - client-D9B31DDCE961->18b22b39-7551-46dd-8464-dd74933c4739: receive RaftClientReply:client-D9B31DDCE961->18b22b39-7551-46dd-8464-dd74933c4739@group-597320EF17B3, cid=4185, SUCCESS, logIndex=6302, commits[18b22b39-7551-46dd-8464-dd74933c4739:c6302, 76d6a15c-8eeb-4764-b555-ce8767d18d57:c6298, c90dcfdf-5973-4b56-a955-1fc4555f10cb:c6298]
2019-09-19 11:27:14,159 [grpc-default-executor-7] INFO  client.GrpcClientProtocolClient (GrpcClientProtocolClient.java:onNext(264)) - client-D9B31DDCE961->18b22b39-7551-46dd-8464-dd74933c4739: receive RaftClientReply:client-D9B31DDCE961->18b22b39-7551-46dd-8464-dd74933c4739@group-597320EF17B3, cid=4186, SUCCESS, logIndex=0, commits[18b22b39-7551-46dd-8464-dd74933c4739:c6304, 76d6a15c-8eeb-4764-b555-ce8767d18d57:c6302, c90dcfdf-5973-4b56-a955-1fc4555f10cb:c6302]
2019-09-19 11:27:14,183 [grpc-default-executor-7] INFO  client.GrpcClientProtocolClient (GrpcClientProtocolClient.java:onNext(264)) - client-D9B31DDCE961->18b22b39-7551-46dd-8464-dd74933c4739: receive RaftClientReply:client-D9B31DDCE961->18b22b39-7551-46dd-8464-dd74933c4739@group-597320EF17B3, cid=4187, SUCCESS, logIndex=6305, commits[18b22b39-7551-46dd-8464-dd74933c4739:c6306, 76d6a15c-8eeb-4764-b555-ce8767d18d57:c6302, c90dcfdf-5973-4b56-a955-1fc4555f10cb:c6304]
2019-09-19 11:27:14,184 [grpc-default-executor-7] INFO  client.GrpcClientProtocolClient (GrpcClientProtocolClient.java:onNext(264)) - client-D9B31DDCE961->18b22b39-7551-46dd-8464-dd74933c4739: receive RaftClientReply:client-D9B31DDCE961->18b22b39-7551-46dd-8464-dd74933c4739@group-597320EF17B3, cid=4188, SUCCESS, logIndex=6306, commits[18b22b39-7551-46dd-8464-dd74933c4739:c6306, 76d6a15c-8eeb-4764-b555-ce8767d18d57:c6304, c90dcfdf-5973-4b56-a955-1fc4555f10cb:c6304]
2019-09-19 11:27:14,187 [grpc-default-executor-1] INFO  client.GrpcClientProtocolClient (GrpcClientProtocolClient.java:onNext(264)) - client-D9B31DDCE961->18b22b39-7551-46dd-8464-dd74933c4739: receive RaftClientReply:client-D9B31DDCE961->18b22b39-7551-46dd-8464-dd74933c4739@group-597320EF17B3, cid=4189, SUCCESS, logIndex=6307, commits[18b22b39-7551-46dd-8464-dd74933c4739:c6308, 76d6a15c-8eeb-4764-b555-ce8767d18d57:c6304, c90dcfdf-5973-4b56-a955-1fc4555f10cb:c6304]
2019-09-19 11:27:14,187 [grpc-default-executor-1] INFO  client.GrpcClientProtocolClient (GrpcClientProtocolClient.java:onNext(264)) - client-D9B31DDCE961->18b22b39-7551-46dd-8464-dd74933c4739: receive RaftClientReply:client-D9B31DDCE961->18b22b39-7551-46dd-8464-dd74933c4739@group-597320EF17B3, cid=4190, SUCCESS, logIndex=6308, commits[18b22b39-7551-46dd-8464-dd74933c4739:c6310, 76d6a15c-8eeb-4764-b555-ce8767d18d57:c6304, c90dcfdf-5973-4b56-a955-1fc4555f10cb:c6306]
2019-09-19 11:27:14,188 [grpc-default-executor-1] INFO  client.GrpcClientProtocolClient (GrpcClientProtocolClient.java:onNext(264)) - client-D9B31DDCE961->18b22b39-7551-46dd-8464-dd74933c4739: receive RaftClientReply:client-D9B31DDCE961->18b22b39-7551-46dd-8464-dd74933c4739@group-597320EF17B3, cid=4191, SUCCESS, logIndex=0, commits[18b22b39-7551-46dd-8464-dd74933c4739:c6310, 76d6a15c-8eeb-4764-b555-ce8767d18d57:c6306, c90dcfdf-5973-4b56-a955-1fc4555f10cb:c6306]
2019-09-19 11:27:14,209 [grpc-default-executor-7] INFO  client.GrpcClientProtocolClient (GrpcClientProtocolClient.java:onNext(264)) - client-D9B31DDCE961->18b22b39-7551-46dd-8464-dd74933c4739: receive RaftClientReply:client-D9B31DDCE961->18b22b39-7551-46dd-8464-dd74933c4739@group-597320EF17B3, cid=4192, SUCCESS, logIndex=6313, commits[18b22b39-7551-46dd-8464-dd74933c4739:c6314, 76d6a15c-8eeb-4764-b555-ce8767d18d57:c6312, c90dcfdf-5973-4b56-a955-1fc4555f10cb:c6312]
2019-09-19 11:27:14,209 [grpc-default-executor-7] INFO  client.GrpcClientProtocolClient (GrpcClientProtocolClient.java:onNext(264)) - client-D9B31DDCE961->18b22b39-7551-46dd-8464-dd74933c4739: receive RaftClientReply:client-D9B31DDCE961->18b22b39-7551-46dd-8464-dd74933c4739@group-597320EF17B3, cid=4193, SUCCESS, logIndex=6314, commits[18b22b39-7551-46dd-8464-dd74933c4739:c6314, 76d6a15c-8eeb-4764-b555-ce8767d18d57:c6312, c90dcfdf-5973-4b56-a955-1fc4555f10cb:c6312]
2019-09-19 11:27:14,236 [grpc-default-executor-7] INFO  client.GrpcClientProtocolClient (GrpcClientProtocolClient.java:onNext(264)) - client-D9B31DDCE961->18b22b39-7551-46dd-8464-dd74933c4739: receive RaftClientReply:client-D9B31DDCE961->18b22b39-7551-46dd-8464-dd74933c4739@group-597320EF17B3, cid=4194, SUCCESS, logIndex=6317, commits[18b22b39-7551-46dd-8464-dd74933c4739:c6317, 76d6a15c-8eeb-4764-b555-ce8767d18d57:c6314, c90dcfdf-5973-4b56-a955-1fc4555f10cb:c6314]
2019-09-19 11:27:14,236 [grpc-default-executor-7] INFO  client.GrpcClientProtocolClient (GrpcClientProtocolClient.java:onNext(264)) - client-D9B31DDCE961->18b22b39-7551-46dd-8464-dd74933c4739: receive RaftClientReply:client-D9B31DDCE961->18b22b39-7551-46dd-8464-dd74933c4739@group-597320EF17B3, cid=4195, SUCCESS, logIndex=6318, commits[18b22b39-7551-46dd-8464-dd74933c4739:c6318, 76d6a15c-8eeb-4764-b555-ce8767d18d57:c6314, c90dcfdf-5973-4b56-a955-1fc4555f10cb:c6314]
2019-09-19 11:27:14,270 [grpc-default-executor-7] INFO  client.GrpcClientProtocolClient (GrpcClientProtocolClient.java:onNext(264)) - client-D9B31DDCE961->18b22b39-7551-46dd-8464-dd74933c4739: receive RaftClientReply:client-D9B31DDCE961->18b22b39-7551-46dd-8464-dd74933c4739@group-597320EF17B3, cid=4196, SUCCESS, logIndex=0, commits[18b22b39-7551-46dd-8464-dd74933c4739:c6320, 76d6a15c-8eeb-4764-b555-ce8767d18d57:c6318, c90dcfdf-5973-4b56-a955-1fc4555f10cb:c6318]
2019-09-19 11:27:14,299 [grpc-default-executor-7] INFO  client.GrpcClientProtocolClient (GrpcClientProtocolClient.java:onNext(264)) - client-D9B31DDCE961->18b22b39-7551-46dd-8464-dd74933c4739: receive RaftClientReply:client-D9B31DDCE961->18b22b39-7551-46dd-8464-dd74933c4739@group-597320EF17B3, cid=4197, SUCCESS, logIndex=6321, commits[18b22b39-7551-46dd-8464-dd74933c4739:c6322, 76d6a15c-8eeb-4764-b555-ce8767d18d57:c6320, c90dcfdf-5973-4b56-a955-1fc4555f10cb:c6320]
2019-09-19 11:27:14,299 [grpc-default-executor-7] INFO  client.GrpcClientProtocolClient (GrpcClientProtocolClient.java:onNext(264)) - client-D9B31DDCE961->18b22b39-7551-46dd-8464-dd74933c4739: receive RaftClientReply:client-D9B31DDCE961->18b22b39-7551-46dd-8464-dd74933c4739@group-597320EF17B3, cid=4198, SUCCESS, logIndex=6322, commits[18b22b39-7551-46dd-8464-dd74933c4739:c6322, 76d6a15c-8eeb-4764-b555-ce8767d18d57:c6320, c90dcfdf-5973-4b56-a955-1fc4555f10cb:c6320]
2019-09-19 11:27:14,300 [grpc-default-executor-6] INFO  client.GrpcClientProtocolClient (GrpcClientProtocolClient.java:onNext(264)) - client-D9B31DDCE961->18b22b39-7551-46dd-8464-dd74933c4739: receive RaftClientReply:client-D9B31DDCE961->18b22b39-7551-46dd-8464-dd74933c4739@group-597320EF17B3, cid=4199, SUCCESS, logIndex=6323, commits[18b22b39-7551-46dd-8464-dd74933c4739:c6323, 76d6a15c-8eeb-4764-b555-ce8767d18d57:c6320, c90dcfdf-5973-4b56-a955-1fc4555f10cb:c6320]
2019-09-19 11:27:14,300 [grpc-default-executor-6] INFO  client.GrpcClientProtocolClient (GrpcClientProtocolClient.java:onNext(264)) - client-D9B31DDCE961->18b22b39-7551-46dd-8464-dd74933c4739: receive RaftClientReply:client-D9B31DDCE961->18b22b39-7551-46dd-8464-dd74933c4739@group-597320EF17B3, cid=4200, SUCCESS, logIndex=6324, commits[18b22b39-7551-46dd-8464-dd74933c4739:c6324, 76d6a15c-8eeb-4764-b555-ce8767d18d57:c6320, c90dcfdf-5973-4b56-a955-1fc4555f10cb:c6320]
2019-09-19 11:27:14,315 [grpc-default-executor-6] INFO  client.GrpcClientProtocolClient (GrpcClientProtocolClient.java:onNext(264)) - client-D9B31DDCE961->18b22b39-7551-46dd-8464-dd74933c4739: receive RaftClientReply:client-D9B31DDCE961->18b22b39-7551-46dd-8464-dd74933c4739@group-597320EF17B3, cid=4201, SUCCESS, logIndex=0, commits[18b22b39-7551-46dd-8464-dd74933c4739:c6326, 76d6a15c-8eeb-4764-b555-ce8767d18d57:c6322, c90dcfdf-5973-4b56-a955-1fc4555f10cb:c6322]
2019-09-19 11:27:14,328 [grpc-default-executor-1] INFO  client.GrpcClientProtocolClient (GrpcClientProtocolClient.java:onNext(264)) - client-D9B31DDCE961->18b22b39-7551-46dd-8464-dd74933c4739: receive RaftClientReply:client-D9B31DDCE961->18b22b39-7551-46dd-8464-dd74933c4739@group-597320EF17B3, cid=4202, SUCCESS, logIndex=6329, commits[18b22b39-7551-46dd-8464-dd74933c4739:c6330, 76d6a15c-8eeb-4764-b555-ce8767d18d57:c6328, c90dcfdf-5973-4b56-a955-1fc4555f10cb:c6324]
2019-09-19 11:27:14,328 [grpc-default-executor-1] INFO  client.GrpcClientProtocolClient (GrpcClientProtocolClient.java:onNext(264)) - client-D9B31DDCE961->18b22b39-7551-46dd-8464-dd74933c4739: receive RaftClientReply:client-D9B31DDCE961->18b22b39-7551-46dd-8464-dd74933c4739@group-597320EF17B3, cid=4203, SUCCESS, logIndex=6330, commits[18b22b39-7551-46dd-8464-dd74933c4739:c6330, 76d6a15c-8eeb-4764-b555-ce8767d18d57:c6328, c90dcfdf-5973-4b56-a955-1fc4555f10cb:c6324]
2019-09-19 11:27:14,353 [grpc-default-executor-7] INFO  client.GrpcClientProtocolClient (GrpcClientProtocolClient.java:onNext(264)) - client-D9B31DDCE961->18b22b39-7551-46dd-8464-dd74933c4739: receive RaftClientReply:client-D9B31DDCE961->18b22b39-7551-46dd-8464-dd74933c4739@group-597320EF17B3, cid=4204, SUCCESS, logIndex=6333, commits[18b22b39-7551-46dd-8464-dd74933c4739:c6334, 76d6a15c-8eeb-4764-b555-ce8767d18d57:c6329, c90dcfdf-5973-4b56-a955-1fc4555f10cb:c6330]
2019-09-19 11:27:14,354 [grpc-default-executor-7] INFO  client.GrpcClientProtocolClient (GrpcClientProtocolClient.java:onNext(264)) - client-D9B31DDCE961->18b22b39-7551-46dd-8464-dd74933c4739: receive RaftClientReply:client-D9B31DDCE961->18b22b39-7551-46dd-8464-dd74933c4739@group-597320EF17B3, cid=4205, SUCCESS, logIndex=6334, commits[18b22b39-7551-46dd-8464-dd74933c4739:c6334, 76d6a15c-8eeb-4764-b555-ce8767d18d57:c6330, c90dcfdf-5973-4b56-a955-1fc4555f10cb:c6330]
2019-09-19 11:27:14,366 [grpc-default-executor-7] INFO  client.GrpcClientProtocolClient (GrpcClientProtocolClient.java:onNext(264)) - client-D9B31DDCE961->18b22b39-7551-46dd-8464-dd74933c4739: receive RaftClientReply:client-D9B31DDCE961->18b22b39-7551-46dd-8464-dd74933c4739@group-597320EF17B3, cid=4206, SUCCESS, logIndex=0, commits[18b22b39-7551-46dd-8464-dd74933c4739:c6335, 76d6a15c-8eeb-4764-b555-ce8767d18d57:c6334, c90dcfdf-5973-4b56-a955-1fc4555f10cb:c6334]
2019-09-19 11:27:14,506 [grpc-default-executor-6] INFO  client.GrpcClientProtocolClient (GrpcClientProtocolClient.java:onNext(264)) - client-D9B31DDCE961->18b22b39-7551-46dd-8464-dd74933c4739: receive RaftClientReply:client-D9B31DDCE961->18b22b39-7551-46dd-8464-dd74933c4739@group-597320EF17B3, cid=4207, SUCCESS, logIndex=6336, commits[18b22b39-7551-46dd-8464-dd74933c4739:c6337, 76d6a15c-8eeb-4764-b555-ce8767d18d57:c6335, c90dcfdf-5973-4b56-a955-1fc4555f10cb:c6335]
2019-09-19 11:27:14,507 [grpc-default-executor-6] INFO  client.GrpcClientProtocolClient (GrpcClientProtocolClient.java:onNext(264)) - client-D9B31DDCE961->18b22b39-7551-46dd-8464-dd74933c4739: receive RaftClientReply:client-D9B31DDCE961->18b22b39-7551-46dd-8464-dd74933c4739@group-597320EF17B3, cid=4208, SUCCESS, logIndex=6337, commits[18b22b39-7551-46dd-8464-dd74933c4739:c6337, 76d6a15c-8eeb-4764-b555-ce8767d18d57:c6335, c90dcfdf-5973-4b56-a955-1fc4555f10cb:c6335]
2019-09-19 11:27:14,519 [grpc-default-executor-6] INFO  client.GrpcClientProtocolClient (GrpcClientProtocolClient.java:onNext(264)) - client-D9B31DDCE961->18b22b39-7551-46dd-8464-dd74933c4739: receive RaftClientReply:client-D9B31DDCE961->18b22b39-7551-46dd-8464-dd74933c4739@group-597320EF17B3, cid=4209, SUCCESS, logIndex=6338, commits[18b22b39-7551-46dd-8464-dd74933c4739:c6338, 76d6a15c-8eeb-4764-b555-ce8767d18d57:c6335, c90dcfdf-5973-4b56-a955-1fc4555f10cb:c6335]
2019-09-19 11:27:14,519 [grpc-default-executor-6] INFO  client.GrpcClientProtocolClient (GrpcClientProtocolClient.java:onNext(264)) - client-D9B31DDCE961->18b22b39-7551-46dd-8464-dd74933c4739: receive RaftClientReply:client-D9B31DDCE961->18b22b39-7551-46dd-8464-dd74933c4739@group-597320EF17B3, cid=4210, SUCCESS, logIndex=6339, commits[18b22b39-7551-46dd-8464-dd74933c4739:c6339, 76d6a15c-8eeb-4764-b555-ce8767d18d57:c6335, c90dcfdf-5973-4b56-a955-1fc4555f10cb:c6335]
2019-09-19 11:27:14,532 [grpc-default-executor-6] INFO  client.GrpcClientProtocolClient (GrpcClientProtocolClient.java:onNext(264)) - client-D9B31DDCE961->18b22b39-7551-46dd-8464-dd74933c4739: receive RaftClientReply:client-D9B31DDCE961->18b22b39-7551-46dd-8464-dd74933c4739@group-597320EF17B3, cid=4211, SUCCESS, logIndex=0, commits[18b22b39-7551-46dd-8464-dd74933c4739:c6341, 76d6a15c-8eeb-4764-b555-ce8767d18d57:c6337, c90dcfdf-5973-4b56-a955-1fc4555f10cb:c6337]
 0.00% |█                                                                                                    |  0/1 Time: 0:01:182019-09-19 11:27:14,556 [grpc-default-executor-6] INFO  client.GrpcClientProtocolClient (GrpcClientProtocolClient.java:onNext(264)) - client-D9B31DDCE961->18b22b39-7551-46dd-8464-dd74933c4739: receive RaftClientReply:client-D9B31DDCE961->18b22b39-7551-46dd-8464-dd74933c4739@group-597320EF17B3, cid=4212, SUCCESS, logIndex=6344, commits[18b22b39-7551-46dd-8464-dd74933c4739:c6344, 76d6a15c-8eeb-4764-b555-ce8767d18d57:c6341, c90dcfdf-5973-4b56-a955-1fc4555f10cb:c6341]
2019-09-19 11:27:14,556 [grpc-default-executor-6] INFO  client.GrpcClientProtocolClient (GrpcClientProtocolClient.java:onNext(264)) - client-D9B31DDCE961->18b22b39-7551-46dd-8464-dd74933c4739: receive RaftClientReply:client-D9B31DDCE961->18b22b39-7551-46dd-8464-dd74933c4739@group-597320EF17B3, cid=4213, SUCCESS, logIndex=6345, commits[18b22b39-7551-46dd-8464-dd74933c4739:c6345, 76d6a15c-8eeb-4764-b555-ce8767d18d57:c6341, c90dcfdf-5973-4b56-a955-1fc4555f10cb:c6341]
2019-09-19 11:27:14,583 [grpc-default-executor-6] INFO  client.GrpcClientProtocolClient (GrpcClientProtocolClient.java:onNext(264)) - client-D9B31DDCE961->18b22b39-7551-46dd-8464-dd74933c4739: receive RaftClientReply:client-D9B31DDCE961->18b22b39-7551-46dd-8464-dd74933c4739@group-597320EF17B3, cid=4214, SUCCESS, logIndex=6348, commits[18b22b39-7551-46dd-8464-dd74933c4739:c6349, 76d6a15c-8eeb-4764-b555-ce8767d18d57:c6346, c90dcfdf-5973-4b56-a955-1fc4555f10cb:c6345]
2019-09-19 11:27:14,583 [grpc-default-executor-6] INFO  client.GrpcClientProtocolClient (GrpcClientProtocolClient.java:onNext(264)) - client-D9B31DDCE961->18b22b39-7551-46dd-8464-dd74933c4739: receive RaftClientReply:client-D9B31DDCE961->18b22b39-7551-46dd-8464-dd74933c4739@group-597320EF17B3, cid=4215, SUCCESS, logIndex=6349, commits[18b22b39-7551-46dd-8464-dd74933c4739:c6349, 76d6a15c-8eeb-4764-b555-ce8767d18d57:c6346, c90dcfdf-5973-4b56-a955-1fc4555f10cb:c6346]
2019-09-19 11:27:14,597 [grpc-default-executor-6] INFO  client.GrpcClientProtocolClient (GrpcClientProtocolClient.java:onNext(264)) - client-D9B31DDCE961->18b22b39-7551-46dd-8464-dd74933c4739: receive RaftClientReply:client-D9B31DDCE961->18b22b39-7551-46dd-8464-dd74933c4739@group-597320EF17B3, cid=4216, SUCCESS, logIndex=0, commits[18b22b39-7551-46dd-8464-dd74933c4739:c6351, 76d6a15c-8eeb-4764-b555-ce8767d18d57:c6349, c90dcfdf-5973-4b56-a955-1fc4555f10cb:c6349]
2019-09-19 11:27:14,626 [grpc-default-executor-1] INFO  client.GrpcClientProtocolClient (GrpcClientProtocolClient.java:onNext(264)) - client-D9B31DDCE961->18b22b39-7551-46dd-8464-dd74933c4739: receive RaftClientReply:client-D9B31DDCE961->18b22b39-7551-46dd-8464-dd74933c4739@group-597320EF17B3, cid=4217, SUCCESS, logIndex=6352, commits[18b22b39-7551-46dd-8464-dd74933c4739:c6353, 76d6a15c-8eeb-4764-b555-ce8767d18d57:c6351, c90dcfdf-5973-4b56-a955-1fc4555f10cb:c6351]
2019-09-19 11:27:14,626 [grpc-default-executor-1] INFO  client.GrpcClientProtocolClient (GrpcClientProtocolClient.java:onNext(264)) - client-D9B31DDCE961->18b22b39-7551-46dd-8464-dd74933c4739: receive RaftClientReply:client-D9B31DDCE961->18b22b39-7551-46dd-8464-dd74933c4739@group-597320EF17B3, cid=4218, SUCCESS, logIndex=6353, commits[18b22b39-7551-46dd-8464-dd74933c4739:c6353, 76d6a15c-8eeb-4764-b555-ce8767d18d57:c6351, c90dcfdf-5973-4b56-a955-1fc4555f10cb:c6351]
2019-09-19 11:27:14,639 [grpc-default-executor-6] INFO  client.GrpcClientProtocolClient (GrpcClientProtocolClient.java:onNext(264)) - client-D9B31DDCE961->18b22b39-7551-46dd-8464-dd74933c4739: receive RaftClientReply:client-D9B31DDCE961->18b22b39-7551-46dd-8464-dd74933c4739@group-597320EF17B3, cid=4219, SUCCESS, logIndex=6354, commits[18b22b39-7551-46dd-8464-dd74933c4739:c6355, 76d6a15c-8eeb-4764-b555-ce8767d18d57:c6351, c90dcfdf-5973-4b56-a955-1fc4555f10cb:c6351]
2019-09-19 11:27:14,639 [grpc-default-executor-6] INFO  client.GrpcClientProtocolClient (GrpcClientProtocolClient.java:onNext(264)) - client-D9B31DDCE961->18b22b39-7551-46dd-8464-dd74933c4739: receive RaftClientReply:client-D9B31DDCE961->18b22b39-7551-46dd-8464-dd74933c4739@group-597320EF17B3, cid=4220, SUCCESS, logIndex=6355, commits[18b22b39-7551-46dd-8464-dd74933c4739:c6355, 76d6a15c-8eeb-4764-b555-ce8767d18d57:c6351, c90dcfdf-5973-4b56-a955-1fc4555f10cb:c6351]
2019-09-19 11:27:14,642 [grpc-default-executor-6] INFO  client.GrpcClientProtocolClient (GrpcClientProtocolClient.java:onNext(264)) - client-D9B31DDCE961->18b22b39-7551-46dd-8464-dd74933c4739: receive RaftClientReply:client-D9B31DDCE961->18b22b39-7551-46dd-8464-dd74933c4739@group-597320EF17B3, cid=4221, SUCCESS, logIndex=0, commits[18b22b39-7551-46dd-8464-dd74933c4739:c6357, 76d6a15c-8eeb-4764-b555-ce8767d18d57:c6353, c90dcfdf-5973-4b56-a955-1fc4555f10cb:c6353]
2019-09-19 11:27:14,650 [grpc-default-executor-7] INFO  client.GrpcClientProtocolClient (GrpcClientProtocolClient.java:onNext(264)) - client-D9B31DDCE961->18b22b39-7551-46dd-8464-dd74933c4739: receive RaftClientReply:client-D9B31DDCE961->18b22b39-7551-46dd-8464-dd74933c4739@group-597320EF17B3, cid=4222, SUCCESS, logIndex=6360, commits[18b22b39-7551-46dd-8464-dd74933c4739:c6361, 76d6a15c-8eeb-4764-b555-ce8767d18d57:c6355, c90dcfdf-5973-4b56-a955-1fc4555f10cb:c6359]
2019-09-19 11:27:14,651 [grpc-default-executor-7] INFO  client.GrpcClientProtocolClient (GrpcClientProtocolClient.java:onNext(264)) - client-D9B31DDCE961->18b22b39-7551-46dd-8464-dd74933c4739: receive RaftClientReply:client-D9B31DDCE961->18b22b39-7551-46dd-8464-dd74933c4739@group-597320EF17B3, cid=4223, SUCCESS, logIndex=6361, commits[18b22b39-7551-46dd-8464-dd74933c4739:c6361, 76d6a15c-8eeb-4764-b555-ce8767d18d57:c6359, c90dcfdf-5973-4b56-a955-1fc4555f10cb:c6359]
2019-09-19 11:27:14,660 [grpc-default-executor-7] INFO  client.GrpcClientProtocolClient (GrpcClientProtocolClient.java:onNext(264)) - client-D9B31DDCE961->18b22b39-7551-46dd-8464-dd74933c4739: receive RaftClientReply:client-D9B31DDCE961->18b22b39-7551-46dd-8464-dd74933c4739@group-597320EF17B3, cid=4224, SUCCESS, logIndex=6364, commits[18b22b39-7551-46dd-8464-dd74933c4739:c6365, 76d6a15c-8eeb-4764-b555-ce8767d18d57:c6361, c90dcfdf-5973-4b56-a955-1fc4555f10cb:c6363]
2019-09-19 11:27:14,661 [grpc-default-executor-7] INFO  client.GrpcClientProtocolClient (GrpcClientProtocolClient.java:onNext(264)) - client-D9B31DDCE961->18b22b39-7551-46dd-8464-dd74933c4739: receive RaftClientReply:client-D9B31DDCE961->18b22b39-7551-46dd-8464-dd74933c4739@group-597320EF17B3, cid=4225, SUCCESS, logIndex=6365, commits[18b22b39-7551-46dd-8464-dd74933c4739:c6365, 76d6a15c-8eeb-4764-b555-ce8767d18d57:c6363, c90dcfdf-5973-4b56-a955-1fc4555f10cb:c6363]
2019-09-19 11:27:14,663 [grpc-default-executor-7] INFO  client.GrpcClientProtocolClient (GrpcClientProtocolClient.java:onNext(264)) - client-D9B31DDCE961->18b22b39-7551-46dd-8464-dd74933c4739: receive RaftClientReply:client-D9B31DDCE961->18b22b39-7551-46dd-8464-dd74933c4739@group-597320EF17B3, cid=4226, SUCCESS, logIndex=0, commits[18b22b39-7551-46dd-8464-dd74933c4739:c6366, 76d6a15c-8eeb-4764-b555-ce8767d18d57:c6365, c90dcfdf-5973-4b56-a955-1fc4555f10cb:c6365]
2019-09-19 11:27:14,688 [grpc-default-executor-7] INFO  client.GrpcClientProtocolClient (GrpcClientProtocolClient.java:onNext(264)) - client-D9B31DDCE961->18b22b39-7551-46dd-8464-dd74933c4739: receive RaftClientReply:client-D9B31DDCE961->18b22b39-7551-46dd-8464-dd74933c4739@group-597320EF17B3, cid=4227, SUCCESS, logIndex=6368, commits[18b22b39-7551-46dd-8464-dd74933c4739:c6369, 76d6a15c-8eeb-4764-b555-ce8767d18d57:c6367, c90dcfdf-5973-4b56-a955-1fc4555f10cb:c6365]
2019-09-19 11:27:14,688 [grpc-default-executor-7] INFO  client.GrpcClientProtocolClient (GrpcClientProtocolClient.java:onNext(264)) - client-D9B31DDCE961->18b22b39-7551-46dd-8464-dd74933c4739: receive RaftClientReply:client-D9B31DDCE961->18b22b39-7551-46dd-8464-dd74933c4739@group-597320EF17B3, cid=4228, SUCCESS, logIndex=6369, commits[18b22b39-7551-46dd-8464-dd74933c4739:c6369, 76d6a15c-8eeb-4764-b555-ce8767d18d57:c6367, c90dcfdf-5973-4b56-a955-1fc4555f10cb:c6365]
2019-09-19 11:27:14,694 [grpc-default-executor-1] INFO  client.GrpcClientProtocolClient (GrpcClientProtocolClient.java:onNext(264)) - client-D9B31DDCE961->18b22b39-7551-46dd-8464-dd74933c4739: receive RaftClientReply:client-D9B31DDCE961->18b22b39-7551-46dd-8464-dd74933c4739@group-597320EF17B3, cid=4229, SUCCESS, logIndex=6370, commits[18b22b39-7551-46dd-8464-dd74933c4739:c6370, 76d6a15c-8eeb-4764-b555-ce8767d18d57:c6367, c90dcfdf-5973-4b56-a955-1fc4555f10cb:c6367]
2019-09-19 11:27:14,694 [grpc-default-executor-7] INFO  client.GrpcClientProtocolClient (GrpcClientProtocolClient.java:onNext(264)) - client-D9B31DDCE961->18b22b39-7551-46dd-8464-dd74933c4739: receive RaftClientReply:client-D9B31DDCE961->18b22b39-7551-46dd-8464-dd74933c4739@group-597320EF17B3, cid=4230, SUCCESS, logIndex=6371, commits[18b22b39-7551-46dd-8464-dd74933c4739:c6373, 76d6a15c-8eeb-4764-b555-ce8767d18d57:c6367, c90dcfdf-5973-4b56-a955-1fc4555f10cb:c6369]
2019-09-19 11:27:14,695 [grpc-default-executor-7] INFO  client.GrpcClientProtocolClient (GrpcClientProtocolClient.java:onNext(264)) - client-D9B31DDCE961->18b22b39-7551-46dd-8464-dd74933c4739: receive RaftClientReply:client-D9B31DDCE961->18b22b39-7551-46dd-8464-dd74933c4739@group-597320EF17B3, cid=4231, SUCCESS, logIndex=0, commits[18b22b39-7551-46dd-8464-dd74933c4739:c6373, 76d6a15c-8eeb-4764-b555-ce8767d18d57:c6369, c90dcfdf-5973-4b56-a955-1fc4555f10cb:c6369]
2019-09-19 11:27:14,706 [grpc-default-executor-6] INFO  client.GrpcClientProtocolClient (GrpcClientProtocolClient.java:onNext(264)) - client-D9B31DDCE961->18b22b39-7551-46dd-8464-dd74933c4739: receive RaftClientReply:client-D9B31DDCE961->18b22b39-7551-46dd-8464-dd74933c4739@group-597320EF17B3, cid=4232, SUCCESS, logIndex=6375, commits[18b22b39-7551-46dd-8464-dd74933c4739:c6376, 76d6a15c-8eeb-4764-b555-ce8767d18d57:c6374, c90dcfdf-5973-4b56-a955-1fc4555f10cb:c6370]
2019-09-19 11:27:14,707 [grpc-default-executor-6] INFO  client.GrpcClientProtocolClient (GrpcClientProtocolClient.java:onNext(264)) - client-D9B31DDCE961->18b22b39-7551-46dd-8464-dd74933c4739: receive RaftClientReply:client-D9B31DDCE961->18b22b39-7551-46dd-8464-dd74933c4739@group-597320EF17B3, cid=4233, SUCCESS, logIndex=6376, commits[18b22b39-7551-46dd-8464-dd74933c4739:c6376, 76d6a15c-8eeb-4764-b555-ce8767d18d57:c6374, c90dcfdf-5973-4b56-a955-1fc4555f10cb:c6374]
2019-09-19 11:27:14,733 [grpc-default-executor-7] INFO  client.GrpcClientProtocolClient (GrpcClientProtocolClient.java:onNext(264)) - client-D9B31DDCE961->18b22b39-7551-46dd-8464-dd74933c4739: receive RaftClientReply:client-D9B31DDCE961->18b22b39-7551-46dd-8464-dd74933c4739@group-597320EF17B3, cid=4234, SUCCESS, logIndex=6379, commits[18b22b39-7551-46dd-8464-dd74933c4739:c6380, 76d6a15c-8eeb-4764-b555-ce8767d18d57:c6377, c90dcfdf-5973-4b56-a955-1fc4555f10cb:c6377]
2019-09-19 11:27:14,733 [grpc-default-executor-7] INFO  client.GrpcClientProtocolClient (GrpcClientProtocolClient.java:onNext(264)) - client-D9B31DDCE961->18b22b39-7551-46dd-8464-dd74933c4739: receive RaftClientReply:client-D9B31DDCE961->18b22b39-7551-46dd-8464-dd74933c4739@group-597320EF17B3, cid=4235, SUCCESS, logIndex=6380, commits[18b22b39-7551-46dd-8464-dd74933c4739:c6380, 76d6a15c-8eeb-4764-b555-ce8767d18d57:c6377, c90dcfdf-5973-4b56-a955-1fc4555f10cb:c6377]
2019-09-19 11:27:14,735 [grpc-default-executor-6] INFO  client.GrpcClientProtocolClient (GrpcClientProtocolClient.java:onNext(264)) - client-D9B31DDCE961->18b22b39-7551-46dd-8464-dd74933c4739: receive RaftClientReply:client-D9B31DDCE961->18b22b39-7551-46dd-8464-dd74933c4739@group-597320EF17B3, cid=4236, SUCCESS, logIndex=0, commits[18b22b39-7551-46dd-8464-dd74933c4739:c6380, 76d6a15c-8eeb-4764-b555-ce8767d18d57:c6380, c90dcfdf-5973-4b56-a955-1fc4555f10cb:c6380]
2019-09-19 11:27:14,763 [grpc-default-executor-1] INFO  client.GrpcClientProtocolClient (GrpcClientProtocolClient.java:onNext(264)) - client-D9B31DDCE961->18b22b39-7551-46dd-8464-dd74933c4739: receive RaftClientReply:client-D9B31DDCE961->18b22b39-7551-46dd-8464-dd74933c4739@group-597320EF17B3, cid=4237, SUCCESS, logIndex=6383, commits[18b22b39-7551-46dd-8464-dd74933c4739:c6384, 76d6a15c-8eeb-4764-b555-ce8767d18d57:c6382, c90dcfdf-5973-4b56-a955-1fc4555f10cb:c6382]
2019-09-19 11:27:14,764 [grpc-default-executor-1] INFO  client.GrpcClientProtocolClient (GrpcClientProtocolClient.java:onNext(264)) - client-D9B31DDCE961->18b22b39-7551-46dd-8464-dd74933c4739: receive RaftClientReply:client-D9B31DDCE961->18b22b39-7551-46dd-8464-dd74933c4739@group-597320EF17B3, cid=4238, SUCCESS, logIndex=6384, commits[18b22b39-7551-46dd-8464-dd74933c4739:c6384, 76d6a15c-8eeb-4764-b555-ce8767d18d57:c6382, c90dcfdf-5973-4b56-a955-1fc4555f10cb:c6382]
2019-09-19 11:27:14,774 [grpc-default-executor-6] INFO  client.GrpcClientProtocolClient (GrpcClientProtocolClient.java:onNext(264)) - client-D9B31DDCE961->18b22b39-7551-46dd-8464-dd74933c4739: receive RaftClientReply:client-D9B31DDCE961->18b22b39-7551-46dd-8464-dd74933c4739@group-597320EF17B3, cid=4239, SUCCESS, logIndex=6385, commits[18b22b39-7551-46dd-8464-dd74933c4739:c6386, 76d6a15c-8eeb-4764-b555-ce8767d18d57:c6382, c90dcfdf-5973-4b56-a955-1fc4555f10cb:c6382]
2019-09-19 11:27:14,775 [grpc-default-executor-6] INFO  client.GrpcClientProtocolClient (GrpcClientProtocolClient.java:onNext(264)) - client-D9B31DDCE961->18b22b39-7551-46dd-8464-dd74933c4739: receive RaftClientReply:client-D9B31DDCE961->18b22b39-7551-46dd-8464-dd74933c4739@group-597320EF17B3, cid=4240, SUCCESS, logIndex=6386, commits[18b22b39-7551-46dd-8464-dd74933c4739:c6386, 76d6a15c-8eeb-4764-b555-ce8767d18d57:c6382, c90dcfdf-5973-4b56-a955-1fc4555f10cb:c6382]
2019-09-19 11:27:14,777 [grpc-default-executor-6] INFO  client.GrpcClientProtocolClient (GrpcClientProtocolClient.java:onNext(264)) - client-D9B31DDCE961->18b22b39-7551-46dd-8464-dd74933c4739: receive RaftClientReply:client-D9B31DDCE961->18b22b39-7551-46dd-8464-dd74933c4739@group-597320EF17B3, cid=4241, SUCCESS, logIndex=0, commits[18b22b39-7551-46dd-8464-dd74933c4739:c6388, 76d6a15c-8eeb-4764-b555-ce8767d18d57:c6384, c90dcfdf-5973-4b56-a955-1fc4555f10cb:c6384]
2019-09-19 11:27:14,792 [grpc-default-executor-1] INFO  client.GrpcClientProtocolClient (GrpcClientProtocolClient.java:onNext(264)) - client-D9B31DDCE961->18b22b39-7551-46dd-8464-dd74933c4739: receive RaftClientReply:client-D9B31DDCE961->18b22b39-7551-46dd-8464-dd74933c4739@group-597320EF17B3, cid=4242, SUCCESS, logIndex=6391, commits[18b22b39-7551-46dd-8464-dd74933c4739:c6392, 76d6a15c-8eeb-4764-b555-ce8767d18d57:c6388, c90dcfdf-5973-4b56-a955-1fc4555f10cb:c6388]
2019-09-19 11:27:14,792 [grpc-default-executor-1] INFO  client.GrpcClientProtocolClient (GrpcClientProtocolClient.java:onNext(264)) - client-D9B31DDCE961->18b22b39-7551-46dd-8464-dd74933c4739: receive RaftClientReply:client-D9B31DDCE961->18b22b39-7551-46dd-8464-dd74933c4739@group-597320EF17B3, cid=4243, SUCCESS, logIndex=6392, commits[18b22b39-7551-46dd-8464-dd74933c4739:c6392, 76d6a15c-8eeb-4764-b555-ce8767d18d57:c6388, c90dcfdf-5973-4b56-a955-1fc4555f10cb:c6388]
2019-09-19 11:27:14,833 [grpc-default-executor-7] INFO  client.GrpcClientProtocolClient (GrpcClientProtocolClient.java:onNext(264)) - client-D9B31DDCE961->18b22b39-7551-46dd-8464-dd74933c4739: receive RaftClientReply:client-D9B31DDCE961->18b22b39-7551-46dd-8464-dd74933c4739@group-597320EF17B3, cid=4244, SUCCESS, logIndex=6395, commits[18b22b39-7551-46dd-8464-dd74933c4739:c6396, 76d6a15c-8eeb-4764-b555-ce8767d18d57:c6392, c90dcfdf-5973-4b56-a955-1fc4555f10cb:c6392]
2019-09-19 11:27:14,834 [grpc-default-executor-7] INFO  client.GrpcClientProtocolClient (GrpcClientProtocolClient.java:onNext(264)) - client-D9B31DDCE961->18b22b39-7551-46dd-8464-dd74933c4739: receive RaftClientReply:client-D9B31DDCE961->18b22b39-7551-46dd-8464-dd74933c4739@group-597320EF17B3, cid=4245, SUCCESS, logIndex=6396, commits[18b22b39-7551-46dd-8464-dd74933c4739:c6396, 76d6a15c-8eeb-4764-b555-ce8767d18d57:c6392, c90dcfdf-5973-4b56-a955-1fc4555f10cb:c6392]
2019-09-19 11:27:14,859 [grpc-default-executor-1] INFO  client.GrpcClientProtocolClient (GrpcClientProtocolClient.java:onNext(264)) - client-D9B31DDCE961->18b22b39-7551-46dd-8464-dd74933c4739: receive RaftClientReply:client-D9B31DDCE961->18b22b39-7551-46dd-8464-dd74933c4739@group-597320EF17B3, cid=4246, SUCCESS, logIndex=0, commits[18b22b39-7551-46dd-8464-dd74933c4739:c6398, 76d6a15c-8eeb-4764-b555-ce8767d18d57:c6396, c90dcfdf-5973-4b56-a955-1fc4555f10cb:c6396]
2019-09-19 11:27:14,891 [grpc-default-executor-6] INFO  client.GrpcClientProtocolClient (GrpcClientProtocolClient.java:onNext(264)) - client-D9B31DDCE961->18b22b39-7551-46dd-8464-dd74933c4739: receive RaftClientReply:client-D9B31DDCE961->18b22b39-7551-46dd-8464-dd74933c4739@group-597320EF17B3, cid=4247, SUCCESS, logIndex=6399, commits[18b22b39-7551-46dd-8464-dd74933c4739:c6400, 76d6a15c-8eeb-4764-b555-ce8767d18d57:c6398, c90dcfdf-5973-4b56-a955-1fc4555f10cb:c6398]
2019-09-19 11:27:14,892 [grpc-default-executor-6] INFO  client.GrpcClientProtocolClient (GrpcClientProtocolClient.java:onNext(264)) - client-D9B31DDCE961->18b22b39-7551-46dd-8464-dd74933c4739: receive RaftClientReply:client-D9B31DDCE961->18b22b39-7551-46dd-8464-dd74933c4739@group-597320EF17B3, cid=4248, SUCCESS, logIndex=6400, commits[18b22b39-7551-46dd-8464-dd74933c4739:c6400, 76d6a15c-8eeb-4764-b555-ce8767d18d57:c6398, c90dcfdf-5973-4b56-a955-1fc4555f10cb:c6398]
2019-09-19 11:27:14,904 [grpc-default-executor-7] INFO  client.GrpcClientProtocolClient (GrpcClientProtocolClient.java:onNext(264)) - client-D9B31DDCE961->18b22b39-7551-46dd-8464-dd74933c4739: receive RaftClientReply:client-D9B31DDCE961->18b22b39-7551-46dd-8464-dd74933c4739@group-597320EF17B3, cid=4249, SUCCESS, logIndex=6401, commits[18b22b39-7551-46dd-8464-dd74933c4739:c6402, 76d6a15c-8eeb-4764-b555-ce8767d18d57:c6398, c90dcfdf-5973-4b56-a955-1fc4555f10cb:c6398]
2019-09-19 11:27:14,904 [grpc-default-executor-7] INFO  client.GrpcClientProtocolClient (GrpcClientProtocolClient.java:onNext(264)) - client-D9B31DDCE961->18b22b39-7551-46dd-8464-dd74933c4739: receive RaftClientReply:client-D9B31DDCE961->18b22b39-7551-46dd-8464-dd74933c4739@group-597320EF17B3, cid=4250, SUCCESS, logIndex=6402, commits[18b22b39-7551-46dd-8464-dd74933c4739:c6402, 76d6a15c-8eeb-4764-b555-ce8767d18d57:c6398, c90dcfdf-5973-4b56-a955-1fc4555f10cb:c6398]
2019-09-19 11:27:14,917 [grpc-default-executor-7] INFO  client.GrpcClientProtocolClient (GrpcClientProtocolClient.java:onNext(264)) - client-D9B31DDCE961->18b22b39-7551-46dd-8464-dd74933c4739: receive RaftClientReply:client-D9B31DDCE961->18b22b39-7551-46dd-8464-dd74933c4739@group-597320EF17B3, cid=4251, SUCCESS, logIndex=0, commits[18b22b39-7551-46dd-8464-dd74933c4739:c6404, 76d6a15c-8eeb-4764-b555-ce8767d18d57:c6400, c90dcfdf-5973-4b56-a955-1fc4555f10cb:c6400]
2019-09-19 11:27:14,928 [grpc-default-executor-7] INFO  client.GrpcClientProtocolClient (GrpcClientProtocolClient.java:onNext(264)) - client-D9B31DDCE961->18b22b39-7551-46dd-8464-dd74933c4739: receive RaftClientReply:client-D9B31DDCE961->18b22b39-7551-46dd-8464-dd74933c4739@group-597320EF17B3, cid=4252, SUCCESS, logIndex=6407, commits[18b22b39-7551-46dd-8464-dd74933c4739:c6408, 76d6a15c-8eeb-4764-b555-ce8767d18d57:c6406, c90dcfdf-5973-4b56-a955-1fc4555f10cb:c6406]
2019-09-19 11:27:14,929 [grpc-default-executor-7] INFO  client.GrpcClientProtocolClient (GrpcClientProtocolClient.java:onNext(264)) - client-D9B31DDCE961->18b22b39-7551-46dd-8464-dd74933c4739: receive RaftClientReply:client-D9B31DDCE961->18b22b39-7551-46dd-8464-dd74933c4739@group-597320EF17B3, cid=4253, SUCCESS, logIndex=6408, commits[18b22b39-7551-46dd-8464-dd74933c4739:c6408, 76d6a15c-8eeb-4764-b555-ce8767d18d57:c6406, c90dcfdf-5973-4b56-a955-1fc4555f10cb:c6406]
2019-09-19 11:27:14,943 [grpc-default-executor-6] INFO  client.GrpcClientProtocolClient (GrpcClientProtocolClient.java:onNext(264)) - client-D9B31DDCE961->18b22b39-7551-46dd-8464-dd74933c4739: receive RaftClientReply:client-D9B31DDCE961->18b22b39-7551-46dd-8464-dd74933c4739@group-597320EF17B3, cid=4254, SUCCESS, logIndex=6411, commits[18b22b39-7551-46dd-8464-dd74933c4739:c6412, 76d6a15c-8eeb-4764-b555-ce8767d18d57:c6409, c90dcfdf-5973-4b56-a955-1fc4555f10cb:c6408]
2019-09-19 11:27:14,944 [grpc-default-executor-6] INFO  client.GrpcClientProtocolClient (GrpcClientProtocolClient.java:onNext(264)) - client-D9B31DDCE961->18b22b39-7551-46dd-8464-dd74933c4739: receive RaftClientReply:client-D9B31DDCE961->18b22b39-7551-46dd-8464-dd74933c4739@group-597320EF17B3, cid=4255, SUCCESS, logIndex=6412, commits[18b22b39-7551-46dd-8464-dd74933c4739:c6412, 76d6a15c-8eeb-4764-b555-ce8767d18d57:c6409, c90dcfdf-5973-4b56-a955-1fc4555f10cb:c6409]
2019-09-19 11:27:14,950 [grpc-default-executor-6] INFO  client.GrpcClientProtocolClient (GrpcClientProtocolClient.java:onNext(264)) - client-D9B31DDCE961->18b22b39-7551-46dd-8464-dd74933c4739: receive RaftClientReply:client-D9B31DDCE961->18b22b39-7551-46dd-8464-dd74933c4739@group-597320EF17B3, cid=4256, SUCCESS, logIndex=0, commits[18b22b39-7551-46dd-8464-dd74933c4739:c6413, 76d6a15c-8eeb-4764-b555-ce8767d18d57:c6412, c90dcfdf-5973-4b56-a955-1fc4555f10cb:c6412]
2019-09-19 11:27:14,994 [grpc-default-executor-1] INFO  client.GrpcClientProtocolClient (GrpcClientProtocolClient.java:onNext(264)) - client-D9B31DDCE961->18b22b39-7551-46dd-8464-dd74933c4739: receive RaftClientReply:client-D9B31DDCE961->18b22b39-7551-46dd-8464-dd74933c4739@group-597320EF17B3, cid=4257, SUCCESS, logIndex=6415, commits[18b22b39-7551-46dd-8464-dd74933c4739:c6416, 76d6a15c-8eeb-4764-b555-ce8767d18d57:c6414, c90dcfdf-5973-4b56-a955-1fc4555f10cb:c6414]
2019-09-19 11:27:14,995 [grpc-default-executor-1] INFO  client.GrpcClientProtocolClient (GrpcClientProtocolClient.java:onNext(264)) - client-D9B31DDCE961->18b22b39-7551-46dd-8464-dd74933c4739: receive RaftClientReply:client-D9B31DDCE961->18b22b39-7551-46dd-8464-dd74933c4739@group-597320EF17B3, cid=4258, SUCCESS, logIndex=6416, commits[18b22b39-7551-46dd-8464-dd74933c4739:c6416, 76d6a15c-8eeb-4764-b555-ce8767d18d57:c6414, c90dcfdf-5973-4b56-a955-1fc4555f10cb:c6414]
2019-09-19 11:27:14,995 [grpc-default-executor-1] INFO  client.GrpcClientProtocolClient (GrpcClientProtocolClient.java:onNext(264)) - client-D9B31DDCE961->18b22b39-7551-46dd-8464-dd74933c4739: receive RaftClientReply:client-D9B31DDCE961->18b22b39-7551-46dd-8464-dd74933c4739@group-597320EF17B3, cid=4259, SUCCESS, logIndex=6417, commits[18b22b39-7551-46dd-8464-dd74933c4739:c6418, 76d6a15c-8eeb-4764-b555-ce8767d18d57:c6414, c90dcfdf-5973-4b56-a955-1fc4555f10cb:c6414]
2019-09-19 11:27:14,995 [grpc-default-executor-1] INFO  client.GrpcClientProtocolClient (GrpcClientProtocolClient.java:onNext(264)) - client-D9B31DDCE961->18b22b39-7551-46dd-8464-dd74933c4739: receive RaftClientReply:client-D9B31DDCE961->18b22b39-7551-46dd-8464-dd74933c4739@group-597320EF17B3, cid=4260, SUCCESS, logIndex=6418, commits[18b22b39-7551-46dd-8464-dd74933c4739:c6418, 76d6a15c-8eeb-4764-b555-ce8767d18d57:c6414, c90dcfdf-5973-4b56-a955-1fc4555f10cb:c6414]
2019-09-19 11:27:15,008 [grpc-default-executor-1] INFO  client.GrpcClientProtocolClient (GrpcClientProtocolClient.java:onNext(264)) - client-D9B31DDCE961->18b22b39-7551-46dd-8464-dd74933c4739: receive RaftClientReply:client-D9B31DDCE961->18b22b39-7551-46dd-8464-dd74933c4739@group-597320EF17B3, cid=4261, SUCCESS, logIndex=0, commits[18b22b39-7551-46dd-8464-dd74933c4739:c6420, 76d6a15c-8eeb-4764-b555-ce8767d18d57:c6416, c90dcfdf-5973-4b56-a955-1fc4555f10cb:c6416]
2019-09-19 11:27:15,030 [grpc-default-executor-7] INFO  client.GrpcClientProtocolClient (GrpcClientProtocolClient.java:onNext(264)) - client-D9B31DDCE961->18b22b39-7551-46dd-8464-dd74933c4739: receive RaftClientReply:client-D9B31DDCE961->18b22b39-7551-46dd-8464-dd74933c4739@group-597320EF17B3, cid=4262, SUCCESS, logIndex=6423, commits[18b22b39-7551-46dd-8464-dd74933c4739:c6424, 76d6a15c-8eeb-4764-b555-ce8767d18d57:c6422, c90dcfdf-5973-4b56-a955-1fc4555f10cb:c6422]
2019-09-19 11:27:15,030 [grpc-default-executor-7] INFO  client.GrpcClientProtocolClient (GrpcClientProtocolClient.java:onNext(264)) - client-D9B31DDCE961->18b22b39-7551-46dd-8464-dd74933c4739: receive RaftClientReply:client-D9B31DDCE961->18b22b39-7551-46dd-8464-dd74933c4739@group-597320EF17B3, cid=4263, SUCCESS, logIndex=6424, commits[18b22b39-7551-46dd-8464-dd74933c4739:c6424, 76d6a15c-8eeb-4764-b555-ce8767d18d57:c6422, c90dcfdf-5973-4b56-a955-1fc4555f10cb:c6422]
2019-09-19 11:27:15,045 [grpc-default-executor-1] INFO  client.GrpcClientProtocolClient (GrpcClientProtocolClient.java:onNext(264)) - client-D9B31DDCE961->18b22b39-7551-46dd-8464-dd74933c4739: receive RaftClientReply:client-D9B31DDCE961->18b22b39-7551-46dd-8464-dd74933c4739@group-597320EF17B3, cid=4264, SUCCESS, logIndex=6427, commits[18b22b39-7551-46dd-8464-dd74933c4739:c6428, 76d6a15c-8eeb-4764-b555-ce8767d18d57:c6424, c90dcfdf-5973-4b56-a955-1fc4555f10cb:c6424]
2019-09-19 11:27:15,045 [grpc-default-executor-1] INFO  client.GrpcClientProtocolClient (GrpcClientProtocolClient.java:onNext(264)) - client-D9B31DDCE961->18b22b39-7551-46dd-8464-dd74933c4739: receive RaftClientReply:client-D9B31DDCE961->18b22b39-7551-46dd-8464-dd74933c4739@group-597320EF17B3, cid=4265, SUCCESS, logIndex=6428, commits[18b22b39-7551-46dd-8464-dd74933c4739:c6428, 76d6a15c-8eeb-4764-b555-ce8767d18d57:c6424, c90dcfdf-5973-4b56-a955-1fc4555f10cb:c6424]
2019-09-19 11:27:15,056 [grpc-default-executor-1] INFO  client.GrpcClientProtocolClient (GrpcClientProtocolClient.java:onNext(264)) - client-D9B31DDCE961->18b22b39-7551-46dd-8464-dd74933c4739: receive RaftClientReply:client-D9B31DDCE961->18b22b39-7551-46dd-8464-dd74933c4739@group-597320EF17B3, cid=4266, SUCCESS, logIndex=0, commits[18b22b39-7551-46dd-8464-dd74933c4739:c6429, 76d6a15c-8eeb-4764-b555-ce8767d18d57:c6428, c90dcfdf-5973-4b56-a955-1fc4555f10cb:c6428]
2019-09-19 11:27:15,084 [grpc-default-executor-1] INFO  client.GrpcClientProtocolClient (GrpcClientProtocolClient.java:onNext(264)) - client-D9B31DDCE961->18b22b39-7551-46dd-8464-dd74933c4739: receive RaftClientReply:client-D9B31DDCE961->18b22b39-7551-46dd-8464-dd74933c4739@group-597320EF17B3, cid=4267, SUCCESS, logIndex=6431, commits[18b22b39-7551-46dd-8464-dd74933c4739:c6432, 76d6a15c-8eeb-4764-b555-ce8767d18d57:c6430, c90dcfdf-5973-4b56-a955-1fc4555f10cb:c6430]
2019-09-19 11:27:15,084 [grpc-default-executor-1] INFO  client.GrpcClientProtocolClient (GrpcClientProtocolClient.java:onNext(264)) - client-D9B31DDCE961->18b22b39-7551-46dd-8464-dd74933c4739: receive RaftClientReply:client-D9B31DDCE961->18b22b39-7551-46dd-8464-dd74933c4739@group-597320EF17B3, cid=4268, SUCCESS, logIndex=6432, commits[18b22b39-7551-46dd-8464-dd74933c4739:c6432, 76d6a15c-8eeb-4764-b555-ce8767d18d57:c6430, c90dcfdf-5973-4b56-a955-1fc4555f10cb:c6430]
2019-09-19 11:27:15,085 [grpc-default-executor-6] INFO  client.GrpcClientProtocolClient (GrpcClientProtocolClient.java:onNext(264)) - client-D9B31DDCE961->18b22b39-7551-46dd-8464-dd74933c4739: receive RaftClientReply:client-D9B31DDCE961->18b22b39-7551-46dd-8464-dd74933c4739@group-597320EF17B3, cid=4269, SUCCESS, logIndex=6433, commits[18b22b39-7551-46dd-8464-dd74933c4739:c6434, 76d6a15c-8eeb-4764-b555-ce8767d18d57:c6430, c90dcfdf-5973-4b56-a955-1fc4555f10cb:c6430]
2019-09-19 11:27:15,085 [grpc-default-executor-6] INFO  client.GrpcClientProtocolClient (GrpcClientProtocolClient.java:onNext(264)) - client-D9B31DDCE961->18b22b39-7551-46dd-8464-dd74933c4739: receive RaftClientReply:client-D9B31DDCE961->18b22b39-7551-46dd-8464-dd74933c4739@group-597320EF17B3, cid=4270, SUCCESS, logIndex=6434, commits[18b22b39-7551-46dd-8464-dd74933c4739:c6434, 76d6a15c-8eeb-4764-b555-ce8767d18d57:c6430, c90dcfdf-5973-4b56-a955-1fc4555f10cb:c6430]
2019-09-19 11:27:15,100 [grpc-default-executor-6] INFO  client.GrpcClientProtocolClient (GrpcClientProtocolClient.java:onNext(264)) - client-D9B31DDCE961->18b22b39-7551-46dd-8464-dd74933c4739: receive RaftClientReply:client-D9B31DDCE961->18b22b39-7551-46dd-8464-dd74933c4739@group-597320EF17B3, cid=4271, SUCCESS, logIndex=0, commits[18b22b39-7551-46dd-8464-dd74933c4739:c6436, 76d6a15c-8eeb-4764-b555-ce8767d18d57:c6432, c90dcfdf-5973-4b56-a955-1fc4555f10cb:c6432]
2019-09-19 11:27:15,112 [grpc-default-executor-6] INFO  client.GrpcClientProtocolClient (GrpcClientProtocolClient.java:onNext(264)) - client-D9B31DDCE961->18b22b39-7551-46dd-8464-dd74933c4739: receive RaftClientReply:client-D9B31DDCE961->18b22b39-7551-46dd-8464-dd74933c4739@group-597320EF17B3, cid=4272, SUCCESS, logIndex=6439, commits[18b22b39-7551-46dd-8464-dd74933c4739:c6440, 76d6a15c-8eeb-4764-b555-ce8767d18d57:c6434, c90dcfdf-5973-4b56-a955-1fc4555f10cb:c6438]
2019-09-19 11:27:15,113 [grpc-default-executor-6] INFO  client.GrpcClientProtocolClient (GrpcClientProtocolClient.java:onNext(264)) - client-D9B31DDCE961->18b22b39-7551-46dd-8464-dd74933c4739: receive RaftClientReply:client-D9B31DDCE961->18b22b39-7551-46dd-8464-dd74933c4739@group-597320EF17B3, cid=4273, SUCCESS, logIndex=6440, commits[18b22b39-7551-46dd-8464-dd74933c4739:c6440, 76d6a15c-8eeb-4764-b555-ce8767d18d57:c6434, c90dcfdf-5973-4b56-a955-1fc4555f10cb:c6438]
2019-09-19 11:27:15,138 [grpc-default-executor-6] INFO  client.GrpcClientProtocolClient (GrpcClientProtocolClient.java:onNext(264)) - client-D9B31DDCE961->18b22b39-7551-46dd-8464-dd74933c4739: receive RaftClientReply:client-D9B31DDCE961->18b22b39-7551-46dd-8464-dd74933c4739@group-597320EF17B3, cid=4274, SUCCESS, logIndex=6443, commits[18b22b39-7551-46dd-8464-dd74933c4739:c6444, 76d6a15c-8eeb-4764-b555-ce8767d18d57:c6440, c90dcfdf-5973-4b56-a955-1fc4555f10cb:c6440]
2019-09-19 11:27:15,138 [grpc-default-executor-6] INFO  client.GrpcClientProtocolClient (GrpcClientProtocolClient.java:onNext(264)) - client-D9B31DDCE961->18b22b39-7551-46dd-8464-dd74933c4739: receive RaftClientReply:client-D9B31DDCE961->18b22b39-7551-46dd-8464-dd74933c4739@group-597320EF17B3, cid=4275, SUCCESS, logIndex=6444, commits[18b22b39-7551-46dd-8464-dd74933c4739:c6444, 76d6a15c-8eeb-4764-b555-ce8767d18d57:c6440, c90dcfdf-5973-4b56-a955-1fc4555f10cb:c6440]
2019-09-19 11:27:15,150 [grpc-default-executor-1] INFO  client.GrpcClientProtocolClient (GrpcClientProtocolClient.java:onNext(264)) - client-D9B31DDCE961->18b22b39-7551-46dd-8464-dd74933c4739: receive RaftClientReply:client-D9B31DDCE961->18b22b39-7551-46dd-8464-dd74933c4739@group-597320EF17B3, cid=4276, SUCCESS, logIndex=0, commits[18b22b39-7551-46dd-8464-dd74933c4739:c6445, 76d6a15c-8eeb-4764-b555-ce8767d18d57:c6444, c90dcfdf-5973-4b56-a955-1fc4555f10cb:c6444]
2019-09-19 11:27:15,180 [grpc-default-executor-7] INFO  client.GrpcClientProtocolClient (GrpcClientProtocolClient.java:onNext(264)) - client-D9B31DDCE961->18b22b39-7551-46dd-8464-dd74933c4739: receive RaftClientReply:client-D9B31DDCE961->18b22b39-7551-46dd-8464-dd74933c4739@group-597320EF17B3, cid=4277, SUCCESS, logIndex=6446, commits[18b22b39-7551-46dd-8464-dd74933c4739:c6447, 76d6a15c-8eeb-4764-b555-ce8767d18d57:c6445, c90dcfdf-5973-4b56-a955-1fc4555f10cb:c6445]
2019-09-19 11:27:15,181 [grpc-default-executor-7] INFO  client.GrpcClientProtocolClient (GrpcClientProtocolClient.java:onNext(264)) - client-D9B31DDCE961->18b22b39-7551-46dd-8464-dd74933c4739: receive RaftClientReply:client-D9B31DDCE961->18b22b39-7551-46dd-8464-dd74933c4739@group-597320EF17B3, cid=4278, SUCCESS, logIndex=6447, commits[18b22b39-7551-46dd-8464-dd74933c4739:c6447, 76d6a15c-8eeb-4764-b555-ce8767d18d57:c6445, c90dcfdf-5973-4b56-a955-1fc4555f10cb:c6445]
2019-09-19 11:27:15,193 [grpc-default-executor-6] INFO  client.GrpcClientProtocolClient (GrpcClientProtocolClient.java:onNext(264)) - client-D9B31DDCE961->18b22b39-7551-46dd-8464-dd74933c4739: receive RaftClientReply:client-D9B31DDCE961->18b22b39-7551-46dd-8464-dd74933c4739@group-597320EF17B3, cid=4279, SUCCESS, logIndex=6448, commits[18b22b39-7551-46dd-8464-dd74933c4739:c6449, 76d6a15c-8eeb-4764-b555-ce8767d18d57:c6445, c90dcfdf-5973-4b56-a955-1fc4555f10cb:c6445]
2019-09-19 11:27:15,194 [grpc-default-executor-6] INFO  client.GrpcClientProtocolClient (GrpcClientProtocolClient.java:onNext(264)) - client-D9B31DDCE961->18b22b39-7551-46dd-8464-dd74933c4739: receive RaftClientReply:client-D9B31DDCE961->18b22b39-7551-46dd-8464-dd74933c4739@group-597320EF17B3, cid=4280, SUCCESS, logIndex=6449, commits[18b22b39-7551-46dd-8464-dd74933c4739:c6449, 76d6a15c-8eeb-4764-b555-ce8767d18d57:c6445, c90dcfdf-5973-4b56-a955-1fc4555f10cb:c6445]
2019-09-19 11:27:15,203 [grpc-default-executor-6] INFO  client.GrpcClientProtocolClient (GrpcClientProtocolClient.java:onNext(264)) - client-D9B31DDCE961->18b22b39-7551-46dd-8464-dd74933c4739: receive RaftClientReply:client-D9B31DDCE961->18b22b39-7551-46dd-8464-dd74933c4739@group-597320EF17B3, cid=4281, SUCCESS, logIndex=0, commits[18b22b39-7551-46dd-8464-dd74933c4739:c6451, 76d6a15c-8eeb-4764-b555-ce8767d18d57:c6447, c90dcfdf-5973-4b56-a955-1fc4555f10cb:c6447]
2019-09-19 11:27:15,215 [grpc-default-executor-7] INFO  client.GrpcClientProtocolClient (GrpcClientProtocolClient.java:onNext(264)) - client-D9B31DDCE961->18b22b39-7551-46dd-8464-dd74933c4739: receive RaftClientReply:client-D9B31DDCE961->18b22b39-7551-46dd-8464-dd74933c4739@group-597320EF17B3, cid=4282, SUCCESS, logIndex=6454, commits[18b22b39-7551-46dd-8464-dd74933c4739:c6455, 76d6a15c-8eeb-4764-b555-ce8767d18d57:c6449, c90dcfdf-5973-4b56-a955-1fc4555f10cb:c6453]
2019-09-19 11:27:15,215 [grpc-default-executor-7] INFO  client.GrpcClientProtocolClient (GrpcClientProtocolClient.java:onNext(264)) - client-D9B31DDCE961->18b22b39-7551-46dd-8464-dd74933c4739: receive RaftClientReply:client-D9B31DDCE961->18b22b39-7551-46dd-8464-dd74933c4739@group-597320EF17B3, cid=4283, SUCCESS, logIndex=6455, commits[18b22b39-7551-46dd-8464-dd74933c4739:c6455, 76d6a15c-8eeb-4764-b555-ce8767d18d57:c6449, c90dcfdf-5973-4b56-a955-1fc4555f10cb:c6453]
2019-09-19 11:27:15,245 [grpc-default-executor-7] INFO  client.GrpcClientProtocolClient (GrpcClientProtocolClient.java:onNext(264)) - client-D9B31DDCE961->18b22b39-7551-46dd-8464-dd74933c4739: receive RaftClientReply:client-D9B31DDCE961->18b22b39-7551-46dd-8464-dd74933c4739@group-597320EF17B3, cid=4284, SUCCESS, logIndex=6458, commits[18b22b39-7551-46dd-8464-dd74933c4739:c6459, 76d6a15c-8eeb-4764-b555-ce8767d18d57:c6457, c90dcfdf-5973-4b56-a955-1fc4555f10cb:c6457]
2019-09-19 11:27:15,246 [grpc-default-executor-7] INFO  client.GrpcClientProtocolClient (GrpcClientProtocolClient.java:onNext(264)) - client-D9B31DDCE961->18b22b39-7551-46dd-8464-dd74933c4739: receive RaftClientReply:client-D9B31DDCE961->18b22b39-7551-46dd-8464-dd74933c4739@group-597320EF17B3, cid=4285, SUCCESS, logIndex=6459, commits[18b22b39-7551-46dd-8464-dd74933c4739:c6459, 76d6a15c-8eeb-4764-b555-ce8767d18d57:c6457, c90dcfdf-5973-4b56-a955-1fc4555f10cb:c6457]
2019-09-19 11:27:15,258 [grpc-default-executor-6] INFO  client.GrpcClientProtocolClient (GrpcClientProtocolClient.java:onNext(264)) - client-D9B31DDCE961->18b22b39-7551-46dd-8464-dd74933c4739: receive RaftClientReply:client-D9B31DDCE961->18b22b39-7551-46dd-8464-dd74933c4739@group-597320EF17B3, cid=4286, SUCCESS, logIndex=0, commits[18b22b39-7551-46dd-8464-dd74933c4739:c6459, 76d6a15c-8eeb-4764-b555-ce8767d18d57:c6459, c90dcfdf-5973-4b56-a955-1fc4555f10cb:c6459]
2019-09-19 11:27:15,288 [grpc-default-executor-1] INFO  client.GrpcClientProtocolClient (GrpcClientProtocolClient.java:onNext(264)) - client-D9B31DDCE961->18b22b39-7551-46dd-8464-dd74933c4739: receive RaftClientReply:client-D9B31DDCE961->18b22b39-7551-46dd-8464-dd74933c4739@group-597320EF17B3, cid=4287, SUCCESS, logIndex=6462, commits[18b22b39-7551-46dd-8464-dd74933c4739:c6463, 76d6a15c-8eeb-4764-b555-ce8767d18d57:c6461, c90dcfdf-5973-4b56-a955-1fc4555f10cb:c6461]
2019-09-19 11:27:15,288 [grpc-default-executor-1] INFO  client.GrpcClientProtocolClient (GrpcClientProtocolClient.java:onNext(264)) - client-D9B31DDCE961->18b22b39-7551-46dd-8464-dd74933c4739: receive RaftClientReply:client-D9B31DDCE961->18b22b39-7551-46dd-8464-dd74933c4739@group-597320EF17B3, cid=4288, SUCCESS, logIndex=6463, commits[18b22b39-7551-46dd-8464-dd74933c4739:c6463, 76d6a15c-8eeb-4764-b555-ce8767d18d57:c6461, c90dcfdf-5973-4b56-a955-1fc4555f10cb:c6461]
2019-09-19 11:27:15,301 [grpc-default-executor-1] INFO  client.GrpcClientProtocolClient (GrpcClientProtocolClient.java:onNext(264)) - client-D9B31DDCE961->18b22b39-7551-46dd-8464-dd74933c4739: receive RaftClientReply:client-D9B31DDCE961->18b22b39-7551-46dd-8464-dd74933c4739@group-597320EF17B3, cid=4289, SUCCESS, logIndex=6464, commits[18b22b39-7551-46dd-8464-dd74933c4739:c6464, 76d6a15c-8eeb-4764-b555-ce8767d18d57:c6461, c90dcfdf-5973-4b56-a955-1fc4555f10cb:c6461]
2019-09-19 11:27:15,301 [grpc-default-executor-1] INFO  client.GrpcClientProtocolClient (GrpcClientProtocolClient.java:onNext(264)) - client-D9B31DDCE961->18b22b39-7551-46dd-8464-dd74933c4739: receive RaftClientReply:client-D9B31DDCE961->18b22b39-7551-46dd-8464-dd74933c4739@group-597320EF17B3, cid=4290, SUCCESS, logIndex=6465, commits[18b22b39-7551-46dd-8464-dd74933c4739:c6465, 76d6a15c-8eeb-4764-b555-ce8767d18d57:c6461, c90dcfdf-5973-4b56-a955-1fc4555f10cb:c6461]
2019-09-19 11:27:15,314 [grpc-default-executor-1] INFO  client.GrpcClientProtocolClient (GrpcClientProtocolClient.java:onNext(264)) - client-D9B31DDCE961->18b22b39-7551-46dd-8464-dd74933c4739: receive RaftClientReply:client-D9B31DDCE961->18b22b39-7551-46dd-8464-dd74933c4739@group-597320EF17B3, cid=4291, SUCCESS, logIndex=0, commits[18b22b39-7551-46dd-8464-dd74933c4739:c6467, 76d6a15c-8eeb-4764-b555-ce8767d18d57:c6463, c90dcfdf-5973-4b56-a955-1fc4555f10cb:c6463]
2019-09-19 11:27:15,340 [grpc-default-executor-5] INFO  client.GrpcClientProtocolClient (GrpcClientProtocolClient.java:onNext(264)) - client-D9B31DDCE961->18b22b39-7551-46dd-8464-dd74933c4739: receive RaftClientReply:client-D9B31DDCE961->18b22b39-7551-46dd-8464-dd74933c4739@group-597320EF17B3, cid=4292, SUCCESS, logIndex=6470, commits[18b22b39-7551-46dd-8464-dd74933c4739:c6471, 76d6a15c-8eeb-4764-b555-ce8767d18d57:c6467, c90dcfdf-5973-4b56-a955-1fc4555f10cb:c6467]
2019-09-19 11:27:15,340 [grpc-default-executor-5] INFO  client.GrpcClientProtocolClient (GrpcClientProtocolClient.java:onNext(264)) - client-D9B31DDCE961->18b22b39-7551-46dd-8464-dd74933c4739: receive RaftClientReply:client-D9B31DDCE961->18b22b39-7551-46dd-8464-dd74933c4739@group-597320EF17B3, cid=4293, SUCCESS, logIndex=6471, commits[18b22b39-7551-46dd-8464-dd74933c4739:c6471, 76d6a15c-8eeb-4764-b555-ce8767d18d57:c6467, c90dcfdf-5973-4b56-a955-1fc4555f10cb:c6467]
2019-09-19 11:27:15,363 [grpc-default-executor-1] INFO  client.GrpcClientProtocolClient (GrpcClientProtocolClient.java:onNext(264)) - client-D9B31DDCE961->18b22b39-7551-46dd-8464-dd74933c4739: receive RaftClientReply:client-D9B31DDCE961->18b22b39-7551-46dd-8464-dd74933c4739@group-597320EF17B3, cid=4294, SUCCESS, logIndex=6474, commits[18b22b39-7551-46dd-8464-dd74933c4739:c6475, 76d6a15c-8eeb-4764-b555-ce8767d18d57:c6471, c90dcfdf-5973-4b56-a955-1fc4555f10cb:c6471]
2019-09-19 11:27:15,363 [grpc-default-executor-1] INFO  client.GrpcClientProtocolClient (GrpcClientProtocolClient.java:onNext(264)) - client-D9B31DDCE961->18b22b39-7551-46dd-8464-dd74933c4739: receive RaftClientReply:client-D9B31DDCE961->18b22b39-7551-46dd-8464-dd74933c4739@group-597320EF17B3, cid=4295, SUCCESS, logIndex=6475, commits[18b22b39-7551-46dd-8464-dd74933c4739:c6475, 76d6a15c-8eeb-4764-b555-ce8767d18d57:c6471, c90dcfdf-5973-4b56-a955-1fc4555f10cb:c6471]
2019-09-19 11:27:15,376 [grpc-default-executor-1] INFO  client.GrpcClientProtocolClient (GrpcClientProtocolClient.java:onNext(264)) - client-D9B31DDCE961->18b22b39-7551-46dd-8464-dd74933c4739: receive RaftClientReply:client-D9B31DDCE961->18b22b39-7551-46dd-8464-dd74933c4739@group-597320EF17B3, cid=4296, SUCCESS, logIndex=0, commits[18b22b39-7551-46dd-8464-dd74933c4739:c6476, 76d6a15c-8eeb-4764-b555-ce8767d18d57:c6475, c90dcfdf-5973-4b56-a955-1fc4555f10cb:c6475]
2019-09-19 11:27:15,508 [grpc-default-executor-5] INFO  client.GrpcClientProtocolClient (GrpcClientProtocolClient.java:onNext(264)) - client-D9B31DDCE961->18b22b39-7551-46dd-8464-dd74933c4739: receive RaftClientReply:client-D9B31DDCE961->18b22b39-7551-46dd-8464-dd74933c4739@group-597320EF17B3, cid=4297, SUCCESS, logIndex=6478, commits[18b22b39-7551-46dd-8464-dd74933c4739:c6479, 76d6a15c-8eeb-4764-b555-ce8767d18d57:c6475, c90dcfdf-5973-4b56-a955-1fc4555f10cb:c6477]
2019-09-19 11:27:15,508 [grpc-default-executor-5] INFO  client.GrpcClientProtocolClient (GrpcClientProtocolClient.java:onNext(264)) - client-D9B31DDCE961->18b22b39-7551-46dd-8464-dd74933c4739: receive RaftClientReply:client-D9B31DDCE961->18b22b39-7551-46dd-8464-dd74933c4739@group-597320EF17B3, cid=4298, SUCCESS, logIndex=6479, commits[18b22b39-7551-46dd-8464-dd74933c4739:c6479, 76d6a15c-8eeb-4764-b555-ce8767d18d57:c6475, c90dcfdf-5973-4b56-a955-1fc4555f10cb:c6477]
2019-09-19 11:27:15,509 [grpc-default-executor-5] INFO  client.GrpcClientProtocolClient (GrpcClientProtocolClient.java:onNext(264)) - client-D9B31DDCE961->18b22b39-7551-46dd-8464-dd74933c4739: receive RaftClientReply:client-D9B31DDCE961->18b22b39-7551-46dd-8464-dd74933c4739@group-597320EF17B3, cid=4299, SUCCESS, logIndex=6480, commits[18b22b39-7551-46dd-8464-dd74933c4739:c6481, 76d6a15c-8eeb-4764-b555-ce8767d18d57:c6475, c90dcfdf-5973-4b56-a955-1fc4555f10cb:c6477]
2019-09-19 11:27:15,509 [grpc-default-executor-5] INFO  client.GrpcClientProtocolClient (GrpcClientProtocolClient.java:onNext(264)) - client-D9B31DDCE961->18b22b39-7551-46dd-8464-dd74933c4739: receive RaftClientReply:client-D9B31DDCE961->18b22b39-7551-46dd-8464-dd74933c4739@group-597320EF17B3, cid=4300, SUCCESS, logIndex=6481, commits[18b22b39-7551-46dd-8464-dd74933c4739:c6481, 76d6a15c-8eeb-4764-b555-ce8767d18d57:c6477, c90dcfdf-5973-4b56-a955-1fc4555f10cb:c6477]
2019-09-19 11:27:15,532 [grpc-default-executor-5] INFO  client.GrpcClientProtocolClient (GrpcClientProtocolClient.java:onNext(264)) - client-D9B31DDCE961->18b22b39-7551-46dd-8464-dd74933c4739: receive RaftClientReply:client-D9B31DDCE961->18b22b39-7551-46dd-8464-dd74933c4739@group-597320EF17B3, cid=4301, SUCCESS, logIndex=0, commits[18b22b39-7551-46dd-8464-dd74933c4739:c6483, 76d6a15c-8eeb-4764-b555-ce8767d18d57:c6479, c90dcfdf-5973-4b56-a955-1fc4555f10cb:c6479]
2019-09-19 11:27:15,546 [grpc-default-executor-1] INFO  client.GrpcClientProtocolClient (GrpcClientProtocolClient.java:onNext(264)) - client-D9B31DDCE961->18b22b39-7551-46dd-8464-dd74933c4739: receive RaftClientReply:client-D9B31DDCE961->18b22b39-7551-46dd-8464-dd74933c4739@group-597320EF17B3, cid=4302, SUCCESS, logIndex=6486, commits[18b22b39-7551-46dd-8464-dd74933c4739:c6487, 76d6a15c-8eeb-4764-b555-ce8767d18d57:c6481, c90dcfdf-5973-4b56-a955-1fc4555f10cb:c6485]
2019-09-19 11:27:15,546 [grpc-default-executor-1] INFO  client.GrpcClientProtocolClient (GrpcClientProtocolClient.java:onNext(264)) - client-D9B31DDCE961->18b22b39-7551-46dd-8464-dd74933c4739: receive RaftClientReply:client-D9B31DDCE961->18b22b39-7551-46dd-8464-dd74933c4739@group-597320EF17B3, cid=4303, SUCCESS, logIndex=6487, commits[18b22b39-7551-46dd-8464-dd74933c4739:c6487, 76d6a15c-8eeb-4764-b555-ce8767d18d57:c6485, c90dcfdf-5973-4b56-a955-1fc4555f10cb:c6485]
 0.00% |█                                                                                                    |  0/1 Time: 0:01:192019-09-19 11:27:15,564 [grpc-default-executor-1] INFO  client.GrpcClientProtocolClient (GrpcClientProtocolClient.java:onNext(264)) - client-D9B31DDCE961->18b22b39-7551-46dd-8464-dd74933c4739: receive RaftClientReply:client-D9B31DDCE961->18b22b39-7551-46dd-8464-dd74933c4739@group-597320EF17B3, cid=4304, SUCCESS, logIndex=6489, commits[18b22b39-7551-46dd-8464-dd74933c4739:c6490, 76d6a15c-8eeb-4764-b555-ce8767d18d57:c6488, c90dcfdf-5973-4b56-a955-1fc4555f10cb:c6488]
2019-09-19 11:27:15,565 [grpc-default-executor-1] INFO  client.GrpcClientProtocolClient (GrpcClientProtocolClient.java:onNext(264)) - client-D9B31DDCE961->18b22b39-7551-46dd-8464-dd74933c4739: receive RaftClientReply:client-D9B31DDCE961->18b22b39-7551-46dd-8464-dd74933c4739@group-597320EF17B3, cid=4305, SUCCESS, logIndex=6490, commits[18b22b39-7551-46dd-8464-dd74933c4739:c6490, 76d6a15c-8eeb-4764-b555-ce8767d18d57:c6488, c90dcfdf-5973-4b56-a955-1fc4555f10cb:c6488]
2019-09-19 11:27:15,577 [grpc-default-executor-5] INFO  client.GrpcClientProtocolClient (GrpcClientProtocolClient.java:onNext(264)) - client-D9B31DDCE961->18b22b39-7551-46dd-8464-dd74933c4739: receive RaftClientReply:client-D9B31DDCE961->18b22b39-7551-46dd-8464-dd74933c4739@group-597320EF17B3, cid=4306, SUCCESS, logIndex=0, commits[18b22b39-7551-46dd-8464-dd74933c4739:c6491, 76d6a15c-8eeb-4764-b555-ce8767d18d57:c6490, c90dcfdf-5973-4b56-a955-1fc4555f10cb:c6490]
2019-09-19 11:27:15,607 [grpc-default-executor-6] INFO  client.GrpcClientProtocolClient (GrpcClientProtocolClient.java:onNext(264)) - client-D9B31DDCE961->18b22b39-7551-46dd-8464-dd74933c4739: receive RaftClientReply:client-D9B31DDCE961->18b22b39-7551-46dd-8464-dd74933c4739@group-597320EF17B3, cid=4307, SUCCESS, logIndex=6493, commits[18b22b39-7551-46dd-8464-dd74933c4739:c6494, 76d6a15c-8eeb-4764-b555-ce8767d18d57:c6492, c90dcfdf-5973-4b56-a955-1fc4555f10cb:c6492]
2019-09-19 11:27:15,607 [grpc-default-executor-6] INFO  client.GrpcClientProtocolClient (GrpcClientProtocolClient.java:onNext(264)) - client-D9B31DDCE961->18b22b39-7551-46dd-8464-dd74933c4739: receive RaftClientReply:client-D9B31DDCE961->18b22b39-7551-46dd-8464-dd74933c4739@group-597320EF17B3, cid=4308, SUCCESS, logIndex=6494, commits[18b22b39-7551-46dd-8464-dd74933c4739:c6494, 76d6a15c-8eeb-4764-b555-ce8767d18d57:c6492, c90dcfdf-5973-4b56-a955-1fc4555f10cb:c6492]
2019-09-19 11:27:15,620 [grpc-default-executor-1] INFO  client.GrpcClientProtocolClient (GrpcClientProtocolClient.java:onNext(264)) - client-D9B31DDCE961->18b22b39-7551-46dd-8464-dd74933c4739: receive RaftClientReply:client-D9B31DDCE961->18b22b39-7551-46dd-8464-dd74933c4739@group-597320EF17B3, cid=4309, SUCCESS, logIndex=6495, commits[18b22b39-7551-46dd-8464-dd74933c4739:c6496, 76d6a15c-8eeb-4764-b555-ce8767d18d57:c6492, c90dcfdf-5973-4b56-a955-1fc4555f10cb:c6492]
2019-09-19 11:27:15,620 [grpc-default-executor-1] INFO  client.GrpcClientProtocolClient (GrpcClientProtocolClient.java:onNext(264)) - client-D9B31DDCE961->18b22b39-7551-46dd-8464-dd74933c4739: receive RaftClientReply:client-D9B31DDCE961->18b22b39-7551-46dd-8464-dd74933c4739@group-597320EF17B3, cid=4310, SUCCESS, logIndex=6496, commits[18b22b39-7551-46dd-8464-dd74933c4739:c6496, 76d6a15c-8eeb-4764-b555-ce8767d18d57:c6492, c90dcfdf-5973-4b56-a955-1fc4555f10cb:c6492]
2019-09-19 11:27:15,633 [grpc-default-executor-1] INFO  client.GrpcClientProtocolClient (GrpcClientProtocolClient.java:onNext(264)) - client-D9B31DDCE961->18b22b39-7551-46dd-8464-dd74933c4739: receive RaftClientReply:client-D9B31DDCE961->18b22b39-7551-46dd-8464-dd74933c4739@group-597320EF17B3, cid=4311, SUCCESS, logIndex=0, commits[18b22b39-7551-46dd-8464-dd74933c4739:c6497, 76d6a15c-8eeb-4764-b555-ce8767d18d57:c6494, c90dcfdf-5973-4b56-a955-1fc4555f10cb:c6494]
2019-09-19 11:27:15,659 [grpc-default-executor-5] INFO  client.GrpcClientProtocolClient (GrpcClientProtocolClient.java:onNext(264)) - client-D9B31DDCE961->18b22b39-7551-46dd-8464-dd74933c4739: receive RaftClientReply:client-D9B31DDCE961->18b22b39-7551-46dd-8464-dd74933c4739@group-597320EF17B3, cid=4312, SUCCESS, logIndex=6501, commits[18b22b39-7551-46dd-8464-dd74933c4739:c6502, 76d6a15c-8eeb-4764-b555-ce8767d18d57:c6498, c90dcfdf-5973-4b56-a955-1fc4555f10cb:c6498]
2019-09-19 11:27:15,659 [grpc-default-executor-5] INFO  client.GrpcClientProtocolClient (GrpcClientProtocolClient.java:onNext(264)) - client-D9B31DDCE961->18b22b39-7551-46dd-8464-dd74933c4739: receive RaftClientReply:client-D9B31DDCE961->18b22b39-7551-46dd-8464-dd74933c4739@group-597320EF17B3, cid=4313, SUCCESS, logIndex=6502, commits[18b22b39-7551-46dd-8464-dd74933c4739:c6502, 76d6a15c-8eeb-4764-b555-ce8767d18d57:c6498, c90dcfdf-5973-4b56-a955-1fc4555f10cb:c6498]
2019-09-19 11:27:15,682 [grpc-default-executor-6] INFO  client.GrpcClientProtocolClient (GrpcClientProtocolClient.java:onNext(264)) - client-D9B31DDCE961->18b22b39-7551-46dd-8464-dd74933c4739: receive RaftClientReply:client-D9B31DDCE961->18b22b39-7551-46dd-8464-dd74933c4739@group-597320EF17B3, cid=4314, SUCCESS, logIndex=6505, commits[18b22b39-7551-46dd-8464-dd74933c4739:c6506, 76d6a15c-8eeb-4764-b555-ce8767d18d57:c6502, c90dcfdf-5973-4b56-a955-1fc4555f10cb:c6502]
2019-09-19 11:27:15,683 [grpc-default-executor-6] INFO  client.GrpcClientProtocolClient (GrpcClientProtocolClient.java:onNext(264)) - client-D9B31DDCE961->18b22b39-7551-46dd-8464-dd74933c4739: receive RaftClientReply:client-D9B31DDCE961->18b22b39-7551-46dd-8464-dd74933c4739@group-597320EF17B3, cid=4315, SUCCESS, logIndex=6506, commits[18b22b39-7551-46dd-8464-dd74933c4739:c6506, 76d6a15c-8eeb-4764-b555-ce8767d18d57:c6502, c90dcfdf-5973-4b56-a955-1fc4555f10cb:c6502]
2019-09-19 11:27:15,688 [grpc-default-executor-1] INFO  client.GrpcClientProtocolClient (GrpcClientProtocolClient.java:onNext(264)) - client-D9B31DDCE961->18b22b39-7551-46dd-8464-dd74933c4739: receive RaftClientReply:client-D9B31DDCE961->18b22b39-7551-46dd-8464-dd74933c4739@group-597320EF17B3, cid=4316, SUCCESS, logIndex=0, commits[18b22b39-7551-46dd-8464-dd74933c4739:c6507, 76d6a15c-8eeb-4764-b555-ce8767d18d57:c6506, c90dcfdf-5973-4b56-a955-1fc4555f10cb:c6506]
2019-09-19 11:27:15,712 [grpc-default-executor-6] INFO  client.GrpcClientProtocolClient (GrpcClientProtocolClient.java:onNext(264)) - client-D9B31DDCE961->18b22b39-7551-46dd-8464-dd74933c4739: receive RaftClientReply:client-D9B31DDCE961->18b22b39-7551-46dd-8464-dd74933c4739@group-597320EF17B3, cid=4317, SUCCESS, logIndex=6509, commits[18b22b39-7551-46dd-8464-dd74933c4739:c6510, 76d6a15c-8eeb-4764-b555-ce8767d18d57:c6506, c90dcfdf-5973-4b56-a955-1fc4555f10cb:c6508]
2019-09-19 11:27:15,713 [grpc-default-executor-6] INFO  client.GrpcClientProtocolClient (GrpcClientProtocolClient.java:onNext(264)) - client-D9B31DDCE961->18b22b39-7551-46dd-8464-dd74933c4739: receive RaftClientReply:client-D9B31DDCE961->18b22b39-7551-46dd-8464-dd74933c4739@group-597320EF17B3, cid=4318, SUCCESS, logIndex=6510, commits[18b22b39-7551-46dd-8464-dd74933c4739:c6510, 76d6a15c-8eeb-4764-b555-ce8767d18d57:c6506, c90dcfdf-5973-4b56-a955-1fc4555f10cb:c6508]
2019-09-19 11:27:15,718 [grpc-default-executor-6] INFO  client.GrpcClientProtocolClient (GrpcClientProtocolClient.java:onNext(264)) - client-D9B31DDCE961->18b22b39-7551-46dd-8464-dd74933c4739: receive RaftClientReply:client-D9B31DDCE961->18b22b39-7551-46dd-8464-dd74933c4739@group-597320EF17B3, cid=4319, SUCCESS, logIndex=6511, commits[18b22b39-7551-46dd-8464-dd74933c4739:c6512, 76d6a15c-8eeb-4764-b555-ce8767d18d57:c6508, c90dcfdf-5973-4b56-a955-1fc4555f10cb:c6508]
2019-09-19 11:27:15,718 [grpc-default-executor-6] INFO  client.GrpcClientProtocolClient (GrpcClientProtocolClient.java:onNext(264)) - client-D9B31DDCE961->18b22b39-7551-46dd-8464-dd74933c4739: receive RaftClientReply:client-D9B31DDCE961->18b22b39-7551-46dd-8464-dd74933c4739@group-597320EF17B3, cid=4320, SUCCESS, logIndex=6512, commits[18b22b39-7551-46dd-8464-dd74933c4739:c6512, 76d6a15c-8eeb-4764-b555-ce8767d18d57:c6508, c90dcfdf-5973-4b56-a955-1fc4555f10cb:c6510]
2019-09-19 11:27:15,723 [grpc-default-executor-5] INFO  client.GrpcClientProtocolClient (GrpcClientProtocolClient.java:onNext(264)) - client-D9B31DDCE961->18b22b39-7551-46dd-8464-dd74933c4739: receive RaftClientReply:client-D9B31DDCE961->18b22b39-7551-46dd-8464-dd74933c4739@group-597320EF17B3, cid=4321, SUCCESS, logIndex=0, commits[18b22b39-7551-46dd-8464-dd74933c4739:c6515, 76d6a15c-8eeb-4764-b555-ce8767d18d57:c6510, c90dcfdf-5973-4b56-a955-1fc4555f10cb:c6511]
2019-09-19 11:27:15,734 [grpc-default-executor-5] INFO  client.GrpcClientProtocolClient (GrpcClientProtocolClient.java:onNext(264)) - client-D9B31DDCE961->18b22b39-7551-46dd-8464-dd74933c4739: receive RaftClientReply:client-D9B31DDCE961->18b22b39-7551-46dd-8464-dd74933c4739@group-597320EF17B3, cid=4322, SUCCESS, logIndex=6517, commits[18b22b39-7551-46dd-8464-dd74933c4739:c6518, 76d6a15c-8eeb-4764-b555-ce8767d18d57:c6516, c90dcfdf-5973-4b56-a955-1fc4555f10cb:c6512]
2019-09-19 11:27:15,734 [grpc-default-executor-5] INFO  client.GrpcClientProtocolClient (GrpcClientProtocolClient.java:onNext(264)) - client-D9B31DDCE961->18b22b39-7551-46dd-8464-dd74933c4739: receive RaftClientReply:client-D9B31DDCE961->18b22b39-7551-46dd-8464-dd74933c4739@group-597320EF17B3, cid=4323, SUCCESS, logIndex=6518, commits[18b22b39-7551-46dd-8464-dd74933c4739:c6518, 76d6a15c-8eeb-4764-b555-ce8767d18d57:c6516, c90dcfdf-5973-4b56-a955-1fc4555f10cb:c6516]
2019-09-19 11:27:15,745 [grpc-default-executor-1] INFO  client.GrpcClientProtocolClient (GrpcClientProtocolClient.java:onNext(264)) - client-D9B31DDCE961->18b22b39-7551-46dd-8464-dd74933c4739: receive RaftClientReply:client-D9B31DDCE961->18b22b39-7551-46dd-8464-dd74933c4739@group-597320EF17B3, cid=4324, SUCCESS, logIndex=6521, commits[18b22b39-7551-46dd-8464-dd74933c4739:c6522, 76d6a15c-8eeb-4764-b555-ce8767d18d57:c6519, c90dcfdf-5973-4b56-a955-1fc4555f10cb:c6518]
2019-09-19 11:27:15,745 [grpc-default-executor-1] INFO  client.GrpcClientProtocolClient (GrpcClientProtocolClient.java:onNext(264)) - client-D9B31DDCE961->18b22b39-7551-46dd-8464-dd74933c4739: receive RaftClientReply:client-D9B31DDCE961->18b22b39-7551-46dd-8464-dd74933c4739@group-597320EF17B3, cid=4325, SUCCESS, logIndex=6522, commits[18b22b39-7551-46dd-8464-dd74933c4739:c6522, 76d6a15c-8eeb-4764-b555-ce8767d18d57:c6519, c90dcfdf-5973-4b56-a955-1fc4555f10cb:c6519]
2019-09-19 11:27:15,748 [grpc-default-executor-1] INFO  client.GrpcClientProtocolClient (GrpcClientProtocolClient.java:onNext(264)) - client-D9B31DDCE961->18b22b39-7551-46dd-8464-dd74933c4739: receive RaftClientReply:client-D9B31DDCE961->18b22b39-7551-46dd-8464-dd74933c4739@group-597320EF17B3, cid=4326, SUCCESS, logIndex=0, commits[18b22b39-7551-46dd-8464-dd74933c4739:c6523, 76d6a15c-8eeb-4764-b555-ce8767d18d57:c6522, c90dcfdf-5973-4b56-a955-1fc4555f10cb:c6522]
2019-09-19 11:27:15,769 [grpc-default-executor-1] INFO  client.GrpcClientProtocolClient (GrpcClientProtocolClient.java:onNext(264)) - client-D9B31DDCE961->18b22b39-7551-46dd-8464-dd74933c4739: receive RaftClientReply:client-D9B31DDCE961->18b22b39-7551-46dd-8464-dd74933c4739@group-597320EF17B3, cid=4327, SUCCESS, logIndex=6525, commits[18b22b39-7551-46dd-8464-dd74933c4739:c6526, 76d6a15c-8eeb-4764-b555-ce8767d18d57:c6524, c90dcfdf-5973-4b56-a955-1fc4555f10cb:c6522]
2019-09-19 11:27:15,769 [grpc-default-executor-1] INFO  client.GrpcClientProtocolClient (GrpcClientProtocolClient.java:onNext(264)) - client-D9B31DDCE961->18b22b39-7551-46dd-8464-dd74933c4739: receive RaftClientReply:client-D9B31DDCE961->18b22b39-7551-46dd-8464-dd74933c4739@group-597320EF17B3, cid=4328, SUCCESS, logIndex=6526, commits[18b22b39-7551-46dd-8464-dd74933c4739:c6526, 76d6a15c-8eeb-4764-b555-ce8767d18d57:c6524, c90dcfdf-5973-4b56-a955-1fc4555f10cb:c6522]
2019-09-19 11:27:15,773 [grpc-default-executor-6] INFO  client.GrpcClientProtocolClient (GrpcClientProtocolClient.java:onNext(264)) - client-D9B31DDCE961->18b22b39-7551-46dd-8464-dd74933c4739: receive RaftClientReply:client-D9B31DDCE961->18b22b39-7551-46dd-8464-dd74933c4739@group-597320EF17B3, cid=4329, SUCCESS, logIndex=6527, commits[18b22b39-7551-46dd-8464-dd74933c4739:c6528, 76d6a15c-8eeb-4764-b555-ce8767d18d57:c6526, c90dcfdf-5973-4b56-a955-1fc4555f10cb:c6524]
2019-09-19 11:27:15,773 [grpc-default-executor-6] INFO  client.GrpcClientProtocolClient (GrpcClientProtocolClient.java:onNext(264)) - client-D9B31DDCE961->18b22b39-7551-46dd-8464-dd74933c4739: receive RaftClientReply:client-D9B31DDCE961->18b22b39-7551-46dd-8464-dd74933c4739@group-597320EF17B3, cid=4330, SUCCESS, logIndex=6528, commits[18b22b39-7551-46dd-8464-dd74933c4739:c6528, 76d6a15c-8eeb-4764-b555-ce8767d18d57:c6526, c90dcfdf-5973-4b56-a955-1fc4555f10cb:c6524]
2019-09-19 11:27:15,775 [grpc-default-executor-6] INFO  client.GrpcClientProtocolClient (GrpcClientProtocolClient.java:onNext(264)) - client-D9B31DDCE961->18b22b39-7551-46dd-8464-dd74933c4739: receive RaftClientReply:client-D9B31DDCE961->18b22b39-7551-46dd-8464-dd74933c4739@group-597320EF17B3, cid=4331, SUCCESS, logIndex=0, commits[18b22b39-7551-46dd-8464-dd74933c4739:c6530, 76d6a15c-8eeb-4764-b555-ce8767d18d57:c6526, c90dcfdf-5973-4b56-a955-1fc4555f10cb:c6526]
2019-09-19 11:27:15,802 [grpc-default-executor-6] INFO  client.GrpcClientProtocolClient (GrpcClientProtocolClient.java:onNext(264)) - client-D9B31DDCE961->18b22b39-7551-46dd-8464-dd74933c4739: receive RaftClientReply:client-D9B31DDCE961->18b22b39-7551-46dd-8464-dd74933c4739@group-597320EF17B3, cid=4332, SUCCESS, logIndex=6532, commits[18b22b39-7551-46dd-8464-dd74933c4739:c6533, 76d6a15c-8eeb-4764-b555-ce8767d18d57:c6531, c90dcfdf-5973-4b56-a955-1fc4555f10cb:c6531]
2019-09-19 11:27:15,803 [grpc-default-executor-6] INFO  client.GrpcClientProtocolClient (GrpcClientProtocolClient.java:onNext(264)) - client-D9B31DDCE961->18b22b39-7551-46dd-8464-dd74933c4739: receive RaftClientReply:client-D9B31DDCE961->18b22b39-7551-46dd-8464-dd74933c4739@group-597320EF17B3, cid=4333, SUCCESS, logIndex=6533, commits[18b22b39-7551-46dd-8464-dd74933c4739:c6533, 76d6a15c-8eeb-4764-b555-ce8767d18d57:c6531, c90dcfdf-5973-4b56-a955-1fc4555f10cb:c6531]
2019-09-19 11:27:15,817 [grpc-default-executor-1] INFO  client.GrpcClientProtocolClient (GrpcClientProtocolClient.java:onNext(264)) - client-D9B31DDCE961->18b22b39-7551-46dd-8464-dd74933c4739: receive RaftClientReply:client-D9B31DDCE961->18b22b39-7551-46dd-8464-dd74933c4739@group-597320EF17B3, cid=4334, SUCCESS, logIndex=6536, commits[18b22b39-7551-46dd-8464-dd74933c4739:c6537, 76d6a15c-8eeb-4764-b555-ce8767d18d57:c6533, c90dcfdf-5973-4b56-a955-1fc4555f10cb:c6533]
2019-09-19 11:27:15,817 [grpc-default-executor-1] INFO  client.GrpcClientProtocolClient (GrpcClientProtocolClient.java:onNext(264)) - client-D9B31DDCE961->18b22b39-7551-46dd-8464-dd74933c4739: receive RaftClientReply:client-D9B31DDCE961->18b22b39-7551-46dd-8464-dd74933c4739@group-597320EF17B3, cid=4335, SUCCESS, logIndex=6537, commits[18b22b39-7551-46dd-8464-dd74933c4739:c6537, 76d6a15c-8eeb-4764-b555-ce8767d18d57:c6533, c90dcfdf-5973-4b56-a955-1fc4555f10cb:c6533]
2019-09-19 11:27:15,836 [grpc-default-executor-1] INFO  client.GrpcClientProtocolClient (GrpcClientProtocolClient.java:onNext(264)) - client-D9B31DDCE961->18b22b39-7551-46dd-8464-dd74933c4739: receive RaftClientReply:client-D9B31DDCE961->18b22b39-7551-46dd-8464-dd74933c4739@group-597320EF17B3, cid=4336, SUCCESS, logIndex=0, commits[18b22b39-7551-46dd-8464-dd74933c4739:c6539, 76d6a15c-8eeb-4764-b555-ce8767d18d57:c6537, c90dcfdf-5973-4b56-a955-1fc4555f10cb:c6537]
2019-09-19 11:27:15,866 [grpc-default-executor-5] INFO  client.GrpcClientProtocolClient (GrpcClientProtocolClient.java:onNext(264)) - client-D9B31DDCE961->18b22b39-7551-46dd-8464-dd74933c4739: receive RaftClientReply:client-D9B31DDCE961->18b22b39-7551-46dd-8464-dd74933c4739@group-597320EF17B3, cid=4337, SUCCESS, logIndex=6540, commits[18b22b39-7551-46dd-8464-dd74933c4739:c6541, 76d6a15c-8eeb-4764-b555-ce8767d18d57:c6539, c90dcfdf-5973-4b56-a955-1fc4555f10cb:c6539]
2019-09-19 11:27:15,867 [grpc-default-executor-5] INFO  client.GrpcClientProtocolClient (GrpcClientProtocolClient.java:onNext(264)) - client-D9B31DDCE961->18b22b39-7551-46dd-8464-dd74933c4739: receive RaftClientReply:client-D9B31DDCE961->18b22b39-7551-46dd-8464-dd74933c4739@group-597320EF17B3, cid=4338, SUCCESS, logIndex=6541, commits[18b22b39-7551-46dd-8464-dd74933c4739:c6541, 76d6a15c-8eeb-4764-b555-ce8767d18d57:c6539, c90dcfdf-5973-4b56-a955-1fc4555f10cb:c6539]
2019-09-19 11:27:15,869 [grpc-default-executor-6] INFO  client.GrpcClientProtocolClient (GrpcClientProtocolClient.java:onNext(264)) - client-D9B31DDCE961->18b22b39-7551-46dd-8464-dd74933c4739: receive RaftClientReply:client-D9B31DDCE961->18b22b39-7551-46dd-8464-dd74933c4739@group-597320EF17B3, cid=4339, SUCCESS, logIndex=6542, commits[18b22b39-7551-46dd-8464-dd74933c4739:c6543, 76d6a15c-8eeb-4764-b555-ce8767d18d57:c6539, c90dcfdf-5973-4b56-a955-1fc4555f10cb:c6539]
2019-09-19 11:27:15,869 [grpc-default-executor-6] INFO  client.GrpcClientProtocolClient (GrpcClientProtocolClient.java:onNext(264)) - client-D9B31DDCE961->18b22b39-7551-46dd-8464-dd74933c4739: receive RaftClientReply:client-D9B31DDCE961->18b22b39-7551-46dd-8464-dd74933c4739@group-597320EF17B3, cid=4340, SUCCESS, logIndex=6543, commits[18b22b39-7551-46dd-8464-dd74933c4739:c6543, 76d6a15c-8eeb-4764-b555-ce8767d18d57:c6539, c90dcfdf-5973-4b56-a955-1fc4555f10cb:c6539]
2019-09-19 11:27:15,882 [grpc-default-executor-6] INFO  client.GrpcClientProtocolClient (GrpcClientProtocolClient.java:onNext(264)) - client-D9B31DDCE961->18b22b39-7551-46dd-8464-dd74933c4739: receive RaftClientReply:client-D9B31DDCE961->18b22b39-7551-46dd-8464-dd74933c4739@group-597320EF17B3, cid=4341, SUCCESS, logIndex=0, commits[18b22b39-7551-46dd-8464-dd74933c4739:c6544, 76d6a15c-8eeb-4764-b555-ce8767d18d57:c6541, c90dcfdf-5973-4b56-a955-1fc4555f10cb:c6541]
2019-09-19 11:27:15,908 [grpc-default-executor-1] INFO  client.GrpcClientProtocolClient (GrpcClientProtocolClient.java:onNext(264)) - client-D9B31DDCE961->18b22b39-7551-46dd-8464-dd74933c4739: receive RaftClientReply:client-D9B31DDCE961->18b22b39-7551-46dd-8464-dd74933c4739@group-597320EF17B3, cid=4342, SUCCESS, logIndex=6548, commits[18b22b39-7551-46dd-8464-dd74933c4739:c6549, 76d6a15c-8eeb-4764-b555-ce8767d18d57:c6545, c90dcfdf-5973-4b56-a955-1fc4555f10cb:c6545]
2019-09-19 11:27:15,909 [grpc-default-executor-1] INFO  client.GrpcClientProtocolClient (GrpcClientProtocolClient.java:onNext(264)) - client-D9B31DDCE961->18b22b39-7551-46dd-8464-dd74933c4739: receive RaftClientReply:client-D9B31DDCE961->18b22b39-7551-46dd-8464-dd74933c4739@group-597320EF17B3, cid=4343, SUCCESS, logIndex=6549, commits[18b22b39-7551-46dd-8464-dd74933c4739:c6549, 76d6a15c-8eeb-4764-b555-ce8767d18d57:c6545, c90dcfdf-5973-4b56-a955-1fc4555f10cb:c6545]
2019-09-19 11:27:15,935 [grpc-default-executor-5] INFO  client.GrpcClientProtocolClient (GrpcClientProtocolClient.java:onNext(264)) - client-D9B31DDCE961->18b22b39-7551-46dd-8464-dd74933c4739: receive RaftClientReply:client-D9B31DDCE961->18b22b39-7551-46dd-8464-dd74933c4739@group-597320EF17B3, cid=4344, SUCCESS, logIndex=6552, commits[18b22b39-7551-46dd-8464-dd74933c4739:c6553, 76d6a15c-8eeb-4764-b555-ce8767d18d57:c6549, c90dcfdf-5973-4b56-a955-1fc4555f10cb:c6549]
2019-09-19 11:27:15,935 [grpc-default-executor-5] INFO  client.GrpcClientProtocolClient (GrpcClientProtocolClient.java:onNext(264)) - client-D9B31DDCE961->18b22b39-7551-46dd-8464-dd74933c4739: receive RaftClientReply:client-D9B31DDCE961->18b22b39-7551-46dd-8464-dd74933c4739@group-597320EF17B3, cid=4345, SUCCESS, logIndex=6553, commits[18b22b39-7551-46dd-8464-dd74933c4739:c6553, 76d6a15c-8eeb-4764-b555-ce8767d18d57:c6549, c90dcfdf-5973-4b56-a955-1fc4555f10cb:c6549]
2019-09-19 11:27:15,947 [grpc-default-executor-5] INFO  client.GrpcClientProtocolClient (GrpcClientProtocolClient.java:onNext(264)) - client-D9B31DDCE961->18b22b39-7551-46dd-8464-dd74933c4739: receive RaftClientReply:client-D9B31DDCE961->18b22b39-7551-46dd-8464-dd74933c4739@group-597320EF17B3, cid=4346, SUCCESS, logIndex=0, commits[18b22b39-7551-46dd-8464-dd74933c4739:c6555, 76d6a15c-8eeb-4764-b555-ce8767d18d57:c6553, c90dcfdf-5973-4b56-a955-1fc4555f10cb:c6553]
2019-09-19 11:27:15,977 [grpc-default-executor-5] INFO  client.GrpcClientProtocolClient (GrpcClientProtocolClient.java:onNext(264)) - client-D9B31DDCE961->18b22b39-7551-46dd-8464-dd74933c4739: receive RaftClientReply:client-D9B31DDCE961->18b22b39-7551-46dd-8464-dd74933c4739@group-597320EF17B3, cid=4347, SUCCESS, logIndex=6556, commits[18b22b39-7551-46dd-8464-dd74933c4739:c6557, 76d6a15c-8eeb-4764-b555-ce8767d18d57:c6555, c90dcfdf-5973-4b56-a955-1fc4555f10cb:c6555]
2019-09-19 11:27:15,978 [grpc-default-executor-5] INFO  client.GrpcClientProtocolClient (GrpcClientProtocolClient.java:onNext(264)) - client-D9B31DDCE961->18b22b39-7551-46dd-8464-dd74933c4739: receive RaftClientReply:client-D9B31DDCE961->18b22b39-7551-46dd-8464-dd74933c4739@group-597320EF17B3, cid=4348, SUCCESS, logIndex=6557, commits[18b22b39-7551-46dd-8464-dd74933c4739:c6557, 76d6a15c-8eeb-4764-b555-ce8767d18d57:c6555, c90dcfdf-5973-4b56-a955-1fc4555f10cb:c6555]
2019-09-19 11:27:15,990 [grpc-default-executor-7] INFO  client.GrpcClientProtocolClient (GrpcClientProtocolClient.java:onNext(264)) - client-D9B31DDCE961->18b22b39-7551-46dd-8464-dd74933c4739: receive RaftClientReply:client-D9B31DDCE961->18b22b39-7551-46dd-8464-dd74933c4739@group-597320EF17B3, cid=4349, SUCCESS, logIndex=6558, commits[18b22b39-7551-46dd-8464-dd74933c4739:c6559, 76d6a15c-8eeb-4764-b555-ce8767d18d57:c6555, c90dcfdf-5973-4b56-a955-1fc4555f10cb:c6555]
2019-09-19 11:27:15,991 [grpc-default-executor-7] INFO  client.GrpcClientProtocolClient (GrpcClientProtocolClient.java:onNext(264)) - client-D9B31DDCE961->18b22b39-7551-46dd-8464-dd74933c4739: receive RaftClientReply:client-D9B31DDCE961->18b22b39-7551-46dd-8464-dd74933c4739@group-597320EF17B3, cid=4350, SUCCESS, logIndex=6559, commits[18b22b39-7551-46dd-8464-dd74933c4739:c6559, 76d6a15c-8eeb-4764-b555-ce8767d18d57:c6555, c90dcfdf-5973-4b56-a955-1fc4555f10cb:c6555]
2019-09-19 11:27:16,004 [grpc-default-executor-7] INFO  client.GrpcClientProtocolClient (GrpcClientProtocolClient.java:onNext(264)) - client-D9B31DDCE961->18b22b39-7551-46dd-8464-dd74933c4739: receive RaftClientReply:client-D9B31DDCE961->18b22b39-7551-46dd-8464-dd74933c4739@group-597320EF17B3, cid=4351, SUCCESS, logIndex=0, commits[18b22b39-7551-46dd-8464-dd74933c4739:c6561, 76d6a15c-8eeb-4764-b555-ce8767d18d57:c6557, c90dcfdf-5973-4b56-a955-1fc4555f10cb:c6557]
2019-09-19 11:27:16,030 [grpc-default-executor-5] INFO  client.GrpcClientProtocolClient (GrpcClientProtocolClient.java:onNext(264)) - client-D9B31DDCE961->18b22b39-7551-46dd-8464-dd74933c4739: receive RaftClientReply:client-D9B31DDCE961->18b22b39-7551-46dd-8464-dd74933c4739@group-597320EF17B3, cid=4352, SUCCESS, logIndex=6564, commits[18b22b39-7551-46dd-8464-dd74933c4739:c6565, 76d6a15c-8eeb-4764-b555-ce8767d18d57:c6563, c90dcfdf-5973-4b56-a955-1fc4555f10cb:c6563]
2019-09-19 11:27:16,030 [grpc-default-executor-5] INFO  client.GrpcClientProtocolClient (GrpcClientProtocolClient.java:onNext(264)) - client-D9B31DDCE961->18b22b39-7551-46dd-8464-dd74933c4739: receive RaftClientReply:client-D9B31DDCE961->18b22b39-7551-46dd-8464-dd74933c4739@group-597320EF17B3, cid=4353, SUCCESS, logIndex=6565, commits[18b22b39-7551-46dd-8464-dd74933c4739:c6565, 76d6a15c-8eeb-4764-b555-ce8767d18d57:c6563, c90dcfdf-5973-4b56-a955-1fc4555f10cb:c6563]
2019-09-19 11:27:16,044 [grpc-default-executor-7] INFO  client.GrpcClientProtocolClient (GrpcClientProtocolClient.java:onNext(264)) - client-D9B31DDCE961->18b22b39-7551-46dd-8464-dd74933c4739: receive RaftClientReply:client-D9B31DDCE961->18b22b39-7551-46dd-8464-dd74933c4739@group-597320EF17B3, cid=4354, SUCCESS, logIndex=6568, commits[18b22b39-7551-46dd-8464-dd74933c4739:c6569, 76d6a15c-8eeb-4764-b555-ce8767d18d57:c6565, c90dcfdf-5973-4b56-a955-1fc4555f10cb:c6565]
2019-09-19 11:27:16,045 [grpc-default-executor-7] INFO  client.GrpcClientProtocolClient (GrpcClientProtocolClient.java:onNext(264)) - client-D9B31DDCE961->18b22b39-7551-46dd-8464-dd74933c4739: receive RaftClientReply:client-D9B31DDCE961->18b22b39-7551-46dd-8464-dd74933c4739@group-597320EF17B3, cid=4355, SUCCESS, logIndex=6569, commits[18b22b39-7551-46dd-8464-dd74933c4739:c6569, 76d6a15c-8eeb-4764-b555-ce8767d18d57:c6565, c90dcfdf-5973-4b56-a955-1fc4555f10cb:c6565]
2019-09-19 11:27:16,060 [grpc-default-executor-7] INFO  client.GrpcClientProtocolClient (GrpcClientProtocolClient.java:onNext(264)) - client-D9B31DDCE961->18b22b39-7551-46dd-8464-dd74933c4739: receive RaftClientReply:client-D9B31DDCE961->18b22b39-7551-46dd-8464-dd74933c4739@group-597320EF17B3, cid=4356, SUCCESS, logIndex=0, commits[18b22b39-7551-46dd-8464-dd74933c4739:c6570, 76d6a15c-8eeb-4764-b555-ce8767d18d57:c6569, c90dcfdf-5973-4b56-a955-1fc4555f10cb:c6569]
2019-09-19 11:27:16,089 [grpc-default-executor-6] INFO  client.GrpcClientProtocolClient (GrpcClientProtocolClient.java:onNext(264)) - client-D9B31DDCE961->18b22b39-7551-46dd-8464-dd74933c4739: receive RaftClientReply:client-D9B31DDCE961->18b22b39-7551-46dd-8464-dd74933c4739@group-597320EF17B3, cid=4357, SUCCESS, logIndex=6572, commits[18b22b39-7551-46dd-8464-dd74933c4739:c6573, 76d6a15c-8eeb-4764-b555-ce8767d18d57:c6569, c90dcfdf-5973-4b56-a955-1fc4555f10cb:c6571]
2019-09-19 11:27:16,090 [grpc-default-executor-6] INFO  client.GrpcClientProtocolClient (GrpcClientProtocolClient.java:onNext(264)) - client-D9B31DDCE961->18b22b39-7551-46dd-8464-dd74933c4739: receive RaftClientReply:client-D9B31DDCE961->18b22b39-7551-46dd-8464-dd74933c4739@group-597320EF17B3, cid=4358, SUCCESS, logIndex=6573, commits[18b22b39-7551-46dd-8464-dd74933c4739:c6573, 76d6a15c-8eeb-4764-b555-ce8767d18d57:c6569, c90dcfdf-5973-4b56-a955-1fc4555f10cb:c6571]
2019-09-19 11:27:16,102 [grpc-default-executor-7] INFO  client.GrpcClientProtocolClient (GrpcClientProtocolClient.java:onNext(264)) - client-D9B31DDCE961->18b22b39-7551-46dd-8464-dd74933c4739: receive RaftClientReply:client-D9B31DDCE961->18b22b39-7551-46dd-8464-dd74933c4739@group-597320EF17B3, cid=4359, SUCCESS, logIndex=6574, commits[18b22b39-7551-46dd-8464-dd74933c4739:c6575, 76d6a15c-8eeb-4764-b555-ce8767d18d57:c6571, c90dcfdf-5973-4b56-a955-1fc4555f10cb:c6571]
2019-09-19 11:27:16,102 [grpc-default-executor-7] INFO  client.GrpcClientProtocolClient (GrpcClientProtocolClient.java:onNext(264)) - client-D9B31DDCE961->18b22b39-7551-46dd-8464-dd74933c4739: receive RaftClientReply:client-D9B31DDCE961->18b22b39-7551-46dd-8464-dd74933c4739@group-597320EF17B3, cid=4360, SUCCESS, logIndex=6575, commits[18b22b39-7551-46dd-8464-dd74933c4739:c6575, 76d6a15c-8eeb-4764-b555-ce8767d18d57:c6571, c90dcfdf-5973-4b56-a955-1fc4555f10cb:c6571]
2019-09-19 11:27:16,113 [grpc-default-executor-7] INFO  client.GrpcClientProtocolClient (GrpcClientProtocolClient.java:onNext(264)) - client-D9B31DDCE961->18b22b39-7551-46dd-8464-dd74933c4739: receive RaftClientReply:client-D9B31DDCE961->18b22b39-7551-46dd-8464-dd74933c4739@group-597320EF17B3, cid=4361, SUCCESS, logIndex=0, commits[18b22b39-7551-46dd-8464-dd74933c4739:c6576, 76d6a15c-8eeb-4764-b555-ce8767d18d57:c6573, c90dcfdf-5973-4b56-a955-1fc4555f10cb:c6573]
2019-09-19 11:27:16,133 [grpc-default-executor-5] INFO  client.GrpcClientProtocolClient (GrpcClientProtocolClient.java:onNext(264)) - client-D9B31DDCE961->18b22b39-7551-46dd-8464-dd74933c4739: receive RaftClientReply:client-D9B31DDCE961->18b22b39-7551-46dd-8464-dd74933c4739@group-597320EF17B3, cid=4362, SUCCESS, logIndex=6580, commits[18b22b39-7551-46dd-8464-dd74933c4739:c6581, 76d6a15c-8eeb-4764-b555-ce8767d18d57:c6579, c90dcfdf-5973-4b56-a955-1fc4555f10cb:c6579]
2019-09-19 11:27:16,133 [grpc-default-executor-5] INFO  client.GrpcClientProtocolClient (GrpcClientProtocolClient.java:onNext(264)) - client-D9B31DDCE961->18b22b39-7551-46dd-8464-dd74933c4739: receive RaftClientReply:client-D9B31DDCE961->18b22b39-7551-46dd-8464-dd74933c4739@group-597320EF17B3, cid=4363, SUCCESS, logIndex=6581, commits[18b22b39-7551-46dd-8464-dd74933c4739:c6581, 76d6a15c-8eeb-4764-b555-ce8767d18d57:c6579, c90dcfdf-5973-4b56-a955-1fc4555f10cb:c6579]
2019-09-19 11:27:16,159 [grpc-default-executor-5] INFO  client.GrpcClientProtocolClient (GrpcClientProtocolClient.java:onNext(264)) - client-D9B31DDCE961->18b22b39-7551-46dd-8464-dd74933c4739: receive RaftClientReply:client-D9B31DDCE961->18b22b39-7551-46dd-8464-dd74933c4739@group-597320EF17B3, cid=4364, SUCCESS, logIndex=6584, commits[18b22b39-7551-46dd-8464-dd74933c4739:c6585, 76d6a15c-8eeb-4764-b555-ce8767d18d57:c6581, c90dcfdf-5973-4b56-a955-1fc4555f10cb:c6581]
2019-09-19 11:27:16,160 [grpc-default-executor-5] INFO  client.GrpcClientProtocolClient (GrpcClientProtocolClient.java:onNext(264)) - client-D9B31DDCE961->18b22b39-7551-46dd-8464-dd74933c4739: receive RaftClientReply:client-D9B31DDCE961->18b22b39-7551-46dd-8464-dd74933c4739@group-597320EF17B3, cid=4365, SUCCESS, logIndex=6585, commits[18b22b39-7551-46dd-8464-dd74933c4739:c6585, 76d6a15c-8eeb-4764-b555-ce8767d18d57:c6581, c90dcfdf-5973-4b56-a955-1fc4555f10cb:c6581]
2019-09-19 11:27:16,185 [grpc-default-executor-5] INFO  client.GrpcClientProtocolClient (GrpcClientProtocolClient.java:onNext(264)) - client-D9B31DDCE961->18b22b39-7551-46dd-8464-dd74933c4739: receive RaftClientReply:client-D9B31DDCE961->18b22b39-7551-46dd-8464-dd74933c4739@group-597320EF17B3, cid=4366, SUCCESS, logIndex=0, commits[18b22b39-7551-46dd-8464-dd74933c4739:c6587, 76d6a15c-8eeb-4764-b555-ce8767d18d57:c6585, c90dcfdf-5973-4b56-a955-1fc4555f10cb:c6585]
2019-09-19 11:27:16,216 [grpc-default-executor-6] INFO  client.GrpcClientProtocolClient (GrpcClientProtocolClient.java:onNext(264)) - client-D9B31DDCE961->18b22b39-7551-46dd-8464-dd74933c4739: receive RaftClientReply:client-D9B31DDCE961->18b22b39-7551-46dd-8464-dd74933c4739@group-597320EF17B3, cid=4367, SUCCESS, logIndex=6588, commits[18b22b39-7551-46dd-8464-dd74933c4739:c6589, 76d6a15c-8eeb-4764-b555-ce8767d18d57:c6587, c90dcfdf-5973-4b56-a955-1fc4555f10cb:c6587]
2019-09-19 11:27:16,217 [grpc-default-executor-6] INFO  client.GrpcClientProtocolClient (GrpcClientProtocolClient.java:onNext(264)) - client-D9B31DDCE961->18b22b39-7551-46dd-8464-dd74933c4739: receive RaftClientReply:client-D9B31DDCE961->18b22b39-7551-46dd-8464-dd74933c4739@group-597320EF17B3, cid=4368, SUCCESS, logIndex=6589, commits[18b22b39-7551-46dd-8464-dd74933c4739:c6589, 76d6a15c-8eeb-4764-b555-ce8767d18d57:c6587, c90dcfdf-5973-4b56-a955-1fc4555f10cb:c6587]
2019-09-19 11:27:16,236 [grpc-default-executor-6] INFO  client.GrpcClientProtocolClient (GrpcClientProtocolClient.java:onNext(264)) - client-D9B31DDCE961->18b22b39-7551-46dd-8464-dd74933c4739: receive RaftClientReply:client-D9B31DDCE961->18b22b39-7551-46dd-8464-dd74933c4739@group-597320EF17B3, cid=4369, SUCCESS, logIndex=6590, commits[18b22b39-7551-46dd-8464-dd74933c4739:c6590, 76d6a15c-8eeb-4764-b555-ce8767d18d57:c6587, c90dcfdf-5973-4b56-a955-1fc4555f10cb:c6587]
2019-09-19 11:27:16,236 [grpc-default-executor-6] INFO  client.GrpcClientProtocolClient (GrpcClientProtocolClient.java:onNext(264)) - client-D9B31DDCE961->18b22b39-7551-46dd-8464-dd74933c4739: receive RaftClientReply:client-D9B31DDCE961->18b22b39-7551-46dd-8464-dd74933c4739@group-597320EF17B3, cid=4370, SUCCESS, logIndex=6591, commits[18b22b39-7551-46dd-8464-dd74933c4739:c6591, 76d6a15c-8eeb-4764-b555-ce8767d18d57:c6587, c90dcfdf-5973-4b56-a955-1fc4555f10cb:c6587]
2019-09-19 11:27:16,238 [grpc-default-executor-6] INFO  client.GrpcClientProtocolClient (GrpcClientProtocolClient.java:onNext(264)) - client-D9B31DDCE961->18b22b39-7551-46dd-8464-dd74933c4739: receive RaftClientReply:client-D9B31DDCE961->18b22b39-7551-46dd-8464-dd74933c4739@group-597320EF17B3, cid=4371, SUCCESS, logIndex=0, commits[18b22b39-7551-46dd-8464-dd74933c4739:c6591, 76d6a15c-8eeb-4764-b555-ce8767d18d57:c6589, c90dcfdf-5973-4b56-a955-1fc4555f10cb:c6589]
2019-09-19 11:27:16,255 [grpc-default-executor-1] INFO  client.GrpcClientProtocolClient (GrpcClientProtocolClient.java:onNext(264)) - client-D9B31DDCE961->18b22b39-7551-46dd-8464-dd74933c4739: receive RaftClientReply:client-D9B31DDCE961->18b22b39-7551-46dd-8464-dd74933c4739@group-597320EF17B3, cid=4372, SUCCESS, logIndex=6596, commits[18b22b39-7551-46dd-8464-dd74933c4739:c6597, 76d6a15c-8eeb-4764-b555-ce8767d18d57:c6593, c90dcfdf-5973-4b56-a955-1fc4555f10cb:c6593]
2019-09-19 11:27:16,255 [grpc-default-executor-1] INFO  client.GrpcClientProtocolClient (GrpcClientProtocolClient.java:onNext(264)) - client-D9B31DDCE961->18b22b39-7551-46dd-8464-dd74933c4739: receive RaftClientReply:client-D9B31DDCE961->18b22b39-7551-46dd-8464-dd74933c4739@group-597320EF17B3, cid=4373, SUCCESS, logIndex=6597, commits[18b22b39-7551-46dd-8464-dd74933c4739:c6597, 76d6a15c-8eeb-4764-b555-ce8767d18d57:c6593, c90dcfdf-5973-4b56-a955-1fc4555f10cb:c6593]
2019-09-19 11:27:16,272 [grpc-default-executor-5] INFO  client.GrpcClientProtocolClient (GrpcClientProtocolClient.java:onNext(264)) - client-D9B31DDCE961->18b22b39-7551-46dd-8464-dd74933c4739: receive RaftClientReply:client-D9B31DDCE961->18b22b39-7551-46dd-8464-dd74933c4739@group-597320EF17B3, cid=4374, SUCCESS, logIndex=6600, commits[18b22b39-7551-46dd-8464-dd74933c4739:c6601, 76d6a15c-8eeb-4764-b555-ce8767d18d57:c6598, c90dcfdf-5973-4b56-a955-1fc4555f10cb:c6598]
2019-09-19 11:27:16,272 [grpc-default-executor-5] INFO  client.GrpcClientProtocolClient (GrpcClientProtocolClient.java:onNext(264)) - client-D9B31DDCE961->18b22b39-7551-46dd-8464-dd74933c4739: receive RaftClientReply:client-D9B31DDCE961->18b22b39-7551-46dd-8464-dd74933c4739@group-597320EF17B3, cid=4375, SUCCESS, logIndex=6601, commits[18b22b39-7551-46dd-8464-dd74933c4739:c6601, 76d6a15c-8eeb-4764-b555-ce8767d18d57:c6598, c90dcfdf-5973-4b56-a955-1fc4555f10cb:c6598]
2019-09-19 11:27:16,280 [grpc-default-executor-6] INFO  client.GrpcClientProtocolClient (GrpcClientProtocolClient.java:onNext(264)) - client-D9B31DDCE961->18b22b39-7551-46dd-8464-dd74933c4739: receive RaftClientReply:client-D9B31DDCE961->18b22b39-7551-46dd-8464-dd74933c4739@group-597320EF17B3, cid=4376, SUCCESS, logIndex=0, commits[18b22b39-7551-46dd-8464-dd74933c4739:c6602, 76d6a15c-8eeb-4764-b555-ce8767d18d57:c6601, c90dcfdf-5973-4b56-a955-1fc4555f10cb:c6601]
2019-09-19 11:27:16,317 [grpc-default-executor-5] INFO  client.GrpcClientProtocolClient (GrpcClientProtocolClient.java:onNext(264)) - client-D9B31DDCE961->18b22b39-7551-46dd-8464-dd74933c4739: receive RaftClientReply:client-D9B31DDCE961->18b22b39-7551-46dd-8464-dd74933c4739@group-597320EF17B3, cid=4377, SUCCESS, logIndex=6604, commits[18b22b39-7551-46dd-8464-dd74933c4739:c6605, 76d6a15c-8eeb-4764-b555-ce8767d18d57:c6603, c90dcfdf-5973-4b56-a955-1fc4555f10cb:c6601]
2019-09-19 11:27:16,317 [grpc-default-executor-5] INFO  client.GrpcClientProtocolClient (GrpcClientProtocolClient.java:onNext(264)) - client-D9B31DDCE961->18b22b39-7551-46dd-8464-dd74933c4739: receive RaftClientReply:client-D9B31DDCE961->18b22b39-7551-46dd-8464-dd74933c4739@group-597320EF17B3, cid=4378, SUCCESS, logIndex=6605, commits[18b22b39-7551-46dd-8464-dd74933c4739:c6605, 76d6a15c-8eeb-4764-b555-ce8767d18d57:c6603, c90dcfdf-5973-4b56-a955-1fc4555f10cb:c6601]
2019-09-19 11:27:16,330 [grpc-default-executor-5] INFO  client.GrpcClientProtocolClient (GrpcClientProtocolClient.java:onNext(264)) - client-D9B31DDCE961->18b22b39-7551-46dd-8464-dd74933c4739: receive RaftClientReply:client-D9B31DDCE961->18b22b39-7551-46dd-8464-dd74933c4739@group-597320EF17B3, cid=4379, SUCCESS, logIndex=6606, commits[18b22b39-7551-46dd-8464-dd74933c4739:c6607, 76d6a15c-8eeb-4764-b555-ce8767d18d57:c6603, c90dcfdf-5973-4b56-a955-1fc4555f10cb:c6603]
2019-09-19 11:27:16,330 [grpc-default-executor-5] INFO  client.GrpcClientProtocolClient (GrpcClientProtocolClient.java:onNext(264)) - client-D9B31DDCE961->18b22b39-7551-46dd-8464-dd74933c4739: receive RaftClientReply:client-D9B31DDCE961->18b22b39-7551-46dd-8464-dd74933c4739@group-597320EF17B3, cid=4380, SUCCESS, logIndex=6607, commits[18b22b39-7551-46dd-8464-dd74933c4739:c6607, 76d6a15c-8eeb-4764-b555-ce8767d18d57:c6603, c90dcfdf-5973-4b56-a955-1fc4555f10cb:c6603]
2019-09-19 11:27:16,331 [grpc-default-executor-5] INFO  client.GrpcClientProtocolClient (GrpcClientProtocolClient.java:onNext(264)) - client-D9B31DDCE961->18b22b39-7551-46dd-8464-dd74933c4739: receive RaftClientReply:client-D9B31DDCE961->18b22b39-7551-46dd-8464-dd74933c4739@group-597320EF17B3, cid=4381, SUCCESS, logIndex=0, commits[18b22b39-7551-46dd-8464-dd74933c4739:c6609, 76d6a15c-8eeb-4764-b555-ce8767d18d57:c6605, c90dcfdf-5973-4b56-a955-1fc4555f10cb:c6605]
2019-09-19 11:27:16,347 [grpc-default-executor-6] INFO  client.GrpcClientProtocolClient (GrpcClientProtocolClient.java:onNext(264)) - client-D9B31DDCE961->18b22b39-7551-46dd-8464-dd74933c4739: receive RaftClientReply:client-D9B31DDCE961->18b22b39-7551-46dd-8464-dd74933c4739@group-597320EF17B3, cid=4382, SUCCESS, logIndex=6612, commits[18b22b39-7551-46dd-8464-dd74933c4739:c6613, 76d6a15c-8eeb-4764-b555-ce8767d18d57:c6611, c90dcfdf-5973-4b56-a955-1fc4555f10cb:c6611]
2019-09-19 11:27:16,347 [grpc-default-executor-6] INFO  client.GrpcClientProtocolClient (GrpcClientProtocolClient.java:onNext(264)) - client-D9B31DDCE961->18b22b39-7551-46dd-8464-dd74933c4739: receive RaftClientReply:client-D9B31DDCE961->18b22b39-7551-46dd-8464-dd74933c4739@group-597320EF17B3, cid=4383, SUCCESS, logIndex=6613, commits[18b22b39-7551-46dd-8464-dd74933c4739:c6613, 76d6a15c-8eeb-4764-b555-ce8767d18d57:c6611, c90dcfdf-5973-4b56-a955-1fc4555f10cb:c6611]
2019-09-19 11:27:16,373 [grpc-default-executor-6] INFO  client.GrpcClientProtocolClient (GrpcClientProtocolClient.java:onNext(264)) - client-D9B31DDCE961->18b22b39-7551-46dd-8464-dd74933c4739: receive RaftClientReply:client-D9B31DDCE961->18b22b39-7551-46dd-8464-dd74933c4739@group-597320EF17B3, cid=4384, SUCCESS, logIndex=6616, commits[18b22b39-7551-46dd-8464-dd74933c4739:c6616, 76d6a15c-8eeb-4764-b555-ce8767d18d57:c6613, c90dcfdf-5973-4b56-a955-1fc4555f10cb:c6613]
2019-09-19 11:27:16,374 [grpc-default-executor-6] INFO  client.GrpcClientProtocolClient (GrpcClientProtocolClient.java:onNext(264)) - client-D9B31DDCE961->18b22b39-7551-46dd-8464-dd74933c4739: receive RaftClientReply:client-D9B31DDCE961->18b22b39-7551-46dd-8464-dd74933c4739@group-597320EF17B3, cid=4385, SUCCESS, logIndex=6617, commits[18b22b39-7551-46dd-8464-dd74933c4739:c6617, 76d6a15c-8eeb-4764-b555-ce8767d18d57:c6613, c90dcfdf-5973-4b56-a955-1fc4555f10cb:c6613]
 0.00% |█                                                                                                    |  0/1 Time: 0:01:202019-09-19 11:27:16,720 [grpc-default-executor-6] INFO  client.GrpcClientProtocolClient (GrpcClientProtocolClient.java:onNext(264)) - client-D9B31DDCE961->18b22b39-7551-46dd-8464-dd74933c4739: receive RaftClientReply:client-D9B31DDCE961->18b22b39-7551-46dd-8464-dd74933c4739@group-597320EF17B3, cid=4386, SUCCESS, logIndex=0, commits[18b22b39-7551-46dd-8464-dd74933c4739:c6618, 76d6a15c-8eeb-4764-b555-ce8767d18d57:c6617, c90dcfdf-5973-4b56-a955-1fc4555f10cb:c6617]
2019-09-19 11:27:16,755 [grpc-default-executor-5] INFO  client.GrpcClientProtocolClient (GrpcClientProtocolClient.java:onNext(264)) - client-D9B31DDCE961->18b22b39-7551-46dd-8464-dd74933c4739: receive RaftClientReply:client-D9B31DDCE961->18b22b39-7551-46dd-8464-dd74933c4739@group-597320EF17B3, cid=4387, SUCCESS, logIndex=6620, commits[18b22b39-7551-46dd-8464-dd74933c4739:c6621, 76d6a15c-8eeb-4764-b555-ce8767d18d57:c6619, c90dcfdf-5973-4b56-a955-1fc4555f10cb:c6619]
2019-09-19 11:27:16,755 [grpc-default-executor-5] INFO  client.GrpcClientProtocolClient (GrpcClientProtocolClient.java:onNext(264)) - client-D9B31DDCE961->18b22b39-7551-46dd-8464-dd74933c4739: receive RaftClientReply:client-D9B31DDCE961->18b22b39-7551-46dd-8464-dd74933c4739@group-597320EF17B3, cid=4388, SUCCESS, logIndex=6621, commits[18b22b39-7551-46dd-8464-dd74933c4739:c6621, 76d6a15c-8eeb-4764-b555-ce8767d18d57:c6619, c90dcfdf-5973-4b56-a955-1fc4555f10cb:c6619]
2019-09-19 11:27:16,767 [grpc-default-executor-1] INFO  client.GrpcClientProtocolClient (GrpcClientProtocolClient.java:onNext(264)) - client-D9B31DDCE961->18b22b39-7551-46dd-8464-dd74933c4739: receive RaftClientReply:client-D9B31DDCE961->18b22b39-7551-46dd-8464-dd74933c4739@group-597320EF17B3, cid=4389, SUCCESS, logIndex=6622, commits[18b22b39-7551-46dd-8464-dd74933c4739:c6623, 76d6a15c-8eeb-4764-b555-ce8767d18d57:c6619, c90dcfdf-5973-4b56-a955-1fc4555f10cb:c6619]
2019-09-19 11:27:16,767 [grpc-default-executor-1] INFO  client.GrpcClientProtocolClient (GrpcClientProtocolClient.java:onNext(264)) - client-D9B31DDCE961->18b22b39-7551-46dd-8464-dd74933c4739: receive RaftClientReply:client-D9B31DDCE961->18b22b39-7551-46dd-8464-dd74933c4739@group-597320EF17B3, cid=4390, SUCCESS, logIndex=6623, commits[18b22b39-7551-46dd-8464-dd74933c4739:c6623, 76d6a15c-8eeb-4764-b555-ce8767d18d57:c6619, c90dcfdf-5973-4b56-a955-1fc4555f10cb:c6619]
2019-09-19 11:27:16,780 [grpc-default-executor-1] INFO  client.GrpcClientProtocolClient (GrpcClientProtocolClient.java:onNext(264)) - client-D9B31DDCE961->18b22b39-7551-46dd-8464-dd74933c4739: receive RaftClientReply:client-D9B31DDCE961->18b22b39-7551-46dd-8464-dd74933c4739@group-597320EF17B3, cid=4391, SUCCESS, logIndex=0, commits[18b22b39-7551-46dd-8464-dd74933c4739:c6625, 76d6a15c-8eeb-4764-b555-ce8767d18d57:c6621, c90dcfdf-5973-4b56-a955-1fc4555f10cb:c6621]
2019-09-19 11:27:16,900 [grpc-default-executor-1] INFO  client.GrpcClientProtocolClient (GrpcClientProtocolClient.java:onNext(264)) - client-D9B31DDCE961->18b22b39-7551-46dd-8464-dd74933c4739: receive RaftClientReply:client-D9B31DDCE961->18b22b39-7551-46dd-8464-dd74933c4739@group-597320EF17B3, cid=4392, SUCCESS, logIndex=6628, commits[18b22b39-7551-46dd-8464-dd74933c4739:c6629, 76d6a15c-8eeb-4764-b555-ce8767d18d57:c6627, c90dcfdf-5973-4b56-a955-1fc4555f10cb:c6627]
2019-09-19 11:27:16,901 [grpc-default-executor-1] INFO  client.GrpcClientProtocolClient (GrpcClientProtocolClient.java:onNext(264)) - client-D9B31DDCE961->18b22b39-7551-46dd-8464-dd74933c4739: receive RaftClientReply:client-D9B31DDCE961->18b22b39-7551-46dd-8464-dd74933c4739@group-597320EF17B3, cid=4393, SUCCESS, logIndex=6629, commits[18b22b39-7551-46dd-8464-dd74933c4739:c6629, 76d6a15c-8eeb-4764-b555-ce8767d18d57:c6627, c90dcfdf-5973-4b56-a955-1fc4555f10cb:c6627]
2019-09-19 11:27:16,922 [grpc-default-executor-6] INFO  client.GrpcClientProtocolClient (GrpcClientProtocolClient.java:onNext(264)) - client-D9B31DDCE961->18b22b39-7551-46dd-8464-dd74933c4739: receive RaftClientReply:client-D9B31DDCE961->18b22b39-7551-46dd-8464-dd74933c4739@group-597320EF17B3, cid=4394, SUCCESS, logIndex=6631, commits[18b22b39-7551-46dd-8464-dd74933c4739:c6632, 76d6a15c-8eeb-4764-b555-ce8767d18d57:c6630, c90dcfdf-5973-4b56-a955-1fc4555f10cb:c6630]
2019-09-19 11:27:16,923 [grpc-default-executor-6] INFO  client.GrpcClientProtocolClient (GrpcClientProtocolClient.java:onNext(264)) - client-D9B31DDCE961->18b22b39-7551-46dd-8464-dd74933c4739: receive RaftClientReply:client-D9B31DDCE961->18b22b39-7551-46dd-8464-dd74933c4739@group-597320EF17B3, cid=4395, SUCCESS, logIndex=6632, commits[18b22b39-7551-46dd-8464-dd74933c4739:c6632, 76d6a15c-8eeb-4764-b555-ce8767d18d57:c6630, c90dcfdf-5973-4b56-a955-1fc4555f10cb:c6630]
2019-09-19 11:27:16,948 [grpc-default-executor-1] INFO  client.GrpcClientProtocolClient (GrpcClientProtocolClient.java:onNext(264)) - client-D9B31DDCE961->18b22b39-7551-46dd-8464-dd74933c4739: receive RaftClientReply:client-D9B31DDCE961->18b22b39-7551-46dd-8464-dd74933c4739@group-597320EF17B3, cid=4396, SUCCESS, logIndex=0, commits[18b22b39-7551-46dd-8464-dd74933c4739:c6634, 76d6a15c-8eeb-4764-b555-ce8767d18d57:c6632, c90dcfdf-5973-4b56-a955-1fc4555f10cb:c6632]
2019-09-19 11:27:16,982 [grpc-default-executor-5] INFO  client.GrpcClientProtocolClient (GrpcClientProtocolClient.java:onNext(264)) - client-D9B31DDCE961->18b22b39-7551-46dd-8464-dd74933c4739: receive RaftClientReply:client-D9B31DDCE961->18b22b39-7551-46dd-8464-dd74933c4739@group-597320EF17B3, cid=4397, SUCCESS, logIndex=6635, commits[18b22b39-7551-46dd-8464-dd74933c4739:c6636, 76d6a15c-8eeb-4764-b555-ce8767d18d57:c6634, c90dcfdf-5973-4b56-a955-1fc4555f10cb:c6634]
2019-09-19 11:27:16,982 [grpc-default-executor-5] INFO  client.GrpcClientProtocolClient (GrpcClientProtocolClient.java:onNext(264)) - client-D9B31DDCE961->18b22b39-7551-46dd-8464-dd74933c4739: receive RaftClientReply:client-D9B31DDCE961->18b22b39-7551-46dd-8464-dd74933c4739@group-597320EF17B3, cid=4398, SUCCESS, logIndex=6636, commits[18b22b39-7551-46dd-8464-dd74933c4739:c6636, 76d6a15c-8eeb-4764-b555-ce8767d18d57:c6634, c90dcfdf-5973-4b56-a955-1fc4555f10cb:c6634]
2019-09-19 11:27:16,995 [grpc-default-executor-5] INFO  client.GrpcClientProtocolClient (GrpcClientProtocolClient.java:onNext(264)) - client-D9B31DDCE961->18b22b39-7551-46dd-8464-dd74933c4739: receive RaftClientReply:client-D9B31DDCE961->18b22b39-7551-46dd-8464-dd74933c4739@group-597320EF17B3, cid=4399, SUCCESS, logIndex=6637, commits[18b22b39-7551-46dd-8464-dd74933c4739:c6638, 76d6a15c-8eeb-4764-b555-ce8767d18d57:c6634, c90dcfdf-5973-4b56-a955-1fc4555f10cb:c6634]
2019-09-19 11:27:16,995 [grpc-default-executor-5] INFO  client.GrpcClientProtocolClient (GrpcClientProtocolClient.java:onNext(264)) - client-D9B31DDCE961->18b22b39-7551-46dd-8464-dd74933c4739: receive RaftClientReply:client-D9B31DDCE961->18b22b39-7551-46dd-8464-dd74933c4739@group-597320EF17B3, cid=4400, SUCCESS, logIndex=6638, commits[18b22b39-7551-46dd-8464-dd74933c4739:c6638, 76d6a15c-8eeb-4764-b555-ce8767d18d57:c6634, c90dcfdf-5973-4b56-a955-1fc4555f10cb:c6634]
2019-09-19 11:27:17,014 [grpc-default-executor-5] INFO  client.GrpcClientProtocolClient (GrpcClientProtocolClient.java:onNext(264)) - client-D9B31DDCE961->18b22b39-7551-46dd-8464-dd74933c4739: receive RaftClientReply:client-D9B31DDCE961->18b22b39-7551-46dd-8464-dd74933c4739@group-597320EF17B3, cid=4401, SUCCESS, logIndex=0, commits[18b22b39-7551-46dd-8464-dd74933c4739:c6640, 76d6a15c-8eeb-4764-b555-ce8767d18d57:c6636, c90dcfdf-5973-4b56-a955-1fc4555f10cb:c6636]
2019-09-19 11:27:17,033 [grpc-default-executor-6] INFO  client.GrpcClientProtocolClient (GrpcClientProtocolClient.java:onNext(264)) - client-D9B31DDCE961->18b22b39-7551-46dd-8464-dd74933c4739: receive RaftClientReply:client-D9B31DDCE961->18b22b39-7551-46dd-8464-dd74933c4739@group-597320EF17B3, cid=4402, SUCCESS, logIndex=6643, commits[18b22b39-7551-46dd-8464-dd74933c4739:c6644, 76d6a15c-8eeb-4764-b555-ce8767d18d57:c6642, c90dcfdf-5973-4b56-a955-1fc4555f10cb:c6642]
2019-09-19 11:27:17,033 [grpc-default-executor-6] INFO  client.GrpcClientProtocolClient (GrpcClientProtocolClient.java:onNext(264)) - client-D9B31DDCE961->18b22b39-7551-46dd-8464-dd74933c4739: receive RaftClientReply:client-D9B31DDCE961->18b22b39-7551-46dd-8464-dd74933c4739@group-597320EF17B3, cid=4403, SUCCESS, logIndex=6644, commits[18b22b39-7551-46dd-8464-dd74933c4739:c6644, 76d6a15c-8eeb-4764-b555-ce8767d18d57:c6642, c90dcfdf-5973-4b56-a955-1fc4555f10cb:c6642]
2019-09-19 11:27:17,047 [grpc-default-executor-6] INFO  client.GrpcClientProtocolClient (GrpcClientProtocolClient.java:onNext(264)) - client-D9B31DDCE961->18b22b39-7551-46dd-8464-dd74933c4739: receive RaftClientReply:client-D9B31DDCE961->18b22b39-7551-46dd-8464-dd74933c4739@group-597320EF17B3, cid=4404, SUCCESS, logIndex=6647, commits[18b22b39-7551-46dd-8464-dd74933c4739:c6648, 76d6a15c-8eeb-4764-b555-ce8767d18d57:c6644, c90dcfdf-5973-4b56-a955-1fc4555f10cb:c6644]
2019-09-19 11:27:17,048 [grpc-default-executor-6] INFO  client.GrpcClientProtocolClient (GrpcClientProtocolClient.java:onNext(264)) - client-D9B31DDCE961->18b22b39-7551-46dd-8464-dd74933c4739: receive RaftClientReply:client-D9B31DDCE961->18b22b39-7551-46dd-8464-dd74933c4739@group-597320EF17B3, cid=4405, SUCCESS, logIndex=6648, commits[18b22b39-7551-46dd-8464-dd74933c4739:c6648, 76d6a15c-8eeb-4764-b555-ce8767d18d57:c6644, c90dcfdf-5973-4b56-a955-1fc4555f10cb:c6644]
2019-09-19 11:27:17,059 [grpc-default-executor-6] INFO  client.GrpcClientProtocolClient (GrpcClientProtocolClient.java:onNext(264)) - client-D9B31DDCE961->18b22b39-7551-46dd-8464-dd74933c4739: receive RaftClientReply:client-D9B31DDCE961->18b22b39-7551-46dd-8464-dd74933c4739@group-597320EF17B3, cid=4406, SUCCESS, logIndex=0, commits[18b22b39-7551-46dd-8464-dd74933c4739:c6649, 76d6a15c-8eeb-4764-b555-ce8767d18d57:c6648, c90dcfdf-5973-4b56-a955-1fc4555f10cb:c6648]
2019-09-19 11:27:17,091 [grpc-default-executor-5] INFO  client.GrpcClientProtocolClient (GrpcClientProtocolClient.java:onNext(264)) - client-D9B31DDCE961->18b22b39-7551-46dd-8464-dd74933c4739: receive RaftClientReply:client-D9B31DDCE961->18b22b39-7551-46dd-8464-dd74933c4739@group-597320EF17B3, cid=4407, SUCCESS, logIndex=6651, commits[18b22b39-7551-46dd-8464-dd74933c4739:c6651, 76d6a15c-8eeb-4764-b555-ce8767d18d57:c6650, c90dcfdf-5973-4b56-a955-1fc4555f10cb:c6648]
2019-09-19 11:27:17,092 [grpc-default-executor-5] INFO  client.GrpcClientProtocolClient (GrpcClientProtocolClient.java:onNext(264)) - client-D9B31DDCE961->18b22b39-7551-46dd-8464-dd74933c4739: receive RaftClientReply:client-D9B31DDCE961->18b22b39-7551-46dd-8464-dd74933c4739@group-597320EF17B3, cid=4408, SUCCESS, logIndex=6652, commits[18b22b39-7551-46dd-8464-dd74933c4739:c6655, 76d6a15c-8eeb-4764-b555-ce8767d18d57:c6650, c90dcfdf-5973-4b56-a955-1fc4555f10cb:c6651]
2019-09-19 11:27:17,092 [grpc-default-executor-5] INFO  client.GrpcClientProtocolClient (GrpcClientProtocolClient.java:onNext(264)) - client-D9B31DDCE961->18b22b39-7551-46dd-8464-dd74933c4739: receive RaftClientReply:client-D9B31DDCE961->18b22b39-7551-46dd-8464-dd74933c4739@group-597320EF17B3, cid=4409, SUCCESS, logIndex=6653, commits[18b22b39-7551-46dd-8464-dd74933c4739:c6655, 76d6a15c-8eeb-4764-b555-ce8767d18d57:c6650, c90dcfdf-5973-4b56-a955-1fc4555f10cb:c6651]
2019-09-19 11:27:17,092 [grpc-default-executor-5] INFO  client.GrpcClientProtocolClient (GrpcClientProtocolClient.java:onNext(264)) - client-D9B31DDCE961->18b22b39-7551-46dd-8464-dd74933c4739: receive RaftClientReply:client-D9B31DDCE961->18b22b39-7551-46dd-8464-dd74933c4739@group-597320EF17B3, cid=4410, SUCCESS, logIndex=6654, commits[18b22b39-7551-46dd-8464-dd74933c4739:c6655, 76d6a15c-8eeb-4764-b555-ce8767d18d57:c6650, c90dcfdf-5973-4b56-a955-1fc4555f10cb:c6651]
2019-09-19 11:27:17,093 [grpc-default-executor-1] INFO  client.GrpcClientProtocolClient (GrpcClientProtocolClient.java:onNext(264)) - client-D9B31DDCE961->18b22b39-7551-46dd-8464-dd74933c4739: receive RaftClientReply:client-D9B31DDCE961->18b22b39-7551-46dd-8464-dd74933c4739@group-597320EF17B3, cid=4411, SUCCESS, logIndex=0, commits[18b22b39-7551-46dd-8464-dd74933c4739:c6656, 76d6a15c-8eeb-4764-b555-ce8767d18d57:c6654, c90dcfdf-5973-4b56-a955-1fc4555f10cb:c6654]
2019-09-19 11:27:17,111 [grpc-default-executor-1] INFO  client.GrpcClientProtocolClient (GrpcClientProtocolClient.java:onNext(264)) - client-D9B31DDCE961->18b22b39-7551-46dd-8464-dd74933c4739: receive RaftClientReply:client-D9B31DDCE961->18b22b39-7551-46dd-8464-dd74933c4739@group-597320EF17B3, cid=4412, SUCCESS, logIndex=6657, commits[18b22b39-7551-46dd-8464-dd74933c4739:c6658, 76d6a15c-8eeb-4764-b555-ce8767d18d57:c6656, c90dcfdf-5973-4b56-a955-1fc4555f10cb:c6656]
2019-09-19 11:27:17,112 [grpc-default-executor-1] INFO  client.GrpcClientProtocolClient (GrpcClientProtocolClient.java:onNext(264)) - client-D9B31DDCE961->18b22b39-7551-46dd-8464-dd74933c4739: receive RaftClientReply:client-D9B31DDCE961->18b22b39-7551-46dd-8464-dd74933c4739@group-597320EF17B3, cid=4413, SUCCESS, logIndex=6658, commits[18b22b39-7551-46dd-8464-dd74933c4739:c6658, 76d6a15c-8eeb-4764-b555-ce8767d18d57:c6656, c90dcfdf-5973-4b56-a955-1fc4555f10cb:c6656]
2019-09-19 11:27:17,137 [grpc-default-executor-6] INFO  client.GrpcClientProtocolClient (GrpcClientProtocolClient.java:onNext(264)) - client-D9B31DDCE961->18b22b39-7551-46dd-8464-dd74933c4739: receive RaftClientReply:client-D9B31DDCE961->18b22b39-7551-46dd-8464-dd74933c4739@group-597320EF17B3, cid=4414, SUCCESS, logIndex=6661, commits[18b22b39-7551-46dd-8464-dd74933c4739:c6662, 76d6a15c-8eeb-4764-b555-ce8767d18d57:c6660, c90dcfdf-5973-4b56-a955-1fc4555f10cb:c6660]
2019-09-19 11:27:17,137 [grpc-default-executor-6] INFO  client.GrpcClientProtocolClient (GrpcClientProtocolClient.java:onNext(264)) - client-D9B31DDCE961->18b22b39-7551-46dd-8464-dd74933c4739: receive RaftClientReply:client-D9B31DDCE961->18b22b39-7551-46dd-8464-dd74933c4739@group-597320EF17B3, cid=4415, SUCCESS, logIndex=6662, commits[18b22b39-7551-46dd-8464-dd74933c4739:c6662, 76d6a15c-8eeb-4764-b555-ce8767d18d57:c6660, c90dcfdf-5973-4b56-a955-1fc4555f10cb:c6660]
2019-09-19 11:27:17,149 [grpc-default-executor-1] INFO  client.GrpcClientProtocolClient (GrpcClientProtocolClient.java:onNext(264)) - client-D9B31DDCE961->18b22b39-7551-46dd-8464-dd74933c4739: receive RaftClientReply:client-D9B31DDCE961->18b22b39-7551-46dd-8464-dd74933c4739@group-597320EF17B3, cid=4416, SUCCESS, logIndex=0, commits[18b22b39-7551-46dd-8464-dd74933c4739:c6662, 76d6a15c-8eeb-4764-b555-ce8767d18d57:c6662, c90dcfdf-5973-4b56-a955-1fc4555f10cb:c6662]
2019-09-19 11:27:17,178 [grpc-default-executor-6] INFO  client.GrpcClientProtocolClient (GrpcClientProtocolClient.java:onNext(264)) - client-D9B31DDCE961->18b22b39-7551-46dd-8464-dd74933c4739: receive RaftClientReply:client-D9B31DDCE961->18b22b39-7551-46dd-8464-dd74933c4739@group-597320EF17B3, cid=4417, SUCCESS, logIndex=6665, commits[18b22b39-7551-46dd-8464-dd74933c4739:c6666, 76d6a15c-8eeb-4764-b555-ce8767d18d57:c6664, c90dcfdf-5973-4b56-a955-1fc4555f10cb:c6664]
2019-09-19 11:27:17,179 [grpc-default-executor-6] INFO  client.GrpcClientProtocolClient (GrpcClientProtocolClient.java:onNext(264)) - client-D9B31DDCE961->18b22b39-7551-46dd-8464-dd74933c4739: receive RaftClientReply:client-D9B31DDCE961->18b22b39-7551-46dd-8464-dd74933c4739@group-597320EF17B3, cid=4418, SUCCESS, logIndex=6666, commits[18b22b39-7551-46dd-8464-dd74933c4739:c6666, 76d6a15c-8eeb-4764-b555-ce8767d18d57:c6664, c90dcfdf-5973-4b56-a955-1fc4555f10cb:c6664]
2019-09-19 11:27:17,179 [grpc-default-executor-6] INFO  client.GrpcClientProtocolClient (GrpcClientProtocolClient.java:onNext(264)) - client-D9B31DDCE961->18b22b39-7551-46dd-8464-dd74933c4739: receive RaftClientReply:client-D9B31DDCE961->18b22b39-7551-46dd-8464-dd74933c4739@group-597320EF17B3, cid=4419, SUCCESS, logIndex=6667, commits[18b22b39-7551-46dd-8464-dd74933c4739:c6668, 76d6a15c-8eeb-4764-b555-ce8767d18d57:c6664, c90dcfdf-5973-4b56-a955-1fc4555f10cb:c6664]
2019-09-19 11:27:17,179 [grpc-default-executor-6] INFO  client.GrpcClientProtocolClient (GrpcClientProtocolClient.java:onNext(264)) - client-D9B31DDCE961->18b22b39-7551-46dd-8464-dd74933c4739: receive RaftClientReply:client-D9B31DDCE961->18b22b39-7551-46dd-8464-dd74933c4739@group-597320EF17B3, cid=4420, SUCCESS, logIndex=6668, commits[18b22b39-7551-46dd-8464-dd74933c4739:c6668, 76d6a15c-8eeb-4764-b555-ce8767d18d57:c6664, c90dcfdf-5973-4b56-a955-1fc4555f10cb:c6664]
2019-09-19 11:27:17,180 [grpc-default-executor-6] INFO  client.GrpcClientProtocolClient (GrpcClientProtocolClient.java:onNext(264)) - client-D9B31DDCE961->18b22b39-7551-46dd-8464-dd74933c4739: receive RaftClientReply:client-D9B31DDCE961->18b22b39-7551-46dd-8464-dd74933c4739@group-597320EF17B3, cid=4421, SUCCESS, logIndex=0, commits[18b22b39-7551-46dd-8464-dd74933c4739:c6670, 76d6a15c-8eeb-4764-b555-ce8767d18d57:c6666, c90dcfdf-5973-4b56-a955-1fc4555f10cb:c6666]
2019-09-19 11:27:17,194 [grpc-default-executor-6] INFO  client.GrpcClientProtocolClient (GrpcClientProtocolClient.java:onNext(264)) - client-D9B31DDCE961->18b22b39-7551-46dd-8464-dd74933c4739: receive RaftClientReply:client-D9B31DDCE961->18b22b39-7551-46dd-8464-dd74933c4739@group-597320EF17B3, cid=4422, SUCCESS, logIndex=6673, commits[18b22b39-7551-46dd-8464-dd74933c4739:c6674, 76d6a15c-8eeb-4764-b555-ce8767d18d57:c6668, c90dcfdf-5973-4b56-a955-1fc4555f10cb:c6672]
2019-09-19 11:27:17,195 [grpc-default-executor-6] INFO  client.GrpcClientProtocolClient (GrpcClientProtocolClient.java:onNext(264)) - client-D9B31DDCE961->18b22b39-7551-46dd-8464-dd74933c4739: receive RaftClientReply:client-D9B31DDCE961->18b22b39-7551-46dd-8464-dd74933c4739@group-597320EF17B3, cid=4423, SUCCESS, logIndex=6674, commits[18b22b39-7551-46dd-8464-dd74933c4739:c6674, 76d6a15c-8eeb-4764-b555-ce8767d18d57:c6668, c90dcfdf-5973-4b56-a955-1fc4555f10cb:c6672]
2019-09-19 11:27:17,209 [grpc-default-executor-6] INFO  client.GrpcClientProtocolClient (GrpcClientProtocolClient.java:onNext(264)) - client-D9B31DDCE961->18b22b39-7551-46dd-8464-dd74933c4739: receive RaftClientReply:client-D9B31DDCE961->18b22b39-7551-46dd-8464-dd74933c4739@group-597320EF17B3, cid=4424, SUCCESS, logIndex=6677, commits[18b22b39-7551-46dd-8464-dd74933c4739:c6678, 76d6a15c-8eeb-4764-b555-ce8767d18d57:c6676, c90dcfdf-5973-4b56-a955-1fc4555f10cb:c6674]
2019-09-19 11:27:17,209 [grpc-default-executor-6] INFO  client.GrpcClientProtocolClient (GrpcClientProtocolClient.java:onNext(264)) - client-D9B31DDCE961->18b22b39-7551-46dd-8464-dd74933c4739: receive RaftClientReply:client-D9B31DDCE961->18b22b39-7551-46dd-8464-dd74933c4739@group-597320EF17B3, cid=4425, SUCCESS, logIndex=6678, commits[18b22b39-7551-46dd-8464-dd74933c4739:c6678, 76d6a15c-8eeb-4764-b555-ce8767d18d57:c6676, c90dcfdf-5973-4b56-a955-1fc4555f10cb:c6676]
2019-09-19 11:27:17,211 [grpc-default-executor-5] INFO  client.GrpcClientProtocolClient (GrpcClientProtocolClient.java:onNext(264)) - client-D9B31DDCE961->18b22b39-7551-46dd-8464-dd74933c4739: receive RaftClientReply:client-D9B31DDCE961->18b22b39-7551-46dd-8464-dd74933c4739@group-597320EF17B3, cid=4426, SUCCESS, logIndex=0, commits[18b22b39-7551-46dd-8464-dd74933c4739:c6680, 76d6a15c-8eeb-4764-b555-ce8767d18d57:c6678, c90dcfdf-5973-4b56-a955-1fc4555f10cb:c6678]
2019-09-19 11:27:17,240 [grpc-default-executor-6] INFO  client.GrpcClientProtocolClient (GrpcClientProtocolClient.java:onNext(264)) - client-D9B31DDCE961->18b22b39-7551-46dd-8464-dd74933c4739: receive RaftClientReply:client-D9B31DDCE961->18b22b39-7551-46dd-8464-dd74933c4739@group-597320EF17B3, cid=4427, SUCCESS, logIndex=6681, commits[18b22b39-7551-46dd-8464-dd74933c4739:c6681, 76d6a15c-8eeb-4764-b555-ce8767d18d57:c6680, c90dcfdf-5973-4b56-a955-1fc4555f10cb:c6680]
2019-09-19 11:27:17,240 [grpc-default-executor-6] INFO  client.GrpcClientProtocolClient (GrpcClientProtocolClient.java:onNext(264)) - client-D9B31DDCE961->18b22b39-7551-46dd-8464-dd74933c4739: receive RaftClientReply:client-D9B31DDCE961->18b22b39-7551-46dd-8464-dd74933c4739@group-597320EF17B3, cid=4428, SUCCESS, logIndex=6682, commits[18b22b39-7551-46dd-8464-dd74933c4739:c6682, 76d6a15c-8eeb-4764-b555-ce8767d18d57:c6680, c90dcfdf-5973-4b56-a955-1fc4555f10cb:c6680]
2019-09-19 11:27:17,242 [grpc-default-executor-6] INFO  client.GrpcClientProtocolClient (GrpcClientProtocolClient.java:onNext(264)) - client-D9B31DDCE961->18b22b39-7551-46dd-8464-dd74933c4739: receive RaftClientReply:client-D9B31DDCE961->18b22b39-7551-46dd-8464-dd74933c4739@group-597320EF17B3, cid=4429, SUCCESS, logIndex=6683, commits[18b22b39-7551-46dd-8464-dd74933c4739:c6683, 76d6a15c-8eeb-4764-b555-ce8767d18d57:c6680, c90dcfdf-5973-4b56-a955-1fc4555f10cb:c6680]
2019-09-19 11:27:17,242 [grpc-default-executor-6] INFO  client.GrpcClientProtocolClient (GrpcClientProtocolClient.java:onNext(264)) - client-D9B31DDCE961->18b22b39-7551-46dd-8464-dd74933c4739: receive RaftClientReply:client-D9B31DDCE961->18b22b39-7551-46dd-8464-dd74933c4739@group-597320EF17B3, cid=4430, SUCCESS, logIndex=6684, commits[18b22b39-7551-46dd-8464-dd74933c4739:c6684, 76d6a15c-8eeb-4764-b555-ce8767d18d57:c6680, c90dcfdf-5973-4b56-a955-1fc4555f10cb:c6680]
2019-09-19 11:27:17,253 [grpc-default-executor-6] INFO  client.GrpcClientProtocolClient (GrpcClientProtocolClient.java:onNext(264)) - client-D9B31DDCE961->18b22b39-7551-46dd-8464-dd74933c4739: receive RaftClientReply:client-D9B31DDCE961->18b22b39-7551-46dd-8464-dd74933c4739@group-597320EF17B3, cid=4431, SUCCESS, logIndex=0, commits[18b22b39-7551-46dd-8464-dd74933c4739:c6686, 76d6a15c-8eeb-4764-b555-ce8767d18d57:c6682, c90dcfdf-5973-4b56-a955-1fc4555f10cb:c6682]
2019-09-19 11:27:17,271 [grpc-default-executor-6] INFO  client.GrpcClientProtocolClient (GrpcClientProtocolClient.java:onNext(264)) - client-D9B31DDCE961->18b22b39-7551-46dd-8464-dd74933c4739: receive RaftClientReply:client-D9B31DDCE961->18b22b39-7551-46dd-8464-dd74933c4739@group-597320EF17B3, cid=4432, SUCCESS, logIndex=6689, commits[18b22b39-7551-46dd-8464-dd74933c4739:c6690, 76d6a15c-8eeb-4764-b555-ce8767d18d57:c6688, c90dcfdf-5973-4b56-a955-1fc4555f10cb:c6688]
2019-09-19 11:27:17,271 [grpc-default-executor-6] INFO  client.GrpcClientProtocolClient (GrpcClientProtocolClient.java:onNext(264)) - client-D9B31DDCE961->18b22b39-7551-46dd-8464-dd74933c4739: receive RaftClientReply:client-D9B31DDCE961->18b22b39-7551-46dd-8464-dd74933c4739@group-597320EF17B3, cid=4433, SUCCESS, logIndex=6690, commits[18b22b39-7551-46dd-8464-dd74933c4739:c6690, 76d6a15c-8eeb-4764-b555-ce8767d18d57:c6688, c90dcfdf-5973-4b56-a955-1fc4555f10cb:c6688]
2019-09-19 11:27:17,285 [grpc-default-executor-6] INFO  client.GrpcClientProtocolClient (GrpcClientProtocolClient.java:onNext(264)) - client-D9B31DDCE961->18b22b39-7551-46dd-8464-dd74933c4739: receive RaftClientReply:client-D9B31DDCE961->18b22b39-7551-46dd-8464-dd74933c4739@group-597320EF17B3, cid=4434, SUCCESS, logIndex=6693, commits[18b22b39-7551-46dd-8464-dd74933c4739:c6694, 76d6a15c-8eeb-4764-b555-ce8767d18d57:c6690, c90dcfdf-5973-4b56-a955-1fc4555f10cb:c6690]
2019-09-19 11:27:17,285 [grpc-default-executor-6] INFO  client.GrpcClientProtocolClient (GrpcClientProtocolClient.java:onNext(264)) - client-D9B31DDCE961->18b22b39-7551-46dd-8464-dd74933c4739: receive RaftClientReply:client-D9B31DDCE961->18b22b39-7551-46dd-8464-dd74933c4739@group-597320EF17B3, cid=4435, SUCCESS, logIndex=6694, commits[18b22b39-7551-46dd-8464-dd74933c4739:c6694, 76d6a15c-8eeb-4764-b555-ce8767d18d57:c6690, c90dcfdf-5973-4b56-a955-1fc4555f10cb:c6690]
2019-09-19 11:27:17,296 [grpc-default-executor-6] INFO  client.GrpcClientProtocolClient (GrpcClientProtocolClient.java:onNext(264)) - client-D9B31DDCE961->18b22b39-7551-46dd-8464-dd74933c4739: receive RaftClientReply:client-D9B31DDCE961->18b22b39-7551-46dd-8464-dd74933c4739@group-597320EF17B3, cid=4436, SUCCESS, logIndex=0, commits[18b22b39-7551-46dd-8464-dd74933c4739:c6694, 76d6a15c-8eeb-4764-b555-ce8767d18d57:c6694, c90dcfdf-5973-4b56-a955-1fc4555f10cb:c6694]
2019-09-19 11:27:17,326 [grpc-default-executor-6] INFO  client.GrpcClientProtocolClient (GrpcClientProtocolClient.java:onNext(264)) - client-D9B31DDCE961->18b22b39-7551-46dd-8464-dd74933c4739: receive RaftClientReply:client-D9B31DDCE961->18b22b39-7551-46dd-8464-dd74933c4739@group-597320EF17B3, cid=4437, SUCCESS, logIndex=6697, commits[18b22b39-7551-46dd-8464-dd74933c4739:c6698, 76d6a15c-8eeb-4764-b555-ce8767d18d57:c6696, c90dcfdf-5973-4b56-a955-1fc4555f10cb:c6696]
2019-09-19 11:27:17,327 [grpc-default-executor-5] INFO  client.GrpcClientProtocolClient (GrpcClientProtocolClient.java:onNext(264)) - client-D9B31DDCE961->18b22b39-7551-46dd-8464-dd74933c4739: receive RaftClientReply:client-D9B31DDCE961->18b22b39-7551-46dd-8464-dd74933c4739@group-597320EF17B3, cid=4438, SUCCESS, logIndex=6698, commits[18b22b39-7551-46dd-8464-dd74933c4739:c6698, 76d6a15c-8eeb-4764-b555-ce8767d18d57:c6696, c90dcfdf-5973-4b56-a955-1fc4555f10cb:c6696]
2019-09-19 11:27:17,327 [grpc-default-executor-5] INFO  client.GrpcClientProtocolClient (GrpcClientProtocolClient.java:onNext(264)) - client-D9B31DDCE961->18b22b39-7551-46dd-8464-dd74933c4739: receive RaftClientReply:client-D9B31DDCE961->18b22b39-7551-46dd-8464-dd74933c4739@group-597320EF17B3, cid=4439, SUCCESS, logIndex=6699, commits[18b22b39-7551-46dd-8464-dd74933c4739:c6699, 76d6a15c-8eeb-4764-b555-ce8767d18d57:c6696, c90dcfdf-5973-4b56-a955-1fc4555f10cb:c6696]
2019-09-19 11:27:17,328 [grpc-default-executor-5] INFO  client.GrpcClientProtocolClient (GrpcClientProtocolClient.java:onNext(264)) - client-D9B31DDCE961->18b22b39-7551-46dd-8464-dd74933c4739: receive RaftClientReply:client-D9B31DDCE961->18b22b39-7551-46dd-8464-dd74933c4739@group-597320EF17B3, cid=4440, SUCCESS, logIndex=6700, commits[18b22b39-7551-46dd-8464-dd74933c4739:c6700, 76d6a15c-8eeb-4764-b555-ce8767d18d57:c6696, c90dcfdf-5973-4b56-a955-1fc4555f10cb:c6696]
2019-09-19 11:27:17,328 [grpc-default-executor-5] INFO  client.GrpcClientProtocolClient (GrpcClientProtocolClient.java:onNext(264)) - client-D9B31DDCE961->18b22b39-7551-46dd-8464-dd74933c4739: receive RaftClientReply:client-D9B31DDCE961->18b22b39-7551-46dd-8464-dd74933c4739@group-597320EF17B3, cid=4441, SUCCESS, logIndex=0, commits[18b22b39-7551-46dd-8464-dd74933c4739:c6701, 76d6a15c-8eeb-4764-b555-ce8767d18d57:c6698, c90dcfdf-5973-4b56-a955-1fc4555f10cb:c6698]
2019-09-19 11:27:17,343 [grpc-default-executor-1] INFO  client.GrpcClientProtocolClient (GrpcClientProtocolClient.java:onNext(264)) - client-D9B31DDCE961->18b22b39-7551-46dd-8464-dd74933c4739: receive RaftClientReply:client-D9B31DDCE961->18b22b39-7551-46dd-8464-dd74933c4739@group-597320EF17B3, cid=4442, SUCCESS, logIndex=6705, commits[18b22b39-7551-46dd-8464-dd74933c4739:c6706, 76d6a15c-8eeb-4764-b555-ce8767d18d57:c6703, c90dcfdf-5973-4b56-a955-1fc4555f10cb:c6703]
2019-09-19 11:27:17,343 [grpc-default-executor-1] INFO  client.GrpcClientProtocolClient (GrpcClientProtocolClient.java:onNext(264)) - client-D9B31DDCE961->18b22b39-7551-46dd-8464-dd74933c4739: receive RaftClientReply:client-D9B31DDCE961->18b22b39-7551-46dd-8464-dd74933c4739@group-597320EF17B3, cid=4443, SUCCESS, logIndex=6706, commits[18b22b39-7551-46dd-8464-dd74933c4739:c6706, 76d6a15c-8eeb-4764-b555-ce8767d18d57:c6703, c90dcfdf-5973-4b56-a955-1fc4555f10cb:c6703]
2019-09-19 11:27:17,355 [grpc-default-executor-1] INFO  client.GrpcClientProtocolClient (GrpcClientProtocolClient.java:onNext(264)) - client-D9B31DDCE961->18b22b39-7551-46dd-8464-dd74933c4739: receive RaftClientReply:client-D9B31DDCE961->18b22b39-7551-46dd-8464-dd74933c4739@group-597320EF17B3, cid=4444, SUCCESS, logIndex=6709, commits[18b22b39-7551-46dd-8464-dd74933c4739:c6710, 76d6a15c-8eeb-4764-b555-ce8767d18d57:c6708, c90dcfdf-5973-4b56-a955-1fc4555f10cb:c6708]
2019-09-19 11:27:17,355 [grpc-default-executor-1] INFO  client.GrpcClientProtocolClient (GrpcClientProtocolClient.java:onNext(264)) - client-D9B31DDCE961->18b22b39-7551-46dd-8464-dd74933c4739: receive RaftClientReply:client-D9B31DDCE961->18b22b39-7551-46dd-8464-dd74933c4739@group-597320EF17B3, cid=4445, SUCCESS, logIndex=6710, commits[18b22b39-7551-46dd-8464-dd74933c4739:c6710, 76d6a15c-8eeb-4764-b555-ce8767d18d57:c6708, c90dcfdf-5973-4b56-a955-1fc4555f10cb:c6708]
2019-09-19 11:27:17,357 [grpc-default-executor-1] INFO  client.GrpcClientProtocolClient (GrpcClientProtocolClient.java:onNext(264)) - client-D9B31DDCE961->18b22b39-7551-46dd-8464-dd74933c4739: receive RaftClientReply:client-D9B31DDCE961->18b22b39-7551-46dd-8464-dd74933c4739@group-597320EF17B3, cid=4446, SUCCESS, logIndex=0, commits[18b22b39-7551-46dd-8464-dd74933c4739:c6711, 76d6a15c-8eeb-4764-b555-ce8767d18d57:c6710, c90dcfdf-5973-4b56-a955-1fc4555f10cb:c6710]
2019-09-19 11:27:17,387 [grpc-default-executor-6] INFO  client.GrpcClientProtocolClient (GrpcClientProtocolClient.java:onNext(264)) - client-D9B31DDCE961->18b22b39-7551-46dd-8464-dd74933c4739: receive RaftClientReply:client-D9B31DDCE961->18b22b39-7551-46dd-8464-dd74933c4739@group-597320EF17B3, cid=4447, SUCCESS, logIndex=6713, commits[18b22b39-7551-46dd-8464-dd74933c4739:c6714, 76d6a15c-8eeb-4764-b555-ce8767d18d57:c6712, c90dcfdf-5973-4b56-a955-1fc4555f10cb:c6712]
2019-09-19 11:27:17,388 [grpc-default-executor-6] INFO  client.GrpcClientProtocolClient (GrpcClientProtocolClient.java:onNext(264)) - client-D9B31DDCE961->18b22b39-7551-46dd-8464-dd74933c4739: receive RaftClientReply:client-D9B31DDCE961->18b22b39-7551-46dd-8464-dd74933c4739@group-597320EF17B3, cid=4448, SUCCESS, logIndex=6714, commits[18b22b39-7551-46dd-8464-dd74933c4739:c6714, 76d6a15c-8eeb-4764-b555-ce8767d18d57:c6712, c90dcfdf-5973-4b56-a955-1fc4555f10cb:c6712]
2019-09-19 11:27:17,388 [grpc-default-executor-6] INFO  client.GrpcClientProtocolClient (GrpcClientProtocolClient.java:onNext(264)) - client-D9B31DDCE961->18b22b39-7551-46dd-8464-dd74933c4739: receive RaftClientReply:client-D9B31DDCE961->18b22b39-7551-46dd-8464-dd74933c4739@group-597320EF17B3, cid=4449, SUCCESS, logIndex=6715, commits[18b22b39-7551-46dd-8464-dd74933c4739:c6715, 76d6a15c-8eeb-4764-b555-ce8767d18d57:c6712, c90dcfdf-5973-4b56-a955-1fc4555f10cb:c6712]
2019-09-19 11:27:17,388 [grpc-default-executor-6] INFO  client.GrpcClientProtocolClient (GrpcClientProtocolClient.java:onNext(264)) - client-D9B31DDCE961->18b22b39-7551-46dd-8464-dd74933c4739: receive RaftClientReply:client-D9B31DDCE961->18b22b39-7551-46dd-8464-dd74933c4739@group-597320EF17B3, cid=4450, SUCCESS, logIndex=6716, commits[18b22b39-7551-46dd-8464-dd74933c4739:c6716, 76d6a15c-8eeb-4764-b555-ce8767d18d57:c6712, c90dcfdf-5973-4b56-a955-1fc4555f10cb:c6712]
2019-09-19 11:27:17,390 [grpc-default-executor-6] INFO  client.GrpcClientProtocolClient (GrpcClientProtocolClient.java:onNext(264)) - client-D9B31DDCE961->18b22b39-7551-46dd-8464-dd74933c4739: receive RaftClientReply:client-D9B31DDCE961->18b22b39-7551-46dd-8464-dd74933c4739@group-597320EF17B3, cid=4451, SUCCESS, logIndex=0, commits[18b22b39-7551-46dd-8464-dd74933c4739:c6717, 76d6a15c-8eeb-4764-b555-ce8767d18d57:c6714, c90dcfdf-5973-4b56-a955-1fc4555f10cb:c6714]
2019-09-19 11:27:17,405 [grpc-default-executor-6] INFO  client.GrpcClientProtocolClient (GrpcClientProtocolClient.java:onNext(264)) - client-D9B31DDCE961->18b22b39-7551-46dd-8464-dd74933c4739: receive RaftClientReply:client-D9B31DDCE961->18b22b39-7551-46dd-8464-dd74933c4739@group-597320EF17B3, cid=4452, SUCCESS, logIndex=6721, commits[18b22b39-7551-46dd-8464-dd74933c4739:c6722, 76d6a15c-8eeb-4764-b555-ce8767d18d57:c6717, c90dcfdf-5973-4b56-a955-1fc4555f10cb:c6717]
2019-09-19 11:27:17,406 [grpc-default-executor-6] INFO  client.GrpcClientProtocolClient (GrpcClientProtocolClient.java:onNext(264)) - client-D9B31DDCE961->18b22b39-7551-46dd-8464-dd74933c4739: receive RaftClientReply:client-D9B31DDCE961->18b22b39-7551-46dd-8464-dd74933c4739@group-597320EF17B3, cid=4453, SUCCESS, logIndex=6722, commits[18b22b39-7551-46dd-8464-dd74933c4739:c6722, 76d6a15c-8eeb-4764-b555-ce8767d18d57:c6717, c90dcfdf-5973-4b56-a955-1fc4555f10cb:c6717]
2019-09-19 11:27:17,420 [grpc-default-executor-5] INFO  client.GrpcClientProtocolClient (GrpcClientProtocolClient.java:onNext(264)) - client-D9B31DDCE961->18b22b39-7551-46dd-8464-dd74933c4739: receive RaftClientReply:client-D9B31DDCE961->18b22b39-7551-46dd-8464-dd74933c4739@group-597320EF17B3, cid=4454, SUCCESS, logIndex=6725, commits[18b22b39-7551-46dd-8464-dd74933c4739:c6726, 76d6a15c-8eeb-4764-b555-ce8767d18d57:c6722, c90dcfdf-5973-4b56-a955-1fc4555f10cb:c6722]
2019-09-19 11:27:17,420 [grpc-default-executor-5] INFO  client.GrpcClientProtocolClient (GrpcClientProtocolClient.java:onNext(264)) - client-D9B31DDCE961->18b22b39-7551-46dd-8464-dd74933c4739: receive RaftClientReply:client-D9B31DDCE961->18b22b39-7551-46dd-8464-dd74933c4739@group-597320EF17B3, cid=4455, SUCCESS, logIndex=6726, commits[18b22b39-7551-46dd-8464-dd74933c4739:c6726, 76d6a15c-8eeb-4764-b555-ce8767d18d57:c6722, c90dcfdf-5973-4b56-a955-1fc4555f10cb:c6722]
2019-09-19 11:27:17,444 [grpc-default-executor-6] INFO  client.GrpcClientProtocolClient (GrpcClientProtocolClient.java:onNext(264)) - client-D9B31DDCE961->18b22b39-7551-46dd-8464-dd74933c4739: receive RaftClientReply:client-D9B31DDCE961->18b22b39-7551-46dd-8464-dd74933c4739@group-597320EF17B3, cid=4456, SUCCESS, logIndex=0, commits[18b22b39-7551-46dd-8464-dd74933c4739:c6727, 76d6a15c-8eeb-4764-b555-ce8767d18d57:c6726, c90dcfdf-5973-4b56-a955-1fc4555f10cb:c6726]
2019-09-19 11:27:17,494 [grpc-default-executor-5] INFO  client.GrpcClientProtocolClient (GrpcClientProtocolClient.java:onNext(264)) - client-D9B31DDCE961->18b22b39-7551-46dd-8464-dd74933c4739: receive RaftClientReply:client-D9B31DDCE961->18b22b39-7551-46dd-8464-dd74933c4739@group-597320EF17B3, cid=4457, SUCCESS, logIndex=6729, commits[18b22b39-7551-46dd-8464-dd74933c4739:c6730, 76d6a15c-8eeb-4764-b555-ce8767d18d57:c6728, c90dcfdf-5973-4b56-a955-1fc4555f10cb:c6728]
2019-09-19 11:27:17,494 [grpc-default-executor-5] INFO  client.GrpcClientProtocolClient (GrpcClientProtocolClient.java:onNext(264)) - client-D9B31DDCE961->18b22b39-7551-46dd-8464-dd74933c4739: receive RaftClientReply:client-D9B31DDCE961->18b22b39-7551-46dd-8464-dd74933c4739@group-597320EF17B3, cid=4458, SUCCESS, logIndex=6730, commits[18b22b39-7551-46dd-8464-dd74933c4739:c6730, 76d6a15c-8eeb-4764-b555-ce8767d18d57:c6728, c90dcfdf-5973-4b56-a955-1fc4555f10cb:c6728]
2019-09-19 11:27:17,495 [grpc-default-executor-5] INFO  client.GrpcClientProtocolClient (GrpcClientProtocolClient.java:onNext(264)) - client-D9B31DDCE961->18b22b39-7551-46dd-8464-dd74933c4739: receive RaftClientReply:client-D9B31DDCE961->18b22b39-7551-46dd-8464-dd74933c4739@group-597320EF17B3, cid=4459, SUCCESS, logIndex=6731, commits[18b22b39-7551-46dd-8464-dd74933c4739:c6732, 76d6a15c-8eeb-4764-b555-ce8767d18d57:c6728, c90dcfdf-5973-4b56-a955-1fc4555f10cb:c6728]
2019-09-19 11:27:17,495 [grpc-default-executor-5] INFO  client.GrpcClientProtocolClient (GrpcClientProtocolClient.java:onNext(264)) - client-D9B31DDCE961->18b22b39-7551-46dd-8464-dd74933c4739: receive RaftClientReply:client-D9B31DDCE961->18b22b39-7551-46dd-8464-dd74933c4739@group-597320EF17B3, cid=4460, SUCCESS, logIndex=6732, commits[18b22b39-7551-46dd-8464-dd74933c4739:c6732, 76d6a15c-8eeb-4764-b555-ce8767d18d57:c6728, c90dcfdf-5973-4b56-a955-1fc4555f10cb:c6728]
2019-09-19 11:27:17,497 [grpc-default-executor-5] INFO  client.GrpcClientProtocolClient (GrpcClientProtocolClient.java:onNext(264)) - client-D9B31DDCE961->18b22b39-7551-46dd-8464-dd74933c4739: receive RaftClientReply:client-D9B31DDCE961->18b22b39-7551-46dd-8464-dd74933c4739@group-597320EF17B3, cid=4461, SUCCESS, logIndex=0, commits[18b22b39-7551-46dd-8464-dd74933c4739:c6733, 76d6a15c-8eeb-4764-b555-ce8767d18d57:c6730, c90dcfdf-5973-4b56-a955-1fc4555f10cb:c6730]
2019-09-19 11:27:17,511 [grpc-default-executor-6] INFO  client.GrpcClientProtocolClient (GrpcClientProtocolClient.java:onNext(264)) - client-D9B31DDCE961->18b22b39-7551-46dd-8464-dd74933c4739: receive RaftClientReply:client-D9B31DDCE961->18b22b39-7551-46dd-8464-dd74933c4739@group-597320EF17B3, cid=4462, SUCCESS, logIndex=6737, commits[18b22b39-7551-46dd-8464-dd74933c4739:c6738, 76d6a15c-8eeb-4764-b555-ce8767d18d57:c6733, c90dcfdf-5973-4b56-a955-1fc4555f10cb:c6733]
2019-09-19 11:27:17,511 [grpc-default-executor-6] INFO  client.GrpcClientProtocolClient (GrpcClientProtocolClient.java:onNext(264)) - client-D9B31DDCE961->18b22b39-7551-46dd-8464-dd74933c4739: receive RaftClientReply:client-D9B31DDCE961->18b22b39-7551-46dd-8464-dd74933c4739@group-597320EF17B3, cid=4463, SUCCESS, logIndex=6738, commits[18b22b39-7551-46dd-8464-dd74933c4739:c6738, 76d6a15c-8eeb-4764-b555-ce8767d18d57:c6733, c90dcfdf-5973-4b56-a955-1fc4555f10cb:c6733]
2019-09-19 11:27:17,526 [grpc-default-executor-6] INFO  client.GrpcClientProtocolClient (GrpcClientProtocolClient.java:onNext(264)) - client-D9B31DDCE961->18b22b39-7551-46dd-8464-dd74933c4739: receive RaftClientReply:client-D9B31DDCE961->18b22b39-7551-46dd-8464-dd74933c4739@group-597320EF17B3, cid=4464, SUCCESS, logIndex=6741, commits[18b22b39-7551-46dd-8464-dd74933c4739:c6741, 76d6a15c-8eeb-4764-b555-ce8767d18d57:c6738, c90dcfdf-5973-4b56-a955-1fc4555f10cb:c6738]
2019-09-19 11:27:17,526 [grpc-default-executor-6] INFO  client.GrpcClientProtocolClient (GrpcClientProtocolClient.java:onNext(264)) - client-D9B31DDCE961->18b22b39-7551-46dd-8464-dd74933c4739: receive RaftClientReply:client-D9B31DDCE961->18b22b39-7551-46dd-8464-dd74933c4739@group-597320EF17B3, cid=4465, SUCCESS, logIndex=6742, commits[18b22b39-7551-46dd-8464-dd74933c4739:c6742, 76d6a15c-8eeb-4764-b555-ce8767d18d57:c6738, c90dcfdf-5973-4b56-a955-1fc4555f10cb:c6738]
2019-09-19 11:27:17,540 [grpc-default-executor-5] INFO  client.GrpcClientProtocolClient (GrpcClientProtocolClient.java:onNext(264)) - client-D9B31DDCE961->18b22b39-7551-46dd-8464-dd74933c4739: receive RaftClientReply:client-D9B31DDCE961->18b22b39-7551-46dd-8464-dd74933c4739@group-597320EF17B3, cid=4466, SUCCESS, logIndex=0, commits[18b22b39-7551-46dd-8464-dd74933c4739:c6744, 76d6a15c-8eeb-4764-b555-ce8767d18d57:c6742, c90dcfdf-5973-4b56-a955-1fc4555f10cb:c6742]
 0.00% |█                                                                                                    |  0/1 Time: 0:01:212019-09-19 11:27:17,569 [grpc-default-executor-7] INFO  client.GrpcClientProtocolClient (GrpcClientProtocolClient.java:onNext(264)) - client-D9B31DDCE961->18b22b39-7551-46dd-8464-dd74933c4739: receive RaftClientReply:client-D9B31DDCE961->18b22b39-7551-46dd-8464-dd74933c4739@group-597320EF17B3, cid=4467, SUCCESS, logIndex=6745, commits[18b22b39-7551-46dd-8464-dd74933c4739:c6746, 76d6a15c-8eeb-4764-b555-ce8767d18d57:c6744, c90dcfdf-5973-4b56-a955-1fc4555f10cb:c6744]
2019-09-19 11:27:17,570 [grpc-default-executor-7] INFO  client.GrpcClientProtocolClient (GrpcClientProtocolClient.java:onNext(264)) - client-D9B31DDCE961->18b22b39-7551-46dd-8464-dd74933c4739: receive RaftClientReply:client-D9B31DDCE961->18b22b39-7551-46dd-8464-dd74933c4739@group-597320EF17B3, cid=4468, SUCCESS, logIndex=6746, commits[18b22b39-7551-46dd-8464-dd74933c4739:c6746, 76d6a15c-8eeb-4764-b555-ce8767d18d57:c6744, c90dcfdf-5973-4b56-a955-1fc4555f10cb:c6744]
2019-09-19 11:27:17,570 [grpc-default-executor-7] INFO  client.GrpcClientProtocolClient (GrpcClientProtocolClient.java:onNext(264)) - client-D9B31DDCE961->18b22b39-7551-46dd-8464-dd74933c4739: receive RaftClientReply:client-D9B31DDCE961->18b22b39-7551-46dd-8464-dd74933c4739@group-597320EF17B3, cid=4469, SUCCESS, logIndex=6747, commits[18b22b39-7551-46dd-8464-dd74933c4739:c6747, 76d6a15c-8eeb-4764-b555-ce8767d18d57:c6744, c90dcfdf-5973-4b56-a955-1fc4555f10cb:c6744]
2019-09-19 11:27:17,571 [grpc-default-executor-7] INFO  client.GrpcClientProtocolClient (GrpcClientProtocolClient.java:onNext(264)) - client-D9B31DDCE961->18b22b39-7551-46dd-8464-dd74933c4739: receive RaftClientReply:client-D9B31DDCE961->18b22b39-7551-46dd-8464-dd74933c4739@group-597320EF17B3, cid=4470, SUCCESS, logIndex=6748, commits[18b22b39-7551-46dd-8464-dd74933c4739:c6748, 76d6a15c-8eeb-4764-b555-ce8767d18d57:c6744, c90dcfdf-5973-4b56-a955-1fc4555f10cb:c6744]
2019-09-19 11:27:17,574 [grpc-default-executor-1] INFO  client.GrpcClientProtocolClient (GrpcClientProtocolClient.java:onNext(264)) - client-D9B31DDCE961->18b22b39-7551-46dd-8464-dd74933c4739: receive RaftClientReply:client-D9B31DDCE961->18b22b39-7551-46dd-8464-dd74933c4739@group-597320EF17B3, cid=4471, SUCCESS, logIndex=0, commits[18b22b39-7551-46dd-8464-dd74933c4739:c6752, 76d6a15c-8eeb-4764-b555-ce8767d18d57:c6746, c90dcfdf-5973-4b56-a955-1fc4555f10cb:c6748]
2019-09-19 11:27:17,583 [grpc-default-executor-7] INFO  client.GrpcClientProtocolClient (GrpcClientProtocolClient.java:onNext(264)) - client-D9B31DDCE961->18b22b39-7551-46dd-8464-dd74933c4739: receive RaftClientReply:client-D9B31DDCE961->18b22b39-7551-46dd-8464-dd74933c4739@group-597320EF17B3, cid=4472, SUCCESS, logIndex=6753, commits[18b22b39-7551-46dd-8464-dd74933c4739:c6754, 76d6a15c-8eeb-4764-b555-ce8767d18d57:c6748, c90dcfdf-5973-4b56-a955-1fc4555f10cb:c6752]
2019-09-19 11:27:17,583 [grpc-default-executor-7] INFO  client.GrpcClientProtocolClient (GrpcClientProtocolClient.java:onNext(264)) - client-D9B31DDCE961->18b22b39-7551-46dd-8464-dd74933c4739: receive RaftClientReply:client-D9B31DDCE961->18b22b39-7551-46dd-8464-dd74933c4739@group-597320EF17B3, cid=4473, SUCCESS, logIndex=6754, commits[18b22b39-7551-46dd-8464-dd74933c4739:c6754, 76d6a15c-8eeb-4764-b555-ce8767d18d57:c6752, c90dcfdf-5973-4b56-a955-1fc4555f10cb:c6752]
2019-09-19 11:27:17,596 [grpc-default-executor-5] INFO  client.GrpcClientProtocolClient (GrpcClientProtocolClient.java:onNext(264)) - client-D9B31DDCE961->18b22b39-7551-46dd-8464-dd74933c4739: receive RaftClientReply:client-D9B31DDCE961->18b22b39-7551-46dd-8464-dd74933c4739@group-597320EF17B3, cid=4474, SUCCESS, logIndex=6757, commits[18b22b39-7551-46dd-8464-dd74933c4739:c6758, 76d6a15c-8eeb-4764-b555-ce8767d18d57:c6754, c90dcfdf-5973-4b56-a955-1fc4555f10cb:c6756]
2019-09-19 11:27:17,596 [grpc-default-executor-5] INFO  client.GrpcClientProtocolClient (GrpcClientProtocolClient.java:onNext(264)) - client-D9B31DDCE961->18b22b39-7551-46dd-8464-dd74933c4739: receive RaftClientReply:client-D9B31DDCE961->18b22b39-7551-46dd-8464-dd74933c4739@group-597320EF17B3, cid=4475, SUCCESS, logIndex=6758, commits[18b22b39-7551-46dd-8464-dd74933c4739:c6758, 76d6a15c-8eeb-4764-b555-ce8767d18d57:c6756, c90dcfdf-5973-4b56-a955-1fc4555f10cb:c6756]
2019-09-19 11:27:17,597 [grpc-default-executor-5] INFO  client.GrpcClientProtocolClient (GrpcClientProtocolClient.java:onNext(264)) - client-D9B31DDCE961->18b22b39-7551-46dd-8464-dd74933c4739: receive RaftClientReply:client-D9B31DDCE961->18b22b39-7551-46dd-8464-dd74933c4739@group-597320EF17B3, cid=4476, SUCCESS, logIndex=0, commits[18b22b39-7551-46dd-8464-dd74933c4739:c6759, 76d6a15c-8eeb-4764-b555-ce8767d18d57:c6758, c90dcfdf-5973-4b56-a955-1fc4555f10cb:c6758]
2019-09-19 11:27:17,642 [grpc-default-executor-5] INFO  client.GrpcClientProtocolClient (GrpcClientProtocolClient.java:onNext(264)) - client-D9B31DDCE961->18b22b39-7551-46dd-8464-dd74933c4739: receive RaftClientReply:client-D9B31DDCE961->18b22b39-7551-46dd-8464-dd74933c4739@group-597320EF17B3, cid=4477, SUCCESS, logIndex=6761, commits[18b22b39-7551-46dd-8464-dd74933c4739:c6762, 76d6a15c-8eeb-4764-b555-ce8767d18d57:c6760, c90dcfdf-5973-4b56-a955-1fc4555f10cb:c6760]
2019-09-19 11:27:17,643 [grpc-default-executor-5] INFO  client.GrpcClientProtocolClient (GrpcClientProtocolClient.java:onNext(264)) - client-D9B31DDCE961->18b22b39-7551-46dd-8464-dd74933c4739: receive RaftClientReply:client-D9B31DDCE961->18b22b39-7551-46dd-8464-dd74933c4739@group-597320EF17B3, cid=4478, SUCCESS, logIndex=6762, commits[18b22b39-7551-46dd-8464-dd74933c4739:c6762, 76d6a15c-8eeb-4764-b555-ce8767d18d57:c6760, c90dcfdf-5973-4b56-a955-1fc4555f10cb:c6760]
2019-09-19 11:27:17,643 [grpc-default-executor-5] INFO  client.GrpcClientProtocolClient (GrpcClientProtocolClient.java:onNext(264)) - client-D9B31DDCE961->18b22b39-7551-46dd-8464-dd74933c4739: receive RaftClientReply:client-D9B31DDCE961->18b22b39-7551-46dd-8464-dd74933c4739@group-597320EF17B3, cid=4479, SUCCESS, logIndex=6763, commits[18b22b39-7551-46dd-8464-dd74933c4739:c6763, 76d6a15c-8eeb-4764-b555-ce8767d18d57:c6760, c90dcfdf-5973-4b56-a955-1fc4555f10cb:c6760]
2019-09-19 11:27:17,644 [grpc-default-executor-5] INFO  client.GrpcClientProtocolClient (GrpcClientProtocolClient.java:onNext(264)) - client-D9B31DDCE961->18b22b39-7551-46dd-8464-dd74933c4739: receive RaftClientReply:client-D9B31DDCE961->18b22b39-7551-46dd-8464-dd74933c4739@group-597320EF17B3, cid=4480, SUCCESS, logIndex=6764, commits[18b22b39-7551-46dd-8464-dd74933c4739:c6764, 76d6a15c-8eeb-4764-b555-ce8767d18d57:c6760, c90dcfdf-5973-4b56-a955-1fc4555f10cb:c6760]
2019-09-19 11:27:17,657 [grpc-default-executor-5] INFO  client.GrpcClientProtocolClient (GrpcClientProtocolClient.java:onNext(264)) - client-D9B31DDCE961->18b22b39-7551-46dd-8464-dd74933c4739: receive RaftClientReply:client-D9B31DDCE961->18b22b39-7551-46dd-8464-dd74933c4739@group-597320EF17B3, cid=4481, SUCCESS, logIndex=0, commits[18b22b39-7551-46dd-8464-dd74933c4739:c6766, 76d6a15c-8eeb-4764-b555-ce8767d18d57:c6762, c90dcfdf-5973-4b56-a955-1fc4555f10cb:c6762]
2019-09-19 11:27:17,785 [grpc-default-executor-7] INFO  client.GrpcClientProtocolClient (GrpcClientProtocolClient.java:onNext(264)) - client-D9B31DDCE961->18b22b39-7551-46dd-8464-dd74933c4739: receive RaftClientReply:client-D9B31DDCE961->18b22b39-7551-46dd-8464-dd74933c4739@group-597320EF17B3, cid=4482, SUCCESS, logIndex=6769, commits[18b22b39-7551-46dd-8464-dd74933c4739:c6770, 76d6a15c-8eeb-4764-b555-ce8767d18d57:c6768, c90dcfdf-5973-4b56-a955-1fc4555f10cb:c6768]
2019-09-19 11:27:17,785 [grpc-default-executor-7] INFO  client.GrpcClientProtocolClient (GrpcClientProtocolClient.java:onNext(264)) - client-D9B31DDCE961->18b22b39-7551-46dd-8464-dd74933c4739: receive RaftClientReply:client-D9B31DDCE961->18b22b39-7551-46dd-8464-dd74933c4739@group-597320EF17B3, cid=4483, SUCCESS, logIndex=6770, commits[18b22b39-7551-46dd-8464-dd74933c4739:c6770, 76d6a15c-8eeb-4764-b555-ce8767d18d57:c6768, c90dcfdf-5973-4b56-a955-1fc4555f10cb:c6768]
2019-09-19 11:27:17,800 [grpc-default-executor-1] INFO  client.GrpcClientProtocolClient (GrpcClientProtocolClient.java:onNext(264)) - client-D9B31DDCE961->18b22b39-7551-46dd-8464-dd74933c4739: receive RaftClientReply:client-D9B31DDCE961->18b22b39-7551-46dd-8464-dd74933c4739@group-597320EF17B3, cid=4484, SUCCESS, logIndex=6773, commits[18b22b39-7551-46dd-8464-dd74933c4739:c6774, 76d6a15c-8eeb-4764-b555-ce8767d18d57:c6770, c90dcfdf-5973-4b56-a955-1fc4555f10cb:c6770]
2019-09-19 11:27:17,800 [grpc-default-executor-1] INFO  client.GrpcClientProtocolClient (GrpcClientProtocolClient.java:onNext(264)) - client-D9B31DDCE961->18b22b39-7551-46dd-8464-dd74933c4739: receive RaftClientReply:client-D9B31DDCE961->18b22b39-7551-46dd-8464-dd74933c4739@group-597320EF17B3, cid=4485, SUCCESS, logIndex=6774, commits[18b22b39-7551-46dd-8464-dd74933c4739:c6774, 76d6a15c-8eeb-4764-b555-ce8767d18d57:c6770, c90dcfdf-5973-4b56-a955-1fc4555f10cb:c6770]
2019-09-19 11:27:17,811 [grpc-default-executor-1] INFO  client.GrpcClientProtocolClient (GrpcClientProtocolClient.java:onNext(264)) - client-D9B31DDCE961->18b22b39-7551-46dd-8464-dd74933c4739: receive RaftClientReply:client-D9B31DDCE961->18b22b39-7551-46dd-8464-dd74933c4739@group-597320EF17B3, cid=4486, SUCCESS, logIndex=0, commits[18b22b39-7551-46dd-8464-dd74933c4739:c6775, 76d6a15c-8eeb-4764-b555-ce8767d18d57:c6774, c90dcfdf-5973-4b56-a955-1fc4555f10cb:c6774]
2019-09-19 11:27:17,847 [grpc-default-executor-7] INFO  client.GrpcClientProtocolClient (GrpcClientProtocolClient.java:onNext(264)) - client-D9B31DDCE961->18b22b39-7551-46dd-8464-dd74933c4739: receive RaftClientReply:client-D9B31DDCE961->18b22b39-7551-46dd-8464-dd74933c4739@group-597320EF17B3, cid=4487, SUCCESS, logIndex=6777, commits[18b22b39-7551-46dd-8464-dd74933c4739:c6777, 76d6a15c-8eeb-4764-b555-ce8767d18d57:c6776, c90dcfdf-5973-4b56-a955-1fc4555f10cb:c6776]
2019-09-19 11:27:17,848 [grpc-default-executor-7] INFO  client.GrpcClientProtocolClient (GrpcClientProtocolClient.java:onNext(264)) - client-D9B31DDCE961->18b22b39-7551-46dd-8464-dd74933c4739: receive RaftClientReply:client-D9B31DDCE961->18b22b39-7551-46dd-8464-dd74933c4739@group-597320EF17B3, cid=4488, SUCCESS, logIndex=6778, commits[18b22b39-7551-46dd-8464-dd74933c4739:c6778, 76d6a15c-8eeb-4764-b555-ce8767d18d57:c6776, c90dcfdf-5973-4b56-a955-1fc4555f10cb:c6776]
2019-09-19 11:27:17,849 [grpc-default-executor-1] INFO  client.GrpcClientProtocolClient (GrpcClientProtocolClient.java:onNext(264)) - client-D9B31DDCE961->18b22b39-7551-46dd-8464-dd74933c4739: receive RaftClientReply:client-D9B31DDCE961->18b22b39-7551-46dd-8464-dd74933c4739@group-597320EF17B3, cid=4489, SUCCESS, logIndex=6779, commits[18b22b39-7551-46dd-8464-dd74933c4739:c6779, 76d6a15c-8eeb-4764-b555-ce8767d18d57:c6776, c90dcfdf-5973-4b56-a955-1fc4555f10cb:c6776]
2019-09-19 11:27:17,850 [grpc-default-executor-1] INFO  client.GrpcClientProtocolClient (GrpcClientProtocolClient.java:onNext(264)) - client-D9B31DDCE961->18b22b39-7551-46dd-8464-dd74933c4739: receive RaftClientReply:client-D9B31DDCE961->18b22b39-7551-46dd-8464-dd74933c4739@group-597320EF17B3, cid=4490, SUCCESS, logIndex=6780, commits[18b22b39-7551-46dd-8464-dd74933c4739:c6780, 76d6a15c-8eeb-4764-b555-ce8767d18d57:c6776, c90dcfdf-5973-4b56-a955-1fc4555f10cb:c6776]
2019-09-19 11:27:17,861 [grpc-default-executor-1] INFO  client.GrpcClientProtocolClient (GrpcClientProtocolClient.java:onNext(264)) - client-D9B31DDCE961->18b22b39-7551-46dd-8464-dd74933c4739: receive RaftClientReply:client-D9B31DDCE961->18b22b39-7551-46dd-8464-dd74933c4739@group-597320EF17B3, cid=4491, SUCCESS, logIndex=0, commits[18b22b39-7551-46dd-8464-dd74933c4739:c6781, 76d6a15c-8eeb-4764-b555-ce8767d18d57:c6778, c90dcfdf-5973-4b56-a955-1fc4555f10cb:c6778]
2019-09-19 11:27:17,879 [grpc-default-executor-1] INFO  client.GrpcClientProtocolClient (GrpcClientProtocolClient.java:onNext(264)) - client-D9B31DDCE961->18b22b39-7551-46dd-8464-dd74933c4739: receive RaftClientReply:client-D9B31DDCE961->18b22b39-7551-46dd-8464-dd74933c4739@group-597320EF17B3, cid=4492, SUCCESS, logIndex=6785, commits[18b22b39-7551-46dd-8464-dd74933c4739:c6786, 76d6a15c-8eeb-4764-b555-ce8767d18d57:c6784, c90dcfdf-5973-4b56-a955-1fc4555f10cb:c6784]
2019-09-19 11:27:17,879 [grpc-default-executor-1] INFO  client.GrpcClientProtocolClient (GrpcClientProtocolClient.java:onNext(264)) - client-D9B31DDCE961->18b22b39-7551-46dd-8464-dd74933c4739: receive RaftClientReply:client-D9B31DDCE961->18b22b39-7551-46dd-8464-dd74933c4739@group-597320EF17B3, cid=4493, SUCCESS, logIndex=6786, commits[18b22b39-7551-46dd-8464-dd74933c4739:c6786, 76d6a15c-8eeb-4764-b555-ce8767d18d57:c6784, c90dcfdf-5973-4b56-a955-1fc4555f10cb:c6784]
2019-09-19 11:27:17,903 [grpc-default-executor-5] INFO  client.GrpcClientProtocolClient (GrpcClientProtocolClient.java:onNext(264)) - client-D9B31DDCE961->18b22b39-7551-46dd-8464-dd74933c4739: receive RaftClientReply:client-D9B31DDCE961->18b22b39-7551-46dd-8464-dd74933c4739@group-597320EF17B3, cid=4494, SUCCESS, logIndex=6789, commits[18b22b39-7551-46dd-8464-dd74933c4739:c6790, 76d6a15c-8eeb-4764-b555-ce8767d18d57:c6786, c90dcfdf-5973-4b56-a955-1fc4555f10cb:c6786]
2019-09-19 11:27:17,904 [grpc-default-executor-5] INFO  client.GrpcClientProtocolClient (GrpcClientProtocolClient.java:onNext(264)) - client-D9B31DDCE961->18b22b39-7551-46dd-8464-dd74933c4739: receive RaftClientReply:client-D9B31DDCE961->18b22b39-7551-46dd-8464-dd74933c4739@group-597320EF17B3, cid=4495, SUCCESS, logIndex=6790, commits[18b22b39-7551-46dd-8464-dd74933c4739:c6790, 76d6a15c-8eeb-4764-b555-ce8767d18d57:c6786, c90dcfdf-5973-4b56-a955-1fc4555f10cb:c6786]
2019-09-19 11:27:17,917 [grpc-default-executor-5] INFO  client.GrpcClientProtocolClient (GrpcClientProtocolClient.java:onNext(264)) - client-D9B31DDCE961->18b22b39-7551-46dd-8464-dd74933c4739: receive RaftClientReply:client-D9B31DDCE961->18b22b39-7551-46dd-8464-dd74933c4739@group-597320EF17B3, cid=4496, SUCCESS, logIndex=0, commits[18b22b39-7551-46dd-8464-dd74933c4739:c6792, 76d6a15c-8eeb-4764-b555-ce8767d18d57:c6790, c90dcfdf-5973-4b56-a955-1fc4555f10cb:c6790]
2019-09-19 11:27:17,951 [grpc-default-executor-7] INFO  client.GrpcClientProtocolClient (GrpcClientProtocolClient.java:onNext(264)) - client-D9B31DDCE961->18b22b39-7551-46dd-8464-dd74933c4739: receive RaftClientReply:client-D9B31DDCE961->18b22b39-7551-46dd-8464-dd74933c4739@group-597320EF17B3, cid=4497, SUCCESS, logIndex=6793, commits[18b22b39-7551-46dd-8464-dd74933c4739:c6794, 76d6a15c-8eeb-4764-b555-ce8767d18d57:c6792, c90dcfdf-5973-4b56-a955-1fc4555f10cb:c6792]
2019-09-19 11:27:17,952 [grpc-default-executor-7] INFO  client.GrpcClientProtocolClient (GrpcClientProtocolClient.java:onNext(264)) - client-D9B31DDCE961->18b22b39-7551-46dd-8464-dd74933c4739: receive RaftClientReply:client-D9B31DDCE961->18b22b39-7551-46dd-8464-dd74933c4739@group-597320EF17B3, cid=4498, SUCCESS, logIndex=6794, commits[18b22b39-7551-46dd-8464-dd74933c4739:c6796, 76d6a15c-8eeb-4764-b555-ce8767d18d57:c6792, c90dcfdf-5973-4b56-a955-1fc4555f10cb:c6792]
2019-09-19 11:27:17,952 [grpc-default-executor-7] INFO  client.GrpcClientProtocolClient (GrpcClientProtocolClient.java:onNext(264)) - client-D9B31DDCE961->18b22b39-7551-46dd-8464-dd74933c4739: receive RaftClientReply:client-D9B31DDCE961->18b22b39-7551-46dd-8464-dd74933c4739@group-597320EF17B3, cid=4499, SUCCESS, logIndex=6795, commits[18b22b39-7551-46dd-8464-dd74933c4739:c6796, 76d6a15c-8eeb-4764-b555-ce8767d18d57:c6792, c90dcfdf-5973-4b56-a955-1fc4555f10cb:c6792]
2019-09-19 11:27:17,952 [grpc-default-executor-7] INFO  client.GrpcClientProtocolClient (GrpcClientProtocolClient.java:onNext(264)) - client-D9B31DDCE961->18b22b39-7551-46dd-8464-dd74933c4739: receive RaftClientReply:client-D9B31DDCE961->18b22b39-7551-46dd-8464-dd74933c4739@group-597320EF17B3, cid=4500, SUCCESS, logIndex=6796, commits[18b22b39-7551-46dd-8464-dd74933c4739:c6796, 76d6a15c-8eeb-4764-b555-ce8767d18d57:c6792, c90dcfdf-5973-4b56-a955-1fc4555f10cb:c6792]
2019-09-19 11:27:17,965 [grpc-default-executor-5] INFO  client.GrpcClientProtocolClient (GrpcClientProtocolClient.java:onNext(264)) - client-D9B31DDCE961->18b22b39-7551-46dd-8464-dd74933c4739: receive RaftClientReply:client-D9B31DDCE961->18b22b39-7551-46dd-8464-dd74933c4739@group-597320EF17B3, cid=4501, SUCCESS, logIndex=0, commits[18b22b39-7551-46dd-8464-dd74933c4739:c6798, 76d6a15c-8eeb-4764-b555-ce8767d18d57:c6794, c90dcfdf-5973-4b56-a955-1fc4555f10cb:c6794]
2019-09-19 11:27:17,982 [grpc-default-executor-7] INFO  client.GrpcClientProtocolClient (GrpcClientProtocolClient.java:onNext(264)) - client-D9B31DDCE961->18b22b39-7551-46dd-8464-dd74933c4739: receive RaftClientReply:client-D9B31DDCE961->18b22b39-7551-46dd-8464-dd74933c4739@group-597320EF17B3, cid=4502, SUCCESS, logIndex=6801, commits[18b22b39-7551-46dd-8464-dd74933c4739:c6802, 76d6a15c-8eeb-4764-b555-ce8767d18d57:c6800, c90dcfdf-5973-4b56-a955-1fc4555f10cb:c6800]
2019-09-19 11:27:17,983 [grpc-default-executor-7] INFO  client.GrpcClientProtocolClient (GrpcClientProtocolClient.java:onNext(264)) - client-D9B31DDCE961->18b22b39-7551-46dd-8464-dd74933c4739: receive RaftClientReply:client-D9B31DDCE961->18b22b39-7551-46dd-8464-dd74933c4739@group-597320EF17B3, cid=4503, SUCCESS, logIndex=6802, commits[18b22b39-7551-46dd-8464-dd74933c4739:c6802, 76d6a15c-8eeb-4764-b555-ce8767d18d57:c6800, c90dcfdf-5973-4b56-a955-1fc4555f10cb:c6800]
2019-09-19 11:27:17,996 [grpc-default-executor-1] INFO  client.GrpcClientProtocolClient (GrpcClientProtocolClient.java:onNext(264)) - client-D9B31DDCE961->18b22b39-7551-46dd-8464-dd74933c4739: receive RaftClientReply:client-D9B31DDCE961->18b22b39-7551-46dd-8464-dd74933c4739@group-597320EF17B3, cid=4504, SUCCESS, logIndex=6805, commits[18b22b39-7551-46dd-8464-dd74933c4739:c6806, 76d6a15c-8eeb-4764-b555-ce8767d18d57:c6802, c90dcfdf-5973-4b56-a955-1fc4555f10cb:c6802]
2019-09-19 11:27:17,996 [grpc-default-executor-1] INFO  client.GrpcClientProtocolClient (GrpcClientProtocolClient.java:onNext(264)) - client-D9B31DDCE961->18b22b39-7551-46dd-8464-dd74933c4739: receive RaftClientReply:client-D9B31DDCE961->18b22b39-7551-46dd-8464-dd74933c4739@group-597320EF17B3, cid=4505, SUCCESS, logIndex=6806, commits[18b22b39-7551-46dd-8464-dd74933c4739:c6806, 76d6a15c-8eeb-4764-b555-ce8767d18d57:c6802, c90dcfdf-5973-4b56-a955-1fc4555f10cb:c6802]
2019-09-19 11:27:18,011 [grpc-default-executor-1] INFO  client.GrpcClientProtocolClient (GrpcClientProtocolClient.java:onNext(264)) - client-D9B31DDCE961->18b22b39-7551-46dd-8464-dd74933c4739: receive RaftClientReply:client-D9B31DDCE961->18b22b39-7551-46dd-8464-dd74933c4739@group-597320EF17B3, cid=4506, SUCCESS, logIndex=0, commits[18b22b39-7551-46dd-8464-dd74933c4739:c6808, 76d6a15c-8eeb-4764-b555-ce8767d18d57:c6806, c90dcfdf-5973-4b56-a955-1fc4555f10cb:c6806]
2019-09-19 11:27:18,044 [grpc-default-executor-5] INFO  client.GrpcClientProtocolClient (GrpcClientProtocolClient.java:onNext(264)) - client-D9B31DDCE961->18b22b39-7551-46dd-8464-dd74933c4739: receive RaftClientReply:client-D9B31DDCE961->18b22b39-7551-46dd-8464-dd74933c4739@group-597320EF17B3, cid=4507, SUCCESS, logIndex=6809, commits[18b22b39-7551-46dd-8464-dd74933c4739:c6810, 76d6a15c-8eeb-4764-b555-ce8767d18d57:c6808, c90dcfdf-5973-4b56-a955-1fc4555f10cb:c6808]
2019-09-19 11:27:18,044 [grpc-default-executor-6] INFO  client.GrpcClientProtocolClient (GrpcClientProtocolClient.java:onNext(264)) - client-D9B31DDCE961->18b22b39-7551-46dd-8464-dd74933c4739: receive RaftClientReply:client-D9B31DDCE961->18b22b39-7551-46dd-8464-dd74933c4739@group-597320EF17B3, cid=4508, SUCCESS, logIndex=6810, commits[18b22b39-7551-46dd-8464-dd74933c4739:c6810, 76d6a15c-8eeb-4764-b555-ce8767d18d57:c6808, c90dcfdf-5973-4b56-a955-1fc4555f10cb:c6808]
2019-09-19 11:27:18,044 [grpc-default-executor-6] INFO  client.GrpcClientProtocolClient (GrpcClientProtocolClient.java:onNext(264)) - client-D9B31DDCE961->18b22b39-7551-46dd-8464-dd74933c4739: receive RaftClientReply:client-D9B31DDCE961->18b22b39-7551-46dd-8464-dd74933c4739@group-597320EF17B3, cid=4509, SUCCESS, logIndex=6811, commits[18b22b39-7551-46dd-8464-dd74933c4739:c6812, 76d6a15c-8eeb-4764-b555-ce8767d18d57:c6808, c90dcfdf-5973-4b56-a955-1fc4555f10cb:c6808]
2019-09-19 11:27:18,045 [grpc-default-executor-6] INFO  client.GrpcClientProtocolClient (GrpcClientProtocolClient.java:onNext(264)) - client-D9B31DDCE961->18b22b39-7551-46dd-8464-dd74933c4739: receive RaftClientReply:client-D9B31DDCE961->18b22b39-7551-46dd-8464-dd74933c4739@group-597320EF17B3, cid=4510, SUCCESS, logIndex=6812, commits[18b22b39-7551-46dd-8464-dd74933c4739:c6812, 76d6a15c-8eeb-4764-b555-ce8767d18d57:c6808, c90dcfdf-5973-4b56-a955-1fc4555f10cb:c6808]
2019-09-19 11:27:18,046 [grpc-default-executor-6] INFO  client.GrpcClientProtocolClient (GrpcClientProtocolClient.java:onNext(264)) - client-D9B31DDCE961->18b22b39-7551-46dd-8464-dd74933c4739: receive RaftClientReply:client-D9B31DDCE961->18b22b39-7551-46dd-8464-dd74933c4739@group-597320EF17B3, cid=4511, SUCCESS, logIndex=0, commits[18b22b39-7551-46dd-8464-dd74933c4739:c6813, 76d6a15c-8eeb-4764-b555-ce8767d18d57:c6810, c90dcfdf-5973-4b56-a955-1fc4555f10cb:c6810]
2019-09-19 11:27:18,064 [grpc-default-executor-1] INFO  client.GrpcClientProtocolClient (GrpcClientProtocolClient.java:onNext(264)) - client-D9B31DDCE961->18b22b39-7551-46dd-8464-dd74933c4739: receive RaftClientReply:client-D9B31DDCE961->18b22b39-7551-46dd-8464-dd74933c4739@group-597320EF17B3, cid=4512, SUCCESS, logIndex=6817, commits[18b22b39-7551-46dd-8464-dd74933c4739:c6818, 76d6a15c-8eeb-4764-b555-ce8767d18d57:c6816, c90dcfdf-5973-4b56-a955-1fc4555f10cb:c6816]
2019-09-19 11:27:18,064 [grpc-default-executor-1] INFO  client.GrpcClientProtocolClient (GrpcClientProtocolClient.java:onNext(264)) - client-D9B31DDCE961->18b22b39-7551-46dd-8464-dd74933c4739: receive RaftClientReply:client-D9B31DDCE961->18b22b39-7551-46dd-8464-dd74933c4739@group-597320EF17B3, cid=4513, SUCCESS, logIndex=6818, commits[18b22b39-7551-46dd-8464-dd74933c4739:c6818, 76d6a15c-8eeb-4764-b555-ce8767d18d57:c6816, c90dcfdf-5973-4b56-a955-1fc4555f10cb:c6816]
2019-09-19 11:27:18,081 [grpc-default-executor-1] INFO  client.GrpcClientProtocolClient (GrpcClientProtocolClient.java:onNext(264)) - client-D9B31DDCE961->18b22b39-7551-46dd-8464-dd74933c4739: receive RaftClientReply:client-D9B31DDCE961->18b22b39-7551-46dd-8464-dd74933c4739@group-597320EF17B3, cid=4514, SUCCESS, logIndex=6821, commits[18b22b39-7551-46dd-8464-dd74933c4739:c6822, 76d6a15c-8eeb-4764-b555-ce8767d18d57:c6819, c90dcfdf-5973-4b56-a955-1fc4555f10cb:c6819]
2019-09-19 11:27:18,082 [grpc-default-executor-1] INFO  client.GrpcClientProtocolClient (GrpcClientProtocolClient.java:onNext(264)) - client-D9B31DDCE961->18b22b39-7551-46dd-8464-dd74933c4739: receive RaftClientReply:client-D9B31DDCE961->18b22b39-7551-46dd-8464-dd74933c4739@group-597320EF17B3, cid=4515, SUCCESS, logIndex=6822, commits[18b22b39-7551-46dd-8464-dd74933c4739:c6822, 76d6a15c-8eeb-4764-b555-ce8767d18d57:c6819, c90dcfdf-5973-4b56-a955-1fc4555f10cb:c6819]
2019-09-19 11:27:18,094 [grpc-default-executor-1] INFO  client.GrpcClientProtocolClient (GrpcClientProtocolClient.java:onNext(264)) - client-D9B31DDCE961->18b22b39-7551-46dd-8464-dd74933c4739: receive RaftClientReply:client-D9B31DDCE961->18b22b39-7551-46dd-8464-dd74933c4739@group-597320EF17B3, cid=4516, SUCCESS, logIndex=0, commits[18b22b39-7551-46dd-8464-dd74933c4739:c6824, 76d6a15c-8eeb-4764-b555-ce8767d18d57:c6822, c90dcfdf-5973-4b56-a955-1fc4555f10cb:c6822]
2019-09-19 11:27:18,124 [grpc-default-executor-1] INFO  client.GrpcClientProtocolClient (GrpcClientProtocolClient.java:onNext(264)) - client-D9B31DDCE961->18b22b39-7551-46dd-8464-dd74933c4739: receive RaftClientReply:client-D9B31DDCE961->18b22b39-7551-46dd-8464-dd74933c4739@group-597320EF17B3, cid=4517, SUCCESS, logIndex=6825, commits[18b22b39-7551-46dd-8464-dd74933c4739:c6826, 76d6a15c-8eeb-4764-b555-ce8767d18d57:c6824, c90dcfdf-5973-4b56-a955-1fc4555f10cb:c6824]
2019-09-19 11:27:18,125 [grpc-default-executor-7] INFO  client.GrpcClientProtocolClient (GrpcClientProtocolClient.java:onNext(264)) - client-D9B31DDCE961->18b22b39-7551-46dd-8464-dd74933c4739: receive RaftClientReply:client-D9B31DDCE961->18b22b39-7551-46dd-8464-dd74933c4739@group-597320EF17B3, cid=4518, SUCCESS, logIndex=6826, commits[18b22b39-7551-46dd-8464-dd74933c4739:c6826, 76d6a15c-8eeb-4764-b555-ce8767d18d57:c6824, c90dcfdf-5973-4b56-a955-1fc4555f10cb:c6824]
2019-09-19 11:27:18,125 [grpc-default-executor-7] INFO  client.GrpcClientProtocolClient (GrpcClientProtocolClient.java:onNext(264)) - client-D9B31DDCE961->18b22b39-7551-46dd-8464-dd74933c4739: receive RaftClientReply:client-D9B31DDCE961->18b22b39-7551-46dd-8464-dd74933c4739@group-597320EF17B3, cid=4519, SUCCESS, logIndex=6827, commits[18b22b39-7551-46dd-8464-dd74933c4739:c6828, 76d6a15c-8eeb-4764-b555-ce8767d18d57:c6824, c90dcfdf-5973-4b56-a955-1fc4555f10cb:c6824]
2019-09-19 11:27:18,125 [grpc-default-executor-7] INFO  client.GrpcClientProtocolClient (GrpcClientProtocolClient.java:onNext(264)) - client-D9B31DDCE961->18b22b39-7551-46dd-8464-dd74933c4739: receive RaftClientReply:client-D9B31DDCE961->18b22b39-7551-46dd-8464-dd74933c4739@group-597320EF17B3, cid=4520, SUCCESS, logIndex=6828, commits[18b22b39-7551-46dd-8464-dd74933c4739:c6828, 76d6a15c-8eeb-4764-b555-ce8767d18d57:c6824, c90dcfdf-5973-4b56-a955-1fc4555f10cb:c6824]
2019-09-19 11:27:18,128 [grpc-default-executor-7] INFO  client.GrpcClientProtocolClient (GrpcClientProtocolClient.java:onNext(264)) - client-D9B31DDCE961->18b22b39-7551-46dd-8464-dd74933c4739: receive RaftClientReply:client-D9B31DDCE961->18b22b39-7551-46dd-8464-dd74933c4739@group-597320EF17B3, cid=4521, SUCCESS, logIndex=0, commits[18b22b39-7551-46dd-8464-dd74933c4739:c6829, 76d6a15c-8eeb-4764-b555-ce8767d18d57:c6826, c90dcfdf-5973-4b56-a955-1fc4555f10cb:c6826]
2019-09-19 11:27:18,154 [grpc-default-executor-6] INFO  client.GrpcClientProtocolClient (GrpcClientProtocolClient.java:onNext(264)) - client-D9B31DDCE961->18b22b39-7551-46dd-8464-dd74933c4739: receive RaftClientReply:client-D9B31DDCE961->18b22b39-7551-46dd-8464-dd74933c4739@group-597320EF17B3, cid=4522, SUCCESS, logIndex=6833, commits[18b22b39-7551-46dd-8464-dd74933c4739:c6834, 76d6a15c-8eeb-4764-b555-ce8767d18d57:c6832, c90dcfdf-5973-4b56-a955-1fc4555f10cb:c6832]
2019-09-19 11:27:18,154 [grpc-default-executor-6] INFO  client.GrpcClientProtocolClient (GrpcClientProtocolClient.java:onNext(264)) - client-D9B31DDCE961->18b22b39-7551-46dd-8464-dd74933c4739: receive RaftClientReply:client-D9B31DDCE961->18b22b39-7551-46dd-8464-dd74933c4739@group-597320EF17B3, cid=4523, SUCCESS, logIndex=6834, commits[18b22b39-7551-46dd-8464-dd74933c4739:c6834, 76d6a15c-8eeb-4764-b555-ce8767d18d57:c6832, c90dcfdf-5973-4b56-a955-1fc4555f10cb:c6832]
2019-09-19 11:27:18,170 [grpc-default-executor-7] INFO  client.GrpcClientProtocolClient (GrpcClientProtocolClient.java:onNext(264)) - client-D9B31DDCE961->18b22b39-7551-46dd-8464-dd74933c4739: receive RaftClientReply:client-D9B31DDCE961->18b22b39-7551-46dd-8464-dd74933c4739@group-597320EF17B3, cid=4524, SUCCESS, logIndex=6837, commits[18b22b39-7551-46dd-8464-dd74933c4739:c6838, 76d6a15c-8eeb-4764-b555-ce8767d18d57:c6835, c90dcfdf-5973-4b56-a955-1fc4555f10cb:c6835]
2019-09-19 11:27:18,170 [grpc-default-executor-7] INFO  client.GrpcClientProtocolClient (GrpcClientProtocolClient.java:onNext(264)) - client-D9B31DDCE961->18b22b39-7551-46dd-8464-dd74933c4739: receive RaftClientReply:client-D9B31DDCE961->18b22b39-7551-46dd-8464-dd74933c4739@group-597320EF17B3, cid=4525, SUCCESS, logIndex=6838, commits[18b22b39-7551-46dd-8464-dd74933c4739:c6838, 76d6a15c-8eeb-4764-b555-ce8767d18d57:c6835, c90dcfdf-5973-4b56-a955-1fc4555f10cb:c6835]
2019-09-19 11:27:18,187 [grpc-default-executor-7] INFO  client.GrpcClientProtocolClient (GrpcClientProtocolClient.java:onNext(264)) - client-D9B31DDCE961->18b22b39-7551-46dd-8464-dd74933c4739: receive RaftClientReply:client-D9B31DDCE961->18b22b39-7551-46dd-8464-dd74933c4739@group-597320EF17B3, cid=4526, SUCCESS, logIndex=0, commits[18b22b39-7551-46dd-8464-dd74933c4739:c6840, 76d6a15c-8eeb-4764-b555-ce8767d18d57:c6838, c90dcfdf-5973-4b56-a955-1fc4555f10cb:c6838]
2019-09-19 11:27:18,236 [grpc-default-executor-1] INFO  client.GrpcClientProtocolClient (GrpcClientProtocolClient.java:onNext(264)) - client-D9B31DDCE961->18b22b39-7551-46dd-8464-dd74933c4739: receive RaftClientReply:client-D9B31DDCE961->18b22b39-7551-46dd-8464-dd74933c4739@group-597320EF17B3, cid=4527, SUCCESS, logIndex=6841, commits[18b22b39-7551-46dd-8464-dd74933c4739:c6842, 76d6a15c-8eeb-4764-b555-ce8767d18d57:c6840, c90dcfdf-5973-4b56-a955-1fc4555f10cb:c6840]
2019-09-19 11:27:18,236 [grpc-default-executor-1] INFO  client.GrpcClientProtocolClient (GrpcClientProtocolClient.java:onNext(264)) - client-D9B31DDCE961->18b22b39-7551-46dd-8464-dd74933c4739: receive RaftClientReply:client-D9B31DDCE961->18b22b39-7551-46dd-8464-dd74933c4739@group-597320EF17B3, cid=4528, SUCCESS, logIndex=6842, commits[18b22b39-7551-46dd-8464-dd74933c4739:c6842, 76d6a15c-8eeb-4764-b555-ce8767d18d57:c6840, c90dcfdf-5973-4b56-a955-1fc4555f10cb:c6840]
2019-09-19 11:27:18,248 [grpc-default-executor-1] INFO  client.GrpcClientProtocolClient (GrpcClientProtocolClient.java:onNext(264)) - client-D9B31DDCE961->18b22b39-7551-46dd-8464-dd74933c4739: receive RaftClientReply:client-D9B31DDCE961->18b22b39-7551-46dd-8464-dd74933c4739@group-597320EF17B3, cid=4529, SUCCESS, logIndex=6843, commits[18b22b39-7551-46dd-8464-dd74933c4739:c6844, 76d6a15c-8eeb-4764-b555-ce8767d18d57:c6840, c90dcfdf-5973-4b56-a955-1fc4555f10cb:c6840]
2019-09-19 11:27:18,248 [grpc-default-executor-1] INFO  client.GrpcClientProtocolClient (GrpcClientProtocolClient.java:onNext(264)) - client-D9B31DDCE961->18b22b39-7551-46dd-8464-dd74933c4739: receive RaftClientReply:client-D9B31DDCE961->18b22b39-7551-46dd-8464-dd74933c4739@group-597320EF17B3, cid=4530, SUCCESS, logIndex=6844, commits[18b22b39-7551-46dd-8464-dd74933c4739:c6844, 76d6a15c-8eeb-4764-b555-ce8767d18d57:c6840, c90dcfdf-5973-4b56-a955-1fc4555f10cb:c6840]
2019-09-19 11:27:18,251 [grpc-default-executor-1] INFO  client.GrpcClientProtocolClient (GrpcClientProtocolClient.java:onNext(264)) - client-D9B31DDCE961->18b22b39-7551-46dd-8464-dd74933c4739: receive RaftClientReply:client-D9B31DDCE961->18b22b39-7551-46dd-8464-dd74933c4739@group-597320EF17B3, cid=4531, SUCCESS, logIndex=0, commits[18b22b39-7551-46dd-8464-dd74933c4739:c6846, 76d6a15c-8eeb-4764-b555-ce8767d18d57:c6842, c90dcfdf-5973-4b56-a955-1fc4555f10cb:c6842]
2019-09-19 11:27:18,264 [grpc-default-executor-1] INFO  client.GrpcClientProtocolClient (GrpcClientProtocolClient.java:onNext(264)) - client-D9B31DDCE961->18b22b39-7551-46dd-8464-dd74933c4739: receive RaftClientReply:client-D9B31DDCE961->18b22b39-7551-46dd-8464-dd74933c4739@group-597320EF17B3, cid=4532, SUCCESS, logIndex=6849, commits[18b22b39-7551-46dd-8464-dd74933c4739:c6850, 76d6a15c-8eeb-4764-b555-ce8767d18d57:c6848, c90dcfdf-5973-4b56-a955-1fc4555f10cb:c6844]
2019-09-19 11:27:18,265 [grpc-default-executor-1] INFO  client.GrpcClientProtocolClient (GrpcClientProtocolClient.java:onNext(264)) - client-D9B31DDCE961->18b22b39-7551-46dd-8464-dd74933c4739: receive RaftClientReply:client-D9B31DDCE961->18b22b39-7551-46dd-8464-dd74933c4739@group-597320EF17B3, cid=4533, SUCCESS, logIndex=6850, commits[18b22b39-7551-46dd-8464-dd74933c4739:c6850, 76d6a15c-8eeb-4764-b555-ce8767d18d57:c6848, c90dcfdf-5973-4b56-a955-1fc4555f10cb:c6844]
2019-09-19 11:27:18,279 [grpc-default-executor-1] INFO  client.GrpcClientProtocolClient (GrpcClientProtocolClient.java:onNext(264)) - client-D9B31DDCE961->18b22b39-7551-46dd-8464-dd74933c4739: receive RaftClientReply:client-D9B31DDCE961->18b22b39-7551-46dd-8464-dd74933c4739@group-597320EF17B3, cid=4534, SUCCESS, logIndex=6853, commits[18b22b39-7551-46dd-8464-dd74933c4739:c6854, 76d6a15c-8eeb-4764-b555-ce8767d18d57:c6850, c90dcfdf-5973-4b56-a955-1fc4555f10cb:c6850]
2019-09-19 11:27:18,279 [grpc-default-executor-1] INFO  client.GrpcClientProtocolClient (GrpcClientProtocolClient.java:onNext(264)) - client-D9B31DDCE961->18b22b39-7551-46dd-8464-dd74933c4739: receive RaftClientReply:client-D9B31DDCE961->18b22b39-7551-46dd-8464-dd74933c4739@group-597320EF17B3, cid=4535, SUCCESS, logIndex=6854, commits[18b22b39-7551-46dd-8464-dd74933c4739:c6854, 76d6a15c-8eeb-4764-b555-ce8767d18d57:c6850, c90dcfdf-5973-4b56-a955-1fc4555f10cb:c6850]
2019-09-19 11:27:18,294 [grpc-default-executor-1] INFO  client.GrpcClientProtocolClient (GrpcClientProtocolClient.java:onNext(264)) - client-D9B31DDCE961->18b22b39-7551-46dd-8464-dd74933c4739: receive RaftClientReply:client-D9B31DDCE961->18b22b39-7551-46dd-8464-dd74933c4739@group-597320EF17B3, cid=4536, SUCCESS, logIndex=0, commits[18b22b39-7551-46dd-8464-dd74933c4739:c6854, 76d6a15c-8eeb-4764-b555-ce8767d18d57:c6854, c90dcfdf-5973-4b56-a955-1fc4555f10cb:c6854]
2019-09-19 11:27:18,325 [grpc-default-executor-6] INFO  client.GrpcClientProtocolClient (GrpcClientProtocolClient.java:onNext(264)) - client-D9B31DDCE961->18b22b39-7551-46dd-8464-dd74933c4739: receive RaftClientReply:client-D9B31DDCE961->18b22b39-7551-46dd-8464-dd74933c4739@group-597320EF17B3, cid=4537, SUCCESS, logIndex=6856, commits[18b22b39-7551-46dd-8464-dd74933c4739:c6857, 76d6a15c-8eeb-4764-b555-ce8767d18d57:c6855, c90dcfdf-5973-4b56-a955-1fc4555f10cb:c6855]
2019-09-19 11:27:18,326 [grpc-default-executor-6] INFO  client.GrpcClientProtocolClient (GrpcClientProtocolClient.java:onNext(264)) - client-D9B31DDCE961->18b22b39-7551-46dd-8464-dd74933c4739: receive RaftClientReply:client-D9B31DDCE961->18b22b39-7551-46dd-8464-dd74933c4739@group-597320EF17B3, cid=4538, SUCCESS, logIndex=6857, commits[18b22b39-7551-46dd-8464-dd74933c4739:c6857, 76d6a15c-8eeb-4764-b555-ce8767d18d57:c6855, c90dcfdf-5973-4b56-a955-1fc4555f10cb:c6855]
2019-09-19 11:27:18,328 [grpc-default-executor-6] INFO  client.GrpcClientProtocolClient (GrpcClientProtocolClient.java:onNext(264)) - client-D9B31DDCE961->18b22b39-7551-46dd-8464-dd74933c4739: receive RaftClientReply:client-D9B31DDCE961->18b22b39-7551-46dd-8464-dd74933c4739@group-597320EF17B3, cid=4539, SUCCESS, logIndex=6858, commits[18b22b39-7551-46dd-8464-dd74933c4739:c6859, 76d6a15c-8eeb-4764-b555-ce8767d18d57:c6855, c90dcfdf-5973-4b56-a955-1fc4555f10cb:c6855]
2019-09-19 11:27:18,328 [grpc-default-executor-6] INFO  client.GrpcClientProtocolClient (GrpcClientProtocolClient.java:onNext(264)) - client-D9B31DDCE961->18b22b39-7551-46dd-8464-dd74933c4739: receive RaftClientReply:client-D9B31DDCE961->18b22b39-7551-46dd-8464-dd74933c4739@group-597320EF17B3, cid=4540, SUCCESS, logIndex=6859, commits[18b22b39-7551-46dd-8464-dd74933c4739:c6859, 76d6a15c-8eeb-4764-b555-ce8767d18d57:c6855, c90dcfdf-5973-4b56-a955-1fc4555f10cb:c6855]
2019-09-19 11:27:18,340 [grpc-default-executor-7] INFO  client.GrpcClientProtocolClient (GrpcClientProtocolClient.java:onNext(264)) - client-D9B31DDCE961->18b22b39-7551-46dd-8464-dd74933c4739: receive RaftClientReply:client-D9B31DDCE961->18b22b39-7551-46dd-8464-dd74933c4739@group-597320EF17B3, cid=4541, SUCCESS, logIndex=0, commits[18b22b39-7551-46dd-8464-dd74933c4739:c6861, 76d6a15c-8eeb-4764-b555-ce8767d18d57:c6857, c90dcfdf-5973-4b56-a955-1fc4555f10cb:c6857]
2019-09-19 11:27:18,350 [grpc-default-executor-1] INFO  client.GrpcClientProtocolClient (GrpcClientProtocolClient.java:onNext(264)) - client-D9B31DDCE961->18b22b39-7551-46dd-8464-dd74933c4739: receive RaftClientReply:client-D9B31DDCE961->18b22b39-7551-46dd-8464-dd74933c4739@group-597320EF17B3, cid=4542, SUCCESS, logIndex=6864, commits[18b22b39-7551-46dd-8464-dd74933c4739:c6865, 76d6a15c-8eeb-4764-b555-ce8767d18d57:c6863, c90dcfdf-5973-4b56-a955-1fc4555f10cb:c6859]
2019-09-19 11:27:18,351 [grpc-default-executor-1] INFO  client.GrpcClientProtocolClient (GrpcClientProtocolClient.java:onNext(264)) - client-D9B31DDCE961->18b22b39-7551-46dd-8464-dd74933c4739: receive RaftClientReply:client-D9B31DDCE961->18b22b39-7551-46dd-8464-dd74933c4739@group-597320EF17B3, cid=4543, SUCCESS, logIndex=6865, commits[18b22b39-7551-46dd-8464-dd74933c4739:c6865, 76d6a15c-8eeb-4764-b555-ce8767d18d57:c6863, c90dcfdf-5973-4b56-a955-1fc4555f10cb:c6863]
2019-09-19 11:27:18,359 [grpc-default-executor-1] INFO  client.GrpcClientProtocolClient (GrpcClientProtocolClient.java:onNext(264)) - client-D9B31DDCE961->18b22b39-7551-46dd-8464-dd74933c4739: receive RaftClientReply:client-D9B31DDCE961->18b22b39-7551-46dd-8464-dd74933c4739@group-597320EF17B3, cid=4544, SUCCESS, logIndex=6868, commits[18b22b39-7551-46dd-8464-dd74933c4739:c6869, 76d6a15c-8eeb-4764-b555-ce8767d18d57:c6867, c90dcfdf-5973-4b56-a955-1fc4555f10cb:c6865]
2019-09-19 11:27:18,359 [grpc-default-executor-1] INFO  client.GrpcClientProtocolClient (GrpcClientProtocolClient.java:onNext(264)) - client-D9B31DDCE961->18b22b39-7551-46dd-8464-dd74933c4739: receive RaftClientReply:client-D9B31DDCE961->18b22b39-7551-46dd-8464-dd74933c4739@group-597320EF17B3, cid=4545, SUCCESS, logIndex=6869, commits[18b22b39-7551-46dd-8464-dd74933c4739:c6869, 76d6a15c-8eeb-4764-b555-ce8767d18d57:c6867, c90dcfdf-5973-4b56-a955-1fc4555f10cb:c6867]
2019-09-19 11:27:18,361 [grpc-default-executor-1] INFO  client.GrpcClientProtocolClient (GrpcClientProtocolClient.java:onNext(264)) - client-D9B31DDCE961->18b22b39-7551-46dd-8464-dd74933c4739: receive RaftClientReply:client-D9B31DDCE961->18b22b39-7551-46dd-8464-dd74933c4739@group-597320EF17B3, cid=4546, SUCCESS, logIndex=0, commits[18b22b39-7551-46dd-8464-dd74933c4739:c6871, 76d6a15c-8eeb-4764-b555-ce8767d18d57:c6869, c90dcfdf-5973-4b56-a955-1fc4555f10cb:c6869]
2019-09-19 11:27:18,382 [grpc-default-executor-5] INFO  client.GrpcClientProtocolClient (GrpcClientProtocolClient.java:onNext(264)) - client-D9B31DDCE961->18b22b39-7551-46dd-8464-dd74933c4739: receive RaftClientReply:client-D9B31DDCE961->18b22b39-7551-46dd-8464-dd74933c4739@group-597320EF17B3, cid=4547, SUCCESS, logIndex=6872, commits[18b22b39-7551-46dd-8464-dd74933c4739:c6873, 76d6a15c-8eeb-4764-b555-ce8767d18d57:c6871, c90dcfdf-5973-4b56-a955-1fc4555f10cb:c6869]
2019-09-19 11:27:18,382 [grpc-default-executor-5] INFO  client.GrpcClientProtocolClient (GrpcClientProtocolClient.java:onNext(264)) - client-D9B31DDCE961->18b22b39-7551-46dd-8464-dd74933c4739: receive RaftClientReply:client-D9B31DDCE961->18b22b39-7551-46dd-8464-dd74933c4739@group-597320EF17B3, cid=4548, SUCCESS, logIndex=6873, commits[18b22b39-7551-46dd-8464-dd74933c4739:c6873, 76d6a15c-8eeb-4764-b555-ce8767d18d57:c6871, c90dcfdf-5973-4b56-a955-1fc4555f10cb:c6869]
2019-09-19 11:27:18,382 [grpc-default-executor-5] INFO  client.GrpcClientProtocolClient (GrpcClientProtocolClient.java:onNext(264)) - client-D9B31DDCE961->18b22b39-7551-46dd-8464-dd74933c4739: receive RaftClientReply:client-D9B31DDCE961->18b22b39-7551-46dd-8464-dd74933c4739@group-597320EF17B3, cid=4549, SUCCESS, logIndex=6874, commits[18b22b39-7551-46dd-8464-dd74933c4739:c6875, 76d6a15c-8eeb-4764-b555-ce8767d18d57:c6871, c90dcfdf-5973-4b56-a955-1fc4555f10cb:c6869]
2019-09-19 11:27:18,383 [grpc-default-executor-6] INFO  client.GrpcClientProtocolClient (GrpcClientProtocolClient.java:onNext(264)) - client-D9B31DDCE961->18b22b39-7551-46dd-8464-dd74933c4739: receive RaftClientReply:client-D9B31DDCE961->18b22b39-7551-46dd-8464-dd74933c4739@group-597320EF17B3, cid=4550, SUCCESS, logIndex=6875, commits[18b22b39-7551-46dd-8464-dd74933c4739:c6875, 76d6a15c-8eeb-4764-b555-ce8767d18d57:c6871, c90dcfdf-5973-4b56-a955-1fc4555f10cb:c6869]
2019-09-19 11:27:18,384 [grpc-default-executor-5] INFO  client.GrpcClientProtocolClient (GrpcClientProtocolClient.java:onNext(264)) - client-D9B31DDCE961->18b22b39-7551-46dd-8464-dd74933c4739: receive RaftClientReply:client-D9B31DDCE961->18b22b39-7551-46dd-8464-dd74933c4739@group-597320EF17B3, cid=4551, SUCCESS, logIndex=0, commits[18b22b39-7551-46dd-8464-dd74933c4739:c6877, 76d6a15c-8eeb-4764-b555-ce8767d18d57:c6873, c90dcfdf-5973-4b56-a955-1fc4555f10cb:c6873]
2019-09-19 11:27:18,408 [grpc-default-executor-6] INFO  client.GrpcClientProtocolClient (GrpcClientProtocolClient.java:onNext(264)) - client-D9B31DDCE961->18b22b39-7551-46dd-8464-dd74933c4739: receive RaftClientReply:client-D9B31DDCE961->18b22b39-7551-46dd-8464-dd74933c4739@group-597320EF17B3, cid=4552, SUCCESS, logIndex=6880, commits[18b22b39-7551-46dd-8464-dd74933c4739:c6881, 76d6a15c-8eeb-4764-b555-ce8767d18d57:c6879, c90dcfdf-5973-4b56-a955-1fc4555f10cb:c6879]
2019-09-19 11:27:18,409 [grpc-default-executor-6] INFO  client.GrpcClientProtocolClient (GrpcClientProtocolClient.java:onNext(264)) - client-D9B31DDCE961->18b22b39-7551-46dd-8464-dd74933c4739: receive RaftClientReply:client-D9B31DDCE961->18b22b39-7551-46dd-8464-dd74933c4739@group-597320EF17B3, cid=4553, SUCCESS, logIndex=6881, commits[18b22b39-7551-46dd-8464-dd74933c4739:c6881, 76d6a15c-8eeb-4764-b555-ce8767d18d57:c6879, c90dcfdf-5973-4b56-a955-1fc4555f10cb:c6879]
2019-09-19 11:27:18,423 [grpc-default-executor-7] INFO  client.GrpcClientProtocolClient (GrpcClientProtocolClient.java:onNext(264)) - client-D9B31DDCE961->18b22b39-7551-46dd-8464-dd74933c4739: receive RaftClientReply:client-D9B31DDCE961->18b22b39-7551-46dd-8464-dd74933c4739@group-597320EF17B3, cid=4554, SUCCESS, logIndex=6884, commits[18b22b39-7551-46dd-8464-dd74933c4739:c6885, 76d6a15c-8eeb-4764-b555-ce8767d18d57:c6881, c90dcfdf-5973-4b56-a955-1fc4555f10cb:c6881]
2019-09-19 11:27:18,424 [grpc-default-executor-7] INFO  client.GrpcClientProtocolClient (GrpcClientProtocolClient.java:onNext(264)) - client-D9B31DDCE961->18b22b39-7551-46dd-8464-dd74933c4739: receive RaftClientReply:client-D9B31DDCE961->18b22b39-7551-46dd-8464-dd74933c4739@group-597320EF17B3, cid=4555, SUCCESS, logIndex=6885, commits[18b22b39-7551-46dd-8464-dd74933c4739:c6885, 76d6a15c-8eeb-4764-b555-ce8767d18d57:c6881, c90dcfdf-5973-4b56-a955-1fc4555f10cb:c6881]
2019-09-19 11:27:18,448 [grpc-default-executor-7] INFO  client.GrpcClientProtocolClient (GrpcClientProtocolClient.java:onNext(264)) - client-D9B31DDCE961->18b22b39-7551-46dd-8464-dd74933c4739: receive RaftClientReply:client-D9B31DDCE961->18b22b39-7551-46dd-8464-dd74933c4739@group-597320EF17B3, cid=4556, SUCCESS, logIndex=0, commits[18b22b39-7551-46dd-8464-dd74933c4739:c6887, 76d6a15c-8eeb-4764-b555-ce8767d18d57:c6885, c90dcfdf-5973-4b56-a955-1fc4555f10cb:c6885]
2019-09-19 11:27:18,481 [grpc-default-executor-6] INFO  client.GrpcClientProtocolClient (GrpcClientProtocolClient.java:onNext(264)) - client-D9B31DDCE961->18b22b39-7551-46dd-8464-dd74933c4739: receive RaftClientReply:client-D9B31DDCE961->18b22b39-7551-46dd-8464-dd74933c4739@group-597320EF17B3, cid=4557, SUCCESS, logIndex=6888, commits[18b22b39-7551-46dd-8464-dd74933c4739:c6889, 76d6a15c-8eeb-4764-b555-ce8767d18d57:c6887, c90dcfdf-5973-4b56-a955-1fc4555f10cb:c6887]
2019-09-19 11:27:18,481 [grpc-default-executor-6] INFO  client.GrpcClientProtocolClient (GrpcClientProtocolClient.java:onNext(264)) - client-D9B31DDCE961->18b22b39-7551-46dd-8464-dd74933c4739: receive RaftClientReply:client-D9B31DDCE961->18b22b39-7551-46dd-8464-dd74933c4739@group-597320EF17B3, cid=4558, SUCCESS, logIndex=6889, commits[18b22b39-7551-46dd-8464-dd74933c4739:c6889, 76d6a15c-8eeb-4764-b555-ce8767d18d57:c6887, c90dcfdf-5973-4b56-a955-1fc4555f10cb:c6887]
2019-09-19 11:27:18,493 [grpc-default-executor-6] INFO  client.GrpcClientProtocolClient (GrpcClientProtocolClient.java:onNext(264)) - client-D9B31DDCE961->18b22b39-7551-46dd-8464-dd74933c4739: receive RaftClientReply:client-D9B31DDCE961->18b22b39-7551-46dd-8464-dd74933c4739@group-597320EF17B3, cid=4559, SUCCESS, logIndex=6890, commits[18b22b39-7551-46dd-8464-dd74933c4739:c6891, 76d6a15c-8eeb-4764-b555-ce8767d18d57:c6887, c90dcfdf-5973-4b56-a955-1fc4555f10cb:c6887]
2019-09-19 11:27:18,494 [grpc-default-executor-6] INFO  client.GrpcClientProtocolClient (GrpcClientProtocolClient.java:onNext(264)) - client-D9B31DDCE961->18b22b39-7551-46dd-8464-dd74933c4739: receive RaftClientReply:client-D9B31DDCE961->18b22b39-7551-46dd-8464-dd74933c4739@group-597320EF17B3, cid=4560, SUCCESS, logIndex=6891, commits[18b22b39-7551-46dd-8464-dd74933c4739:c6891, 76d6a15c-8eeb-4764-b555-ce8767d18d57:c6887, c90dcfdf-5973-4b56-a955-1fc4555f10cb:c6887]
2019-09-19 11:27:18,507 [grpc-default-executor-6] INFO  client.GrpcClientProtocolClient (GrpcClientProtocolClient.java:onNext(264)) - client-D9B31DDCE961->18b22b39-7551-46dd-8464-dd74933c4739: receive RaftClientReply:client-D9B31DDCE961->18b22b39-7551-46dd-8464-dd74933c4739@group-597320EF17B3, cid=4561, SUCCESS, logIndex=0, commits[18b22b39-7551-46dd-8464-dd74933c4739:c6893, 76d6a15c-8eeb-4764-b555-ce8767d18d57:c6889, c90dcfdf-5973-4b56-a955-1fc4555f10cb:c6889]
2019-09-19 11:27:18,532 [grpc-default-executor-7] INFO  client.GrpcClientProtocolClient (GrpcClientProtocolClient.java:onNext(264)) - client-D9B31DDCE961->18b22b39-7551-46dd-8464-dd74933c4739: receive RaftClientReply:client-D9B31DDCE961->18b22b39-7551-46dd-8464-dd74933c4739@group-597320EF17B3, cid=4562, SUCCESS, logIndex=6896, commits[18b22b39-7551-46dd-8464-dd74933c4739:c6897, 76d6a15c-8eeb-4764-b555-ce8767d18d57:c6893, c90dcfdf-5973-4b56-a955-1fc4555f10cb:c6893]
2019-09-19 11:27:18,533 [grpc-default-executor-7] INFO  client.GrpcClientProtocolClient (GrpcClientProtocolClient.java:onNext(264)) - client-D9B31DDCE961->18b22b39-7551-46dd-8464-dd74933c4739: receive RaftClientReply:client-D9B31DDCE961->18b22b39-7551-46dd-8464-dd74933c4739@group-597320EF17B3, cid=4563, SUCCESS, logIndex=6897, commits[18b22b39-7551-46dd-8464-dd74933c4739:c6897, 76d6a15c-8eeb-4764-b555-ce8767d18d57:c6893, c90dcfdf-5973-4b56-a955-1fc4555f10cb:c6893]
 0.00% |█                                                                                                    |  0/1 Time: 0:01:222019-09-19 11:27:18,555 [grpc-default-executor-7] INFO  client.GrpcClientProtocolClient (GrpcClientProtocolClient.java:onNext(264)) - client-D9B31DDCE961->18b22b39-7551-46dd-8464-dd74933c4739: receive RaftClientReply:client-D9B31DDCE961->18b22b39-7551-46dd-8464-dd74933c4739@group-597320EF17B3, cid=4564, SUCCESS, logIndex=6900, commits[18b22b39-7551-46dd-8464-dd74933c4739:c6901, 76d6a15c-8eeb-4764-b555-ce8767d18d57:c6897, c90dcfdf-5973-4b56-a955-1fc4555f10cb:c6897]
2019-09-19 11:27:18,555 [grpc-default-executor-7] INFO  client.GrpcClientProtocolClient (GrpcClientProtocolClient.java:onNext(264)) - client-D9B31DDCE961->18b22b39-7551-46dd-8464-dd74933c4739: receive RaftClientReply:client-D9B31DDCE961->18b22b39-7551-46dd-8464-dd74933c4739@group-597320EF17B3, cid=4565, SUCCESS, logIndex=6901, commits[18b22b39-7551-46dd-8464-dd74933c4739:c6901, 76d6a15c-8eeb-4764-b555-ce8767d18d57:c6897, c90dcfdf-5973-4b56-a955-1fc4555f10cb:c6897]
2019-09-19 11:27:18,581 [grpc-default-executor-7] INFO  client.GrpcClientProtocolClient (GrpcClientProtocolClient.java:onNext(264)) - client-D9B31DDCE961->18b22b39-7551-46dd-8464-dd74933c4739: receive RaftClientReply:client-D9B31DDCE961->18b22b39-7551-46dd-8464-dd74933c4739@group-597320EF17B3, cid=4566, SUCCESS, logIndex=0, commits[18b22b39-7551-46dd-8464-dd74933c4739:c6902, 76d6a15c-8eeb-4764-b555-ce8767d18d57:c6901, c90dcfdf-5973-4b56-a955-1fc4555f10cb:c6901]
2019-09-19 11:27:18,612 [grpc-default-executor-6] INFO  client.GrpcClientProtocolClient (GrpcClientProtocolClient.java:onNext(264)) - client-D9B31DDCE961->18b22b39-7551-46dd-8464-dd74933c4739: receive RaftClientReply:client-D9B31DDCE961->18b22b39-7551-46dd-8464-dd74933c4739@group-597320EF17B3, cid=4567, SUCCESS, logIndex=6904, commits[18b22b39-7551-46dd-8464-dd74933c4739:c6905, 76d6a15c-8eeb-4764-b555-ce8767d18d57:c6903, c90dcfdf-5973-4b56-a955-1fc4555f10cb:c6903]
2019-09-19 11:27:18,612 [grpc-default-executor-6] INFO  client.GrpcClientProtocolClient (GrpcClientProtocolClient.java:onNext(264)) - client-D9B31DDCE961->18b22b39-7551-46dd-8464-dd74933c4739: receive RaftClientReply:client-D9B31DDCE961->18b22b39-7551-46dd-8464-dd74933c4739@group-597320EF17B3, cid=4568, SUCCESS, logIndex=6905, commits[18b22b39-7551-46dd-8464-dd74933c4739:c6905, 76d6a15c-8eeb-4764-b555-ce8767d18d57:c6903, c90dcfdf-5973-4b56-a955-1fc4555f10cb:c6903]
2019-09-19 11:27:18,622 [grpc-default-executor-5] INFO  client.GrpcClientProtocolClient (GrpcClientProtocolClient.java:onNext(264)) - client-D9B31DDCE961->18b22b39-7551-46dd-8464-dd74933c4739: receive RaftClientReply:client-D9B31DDCE961->18b22b39-7551-46dd-8464-dd74933c4739@group-597320EF17B3, cid=4569, SUCCESS, logIndex=6906, commits[18b22b39-7551-46dd-8464-dd74933c4739:c6907, 76d6a15c-8eeb-4764-b555-ce8767d18d57:c6903, c90dcfdf-5973-4b56-a955-1fc4555f10cb:c6903]
2019-09-19 11:27:18,622 [grpc-default-executor-5] INFO  client.GrpcClientProtocolClient (GrpcClientProtocolClient.java:onNext(264)) - client-D9B31DDCE961->18b22b39-7551-46dd-8464-dd74933c4739: receive RaftClientReply:client-D9B31DDCE961->18b22b39-7551-46dd-8464-dd74933c4739@group-597320EF17B3, cid=4570, SUCCESS, logIndex=6907, commits[18b22b39-7551-46dd-8464-dd74933c4739:c6907, 76d6a15c-8eeb-4764-b555-ce8767d18d57:c6903, c90dcfdf-5973-4b56-a955-1fc4555f10cb:c6903]
2019-09-19 11:27:18,623 [grpc-default-executor-5] INFO  client.GrpcClientProtocolClient (GrpcClientProtocolClient.java:onNext(264)) - client-D9B31DDCE961->18b22b39-7551-46dd-8464-dd74933c4739: receive RaftClientReply:client-D9B31DDCE961->18b22b39-7551-46dd-8464-dd74933c4739@group-597320EF17B3, cid=4571, SUCCESS, logIndex=0, commits[18b22b39-7551-46dd-8464-dd74933c4739:c6908, 76d6a15c-8eeb-4764-b555-ce8767d18d57:c6905, c90dcfdf-5973-4b56-a955-1fc4555f10cb:c6905]
2019-09-19 11:27:18,758 [grpc-default-executor-5] INFO  client.GrpcClientProtocolClient (GrpcClientProtocolClient.java:onNext(264)) - client-D9B31DDCE961->18b22b39-7551-46dd-8464-dd74933c4739: receive RaftClientReply:client-D9B31DDCE961->18b22b39-7551-46dd-8464-dd74933c4739@group-597320EF17B3, cid=4572, SUCCESS, logIndex=6912, commits[18b22b39-7551-46dd-8464-dd74933c4739:c6913, 76d6a15c-8eeb-4764-b555-ce8767d18d57:c6911, c90dcfdf-5973-4b56-a955-1fc4555f10cb:c6911]
2019-09-19 11:27:18,758 [grpc-default-executor-5] INFO  client.GrpcClientProtocolClient (GrpcClientProtocolClient.java:onNext(264)) - client-D9B31DDCE961->18b22b39-7551-46dd-8464-dd74933c4739: receive RaftClientReply:client-D9B31DDCE961->18b22b39-7551-46dd-8464-dd74933c4739@group-597320EF17B3, cid=4573, SUCCESS, logIndex=6913, commits[18b22b39-7551-46dd-8464-dd74933c4739:c6913, 76d6a15c-8eeb-4764-b555-ce8767d18d57:c6911, c90dcfdf-5973-4b56-a955-1fc4555f10cb:c6911]
2019-09-19 11:27:18,782 [grpc-default-executor-5] INFO  client.GrpcClientProtocolClient (GrpcClientProtocolClient.java:onNext(264)) - client-D9B31DDCE961->18b22b39-7551-46dd-8464-dd74933c4739: receive RaftClientReply:client-D9B31DDCE961->18b22b39-7551-46dd-8464-dd74933c4739@group-597320EF17B3, cid=4574, SUCCESS, logIndex=6916, commits[18b22b39-7551-46dd-8464-dd74933c4739:c6917, 76d6a15c-8eeb-4764-b555-ce8767d18d57:c6913, c90dcfdf-5973-4b56-a955-1fc4555f10cb:c6913]
2019-09-19 11:27:18,783 [grpc-default-executor-5] INFO  client.GrpcClientProtocolClient (GrpcClientProtocolClient.java:onNext(264)) - client-D9B31DDCE961->18b22b39-7551-46dd-8464-dd74933c4739: receive RaftClientReply:client-D9B31DDCE961->18b22b39-7551-46dd-8464-dd74933c4739@group-597320EF17B3, cid=4575, SUCCESS, logIndex=6917, commits[18b22b39-7551-46dd-8464-dd74933c4739:c6917, 76d6a15c-8eeb-4764-b555-ce8767d18d57:c6913, c90dcfdf-5973-4b56-a955-1fc4555f10cb:c6913]
2019-09-19 11:27:18,808 [grpc-default-executor-6] INFO  client.GrpcClientProtocolClient (GrpcClientProtocolClient.java:onNext(264)) - client-D9B31DDCE961->18b22b39-7551-46dd-8464-dd74933c4739: receive RaftClientReply:client-D9B31DDCE961->18b22b39-7551-46dd-8464-dd74933c4739@group-597320EF17B3, cid=4576, SUCCESS, logIndex=0, commits[18b22b39-7551-46dd-8464-dd74933c4739:c6919, 76d6a15c-8eeb-4764-b555-ce8767d18d57:c6917, c90dcfdf-5973-4b56-a955-1fc4555f10cb:c6917]
2019-09-19 11:27:18,838 [grpc-default-executor-6] INFO  client.GrpcClientProtocolClient (GrpcClientProtocolClient.java:onNext(264)) - client-D9B31DDCE961->18b22b39-7551-46dd-8464-dd74933c4739: receive RaftClientReply:client-D9B31DDCE961->18b22b39-7551-46dd-8464-dd74933c4739@group-597320EF17B3, cid=4577, SUCCESS, logIndex=6920, commits[18b22b39-7551-46dd-8464-dd74933c4739:c6921, 76d6a15c-8eeb-4764-b555-ce8767d18d57:c6919, c90dcfdf-5973-4b56-a955-1fc4555f10cb:c6919]
2019-09-19 11:27:18,838 [grpc-default-executor-6] INFO  client.GrpcClientProtocolClient (GrpcClientProtocolClient.java:onNext(264)) - client-D9B31DDCE961->18b22b39-7551-46dd-8464-dd74933c4739: receive RaftClientReply:client-D9B31DDCE961->18b22b39-7551-46dd-8464-dd74933c4739@group-597320EF17B3, cid=4578, SUCCESS, logIndex=6921, commits[18b22b39-7551-46dd-8464-dd74933c4739:c6921, 76d6a15c-8eeb-4764-b555-ce8767d18d57:c6919, c90dcfdf-5973-4b56-a955-1fc4555f10cb:c6919]
2019-09-19 11:27:18,850 [grpc-default-executor-5] INFO  client.GrpcClientProtocolClient (GrpcClientProtocolClient.java:onNext(264)) - client-D9B31DDCE961->18b22b39-7551-46dd-8464-dd74933c4739: receive RaftClientReply:client-D9B31DDCE961->18b22b39-7551-46dd-8464-dd74933c4739@group-597320EF17B3, cid=4579, SUCCESS, logIndex=6922, commits[18b22b39-7551-46dd-8464-dd74933c4739:c6923, 76d6a15c-8eeb-4764-b555-ce8767d18d57:c6919, c90dcfdf-5973-4b56-a955-1fc4555f10cb:c6919]
2019-09-19 11:27:18,851 [grpc-default-executor-5] INFO  client.GrpcClientProtocolClient (GrpcClientProtocolClient.java:onNext(264)) - client-D9B31DDCE961->18b22b39-7551-46dd-8464-dd74933c4739: receive RaftClientReply:client-D9B31DDCE961->18b22b39-7551-46dd-8464-dd74933c4739@group-597320EF17B3, cid=4580, SUCCESS, logIndex=6923, commits[18b22b39-7551-46dd-8464-dd74933c4739:c6923, 76d6a15c-8eeb-4764-b555-ce8767d18d57:c6919, c90dcfdf-5973-4b56-a955-1fc4555f10cb:c6919]
2019-09-19 11:27:18,863 [grpc-default-executor-5] INFO  client.GrpcClientProtocolClient (GrpcClientProtocolClient.java:onNext(264)) - client-D9B31DDCE961->18b22b39-7551-46dd-8464-dd74933c4739: receive RaftClientReply:client-D9B31DDCE961->18b22b39-7551-46dd-8464-dd74933c4739@group-597320EF17B3, cid=4581, SUCCESS, logIndex=0, commits[18b22b39-7551-46dd-8464-dd74933c4739:c6924, 76d6a15c-8eeb-4764-b555-ce8767d18d57:c6921, c90dcfdf-5973-4b56-a955-1fc4555f10cb:c6921]
2019-09-19 11:27:18,889 [grpc-default-executor-7] INFO  client.GrpcClientProtocolClient (GrpcClientProtocolClient.java:onNext(264)) - client-D9B31DDCE961->18b22b39-7551-46dd-8464-dd74933c4739: receive RaftClientReply:client-D9B31DDCE961->18b22b39-7551-46dd-8464-dd74933c4739@group-597320EF17B3, cid=4582, SUCCESS, logIndex=6928, commits[18b22b39-7551-46dd-8464-dd74933c4739:c6929, 76d6a15c-8eeb-4764-b555-ce8767d18d57:c6925, c90dcfdf-5973-4b56-a955-1fc4555f10cb:c6925]
2019-09-19 11:27:18,889 [grpc-default-executor-7] INFO  client.GrpcClientProtocolClient (GrpcClientProtocolClient.java:onNext(264)) - client-D9B31DDCE961->18b22b39-7551-46dd-8464-dd74933c4739: receive RaftClientReply:client-D9B31DDCE961->18b22b39-7551-46dd-8464-dd74933c4739@group-597320EF17B3, cid=4583, SUCCESS, logIndex=6929, commits[18b22b39-7551-46dd-8464-dd74933c4739:c6929, 76d6a15c-8eeb-4764-b555-ce8767d18d57:c6925, c90dcfdf-5973-4b56-a955-1fc4555f10cb:c6925]
2019-09-19 11:27:18,903 [grpc-default-executor-6] INFO  client.GrpcClientProtocolClient (GrpcClientProtocolClient.java:onNext(264)) - client-D9B31DDCE961->18b22b39-7551-46dd-8464-dd74933c4739: receive RaftClientReply:client-D9B31DDCE961->18b22b39-7551-46dd-8464-dd74933c4739@group-597320EF17B3, cid=4584, SUCCESS, logIndex=6932, commits[18b22b39-7551-46dd-8464-dd74933c4739:c6933, 76d6a15c-8eeb-4764-b555-ce8767d18d57:c6929, c90dcfdf-5973-4b56-a955-1fc4555f10cb:c6929]
2019-09-19 11:27:18,904 [grpc-default-executor-6] INFO  client.GrpcClientProtocolClient (GrpcClientProtocolClient.java:onNext(264)) - client-D9B31DDCE961->18b22b39-7551-46dd-8464-dd74933c4739: receive RaftClientReply:client-D9B31DDCE961->18b22b39-7551-46dd-8464-dd74933c4739@group-597320EF17B3, cid=4585, SUCCESS, logIndex=6933, commits[18b22b39-7551-46dd-8464-dd74933c4739:c6933, 76d6a15c-8eeb-4764-b555-ce8767d18d57:c6929, c90dcfdf-5973-4b56-a955-1fc4555f10cb:c6929]
 0.00% |█                                                                                                    |  0/1 Time: 0:01:23 0.00% |█                                                                                                    |  0/1 Time: 0:01:242019-09-19 11:27:21,410 [grpc-default-executor-7] INFO  client.GrpcClientProtocolClient (GrpcClientProtocolClient.java:onNext(264)) - client-D9B31DDCE961->18b22b39-7551-46dd-8464-dd74933c4739: receive RaftClientReply:client-D9B31DDCE961->18b22b39-7551-46dd-8464-dd74933c4739@group-597320EF17B3, cid=4586, SUCCESS, logIndex=0, commits[18b22b39-7551-46dd-8464-dd74933c4739:c6935, 76d6a15c-8eeb-4764-b555-ce8767d18d57:c6935, c90dcfdf-5973-4b56-a955-1fc4555f10cb:c6935]
2019-09-19 11:27:21,444 [grpc-default-executor-5] INFO  client.GrpcClientProtocolClient (GrpcClientProtocolClient.java:onNext(264)) - client-D9B31DDCE961->18b22b39-7551-46dd-8464-dd74933c4739: receive RaftClientReply:client-D9B31DDCE961->18b22b39-7551-46dd-8464-dd74933c4739@group-597320EF17B3, cid=4587, SUCCESS, logIndex=6936, commits[18b22b39-7551-46dd-8464-dd74933c4739:c6937, 76d6a15c-8eeb-4764-b555-ce8767d18d57:c6935, c90dcfdf-5973-4b56-a955-1fc4555f10cb:c6935]
2019-09-19 11:27:21,444 [grpc-default-executor-5] INFO  client.GrpcClientProtocolClient (GrpcClientProtocolClient.java:onNext(264)) - client-D9B31DDCE961->18b22b39-7551-46dd-8464-dd74933c4739: receive RaftClientReply:client-D9B31DDCE961->18b22b39-7551-46dd-8464-dd74933c4739@group-597320EF17B3, cid=4588, SUCCESS, logIndex=6937, commits[18b22b39-7551-46dd-8464-dd74933c4739:c6937, 76d6a15c-8eeb-4764-b555-ce8767d18d57:c6935, c90dcfdf-5973-4b56-a955-1fc4555f10cb:c6935]
2019-09-19 11:27:21,456 [grpc-default-executor-7] INFO  client.GrpcClientProtocolClient (GrpcClientProtocolClient.java:onNext(264)) - client-D9B31DDCE961->18b22b39-7551-46dd-8464-dd74933c4739: receive RaftClientReply:client-D9B31DDCE961->18b22b39-7551-46dd-8464-dd74933c4739@group-597320EF17B3, cid=4589, SUCCESS, logIndex=6938, commits[18b22b39-7551-46dd-8464-dd74933c4739:c6938, 76d6a15c-8eeb-4764-b555-ce8767d18d57:c6935, c90dcfdf-5973-4b56-a955-1fc4555f10cb:c6935]
2019-09-19 11:27:21,457 [grpc-default-executor-7] INFO  client.GrpcClientProtocolClient (GrpcClientProtocolClient.java:onNext(264)) - client-D9B31DDCE961->18b22b39-7551-46dd-8464-dd74933c4739: receive RaftClientReply:client-D9B31DDCE961->18b22b39-7551-46dd-8464-dd74933c4739@group-597320EF17B3, cid=4590, SUCCESS, logIndex=6939, commits[18b22b39-7551-46dd-8464-dd74933c4739:c6939, 76d6a15c-8eeb-4764-b555-ce8767d18d57:c6935, c90dcfdf-5973-4b56-a955-1fc4555f10cb:c6935]
2019-09-19 11:27:21,469 [grpc-default-executor-5] INFO  client.GrpcClientProtocolClient (GrpcClientProtocolClient.java:onNext(264)) - client-D9B31DDCE961->18b22b39-7551-46dd-8464-dd74933c4739: receive RaftClientReply:client-D9B31DDCE961->18b22b39-7551-46dd-8464-dd74933c4739@group-597320EF17B3, cid=4591, SUCCESS, logIndex=0, commits[18b22b39-7551-46dd-8464-dd74933c4739:c6941, 76d6a15c-8eeb-4764-b555-ce8767d18d57:c6937, c90dcfdf-5973-4b56-a955-1fc4555f10cb:c6937]
2019-09-19 11:27:21,495 [grpc-default-executor-5] INFO  client.GrpcClientProtocolClient (GrpcClientProtocolClient.java:onNext(264)) - client-D9B31DDCE961->18b22b39-7551-46dd-8464-dd74933c4739: receive RaftClientReply:client-D9B31DDCE961->18b22b39-7551-46dd-8464-dd74933c4739@group-597320EF17B3, cid=4592, SUCCESS, logIndex=6944, commits[18b22b39-7551-46dd-8464-dd74933c4739:c6944, 76d6a15c-8eeb-4764-b555-ce8767d18d57:c6941, c90dcfdf-5973-4b56-a955-1fc4555f10cb:c6941]
2019-09-19 11:27:21,495 [grpc-default-executor-5] INFO  client.GrpcClientProtocolClient (GrpcClientProtocolClient.java:onNext(264)) - client-D9B31DDCE961->18b22b39-7551-46dd-8464-dd74933c4739: receive RaftClientReply:client-D9B31DDCE961->18b22b39-7551-46dd-8464-dd74933c4739@group-597320EF17B3, cid=4593, SUCCESS, logIndex=6945, commits[18b22b39-7551-46dd-8464-dd74933c4739:c6945, 76d6a15c-8eeb-4764-b555-ce8767d18d57:c6941, c90dcfdf-5973-4b56-a955-1fc4555f10cb:c6941]
2019-09-19 11:27:21,528 [grpc-default-executor-5] INFO  client.GrpcClientProtocolClient (GrpcClientProtocolClient.java:onNext(264)) - client-D9B31DDCE961->18b22b39-7551-46dd-8464-dd74933c4739: receive RaftClientReply:client-D9B31DDCE961->18b22b39-7551-46dd-8464-dd74933c4739@group-597320EF17B3, cid=4594, SUCCESS, logIndex=6948, commits[18b22b39-7551-46dd-8464-dd74933c4739:c6948, 76d6a15c-8eeb-4764-b555-ce8767d18d57:c6945, c90dcfdf-5973-4b56-a955-1fc4555f10cb:c6945]
2019-09-19 11:27:21,529 [grpc-default-executor-5] INFO  client.GrpcClientProtocolClient (GrpcClientProtocolClient.java:onNext(264)) - client-D9B31DDCE961->18b22b39-7551-46dd-8464-dd74933c4739: receive RaftClientReply:client-D9B31DDCE961->18b22b39-7551-46dd-8464-dd74933c4739@group-597320EF17B3, cid=4595, SUCCESS, logIndex=6949, commits[18b22b39-7551-46dd-8464-dd74933c4739:c6949, 76d6a15c-8eeb-4764-b555-ce8767d18d57:c6945, c90dcfdf-5973-4b56-a955-1fc4555f10cb:c6945]
 0.00% |█                                                                                                    |  0/1 Time: 0:01:252019-09-19 11:27:21,550 [grpc-default-executor-7] INFO  client.GrpcClientProtocolClient (GrpcClientProtocolClient.java:onNext(264)) - client-D9B31DDCE961->18b22b39-7551-46dd-8464-dd74933c4739: receive RaftClientReply:client-D9B31DDCE961->18b22b39-7551-46dd-8464-dd74933c4739@group-597320EF17B3, cid=4596, SUCCESS, logIndex=0, commits[18b22b39-7551-46dd-8464-dd74933c4739:c6951, 76d6a15c-8eeb-4764-b555-ce8767d18d57:c6949, c90dcfdf-5973-4b56-a955-1fc4555f10cb:c6949]
2019-09-19 11:27:21,610 [grpc-default-executor-7] INFO  client.GrpcClientProtocolClient (GrpcClientProtocolClient.java:onNext(264)) - client-D9B31DDCE961->18b22b39-7551-46dd-8464-dd74933c4739: receive RaftClientReply:client-D9B31DDCE961->18b22b39-7551-46dd-8464-dd74933c4739@group-597320EF17B3, cid=4597, SUCCESS, logIndex=6952, commits[18b22b39-7551-46dd-8464-dd74933c4739:c6953, 76d6a15c-8eeb-4764-b555-ce8767d18d57:c6951, c90dcfdf-5973-4b56-a955-1fc4555f10cb:c6951]
2019-09-19 11:27:21,610 [grpc-default-executor-7] INFO  client.GrpcClientProtocolClient (GrpcClientProtocolClient.java:onNext(264)) - client-D9B31DDCE961->18b22b39-7551-46dd-8464-dd74933c4739: receive RaftClientReply:client-D9B31DDCE961->18b22b39-7551-46dd-8464-dd74933c4739@group-597320EF17B3, cid=4598, SUCCESS, logIndex=6953, commits[18b22b39-7551-46dd-8464-dd74933c4739:c6955, 76d6a15c-8eeb-4764-b555-ce8767d18d57:c6951, c90dcfdf-5973-4b56-a955-1fc4555f10cb:c6951]
2019-09-19 11:27:21,610 [grpc-default-executor-7] INFO  client.GrpcClientProtocolClient (GrpcClientProtocolClient.java:onNext(264)) - client-D9B31DDCE961->18b22b39-7551-46dd-8464-dd74933c4739: receive RaftClientReply:client-D9B31DDCE961->18b22b39-7551-46dd-8464-dd74933c4739@group-597320EF17B3, cid=4599, SUCCESS, logIndex=6954, commits[18b22b39-7551-46dd-8464-dd74933c4739:c6955, 76d6a15c-8eeb-4764-b555-ce8767d18d57:c6951, c90dcfdf-5973-4b56-a955-1fc4555f10cb:c6951]
2019-09-19 11:27:21,611 [grpc-default-executor-7] INFO  client.GrpcClientProtocolClient (GrpcClientProtocolClient.java:onNext(264)) - client-D9B31DDCE961->18b22b39-7551-46dd-8464-dd74933c4739: receive RaftClientReply:client-D9B31DDCE961->18b22b39-7551-46dd-8464-dd74933c4739@group-597320EF17B3, cid=4600, SUCCESS, logIndex=6955, commits[18b22b39-7551-46dd-8464-dd74933c4739:c6955, 76d6a15c-8eeb-4764-b555-ce8767d18d57:c6951, c90dcfdf-5973-4b56-a955-1fc4555f10cb:c6951]
2019-09-19 11:27:21,624 [grpc-default-executor-7] INFO  client.GrpcClientProtocolClient (GrpcClientProtocolClient.java:onNext(264)) - client-D9B31DDCE961->18b22b39-7551-46dd-8464-dd74933c4739: receive RaftClientReply:client-D9B31DDCE961->18b22b39-7551-46dd-8464-dd74933c4739@group-597320EF17B3, cid=4601, SUCCESS, logIndex=0, commits[18b22b39-7551-46dd-8464-dd74933c4739:c6957, 76d6a15c-8eeb-4764-b555-ce8767d18d57:c6953, c90dcfdf-5973-4b56-a955-1fc4555f10cb:c6953]
2019-09-19 11:27:21,654 [grpc-default-executor-6] INFO  client.GrpcClientProtocolClient (GrpcClientProtocolClient.java:onNext(264)) - client-D9B31DDCE961->18b22b39-7551-46dd-8464-dd74933c4739: receive RaftClientReply:client-D9B31DDCE961->18b22b39-7551-46dd-8464-dd74933c4739@group-597320EF17B3, cid=4602, SUCCESS, logIndex=6959, commits[18b22b39-7551-46dd-8464-dd74933c4739:c6960, 76d6a15c-8eeb-4764-b555-ce8767d18d57:c6958, c90dcfdf-5973-4b56-a955-1fc4555f10cb:c6958]
2019-09-19 11:27:21,654 [grpc-default-executor-6] INFO  client.GrpcClientProtocolClient (GrpcClientProtocolClient.java:onNext(264)) - client-D9B31DDCE961->18b22b39-7551-46dd-8464-dd74933c4739: receive RaftClientReply:client-D9B31DDCE961->18b22b39-7551-46dd-8464-dd74933c4739@group-597320EF17B3, cid=4603, SUCCESS, logIndex=6960, commits[18b22b39-7551-46dd-8464-dd74933c4739:c6960, 76d6a15c-8eeb-4764-b555-ce8767d18d57:c6958, c90dcfdf-5973-4b56-a955-1fc4555f10cb:c6958]
2019-09-19 11:27:21,680 [grpc-default-executor-1] INFO  client.GrpcClientProtocolClient (GrpcClientProtocolClient.java:onNext(264)) - client-D9B31DDCE961->18b22b39-7551-46dd-8464-dd74933c4739: receive RaftClientReply:client-D9B31DDCE961->18b22b39-7551-46dd-8464-dd74933c4739@group-597320EF17B3, cid=4604, SUCCESS, logIndex=6963, commits[18b22b39-7551-46dd-8464-dd74933c4739:c6964, 76d6a15c-8eeb-4764-b555-ce8767d18d57:c6960, c90dcfdf-5973-4b56-a955-1fc4555f10cb:c6960]
2019-09-19 11:27:21,680 [grpc-default-executor-1] INFO  client.GrpcClientProtocolClient (GrpcClientProtocolClient.java:onNext(264)) - client-D9B31DDCE961->18b22b39-7551-46dd-8464-dd74933c4739: receive RaftClientReply:client-D9B31DDCE961->18b22b39-7551-46dd-8464-dd74933c4739@group-597320EF17B3, cid=4605, SUCCESS, logIndex=6964, commits[18b22b39-7551-46dd-8464-dd74933c4739:c6964, 76d6a15c-8eeb-4764-b555-ce8767d18d57:c6960, c90dcfdf-5973-4b56-a955-1fc4555f10cb:c6960]
2019-09-19 11:27:21,706 [grpc-default-executor-1] INFO  client.GrpcClientProtocolClient (GrpcClientProtocolClient.java:onNext(264)) - client-D9B31DDCE961->18b22b39-7551-46dd-8464-dd74933c4739: receive RaftClientReply:client-D9B31DDCE961->18b22b39-7551-46dd-8464-dd74933c4739@group-597320EF17B3, cid=4606, SUCCESS, logIndex=0, commits[18b22b39-7551-46dd-8464-dd74933c4739:c6966, 76d6a15c-8eeb-4764-b555-ce8767d18d57:c6964, c90dcfdf-5973-4b56-a955-1fc4555f10cb:c6964]
2019-09-19 11:27:21,731 [grpc-default-executor-6] INFO  client.GrpcClientProtocolClient (GrpcClientProtocolClient.java:onNext(264)) - client-D9B31DDCE961->18b22b39-7551-46dd-8464-dd74933c4739: receive RaftClientReply:client-D9B31DDCE961->18b22b39-7551-46dd-8464-dd74933c4739@group-597320EF17B3, cid=4607, SUCCESS, logIndex=6967, commits[18b22b39-7551-46dd-8464-dd74933c4739:c6967, 76d6a15c-8eeb-4764-b555-ce8767d18d57:c6966, c90dcfdf-5973-4b56-a955-1fc4555f10cb:c6966]
2019-09-19 11:27:21,731 [grpc-default-executor-6] INFO  client.GrpcClientProtocolClient (GrpcClientProtocolClient.java:onNext(264)) - client-D9B31DDCE961->18b22b39-7551-46dd-8464-dd74933c4739: receive RaftClientReply:client-D9B31DDCE961->18b22b39-7551-46dd-8464-dd74933c4739@group-597320EF17B3, cid=4608, SUCCESS, logIndex=6968, commits[18b22b39-7551-46dd-8464-dd74933c4739:c6968, 76d6a15c-8eeb-4764-b555-ce8767d18d57:c6966, c90dcfdf-5973-4b56-a955-1fc4555f10cb:c6966]
2019-09-19 11:27:21,743 [grpc-default-executor-6] INFO  client.GrpcClientProtocolClient (GrpcClientProtocolClient.java:onNext(264)) - client-D9B31DDCE961->18b22b39-7551-46dd-8464-dd74933c4739: receive RaftClientReply:client-D9B31DDCE961->18b22b39-7551-46dd-8464-dd74933c4739@group-597320EF17B3, cid=4609, SUCCESS, logIndex=6969, commits[18b22b39-7551-46dd-8464-dd74933c4739:c6969, 76d6a15c-8eeb-4764-b555-ce8767d18d57:c6966, c90dcfdf-5973-4b56-a955-1fc4555f10cb:c6966]
2019-09-19 11:27:21,744 [grpc-default-executor-6] INFO  client.GrpcClientProtocolClient (GrpcClientProtocolClient.java:onNext(264)) - client-D9B31DDCE961->18b22b39-7551-46dd-8464-dd74933c4739: receive RaftClientReply:client-D9B31DDCE961->18b22b39-7551-46dd-8464-dd74933c4739@group-597320EF17B3, cid=4610, SUCCESS, logIndex=6970, commits[18b22b39-7551-46dd-8464-dd74933c4739:c6970, 76d6a15c-8eeb-4764-b555-ce8767d18d57:c6966, c90dcfdf-5973-4b56-a955-1fc4555f10cb:c6966]
2019-09-19 11:27:21,757 [grpc-default-executor-6] INFO  client.GrpcClientProtocolClient (GrpcClientProtocolClient.java:onNext(264)) - client-D9B31DDCE961->18b22b39-7551-46dd-8464-dd74933c4739: receive RaftClientReply:client-D9B31DDCE961->18b22b39-7551-46dd-8464-dd74933c4739@group-597320EF17B3, cid=4611, SUCCESS, logIndex=0, commits[18b22b39-7551-46dd-8464-dd74933c4739:c6972, 76d6a15c-8eeb-4764-b555-ce8767d18d57:c6968, c90dcfdf-5973-4b56-a955-1fc4555f10cb:c6968]
2019-09-19 11:27:21,782 [grpc-default-executor-1] INFO  client.GrpcClientProtocolClient (GrpcClientProtocolClient.java:onNext(264)) - client-D9B31DDCE961->18b22b39-7551-46dd-8464-dd74933c4739: receive RaftClientReply:client-D9B31DDCE961->18b22b39-7551-46dd-8464-dd74933c4739@group-597320EF17B3, cid=4612, SUCCESS, logIndex=6975, commits[18b22b39-7551-46dd-8464-dd74933c4739:c6975, 76d6a15c-8eeb-4764-b555-ce8767d18d57:c6972, c90dcfdf-5973-4b56-a955-1fc4555f10cb:c6972]
2019-09-19 11:27:21,782 [grpc-default-executor-1] INFO  client.GrpcClientProtocolClient (GrpcClientProtocolClient.java:onNext(264)) - client-D9B31DDCE961->18b22b39-7551-46dd-8464-dd74933c4739: receive RaftClientReply:client-D9B31DDCE961->18b22b39-7551-46dd-8464-dd74933c4739@group-597320EF17B3, cid=4613, SUCCESS, logIndex=6976, commits[18b22b39-7551-46dd-8464-dd74933c4739:c6976, 76d6a15c-8eeb-4764-b555-ce8767d18d57:c6972, c90dcfdf-5973-4b56-a955-1fc4555f10cb:c6972]
2019-09-19 11:27:21,805 [grpc-default-executor-7] INFO  client.GrpcClientProtocolClient (GrpcClientProtocolClient.java:onNext(264)) - client-D9B31DDCE961->18b22b39-7551-46dd-8464-dd74933c4739: receive RaftClientReply:client-D9B31DDCE961->18b22b39-7551-46dd-8464-dd74933c4739@group-597320EF17B3, cid=4614, SUCCESS, logIndex=6979, commits[18b22b39-7551-46dd-8464-dd74933c4739:c6980, 76d6a15c-8eeb-4764-b555-ce8767d18d57:c6976, c90dcfdf-5973-4b56-a955-1fc4555f10cb:c6976]
2019-09-19 11:27:21,805 [grpc-default-executor-7] INFO  client.GrpcClientProtocolClient (GrpcClientProtocolClient.java:onNext(264)) - client-D9B31DDCE961->18b22b39-7551-46dd-8464-dd74933c4739: receive RaftClientReply:client-D9B31DDCE961->18b22b39-7551-46dd-8464-dd74933c4739@group-597320EF17B3, cid=4615, SUCCESS, logIndex=6980, commits[18b22b39-7551-46dd-8464-dd74933c4739:c6980, 76d6a15c-8eeb-4764-b555-ce8767d18d57:c6976, c90dcfdf-5973-4b56-a955-1fc4555f10cb:c6976]
2019-09-19 11:27:21,831 [grpc-default-executor-7] INFO  client.GrpcClientProtocolClient (GrpcClientProtocolClient.java:onNext(264)) - client-D9B31DDCE961->18b22b39-7551-46dd-8464-dd74933c4739: receive RaftClientReply:client-D9B31DDCE961->18b22b39-7551-46dd-8464-dd74933c4739@group-597320EF17B3, cid=4616, SUCCESS, logIndex=0, commits[18b22b39-7551-46dd-8464-dd74933c4739:c6982, 76d6a15c-8eeb-4764-b555-ce8767d18d57:c6980, c90dcfdf-5973-4b56-a955-1fc4555f10cb:c6980]
2019-09-19 11:27:21,860 [grpc-default-executor-6] INFO  client.GrpcClientProtocolClient (GrpcClientProtocolClient.java:onNext(264)) - client-D9B31DDCE961->18b22b39-7551-46dd-8464-dd74933c4739: receive RaftClientReply:client-D9B31DDCE961->18b22b39-7551-46dd-8464-dd74933c4739@group-597320EF17B3, cid=4617, SUCCESS, logIndex=6983, commits[18b22b39-7551-46dd-8464-dd74933c4739:c6983, 76d6a15c-8eeb-4764-b555-ce8767d18d57:c6982, c90dcfdf-5973-4b56-a955-1fc4555f10cb:c6982]
2019-09-19 11:27:21,860 [grpc-default-executor-6] INFO  client.GrpcClientProtocolClient (GrpcClientProtocolClient.java:onNext(264)) - client-D9B31DDCE961->18b22b39-7551-46dd-8464-dd74933c4739: receive RaftClientReply:client-D9B31DDCE961->18b22b39-7551-46dd-8464-dd74933c4739@group-597320EF17B3, cid=4618, SUCCESS, logIndex=6984, commits[18b22b39-7551-46dd-8464-dd74933c4739:c6984, 76d6a15c-8eeb-4764-b555-ce8767d18d57:c6982, c90dcfdf-5973-4b56-a955-1fc4555f10cb:c6982]
2019-09-19 11:27:21,871 [grpc-default-executor-6] INFO  client.GrpcClientProtocolClient (GrpcClientProtocolClient.java:onNext(264)) - client-D9B31DDCE961->18b22b39-7551-46dd-8464-dd74933c4739: receive RaftClientReply:client-D9B31DDCE961->18b22b39-7551-46dd-8464-dd74933c4739@group-597320EF17B3, cid=4619, SUCCESS, logIndex=6985, commits[18b22b39-7551-46dd-8464-dd74933c4739:c6986, 76d6a15c-8eeb-4764-b555-ce8767d18d57:c6982, c90dcfdf-5973-4b56-a955-1fc4555f10cb:c6982]
2019-09-19 11:27:21,871 [grpc-default-executor-6] INFO  client.GrpcClientProtocolClient (GrpcClientProtocolClient.java:onNext(264)) - client-D9B31DDCE961->18b22b39-7551-46dd-8464-dd74933c4739: receive RaftClientReply:client-D9B31DDCE961->18b22b39-7551-46dd-8464-dd74933c4739@group-597320EF17B3, cid=4620, SUCCESS, logIndex=6986, commits[18b22b39-7551-46dd-8464-dd74933c4739:c6986, 76d6a15c-8eeb-4764-b555-ce8767d18d57:c6982, c90dcfdf-5973-4b56-a955-1fc4555f10cb:c6982]
2019-09-19 11:27:21,882 [grpc-default-executor-6] INFO  client.GrpcClientProtocolClient (GrpcClientProtocolClient.java:onNext(264)) - client-D9B31DDCE961->18b22b39-7551-46dd-8464-dd74933c4739: receive RaftClientReply:client-D9B31DDCE961->18b22b39-7551-46dd-8464-dd74933c4739@group-597320EF17B3, cid=4621, SUCCESS, logIndex=0, commits[18b22b39-7551-46dd-8464-dd74933c4739:c6988, 76d6a15c-8eeb-4764-b555-ce8767d18d57:c6984, c90dcfdf-5973-4b56-a955-1fc4555f10cb:c6986]
2019-09-19 11:27:21,896 [grpc-default-executor-6] INFO  client.GrpcClientProtocolClient (GrpcClientProtocolClient.java:onNext(264)) - client-D9B31DDCE961->18b22b39-7551-46dd-8464-dd74933c4739: receive RaftClientReply:client-D9B31DDCE961->18b22b39-7551-46dd-8464-dd74933c4739@group-597320EF17B3, cid=4622, SUCCESS, logIndex=6990, commits[18b22b39-7551-46dd-8464-dd74933c4739:c6991, 76d6a15c-8eeb-4764-b555-ce8767d18d57:c6988, c90dcfdf-5973-4b56-a955-1fc4555f10cb:c6988]
2019-09-19 11:27:21,897 [grpc-default-executor-6] INFO  client.GrpcClientProtocolClient (GrpcClientProtocolClient.java:onNext(264)) - client-D9B31DDCE961->18b22b39-7551-46dd-8464-dd74933c4739: receive RaftClientReply:client-D9B31DDCE961->18b22b39-7551-46dd-8464-dd74933c4739@group-597320EF17B3, cid=4623, SUCCESS, logIndex=6991, commits[18b22b39-7551-46dd-8464-dd74933c4739:c6991, 76d6a15c-8eeb-4764-b555-ce8767d18d57:c6988, c90dcfdf-5973-4b56-a955-1fc4555f10cb:c6988]
2019-09-19 11:27:21,905 [grpc-default-executor-6] INFO  client.GrpcClientProtocolClient (GrpcClientProtocolClient.java:onNext(264)) - client-D9B31DDCE961->18b22b39-7551-46dd-8464-dd74933c4739: receive RaftClientReply:client-D9B31DDCE961->18b22b39-7551-46dd-8464-dd74933c4739@group-597320EF17B3, cid=4624, SUCCESS, logIndex=6994, commits[18b22b39-7551-46dd-8464-dd74933c4739:c6995, 76d6a15c-8eeb-4764-b555-ce8767d18d57:c6989, c90dcfdf-5973-4b56-a955-1fc4555f10cb:c6992]
2019-09-19 11:27:21,905 [grpc-default-executor-6] INFO  client.GrpcClientProtocolClient (GrpcClientProtocolClient.java:onNext(264)) - client-D9B31DDCE961->18b22b39-7551-46dd-8464-dd74933c4739: receive RaftClientReply:client-D9B31DDCE961->18b22b39-7551-46dd-8464-dd74933c4739@group-597320EF17B3, cid=4625, SUCCESS, logIndex=6995, commits[18b22b39-7551-46dd-8464-dd74933c4739:c6995, 76d6a15c-8eeb-4764-b555-ce8767d18d57:c6989, c90dcfdf-5973-4b56-a955-1fc4555f10cb:c6992]
2019-09-19 11:27:21,906 [grpc-default-executor-7] INFO  client.GrpcClientProtocolClient (GrpcClientProtocolClient.java:onNext(264)) - client-D9B31DDCE961->18b22b39-7551-46dd-8464-dd74933c4739: receive RaftClientReply:client-D9B31DDCE961->18b22b39-7551-46dd-8464-dd74933c4739@group-597320EF17B3, cid=4626, SUCCESS, logIndex=0, commits[18b22b39-7551-46dd-8464-dd74933c4739:c6995, 76d6a15c-8eeb-4764-b555-ce8767d18d57:c6992, c90dcfdf-5973-4b56-a955-1fc4555f10cb:c6992]
2019-09-19 11:27:21,910 [grpc-default-executor-7] INFO  client.GrpcClientProtocolClient (GrpcClientProtocolClient.java:onNext(264)) - client-D9B31DDCE961->18b22b39-7551-46dd-8464-dd74933c4739: receive RaftClientReply:client-D9B31DDCE961->18b22b39-7551-46dd-8464-dd74933c4739@group-597320EF17B3, cid=4627, SUCCESS, logIndex=0, commits[18b22b39-7551-46dd-8464-dd74933c4739:c6996, 76d6a15c-8eeb-4764-b555-ce8767d18d57:c6995, c90dcfdf-5973-4b56-a955-1fc4555f10cb:c6995]
2019-09-19 11:27:21,933 [grpc-default-executor-7] INFO  client.GrpcClientProtocolClient (GrpcClientProtocolClient.java:onNext(264)) - client-D9B31DDCE961->18b22b39-7551-46dd-8464-dd74933c4739: receive RaftClientReply:client-D9B31DDCE961->18b22b39-7551-46dd-8464-dd74933c4739@group-597320EF17B3, cid=4628, SUCCESS, logIndex=6998, commits[18b22b39-7551-46dd-8464-dd74933c4739:c6999, 76d6a15c-8eeb-4764-b555-ce8767d18d57:c6997, c90dcfdf-5973-4b56-a955-1fc4555f10cb:c6997]
2019-09-19 11:27:21,933 [grpc-default-executor-7] INFO  client.GrpcClientProtocolClient (GrpcClientProtocolClient.java:onNext(264)) - client-D9B31DDCE961->18b22b39-7551-46dd-8464-dd74933c4739: receive RaftClientReply:client-D9B31DDCE961->18b22b39-7551-46dd-8464-dd74933c4739@group-597320EF17B3, cid=4629, SUCCESS, logIndex=6999, commits[18b22b39-7551-46dd-8464-dd74933c4739:c7000, 76d6a15c-8eeb-4764-b555-ce8767d18d57:c6997, c90dcfdf-5973-4b56-a955-1fc4555f10cb:c6997]
2019-09-19 11:27:21,933 [grpc-default-executor-7] INFO  client.GrpcClientProtocolClient (GrpcClientProtocolClient.java:onNext(264)) - client-D9B31DDCE961->18b22b39-7551-46dd-8464-dd74933c4739: receive RaftClientReply:client-D9B31DDCE961->18b22b39-7551-46dd-8464-dd74933c4739@group-597320EF17B3, cid=4630, SUCCESS, logIndex=7000, commits[18b22b39-7551-46dd-8464-dd74933c4739:c7001, 76d6a15c-8eeb-4764-b555-ce8767d18d57:c6997, c90dcfdf-5973-4b56-a955-1fc4555f10cb:c6997]
2019-09-19 11:27:21,934 [grpc-default-executor-7] INFO  client.GrpcClientProtocolClient (GrpcClientProtocolClient.java:onNext(264)) - client-D9B31DDCE961->18b22b39-7551-46dd-8464-dd74933c4739: receive RaftClientReply:client-D9B31DDCE961->18b22b39-7551-46dd-8464-dd74933c4739@group-597320EF17B3, cid=4631, SUCCESS, logIndex=7001, commits[18b22b39-7551-46dd-8464-dd74933c4739:c7001, 76d6a15c-8eeb-4764-b555-ce8767d18d57:c6997, c90dcfdf-5973-4b56-a955-1fc4555f10cb:c6997]
2019-09-19 11:27:21,938 [grpc-default-executor-1] INFO  client.GrpcClientProtocolClient (GrpcClientProtocolClient.java:onNext(264)) - client-D9B31DDCE961->18b22b39-7551-46dd-8464-dd74933c4739: receive RaftClientReply:client-D9B31DDCE961->18b22b39-7551-46dd-8464-dd74933c4739@group-597320EF17B3, cid=4632, SUCCESS, logIndex=0, commits[18b22b39-7551-46dd-8464-dd74933c4739:c7003, 76d6a15c-8eeb-4764-b555-ce8767d18d57:c6999, c90dcfdf-5973-4b56-a955-1fc4555f10cb:c6999]
2019-09-19 11:27:21,946 [grpc-default-executor-7] INFO  client.GrpcClientProtocolClient (GrpcClientProtocolClient.java:onNext(264)) - client-D9B31DDCE961->18b22b39-7551-46dd-8464-dd74933c4739: receive RaftClientReply:client-D9B31DDCE961->18b22b39-7551-46dd-8464-dd74933c4739@group-597320EF17B3, cid=4633, SUCCESS, logIndex=7006, commits[18b22b39-7551-46dd-8464-dd74933c4739:c7007, 76d6a15c-8eeb-4764-b555-ce8767d18d57:c7001, c90dcfdf-5973-4b56-a955-1fc4555f10cb:c7005]
2019-09-19 11:27:21,946 [grpc-default-executor-7] INFO  client.GrpcClientProtocolClient (GrpcClientProtocolClient.java:onNext(264)) - client-D9B31DDCE961->18b22b39-7551-46dd-8464-dd74933c4739: receive RaftClientReply:client-D9B31DDCE961->18b22b39-7551-46dd-8464-dd74933c4739@group-597320EF17B3, cid=4634, SUCCESS, logIndex=7007, commits[18b22b39-7551-46dd-8464-dd74933c4739:c7007, 76d6a15c-8eeb-4764-b555-ce8767d18d57:c7001, c90dcfdf-5973-4b56-a955-1fc4555f10cb:c7005]
2019-09-19 11:27:21,955 [grpc-default-executor-1] INFO  client.GrpcClientProtocolClient (GrpcClientProtocolClient.java:onNext(264)) - client-D9B31DDCE961->18b22b39-7551-46dd-8464-dd74933c4739: receive RaftClientReply:client-D9B31DDCE961->18b22b39-7551-46dd-8464-dd74933c4739@group-597320EF17B3, cid=4635, SUCCESS, logIndex=7010, commits[18b22b39-7551-46dd-8464-dd74933c4739:c7011, 76d6a15c-8eeb-4764-b555-ce8767d18d57:c7008, c90dcfdf-5973-4b56-a955-1fc4555f10cb:c7008]
2019-09-19 11:27:21,955 [grpc-default-executor-1] INFO  client.GrpcClientProtocolClient (GrpcClientProtocolClient.java:onNext(264)) - client-D9B31DDCE961->18b22b39-7551-46dd-8464-dd74933c4739: receive RaftClientReply:client-D9B31DDCE961->18b22b39-7551-46dd-8464-dd74933c4739@group-597320EF17B3, cid=4636, SUCCESS, logIndex=7011, commits[18b22b39-7551-46dd-8464-dd74933c4739:c7011, 76d6a15c-8eeb-4764-b555-ce8767d18d57:c7008, c90dcfdf-5973-4b56-a955-1fc4555f10cb:c7008]
2019-09-19 11:27:21,962 [grpc-default-executor-7] INFO  client.GrpcClientProtocolClient (GrpcClientProtocolClient.java:onNext(264)) - client-D9B31DDCE961->18b22b39-7551-46dd-8464-dd74933c4739: receive RaftClientReply:client-D9B31DDCE961->18b22b39-7551-46dd-8464-dd74933c4739@group-597320EF17B3, cid=4637, SUCCESS, logIndex=0, commits[18b22b39-7551-46dd-8464-dd74933c4739:c7013, 76d6a15c-8eeb-4764-b555-ce8767d18d57:c7011, c90dcfdf-5973-4b56-a955-1fc4555f10cb:c7011]
2019-09-19 11:27:21,983 [grpc-default-executor-7] INFO  client.GrpcClientProtocolClient (GrpcClientProtocolClient.java:onNext(264)) - client-D9B31DDCE961->18b22b39-7551-46dd-8464-dd74933c4739: receive RaftClientReply:client-D9B31DDCE961->18b22b39-7551-46dd-8464-dd74933c4739@group-597320EF17B3, cid=4638, SUCCESS, logIndex=7014, commits[18b22b39-7551-46dd-8464-dd74933c4739:c7015, 76d6a15c-8eeb-4764-b555-ce8767d18d57:c7013, c90dcfdf-5973-4b56-a955-1fc4555f10cb:c7013]
2019-09-19 11:27:21,984 [grpc-default-executor-7] INFO  client.GrpcClientProtocolClient (GrpcClientProtocolClient.java:onNext(264)) - client-D9B31DDCE961->18b22b39-7551-46dd-8464-dd74933c4739: receive RaftClientReply:client-D9B31DDCE961->18b22b39-7551-46dd-8464-dd74933c4739@group-597320EF17B3, cid=4639, SUCCESS, logIndex=7015, commits[18b22b39-7551-46dd-8464-dd74933c4739:c7015, 76d6a15c-8eeb-4764-b555-ce8767d18d57:c7013, c90dcfdf-5973-4b56-a955-1fc4555f10cb:c7013]
2019-09-19 11:27:21,984 [grpc-default-executor-6] INFO  client.GrpcClientProtocolClient (GrpcClientProtocolClient.java:onNext(264)) - client-D9B31DDCE961->18b22b39-7551-46dd-8464-dd74933c4739: receive RaftClientReply:client-D9B31DDCE961->18b22b39-7551-46dd-8464-dd74933c4739@group-597320EF17B3, cid=4640, SUCCESS, logIndex=7016, commits[18b22b39-7551-46dd-8464-dd74933c4739:c7016, 76d6a15c-8eeb-4764-b555-ce8767d18d57:c7013, c90dcfdf-5973-4b56-a955-1fc4555f10cb:c7013]
2019-09-19 11:27:21,985 [grpc-default-executor-6] INFO  client.GrpcClientProtocolClient (GrpcClientProtocolClient.java:onNext(264)) - client-D9B31DDCE961->18b22b39-7551-46dd-8464-dd74933c4739: receive RaftClientReply:client-D9B31DDCE961->18b22b39-7551-46dd-8464-dd74933c4739@group-597320EF17B3, cid=4641, SUCCESS, logIndex=7017, commits[18b22b39-7551-46dd-8464-dd74933c4739:c7019, 76d6a15c-8eeb-4764-b555-ce8767d18d57:c7015, c90dcfdf-5973-4b56-a955-1fc4555f10cb:c7013]
2019-09-19 11:27:21,986 [grpc-default-executor-6] INFO  client.GrpcClientProtocolClient (GrpcClientProtocolClient.java:onNext(264)) - client-D9B31DDCE961->18b22b39-7551-46dd-8464-dd74933c4739: receive RaftClientReply:client-D9B31DDCE961->18b22b39-7551-46dd-8464-dd74933c4739@group-597320EF17B3, cid=4642, SUCCESS, logIndex=0, commits[18b22b39-7551-46dd-8464-dd74933c4739:c7019, 76d6a15c-8eeb-4764-b555-ce8767d18d57:c7015, c90dcfdf-5973-4b56-a955-1fc4555f10cb:c7015]
2019-09-19 11:27:22,004 [grpc-default-executor-7] INFO  client.GrpcClientProtocolClient (GrpcClientProtocolClient.java:onNext(264)) - client-D9B31DDCE961->18b22b39-7551-46dd-8464-dd74933c4739: receive RaftClientReply:client-D9B31DDCE961->18b22b39-7551-46dd-8464-dd74933c4739@group-597320EF17B3, cid=4643, SUCCESS, logIndex=7021, commits[18b22b39-7551-46dd-8464-dd74933c4739:c7021, 76d6a15c-8eeb-4764-b555-ce8767d18d57:c7020, c90dcfdf-5973-4b56-a955-1fc4555f10cb:c7020]
2019-09-19 11:27:22,004 [grpc-default-executor-7] INFO  client.GrpcClientProtocolClient (GrpcClientProtocolClient.java:onNext(264)) - client-D9B31DDCE961->18b22b39-7551-46dd-8464-dd74933c4739: receive RaftClientReply:client-D9B31DDCE961->18b22b39-7551-46dd-8464-dd74933c4739@group-597320EF17B3, cid=4644, SUCCESS, logIndex=7022, commits[18b22b39-7551-46dd-8464-dd74933c4739:c7022, 76d6a15c-8eeb-4764-b555-ce8767d18d57:c7020, c90dcfdf-5973-4b56-a955-1fc4555f10cb:c7020]
2019-09-19 11:27:22,019 [grpc-default-executor-1] INFO  client.GrpcClientProtocolClient (GrpcClientProtocolClient.java:onNext(264)) - client-D9B31DDCE961->18b22b39-7551-46dd-8464-dd74933c4739: receive RaftClientReply:client-D9B31DDCE961->18b22b39-7551-46dd-8464-dd74933c4739@group-597320EF17B3, cid=4645, SUCCESS, logIndex=7025, commits[18b22b39-7551-46dd-8464-dd74933c4739:c7026, 76d6a15c-8eeb-4764-b555-ce8767d18d57:c7023, c90dcfdf-5973-4b56-a955-1fc4555f10cb:c7023]
2019-09-19 11:27:22,020 [grpc-default-executor-1] INFO  client.GrpcClientProtocolClient (GrpcClientProtocolClient.java:onNext(264)) - client-D9B31DDCE961->18b22b39-7551-46dd-8464-dd74933c4739: receive RaftClientReply:client-D9B31DDCE961->18b22b39-7551-46dd-8464-dd74933c4739@group-597320EF17B3, cid=4646, SUCCESS, logIndex=7026, commits[18b22b39-7551-46dd-8464-dd74933c4739:c7026, 76d6a15c-8eeb-4764-b555-ce8767d18d57:c7023, c90dcfdf-5973-4b56-a955-1fc4555f10cb:c7023]
2019-09-19 11:27:22,034 [grpc-default-executor-1] INFO  client.GrpcClientProtocolClient (GrpcClientProtocolClient.java:onNext(264)) - client-D9B31DDCE961->18b22b39-7551-46dd-8464-dd74933c4739: receive RaftClientReply:client-D9B31DDCE961->18b22b39-7551-46dd-8464-dd74933c4739@group-597320EF17B3, cid=4647, SUCCESS, logIndex=0, commits[18b22b39-7551-46dd-8464-dd74933c4739:c7028, 76d6a15c-8eeb-4764-b555-ce8767d18d57:c7026, c90dcfdf-5973-4b56-a955-1fc4555f10cb:c7026]
2019-09-19 11:27:22,065 [grpc-default-executor-5] INFO  client.GrpcClientProtocolClient (GrpcClientProtocolClient.java:onNext(264)) - client-D9B31DDCE961->18b22b39-7551-46dd-8464-dd74933c4739: receive RaftClientReply:client-D9B31DDCE961->18b22b39-7551-46dd-8464-dd74933c4739@group-597320EF17B3, cid=4648, SUCCESS, logIndex=7029, commits[18b22b39-7551-46dd-8464-dd74933c4739:c7030, 76d6a15c-8eeb-4764-b555-ce8767d18d57:c7028, c90dcfdf-5973-4b56-a955-1fc4555f10cb:c7028]
2019-09-19 11:27:22,066 [grpc-default-executor-5] INFO  client.GrpcClientProtocolClient (GrpcClientProtocolClient.java:onNext(264)) - client-D9B31DDCE961->18b22b39-7551-46dd-8464-dd74933c4739: receive RaftClientReply:client-D9B31DDCE961->18b22b39-7551-46dd-8464-dd74933c4739@group-597320EF17B3, cid=4649, SUCCESS, logIndex=7030, commits[18b22b39-7551-46dd-8464-dd74933c4739:c7030, 76d6a15c-8eeb-4764-b555-ce8767d18d57:c7028, c90dcfdf-5973-4b56-a955-1fc4555f10cb:c7028]
2019-09-19 11:27:22,076 [grpc-default-executor-6] INFO  client.GrpcClientProtocolClient (GrpcClientProtocolClient.java:onNext(264)) - client-D9B31DDCE961->18b22b39-7551-46dd-8464-dd74933c4739: receive RaftClientReply:client-D9B31DDCE961->18b22b39-7551-46dd-8464-dd74933c4739@group-597320EF17B3, cid=4650, SUCCESS, logIndex=7031, commits[18b22b39-7551-46dd-8464-dd74933c4739:c7032, 76d6a15c-8eeb-4764-b555-ce8767d18d57:c7028, c90dcfdf-5973-4b56-a955-1fc4555f10cb:c7028]
2019-09-19 11:27:22,076 [grpc-default-executor-6] INFO  client.GrpcClientProtocolClient (GrpcClientProtocolClient.java:onNext(264)) - client-D9B31DDCE961->18b22b39-7551-46dd-8464-dd74933c4739: receive RaftClientReply:client-D9B31DDCE961->18b22b39-7551-46dd-8464-dd74933c4739@group-597320EF17B3, cid=4651, SUCCESS, logIndex=7032, commits[18b22b39-7551-46dd-8464-dd74933c4739:c7032, 76d6a15c-8eeb-4764-b555-ce8767d18d57:c7028, c90dcfdf-5973-4b56-a955-1fc4555f10cb:c7028]
2019-09-19 11:27:22,079 [grpc-default-executor-5] INFO  client.GrpcClientProtocolClient (GrpcClientProtocolClient.java:onNext(264)) - client-D9B31DDCE961->18b22b39-7551-46dd-8464-dd74933c4739: receive RaftClientReply:client-D9B31DDCE961->18b22b39-7551-46dd-8464-dd74933c4739@group-597320EF17B3, cid=4652, SUCCESS, logIndex=0, commits[18b22b39-7551-46dd-8464-dd74933c4739:c7034, 76d6a15c-8eeb-4764-b555-ce8767d18d57:c7030, c90dcfdf-5973-4b56-a955-1fc4555f10cb:c7030]
2019-09-19 11:27:22,103 [grpc-default-executor-5] INFO  client.GrpcClientProtocolClient (GrpcClientProtocolClient.java:onNext(264)) - client-D9B31DDCE961->18b22b39-7551-46dd-8464-dd74933c4739: receive RaftClientReply:client-D9B31DDCE961->18b22b39-7551-46dd-8464-dd74933c4739@group-597320EF17B3, cid=4653, SUCCESS, logIndex=7036, commits[18b22b39-7551-46dd-8464-dd74933c4739:c7037, 76d6a15c-8eeb-4764-b555-ce8767d18d57:c7034, c90dcfdf-5973-4b56-a955-1fc4555f10cb:c7034]
2019-09-19 11:27:22,103 [grpc-default-executor-5] INFO  client.GrpcClientProtocolClient (GrpcClientProtocolClient.java:onNext(264)) - client-D9B31DDCE961->18b22b39-7551-46dd-8464-dd74933c4739: receive RaftClientReply:client-D9B31DDCE961->18b22b39-7551-46dd-8464-dd74933c4739@group-597320EF17B3, cid=4654, SUCCESS, logIndex=7037, commits[18b22b39-7551-46dd-8464-dd74933c4739:c7037, 76d6a15c-8eeb-4764-b555-ce8767d18d57:c7034, c90dcfdf-5973-4b56-a955-1fc4555f10cb:c7034]
2019-09-19 11:27:22,132 [grpc-default-executor-1] INFO  client.GrpcClientProtocolClient (GrpcClientProtocolClient.java:onNext(264)) - client-D9B31DDCE961->18b22b39-7551-46dd-8464-dd74933c4739: receive RaftClientReply:client-D9B31DDCE961->18b22b39-7551-46dd-8464-dd74933c4739@group-597320EF17B3, cid=4655, SUCCESS, logIndex=7040, commits[18b22b39-7551-46dd-8464-dd74933c4739:c7041, 76d6a15c-8eeb-4764-b555-ce8767d18d57:c7037, c90dcfdf-5973-4b56-a955-1fc4555f10cb:c7037]
2019-09-19 11:27:22,132 [grpc-default-executor-1] INFO  client.GrpcClientProtocolClient (GrpcClientProtocolClient.java:onNext(264)) - client-D9B31DDCE961->18b22b39-7551-46dd-8464-dd74933c4739: receive RaftClientReply:client-D9B31DDCE961->18b22b39-7551-46dd-8464-dd74933c4739@group-597320EF17B3, cid=4656, SUCCESS, logIndex=7041, commits[18b22b39-7551-46dd-8464-dd74933c4739:c7041, 76d6a15c-8eeb-4764-b555-ce8767d18d57:c7037, c90dcfdf-5973-4b56-a955-1fc4555f10cb:c7037]
2019-09-19 11:27:22,139 [grpc-default-executor-1] INFO  client.GrpcClientProtocolClient (GrpcClientProtocolClient.java:onNext(264)) - client-D9B31DDCE961->18b22b39-7551-46dd-8464-dd74933c4739: receive RaftClientReply:client-D9B31DDCE961->18b22b39-7551-46dd-8464-dd74933c4739@group-597320EF17B3, cid=4657, SUCCESS, logIndex=0, commits[18b22b39-7551-46dd-8464-dd74933c4739:c7043, 76d6a15c-8eeb-4764-b555-ce8767d18d57:c7041, c90dcfdf-5973-4b56-a955-1fc4555f10cb:c7041]
2019-09-19 11:27:22,256 [grpc-default-executor-6] INFO  client.GrpcClientProtocolClient (GrpcClientProtocolClient.java:onNext(264)) - client-D9B31DDCE961->18b22b39-7551-46dd-8464-dd74933c4739: receive RaftClientReply:client-D9B31DDCE961->18b22b39-7551-46dd-8464-dd74933c4739@group-597320EF17B3, cid=4658, SUCCESS, logIndex=7044, commits[18b22b39-7551-46dd-8464-dd74933c4739:c7045, 76d6a15c-8eeb-4764-b555-ce8767d18d57:c7041, c90dcfdf-5973-4b56-a955-1fc4555f10cb:c7043]
2019-09-19 11:27:22,257 [grpc-default-executor-6] INFO  client.GrpcClientProtocolClient (GrpcClientProtocolClient.java:onNext(264)) - client-D9B31DDCE961->18b22b39-7551-46dd-8464-dd74933c4739: receive RaftClientReply:client-D9B31DDCE961->18b22b39-7551-46dd-8464-dd74933c4739@group-597320EF17B3, cid=4659, SUCCESS, logIndex=7045, commits[18b22b39-7551-46dd-8464-dd74933c4739:c7045, 76d6a15c-8eeb-4764-b555-ce8767d18d57:c7041, c90dcfdf-5973-4b56-a955-1fc4555f10cb:c7043]
2019-09-19 11:27:22,269 [grpc-default-executor-1] INFO  client.GrpcClientProtocolClient (GrpcClientProtocolClient.java:onNext(264)) - client-D9B31DDCE961->18b22b39-7551-46dd-8464-dd74933c4739: receive RaftClientReply:client-D9B31DDCE961->18b22b39-7551-46dd-8464-dd74933c4739@group-597320EF17B3, cid=4660, SUCCESS, logIndex=7046, commits[18b22b39-7551-46dd-8464-dd74933c4739:c7047, 76d6a15c-8eeb-4764-b555-ce8767d18d57:c7043, c90dcfdf-5973-4b56-a955-1fc4555f10cb:c7043]
2019-09-19 11:27:22,269 [grpc-default-executor-1] INFO  client.GrpcClientProtocolClient (GrpcClientProtocolClient.java:onNext(264)) - client-D9B31DDCE961->18b22b39-7551-46dd-8464-dd74933c4739: receive RaftClientReply:client-D9B31DDCE961->18b22b39-7551-46dd-8464-dd74933c4739@group-597320EF17B3, cid=4661, SUCCESS, logIndex=7047, commits[18b22b39-7551-46dd-8464-dd74933c4739:c7049, 76d6a15c-8eeb-4764-b555-ce8767d18d57:c7044, c90dcfdf-5973-4b56-a955-1fc4555f10cb:c7045]
2019-09-19 11:27:22,270 [grpc-default-executor-1] INFO  client.GrpcClientProtocolClient (GrpcClientProtocolClient.java:onNext(264)) - client-D9B31DDCE961->18b22b39-7551-46dd-8464-dd74933c4739: receive RaftClientReply:client-D9B31DDCE961->18b22b39-7551-46dd-8464-dd74933c4739@group-597320EF17B3, cid=4662, SUCCESS, logIndex=0, commits[18b22b39-7551-46dd-8464-dd74933c4739:c7049, 76d6a15c-8eeb-4764-b555-ce8767d18d57:c7045, c90dcfdf-5973-4b56-a955-1fc4555f10cb:c7045]
2019-09-19 11:27:22,284 [grpc-default-executor-5] INFO  client.GrpcClientProtocolClient (GrpcClientProtocolClient.java:onNext(264)) - client-D9B31DDCE961->18b22b39-7551-46dd-8464-dd74933c4739: receive RaftClientReply:client-D9B31DDCE961->18b22b39-7551-46dd-8464-dd74933c4739@group-597320EF17B3, cid=4663, SUCCESS, logIndex=7052, commits[18b22b39-7551-46dd-8464-dd74933c4739:c7053, 76d6a15c-8eeb-4764-b555-ce8767d18d57:c7049, c90dcfdf-5973-4b56-a955-1fc4555f10cb:c7049]
2019-09-19 11:27:22,284 [grpc-default-executor-5] INFO  client.GrpcClientProtocolClient (GrpcClientProtocolClient.java:onNext(264)) - client-D9B31DDCE961->18b22b39-7551-46dd-8464-dd74933c4739: receive RaftClientReply:client-D9B31DDCE961->18b22b39-7551-46dd-8464-dd74933c4739@group-597320EF17B3, cid=4664, SUCCESS, logIndex=7053, commits[18b22b39-7551-46dd-8464-dd74933c4739:c7053, 76d6a15c-8eeb-4764-b555-ce8767d18d57:c7049, c90dcfdf-5973-4b56-a955-1fc4555f10cb:c7049]
2019-09-19 11:27:22,298 [grpc-default-executor-5] INFO  client.GrpcClientProtocolClient (GrpcClientProtocolClient.java:onNext(264)) - client-D9B31DDCE961->18b22b39-7551-46dd-8464-dd74933c4739: receive RaftClientReply:client-D9B31DDCE961->18b22b39-7551-46dd-8464-dd74933c4739@group-597320EF17B3, cid=4665, SUCCESS, logIndex=7056, commits[18b22b39-7551-46dd-8464-dd74933c4739:c7056, 76d6a15c-8eeb-4764-b555-ce8767d18d57:c7053, c90dcfdf-5973-4b56-a955-1fc4555f10cb:c7053]
2019-09-19 11:27:22,298 [grpc-default-executor-5] INFO  client.GrpcClientProtocolClient (GrpcClientProtocolClient.java:onNext(264)) - client-D9B31DDCE961->18b22b39-7551-46dd-8464-dd74933c4739: receive RaftClientReply:client-D9B31DDCE961->18b22b39-7551-46dd-8464-dd74933c4739@group-597320EF17B3, cid=4666, SUCCESS, logIndex=7057, commits[18b22b39-7551-46dd-8464-dd74933c4739:c7057, 76d6a15c-8eeb-4764-b555-ce8767d18d57:c7053, c90dcfdf-5973-4b56-a955-1fc4555f10cb:c7053]
2019-09-19 11:27:22,323 [grpc-default-executor-5] INFO  client.GrpcClientProtocolClient (GrpcClientProtocolClient.java:onNext(264)) - client-D9B31DDCE961->18b22b39-7551-46dd-8464-dd74933c4739: receive RaftClientReply:client-D9B31DDCE961->18b22b39-7551-46dd-8464-dd74933c4739@group-597320EF17B3, cid=4667, SUCCESS, logIndex=0, commits[18b22b39-7551-46dd-8464-dd74933c4739:c7059, 76d6a15c-8eeb-4764-b555-ce8767d18d57:c7057, c90dcfdf-5973-4b56-a955-1fc4555f10cb:c7057]
2019-09-19 11:27:22,343 [grpc-default-executor-6] INFO  segmented.SegmentedRaftLogWorker (SegmentedRaftLogWorker.java:rollLogSegment(385)) - 18b22b39-7551-46dd-8464-dd74933c4739@group-597320EF17B3-SegmentedRaftLogWorker: Rolling segment log-0_7059 to index:7059
2019-09-19 11:27:22,346 [18b22b39-7551-46dd-8464-dd74933c4739@group-597320EF17B3-SegmentedRaftLogWorker] INFO  segmented.SegmentedRaftLogWorker (SegmentedRaftLogWorker.java:execute(526)) - 18b22b39-7551-46dd-8464-dd74933c4739@group-597320EF17B3-SegmentedRaftLogWorker: Rolled log segment from /workdir/hadoop-ozone/tools/target/test-dir/MiniOzoneClusterImpl-22fd6fca-e926-4b74-924c-b1abadb27cb2/datanode-0/data/ratis/400acabc-46b9-4c6d-b12c-597320ef17b3/current/log_inprogress_0 to /workdir/hadoop-ozone/tools/target/test-dir/MiniOzoneClusterImpl-22fd6fca-e926-4b74-924c-b1abadb27cb2/datanode-0/data/ratis/400acabc-46b9-4c6d-b12c-597320ef17b3/current/log_0-7059
2019-09-19 11:27:22,347 [grpc-default-executor-6] INFO  segmented.SegmentedRaftLogWorker (SegmentedRaftLogWorker.java:rollLogSegment(385)) - 76d6a15c-8eeb-4764-b555-ce8767d18d57@group-597320EF17B3-SegmentedRaftLogWorker: Rolling segment log-0_7059 to index:7059
2019-09-19 11:27:22,347 [grpc-default-executor-5] INFO  segmented.SegmentedRaftLogWorker (SegmentedRaftLogWorker.java:rollLogSegment(385)) - c90dcfdf-5973-4b56-a955-1fc4555f10cb@group-597320EF17B3-SegmentedRaftLogWorker: Rolling segment log-0_7059 to index:7059
2019-09-19 11:27:22,391 [76d6a15c-8eeb-4764-b555-ce8767d18d57@group-597320EF17B3-SegmentedRaftLogWorker] INFO  segmented.SegmentedRaftLogWorker (SegmentedRaftLogWorker.java:execute(526)) - 76d6a15c-8eeb-4764-b555-ce8767d18d57@group-597320EF17B3-SegmentedRaftLogWorker: Rolled log segment from /workdir/hadoop-ozone/tools/target/test-dir/MiniOzoneClusterImpl-22fd6fca-e926-4b74-924c-b1abadb27cb2/datanode-2/data/ratis/400acabc-46b9-4c6d-b12c-597320ef17b3/current/log_inprogress_0 to /workdir/hadoop-ozone/tools/target/test-dir/MiniOzoneClusterImpl-22fd6fca-e926-4b74-924c-b1abadb27cb2/datanode-2/data/ratis/400acabc-46b9-4c6d-b12c-597320ef17b3/current/log_0-7059
2019-09-19 11:27:22,394 [c90dcfdf-5973-4b56-a955-1fc4555f10cb@group-597320EF17B3-SegmentedRaftLogWorker] INFO  segmented.SegmentedRaftLogWorker (SegmentedRaftLogWorker.java:execute(526)) - c90dcfdf-5973-4b56-a955-1fc4555f10cb@group-597320EF17B3-SegmentedRaftLogWorker: Rolled log segment from /workdir/hadoop-ozone/tools/target/test-dir/MiniOzoneClusterImpl-22fd6fca-e926-4b74-924c-b1abadb27cb2/datanode-1/data/ratis/400acabc-46b9-4c6d-b12c-597320ef17b3/current/log_inprogress_0 to /workdir/hadoop-ozone/tools/target/test-dir/MiniOzoneClusterImpl-22fd6fca-e926-4b74-924c-b1abadb27cb2/datanode-1/data/ratis/400acabc-46b9-4c6d-b12c-597320ef17b3/current/log_0-7059
 0.00% |█                                                                                                    |  0/1 Time: 0:01:262019-09-19 11:27:22,676 [76d6a15c-8eeb-4764-b555-ce8767d18d57@group-597320EF17B3-SegmentedRaftLogWorker] INFO  segmented.SegmentedRaftLogWorker (SegmentedRaftLogWorker.java:execute(569)) - 76d6a15c-8eeb-4764-b555-ce8767d18d57@group-597320EF17B3-SegmentedRaftLogWorker: created new log segment /workdir/hadoop-ozone/tools/target/test-dir/MiniOzoneClusterImpl-22fd6fca-e926-4b74-924c-b1abadb27cb2/datanode-2/data/ratis/400acabc-46b9-4c6d-b12c-597320ef17b3/current/log_inprogress_7060
2019-09-19 11:27:22,676 [c90dcfdf-5973-4b56-a955-1fc4555f10cb@group-597320EF17B3-SegmentedRaftLogWorker] INFO  segmented.SegmentedRaftLogWorker (SegmentedRaftLogWorker.java:execute(569)) - c90dcfdf-5973-4b56-a955-1fc4555f10cb@group-597320EF17B3-SegmentedRaftLogWorker: created new log segment /workdir/hadoop-ozone/tools/target/test-dir/MiniOzoneClusterImpl-22fd6fca-e926-4b74-924c-b1abadb27cb2/datanode-1/data/ratis/400acabc-46b9-4c6d-b12c-597320ef17b3/current/log_inprogress_7060
2019-09-19 11:27:22,676 [18b22b39-7551-46dd-8464-dd74933c4739@group-597320EF17B3-SegmentedRaftLogWorker] INFO  segmented.SegmentedRaftLogWorker (SegmentedRaftLogWorker.java:execute(569)) - 18b22b39-7551-46dd-8464-dd74933c4739@group-597320EF17B3-SegmentedRaftLogWorker: created new log segment /workdir/hadoop-ozone/tools/target/test-dir/MiniOzoneClusterImpl-22fd6fca-e926-4b74-924c-b1abadb27cb2/datanode-0/data/ratis/400acabc-46b9-4c6d-b12c-597320ef17b3/current/log_inprogress_7060
2019-09-19 11:27:23,195 [grpc-default-executor-5] INFO  client.GrpcClientProtocolClient (GrpcClientProtocolClient.java:onNext(264)) - client-D9B31DDCE961->18b22b39-7551-46dd-8464-dd74933c4739: receive RaftClientReply:client-D9B31DDCE961->18b22b39-7551-46dd-8464-dd74933c4739@group-597320EF17B3, cid=4668, SUCCESS, logIndex=7060, commits[18b22b39-7551-46dd-8464-dd74933c4739:c7063, 76d6a15c-8eeb-4764-b555-ce8767d18d57:c7059, c90dcfdf-5973-4b56-a955-1fc4555f10cb:c7059]
2019-09-19 11:27:23,196 [grpc-default-executor-5] INFO  client.GrpcClientProtocolClient (GrpcClientProtocolClient.java:onNext(264)) - client-D9B31DDCE961->18b22b39-7551-46dd-8464-dd74933c4739: receive RaftClientReply:client-D9B31DDCE961->18b22b39-7551-46dd-8464-dd74933c4739@group-597320EF17B3, cid=4669, SUCCESS, logIndex=7061, commits[18b22b39-7551-46dd-8464-dd74933c4739:c7063, 76d6a15c-8eeb-4764-b555-ce8767d18d57:c7059, c90dcfdf-5973-4b56-a955-1fc4555f10cb:c7059]
2019-09-19 11:27:23,196 [grpc-default-executor-5] INFO  client.GrpcClientProtocolClient (GrpcClientProtocolClient.java:onNext(264)) - client-D9B31DDCE961->18b22b39-7551-46dd-8464-dd74933c4739: receive RaftClientReply:client-D9B31DDCE961->18b22b39-7551-46dd-8464-dd74933c4739@group-597320EF17B3, cid=4670, SUCCESS, logIndex=7062, commits[18b22b39-7551-46dd-8464-dd74933c4739:c7063, 76d6a15c-8eeb-4764-b555-ce8767d18d57:c7059, c90dcfdf-5973-4b56-a955-1fc4555f10cb:c7059]
2019-09-19 11:27:23,196 [grpc-default-executor-5] INFO  client.GrpcClientProtocolClient (GrpcClientProtocolClient.java:onNext(264)) - client-D9B31DDCE961->18b22b39-7551-46dd-8464-dd74933c4739: receive RaftClientReply:client-D9B31DDCE961->18b22b39-7551-46dd-8464-dd74933c4739@group-597320EF17B3, cid=4671, SUCCESS, logIndex=7063, commits[18b22b39-7551-46dd-8464-dd74933c4739:c7063, 76d6a15c-8eeb-4764-b555-ce8767d18d57:c7059, c90dcfdf-5973-4b56-a955-1fc4555f10cb:c7059]
2019-09-19 11:27:23,376 [grpc-default-executor-5] INFO  client.GrpcClientProtocolClient (GrpcClientProtocolClient.java:onNext(264)) - client-D9B31DDCE961->18b22b39-7551-46dd-8464-dd74933c4739: receive RaftClientReply:client-D9B31DDCE961->18b22b39-7551-46dd-8464-dd74933c4739@group-597320EF17B3, cid=4672, SUCCESS, logIndex=0, commits[18b22b39-7551-46dd-8464-dd74933c4739:c7064, 76d6a15c-8eeb-4764-b555-ce8767d18d57:c7063, c90dcfdf-5973-4b56-a955-1fc4555f10cb:c7063]
 0.00% |█                                                                                                    |  0/1 Time: 0:01:272019-09-19 11:27:23,915 [grpc-default-executor-6] INFO  client.GrpcClientProtocolClient (GrpcClientProtocolClient.java:onNext(264)) - client-D9B31DDCE961->18b22b39-7551-46dd-8464-dd74933c4739: receive RaftClientReply:client-D9B31DDCE961->18b22b39-7551-46dd-8464-dd74933c4739@group-597320EF17B3, cid=4673, SUCCESS, logIndex=7065, commits[18b22b39-7551-46dd-8464-dd74933c4739:c7066, 76d6a15c-8eeb-4764-b555-ce8767d18d57:c7064, c90dcfdf-5973-4b56-a955-1fc4555f10cb:c7063]
2019-09-19 11:27:23,916 [grpc-default-executor-6] INFO  client.GrpcClientProtocolClient (GrpcClientProtocolClient.java:onNext(264)) - client-D9B31DDCE961->18b22b39-7551-46dd-8464-dd74933c4739: receive RaftClientReply:client-D9B31DDCE961->18b22b39-7551-46dd-8464-dd74933c4739@group-597320EF17B3, cid=4674, SUCCESS, logIndex=7066, commits[18b22b39-7551-46dd-8464-dd74933c4739:c7066, 76d6a15c-8eeb-4764-b555-ce8767d18d57:c7064, c90dcfdf-5973-4b56-a955-1fc4555f10cb:c7063]
 0.00% |█                                                                                                    |  0/1 Time: 0:01:282019-09-19 11:27:24,815 [grpc-default-executor-6] INFO  client.GrpcClientProtocolClient (GrpcClientProtocolClient.java:onNext(264)) - client-D9B31DDCE961->18b22b39-7551-46dd-8464-dd74933c4739: receive RaftClientReply:client-D9B31DDCE961->18b22b39-7551-46dd-8464-dd74933c4739@group-597320EF17B3, cid=4675, SUCCESS, logIndex=7069, commits[18b22b39-7551-46dd-8464-dd74933c4739:c7070, 76d6a15c-8eeb-4764-b555-ce8767d18d57:c7065, c90dcfdf-5973-4b56-a955-1fc4555f10cb:c7066]
2019-09-19 11:27:24,815 [grpc-default-executor-6] INFO  client.GrpcClientProtocolClient (GrpcClientProtocolClient.java:onNext(264)) - client-D9B31DDCE961->18b22b39-7551-46dd-8464-dd74933c4739: receive RaftClientReply:client-D9B31DDCE961->18b22b39-7551-46dd-8464-dd74933c4739@group-597320EF17B3, cid=4676, SUCCESS, logIndex=7070, commits[18b22b39-7551-46dd-8464-dd74933c4739:c7070, 76d6a15c-8eeb-4764-b555-ce8767d18d57:c7066, c90dcfdf-5973-4b56-a955-1fc4555f10cb:c7066]
2019-09-19 11:27:25,241 [grpc-default-executor-6] INFO  client.GrpcClientProtocolClient (GrpcClientProtocolClient.java:onNext(264)) - client-D9B31DDCE961->18b22b39-7551-46dd-8464-dd74933c4739: receive RaftClientReply:client-D9B31DDCE961->18b22b39-7551-46dd-8464-dd74933c4739@group-597320EF17B3, cid=4677, SUCCESS, logIndex=0, commits[18b22b39-7551-46dd-8464-dd74933c4739:c7071, 76d6a15c-8eeb-4764-b555-ce8767d18d57:c7070, c90dcfdf-5973-4b56-a955-1fc4555f10cb:c7070]
 0.00% |█                                                                                                    |  0/1 Time: 0:01:292019-09-19 11:27:25,679 [grpc-default-executor-6] INFO  client.GrpcClientProtocolClient (GrpcClientProtocolClient.java:onNext(264)) - client-D9B31DDCE961->18b22b39-7551-46dd-8464-dd74933c4739: receive RaftClientReply:client-D9B31DDCE961->18b22b39-7551-46dd-8464-dd74933c4739@group-597320EF17B3, cid=4678, SUCCESS, logIndex=7072, commits[18b22b39-7551-46dd-8464-dd74933c4739:c7073, 76d6a15c-8eeb-4764-b555-ce8767d18d57:c7070, c90dcfdf-5973-4b56-a955-1fc4555f10cb:c7071]
2019-09-19 11:27:25,680 [grpc-default-executor-6] INFO  client.GrpcClientProtocolClient (GrpcClientProtocolClient.java:onNext(264)) - client-D9B31DDCE961->18b22b39-7551-46dd-8464-dd74933c4739: receive RaftClientReply:client-D9B31DDCE961->18b22b39-7551-46dd-8464-dd74933c4739@group-597320EF17B3, cid=4679, SUCCESS, logIndex=7073, commits[18b22b39-7551-46dd-8464-dd74933c4739:c7073, 76d6a15c-8eeb-4764-b555-ce8767d18d57:c7070, c90dcfdf-5973-4b56-a955-1fc4555f10cb:c7071]
2019-09-19 11:27:25,751 [grpc-default-executor-6] INFO  client.GrpcClientProtocolClient (GrpcClientProtocolClient.java:onNext(264)) - client-D9B31DDCE961->18b22b39-7551-46dd-8464-dd74933c4739: receive RaftClientReply:client-D9B31DDCE961->18b22b39-7551-46dd-8464-dd74933c4739@group-597320EF17B3, cid=4680, SUCCESS, logIndex=7074, commits[18b22b39-7551-46dd-8464-dd74933c4739:c7075, 76d6a15c-8eeb-4764-b555-ce8767d18d57:c7071, c90dcfdf-5973-4b56-a955-1fc4555f10cb:c7071]
2019-09-19 11:27:25,751 [grpc-default-executor-6] INFO  client.GrpcClientProtocolClient (GrpcClientProtocolClient.java:onNext(264)) - client-D9B31DDCE961->18b22b39-7551-46dd-8464-dd74933c4739: receive RaftClientReply:client-D9B31DDCE961->18b22b39-7551-46dd-8464-dd74933c4739@group-597320EF17B3, cid=4681, SUCCESS, logIndex=7075, commits[18b22b39-7551-46dd-8464-dd74933c4739:c7075, 76d6a15c-8eeb-4764-b555-ce8767d18d57:c7071, c90dcfdf-5973-4b56-a955-1fc4555f10cb:c7073]
2019-09-19 11:27:25,753 [grpc-default-executor-6] INFO  client.GrpcClientProtocolClient (GrpcClientProtocolClient.java:onNext(264)) - client-D9B31DDCE961->18b22b39-7551-46dd-8464-dd74933c4739: receive RaftClientReply:client-D9B31DDCE961->18b22b39-7551-46dd-8464-dd74933c4739@group-597320EF17B3, cid=4682, SUCCESS, logIndex=0, commits[18b22b39-7551-46dd-8464-dd74933c4739:c7075, 76d6a15c-8eeb-4764-b555-ce8767d18d57:c7073, c90dcfdf-5973-4b56-a955-1fc4555f10cb:c7073]
2019-09-19 11:27:25,939 [grpc-default-executor-6] INFO  client.GrpcClientProtocolClient (GrpcClientProtocolClient.java:onNext(264)) - client-D9B31DDCE961->18b22b39-7551-46dd-8464-dd74933c4739: receive RaftClientReply:client-D9B31DDCE961->18b22b39-7551-46dd-8464-dd74933c4739@group-597320EF17B3, cid=4683, SUCCESS, logIndex=7078, commits[18b22b39-7551-46dd-8464-dd74933c4739:c7079, 76d6a15c-8eeb-4764-b555-ce8767d18d57:c7075, c90dcfdf-5973-4b56-a955-1fc4555f10cb:c7075]
2019-09-19 11:27:25,939 [grpc-default-executor-6] INFO  client.GrpcClientProtocolClient (GrpcClientProtocolClient.java:onNext(264)) - client-D9B31DDCE961->18b22b39-7551-46dd-8464-dd74933c4739: receive RaftClientReply:client-D9B31DDCE961->18b22b39-7551-46dd-8464-dd74933c4739@group-597320EF17B3, cid=4684, SUCCESS, logIndex=7079, commits[18b22b39-7551-46dd-8464-dd74933c4739:c7079, 76d6a15c-8eeb-4764-b555-ce8767d18d57:c7075, c90dcfdf-5973-4b56-a955-1fc4555f10cb:c7075]
 0.00% |█                                                                                                    |  0/1 Time: 0:01:30 0.00% |█                                                                                                    |  0/1 Time: 0:01:31 0.00% |█                                                                                                    |  0/1 Time: 0:01:322019-09-19 11:27:28,938 [java.util.concurrent.ThreadPoolExecutor$Worker@77e89581[State = -1, empty queue]] WARN  server.GrpcLogAppender (GrpcLogAppender.java:timeoutAppendRequest(200)) - 18b22b39-7551-46dd-8464-dd74933c4739@group-597320EF17B3->c90dcfdf-5973-4b56-a955-1fc4555f10cb-GrpcLogAppender: appendEntries Timeout, request=18b22b39-7551-46dd-8464-dd74933c4739->c90dcfdf-5973-4b56-a955-1fc4555f10cb#7098-t11, previous=(t:11, i:7080), leaderCommit=7079, initializing? false, entries: size=1, first=(t:11, i:7081), METADATAENTRY(c7079)
2019-09-19 11:27:28,938 [java.util.concurrent.ThreadPoolExecutor$Worker@1b1a33c8[State = -1, empty queue]] WARN  server.GrpcLogAppender (GrpcLogAppender.java:timeoutAppendRequest(200)) - 18b22b39-7551-46dd-8464-dd74933c4739@group-597320EF17B3->76d6a15c-8eeb-4764-b555-ce8767d18d57-GrpcLogAppender: appendEntries Timeout, request=18b22b39-7551-46dd-8464-dd74933c4739->76d6a15c-8eeb-4764-b555-ce8767d18d57#7098-t11, previous=(t:11, i:7080), leaderCommit=7079, initializing? false, entries: size=1, first=(t:11, i:7081), METADATAENTRY(c7079)
2019-09-19 11:27:28,949 [java.util.concurrent.ThreadPoolExecutor$Worker@1b1a33c8[State = -1, empty queue]] WARN  server.GrpcLogAppender (GrpcLogAppender.java:timeoutAppendRequest(200)) - 18b22b39-7551-46dd-8464-dd74933c4739@group-597320EF17B3->76d6a15c-8eeb-4764-b555-ce8767d18d57-GrpcLogAppender: appendEntries Timeout, request=18b22b39-7551-46dd-8464-dd74933c4739->76d6a15c-8eeb-4764-b555-ce8767d18d57#7099-t11, previous=(t:11, i:7081), leaderCommit=7079, initializing? false, entries: size=1, first=(t:11, i:7082), STATEMACHINELOGENTRY, client-D9B31DDCE961, cid=4685
2019-09-19 11:27:28,949 [java.util.concurrent.ThreadPoolExecutor$Worker@1b1a33c8[State = -1, empty queue]] WARN  server.GrpcLogAppender (GrpcLogAppender.java:timeoutAppendRequest(200)) - 18b22b39-7551-46dd-8464-dd74933c4739@group-597320EF17B3->76d6a15c-8eeb-4764-b555-ce8767d18d57-GrpcLogAppender: appendEntries Timeout, request=18b22b39-7551-46dd-8464-dd74933c4739->76d6a15c-8eeb-4764-b555-ce8767d18d57#7100-t11, previous=(t:11, i:7082), leaderCommit=7079, initializing? false, entries: size=1, first=(t:11, i:7083), STATEMACHINELOGENTRY, client-D9B31DDCE961, cid=4686
2019-09-19 11:27:28,950 [java.util.concurrent.ThreadPoolExecutor$Worker@77e89581[State = -1, empty queue]] WARN  server.GrpcLogAppender (GrpcLogAppender.java:timeoutAppendRequest(200)) - 18b22b39-7551-46dd-8464-dd74933c4739@group-597320EF17B3->c90dcfdf-5973-4b56-a955-1fc4555f10cb-GrpcLogAppender: appendEntries Timeout, request=18b22b39-7551-46dd-8464-dd74933c4739->c90dcfdf-5973-4b56-a955-1fc4555f10cb#7099-t11, previous=(t:11, i:7081), leaderCommit=7079, initializing? false, entries: size=1, first=(t:11, i:7082), STATEMACHINELOGENTRY, client-D9B31DDCE961, cid=4685
2019-09-19 11:27:28,953 [java.util.concurrent.ThreadPoolExecutor$Worker@77e89581[State = -1, empty queue]] WARN  server.GrpcLogAppender (GrpcLogAppender.java:timeoutAppendRequest(200)) - 18b22b39-7551-46dd-8464-dd74933c4739@group-597320EF17B3->c90dcfdf-5973-4b56-a955-1fc4555f10cb-GrpcLogAppender: appendEntries Timeout, request=18b22b39-7551-46dd-8464-dd74933c4739->c90dcfdf-5973-4b56-a955-1fc4555f10cb#7100-t11, previous=(t:11, i:7082), leaderCommit=7079, initializing? false, entries: size=1, first=(t:11, i:7083), STATEMACHINELOGENTRY, client-D9B31DDCE961, cid=4686
2019-09-19 11:27:29,060 [grpc-default-executor-5] WARN  server.GrpcLogAppender (GrpcLogAppender.java:onNextImpl(251)) - 18b22b39-7551-46dd-8464-dd74933c4739@group-597320EF17B3->c90dcfdf-5973-4b56-a955-1fc4555f10cb-AppendLogResponseHandler: Request not found, ignoring reply: 18b22b39-7551-46dd-8464-dd74933c4739<-c90dcfdf-5973-4b56-a955-1fc4555f10cb#7098:OK,SUCCESS,nextIndex:7082,term:11,followerCommit:7080
2019-09-19 11:27:29,062 [grpc-default-executor-6] WARN  server.GrpcLogAppender (GrpcLogAppender.java:onNextImpl(251)) - 18b22b39-7551-46dd-8464-dd74933c4739@group-597320EF17B3->76d6a15c-8eeb-4764-b555-ce8767d18d57-AppendLogResponseHandler: Request not found, ignoring reply: 18b22b39-7551-46dd-8464-dd74933c4739<-76d6a15c-8eeb-4764-b555-ce8767d18d57#7098:OK,SUCCESS,nextIndex:7082,term:11,followerCommit:7080
2019-09-19 11:27:29,062 [grpc-default-executor-5] WARN  server.GrpcLogAppender (GrpcLogAppender.java:onNextImpl(251)) - 18b22b39-7551-46dd-8464-dd74933c4739@group-597320EF17B3->c90dcfdf-5973-4b56-a955-1fc4555f10cb-AppendLogResponseHandler: Request not found, ignoring reply: 18b22b39-7551-46dd-8464-dd74933c4739<-c90dcfdf-5973-4b56-a955-1fc4555f10cb#7099:OK,SUCCESS,nextIndex:7083,term:11,followerCommit:7080
2019-09-19 11:27:29,063 [grpc-default-executor-5] WARN  server.GrpcLogAppender (GrpcLogAppender.java:onNextImpl(251)) - 18b22b39-7551-46dd-8464-dd74933c4739@group-597320EF17B3->c90dcfdf-5973-4b56-a955-1fc4555f10cb-AppendLogResponseHandler: Request not found, ignoring reply: 18b22b39-7551-46dd-8464-dd74933c4739<-c90dcfdf-5973-4b56-a955-1fc4555f10cb#7100:OK,SUCCESS,nextIndex:7084,term:11,followerCommit:7080
2019-09-19 11:27:29,063 [grpc-default-executor-6] WARN  server.GrpcLogAppender (GrpcLogAppender.java:onNextImpl(251)) - 18b22b39-7551-46dd-8464-dd74933c4739@group-597320EF17B3->76d6a15c-8eeb-4764-b555-ce8767d18d57-AppendLogResponseHandler: Request not found, ignoring reply: 18b22b39-7551-46dd-8464-dd74933c4739<-76d6a15c-8eeb-4764-b555-ce8767d18d57#7099:OK,SUCCESS,nextIndex:7083,term:11,followerCommit:7080
2019-09-19 11:27:29,065 [grpc-default-executor-6] WARN  server.GrpcLogAppender (GrpcLogAppender.java:onNextImpl(251)) - 18b22b39-7551-46dd-8464-dd74933c4739@group-597320EF17B3->76d6a15c-8eeb-4764-b555-ce8767d18d57-AppendLogResponseHandler: Request not found, ignoring reply: 18b22b39-7551-46dd-8464-dd74933c4739<-76d6a15c-8eeb-4764-b555-ce8767d18d57#7100:OK,SUCCESS,nextIndex:7084,term:11,followerCommit:7080
2019-09-19 11:27:29,066 [grpc-default-executor-5] INFO  client.GrpcClientProtocolClient (GrpcClientProtocolClient.java:onNext(264)) - client-D9B31DDCE961->18b22b39-7551-46dd-8464-dd74933c4739: receive RaftClientReply:client-D9B31DDCE961->18b22b39-7551-46dd-8464-dd74933c4739@group-597320EF17B3, cid=4685, SUCCESS, logIndex=7082, commits[18b22b39-7551-46dd-8464-dd74933c4739:c7083, 76d6a15c-8eeb-4764-b555-ce8767d18d57:c7079, c90dcfdf-5973-4b56-a955-1fc4555f10cb:c7080]
2019-09-19 11:27:29,067 [grpc-default-executor-5] INFO  client.GrpcClientProtocolClient (GrpcClientProtocolClient.java:onNext(264)) - client-D9B31DDCE961->18b22b39-7551-46dd-8464-dd74933c4739: receive RaftClientReply:client-D9B31DDCE961->18b22b39-7551-46dd-8464-dd74933c4739@group-597320EF17B3, cid=4686, SUCCESS, logIndex=7083, commits[18b22b39-7551-46dd-8464-dd74933c4739:c7083, 76d6a15c-8eeb-4764-b555-ce8767d18d57:c7080, c90dcfdf-5973-4b56-a955-1fc4555f10cb:c7080]
 0.00% |█                                                                                                    |  0/1 Time: 0:01:33 0.00% |█                                                                                                    |  0/1 Time: 0:01:34 0.00% |█                                                                                                    |  0/1 Time: 0:01:35 0.00% |█                                                                                                    |  0/1 Time: 0:01:36 0.00% |█                                                                                                    |  0/1 Time: 0:01:37 0.00% |█                                                                                                    |  0/1 Time: 0:01:382019-09-19 11:27:34,974 [grpc-default-executor-6] INFO  client.GrpcClientProtocolClient (GrpcClientProtocolClient.java:onNext(264)) - client-D9B31DDCE961->76d6a15c-8eeb-4764-b555-ce8767d18d57: receive RaftClientReply:client-D9B31DDCE961->76d6a15c-8eeb-4764-b555-ce8767d18d57@group-597320EF17B3, cid=4685, FAILED org.apache.ratis.protocol.NotLeaderException: Server 76d6a15c-8eeb-4764-b555-ce8767d18d57@group-597320EF17B3 is not the leader 18b22b39-7551-46dd-8464-dd74933c4739:192.168.5.171:33085, logIndex=0, commits[76d6a15c-8eeb-4764-b555-ce8767d18d57:c7084, 18b22b39-7551-46dd-8464-dd74933c4739:c7084, c90dcfdf-5973-4b56-a955-1fc4555f10cb:c7083]
2019-09-19 11:27:34,983 [grpc-default-executor-5] INFO  client.GrpcClientProtocolClient (GrpcClientProtocolClient.java:onNext(264)) - client-D9B31DDCE961->18b22b39-7551-46dd-8464-dd74933c4739: receive RaftClientReply:client-D9B31DDCE961->18b22b39-7551-46dd-8464-dd74933c4739@group-597320EF17B3, cid=4685, SUCCESS, logIndex=7082, commits[18b22b39-7551-46dd-8464-dd74933c4739:c7083, 76d6a15c-8eeb-4764-b555-ce8767d18d57:c7079, c90dcfdf-5973-4b56-a955-1fc4555f10cb:c7080]
2019-09-19 11:27:34,985 [grpc-default-executor-5] INFO  client.GrpcClientProtocolClient (GrpcClientProtocolClient.java:onNext(264)) - client-D9B31DDCE961->18b22b39-7551-46dd-8464-dd74933c4739: receive RaftClientReply:client-D9B31DDCE961->18b22b39-7551-46dd-8464-dd74933c4739@group-597320EF17B3, cid=4686, SUCCESS, logIndex=7083, commits[18b22b39-7551-46dd-8464-dd74933c4739:c7083, 76d6a15c-8eeb-4764-b555-ce8767d18d57:c7080, c90dcfdf-5973-4b56-a955-1fc4555f10cb:c7080]
2019-09-19 11:27:34,991 [grpc-default-executor-5] INFO  client.GrpcClientProtocolClient (GrpcClientProtocolClient.java:onNext(264)) - client-D9B31DDCE961->18b22b39-7551-46dd-8464-dd74933c4739: receive RaftClientReply:client-D9B31DDCE961->18b22b39-7551-46dd-8464-dd74933c4739@group-597320EF17B3, cid=4687, SUCCESS, logIndex=0, commits[18b22b39-7551-46dd-8464-dd74933c4739:c7084, 76d6a15c-8eeb-4764-b555-ce8767d18d57:c7084, c90dcfdf-5973-4b56-a955-1fc4555f10cb:c7084]
 0.00% |█                                                                                                    |  0/1 Time: 0:01:39 0.00% |█                                                                                                    |  0/1 Time: 0:01:402019-09-19 11:27:36,733 [grpc-default-executor-7] INFO  client.GrpcClientProtocolClient (GrpcClientProtocolClient.java:onNext(264)) - client-D9B31DDCE961->18b22b39-7551-46dd-8464-dd74933c4739: receive RaftClientReply:client-D9B31DDCE961->18b22b39-7551-46dd-8464-dd74933c4739@group-597320EF17B3, cid=4688, SUCCESS, logIndex=7085, commits[18b22b39-7551-46dd-8464-dd74933c4739:c7088, 76d6a15c-8eeb-4764-b555-ce8767d18d57:c7084, c90dcfdf-5973-4b56-a955-1fc4555f10cb:c7084]
2019-09-19 11:27:36,740 [grpc-default-executor-7] INFO  client.GrpcClientProtocolClient (GrpcClientProtocolClient.java:onNext(264)) - client-D9B31DDCE961->18b22b39-7551-46dd-8464-dd74933c4739: receive RaftClientReply:client-D9B31DDCE961->18b22b39-7551-46dd-8464-dd74933c4739@group-597320EF17B3, cid=4689, SUCCESS, logIndex=7086, commits[18b22b39-7551-46dd-8464-dd74933c4739:c7088, 76d6a15c-8eeb-4764-b555-ce8767d18d57:c7084, c90dcfdf-5973-4b56-a955-1fc4555f10cb:c7084]
2019-09-19 11:27:36,751 [grpc-default-executor-7] INFO  client.GrpcClientProtocolClient (GrpcClientProtocolClient.java:onNext(264)) - client-D9B31DDCE961->18b22b39-7551-46dd-8464-dd74933c4739: receive RaftClientReply:client-D9B31DDCE961->18b22b39-7551-46dd-8464-dd74933c4739@group-597320EF17B3, cid=4690, SUCCESS, logIndex=7087, commits[18b22b39-7551-46dd-8464-dd74933c4739:c7088, 76d6a15c-8eeb-4764-b555-ce8767d18d57:c7084, c90dcfdf-5973-4b56-a955-1fc4555f10cb:c7084]
2019-09-19 11:27:36,752 [grpc-default-executor-7] INFO  client.GrpcClientProtocolClient (GrpcClientProtocolClient.java:onNext(264)) - client-D9B31DDCE961->18b22b39-7551-46dd-8464-dd74933c4739: receive RaftClientReply:client-D9B31DDCE961->18b22b39-7551-46dd-8464-dd74933c4739@group-597320EF17B3, cid=4691, SUCCESS, logIndex=7088, commits[18b22b39-7551-46dd-8464-dd74933c4739:c7088, 76d6a15c-8eeb-4764-b555-ce8767d18d57:c7084, c90dcfdf-5973-4b56-a955-1fc4555f10cb:c7084]
 0.00% |█                                                                                                    |  0/1 Time: 0:01:412019-09-19 11:27:38,054 [java.util.concurrent.ThreadPoolExecutor$Worker@1b1a33c8[State = -1, empty queue]] WARN  server.GrpcLogAppender (GrpcLogAppender.java:timeoutAppendRequest(200)) - 18b22b39-7551-46dd-8464-dd74933c4739@group-597320EF17B3->76d6a15c-8eeb-4764-b555-ce8767d18d57-GrpcLogAppender: appendEntries Timeout, request=18b22b39-7551-46dd-8464-dd74933c4739->76d6a15c-8eeb-4764-b555-ce8767d18d57#7106-t11, previous=(t:11, i:7086), leaderCommit=7084, initializing? false, entries: size=1, first=(t:11, i:7087), STATEMACHINELOGENTRY, client-D9B31DDCE961, cid=4690
2019-09-19 11:27:38,055 [java.util.concurrent.ThreadPoolExecutor$Worker@1b1a33c8[State = -1, empty queue]] WARN  server.GrpcLogAppender (GrpcLogAppender.java:timeoutAppendRequest(200)) - 18b22b39-7551-46dd-8464-dd74933c4739@group-597320EF17B3->76d6a15c-8eeb-4764-b555-ce8767d18d57-GrpcLogAppender: appendEntries Timeout, request=18b22b39-7551-46dd-8464-dd74933c4739->76d6a15c-8eeb-4764-b555-ce8767d18d57#7107-t11, previous=(t:11, i:7087), leaderCommit=7084, initializing? false, entries: size=1, first=(t:11, i:7088), STATEMACHINELOGENTRY, client-D9B31DDCE961, cid=4691
 0.00% |█                                                                                                    |  0/1 Time: 0:01:42 0.00% |█                                                                                                    |  0/1 Time: 0:01:432019-09-19 11:27:39,627 [java.util.concurrent.ThreadPoolExecutor$Worker@1b1a33c8[State = -1, empty queue]] WARN  server.GrpcLogAppender (GrpcLogAppender.java:timeoutAppendRequest(200)) - 18b22b39-7551-46dd-8464-dd74933c4739@group-597320EF17B3->76d6a15c-8eeb-4764-b555-ce8767d18d57-GrpcLogAppender: appendEntries Timeout, request=18b22b39-7551-46dd-8464-dd74933c4739->76d6a15c-8eeb-4764-b555-ce8767d18d57#7108-t11, previous=(t:11, i:7088), leaderCommit=7085, initializing? false, entries: size=1, first=(t:11, i:7089), METADATAENTRY(c7085)
2019-09-19 11:27:39,627 [java.util.concurrent.ThreadPoolExecutor$Worker@77e89581[State = -1, empty queue]] WARN  server.GrpcLogAppender (GrpcLogAppender.java:timeoutAppendRequest(200)) - 18b22b39-7551-46dd-8464-dd74933c4739@group-597320EF17B3->c90dcfdf-5973-4b56-a955-1fc4555f10cb-GrpcLogAppender: appendEntries Timeout, request=18b22b39-7551-46dd-8464-dd74933c4739->c90dcfdf-5973-4b56-a955-1fc4555f10cb#7108-t11, previous=(t:11, i:7088), leaderCommit=7086, initializing? false, entries: size=1, first=(t:11, i:7089), METADATAENTRY(c7085)
2019-09-19 11:27:39,632 [java.util.concurrent.ThreadPoolExecutor$Worker@1b1a33c8[State = -1, empty queue]] WARN  server.GrpcLogAppender (GrpcLogAppender.java:timeoutAppendRequest(200)) - 18b22b39-7551-46dd-8464-dd74933c4739@group-597320EF17B3->76d6a15c-8eeb-4764-b555-ce8767d18d57-GrpcLogAppender: appendEntries Timeout, request=18b22b39-7551-46dd-8464-dd74933c4739->76d6a15c-8eeb-4764-b555-ce8767d18d57#7109-t11, previous=(t:11, i:7089), leaderCommit=7086, initializing? false, entries: size=1, first=(t:11, i:7090), METADATAENTRY(c7086)
2019-09-19 11:27:39,634 [java.util.concurrent.ThreadPoolExecutor$Worker@77e89581[State = -1, empty queue]] WARN  server.GrpcLogAppender (GrpcLogAppender.java:timeoutAppendRequest(200)) - 18b22b39-7551-46dd-8464-dd74933c4739@group-597320EF17B3->c90dcfdf-5973-4b56-a955-1fc4555f10cb-GrpcLogAppender: appendEntries Timeout, request=18b22b39-7551-46dd-8464-dd74933c4739->c90dcfdf-5973-4b56-a955-1fc4555f10cb#7109-t11, previous=(t:11, i:7089), leaderCommit=7086, initializing? false, entries: size=1, first=(t:11, i:7090), METADATAENTRY(c7086)
2019-09-19 11:27:39,637 [java.util.concurrent.ThreadPoolExecutor$Worker@1b1a33c8[State = -1, empty queue]] WARN  server.GrpcLogAppender (GrpcLogAppender.java:timeoutAppendRequest(200)) - 18b22b39-7551-46dd-8464-dd74933c4739@group-597320EF17B3->76d6a15c-8eeb-4764-b555-ce8767d18d57-GrpcLogAppender: appendEntries Timeout, request=18b22b39-7551-46dd-8464-dd74933c4739->76d6a15c-8eeb-4764-b555-ce8767d18d57#7110-t11, previous=(t:11, i:7090), leaderCommit=7088, initializing? false, entries: size=1, first=(t:11, i:7091), METADATAENTRY(c7087)
2019-09-19 11:27:39,639 [java.util.concurrent.ThreadPoolExecutor$Worker@77e89581[State = -1, empty queue]] WARN  server.GrpcLogAppender (GrpcLogAppender.java:timeoutAppendRequest(200)) - 18b22b39-7551-46dd-8464-dd74933c4739@group-597320EF17B3->c90dcfdf-5973-4b56-a955-1fc4555f10cb-GrpcLogAppender: appendEntries Timeout, request=18b22b39-7551-46dd-8464-dd74933c4739->c90dcfdf-5973-4b56-a955-1fc4555f10cb#7110-t11, previous=(t:11, i:7090), leaderCommit=7088, initializing? false, entries: size=1, first=(t:11, i:7091), METADATAENTRY(c7087)
2019-09-19 11:27:39,641 [java.util.concurrent.ThreadPoolExecutor$Worker@1b1a33c8[State = -1, empty queue]] WARN  server.GrpcLogAppender (GrpcLogAppender.java:timeoutAppendRequest(200)) - 18b22b39-7551-46dd-8464-dd74933c4739@group-597320EF17B3->76d6a15c-8eeb-4764-b555-ce8767d18d57-GrpcLogAppender: appendEntries Timeout, request=18b22b39-7551-46dd-8464-dd74933c4739->76d6a15c-8eeb-4764-b555-ce8767d18d57#7111-t11, previous=(t:11, i:7091), leaderCommit=7088, initializing? false, entries: size=1, first=(t:11, i:7092), METADATAENTRY(c7088)
2019-09-19 11:27:39,642 [java.util.concurrent.ThreadPoolExecutor$Worker@77e89581[State = -1, empty queue]] WARN  server.GrpcLogAppender (GrpcLogAppender.java:timeoutAppendRequest(200)) - 18b22b39-7551-46dd-8464-dd74933c4739@group-597320EF17B3->c90dcfdf-5973-4b56-a955-1fc4555f10cb-GrpcLogAppender: appendEntries Timeout, request=18b22b39-7551-46dd-8464-dd74933c4739->c90dcfdf-5973-4b56-a955-1fc4555f10cb#7111-t11, previous=(t:11, i:7091), leaderCommit=7088, initializing? false, entries: size=1, first=(t:11, i:7092), METADATAENTRY(c7088)
2019-09-19 11:27:40,311 [grpc-default-executor-7] WARN  server.GrpcLogAppender (GrpcLogAppender.java:onNextImpl(251)) - 18b22b39-7551-46dd-8464-dd74933c4739@group-597320EF17B3->76d6a15c-8eeb-4764-b555-ce8767d18d57-AppendLogResponseHandler: Request not found, ignoring reply: 18b22b39-7551-46dd-8464-dd74933c4739<-76d6a15c-8eeb-4764-b555-ce8767d18d57#7106:OK,SUCCESS,nextIndex:7088,term:11,followerCommit:7086
2019-09-19 11:27:40,311 [grpc-default-executor-6] WARN  server.GrpcLogAppender (GrpcLogAppender.java:onNextImpl(251)) - 18b22b39-7551-46dd-8464-dd74933c4739@group-597320EF17B3->c90dcfdf-5973-4b56-a955-1fc4555f10cb-AppendLogResponseHandler: Request not found, ignoring reply: 18b22b39-7551-46dd-8464-dd74933c4739<-c90dcfdf-5973-4b56-a955-1fc4555f10cb#7108:OK,SUCCESS,nextIndex:7090,term:11,followerCommit:7088
2019-09-19 11:27:40,314 [grpc-default-executor-7] WARN  server.GrpcLogAppender (GrpcLogAppender.java:onNextImpl(251)) - 18b22b39-7551-46dd-8464-dd74933c4739@group-597320EF17B3->76d6a15c-8eeb-4764-b555-ce8767d18d57-AppendLogResponseHandler: Request not found, ignoring reply: 18b22b39-7551-46dd-8464-dd74933c4739<-76d6a15c-8eeb-4764-b555-ce8767d18d57#7107:OK,SUCCESS,nextIndex:7089,term:11,followerCommit:7086
2019-09-19 11:27:40,314 [grpc-default-executor-6] WARN  server.GrpcLogAppender (GrpcLogAppender.java:onNextImpl(251)) - 18b22b39-7551-46dd-8464-dd74933c4739@group-597320EF17B3->c90dcfdf-5973-4b56-a955-1fc4555f10cb-AppendLogResponseHandler: Request not found, ignoring reply: 18b22b39-7551-46dd-8464-dd74933c4739<-c90dcfdf-5973-4b56-a955-1fc4555f10cb#7109:OK,SUCCESS,nextIndex:7091,term:11,followerCommit:7088
 0.00% |█                                                                                                    |  0/1 Time: 0:01:44 0.00% |█                                                                                                    |  0/1 Time: 0:01:452019-09-19 11:27:41,753 [pool-277-thread-1] WARN  scm.XceiverClientRatis (XceiverClientRatis.java:watchForCommit(262)) - 3 way commit failed on pipeline Pipeline[ Id: 400acabc-46b9-4c6d-b12c-597320ef17b3, Nodes: 76d6a15c-8eeb-4764-b555-ce8767d18d57{ip: 192.168.5.171, host: pr-hdds-1054-s6xkv-2432930293, networkLocation: /default-rack, certSerialId: null}18b22b39-7551-46dd-8464-dd74933c4739{ip: 192.168.5.171, host: pr-hdds-1054-s6xkv-2432930293, networkLocation: /default-rack, certSerialId: null}c90dcfdf-5973-4b56-a955-1fc4555f10cb{ip: 192.168.5.171, host: pr-hdds-1054-s6xkv-2432930293, networkLocation: /default-rack, certSerialId: null}, Type:RATIS, Factor:THREE, State:OPEN]
java.util.concurrent.TimeoutException
	at java.util.concurrent.CompletableFuture.timedGet(CompletableFuture.java:1771)
	at java.util.concurrent.CompletableFuture.get(CompletableFuture.java:1915)
	at org.apache.hadoop.hdds.scm.XceiverClientRatis.watchForCommit(XceiverClientRatis.java:259)
	at org.apache.hadoop.hdds.scm.storage.CommitWatcher.watchForCommit(CommitWatcher.java:194)
	at org.apache.hadoop.hdds.scm.storage.CommitWatcher.watchOnFirstIndex(CommitWatcher.java:135)
	at org.apache.hadoop.hdds.scm.storage.BlockOutputStream.watchForCommit(BlockOutputStream.java:347)
	at org.apache.hadoop.hdds.scm.storage.BlockOutputStream.handleFullBuffer(BlockOutputStream.java:324)
	at org.apache.hadoop.hdds.scm.storage.BlockOutputStream.write(BlockOutputStream.java:251)
	at org.apache.hadoop.ozone.client.io.BlockOutputStreamEntry.write(BlockOutputStreamEntry.java:129)
	at org.apache.hadoop.ozone.client.io.KeyOutputStream.handleWrite(KeyOutputStream.java:208)
	at org.apache.hadoop.ozone.client.io.KeyOutputStream.write(KeyOutputStream.java:190)
	at org.apache.hadoop.ozone.client.io.OzoneOutputStream.write(OzoneOutputStream.java:49)
	at org.apache.hadoop.ozone.freon.RandomKeyGenerator.createKey(RandomKeyGenerator.java:708)
	at org.apache.hadoop.ozone.freon.RandomKeyGenerator.access$1100(RandomKeyGenerator.java:88)
	at org.apache.hadoop.ozone.freon.RandomKeyGenerator$ObjectCreator.run(RandomKeyGenerator.java:615)
	at java.util.concurrent.Executors$RunnableAdapter.call(Executors.java:511)
	at java.util.concurrent.FutureTask.run(FutureTask.java:266)
	at java.util.concurrent.ThreadPoolExecutor.runWorker(ThreadPoolExecutor.java:1149)
	at java.util.concurrent.ThreadPoolExecutor$Worker.run(ThreadPoolExecutor.java:624)
	at java.lang.Thread.run(Thread.java:748)
2019-09-19 11:27:42,138 [java.util.concurrent.ThreadPoolExecutor$Worker@1b1a33c8[State = -1, empty queue]] WARN  server.GrpcLogAppender (GrpcLogAppender.java:timeoutAppendRequest(200)) - 18b22b39-7551-46dd-8464-dd74933c4739@group-597320EF17B3->76d6a15c-8eeb-4764-b555-ce8767d18d57-GrpcLogAppender: appendEntries Timeout, request=18b22b39-7551-46dd-8464-dd74933c4739->76d6a15c-8eeb-4764-b555-ce8767d18d57#7112-t11, previous=(t:11, i:7092), leaderCommit=7088, initializing? false, entries: <empty>
2019-09-19 11:27:42,138 [java.util.concurrent.ThreadPoolExecutor$Worker@77e89581[State = -1, empty queue]] WARN  server.GrpcLogAppender (GrpcLogAppender.java:timeoutAppendRequest(200)) - 18b22b39-7551-46dd-8464-dd74933c4739@group-597320EF17B3->c90dcfdf-5973-4b56-a955-1fc4555f10cb-GrpcLogAppender: appendEntries Timeout, request=18b22b39-7551-46dd-8464-dd74933c4739->c90dcfdf-5973-4b56-a955-1fc4555f10cb#7112-t11, previous=(t:11, i:7092), leaderCommit=7088, initializing? false, entries: <empty>
 0.00% |█                                                                                                    |  0/1 Time: 0:01:46 0.00% |█                                                                                                    |  0/1 Time: 0:01:472019-09-19 11:27:43,568 [grpc-default-executor-7] WARN  server.GrpcLogAppender (GrpcLogAppender.java:onNextImpl(251)) - 18b22b39-7551-46dd-8464-dd74933c4739@group-597320EF17B3->76d6a15c-8eeb-4764-b555-ce8767d18d57-AppendLogResponseHandler: Request not found, ignoring reply: 18b22b39-7551-46dd-8464-dd74933c4739<-76d6a15c-8eeb-4764-b555-ce8767d18d57#7108:OK,SUCCESS,nextIndex:7090,term:11,followerCommit:7088
2019-09-19 11:27:43,568 [grpc-default-executor-6] WARN  server.GrpcLogAppender (GrpcLogAppender.java:onNextImpl(251)) - 18b22b39-7551-46dd-8464-dd74933c4739@group-597320EF17B3->c90dcfdf-5973-4b56-a955-1fc4555f10cb-AppendLogResponseHandler: Request not found, ignoring reply: 18b22b39-7551-46dd-8464-dd74933c4739<-c90dcfdf-5973-4b56-a955-1fc4555f10cb#7110:OK,SUCCESS,nextIndex:7092,term:11,followerCommit:7088
2019-09-19 11:27:43,568 [grpc-default-executor-7] WARN  server.GrpcLogAppender (GrpcLogAppender.java:onNextImpl(251)) - 18b22b39-7551-46dd-8464-dd74933c4739@group-597320EF17B3->76d6a15c-8eeb-4764-b555-ce8767d18d57-AppendLogResponseHandler: Request not found, ignoring reply: 18b22b39-7551-46dd-8464-dd74933c4739<-76d6a15c-8eeb-4764-b555-ce8767d18d57#7109:OK,SUCCESS,nextIndex:7091,term:11,followerCommit:7088
2019-09-19 11:27:43,568 [grpc-default-executor-6] WARN  server.GrpcLogAppender (GrpcLogAppender.java:onNextImpl(251)) - 18b22b39-7551-46dd-8464-dd74933c4739@group-597320EF17B3->c90dcfdf-5973-4b56-a955-1fc4555f10cb-AppendLogResponseHandler: Request not found, ignoring reply: 18b22b39-7551-46dd-8464-dd74933c4739<-c90dcfdf-5973-4b56-a955-1fc4555f10cb#7111:OK,SUCCESS,nextIndex:7093,term:11,followerCommit:7088
2019-09-19 11:27:43,568 [grpc-default-executor-7] WARN  server.GrpcLogAppender (GrpcLogAppender.java:onNextImpl(251)) - 18b22b39-7551-46dd-8464-dd74933c4739@group-597320EF17B3->76d6a15c-8eeb-4764-b555-ce8767d18d57-AppendLogResponseHandler: Request not found, ignoring reply: 18b22b39-7551-46dd-8464-dd74933c4739<-76d6a15c-8eeb-4764-b555-ce8767d18d57#7110:OK,SUCCESS,nextIndex:7092,term:11,followerCommit:7088
2019-09-19 11:27:43,569 [grpc-default-executor-6] WARN  server.GrpcLogAppender (GrpcLogAppender.java:onNextImpl(251)) - 18b22b39-7551-46dd-8464-dd74933c4739@group-597320EF17B3->c90dcfdf-5973-4b56-a955-1fc4555f10cb-AppendLogResponseHandler: Request not found, ignoring reply: 18b22b39-7551-46dd-8464-dd74933c4739<-c90dcfdf-5973-4b56-a955-1fc4555f10cb#7112:OK,SUCCESS,nextIndex:7093,term:11,followerCommit:7088
2019-09-19 11:27:43,569 [grpc-default-executor-7] WARN  server.GrpcLogAppender (GrpcLogAppender.java:onNextImpl(251)) - 18b22b39-7551-46dd-8464-dd74933c4739@group-597320EF17B3->76d6a15c-8eeb-4764-b555-ce8767d18d57-AppendLogResponseHandler: Request not found, ignoring reply: 18b22b39-7551-46dd-8464-dd74933c4739<-76d6a15c-8eeb-4764-b555-ce8767d18d57#7111:OK,SUCCESS,nextIndex:7093,term:11,followerCommit:7088
2019-09-19 11:27:43,569 [grpc-default-executor-7] WARN  server.GrpcLogAppender (GrpcLogAppender.java:onNextImpl(251)) - 18b22b39-7551-46dd-8464-dd74933c4739@group-597320EF17B3->76d6a15c-8eeb-4764-b555-ce8767d18d57-AppendLogResponseHandler: Request not found, ignoring reply: 18b22b39-7551-46dd-8464-dd74933c4739<-76d6a15c-8eeb-4764-b555-ce8767d18d57#7112:OK,SUCCESS,nextIndex:7093,term:11,followerCommit:7086
2019-09-19 11:27:43,570 [grpc-default-executor-7] INFO  client.GrpcClientProtocolClient (GrpcClientProtocolClient.java:onNext(264)) - client-D9B31DDCE961->18b22b39-7551-46dd-8464-dd74933c4739: receive RaftClientReply:client-D9B31DDCE961->18b22b39-7551-46dd-8464-dd74933c4739@group-597320EF17B3, cid=4693, SUCCESS, logIndex=0, commits[18b22b39-7551-46dd-8464-dd74933c4739:c7088, 76d6a15c-8eeb-4764-b555-ce8767d18d57:c7084, c90dcfdf-5973-4b56-a955-1fc4555f10cb:c7088]
2019-09-19 11:27:43,571 [grpc-default-executor-7] INFO  client.GrpcClientProtocolClient (GrpcClientProtocolClient.java:onNext(264)) - client-D9B31DDCE961->18b22b39-7551-46dd-8464-dd74933c4739: receive RaftClientReply:client-D9B31DDCE961->18b22b39-7551-46dd-8464-dd74933c4739@group-597320EF17B3, cid=4692, SUCCESS, logIndex=0, commits[18b22b39-7551-46dd-8464-dd74933c4739:c7092, 76d6a15c-8eeb-4764-b555-ce8767d18d57:c7088, c90dcfdf-5973-4b56-a955-1fc4555f10cb:c7088]
2019-09-19 11:27:43,571 [grpc-default-executor-7] INFO  client.GrpcClientProtocolClient (GrpcClientProtocolClient.java:onNext(264)) - client-D9B31DDCE961->18b22b39-7551-46dd-8464-dd74933c4739: receive RaftClientReply:client-D9B31DDCE961->18b22b39-7551-46dd-8464-dd74933c4739@group-597320EF17B3, cid=4692, SUCCESS, logIndex=0, commits[18b22b39-7551-46dd-8464-dd74933c4739:c7088, 76d6a15c-8eeb-4764-b555-ce8767d18d57:c7088, c90dcfdf-5973-4b56-a955-1fc4555f10cb:c7088]
2019-09-19 11:27:43,575 [pool-277-thread-1] INFO  scm.XceiverClientRatis (XceiverClientRatis.java:lambda$watchForCommit$7(280)) - Could not commit index 7086 on pipeline Pipeline[ Id: 400acabc-46b9-4c6d-b12c-597320ef17b3, Nodes: 76d6a15c-8eeb-4764-b555-ce8767d18d57{ip: 192.168.5.171, host: pr-hdds-1054-s6xkv-2432930293, networkLocation: /default-rack, certSerialId: null}18b22b39-7551-46dd-8464-dd74933c4739{ip: 192.168.5.171, host: pr-hdds-1054-s6xkv-2432930293, networkLocation: /default-rack, certSerialId: null}c90dcfdf-5973-4b56-a955-1fc4555f10cb{ip: 192.168.5.171, host: pr-hdds-1054-s6xkv-2432930293, networkLocation: /default-rack, certSerialId: null}, Type:RATIS, Factor:THREE, State:OPEN] to all the nodes. Server 76d6a15c-8eeb-4764-b555-ce8767d18d57 has failed. Committed by majority.
2019-09-19 11:27:43,576 [pool-277-thread-1] WARN  storage.BlockOutputStream (BlockOutputStream.java:watchForCommit(353)) - Failed to commit BlockId conID: 3 locID: 102818935930487596 bcsId: 7088 on Pipeline[ Id: 400acabc-46b9-4c6d-b12c-597320ef17b3, Nodes: 76d6a15c-8eeb-4764-b555-ce8767d18d57{ip: 192.168.5.171, host: pr-hdds-1054-s6xkv-2432930293, networkLocation: /default-rack, certSerialId: null}18b22b39-7551-46dd-8464-dd74933c4739{ip: 192.168.5.171, host: pr-hdds-1054-s6xkv-2432930293, networkLocation: /default-rack, certSerialId: null}c90dcfdf-5973-4b56-a955-1fc4555f10cb{ip: 192.168.5.171, host: pr-hdds-1054-s6xkv-2432930293, networkLocation: /default-rack, certSerialId: null}, Type:RATIS, Factor:THREE, State:OPEN]. Failed nodes: [76d6a15c-8eeb-4764-b555-ce8767d18d57{ip: null, host: null, networkLocation: /default-rack, certSerialId: null}]
 0.00% |█                                                                                                    |  0/1 Time: 0:01:48 0.00% |█                                                                                                    |  0/1 Time: 0:01:49 0.00% |█                                                                                                    |  0/1 Time: 0:01:502019-09-19 11:27:46,590 [java.util.concurrent.ThreadPoolExecutor$Worker@1b1a33c8[State = -1, empty queue]] WARN  server.GrpcLogAppender (GrpcLogAppender.java:timeoutAppendRequest(200)) - 18b22b39-7551-46dd-8464-dd74933c4739@group-597320EF17B3->76d6a15c-8eeb-4764-b555-ce8767d18d57-GrpcLogAppender: appendEntries Timeout, request=18b22b39-7551-46dd-8464-dd74933c4739->76d6a15c-8eeb-4764-b555-ce8767d18d57#7114-t11, previous=(t:11, i:7092), leaderCommit=7092, initializing? false, entries: size=1, first=(t:11, i:7093), STATEMACHINELOGENTRY, client-D9B31DDCE961, cid=4694
2019-09-19 11:27:46,590 [java.util.concurrent.ThreadPoolExecutor$Worker@77e89581[State = -1, empty queue]] WARN  server.GrpcLogAppender (GrpcLogAppender.java:timeoutAppendRequest(200)) - 18b22b39-7551-46dd-8464-dd74933c4739@group-597320EF17B3->c90dcfdf-5973-4b56-a955-1fc4555f10cb-GrpcLogAppender: appendEntries Timeout, request=18b22b39-7551-46dd-8464-dd74933c4739->c90dcfdf-5973-4b56-a955-1fc4555f10cb#7114-t11, previous=(t:11, i:7092), leaderCommit=7092, initializing? false, entries: size=1, first=(t:11, i:7093), STATEMACHINELOGENTRY, client-D9B31DDCE961, cid=4694
2019-09-19 11:27:46,594 [java.util.concurrent.ThreadPoolExecutor$Worker@1b1a33c8[State = -1, empty queue]] WARN  server.GrpcLogAppender (GrpcLogAppender.java:timeoutAppendRequest(200)) - 18b22b39-7551-46dd-8464-dd74933c4739@group-597320EF17B3->76d6a15c-8eeb-4764-b555-ce8767d18d57-GrpcLogAppender: appendEntries Timeout, request=18b22b39-7551-46dd-8464-dd74933c4739->76d6a15c-8eeb-4764-b555-ce8767d18d57#7115-t11, previous=(t:11, i:7093), leaderCommit=7092, initializing? false, entries: size=1, first=(t:11, i:7094), STATEMACHINELOGENTRY, client-D9B31DDCE961, cid=4695
2019-09-19 11:27:46,605 [java.util.concurrent.ThreadPoolExecutor$Worker@77e89581[State = -1, empty queue]] WARN  server.GrpcLogAppender (GrpcLogAppender.java:timeoutAppendRequest(200)) - 18b22b39-7551-46dd-8464-dd74933c4739@group-597320EF17B3->c90dcfdf-5973-4b56-a955-1fc4555f10cb-GrpcLogAppender: appendEntries Timeout, request=18b22b39-7551-46dd-8464-dd74933c4739->c90dcfdf-5973-4b56-a955-1fc4555f10cb#7115-t11, previous=(t:11, i:7093), leaderCommit=7092, initializing? false, entries: size=1, first=(t:11, i:7094), STATEMACHINELOGENTRY, client-D9B31DDCE961, cid=4695
2019-09-19 11:27:46,911 [grpc-default-executor-7] WARN  server.GrpcLogAppender (GrpcLogAppender.java:onNextImpl(251)) - 18b22b39-7551-46dd-8464-dd74933c4739@group-597320EF17B3->c90dcfdf-5973-4b56-a955-1fc4555f10cb-AppendLogResponseHandler: Request not found, ignoring reply: 18b22b39-7551-46dd-8464-dd74933c4739<-c90dcfdf-5973-4b56-a955-1fc4555f10cb#7114:OK,SUCCESS,nextIndex:7094,term:11,followerCommit:7092
2019-09-19 11:27:46,912 [grpc-default-executor-6] WARN  server.GrpcLogAppender (GrpcLogAppender.java:onNextImpl(251)) - 18b22b39-7551-46dd-8464-dd74933c4739@group-597320EF17B3->76d6a15c-8eeb-4764-b555-ce8767d18d57-AppendLogResponseHandler: Request not found, ignoring reply: 18b22b39-7551-46dd-8464-dd74933c4739<-76d6a15c-8eeb-4764-b555-ce8767d18d57#7114:OK,SUCCESS,nextIndex:7094,term:11,followerCommit:7092
2019-09-19 11:27:46,912 [grpc-default-executor-7] WARN  server.GrpcLogAppender (GrpcLogAppender.java:onNextImpl(251)) - 18b22b39-7551-46dd-8464-dd74933c4739@group-597320EF17B3->c90dcfdf-5973-4b56-a955-1fc4555f10cb-AppendLogResponseHandler: Request not found, ignoring reply: 18b22b39-7551-46dd-8464-dd74933c4739<-c90dcfdf-5973-4b56-a955-1fc4555f10cb#7115:OK,SUCCESS,nextIndex:7095,term:11,followerCommit:7092
2019-09-19 11:27:46,912 [grpc-default-executor-6] WARN  server.GrpcLogAppender (GrpcLogAppender.java:onNextImpl(251)) - 18b22b39-7551-46dd-8464-dd74933c4739@group-597320EF17B3->76d6a15c-8eeb-4764-b555-ce8767d18d57-AppendLogResponseHandler: Request not found, ignoring reply: 18b22b39-7551-46dd-8464-dd74933c4739<-76d6a15c-8eeb-4764-b555-ce8767d18d57#7115:OK,SUCCESS,nextIndex:7095,term:11,followerCommit:7092
2019-09-19 11:27:46,915 [grpc-default-executor-6] INFO  client.GrpcClientProtocolClient (GrpcClientProtocolClient.java:onNext(264)) - client-D9B31DDCE961->18b22b39-7551-46dd-8464-dd74933c4739: receive RaftClientReply:client-D9B31DDCE961->18b22b39-7551-46dd-8464-dd74933c4739@group-597320EF17B3, cid=4694, SUCCESS, logIndex=7093, commits[18b22b39-7551-46dd-8464-dd74933c4739:c7094, 76d6a15c-8eeb-4764-b555-ce8767d18d57:c7092, c90dcfdf-5973-4b56-a955-1fc4555f10cb:c7092]
2019-09-19 11:27:46,916 [grpc-default-executor-6] INFO  client.GrpcClientProtocolClient (GrpcClientProtocolClient.java:onNext(264)) - client-D9B31DDCE961->18b22b39-7551-46dd-8464-dd74933c4739: receive RaftClientReply:client-D9B31DDCE961->18b22b39-7551-46dd-8464-dd74933c4739@group-597320EF17B3, cid=4695, SUCCESS, logIndex=7094, commits[18b22b39-7551-46dd-8464-dd74933c4739:c7094, 76d6a15c-8eeb-4764-b555-ce8767d18d57:c7092, c90dcfdf-5973-4b56-a955-1fc4555f10cb:c7092]
 0.00% |█                                                                                                    |  0/1 Time: 0:01:51 0.00% |█                                                                                                    |  0/1 Time: 0:01:52 0.00% |█                                                                                                    |  0/1 Time: 0:01:532019-09-19 11:27:49,914 [java.util.concurrent.ThreadPoolExecutor$Worker@1b1a33c8[State = -1, empty queue]] WARN  server.GrpcLogAppender (GrpcLogAppender.java:timeoutAppendRequest(200)) - 18b22b39-7551-46dd-8464-dd74933c4739@group-597320EF17B3->76d6a15c-8eeb-4764-b555-ce8767d18d57-GrpcLogAppender: appendEntries Timeout, request=18b22b39-7551-46dd-8464-dd74933c4739->76d6a15c-8eeb-4764-b555-ce8767d18d57#7117-t11, previous=(t:11, i:7094), leaderCommit=7094, initializing? false, entries: size=1, first=(t:11, i:7095), METADATAENTRY(c7094)
2019-09-19 11:27:49,914 [java.util.concurrent.ThreadPoolExecutor$Worker@77e89581[State = -1, empty queue]] WARN  server.GrpcLogAppender (GrpcLogAppender.java:timeoutAppendRequest(200)) - 18b22b39-7551-46dd-8464-dd74933c4739@group-597320EF17B3->c90dcfdf-5973-4b56-a955-1fc4555f10cb-GrpcLogAppender: appendEntries Timeout, request=18b22b39-7551-46dd-8464-dd74933c4739->c90dcfdf-5973-4b56-a955-1fc4555f10cb#7117-t11, previous=(t:11, i:7094), leaderCommit=7094, initializing? false, entries: size=1, first=(t:11, i:7095), METADATAENTRY(c7094)
 0.00% |█                                                                                                    |  0/1 Time: 0:01:542019-09-19 11:27:50,815 [grpc-default-executor-7] WARN  server.GrpcLogAppender (GrpcLogAppender.java:onNextImpl(251)) - 18b22b39-7551-46dd-8464-dd74933c4739@group-597320EF17B3->c90dcfdf-5973-4b56-a955-1fc4555f10cb-AppendLogResponseHandler: Request not found, ignoring reply: 18b22b39-7551-46dd-8464-dd74933c4739<-c90dcfdf-5973-4b56-a955-1fc4555f10cb#7117:OK,SUCCESS,nextIndex:7096,term:11,followerCommit:7094
2019-09-19 11:27:50,817 [grpc-default-executor-7] WARN  server.GrpcLogAppender (GrpcLogAppender.java:onNextImpl(251)) - 18b22b39-7551-46dd-8464-dd74933c4739@group-597320EF17B3->76d6a15c-8eeb-4764-b555-ce8767d18d57-AppendLogResponseHandler: Request not found, ignoring reply: 18b22b39-7551-46dd-8464-dd74933c4739<-76d6a15c-8eeb-4764-b555-ce8767d18d57#7117:OK,SUCCESS,nextIndex:7096,term:11,followerCommit:7094
 0.00% |█                                                                                                    |  0/1 Time: 0:01:55 0.00% |█                                                                                                    |  0/1 Time: 0:01:562019-09-19 11:27:52,621 [grpc-default-executor-5] INFO  client.GrpcClientProtocolClient (GrpcClientProtocolClient.java:onNext(264)) - client-D9B31DDCE961->c90dcfdf-5973-4b56-a955-1fc4555f10cb: receive RaftClientReply:client-D9B31DDCE961->c90dcfdf-5973-4b56-a955-1fc4555f10cb@group-597320EF17B3, cid=4694, FAILED org.apache.ratis.protocol.NotLeaderException: Server c90dcfdf-5973-4b56-a955-1fc4555f10cb@group-597320EF17B3 is not the leader 18b22b39-7551-46dd-8464-dd74933c4739:192.168.5.171:33085, logIndex=0, commits[c90dcfdf-5973-4b56-a955-1fc4555f10cb:c7094, 18b22b39-7551-46dd-8464-dd74933c4739:c7094, 76d6a15c-8eeb-4764-b555-ce8767d18d57:c7092]
2019-09-19 11:27:52,629 [grpc-default-executor-5] INFO  client.GrpcClientProtocolClient (GrpcClientProtocolClient.java:onNext(264)) - client-D9B31DDCE961->18b22b39-7551-46dd-8464-dd74933c4739: receive RaftClientReply:client-D9B31DDCE961->18b22b39-7551-46dd-8464-dd74933c4739@group-597320EF17B3, cid=4694, SUCCESS, logIndex=7093, commits[18b22b39-7551-46dd-8464-dd74933c4739:c7094, 76d6a15c-8eeb-4764-b555-ce8767d18d57:c7092, c90dcfdf-5973-4b56-a955-1fc4555f10cb:c7092]
2019-09-19 11:27:52,631 [grpc-default-executor-5] INFO  client.GrpcClientProtocolClient (GrpcClientProtocolClient.java:onNext(264)) - client-D9B31DDCE961->18b22b39-7551-46dd-8464-dd74933c4739: receive RaftClientReply:client-D9B31DDCE961->18b22b39-7551-46dd-8464-dd74933c4739@group-597320EF17B3, cid=4695, SUCCESS, logIndex=7094, commits[18b22b39-7551-46dd-8464-dd74933c4739:c7094, 76d6a15c-8eeb-4764-b555-ce8767d18d57:c7092, c90dcfdf-5973-4b56-a955-1fc4555f10cb:c7092]
2019-09-19 11:27:52,972 [grpc-default-executor-5] INFO  client.GrpcClientProtocolClient (GrpcClientProtocolClient.java:onNext(264)) - client-D9B31DDCE961->18b22b39-7551-46dd-8464-dd74933c4739: receive RaftClientReply:client-D9B31DDCE961->18b22b39-7551-46dd-8464-dd74933c4739@group-597320EF17B3, cid=4696, SUCCESS, logIndex=7096, commits[18b22b39-7551-46dd-8464-dd74933c4739:c7097, 76d6a15c-8eeb-4764-b555-ce8767d18d57:c7095, c90dcfdf-5973-4b56-a955-1fc4555f10cb:c7095]
2019-09-19 11:27:52,973 [grpc-default-executor-5] INFO  client.GrpcClientProtocolClient (GrpcClientProtocolClient.java:onNext(264)) - client-D9B31DDCE961->18b22b39-7551-46dd-8464-dd74933c4739: receive RaftClientReply:client-D9B31DDCE961->18b22b39-7551-46dd-8464-dd74933c4739@group-597320EF17B3, cid=4697, SUCCESS, logIndex=7097, commits[18b22b39-7551-46dd-8464-dd74933c4739:c7097, 76d6a15c-8eeb-4764-b555-ce8767d18d57:c7095, c90dcfdf-5973-4b56-a955-1fc4555f10cb:c7095]
 0.00% |█                                                                                                    |  0/1 Time: 0:01:572019-09-19 11:27:54,008 [grpc-default-executor-6] INFO  client.GrpcClientProtocolClient (GrpcClientProtocolClient.java:onNext(264)) - client-D9B31DDCE961->18b22b39-7551-46dd-8464-dd74933c4739: receive RaftClientReply:client-D9B31DDCE961->18b22b39-7551-46dd-8464-dd74933c4739@group-597320EF17B3, cid=4698, SUCCESS, logIndex=0, commits[18b22b39-7551-46dd-8464-dd74933c4739:c7098, 76d6a15c-8eeb-4764-b555-ce8767d18d57:c7097, c90dcfdf-5973-4b56-a955-1fc4555f10cb:c7097]
2019-09-19 11:27:54,037 [IPC Server handler 1 on 43936] WARN  block.BlockManagerImpl (BlockManagerImpl.java:allocateBlock(192)) - Pipeline creation failed for type:RATIS factor:THREE. Retrying get pipelines call once.
org.apache.hadoop.hdds.scm.pipeline.InsufficientDatanodesException: Cannot create pipeline of factor 3 using 2 nodes.
	at org.apache.hadoop.hdds.scm.pipeline.RatisPipelineProvider.create(RatisPipelineProvider.java:152)
	at org.apache.hadoop.hdds.scm.pipeline.PipelineFactory.create(PipelineFactory.java:57)
	at org.apache.hadoop.hdds.scm.pipeline.SCMPipelineManager.createPipeline(SCMPipelineManager.java:151)
	at org.apache.hadoop.hdds.scm.block.BlockManagerImpl.allocateBlock(BlockManagerImpl.java:190)
	at org.apache.hadoop.hdds.scm.server.SCMBlockProtocolServer.allocateBlock(SCMBlockProtocolServer.java:182)
	at org.apache.hadoop.ozone.protocolPB.ScmBlockLocationProtocolServerSideTranslatorPB.allocateScmBlock(ScmBlockLocationProtocolServerSideTranslatorPB.java:183)
	at org.apache.hadoop.ozone.protocolPB.ScmBlockLocationProtocolServerSideTranslatorPB.processMessage(ScmBlockLocationProtocolServerSideTranslatorPB.java:141)
	at org.apache.hadoop.ozone.protocolPB.ScmBlockLocationProtocolServerSideTranslatorPB.send(ScmBlockLocationProtocolServerSideTranslatorPB.java:116)
	at org.apache.hadoop.hdds.protocol.proto.ScmBlockLocationProtocolProtos$ScmBlockLocationProtocolService$2.callBlockingMethod(ScmBlockLocationProtocolProtos.java:13157)
	at org.apache.hadoop.ipc.ProtobufRpcEngine$Server$ProtoBufRpcInvoker.call(ProtobufRpcEngine.java:524)
	at org.apache.hadoop.ipc.RPC$Server.call(RPC.java:1025)
	at org.apache.hadoop.ipc.Server$RpcCall.run(Server.java:876)
	at org.apache.hadoop.ipc.Server$RpcCall.run(Server.java:822)
	at java.security.AccessController.doPrivileged(Native Method)
	at javax.security.auth.Subject.doAs(Subject.java:422)
	at org.apache.hadoop.security.UserGroupInformation.doAs(UserGroupInformation.java:1730)
	at org.apache.hadoop.ipc.Server$Handler.run(Server.java:2682)
2019-09-19 11:27:54,037 [IPC Server handler 1 on 43936] INFO  block.BlockManagerImpl (BlockManagerImpl.java:allocateBlock(198)) - Could not find available pipeline of type:RATIS and factor:THREE even after retrying
2019-09-19 11:27:54,037 [IPC Server handler 1 on 43936] ERROR block.BlockManagerImpl (BlockManagerImpl.java:allocateBlock(222)) - Unable to allocate a block for the size: 4194304, type: RATIS, factor: THREE
2019-09-19 11:27:54,042 [pool-277-thread-1] ERROR io.BlockOutputStreamEntryPool (BlockOutputStreamEntryPool.java:allocateBlockIfNeeded(299)) - Try to allocate more blocks for write failed, already allocated 0 blocks for this write.
INTERNAL_ERROR org.apache.hadoop.ozone.om.exceptions.OMException: Allocated 0 blocks. Requested 1 blocks
	at org.apache.hadoop.ozone.om.protocolPB.OzoneManagerProtocolClientSideTranslatorPB.handleError(OzoneManagerProtocolClientSideTranslatorPB.java:731)
	at org.apache.hadoop.ozone.om.protocolPB.OzoneManagerProtocolClientSideTranslatorPB.allocateBlock(OzoneManagerProtocolClientSideTranslatorPB.java:763)
	at sun.reflect.GeneratedMethodAccessor527.invoke(Unknown Source)
	at sun.reflect.DelegatingMethodAccessorImpl.invoke(DelegatingMethodAccessorImpl.java:43)
	at java.lang.reflect.Method.invoke(Method.java:498)
	at org.apache.hadoop.hdds.tracing.TraceAllMethod.invoke(TraceAllMethod.java:66)
	at com.sun.proxy.$Proxy37.allocateBlock(Unknown Source)
	at org.apache.hadoop.ozone.client.io.BlockOutputStreamEntryPool.allocateNewBlock(BlockOutputStreamEntryPool.java:248)
	at org.apache.hadoop.ozone.client.io.BlockOutputStreamEntryPool.allocateBlockIfNeeded(BlockOutputStreamEntryPool.java:296)
	at org.apache.hadoop.ozone.client.io.KeyOutputStream.handleWrite(KeyOutputStream.java:198)
	at org.apache.hadoop.ozone.client.io.KeyOutputStream.write(KeyOutputStream.java:190)
	at org.apache.hadoop.ozone.client.io.OzoneOutputStream.write(OzoneOutputStream.java:49)
	at org.apache.hadoop.ozone.freon.RandomKeyGenerator.createKey(RandomKeyGenerator.java:708)
	at org.apache.hadoop.ozone.freon.RandomKeyGenerator.access$1100(RandomKeyGenerator.java:88)
	at org.apache.hadoop.ozone.freon.RandomKeyGenerator$ObjectCreator.run(RandomKeyGenerator.java:615)
	at java.util.concurrent.Executors$RunnableAdapter.call(Executors.java:511)
	at java.util.concurrent.FutureTask.run(FutureTask.java:266)
	at java.util.concurrent.ThreadPoolExecutor.runWorker(ThreadPoolExecutor.java:1149)
	at java.util.concurrent.ThreadPoolExecutor$Worker.run(ThreadPoolExecutor.java:624)
	at java.lang.Thread.run(Thread.java:748)
2019-09-19 11:27:54,043 [pool-277-thread-1] ERROR freon.RandomKeyGenerator (RandomKeyGenerator.java:createKey(733)) - Exception while adding key: key-0-05569 in bucket: bucket-0-41182 of volume: vol-0-50687.
INTERNAL_ERROR org.apache.hadoop.ozone.om.exceptions.OMException: Allocated 0 blocks. Requested 1 blocks
	at org.apache.hadoop.ozone.om.protocolPB.OzoneManagerProtocolClientSideTranslatorPB.handleError(OzoneManagerProtocolClientSideTranslatorPB.java:731)
	at org.apache.hadoop.ozone.om.protocolPB.OzoneManagerProtocolClientSideTranslatorPB.allocateBlock(OzoneManagerProtocolClientSideTranslatorPB.java:763)
	at sun.reflect.GeneratedMethodAccessor527.invoke(Unknown Source)
	at sun.reflect.DelegatingMethodAccessorImpl.invoke(DelegatingMethodAccessorImpl.java:43)
	at java.lang.reflect.Method.invoke(Method.java:498)
	at org.apache.hadoop.hdds.tracing.TraceAllMethod.invoke(TraceAllMethod.java:66)
	at com.sun.proxy.$Proxy37.allocateBlock(Unknown Source)
	at org.apache.hadoop.ozone.client.io.BlockOutputStreamEntryPool.allocateNewBlock(BlockOutputStreamEntryPool.java:248)
	at org.apache.hadoop.ozone.client.io.BlockOutputStreamEntryPool.allocateBlockIfNeeded(BlockOutputStreamEntryPool.java:296)
	at org.apache.hadoop.ozone.client.io.KeyOutputStream.handleWrite(KeyOutputStream.java:198)
	at org.apache.hadoop.ozone.client.io.KeyOutputStream.write(KeyOutputStream.java:190)
	at org.apache.hadoop.ozone.client.io.OzoneOutputStream.write(OzoneOutputStream.java:49)
	at org.apache.hadoop.ozone.freon.RandomKeyGenerator.createKey(RandomKeyGenerator.java:708)
	at org.apache.hadoop.ozone.freon.RandomKeyGenerator.access$1100(RandomKeyGenerator.java:88)
	at org.apache.hadoop.ozone.freon.RandomKeyGenerator$ObjectCreator.run(RandomKeyGenerator.java:615)
	at java.util.concurrent.Executors$RunnableAdapter.call(Executors.java:511)
	at java.util.concurrent.FutureTask.run(FutureTask.java:266)
	at java.util.concurrent.ThreadPoolExecutor.runWorker(ThreadPoolExecutor.java:1149)
	at java.util.concurrent.ThreadPoolExecutor$Worker.run(ThreadPoolExecutor.java:624)
	at java.lang.Thread.run(Thread.java:748)
 0.00% |█                                                                                                    |  0/1 Time: 0:01:58 0.00% |█                                                                                                    |  0/1 Time: 0:01:59 0.00% |█                                                                                                    |  0/1 Time: 0:02:00 100.00% |█████████████████████████████████████████████████████████████████████████████████████████████████████|  1/1 Time: 0:02:01
]]></system-out>
  </testcase>
  <testcase name="fileWithSizeZero" classname="org.apache.hadoop.ozone.freon.TestRandomKeyGenerator" time="5.049"/>
  <testcase name="multiThread" classname="org.apache.hadoop.ozone.freon.TestRandomKeyGenerator" time="20.098"/>
</testsuite>