<?xml version="1.0" encoding="UTF-8"?>
<testsuite xmlns:xsi="http://www.w3.org/2001/XMLSchema-instance" xsi:noNamespaceSchemaLocation="https://maven.apache.org/surefire/maven-surefire-plugin/xsd/surefire-test-report.xsd" name="org.apache.hadoop.ozone.client.rpc.TestBlockOutputStreamWithFailures" time="706.597" tests="8" errors="0" skipped="0" failures="3">
  <properties>
    <property name="awt.toolkit" value="sun.awt.X11.XToolkit"/>
    <property name="file.encoding.pkg" value="sun.io"/>
    <property name="java.specification.version" value="1.8"/>
    <property name="sun.cpu.isalist" value=""/>
    <property name="sun.jnu.encoding" value="UTF-8"/>
    <property name="java.class.path" value="/workdir/hadoop-ozone/integration-test/target/test-classes:/workdir/hadoop-ozone/integration-test/target/classes:/home/user/.m2/repository/org/apache/hadoop/hadoop-ozone-common/0.5.0-SNAPSHOT/hadoop-ozone-common-0.5.0-SNAPSHOT.jar:/home/user/.m2/repository/org/apache/commons/commons-compress/1.4.1/commons-compress-1.4.1.jar:/home/user/.m2/repository/org/tukaani/xz/1.0/xz-1.0.jar:/home/user/.m2/repository/org/apache/hadoop/hadoop-common/3.2.0/hadoop-common-3.2.0.jar:/home/user/.m2/repository/org/apache/hadoop/hadoop-hdfs/3.2.0/hadoop-hdfs-3.2.0.jar:/home/user/.m2/repository/org/apache/hadoop/hadoop-hdfs-client/3.2.0/hadoop-hdfs-client-3.2.0.jar:/home/user/.m2/repository/com/fasterxml/jackson/core/jackson-annotations/2.9.5/jackson-annotations-2.9.5.jar:/home/user/.m2/repository/org/apache/hadoop/hadoop-hdds-common/0.5.0-SNAPSHOT/hadoop-hdds-common-0.5.0-SNAPSHOT.jar:/home/user/.m2/repository/javax/annotation/javax.annotation-api/1.2/javax.annotation-api-1.2.jar:/home/user/.m2/repository/org/apache/ratis/ratis-server/0.4.0-2337318-SNAPSHOT/ratis-server-0.4.0-2337318-SNAPSHOT.jar:/home/user/.m2/repository/org/apache/ratis/ratis-thirdparty-misc/0.2.0/ratis-thirdparty-misc-0.2.0.jar:/home/user/.m2/repository/org/apache/ratis/ratis-proto/0.4.0-2337318-SNAPSHOT/ratis-proto-0.4.0-2337318-SNAPSHOT.jar:/home/user/.m2/repository/org/apache/ratis/ratis-common/0.4.0-2337318-SNAPSHOT/ratis-common-0.4.0-2337318-SNAPSHOT.jar:/home/user/.m2/repository/org/apache/ratis/ratis-client/0.4.0-2337318-SNAPSHOT/ratis-client-0.4.0-2337318-SNAPSHOT.jar:/home/user/.m2/repository/org/apache/ratis/ratis-metrics/0.4.0-2337318-SNAPSHOT/ratis-metrics-0.4.0-2337318-SNAPSHOT.jar:/home/user/.m2/repository/org/apache/ratis/ratis-netty/0.4.0-2337318-SNAPSHOT/ratis-netty-0.4.0-2337318-SNAPSHOT.jar:/home/user/.m2/repository/org/apache/ratis/ratis-grpc/0.4.0-2337318-SNAPSHOT/ratis-grpc-0.4.0-2337318-SNAPSHOT.jar:/home/user/.m2/repository/org/rocksdb/rocksdbjni/6.0.1/rocksdbjni-6.0.1.jar:/home/user/.m2/repository/org/apache/logging/log4j/log4j-api/2.11.0/log4j-api-2.11.0.jar:/home/user/.m2/repository/org/apache/logging/log4j/log4j-core/2.11.0/log4j-core-2.11.0.jar:/home/user/.m2/repository/com/lmax/disruptor/3.4.2/disruptor-3.4.2.jar:/home/user/.m2/repository/org/apache/commons/commons-pool2/2.6.0/commons-pool2-2.6.0.jar:/home/user/.m2/repository/org/bouncycastle/bcpkix-jdk15on/1.60/bcpkix-jdk15on-1.60.jar:/home/user/.m2/repository/commons-validator/commons-validator/1.6/commons-validator-1.6.jar:/home/user/.m2/repository/commons-digester/commons-digester/1.8.1/commons-digester-1.8.1.jar:/home/user/.m2/repository/io/jaegertracing/jaeger-client/0.33.1/jaeger-client-0.33.1.jar:/home/user/.m2/repository/io/jaegertracing/jaeger-thrift/0.33.1/jaeger-thrift-0.33.1.jar:/home/user/.m2/repository/org/apache/thrift/libthrift/0.11.0/libthrift-0.11.0.jar:/home/user/.m2/repository/com/squareup/okhttp3/okhttp/3.9.0/okhttp-3.9.0.jar:/home/user/.m2/repository/com/squareup/okio/okio/1.13.0/okio-1.13.0.jar:/home/user/.m2/repository/io/jaegertracing/jaeger-core/0.33.1/jaeger-core-0.33.1.jar:/home/user/.m2/repository/io/jaegertracing/jaeger-tracerresolver/0.33.1/jaeger-tracerresolver-0.33.1.jar:/home/user/.m2/repository/io/opentracing/contrib/opentracing-tracerresolver/0.1.5/opentracing-tracerresolver-0.1.5.jar:/home/user/.m2/repository/io/opentracing/opentracing-util/0.31.0/opentracing-util-0.31.0.jar:/home/user/.m2/repository/io/opentracing/opentracing-api/0.31.0/opentracing-api-0.31.0.jar:/home/user/.m2/repository/io/opentracing/opentracing-noop/0.31.0/opentracing-noop-0.31.0.jar:/home/user/.m2/repository/org/apache/hadoop/hadoop-hdds-server-framework/0.5.0-SNAPSHOT/hadoop-hdds-server-framework-0.5.0-SNAPSHOT.jar:/home/user/.m2/repository/org/apache/hadoop/hadoop-hdds-container-service/0.5.0-SNAPSHOT/hadoop-hdds-container-service-0.5.0-SNAPSHOT.jar:/home/user/.m2/repository/org/apache/hadoop/hadoop-hdds-client/0.5.0-SNAPSHOT/hadoop-hdds-client-0.5.0-SNAPSHOT.jar:/home/user/.m2/repository/org/apache/hadoop/hadoop-hdds-tools/0.5.0-SNAPSHOT/hadoop-hdds-tools-0.5.0-SNAPSHOT.jar:/home/user/.m2/repository/org/apache/hadoop/hadoop-hdds-server-scm/0.5.0-SNAPSHOT/hadoop-hdds-server-scm-0.5.0-SNAPSHOT.jar:/home/user/.m2/repository/org/apache/hadoop/hadoop-hdds-docs/0.5.0-SNAPSHOT/hadoop-hdds-docs-0.5.0-SNAPSHOT.jar:/home/user/.m2/repository/io/dropwizard/metrics/metrics-core/3.2.4/metrics-core-3.2.4.jar:/home/user/.m2/repository/org/hamcrest/hamcrest-all/1.3/hamcrest-all-1.3.jar:/home/user/.m2/repository/org/bouncycastle/bcprov-jdk15on/1.60/bcprov-jdk15on-1.60.jar:/home/user/.m2/repository/info/picocli/picocli/3.9.6/picocli-3.9.6.jar:/home/user/.m2/repository/com/google/protobuf/protobuf-java/2.5.0/protobuf-java-2.5.0.jar:/home/user/.m2/repository/com/google/guava/guava/11.0.2/guava-11.0.2.jar:/home/user/.m2/repository/org/apache/hadoop/hadoop-ozone-ozone-manager/0.5.0-SNAPSHOT/hadoop-ozone-ozone-manager-0.5.0-SNAPSHOT.jar:/home/user/.m2/repository/org/apache/hadoop/hadoop-minikdc/3.2.0/hadoop-minikdc-3.2.0.jar:/home/user/.m2/repository/commons-io/commons-io/2.5/commons-io-2.5.jar:/home/user/.m2/repository/org/apache/kerby/kerb-simplekdc/1.0.1/kerb-simplekdc-1.0.1.jar:/home/user/.m2/repository/org/apache/kerby/kerb-client/1.0.1/kerb-client-1.0.1.jar:/home/user/.m2/repository/org/apache/kerby/kerby-config/1.0.1/kerby-config-1.0.1.jar:/home/user/.m2/repository/org/apache/kerby/kerb-core/1.0.1/kerb-core-1.0.1.jar:/home/user/.m2/repository/org/apache/kerby/kerby-pkix/1.0.1/kerby-pkix-1.0.1.jar:/home/user/.m2/repository/org/apache/kerby/kerby-asn1/1.0.1/kerby-asn1-1.0.1.jar:/home/user/.m2/repository/org/apache/kerby/kerby-util/1.0.1/kerby-util-1.0.1.jar:/home/user/.m2/repository/org/apache/kerby/kerb-common/1.0.1/kerb-common-1.0.1.jar:/home/user/.m2/repository/org/apache/kerby/kerb-crypto/1.0.1/kerb-crypto-1.0.1.jar:/home/user/.m2/repository/org/apache/kerby/kerb-util/1.0.1/kerb-util-1.0.1.jar:/home/user/.m2/repository/org/apache/kerby/token-provider/1.0.1/token-provider-1.0.1.jar:/home/user/.m2/repository/org/apache/kerby/kerb-admin/1.0.1/kerb-admin-1.0.1.jar:/home/user/.m2/repository/org/apache/kerby/kerb-server/1.0.1/kerb-server-1.0.1.jar:/home/user/.m2/repository/org/apache/kerby/kerb-identity/1.0.1/kerb-identity-1.0.1.jar:/home/user/.m2/repository/org/apache/kerby/kerby-xdr/1.0.1/kerby-xdr-1.0.1.jar:/home/user/.m2/repository/org/slf4j/slf4j-log4j12/1.7.25/slf4j-log4j12-1.7.25.jar:/home/user/.m2/repository/org/apache/hadoop/hadoop-ozone-objectstore-service/0.5.0-SNAPSHOT/hadoop-ozone-objectstore-service-0.5.0-SNAPSHOT.jar:/home/user/.m2/repository/org/apache/hadoop/hadoop-ozone-s3gateway/0.5.0-SNAPSHOT/hadoop-ozone-s3gateway-0.5.0-SNAPSHOT.jar:/home/user/.m2/repository/org/jboss/weld/servlet/weld-servlet/2.4.7.Final/weld-servlet-2.4.7.Final.jar:/home/user/.m2/repository/org/glassfish/jersey/containers/jersey-container-servlet-core/2.27/jersey-container-servlet-core-2.27.jar:/home/user/.m2/repository/org/glassfish/hk2/external/javax.inject/2.5.0-b42/javax.inject-2.5.0-b42.jar:/home/user/.m2/repository/org/glassfish/jersey/core/jersey-common/2.27/jersey-common-2.27.jar:/home/user/.m2/repository/org/glassfish/hk2/osgi-resource-locator/1.0.1/osgi-resource-locator-1.0.1.jar:/home/user/.m2/repository/javax/ws/rs/javax.ws.rs-api/2.1/javax.ws.rs-api-2.1.jar:/home/user/.m2/repository/org/glassfish/jersey/ext/cdi/jersey-cdi1x/2.27/jersey-cdi1x-2.27.jar:/home/user/.m2/repository/org/glassfish/jersey/inject/jersey-hk2/2.27/jersey-hk2-2.27.jar:/home/user/.m2/repository/org/glassfish/hk2/hk2-locator/2.5.0-b42/hk2-locator-2.5.0-b42.jar:/home/user/.m2/repository/org/javassist/javassist/3.22.0-CR2/javassist-3.22.0-CR2.jar:/home/user/.m2/repository/org/glassfish/hk2/hk2-api/2.5.0/hk2-api-2.5.0.jar:/home/user/.m2/repository/org/glassfish/hk2/external/jakarta.inject/2.5.0/jakarta.inject-2.5.0.jar:/home/user/.m2/repository/org/glassfish/hk2/hk2-utils/2.5.0/hk2-utils-2.5.0.jar:/home/user/.m2/repository/jakarta/annotation/jakarta.annotation-api/1.3.4/jakarta.annotation-api-1.3.4.jar:/home/user/.m2/repository/org/glassfish/hk2/external/aopalliance-repackaged/2.5.0/aopalliance-repackaged-2.5.0.jar:/home/user/.m2/repository/com/fasterxml/jackson/dataformat/jackson-dataformat-xml/2.9.0/jackson-dataformat-xml-2.9.0.jar:/home/user/.m2/repository/com/fasterxml/jackson/core/jackson-core/2.9.5/jackson-core-2.9.5.jar:/home/user/.m2/repository/com/fasterxml/jackson/module/jackson-module-jaxb-annotations/2.9.5/jackson-module-jaxb-annotations-2.9.5.jar:/home/user/.m2/repository/javax/enterprise/cdi-api/1.2/cdi-api-1.2.jar:/home/user/.m2/repository/javax/el/javax.el-api/3.0.0/javax.el-api-3.0.0.jar:/home/user/.m2/repository/javax/interceptor/javax.interceptor-api/1.2/javax.interceptor-api-1.2.jar:/home/user/.m2/repository/javax/inject/javax.inject/1/javax.inject-1.jar:/home/user/.m2/repository/com/sun/xml/bind/jaxb-impl/2.3.0.1/jaxb-impl-2.3.0.1.jar:/home/user/.m2/repository/com/sun/xml/bind/jaxb-core/2.3.0.1/jaxb-core-2.3.0.1.jar:/home/user/.m2/repository/javax/xml/bind/jaxb-api/2.3.0/jaxb-api-2.3.0.jar:/home/user/.m2/repository/javax/activation/activation/1.1.1/activation-1.1.1.jar:/home/user/.m2/repository/org/apache/hadoop/hadoop-ozone-csi/0.5.0-SNAPSHOT/hadoop-ozone-csi-0.5.0-SNAPSHOT.jar:/home/user/.m2/repository/com/google/protobuf/protobuf-java-util/3.5.1/protobuf-java-util-3.5.1.jar:/home/user/.m2/repository/org/apache/hadoop/hadoop-hdds-config/0.5.0-SNAPSHOT/hadoop-hdds-config-0.5.0-SNAPSHOT.jar:/home/user/.m2/repository/io/grpc/grpc-netty/1.17.1/grpc-netty-1.17.1.jar:/home/user/.m2/repository/io/grpc/grpc-core/1.17.1/grpc-core-1.17.1.jar:/home/user/.m2/repository/io/grpc/grpc-context/1.17.1/grpc-context-1.17.1.jar:/home/user/.m2/repository/com/google/errorprone/error_prone_annotations/2.2.0/error_prone_annotations-2.2.0.jar:/home/user/.m2/repository/org/codehaus/mojo/animal-sniffer-annotations/1.17/animal-sniffer-annotations-1.17.jar:/home/user/.m2/repository/io/opencensus/opencensus-api/0.17.0/opencensus-api-0.17.0.jar:/home/user/.m2/repository/io/opencensus/opencensus-contrib-grpc-metrics/0.17.0/opencensus-contrib-grpc-metrics-0.17.0.jar:/home/user/.m2/repository/io/netty/netty-codec-http2/4.1.30.Final/netty-codec-http2-4.1.30.Final.jar:/home/user/.m2/repository/io/netty/netty-codec-http/4.1.30.Final/netty-codec-http-4.1.30.Final.jar:/home/user/.m2/repository/io/netty/netty-codec/4.1.30.Final/netty-codec-4.1.30.Final.jar:/home/user/.m2/repository/io/netty/netty-handler/4.1.30.Final/netty-handler-4.1.30.Final.jar:/home/user/.m2/repository/io/netty/netty-handler-proxy/4.1.30.Final/netty-handler-proxy-4.1.30.Final.jar:/home/user/.m2/repository/io/netty/netty-codec-socks/4.1.30.Final/netty-codec-socks-4.1.30.Final.jar:/home/user/.m2/repository/io/netty/netty-transport-native-epoll/4.1.30.Final/netty-transport-native-epoll-4.1.30.Final.jar:/home/user/.m2/repository/io/netty/netty-common/4.1.30.Final/netty-common-4.1.30.Final.jar:/home/user/.m2/repository/io/netty/netty-buffer/4.1.30.Final/netty-buffer-4.1.30.Final.jar:/home/user/.m2/repository/io/netty/netty-transport/4.1.30.Final/netty-transport-4.1.30.Final.jar:/home/user/.m2/repository/io/netty/netty-resolver/4.1.30.Final/netty-resolver-4.1.30.Final.jar:/home/user/.m2/repository/io/netty/netty-transport-native-unix-common/4.1.30.Final/netty-transport-native-unix-common-4.1.30.Final.jar:/home/user/.m2/repository/io/grpc/grpc-protobuf/1.17.1/grpc-protobuf-1.17.1.jar:/home/user/.m2/repository/com/google/api/grpc/proto-google-common-protos/1.0.0/proto-google-common-protos-1.0.0.jar:/home/user/.m2/repository/io/grpc/grpc-protobuf-lite/1.17.1/grpc-protobuf-lite-1.17.1.jar:/home/user/.m2/repository/io/grpc/grpc-stub/1.17.1/grpc-stub-1.17.1.jar:/home/user/.m2/repository/org/apache/hadoop/hadoop-ozone-recon/0.5.0-SNAPSHOT/hadoop-ozone-recon-0.5.0-SNAPSHOT.jar:/home/user/.m2/repository/org/apache/hadoop/hadoop-ozone-reconcodegen/0.5.0-SNAPSHOT/hadoop-ozone-reconcodegen-0.5.0-SNAPSHOT.jar:/home/user/.m2/repository/com/google/inject/extensions/guice-multibindings/4.0/guice-multibindings-4.0.jar:/home/user/.m2/repository/com/google/inject/guice/4.0/guice-4.0.jar:/home/user/.m2/repository/aopalliance/aopalliance/1.0/aopalliance-1.0.jar:/home/user/.m2/repository/com/google/inject/extensions/guice-servlet/4.0/guice-servlet-4.0.jar:/home/user/.m2/repository/org/glassfish/jersey/containers/jersey-container-servlet/2.27/jersey-container-servlet-2.27.jar:/home/user/.m2/repository/org/glassfish/hk2/guice-bridge/2.5.0/guice-bridge-2.5.0.jar:/home/user/.m2/repository/org/glassfish/jersey/core/jersey-server/2.27/jersey-server-2.27.jar:/home/user/.m2/repository/org/glassfish/jersey/core/jersey-client/2.27/jersey-client-2.27.jar:/home/user/.m2/repository/org/glassfish/jersey/media/jersey-media-jaxb/2.27/jersey-media-jaxb-2.27.jar:/home/user/.m2/repository/javax/validation/validation-api/1.1.0.Final/validation-api-1.1.0.Final.jar:/home/user/.m2/repository/org/glassfish/jersey/media/jersey-media-json-jackson/2.27/jersey-media-json-jackson-2.27.jar:/home/user/.m2/repository/org/glassfish/jersey/ext/jersey-entity-filtering/2.27/jersey-entity-filtering-2.27.jar:/home/user/.m2/repository/com/google/inject/extensions/guice-assistedinject/4.0/guice-assistedinject-4.0.jar:/home/user/.m2/repository/org/jooq/jooq/3.11.10/jooq-3.11.10.jar:/home/user/.m2/repository/org/jooq/jooq-meta/3.11.10/jooq-meta-3.11.10.jar:/home/user/.m2/repository/org/jooq/jooq-codegen/3.11.10/jooq-codegen-3.11.10.jar:/home/user/.m2/repository/com/jolbox/bonecp/0.8.0.RELEASE/bonecp-0.8.0.RELEASE.jar:/home/user/.m2/repository/org/xerial/sqlite-jdbc/3.25.2/sqlite-jdbc-3.25.2.jar:/home/user/.m2/repository/org/springframework/spring-jdbc/5.1.3.RELEASE/spring-jdbc-5.1.3.RELEASE.jar:/home/user/.m2/repository/org/springframework/spring-beans/5.1.3.RELEASE/spring-beans-5.1.3.RELEASE.jar:/home/user/.m2/repository/org/springframework/spring-core/5.1.3.RELEASE/spring-core-5.1.3.RELEASE.jar:/home/user/.m2/repository/org/springframework/spring-jcl/5.1.3.RELEASE/spring-jcl-5.1.3.RELEASE.jar:/home/user/.m2/repository/org/springframework/spring-tx/5.1.3.RELEASE/spring-tx-5.1.3.RELEASE.jar:/home/user/.m2/repository/org/apache/hadoop/hadoop-ozone-client/0.5.0-SNAPSHOT/hadoop-ozone-client-0.5.0-SNAPSHOT.jar:/home/user/.m2/repository/commons-lang/commons-lang/2.6/commons-lang-2.6.jar:/home/user/.m2/repository/org/apache/hadoop/hadoop-ozone-ozone-manager/0.5.0-SNAPSHOT/hadoop-ozone-ozone-manager-0.5.0-SNAPSHOT-tests.jar:/home/user/.m2/repository/junit/junit/4.11/junit-4.11.jar:/home/user/.m2/repository/org/hamcrest/hamcrest-core/1.3/hamcrest-core-1.3.jar:/home/user/.m2/repository/org/openjdk/jmh/jmh-core/1.19/jmh-core-1.19.jar:/home/user/.m2/repository/net/sf/jopt-simple/jopt-simple/4.6/jopt-simple-4.6.jar:/home/user/.m2/repository/org/apache/commons/commons-math3/3.1.1/commons-math3-3.1.1.jar:/home/user/.m2/repository/org/openjdk/jmh/jmh-generator-annprocess/1.19/jmh-generator-annprocess-1.19.jar:/home/user/.m2/repository/org/mockito/mockito-all/1.8.5/mockito-all-1.8.5.jar:/home/user/.m2/repository/org/apache/hadoop/hadoop-kms/3.2.0/hadoop-kms-3.2.0.jar:/home/user/.m2/repository/org/apache/hadoop/hadoop-auth/3.2.0/hadoop-auth-3.2.0.jar:/home/user/.m2/repository/com/nimbusds/nimbus-jose-jwt/4.41.1/nimbus-jose-jwt-4.41.1.jar:/home/user/.m2/repository/com/github/stephenc/jcip/jcip-annotations/1.0-1/jcip-annotations-1.0-1.jar:/home/user/.m2/repository/net/minidev/json-smart/2.3/json-smart-2.3.jar:/home/user/.m2/repository/net/minidev/accessors-smart/1.2/accessors-smart-1.2.jar:/home/user/.m2/repository/org/ow2/asm/asm/5.0.4/asm-5.0.4.jar:/home/user/.m2/repository/org/apache/curator/curator-framework/2.12.0/curator-framework-2.12.0.jar:/home/user/.m2/repository/com/sun/jersey/jersey-core/1.19/jersey-core-1.19.jar:/home/user/.m2/repository/javax/ws/rs/jsr311-api/1.1.1/jsr311-api-1.1.1.jar:/home/user/.m2/repository/com/sun/jersey/jersey-server/1.19/jersey-server-1.19.jar:/home/user/.m2/repository/javax/servlet/javax.servlet-api/3.1.0/javax.servlet-api-3.1.0.jar:/home/user/.m2/repository/org/eclipse/jetty/jetty-server/9.3.24.v20180605/jetty-server-9.3.24.v20180605.jar:/home/user/.m2/repository/org/eclipse/jetty/jetty-http/9.3.24.v20180605/jetty-http-9.3.24.v20180605.jar:/home/user/.m2/repository/org/eclipse/jetty/jetty-io/9.3.24.v20180605/jetty-io-9.3.24.v20180605.jar:/home/user/.m2/repository/org/eclipse/jetty/jetty-webapp/9.3.24.v20180605/jetty-webapp-9.3.24.v20180605.jar:/home/user/.m2/repository/org/eclipse/jetty/jetty-xml/9.3.24.v20180605/jetty-xml-9.3.24.v20180605.jar:/home/user/.m2/repository/log4j/log4j/1.2.17/log4j-1.2.17.jar:/home/user/.m2/repository/org/slf4j/slf4j-api/1.7.25/slf4j-api-1.7.25.jar:/home/user/.m2/repository/org/slf4j/jul-to-slf4j/1.7.25/jul-to-slf4j-1.7.25.jar:/home/user/.m2/repository/org/eclipse/jetty/jetty-util/9.3.24.v20180605/jetty-util-9.3.24.v20180605.jar:/home/user/.m2/repository/com/fasterxml/jackson/core/jackson-databind/2.9.5/jackson-databind-2.9.5.jar:/home/user/.m2/repository/org/apache/hadoop/hadoop-kms/3.2.0/hadoop-kms-3.2.0-tests.jar:/home/user/.m2/repository/org/apache/hadoop/hadoop-hdds-server-scm/0.5.0-SNAPSHOT/hadoop-hdds-server-scm-0.5.0-SNAPSHOT-tests.jar:/home/user/.m2/repository/org/apache/hadoop/hadoop-hdds-container-service/0.5.0-SNAPSHOT/hadoop-hdds-container-service-0.5.0-SNAPSHOT-tests.jar:/home/user/.m2/repository/org/yaml/snakeyaml/1.16/snakeyaml-1.16.jar:/home/user/.m2/repository/org/apache/hadoop/hadoop-common/3.2.0/hadoop-common-3.2.0-tests.jar:/home/user/.m2/repository/org/apache/hadoop/hadoop-annotations/3.2.0/hadoop-annotations-3.2.0.jar:/usr/lib/jvm/java-1.8-openjdk/jre/../lib/tools.jar:/home/user/.m2/repository/commons-cli/commons-cli/1.2/commons-cli-1.2.jar:/home/user/.m2/repository/org/apache/httpcomponents/httpclient/4.5.2/httpclient-4.5.2.jar:/home/user/.m2/repository/org/apache/httpcomponents/httpcore/4.4.4/httpcore-4.4.4.jar:/home/user/.m2/repository/commons-codec/commons-codec/1.11/commons-codec-1.11.jar:/home/user/.m2/repository/commons-net/commons-net/3.6/commons-net-3.6.jar:/home/user/.m2/repository/commons-collections/commons-collections/3.2.2/commons-collections-3.2.2.jar:/home/user/.m2/repository/org/eclipse/jetty/jetty-servlet/9.3.24.v20180605/jetty-servlet-9.3.24.v20180605.jar:/home/user/.m2/repository/org/eclipse/jetty/jetty-security/9.3.24.v20180605/jetty-security-9.3.24.v20180605.jar:/home/user/.m2/repository/javax/servlet/jsp/jsp-api/2.1/jsp-api-2.1.jar:/home/user/.m2/repository/com/sun/jersey/jersey-servlet/1.19/jersey-servlet-1.19.jar:/home/user/.m2/repository/com/sun/jersey/jersey-json/1.19/jersey-json-1.19.jar:/home/user/.m2/repository/org/codehaus/jettison/jettison/1.1/jettison-1.1.jar:/home/user/.m2/repository/org/codehaus/jackson/jackson-core-asl/1.9.13/jackson-core-asl-1.9.13.jar:/home/user/.m2/repository/org/codehaus/jackson/jackson-mapper-asl/1.9.13/jackson-mapper-asl-1.9.13.jar:/home/user/.m2/repository/org/codehaus/jackson/jackson-jaxrs/1.9.13/jackson-jaxrs-1.9.13.jar:/home/user/.m2/repository/org/codehaus/jackson/jackson-xc/1.9.13/jackson-xc-1.9.13.jar:/home/user/.m2/repository/commons-logging/commons-logging/1.1.3/commons-logging-1.1.3.jar:/home/user/.m2/repository/commons-beanutils/commons-beanutils/1.9.3/commons-beanutils-1.9.3.jar:/home/user/.m2/repository/org/apache/commons/commons-configuration2/2.1.1/commons-configuration2-2.1.1.jar:/home/user/.m2/repository/org/apache/commons/commons-lang3/3.7/commons-lang3-3.7.jar:/home/user/.m2/repository/org/apache/commons/commons-text/1.4/commons-text-1.4.jar:/home/user/.m2/repository/org/apache/avro/avro/1.7.7/avro-1.7.7.jar:/home/user/.m2/repository/com/thoughtworks/paranamer/paranamer/2.3/paranamer-2.3.jar:/home/user/.m2/repository/org/xerial/snappy/snappy-java/1.0.5/snappy-java-1.0.5.jar:/home/user/.m2/repository/com/google/re2j/re2j/1.1/re2j-1.1.jar:/home/user/.m2/repository/com/google/code/gson/gson/2.2.4/gson-2.2.4.jar:/home/user/.m2/repository/com/jcraft/jsch/0.1.54/jsch-0.1.54.jar:/home/user/.m2/repository/org/apache/curator/curator-client/2.12.0/curator-client-2.12.0.jar:/home/user/.m2/repository/org/apache/curator/curator-recipes/2.12.0/curator-recipes-2.12.0.jar:/home/user/.m2/repository/com/google/code/findbugs/jsr305/3.0.0/jsr305-3.0.0.jar:/home/user/.m2/repository/org/apache/htrace/htrace-core4/4.1.0-incubating/htrace-core4-4.1.0-incubating.jar:/home/user/.m2/repository/org/apache/zookeeper/zookeeper/3.4.13/zookeeper-3.4.13.jar:/home/user/.m2/repository/org/apache/yetus/audience-annotations/0.5.0/audience-annotations-0.5.0.jar:/home/user/.m2/repository/org/codehaus/woodstox/stax2-api/3.1.4/stax2-api-3.1.4.jar:/home/user/.m2/repository/com/fasterxml/woodstox/woodstox-core/5.0.3/woodstox-core-5.0.3.jar:/home/user/.m2/repository/dnsjava/dnsjava/2.1.7/dnsjava-2.1.7.jar:/home/user/.m2/repository/org/apache/hadoop/hadoop-hdfs/3.2.0/hadoop-hdfs-3.2.0-tests.jar:/home/user/.m2/repository/org/eclipse/jetty/jetty-util-ajax/9.3.24.v20180605/jetty-util-ajax-9.3.24.v20180605.jar:/home/user/.m2/repository/commons-daemon/commons-daemon/1.0.13/commons-daemon-1.0.13.jar:/home/user/.m2/repository/io/netty/netty/3.10.5.Final/netty-3.10.5.Final.jar:/home/user/.m2/repository/io/netty/netty-all/4.0.52.Final/netty-all-4.0.52.Final.jar:/home/user/.m2/repository/org/fusesource/leveldbjni/leveldbjni-all/1.8/leveldbjni-all-1.8.jar:"/>
    <property name="java.vm.vendor" value="IcedTea"/>
    <property name="sun.arch.data.model" value="64"/>
    <property name="test.build.dir" value="/workdir/hadoop-ozone/integration-test/target/test-dir"/>
    <property name="test.cache.data" value=""/>
    <property name="java.vendor.url" value="https://icedtea.classpath.org"/>
    <property name="user.timezone" value=""/>
    <property name="java.vm.specification.version" value="1.8"/>
    <property name="os.name" value="Linux"/>
    <property name="test.build.data" value="/workdir/hadoop-ozone/integration-test/target/test-dir"/>
    <property name="user.country" value="US"/>
    <property name="sun.java.launcher" value="SUN_STANDARD"/>
    <property name="sun.boot.library.path" value="/usr/lib/jvm/java-1.8-openjdk/jre/lib/amd64"/>
    <property name="sun.java.command" value="/workdir/hadoop-ozone/integration-test/target/surefire/surefirebooter2375020507461731608.jar /workdir/hadoop-ozone/integration-test/target/surefire 2019-08-22T17-20-29_484-jvmRun1 surefire6889843387844713341tmp surefire_20527722181026548573tmp"/>
    <property name="test" value="!TestMiniChaosOzoneCluster"/>
    <property name="surefire.test.class.path" value="/workdir/hadoop-ozone/integration-test/target/test-classes:/workdir/hadoop-ozone/integration-test/target/classes:/home/user/.m2/repository/org/apache/hadoop/hadoop-ozone-common/0.5.0-SNAPSHOT/hadoop-ozone-common-0.5.0-SNAPSHOT.jar:/home/user/.m2/repository/org/apache/commons/commons-compress/1.4.1/commons-compress-1.4.1.jar:/home/user/.m2/repository/org/tukaani/xz/1.0/xz-1.0.jar:/home/user/.m2/repository/org/apache/hadoop/hadoop-common/3.2.0/hadoop-common-3.2.0.jar:/home/user/.m2/repository/org/apache/hadoop/hadoop-hdfs/3.2.0/hadoop-hdfs-3.2.0.jar:/home/user/.m2/repository/org/apache/hadoop/hadoop-hdfs-client/3.2.0/hadoop-hdfs-client-3.2.0.jar:/home/user/.m2/repository/com/fasterxml/jackson/core/jackson-annotations/2.9.5/jackson-annotations-2.9.5.jar:/home/user/.m2/repository/org/apache/hadoop/hadoop-hdds-common/0.5.0-SNAPSHOT/hadoop-hdds-common-0.5.0-SNAPSHOT.jar:/home/user/.m2/repository/javax/annotation/javax.annotation-api/1.2/javax.annotation-api-1.2.jar:/home/user/.m2/repository/org/apache/ratis/ratis-server/0.4.0-2337318-SNAPSHOT/ratis-server-0.4.0-2337318-SNAPSHOT.jar:/home/user/.m2/repository/org/apache/ratis/ratis-thirdparty-misc/0.2.0/ratis-thirdparty-misc-0.2.0.jar:/home/user/.m2/repository/org/apache/ratis/ratis-proto/0.4.0-2337318-SNAPSHOT/ratis-proto-0.4.0-2337318-SNAPSHOT.jar:/home/user/.m2/repository/org/apache/ratis/ratis-common/0.4.0-2337318-SNAPSHOT/ratis-common-0.4.0-2337318-SNAPSHOT.jar:/home/user/.m2/repository/org/apache/ratis/ratis-client/0.4.0-2337318-SNAPSHOT/ratis-client-0.4.0-2337318-SNAPSHOT.jar:/home/user/.m2/repository/org/apache/ratis/ratis-metrics/0.4.0-2337318-SNAPSHOT/ratis-metrics-0.4.0-2337318-SNAPSHOT.jar:/home/user/.m2/repository/org/apache/ratis/ratis-netty/0.4.0-2337318-SNAPSHOT/ratis-netty-0.4.0-2337318-SNAPSHOT.jar:/home/user/.m2/repository/org/apache/ratis/ratis-grpc/0.4.0-2337318-SNAPSHOT/ratis-grpc-0.4.0-2337318-SNAPSHOT.jar:/home/user/.m2/repository/org/rocksdb/rocksdbjni/6.0.1/rocksdbjni-6.0.1.jar:/home/user/.m2/repository/org/apache/logging/log4j/log4j-api/2.11.0/log4j-api-2.11.0.jar:/home/user/.m2/repository/org/apache/logging/log4j/log4j-core/2.11.0/log4j-core-2.11.0.jar:/home/user/.m2/repository/com/lmax/disruptor/3.4.2/disruptor-3.4.2.jar:/home/user/.m2/repository/org/apache/commons/commons-pool2/2.6.0/commons-pool2-2.6.0.jar:/home/user/.m2/repository/org/bouncycastle/bcpkix-jdk15on/1.60/bcpkix-jdk15on-1.60.jar:/home/user/.m2/repository/commons-validator/commons-validator/1.6/commons-validator-1.6.jar:/home/user/.m2/repository/commons-digester/commons-digester/1.8.1/commons-digester-1.8.1.jar:/home/user/.m2/repository/io/jaegertracing/jaeger-client/0.33.1/jaeger-client-0.33.1.jar:/home/user/.m2/repository/io/jaegertracing/jaeger-thrift/0.33.1/jaeger-thrift-0.33.1.jar:/home/user/.m2/repository/org/apache/thrift/libthrift/0.11.0/libthrift-0.11.0.jar:/home/user/.m2/repository/com/squareup/okhttp3/okhttp/3.9.0/okhttp-3.9.0.jar:/home/user/.m2/repository/com/squareup/okio/okio/1.13.0/okio-1.13.0.jar:/home/user/.m2/repository/io/jaegertracing/jaeger-core/0.33.1/jaeger-core-0.33.1.jar:/home/user/.m2/repository/io/jaegertracing/jaeger-tracerresolver/0.33.1/jaeger-tracerresolver-0.33.1.jar:/home/user/.m2/repository/io/opentracing/contrib/opentracing-tracerresolver/0.1.5/opentracing-tracerresolver-0.1.5.jar:/home/user/.m2/repository/io/opentracing/opentracing-util/0.31.0/opentracing-util-0.31.0.jar:/home/user/.m2/repository/io/opentracing/opentracing-api/0.31.0/opentracing-api-0.31.0.jar:/home/user/.m2/repository/io/opentracing/opentracing-noop/0.31.0/opentracing-noop-0.31.0.jar:/home/user/.m2/repository/org/apache/hadoop/hadoop-hdds-server-framework/0.5.0-SNAPSHOT/hadoop-hdds-server-framework-0.5.0-SNAPSHOT.jar:/home/user/.m2/repository/org/apache/hadoop/hadoop-hdds-container-service/0.5.0-SNAPSHOT/hadoop-hdds-container-service-0.5.0-SNAPSHOT.jar:/home/user/.m2/repository/org/apache/hadoop/hadoop-hdds-client/0.5.0-SNAPSHOT/hadoop-hdds-client-0.5.0-SNAPSHOT.jar:/home/user/.m2/repository/org/apache/hadoop/hadoop-hdds-tools/0.5.0-SNAPSHOT/hadoop-hdds-tools-0.5.0-SNAPSHOT.jar:/home/user/.m2/repository/org/apache/hadoop/hadoop-hdds-server-scm/0.5.0-SNAPSHOT/hadoop-hdds-server-scm-0.5.0-SNAPSHOT.jar:/home/user/.m2/repository/org/apache/hadoop/hadoop-hdds-docs/0.5.0-SNAPSHOT/hadoop-hdds-docs-0.5.0-SNAPSHOT.jar:/home/user/.m2/repository/io/dropwizard/metrics/metrics-core/3.2.4/metrics-core-3.2.4.jar:/home/user/.m2/repository/org/hamcrest/hamcrest-all/1.3/hamcrest-all-1.3.jar:/home/user/.m2/repository/org/bouncycastle/bcprov-jdk15on/1.60/bcprov-jdk15on-1.60.jar:/home/user/.m2/repository/info/picocli/picocli/3.9.6/picocli-3.9.6.jar:/home/user/.m2/repository/com/google/protobuf/protobuf-java/2.5.0/protobuf-java-2.5.0.jar:/home/user/.m2/repository/com/google/guava/guava/11.0.2/guava-11.0.2.jar:/home/user/.m2/repository/org/apache/hadoop/hadoop-ozone-ozone-manager/0.5.0-SNAPSHOT/hadoop-ozone-ozone-manager-0.5.0-SNAPSHOT.jar:/home/user/.m2/repository/org/apache/hadoop/hadoop-minikdc/3.2.0/hadoop-minikdc-3.2.0.jar:/home/user/.m2/repository/commons-io/commons-io/2.5/commons-io-2.5.jar:/home/user/.m2/repository/org/apache/kerby/kerb-simplekdc/1.0.1/kerb-simplekdc-1.0.1.jar:/home/user/.m2/repository/org/apache/kerby/kerb-client/1.0.1/kerb-client-1.0.1.jar:/home/user/.m2/repository/org/apache/kerby/kerby-config/1.0.1/kerby-config-1.0.1.jar:/home/user/.m2/repository/org/apache/kerby/kerb-core/1.0.1/kerb-core-1.0.1.jar:/home/user/.m2/repository/org/apache/kerby/kerby-pkix/1.0.1/kerby-pkix-1.0.1.jar:/home/user/.m2/repository/org/apache/kerby/kerby-asn1/1.0.1/kerby-asn1-1.0.1.jar:/home/user/.m2/repository/org/apache/kerby/kerby-util/1.0.1/kerby-util-1.0.1.jar:/home/user/.m2/repository/org/apache/kerby/kerb-common/1.0.1/kerb-common-1.0.1.jar:/home/user/.m2/repository/org/apache/kerby/kerb-crypto/1.0.1/kerb-crypto-1.0.1.jar:/home/user/.m2/repository/org/apache/kerby/kerb-util/1.0.1/kerb-util-1.0.1.jar:/home/user/.m2/repository/org/apache/kerby/token-provider/1.0.1/token-provider-1.0.1.jar:/home/user/.m2/repository/org/apache/kerby/kerb-admin/1.0.1/kerb-admin-1.0.1.jar:/home/user/.m2/repository/org/apache/kerby/kerb-server/1.0.1/kerb-server-1.0.1.jar:/home/user/.m2/repository/org/apache/kerby/kerb-identity/1.0.1/kerb-identity-1.0.1.jar:/home/user/.m2/repository/org/apache/kerby/kerby-xdr/1.0.1/kerby-xdr-1.0.1.jar:/home/user/.m2/repository/org/slf4j/slf4j-log4j12/1.7.25/slf4j-log4j12-1.7.25.jar:/home/user/.m2/repository/org/apache/hadoop/hadoop-ozone-objectstore-service/0.5.0-SNAPSHOT/hadoop-ozone-objectstore-service-0.5.0-SNAPSHOT.jar:/home/user/.m2/repository/org/apache/hadoop/hadoop-ozone-s3gateway/0.5.0-SNAPSHOT/hadoop-ozone-s3gateway-0.5.0-SNAPSHOT.jar:/home/user/.m2/repository/org/jboss/weld/servlet/weld-servlet/2.4.7.Final/weld-servlet-2.4.7.Final.jar:/home/user/.m2/repository/org/glassfish/jersey/containers/jersey-container-servlet-core/2.27/jersey-container-servlet-core-2.27.jar:/home/user/.m2/repository/org/glassfish/hk2/external/javax.inject/2.5.0-b42/javax.inject-2.5.0-b42.jar:/home/user/.m2/repository/org/glassfish/jersey/core/jersey-common/2.27/jersey-common-2.27.jar:/home/user/.m2/repository/org/glassfish/hk2/osgi-resource-locator/1.0.1/osgi-resource-locator-1.0.1.jar:/home/user/.m2/repository/javax/ws/rs/javax.ws.rs-api/2.1/javax.ws.rs-api-2.1.jar:/home/user/.m2/repository/org/glassfish/jersey/ext/cdi/jersey-cdi1x/2.27/jersey-cdi1x-2.27.jar:/home/user/.m2/repository/org/glassfish/jersey/inject/jersey-hk2/2.27/jersey-hk2-2.27.jar:/home/user/.m2/repository/org/glassfish/hk2/hk2-locator/2.5.0-b42/hk2-locator-2.5.0-b42.jar:/home/user/.m2/repository/org/javassist/javassist/3.22.0-CR2/javassist-3.22.0-CR2.jar:/home/user/.m2/repository/org/glassfish/hk2/hk2-api/2.5.0/hk2-api-2.5.0.jar:/home/user/.m2/repository/org/glassfish/hk2/external/jakarta.inject/2.5.0/jakarta.inject-2.5.0.jar:/home/user/.m2/repository/org/glassfish/hk2/hk2-utils/2.5.0/hk2-utils-2.5.0.jar:/home/user/.m2/repository/jakarta/annotation/jakarta.annotation-api/1.3.4/jakarta.annotation-api-1.3.4.jar:/home/user/.m2/repository/org/glassfish/hk2/external/aopalliance-repackaged/2.5.0/aopalliance-repackaged-2.5.0.jar:/home/user/.m2/repository/com/fasterxml/jackson/dataformat/jackson-dataformat-xml/2.9.0/jackson-dataformat-xml-2.9.0.jar:/home/user/.m2/repository/com/fasterxml/jackson/core/jackson-core/2.9.5/jackson-core-2.9.5.jar:/home/user/.m2/repository/com/fasterxml/jackson/module/jackson-module-jaxb-annotations/2.9.5/jackson-module-jaxb-annotations-2.9.5.jar:/home/user/.m2/repository/javax/enterprise/cdi-api/1.2/cdi-api-1.2.jar:/home/user/.m2/repository/javax/el/javax.el-api/3.0.0/javax.el-api-3.0.0.jar:/home/user/.m2/repository/javax/interceptor/javax.interceptor-api/1.2/javax.interceptor-api-1.2.jar:/home/user/.m2/repository/javax/inject/javax.inject/1/javax.inject-1.jar:/home/user/.m2/repository/com/sun/xml/bind/jaxb-impl/2.3.0.1/jaxb-impl-2.3.0.1.jar:/home/user/.m2/repository/com/sun/xml/bind/jaxb-core/2.3.0.1/jaxb-core-2.3.0.1.jar:/home/user/.m2/repository/javax/xml/bind/jaxb-api/2.3.0/jaxb-api-2.3.0.jar:/home/user/.m2/repository/javax/activation/activation/1.1.1/activation-1.1.1.jar:/home/user/.m2/repository/org/apache/hadoop/hadoop-ozone-csi/0.5.0-SNAPSHOT/hadoop-ozone-csi-0.5.0-SNAPSHOT.jar:/home/user/.m2/repository/com/google/protobuf/protobuf-java-util/3.5.1/protobuf-java-util-3.5.1.jar:/home/user/.m2/repository/org/apache/hadoop/hadoop-hdds-config/0.5.0-SNAPSHOT/hadoop-hdds-config-0.5.0-SNAPSHOT.jar:/home/user/.m2/repository/io/grpc/grpc-netty/1.17.1/grpc-netty-1.17.1.jar:/home/user/.m2/repository/io/grpc/grpc-core/1.17.1/grpc-core-1.17.1.jar:/home/user/.m2/repository/io/grpc/grpc-context/1.17.1/grpc-context-1.17.1.jar:/home/user/.m2/repository/com/google/errorprone/error_prone_annotations/2.2.0/error_prone_annotations-2.2.0.jar:/home/user/.m2/repository/org/codehaus/mojo/animal-sniffer-annotations/1.17/animal-sniffer-annotations-1.17.jar:/home/user/.m2/repository/io/opencensus/opencensus-api/0.17.0/opencensus-api-0.17.0.jar:/home/user/.m2/repository/io/opencensus/opencensus-contrib-grpc-metrics/0.17.0/opencensus-contrib-grpc-metrics-0.17.0.jar:/home/user/.m2/repository/io/netty/netty-codec-http2/4.1.30.Final/netty-codec-http2-4.1.30.Final.jar:/home/user/.m2/repository/io/netty/netty-codec-http/4.1.30.Final/netty-codec-http-4.1.30.Final.jar:/home/user/.m2/repository/io/netty/netty-codec/4.1.30.Final/netty-codec-4.1.30.Final.jar:/home/user/.m2/repository/io/netty/netty-handler/4.1.30.Final/netty-handler-4.1.30.Final.jar:/home/user/.m2/repository/io/netty/netty-handler-proxy/4.1.30.Final/netty-handler-proxy-4.1.30.Final.jar:/home/user/.m2/repository/io/netty/netty-codec-socks/4.1.30.Final/netty-codec-socks-4.1.30.Final.jar:/home/user/.m2/repository/io/netty/netty-transport-native-epoll/4.1.30.Final/netty-transport-native-epoll-4.1.30.Final.jar:/home/user/.m2/repository/io/netty/netty-common/4.1.30.Final/netty-common-4.1.30.Final.jar:/home/user/.m2/repository/io/netty/netty-buffer/4.1.30.Final/netty-buffer-4.1.30.Final.jar:/home/user/.m2/repository/io/netty/netty-transport/4.1.30.Final/netty-transport-4.1.30.Final.jar:/home/user/.m2/repository/io/netty/netty-resolver/4.1.30.Final/netty-resolver-4.1.30.Final.jar:/home/user/.m2/repository/io/netty/netty-transport-native-unix-common/4.1.30.Final/netty-transport-native-unix-common-4.1.30.Final.jar:/home/user/.m2/repository/io/grpc/grpc-protobuf/1.17.1/grpc-protobuf-1.17.1.jar:/home/user/.m2/repository/com/google/api/grpc/proto-google-common-protos/1.0.0/proto-google-common-protos-1.0.0.jar:/home/user/.m2/repository/io/grpc/grpc-protobuf-lite/1.17.1/grpc-protobuf-lite-1.17.1.jar:/home/user/.m2/repository/io/grpc/grpc-stub/1.17.1/grpc-stub-1.17.1.jar:/home/user/.m2/repository/org/apache/hadoop/hadoop-ozone-recon/0.5.0-SNAPSHOT/hadoop-ozone-recon-0.5.0-SNAPSHOT.jar:/home/user/.m2/repository/org/apache/hadoop/hadoop-ozone-reconcodegen/0.5.0-SNAPSHOT/hadoop-ozone-reconcodegen-0.5.0-SNAPSHOT.jar:/home/user/.m2/repository/com/google/inject/extensions/guice-multibindings/4.0/guice-multibindings-4.0.jar:/home/user/.m2/repository/com/google/inject/guice/4.0/guice-4.0.jar:/home/user/.m2/repository/aopalliance/aopalliance/1.0/aopalliance-1.0.jar:/home/user/.m2/repository/com/google/inject/extensions/guice-servlet/4.0/guice-servlet-4.0.jar:/home/user/.m2/repository/org/glassfish/jersey/containers/jersey-container-servlet/2.27/jersey-container-servlet-2.27.jar:/home/user/.m2/repository/org/glassfish/hk2/guice-bridge/2.5.0/guice-bridge-2.5.0.jar:/home/user/.m2/repository/org/glassfish/jersey/core/jersey-server/2.27/jersey-server-2.27.jar:/home/user/.m2/repository/org/glassfish/jersey/core/jersey-client/2.27/jersey-client-2.27.jar:/home/user/.m2/repository/org/glassfish/jersey/media/jersey-media-jaxb/2.27/jersey-media-jaxb-2.27.jar:/home/user/.m2/repository/javax/validation/validation-api/1.1.0.Final/validation-api-1.1.0.Final.jar:/home/user/.m2/repository/org/glassfish/jersey/media/jersey-media-json-jackson/2.27/jersey-media-json-jackson-2.27.jar:/home/user/.m2/repository/org/glassfish/jersey/ext/jersey-entity-filtering/2.27/jersey-entity-filtering-2.27.jar:/home/user/.m2/repository/com/google/inject/extensions/guice-assistedinject/4.0/guice-assistedinject-4.0.jar:/home/user/.m2/repository/org/jooq/jooq/3.11.10/jooq-3.11.10.jar:/home/user/.m2/repository/org/jooq/jooq-meta/3.11.10/jooq-meta-3.11.10.jar:/home/user/.m2/repository/org/jooq/jooq-codegen/3.11.10/jooq-codegen-3.11.10.jar:/home/user/.m2/repository/com/jolbox/bonecp/0.8.0.RELEASE/bonecp-0.8.0.RELEASE.jar:/home/user/.m2/repository/org/xerial/sqlite-jdbc/3.25.2/sqlite-jdbc-3.25.2.jar:/home/user/.m2/repository/org/springframework/spring-jdbc/5.1.3.RELEASE/spring-jdbc-5.1.3.RELEASE.jar:/home/user/.m2/repository/org/springframework/spring-beans/5.1.3.RELEASE/spring-beans-5.1.3.RELEASE.jar:/home/user/.m2/repository/org/springframework/spring-core/5.1.3.RELEASE/spring-core-5.1.3.RELEASE.jar:/home/user/.m2/repository/org/springframework/spring-jcl/5.1.3.RELEASE/spring-jcl-5.1.3.RELEASE.jar:/home/user/.m2/repository/org/springframework/spring-tx/5.1.3.RELEASE/spring-tx-5.1.3.RELEASE.jar:/home/user/.m2/repository/org/apache/hadoop/hadoop-ozone-client/0.5.0-SNAPSHOT/hadoop-ozone-client-0.5.0-SNAPSHOT.jar:/home/user/.m2/repository/commons-lang/commons-lang/2.6/commons-lang-2.6.jar:/home/user/.m2/repository/org/apache/hadoop/hadoop-ozone-ozone-manager/0.5.0-SNAPSHOT/hadoop-ozone-ozone-manager-0.5.0-SNAPSHOT-tests.jar:/home/user/.m2/repository/junit/junit/4.11/junit-4.11.jar:/home/user/.m2/repository/org/hamcrest/hamcrest-core/1.3/hamcrest-core-1.3.jar:/home/user/.m2/repository/org/openjdk/jmh/jmh-core/1.19/jmh-core-1.19.jar:/home/user/.m2/repository/net/sf/jopt-simple/jopt-simple/4.6/jopt-simple-4.6.jar:/home/user/.m2/repository/org/apache/commons/commons-math3/3.1.1/commons-math3-3.1.1.jar:/home/user/.m2/repository/org/openjdk/jmh/jmh-generator-annprocess/1.19/jmh-generator-annprocess-1.19.jar:/home/user/.m2/repository/org/mockito/mockito-all/1.8.5/mockito-all-1.8.5.jar:/home/user/.m2/repository/org/apache/hadoop/hadoop-kms/3.2.0/hadoop-kms-3.2.0.jar:/home/user/.m2/repository/org/apache/hadoop/hadoop-auth/3.2.0/hadoop-auth-3.2.0.jar:/home/user/.m2/repository/com/nimbusds/nimbus-jose-jwt/4.41.1/nimbus-jose-jwt-4.41.1.jar:/home/user/.m2/repository/com/github/stephenc/jcip/jcip-annotations/1.0-1/jcip-annotations-1.0-1.jar:/home/user/.m2/repository/net/minidev/json-smart/2.3/json-smart-2.3.jar:/home/user/.m2/repository/net/minidev/accessors-smart/1.2/accessors-smart-1.2.jar:/home/user/.m2/repository/org/ow2/asm/asm/5.0.4/asm-5.0.4.jar:/home/user/.m2/repository/org/apache/curator/curator-framework/2.12.0/curator-framework-2.12.0.jar:/home/user/.m2/repository/com/sun/jersey/jersey-core/1.19/jersey-core-1.19.jar:/home/user/.m2/repository/javax/ws/rs/jsr311-api/1.1.1/jsr311-api-1.1.1.jar:/home/user/.m2/repository/com/sun/jersey/jersey-server/1.19/jersey-server-1.19.jar:/home/user/.m2/repository/javax/servlet/javax.servlet-api/3.1.0/javax.servlet-api-3.1.0.jar:/home/user/.m2/repository/org/eclipse/jetty/jetty-server/9.3.24.v20180605/jetty-server-9.3.24.v20180605.jar:/home/user/.m2/repository/org/eclipse/jetty/jetty-http/9.3.24.v20180605/jetty-http-9.3.24.v20180605.jar:/home/user/.m2/repository/org/eclipse/jetty/jetty-io/9.3.24.v20180605/jetty-io-9.3.24.v20180605.jar:/home/user/.m2/repository/org/eclipse/jetty/jetty-webapp/9.3.24.v20180605/jetty-webapp-9.3.24.v20180605.jar:/home/user/.m2/repository/org/eclipse/jetty/jetty-xml/9.3.24.v20180605/jetty-xml-9.3.24.v20180605.jar:/home/user/.m2/repository/log4j/log4j/1.2.17/log4j-1.2.17.jar:/home/user/.m2/repository/org/slf4j/slf4j-api/1.7.25/slf4j-api-1.7.25.jar:/home/user/.m2/repository/org/slf4j/jul-to-slf4j/1.7.25/jul-to-slf4j-1.7.25.jar:/home/user/.m2/repository/org/eclipse/jetty/jetty-util/9.3.24.v20180605/jetty-util-9.3.24.v20180605.jar:/home/user/.m2/repository/com/fasterxml/jackson/core/jackson-databind/2.9.5/jackson-databind-2.9.5.jar:/home/user/.m2/repository/org/apache/hadoop/hadoop-kms/3.2.0/hadoop-kms-3.2.0-tests.jar:/home/user/.m2/repository/org/apache/hadoop/hadoop-hdds-server-scm/0.5.0-SNAPSHOT/hadoop-hdds-server-scm-0.5.0-SNAPSHOT-tests.jar:/home/user/.m2/repository/org/apache/hadoop/hadoop-hdds-container-service/0.5.0-SNAPSHOT/hadoop-hdds-container-service-0.5.0-SNAPSHOT-tests.jar:/home/user/.m2/repository/org/yaml/snakeyaml/1.16/snakeyaml-1.16.jar:/home/user/.m2/repository/org/apache/hadoop/hadoop-common/3.2.0/hadoop-common-3.2.0-tests.jar:/home/user/.m2/repository/org/apache/hadoop/hadoop-annotations/3.2.0/hadoop-annotations-3.2.0.jar:/usr/lib/jvm/java-1.8-openjdk/jre/../lib/tools.jar:/home/user/.m2/repository/commons-cli/commons-cli/1.2/commons-cli-1.2.jar:/home/user/.m2/repository/org/apache/httpcomponents/httpclient/4.5.2/httpclient-4.5.2.jar:/home/user/.m2/repository/org/apache/httpcomponents/httpcore/4.4.4/httpcore-4.4.4.jar:/home/user/.m2/repository/commons-codec/commons-codec/1.11/commons-codec-1.11.jar:/home/user/.m2/repository/commons-net/commons-net/3.6/commons-net-3.6.jar:/home/user/.m2/repository/commons-collections/commons-collections/3.2.2/commons-collections-3.2.2.jar:/home/user/.m2/repository/org/eclipse/jetty/jetty-servlet/9.3.24.v20180605/jetty-servlet-9.3.24.v20180605.jar:/home/user/.m2/repository/org/eclipse/jetty/jetty-security/9.3.24.v20180605/jetty-security-9.3.24.v20180605.jar:/home/user/.m2/repository/javax/servlet/jsp/jsp-api/2.1/jsp-api-2.1.jar:/home/user/.m2/repository/com/sun/jersey/jersey-servlet/1.19/jersey-servlet-1.19.jar:/home/user/.m2/repository/com/sun/jersey/jersey-json/1.19/jersey-json-1.19.jar:/home/user/.m2/repository/org/codehaus/jettison/jettison/1.1/jettison-1.1.jar:/home/user/.m2/repository/org/codehaus/jackson/jackson-core-asl/1.9.13/jackson-core-asl-1.9.13.jar:/home/user/.m2/repository/org/codehaus/jackson/jackson-mapper-asl/1.9.13/jackson-mapper-asl-1.9.13.jar:/home/user/.m2/repository/org/codehaus/jackson/jackson-jaxrs/1.9.13/jackson-jaxrs-1.9.13.jar:/home/user/.m2/repository/org/codehaus/jackson/jackson-xc/1.9.13/jackson-xc-1.9.13.jar:/home/user/.m2/repository/commons-logging/commons-logging/1.1.3/commons-logging-1.1.3.jar:/home/user/.m2/repository/commons-beanutils/commons-beanutils/1.9.3/commons-beanutils-1.9.3.jar:/home/user/.m2/repository/org/apache/commons/commons-configuration2/2.1.1/commons-configuration2-2.1.1.jar:/home/user/.m2/repository/org/apache/commons/commons-lang3/3.7/commons-lang3-3.7.jar:/home/user/.m2/repository/org/apache/commons/commons-text/1.4/commons-text-1.4.jar:/home/user/.m2/repository/org/apache/avro/avro/1.7.7/avro-1.7.7.jar:/home/user/.m2/repository/com/thoughtworks/paranamer/paranamer/2.3/paranamer-2.3.jar:/home/user/.m2/repository/org/xerial/snappy/snappy-java/1.0.5/snappy-java-1.0.5.jar:/home/user/.m2/repository/com/google/re2j/re2j/1.1/re2j-1.1.jar:/home/user/.m2/repository/com/google/code/gson/gson/2.2.4/gson-2.2.4.jar:/home/user/.m2/repository/com/jcraft/jsch/0.1.54/jsch-0.1.54.jar:/home/user/.m2/repository/org/apache/curator/curator-client/2.12.0/curator-client-2.12.0.jar:/home/user/.m2/repository/org/apache/curator/curator-recipes/2.12.0/curator-recipes-2.12.0.jar:/home/user/.m2/repository/com/google/code/findbugs/jsr305/3.0.0/jsr305-3.0.0.jar:/home/user/.m2/repository/org/apache/htrace/htrace-core4/4.1.0-incubating/htrace-core4-4.1.0-incubating.jar:/home/user/.m2/repository/org/apache/zookeeper/zookeeper/3.4.13/zookeeper-3.4.13.jar:/home/user/.m2/repository/org/apache/yetus/audience-annotations/0.5.0/audience-annotations-0.5.0.jar:/home/user/.m2/repository/org/codehaus/woodstox/stax2-api/3.1.4/stax2-api-3.1.4.jar:/home/user/.m2/repository/com/fasterxml/woodstox/woodstox-core/5.0.3/woodstox-core-5.0.3.jar:/home/user/.m2/repository/dnsjava/dnsjava/2.1.7/dnsjava-2.1.7.jar:/home/user/.m2/repository/org/apache/hadoop/hadoop-hdfs/3.2.0/hadoop-hdfs-3.2.0-tests.jar:/home/user/.m2/repository/org/eclipse/jetty/jetty-util-ajax/9.3.24.v20180605/jetty-util-ajax-9.3.24.v20180605.jar:/home/user/.m2/repository/commons-daemon/commons-daemon/1.0.13/commons-daemon-1.0.13.jar:/home/user/.m2/repository/io/netty/netty/3.10.5.Final/netty-3.10.5.Final.jar:/home/user/.m2/repository/io/netty/netty-all/4.0.52.Final/netty-all-4.0.52.Final.jar:/home/user/.m2/repository/org/fusesource/leveldbjni/leveldbjni-all/1.8/leveldbjni-all-1.8.jar:"/>
    <property name="sun.cpu.endian" value="little"/>
    <property name="user.home" value="/home/user"/>
    <property name="user.language" value="en"/>
    <property name="java.specification.vendor" value="Oracle Corporation"/>
    <property name="java.home" value="/usr/lib/jvm/java-1.8-openjdk/jre"/>
    <property name="java.security.krb5.conf" value="/workdir/hadoop-ozone/integration-test/target/test-classes/krb5.conf"/>
    <property name="basedir" value="/workdir/hadoop-ozone/integration-test"/>
    <property name="file.separator" value="/"/>
    <property name="line.separator" value="&#10;"/>
    <property name="java.vm.specification.vendor" value="Oracle Corporation"/>
    <property name="java.specification.name" value="Java Platform API Specification"/>
    <property name="java.awt.graphicsenv" value="sun.awt.X11GraphicsEnvironment"/>
    <property name="surefire.real.class.path" value="/workdir/hadoop-ozone/integration-test/target/surefire/surefirebooter2375020507461731608.jar"/>
    <property name="hadoop.log.dir" value="/workdir/hadoop-ozone/integration-test/target/log"/>
    <property name="sun.boot.class.path" value="/usr/lib/jvm/java-1.8-openjdk/jre/lib/resources.jar:/usr/lib/jvm/java-1.8-openjdk/jre/lib/rt.jar:/usr/lib/jvm/java-1.8-openjdk/jre/lib/sunrsasign.jar:/usr/lib/jvm/java-1.8-openjdk/jre/lib/jsse.jar:/usr/lib/jvm/java-1.8-openjdk/jre/lib/jce.jar:/usr/lib/jvm/java-1.8-openjdk/jre/lib/charsets.jar:/usr/lib/jvm/java-1.8-openjdk/jre/lib/jfr.jar:/usr/lib/jvm/java-1.8-openjdk/jre/classes"/>
    <property name="sun.management.compiler" value="HotSpot 64-Bit Tiered Compilers"/>
    <property name="java.runtime.version" value="1.8.0_212-b04"/>
    <property name="java.net.preferIPv4Stack" value="true"/>
    <property name="user.name" value="jenkins1000"/>
    <property name="path.separator" value=":"/>
    <property name="java.security.egd" value="file:///dev/urandom"/>
    <property name="os.version" value="3.10.0-957.12.2.el7.x86_64"/>
    <property name="java.endorsed.dirs" value="/usr/lib/jvm/java-1.8-openjdk/jre/lib/endorsed"/>
    <property name="java.runtime.name" value="OpenJDK Runtime Environment"/>
    <property name="file.encoding" value="UTF-8"/>
    <property name="java.vm.name" value="OpenJDK 64-Bit Server VM"/>
    <property name="test.build.webapps" value=""/>
    <property name="localRepository" value="/home/user/.m2/repository"/>
    <property name="java.vendor.url.bug" value="https://icedtea.classpath.org/bugzilla"/>
    <property name="java.io.tmpdir" value="/tmp"/>
    <property name="require.test.libhadoop" value=""/>
    <property name="java.version" value="1.8.0_212"/>
    <property name="user.dir" value="/workdir/hadoop-ozone/integration-test"/>
    <property name="os.arch" value="amd64"/>
    <property name="java.vm.specification.name" value="Java Virtual Machine Specification"/>
    <property name="test.build.classes" value="/workdir/hadoop-ozone/integration-test/target/test-classes"/>
    <property name="java.awt.printerjob" value="sun.print.PSPrinterJob"/>
    <property name="sun.os.patch.level" value="unknown"/>
    <property name="hadoop.tmp.dir" value="/workdir/hadoop-ozone/integration-test/target/tmp"/>
    <property name="java.library.path" value="/usr/lib/jvm/java-1.8-openjdk/jre/lib/amd64/server:/usr/lib/jvm/java-1.8-openjdk/jre/lib/amd64:/usr/lib/jvm/java-1.8-openjdk/jre/../lib/amd64:/workdir/hadoop-ozone/integration-test/target/native/target/usr/local/lib:/workdir/hadoop-ozone/integration-test/../../hadoop-common-project/hadoop-common/target/native/target/usr/local/lib:/usr/java/packages/lib/amd64:/usr/lib64:/lib64:/lib:/usr/lib"/>
    <property name="java.vm.info" value="mixed mode"/>
    <property name="java.vendor" value="IcedTea"/>
    <property name="java.vm.version" value="25.212-b04"/>
    <property name="java.ext.dirs" value="/usr/lib/jvm/java-1.8-openjdk/jre/lib/ext:/usr/java/packages/lib/ext"/>
    <property name="sun.io.unicode.encoding" value="UnicodeLittle"/>
    <property name="java.class.version" value="52.0"/>
  </properties>
  <testcase name="test2DatanodesFailure" classname="org.apache.hadoop.ozone.client.rpc.TestBlockOutputStreamWithFailures" time="45.902">
    <failure message="expected:&lt;5&gt; but was:&lt;6&gt;" type="java.lang.AssertionError"><![CDATA[java.lang.AssertionError: expected:<5> but was:<6>
	at org.junit.Assert.fail(Assert.java:88)
	at org.junit.Assert.failNotEquals(Assert.java:743)
	at org.junit.Assert.assertEquals(Assert.java:118)
	at org.junit.Assert.assertEquals(Assert.java:555)
	at org.junit.Assert.assertEquals(Assert.java:542)
	at org.apache.hadoop.ozone.client.rpc.TestBlockOutputStreamWithFailures.test2DatanodesFailure(TestBlockOutputStreamWithFailures.java:467)
	at sun.reflect.NativeMethodAccessorImpl.invoke0(Native Method)
	at sun.reflect.NativeMethodAccessorImpl.invoke(NativeMethodAccessorImpl.java:62)
	at sun.reflect.DelegatingMethodAccessorImpl.invoke(DelegatingMethodAccessorImpl.java:43)
	at java.lang.reflect.Method.invoke(Method.java:498)
	at org.junit.runners.model.FrameworkMethod$1.runReflectiveCall(FrameworkMethod.java:47)
	at org.junit.internal.runners.model.ReflectiveCallable.run(ReflectiveCallable.java:12)
	at org.junit.runners.model.FrameworkMethod.invokeExplosively(FrameworkMethod.java:44)
	at org.junit.internal.runners.statements.InvokeMethod.evaluate(InvokeMethod.java:17)
	at org.junit.internal.runners.statements.RunBefores.evaluate(RunBefores.java:26)
	at org.junit.internal.runners.statements.RunAfters.evaluate(RunAfters.java:27)
	at org.junit.runners.ParentRunner.runLeaf(ParentRunner.java:271)
	at org.junit.runners.BlockJUnit4ClassRunner.runChild(BlockJUnit4ClassRunner.java:70)
	at org.junit.runners.BlockJUnit4ClassRunner.runChild(BlockJUnit4ClassRunner.java:50)
	at org.junit.runners.ParentRunner$3.run(ParentRunner.java:238)
	at org.junit.runners.ParentRunner$1.schedule(ParentRunner.java:63)
	at org.junit.runners.ParentRunner.runChildren(ParentRunner.java:236)
	at org.junit.runners.ParentRunner.access$000(ParentRunner.java:53)
	at org.junit.runners.ParentRunner$2.evaluate(ParentRunner.java:229)
	at org.junit.runners.ParentRunner.run(ParentRunner.java:309)
	at org.apache.maven.surefire.junit4.JUnit4Provider.execute(JUnit4Provider.java:365)
	at org.apache.maven.surefire.junit4.JUnit4Provider.executeWithRerun(JUnit4Provider.java:273)
	at org.apache.maven.surefire.junit4.JUnit4Provider.executeTestSet(JUnit4Provider.java:238)
	at org.apache.maven.surefire.junit4.JUnit4Provider.invoke(JUnit4Provider.java:159)
	at org.apache.maven.surefire.booter.ForkedBooter.invokeProviderInSameClassLoader(ForkedBooter.java:384)
	at org.apache.maven.surefire.booter.ForkedBooter.runSuitesInProcess(ForkedBooter.java:345)
	at org.apache.maven.surefire.booter.ForkedBooter.execute(ForkedBooter.java:126)
	at org.apache.maven.surefire.booter.ForkedBooter.main(ForkedBooter.java:418)
]]></failure>
    <system-out><![CDATA[2019-08-22 17:39:52,346 [main] WARN  server.ServerUtils (ServerUtils.java:getScmDbDir(145)) - ozone.scm.db.dirs is not configured. We recommend adding this setting. Falling back to ozone.metadata.dirs instead.
2019-08-22 17:39:52,443 [main] WARN  server.ServerUtils (ServerUtils.java:getScmDbDir(145)) - ozone.scm.db.dirs is not configured. We recommend adding this setting. Falling back to ozone.metadata.dirs instead.
2019-08-22 17:39:52,445 [main] WARN  server.ServerUtils (ServerUtils.java:getScmDbDir(145)) - ozone.scm.db.dirs is not configured. We recommend adding this setting. Falling back to ozone.metadata.dirs instead.
2019-08-22 17:39:52,460 [main] INFO  util.log (Log.java:initialized(192)) - Logging initialized @870ms
2019-08-22 17:39:52,542 [main] INFO  db.DBStoreBuilder (DBStoreBuilder.java:addTable(110)) - using custom profile for table: deletedBlocks
2019-08-22 17:39:52,542 [main] INFO  db.DBStoreBuilder (DBStoreBuilder.java:processTables(161)) - Using default column profile:DBProfile.DISK for Table:deletedBlocks
2019-08-22 17:39:52,542 [main] INFO  db.DBStoreBuilder (DBStoreBuilder.java:addTable(110)) - using custom profile for table: validCerts
2019-08-22 17:39:52,543 [main] INFO  db.DBStoreBuilder (DBStoreBuilder.java:processTables(161)) - Using default column profile:DBProfile.DISK for Table:validCerts
2019-08-22 17:39:52,543 [main] INFO  db.DBStoreBuilder (DBStoreBuilder.java:addTable(110)) - using custom profile for table: revokedCerts
2019-08-22 17:39:52,543 [main] INFO  db.DBStoreBuilder (DBStoreBuilder.java:processTables(161)) - Using default column profile:DBProfile.DISK for Table:revokedCerts
2019-08-22 17:39:52,553 [main] INFO  db.DBStoreBuilder (DBStoreBuilder.java:addTable(110)) - using custom profile for table: default
2019-08-22 17:39:52,553 [main] INFO  db.DBStoreBuilder (DBStoreBuilder.java:processTables(167)) - Using default column profile:DBProfile.DISK for Table:default
2019-08-22 17:39:52,554 [main] INFO  db.DBStoreBuilder (DBStoreBuilder.java:getDbProfile(198)) - Using default options. DBProfile.DISK
2019-08-22 17:39:52,869 [main] INFO  net.NodeSchemaLoader (NodeSchemaLoader.java:loadSchemaFromFile(125)) - Loading file from sun.misc.CompoundEnumeration@5f058f00
2019-08-22 17:39:52,871 [main] INFO  net.NodeSchemaLoader (NodeSchemaLoader.java:loadSchema(171)) - Loading network topology layer schema file
2019-08-22 17:39:52,961 [main] INFO  node.SCMNodeManager (SCMNodeManager.java:<init>(121)) - Entering startup safe mode.
2019-08-22 17:39:53,031 [main] INFO  algorithms.ContainerPlacementPolicyFactory (ContainerPlacementPolicyFactory.java:getPolicy(55)) - Create container placement policy of type org.apache.hadoop.hdds.scm.container.placement.algorithms.SCMContainerPlacementRandom
2019-08-22 17:39:53,045 [main] WARN  server.ServerUtils (ServerUtils.java:getScmDbDir(145)) - ozone.scm.db.dirs is not configured. We recommend adding this setting. Falling back to ozone.metadata.dirs instead.
2019-08-22 17:39:53,166 [main] INFO  pipeline.SCMPipelineManager (SCMPipelineManager.java:initializePipelineState(126)) - No pipeline exists in current db
2019-08-22 17:39:53,169 [main] WARN  server.ServerUtils (ServerUtils.java:getScmDbDir(145)) - ozone.scm.db.dirs is not configured. We recommend adding this setting. Falling back to ozone.metadata.dirs instead.
2019-08-22 17:39:53,346 [main] WARN  events.EventQueue (EventQueue.java:fireEvent(175)) - No event handler registered for event TypedEvent{payloadType=SafeModeStatus, name='SafeModeStatus'}
2019-08-22 17:39:53,860 [main] INFO  ipc.CallQueueManager (CallQueueManager.java:<init>(84)) - Using callQueue: class java.util.concurrent.LinkedBlockingQueue, queueCapacity: 2000, scheduler: class org.apache.hadoop.ipc.DefaultRpcScheduler, ipcBackoff: false.
2019-08-22 17:39:54,196 [Socket Reader #1 for port 37000] INFO  ipc.Server (Server.java:run(1074)) - Starting Socket Reader #1 for port 37000
2019-08-22 17:39:54,220 [main] INFO  ipc.CallQueueManager (CallQueueManager.java:<init>(84)) - Using callQueue: class java.util.concurrent.LinkedBlockingQueue, queueCapacity: 2000, scheduler: class org.apache.hadoop.ipc.DefaultRpcScheduler, ipcBackoff: false.
2019-08-22 17:39:54,221 [Socket Reader #1 for port 36729] INFO  ipc.Server (Server.java:run(1074)) - Starting Socket Reader #1 for port 36729
2019-08-22 17:39:54,229 [main] INFO  ipc.CallQueueManager (CallQueueManager.java:<init>(84)) - Using callQueue: class java.util.concurrent.LinkedBlockingQueue, queueCapacity: 2000, scheduler: class org.apache.hadoop.ipc.DefaultRpcScheduler, ipcBackoff: false.
2019-08-22 17:39:54,230 [Socket Reader #1 for port 38432] INFO  ipc.Server (Server.java:run(1074)) - Starting Socket Reader #1 for port 38432
2019-08-22 17:39:54,250 [main] INFO  hdfs.DFSUtil (DFSUtil.java:httpServerTemplateForNNAndJN(1641)) - Starting Web-server for scm at: http://0.0.0.0:0
2019-08-22 17:39:54,397 [main] INFO  server.AuthenticationFilter (AuthenticationFilter.java:constructSecretProvider(240)) - Unable to initialize FileSignerSecretProvider, falling back to use random secrets.
2019-08-22 17:39:54,405 [main] WARN  http.HttpRequestLog (HttpRequestLog.java:getRequestLog(97)) - Jetty request log can only be enabled using Log4j
2019-08-22 17:39:54,416 [main] INFO  http.HttpServer2 (HttpServer2.java:addGlobalFilter(975)) - Added global filter 'safety' (class=org.apache.hadoop.http.HttpServer2$QuotingInputFilter)
2019-08-22 17:39:54,420 [main] INFO  http.HttpServer2 (HttpServer2.java:addFilter(948)) - Added filter static_user_filter (class=org.apache.hadoop.http.lib.StaticUserWebFilter$StaticUserFilter) to context scm
2019-08-22 17:39:54,420 [main] INFO  http.HttpServer2 (HttpServer2.java:addFilter(958)) - Added filter static_user_filter (class=org.apache.hadoop.http.lib.StaticUserWebFilter$StaticUserFilter) to context logs
2019-08-22 17:39:54,420 [main] INFO  http.HttpServer2 (HttpServer2.java:addFilter(958)) - Added filter static_user_filter (class=org.apache.hadoop.http.lib.StaticUserWebFilter$StaticUserFilter) to context static
2019-08-22 17:39:54,456 [main] INFO  server.StorageContainerManager (StorageContainerManager.java:start(759)) - StorageContainerLocationProtocol RPC server is listening at /0.0.0.0:38432
2019-08-22 17:39:54,518 [main] WARN  impl.MetricsConfig (MetricsConfig.java:loadFirst(134)) - Cannot locate configuration: tried hadoop-metrics2-storagecontainermanager.properties,hadoop-metrics2.properties
2019-08-22 17:39:54,530 [main] INFO  impl.MetricsSystemImpl (MetricsSystemImpl.java:startTimer(374)) - Scheduled Metric snapshot period at 10 second(s).
2019-08-22 17:39:54,530 [main] INFO  impl.MetricsSystemImpl (MetricsSystemImpl.java:start(191)) - StorageContainerManager metrics system started
2019-08-22 17:39:54,767 [main] INFO  server.SCMClientProtocolServer (SCMClientProtocolServer.java:start(151)) - RPC server for Client  is listening at /0.0.0.0:38432
2019-08-22 17:39:54,768 [IPC Server Responder] INFO  ipc.Server (Server.java:run(1314)) - IPC Server Responder: starting
2019-08-22 17:39:54,768 [IPC Server listener on 38432] INFO  ipc.Server (Server.java:run(1153)) - IPC Server listener on 38432: starting
2019-08-22 17:39:54,771 [main] INFO  server.StorageContainerManager (StorageContainerManager.java:start(769)) - ScmBlockLocationProtocol RPC server is listening at /0.0.0.0:36729
2019-08-22 17:39:54,771 [main] INFO  server.SCMBlockProtocolServer (SCMBlockProtocolServer.java:start(140)) - RPC server for Block Protocol is listening at /0.0.0.0:36729
2019-08-22 17:39:54,771 [IPC Server Responder] INFO  ipc.Server (Server.java:run(1314)) - IPC Server Responder: starting
2019-08-22 17:39:54,772 [IPC Server listener on 36729] INFO  ipc.Server (Server.java:run(1153)) - IPC Server listener on 36729: starting
2019-08-22 17:39:54,773 [main] INFO  server.StorageContainerManager (StorageContainerManager.java:start(773)) - ScmDatanodeProtocl RPC server is listening at /0.0.0.0:37000
2019-08-22 17:39:54,774 [main] INFO  server.SCMDatanodeProtocolServer (SCMDatanodeProtocolServer.java:start(191)) - RPC server for DataNodes is listening at /0.0.0.0:37000
2019-08-22 17:39:54,774 [IPC Server Responder] INFO  ipc.Server (Server.java:run(1314)) - IPC Server Responder: starting
2019-08-22 17:39:54,774 [IPC Server listener on 37000] INFO  ipc.Server (Server.java:run(1153)) - IPC Server listener on 37000: starting
2019-08-22 17:39:54,777 [main] INFO  http.HttpServer2 (HttpServer2.java:bindListener(1191)) - Jetty bound to port 33512
2019-08-22 17:39:54,779 [main] INFO  server.Server (Server.java:doStart(351)) - jetty-9.3.24.v20180605, build timestamp: 2018-06-05T17:11:56Z, git hash: 84205aa28f11a4f31f2a3b86d1bba2cc8ab69827
2019-08-22 17:39:54,819 [main] INFO  handler.ContextHandler (ContextHandler.java:doStart(781)) - Started o.e.j.s.ServletContextHandler@5286c33a{/logs,file:///workdir/hadoop-ozone/integration-test/target/log,AVAILABLE}
2019-08-22 17:39:54,820 [main] INFO  handler.ContextHandler (ContextHandler.java:doStart(781)) - Started o.e.j.s.ServletContextHandler@5c530d1e{/static,file:///workdir/hadoop-ozone/integration-test/target/test-classes/webapps/static,AVAILABLE}
2019-08-22 17:39:54,854 [main] INFO  handler.ContextHandler (ContextHandler.java:doStart(781)) - Started o.e.j.w.WebAppContext@48f5bde6{/,file:///workdir/hadoop-ozone/integration-test/target/test-classes/webapps/scm/,AVAILABLE}{/scm}
2019-08-22 17:39:54,859 [main] INFO  server.AbstractConnector (AbstractConnector.java:doStart(278)) - Started ServerConnector@6d511b5f{HTTP/1.1,[http/1.1]}{0.0.0.0:33512}
2019-08-22 17:39:54,860 [main] INFO  server.Server (Server.java:doStart(419)) - Started @3269ms
2019-08-22 17:39:54,861 [main] INFO  server.BaseHttpServer (BaseHttpServer.java:updateConnectorAddress(213)) - HTTP server of SCM is listening at http://0.0.0.0:33512
2019-08-22 17:39:54,867 [org.apache.hadoop.util.JvmPauseMonitor$Monitor@3b1bb3ab] INFO  util.JvmPauseMonitor (JvmPauseMonitor.java:run(188)) - Starting JVM pause monitor
2019-08-22 17:39:54,869 [main] WARN  server.ServerUtils (ServerUtils.java:getDBPath(222)) - ozone.om.db.dirs is not configured. We recommend adding this setting. Falling back to ozone.metadata.dirs instead.
2019-08-22 17:39:54,967 [main] WARN  server.ServerUtils (ServerUtils.java:getDBPath(222)) - ozone.om.db.dirs is not configured. We recommend adding this setting. Falling back to ozone.metadata.dirs instead.
2019-08-22 17:39:54,967 [main] WARN  server.ServerUtils (ServerUtils.java:getDBPath(222)) - ozone.om.db.dirs is not configured. We recommend adding this setting. Falling back to ozone.metadata.dirs instead.
2019-08-22 17:39:54,968 [main] INFO  om.OzoneManager (OzoneManager.java:setOMNodeDetails(648)) - OM Service ID is not set. Setting it to the default ID: omServiceIdDefault
2019-08-22 17:39:54,969 [main] INFO  om.OzoneManager (OzoneManager.java:setOMNodeDetails(654)) - OM Node ID is not set. Setting it to the OmStorage's OmID: ac5b1c68-44d6-41ec-9f11-92dd25f34595
2019-08-22 17:39:54,970 [main] INFO  om.OzoneManager (OzoneManager.java:loadOMHAConfigs(605)) - Found matching OM address with OMServiceId: null, OMNodeId: null, RPC Address: localhost:0 and Ratis port: 9872
2019-08-22 17:39:55,217 | INFO  | SCMAudit | user=jenkins1000 | ip=192.168.5.173 | op=GET_SCM_INFO null | ret=SUCCESS |  
2019-08-22 17:39:55,664 [main] WARN  server.ServerUtils (ServerUtils.java:getDBPath(222)) - ozone.om.db.dirs is not configured. We recommend adding this setting. Falling back to ozone.metadata.dirs instead.
2019-08-22 17:39:55,671 [main] INFO  db.DBStoreBuilder (DBStoreBuilder.java:addTable(110)) - using custom profile for table: userTable
2019-08-22 17:39:55,671 [main] INFO  db.DBStoreBuilder (DBStoreBuilder.java:processTables(161)) - Using default column profile:DBProfile.DISK for Table:userTable
2019-08-22 17:39:55,671 [main] INFO  db.DBStoreBuilder (DBStoreBuilder.java:addTable(110)) - using custom profile for table: volumeTable
2019-08-22 17:39:55,672 [main] INFO  db.DBStoreBuilder (DBStoreBuilder.java:processTables(161)) - Using default column profile:DBProfile.DISK for Table:volumeTable
2019-08-22 17:39:55,672 [main] INFO  db.DBStoreBuilder (DBStoreBuilder.java:addTable(110)) - using custom profile for table: bucketTable
2019-08-22 17:39:55,672 [main] INFO  db.DBStoreBuilder (DBStoreBuilder.java:processTables(161)) - Using default column profile:DBProfile.DISK for Table:bucketTable
2019-08-22 17:39:55,672 [main] INFO  db.DBStoreBuilder (DBStoreBuilder.java:addTable(110)) - using custom profile for table: keyTable
2019-08-22 17:39:55,673 [main] INFO  db.DBStoreBuilder (DBStoreBuilder.java:processTables(161)) - Using default column profile:DBProfile.DISK for Table:keyTable
2019-08-22 17:39:55,673 [main] INFO  db.DBStoreBuilder (DBStoreBuilder.java:addTable(110)) - using custom profile for table: deletedTable
2019-08-22 17:39:55,673 [main] INFO  db.DBStoreBuilder (DBStoreBuilder.java:processTables(161)) - Using default column profile:DBProfile.DISK for Table:deletedTable
2019-08-22 17:39:55,673 [main] INFO  db.DBStoreBuilder (DBStoreBuilder.java:addTable(110)) - using custom profile for table: openKeyTable
2019-08-22 17:39:55,674 [main] INFO  db.DBStoreBuilder (DBStoreBuilder.java:processTables(161)) - Using default column profile:DBProfile.DISK for Table:openKeyTable
2019-08-22 17:39:55,674 [main] INFO  db.DBStoreBuilder (DBStoreBuilder.java:addTable(110)) - using custom profile for table: s3Table
2019-08-22 17:39:55,674 [main] INFO  db.DBStoreBuilder (DBStoreBuilder.java:processTables(161)) - Using default column profile:DBProfile.DISK for Table:s3Table
2019-08-22 17:39:55,674 [main] INFO  db.DBStoreBuilder (DBStoreBuilder.java:addTable(110)) - using custom profile for table: multipartInfoTable
2019-08-22 17:39:55,674 [main] INFO  db.DBStoreBuilder (DBStoreBuilder.java:processTables(161)) - Using default column profile:DBProfile.DISK for Table:multipartInfoTable
2019-08-22 17:39:55,675 [main] INFO  db.DBStoreBuilder (DBStoreBuilder.java:addTable(110)) - using custom profile for table: dTokenTable
2019-08-22 17:39:55,675 [main] INFO  db.DBStoreBuilder (DBStoreBuilder.java:processTables(161)) - Using default column profile:DBProfile.DISK for Table:dTokenTable
2019-08-22 17:39:55,675 [main] INFO  db.DBStoreBuilder (DBStoreBuilder.java:addTable(110)) - using custom profile for table: s3SecretTable
2019-08-22 17:39:55,675 [main] INFO  db.DBStoreBuilder (DBStoreBuilder.java:processTables(161)) - Using default column profile:DBProfile.DISK for Table:s3SecretTable
2019-08-22 17:39:55,676 [main] INFO  db.DBStoreBuilder (DBStoreBuilder.java:addTable(110)) - using custom profile for table: prefixTable
2019-08-22 17:39:55,676 [main] INFO  db.DBStoreBuilder (DBStoreBuilder.java:processTables(161)) - Using default column profile:DBProfile.DISK for Table:prefixTable
2019-08-22 17:39:55,676 [main] INFO  db.DBStoreBuilder (DBStoreBuilder.java:addTable(110)) - using custom profile for table: default
2019-08-22 17:39:55,676 [main] INFO  db.DBStoreBuilder (DBStoreBuilder.java:processTables(167)) - Using default column profile:DBProfile.DISK for Table:default
2019-08-22 17:39:55,677 [main] INFO  db.DBStoreBuilder (DBStoreBuilder.java:getDbProfile(198)) - Using default options. DBProfile.DISK
2019-08-22 17:39:56,830 [main] INFO  ipc.CallQueueManager (CallQueueManager.java:<init>(84)) - Using callQueue: class java.util.concurrent.LinkedBlockingQueue, queueCapacity: 2000, scheduler: class org.apache.hadoop.ipc.DefaultRpcScheduler, ipcBackoff: false.
2019-08-22 17:39:56,831 [Socket Reader #1 for port 40774] INFO  ipc.Server (Server.java:run(1074)) - Starting Socket Reader #1 for port 40774
2019-08-22 17:39:56,855 [main] INFO  om.OzoneManager (OzoneManager.java:start(1259)) - OzoneManager RPC server is listening at localhost/127.0.0.1:40774
2019-08-22 17:39:56,855 [main] INFO  impl.MetricsSystemImpl (MetricsSystemImpl.java:init(158)) - OzoneManager metrics system started (again)
2019-08-22 17:39:56,856 [IPC Server Responder] INFO  ipc.Server (Server.java:run(1314)) - IPC Server Responder: starting
2019-08-22 17:39:56,856 [IPC Server listener on 40774] INFO  ipc.Server (Server.java:run(1153)) - IPC Server listener on 40774: starting
2019-08-22 17:39:56,862 [main] INFO  hdfs.DFSUtil (DFSUtil.java:httpServerTemplateForNNAndJN(1641)) - Starting Web-server for ozoneManager at: http://0.0.0.0:0
2019-08-22 17:39:56,863 [main] INFO  server.AuthenticationFilter (AuthenticationFilter.java:constructSecretProvider(240)) - Unable to initialize FileSignerSecretProvider, falling back to use random secrets.
2019-08-22 17:39:56,863 [main] WARN  http.HttpRequestLog (HttpRequestLog.java:getRequestLog(97)) - Jetty request log can only be enabled using Log4j
2019-08-22 17:39:56,865 [main] INFO  http.HttpServer2 (HttpServer2.java:addGlobalFilter(975)) - Added global filter 'safety' (class=org.apache.hadoop.http.HttpServer2$QuotingInputFilter)
2019-08-22 17:39:56,866 [main] INFO  http.HttpServer2 (HttpServer2.java:addFilter(948)) - Added filter static_user_filter (class=org.apache.hadoop.http.lib.StaticUserWebFilter$StaticUserFilter) to context ozoneManager
2019-08-22 17:39:56,866 [main] INFO  http.HttpServer2 (HttpServer2.java:addFilter(958)) - Added filter static_user_filter (class=org.apache.hadoop.http.lib.StaticUserWebFilter$StaticUserFilter) to context logs
2019-08-22 17:39:56,866 [main] INFO  http.HttpServer2 (HttpServer2.java:addFilter(958)) - Added filter static_user_filter (class=org.apache.hadoop.http.lib.StaticUserWebFilter$StaticUserFilter) to context static
2019-08-22 17:39:57,038 [main] INFO  http.HttpServer2 (HttpServer2.java:bindListener(1191)) - Jetty bound to port 44710
2019-08-22 17:39:57,039 [main] INFO  server.Server (Server.java:doStart(351)) - jetty-9.3.24.v20180605, build timestamp: 2018-06-05T17:11:56Z, git hash: 84205aa28f11a4f31f2a3b86d1bba2cc8ab69827
2019-08-22 17:39:57,043 [main] INFO  handler.ContextHandler (ContextHandler.java:doStart(781)) - Started o.e.j.s.ServletContextHandler@15fa55a6{/logs,file:///workdir/hadoop-ozone/integration-test/target/log,AVAILABLE}
2019-08-22 17:39:57,044 [main] INFO  handler.ContextHandler (ContextHandler.java:doStart(781)) - Started o.e.j.s.ServletContextHandler@7fab4be7{/static,file:///workdir/hadoop-ozone/integration-test/target/test-classes/webapps/static,AVAILABLE}
2019-08-22 17:39:57,055 [main] INFO  handler.ContextHandler (ContextHandler.java:doStart(781)) - Started o.e.j.w.WebAppContext@432034a{/,file:///workdir/hadoop-ozone/integration-test/target/test-classes/webapps/ozoneManager/,AVAILABLE}{/ozoneManager}
2019-08-22 17:39:57,057 [main] INFO  server.AbstractConnector (AbstractConnector.java:doStart(278)) - Started ServerConnector@78de58ea{HTTP/1.1,[http/1.1]}{0.0.0.0:44710}
2019-08-22 17:39:57,058 [main] INFO  server.Server (Server.java:doStart(419)) - Started @5468ms
2019-08-22 17:39:57,060 [main] INFO  server.BaseHttpServer (BaseHttpServer.java:updateConnectorAddress(213)) - HTTP server of OZONEMANAGER is listening at http://0.0.0.0:44710
2019-08-22 17:39:57,246 [main] INFO  impl.MetricsSystemImpl (MetricsSystemImpl.java:init(158)) - HddsDatanode metrics system started (again)
2019-08-22 17:39:57,339 [main] INFO  ozone.HddsDatanodeService (HddsDatanodeService.java:start(184)) - HddsDatanodeService host:pr-hdds-1808-4dtdn-3774871440 ip:192.168.5.173
2019-08-22 17:39:57,374 [main] INFO  volume.HddsVolume (HddsVolume.java:<init>(176)) - Creating Volume: /workdir/hadoop-ozone/integration-test/target/test-dir/MiniOzoneClusterImpl-c42309d1-0cec-4db9-9c35-8d22088a372f/datanode-0/data/containers/hdds of  storage type : DISK and capacity : 1482555576320
2019-08-22 17:39:57,376 [main] INFO  volume.VolumeSet (VolumeSet.java:initializeVolumeSet(170)) - Added Volume : /workdir/hadoop-ozone/integration-test/target/test-dir/MiniOzoneClusterImpl-c42309d1-0cec-4db9-9c35-8d22088a372f/datanode-0/data/containers/hdds to VolumeSet
2019-08-22 17:39:57,379 [main] INFO  volume.ThrottledAsyncChecker (ThrottledAsyncChecker.java:schedule(140)) - Scheduling a check for org.apache.hadoop.ozone.container.common.volume.HddsVolume@3f49e266
2019-08-22 17:39:57,401 [main] INFO  volume.HddsVolumeChecker (HddsVolumeChecker.java:checkAllVolumes(203)) - Scheduled health check for volume org.apache.hadoop.ozone.container.common.volume.HddsVolume@3f49e266
2019-08-22 17:39:57,546 [main] INFO  impl.RaftServerProxy (ConfUtils.java:logGet(43)) - raft.rpc.type = GRPC (default)
2019-08-22 17:39:57,619 [main] INFO  grpc.GrpcFactory (GrpcFactory.java:checkPooledByteBufAllocatorUseCacheForAllThreads(45)) - PERFORMANCE WARNING: useCacheForAllThreads is true that may cause Netty to create a lot garbage objects and, as a result, trigger GC.
	It is recommended to disable useCacheForAllThreads by setting -Dorg.apache.ratis.thirdparty.io.netty.allocator.useCacheForAllThreads=false in command line.
2019-08-22 17:39:57,624 [main] INFO  grpc.GrpcConfigKeys$Server (ConfUtils.java:logGet(43)) - raft.grpc.server.port = 0 (default)
2019-08-22 17:39:57,625 [main] INFO  server.GrpcService (ConfUtils.java:logGet(43)) - raft.grpc.message.size.max = 33570816 (custom)
2019-08-22 17:39:57,626 [main] INFO  server.RaftServerConfigKeys (ConfUtils.java:logGet(43)) - raft.server.log.appender.buffer.byte-limit = 33554432 (custom)
2019-08-22 17:39:57,627 [main] INFO  server.GrpcService (ConfUtils.java:logGet(43)) - raft.grpc.flow.control.window = 1MB (=1048576) (default)
2019-08-22 17:39:57,628 [main] INFO  server.RaftServerConfigKeys (ConfUtils.java:logGet(43)) - raft.server.rpc.request.timeout = 3000ms (default)
2019-08-22 17:39:57,796 [main] INFO  server.RaftServerConfigKeys (ConfUtils.java:logGet(43)) - raft.server.storage.dir = [/workdir/hadoop-ozone/integration-test/target/test-dir/MiniOzoneClusterImpl-c42309d1-0cec-4db9-9c35-8d22088a372f/datanode-0/data/ratis] (custom)
2019-08-22 17:39:57,835 [main] INFO  replication.SimpleContainerDownloader (SimpleContainerDownloader.java:<init>(72)) - Starting container downloader service to copy containers to replicate.
2019-08-22 17:39:57,850 [main] INFO  hdfs.DFSUtil (DFSUtil.java:httpServerTemplateForNNAndJN(1641)) - Starting Web-server for hddsDatanode at: http://0.0.0.0:0
2019-08-22 17:39:57,853 [main] INFO  server.AuthenticationFilter (AuthenticationFilter.java:constructSecretProvider(240)) - Unable to initialize FileSignerSecretProvider, falling back to use random secrets.
2019-08-22 17:39:57,855 [main] WARN  http.HttpRequestLog (HttpRequestLog.java:getRequestLog(97)) - Jetty request log can only be enabled using Log4j
2019-08-22 17:39:57,858 [main] INFO  http.HttpServer2 (HttpServer2.java:addGlobalFilter(975)) - Added global filter 'safety' (class=org.apache.hadoop.http.HttpServer2$QuotingInputFilter)
2019-08-22 17:39:57,860 [main] INFO  http.HttpServer2 (HttpServer2.java:addFilter(948)) - Added filter static_user_filter (class=org.apache.hadoop.http.lib.StaticUserWebFilter$StaticUserFilter) to context hddsDatanode
2019-08-22 17:39:57,860 [main] INFO  http.HttpServer2 (HttpServer2.java:addFilter(958)) - Added filter static_user_filter (class=org.apache.hadoop.http.lib.StaticUserWebFilter$StaticUserFilter) to context static
2019-08-22 17:39:57,861 [main] INFO  http.HttpServer2 (HttpServer2.java:addFilter(958)) - Added filter static_user_filter (class=org.apache.hadoop.http.lib.StaticUserWebFilter$StaticUserFilter) to context logs
2019-08-22 17:39:57,863 [main] INFO  http.HttpServer2 (HttpServer2.java:bindListener(1191)) - Jetty bound to port 36628
2019-08-22 17:39:57,864 [main] INFO  server.Server (Server.java:doStart(351)) - jetty-9.3.24.v20180605, build timestamp: 2018-06-05T17:11:56Z, git hash: 84205aa28f11a4f31f2a3b86d1bba2cc8ab69827
2019-08-22 17:39:57,867 [main] INFO  handler.ContextHandler (ContextHandler.java:doStart(781)) - Started o.e.j.s.ServletContextHandler@6a1d3225{/logs,file:///workdir/hadoop-ozone/integration-test/target/log,AVAILABLE}
2019-08-22 17:39:57,869 [main] INFO  handler.ContextHandler (ContextHandler.java:doStart(781)) - Started o.e.j.s.ServletContextHandler@50fb33a{/static,jar:file:/home/user/.m2/repository/org/apache/hadoop/hadoop-hdds-container-service/0.5.0-SNAPSHOT/hadoop-hdds-container-service-0.5.0-SNAPSHOT.jar!/webapps/static,AVAILABLE}
2019-08-22 17:39:57,919 [main] INFO  handler.ContextHandler (ContextHandler.java:doStart(781)) - Started o.e.j.w.WebAppContext@4c58255{/,file:///tmp/jetty-0.0.0.0-36628-hddsDatanode-_-any-9199706574528710167.dir/webapp/,AVAILABLE}{/hddsDatanode}
2019-08-22 17:39:57,920 [main] INFO  server.AbstractConnector (AbstractConnector.java:doStart(278)) - Started ServerConnector@eac3a26{HTTP/1.1,[http/1.1]}{0.0.0.0:36628}
2019-08-22 17:39:57,921 [main] INFO  server.Server (Server.java:doStart(419)) - Started @6330ms
2019-08-22 17:39:57,923 [main] INFO  server.BaseHttpServer (BaseHttpServer.java:updateConnectorAddress(213)) - HTTP server of HDDSDATANODE is listening at http://0.0.0.0:36628
2019-08-22 17:39:59,084 | INFO  | ObjectStoreRestHttpServer | Listening HDDS REST traffic on /0.0.0.0:32953 |  
2019-08-22 17:39:59,086 [main] INFO  ozone.HddsDatanodeService (HddsDatanodeService.java:startPlugins(395)) - Started plug-in org.apache.hadoop.ozone.web.OzoneHddsDatanodeService@6637a365
2019-08-22 17:39:59,087 [main] INFO  impl.MetricsSystemImpl (MetricsSystemImpl.java:init(158)) - HddsDatanode metrics system started (again)
2019-08-22 17:39:59,090 [main] INFO  ozone.HddsDatanodeService (HddsDatanodeService.java:start(184)) - HddsDatanodeService host:pr-hdds-1808-4dtdn-3774871440 ip:192.168.5.173
2019-08-22 17:39:59,094 [org.apache.hadoop.util.JvmPauseMonitor$Monitor@2bbac04c] INFO  util.JvmPauseMonitor (JvmPauseMonitor.java:run(188)) - Starting JVM pause monitor
2019-08-22 17:39:59,098 [main] INFO  volume.HddsVolume (HddsVolume.java:<init>(176)) - Creating Volume: /workdir/hadoop-ozone/integration-test/target/test-dir/MiniOzoneClusterImpl-c42309d1-0cec-4db9-9c35-8d22088a372f/datanode-1/data/containers/hdds of  storage type : DISK and capacity : 1482555576320
2019-08-22 17:39:59,099 [main] INFO  volume.VolumeSet (VolumeSet.java:initializeVolumeSet(170)) - Added Volume : /workdir/hadoop-ozone/integration-test/target/test-dir/MiniOzoneClusterImpl-c42309d1-0cec-4db9-9c35-8d22088a372f/datanode-1/data/containers/hdds to VolumeSet
2019-08-22 17:39:59,099 [main] INFO  volume.ThrottledAsyncChecker (ThrottledAsyncChecker.java:schedule(140)) - Scheduling a check for org.apache.hadoop.ozone.container.common.volume.HddsVolume@40717ed
2019-08-22 17:39:59,101 [main] INFO  volume.HddsVolumeChecker (HddsVolumeChecker.java:checkAllVolumes(203)) - Scheduled health check for volume org.apache.hadoop.ozone.container.common.volume.HddsVolume@40717ed
2019-08-22 17:39:59,115 [main] INFO  impl.RaftServerProxy (ConfUtils.java:logGet(43)) - raft.rpc.type = GRPC (default)
2019-08-22 17:39:59,116 [main] INFO  grpc.GrpcFactory (GrpcFactory.java:checkPooledByteBufAllocatorUseCacheForAllThreads(45)) - PERFORMANCE WARNING: useCacheForAllThreads is true that may cause Netty to create a lot garbage objects and, as a result, trigger GC.
	It is recommended to disable useCacheForAllThreads by setting -Dorg.apache.ratis.thirdparty.io.netty.allocator.useCacheForAllThreads=false in command line.
2019-08-22 17:39:59,116 [main] INFO  grpc.GrpcConfigKeys$Server (ConfUtils.java:logGet(43)) - raft.grpc.server.port = 0 (default)
2019-08-22 17:39:59,116 [main] INFO  server.GrpcService (ConfUtils.java:logGet(43)) - raft.grpc.message.size.max = 33570816 (custom)
2019-08-22 17:39:59,116 [main] INFO  server.RaftServerConfigKeys (ConfUtils.java:logGet(43)) - raft.server.log.appender.buffer.byte-limit = 33554432 (custom)
2019-08-22 17:39:59,117 [main] INFO  server.GrpcService (ConfUtils.java:logGet(43)) - raft.grpc.flow.control.window = 1MB (=1048576) (default)
2019-08-22 17:39:59,117 [main] INFO  server.RaftServerConfigKeys (ConfUtils.java:logGet(43)) - raft.server.rpc.request.timeout = 3000ms (default)
2019-08-22 17:39:59,117 [main] INFO  server.RaftServerConfigKeys (ConfUtils.java:logGet(43)) - raft.server.storage.dir = [/workdir/hadoop-ozone/integration-test/target/test-dir/MiniOzoneClusterImpl-c42309d1-0cec-4db9-9c35-8d22088a372f/datanode-1/data/ratis] (custom)
2019-08-22 17:39:59,118 [main] INFO  replication.SimpleContainerDownloader (SimpleContainerDownloader.java:<init>(72)) - Starting container downloader service to copy containers to replicate.
2019-08-22 17:39:59,119 [main] INFO  hdfs.DFSUtil (DFSUtil.java:httpServerTemplateForNNAndJN(1641)) - Starting Web-server for hddsDatanode at: http://0.0.0.0:0
2019-08-22 17:39:59,122 [main] INFO  server.AuthenticationFilter (AuthenticationFilter.java:constructSecretProvider(240)) - Unable to initialize FileSignerSecretProvider, falling back to use random secrets.
2019-08-22 17:39:59,123 [main] WARN  http.HttpRequestLog (HttpRequestLog.java:getRequestLog(97)) - Jetty request log can only be enabled using Log4j
2019-08-22 17:39:59,126 [main] INFO  http.HttpServer2 (HttpServer2.java:addGlobalFilter(975)) - Added global filter 'safety' (class=org.apache.hadoop.http.HttpServer2$QuotingInputFilter)
2019-08-22 17:39:59,127 [main] INFO  http.HttpServer2 (HttpServer2.java:addFilter(948)) - Added filter static_user_filter (class=org.apache.hadoop.http.lib.StaticUserWebFilter$StaticUserFilter) to context hddsDatanode
2019-08-22 17:39:59,127 [main] INFO  http.HttpServer2 (HttpServer2.java:addFilter(958)) - Added filter static_user_filter (class=org.apache.hadoop.http.lib.StaticUserWebFilter$StaticUserFilter) to context logs
2019-08-22 17:39:59,128 [main] INFO  http.HttpServer2 (HttpServer2.java:addFilter(958)) - Added filter static_user_filter (class=org.apache.hadoop.http.lib.StaticUserWebFilter$StaticUserFilter) to context static
2019-08-22 17:39:59,129 [main] INFO  http.HttpServer2 (HttpServer2.java:bindListener(1191)) - Jetty bound to port 33763
2019-08-22 17:39:59,129 [main] INFO  server.Server (Server.java:doStart(351)) - jetty-9.3.24.v20180605, build timestamp: 2018-06-05T17:11:56Z, git hash: 84205aa28f11a4f31f2a3b86d1bba2cc8ab69827
2019-08-22 17:39:59,133 [main] INFO  handler.ContextHandler (ContextHandler.java:doStart(781)) - Started o.e.j.s.ServletContextHandler@44aa2e13{/logs,file:///workdir/hadoop-ozone/integration-test/target/log,AVAILABLE}
2019-08-22 17:39:59,134 [main] INFO  handler.ContextHandler (ContextHandler.java:doStart(781)) - Started o.e.j.s.ServletContextHandler@3a1b36a1{/static,jar:file:/home/user/.m2/repository/org/apache/hadoop/hadoop-hdds-container-service/0.5.0-SNAPSHOT/hadoop-hdds-container-service-0.5.0-SNAPSHOT.jar!/webapps/static,AVAILABLE}
2019-08-22 17:39:59,175 [main] INFO  handler.ContextHandler (ContextHandler.java:doStart(781)) - Started o.e.j.w.WebAppContext@6b8d54da{/,file:///tmp/jetty-0.0.0.0-33763-hddsDatanode-_-any-3413287921147028175.dir/webapp/,AVAILABLE}{/hddsDatanode}
2019-08-22 17:39:59,176 [main] INFO  server.AbstractConnector (AbstractConnector.java:doStart(278)) - Started ServerConnector@79957f11{HTTP/1.1,[http/1.1]}{0.0.0.0:33763}
2019-08-22 17:39:59,177 [main] INFO  server.Server (Server.java:doStart(419)) - Started @7587ms
2019-08-22 17:39:59,178 [main] INFO  server.BaseHttpServer (BaseHttpServer.java:updateConnectorAddress(213)) - HTTP server of HDDSDATANODE is listening at http://0.0.0.0:33763
2019-08-22 17:39:59,226 [Datanode State Machine Thread - 0] INFO  datanode.InitDatanodeState (InitDatanodeState.java:persistContainerDatanodeDetails(140)) - DatanodeDetails is persisted to /workdir/hadoop-ozone/integration-test/target/test-dir/MiniOzoneClusterImpl-c42309d1-0cec-4db9-9c35-8d22088a372f/datanode-0/meta/datanode.id
2019-08-22 17:39:59,344 | INFO  | ObjectStoreRestHttpServer | Listening HDDS REST traffic on /0.0.0.0:39495 |  
2019-08-22 17:39:59,344 [main] INFO  ozone.HddsDatanodeService (HddsDatanodeService.java:startPlugins(395)) - Started plug-in org.apache.hadoop.ozone.web.OzoneHddsDatanodeService@46a123e4
2019-08-22 17:39:59,344 [main] INFO  impl.MetricsSystemImpl (MetricsSystemImpl.java:init(158)) - HddsDatanode metrics system started (again)
2019-08-22 17:39:59,348 [main] INFO  ozone.HddsDatanodeService (HddsDatanodeService.java:start(184)) - HddsDatanodeService host:pr-hdds-1808-4dtdn-3774871440 ip:192.168.5.173
2019-08-22 17:39:59,348 [org.apache.hadoop.util.JvmPauseMonitor$Monitor@657a5dec] INFO  util.JvmPauseMonitor (JvmPauseMonitor.java:run(188)) - Starting JVM pause monitor
2019-08-22 17:39:59,357 [main] INFO  volume.HddsVolume (HddsVolume.java:<init>(176)) - Creating Volume: /workdir/hadoop-ozone/integration-test/target/test-dir/MiniOzoneClusterImpl-c42309d1-0cec-4db9-9c35-8d22088a372f/datanode-2/data/containers/hdds of  storage type : DISK and capacity : 1482555576320
2019-08-22 17:39:59,357 [main] INFO  volume.VolumeSet (VolumeSet.java:initializeVolumeSet(170)) - Added Volume : /workdir/hadoop-ozone/integration-test/target/test-dir/MiniOzoneClusterImpl-c42309d1-0cec-4db9-9c35-8d22088a372f/datanode-2/data/containers/hdds to VolumeSet
2019-08-22 17:39:59,358 [main] INFO  volume.ThrottledAsyncChecker (ThrottledAsyncChecker.java:schedule(140)) - Scheduling a check for org.apache.hadoop.ozone.container.common.volume.HddsVolume@53a50b0a
2019-08-22 17:39:59,358 [main] INFO  volume.HddsVolumeChecker (HddsVolumeChecker.java:checkAllVolumes(203)) - Scheduled health check for volume org.apache.hadoop.ozone.container.common.volume.HddsVolume@53a50b0a
2019-08-22 17:39:59,358 [Datanode State Machine Thread - 0] INFO  datanode.InitDatanodeState (InitDatanodeState.java:persistContainerDatanodeDetails(140)) - DatanodeDetails is persisted to /workdir/hadoop-ozone/integration-test/target/test-dir/MiniOzoneClusterImpl-c42309d1-0cec-4db9-9c35-8d22088a372f/datanode-1/meta/datanode.id
2019-08-22 17:39:59,376 [main] INFO  impl.RaftServerProxy (ConfUtils.java:logGet(43)) - raft.rpc.type = GRPC (default)
2019-08-22 17:39:59,377 [main] INFO  grpc.GrpcFactory (GrpcFactory.java:checkPooledByteBufAllocatorUseCacheForAllThreads(45)) - PERFORMANCE WARNING: useCacheForAllThreads is true that may cause Netty to create a lot garbage objects and, as a result, trigger GC.
	It is recommended to disable useCacheForAllThreads by setting -Dorg.apache.ratis.thirdparty.io.netty.allocator.useCacheForAllThreads=false in command line.
2019-08-22 17:39:59,377 [main] INFO  grpc.GrpcConfigKeys$Server (ConfUtils.java:logGet(43)) - raft.grpc.server.port = 0 (default)
2019-08-22 17:39:59,377 [main] INFO  server.GrpcService (ConfUtils.java:logGet(43)) - raft.grpc.message.size.max = 33570816 (custom)
2019-08-22 17:39:59,377 [main] INFO  server.RaftServerConfigKeys (ConfUtils.java:logGet(43)) - raft.server.log.appender.buffer.byte-limit = 33554432 (custom)
2019-08-22 17:39:59,378 [main] INFO  server.GrpcService (ConfUtils.java:logGet(43)) - raft.grpc.flow.control.window = 1MB (=1048576) (default)
2019-08-22 17:39:59,378 [main] INFO  server.RaftServerConfigKeys (ConfUtils.java:logGet(43)) - raft.server.rpc.request.timeout = 3000ms (default)
2019-08-22 17:39:59,378 [main] INFO  server.RaftServerConfigKeys (ConfUtils.java:logGet(43)) - raft.server.storage.dir = [/workdir/hadoop-ozone/integration-test/target/test-dir/MiniOzoneClusterImpl-c42309d1-0cec-4db9-9c35-8d22088a372f/datanode-2/data/ratis] (custom)
2019-08-22 17:39:59,379 [main] INFO  replication.SimpleContainerDownloader (SimpleContainerDownloader.java:<init>(72)) - Starting container downloader service to copy containers to replicate.
2019-08-22 17:39:59,381 [main] INFO  hdfs.DFSUtil (DFSUtil.java:httpServerTemplateForNNAndJN(1641)) - Starting Web-server for hddsDatanode at: http://0.0.0.0:0
2019-08-22 17:39:59,382 [main] INFO  server.AuthenticationFilter (AuthenticationFilter.java:constructSecretProvider(240)) - Unable to initialize FileSignerSecretProvider, falling back to use random secrets.
2019-08-22 17:39:59,382 [main] WARN  http.HttpRequestLog (HttpRequestLog.java:getRequestLog(97)) - Jetty request log can only be enabled using Log4j
2019-08-22 17:39:59,384 [main] INFO  http.HttpServer2 (HttpServer2.java:addGlobalFilter(975)) - Added global filter 'safety' (class=org.apache.hadoop.http.HttpServer2$QuotingInputFilter)
2019-08-22 17:39:59,385 [main] INFO  http.HttpServer2 (HttpServer2.java:addFilter(948)) - Added filter static_user_filter (class=org.apache.hadoop.http.lib.StaticUserWebFilter$StaticUserFilter) to context hddsDatanode
2019-08-22 17:39:59,385 [main] INFO  http.HttpServer2 (HttpServer2.java:addFilter(958)) - Added filter static_user_filter (class=org.apache.hadoop.http.lib.StaticUserWebFilter$StaticUserFilter) to context static
2019-08-22 17:39:59,385 [main] INFO  http.HttpServer2 (HttpServer2.java:addFilter(958)) - Added filter static_user_filter (class=org.apache.hadoop.http.lib.StaticUserWebFilter$StaticUserFilter) to context logs
2019-08-22 17:39:59,386 [main] INFO  http.HttpServer2 (HttpServer2.java:bindListener(1191)) - Jetty bound to port 36931
2019-08-22 17:39:59,386 [main] INFO  server.Server (Server.java:doStart(351)) - jetty-9.3.24.v20180605, build timestamp: 2018-06-05T17:11:56Z, git hash: 84205aa28f11a4f31f2a3b86d1bba2cc8ab69827
2019-08-22 17:39:59,388 [main] INFO  handler.ContextHandler (ContextHandler.java:doStart(781)) - Started o.e.j.s.ServletContextHandler@41def031{/logs,file:///workdir/hadoop-ozone/integration-test/target/log,AVAILABLE}
2019-08-22 17:39:59,388 [main] INFO  handler.ContextHandler (ContextHandler.java:doStart(781)) - Started o.e.j.s.ServletContextHandler@39832280{/static,jar:file:/home/user/.m2/repository/org/apache/hadoop/hadoop-hdds-container-service/0.5.0-SNAPSHOT/hadoop-hdds-container-service-0.5.0-SNAPSHOT.jar!/webapps/static,AVAILABLE}
2019-08-22 17:39:59,417 [main] INFO  handler.ContextHandler (ContextHandler.java:doStart(781)) - Started o.e.j.w.WebAppContext@8c0a23f{/,file:///tmp/jetty-0.0.0.0-36931-hddsDatanode-_-any-23927801063305805.dir/webapp/,AVAILABLE}{/hddsDatanode}
2019-08-22 17:39:59,417 [main] INFO  server.AbstractConnector (AbstractConnector.java:doStart(278)) - Started ServerConnector@44d7e24{HTTP/1.1,[http/1.1]}{0.0.0.0:36931}
2019-08-22 17:39:59,418 [main] INFO  server.Server (Server.java:doStart(419)) - Started @7828ms
2019-08-22 17:39:59,419 [main] INFO  server.BaseHttpServer (BaseHttpServer.java:updateConnectorAddress(213)) - HTTP server of HDDSDATANODE is listening at http://0.0.0.0:36931
2019-08-22 17:39:59,568 | INFO  | ObjectStoreRestHttpServer | Listening HDDS REST traffic on /0.0.0.0:35587 |  
2019-08-22 17:39:59,568 [main] INFO  ozone.HddsDatanodeService (HddsDatanodeService.java:startPlugins(395)) - Started plug-in org.apache.hadoop.ozone.web.OzoneHddsDatanodeService@50bc3219
2019-08-22 17:39:59,569 [main] INFO  impl.MetricsSystemImpl (MetricsSystemImpl.java:init(158)) - HddsDatanode metrics system started (again)
2019-08-22 17:39:59,572 [main] INFO  ozone.HddsDatanodeService (HddsDatanodeService.java:start(184)) - HddsDatanodeService host:pr-hdds-1808-4dtdn-3774871440 ip:192.168.5.173
2019-08-22 17:39:59,572 [org.apache.hadoop.util.JvmPauseMonitor$Monitor@128fbeaa] INFO  util.JvmPauseMonitor (JvmPauseMonitor.java:run(188)) - Starting JVM pause monitor
2019-08-22 17:39:59,575 [Datanode State Machine Thread - 0] INFO  datanode.InitDatanodeState (InitDatanodeState.java:persistContainerDatanodeDetails(140)) - DatanodeDetails is persisted to /workdir/hadoop-ozone/integration-test/target/test-dir/MiniOzoneClusterImpl-c42309d1-0cec-4db9-9c35-8d22088a372f/datanode-2/meta/datanode.id
2019-08-22 17:39:59,581 [main] INFO  volume.HddsVolume (HddsVolume.java:<init>(176)) - Creating Volume: /workdir/hadoop-ozone/integration-test/target/test-dir/MiniOzoneClusterImpl-c42309d1-0cec-4db9-9c35-8d22088a372f/datanode-3/data/containers/hdds of  storage type : DISK and capacity : 1482555576320
2019-08-22 17:39:59,581 [main] INFO  volume.VolumeSet (VolumeSet.java:initializeVolumeSet(170)) - Added Volume : /workdir/hadoop-ozone/integration-test/target/test-dir/MiniOzoneClusterImpl-c42309d1-0cec-4db9-9c35-8d22088a372f/datanode-3/data/containers/hdds to VolumeSet
2019-08-22 17:39:59,582 [main] INFO  volume.ThrottledAsyncChecker (ThrottledAsyncChecker.java:schedule(140)) - Scheduling a check for org.apache.hadoop.ozone.container.common.volume.HddsVolume@1a914089
2019-08-22 17:39:59,582 [main] INFO  volume.HddsVolumeChecker (HddsVolumeChecker.java:checkAllVolumes(203)) - Scheduled health check for volume org.apache.hadoop.ozone.container.common.volume.HddsVolume@1a914089
2019-08-22 17:39:59,598 [main] INFO  impl.RaftServerProxy (ConfUtils.java:logGet(43)) - raft.rpc.type = GRPC (default)
2019-08-22 17:39:59,598 [main] INFO  grpc.GrpcFactory (GrpcFactory.java:checkPooledByteBufAllocatorUseCacheForAllThreads(45)) - PERFORMANCE WARNING: useCacheForAllThreads is true that may cause Netty to create a lot garbage objects and, as a result, trigger GC.
	It is recommended to disable useCacheForAllThreads by setting -Dorg.apache.ratis.thirdparty.io.netty.allocator.useCacheForAllThreads=false in command line.
2019-08-22 17:39:59,599 [main] INFO  grpc.GrpcConfigKeys$Server (ConfUtils.java:logGet(43)) - raft.grpc.server.port = 0 (default)
2019-08-22 17:39:59,599 [main] INFO  server.GrpcService (ConfUtils.java:logGet(43)) - raft.grpc.message.size.max = 33570816 (custom)
2019-08-22 17:39:59,599 [main] INFO  server.RaftServerConfigKeys (ConfUtils.java:logGet(43)) - raft.server.log.appender.buffer.byte-limit = 33554432 (custom)
2019-08-22 17:39:59,599 [main] INFO  server.GrpcService (ConfUtils.java:logGet(43)) - raft.grpc.flow.control.window = 1MB (=1048576) (default)
2019-08-22 17:39:59,599 [main] INFO  server.RaftServerConfigKeys (ConfUtils.java:logGet(43)) - raft.server.rpc.request.timeout = 3000ms (default)
2019-08-22 17:39:59,600 [main] INFO  server.RaftServerConfigKeys (ConfUtils.java:logGet(43)) - raft.server.storage.dir = [/workdir/hadoop-ozone/integration-test/target/test-dir/MiniOzoneClusterImpl-c42309d1-0cec-4db9-9c35-8d22088a372f/datanode-3/data/ratis] (custom)
2019-08-22 17:39:59,601 [main] INFO  replication.SimpleContainerDownloader (SimpleContainerDownloader.java:<init>(72)) - Starting container downloader service to copy containers to replicate.
2019-08-22 17:39:59,602 [main] INFO  hdfs.DFSUtil (DFSUtil.java:httpServerTemplateForNNAndJN(1641)) - Starting Web-server for hddsDatanode at: http://0.0.0.0:0
2019-08-22 17:39:59,603 [main] INFO  server.AuthenticationFilter (AuthenticationFilter.java:constructSecretProvider(240)) - Unable to initialize FileSignerSecretProvider, falling back to use random secrets.
2019-08-22 17:39:59,604 [main] WARN  http.HttpRequestLog (HttpRequestLog.java:getRequestLog(97)) - Jetty request log can only be enabled using Log4j
2019-08-22 17:39:59,605 [main] INFO  http.HttpServer2 (HttpServer2.java:addGlobalFilter(975)) - Added global filter 'safety' (class=org.apache.hadoop.http.HttpServer2$QuotingInputFilter)
2019-08-22 17:39:59,606 [main] INFO  http.HttpServer2 (HttpServer2.java:addFilter(948)) - Added filter static_user_filter (class=org.apache.hadoop.http.lib.StaticUserWebFilter$StaticUserFilter) to context hddsDatanode
2019-08-22 17:39:59,606 [main] INFO  http.HttpServer2 (HttpServer2.java:addFilter(958)) - Added filter static_user_filter (class=org.apache.hadoop.http.lib.StaticUserWebFilter$StaticUserFilter) to context static
2019-08-22 17:39:59,606 [main] INFO  http.HttpServer2 (HttpServer2.java:addFilter(958)) - Added filter static_user_filter (class=org.apache.hadoop.http.lib.StaticUserWebFilter$StaticUserFilter) to context logs
2019-08-22 17:39:59,607 [main] INFO  http.HttpServer2 (HttpServer2.java:bindListener(1191)) - Jetty bound to port 37872
2019-08-22 17:39:59,607 [main] INFO  server.Server (Server.java:doStart(351)) - jetty-9.3.24.v20180605, build timestamp: 2018-06-05T17:11:56Z, git hash: 84205aa28f11a4f31f2a3b86d1bba2cc8ab69827
2019-08-22 17:39:59,611 [main] INFO  handler.ContextHandler (ContextHandler.java:doStart(781)) - Started o.e.j.s.ServletContextHandler@7da1e005{/logs,file:///workdir/hadoop-ozone/integration-test/target/log,AVAILABLE}
2019-08-22 17:39:59,611 [main] INFO  handler.ContextHandler (ContextHandler.java:doStart(781)) - Started o.e.j.s.ServletContextHandler@55877274{/static,jar:file:/home/user/.m2/repository/org/apache/hadoop/hadoop-hdds-container-service/0.5.0-SNAPSHOT/hadoop-hdds-container-service-0.5.0-SNAPSHOT.jar!/webapps/static,AVAILABLE}
2019-08-22 17:39:59,640 [main] INFO  handler.ContextHandler (ContextHandler.java:doStart(781)) - Started o.e.j.w.WebAppContext@6c835217{/,file:///tmp/jetty-0.0.0.0-37872-hddsDatanode-_-any-7352149224544365823.dir/webapp/,AVAILABLE}{/hddsDatanode}
2019-08-22 17:39:59,641 [main] INFO  server.AbstractConnector (AbstractConnector.java:doStart(278)) - Started ServerConnector@4584304{HTTP/1.1,[http/1.1]}{0.0.0.0:37872}
2019-08-22 17:39:59,641 [main] INFO  server.Server (Server.java:doStart(419)) - Started @8051ms
2019-08-22 17:39:59,642 [main] INFO  server.BaseHttpServer (BaseHttpServer.java:updateConnectorAddress(213)) - HTTP server of HDDSDATANODE is listening at http://0.0.0.0:37872
2019-08-22 17:39:59,791 | INFO  | ObjectStoreRestHttpServer | Listening HDDS REST traffic on /0.0.0.0:35419 |  
2019-08-22 17:39:59,792 [main] INFO  ozone.HddsDatanodeService (HddsDatanodeService.java:startPlugins(395)) - Started plug-in org.apache.hadoop.ozone.web.OzoneHddsDatanodeService@458031da
2019-08-22 17:39:59,792 [main] INFO  impl.MetricsSystemImpl (MetricsSystemImpl.java:init(158)) - HddsDatanode metrics system started (again)
2019-08-22 17:39:59,796 [org.apache.hadoop.util.JvmPauseMonitor$Monitor@272cfda] INFO  util.JvmPauseMonitor (JvmPauseMonitor.java:run(188)) - Starting JVM pause monitor
2019-08-22 17:39:59,796 [main] INFO  ozone.HddsDatanodeService (HddsDatanodeService.java:start(184)) - HddsDatanodeService host:pr-hdds-1808-4dtdn-3774871440 ip:192.168.5.173
2019-08-22 17:39:59,799 [Datanode State Machine Thread - 0] INFO  datanode.InitDatanodeState (InitDatanodeState.java:persistContainerDatanodeDetails(140)) - DatanodeDetails is persisted to /workdir/hadoop-ozone/integration-test/target/test-dir/MiniOzoneClusterImpl-c42309d1-0cec-4db9-9c35-8d22088a372f/datanode-3/meta/datanode.id
2019-08-22 17:39:59,805 [main] INFO  volume.HddsVolume (HddsVolume.java:<init>(176)) - Creating Volume: /workdir/hadoop-ozone/integration-test/target/test-dir/MiniOzoneClusterImpl-c42309d1-0cec-4db9-9c35-8d22088a372f/datanode-4/data/containers/hdds of  storage type : DISK and capacity : 1482555576320
2019-08-22 17:39:59,805 [main] INFO  volume.VolumeSet (VolumeSet.java:initializeVolumeSet(170)) - Added Volume : /workdir/hadoop-ozone/integration-test/target/test-dir/MiniOzoneClusterImpl-c42309d1-0cec-4db9-9c35-8d22088a372f/datanode-4/data/containers/hdds to VolumeSet
2019-08-22 17:39:59,806 [main] INFO  volume.ThrottledAsyncChecker (ThrottledAsyncChecker.java:schedule(140)) - Scheduling a check for org.apache.hadoop.ozone.container.common.volume.HddsVolume@9408857
2019-08-22 17:39:59,806 [main] INFO  volume.HddsVolumeChecker (HddsVolumeChecker.java:checkAllVolumes(203)) - Scheduled health check for volume org.apache.hadoop.ozone.container.common.volume.HddsVolume@9408857
2019-08-22 17:39:59,821 [main] INFO  impl.RaftServerProxy (ConfUtils.java:logGet(43)) - raft.rpc.type = GRPC (default)
2019-08-22 17:39:59,822 [main] INFO  grpc.GrpcFactory (GrpcFactory.java:checkPooledByteBufAllocatorUseCacheForAllThreads(45)) - PERFORMANCE WARNING: useCacheForAllThreads is true that may cause Netty to create a lot garbage objects and, as a result, trigger GC.
	It is recommended to disable useCacheForAllThreads by setting -Dorg.apache.ratis.thirdparty.io.netty.allocator.useCacheForAllThreads=false in command line.
2019-08-22 17:39:59,822 [main] INFO  grpc.GrpcConfigKeys$Server (ConfUtils.java:logGet(43)) - raft.grpc.server.port = 0 (default)
2019-08-22 17:39:59,822 [main] INFO  server.GrpcService (ConfUtils.java:logGet(43)) - raft.grpc.message.size.max = 33570816 (custom)
2019-08-22 17:39:59,822 [main] INFO  server.RaftServerConfigKeys (ConfUtils.java:logGet(43)) - raft.server.log.appender.buffer.byte-limit = 33554432 (custom)
2019-08-22 17:39:59,823 [main] INFO  server.GrpcService (ConfUtils.java:logGet(43)) - raft.grpc.flow.control.window = 1MB (=1048576) (default)
2019-08-22 17:39:59,823 [main] INFO  server.RaftServerConfigKeys (ConfUtils.java:logGet(43)) - raft.server.rpc.request.timeout = 3000ms (default)
2019-08-22 17:39:59,824 [main] INFO  server.RaftServerConfigKeys (ConfUtils.java:logGet(43)) - raft.server.storage.dir = [/workdir/hadoop-ozone/integration-test/target/test-dir/MiniOzoneClusterImpl-c42309d1-0cec-4db9-9c35-8d22088a372f/datanode-4/data/ratis] (custom)
2019-08-22 17:39:59,824 [main] INFO  replication.SimpleContainerDownloader (SimpleContainerDownloader.java:<init>(72)) - Starting container downloader service to copy containers to replicate.
2019-08-22 17:39:59,825 [main] INFO  hdfs.DFSUtil (DFSUtil.java:httpServerTemplateForNNAndJN(1641)) - Starting Web-server for hddsDatanode at: http://0.0.0.0:0
2019-08-22 17:39:59,826 [main] INFO  server.AuthenticationFilter (AuthenticationFilter.java:constructSecretProvider(240)) - Unable to initialize FileSignerSecretProvider, falling back to use random secrets.
2019-08-22 17:39:59,827 [main] WARN  http.HttpRequestLog (HttpRequestLog.java:getRequestLog(97)) - Jetty request log can only be enabled using Log4j
2019-08-22 17:39:59,828 [main] INFO  http.HttpServer2 (HttpServer2.java:addGlobalFilter(975)) - Added global filter 'safety' (class=org.apache.hadoop.http.HttpServer2$QuotingInputFilter)
2019-08-22 17:39:59,829 [main] INFO  http.HttpServer2 (HttpServer2.java:addFilter(948)) - Added filter static_user_filter (class=org.apache.hadoop.http.lib.StaticUserWebFilter$StaticUserFilter) to context hddsDatanode
2019-08-22 17:39:59,829 [main] INFO  http.HttpServer2 (HttpServer2.java:addFilter(958)) - Added filter static_user_filter (class=org.apache.hadoop.http.lib.StaticUserWebFilter$StaticUserFilter) to context static
2019-08-22 17:39:59,829 [main] INFO  http.HttpServer2 (HttpServer2.java:addFilter(958)) - Added filter static_user_filter (class=org.apache.hadoop.http.lib.StaticUserWebFilter$StaticUserFilter) to context logs
2019-08-22 17:39:59,830 [main] INFO  http.HttpServer2 (HttpServer2.java:bindListener(1191)) - Jetty bound to port 39835
2019-08-22 17:39:59,830 [main] INFO  server.Server (Server.java:doStart(351)) - jetty-9.3.24.v20180605, build timestamp: 2018-06-05T17:11:56Z, git hash: 84205aa28f11a4f31f2a3b86d1bba2cc8ab69827
2019-08-22 17:39:59,832 [main] INFO  handler.ContextHandler (ContextHandler.java:doStart(781)) - Started o.e.j.s.ServletContextHandler@77324a58{/logs,file:///workdir/hadoop-ozone/integration-test/target/log,AVAILABLE}
2019-08-22 17:39:59,833 [main] INFO  handler.ContextHandler (ContextHandler.java:doStart(781)) - Started o.e.j.s.ServletContextHandler@307cf964{/static,jar:file:/home/user/.m2/repository/org/apache/hadoop/hadoop-hdds-container-service/0.5.0-SNAPSHOT/hadoop-hdds-container-service-0.5.0-SNAPSHOT.jar!/webapps/static,AVAILABLE}
2019-08-22 17:39:59,892 [main] INFO  handler.ContextHandler (ContextHandler.java:doStart(781)) - Started o.e.j.w.WebAppContext@123307c4{/,file:///tmp/jetty-0.0.0.0-39835-hddsDatanode-_-any-7091455456546990070.dir/webapp/,AVAILABLE}{/hddsDatanode}
2019-08-22 17:39:59,893 [main] INFO  server.AbstractConnector (AbstractConnector.java:doStart(278)) - Started ServerConnector@1693ff90{HTTP/1.1,[http/1.1]}{0.0.0.0:39835}
2019-08-22 17:39:59,895 [main] INFO  server.Server (Server.java:doStart(419)) - Started @8304ms
2019-08-22 17:39:59,896 [main] INFO  server.BaseHttpServer (BaseHttpServer.java:updateConnectorAddress(213)) - HTTP server of HDDSDATANODE is listening at http://0.0.0.0:39835
2019-08-22 17:40:00,087 | INFO  | ObjectStoreRestHttpServer | Listening HDDS REST traffic on /0.0.0.0:37355 |  
2019-08-22 17:40:00,087 [main] INFO  ozone.HddsDatanodeService (HddsDatanodeService.java:startPlugins(395)) - Started plug-in org.apache.hadoop.ozone.web.OzoneHddsDatanodeService@46612bfc
2019-08-22 17:40:00,087 [main] INFO  impl.MetricsSystemImpl (MetricsSystemImpl.java:init(158)) - HddsDatanode metrics system started (again)
2019-08-22 17:40:00,092 [org.apache.hadoop.util.JvmPauseMonitor$Monitor@fe701bb] INFO  util.JvmPauseMonitor (JvmPauseMonitor.java:run(188)) - Starting JVM pause monitor
2019-08-22 17:40:00,092 [main] INFO  ozone.HddsDatanodeService (HddsDatanodeService.java:start(184)) - HddsDatanodeService host:pr-hdds-1808-4dtdn-3774871440 ip:192.168.5.173
2019-08-22 17:40:00,095 [Datanode State Machine Thread - 0] INFO  datanode.InitDatanodeState (InitDatanodeState.java:persistContainerDatanodeDetails(140)) - DatanodeDetails is persisted to /workdir/hadoop-ozone/integration-test/target/test-dir/MiniOzoneClusterImpl-c42309d1-0cec-4db9-9c35-8d22088a372f/datanode-4/meta/datanode.id
2019-08-22 17:40:00,101 [main] INFO  volume.HddsVolume (HddsVolume.java:<init>(176)) - Creating Volume: /workdir/hadoop-ozone/integration-test/target/test-dir/MiniOzoneClusterImpl-c42309d1-0cec-4db9-9c35-8d22088a372f/datanode-5/data/containers/hdds of  storage type : DISK and capacity : 1482555576320
2019-08-22 17:40:00,101 [main] INFO  volume.VolumeSet (VolumeSet.java:initializeVolumeSet(170)) - Added Volume : /workdir/hadoop-ozone/integration-test/target/test-dir/MiniOzoneClusterImpl-c42309d1-0cec-4db9-9c35-8d22088a372f/datanode-5/data/containers/hdds to VolumeSet
2019-08-22 17:40:00,101 [main] INFO  volume.ThrottledAsyncChecker (ThrottledAsyncChecker.java:schedule(140)) - Scheduling a check for org.apache.hadoop.ozone.container.common.volume.HddsVolume@33bdd01
2019-08-22 17:40:00,102 [main] INFO  volume.HddsVolumeChecker (HddsVolumeChecker.java:checkAllVolumes(203)) - Scheduled health check for volume org.apache.hadoop.ozone.container.common.volume.HddsVolume@33bdd01
2019-08-22 17:40:00,120 [main] INFO  impl.RaftServerProxy (ConfUtils.java:logGet(43)) - raft.rpc.type = GRPC (default)
2019-08-22 17:40:00,120 [main] INFO  grpc.GrpcFactory (GrpcFactory.java:checkPooledByteBufAllocatorUseCacheForAllThreads(45)) - PERFORMANCE WARNING: useCacheForAllThreads is true that may cause Netty to create a lot garbage objects and, as a result, trigger GC.
	It is recommended to disable useCacheForAllThreads by setting -Dorg.apache.ratis.thirdparty.io.netty.allocator.useCacheForAllThreads=false in command line.
2019-08-22 17:40:00,120 [main] INFO  grpc.GrpcConfigKeys$Server (ConfUtils.java:logGet(43)) - raft.grpc.server.port = 0 (default)
2019-08-22 17:40:00,121 [main] INFO  server.GrpcService (ConfUtils.java:logGet(43)) - raft.grpc.message.size.max = 33570816 (custom)
2019-08-22 17:40:00,121 [main] INFO  server.RaftServerConfigKeys (ConfUtils.java:logGet(43)) - raft.server.log.appender.buffer.byte-limit = 33554432 (custom)
2019-08-22 17:40:00,121 [main] INFO  server.GrpcService (ConfUtils.java:logGet(43)) - raft.grpc.flow.control.window = 1MB (=1048576) (default)
2019-08-22 17:40:00,121 [main] INFO  server.RaftServerConfigKeys (ConfUtils.java:logGet(43)) - raft.server.rpc.request.timeout = 3000ms (default)
2019-08-22 17:40:00,122 [main] INFO  server.RaftServerConfigKeys (ConfUtils.java:logGet(43)) - raft.server.storage.dir = [/workdir/hadoop-ozone/integration-test/target/test-dir/MiniOzoneClusterImpl-c42309d1-0cec-4db9-9c35-8d22088a372f/datanode-5/data/ratis] (custom)
2019-08-22 17:40:00,123 [main] INFO  replication.SimpleContainerDownloader (SimpleContainerDownloader.java:<init>(72)) - Starting container downloader service to copy containers to replicate.
2019-08-22 17:40:00,124 [main] INFO  hdfs.DFSUtil (DFSUtil.java:httpServerTemplateForNNAndJN(1641)) - Starting Web-server for hddsDatanode at: http://0.0.0.0:0
2019-08-22 17:40:00,126 [main] INFO  server.AuthenticationFilter (AuthenticationFilter.java:constructSecretProvider(240)) - Unable to initialize FileSignerSecretProvider, falling back to use random secrets.
2019-08-22 17:40:00,127 [main] WARN  http.HttpRequestLog (HttpRequestLog.java:getRequestLog(97)) - Jetty request log can only be enabled using Log4j
2019-08-22 17:40:00,130 [main] INFO  http.HttpServer2 (HttpServer2.java:addGlobalFilter(975)) - Added global filter 'safety' (class=org.apache.hadoop.http.HttpServer2$QuotingInputFilter)
2019-08-22 17:40:00,131 [main] INFO  http.HttpServer2 (HttpServer2.java:addFilter(948)) - Added filter static_user_filter (class=org.apache.hadoop.http.lib.StaticUserWebFilter$StaticUserFilter) to context hddsDatanode
2019-08-22 17:40:00,131 [main] INFO  http.HttpServer2 (HttpServer2.java:addFilter(958)) - Added filter static_user_filter (class=org.apache.hadoop.http.lib.StaticUserWebFilter$StaticUserFilter) to context static
2019-08-22 17:40:00,131 [main] INFO  http.HttpServer2 (HttpServer2.java:addFilter(958)) - Added filter static_user_filter (class=org.apache.hadoop.http.lib.StaticUserWebFilter$StaticUserFilter) to context logs
2019-08-22 17:40:00,132 [main] INFO  http.HttpServer2 (HttpServer2.java:bindListener(1191)) - Jetty bound to port 43182
2019-08-22 17:40:00,133 [main] INFO  server.Server (Server.java:doStart(351)) - jetty-9.3.24.v20180605, build timestamp: 2018-06-05T17:11:56Z, git hash: 84205aa28f11a4f31f2a3b86d1bba2cc8ab69827
2019-08-22 17:40:00,210 [main] INFO  handler.ContextHandler (ContextHandler.java:doStart(781)) - Started o.e.j.s.ServletContextHandler@45287377{/logs,file:///workdir/hadoop-ozone/integration-test/target/log,AVAILABLE}
2019-08-22 17:40:00,212 [main] INFO  handler.ContextHandler (ContextHandler.java:doStart(781)) - Started o.e.j.s.ServletContextHandler@70b33256{/static,jar:file:/home/user/.m2/repository/org/apache/hadoop/hadoop-hdds-container-service/0.5.0-SNAPSHOT/hadoop-hdds-container-service-0.5.0-SNAPSHOT.jar!/webapps/static,AVAILABLE}
2019-08-22 17:40:00,275 [main] INFO  handler.ContextHandler (ContextHandler.java:doStart(781)) - Started o.e.j.w.WebAppContext@250967f1{/,file:///tmp/jetty-0.0.0.0-43182-hddsDatanode-_-any-8297267181552685008.dir/webapp/,AVAILABLE}{/hddsDatanode}
2019-08-22 17:40:00,277 [main] INFO  server.AbstractConnector (AbstractConnector.java:doStart(278)) - Started ServerConnector@25c1f5ee{HTTP/1.1,[http/1.1]}{0.0.0.0:43182}
2019-08-22 17:40:00,277 [main] INFO  server.Server (Server.java:doStart(419)) - Started @8687ms
2019-08-22 17:40:00,278 [main] INFO  server.BaseHttpServer (BaseHttpServer.java:updateConnectorAddress(213)) - HTTP server of HDDSDATANODE is listening at http://0.0.0.0:43182
2019-08-22 17:40:00,400 | INFO  | ObjectStoreRestHttpServer | Listening HDDS REST traffic on /0.0.0.0:40966 |  
2019-08-22 17:40:00,400 [main] INFO  ozone.HddsDatanodeService (HddsDatanodeService.java:startPlugins(395)) - Started plug-in org.apache.hadoop.ozone.web.OzoneHddsDatanodeService@305b43ca
2019-08-22 17:40:00,400 [main] INFO  impl.MetricsSystemImpl (MetricsSystemImpl.java:init(158)) - HddsDatanode metrics system started (again)
2019-08-22 17:40:00,404 [main] INFO  ozone.HddsDatanodeService (HddsDatanodeService.java:start(184)) - HddsDatanodeService host:pr-hdds-1808-4dtdn-3774871440 ip:192.168.5.173
2019-08-22 17:40:00,405 [org.apache.hadoop.util.JvmPauseMonitor$Monitor@14917603] INFO  util.JvmPauseMonitor (JvmPauseMonitor.java:run(188)) - Starting JVM pause monitor
2019-08-22 17:40:00,407 [Datanode State Machine Thread - 0] INFO  datanode.InitDatanodeState (InitDatanodeState.java:persistContainerDatanodeDetails(140)) - DatanodeDetails is persisted to /workdir/hadoop-ozone/integration-test/target/test-dir/MiniOzoneClusterImpl-c42309d1-0cec-4db9-9c35-8d22088a372f/datanode-5/meta/datanode.id
2019-08-22 17:40:00,413 [main] INFO  volume.HddsVolume (HddsVolume.java:<init>(176)) - Creating Volume: /workdir/hadoop-ozone/integration-test/target/test-dir/MiniOzoneClusterImpl-c42309d1-0cec-4db9-9c35-8d22088a372f/datanode-6/data/containers/hdds of  storage type : DISK and capacity : 1482555576320
2019-08-22 17:40:00,413 [main] INFO  volume.VolumeSet (VolumeSet.java:initializeVolumeSet(170)) - Added Volume : /workdir/hadoop-ozone/integration-test/target/test-dir/MiniOzoneClusterImpl-c42309d1-0cec-4db9-9c35-8d22088a372f/datanode-6/data/containers/hdds to VolumeSet
2019-08-22 17:40:00,413 [main] INFO  volume.ThrottledAsyncChecker (ThrottledAsyncChecker.java:schedule(140)) - Scheduling a check for org.apache.hadoop.ozone.container.common.volume.HddsVolume@77663cd7
2019-08-22 17:40:00,414 [main] INFO  volume.HddsVolumeChecker (HddsVolumeChecker.java:checkAllVolumes(203)) - Scheduled health check for volume org.apache.hadoop.ozone.container.common.volume.HddsVolume@77663cd7
2019-08-22 17:40:00,426 [main] INFO  impl.RaftServerProxy (ConfUtils.java:logGet(43)) - raft.rpc.type = GRPC (default)
2019-08-22 17:40:00,426 [main] INFO  grpc.GrpcFactory (GrpcFactory.java:checkPooledByteBufAllocatorUseCacheForAllThreads(45)) - PERFORMANCE WARNING: useCacheForAllThreads is true that may cause Netty to create a lot garbage objects and, as a result, trigger GC.
	It is recommended to disable useCacheForAllThreads by setting -Dorg.apache.ratis.thirdparty.io.netty.allocator.useCacheForAllThreads=false in command line.
2019-08-22 17:40:00,426 [main] INFO  grpc.GrpcConfigKeys$Server (ConfUtils.java:logGet(43)) - raft.grpc.server.port = 0 (default)
2019-08-22 17:40:00,427 [main] INFO  server.GrpcService (ConfUtils.java:logGet(43)) - raft.grpc.message.size.max = 33570816 (custom)
2019-08-22 17:40:00,427 [main] INFO  server.RaftServerConfigKeys (ConfUtils.java:logGet(43)) - raft.server.log.appender.buffer.byte-limit = 33554432 (custom)
2019-08-22 17:40:00,427 [main] INFO  server.GrpcService (ConfUtils.java:logGet(43)) - raft.grpc.flow.control.window = 1MB (=1048576) (default)
2019-08-22 17:40:00,427 [main] INFO  server.RaftServerConfigKeys (ConfUtils.java:logGet(43)) - raft.server.rpc.request.timeout = 3000ms (default)
2019-08-22 17:40:00,428 [main] INFO  server.RaftServerConfigKeys (ConfUtils.java:logGet(43)) - raft.server.storage.dir = [/workdir/hadoop-ozone/integration-test/target/test-dir/MiniOzoneClusterImpl-c42309d1-0cec-4db9-9c35-8d22088a372f/datanode-6/data/ratis] (custom)
2019-08-22 17:40:00,428 [main] INFO  replication.SimpleContainerDownloader (SimpleContainerDownloader.java:<init>(72)) - Starting container downloader service to copy containers to replicate.
2019-08-22 17:40:00,429 [main] INFO  hdfs.DFSUtil (DFSUtil.java:httpServerTemplateForNNAndJN(1641)) - Starting Web-server for hddsDatanode at: http://0.0.0.0:0
2019-08-22 17:40:00,430 [main] INFO  server.AuthenticationFilter (AuthenticationFilter.java:constructSecretProvider(240)) - Unable to initialize FileSignerSecretProvider, falling back to use random secrets.
2019-08-22 17:40:00,431 [main] WARN  http.HttpRequestLog (HttpRequestLog.java:getRequestLog(97)) - Jetty request log can only be enabled using Log4j
2019-08-22 17:40:00,432 [main] INFO  http.HttpServer2 (HttpServer2.java:addGlobalFilter(975)) - Added global filter 'safety' (class=org.apache.hadoop.http.HttpServer2$QuotingInputFilter)
2019-08-22 17:40:00,432 [main] INFO  http.HttpServer2 (HttpServer2.java:addFilter(948)) - Added filter static_user_filter (class=org.apache.hadoop.http.lib.StaticUserWebFilter$StaticUserFilter) to context hddsDatanode
2019-08-22 17:40:00,433 [main] INFO  http.HttpServer2 (HttpServer2.java:addFilter(958)) - Added filter static_user_filter (class=org.apache.hadoop.http.lib.StaticUserWebFilter$StaticUserFilter) to context logs
2019-08-22 17:40:00,433 [main] INFO  http.HttpServer2 (HttpServer2.java:addFilter(958)) - Added filter static_user_filter (class=org.apache.hadoop.http.lib.StaticUserWebFilter$StaticUserFilter) to context static
2019-08-22 17:40:00,433 [main] INFO  http.HttpServer2 (HttpServer2.java:bindListener(1191)) - Jetty bound to port 43948
2019-08-22 17:40:00,434 [main] INFO  server.Server (Server.java:doStart(351)) - jetty-9.3.24.v20180605, build timestamp: 2018-06-05T17:11:56Z, git hash: 84205aa28f11a4f31f2a3b86d1bba2cc8ab69827
2019-08-22 17:40:00,435 [main] INFO  handler.ContextHandler (ContextHandler.java:doStart(781)) - Started o.e.j.s.ServletContextHandler@11399548{/logs,file:///workdir/hadoop-ozone/integration-test/target/log,AVAILABLE}
2019-08-22 17:40:00,436 [main] INFO  handler.ContextHandler (ContextHandler.java:doStart(781)) - Started o.e.j.s.ServletContextHandler@46d0f89c{/static,jar:file:/home/user/.m2/repository/org/apache/hadoop/hadoop-hdds-container-service/0.5.0-SNAPSHOT/hadoop-hdds-container-service-0.5.0-SNAPSHOT.jar!/webapps/static,AVAILABLE}
2019-08-22 17:40:00,460 [main] INFO  handler.ContextHandler (ContextHandler.java:doStart(781)) - Started o.e.j.w.WebAppContext@18c7f6b5{/,file:///tmp/jetty-0.0.0.0-43948-hddsDatanode-_-any-7933362913086855626.dir/webapp/,AVAILABLE}{/hddsDatanode}
2019-08-22 17:40:00,461 [main] INFO  server.AbstractConnector (AbstractConnector.java:doStart(278)) - Started ServerConnector@629b780f{HTTP/1.1,[http/1.1]}{0.0.0.0:43948}
2019-08-22 17:40:00,462 [main] INFO  server.Server (Server.java:doStart(419)) - Started @8872ms
2019-08-22 17:40:00,463 [main] INFO  server.BaseHttpServer (BaseHttpServer.java:updateConnectorAddress(213)) - HTTP server of HDDSDATANODE is listening at http://0.0.0.0:43948
2019-08-22 17:40:00,570 | INFO  | ObjectStoreRestHttpServer | Listening HDDS REST traffic on /0.0.0.0:46768 |  
2019-08-22 17:40:00,570 [main] INFO  ozone.HddsDatanodeService (HddsDatanodeService.java:startPlugins(395)) - Started plug-in org.apache.hadoop.ozone.web.OzoneHddsDatanodeService@64fdcf99
2019-08-22 17:40:00,573 [main] INFO  ozone.MiniOzoneClusterImpl (MiniOzoneClusterImpl.java:lambda$waitForClusterToBeReady$0(142)) - Waiting for cluster to be ready. Got 0 of 7 DN Heartbeats.
2019-08-22 17:40:00,573 [org.apache.hadoop.util.JvmPauseMonitor$Monitor@29e089e5] INFO  util.JvmPauseMonitor (JvmPauseMonitor.java:run(188)) - Starting JVM pause monitor
2019-08-22 17:40:00,575 [Datanode State Machine Thread - 0] INFO  datanode.InitDatanodeState (InitDatanodeState.java:persistContainerDatanodeDetails(140)) - DatanodeDetails is persisted to /workdir/hadoop-ozone/integration-test/target/test-dir/MiniOzoneClusterImpl-c42309d1-0cec-4db9-9c35-8d22088a372f/datanode-6/meta/datanode.id
2019-08-22 17:40:01,126 | INFO  | SCMAudit | user=jenkins1000 | ip=192.168.5.173 | op=GET_VERSION null | ret=SUCCESS |  
2019-08-22 17:40:01,146 [Datanode State Machine Thread - 0] INFO  ozoneimpl.OzoneContainer (OzoneContainer.java:start(186)) - Attempting to start container services.
2019-08-22 17:40:01,148 [Datanode State Machine Thread - 0] INFO  ozoneimpl.OzoneContainer (OzoneContainer.java:startContainerScrub(160)) - Background container scrubber has been disabled by hdds.containerscrub.enabled
2019-08-22 17:40:01,148 [Datanode State Machine Thread - 0] INFO  ratis.XceiverServerRatis (XceiverServerRatis.java:start(404)) - Starting XceiverServerRatis c2b5941d-b72d-41e9-8cce-67773fde2f8a at port 0
2019-08-22 17:40:01,168 [Datanode State Machine Thread - 0] INFO  impl.RaftServerProxy (RaftServerProxy.java:lambda$start$3(299)) - c2b5941d-b72d-41e9-8cce-67773fde2f8a: start RPC server
2019-08-22 17:40:01,303 [Datanode State Machine Thread - 0] INFO  server.GrpcService (GrpcService.java:startImpl(149)) - c2b5941d-b72d-41e9-8cce-67773fde2f8a: GrpcService started, listening on 0.0.0.0/0.0.0.0:38036
2019-08-22 17:40:01,304 [Datanode State Machine Thread - 0] INFO  ratis.XceiverServerRatis (XceiverServerRatis.java:start(414)) - XceiverServerRatis c2b5941d-b72d-41e9-8cce-67773fde2f8a is started using port 38036
2019-08-22 17:40:01,306 [Datanode State Machine Thread - 0] INFO  server.XceiverServerGrpc (XceiverServerGrpc.java:start(161)) - XceiverServerGrpc c2b5941d-b72d-41e9-8cce-67773fde2f8a is started using port 41405
2019-08-22 17:40:01,350 | INFO  | SCMAudit | user=jenkins1000 | ip=192.168.5.173 | op=GET_VERSION null | ret=SUCCESS |  
2019-08-22 17:40:01,365 [Datanode State Machine Thread - 0] INFO  ozoneimpl.OzoneContainer (OzoneContainer.java:start(186)) - Attempting to start container services.
2019-08-22 17:40:01,369 [Datanode State Machine Thread - 0] INFO  ozoneimpl.OzoneContainer (OzoneContainer.java:startContainerScrub(160)) - Background container scrubber has been disabled by hdds.containerscrub.enabled
2019-08-22 17:40:01,369 [Datanode State Machine Thread - 0] INFO  ratis.XceiverServerRatis (XceiverServerRatis.java:start(404)) - Starting XceiverServerRatis 6b3b49b3-a706-4943-ae36-3fb349ffaff4 at port 0
2019-08-22 17:40:01,379 [Datanode State Machine Thread - 0] INFO  impl.RaftServerProxy (RaftServerProxy.java:lambda$start$3(299)) - 6b3b49b3-a706-4943-ae36-3fb349ffaff4: start RPC server
2019-08-22 17:40:01,383 [Datanode State Machine Thread - 0] INFO  server.GrpcService (GrpcService.java:startImpl(149)) - 6b3b49b3-a706-4943-ae36-3fb349ffaff4: GrpcService started, listening on 0.0.0.0/0.0.0.0:44578
2019-08-22 17:40:01,383 [Datanode State Machine Thread - 0] INFO  ratis.XceiverServerRatis (XceiverServerRatis.java:start(414)) - XceiverServerRatis 6b3b49b3-a706-4943-ae36-3fb349ffaff4 is started using port 44578
2019-08-22 17:40:01,386 [Datanode State Machine Thread - 0] INFO  server.XceiverServerGrpc (XceiverServerGrpc.java:start(161)) - XceiverServerGrpc 6b3b49b3-a706-4943-ae36-3fb349ffaff4 is started using port 35438
2019-08-22 17:40:01,575 [main] INFO  ozone.MiniOzoneClusterImpl (MiniOzoneClusterImpl.java:lambda$waitForClusterToBeReady$0(142)) - Waiting for cluster to be ready. Got 0 of 7 DN Heartbeats.
2019-08-22 17:40:01,576 | INFO  | SCMAudit | user=jenkins1000 | ip=192.168.5.173 | op=GET_VERSION null | ret=SUCCESS |  
2019-08-22 17:40:01,591 [Datanode State Machine Thread - 0] INFO  ozoneimpl.OzoneContainer (OzoneContainer.java:start(186)) - Attempting to start container services.
2019-08-22 17:40:01,596 [Datanode State Machine Thread - 0] INFO  ozoneimpl.OzoneContainer (OzoneContainer.java:startContainerScrub(160)) - Background container scrubber has been disabled by hdds.containerscrub.enabled
2019-08-22 17:40:01,597 [Datanode State Machine Thread - 0] INFO  ratis.XceiverServerRatis (XceiverServerRatis.java:start(404)) - Starting XceiverServerRatis 3d7b10ec-55d3-4b38-809c-43b59ae8e43b at port 0
2019-08-22 17:40:01,605 [Datanode State Machine Thread - 0] INFO  impl.RaftServerProxy (RaftServerProxy.java:lambda$start$3(299)) - 3d7b10ec-55d3-4b38-809c-43b59ae8e43b: start RPC server
2019-08-22 17:40:01,608 [Datanode State Machine Thread - 0] INFO  server.GrpcService (GrpcService.java:startImpl(149)) - 3d7b10ec-55d3-4b38-809c-43b59ae8e43b: GrpcService started, listening on 0.0.0.0/0.0.0.0:46093
2019-08-22 17:40:01,608 [Datanode State Machine Thread - 0] INFO  ratis.XceiverServerRatis (XceiverServerRatis.java:start(414)) - XceiverServerRatis 3d7b10ec-55d3-4b38-809c-43b59ae8e43b is started using port 46093
2019-08-22 17:40:01,610 [Datanode State Machine Thread - 0] INFO  server.XceiverServerGrpc (XceiverServerGrpc.java:start(161)) - XceiverServerGrpc 3d7b10ec-55d3-4b38-809c-43b59ae8e43b is started using port 39359
2019-08-22 17:40:01,798 | INFO  | SCMAudit | user=jenkins1000 | ip=192.168.5.173 | op=GET_VERSION null | ret=SUCCESS |  
2019-08-22 17:40:01,824 [Datanode State Machine Thread - 0] INFO  ozoneimpl.OzoneContainer (OzoneContainer.java:start(186)) - Attempting to start container services.
2019-08-22 17:40:01,824 [Datanode State Machine Thread - 0] INFO  ozoneimpl.OzoneContainer (OzoneContainer.java:startContainerScrub(160)) - Background container scrubber has been disabled by hdds.containerscrub.enabled
2019-08-22 17:40:01,825 [Datanode State Machine Thread - 0] INFO  ratis.XceiverServerRatis (XceiverServerRatis.java:start(404)) - Starting XceiverServerRatis c0e77ccd-2b09-4a23-a664-68073c461c61 at port 0
2019-08-22 17:40:01,832 [Datanode State Machine Thread - 0] INFO  impl.RaftServerProxy (RaftServerProxy.java:lambda$start$3(299)) - c0e77ccd-2b09-4a23-a664-68073c461c61: start RPC server
2019-08-22 17:40:01,837 [Datanode State Machine Thread - 0] INFO  server.GrpcService (GrpcService.java:startImpl(149)) - c0e77ccd-2b09-4a23-a664-68073c461c61: GrpcService started, listening on 0.0.0.0/0.0.0.0:40314
2019-08-22 17:40:01,837 [Datanode State Machine Thread - 0] INFO  ratis.XceiverServerRatis (XceiverServerRatis.java:start(414)) - XceiverServerRatis c0e77ccd-2b09-4a23-a664-68073c461c61 is started using port 40314
2019-08-22 17:40:01,840 [Datanode State Machine Thread - 0] INFO  server.XceiverServerGrpc (XceiverServerGrpc.java:start(161)) - XceiverServerGrpc c0e77ccd-2b09-4a23-a664-68073c461c61 is started using port 34444
2019-08-22 17:40:02,096 | INFO  | SCMAudit | user=jenkins1000 | ip=192.168.5.173 | op=GET_VERSION null | ret=SUCCESS |  
2019-08-22 17:40:02,121 [Datanode State Machine Thread - 0] INFO  ozoneimpl.OzoneContainer (OzoneContainer.java:start(186)) - Attempting to start container services.
2019-08-22 17:40:02,121 [Datanode State Machine Thread - 0] INFO  ozoneimpl.OzoneContainer (OzoneContainer.java:startContainerScrub(160)) - Background container scrubber has been disabled by hdds.containerscrub.enabled
2019-08-22 17:40:02,122 [Datanode State Machine Thread - 0] INFO  ratis.XceiverServerRatis (XceiverServerRatis.java:start(404)) - Starting XceiverServerRatis a1f47dd0-84e3-4d6e-b4c6-03c6939721b7 at port 0
2019-08-22 17:40:02,129 [Datanode State Machine Thread - 0] INFO  impl.RaftServerProxy (RaftServerProxy.java:lambda$start$3(299)) - a1f47dd0-84e3-4d6e-b4c6-03c6939721b7: start RPC server
2019-08-22 17:40:02,134 [Datanode State Machine Thread - 0] INFO  server.GrpcService (GrpcService.java:startImpl(149)) - a1f47dd0-84e3-4d6e-b4c6-03c6939721b7: GrpcService started, listening on 0.0.0.0/0.0.0.0:36744
2019-08-22 17:40:02,134 [Datanode State Machine Thread - 0] INFO  ratis.XceiverServerRatis (XceiverServerRatis.java:start(414)) - XceiverServerRatis a1f47dd0-84e3-4d6e-b4c6-03c6939721b7 is started using port 36744
2019-08-22 17:40:02,138 [Datanode State Machine Thread - 0] INFO  server.XceiverServerGrpc (XceiverServerGrpc.java:start(161)) - XceiverServerGrpc a1f47dd0-84e3-4d6e-b4c6-03c6939721b7 is started using port 38258
2019-08-22 17:40:02,408 | INFO  | SCMAudit | user=jenkins1000 | ip=192.168.5.173 | op=GET_VERSION null | ret=SUCCESS |  
2019-08-22 17:40:02,430 [Datanode State Machine Thread - 0] INFO  ozoneimpl.OzoneContainer (OzoneContainer.java:start(186)) - Attempting to start container services.
2019-08-22 17:40:02,431 [Datanode State Machine Thread - 0] INFO  ozoneimpl.OzoneContainer (OzoneContainer.java:startContainerScrub(160)) - Background container scrubber has been disabled by hdds.containerscrub.enabled
2019-08-22 17:40:02,431 [Datanode State Machine Thread - 0] INFO  ratis.XceiverServerRatis (XceiverServerRatis.java:start(404)) - Starting XceiverServerRatis 431e9d5c-189d-4913-bc0e-bcdfa34a8a0c at port 0
2019-08-22 17:40:02,439 [Datanode State Machine Thread - 0] INFO  impl.RaftServerProxy (RaftServerProxy.java:lambda$start$3(299)) - 431e9d5c-189d-4913-bc0e-bcdfa34a8a0c: start RPC server
2019-08-22 17:40:02,443 [Datanode State Machine Thread - 0] INFO  server.GrpcService (GrpcService.java:startImpl(149)) - 431e9d5c-189d-4913-bc0e-bcdfa34a8a0c: GrpcService started, listening on 0.0.0.0/0.0.0.0:43660
2019-08-22 17:40:02,443 [Datanode State Machine Thread - 0] INFO  ratis.XceiverServerRatis (XceiverServerRatis.java:start(414)) - XceiverServerRatis 431e9d5c-189d-4913-bc0e-bcdfa34a8a0c is started using port 43660
2019-08-22 17:40:02,447 [Datanode State Machine Thread - 0] INFO  server.XceiverServerGrpc (XceiverServerGrpc.java:start(161)) - XceiverServerGrpc 431e9d5c-189d-4913-bc0e-bcdfa34a8a0c is started using port 44245
2019-08-22 17:40:02,576 [main] INFO  ozone.MiniOzoneClusterImpl (MiniOzoneClusterImpl.java:lambda$waitForClusterToBeReady$0(142)) - Waiting for cluster to be ready. Got 0 of 7 DN Heartbeats.
2019-08-22 17:40:02,577 | INFO  | SCMAudit | user=jenkins1000 | ip=192.168.5.173 | op=GET_VERSION null | ret=SUCCESS |  
2019-08-22 17:40:02,603 [Datanode State Machine Thread - 0] INFO  ozoneimpl.OzoneContainer (OzoneContainer.java:start(186)) - Attempting to start container services.
2019-08-22 17:40:02,603 [Datanode State Machine Thread - 0] INFO  ozoneimpl.OzoneContainer (OzoneContainer.java:startContainerScrub(160)) - Background container scrubber has been disabled by hdds.containerscrub.enabled
2019-08-22 17:40:02,604 [Datanode State Machine Thread - 0] INFO  ratis.XceiverServerRatis (XceiverServerRatis.java:start(404)) - Starting XceiverServerRatis f13cbeb3-1638-40ca-a674-1282dfb13b44 at port 0
2019-08-22 17:40:02,610 [Datanode State Machine Thread - 0] INFO  impl.RaftServerProxy (RaftServerProxy.java:lambda$start$3(299)) - f13cbeb3-1638-40ca-a674-1282dfb13b44: start RPC server
2019-08-22 17:40:02,613 [Datanode State Machine Thread - 0] INFO  server.GrpcService (GrpcService.java:startImpl(149)) - f13cbeb3-1638-40ca-a674-1282dfb13b44: GrpcService started, listening on 0.0.0.0/0.0.0.0:33632
2019-08-22 17:40:02,614 [Datanode State Machine Thread - 0] INFO  ratis.XceiverServerRatis (XceiverServerRatis.java:start(414)) - XceiverServerRatis f13cbeb3-1638-40ca-a674-1282dfb13b44 is started using port 33632
2019-08-22 17:40:02,616 [Datanode State Machine Thread - 0] INFO  server.XceiverServerGrpc (XceiverServerGrpc.java:start(161)) - XceiverServerGrpc f13cbeb3-1638-40ca-a674-1282dfb13b44 is started using port 42888
2019-08-22 17:40:03,140 [IPC Server handler 2 on 37000] INFO  net.NetworkTopology (NetworkTopologyImpl.java:add(110)) - Added a new node: /default-rack/c2b5941d-b72d-41e9-8cce-67773fde2f8a
2019-08-22 17:40:03,140 [IPC Server handler 2 on 37000] INFO  node.SCMNodeManager (SCMNodeManager.java:register(273)) - Registered Data node : c2b5941d-b72d-41e9-8cce-67773fde2f8a{ip: 192.168.5.173, host: pr-hdds-1808-4dtdn-3774871440, networkLocation: /default-rack, certSerialId: null}
2019-08-22 17:40:03,149 [EventQueue-NodeRegistrationContainerReportForDataNodeSafeModeRule] INFO  safemode.SCMSafeModeManager (DataNodeSafeModeRule.java:process(71)) - SCM in safe mode. 1 DataNodes registered, 1 required.
2019-08-22 17:40:03,149 [EventQueue-NodeRegistrationContainerReportForDataNodeSafeModeRule] INFO  safemode.SCMSafeModeManager (SCMSafeModeManager.java:validateSafeModeExitRules(177)) - ScmSafeModeManager, all rules are successfully validated
2019-08-22 17:40:03,150 [EventQueue-NodeRegistrationContainerReportForDataNodeSafeModeRule] INFO  safemode.SCMSafeModeManager (SCMSafeModeManager.java:exitSafeMode(193)) - SCM exiting safe mode.
2019-08-22 17:40:03,160 | INFO  | SCMAudit | user=jenkins1000 | ip=192.168.5.173 | op=REGISTER {datanodeDetails=c2b5941d-b72d-41e9-8cce-67773fde2f8a{ip: 192.168.5.173, host: pr-hdds-1808-4dtdn-3774871440, networkLocation: /default-rack, certSerialId: null}} | ret=SUCCESS |  
2019-08-22 17:40:03,352 [IPC Server handler 5 on 37000] INFO  net.NetworkTopology (NetworkTopologyImpl.java:add(110)) - Added a new node: /default-rack/6b3b49b3-a706-4943-ae36-3fb349ffaff4
2019-08-22 17:40:03,353 [IPC Server handler 5 on 37000] INFO  node.SCMNodeManager (SCMNodeManager.java:register(273)) - Registered Data node : 6b3b49b3-a706-4943-ae36-3fb349ffaff4{ip: 192.168.5.173, host: pr-hdds-1808-4dtdn-3774871440, networkLocation: /default-rack, certSerialId: null}
2019-08-22 17:40:03,353 | INFO  | SCMAudit | user=jenkins1000 | ip=192.168.5.173 | op=REGISTER {datanodeDetails=6b3b49b3-a706-4943-ae36-3fb349ffaff4{ip: 192.168.5.173, host: pr-hdds-1808-4dtdn-3774871440, networkLocation: /default-rack, certSerialId: null}} | ret=SUCCESS |  
2019-08-22 17:40:03,989 [main] INFO  ozone.MiniOzoneClusterImpl (MiniOzoneClusterImpl.java:lambda$waitForClusterToBeReady$0(142)) - Waiting for cluster to be ready. Got 2 of 7 DN Heartbeats.
2019-08-22 17:40:03,990 [IPC Server handler 0 on 37000] INFO  net.NetworkTopology (NetworkTopologyImpl.java:add(110)) - Added a new node: /default-rack/c0e77ccd-2b09-4a23-a664-68073c461c61
2019-08-22 17:40:03,990 [IPC Server handler 0 on 37000] INFO  node.SCMNodeManager (SCMNodeManager.java:register(273)) - Registered Data node : c0e77ccd-2b09-4a23-a664-68073c461c61{ip: 192.168.5.173, host: pr-hdds-1808-4dtdn-3774871440, networkLocation: /default-rack, certSerialId: null}
2019-08-22 17:40:03,992 | INFO  | SCMAudit | user=jenkins1000 | ip=192.168.5.173 | op=REGISTER {datanodeDetails=c0e77ccd-2b09-4a23-a664-68073c461c61{ip: 192.168.5.173, host: pr-hdds-1808-4dtdn-3774871440, networkLocation: /default-rack, certSerialId: null}} | ret=SUCCESS |  
2019-08-22 17:40:03,996 [IPC Server handler 2 on 37000] INFO  net.NetworkTopology (NetworkTopologyImpl.java:add(110)) - Added a new node: /default-rack/3d7b10ec-55d3-4b38-809c-43b59ae8e43b
2019-08-22 17:40:03,999 [IPC Server handler 2 on 37000] INFO  node.SCMNodeManager (SCMNodeManager.java:register(273)) - Registered Data node : 3d7b10ec-55d3-4b38-809c-43b59ae8e43b{ip: 192.168.5.173, host: pr-hdds-1808-4dtdn-3774871440, networkLocation: /default-rack, certSerialId: null}
2019-08-22 17:40:03,999 | INFO  | SCMAudit | user=jenkins1000 | ip=192.168.5.173 | op=REGISTER {datanodeDetails=3d7b10ec-55d3-4b38-809c-43b59ae8e43b{ip: 192.168.5.173, host: pr-hdds-1808-4dtdn-3774871440, networkLocation: /default-rack, certSerialId: null}} | ret=SUCCESS |  
2019-08-22 17:40:04,096 [IPC Server handler 5 on 37000] INFO  net.NetworkTopology (NetworkTopologyImpl.java:add(110)) - Added a new node: /default-rack/a1f47dd0-84e3-4d6e-b4c6-03c6939721b7
2019-08-22 17:40:04,096 [IPC Server handler 5 on 37000] INFO  node.SCMNodeManager (SCMNodeManager.java:register(273)) - Registered Data node : a1f47dd0-84e3-4d6e-b4c6-03c6939721b7{ip: 192.168.5.173, host: pr-hdds-1808-4dtdn-3774871440, networkLocation: /default-rack, certSerialId: null}
2019-08-22 17:40:04,097 | INFO  | SCMAudit | user=jenkins1000 | ip=192.168.5.173 | op=REGISTER {datanodeDetails=a1f47dd0-84e3-4d6e-b4c6-03c6939721b7{ip: 192.168.5.173, host: pr-hdds-1808-4dtdn-3774871440, networkLocation: /default-rack, certSerialId: null}} | ret=SUCCESS |  
2019-08-22 17:40:04,200 [grpc-default-executor-0] INFO  impl.RaftServerProxy (RaftServerProxy.java:addNew(89)) - c2b5941d-b72d-41e9-8cce-67773fde2f8a: addNew group-3EA8856B9D20:[c2b5941d-b72d-41e9-8cce-67773fde2f8a:192.168.5.173:38036] returns group-3EA8856B9D20:java.util.concurrent.CompletableFuture@220fda9d[Not completed]
2019-08-22 17:40:04,219 [pool-27-thread-1] INFO  impl.RaftServerImpl (RaftServerImpl.java:<init>(93)) - c2b5941d-b72d-41e9-8cce-67773fde2f8a: new RaftServerImpl for group-3EA8856B9D20:[c2b5941d-b72d-41e9-8cce-67773fde2f8a:192.168.5.173:38036] with ContainerStateMachine:uninitialized
2019-08-22 17:40:04,221 [pool-27-thread-1] INFO  server.RaftServerConfigKeys (ConfUtils.java:logGet(43)) - raft.server.rpc.timeout.min = 5s (custom)
2019-08-22 17:40:04,223 [pool-27-thread-1] INFO  server.RaftServerConfigKeys (ConfUtils.java:logGet(43)) - raft.server.rpc.timeout.max = 5200ms (custom)
2019-08-22 17:40:04,223 [pool-27-thread-1] INFO  server.RaftServerConfigKeys (ConfUtils.java:logGet(43)) - raft.server.rpcslowness.timeout = 120s (custom)
2019-08-22 17:40:04,224 [pool-27-thread-1] INFO  server.RaftServerConfigKeys (ConfUtils.java:logGet(43)) - raft.server.sleep.deviation.threshold = 300 (default)
2019-08-22 17:40:04,225 [pool-27-thread-1] INFO  server.RaftServerConfigKeys (ConfUtils.java:logGet(43)) - raft.server.log.appender.install.snapshot.enabled = false (custom)
2019-08-22 17:40:04,232 [pool-27-thread-1] INFO  impl.RaftServerImpl (ServerState.java:<init>(105)) - c2b5941d-b72d-41e9-8cce-67773fde2f8a:group-3EA8856B9D20 ConfigurationManager, init=-1: [c2b5941d-b72d-41e9-8cce-67773fde2f8a:192.168.5.173:38036], old=null, confs=<EMPTY_MAP>
2019-08-22 17:40:04,232 [pool-27-thread-1] INFO  server.RaftServerConfigKeys (ConfUtils.java:logGet(43)) - raft.server.storage.dir = [/workdir/hadoop-ozone/integration-test/target/test-dir/MiniOzoneClusterImpl-c42309d1-0cec-4db9-9c35-8d22088a372f/datanode-0/data/ratis] (custom)
2019-08-22 17:40:04,240 [pool-27-thread-1] INFO  storage.RaftStorageDirectory (RaftStorageDirectory.java:analyzeStorage(246)) - The storage directory /workdir/hadoop-ozone/integration-test/target/test-dir/MiniOzoneClusterImpl-c42309d1-0cec-4db9-9c35-8d22088a372f/datanode-0/data/ratis/755a1bab-b6ce-4899-88bb-3ea8856b9d20 does not exist. Creating ...
2019-08-22 17:40:04,257 [pool-27-thread-1] INFO  storage.RaftStorageDirectory (RaftStorageDirectory.java:tryLock(328)) - Lock on /workdir/hadoop-ozone/integration-test/target/test-dir/MiniOzoneClusterImpl-c42309d1-0cec-4db9-9c35-8d22088a372f/datanode-0/data/ratis/755a1bab-b6ce-4899-88bb-3ea8856b9d20/in_use.lock acquired by nodename 29095@pr-hdds-1808-4dtdn-3774871440
2019-08-22 17:40:04,273 [pool-27-thread-1] INFO  storage.RaftStorage (RaftStorage.java:format(72)) - Storage directory /workdir/hadoop-ozone/integration-test/target/test-dir/MiniOzoneClusterImpl-c42309d1-0cec-4db9-9c35-8d22088a372f/datanode-0/data/ratis/755a1bab-b6ce-4899-88bb-3ea8856b9d20 has been successfully formatted.
2019-08-22 17:40:04,276 [pool-27-thread-1] INFO  ratis.ContainerStateMachine (ContainerStateMachine.java:loadSnapshot(226)) - group-3EA8856B9D20: The snapshot info is null. Setting the last applied indexto:(t:0, i:~)
2019-08-22 17:40:04,276 [pool-27-thread-1] INFO  server.RaftServerConfigKeys (ConfUtils.java:logGet(43)) - raft.server.leader.election.timeout = 120s (custom)
2019-08-22 17:40:04,279 [pool-27-thread-1] INFO  server.RaftServerConfigKeys (ConfUtils.java:logGet(43)) - raft.server.log.use.memory = false (default)
2019-08-22 17:40:04,286 [pool-27-thread-1] INFO  server.RaftServerConfigKeys (ConfUtils.java:logGet(43)) - raft.server.log.purge.gap = 1000000 (custom)
2019-08-22 17:40:04,286 [pool-27-thread-1] INFO  server.RaftServerConfigKeys (ConfUtils.java:logGet(43)) - raft.server.log.appender.buffer.byte-limit = 33554432 (custom)
2019-08-22 17:40:04,288 [pool-27-thread-1] INFO  server.RaftServerConfigKeys (ConfUtils.java:logGet(43)) - raft.server.log.segment.size.max = 1048576 (custom)
2019-08-22 17:40:04,294 [pool-27-thread-1] INFO  server.RaftServerConfigKeys (ConfUtils.java:logGet(43)) - raft.server.log.segment.cache.num.max = 2 (custom)
2019-08-22 17:40:04,301 [pool-27-thread-1] INFO  segmented.SegmentedRaftLogWorker (SegmentedRaftLogWorker.java:<init>(172)) - new c2b5941d-b72d-41e9-8cce-67773fde2f8a-SegmentedRaftLogWorker:Storage Directory /workdir/hadoop-ozone/integration-test/target/test-dir/MiniOzoneClusterImpl-c42309d1-0cec-4db9-9c35-8d22088a372f/datanode-0/data/ratis/755a1bab-b6ce-4899-88bb-3ea8856b9d20 for RaftStorage:Storage Directory /workdir/hadoop-ozone/integration-test/target/test-dir/MiniOzoneClusterImpl-c42309d1-0cec-4db9-9c35-8d22088a372f/datanode-0/data/ratis/755a1bab-b6ce-4899-88bb-3ea8856b9d20
2019-08-22 17:40:04,316 [pool-27-thread-1] INFO  server.RaftServerConfigKeys (ConfUtils.java:logGet(43)) - raft.server.log.queue.byte-limit = 2147483647 (custom)
2019-08-22 17:40:04,317 [pool-27-thread-1] INFO  server.RaftServerConfigKeys (ConfUtils.java:logGet(43)) - raft.server.log.queue.element-limit = 1024 (custom)
2019-08-22 17:40:04,323 [pool-27-thread-1] INFO  server.RaftServerConfigKeys (ConfUtils.java:logGet(43)) - raft.server.log.segment.size.max = 1048576 (custom)
2019-08-22 17:40:04,323 [pool-27-thread-1] INFO  server.RaftServerConfigKeys (ConfUtils.java:logGet(43)) - raft.server.log.preallocated.size = 16384 (custom)
2019-08-22 17:40:04,324 [pool-27-thread-1] INFO  server.RaftServerConfigKeys (ConfUtils.java:logGet(43)) - raft.server.log.write.buffer.size = 33554432 (custom)
2019-08-22 17:40:04,325 [pool-27-thread-1] INFO  server.RaftServerConfigKeys (ConfUtils.java:logGet(43)) - raft.server.log.force.sync.num = 128 (default)
2019-08-22 17:40:04,326 [pool-27-thread-1] INFO  server.RaftServerConfigKeys (ConfUtils.java:logGet(43)) - raft.server.log.statemachine.data.sync = true (default)
2019-08-22 17:40:04,326 [pool-27-thread-1] INFO  server.RaftServerConfigKeys (ConfUtils.java:logGet(43)) - raft.server.log.statemachine.data.sync.timeout = 10s (default)
2019-08-22 17:40:04,327 [pool-27-thread-1] INFO  server.RaftServerConfigKeys (ConfUtils.java:logGet(43)) - raft.server.log.statemachine.data.sync.timeout.retry = -1 (default)
2019-08-22 17:40:04,337 [pool-27-thread-1] INFO  server.RaftServerConfigKeys (ConfUtils.java:logGet(43)) - raft.server.log.statemachine.data.caching.enabled = true (custom)
2019-08-22 17:40:04,343 [pool-27-thread-1] INFO  segmented.SegmentedRaftLogWorker (SegmentedRaftLogWorker.java:lambda$new$0(132)) - c2b5941d-b72d-41e9-8cce-67773fde2f8a-SegmentedRaftLogWorker:Storage Directory /workdir/hadoop-ozone/integration-test/target/test-dir/MiniOzoneClusterImpl-c42309d1-0cec-4db9-9c35-8d22088a372f/datanode-0/data/ratis/755a1bab-b6ce-4899-88bb-3ea8856b9d20: flushIndex: setUnconditionally 0 -> -1
2019-08-22 17:40:04,348 [pool-27-thread-1] INFO  server.RaftServerConfigKeys (ConfUtils.java:logGet(43)) - raft.server.snapshot.auto.trigger.enabled = true (custom)
2019-08-22 17:40:04,349 [pool-27-thread-1] INFO  server.RaftServerConfigKeys (ConfUtils.java:logGet(43)) - raft.server.snapshot.auto.trigger.threshold = 10000 (custom)
2019-08-22 17:40:04,349 [pool-27-thread-1] INFO  server.RaftServerConfigKeys (ConfUtils.java:logGet(43)) - raft.server.retrycache.expirytime = 600000ms (custom)
2019-08-22 17:40:04,372 [pool-27-thread-1] INFO  impl.RaftServerImpl (RaftServerImpl.java:start(180)) - c2b5941d-b72d-41e9-8cce-67773fde2f8a: start group-3EA8856B9D20
2019-08-22 17:40:04,373 [pool-27-thread-1] INFO  impl.RaftServerImpl (RaftServerImpl.java:setRole(171)) - c2b5941d-b72d-41e9-8cce-67773fde2f8a:group-3EA8856B9D20 changes role from null to FOLLOWER at term 0 for startAsFollower
2019-08-22 17:40:04,375 [pool-27-thread-1] INFO  impl.RoleInfo (RoleInfo.java:updateAndGet(143)) - c2b5941d-b72d-41e9-8cce-67773fde2f8a: start FollowerState
2019-08-22 17:40:04,376 [pool-27-thread-1] INFO  util.JmxRegister (JmxRegister.java:tryRegister(44)) - Successfully registered JMX Bean with object name Ratis:service=RaftServer,group=group-3EA8856B9D20,id=c2b5941d-b72d-41e9-8cce-67773fde2f8a
2019-08-22 17:40:04,408 [IPC Server handler 1 on 37000] INFO  net.NetworkTopology (NetworkTopologyImpl.java:add(110)) - Added a new node: /default-rack/431e9d5c-189d-4913-bc0e-bcdfa34a8a0c
2019-08-22 17:40:04,410 [IPC Server handler 1 on 37000] INFO  node.SCMNodeManager (SCMNodeManager.java:register(273)) - Registered Data node : 431e9d5c-189d-4913-bc0e-bcdfa34a8a0c{ip: 192.168.5.173, host: pr-hdds-1808-4dtdn-3774871440, networkLocation: /default-rack, certSerialId: null}
2019-08-22 17:40:04,410 | INFO  | SCMAudit | user=jenkins1000 | ip=192.168.5.173 | op=REGISTER {datanodeDetails=431e9d5c-189d-4913-bc0e-bcdfa34a8a0c{ip: 192.168.5.173, host: pr-hdds-1808-4dtdn-3774871440, networkLocation: /default-rack, certSerialId: null}} | ret=SUCCESS |  
2019-08-22 17:40:04,438 [RatisPipelineUtilsThread] INFO  pipeline.PipelineStateManager (PipelineStateManager.java:addPipeline(56)) - Created pipeline Pipeline[ Id: 755a1bab-b6ce-4899-88bb-3ea8856b9d20, Nodes: c2b5941d-b72d-41e9-8cce-67773fde2f8a{ip: 192.168.5.173, host: pr-hdds-1808-4dtdn-3774871440, networkLocation: /default-rack, certSerialId: null}, Type:RATIS, Factor:ONE, State:OPEN]
2019-08-22 17:40:04,462 [grpc-default-executor-0] INFO  impl.RaftServerProxy (RaftServerProxy.java:addNew(89)) - 6b3b49b3-a706-4943-ae36-3fb349ffaff4: addNew group-0870C57686F2:[6b3b49b3-a706-4943-ae36-3fb349ffaff4:192.168.5.173:44578] returns group-0870C57686F2:java.util.concurrent.CompletableFuture@37ebda6b[Not completed]
2019-08-22 17:40:04,503 [pool-38-thread-1] INFO  impl.RaftServerImpl (RaftServerImpl.java:<init>(93)) - 6b3b49b3-a706-4943-ae36-3fb349ffaff4: new RaftServerImpl for group-0870C57686F2:[6b3b49b3-a706-4943-ae36-3fb349ffaff4:192.168.5.173:44578] with ContainerStateMachine:uninitialized
2019-08-22 17:40:04,504 [pool-38-thread-1] INFO  server.RaftServerConfigKeys (ConfUtils.java:logGet(43)) - raft.server.rpc.timeout.min = 5s (custom)
2019-08-22 17:40:04,504 [pool-38-thread-1] INFO  server.RaftServerConfigKeys (ConfUtils.java:logGet(43)) - raft.server.rpc.timeout.max = 5200ms (custom)
2019-08-22 17:40:04,505 [pool-38-thread-1] INFO  server.RaftServerConfigKeys (ConfUtils.java:logGet(43)) - raft.server.rpcslowness.timeout = 120s (custom)
2019-08-22 17:40:04,505 [pool-38-thread-1] INFO  server.RaftServerConfigKeys (ConfUtils.java:logGet(43)) - raft.server.sleep.deviation.threshold = 300 (default)
2019-08-22 17:40:04,505 [pool-38-thread-1] INFO  server.RaftServerConfigKeys (ConfUtils.java:logGet(43)) - raft.server.log.appender.install.snapshot.enabled = false (custom)
2019-08-22 17:40:04,505 [pool-38-thread-1] INFO  impl.RaftServerImpl (ServerState.java:<init>(105)) - 6b3b49b3-a706-4943-ae36-3fb349ffaff4:group-0870C57686F2 ConfigurationManager, init=-1: [6b3b49b3-a706-4943-ae36-3fb349ffaff4:192.168.5.173:44578], old=null, confs=<EMPTY_MAP>
2019-08-22 17:40:04,505 [pool-38-thread-1] INFO  server.RaftServerConfigKeys (ConfUtils.java:logGet(43)) - raft.server.storage.dir = [/workdir/hadoop-ozone/integration-test/target/test-dir/MiniOzoneClusterImpl-c42309d1-0cec-4db9-9c35-8d22088a372f/datanode-1/data/ratis] (custom)
2019-08-22 17:40:04,506 [pool-38-thread-1] INFO  storage.RaftStorageDirectory (RaftStorageDirectory.java:analyzeStorage(246)) - The storage directory /workdir/hadoop-ozone/integration-test/target/test-dir/MiniOzoneClusterImpl-c42309d1-0cec-4db9-9c35-8d22088a372f/datanode-1/data/ratis/3c4311af-bab3-49fe-942b-0870c57686f2 does not exist. Creating ...
2019-08-22 17:40:04,521 [pool-38-thread-1] INFO  storage.RaftStorageDirectory (RaftStorageDirectory.java:tryLock(328)) - Lock on /workdir/hadoop-ozone/integration-test/target/test-dir/MiniOzoneClusterImpl-c42309d1-0cec-4db9-9c35-8d22088a372f/datanode-1/data/ratis/3c4311af-bab3-49fe-942b-0870c57686f2/in_use.lock acquired by nodename 29095@pr-hdds-1808-4dtdn-3774871440
2019-08-22 17:40:04,552 [pool-38-thread-1] INFO  storage.RaftStorage (RaftStorage.java:format(72)) - Storage directory /workdir/hadoop-ozone/integration-test/target/test-dir/MiniOzoneClusterImpl-c42309d1-0cec-4db9-9c35-8d22088a372f/datanode-1/data/ratis/3c4311af-bab3-49fe-942b-0870c57686f2 has been successfully formatted.
2019-08-22 17:40:04,555 [pool-38-thread-1] INFO  ratis.ContainerStateMachine (ContainerStateMachine.java:loadSnapshot(226)) - group-0870C57686F2: The snapshot info is null. Setting the last applied indexto:(t:0, i:~)
2019-08-22 17:40:04,557 [pool-38-thread-1] INFO  server.RaftServerConfigKeys (ConfUtils.java:logGet(43)) - raft.server.leader.election.timeout = 120s (custom)
2019-08-22 17:40:04,558 [pool-38-thread-1] INFO  server.RaftServerConfigKeys (ConfUtils.java:logGet(43)) - raft.server.log.use.memory = false (default)
2019-08-22 17:40:04,558 [pool-38-thread-1] INFO  server.RaftServerConfigKeys (ConfUtils.java:logGet(43)) - raft.server.log.purge.gap = 1000000 (custom)
2019-08-22 17:40:04,558 [pool-38-thread-1] INFO  server.RaftServerConfigKeys (ConfUtils.java:logGet(43)) - raft.server.log.appender.buffer.byte-limit = 33554432 (custom)
2019-08-22 17:40:04,558 [pool-38-thread-1] INFO  server.RaftServerConfigKeys (ConfUtils.java:logGet(43)) - raft.server.log.segment.size.max = 1048576 (custom)
2019-08-22 17:40:04,558 [pool-38-thread-1] INFO  server.RaftServerConfigKeys (ConfUtils.java:logGet(43)) - raft.server.log.segment.cache.num.max = 2 (custom)
2019-08-22 17:40:04,559 [pool-38-thread-1] INFO  segmented.SegmentedRaftLogWorker (SegmentedRaftLogWorker.java:<init>(172)) - new 6b3b49b3-a706-4943-ae36-3fb349ffaff4-SegmentedRaftLogWorker:Storage Directory /workdir/hadoop-ozone/integration-test/target/test-dir/MiniOzoneClusterImpl-c42309d1-0cec-4db9-9c35-8d22088a372f/datanode-1/data/ratis/3c4311af-bab3-49fe-942b-0870c57686f2 for RaftStorage:Storage Directory /workdir/hadoop-ozone/integration-test/target/test-dir/MiniOzoneClusterImpl-c42309d1-0cec-4db9-9c35-8d22088a372f/datanode-1/data/ratis/3c4311af-bab3-49fe-942b-0870c57686f2
2019-08-22 17:40:04,561 [pool-38-thread-1] INFO  server.RaftServerConfigKeys (ConfUtils.java:logGet(43)) - raft.server.log.queue.byte-limit = 2147483647 (custom)
2019-08-22 17:40:04,561 [pool-38-thread-1] INFO  server.RaftServerConfigKeys (ConfUtils.java:logGet(43)) - raft.server.log.queue.element-limit = 1024 (custom)
2019-08-22 17:40:04,561 [pool-38-thread-1] INFO  server.RaftServerConfigKeys (ConfUtils.java:logGet(43)) - raft.server.log.segment.size.max = 1048576 (custom)
2019-08-22 17:40:04,561 [pool-38-thread-1] INFO  server.RaftServerConfigKeys (ConfUtils.java:logGet(43)) - raft.server.log.preallocated.size = 16384 (custom)
2019-08-22 17:40:04,562 [pool-38-thread-1] INFO  server.RaftServerConfigKeys (ConfUtils.java:logGet(43)) - raft.server.log.write.buffer.size = 33554432 (custom)
2019-08-22 17:40:04,562 [pool-38-thread-1] INFO  server.RaftServerConfigKeys (ConfUtils.java:logGet(43)) - raft.server.log.force.sync.num = 128 (default)
2019-08-22 17:40:04,562 [pool-38-thread-1] INFO  server.RaftServerConfigKeys (ConfUtils.java:logGet(43)) - raft.server.log.statemachine.data.sync = true (default)
2019-08-22 17:40:04,562 [pool-38-thread-1] INFO  server.RaftServerConfigKeys (ConfUtils.java:logGet(43)) - raft.server.log.statemachine.data.sync.timeout = 10s (default)
2019-08-22 17:40:04,562 [pool-38-thread-1] INFO  server.RaftServerConfigKeys (ConfUtils.java:logGet(43)) - raft.server.log.statemachine.data.sync.timeout.retry = -1 (default)
2019-08-22 17:40:04,563 [pool-38-thread-1] INFO  server.RaftServerConfigKeys (ConfUtils.java:logGet(43)) - raft.server.log.statemachine.data.caching.enabled = true (custom)
2019-08-22 17:40:04,563 [pool-38-thread-1] INFO  segmented.SegmentedRaftLogWorker (SegmentedRaftLogWorker.java:lambda$new$0(132)) - 6b3b49b3-a706-4943-ae36-3fb349ffaff4-SegmentedRaftLogWorker:Storage Directory /workdir/hadoop-ozone/integration-test/target/test-dir/MiniOzoneClusterImpl-c42309d1-0cec-4db9-9c35-8d22088a372f/datanode-1/data/ratis/3c4311af-bab3-49fe-942b-0870c57686f2: flushIndex: setUnconditionally 0 -> -1
2019-08-22 17:40:04,564 [pool-38-thread-1] INFO  server.RaftServerConfigKeys (ConfUtils.java:logGet(43)) - raft.server.snapshot.auto.trigger.enabled = true (custom)
2019-08-22 17:40:04,564 [pool-38-thread-1] INFO  server.RaftServerConfigKeys (ConfUtils.java:logGet(43)) - raft.server.snapshot.auto.trigger.threshold = 10000 (custom)
2019-08-22 17:40:04,564 [pool-38-thread-1] INFO  server.RaftServerConfigKeys (ConfUtils.java:logGet(43)) - raft.server.retrycache.expirytime = 600000ms (custom)
2019-08-22 17:40:04,565 [pool-38-thread-1] INFO  impl.RaftServerImpl (RaftServerImpl.java:start(180)) - 6b3b49b3-a706-4943-ae36-3fb349ffaff4: start group-0870C57686F2
2019-08-22 17:40:04,565 [pool-38-thread-1] INFO  impl.RaftServerImpl (RaftServerImpl.java:setRole(171)) - 6b3b49b3-a706-4943-ae36-3fb349ffaff4:group-0870C57686F2 changes role from null to FOLLOWER at term 0 for startAsFollower
2019-08-22 17:40:04,565 [pool-38-thread-1] INFO  impl.RoleInfo (RoleInfo.java:updateAndGet(143)) - 6b3b49b3-a706-4943-ae36-3fb349ffaff4: start FollowerState
2019-08-22 17:40:04,567 [pool-38-thread-1] INFO  util.JmxRegister (JmxRegister.java:tryRegister(44)) - Successfully registered JMX Bean with object name Ratis:service=RaftServer,group=group-0870C57686F2,id=6b3b49b3-a706-4943-ae36-3fb349ffaff4
2019-08-22 17:40:04,577 [IPC Server handler 18 on 37000] INFO  net.NetworkTopology (NetworkTopologyImpl.java:add(110)) - Added a new node: /default-rack/f13cbeb3-1638-40ca-a674-1282dfb13b44
2019-08-22 17:40:04,578 [IPC Server handler 18 on 37000] INFO  node.SCMNodeManager (SCMNodeManager.java:register(273)) - Registered Data node : f13cbeb3-1638-40ca-a674-1282dfb13b44{ip: 192.168.5.173, host: pr-hdds-1808-4dtdn-3774871440, networkLocation: /default-rack, certSerialId: null}
2019-08-22 17:40:04,579 | INFO  | SCMAudit | user=jenkins1000 | ip=192.168.5.173 | op=REGISTER {datanodeDetails=f13cbeb3-1638-40ca-a674-1282dfb13b44{ip: 192.168.5.173, host: pr-hdds-1808-4dtdn-3774871440, networkLocation: /default-rack, certSerialId: null}} | ret=SUCCESS |  
2019-08-22 17:40:04,587 [RatisPipelineUtilsThread] INFO  pipeline.PipelineStateManager (PipelineStateManager.java:addPipeline(56)) - Created pipeline Pipeline[ Id: 3c4311af-bab3-49fe-942b-0870c57686f2, Nodes: 6b3b49b3-a706-4943-ae36-3fb349ffaff4{ip: 192.168.5.173, host: pr-hdds-1808-4dtdn-3774871440, networkLocation: /default-rack, certSerialId: null}, Type:RATIS, Factor:ONE, State:OPEN]
2019-08-22 17:40:04,612 [grpc-default-executor-0] INFO  impl.RaftServerProxy (RaftServerProxy.java:addNew(89)) - c0e77ccd-2b09-4a23-a664-68073c461c61: addNew group-FC8A0A837E98:[c0e77ccd-2b09-4a23-a664-68073c461c61:192.168.5.173:40314] returns group-FC8A0A837E98:java.util.concurrent.CompletableFuture@6a259157[Not completed]
2019-08-22 17:40:04,627 [pool-60-thread-1] INFO  impl.RaftServerImpl (RaftServerImpl.java:<init>(93)) - c0e77ccd-2b09-4a23-a664-68073c461c61: new RaftServerImpl for group-FC8A0A837E98:[c0e77ccd-2b09-4a23-a664-68073c461c61:192.168.5.173:40314] with ContainerStateMachine:uninitialized
2019-08-22 17:40:04,628 [pool-60-thread-1] INFO  server.RaftServerConfigKeys (ConfUtils.java:logGet(43)) - raft.server.rpc.timeout.min = 5s (custom)
2019-08-22 17:40:04,628 [pool-60-thread-1] INFO  server.RaftServerConfigKeys (ConfUtils.java:logGet(43)) - raft.server.rpc.timeout.max = 5200ms (custom)
2019-08-22 17:40:04,628 [pool-60-thread-1] INFO  server.RaftServerConfigKeys (ConfUtils.java:logGet(43)) - raft.server.rpcslowness.timeout = 120s (custom)
2019-08-22 17:40:04,628 [pool-60-thread-1] INFO  server.RaftServerConfigKeys (ConfUtils.java:logGet(43)) - raft.server.sleep.deviation.threshold = 300 (default)
2019-08-22 17:40:04,628 [pool-60-thread-1] INFO  server.RaftServerConfigKeys (ConfUtils.java:logGet(43)) - raft.server.log.appender.install.snapshot.enabled = false (custom)
2019-08-22 17:40:04,629 [pool-60-thread-1] INFO  impl.RaftServerImpl (ServerState.java:<init>(105)) - c0e77ccd-2b09-4a23-a664-68073c461c61:group-FC8A0A837E98 ConfigurationManager, init=-1: [c0e77ccd-2b09-4a23-a664-68073c461c61:192.168.5.173:40314], old=null, confs=<EMPTY_MAP>
2019-08-22 17:40:04,629 [pool-60-thread-1] INFO  server.RaftServerConfigKeys (ConfUtils.java:logGet(43)) - raft.server.storage.dir = [/workdir/hadoop-ozone/integration-test/target/test-dir/MiniOzoneClusterImpl-c42309d1-0cec-4db9-9c35-8d22088a372f/datanode-3/data/ratis] (custom)
2019-08-22 17:40:04,629 [pool-60-thread-1] INFO  storage.RaftStorageDirectory (RaftStorageDirectory.java:analyzeStorage(246)) - The storage directory /workdir/hadoop-ozone/integration-test/target/test-dir/MiniOzoneClusterImpl-c42309d1-0cec-4db9-9c35-8d22088a372f/datanode-3/data/ratis/aa656320-ae26-421a-bb6b-fc8a0a837e98 does not exist. Creating ...
2019-08-22 17:40:04,642 [pool-60-thread-1] INFO  storage.RaftStorageDirectory (RaftStorageDirectory.java:tryLock(328)) - Lock on /workdir/hadoop-ozone/integration-test/target/test-dir/MiniOzoneClusterImpl-c42309d1-0cec-4db9-9c35-8d22088a372f/datanode-3/data/ratis/aa656320-ae26-421a-bb6b-fc8a0a837e98/in_use.lock acquired by nodename 29095@pr-hdds-1808-4dtdn-3774871440
2019-08-22 17:40:04,655 [pool-60-thread-1] INFO  storage.RaftStorage (RaftStorage.java:format(72)) - Storage directory /workdir/hadoop-ozone/integration-test/target/test-dir/MiniOzoneClusterImpl-c42309d1-0cec-4db9-9c35-8d22088a372f/datanode-3/data/ratis/aa656320-ae26-421a-bb6b-fc8a0a837e98 has been successfully formatted.
2019-08-22 17:40:04,655 [pool-60-thread-1] INFO  ratis.ContainerStateMachine (ContainerStateMachine.java:loadSnapshot(226)) - group-FC8A0A837E98: The snapshot info is null. Setting the last applied indexto:(t:0, i:~)
2019-08-22 17:40:04,656 [pool-60-thread-1] INFO  server.RaftServerConfigKeys (ConfUtils.java:logGet(43)) - raft.server.leader.election.timeout = 120s (custom)
2019-08-22 17:40:04,656 [pool-60-thread-1] INFO  server.RaftServerConfigKeys (ConfUtils.java:logGet(43)) - raft.server.log.use.memory = false (default)
2019-08-22 17:40:04,656 [pool-60-thread-1] INFO  server.RaftServerConfigKeys (ConfUtils.java:logGet(43)) - raft.server.log.purge.gap = 1000000 (custom)
2019-08-22 17:40:04,656 [pool-60-thread-1] INFO  server.RaftServerConfigKeys (ConfUtils.java:logGet(43)) - raft.server.log.appender.buffer.byte-limit = 33554432 (custom)
2019-08-22 17:40:04,656 [pool-60-thread-1] INFO  server.RaftServerConfigKeys (ConfUtils.java:logGet(43)) - raft.server.log.segment.size.max = 1048576 (custom)
2019-08-22 17:40:04,657 [pool-60-thread-1] INFO  server.RaftServerConfigKeys (ConfUtils.java:logGet(43)) - raft.server.log.segment.cache.num.max = 2 (custom)
2019-08-22 17:40:04,657 [pool-60-thread-1] INFO  segmented.SegmentedRaftLogWorker (SegmentedRaftLogWorker.java:<init>(172)) - new c0e77ccd-2b09-4a23-a664-68073c461c61-SegmentedRaftLogWorker:Storage Directory /workdir/hadoop-ozone/integration-test/target/test-dir/MiniOzoneClusterImpl-c42309d1-0cec-4db9-9c35-8d22088a372f/datanode-3/data/ratis/aa656320-ae26-421a-bb6b-fc8a0a837e98 for RaftStorage:Storage Directory /workdir/hadoop-ozone/integration-test/target/test-dir/MiniOzoneClusterImpl-c42309d1-0cec-4db9-9c35-8d22088a372f/datanode-3/data/ratis/aa656320-ae26-421a-bb6b-fc8a0a837e98
2019-08-22 17:40:04,657 [pool-60-thread-1] INFO  server.RaftServerConfigKeys (ConfUtils.java:logGet(43)) - raft.server.log.queue.byte-limit = 2147483647 (custom)
2019-08-22 17:40:04,657 [pool-60-thread-1] INFO  server.RaftServerConfigKeys (ConfUtils.java:logGet(43)) - raft.server.log.queue.element-limit = 1024 (custom)
2019-08-22 17:40:04,658 [pool-60-thread-1] INFO  server.RaftServerConfigKeys (ConfUtils.java:logGet(43)) - raft.server.log.segment.size.max = 1048576 (custom)
2019-08-22 17:40:04,658 [pool-60-thread-1] INFO  server.RaftServerConfigKeys (ConfUtils.java:logGet(43)) - raft.server.log.preallocated.size = 16384 (custom)
2019-08-22 17:40:04,658 [pool-60-thread-1] INFO  server.RaftServerConfigKeys (ConfUtils.java:logGet(43)) - raft.server.log.write.buffer.size = 33554432 (custom)
2019-08-22 17:40:04,659 [pool-60-thread-1] INFO  server.RaftServerConfigKeys (ConfUtils.java:logGet(43)) - raft.server.log.force.sync.num = 128 (default)
2019-08-22 17:40:04,659 [pool-60-thread-1] INFO  server.RaftServerConfigKeys (ConfUtils.java:logGet(43)) - raft.server.log.statemachine.data.sync = true (default)
2019-08-22 17:40:04,659 [pool-60-thread-1] INFO  server.RaftServerConfigKeys (ConfUtils.java:logGet(43)) - raft.server.log.statemachine.data.sync.timeout = 10s (default)
2019-08-22 17:40:04,659 [pool-60-thread-1] INFO  server.RaftServerConfigKeys (ConfUtils.java:logGet(43)) - raft.server.log.statemachine.data.sync.timeout.retry = -1 (default)
2019-08-22 17:40:04,660 [pool-60-thread-1] INFO  server.RaftServerConfigKeys (ConfUtils.java:logGet(43)) - raft.server.log.statemachine.data.caching.enabled = true (custom)
2019-08-22 17:40:04,660 [pool-60-thread-1] INFO  segmented.SegmentedRaftLogWorker (SegmentedRaftLogWorker.java:lambda$new$0(132)) - c0e77ccd-2b09-4a23-a664-68073c461c61-SegmentedRaftLogWorker:Storage Directory /workdir/hadoop-ozone/integration-test/target/test-dir/MiniOzoneClusterImpl-c42309d1-0cec-4db9-9c35-8d22088a372f/datanode-3/data/ratis/aa656320-ae26-421a-bb6b-fc8a0a837e98: flushIndex: setUnconditionally 0 -> -1
2019-08-22 17:40:04,660 [pool-60-thread-1] INFO  server.RaftServerConfigKeys (ConfUtils.java:logGet(43)) - raft.server.snapshot.auto.trigger.enabled = true (custom)
2019-08-22 17:40:04,661 [pool-60-thread-1] INFO  server.RaftServerConfigKeys (ConfUtils.java:logGet(43)) - raft.server.snapshot.auto.trigger.threshold = 10000 (custom)
2019-08-22 17:40:04,661 [pool-60-thread-1] INFO  server.RaftServerConfigKeys (ConfUtils.java:logGet(43)) - raft.server.retrycache.expirytime = 600000ms (custom)
2019-08-22 17:40:04,661 [pool-60-thread-1] INFO  impl.RaftServerImpl (RaftServerImpl.java:start(180)) - c0e77ccd-2b09-4a23-a664-68073c461c61: start group-FC8A0A837E98
2019-08-22 17:40:04,661 [pool-60-thread-1] INFO  impl.RaftServerImpl (RaftServerImpl.java:setRole(171)) - c0e77ccd-2b09-4a23-a664-68073c461c61:group-FC8A0A837E98 changes role from null to FOLLOWER at term 0 for startAsFollower
2019-08-22 17:40:04,662 [pool-60-thread-1] INFO  impl.RoleInfo (RoleInfo.java:updateAndGet(143)) - c0e77ccd-2b09-4a23-a664-68073c461c61: start FollowerState
2019-08-22 17:40:04,662 [pool-60-thread-1] INFO  util.JmxRegister (JmxRegister.java:tryRegister(44)) - Successfully registered JMX Bean with object name Ratis:service=RaftServer,group=group-FC8A0A837E98,id=c0e77ccd-2b09-4a23-a664-68073c461c61
2019-08-22 17:40:04,677 [RatisPipelineUtilsThread] INFO  pipeline.PipelineStateManager (PipelineStateManager.java:addPipeline(56)) - Created pipeline Pipeline[ Id: aa656320-ae26-421a-bb6b-fc8a0a837e98, Nodes: c0e77ccd-2b09-4a23-a664-68073c461c61{ip: 192.168.5.173, host: pr-hdds-1808-4dtdn-3774871440, networkLocation: /default-rack, certSerialId: null}, Type:RATIS, Factor:ONE, State:OPEN]
2019-08-22 17:40:04,702 [grpc-default-executor-0] INFO  impl.RaftServerProxy (RaftServerProxy.java:addNew(89)) - 3d7b10ec-55d3-4b38-809c-43b59ae8e43b: addNew group-2434285E5BF5:[3d7b10ec-55d3-4b38-809c-43b59ae8e43b:192.168.5.173:46093] returns group-2434285E5BF5:java.util.concurrent.CompletableFuture@542873aa[Not completed]
2019-08-22 17:40:04,705 [pool-49-thread-1] INFO  impl.RaftServerImpl (RaftServerImpl.java:<init>(93)) - 3d7b10ec-55d3-4b38-809c-43b59ae8e43b: new RaftServerImpl for group-2434285E5BF5:[3d7b10ec-55d3-4b38-809c-43b59ae8e43b:192.168.5.173:46093] with ContainerStateMachine:uninitialized
2019-08-22 17:40:04,706 [pool-49-thread-1] INFO  server.RaftServerConfigKeys (ConfUtils.java:logGet(43)) - raft.server.rpc.timeout.min = 5s (custom)
2019-08-22 17:40:04,706 [pool-49-thread-1] INFO  server.RaftServerConfigKeys (ConfUtils.java:logGet(43)) - raft.server.rpc.timeout.max = 5200ms (custom)
2019-08-22 17:40:04,706 [pool-49-thread-1] INFO  server.RaftServerConfigKeys (ConfUtils.java:logGet(43)) - raft.server.rpcslowness.timeout = 120s (custom)
2019-08-22 17:40:04,706 [pool-49-thread-1] INFO  server.RaftServerConfigKeys (ConfUtils.java:logGet(43)) - raft.server.sleep.deviation.threshold = 300 (default)
2019-08-22 17:40:04,706 [pool-49-thread-1] INFO  server.RaftServerConfigKeys (ConfUtils.java:logGet(43)) - raft.server.log.appender.install.snapshot.enabled = false (custom)
2019-08-22 17:40:04,707 [pool-49-thread-1] INFO  impl.RaftServerImpl (ServerState.java:<init>(105)) - 3d7b10ec-55d3-4b38-809c-43b59ae8e43b:group-2434285E5BF5 ConfigurationManager, init=-1: [3d7b10ec-55d3-4b38-809c-43b59ae8e43b:192.168.5.173:46093], old=null, confs=<EMPTY_MAP>
2019-08-22 17:40:04,707 [pool-49-thread-1] INFO  server.RaftServerConfigKeys (ConfUtils.java:logGet(43)) - raft.server.storage.dir = [/workdir/hadoop-ozone/integration-test/target/test-dir/MiniOzoneClusterImpl-c42309d1-0cec-4db9-9c35-8d22088a372f/datanode-2/data/ratis] (custom)
2019-08-22 17:40:04,707 [pool-49-thread-1] INFO  storage.RaftStorageDirectory (RaftStorageDirectory.java:analyzeStorage(246)) - The storage directory /workdir/hadoop-ozone/integration-test/target/test-dir/MiniOzoneClusterImpl-c42309d1-0cec-4db9-9c35-8d22088a372f/datanode-2/data/ratis/2313a023-d8e2-466a-9bf1-2434285e5bf5 does not exist. Creating ...
2019-08-22 17:40:04,721 [pool-49-thread-1] INFO  storage.RaftStorageDirectory (RaftStorageDirectory.java:tryLock(328)) - Lock on /workdir/hadoop-ozone/integration-test/target/test-dir/MiniOzoneClusterImpl-c42309d1-0cec-4db9-9c35-8d22088a372f/datanode-2/data/ratis/2313a023-d8e2-466a-9bf1-2434285e5bf5/in_use.lock acquired by nodename 29095@pr-hdds-1808-4dtdn-3774871440
2019-08-22 17:40:04,734 [pool-49-thread-1] INFO  storage.RaftStorage (RaftStorage.java:format(72)) - Storage directory /workdir/hadoop-ozone/integration-test/target/test-dir/MiniOzoneClusterImpl-c42309d1-0cec-4db9-9c35-8d22088a372f/datanode-2/data/ratis/2313a023-d8e2-466a-9bf1-2434285e5bf5 has been successfully formatted.
2019-08-22 17:40:04,734 [pool-49-thread-1] INFO  ratis.ContainerStateMachine (ContainerStateMachine.java:loadSnapshot(226)) - group-2434285E5BF5: The snapshot info is null. Setting the last applied indexto:(t:0, i:~)
2019-08-22 17:40:04,735 [pool-49-thread-1] INFO  server.RaftServerConfigKeys (ConfUtils.java:logGet(43)) - raft.server.leader.election.timeout = 120s (custom)
2019-08-22 17:40:04,735 [pool-49-thread-1] INFO  server.RaftServerConfigKeys (ConfUtils.java:logGet(43)) - raft.server.log.use.memory = false (default)
2019-08-22 17:40:04,735 [pool-49-thread-1] INFO  server.RaftServerConfigKeys (ConfUtils.java:logGet(43)) - raft.server.log.purge.gap = 1000000 (custom)
2019-08-22 17:40:04,735 [pool-49-thread-1] INFO  server.RaftServerConfigKeys (ConfUtils.java:logGet(43)) - raft.server.log.appender.buffer.byte-limit = 33554432 (custom)
2019-08-22 17:40:04,735 [pool-49-thread-1] INFO  server.RaftServerConfigKeys (ConfUtils.java:logGet(43)) - raft.server.log.segment.size.max = 1048576 (custom)
2019-08-22 17:40:04,735 [pool-49-thread-1] INFO  server.RaftServerConfigKeys (ConfUtils.java:logGet(43)) - raft.server.log.segment.cache.num.max = 2 (custom)
2019-08-22 17:40:04,736 [pool-49-thread-1] INFO  segmented.SegmentedRaftLogWorker (SegmentedRaftLogWorker.java:<init>(172)) - new 3d7b10ec-55d3-4b38-809c-43b59ae8e43b-SegmentedRaftLogWorker:Storage Directory /workdir/hadoop-ozone/integration-test/target/test-dir/MiniOzoneClusterImpl-c42309d1-0cec-4db9-9c35-8d22088a372f/datanode-2/data/ratis/2313a023-d8e2-466a-9bf1-2434285e5bf5 for RaftStorage:Storage Directory /workdir/hadoop-ozone/integration-test/target/test-dir/MiniOzoneClusterImpl-c42309d1-0cec-4db9-9c35-8d22088a372f/datanode-2/data/ratis/2313a023-d8e2-466a-9bf1-2434285e5bf5
2019-08-22 17:40:04,736 [pool-49-thread-1] INFO  server.RaftServerConfigKeys (ConfUtils.java:logGet(43)) - raft.server.log.queue.byte-limit = 2147483647 (custom)
2019-08-22 17:40:04,736 [pool-49-thread-1] INFO  server.RaftServerConfigKeys (ConfUtils.java:logGet(43)) - raft.server.log.queue.element-limit = 1024 (custom)
2019-08-22 17:40:04,736 [pool-49-thread-1] INFO  server.RaftServerConfigKeys (ConfUtils.java:logGet(43)) - raft.server.log.segment.size.max = 1048576 (custom)
2019-08-22 17:40:04,737 [pool-49-thread-1] INFO  server.RaftServerConfigKeys (ConfUtils.java:logGet(43)) - raft.server.log.preallocated.size = 16384 (custom)
2019-08-22 17:40:04,737 [pool-49-thread-1] INFO  server.RaftServerConfigKeys (ConfUtils.java:logGet(43)) - raft.server.log.write.buffer.size = 33554432 (custom)
2019-08-22 17:40:04,737 [pool-49-thread-1] INFO  server.RaftServerConfigKeys (ConfUtils.java:logGet(43)) - raft.server.log.force.sync.num = 128 (default)
2019-08-22 17:40:04,737 [pool-49-thread-1] INFO  server.RaftServerConfigKeys (ConfUtils.java:logGet(43)) - raft.server.log.statemachine.data.sync = true (default)
2019-08-22 17:40:04,737 [pool-49-thread-1] INFO  server.RaftServerConfigKeys (ConfUtils.java:logGet(43)) - raft.server.log.statemachine.data.sync.timeout = 10s (default)
2019-08-22 17:40:04,737 [pool-49-thread-1] INFO  server.RaftServerConfigKeys (ConfUtils.java:logGet(43)) - raft.server.log.statemachine.data.sync.timeout.retry = -1 (default)
2019-08-22 17:40:04,738 [pool-49-thread-1] INFO  server.RaftServerConfigKeys (ConfUtils.java:logGet(43)) - raft.server.log.statemachine.data.caching.enabled = true (custom)
2019-08-22 17:40:04,738 [pool-49-thread-1] INFO  segmented.SegmentedRaftLogWorker (SegmentedRaftLogWorker.java:lambda$new$0(132)) - 3d7b10ec-55d3-4b38-809c-43b59ae8e43b-SegmentedRaftLogWorker:Storage Directory /workdir/hadoop-ozone/integration-test/target/test-dir/MiniOzoneClusterImpl-c42309d1-0cec-4db9-9c35-8d22088a372f/datanode-2/data/ratis/2313a023-d8e2-466a-9bf1-2434285e5bf5: flushIndex: setUnconditionally 0 -> -1
2019-08-22 17:40:04,738 [pool-49-thread-1] INFO  server.RaftServerConfigKeys (ConfUtils.java:logGet(43)) - raft.server.snapshot.auto.trigger.enabled = true (custom)
2019-08-22 17:40:04,739 [pool-49-thread-1] INFO  server.RaftServerConfigKeys (ConfUtils.java:logGet(43)) - raft.server.snapshot.auto.trigger.threshold = 10000 (custom)
2019-08-22 17:40:04,739 [pool-49-thread-1] INFO  server.RaftServerConfigKeys (ConfUtils.java:logGet(43)) - raft.server.retrycache.expirytime = 600000ms (custom)
2019-08-22 17:40:04,739 [pool-49-thread-1] INFO  impl.RaftServerImpl (RaftServerImpl.java:start(180)) - 3d7b10ec-55d3-4b38-809c-43b59ae8e43b: start group-2434285E5BF5
2019-08-22 17:40:04,739 [pool-49-thread-1] INFO  impl.RaftServerImpl (RaftServerImpl.java:setRole(171)) - 3d7b10ec-55d3-4b38-809c-43b59ae8e43b:group-2434285E5BF5 changes role from null to FOLLOWER at term 0 for startAsFollower
2019-08-22 17:40:04,739 [pool-49-thread-1] INFO  impl.RoleInfo (RoleInfo.java:updateAndGet(143)) - 3d7b10ec-55d3-4b38-809c-43b59ae8e43b: start FollowerState
2019-08-22 17:40:04,740 [pool-49-thread-1] INFO  util.JmxRegister (JmxRegister.java:tryRegister(44)) - Successfully registered JMX Bean with object name Ratis:service=RaftServer,group=group-2434285E5BF5,id=3d7b10ec-55d3-4b38-809c-43b59ae8e43b
2019-08-22 17:40:04,754 [RatisPipelineUtilsThread] INFO  pipeline.PipelineStateManager (PipelineStateManager.java:addPipeline(56)) - Created pipeline Pipeline[ Id: 2313a023-d8e2-466a-9bf1-2434285e5bf5, Nodes: 3d7b10ec-55d3-4b38-809c-43b59ae8e43b{ip: 192.168.5.173, host: pr-hdds-1808-4dtdn-3774871440, networkLocation: /default-rack, certSerialId: null}, Type:RATIS, Factor:ONE, State:OPEN]
2019-08-22 17:40:04,780 [grpc-default-executor-0] INFO  impl.RaftServerProxy (RaftServerProxy.java:addNew(89)) - a1f47dd0-84e3-4d6e-b4c6-03c6939721b7: addNew group-6CE9E0DEF40B:[a1f47dd0-84e3-4d6e-b4c6-03c6939721b7:192.168.5.173:36744] returns group-6CE9E0DEF40B:java.util.concurrent.CompletableFuture@e4dd055[Not completed]
2019-08-22 17:40:04,785 [pool-71-thread-1] INFO  impl.RaftServerImpl (RaftServerImpl.java:<init>(93)) - a1f47dd0-84e3-4d6e-b4c6-03c6939721b7: new RaftServerImpl for group-6CE9E0DEF40B:[a1f47dd0-84e3-4d6e-b4c6-03c6939721b7:192.168.5.173:36744] with ContainerStateMachine:uninitialized
2019-08-22 17:40:04,785 [pool-71-thread-1] INFO  server.RaftServerConfigKeys (ConfUtils.java:logGet(43)) - raft.server.rpc.timeout.min = 5s (custom)
2019-08-22 17:40:04,786 [pool-71-thread-1] INFO  server.RaftServerConfigKeys (ConfUtils.java:logGet(43)) - raft.server.rpc.timeout.max = 5200ms (custom)
2019-08-22 17:40:04,786 [pool-71-thread-1] INFO  server.RaftServerConfigKeys (ConfUtils.java:logGet(43)) - raft.server.rpcslowness.timeout = 120s (custom)
2019-08-22 17:40:04,786 [pool-71-thread-1] INFO  server.RaftServerConfigKeys (ConfUtils.java:logGet(43)) - raft.server.sleep.deviation.threshold = 300 (default)
2019-08-22 17:40:04,786 [pool-71-thread-1] INFO  server.RaftServerConfigKeys (ConfUtils.java:logGet(43)) - raft.server.log.appender.install.snapshot.enabled = false (custom)
2019-08-22 17:40:04,786 [pool-71-thread-1] INFO  impl.RaftServerImpl (ServerState.java:<init>(105)) - a1f47dd0-84e3-4d6e-b4c6-03c6939721b7:group-6CE9E0DEF40B ConfigurationManager, init=-1: [a1f47dd0-84e3-4d6e-b4c6-03c6939721b7:192.168.5.173:36744], old=null, confs=<EMPTY_MAP>
2019-08-22 17:40:04,786 [pool-71-thread-1] INFO  server.RaftServerConfigKeys (ConfUtils.java:logGet(43)) - raft.server.storage.dir = [/workdir/hadoop-ozone/integration-test/target/test-dir/MiniOzoneClusterImpl-c42309d1-0cec-4db9-9c35-8d22088a372f/datanode-4/data/ratis] (custom)
2019-08-22 17:40:04,787 [pool-71-thread-1] INFO  storage.RaftStorageDirectory (RaftStorageDirectory.java:analyzeStorage(246)) - The storage directory /workdir/hadoop-ozone/integration-test/target/test-dir/MiniOzoneClusterImpl-c42309d1-0cec-4db9-9c35-8d22088a372f/datanode-4/data/ratis/141ef79f-defb-43bf-b7a0-6ce9e0def40b does not exist. Creating ...
2019-08-22 17:40:04,799 [pool-71-thread-1] INFO  storage.RaftStorageDirectory (RaftStorageDirectory.java:tryLock(328)) - Lock on /workdir/hadoop-ozone/integration-test/target/test-dir/MiniOzoneClusterImpl-c42309d1-0cec-4db9-9c35-8d22088a372f/datanode-4/data/ratis/141ef79f-defb-43bf-b7a0-6ce9e0def40b/in_use.lock acquired by nodename 29095@pr-hdds-1808-4dtdn-3774871440
2019-08-22 17:40:04,831 [pool-71-thread-1] INFO  storage.RaftStorage (RaftStorage.java:format(72)) - Storage directory /workdir/hadoop-ozone/integration-test/target/test-dir/MiniOzoneClusterImpl-c42309d1-0cec-4db9-9c35-8d22088a372f/datanode-4/data/ratis/141ef79f-defb-43bf-b7a0-6ce9e0def40b has been successfully formatted.
2019-08-22 17:40:04,832 [pool-71-thread-1] INFO  ratis.ContainerStateMachine (ContainerStateMachine.java:loadSnapshot(226)) - group-6CE9E0DEF40B: The snapshot info is null. Setting the last applied indexto:(t:0, i:~)
2019-08-22 17:40:04,832 [pool-71-thread-1] INFO  server.RaftServerConfigKeys (ConfUtils.java:logGet(43)) - raft.server.leader.election.timeout = 120s (custom)
2019-08-22 17:40:04,832 [pool-71-thread-1] INFO  server.RaftServerConfigKeys (ConfUtils.java:logGet(43)) - raft.server.log.use.memory = false (default)
2019-08-22 17:40:04,832 [pool-71-thread-1] INFO  server.RaftServerConfigKeys (ConfUtils.java:logGet(43)) - raft.server.log.purge.gap = 1000000 (custom)
2019-08-22 17:40:04,833 [pool-71-thread-1] INFO  server.RaftServerConfigKeys (ConfUtils.java:logGet(43)) - raft.server.log.appender.buffer.byte-limit = 33554432 (custom)
2019-08-22 17:40:04,833 [pool-71-thread-1] INFO  server.RaftServerConfigKeys (ConfUtils.java:logGet(43)) - raft.server.log.segment.size.max = 1048576 (custom)
2019-08-22 17:40:04,833 [pool-71-thread-1] INFO  server.RaftServerConfigKeys (ConfUtils.java:logGet(43)) - raft.server.log.segment.cache.num.max = 2 (custom)
2019-08-22 17:40:04,833 [pool-71-thread-1] INFO  segmented.SegmentedRaftLogWorker (SegmentedRaftLogWorker.java:<init>(172)) - new a1f47dd0-84e3-4d6e-b4c6-03c6939721b7-SegmentedRaftLogWorker:Storage Directory /workdir/hadoop-ozone/integration-test/target/test-dir/MiniOzoneClusterImpl-c42309d1-0cec-4db9-9c35-8d22088a372f/datanode-4/data/ratis/141ef79f-defb-43bf-b7a0-6ce9e0def40b for RaftStorage:Storage Directory /workdir/hadoop-ozone/integration-test/target/test-dir/MiniOzoneClusterImpl-c42309d1-0cec-4db9-9c35-8d22088a372f/datanode-4/data/ratis/141ef79f-defb-43bf-b7a0-6ce9e0def40b
2019-08-22 17:40:04,833 [pool-71-thread-1] INFO  server.RaftServerConfigKeys (ConfUtils.java:logGet(43)) - raft.server.log.queue.byte-limit = 2147483647 (custom)
2019-08-22 17:40:04,834 [pool-71-thread-1] INFO  server.RaftServerConfigKeys (ConfUtils.java:logGet(43)) - raft.server.log.queue.element-limit = 1024 (custom)
2019-08-22 17:40:04,834 [pool-71-thread-1] INFO  server.RaftServerConfigKeys (ConfUtils.java:logGet(43)) - raft.server.log.segment.size.max = 1048576 (custom)
2019-08-22 17:40:04,834 [pool-71-thread-1] INFO  server.RaftServerConfigKeys (ConfUtils.java:logGet(43)) - raft.server.log.preallocated.size = 16384 (custom)
2019-08-22 17:40:04,834 [pool-71-thread-1] INFO  server.RaftServerConfigKeys (ConfUtils.java:logGet(43)) - raft.server.log.write.buffer.size = 33554432 (custom)
2019-08-22 17:40:04,834 [pool-71-thread-1] INFO  server.RaftServerConfigKeys (ConfUtils.java:logGet(43)) - raft.server.log.force.sync.num = 128 (default)
2019-08-22 17:40:04,835 [pool-71-thread-1] INFO  server.RaftServerConfigKeys (ConfUtils.java:logGet(43)) - raft.server.log.statemachine.data.sync = true (default)
2019-08-22 17:40:04,835 [pool-71-thread-1] INFO  server.RaftServerConfigKeys (ConfUtils.java:logGet(43)) - raft.server.log.statemachine.data.sync.timeout = 10s (default)
2019-08-22 17:40:04,835 [pool-71-thread-1] INFO  server.RaftServerConfigKeys (ConfUtils.java:logGet(43)) - raft.server.log.statemachine.data.sync.timeout.retry = -1 (default)
2019-08-22 17:40:04,835 [pool-71-thread-1] INFO  server.RaftServerConfigKeys (ConfUtils.java:logGet(43)) - raft.server.log.statemachine.data.caching.enabled = true (custom)
2019-08-22 17:40:04,836 [pool-71-thread-1] INFO  segmented.SegmentedRaftLogWorker (SegmentedRaftLogWorker.java:lambda$new$0(132)) - a1f47dd0-84e3-4d6e-b4c6-03c6939721b7-SegmentedRaftLogWorker:Storage Directory /workdir/hadoop-ozone/integration-test/target/test-dir/MiniOzoneClusterImpl-c42309d1-0cec-4db9-9c35-8d22088a372f/datanode-4/data/ratis/141ef79f-defb-43bf-b7a0-6ce9e0def40b: flushIndex: setUnconditionally 0 -> -1
2019-08-22 17:40:04,836 [pool-71-thread-1] INFO  server.RaftServerConfigKeys (ConfUtils.java:logGet(43)) - raft.server.snapshot.auto.trigger.enabled = true (custom)
2019-08-22 17:40:04,836 [pool-71-thread-1] INFO  server.RaftServerConfigKeys (ConfUtils.java:logGet(43)) - raft.server.snapshot.auto.trigger.threshold = 10000 (custom)
2019-08-22 17:40:04,837 [pool-71-thread-1] INFO  server.RaftServerConfigKeys (ConfUtils.java:logGet(43)) - raft.server.retrycache.expirytime = 600000ms (custom)
2019-08-22 17:40:04,837 [pool-71-thread-1] INFO  impl.RaftServerImpl (RaftServerImpl.java:start(180)) - a1f47dd0-84e3-4d6e-b4c6-03c6939721b7: start group-6CE9E0DEF40B
2019-08-22 17:40:04,837 [pool-71-thread-1] INFO  impl.RaftServerImpl (RaftServerImpl.java:setRole(171)) - a1f47dd0-84e3-4d6e-b4c6-03c6939721b7:group-6CE9E0DEF40B changes role from null to FOLLOWER at term 0 for startAsFollower
2019-08-22 17:40:04,837 [pool-71-thread-1] INFO  impl.RoleInfo (RoleInfo.java:updateAndGet(143)) - a1f47dd0-84e3-4d6e-b4c6-03c6939721b7: start FollowerState
2019-08-22 17:40:04,838 [pool-71-thread-1] INFO  util.JmxRegister (JmxRegister.java:tryRegister(44)) - Successfully registered JMX Bean with object name Ratis:service=RaftServer,group=group-6CE9E0DEF40B,id=a1f47dd0-84e3-4d6e-b4c6-03c6939721b7
2019-08-22 17:40:04,853 [RatisPipelineUtilsThread] INFO  pipeline.PipelineStateManager (PipelineStateManager.java:addPipeline(56)) - Created pipeline Pipeline[ Id: 141ef79f-defb-43bf-b7a0-6ce9e0def40b, Nodes: a1f47dd0-84e3-4d6e-b4c6-03c6939721b7{ip: 192.168.5.173, host: pr-hdds-1808-4dtdn-3774871440, networkLocation: /default-rack, certSerialId: null}, Type:RATIS, Factor:ONE, State:OPEN]
2019-08-22 17:40:04,881 [grpc-default-executor-1] INFO  impl.RaftServerProxy (RaftServerProxy.java:addNew(89)) - 431e9d5c-189d-4913-bc0e-bcdfa34a8a0c: addNew group-CC909DEFFADC:[431e9d5c-189d-4913-bc0e-bcdfa34a8a0c:192.168.5.173:43660] returns group-CC909DEFFADC:java.util.concurrent.CompletableFuture@4fef9dfd[Not completed]
2019-08-22 17:40:04,887 [pool-82-thread-1] INFO  impl.RaftServerImpl (RaftServerImpl.java:<init>(93)) - 431e9d5c-189d-4913-bc0e-bcdfa34a8a0c: new RaftServerImpl for group-CC909DEFFADC:[431e9d5c-189d-4913-bc0e-bcdfa34a8a0c:192.168.5.173:43660] with ContainerStateMachine:uninitialized
2019-08-22 17:40:04,887 [pool-82-thread-1] INFO  server.RaftServerConfigKeys (ConfUtils.java:logGet(43)) - raft.server.rpc.timeout.min = 5s (custom)
2019-08-22 17:40:04,888 [pool-82-thread-1] INFO  server.RaftServerConfigKeys (ConfUtils.java:logGet(43)) - raft.server.rpc.timeout.max = 5200ms (custom)
2019-08-22 17:40:04,888 [pool-82-thread-1] INFO  server.RaftServerConfigKeys (ConfUtils.java:logGet(43)) - raft.server.rpcslowness.timeout = 120s (custom)
2019-08-22 17:40:04,888 [pool-82-thread-1] INFO  server.RaftServerConfigKeys (ConfUtils.java:logGet(43)) - raft.server.sleep.deviation.threshold = 300 (default)
2019-08-22 17:40:04,888 [pool-82-thread-1] INFO  server.RaftServerConfigKeys (ConfUtils.java:logGet(43)) - raft.server.log.appender.install.snapshot.enabled = false (custom)
2019-08-22 17:40:04,888 [pool-82-thread-1] INFO  impl.RaftServerImpl (ServerState.java:<init>(105)) - 431e9d5c-189d-4913-bc0e-bcdfa34a8a0c:group-CC909DEFFADC ConfigurationManager, init=-1: [431e9d5c-189d-4913-bc0e-bcdfa34a8a0c:192.168.5.173:43660], old=null, confs=<EMPTY_MAP>
2019-08-22 17:40:04,889 [pool-82-thread-1] INFO  server.RaftServerConfigKeys (ConfUtils.java:logGet(43)) - raft.server.storage.dir = [/workdir/hadoop-ozone/integration-test/target/test-dir/MiniOzoneClusterImpl-c42309d1-0cec-4db9-9c35-8d22088a372f/datanode-5/data/ratis] (custom)
2019-08-22 17:40:04,889 [pool-82-thread-1] INFO  storage.RaftStorageDirectory (RaftStorageDirectory.java:analyzeStorage(246)) - The storage directory /workdir/hadoop-ozone/integration-test/target/test-dir/MiniOzoneClusterImpl-c42309d1-0cec-4db9-9c35-8d22088a372f/datanode-5/data/ratis/9eee2c9f-19d1-4bc2-804a-cc909deffadc does not exist. Creating ...
2019-08-22 17:40:04,914 [pool-82-thread-1] INFO  storage.RaftStorageDirectory (RaftStorageDirectory.java:tryLock(328)) - Lock on /workdir/hadoop-ozone/integration-test/target/test-dir/MiniOzoneClusterImpl-c42309d1-0cec-4db9-9c35-8d22088a372f/datanode-5/data/ratis/9eee2c9f-19d1-4bc2-804a-cc909deffadc/in_use.lock acquired by nodename 29095@pr-hdds-1808-4dtdn-3774871440
2019-08-22 17:40:04,927 [pool-82-thread-1] INFO  storage.RaftStorage (RaftStorage.java:format(72)) - Storage directory /workdir/hadoop-ozone/integration-test/target/test-dir/MiniOzoneClusterImpl-c42309d1-0cec-4db9-9c35-8d22088a372f/datanode-5/data/ratis/9eee2c9f-19d1-4bc2-804a-cc909deffadc has been successfully formatted.
2019-08-22 17:40:04,927 [pool-82-thread-1] INFO  ratis.ContainerStateMachine (ContainerStateMachine.java:loadSnapshot(226)) - group-CC909DEFFADC: The snapshot info is null. Setting the last applied indexto:(t:0, i:~)
2019-08-22 17:40:04,928 [pool-82-thread-1] INFO  server.RaftServerConfigKeys (ConfUtils.java:logGet(43)) - raft.server.leader.election.timeout = 120s (custom)
2019-08-22 17:40:04,928 [pool-82-thread-1] INFO  server.RaftServerConfigKeys (ConfUtils.java:logGet(43)) - raft.server.log.use.memory = false (default)
2019-08-22 17:40:04,928 [pool-82-thread-1] INFO  server.RaftServerConfigKeys (ConfUtils.java:logGet(43)) - raft.server.log.purge.gap = 1000000 (custom)
2019-08-22 17:40:04,928 [pool-82-thread-1] INFO  server.RaftServerConfigKeys (ConfUtils.java:logGet(43)) - raft.server.log.appender.buffer.byte-limit = 33554432 (custom)
2019-08-22 17:40:04,928 [pool-82-thread-1] INFO  server.RaftServerConfigKeys (ConfUtils.java:logGet(43)) - raft.server.log.segment.size.max = 1048576 (custom)
2019-08-22 17:40:04,929 [pool-82-thread-1] INFO  server.RaftServerConfigKeys (ConfUtils.java:logGet(43)) - raft.server.log.segment.cache.num.max = 2 (custom)
2019-08-22 17:40:04,929 [pool-82-thread-1] INFO  segmented.SegmentedRaftLogWorker (SegmentedRaftLogWorker.java:<init>(172)) - new 431e9d5c-189d-4913-bc0e-bcdfa34a8a0c-SegmentedRaftLogWorker:Storage Directory /workdir/hadoop-ozone/integration-test/target/test-dir/MiniOzoneClusterImpl-c42309d1-0cec-4db9-9c35-8d22088a372f/datanode-5/data/ratis/9eee2c9f-19d1-4bc2-804a-cc909deffadc for RaftStorage:Storage Directory /workdir/hadoop-ozone/integration-test/target/test-dir/MiniOzoneClusterImpl-c42309d1-0cec-4db9-9c35-8d22088a372f/datanode-5/data/ratis/9eee2c9f-19d1-4bc2-804a-cc909deffadc
2019-08-22 17:40:04,929 [pool-82-thread-1] INFO  server.RaftServerConfigKeys (ConfUtils.java:logGet(43)) - raft.server.log.queue.byte-limit = 2147483647 (custom)
2019-08-22 17:40:04,929 [pool-82-thread-1] INFO  server.RaftServerConfigKeys (ConfUtils.java:logGet(43)) - raft.server.log.queue.element-limit = 1024 (custom)
2019-08-22 17:40:04,930 [pool-82-thread-1] INFO  server.RaftServerConfigKeys (ConfUtils.java:logGet(43)) - raft.server.log.segment.size.max = 1048576 (custom)
2019-08-22 17:40:04,930 [pool-82-thread-1] INFO  server.RaftServerConfigKeys (ConfUtils.java:logGet(43)) - raft.server.log.preallocated.size = 16384 (custom)
2019-08-22 17:40:04,930 [pool-82-thread-1] INFO  server.RaftServerConfigKeys (ConfUtils.java:logGet(43)) - raft.server.log.write.buffer.size = 33554432 (custom)
2019-08-22 17:40:04,930 [pool-82-thread-1] INFO  server.RaftServerConfigKeys (ConfUtils.java:logGet(43)) - raft.server.log.force.sync.num = 128 (default)
2019-08-22 17:40:04,930 [pool-82-thread-1] INFO  server.RaftServerConfigKeys (ConfUtils.java:logGet(43)) - raft.server.log.statemachine.data.sync = true (default)
2019-08-22 17:40:04,930 [pool-82-thread-1] INFO  server.RaftServerConfigKeys (ConfUtils.java:logGet(43)) - raft.server.log.statemachine.data.sync.timeout = 10s (default)
2019-08-22 17:40:04,931 [pool-82-thread-1] INFO  server.RaftServerConfigKeys (ConfUtils.java:logGet(43)) - raft.server.log.statemachine.data.sync.timeout.retry = -1 (default)
2019-08-22 17:40:04,931 [pool-82-thread-1] INFO  server.RaftServerConfigKeys (ConfUtils.java:logGet(43)) - raft.server.log.statemachine.data.caching.enabled = true (custom)
2019-08-22 17:40:04,931 [pool-82-thread-1] INFO  segmented.SegmentedRaftLogWorker (SegmentedRaftLogWorker.java:lambda$new$0(132)) - 431e9d5c-189d-4913-bc0e-bcdfa34a8a0c-SegmentedRaftLogWorker:Storage Directory /workdir/hadoop-ozone/integration-test/target/test-dir/MiniOzoneClusterImpl-c42309d1-0cec-4db9-9c35-8d22088a372f/datanode-5/data/ratis/9eee2c9f-19d1-4bc2-804a-cc909deffadc: flushIndex: setUnconditionally 0 -> -1
2019-08-22 17:40:04,932 [pool-82-thread-1] INFO  server.RaftServerConfigKeys (ConfUtils.java:logGet(43)) - raft.server.snapshot.auto.trigger.enabled = true (custom)
2019-08-22 17:40:04,932 [pool-82-thread-1] INFO  server.RaftServerConfigKeys (ConfUtils.java:logGet(43)) - raft.server.snapshot.auto.trigger.threshold = 10000 (custom)
2019-08-22 17:40:04,932 [pool-82-thread-1] INFO  server.RaftServerConfigKeys (ConfUtils.java:logGet(43)) - raft.server.retrycache.expirytime = 600000ms (custom)
2019-08-22 17:40:04,933 [pool-82-thread-1] INFO  impl.RaftServerImpl (RaftServerImpl.java:start(180)) - 431e9d5c-189d-4913-bc0e-bcdfa34a8a0c: start group-CC909DEFFADC
2019-08-22 17:40:04,933 [pool-82-thread-1] INFO  impl.RaftServerImpl (RaftServerImpl.java:setRole(171)) - 431e9d5c-189d-4913-bc0e-bcdfa34a8a0c:group-CC909DEFFADC changes role from null to FOLLOWER at term 0 for startAsFollower
2019-08-22 17:40:04,933 [pool-82-thread-1] INFO  impl.RoleInfo (RoleInfo.java:updateAndGet(143)) - 431e9d5c-189d-4913-bc0e-bcdfa34a8a0c: start FollowerState
2019-08-22 17:40:04,933 [pool-82-thread-1] INFO  util.JmxRegister (JmxRegister.java:tryRegister(44)) - Successfully registered JMX Bean with object name Ratis:service=RaftServer,group=group-CC909DEFFADC,id=431e9d5c-189d-4913-bc0e-bcdfa34a8a0c
2019-08-22 17:40:04,948 [RatisPipelineUtilsThread] INFO  pipeline.PipelineStateManager (PipelineStateManager.java:addPipeline(56)) - Created pipeline Pipeline[ Id: 9eee2c9f-19d1-4bc2-804a-cc909deffadc, Nodes: 431e9d5c-189d-4913-bc0e-bcdfa34a8a0c{ip: 192.168.5.173, host: pr-hdds-1808-4dtdn-3774871440, networkLocation: /default-rack, certSerialId: null}, Type:RATIS, Factor:ONE, State:OPEN]
2019-08-22 17:40:04,969 [grpc-default-executor-1] INFO  impl.RaftServerProxy (RaftServerProxy.java:addNew(89)) - f13cbeb3-1638-40ca-a674-1282dfb13b44: addNew group-095973F292B0:[f13cbeb3-1638-40ca-a674-1282dfb13b44:192.168.5.173:33632] returns group-095973F292B0:java.util.concurrent.CompletableFuture@ca5d89f[Not completed]
2019-08-22 17:40:04,974 [pool-93-thread-1] INFO  impl.RaftServerImpl (RaftServerImpl.java:<init>(93)) - f13cbeb3-1638-40ca-a674-1282dfb13b44: new RaftServerImpl for group-095973F292B0:[f13cbeb3-1638-40ca-a674-1282dfb13b44:192.168.5.173:33632] with ContainerStateMachine:uninitialized
2019-08-22 17:40:04,974 [pool-93-thread-1] INFO  server.RaftServerConfigKeys (ConfUtils.java:logGet(43)) - raft.server.rpc.timeout.min = 5s (custom)
2019-08-22 17:40:04,974 [pool-93-thread-1] INFO  server.RaftServerConfigKeys (ConfUtils.java:logGet(43)) - raft.server.rpc.timeout.max = 5200ms (custom)
2019-08-22 17:40:04,974 [pool-93-thread-1] INFO  server.RaftServerConfigKeys (ConfUtils.java:logGet(43)) - raft.server.rpcslowness.timeout = 120s (custom)
2019-08-22 17:40:04,975 [pool-93-thread-1] INFO  server.RaftServerConfigKeys (ConfUtils.java:logGet(43)) - raft.server.sleep.deviation.threshold = 300 (default)
2019-08-22 17:40:04,975 [pool-93-thread-1] INFO  server.RaftServerConfigKeys (ConfUtils.java:logGet(43)) - raft.server.log.appender.install.snapshot.enabled = false (custom)
2019-08-22 17:40:04,975 [pool-93-thread-1] INFO  impl.RaftServerImpl (ServerState.java:<init>(105)) - f13cbeb3-1638-40ca-a674-1282dfb13b44:group-095973F292B0 ConfigurationManager, init=-1: [f13cbeb3-1638-40ca-a674-1282dfb13b44:192.168.5.173:33632], old=null, confs=<EMPTY_MAP>
2019-08-22 17:40:04,975 [pool-93-thread-1] INFO  server.RaftServerConfigKeys (ConfUtils.java:logGet(43)) - raft.server.storage.dir = [/workdir/hadoop-ozone/integration-test/target/test-dir/MiniOzoneClusterImpl-c42309d1-0cec-4db9-9c35-8d22088a372f/datanode-6/data/ratis] (custom)
2019-08-22 17:40:04,975 [pool-93-thread-1] INFO  storage.RaftStorageDirectory (RaftStorageDirectory.java:analyzeStorage(246)) - The storage directory /workdir/hadoop-ozone/integration-test/target/test-dir/MiniOzoneClusterImpl-c42309d1-0cec-4db9-9c35-8d22088a372f/datanode-6/data/ratis/9fc468ad-9511-4bcd-9408-095973f292b0 does not exist. Creating ...
2019-08-22 17:40:04,987 [pool-93-thread-1] INFO  storage.RaftStorageDirectory (RaftStorageDirectory.java:tryLock(328)) - Lock on /workdir/hadoop-ozone/integration-test/target/test-dir/MiniOzoneClusterImpl-c42309d1-0cec-4db9-9c35-8d22088a372f/datanode-6/data/ratis/9fc468ad-9511-4bcd-9408-095973f292b0/in_use.lock acquired by nodename 29095@pr-hdds-1808-4dtdn-3774871440
2019-08-22 17:40:04,989 [main] INFO  ozone.MiniOzoneClusterImpl (MiniOzoneClusterImpl.java:lambda$waitForClusterToBeReady$0(142)) - Cluster is ready. Got 7 of 7 DN Heartbeats.
2019-08-22 17:40:05,000 [pool-93-thread-1] INFO  storage.RaftStorage (RaftStorage.java:format(72)) - Storage directory /workdir/hadoop-ozone/integration-test/target/test-dir/MiniOzoneClusterImpl-c42309d1-0cec-4db9-9c35-8d22088a372f/datanode-6/data/ratis/9fc468ad-9511-4bcd-9408-095973f292b0 has been successfully formatted.
2019-08-22 17:40:05,000 [pool-93-thread-1] INFO  ratis.ContainerStateMachine (ContainerStateMachine.java:loadSnapshot(226)) - group-095973F292B0: The snapshot info is null. Setting the last applied indexto:(t:0, i:~)
2019-08-22 17:40:05,001 [pool-93-thread-1] INFO  server.RaftServerConfigKeys (ConfUtils.java:logGet(43)) - raft.server.leader.election.timeout = 120s (custom)
2019-08-22 17:40:05,001 [pool-93-thread-1] INFO  server.RaftServerConfigKeys (ConfUtils.java:logGet(43)) - raft.server.log.use.memory = false (default)
2019-08-22 17:40:05,001 [pool-93-thread-1] INFO  server.RaftServerConfigKeys (ConfUtils.java:logGet(43)) - raft.server.log.purge.gap = 1000000 (custom)
2019-08-22 17:40:05,001 [pool-93-thread-1] INFO  server.RaftServerConfigKeys (ConfUtils.java:logGet(43)) - raft.server.log.appender.buffer.byte-limit = 33554432 (custom)
2019-08-22 17:40:05,001 [pool-93-thread-1] INFO  server.RaftServerConfigKeys (ConfUtils.java:logGet(43)) - raft.server.log.segment.size.max = 1048576 (custom)
2019-08-22 17:40:05,001 [pool-93-thread-1] INFO  server.RaftServerConfigKeys (ConfUtils.java:logGet(43)) - raft.server.log.segment.cache.num.max = 2 (custom)
2019-08-22 17:40:05,001 [pool-93-thread-1] INFO  segmented.SegmentedRaftLogWorker (SegmentedRaftLogWorker.java:<init>(172)) - new f13cbeb3-1638-40ca-a674-1282dfb13b44-SegmentedRaftLogWorker:Storage Directory /workdir/hadoop-ozone/integration-test/target/test-dir/MiniOzoneClusterImpl-c42309d1-0cec-4db9-9c35-8d22088a372f/datanode-6/data/ratis/9fc468ad-9511-4bcd-9408-095973f292b0 for RaftStorage:Storage Directory /workdir/hadoop-ozone/integration-test/target/test-dir/MiniOzoneClusterImpl-c42309d1-0cec-4db9-9c35-8d22088a372f/datanode-6/data/ratis/9fc468ad-9511-4bcd-9408-095973f292b0
2019-08-22 17:40:05,002 [pool-93-thread-1] INFO  server.RaftServerConfigKeys (ConfUtils.java:logGet(43)) - raft.server.log.queue.byte-limit = 2147483647 (custom)
2019-08-22 17:40:05,002 [pool-93-thread-1] INFO  server.RaftServerConfigKeys (ConfUtils.java:logGet(43)) - raft.server.log.queue.element-limit = 1024 (custom)
2019-08-22 17:40:05,002 [pool-93-thread-1] INFO  server.RaftServerConfigKeys (ConfUtils.java:logGet(43)) - raft.server.log.segment.size.max = 1048576 (custom)
2019-08-22 17:40:05,002 [pool-93-thread-1] INFO  server.RaftServerConfigKeys (ConfUtils.java:logGet(43)) - raft.server.log.preallocated.size = 16384 (custom)
2019-08-22 17:40:05,002 [pool-93-thread-1] INFO  server.RaftServerConfigKeys (ConfUtils.java:logGet(43)) - raft.server.log.write.buffer.size = 33554432 (custom)
2019-08-22 17:40:05,002 [pool-93-thread-1] INFO  server.RaftServerConfigKeys (ConfUtils.java:logGet(43)) - raft.server.log.force.sync.num = 128 (default)
2019-08-22 17:40:05,002 [pool-93-thread-1] INFO  server.RaftServerConfigKeys (ConfUtils.java:logGet(43)) - raft.server.log.statemachine.data.sync = true (default)
2019-08-22 17:40:05,003 [pool-93-thread-1] INFO  server.RaftServerConfigKeys (ConfUtils.java:logGet(43)) - raft.server.log.statemachine.data.sync.timeout = 10s (default)
2019-08-22 17:40:05,003 [pool-93-thread-1] INFO  server.RaftServerConfigKeys (ConfUtils.java:logGet(43)) - raft.server.log.statemachine.data.sync.timeout.retry = -1 (default)
2019-08-22 17:40:05,003 [pool-93-thread-1] INFO  server.RaftServerConfigKeys (ConfUtils.java:logGet(43)) - raft.server.log.statemachine.data.caching.enabled = true (custom)
2019-08-22 17:40:05,003 [pool-93-thread-1] INFO  segmented.SegmentedRaftLogWorker (SegmentedRaftLogWorker.java:lambda$new$0(132)) - f13cbeb3-1638-40ca-a674-1282dfb13b44-SegmentedRaftLogWorker:Storage Directory /workdir/hadoop-ozone/integration-test/target/test-dir/MiniOzoneClusterImpl-c42309d1-0cec-4db9-9c35-8d22088a372f/datanode-6/data/ratis/9fc468ad-9511-4bcd-9408-095973f292b0: flushIndex: setUnconditionally 0 -> -1
2019-08-22 17:40:05,004 [pool-93-thread-1] INFO  server.RaftServerConfigKeys (ConfUtils.java:logGet(43)) - raft.server.snapshot.auto.trigger.enabled = true (custom)
2019-08-22 17:40:05,004 [pool-93-thread-1] INFO  server.RaftServerConfigKeys (ConfUtils.java:logGet(43)) - raft.server.snapshot.auto.trigger.threshold = 10000 (custom)
2019-08-22 17:40:05,004 [pool-93-thread-1] INFO  server.RaftServerConfigKeys (ConfUtils.java:logGet(43)) - raft.server.retrycache.expirytime = 600000ms (custom)
2019-08-22 17:40:05,004 [pool-93-thread-1] INFO  impl.RaftServerImpl (RaftServerImpl.java:start(180)) - f13cbeb3-1638-40ca-a674-1282dfb13b44: start group-095973F292B0
2019-08-22 17:40:05,004 [pool-93-thread-1] INFO  impl.RaftServerImpl (RaftServerImpl.java:setRole(171)) - f13cbeb3-1638-40ca-a674-1282dfb13b44:group-095973F292B0 changes role from null to FOLLOWER at term 0 for startAsFollower
2019-08-22 17:40:05,005 [pool-93-thread-1] INFO  impl.RoleInfo (RoleInfo.java:updateAndGet(143)) - f13cbeb3-1638-40ca-a674-1282dfb13b44: start FollowerState
2019-08-22 17:40:05,005 [pool-93-thread-1] INFO  util.JmxRegister (JmxRegister.java:tryRegister(44)) - Successfully registered JMX Bean with object name Ratis:service=RaftServer,group=group-095973F292B0,id=f13cbeb3-1638-40ca-a674-1282dfb13b44
2019-08-22 17:40:05,020 [RatisPipelineUtilsThread] INFO  pipeline.PipelineStateManager (PipelineStateManager.java:addPipeline(56)) - Created pipeline Pipeline[ Id: 9fc468ad-9511-4bcd-9408-095973f292b0, Nodes: f13cbeb3-1638-40ca-a674-1282dfb13b44{ip: 192.168.5.173, host: pr-hdds-1808-4dtdn-3774871440, networkLocation: /default-rack, certSerialId: null}, Type:RATIS, Factor:ONE, State:OPEN]
2019-08-22 17:40:05,056 [grpc-default-executor-2] INFO  impl.RaftServerProxy (RaftServerProxy.java:addNew(89)) - c2b5941d-b72d-41e9-8cce-67773fde2f8a: addNew group-9B5AAF70C598:[c0e77ccd-2b09-4a23-a664-68073c461c61:192.168.5.173:40314, c2b5941d-b72d-41e9-8cce-67773fde2f8a:192.168.5.173:38036, 6b3b49b3-a706-4943-ae36-3fb349ffaff4:192.168.5.173:44578] returns group-9B5AAF70C598:java.util.concurrent.CompletableFuture@1841a893[Not completed]
2019-08-22 17:40:05,059 [grpc-default-executor-0] INFO  impl.RaftServerProxy (RaftServerProxy.java:addNew(89)) - c0e77ccd-2b09-4a23-a664-68073c461c61: addNew group-9B5AAF70C598:[c0e77ccd-2b09-4a23-a664-68073c461c61:192.168.5.173:40314, c2b5941d-b72d-41e9-8cce-67773fde2f8a:192.168.5.173:38036, 6b3b49b3-a706-4943-ae36-3fb349ffaff4:192.168.5.173:44578] returns group-9B5AAF70C598:java.util.concurrent.CompletableFuture@52b0390c[Not completed]
2019-08-22 17:40:05,059 [grpc-default-executor-1] INFO  impl.RaftServerProxy (RaftServerProxy.java:addNew(89)) - 6b3b49b3-a706-4943-ae36-3fb349ffaff4: addNew group-9B5AAF70C598:[c0e77ccd-2b09-4a23-a664-68073c461c61:192.168.5.173:40314, c2b5941d-b72d-41e9-8cce-67773fde2f8a:192.168.5.173:38036, 6b3b49b3-a706-4943-ae36-3fb349ffaff4:192.168.5.173:44578] returns group-9B5AAF70C598:java.util.concurrent.CompletableFuture@748bad79[Not completed]
2019-08-22 17:40:05,065 [pool-27-thread-1] INFO  impl.RaftServerImpl (RaftServerImpl.java:<init>(93)) - c2b5941d-b72d-41e9-8cce-67773fde2f8a: new RaftServerImpl for group-9B5AAF70C598:[c0e77ccd-2b09-4a23-a664-68073c461c61:192.168.5.173:40314, c2b5941d-b72d-41e9-8cce-67773fde2f8a:192.168.5.173:38036, 6b3b49b3-a706-4943-ae36-3fb349ffaff4:192.168.5.173:44578] with ContainerStateMachine:uninitialized
2019-08-22 17:40:05,065 [pool-27-thread-1] INFO  server.RaftServerConfigKeys (ConfUtils.java:logGet(43)) - raft.server.rpc.timeout.min = 5s (custom)
2019-08-22 17:40:05,066 [pool-27-thread-1] INFO  server.RaftServerConfigKeys (ConfUtils.java:logGet(43)) - raft.server.rpc.timeout.max = 5200ms (custom)
2019-08-22 17:40:05,066 [pool-27-thread-1] INFO  server.RaftServerConfigKeys (ConfUtils.java:logGet(43)) - raft.server.rpcslowness.timeout = 120s (custom)
2019-08-22 17:40:05,066 [pool-27-thread-1] INFO  server.RaftServerConfigKeys (ConfUtils.java:logGet(43)) - raft.server.sleep.deviation.threshold = 300 (default)
2019-08-22 17:40:05,066 [pool-38-thread-1] INFO  impl.RaftServerImpl (RaftServerImpl.java:<init>(93)) - 6b3b49b3-a706-4943-ae36-3fb349ffaff4: new RaftServerImpl for group-9B5AAF70C598:[c0e77ccd-2b09-4a23-a664-68073c461c61:192.168.5.173:40314, c2b5941d-b72d-41e9-8cce-67773fde2f8a:192.168.5.173:38036, 6b3b49b3-a706-4943-ae36-3fb349ffaff4:192.168.5.173:44578] with ContainerStateMachine:uninitialized
2019-08-22 17:40:05,066 [pool-27-thread-1] INFO  server.RaftServerConfigKeys (ConfUtils.java:logGet(43)) - raft.server.log.appender.install.snapshot.enabled = false (custom)
2019-08-22 17:40:05,066 [pool-38-thread-1] INFO  server.RaftServerConfigKeys (ConfUtils.java:logGet(43)) - raft.server.rpc.timeout.min = 5s (custom)
2019-08-22 17:40:05,067 [pool-27-thread-1] INFO  impl.RaftServerImpl (ServerState.java:<init>(105)) - c2b5941d-b72d-41e9-8cce-67773fde2f8a:group-9B5AAF70C598 ConfigurationManager, init=-1: [c0e77ccd-2b09-4a23-a664-68073c461c61:192.168.5.173:40314, c2b5941d-b72d-41e9-8cce-67773fde2f8a:192.168.5.173:38036, 6b3b49b3-a706-4943-ae36-3fb349ffaff4:192.168.5.173:44578], old=null, confs=<EMPTY_MAP>
2019-08-22 17:40:05,067 [pool-38-thread-1] INFO  server.RaftServerConfigKeys (ConfUtils.java:logGet(43)) - raft.server.rpc.timeout.max = 5200ms (custom)
2019-08-22 17:40:05,067 [pool-27-thread-1] INFO  server.RaftServerConfigKeys (ConfUtils.java:logGet(43)) - raft.server.storage.dir = [/workdir/hadoop-ozone/integration-test/target/test-dir/MiniOzoneClusterImpl-c42309d1-0cec-4db9-9c35-8d22088a372f/datanode-0/data/ratis] (custom)
2019-08-22 17:40:05,067 [pool-60-thread-1] INFO  impl.RaftServerImpl (RaftServerImpl.java:<init>(93)) - c0e77ccd-2b09-4a23-a664-68073c461c61: new RaftServerImpl for group-9B5AAF70C598:[c0e77ccd-2b09-4a23-a664-68073c461c61:192.168.5.173:40314, c2b5941d-b72d-41e9-8cce-67773fde2f8a:192.168.5.173:38036, 6b3b49b3-a706-4943-ae36-3fb349ffaff4:192.168.5.173:44578] with ContainerStateMachine:uninitialized
2019-08-22 17:40:05,067 [pool-38-thread-1] INFO  server.RaftServerConfigKeys (ConfUtils.java:logGet(43)) - raft.server.rpcslowness.timeout = 120s (custom)
2019-08-22 17:40:05,067 [pool-60-thread-1] INFO  server.RaftServerConfigKeys (ConfUtils.java:logGet(43)) - raft.server.rpc.timeout.min = 5s (custom)
2019-08-22 17:40:05,068 [pool-27-thread-1] INFO  storage.RaftStorageDirectory (RaftStorageDirectory.java:analyzeStorage(246)) - The storage directory /workdir/hadoop-ozone/integration-test/target/test-dir/MiniOzoneClusterImpl-c42309d1-0cec-4db9-9c35-8d22088a372f/datanode-0/data/ratis/80305de2-18de-4e0a-9cdc-9b5aaf70c598 does not exist. Creating ...
2019-08-22 17:40:05,068 [pool-38-thread-1] INFO  server.RaftServerConfigKeys (ConfUtils.java:logGet(43)) - raft.server.sleep.deviation.threshold = 300 (default)
2019-08-22 17:40:05,068 [pool-60-thread-1] INFO  server.RaftServerConfigKeys (ConfUtils.java:logGet(43)) - raft.server.rpc.timeout.max = 5200ms (custom)
2019-08-22 17:40:05,068 [pool-38-thread-1] INFO  server.RaftServerConfigKeys (ConfUtils.java:logGet(43)) - raft.server.log.appender.install.snapshot.enabled = false (custom)
2019-08-22 17:40:05,068 [pool-60-thread-1] INFO  server.RaftServerConfigKeys (ConfUtils.java:logGet(43)) - raft.server.rpcslowness.timeout = 120s (custom)
2019-08-22 17:40:05,068 [pool-38-thread-1] INFO  impl.RaftServerImpl (ServerState.java:<init>(105)) - 6b3b49b3-a706-4943-ae36-3fb349ffaff4:group-9B5AAF70C598 ConfigurationManager, init=-1: [c0e77ccd-2b09-4a23-a664-68073c461c61:192.168.5.173:40314, c2b5941d-b72d-41e9-8cce-67773fde2f8a:192.168.5.173:38036, 6b3b49b3-a706-4943-ae36-3fb349ffaff4:192.168.5.173:44578], old=null, confs=<EMPTY_MAP>
2019-08-22 17:40:05,068 [pool-60-thread-1] INFO  server.RaftServerConfigKeys (ConfUtils.java:logGet(43)) - raft.server.sleep.deviation.threshold = 300 (default)
2019-08-22 17:40:05,069 [pool-38-thread-1] INFO  server.RaftServerConfigKeys (ConfUtils.java:logGet(43)) - raft.server.storage.dir = [/workdir/hadoop-ozone/integration-test/target/test-dir/MiniOzoneClusterImpl-c42309d1-0cec-4db9-9c35-8d22088a372f/datanode-1/data/ratis] (custom)
2019-08-22 17:40:05,069 [pool-60-thread-1] INFO  server.RaftServerConfigKeys (ConfUtils.java:logGet(43)) - raft.server.log.appender.install.snapshot.enabled = false (custom)
2019-08-22 17:40:05,069 [pool-60-thread-1] INFO  impl.RaftServerImpl (ServerState.java:<init>(105)) - c0e77ccd-2b09-4a23-a664-68073c461c61:group-9B5AAF70C598 ConfigurationManager, init=-1: [c0e77ccd-2b09-4a23-a664-68073c461c61:192.168.5.173:40314, c2b5941d-b72d-41e9-8cce-67773fde2f8a:192.168.5.173:38036, 6b3b49b3-a706-4943-ae36-3fb349ffaff4:192.168.5.173:44578], old=null, confs=<EMPTY_MAP>
2019-08-22 17:40:05,069 [pool-38-thread-1] INFO  storage.RaftStorageDirectory (RaftStorageDirectory.java:analyzeStorage(246)) - The storage directory /workdir/hadoop-ozone/integration-test/target/test-dir/MiniOzoneClusterImpl-c42309d1-0cec-4db9-9c35-8d22088a372f/datanode-1/data/ratis/80305de2-18de-4e0a-9cdc-9b5aaf70c598 does not exist. Creating ...
2019-08-22 17:40:05,069 [pool-60-thread-1] INFO  server.RaftServerConfigKeys (ConfUtils.java:logGet(43)) - raft.server.storage.dir = [/workdir/hadoop-ozone/integration-test/target/test-dir/MiniOzoneClusterImpl-c42309d1-0cec-4db9-9c35-8d22088a372f/datanode-3/data/ratis] (custom)
2019-08-22 17:40:05,070 [pool-60-thread-1] INFO  storage.RaftStorageDirectory (RaftStorageDirectory.java:analyzeStorage(246)) - The storage directory /workdir/hadoop-ozone/integration-test/target/test-dir/MiniOzoneClusterImpl-c42309d1-0cec-4db9-9c35-8d22088a372f/datanode-3/data/ratis/80305de2-18de-4e0a-9cdc-9b5aaf70c598 does not exist. Creating ...
2019-08-22 17:40:05,092 [pool-27-thread-1] INFO  storage.RaftStorageDirectory (RaftStorageDirectory.java:tryLock(328)) - Lock on /workdir/hadoop-ozone/integration-test/target/test-dir/MiniOzoneClusterImpl-c42309d1-0cec-4db9-9c35-8d22088a372f/datanode-0/data/ratis/80305de2-18de-4e0a-9cdc-9b5aaf70c598/in_use.lock acquired by nodename 29095@pr-hdds-1808-4dtdn-3774871440
2019-08-22 17:40:05,092 [pool-38-thread-1] INFO  storage.RaftStorageDirectory (RaftStorageDirectory.java:tryLock(328)) - Lock on /workdir/hadoop-ozone/integration-test/target/test-dir/MiniOzoneClusterImpl-c42309d1-0cec-4db9-9c35-8d22088a372f/datanode-1/data/ratis/80305de2-18de-4e0a-9cdc-9b5aaf70c598/in_use.lock acquired by nodename 29095@pr-hdds-1808-4dtdn-3774871440
2019-08-22 17:40:05,092 [pool-60-thread-1] INFO  storage.RaftStorageDirectory (RaftStorageDirectory.java:tryLock(328)) - Lock on /workdir/hadoop-ozone/integration-test/target/test-dir/MiniOzoneClusterImpl-c42309d1-0cec-4db9-9c35-8d22088a372f/datanode-3/data/ratis/80305de2-18de-4e0a-9cdc-9b5aaf70c598/in_use.lock acquired by nodename 29095@pr-hdds-1808-4dtdn-3774871440
2019-08-22 17:40:05,111 | INFO  | SCMAudit | user=jenkins1000 | ip=192.168.5.173 | op=SEND_HEARTBEAT {datanodeUUID=c2b5941d-b72d-41e9-8cce-67773fde2f8a, command=[]} | ret=SUCCESS |  
2019-08-22 17:40:05,126 [pool-38-thread-1] INFO  storage.RaftStorage (RaftStorage.java:format(72)) - Storage directory /workdir/hadoop-ozone/integration-test/target/test-dir/MiniOzoneClusterImpl-c42309d1-0cec-4db9-9c35-8d22088a372f/datanode-1/data/ratis/80305de2-18de-4e0a-9cdc-9b5aaf70c598 has been successfully formatted.
2019-08-22 17:40:05,126 [pool-27-thread-1] INFO  storage.RaftStorage (RaftStorage.java:format(72)) - Storage directory /workdir/hadoop-ozone/integration-test/target/test-dir/MiniOzoneClusterImpl-c42309d1-0cec-4db9-9c35-8d22088a372f/datanode-0/data/ratis/80305de2-18de-4e0a-9cdc-9b5aaf70c598 has been successfully formatted.
2019-08-22 17:40:05,126 [pool-38-thread-1] INFO  ratis.ContainerStateMachine (ContainerStateMachine.java:loadSnapshot(226)) - group-9B5AAF70C598: The snapshot info is null. Setting the last applied indexto:(t:0, i:~)
2019-08-22 17:40:05,126 [pool-60-thread-1] INFO  storage.RaftStorage (RaftStorage.java:format(72)) - Storage directory /workdir/hadoop-ozone/integration-test/target/test-dir/MiniOzoneClusterImpl-c42309d1-0cec-4db9-9c35-8d22088a372f/datanode-3/data/ratis/80305de2-18de-4e0a-9cdc-9b5aaf70c598 has been successfully formatted.
2019-08-22 17:40:05,126 [pool-38-thread-1] INFO  server.RaftServerConfigKeys (ConfUtils.java:logGet(43)) - raft.server.leader.election.timeout = 120s (custom)
2019-08-22 17:40:05,126 [pool-27-thread-1] INFO  ratis.ContainerStateMachine (ContainerStateMachine.java:loadSnapshot(226)) - group-9B5AAF70C598: The snapshot info is null. Setting the last applied indexto:(t:0, i:~)
2019-08-22 17:40:05,127 [pool-38-thread-1] INFO  server.RaftServerConfigKeys (ConfUtils.java:logGet(43)) - raft.server.log.use.memory = false (default)
2019-08-22 17:40:05,127 [pool-60-thread-1] INFO  ratis.ContainerStateMachine (ContainerStateMachine.java:loadSnapshot(226)) - group-9B5AAF70C598: The snapshot info is null. Setting the last applied indexto:(t:0, i:~)
2019-08-22 17:40:05,127 [pool-38-thread-1] INFO  server.RaftServerConfigKeys (ConfUtils.java:logGet(43)) - raft.server.log.purge.gap = 1000000 (custom)
2019-08-22 17:40:05,127 [pool-27-thread-1] INFO  server.RaftServerConfigKeys (ConfUtils.java:logGet(43)) - raft.server.leader.election.timeout = 120s (custom)
2019-08-22 17:40:05,127 [pool-38-thread-1] INFO  server.RaftServerConfigKeys (ConfUtils.java:logGet(43)) - raft.server.log.appender.buffer.byte-limit = 33554432 (custom)
2019-08-22 17:40:05,127 [pool-60-thread-1] INFO  server.RaftServerConfigKeys (ConfUtils.java:logGet(43)) - raft.server.leader.election.timeout = 120s (custom)
2019-08-22 17:40:05,128 [pool-38-thread-1] INFO  server.RaftServerConfigKeys (ConfUtils.java:logGet(43)) - raft.server.log.segment.size.max = 1048576 (custom)
2019-08-22 17:40:05,127 [pool-27-thread-1] INFO  server.RaftServerConfigKeys (ConfUtils.java:logGet(43)) - raft.server.log.use.memory = false (default)
2019-08-22 17:40:05,128 [pool-38-thread-1] INFO  server.RaftServerConfigKeys (ConfUtils.java:logGet(43)) - raft.server.log.segment.cache.num.max = 2 (custom)
2019-08-22 17:40:05,128 [pool-60-thread-1] INFO  server.RaftServerConfigKeys (ConfUtils.java:logGet(43)) - raft.server.log.use.memory = false (default)
2019-08-22 17:40:05,128 [pool-38-thread-1] INFO  segmented.SegmentedRaftLogWorker (SegmentedRaftLogWorker.java:<init>(172)) - new 6b3b49b3-a706-4943-ae36-3fb349ffaff4-SegmentedRaftLogWorker:Storage Directory /workdir/hadoop-ozone/integration-test/target/test-dir/MiniOzoneClusterImpl-c42309d1-0cec-4db9-9c35-8d22088a372f/datanode-1/data/ratis/80305de2-18de-4e0a-9cdc-9b5aaf70c598 for RaftStorage:Storage Directory /workdir/hadoop-ozone/integration-test/target/test-dir/MiniOzoneClusterImpl-c42309d1-0cec-4db9-9c35-8d22088a372f/datanode-1/data/ratis/80305de2-18de-4e0a-9cdc-9b5aaf70c598
2019-08-22 17:40:05,128 [pool-27-thread-1] INFO  server.RaftServerConfigKeys (ConfUtils.java:logGet(43)) - raft.server.log.purge.gap = 1000000 (custom)
2019-08-22 17:40:05,128 [pool-38-thread-1] INFO  server.RaftServerConfigKeys (ConfUtils.java:logGet(43)) - raft.server.log.queue.byte-limit = 2147483647 (custom)
2019-08-22 17:40:05,128 [pool-60-thread-1] INFO  server.RaftServerConfigKeys (ConfUtils.java:logGet(43)) - raft.server.log.purge.gap = 1000000 (custom)
2019-08-22 17:40:05,131 [pool-38-thread-1] INFO  server.RaftServerConfigKeys (ConfUtils.java:logGet(43)) - raft.server.log.queue.element-limit = 1024 (custom)
2019-08-22 17:40:05,129 [pool-27-thread-1] INFO  server.RaftServerConfigKeys (ConfUtils.java:logGet(43)) - raft.server.log.appender.buffer.byte-limit = 33554432 (custom)
2019-08-22 17:40:05,131 [pool-38-thread-1] INFO  server.RaftServerConfigKeys (ConfUtils.java:logGet(43)) - raft.server.log.segment.size.max = 1048576 (custom)
2019-08-22 17:40:05,131 [pool-60-thread-1] INFO  server.RaftServerConfigKeys (ConfUtils.java:logGet(43)) - raft.server.log.appender.buffer.byte-limit = 33554432 (custom)
2019-08-22 17:40:05,131 [pool-38-thread-1] INFO  server.RaftServerConfigKeys (ConfUtils.java:logGet(43)) - raft.server.log.preallocated.size = 16384 (custom)
2019-08-22 17:40:05,131 [pool-27-thread-1] INFO  server.RaftServerConfigKeys (ConfUtils.java:logGet(43)) - raft.server.log.segment.size.max = 1048576 (custom)
2019-08-22 17:40:05,132 [pool-38-thread-1] INFO  server.RaftServerConfigKeys (ConfUtils.java:logGet(43)) - raft.server.log.write.buffer.size = 33554432 (custom)
2019-08-22 17:40:05,132 [pool-60-thread-1] INFO  server.RaftServerConfigKeys (ConfUtils.java:logGet(43)) - raft.server.log.segment.size.max = 1048576 (custom)
2019-08-22 17:40:05,132 [pool-38-thread-1] INFO  server.RaftServerConfigKeys (ConfUtils.java:logGet(43)) - raft.server.log.force.sync.num = 128 (default)
2019-08-22 17:40:05,132 [pool-27-thread-1] INFO  server.RaftServerConfigKeys (ConfUtils.java:logGet(43)) - raft.server.log.segment.cache.num.max = 2 (custom)
2019-08-22 17:40:05,132 [pool-38-thread-1] INFO  server.RaftServerConfigKeys (ConfUtils.java:logGet(43)) - raft.server.log.statemachine.data.sync = true (default)
2019-08-22 17:40:05,132 [pool-60-thread-1] INFO  server.RaftServerConfigKeys (ConfUtils.java:logGet(43)) - raft.server.log.segment.cache.num.max = 2 (custom)
2019-08-22 17:40:05,133 [pool-38-thread-1] INFO  server.RaftServerConfigKeys (ConfUtils.java:logGet(43)) - raft.server.log.statemachine.data.sync.timeout = 10s (default)
2019-08-22 17:40:05,133 [pool-27-thread-1] INFO  segmented.SegmentedRaftLogWorker (SegmentedRaftLogWorker.java:<init>(172)) - new c2b5941d-b72d-41e9-8cce-67773fde2f8a-SegmentedRaftLogWorker:Storage Directory /workdir/hadoop-ozone/integration-test/target/test-dir/MiniOzoneClusterImpl-c42309d1-0cec-4db9-9c35-8d22088a372f/datanode-0/data/ratis/80305de2-18de-4e0a-9cdc-9b5aaf70c598 for RaftStorage:Storage Directory /workdir/hadoop-ozone/integration-test/target/test-dir/MiniOzoneClusterImpl-c42309d1-0cec-4db9-9c35-8d22088a372f/datanode-0/data/ratis/80305de2-18de-4e0a-9cdc-9b5aaf70c598
2019-08-22 17:40:05,133 [pool-38-thread-1] INFO  server.RaftServerConfigKeys (ConfUtils.java:logGet(43)) - raft.server.log.statemachine.data.sync.timeout.retry = -1 (default)
2019-08-22 17:40:05,133 [pool-60-thread-1] INFO  segmented.SegmentedRaftLogWorker (SegmentedRaftLogWorker.java:<init>(172)) - new c0e77ccd-2b09-4a23-a664-68073c461c61-SegmentedRaftLogWorker:Storage Directory /workdir/hadoop-ozone/integration-test/target/test-dir/MiniOzoneClusterImpl-c42309d1-0cec-4db9-9c35-8d22088a372f/datanode-3/data/ratis/80305de2-18de-4e0a-9cdc-9b5aaf70c598 for RaftStorage:Storage Directory /workdir/hadoop-ozone/integration-test/target/test-dir/MiniOzoneClusterImpl-c42309d1-0cec-4db9-9c35-8d22088a372f/datanode-3/data/ratis/80305de2-18de-4e0a-9cdc-9b5aaf70c598
2019-08-22 17:40:05,135 [pool-38-thread-1] INFO  server.RaftServerConfigKeys (ConfUtils.java:logGet(43)) - raft.server.log.statemachine.data.caching.enabled = true (custom)
2019-08-22 17:40:05,133 [pool-27-thread-1] INFO  server.RaftServerConfigKeys (ConfUtils.java:logGet(43)) - raft.server.log.queue.byte-limit = 2147483647 (custom)
2019-08-22 17:40:05,135 [pool-60-thread-1] INFO  server.RaftServerConfigKeys (ConfUtils.java:logGet(43)) - raft.server.log.queue.byte-limit = 2147483647 (custom)
2019-08-22 17:40:05,136 [pool-38-thread-1] INFO  segmented.SegmentedRaftLogWorker (SegmentedRaftLogWorker.java:lambda$new$0(132)) - 6b3b49b3-a706-4943-ae36-3fb349ffaff4-SegmentedRaftLogWorker:Storage Directory /workdir/hadoop-ozone/integration-test/target/test-dir/MiniOzoneClusterImpl-c42309d1-0cec-4db9-9c35-8d22088a372f/datanode-1/data/ratis/80305de2-18de-4e0a-9cdc-9b5aaf70c598: flushIndex: setUnconditionally 0 -> -1
2019-08-22 17:40:05,136 [pool-27-thread-1] INFO  server.RaftServerConfigKeys (ConfUtils.java:logGet(43)) - raft.server.log.queue.element-limit = 1024 (custom)
2019-08-22 17:40:05,136 [pool-60-thread-1] INFO  server.RaftServerConfigKeys (ConfUtils.java:logGet(43)) - raft.server.log.queue.element-limit = 1024 (custom)
2019-08-22 17:40:05,137 [pool-27-thread-1] INFO  server.RaftServerConfigKeys (ConfUtils.java:logGet(43)) - raft.server.log.segment.size.max = 1048576 (custom)
2019-08-22 17:40:05,137 [pool-38-thread-1] INFO  server.RaftServerConfigKeys (ConfUtils.java:logGet(43)) - raft.server.snapshot.auto.trigger.enabled = true (custom)
2019-08-22 17:40:05,137 [pool-27-thread-1] INFO  server.RaftServerConfigKeys (ConfUtils.java:logGet(43)) - raft.server.log.preallocated.size = 16384 (custom)
2019-08-22 17:40:05,137 [pool-60-thread-1] INFO  server.RaftServerConfigKeys (ConfUtils.java:logGet(43)) - raft.server.log.segment.size.max = 1048576 (custom)
2019-08-22 17:40:05,137 [pool-27-thread-1] INFO  server.RaftServerConfigKeys (ConfUtils.java:logGet(43)) - raft.server.log.write.buffer.size = 33554432 (custom)
2019-08-22 17:40:05,137 [pool-38-thread-1] INFO  server.RaftServerConfigKeys (ConfUtils.java:logGet(43)) - raft.server.snapshot.auto.trigger.threshold = 10000 (custom)
2019-08-22 17:40:05,138 [pool-27-thread-1] INFO  server.RaftServerConfigKeys (ConfUtils.java:logGet(43)) - raft.server.log.force.sync.num = 128 (default)
2019-08-22 17:40:05,138 [pool-38-thread-1] INFO  server.RaftServerConfigKeys (ConfUtils.java:logGet(43)) - raft.server.retrycache.expirytime = 600000ms (custom)
2019-08-22 17:40:05,138 [pool-60-thread-1] INFO  server.RaftServerConfigKeys (ConfUtils.java:logGet(43)) - raft.server.log.preallocated.size = 16384 (custom)
2019-08-22 17:40:05,138 [pool-38-thread-1] INFO  impl.RaftServerImpl (RaftServerImpl.java:start(180)) - 6b3b49b3-a706-4943-ae36-3fb349ffaff4: start group-9B5AAF70C598
2019-08-22 17:40:05,138 [pool-27-thread-1] INFO  server.RaftServerConfigKeys (ConfUtils.java:logGet(43)) - raft.server.log.statemachine.data.sync = true (default)
2019-08-22 17:40:05,138 [pool-38-thread-1] INFO  impl.RaftServerImpl (RaftServerImpl.java:setRole(171)) - 6b3b49b3-a706-4943-ae36-3fb349ffaff4:group-9B5AAF70C598 changes role from null to FOLLOWER at term 0 for startAsFollower
2019-08-22 17:40:05,138 [pool-60-thread-1] INFO  server.RaftServerConfigKeys (ConfUtils.java:logGet(43)) - raft.server.log.write.buffer.size = 33554432 (custom)
2019-08-22 17:40:05,139 [pool-38-thread-1] INFO  impl.RoleInfo (RoleInfo.java:updateAndGet(143)) - 6b3b49b3-a706-4943-ae36-3fb349ffaff4: start FollowerState
2019-08-22 17:40:05,139 [pool-27-thread-1] INFO  server.RaftServerConfigKeys (ConfUtils.java:logGet(43)) - raft.server.log.statemachine.data.sync.timeout = 10s (default)
2019-08-22 17:40:05,139 [pool-60-thread-1] INFO  server.RaftServerConfigKeys (ConfUtils.java:logGet(43)) - raft.server.log.force.sync.num = 128 (default)
2019-08-22 17:40:05,139 [pool-38-thread-1] INFO  util.JmxRegister (JmxRegister.java:tryRegister(44)) - Successfully registered JMX Bean with object name Ratis:service=RaftServer,group=group-9B5AAF70C598,id=6b3b49b3-a706-4943-ae36-3fb349ffaff4
2019-08-22 17:40:05,139 [pool-27-thread-1] INFO  server.RaftServerConfigKeys (ConfUtils.java:logGet(43)) - raft.server.log.statemachine.data.sync.timeout.retry = -1 (default)
2019-08-22 17:40:05,139 [pool-60-thread-1] INFO  server.RaftServerConfigKeys (ConfUtils.java:logGet(43)) - raft.server.log.statemachine.data.sync = true (default)
2019-08-22 17:40:05,140 [pool-27-thread-1] INFO  server.RaftServerConfigKeys (ConfUtils.java:logGet(43)) - raft.server.log.statemachine.data.caching.enabled = true (custom)
2019-08-22 17:40:05,140 [pool-60-thread-1] INFO  server.RaftServerConfigKeys (ConfUtils.java:logGet(43)) - raft.server.log.statemachine.data.sync.timeout = 10s (default)
2019-08-22 17:40:05,140 [pool-60-thread-1] INFO  server.RaftServerConfigKeys (ConfUtils.java:logGet(43)) - raft.server.log.statemachine.data.sync.timeout.retry = -1 (default)
2019-08-22 17:40:05,140 [pool-27-thread-1] INFO  segmented.SegmentedRaftLogWorker (SegmentedRaftLogWorker.java:lambda$new$0(132)) - c2b5941d-b72d-41e9-8cce-67773fde2f8a-SegmentedRaftLogWorker:Storage Directory /workdir/hadoop-ozone/integration-test/target/test-dir/MiniOzoneClusterImpl-c42309d1-0cec-4db9-9c35-8d22088a372f/datanode-0/data/ratis/80305de2-18de-4e0a-9cdc-9b5aaf70c598: flushIndex: setUnconditionally 0 -> -1
2019-08-22 17:40:05,140 [pool-60-thread-1] INFO  server.RaftServerConfigKeys (ConfUtils.java:logGet(43)) - raft.server.log.statemachine.data.caching.enabled = true (custom)
2019-08-22 17:40:05,141 [pool-27-thread-1] INFO  server.RaftServerConfigKeys (ConfUtils.java:logGet(43)) - raft.server.snapshot.auto.trigger.enabled = true (custom)
2019-08-22 17:40:05,141 [pool-27-thread-1] INFO  server.RaftServerConfigKeys (ConfUtils.java:logGet(43)) - raft.server.snapshot.auto.trigger.threshold = 10000 (custom)
2019-08-22 17:40:05,141 [pool-60-thread-1] INFO  segmented.SegmentedRaftLogWorker (SegmentedRaftLogWorker.java:lambda$new$0(132)) - c0e77ccd-2b09-4a23-a664-68073c461c61-SegmentedRaftLogWorker:Storage Directory /workdir/hadoop-ozone/integration-test/target/test-dir/MiniOzoneClusterImpl-c42309d1-0cec-4db9-9c35-8d22088a372f/datanode-3/data/ratis/80305de2-18de-4e0a-9cdc-9b5aaf70c598: flushIndex: setUnconditionally 0 -> -1
2019-08-22 17:40:05,141 [pool-27-thread-1] INFO  server.RaftServerConfigKeys (ConfUtils.java:logGet(43)) - raft.server.retrycache.expirytime = 600000ms (custom)
2019-08-22 17:40:05,141 [pool-60-thread-1] INFO  server.RaftServerConfigKeys (ConfUtils.java:logGet(43)) - raft.server.snapshot.auto.trigger.enabled = true (custom)
2019-08-22 17:40:05,141 [pool-27-thread-1] INFO  impl.RaftServerImpl (RaftServerImpl.java:start(180)) - c2b5941d-b72d-41e9-8cce-67773fde2f8a: start group-9B5AAF70C598
2019-08-22 17:40:05,141 [pool-60-thread-1] INFO  server.RaftServerConfigKeys (ConfUtils.java:logGet(43)) - raft.server.snapshot.auto.trigger.threshold = 10000 (custom)
2019-08-22 17:40:05,141 [pool-27-thread-1] INFO  impl.RaftServerImpl (RaftServerImpl.java:setRole(171)) - c2b5941d-b72d-41e9-8cce-67773fde2f8a:group-9B5AAF70C598 changes role from null to FOLLOWER at term 0 for startAsFollower
2019-08-22 17:40:05,143 [pool-60-thread-1] INFO  server.RaftServerConfigKeys (ConfUtils.java:logGet(43)) - raft.server.retrycache.expirytime = 600000ms (custom)
2019-08-22 17:40:05,144 [pool-27-thread-1] INFO  impl.RoleInfo (RoleInfo.java:updateAndGet(143)) - c2b5941d-b72d-41e9-8cce-67773fde2f8a: start FollowerState
2019-08-22 17:40:05,144 [pool-60-thread-1] INFO  impl.RaftServerImpl (RaftServerImpl.java:start(180)) - c0e77ccd-2b09-4a23-a664-68073c461c61: start group-9B5AAF70C598
2019-08-22 17:40:05,145 [pool-60-thread-1] INFO  impl.RaftServerImpl (RaftServerImpl.java:setRole(171)) - c0e77ccd-2b09-4a23-a664-68073c461c61:group-9B5AAF70C598 changes role from null to FOLLOWER at term 0 for startAsFollower
2019-08-22 17:40:05,146 [pool-27-thread-1] INFO  util.JmxRegister (JmxRegister.java:tryRegister(44)) - Successfully registered JMX Bean with object name Ratis:service=RaftServer,group=group-9B5AAF70C598,id=c2b5941d-b72d-41e9-8cce-67773fde2f8a
2019-08-22 17:40:05,146 [pool-60-thread-1] INFO  impl.RoleInfo (RoleInfo.java:updateAndGet(143)) - c0e77ccd-2b09-4a23-a664-68073c461c61: start FollowerState
2019-08-22 17:40:05,148 [pool-60-thread-1] INFO  util.JmxRegister (JmxRegister.java:tryRegister(44)) - Successfully registered JMX Bean with object name Ratis:service=RaftServer,group=group-9B5AAF70C598,id=c0e77ccd-2b09-4a23-a664-68073c461c61
2019-08-22 17:40:05,162 [RatisPipelineUtilsThread] INFO  pipeline.PipelineStateManager (PipelineStateManager.java:addPipeline(56)) - Created pipeline Pipeline[ Id: 80305de2-18de-4e0a-9cdc-9b5aaf70c598, Nodes: c2b5941d-b72d-41e9-8cce-67773fde2f8a{ip: 192.168.5.173, host: pr-hdds-1808-4dtdn-3774871440, networkLocation: /default-rack, certSerialId: null}6b3b49b3-a706-4943-ae36-3fb349ffaff4{ip: 192.168.5.173, host: pr-hdds-1808-4dtdn-3774871440, networkLocation: /default-rack, certSerialId: null}c0e77ccd-2b09-4a23-a664-68073c461c61{ip: 192.168.5.173, host: pr-hdds-1808-4dtdn-3774871440, networkLocation: /default-rack, certSerialId: null}, Type:RATIS, Factor:THREE, State:OPEN]
2019-08-22 17:40:05,191 [grpc-default-executor-0] INFO  impl.RaftServerProxy (RaftServerProxy.java:addNew(89)) - a1f47dd0-84e3-4d6e-b4c6-03c6939721b7: addNew group-C4C40369ED55:[a1f47dd0-84e3-4d6e-b4c6-03c6939721b7:192.168.5.173:36744, 3d7b10ec-55d3-4b38-809c-43b59ae8e43b:192.168.5.173:46093, 431e9d5c-189d-4913-bc0e-bcdfa34a8a0c:192.168.5.173:43660] returns group-C4C40369ED55:java.util.concurrent.CompletableFuture@7d417ce6[Not completed]
2019-08-22 17:40:05,191 [grpc-default-executor-1] INFO  impl.RaftServerProxy (RaftServerProxy.java:addNew(89)) - 3d7b10ec-55d3-4b38-809c-43b59ae8e43b: addNew group-C4C40369ED55:[a1f47dd0-84e3-4d6e-b4c6-03c6939721b7:192.168.5.173:36744, 3d7b10ec-55d3-4b38-809c-43b59ae8e43b:192.168.5.173:46093, 431e9d5c-189d-4913-bc0e-bcdfa34a8a0c:192.168.5.173:43660] returns group-C4C40369ED55:java.util.concurrent.CompletableFuture@4c3e24e9[Not completed]
2019-08-22 17:40:05,191 [grpc-default-executor-2] INFO  impl.RaftServerProxy (RaftServerProxy.java:addNew(89)) - 431e9d5c-189d-4913-bc0e-bcdfa34a8a0c: addNew group-C4C40369ED55:[a1f47dd0-84e3-4d6e-b4c6-03c6939721b7:192.168.5.173:36744, 3d7b10ec-55d3-4b38-809c-43b59ae8e43b:192.168.5.173:46093, 431e9d5c-189d-4913-bc0e-bcdfa34a8a0c:192.168.5.173:43660] returns group-C4C40369ED55:java.util.concurrent.CompletableFuture@1b9536f[Not completed]
2019-08-22 17:40:05,194 [pool-71-thread-1] INFO  impl.RaftServerImpl (RaftServerImpl.java:<init>(93)) - a1f47dd0-84e3-4d6e-b4c6-03c6939721b7: new RaftServerImpl for group-C4C40369ED55:[a1f47dd0-84e3-4d6e-b4c6-03c6939721b7:192.168.5.173:36744, 3d7b10ec-55d3-4b38-809c-43b59ae8e43b:192.168.5.173:46093, 431e9d5c-189d-4913-bc0e-bcdfa34a8a0c:192.168.5.173:43660] with ContainerStateMachine:uninitialized
2019-08-22 17:40:05,194 [pool-71-thread-1] INFO  server.RaftServerConfigKeys (ConfUtils.java:logGet(43)) - raft.server.rpc.timeout.min = 5s (custom)
2019-08-22 17:40:05,195 [pool-71-thread-1] INFO  server.RaftServerConfigKeys (ConfUtils.java:logGet(43)) - raft.server.rpc.timeout.max = 5200ms (custom)
2019-08-22 17:40:05,195 [pool-71-thread-1] INFO  server.RaftServerConfigKeys (ConfUtils.java:logGet(43)) - raft.server.rpcslowness.timeout = 120s (custom)
2019-08-22 17:40:05,195 [pool-71-thread-1] INFO  server.RaftServerConfigKeys (ConfUtils.java:logGet(43)) - raft.server.sleep.deviation.threshold = 300 (default)
2019-08-22 17:40:05,195 [pool-71-thread-1] INFO  server.RaftServerConfigKeys (ConfUtils.java:logGet(43)) - raft.server.log.appender.install.snapshot.enabled = false (custom)
2019-08-22 17:40:05,195 [pool-49-thread-1] INFO  impl.RaftServerImpl (RaftServerImpl.java:<init>(93)) - 3d7b10ec-55d3-4b38-809c-43b59ae8e43b: new RaftServerImpl for group-C4C40369ED55:[a1f47dd0-84e3-4d6e-b4c6-03c6939721b7:192.168.5.173:36744, 3d7b10ec-55d3-4b38-809c-43b59ae8e43b:192.168.5.173:46093, 431e9d5c-189d-4913-bc0e-bcdfa34a8a0c:192.168.5.173:43660] with ContainerStateMachine:uninitialized
2019-08-22 17:40:05,195 [pool-71-thread-1] INFO  impl.RaftServerImpl (ServerState.java:<init>(105)) - a1f47dd0-84e3-4d6e-b4c6-03c6939721b7:group-C4C40369ED55 ConfigurationManager, init=-1: [a1f47dd0-84e3-4d6e-b4c6-03c6939721b7:192.168.5.173:36744, 3d7b10ec-55d3-4b38-809c-43b59ae8e43b:192.168.5.173:46093, 431e9d5c-189d-4913-bc0e-bcdfa34a8a0c:192.168.5.173:43660], old=null, confs=<EMPTY_MAP>
2019-08-22 17:40:05,195 [pool-49-thread-1] INFO  server.RaftServerConfigKeys (ConfUtils.java:logGet(43)) - raft.server.rpc.timeout.min = 5s (custom)
2019-08-22 17:40:05,195 [pool-71-thread-1] INFO  server.RaftServerConfigKeys (ConfUtils.java:logGet(43)) - raft.server.storage.dir = [/workdir/hadoop-ozone/integration-test/target/test-dir/MiniOzoneClusterImpl-c42309d1-0cec-4db9-9c35-8d22088a372f/datanode-4/data/ratis] (custom)
2019-08-22 17:40:05,196 [pool-82-thread-1] INFO  impl.RaftServerImpl (RaftServerImpl.java:<init>(93)) - 431e9d5c-189d-4913-bc0e-bcdfa34a8a0c: new RaftServerImpl for group-C4C40369ED55:[a1f47dd0-84e3-4d6e-b4c6-03c6939721b7:192.168.5.173:36744, 3d7b10ec-55d3-4b38-809c-43b59ae8e43b:192.168.5.173:46093, 431e9d5c-189d-4913-bc0e-bcdfa34a8a0c:192.168.5.173:43660] with ContainerStateMachine:uninitialized
2019-08-22 17:40:05,196 [pool-49-thread-1] INFO  server.RaftServerConfigKeys (ConfUtils.java:logGet(43)) - raft.server.rpc.timeout.max = 5200ms (custom)
2019-08-22 17:40:05,196 [pool-82-thread-1] INFO  server.RaftServerConfigKeys (ConfUtils.java:logGet(43)) - raft.server.rpc.timeout.min = 5s (custom)
2019-08-22 17:40:05,196 [pool-71-thread-1] INFO  storage.RaftStorageDirectory (RaftStorageDirectory.java:analyzeStorage(246)) - The storage directory /workdir/hadoop-ozone/integration-test/target/test-dir/MiniOzoneClusterImpl-c42309d1-0cec-4db9-9c35-8d22088a372f/datanode-4/data/ratis/592b2e34-5e76-4acf-817a-c4c40369ed55 does not exist. Creating ...
2019-08-22 17:40:05,196 [pool-49-thread-1] INFO  server.RaftServerConfigKeys (ConfUtils.java:logGet(43)) - raft.server.rpcslowness.timeout = 120s (custom)
2019-08-22 17:40:05,196 [pool-82-thread-1] INFO  server.RaftServerConfigKeys (ConfUtils.java:logGet(43)) - raft.server.rpc.timeout.max = 5200ms (custom)
2019-08-22 17:40:05,196 [pool-49-thread-1] INFO  server.RaftServerConfigKeys (ConfUtils.java:logGet(43)) - raft.server.sleep.deviation.threshold = 300 (default)
2019-08-22 17:40:05,196 [pool-82-thread-1] INFO  server.RaftServerConfigKeys (ConfUtils.java:logGet(43)) - raft.server.rpcslowness.timeout = 120s (custom)
2019-08-22 17:40:05,197 [pool-49-thread-1] INFO  server.RaftServerConfigKeys (ConfUtils.java:logGet(43)) - raft.server.log.appender.install.snapshot.enabled = false (custom)
2019-08-22 17:40:05,197 [pool-82-thread-1] INFO  server.RaftServerConfigKeys (ConfUtils.java:logGet(43)) - raft.server.sleep.deviation.threshold = 300 (default)
2019-08-22 17:40:05,197 [pool-49-thread-1] INFO  impl.RaftServerImpl (ServerState.java:<init>(105)) - 3d7b10ec-55d3-4b38-809c-43b59ae8e43b:group-C4C40369ED55 ConfigurationManager, init=-1: [a1f47dd0-84e3-4d6e-b4c6-03c6939721b7:192.168.5.173:36744, 3d7b10ec-55d3-4b38-809c-43b59ae8e43b:192.168.5.173:46093, 431e9d5c-189d-4913-bc0e-bcdfa34a8a0c:192.168.5.173:43660], old=null, confs=<EMPTY_MAP>
2019-08-22 17:40:05,197 [pool-82-thread-1] INFO  server.RaftServerConfigKeys (ConfUtils.java:logGet(43)) - raft.server.log.appender.install.snapshot.enabled = false (custom)
2019-08-22 17:40:05,197 [pool-49-thread-1] INFO  server.RaftServerConfigKeys (ConfUtils.java:logGet(43)) - raft.server.storage.dir = [/workdir/hadoop-ozone/integration-test/target/test-dir/MiniOzoneClusterImpl-c42309d1-0cec-4db9-9c35-8d22088a372f/datanode-2/data/ratis] (custom)
2019-08-22 17:40:05,197 [pool-82-thread-1] INFO  impl.RaftServerImpl (ServerState.java:<init>(105)) - 431e9d5c-189d-4913-bc0e-bcdfa34a8a0c:group-C4C40369ED55 ConfigurationManager, init=-1: [a1f47dd0-84e3-4d6e-b4c6-03c6939721b7:192.168.5.173:36744, 3d7b10ec-55d3-4b38-809c-43b59ae8e43b:192.168.5.173:46093, 431e9d5c-189d-4913-bc0e-bcdfa34a8a0c:192.168.5.173:43660], old=null, confs=<EMPTY_MAP>
2019-08-22 17:40:05,197 [pool-82-thread-1] INFO  server.RaftServerConfigKeys (ConfUtils.java:logGet(43)) - raft.server.storage.dir = [/workdir/hadoop-ozone/integration-test/target/test-dir/MiniOzoneClusterImpl-c42309d1-0cec-4db9-9c35-8d22088a372f/datanode-5/data/ratis] (custom)
2019-08-22 17:40:05,198 [pool-49-thread-1] INFO  storage.RaftStorageDirectory (RaftStorageDirectory.java:analyzeStorage(246)) - The storage directory /workdir/hadoop-ozone/integration-test/target/test-dir/MiniOzoneClusterImpl-c42309d1-0cec-4db9-9c35-8d22088a372f/datanode-2/data/ratis/592b2e34-5e76-4acf-817a-c4c40369ed55 does not exist. Creating ...
2019-08-22 17:40:05,198 [pool-82-thread-1] INFO  storage.RaftStorageDirectory (RaftStorageDirectory.java:analyzeStorage(246)) - The storage directory /workdir/hadoop-ozone/integration-test/target/test-dir/MiniOzoneClusterImpl-c42309d1-0cec-4db9-9c35-8d22088a372f/datanode-5/data/ratis/592b2e34-5e76-4acf-817a-c4c40369ed55 does not exist. Creating ...
2019-08-22 17:40:05,210 [pool-71-thread-1] INFO  storage.RaftStorageDirectory (RaftStorageDirectory.java:tryLock(328)) - Lock on /workdir/hadoop-ozone/integration-test/target/test-dir/MiniOzoneClusterImpl-c42309d1-0cec-4db9-9c35-8d22088a372f/datanode-4/data/ratis/592b2e34-5e76-4acf-817a-c4c40369ed55/in_use.lock acquired by nodename 29095@pr-hdds-1808-4dtdn-3774871440
2019-08-22 17:40:05,210 [pool-49-thread-1] INFO  storage.RaftStorageDirectory (RaftStorageDirectory.java:tryLock(328)) - Lock on /workdir/hadoop-ozone/integration-test/target/test-dir/MiniOzoneClusterImpl-c42309d1-0cec-4db9-9c35-8d22088a372f/datanode-2/data/ratis/592b2e34-5e76-4acf-817a-c4c40369ed55/in_use.lock acquired by nodename 29095@pr-hdds-1808-4dtdn-3774871440
2019-08-22 17:40:05,210 [pool-82-thread-1] INFO  storage.RaftStorageDirectory (RaftStorageDirectory.java:tryLock(328)) - Lock on /workdir/hadoop-ozone/integration-test/target/test-dir/MiniOzoneClusterImpl-c42309d1-0cec-4db9-9c35-8d22088a372f/datanode-5/data/ratis/592b2e34-5e76-4acf-817a-c4c40369ed55/in_use.lock acquired by nodename 29095@pr-hdds-1808-4dtdn-3774871440
2019-08-22 17:40:05,223 [pool-82-thread-1] INFO  storage.RaftStorage (RaftStorage.java:format(72)) - Storage directory /workdir/hadoop-ozone/integration-test/target/test-dir/MiniOzoneClusterImpl-c42309d1-0cec-4db9-9c35-8d22088a372f/datanode-5/data/ratis/592b2e34-5e76-4acf-817a-c4c40369ed55 has been successfully formatted.
2019-08-22 17:40:05,223 [pool-49-thread-1] INFO  storage.RaftStorage (RaftStorage.java:format(72)) - Storage directory /workdir/hadoop-ozone/integration-test/target/test-dir/MiniOzoneClusterImpl-c42309d1-0cec-4db9-9c35-8d22088a372f/datanode-2/data/ratis/592b2e34-5e76-4acf-817a-c4c40369ed55 has been successfully formatted.
2019-08-22 17:40:05,223 [pool-71-thread-1] INFO  storage.RaftStorage (RaftStorage.java:format(72)) - Storage directory /workdir/hadoop-ozone/integration-test/target/test-dir/MiniOzoneClusterImpl-c42309d1-0cec-4db9-9c35-8d22088a372f/datanode-4/data/ratis/592b2e34-5e76-4acf-817a-c4c40369ed55 has been successfully formatted.
2019-08-22 17:40:05,224 [pool-82-thread-1] INFO  ratis.ContainerStateMachine (ContainerStateMachine.java:loadSnapshot(226)) - group-C4C40369ED55: The snapshot info is null. Setting the last applied indexto:(t:0, i:~)
2019-08-22 17:40:05,224 [pool-49-thread-1] INFO  ratis.ContainerStateMachine (ContainerStateMachine.java:loadSnapshot(226)) - group-C4C40369ED55: The snapshot info is null. Setting the last applied indexto:(t:0, i:~)
2019-08-22 17:40:05,224 [pool-82-thread-1] INFO  server.RaftServerConfigKeys (ConfUtils.java:logGet(43)) - raft.server.leader.election.timeout = 120s (custom)
2019-08-22 17:40:05,224 [pool-71-thread-1] INFO  ratis.ContainerStateMachine (ContainerStateMachine.java:loadSnapshot(226)) - group-C4C40369ED55: The snapshot info is null. Setting the last applied indexto:(t:0, i:~)
2019-08-22 17:40:05,224 [pool-82-thread-1] INFO  server.RaftServerConfigKeys (ConfUtils.java:logGet(43)) - raft.server.log.use.memory = false (default)
2019-08-22 17:40:05,224 [pool-49-thread-1] INFO  server.RaftServerConfigKeys (ConfUtils.java:logGet(43)) - raft.server.leader.election.timeout = 120s (custom)
2019-08-22 17:40:05,224 [pool-82-thread-1] INFO  server.RaftServerConfigKeys (ConfUtils.java:logGet(43)) - raft.server.log.purge.gap = 1000000 (custom)
2019-08-22 17:40:05,224 [pool-71-thread-1] INFO  server.RaftServerConfigKeys (ConfUtils.java:logGet(43)) - raft.server.leader.election.timeout = 120s (custom)
2019-08-22 17:40:05,224 [pool-82-thread-1] INFO  server.RaftServerConfigKeys (ConfUtils.java:logGet(43)) - raft.server.log.appender.buffer.byte-limit = 33554432 (custom)
2019-08-22 17:40:05,224 [pool-49-thread-1] INFO  server.RaftServerConfigKeys (ConfUtils.java:logGet(43)) - raft.server.log.use.memory = false (default)
2019-08-22 17:40:05,225 [pool-82-thread-1] INFO  server.RaftServerConfigKeys (ConfUtils.java:logGet(43)) - raft.server.log.segment.size.max = 1048576 (custom)
2019-08-22 17:40:05,224 [pool-71-thread-1] INFO  server.RaftServerConfigKeys (ConfUtils.java:logGet(43)) - raft.server.log.use.memory = false (default)
2019-08-22 17:40:05,225 [pool-82-thread-1] INFO  server.RaftServerConfigKeys (ConfUtils.java:logGet(43)) - raft.server.log.segment.cache.num.max = 2 (custom)
2019-08-22 17:40:05,225 [pool-49-thread-1] INFO  server.RaftServerConfigKeys (ConfUtils.java:logGet(43)) - raft.server.log.purge.gap = 1000000 (custom)
2019-08-22 17:40:05,225 [pool-82-thread-1] INFO  segmented.SegmentedRaftLogWorker (SegmentedRaftLogWorker.java:<init>(172)) - new 431e9d5c-189d-4913-bc0e-bcdfa34a8a0c-SegmentedRaftLogWorker:Storage Directory /workdir/hadoop-ozone/integration-test/target/test-dir/MiniOzoneClusterImpl-c42309d1-0cec-4db9-9c35-8d22088a372f/datanode-5/data/ratis/592b2e34-5e76-4acf-817a-c4c40369ed55 for RaftStorage:Storage Directory /workdir/hadoop-ozone/integration-test/target/test-dir/MiniOzoneClusterImpl-c42309d1-0cec-4db9-9c35-8d22088a372f/datanode-5/data/ratis/592b2e34-5e76-4acf-817a-c4c40369ed55
2019-08-22 17:40:05,225 [pool-71-thread-1] INFO  server.RaftServerConfigKeys (ConfUtils.java:logGet(43)) - raft.server.log.purge.gap = 1000000 (custom)
2019-08-22 17:40:05,225 [pool-82-thread-1] INFO  server.RaftServerConfigKeys (ConfUtils.java:logGet(43)) - raft.server.log.queue.byte-limit = 2147483647 (custom)
2019-08-22 17:40:05,229 [pool-82-thread-1] INFO  server.RaftServerConfigKeys (ConfUtils.java:logGet(43)) - raft.server.log.queue.element-limit = 1024 (custom)
2019-08-22 17:40:05,225 [pool-49-thread-1] INFO  server.RaftServerConfigKeys (ConfUtils.java:logGet(43)) - raft.server.log.appender.buffer.byte-limit = 33554432 (custom)
2019-08-22 17:40:05,229 [pool-82-thread-1] INFO  server.RaftServerConfigKeys (ConfUtils.java:logGet(43)) - raft.server.log.segment.size.max = 1048576 (custom)
2019-08-22 17:40:05,225 [pool-71-thread-1] INFO  server.RaftServerConfigKeys (ConfUtils.java:logGet(43)) - raft.server.log.appender.buffer.byte-limit = 33554432 (custom)
2019-08-22 17:40:05,229 [pool-82-thread-1] INFO  server.RaftServerConfigKeys (ConfUtils.java:logGet(43)) - raft.server.log.preallocated.size = 16384 (custom)
2019-08-22 17:40:05,229 [pool-49-thread-1] INFO  server.RaftServerConfigKeys (ConfUtils.java:logGet(43)) - raft.server.log.segment.size.max = 1048576 (custom)
2019-08-22 17:40:05,230 [pool-82-thread-1] INFO  server.RaftServerConfigKeys (ConfUtils.java:logGet(43)) - raft.server.log.write.buffer.size = 33554432 (custom)
2019-08-22 17:40:05,230 [pool-71-thread-1] INFO  server.RaftServerConfigKeys (ConfUtils.java:logGet(43)) - raft.server.log.segment.size.max = 1048576 (custom)
2019-08-22 17:40:05,230 [pool-82-thread-1] INFO  server.RaftServerConfigKeys (ConfUtils.java:logGet(43)) - raft.server.log.force.sync.num = 128 (default)
2019-08-22 17:40:05,230 [pool-49-thread-1] INFO  server.RaftServerConfigKeys (ConfUtils.java:logGet(43)) - raft.server.log.segment.cache.num.max = 2 (custom)
2019-08-22 17:40:05,230 [pool-82-thread-1] INFO  server.RaftServerConfigKeys (ConfUtils.java:logGet(43)) - raft.server.log.statemachine.data.sync = true (default)
2019-08-22 17:40:05,230 [pool-71-thread-1] INFO  server.RaftServerConfigKeys (ConfUtils.java:logGet(43)) - raft.server.log.segment.cache.num.max = 2 (custom)
2019-08-22 17:40:05,230 [pool-82-thread-1] INFO  server.RaftServerConfigKeys (ConfUtils.java:logGet(43)) - raft.server.log.statemachine.data.sync.timeout = 10s (default)
2019-08-22 17:40:05,230 [pool-49-thread-1] INFO  segmented.SegmentedRaftLogWorker (SegmentedRaftLogWorker.java:<init>(172)) - new 3d7b10ec-55d3-4b38-809c-43b59ae8e43b-SegmentedRaftLogWorker:Storage Directory /workdir/hadoop-ozone/integration-test/target/test-dir/MiniOzoneClusterImpl-c42309d1-0cec-4db9-9c35-8d22088a372f/datanode-2/data/ratis/592b2e34-5e76-4acf-817a-c4c40369ed55 for RaftStorage:Storage Directory /workdir/hadoop-ozone/integration-test/target/test-dir/MiniOzoneClusterImpl-c42309d1-0cec-4db9-9c35-8d22088a372f/datanode-2/data/ratis/592b2e34-5e76-4acf-817a-c4c40369ed55
2019-08-22 17:40:05,231 [pool-82-thread-1] INFO  server.RaftServerConfigKeys (ConfUtils.java:logGet(43)) - raft.server.log.statemachine.data.sync.timeout.retry = -1 (default)
2019-08-22 17:40:05,230 [pool-71-thread-1] INFO  segmented.SegmentedRaftLogWorker (SegmentedRaftLogWorker.java:<init>(172)) - new a1f47dd0-84e3-4d6e-b4c6-03c6939721b7-SegmentedRaftLogWorker:Storage Directory /workdir/hadoop-ozone/integration-test/target/test-dir/MiniOzoneClusterImpl-c42309d1-0cec-4db9-9c35-8d22088a372f/datanode-4/data/ratis/592b2e34-5e76-4acf-817a-c4c40369ed55 for RaftStorage:Storage Directory /workdir/hadoop-ozone/integration-test/target/test-dir/MiniOzoneClusterImpl-c42309d1-0cec-4db9-9c35-8d22088a372f/datanode-4/data/ratis/592b2e34-5e76-4acf-817a-c4c40369ed55
2019-08-22 17:40:05,239 [pool-82-thread-1] INFO  server.RaftServerConfigKeys (ConfUtils.java:logGet(43)) - raft.server.log.statemachine.data.caching.enabled = true (custom)
2019-08-22 17:40:05,239 [pool-71-thread-1] INFO  server.RaftServerConfigKeys (ConfUtils.java:logGet(43)) - raft.server.log.queue.byte-limit = 2147483647 (custom)
2019-08-22 17:40:05,240 [pool-71-thread-1] INFO  server.RaftServerConfigKeys (ConfUtils.java:logGet(43)) - raft.server.log.queue.element-limit = 1024 (custom)
2019-08-22 17:40:05,231 [pool-49-thread-1] INFO  server.RaftServerConfigKeys (ConfUtils.java:logGet(43)) - raft.server.log.queue.byte-limit = 2147483647 (custom)
2019-08-22 17:40:05,240 [pool-71-thread-1] INFO  server.RaftServerConfigKeys (ConfUtils.java:logGet(43)) - raft.server.log.segment.size.max = 1048576 (custom)
2019-08-22 17:40:05,240 [pool-82-thread-1] INFO  segmented.SegmentedRaftLogWorker (SegmentedRaftLogWorker.java:lambda$new$0(132)) - 431e9d5c-189d-4913-bc0e-bcdfa34a8a0c-SegmentedRaftLogWorker:Storage Directory /workdir/hadoop-ozone/integration-test/target/test-dir/MiniOzoneClusterImpl-c42309d1-0cec-4db9-9c35-8d22088a372f/datanode-5/data/ratis/592b2e34-5e76-4acf-817a-c4c40369ed55: flushIndex: setUnconditionally 0 -> -1
2019-08-22 17:40:05,240 [pool-71-thread-1] INFO  server.RaftServerConfigKeys (ConfUtils.java:logGet(43)) - raft.server.log.preallocated.size = 16384 (custom)
2019-08-22 17:40:05,240 [pool-49-thread-1] INFO  server.RaftServerConfigKeys (ConfUtils.java:logGet(43)) - raft.server.log.queue.element-limit = 1024 (custom)
2019-08-22 17:40:05,241 [pool-82-thread-1] INFO  server.RaftServerConfigKeys (ConfUtils.java:logGet(43)) - raft.server.snapshot.auto.trigger.enabled = true (custom)
2019-08-22 17:40:05,241 [pool-71-thread-1] INFO  server.RaftServerConfigKeys (ConfUtils.java:logGet(43)) - raft.server.log.write.buffer.size = 33554432 (custom)
2019-08-22 17:40:05,241 [pool-82-thread-1] INFO  server.RaftServerConfigKeys (ConfUtils.java:logGet(43)) - raft.server.snapshot.auto.trigger.threshold = 10000 (custom)
2019-08-22 17:40:05,241 [pool-49-thread-1] INFO  server.RaftServerConfigKeys (ConfUtils.java:logGet(43)) - raft.server.log.segment.size.max = 1048576 (custom)
2019-08-22 17:40:05,241 [pool-82-thread-1] INFO  server.RaftServerConfigKeys (ConfUtils.java:logGet(43)) - raft.server.retrycache.expirytime = 600000ms (custom)
2019-08-22 17:40:05,241 [pool-71-thread-1] INFO  server.RaftServerConfigKeys (ConfUtils.java:logGet(43)) - raft.server.log.force.sync.num = 128 (default)
2019-08-22 17:40:05,241 [pool-49-thread-1] INFO  server.RaftServerConfigKeys (ConfUtils.java:logGet(43)) - raft.server.log.preallocated.size = 16384 (custom)
2019-08-22 17:40:05,241 [pool-82-thread-1] INFO  impl.RaftServerImpl (RaftServerImpl.java:start(180)) - 431e9d5c-189d-4913-bc0e-bcdfa34a8a0c: start group-C4C40369ED55
2019-08-22 17:40:05,241 [pool-71-thread-1] INFO  server.RaftServerConfigKeys (ConfUtils.java:logGet(43)) - raft.server.log.statemachine.data.sync = true (default)
2019-08-22 17:40:05,242 [pool-82-thread-1] INFO  impl.RaftServerImpl (RaftServerImpl.java:setRole(171)) - 431e9d5c-189d-4913-bc0e-bcdfa34a8a0c:group-C4C40369ED55 changes role from null to FOLLOWER at term 0 for startAsFollower
2019-08-22 17:40:05,242 [pool-49-thread-1] INFO  server.RaftServerConfigKeys (ConfUtils.java:logGet(43)) - raft.server.log.write.buffer.size = 33554432 (custom)
2019-08-22 17:40:05,242 [pool-82-thread-1] INFO  impl.RoleInfo (RoleInfo.java:updateAndGet(143)) - 431e9d5c-189d-4913-bc0e-bcdfa34a8a0c: start FollowerState
2019-08-22 17:40:05,242 [pool-71-thread-1] INFO  server.RaftServerConfigKeys (ConfUtils.java:logGet(43)) - raft.server.log.statemachine.data.sync.timeout = 10s (default)
2019-08-22 17:40:05,242 [pool-49-thread-1] INFO  server.RaftServerConfigKeys (ConfUtils.java:logGet(43)) - raft.server.log.force.sync.num = 128 (default)
2019-08-22 17:40:05,242 [pool-82-thread-1] INFO  util.JmxRegister (JmxRegister.java:tryRegister(44)) - Successfully registered JMX Bean with object name Ratis:service=RaftServer,group=group-C4C40369ED55,id=431e9d5c-189d-4913-bc0e-bcdfa34a8a0c
2019-08-22 17:40:05,242 [pool-71-thread-1] INFO  server.RaftServerConfigKeys (ConfUtils.java:logGet(43)) - raft.server.log.statemachine.data.sync.timeout.retry = -1 (default)
2019-08-22 17:40:05,242 [pool-49-thread-1] INFO  server.RaftServerConfigKeys (ConfUtils.java:logGet(43)) - raft.server.log.statemachine.data.sync = true (default)
2019-08-22 17:40:05,243 [pool-71-thread-1] INFO  server.RaftServerConfigKeys (ConfUtils.java:logGet(43)) - raft.server.log.statemachine.data.caching.enabled = true (custom)
2019-08-22 17:40:05,243 [pool-49-thread-1] INFO  server.RaftServerConfigKeys (ConfUtils.java:logGet(43)) - raft.server.log.statemachine.data.sync.timeout = 10s (default)
2019-08-22 17:40:05,243 [pool-71-thread-1] INFO  segmented.SegmentedRaftLogWorker (SegmentedRaftLogWorker.java:lambda$new$0(132)) - a1f47dd0-84e3-4d6e-b4c6-03c6939721b7-SegmentedRaftLogWorker:Storage Directory /workdir/hadoop-ozone/integration-test/target/test-dir/MiniOzoneClusterImpl-c42309d1-0cec-4db9-9c35-8d22088a372f/datanode-4/data/ratis/592b2e34-5e76-4acf-817a-c4c40369ed55: flushIndex: setUnconditionally 0 -> -1
2019-08-22 17:40:05,243 [pool-49-thread-1] INFO  server.RaftServerConfigKeys (ConfUtils.java:logGet(43)) - raft.server.log.statemachine.data.sync.timeout.retry = -1 (default)
2019-08-22 17:40:05,243 [pool-71-thread-1] INFO  server.RaftServerConfigKeys (ConfUtils.java:logGet(43)) - raft.server.snapshot.auto.trigger.enabled = true (custom)
2019-08-22 17:40:05,244 [pool-49-thread-1] INFO  server.RaftServerConfigKeys (ConfUtils.java:logGet(43)) - raft.server.log.statemachine.data.caching.enabled = true (custom)
2019-08-22 17:40:05,244 [pool-71-thread-1] INFO  server.RaftServerConfigKeys (ConfUtils.java:logGet(43)) - raft.server.snapshot.auto.trigger.threshold = 10000 (custom)
2019-08-22 17:40:05,244 [pool-49-thread-1] INFO  segmented.SegmentedRaftLogWorker (SegmentedRaftLogWorker.java:lambda$new$0(132)) - 3d7b10ec-55d3-4b38-809c-43b59ae8e43b-SegmentedRaftLogWorker:Storage Directory /workdir/hadoop-ozone/integration-test/target/test-dir/MiniOzoneClusterImpl-c42309d1-0cec-4db9-9c35-8d22088a372f/datanode-2/data/ratis/592b2e34-5e76-4acf-817a-c4c40369ed55: flushIndex: setUnconditionally 0 -> -1
2019-08-22 17:40:05,245 [pool-71-thread-1] INFO  server.RaftServerConfigKeys (ConfUtils.java:logGet(43)) - raft.server.retrycache.expirytime = 600000ms (custom)
2019-08-22 17:40:05,245 [pool-49-thread-1] INFO  server.RaftServerConfigKeys (ConfUtils.java:logGet(43)) - raft.server.snapshot.auto.trigger.enabled = true (custom)
2019-08-22 17:40:05,245 [pool-71-thread-1] INFO  impl.RaftServerImpl (RaftServerImpl.java:start(180)) - a1f47dd0-84e3-4d6e-b4c6-03c6939721b7: start group-C4C40369ED55
2019-08-22 17:40:05,246 [pool-49-thread-1] INFO  server.RaftServerConfigKeys (ConfUtils.java:logGet(43)) - raft.server.snapshot.auto.trigger.threshold = 10000 (custom)
2019-08-22 17:40:05,246 [pool-71-thread-1] INFO  impl.RaftServerImpl (RaftServerImpl.java:setRole(171)) - a1f47dd0-84e3-4d6e-b4c6-03c6939721b7:group-C4C40369ED55 changes role from null to FOLLOWER at term 0 for startAsFollower
2019-08-22 17:40:05,246 [pool-49-thread-1] INFO  server.RaftServerConfigKeys (ConfUtils.java:logGet(43)) - raft.server.retrycache.expirytime = 600000ms (custom)
2019-08-22 17:40:05,246 [pool-71-thread-1] INFO  impl.RoleInfo (RoleInfo.java:updateAndGet(143)) - a1f47dd0-84e3-4d6e-b4c6-03c6939721b7: start FollowerState
2019-08-22 17:40:05,248 [pool-49-thread-1] INFO  impl.RaftServerImpl (RaftServerImpl.java:start(180)) - 3d7b10ec-55d3-4b38-809c-43b59ae8e43b: start group-C4C40369ED55
2019-08-22 17:40:05,248 [pool-49-thread-1] INFO  impl.RaftServerImpl (RaftServerImpl.java:setRole(171)) - 3d7b10ec-55d3-4b38-809c-43b59ae8e43b:group-C4C40369ED55 changes role from null to FOLLOWER at term 0 for startAsFollower
2019-08-22 17:40:05,248 [pool-71-thread-1] INFO  util.JmxRegister (JmxRegister.java:tryRegister(44)) - Successfully registered JMX Bean with object name Ratis:service=RaftServer,group=group-C4C40369ED55,id=a1f47dd0-84e3-4d6e-b4c6-03c6939721b7
2019-08-22 17:40:05,249 [pool-49-thread-1] INFO  impl.RoleInfo (RoleInfo.java:updateAndGet(143)) - 3d7b10ec-55d3-4b38-809c-43b59ae8e43b: start FollowerState
2019-08-22 17:40:05,251 [pool-49-thread-1] INFO  util.JmxRegister (JmxRegister.java:tryRegister(44)) - Successfully registered JMX Bean with object name Ratis:service=RaftServer,group=group-C4C40369ED55,id=3d7b10ec-55d3-4b38-809c-43b59ae8e43b
2019-08-22 17:40:05,264 [RatisPipelineUtilsThread] INFO  pipeline.PipelineStateManager (PipelineStateManager.java:addPipeline(56)) - Created pipeline Pipeline[ Id: 592b2e34-5e76-4acf-817a-c4c40369ed55, Nodes: 3d7b10ec-55d3-4b38-809c-43b59ae8e43b{ip: 192.168.5.173, host: pr-hdds-1808-4dtdn-3774871440, networkLocation: /default-rack, certSerialId: null}a1f47dd0-84e3-4d6e-b4c6-03c6939721b7{ip: 192.168.5.173, host: pr-hdds-1808-4dtdn-3774871440, networkLocation: /default-rack, certSerialId: null}431e9d5c-189d-4913-bc0e-bcdfa34a8a0c{ip: 192.168.5.173, host: pr-hdds-1808-4dtdn-3774871440, networkLocation: /default-rack, certSerialId: null}, Type:RATIS, Factor:THREE, State:OPEN]
2019-08-22 17:40:05,352 | INFO  | SCMAudit | user=jenkins1000 | ip=192.168.5.173 | op=SEND_HEARTBEAT {datanodeUUID=6b3b49b3-a706-4943-ae36-3fb349ffaff4, command=[]} | ret=SUCCESS |  
2019-08-22 17:40:05,381 [main] INFO  rpc.RpcClient (RpcClient.java:createVolume(293)) - Creating Volume: testblockoutputstream, with jenkins1000 as owner.
2019-08-22 17:40:05,411 | INFO  | OMAudit | user=jenkins1000 | ip=127.0.0.1 | op=CREATE_VOLUME {admin=jenkins1000, owner=jenkins1000, volume=testblockoutputstream, creationTime=1566495605405, quotaInBytes=1152921504606846976} | ret=SUCCESS |  
2019-08-22 17:40:05,436 | INFO  | OMAudit | user=jenkins1000 | ip=127.0.0.1 | op=READ_VOLUME {volume=testblockoutputstream} | ret=SUCCESS |  
2019-08-22 17:40:05,442 [main] INFO  rpc.RpcClient (RpcClient.java:createBucket(432)) - Creating Bucket: testblockoutputstream/testblockoutputstream, with Versioning false and Storage Type set to DISK and Encryption set to false 
2019-08-22 17:40:05,463 | INFO  | OMAudit | user=jenkins1000 | ip=127.0.0.1 | op=CREATE_BUCKET {volume=testblockoutputstream, bucket=testblockoutputstream, acls=[user:jenkins1000:a[ACCESS], group:default:a[ACCESS]], isVersionEnabled=false, storageType=DISK, creationTime=0} | ret=SUCCESS |  
2019-08-22 17:40:05,464 [main] INFO  impl.MetricsSystemImpl (MetricsSystemImpl.java:init(158)) - XceiverClientMetrics metrics system started (again)
2019-08-22 17:40:05,474 | INFO  | OMAudit | user=jenkins1000 | ip=127.0.0.1 | op=READ_VOLUME {volume=testblockoutputstream} | ret=SUCCESS |  
2019-08-22 17:40:05,483 | INFO  | OMAudit | user=jenkins1000 | ip=127.0.0.1 | op=READ_BUCKET {volume=testblockoutputstream, bucket=testblockoutputstream} | ret=SUCCESS |  
2019-08-22 17:40:05,547 | INFO  | SCMAudit | user=jenkins1000 | ip=192.168.5.173 | op=ALLOCATE_BLOCK {owner=ac5b1c68-44d6-41ec-9f11-92dd25f34595, size=800, type=RATIS, factor=THREE} | ret=SUCCESS |  
2019-08-22 17:40:05,580 | INFO  | OMAudit | user=jenkins1000 | ip=127.0.0.1 | op=ALLOCATE_KEY {volume=testblockoutputstream, bucket=testblockoutputstream, key=70d1af3d-98af-40de-80fd-b46031fc5774, dataSize=0, replicationType=RATIS, replicationFactor=THREE, keyLocationInfo=null} | ret=SUCCESS |  
2019-08-22 17:40:05,708 [grpc-default-executor-2] INFO  client.GrpcClientProtocolClient (GrpcClientProtocolClient.java:onNext(255)) - client-6761B523942B->3d7b10ec-55d3-4b38-809c-43b59ae8e43b: receive RaftClientReply:client-6761B523942B->3d7b10ec-55d3-4b38-809c-43b59ae8e43b@group-C4C40369ED55, cid=13, FAILED org.apache.ratis.protocol.NotLeaderException: Server 3d7b10ec-55d3-4b38-809c-43b59ae8e43b is not the leader (null). Request must be sent to leader., logIndex=0, commits[3d7b10ec-55d3-4b38-809c-43b59ae8e43b:c-1]
2019-08-22 17:40:05,994 | INFO  | SCMAudit | user=jenkins1000 | ip=192.168.5.173 | op=SEND_HEARTBEAT {datanodeUUID=3d7b10ec-55d3-4b38-809c-43b59ae8e43b, command=[]} | ret=SUCCESS |  
2019-08-22 17:40:05,994 | INFO  | SCMAudit | user=jenkins1000 | ip=192.168.5.173 | op=SEND_HEARTBEAT {datanodeUUID=c0e77ccd-2b09-4a23-a664-68073c461c61, command=[]} | ret=SUCCESS |  
2019-08-22 17:40:06,098 | INFO  | SCMAudit | user=jenkins1000 | ip=192.168.5.173 | op=SEND_HEARTBEAT {datanodeUUID=a1f47dd0-84e3-4d6e-b4c6-03c6939721b7, command=[]} | ret=SUCCESS |  
2019-08-22 17:40:06,099 | INFO  | SCMAudit | user=jenkins1000 | ip=192.168.5.173 | op=SEND_HEARTBEAT {datanodeUUID=c2b5941d-b72d-41e9-8cce-67773fde2f8a, command=[]} | ret=SUCCESS |  
2019-08-22 17:40:06,152 [Thread-237] INFO  container.ReplicationManager (ReplicationManager.java:start(152)) - Starting Replication Monitor Thread.
2019-08-22 17:40:06,158 [ReplicationMonitor] INFO  container.ReplicationManager (ReplicationManager.java:run(215)) - Replication Monitor Thread took 4 milliseconds for processing 1 containers.
2019-08-22 17:40:06,352 | INFO  | SCMAudit | user=jenkins1000 | ip=192.168.5.173 | op=SEND_HEARTBEAT {datanodeUUID=6b3b49b3-a706-4943-ae36-3fb349ffaff4, command=[]} | ret=SUCCESS |  
2019-08-22 17:40:06,410 | INFO  | SCMAudit | user=jenkins1000 | ip=192.168.5.173 | op=SEND_HEARTBEAT {datanodeUUID=431e9d5c-189d-4913-bc0e-bcdfa34a8a0c, command=[]} | ret=SUCCESS |  
2019-08-22 17:40:06,579 | INFO  | SCMAudit | user=jenkins1000 | ip=192.168.5.173 | op=SEND_HEARTBEAT {datanodeUUID=f13cbeb3-1638-40ca-a674-1282dfb13b44, command=[]} | ret=SUCCESS |  
2019-08-22 17:40:06,752 [grpc-default-executor-1] INFO  client.GrpcClientProtocolClient (GrpcClientProtocolClient.java:onNext(255)) - client-6761B523942B->431e9d5c-189d-4913-bc0e-bcdfa34a8a0c: receive RaftClientReply:client-6761B523942B->431e9d5c-189d-4913-bc0e-bcdfa34a8a0c@group-C4C40369ED55, cid=13, FAILED org.apache.ratis.protocol.NotLeaderException: Server 431e9d5c-189d-4913-bc0e-bcdfa34a8a0c is not the leader (null). Request must be sent to leader., logIndex=0, commits[431e9d5c-189d-4913-bc0e-bcdfa34a8a0c:c-1]
2019-08-22 17:40:06,991 | INFO  | SCMAudit | user=jenkins1000 | ip=192.168.5.173 | op=SEND_HEARTBEAT {datanodeUUID=c0e77ccd-2b09-4a23-a664-68073c461c61, command=[]} | ret=SUCCESS |  
2019-08-22 17:40:06,993 | INFO  | SCMAudit | user=jenkins1000 | ip=192.168.5.173 | op=SEND_HEARTBEAT {datanodeUUID=3d7b10ec-55d3-4b38-809c-43b59ae8e43b, command=[]} | ret=SUCCESS |  
2019-08-22 17:40:07,098 | INFO  | SCMAudit | user=jenkins1000 | ip=192.168.5.173 | op=SEND_HEARTBEAT {datanodeUUID=a1f47dd0-84e3-4d6e-b4c6-03c6939721b7, command=[]} | ret=SUCCESS |  
2019-08-22 17:40:07,099 | INFO  | SCMAudit | user=jenkins1000 | ip=192.168.5.173 | op=SEND_HEARTBEAT {datanodeUUID=c2b5941d-b72d-41e9-8cce-67773fde2f8a, command=[]} | ret=SUCCESS |  
2019-08-22 17:40:07,352 | INFO  | SCMAudit | user=jenkins1000 | ip=192.168.5.173 | op=SEND_HEARTBEAT {datanodeUUID=6b3b49b3-a706-4943-ae36-3fb349ffaff4, command=[]} | ret=SUCCESS |  
2019-08-22 17:40:07,409 | INFO  | SCMAudit | user=jenkins1000 | ip=192.168.5.173 | op=SEND_HEARTBEAT {datanodeUUID=431e9d5c-189d-4913-bc0e-bcdfa34a8a0c, command=[]} | ret=SUCCESS |  
2019-08-22 17:40:07,579 | INFO  | SCMAudit | user=jenkins1000 | ip=192.168.5.173 | op=SEND_HEARTBEAT {datanodeUUID=f13cbeb3-1638-40ca-a674-1282dfb13b44, command=[]} | ret=SUCCESS |  
2019-08-22 17:40:07,778 [grpc-default-executor-1] INFO  client.GrpcClientProtocolClient (GrpcClientProtocolClient.java:onNext(255)) - client-6761B523942B->3d7b10ec-55d3-4b38-809c-43b59ae8e43b: receive RaftClientReply:client-6761B523942B->3d7b10ec-55d3-4b38-809c-43b59ae8e43b@group-C4C40369ED55, cid=13, FAILED org.apache.ratis.protocol.NotLeaderException: Server 3d7b10ec-55d3-4b38-809c-43b59ae8e43b is not the leader (null). Request must be sent to leader., logIndex=0, commits[3d7b10ec-55d3-4b38-809c-43b59ae8e43b:c-1]
2019-08-22 17:40:08,001 | INFO  | SCMAudit | user=jenkins1000 | ip=192.168.5.173 | op=SEND_HEARTBEAT {datanodeUUID=3d7b10ec-55d3-4b38-809c-43b59ae8e43b, command=[]} | ret=SUCCESS |  
2019-08-22 17:40:08,001 | INFO  | SCMAudit | user=jenkins1000 | ip=192.168.5.173 | op=SEND_HEARTBEAT {datanodeUUID=c0e77ccd-2b09-4a23-a664-68073c461c61, command=[]} | ret=SUCCESS |  
2019-08-22 17:40:08,093 | INFO  | SCMAudit | user=jenkins1000 | ip=192.168.5.173 | op=SEND_HEARTBEAT {datanodeUUID=a1f47dd0-84e3-4d6e-b4c6-03c6939721b7, command=[]} | ret=SUCCESS |  
2019-08-22 17:40:08,096 | INFO  | SCMAudit | user=jenkins1000 | ip=192.168.5.173 | op=SEND_HEARTBEAT {datanodeUUID=c2b5941d-b72d-41e9-8cce-67773fde2f8a, command=[]} | ret=SUCCESS |  
2019-08-22 17:40:08,350 | INFO  | SCMAudit | user=jenkins1000 | ip=192.168.5.173 | op=SEND_HEARTBEAT {datanodeUUID=6b3b49b3-a706-4943-ae36-3fb349ffaff4, command=[]} | ret=SUCCESS |  
2019-08-22 17:40:08,407 | INFO  | SCMAudit | user=jenkins1000 | ip=192.168.5.173 | op=SEND_HEARTBEAT {datanodeUUID=431e9d5c-189d-4913-bc0e-bcdfa34a8a0c, command=[]} | ret=SUCCESS |  
2019-08-22 17:40:08,576 | INFO  | SCMAudit | user=jenkins1000 | ip=192.168.5.173 | op=SEND_HEARTBEAT {datanodeUUID=f13cbeb3-1638-40ca-a674-1282dfb13b44, command=[]} | ret=SUCCESS |  
2019-08-22 17:40:08,803 [grpc-default-executor-1] INFO  client.GrpcClientProtocolClient (GrpcClientProtocolClient.java:onNext(255)) - client-6761B523942B->a1f47dd0-84e3-4d6e-b4c6-03c6939721b7: receive RaftClientReply:client-6761B523942B->a1f47dd0-84e3-4d6e-b4c6-03c6939721b7@group-C4C40369ED55, cid=13, FAILED org.apache.ratis.protocol.NotLeaderException: Server a1f47dd0-84e3-4d6e-b4c6-03c6939721b7 is not the leader (null). Request must be sent to leader., logIndex=0, commits[a1f47dd0-84e3-4d6e-b4c6-03c6939721b7:c-1]
2019-08-22 17:40:08,988 | INFO  | SCMAudit | user=jenkins1000 | ip=192.168.5.173 | op=SEND_HEARTBEAT {datanodeUUID=c0e77ccd-2b09-4a23-a664-68073c461c61, command=[]} | ret=SUCCESS |  
2019-08-22 17:40:09,001 | INFO  | SCMAudit | user=jenkins1000 | ip=192.168.5.173 | op=SEND_HEARTBEAT {datanodeUUID=3d7b10ec-55d3-4b38-809c-43b59ae8e43b, command=[]} | ret=SUCCESS |  
2019-08-22 17:40:09,094 | INFO  | SCMAudit | user=jenkins1000 | ip=192.168.5.173 | op=SEND_HEARTBEAT {datanodeUUID=a1f47dd0-84e3-4d6e-b4c6-03c6939721b7, command=[]} | ret=SUCCESS |  
2019-08-22 17:40:09,096 | INFO  | SCMAudit | user=jenkins1000 | ip=192.168.5.173 | op=SEND_HEARTBEAT {datanodeUUID=c2b5941d-b72d-41e9-8cce-67773fde2f8a, command=[]} | ret=SUCCESS |  
2019-08-22 17:40:09,350 | INFO  | SCMAudit | user=jenkins1000 | ip=192.168.5.173 | op=SEND_HEARTBEAT {datanodeUUID=6b3b49b3-a706-4943-ae36-3fb349ffaff4, command=[]} | ret=SUCCESS |  
2019-08-22 17:40:09,407 | INFO  | SCMAudit | user=jenkins1000 | ip=192.168.5.173 | op=SEND_HEARTBEAT {datanodeUUID=431e9d5c-189d-4913-bc0e-bcdfa34a8a0c, command=[]} | ret=SUCCESS |  
2019-08-22 17:40:09,543 [Thread-239] INFO  impl.FollowerState (FollowerState.java:run(106)) - c2b5941d-b72d-41e9-8cce-67773fde2f8a:group-3EA8856B9D20 changes to CANDIDATE, lastRpcTime:5169, electionTimeout:5168ms
2019-08-22 17:40:09,547 [Thread-239] INFO  impl.RoleInfo (RoleInfo.java:shutdownFollowerState(121)) - c2b5941d-b72d-41e9-8cce-67773fde2f8a: shutdown FollowerState
2019-08-22 17:40:09,547 [Thread-239] INFO  impl.RaftServerImpl (RaftServerImpl.java:setRole(171)) - c2b5941d-b72d-41e9-8cce-67773fde2f8a:group-3EA8856B9D20 changes role from FOLLOWER to CANDIDATE at term 0 for changeToCandidate
2019-08-22 17:40:09,553 [Thread-239] INFO  impl.RoleInfo (RoleInfo.java:updateAndGet(143)) - c2b5941d-b72d-41e9-8cce-67773fde2f8a: start LeaderElection
2019-08-22 17:40:09,573 [c2b5941d-b72d-41e9-8cce-67773fde2f8a:group-3EA8856B9D20:LeaderElection1] INFO  impl.LeaderElection (LeaderElection.java:askForVotes(181)) - c2b5941d-b72d-41e9-8cce-67773fde2f8a:group-3EA8856B9D20:LeaderElection1: begin an election at term 1 for -1: [c2b5941d-b72d-41e9-8cce-67773fde2f8a:192.168.5.173:38036], old=null
2019-08-22 17:40:09,576 | INFO  | SCMAudit | user=jenkins1000 | ip=192.168.5.173 | op=SEND_HEARTBEAT {datanodeUUID=f13cbeb3-1638-40ca-a674-1282dfb13b44, command=[]} | ret=SUCCESS |  
2019-08-22 17:40:09,577 [c2b5941d-b72d-41e9-8cce-67773fde2f8a:group-3EA8856B9D20:LeaderElection1] INFO  impl.RoleInfo (RoleInfo.java:shutdownLeaderElection(134)) - c2b5941d-b72d-41e9-8cce-67773fde2f8a: shutdown LeaderElection
2019-08-22 17:40:09,578 [c2b5941d-b72d-41e9-8cce-67773fde2f8a:group-3EA8856B9D20:LeaderElection1] INFO  impl.RaftServerImpl (RaftServerImpl.java:setRole(171)) - c2b5941d-b72d-41e9-8cce-67773fde2f8a:group-3EA8856B9D20 changes role from CANDIDATE to LEADER at term 1 for changeToLeader
2019-08-22 17:40:09,578 [c2b5941d-b72d-41e9-8cce-67773fde2f8a:group-3EA8856B9D20:LeaderElection1] INFO  impl.RaftServerImpl (ServerState.java:setLeader(263)) - c2b5941d-b72d-41e9-8cce-67773fde2f8a:group-3EA8856B9D20 change Leader from null to c2b5941d-b72d-41e9-8cce-67773fde2f8a at term 1 for becomeLeader, leader elected after 5301ms
2019-08-22 17:40:09,587 [c2b5941d-b72d-41e9-8cce-67773fde2f8a:group-3EA8856B9D20:LeaderElection1] INFO  server.RaftServerConfigKeys (ConfUtils.java:logGet(43)) - raft.server.staging.catchup.gap = 1000 (default)
2019-08-22 17:40:09,587 [c2b5941d-b72d-41e9-8cce-67773fde2f8a:group-3EA8856B9D20:LeaderElection1] INFO  server.RaftServerConfigKeys (ConfUtils.java:logGet(43)) - raft.server.rpc.sleep.time = 25ms (default)
2019-08-22 17:40:09,591 [c2b5941d-b72d-41e9-8cce-67773fde2f8a:group-3EA8856B9D20:LeaderElection1] INFO  server.RaftServerConfigKeys (ConfUtils.java:logGet(43)) - raft.server.write.element-limit = 4096 (default)
2019-08-22 17:40:09,595 [c2b5941d-b72d-41e9-8cce-67773fde2f8a:group-3EA8856B9D20:LeaderElection1] INFO  server.RaftServerConfigKeys (ConfUtils.java:logGet(43)) - raft.server.watch.timeout = 10s (default)
2019-08-22 17:40:09,596 [c2b5941d-b72d-41e9-8cce-67773fde2f8a:group-3EA8856B9D20:LeaderElection1] INFO  server.RaftServerConfigKeys (ConfUtils.java:logGet(43)) - raft.server.watch.timeout.denomination = 1s (default)
2019-08-22 17:40:09,597 [c2b5941d-b72d-41e9-8cce-67773fde2f8a:group-3EA8856B9D20:LeaderElection1] INFO  server.RaftServerConfigKeys (ConfUtils.java:logGet(43)) - raft.server.watch.element-limit = 65536 (default)
2019-08-22 17:40:09,609 [c2b5941d-b72d-41e9-8cce-67773fde2f8a:group-3EA8856B9D20:LeaderElection1] INFO  impl.RoleInfo (RoleInfo.java:updateAndGet(143)) - c2b5941d-b72d-41e9-8cce-67773fde2f8a: start LeaderState
2019-08-22 17:40:09,635 [c2b5941d-b72d-41e9-8cce-67773fde2f8a:group-3EA8856B9D20:LeaderElection1] INFO  segmented.SegmentedRaftLogWorker (SegmentedRaftLogWorker.java:startLogSegment(380)) - c2b5941d-b72d-41e9-8cce-67773fde2f8a-SegmentedRaftLogWorker:Storage Directory /workdir/hadoop-ozone/integration-test/target/test-dir/MiniOzoneClusterImpl-c42309d1-0cec-4db9-9c35-8d22088a372f/datanode-0/data/ratis/755a1bab-b6ce-4899-88bb-3ea8856b9d20: Starting segment from index:0
2019-08-22 17:40:09,644 [c2b5941d-b72d-41e9-8cce-67773fde2f8a:group-3EA8856B9D20:LeaderElection1] INFO  impl.RaftServerImpl (ServerState.java:setRaftConf(361)) - c2b5941d-b72d-41e9-8cce-67773fde2f8a:group-3EA8856B9D20 set configuration 0: [c2b5941d-b72d-41e9-8cce-67773fde2f8a:192.168.5.173:38036], old=null at 0
2019-08-22 17:40:09,671 [Thread-242] INFO  impl.FollowerState (FollowerState.java:run(106)) - 6b3b49b3-a706-4943-ae36-3fb349ffaff4:group-0870C57686F2 changes to CANDIDATE, lastRpcTime:5106, electionTimeout:5104ms
2019-08-22 17:40:09,674 [Thread-242] INFO  impl.RoleInfo (RoleInfo.java:shutdownFollowerState(121)) - 6b3b49b3-a706-4943-ae36-3fb349ffaff4: shutdown FollowerState
2019-08-22 17:40:09,674 [Thread-242] INFO  impl.RaftServerImpl (RaftServerImpl.java:setRole(171)) - 6b3b49b3-a706-4943-ae36-3fb349ffaff4:group-0870C57686F2 changes role from FOLLOWER to CANDIDATE at term 0 for changeToCandidate
2019-08-22 17:40:09,674 [Thread-242] INFO  impl.RoleInfo (RoleInfo.java:updateAndGet(143)) - 6b3b49b3-a706-4943-ae36-3fb349ffaff4: start LeaderElection
2019-08-22 17:40:09,693 [6b3b49b3-a706-4943-ae36-3fb349ffaff4:group-0870C57686F2:LeaderElection2] INFO  impl.LeaderElection (LeaderElection.java:askForVotes(181)) - 6b3b49b3-a706-4943-ae36-3fb349ffaff4:group-0870C57686F2:LeaderElection2: begin an election at term 1 for -1: [6b3b49b3-a706-4943-ae36-3fb349ffaff4:192.168.5.173:44578], old=null
2019-08-22 17:40:09,693 [6b3b49b3-a706-4943-ae36-3fb349ffaff4:group-0870C57686F2:LeaderElection2] INFO  impl.RoleInfo (RoleInfo.java:shutdownLeaderElection(134)) - 6b3b49b3-a706-4943-ae36-3fb349ffaff4: shutdown LeaderElection
2019-08-22 17:40:09,693 [6b3b49b3-a706-4943-ae36-3fb349ffaff4:group-0870C57686F2:LeaderElection2] INFO  impl.RaftServerImpl (RaftServerImpl.java:setRole(171)) - 6b3b49b3-a706-4943-ae36-3fb349ffaff4:group-0870C57686F2 changes role from CANDIDATE to LEADER at term 1 for changeToLeader
2019-08-22 17:40:09,694 [6b3b49b3-a706-4943-ae36-3fb349ffaff4:group-0870C57686F2:LeaderElection2] INFO  impl.RaftServerImpl (ServerState.java:setLeader(263)) - 6b3b49b3-a706-4943-ae36-3fb349ffaff4:group-0870C57686F2 change Leader from null to 6b3b49b3-a706-4943-ae36-3fb349ffaff4 at term 1 for becomeLeader, leader elected after 5136ms
2019-08-22 17:40:09,696 [6b3b49b3-a706-4943-ae36-3fb349ffaff4:group-0870C57686F2:LeaderElection2] INFO  server.RaftServerConfigKeys (ConfUtils.java:logGet(43)) - raft.server.staging.catchup.gap = 1000 (default)
2019-08-22 17:40:09,696 [6b3b49b3-a706-4943-ae36-3fb349ffaff4:group-0870C57686F2:LeaderElection2] INFO  server.RaftServerConfigKeys (ConfUtils.java:logGet(43)) - raft.server.rpc.sleep.time = 25ms (default)
2019-08-22 17:40:09,696 [6b3b49b3-a706-4943-ae36-3fb349ffaff4:group-0870C57686F2:LeaderElection2] INFO  server.RaftServerConfigKeys (ConfUtils.java:logGet(43)) - raft.server.write.element-limit = 4096 (default)
2019-08-22 17:40:09,698 [6b3b49b3-a706-4943-ae36-3fb349ffaff4:group-0870C57686F2:LeaderElection2] INFO  server.RaftServerConfigKeys (ConfUtils.java:logGet(43)) - raft.server.watch.timeout = 10s (default)
2019-08-22 17:40:09,699 [6b3b49b3-a706-4943-ae36-3fb349ffaff4:group-0870C57686F2:LeaderElection2] INFO  server.RaftServerConfigKeys (ConfUtils.java:logGet(43)) - raft.server.watch.timeout.denomination = 1s (default)
2019-08-22 17:40:09,699 [6b3b49b3-a706-4943-ae36-3fb349ffaff4:group-0870C57686F2:LeaderElection2] INFO  server.RaftServerConfigKeys (ConfUtils.java:logGet(43)) - raft.server.watch.element-limit = 65536 (default)
2019-08-22 17:40:09,699 [6b3b49b3-a706-4943-ae36-3fb349ffaff4:group-0870C57686F2:LeaderElection2] INFO  impl.RoleInfo (RoleInfo.java:updateAndGet(143)) - 6b3b49b3-a706-4943-ae36-3fb349ffaff4: start LeaderState
2019-08-22 17:40:09,700 [6b3b49b3-a706-4943-ae36-3fb349ffaff4:group-0870C57686F2:LeaderElection2] INFO  segmented.SegmentedRaftLogWorker (SegmentedRaftLogWorker.java:startLogSegment(380)) - 6b3b49b3-a706-4943-ae36-3fb349ffaff4-SegmentedRaftLogWorker:Storage Directory /workdir/hadoop-ozone/integration-test/target/test-dir/MiniOzoneClusterImpl-c42309d1-0cec-4db9-9c35-8d22088a372f/datanode-1/data/ratis/3c4311af-bab3-49fe-942b-0870c57686f2: Starting segment from index:0
2019-08-22 17:40:09,700 [6b3b49b3-a706-4943-ae36-3fb349ffaff4:group-0870C57686F2:LeaderElection2] INFO  impl.RaftServerImpl (ServerState.java:setRaftConf(361)) - 6b3b49b3-a706-4943-ae36-3fb349ffaff4:group-0870C57686F2 set configuration 0: [6b3b49b3-a706-4943-ae36-3fb349ffaff4:192.168.5.173:44578], old=null at 0
2019-08-22 17:40:09,856 [Thread-245] INFO  impl.FollowerState (FollowerState.java:run(106)) - c0e77ccd-2b09-4a23-a664-68073c461c61:group-FC8A0A837E98 changes to CANDIDATE, lastRpcTime:5194, electionTimeout:5161ms
2019-08-22 17:40:09,856 [Thread-245] INFO  impl.RoleInfo (RoleInfo.java:shutdownFollowerState(121)) - c0e77ccd-2b09-4a23-a664-68073c461c61: shutdown FollowerState
2019-08-22 17:40:09,856 [Thread-245] INFO  impl.RaftServerImpl (RaftServerImpl.java:setRole(171)) - c0e77ccd-2b09-4a23-a664-68073c461c61:group-FC8A0A837E98 changes role from FOLLOWER to CANDIDATE at term 0 for changeToCandidate
2019-08-22 17:40:09,857 [Thread-245] INFO  impl.RoleInfo (RoleInfo.java:updateAndGet(143)) - c0e77ccd-2b09-4a23-a664-68073c461c61: start LeaderElection
2019-08-22 17:40:09,866 [grpc-default-executor-1] INFO  client.GrpcClientProtocolClient (GrpcClientProtocolClient.java:onNext(255)) - client-6761B523942B->3d7b10ec-55d3-4b38-809c-43b59ae8e43b: receive RaftClientReply:client-6761B523942B->3d7b10ec-55d3-4b38-809c-43b59ae8e43b@group-C4C40369ED55, cid=13, FAILED org.apache.ratis.protocol.NotLeaderException: Server 3d7b10ec-55d3-4b38-809c-43b59ae8e43b is not the leader (null). Request must be sent to leader., logIndex=0, commits[3d7b10ec-55d3-4b38-809c-43b59ae8e43b:c-1]
2019-08-22 17:40:09,878 [Thread-248] INFO  impl.FollowerState (FollowerState.java:run(106)) - 3d7b10ec-55d3-4b38-809c-43b59ae8e43b:group-2434285E5BF5 changes to CANDIDATE, lastRpcTime:5138, electionTimeout:5138ms
2019-08-22 17:40:09,878 [Thread-248] INFO  impl.RoleInfo (RoleInfo.java:shutdownFollowerState(121)) - 3d7b10ec-55d3-4b38-809c-43b59ae8e43b: shutdown FollowerState
2019-08-22 17:40:09,878 [Thread-248] INFO  impl.RaftServerImpl (RaftServerImpl.java:setRole(171)) - 3d7b10ec-55d3-4b38-809c-43b59ae8e43b:group-2434285E5BF5 changes role from FOLLOWER to CANDIDATE at term 0 for changeToCandidate
2019-08-22 17:40:09,879 [Thread-248] INFO  impl.RoleInfo (RoleInfo.java:updateAndGet(143)) - 3d7b10ec-55d3-4b38-809c-43b59ae8e43b: start LeaderElection
2019-08-22 17:40:09,890 [6b3b49b3-a706-4943-ae36-3fb349ffaff4-SegmentedRaftLogWorker:Storage Directory /workdir/hadoop-ozone/integration-test/target/test-dir/MiniOzoneClusterImpl-c42309d1-0cec-4db9-9c35-8d22088a372f/datanode-1/data/ratis/3c4311af-bab3-49fe-942b-0870c57686f2] INFO  segmented.SegmentedRaftLogWorker (SegmentedRaftLogWorker.java:execute(569)) - 6b3b49b3-a706-4943-ae36-3fb349ffaff4-SegmentedRaftLogWorker:Storage Directory /workdir/hadoop-ozone/integration-test/target/test-dir/MiniOzoneClusterImpl-c42309d1-0cec-4db9-9c35-8d22088a372f/datanode-1/data/ratis/3c4311af-bab3-49fe-942b-0870c57686f2: created new log segment /workdir/hadoop-ozone/integration-test/target/test-dir/MiniOzoneClusterImpl-c42309d1-0cec-4db9-9c35-8d22088a372f/datanode-1/data/ratis/3c4311af-bab3-49fe-942b-0870c57686f2/current/log_inprogress_0
2019-08-22 17:40:09,894 [3d7b10ec-55d3-4b38-809c-43b59ae8e43b:group-2434285E5BF5:LeaderElection4] INFO  impl.LeaderElection (LeaderElection.java:askForVotes(181)) - 3d7b10ec-55d3-4b38-809c-43b59ae8e43b:group-2434285E5BF5:LeaderElection4: begin an election at term 1 for -1: [3d7b10ec-55d3-4b38-809c-43b59ae8e43b:192.168.5.173:46093], old=null
2019-08-22 17:40:09,892 [c0e77ccd-2b09-4a23-a664-68073c461c61:group-FC8A0A837E98:LeaderElection3] INFO  impl.LeaderElection (LeaderElection.java:askForVotes(181)) - c0e77ccd-2b09-4a23-a664-68073c461c61:group-FC8A0A837E98:LeaderElection3: begin an election at term 1 for -1: [c0e77ccd-2b09-4a23-a664-68073c461c61:192.168.5.173:40314], old=null
2019-08-22 17:40:09,890 [c2b5941d-b72d-41e9-8cce-67773fde2f8a-SegmentedRaftLogWorker:Storage Directory /workdir/hadoop-ozone/integration-test/target/test-dir/MiniOzoneClusterImpl-c42309d1-0cec-4db9-9c35-8d22088a372f/datanode-0/data/ratis/755a1bab-b6ce-4899-88bb-3ea8856b9d20] INFO  segmented.SegmentedRaftLogWorker (SegmentedRaftLogWorker.java:execute(569)) - c2b5941d-b72d-41e9-8cce-67773fde2f8a-SegmentedRaftLogWorker:Storage Directory /workdir/hadoop-ozone/integration-test/target/test-dir/MiniOzoneClusterImpl-c42309d1-0cec-4db9-9c35-8d22088a372f/datanode-0/data/ratis/755a1bab-b6ce-4899-88bb-3ea8856b9d20: created new log segment /workdir/hadoop-ozone/integration-test/target/test-dir/MiniOzoneClusterImpl-c42309d1-0cec-4db9-9c35-8d22088a372f/datanode-0/data/ratis/755a1bab-b6ce-4899-88bb-3ea8856b9d20/current/log_inprogress_0
2019-08-22 17:40:09,903 [c0e77ccd-2b09-4a23-a664-68073c461c61:group-FC8A0A837E98:LeaderElection3] INFO  impl.RoleInfo (RoleInfo.java:shutdownLeaderElection(134)) - c0e77ccd-2b09-4a23-a664-68073c461c61: shutdown LeaderElection
2019-08-22 17:40:09,901 [3d7b10ec-55d3-4b38-809c-43b59ae8e43b:group-2434285E5BF5:LeaderElection4] INFO  impl.RoleInfo (RoleInfo.java:shutdownLeaderElection(134)) - 3d7b10ec-55d3-4b38-809c-43b59ae8e43b: shutdown LeaderElection
2019-08-22 17:40:09,905 [c0e77ccd-2b09-4a23-a664-68073c461c61:group-FC8A0A837E98:LeaderElection3] INFO  impl.RaftServerImpl (RaftServerImpl.java:setRole(171)) - c0e77ccd-2b09-4a23-a664-68073c461c61:group-FC8A0A837E98 changes role from CANDIDATE to LEADER at term 1 for changeToLeader
2019-08-22 17:40:09,905 [3d7b10ec-55d3-4b38-809c-43b59ae8e43b:group-2434285E5BF5:LeaderElection4] INFO  impl.RaftServerImpl (RaftServerImpl.java:setRole(171)) - 3d7b10ec-55d3-4b38-809c-43b59ae8e43b:group-2434285E5BF5 changes role from CANDIDATE to LEADER at term 1 for changeToLeader
2019-08-22 17:40:09,905 [c0e77ccd-2b09-4a23-a664-68073c461c61:group-FC8A0A837E98:LeaderElection3] INFO  impl.RaftServerImpl (ServerState.java:setLeader(263)) - c0e77ccd-2b09-4a23-a664-68073c461c61:group-FC8A0A837E98 change Leader from null to c0e77ccd-2b09-4a23-a664-68073c461c61 at term 1 for becomeLeader, leader elected after 5249ms
2019-08-22 17:40:09,905 [3d7b10ec-55d3-4b38-809c-43b59ae8e43b:group-2434285E5BF5:LeaderElection4] INFO  impl.RaftServerImpl (ServerState.java:setLeader(263)) - 3d7b10ec-55d3-4b38-809c-43b59ae8e43b:group-2434285E5BF5 change Leader from null to 3d7b10ec-55d3-4b38-809c-43b59ae8e43b at term 1 for becomeLeader, leader elected after 5170ms
2019-08-22 17:40:09,907 [c0e77ccd-2b09-4a23-a664-68073c461c61:group-FC8A0A837E98:LeaderElection3] INFO  server.RaftServerConfigKeys (ConfUtils.java:logGet(43)) - raft.server.staging.catchup.gap = 1000 (default)
2019-08-22 17:40:09,908 [3d7b10ec-55d3-4b38-809c-43b59ae8e43b:group-2434285E5BF5:LeaderElection4] INFO  server.RaftServerConfigKeys (ConfUtils.java:logGet(43)) - raft.server.staging.catchup.gap = 1000 (default)
2019-08-22 17:40:09,909 [c0e77ccd-2b09-4a23-a664-68073c461c61:group-FC8A0A837E98:LeaderElection3] INFO  server.RaftServerConfigKeys (ConfUtils.java:logGet(43)) - raft.server.rpc.sleep.time = 25ms (default)
2019-08-22 17:40:09,909 [3d7b10ec-55d3-4b38-809c-43b59ae8e43b:group-2434285E5BF5:LeaderElection4] INFO  server.RaftServerConfigKeys (ConfUtils.java:logGet(43)) - raft.server.rpc.sleep.time = 25ms (default)
2019-08-22 17:40:09,909 [c0e77ccd-2b09-4a23-a664-68073c461c61:group-FC8A0A837E98:LeaderElection3] INFO  server.RaftServerConfigKeys (ConfUtils.java:logGet(43)) - raft.server.write.element-limit = 4096 (default)
2019-08-22 17:40:09,909 [3d7b10ec-55d3-4b38-809c-43b59ae8e43b:group-2434285E5BF5:LeaderElection4] INFO  server.RaftServerConfigKeys (ConfUtils.java:logGet(43)) - raft.server.write.element-limit = 4096 (default)
2019-08-22 17:40:09,909 [c0e77ccd-2b09-4a23-a664-68073c461c61:group-FC8A0A837E98:LeaderElection3] INFO  server.RaftServerConfigKeys (ConfUtils.java:logGet(43)) - raft.server.watch.timeout = 10s (default)
2019-08-22 17:40:09,909 [3d7b10ec-55d3-4b38-809c-43b59ae8e43b:group-2434285E5BF5:LeaderElection4] INFO  server.RaftServerConfigKeys (ConfUtils.java:logGet(43)) - raft.server.watch.timeout = 10s (default)
2019-08-22 17:40:09,910 [c0e77ccd-2b09-4a23-a664-68073c461c61:group-FC8A0A837E98:LeaderElection3] INFO  server.RaftServerConfigKeys (ConfUtils.java:logGet(43)) - raft.server.watch.timeout.denomination = 1s (default)
2019-08-22 17:40:09,910 [3d7b10ec-55d3-4b38-809c-43b59ae8e43b:group-2434285E5BF5:LeaderElection4] INFO  server.RaftServerConfigKeys (ConfUtils.java:logGet(43)) - raft.server.watch.timeout.denomination = 1s (default)
2019-08-22 17:40:09,910 [c0e77ccd-2b09-4a23-a664-68073c461c61:group-FC8A0A837E98:LeaderElection3] INFO  server.RaftServerConfigKeys (ConfUtils.java:logGet(43)) - raft.server.watch.element-limit = 65536 (default)
2019-08-22 17:40:09,910 [3d7b10ec-55d3-4b38-809c-43b59ae8e43b:group-2434285E5BF5:LeaderElection4] INFO  server.RaftServerConfigKeys (ConfUtils.java:logGet(43)) - raft.server.watch.element-limit = 65536 (default)
2019-08-22 17:40:09,910 [c0e77ccd-2b09-4a23-a664-68073c461c61:group-FC8A0A837E98:LeaderElection3] INFO  impl.RoleInfo (RoleInfo.java:updateAndGet(143)) - c0e77ccd-2b09-4a23-a664-68073c461c61: start LeaderState
2019-08-22 17:40:09,911 [3d7b10ec-55d3-4b38-809c-43b59ae8e43b:group-2434285E5BF5:LeaderElection4] INFO  impl.RoleInfo (RoleInfo.java:updateAndGet(143)) - 3d7b10ec-55d3-4b38-809c-43b59ae8e43b: start LeaderState
2019-08-22 17:40:09,911 [3d7b10ec-55d3-4b38-809c-43b59ae8e43b:group-2434285E5BF5:LeaderElection4] INFO  segmented.SegmentedRaftLogWorker (SegmentedRaftLogWorker.java:startLogSegment(380)) - 3d7b10ec-55d3-4b38-809c-43b59ae8e43b-SegmentedRaftLogWorker:Storage Directory /workdir/hadoop-ozone/integration-test/target/test-dir/MiniOzoneClusterImpl-c42309d1-0cec-4db9-9c35-8d22088a372f/datanode-2/data/ratis/2313a023-d8e2-466a-9bf1-2434285e5bf5: Starting segment from index:0
2019-08-22 17:40:09,911 [c0e77ccd-2b09-4a23-a664-68073c461c61:group-FC8A0A837E98:LeaderElection3] INFO  segmented.SegmentedRaftLogWorker (SegmentedRaftLogWorker.java:startLogSegment(380)) - c0e77ccd-2b09-4a23-a664-68073c461c61-SegmentedRaftLogWorker:Storage Directory /workdir/hadoop-ozone/integration-test/target/test-dir/MiniOzoneClusterImpl-c42309d1-0cec-4db9-9c35-8d22088a372f/datanode-3/data/ratis/aa656320-ae26-421a-bb6b-fc8a0a837e98: Starting segment from index:0
2019-08-22 17:40:09,912 [3d7b10ec-55d3-4b38-809c-43b59ae8e43b:group-2434285E5BF5:LeaderElection4] INFO  impl.RaftServerImpl (ServerState.java:setRaftConf(361)) - 3d7b10ec-55d3-4b38-809c-43b59ae8e43b:group-2434285E5BF5 set configuration 0: [3d7b10ec-55d3-4b38-809c-43b59ae8e43b:192.168.5.173:46093], old=null at 0
2019-08-22 17:40:09,912 [c0e77ccd-2b09-4a23-a664-68073c461c61:group-FC8A0A837E98:LeaderElection3] INFO  impl.RaftServerImpl (ServerState.java:setRaftConf(361)) - c0e77ccd-2b09-4a23-a664-68073c461c61:group-FC8A0A837E98 set configuration 0: [c0e77ccd-2b09-4a23-a664-68073c461c61:192.168.5.173:40314], old=null at 0
2019-08-22 17:40:09,947 [Thread-251] INFO  impl.FollowerState (FollowerState.java:run(106)) - a1f47dd0-84e3-4d6e-b4c6-03c6939721b7:group-6CE9E0DEF40B changes to CANDIDATE, lastRpcTime:5110, electionTimeout:5103ms
2019-08-22 17:40:09,950 [Thread-251] INFO  impl.RoleInfo (RoleInfo.java:shutdownFollowerState(121)) - a1f47dd0-84e3-4d6e-b4c6-03c6939721b7: shutdown FollowerState
2019-08-22 17:40:09,950 [Thread-251] INFO  impl.RaftServerImpl (RaftServerImpl.java:setRole(171)) - a1f47dd0-84e3-4d6e-b4c6-03c6939721b7:group-6CE9E0DEF40B changes role from FOLLOWER to CANDIDATE at term 0 for changeToCandidate
2019-08-22 17:40:09,950 [Thread-251] INFO  impl.RoleInfo (RoleInfo.java:updateAndGet(143)) - a1f47dd0-84e3-4d6e-b4c6-03c6939721b7: start LeaderElection
2019-08-22 17:40:09,973 [c0e77ccd-2b09-4a23-a664-68073c461c61-SegmentedRaftLogWorker:Storage Directory /workdir/hadoop-ozone/integration-test/target/test-dir/MiniOzoneClusterImpl-c42309d1-0cec-4db9-9c35-8d22088a372f/datanode-3/data/ratis/aa656320-ae26-421a-bb6b-fc8a0a837e98] INFO  segmented.SegmentedRaftLogWorker (SegmentedRaftLogWorker.java:execute(569)) - c0e77ccd-2b09-4a23-a664-68073c461c61-SegmentedRaftLogWorker:Storage Directory /workdir/hadoop-ozone/integration-test/target/test-dir/MiniOzoneClusterImpl-c42309d1-0cec-4db9-9c35-8d22088a372f/datanode-3/data/ratis/aa656320-ae26-421a-bb6b-fc8a0a837e98: created new log segment /workdir/hadoop-ozone/integration-test/target/test-dir/MiniOzoneClusterImpl-c42309d1-0cec-4db9-9c35-8d22088a372f/datanode-3/data/ratis/aa656320-ae26-421a-bb6b-fc8a0a837e98/current/log_inprogress_0
2019-08-22 17:40:09,973 [3d7b10ec-55d3-4b38-809c-43b59ae8e43b-SegmentedRaftLogWorker:Storage Directory /workdir/hadoop-ozone/integration-test/target/test-dir/MiniOzoneClusterImpl-c42309d1-0cec-4db9-9c35-8d22088a372f/datanode-2/data/ratis/2313a023-d8e2-466a-9bf1-2434285e5bf5] INFO  segmented.SegmentedRaftLogWorker (SegmentedRaftLogWorker.java:execute(569)) - 3d7b10ec-55d3-4b38-809c-43b59ae8e43b-SegmentedRaftLogWorker:Storage Directory /workdir/hadoop-ozone/integration-test/target/test-dir/MiniOzoneClusterImpl-c42309d1-0cec-4db9-9c35-8d22088a372f/datanode-2/data/ratis/2313a023-d8e2-466a-9bf1-2434285e5bf5: created new log segment /workdir/hadoop-ozone/integration-test/target/test-dir/MiniOzoneClusterImpl-c42309d1-0cec-4db9-9c35-8d22088a372f/datanode-2/data/ratis/2313a023-d8e2-466a-9bf1-2434285e5bf5/current/log_inprogress_0
2019-08-22 17:40:09,973 [a1f47dd0-84e3-4d6e-b4c6-03c6939721b7:group-6CE9E0DEF40B:LeaderElection5] INFO  impl.LeaderElection (LeaderElection.java:askForVotes(181)) - a1f47dd0-84e3-4d6e-b4c6-03c6939721b7:group-6CE9E0DEF40B:LeaderElection5: begin an election at term 1 for -1: [a1f47dd0-84e3-4d6e-b4c6-03c6939721b7:192.168.5.173:36744], old=null
2019-08-22 17:40:09,976 [a1f47dd0-84e3-4d6e-b4c6-03c6939721b7:group-6CE9E0DEF40B:LeaderElection5] INFO  impl.RoleInfo (RoleInfo.java:shutdownLeaderElection(134)) - a1f47dd0-84e3-4d6e-b4c6-03c6939721b7: shutdown LeaderElection
2019-08-22 17:40:09,976 [a1f47dd0-84e3-4d6e-b4c6-03c6939721b7:group-6CE9E0DEF40B:LeaderElection5] INFO  impl.RaftServerImpl (RaftServerImpl.java:setRole(171)) - a1f47dd0-84e3-4d6e-b4c6-03c6939721b7:group-6CE9E0DEF40B changes role from CANDIDATE to LEADER at term 1 for changeToLeader
2019-08-22 17:40:09,976 [a1f47dd0-84e3-4d6e-b4c6-03c6939721b7:group-6CE9E0DEF40B:LeaderElection5] INFO  impl.RaftServerImpl (ServerState.java:setLeader(263)) - a1f47dd0-84e3-4d6e-b4c6-03c6939721b7:group-6CE9E0DEF40B change Leader from null to a1f47dd0-84e3-4d6e-b4c6-03c6939721b7 at term 1 for becomeLeader, leader elected after 5144ms
2019-08-22 17:40:09,978 [a1f47dd0-84e3-4d6e-b4c6-03c6939721b7:group-6CE9E0DEF40B:LeaderElection5] INFO  server.RaftServerConfigKeys (ConfUtils.java:logGet(43)) - raft.server.staging.catchup.gap = 1000 (default)
2019-08-22 17:40:09,978 [a1f47dd0-84e3-4d6e-b4c6-03c6939721b7:group-6CE9E0DEF40B:LeaderElection5] INFO  server.RaftServerConfigKeys (ConfUtils.java:logGet(43)) - raft.server.rpc.sleep.time = 25ms (default)
2019-08-22 17:40:09,979 [a1f47dd0-84e3-4d6e-b4c6-03c6939721b7:group-6CE9E0DEF40B:LeaderElection5] INFO  server.RaftServerConfigKeys (ConfUtils.java:logGet(43)) - raft.server.write.element-limit = 4096 (default)
2019-08-22 17:40:09,979 [a1f47dd0-84e3-4d6e-b4c6-03c6939721b7:group-6CE9E0DEF40B:LeaderElection5] INFO  server.RaftServerConfigKeys (ConfUtils.java:logGet(43)) - raft.server.watch.timeout = 10s (default)
2019-08-22 17:40:09,979 [a1f47dd0-84e3-4d6e-b4c6-03c6939721b7:group-6CE9E0DEF40B:LeaderElection5] INFO  server.RaftServerConfigKeys (ConfUtils.java:logGet(43)) - raft.server.watch.timeout.denomination = 1s (default)
2019-08-22 17:40:09,979 [a1f47dd0-84e3-4d6e-b4c6-03c6939721b7:group-6CE9E0DEF40B:LeaderElection5] INFO  server.RaftServerConfigKeys (ConfUtils.java:logGet(43)) - raft.server.watch.element-limit = 65536 (default)
2019-08-22 17:40:09,979 [a1f47dd0-84e3-4d6e-b4c6-03c6939721b7:group-6CE9E0DEF40B:LeaderElection5] INFO  impl.RoleInfo (RoleInfo.java:updateAndGet(143)) - a1f47dd0-84e3-4d6e-b4c6-03c6939721b7: start LeaderState
2019-08-22 17:40:09,980 [a1f47dd0-84e3-4d6e-b4c6-03c6939721b7:group-6CE9E0DEF40B:LeaderElection5] INFO  segmented.SegmentedRaftLogWorker (SegmentedRaftLogWorker.java:startLogSegment(380)) - a1f47dd0-84e3-4d6e-b4c6-03c6939721b7-SegmentedRaftLogWorker:Storage Directory /workdir/hadoop-ozone/integration-test/target/test-dir/MiniOzoneClusterImpl-c42309d1-0cec-4db9-9c35-8d22088a372f/datanode-4/data/ratis/141ef79f-defb-43bf-b7a0-6ce9e0def40b: Starting segment from index:0
2019-08-22 17:40:09,980 [a1f47dd0-84e3-4d6e-b4c6-03c6939721b7:group-6CE9E0DEF40B:LeaderElection5] INFO  impl.RaftServerImpl (ServerState.java:setRaftConf(361)) - a1f47dd0-84e3-4d6e-b4c6-03c6939721b7:group-6CE9E0DEF40B set configuration 0: [a1f47dd0-84e3-4d6e-b4c6-03c6939721b7:192.168.5.173:36744], old=null at 0
2019-08-22 17:40:10,018 | INFO  | SCMAudit | user=jenkins1000 | ip=192.168.5.173 | op=SEND_HEARTBEAT {datanodeUUID=3d7b10ec-55d3-4b38-809c-43b59ae8e43b, command=[]} | ret=SUCCESS |  
2019-08-22 17:40:10,018 | INFO  | SCMAudit | user=jenkins1000 | ip=192.168.5.173 | op=SEND_HEARTBEAT {datanodeUUID=c0e77ccd-2b09-4a23-a664-68073c461c61, command=[]} | ret=SUCCESS |  
2019-08-22 17:40:10,028 [a1f47dd0-84e3-4d6e-b4c6-03c6939721b7-SegmentedRaftLogWorker:Storage Directory /workdir/hadoop-ozone/integration-test/target/test-dir/MiniOzoneClusterImpl-c42309d1-0cec-4db9-9c35-8d22088a372f/datanode-4/data/ratis/141ef79f-defb-43bf-b7a0-6ce9e0def40b] INFO  segmented.SegmentedRaftLogWorker (SegmentedRaftLogWorker.java:execute(569)) - a1f47dd0-84e3-4d6e-b4c6-03c6939721b7-SegmentedRaftLogWorker:Storage Directory /workdir/hadoop-ozone/integration-test/target/test-dir/MiniOzoneClusterImpl-c42309d1-0cec-4db9-9c35-8d22088a372f/datanode-4/data/ratis/141ef79f-defb-43bf-b7a0-6ce9e0def40b: created new log segment /workdir/hadoop-ozone/integration-test/target/test-dir/MiniOzoneClusterImpl-c42309d1-0cec-4db9-9c35-8d22088a372f/datanode-4/data/ratis/141ef79f-defb-43bf-b7a0-6ce9e0def40b/current/log_inprogress_0
2019-08-22 17:40:10,094 | INFO  | SCMAudit | user=jenkins1000 | ip=192.168.5.173 | op=SEND_HEARTBEAT {datanodeUUID=a1f47dd0-84e3-4d6e-b4c6-03c6939721b7, command=[]} | ret=SUCCESS |  
2019-08-22 17:40:10,096 | INFO  | SCMAudit | user=jenkins1000 | ip=192.168.5.173 | op=SEND_HEARTBEAT {datanodeUUID=c2b5941d-b72d-41e9-8cce-67773fde2f8a, command=[]} | ret=SUCCESS |  
2019-08-22 17:40:10,104 [Thread-254] INFO  impl.FollowerState (FollowerState.java:run(106)) - 431e9d5c-189d-4913-bc0e-bcdfa34a8a0c:group-CC909DEFFADC changes to CANDIDATE, lastRpcTime:5170, electionTimeout:5170ms
2019-08-22 17:40:10,104 [Thread-254] INFO  impl.RoleInfo (RoleInfo.java:shutdownFollowerState(121)) - 431e9d5c-189d-4913-bc0e-bcdfa34a8a0c: shutdown FollowerState
2019-08-22 17:40:10,104 [Thread-254] INFO  impl.RaftServerImpl (RaftServerImpl.java:setRole(171)) - 431e9d5c-189d-4913-bc0e-bcdfa34a8a0c:group-CC909DEFFADC changes role from FOLLOWER to CANDIDATE at term 0 for changeToCandidate
2019-08-22 17:40:10,104 [Thread-254] INFO  impl.RoleInfo (RoleInfo.java:updateAndGet(143)) - 431e9d5c-189d-4913-bc0e-bcdfa34a8a0c: start LeaderElection
2019-08-22 17:40:10,122 [431e9d5c-189d-4913-bc0e-bcdfa34a8a0c:group-CC909DEFFADC:LeaderElection6] INFO  impl.LeaderElection (LeaderElection.java:askForVotes(181)) - 431e9d5c-189d-4913-bc0e-bcdfa34a8a0c:group-CC909DEFFADC:LeaderElection6: begin an election at term 1 for -1: [431e9d5c-189d-4913-bc0e-bcdfa34a8a0c:192.168.5.173:43660], old=null
2019-08-22 17:40:10,124 [431e9d5c-189d-4913-bc0e-bcdfa34a8a0c:group-CC909DEFFADC:LeaderElection6] INFO  impl.RoleInfo (RoleInfo.java:shutdownLeaderElection(134)) - 431e9d5c-189d-4913-bc0e-bcdfa34a8a0c: shutdown LeaderElection
2019-08-22 17:40:10,125 [431e9d5c-189d-4913-bc0e-bcdfa34a8a0c:group-CC909DEFFADC:LeaderElection6] INFO  impl.RaftServerImpl (RaftServerImpl.java:setRole(171)) - 431e9d5c-189d-4913-bc0e-bcdfa34a8a0c:group-CC909DEFFADC changes role from CANDIDATE to LEADER at term 1 for changeToLeader
2019-08-22 17:40:10,125 [431e9d5c-189d-4913-bc0e-bcdfa34a8a0c:group-CC909DEFFADC:LeaderElection6] INFO  impl.RaftServerImpl (ServerState.java:setLeader(263)) - 431e9d5c-189d-4913-bc0e-bcdfa34a8a0c:group-CC909DEFFADC change Leader from null to 431e9d5c-189d-4913-bc0e-bcdfa34a8a0c at term 1 for becomeLeader, leader elected after 5197ms
2019-08-22 17:40:10,127 [431e9d5c-189d-4913-bc0e-bcdfa34a8a0c:group-CC909DEFFADC:LeaderElection6] INFO  server.RaftServerConfigKeys (ConfUtils.java:logGet(43)) - raft.server.staging.catchup.gap = 1000 (default)
2019-08-22 17:40:10,127 [431e9d5c-189d-4913-bc0e-bcdfa34a8a0c:group-CC909DEFFADC:LeaderElection6] INFO  server.RaftServerConfigKeys (ConfUtils.java:logGet(43)) - raft.server.rpc.sleep.time = 25ms (default)
2019-08-22 17:40:10,127 [431e9d5c-189d-4913-bc0e-bcdfa34a8a0c:group-CC909DEFFADC:LeaderElection6] INFO  server.RaftServerConfigKeys (ConfUtils.java:logGet(43)) - raft.server.write.element-limit = 4096 (default)
2019-08-22 17:40:10,127 [431e9d5c-189d-4913-bc0e-bcdfa34a8a0c:group-CC909DEFFADC:LeaderElection6] INFO  server.RaftServerConfigKeys (ConfUtils.java:logGet(43)) - raft.server.watch.timeout = 10s (default)
2019-08-22 17:40:10,127 [431e9d5c-189d-4913-bc0e-bcdfa34a8a0c:group-CC909DEFFADC:LeaderElection6] INFO  server.RaftServerConfigKeys (ConfUtils.java:logGet(43)) - raft.server.watch.timeout.denomination = 1s (default)
2019-08-22 17:40:10,127 [431e9d5c-189d-4913-bc0e-bcdfa34a8a0c:group-CC909DEFFADC:LeaderElection6] INFO  server.RaftServerConfigKeys (ConfUtils.java:logGet(43)) - raft.server.watch.element-limit = 65536 (default)
2019-08-22 17:40:10,128 [431e9d5c-189d-4913-bc0e-bcdfa34a8a0c:group-CC909DEFFADC:LeaderElection6] INFO  impl.RoleInfo (RoleInfo.java:updateAndGet(143)) - 431e9d5c-189d-4913-bc0e-bcdfa34a8a0c: start LeaderState
2019-08-22 17:40:10,128 [431e9d5c-189d-4913-bc0e-bcdfa34a8a0c:group-CC909DEFFADC:LeaderElection6] INFO  segmented.SegmentedRaftLogWorker (SegmentedRaftLogWorker.java:startLogSegment(380)) - 431e9d5c-189d-4913-bc0e-bcdfa34a8a0c-SegmentedRaftLogWorker:Storage Directory /workdir/hadoop-ozone/integration-test/target/test-dir/MiniOzoneClusterImpl-c42309d1-0cec-4db9-9c35-8d22088a372f/datanode-5/data/ratis/9eee2c9f-19d1-4bc2-804a-cc909deffadc: Starting segment from index:0
2019-08-22 17:40:10,129 [431e9d5c-189d-4913-bc0e-bcdfa34a8a0c:group-CC909DEFFADC:LeaderElection6] INFO  impl.RaftServerImpl (ServerState.java:setRaftConf(361)) - 431e9d5c-189d-4913-bc0e-bcdfa34a8a0c:group-CC909DEFFADC set configuration 0: [431e9d5c-189d-4913-bc0e-bcdfa34a8a0c:192.168.5.173:43660], old=null at 0
2019-08-22 17:40:10,163 [Thread-257] INFO  impl.FollowerState (FollowerState.java:run(106)) - f13cbeb3-1638-40ca-a674-1282dfb13b44:group-095973F292B0 changes to CANDIDATE, lastRpcTime:5158, electionTimeout:5144ms
2019-08-22 17:40:10,163 [Thread-257] INFO  impl.RoleInfo (RoleInfo.java:shutdownFollowerState(121)) - f13cbeb3-1638-40ca-a674-1282dfb13b44: shutdown FollowerState
2019-08-22 17:40:10,163 [Thread-257] INFO  impl.RaftServerImpl (RaftServerImpl.java:setRole(171)) - f13cbeb3-1638-40ca-a674-1282dfb13b44:group-095973F292B0 changes role from FOLLOWER to CANDIDATE at term 0 for changeToCandidate
2019-08-22 17:40:10,163 [Thread-257] INFO  impl.RoleInfo (RoleInfo.java:updateAndGet(143)) - f13cbeb3-1638-40ca-a674-1282dfb13b44: start LeaderElection
2019-08-22 17:40:10,185 [Thread-265] INFO  impl.FollowerState (FollowerState.java:run(106)) - c2b5941d-b72d-41e9-8cce-67773fde2f8a:group-9B5AAF70C598 changes to CANDIDATE, lastRpcTime:5040, electionTimeout:5040ms
2019-08-22 17:40:10,185 [Thread-265] INFO  impl.RoleInfo (RoleInfo.java:shutdownFollowerState(121)) - c2b5941d-b72d-41e9-8cce-67773fde2f8a: shutdown FollowerState
2019-08-22 17:40:10,185 [Thread-265] INFO  impl.RaftServerImpl (RaftServerImpl.java:setRole(171)) - c2b5941d-b72d-41e9-8cce-67773fde2f8a:group-9B5AAF70C598 changes role from FOLLOWER to CANDIDATE at term 0 for changeToCandidate
2019-08-22 17:40:10,185 [Thread-265] INFO  impl.RoleInfo (RoleInfo.java:updateAndGet(143)) - c2b5941d-b72d-41e9-8cce-67773fde2f8a: start LeaderElection
2019-08-22 17:40:10,187 [431e9d5c-189d-4913-bc0e-bcdfa34a8a0c-SegmentedRaftLogWorker:Storage Directory /workdir/hadoop-ozone/integration-test/target/test-dir/MiniOzoneClusterImpl-c42309d1-0cec-4db9-9c35-8d22088a372f/datanode-5/data/ratis/9eee2c9f-19d1-4bc2-804a-cc909deffadc] INFO  segmented.SegmentedRaftLogWorker (SegmentedRaftLogWorker.java:execute(569)) - 431e9d5c-189d-4913-bc0e-bcdfa34a8a0c-SegmentedRaftLogWorker:Storage Directory /workdir/hadoop-ozone/integration-test/target/test-dir/MiniOzoneClusterImpl-c42309d1-0cec-4db9-9c35-8d22088a372f/datanode-5/data/ratis/9eee2c9f-19d1-4bc2-804a-cc909deffadc: created new log segment /workdir/hadoop-ozone/integration-test/target/test-dir/MiniOzoneClusterImpl-c42309d1-0cec-4db9-9c35-8d22088a372f/datanode-5/data/ratis/9eee2c9f-19d1-4bc2-804a-cc909deffadc/current/log_inprogress_0
2019-08-22 17:40:10,191 [f13cbeb3-1638-40ca-a674-1282dfb13b44:group-095973F292B0:LeaderElection7] INFO  impl.LeaderElection (LeaderElection.java:askForVotes(181)) - f13cbeb3-1638-40ca-a674-1282dfb13b44:group-095973F292B0:LeaderElection7: begin an election at term 1 for -1: [f13cbeb3-1638-40ca-a674-1282dfb13b44:192.168.5.173:33632], old=null
2019-08-22 17:40:10,191 [f13cbeb3-1638-40ca-a674-1282dfb13b44:group-095973F292B0:LeaderElection7] INFO  impl.RoleInfo (RoleInfo.java:shutdownLeaderElection(134)) - f13cbeb3-1638-40ca-a674-1282dfb13b44: shutdown LeaderElection
2019-08-22 17:40:10,191 [f13cbeb3-1638-40ca-a674-1282dfb13b44:group-095973F292B0:LeaderElection7] INFO  impl.RaftServerImpl (RaftServerImpl.java:setRole(171)) - f13cbeb3-1638-40ca-a674-1282dfb13b44:group-095973F292B0 changes role from CANDIDATE to LEADER at term 1 for changeToLeader
2019-08-22 17:40:10,192 [f13cbeb3-1638-40ca-a674-1282dfb13b44:group-095973F292B0:LeaderElection7] INFO  impl.RaftServerImpl (ServerState.java:setLeader(263)) - f13cbeb3-1638-40ca-a674-1282dfb13b44:group-095973F292B0 change Leader from null to f13cbeb3-1638-40ca-a674-1282dfb13b44 at term 1 for becomeLeader, leader elected after 5191ms
2019-08-22 17:40:10,194 [f13cbeb3-1638-40ca-a674-1282dfb13b44:group-095973F292B0:LeaderElection7] INFO  server.RaftServerConfigKeys (ConfUtils.java:logGet(43)) - raft.server.staging.catchup.gap = 1000 (default)
2019-08-22 17:40:10,194 [f13cbeb3-1638-40ca-a674-1282dfb13b44:group-095973F292B0:LeaderElection7] INFO  server.RaftServerConfigKeys (ConfUtils.java:logGet(43)) - raft.server.rpc.sleep.time = 25ms (default)
2019-08-22 17:40:10,194 [f13cbeb3-1638-40ca-a674-1282dfb13b44:group-095973F292B0:LeaderElection7] INFO  server.RaftServerConfigKeys (ConfUtils.java:logGet(43)) - raft.server.write.element-limit = 4096 (default)
2019-08-22 17:40:10,194 [f13cbeb3-1638-40ca-a674-1282dfb13b44:group-095973F292B0:LeaderElection7] INFO  server.RaftServerConfigKeys (ConfUtils.java:logGet(43)) - raft.server.watch.timeout = 10s (default)
2019-08-22 17:40:10,194 [f13cbeb3-1638-40ca-a674-1282dfb13b44:group-095973F292B0:LeaderElection7] INFO  server.RaftServerConfigKeys (ConfUtils.java:logGet(43)) - raft.server.watch.timeout.denomination = 1s (default)
2019-08-22 17:40:10,195 [f13cbeb3-1638-40ca-a674-1282dfb13b44:group-095973F292B0:LeaderElection7] INFO  server.RaftServerConfigKeys (ConfUtils.java:logGet(43)) - raft.server.watch.element-limit = 65536 (default)
2019-08-22 17:40:10,195 [f13cbeb3-1638-40ca-a674-1282dfb13b44:group-095973F292B0:LeaderElection7] INFO  impl.RoleInfo (RoleInfo.java:updateAndGet(143)) - f13cbeb3-1638-40ca-a674-1282dfb13b44: start LeaderState
2019-08-22 17:40:10,195 [f13cbeb3-1638-40ca-a674-1282dfb13b44:group-095973F292B0:LeaderElection7] INFO  segmented.SegmentedRaftLogWorker (SegmentedRaftLogWorker.java:startLogSegment(380)) - f13cbeb3-1638-40ca-a674-1282dfb13b44-SegmentedRaftLogWorker:Storage Directory /workdir/hadoop-ozone/integration-test/target/test-dir/MiniOzoneClusterImpl-c42309d1-0cec-4db9-9c35-8d22088a372f/datanode-6/data/ratis/9fc468ad-9511-4bcd-9408-095973f292b0: Starting segment from index:0
2019-08-22 17:40:10,196 [f13cbeb3-1638-40ca-a674-1282dfb13b44:group-095973F292B0:LeaderElection7] INFO  impl.RaftServerImpl (ServerState.java:setRaftConf(361)) - f13cbeb3-1638-40ca-a674-1282dfb13b44:group-095973F292B0 set configuration 0: [f13cbeb3-1638-40ca-a674-1282dfb13b44:192.168.5.173:33632], old=null at 0
2019-08-22 17:40:10,234 [Thread-261] INFO  impl.FollowerState (FollowerState.java:run(106)) - 6b3b49b3-a706-4943-ae36-3fb349ffaff4:group-9B5AAF70C598 changes to CANDIDATE, lastRpcTime:5094, electionTimeout:5076ms
2019-08-22 17:40:10,236 [c2b5941d-b72d-41e9-8cce-67773fde2f8a:group-9B5AAF70C598:LeaderElection8] INFO  impl.LeaderElection (LeaderElection.java:askForVotes(181)) - c2b5941d-b72d-41e9-8cce-67773fde2f8a:group-9B5AAF70C598:LeaderElection8: begin an election at term 1 for -1: [c0e77ccd-2b09-4a23-a664-68073c461c61:192.168.5.173:40314, c2b5941d-b72d-41e9-8cce-67773fde2f8a:192.168.5.173:38036, 6b3b49b3-a706-4943-ae36-3fb349ffaff4:192.168.5.173:44578], old=null
2019-08-22 17:40:10,236 [Thread-261] INFO  impl.RoleInfo (RoleInfo.java:shutdownFollowerState(121)) - 6b3b49b3-a706-4943-ae36-3fb349ffaff4: shutdown FollowerState
2019-08-22 17:40:10,236 [Thread-261] INFO  impl.RaftServerImpl (RaftServerImpl.java:setRole(171)) - 6b3b49b3-a706-4943-ae36-3fb349ffaff4:group-9B5AAF70C598 changes role from FOLLOWER to CANDIDATE at term 0 for changeToCandidate
2019-08-22 17:40:10,236 [Thread-261] INFO  impl.RoleInfo (RoleInfo.java:updateAndGet(143)) - 6b3b49b3-a706-4943-ae36-3fb349ffaff4: start LeaderElection
2019-08-22 17:40:10,260 [f13cbeb3-1638-40ca-a674-1282dfb13b44-SegmentedRaftLogWorker:Storage Directory /workdir/hadoop-ozone/integration-test/target/test-dir/MiniOzoneClusterImpl-c42309d1-0cec-4db9-9c35-8d22088a372f/datanode-6/data/ratis/9fc468ad-9511-4bcd-9408-095973f292b0] INFO  segmented.SegmentedRaftLogWorker (SegmentedRaftLogWorker.java:execute(569)) - f13cbeb3-1638-40ca-a674-1282dfb13b44-SegmentedRaftLogWorker:Storage Directory /workdir/hadoop-ozone/integration-test/target/test-dir/MiniOzoneClusterImpl-c42309d1-0cec-4db9-9c35-8d22088a372f/datanode-6/data/ratis/9fc468ad-9511-4bcd-9408-095973f292b0: created new log segment /workdir/hadoop-ozone/integration-test/target/test-dir/MiniOzoneClusterImpl-c42309d1-0cec-4db9-9c35-8d22088a372f/datanode-6/data/ratis/9fc468ad-9511-4bcd-9408-095973f292b0/current/log_inprogress_0
2019-08-22 17:40:10,261 [6b3b49b3-a706-4943-ae36-3fb349ffaff4:group-9B5AAF70C598:LeaderElection9] INFO  impl.LeaderElection (LeaderElection.java:askForVotes(181)) - 6b3b49b3-a706-4943-ae36-3fb349ffaff4:group-9B5AAF70C598:LeaderElection9: begin an election at term 1 for -1: [c0e77ccd-2b09-4a23-a664-68073c461c61:192.168.5.173:40314, c2b5941d-b72d-41e9-8cce-67773fde2f8a:192.168.5.173:38036, 6b3b49b3-a706-4943-ae36-3fb349ffaff4:192.168.5.173:44578], old=null
2019-08-22 17:40:10,269 [Thread-266] INFO  impl.FollowerState (FollowerState.java:run(106)) - c0e77ccd-2b09-4a23-a664-68073c461c61:group-9B5AAF70C598 changes to CANDIDATE, lastRpcTime:5122, electionTimeout:5121ms
2019-08-22 17:40:10,271 [Thread-266] INFO  impl.RoleInfo (RoleInfo.java:shutdownFollowerState(121)) - c0e77ccd-2b09-4a23-a664-68073c461c61: shutdown FollowerState
2019-08-22 17:40:10,271 [Thread-266] INFO  impl.RaftServerImpl (RaftServerImpl.java:setRole(171)) - c0e77ccd-2b09-4a23-a664-68073c461c61:group-9B5AAF70C598 changes role from FOLLOWER to CANDIDATE at term 0 for changeToCandidate
2019-08-22 17:40:10,271 [Thread-266] INFO  impl.RoleInfo (RoleInfo.java:updateAndGet(143)) - c0e77ccd-2b09-4a23-a664-68073c461c61: start LeaderElection
2019-08-22 17:40:10,295 [c0e77ccd-2b09-4a23-a664-68073c461c61:group-9B5AAF70C598:LeaderElection10] INFO  impl.LeaderElection (LeaderElection.java:askForVotes(181)) - c0e77ccd-2b09-4a23-a664-68073c461c61:group-9B5AAF70C598:LeaderElection10: begin an election at term 1 for -1: [c0e77ccd-2b09-4a23-a664-68073c461c61:192.168.5.173:40314, c2b5941d-b72d-41e9-8cce-67773fde2f8a:192.168.5.173:38036, 6b3b49b3-a706-4943-ae36-3fb349ffaff4:192.168.5.173:44578], old=null
2019-08-22 17:40:10,312 [Thread-274] INFO  impl.FollowerState (FollowerState.java:run(106)) - a1f47dd0-84e3-4d6e-b4c6-03c6939721b7:group-C4C40369ED55 changes to CANDIDATE, lastRpcTime:5065, electionTimeout:5064ms
2019-08-22 17:40:10,312 [Thread-274] INFO  impl.RoleInfo (RoleInfo.java:shutdownFollowerState(121)) - a1f47dd0-84e3-4d6e-b4c6-03c6939721b7: shutdown FollowerState
2019-08-22 17:40:10,312 [Thread-274] INFO  impl.RaftServerImpl (RaftServerImpl.java:setRole(171)) - a1f47dd0-84e3-4d6e-b4c6-03c6939721b7:group-C4C40369ED55 changes role from FOLLOWER to CANDIDATE at term 0 for changeToCandidate
2019-08-22 17:40:10,313 [Thread-274] INFO  impl.RoleInfo (RoleInfo.java:updateAndGet(143)) - a1f47dd0-84e3-4d6e-b4c6-03c6939721b7: start LeaderElection
2019-08-22 17:40:10,322 [c2b5941d-b72d-41e9-8cce-67773fde2f8a:group-9B5AAF70C598:LeaderElection8] INFO  impl.LeaderElection (LeaderElection.java:logAndReturn(56)) - c2b5941d-b72d-41e9-8cce-67773fde2f8a:group-9B5AAF70C598:LeaderElection8: Election REJECTED; received 2 response(s) [c2b5941d-b72d-41e9-8cce-67773fde2f8a<-c0e77ccd-2b09-4a23-a664-68073c461c61#0:FAIL-t1, c2b5941d-b72d-41e9-8cce-67773fde2f8a<-6b3b49b3-a706-4943-ae36-3fb349ffaff4#0:FAIL-t1] and 0 exception(s); c2b5941d-b72d-41e9-8cce-67773fde2f8a:t1, leader=null, voted=c2b5941d-b72d-41e9-8cce-67773fde2f8a, raftlog=c2b5941d-b72d-41e9-8cce-67773fde2f8a-SegmentedRaftLog:OPENED:c-1,f-1,i0, conf=-1: [c0e77ccd-2b09-4a23-a664-68073c461c61:192.168.5.173:40314, c2b5941d-b72d-41e9-8cce-67773fde2f8a:192.168.5.173:38036, 6b3b49b3-a706-4943-ae36-3fb349ffaff4:192.168.5.173:44578], old=null
2019-08-22 17:40:10,322 [6b3b49b3-a706-4943-ae36-3fb349ffaff4:group-9B5AAF70C598:LeaderElection9] INFO  impl.LeaderElection (LeaderElection.java:logAndReturn(56)) - 6b3b49b3-a706-4943-ae36-3fb349ffaff4:group-9B5AAF70C598:LeaderElection9: Election REJECTED; received 2 response(s) [6b3b49b3-a706-4943-ae36-3fb349ffaff4<-c0e77ccd-2b09-4a23-a664-68073c461c61#0:FAIL-t1, 6b3b49b3-a706-4943-ae36-3fb349ffaff4<-c2b5941d-b72d-41e9-8cce-67773fde2f8a#0:FAIL-t1] and 0 exception(s); 6b3b49b3-a706-4943-ae36-3fb349ffaff4:t1, leader=null, voted=6b3b49b3-a706-4943-ae36-3fb349ffaff4, raftlog=6b3b49b3-a706-4943-ae36-3fb349ffaff4-SegmentedRaftLog:OPENED:c-1,f-1,i0, conf=-1: [c0e77ccd-2b09-4a23-a664-68073c461c61:192.168.5.173:40314, c2b5941d-b72d-41e9-8cce-67773fde2f8a:192.168.5.173:38036, 6b3b49b3-a706-4943-ae36-3fb349ffaff4:192.168.5.173:44578], old=null
2019-08-22 17:40:10,325 [c2b5941d-b72d-41e9-8cce-67773fde2f8a:group-9B5AAF70C598:LeaderElection8] INFO  impl.RaftServerImpl (RaftServerImpl.java:setRole(171)) - c2b5941d-b72d-41e9-8cce-67773fde2f8a:group-9B5AAF70C598 changes role from CANDIDATE to FOLLOWER at term 1 for DISCOVERED_A_NEW_TERM
2019-08-22 17:40:10,330 [c2b5941d-b72d-41e9-8cce-67773fde2f8a:group-9B5AAF70C598:LeaderElection8] INFO  impl.RoleInfo (RoleInfo.java:shutdownLeaderElection(134)) - c2b5941d-b72d-41e9-8cce-67773fde2f8a: shutdown LeaderElection
2019-08-22 17:40:10,330 [6b3b49b3-a706-4943-ae36-3fb349ffaff4:group-9B5AAF70C598:LeaderElection9] INFO  impl.RaftServerImpl (RaftServerImpl.java:setRole(171)) - 6b3b49b3-a706-4943-ae36-3fb349ffaff4:group-9B5AAF70C598 changes role from CANDIDATE to FOLLOWER at term 1 for DISCOVERED_A_NEW_TERM
2019-08-22 17:40:10,332 [6b3b49b3-a706-4943-ae36-3fb349ffaff4:group-9B5AAF70C598:LeaderElection9] INFO  impl.RoleInfo (RoleInfo.java:shutdownLeaderElection(134)) - 6b3b49b3-a706-4943-ae36-3fb349ffaff4: shutdown LeaderElection
2019-08-22 17:40:10,332 [c2b5941d-b72d-41e9-8cce-67773fde2f8a:group-9B5AAF70C598:LeaderElection8] INFO  impl.RoleInfo (RoleInfo.java:updateAndGet(143)) - c2b5941d-b72d-41e9-8cce-67773fde2f8a: start FollowerState
2019-08-22 17:40:10,332 [6b3b49b3-a706-4943-ae36-3fb349ffaff4:group-9B5AAF70C598:LeaderElection9] INFO  impl.RoleInfo (RoleInfo.java:updateAndGet(143)) - 6b3b49b3-a706-4943-ae36-3fb349ffaff4: start FollowerState
2019-08-22 17:40:10,344 [c0e77ccd-2b09-4a23-a664-68073c461c61:group-9B5AAF70C598:LeaderElection10] INFO  impl.LeaderElection (LeaderElection.java:logAndReturn(56)) - c0e77ccd-2b09-4a23-a664-68073c461c61:group-9B5AAF70C598:LeaderElection10: Election REJECTED; received 2 response(s) [c0e77ccd-2b09-4a23-a664-68073c461c61<-c2b5941d-b72d-41e9-8cce-67773fde2f8a#0:FAIL-t1, c0e77ccd-2b09-4a23-a664-68073c461c61<-6b3b49b3-a706-4943-ae36-3fb349ffaff4#0:FAIL-t1] and 0 exception(s); c0e77ccd-2b09-4a23-a664-68073c461c61:t1, leader=null, voted=c0e77ccd-2b09-4a23-a664-68073c461c61, raftlog=c0e77ccd-2b09-4a23-a664-68073c461c61-SegmentedRaftLog:OPENED:c-1,f-1,i0, conf=-1: [c0e77ccd-2b09-4a23-a664-68073c461c61:192.168.5.173:40314, c2b5941d-b72d-41e9-8cce-67773fde2f8a:192.168.5.173:38036, 6b3b49b3-a706-4943-ae36-3fb349ffaff4:192.168.5.173:44578], old=null
2019-08-22 17:40:10,344 [c0e77ccd-2b09-4a23-a664-68073c461c61:group-9B5AAF70C598:LeaderElection10] INFO  impl.RaftServerImpl (RaftServerImpl.java:setRole(171)) - c0e77ccd-2b09-4a23-a664-68073c461c61:group-9B5AAF70C598 changes role from CANDIDATE to FOLLOWER at term 1 for DISCOVERED_A_NEW_TERM
2019-08-22 17:40:10,346 [c0e77ccd-2b09-4a23-a664-68073c461c61:group-9B5AAF70C598:LeaderElection10] INFO  impl.RoleInfo (RoleInfo.java:shutdownLeaderElection(134)) - c0e77ccd-2b09-4a23-a664-68073c461c61: shutdown LeaderElection
2019-08-22 17:40:10,347 [a1f47dd0-84e3-4d6e-b4c6-03c6939721b7:group-C4C40369ED55:LeaderElection11] INFO  impl.LeaderElection (LeaderElection.java:askForVotes(181)) - a1f47dd0-84e3-4d6e-b4c6-03c6939721b7:group-C4C40369ED55:LeaderElection11: begin an election at term 1 for -1: [a1f47dd0-84e3-4d6e-b4c6-03c6939721b7:192.168.5.173:36744, 3d7b10ec-55d3-4b38-809c-43b59ae8e43b:192.168.5.173:46093, 431e9d5c-189d-4913-bc0e-bcdfa34a8a0c:192.168.5.173:43660], old=null
2019-08-22 17:40:10,349 [c0e77ccd-2b09-4a23-a664-68073c461c61:group-9B5AAF70C598:LeaderElection10] INFO  impl.RoleInfo (RoleInfo.java:updateAndGet(143)) - c0e77ccd-2b09-4a23-a664-68073c461c61: start FollowerState
2019-08-22 17:40:10,352 | INFO  | SCMAudit | user=jenkins1000 | ip=192.168.5.173 | op=SEND_HEARTBEAT {datanodeUUID=6b3b49b3-a706-4943-ae36-3fb349ffaff4, command=[]} | ret=SUCCESS |  
2019-08-22 17:40:10,368 [grpc-default-executor-2] INFO  impl.RaftServerImpl (RaftServerImpl.java:setRole(171)) - 431e9d5c-189d-4913-bc0e-bcdfa34a8a0c:group-C4C40369ED55 changes role from FOLLOWER to FOLLOWER at term 1 for recognizeCandidate:a1f47dd0-84e3-4d6e-b4c6-03c6939721b7
2019-08-22 17:40:10,368 [grpc-default-executor-0] INFO  impl.RaftServerImpl (RaftServerImpl.java:setRole(171)) - 3d7b10ec-55d3-4b38-809c-43b59ae8e43b:group-C4C40369ED55 changes role from FOLLOWER to FOLLOWER at term 1 for recognizeCandidate:a1f47dd0-84e3-4d6e-b4c6-03c6939721b7
2019-08-22 17:40:10,368 [grpc-default-executor-2] INFO  impl.RoleInfo (RoleInfo.java:shutdownFollowerState(121)) - 431e9d5c-189d-4913-bc0e-bcdfa34a8a0c: shutdown FollowerState
2019-08-22 17:40:10,368 [grpc-default-executor-0] INFO  impl.RoleInfo (RoleInfo.java:shutdownFollowerState(121)) - 3d7b10ec-55d3-4b38-809c-43b59ae8e43b: shutdown FollowerState
2019-08-22 17:40:10,369 [grpc-default-executor-2] INFO  impl.RoleInfo (RoleInfo.java:updateAndGet(143)) - 431e9d5c-189d-4913-bc0e-bcdfa34a8a0c: start FollowerState
2019-08-22 17:40:10,369 [grpc-default-executor-0] INFO  impl.RoleInfo (RoleInfo.java:updateAndGet(143)) - 3d7b10ec-55d3-4b38-809c-43b59ae8e43b: start FollowerState
2019-08-22 17:40:10,369 [Thread-270] INFO  impl.FollowerState (FollowerState.java:run(114)) - 431e9d5c-189d-4913-bc0e-bcdfa34a8a0c: FollowerState was interrupted: java.lang.InterruptedException: sleep interrupted
2019-08-22 17:40:10,369 [Thread-275] INFO  impl.FollowerState (FollowerState.java:run(114)) - 3d7b10ec-55d3-4b38-809c-43b59ae8e43b: FollowerState was interrupted: java.lang.InterruptedException: sleep interrupted
2019-08-22 17:40:10,391 [a1f47dd0-84e3-4d6e-b4c6-03c6939721b7:group-C4C40369ED55:LeaderElection11] INFO  impl.LeaderElection (LeaderElection.java:logAndReturn(56)) - a1f47dd0-84e3-4d6e-b4c6-03c6939721b7:group-C4C40369ED55:LeaderElection11: Election PASSED; received 1 response(s) [a1f47dd0-84e3-4d6e-b4c6-03c6939721b7<-431e9d5c-189d-4913-bc0e-bcdfa34a8a0c#0:OK-t1] and 0 exception(s); a1f47dd0-84e3-4d6e-b4c6-03c6939721b7:t1, leader=null, voted=a1f47dd0-84e3-4d6e-b4c6-03c6939721b7, raftlog=a1f47dd0-84e3-4d6e-b4c6-03c6939721b7-SegmentedRaftLog:OPENED:c-1,f-1,i0, conf=-1: [a1f47dd0-84e3-4d6e-b4c6-03c6939721b7:192.168.5.173:36744, 3d7b10ec-55d3-4b38-809c-43b59ae8e43b:192.168.5.173:46093, 431e9d5c-189d-4913-bc0e-bcdfa34a8a0c:192.168.5.173:43660], old=null
2019-08-22 17:40:10,391 [a1f47dd0-84e3-4d6e-b4c6-03c6939721b7:group-C4C40369ED55:LeaderElection11] INFO  impl.RoleInfo (RoleInfo.java:shutdownLeaderElection(134)) - a1f47dd0-84e3-4d6e-b4c6-03c6939721b7: shutdown LeaderElection
2019-08-22 17:40:10,391 [a1f47dd0-84e3-4d6e-b4c6-03c6939721b7:group-C4C40369ED55:LeaderElection11] INFO  impl.RaftServerImpl (RaftServerImpl.java:setRole(171)) - a1f47dd0-84e3-4d6e-b4c6-03c6939721b7:group-C4C40369ED55 changes role from CANDIDATE to LEADER at term 1 for changeToLeader
2019-08-22 17:40:10,393 [a1f47dd0-84e3-4d6e-b4c6-03c6939721b7:group-C4C40369ED55:LeaderElection11] INFO  impl.RaftServerImpl (ServerState.java:setLeader(263)) - a1f47dd0-84e3-4d6e-b4c6-03c6939721b7:group-C4C40369ED55 change Leader from null to a1f47dd0-84e3-4d6e-b4c6-03c6939721b7 at term 1 for becomeLeader, leader elected after 5168ms
2019-08-22 17:40:10,393 [a1f47dd0-84e3-4d6e-b4c6-03c6939721b7:group-C4C40369ED55:LeaderElection11] INFO  server.RaftServerConfigKeys (ConfUtils.java:logGet(43)) - raft.server.staging.catchup.gap = 1000 (default)
2019-08-22 17:40:10,393 [a1f47dd0-84e3-4d6e-b4c6-03c6939721b7:group-C4C40369ED55:LeaderElection11] INFO  server.RaftServerConfigKeys (ConfUtils.java:logGet(43)) - raft.server.rpc.sleep.time = 25ms (default)
2019-08-22 17:40:10,393 [a1f47dd0-84e3-4d6e-b4c6-03c6939721b7:group-C4C40369ED55:LeaderElection11] INFO  server.RaftServerConfigKeys (ConfUtils.java:logGet(43)) - raft.server.write.element-limit = 4096 (default)
2019-08-22 17:40:10,393 [a1f47dd0-84e3-4d6e-b4c6-03c6939721b7:group-C4C40369ED55:LeaderElection11] INFO  server.RaftServerConfigKeys (ConfUtils.java:logGet(43)) - raft.server.watch.timeout = 10s (default)
2019-08-22 17:40:10,394 [a1f47dd0-84e3-4d6e-b4c6-03c6939721b7:group-C4C40369ED55:LeaderElection11] INFO  server.RaftServerConfigKeys (ConfUtils.java:logGet(43)) - raft.server.watch.timeout.denomination = 1s (default)
2019-08-22 17:40:10,394 [a1f47dd0-84e3-4d6e-b4c6-03c6939721b7:group-C4C40369ED55:LeaderElection11] INFO  server.RaftServerConfigKeys (ConfUtils.java:logGet(43)) - raft.server.watch.element-limit = 65536 (default)
2019-08-22 17:40:10,396 [a1f47dd0-84e3-4d6e-b4c6-03c6939721b7:group-C4C40369ED55:LeaderElection11] INFO  server.RaftServerConfigKeys (ConfUtils.java:logGet(43)) - raft.server.log.appender.snapshot.chunk.size.max = 16MB (=16777216) (default)
2019-08-22 17:40:10,396 [a1f47dd0-84e3-4d6e-b4c6-03c6939721b7:group-C4C40369ED55:LeaderElection11] INFO  server.RaftServerConfigKeys (ConfUtils.java:logGet(43)) - raft.server.log.appender.buffer.byte-limit = 33554432 (custom)
2019-08-22 17:40:10,397 [a1f47dd0-84e3-4d6e-b4c6-03c6939721b7:group-C4C40369ED55:LeaderElection11] INFO  server.RaftServerConfigKeys (ConfUtils.java:logGet(43)) - raft.server.log.appender.buffer.element-limit = 1 (custom)
2019-08-22 17:40:10,400 [a1f47dd0-84e3-4d6e-b4c6-03c6939721b7:group-C4C40369ED55:LeaderElection11] INFO  grpc.GrpcConfigKeys$Server (ConfUtils.java:logGet(43)) - raft.grpc.server.leader.outstanding.appends.max = 128 (default)
2019-08-22 17:40:10,402 [a1f47dd0-84e3-4d6e-b4c6-03c6939721b7:group-C4C40369ED55:LeaderElection11] INFO  server.RaftServerConfigKeys (ConfUtils.java:logGet(43)) - raft.server.rpc.request.timeout = 3000ms (default)
2019-08-22 17:40:10,402 [a1f47dd0-84e3-4d6e-b4c6-03c6939721b7:group-C4C40369ED55:LeaderElection11] INFO  server.RaftServerConfigKeys (ConfUtils.java:logGet(43)) - raft.server.log.appender.install.snapshot.enabled = false (custom)
2019-08-22 17:40:10,402 [a1f47dd0-84e3-4d6e-b4c6-03c6939721b7:group-C4C40369ED55:LeaderElection11] INFO  server.RaftServerConfigKeys (ConfUtils.java:logGet(43)) - raft.server.log.appender.snapshot.chunk.size.max = 16MB (=16777216) (default)
2019-08-22 17:40:10,402 [a1f47dd0-84e3-4d6e-b4c6-03c6939721b7:group-C4C40369ED55:LeaderElection11] INFO  server.RaftServerConfigKeys (ConfUtils.java:logGet(43)) - raft.server.log.appender.buffer.byte-limit = 33554432 (custom)
2019-08-22 17:40:10,402 [a1f47dd0-84e3-4d6e-b4c6-03c6939721b7:group-C4C40369ED55:LeaderElection11] INFO  server.RaftServerConfigKeys (ConfUtils.java:logGet(43)) - raft.server.log.appender.buffer.element-limit = 1 (custom)
2019-08-22 17:40:10,403 [a1f47dd0-84e3-4d6e-b4c6-03c6939721b7:group-C4C40369ED55:LeaderElection11] INFO  grpc.GrpcConfigKeys$Server (ConfUtils.java:logGet(43)) - raft.grpc.server.leader.outstanding.appends.max = 128 (default)
2019-08-22 17:40:10,403 [a1f47dd0-84e3-4d6e-b4c6-03c6939721b7:group-C4C40369ED55:LeaderElection11] INFO  server.RaftServerConfigKeys (ConfUtils.java:logGet(43)) - raft.server.rpc.request.timeout = 3000ms (default)
2019-08-22 17:40:10,403 [a1f47dd0-84e3-4d6e-b4c6-03c6939721b7:group-C4C40369ED55:LeaderElection11] INFO  server.RaftServerConfigKeys (ConfUtils.java:logGet(43)) - raft.server.log.appender.install.snapshot.enabled = false (custom)
2019-08-22 17:40:10,404 [a1f47dd0-84e3-4d6e-b4c6-03c6939721b7:group-C4C40369ED55:LeaderElection11] INFO  impl.RoleInfo (RoleInfo.java:updateAndGet(143)) - a1f47dd0-84e3-4d6e-b4c6-03c6939721b7: start LeaderState
2019-08-22 17:40:10,405 [a1f47dd0-84e3-4d6e-b4c6-03c6939721b7:group-C4C40369ED55:LeaderElection11] INFO  segmented.SegmentedRaftLogWorker (SegmentedRaftLogWorker.java:startLogSegment(380)) - a1f47dd0-84e3-4d6e-b4c6-03c6939721b7-SegmentedRaftLogWorker:Storage Directory /workdir/hadoop-ozone/integration-test/target/test-dir/MiniOzoneClusterImpl-c42309d1-0cec-4db9-9c35-8d22088a372f/datanode-4/data/ratis/592b2e34-5e76-4acf-817a-c4c40369ed55: Starting segment from index:0
2019-08-22 17:40:10,406 [a1f47dd0-84e3-4d6e-b4c6-03c6939721b7:group-C4C40369ED55:LeaderElection11] INFO  impl.RaftServerImpl (ServerState.java:setRaftConf(361)) - a1f47dd0-84e3-4d6e-b4c6-03c6939721b7:group-C4C40369ED55 set configuration 0: [a1f47dd0-84e3-4d6e-b4c6-03c6939721b7:192.168.5.173:36744, 3d7b10ec-55d3-4b38-809c-43b59ae8e43b:192.168.5.173:46093, 431e9d5c-189d-4913-bc0e-bcdfa34a8a0c:192.168.5.173:43660], old=null at 0
2019-08-22 17:40:10,439 | INFO  | SCMAudit | user=jenkins1000 | ip=192.168.5.173 | op=SEND_HEARTBEAT {datanodeUUID=431e9d5c-189d-4913-bc0e-bcdfa34a8a0c, command=[]} | ret=SUCCESS |  
2019-08-22 17:40:10,446 [a1f47dd0-84e3-4d6e-b4c6-03c6939721b7-SegmentedRaftLogWorker:Storage Directory /workdir/hadoop-ozone/integration-test/target/test-dir/MiniOzoneClusterImpl-c42309d1-0cec-4db9-9c35-8d22088a372f/datanode-4/data/ratis/592b2e34-5e76-4acf-817a-c4c40369ed55] INFO  segmented.SegmentedRaftLogWorker (SegmentedRaftLogWorker.java:execute(569)) - a1f47dd0-84e3-4d6e-b4c6-03c6939721b7-SegmentedRaftLogWorker:Storage Directory /workdir/hadoop-ozone/integration-test/target/test-dir/MiniOzoneClusterImpl-c42309d1-0cec-4db9-9c35-8d22088a372f/datanode-4/data/ratis/592b2e34-5e76-4acf-817a-c4c40369ed55: created new log segment /workdir/hadoop-ozone/integration-test/target/test-dir/MiniOzoneClusterImpl-c42309d1-0cec-4db9-9c35-8d22088a372f/datanode-4/data/ratis/592b2e34-5e76-4acf-817a-c4c40369ed55/current/log_inprogress_0
2019-08-22 17:40:10,470 [grpc-default-executor-2] INFO  impl.RaftServerImpl (ServerState.java:setLeader(263)) - 3d7b10ec-55d3-4b38-809c-43b59ae8e43b:group-C4C40369ED55 change Leader from null to a1f47dd0-84e3-4d6e-b4c6-03c6939721b7 at term 1 for appendEntries, leader elected after 5246ms
2019-08-22 17:40:10,470 [grpc-default-executor-0] INFO  impl.RaftServerImpl (ServerState.java:setLeader(263)) - 431e9d5c-189d-4913-bc0e-bcdfa34a8a0c:group-C4C40369ED55 change Leader from null to a1f47dd0-84e3-4d6e-b4c6-03c6939721b7 at term 1 for appendEntries, leader elected after 5246ms
2019-08-22 17:40:10,513 [grpc-default-executor-0] INFO  impl.RaftServerImpl (ServerState.java:setRaftConf(361)) - 431e9d5c-189d-4913-bc0e-bcdfa34a8a0c:group-C4C40369ED55 set configuration 0: [a1f47dd0-84e3-4d6e-b4c6-03c6939721b7:192.168.5.173:36744, 3d7b10ec-55d3-4b38-809c-43b59ae8e43b:192.168.5.173:46093, 431e9d5c-189d-4913-bc0e-bcdfa34a8a0c:192.168.5.173:43660], old=null at 0
2019-08-22 17:40:10,513 [grpc-default-executor-2] INFO  impl.RaftServerImpl (ServerState.java:setRaftConf(361)) - 3d7b10ec-55d3-4b38-809c-43b59ae8e43b:group-C4C40369ED55 set configuration 0: [a1f47dd0-84e3-4d6e-b4c6-03c6939721b7:192.168.5.173:36744, 3d7b10ec-55d3-4b38-809c-43b59ae8e43b:192.168.5.173:46093, 431e9d5c-189d-4913-bc0e-bcdfa34a8a0c:192.168.5.173:43660], old=null at 0
2019-08-22 17:40:10,513 [grpc-default-executor-0] INFO  segmented.SegmentedRaftLogWorker (SegmentedRaftLogWorker.java:startLogSegment(380)) - 431e9d5c-189d-4913-bc0e-bcdfa34a8a0c-SegmentedRaftLogWorker:Storage Directory /workdir/hadoop-ozone/integration-test/target/test-dir/MiniOzoneClusterImpl-c42309d1-0cec-4db9-9c35-8d22088a372f/datanode-5/data/ratis/592b2e34-5e76-4acf-817a-c4c40369ed55: Starting segment from index:0
2019-08-22 17:40:10,514 [grpc-default-executor-2] INFO  segmented.SegmentedRaftLogWorker (SegmentedRaftLogWorker.java:startLogSegment(380)) - 3d7b10ec-55d3-4b38-809c-43b59ae8e43b-SegmentedRaftLogWorker:Storage Directory /workdir/hadoop-ozone/integration-test/target/test-dir/MiniOzoneClusterImpl-c42309d1-0cec-4db9-9c35-8d22088a372f/datanode-2/data/ratis/592b2e34-5e76-4acf-817a-c4c40369ed55: Starting segment from index:0
2019-08-22 17:40:10,560 [431e9d5c-189d-4913-bc0e-bcdfa34a8a0c-SegmentedRaftLogWorker:Storage Directory /workdir/hadoop-ozone/integration-test/target/test-dir/MiniOzoneClusterImpl-c42309d1-0cec-4db9-9c35-8d22088a372f/datanode-5/data/ratis/592b2e34-5e76-4acf-817a-c4c40369ed55] INFO  segmented.SegmentedRaftLogWorker (SegmentedRaftLogWorker.java:execute(569)) - 431e9d5c-189d-4913-bc0e-bcdfa34a8a0c-SegmentedRaftLogWorker:Storage Directory /workdir/hadoop-ozone/integration-test/target/test-dir/MiniOzoneClusterImpl-c42309d1-0cec-4db9-9c35-8d22088a372f/datanode-5/data/ratis/592b2e34-5e76-4acf-817a-c4c40369ed55: created new log segment /workdir/hadoop-ozone/integration-test/target/test-dir/MiniOzoneClusterImpl-c42309d1-0cec-4db9-9c35-8d22088a372f/datanode-5/data/ratis/592b2e34-5e76-4acf-817a-c4c40369ed55/current/log_inprogress_0
2019-08-22 17:40:10,560 [3d7b10ec-55d3-4b38-809c-43b59ae8e43b-SegmentedRaftLogWorker:Storage Directory /workdir/hadoop-ozone/integration-test/target/test-dir/MiniOzoneClusterImpl-c42309d1-0cec-4db9-9c35-8d22088a372f/datanode-2/data/ratis/592b2e34-5e76-4acf-817a-c4c40369ed55] INFO  segmented.SegmentedRaftLogWorker (SegmentedRaftLogWorker.java:execute(569)) - 3d7b10ec-55d3-4b38-809c-43b59ae8e43b-SegmentedRaftLogWorker:Storage Directory /workdir/hadoop-ozone/integration-test/target/test-dir/MiniOzoneClusterImpl-c42309d1-0cec-4db9-9c35-8d22088a372f/datanode-2/data/ratis/592b2e34-5e76-4acf-817a-c4c40369ed55: created new log segment /workdir/hadoop-ozone/integration-test/target/test-dir/MiniOzoneClusterImpl-c42309d1-0cec-4db9-9c35-8d22088a372f/datanode-2/data/ratis/592b2e34-5e76-4acf-817a-c4c40369ed55/current/log_inprogress_0
2019-08-22 17:40:10,577 | INFO  | SCMAudit | user=jenkins1000 | ip=192.168.5.173 | op=SEND_HEARTBEAT {datanodeUUID=f13cbeb3-1638-40ca-a674-1282dfb13b44, command=[]} | ret=SUCCESS |  
2019-08-22 17:40:10,894 [grpc-default-executor-0] INFO  client.GrpcClientProtocolClient (GrpcClientProtocolClient.java:onNext(255)) - client-6761B523942B->431e9d5c-189d-4913-bc0e-bcdfa34a8a0c: receive RaftClientReply:client-6761B523942B->431e9d5c-189d-4913-bc0e-bcdfa34a8a0c@group-C4C40369ED55, cid=13, FAILED org.apache.ratis.protocol.NotLeaderException: Server 431e9d5c-189d-4913-bc0e-bcdfa34a8a0c is not the leader (a1f47dd0-84e3-4d6e-b4c6-03c6939721b7:192.168.5.173:36744). Request must be sent to leader., logIndex=0, commits[431e9d5c-189d-4913-bc0e-bcdfa34a8a0c:c0, a1f47dd0-84e3-4d6e-b4c6-03c6939721b7:c0, 3d7b10ec-55d3-4b38-809c-43b59ae8e43b:c-1]
2019-08-22 17:40:11,019 | INFO  | SCMAudit | user=jenkins1000 | ip=192.168.5.173 | op=SEND_HEARTBEAT {datanodeUUID=c0e77ccd-2b09-4a23-a664-68073c461c61, command=[]} | ret=SUCCESS |  
2019-08-22 17:40:11,019 | INFO  | SCMAudit | user=jenkins1000 | ip=192.168.5.173 | op=SEND_HEARTBEAT {datanodeUUID=3d7b10ec-55d3-4b38-809c-43b59ae8e43b, command=[]} | ret=SUCCESS |  
2019-08-22 17:40:11,097 | INFO  | SCMAudit | user=jenkins1000 | ip=192.168.5.173 | op=SEND_HEARTBEAT {datanodeUUID=c2b5941d-b72d-41e9-8cce-67773fde2f8a, command=[]} | ret=SUCCESS |  
2019-08-22 17:40:11,110 | INFO  | SCMAudit | user=jenkins1000 | ip=192.168.5.173 | op=SEND_HEARTBEAT {datanodeUUID=a1f47dd0-84e3-4d6e-b4c6-03c6939721b7, command=[]} | ret=SUCCESS |  
2019-08-22 17:40:11,128 | INFO  | DNAudit | user=null | ip=null | op=WRITE_CHUNK {blockData=conID: 1 locID: 102661856004997121 bcsId: 0} | ret=SUCCESS |  
2019-08-22 17:40:11,183 | INFO  | DNAudit | user=null | ip=null | op=WRITE_CHUNK {blockData=conID: 1 locID: 102661856004997121 bcsId: 0} | ret=SUCCESS |  
2019-08-22 17:40:11,183 | INFO  | DNAudit | user=null | ip=null | op=WRITE_CHUNK {blockData=conID: 1 locID: 102661856004997121 bcsId: 0} | ret=SUCCESS |  
2019-08-22 17:40:11,184 | INFO  | SCMAudit | user=jenkins1000 | ip=192.168.5.173 | op=SEND_HEARTBEAT {datanodeUUID=431e9d5c-189d-4913-bc0e-bcdfa34a8a0c, command=[]} | ret=SUCCESS |  
2019-08-22 17:40:11,184 | INFO  | SCMAudit | user=jenkins1000 | ip=192.168.5.173 | op=SEND_HEARTBEAT {datanodeUUID=3d7b10ec-55d3-4b38-809c-43b59ae8e43b, command=[]} | ret=SUCCESS |  
2019-08-22 17:40:11,200 | INFO  | DNAudit | user=null | ip=null | op=WRITE_CHUNK {blockData=conID: 1 locID: 102661856004997121 bcsId: 0} | ret=SUCCESS |  
2019-08-22 17:40:11,215 [grpc-default-executor-0] INFO  client.GrpcClientProtocolClient (GrpcClientProtocolClient.java:onNext(255)) - client-6761B523942B->a1f47dd0-84e3-4d6e-b4c6-03c6939721b7: receive RaftClientReply:client-6761B523942B->a1f47dd0-84e3-4d6e-b4c6-03c6939721b7@group-C4C40369ED55, cid=13, SUCCESS, logIndex=1, commits[a1f47dd0-84e3-4d6e-b4c6-03c6939721b7:c1, 3d7b10ec-55d3-4b38-809c-43b59ae8e43b:c0, 431e9d5c-189d-4913-bc0e-bcdfa34a8a0c:c0]
2019-08-22 17:40:11,224 | INFO  | DNAudit | user=null | ip=null | op=WRITE_CHUNK {blockData=conID: 1 locID: 102661856004997121 bcsId: 0} | ret=SUCCESS |  
2019-08-22 17:40:11,225 | INFO  | DNAudit | user=null | ip=null | op=WRITE_CHUNK {blockData=conID: 1 locID: 102661856004997121 bcsId: 0} | ret=SUCCESS |  
2019-08-22 17:40:11,233 | INFO  | DNAudit | user=null | ip=null | op=WRITE_CHUNK {blockData=conID: 1 locID: 102661856004997121 bcsId: 0} | ret=SUCCESS |  
2019-08-22 17:40:11,235 | INFO  | DNAudit | user=null | ip=null | op=WRITE_CHUNK {blockData=conID: 1 locID: 102661856004997121 bcsId: 0} | ret=SUCCESS |  
2019-08-22 17:40:11,235 | INFO  | DNAudit | user=null | ip=null | op=WRITE_CHUNK {blockData=conID: 1 locID: 102661856004997121 bcsId: 0} | ret=SUCCESS |  
2019-08-22 17:40:11,241 | INFO  | DNAudit | user=null | ip=null | op=WRITE_CHUNK {blockData=conID: 1 locID: 102661856004997121 bcsId: 0} | ret=SUCCESS |  
2019-08-22 17:40:11,244 | INFO  | DNAudit | user=null | ip=null | op=WRITE_CHUNK {blockData=conID: 1 locID: 102661856004997121 bcsId: 0} | ret=SUCCESS |  
2019-08-22 17:40:11,246 | INFO  | DNAudit | user=null | ip=null | op=WRITE_CHUNK {blockData=conID: 1 locID: 102661856004997121 bcsId: 0} | ret=SUCCESS |  
2019-08-22 17:40:11,246 | INFO  | DNAudit | user=null | ip=null | op=WRITE_CHUNK {blockData=conID: 1 locID: 102661856004997121 bcsId: 0} | ret=SUCCESS |  
2019-08-22 17:40:11,249 | INFO  | DNAudit | user=null | ip=null | op=WRITE_CHUNK {blockData=conID: 1 locID: 102661856004997121 bcsId: 0} | ret=SUCCESS |  
2019-08-22 17:40:11,249 | INFO  | DNAudit | user=null | ip=null | op=WRITE_CHUNK {blockData=conID: 1 locID: 102661856004997121 bcsId: 0} | ret=SUCCESS |  
2019-08-22 17:40:11,252 | INFO  | DNAudit | user=null | ip=null | op=WRITE_CHUNK {blockData=conID: 1 locID: 102661856004997121 bcsId: 0} | ret=SUCCESS |  
2019-08-22 17:40:11,259 [grpc-default-executor-2] INFO  client.GrpcClientProtocolClient (GrpcClientProtocolClient.java:onNext(255)) - client-6761B523942B->a1f47dd0-84e3-4d6e-b4c6-03c6939721b7: receive RaftClientReply:client-6761B523942B->a1f47dd0-84e3-4d6e-b4c6-03c6939721b7@group-C4C40369ED55, cid=14, SUCCESS, logIndex=3, commits[a1f47dd0-84e3-4d6e-b4c6-03c6939721b7:c4, 3d7b10ec-55d3-4b38-809c-43b59ae8e43b:c2, 431e9d5c-189d-4913-bc0e-bcdfa34a8a0c:c2]
2019-08-22 17:40:11,279 | INFO  | DNAudit | user=null | ip=null | op=WRITE_CHUNK {blockData=conID: 1 locID: 102661856004997121 bcsId: 0} | ret=SUCCESS |  
2019-08-22 17:40:11,290 | INFO  | DNAudit | user=null | ip=null | op=WRITE_CHUNK {blockData=conID: 1 locID: 102661856004997121 bcsId: 0} | ret=SUCCESS |  
2019-08-22 17:40:11,350 | INFO  | SCMAudit | user=jenkins1000 | ip=192.168.5.173 | op=SEND_HEARTBEAT {datanodeUUID=6b3b49b3-a706-4943-ae36-3fb349ffaff4, command=[]} | ret=SUCCESS |  
2019-08-22 17:40:11,355 | INFO  | DNAudit | user=null | ip=null | op=PUT_BLOCK {blockData=[blockId=conID: 1 locID: 102661856004997121 bcsId: 0,size=200]} | ret=SUCCESS |  
2019-08-22 17:40:11,360 [grpc-default-executor-2] INFO  client.GrpcClientProtocolClient (GrpcClientProtocolClient.java:onNext(255)) - client-6761B523942B->a1f47dd0-84e3-4d6e-b4c6-03c6939721b7: receive RaftClientReply:client-6761B523942B->a1f47dd0-84e3-4d6e-b4c6-03c6939721b7@group-C4C40369ED55, cid=15, SUCCESS, logIndex=4, commits[a1f47dd0-84e3-4d6e-b4c6-03c6939721b7:c12, 3d7b10ec-55d3-4b38-809c-43b59ae8e43b:c7, 431e9d5c-189d-4913-bc0e-bcdfa34a8a0c:c7]
2019-08-22 17:40:11,367 | INFO  | DNAudit | user=null | ip=null | op=WRITE_CHUNK {blockData=conID: 1 locID: 102661856004997121 bcsId: 0} | ret=SUCCESS |  
2019-08-22 17:40:11,368 | INFO  | DNAudit | user=null | ip=null | op=WRITE_CHUNK {blockData=conID: 1 locID: 102661856004997121 bcsId: 0} | ret=SUCCESS |  
2019-08-22 17:40:11,373 [grpc-default-executor-2] INFO  client.GrpcClientProtocolClient (GrpcClientProtocolClient.java:onNext(255)) - client-6761B523942B->a1f47dd0-84e3-4d6e-b4c6-03c6939721b7: receive RaftClientReply:client-6761B523942B->a1f47dd0-84e3-4d6e-b4c6-03c6939721b7@group-C4C40369ED55, cid=16, SUCCESS, logIndex=5, commits[a1f47dd0-84e3-4d6e-b4c6-03c6939721b7:c12, 3d7b10ec-55d3-4b38-809c-43b59ae8e43b:c7, 431e9d5c-189d-4913-bc0e-bcdfa34a8a0c:c7]
2019-08-22 17:40:11,374 [grpc-default-executor-2] INFO  client.GrpcClientProtocolClient (GrpcClientProtocolClient.java:onNext(255)) - client-6761B523942B->a1f47dd0-84e3-4d6e-b4c6-03c6939721b7: receive RaftClientReply:client-6761B523942B->a1f47dd0-84e3-4d6e-b4c6-03c6939721b7@group-C4C40369ED55, cid=17, SUCCESS, logIndex=6, commits[a1f47dd0-84e3-4d6e-b4c6-03c6939721b7:c12, 3d7b10ec-55d3-4b38-809c-43b59ae8e43b:c7, 431e9d5c-189d-4913-bc0e-bcdfa34a8a0c:c7]
2019-08-22 17:40:11,405 | INFO  | DNAudit | user=null | ip=null | op=PUT_BLOCK {blockData=[blockId=conID: 1 locID: 102661856004997121 bcsId: 0,size=200]} | ret=SUCCESS |  
2019-08-22 17:40:11,406 | INFO  | DNAudit | user=null | ip=null | op=WRITE_CHUNK {blockData=conID: 1 locID: 102661856004997121 bcsId: 0} | ret=SUCCESS |  
2019-08-22 17:40:11,406 | INFO  | DNAudit | user=null | ip=null | op=WRITE_CHUNK {blockData=conID: 1 locID: 102661856004997121 bcsId: 0} | ret=SUCCESS |  
2019-08-22 17:40:11,460 | INFO  | DNAudit | user=null | ip=null | op=PUT_BLOCK {blockData=[blockId=conID: 1 locID: 102661856004997121 bcsId: 0,size=200]} | ret=SUCCESS |  
2019-08-22 17:40:11,460 | INFO  | DNAudit | user=null | ip=null | op=PUT_BLOCK {blockData=[blockId=conID: 1 locID: 102661856004997121 bcsId: 0,size=400]} | ret=SUCCESS |  
2019-08-22 17:40:11,460 | INFO  | DNAudit | user=null | ip=null | op=PUT_BLOCK {blockData=[blockId=conID: 1 locID: 102661856004997121 bcsId: 0,size=400]} | ret=SUCCESS |  
2019-08-22 17:40:11,461 | INFO  | DNAudit | user=null | ip=null | op=WRITE_CHUNK {blockData=conID: 1 locID: 102661856004997121 bcsId: 0} | ret=SUCCESS |  
2019-08-22 17:40:11,462 | INFO  | DNAudit | user=null | ip=null | op=WRITE_CHUNK {blockData=conID: 1 locID: 102661856004997121 bcsId: 0} | ret=SUCCESS |  
2019-08-22 17:40:11,463 | INFO  | DNAudit | user=null | ip=null | op=PUT_BLOCK {blockData=[blockId=conID: 1 locID: 102661856004997121 bcsId: 0,size=400]} | ret=SUCCESS |  
2019-08-22 17:40:11,464 [grpc-default-executor-2] INFO  client.GrpcClientProtocolClient (GrpcClientProtocolClient.java:onNext(255)) - client-6761B523942B->a1f47dd0-84e3-4d6e-b4c6-03c6939721b7: receive RaftClientReply:client-6761B523942B->a1f47dd0-84e3-4d6e-b4c6-03c6939721b7@group-C4C40369ED55, cid=18, SUCCESS, logIndex=7, commits[a1f47dd0-84e3-4d6e-b4c6-03c6939721b7:c12, 3d7b10ec-55d3-4b38-809c-43b59ae8e43b:c7, 431e9d5c-189d-4913-bc0e-bcdfa34a8a0c:c7]
2019-08-22 17:40:11,474 | INFO  | DNAudit | user=null | ip=null | op=WRITE_CHUNK {blockData=conID: 1 locID: 102661856004997121 bcsId: 7} | ret=SUCCESS |  
2019-08-22 17:40:11,480 | INFO  | DNAudit | user=null | ip=null | op=WRITE_CHUNK {blockData=conID: 1 locID: 102661856004997121 bcsId: 7} | ret=SUCCESS |  
2019-08-22 17:40:11,480 | INFO  | DNAudit | user=null | ip=null | op=WRITE_CHUNK {blockData=conID: 1 locID: 102661856004997121 bcsId: 7} | ret=SUCCESS |  
2019-08-22 17:40:11,494 | INFO  | DNAudit | user=null | ip=null | op=WRITE_CHUNK {blockData=conID: 1 locID: 102661856004997121 bcsId: 7} | ret=SUCCESS |  
2019-08-22 17:40:11,497 [grpc-default-executor-2] INFO  client.GrpcClientProtocolClient (GrpcClientProtocolClient.java:onNext(255)) - client-6761B523942B->a1f47dd0-84e3-4d6e-b4c6-03c6939721b7: receive RaftClientReply:client-6761B523942B->a1f47dd0-84e3-4d6e-b4c6-03c6939721b7@group-C4C40369ED55, cid=19, SUCCESS, logIndex=13, commits[a1f47dd0-84e3-4d6e-b4c6-03c6939721b7:c13, 3d7b10ec-55d3-4b38-809c-43b59ae8e43b:c12, 431e9d5c-189d-4913-bc0e-bcdfa34a8a0c:c12]
2019-08-22 17:40:11,505 | INFO  | DNAudit | user=null | ip=null | op=PUT_BLOCK {blockData=[blockId=conID: 1 locID: 102661856004997121 bcsId: 0,size=450]} | ret=SUCCESS |  
2019-08-22 17:40:11,506 | INFO  | DNAudit | user=null | ip=null | op=WRITE_CHUNK {blockData=conID: 1 locID: 102661856004997121 bcsId: 7} | ret=SUCCESS |  
2019-08-22 17:40:11,506 | INFO  | DNAudit | user=null | ip=null | op=WRITE_CHUNK {blockData=conID: 1 locID: 102661856004997121 bcsId: 7} | ret=SUCCESS |  
2019-08-22 17:40:11,508 [grpc-default-executor-2] INFO  client.GrpcClientProtocolClient (GrpcClientProtocolClient.java:onNext(255)) - client-6761B523942B->a1f47dd0-84e3-4d6e-b4c6-03c6939721b7: receive RaftClientReply:client-6761B523942B->a1f47dd0-84e3-4d6e-b4c6-03c6939721b7@group-C4C40369ED55, cid=20, SUCCESS, logIndex=14, commits[a1f47dd0-84e3-4d6e-b4c6-03c6939721b7:c14, 3d7b10ec-55d3-4b38-809c-43b59ae8e43b:c12, 431e9d5c-189d-4913-bc0e-bcdfa34a8a0c:c12]
2019-08-22 17:40:11,577 | INFO  | SCMAudit | user=jenkins1000 | ip=192.168.5.173 | op=SEND_HEARTBEAT {datanodeUUID=f13cbeb3-1638-40ca-a674-1282dfb13b44, command=[]} | ret=SUCCESS |  
2019-08-22 17:40:12,019 | INFO  | SCMAudit | user=jenkins1000 | ip=192.168.5.173 | op=SEND_HEARTBEAT {datanodeUUID=c0e77ccd-2b09-4a23-a664-68073c461c61, command=[]} | ret=SUCCESS |  
2019-08-22 17:40:12,092 | INFO  | SCMAudit | user=jenkins1000 | ip=192.168.5.173 | op=SEND_HEARTBEAT {datanodeUUID=a1f47dd0-84e3-4d6e-b4c6-03c6939721b7, command=[]} | ret=SUCCESS |  
2019-08-22 17:40:12,096 | INFO  | SCMAudit | user=jenkins1000 | ip=192.168.5.173 | op=SEND_HEARTBEAT {datanodeUUID=c2b5941d-b72d-41e9-8cce-67773fde2f8a, command=[]} | ret=SUCCESS |  
2019-08-22 17:40:12,182 | INFO  | SCMAudit | user=jenkins1000 | ip=192.168.5.173 | op=SEND_HEARTBEAT {datanodeUUID=3d7b10ec-55d3-4b38-809c-43b59ae8e43b, command=[]} | ret=SUCCESS |  
2019-08-22 17:40:12,182 | INFO  | SCMAudit | user=jenkins1000 | ip=192.168.5.173 | op=SEND_HEARTBEAT {datanodeUUID=431e9d5c-189d-4913-bc0e-bcdfa34a8a0c, command=[]} | ret=SUCCESS |  
2019-08-22 17:40:12,350 | INFO  | SCMAudit | user=jenkins1000 | ip=192.168.5.173 | op=SEND_HEARTBEAT {datanodeUUID=6b3b49b3-a706-4943-ae36-3fb349ffaff4, command=[]} | ret=SUCCESS |  
2019-08-22 17:40:12,522 [main] WARN  scm.XceiverClientRatis (XceiverClientRatis.java:watchForCommit(262)) - 3 way commit failed on pipeline Pipeline[ Id: 592b2e34-5e76-4acf-817a-c4c40369ed55, Nodes: 3d7b10ec-55d3-4b38-809c-43b59ae8e43b{ip: 192.168.5.173, host: pr-hdds-1808-4dtdn-3774871440, networkLocation: /default-rack, certSerialId: null}a1f47dd0-84e3-4d6e-b4c6-03c6939721b7{ip: 192.168.5.173, host: pr-hdds-1808-4dtdn-3774871440, networkLocation: /default-rack, certSerialId: null}431e9d5c-189d-4913-bc0e-bcdfa34a8a0c{ip: 192.168.5.173, host: pr-hdds-1808-4dtdn-3774871440, networkLocation: /default-rack, certSerialId: null}, Type:RATIS, Factor:THREE, State:OPEN]
java.util.concurrent.TimeoutException
	at java.util.concurrent.CompletableFuture.timedGet(CompletableFuture.java:1771)
	at java.util.concurrent.CompletableFuture.get(CompletableFuture.java:1915)
	at org.apache.hadoop.hdds.scm.XceiverClientRatis.watchForCommit(XceiverClientRatis.java:259)
	at org.apache.hadoop.hdds.scm.storage.CommitWatcher.watchForCommit(CommitWatcher.java:194)
	at org.apache.hadoop.hdds.scm.storage.CommitWatcher.watchOnLastIndex(CommitWatcher.java:157)
	at org.apache.hadoop.hdds.scm.storage.BlockOutputStream.watchForCommit(BlockOutputStream.java:347)
	at org.apache.hadoop.hdds.scm.storage.BlockOutputStream.handleFlush(BlockOutputStream.java:479)
	at org.apache.hadoop.hdds.scm.storage.BlockOutputStream.flush(BlockOutputStream.java:428)
	at org.apache.hadoop.ozone.client.io.BlockOutputStreamEntry.flush(BlockOutputStreamEntry.java:136)
	at org.apache.hadoop.ozone.client.io.KeyOutputStream.handleFlushOrClose(KeyOutputStream.java:442)
	at org.apache.hadoop.ozone.client.io.KeyOutputStream.flush(KeyOutputStream.java:396)
	at org.apache.hadoop.ozone.client.io.OzoneOutputStream.flush(OzoneOutputStream.java:54)
	at org.apache.hadoop.ozone.client.rpc.TestBlockOutputStreamWithFailures.test2DatanodesFailure(TestBlockOutputStreamWithFailures.java:461)
	at sun.reflect.NativeMethodAccessorImpl.invoke0(Native Method)
	at sun.reflect.NativeMethodAccessorImpl.invoke(NativeMethodAccessorImpl.java:62)
	at sun.reflect.DelegatingMethodAccessorImpl.invoke(DelegatingMethodAccessorImpl.java:43)
	at java.lang.reflect.Method.invoke(Method.java:498)
	at org.junit.runners.model.FrameworkMethod$1.runReflectiveCall(FrameworkMethod.java:47)
	at org.junit.internal.runners.model.ReflectiveCallable.run(ReflectiveCallable.java:12)
	at org.junit.runners.model.FrameworkMethod.invokeExplosively(FrameworkMethod.java:44)
	at org.junit.internal.runners.statements.InvokeMethod.evaluate(InvokeMethod.java:17)
	at org.junit.internal.runners.statements.RunBefores.evaluate(RunBefores.java:26)
	at org.junit.internal.runners.statements.RunAfters.evaluate(RunAfters.java:27)
	at org.junit.runners.ParentRunner.runLeaf(ParentRunner.java:271)
	at org.junit.runners.BlockJUnit4ClassRunner.runChild(BlockJUnit4ClassRunner.java:70)
	at org.junit.runners.BlockJUnit4ClassRunner.runChild(BlockJUnit4ClassRunner.java:50)
	at org.junit.runners.ParentRunner$3.run(ParentRunner.java:238)
	at org.junit.runners.ParentRunner$1.schedule(ParentRunner.java:63)
	at org.junit.runners.ParentRunner.runChildren(ParentRunner.java:236)
	at org.junit.runners.ParentRunner.access$000(ParentRunner.java:53)
	at org.junit.runners.ParentRunner$2.evaluate(ParentRunner.java:229)
	at org.junit.runners.ParentRunner.run(ParentRunner.java:309)
	at org.apache.maven.surefire.junit4.JUnit4Provider.execute(JUnit4Provider.java:365)
	at org.apache.maven.surefire.junit4.JUnit4Provider.executeWithRerun(JUnit4Provider.java:273)
	at org.apache.maven.surefire.junit4.JUnit4Provider.executeTestSet(JUnit4Provider.java:238)
	at org.apache.maven.surefire.junit4.JUnit4Provider.invoke(JUnit4Provider.java:159)
	at org.apache.maven.surefire.booter.ForkedBooter.invokeProviderInSameClassLoader(ForkedBooter.java:384)
	at org.apache.maven.surefire.booter.ForkedBooter.runSuitesInProcess(ForkedBooter.java:345)
	at org.apache.maven.surefire.booter.ForkedBooter.execute(ForkedBooter.java:126)
	at org.apache.maven.surefire.booter.ForkedBooter.main(ForkedBooter.java:418)
2019-08-22 17:40:12,577 | INFO  | SCMAudit | user=jenkins1000 | ip=192.168.5.173 | op=SEND_HEARTBEAT {datanodeUUID=f13cbeb3-1638-40ca-a674-1282dfb13b44, command=[]} | ret=SUCCESS |  
2019-08-22 17:40:13,018 | INFO  | SCMAudit | user=jenkins1000 | ip=192.168.5.173 | op=SEND_HEARTBEAT {datanodeUUID=c0e77ccd-2b09-4a23-a664-68073c461c61, command=[]} | ret=SUCCESS |  
2019-08-22 17:40:13,092 | INFO  | SCMAudit | user=jenkins1000 | ip=192.168.5.173 | op=SEND_HEARTBEAT {datanodeUUID=a1f47dd0-84e3-4d6e-b4c6-03c6939721b7, command=[]} | ret=SUCCESS |  
2019-08-22 17:40:13,096 | INFO  | SCMAudit | user=jenkins1000 | ip=192.168.5.173 | op=SEND_HEARTBEAT {datanodeUUID=c2b5941d-b72d-41e9-8cce-67773fde2f8a, command=[]} | ret=SUCCESS |  
2019-08-22 17:40:13,182 | INFO  | SCMAudit | user=jenkins1000 | ip=192.168.5.173 | op=SEND_HEARTBEAT {datanodeUUID=431e9d5c-189d-4913-bc0e-bcdfa34a8a0c, command=[]} | ret=SUCCESS |  
2019-08-22 17:40:13,182 | INFO  | SCMAudit | user=jenkins1000 | ip=192.168.5.173 | op=SEND_HEARTBEAT {datanodeUUID=3d7b10ec-55d3-4b38-809c-43b59ae8e43b, command=[]} | ret=SUCCESS |  
2019-08-22 17:40:13,349 | INFO  | SCMAudit | user=jenkins1000 | ip=192.168.5.173 | op=SEND_HEARTBEAT {datanodeUUID=6b3b49b3-a706-4943-ae36-3fb349ffaff4, command=[]} | ret=SUCCESS |  
2019-08-22 17:40:13,526 [main] WARN  storage.CommitWatcher (CommitWatcher.java:watchForCommit(203)) - watchForCommit failed for index 14
java.util.concurrent.TimeoutException
	at java.util.concurrent.CompletableFuture.timedGet(CompletableFuture.java:1771)
	at java.util.concurrent.CompletableFuture.get(CompletableFuture.java:1915)
	at org.apache.hadoop.hdds.scm.XceiverClientRatis.watchForCommit(XceiverClientRatis.java:268)
	at org.apache.hadoop.hdds.scm.storage.CommitWatcher.watchForCommit(CommitWatcher.java:194)
	at org.apache.hadoop.hdds.scm.storage.CommitWatcher.watchOnLastIndex(CommitWatcher.java:157)
	at org.apache.hadoop.hdds.scm.storage.BlockOutputStream.watchForCommit(BlockOutputStream.java:347)
	at org.apache.hadoop.hdds.scm.storage.BlockOutputStream.handleFlush(BlockOutputStream.java:479)
	at org.apache.hadoop.hdds.scm.storage.BlockOutputStream.flush(BlockOutputStream.java:428)
	at org.apache.hadoop.ozone.client.io.BlockOutputStreamEntry.flush(BlockOutputStreamEntry.java:136)
	at org.apache.hadoop.ozone.client.io.KeyOutputStream.handleFlushOrClose(KeyOutputStream.java:442)
	at org.apache.hadoop.ozone.client.io.KeyOutputStream.flush(KeyOutputStream.java:396)
	at org.apache.hadoop.ozone.client.io.OzoneOutputStream.flush(OzoneOutputStream.java:54)
	at org.apache.hadoop.ozone.client.rpc.TestBlockOutputStreamWithFailures.test2DatanodesFailure(TestBlockOutputStreamWithFailures.java:461)
	at sun.reflect.NativeMethodAccessorImpl.invoke0(Native Method)
	at sun.reflect.NativeMethodAccessorImpl.invoke(NativeMethodAccessorImpl.java:62)
	at sun.reflect.DelegatingMethodAccessorImpl.invoke(DelegatingMethodAccessorImpl.java:43)
	at java.lang.reflect.Method.invoke(Method.java:498)
	at org.junit.runners.model.FrameworkMethod$1.runReflectiveCall(FrameworkMethod.java:47)
	at org.junit.internal.runners.model.ReflectiveCallable.run(ReflectiveCallable.java:12)
	at org.junit.runners.model.FrameworkMethod.invokeExplosively(FrameworkMethod.java:44)
	at org.junit.internal.runners.statements.InvokeMethod.evaluate(InvokeMethod.java:17)
	at org.junit.internal.runners.statements.RunBefores.evaluate(RunBefores.java:26)
	at org.junit.internal.runners.statements.RunAfters.evaluate(RunAfters.java:27)
	at org.junit.runners.ParentRunner.runLeaf(ParentRunner.java:271)
	at org.junit.runners.BlockJUnit4ClassRunner.runChild(BlockJUnit4ClassRunner.java:70)
	at org.junit.runners.BlockJUnit4ClassRunner.runChild(BlockJUnit4ClassRunner.java:50)
	at org.junit.runners.ParentRunner$3.run(ParentRunner.java:238)
	at org.junit.runners.ParentRunner$1.schedule(ParentRunner.java:63)
	at org.junit.runners.ParentRunner.runChildren(ParentRunner.java:236)
	at org.junit.runners.ParentRunner.access$000(ParentRunner.java:53)
	at org.junit.runners.ParentRunner$2.evaluate(ParentRunner.java:229)
	at org.junit.runners.ParentRunner.run(ParentRunner.java:309)
	at org.apache.maven.surefire.junit4.JUnit4Provider.execute(JUnit4Provider.java:365)
	at org.apache.maven.surefire.junit4.JUnit4Provider.executeWithRerun(JUnit4Provider.java:273)
	at org.apache.maven.surefire.junit4.JUnit4Provider.executeTestSet(JUnit4Provider.java:238)
	at org.apache.maven.surefire.junit4.JUnit4Provider.invoke(JUnit4Provider.java:159)
	at org.apache.maven.surefire.booter.ForkedBooter.invokeProviderInSameClassLoader(ForkedBooter.java:384)
	at org.apache.maven.surefire.booter.ForkedBooter.runSuitesInProcess(ForkedBooter.java:345)
	at org.apache.maven.surefire.booter.ForkedBooter.execute(ForkedBooter.java:126)
	at org.apache.maven.surefire.booter.ForkedBooter.main(ForkedBooter.java:418)
2019-08-22 17:40:13,528 [main] WARN  io.KeyOutputStream (KeyOutputStream.java:handleException(276)) - Encountered exception java.io.IOException: Unexpected Storage Container Exception: java.io.IOException: Unexpected Storage Container Exception: java.util.concurrent.TimeoutException on the pipeline Pipeline[ Id: 592b2e34-5e76-4acf-817a-c4c40369ed55, Nodes: 3d7b10ec-55d3-4b38-809c-43b59ae8e43b{ip: 192.168.5.173, host: pr-hdds-1808-4dtdn-3774871440, networkLocation: /default-rack, certSerialId: null}a1f47dd0-84e3-4d6e-b4c6-03c6939721b7{ip: 192.168.5.173, host: pr-hdds-1808-4dtdn-3774871440, networkLocation: /default-rack, certSerialId: null}431e9d5c-189d-4913-bc0e-bcdfa34a8a0c{ip: 192.168.5.173, host: pr-hdds-1808-4dtdn-3774871440, networkLocation: /default-rack, certSerialId: null}, Type:RATIS, Factor:THREE, State:OPEN]. The last committed block length is 400, uncommitted data length is 50 retry count 0
2019-08-22 17:40:13,544 | INFO  | SCMAudit | user=jenkins1000 | ip=192.168.5.173 | op=ALLOCATE_BLOCK {owner=ac5b1c68-44d6-41ec-9f11-92dd25f34595, size=800, type=RATIS, factor=THREE} | ret=SUCCESS |  
2019-08-22 17:40:13,546 | INFO  | OMAudit | user=jenkins1000 | ip=127.0.0.1 | op=ALLOCATE_BLOCK {volume=testblockoutputstream, bucket=testblockoutputstream, key=70d1af3d-98af-40de-80fd-b46031fc5774, dataSize=0, replicationType=null, replicationFactor=null, keyLocationInfo=null, clientID=102661856002048000} | ret=SUCCESS |  
2019-08-22 17:40:13,561 [grpc-default-executor-2] INFO  client.GrpcClientProtocolClient (GrpcClientProtocolClient.java:onNext(255)) - client-3FD810BAED21->c2b5941d-b72d-41e9-8cce-67773fde2f8a: receive RaftClientReply:client-3FD810BAED21->c2b5941d-b72d-41e9-8cce-67773fde2f8a@group-9B5AAF70C598, cid=23, FAILED org.apache.ratis.protocol.NotLeaderException: Server c2b5941d-b72d-41e9-8cce-67773fde2f8a is not the leader (null). Request must be sent to leader., logIndex=0, commits[c2b5941d-b72d-41e9-8cce-67773fde2f8a:c-1]
2019-08-22 17:40:13,577 | INFO  | SCMAudit | user=jenkins1000 | ip=192.168.5.173 | op=SEND_HEARTBEAT {datanodeUUID=f13cbeb3-1638-40ca-a674-1282dfb13b44, command=[]} | ret=SUCCESS |  
2019-08-22 17:40:14,019 | INFO  | SCMAudit | user=jenkins1000 | ip=192.168.5.173 | op=SEND_HEARTBEAT {datanodeUUID=c0e77ccd-2b09-4a23-a664-68073c461c61, command=[]} | ret=SUCCESS |  
2019-08-22 17:40:14,029 | INFO  | DNAudit | user=null | ip=null | op=PUT_BLOCK {blockData=[blockId=conID: 1 locID: 102661856004997121 bcsId: 0,size=450]} | ret=SUCCESS |  
2019-08-22 17:40:14,029 | INFO  | DNAudit | user=null | ip=null | op=PUT_BLOCK {blockData=[blockId=conID: 1 locID: 102661856004997121 bcsId: 0,size=450]} | ret=SUCCESS |  
2019-08-22 17:40:14,033 [grpc-default-executor-3] INFO  client.GrpcClientProtocolClient (GrpcClientProtocolClient.java:onNext(255)) - client-6761B523942B->a1f47dd0-84e3-4d6e-b4c6-03c6939721b7: receive RaftClientReply:client-6761B523942B->a1f47dd0-84e3-4d6e-b4c6-03c6939721b7@group-C4C40369ED55, cid=21, SUCCESS, logIndex=0, commits[a1f47dd0-84e3-4d6e-b4c6-03c6939721b7:c16, 3d7b10ec-55d3-4b38-809c-43b59ae8e43b:c16, 431e9d5c-189d-4913-bc0e-bcdfa34a8a0c:c16]
2019-08-22 17:40:14,035 [grpc-default-executor-3] INFO  client.GrpcClientProtocolClient (GrpcClientProtocolClient.java:onNext(255)) - client-6761B523942B->a1f47dd0-84e3-4d6e-b4c6-03c6939721b7: receive RaftClientReply:client-6761B523942B->a1f47dd0-84e3-4d6e-b4c6-03c6939721b7@group-C4C40369ED55, cid=22, SUCCESS, logIndex=0, commits[a1f47dd0-84e3-4d6e-b4c6-03c6939721b7:c16, 3d7b10ec-55d3-4b38-809c-43b59ae8e43b:c16, 431e9d5c-189d-4913-bc0e-bcdfa34a8a0c:c16]
2019-08-22 17:40:14,092 | INFO  | SCMAudit | user=jenkins1000 | ip=192.168.5.173 | op=SEND_HEARTBEAT {datanodeUUID=a1f47dd0-84e3-4d6e-b4c6-03c6939721b7, command=[]} | ret=SUCCESS |  
2019-08-22 17:40:14,096 | INFO  | SCMAudit | user=jenkins1000 | ip=192.168.5.173 | op=SEND_HEARTBEAT {datanodeUUID=c2b5941d-b72d-41e9-8cce-67773fde2f8a, command=[]} | ret=SUCCESS |  
2019-08-22 17:40:14,183 | INFO  | SCMAudit | user=jenkins1000 | ip=192.168.5.173 | op=SEND_HEARTBEAT {datanodeUUID=3d7b10ec-55d3-4b38-809c-43b59ae8e43b, command=[]} | ret=SUCCESS |  
2019-08-22 17:40:14,183 | INFO  | SCMAudit | user=jenkins1000 | ip=192.168.5.173 | op=SEND_HEARTBEAT {datanodeUUID=431e9d5c-189d-4913-bc0e-bcdfa34a8a0c, command=[]} | ret=SUCCESS |  
2019-08-22 17:40:14,349 | INFO  | SCMAudit | user=jenkins1000 | ip=192.168.5.173 | op=SEND_HEARTBEAT {datanodeUUID=6b3b49b3-a706-4943-ae36-3fb349ffaff4, command=[]} | ret=SUCCESS |  
2019-08-22 17:40:14,578 | INFO  | SCMAudit | user=jenkins1000 | ip=192.168.5.173 | op=SEND_HEARTBEAT {datanodeUUID=f13cbeb3-1638-40ca-a674-1282dfb13b44, command=[]} | ret=SUCCESS |  
2019-08-22 17:40:14,585 [grpc-default-executor-3] INFO  client.GrpcClientProtocolClient (GrpcClientProtocolClient.java:onNext(255)) - client-3FD810BAED21->6b3b49b3-a706-4943-ae36-3fb349ffaff4: receive RaftClientReply:client-3FD810BAED21->6b3b49b3-a706-4943-ae36-3fb349ffaff4@group-9B5AAF70C598, cid=23, FAILED org.apache.ratis.protocol.NotLeaderException: Server 6b3b49b3-a706-4943-ae36-3fb349ffaff4 is not the leader (null). Request must be sent to leader., logIndex=0, commits[6b3b49b3-a706-4943-ae36-3fb349ffaff4:c-1]
2019-08-22 17:40:15,020 | INFO  | SCMAudit | user=jenkins1000 | ip=192.168.5.173 | op=SEND_HEARTBEAT {datanodeUUID=c0e77ccd-2b09-4a23-a664-68073c461c61, command=[]} | ret=SUCCESS |  
2019-08-22 17:40:15,092 | INFO  | SCMAudit | user=jenkins1000 | ip=192.168.5.173 | op=SEND_HEARTBEAT {datanodeUUID=a1f47dd0-84e3-4d6e-b4c6-03c6939721b7, command=[]} | ret=SUCCESS |  
2019-08-22 17:40:15,096 | INFO  | SCMAudit | user=jenkins1000 | ip=192.168.5.173 | op=SEND_HEARTBEAT {datanodeUUID=c2b5941d-b72d-41e9-8cce-67773fde2f8a, command=[]} | ret=SUCCESS |  
2019-08-22 17:40:15,183 | INFO  | SCMAudit | user=jenkins1000 | ip=192.168.5.173 | op=SEND_HEARTBEAT {datanodeUUID=3d7b10ec-55d3-4b38-809c-43b59ae8e43b, command=[]} | ret=SUCCESS |  
2019-08-22 17:40:15,183 | INFO  | SCMAudit | user=jenkins1000 | ip=192.168.5.173 | op=SEND_HEARTBEAT {datanodeUUID=431e9d5c-189d-4913-bc0e-bcdfa34a8a0c, command=[]} | ret=SUCCESS |  
2019-08-22 17:40:15,349 | INFO  | SCMAudit | user=jenkins1000 | ip=192.168.5.173 | op=SEND_HEARTBEAT {datanodeUUID=6b3b49b3-a706-4943-ae36-3fb349ffaff4, command=[]} | ret=SUCCESS |  
2019-08-22 17:40:15,440 [Thread-323] INFO  impl.FollowerState (FollowerState.java:run(106)) - c0e77ccd-2b09-4a23-a664-68073c461c61:group-9B5AAF70C598 changes to CANDIDATE, lastRpcTime:5092, electionTimeout:5090ms
2019-08-22 17:40:15,442 [Thread-323] INFO  impl.RoleInfo (RoleInfo.java:shutdownFollowerState(121)) - c0e77ccd-2b09-4a23-a664-68073c461c61: shutdown FollowerState
2019-08-22 17:40:15,442 [Thread-323] INFO  impl.RaftServerImpl (RaftServerImpl.java:setRole(171)) - c0e77ccd-2b09-4a23-a664-68073c461c61:group-9B5AAF70C598 changes role from FOLLOWER to CANDIDATE at term 1 for changeToCandidate
2019-08-22 17:40:15,442 [Thread-323] INFO  impl.RoleInfo (RoleInfo.java:updateAndGet(143)) - c0e77ccd-2b09-4a23-a664-68073c461c61: start LeaderElection
2019-08-22 17:40:15,451 [Thread-322] INFO  impl.FollowerState (FollowerState.java:run(106)) - 6b3b49b3-a706-4943-ae36-3fb349ffaff4:group-9B5AAF70C598 changes to CANDIDATE, lastRpcTime:5119, electionTimeout:5116ms
2019-08-22 17:40:15,453 [Thread-322] INFO  impl.RoleInfo (RoleInfo.java:shutdownFollowerState(121)) - 6b3b49b3-a706-4943-ae36-3fb349ffaff4: shutdown FollowerState
2019-08-22 17:40:15,453 [Thread-322] INFO  impl.RaftServerImpl (RaftServerImpl.java:setRole(171)) - 6b3b49b3-a706-4943-ae36-3fb349ffaff4:group-9B5AAF70C598 changes role from FOLLOWER to CANDIDATE at term 1 for changeToCandidate
2019-08-22 17:40:15,454 [Thread-322] INFO  impl.RoleInfo (RoleInfo.java:updateAndGet(143)) - 6b3b49b3-a706-4943-ae36-3fb349ffaff4: start LeaderElection
2019-08-22 17:40:15,458 [c0e77ccd-2b09-4a23-a664-68073c461c61:group-9B5AAF70C598:LeaderElection12] INFO  impl.LeaderElection (LeaderElection.java:askForVotes(181)) - c0e77ccd-2b09-4a23-a664-68073c461c61:group-9B5AAF70C598:LeaderElection12: begin an election at term 2 for -1: [c0e77ccd-2b09-4a23-a664-68073c461c61:192.168.5.173:40314, c2b5941d-b72d-41e9-8cce-67773fde2f8a:192.168.5.173:38036, 6b3b49b3-a706-4943-ae36-3fb349ffaff4:192.168.5.173:44578], old=null
2019-08-22 17:40:15,461 [6b3b49b3-a706-4943-ae36-3fb349ffaff4:group-9B5AAF70C598:LeaderElection13] INFO  impl.LeaderElection (LeaderElection.java:askForVotes(181)) - 6b3b49b3-a706-4943-ae36-3fb349ffaff4:group-9B5AAF70C598:LeaderElection13: begin an election at term 2 for -1: [c0e77ccd-2b09-4a23-a664-68073c461c61:192.168.5.173:40314, c2b5941d-b72d-41e9-8cce-67773fde2f8a:192.168.5.173:38036, 6b3b49b3-a706-4943-ae36-3fb349ffaff4:192.168.5.173:44578], old=null
2019-08-22 17:40:15,465 [grpc-default-executor-2] INFO  impl.RaftServerImpl (RaftServerImpl.java:setRole(171)) - c2b5941d-b72d-41e9-8cce-67773fde2f8a:group-9B5AAF70C598 changes role from FOLLOWER to FOLLOWER at term 2 for recognizeCandidate:c0e77ccd-2b09-4a23-a664-68073c461c61
2019-08-22 17:40:15,466 [grpc-default-executor-2] INFO  impl.RoleInfo (RoleInfo.java:shutdownFollowerState(121)) - c2b5941d-b72d-41e9-8cce-67773fde2f8a: shutdown FollowerState
2019-08-22 17:40:15,466 [grpc-default-executor-2] INFO  impl.RoleInfo (RoleInfo.java:updateAndGet(143)) - c2b5941d-b72d-41e9-8cce-67773fde2f8a: start FollowerState
2019-08-22 17:40:15,466 [Thread-321] INFO  impl.FollowerState (FollowerState.java:run(114)) - c2b5941d-b72d-41e9-8cce-67773fde2f8a: FollowerState was interrupted: java.lang.InterruptedException: sleep interrupted
2019-08-22 17:40:15,486 [6b3b49b3-a706-4943-ae36-3fb349ffaff4:group-9B5AAF70C598:LeaderElection13] INFO  impl.LeaderElection (LeaderElection.java:logAndReturn(56)) - 6b3b49b3-a706-4943-ae36-3fb349ffaff4:group-9B5AAF70C598:LeaderElection13: Election REJECTED; received 2 response(s) [6b3b49b3-a706-4943-ae36-3fb349ffaff4<-c0e77ccd-2b09-4a23-a664-68073c461c61#0:FAIL-t2, 6b3b49b3-a706-4943-ae36-3fb349ffaff4<-c2b5941d-b72d-41e9-8cce-67773fde2f8a#0:FAIL-t2] and 0 exception(s); 6b3b49b3-a706-4943-ae36-3fb349ffaff4:t2, leader=null, voted=6b3b49b3-a706-4943-ae36-3fb349ffaff4, raftlog=6b3b49b3-a706-4943-ae36-3fb349ffaff4-SegmentedRaftLog:OPENED:c-1,f-1,i0, conf=-1: [c0e77ccd-2b09-4a23-a664-68073c461c61:192.168.5.173:40314, c2b5941d-b72d-41e9-8cce-67773fde2f8a:192.168.5.173:38036, 6b3b49b3-a706-4943-ae36-3fb349ffaff4:192.168.5.173:44578], old=null
2019-08-22 17:40:15,486 [c0e77ccd-2b09-4a23-a664-68073c461c61:group-9B5AAF70C598:LeaderElection12] INFO  impl.LeaderElection (LeaderElection.java:logAndReturn(56)) - c0e77ccd-2b09-4a23-a664-68073c461c61:group-9B5AAF70C598:LeaderElection12: Election PASSED; received 2 response(s) [c0e77ccd-2b09-4a23-a664-68073c461c61<-c2b5941d-b72d-41e9-8cce-67773fde2f8a#0:OK-t2, c0e77ccd-2b09-4a23-a664-68073c461c61<-6b3b49b3-a706-4943-ae36-3fb349ffaff4#0:FAIL-t2] and 0 exception(s); c0e77ccd-2b09-4a23-a664-68073c461c61:t2, leader=null, voted=c0e77ccd-2b09-4a23-a664-68073c461c61, raftlog=c0e77ccd-2b09-4a23-a664-68073c461c61-SegmentedRaftLog:OPENED:c-1,f-1,i0, conf=-1: [c0e77ccd-2b09-4a23-a664-68073c461c61:192.168.5.173:40314, c2b5941d-b72d-41e9-8cce-67773fde2f8a:192.168.5.173:38036, 6b3b49b3-a706-4943-ae36-3fb349ffaff4:192.168.5.173:44578], old=null
2019-08-22 17:40:15,487 [6b3b49b3-a706-4943-ae36-3fb349ffaff4:group-9B5AAF70C598:LeaderElection13] INFO  impl.RaftServerImpl (RaftServerImpl.java:setRole(171)) - 6b3b49b3-a706-4943-ae36-3fb349ffaff4:group-9B5AAF70C598 changes role from CANDIDATE to FOLLOWER at term 2 for DISCOVERED_A_NEW_TERM
2019-08-22 17:40:15,507 [c0e77ccd-2b09-4a23-a664-68073c461c61:group-9B5AAF70C598:LeaderElection12] INFO  impl.RoleInfo (RoleInfo.java:shutdownLeaderElection(134)) - c0e77ccd-2b09-4a23-a664-68073c461c61: shutdown LeaderElection
2019-08-22 17:40:15,507 [6b3b49b3-a706-4943-ae36-3fb349ffaff4:group-9B5AAF70C598:LeaderElection13] INFO  impl.RoleInfo (RoleInfo.java:shutdownLeaderElection(134)) - 6b3b49b3-a706-4943-ae36-3fb349ffaff4: shutdown LeaderElection
2019-08-22 17:40:15,514 [c0e77ccd-2b09-4a23-a664-68073c461c61:group-9B5AAF70C598:LeaderElection12] INFO  impl.RaftServerImpl (RaftServerImpl.java:setRole(171)) - c0e77ccd-2b09-4a23-a664-68073c461c61:group-9B5AAF70C598 changes role from CANDIDATE to LEADER at term 2 for changeToLeader
2019-08-22 17:40:15,514 [c0e77ccd-2b09-4a23-a664-68073c461c61:group-9B5AAF70C598:LeaderElection12] INFO  impl.RaftServerImpl (ServerState.java:setLeader(263)) - c0e77ccd-2b09-4a23-a664-68073c461c61:group-9B5AAF70C598 change Leader from null to c0e77ccd-2b09-4a23-a664-68073c461c61 at term 2 for becomeLeader, leader elected after 10387ms
2019-08-22 17:40:15,515 [6b3b49b3-a706-4943-ae36-3fb349ffaff4:group-9B5AAF70C598:LeaderElection13] INFO  impl.RoleInfo (RoleInfo.java:updateAndGet(143)) - 6b3b49b3-a706-4943-ae36-3fb349ffaff4: start FollowerState
2019-08-22 17:40:15,515 [c0e77ccd-2b09-4a23-a664-68073c461c61:group-9B5AAF70C598:LeaderElection12] INFO  server.RaftServerConfigKeys (ConfUtils.java:logGet(43)) - raft.server.staging.catchup.gap = 1000 (default)
2019-08-22 17:40:15,515 [c0e77ccd-2b09-4a23-a664-68073c461c61:group-9B5AAF70C598:LeaderElection12] INFO  server.RaftServerConfigKeys (ConfUtils.java:logGet(43)) - raft.server.rpc.sleep.time = 25ms (default)
2019-08-22 17:40:15,516 [c0e77ccd-2b09-4a23-a664-68073c461c61:group-9B5AAF70C598:LeaderElection12] INFO  server.RaftServerConfigKeys (ConfUtils.java:logGet(43)) - raft.server.write.element-limit = 4096 (default)
2019-08-22 17:40:15,516 [c0e77ccd-2b09-4a23-a664-68073c461c61:group-9B5AAF70C598:LeaderElection12] INFO  server.RaftServerConfigKeys (ConfUtils.java:logGet(43)) - raft.server.watch.timeout = 10s (default)
2019-08-22 17:40:15,516 [c0e77ccd-2b09-4a23-a664-68073c461c61:group-9B5AAF70C598:LeaderElection12] INFO  server.RaftServerConfigKeys (ConfUtils.java:logGet(43)) - raft.server.watch.timeout.denomination = 1s (default)
2019-08-22 17:40:15,516 [c0e77ccd-2b09-4a23-a664-68073c461c61:group-9B5AAF70C598:LeaderElection12] INFO  server.RaftServerConfigKeys (ConfUtils.java:logGet(43)) - raft.server.watch.element-limit = 65536 (default)
2019-08-22 17:40:15,517 [c0e77ccd-2b09-4a23-a664-68073c461c61:group-9B5AAF70C598:LeaderElection12] INFO  server.RaftServerConfigKeys (ConfUtils.java:logGet(43)) - raft.server.log.appender.snapshot.chunk.size.max = 16MB (=16777216) (default)
2019-08-22 17:40:15,517 [c0e77ccd-2b09-4a23-a664-68073c461c61:group-9B5AAF70C598:LeaderElection12] INFO  server.RaftServerConfigKeys (ConfUtils.java:logGet(43)) - raft.server.log.appender.buffer.byte-limit = 33554432 (custom)
2019-08-22 17:40:15,518 [c0e77ccd-2b09-4a23-a664-68073c461c61:group-9B5AAF70C598:LeaderElection12] INFO  server.RaftServerConfigKeys (ConfUtils.java:logGet(43)) - raft.server.log.appender.buffer.element-limit = 1 (custom)
2019-08-22 17:40:15,518 [c0e77ccd-2b09-4a23-a664-68073c461c61:group-9B5AAF70C598:LeaderElection12] INFO  grpc.GrpcConfigKeys$Server (ConfUtils.java:logGet(43)) - raft.grpc.server.leader.outstanding.appends.max = 128 (default)
2019-08-22 17:40:15,518 [c0e77ccd-2b09-4a23-a664-68073c461c61:group-9B5AAF70C598:LeaderElection12] INFO  server.RaftServerConfigKeys (ConfUtils.java:logGet(43)) - raft.server.rpc.request.timeout = 3000ms (default)
2019-08-22 17:40:15,518 [c0e77ccd-2b09-4a23-a664-68073c461c61:group-9B5AAF70C598:LeaderElection12] INFO  server.RaftServerConfigKeys (ConfUtils.java:logGet(43)) - raft.server.log.appender.install.snapshot.enabled = false (custom)
2019-08-22 17:40:15,519 [c0e77ccd-2b09-4a23-a664-68073c461c61:group-9B5AAF70C598:LeaderElection12] INFO  server.RaftServerConfigKeys (ConfUtils.java:logGet(43)) - raft.server.log.appender.snapshot.chunk.size.max = 16MB (=16777216) (default)
2019-08-22 17:40:15,519 [c0e77ccd-2b09-4a23-a664-68073c461c61:group-9B5AAF70C598:LeaderElection12] INFO  server.RaftServerConfigKeys (ConfUtils.java:logGet(43)) - raft.server.log.appender.buffer.byte-limit = 33554432 (custom)
2019-08-22 17:40:15,519 [c0e77ccd-2b09-4a23-a664-68073c461c61:group-9B5AAF70C598:LeaderElection12] INFO  server.RaftServerConfigKeys (ConfUtils.java:logGet(43)) - raft.server.log.appender.buffer.element-limit = 1 (custom)
2019-08-22 17:40:15,519 [c0e77ccd-2b09-4a23-a664-68073c461c61:group-9B5AAF70C598:LeaderElection12] INFO  grpc.GrpcConfigKeys$Server (ConfUtils.java:logGet(43)) - raft.grpc.server.leader.outstanding.appends.max = 128 (default)
2019-08-22 17:40:15,519 [c0e77ccd-2b09-4a23-a664-68073c461c61:group-9B5AAF70C598:LeaderElection12] INFO  server.RaftServerConfigKeys (ConfUtils.java:logGet(43)) - raft.server.rpc.request.timeout = 3000ms (default)
2019-08-22 17:40:15,520 [c0e77ccd-2b09-4a23-a664-68073c461c61:group-9B5AAF70C598:LeaderElection12] INFO  server.RaftServerConfigKeys (ConfUtils.java:logGet(43)) - raft.server.log.appender.install.snapshot.enabled = false (custom)
2019-08-22 17:40:15,520 [c0e77ccd-2b09-4a23-a664-68073c461c61:group-9B5AAF70C598:LeaderElection12] INFO  impl.RoleInfo (RoleInfo.java:updateAndGet(143)) - c0e77ccd-2b09-4a23-a664-68073c461c61: start LeaderState
2019-08-22 17:40:15,520 [c0e77ccd-2b09-4a23-a664-68073c461c61:group-9B5AAF70C598:LeaderElection12] INFO  segmented.SegmentedRaftLogWorker (SegmentedRaftLogWorker.java:startLogSegment(380)) - c0e77ccd-2b09-4a23-a664-68073c461c61-SegmentedRaftLogWorker:Storage Directory /workdir/hadoop-ozone/integration-test/target/test-dir/MiniOzoneClusterImpl-c42309d1-0cec-4db9-9c35-8d22088a372f/datanode-3/data/ratis/80305de2-18de-4e0a-9cdc-9b5aaf70c598: Starting segment from index:0
2019-08-22 17:40:15,521 [c0e77ccd-2b09-4a23-a664-68073c461c61:group-9B5AAF70C598:LeaderElection12] INFO  impl.RaftServerImpl (ServerState.java:setRaftConf(361)) - c0e77ccd-2b09-4a23-a664-68073c461c61:group-9B5AAF70C598 set configuration 0: [c0e77ccd-2b09-4a23-a664-68073c461c61:192.168.5.173:40314, c2b5941d-b72d-41e9-8cce-67773fde2f8a:192.168.5.173:38036, 6b3b49b3-a706-4943-ae36-3fb349ffaff4:192.168.5.173:44578], old=null at 0
2019-08-22 17:40:15,524 [grpc-default-executor-2] INFO  impl.RaftServerImpl (ServerState.java:setLeader(263)) - c2b5941d-b72d-41e9-8cce-67773fde2f8a:group-9B5AAF70C598 change Leader from null to c0e77ccd-2b09-4a23-a664-68073c461c61 at term 2 for appendEntries, leader elected after 10397ms
2019-08-22 17:40:15,524 [grpc-default-executor-3] INFO  impl.RaftServerImpl (ServerState.java:setLeader(263)) - 6b3b49b3-a706-4943-ae36-3fb349ffaff4:group-9B5AAF70C598 change Leader from null to c0e77ccd-2b09-4a23-a664-68073c461c61 at term 2 for appendEntries, leader elected after 10397ms
2019-08-22 17:40:15,528 [grpc-default-executor-3] INFO  impl.RaftServerImpl (ServerState.java:setRaftConf(361)) - c2b5941d-b72d-41e9-8cce-67773fde2f8a:group-9B5AAF70C598 set configuration 0: [c0e77ccd-2b09-4a23-a664-68073c461c61:192.168.5.173:40314, c2b5941d-b72d-41e9-8cce-67773fde2f8a:192.168.5.173:38036, 6b3b49b3-a706-4943-ae36-3fb349ffaff4:192.168.5.173:44578], old=null at 0
2019-08-22 17:40:15,529 [grpc-default-executor-3] INFO  segmented.SegmentedRaftLogWorker (SegmentedRaftLogWorker.java:startLogSegment(380)) - c2b5941d-b72d-41e9-8cce-67773fde2f8a-SegmentedRaftLogWorker:Storage Directory /workdir/hadoop-ozone/integration-test/target/test-dir/MiniOzoneClusterImpl-c42309d1-0cec-4db9-9c35-8d22088a372f/datanode-0/data/ratis/80305de2-18de-4e0a-9cdc-9b5aaf70c598: Starting segment from index:0
2019-08-22 17:40:15,529 [grpc-default-executor-2] INFO  impl.RaftServerImpl (ServerState.java:setRaftConf(361)) - 6b3b49b3-a706-4943-ae36-3fb349ffaff4:group-9B5AAF70C598 set configuration 0: [c0e77ccd-2b09-4a23-a664-68073c461c61:192.168.5.173:40314, c2b5941d-b72d-41e9-8cce-67773fde2f8a:192.168.5.173:38036, 6b3b49b3-a706-4943-ae36-3fb349ffaff4:192.168.5.173:44578], old=null at 0
2019-08-22 17:40:15,529 [grpc-default-executor-2] INFO  segmented.SegmentedRaftLogWorker (SegmentedRaftLogWorker.java:startLogSegment(380)) - 6b3b49b3-a706-4943-ae36-3fb349ffaff4-SegmentedRaftLogWorker:Storage Directory /workdir/hadoop-ozone/integration-test/target/test-dir/MiniOzoneClusterImpl-c42309d1-0cec-4db9-9c35-8d22088a372f/datanode-1/data/ratis/80305de2-18de-4e0a-9cdc-9b5aaf70c598: Starting segment from index:0
2019-08-22 17:40:15,575 [c0e77ccd-2b09-4a23-a664-68073c461c61-SegmentedRaftLogWorker:Storage Directory /workdir/hadoop-ozone/integration-test/target/test-dir/MiniOzoneClusterImpl-c42309d1-0cec-4db9-9c35-8d22088a372f/datanode-3/data/ratis/80305de2-18de-4e0a-9cdc-9b5aaf70c598] INFO  segmented.SegmentedRaftLogWorker (SegmentedRaftLogWorker.java:execute(569)) - c0e77ccd-2b09-4a23-a664-68073c461c61-SegmentedRaftLogWorker:Storage Directory /workdir/hadoop-ozone/integration-test/target/test-dir/MiniOzoneClusterImpl-c42309d1-0cec-4db9-9c35-8d22088a372f/datanode-3/data/ratis/80305de2-18de-4e0a-9cdc-9b5aaf70c598: created new log segment /workdir/hadoop-ozone/integration-test/target/test-dir/MiniOzoneClusterImpl-c42309d1-0cec-4db9-9c35-8d22088a372f/datanode-3/data/ratis/80305de2-18de-4e0a-9cdc-9b5aaf70c598/current/log_inprogress_0
2019-08-22 17:40:15,579 [c2b5941d-b72d-41e9-8cce-67773fde2f8a-SegmentedRaftLogWorker:Storage Directory /workdir/hadoop-ozone/integration-test/target/test-dir/MiniOzoneClusterImpl-c42309d1-0cec-4db9-9c35-8d22088a372f/datanode-0/data/ratis/80305de2-18de-4e0a-9cdc-9b5aaf70c598] INFO  segmented.SegmentedRaftLogWorker (SegmentedRaftLogWorker.java:execute(569)) - c2b5941d-b72d-41e9-8cce-67773fde2f8a-SegmentedRaftLogWorker:Storage Directory /workdir/hadoop-ozone/integration-test/target/test-dir/MiniOzoneClusterImpl-c42309d1-0cec-4db9-9c35-8d22088a372f/datanode-0/data/ratis/80305de2-18de-4e0a-9cdc-9b5aaf70c598: created new log segment /workdir/hadoop-ozone/integration-test/target/test-dir/MiniOzoneClusterImpl-c42309d1-0cec-4db9-9c35-8d22088a372f/datanode-0/data/ratis/80305de2-18de-4e0a-9cdc-9b5aaf70c598/current/log_inprogress_0
2019-08-22 17:40:15,579 [6b3b49b3-a706-4943-ae36-3fb349ffaff4-SegmentedRaftLogWorker:Storage Directory /workdir/hadoop-ozone/integration-test/target/test-dir/MiniOzoneClusterImpl-c42309d1-0cec-4db9-9c35-8d22088a372f/datanode-1/data/ratis/80305de2-18de-4e0a-9cdc-9b5aaf70c598] INFO  segmented.SegmentedRaftLogWorker (SegmentedRaftLogWorker.java:execute(569)) - 6b3b49b3-a706-4943-ae36-3fb349ffaff4-SegmentedRaftLogWorker:Storage Directory /workdir/hadoop-ozone/integration-test/target/test-dir/MiniOzoneClusterImpl-c42309d1-0cec-4db9-9c35-8d22088a372f/datanode-1/data/ratis/80305de2-18de-4e0a-9cdc-9b5aaf70c598: created new log segment /workdir/hadoop-ozone/integration-test/target/test-dir/MiniOzoneClusterImpl-c42309d1-0cec-4db9-9c35-8d22088a372f/datanode-1/data/ratis/80305de2-18de-4e0a-9cdc-9b5aaf70c598/current/log_inprogress_0
2019-08-22 17:40:15,580 | INFO  | SCMAudit | user=jenkins1000 | ip=192.168.5.173 | op=SEND_HEARTBEAT {datanodeUUID=f13cbeb3-1638-40ca-a674-1282dfb13b44, command=[]} | ret=SUCCESS |  
2019-08-22 17:40:15,764 | INFO  | DNAudit | user=null | ip=null | op=WRITE_CHUNK {blockData=conID: 2 locID: 102661856529154050 bcsId: 0} | ret=SUCCESS |  
2019-08-22 17:40:15,769 | INFO  | DNAudit | user=null | ip=null | op=WRITE_CHUNK {blockData=conID: 2 locID: 102661856529154050 bcsId: 0} | ret=SUCCESS |  
2019-08-22 17:40:15,769 | INFO  | DNAudit | user=null | ip=null | op=WRITE_CHUNK {blockData=conID: 2 locID: 102661856529154050 bcsId: 0} | ret=SUCCESS |  
2019-08-22 17:40:15,770 | INFO  | SCMAudit | user=jenkins1000 | ip=192.168.5.173 | op=SEND_HEARTBEAT {datanodeUUID=c0e77ccd-2b09-4a23-a664-68073c461c61, command=[]} | ret=SUCCESS |  
2019-08-22 17:40:15,770 | INFO  | SCMAudit | user=jenkins1000 | ip=192.168.5.173 | op=SEND_HEARTBEAT {datanodeUUID=c2b5941d-b72d-41e9-8cce-67773fde2f8a, command=[]} | ret=SUCCESS |  
2019-08-22 17:40:15,770 | INFO  | SCMAudit | user=jenkins1000 | ip=192.168.5.173 | op=SEND_HEARTBEAT {datanodeUUID=6b3b49b3-a706-4943-ae36-3fb349ffaff4, command=[]} | ret=SUCCESS |  
2019-08-22 17:40:15,787 | INFO  | DNAudit | user=null | ip=null | op=WRITE_CHUNK {blockData=conID: 2 locID: 102661856529154050 bcsId: 0} | ret=SUCCESS |  
2019-08-22 17:40:15,797 [grpc-default-executor-2] INFO  client.GrpcClientProtocolClient (GrpcClientProtocolClient.java:onNext(255)) - client-3FD810BAED21->c0e77ccd-2b09-4a23-a664-68073c461c61: receive RaftClientReply:client-3FD810BAED21->c0e77ccd-2b09-4a23-a664-68073c461c61@group-9B5AAF70C598, cid=23, SUCCESS, logIndex=1, commits[c0e77ccd-2b09-4a23-a664-68073c461c61:c1, c2b5941d-b72d-41e9-8cce-67773fde2f8a:c0, 6b3b49b3-a706-4943-ae36-3fb349ffaff4:c0]
2019-08-22 17:40:15,806 | INFO  | DNAudit | user=null | ip=null | op=WRITE_CHUNK {blockData=conID: 2 locID: 102661856529154050 bcsId: 0} | ret=SUCCESS |  
2019-08-22 17:40:15,806 | INFO  | DNAudit | user=null | ip=null | op=WRITE_CHUNK {blockData=conID: 2 locID: 102661856529154050 bcsId: 0} | ret=SUCCESS |  
2019-08-22 17:40:15,888 | INFO  | DNAudit | user=null | ip=null | op=PUT_BLOCK {blockData=[blockId=conID: 2 locID: 102661856529154050 bcsId: 0,size=50]} | ret=SUCCESS |  
2019-08-22 17:40:15,900 [grpc-default-executor-2] INFO  client.GrpcClientProtocolClient (GrpcClientProtocolClient.java:onNext(255)) - client-3FD810BAED21->c0e77ccd-2b09-4a23-a664-68073c461c61: receive RaftClientReply:client-3FD810BAED21->c0e77ccd-2b09-4a23-a664-68073c461c61@group-9B5AAF70C598, cid=24, SUCCESS, logIndex=3, commits[c0e77ccd-2b09-4a23-a664-68073c461c61:c4, c2b5941d-b72d-41e9-8cce-67773fde2f8a:c3, 6b3b49b3-a706-4943-ae36-3fb349ffaff4:c3]
2019-08-22 17:40:15,902 [main] INFO  ozone.MiniOzoneClusterImpl (MiniOzoneClusterImpl.java:shutdown(321)) - Shutting down the Mini Ozone Cluster
2019-08-22 17:40:15,903 | INFO  | SCMAudit | user=null | ip=null | op=GET_SCM_INFO null | ret=SUCCESS |  
2019-08-22 17:40:15,903 [main] INFO  ozone.MiniOzoneClusterImpl (MiniOzoneClusterImpl.java:stop(336)) - Stopping the Mini Ozone Cluster
2019-08-22 17:40:15,904 [main] INFO  ozone.MiniOzoneClusterImpl (MiniOzoneClusterImpl.java:stop(338)) - Stopping the OzoneManager
2019-08-22 17:40:15,904 [main] INFO  ipc.Server (Server.java:stop(3082)) - Stopping server on 40774
2019-08-22 17:40:15,933 [IPC Server listener on 40774] INFO  ipc.Server (Server.java:run(1185)) - Stopping IPC Server listener on 40774
2019-08-22 17:40:15,933 [main] INFO  ratis.OzoneManagerDoubleBuffer (OzoneManagerDoubleBuffer.java:stop(248)) - Stopping OMDoubleBuffer flush thread
2019-08-22 17:40:15,956 [IPC Server Responder] INFO  ipc.Server (Server.java:run(1319)) - Stopping IPC Server Responder
2019-08-22 17:40:15,957 [OMDoubleBufferFlushThread] INFO  ratis.OzoneManagerDoubleBuffer (OzoneManagerDoubleBuffer.java:flushTransactions(191)) - OMDoubleBuffer flush thread OMDoubleBufferFlushThread is interrupted and will exit. OMDoubleBufferFlushThread
2019-08-22 17:40:15,959 | INFO  | DNAudit | user=null | ip=null | op=PUT_BLOCK {blockData=[blockId=conID: 2 locID: 102661856529154050 bcsId: 0,size=50]} | ret=SUCCESS |  
2019-08-22 17:40:15,960 [main] INFO  utils.BackgroundService (BackgroundService.java:shutdown(148)) - Shutting down service KeyDeletingService
2019-08-22 17:40:15,966 [main] INFO  handler.ContextHandler (ContextHandler.java:doStop(910)) - Stopped o.e.j.w.WebAppContext@432034a{/,null,UNAVAILABLE}{/ozoneManager}
2019-08-22 17:40:15,970 | INFO  | DNAudit | user=null | ip=null | op=PUT_BLOCK {blockData=[blockId=conID: 2 locID: 102661856529154050 bcsId: 0,size=50]} | ret=SUCCESS |  
2019-08-22 17:40:15,974 [main] INFO  server.AbstractConnector (AbstractConnector.java:doStop(318)) - Stopped ServerConnector@78de58ea{HTTP/1.1,[http/1.1]}{0.0.0.0:0}
2019-08-22 17:40:15,975 [main] INFO  handler.ContextHandler (ContextHandler.java:doStop(910)) - Stopped o.e.j.s.ServletContextHandler@7fab4be7{/static,file:///workdir/hadoop-ozone/integration-test/target/test-classes/webapps/static,UNAVAILABLE}
2019-08-22 17:40:15,975 [main] INFO  handler.ContextHandler (ContextHandler.java:doStop(910)) - Stopped o.e.j.s.ServletContextHandler@15fa55a6{/logs,file:///workdir/hadoop-ozone/integration-test/target/log,UNAVAILABLE}
2019-08-22 17:40:15,982 [main] INFO  ozone.MiniOzoneClusterImpl (MiniOzoneClusterImpl.java:stop(344)) - Shutting the HddsDatanodes
2019-08-22 17:40:15,983 [main] INFO  datanode.ObjectStoreHandler (ObjectStoreHandler.java:close(155)) - Closing ObjectStoreHandler.
2019-08-22 17:40:15,983 [ForkJoinPool.commonPool-worker-1] INFO  datanode.ObjectStoreHandler (ObjectStoreHandler.java:close(155)) - Closing ObjectStoreHandler.
2019-08-22 17:40:15,990 [main] INFO  ozone.HddsDatanodeService (HddsDatanodeService.java:stop(451)) - Stopped plug-in org.apache.hadoop.ozone.web.OzoneHddsDatanodeService@46612bfc
2019-08-22 17:40:15,990 [ForkJoinPool.commonPool-worker-1] INFO  ozone.HddsDatanodeService (HddsDatanodeService.java:stop(451)) - Stopped plug-in org.apache.hadoop.ozone.web.OzoneHddsDatanodeService@46a123e4
2019-08-22 17:40:16,090 [Datanode State Machine Thread - 0] INFO  statemachine.DatanodeStateMachine (DatanodeStateMachine.java:lambda$startDaemon$0(350)) - Ozone container server started.
2019-08-22 17:40:16,183 | INFO  | SCMAudit | user=jenkins1000 | ip=192.168.5.173 | op=SEND_HEARTBEAT {datanodeUUID=3d7b10ec-55d3-4b38-809c-43b59ae8e43b, command=[]} | ret=SUCCESS |  
2019-08-22 17:40:16,184 | INFO  | SCMAudit | user=jenkins1000 | ip=192.168.5.173 | op=SEND_HEARTBEAT {datanodeUUID=431e9d5c-189d-4913-bc0e-bcdfa34a8a0c, command=[]} | ret=SUCCESS |  
2019-08-22 17:40:16,579 | INFO  | SCMAudit | user=jenkins1000 | ip=192.168.5.173 | op=SEND_HEARTBEAT {datanodeUUID=f13cbeb3-1638-40ca-a674-1282dfb13b44, command=[]} | ret=SUCCESS |  
2019-08-22 17:40:16,762 [Datanode State Machine Thread - 0] INFO  statemachine.DatanodeStateMachine (DatanodeStateMachine.java:lambda$startDaemon$0(350)) - Ozone container server started.
2019-08-22 17:40:16,766 | INFO  | SCMAudit | user=jenkins1000 | ip=192.168.5.173 | op=SEND_HEARTBEAT {datanodeUUID=c0e77ccd-2b09-4a23-a664-68073c461c61, command=[]} | ret=SUCCESS |  
2019-08-22 17:40:16,766 | INFO  | SCMAudit | user=jenkins1000 | ip=192.168.5.173 | op=SEND_HEARTBEAT {datanodeUUID=c2b5941d-b72d-41e9-8cce-67773fde2f8a, command=[]} | ret=SUCCESS |  
2019-08-22 17:40:17,184 | INFO  | SCMAudit | user=jenkins1000 | ip=192.168.5.173 | op=SEND_HEARTBEAT {datanodeUUID=431e9d5c-189d-4913-bc0e-bcdfa34a8a0c, command=[]} | ret=SUCCESS |  
2019-08-22 17:40:17,184 | INFO  | SCMAudit | user=jenkins1000 | ip=192.168.5.173 | op=SEND_HEARTBEAT {datanodeUUID=3d7b10ec-55d3-4b38-809c-43b59ae8e43b, command=[]} | ret=SUCCESS |  
2019-08-22 17:40:17,580 | INFO  | SCMAudit | user=jenkins1000 | ip=192.168.5.173 | op=SEND_HEARTBEAT {datanodeUUID=f13cbeb3-1638-40ca-a674-1282dfb13b44, command=[]} | ret=SUCCESS |  
2019-08-22 17:40:17,763 | INFO  | SCMAudit | user=jenkins1000 | ip=192.168.5.173 | op=SEND_HEARTBEAT {datanodeUUID=c2b5941d-b72d-41e9-8cce-67773fde2f8a, command=[]} | ret=SUCCESS |  
2019-08-22 17:40:17,763 | INFO  | SCMAudit | user=jenkins1000 | ip=192.168.5.173 | op=SEND_HEARTBEAT {datanodeUUID=c0e77ccd-2b09-4a23-a664-68073c461c61, command=[]} | ret=SUCCESS |  
2019-08-22 17:40:18,183 | INFO  | SCMAudit | user=jenkins1000 | ip=192.168.5.173 | op=SEND_HEARTBEAT {datanodeUUID=431e9d5c-189d-4913-bc0e-bcdfa34a8a0c, command=[]} | ret=SUCCESS |  
2019-08-22 17:40:18,183 | INFO  | SCMAudit | user=jenkins1000 | ip=192.168.5.173 | op=SEND_HEARTBEAT {datanodeUUID=3d7b10ec-55d3-4b38-809c-43b59ae8e43b, command=[]} | ret=SUCCESS |  
2019-08-22 17:40:18,579 | INFO  | SCMAudit | user=jenkins1000 | ip=192.168.5.173 | op=SEND_HEARTBEAT {datanodeUUID=f13cbeb3-1638-40ca-a674-1282dfb13b44, command=[]} | ret=SUCCESS |  
2019-08-22 17:40:18,763 | INFO  | SCMAudit | user=jenkins1000 | ip=192.168.5.173 | op=SEND_HEARTBEAT {datanodeUUID=c2b5941d-b72d-41e9-8cce-67773fde2f8a, command=[]} | ret=SUCCESS |  
2019-08-22 17:40:18,763 | INFO  | SCMAudit | user=jenkins1000 | ip=192.168.5.173 | op=SEND_HEARTBEAT {datanodeUUID=c0e77ccd-2b09-4a23-a664-68073c461c61, command=[]} | ret=SUCCESS |  
2019-08-22 17:40:19,183 | INFO  | SCMAudit | user=jenkins1000 | ip=192.168.5.173 | op=SEND_HEARTBEAT {datanodeUUID=3d7b10ec-55d3-4b38-809c-43b59ae8e43b, command=[]} | ret=SUCCESS |  
2019-08-22 17:40:19,183 | INFO  | SCMAudit | user=jenkins1000 | ip=192.168.5.173 | op=SEND_HEARTBEAT {datanodeUUID=431e9d5c-189d-4913-bc0e-bcdfa34a8a0c, command=[]} | ret=SUCCESS |  
2019-08-22 17:40:19,580 | INFO  | SCMAudit | user=jenkins1000 | ip=192.168.5.173 | op=SEND_HEARTBEAT {datanodeUUID=f13cbeb3-1638-40ca-a674-1282dfb13b44, command=[]} | ret=SUCCESS |  
2019-08-22 17:40:19,764 | INFO  | SCMAudit | user=jenkins1000 | ip=192.168.5.173 | op=SEND_HEARTBEAT {datanodeUUID=c2b5941d-b72d-41e9-8cce-67773fde2f8a, command=[]} | ret=SUCCESS |  
2019-08-22 17:40:19,764 | INFO  | SCMAudit | user=jenkins1000 | ip=192.168.5.173 | op=SEND_HEARTBEAT {datanodeUUID=c0e77ccd-2b09-4a23-a664-68073c461c61, command=[]} | ret=SUCCESS |  
2019-08-22 17:40:20,184 | INFO  | SCMAudit | user=jenkins1000 | ip=192.168.5.173 | op=SEND_HEARTBEAT {datanodeUUID=3d7b10ec-55d3-4b38-809c-43b59ae8e43b, command=[]} | ret=SUCCESS |  
2019-08-22 17:40:20,184 | INFO  | SCMAudit | user=jenkins1000 | ip=192.168.5.173 | op=SEND_HEARTBEAT {datanodeUUID=431e9d5c-189d-4913-bc0e-bcdfa34a8a0c, command=[]} | ret=SUCCESS |  
2019-08-22 17:40:20,188 [EventQueue-StaleNodeForStaleNodeHandler] INFO  node.StaleNodeHandler (StaleNodeHandler.java:onMessage(58)) - Datanode a1f47dd0-84e3-4d6e-b4c6-03c6939721b7{ip: 192.168.5.173, host: pr-hdds-1808-4dtdn-3774871440, networkLocation: /default-rack, certSerialId: null} moved to stale state. Finalizing its pipelines [PipelineID=592b2e34-5e76-4acf-817a-c4c40369ed55, PipelineID=141ef79f-defb-43bf-b7a0-6ce9e0def40b]
2019-08-22 17:40:20,188 [EventQueue-StaleNodeForStaleNodeHandler] INFO  pipeline.SCMPipelineManager (SCMPipelineManager.java:finalizeAndDestroyPipeline(309)) - destroying pipeline:Pipeline[ Id: 592b2e34-5e76-4acf-817a-c4c40369ed55, Nodes: 3d7b10ec-55d3-4b38-809c-43b59ae8e43b{ip: 192.168.5.173, host: pr-hdds-1808-4dtdn-3774871440, networkLocation: /default-rack, certSerialId: null}a1f47dd0-84e3-4d6e-b4c6-03c6939721b7{ip: 192.168.5.173, host: pr-hdds-1808-4dtdn-3774871440, networkLocation: /default-rack, certSerialId: null}431e9d5c-189d-4913-bc0e-bcdfa34a8a0c{ip: 192.168.5.173, host: pr-hdds-1808-4dtdn-3774871440, networkLocation: /default-rack, certSerialId: null}, Type:RATIS, Factor:THREE, State:OPEN]
2019-08-22 17:40:20,190 [EventQueue-StaleNodeForStaleNodeHandler] INFO  pipeline.PipelineStateManager (PipelineStateManager.java:finalizePipeline(123)) - Pipeline Pipeline[ Id: 592b2e34-5e76-4acf-817a-c4c40369ed55, Nodes: 3d7b10ec-55d3-4b38-809c-43b59ae8e43b{ip: 192.168.5.173, host: pr-hdds-1808-4dtdn-3774871440, networkLocation: /default-rack, certSerialId: null}a1f47dd0-84e3-4d6e-b4c6-03c6939721b7{ip: 192.168.5.173, host: pr-hdds-1808-4dtdn-3774871440, networkLocation: /default-rack, certSerialId: null}431e9d5c-189d-4913-bc0e-bcdfa34a8a0c{ip: 192.168.5.173, host: pr-hdds-1808-4dtdn-3774871440, networkLocation: /default-rack, certSerialId: null}, Type:RATIS, Factor:THREE, State:CLOSED] moved to CLOSED state
2019-08-22 17:40:20,190 [EventQueue-CloseContainerForCloseContainerEventHandler] INFO  container.CloseContainerEventHandler (CloseContainerEventHandler.java:onMessage(61)) - Close container Event triggered for container : #1
2019-08-22 17:40:20,192 [EventQueue-StaleNodeForStaleNodeHandler] INFO  pipeline.SCMPipelineManager (SCMPipelineManager.java:finalizeAndDestroyPipeline(309)) - destroying pipeline:Pipeline[ Id: 141ef79f-defb-43bf-b7a0-6ce9e0def40b, Nodes: a1f47dd0-84e3-4d6e-b4c6-03c6939721b7{ip: 192.168.5.173, host: pr-hdds-1808-4dtdn-3774871440, networkLocation: /default-rack, certSerialId: null}, Type:RATIS, Factor:ONE, State:OPEN]
2019-08-22 17:40:20,192 [EventQueue-StaleNodeForStaleNodeHandler] INFO  pipeline.PipelineStateManager (PipelineStateManager.java:finalizePipeline(123)) - Pipeline Pipeline[ Id: 141ef79f-defb-43bf-b7a0-6ce9e0def40b, Nodes: a1f47dd0-84e3-4d6e-b4c6-03c6939721b7{ip: 192.168.5.173, host: pr-hdds-1808-4dtdn-3774871440, networkLocation: /default-rack, certSerialId: null}, Type:RATIS, Factor:ONE, State:CLOSED] moved to CLOSED state
2019-08-22 17:40:20,580 | INFO  | SCMAudit | user=jenkins1000 | ip=192.168.5.173 | op=SEND_HEARTBEAT {datanodeUUID=f13cbeb3-1638-40ca-a674-1282dfb13b44, command=[]} | ret=SUCCESS |  
2019-08-22 17:40:20,764 | INFO  | SCMAudit | user=jenkins1000 | ip=192.168.5.173 | op=SEND_HEARTBEAT {datanodeUUID=c2b5941d-b72d-41e9-8cce-67773fde2f8a, command=[]} | ret=SUCCESS |  
2019-08-22 17:40:20,764 | INFO  | SCMAudit | user=jenkins1000 | ip=192.168.5.173 | op=SEND_HEARTBEAT {datanodeUUID=c0e77ccd-2b09-4a23-a664-68073c461c61, command=[]} | ret=SUCCESS |  
2019-08-22 17:40:20,789 [EventQueue-StaleNodeForStaleNodeHandler] INFO  node.StaleNodeHandler (StaleNodeHandler.java:onMessage(58)) - Datanode 6b3b49b3-a706-4943-ae36-3fb349ffaff4{ip: 192.168.5.173, host: pr-hdds-1808-4dtdn-3774871440, networkLocation: /default-rack, certSerialId: null} moved to stale state. Finalizing its pipelines [PipelineID=80305de2-18de-4e0a-9cdc-9b5aaf70c598, PipelineID=3c4311af-bab3-49fe-942b-0870c57686f2]
2019-08-22 17:40:20,789 [EventQueue-StaleNodeForStaleNodeHandler] INFO  pipeline.SCMPipelineManager (SCMPipelineManager.java:finalizeAndDestroyPipeline(309)) - destroying pipeline:Pipeline[ Id: 80305de2-18de-4e0a-9cdc-9b5aaf70c598, Nodes: c2b5941d-b72d-41e9-8cce-67773fde2f8a{ip: 192.168.5.173, host: pr-hdds-1808-4dtdn-3774871440, networkLocation: /default-rack, certSerialId: null}6b3b49b3-a706-4943-ae36-3fb349ffaff4{ip: 192.168.5.173, host: pr-hdds-1808-4dtdn-3774871440, networkLocation: /default-rack, certSerialId: null}c0e77ccd-2b09-4a23-a664-68073c461c61{ip: 192.168.5.173, host: pr-hdds-1808-4dtdn-3774871440, networkLocation: /default-rack, certSerialId: null}, Type:RATIS, Factor:THREE, State:OPEN]
2019-08-22 17:40:20,789 [EventQueue-StaleNodeForStaleNodeHandler] INFO  pipeline.PipelineStateManager (PipelineStateManager.java:finalizePipeline(123)) - Pipeline Pipeline[ Id: 80305de2-18de-4e0a-9cdc-9b5aaf70c598, Nodes: c2b5941d-b72d-41e9-8cce-67773fde2f8a{ip: 192.168.5.173, host: pr-hdds-1808-4dtdn-3774871440, networkLocation: /default-rack, certSerialId: null}6b3b49b3-a706-4943-ae36-3fb349ffaff4{ip: 192.168.5.173, host: pr-hdds-1808-4dtdn-3774871440, networkLocation: /default-rack, certSerialId: null}c0e77ccd-2b09-4a23-a664-68073c461c61{ip: 192.168.5.173, host: pr-hdds-1808-4dtdn-3774871440, networkLocation: /default-rack, certSerialId: null}, Type:RATIS, Factor:THREE, State:CLOSED] moved to CLOSED state
2019-08-22 17:40:20,790 [EventQueue-CloseContainerForCloseContainerEventHandler] INFO  container.CloseContainerEventHandler (CloseContainerEventHandler.java:onMessage(61)) - Close container Event triggered for container : #2
2019-08-22 17:40:20,790 [EventQueue-StaleNodeForStaleNodeHandler] INFO  pipeline.SCMPipelineManager (SCMPipelineManager.java:finalizeAndDestroyPipeline(309)) - destroying pipeline:Pipeline[ Id: 3c4311af-bab3-49fe-942b-0870c57686f2, Nodes: 6b3b49b3-a706-4943-ae36-3fb349ffaff4{ip: 192.168.5.173, host: pr-hdds-1808-4dtdn-3774871440, networkLocation: /default-rack, certSerialId: null}, Type:RATIS, Factor:ONE, State:OPEN]
2019-08-22 17:40:20,790 [EventQueue-StaleNodeForStaleNodeHandler] INFO  pipeline.PipelineStateManager (PipelineStateManager.java:finalizePipeline(123)) - Pipeline Pipeline[ Id: 3c4311af-bab3-49fe-942b-0870c57686f2, Nodes: 6b3b49b3-a706-4943-ae36-3fb349ffaff4{ip: 192.168.5.173, host: pr-hdds-1808-4dtdn-3774871440, networkLocation: /default-rack, certSerialId: null}, Type:RATIS, Factor:ONE, State:CLOSED] moved to CLOSED state
2019-08-22 17:40:20,995 [ForkJoinPool.commonPool-worker-1] INFO  ozoneimpl.OzoneContainer (OzoneContainer.java:stop(199)) - Attempting to stop container services.
2019-08-22 17:40:20,995 [main] INFO  ozoneimpl.OzoneContainer (OzoneContainer.java:stop(199)) - Attempting to stop container services.
2019-08-22 17:40:20,996 [ForkJoinPool.commonPool-worker-1] INFO  impl.RaftServerProxy (RaftServerProxy.java:lambda$close$4(314)) - 6b3b49b3-a706-4943-ae36-3fb349ffaff4: close
2019-08-22 17:40:20,996 [main] INFO  impl.RaftServerProxy (RaftServerProxy.java:lambda$close$4(314)) - a1f47dd0-84e3-4d6e-b4c6-03c6939721b7: close
2019-08-22 17:40:20,999 [main] INFO  impl.RaftServerImpl (RaftServerImpl.java:lambda$shutdown$3(245)) - a1f47dd0-84e3-4d6e-b4c6-03c6939721b7: shutdown group-C4C40369ED55
2019-08-22 17:40:20,999 [ForkJoinPool.commonPool-worker-1] INFO  impl.RaftServerImpl (RaftServerImpl.java:lambda$shutdown$3(245)) - 6b3b49b3-a706-4943-ae36-3fb349ffaff4: shutdown group-9B5AAF70C598
2019-08-22 17:40:20,999 [main] INFO  util.JmxRegister (JmxRegister.java:unregister(73)) - Successfully un-registered JMX Bean with object name Ratis:service=RaftServer,group=group-C4C40369ED55,id=a1f47dd0-84e3-4d6e-b4c6-03c6939721b7
2019-08-22 17:40:21,000 [ForkJoinPool.commonPool-worker-1] INFO  util.JmxRegister (JmxRegister.java:unregister(73)) - Successfully un-registered JMX Bean with object name Ratis:service=RaftServer,group=group-9B5AAF70C598,id=6b3b49b3-a706-4943-ae36-3fb349ffaff4
2019-08-22 17:40:21,000 [main] INFO  impl.RoleInfo (RoleInfo.java:shutdownLeaderState(104)) - a1f47dd0-84e3-4d6e-b4c6-03c6939721b7: shutdown LeaderState
2019-08-22 17:40:21,000 [ForkJoinPool.commonPool-worker-1] INFO  impl.RoleInfo (RoleInfo.java:shutdownFollowerState(121)) - 6b3b49b3-a706-4943-ae36-3fb349ffaff4: shutdown FollowerState
2019-08-22 17:40:21,008 [Thread-412] INFO  impl.FollowerState (FollowerState.java:run(114)) - 6b3b49b3-a706-4943-ae36-3fb349ffaff4: FollowerState was interrupted: java.lang.InterruptedException: sleep interrupted
2019-08-22 17:40:21,008 [org.apache.ratis.server.impl.LogAppender$AppenderDaemon$$Lambda$482/463698091@74c6a2b1] WARN  server.GrpcLogAppender (GrpcLogAppender.java:mayWait(143)) - GrpcLogAppender(a1f47dd0-84e3-4d6e-b4c6-03c6939721b7->3d7b10ec-55d3-4b38-809c-43b59ae8e43b): Wait interrupted by java.lang.InterruptedException
2019-08-22 17:40:21,008 [org.apache.ratis.server.impl.LogAppender$AppenderDaemon$$Lambda$482/463698091@25612dc0] WARN  server.GrpcLogAppender (GrpcLogAppender.java:mayWait(143)) - GrpcLogAppender(a1f47dd0-84e3-4d6e-b4c6-03c6939721b7->431e9d5c-189d-4913-bc0e-bcdfa34a8a0c): Wait interrupted by java.lang.InterruptedException
2019-08-22 17:40:21,008 [ForkJoinPool.commonPool-worker-1] INFO  impl.StateMachineUpdater (StateMachineUpdater.java:stopAndJoin(115)) - StateMachineUpdater:6b3b49b3-a706-4943-ae36-3fb349ffaff4:group-9B5AAF70C598: set stopIndex = 4
2019-08-22 17:40:21,010 [StateMachineUpdater:6b3b49b3-a706-4943-ae36-3fb349ffaff4:group-9B5AAF70C598] INFO  ratis.ContainerStateMachine (ContainerStateMachine.java:takeSnapshot(283)) - group-9B5AAF70C598: Taking a snapshot at:(t:2, i:3) file /workdir/hadoop-ozone/integration-test/target/test-dir/MiniOzoneClusterImpl-c42309d1-0cec-4db9-9c35-8d22088a372f/datanode-1/data/ratis/80305de2-18de-4e0a-9cdc-9b5aaf70c598/sm/snapshot.2_3
2019-08-22 17:40:21,010 [main] INFO  impl.PendingRequests (PendingRequests.java:sendNotLeaderResponses(202)) - a1f47dd0-84e3-4d6e-b4c6-03c6939721b7-PendingRequests: sendNotLeaderResponses
2019-08-22 17:40:21,013 [grpc-default-executor-2] INFO  server.GrpcServerProtocolService (GrpcServerProtocolService.java:onCompleted(104)) - 3d7b10ec-55d3-4b38-809c-43b59ae8e43b: appendEntries completed
2019-08-22 17:40:21,014 [grpc-default-executor-0] INFO  server.GrpcServerProtocolService (GrpcServerProtocolService.java:onCompleted(104)) - 431e9d5c-189d-4913-bc0e-bcdfa34a8a0c: appendEntries completed
2019-08-22 17:40:21,020 [grpc-default-executor-0] INFO  server.GrpcLogAppender (GrpcLogAppender.java:onCompleted(292)) - a1f47dd0-84e3-4d6e-b4c6-03c6939721b7->431e9d5c-189d-4913-bc0e-bcdfa34a8a0c: follower responses appendEntries COMPLETED
2019-08-22 17:40:21,020 [grpc-default-executor-2] INFO  server.GrpcLogAppender (GrpcLogAppender.java:onCompleted(292)) - a1f47dd0-84e3-4d6e-b4c6-03c6939721b7->3d7b10ec-55d3-4b38-809c-43b59ae8e43b: follower responses appendEntries COMPLETED
2019-08-22 17:40:21,030 [main] INFO  impl.StateMachineUpdater (StateMachineUpdater.java:stopAndJoin(115)) - StateMachineUpdater:a1f47dd0-84e3-4d6e-b4c6-03c6939721b7:group-C4C40369ED55: set stopIndex = 16
2019-08-22 17:40:21,034 [StateMachineUpdater:a1f47dd0-84e3-4d6e-b4c6-03c6939721b7:group-C4C40369ED55] INFO  ratis.ContainerStateMachine (ContainerStateMachine.java:takeSnapshot(283)) - group-C4C40369ED55: Taking a snapshot at:(t:1, i:14) file /workdir/hadoop-ozone/integration-test/target/test-dir/MiniOzoneClusterImpl-c42309d1-0cec-4db9-9c35-8d22088a372f/datanode-4/data/ratis/592b2e34-5e76-4acf-817a-c4c40369ed55/sm/snapshot.1_14
2019-08-22 17:40:21,032 [grpc-default-executor-0] INFO  impl.FollowerInfo (FollowerInfo.java:lambda$new$0(50)) - a1f47dd0-84e3-4d6e-b4c6-03c6939721b7->431e9d5c-189d-4913-bc0e-bcdfa34a8a0c: nextIndex: updateUnconditionally 17 -> 16
2019-08-22 17:40:21,032 [grpc-default-executor-2] INFO  impl.FollowerInfo (FollowerInfo.java:lambda$new$0(50)) - a1f47dd0-84e3-4d6e-b4c6-03c6939721b7->3d7b10ec-55d3-4b38-809c-43b59ae8e43b: nextIndex: updateUnconditionally 17 -> 16
2019-08-22 17:40:21,215 | INFO  | SCMAudit | user=jenkins1000 | ip=192.168.5.173 | op=SEND_HEARTBEAT {datanodeUUID=431e9d5c-189d-4913-bc0e-bcdfa34a8a0c, command=[commandType: closeContainerCommand closeContainerCommandProto { containerID: 1 pipelineID { id: "592b2e34-5e76-4acf-817a-c4c40369ed55" } cmdId: 1 force: false } ]} | ret=SUCCESS |  
2019-08-22 17:40:21,215 | INFO  | SCMAudit | user=jenkins1000 | ip=192.168.5.173 | op=SEND_HEARTBEAT {datanodeUUID=3d7b10ec-55d3-4b38-809c-43b59ae8e43b, command=[commandType: closeContainerCommand closeContainerCommandProto { containerID: 1 pipelineID { id: "592b2e34-5e76-4acf-817a-c4c40369ed55" } cmdId: 1 force: false } ]} | ret=SUCCESS |  
2019-08-22 17:40:21,580 | INFO  | SCMAudit | user=jenkins1000 | ip=192.168.5.173 | op=SEND_HEARTBEAT {datanodeUUID=f13cbeb3-1638-40ca-a674-1282dfb13b44, command=[]} | ret=SUCCESS |  
2019-08-22 17:40:21,665 [StateMachineUpdater:6b3b49b3-a706-4943-ae36-3fb349ffaff4:group-9B5AAF70C598] INFO  ratis.ContainerStateMachine (ContainerStateMachine.java:takeSnapshot(294)) - group-9B5AAF70C598: Finished taking a snapshot at:(t:2, i:3) file:/workdir/hadoop-ozone/integration-test/target/test-dir/MiniOzoneClusterImpl-c42309d1-0cec-4db9-9c35-8d22088a372f/datanode-1/data/ratis/80305de2-18de-4e0a-9cdc-9b5aaf70c598/sm/snapshot.2_3 time:654
2019-08-22 17:40:21,665 [StateMachineUpdater:a1f47dd0-84e3-4d6e-b4c6-03c6939721b7:group-C4C40369ED55] INFO  ratis.ContainerStateMachine (ContainerStateMachine.java:takeSnapshot(294)) - group-C4C40369ED55: Finished taking a snapshot at:(t:1, i:14) file:/workdir/hadoop-ozone/integration-test/target/test-dir/MiniOzoneClusterImpl-c42309d1-0cec-4db9-9c35-8d22088a372f/datanode-4/data/ratis/592b2e34-5e76-4acf-817a-c4c40369ed55/sm/snapshot.1_14 time:630
2019-08-22 17:40:21,665 [StateMachineUpdater:6b3b49b3-a706-4943-ae36-3fb349ffaff4:group-9B5AAF70C598] INFO  impl.StateMachineUpdater (StateMachineUpdater.java:takeSnapshot(242)) - StateMachineUpdater:6b3b49b3-a706-4943-ae36-3fb349ffaff4:group-9B5AAF70C598: Took a snapshot at index 3
2019-08-22 17:40:21,665 [StateMachineUpdater:a1f47dd0-84e3-4d6e-b4c6-03c6939721b7:group-C4C40369ED55] INFO  impl.StateMachineUpdater (StateMachineUpdater.java:takeSnapshot(242)) - StateMachineUpdater:a1f47dd0-84e3-4d6e-b4c6-03c6939721b7:group-C4C40369ED55: Took a snapshot at index 14
2019-08-22 17:40:21,665 [StateMachineUpdater:6b3b49b3-a706-4943-ae36-3fb349ffaff4:group-9B5AAF70C598] INFO  impl.StateMachineUpdater (StateMachineUpdater.java:lambda$new$0(80)) - StateMachineUpdater:6b3b49b3-a706-4943-ae36-3fb349ffaff4:group-9B5AAF70C598: snapshotIndex: updateIncreasingly -1 -> 3
2019-08-22 17:40:21,665 [StateMachineUpdater:a1f47dd0-84e3-4d6e-b4c6-03c6939721b7:group-C4C40369ED55] INFO  impl.StateMachineUpdater (StateMachineUpdater.java:lambda$new$0(80)) - StateMachineUpdater:a1f47dd0-84e3-4d6e-b4c6-03c6939721b7:group-C4C40369ED55: snapshotIndex: updateIncreasingly -1 -> 14
2019-08-22 17:40:21,676 [main] INFO  impl.RaftServerImpl (ServerState.java:close(394)) - a1f47dd0-84e3-4d6e-b4c6-03c6939721b7:group-C4C40369ED55 closes. The last applied log index is 16
2019-08-22 17:40:21,676 [ForkJoinPool.commonPool-worker-1] INFO  impl.RaftServerImpl (ServerState.java:close(394)) - 6b3b49b3-a706-4943-ae36-3fb349ffaff4:group-9B5AAF70C598 closes. The last applied log index is 4
2019-08-22 17:40:21,679 [6b3b49b3-a706-4943-ae36-3fb349ffaff4-SegmentedRaftLogWorker:Storage Directory /workdir/hadoop-ozone/integration-test/target/test-dir/MiniOzoneClusterImpl-c42309d1-0cec-4db9-9c35-8d22088a372f/datanode-1/data/ratis/80305de2-18de-4e0a-9cdc-9b5aaf70c598] INFO  segmented.SegmentedRaftLogWorker (SegmentedRaftLogWorker.java:run(313)) - 6b3b49b3-a706-4943-ae36-3fb349ffaff4-SegmentedRaftLogWorker:Storage Directory /workdir/hadoop-ozone/integration-test/target/test-dir/MiniOzoneClusterImpl-c42309d1-0cec-4db9-9c35-8d22088a372f/datanode-1/data/ratis/80305de2-18de-4e0a-9cdc-9b5aaf70c598 was interrupted, exiting. There are 0 tasks remaining in the queue.
2019-08-22 17:40:21,679 [a1f47dd0-84e3-4d6e-b4c6-03c6939721b7-SegmentedRaftLogWorker:Storage Directory /workdir/hadoop-ozone/integration-test/target/test-dir/MiniOzoneClusterImpl-c42309d1-0cec-4db9-9c35-8d22088a372f/datanode-4/data/ratis/592b2e34-5e76-4acf-817a-c4c40369ed55] INFO  segmented.SegmentedRaftLogWorker (SegmentedRaftLogWorker.java:run(313)) - a1f47dd0-84e3-4d6e-b4c6-03c6939721b7-SegmentedRaftLogWorker:Storage Directory /workdir/hadoop-ozone/integration-test/target/test-dir/MiniOzoneClusterImpl-c42309d1-0cec-4db9-9c35-8d22088a372f/datanode-4/data/ratis/592b2e34-5e76-4acf-817a-c4c40369ed55 was interrupted, exiting. There are 0 tasks remaining in the queue.
2019-08-22 17:40:21,683 [main] INFO  segmented.SegmentedRaftLogWorker (SegmentedRaftLogWorker.java:close(228)) - a1f47dd0-84e3-4d6e-b4c6-03c6939721b7-SegmentedRaftLogWorker:Storage Directory /workdir/hadoop-ozone/integration-test/target/test-dir/MiniOzoneClusterImpl-c42309d1-0cec-4db9-9c35-8d22088a372f/datanode-4/data/ratis/592b2e34-5e76-4acf-817a-c4c40369ed55 close()
2019-08-22 17:40:21,683 [ForkJoinPool.commonPool-worker-1] INFO  segmented.SegmentedRaftLogWorker (SegmentedRaftLogWorker.java:close(228)) - 6b3b49b3-a706-4943-ae36-3fb349ffaff4-SegmentedRaftLogWorker:Storage Directory /workdir/hadoop-ozone/integration-test/target/test-dir/MiniOzoneClusterImpl-c42309d1-0cec-4db9-9c35-8d22088a372f/datanode-1/data/ratis/80305de2-18de-4e0a-9cdc-9b5aaf70c598 close()
2019-08-22 17:40:21,691 [main] INFO  impl.RaftServerImpl (RaftServerImpl.java:lambda$shutdown$3(245)) - a1f47dd0-84e3-4d6e-b4c6-03c6939721b7: shutdown group-6CE9E0DEF40B
2019-08-22 17:40:21,691 [ForkJoinPool.commonPool-worker-1] INFO  impl.RaftServerImpl (RaftServerImpl.java:lambda$shutdown$3(245)) - 6b3b49b3-a706-4943-ae36-3fb349ffaff4: shutdown group-0870C57686F2
2019-08-22 17:40:21,692 [main] INFO  util.JmxRegister (JmxRegister.java:unregister(73)) - Successfully un-registered JMX Bean with object name Ratis:service=RaftServer,group=group-6CE9E0DEF40B,id=a1f47dd0-84e3-4d6e-b4c6-03c6939721b7
2019-08-22 17:40:21,692 [ForkJoinPool.commonPool-worker-1] INFO  util.JmxRegister (JmxRegister.java:unregister(73)) - Successfully un-registered JMX Bean with object name Ratis:service=RaftServer,group=group-0870C57686F2,id=6b3b49b3-a706-4943-ae36-3fb349ffaff4
2019-08-22 17:40:21,693 [main] INFO  impl.RoleInfo (RoleInfo.java:shutdownLeaderState(104)) - a1f47dd0-84e3-4d6e-b4c6-03c6939721b7: shutdown LeaderState
2019-08-22 17:40:21,693 [ForkJoinPool.commonPool-worker-1] INFO  impl.RoleInfo (RoleInfo.java:shutdownLeaderState(104)) - 6b3b49b3-a706-4943-ae36-3fb349ffaff4: shutdown LeaderState
2019-08-22 17:40:21,694 [main] INFO  impl.PendingRequests (PendingRequests.java:sendNotLeaderResponses(202)) - a1f47dd0-84e3-4d6e-b4c6-03c6939721b7-PendingRequests: sendNotLeaderResponses
2019-08-22 17:40:21,694 [ForkJoinPool.commonPool-worker-1] INFO  impl.PendingRequests (PendingRequests.java:sendNotLeaderResponses(202)) - 6b3b49b3-a706-4943-ae36-3fb349ffaff4-PendingRequests: sendNotLeaderResponses
2019-08-22 17:40:21,696 [main] INFO  impl.StateMachineUpdater (StateMachineUpdater.java:stopAndJoin(115)) - StateMachineUpdater:a1f47dd0-84e3-4d6e-b4c6-03c6939721b7:group-6CE9E0DEF40B: set stopIndex = 0
2019-08-22 17:40:21,697 [ForkJoinPool.commonPool-worker-1] INFO  impl.StateMachineUpdater (StateMachineUpdater.java:stopAndJoin(115)) - StateMachineUpdater:6b3b49b3-a706-4943-ae36-3fb349ffaff4:group-0870C57686F2: set stopIndex = 0
2019-08-22 17:40:21,697 [main] INFO  impl.RaftServerImpl (ServerState.java:close(394)) - a1f47dd0-84e3-4d6e-b4c6-03c6939721b7:group-6CE9E0DEF40B closes. The last applied log index is 0
2019-08-22 17:40:21,697 [ForkJoinPool.commonPool-worker-1] INFO  impl.RaftServerImpl (ServerState.java:close(394)) - 6b3b49b3-a706-4943-ae36-3fb349ffaff4:group-0870C57686F2 closes. The last applied log index is 0
2019-08-22 17:40:21,698 [a1f47dd0-84e3-4d6e-b4c6-03c6939721b7-SegmentedRaftLogWorker:Storage Directory /workdir/hadoop-ozone/integration-test/target/test-dir/MiniOzoneClusterImpl-c42309d1-0cec-4db9-9c35-8d22088a372f/datanode-4/data/ratis/141ef79f-defb-43bf-b7a0-6ce9e0def40b] INFO  segmented.SegmentedRaftLogWorker (SegmentedRaftLogWorker.java:run(313)) - a1f47dd0-84e3-4d6e-b4c6-03c6939721b7-SegmentedRaftLogWorker:Storage Directory /workdir/hadoop-ozone/integration-test/target/test-dir/MiniOzoneClusterImpl-c42309d1-0cec-4db9-9c35-8d22088a372f/datanode-4/data/ratis/141ef79f-defb-43bf-b7a0-6ce9e0def40b was interrupted, exiting. There are 0 tasks remaining in the queue.
2019-08-22 17:40:21,700 [6b3b49b3-a706-4943-ae36-3fb349ffaff4-SegmentedRaftLogWorker:Storage Directory /workdir/hadoop-ozone/integration-test/target/test-dir/MiniOzoneClusterImpl-c42309d1-0cec-4db9-9c35-8d22088a372f/datanode-1/data/ratis/3c4311af-bab3-49fe-942b-0870c57686f2] INFO  segmented.SegmentedRaftLogWorker (SegmentedRaftLogWorker.java:run(313)) - 6b3b49b3-a706-4943-ae36-3fb349ffaff4-SegmentedRaftLogWorker:Storage Directory /workdir/hadoop-ozone/integration-test/target/test-dir/MiniOzoneClusterImpl-c42309d1-0cec-4db9-9c35-8d22088a372f/datanode-1/data/ratis/3c4311af-bab3-49fe-942b-0870c57686f2 was interrupted, exiting. There are 0 tasks remaining in the queue.
2019-08-22 17:40:21,700 [main] INFO  segmented.SegmentedRaftLogWorker (SegmentedRaftLogWorker.java:close(228)) - a1f47dd0-84e3-4d6e-b4c6-03c6939721b7-SegmentedRaftLogWorker:Storage Directory /workdir/hadoop-ozone/integration-test/target/test-dir/MiniOzoneClusterImpl-c42309d1-0cec-4db9-9c35-8d22088a372f/datanode-4/data/ratis/141ef79f-defb-43bf-b7a0-6ce9e0def40b close()
2019-08-22 17:40:21,702 [ForkJoinPool.commonPool-worker-1] INFO  segmented.SegmentedRaftLogWorker (SegmentedRaftLogWorker.java:close(228)) - 6b3b49b3-a706-4943-ae36-3fb349ffaff4-SegmentedRaftLogWorker:Storage Directory /workdir/hadoop-ozone/integration-test/target/test-dir/MiniOzoneClusterImpl-c42309d1-0cec-4db9-9c35-8d22088a372f/datanode-1/data/ratis/3c4311af-bab3-49fe-942b-0870c57686f2 close()
2019-08-22 17:40:21,710 [main] INFO  server.GrpcService (GrpcService.java:closeImpl(155)) - a1f47dd0-84e3-4d6e-b4c6-03c6939721b7: shutdown server with port 36744 now
2019-08-22 17:40:21,711 [ForkJoinPool.commonPool-worker-1] INFO  server.GrpcService (GrpcService.java:closeImpl(155)) - 6b3b49b3-a706-4943-ae36-3fb349ffaff4: shutdown server with port 44578 now
2019-08-22 17:40:21,721 [ForkJoinPool.commonPool-worker-1] INFO  server.GrpcService (GrpcService.java:closeImpl(163)) - 6b3b49b3-a706-4943-ae36-3fb349ffaff4: shutdown server with port 44578 successfully
2019-08-22 17:40:21,721 [grpc-default-executor-0] WARN  server.GrpcServerProtocolService (LogUtils.java:warn(134)) - 6b3b49b3-a706-4943-ae36-3fb349ffaff4: appendEntries onError: org.apache.ratis.thirdparty.io.grpc.StatusRuntimeException: CANCELLED: cancelled before receiving half close
2019-08-22 17:40:21,721 [grpc-default-executor-1] WARN  client.GrpcClientProtocolService (LogUtils.java:warn(134)) - 2-UnorderedRequestStreamObserver2: onError: org.apache.ratis.thirdparty.io.grpc.StatusRuntimeException: CANCELLED: cancelled before receiving half close
2019-08-22 17:40:21,721 [main] INFO  server.GrpcService (GrpcService.java:closeImpl(163)) - a1f47dd0-84e3-4d6e-b4c6-03c6939721b7: shutdown server with port 36744 successfully
2019-08-22 17:40:21,724 [ForkJoinPool.commonPool-worker-1] INFO  utils.BackgroundService (BackgroundService.java:shutdown(148)) - Shutting down service BlockDeletingService
2019-08-22 17:40:21,726 [refreshUsed-/workdir/hadoop-ozone/integration-test/target/test-dir/MiniOzoneClusterImpl-c42309d1-0cec-4db9-9c35-8d22088a372f/datanode-1/data/containers] WARN  fs.CachingGetSpaceUsed (CachingGetSpaceUsed.java:run(183)) - Thread Interrupted waiting to refresh disk information: sleep interrupted
2019-08-22 17:40:21,734 [grpc-default-executor-0] WARN  server.GrpcLogAppender (LogUtils.java:warn(134)) - c0e77ccd-2b09-4a23-a664-68073c461c61->6b3b49b3-a706-4943-ae36-3fb349ffaff4: Failed appendEntries: org.apache.ratis.thirdparty.io.grpc.StatusRuntimeException: CANCELLED: HTTP/2 error code: CANCEL
Received Rst Stream
2019-08-22 17:40:21,739 [grpc-default-executor-0] INFO  impl.FollowerInfo (FollowerInfo.java:lambda$new$0(50)) - c0e77ccd-2b09-4a23-a664-68073c461c61->6b3b49b3-a706-4943-ae36-3fb349ffaff4: nextIndex: updateUnconditionally 5 -> 4
2019-08-22 17:40:21,747 [main] INFO  utils.BackgroundService (BackgroundService.java:shutdown(148)) - Shutting down service BlockDeletingService
2019-08-22 17:40:21,751 [refreshUsed-/workdir/hadoop-ozone/integration-test/target/test-dir/MiniOzoneClusterImpl-c42309d1-0cec-4db9-9c35-8d22088a372f/datanode-4/data/containers] WARN  fs.CachingGetSpaceUsed (CachingGetSpaceUsed.java:run(183)) - Thread Interrupted waiting to refresh disk information: sleep interrupted
2019-08-22 17:40:21,764 | INFO  | SCMAudit | user=jenkins1000 | ip=192.168.5.173 | op=SEND_HEARTBEAT {datanodeUUID=c2b5941d-b72d-41e9-8cce-67773fde2f8a, command=[commandType: closeContainerCommand closeContainerCommandProto { containerID: 2 pipelineID { id: "80305de2-18de-4e0a-9cdc-9b5aaf70c598" } cmdId: 2 force: false } ]} | ret=SUCCESS |  
2019-08-22 17:40:21,764 | INFO  | SCMAudit | user=jenkins1000 | ip=192.168.5.173 | op=SEND_HEARTBEAT {datanodeUUID=c0e77ccd-2b09-4a23-a664-68073c461c61, command=[commandType: closeContainerCommand closeContainerCommandProto { containerID: 2 pipelineID { id: "80305de2-18de-4e0a-9cdc-9b5aaf70c598" } cmdId: 2 force: false } ]} | ret=SUCCESS |  
2019-08-22 17:40:21,775 [ForkJoinPool.commonPool-worker-1] INFO  statemachine.DatanodeStateMachine (DatanodeStateMachine.java:stopDaemon(395)) - Ozone container server stopped.
2019-08-22 17:40:21,780 [ForkJoinPool.commonPool-worker-1] INFO  handler.ContextHandler (ContextHandler.java:doStop(910)) - Stopped o.e.j.w.WebAppContext@6b8d54da{/,null,UNAVAILABLE}{/hddsDatanode}
2019-08-22 17:40:21,781 [ForkJoinPool.commonPool-worker-1] INFO  server.AbstractConnector (AbstractConnector.java:doStop(318)) - Stopped ServerConnector@79957f11{HTTP/1.1,[http/1.1]}{0.0.0.0:0}
2019-08-22 17:40:21,782 [ForkJoinPool.commonPool-worker-1] INFO  handler.ContextHandler (ContextHandler.java:doStop(910)) - Stopped o.e.j.s.ServletContextHandler@3a1b36a1{/static,jar:file:/home/user/.m2/repository/org/apache/hadoop/hadoop-hdds-container-service/0.5.0-SNAPSHOT/hadoop-hdds-container-service-0.5.0-SNAPSHOT.jar!/webapps/static,UNAVAILABLE}
2019-08-22 17:40:21,784 [ForkJoinPool.commonPool-worker-1] INFO  handler.ContextHandler (ContextHandler.java:doStop(910)) - Stopped o.e.j.s.ServletContextHandler@44aa2e13{/logs,file:///workdir/hadoop-ozone/integration-test/target/log,UNAVAILABLE}
2019-08-22 17:40:21,784 [ForkJoinPool.commonPool-worker-1] INFO  datanode.ObjectStoreHandler (ObjectStoreHandler.java:close(155)) - Closing ObjectStoreHandler.
2019-08-22 17:40:21,785 [ForkJoinPool.commonPool-worker-1] INFO  ozone.HddsDatanodeService (HddsDatanodeService.java:stop(451)) - Stopped plug-in org.apache.hadoop.ozone.web.OzoneHddsDatanodeService@50bc3219
2019-08-22 17:40:21,791 [main] INFO  statemachine.DatanodeStateMachine (DatanodeStateMachine.java:stopDaemon(395)) - Ozone container server stopped.
2019-08-22 17:40:21,793 [main] INFO  handler.ContextHandler (ContextHandler.java:doStop(910)) - Stopped o.e.j.w.WebAppContext@123307c4{/,null,UNAVAILABLE}{/hddsDatanode}
2019-08-22 17:40:21,793 [main] INFO  server.AbstractConnector (AbstractConnector.java:doStop(318)) - Stopped ServerConnector@1693ff90{HTTP/1.1,[http/1.1]}{0.0.0.0:0}
2019-08-22 17:40:21,794 [main] INFO  handler.ContextHandler (ContextHandler.java:doStop(910)) - Stopped o.e.j.s.ServletContextHandler@307cf964{/static,jar:file:/home/user/.m2/repository/org/apache/hadoop/hadoop-hdds-container-service/0.5.0-SNAPSHOT/hadoop-hdds-container-service-0.5.0-SNAPSHOT.jar!/webapps/static,UNAVAILABLE}
2019-08-22 17:40:21,794 [main] INFO  handler.ContextHandler (ContextHandler.java:doStop(910)) - Stopped o.e.j.s.ServletContextHandler@77324a58{/logs,file:///workdir/hadoop-ozone/integration-test/target/log,UNAVAILABLE}
2019-08-22 17:40:21,795 [main] INFO  datanode.ObjectStoreHandler (ObjectStoreHandler.java:close(155)) - Closing ObjectStoreHandler.
2019-08-22 17:40:21,797 [main] INFO  ozone.HddsDatanodeService (HddsDatanodeService.java:stop(451)) - Stopped plug-in org.apache.hadoop.ozone.web.OzoneHddsDatanodeService@458031da
2019-08-22 17:40:22,182 [Datanode State Machine Thread - 0] INFO  statemachine.DatanodeStateMachine (DatanodeStateMachine.java:lambda$startDaemon$0(350)) - Ozone container server started.
2019-08-22 17:40:22,183 | INFO  | SCMAudit | user=jenkins1000 | ip=192.168.5.173 | op=SEND_HEARTBEAT {datanodeUUID=431e9d5c-189d-4913-bc0e-bcdfa34a8a0c, command=[]} | ret=SUCCESS |  
2019-08-22 17:40:22,208 | INFO  | SCMAudit | user=jenkins1000 | ip=192.168.5.173 | op=SEND_HEARTBEAT {datanodeUUID=431e9d5c-189d-4913-bc0e-bcdfa34a8a0c, command=[]} | ret=SUCCESS |  
2019-08-22 17:40:22,579 | INFO  | SCMAudit | user=jenkins1000 | ip=192.168.5.173 | op=SEND_HEARTBEAT {datanodeUUID=f13cbeb3-1638-40ca-a674-1282dfb13b44, command=[]} | ret=SUCCESS |  
2019-08-22 17:40:22,762 [Datanode State Machine Thread - 0] INFO  statemachine.DatanodeStateMachine (DatanodeStateMachine.java:lambda$startDaemon$0(350)) - Ozone container server started.
2019-08-22 17:40:22,764 | INFO  | SCMAudit | user=jenkins1000 | ip=192.168.5.173 | op=SEND_HEARTBEAT {datanodeUUID=c2b5941d-b72d-41e9-8cce-67773fde2f8a, command=[]} | ret=SUCCESS |  
2019-08-22 17:40:22,781 | INFO  | SCMAudit | user=jenkins1000 | ip=192.168.5.173 | op=SEND_HEARTBEAT {datanodeUUID=c2b5941d-b72d-41e9-8cce-67773fde2f8a, command=[]} | ret=SUCCESS |  
2019-08-22 17:40:23,209 | INFO  | SCMAudit | user=jenkins1000 | ip=192.168.5.173 | op=SEND_HEARTBEAT {datanodeUUID=431e9d5c-189d-4913-bc0e-bcdfa34a8a0c, command=[]} | ret=SUCCESS |  
2019-08-22 17:40:23,368 [grpc-default-executor-1] WARN  server.GrpcLogAppender (LogUtils.java:warn(134)) - c0e77ccd-2b09-4a23-a664-68073c461c61->6b3b49b3-a706-4943-ae36-3fb349ffaff4: Failed appendEntries: org.apache.ratis.thirdparty.io.grpc.StatusRuntimeException: UNAVAILABLE: io exception
2019-08-22 17:40:23,373 [grpc-default-executor-1] INFO  impl.FollowerInfo (FollowerInfo.java:lambda$new$0(50)) - c0e77ccd-2b09-4a23-a664-68073c461c61->6b3b49b3-a706-4943-ae36-3fb349ffaff4: nextIndex: updateUnconditionally 4 -> 3
2019-08-22 17:40:23,581 | INFO  | SCMAudit | user=jenkins1000 | ip=192.168.5.173 | op=SEND_HEARTBEAT {datanodeUUID=f13cbeb3-1638-40ca-a674-1282dfb13b44, command=[]} | ret=SUCCESS |  
2019-08-22 17:40:23,782 | INFO  | SCMAudit | user=jenkins1000 | ip=192.168.5.173 | op=SEND_HEARTBEAT {datanodeUUID=c2b5941d-b72d-41e9-8cce-67773fde2f8a, command=[]} | ret=SUCCESS |  
2019-08-22 17:40:24,209 | INFO  | SCMAudit | user=jenkins1000 | ip=192.168.5.173 | op=SEND_HEARTBEAT {datanodeUUID=431e9d5c-189d-4913-bc0e-bcdfa34a8a0c, command=[]} | ret=SUCCESS |  
2019-08-22 17:40:24,579 | INFO  | SCMAudit | user=jenkins1000 | ip=192.168.5.173 | op=SEND_HEARTBEAT {datanodeUUID=f13cbeb3-1638-40ca-a674-1282dfb13b44, command=[]} | ret=SUCCESS |  
2019-08-22 17:40:24,787 | INFO  | SCMAudit | user=jenkins1000 | ip=192.168.5.173 | op=SEND_HEARTBEAT {datanodeUUID=c2b5941d-b72d-41e9-8cce-67773fde2f8a, command=[]} | ret=SUCCESS |  
2019-08-22 17:40:25,209 | INFO  | SCMAudit | user=jenkins1000 | ip=192.168.5.173 | op=SEND_HEARTBEAT {datanodeUUID=431e9d5c-189d-4913-bc0e-bcdfa34a8a0c, command=[]} | ret=SUCCESS |  
2019-08-22 17:40:25,579 | INFO  | SCMAudit | user=jenkins1000 | ip=192.168.5.173 | op=SEND_HEARTBEAT {datanodeUUID=f13cbeb3-1638-40ca-a674-1282dfb13b44, command=[]} | ret=SUCCESS |  
2019-08-22 17:40:25,621 [Thread-326] INFO  impl.FollowerState (FollowerState.java:run(106)) - 431e9d5c-189d-4913-bc0e-bcdfa34a8a0c:group-C4C40369ED55 changes to CANDIDATE, lastRpcTime:6583, electionTimeout:5074ms
2019-08-22 17:40:25,621 [Thread-326] INFO  impl.RoleInfo (RoleInfo.java:shutdownFollowerState(121)) - 431e9d5c-189d-4913-bc0e-bcdfa34a8a0c: shutdown FollowerState
2019-08-22 17:40:25,621 [Thread-326] INFO  impl.RaftServerImpl (RaftServerImpl.java:setRole(171)) - 431e9d5c-189d-4913-bc0e-bcdfa34a8a0c:group-C4C40369ED55 changes role from FOLLOWER to CANDIDATE at term 1 for changeToCandidate
2019-08-22 17:40:25,621 [Thread-326] INFO  impl.RoleInfo (RoleInfo.java:updateAndGet(143)) - 431e9d5c-189d-4913-bc0e-bcdfa34a8a0c: start LeaderElection
2019-08-22 17:40:25,624 [431e9d5c-189d-4913-bc0e-bcdfa34a8a0c:group-C4C40369ED55:LeaderElection14] INFO  impl.RaftServerImpl (ServerState.java:setLeader(263)) - 431e9d5c-189d-4913-bc0e-bcdfa34a8a0c:group-C4C40369ED55 change Leader from a1f47dd0-84e3-4d6e-b4c6-03c6939721b7 to null at term 1 for initElection
2019-08-22 17:40:25,651 [431e9d5c-189d-4913-bc0e-bcdfa34a8a0c:group-C4C40369ED55:LeaderElection14] INFO  impl.LeaderElection (LeaderElection.java:askForVotes(181)) - 431e9d5c-189d-4913-bc0e-bcdfa34a8a0c:group-C4C40369ED55:LeaderElection14: begin an election at term 2 for 0: [a1f47dd0-84e3-4d6e-b4c6-03c6939721b7:192.168.5.173:36744, 3d7b10ec-55d3-4b38-809c-43b59ae8e43b:192.168.5.173:46093, 431e9d5c-189d-4913-bc0e-bcdfa34a8a0c:192.168.5.173:43660], old=null
2019-08-22 17:40:25,660 [431e9d5c-189d-4913-bc0e-bcdfa34a8a0c:group-C4C40369ED55:LeaderElection14] INFO  impl.LeaderElection (LogUtils.java:infoOrTrace(149)) - 431e9d5c-189d-4913-bc0e-bcdfa34a8a0c:group-C4C40369ED55:LeaderElection14 got exception when requesting votes: {}
java.util.concurrent.ExecutionException: org.apache.ratis.thirdparty.io.grpc.StatusRuntimeException: UNAVAILABLE: io exception
	at java.util.concurrent.FutureTask.report(FutureTask.java:122)
	at java.util.concurrent.FutureTask.get(FutureTask.java:192)
	at org.apache.ratis.server.impl.LeaderElection.waitForResults(LeaderElection.java:262)
	at org.apache.ratis.server.impl.LeaderElection.askForVotes(LeaderElection.java:200)
	at org.apache.ratis.server.impl.LeaderElection.run(LeaderElection.java:130)
	at java.lang.Thread.run(Thread.java:748)
Caused by: org.apache.ratis.thirdparty.io.grpc.StatusRuntimeException: UNAVAILABLE: io exception
	at org.apache.ratis.thirdparty.io.grpc.stub.ClientCalls.toStatusRuntimeException(ClientCalls.java:233)
	at org.apache.ratis.thirdparty.io.grpc.stub.ClientCalls.getUnchecked(ClientCalls.java:214)
	at org.apache.ratis.thirdparty.io.grpc.stub.ClientCalls.blockingUnaryCall(ClientCalls.java:139)
	at org.apache.ratis.proto.grpc.RaftServerProtocolServiceGrpc$RaftServerProtocolServiceBlockingStub.requestVote(RaftServerProtocolServiceGrpc.java:265)
	at org.apache.ratis.grpc.server.GrpcServerProtocolClient.requestVote(GrpcServerProtocolClient.java:83)
	at org.apache.ratis.grpc.server.GrpcService.requestVote(GrpcService.java:195)
	at org.apache.ratis.server.impl.LeaderElection.lambda$submitRequests$1(LeaderElection.java:237)
	at java.util.concurrent.FutureTask.run(FutureTask.java:266)
	at java.util.concurrent.Executors$RunnableAdapter.call(Executors.java:511)
	at java.util.concurrent.FutureTask.run(FutureTask.java:266)
	at java.util.concurrent.ThreadPoolExecutor.runWorker(ThreadPoolExecutor.java:1149)
	at java.util.concurrent.ThreadPoolExecutor$Worker.run(ThreadPoolExecutor.java:624)
	... 1 more
Caused by: org.apache.ratis.thirdparty.io.netty.channel.AbstractChannel$AnnotatedConnectException: Connection refused: /192.168.5.173:36744
	at sun.nio.ch.SocketChannelImpl.checkConnect(Native Method)
	at sun.nio.ch.SocketChannelImpl.finishConnect(SocketChannelImpl.java:717)
	at org.apache.ratis.thirdparty.io.netty.channel.socket.nio.NioSocketChannel.doFinishConnect(NioSocketChannel.java:327)
	at org.apache.ratis.thirdparty.io.netty.channel.nio.AbstractNioChannel$AbstractNioUnsafe.finishConnect(AbstractNioChannel.java:340)
	at org.apache.ratis.thirdparty.io.netty.channel.nio.NioEventLoop.processSelectedKey(NioEventLoop.java:632)
	at org.apache.ratis.thirdparty.io.netty.channel.nio.NioEventLoop.processSelectedKeysOptimized(NioEventLoop.java:579)
	at org.apache.ratis.thirdparty.io.netty.channel.nio.NioEventLoop.processSelectedKeys(NioEventLoop.java:496)
	at org.apache.ratis.thirdparty.io.netty.channel.nio.NioEventLoop.run(NioEventLoop.java:458)
	at org.apache.ratis.thirdparty.io.netty.util.concurrent.SingleThreadEventExecutor$5.run(SingleThreadEventExecutor.java:897)
	at org.apache.ratis.thirdparty.io.netty.util.concurrent.FastThreadLocalRunnable.run(FastThreadLocalRunnable.java:30)
	... 1 more
Caused by: java.net.ConnectException: Connection refused
	... 11 more
2019-08-22 17:40:25,665 [grpc-default-executor-0] INFO  impl.RaftServerImpl (ServerState.java:setLeader(263)) - 3d7b10ec-55d3-4b38-809c-43b59ae8e43b:group-C4C40369ED55 change Leader from a1f47dd0-84e3-4d6e-b4c6-03c6939721b7 to null at term 2 for updateCurrentTerm
2019-08-22 17:40:25,665 [grpc-default-executor-0] INFO  impl.RaftServerImpl (RaftServerImpl.java:setRole(171)) - 3d7b10ec-55d3-4b38-809c-43b59ae8e43b:group-C4C40369ED55 changes role from FOLLOWER to FOLLOWER at term 2 for recognizeCandidate:431e9d5c-189d-4913-bc0e-bcdfa34a8a0c
2019-08-22 17:40:25,665 [grpc-default-executor-0] INFO  impl.RoleInfo (RoleInfo.java:shutdownFollowerState(121)) - 3d7b10ec-55d3-4b38-809c-43b59ae8e43b: shutdown FollowerState
2019-08-22 17:40:25,666 [grpc-default-executor-0] INFO  impl.RoleInfo (RoleInfo.java:updateAndGet(143)) - 3d7b10ec-55d3-4b38-809c-43b59ae8e43b: start FollowerState
2019-08-22 17:40:25,666 [Thread-327] INFO  impl.FollowerState (FollowerState.java:run(114)) - 3d7b10ec-55d3-4b38-809c-43b59ae8e43b: FollowerState was interrupted: java.lang.InterruptedException: sleep interrupted
2019-08-22 17:40:25,686 [431e9d5c-189d-4913-bc0e-bcdfa34a8a0c:group-C4C40369ED55:LeaderElection14] INFO  impl.LeaderElection (LeaderElection.java:logAndReturn(56)) - 431e9d5c-189d-4913-bc0e-bcdfa34a8a0c:group-C4C40369ED55:LeaderElection14: Election PASSED; received 1 response(s) [431e9d5c-189d-4913-bc0e-bcdfa34a8a0c<-3d7b10ec-55d3-4b38-809c-43b59ae8e43b#0:OK-t2] and 1 exception(s); 431e9d5c-189d-4913-bc0e-bcdfa34a8a0c:t2, leader=null, voted=431e9d5c-189d-4913-bc0e-bcdfa34a8a0c, raftlog=431e9d5c-189d-4913-bc0e-bcdfa34a8a0c-SegmentedRaftLog:OPENED:c16,f16,i16, conf=0: [a1f47dd0-84e3-4d6e-b4c6-03c6939721b7:192.168.5.173:36744, 3d7b10ec-55d3-4b38-809c-43b59ae8e43b:192.168.5.173:46093, 431e9d5c-189d-4913-bc0e-bcdfa34a8a0c:192.168.5.173:43660], old=null
2019-08-22 17:40:25,687 [431e9d5c-189d-4913-bc0e-bcdfa34a8a0c:group-C4C40369ED55:LeaderElection14] INFO  impl.LeaderElection (LogUtils.java:infoOrTrace(149)) -   Exception 0: {}
java.util.concurrent.ExecutionException: org.apache.ratis.thirdparty.io.grpc.StatusRuntimeException: UNAVAILABLE: io exception
	at java.util.concurrent.FutureTask.report(FutureTask.java:122)
	at java.util.concurrent.FutureTask.get(FutureTask.java:192)
	at org.apache.ratis.server.impl.LeaderElection.waitForResults(LeaderElection.java:262)
	at org.apache.ratis.server.impl.LeaderElection.askForVotes(LeaderElection.java:200)
	at org.apache.ratis.server.impl.LeaderElection.run(LeaderElection.java:130)
	at java.lang.Thread.run(Thread.java:748)
Caused by: org.apache.ratis.thirdparty.io.grpc.StatusRuntimeException: UNAVAILABLE: io exception
	at org.apache.ratis.thirdparty.io.grpc.stub.ClientCalls.toStatusRuntimeException(ClientCalls.java:233)
	at org.apache.ratis.thirdparty.io.grpc.stub.ClientCalls.getUnchecked(ClientCalls.java:214)
	at org.apache.ratis.thirdparty.io.grpc.stub.ClientCalls.blockingUnaryCall(ClientCalls.java:139)
	at org.apache.ratis.proto.grpc.RaftServerProtocolServiceGrpc$RaftServerProtocolServiceBlockingStub.requestVote(RaftServerProtocolServiceGrpc.java:265)
	at org.apache.ratis.grpc.server.GrpcServerProtocolClient.requestVote(GrpcServerProtocolClient.java:83)
	at org.apache.ratis.grpc.server.GrpcService.requestVote(GrpcService.java:195)
	at org.apache.ratis.server.impl.LeaderElection.lambda$submitRequests$1(LeaderElection.java:237)
	at java.util.concurrent.FutureTask.run(FutureTask.java:266)
	at java.util.concurrent.Executors$RunnableAdapter.call(Executors.java:511)
	at java.util.concurrent.FutureTask.run(FutureTask.java:266)
	at java.util.concurrent.ThreadPoolExecutor.runWorker(ThreadPoolExecutor.java:1149)
	at java.util.concurrent.ThreadPoolExecutor$Worker.run(ThreadPoolExecutor.java:624)
	... 1 more
Caused by: org.apache.ratis.thirdparty.io.netty.channel.AbstractChannel$AnnotatedConnectException: Connection refused: /192.168.5.173:36744
	at sun.nio.ch.SocketChannelImpl.checkConnect(Native Method)
	at sun.nio.ch.SocketChannelImpl.finishConnect(SocketChannelImpl.java:717)
	at org.apache.ratis.thirdparty.io.netty.channel.socket.nio.NioSocketChannel.doFinishConnect(NioSocketChannel.java:327)
	at org.apache.ratis.thirdparty.io.netty.channel.nio.AbstractNioChannel$AbstractNioUnsafe.finishConnect(AbstractNioChannel.java:340)
	at org.apache.ratis.thirdparty.io.netty.channel.nio.NioEventLoop.processSelectedKey(NioEventLoop.java:632)
	at org.apache.ratis.thirdparty.io.netty.channel.nio.NioEventLoop.processSelectedKeysOptimized(NioEventLoop.java:579)
	at org.apache.ratis.thirdparty.io.netty.channel.nio.NioEventLoop.processSelectedKeys(NioEventLoop.java:496)
	at org.apache.ratis.thirdparty.io.netty.channel.nio.NioEventLoop.run(NioEventLoop.java:458)
	at org.apache.ratis.thirdparty.io.netty.util.concurrent.SingleThreadEventExecutor$5.run(SingleThreadEventExecutor.java:897)
	at org.apache.ratis.thirdparty.io.netty.util.concurrent.FastThreadLocalRunnable.run(FastThreadLocalRunnable.java:30)
	... 1 more
Caused by: java.net.ConnectException: Connection refused
	... 11 more
2019-08-22 17:40:25,689 [431e9d5c-189d-4913-bc0e-bcdfa34a8a0c:group-C4C40369ED55:LeaderElection14] INFO  impl.RoleInfo (RoleInfo.java:shutdownLeaderElection(134)) - 431e9d5c-189d-4913-bc0e-bcdfa34a8a0c: shutdown LeaderElection
2019-08-22 17:40:25,691 [431e9d5c-189d-4913-bc0e-bcdfa34a8a0c:group-C4C40369ED55:LeaderElection14] INFO  impl.RaftServerImpl (RaftServerImpl.java:setRole(171)) - 431e9d5c-189d-4913-bc0e-bcdfa34a8a0c:group-C4C40369ED55 changes role from CANDIDATE to LEADER at term 2 for changeToLeader
2019-08-22 17:40:25,691 [431e9d5c-189d-4913-bc0e-bcdfa34a8a0c:group-C4C40369ED55:LeaderElection14] INFO  impl.RaftServerImpl (ServerState.java:setLeader(263)) - 431e9d5c-189d-4913-bc0e-bcdfa34a8a0c:group-C4C40369ED55 change Leader from null to 431e9d5c-189d-4913-bc0e-bcdfa34a8a0c at term 2 for becomeLeader, leader elected after 67ms
2019-08-22 17:40:25,692 [431e9d5c-189d-4913-bc0e-bcdfa34a8a0c:group-C4C40369ED55:LeaderElection14] INFO  server.RaftServerConfigKeys (ConfUtils.java:logGet(43)) - raft.server.staging.catchup.gap = 1000 (default)
2019-08-22 17:40:25,692 [431e9d5c-189d-4913-bc0e-bcdfa34a8a0c:group-C4C40369ED55:LeaderElection14] INFO  server.RaftServerConfigKeys (ConfUtils.java:logGet(43)) - raft.server.rpc.sleep.time = 25ms (default)
2019-08-22 17:40:25,692 [431e9d5c-189d-4913-bc0e-bcdfa34a8a0c:group-C4C40369ED55:LeaderElection14] INFO  server.RaftServerConfigKeys (ConfUtils.java:logGet(43)) - raft.server.write.element-limit = 4096 (default)
2019-08-22 17:40:25,693 [431e9d5c-189d-4913-bc0e-bcdfa34a8a0c:group-C4C40369ED55:LeaderElection14] INFO  server.RaftServerConfigKeys (ConfUtils.java:logGet(43)) - raft.server.watch.timeout = 10s (default)
2019-08-22 17:40:25,693 [431e9d5c-189d-4913-bc0e-bcdfa34a8a0c:group-C4C40369ED55:LeaderElection14] INFO  server.RaftServerConfigKeys (ConfUtils.java:logGet(43)) - raft.server.watch.timeout.denomination = 1s (default)
2019-08-22 17:40:25,693 [431e9d5c-189d-4913-bc0e-bcdfa34a8a0c:group-C4C40369ED55:LeaderElection14] INFO  server.RaftServerConfigKeys (ConfUtils.java:logGet(43)) - raft.server.watch.element-limit = 65536 (default)
2019-08-22 17:40:25,694 [431e9d5c-189d-4913-bc0e-bcdfa34a8a0c:group-C4C40369ED55:LeaderElection14] INFO  server.RaftServerConfigKeys (ConfUtils.java:logGet(43)) - raft.server.log.appender.snapshot.chunk.size.max = 16MB (=16777216) (default)
2019-08-22 17:40:25,694 [431e9d5c-189d-4913-bc0e-bcdfa34a8a0c:group-C4C40369ED55:LeaderElection14] INFO  server.RaftServerConfigKeys (ConfUtils.java:logGet(43)) - raft.server.log.appender.buffer.byte-limit = 33554432 (custom)
2019-08-22 17:40:25,694 [431e9d5c-189d-4913-bc0e-bcdfa34a8a0c:group-C4C40369ED55:LeaderElection14] INFO  server.RaftServerConfigKeys (ConfUtils.java:logGet(43)) - raft.server.log.appender.buffer.element-limit = 1 (custom)
2019-08-22 17:40:25,695 [431e9d5c-189d-4913-bc0e-bcdfa34a8a0c:group-C4C40369ED55:LeaderElection14] INFO  grpc.GrpcConfigKeys$Server (ConfUtils.java:logGet(43)) - raft.grpc.server.leader.outstanding.appends.max = 128 (default)
2019-08-22 17:40:25,695 [431e9d5c-189d-4913-bc0e-bcdfa34a8a0c:group-C4C40369ED55:LeaderElection14] INFO  server.RaftServerConfigKeys (ConfUtils.java:logGet(43)) - raft.server.rpc.request.timeout = 3000ms (default)
2019-08-22 17:40:25,695 [431e9d5c-189d-4913-bc0e-bcdfa34a8a0c:group-C4C40369ED55:LeaderElection14] INFO  server.RaftServerConfigKeys (ConfUtils.java:logGet(43)) - raft.server.log.appender.install.snapshot.enabled = false (custom)
2019-08-22 17:40:25,695 [431e9d5c-189d-4913-bc0e-bcdfa34a8a0c:group-C4C40369ED55:LeaderElection14] INFO  server.RaftServerConfigKeys (ConfUtils.java:logGet(43)) - raft.server.log.appender.snapshot.chunk.size.max = 16MB (=16777216) (default)
2019-08-22 17:40:25,696 [431e9d5c-189d-4913-bc0e-bcdfa34a8a0c:group-C4C40369ED55:LeaderElection14] INFO  server.RaftServerConfigKeys (ConfUtils.java:logGet(43)) - raft.server.log.appender.buffer.byte-limit = 33554432 (custom)
2019-08-22 17:40:25,696 [431e9d5c-189d-4913-bc0e-bcdfa34a8a0c:group-C4C40369ED55:LeaderElection14] INFO  server.RaftServerConfigKeys (ConfUtils.java:logGet(43)) - raft.server.log.appender.buffer.element-limit = 1 (custom)
2019-08-22 17:40:25,696 [431e9d5c-189d-4913-bc0e-bcdfa34a8a0c:group-C4C40369ED55:LeaderElection14] INFO  grpc.GrpcConfigKeys$Server (ConfUtils.java:logGet(43)) - raft.grpc.server.leader.outstanding.appends.max = 128 (default)
2019-08-22 17:40:25,696 [431e9d5c-189d-4913-bc0e-bcdfa34a8a0c:group-C4C40369ED55:LeaderElection14] INFO  server.RaftServerConfigKeys (ConfUtils.java:logGet(43)) - raft.server.rpc.request.timeout = 3000ms (default)
2019-08-22 17:40:25,696 [431e9d5c-189d-4913-bc0e-bcdfa34a8a0c:group-C4C40369ED55:LeaderElection14] INFO  server.RaftServerConfigKeys (ConfUtils.java:logGet(43)) - raft.server.log.appender.install.snapshot.enabled = false (custom)
2019-08-22 17:40:25,697 [431e9d5c-189d-4913-bc0e-bcdfa34a8a0c:group-C4C40369ED55:LeaderElection14] INFO  impl.RoleInfo (RoleInfo.java:updateAndGet(143)) - 431e9d5c-189d-4913-bc0e-bcdfa34a8a0c: start LeaderState
2019-08-22 17:40:25,697 [431e9d5c-189d-4913-bc0e-bcdfa34a8a0c:group-C4C40369ED55:LeaderElection14] INFO  segmented.SegmentedRaftLogWorker (SegmentedRaftLogWorker.java:rollLogSegment(385)) - 431e9d5c-189d-4913-bc0e-bcdfa34a8a0c-SegmentedRaftLogWorker:Storage Directory /workdir/hadoop-ozone/integration-test/target/test-dir/MiniOzoneClusterImpl-c42309d1-0cec-4db9-9c35-8d22088a372f/datanode-5/data/ratis/592b2e34-5e76-4acf-817a-c4c40369ed55: Rolling segment log-0_16 to index:16
2019-08-22 17:40:25,700 [431e9d5c-189d-4913-bc0e-bcdfa34a8a0c:group-C4C40369ED55:LeaderElection14] INFO  impl.RaftServerImpl (ServerState.java:setRaftConf(361)) - 431e9d5c-189d-4913-bc0e-bcdfa34a8a0c:group-C4C40369ED55 set configuration 17: [a1f47dd0-84e3-4d6e-b4c6-03c6939721b7:192.168.5.173:36744, 3d7b10ec-55d3-4b38-809c-43b59ae8e43b:192.168.5.173:46093, 431e9d5c-189d-4913-bc0e-bcdfa34a8a0c:192.168.5.173:43660], old=null at 17
2019-08-22 17:40:25,702 [431e9d5c-189d-4913-bc0e-bcdfa34a8a0c-SegmentedRaftLogWorker:Storage Directory /workdir/hadoop-ozone/integration-test/target/test-dir/MiniOzoneClusterImpl-c42309d1-0cec-4db9-9c35-8d22088a372f/datanode-5/data/ratis/592b2e34-5e76-4acf-817a-c4c40369ed55] INFO  segmented.SegmentedRaftLogWorker (SegmentedRaftLogWorker.java:execute(526)) - 431e9d5c-189d-4913-bc0e-bcdfa34a8a0c-SegmentedRaftLogWorker:Storage Directory /workdir/hadoop-ozone/integration-test/target/test-dir/MiniOzoneClusterImpl-c42309d1-0cec-4db9-9c35-8d22088a372f/datanode-5/data/ratis/592b2e34-5e76-4acf-817a-c4c40369ed55: Rolled log segment from /workdir/hadoop-ozone/integration-test/target/test-dir/MiniOzoneClusterImpl-c42309d1-0cec-4db9-9c35-8d22088a372f/datanode-5/data/ratis/592b2e34-5e76-4acf-817a-c4c40369ed55/current/log_inprogress_0 to /workdir/hadoop-ozone/integration-test/target/test-dir/MiniOzoneClusterImpl-c42309d1-0cec-4db9-9c35-8d22088a372f/datanode-5/data/ratis/592b2e34-5e76-4acf-817a-c4c40369ed55/current/log_0-16
2019-08-22 17:40:25,702 [grpc-default-executor-0] WARN  server.GrpcLogAppender (LogUtils.java:warn(134)) - 431e9d5c-189d-4913-bc0e-bcdfa34a8a0c->a1f47dd0-84e3-4d6e-b4c6-03c6939721b7: Failed appendEntries: org.apache.ratis.thirdparty.io.grpc.StatusRuntimeException: UNAVAILABLE: io exception
2019-08-22 17:40:25,704 [grpc-default-executor-0] INFO  impl.FollowerInfo (FollowerInfo.java:lambda$new$0(50)) - 431e9d5c-189d-4913-bc0e-bcdfa34a8a0c->a1f47dd0-84e3-4d6e-b4c6-03c6939721b7: nextIndex: updateUnconditionally 17 -> 1
2019-08-22 17:40:25,705 [grpc-default-executor-0] INFO  impl.RaftServerImpl (ServerState.java:setLeader(263)) - 3d7b10ec-55d3-4b38-809c-43b59ae8e43b:group-C4C40369ED55 change Leader from null to 431e9d5c-189d-4913-bc0e-bcdfa34a8a0c at term 2 for appendEntries, leader elected after 40ms
2019-08-22 17:40:25,710 [grpc-default-executor-0] INFO  impl.RaftServerImpl (ServerState.java:setRaftConf(361)) - 3d7b10ec-55d3-4b38-809c-43b59ae8e43b:group-C4C40369ED55 set configuration 17: [a1f47dd0-84e3-4d6e-b4c6-03c6939721b7:192.168.5.173:36744, 3d7b10ec-55d3-4b38-809c-43b59ae8e43b:192.168.5.173:46093, 431e9d5c-189d-4913-bc0e-bcdfa34a8a0c:192.168.5.173:43660], old=null at 17
2019-08-22 17:40:25,710 [grpc-default-executor-0] INFO  segmented.SegmentedRaftLogWorker (SegmentedRaftLogWorker.java:rollLogSegment(385)) - 3d7b10ec-55d3-4b38-809c-43b59ae8e43b-SegmentedRaftLogWorker:Storage Directory /workdir/hadoop-ozone/integration-test/target/test-dir/MiniOzoneClusterImpl-c42309d1-0cec-4db9-9c35-8d22088a372f/datanode-2/data/ratis/592b2e34-5e76-4acf-817a-c4c40369ed55: Rolling segment log-0_16 to index:16
2019-08-22 17:40:25,711 [3d7b10ec-55d3-4b38-809c-43b59ae8e43b-SegmentedRaftLogWorker:Storage Directory /workdir/hadoop-ozone/integration-test/target/test-dir/MiniOzoneClusterImpl-c42309d1-0cec-4db9-9c35-8d22088a372f/datanode-2/data/ratis/592b2e34-5e76-4acf-817a-c4c40369ed55] INFO  segmented.SegmentedRaftLogWorker (SegmentedRaftLogWorker.java:execute(526)) - 3d7b10ec-55d3-4b38-809c-43b59ae8e43b-SegmentedRaftLogWorker:Storage Directory /workdir/hadoop-ozone/integration-test/target/test-dir/MiniOzoneClusterImpl-c42309d1-0cec-4db9-9c35-8d22088a372f/datanode-2/data/ratis/592b2e34-5e76-4acf-817a-c4c40369ed55: Rolled log segment from /workdir/hadoop-ozone/integration-test/target/test-dir/MiniOzoneClusterImpl-c42309d1-0cec-4db9-9c35-8d22088a372f/datanode-2/data/ratis/592b2e34-5e76-4acf-817a-c4c40369ed55/current/log_inprogress_0 to /workdir/hadoop-ozone/integration-test/target/test-dir/MiniOzoneClusterImpl-c42309d1-0cec-4db9-9c35-8d22088a372f/datanode-2/data/ratis/592b2e34-5e76-4acf-817a-c4c40369ed55/current/log_0-16
2019-08-22 17:40:25,749 [431e9d5c-189d-4913-bc0e-bcdfa34a8a0c-SegmentedRaftLogWorker:Storage Directory /workdir/hadoop-ozone/integration-test/target/test-dir/MiniOzoneClusterImpl-c42309d1-0cec-4db9-9c35-8d22088a372f/datanode-5/data/ratis/592b2e34-5e76-4acf-817a-c4c40369ed55] INFO  segmented.SegmentedRaftLogWorker (SegmentedRaftLogWorker.java:execute(569)) - 431e9d5c-189d-4913-bc0e-bcdfa34a8a0c-SegmentedRaftLogWorker:Storage Directory /workdir/hadoop-ozone/integration-test/target/test-dir/MiniOzoneClusterImpl-c42309d1-0cec-4db9-9c35-8d22088a372f/datanode-5/data/ratis/592b2e34-5e76-4acf-817a-c4c40369ed55: created new log segment /workdir/hadoop-ozone/integration-test/target/test-dir/MiniOzoneClusterImpl-c42309d1-0cec-4db9-9c35-8d22088a372f/datanode-5/data/ratis/592b2e34-5e76-4acf-817a-c4c40369ed55/current/log_inprogress_17
2019-08-22 17:40:25,749 [3d7b10ec-55d3-4b38-809c-43b59ae8e43b-SegmentedRaftLogWorker:Storage Directory /workdir/hadoop-ozone/integration-test/target/test-dir/MiniOzoneClusterImpl-c42309d1-0cec-4db9-9c35-8d22088a372f/datanode-2/data/ratis/592b2e34-5e76-4acf-817a-c4c40369ed55] INFO  segmented.SegmentedRaftLogWorker (SegmentedRaftLogWorker.java:execute(569)) - 3d7b10ec-55d3-4b38-809c-43b59ae8e43b-SegmentedRaftLogWorker:Storage Directory /workdir/hadoop-ozone/integration-test/target/test-dir/MiniOzoneClusterImpl-c42309d1-0cec-4db9-9c35-8d22088a372f/datanode-2/data/ratis/592b2e34-5e76-4acf-817a-c4c40369ed55: created new log segment /workdir/hadoop-ozone/integration-test/target/test-dir/MiniOzoneClusterImpl-c42309d1-0cec-4db9-9c35-8d22088a372f/datanode-2/data/ratis/592b2e34-5e76-4acf-817a-c4c40369ed55/current/log_inprogress_17
2019-08-22 17:40:25,783 | INFO  | SCMAudit | user=jenkins1000 | ip=192.168.5.173 | op=SEND_HEARTBEAT {datanodeUUID=c2b5941d-b72d-41e9-8cce-67773fde2f8a, command=[]} | ret=SUCCESS |  
2019-08-22 17:40:25,787 | INFO  | DNAudit | user=null | ip=null | op=READ_CHUNK {blockData=conID: 1 locID: 102661856004997121 bcsId: 0} | ret=SUCCESS |  
2019-08-22 17:40:25,800 [grpc-default-executor-3] WARN  server.GrpcLogAppender (LogUtils.java:warn(134)) - 431e9d5c-189d-4913-bc0e-bcdfa34a8a0c->a1f47dd0-84e3-4d6e-b4c6-03c6939721b7: Failed appendEntries: org.apache.ratis.thirdparty.io.grpc.StatusRuntimeException: UNAVAILABLE: io exception
2019-08-22 17:40:25,801 [grpc-default-executor-3] INFO  impl.FollowerInfo (FollowerInfo.java:lambda$new$0(50)) - 431e9d5c-189d-4913-bc0e-bcdfa34a8a0c->a1f47dd0-84e3-4d6e-b4c6-03c6939721b7: nextIndex: updateUnconditionally 2 -> 1
2019-08-22 17:40:25,857 [grpc-default-executor-1] WARN  server.GrpcLogAppender (LogUtils.java:warn(134)) - c0e77ccd-2b09-4a23-a664-68073c461c61->6b3b49b3-a706-4943-ae36-3fb349ffaff4: Failed appendEntries: org.apache.ratis.thirdparty.io.grpc.StatusRuntimeException: UNAVAILABLE: io exception
2019-08-22 17:40:25,858 [grpc-default-executor-1] INFO  impl.FollowerInfo (FollowerInfo.java:lambda$new$0(50)) - c0e77ccd-2b09-4a23-a664-68073c461c61->6b3b49b3-a706-4943-ae36-3fb349ffaff4: nextIndex: updateUnconditionally 3 -> 2
2019-08-22 17:40:26,199 [EventQueue-StaleNodeForStaleNodeHandler] INFO  node.StaleNodeHandler (StaleNodeHandler.java:onMessage(58)) - Datanode 3d7b10ec-55d3-4b38-809c-43b59ae8e43b{ip: 192.168.5.173, host: pr-hdds-1808-4dtdn-3774871440, networkLocation: /default-rack, certSerialId: null} moved to stale state. Finalizing its pipelines [PipelineID=592b2e34-5e76-4acf-817a-c4c40369ed55, PipelineID=2313a023-d8e2-466a-9bf1-2434285e5bf5]
2019-08-22 17:40:26,200 [EventQueue-StaleNodeForStaleNodeHandler] INFO  pipeline.SCMPipelineManager (SCMPipelineManager.java:finalizeAndDestroyPipeline(309)) - destroying pipeline:Pipeline[ Id: 592b2e34-5e76-4acf-817a-c4c40369ed55, Nodes: 3d7b10ec-55d3-4b38-809c-43b59ae8e43b{ip: 192.168.5.173, host: pr-hdds-1808-4dtdn-3774871440, networkLocation: /default-rack, certSerialId: null}a1f47dd0-84e3-4d6e-b4c6-03c6939721b7{ip: 192.168.5.173, host: pr-hdds-1808-4dtdn-3774871440, networkLocation: /default-rack, certSerialId: null}431e9d5c-189d-4913-bc0e-bcdfa34a8a0c{ip: 192.168.5.173, host: pr-hdds-1808-4dtdn-3774871440, networkLocation: /default-rack, certSerialId: null}, Type:RATIS, Factor:THREE, State:CLOSED]
2019-08-22 17:40:26,200 [EventQueue-StaleNodeForStaleNodeHandler] INFO  pipeline.SCMPipelineManager (SCMPipelineManager.java:finalizeAndDestroyPipeline(309)) - destroying pipeline:Pipeline[ Id: 2313a023-d8e2-466a-9bf1-2434285e5bf5, Nodes: 3d7b10ec-55d3-4b38-809c-43b59ae8e43b{ip: 192.168.5.173, host: pr-hdds-1808-4dtdn-3774871440, networkLocation: /default-rack, certSerialId: null}, Type:RATIS, Factor:ONE, State:OPEN]
2019-08-22 17:40:26,200 [EventQueue-StaleNodeForStaleNodeHandler] INFO  pipeline.PipelineStateManager (PipelineStateManager.java:finalizePipeline(123)) - Pipeline Pipeline[ Id: 2313a023-d8e2-466a-9bf1-2434285e5bf5, Nodes: 3d7b10ec-55d3-4b38-809c-43b59ae8e43b{ip: 192.168.5.173, host: pr-hdds-1808-4dtdn-3774871440, networkLocation: /default-rack, certSerialId: null}, Type:RATIS, Factor:ONE, State:CLOSED] moved to CLOSED state
2019-08-22 17:40:26,209 | INFO  | SCMAudit | user=jenkins1000 | ip=192.168.5.173 | op=SEND_HEARTBEAT {datanodeUUID=431e9d5c-189d-4913-bc0e-bcdfa34a8a0c, command=[]} | ret=SUCCESS |  
2019-08-22 17:40:26,580 | INFO  | SCMAudit | user=jenkins1000 | ip=192.168.5.173 | op=SEND_HEARTBEAT {datanodeUUID=f13cbeb3-1638-40ca-a674-1282dfb13b44, command=[]} | ret=SUCCESS |  
2019-08-22 17:40:26,783 | INFO  | SCMAudit | user=jenkins1000 | ip=192.168.5.173 | op=SEND_HEARTBEAT {datanodeUUID=c2b5941d-b72d-41e9-8cce-67773fde2f8a, command=[]} | ret=SUCCESS |  
2019-08-22 17:40:26,786 [ForkJoinPool.commonPool-worker-1] INFO  ozoneimpl.OzoneContainer (OzoneContainer.java:stop(199)) - Attempting to stop container services.
2019-08-22 17:40:26,786 [ForkJoinPool.commonPool-worker-1] INFO  impl.RaftServerProxy (RaftServerProxy.java:lambda$close$4(314)) - 3d7b10ec-55d3-4b38-809c-43b59ae8e43b: close
2019-08-22 17:40:26,787 [ForkJoinPool.commonPool-worker-1] INFO  impl.RaftServerImpl (RaftServerImpl.java:lambda$shutdown$3(245)) - 3d7b10ec-55d3-4b38-809c-43b59ae8e43b: shutdown group-C4C40369ED55
2019-08-22 17:40:26,787 [ForkJoinPool.commonPool-worker-1] INFO  util.JmxRegister (JmxRegister.java:unregister(73)) - Successfully un-registered JMX Bean with object name Ratis:service=RaftServer,group=group-C4C40369ED55,id=3d7b10ec-55d3-4b38-809c-43b59ae8e43b
2019-08-22 17:40:26,788 [ForkJoinPool.commonPool-worker-1] INFO  impl.RoleInfo (RoleInfo.java:shutdownFollowerState(121)) - 3d7b10ec-55d3-4b38-809c-43b59ae8e43b: shutdown FollowerState
2019-08-22 17:40:26,788 [ForkJoinPool.commonPool-worker-1] INFO  impl.StateMachineUpdater (StateMachineUpdater.java:stopAndJoin(115)) - StateMachineUpdater:3d7b10ec-55d3-4b38-809c-43b59ae8e43b:group-C4C40369ED55: set stopIndex = 17
2019-08-22 17:40:26,788 [StateMachineUpdater:3d7b10ec-55d3-4b38-809c-43b59ae8e43b:group-C4C40369ED55] INFO  ratis.ContainerStateMachine (ContainerStateMachine.java:takeSnapshot(283)) - group-C4C40369ED55: Taking a snapshot at:(t:1, i:16) file /workdir/hadoop-ozone/integration-test/target/test-dir/MiniOzoneClusterImpl-c42309d1-0cec-4db9-9c35-8d22088a372f/datanode-2/data/ratis/592b2e34-5e76-4acf-817a-c4c40369ed55/sm/snapshot.1_16
2019-08-22 17:40:26,788 [Thread-455] INFO  impl.FollowerState (FollowerState.java:run(114)) - 3d7b10ec-55d3-4b38-809c-43b59ae8e43b: FollowerState was interrupted: java.lang.InterruptedException: sleep interrupted
2019-08-22 17:40:26,798 [main] INFO  ozoneimpl.OzoneContainer (OzoneContainer.java:stop(199)) - Attempting to stop container services.
2019-08-22 17:40:26,799 [main] INFO  impl.RaftServerProxy (RaftServerProxy.java:lambda$close$4(314)) - c0e77ccd-2b09-4a23-a664-68073c461c61: close
2019-08-22 17:40:26,799 [main] INFO  impl.RaftServerImpl (RaftServerImpl.java:lambda$shutdown$3(245)) - c0e77ccd-2b09-4a23-a664-68073c461c61: shutdown group-FC8A0A837E98
2019-08-22 17:40:26,800 [main] INFO  util.JmxRegister (JmxRegister.java:unregister(73)) - Successfully un-registered JMX Bean with object name Ratis:service=RaftServer,group=group-FC8A0A837E98,id=c0e77ccd-2b09-4a23-a664-68073c461c61
2019-08-22 17:40:26,800 [main] INFO  impl.RoleInfo (RoleInfo.java:shutdownLeaderState(104)) - c0e77ccd-2b09-4a23-a664-68073c461c61: shutdown LeaderState
2019-08-22 17:40:26,801 [EventQueue-StaleNodeForStaleNodeHandler] INFO  node.StaleNodeHandler (StaleNodeHandler.java:onMessage(58)) - Datanode c0e77ccd-2b09-4a23-a664-68073c461c61{ip: 192.168.5.173, host: pr-hdds-1808-4dtdn-3774871440, networkLocation: /default-rack, certSerialId: null} moved to stale state. Finalizing its pipelines [PipelineID=aa656320-ae26-421a-bb6b-fc8a0a837e98, PipelineID=80305de2-18de-4e0a-9cdc-9b5aaf70c598]
2019-08-22 17:40:26,801 [main] INFO  impl.PendingRequests (PendingRequests.java:sendNotLeaderResponses(202)) - c0e77ccd-2b09-4a23-a664-68073c461c61-PendingRequests: sendNotLeaderResponses
2019-08-22 17:40:26,801 [EventQueue-StaleNodeForStaleNodeHandler] INFO  pipeline.SCMPipelineManager (SCMPipelineManager.java:finalizeAndDestroyPipeline(309)) - destroying pipeline:Pipeline[ Id: aa656320-ae26-421a-bb6b-fc8a0a837e98, Nodes: c0e77ccd-2b09-4a23-a664-68073c461c61{ip: 192.168.5.173, host: pr-hdds-1808-4dtdn-3774871440, networkLocation: /default-rack, certSerialId: null}, Type:RATIS, Factor:ONE, State:OPEN]
2019-08-22 17:40:26,802 [main] INFO  impl.StateMachineUpdater (StateMachineUpdater.java:stopAndJoin(115)) - StateMachineUpdater:c0e77ccd-2b09-4a23-a664-68073c461c61:group-FC8A0A837E98: set stopIndex = 0
2019-08-22 17:40:26,802 [EventQueue-StaleNodeForStaleNodeHandler] INFO  pipeline.PipelineStateManager (PipelineStateManager.java:finalizePipeline(123)) - Pipeline Pipeline[ Id: aa656320-ae26-421a-bb6b-fc8a0a837e98, Nodes: c0e77ccd-2b09-4a23-a664-68073c461c61{ip: 192.168.5.173, host: pr-hdds-1808-4dtdn-3774871440, networkLocation: /default-rack, certSerialId: null}, Type:RATIS, Factor:ONE, State:CLOSED] moved to CLOSED state
2019-08-22 17:40:26,802 [main] INFO  impl.RaftServerImpl (ServerState.java:close(394)) - c0e77ccd-2b09-4a23-a664-68073c461c61:group-FC8A0A837E98 closes. The last applied log index is 0
2019-08-22 17:40:26,802 [EventQueue-StaleNodeForStaleNodeHandler] INFO  pipeline.SCMPipelineManager (SCMPipelineManager.java:finalizeAndDestroyPipeline(309)) - destroying pipeline:Pipeline[ Id: 80305de2-18de-4e0a-9cdc-9b5aaf70c598, Nodes: c2b5941d-b72d-41e9-8cce-67773fde2f8a{ip: 192.168.5.173, host: pr-hdds-1808-4dtdn-3774871440, networkLocation: /default-rack, certSerialId: null}6b3b49b3-a706-4943-ae36-3fb349ffaff4{ip: 192.168.5.173, host: pr-hdds-1808-4dtdn-3774871440, networkLocation: /default-rack, certSerialId: null}c0e77ccd-2b09-4a23-a664-68073c461c61{ip: 192.168.5.173, host: pr-hdds-1808-4dtdn-3774871440, networkLocation: /default-rack, certSerialId: null}, Type:RATIS, Factor:THREE, State:CLOSED]
2019-08-22 17:40:26,803 [c0e77ccd-2b09-4a23-a664-68073c461c61-SegmentedRaftLogWorker:Storage Directory /workdir/hadoop-ozone/integration-test/target/test-dir/MiniOzoneClusterImpl-c42309d1-0cec-4db9-9c35-8d22088a372f/datanode-3/data/ratis/aa656320-ae26-421a-bb6b-fc8a0a837e98] INFO  segmented.SegmentedRaftLogWorker (SegmentedRaftLogWorker.java:run(313)) - c0e77ccd-2b09-4a23-a664-68073c461c61-SegmentedRaftLogWorker:Storage Directory /workdir/hadoop-ozone/integration-test/target/test-dir/MiniOzoneClusterImpl-c42309d1-0cec-4db9-9c35-8d22088a372f/datanode-3/data/ratis/aa656320-ae26-421a-bb6b-fc8a0a837e98 was interrupted, exiting. There are 0 tasks remaining in the queue.
2019-08-22 17:40:26,805 [main] INFO  segmented.SegmentedRaftLogWorker (SegmentedRaftLogWorker.java:close(228)) - c0e77ccd-2b09-4a23-a664-68073c461c61-SegmentedRaftLogWorker:Storage Directory /workdir/hadoop-ozone/integration-test/target/test-dir/MiniOzoneClusterImpl-c42309d1-0cec-4db9-9c35-8d22088a372f/datanode-3/data/ratis/aa656320-ae26-421a-bb6b-fc8a0a837e98 close()
2019-08-22 17:40:26,808 [main] INFO  impl.RaftServerImpl (RaftServerImpl.java:lambda$shutdown$3(245)) - c0e77ccd-2b09-4a23-a664-68073c461c61: shutdown group-9B5AAF70C598
2019-08-22 17:40:26,808 [main] INFO  util.JmxRegister (JmxRegister.java:unregister(73)) - Successfully un-registered JMX Bean with object name Ratis:service=RaftServer,group=group-9B5AAF70C598,id=c0e77ccd-2b09-4a23-a664-68073c461c61
2019-08-22 17:40:26,809 [main] INFO  impl.RoleInfo (RoleInfo.java:shutdownLeaderState(104)) - c0e77ccd-2b09-4a23-a664-68073c461c61: shutdown LeaderState
2019-08-22 17:40:26,811 [org.apache.ratis.server.impl.LogAppender$AppenderDaemon$$Lambda$482/463698091@dc51aa] WARN  server.GrpcLogAppender (GrpcLogAppender.java:mayWait(143)) - GrpcLogAppender(c0e77ccd-2b09-4a23-a664-68073c461c61->c2b5941d-b72d-41e9-8cce-67773fde2f8a): Wait interrupted by java.lang.InterruptedException
2019-08-22 17:40:26,811 [main] INFO  impl.PendingRequests (PendingRequests.java:sendNotLeaderResponses(202)) - c0e77ccd-2b09-4a23-a664-68073c461c61-PendingRequests: sendNotLeaderResponses
2019-08-22 17:40:26,811 [org.apache.ratis.server.impl.LogAppender$AppenderDaemon$$Lambda$482/463698091@45dedfd5] WARN  server.GrpcLogAppender (GrpcLogAppender.java:mayWait(143)) - GrpcLogAppender(c0e77ccd-2b09-4a23-a664-68073c461c61->6b3b49b3-a706-4943-ae36-3fb349ffaff4): Wait interrupted by java.lang.InterruptedException
2019-08-22 17:40:26,816 [main] INFO  impl.StateMachineUpdater (StateMachineUpdater.java:stopAndJoin(115)) - StateMachineUpdater:c0e77ccd-2b09-4a23-a664-68073c461c61:group-9B5AAF70C598: set stopIndex = 4
2019-08-22 17:40:26,817 [StateMachineUpdater:c0e77ccd-2b09-4a23-a664-68073c461c61:group-9B5AAF70C598] INFO  ratis.ContainerStateMachine (ContainerStateMachine.java:takeSnapshot(283)) - group-9B5AAF70C598: Taking a snapshot at:(t:2, i:4) file /workdir/hadoop-ozone/integration-test/target/test-dir/MiniOzoneClusterImpl-c42309d1-0cec-4db9-9c35-8d22088a372f/datanode-3/data/ratis/80305de2-18de-4e0a-9cdc-9b5aaf70c598/sm/snapshot.2_4
2019-08-22 17:40:26,817 [grpc-default-executor-1] INFO  server.GrpcServerProtocolService (GrpcServerProtocolService.java:onCompleted(104)) - c2b5941d-b72d-41e9-8cce-67773fde2f8a: appendEntries completed
2019-08-22 17:40:26,820 [grpc-default-executor-1] INFO  server.GrpcLogAppender (GrpcLogAppender.java:onCompleted(292)) - c0e77ccd-2b09-4a23-a664-68073c461c61->c2b5941d-b72d-41e9-8cce-67773fde2f8a: follower responses appendEntries COMPLETED
2019-08-22 17:40:26,822 [grpc-default-executor-1] INFO  impl.FollowerInfo (FollowerInfo.java:lambda$new$0(50)) - c0e77ccd-2b09-4a23-a664-68073c461c61->c2b5941d-b72d-41e9-8cce-67773fde2f8a: nextIndex: updateUnconditionally 5 -> 4
2019-08-22 17:40:26,822 [StateMachineUpdater:3d7b10ec-55d3-4b38-809c-43b59ae8e43b:group-C4C40369ED55] INFO  ratis.ContainerStateMachine (ContainerStateMachine.java:takeSnapshot(294)) - group-C4C40369ED55: Finished taking a snapshot at:(t:1, i:16) file:/workdir/hadoop-ozone/integration-test/target/test-dir/MiniOzoneClusterImpl-c42309d1-0cec-4db9-9c35-8d22088a372f/datanode-2/data/ratis/592b2e34-5e76-4acf-817a-c4c40369ed55/sm/snapshot.1_16 time:34
2019-08-22 17:40:26,822 [StateMachineUpdater:3d7b10ec-55d3-4b38-809c-43b59ae8e43b:group-C4C40369ED55] INFO  impl.StateMachineUpdater (StateMachineUpdater.java:takeSnapshot(242)) - StateMachineUpdater:3d7b10ec-55d3-4b38-809c-43b59ae8e43b:group-C4C40369ED55: Took a snapshot at index 16
2019-08-22 17:40:26,822 [StateMachineUpdater:3d7b10ec-55d3-4b38-809c-43b59ae8e43b:group-C4C40369ED55] INFO  impl.StateMachineUpdater (StateMachineUpdater.java:lambda$new$0(80)) - StateMachineUpdater:3d7b10ec-55d3-4b38-809c-43b59ae8e43b:group-C4C40369ED55: snapshotIndex: updateIncreasingly -1 -> 16
2019-08-22 17:40:26,823 [ForkJoinPool.commonPool-worker-1] INFO  impl.RaftServerImpl (ServerState.java:close(394)) - 3d7b10ec-55d3-4b38-809c-43b59ae8e43b:group-C4C40369ED55 closes. The last applied log index is 17
2019-08-22 17:40:26,824 [3d7b10ec-55d3-4b38-809c-43b59ae8e43b-SegmentedRaftLogWorker:Storage Directory /workdir/hadoop-ozone/integration-test/target/test-dir/MiniOzoneClusterImpl-c42309d1-0cec-4db9-9c35-8d22088a372f/datanode-2/data/ratis/592b2e34-5e76-4acf-817a-c4c40369ed55] INFO  segmented.SegmentedRaftLogWorker (SegmentedRaftLogWorker.java:run(313)) - 3d7b10ec-55d3-4b38-809c-43b59ae8e43b-SegmentedRaftLogWorker:Storage Directory /workdir/hadoop-ozone/integration-test/target/test-dir/MiniOzoneClusterImpl-c42309d1-0cec-4db9-9c35-8d22088a372f/datanode-2/data/ratis/592b2e34-5e76-4acf-817a-c4c40369ed55 was interrupted, exiting. There are 0 tasks remaining in the queue.
2019-08-22 17:40:26,825 [ForkJoinPool.commonPool-worker-1] INFO  segmented.SegmentedRaftLogWorker (SegmentedRaftLogWorker.java:close(228)) - 3d7b10ec-55d3-4b38-809c-43b59ae8e43b-SegmentedRaftLogWorker:Storage Directory /workdir/hadoop-ozone/integration-test/target/test-dir/MiniOzoneClusterImpl-c42309d1-0cec-4db9-9c35-8d22088a372f/datanode-2/data/ratis/592b2e34-5e76-4acf-817a-c4c40369ed55 close()
2019-08-22 17:40:26,827 [ForkJoinPool.commonPool-worker-1] INFO  impl.RaftServerImpl (RaftServerImpl.java:lambda$shutdown$3(245)) - 3d7b10ec-55d3-4b38-809c-43b59ae8e43b: shutdown group-2434285E5BF5
2019-08-22 17:40:26,828 [ForkJoinPool.commonPool-worker-1] INFO  util.JmxRegister (JmxRegister.java:unregister(73)) - Successfully un-registered JMX Bean with object name Ratis:service=RaftServer,group=group-2434285E5BF5,id=3d7b10ec-55d3-4b38-809c-43b59ae8e43b
2019-08-22 17:40:26,828 [ForkJoinPool.commonPool-worker-1] INFO  impl.RoleInfo (RoleInfo.java:shutdownLeaderState(104)) - 3d7b10ec-55d3-4b38-809c-43b59ae8e43b: shutdown LeaderState
2019-08-22 17:40:26,828 [ForkJoinPool.commonPool-worker-1] INFO  impl.PendingRequests (PendingRequests.java:sendNotLeaderResponses(202)) - 3d7b10ec-55d3-4b38-809c-43b59ae8e43b-PendingRequests: sendNotLeaderResponses
2019-08-22 17:40:26,829 [ForkJoinPool.commonPool-worker-1] INFO  impl.StateMachineUpdater (StateMachineUpdater.java:stopAndJoin(115)) - StateMachineUpdater:3d7b10ec-55d3-4b38-809c-43b59ae8e43b:group-2434285E5BF5: set stopIndex = 0
2019-08-22 17:40:26,829 [ForkJoinPool.commonPool-worker-1] INFO  impl.RaftServerImpl (ServerState.java:close(394)) - 3d7b10ec-55d3-4b38-809c-43b59ae8e43b:group-2434285E5BF5 closes. The last applied log index is 0
2019-08-22 17:40:26,830 [3d7b10ec-55d3-4b38-809c-43b59ae8e43b-SegmentedRaftLogWorker:Storage Directory /workdir/hadoop-ozone/integration-test/target/test-dir/MiniOzoneClusterImpl-c42309d1-0cec-4db9-9c35-8d22088a372f/datanode-2/data/ratis/2313a023-d8e2-466a-9bf1-2434285e5bf5] INFO  segmented.SegmentedRaftLogWorker (SegmentedRaftLogWorker.java:run(313)) - 3d7b10ec-55d3-4b38-809c-43b59ae8e43b-SegmentedRaftLogWorker:Storage Directory /workdir/hadoop-ozone/integration-test/target/test-dir/MiniOzoneClusterImpl-c42309d1-0cec-4db9-9c35-8d22088a372f/datanode-2/data/ratis/2313a023-d8e2-466a-9bf1-2434285e5bf5 was interrupted, exiting. There are 0 tasks remaining in the queue.
2019-08-22 17:40:26,831 [ForkJoinPool.commonPool-worker-1] INFO  segmented.SegmentedRaftLogWorker (SegmentedRaftLogWorker.java:close(228)) - 3d7b10ec-55d3-4b38-809c-43b59ae8e43b-SegmentedRaftLogWorker:Storage Directory /workdir/hadoop-ozone/integration-test/target/test-dir/MiniOzoneClusterImpl-c42309d1-0cec-4db9-9c35-8d22088a372f/datanode-2/data/ratis/2313a023-d8e2-466a-9bf1-2434285e5bf5 close()
2019-08-22 17:40:26,834 [ForkJoinPool.commonPool-worker-1] INFO  server.GrpcService (GrpcService.java:closeImpl(155)) - 3d7b10ec-55d3-4b38-809c-43b59ae8e43b: shutdown server with port 46093 now
2019-08-22 17:40:26,836 [grpc-default-executor-3] WARN  server.GrpcServerProtocolService (LogUtils.java:warn(134)) - 3d7b10ec-55d3-4b38-809c-43b59ae8e43b: appendEntries onError: org.apache.ratis.thirdparty.io.grpc.StatusRuntimeException: CANCELLED: cancelled before receiving half close
2019-08-22 17:40:26,836 [ForkJoinPool.commonPool-worker-1] INFO  server.GrpcService (GrpcService.java:closeImpl(163)) - 3d7b10ec-55d3-4b38-809c-43b59ae8e43b: shutdown server with port 46093 successfully
2019-08-22 17:40:26,836 [grpc-default-executor-3] WARN  server.GrpcLogAppender (LogUtils.java:warn(134)) - 431e9d5c-189d-4913-bc0e-bcdfa34a8a0c->3d7b10ec-55d3-4b38-809c-43b59ae8e43b: Failed appendEntries: org.apache.ratis.thirdparty.io.grpc.StatusRuntimeException: CANCELLED: HTTP/2 error code: CANCEL
Received Rst Stream
2019-08-22 17:40:27,757 [grpc-default-executor-3] INFO  impl.FollowerInfo (FollowerInfo.java:lambda$new$0(50)) - 431e9d5c-189d-4913-bc0e-bcdfa34a8a0c->3d7b10ec-55d3-4b38-809c-43b59ae8e43b: nextIndex: updateUnconditionally 19 -> 18
2019-08-22 17:40:27,757 [StateMachineUpdater:c0e77ccd-2b09-4a23-a664-68073c461c61:group-9B5AAF70C598] INFO  ratis.ContainerStateMachine (ContainerStateMachine.java:takeSnapshot(294)) - group-9B5AAF70C598: Finished taking a snapshot at:(t:2, i:4) file:/workdir/hadoop-ozone/integration-test/target/test-dir/MiniOzoneClusterImpl-c42309d1-0cec-4db9-9c35-8d22088a372f/datanode-3/data/ratis/80305de2-18de-4e0a-9cdc-9b5aaf70c598/sm/snapshot.2_4 time:940
2019-08-22 17:40:27,757 [ForkJoinPool.commonPool-worker-1] INFO  utils.BackgroundService (BackgroundService.java:shutdown(148)) - Shutting down service BlockDeletingService
2019-08-22 17:40:27,758 [StateMachineUpdater:c0e77ccd-2b09-4a23-a664-68073c461c61:group-9B5AAF70C598] INFO  impl.StateMachineUpdater (StateMachineUpdater.java:takeSnapshot(242)) - StateMachineUpdater:c0e77ccd-2b09-4a23-a664-68073c461c61:group-9B5AAF70C598: Took a snapshot at index 4
2019-08-22 17:40:27,758 [StateMachineUpdater:c0e77ccd-2b09-4a23-a664-68073c461c61:group-9B5AAF70C598] INFO  impl.StateMachineUpdater (StateMachineUpdater.java:lambda$new$0(80)) - StateMachineUpdater:c0e77ccd-2b09-4a23-a664-68073c461c61:group-9B5AAF70C598: snapshotIndex: updateIncreasingly -1 -> 4
2019-08-22 17:40:27,758 [refreshUsed-/workdir/hadoop-ozone/integration-test/target/test-dir/MiniOzoneClusterImpl-c42309d1-0cec-4db9-9c35-8d22088a372f/datanode-2/data/containers] WARN  fs.CachingGetSpaceUsed (CachingGetSpaceUsed.java:run(183)) - Thread Interrupted waiting to refresh disk information: sleep interrupted
2019-08-22 17:40:27,759 [main] INFO  impl.RaftServerImpl (ServerState.java:close(394)) - c0e77ccd-2b09-4a23-a664-68073c461c61:group-9B5AAF70C598 closes. The last applied log index is 4
2019-08-22 17:40:27,759 | INFO  | SCMAudit | user=jenkins1000 | ip=192.168.5.173 | op=SEND_HEARTBEAT {datanodeUUID=f13cbeb3-1638-40ca-a674-1282dfb13b44, command=[]} | ret=SUCCESS |  
2019-08-22 17:40:27,759 | INFO  | SCMAudit | user=jenkins1000 | ip=192.168.5.173 | op=SEND_HEARTBEAT {datanodeUUID=431e9d5c-189d-4913-bc0e-bcdfa34a8a0c, command=[]} | ret=SUCCESS |  
2019-08-22 17:40:27,759 [c0e77ccd-2b09-4a23-a664-68073c461c61-SegmentedRaftLogWorker:Storage Directory /workdir/hadoop-ozone/integration-test/target/test-dir/MiniOzoneClusterImpl-c42309d1-0cec-4db9-9c35-8d22088a372f/datanode-3/data/ratis/80305de2-18de-4e0a-9cdc-9b5aaf70c598] INFO  segmented.SegmentedRaftLogWorker (SegmentedRaftLogWorker.java:run(313)) - c0e77ccd-2b09-4a23-a664-68073c461c61-SegmentedRaftLogWorker:Storage Directory /workdir/hadoop-ozone/integration-test/target/test-dir/MiniOzoneClusterImpl-c42309d1-0cec-4db9-9c35-8d22088a372f/datanode-3/data/ratis/80305de2-18de-4e0a-9cdc-9b5aaf70c598 was interrupted, exiting. There are 0 tasks remaining in the queue.
2019-08-22 17:40:27,761 [main] INFO  segmented.SegmentedRaftLogWorker (SegmentedRaftLogWorker.java:close(228)) - c0e77ccd-2b09-4a23-a664-68073c461c61-SegmentedRaftLogWorker:Storage Directory /workdir/hadoop-ozone/integration-test/target/test-dir/MiniOzoneClusterImpl-c42309d1-0cec-4db9-9c35-8d22088a372f/datanode-3/data/ratis/80305de2-18de-4e0a-9cdc-9b5aaf70c598 close()
2019-08-22 17:40:27,764 [main] INFO  server.GrpcService (GrpcService.java:closeImpl(155)) - c0e77ccd-2b09-4a23-a664-68073c461c61: shutdown server with port 40314 now
2019-08-22 17:40:27,765 [main] INFO  server.GrpcService (GrpcService.java:closeImpl(163)) - c0e77ccd-2b09-4a23-a664-68073c461c61: shutdown server with port 40314 successfully
2019-08-22 17:40:27,767 [main] INFO  utils.BackgroundService (BackgroundService.java:shutdown(148)) - Shutting down service BlockDeletingService
2019-08-22 17:40:27,770 [refreshUsed-/workdir/hadoop-ozone/integration-test/target/test-dir/MiniOzoneClusterImpl-c42309d1-0cec-4db9-9c35-8d22088a372f/datanode-3/data/containers] WARN  fs.CachingGetSpaceUsed (CachingGetSpaceUsed.java:run(183)) - Thread Interrupted waiting to refresh disk information: sleep interrupted
2019-08-22 17:40:27,784 [ForkJoinPool.commonPool-worker-1] INFO  statemachine.DatanodeStateMachine (DatanodeStateMachine.java:stopDaemon(395)) - Ozone container server stopped.
2019-08-22 17:40:27,786 | INFO  | SCMAudit | user=jenkins1000 | ip=192.168.5.173 | op=SEND_HEARTBEAT {datanodeUUID=c2b5941d-b72d-41e9-8cce-67773fde2f8a, command=[]} | ret=SUCCESS |  
2019-08-22 17:40:27,788 [main] INFO  statemachine.DatanodeStateMachine (DatanodeStateMachine.java:stopDaemon(395)) - Ozone container server stopped.
2019-08-22 17:40:27,790 [ForkJoinPool.commonPool-worker-1] INFO  handler.ContextHandler (ContextHandler.java:doStop(910)) - Stopped o.e.j.w.WebAppContext@8c0a23f{/,null,UNAVAILABLE}{/hddsDatanode}
2019-08-22 17:40:27,790 [main] INFO  handler.ContextHandler (ContextHandler.java:doStop(910)) - Stopped o.e.j.w.WebAppContext@6c835217{/,null,UNAVAILABLE}{/hddsDatanode}
2019-08-22 17:40:27,791 [ForkJoinPool.commonPool-worker-1] INFO  server.AbstractConnector (AbstractConnector.java:doStop(318)) - Stopped ServerConnector@44d7e24{HTTP/1.1,[http/1.1]}{0.0.0.0:0}
2019-08-22 17:40:27,791 [main] INFO  server.AbstractConnector (AbstractConnector.java:doStop(318)) - Stopped ServerConnector@4584304{HTTP/1.1,[http/1.1]}{0.0.0.0:0}
2019-08-22 17:40:27,792 [ForkJoinPool.commonPool-worker-1] INFO  handler.ContextHandler (ContextHandler.java:doStop(910)) - Stopped o.e.j.s.ServletContextHandler@39832280{/static,jar:file:/home/user/.m2/repository/org/apache/hadoop/hadoop-hdds-container-service/0.5.0-SNAPSHOT/hadoop-hdds-container-service-0.5.0-SNAPSHOT.jar!/webapps/static,UNAVAILABLE}
2019-08-22 17:40:27,792 [main] INFO  handler.ContextHandler (ContextHandler.java:doStop(910)) - Stopped o.e.j.s.ServletContextHandler@55877274{/static,jar:file:/home/user/.m2/repository/org/apache/hadoop/hadoop-hdds-container-service/0.5.0-SNAPSHOT/hadoop-hdds-container-service-0.5.0-SNAPSHOT.jar!/webapps/static,UNAVAILABLE}
2019-08-22 17:40:27,793 [ForkJoinPool.commonPool-worker-1] INFO  handler.ContextHandler (ContextHandler.java:doStop(910)) - Stopped o.e.j.s.ServletContextHandler@41def031{/logs,file:///workdir/hadoop-ozone/integration-test/target/log,UNAVAILABLE}
2019-08-22 17:40:27,793 [main] INFO  handler.ContextHandler (ContextHandler.java:doStop(910)) - Stopped o.e.j.s.ServletContextHandler@7da1e005{/logs,file:///workdir/hadoop-ozone/integration-test/target/log,UNAVAILABLE}
2019-08-22 17:40:27,795 [ForkJoinPool.commonPool-worker-1] INFO  datanode.ObjectStoreHandler (ObjectStoreHandler.java:close(155)) - Closing ObjectStoreHandler.
2019-08-22 17:40:27,795 [main] INFO  datanode.ObjectStoreHandler (ObjectStoreHandler.java:close(155)) - Closing ObjectStoreHandler.
2019-08-22 17:40:27,795 [ForkJoinPool.commonPool-worker-1] INFO  ozone.HddsDatanodeService (HddsDatanodeService.java:stop(451)) - Stopped plug-in org.apache.hadoop.ozone.web.OzoneHddsDatanodeService@6637a365
2019-08-22 17:40:27,795 [main] INFO  ozone.HddsDatanodeService (HddsDatanodeService.java:stop(451)) - Stopped plug-in org.apache.hadoop.ozone.web.OzoneHddsDatanodeService@64fdcf99
2019-08-22 17:40:28,292 [grpc-default-executor-0] WARN  server.GrpcLogAppender (LogUtils.java:warn(134)) - 431e9d5c-189d-4913-bc0e-bcdfa34a8a0c->3d7b10ec-55d3-4b38-809c-43b59ae8e43b: Failed appendEntries: org.apache.ratis.thirdparty.io.grpc.StatusRuntimeException: UNAVAILABLE: io exception
2019-08-22 17:40:28,300 [grpc-default-executor-0] INFO  impl.FollowerInfo (FollowerInfo.java:lambda$new$0(50)) - 431e9d5c-189d-4913-bc0e-bcdfa34a8a0c->3d7b10ec-55d3-4b38-809c-43b59ae8e43b: nextIndex: updateUnconditionally 18 -> 17
2019-08-22 17:40:28,306 [grpc-default-executor-1] WARN  server.GrpcLogAppender (LogUtils.java:warn(134)) - 431e9d5c-189d-4913-bc0e-bcdfa34a8a0c->a1f47dd0-84e3-4d6e-b4c6-03c6939721b7: Failed appendEntries: org.apache.ratis.thirdparty.io.grpc.StatusRuntimeException: UNAVAILABLE: io exception
2019-08-22 17:40:28,308 [grpc-default-executor-1] INFO  impl.FollowerInfo (FollowerInfo.java:lambda$new$0(50)) - 431e9d5c-189d-4913-bc0e-bcdfa34a8a0c->a1f47dd0-84e3-4d6e-b4c6-03c6939721b7: nextIndex: updateUnconditionally 1 -> 0
2019-08-22 17:40:28,757 [Datanode State Machine Thread - 0] INFO  statemachine.DatanodeStateMachine (DatanodeStateMachine.java:lambda$startDaemon$0(350)) - Ozone container server started.
2019-08-22 17:40:28,761 | INFO  | SCMAudit | user=jenkins1000 | ip=192.168.5.173 | op=SEND_HEARTBEAT {datanodeUUID=431e9d5c-189d-4913-bc0e-bcdfa34a8a0c, command=[]} | ret=SUCCESS |  
2019-08-22 17:40:28,781 [Datanode State Machine Thread - 0] INFO  statemachine.DatanodeStateMachine (DatanodeStateMachine.java:lambda$startDaemon$0(350)) - Ozone container server started.
2019-08-22 17:40:29,759 | INFO  | SCMAudit | user=jenkins1000 | ip=192.168.5.173 | op=SEND_HEARTBEAT {datanodeUUID=431e9d5c-189d-4913-bc0e-bcdfa34a8a0c, command=[]} | ret=SUCCESS |  
2019-08-22 17:40:30,759 | INFO  | SCMAudit | user=jenkins1000 | ip=192.168.5.173 | op=SEND_HEARTBEAT {datanodeUUID=431e9d5c-189d-4913-bc0e-bcdfa34a8a0c, command=[]} | ret=SUCCESS |  
2019-08-22 17:40:30,797 [grpc-default-executor-1] WARN  server.GrpcLogAppender (LogUtils.java:warn(134)) - 431e9d5c-189d-4913-bc0e-bcdfa34a8a0c->3d7b10ec-55d3-4b38-809c-43b59ae8e43b: Failed appendEntries: org.apache.ratis.thirdparty.io.grpc.StatusRuntimeException: UNAVAILABLE: io exception
2019-08-22 17:40:30,799 [grpc-default-executor-1] INFO  impl.FollowerInfo (FollowerInfo.java:lambda$new$0(50)) - 431e9d5c-189d-4913-bc0e-bcdfa34a8a0c->3d7b10ec-55d3-4b38-809c-43b59ae8e43b: nextIndex: updateUnconditionally 17 -> 16
2019-08-22 17:40:30,805 [grpc-default-executor-3] WARN  server.GrpcLogAppender (LogUtils.java:warn(134)) - 431e9d5c-189d-4913-bc0e-bcdfa34a8a0c->a1f47dd0-84e3-4d6e-b4c6-03c6939721b7: Failed appendEntries: org.apache.ratis.thirdparty.io.grpc.StatusRuntimeException: UNAVAILABLE: io exception
2019-08-22 17:40:30,807 [grpc-default-executor-3] INFO  impl.FollowerInfo (FollowerInfo.java:lambda$new$0(50)) - 431e9d5c-189d-4913-bc0e-bcdfa34a8a0c->a1f47dd0-84e3-4d6e-b4c6-03c6939721b7: nextIndex: updateUnconditionally 0 -> 0
2019-08-22 17:40:31,760 | INFO  | SCMAudit | user=jenkins1000 | ip=192.168.5.173 | op=SEND_HEARTBEAT {datanodeUUID=431e9d5c-189d-4913-bc0e-bcdfa34a8a0c, command=[]} | ret=SUCCESS |  
2019-08-22 17:40:32,760 | INFO  | SCMAudit | user=jenkins1000 | ip=192.168.5.173 | op=SEND_HEARTBEAT {datanodeUUID=431e9d5c-189d-4913-bc0e-bcdfa34a8a0c, command=[]} | ret=SUCCESS |  
2019-08-22 17:40:32,768 [EventQueue-StaleNodeForStaleNodeHandler] INFO  node.StaleNodeHandler (StaleNodeHandler.java:onMessage(58)) - Datanode f13cbeb3-1638-40ca-a674-1282dfb13b44{ip: 192.168.5.173, host: pr-hdds-1808-4dtdn-3774871440, networkLocation: /default-rack, certSerialId: null} moved to stale state. Finalizing its pipelines [PipelineID=9fc468ad-9511-4bcd-9408-095973f292b0]
2019-08-22 17:40:32,768 [EventQueue-StaleNodeForStaleNodeHandler] INFO  pipeline.SCMPipelineManager (SCMPipelineManager.java:finalizeAndDestroyPipeline(309)) - destroying pipeline:Pipeline[ Id: 9fc468ad-9511-4bcd-9408-095973f292b0, Nodes: f13cbeb3-1638-40ca-a674-1282dfb13b44{ip: 192.168.5.173, host: pr-hdds-1808-4dtdn-3774871440, networkLocation: /default-rack, certSerialId: null}, Type:RATIS, Factor:ONE, State:OPEN]
2019-08-22 17:40:32,768 [EventQueue-StaleNodeForStaleNodeHandler] INFO  pipeline.PipelineStateManager (PipelineStateManager.java:finalizePipeline(123)) - Pipeline Pipeline[ Id: 9fc468ad-9511-4bcd-9408-095973f292b0, Nodes: f13cbeb3-1638-40ca-a674-1282dfb13b44{ip: 192.168.5.173, host: pr-hdds-1808-4dtdn-3774871440, networkLocation: /default-rack, certSerialId: null}, Type:RATIS, Factor:ONE, State:CLOSED] moved to CLOSED state
2019-08-22 17:40:32,796 [ForkJoinPool.commonPool-worker-1] INFO  ozoneimpl.OzoneContainer (OzoneContainer.java:stop(199)) - Attempting to stop container services.
2019-08-22 17:40:32,796 [main] INFO  ozoneimpl.OzoneContainer (OzoneContainer.java:stop(199)) - Attempting to stop container services.
2019-08-22 17:40:32,797 [ForkJoinPool.commonPool-worker-1] INFO  impl.RaftServerProxy (RaftServerProxy.java:lambda$close$4(314)) - c2b5941d-b72d-41e9-8cce-67773fde2f8a: close
2019-08-22 17:40:32,798 [main] INFO  impl.RaftServerProxy (RaftServerProxy.java:lambda$close$4(314)) - f13cbeb3-1638-40ca-a674-1282dfb13b44: close
2019-08-22 17:40:32,798 [ForkJoinPool.commonPool-worker-1] INFO  impl.RaftServerImpl (RaftServerImpl.java:lambda$shutdown$3(245)) - c2b5941d-b72d-41e9-8cce-67773fde2f8a: shutdown group-9B5AAF70C598
2019-08-22 17:40:32,798 [main] INFO  impl.RaftServerImpl (RaftServerImpl.java:lambda$shutdown$3(245)) - f13cbeb3-1638-40ca-a674-1282dfb13b44: shutdown group-095973F292B0
2019-08-22 17:40:32,799 [ForkJoinPool.commonPool-worker-1] INFO  util.JmxRegister (JmxRegister.java:unregister(73)) - Successfully un-registered JMX Bean with object name Ratis:service=RaftServer,group=group-9B5AAF70C598,id=c2b5941d-b72d-41e9-8cce-67773fde2f8a
2019-08-22 17:40:32,799 [main] INFO  util.JmxRegister (JmxRegister.java:unregister(73)) - Successfully un-registered JMX Bean with object name Ratis:service=RaftServer,group=group-095973F292B0,id=f13cbeb3-1638-40ca-a674-1282dfb13b44
2019-08-22 17:40:32,800 [main] INFO  impl.RoleInfo (RoleInfo.java:shutdownLeaderState(104)) - f13cbeb3-1638-40ca-a674-1282dfb13b44: shutdown LeaderState
2019-08-22 17:40:32,799 [ForkJoinPool.commonPool-worker-1] INFO  impl.RoleInfo (RoleInfo.java:shutdownFollowerState(121)) - c2b5941d-b72d-41e9-8cce-67773fde2f8a: shutdown FollowerState
2019-08-22 17:40:32,800 [main] INFO  impl.PendingRequests (PendingRequests.java:sendNotLeaderResponses(202)) - f13cbeb3-1638-40ca-a674-1282dfb13b44-PendingRequests: sendNotLeaderResponses
2019-08-22 17:40:32,801 [StateMachineUpdater:c2b5941d-b72d-41e9-8cce-67773fde2f8a:group-9B5AAF70C598] INFO  ratis.ContainerStateMachine (ContainerStateMachine.java:takeSnapshot(283)) - group-9B5AAF70C598: Taking a snapshot at:(t:2, i:3) file /workdir/hadoop-ozone/integration-test/target/test-dir/MiniOzoneClusterImpl-c42309d1-0cec-4db9-9c35-8d22088a372f/datanode-0/data/ratis/80305de2-18de-4e0a-9cdc-9b5aaf70c598/sm/snapshot.2_3
2019-08-22 17:40:32,801 [main] INFO  impl.StateMachineUpdater (StateMachineUpdater.java:stopAndJoin(115)) - StateMachineUpdater:f13cbeb3-1638-40ca-a674-1282dfb13b44:group-095973F292B0: set stopIndex = 0
2019-08-22 17:40:32,801 [Thread-411] INFO  impl.FollowerState (FollowerState.java:run(114)) - c2b5941d-b72d-41e9-8cce-67773fde2f8a: FollowerState was interrupted: java.lang.InterruptedException: sleep interrupted
2019-08-22 17:40:32,800 [ForkJoinPool.commonPool-worker-1] INFO  impl.StateMachineUpdater (StateMachineUpdater.java:stopAndJoin(115)) - StateMachineUpdater:c2b5941d-b72d-41e9-8cce-67773fde2f8a:group-9B5AAF70C598: set stopIndex = 4
2019-08-22 17:40:32,801 [main] INFO  impl.RaftServerImpl (ServerState.java:close(394)) - f13cbeb3-1638-40ca-a674-1282dfb13b44:group-095973F292B0 closes. The last applied log index is 0
2019-08-22 17:40:32,803 [f13cbeb3-1638-40ca-a674-1282dfb13b44-SegmentedRaftLogWorker:Storage Directory /workdir/hadoop-ozone/integration-test/target/test-dir/MiniOzoneClusterImpl-c42309d1-0cec-4db9-9c35-8d22088a372f/datanode-6/data/ratis/9fc468ad-9511-4bcd-9408-095973f292b0] INFO  segmented.SegmentedRaftLogWorker (SegmentedRaftLogWorker.java:run(313)) - f13cbeb3-1638-40ca-a674-1282dfb13b44-SegmentedRaftLogWorker:Storage Directory /workdir/hadoop-ozone/integration-test/target/test-dir/MiniOzoneClusterImpl-c42309d1-0cec-4db9-9c35-8d22088a372f/datanode-6/data/ratis/9fc468ad-9511-4bcd-9408-095973f292b0 was interrupted, exiting. There are 0 tasks remaining in the queue.
2019-08-22 17:40:32,805 [main] INFO  segmented.SegmentedRaftLogWorker (SegmentedRaftLogWorker.java:close(228)) - f13cbeb3-1638-40ca-a674-1282dfb13b44-SegmentedRaftLogWorker:Storage Directory /workdir/hadoop-ozone/integration-test/target/test-dir/MiniOzoneClusterImpl-c42309d1-0cec-4db9-9c35-8d22088a372f/datanode-6/data/ratis/9fc468ad-9511-4bcd-9408-095973f292b0 close()
2019-08-22 17:40:32,808 [main] INFO  server.GrpcService (GrpcService.java:closeImpl(155)) - f13cbeb3-1638-40ca-a674-1282dfb13b44: shutdown server with port 33632 now
2019-08-22 17:40:32,810 [main] INFO  server.GrpcService (GrpcService.java:closeImpl(163)) - f13cbeb3-1638-40ca-a674-1282dfb13b44: shutdown server with port 33632 successfully
2019-08-22 17:40:32,818 [main] INFO  utils.BackgroundService (BackgroundService.java:shutdown(148)) - Shutting down service BlockDeletingService
2019-08-22 17:40:32,823 [refreshUsed-/workdir/hadoop-ozone/integration-test/target/test-dir/MiniOzoneClusterImpl-c42309d1-0cec-4db9-9c35-8d22088a372f/datanode-6/data/containers] WARN  fs.CachingGetSpaceUsed (CachingGetSpaceUsed.java:run(183)) - Thread Interrupted waiting to refresh disk information: sleep interrupted
2019-08-22 17:40:32,826 [StateMachineUpdater:c2b5941d-b72d-41e9-8cce-67773fde2f8a:group-9B5AAF70C598] INFO  ratis.ContainerStateMachine (ContainerStateMachine.java:takeSnapshot(294)) - group-9B5AAF70C598: Finished taking a snapshot at:(t:2, i:3) file:/workdir/hadoop-ozone/integration-test/target/test-dir/MiniOzoneClusterImpl-c42309d1-0cec-4db9-9c35-8d22088a372f/datanode-0/data/ratis/80305de2-18de-4e0a-9cdc-9b5aaf70c598/sm/snapshot.2_3 time:26
2019-08-22 17:40:32,826 [StateMachineUpdater:c2b5941d-b72d-41e9-8cce-67773fde2f8a:group-9B5AAF70C598] INFO  impl.StateMachineUpdater (StateMachineUpdater.java:takeSnapshot(242)) - StateMachineUpdater:c2b5941d-b72d-41e9-8cce-67773fde2f8a:group-9B5AAF70C598: Took a snapshot at index 3
2019-08-22 17:40:32,826 [StateMachineUpdater:c2b5941d-b72d-41e9-8cce-67773fde2f8a:group-9B5AAF70C598] INFO  impl.StateMachineUpdater (StateMachineUpdater.java:lambda$new$0(80)) - StateMachineUpdater:c2b5941d-b72d-41e9-8cce-67773fde2f8a:group-9B5AAF70C598: snapshotIndex: updateIncreasingly -1 -> 3
2019-08-22 17:40:32,827 [ForkJoinPool.commonPool-worker-1] INFO  impl.RaftServerImpl (ServerState.java:close(394)) - c2b5941d-b72d-41e9-8cce-67773fde2f8a:group-9B5AAF70C598 closes. The last applied log index is 4
2019-08-22 17:40:32,828 [c2b5941d-b72d-41e9-8cce-67773fde2f8a-SegmentedRaftLogWorker:Storage Directory /workdir/hadoop-ozone/integration-test/target/test-dir/MiniOzoneClusterImpl-c42309d1-0cec-4db9-9c35-8d22088a372f/datanode-0/data/ratis/80305de2-18de-4e0a-9cdc-9b5aaf70c598] INFO  segmented.SegmentedRaftLogWorker (SegmentedRaftLogWorker.java:run(313)) - c2b5941d-b72d-41e9-8cce-67773fde2f8a-SegmentedRaftLogWorker:Storage Directory /workdir/hadoop-ozone/integration-test/target/test-dir/MiniOzoneClusterImpl-c42309d1-0cec-4db9-9c35-8d22088a372f/datanode-0/data/ratis/80305de2-18de-4e0a-9cdc-9b5aaf70c598 was interrupted, exiting. There are 0 tasks remaining in the queue.
2019-08-22 17:40:32,833 [ForkJoinPool.commonPool-worker-1] INFO  segmented.SegmentedRaftLogWorker (SegmentedRaftLogWorker.java:close(228)) - c2b5941d-b72d-41e9-8cce-67773fde2f8a-SegmentedRaftLogWorker:Storage Directory /workdir/hadoop-ozone/integration-test/target/test-dir/MiniOzoneClusterImpl-c42309d1-0cec-4db9-9c35-8d22088a372f/datanode-0/data/ratis/80305de2-18de-4e0a-9cdc-9b5aaf70c598 close()
2019-08-22 17:40:32,836 [ForkJoinPool.commonPool-worker-1] INFO  impl.RaftServerImpl (RaftServerImpl.java:lambda$shutdown$3(245)) - c2b5941d-b72d-41e9-8cce-67773fde2f8a: shutdown group-3EA8856B9D20
2019-08-22 17:40:32,837 [ForkJoinPool.commonPool-worker-1] INFO  util.JmxRegister (JmxRegister.java:unregister(73)) - Successfully un-registered JMX Bean with object name Ratis:service=RaftServer,group=group-3EA8856B9D20,id=c2b5941d-b72d-41e9-8cce-67773fde2f8a
2019-08-22 17:40:32,837 [ForkJoinPool.commonPool-worker-1] INFO  impl.RoleInfo (RoleInfo.java:shutdownLeaderState(104)) - c2b5941d-b72d-41e9-8cce-67773fde2f8a: shutdown LeaderState
2019-08-22 17:40:32,838 [ForkJoinPool.commonPool-worker-1] INFO  impl.PendingRequests (PendingRequests.java:sendNotLeaderResponses(202)) - c2b5941d-b72d-41e9-8cce-67773fde2f8a-PendingRequests: sendNotLeaderResponses
2019-08-22 17:40:32,838 [ForkJoinPool.commonPool-worker-1] INFO  impl.StateMachineUpdater (StateMachineUpdater.java:stopAndJoin(115)) - StateMachineUpdater:c2b5941d-b72d-41e9-8cce-67773fde2f8a:group-3EA8856B9D20: set stopIndex = 0
2019-08-22 17:40:32,839 [ForkJoinPool.commonPool-worker-1] INFO  impl.RaftServerImpl (ServerState.java:close(394)) - c2b5941d-b72d-41e9-8cce-67773fde2f8a:group-3EA8856B9D20 closes. The last applied log index is 0
2019-08-22 17:40:32,839 [c2b5941d-b72d-41e9-8cce-67773fde2f8a-SegmentedRaftLogWorker:Storage Directory /workdir/hadoop-ozone/integration-test/target/test-dir/MiniOzoneClusterImpl-c42309d1-0cec-4db9-9c35-8d22088a372f/datanode-0/data/ratis/755a1bab-b6ce-4899-88bb-3ea8856b9d20] INFO  segmented.SegmentedRaftLogWorker (SegmentedRaftLogWorker.java:run(313)) - c2b5941d-b72d-41e9-8cce-67773fde2f8a-SegmentedRaftLogWorker:Storage Directory /workdir/hadoop-ozone/integration-test/target/test-dir/MiniOzoneClusterImpl-c42309d1-0cec-4db9-9c35-8d22088a372f/datanode-0/data/ratis/755a1bab-b6ce-4899-88bb-3ea8856b9d20 was interrupted, exiting. There are 0 tasks remaining in the queue.
2019-08-22 17:40:32,840 [ForkJoinPool.commonPool-worker-1] INFO  segmented.SegmentedRaftLogWorker (SegmentedRaftLogWorker.java:close(228)) - c2b5941d-b72d-41e9-8cce-67773fde2f8a-SegmentedRaftLogWorker:Storage Directory /workdir/hadoop-ozone/integration-test/target/test-dir/MiniOzoneClusterImpl-c42309d1-0cec-4db9-9c35-8d22088a372f/datanode-0/data/ratis/755a1bab-b6ce-4899-88bb-3ea8856b9d20 close()
2019-08-22 17:40:32,842 [ForkJoinPool.commonPool-worker-1] INFO  server.GrpcService (GrpcService.java:closeImpl(155)) - c2b5941d-b72d-41e9-8cce-67773fde2f8a: shutdown server with port 38036 now
2019-08-22 17:40:32,843 [ForkJoinPool.commonPool-worker-1] INFO  server.GrpcService (GrpcService.java:closeImpl(163)) - c2b5941d-b72d-41e9-8cce-67773fde2f8a: shutdown server with port 38036 successfully
2019-08-22 17:40:32,845 [ForkJoinPool.commonPool-worker-1] INFO  utils.BackgroundService (BackgroundService.java:shutdown(148)) - Shutting down service BlockDeletingService
2019-08-22 17:40:32,847 [refreshUsed-/workdir/hadoop-ozone/integration-test/target/test-dir/MiniOzoneClusterImpl-c42309d1-0cec-4db9-9c35-8d22088a372f/datanode-0/data/containers] WARN  fs.CachingGetSpaceUsed (CachingGetSpaceUsed.java:run(183)) - Thread Interrupted waiting to refresh disk information: sleep interrupted
2019-08-22 17:40:32,858 [main] INFO  statemachine.DatanodeStateMachine (DatanodeStateMachine.java:stopDaemon(395)) - Ozone container server stopped.
2019-08-22 17:40:32,860 [main] INFO  handler.ContextHandler (ContextHandler.java:doStop(910)) - Stopped o.e.j.w.WebAppContext@18c7f6b5{/,null,UNAVAILABLE}{/hddsDatanode}
2019-08-22 17:40:32,861 [main] INFO  server.AbstractConnector (AbstractConnector.java:doStop(318)) - Stopped ServerConnector@629b780f{HTTP/1.1,[http/1.1]}{0.0.0.0:0}
2019-08-22 17:40:32,861 [main] INFO  handler.ContextHandler (ContextHandler.java:doStop(910)) - Stopped o.e.j.s.ServletContextHandler@46d0f89c{/static,jar:file:/home/user/.m2/repository/org/apache/hadoop/hadoop-hdds-container-service/0.5.0-SNAPSHOT/hadoop-hdds-container-service-0.5.0-SNAPSHOT.jar!/webapps/static,UNAVAILABLE}
2019-08-22 17:40:32,862 [main] INFO  handler.ContextHandler (ContextHandler.java:doStop(910)) - Stopped o.e.j.s.ServletContextHandler@11399548{/logs,file:///workdir/hadoop-ozone/integration-test/target/log,UNAVAILABLE}
2019-08-22 17:40:32,863 [main] INFO  datanode.ObjectStoreHandler (ObjectStoreHandler.java:close(155)) - Closing ObjectStoreHandler.
2019-08-22 17:40:32,864 [main] INFO  ozone.HddsDatanodeService (HddsDatanodeService.java:stop(451)) - Stopped plug-in org.apache.hadoop.ozone.web.OzoneHddsDatanodeService@305b43ca
2019-08-22 17:40:32,870 [ForkJoinPool.commonPool-worker-1] INFO  statemachine.DatanodeStateMachine (DatanodeStateMachine.java:stopDaemon(395)) - Ozone container server stopped.
2019-08-22 17:40:32,870 [EventQueue-StaleNodeForStaleNodeHandler] INFO  node.StaleNodeHandler (StaleNodeHandler.java:onMessage(58)) - Datanode c2b5941d-b72d-41e9-8cce-67773fde2f8a{ip: 192.168.5.173, host: pr-hdds-1808-4dtdn-3774871440, networkLocation: /default-rack, certSerialId: null} moved to stale state. Finalizing its pipelines [PipelineID=80305de2-18de-4e0a-9cdc-9b5aaf70c598, PipelineID=755a1bab-b6ce-4899-88bb-3ea8856b9d20]
2019-08-22 17:40:32,872 [EventQueue-StaleNodeForStaleNodeHandler] INFO  pipeline.SCMPipelineManager (SCMPipelineManager.java:finalizeAndDestroyPipeline(309)) - destroying pipeline:Pipeline[ Id: 80305de2-18de-4e0a-9cdc-9b5aaf70c598, Nodes: c2b5941d-b72d-41e9-8cce-67773fde2f8a{ip: 192.168.5.173, host: pr-hdds-1808-4dtdn-3774871440, networkLocation: /default-rack, certSerialId: null}6b3b49b3-a706-4943-ae36-3fb349ffaff4{ip: 192.168.5.173, host: pr-hdds-1808-4dtdn-3774871440, networkLocation: /default-rack, certSerialId: null}c0e77ccd-2b09-4a23-a664-68073c461c61{ip: 192.168.5.173, host: pr-hdds-1808-4dtdn-3774871440, networkLocation: /default-rack, certSerialId: null}, Type:RATIS, Factor:THREE, State:CLOSED]
2019-08-22 17:40:32,873 [ForkJoinPool.commonPool-worker-1] INFO  handler.ContextHandler (ContextHandler.java:doStop(910)) - Stopped o.e.j.w.WebAppContext@4c58255{/,null,UNAVAILABLE}{/hddsDatanode}
2019-08-22 17:40:32,873 [EventQueue-StaleNodeForStaleNodeHandler] INFO  pipeline.SCMPipelineManager (SCMPipelineManager.java:finalizeAndDestroyPipeline(309)) - destroying pipeline:Pipeline[ Id: 755a1bab-b6ce-4899-88bb-3ea8856b9d20, Nodes: c2b5941d-b72d-41e9-8cce-67773fde2f8a{ip: 192.168.5.173, host: pr-hdds-1808-4dtdn-3774871440, networkLocation: /default-rack, certSerialId: null}, Type:RATIS, Factor:ONE, State:OPEN]
2019-08-22 17:40:32,874 [EventQueue-StaleNodeForStaleNodeHandler] INFO  pipeline.PipelineStateManager (PipelineStateManager.java:finalizePipeline(123)) - Pipeline Pipeline[ Id: 755a1bab-b6ce-4899-88bb-3ea8856b9d20, Nodes: c2b5941d-b72d-41e9-8cce-67773fde2f8a{ip: 192.168.5.173, host: pr-hdds-1808-4dtdn-3774871440, networkLocation: /default-rack, certSerialId: null}, Type:RATIS, Factor:ONE, State:CLOSED] moved to CLOSED state
2019-08-22 17:40:32,874 [ForkJoinPool.commonPool-worker-1] INFO  server.AbstractConnector (AbstractConnector.java:doStop(318)) - Stopped ServerConnector@eac3a26{HTTP/1.1,[http/1.1]}{0.0.0.0:0}
2019-08-22 17:40:32,875 [ForkJoinPool.commonPool-worker-1] INFO  handler.ContextHandler (ContextHandler.java:doStop(910)) - Stopped o.e.j.s.ServletContextHandler@50fb33a{/static,jar:file:/home/user/.m2/repository/org/apache/hadoop/hadoop-hdds-container-service/0.5.0-SNAPSHOT/hadoop-hdds-container-service-0.5.0-SNAPSHOT.jar!/webapps/static,UNAVAILABLE}
2019-08-22 17:40:32,876 [ForkJoinPool.commonPool-worker-1] INFO  handler.ContextHandler (ContextHandler.java:doStop(910)) - Stopped o.e.j.s.ServletContextHandler@6a1d3225{/logs,file:///workdir/hadoop-ozone/integration-test/target/log,UNAVAILABLE}
2019-08-22 17:40:33,293 [grpc-default-executor-0] WARN  server.GrpcLogAppender (LogUtils.java:warn(134)) - 431e9d5c-189d-4913-bc0e-bcdfa34a8a0c->3d7b10ec-55d3-4b38-809c-43b59ae8e43b: Failed appendEntries: org.apache.ratis.thirdparty.io.grpc.StatusRuntimeException: UNAVAILABLE: io exception
2019-08-22 17:40:33,295 [grpc-default-executor-0] INFO  impl.FollowerInfo (FollowerInfo.java:lambda$new$0(50)) - 431e9d5c-189d-4913-bc0e-bcdfa34a8a0c->3d7b10ec-55d3-4b38-809c-43b59ae8e43b: nextIndex: updateUnconditionally 16 -> 15
2019-08-22 17:40:33,307 [grpc-default-executor-1] WARN  server.GrpcLogAppender (LogUtils.java:warn(134)) - 431e9d5c-189d-4913-bc0e-bcdfa34a8a0c->a1f47dd0-84e3-4d6e-b4c6-03c6939721b7: Failed appendEntries: org.apache.ratis.thirdparty.io.grpc.StatusRuntimeException: UNAVAILABLE: io exception
2019-08-22 17:40:33,309 [grpc-default-executor-1] INFO  impl.FollowerInfo (FollowerInfo.java:lambda$new$0(50)) - 431e9d5c-189d-4913-bc0e-bcdfa34a8a0c->a1f47dd0-84e3-4d6e-b4c6-03c6939721b7: nextIndex: updateUnconditionally 0 -> 0
2019-08-22 17:40:33,758 [Datanode State Machine Thread - 0] INFO  statemachine.DatanodeStateMachine (DatanodeStateMachine.java:lambda$startDaemon$0(350)) - Ozone container server started.
2019-08-22 17:40:35,795 [grpc-default-executor-3] WARN  server.GrpcLogAppender (LogUtils.java:warn(134)) - 431e9d5c-189d-4913-bc0e-bcdfa34a8a0c->3d7b10ec-55d3-4b38-809c-43b59ae8e43b: Failed appendEntries: org.apache.ratis.thirdparty.io.grpc.StatusRuntimeException: UNAVAILABLE: io exception
2019-08-22 17:40:35,798 [grpc-default-executor-3] INFO  impl.FollowerInfo (FollowerInfo.java:lambda$new$0(50)) - 431e9d5c-189d-4913-bc0e-bcdfa34a8a0c->3d7b10ec-55d3-4b38-809c-43b59ae8e43b: nextIndex: updateUnconditionally 15 -> 14
2019-08-22 17:40:35,808 [grpc-default-executor-0] WARN  server.GrpcLogAppender (LogUtils.java:warn(134)) - 431e9d5c-189d-4913-bc0e-bcdfa34a8a0c->a1f47dd0-84e3-4d6e-b4c6-03c6939721b7: Failed appendEntries: org.apache.ratis.thirdparty.io.grpc.StatusRuntimeException: UNAVAILABLE: io exception
2019-08-22 17:40:35,810 [grpc-default-executor-0] INFO  impl.FollowerInfo (FollowerInfo.java:lambda$new$0(50)) - 431e9d5c-189d-4913-bc0e-bcdfa34a8a0c->a1f47dd0-84e3-4d6e-b4c6-03c6939721b7: nextIndex: updateUnconditionally 0 -> 0
2019-08-22 17:40:37,779 [EventQueue-StaleNodeForStaleNodeHandler] INFO  node.StaleNodeHandler (StaleNodeHandler.java:onMessage(58)) - Datanode 431e9d5c-189d-4913-bc0e-bcdfa34a8a0c{ip: 192.168.5.173, host: pr-hdds-1808-4dtdn-3774871440, networkLocation: /default-rack, certSerialId: null} moved to stale state. Finalizing its pipelines [PipelineID=592b2e34-5e76-4acf-817a-c4c40369ed55, PipelineID=9eee2c9f-19d1-4bc2-804a-cc909deffadc]
2019-08-22 17:40:37,779 [EventQueue-StaleNodeForStaleNodeHandler] INFO  pipeline.SCMPipelineManager (SCMPipelineManager.java:finalizeAndDestroyPipeline(309)) - destroying pipeline:Pipeline[ Id: 592b2e34-5e76-4acf-817a-c4c40369ed55, Nodes: 3d7b10ec-55d3-4b38-809c-43b59ae8e43b{ip: 192.168.5.173, host: pr-hdds-1808-4dtdn-3774871440, networkLocation: /default-rack, certSerialId: null}a1f47dd0-84e3-4d6e-b4c6-03c6939721b7{ip: 192.168.5.173, host: pr-hdds-1808-4dtdn-3774871440, networkLocation: /default-rack, certSerialId: null}431e9d5c-189d-4913-bc0e-bcdfa34a8a0c{ip: 192.168.5.173, host: pr-hdds-1808-4dtdn-3774871440, networkLocation: /default-rack, certSerialId: null}, Type:RATIS, Factor:THREE, State:CLOSED]
2019-08-22 17:40:37,780 [EventQueue-StaleNodeForStaleNodeHandler] INFO  pipeline.SCMPipelineManager (SCMPipelineManager.java:finalizeAndDestroyPipeline(309)) - destroying pipeline:Pipeline[ Id: 9eee2c9f-19d1-4bc2-804a-cc909deffadc, Nodes: 431e9d5c-189d-4913-bc0e-bcdfa34a8a0c{ip: 192.168.5.173, host: pr-hdds-1808-4dtdn-3774871440, networkLocation: /default-rack, certSerialId: null}, Type:RATIS, Factor:ONE, State:OPEN]
2019-08-22 17:40:37,780 [EventQueue-StaleNodeForStaleNodeHandler] INFO  pipeline.PipelineStateManager (PipelineStateManager.java:finalizePipeline(123)) - Pipeline Pipeline[ Id: 9eee2c9f-19d1-4bc2-804a-cc909deffadc, Nodes: 431e9d5c-189d-4913-bc0e-bcdfa34a8a0c{ip: 192.168.5.173, host: pr-hdds-1808-4dtdn-3774871440, networkLocation: /default-rack, certSerialId: null}, Type:RATIS, Factor:ONE, State:CLOSED] moved to CLOSED state
2019-08-22 17:40:37,865 [main] INFO  ozoneimpl.OzoneContainer (OzoneContainer.java:stop(199)) - Attempting to stop container services.
2019-08-22 17:40:37,866 [main] INFO  impl.RaftServerProxy (RaftServerProxy.java:lambda$close$4(314)) - 431e9d5c-189d-4913-bc0e-bcdfa34a8a0c: close
2019-08-22 17:40:37,866 [main] INFO  impl.RaftServerImpl (RaftServerImpl.java:lambda$shutdown$3(245)) - 431e9d5c-189d-4913-bc0e-bcdfa34a8a0c: shutdown group-C4C40369ED55
2019-08-22 17:40:37,866 [ForkJoinPool.commonPool-worker-0] INFO  impl.RaftServerImpl (RaftServerImpl.java:lambda$shutdown$3(245)) - 431e9d5c-189d-4913-bc0e-bcdfa34a8a0c: shutdown group-CC909DEFFADC
2019-08-22 17:40:37,867 [main] INFO  util.JmxRegister (JmxRegister.java:unregister(73)) - Successfully un-registered JMX Bean with object name Ratis:service=RaftServer,group=group-C4C40369ED55,id=431e9d5c-189d-4913-bc0e-bcdfa34a8a0c
2019-08-22 17:40:37,867 [ForkJoinPool.commonPool-worker-0] INFO  util.JmxRegister (JmxRegister.java:unregister(73)) - Successfully un-registered JMX Bean with object name Ratis:service=RaftServer,group=group-CC909DEFFADC,id=431e9d5c-189d-4913-bc0e-bcdfa34a8a0c
2019-08-22 17:40:37,867 [main] INFO  impl.RoleInfo (RoleInfo.java:shutdownLeaderState(104)) - 431e9d5c-189d-4913-bc0e-bcdfa34a8a0c: shutdown LeaderState
2019-08-22 17:40:37,868 [ForkJoinPool.commonPool-worker-0] INFO  impl.RoleInfo (RoleInfo.java:shutdownLeaderState(104)) - 431e9d5c-189d-4913-bc0e-bcdfa34a8a0c: shutdown LeaderState
2019-08-22 17:40:37,870 [org.apache.ratis.server.impl.LogAppender$AppenderDaemon$$Lambda$482/463698091@1bddd612] WARN  server.GrpcLogAppender (GrpcLogAppender.java:mayWait(143)) - GrpcLogAppender(431e9d5c-189d-4913-bc0e-bcdfa34a8a0c->a1f47dd0-84e3-4d6e-b4c6-03c6939721b7): Wait interrupted by java.lang.InterruptedException
2019-08-22 17:40:37,871 [ForkJoinPool.commonPool-worker-0] INFO  impl.PendingRequests (PendingRequests.java:sendNotLeaderResponses(202)) - 431e9d5c-189d-4913-bc0e-bcdfa34a8a0c-PendingRequests: sendNotLeaderResponses
2019-08-22 17:40:37,870 [main] INFO  impl.PendingRequests (PendingRequests.java:sendNotLeaderResponses(202)) - 431e9d5c-189d-4913-bc0e-bcdfa34a8a0c-PendingRequests: sendNotLeaderResponses
2019-08-22 17:40:37,870 [org.apache.ratis.server.impl.LogAppender$AppenderDaemon$$Lambda$482/463698091@5c6099e7] WARN  server.GrpcLogAppender (GrpcLogAppender.java:mayWait(143)) - GrpcLogAppender(431e9d5c-189d-4913-bc0e-bcdfa34a8a0c->3d7b10ec-55d3-4b38-809c-43b59ae8e43b): Wait interrupted by java.lang.InterruptedException
2019-08-22 17:40:37,872 [ForkJoinPool.commonPool-worker-0] INFO  impl.StateMachineUpdater (StateMachineUpdater.java:stopAndJoin(115)) - StateMachineUpdater:431e9d5c-189d-4913-bc0e-bcdfa34a8a0c:group-CC909DEFFADC: set stopIndex = 0
2019-08-22 17:40:37,873 [main] INFO  impl.StateMachineUpdater (StateMachineUpdater.java:stopAndJoin(115)) - StateMachineUpdater:431e9d5c-189d-4913-bc0e-bcdfa34a8a0c:group-C4C40369ED55: set stopIndex = 18
2019-08-22 17:40:37,873 [StateMachineUpdater:431e9d5c-189d-4913-bc0e-bcdfa34a8a0c:group-C4C40369ED55] INFO  ratis.ContainerStateMachine (ContainerStateMachine.java:takeSnapshot(283)) - group-C4C40369ED55: Taking a snapshot at:(t:1, i:16) file /workdir/hadoop-ozone/integration-test/target/test-dir/MiniOzoneClusterImpl-c42309d1-0cec-4db9-9c35-8d22088a372f/datanode-5/data/ratis/592b2e34-5e76-4acf-817a-c4c40369ed55/sm/snapshot.1_16
2019-08-22 17:40:37,873 [ForkJoinPool.commonPool-worker-0] INFO  impl.RaftServerImpl (ServerState.java:close(394)) - 431e9d5c-189d-4913-bc0e-bcdfa34a8a0c:group-CC909DEFFADC closes. The last applied log index is 0
2019-08-22 17:40:37,874 [431e9d5c-189d-4913-bc0e-bcdfa34a8a0c-SegmentedRaftLogWorker:Storage Directory /workdir/hadoop-ozone/integration-test/target/test-dir/MiniOzoneClusterImpl-c42309d1-0cec-4db9-9c35-8d22088a372f/datanode-5/data/ratis/9eee2c9f-19d1-4bc2-804a-cc909deffadc] INFO  segmented.SegmentedRaftLogWorker (SegmentedRaftLogWorker.java:run(313)) - 431e9d5c-189d-4913-bc0e-bcdfa34a8a0c-SegmentedRaftLogWorker:Storage Directory /workdir/hadoop-ozone/integration-test/target/test-dir/MiniOzoneClusterImpl-c42309d1-0cec-4db9-9c35-8d22088a372f/datanode-5/data/ratis/9eee2c9f-19d1-4bc2-804a-cc909deffadc was interrupted, exiting. There are 0 tasks remaining in the queue.
2019-08-22 17:40:37,885 [ForkJoinPool.commonPool-worker-0] INFO  segmented.SegmentedRaftLogWorker (SegmentedRaftLogWorker.java:close(228)) - 431e9d5c-189d-4913-bc0e-bcdfa34a8a0c-SegmentedRaftLogWorker:Storage Directory /workdir/hadoop-ozone/integration-test/target/test-dir/MiniOzoneClusterImpl-c42309d1-0cec-4db9-9c35-8d22088a372f/datanode-5/data/ratis/9eee2c9f-19d1-4bc2-804a-cc909deffadc close()
2019-08-22 17:40:37,899 [StateMachineUpdater:431e9d5c-189d-4913-bc0e-bcdfa34a8a0c:group-C4C40369ED55] INFO  ratis.ContainerStateMachine (ContainerStateMachine.java:takeSnapshot(294)) - group-C4C40369ED55: Finished taking a snapshot at:(t:1, i:16) file:/workdir/hadoop-ozone/integration-test/target/test-dir/MiniOzoneClusterImpl-c42309d1-0cec-4db9-9c35-8d22088a372f/datanode-5/data/ratis/592b2e34-5e76-4acf-817a-c4c40369ed55/sm/snapshot.1_16 time:26
2019-08-22 17:40:37,899 [StateMachineUpdater:431e9d5c-189d-4913-bc0e-bcdfa34a8a0c:group-C4C40369ED55] INFO  impl.StateMachineUpdater (StateMachineUpdater.java:takeSnapshot(242)) - StateMachineUpdater:431e9d5c-189d-4913-bc0e-bcdfa34a8a0c:group-C4C40369ED55: Took a snapshot at index 16
2019-08-22 17:40:37,900 [StateMachineUpdater:431e9d5c-189d-4913-bc0e-bcdfa34a8a0c:group-C4C40369ED55] INFO  impl.StateMachineUpdater (StateMachineUpdater.java:lambda$new$0(80)) - StateMachineUpdater:431e9d5c-189d-4913-bc0e-bcdfa34a8a0c:group-C4C40369ED55: snapshotIndex: updateIncreasingly -1 -> 16
2019-08-22 17:40:37,900 [main] INFO  impl.RaftServerImpl (ServerState.java:close(394)) - 431e9d5c-189d-4913-bc0e-bcdfa34a8a0c:group-C4C40369ED55 closes. The last applied log index is 18
2019-08-22 17:40:37,901 [431e9d5c-189d-4913-bc0e-bcdfa34a8a0c-SegmentedRaftLogWorker:Storage Directory /workdir/hadoop-ozone/integration-test/target/test-dir/MiniOzoneClusterImpl-c42309d1-0cec-4db9-9c35-8d22088a372f/datanode-5/data/ratis/592b2e34-5e76-4acf-817a-c4c40369ed55] INFO  segmented.SegmentedRaftLogWorker (SegmentedRaftLogWorker.java:run(313)) - 431e9d5c-189d-4913-bc0e-bcdfa34a8a0c-SegmentedRaftLogWorker:Storage Directory /workdir/hadoop-ozone/integration-test/target/test-dir/MiniOzoneClusterImpl-c42309d1-0cec-4db9-9c35-8d22088a372f/datanode-5/data/ratis/592b2e34-5e76-4acf-817a-c4c40369ed55 was interrupted, exiting. There are 0 tasks remaining in the queue.
2019-08-22 17:40:37,901 [main] INFO  segmented.SegmentedRaftLogWorker (SegmentedRaftLogWorker.java:close(228)) - 431e9d5c-189d-4913-bc0e-bcdfa34a8a0c-SegmentedRaftLogWorker:Storage Directory /workdir/hadoop-ozone/integration-test/target/test-dir/MiniOzoneClusterImpl-c42309d1-0cec-4db9-9c35-8d22088a372f/datanode-5/data/ratis/592b2e34-5e76-4acf-817a-c4c40369ed55 close()
2019-08-22 17:40:37,903 [main] INFO  server.GrpcService (GrpcService.java:closeImpl(155)) - 431e9d5c-189d-4913-bc0e-bcdfa34a8a0c: shutdown server with port 43660 now
2019-08-22 17:40:37,904 [main] INFO  server.GrpcService (GrpcService.java:closeImpl(163)) - 431e9d5c-189d-4913-bc0e-bcdfa34a8a0c: shutdown server with port 43660 successfully
2019-08-22 17:40:37,906 [main] INFO  utils.BackgroundService (BackgroundService.java:shutdown(148)) - Shutting down service BlockDeletingService
2019-08-22 17:40:37,908 [refreshUsed-/workdir/hadoop-ozone/integration-test/target/test-dir/MiniOzoneClusterImpl-c42309d1-0cec-4db9-9c35-8d22088a372f/datanode-5/data/containers] WARN  fs.CachingGetSpaceUsed (CachingGetSpaceUsed.java:run(183)) - Thread Interrupted waiting to refresh disk information: sleep interrupted
2019-08-22 17:40:37,929 [main] INFO  statemachine.DatanodeStateMachine (DatanodeStateMachine.java:stopDaemon(395)) - Ozone container server stopped.
2019-08-22 17:40:37,930 [main] INFO  handler.ContextHandler (ContextHandler.java:doStop(910)) - Stopped o.e.j.w.WebAppContext@250967f1{/,null,UNAVAILABLE}{/hddsDatanode}
2019-08-22 17:40:37,931 [main] INFO  server.AbstractConnector (AbstractConnector.java:doStop(318)) - Stopped ServerConnector@25c1f5ee{HTTP/1.1,[http/1.1]}{0.0.0.0:0}
2019-08-22 17:40:37,932 [main] INFO  handler.ContextHandler (ContextHandler.java:doStop(910)) - Stopped o.e.j.s.ServletContextHandler@70b33256{/static,jar:file:/home/user/.m2/repository/org/apache/hadoop/hadoop-hdds-container-service/0.5.0-SNAPSHOT/hadoop-hdds-container-service-0.5.0-SNAPSHOT.jar!/webapps/static,UNAVAILABLE}
2019-08-22 17:40:37,932 [main] INFO  handler.ContextHandler (ContextHandler.java:doStop(910)) - Stopped o.e.j.s.ServletContextHandler@45287377{/logs,file:///workdir/hadoop-ozone/integration-test/target/log,UNAVAILABLE}
2019-08-22 17:40:37,934 [main] INFO  ozone.MiniOzoneClusterImpl (MiniOzoneClusterImpl.java:stop(353)) - Stopping the StorageContainerManager
2019-08-22 17:40:37,934 [main] INFO  server.StorageContainerManager (StorageContainerManager.java:stop(797)) - Stopping Replication Manager Service.
2019-08-22 17:40:37,934 [main] INFO  container.ReplicationManager (ReplicationManager.java:stop(193)) - Stopping Replication Monitor Thread.
2019-08-22 17:40:37,934 [main] INFO  server.StorageContainerManager (StorageContainerManager.java:stop(804)) - Stopping Lease Manager of the command watchers
2019-08-22 17:40:37,934 [main] INFO  server.StorageContainerManager (StorageContainerManager.java:stop(811)) - Stopping datanode service RPC server
2019-08-22 17:40:37,935 [main] INFO  server.SCMDatanodeProtocolServer (SCMDatanodeProtocolServer.java:stop(367)) - Stopping the RPC server for DataNodes
2019-08-22 17:40:37,935 [main] INFO  ipc.Server (Server.java:stop(3082)) - Stopping server on 37000
2019-08-22 17:40:37,937 [IPC Server listener on 37000] INFO  ipc.Server (Server.java:run(1185)) - Stopping IPC Server listener on 37000
2019-08-22 17:40:37,937 [IPC Server Responder] INFO  ipc.Server (Server.java:run(1319)) - Stopping IPC Server Responder
2019-08-22 17:40:37,979 [SCM Heartbeat Processing Thread - 0] WARN  node.NodeStateManager (NodeStateManager.java:scheduleNextHealthCheck(646)) - Current Thread is interrupted, shutting down HB processing thread for Node Manager.
2019-08-22 17:40:37,979 [main] INFO  server.StorageContainerManager (StorageContainerManager.java:stop(819)) - Stopping block service RPC server
2019-08-22 17:40:37,979 [main] INFO  server.SCMBlockProtocolServer (SCMBlockProtocolServer.java:stop(148)) - Stopping the RPC server for Block Protocol
2019-08-22 17:40:37,980 [main] INFO  ipc.Server (Server.java:stop(3082)) - Stopping server on 36729
2019-08-22 17:40:37,982 [main] INFO  server.StorageContainerManager (StorageContainerManager.java:stop(826)) - Stopping the StorageContainerLocationProtocol RPC server
2019-08-22 17:40:37,982 [IPC Server listener on 36729] INFO  ipc.Server (Server.java:run(1185)) - Stopping IPC Server listener on 36729
2019-08-22 17:40:37,982 [IPC Server Responder] INFO  ipc.Server (Server.java:run(1319)) - Stopping IPC Server Responder
2019-08-22 17:40:37,982 [main] INFO  server.SCMClientProtocolServer (SCMClientProtocolServer.java:stop(159)) - Stopping the RPC server for Client Protocol
2019-08-22 17:40:37,983 [main] INFO  ipc.Server (Server.java:stop(3082)) - Stopping server on 38432
2019-08-22 17:40:37,985 [IPC Server listener on 38432] INFO  ipc.Server (Server.java:run(1185)) - Stopping IPC Server listener on 38432
2019-08-22 17:40:37,985 [main] INFO  server.StorageContainerManager (StorageContainerManager.java:stop(833)) - Stopping Storage Container Manager HTTP server.
2019-08-22 17:40:37,985 [IPC Server Responder] INFO  ipc.Server (Server.java:run(1319)) - Stopping IPC Server Responder
2019-08-22 17:40:37,986 [main] INFO  handler.ContextHandler (ContextHandler.java:doStop(910)) - Stopped o.e.j.w.WebAppContext@48f5bde6{/,null,UNAVAILABLE}{/scm}
2019-08-22 17:40:37,987 [main] INFO  server.AbstractConnector (AbstractConnector.java:doStop(318)) - Stopped ServerConnector@6d511b5f{HTTP/1.1,[http/1.1]}{0.0.0.0:0}
2019-08-22 17:40:37,987 [main] INFO  handler.ContextHandler (ContextHandler.java:doStop(910)) - Stopped o.e.j.s.ServletContextHandler@5c530d1e{/static,file:///workdir/hadoop-ozone/integration-test/target/test-classes/webapps/static,UNAVAILABLE}
2019-08-22 17:40:37,988 [main] INFO  handler.ContextHandler (ContextHandler.java:doStop(910)) - Stopped o.e.j.s.ServletContextHandler@5286c33a{/logs,file:///workdir/hadoop-ozone/integration-test/target/log,UNAVAILABLE}
2019-08-22 17:40:37,989 [main] INFO  server.StorageContainerManager (StorageContainerManager.java:stop(844)) - Stopping Block Manager Service.
2019-08-22 17:40:37,990 [main] INFO  utils.BackgroundService (BackgroundService.java:shutdown(148)) - Shutting down service SCMBlockDeletingService
2019-08-22 17:40:37,990 [main] INFO  utils.BackgroundService (BackgroundService.java:shutdown(148)) - Shutting down service SCMBlockDeletingService
2019-08-22 17:40:37,991 [main] INFO  server.StorageContainerManager (StorageContainerManager.java:stop(866)) - Stopping SCM Event Queue.
2019-08-22 17:40:37,999 [main] INFO  impl.MetricsSystemImpl (MetricsSystemImpl.java:stop(210)) - Stopping XceiverClientMetrics metrics system...
2019-08-22 17:40:38,006 [main] INFO  impl.MetricsSystemImpl (MetricsSystemImpl.java:stop(216)) - XceiverClientMetrics metrics system stopped.
]]></system-out>
    <system-err><![CDATA[Aug 22, 2019 5:39:58 PM com.sun.jersey.server.impl.application.WebApplicationImpl _initiate
INFO: Initiating Jersey application, version 'Jersey: 1.19 02/11/2015 03:25 AM'
Aug 22, 2019 5:39:59 PM com.sun.jersey.server.impl.application.WebApplicationImpl _initiate
INFO: Initiating Jersey application, version 'Jersey: 1.19 02/11/2015 03:25 AM'
Aug 22, 2019 5:39:59 PM com.sun.jersey.server.impl.application.WebApplicationImpl _initiate
INFO: Initiating Jersey application, version 'Jersey: 1.19 02/11/2015 03:25 AM'
Aug 22, 2019 5:39:59 PM com.sun.jersey.server.impl.application.WebApplicationImpl _initiate
INFO: Initiating Jersey application, version 'Jersey: 1.19 02/11/2015 03:25 AM'
Aug 22, 2019 5:39:59 PM com.sun.jersey.server.impl.application.WebApplicationImpl _initiate
INFO: Initiating Jersey application, version 'Jersey: 1.19 02/11/2015 03:25 AM'
Aug 22, 2019 5:40:00 PM com.sun.jersey.server.impl.application.WebApplicationImpl _initiate
INFO: Initiating Jersey application, version 'Jersey: 1.19 02/11/2015 03:25 AM'
Aug 22, 2019 5:40:00 PM com.sun.jersey.server.impl.application.WebApplicationImpl _initiate
INFO: Initiating Jersey application, version 'Jersey: 1.19 02/11/2015 03:25 AM'
]]></system-err>
  </testcase>
  <testcase name="testDatanodeFailureWithPreAllocation" classname="org.apache.hadoop.ozone.client.rpc.TestBlockOutputStreamWithFailures" time="229.75"/>
  <testcase name="testDatanodeFailureWithSingleNodeRatis" classname="org.apache.hadoop.ozone.client.rpc.TestBlockOutputStreamWithFailures" time="225.611"/>
  <testcase name="testWatchForCommitWithSingleNodeRatis" classname="org.apache.hadoop.ozone.client.rpc.TestBlockOutputStreamWithFailures" time="34.098"/>
  <testcase name="testWatchForCommitDatanodeFailure" classname="org.apache.hadoop.ozone.client.rpc.TestBlockOutputStreamWithFailures" time="49.817">
    <failure message="expected:&lt;2&gt; but was:&lt;3&gt;" type="java.lang.AssertionError"><![CDATA[java.lang.AssertionError: expected:<2> but was:<3>
	at org.junit.Assert.fail(Assert.java:88)
	at org.junit.Assert.failNotEquals(Assert.java:743)
	at org.junit.Assert.assertEquals(Assert.java:118)
	at org.junit.Assert.assertEquals(Assert.java:555)
	at org.junit.Assert.assertEquals(Assert.java:542)
	at org.apache.hadoop.ozone.client.rpc.TestBlockOutputStreamWithFailures.testWatchForCommitDatanodeFailure(TestBlockOutputStreamWithFailures.java:366)
	at sun.reflect.NativeMethodAccessorImpl.invoke0(Native Method)
	at sun.reflect.NativeMethodAccessorImpl.invoke(NativeMethodAccessorImpl.java:62)
	at sun.reflect.DelegatingMethodAccessorImpl.invoke(DelegatingMethodAccessorImpl.java:43)
	at java.lang.reflect.Method.invoke(Method.java:498)
	at org.junit.runners.model.FrameworkMethod$1.runReflectiveCall(FrameworkMethod.java:47)
	at org.junit.internal.runners.model.ReflectiveCallable.run(ReflectiveCallable.java:12)
	at org.junit.runners.model.FrameworkMethod.invokeExplosively(FrameworkMethod.java:44)
	at org.junit.internal.runners.statements.InvokeMethod.evaluate(InvokeMethod.java:17)
	at org.junit.internal.runners.statements.RunBefores.evaluate(RunBefores.java:26)
	at org.junit.internal.runners.statements.RunAfters.evaluate(RunAfters.java:27)
	at org.junit.runners.ParentRunner.runLeaf(ParentRunner.java:271)
	at org.junit.runners.BlockJUnit4ClassRunner.runChild(BlockJUnit4ClassRunner.java:70)
	at org.junit.runners.BlockJUnit4ClassRunner.runChild(BlockJUnit4ClassRunner.java:50)
	at org.junit.runners.ParentRunner$3.run(ParentRunner.java:238)
	at org.junit.runners.ParentRunner$1.schedule(ParentRunner.java:63)
	at org.junit.runners.ParentRunner.runChildren(ParentRunner.java:236)
	at org.junit.runners.ParentRunner.access$000(ParentRunner.java:53)
	at org.junit.runners.ParentRunner$2.evaluate(ParentRunner.java:229)
	at org.junit.runners.ParentRunner.run(ParentRunner.java:309)
	at org.apache.maven.surefire.junit4.JUnit4Provider.execute(JUnit4Provider.java:365)
	at org.apache.maven.surefire.junit4.JUnit4Provider.executeWithRerun(JUnit4Provider.java:273)
	at org.apache.maven.surefire.junit4.JUnit4Provider.executeTestSet(JUnit4Provider.java:238)
	at org.apache.maven.surefire.junit4.JUnit4Provider.invoke(JUnit4Provider.java:159)
	at org.apache.maven.surefire.booter.ForkedBooter.invokeProviderInSameClassLoader(ForkedBooter.java:384)
	at org.apache.maven.surefire.booter.ForkedBooter.runSuitesInProcess(ForkedBooter.java:345)
	at org.apache.maven.surefire.booter.ForkedBooter.execute(ForkedBooter.java:126)
	at org.apache.maven.surefire.booter.ForkedBooter.main(ForkedBooter.java:418)
]]></failure>
    <system-out><![CDATA[2019-08-22 17:48:47,559 [main] WARN  server.ServerUtils (ServerUtils.java:getScmDbDir(145)) - ozone.scm.db.dirs is not configured. We recommend adding this setting. Falling back to ozone.metadata.dirs instead.
2019-08-22 17:48:47,574 [main] WARN  server.ServerUtils (ServerUtils.java:getScmDbDir(145)) - ozone.scm.db.dirs is not configured. We recommend adding this setting. Falling back to ozone.metadata.dirs instead.
2019-08-22 17:48:47,574 [main] WARN  server.ServerUtils (ServerUtils.java:getScmDbDir(145)) - ozone.scm.db.dirs is not configured. We recommend adding this setting. Falling back to ozone.metadata.dirs instead.
2019-08-22 17:48:47,575 [main] INFO  db.DBStoreBuilder (DBStoreBuilder.java:addTable(110)) - using custom profile for table: deletedBlocks
2019-08-22 17:48:47,575 [main] INFO  db.DBStoreBuilder (DBStoreBuilder.java:processTables(161)) - Using default column profile:DBProfile.DISK for Table:deletedBlocks
2019-08-22 17:48:47,575 [main] INFO  db.DBStoreBuilder (DBStoreBuilder.java:addTable(110)) - using custom profile for table: validCerts
2019-08-22 17:48:47,575 [main] INFO  db.DBStoreBuilder (DBStoreBuilder.java:processTables(161)) - Using default column profile:DBProfile.DISK for Table:validCerts
2019-08-22 17:48:47,575 [main] INFO  db.DBStoreBuilder (DBStoreBuilder.java:addTable(110)) - using custom profile for table: revokedCerts
2019-08-22 17:48:47,576 [main] INFO  db.DBStoreBuilder (DBStoreBuilder.java:processTables(161)) - Using default column profile:DBProfile.DISK for Table:revokedCerts
2019-08-22 17:48:47,576 [main] INFO  db.DBStoreBuilder (DBStoreBuilder.java:addTable(110)) - using custom profile for table: default
2019-08-22 17:48:47,576 [main] INFO  db.DBStoreBuilder (DBStoreBuilder.java:processTables(167)) - Using default column profile:DBProfile.DISK for Table:default
2019-08-22 17:48:47,576 [main] INFO  db.DBStoreBuilder (DBStoreBuilder.java:getDbProfile(198)) - Using default options. DBProfile.DISK
2019-08-22 17:48:52,881 [main] INFO  net.NodeSchemaLoader (NodeSchemaLoader.java:loadSchemaFromFile(125)) - Loading file from sun.misc.CompoundEnumeration@6203f10f
2019-08-22 17:48:52,882 [main] INFO  net.NodeSchemaLoader (NodeSchemaLoader.java:loadSchema(171)) - Loading network topology layer schema file
2019-08-22 17:48:52,888 [main] INFO  node.SCMNodeManager (SCMNodeManager.java:<init>(121)) - Entering startup safe mode.
2019-08-22 17:48:52,888 [main] INFO  algorithms.ContainerPlacementPolicyFactory (ContainerPlacementPolicyFactory.java:getPolicy(55)) - Create container placement policy of type org.apache.hadoop.hdds.scm.container.placement.algorithms.SCMContainerPlacementRandom
2019-08-22 17:48:52,889 [main] WARN  server.ServerUtils (ServerUtils.java:getScmDbDir(145)) - ozone.scm.db.dirs is not configured. We recommend adding this setting. Falling back to ozone.metadata.dirs instead.
2019-08-22 17:48:53,033 [main] INFO  pipeline.SCMPipelineManager (SCMPipelineManager.java:initializePipelineState(126)) - No pipeline exists in current db
2019-08-22 17:48:53,034 [main] WARN  server.ServerUtils (ServerUtils.java:getScmDbDir(145)) - ozone.scm.db.dirs is not configured. We recommend adding this setting. Falling back to ozone.metadata.dirs instead.
2019-08-22 17:48:53,207 [main] WARN  events.EventQueue (EventQueue.java:fireEvent(175)) - No event handler registered for event TypedEvent{payloadType=SafeModeStatus, name='SafeModeStatus'}
2019-08-22 17:48:53,208 [main] INFO  ipc.CallQueueManager (CallQueueManager.java:<init>(84)) - Using callQueue: class java.util.concurrent.LinkedBlockingQueue, queueCapacity: 2000, scheduler: class org.apache.hadoop.ipc.DefaultRpcScheduler, ipcBackoff: false.
2019-08-22 17:48:53,209 [Socket Reader #1 for port 35232] INFO  ipc.Server (Server.java:run(1074)) - Starting Socket Reader #1 for port 35232
2019-08-22 17:48:53,211 [main] INFO  ipc.CallQueueManager (CallQueueManager.java:<init>(84)) - Using callQueue: class java.util.concurrent.LinkedBlockingQueue, queueCapacity: 2000, scheduler: class org.apache.hadoop.ipc.DefaultRpcScheduler, ipcBackoff: false.
2019-08-22 17:48:53,212 [Socket Reader #1 for port 41279] INFO  ipc.Server (Server.java:run(1074)) - Starting Socket Reader #1 for port 41279
2019-08-22 17:48:53,214 [main] INFO  ipc.CallQueueManager (CallQueueManager.java:<init>(84)) - Using callQueue: class java.util.concurrent.LinkedBlockingQueue, queueCapacity: 2000, scheduler: class org.apache.hadoop.ipc.DefaultRpcScheduler, ipcBackoff: false.
2019-08-22 17:48:53,215 [Socket Reader #1 for port 41997] INFO  ipc.Server (Server.java:run(1074)) - Starting Socket Reader #1 for port 41997
2019-08-22 17:48:53,218 [main] INFO  hdfs.DFSUtil (DFSUtil.java:httpServerTemplateForNNAndJN(1641)) - Starting Web-server for scm at: http://0.0.0.0:0
2019-08-22 17:48:53,221 [main] INFO  server.AuthenticationFilter (AuthenticationFilter.java:constructSecretProvider(240)) - Unable to initialize FileSignerSecretProvider, falling back to use random secrets.
2019-08-22 17:48:53,221 [main] WARN  http.HttpRequestLog (HttpRequestLog.java:getRequestLog(97)) - Jetty request log can only be enabled using Log4j
2019-08-22 17:48:53,224 [main] INFO  http.HttpServer2 (HttpServer2.java:addGlobalFilter(975)) - Added global filter 'safety' (class=org.apache.hadoop.http.HttpServer2$QuotingInputFilter)
2019-08-22 17:48:53,225 [main] INFO  http.HttpServer2 (HttpServer2.java:addFilter(948)) - Added filter static_user_filter (class=org.apache.hadoop.http.lib.StaticUserWebFilter$StaticUserFilter) to context scm
2019-08-22 17:48:53,225 [main] INFO  http.HttpServer2 (HttpServer2.java:addFilter(958)) - Added filter static_user_filter (class=org.apache.hadoop.http.lib.StaticUserWebFilter$StaticUserFilter) to context logs
2019-08-22 17:48:53,225 [main] INFO  http.HttpServer2 (HttpServer2.java:addFilter(958)) - Added filter static_user_filter (class=org.apache.hadoop.http.lib.StaticUserWebFilter$StaticUserFilter) to context static
2019-08-22 17:48:53,227 [main] INFO  server.StorageContainerManager (StorageContainerManager.java:start(759)) - StorageContainerLocationProtocol RPC server is listening at /0.0.0.0:41997
2019-08-22 17:48:53,230 [main] WARN  impl.MetricsConfig (MetricsConfig.java:loadFirst(134)) - Cannot locate configuration: tried hadoop-metrics2-storagecontainermanager.properties,hadoop-metrics2.properties
2019-08-22 17:48:53,231 [main] INFO  impl.MetricsSystemImpl (MetricsSystemImpl.java:startTimer(374)) - Scheduled Metric snapshot period at 10 second(s).
2019-08-22 17:48:53,232 [main] INFO  impl.MetricsSystemImpl (MetricsSystemImpl.java:start(191)) - StorageContainerManager metrics system started
2019-08-22 17:48:53,321 [main] INFO  server.SCMClientProtocolServer (SCMClientProtocolServer.java:start(151)) - RPC server for Client  is listening at /0.0.0.0:41997
2019-08-22 17:48:53,322 [IPC Server Responder] INFO  ipc.Server (Server.java:run(1314)) - IPC Server Responder: starting
2019-08-22 17:48:53,322 [IPC Server listener on 41997] INFO  ipc.Server (Server.java:run(1153)) - IPC Server listener on 41997: starting
2019-08-22 17:48:53,327 [main] INFO  server.StorageContainerManager (StorageContainerManager.java:start(769)) - ScmBlockLocationProtocol RPC server is listening at /0.0.0.0:41279
2019-08-22 17:48:53,327 [main] INFO  server.SCMBlockProtocolServer (SCMBlockProtocolServer.java:start(140)) - RPC server for Block Protocol is listening at /0.0.0.0:41279
2019-08-22 17:48:53,328 [IPC Server Responder] INFO  ipc.Server (Server.java:run(1314)) - IPC Server Responder: starting
2019-08-22 17:48:53,328 [IPC Server listener on 41279] INFO  ipc.Server (Server.java:run(1153)) - IPC Server listener on 41279: starting
2019-08-22 17:48:53,332 [main] INFO  server.StorageContainerManager (StorageContainerManager.java:start(773)) - ScmDatanodeProtocl RPC server is listening at /0.0.0.0:35232
2019-08-22 17:48:53,333 [main] INFO  server.SCMDatanodeProtocolServer (SCMDatanodeProtocolServer.java:start(191)) - RPC server for DataNodes is listening at /0.0.0.0:35232
2019-08-22 17:48:53,333 [IPC Server Responder] INFO  ipc.Server (Server.java:run(1314)) - IPC Server Responder: starting
2019-08-22 17:48:53,333 [IPC Server listener on 35232] INFO  ipc.Server (Server.java:run(1153)) - IPC Server listener on 35232: starting
2019-08-22 17:48:53,338 [main] INFO  http.HttpServer2 (HttpServer2.java:bindListener(1191)) - Jetty bound to port 44821
2019-08-22 17:48:53,338 [main] INFO  server.Server (Server.java:doStart(351)) - jetty-9.3.24.v20180605, build timestamp: 2018-06-05T17:11:56Z, git hash: 84205aa28f11a4f31f2a3b86d1bba2cc8ab69827
2019-08-22 17:48:53,340 [main] INFO  handler.ContextHandler (ContextHandler.java:doStart(781)) - Started o.e.j.s.ServletContextHandler@3423f353{/logs,file:///workdir/hadoop-ozone/integration-test/target/log,AVAILABLE}
2019-08-22 17:48:53,341 [main] INFO  handler.ContextHandler (ContextHandler.java:doStart(781)) - Started o.e.j.s.ServletContextHandler@365c8a47{/static,file:///workdir/hadoop-ozone/integration-test/target/test-classes/webapps/static,AVAILABLE}
2019-08-22 17:48:53,345 [main] INFO  handler.ContextHandler (ContextHandler.java:doStart(781)) - Started o.e.j.w.WebAppContext@79194b1c{/,file:///workdir/hadoop-ozone/integration-test/target/test-classes/webapps/scm/,AVAILABLE}{/scm}
2019-08-22 17:48:53,346 [main] INFO  server.AbstractConnector (AbstractConnector.java:doStart(278)) - Started ServerConnector@7ec01440{HTTP/1.1,[http/1.1]}{0.0.0.0:44821}
2019-08-22 17:48:53,347 [main] INFO  server.Server (Server.java:doStart(419)) - Started @541756ms
2019-08-22 17:48:53,347 [main] INFO  server.BaseHttpServer (BaseHttpServer.java:updateConnectorAddress(213)) - HTTP server of SCM is listening at http://0.0.0.0:44821
2019-08-22 17:48:53,348 [main] WARN  server.ServerUtils (ServerUtils.java:getDBPath(222)) - ozone.om.db.dirs is not configured. We recommend adding this setting. Falling back to ozone.metadata.dirs instead.
2019-08-22 17:48:53,348 [org.apache.hadoop.util.JvmPauseMonitor$Monitor@490dfe25] INFO  util.JvmPauseMonitor (JvmPauseMonitor.java:run(188)) - Starting JVM pause monitor
2019-08-22 17:48:53,363 [main] WARN  server.ServerUtils (ServerUtils.java:getDBPath(222)) - ozone.om.db.dirs is not configured. We recommend adding this setting. Falling back to ozone.metadata.dirs instead.
2019-08-22 17:48:53,364 [main] WARN  server.ServerUtils (ServerUtils.java:getDBPath(222)) - ozone.om.db.dirs is not configured. We recommend adding this setting. Falling back to ozone.metadata.dirs instead.
2019-08-22 17:48:53,364 [main] INFO  om.OzoneManager (OzoneManager.java:setOMNodeDetails(648)) - OM Service ID is not set. Setting it to the default ID: omServiceIdDefault
2019-08-22 17:48:53,364 [main] INFO  om.OzoneManager (OzoneManager.java:setOMNodeDetails(654)) - OM Node ID is not set. Setting it to the OmStorage's OmID: 9000b205-6ee6-4de0-b5b6-e751d78c8397
2019-08-22 17:48:53,364 [main] INFO  om.OzoneManager (OzoneManager.java:loadOMHAConfigs(605)) - Found matching OM address with OMServiceId: null, OMNodeId: null, RPC Address: localhost:0 and Ratis port: 9872
2019-08-22 17:48:53,369 | INFO  | SCMAudit | user=jenkins1000 | ip=192.168.5.173 | op=GET_SCM_INFO null | ret=SUCCESS |  
2019-08-22 17:48:53,372 [main] WARN  server.ServerUtils (ServerUtils.java:getDBPath(222)) - ozone.om.db.dirs is not configured. We recommend adding this setting. Falling back to ozone.metadata.dirs instead.
2019-08-22 17:48:53,373 [main] INFO  db.DBStoreBuilder (DBStoreBuilder.java:addTable(110)) - using custom profile for table: userTable
2019-08-22 17:48:53,373 [main] INFO  db.DBStoreBuilder (DBStoreBuilder.java:processTables(161)) - Using default column profile:DBProfile.DISK for Table:userTable
2019-08-22 17:48:53,373 [main] INFO  db.DBStoreBuilder (DBStoreBuilder.java:addTable(110)) - using custom profile for table: volumeTable
2019-08-22 17:48:53,373 [main] INFO  db.DBStoreBuilder (DBStoreBuilder.java:processTables(161)) - Using default column profile:DBProfile.DISK for Table:volumeTable
2019-08-22 17:48:53,374 [main] INFO  db.DBStoreBuilder (DBStoreBuilder.java:addTable(110)) - using custom profile for table: bucketTable
2019-08-22 17:48:53,374 [main] INFO  db.DBStoreBuilder (DBStoreBuilder.java:processTables(161)) - Using default column profile:DBProfile.DISK for Table:bucketTable
2019-08-22 17:48:53,374 [main] INFO  db.DBStoreBuilder (DBStoreBuilder.java:addTable(110)) - using custom profile for table: keyTable
2019-08-22 17:48:53,375 [main] INFO  db.DBStoreBuilder (DBStoreBuilder.java:processTables(161)) - Using default column profile:DBProfile.DISK for Table:keyTable
2019-08-22 17:48:53,375 [main] INFO  db.DBStoreBuilder (DBStoreBuilder.java:addTable(110)) - using custom profile for table: deletedTable
2019-08-22 17:48:53,375 [main] INFO  db.DBStoreBuilder (DBStoreBuilder.java:processTables(161)) - Using default column profile:DBProfile.DISK for Table:deletedTable
2019-08-22 17:48:53,375 [main] INFO  db.DBStoreBuilder (DBStoreBuilder.java:addTable(110)) - using custom profile for table: openKeyTable
2019-08-22 17:48:53,376 [main] INFO  db.DBStoreBuilder (DBStoreBuilder.java:processTables(161)) - Using default column profile:DBProfile.DISK for Table:openKeyTable
2019-08-22 17:48:53,376 [main] INFO  db.DBStoreBuilder (DBStoreBuilder.java:addTable(110)) - using custom profile for table: s3Table
2019-08-22 17:48:53,376 [main] INFO  db.DBStoreBuilder (DBStoreBuilder.java:processTables(161)) - Using default column profile:DBProfile.DISK for Table:s3Table
2019-08-22 17:48:53,376 [main] INFO  db.DBStoreBuilder (DBStoreBuilder.java:addTable(110)) - using custom profile for table: multipartInfoTable
2019-08-22 17:48:53,377 [main] INFO  db.DBStoreBuilder (DBStoreBuilder.java:processTables(161)) - Using default column profile:DBProfile.DISK for Table:multipartInfoTable
2019-08-22 17:48:53,377 [main] INFO  db.DBStoreBuilder (DBStoreBuilder.java:addTable(110)) - using custom profile for table: dTokenTable
2019-08-22 17:48:53,377 [main] INFO  db.DBStoreBuilder (DBStoreBuilder.java:processTables(161)) - Using default column profile:DBProfile.DISK for Table:dTokenTable
2019-08-22 17:48:53,377 [main] INFO  db.DBStoreBuilder (DBStoreBuilder.java:addTable(110)) - using custom profile for table: s3SecretTable
2019-08-22 17:48:53,378 [main] INFO  db.DBStoreBuilder (DBStoreBuilder.java:processTables(161)) - Using default column profile:DBProfile.DISK for Table:s3SecretTable
2019-08-22 17:48:53,378 [main] INFO  db.DBStoreBuilder (DBStoreBuilder.java:addTable(110)) - using custom profile for table: prefixTable
2019-08-22 17:48:53,378 [main] INFO  db.DBStoreBuilder (DBStoreBuilder.java:processTables(161)) - Using default column profile:DBProfile.DISK for Table:prefixTable
2019-08-22 17:48:53,378 [main] INFO  db.DBStoreBuilder (DBStoreBuilder.java:addTable(110)) - using custom profile for table: default
2019-08-22 17:48:53,379 [main] INFO  db.DBStoreBuilder (DBStoreBuilder.java:processTables(167)) - Using default column profile:DBProfile.DISK for Table:default
2019-08-22 17:48:53,379 [main] INFO  db.DBStoreBuilder (DBStoreBuilder.java:getDbProfile(198)) - Using default options. DBProfile.DISK
2019-08-22 17:48:54,152 [main] INFO  ipc.CallQueueManager (CallQueueManager.java:<init>(84)) - Using callQueue: class java.util.concurrent.LinkedBlockingQueue, queueCapacity: 2000, scheduler: class org.apache.hadoop.ipc.DefaultRpcScheduler, ipcBackoff: false.
2019-08-22 17:48:54,153 [Socket Reader #1 for port 37951] INFO  ipc.Server (Server.java:run(1074)) - Starting Socket Reader #1 for port 37951
2019-08-22 17:48:54,166 [main] INFO  om.OzoneManager (OzoneManager.java:start(1259)) - OzoneManager RPC server is listening at localhost/127.0.0.1:37951
2019-08-22 17:48:54,166 [main] INFO  impl.MetricsSystemImpl (MetricsSystemImpl.java:init(158)) - OzoneManager metrics system started (again)
2019-08-22 17:48:54,167 [IPC Server Responder] INFO  ipc.Server (Server.java:run(1314)) - IPC Server Responder: starting
2019-08-22 17:48:54,167 [IPC Server listener on 37951] INFO  ipc.Server (Server.java:run(1153)) - IPC Server listener on 37951: starting
2019-08-22 17:48:54,174 [main] INFO  hdfs.DFSUtil (DFSUtil.java:httpServerTemplateForNNAndJN(1641)) - Starting Web-server for ozoneManager at: http://0.0.0.0:0
2019-08-22 17:48:54,176 [main] INFO  server.AuthenticationFilter (AuthenticationFilter.java:constructSecretProvider(240)) - Unable to initialize FileSignerSecretProvider, falling back to use random secrets.
2019-08-22 17:48:54,177 [main] WARN  http.HttpRequestLog (HttpRequestLog.java:getRequestLog(97)) - Jetty request log can only be enabled using Log4j
2019-08-22 17:48:54,178 [main] INFO  http.HttpServer2 (HttpServer2.java:addGlobalFilter(975)) - Added global filter 'safety' (class=org.apache.hadoop.http.HttpServer2$QuotingInputFilter)
2019-08-22 17:48:54,179 [main] INFO  http.HttpServer2 (HttpServer2.java:addFilter(948)) - Added filter static_user_filter (class=org.apache.hadoop.http.lib.StaticUserWebFilter$StaticUserFilter) to context ozoneManager
2019-08-22 17:48:54,179 [main] INFO  http.HttpServer2 (HttpServer2.java:addFilter(958)) - Added filter static_user_filter (class=org.apache.hadoop.http.lib.StaticUserWebFilter$StaticUserFilter) to context static
2019-08-22 17:48:54,179 [main] INFO  http.HttpServer2 (HttpServer2.java:addFilter(958)) - Added filter static_user_filter (class=org.apache.hadoop.http.lib.StaticUserWebFilter$StaticUserFilter) to context logs
2019-08-22 17:48:54,180 [main] INFO  http.HttpServer2 (HttpServer2.java:bindListener(1191)) - Jetty bound to port 35929
2019-08-22 17:48:54,180 [main] INFO  server.Server (Server.java:doStart(351)) - jetty-9.3.24.v20180605, build timestamp: 2018-06-05T17:11:56Z, git hash: 84205aa28f11a4f31f2a3b86d1bba2cc8ab69827
2019-08-22 17:48:54,182 [main] INFO  handler.ContextHandler (ContextHandler.java:doStart(781)) - Started o.e.j.s.ServletContextHandler@709353b9{/logs,file:///workdir/hadoop-ozone/integration-test/target/log,AVAILABLE}
2019-08-22 17:48:54,183 [main] INFO  handler.ContextHandler (ContextHandler.java:doStart(781)) - Started o.e.j.s.ServletContextHandler@768967cf{/static,file:///workdir/hadoop-ozone/integration-test/target/test-classes/webapps/static,AVAILABLE}
2019-08-22 17:48:54,189 [main] INFO  handler.ContextHandler (ContextHandler.java:doStart(781)) - Started o.e.j.w.WebAppContext@11c372e9{/,file:///workdir/hadoop-ozone/integration-test/target/test-classes/webapps/ozoneManager/,AVAILABLE}{/ozoneManager}
2019-08-22 17:48:54,190 [main] INFO  server.AbstractConnector (AbstractConnector.java:doStart(278)) - Started ServerConnector@4b59a1c1{HTTP/1.1,[http/1.1]}{0.0.0.0:35929}
2019-08-22 17:48:54,191 [main] INFO  server.Server (Server.java:doStart(419)) - Started @542601ms
2019-08-22 17:48:54,192 [main] INFO  server.BaseHttpServer (BaseHttpServer.java:updateConnectorAddress(213)) - HTTP server of OZONEMANAGER is listening at http://0.0.0.0:35929
2019-08-22 17:48:54,216 [main] INFO  impl.MetricsSystemImpl (MetricsSystemImpl.java:init(158)) - HddsDatanode metrics system started (again)
2019-08-22 17:48:54,219 [main] INFO  ozone.HddsDatanodeService (HddsDatanodeService.java:start(184)) - HddsDatanodeService host:pr-hdds-1808-4dtdn-3774871440 ip:192.168.5.173
2019-08-22 17:48:54,229 [main] INFO  volume.HddsVolume (HddsVolume.java:<init>(176)) - Creating Volume: /workdir/hadoop-ozone/integration-test/target/test-dir/MiniOzoneClusterImpl-3fcad3f5-9634-4478-a239-7449fe26e55e/datanode-0/data/containers/hdds of  storage type : DISK and capacity : 1482555576320
2019-08-22 17:48:54,229 [main] INFO  volume.VolumeSet (VolumeSet.java:initializeVolumeSet(170)) - Added Volume : /workdir/hadoop-ozone/integration-test/target/test-dir/MiniOzoneClusterImpl-3fcad3f5-9634-4478-a239-7449fe26e55e/datanode-0/data/containers/hdds to VolumeSet
2019-08-22 17:48:54,230 [main] INFO  volume.ThrottledAsyncChecker (ThrottledAsyncChecker.java:schedule(140)) - Scheduling a check for org.apache.hadoop.ozone.container.common.volume.HddsVolume@354baab2
2019-08-22 17:48:54,230 [main] INFO  volume.HddsVolumeChecker (HddsVolumeChecker.java:checkAllVolumes(203)) - Scheduled health check for volume org.apache.hadoop.ozone.container.common.volume.HddsVolume@354baab2
2019-08-22 17:48:54,246 [main] INFO  impl.RaftServerProxy (ConfUtils.java:logGet(43)) - raft.rpc.type = GRPC (default)
2019-08-22 17:48:54,247 [main] INFO  grpc.GrpcFactory (GrpcFactory.java:checkPooledByteBufAllocatorUseCacheForAllThreads(45)) - PERFORMANCE WARNING: useCacheForAllThreads is true that may cause Netty to create a lot garbage objects and, as a result, trigger GC.
	It is recommended to disable useCacheForAllThreads by setting -Dorg.apache.ratis.thirdparty.io.netty.allocator.useCacheForAllThreads=false in command line.
2019-08-22 17:48:54,247 [main] INFO  grpc.GrpcConfigKeys$Server (ConfUtils.java:logGet(43)) - raft.grpc.server.port = 0 (default)
2019-08-22 17:48:54,247 [main] INFO  server.GrpcService (ConfUtils.java:logGet(43)) - raft.grpc.message.size.max = 33570816 (custom)
2019-08-22 17:48:54,248 [main] INFO  server.RaftServerConfigKeys (ConfUtils.java:logGet(43)) - raft.server.log.appender.buffer.byte-limit = 33554432 (custom)
2019-08-22 17:48:54,248 [main] INFO  server.GrpcService (ConfUtils.java:logGet(43)) - raft.grpc.flow.control.window = 1MB (=1048576) (default)
2019-08-22 17:48:54,248 [main] INFO  server.RaftServerConfigKeys (ConfUtils.java:logGet(43)) - raft.server.rpc.request.timeout = 3000ms (default)
2019-08-22 17:48:54,249 [main] INFO  server.RaftServerConfigKeys (ConfUtils.java:logGet(43)) - raft.server.storage.dir = [/workdir/hadoop-ozone/integration-test/target/test-dir/MiniOzoneClusterImpl-3fcad3f5-9634-4478-a239-7449fe26e55e/datanode-0/data/ratis] (custom)
2019-08-22 17:48:54,249 [main] INFO  replication.SimpleContainerDownloader (SimpleContainerDownloader.java:<init>(72)) - Starting container downloader service to copy containers to replicate.
2019-08-22 17:48:54,250 [main] INFO  hdfs.DFSUtil (DFSUtil.java:httpServerTemplateForNNAndJN(1641)) - Starting Web-server for hddsDatanode at: http://0.0.0.0:0
2019-08-22 17:48:54,252 [main] INFO  server.AuthenticationFilter (AuthenticationFilter.java:constructSecretProvider(240)) - Unable to initialize FileSignerSecretProvider, falling back to use random secrets.
2019-08-22 17:48:54,252 [main] WARN  http.HttpRequestLog (HttpRequestLog.java:getRequestLog(97)) - Jetty request log can only be enabled using Log4j
2019-08-22 17:48:54,254 [main] INFO  http.HttpServer2 (HttpServer2.java:addGlobalFilter(975)) - Added global filter 'safety' (class=org.apache.hadoop.http.HttpServer2$QuotingInputFilter)
2019-08-22 17:48:54,255 [main] INFO  http.HttpServer2 (HttpServer2.java:addFilter(948)) - Added filter static_user_filter (class=org.apache.hadoop.http.lib.StaticUserWebFilter$StaticUserFilter) to context hddsDatanode
2019-08-22 17:48:54,255 [main] INFO  http.HttpServer2 (HttpServer2.java:addFilter(958)) - Added filter static_user_filter (class=org.apache.hadoop.http.lib.StaticUserWebFilter$StaticUserFilter) to context static
2019-08-22 17:48:54,255 [main] INFO  http.HttpServer2 (HttpServer2.java:addFilter(958)) - Added filter static_user_filter (class=org.apache.hadoop.http.lib.StaticUserWebFilter$StaticUserFilter) to context logs
2019-08-22 17:48:54,256 [main] INFO  http.HttpServer2 (HttpServer2.java:bindListener(1191)) - Jetty bound to port 43616
2019-08-22 17:48:54,256 [main] INFO  server.Server (Server.java:doStart(351)) - jetty-9.3.24.v20180605, build timestamp: 2018-06-05T17:11:56Z, git hash: 84205aa28f11a4f31f2a3b86d1bba2cc8ab69827
2019-08-22 17:48:54,258 [main] INFO  handler.ContextHandler (ContextHandler.java:doStart(781)) - Started o.e.j.s.ServletContextHandler@3dfe520{/logs,file:///workdir/hadoop-ozone/integration-test/target/log,AVAILABLE}
2019-08-22 17:48:54,259 [main] INFO  handler.ContextHandler (ContextHandler.java:doStart(781)) - Started o.e.j.s.ServletContextHandler@74e111a8{/static,jar:file:/home/user/.m2/repository/org/apache/hadoop/hadoop-hdds-container-service/0.5.0-SNAPSHOT/hadoop-hdds-container-service-0.5.0-SNAPSHOT.jar!/webapps/static,AVAILABLE}
2019-08-22 17:48:54,286 [main] INFO  handler.ContextHandler (ContextHandler.java:doStart(781)) - Started o.e.j.w.WebAppContext@5397d41e{/,file:///tmp/jetty-0.0.0.0-43616-hddsDatanode-_-any-2107152042248091739.dir/webapp/,AVAILABLE}{/hddsDatanode}
2019-08-22 17:48:54,287 [main] INFO  server.AbstractConnector (AbstractConnector.java:doStart(278)) - Started ServerConnector@f6b128b{HTTP/1.1,[http/1.1]}{0.0.0.0:43616}
2019-08-22 17:48:54,288 [main] INFO  server.Server (Server.java:doStart(419)) - Started @542698ms
2019-08-22 17:48:54,289 [main] INFO  server.BaseHttpServer (BaseHttpServer.java:updateConnectorAddress(213)) - HTTP server of HDDSDATANODE is listening at http://0.0.0.0:43616
2019-08-22 17:48:54,416 | INFO  | ObjectStoreRestHttpServer | Listening HDDS REST traffic on /0.0.0.0:36737 |  
2019-08-22 17:48:54,416 [main] INFO  ozone.HddsDatanodeService (HddsDatanodeService.java:startPlugins(395)) - Started plug-in org.apache.hadoop.ozone.web.OzoneHddsDatanodeService@416bff93
2019-08-22 17:48:54,416 [main] INFO  impl.MetricsSystemImpl (MetricsSystemImpl.java:init(158)) - HddsDatanode metrics system started (again)
2019-08-22 17:48:54,419 [org.apache.hadoop.util.JvmPauseMonitor$Monitor@5ad95994] INFO  util.JvmPauseMonitor (JvmPauseMonitor.java:run(188)) - Starting JVM pause monitor
2019-08-22 17:48:54,419 [main] INFO  ozone.HddsDatanodeService (HddsDatanodeService.java:start(184)) - HddsDatanodeService host:pr-hdds-1808-4dtdn-3774871440 ip:192.168.5.173
2019-08-22 17:48:54,421 [Datanode State Machine Thread - 0] INFO  datanode.InitDatanodeState (InitDatanodeState.java:persistContainerDatanodeDetails(140)) - DatanodeDetails is persisted to /workdir/hadoop-ozone/integration-test/target/test-dir/MiniOzoneClusterImpl-3fcad3f5-9634-4478-a239-7449fe26e55e/datanode-0/meta/datanode.id
2019-08-22 17:48:54,430 [main] INFO  volume.HddsVolume (HddsVolume.java:<init>(176)) - Creating Volume: /workdir/hadoop-ozone/integration-test/target/test-dir/MiniOzoneClusterImpl-3fcad3f5-9634-4478-a239-7449fe26e55e/datanode-1/data/containers/hdds of  storage type : DISK and capacity : 1482555576320
2019-08-22 17:48:54,430 [main] INFO  volume.VolumeSet (VolumeSet.java:initializeVolumeSet(170)) - Added Volume : /workdir/hadoop-ozone/integration-test/target/test-dir/MiniOzoneClusterImpl-3fcad3f5-9634-4478-a239-7449fe26e55e/datanode-1/data/containers/hdds to VolumeSet
2019-08-22 17:48:54,431 [main] INFO  volume.ThrottledAsyncChecker (ThrottledAsyncChecker.java:schedule(140)) - Scheduling a check for org.apache.hadoop.ozone.container.common.volume.HddsVolume@16baf8d0
2019-08-22 17:48:54,431 [main] INFO  volume.HddsVolumeChecker (HddsVolumeChecker.java:checkAllVolumes(203)) - Scheduled health check for volume org.apache.hadoop.ozone.container.common.volume.HddsVolume@16baf8d0
2019-08-22 17:48:54,445 [main] INFO  impl.RaftServerProxy (ConfUtils.java:logGet(43)) - raft.rpc.type = GRPC (default)
2019-08-22 17:48:54,445 [main] INFO  grpc.GrpcFactory (GrpcFactory.java:checkPooledByteBufAllocatorUseCacheForAllThreads(45)) - PERFORMANCE WARNING: useCacheForAllThreads is true that may cause Netty to create a lot garbage objects and, as a result, trigger GC.
	It is recommended to disable useCacheForAllThreads by setting -Dorg.apache.ratis.thirdparty.io.netty.allocator.useCacheForAllThreads=false in command line.
2019-08-22 17:48:54,445 [main] INFO  grpc.GrpcConfigKeys$Server (ConfUtils.java:logGet(43)) - raft.grpc.server.port = 0 (default)
2019-08-22 17:48:54,446 [main] INFO  server.GrpcService (ConfUtils.java:logGet(43)) - raft.grpc.message.size.max = 33570816 (custom)
2019-08-22 17:48:54,446 [main] INFO  server.RaftServerConfigKeys (ConfUtils.java:logGet(43)) - raft.server.log.appender.buffer.byte-limit = 33554432 (custom)
2019-08-22 17:48:54,446 [main] INFO  server.GrpcService (ConfUtils.java:logGet(43)) - raft.grpc.flow.control.window = 1MB (=1048576) (default)
2019-08-22 17:48:54,446 [main] INFO  server.RaftServerConfigKeys (ConfUtils.java:logGet(43)) - raft.server.rpc.request.timeout = 3000ms (default)
2019-08-22 17:48:54,447 [main] INFO  server.RaftServerConfigKeys (ConfUtils.java:logGet(43)) - raft.server.storage.dir = [/workdir/hadoop-ozone/integration-test/target/test-dir/MiniOzoneClusterImpl-3fcad3f5-9634-4478-a239-7449fe26e55e/datanode-1/data/ratis] (custom)
2019-08-22 17:48:54,447 [main] INFO  replication.SimpleContainerDownloader (SimpleContainerDownloader.java:<init>(72)) - Starting container downloader service to copy containers to replicate.
2019-08-22 17:48:54,448 [main] INFO  hdfs.DFSUtil (DFSUtil.java:httpServerTemplateForNNAndJN(1641)) - Starting Web-server for hddsDatanode at: http://0.0.0.0:0
2019-08-22 17:48:54,449 [main] INFO  server.AuthenticationFilter (AuthenticationFilter.java:constructSecretProvider(240)) - Unable to initialize FileSignerSecretProvider, falling back to use random secrets.
2019-08-22 17:48:54,449 [main] WARN  http.HttpRequestLog (HttpRequestLog.java:getRequestLog(97)) - Jetty request log can only be enabled using Log4j
2019-08-22 17:48:54,451 [main] INFO  http.HttpServer2 (HttpServer2.java:addGlobalFilter(975)) - Added global filter 'safety' (class=org.apache.hadoop.http.HttpServer2$QuotingInputFilter)
2019-08-22 17:48:54,451 [main] INFO  http.HttpServer2 (HttpServer2.java:addFilter(948)) - Added filter static_user_filter (class=org.apache.hadoop.http.lib.StaticUserWebFilter$StaticUserFilter) to context hddsDatanode
2019-08-22 17:48:54,451 [main] INFO  http.HttpServer2 (HttpServer2.java:addFilter(958)) - Added filter static_user_filter (class=org.apache.hadoop.http.lib.StaticUserWebFilter$StaticUserFilter) to context static
2019-08-22 17:48:54,451 [main] INFO  http.HttpServer2 (HttpServer2.java:addFilter(958)) - Added filter static_user_filter (class=org.apache.hadoop.http.lib.StaticUserWebFilter$StaticUserFilter) to context logs
2019-08-22 17:48:54,452 [main] INFO  http.HttpServer2 (HttpServer2.java:bindListener(1191)) - Jetty bound to port 45335
2019-08-22 17:48:54,452 [main] INFO  server.Server (Server.java:doStart(351)) - jetty-9.3.24.v20180605, build timestamp: 2018-06-05T17:11:56Z, git hash: 84205aa28f11a4f31f2a3b86d1bba2cc8ab69827
2019-08-22 17:48:54,454 [main] INFO  handler.ContextHandler (ContextHandler.java:doStart(781)) - Started o.e.j.s.ServletContextHandler@7f59f4e4{/logs,file:///workdir/hadoop-ozone/integration-test/target/log,AVAILABLE}
2019-08-22 17:48:54,454 [main] INFO  handler.ContextHandler (ContextHandler.java:doStart(781)) - Started o.e.j.s.ServletContextHandler@3e09067{/static,jar:file:/home/user/.m2/repository/org/apache/hadoop/hadoop-hdds-container-service/0.5.0-SNAPSHOT/hadoop-hdds-container-service-0.5.0-SNAPSHOT.jar!/webapps/static,AVAILABLE}
2019-08-22 17:48:54,481 [main] INFO  handler.ContextHandler (ContextHandler.java:doStart(781)) - Started o.e.j.w.WebAppContext@193f5509{/,file:///tmp/jetty-0.0.0.0-45335-hddsDatanode-_-any-5672537049340183163.dir/webapp/,AVAILABLE}{/hddsDatanode}
2019-08-22 17:48:54,481 [main] INFO  server.AbstractConnector (AbstractConnector.java:doStart(278)) - Started ServerConnector@475a8415{HTTP/1.1,[http/1.1]}{0.0.0.0:45335}
2019-08-22 17:48:54,481 [main] INFO  server.Server (Server.java:doStart(419)) - Started @542891ms
2019-08-22 17:48:54,483 [main] INFO  server.BaseHttpServer (BaseHttpServer.java:updateConnectorAddress(213)) - HTTP server of HDDSDATANODE is listening at http://0.0.0.0:45335
2019-08-22 17:48:54,602 | INFO  | ObjectStoreRestHttpServer | Listening HDDS REST traffic on /0.0.0.0:45540 |  
2019-08-22 17:48:54,602 [main] INFO  ozone.HddsDatanodeService (HddsDatanodeService.java:startPlugins(395)) - Started plug-in org.apache.hadoop.ozone.web.OzoneHddsDatanodeService@3fe33c59
2019-08-22 17:48:54,603 [main] INFO  impl.MetricsSystemImpl (MetricsSystemImpl.java:init(158)) - HddsDatanode metrics system started (again)
2019-08-22 17:48:54,606 [org.apache.hadoop.util.JvmPauseMonitor$Monitor@4e8d3a3c] INFO  util.JvmPauseMonitor (JvmPauseMonitor.java:run(188)) - Starting JVM pause monitor
2019-08-22 17:48:54,606 [main] INFO  ozone.HddsDatanodeService (HddsDatanodeService.java:start(184)) - HddsDatanodeService host:pr-hdds-1808-4dtdn-3774871440 ip:192.168.5.173
2019-08-22 17:48:54,608 [Datanode State Machine Thread - 0] INFO  datanode.InitDatanodeState (InitDatanodeState.java:persistContainerDatanodeDetails(140)) - DatanodeDetails is persisted to /workdir/hadoop-ozone/integration-test/target/test-dir/MiniOzoneClusterImpl-3fcad3f5-9634-4478-a239-7449fe26e55e/datanode-1/meta/datanode.id
2019-08-22 17:48:54,617 [main] INFO  volume.HddsVolume (HddsVolume.java:<init>(176)) - Creating Volume: /workdir/hadoop-ozone/integration-test/target/test-dir/MiniOzoneClusterImpl-3fcad3f5-9634-4478-a239-7449fe26e55e/datanode-2/data/containers/hdds of  storage type : DISK and capacity : 1482555576320
2019-08-22 17:48:54,617 [main] INFO  volume.VolumeSet (VolumeSet.java:initializeVolumeSet(170)) - Added Volume : /workdir/hadoop-ozone/integration-test/target/test-dir/MiniOzoneClusterImpl-3fcad3f5-9634-4478-a239-7449fe26e55e/datanode-2/data/containers/hdds to VolumeSet
2019-08-22 17:48:54,617 [main] INFO  volume.ThrottledAsyncChecker (ThrottledAsyncChecker.java:schedule(140)) - Scheduling a check for org.apache.hadoop.ozone.container.common.volume.HddsVolume@5c70eda4
2019-08-22 17:48:54,618 [main] INFO  volume.HddsVolumeChecker (HddsVolumeChecker.java:checkAllVolumes(203)) - Scheduled health check for volume org.apache.hadoop.ozone.container.common.volume.HddsVolume@5c70eda4
2019-08-22 17:48:54,632 [main] INFO  impl.RaftServerProxy (ConfUtils.java:logGet(43)) - raft.rpc.type = GRPC (default)
2019-08-22 17:48:54,632 [main] INFO  grpc.GrpcFactory (GrpcFactory.java:checkPooledByteBufAllocatorUseCacheForAllThreads(45)) - PERFORMANCE WARNING: useCacheForAllThreads is true that may cause Netty to create a lot garbage objects and, as a result, trigger GC.
	It is recommended to disable useCacheForAllThreads by setting -Dorg.apache.ratis.thirdparty.io.netty.allocator.useCacheForAllThreads=false in command line.
2019-08-22 17:48:54,632 [main] INFO  grpc.GrpcConfigKeys$Server (ConfUtils.java:logGet(43)) - raft.grpc.server.port = 0 (default)
2019-08-22 17:48:54,632 [main] INFO  server.GrpcService (ConfUtils.java:logGet(43)) - raft.grpc.message.size.max = 33570816 (custom)
2019-08-22 17:48:54,632 [main] INFO  server.RaftServerConfigKeys (ConfUtils.java:logGet(43)) - raft.server.log.appender.buffer.byte-limit = 33554432 (custom)
2019-08-22 17:48:54,633 [main] INFO  server.GrpcService (ConfUtils.java:logGet(43)) - raft.grpc.flow.control.window = 1MB (=1048576) (default)
2019-08-22 17:48:54,633 [main] INFO  server.RaftServerConfigKeys (ConfUtils.java:logGet(43)) - raft.server.rpc.request.timeout = 3000ms (default)
2019-08-22 17:48:54,633 [main] INFO  server.RaftServerConfigKeys (ConfUtils.java:logGet(43)) - raft.server.storage.dir = [/workdir/hadoop-ozone/integration-test/target/test-dir/MiniOzoneClusterImpl-3fcad3f5-9634-4478-a239-7449fe26e55e/datanode-2/data/ratis] (custom)
2019-08-22 17:48:54,634 [main] INFO  replication.SimpleContainerDownloader (SimpleContainerDownloader.java:<init>(72)) - Starting container downloader service to copy containers to replicate.
2019-08-22 17:48:54,635 [main] INFO  hdfs.DFSUtil (DFSUtil.java:httpServerTemplateForNNAndJN(1641)) - Starting Web-server for hddsDatanode at: http://0.0.0.0:0
2019-08-22 17:48:54,636 [main] INFO  server.AuthenticationFilter (AuthenticationFilter.java:constructSecretProvider(240)) - Unable to initialize FileSignerSecretProvider, falling back to use random secrets.
2019-08-22 17:48:54,637 [main] WARN  http.HttpRequestLog (HttpRequestLog.java:getRequestLog(97)) - Jetty request log can only be enabled using Log4j
2019-08-22 17:48:54,638 [main] INFO  http.HttpServer2 (HttpServer2.java:addGlobalFilter(975)) - Added global filter 'safety' (class=org.apache.hadoop.http.HttpServer2$QuotingInputFilter)
2019-08-22 17:48:54,638 [main] INFO  http.HttpServer2 (HttpServer2.java:addFilter(948)) - Added filter static_user_filter (class=org.apache.hadoop.http.lib.StaticUserWebFilter$StaticUserFilter) to context hddsDatanode
2019-08-22 17:48:54,639 [main] INFO  http.HttpServer2 (HttpServer2.java:addFilter(958)) - Added filter static_user_filter (class=org.apache.hadoop.http.lib.StaticUserWebFilter$StaticUserFilter) to context logs
2019-08-22 17:48:54,639 [main] INFO  http.HttpServer2 (HttpServer2.java:addFilter(958)) - Added filter static_user_filter (class=org.apache.hadoop.http.lib.StaticUserWebFilter$StaticUserFilter) to context static
2019-08-22 17:48:54,639 [main] INFO  http.HttpServer2 (HttpServer2.java:bindListener(1191)) - Jetty bound to port 44779
2019-08-22 17:48:54,640 [main] INFO  server.Server (Server.java:doStart(351)) - jetty-9.3.24.v20180605, build timestamp: 2018-06-05T17:11:56Z, git hash: 84205aa28f11a4f31f2a3b86d1bba2cc8ab69827
2019-08-22 17:48:54,641 [main] INFO  handler.ContextHandler (ContextHandler.java:doStart(781)) - Started o.e.j.s.ServletContextHandler@4cdb7fd9{/logs,file:///workdir/hadoop-ozone/integration-test/target/log,AVAILABLE}
2019-08-22 17:48:54,642 [main] INFO  handler.ContextHandler (ContextHandler.java:doStart(781)) - Started o.e.j.s.ServletContextHandler@796687de{/static,jar:file:/home/user/.m2/repository/org/apache/hadoop/hadoop-hdds-container-service/0.5.0-SNAPSHOT/hadoop-hdds-container-service-0.5.0-SNAPSHOT.jar!/webapps/static,AVAILABLE}
2019-08-22 17:48:54,668 [main] INFO  handler.ContextHandler (ContextHandler.java:doStart(781)) - Started o.e.j.w.WebAppContext@17c3e33{/,file:///tmp/jetty-0.0.0.0-44779-hddsDatanode-_-any-2788637467600351056.dir/webapp/,AVAILABLE}{/hddsDatanode}
2019-08-22 17:48:54,669 [main] INFO  server.AbstractConnector (AbstractConnector.java:doStart(278)) - Started ServerConnector@2eb27091{HTTP/1.1,[http/1.1]}{0.0.0.0:44779}
2019-08-22 17:48:54,669 [main] INFO  server.Server (Server.java:doStart(419)) - Started @543079ms
2019-08-22 17:48:54,671 [main] INFO  server.BaseHttpServer (BaseHttpServer.java:updateConnectorAddress(213)) - HTTP server of HDDSDATANODE is listening at http://0.0.0.0:44779
2019-08-22 17:48:54,827 | INFO  | ObjectStoreRestHttpServer | Listening HDDS REST traffic on /0.0.0.0:45320 |  
2019-08-22 17:48:54,827 [main] INFO  ozone.HddsDatanodeService (HddsDatanodeService.java:startPlugins(395)) - Started plug-in org.apache.hadoop.ozone.web.OzoneHddsDatanodeService@2746bc43
2019-08-22 17:48:54,828 [main] INFO  impl.MetricsSystemImpl (MetricsSystemImpl.java:init(158)) - HddsDatanode metrics system started (again)
2019-08-22 17:48:54,831 [org.apache.hadoop.util.JvmPauseMonitor$Monitor@27b0fb60] INFO  util.JvmPauseMonitor (JvmPauseMonitor.java:run(188)) - Starting JVM pause monitor
2019-08-22 17:48:54,833 [main] INFO  ozone.HddsDatanodeService (HddsDatanodeService.java:start(184)) - HddsDatanodeService host:pr-hdds-1808-4dtdn-3774871440 ip:192.168.5.173
2019-08-22 17:48:54,834 [Datanode State Machine Thread - 0] INFO  datanode.InitDatanodeState (InitDatanodeState.java:persistContainerDatanodeDetails(140)) - DatanodeDetails is persisted to /workdir/hadoop-ozone/integration-test/target/test-dir/MiniOzoneClusterImpl-3fcad3f5-9634-4478-a239-7449fe26e55e/datanode-2/meta/datanode.id
2019-08-22 17:48:54,844 [main] INFO  volume.HddsVolume (HddsVolume.java:<init>(176)) - Creating Volume: /workdir/hadoop-ozone/integration-test/target/test-dir/MiniOzoneClusterImpl-3fcad3f5-9634-4478-a239-7449fe26e55e/datanode-3/data/containers/hdds of  storage type : DISK and capacity : 1482555576320
2019-08-22 17:48:54,845 [main] INFO  volume.VolumeSet (VolumeSet.java:initializeVolumeSet(170)) - Added Volume : /workdir/hadoop-ozone/integration-test/target/test-dir/MiniOzoneClusterImpl-3fcad3f5-9634-4478-a239-7449fe26e55e/datanode-3/data/containers/hdds to VolumeSet
2019-08-22 17:48:54,845 [main] INFO  volume.ThrottledAsyncChecker (ThrottledAsyncChecker.java:schedule(140)) - Scheduling a check for org.apache.hadoop.ozone.container.common.volume.HddsVolume@7aa44fa2
2019-08-22 17:48:54,845 [main] INFO  volume.HddsVolumeChecker (HddsVolumeChecker.java:checkAllVolumes(203)) - Scheduled health check for volume org.apache.hadoop.ozone.container.common.volume.HddsVolume@7aa44fa2
2019-08-22 17:48:54,865 [main] INFO  impl.RaftServerProxy (ConfUtils.java:logGet(43)) - raft.rpc.type = GRPC (default)
2019-08-22 17:48:54,866 [main] INFO  grpc.GrpcFactory (GrpcFactory.java:checkPooledByteBufAllocatorUseCacheForAllThreads(45)) - PERFORMANCE WARNING: useCacheForAllThreads is true that may cause Netty to create a lot garbage objects and, as a result, trigger GC.
	It is recommended to disable useCacheForAllThreads by setting -Dorg.apache.ratis.thirdparty.io.netty.allocator.useCacheForAllThreads=false in command line.
2019-08-22 17:48:54,866 [main] INFO  grpc.GrpcConfigKeys$Server (ConfUtils.java:logGet(43)) - raft.grpc.server.port = 0 (default)
2019-08-22 17:48:54,866 [main] INFO  server.GrpcService (ConfUtils.java:logGet(43)) - raft.grpc.message.size.max = 33570816 (custom)
2019-08-22 17:48:54,867 [main] INFO  server.RaftServerConfigKeys (ConfUtils.java:logGet(43)) - raft.server.log.appender.buffer.byte-limit = 33554432 (custom)
2019-08-22 17:48:54,867 [main] INFO  server.GrpcService (ConfUtils.java:logGet(43)) - raft.grpc.flow.control.window = 1MB (=1048576) (default)
2019-08-22 17:48:54,867 [main] INFO  server.RaftServerConfigKeys (ConfUtils.java:logGet(43)) - raft.server.rpc.request.timeout = 3000ms (default)
2019-08-22 17:48:54,868 [main] INFO  server.RaftServerConfigKeys (ConfUtils.java:logGet(43)) - raft.server.storage.dir = [/workdir/hadoop-ozone/integration-test/target/test-dir/MiniOzoneClusterImpl-3fcad3f5-9634-4478-a239-7449fe26e55e/datanode-3/data/ratis] (custom)
2019-08-22 17:48:54,869 [main] INFO  replication.SimpleContainerDownloader (SimpleContainerDownloader.java:<init>(72)) - Starting container downloader service to copy containers to replicate.
2019-08-22 17:48:54,871 [main] INFO  hdfs.DFSUtil (DFSUtil.java:httpServerTemplateForNNAndJN(1641)) - Starting Web-server for hddsDatanode at: http://0.0.0.0:0
2019-08-22 17:48:54,873 [main] INFO  server.AuthenticationFilter (AuthenticationFilter.java:constructSecretProvider(240)) - Unable to initialize FileSignerSecretProvider, falling back to use random secrets.
2019-08-22 17:48:54,874 [main] WARN  http.HttpRequestLog (HttpRequestLog.java:getRequestLog(97)) - Jetty request log can only be enabled using Log4j
2019-08-22 17:48:54,876 [main] INFO  http.HttpServer2 (HttpServer2.java:addGlobalFilter(975)) - Added global filter 'safety' (class=org.apache.hadoop.http.HttpServer2$QuotingInputFilter)
2019-08-22 17:48:54,877 [main] INFO  http.HttpServer2 (HttpServer2.java:addFilter(948)) - Added filter static_user_filter (class=org.apache.hadoop.http.lib.StaticUserWebFilter$StaticUserFilter) to context hddsDatanode
2019-08-22 17:48:54,877 [main] INFO  http.HttpServer2 (HttpServer2.java:addFilter(958)) - Added filter static_user_filter (class=org.apache.hadoop.http.lib.StaticUserWebFilter$StaticUserFilter) to context logs
2019-08-22 17:48:54,877 [main] INFO  http.HttpServer2 (HttpServer2.java:addFilter(958)) - Added filter static_user_filter (class=org.apache.hadoop.http.lib.StaticUserWebFilter$StaticUserFilter) to context static
2019-08-22 17:48:54,878 [main] INFO  http.HttpServer2 (HttpServer2.java:bindListener(1191)) - Jetty bound to port 42390
2019-08-22 17:48:54,879 [main] INFO  server.Server (Server.java:doStart(351)) - jetty-9.3.24.v20180605, build timestamp: 2018-06-05T17:11:56Z, git hash: 84205aa28f11a4f31f2a3b86d1bba2cc8ab69827
2019-08-22 17:48:54,881 [main] INFO  handler.ContextHandler (ContextHandler.java:doStart(781)) - Started o.e.j.s.ServletContextHandler@2e0d6270{/logs,file:///workdir/hadoop-ozone/integration-test/target/log,AVAILABLE}
2019-08-22 17:48:54,882 [main] INFO  handler.ContextHandler (ContextHandler.java:doStart(781)) - Started o.e.j.s.ServletContextHandler@4676fcd9{/static,jar:file:/home/user/.m2/repository/org/apache/hadoop/hadoop-hdds-container-service/0.5.0-SNAPSHOT/hadoop-hdds-container-service-0.5.0-SNAPSHOT.jar!/webapps/static,AVAILABLE}
2019-08-22 17:48:54,921 [main] INFO  handler.ContextHandler (ContextHandler.java:doStart(781)) - Started o.e.j.w.WebAppContext@10c11e36{/,file:///tmp/jetty-0.0.0.0-42390-hddsDatanode-_-any-614416494509650758.dir/webapp/,AVAILABLE}{/hddsDatanode}
2019-08-22 17:48:54,922 [main] INFO  server.AbstractConnector (AbstractConnector.java:doStart(278)) - Started ServerConnector@1da53092{HTTP/1.1,[http/1.1]}{0.0.0.0:42390}
2019-08-22 17:48:54,923 [main] INFO  server.Server (Server.java:doStart(419)) - Started @543333ms
2019-08-22 17:48:54,924 [main] INFO  server.BaseHttpServer (BaseHttpServer.java:updateConnectorAddress(213)) - HTTP server of HDDSDATANODE is listening at http://0.0.0.0:42390
2019-08-22 17:48:55,297 | INFO  | ObjectStoreRestHttpServer | Listening HDDS REST traffic on /0.0.0.0:38869 |  
2019-08-22 17:48:55,297 [main] INFO  ozone.HddsDatanodeService (HddsDatanodeService.java:startPlugins(395)) - Started plug-in org.apache.hadoop.ozone.web.OzoneHddsDatanodeService@2da273b3
2019-08-22 17:48:55,298 [main] INFO  impl.MetricsSystemImpl (MetricsSystemImpl.java:init(158)) - HddsDatanode metrics system started (again)
2019-08-22 17:48:55,301 [org.apache.hadoop.util.JvmPauseMonitor$Monitor@2325cbdc] INFO  util.JvmPauseMonitor (JvmPauseMonitor.java:run(188)) - Starting JVM pause monitor
2019-08-22 17:48:55,302 [main] INFO  ozone.HddsDatanodeService (HddsDatanodeService.java:start(184)) - HddsDatanodeService host:pr-hdds-1808-4dtdn-3774871440 ip:192.168.5.173
2019-08-22 17:48:55,303 [Datanode State Machine Thread - 0] INFO  datanode.InitDatanodeState (InitDatanodeState.java:persistContainerDatanodeDetails(140)) - DatanodeDetails is persisted to /workdir/hadoop-ozone/integration-test/target/test-dir/MiniOzoneClusterImpl-3fcad3f5-9634-4478-a239-7449fe26e55e/datanode-3/meta/datanode.id
2019-08-22 17:48:55,311 [main] INFO  volume.HddsVolume (HddsVolume.java:<init>(176)) - Creating Volume: /workdir/hadoop-ozone/integration-test/target/test-dir/MiniOzoneClusterImpl-3fcad3f5-9634-4478-a239-7449fe26e55e/datanode-4/data/containers/hdds of  storage type : DISK and capacity : 1482555576320
2019-08-22 17:48:55,311 [main] INFO  volume.VolumeSet (VolumeSet.java:initializeVolumeSet(170)) - Added Volume : /workdir/hadoop-ozone/integration-test/target/test-dir/MiniOzoneClusterImpl-3fcad3f5-9634-4478-a239-7449fe26e55e/datanode-4/data/containers/hdds to VolumeSet
2019-08-22 17:48:55,312 [main] INFO  volume.ThrottledAsyncChecker (ThrottledAsyncChecker.java:schedule(140)) - Scheduling a check for org.apache.hadoop.ozone.container.common.volume.HddsVolume@7108b12d
2019-08-22 17:48:55,312 [main] INFO  volume.HddsVolumeChecker (HddsVolumeChecker.java:checkAllVolumes(203)) - Scheduled health check for volume org.apache.hadoop.ozone.container.common.volume.HddsVolume@7108b12d
2019-08-22 17:48:55,325 [main] INFO  impl.RaftServerProxy (ConfUtils.java:logGet(43)) - raft.rpc.type = GRPC (default)
2019-08-22 17:48:55,325 [main] INFO  grpc.GrpcFactory (GrpcFactory.java:checkPooledByteBufAllocatorUseCacheForAllThreads(45)) - PERFORMANCE WARNING: useCacheForAllThreads is true that may cause Netty to create a lot garbage objects and, as a result, trigger GC.
	It is recommended to disable useCacheForAllThreads by setting -Dorg.apache.ratis.thirdparty.io.netty.allocator.useCacheForAllThreads=false in command line.
2019-08-22 17:48:55,326 [main] INFO  grpc.GrpcConfigKeys$Server (ConfUtils.java:logGet(43)) - raft.grpc.server.port = 0 (default)
2019-08-22 17:48:55,326 [main] INFO  server.GrpcService (ConfUtils.java:logGet(43)) - raft.grpc.message.size.max = 33570816 (custom)
2019-08-22 17:48:55,326 [main] INFO  server.RaftServerConfigKeys (ConfUtils.java:logGet(43)) - raft.server.log.appender.buffer.byte-limit = 33554432 (custom)
2019-08-22 17:48:55,326 [main] INFO  server.GrpcService (ConfUtils.java:logGet(43)) - raft.grpc.flow.control.window = 1MB (=1048576) (default)
2019-08-22 17:48:55,327 [main] INFO  server.RaftServerConfigKeys (ConfUtils.java:logGet(43)) - raft.server.rpc.request.timeout = 3000ms (default)
2019-08-22 17:48:55,327 [main] INFO  server.RaftServerConfigKeys (ConfUtils.java:logGet(43)) - raft.server.storage.dir = [/workdir/hadoop-ozone/integration-test/target/test-dir/MiniOzoneClusterImpl-3fcad3f5-9634-4478-a239-7449fe26e55e/datanode-4/data/ratis] (custom)
2019-08-22 17:48:55,327 [main] INFO  replication.SimpleContainerDownloader (SimpleContainerDownloader.java:<init>(72)) - Starting container downloader service to copy containers to replicate.
2019-08-22 17:48:55,328 [main] INFO  hdfs.DFSUtil (DFSUtil.java:httpServerTemplateForNNAndJN(1641)) - Starting Web-server for hddsDatanode at: http://0.0.0.0:0
2019-08-22 17:48:55,330 [main] INFO  server.AuthenticationFilter (AuthenticationFilter.java:constructSecretProvider(240)) - Unable to initialize FileSignerSecretProvider, falling back to use random secrets.
2019-08-22 17:48:55,330 [main] WARN  http.HttpRequestLog (HttpRequestLog.java:getRequestLog(97)) - Jetty request log can only be enabled using Log4j
2019-08-22 17:48:55,331 [main] INFO  http.HttpServer2 (HttpServer2.java:addGlobalFilter(975)) - Added global filter 'safety' (class=org.apache.hadoop.http.HttpServer2$QuotingInputFilter)
2019-08-22 17:48:55,332 [main] INFO  http.HttpServer2 (HttpServer2.java:addFilter(948)) - Added filter static_user_filter (class=org.apache.hadoop.http.lib.StaticUserWebFilter$StaticUserFilter) to context hddsDatanode
2019-08-22 17:48:55,332 [main] INFO  http.HttpServer2 (HttpServer2.java:addFilter(958)) - Added filter static_user_filter (class=org.apache.hadoop.http.lib.StaticUserWebFilter$StaticUserFilter) to context logs
2019-08-22 17:48:55,332 [main] INFO  http.HttpServer2 (HttpServer2.java:addFilter(958)) - Added filter static_user_filter (class=org.apache.hadoop.http.lib.StaticUserWebFilter$StaticUserFilter) to context static
2019-08-22 17:48:55,333 [main] INFO  http.HttpServer2 (HttpServer2.java:bindListener(1191)) - Jetty bound to port 33336
2019-08-22 17:48:55,333 [main] INFO  server.Server (Server.java:doStart(351)) - jetty-9.3.24.v20180605, build timestamp: 2018-06-05T17:11:56Z, git hash: 84205aa28f11a4f31f2a3b86d1bba2cc8ab69827
2019-08-22 17:48:55,334 [main] INFO  handler.ContextHandler (ContextHandler.java:doStart(781)) - Started o.e.j.s.ServletContextHandler@53141d3f{/logs,file:///workdir/hadoop-ozone/integration-test/target/log,AVAILABLE}
2019-08-22 17:48:55,335 [main] INFO  handler.ContextHandler (ContextHandler.java:doStart(781)) - Started o.e.j.s.ServletContextHandler@4b90f49d{/static,jar:file:/home/user/.m2/repository/org/apache/hadoop/hadoop-hdds-container-service/0.5.0-SNAPSHOT/hadoop-hdds-container-service-0.5.0-SNAPSHOT.jar!/webapps/static,AVAILABLE}
2019-08-22 17:48:55,370 [main] INFO  handler.ContextHandler (ContextHandler.java:doStart(781)) - Started o.e.j.w.WebAppContext@1179731c{/,file:///tmp/jetty-0.0.0.0-33336-hddsDatanode-_-any-7952000626194914690.dir/webapp/,AVAILABLE}{/hddsDatanode}
2019-08-22 17:48:55,371 [main] INFO  server.AbstractConnector (AbstractConnector.java:doStart(278)) - Started ServerConnector@8497c23{HTTP/1.1,[http/1.1]}{0.0.0.0:33336}
2019-08-22 17:48:55,372 [main] INFO  server.Server (Server.java:doStart(419)) - Started @543781ms
2019-08-22 17:48:55,373 [main] INFO  server.BaseHttpServer (BaseHttpServer.java:updateConnectorAddress(213)) - HTTP server of HDDSDATANODE is listening at http://0.0.0.0:33336
2019-08-22 17:48:55,488 | INFO  | ObjectStoreRestHttpServer | Listening HDDS REST traffic on /0.0.0.0:41986 |  
2019-08-22 17:48:55,488 [main] INFO  ozone.HddsDatanodeService (HddsDatanodeService.java:startPlugins(395)) - Started plug-in org.apache.hadoop.ozone.web.OzoneHddsDatanodeService@3b802baa
2019-08-22 17:48:55,488 [main] INFO  impl.MetricsSystemImpl (MetricsSystemImpl.java:init(158)) - HddsDatanode metrics system started (again)
2019-08-22 17:48:55,491 [org.apache.hadoop.util.JvmPauseMonitor$Monitor@29380c29] INFO  util.JvmPauseMonitor (JvmPauseMonitor.java:run(188)) - Starting JVM pause monitor
2019-08-22 17:48:55,492 [main] INFO  ozone.HddsDatanodeService (HddsDatanodeService.java:start(184)) - HddsDatanodeService host:pr-hdds-1808-4dtdn-3774871440 ip:192.168.5.173
2019-08-22 17:48:55,493 [Datanode State Machine Thread - 0] INFO  datanode.InitDatanodeState (InitDatanodeState.java:persistContainerDatanodeDetails(140)) - DatanodeDetails is persisted to /workdir/hadoop-ozone/integration-test/target/test-dir/MiniOzoneClusterImpl-3fcad3f5-9634-4478-a239-7449fe26e55e/datanode-4/meta/datanode.id
2019-08-22 17:48:55,503 [main] INFO  volume.HddsVolume (HddsVolume.java:<init>(176)) - Creating Volume: /workdir/hadoop-ozone/integration-test/target/test-dir/MiniOzoneClusterImpl-3fcad3f5-9634-4478-a239-7449fe26e55e/datanode-5/data/containers/hdds of  storage type : DISK and capacity : 1482555576320
2019-08-22 17:48:55,503 [main] INFO  volume.VolumeSet (VolumeSet.java:initializeVolumeSet(170)) - Added Volume : /workdir/hadoop-ozone/integration-test/target/test-dir/MiniOzoneClusterImpl-3fcad3f5-9634-4478-a239-7449fe26e55e/datanode-5/data/containers/hdds to VolumeSet
2019-08-22 17:48:55,503 [main] INFO  volume.ThrottledAsyncChecker (ThrottledAsyncChecker.java:schedule(140)) - Scheduling a check for org.apache.hadoop.ozone.container.common.volume.HddsVolume@283074e8
2019-08-22 17:48:55,504 [main] INFO  volume.HddsVolumeChecker (HddsVolumeChecker.java:checkAllVolumes(203)) - Scheduled health check for volume org.apache.hadoop.ozone.container.common.volume.HddsVolume@283074e8
2019-08-22 17:48:55,517 [main] INFO  impl.RaftServerProxy (ConfUtils.java:logGet(43)) - raft.rpc.type = GRPC (default)
2019-08-22 17:48:55,517 [main] INFO  grpc.GrpcFactory (GrpcFactory.java:checkPooledByteBufAllocatorUseCacheForAllThreads(45)) - PERFORMANCE WARNING: useCacheForAllThreads is true that may cause Netty to create a lot garbage objects and, as a result, trigger GC.
	It is recommended to disable useCacheForAllThreads by setting -Dorg.apache.ratis.thirdparty.io.netty.allocator.useCacheForAllThreads=false in command line.
2019-08-22 17:48:55,517 [main] INFO  grpc.GrpcConfigKeys$Server (ConfUtils.java:logGet(43)) - raft.grpc.server.port = 0 (default)
2019-08-22 17:48:55,517 [main] INFO  server.GrpcService (ConfUtils.java:logGet(43)) - raft.grpc.message.size.max = 33570816 (custom)
2019-08-22 17:48:55,517 [main] INFO  server.RaftServerConfigKeys (ConfUtils.java:logGet(43)) - raft.server.log.appender.buffer.byte-limit = 33554432 (custom)
2019-08-22 17:48:55,517 [main] INFO  server.GrpcService (ConfUtils.java:logGet(43)) - raft.grpc.flow.control.window = 1MB (=1048576) (default)
2019-08-22 17:48:55,518 [main] INFO  server.RaftServerConfigKeys (ConfUtils.java:logGet(43)) - raft.server.rpc.request.timeout = 3000ms (default)
2019-08-22 17:48:55,518 [main] INFO  server.RaftServerConfigKeys (ConfUtils.java:logGet(43)) - raft.server.storage.dir = [/workdir/hadoop-ozone/integration-test/target/test-dir/MiniOzoneClusterImpl-3fcad3f5-9634-4478-a239-7449fe26e55e/datanode-5/data/ratis] (custom)
2019-08-22 17:48:55,518 [main] INFO  replication.SimpleContainerDownloader (SimpleContainerDownloader.java:<init>(72)) - Starting container downloader service to copy containers to replicate.
2019-08-22 17:48:55,519 [main] INFO  hdfs.DFSUtil (DFSUtil.java:httpServerTemplateForNNAndJN(1641)) - Starting Web-server for hddsDatanode at: http://0.0.0.0:0
2019-08-22 17:48:55,520 [main] INFO  server.AuthenticationFilter (AuthenticationFilter.java:constructSecretProvider(240)) - Unable to initialize FileSignerSecretProvider, falling back to use random secrets.
2019-08-22 17:48:55,521 [main] WARN  http.HttpRequestLog (HttpRequestLog.java:getRequestLog(97)) - Jetty request log can only be enabled using Log4j
2019-08-22 17:48:55,522 [main] INFO  http.HttpServer2 (HttpServer2.java:addGlobalFilter(975)) - Added global filter 'safety' (class=org.apache.hadoop.http.HttpServer2$QuotingInputFilter)
2019-08-22 17:48:55,522 [main] INFO  http.HttpServer2 (HttpServer2.java:addFilter(948)) - Added filter static_user_filter (class=org.apache.hadoop.http.lib.StaticUserWebFilter$StaticUserFilter) to context hddsDatanode
2019-08-22 17:48:55,522 [main] INFO  http.HttpServer2 (HttpServer2.java:addFilter(958)) - Added filter static_user_filter (class=org.apache.hadoop.http.lib.StaticUserWebFilter$StaticUserFilter) to context logs
2019-08-22 17:48:55,523 [main] INFO  http.HttpServer2 (HttpServer2.java:addFilter(958)) - Added filter static_user_filter (class=org.apache.hadoop.http.lib.StaticUserWebFilter$StaticUserFilter) to context static
2019-08-22 17:48:55,523 [main] INFO  http.HttpServer2 (HttpServer2.java:bindListener(1191)) - Jetty bound to port 37026
2019-08-22 17:48:55,523 [main] INFO  server.Server (Server.java:doStart(351)) - jetty-9.3.24.v20180605, build timestamp: 2018-06-05T17:11:56Z, git hash: 84205aa28f11a4f31f2a3b86d1bba2cc8ab69827
2019-08-22 17:48:55,525 [main] INFO  handler.ContextHandler (ContextHandler.java:doStart(781)) - Started o.e.j.s.ServletContextHandler@70ca533a{/logs,file:///workdir/hadoop-ozone/integration-test/target/log,AVAILABLE}
2019-08-22 17:48:55,525 [main] INFO  handler.ContextHandler (ContextHandler.java:doStart(781)) - Started o.e.j.s.ServletContextHandler@627dfd9f{/static,jar:file:/home/user/.m2/repository/org/apache/hadoop/hadoop-hdds-container-service/0.5.0-SNAPSHOT/hadoop-hdds-container-service-0.5.0-SNAPSHOT.jar!/webapps/static,AVAILABLE}
2019-08-22 17:48:55,552 [main] INFO  handler.ContextHandler (ContextHandler.java:doStart(781)) - Started o.e.j.w.WebAppContext@210e971e{/,file:///tmp/jetty-0.0.0.0-37026-hddsDatanode-_-any-6350296760374220938.dir/webapp/,AVAILABLE}{/hddsDatanode}
2019-08-22 17:48:55,553 [main] INFO  server.AbstractConnector (AbstractConnector.java:doStart(278)) - Started ServerConnector@1b9785aa{HTTP/1.1,[http/1.1]}{0.0.0.0:37026}
2019-08-22 17:48:55,554 [main] INFO  server.Server (Server.java:doStart(419)) - Started @543963ms
2019-08-22 17:48:55,554 [main] INFO  server.BaseHttpServer (BaseHttpServer.java:updateConnectorAddress(213)) - HTTP server of HDDSDATANODE is listening at http://0.0.0.0:37026
2019-08-22 17:48:55,668 | INFO  | ObjectStoreRestHttpServer | Listening HDDS REST traffic on /0.0.0.0:34484 |  
2019-08-22 17:48:55,668 [main] INFO  ozone.HddsDatanodeService (HddsDatanodeService.java:startPlugins(395)) - Started plug-in org.apache.hadoop.ozone.web.OzoneHddsDatanodeService@567412db
2019-08-22 17:48:55,669 [main] INFO  impl.MetricsSystemImpl (MetricsSystemImpl.java:init(158)) - HddsDatanode metrics system started (again)
2019-08-22 17:48:55,671 [org.apache.hadoop.util.JvmPauseMonitor$Monitor@3c7ae93] INFO  util.JvmPauseMonitor (JvmPauseMonitor.java:run(188)) - Starting JVM pause monitor
2019-08-22 17:48:55,672 [main] INFO  ozone.HddsDatanodeService (HddsDatanodeService.java:start(184)) - HddsDatanodeService host:pr-hdds-1808-4dtdn-3774871440 ip:192.168.5.173
2019-08-22 17:48:55,673 [Datanode State Machine Thread - 0] INFO  datanode.InitDatanodeState (InitDatanodeState.java:persistContainerDatanodeDetails(140)) - DatanodeDetails is persisted to /workdir/hadoop-ozone/integration-test/target/test-dir/MiniOzoneClusterImpl-3fcad3f5-9634-4478-a239-7449fe26e55e/datanode-5/meta/datanode.id
2019-08-22 17:48:55,681 [main] INFO  volume.HddsVolume (HddsVolume.java:<init>(176)) - Creating Volume: /workdir/hadoop-ozone/integration-test/target/test-dir/MiniOzoneClusterImpl-3fcad3f5-9634-4478-a239-7449fe26e55e/datanode-6/data/containers/hdds of  storage type : DISK and capacity : 1482555576320
2019-08-22 17:48:55,682 [main] INFO  volume.VolumeSet (VolumeSet.java:initializeVolumeSet(170)) - Added Volume : /workdir/hadoop-ozone/integration-test/target/test-dir/MiniOzoneClusterImpl-3fcad3f5-9634-4478-a239-7449fe26e55e/datanode-6/data/containers/hdds to VolumeSet
2019-08-22 17:48:55,682 [main] INFO  volume.ThrottledAsyncChecker (ThrottledAsyncChecker.java:schedule(140)) - Scheduling a check for org.apache.hadoop.ozone.container.common.volume.HddsVolume@4e8e0052
2019-08-22 17:48:55,682 [main] INFO  volume.HddsVolumeChecker (HddsVolumeChecker.java:checkAllVolumes(203)) - Scheduled health check for volume org.apache.hadoop.ozone.container.common.volume.HddsVolume@4e8e0052
2019-08-22 17:48:55,699 [main] INFO  impl.RaftServerProxy (ConfUtils.java:logGet(43)) - raft.rpc.type = GRPC (default)
2019-08-22 17:48:55,699 [main] INFO  grpc.GrpcFactory (GrpcFactory.java:checkPooledByteBufAllocatorUseCacheForAllThreads(45)) - PERFORMANCE WARNING: useCacheForAllThreads is true that may cause Netty to create a lot garbage objects and, as a result, trigger GC.
	It is recommended to disable useCacheForAllThreads by setting -Dorg.apache.ratis.thirdparty.io.netty.allocator.useCacheForAllThreads=false in command line.
2019-08-22 17:48:55,699 [main] INFO  grpc.GrpcConfigKeys$Server (ConfUtils.java:logGet(43)) - raft.grpc.server.port = 0 (default)
2019-08-22 17:48:55,700 [main] INFO  server.GrpcService (ConfUtils.java:logGet(43)) - raft.grpc.message.size.max = 33570816 (custom)
2019-08-22 17:48:55,700 [main] INFO  server.RaftServerConfigKeys (ConfUtils.java:logGet(43)) - raft.server.log.appender.buffer.byte-limit = 33554432 (custom)
2019-08-22 17:48:55,700 [main] INFO  server.GrpcService (ConfUtils.java:logGet(43)) - raft.grpc.flow.control.window = 1MB (=1048576) (default)
2019-08-22 17:48:55,700 [main] INFO  server.RaftServerConfigKeys (ConfUtils.java:logGet(43)) - raft.server.rpc.request.timeout = 3000ms (default)
2019-08-22 17:48:55,700 [main] INFO  server.RaftServerConfigKeys (ConfUtils.java:logGet(43)) - raft.server.storage.dir = [/workdir/hadoop-ozone/integration-test/target/test-dir/MiniOzoneClusterImpl-3fcad3f5-9634-4478-a239-7449fe26e55e/datanode-6/data/ratis] (custom)
2019-08-22 17:48:55,701 [main] INFO  replication.SimpleContainerDownloader (SimpleContainerDownloader.java:<init>(72)) - Starting container downloader service to copy containers to replicate.
2019-08-22 17:48:55,702 [main] INFO  hdfs.DFSUtil (DFSUtil.java:httpServerTemplateForNNAndJN(1641)) - Starting Web-server for hddsDatanode at: http://0.0.0.0:0
2019-08-22 17:48:55,703 [main] INFO  server.AuthenticationFilter (AuthenticationFilter.java:constructSecretProvider(240)) - Unable to initialize FileSignerSecretProvider, falling back to use random secrets.
2019-08-22 17:48:55,703 [main] WARN  http.HttpRequestLog (HttpRequestLog.java:getRequestLog(97)) - Jetty request log can only be enabled using Log4j
2019-08-22 17:48:55,704 [main] INFO  http.HttpServer2 (HttpServer2.java:addGlobalFilter(975)) - Added global filter 'safety' (class=org.apache.hadoop.http.HttpServer2$QuotingInputFilter)
2019-08-22 17:48:55,705 [main] INFO  http.HttpServer2 (HttpServer2.java:addFilter(948)) - Added filter static_user_filter (class=org.apache.hadoop.http.lib.StaticUserWebFilter$StaticUserFilter) to context hddsDatanode
2019-08-22 17:48:55,705 [main] INFO  http.HttpServer2 (HttpServer2.java:addFilter(958)) - Added filter static_user_filter (class=org.apache.hadoop.http.lib.StaticUserWebFilter$StaticUserFilter) to context logs
2019-08-22 17:48:55,705 [main] INFO  http.HttpServer2 (HttpServer2.java:addFilter(958)) - Added filter static_user_filter (class=org.apache.hadoop.http.lib.StaticUserWebFilter$StaticUserFilter) to context static
2019-08-22 17:48:55,706 [main] INFO  http.HttpServer2 (HttpServer2.java:bindListener(1191)) - Jetty bound to port 46288
2019-08-22 17:48:55,706 [main] INFO  server.Server (Server.java:doStart(351)) - jetty-9.3.24.v20180605, build timestamp: 2018-06-05T17:11:56Z, git hash: 84205aa28f11a4f31f2a3b86d1bba2cc8ab69827
2019-08-22 17:48:55,707 [main] INFO  handler.ContextHandler (ContextHandler.java:doStart(781)) - Started o.e.j.s.ServletContextHandler@6b438782{/logs,file:///workdir/hadoop-ozone/integration-test/target/log,AVAILABLE}
2019-08-22 17:48:55,708 [main] INFO  handler.ContextHandler (ContextHandler.java:doStart(781)) - Started o.e.j.s.ServletContextHandler@2cf29dce{/static,jar:file:/home/user/.m2/repository/org/apache/hadoop/hadoop-hdds-container-service/0.5.0-SNAPSHOT/hadoop-hdds-container-service-0.5.0-SNAPSHOT.jar!/webapps/static,AVAILABLE}
2019-08-22 17:48:55,731 [main] INFO  handler.ContextHandler (ContextHandler.java:doStart(781)) - Started o.e.j.w.WebAppContext@360b6ea1{/,file:///tmp/jetty-0.0.0.0-46288-hddsDatanode-_-any-7522783442751953947.dir/webapp/,AVAILABLE}{/hddsDatanode}
2019-08-22 17:48:55,731 [main] INFO  server.AbstractConnector (AbstractConnector.java:doStart(278)) - Started ServerConnector@7aead157{HTTP/1.1,[http/1.1]}{0.0.0.0:46288}
2019-08-22 17:48:55,732 [main] INFO  server.Server (Server.java:doStart(419)) - Started @544141ms
2019-08-22 17:48:55,736 [main] INFO  server.BaseHttpServer (BaseHttpServer.java:updateConnectorAddress(213)) - HTTP server of HDDSDATANODE is listening at http://0.0.0.0:46288
2019-08-22 17:48:55,876 | INFO  | ObjectStoreRestHttpServer | Listening HDDS REST traffic on /0.0.0.0:42114 |  
2019-08-22 17:48:55,876 [main] INFO  ozone.HddsDatanodeService (HddsDatanodeService.java:startPlugins(395)) - Started plug-in org.apache.hadoop.ozone.web.OzoneHddsDatanodeService@6ad2a8db
2019-08-22 17:48:55,877 [main] INFO  ozone.MiniOzoneClusterImpl (MiniOzoneClusterImpl.java:lambda$waitForClusterToBeReady$0(142)) - Waiting for cluster to be ready. Got 0 of 7 DN Heartbeats.
2019-08-22 17:48:55,878 [org.apache.hadoop.util.JvmPauseMonitor$Monitor@434fda9c] INFO  util.JvmPauseMonitor (JvmPauseMonitor.java:run(188)) - Starting JVM pause monitor
2019-08-22 17:48:55,879 [Datanode State Machine Thread - 0] INFO  datanode.InitDatanodeState (InitDatanodeState.java:persistContainerDatanodeDetails(140)) - DatanodeDetails is persisted to /workdir/hadoop-ozone/integration-test/target/test-dir/MiniOzoneClusterImpl-3fcad3f5-9634-4478-a239-7449fe26e55e/datanode-6/meta/datanode.id
2019-08-22 17:48:56,422 | INFO  | SCMAudit | user=jenkins1000 | ip=192.168.5.173 | op=GET_VERSION null | ret=SUCCESS |  
2019-08-22 17:48:56,437 [Datanode State Machine Thread - 0] INFO  ozoneimpl.OzoneContainer (OzoneContainer.java:start(186)) - Attempting to start container services.
2019-08-22 17:48:56,437 [Datanode State Machine Thread - 0] INFO  ozoneimpl.OzoneContainer (OzoneContainer.java:startContainerScrub(160)) - Background container scrubber has been disabled by hdds.containerscrub.enabled
2019-08-22 17:48:56,437 [Datanode State Machine Thread - 0] INFO  ratis.XceiverServerRatis (XceiverServerRatis.java:start(404)) - Starting XceiverServerRatis 9e961f7d-2f80-48a7-b3ac-81f0a28e2c39 at port 0
2019-08-22 17:48:56,442 [Datanode State Machine Thread - 0] INFO  impl.RaftServerProxy (RaftServerProxy.java:lambda$start$3(299)) - 9e961f7d-2f80-48a7-b3ac-81f0a28e2c39: start RPC server
2019-08-22 17:48:56,447 [Datanode State Machine Thread - 0] INFO  server.GrpcService (GrpcService.java:startImpl(149)) - 9e961f7d-2f80-48a7-b3ac-81f0a28e2c39: GrpcService started, listening on 0.0.0.0/0.0.0.0:34389
2019-08-22 17:48:56,447 [Datanode State Machine Thread - 0] INFO  ratis.XceiverServerRatis (XceiverServerRatis.java:start(414)) - XceiverServerRatis 9e961f7d-2f80-48a7-b3ac-81f0a28e2c39 is started using port 34389
2019-08-22 17:48:56,447 [Datanode State Machine Thread - 0] INFO  server.XceiverServerGrpc (XceiverServerGrpc.java:start(161)) - XceiverServerGrpc 9e961f7d-2f80-48a7-b3ac-81f0a28e2c39 is started using port 44705
2019-08-22 17:48:56,606 | INFO  | SCMAudit | user=jenkins1000 | ip=192.168.5.173 | op=GET_VERSION null | ret=SUCCESS |  
2019-08-22 17:48:56,622 [Datanode State Machine Thread - 0] INFO  ozoneimpl.OzoneContainer (OzoneContainer.java:start(186)) - Attempting to start container services.
2019-08-22 17:48:56,622 [Datanode State Machine Thread - 0] INFO  ozoneimpl.OzoneContainer (OzoneContainer.java:startContainerScrub(160)) - Background container scrubber has been disabled by hdds.containerscrub.enabled
2019-08-22 17:48:56,623 [Datanode State Machine Thread - 0] INFO  ratis.XceiverServerRatis (XceiverServerRatis.java:start(404)) - Starting XceiverServerRatis 41476450-f699-485d-b75b-cc9c7bcae223 at port 0
2019-08-22 17:48:56,628 [Datanode State Machine Thread - 0] INFO  impl.RaftServerProxy (RaftServerProxy.java:lambda$start$3(299)) - 41476450-f699-485d-b75b-cc9c7bcae223: start RPC server
2019-08-22 17:48:56,629 [Datanode State Machine Thread - 0] INFO  server.GrpcService (GrpcService.java:startImpl(149)) - 41476450-f699-485d-b75b-cc9c7bcae223: GrpcService started, listening on 0.0.0.0/0.0.0.0:39265
2019-08-22 17:48:56,629 [Datanode State Machine Thread - 0] INFO  ratis.XceiverServerRatis (XceiverServerRatis.java:start(414)) - XceiverServerRatis 41476450-f699-485d-b75b-cc9c7bcae223 is started using port 39265
2019-08-22 17:48:56,629 [Datanode State Machine Thread - 0] INFO  server.XceiverServerGrpc (XceiverServerGrpc.java:start(161)) - XceiverServerGrpc 41476450-f699-485d-b75b-cc9c7bcae223 is started using port 38209
2019-08-22 17:48:56,832 | INFO  | SCMAudit | user=jenkins1000 | ip=192.168.5.173 | op=GET_VERSION null | ret=SUCCESS |  
2019-08-22 17:48:56,847 [Datanode State Machine Thread - 0] INFO  ozoneimpl.OzoneContainer (OzoneContainer.java:start(186)) - Attempting to start container services.
2019-08-22 17:48:56,847 [Datanode State Machine Thread - 0] INFO  ozoneimpl.OzoneContainer (OzoneContainer.java:startContainerScrub(160)) - Background container scrubber has been disabled by hdds.containerscrub.enabled
2019-08-22 17:48:56,847 [Datanode State Machine Thread - 0] INFO  ratis.XceiverServerRatis (XceiverServerRatis.java:start(404)) - Starting XceiverServerRatis e511989b-68ab-45c1-a797-44c33b51afe6 at port 0
2019-08-22 17:48:56,852 [Datanode State Machine Thread - 0] INFO  impl.RaftServerProxy (RaftServerProxy.java:lambda$start$3(299)) - e511989b-68ab-45c1-a797-44c33b51afe6: start RPC server
2019-08-22 17:48:56,853 [Datanode State Machine Thread - 0] INFO  server.GrpcService (GrpcService.java:startImpl(149)) - e511989b-68ab-45c1-a797-44c33b51afe6: GrpcService started, listening on 0.0.0.0/0.0.0.0:45396
2019-08-22 17:48:56,853 [Datanode State Machine Thread - 0] INFO  ratis.XceiverServerRatis (XceiverServerRatis.java:start(414)) - XceiverServerRatis e511989b-68ab-45c1-a797-44c33b51afe6 is started using port 45396
2019-08-22 17:48:56,853 [Datanode State Machine Thread - 0] INFO  server.XceiverServerGrpc (XceiverServerGrpc.java:start(161)) - XceiverServerGrpc e511989b-68ab-45c1-a797-44c33b51afe6 is started using port 34331
2019-08-22 17:48:56,877 [main] INFO  ozone.MiniOzoneClusterImpl (MiniOzoneClusterImpl.java:lambda$waitForClusterToBeReady$0(142)) - Waiting for cluster to be ready. Got 0 of 7 DN Heartbeats.
2019-08-22 17:48:57,302 | INFO  | SCMAudit | user=jenkins1000 | ip=192.168.5.173 | op=GET_VERSION null | ret=SUCCESS |  
2019-08-22 17:48:57,316 [Datanode State Machine Thread - 0] INFO  ozoneimpl.OzoneContainer (OzoneContainer.java:start(186)) - Attempting to start container services.
2019-08-22 17:48:57,316 [Datanode State Machine Thread - 0] INFO  ozoneimpl.OzoneContainer (OzoneContainer.java:startContainerScrub(160)) - Background container scrubber has been disabled by hdds.containerscrub.enabled
2019-08-22 17:48:57,316 [Datanode State Machine Thread - 0] INFO  ratis.XceiverServerRatis (XceiverServerRatis.java:start(404)) - Starting XceiverServerRatis e7fa427d-9bf0-4d57-b806-08466f41dcc1 at port 0
2019-08-22 17:48:57,324 [Datanode State Machine Thread - 0] INFO  impl.RaftServerProxy (RaftServerProxy.java:lambda$start$3(299)) - e7fa427d-9bf0-4d57-b806-08466f41dcc1: start RPC server
2019-08-22 17:48:57,325 [Datanode State Machine Thread - 0] INFO  server.GrpcService (GrpcService.java:startImpl(149)) - e7fa427d-9bf0-4d57-b806-08466f41dcc1: GrpcService started, listening on 0.0.0.0/0.0.0.0:40856
2019-08-22 17:48:57,325 [Datanode State Machine Thread - 0] INFO  ratis.XceiverServerRatis (XceiverServerRatis.java:start(414)) - XceiverServerRatis e7fa427d-9bf0-4d57-b806-08466f41dcc1 is started using port 40856
2019-08-22 17:48:57,326 [Datanode State Machine Thread - 0] INFO  server.XceiverServerGrpc (XceiverServerGrpc.java:start(161)) - XceiverServerGrpc e7fa427d-9bf0-4d57-b806-08466f41dcc1 is started using port 41063
2019-08-22 17:48:57,492 | INFO  | SCMAudit | user=jenkins1000 | ip=192.168.5.173 | op=GET_VERSION null | ret=SUCCESS |  
2019-08-22 17:48:57,506 [Datanode State Machine Thread - 0] INFO  ozoneimpl.OzoneContainer (OzoneContainer.java:start(186)) - Attempting to start container services.
2019-08-22 17:48:57,507 [Datanode State Machine Thread - 0] INFO  ozoneimpl.OzoneContainer (OzoneContainer.java:startContainerScrub(160)) - Background container scrubber has been disabled by hdds.containerscrub.enabled
2019-08-22 17:48:57,507 [Datanode State Machine Thread - 0] INFO  ratis.XceiverServerRatis (XceiverServerRatis.java:start(404)) - Starting XceiverServerRatis 4ddf9bc6-c089-4456-8fae-06bd647ee380 at port 0
2019-08-22 17:48:57,515 [Datanode State Machine Thread - 0] INFO  impl.RaftServerProxy (RaftServerProxy.java:lambda$start$3(299)) - 4ddf9bc6-c089-4456-8fae-06bd647ee380: start RPC server
2019-08-22 17:48:57,516 [Datanode State Machine Thread - 0] INFO  server.GrpcService (GrpcService.java:startImpl(149)) - 4ddf9bc6-c089-4456-8fae-06bd647ee380: GrpcService started, listening on 0.0.0.0/0.0.0.0:45258
2019-08-22 17:48:57,516 [Datanode State Machine Thread - 0] INFO  ratis.XceiverServerRatis (XceiverServerRatis.java:start(414)) - XceiverServerRatis 4ddf9bc6-c089-4456-8fae-06bd647ee380 is started using port 45258
2019-08-22 17:48:57,516 [Datanode State Machine Thread - 0] INFO  server.XceiverServerGrpc (XceiverServerGrpc.java:start(161)) - XceiverServerGrpc 4ddf9bc6-c089-4456-8fae-06bd647ee380 is started using port 33204
2019-08-22 17:48:57,672 | INFO  | SCMAudit | user=jenkins1000 | ip=192.168.5.173 | op=GET_VERSION null | ret=SUCCESS |  
2019-08-22 17:48:57,685 [Datanode State Machine Thread - 0] INFO  ozoneimpl.OzoneContainer (OzoneContainer.java:start(186)) - Attempting to start container services.
2019-08-22 17:48:57,685 [Datanode State Machine Thread - 0] INFO  ozoneimpl.OzoneContainer (OzoneContainer.java:startContainerScrub(160)) - Background container scrubber has been disabled by hdds.containerscrub.enabled
2019-08-22 17:48:57,685 [Datanode State Machine Thread - 0] INFO  ratis.XceiverServerRatis (XceiverServerRatis.java:start(404)) - Starting XceiverServerRatis 9c4ad1af-a9aa-4def-ae67-c9235e3b5814 at port 0
2019-08-22 17:48:57,694 [Datanode State Machine Thread - 0] INFO  impl.RaftServerProxy (RaftServerProxy.java:lambda$start$3(299)) - 9c4ad1af-a9aa-4def-ae67-c9235e3b5814: start RPC server
2019-08-22 17:48:57,696 [Datanode State Machine Thread - 0] INFO  server.GrpcService (GrpcService.java:startImpl(149)) - 9c4ad1af-a9aa-4def-ae67-c9235e3b5814: GrpcService started, listening on 0.0.0.0/0.0.0.0:39794
2019-08-22 17:48:57,697 [Datanode State Machine Thread - 0] INFO  ratis.XceiverServerRatis (XceiverServerRatis.java:start(414)) - XceiverServerRatis 9c4ad1af-a9aa-4def-ae67-c9235e3b5814 is started using port 39794
2019-08-22 17:48:57,697 [Datanode State Machine Thread - 0] INFO  server.XceiverServerGrpc (XceiverServerGrpc.java:start(161)) - XceiverServerGrpc 9c4ad1af-a9aa-4def-ae67-c9235e3b5814 is started using port 43975
2019-08-22 17:48:57,878 [main] INFO  ozone.MiniOzoneClusterImpl (MiniOzoneClusterImpl.java:lambda$waitForClusterToBeReady$0(142)) - Waiting for cluster to be ready. Got 0 of 7 DN Heartbeats.
2019-08-22 17:48:57,879 | INFO  | SCMAudit | user=jenkins1000 | ip=192.168.5.173 | op=GET_VERSION null | ret=SUCCESS |  
2019-08-22 17:48:57,897 [Datanode State Machine Thread - 0] INFO  ozoneimpl.OzoneContainer (OzoneContainer.java:start(186)) - Attempting to start container services.
2019-08-22 17:48:57,897 [Datanode State Machine Thread - 0] INFO  ozoneimpl.OzoneContainer (OzoneContainer.java:startContainerScrub(160)) - Background container scrubber has been disabled by hdds.containerscrub.enabled
2019-08-22 17:48:57,897 [Datanode State Machine Thread - 0] INFO  ratis.XceiverServerRatis (XceiverServerRatis.java:start(404)) - Starting XceiverServerRatis bab19725-b868-4c18-8e7b-ccd18f49c2c6 at port 0
2019-08-22 17:48:57,904 [Datanode State Machine Thread - 0] INFO  impl.RaftServerProxy (RaftServerProxy.java:lambda$start$3(299)) - bab19725-b868-4c18-8e7b-ccd18f49c2c6: start RPC server
2019-08-22 17:48:57,907 [Datanode State Machine Thread - 0] INFO  server.GrpcService (GrpcService.java:startImpl(149)) - bab19725-b868-4c18-8e7b-ccd18f49c2c6: GrpcService started, listening on 0.0.0.0/0.0.0.0:44895
2019-08-22 17:48:57,908 [Datanode State Machine Thread - 0] INFO  ratis.XceiverServerRatis (XceiverServerRatis.java:start(414)) - XceiverServerRatis bab19725-b868-4c18-8e7b-ccd18f49c2c6 is started using port 44895
2019-08-22 17:48:57,910 [Datanode State Machine Thread - 0] INFO  server.XceiverServerGrpc (XceiverServerGrpc.java:start(161)) - XceiverServerGrpc bab19725-b868-4c18-8e7b-ccd18f49c2c6 is started using port 40479
2019-08-22 17:48:58,425 [IPC Server handler 0 on 35232] INFO  net.NetworkTopology (NetworkTopologyImpl.java:add(110)) - Added a new node: /default-rack/9e961f7d-2f80-48a7-b3ac-81f0a28e2c39
2019-08-22 17:48:58,428 [IPC Server handler 0 on 35232] INFO  node.SCMNodeManager (SCMNodeManager.java:register(273)) - Registered Data node : 9e961f7d-2f80-48a7-b3ac-81f0a28e2c39{ip: 192.168.5.173, host: pr-hdds-1808-4dtdn-3774871440, networkLocation: /default-rack, certSerialId: null}
2019-08-22 17:48:58,429 | INFO  | SCMAudit | user=jenkins1000 | ip=192.168.5.173 | op=REGISTER {datanodeDetails=9e961f7d-2f80-48a7-b3ac-81f0a28e2c39{ip: 192.168.5.173, host: pr-hdds-1808-4dtdn-3774871440, networkLocation: /default-rack, certSerialId: null}} | ret=SUCCESS |  
2019-08-22 17:48:58,429 [EventQueue-NodeRegistrationContainerReportForDataNodeSafeModeRule] INFO  safemode.SCMSafeModeManager (DataNodeSafeModeRule.java:process(71)) - SCM in safe mode. 1 DataNodes registered, 1 required.
2019-08-22 17:48:58,432 [EventQueue-NodeRegistrationContainerReportForDataNodeSafeModeRule] INFO  safemode.SCMSafeModeManager (SCMSafeModeManager.java:validateSafeModeExitRules(177)) - ScmSafeModeManager, all rules are successfully validated
2019-08-22 17:48:58,432 [EventQueue-NodeRegistrationContainerReportForDataNodeSafeModeRule] INFO  safemode.SCMSafeModeManager (SCMSafeModeManager.java:exitSafeMode(193)) - SCM exiting safe mode.
2019-08-22 17:48:58,454 [grpc-default-executor-1] INFO  impl.RaftServerProxy (RaftServerProxy.java:addNew(89)) - 9e961f7d-2f80-48a7-b3ac-81f0a28e2c39: addNew group-774492D0E741:[9e961f7d-2f80-48a7-b3ac-81f0a28e2c39:192.168.5.173:34389] returns group-774492D0E741:java.util.concurrent.CompletableFuture@5908a93f[Not completed]
2019-08-22 17:48:58,455 [pool-439-thread-1] INFO  impl.RaftServerImpl (RaftServerImpl.java:<init>(93)) - 9e961f7d-2f80-48a7-b3ac-81f0a28e2c39: new RaftServerImpl for group-774492D0E741:[9e961f7d-2f80-48a7-b3ac-81f0a28e2c39:192.168.5.173:34389] with ContainerStateMachine:uninitialized
2019-08-22 17:48:58,456 [pool-439-thread-1] INFO  server.RaftServerConfigKeys (ConfUtils.java:logGet(43)) - raft.server.rpc.timeout.min = 5s (custom)
2019-08-22 17:48:58,456 [pool-439-thread-1] INFO  server.RaftServerConfigKeys (ConfUtils.java:logGet(43)) - raft.server.rpc.timeout.max = 5200ms (custom)
2019-08-22 17:48:58,456 [pool-439-thread-1] INFO  server.RaftServerConfigKeys (ConfUtils.java:logGet(43)) - raft.server.rpcslowness.timeout = 120s (custom)
2019-08-22 17:48:58,456 [pool-439-thread-1] INFO  server.RaftServerConfigKeys (ConfUtils.java:logGet(43)) - raft.server.sleep.deviation.threshold = 300 (default)
2019-08-22 17:48:58,456 [pool-439-thread-1] INFO  server.RaftServerConfigKeys (ConfUtils.java:logGet(43)) - raft.server.log.appender.install.snapshot.enabled = false (custom)
2019-08-22 17:48:58,456 [pool-439-thread-1] INFO  impl.RaftServerImpl (ServerState.java:<init>(105)) - 9e961f7d-2f80-48a7-b3ac-81f0a28e2c39:group-774492D0E741 ConfigurationManager, init=-1: [9e961f7d-2f80-48a7-b3ac-81f0a28e2c39:192.168.5.173:34389], old=null, confs=<EMPTY_MAP>
2019-08-22 17:48:58,457 [pool-439-thread-1] INFO  server.RaftServerConfigKeys (ConfUtils.java:logGet(43)) - raft.server.storage.dir = [/workdir/hadoop-ozone/integration-test/target/test-dir/MiniOzoneClusterImpl-3fcad3f5-9634-4478-a239-7449fe26e55e/datanode-0/data/ratis] (custom)
2019-08-22 17:48:58,457 [pool-439-thread-1] INFO  storage.RaftStorageDirectory (RaftStorageDirectory.java:analyzeStorage(246)) - The storage directory /workdir/hadoop-ozone/integration-test/target/test-dir/MiniOzoneClusterImpl-3fcad3f5-9634-4478-a239-7449fe26e55e/datanode-0/data/ratis/624b7adb-2b4b-42ff-ade1-774492d0e741 does not exist. Creating ...
2019-08-22 17:48:58,471 [pool-439-thread-1] INFO  storage.RaftStorageDirectory (RaftStorageDirectory.java:tryLock(328)) - Lock on /workdir/hadoop-ozone/integration-test/target/test-dir/MiniOzoneClusterImpl-3fcad3f5-9634-4478-a239-7449fe26e55e/datanode-0/data/ratis/624b7adb-2b4b-42ff-ade1-774492d0e741/in_use.lock acquired by nodename 29095@pr-hdds-1808-4dtdn-3774871440
2019-08-22 17:48:58,484 [pool-439-thread-1] INFO  storage.RaftStorage (RaftStorage.java:format(72)) - Storage directory /workdir/hadoop-ozone/integration-test/target/test-dir/MiniOzoneClusterImpl-3fcad3f5-9634-4478-a239-7449fe26e55e/datanode-0/data/ratis/624b7adb-2b4b-42ff-ade1-774492d0e741 has been successfully formatted.
2019-08-22 17:48:58,484 [pool-439-thread-1] INFO  ratis.ContainerStateMachine (ContainerStateMachine.java:loadSnapshot(226)) - group-774492D0E741: The snapshot info is null. Setting the last applied indexto:(t:0, i:~)
2019-08-22 17:48:58,485 [pool-439-thread-1] INFO  server.RaftServerConfigKeys (ConfUtils.java:logGet(43)) - raft.server.leader.election.timeout = 120s (custom)
2019-08-22 17:48:58,485 [pool-439-thread-1] INFO  server.RaftServerConfigKeys (ConfUtils.java:logGet(43)) - raft.server.log.use.memory = false (default)
2019-08-22 17:48:58,485 [pool-439-thread-1] INFO  server.RaftServerConfigKeys (ConfUtils.java:logGet(43)) - raft.server.log.purge.gap = 1000000 (custom)
2019-08-22 17:48:58,485 [pool-439-thread-1] INFO  server.RaftServerConfigKeys (ConfUtils.java:logGet(43)) - raft.server.log.appender.buffer.byte-limit = 33554432 (custom)
2019-08-22 17:48:58,485 [pool-439-thread-1] INFO  server.RaftServerConfigKeys (ConfUtils.java:logGet(43)) - raft.server.log.segment.size.max = 1048576 (custom)
2019-08-22 17:48:58,486 [pool-439-thread-1] INFO  server.RaftServerConfigKeys (ConfUtils.java:logGet(43)) - raft.server.log.segment.cache.num.max = 2 (custom)
2019-08-22 17:48:58,486 [pool-439-thread-1] INFO  segmented.SegmentedRaftLogWorker (SegmentedRaftLogWorker.java:<init>(172)) - new 9e961f7d-2f80-48a7-b3ac-81f0a28e2c39-SegmentedRaftLogWorker:Storage Directory /workdir/hadoop-ozone/integration-test/target/test-dir/MiniOzoneClusterImpl-3fcad3f5-9634-4478-a239-7449fe26e55e/datanode-0/data/ratis/624b7adb-2b4b-42ff-ade1-774492d0e741 for RaftStorage:Storage Directory /workdir/hadoop-ozone/integration-test/target/test-dir/MiniOzoneClusterImpl-3fcad3f5-9634-4478-a239-7449fe26e55e/datanode-0/data/ratis/624b7adb-2b4b-42ff-ade1-774492d0e741
2019-08-22 17:48:58,486 [pool-439-thread-1] INFO  server.RaftServerConfigKeys (ConfUtils.java:logGet(43)) - raft.server.log.queue.byte-limit = 2147483647 (custom)
2019-08-22 17:48:58,486 [pool-439-thread-1] INFO  server.RaftServerConfigKeys (ConfUtils.java:logGet(43)) - raft.server.log.queue.element-limit = 1024 (custom)
2019-08-22 17:48:58,487 [pool-439-thread-1] INFO  server.RaftServerConfigKeys (ConfUtils.java:logGet(43)) - raft.server.log.segment.size.max = 1048576 (custom)
2019-08-22 17:48:58,487 [pool-439-thread-1] INFO  server.RaftServerConfigKeys (ConfUtils.java:logGet(43)) - raft.server.log.preallocated.size = 16384 (custom)
2019-08-22 17:48:58,487 [pool-439-thread-1] INFO  server.RaftServerConfigKeys (ConfUtils.java:logGet(43)) - raft.server.log.write.buffer.size = 33554432 (custom)
2019-08-22 17:48:58,487 [pool-439-thread-1] INFO  server.RaftServerConfigKeys (ConfUtils.java:logGet(43)) - raft.server.log.force.sync.num = 128 (default)
2019-08-22 17:48:58,487 [pool-439-thread-1] INFO  server.RaftServerConfigKeys (ConfUtils.java:logGet(43)) - raft.server.log.statemachine.data.sync = true (default)
2019-08-22 17:48:58,488 [pool-439-thread-1] INFO  server.RaftServerConfigKeys (ConfUtils.java:logGet(43)) - raft.server.log.statemachine.data.sync.timeout = 10s (default)
2019-08-22 17:48:58,488 [pool-439-thread-1] INFO  server.RaftServerConfigKeys (ConfUtils.java:logGet(43)) - raft.server.log.statemachine.data.sync.timeout.retry = -1 (default)
2019-08-22 17:48:58,488 [pool-439-thread-1] INFO  server.RaftServerConfigKeys (ConfUtils.java:logGet(43)) - raft.server.log.statemachine.data.caching.enabled = true (custom)
2019-08-22 17:48:58,489 [pool-439-thread-1] INFO  segmented.SegmentedRaftLogWorker (SegmentedRaftLogWorker.java:lambda$new$0(132)) - 9e961f7d-2f80-48a7-b3ac-81f0a28e2c39-SegmentedRaftLogWorker:Storage Directory /workdir/hadoop-ozone/integration-test/target/test-dir/MiniOzoneClusterImpl-3fcad3f5-9634-4478-a239-7449fe26e55e/datanode-0/data/ratis/624b7adb-2b4b-42ff-ade1-774492d0e741: flushIndex: setUnconditionally 0 -> -1
2019-08-22 17:48:58,489 [pool-439-thread-1] INFO  server.RaftServerConfigKeys (ConfUtils.java:logGet(43)) - raft.server.snapshot.auto.trigger.enabled = true (custom)
2019-08-22 17:48:58,489 [pool-439-thread-1] INFO  server.RaftServerConfigKeys (ConfUtils.java:logGet(43)) - raft.server.snapshot.auto.trigger.threshold = 10000 (custom)
2019-08-22 17:48:58,489 [pool-439-thread-1] INFO  server.RaftServerConfigKeys (ConfUtils.java:logGet(43)) - raft.server.retrycache.expirytime = 600000ms (custom)
2019-08-22 17:48:58,490 [pool-439-thread-1] INFO  impl.RaftServerImpl (RaftServerImpl.java:start(180)) - 9e961f7d-2f80-48a7-b3ac-81f0a28e2c39: start group-774492D0E741
2019-08-22 17:48:58,490 [pool-439-thread-1] INFO  impl.RaftServerImpl (RaftServerImpl.java:setRole(171)) - 9e961f7d-2f80-48a7-b3ac-81f0a28e2c39:group-774492D0E741 changes role from null to FOLLOWER at term 0 for startAsFollower
2019-08-22 17:48:58,490 [pool-439-thread-1] INFO  impl.RoleInfo (RoleInfo.java:updateAndGet(143)) - 9e961f7d-2f80-48a7-b3ac-81f0a28e2c39: start FollowerState
2019-08-22 17:48:58,492 [pool-439-thread-1] INFO  util.JmxRegister (JmxRegister.java:tryRegister(44)) - Successfully registered JMX Bean with object name Ratis:service=RaftServer,group=group-774492D0E741,id=9e961f7d-2f80-48a7-b3ac-81f0a28e2c39
2019-08-22 17:48:58,497 [RatisPipelineUtilsThread] INFO  pipeline.PipelineStateManager (PipelineStateManager.java:addPipeline(56)) - Created pipeline Pipeline[ Id: 624b7adb-2b4b-42ff-ade1-774492d0e741, Nodes: 9e961f7d-2f80-48a7-b3ac-81f0a28e2c39{ip: 192.168.5.173, host: pr-hdds-1808-4dtdn-3774871440, networkLocation: /default-rack, certSerialId: null}, Type:RATIS, Factor:ONE, State:OPEN]
2019-08-22 17:48:58,607 [IPC Server handler 3 on 35232] INFO  net.NetworkTopology (NetworkTopologyImpl.java:add(110)) - Added a new node: /default-rack/41476450-f699-485d-b75b-cc9c7bcae223
2019-08-22 17:48:58,607 [IPC Server handler 3 on 35232] INFO  node.SCMNodeManager (SCMNodeManager.java:register(273)) - Registered Data node : 41476450-f699-485d-b75b-cc9c7bcae223{ip: 192.168.5.173, host: pr-hdds-1808-4dtdn-3774871440, networkLocation: /default-rack, certSerialId: null}
2019-08-22 17:48:58,608 | INFO  | SCMAudit | user=jenkins1000 | ip=192.168.5.173 | op=REGISTER {datanodeDetails=41476450-f699-485d-b75b-cc9c7bcae223{ip: 192.168.5.173, host: pr-hdds-1808-4dtdn-3774871440, networkLocation: /default-rack, certSerialId: null}} | ret=SUCCESS |  
2019-08-22 17:48:58,615 [grpc-default-executor-1] INFO  impl.RaftServerProxy (RaftServerProxy.java:addNew(89)) - 41476450-f699-485d-b75b-cc9c7bcae223: addNew group-77493826BCD4:[41476450-f699-485d-b75b-cc9c7bcae223:192.168.5.173:39265] returns group-77493826BCD4:java.util.concurrent.CompletableFuture@3891af97[Not completed]
2019-08-22 17:48:58,616 [pool-450-thread-1] INFO  impl.RaftServerImpl (RaftServerImpl.java:<init>(93)) - 41476450-f699-485d-b75b-cc9c7bcae223: new RaftServerImpl for group-77493826BCD4:[41476450-f699-485d-b75b-cc9c7bcae223:192.168.5.173:39265] with ContainerStateMachine:uninitialized
2019-08-22 17:48:58,617 [pool-450-thread-1] INFO  server.RaftServerConfigKeys (ConfUtils.java:logGet(43)) - raft.server.rpc.timeout.min = 5s (custom)
2019-08-22 17:48:58,617 [pool-450-thread-1] INFO  server.RaftServerConfigKeys (ConfUtils.java:logGet(43)) - raft.server.rpc.timeout.max = 5200ms (custom)
2019-08-22 17:48:58,617 [pool-450-thread-1] INFO  server.RaftServerConfigKeys (ConfUtils.java:logGet(43)) - raft.server.rpcslowness.timeout = 120s (custom)
2019-08-22 17:48:58,617 [pool-450-thread-1] INFO  server.RaftServerConfigKeys (ConfUtils.java:logGet(43)) - raft.server.sleep.deviation.threshold = 300 (default)
2019-08-22 17:48:58,617 [pool-450-thread-1] INFO  server.RaftServerConfigKeys (ConfUtils.java:logGet(43)) - raft.server.log.appender.install.snapshot.enabled = false (custom)
2019-08-22 17:48:58,617 [pool-450-thread-1] INFO  impl.RaftServerImpl (ServerState.java:<init>(105)) - 41476450-f699-485d-b75b-cc9c7bcae223:group-77493826BCD4 ConfigurationManager, init=-1: [41476450-f699-485d-b75b-cc9c7bcae223:192.168.5.173:39265], old=null, confs=<EMPTY_MAP>
2019-08-22 17:48:58,617 [pool-450-thread-1] INFO  server.RaftServerConfigKeys (ConfUtils.java:logGet(43)) - raft.server.storage.dir = [/workdir/hadoop-ozone/integration-test/target/test-dir/MiniOzoneClusterImpl-3fcad3f5-9634-4478-a239-7449fe26e55e/datanode-1/data/ratis] (custom)
2019-08-22 17:48:58,618 [pool-450-thread-1] INFO  storage.RaftStorageDirectory (RaftStorageDirectory.java:analyzeStorage(246)) - The storage directory /workdir/hadoop-ozone/integration-test/target/test-dir/MiniOzoneClusterImpl-3fcad3f5-9634-4478-a239-7449fe26e55e/datanode-1/data/ratis/e12e0222-f947-4ad4-968f-77493826bcd4 does not exist. Creating ...
2019-08-22 17:48:58,630 [pool-450-thread-1] INFO  storage.RaftStorageDirectory (RaftStorageDirectory.java:tryLock(328)) - Lock on /workdir/hadoop-ozone/integration-test/target/test-dir/MiniOzoneClusterImpl-3fcad3f5-9634-4478-a239-7449fe26e55e/datanode-1/data/ratis/e12e0222-f947-4ad4-968f-77493826bcd4/in_use.lock acquired by nodename 29095@pr-hdds-1808-4dtdn-3774871440
2019-08-22 17:48:58,643 [pool-450-thread-1] INFO  storage.RaftStorage (RaftStorage.java:format(72)) - Storage directory /workdir/hadoop-ozone/integration-test/target/test-dir/MiniOzoneClusterImpl-3fcad3f5-9634-4478-a239-7449fe26e55e/datanode-1/data/ratis/e12e0222-f947-4ad4-968f-77493826bcd4 has been successfully formatted.
2019-08-22 17:48:58,643 [pool-450-thread-1] INFO  ratis.ContainerStateMachine (ContainerStateMachine.java:loadSnapshot(226)) - group-77493826BCD4: The snapshot info is null. Setting the last applied indexto:(t:0, i:~)
2019-08-22 17:48:58,644 [pool-450-thread-1] INFO  server.RaftServerConfigKeys (ConfUtils.java:logGet(43)) - raft.server.leader.election.timeout = 120s (custom)
2019-08-22 17:48:58,644 [pool-450-thread-1] INFO  server.RaftServerConfigKeys (ConfUtils.java:logGet(43)) - raft.server.log.use.memory = false (default)
2019-08-22 17:48:58,644 [pool-450-thread-1] INFO  server.RaftServerConfigKeys (ConfUtils.java:logGet(43)) - raft.server.log.purge.gap = 1000000 (custom)
2019-08-22 17:48:58,644 [pool-450-thread-1] INFO  server.RaftServerConfigKeys (ConfUtils.java:logGet(43)) - raft.server.log.appender.buffer.byte-limit = 33554432 (custom)
2019-08-22 17:48:58,644 [pool-450-thread-1] INFO  server.RaftServerConfigKeys (ConfUtils.java:logGet(43)) - raft.server.log.segment.size.max = 1048576 (custom)
2019-08-22 17:48:58,644 [pool-450-thread-1] INFO  server.RaftServerConfigKeys (ConfUtils.java:logGet(43)) - raft.server.log.segment.cache.num.max = 2 (custom)
2019-08-22 17:48:58,645 [pool-450-thread-1] INFO  segmented.SegmentedRaftLogWorker (SegmentedRaftLogWorker.java:<init>(172)) - new 41476450-f699-485d-b75b-cc9c7bcae223-SegmentedRaftLogWorker:Storage Directory /workdir/hadoop-ozone/integration-test/target/test-dir/MiniOzoneClusterImpl-3fcad3f5-9634-4478-a239-7449fe26e55e/datanode-1/data/ratis/e12e0222-f947-4ad4-968f-77493826bcd4 for RaftStorage:Storage Directory /workdir/hadoop-ozone/integration-test/target/test-dir/MiniOzoneClusterImpl-3fcad3f5-9634-4478-a239-7449fe26e55e/datanode-1/data/ratis/e12e0222-f947-4ad4-968f-77493826bcd4
2019-08-22 17:48:58,645 [pool-450-thread-1] INFO  server.RaftServerConfigKeys (ConfUtils.java:logGet(43)) - raft.server.log.queue.byte-limit = 2147483647 (custom)
2019-08-22 17:48:58,645 [pool-450-thread-1] INFO  server.RaftServerConfigKeys (ConfUtils.java:logGet(43)) - raft.server.log.queue.element-limit = 1024 (custom)
2019-08-22 17:48:58,645 [pool-450-thread-1] INFO  server.RaftServerConfigKeys (ConfUtils.java:logGet(43)) - raft.server.log.segment.size.max = 1048576 (custom)
2019-08-22 17:48:58,645 [pool-450-thread-1] INFO  server.RaftServerConfigKeys (ConfUtils.java:logGet(43)) - raft.server.log.preallocated.size = 16384 (custom)
2019-08-22 17:48:58,645 [pool-450-thread-1] INFO  server.RaftServerConfigKeys (ConfUtils.java:logGet(43)) - raft.server.log.write.buffer.size = 33554432 (custom)
2019-08-22 17:48:58,646 [pool-450-thread-1] INFO  server.RaftServerConfigKeys (ConfUtils.java:logGet(43)) - raft.server.log.force.sync.num = 128 (default)
2019-08-22 17:48:58,646 [pool-450-thread-1] INFO  server.RaftServerConfigKeys (ConfUtils.java:logGet(43)) - raft.server.log.statemachine.data.sync = true (default)
2019-08-22 17:48:58,646 [pool-450-thread-1] INFO  server.RaftServerConfigKeys (ConfUtils.java:logGet(43)) - raft.server.log.statemachine.data.sync.timeout = 10s (default)
2019-08-22 17:48:58,646 [pool-450-thread-1] INFO  server.RaftServerConfigKeys (ConfUtils.java:logGet(43)) - raft.server.log.statemachine.data.sync.timeout.retry = -1 (default)
2019-08-22 17:48:58,646 [pool-450-thread-1] INFO  server.RaftServerConfigKeys (ConfUtils.java:logGet(43)) - raft.server.log.statemachine.data.caching.enabled = true (custom)
2019-08-22 17:48:58,647 [pool-450-thread-1] INFO  segmented.SegmentedRaftLogWorker (SegmentedRaftLogWorker.java:lambda$new$0(132)) - 41476450-f699-485d-b75b-cc9c7bcae223-SegmentedRaftLogWorker:Storage Directory /workdir/hadoop-ozone/integration-test/target/test-dir/MiniOzoneClusterImpl-3fcad3f5-9634-4478-a239-7449fe26e55e/datanode-1/data/ratis/e12e0222-f947-4ad4-968f-77493826bcd4: flushIndex: setUnconditionally 0 -> -1
2019-08-22 17:48:58,647 [pool-450-thread-1] INFO  server.RaftServerConfigKeys (ConfUtils.java:logGet(43)) - raft.server.snapshot.auto.trigger.enabled = true (custom)
2019-08-22 17:48:58,647 [pool-450-thread-1] INFO  server.RaftServerConfigKeys (ConfUtils.java:logGet(43)) - raft.server.snapshot.auto.trigger.threshold = 10000 (custom)
2019-08-22 17:48:58,647 [pool-450-thread-1] INFO  server.RaftServerConfigKeys (ConfUtils.java:logGet(43)) - raft.server.retrycache.expirytime = 600000ms (custom)
2019-08-22 17:48:58,648 [pool-450-thread-1] INFO  impl.RaftServerImpl (RaftServerImpl.java:start(180)) - 41476450-f699-485d-b75b-cc9c7bcae223: start group-77493826BCD4
2019-08-22 17:48:58,648 [pool-450-thread-1] INFO  impl.RaftServerImpl (RaftServerImpl.java:setRole(171)) - 41476450-f699-485d-b75b-cc9c7bcae223:group-77493826BCD4 changes role from null to FOLLOWER at term 0 for startAsFollower
2019-08-22 17:48:58,648 [pool-450-thread-1] INFO  impl.RoleInfo (RoleInfo.java:updateAndGet(143)) - 41476450-f699-485d-b75b-cc9c7bcae223: start FollowerState
2019-08-22 17:48:58,649 [pool-450-thread-1] INFO  util.JmxRegister (JmxRegister.java:tryRegister(44)) - Successfully registered JMX Bean with object name Ratis:service=RaftServer,group=group-77493826BCD4,id=41476450-f699-485d-b75b-cc9c7bcae223
2019-08-22 17:48:58,651 [RatisPipelineUtilsThread] INFO  pipeline.PipelineStateManager (PipelineStateManager.java:addPipeline(56)) - Created pipeline Pipeline[ Id: e12e0222-f947-4ad4-968f-77493826bcd4, Nodes: 41476450-f699-485d-b75b-cc9c7bcae223{ip: 192.168.5.173, host: pr-hdds-1808-4dtdn-3774871440, networkLocation: /default-rack, certSerialId: null}, Type:RATIS, Factor:ONE, State:OPEN]
2019-08-22 17:48:58,833 [IPC Server handler 2 on 35232] INFO  net.NetworkTopology (NetworkTopologyImpl.java:add(110)) - Added a new node: /default-rack/e511989b-68ab-45c1-a797-44c33b51afe6
2019-08-22 17:48:58,833 [IPC Server handler 2 on 35232] INFO  node.SCMNodeManager (SCMNodeManager.java:register(273)) - Registered Data node : e511989b-68ab-45c1-a797-44c33b51afe6{ip: 192.168.5.173, host: pr-hdds-1808-4dtdn-3774871440, networkLocation: /default-rack, certSerialId: null}
2019-08-22 17:48:58,833 | INFO  | SCMAudit | user=jenkins1000 | ip=192.168.5.173 | op=REGISTER {datanodeDetails=e511989b-68ab-45c1-a797-44c33b51afe6{ip: 192.168.5.173, host: pr-hdds-1808-4dtdn-3774871440, networkLocation: /default-rack, certSerialId: null}} | ret=SUCCESS |  
2019-08-22 17:48:58,842 [grpc-default-executor-1] INFO  impl.RaftServerProxy (RaftServerProxy.java:addNew(89)) - e511989b-68ab-45c1-a797-44c33b51afe6: addNew group-09D403F8362C:[e511989b-68ab-45c1-a797-44c33b51afe6:192.168.5.173:45396] returns group-09D403F8362C:java.util.concurrent.CompletableFuture@304979f2[Not completed]
2019-08-22 17:48:58,844 [pool-461-thread-1] INFO  impl.RaftServerImpl (RaftServerImpl.java:<init>(93)) - e511989b-68ab-45c1-a797-44c33b51afe6: new RaftServerImpl for group-09D403F8362C:[e511989b-68ab-45c1-a797-44c33b51afe6:192.168.5.173:45396] with ContainerStateMachine:uninitialized
2019-08-22 17:48:58,844 [pool-461-thread-1] INFO  server.RaftServerConfigKeys (ConfUtils.java:logGet(43)) - raft.server.rpc.timeout.min = 5s (custom)
2019-08-22 17:48:58,844 [pool-461-thread-1] INFO  server.RaftServerConfigKeys (ConfUtils.java:logGet(43)) - raft.server.rpc.timeout.max = 5200ms (custom)
2019-08-22 17:48:58,844 [pool-461-thread-1] INFO  server.RaftServerConfigKeys (ConfUtils.java:logGet(43)) - raft.server.rpcslowness.timeout = 120s (custom)
2019-08-22 17:48:58,845 [pool-461-thread-1] INFO  server.RaftServerConfigKeys (ConfUtils.java:logGet(43)) - raft.server.sleep.deviation.threshold = 300 (default)
2019-08-22 17:48:58,845 [pool-461-thread-1] INFO  server.RaftServerConfigKeys (ConfUtils.java:logGet(43)) - raft.server.log.appender.install.snapshot.enabled = false (custom)
2019-08-22 17:48:58,845 [pool-461-thread-1] INFO  impl.RaftServerImpl (ServerState.java:<init>(105)) - e511989b-68ab-45c1-a797-44c33b51afe6:group-09D403F8362C ConfigurationManager, init=-1: [e511989b-68ab-45c1-a797-44c33b51afe6:192.168.5.173:45396], old=null, confs=<EMPTY_MAP>
2019-08-22 17:48:58,845 [pool-461-thread-1] INFO  server.RaftServerConfigKeys (ConfUtils.java:logGet(43)) - raft.server.storage.dir = [/workdir/hadoop-ozone/integration-test/target/test-dir/MiniOzoneClusterImpl-3fcad3f5-9634-4478-a239-7449fe26e55e/datanode-2/data/ratis] (custom)
2019-08-22 17:48:58,846 [pool-461-thread-1] INFO  storage.RaftStorageDirectory (RaftStorageDirectory.java:analyzeStorage(246)) - The storage directory /workdir/hadoop-ozone/integration-test/target/test-dir/MiniOzoneClusterImpl-3fcad3f5-9634-4478-a239-7449fe26e55e/datanode-2/data/ratis/89aef94e-7693-4895-9f7d-09d403f8362c does not exist. Creating ...
2019-08-22 17:48:58,871 [pool-461-thread-1] INFO  storage.RaftStorageDirectory (RaftStorageDirectory.java:tryLock(328)) - Lock on /workdir/hadoop-ozone/integration-test/target/test-dir/MiniOzoneClusterImpl-3fcad3f5-9634-4478-a239-7449fe26e55e/datanode-2/data/ratis/89aef94e-7693-4895-9f7d-09d403f8362c/in_use.lock acquired by nodename 29095@pr-hdds-1808-4dtdn-3774871440
2019-08-22 17:48:58,878 [main] INFO  ozone.MiniOzoneClusterImpl (MiniOzoneClusterImpl.java:lambda$waitForClusterToBeReady$0(142)) - Waiting for cluster to be ready. Got 3 of 7 DN Heartbeats.
2019-08-22 17:48:58,883 [pool-461-thread-1] INFO  storage.RaftStorage (RaftStorage.java:format(72)) - Storage directory /workdir/hadoop-ozone/integration-test/target/test-dir/MiniOzoneClusterImpl-3fcad3f5-9634-4478-a239-7449fe26e55e/datanode-2/data/ratis/89aef94e-7693-4895-9f7d-09d403f8362c has been successfully formatted.
2019-08-22 17:48:58,884 [pool-461-thread-1] INFO  ratis.ContainerStateMachine (ContainerStateMachine.java:loadSnapshot(226)) - group-09D403F8362C: The snapshot info is null. Setting the last applied indexto:(t:0, i:~)
2019-08-22 17:48:58,884 [pool-461-thread-1] INFO  server.RaftServerConfigKeys (ConfUtils.java:logGet(43)) - raft.server.leader.election.timeout = 120s (custom)
2019-08-22 17:48:58,884 [pool-461-thread-1] INFO  server.RaftServerConfigKeys (ConfUtils.java:logGet(43)) - raft.server.log.use.memory = false (default)
2019-08-22 17:48:58,884 [pool-461-thread-1] INFO  server.RaftServerConfigKeys (ConfUtils.java:logGet(43)) - raft.server.log.purge.gap = 1000000 (custom)
2019-08-22 17:48:58,884 [pool-461-thread-1] INFO  server.RaftServerConfigKeys (ConfUtils.java:logGet(43)) - raft.server.log.appender.buffer.byte-limit = 33554432 (custom)
2019-08-22 17:48:58,884 [pool-461-thread-1] INFO  server.RaftServerConfigKeys (ConfUtils.java:logGet(43)) - raft.server.log.segment.size.max = 1048576 (custom)
2019-08-22 17:48:58,885 [pool-461-thread-1] INFO  server.RaftServerConfigKeys (ConfUtils.java:logGet(43)) - raft.server.log.segment.cache.num.max = 2 (custom)
2019-08-22 17:48:58,885 [pool-461-thread-1] INFO  segmented.SegmentedRaftLogWorker (SegmentedRaftLogWorker.java:<init>(172)) - new e511989b-68ab-45c1-a797-44c33b51afe6-SegmentedRaftLogWorker:Storage Directory /workdir/hadoop-ozone/integration-test/target/test-dir/MiniOzoneClusterImpl-3fcad3f5-9634-4478-a239-7449fe26e55e/datanode-2/data/ratis/89aef94e-7693-4895-9f7d-09d403f8362c for RaftStorage:Storage Directory /workdir/hadoop-ozone/integration-test/target/test-dir/MiniOzoneClusterImpl-3fcad3f5-9634-4478-a239-7449fe26e55e/datanode-2/data/ratis/89aef94e-7693-4895-9f7d-09d403f8362c
2019-08-22 17:48:58,885 [pool-461-thread-1] INFO  server.RaftServerConfigKeys (ConfUtils.java:logGet(43)) - raft.server.log.queue.byte-limit = 2147483647 (custom)
2019-08-22 17:48:58,885 [pool-461-thread-1] INFO  server.RaftServerConfigKeys (ConfUtils.java:logGet(43)) - raft.server.log.queue.element-limit = 1024 (custom)
2019-08-22 17:48:58,886 [pool-461-thread-1] INFO  server.RaftServerConfigKeys (ConfUtils.java:logGet(43)) - raft.server.log.segment.size.max = 1048576 (custom)
2019-08-22 17:48:58,886 [pool-461-thread-1] INFO  server.RaftServerConfigKeys (ConfUtils.java:logGet(43)) - raft.server.log.preallocated.size = 16384 (custom)
2019-08-22 17:48:58,886 [pool-461-thread-1] INFO  server.RaftServerConfigKeys (ConfUtils.java:logGet(43)) - raft.server.log.write.buffer.size = 33554432 (custom)
2019-08-22 17:48:58,886 [pool-461-thread-1] INFO  server.RaftServerConfigKeys (ConfUtils.java:logGet(43)) - raft.server.log.force.sync.num = 128 (default)
2019-08-22 17:48:58,886 [pool-461-thread-1] INFO  server.RaftServerConfigKeys (ConfUtils.java:logGet(43)) - raft.server.log.statemachine.data.sync = true (default)
2019-08-22 17:48:58,886 [pool-461-thread-1] INFO  server.RaftServerConfigKeys (ConfUtils.java:logGet(43)) - raft.server.log.statemachine.data.sync.timeout = 10s (default)
2019-08-22 17:48:58,886 [pool-461-thread-1] INFO  server.RaftServerConfigKeys (ConfUtils.java:logGet(43)) - raft.server.log.statemachine.data.sync.timeout.retry = -1 (default)
2019-08-22 17:48:58,887 [pool-461-thread-1] INFO  server.RaftServerConfigKeys (ConfUtils.java:logGet(43)) - raft.server.log.statemachine.data.caching.enabled = true (custom)
2019-08-22 17:48:58,887 [pool-461-thread-1] INFO  segmented.SegmentedRaftLogWorker (SegmentedRaftLogWorker.java:lambda$new$0(132)) - e511989b-68ab-45c1-a797-44c33b51afe6-SegmentedRaftLogWorker:Storage Directory /workdir/hadoop-ozone/integration-test/target/test-dir/MiniOzoneClusterImpl-3fcad3f5-9634-4478-a239-7449fe26e55e/datanode-2/data/ratis/89aef94e-7693-4895-9f7d-09d403f8362c: flushIndex: setUnconditionally 0 -> -1
2019-08-22 17:48:58,888 [pool-461-thread-1] INFO  server.RaftServerConfigKeys (ConfUtils.java:logGet(43)) - raft.server.snapshot.auto.trigger.enabled = true (custom)
2019-08-22 17:48:58,888 [pool-461-thread-1] INFO  server.RaftServerConfigKeys (ConfUtils.java:logGet(43)) - raft.server.snapshot.auto.trigger.threshold = 10000 (custom)
2019-08-22 17:48:58,888 [pool-461-thread-1] INFO  server.RaftServerConfigKeys (ConfUtils.java:logGet(43)) - raft.server.retrycache.expirytime = 600000ms (custom)
2019-08-22 17:48:58,888 [pool-461-thread-1] INFO  impl.RaftServerImpl (RaftServerImpl.java:start(180)) - e511989b-68ab-45c1-a797-44c33b51afe6: start group-09D403F8362C
2019-08-22 17:48:58,888 [pool-461-thread-1] INFO  impl.RaftServerImpl (RaftServerImpl.java:setRole(171)) - e511989b-68ab-45c1-a797-44c33b51afe6:group-09D403F8362C changes role from null to FOLLOWER at term 0 for startAsFollower
2019-08-22 17:48:58,888 [pool-461-thread-1] INFO  impl.RoleInfo (RoleInfo.java:updateAndGet(143)) - e511989b-68ab-45c1-a797-44c33b51afe6: start FollowerState
2019-08-22 17:48:58,889 [pool-461-thread-1] INFO  util.JmxRegister (JmxRegister.java:tryRegister(44)) - Successfully registered JMX Bean with object name Ratis:service=RaftServer,group=group-09D403F8362C,id=e511989b-68ab-45c1-a797-44c33b51afe6
2019-08-22 17:48:58,893 [RatisPipelineUtilsThread] INFO  pipeline.PipelineStateManager (PipelineStateManager.java:addPipeline(56)) - Created pipeline Pipeline[ Id: 89aef94e-7693-4895-9f7d-09d403f8362c, Nodes: e511989b-68ab-45c1-a797-44c33b51afe6{ip: 192.168.5.173, host: pr-hdds-1808-4dtdn-3774871440, networkLocation: /default-rack, certSerialId: null}, Type:RATIS, Factor:ONE, State:OPEN]
2019-08-22 17:48:58,909 [grpc-default-executor-6] INFO  impl.RaftServerProxy (RaftServerProxy.java:addNew(89)) - 9e961f7d-2f80-48a7-b3ac-81f0a28e2c39: addNew group-7055FCABB4DD:[9e961f7d-2f80-48a7-b3ac-81f0a28e2c39:192.168.5.173:34389, 41476450-f699-485d-b75b-cc9c7bcae223:192.168.5.173:39265, e511989b-68ab-45c1-a797-44c33b51afe6:192.168.5.173:45396] returns group-7055FCABB4DD:java.util.concurrent.CompletableFuture@455af99e[Not completed]
2019-08-22 17:48:58,910 [grpc-default-executor-1] INFO  impl.RaftServerProxy (RaftServerProxy.java:addNew(89)) - e511989b-68ab-45c1-a797-44c33b51afe6: addNew group-7055FCABB4DD:[9e961f7d-2f80-48a7-b3ac-81f0a28e2c39:192.168.5.173:34389, 41476450-f699-485d-b75b-cc9c7bcae223:192.168.5.173:39265, e511989b-68ab-45c1-a797-44c33b51afe6:192.168.5.173:45396] returns group-7055FCABB4DD:java.util.concurrent.CompletableFuture@445b7ed2[Not completed]
2019-08-22 17:48:58,909 [grpc-default-executor-2] INFO  impl.RaftServerProxy (RaftServerProxy.java:addNew(89)) - 41476450-f699-485d-b75b-cc9c7bcae223: addNew group-7055FCABB4DD:[9e961f7d-2f80-48a7-b3ac-81f0a28e2c39:192.168.5.173:34389, 41476450-f699-485d-b75b-cc9c7bcae223:192.168.5.173:39265, e511989b-68ab-45c1-a797-44c33b51afe6:192.168.5.173:45396] returns group-7055FCABB4DD:java.util.concurrent.CompletableFuture@515c2c53[Not completed]
2019-08-22 17:48:58,911 [pool-450-thread-1] INFO  impl.RaftServerImpl (RaftServerImpl.java:<init>(93)) - 41476450-f699-485d-b75b-cc9c7bcae223: new RaftServerImpl for group-7055FCABB4DD:[9e961f7d-2f80-48a7-b3ac-81f0a28e2c39:192.168.5.173:34389, 41476450-f699-485d-b75b-cc9c7bcae223:192.168.5.173:39265, e511989b-68ab-45c1-a797-44c33b51afe6:192.168.5.173:45396] with ContainerStateMachine:uninitialized
2019-08-22 17:48:58,911 [pool-450-thread-1] INFO  server.RaftServerConfigKeys (ConfUtils.java:logGet(43)) - raft.server.rpc.timeout.min = 5s (custom)
2019-08-22 17:48:58,911 [pool-450-thread-1] INFO  server.RaftServerConfigKeys (ConfUtils.java:logGet(43)) - raft.server.rpc.timeout.max = 5200ms (custom)
2019-08-22 17:48:58,911 [pool-450-thread-1] INFO  server.RaftServerConfigKeys (ConfUtils.java:logGet(43)) - raft.server.rpcslowness.timeout = 120s (custom)
2019-08-22 17:48:58,911 [pool-439-thread-1] INFO  impl.RaftServerImpl (RaftServerImpl.java:<init>(93)) - 9e961f7d-2f80-48a7-b3ac-81f0a28e2c39: new RaftServerImpl for group-7055FCABB4DD:[9e961f7d-2f80-48a7-b3ac-81f0a28e2c39:192.168.5.173:34389, 41476450-f699-485d-b75b-cc9c7bcae223:192.168.5.173:39265, e511989b-68ab-45c1-a797-44c33b51afe6:192.168.5.173:45396] with ContainerStateMachine:uninitialized
2019-08-22 17:48:58,911 [pool-450-thread-1] INFO  server.RaftServerConfigKeys (ConfUtils.java:logGet(43)) - raft.server.sleep.deviation.threshold = 300 (default)
2019-08-22 17:48:58,912 [pool-439-thread-1] INFO  server.RaftServerConfigKeys (ConfUtils.java:logGet(43)) - raft.server.rpc.timeout.min = 5s (custom)
2019-08-22 17:48:58,912 [pool-450-thread-1] INFO  server.RaftServerConfigKeys (ConfUtils.java:logGet(43)) - raft.server.log.appender.install.snapshot.enabled = false (custom)
2019-08-22 17:48:58,912 [pool-461-thread-1] INFO  impl.RaftServerImpl (RaftServerImpl.java:<init>(93)) - e511989b-68ab-45c1-a797-44c33b51afe6: new RaftServerImpl for group-7055FCABB4DD:[9e961f7d-2f80-48a7-b3ac-81f0a28e2c39:192.168.5.173:34389, 41476450-f699-485d-b75b-cc9c7bcae223:192.168.5.173:39265, e511989b-68ab-45c1-a797-44c33b51afe6:192.168.5.173:45396] with ContainerStateMachine:uninitialized
2019-08-22 17:48:58,912 [pool-439-thread-1] INFO  server.RaftServerConfigKeys (ConfUtils.java:logGet(43)) - raft.server.rpc.timeout.max = 5200ms (custom)
2019-08-22 17:48:58,912 [pool-461-thread-1] INFO  server.RaftServerConfigKeys (ConfUtils.java:logGet(43)) - raft.server.rpc.timeout.min = 5s (custom)
2019-08-22 17:48:58,912 [pool-450-thread-1] INFO  impl.RaftServerImpl (ServerState.java:<init>(105)) - 41476450-f699-485d-b75b-cc9c7bcae223:group-7055FCABB4DD ConfigurationManager, init=-1: [9e961f7d-2f80-48a7-b3ac-81f0a28e2c39:192.168.5.173:34389, 41476450-f699-485d-b75b-cc9c7bcae223:192.168.5.173:39265, e511989b-68ab-45c1-a797-44c33b51afe6:192.168.5.173:45396], old=null, confs=<EMPTY_MAP>
2019-08-22 17:48:58,913 [pool-461-thread-1] INFO  server.RaftServerConfigKeys (ConfUtils.java:logGet(43)) - raft.server.rpc.timeout.max = 5200ms (custom)
2019-08-22 17:48:58,912 [pool-439-thread-1] INFO  server.RaftServerConfigKeys (ConfUtils.java:logGet(43)) - raft.server.rpcslowness.timeout = 120s (custom)
2019-08-22 17:48:58,913 [pool-461-thread-1] INFO  server.RaftServerConfigKeys (ConfUtils.java:logGet(43)) - raft.server.rpcslowness.timeout = 120s (custom)
2019-08-22 17:48:58,913 [pool-450-thread-1] INFO  server.RaftServerConfigKeys (ConfUtils.java:logGet(43)) - raft.server.storage.dir = [/workdir/hadoop-ozone/integration-test/target/test-dir/MiniOzoneClusterImpl-3fcad3f5-9634-4478-a239-7449fe26e55e/datanode-1/data/ratis] (custom)
2019-08-22 17:48:58,913 [pool-461-thread-1] INFO  server.RaftServerConfigKeys (ConfUtils.java:logGet(43)) - raft.server.sleep.deviation.threshold = 300 (default)
2019-08-22 17:48:58,913 [pool-439-thread-1] INFO  server.RaftServerConfigKeys (ConfUtils.java:logGet(43)) - raft.server.sleep.deviation.threshold = 300 (default)
2019-08-22 17:48:58,913 [pool-461-thread-1] INFO  server.RaftServerConfigKeys (ConfUtils.java:logGet(43)) - raft.server.log.appender.install.snapshot.enabled = false (custom)
2019-08-22 17:48:58,914 [pool-450-thread-1] INFO  storage.RaftStorageDirectory (RaftStorageDirectory.java:analyzeStorage(246)) - The storage directory /workdir/hadoop-ozone/integration-test/target/test-dir/MiniOzoneClusterImpl-3fcad3f5-9634-4478-a239-7449fe26e55e/datanode-1/data/ratis/39526130-6b82-4aab-b4d6-7055fcabb4dd does not exist. Creating ...
2019-08-22 17:48:58,914 [pool-439-thread-1] INFO  server.RaftServerConfigKeys (ConfUtils.java:logGet(43)) - raft.server.log.appender.install.snapshot.enabled = false (custom)
2019-08-22 17:48:58,914 [pool-461-thread-1] INFO  impl.RaftServerImpl (ServerState.java:<init>(105)) - e511989b-68ab-45c1-a797-44c33b51afe6:group-7055FCABB4DD ConfigurationManager, init=-1: [9e961f7d-2f80-48a7-b3ac-81f0a28e2c39:192.168.5.173:34389, 41476450-f699-485d-b75b-cc9c7bcae223:192.168.5.173:39265, e511989b-68ab-45c1-a797-44c33b51afe6:192.168.5.173:45396], old=null, confs=<EMPTY_MAP>
2019-08-22 17:48:58,914 [pool-439-thread-1] INFO  impl.RaftServerImpl (ServerState.java:<init>(105)) - 9e961f7d-2f80-48a7-b3ac-81f0a28e2c39:group-7055FCABB4DD ConfigurationManager, init=-1: [9e961f7d-2f80-48a7-b3ac-81f0a28e2c39:192.168.5.173:34389, 41476450-f699-485d-b75b-cc9c7bcae223:192.168.5.173:39265, e511989b-68ab-45c1-a797-44c33b51afe6:192.168.5.173:45396], old=null, confs=<EMPTY_MAP>
2019-08-22 17:48:58,914 [pool-461-thread-1] INFO  server.RaftServerConfigKeys (ConfUtils.java:logGet(43)) - raft.server.storage.dir = [/workdir/hadoop-ozone/integration-test/target/test-dir/MiniOzoneClusterImpl-3fcad3f5-9634-4478-a239-7449fe26e55e/datanode-2/data/ratis] (custom)
2019-08-22 17:48:58,914 [pool-439-thread-1] INFO  server.RaftServerConfigKeys (ConfUtils.java:logGet(43)) - raft.server.storage.dir = [/workdir/hadoop-ozone/integration-test/target/test-dir/MiniOzoneClusterImpl-3fcad3f5-9634-4478-a239-7449fe26e55e/datanode-0/data/ratis] (custom)
2019-08-22 17:48:58,915 [pool-461-thread-1] INFO  storage.RaftStorageDirectory (RaftStorageDirectory.java:analyzeStorage(246)) - The storage directory /workdir/hadoop-ozone/integration-test/target/test-dir/MiniOzoneClusterImpl-3fcad3f5-9634-4478-a239-7449fe26e55e/datanode-2/data/ratis/39526130-6b82-4aab-b4d6-7055fcabb4dd does not exist. Creating ...
2019-08-22 17:48:58,915 [pool-439-thread-1] INFO  storage.RaftStorageDirectory (RaftStorageDirectory.java:analyzeStorage(246)) - The storage directory /workdir/hadoop-ozone/integration-test/target/test-dir/MiniOzoneClusterImpl-3fcad3f5-9634-4478-a239-7449fe26e55e/datanode-0/data/ratis/39526130-6b82-4aab-b4d6-7055fcabb4dd does not exist. Creating ...
2019-08-22 17:48:58,939 [pool-461-thread-1] INFO  storage.RaftStorageDirectory (RaftStorageDirectory.java:tryLock(328)) - Lock on /workdir/hadoop-ozone/integration-test/target/test-dir/MiniOzoneClusterImpl-3fcad3f5-9634-4478-a239-7449fe26e55e/datanode-2/data/ratis/39526130-6b82-4aab-b4d6-7055fcabb4dd/in_use.lock acquired by nodename 29095@pr-hdds-1808-4dtdn-3774871440
2019-08-22 17:48:58,939 [pool-439-thread-1] INFO  storage.RaftStorageDirectory (RaftStorageDirectory.java:tryLock(328)) - Lock on /workdir/hadoop-ozone/integration-test/target/test-dir/MiniOzoneClusterImpl-3fcad3f5-9634-4478-a239-7449fe26e55e/datanode-0/data/ratis/39526130-6b82-4aab-b4d6-7055fcabb4dd/in_use.lock acquired by nodename 29095@pr-hdds-1808-4dtdn-3774871440
2019-08-22 17:48:58,939 [pool-450-thread-1] INFO  storage.RaftStorageDirectory (RaftStorageDirectory.java:tryLock(328)) - Lock on /workdir/hadoop-ozone/integration-test/target/test-dir/MiniOzoneClusterImpl-3fcad3f5-9634-4478-a239-7449fe26e55e/datanode-1/data/ratis/39526130-6b82-4aab-b4d6-7055fcabb4dd/in_use.lock acquired by nodename 29095@pr-hdds-1808-4dtdn-3774871440
2019-08-22 17:48:58,965 [pool-450-thread-1] INFO  storage.RaftStorage (RaftStorage.java:format(72)) - Storage directory /workdir/hadoop-ozone/integration-test/target/test-dir/MiniOzoneClusterImpl-3fcad3f5-9634-4478-a239-7449fe26e55e/datanode-1/data/ratis/39526130-6b82-4aab-b4d6-7055fcabb4dd has been successfully formatted.
2019-08-22 17:48:58,965 [pool-461-thread-1] INFO  storage.RaftStorage (RaftStorage.java:format(72)) - Storage directory /workdir/hadoop-ozone/integration-test/target/test-dir/MiniOzoneClusterImpl-3fcad3f5-9634-4478-a239-7449fe26e55e/datanode-2/data/ratis/39526130-6b82-4aab-b4d6-7055fcabb4dd has been successfully formatted.
2019-08-22 17:48:58,965 [pool-439-thread-1] INFO  storage.RaftStorage (RaftStorage.java:format(72)) - Storage directory /workdir/hadoop-ozone/integration-test/target/test-dir/MiniOzoneClusterImpl-3fcad3f5-9634-4478-a239-7449fe26e55e/datanode-0/data/ratis/39526130-6b82-4aab-b4d6-7055fcabb4dd has been successfully formatted.
2019-08-22 17:48:58,965 [pool-461-thread-1] INFO  ratis.ContainerStateMachine (ContainerStateMachine.java:loadSnapshot(226)) - group-7055FCABB4DD: The snapshot info is null. Setting the last applied indexto:(t:0, i:~)
2019-08-22 17:48:58,966 [pool-439-thread-1] INFO  ratis.ContainerStateMachine (ContainerStateMachine.java:loadSnapshot(226)) - group-7055FCABB4DD: The snapshot info is null. Setting the last applied indexto:(t:0, i:~)
2019-08-22 17:48:58,965 [pool-450-thread-1] INFO  ratis.ContainerStateMachine (ContainerStateMachine.java:loadSnapshot(226)) - group-7055FCABB4DD: The snapshot info is null. Setting the last applied indexto:(t:0, i:~)
2019-08-22 17:48:58,966 [pool-439-thread-1] INFO  server.RaftServerConfigKeys (ConfUtils.java:logGet(43)) - raft.server.leader.election.timeout = 120s (custom)
2019-08-22 17:48:58,966 [pool-461-thread-1] INFO  server.RaftServerConfigKeys (ConfUtils.java:logGet(43)) - raft.server.leader.election.timeout = 120s (custom)
2019-08-22 17:48:58,966 [pool-439-thread-1] INFO  server.RaftServerConfigKeys (ConfUtils.java:logGet(43)) - raft.server.log.use.memory = false (default)
2019-08-22 17:48:58,966 [pool-450-thread-1] INFO  server.RaftServerConfigKeys (ConfUtils.java:logGet(43)) - raft.server.leader.election.timeout = 120s (custom)
2019-08-22 17:48:58,967 [pool-439-thread-1] INFO  server.RaftServerConfigKeys (ConfUtils.java:logGet(43)) - raft.server.log.purge.gap = 1000000 (custom)
2019-08-22 17:48:58,966 [pool-461-thread-1] INFO  server.RaftServerConfigKeys (ConfUtils.java:logGet(43)) - raft.server.log.use.memory = false (default)
2019-08-22 17:48:58,967 [pool-439-thread-1] INFO  server.RaftServerConfigKeys (ConfUtils.java:logGet(43)) - raft.server.log.appender.buffer.byte-limit = 33554432 (custom)
2019-08-22 17:48:58,967 [pool-450-thread-1] INFO  server.RaftServerConfigKeys (ConfUtils.java:logGet(43)) - raft.server.log.use.memory = false (default)
2019-08-22 17:48:58,967 [pool-439-thread-1] INFO  server.RaftServerConfigKeys (ConfUtils.java:logGet(43)) - raft.server.log.segment.size.max = 1048576 (custom)
2019-08-22 17:48:58,967 [pool-461-thread-1] INFO  server.RaftServerConfigKeys (ConfUtils.java:logGet(43)) - raft.server.log.purge.gap = 1000000 (custom)
2019-08-22 17:48:58,968 [pool-439-thread-1] INFO  server.RaftServerConfigKeys (ConfUtils.java:logGet(43)) - raft.server.log.segment.cache.num.max = 2 (custom)
2019-08-22 17:48:58,967 [pool-450-thread-1] INFO  server.RaftServerConfigKeys (ConfUtils.java:logGet(43)) - raft.server.log.purge.gap = 1000000 (custom)
2019-08-22 17:48:58,968 [pool-439-thread-1] INFO  segmented.SegmentedRaftLogWorker (SegmentedRaftLogWorker.java:<init>(172)) - new 9e961f7d-2f80-48a7-b3ac-81f0a28e2c39-SegmentedRaftLogWorker:Storage Directory /workdir/hadoop-ozone/integration-test/target/test-dir/MiniOzoneClusterImpl-3fcad3f5-9634-4478-a239-7449fe26e55e/datanode-0/data/ratis/39526130-6b82-4aab-b4d6-7055fcabb4dd for RaftStorage:Storage Directory /workdir/hadoop-ozone/integration-test/target/test-dir/MiniOzoneClusterImpl-3fcad3f5-9634-4478-a239-7449fe26e55e/datanode-0/data/ratis/39526130-6b82-4aab-b4d6-7055fcabb4dd
2019-08-22 17:48:58,968 [pool-461-thread-1] INFO  server.RaftServerConfigKeys (ConfUtils.java:logGet(43)) - raft.server.log.appender.buffer.byte-limit = 33554432 (custom)
2019-08-22 17:48:58,968 [pool-439-thread-1] INFO  server.RaftServerConfigKeys (ConfUtils.java:logGet(43)) - raft.server.log.queue.byte-limit = 2147483647 (custom)
2019-08-22 17:48:58,968 [pool-450-thread-1] INFO  server.RaftServerConfigKeys (ConfUtils.java:logGet(43)) - raft.server.log.appender.buffer.byte-limit = 33554432 (custom)
2019-08-22 17:48:58,969 [pool-439-thread-1] INFO  server.RaftServerConfigKeys (ConfUtils.java:logGet(43)) - raft.server.log.queue.element-limit = 1024 (custom)
2019-08-22 17:48:58,968 [pool-461-thread-1] INFO  server.RaftServerConfigKeys (ConfUtils.java:logGet(43)) - raft.server.log.segment.size.max = 1048576 (custom)
2019-08-22 17:48:58,969 [pool-439-thread-1] INFO  server.RaftServerConfigKeys (ConfUtils.java:logGet(43)) - raft.server.log.segment.size.max = 1048576 (custom)
2019-08-22 17:48:58,969 [pool-450-thread-1] INFO  server.RaftServerConfigKeys (ConfUtils.java:logGet(43)) - raft.server.log.segment.size.max = 1048576 (custom)
2019-08-22 17:48:58,969 [pool-439-thread-1] INFO  server.RaftServerConfigKeys (ConfUtils.java:logGet(43)) - raft.server.log.preallocated.size = 16384 (custom)
2019-08-22 17:48:58,969 [pool-461-thread-1] INFO  server.RaftServerConfigKeys (ConfUtils.java:logGet(43)) - raft.server.log.segment.cache.num.max = 2 (custom)
2019-08-22 17:48:58,970 [pool-439-thread-1] INFO  server.RaftServerConfigKeys (ConfUtils.java:logGet(43)) - raft.server.log.write.buffer.size = 33554432 (custom)
2019-08-22 17:48:58,969 [pool-450-thread-1] INFO  server.RaftServerConfigKeys (ConfUtils.java:logGet(43)) - raft.server.log.segment.cache.num.max = 2 (custom)
2019-08-22 17:48:58,970 [pool-439-thread-1] INFO  server.RaftServerConfigKeys (ConfUtils.java:logGet(43)) - raft.server.log.force.sync.num = 128 (default)
2019-08-22 17:48:58,970 [pool-461-thread-1] INFO  segmented.SegmentedRaftLogWorker (SegmentedRaftLogWorker.java:<init>(172)) - new e511989b-68ab-45c1-a797-44c33b51afe6-SegmentedRaftLogWorker:Storage Directory /workdir/hadoop-ozone/integration-test/target/test-dir/MiniOzoneClusterImpl-3fcad3f5-9634-4478-a239-7449fe26e55e/datanode-2/data/ratis/39526130-6b82-4aab-b4d6-7055fcabb4dd for RaftStorage:Storage Directory /workdir/hadoop-ozone/integration-test/target/test-dir/MiniOzoneClusterImpl-3fcad3f5-9634-4478-a239-7449fe26e55e/datanode-2/data/ratis/39526130-6b82-4aab-b4d6-7055fcabb4dd
2019-08-22 17:48:58,970 [pool-439-thread-1] INFO  server.RaftServerConfigKeys (ConfUtils.java:logGet(43)) - raft.server.log.statemachine.data.sync = true (default)
2019-08-22 17:48:58,970 [pool-450-thread-1] INFO  segmented.SegmentedRaftLogWorker (SegmentedRaftLogWorker.java:<init>(172)) - new 41476450-f699-485d-b75b-cc9c7bcae223-SegmentedRaftLogWorker:Storage Directory /workdir/hadoop-ozone/integration-test/target/test-dir/MiniOzoneClusterImpl-3fcad3f5-9634-4478-a239-7449fe26e55e/datanode-1/data/ratis/39526130-6b82-4aab-b4d6-7055fcabb4dd for RaftStorage:Storage Directory /workdir/hadoop-ozone/integration-test/target/test-dir/MiniOzoneClusterImpl-3fcad3f5-9634-4478-a239-7449fe26e55e/datanode-1/data/ratis/39526130-6b82-4aab-b4d6-7055fcabb4dd
2019-08-22 17:48:58,970 [pool-439-thread-1] INFO  server.RaftServerConfigKeys (ConfUtils.java:logGet(43)) - raft.server.log.statemachine.data.sync.timeout = 10s (default)
2019-08-22 17:48:58,970 [pool-461-thread-1] INFO  server.RaftServerConfigKeys (ConfUtils.java:logGet(43)) - raft.server.log.queue.byte-limit = 2147483647 (custom)
2019-08-22 17:48:58,971 [pool-439-thread-1] INFO  server.RaftServerConfigKeys (ConfUtils.java:logGet(43)) - raft.server.log.statemachine.data.sync.timeout.retry = -1 (default)
2019-08-22 17:48:58,971 [pool-450-thread-1] INFO  server.RaftServerConfigKeys (ConfUtils.java:logGet(43)) - raft.server.log.queue.byte-limit = 2147483647 (custom)
2019-08-22 17:48:58,971 [pool-439-thread-1] INFO  server.RaftServerConfigKeys (ConfUtils.java:logGet(43)) - raft.server.log.statemachine.data.caching.enabled = true (custom)
2019-08-22 17:48:58,971 [pool-461-thread-1] INFO  server.RaftServerConfigKeys (ConfUtils.java:logGet(43)) - raft.server.log.queue.element-limit = 1024 (custom)
2019-08-22 17:48:58,971 [pool-450-thread-1] INFO  server.RaftServerConfigKeys (ConfUtils.java:logGet(43)) - raft.server.log.queue.element-limit = 1024 (custom)
2019-08-22 17:48:58,972 [pool-439-thread-1] INFO  segmented.SegmentedRaftLogWorker (SegmentedRaftLogWorker.java:lambda$new$0(132)) - 9e961f7d-2f80-48a7-b3ac-81f0a28e2c39-SegmentedRaftLogWorker:Storage Directory /workdir/hadoop-ozone/integration-test/target/test-dir/MiniOzoneClusterImpl-3fcad3f5-9634-4478-a239-7449fe26e55e/datanode-0/data/ratis/39526130-6b82-4aab-b4d6-7055fcabb4dd: flushIndex: setUnconditionally 0 -> -1
2019-08-22 17:48:58,972 [pool-461-thread-1] INFO  server.RaftServerConfigKeys (ConfUtils.java:logGet(43)) - raft.server.log.segment.size.max = 1048576 (custom)
2019-08-22 17:48:58,972 [pool-450-thread-1] INFO  server.RaftServerConfigKeys (ConfUtils.java:logGet(43)) - raft.server.log.segment.size.max = 1048576 (custom)
2019-08-22 17:48:58,972 [pool-439-thread-1] INFO  server.RaftServerConfigKeys (ConfUtils.java:logGet(43)) - raft.server.snapshot.auto.trigger.enabled = true (custom)
2019-08-22 17:48:58,972 [pool-461-thread-1] INFO  server.RaftServerConfigKeys (ConfUtils.java:logGet(43)) - raft.server.log.preallocated.size = 16384 (custom)
2019-08-22 17:48:58,973 [pool-439-thread-1] INFO  server.RaftServerConfigKeys (ConfUtils.java:logGet(43)) - raft.server.snapshot.auto.trigger.threshold = 10000 (custom)
2019-08-22 17:48:58,972 [pool-450-thread-1] INFO  server.RaftServerConfigKeys (ConfUtils.java:logGet(43)) - raft.server.log.preallocated.size = 16384 (custom)
2019-08-22 17:48:58,973 [pool-439-thread-1] INFO  server.RaftServerConfigKeys (ConfUtils.java:logGet(43)) - raft.server.retrycache.expirytime = 600000ms (custom)
2019-08-22 17:48:58,973 [pool-461-thread-1] INFO  server.RaftServerConfigKeys (ConfUtils.java:logGet(43)) - raft.server.log.write.buffer.size = 33554432 (custom)
2019-08-22 17:48:58,973 [pool-439-thread-1] INFO  impl.RaftServerImpl (RaftServerImpl.java:start(180)) - 9e961f7d-2f80-48a7-b3ac-81f0a28e2c39: start group-7055FCABB4DD
2019-08-22 17:48:58,973 [pool-439-thread-1] INFO  impl.RaftServerImpl (RaftServerImpl.java:setRole(171)) - 9e961f7d-2f80-48a7-b3ac-81f0a28e2c39:group-7055FCABB4DD changes role from null to FOLLOWER at term 0 for startAsFollower
2019-08-22 17:48:58,973 [pool-450-thread-1] INFO  server.RaftServerConfigKeys (ConfUtils.java:logGet(43)) - raft.server.log.write.buffer.size = 33554432 (custom)
2019-08-22 17:48:58,974 [pool-439-thread-1] INFO  impl.RoleInfo (RoleInfo.java:updateAndGet(143)) - 9e961f7d-2f80-48a7-b3ac-81f0a28e2c39: start FollowerState
2019-08-22 17:48:58,973 [pool-461-thread-1] INFO  server.RaftServerConfigKeys (ConfUtils.java:logGet(43)) - raft.server.log.force.sync.num = 128 (default)
2019-08-22 17:48:58,974 [pool-450-thread-1] INFO  server.RaftServerConfigKeys (ConfUtils.java:logGet(43)) - raft.server.log.force.sync.num = 128 (default)
2019-08-22 17:48:58,974 [pool-439-thread-1] INFO  util.JmxRegister (JmxRegister.java:tryRegister(44)) - Successfully registered JMX Bean with object name Ratis:service=RaftServer,group=group-7055FCABB4DD,id=9e961f7d-2f80-48a7-b3ac-81f0a28e2c39
2019-08-22 17:48:58,974 [pool-450-thread-1] INFO  server.RaftServerConfigKeys (ConfUtils.java:logGet(43)) - raft.server.log.statemachine.data.sync = true (default)
2019-08-22 17:48:58,974 [pool-461-thread-1] INFO  server.RaftServerConfigKeys (ConfUtils.java:logGet(43)) - raft.server.log.statemachine.data.sync = true (default)
2019-08-22 17:48:58,975 [pool-450-thread-1] INFO  server.RaftServerConfigKeys (ConfUtils.java:logGet(43)) - raft.server.log.statemachine.data.sync.timeout = 10s (default)
2019-08-22 17:48:58,975 [pool-461-thread-1] INFO  server.RaftServerConfigKeys (ConfUtils.java:logGet(43)) - raft.server.log.statemachine.data.sync.timeout = 10s (default)
2019-08-22 17:48:58,975 [pool-450-thread-1] INFO  server.RaftServerConfigKeys (ConfUtils.java:logGet(43)) - raft.server.log.statemachine.data.sync.timeout.retry = -1 (default)
2019-08-22 17:48:58,975 [pool-461-thread-1] INFO  server.RaftServerConfigKeys (ConfUtils.java:logGet(43)) - raft.server.log.statemachine.data.sync.timeout.retry = -1 (default)
2019-08-22 17:48:58,975 [pool-450-thread-1] INFO  server.RaftServerConfigKeys (ConfUtils.java:logGet(43)) - raft.server.log.statemachine.data.caching.enabled = true (custom)
2019-08-22 17:48:58,976 [pool-461-thread-1] INFO  server.RaftServerConfigKeys (ConfUtils.java:logGet(43)) - raft.server.log.statemachine.data.caching.enabled = true (custom)
2019-08-22 17:48:58,976 [pool-450-thread-1] INFO  segmented.SegmentedRaftLogWorker (SegmentedRaftLogWorker.java:lambda$new$0(132)) - 41476450-f699-485d-b75b-cc9c7bcae223-SegmentedRaftLogWorker:Storage Directory /workdir/hadoop-ozone/integration-test/target/test-dir/MiniOzoneClusterImpl-3fcad3f5-9634-4478-a239-7449fe26e55e/datanode-1/data/ratis/39526130-6b82-4aab-b4d6-7055fcabb4dd: flushIndex: setUnconditionally 0 -> -1
2019-08-22 17:48:58,976 [pool-461-thread-1] INFO  segmented.SegmentedRaftLogWorker (SegmentedRaftLogWorker.java:lambda$new$0(132)) - e511989b-68ab-45c1-a797-44c33b51afe6-SegmentedRaftLogWorker:Storage Directory /workdir/hadoop-ozone/integration-test/target/test-dir/MiniOzoneClusterImpl-3fcad3f5-9634-4478-a239-7449fe26e55e/datanode-2/data/ratis/39526130-6b82-4aab-b4d6-7055fcabb4dd: flushIndex: setUnconditionally 0 -> -1
2019-08-22 17:48:58,976 [pool-450-thread-1] INFO  server.RaftServerConfigKeys (ConfUtils.java:logGet(43)) - raft.server.snapshot.auto.trigger.enabled = true (custom)
2019-08-22 17:48:58,976 [pool-450-thread-1] INFO  server.RaftServerConfigKeys (ConfUtils.java:logGet(43)) - raft.server.snapshot.auto.trigger.threshold = 10000 (custom)
2019-08-22 17:48:58,976 [pool-461-thread-1] INFO  server.RaftServerConfigKeys (ConfUtils.java:logGet(43)) - raft.server.snapshot.auto.trigger.enabled = true (custom)
2019-08-22 17:48:58,977 [pool-450-thread-1] INFO  server.RaftServerConfigKeys (ConfUtils.java:logGet(43)) - raft.server.retrycache.expirytime = 600000ms (custom)
2019-08-22 17:48:58,977 [pool-461-thread-1] INFO  server.RaftServerConfigKeys (ConfUtils.java:logGet(43)) - raft.server.snapshot.auto.trigger.threshold = 10000 (custom)
2019-08-22 17:48:58,977 [pool-450-thread-1] INFO  impl.RaftServerImpl (RaftServerImpl.java:start(180)) - 41476450-f699-485d-b75b-cc9c7bcae223: start group-7055FCABB4DD
2019-08-22 17:48:58,977 [pool-461-thread-1] INFO  server.RaftServerConfigKeys (ConfUtils.java:logGet(43)) - raft.server.retrycache.expirytime = 600000ms (custom)
2019-08-22 17:48:58,977 [pool-450-thread-1] INFO  impl.RaftServerImpl (RaftServerImpl.java:setRole(171)) - 41476450-f699-485d-b75b-cc9c7bcae223:group-7055FCABB4DD changes role from null to FOLLOWER at term 0 for startAsFollower
2019-08-22 17:48:58,977 [pool-461-thread-1] INFO  impl.RaftServerImpl (RaftServerImpl.java:start(180)) - e511989b-68ab-45c1-a797-44c33b51afe6: start group-7055FCABB4DD
2019-08-22 17:48:58,977 [pool-450-thread-1] INFO  impl.RoleInfo (RoleInfo.java:updateAndGet(143)) - 41476450-f699-485d-b75b-cc9c7bcae223: start FollowerState
2019-08-22 17:48:58,977 [pool-461-thread-1] INFO  impl.RaftServerImpl (RaftServerImpl.java:setRole(171)) - e511989b-68ab-45c1-a797-44c33b51afe6:group-7055FCABB4DD changes role from null to FOLLOWER at term 0 for startAsFollower
2019-08-22 17:48:58,978 [pool-461-thread-1] INFO  impl.RoleInfo (RoleInfo.java:updateAndGet(143)) - e511989b-68ab-45c1-a797-44c33b51afe6: start FollowerState
2019-08-22 17:48:58,978 [pool-450-thread-1] INFO  util.JmxRegister (JmxRegister.java:tryRegister(44)) - Successfully registered JMX Bean with object name Ratis:service=RaftServer,group=group-7055FCABB4DD,id=41476450-f699-485d-b75b-cc9c7bcae223
2019-08-22 17:48:58,978 [pool-461-thread-1] INFO  util.JmxRegister (JmxRegister.java:tryRegister(44)) - Successfully registered JMX Bean with object name Ratis:service=RaftServer,group=group-7055FCABB4DD,id=e511989b-68ab-45c1-a797-44c33b51afe6
2019-08-22 17:48:58,981 [RatisPipelineUtilsThread] INFO  pipeline.PipelineStateManager (PipelineStateManager.java:addPipeline(56)) - Created pipeline Pipeline[ Id: 39526130-6b82-4aab-b4d6-7055fcabb4dd, Nodes: e511989b-68ab-45c1-a797-44c33b51afe6{ip: 192.168.5.173, host: pr-hdds-1808-4dtdn-3774871440, networkLocation: /default-rack, certSerialId: null}9e961f7d-2f80-48a7-b3ac-81f0a28e2c39{ip: 192.168.5.173, host: pr-hdds-1808-4dtdn-3774871440, networkLocation: /default-rack, certSerialId: null}41476450-f699-485d-b75b-cc9c7bcae223{ip: 192.168.5.173, host: pr-hdds-1808-4dtdn-3774871440, networkLocation: /default-rack, certSerialId: null}, Type:RATIS, Factor:THREE, State:OPEN]
2019-08-22 17:48:59,305 [IPC Server handler 4 on 35232] INFO  net.NetworkTopology (NetworkTopologyImpl.java:add(110)) - Added a new node: /default-rack/e7fa427d-9bf0-4d57-b806-08466f41dcc1
2019-08-22 17:48:59,305 [IPC Server handler 4 on 35232] INFO  node.SCMNodeManager (SCMNodeManager.java:register(273)) - Registered Data node : e7fa427d-9bf0-4d57-b806-08466f41dcc1{ip: 192.168.5.173, host: pr-hdds-1808-4dtdn-3774871440, networkLocation: /default-rack, certSerialId: null}
2019-08-22 17:48:59,305 | INFO  | SCMAudit | user=jenkins1000 | ip=192.168.5.173 | op=REGISTER {datanodeDetails=e7fa427d-9bf0-4d57-b806-08466f41dcc1{ip: 192.168.5.173, host: pr-hdds-1808-4dtdn-3774871440, networkLocation: /default-rack, certSerialId: null}} | ret=SUCCESS |  
2019-08-22 17:48:59,313 [grpc-default-executor-2] INFO  impl.RaftServerProxy (RaftServerProxy.java:addNew(89)) - e7fa427d-9bf0-4d57-b806-08466f41dcc1: addNew group-BFF7ABFCFC52:[e7fa427d-9bf0-4d57-b806-08466f41dcc1:192.168.5.173:40856] returns group-BFF7ABFCFC52:java.util.concurrent.CompletableFuture@5a780f68[Not completed]
2019-08-22 17:48:59,314 [pool-472-thread-1] INFO  impl.RaftServerImpl (RaftServerImpl.java:<init>(93)) - e7fa427d-9bf0-4d57-b806-08466f41dcc1: new RaftServerImpl for group-BFF7ABFCFC52:[e7fa427d-9bf0-4d57-b806-08466f41dcc1:192.168.5.173:40856] with ContainerStateMachine:uninitialized
2019-08-22 17:48:59,314 [pool-472-thread-1] INFO  server.RaftServerConfigKeys (ConfUtils.java:logGet(43)) - raft.server.rpc.timeout.min = 5s (custom)
2019-08-22 17:48:59,315 [pool-472-thread-1] INFO  server.RaftServerConfigKeys (ConfUtils.java:logGet(43)) - raft.server.rpc.timeout.max = 5200ms (custom)
2019-08-22 17:48:59,315 [pool-472-thread-1] INFO  server.RaftServerConfigKeys (ConfUtils.java:logGet(43)) - raft.server.rpcslowness.timeout = 120s (custom)
2019-08-22 17:48:59,315 [pool-472-thread-1] INFO  server.RaftServerConfigKeys (ConfUtils.java:logGet(43)) - raft.server.sleep.deviation.threshold = 300 (default)
2019-08-22 17:48:59,315 [pool-472-thread-1] INFO  server.RaftServerConfigKeys (ConfUtils.java:logGet(43)) - raft.server.log.appender.install.snapshot.enabled = false (custom)
2019-08-22 17:48:59,315 [pool-472-thread-1] INFO  impl.RaftServerImpl (ServerState.java:<init>(105)) - e7fa427d-9bf0-4d57-b806-08466f41dcc1:group-BFF7ABFCFC52 ConfigurationManager, init=-1: [e7fa427d-9bf0-4d57-b806-08466f41dcc1:192.168.5.173:40856], old=null, confs=<EMPTY_MAP>
2019-08-22 17:48:59,315 [pool-472-thread-1] INFO  server.RaftServerConfigKeys (ConfUtils.java:logGet(43)) - raft.server.storage.dir = [/workdir/hadoop-ozone/integration-test/target/test-dir/MiniOzoneClusterImpl-3fcad3f5-9634-4478-a239-7449fe26e55e/datanode-3/data/ratis] (custom)
2019-08-22 17:48:59,316 [pool-472-thread-1] INFO  storage.RaftStorageDirectory (RaftStorageDirectory.java:analyzeStorage(246)) - The storage directory /workdir/hadoop-ozone/integration-test/target/test-dir/MiniOzoneClusterImpl-3fcad3f5-9634-4478-a239-7449fe26e55e/datanode-3/data/ratis/61e20808-9438-437b-8335-bff7abfcfc52 does not exist. Creating ...
2019-08-22 17:48:59,329 [pool-472-thread-1] INFO  storage.RaftStorageDirectory (RaftStorageDirectory.java:tryLock(328)) - Lock on /workdir/hadoop-ozone/integration-test/target/test-dir/MiniOzoneClusterImpl-3fcad3f5-9634-4478-a239-7449fe26e55e/datanode-3/data/ratis/61e20808-9438-437b-8335-bff7abfcfc52/in_use.lock acquired by nodename 29095@pr-hdds-1808-4dtdn-3774871440
2019-08-22 17:48:59,342 [pool-472-thread-1] INFO  storage.RaftStorage (RaftStorage.java:format(72)) - Storage directory /workdir/hadoop-ozone/integration-test/target/test-dir/MiniOzoneClusterImpl-3fcad3f5-9634-4478-a239-7449fe26e55e/datanode-3/data/ratis/61e20808-9438-437b-8335-bff7abfcfc52 has been successfully formatted.
2019-08-22 17:48:59,342 [pool-472-thread-1] INFO  ratis.ContainerStateMachine (ContainerStateMachine.java:loadSnapshot(226)) - group-BFF7ABFCFC52: The snapshot info is null. Setting the last applied indexto:(t:0, i:~)
2019-08-22 17:48:59,342 [pool-472-thread-1] INFO  server.RaftServerConfigKeys (ConfUtils.java:logGet(43)) - raft.server.leader.election.timeout = 120s (custom)
2019-08-22 17:48:59,343 [pool-472-thread-1] INFO  server.RaftServerConfigKeys (ConfUtils.java:logGet(43)) - raft.server.log.use.memory = false (default)
2019-08-22 17:48:59,343 [pool-472-thread-1] INFO  server.RaftServerConfigKeys (ConfUtils.java:logGet(43)) - raft.server.log.purge.gap = 1000000 (custom)
2019-08-22 17:48:59,343 [pool-472-thread-1] INFO  server.RaftServerConfigKeys (ConfUtils.java:logGet(43)) - raft.server.log.appender.buffer.byte-limit = 33554432 (custom)
2019-08-22 17:48:59,343 [pool-472-thread-1] INFO  server.RaftServerConfigKeys (ConfUtils.java:logGet(43)) - raft.server.log.segment.size.max = 1048576 (custom)
2019-08-22 17:48:59,343 [pool-472-thread-1] INFO  server.RaftServerConfigKeys (ConfUtils.java:logGet(43)) - raft.server.log.segment.cache.num.max = 2 (custom)
2019-08-22 17:48:59,343 [pool-472-thread-1] INFO  segmented.SegmentedRaftLogWorker (SegmentedRaftLogWorker.java:<init>(172)) - new e7fa427d-9bf0-4d57-b806-08466f41dcc1-SegmentedRaftLogWorker:Storage Directory /workdir/hadoop-ozone/integration-test/target/test-dir/MiniOzoneClusterImpl-3fcad3f5-9634-4478-a239-7449fe26e55e/datanode-3/data/ratis/61e20808-9438-437b-8335-bff7abfcfc52 for RaftStorage:Storage Directory /workdir/hadoop-ozone/integration-test/target/test-dir/MiniOzoneClusterImpl-3fcad3f5-9634-4478-a239-7449fe26e55e/datanode-3/data/ratis/61e20808-9438-437b-8335-bff7abfcfc52
2019-08-22 17:48:59,344 [pool-472-thread-1] INFO  server.RaftServerConfigKeys (ConfUtils.java:logGet(43)) - raft.server.log.queue.byte-limit = 2147483647 (custom)
2019-08-22 17:48:59,344 [pool-472-thread-1] INFO  server.RaftServerConfigKeys (ConfUtils.java:logGet(43)) - raft.server.log.queue.element-limit = 1024 (custom)
2019-08-22 17:48:59,344 [pool-472-thread-1] INFO  server.RaftServerConfigKeys (ConfUtils.java:logGet(43)) - raft.server.log.segment.size.max = 1048576 (custom)
2019-08-22 17:48:59,344 [pool-472-thread-1] INFO  server.RaftServerConfigKeys (ConfUtils.java:logGet(43)) - raft.server.log.preallocated.size = 16384 (custom)
2019-08-22 17:48:59,344 [pool-472-thread-1] INFO  server.RaftServerConfigKeys (ConfUtils.java:logGet(43)) - raft.server.log.write.buffer.size = 33554432 (custom)
2019-08-22 17:48:59,344 [pool-472-thread-1] INFO  server.RaftServerConfigKeys (ConfUtils.java:logGet(43)) - raft.server.log.force.sync.num = 128 (default)
2019-08-22 17:48:59,345 [pool-472-thread-1] INFO  server.RaftServerConfigKeys (ConfUtils.java:logGet(43)) - raft.server.log.statemachine.data.sync = true (default)
2019-08-22 17:48:59,345 [pool-472-thread-1] INFO  server.RaftServerConfigKeys (ConfUtils.java:logGet(43)) - raft.server.log.statemachine.data.sync.timeout = 10s (default)
2019-08-22 17:48:59,345 [pool-472-thread-1] INFO  server.RaftServerConfigKeys (ConfUtils.java:logGet(43)) - raft.server.log.statemachine.data.sync.timeout.retry = -1 (default)
2019-08-22 17:48:59,345 [pool-472-thread-1] INFO  server.RaftServerConfigKeys (ConfUtils.java:logGet(43)) - raft.server.log.statemachine.data.caching.enabled = true (custom)
2019-08-22 17:48:59,346 [pool-472-thread-1] INFO  segmented.SegmentedRaftLogWorker (SegmentedRaftLogWorker.java:lambda$new$0(132)) - e7fa427d-9bf0-4d57-b806-08466f41dcc1-SegmentedRaftLogWorker:Storage Directory /workdir/hadoop-ozone/integration-test/target/test-dir/MiniOzoneClusterImpl-3fcad3f5-9634-4478-a239-7449fe26e55e/datanode-3/data/ratis/61e20808-9438-437b-8335-bff7abfcfc52: flushIndex: setUnconditionally 0 -> -1
2019-08-22 17:48:59,346 [pool-472-thread-1] INFO  server.RaftServerConfigKeys (ConfUtils.java:logGet(43)) - raft.server.snapshot.auto.trigger.enabled = true (custom)
2019-08-22 17:48:59,346 [pool-472-thread-1] INFO  server.RaftServerConfigKeys (ConfUtils.java:logGet(43)) - raft.server.snapshot.auto.trigger.threshold = 10000 (custom)
2019-08-22 17:48:59,346 [pool-472-thread-1] INFO  server.RaftServerConfigKeys (ConfUtils.java:logGet(43)) - raft.server.retrycache.expirytime = 600000ms (custom)
2019-08-22 17:48:59,347 [pool-472-thread-1] INFO  impl.RaftServerImpl (RaftServerImpl.java:start(180)) - e7fa427d-9bf0-4d57-b806-08466f41dcc1: start group-BFF7ABFCFC52
2019-08-22 17:48:59,347 [pool-472-thread-1] INFO  impl.RaftServerImpl (RaftServerImpl.java:setRole(171)) - e7fa427d-9bf0-4d57-b806-08466f41dcc1:group-BFF7ABFCFC52 changes role from null to FOLLOWER at term 0 for startAsFollower
2019-08-22 17:48:59,347 [pool-472-thread-1] INFO  impl.RoleInfo (RoleInfo.java:updateAndGet(143)) - e7fa427d-9bf0-4d57-b806-08466f41dcc1: start FollowerState
2019-08-22 17:48:59,357 [pool-472-thread-1] INFO  util.JmxRegister (JmxRegister.java:tryRegister(44)) - Successfully registered JMX Bean with object name Ratis:service=RaftServer,group=group-BFF7ABFCFC52,id=e7fa427d-9bf0-4d57-b806-08466f41dcc1
2019-08-22 17:48:59,366 [RatisPipelineUtilsThread] INFO  pipeline.PipelineStateManager (PipelineStateManager.java:addPipeline(56)) - Created pipeline Pipeline[ Id: 61e20808-9438-437b-8335-bff7abfcfc52, Nodes: e7fa427d-9bf0-4d57-b806-08466f41dcc1{ip: 192.168.5.173, host: pr-hdds-1808-4dtdn-3774871440, networkLocation: /default-rack, certSerialId: null}, Type:RATIS, Factor:ONE, State:OPEN]
2019-08-22 17:48:59,493 [IPC Server handler 3 on 35232] INFO  net.NetworkTopology (NetworkTopologyImpl.java:add(110)) - Added a new node: /default-rack/4ddf9bc6-c089-4456-8fae-06bd647ee380
2019-08-22 17:48:59,493 [IPC Server handler 3 on 35232] INFO  node.SCMNodeManager (SCMNodeManager.java:register(273)) - Registered Data node : 4ddf9bc6-c089-4456-8fae-06bd647ee380{ip: 192.168.5.173, host: pr-hdds-1808-4dtdn-3774871440, networkLocation: /default-rack, certSerialId: null}
2019-08-22 17:48:59,493 | INFO  | SCMAudit | user=jenkins1000 | ip=192.168.5.173 | op=REGISTER {datanodeDetails=4ddf9bc6-c089-4456-8fae-06bd647ee380{ip: 192.168.5.173, host: pr-hdds-1808-4dtdn-3774871440, networkLocation: /default-rack, certSerialId: null}} | ret=SUCCESS |  
2019-08-22 17:48:59,501 [grpc-default-executor-2] INFO  impl.RaftServerProxy (RaftServerProxy.java:addNew(89)) - 4ddf9bc6-c089-4456-8fae-06bd647ee380: addNew group-2F99EBEC2AD5:[4ddf9bc6-c089-4456-8fae-06bd647ee380:192.168.5.173:45258] returns group-2F99EBEC2AD5:java.util.concurrent.CompletableFuture@310f2d12[Not completed]
2019-08-22 17:48:59,502 [pool-483-thread-1] INFO  impl.RaftServerImpl (RaftServerImpl.java:<init>(93)) - 4ddf9bc6-c089-4456-8fae-06bd647ee380: new RaftServerImpl for group-2F99EBEC2AD5:[4ddf9bc6-c089-4456-8fae-06bd647ee380:192.168.5.173:45258] with ContainerStateMachine:uninitialized
2019-08-22 17:48:59,503 [pool-483-thread-1] INFO  server.RaftServerConfigKeys (ConfUtils.java:logGet(43)) - raft.server.rpc.timeout.min = 5s (custom)
2019-08-22 17:48:59,503 [pool-483-thread-1] INFO  server.RaftServerConfigKeys (ConfUtils.java:logGet(43)) - raft.server.rpc.timeout.max = 5200ms (custom)
2019-08-22 17:48:59,503 [pool-483-thread-1] INFO  server.RaftServerConfigKeys (ConfUtils.java:logGet(43)) - raft.server.rpcslowness.timeout = 120s (custom)
2019-08-22 17:48:59,503 [pool-483-thread-1] INFO  server.RaftServerConfigKeys (ConfUtils.java:logGet(43)) - raft.server.sleep.deviation.threshold = 300 (default)
2019-08-22 17:48:59,503 [pool-483-thread-1] INFO  server.RaftServerConfigKeys (ConfUtils.java:logGet(43)) - raft.server.log.appender.install.snapshot.enabled = false (custom)
2019-08-22 17:48:59,503 [pool-483-thread-1] INFO  impl.RaftServerImpl (ServerState.java:<init>(105)) - 4ddf9bc6-c089-4456-8fae-06bd647ee380:group-2F99EBEC2AD5 ConfigurationManager, init=-1: [4ddf9bc6-c089-4456-8fae-06bd647ee380:192.168.5.173:45258], old=null, confs=<EMPTY_MAP>
2019-08-22 17:48:59,503 [pool-483-thread-1] INFO  server.RaftServerConfigKeys (ConfUtils.java:logGet(43)) - raft.server.storage.dir = [/workdir/hadoop-ozone/integration-test/target/test-dir/MiniOzoneClusterImpl-3fcad3f5-9634-4478-a239-7449fe26e55e/datanode-4/data/ratis] (custom)
2019-08-22 17:48:59,504 [pool-483-thread-1] INFO  storage.RaftStorageDirectory (RaftStorageDirectory.java:analyzeStorage(246)) - The storage directory /workdir/hadoop-ozone/integration-test/target/test-dir/MiniOzoneClusterImpl-3fcad3f5-9634-4478-a239-7449fe26e55e/datanode-4/data/ratis/b6f3c81e-39d2-4eff-ac27-2f99ebec2ad5 does not exist. Creating ...
2019-08-22 17:48:59,529 [pool-483-thread-1] INFO  storage.RaftStorageDirectory (RaftStorageDirectory.java:tryLock(328)) - Lock on /workdir/hadoop-ozone/integration-test/target/test-dir/MiniOzoneClusterImpl-3fcad3f5-9634-4478-a239-7449fe26e55e/datanode-4/data/ratis/b6f3c81e-39d2-4eff-ac27-2f99ebec2ad5/in_use.lock acquired by nodename 29095@pr-hdds-1808-4dtdn-3774871440
2019-08-22 17:48:59,542 [pool-483-thread-1] INFO  storage.RaftStorage (RaftStorage.java:format(72)) - Storage directory /workdir/hadoop-ozone/integration-test/target/test-dir/MiniOzoneClusterImpl-3fcad3f5-9634-4478-a239-7449fe26e55e/datanode-4/data/ratis/b6f3c81e-39d2-4eff-ac27-2f99ebec2ad5 has been successfully formatted.
2019-08-22 17:48:59,542 [pool-483-thread-1] INFO  ratis.ContainerStateMachine (ContainerStateMachine.java:loadSnapshot(226)) - group-2F99EBEC2AD5: The snapshot info is null. Setting the last applied indexto:(t:0, i:~)
2019-08-22 17:48:59,542 [pool-483-thread-1] INFO  server.RaftServerConfigKeys (ConfUtils.java:logGet(43)) - raft.server.leader.election.timeout = 120s (custom)
2019-08-22 17:48:59,542 [pool-483-thread-1] INFO  server.RaftServerConfigKeys (ConfUtils.java:logGet(43)) - raft.server.log.use.memory = false (default)
2019-08-22 17:48:59,543 [pool-483-thread-1] INFO  server.RaftServerConfigKeys (ConfUtils.java:logGet(43)) - raft.server.log.purge.gap = 1000000 (custom)
2019-08-22 17:48:59,543 [pool-483-thread-1] INFO  server.RaftServerConfigKeys (ConfUtils.java:logGet(43)) - raft.server.log.appender.buffer.byte-limit = 33554432 (custom)
2019-08-22 17:48:59,543 [pool-483-thread-1] INFO  server.RaftServerConfigKeys (ConfUtils.java:logGet(43)) - raft.server.log.segment.size.max = 1048576 (custom)
2019-08-22 17:48:59,543 [pool-483-thread-1] INFO  server.RaftServerConfigKeys (ConfUtils.java:logGet(43)) - raft.server.log.segment.cache.num.max = 2 (custom)
2019-08-22 17:48:59,543 [pool-483-thread-1] INFO  segmented.SegmentedRaftLogWorker (SegmentedRaftLogWorker.java:<init>(172)) - new 4ddf9bc6-c089-4456-8fae-06bd647ee380-SegmentedRaftLogWorker:Storage Directory /workdir/hadoop-ozone/integration-test/target/test-dir/MiniOzoneClusterImpl-3fcad3f5-9634-4478-a239-7449fe26e55e/datanode-4/data/ratis/b6f3c81e-39d2-4eff-ac27-2f99ebec2ad5 for RaftStorage:Storage Directory /workdir/hadoop-ozone/integration-test/target/test-dir/MiniOzoneClusterImpl-3fcad3f5-9634-4478-a239-7449fe26e55e/datanode-4/data/ratis/b6f3c81e-39d2-4eff-ac27-2f99ebec2ad5
2019-08-22 17:48:59,544 [pool-483-thread-1] INFO  server.RaftServerConfigKeys (ConfUtils.java:logGet(43)) - raft.server.log.queue.byte-limit = 2147483647 (custom)
2019-08-22 17:48:59,544 [pool-483-thread-1] INFO  server.RaftServerConfigKeys (ConfUtils.java:logGet(43)) - raft.server.log.queue.element-limit = 1024 (custom)
2019-08-22 17:48:59,544 [pool-483-thread-1] INFO  server.RaftServerConfigKeys (ConfUtils.java:logGet(43)) - raft.server.log.segment.size.max = 1048576 (custom)
2019-08-22 17:48:59,544 [pool-483-thread-1] INFO  server.RaftServerConfigKeys (ConfUtils.java:logGet(43)) - raft.server.log.preallocated.size = 16384 (custom)
2019-08-22 17:48:59,544 [pool-483-thread-1] INFO  server.RaftServerConfigKeys (ConfUtils.java:logGet(43)) - raft.server.log.write.buffer.size = 33554432 (custom)
2019-08-22 17:48:59,545 [pool-483-thread-1] INFO  server.RaftServerConfigKeys (ConfUtils.java:logGet(43)) - raft.server.log.force.sync.num = 128 (default)
2019-08-22 17:48:59,545 [pool-483-thread-1] INFO  server.RaftServerConfigKeys (ConfUtils.java:logGet(43)) - raft.server.log.statemachine.data.sync = true (default)
2019-08-22 17:48:59,545 [pool-483-thread-1] INFO  server.RaftServerConfigKeys (ConfUtils.java:logGet(43)) - raft.server.log.statemachine.data.sync.timeout = 10s (default)
2019-08-22 17:48:59,545 [pool-483-thread-1] INFO  server.RaftServerConfigKeys (ConfUtils.java:logGet(43)) - raft.server.log.statemachine.data.sync.timeout.retry = -1 (default)
2019-08-22 17:48:59,545 [pool-483-thread-1] INFO  server.RaftServerConfigKeys (ConfUtils.java:logGet(43)) - raft.server.log.statemachine.data.caching.enabled = true (custom)
2019-08-22 17:48:59,546 [pool-483-thread-1] INFO  segmented.SegmentedRaftLogWorker (SegmentedRaftLogWorker.java:lambda$new$0(132)) - 4ddf9bc6-c089-4456-8fae-06bd647ee380-SegmentedRaftLogWorker:Storage Directory /workdir/hadoop-ozone/integration-test/target/test-dir/MiniOzoneClusterImpl-3fcad3f5-9634-4478-a239-7449fe26e55e/datanode-4/data/ratis/b6f3c81e-39d2-4eff-ac27-2f99ebec2ad5: flushIndex: setUnconditionally 0 -> -1
2019-08-22 17:48:59,546 [pool-483-thread-1] INFO  server.RaftServerConfigKeys (ConfUtils.java:logGet(43)) - raft.server.snapshot.auto.trigger.enabled = true (custom)
2019-08-22 17:48:59,546 [pool-483-thread-1] INFO  server.RaftServerConfigKeys (ConfUtils.java:logGet(43)) - raft.server.snapshot.auto.trigger.threshold = 10000 (custom)
2019-08-22 17:48:59,547 [pool-483-thread-1] INFO  server.RaftServerConfigKeys (ConfUtils.java:logGet(43)) - raft.server.retrycache.expirytime = 600000ms (custom)
2019-08-22 17:48:59,547 [pool-483-thread-1] INFO  impl.RaftServerImpl (RaftServerImpl.java:start(180)) - 4ddf9bc6-c089-4456-8fae-06bd647ee380: start group-2F99EBEC2AD5
2019-08-22 17:48:59,547 [pool-483-thread-1] INFO  impl.RaftServerImpl (RaftServerImpl.java:setRole(171)) - 4ddf9bc6-c089-4456-8fae-06bd647ee380:group-2F99EBEC2AD5 changes role from null to FOLLOWER at term 0 for startAsFollower
2019-08-22 17:48:59,547 [pool-483-thread-1] INFO  impl.RoleInfo (RoleInfo.java:updateAndGet(143)) - 4ddf9bc6-c089-4456-8fae-06bd647ee380: start FollowerState
2019-08-22 17:48:59,548 [pool-483-thread-1] INFO  util.JmxRegister (JmxRegister.java:tryRegister(44)) - Successfully registered JMX Bean with object name Ratis:service=RaftServer,group=group-2F99EBEC2AD5,id=4ddf9bc6-c089-4456-8fae-06bd647ee380
2019-08-22 17:48:59,550 [RatisPipelineUtilsThread] INFO  pipeline.PipelineStateManager (PipelineStateManager.java:addPipeline(56)) - Created pipeline Pipeline[ Id: b6f3c81e-39d2-4eff-ac27-2f99ebec2ad5, Nodes: 4ddf9bc6-c089-4456-8fae-06bd647ee380{ip: 192.168.5.173, host: pr-hdds-1808-4dtdn-3774871440, networkLocation: /default-rack, certSerialId: null}, Type:RATIS, Factor:ONE, State:OPEN]
2019-08-22 17:48:59,673 [IPC Server handler 2 on 35232] INFO  net.NetworkTopology (NetworkTopologyImpl.java:add(110)) - Added a new node: /default-rack/9c4ad1af-a9aa-4def-ae67-c9235e3b5814
2019-08-22 17:48:59,673 [IPC Server handler 2 on 35232] INFO  node.SCMNodeManager (SCMNodeManager.java:register(273)) - Registered Data node : 9c4ad1af-a9aa-4def-ae67-c9235e3b5814{ip: 192.168.5.173, host: pr-hdds-1808-4dtdn-3774871440, networkLocation: /default-rack, certSerialId: null}
2019-08-22 17:48:59,673 | INFO  | SCMAudit | user=jenkins1000 | ip=192.168.5.173 | op=REGISTER {datanodeDetails=9c4ad1af-a9aa-4def-ae67-c9235e3b5814{ip: 192.168.5.173, host: pr-hdds-1808-4dtdn-3774871440, networkLocation: /default-rack, certSerialId: null}} | ret=SUCCESS |  
2019-08-22 17:48:59,679 [grpc-default-executor-2] INFO  impl.RaftServerProxy (RaftServerProxy.java:addNew(89)) - 9c4ad1af-a9aa-4def-ae67-c9235e3b5814: addNew group-A0BFFC6E1AA4:[9c4ad1af-a9aa-4def-ae67-c9235e3b5814:192.168.5.173:39794] returns group-A0BFFC6E1AA4:java.util.concurrent.CompletableFuture@1f0965fd[Not completed]
2019-08-22 17:48:59,681 [pool-494-thread-1] INFO  impl.RaftServerImpl (RaftServerImpl.java:<init>(93)) - 9c4ad1af-a9aa-4def-ae67-c9235e3b5814: new RaftServerImpl for group-A0BFFC6E1AA4:[9c4ad1af-a9aa-4def-ae67-c9235e3b5814:192.168.5.173:39794] with ContainerStateMachine:uninitialized
2019-08-22 17:48:59,681 [pool-494-thread-1] INFO  server.RaftServerConfigKeys (ConfUtils.java:logGet(43)) - raft.server.rpc.timeout.min = 5s (custom)
2019-08-22 17:48:59,681 [pool-494-thread-1] INFO  server.RaftServerConfigKeys (ConfUtils.java:logGet(43)) - raft.server.rpc.timeout.max = 5200ms (custom)
2019-08-22 17:48:59,681 [pool-494-thread-1] INFO  server.RaftServerConfigKeys (ConfUtils.java:logGet(43)) - raft.server.rpcslowness.timeout = 120s (custom)
2019-08-22 17:48:59,681 [pool-494-thread-1] INFO  server.RaftServerConfigKeys (ConfUtils.java:logGet(43)) - raft.server.sleep.deviation.threshold = 300 (default)
2019-08-22 17:48:59,681 [pool-494-thread-1] INFO  server.RaftServerConfigKeys (ConfUtils.java:logGet(43)) - raft.server.log.appender.install.snapshot.enabled = false (custom)
2019-08-22 17:48:59,682 [pool-494-thread-1] INFO  impl.RaftServerImpl (ServerState.java:<init>(105)) - 9c4ad1af-a9aa-4def-ae67-c9235e3b5814:group-A0BFFC6E1AA4 ConfigurationManager, init=-1: [9c4ad1af-a9aa-4def-ae67-c9235e3b5814:192.168.5.173:39794], old=null, confs=<EMPTY_MAP>
2019-08-22 17:48:59,682 [pool-494-thread-1] INFO  server.RaftServerConfigKeys (ConfUtils.java:logGet(43)) - raft.server.storage.dir = [/workdir/hadoop-ozone/integration-test/target/test-dir/MiniOzoneClusterImpl-3fcad3f5-9634-4478-a239-7449fe26e55e/datanode-5/data/ratis] (custom)
2019-08-22 17:48:59,682 [pool-494-thread-1] INFO  storage.RaftStorageDirectory (RaftStorageDirectory.java:analyzeStorage(246)) - The storage directory /workdir/hadoop-ozone/integration-test/target/test-dir/MiniOzoneClusterImpl-3fcad3f5-9634-4478-a239-7449fe26e55e/datanode-5/data/ratis/4aaa184b-09a8-4bba-9d68-a0bffc6e1aa4 does not exist. Creating ...
2019-08-22 17:48:59,695 [pool-494-thread-1] INFO  storage.RaftStorageDirectory (RaftStorageDirectory.java:tryLock(328)) - Lock on /workdir/hadoop-ozone/integration-test/target/test-dir/MiniOzoneClusterImpl-3fcad3f5-9634-4478-a239-7449fe26e55e/datanode-5/data/ratis/4aaa184b-09a8-4bba-9d68-a0bffc6e1aa4/in_use.lock acquired by nodename 29095@pr-hdds-1808-4dtdn-3774871440
2019-08-22 17:48:59,712 [pool-494-thread-1] INFO  storage.RaftStorage (RaftStorage.java:format(72)) - Storage directory /workdir/hadoop-ozone/integration-test/target/test-dir/MiniOzoneClusterImpl-3fcad3f5-9634-4478-a239-7449fe26e55e/datanode-5/data/ratis/4aaa184b-09a8-4bba-9d68-a0bffc6e1aa4 has been successfully formatted.
2019-08-22 17:48:59,712 [pool-494-thread-1] INFO  ratis.ContainerStateMachine (ContainerStateMachine.java:loadSnapshot(226)) - group-A0BFFC6E1AA4: The snapshot info is null. Setting the last applied indexto:(t:0, i:~)
2019-08-22 17:48:59,712 [pool-494-thread-1] INFO  server.RaftServerConfigKeys (ConfUtils.java:logGet(43)) - raft.server.leader.election.timeout = 120s (custom)
2019-08-22 17:48:59,712 [pool-494-thread-1] INFO  server.RaftServerConfigKeys (ConfUtils.java:logGet(43)) - raft.server.log.use.memory = false (default)
2019-08-22 17:48:59,712 [pool-494-thread-1] INFO  server.RaftServerConfigKeys (ConfUtils.java:logGet(43)) - raft.server.log.purge.gap = 1000000 (custom)
2019-08-22 17:48:59,713 [pool-494-thread-1] INFO  server.RaftServerConfigKeys (ConfUtils.java:logGet(43)) - raft.server.log.appender.buffer.byte-limit = 33554432 (custom)
2019-08-22 17:48:59,713 [pool-494-thread-1] INFO  server.RaftServerConfigKeys (ConfUtils.java:logGet(43)) - raft.server.log.segment.size.max = 1048576 (custom)
2019-08-22 17:48:59,713 [pool-494-thread-1] INFO  server.RaftServerConfigKeys (ConfUtils.java:logGet(43)) - raft.server.log.segment.cache.num.max = 2 (custom)
2019-08-22 17:48:59,713 [pool-494-thread-1] INFO  segmented.SegmentedRaftLogWorker (SegmentedRaftLogWorker.java:<init>(172)) - new 9c4ad1af-a9aa-4def-ae67-c9235e3b5814-SegmentedRaftLogWorker:Storage Directory /workdir/hadoop-ozone/integration-test/target/test-dir/MiniOzoneClusterImpl-3fcad3f5-9634-4478-a239-7449fe26e55e/datanode-5/data/ratis/4aaa184b-09a8-4bba-9d68-a0bffc6e1aa4 for RaftStorage:Storage Directory /workdir/hadoop-ozone/integration-test/target/test-dir/MiniOzoneClusterImpl-3fcad3f5-9634-4478-a239-7449fe26e55e/datanode-5/data/ratis/4aaa184b-09a8-4bba-9d68-a0bffc6e1aa4
2019-08-22 17:48:59,713 [pool-494-thread-1] INFO  server.RaftServerConfigKeys (ConfUtils.java:logGet(43)) - raft.server.log.queue.byte-limit = 2147483647 (custom)
2019-08-22 17:48:59,713 [pool-494-thread-1] INFO  server.RaftServerConfigKeys (ConfUtils.java:logGet(43)) - raft.server.log.queue.element-limit = 1024 (custom)
2019-08-22 17:48:59,714 [pool-494-thread-1] INFO  server.RaftServerConfigKeys (ConfUtils.java:logGet(43)) - raft.server.log.segment.size.max = 1048576 (custom)
2019-08-22 17:48:59,714 [pool-494-thread-1] INFO  server.RaftServerConfigKeys (ConfUtils.java:logGet(43)) - raft.server.log.preallocated.size = 16384 (custom)
2019-08-22 17:48:59,714 [pool-494-thread-1] INFO  server.RaftServerConfigKeys (ConfUtils.java:logGet(43)) - raft.server.log.write.buffer.size = 33554432 (custom)
2019-08-22 17:48:59,714 [pool-494-thread-1] INFO  server.RaftServerConfigKeys (ConfUtils.java:logGet(43)) - raft.server.log.force.sync.num = 128 (default)
2019-08-22 17:48:59,714 [pool-494-thread-1] INFO  server.RaftServerConfigKeys (ConfUtils.java:logGet(43)) - raft.server.log.statemachine.data.sync = true (default)
2019-08-22 17:48:59,715 [pool-494-thread-1] INFO  server.RaftServerConfigKeys (ConfUtils.java:logGet(43)) - raft.server.log.statemachine.data.sync.timeout = 10s (default)
2019-08-22 17:48:59,715 [pool-494-thread-1] INFO  server.RaftServerConfigKeys (ConfUtils.java:logGet(43)) - raft.server.log.statemachine.data.sync.timeout.retry = -1 (default)
2019-08-22 17:48:59,715 [pool-494-thread-1] INFO  server.RaftServerConfigKeys (ConfUtils.java:logGet(43)) - raft.server.log.statemachine.data.caching.enabled = true (custom)
2019-08-22 17:48:59,715 [pool-494-thread-1] INFO  segmented.SegmentedRaftLogWorker (SegmentedRaftLogWorker.java:lambda$new$0(132)) - 9c4ad1af-a9aa-4def-ae67-c9235e3b5814-SegmentedRaftLogWorker:Storage Directory /workdir/hadoop-ozone/integration-test/target/test-dir/MiniOzoneClusterImpl-3fcad3f5-9634-4478-a239-7449fe26e55e/datanode-5/data/ratis/4aaa184b-09a8-4bba-9d68-a0bffc6e1aa4: flushIndex: setUnconditionally 0 -> -1
2019-08-22 17:48:59,716 [pool-494-thread-1] INFO  server.RaftServerConfigKeys (ConfUtils.java:logGet(43)) - raft.server.snapshot.auto.trigger.enabled = true (custom)
2019-08-22 17:48:59,716 [pool-494-thread-1] INFO  server.RaftServerConfigKeys (ConfUtils.java:logGet(43)) - raft.server.snapshot.auto.trigger.threshold = 10000 (custom)
2019-08-22 17:48:59,716 [pool-494-thread-1] INFO  server.RaftServerConfigKeys (ConfUtils.java:logGet(43)) - raft.server.retrycache.expirytime = 600000ms (custom)
2019-08-22 17:48:59,716 [pool-494-thread-1] INFO  impl.RaftServerImpl (RaftServerImpl.java:start(180)) - 9c4ad1af-a9aa-4def-ae67-c9235e3b5814: start group-A0BFFC6E1AA4
2019-08-22 17:48:59,716 [pool-494-thread-1] INFO  impl.RaftServerImpl (RaftServerImpl.java:setRole(171)) - 9c4ad1af-a9aa-4def-ae67-c9235e3b5814:group-A0BFFC6E1AA4 changes role from null to FOLLOWER at term 0 for startAsFollower
2019-08-22 17:48:59,717 [pool-494-thread-1] INFO  impl.RoleInfo (RoleInfo.java:updateAndGet(143)) - 9c4ad1af-a9aa-4def-ae67-c9235e3b5814: start FollowerState
2019-08-22 17:48:59,717 [pool-494-thread-1] INFO  util.JmxRegister (JmxRegister.java:tryRegister(44)) - Successfully registered JMX Bean with object name Ratis:service=RaftServer,group=group-A0BFFC6E1AA4,id=9c4ad1af-a9aa-4def-ae67-c9235e3b5814
2019-08-22 17:48:59,719 [RatisPipelineUtilsThread] INFO  pipeline.PipelineStateManager (PipelineStateManager.java:addPipeline(56)) - Created pipeline Pipeline[ Id: 4aaa184b-09a8-4bba-9d68-a0bffc6e1aa4, Nodes: 9c4ad1af-a9aa-4def-ae67-c9235e3b5814{ip: 192.168.5.173, host: pr-hdds-1808-4dtdn-3774871440, networkLocation: /default-rack, certSerialId: null}, Type:RATIS, Factor:ONE, State:OPEN]
2019-08-22 17:48:59,730 [grpc-default-executor-2] INFO  impl.RaftServerProxy (RaftServerProxy.java:addNew(89)) - 4ddf9bc6-c089-4456-8fae-06bd647ee380: addNew group-55BFC9734161:[4ddf9bc6-c089-4456-8fae-06bd647ee380:192.168.5.173:45258, 9c4ad1af-a9aa-4def-ae67-c9235e3b5814:192.168.5.173:39794, e7fa427d-9bf0-4d57-b806-08466f41dcc1:192.168.5.173:40856] returns group-55BFC9734161:java.util.concurrent.CompletableFuture@4f105f84[Not completed]
2019-08-22 17:48:59,730 [grpc-default-executor-6] INFO  impl.RaftServerProxy (RaftServerProxy.java:addNew(89)) - e7fa427d-9bf0-4d57-b806-08466f41dcc1: addNew group-55BFC9734161:[4ddf9bc6-c089-4456-8fae-06bd647ee380:192.168.5.173:45258, 9c4ad1af-a9aa-4def-ae67-c9235e3b5814:192.168.5.173:39794, e7fa427d-9bf0-4d57-b806-08466f41dcc1:192.168.5.173:40856] returns group-55BFC9734161:java.util.concurrent.CompletableFuture@3dcab3df[Not completed]
2019-08-22 17:48:59,730 [grpc-default-executor-1] INFO  impl.RaftServerProxy (RaftServerProxy.java:addNew(89)) - 9c4ad1af-a9aa-4def-ae67-c9235e3b5814: addNew group-55BFC9734161:[4ddf9bc6-c089-4456-8fae-06bd647ee380:192.168.5.173:45258, 9c4ad1af-a9aa-4def-ae67-c9235e3b5814:192.168.5.173:39794, e7fa427d-9bf0-4d57-b806-08466f41dcc1:192.168.5.173:40856] returns group-55BFC9734161:java.util.concurrent.CompletableFuture@4099dec7[Not completed]
2019-08-22 17:48:59,732 [pool-483-thread-1] INFO  impl.RaftServerImpl (RaftServerImpl.java:<init>(93)) - 4ddf9bc6-c089-4456-8fae-06bd647ee380: new RaftServerImpl for group-55BFC9734161:[4ddf9bc6-c089-4456-8fae-06bd647ee380:192.168.5.173:45258, 9c4ad1af-a9aa-4def-ae67-c9235e3b5814:192.168.5.173:39794, e7fa427d-9bf0-4d57-b806-08466f41dcc1:192.168.5.173:40856] with ContainerStateMachine:uninitialized
2019-08-22 17:48:59,732 [pool-483-thread-1] INFO  server.RaftServerConfigKeys (ConfUtils.java:logGet(43)) - raft.server.rpc.timeout.min = 5s (custom)
2019-08-22 17:48:59,732 [pool-483-thread-1] INFO  server.RaftServerConfigKeys (ConfUtils.java:logGet(43)) - raft.server.rpc.timeout.max = 5200ms (custom)
2019-08-22 17:48:59,733 [pool-483-thread-1] INFO  server.RaftServerConfigKeys (ConfUtils.java:logGet(43)) - raft.server.rpcslowness.timeout = 120s (custom)
2019-08-22 17:48:59,733 [pool-472-thread-1] INFO  impl.RaftServerImpl (RaftServerImpl.java:<init>(93)) - e7fa427d-9bf0-4d57-b806-08466f41dcc1: new RaftServerImpl for group-55BFC9734161:[4ddf9bc6-c089-4456-8fae-06bd647ee380:192.168.5.173:45258, 9c4ad1af-a9aa-4def-ae67-c9235e3b5814:192.168.5.173:39794, e7fa427d-9bf0-4d57-b806-08466f41dcc1:192.168.5.173:40856] with ContainerStateMachine:uninitialized
2019-08-22 17:48:59,733 [pool-483-thread-1] INFO  server.RaftServerConfigKeys (ConfUtils.java:logGet(43)) - raft.server.sleep.deviation.threshold = 300 (default)
2019-08-22 17:48:59,733 [pool-472-thread-1] INFO  server.RaftServerConfigKeys (ConfUtils.java:logGet(43)) - raft.server.rpc.timeout.min = 5s (custom)
2019-08-22 17:48:59,733 [pool-494-thread-1] INFO  impl.RaftServerImpl (RaftServerImpl.java:<init>(93)) - 9c4ad1af-a9aa-4def-ae67-c9235e3b5814: new RaftServerImpl for group-55BFC9734161:[4ddf9bc6-c089-4456-8fae-06bd647ee380:192.168.5.173:45258, 9c4ad1af-a9aa-4def-ae67-c9235e3b5814:192.168.5.173:39794, e7fa427d-9bf0-4d57-b806-08466f41dcc1:192.168.5.173:40856] with ContainerStateMachine:uninitialized
2019-08-22 17:48:59,733 [pool-483-thread-1] INFO  server.RaftServerConfigKeys (ConfUtils.java:logGet(43)) - raft.server.log.appender.install.snapshot.enabled = false (custom)
2019-08-22 17:48:59,733 [pool-494-thread-1] INFO  server.RaftServerConfigKeys (ConfUtils.java:logGet(43)) - raft.server.rpc.timeout.min = 5s (custom)
2019-08-22 17:48:59,734 [pool-494-thread-1] INFO  server.RaftServerConfigKeys (ConfUtils.java:logGet(43)) - raft.server.rpc.timeout.max = 5200ms (custom)
2019-08-22 17:48:59,733 [pool-472-thread-1] INFO  server.RaftServerConfigKeys (ConfUtils.java:logGet(43)) - raft.server.rpc.timeout.max = 5200ms (custom)
2019-08-22 17:48:59,734 [pool-494-thread-1] INFO  server.RaftServerConfigKeys (ConfUtils.java:logGet(43)) - raft.server.rpcslowness.timeout = 120s (custom)
2019-08-22 17:48:59,734 [pool-483-thread-1] INFO  impl.RaftServerImpl (ServerState.java:<init>(105)) - 4ddf9bc6-c089-4456-8fae-06bd647ee380:group-55BFC9734161 ConfigurationManager, init=-1: [4ddf9bc6-c089-4456-8fae-06bd647ee380:192.168.5.173:45258, 9c4ad1af-a9aa-4def-ae67-c9235e3b5814:192.168.5.173:39794, e7fa427d-9bf0-4d57-b806-08466f41dcc1:192.168.5.173:40856], old=null, confs=<EMPTY_MAP>
2019-08-22 17:48:59,734 [pool-494-thread-1] INFO  server.RaftServerConfigKeys (ConfUtils.java:logGet(43)) - raft.server.sleep.deviation.threshold = 300 (default)
2019-08-22 17:48:59,734 [pool-494-thread-1] INFO  server.RaftServerConfigKeys (ConfUtils.java:logGet(43)) - raft.server.log.appender.install.snapshot.enabled = false (custom)
2019-08-22 17:48:59,734 [pool-472-thread-1] INFO  server.RaftServerConfigKeys (ConfUtils.java:logGet(43)) - raft.server.rpcslowness.timeout = 120s (custom)
2019-08-22 17:48:59,735 [pool-494-thread-1] INFO  impl.RaftServerImpl (ServerState.java:<init>(105)) - 9c4ad1af-a9aa-4def-ae67-c9235e3b5814:group-55BFC9734161 ConfigurationManager, init=-1: [4ddf9bc6-c089-4456-8fae-06bd647ee380:192.168.5.173:45258, 9c4ad1af-a9aa-4def-ae67-c9235e3b5814:192.168.5.173:39794, e7fa427d-9bf0-4d57-b806-08466f41dcc1:192.168.5.173:40856], old=null, confs=<EMPTY_MAP>
2019-08-22 17:48:59,734 [pool-483-thread-1] INFO  server.RaftServerConfigKeys (ConfUtils.java:logGet(43)) - raft.server.storage.dir = [/workdir/hadoop-ozone/integration-test/target/test-dir/MiniOzoneClusterImpl-3fcad3f5-9634-4478-a239-7449fe26e55e/datanode-4/data/ratis] (custom)
2019-08-22 17:48:59,735 [pool-494-thread-1] INFO  server.RaftServerConfigKeys (ConfUtils.java:logGet(43)) - raft.server.storage.dir = [/workdir/hadoop-ozone/integration-test/target/test-dir/MiniOzoneClusterImpl-3fcad3f5-9634-4478-a239-7449fe26e55e/datanode-5/data/ratis] (custom)
2019-08-22 17:48:59,735 [pool-472-thread-1] INFO  server.RaftServerConfigKeys (ConfUtils.java:logGet(43)) - raft.server.sleep.deviation.threshold = 300 (default)
2019-08-22 17:48:59,735 [pool-483-thread-1] INFO  storage.RaftStorageDirectory (RaftStorageDirectory.java:analyzeStorage(246)) - The storage directory /workdir/hadoop-ozone/integration-test/target/test-dir/MiniOzoneClusterImpl-3fcad3f5-9634-4478-a239-7449fe26e55e/datanode-4/data/ratis/28a9f31c-9582-4f86-b1f3-55bfc9734161 does not exist. Creating ...
2019-08-22 17:48:59,736 [pool-472-thread-1] INFO  server.RaftServerConfigKeys (ConfUtils.java:logGet(43)) - raft.server.log.appender.install.snapshot.enabled = false (custom)
2019-08-22 17:48:59,735 [pool-494-thread-1] INFO  storage.RaftStorageDirectory (RaftStorageDirectory.java:analyzeStorage(246)) - The storage directory /workdir/hadoop-ozone/integration-test/target/test-dir/MiniOzoneClusterImpl-3fcad3f5-9634-4478-a239-7449fe26e55e/datanode-5/data/ratis/28a9f31c-9582-4f86-b1f3-55bfc9734161 does not exist. Creating ...
2019-08-22 17:48:59,736 [pool-472-thread-1] INFO  impl.RaftServerImpl (ServerState.java:<init>(105)) - e7fa427d-9bf0-4d57-b806-08466f41dcc1:group-55BFC9734161 ConfigurationManager, init=-1: [4ddf9bc6-c089-4456-8fae-06bd647ee380:192.168.5.173:45258, 9c4ad1af-a9aa-4def-ae67-c9235e3b5814:192.168.5.173:39794, e7fa427d-9bf0-4d57-b806-08466f41dcc1:192.168.5.173:40856], old=null, confs=<EMPTY_MAP>
2019-08-22 17:48:59,736 [pool-472-thread-1] INFO  server.RaftServerConfigKeys (ConfUtils.java:logGet(43)) - raft.server.storage.dir = [/workdir/hadoop-ozone/integration-test/target/test-dir/MiniOzoneClusterImpl-3fcad3f5-9634-4478-a239-7449fe26e55e/datanode-3/data/ratis] (custom)
2019-08-22 17:48:59,737 [pool-472-thread-1] INFO  storage.RaftStorageDirectory (RaftStorageDirectory.java:analyzeStorage(246)) - The storage directory /workdir/hadoop-ozone/integration-test/target/test-dir/MiniOzoneClusterImpl-3fcad3f5-9634-4478-a239-7449fe26e55e/datanode-3/data/ratis/28a9f31c-9582-4f86-b1f3-55bfc9734161 does not exist. Creating ...
2019-08-22 17:48:59,749 [pool-472-thread-1] INFO  storage.RaftStorageDirectory (RaftStorageDirectory.java:tryLock(328)) - Lock on /workdir/hadoop-ozone/integration-test/target/test-dir/MiniOzoneClusterImpl-3fcad3f5-9634-4478-a239-7449fe26e55e/datanode-3/data/ratis/28a9f31c-9582-4f86-b1f3-55bfc9734161/in_use.lock acquired by nodename 29095@pr-hdds-1808-4dtdn-3774871440
2019-08-22 17:48:59,749 [pool-483-thread-1] INFO  storage.RaftStorageDirectory (RaftStorageDirectory.java:tryLock(328)) - Lock on /workdir/hadoop-ozone/integration-test/target/test-dir/MiniOzoneClusterImpl-3fcad3f5-9634-4478-a239-7449fe26e55e/datanode-4/data/ratis/28a9f31c-9582-4f86-b1f3-55bfc9734161/in_use.lock acquired by nodename 29095@pr-hdds-1808-4dtdn-3774871440
2019-08-22 17:48:59,749 [pool-494-thread-1] INFO  storage.RaftStorageDirectory (RaftStorageDirectory.java:tryLock(328)) - Lock on /workdir/hadoop-ozone/integration-test/target/test-dir/MiniOzoneClusterImpl-3fcad3f5-9634-4478-a239-7449fe26e55e/datanode-5/data/ratis/28a9f31c-9582-4f86-b1f3-55bfc9734161/in_use.lock acquired by nodename 29095@pr-hdds-1808-4dtdn-3774871440
2019-08-22 17:48:59,775 [pool-483-thread-1] INFO  storage.RaftStorage (RaftStorage.java:format(72)) - Storage directory /workdir/hadoop-ozone/integration-test/target/test-dir/MiniOzoneClusterImpl-3fcad3f5-9634-4478-a239-7449fe26e55e/datanode-4/data/ratis/28a9f31c-9582-4f86-b1f3-55bfc9734161 has been successfully formatted.
2019-08-22 17:48:59,775 [pool-472-thread-1] INFO  storage.RaftStorage (RaftStorage.java:format(72)) - Storage directory /workdir/hadoop-ozone/integration-test/target/test-dir/MiniOzoneClusterImpl-3fcad3f5-9634-4478-a239-7449fe26e55e/datanode-3/data/ratis/28a9f31c-9582-4f86-b1f3-55bfc9734161 has been successfully formatted.
2019-08-22 17:48:59,775 [pool-494-thread-1] INFO  storage.RaftStorage (RaftStorage.java:format(72)) - Storage directory /workdir/hadoop-ozone/integration-test/target/test-dir/MiniOzoneClusterImpl-3fcad3f5-9634-4478-a239-7449fe26e55e/datanode-5/data/ratis/28a9f31c-9582-4f86-b1f3-55bfc9734161 has been successfully formatted.
2019-08-22 17:48:59,775 [pool-472-thread-1] INFO  ratis.ContainerStateMachine (ContainerStateMachine.java:loadSnapshot(226)) - group-55BFC9734161: The snapshot info is null. Setting the last applied indexto:(t:0, i:~)
2019-08-22 17:48:59,775 [pool-483-thread-1] INFO  ratis.ContainerStateMachine (ContainerStateMachine.java:loadSnapshot(226)) - group-55BFC9734161: The snapshot info is null. Setting the last applied indexto:(t:0, i:~)
2019-08-22 17:48:59,776 [pool-472-thread-1] INFO  server.RaftServerConfigKeys (ConfUtils.java:logGet(43)) - raft.server.leader.election.timeout = 120s (custom)
2019-08-22 17:48:59,776 [pool-472-thread-1] INFO  server.RaftServerConfigKeys (ConfUtils.java:logGet(43)) - raft.server.log.use.memory = false (default)
2019-08-22 17:48:59,776 [pool-494-thread-1] INFO  ratis.ContainerStateMachine (ContainerStateMachine.java:loadSnapshot(226)) - group-55BFC9734161: The snapshot info is null. Setting the last applied indexto:(t:0, i:~)
2019-08-22 17:48:59,776 [pool-472-thread-1] INFO  server.RaftServerConfigKeys (ConfUtils.java:logGet(43)) - raft.server.log.purge.gap = 1000000 (custom)
2019-08-22 17:48:59,776 [pool-483-thread-1] INFO  server.RaftServerConfigKeys (ConfUtils.java:logGet(43)) - raft.server.leader.election.timeout = 120s (custom)
2019-08-22 17:48:59,777 [pool-472-thread-1] INFO  server.RaftServerConfigKeys (ConfUtils.java:logGet(43)) - raft.server.log.appender.buffer.byte-limit = 33554432 (custom)
2019-08-22 17:48:59,776 [pool-494-thread-1] INFO  server.RaftServerConfigKeys (ConfUtils.java:logGet(43)) - raft.server.leader.election.timeout = 120s (custom)
2019-08-22 17:48:59,777 [pool-472-thread-1] INFO  server.RaftServerConfigKeys (ConfUtils.java:logGet(43)) - raft.server.log.segment.size.max = 1048576 (custom)
2019-08-22 17:48:59,777 [pool-483-thread-1] INFO  server.RaftServerConfigKeys (ConfUtils.java:logGet(43)) - raft.server.log.use.memory = false (default)
2019-08-22 17:48:59,778 [pool-472-thread-1] INFO  server.RaftServerConfigKeys (ConfUtils.java:logGet(43)) - raft.server.log.segment.cache.num.max = 2 (custom)
2019-08-22 17:48:59,777 [pool-494-thread-1] INFO  server.RaftServerConfigKeys (ConfUtils.java:logGet(43)) - raft.server.log.use.memory = false (default)
2019-08-22 17:48:59,778 [pool-472-thread-1] INFO  segmented.SegmentedRaftLogWorker (SegmentedRaftLogWorker.java:<init>(172)) - new e7fa427d-9bf0-4d57-b806-08466f41dcc1-SegmentedRaftLogWorker:Storage Directory /workdir/hadoop-ozone/integration-test/target/test-dir/MiniOzoneClusterImpl-3fcad3f5-9634-4478-a239-7449fe26e55e/datanode-3/data/ratis/28a9f31c-9582-4f86-b1f3-55bfc9734161 for RaftStorage:Storage Directory /workdir/hadoop-ozone/integration-test/target/test-dir/MiniOzoneClusterImpl-3fcad3f5-9634-4478-a239-7449fe26e55e/datanode-3/data/ratis/28a9f31c-9582-4f86-b1f3-55bfc9734161
2019-08-22 17:48:59,778 [pool-483-thread-1] INFO  server.RaftServerConfigKeys (ConfUtils.java:logGet(43)) - raft.server.log.purge.gap = 1000000 (custom)
2019-08-22 17:48:59,778 [pool-472-thread-1] INFO  server.RaftServerConfigKeys (ConfUtils.java:logGet(43)) - raft.server.log.queue.byte-limit = 2147483647 (custom)
2019-08-22 17:48:59,778 [pool-494-thread-1] INFO  server.RaftServerConfigKeys (ConfUtils.java:logGet(43)) - raft.server.log.purge.gap = 1000000 (custom)
2019-08-22 17:48:59,779 [pool-472-thread-1] INFO  server.RaftServerConfigKeys (ConfUtils.java:logGet(43)) - raft.server.log.queue.element-limit = 1024 (custom)
2019-08-22 17:48:59,778 [pool-483-thread-1] INFO  server.RaftServerConfigKeys (ConfUtils.java:logGet(43)) - raft.server.log.appender.buffer.byte-limit = 33554432 (custom)
2019-08-22 17:48:59,779 [pool-472-thread-1] INFO  server.RaftServerConfigKeys (ConfUtils.java:logGet(43)) - raft.server.log.segment.size.max = 1048576 (custom)
2019-08-22 17:48:59,779 [pool-494-thread-1] INFO  server.RaftServerConfigKeys (ConfUtils.java:logGet(43)) - raft.server.log.appender.buffer.byte-limit = 33554432 (custom)
2019-08-22 17:48:59,779 [pool-472-thread-1] INFO  server.RaftServerConfigKeys (ConfUtils.java:logGet(43)) - raft.server.log.preallocated.size = 16384 (custom)
2019-08-22 17:48:59,779 [pool-483-thread-1] INFO  server.RaftServerConfigKeys (ConfUtils.java:logGet(43)) - raft.server.log.segment.size.max = 1048576 (custom)
2019-08-22 17:48:59,780 [pool-472-thread-1] INFO  server.RaftServerConfigKeys (ConfUtils.java:logGet(43)) - raft.server.log.write.buffer.size = 33554432 (custom)
2019-08-22 17:48:59,780 [pool-472-thread-1] INFO  server.RaftServerConfigKeys (ConfUtils.java:logGet(43)) - raft.server.log.force.sync.num = 128 (default)
2019-08-22 17:48:59,780 [pool-494-thread-1] INFO  server.RaftServerConfigKeys (ConfUtils.java:logGet(43)) - raft.server.log.segment.size.max = 1048576 (custom)
2019-08-22 17:48:59,780 [pool-472-thread-1] INFO  server.RaftServerConfigKeys (ConfUtils.java:logGet(43)) - raft.server.log.statemachine.data.sync = true (default)
2019-08-22 17:48:59,781 [pool-472-thread-1] INFO  server.RaftServerConfigKeys (ConfUtils.java:logGet(43)) - raft.server.log.statemachine.data.sync.timeout = 10s (default)
2019-08-22 17:48:59,780 [pool-483-thread-1] INFO  server.RaftServerConfigKeys (ConfUtils.java:logGet(43)) - raft.server.log.segment.cache.num.max = 2 (custom)
2019-08-22 17:48:59,781 [pool-472-thread-1] INFO  server.RaftServerConfigKeys (ConfUtils.java:logGet(43)) - raft.server.log.statemachine.data.sync.timeout.retry = -1 (default)
2019-08-22 17:48:59,781 [pool-494-thread-1] INFO  server.RaftServerConfigKeys (ConfUtils.java:logGet(43)) - raft.server.log.segment.cache.num.max = 2 (custom)
2019-08-22 17:48:59,781 [pool-472-thread-1] INFO  server.RaftServerConfigKeys (ConfUtils.java:logGet(43)) - raft.server.log.statemachine.data.caching.enabled = true (custom)
2019-08-22 17:48:59,781 [pool-483-thread-1] INFO  segmented.SegmentedRaftLogWorker (SegmentedRaftLogWorker.java:<init>(172)) - new 4ddf9bc6-c089-4456-8fae-06bd647ee380-SegmentedRaftLogWorker:Storage Directory /workdir/hadoop-ozone/integration-test/target/test-dir/MiniOzoneClusterImpl-3fcad3f5-9634-4478-a239-7449fe26e55e/datanode-4/data/ratis/28a9f31c-9582-4f86-b1f3-55bfc9734161 for RaftStorage:Storage Directory /workdir/hadoop-ozone/integration-test/target/test-dir/MiniOzoneClusterImpl-3fcad3f5-9634-4478-a239-7449fe26e55e/datanode-4/data/ratis/28a9f31c-9582-4f86-b1f3-55bfc9734161
2019-08-22 17:48:59,782 [pool-472-thread-1] INFO  segmented.SegmentedRaftLogWorker (SegmentedRaftLogWorker.java:lambda$new$0(132)) - e7fa427d-9bf0-4d57-b806-08466f41dcc1-SegmentedRaftLogWorker:Storage Directory /workdir/hadoop-ozone/integration-test/target/test-dir/MiniOzoneClusterImpl-3fcad3f5-9634-4478-a239-7449fe26e55e/datanode-3/data/ratis/28a9f31c-9582-4f86-b1f3-55bfc9734161: flushIndex: setUnconditionally 0 -> -1
2019-08-22 17:48:59,782 [pool-494-thread-1] INFO  segmented.SegmentedRaftLogWorker (SegmentedRaftLogWorker.java:<init>(172)) - new 9c4ad1af-a9aa-4def-ae67-c9235e3b5814-SegmentedRaftLogWorker:Storage Directory /workdir/hadoop-ozone/integration-test/target/test-dir/MiniOzoneClusterImpl-3fcad3f5-9634-4478-a239-7449fe26e55e/datanode-5/data/ratis/28a9f31c-9582-4f86-b1f3-55bfc9734161 for RaftStorage:Storage Directory /workdir/hadoop-ozone/integration-test/target/test-dir/MiniOzoneClusterImpl-3fcad3f5-9634-4478-a239-7449fe26e55e/datanode-5/data/ratis/28a9f31c-9582-4f86-b1f3-55bfc9734161
2019-08-22 17:48:59,782 [pool-472-thread-1] INFO  server.RaftServerConfigKeys (ConfUtils.java:logGet(43)) - raft.server.snapshot.auto.trigger.enabled = true (custom)
2019-08-22 17:48:59,783 [pool-472-thread-1] INFO  server.RaftServerConfigKeys (ConfUtils.java:logGet(43)) - raft.server.snapshot.auto.trigger.threshold = 10000 (custom)
2019-08-22 17:48:59,782 [pool-483-thread-1] INFO  server.RaftServerConfigKeys (ConfUtils.java:logGet(43)) - raft.server.log.queue.byte-limit = 2147483647 (custom)
2019-08-22 17:48:59,783 [pool-472-thread-1] INFO  server.RaftServerConfigKeys (ConfUtils.java:logGet(43)) - raft.server.retrycache.expirytime = 600000ms (custom)
2019-08-22 17:48:59,782 [pool-494-thread-1] INFO  server.RaftServerConfigKeys (ConfUtils.java:logGet(43)) - raft.server.log.queue.byte-limit = 2147483647 (custom)
2019-08-22 17:48:59,783 [pool-472-thread-1] INFO  impl.RaftServerImpl (RaftServerImpl.java:start(180)) - e7fa427d-9bf0-4d57-b806-08466f41dcc1: start group-55BFC9734161
2019-08-22 17:48:59,783 [pool-472-thread-1] INFO  impl.RaftServerImpl (RaftServerImpl.java:setRole(171)) - e7fa427d-9bf0-4d57-b806-08466f41dcc1:group-55BFC9734161 changes role from null to FOLLOWER at term 0 for startAsFollower
2019-08-22 17:48:59,783 [pool-483-thread-1] INFO  server.RaftServerConfigKeys (ConfUtils.java:logGet(43)) - raft.server.log.queue.element-limit = 1024 (custom)
2019-08-22 17:48:59,784 [pool-472-thread-1] INFO  impl.RoleInfo (RoleInfo.java:updateAndGet(143)) - e7fa427d-9bf0-4d57-b806-08466f41dcc1: start FollowerState
2019-08-22 17:48:59,783 [pool-494-thread-1] INFO  server.RaftServerConfigKeys (ConfUtils.java:logGet(43)) - raft.server.log.queue.element-limit = 1024 (custom)
2019-08-22 17:48:59,784 [pool-483-thread-1] INFO  server.RaftServerConfigKeys (ConfUtils.java:logGet(43)) - raft.server.log.segment.size.max = 1048576 (custom)
2019-08-22 17:48:59,784 [pool-472-thread-1] INFO  util.JmxRegister (JmxRegister.java:tryRegister(44)) - Successfully registered JMX Bean with object name Ratis:service=RaftServer,group=group-55BFC9734161,id=e7fa427d-9bf0-4d57-b806-08466f41dcc1
2019-08-22 17:48:59,784 [pool-494-thread-1] INFO  server.RaftServerConfigKeys (ConfUtils.java:logGet(43)) - raft.server.log.segment.size.max = 1048576 (custom)
2019-08-22 17:48:59,785 [pool-494-thread-1] INFO  server.RaftServerConfigKeys (ConfUtils.java:logGet(43)) - raft.server.log.preallocated.size = 16384 (custom)
2019-08-22 17:48:59,784 [pool-483-thread-1] INFO  server.RaftServerConfigKeys (ConfUtils.java:logGet(43)) - raft.server.log.preallocated.size = 16384 (custom)
2019-08-22 17:48:59,785 [pool-494-thread-1] INFO  server.RaftServerConfigKeys (ConfUtils.java:logGet(43)) - raft.server.log.write.buffer.size = 33554432 (custom)
2019-08-22 17:48:59,785 [pool-483-thread-1] INFO  server.RaftServerConfigKeys (ConfUtils.java:logGet(43)) - raft.server.log.write.buffer.size = 33554432 (custom)
2019-08-22 17:48:59,785 [pool-494-thread-1] INFO  server.RaftServerConfigKeys (ConfUtils.java:logGet(43)) - raft.server.log.force.sync.num = 128 (default)
2019-08-22 17:48:59,786 [pool-483-thread-1] INFO  server.RaftServerConfigKeys (ConfUtils.java:logGet(43)) - raft.server.log.force.sync.num = 128 (default)
2019-08-22 17:48:59,786 [pool-494-thread-1] INFO  server.RaftServerConfigKeys (ConfUtils.java:logGet(43)) - raft.server.log.statemachine.data.sync = true (default)
2019-08-22 17:48:59,786 [pool-483-thread-1] INFO  server.RaftServerConfigKeys (ConfUtils.java:logGet(43)) - raft.server.log.statemachine.data.sync = true (default)
2019-08-22 17:48:59,786 [pool-494-thread-1] INFO  server.RaftServerConfigKeys (ConfUtils.java:logGet(43)) - raft.server.log.statemachine.data.sync.timeout = 10s (default)
2019-08-22 17:48:59,786 [pool-483-thread-1] INFO  server.RaftServerConfigKeys (ConfUtils.java:logGet(43)) - raft.server.log.statemachine.data.sync.timeout = 10s (default)
2019-08-22 17:48:59,787 [pool-494-thread-1] INFO  server.RaftServerConfigKeys (ConfUtils.java:logGet(43)) - raft.server.log.statemachine.data.sync.timeout.retry = -1 (default)
2019-08-22 17:48:59,787 [pool-483-thread-1] INFO  server.RaftServerConfigKeys (ConfUtils.java:logGet(43)) - raft.server.log.statemachine.data.sync.timeout.retry = -1 (default)
2019-08-22 17:48:59,787 [pool-494-thread-1] INFO  server.RaftServerConfigKeys (ConfUtils.java:logGet(43)) - raft.server.log.statemachine.data.caching.enabled = true (custom)
2019-08-22 17:48:59,787 [pool-483-thread-1] INFO  server.RaftServerConfigKeys (ConfUtils.java:logGet(43)) - raft.server.log.statemachine.data.caching.enabled = true (custom)
2019-08-22 17:48:59,787 [pool-494-thread-1] INFO  segmented.SegmentedRaftLogWorker (SegmentedRaftLogWorker.java:lambda$new$0(132)) - 9c4ad1af-a9aa-4def-ae67-c9235e3b5814-SegmentedRaftLogWorker:Storage Directory /workdir/hadoop-ozone/integration-test/target/test-dir/MiniOzoneClusterImpl-3fcad3f5-9634-4478-a239-7449fe26e55e/datanode-5/data/ratis/28a9f31c-9582-4f86-b1f3-55bfc9734161: flushIndex: setUnconditionally 0 -> -1
2019-08-22 17:48:59,788 [pool-483-thread-1] INFO  segmented.SegmentedRaftLogWorker (SegmentedRaftLogWorker.java:lambda$new$0(132)) - 4ddf9bc6-c089-4456-8fae-06bd647ee380-SegmentedRaftLogWorker:Storage Directory /workdir/hadoop-ozone/integration-test/target/test-dir/MiniOzoneClusterImpl-3fcad3f5-9634-4478-a239-7449fe26e55e/datanode-4/data/ratis/28a9f31c-9582-4f86-b1f3-55bfc9734161: flushIndex: setUnconditionally 0 -> -1
2019-08-22 17:48:59,788 [pool-494-thread-1] INFO  server.RaftServerConfigKeys (ConfUtils.java:logGet(43)) - raft.server.snapshot.auto.trigger.enabled = true (custom)
2019-08-22 17:48:59,788 [pool-494-thread-1] INFO  server.RaftServerConfigKeys (ConfUtils.java:logGet(43)) - raft.server.snapshot.auto.trigger.threshold = 10000 (custom)
2019-08-22 17:48:59,788 [pool-483-thread-1] INFO  server.RaftServerConfigKeys (ConfUtils.java:logGet(43)) - raft.server.snapshot.auto.trigger.enabled = true (custom)
2019-08-22 17:48:59,788 [pool-494-thread-1] INFO  server.RaftServerConfigKeys (ConfUtils.java:logGet(43)) - raft.server.retrycache.expirytime = 600000ms (custom)
2019-08-22 17:48:59,788 [pool-483-thread-1] INFO  server.RaftServerConfigKeys (ConfUtils.java:logGet(43)) - raft.server.snapshot.auto.trigger.threshold = 10000 (custom)
2019-08-22 17:48:59,788 [pool-494-thread-1] INFO  impl.RaftServerImpl (RaftServerImpl.java:start(180)) - 9c4ad1af-a9aa-4def-ae67-c9235e3b5814: start group-55BFC9734161
2019-08-22 17:48:59,789 [pool-483-thread-1] INFO  server.RaftServerConfigKeys (ConfUtils.java:logGet(43)) - raft.server.retrycache.expirytime = 600000ms (custom)
2019-08-22 17:48:59,789 [pool-494-thread-1] INFO  impl.RaftServerImpl (RaftServerImpl.java:setRole(171)) - 9c4ad1af-a9aa-4def-ae67-c9235e3b5814:group-55BFC9734161 changes role from null to FOLLOWER at term 0 for startAsFollower
2019-08-22 17:48:59,789 [pool-483-thread-1] INFO  impl.RaftServerImpl (RaftServerImpl.java:start(180)) - 4ddf9bc6-c089-4456-8fae-06bd647ee380: start group-55BFC9734161
2019-08-22 17:48:59,789 [pool-494-thread-1] INFO  impl.RoleInfo (RoleInfo.java:updateAndGet(143)) - 9c4ad1af-a9aa-4def-ae67-c9235e3b5814: start FollowerState
2019-08-22 17:48:59,789 [pool-483-thread-1] INFO  impl.RaftServerImpl (RaftServerImpl.java:setRole(171)) - 4ddf9bc6-c089-4456-8fae-06bd647ee380:group-55BFC9734161 changes role from null to FOLLOWER at term 0 for startAsFollower
2019-08-22 17:48:59,789 [pool-483-thread-1] INFO  impl.RoleInfo (RoleInfo.java:updateAndGet(143)) - 4ddf9bc6-c089-4456-8fae-06bd647ee380: start FollowerState
2019-08-22 17:48:59,790 [pool-494-thread-1] INFO  util.JmxRegister (JmxRegister.java:tryRegister(44)) - Successfully registered JMX Bean with object name Ratis:service=RaftServer,group=group-55BFC9734161,id=9c4ad1af-a9aa-4def-ae67-c9235e3b5814
2019-08-22 17:48:59,790 [pool-483-thread-1] INFO  util.JmxRegister (JmxRegister.java:tryRegister(44)) - Successfully registered JMX Bean with object name Ratis:service=RaftServer,group=group-55BFC9734161,id=4ddf9bc6-c089-4456-8fae-06bd647ee380
2019-08-22 17:48:59,793 [RatisPipelineUtilsThread] INFO  pipeline.PipelineStateManager (PipelineStateManager.java:addPipeline(56)) - Created pipeline Pipeline[ Id: 28a9f31c-9582-4f86-b1f3-55bfc9734161, Nodes: e7fa427d-9bf0-4d57-b806-08466f41dcc1{ip: 192.168.5.173, host: pr-hdds-1808-4dtdn-3774871440, networkLocation: /default-rack, certSerialId: null}4ddf9bc6-c089-4456-8fae-06bd647ee380{ip: 192.168.5.173, host: pr-hdds-1808-4dtdn-3774871440, networkLocation: /default-rack, certSerialId: null}9c4ad1af-a9aa-4def-ae67-c9235e3b5814{ip: 192.168.5.173, host: pr-hdds-1808-4dtdn-3774871440, networkLocation: /default-rack, certSerialId: null}, Type:RATIS, Factor:THREE, State:OPEN]
2019-08-22 17:48:59,879 [main] INFO  ozone.MiniOzoneClusterImpl (MiniOzoneClusterImpl.java:lambda$waitForClusterToBeReady$0(142)) - Waiting for cluster to be ready. Got 6 of 7 DN Heartbeats.
2019-08-22 17:48:59,879 [IPC Server handler 4 on 35232] INFO  net.NetworkTopology (NetworkTopologyImpl.java:add(110)) - Added a new node: /default-rack/bab19725-b868-4c18-8e7b-ccd18f49c2c6
2019-08-22 17:48:59,880 [IPC Server handler 4 on 35232] INFO  node.SCMNodeManager (SCMNodeManager.java:register(273)) - Registered Data node : bab19725-b868-4c18-8e7b-ccd18f49c2c6{ip: 192.168.5.173, host: pr-hdds-1808-4dtdn-3774871440, networkLocation: /default-rack, certSerialId: null}
2019-08-22 17:48:59,883 | INFO  | SCMAudit | user=jenkins1000 | ip=192.168.5.173 | op=REGISTER {datanodeDetails=bab19725-b868-4c18-8e7b-ccd18f49c2c6{ip: 192.168.5.173, host: pr-hdds-1808-4dtdn-3774871440, networkLocation: /default-rack, certSerialId: null}} | ret=SUCCESS |  
2019-08-22 17:48:59,900 [grpc-default-executor-1] INFO  impl.RaftServerProxy (RaftServerProxy.java:addNew(89)) - bab19725-b868-4c18-8e7b-ccd18f49c2c6: addNew group-F3F08ACCD95B:[bab19725-b868-4c18-8e7b-ccd18f49c2c6:192.168.5.173:44895] returns group-F3F08ACCD95B:java.util.concurrent.CompletableFuture@48d796ae[Not completed]
2019-08-22 17:48:59,901 [pool-505-thread-1] INFO  impl.RaftServerImpl (RaftServerImpl.java:<init>(93)) - bab19725-b868-4c18-8e7b-ccd18f49c2c6: new RaftServerImpl for group-F3F08ACCD95B:[bab19725-b868-4c18-8e7b-ccd18f49c2c6:192.168.5.173:44895] with ContainerStateMachine:uninitialized
2019-08-22 17:48:59,901 [pool-505-thread-1] INFO  server.RaftServerConfigKeys (ConfUtils.java:logGet(43)) - raft.server.rpc.timeout.min = 5s (custom)
2019-08-22 17:48:59,901 [pool-505-thread-1] INFO  server.RaftServerConfigKeys (ConfUtils.java:logGet(43)) - raft.server.rpc.timeout.max = 5200ms (custom)
2019-08-22 17:48:59,901 [pool-505-thread-1] INFO  server.RaftServerConfigKeys (ConfUtils.java:logGet(43)) - raft.server.rpcslowness.timeout = 120s (custom)
2019-08-22 17:48:59,901 [pool-505-thread-1] INFO  server.RaftServerConfigKeys (ConfUtils.java:logGet(43)) - raft.server.sleep.deviation.threshold = 300 (default)
2019-08-22 17:48:59,901 [pool-505-thread-1] INFO  server.RaftServerConfigKeys (ConfUtils.java:logGet(43)) - raft.server.log.appender.install.snapshot.enabled = false (custom)
2019-08-22 17:48:59,902 [pool-505-thread-1] INFO  impl.RaftServerImpl (ServerState.java:<init>(105)) - bab19725-b868-4c18-8e7b-ccd18f49c2c6:group-F3F08ACCD95B ConfigurationManager, init=-1: [bab19725-b868-4c18-8e7b-ccd18f49c2c6:192.168.5.173:44895], old=null, confs=<EMPTY_MAP>
2019-08-22 17:48:59,902 [pool-505-thread-1] INFO  server.RaftServerConfigKeys (ConfUtils.java:logGet(43)) - raft.server.storage.dir = [/workdir/hadoop-ozone/integration-test/target/test-dir/MiniOzoneClusterImpl-3fcad3f5-9634-4478-a239-7449fe26e55e/datanode-6/data/ratis] (custom)
2019-08-22 17:48:59,902 [pool-505-thread-1] INFO  storage.RaftStorageDirectory (RaftStorageDirectory.java:analyzeStorage(246)) - The storage directory /workdir/hadoop-ozone/integration-test/target/test-dir/MiniOzoneClusterImpl-3fcad3f5-9634-4478-a239-7449fe26e55e/datanode-6/data/ratis/c9d7f09d-da11-47af-8bd1-f3f08accd95b does not exist. Creating ...
2019-08-22 17:48:59,916 [pool-505-thread-1] INFO  storage.RaftStorageDirectory (RaftStorageDirectory.java:tryLock(328)) - Lock on /workdir/hadoop-ozone/integration-test/target/test-dir/MiniOzoneClusterImpl-3fcad3f5-9634-4478-a239-7449fe26e55e/datanode-6/data/ratis/c9d7f09d-da11-47af-8bd1-f3f08accd95b/in_use.lock acquired by nodename 29095@pr-hdds-1808-4dtdn-3774871440
2019-08-22 17:48:59,929 [pool-505-thread-1] INFO  storage.RaftStorage (RaftStorage.java:format(72)) - Storage directory /workdir/hadoop-ozone/integration-test/target/test-dir/MiniOzoneClusterImpl-3fcad3f5-9634-4478-a239-7449fe26e55e/datanode-6/data/ratis/c9d7f09d-da11-47af-8bd1-f3f08accd95b has been successfully formatted.
2019-08-22 17:48:59,929 [pool-505-thread-1] INFO  ratis.ContainerStateMachine (ContainerStateMachine.java:loadSnapshot(226)) - group-F3F08ACCD95B: The snapshot info is null. Setting the last applied indexto:(t:0, i:~)
2019-08-22 17:48:59,930 [pool-505-thread-1] INFO  server.RaftServerConfigKeys (ConfUtils.java:logGet(43)) - raft.server.leader.election.timeout = 120s (custom)
2019-08-22 17:48:59,930 [pool-505-thread-1] INFO  server.RaftServerConfigKeys (ConfUtils.java:logGet(43)) - raft.server.log.use.memory = false (default)
2019-08-22 17:48:59,930 [pool-505-thread-1] INFO  server.RaftServerConfigKeys (ConfUtils.java:logGet(43)) - raft.server.log.purge.gap = 1000000 (custom)
2019-08-22 17:48:59,930 [pool-505-thread-1] INFO  server.RaftServerConfigKeys (ConfUtils.java:logGet(43)) - raft.server.log.appender.buffer.byte-limit = 33554432 (custom)
2019-08-22 17:48:59,930 [pool-505-thread-1] INFO  server.RaftServerConfigKeys (ConfUtils.java:logGet(43)) - raft.server.log.segment.size.max = 1048576 (custom)
2019-08-22 17:48:59,931 [pool-505-thread-1] INFO  server.RaftServerConfigKeys (ConfUtils.java:logGet(43)) - raft.server.log.segment.cache.num.max = 2 (custom)
2019-08-22 17:48:59,931 [pool-505-thread-1] INFO  segmented.SegmentedRaftLogWorker (SegmentedRaftLogWorker.java:<init>(172)) - new bab19725-b868-4c18-8e7b-ccd18f49c2c6-SegmentedRaftLogWorker:Storage Directory /workdir/hadoop-ozone/integration-test/target/test-dir/MiniOzoneClusterImpl-3fcad3f5-9634-4478-a239-7449fe26e55e/datanode-6/data/ratis/c9d7f09d-da11-47af-8bd1-f3f08accd95b for RaftStorage:Storage Directory /workdir/hadoop-ozone/integration-test/target/test-dir/MiniOzoneClusterImpl-3fcad3f5-9634-4478-a239-7449fe26e55e/datanode-6/data/ratis/c9d7f09d-da11-47af-8bd1-f3f08accd95b
2019-08-22 17:48:59,931 [pool-505-thread-1] INFO  server.RaftServerConfigKeys (ConfUtils.java:logGet(43)) - raft.server.log.queue.byte-limit = 2147483647 (custom)
2019-08-22 17:48:59,931 [pool-505-thread-1] INFO  server.RaftServerConfigKeys (ConfUtils.java:logGet(43)) - raft.server.log.queue.element-limit = 1024 (custom)
2019-08-22 17:48:59,931 [pool-505-thread-1] INFO  server.RaftServerConfigKeys (ConfUtils.java:logGet(43)) - raft.server.log.segment.size.max = 1048576 (custom)
2019-08-22 17:48:59,932 [pool-505-thread-1] INFO  server.RaftServerConfigKeys (ConfUtils.java:logGet(43)) - raft.server.log.preallocated.size = 16384 (custom)
2019-08-22 17:48:59,932 [pool-505-thread-1] INFO  server.RaftServerConfigKeys (ConfUtils.java:logGet(43)) - raft.server.log.write.buffer.size = 33554432 (custom)
2019-08-22 17:48:59,932 [pool-505-thread-1] INFO  server.RaftServerConfigKeys (ConfUtils.java:logGet(43)) - raft.server.log.force.sync.num = 128 (default)
2019-08-22 17:48:59,932 [pool-505-thread-1] INFO  server.RaftServerConfigKeys (ConfUtils.java:logGet(43)) - raft.server.log.statemachine.data.sync = true (default)
2019-08-22 17:48:59,932 [pool-505-thread-1] INFO  server.RaftServerConfigKeys (ConfUtils.java:logGet(43)) - raft.server.log.statemachine.data.sync.timeout = 10s (default)
2019-08-22 17:48:59,932 [pool-505-thread-1] INFO  server.RaftServerConfigKeys (ConfUtils.java:logGet(43)) - raft.server.log.statemachine.data.sync.timeout.retry = -1 (default)
2019-08-22 17:48:59,933 [pool-505-thread-1] INFO  server.RaftServerConfigKeys (ConfUtils.java:logGet(43)) - raft.server.log.statemachine.data.caching.enabled = true (custom)
2019-08-22 17:48:59,933 [pool-505-thread-1] INFO  segmented.SegmentedRaftLogWorker (SegmentedRaftLogWorker.java:lambda$new$0(132)) - bab19725-b868-4c18-8e7b-ccd18f49c2c6-SegmentedRaftLogWorker:Storage Directory /workdir/hadoop-ozone/integration-test/target/test-dir/MiniOzoneClusterImpl-3fcad3f5-9634-4478-a239-7449fe26e55e/datanode-6/data/ratis/c9d7f09d-da11-47af-8bd1-f3f08accd95b: flushIndex: setUnconditionally 0 -> -1
2019-08-22 17:48:59,933 [pool-505-thread-1] INFO  server.RaftServerConfigKeys (ConfUtils.java:logGet(43)) - raft.server.snapshot.auto.trigger.enabled = true (custom)
2019-08-22 17:48:59,933 [pool-505-thread-1] INFO  server.RaftServerConfigKeys (ConfUtils.java:logGet(43)) - raft.server.snapshot.auto.trigger.threshold = 10000 (custom)
2019-08-22 17:48:59,934 [pool-505-thread-1] INFO  server.RaftServerConfigKeys (ConfUtils.java:logGet(43)) - raft.server.retrycache.expirytime = 600000ms (custom)
2019-08-22 17:48:59,934 [pool-505-thread-1] INFO  impl.RaftServerImpl (RaftServerImpl.java:start(180)) - bab19725-b868-4c18-8e7b-ccd18f49c2c6: start group-F3F08ACCD95B
2019-08-22 17:48:59,934 [pool-505-thread-1] INFO  impl.RaftServerImpl (RaftServerImpl.java:setRole(171)) - bab19725-b868-4c18-8e7b-ccd18f49c2c6:group-F3F08ACCD95B changes role from null to FOLLOWER at term 0 for startAsFollower
2019-08-22 17:48:59,934 [pool-505-thread-1] INFO  impl.RoleInfo (RoleInfo.java:updateAndGet(143)) - bab19725-b868-4c18-8e7b-ccd18f49c2c6: start FollowerState
2019-08-22 17:48:59,935 [pool-505-thread-1] INFO  util.JmxRegister (JmxRegister.java:tryRegister(44)) - Successfully registered JMX Bean with object name Ratis:service=RaftServer,group=group-F3F08ACCD95B,id=bab19725-b868-4c18-8e7b-ccd18f49c2c6
2019-08-22 17:48:59,937 [RatisPipelineUtilsThread] INFO  pipeline.PipelineStateManager (PipelineStateManager.java:addPipeline(56)) - Created pipeline Pipeline[ Id: c9d7f09d-da11-47af-8bd1-f3f08accd95b, Nodes: bab19725-b868-4c18-8e7b-ccd18f49c2c6{ip: 192.168.5.173, host: pr-hdds-1808-4dtdn-3774871440, networkLocation: /default-rack, certSerialId: null}, Type:RATIS, Factor:ONE, State:OPEN]
2019-08-22 17:49:00,420 | INFO  | SCMAudit | user=jenkins1000 | ip=192.168.5.173 | op=SEND_HEARTBEAT {datanodeUUID=9e961f7d-2f80-48a7-b3ac-81f0a28e2c39, command=[]} | ret=SUCCESS |  
2019-08-22 17:49:00,606 | INFO  | SCMAudit | user=jenkins1000 | ip=192.168.5.173 | op=SEND_HEARTBEAT {datanodeUUID=41476450-f699-485d-b75b-cc9c7bcae223, command=[]} | ret=SUCCESS |  
2019-08-22 17:49:00,832 | INFO  | SCMAudit | user=jenkins1000 | ip=192.168.5.173 | op=SEND_HEARTBEAT {datanodeUUID=e511989b-68ab-45c1-a797-44c33b51afe6, command=[]} | ret=SUCCESS |  
2019-08-22 17:49:00,879 [main] INFO  ozone.MiniOzoneClusterImpl (MiniOzoneClusterImpl.java:lambda$waitForClusterToBeReady$0(142)) - Cluster is ready. Got 7 of 7 DN Heartbeats.
2019-08-22 17:49:00,918 [main] INFO  rpc.RpcClient (RpcClient.java:createVolume(293)) - Creating Volume: testblockoutputstream, with jenkins1000 as owner.
2019-08-22 17:49:00,920 | INFO  | OMAudit | user=jenkins1000 | ip=127.0.0.1 | op=CREATE_VOLUME {admin=jenkins1000, owner=jenkins1000, volume=testblockoutputstream, creationTime=1566496140920, quotaInBytes=1152921504606846976} | ret=SUCCESS |  
2019-08-22 17:49:00,928 | INFO  | OMAudit | user=jenkins1000 | ip=127.0.0.1 | op=READ_VOLUME {volume=testblockoutputstream} | ret=SUCCESS |  
2019-08-22 17:49:00,929 [main] INFO  rpc.RpcClient (RpcClient.java:createBucket(432)) - Creating Bucket: testblockoutputstream/testblockoutputstream, with Versioning false and Storage Type set to DISK and Encryption set to false 
2019-08-22 17:49:00,932 | INFO  | OMAudit | user=jenkins1000 | ip=127.0.0.1 | op=CREATE_BUCKET {volume=testblockoutputstream, bucket=testblockoutputstream, acls=[user:jenkins1000:a[ACCESS], group:default:a[ACCESS]], isVersionEnabled=false, storageType=DISK, creationTime=0} | ret=SUCCESS |  
2019-08-22 17:49:00,933 | INFO  | OMAudit | user=jenkins1000 | ip=127.0.0.1 | op=READ_VOLUME {volume=testblockoutputstream} | ret=SUCCESS |  
2019-08-22 17:49:00,935 | INFO  | OMAudit | user=jenkins1000 | ip=127.0.0.1 | op=READ_BUCKET {volume=testblockoutputstream, bucket=testblockoutputstream} | ret=SUCCESS |  
2019-08-22 17:49:00,939 | INFO  | SCMAudit | user=jenkins1000 | ip=192.168.5.173 | op=ALLOCATE_BLOCK {owner=9000b205-6ee6-4de0-b5b6-e751d78c8397, size=800, type=RATIS, factor=THREE} | ret=SUCCESS |  
2019-08-22 17:49:00,942 | INFO  | OMAudit | user=jenkins1000 | ip=127.0.0.1 | op=ALLOCATE_KEY {volume=testblockoutputstream, bucket=testblockoutputstream, key=625ea52c-286d-47d8-811e-82818eee15ca, dataSize=0, replicationType=RATIS, replicationFactor=THREE, keyLocationInfo=null} | ret=SUCCESS |  
2019-08-22 17:49:00,960 [grpc-default-executor-1] INFO  client.GrpcClientProtocolClient (GrpcClientProtocolClient.java:onNext(255)) - client-956DB91747F7->e7fa427d-9bf0-4d57-b806-08466f41dcc1: receive RaftClientReply:client-956DB91747F7->e7fa427d-9bf0-4d57-b806-08466f41dcc1@group-55BFC9734161, cid=156, FAILED org.apache.ratis.protocol.NotLeaderException: Server e7fa427d-9bf0-4d57-b806-08466f41dcc1 is not the leader (null). Request must be sent to leader., logIndex=0, commits[e7fa427d-9bf0-4d57-b806-08466f41dcc1:c-1]
2019-08-22 17:49:01,304 | INFO  | SCMAudit | user=jenkins1000 | ip=192.168.5.173 | op=SEND_HEARTBEAT {datanodeUUID=e7fa427d-9bf0-4d57-b806-08466f41dcc1, command=[]} | ret=SUCCESS |  
2019-08-22 17:49:01,420 | INFO  | SCMAudit | user=jenkins1000 | ip=192.168.5.173 | op=SEND_HEARTBEAT {datanodeUUID=9e961f7d-2f80-48a7-b3ac-81f0a28e2c39, command=[]} | ret=SUCCESS |  
2019-08-22 17:49:01,433 [Thread-3284] INFO  container.ReplicationManager (ReplicationManager.java:start(152)) - Starting Replication Monitor Thread.
2019-08-22 17:49:01,437 [ReplicationMonitor] INFO  container.ReplicationManager (ReplicationManager.java:run(215)) - Replication Monitor Thread took 0 milliseconds for processing 1 containers.
2019-08-22 17:49:01,493 | INFO  | SCMAudit | user=jenkins1000 | ip=192.168.5.173 | op=SEND_HEARTBEAT {datanodeUUID=4ddf9bc6-c089-4456-8fae-06bd647ee380, command=[]} | ret=SUCCESS |  
2019-08-22 17:49:01,606 | INFO  | SCMAudit | user=jenkins1000 | ip=192.168.5.173 | op=SEND_HEARTBEAT {datanodeUUID=41476450-f699-485d-b75b-cc9c7bcae223, command=[]} | ret=SUCCESS |  
2019-08-22 17:49:01,672 | INFO  | SCMAudit | user=jenkins1000 | ip=192.168.5.173 | op=SEND_HEARTBEAT {datanodeUUID=9c4ad1af-a9aa-4def-ae67-c9235e3b5814, command=[]} | ret=SUCCESS |  
2019-08-22 17:49:01,832 | INFO  | SCMAudit | user=jenkins1000 | ip=192.168.5.173 | op=SEND_HEARTBEAT {datanodeUUID=e511989b-68ab-45c1-a797-44c33b51afe6, command=[]} | ret=SUCCESS |  
2019-08-22 17:49:01,879 | INFO  | SCMAudit | user=jenkins1000 | ip=192.168.5.173 | op=SEND_HEARTBEAT {datanodeUUID=bab19725-b868-4c18-8e7b-ccd18f49c2c6, command=[]} | ret=SUCCESS |  
2019-08-22 17:49:01,972 [grpc-default-executor-1] INFO  client.GrpcClientProtocolClient (GrpcClientProtocolClient.java:onNext(255)) - client-956DB91747F7->4ddf9bc6-c089-4456-8fae-06bd647ee380: receive RaftClientReply:client-956DB91747F7->4ddf9bc6-c089-4456-8fae-06bd647ee380@group-55BFC9734161, cid=156, FAILED org.apache.ratis.protocol.NotLeaderException: Server 4ddf9bc6-c089-4456-8fae-06bd647ee380 is not the leader (null). Request must be sent to leader., logIndex=0, commits[4ddf9bc6-c089-4456-8fae-06bd647ee380:c-1]
2019-08-22 17:49:02,304 | INFO  | SCMAudit | user=jenkins1000 | ip=192.168.5.173 | op=SEND_HEARTBEAT {datanodeUUID=e7fa427d-9bf0-4d57-b806-08466f41dcc1, command=[]} | ret=SUCCESS |  
2019-08-22 17:49:02,421 | INFO  | SCMAudit | user=jenkins1000 | ip=192.168.5.173 | op=SEND_HEARTBEAT {datanodeUUID=9e961f7d-2f80-48a7-b3ac-81f0a28e2c39, command=[]} | ret=SUCCESS |  
2019-08-22 17:49:02,493 | INFO  | SCMAudit | user=jenkins1000 | ip=192.168.5.173 | op=SEND_HEARTBEAT {datanodeUUID=4ddf9bc6-c089-4456-8fae-06bd647ee380, command=[]} | ret=SUCCESS |  
2019-08-22 17:49:02,607 | INFO  | SCMAudit | user=jenkins1000 | ip=192.168.5.173 | op=SEND_HEARTBEAT {datanodeUUID=41476450-f699-485d-b75b-cc9c7bcae223, command=[]} | ret=SUCCESS |  
2019-08-22 17:49:02,672 | INFO  | SCMAudit | user=jenkins1000 | ip=192.168.5.173 | op=SEND_HEARTBEAT {datanodeUUID=9c4ad1af-a9aa-4def-ae67-c9235e3b5814, command=[]} | ret=SUCCESS |  
2019-08-22 17:49:02,833 | INFO  | SCMAudit | user=jenkins1000 | ip=192.168.5.173 | op=SEND_HEARTBEAT {datanodeUUID=e511989b-68ab-45c1-a797-44c33b51afe6, command=[]} | ret=SUCCESS |  
2019-08-22 17:49:02,879 | INFO  | SCMAudit | user=jenkins1000 | ip=192.168.5.173 | op=SEND_HEARTBEAT {datanodeUUID=bab19725-b868-4c18-8e7b-ccd18f49c2c6, command=[]} | ret=SUCCESS |  
2019-08-22 17:49:02,985 [grpc-default-executor-1] INFO  client.GrpcClientProtocolClient (GrpcClientProtocolClient.java:onNext(255)) - client-956DB91747F7->e7fa427d-9bf0-4d57-b806-08466f41dcc1: receive RaftClientReply:client-956DB91747F7->e7fa427d-9bf0-4d57-b806-08466f41dcc1@group-55BFC9734161, cid=156, FAILED org.apache.ratis.protocol.NotLeaderException: Server e7fa427d-9bf0-4d57-b806-08466f41dcc1 is not the leader (null). Request must be sent to leader., logIndex=0, commits[e7fa427d-9bf0-4d57-b806-08466f41dcc1:c-1]
2019-08-22 17:49:03,305 | INFO  | SCMAudit | user=jenkins1000 | ip=192.168.5.173 | op=SEND_HEARTBEAT {datanodeUUID=e7fa427d-9bf0-4d57-b806-08466f41dcc1, command=[]} | ret=SUCCESS |  
2019-08-22 17:49:03,421 | INFO  | SCMAudit | user=jenkins1000 | ip=192.168.5.173 | op=SEND_HEARTBEAT {datanodeUUID=9e961f7d-2f80-48a7-b3ac-81f0a28e2c39, command=[]} | ret=SUCCESS |  
2019-08-22 17:49:03,493 | INFO  | SCMAudit | user=jenkins1000 | ip=192.168.5.173 | op=SEND_HEARTBEAT {datanodeUUID=4ddf9bc6-c089-4456-8fae-06bd647ee380, command=[]} | ret=SUCCESS |  
2019-08-22 17:49:03,586 [Thread-3286] INFO  impl.FollowerState (FollowerState.java:run(106)) - 9e961f7d-2f80-48a7-b3ac-81f0a28e2c39:group-774492D0E741 changes to CANDIDATE, lastRpcTime:5095, electionTimeout:5095ms
2019-08-22 17:49:03,586 [Thread-3286] INFO  impl.RoleInfo (RoleInfo.java:shutdownFollowerState(121)) - 9e961f7d-2f80-48a7-b3ac-81f0a28e2c39: shutdown FollowerState
2019-08-22 17:49:03,586 [Thread-3286] INFO  impl.RaftServerImpl (RaftServerImpl.java:setRole(171)) - 9e961f7d-2f80-48a7-b3ac-81f0a28e2c39:group-774492D0E741 changes role from FOLLOWER to CANDIDATE at term 0 for changeToCandidate
2019-08-22 17:49:03,586 [Thread-3286] INFO  impl.RoleInfo (RoleInfo.java:updateAndGet(143)) - 9e961f7d-2f80-48a7-b3ac-81f0a28e2c39: start LeaderElection
2019-08-22 17:49:03,606 [9e961f7d-2f80-48a7-b3ac-81f0a28e2c39:group-774492D0E741:LeaderElection65] INFO  impl.LeaderElection (LeaderElection.java:askForVotes(181)) - 9e961f7d-2f80-48a7-b3ac-81f0a28e2c39:group-774492D0E741:LeaderElection65: begin an election at term 1 for -1: [9e961f7d-2f80-48a7-b3ac-81f0a28e2c39:192.168.5.173:34389], old=null
2019-08-22 17:49:03,607 [9e961f7d-2f80-48a7-b3ac-81f0a28e2c39:group-774492D0E741:LeaderElection65] INFO  impl.RoleInfo (RoleInfo.java:shutdownLeaderElection(134)) - 9e961f7d-2f80-48a7-b3ac-81f0a28e2c39: shutdown LeaderElection
2019-08-22 17:49:03,607 [9e961f7d-2f80-48a7-b3ac-81f0a28e2c39:group-774492D0E741:LeaderElection65] INFO  impl.RaftServerImpl (RaftServerImpl.java:setRole(171)) - 9e961f7d-2f80-48a7-b3ac-81f0a28e2c39:group-774492D0E741 changes role from CANDIDATE to LEADER at term 1 for changeToLeader
2019-08-22 17:49:03,607 [9e961f7d-2f80-48a7-b3ac-81f0a28e2c39:group-774492D0E741:LeaderElection65] INFO  impl.RaftServerImpl (ServerState.java:setLeader(263)) - 9e961f7d-2f80-48a7-b3ac-81f0a28e2c39:group-774492D0E741 change Leader from null to 9e961f7d-2f80-48a7-b3ac-81f0a28e2c39 at term 1 for becomeLeader, leader elected after 5122ms
2019-08-22 17:49:03,607 | INFO  | SCMAudit | user=jenkins1000 | ip=192.168.5.173 | op=SEND_HEARTBEAT {datanodeUUID=41476450-f699-485d-b75b-cc9c7bcae223, command=[]} | ret=SUCCESS |  
2019-08-22 17:49:03,607 [9e961f7d-2f80-48a7-b3ac-81f0a28e2c39:group-774492D0E741:LeaderElection65] INFO  server.RaftServerConfigKeys (ConfUtils.java:logGet(43)) - raft.server.staging.catchup.gap = 1000 (default)
2019-08-22 17:49:03,607 [9e961f7d-2f80-48a7-b3ac-81f0a28e2c39:group-774492D0E741:LeaderElection65] INFO  server.RaftServerConfigKeys (ConfUtils.java:logGet(43)) - raft.server.rpc.sleep.time = 25ms (default)
2019-08-22 17:49:03,607 [9e961f7d-2f80-48a7-b3ac-81f0a28e2c39:group-774492D0E741:LeaderElection65] INFO  server.RaftServerConfigKeys (ConfUtils.java:logGet(43)) - raft.server.write.element-limit = 4096 (default)
2019-08-22 17:49:03,607 [9e961f7d-2f80-48a7-b3ac-81f0a28e2c39:group-774492D0E741:LeaderElection65] INFO  server.RaftServerConfigKeys (ConfUtils.java:logGet(43)) - raft.server.watch.timeout = 10s (default)
2019-08-22 17:49:03,608 [9e961f7d-2f80-48a7-b3ac-81f0a28e2c39:group-774492D0E741:LeaderElection65] INFO  server.RaftServerConfigKeys (ConfUtils.java:logGet(43)) - raft.server.watch.timeout.denomination = 1s (default)
2019-08-22 17:49:03,608 [9e961f7d-2f80-48a7-b3ac-81f0a28e2c39:group-774492D0E741:LeaderElection65] INFO  server.RaftServerConfigKeys (ConfUtils.java:logGet(43)) - raft.server.watch.element-limit = 65536 (default)
2019-08-22 17:49:03,608 [9e961f7d-2f80-48a7-b3ac-81f0a28e2c39:group-774492D0E741:LeaderElection65] INFO  impl.RoleInfo (RoleInfo.java:updateAndGet(143)) - 9e961f7d-2f80-48a7-b3ac-81f0a28e2c39: start LeaderState
2019-08-22 17:49:03,608 [9e961f7d-2f80-48a7-b3ac-81f0a28e2c39:group-774492D0E741:LeaderElection65] INFO  segmented.SegmentedRaftLogWorker (SegmentedRaftLogWorker.java:startLogSegment(380)) - 9e961f7d-2f80-48a7-b3ac-81f0a28e2c39-SegmentedRaftLogWorker:Storage Directory /workdir/hadoop-ozone/integration-test/target/test-dir/MiniOzoneClusterImpl-3fcad3f5-9634-4478-a239-7449fe26e55e/datanode-0/data/ratis/624b7adb-2b4b-42ff-ade1-774492d0e741: Starting segment from index:0
2019-08-22 17:49:03,609 [9e961f7d-2f80-48a7-b3ac-81f0a28e2c39:group-774492D0E741:LeaderElection65] INFO  impl.RaftServerImpl (ServerState.java:setRaftConf(361)) - 9e961f7d-2f80-48a7-b3ac-81f0a28e2c39:group-774492D0E741 set configuration 0: [9e961f7d-2f80-48a7-b3ac-81f0a28e2c39:192.168.5.173:34389], old=null at 0
2019-08-22 17:49:03,651 [9e961f7d-2f80-48a7-b3ac-81f0a28e2c39-SegmentedRaftLogWorker:Storage Directory /workdir/hadoop-ozone/integration-test/target/test-dir/MiniOzoneClusterImpl-3fcad3f5-9634-4478-a239-7449fe26e55e/datanode-0/data/ratis/624b7adb-2b4b-42ff-ade1-774492d0e741] INFO  segmented.SegmentedRaftLogWorker (SegmentedRaftLogWorker.java:execute(569)) - 9e961f7d-2f80-48a7-b3ac-81f0a28e2c39-SegmentedRaftLogWorker:Storage Directory /workdir/hadoop-ozone/integration-test/target/test-dir/MiniOzoneClusterImpl-3fcad3f5-9634-4478-a239-7449fe26e55e/datanode-0/data/ratis/624b7adb-2b4b-42ff-ade1-774492d0e741: created new log segment /workdir/hadoop-ozone/integration-test/target/test-dir/MiniOzoneClusterImpl-3fcad3f5-9634-4478-a239-7449fe26e55e/datanode-0/data/ratis/624b7adb-2b4b-42ff-ade1-774492d0e741/current/log_inprogress_0
2019-08-22 17:49:03,672 | INFO  | SCMAudit | user=jenkins1000 | ip=192.168.5.173 | op=SEND_HEARTBEAT {datanodeUUID=9c4ad1af-a9aa-4def-ae67-c9235e3b5814, command=[]} | ret=SUCCESS |  
2019-08-22 17:49:03,792 [Thread-3289] INFO  impl.FollowerState (FollowerState.java:run(106)) - 41476450-f699-485d-b75b-cc9c7bcae223:group-77493826BCD4 changes to CANDIDATE, lastRpcTime:5143, electionTimeout:5143ms
2019-08-22 17:49:03,792 [Thread-3289] INFO  impl.RoleInfo (RoleInfo.java:shutdownFollowerState(121)) - 41476450-f699-485d-b75b-cc9c7bcae223: shutdown FollowerState
2019-08-22 17:49:03,792 [Thread-3289] INFO  impl.RaftServerImpl (RaftServerImpl.java:setRole(171)) - 41476450-f699-485d-b75b-cc9c7bcae223:group-77493826BCD4 changes role from FOLLOWER to CANDIDATE at term 0 for changeToCandidate
2019-08-22 17:49:03,792 [Thread-3289] INFO  impl.RoleInfo (RoleInfo.java:updateAndGet(143)) - 41476450-f699-485d-b75b-cc9c7bcae223: start LeaderElection
2019-08-22 17:49:03,812 [41476450-f699-485d-b75b-cc9c7bcae223:group-77493826BCD4:LeaderElection66] INFO  impl.LeaderElection (LeaderElection.java:askForVotes(181)) - 41476450-f699-485d-b75b-cc9c7bcae223:group-77493826BCD4:LeaderElection66: begin an election at term 1 for -1: [41476450-f699-485d-b75b-cc9c7bcae223:192.168.5.173:39265], old=null
2019-08-22 17:49:03,812 [41476450-f699-485d-b75b-cc9c7bcae223:group-77493826BCD4:LeaderElection66] INFO  impl.RoleInfo (RoleInfo.java:shutdownLeaderElection(134)) - 41476450-f699-485d-b75b-cc9c7bcae223: shutdown LeaderElection
2019-08-22 17:49:03,812 [41476450-f699-485d-b75b-cc9c7bcae223:group-77493826BCD4:LeaderElection66] INFO  impl.RaftServerImpl (RaftServerImpl.java:setRole(171)) - 41476450-f699-485d-b75b-cc9c7bcae223:group-77493826BCD4 changes role from CANDIDATE to LEADER at term 1 for changeToLeader
2019-08-22 17:49:03,812 [41476450-f699-485d-b75b-cc9c7bcae223:group-77493826BCD4:LeaderElection66] INFO  impl.RaftServerImpl (ServerState.java:setLeader(263)) - 41476450-f699-485d-b75b-cc9c7bcae223:group-77493826BCD4 change Leader from null to 41476450-f699-485d-b75b-cc9c7bcae223 at term 1 for becomeLeader, leader elected after 5168ms
2019-08-22 17:49:03,813 [41476450-f699-485d-b75b-cc9c7bcae223:group-77493826BCD4:LeaderElection66] INFO  server.RaftServerConfigKeys (ConfUtils.java:logGet(43)) - raft.server.staging.catchup.gap = 1000 (default)
2019-08-22 17:49:03,813 [41476450-f699-485d-b75b-cc9c7bcae223:group-77493826BCD4:LeaderElection66] INFO  server.RaftServerConfigKeys (ConfUtils.java:logGet(43)) - raft.server.rpc.sleep.time = 25ms (default)
2019-08-22 17:49:03,813 [41476450-f699-485d-b75b-cc9c7bcae223:group-77493826BCD4:LeaderElection66] INFO  server.RaftServerConfigKeys (ConfUtils.java:logGet(43)) - raft.server.write.element-limit = 4096 (default)
2019-08-22 17:49:03,813 [41476450-f699-485d-b75b-cc9c7bcae223:group-77493826BCD4:LeaderElection66] INFO  server.RaftServerConfigKeys (ConfUtils.java:logGet(43)) - raft.server.watch.timeout = 10s (default)
2019-08-22 17:49:03,813 [41476450-f699-485d-b75b-cc9c7bcae223:group-77493826BCD4:LeaderElection66] INFO  server.RaftServerConfigKeys (ConfUtils.java:logGet(43)) - raft.server.watch.timeout.denomination = 1s (default)
2019-08-22 17:49:03,813 [41476450-f699-485d-b75b-cc9c7bcae223:group-77493826BCD4:LeaderElection66] INFO  server.RaftServerConfigKeys (ConfUtils.java:logGet(43)) - raft.server.watch.element-limit = 65536 (default)
2019-08-22 17:49:03,813 [41476450-f699-485d-b75b-cc9c7bcae223:group-77493826BCD4:LeaderElection66] INFO  impl.RoleInfo (RoleInfo.java:updateAndGet(143)) - 41476450-f699-485d-b75b-cc9c7bcae223: start LeaderState
2019-08-22 17:49:03,814 [41476450-f699-485d-b75b-cc9c7bcae223:group-77493826BCD4:LeaderElection66] INFO  segmented.SegmentedRaftLogWorker (SegmentedRaftLogWorker.java:startLogSegment(380)) - 41476450-f699-485d-b75b-cc9c7bcae223-SegmentedRaftLogWorker:Storage Directory /workdir/hadoop-ozone/integration-test/target/test-dir/MiniOzoneClusterImpl-3fcad3f5-9634-4478-a239-7449fe26e55e/datanode-1/data/ratis/e12e0222-f947-4ad4-968f-77493826bcd4: Starting segment from index:0
2019-08-22 17:49:03,814 [41476450-f699-485d-b75b-cc9c7bcae223:group-77493826BCD4:LeaderElection66] INFO  impl.RaftServerImpl (ServerState.java:setRaftConf(361)) - 41476450-f699-485d-b75b-cc9c7bcae223:group-77493826BCD4 set configuration 0: [41476450-f699-485d-b75b-cc9c7bcae223:192.168.5.173:39265], old=null at 0
2019-08-22 17:49:03,832 | INFO  | SCMAudit | user=jenkins1000 | ip=192.168.5.173 | op=SEND_HEARTBEAT {datanodeUUID=e511989b-68ab-45c1-a797-44c33b51afe6, command=[]} | ret=SUCCESS |  
2019-08-22 17:49:03,859 [41476450-f699-485d-b75b-cc9c7bcae223-SegmentedRaftLogWorker:Storage Directory /workdir/hadoop-ozone/integration-test/target/test-dir/MiniOzoneClusterImpl-3fcad3f5-9634-4478-a239-7449fe26e55e/datanode-1/data/ratis/e12e0222-f947-4ad4-968f-77493826bcd4] INFO  segmented.SegmentedRaftLogWorker (SegmentedRaftLogWorker.java:execute(569)) - 41476450-f699-485d-b75b-cc9c7bcae223-SegmentedRaftLogWorker:Storage Directory /workdir/hadoop-ozone/integration-test/target/test-dir/MiniOzoneClusterImpl-3fcad3f5-9634-4478-a239-7449fe26e55e/datanode-1/data/ratis/e12e0222-f947-4ad4-968f-77493826bcd4: created new log segment /workdir/hadoop-ozone/integration-test/target/test-dir/MiniOzoneClusterImpl-3fcad3f5-9634-4478-a239-7449fe26e55e/datanode-1/data/ratis/e12e0222-f947-4ad4-968f-77493826bcd4/current/log_inprogress_0
2019-08-22 17:49:03,879 | INFO  | SCMAudit | user=jenkins1000 | ip=192.168.5.173 | op=SEND_HEARTBEAT {datanodeUUID=bab19725-b868-4c18-8e7b-ccd18f49c2c6, command=[]} | ret=SUCCESS |  
2019-08-22 17:49:03,964 [Thread-3292] INFO  impl.FollowerState (FollowerState.java:run(106)) - e511989b-68ab-45c1-a797-44c33b51afe6:group-09D403F8362C changes to CANDIDATE, lastRpcTime:5075, electionTimeout:5075ms
2019-08-22 17:49:03,964 [Thread-3292] INFO  impl.RoleInfo (RoleInfo.java:shutdownFollowerState(121)) - e511989b-68ab-45c1-a797-44c33b51afe6: shutdown FollowerState
2019-08-22 17:49:03,964 [Thread-3292] INFO  impl.RaftServerImpl (RaftServerImpl.java:setRole(171)) - e511989b-68ab-45c1-a797-44c33b51afe6:group-09D403F8362C changes role from FOLLOWER to CANDIDATE at term 0 for changeToCandidate
2019-08-22 17:49:03,965 [Thread-3292] INFO  impl.RoleInfo (RoleInfo.java:updateAndGet(143)) - e511989b-68ab-45c1-a797-44c33b51afe6: start LeaderElection
2019-08-22 17:49:03,984 [e511989b-68ab-45c1-a797-44c33b51afe6:group-09D403F8362C:LeaderElection67] INFO  impl.LeaderElection (LeaderElection.java:askForVotes(181)) - e511989b-68ab-45c1-a797-44c33b51afe6:group-09D403F8362C:LeaderElection67: begin an election at term 1 for -1: [e511989b-68ab-45c1-a797-44c33b51afe6:192.168.5.173:45396], old=null
2019-08-22 17:49:03,984 [e511989b-68ab-45c1-a797-44c33b51afe6:group-09D403F8362C:LeaderElection67] INFO  impl.RoleInfo (RoleInfo.java:shutdownLeaderElection(134)) - e511989b-68ab-45c1-a797-44c33b51afe6: shutdown LeaderElection
2019-08-22 17:49:03,984 [e511989b-68ab-45c1-a797-44c33b51afe6:group-09D403F8362C:LeaderElection67] INFO  impl.RaftServerImpl (RaftServerImpl.java:setRole(171)) - e511989b-68ab-45c1-a797-44c33b51afe6:group-09D403F8362C changes role from CANDIDATE to LEADER at term 1 for changeToLeader
2019-08-22 17:49:03,984 [e511989b-68ab-45c1-a797-44c33b51afe6:group-09D403F8362C:LeaderElection67] INFO  impl.RaftServerImpl (ServerState.java:setLeader(263)) - e511989b-68ab-45c1-a797-44c33b51afe6:group-09D403F8362C change Leader from null to e511989b-68ab-45c1-a797-44c33b51afe6 at term 1 for becomeLeader, leader elected after 5100ms
2019-08-22 17:49:03,985 [e511989b-68ab-45c1-a797-44c33b51afe6:group-09D403F8362C:LeaderElection67] INFO  server.RaftServerConfigKeys (ConfUtils.java:logGet(43)) - raft.server.staging.catchup.gap = 1000 (default)
2019-08-22 17:49:03,985 [e511989b-68ab-45c1-a797-44c33b51afe6:group-09D403F8362C:LeaderElection67] INFO  server.RaftServerConfigKeys (ConfUtils.java:logGet(43)) - raft.server.rpc.sleep.time = 25ms (default)
2019-08-22 17:49:03,985 [e511989b-68ab-45c1-a797-44c33b51afe6:group-09D403F8362C:LeaderElection67] INFO  server.RaftServerConfigKeys (ConfUtils.java:logGet(43)) - raft.server.write.element-limit = 4096 (default)
2019-08-22 17:49:03,985 [e511989b-68ab-45c1-a797-44c33b51afe6:group-09D403F8362C:LeaderElection67] INFO  server.RaftServerConfigKeys (ConfUtils.java:logGet(43)) - raft.server.watch.timeout = 10s (default)
2019-08-22 17:49:03,985 [e511989b-68ab-45c1-a797-44c33b51afe6:group-09D403F8362C:LeaderElection67] INFO  server.RaftServerConfigKeys (ConfUtils.java:logGet(43)) - raft.server.watch.timeout.denomination = 1s (default)
2019-08-22 17:49:03,985 [e511989b-68ab-45c1-a797-44c33b51afe6:group-09D403F8362C:LeaderElection67] INFO  server.RaftServerConfigKeys (ConfUtils.java:logGet(43)) - raft.server.watch.element-limit = 65536 (default)
2019-08-22 17:49:03,985 [e511989b-68ab-45c1-a797-44c33b51afe6:group-09D403F8362C:LeaderElection67] INFO  impl.RoleInfo (RoleInfo.java:updateAndGet(143)) - e511989b-68ab-45c1-a797-44c33b51afe6: start LeaderState
2019-08-22 17:49:03,986 [e511989b-68ab-45c1-a797-44c33b51afe6:group-09D403F8362C:LeaderElection67] INFO  segmented.SegmentedRaftLogWorker (SegmentedRaftLogWorker.java:startLogSegment(380)) - e511989b-68ab-45c1-a797-44c33b51afe6-SegmentedRaftLogWorker:Storage Directory /workdir/hadoop-ozone/integration-test/target/test-dir/MiniOzoneClusterImpl-3fcad3f5-9634-4478-a239-7449fe26e55e/datanode-2/data/ratis/89aef94e-7693-4895-9f7d-09d403f8362c: Starting segment from index:0
2019-08-22 17:49:03,986 [e511989b-68ab-45c1-a797-44c33b51afe6:group-09D403F8362C:LeaderElection67] INFO  impl.RaftServerImpl (ServerState.java:setRaftConf(361)) - e511989b-68ab-45c1-a797-44c33b51afe6:group-09D403F8362C set configuration 0: [e511989b-68ab-45c1-a797-44c33b51afe6:192.168.5.173:45396], old=null at 0
2019-08-22 17:49:04,019 [grpc-default-executor-6] INFO  client.GrpcClientProtocolClient (GrpcClientProtocolClient.java:onNext(255)) - client-956DB91747F7->4ddf9bc6-c089-4456-8fae-06bd647ee380: receive RaftClientReply:client-956DB91747F7->4ddf9bc6-c089-4456-8fae-06bd647ee380@group-55BFC9734161, cid=156, FAILED org.apache.ratis.protocol.NotLeaderException: Server 4ddf9bc6-c089-4456-8fae-06bd647ee380 is not the leader (null). Request must be sent to leader., logIndex=0, commits[4ddf9bc6-c089-4456-8fae-06bd647ee380:c-1]
2019-08-22 17:49:04,030 [e511989b-68ab-45c1-a797-44c33b51afe6-SegmentedRaftLogWorker:Storage Directory /workdir/hadoop-ozone/integration-test/target/test-dir/MiniOzoneClusterImpl-3fcad3f5-9634-4478-a239-7449fe26e55e/datanode-2/data/ratis/89aef94e-7693-4895-9f7d-09d403f8362c] INFO  segmented.SegmentedRaftLogWorker (SegmentedRaftLogWorker.java:execute(569)) - e511989b-68ab-45c1-a797-44c33b51afe6-SegmentedRaftLogWorker:Storage Directory /workdir/hadoop-ozone/integration-test/target/test-dir/MiniOzoneClusterImpl-3fcad3f5-9634-4478-a239-7449fe26e55e/datanode-2/data/ratis/89aef94e-7693-4895-9f7d-09d403f8362c: created new log segment /workdir/hadoop-ozone/integration-test/target/test-dir/MiniOzoneClusterImpl-3fcad3f5-9634-4478-a239-7449fe26e55e/datanode-2/data/ratis/89aef94e-7693-4895-9f7d-09d403f8362c/current/log_inprogress_0
2019-08-22 17:49:04,097 [Thread-3299] INFO  impl.FollowerState (FollowerState.java:run(106)) - 41476450-f699-485d-b75b-cc9c7bcae223:group-7055FCABB4DD changes to CANDIDATE, lastRpcTime:5119, electionTimeout:5119ms
2019-08-22 17:49:04,097 [Thread-3299] INFO  impl.RoleInfo (RoleInfo.java:shutdownFollowerState(121)) - 41476450-f699-485d-b75b-cc9c7bcae223: shutdown FollowerState
2019-08-22 17:49:04,097 [Thread-3299] INFO  impl.RaftServerImpl (RaftServerImpl.java:setRole(171)) - 41476450-f699-485d-b75b-cc9c7bcae223:group-7055FCABB4DD changes role from FOLLOWER to CANDIDATE at term 0 for changeToCandidate
2019-08-22 17:49:04,097 [Thread-3299] INFO  impl.RoleInfo (RoleInfo.java:updateAndGet(143)) - 41476450-f699-485d-b75b-cc9c7bcae223: start LeaderElection
2019-08-22 17:49:04,115 [Thread-3295] INFO  impl.FollowerState (FollowerState.java:run(106)) - 9e961f7d-2f80-48a7-b3ac-81f0a28e2c39:group-7055FCABB4DD changes to CANDIDATE, lastRpcTime:5141, electionTimeout:5141ms
2019-08-22 17:49:04,116 [Thread-3295] INFO  impl.RoleInfo (RoleInfo.java:shutdownFollowerState(121)) - 9e961f7d-2f80-48a7-b3ac-81f0a28e2c39: shutdown FollowerState
2019-08-22 17:49:04,116 [Thread-3295] INFO  impl.RaftServerImpl (RaftServerImpl.java:setRole(171)) - 9e961f7d-2f80-48a7-b3ac-81f0a28e2c39:group-7055FCABB4DD changes role from FOLLOWER to CANDIDATE at term 0 for changeToCandidate
2019-08-22 17:49:04,116 [Thread-3295] INFO  impl.RoleInfo (RoleInfo.java:updateAndGet(143)) - 9e961f7d-2f80-48a7-b3ac-81f0a28e2c39: start LeaderElection
2019-08-22 17:49:04,120 [41476450-f699-485d-b75b-cc9c7bcae223:group-7055FCABB4DD:LeaderElection68] INFO  impl.LeaderElection (LeaderElection.java:askForVotes(181)) - 41476450-f699-485d-b75b-cc9c7bcae223:group-7055FCABB4DD:LeaderElection68: begin an election at term 1 for -1: [9e961f7d-2f80-48a7-b3ac-81f0a28e2c39:192.168.5.173:34389, 41476450-f699-485d-b75b-cc9c7bcae223:192.168.5.173:39265, e511989b-68ab-45c1-a797-44c33b51afe6:192.168.5.173:45396], old=null
2019-08-22 17:49:04,132 [Thread-3300] INFO  impl.FollowerState (FollowerState.java:run(106)) - e511989b-68ab-45c1-a797-44c33b51afe6:group-7055FCABB4DD changes to CANDIDATE, lastRpcTime:5154, electionTimeout:5154ms
2019-08-22 17:49:04,132 [Thread-3300] INFO  impl.RoleInfo (RoleInfo.java:shutdownFollowerState(121)) - e511989b-68ab-45c1-a797-44c33b51afe6: shutdown FollowerState
2019-08-22 17:49:04,134 [Thread-3300] INFO  impl.RaftServerImpl (RaftServerImpl.java:setRole(171)) - e511989b-68ab-45c1-a797-44c33b51afe6:group-7055FCABB4DD changes role from FOLLOWER to CANDIDATE at term 0 for changeToCandidate
2019-08-22 17:49:04,134 [Thread-3300] INFO  impl.RoleInfo (RoleInfo.java:updateAndGet(143)) - e511989b-68ab-45c1-a797-44c33b51afe6: start LeaderElection
2019-08-22 17:49:04,136 [grpc-default-executor-6] INFO  impl.RaftServerImpl (RaftServerImpl.java:setRole(171)) - e511989b-68ab-45c1-a797-44c33b51afe6:group-7055FCABB4DD changes role from CANDIDATE to FOLLOWER at term 1 for recognizeCandidate:41476450-f699-485d-b75b-cc9c7bcae223
2019-08-22 17:49:04,136 [9e961f7d-2f80-48a7-b3ac-81f0a28e2c39:group-7055FCABB4DD:LeaderElection69] INFO  impl.LeaderElection (LeaderElection.java:askForVotes(181)) - 9e961f7d-2f80-48a7-b3ac-81f0a28e2c39:group-7055FCABB4DD:LeaderElection69: begin an election at term 1 for -1: [9e961f7d-2f80-48a7-b3ac-81f0a28e2c39:192.168.5.173:34389, 41476450-f699-485d-b75b-cc9c7bcae223:192.168.5.173:39265, e511989b-68ab-45c1-a797-44c33b51afe6:192.168.5.173:45396], old=null
2019-08-22 17:49:04,137 [grpc-default-executor-6] INFO  impl.RoleInfo (RoleInfo.java:shutdownLeaderElection(134)) - e511989b-68ab-45c1-a797-44c33b51afe6: shutdown LeaderElection
2019-08-22 17:49:04,138 [grpc-default-executor-6] INFO  impl.RoleInfo (RoleInfo.java:updateAndGet(143)) - e511989b-68ab-45c1-a797-44c33b51afe6: start FollowerState
2019-08-22 17:49:04,152 [grpc-default-executor-1] INFO  impl.RaftServerImpl (RaftServerImpl.java:setRole(171)) - e511989b-68ab-45c1-a797-44c33b51afe6:group-7055FCABB4DD changes role from FOLLOWER to FOLLOWER at term 1 for recognizeCandidate:9e961f7d-2f80-48a7-b3ac-81f0a28e2c39
2019-08-22 17:49:04,152 [grpc-default-executor-1] INFO  impl.RoleInfo (RoleInfo.java:shutdownFollowerState(121)) - e511989b-68ab-45c1-a797-44c33b51afe6: shutdown FollowerState
2019-08-22 17:49:04,153 [grpc-default-executor-1] INFO  impl.RoleInfo (RoleInfo.java:updateAndGet(143)) - e511989b-68ab-45c1-a797-44c33b51afe6: start FollowerState
2019-08-22 17:49:04,153 [Thread-3351] INFO  impl.FollowerState (FollowerState.java:run(114)) - e511989b-68ab-45c1-a797-44c33b51afe6: FollowerState was interrupted: java.lang.InterruptedException: sleep interrupted
2019-08-22 17:49:04,154 [41476450-f699-485d-b75b-cc9c7bcae223:group-7055FCABB4DD:LeaderElection68] INFO  impl.LeaderElection (LeaderElection.java:logAndReturn(56)) - 41476450-f699-485d-b75b-cc9c7bcae223:group-7055FCABB4DD:LeaderElection68: Election REJECTED; received 2 response(s) [41476450-f699-485d-b75b-cc9c7bcae223<-9e961f7d-2f80-48a7-b3ac-81f0a28e2c39#0:FAIL-t1, 41476450-f699-485d-b75b-cc9c7bcae223<-e511989b-68ab-45c1-a797-44c33b51afe6#0:FAIL-t1] and 0 exception(s); 41476450-f699-485d-b75b-cc9c7bcae223:t1, leader=null, voted=41476450-f699-485d-b75b-cc9c7bcae223, raftlog=41476450-f699-485d-b75b-cc9c7bcae223-SegmentedRaftLog:OPENED:c-1,f-1,i0, conf=-1: [9e961f7d-2f80-48a7-b3ac-81f0a28e2c39:192.168.5.173:34389, 41476450-f699-485d-b75b-cc9c7bcae223:192.168.5.173:39265, e511989b-68ab-45c1-a797-44c33b51afe6:192.168.5.173:45396], old=null
2019-08-22 17:49:04,155 [41476450-f699-485d-b75b-cc9c7bcae223:group-7055FCABB4DD:LeaderElection68] INFO  impl.RaftServerImpl (RaftServerImpl.java:setRole(171)) - 41476450-f699-485d-b75b-cc9c7bcae223:group-7055FCABB4DD changes role from CANDIDATE to FOLLOWER at term 1 for DISCOVERED_A_NEW_TERM
2019-08-22 17:49:04,155 [41476450-f699-485d-b75b-cc9c7bcae223:group-7055FCABB4DD:LeaderElection68] INFO  impl.RoleInfo (RoleInfo.java:shutdownLeaderElection(134)) - 41476450-f699-485d-b75b-cc9c7bcae223: shutdown LeaderElection
2019-08-22 17:49:04,155 [41476450-f699-485d-b75b-cc9c7bcae223:group-7055FCABB4DD:LeaderElection68] INFO  impl.RoleInfo (RoleInfo.java:updateAndGet(143)) - 41476450-f699-485d-b75b-cc9c7bcae223: start FollowerState
2019-08-22 17:49:04,170 [9e961f7d-2f80-48a7-b3ac-81f0a28e2c39:group-7055FCABB4DD:LeaderElection69] INFO  impl.LeaderElection (LeaderElection.java:logAndReturn(56)) - 9e961f7d-2f80-48a7-b3ac-81f0a28e2c39:group-7055FCABB4DD:LeaderElection69: Election PASSED; received 2 response(s) [9e961f7d-2f80-48a7-b3ac-81f0a28e2c39<-41476450-f699-485d-b75b-cc9c7bcae223#0:FAIL-t1, 9e961f7d-2f80-48a7-b3ac-81f0a28e2c39<-e511989b-68ab-45c1-a797-44c33b51afe6#0:OK-t1] and 0 exception(s); 9e961f7d-2f80-48a7-b3ac-81f0a28e2c39:t1, leader=null, voted=9e961f7d-2f80-48a7-b3ac-81f0a28e2c39, raftlog=9e961f7d-2f80-48a7-b3ac-81f0a28e2c39-SegmentedRaftLog:OPENED:c-1,f-1,i0, conf=-1: [9e961f7d-2f80-48a7-b3ac-81f0a28e2c39:192.168.5.173:34389, 41476450-f699-485d-b75b-cc9c7bcae223:192.168.5.173:39265, e511989b-68ab-45c1-a797-44c33b51afe6:192.168.5.173:45396], old=null
2019-08-22 17:49:04,170 [9e961f7d-2f80-48a7-b3ac-81f0a28e2c39:group-7055FCABB4DD:LeaderElection69] INFO  impl.RoleInfo (RoleInfo.java:shutdownLeaderElection(134)) - 9e961f7d-2f80-48a7-b3ac-81f0a28e2c39: shutdown LeaderElection
2019-08-22 17:49:04,170 [9e961f7d-2f80-48a7-b3ac-81f0a28e2c39:group-7055FCABB4DD:LeaderElection69] INFO  impl.RaftServerImpl (RaftServerImpl.java:setRole(171)) - 9e961f7d-2f80-48a7-b3ac-81f0a28e2c39:group-7055FCABB4DD changes role from CANDIDATE to LEADER at term 1 for changeToLeader
2019-08-22 17:49:04,170 [9e961f7d-2f80-48a7-b3ac-81f0a28e2c39:group-7055FCABB4DD:LeaderElection69] INFO  impl.RaftServerImpl (ServerState.java:setLeader(263)) - 9e961f7d-2f80-48a7-b3ac-81f0a28e2c39:group-7055FCABB4DD change Leader from null to 9e961f7d-2f80-48a7-b3ac-81f0a28e2c39 at term 1 for becomeLeader, leader elected after 5204ms
2019-08-22 17:49:04,170 [9e961f7d-2f80-48a7-b3ac-81f0a28e2c39:group-7055FCABB4DD:LeaderElection69] INFO  server.RaftServerConfigKeys (ConfUtils.java:logGet(43)) - raft.server.staging.catchup.gap = 1000 (default)
2019-08-22 17:49:04,170 [9e961f7d-2f80-48a7-b3ac-81f0a28e2c39:group-7055FCABB4DD:LeaderElection69] INFO  server.RaftServerConfigKeys (ConfUtils.java:logGet(43)) - raft.server.rpc.sleep.time = 25ms (default)
2019-08-22 17:49:04,170 [9e961f7d-2f80-48a7-b3ac-81f0a28e2c39:group-7055FCABB4DD:LeaderElection69] INFO  server.RaftServerConfigKeys (ConfUtils.java:logGet(43)) - raft.server.write.element-limit = 4096 (default)
2019-08-22 17:49:04,171 [9e961f7d-2f80-48a7-b3ac-81f0a28e2c39:group-7055FCABB4DD:LeaderElection69] INFO  server.RaftServerConfigKeys (ConfUtils.java:logGet(43)) - raft.server.watch.timeout = 10s (default)
2019-08-22 17:49:04,171 [9e961f7d-2f80-48a7-b3ac-81f0a28e2c39:group-7055FCABB4DD:LeaderElection69] INFO  server.RaftServerConfigKeys (ConfUtils.java:logGet(43)) - raft.server.watch.timeout.denomination = 1s (default)
2019-08-22 17:49:04,171 [9e961f7d-2f80-48a7-b3ac-81f0a28e2c39:group-7055FCABB4DD:LeaderElection69] INFO  server.RaftServerConfigKeys (ConfUtils.java:logGet(43)) - raft.server.watch.element-limit = 65536 (default)
2019-08-22 17:49:04,171 [9e961f7d-2f80-48a7-b3ac-81f0a28e2c39:group-7055FCABB4DD:LeaderElection69] INFO  server.RaftServerConfigKeys (ConfUtils.java:logGet(43)) - raft.server.log.appender.snapshot.chunk.size.max = 16MB (=16777216) (default)
2019-08-22 17:49:04,171 [9e961f7d-2f80-48a7-b3ac-81f0a28e2c39:group-7055FCABB4DD:LeaderElection69] INFO  server.RaftServerConfigKeys (ConfUtils.java:logGet(43)) - raft.server.log.appender.buffer.byte-limit = 33554432 (custom)
2019-08-22 17:49:04,171 [9e961f7d-2f80-48a7-b3ac-81f0a28e2c39:group-7055FCABB4DD:LeaderElection69] INFO  server.RaftServerConfigKeys (ConfUtils.java:logGet(43)) - raft.server.log.appender.buffer.element-limit = 1 (custom)
2019-08-22 17:49:04,171 [9e961f7d-2f80-48a7-b3ac-81f0a28e2c39:group-7055FCABB4DD:LeaderElection69] INFO  grpc.GrpcConfigKeys$Server (ConfUtils.java:logGet(43)) - raft.grpc.server.leader.outstanding.appends.max = 128 (default)
2019-08-22 17:49:04,172 [9e961f7d-2f80-48a7-b3ac-81f0a28e2c39:group-7055FCABB4DD:LeaderElection69] INFO  server.RaftServerConfigKeys (ConfUtils.java:logGet(43)) - raft.server.rpc.request.timeout = 3000ms (default)
2019-08-22 17:49:04,172 [9e961f7d-2f80-48a7-b3ac-81f0a28e2c39:group-7055FCABB4DD:LeaderElection69] INFO  server.RaftServerConfigKeys (ConfUtils.java:logGet(43)) - raft.server.log.appender.install.snapshot.enabled = false (custom)
2019-08-22 17:49:04,172 [9e961f7d-2f80-48a7-b3ac-81f0a28e2c39:group-7055FCABB4DD:LeaderElection69] INFO  server.RaftServerConfigKeys (ConfUtils.java:logGet(43)) - raft.server.log.appender.snapshot.chunk.size.max = 16MB (=16777216) (default)
2019-08-22 17:49:04,172 [9e961f7d-2f80-48a7-b3ac-81f0a28e2c39:group-7055FCABB4DD:LeaderElection69] INFO  server.RaftServerConfigKeys (ConfUtils.java:logGet(43)) - raft.server.log.appender.buffer.byte-limit = 33554432 (custom)
2019-08-22 17:49:04,172 [9e961f7d-2f80-48a7-b3ac-81f0a28e2c39:group-7055FCABB4DD:LeaderElection69] INFO  server.RaftServerConfigKeys (ConfUtils.java:logGet(43)) - raft.server.log.appender.buffer.element-limit = 1 (custom)
2019-08-22 17:49:04,172 [9e961f7d-2f80-48a7-b3ac-81f0a28e2c39:group-7055FCABB4DD:LeaderElection69] INFO  grpc.GrpcConfigKeys$Server (ConfUtils.java:logGet(43)) - raft.grpc.server.leader.outstanding.appends.max = 128 (default)
2019-08-22 17:49:04,172 [9e961f7d-2f80-48a7-b3ac-81f0a28e2c39:group-7055FCABB4DD:LeaderElection69] INFO  server.RaftServerConfigKeys (ConfUtils.java:logGet(43)) - raft.server.rpc.request.timeout = 3000ms (default)
2019-08-22 17:49:04,173 [9e961f7d-2f80-48a7-b3ac-81f0a28e2c39:group-7055FCABB4DD:LeaderElection69] INFO  server.RaftServerConfigKeys (ConfUtils.java:logGet(43)) - raft.server.log.appender.install.snapshot.enabled = false (custom)
2019-08-22 17:49:04,173 [9e961f7d-2f80-48a7-b3ac-81f0a28e2c39:group-7055FCABB4DD:LeaderElection69] INFO  impl.RoleInfo (RoleInfo.java:updateAndGet(143)) - 9e961f7d-2f80-48a7-b3ac-81f0a28e2c39: start LeaderState
2019-08-22 17:49:04,173 [9e961f7d-2f80-48a7-b3ac-81f0a28e2c39:group-7055FCABB4DD:LeaderElection69] INFO  segmented.SegmentedRaftLogWorker (SegmentedRaftLogWorker.java:startLogSegment(380)) - 9e961f7d-2f80-48a7-b3ac-81f0a28e2c39-SegmentedRaftLogWorker:Storage Directory /workdir/hadoop-ozone/integration-test/target/test-dir/MiniOzoneClusterImpl-3fcad3f5-9634-4478-a239-7449fe26e55e/datanode-0/data/ratis/39526130-6b82-4aab-b4d6-7055fcabb4dd: Starting segment from index:0
2019-08-22 17:49:04,174 [9e961f7d-2f80-48a7-b3ac-81f0a28e2c39:group-7055FCABB4DD:LeaderElection69] INFO  impl.RaftServerImpl (ServerState.java:setRaftConf(361)) - 9e961f7d-2f80-48a7-b3ac-81f0a28e2c39:group-7055FCABB4DD set configuration 0: [9e961f7d-2f80-48a7-b3ac-81f0a28e2c39:192.168.5.173:34389, 41476450-f699-485d-b75b-cc9c7bcae223:192.168.5.173:39265, e511989b-68ab-45c1-a797-44c33b51afe6:192.168.5.173:45396], old=null at 0
2019-08-22 17:49:04,175 [grpc-default-executor-1] INFO  impl.RaftServerImpl (ServerState.java:setLeader(263)) - 41476450-f699-485d-b75b-cc9c7bcae223:group-7055FCABB4DD change Leader from null to 9e961f7d-2f80-48a7-b3ac-81f0a28e2c39 at term 1 for appendEntries, leader elected after 5209ms
2019-08-22 17:49:04,177 [grpc-default-executor-1] INFO  impl.RaftServerImpl (ServerState.java:setRaftConf(361)) - 41476450-f699-485d-b75b-cc9c7bcae223:group-7055FCABB4DD set configuration 0: [9e961f7d-2f80-48a7-b3ac-81f0a28e2c39:192.168.5.173:34389, 41476450-f699-485d-b75b-cc9c7bcae223:192.168.5.173:39265, e511989b-68ab-45c1-a797-44c33b51afe6:192.168.5.173:45396], old=null at 0
2019-08-22 17:49:04,177 [grpc-default-executor-1] INFO  segmented.SegmentedRaftLogWorker (SegmentedRaftLogWorker.java:startLogSegment(380)) - 41476450-f699-485d-b75b-cc9c7bcae223-SegmentedRaftLogWorker:Storage Directory /workdir/hadoop-ozone/integration-test/target/test-dir/MiniOzoneClusterImpl-3fcad3f5-9634-4478-a239-7449fe26e55e/datanode-1/data/ratis/39526130-6b82-4aab-b4d6-7055fcabb4dd: Starting segment from index:0
2019-08-22 17:49:04,182 [e511989b-68ab-45c1-a797-44c33b51afe6:group-7055FCABB4DD:LeaderElection70] INFO  impl.LeaderElection (LeaderElection.java:askForVotes(181)) - e511989b-68ab-45c1-a797-44c33b51afe6:group-7055FCABB4DD:LeaderElection70: begin an election at term 2 for -1: [9e961f7d-2f80-48a7-b3ac-81f0a28e2c39:192.168.5.173:34389, 41476450-f699-485d-b75b-cc9c7bcae223:192.168.5.173:39265, e511989b-68ab-45c1-a797-44c33b51afe6:192.168.5.173:45396], old=null
2019-08-22 17:49:04,182 [e511989b-68ab-45c1-a797-44c33b51afe6:group-7055FCABB4DD:LeaderElection70] INFO  impl.LeaderElection (LeaderElection.java:logAndReturn(56)) - e511989b-68ab-45c1-a797-44c33b51afe6:group-7055FCABB4DD:LeaderElection70: Election REJECTED; received 0 response(s) [] and 0 exception(s); e511989b-68ab-45c1-a797-44c33b51afe6:t2, leader=null, voted=e511989b-68ab-45c1-a797-44c33b51afe6, raftlog=e511989b-68ab-45c1-a797-44c33b51afe6-SegmentedRaftLog:OPENED:c-1,f-1,i0, conf=-1: [9e961f7d-2f80-48a7-b3ac-81f0a28e2c39:192.168.5.173:34389, 41476450-f699-485d-b75b-cc9c7bcae223:192.168.5.173:39265, e511989b-68ab-45c1-a797-44c33b51afe6:192.168.5.173:45396], old=null
2019-08-22 17:49:04,184 [Thread-3355] INFO  impl.RaftServerImpl (ServerState.java:setLeader(263)) - 9e961f7d-2f80-48a7-b3ac-81f0a28e2c39:group-7055FCABB4DD change Leader from 9e961f7d-2f80-48a7-b3ac-81f0a28e2c39 to null at term 2 for updateCurrentTerm
2019-08-22 17:49:04,184 [Thread-3355] INFO  impl.RaftServerImpl (RaftServerImpl.java:setRole(171)) - 9e961f7d-2f80-48a7-b3ac-81f0a28e2c39:group-7055FCABB4DD changes role from LEADER to FOLLOWER at term 2 for stepDown
2019-08-22 17:49:04,184 [Thread-3355] INFO  impl.RoleInfo (RoleInfo.java:shutdownLeaderState(104)) - 9e961f7d-2f80-48a7-b3ac-81f0a28e2c39: shutdown LeaderState
2019-08-22 17:49:04,210 [org.apache.ratis.server.impl.LogAppender$AppenderDaemon$$Lambda$482/463698091@5e77160e] WARN  server.GrpcLogAppender (GrpcLogAppender.java:mayWait(143)) - GrpcLogAppender(9e961f7d-2f80-48a7-b3ac-81f0a28e2c39->e511989b-68ab-45c1-a797-44c33b51afe6): Wait interrupted by java.lang.InterruptedException
2019-08-22 17:49:04,210 [Thread-3355] INFO  impl.PendingRequests (PendingRequests.java:sendNotLeaderResponses(202)) - 9e961f7d-2f80-48a7-b3ac-81f0a28e2c39-PendingRequests: sendNotLeaderResponses
2019-08-22 17:49:04,210 [org.apache.ratis.server.impl.LogAppender$AppenderDaemon$$Lambda$482/463698091@1b758b04] WARN  server.GrpcLogAppender (GrpcLogAppender.java:mayWait(143)) - GrpcLogAppender(9e961f7d-2f80-48a7-b3ac-81f0a28e2c39->41476450-f699-485d-b75b-cc9c7bcae223): Wait interrupted by java.lang.InterruptedException
2019-08-22 17:49:04,210 [Thread-3355] INFO  impl.RoleInfo (RoleInfo.java:updateAndGet(143)) - 9e961f7d-2f80-48a7-b3ac-81f0a28e2c39: start FollowerState
2019-08-22 17:49:04,210 [grpc-default-executor-6] INFO  server.GrpcServerProtocolService (GrpcServerProtocolService.java:onCompleted(104)) - e511989b-68ab-45c1-a797-44c33b51afe6: appendEntries completed
2019-08-22 17:49:04,211 [grpc-default-executor-6] INFO  server.GrpcServerProtocolService (GrpcServerProtocolService.java:onCompleted(104)) - 41476450-f699-485d-b75b-cc9c7bcae223: appendEntries completed
2019-08-22 17:49:04,211 [grpc-default-executor-6] INFO  server.GrpcLogAppender (GrpcLogAppender.java:onCompleted(292)) - 9e961f7d-2f80-48a7-b3ac-81f0a28e2c39->e511989b-68ab-45c1-a797-44c33b51afe6: follower responses appendEntries COMPLETED
2019-08-22 17:49:04,211 [grpc-default-executor-2] INFO  impl.RaftServerImpl (ServerState.java:setLeader(263)) - 41476450-f699-485d-b75b-cc9c7bcae223:group-7055FCABB4DD change Leader from 9e961f7d-2f80-48a7-b3ac-81f0a28e2c39 to null at term 2 for updateCurrentTerm
2019-08-22 17:49:04,211 [grpc-default-executor-6] INFO  impl.FollowerInfo (FollowerInfo.java:lambda$new$0(50)) - 9e961f7d-2f80-48a7-b3ac-81f0a28e2c39->e511989b-68ab-45c1-a797-44c33b51afe6: nextIndex: updateUnconditionally 0 -> 0
2019-08-22 17:49:04,211 [grpc-default-executor-5] INFO  server.GrpcLogAppender (GrpcLogAppender.java:onCompleted(292)) - 9e961f7d-2f80-48a7-b3ac-81f0a28e2c39->41476450-f699-485d-b75b-cc9c7bcae223: follower responses appendEntries COMPLETED
2019-08-22 17:49:04,211 [grpc-default-executor-2] INFO  impl.RaftServerImpl (RaftServerImpl.java:setRole(171)) - 41476450-f699-485d-b75b-cc9c7bcae223:group-7055FCABB4DD changes role from FOLLOWER to FOLLOWER at term 2 for recognizeCandidate:e511989b-68ab-45c1-a797-44c33b51afe6
2019-08-22 17:49:04,212 [grpc-default-executor-2] INFO  impl.RoleInfo (RoleInfo.java:shutdownFollowerState(121)) - 41476450-f699-485d-b75b-cc9c7bcae223: shutdown FollowerState
2019-08-22 17:49:04,212 [grpc-default-executor-5] INFO  impl.FollowerInfo (FollowerInfo.java:lambda$new$0(50)) - 9e961f7d-2f80-48a7-b3ac-81f0a28e2c39->41476450-f699-485d-b75b-cc9c7bcae223: nextIndex: updateUnconditionally 1 -> 0
2019-08-22 17:49:04,212 [Thread-3354] INFO  impl.FollowerState (FollowerState.java:run(114)) - 41476450-f699-485d-b75b-cc9c7bcae223: FollowerState was interrupted: java.lang.InterruptedException: sleep interrupted
2019-08-22 17:49:04,212 [grpc-default-executor-2] INFO  impl.RoleInfo (RoleInfo.java:updateAndGet(143)) - 41476450-f699-485d-b75b-cc9c7bcae223: start FollowerState
2019-08-22 17:49:04,224 [41476450-f699-485d-b75b-cc9c7bcae223-SegmentedRaftLogWorker:Storage Directory /workdir/hadoop-ozone/integration-test/target/test-dir/MiniOzoneClusterImpl-3fcad3f5-9634-4478-a239-7449fe26e55e/datanode-1/data/ratis/39526130-6b82-4aab-b4d6-7055fcabb4dd] INFO  segmented.SegmentedRaftLogWorker (SegmentedRaftLogWorker.java:execute(569)) - 41476450-f699-485d-b75b-cc9c7bcae223-SegmentedRaftLogWorker:Storage Directory /workdir/hadoop-ozone/integration-test/target/test-dir/MiniOzoneClusterImpl-3fcad3f5-9634-4478-a239-7449fe26e55e/datanode-1/data/ratis/39526130-6b82-4aab-b4d6-7055fcabb4dd: created new log segment /workdir/hadoop-ozone/integration-test/target/test-dir/MiniOzoneClusterImpl-3fcad3f5-9634-4478-a239-7449fe26e55e/datanode-1/data/ratis/39526130-6b82-4aab-b4d6-7055fcabb4dd/current/log_inprogress_0
2019-08-22 17:49:04,224 [9e961f7d-2f80-48a7-b3ac-81f0a28e2c39-SegmentedRaftLogWorker:Storage Directory /workdir/hadoop-ozone/integration-test/target/test-dir/MiniOzoneClusterImpl-3fcad3f5-9634-4478-a239-7449fe26e55e/datanode-0/data/ratis/39526130-6b82-4aab-b4d6-7055fcabb4dd] INFO  segmented.SegmentedRaftLogWorker (SegmentedRaftLogWorker.java:execute(569)) - 9e961f7d-2f80-48a7-b3ac-81f0a28e2c39-SegmentedRaftLogWorker:Storage Directory /workdir/hadoop-ozone/integration-test/target/test-dir/MiniOzoneClusterImpl-3fcad3f5-9634-4478-a239-7449fe26e55e/datanode-0/data/ratis/39526130-6b82-4aab-b4d6-7055fcabb4dd: created new log segment /workdir/hadoop-ozone/integration-test/target/test-dir/MiniOzoneClusterImpl-3fcad3f5-9634-4478-a239-7449fe26e55e/datanode-0/data/ratis/39526130-6b82-4aab-b4d6-7055fcabb4dd/current/log_inprogress_0
2019-08-22 17:49:04,224 [grpc-default-executor-1] INFO  impl.RaftServerImpl (RaftServerImpl.java:setRole(171)) - 9e961f7d-2f80-48a7-b3ac-81f0a28e2c39:group-7055FCABB4DD changes role from FOLLOWER to FOLLOWER at term 2 for recognizeCandidate:e511989b-68ab-45c1-a797-44c33b51afe6
2019-08-22 17:49:04,226 [grpc-default-executor-1] INFO  impl.RoleInfo (RoleInfo.java:shutdownFollowerState(121)) - 9e961f7d-2f80-48a7-b3ac-81f0a28e2c39: shutdown FollowerState
2019-08-22 17:49:04,226 [grpc-default-executor-1] INFO  impl.RoleInfo (RoleInfo.java:updateAndGet(143)) - 9e961f7d-2f80-48a7-b3ac-81f0a28e2c39: start FollowerState
2019-08-22 17:49:04,226 [Thread-3363] INFO  impl.FollowerState (FollowerState.java:run(114)) - 9e961f7d-2f80-48a7-b3ac-81f0a28e2c39: FollowerState was interrupted: java.lang.InterruptedException: sleep interrupted
2019-08-22 17:49:04,305 | INFO  | SCMAudit | user=jenkins1000 | ip=192.168.5.173 | op=SEND_HEARTBEAT {datanodeUUID=e7fa427d-9bf0-4d57-b806-08466f41dcc1, command=[]} | ret=SUCCESS |  
2019-08-22 17:49:04,416 [Thread-3304] INFO  impl.FollowerState (FollowerState.java:run(106)) - e7fa427d-9bf0-4d57-b806-08466f41dcc1:group-BFF7ABFCFC52 changes to CANDIDATE, lastRpcTime:5069, electionTimeout:5059ms
2019-08-22 17:49:04,417 [Thread-3304] INFO  impl.RoleInfo (RoleInfo.java:shutdownFollowerState(121)) - e7fa427d-9bf0-4d57-b806-08466f41dcc1: shutdown FollowerState
2019-08-22 17:49:04,417 [Thread-3304] INFO  impl.RaftServerImpl (RaftServerImpl.java:setRole(171)) - e7fa427d-9bf0-4d57-b806-08466f41dcc1:group-BFF7ABFCFC52 changes role from FOLLOWER to CANDIDATE at term 0 for changeToCandidate
2019-08-22 17:49:04,417 [Thread-3304] INFO  impl.RoleInfo (RoleInfo.java:updateAndGet(143)) - e7fa427d-9bf0-4d57-b806-08466f41dcc1: start LeaderElection
2019-08-22 17:49:04,423 | INFO  | SCMAudit | user=jenkins1000 | ip=192.168.5.173 | op=SEND_HEARTBEAT {datanodeUUID=9e961f7d-2f80-48a7-b3ac-81f0a28e2c39, command=[]} | ret=SUCCESS |  
2019-08-22 17:49:04,436 [e7fa427d-9bf0-4d57-b806-08466f41dcc1:group-BFF7ABFCFC52:LeaderElection71] INFO  impl.LeaderElection (LeaderElection.java:askForVotes(181)) - e7fa427d-9bf0-4d57-b806-08466f41dcc1:group-BFF7ABFCFC52:LeaderElection71: begin an election at term 1 for -1: [e7fa427d-9bf0-4d57-b806-08466f41dcc1:192.168.5.173:40856], old=null
2019-08-22 17:49:04,436 [e7fa427d-9bf0-4d57-b806-08466f41dcc1:group-BFF7ABFCFC52:LeaderElection71] INFO  impl.RoleInfo (RoleInfo.java:shutdownLeaderElection(134)) - e7fa427d-9bf0-4d57-b806-08466f41dcc1: shutdown LeaderElection
2019-08-22 17:49:04,436 [e7fa427d-9bf0-4d57-b806-08466f41dcc1:group-BFF7ABFCFC52:LeaderElection71] INFO  impl.RaftServerImpl (RaftServerImpl.java:setRole(171)) - e7fa427d-9bf0-4d57-b806-08466f41dcc1:group-BFF7ABFCFC52 changes role from CANDIDATE to LEADER at term 1 for changeToLeader
2019-08-22 17:49:04,436 [e7fa427d-9bf0-4d57-b806-08466f41dcc1:group-BFF7ABFCFC52:LeaderElection71] INFO  impl.RaftServerImpl (ServerState.java:setLeader(263)) - e7fa427d-9bf0-4d57-b806-08466f41dcc1:group-BFF7ABFCFC52 change Leader from null to e7fa427d-9bf0-4d57-b806-08466f41dcc1 at term 1 for becomeLeader, leader elected after 5093ms
2019-08-22 17:49:04,436 [e7fa427d-9bf0-4d57-b806-08466f41dcc1:group-BFF7ABFCFC52:LeaderElection71] INFO  server.RaftServerConfigKeys (ConfUtils.java:logGet(43)) - raft.server.staging.catchup.gap = 1000 (default)
2019-08-22 17:49:04,436 [e7fa427d-9bf0-4d57-b806-08466f41dcc1:group-BFF7ABFCFC52:LeaderElection71] INFO  server.RaftServerConfigKeys (ConfUtils.java:logGet(43)) - raft.server.rpc.sleep.time = 25ms (default)
2019-08-22 17:49:04,437 [e7fa427d-9bf0-4d57-b806-08466f41dcc1:group-BFF7ABFCFC52:LeaderElection71] INFO  server.RaftServerConfigKeys (ConfUtils.java:logGet(43)) - raft.server.write.element-limit = 4096 (default)
2019-08-22 17:49:04,437 [e7fa427d-9bf0-4d57-b806-08466f41dcc1:group-BFF7ABFCFC52:LeaderElection71] INFO  server.RaftServerConfigKeys (ConfUtils.java:logGet(43)) - raft.server.watch.timeout = 10s (default)
2019-08-22 17:49:04,437 [e7fa427d-9bf0-4d57-b806-08466f41dcc1:group-BFF7ABFCFC52:LeaderElection71] INFO  server.RaftServerConfigKeys (ConfUtils.java:logGet(43)) - raft.server.watch.timeout.denomination = 1s (default)
2019-08-22 17:49:04,437 [e7fa427d-9bf0-4d57-b806-08466f41dcc1:group-BFF7ABFCFC52:LeaderElection71] INFO  server.RaftServerConfigKeys (ConfUtils.java:logGet(43)) - raft.server.watch.element-limit = 65536 (default)
2019-08-22 17:49:04,437 [e7fa427d-9bf0-4d57-b806-08466f41dcc1:group-BFF7ABFCFC52:LeaderElection71] INFO  impl.RoleInfo (RoleInfo.java:updateAndGet(143)) - e7fa427d-9bf0-4d57-b806-08466f41dcc1: start LeaderState
2019-08-22 17:49:04,437 [e7fa427d-9bf0-4d57-b806-08466f41dcc1:group-BFF7ABFCFC52:LeaderElection71] INFO  segmented.SegmentedRaftLogWorker (SegmentedRaftLogWorker.java:startLogSegment(380)) - e7fa427d-9bf0-4d57-b806-08466f41dcc1-SegmentedRaftLogWorker:Storage Directory /workdir/hadoop-ozone/integration-test/target/test-dir/MiniOzoneClusterImpl-3fcad3f5-9634-4478-a239-7449fe26e55e/datanode-3/data/ratis/61e20808-9438-437b-8335-bff7abfcfc52: Starting segment from index:0
2019-08-22 17:49:04,438 [e7fa427d-9bf0-4d57-b806-08466f41dcc1:group-BFF7ABFCFC52:LeaderElection71] INFO  impl.RaftServerImpl (ServerState.java:setRaftConf(361)) - e7fa427d-9bf0-4d57-b806-08466f41dcc1:group-BFF7ABFCFC52 set configuration 0: [e7fa427d-9bf0-4d57-b806-08466f41dcc1:192.168.5.173:40856], old=null at 0
2019-08-22 17:49:04,483 [e7fa427d-9bf0-4d57-b806-08466f41dcc1-SegmentedRaftLogWorker:Storage Directory /workdir/hadoop-ozone/integration-test/target/test-dir/MiniOzoneClusterImpl-3fcad3f5-9634-4478-a239-7449fe26e55e/datanode-3/data/ratis/61e20808-9438-437b-8335-bff7abfcfc52] INFO  segmented.SegmentedRaftLogWorker (SegmentedRaftLogWorker.java:execute(569)) - e7fa427d-9bf0-4d57-b806-08466f41dcc1-SegmentedRaftLogWorker:Storage Directory /workdir/hadoop-ozone/integration-test/target/test-dir/MiniOzoneClusterImpl-3fcad3f5-9634-4478-a239-7449fe26e55e/datanode-3/data/ratis/61e20808-9438-437b-8335-bff7abfcfc52: created new log segment /workdir/hadoop-ozone/integration-test/target/test-dir/MiniOzoneClusterImpl-3fcad3f5-9634-4478-a239-7449fe26e55e/datanode-3/data/ratis/61e20808-9438-437b-8335-bff7abfcfc52/current/log_inprogress_0
2019-08-22 17:49:04,493 | INFO  | SCMAudit | user=jenkins1000 | ip=192.168.5.173 | op=SEND_HEARTBEAT {datanodeUUID=4ddf9bc6-c089-4456-8fae-06bd647ee380, command=[]} | ret=SUCCESS |  
2019-08-22 17:49:04,607 | INFO  | SCMAudit | user=jenkins1000 | ip=192.168.5.173 | op=SEND_HEARTBEAT {datanodeUUID=41476450-f699-485d-b75b-cc9c7bcae223, command=[]} | ret=SUCCESS |  
2019-08-22 17:49:04,672 | INFO  | SCMAudit | user=jenkins1000 | ip=192.168.5.173 | op=SEND_HEARTBEAT {datanodeUUID=9c4ad1af-a9aa-4def-ae67-c9235e3b5814, command=[]} | ret=SUCCESS |  
2019-08-22 17:49:04,719 [Thread-3307] INFO  impl.FollowerState (FollowerState.java:run(106)) - 4ddf9bc6-c089-4456-8fae-06bd647ee380:group-2F99EBEC2AD5 changes to CANDIDATE, lastRpcTime:5171, electionTimeout:5171ms
2019-08-22 17:49:04,719 [Thread-3307] INFO  impl.RoleInfo (RoleInfo.java:shutdownFollowerState(121)) - 4ddf9bc6-c089-4456-8fae-06bd647ee380: shutdown FollowerState
2019-08-22 17:49:04,719 [Thread-3307] INFO  impl.RaftServerImpl (RaftServerImpl.java:setRole(171)) - 4ddf9bc6-c089-4456-8fae-06bd647ee380:group-2F99EBEC2AD5 changes role from FOLLOWER to CANDIDATE at term 0 for changeToCandidate
2019-08-22 17:49:04,719 [Thread-3307] INFO  impl.RoleInfo (RoleInfo.java:updateAndGet(143)) - 4ddf9bc6-c089-4456-8fae-06bd647ee380: start LeaderElection
2019-08-22 17:49:04,738 [4ddf9bc6-c089-4456-8fae-06bd647ee380:group-2F99EBEC2AD5:LeaderElection72] INFO  impl.LeaderElection (LeaderElection.java:askForVotes(181)) - 4ddf9bc6-c089-4456-8fae-06bd647ee380:group-2F99EBEC2AD5:LeaderElection72: begin an election at term 1 for -1: [4ddf9bc6-c089-4456-8fae-06bd647ee380:192.168.5.173:45258], old=null
2019-08-22 17:49:04,738 [4ddf9bc6-c089-4456-8fae-06bd647ee380:group-2F99EBEC2AD5:LeaderElection72] INFO  impl.RoleInfo (RoleInfo.java:shutdownLeaderElection(134)) - 4ddf9bc6-c089-4456-8fae-06bd647ee380: shutdown LeaderElection
2019-08-22 17:49:04,738 [4ddf9bc6-c089-4456-8fae-06bd647ee380:group-2F99EBEC2AD5:LeaderElection72] INFO  impl.RaftServerImpl (RaftServerImpl.java:setRole(171)) - 4ddf9bc6-c089-4456-8fae-06bd647ee380:group-2F99EBEC2AD5 changes role from CANDIDATE to LEADER at term 1 for changeToLeader
2019-08-22 17:49:04,738 [4ddf9bc6-c089-4456-8fae-06bd647ee380:group-2F99EBEC2AD5:LeaderElection72] INFO  impl.RaftServerImpl (ServerState.java:setLeader(263)) - 4ddf9bc6-c089-4456-8fae-06bd647ee380:group-2F99EBEC2AD5 change Leader from null to 4ddf9bc6-c089-4456-8fae-06bd647ee380 at term 1 for becomeLeader, leader elected after 5195ms
2019-08-22 17:49:04,738 [4ddf9bc6-c089-4456-8fae-06bd647ee380:group-2F99EBEC2AD5:LeaderElection72] INFO  server.RaftServerConfigKeys (ConfUtils.java:logGet(43)) - raft.server.staging.catchup.gap = 1000 (default)
2019-08-22 17:49:04,738 [4ddf9bc6-c089-4456-8fae-06bd647ee380:group-2F99EBEC2AD5:LeaderElection72] INFO  server.RaftServerConfigKeys (ConfUtils.java:logGet(43)) - raft.server.rpc.sleep.time = 25ms (default)
2019-08-22 17:49:04,739 [4ddf9bc6-c089-4456-8fae-06bd647ee380:group-2F99EBEC2AD5:LeaderElection72] INFO  server.RaftServerConfigKeys (ConfUtils.java:logGet(43)) - raft.server.write.element-limit = 4096 (default)
2019-08-22 17:49:04,739 [4ddf9bc6-c089-4456-8fae-06bd647ee380:group-2F99EBEC2AD5:LeaderElection72] INFO  server.RaftServerConfigKeys (ConfUtils.java:logGet(43)) - raft.server.watch.timeout = 10s (default)
2019-08-22 17:49:04,739 [4ddf9bc6-c089-4456-8fae-06bd647ee380:group-2F99EBEC2AD5:LeaderElection72] INFO  server.RaftServerConfigKeys (ConfUtils.java:logGet(43)) - raft.server.watch.timeout.denomination = 1s (default)
2019-08-22 17:49:04,739 [4ddf9bc6-c089-4456-8fae-06bd647ee380:group-2F99EBEC2AD5:LeaderElection72] INFO  server.RaftServerConfigKeys (ConfUtils.java:logGet(43)) - raft.server.watch.element-limit = 65536 (default)
2019-08-22 17:49:04,739 [4ddf9bc6-c089-4456-8fae-06bd647ee380:group-2F99EBEC2AD5:LeaderElection72] INFO  impl.RoleInfo (RoleInfo.java:updateAndGet(143)) - 4ddf9bc6-c089-4456-8fae-06bd647ee380: start LeaderState
2019-08-22 17:49:04,739 [4ddf9bc6-c089-4456-8fae-06bd647ee380:group-2F99EBEC2AD5:LeaderElection72] INFO  segmented.SegmentedRaftLogWorker (SegmentedRaftLogWorker.java:startLogSegment(380)) - 4ddf9bc6-c089-4456-8fae-06bd647ee380-SegmentedRaftLogWorker:Storage Directory /workdir/hadoop-ozone/integration-test/target/test-dir/MiniOzoneClusterImpl-3fcad3f5-9634-4478-a239-7449fe26e55e/datanode-4/data/ratis/b6f3c81e-39d2-4eff-ac27-2f99ebec2ad5: Starting segment from index:0
2019-08-22 17:49:04,740 [4ddf9bc6-c089-4456-8fae-06bd647ee380:group-2F99EBEC2AD5:LeaderElection72] INFO  impl.RaftServerImpl (ServerState.java:setRaftConf(361)) - 4ddf9bc6-c089-4456-8fae-06bd647ee380:group-2F99EBEC2AD5 set configuration 0: [4ddf9bc6-c089-4456-8fae-06bd647ee380:192.168.5.173:45258], old=null at 0
2019-08-22 17:49:04,779 [Thread-3310] INFO  impl.FollowerState (FollowerState.java:run(106)) - 9c4ad1af-a9aa-4def-ae67-c9235e3b5814:group-A0BFFC6E1AA4 changes to CANDIDATE, lastRpcTime:5062, electionTimeout:5055ms
2019-08-22 17:49:04,780 [Thread-3310] INFO  impl.RoleInfo (RoleInfo.java:shutdownFollowerState(121)) - 9c4ad1af-a9aa-4def-ae67-c9235e3b5814: shutdown FollowerState
2019-08-22 17:49:04,780 [Thread-3310] INFO  impl.RaftServerImpl (RaftServerImpl.java:setRole(171)) - 9c4ad1af-a9aa-4def-ae67-c9235e3b5814:group-A0BFFC6E1AA4 changes role from FOLLOWER to CANDIDATE at term 0 for changeToCandidate
2019-08-22 17:49:04,780 [Thread-3310] INFO  impl.RoleInfo (RoleInfo.java:updateAndGet(143)) - 9c4ad1af-a9aa-4def-ae67-c9235e3b5814: start LeaderElection
2019-08-22 17:49:04,804 [4ddf9bc6-c089-4456-8fae-06bd647ee380-SegmentedRaftLogWorker:Storage Directory /workdir/hadoop-ozone/integration-test/target/test-dir/MiniOzoneClusterImpl-3fcad3f5-9634-4478-a239-7449fe26e55e/datanode-4/data/ratis/b6f3c81e-39d2-4eff-ac27-2f99ebec2ad5] INFO  segmented.SegmentedRaftLogWorker (SegmentedRaftLogWorker.java:execute(569)) - 4ddf9bc6-c089-4456-8fae-06bd647ee380-SegmentedRaftLogWorker:Storage Directory /workdir/hadoop-ozone/integration-test/target/test-dir/MiniOzoneClusterImpl-3fcad3f5-9634-4478-a239-7449fe26e55e/datanode-4/data/ratis/b6f3c81e-39d2-4eff-ac27-2f99ebec2ad5: created new log segment /workdir/hadoop-ozone/integration-test/target/test-dir/MiniOzoneClusterImpl-3fcad3f5-9634-4478-a239-7449fe26e55e/datanode-4/data/ratis/b6f3c81e-39d2-4eff-ac27-2f99ebec2ad5/current/log_inprogress_0
2019-08-22 17:49:04,804 [9c4ad1af-a9aa-4def-ae67-c9235e3b5814:group-A0BFFC6E1AA4:LeaderElection73] INFO  impl.LeaderElection (LeaderElection.java:askForVotes(181)) - 9c4ad1af-a9aa-4def-ae67-c9235e3b5814:group-A0BFFC6E1AA4:LeaderElection73: begin an election at term 1 for -1: [9c4ad1af-a9aa-4def-ae67-c9235e3b5814:192.168.5.173:39794], old=null
2019-08-22 17:49:04,804 [9c4ad1af-a9aa-4def-ae67-c9235e3b5814:group-A0BFFC6E1AA4:LeaderElection73] INFO  impl.RoleInfo (RoleInfo.java:shutdownLeaderElection(134)) - 9c4ad1af-a9aa-4def-ae67-c9235e3b5814: shutdown LeaderElection
2019-08-22 17:49:04,804 [9c4ad1af-a9aa-4def-ae67-c9235e3b5814:group-A0BFFC6E1AA4:LeaderElection73] INFO  impl.RaftServerImpl (RaftServerImpl.java:setRole(171)) - 9c4ad1af-a9aa-4def-ae67-c9235e3b5814:group-A0BFFC6E1AA4 changes role from CANDIDATE to LEADER at term 1 for changeToLeader
2019-08-22 17:49:04,804 [9c4ad1af-a9aa-4def-ae67-c9235e3b5814:group-A0BFFC6E1AA4:LeaderElection73] INFO  impl.RaftServerImpl (ServerState.java:setLeader(263)) - 9c4ad1af-a9aa-4def-ae67-c9235e3b5814:group-A0BFFC6E1AA4 change Leader from null to 9c4ad1af-a9aa-4def-ae67-c9235e3b5814 at term 1 for becomeLeader, leader elected after 5092ms
2019-08-22 17:49:04,804 [9c4ad1af-a9aa-4def-ae67-c9235e3b5814:group-A0BFFC6E1AA4:LeaderElection73] INFO  server.RaftServerConfigKeys (ConfUtils.java:logGet(43)) - raft.server.staging.catchup.gap = 1000 (default)
2019-08-22 17:49:04,805 [9c4ad1af-a9aa-4def-ae67-c9235e3b5814:group-A0BFFC6E1AA4:LeaderElection73] INFO  server.RaftServerConfigKeys (ConfUtils.java:logGet(43)) - raft.server.rpc.sleep.time = 25ms (default)
2019-08-22 17:49:04,805 [9c4ad1af-a9aa-4def-ae67-c9235e3b5814:group-A0BFFC6E1AA4:LeaderElection73] INFO  server.RaftServerConfigKeys (ConfUtils.java:logGet(43)) - raft.server.write.element-limit = 4096 (default)
2019-08-22 17:49:04,805 [9c4ad1af-a9aa-4def-ae67-c9235e3b5814:group-A0BFFC6E1AA4:LeaderElection73] INFO  server.RaftServerConfigKeys (ConfUtils.java:logGet(43)) - raft.server.watch.timeout = 10s (default)
2019-08-22 17:49:04,805 [9c4ad1af-a9aa-4def-ae67-c9235e3b5814:group-A0BFFC6E1AA4:LeaderElection73] INFO  server.RaftServerConfigKeys (ConfUtils.java:logGet(43)) - raft.server.watch.timeout.denomination = 1s (default)
2019-08-22 17:49:04,805 [9c4ad1af-a9aa-4def-ae67-c9235e3b5814:group-A0BFFC6E1AA4:LeaderElection73] INFO  server.RaftServerConfigKeys (ConfUtils.java:logGet(43)) - raft.server.watch.element-limit = 65536 (default)
2019-08-22 17:49:04,805 [9c4ad1af-a9aa-4def-ae67-c9235e3b5814:group-A0BFFC6E1AA4:LeaderElection73] INFO  impl.RoleInfo (RoleInfo.java:updateAndGet(143)) - 9c4ad1af-a9aa-4def-ae67-c9235e3b5814: start LeaderState
2019-08-22 17:49:04,806 [9c4ad1af-a9aa-4def-ae67-c9235e3b5814:group-A0BFFC6E1AA4:LeaderElection73] INFO  segmented.SegmentedRaftLogWorker (SegmentedRaftLogWorker.java:startLogSegment(380)) - 9c4ad1af-a9aa-4def-ae67-c9235e3b5814-SegmentedRaftLogWorker:Storage Directory /workdir/hadoop-ozone/integration-test/target/test-dir/MiniOzoneClusterImpl-3fcad3f5-9634-4478-a239-7449fe26e55e/datanode-5/data/ratis/4aaa184b-09a8-4bba-9d68-a0bffc6e1aa4: Starting segment from index:0
2019-08-22 17:49:04,806 [9c4ad1af-a9aa-4def-ae67-c9235e3b5814:group-A0BFFC6E1AA4:LeaderElection73] INFO  impl.RaftServerImpl (ServerState.java:setRaftConf(361)) - 9c4ad1af-a9aa-4def-ae67-c9235e3b5814:group-A0BFFC6E1AA4 set configuration 0: [9c4ad1af-a9aa-4def-ae67-c9235e3b5814:192.168.5.173:39794], old=null at 0
2019-08-22 17:49:04,836 [Thread-3313] INFO  impl.FollowerState (FollowerState.java:run(106)) - e7fa427d-9bf0-4d57-b806-08466f41dcc1:group-55BFC9734161 changes to CANDIDATE, lastRpcTime:5052, electionTimeout:5035ms
2019-08-22 17:49:04,837 [Thread-3313] INFO  impl.RoleInfo (RoleInfo.java:shutdownFollowerState(121)) - e7fa427d-9bf0-4d57-b806-08466f41dcc1: shutdown FollowerState
2019-08-22 17:49:04,837 [Thread-3313] INFO  impl.RaftServerImpl (RaftServerImpl.java:setRole(171)) - e7fa427d-9bf0-4d57-b806-08466f41dcc1:group-55BFC9734161 changes role from FOLLOWER to CANDIDATE at term 0 for changeToCandidate
2019-08-22 17:49:04,837 [Thread-3313] INFO  impl.RoleInfo (RoleInfo.java:updateAndGet(143)) - e7fa427d-9bf0-4d57-b806-08466f41dcc1: start LeaderElection
2019-08-22 17:49:04,837 | INFO  | SCMAudit | user=jenkins1000 | ip=192.168.5.173 | op=SEND_HEARTBEAT {datanodeUUID=e511989b-68ab-45c1-a797-44c33b51afe6, command=[]} | ret=SUCCESS |  
2019-08-22 17:49:04,860 [Thread-3317] INFO  impl.FollowerState (FollowerState.java:run(106)) - 9c4ad1af-a9aa-4def-ae67-c9235e3b5814:group-55BFC9734161 changes to CANDIDATE, lastRpcTime:5070, electionTimeout:5070ms
2019-08-22 17:49:04,860 [Thread-3317] INFO  impl.RoleInfo (RoleInfo.java:shutdownFollowerState(121)) - 9c4ad1af-a9aa-4def-ae67-c9235e3b5814: shutdown FollowerState
2019-08-22 17:49:04,860 [Thread-3317] INFO  impl.RaftServerImpl (RaftServerImpl.java:setRole(171)) - 9c4ad1af-a9aa-4def-ae67-c9235e3b5814:group-55BFC9734161 changes role from FOLLOWER to CANDIDATE at term 0 for changeToCandidate
2019-08-22 17:49:04,860 [Thread-3317] INFO  impl.RoleInfo (RoleInfo.java:updateAndGet(143)) - 9c4ad1af-a9aa-4def-ae67-c9235e3b5814: start LeaderElection
2019-08-22 17:49:04,863 [9c4ad1af-a9aa-4def-ae67-c9235e3b5814-SegmentedRaftLogWorker:Storage Directory /workdir/hadoop-ozone/integration-test/target/test-dir/MiniOzoneClusterImpl-3fcad3f5-9634-4478-a239-7449fe26e55e/datanode-5/data/ratis/4aaa184b-09a8-4bba-9d68-a0bffc6e1aa4] INFO  segmented.SegmentedRaftLogWorker (SegmentedRaftLogWorker.java:execute(569)) - 9c4ad1af-a9aa-4def-ae67-c9235e3b5814-SegmentedRaftLogWorker:Storage Directory /workdir/hadoop-ozone/integration-test/target/test-dir/MiniOzoneClusterImpl-3fcad3f5-9634-4478-a239-7449fe26e55e/datanode-5/data/ratis/4aaa184b-09a8-4bba-9d68-a0bffc6e1aa4: created new log segment /workdir/hadoop-ozone/integration-test/target/test-dir/MiniOzoneClusterImpl-3fcad3f5-9634-4478-a239-7449fe26e55e/datanode-5/data/ratis/4aaa184b-09a8-4bba-9d68-a0bffc6e1aa4/current/log_inprogress_0
2019-08-22 17:49:04,863 [e7fa427d-9bf0-4d57-b806-08466f41dcc1:group-55BFC9734161:LeaderElection74] INFO  impl.LeaderElection (LeaderElection.java:askForVotes(181)) - e7fa427d-9bf0-4d57-b806-08466f41dcc1:group-55BFC9734161:LeaderElection74: begin an election at term 1 for -1: [4ddf9bc6-c089-4456-8fae-06bd647ee380:192.168.5.173:45258, 9c4ad1af-a9aa-4def-ae67-c9235e3b5814:192.168.5.173:39794, e7fa427d-9bf0-4d57-b806-08466f41dcc1:192.168.5.173:40856], old=null
2019-08-22 17:49:04,869 [grpc-default-executor-2] INFO  impl.RaftServerImpl (RaftServerImpl.java:setRole(171)) - 4ddf9bc6-c089-4456-8fae-06bd647ee380:group-55BFC9734161 changes role from FOLLOWER to FOLLOWER at term 1 for recognizeCandidate:e7fa427d-9bf0-4d57-b806-08466f41dcc1
2019-08-22 17:49:04,869 [grpc-default-executor-2] INFO  impl.RoleInfo (RoleInfo.java:shutdownFollowerState(121)) - 4ddf9bc6-c089-4456-8fae-06bd647ee380: shutdown FollowerState
2019-08-22 17:49:04,869 [grpc-default-executor-2] INFO  impl.RoleInfo (RoleInfo.java:updateAndGet(143)) - 4ddf9bc6-c089-4456-8fae-06bd647ee380: start FollowerState
2019-08-22 17:49:04,869 [Thread-3318] INFO  impl.FollowerState (FollowerState.java:run(114)) - 4ddf9bc6-c089-4456-8fae-06bd647ee380: FollowerState was interrupted: java.lang.InterruptedException: sleep interrupted
2019-08-22 17:49:04,879 | INFO  | SCMAudit | user=jenkins1000 | ip=192.168.5.173 | op=SEND_HEARTBEAT {datanodeUUID=bab19725-b868-4c18-8e7b-ccd18f49c2c6, command=[]} | ret=SUCCESS |  
2019-08-22 17:49:04,889 [9c4ad1af-a9aa-4def-ae67-c9235e3b5814:group-55BFC9734161:LeaderElection75] INFO  impl.LeaderElection (LeaderElection.java:askForVotes(181)) - 9c4ad1af-a9aa-4def-ae67-c9235e3b5814:group-55BFC9734161:LeaderElection75: begin an election at term 1 for -1: [4ddf9bc6-c089-4456-8fae-06bd647ee380:192.168.5.173:45258, 9c4ad1af-a9aa-4def-ae67-c9235e3b5814:192.168.5.173:39794, e7fa427d-9bf0-4d57-b806-08466f41dcc1:192.168.5.173:40856], old=null
2019-08-22 17:49:04,892 [e7fa427d-9bf0-4d57-b806-08466f41dcc1:group-55BFC9734161:LeaderElection74] INFO  impl.LeaderElection (LeaderElection.java:logAndReturn(56)) - e7fa427d-9bf0-4d57-b806-08466f41dcc1:group-55BFC9734161:LeaderElection74: Election PASSED; received 2 response(s) [e7fa427d-9bf0-4d57-b806-08466f41dcc1<-4ddf9bc6-c089-4456-8fae-06bd647ee380#0:OK-t1, e7fa427d-9bf0-4d57-b806-08466f41dcc1<-9c4ad1af-a9aa-4def-ae67-c9235e3b5814#0:FAIL-t1] and 0 exception(s); e7fa427d-9bf0-4d57-b806-08466f41dcc1:t1, leader=null, voted=e7fa427d-9bf0-4d57-b806-08466f41dcc1, raftlog=e7fa427d-9bf0-4d57-b806-08466f41dcc1-SegmentedRaftLog:OPENED:c-1,f-1,i0, conf=-1: [4ddf9bc6-c089-4456-8fae-06bd647ee380:192.168.5.173:45258, 9c4ad1af-a9aa-4def-ae67-c9235e3b5814:192.168.5.173:39794, e7fa427d-9bf0-4d57-b806-08466f41dcc1:192.168.5.173:40856], old=null
2019-08-22 17:49:04,892 [e7fa427d-9bf0-4d57-b806-08466f41dcc1:group-55BFC9734161:LeaderElection74] INFO  impl.RoleInfo (RoleInfo.java:shutdownLeaderElection(134)) - e7fa427d-9bf0-4d57-b806-08466f41dcc1: shutdown LeaderElection
2019-08-22 17:49:04,893 [e7fa427d-9bf0-4d57-b806-08466f41dcc1:group-55BFC9734161:LeaderElection74] INFO  impl.RaftServerImpl (RaftServerImpl.java:setRole(171)) - e7fa427d-9bf0-4d57-b806-08466f41dcc1:group-55BFC9734161 changes role from CANDIDATE to LEADER at term 1 for changeToLeader
2019-08-22 17:49:04,893 [e7fa427d-9bf0-4d57-b806-08466f41dcc1:group-55BFC9734161:LeaderElection74] INFO  impl.RaftServerImpl (ServerState.java:setLeader(263)) - e7fa427d-9bf0-4d57-b806-08466f41dcc1:group-55BFC9734161 change Leader from null to e7fa427d-9bf0-4d57-b806-08466f41dcc1 at term 1 for becomeLeader, leader elected after 5116ms
2019-08-22 17:49:04,893 [e7fa427d-9bf0-4d57-b806-08466f41dcc1:group-55BFC9734161:LeaderElection74] INFO  server.RaftServerConfigKeys (ConfUtils.java:logGet(43)) - raft.server.staging.catchup.gap = 1000 (default)
2019-08-22 17:49:04,893 [e7fa427d-9bf0-4d57-b806-08466f41dcc1:group-55BFC9734161:LeaderElection74] INFO  server.RaftServerConfigKeys (ConfUtils.java:logGet(43)) - raft.server.rpc.sleep.time = 25ms (default)
2019-08-22 17:49:04,893 [e7fa427d-9bf0-4d57-b806-08466f41dcc1:group-55BFC9734161:LeaderElection74] INFO  server.RaftServerConfigKeys (ConfUtils.java:logGet(43)) - raft.server.write.element-limit = 4096 (default)
2019-08-22 17:49:04,893 [e7fa427d-9bf0-4d57-b806-08466f41dcc1:group-55BFC9734161:LeaderElection74] INFO  server.RaftServerConfigKeys (ConfUtils.java:logGet(43)) - raft.server.watch.timeout = 10s (default)
2019-08-22 17:49:04,894 [e7fa427d-9bf0-4d57-b806-08466f41dcc1:group-55BFC9734161:LeaderElection74] INFO  server.RaftServerConfigKeys (ConfUtils.java:logGet(43)) - raft.server.watch.timeout.denomination = 1s (default)
2019-08-22 17:49:04,894 [e7fa427d-9bf0-4d57-b806-08466f41dcc1:group-55BFC9734161:LeaderElection74] INFO  server.RaftServerConfigKeys (ConfUtils.java:logGet(43)) - raft.server.watch.element-limit = 65536 (default)
2019-08-22 17:49:04,894 [e7fa427d-9bf0-4d57-b806-08466f41dcc1:group-55BFC9734161:LeaderElection74] INFO  server.RaftServerConfigKeys (ConfUtils.java:logGet(43)) - raft.server.log.appender.snapshot.chunk.size.max = 16MB (=16777216) (default)
2019-08-22 17:49:04,894 [e7fa427d-9bf0-4d57-b806-08466f41dcc1:group-55BFC9734161:LeaderElection74] INFO  server.RaftServerConfigKeys (ConfUtils.java:logGet(43)) - raft.server.log.appender.buffer.byte-limit = 33554432 (custom)
2019-08-22 17:49:04,895 [e7fa427d-9bf0-4d57-b806-08466f41dcc1:group-55BFC9734161:LeaderElection74] INFO  server.RaftServerConfigKeys (ConfUtils.java:logGet(43)) - raft.server.log.appender.buffer.element-limit = 1 (custom)
2019-08-22 17:49:04,897 [e7fa427d-9bf0-4d57-b806-08466f41dcc1:group-55BFC9734161:LeaderElection74] INFO  grpc.GrpcConfigKeys$Server (ConfUtils.java:logGet(43)) - raft.grpc.server.leader.outstanding.appends.max = 128 (default)
2019-08-22 17:49:04,897 [e7fa427d-9bf0-4d57-b806-08466f41dcc1:group-55BFC9734161:LeaderElection74] INFO  server.RaftServerConfigKeys (ConfUtils.java:logGet(43)) - raft.server.rpc.request.timeout = 3000ms (default)
2019-08-22 17:49:04,897 [e7fa427d-9bf0-4d57-b806-08466f41dcc1:group-55BFC9734161:LeaderElection74] INFO  server.RaftServerConfigKeys (ConfUtils.java:logGet(43)) - raft.server.log.appender.install.snapshot.enabled = false (custom)
2019-08-22 17:49:04,897 [e7fa427d-9bf0-4d57-b806-08466f41dcc1:group-55BFC9734161:LeaderElection74] INFO  server.RaftServerConfigKeys (ConfUtils.java:logGet(43)) - raft.server.log.appender.snapshot.chunk.size.max = 16MB (=16777216) (default)
2019-08-22 17:49:04,897 [e7fa427d-9bf0-4d57-b806-08466f41dcc1:group-55BFC9734161:LeaderElection74] INFO  server.RaftServerConfigKeys (ConfUtils.java:logGet(43)) - raft.server.log.appender.buffer.byte-limit = 33554432 (custom)
2019-08-22 17:49:04,898 [e7fa427d-9bf0-4d57-b806-08466f41dcc1:group-55BFC9734161:LeaderElection74] INFO  server.RaftServerConfigKeys (ConfUtils.java:logGet(43)) - raft.server.log.appender.buffer.element-limit = 1 (custom)
2019-08-22 17:49:04,898 [e7fa427d-9bf0-4d57-b806-08466f41dcc1:group-55BFC9734161:LeaderElection74] INFO  grpc.GrpcConfigKeys$Server (ConfUtils.java:logGet(43)) - raft.grpc.server.leader.outstanding.appends.max = 128 (default)
2019-08-22 17:49:04,898 [e7fa427d-9bf0-4d57-b806-08466f41dcc1:group-55BFC9734161:LeaderElection74] INFO  server.RaftServerConfigKeys (ConfUtils.java:logGet(43)) - raft.server.rpc.request.timeout = 3000ms (default)
2019-08-22 17:49:04,898 [e7fa427d-9bf0-4d57-b806-08466f41dcc1:group-55BFC9734161:LeaderElection74] INFO  server.RaftServerConfigKeys (ConfUtils.java:logGet(43)) - raft.server.log.appender.install.snapshot.enabled = false (custom)
2019-08-22 17:49:04,898 [e7fa427d-9bf0-4d57-b806-08466f41dcc1:group-55BFC9734161:LeaderElection74] INFO  impl.RoleInfo (RoleInfo.java:updateAndGet(143)) - e7fa427d-9bf0-4d57-b806-08466f41dcc1: start LeaderState
2019-08-22 17:49:04,899 [e7fa427d-9bf0-4d57-b806-08466f41dcc1:group-55BFC9734161:LeaderElection74] INFO  segmented.SegmentedRaftLogWorker (SegmentedRaftLogWorker.java:startLogSegment(380)) - e7fa427d-9bf0-4d57-b806-08466f41dcc1-SegmentedRaftLogWorker:Storage Directory /workdir/hadoop-ozone/integration-test/target/test-dir/MiniOzoneClusterImpl-3fcad3f5-9634-4478-a239-7449fe26e55e/datanode-3/data/ratis/28a9f31c-9582-4f86-b1f3-55bfc9734161: Starting segment from index:0
2019-08-22 17:49:04,899 [e7fa427d-9bf0-4d57-b806-08466f41dcc1:group-55BFC9734161:LeaderElection74] INFO  impl.RaftServerImpl (ServerState.java:setRaftConf(361)) - e7fa427d-9bf0-4d57-b806-08466f41dcc1:group-55BFC9734161 set configuration 0: [4ddf9bc6-c089-4456-8fae-06bd647ee380:192.168.5.173:45258, 9c4ad1af-a9aa-4def-ae67-c9235e3b5814:192.168.5.173:39794, e7fa427d-9bf0-4d57-b806-08466f41dcc1:192.168.5.173:40856], old=null at 0
2019-08-22 17:49:04,900 [grpc-default-executor-1] INFO  impl.RaftServerImpl (RaftServerImpl.java:requestVote(754)) - e7fa427d-9bf0-4d57-b806-08466f41dcc1-LEADER: Withhold vote from candidate 9c4ad1af-a9aa-4def-ae67-c9235e3b5814 with term 1. State: leader=e7fa427d-9bf0-4d57-b806-08466f41dcc1, term=1, lastRpcElapsed=null
2019-08-22 17:49:04,901 [grpc-default-executor-1] INFO  impl.RaftServerImpl (ServerState.java:setLeader(263)) - 4ddf9bc6-c089-4456-8fae-06bd647ee380:group-55BFC9734161 change Leader from null to e7fa427d-9bf0-4d57-b806-08466f41dcc1 at term 1 for appendEntries, leader elected after 5124ms
2019-08-22 17:49:04,901 [9c4ad1af-a9aa-4def-ae67-c9235e3b5814:group-55BFC9734161:LeaderElection75] INFO  impl.LeaderElection (LeaderElection.java:logAndReturn(56)) - 9c4ad1af-a9aa-4def-ae67-c9235e3b5814:group-55BFC9734161:LeaderElection75: Election REJECTED; received 2 response(s) [9c4ad1af-a9aa-4def-ae67-c9235e3b5814<-4ddf9bc6-c089-4456-8fae-06bd647ee380#0:FAIL-t1, 9c4ad1af-a9aa-4def-ae67-c9235e3b5814<-e7fa427d-9bf0-4d57-b806-08466f41dcc1#0:FAIL-t1] and 0 exception(s); 9c4ad1af-a9aa-4def-ae67-c9235e3b5814:t1, leader=null, voted=9c4ad1af-a9aa-4def-ae67-c9235e3b5814, raftlog=9c4ad1af-a9aa-4def-ae67-c9235e3b5814-SegmentedRaftLog:OPENED:c-1,f-1,i0, conf=-1: [4ddf9bc6-c089-4456-8fae-06bd647ee380:192.168.5.173:45258, 9c4ad1af-a9aa-4def-ae67-c9235e3b5814:192.168.5.173:39794, e7fa427d-9bf0-4d57-b806-08466f41dcc1:192.168.5.173:40856], old=null
2019-08-22 17:49:04,901 [grpc-default-executor-2] INFO  impl.RaftServerImpl (RaftServerImpl.java:setRole(171)) - 9c4ad1af-a9aa-4def-ae67-c9235e3b5814:group-55BFC9734161 changes role from CANDIDATE to FOLLOWER at term 1 for appendEntries
2019-08-22 17:49:04,901 [grpc-default-executor-2] INFO  impl.RoleInfo (RoleInfo.java:shutdownLeaderElection(134)) - 9c4ad1af-a9aa-4def-ae67-c9235e3b5814: shutdown LeaderElection
2019-08-22 17:49:04,902 [grpc-default-executor-2] INFO  impl.RoleInfo (RoleInfo.java:updateAndGet(143)) - 9c4ad1af-a9aa-4def-ae67-c9235e3b5814: start FollowerState
2019-08-22 17:49:04,902 [grpc-default-executor-2] INFO  impl.RaftServerImpl (ServerState.java:setLeader(263)) - 9c4ad1af-a9aa-4def-ae67-c9235e3b5814:group-55BFC9734161 change Leader from null to e7fa427d-9bf0-4d57-b806-08466f41dcc1 at term 1 for appendEntries, leader elected after 5125ms
2019-08-22 17:49:04,903 [grpc-default-executor-2] INFO  impl.RaftServerImpl (ServerState.java:setRaftConf(361)) - 4ddf9bc6-c089-4456-8fae-06bd647ee380:group-55BFC9734161 set configuration 0: [4ddf9bc6-c089-4456-8fae-06bd647ee380:192.168.5.173:45258, 9c4ad1af-a9aa-4def-ae67-c9235e3b5814:192.168.5.173:39794, e7fa427d-9bf0-4d57-b806-08466f41dcc1:192.168.5.173:40856], old=null at 0
2019-08-22 17:49:04,903 [grpc-default-executor-2] INFO  segmented.SegmentedRaftLogWorker (SegmentedRaftLogWorker.java:startLogSegment(380)) - 4ddf9bc6-c089-4456-8fae-06bd647ee380-SegmentedRaftLogWorker:Storage Directory /workdir/hadoop-ozone/integration-test/target/test-dir/MiniOzoneClusterImpl-3fcad3f5-9634-4478-a239-7449fe26e55e/datanode-4/data/ratis/28a9f31c-9582-4f86-b1f3-55bfc9734161: Starting segment from index:0
2019-08-22 17:49:04,904 [grpc-default-executor-2] INFO  impl.RaftServerImpl (ServerState.java:setRaftConf(361)) - 9c4ad1af-a9aa-4def-ae67-c9235e3b5814:group-55BFC9734161 set configuration 0: [4ddf9bc6-c089-4456-8fae-06bd647ee380:192.168.5.173:45258, 9c4ad1af-a9aa-4def-ae67-c9235e3b5814:192.168.5.173:39794, e7fa427d-9bf0-4d57-b806-08466f41dcc1:192.168.5.173:40856], old=null at 0
2019-08-22 17:49:04,904 [grpc-default-executor-2] INFO  segmented.SegmentedRaftLogWorker (SegmentedRaftLogWorker.java:startLogSegment(380)) - 9c4ad1af-a9aa-4def-ae67-c9235e3b5814-SegmentedRaftLogWorker:Storage Directory /workdir/hadoop-ozone/integration-test/target/test-dir/MiniOzoneClusterImpl-3fcad3f5-9634-4478-a239-7449fe26e55e/datanode-5/data/ratis/28a9f31c-9582-4f86-b1f3-55bfc9734161: Starting segment from index:0
2019-08-22 17:49:04,946 [9c4ad1af-a9aa-4def-ae67-c9235e3b5814-SegmentedRaftLogWorker:Storage Directory /workdir/hadoop-ozone/integration-test/target/test-dir/MiniOzoneClusterImpl-3fcad3f5-9634-4478-a239-7449fe26e55e/datanode-5/data/ratis/28a9f31c-9582-4f86-b1f3-55bfc9734161] INFO  segmented.SegmentedRaftLogWorker (SegmentedRaftLogWorker.java:execute(569)) - 9c4ad1af-a9aa-4def-ae67-c9235e3b5814-SegmentedRaftLogWorker:Storage Directory /workdir/hadoop-ozone/integration-test/target/test-dir/MiniOzoneClusterImpl-3fcad3f5-9634-4478-a239-7449fe26e55e/datanode-5/data/ratis/28a9f31c-9582-4f86-b1f3-55bfc9734161: created new log segment /workdir/hadoop-ozone/integration-test/target/test-dir/MiniOzoneClusterImpl-3fcad3f5-9634-4478-a239-7449fe26e55e/datanode-5/data/ratis/28a9f31c-9582-4f86-b1f3-55bfc9734161/current/log_inprogress_0
2019-08-22 17:49:04,946 [4ddf9bc6-c089-4456-8fae-06bd647ee380-SegmentedRaftLogWorker:Storage Directory /workdir/hadoop-ozone/integration-test/target/test-dir/MiniOzoneClusterImpl-3fcad3f5-9634-4478-a239-7449fe26e55e/datanode-4/data/ratis/28a9f31c-9582-4f86-b1f3-55bfc9734161] INFO  segmented.SegmentedRaftLogWorker (SegmentedRaftLogWorker.java:execute(569)) - 4ddf9bc6-c089-4456-8fae-06bd647ee380-SegmentedRaftLogWorker:Storage Directory /workdir/hadoop-ozone/integration-test/target/test-dir/MiniOzoneClusterImpl-3fcad3f5-9634-4478-a239-7449fe26e55e/datanode-4/data/ratis/28a9f31c-9582-4f86-b1f3-55bfc9734161: created new log segment /workdir/hadoop-ozone/integration-test/target/test-dir/MiniOzoneClusterImpl-3fcad3f5-9634-4478-a239-7449fe26e55e/datanode-4/data/ratis/28a9f31c-9582-4f86-b1f3-55bfc9734161/current/log_inprogress_0
2019-08-22 17:49:04,946 [e7fa427d-9bf0-4d57-b806-08466f41dcc1-SegmentedRaftLogWorker:Storage Directory /workdir/hadoop-ozone/integration-test/target/test-dir/MiniOzoneClusterImpl-3fcad3f5-9634-4478-a239-7449fe26e55e/datanode-3/data/ratis/28a9f31c-9582-4f86-b1f3-55bfc9734161] INFO  segmented.SegmentedRaftLogWorker (SegmentedRaftLogWorker.java:execute(569)) - e7fa427d-9bf0-4d57-b806-08466f41dcc1-SegmentedRaftLogWorker:Storage Directory /workdir/hadoop-ozone/integration-test/target/test-dir/MiniOzoneClusterImpl-3fcad3f5-9634-4478-a239-7449fe26e55e/datanode-3/data/ratis/28a9f31c-9582-4f86-b1f3-55bfc9734161: created new log segment /workdir/hadoop-ozone/integration-test/target/test-dir/MiniOzoneClusterImpl-3fcad3f5-9634-4478-a239-7449fe26e55e/datanode-3/data/ratis/28a9f31c-9582-4f86-b1f3-55bfc9734161/current/log_inprogress_0
2019-08-22 17:49:05,027 [grpc-default-executor-2] INFO  client.GrpcClientProtocolClient (GrpcClientProtocolClient.java:onNext(255)) - client-956DB91747F7->9c4ad1af-a9aa-4def-ae67-c9235e3b5814: receive RaftClientReply:client-956DB91747F7->9c4ad1af-a9aa-4def-ae67-c9235e3b5814@group-55BFC9734161, cid=156, FAILED org.apache.ratis.protocol.NotLeaderException: Server 9c4ad1af-a9aa-4def-ae67-c9235e3b5814 is not the leader (e7fa427d-9bf0-4d57-b806-08466f41dcc1:192.168.5.173:40856). Request must be sent to leader., logIndex=0, commits[9c4ad1af-a9aa-4def-ae67-c9235e3b5814:c-1, 4ddf9bc6-c089-4456-8fae-06bd647ee380:c-1, e7fa427d-9bf0-4d57-b806-08466f41dcc1:c-1]
2019-08-22 17:49:05,096 [Thread-3322] INFO  impl.FollowerState (FollowerState.java:run(106)) - bab19725-b868-4c18-8e7b-ccd18f49c2c6:group-F3F08ACCD95B changes to CANDIDATE, lastRpcTime:5161, electionTimeout:5161ms
2019-08-22 17:49:05,096 [Thread-3322] INFO  impl.RoleInfo (RoleInfo.java:shutdownFollowerState(121)) - bab19725-b868-4c18-8e7b-ccd18f49c2c6: shutdown FollowerState
2019-08-22 17:49:05,096 [Thread-3322] INFO  impl.RaftServerImpl (RaftServerImpl.java:setRole(171)) - bab19725-b868-4c18-8e7b-ccd18f49c2c6:group-F3F08ACCD95B changes role from FOLLOWER to CANDIDATE at term 0 for changeToCandidate
2019-08-22 17:49:05,096 [Thread-3322] INFO  impl.RoleInfo (RoleInfo.java:updateAndGet(143)) - bab19725-b868-4c18-8e7b-ccd18f49c2c6: start LeaderElection
2019-08-22 17:49:05,115 [bab19725-b868-4c18-8e7b-ccd18f49c2c6:group-F3F08ACCD95B:LeaderElection76] INFO  impl.LeaderElection (LeaderElection.java:askForVotes(181)) - bab19725-b868-4c18-8e7b-ccd18f49c2c6:group-F3F08ACCD95B:LeaderElection76: begin an election at term 1 for -1: [bab19725-b868-4c18-8e7b-ccd18f49c2c6:192.168.5.173:44895], old=null
2019-08-22 17:49:05,115 [bab19725-b868-4c18-8e7b-ccd18f49c2c6:group-F3F08ACCD95B:LeaderElection76] INFO  impl.RoleInfo (RoleInfo.java:shutdownLeaderElection(134)) - bab19725-b868-4c18-8e7b-ccd18f49c2c6: shutdown LeaderElection
2019-08-22 17:49:05,115 [bab19725-b868-4c18-8e7b-ccd18f49c2c6:group-F3F08ACCD95B:LeaderElection76] INFO  impl.RaftServerImpl (RaftServerImpl.java:setRole(171)) - bab19725-b868-4c18-8e7b-ccd18f49c2c6:group-F3F08ACCD95B changes role from CANDIDATE to LEADER at term 1 for changeToLeader
2019-08-22 17:49:05,116 [bab19725-b868-4c18-8e7b-ccd18f49c2c6:group-F3F08ACCD95B:LeaderElection76] INFO  impl.RaftServerImpl (ServerState.java:setLeader(263)) - bab19725-b868-4c18-8e7b-ccd18f49c2c6:group-F3F08ACCD95B change Leader from null to bab19725-b868-4c18-8e7b-ccd18f49c2c6 at term 1 for becomeLeader, leader elected after 5185ms
2019-08-22 17:49:05,116 [bab19725-b868-4c18-8e7b-ccd18f49c2c6:group-F3F08ACCD95B:LeaderElection76] INFO  server.RaftServerConfigKeys (ConfUtils.java:logGet(43)) - raft.server.staging.catchup.gap = 1000 (default)
2019-08-22 17:49:05,116 [bab19725-b868-4c18-8e7b-ccd18f49c2c6:group-F3F08ACCD95B:LeaderElection76] INFO  server.RaftServerConfigKeys (ConfUtils.java:logGet(43)) - raft.server.rpc.sleep.time = 25ms (default)
2019-08-22 17:49:05,116 [bab19725-b868-4c18-8e7b-ccd18f49c2c6:group-F3F08ACCD95B:LeaderElection76] INFO  server.RaftServerConfigKeys (ConfUtils.java:logGet(43)) - raft.server.write.element-limit = 4096 (default)
2019-08-22 17:49:05,116 [bab19725-b868-4c18-8e7b-ccd18f49c2c6:group-F3F08ACCD95B:LeaderElection76] INFO  server.RaftServerConfigKeys (ConfUtils.java:logGet(43)) - raft.server.watch.timeout = 10s (default)
2019-08-22 17:49:05,116 [bab19725-b868-4c18-8e7b-ccd18f49c2c6:group-F3F08ACCD95B:LeaderElection76] INFO  server.RaftServerConfigKeys (ConfUtils.java:logGet(43)) - raft.server.watch.timeout.denomination = 1s (default)
2019-08-22 17:49:05,116 [bab19725-b868-4c18-8e7b-ccd18f49c2c6:group-F3F08ACCD95B:LeaderElection76] INFO  server.RaftServerConfigKeys (ConfUtils.java:logGet(43)) - raft.server.watch.element-limit = 65536 (default)
2019-08-22 17:49:05,116 [bab19725-b868-4c18-8e7b-ccd18f49c2c6:group-F3F08ACCD95B:LeaderElection76] INFO  impl.RoleInfo (RoleInfo.java:updateAndGet(143)) - bab19725-b868-4c18-8e7b-ccd18f49c2c6: start LeaderState
2019-08-22 17:49:05,117 [bab19725-b868-4c18-8e7b-ccd18f49c2c6:group-F3F08ACCD95B:LeaderElection76] INFO  segmented.SegmentedRaftLogWorker (SegmentedRaftLogWorker.java:startLogSegment(380)) - bab19725-b868-4c18-8e7b-ccd18f49c2c6-SegmentedRaftLogWorker:Storage Directory /workdir/hadoop-ozone/integration-test/target/test-dir/MiniOzoneClusterImpl-3fcad3f5-9634-4478-a239-7449fe26e55e/datanode-6/data/ratis/c9d7f09d-da11-47af-8bd1-f3f08accd95b: Starting segment from index:0
2019-08-22 17:49:05,117 [bab19725-b868-4c18-8e7b-ccd18f49c2c6:group-F3F08ACCD95B:LeaderElection76] INFO  impl.RaftServerImpl (ServerState.java:setRaftConf(361)) - bab19725-b868-4c18-8e7b-ccd18f49c2c6:group-F3F08ACCD95B set configuration 0: [bab19725-b868-4c18-8e7b-ccd18f49c2c6:192.168.5.173:44895], old=null at 0
2019-08-22 17:49:05,156 [bab19725-b868-4c18-8e7b-ccd18f49c2c6-SegmentedRaftLogWorker:Storage Directory /workdir/hadoop-ozone/integration-test/target/test-dir/MiniOzoneClusterImpl-3fcad3f5-9634-4478-a239-7449fe26e55e/datanode-6/data/ratis/c9d7f09d-da11-47af-8bd1-f3f08accd95b] INFO  segmented.SegmentedRaftLogWorker (SegmentedRaftLogWorker.java:execute(569)) - bab19725-b868-4c18-8e7b-ccd18f49c2c6-SegmentedRaftLogWorker:Storage Directory /workdir/hadoop-ozone/integration-test/target/test-dir/MiniOzoneClusterImpl-3fcad3f5-9634-4478-a239-7449fe26e55e/datanode-6/data/ratis/c9d7f09d-da11-47af-8bd1-f3f08accd95b: created new log segment /workdir/hadoop-ozone/integration-test/target/test-dir/MiniOzoneClusterImpl-3fcad3f5-9634-4478-a239-7449fe26e55e/datanode-6/data/ratis/c9d7f09d-da11-47af-8bd1-f3f08accd95b/current/log_inprogress_0
2019-08-22 17:49:05,160 | INFO  | DNAudit | user=null | ip=null | op=WRITE_CHUNK {blockData=conID: 1 locID: 102661891092578318 bcsId: 0} | ret=SUCCESS |  
2019-08-22 17:49:05,160 | INFO  | DNAudit | user=null | ip=null | op=WRITE_CHUNK {blockData=conID: 1 locID: 102661891092578318 bcsId: 0} | ret=SUCCESS |  
2019-08-22 17:49:05,160 | INFO  | DNAudit | user=null | ip=null | op=WRITE_CHUNK {blockData=conID: 1 locID: 102661891092578318 bcsId: 0} | ret=SUCCESS |  
2019-08-22 17:49:05,160 | INFO  | SCMAudit | user=jenkins1000 | ip=192.168.5.173 | op=SEND_HEARTBEAT {datanodeUUID=e7fa427d-9bf0-4d57-b806-08466f41dcc1, command=[]} | ret=SUCCESS |  
2019-08-22 17:49:05,160 | INFO  | SCMAudit | user=jenkins1000 | ip=192.168.5.173 | op=SEND_HEARTBEAT {datanodeUUID=4ddf9bc6-c089-4456-8fae-06bd647ee380, command=[]} | ret=SUCCESS |  
2019-08-22 17:49:05,160 | INFO  | SCMAudit | user=jenkins1000 | ip=192.168.5.173 | op=SEND_HEARTBEAT {datanodeUUID=9c4ad1af-a9aa-4def-ae67-c9235e3b5814, command=[]} | ret=SUCCESS |  
2019-08-22 17:49:05,171 | INFO  | DNAudit | user=null | ip=null | op=WRITE_CHUNK {blockData=conID: 1 locID: 102661891092578318 bcsId: 0} | ret=SUCCESS |  
2019-08-22 17:49:05,176 [grpc-default-executor-2] INFO  client.GrpcClientProtocolClient (GrpcClientProtocolClient.java:onNext(255)) - client-956DB91747F7->e7fa427d-9bf0-4d57-b806-08466f41dcc1: receive RaftClientReply:client-956DB91747F7->e7fa427d-9bf0-4d57-b806-08466f41dcc1@group-55BFC9734161, cid=156, SUCCESS, logIndex=1, commits[e7fa427d-9bf0-4d57-b806-08466f41dcc1:c1, 4ddf9bc6-c089-4456-8fae-06bd647ee380:c0, 9c4ad1af-a9aa-4def-ae67-c9235e3b5814:c0]
2019-08-22 17:49:05,178 | INFO  | DNAudit | user=null | ip=null | op=WRITE_CHUNK {blockData=conID: 1 locID: 102661891092578318 bcsId: 0} | ret=SUCCESS |  
2019-08-22 17:49:05,178 | INFO  | DNAudit | user=null | ip=null | op=WRITE_CHUNK {blockData=conID: 1 locID: 102661891092578318 bcsId: 0} | ret=SUCCESS |  
2019-08-22 17:49:05,178 | INFO  | DNAudit | user=null | ip=null | op=WRITE_CHUNK {blockData=conID: 1 locID: 102661891092578318 bcsId: 0} | ret=SUCCESS |  
2019-08-22 17:49:05,179 | INFO  | DNAudit | user=null | ip=null | op=WRITE_CHUNK {blockData=conID: 1 locID: 102661891092578318 bcsId: 0} | ret=SUCCESS |  
2019-08-22 17:49:05,179 | INFO  | DNAudit | user=null | ip=null | op=WRITE_CHUNK {blockData=conID: 1 locID: 102661891092578318 bcsId: 0} | ret=SUCCESS |  
2019-08-22 17:49:05,180 | INFO  | DNAudit | user=null | ip=null | op=WRITE_CHUNK {blockData=conID: 1 locID: 102661891092578318 bcsId: 0} | ret=SUCCESS |  
2019-08-22 17:49:05,180 | INFO  | DNAudit | user=null | ip=null | op=WRITE_CHUNK {blockData=conID: 1 locID: 102661891092578318 bcsId: 0} | ret=SUCCESS |  
2019-08-22 17:49:05,180 | INFO  | DNAudit | user=null | ip=null | op=WRITE_CHUNK {blockData=conID: 1 locID: 102661891092578318 bcsId: 0} | ret=SUCCESS |  
2019-08-22 17:49:05,180 | INFO  | DNAudit | user=null | ip=null | op=WRITE_CHUNK {blockData=conID: 1 locID: 102661891092578318 bcsId: 0} | ret=SUCCESS |  
2019-08-22 17:49:05,184 | INFO  | DNAudit | user=null | ip=null | op=WRITE_CHUNK {blockData=conID: 1 locID: 102661891092578318 bcsId: 0} | ret=SUCCESS |  
2019-08-22 17:49:05,184 | INFO  | DNAudit | user=null | ip=null | op=WRITE_CHUNK {blockData=conID: 1 locID: 102661891092578318 bcsId: 0} | ret=SUCCESS |  
2019-08-22 17:49:05,197 | INFO  | DNAudit | user=null | ip=null | op=WRITE_CHUNK {blockData=conID: 1 locID: 102661891092578318 bcsId: 0} | ret=SUCCESS |  
2019-08-22 17:49:05,201 [grpc-default-executor-2] INFO  client.GrpcClientProtocolClient (GrpcClientProtocolClient.java:onNext(255)) - client-956DB91747F7->e7fa427d-9bf0-4d57-b806-08466f41dcc1: receive RaftClientReply:client-956DB91747F7->e7fa427d-9bf0-4d57-b806-08466f41dcc1@group-55BFC9734161, cid=157, SUCCESS, logIndex=3, commits[e7fa427d-9bf0-4d57-b806-08466f41dcc1:c5, 4ddf9bc6-c089-4456-8fae-06bd647ee380:c1, 9c4ad1af-a9aa-4def-ae67-c9235e3b5814:c1]
2019-08-22 17:49:05,216 | INFO  | DNAudit | user=null | ip=null | op=WRITE_CHUNK {blockData=conID: 1 locID: 102661891092578318 bcsId: 0} | ret=SUCCESS |  
2019-08-22 17:49:05,216 | INFO  | DNAudit | user=null | ip=null | op=WRITE_CHUNK {blockData=conID: 1 locID: 102661891092578318 bcsId: 0} | ret=SUCCESS |  
2019-08-22 17:49:05,265 | INFO  | DNAudit | user=null | ip=null | op=PUT_BLOCK {blockData=[blockId=conID: 1 locID: 102661891092578318 bcsId: 0,size=200]} | ret=SUCCESS |  
2019-08-22 17:49:05,267 | INFO  | DNAudit | user=null | ip=null | op=WRITE_CHUNK {blockData=conID: 1 locID: 102661891092578318 bcsId: 0} | ret=SUCCESS |  
2019-08-22 17:49:05,268 | INFO  | DNAudit | user=null | ip=null | op=WRITE_CHUNK {blockData=conID: 1 locID: 102661891092578318 bcsId: 0} | ret=SUCCESS |  
2019-08-22 17:49:05,268 [grpc-default-executor-5] INFO  client.GrpcClientProtocolClient (GrpcClientProtocolClient.java:onNext(255)) - client-956DB91747F7->e7fa427d-9bf0-4d57-b806-08466f41dcc1: receive RaftClientReply:client-956DB91747F7->e7fa427d-9bf0-4d57-b806-08466f41dcc1@group-55BFC9734161, cid=158, SUCCESS, logIndex=4, commits[e7fa427d-9bf0-4d57-b806-08466f41dcc1:c11, 4ddf9bc6-c089-4456-8fae-06bd647ee380:c7, 9c4ad1af-a9aa-4def-ae67-c9235e3b5814:c7]
2019-08-22 17:49:05,269 [grpc-default-executor-5] INFO  client.GrpcClientProtocolClient (GrpcClientProtocolClient.java:onNext(255)) - client-956DB91747F7->e7fa427d-9bf0-4d57-b806-08466f41dcc1: receive RaftClientReply:client-956DB91747F7->e7fa427d-9bf0-4d57-b806-08466f41dcc1@group-55BFC9734161, cid=159, SUCCESS, logIndex=5, commits[e7fa427d-9bf0-4d57-b806-08466f41dcc1:c11, 4ddf9bc6-c089-4456-8fae-06bd647ee380:c7, 9c4ad1af-a9aa-4def-ae67-c9235e3b5814:c7]
2019-08-22 17:49:05,270 [grpc-default-executor-5] INFO  client.GrpcClientProtocolClient (GrpcClientProtocolClient.java:onNext(255)) - client-956DB91747F7->e7fa427d-9bf0-4d57-b806-08466f41dcc1: receive RaftClientReply:client-956DB91747F7->e7fa427d-9bf0-4d57-b806-08466f41dcc1@group-55BFC9734161, cid=160, SUCCESS, logIndex=6, commits[e7fa427d-9bf0-4d57-b806-08466f41dcc1:c11, 4ddf9bc6-c089-4456-8fae-06bd647ee380:c7, 9c4ad1af-a9aa-4def-ae67-c9235e3b5814:c7]
2019-08-22 17:49:05,304 | INFO  | DNAudit | user=null | ip=null | op=PUT_BLOCK {blockData=[blockId=conID: 1 locID: 102661891092578318 bcsId: 0,size=200]} | ret=SUCCESS |  
2019-08-22 17:49:05,304 | INFO  | DNAudit | user=null | ip=null | op=WRITE_CHUNK {blockData=conID: 1 locID: 102661891092578318 bcsId: 0} | ret=SUCCESS |  
2019-08-22 17:49:05,304 | INFO  | DNAudit | user=null | ip=null | op=WRITE_CHUNK {blockData=conID: 1 locID: 102661891092578318 bcsId: 0} | ret=SUCCESS |  
2019-08-22 17:49:05,360 | INFO  | DNAudit | user=null | ip=null | op=PUT_BLOCK {blockData=[blockId=conID: 1 locID: 102661891092578318 bcsId: 0,size=400]} | ret=SUCCESS |  
2019-08-22 17:49:05,360 | INFO  | DNAudit | user=null | ip=null | op=PUT_BLOCK {blockData=[blockId=conID: 1 locID: 102661891092578318 bcsId: 0,size=400]} | ret=SUCCESS |  
2019-08-22 17:49:05,362 | INFO  | DNAudit | user=null | ip=null | op=PUT_BLOCK {blockData=[blockId=conID: 1 locID: 102661891092578318 bcsId: 0,size=200]} | ret=SUCCESS |  
2019-08-22 17:49:05,362 | INFO  | DNAudit | user=null | ip=null | op=WRITE_CHUNK {blockData=conID: 1 locID: 102661891092578318 bcsId: 0} | ret=SUCCESS |  
2019-08-22 17:49:05,363 | INFO  | DNAudit | user=null | ip=null | op=WRITE_CHUNK {blockData=conID: 1 locID: 102661891092578318 bcsId: 0} | ret=SUCCESS |  
2019-08-22 17:49:05,363 [grpc-default-executor-5] INFO  client.GrpcClientProtocolClient (GrpcClientProtocolClient.java:onNext(255)) - client-956DB91747F7->e7fa427d-9bf0-4d57-b806-08466f41dcc1: receive RaftClientReply:client-956DB91747F7->e7fa427d-9bf0-4d57-b806-08466f41dcc1@group-55BFC9734161, cid=161, SUCCESS, logIndex=7, commits[e7fa427d-9bf0-4d57-b806-08466f41dcc1:c11, 4ddf9bc6-c089-4456-8fae-06bd647ee380:c7, 9c4ad1af-a9aa-4def-ae67-c9235e3b5814:c7]
2019-08-22 17:49:05,363 | INFO  | DNAudit | user=null | ip=null | op=PUT_BLOCK {blockData=[blockId=conID: 1 locID: 102661891092578318 bcsId: 0,size=400]} | ret=SUCCESS |  
2019-08-22 17:49:05,368 | INFO  | DNAudit | user=null | ip=null | op=WRITE_CHUNK {blockData=conID: 1 locID: 102661891092578318 bcsId: 7} | ret=SUCCESS |  
2019-08-22 17:49:05,369 | INFO  | DNAudit | user=null | ip=null | op=WRITE_CHUNK {blockData=conID: 1 locID: 102661891092578318 bcsId: 7} | ret=SUCCESS |  
2019-08-22 17:49:05,369 | INFO  | DNAudit | user=null | ip=null | op=WRITE_CHUNK {blockData=conID: 1 locID: 102661891092578318 bcsId: 7} | ret=SUCCESS |  
2019-08-22 17:49:05,383 | INFO  | DNAudit | user=null | ip=null | op=WRITE_CHUNK {blockData=conID: 1 locID: 102661891092578318 bcsId: 7} | ret=SUCCESS |  
2019-08-22 17:49:05,384 | INFO  | DNAudit | user=null | ip=null | op=PUT_BLOCK {blockData=[blockId=conID: 1 locID: 102661891092578318 bcsId: 0,size=450]} | ret=SUCCESS |  
2019-08-22 17:49:05,384 [grpc-default-executor-2] INFO  client.GrpcClientProtocolClient (GrpcClientProtocolClient.java:onNext(255)) - client-956DB91747F7->e7fa427d-9bf0-4d57-b806-08466f41dcc1: receive RaftClientReply:client-956DB91747F7->e7fa427d-9bf0-4d57-b806-08466f41dcc1@group-55BFC9734161, cid=162, SUCCESS, logIndex=12, commits[e7fa427d-9bf0-4d57-b806-08466f41dcc1:c13, 4ddf9bc6-c089-4456-8fae-06bd647ee380:c11, 9c4ad1af-a9aa-4def-ae67-c9235e3b5814:c11]
2019-08-22 17:49:05,385 [grpc-default-executor-2] INFO  client.GrpcClientProtocolClient (GrpcClientProtocolClient.java:onNext(255)) - client-956DB91747F7->e7fa427d-9bf0-4d57-b806-08466f41dcc1: receive RaftClientReply:client-956DB91747F7->e7fa427d-9bf0-4d57-b806-08466f41dcc1@group-55BFC9734161, cid=163, SUCCESS, logIndex=13, commits[e7fa427d-9bf0-4d57-b806-08466f41dcc1:c13, 4ddf9bc6-c089-4456-8fae-06bd647ee380:c11, 9c4ad1af-a9aa-4def-ae67-c9235e3b5814:c11]
2019-08-22 17:49:05,396 | INFO  | DNAudit | user=null | ip=null | op=WRITE_CHUNK {blockData=conID: 1 locID: 102661891092578318 bcsId: 7} | ret=SUCCESS |  
2019-08-22 17:49:05,396 | INFO  | DNAudit | user=null | ip=null | op=WRITE_CHUNK {blockData=conID: 1 locID: 102661891092578318 bcsId: 7} | ret=SUCCESS |  
2019-08-22 17:49:05,410 | INFO  | DNAudit | user=null | ip=null | op=PUT_BLOCK {blockData=[blockId=conID: 1 locID: 102661891092578318 bcsId: 0,size=450]} | ret=SUCCESS |  
2019-08-22 17:49:05,410 | INFO  | DNAudit | user=null | ip=null | op=PUT_BLOCK {blockData=[blockId=conID: 1 locID: 102661891092578318 bcsId: 0,size=450]} | ret=SUCCESS |  
2019-08-22 17:49:05,413 [grpc-default-executor-2] INFO  client.GrpcClientProtocolClient (GrpcClientProtocolClient.java:onNext(255)) - client-956DB91747F7->e7fa427d-9bf0-4d57-b806-08466f41dcc1: receive RaftClientReply:client-956DB91747F7->e7fa427d-9bf0-4d57-b806-08466f41dcc1@group-55BFC9734161, cid=164, SUCCESS, logIndex=0, commits[e7fa427d-9bf0-4d57-b806-08466f41dcc1:c15, 4ddf9bc6-c089-4456-8fae-06bd647ee380:c13, 9c4ad1af-a9aa-4def-ae67-c9235e3b5814:c13]
2019-08-22 17:49:05,414 [main] INFO  datanode.ObjectStoreHandler (ObjectStoreHandler.java:close(155)) - Closing ObjectStoreHandler.
2019-08-22 17:49:05,414 [main] INFO  ozone.HddsDatanodeService (HddsDatanodeService.java:stop(451)) - Stopped plug-in org.apache.hadoop.ozone.web.OzoneHddsDatanodeService@2da273b3
2019-08-22 17:49:05,421 | INFO  | SCMAudit | user=jenkins1000 | ip=192.168.5.173 | op=SEND_HEARTBEAT {datanodeUUID=9e961f7d-2f80-48a7-b3ac-81f0a28e2c39, command=[]} | ret=SUCCESS |  
2019-08-22 17:49:05,607 | INFO  | SCMAudit | user=jenkins1000 | ip=192.168.5.173 | op=SEND_HEARTBEAT {datanodeUUID=41476450-f699-485d-b75b-cc9c7bcae223, command=[]} | ret=SUCCESS |  
2019-08-22 17:49:05,837 | INFO  | SCMAudit | user=jenkins1000 | ip=192.168.5.173 | op=SEND_HEARTBEAT {datanodeUUID=e511989b-68ab-45c1-a797-44c33b51afe6, command=[]} | ret=SUCCESS |  
2019-08-22 17:49:05,880 | INFO  | SCMAudit | user=jenkins1000 | ip=192.168.5.173 | op=SEND_HEARTBEAT {datanodeUUID=bab19725-b868-4c18-8e7b-ccd18f49c2c6, command=[]} | ret=SUCCESS |  
2019-08-22 17:49:06,157 [Datanode State Machine Thread - 0] INFO  statemachine.DatanodeStateMachine (DatanodeStateMachine.java:lambda$startDaemon$0(350)) - Ozone container server started.
2019-08-22 17:49:06,158 | INFO  | SCMAudit | user=jenkins1000 | ip=192.168.5.173 | op=SEND_HEARTBEAT {datanodeUUID=9c4ad1af-a9aa-4def-ae67-c9235e3b5814, command=[]} | ret=SUCCESS |  
2019-08-22 17:49:06,158 | INFO  | SCMAudit | user=jenkins1000 | ip=192.168.5.173 | op=SEND_HEARTBEAT {datanodeUUID=4ddf9bc6-c089-4456-8fae-06bd647ee380, command=[]} | ret=SUCCESS |  
2019-08-22 17:49:06,421 | INFO  | SCMAudit | user=jenkins1000 | ip=192.168.5.173 | op=SEND_HEARTBEAT {datanodeUUID=9e961f7d-2f80-48a7-b3ac-81f0a28e2c39, command=[]} | ret=SUCCESS |  
2019-08-22 17:49:06,607 | INFO  | SCMAudit | user=jenkins1000 | ip=192.168.5.173 | op=SEND_HEARTBEAT {datanodeUUID=41476450-f699-485d-b75b-cc9c7bcae223, command=[]} | ret=SUCCESS |  
2019-08-22 17:49:06,837 | INFO  | SCMAudit | user=jenkins1000 | ip=192.168.5.173 | op=SEND_HEARTBEAT {datanodeUUID=e511989b-68ab-45c1-a797-44c33b51afe6, command=[]} | ret=SUCCESS |  
2019-08-22 17:49:06,880 | INFO  | SCMAudit | user=jenkins1000 | ip=192.168.5.173 | op=SEND_HEARTBEAT {datanodeUUID=bab19725-b868-4c18-8e7b-ccd18f49c2c6, command=[]} | ret=SUCCESS |  
2019-08-22 17:49:07,159 | INFO  | SCMAudit | user=jenkins1000 | ip=192.168.5.173 | op=SEND_HEARTBEAT {datanodeUUID=9c4ad1af-a9aa-4def-ae67-c9235e3b5814, command=[]} | ret=SUCCESS |  
2019-08-22 17:49:07,159 | INFO  | SCMAudit | user=jenkins1000 | ip=192.168.5.173 | op=SEND_HEARTBEAT {datanodeUUID=4ddf9bc6-c089-4456-8fae-06bd647ee380, command=[]} | ret=SUCCESS |  
2019-08-22 17:49:07,422 | INFO  | SCMAudit | user=jenkins1000 | ip=192.168.5.173 | op=SEND_HEARTBEAT {datanodeUUID=9e961f7d-2f80-48a7-b3ac-81f0a28e2c39, command=[]} | ret=SUCCESS |  
2019-08-22 17:49:07,607 | INFO  | SCMAudit | user=jenkins1000 | ip=192.168.5.173 | op=SEND_HEARTBEAT {datanodeUUID=41476450-f699-485d-b75b-cc9c7bcae223, command=[]} | ret=SUCCESS |  
2019-08-22 17:49:07,838 | INFO  | SCMAudit | user=jenkins1000 | ip=192.168.5.173 | op=SEND_HEARTBEAT {datanodeUUID=e511989b-68ab-45c1-a797-44c33b51afe6, command=[]} | ret=SUCCESS |  
2019-08-22 17:49:07,880 | INFO  | SCMAudit | user=jenkins1000 | ip=192.168.5.173 | op=SEND_HEARTBEAT {datanodeUUID=bab19725-b868-4c18-8e7b-ccd18f49c2c6, command=[]} | ret=SUCCESS |  
2019-08-22 17:49:08,158 | INFO  | SCMAudit | user=jenkins1000 | ip=192.168.5.173 | op=SEND_HEARTBEAT {datanodeUUID=9c4ad1af-a9aa-4def-ae67-c9235e3b5814, command=[]} | ret=SUCCESS |  
2019-08-22 17:49:08,158 | INFO  | SCMAudit | user=jenkins1000 | ip=192.168.5.173 | op=SEND_HEARTBEAT {datanodeUUID=4ddf9bc6-c089-4456-8fae-06bd647ee380, command=[]} | ret=SUCCESS |  
2019-08-22 17:49:08,422 | INFO  | SCMAudit | user=jenkins1000 | ip=192.168.5.173 | op=SEND_HEARTBEAT {datanodeUUID=9e961f7d-2f80-48a7-b3ac-81f0a28e2c39, command=[]} | ret=SUCCESS |  
2019-08-22 17:49:08,607 | INFO  | SCMAudit | user=jenkins1000 | ip=192.168.5.173 | op=SEND_HEARTBEAT {datanodeUUID=41476450-f699-485d-b75b-cc9c7bcae223, command=[]} | ret=SUCCESS |  
2019-08-22 17:49:08,838 | INFO  | SCMAudit | user=jenkins1000 | ip=192.168.5.173 | op=SEND_HEARTBEAT {datanodeUUID=e511989b-68ab-45c1-a797-44c33b51afe6, command=[]} | ret=SUCCESS |  
2019-08-22 17:49:08,880 | INFO  | SCMAudit | user=jenkins1000 | ip=192.168.5.173 | op=SEND_HEARTBEAT {datanodeUUID=bab19725-b868-4c18-8e7b-ccd18f49c2c6, command=[]} | ret=SUCCESS |  
2019-08-22 17:49:09,158 | INFO  | SCMAudit | user=jenkins1000 | ip=192.168.5.173 | op=SEND_HEARTBEAT {datanodeUUID=4ddf9bc6-c089-4456-8fae-06bd647ee380, command=[]} | ret=SUCCESS |  
2019-08-22 17:49:09,158 | INFO  | SCMAudit | user=jenkins1000 | ip=192.168.5.173 | op=SEND_HEARTBEAT {datanodeUUID=9c4ad1af-a9aa-4def-ae67-c9235e3b5814, command=[]} | ret=SUCCESS |  
2019-08-22 17:49:09,257 [Thread-3353] INFO  impl.FollowerState (FollowerState.java:run(106)) - e511989b-68ab-45c1-a797-44c33b51afe6:group-7055FCABB4DD changes to CANDIDATE, lastRpcTime:5104, electionTimeout:5103ms
2019-08-22 17:49:09,258 [Thread-3353] INFO  impl.RoleInfo (RoleInfo.java:shutdownFollowerState(121)) - e511989b-68ab-45c1-a797-44c33b51afe6: shutdown FollowerState
2019-08-22 17:49:09,258 [Thread-3353] INFO  impl.RaftServerImpl (RaftServerImpl.java:setRole(171)) - e511989b-68ab-45c1-a797-44c33b51afe6:group-7055FCABB4DD changes role from FOLLOWER to CANDIDATE at term 2 for changeToCandidate
2019-08-22 17:49:09,258 [Thread-3353] INFO  impl.RoleInfo (RoleInfo.java:updateAndGet(143)) - e511989b-68ab-45c1-a797-44c33b51afe6: start LeaderElection
2019-08-22 17:49:09,273 [Thread-3364] INFO  impl.FollowerState (FollowerState.java:run(106)) - 41476450-f699-485d-b75b-cc9c7bcae223:group-7055FCABB4DD changes to CANDIDATE, lastRpcTime:5061, electionTimeout:5059ms
2019-08-22 17:49:09,273 [Thread-3364] INFO  impl.RoleInfo (RoleInfo.java:shutdownFollowerState(121)) - 41476450-f699-485d-b75b-cc9c7bcae223: shutdown FollowerState
2019-08-22 17:49:09,273 [Thread-3364] INFO  impl.RaftServerImpl (RaftServerImpl.java:setRole(171)) - 41476450-f699-485d-b75b-cc9c7bcae223:group-7055FCABB4DD changes role from FOLLOWER to CANDIDATE at term 2 for changeToCandidate
2019-08-22 17:49:09,273 [Thread-3364] INFO  impl.RoleInfo (RoleInfo.java:updateAndGet(143)) - 41476450-f699-485d-b75b-cc9c7bcae223: start LeaderElection
2019-08-22 17:49:09,278 [e511989b-68ab-45c1-a797-44c33b51afe6:group-7055FCABB4DD:LeaderElection77] INFO  impl.LeaderElection (LeaderElection.java:askForVotes(181)) - e511989b-68ab-45c1-a797-44c33b51afe6:group-7055FCABB4DD:LeaderElection77: begin an election at term 3 for -1: [9e961f7d-2f80-48a7-b3ac-81f0a28e2c39:192.168.5.173:34389, 41476450-f699-485d-b75b-cc9c7bcae223:192.168.5.173:39265, e511989b-68ab-45c1-a797-44c33b51afe6:192.168.5.173:45396], old=null
2019-08-22 17:49:09,281 [grpc-default-executor-2] INFO  impl.RaftServerImpl (RaftServerImpl.java:setRole(171)) - 9e961f7d-2f80-48a7-b3ac-81f0a28e2c39:group-7055FCABB4DD changes role from FOLLOWER to FOLLOWER at term 3 for recognizeCandidate:e511989b-68ab-45c1-a797-44c33b51afe6
2019-08-22 17:49:09,281 [grpc-default-executor-2] INFO  impl.RoleInfo (RoleInfo.java:shutdownFollowerState(121)) - 9e961f7d-2f80-48a7-b3ac-81f0a28e2c39: shutdown FollowerState
2019-08-22 17:49:09,281 [grpc-default-executor-2] INFO  impl.RoleInfo (RoleInfo.java:updateAndGet(143)) - 9e961f7d-2f80-48a7-b3ac-81f0a28e2c39: start FollowerState
2019-08-22 17:49:09,281 [Thread-3365] INFO  impl.FollowerState (FollowerState.java:run(114)) - 9e961f7d-2f80-48a7-b3ac-81f0a28e2c39: FollowerState was interrupted: java.lang.InterruptedException: sleep interrupted
2019-08-22 17:49:09,302 [41476450-f699-485d-b75b-cc9c7bcae223:group-7055FCABB4DD:LeaderElection78] INFO  impl.LeaderElection (LeaderElection.java:askForVotes(181)) - 41476450-f699-485d-b75b-cc9c7bcae223:group-7055FCABB4DD:LeaderElection78: begin an election at term 3 for 0: [9e961f7d-2f80-48a7-b3ac-81f0a28e2c39:192.168.5.173:34389, 41476450-f699-485d-b75b-cc9c7bcae223:192.168.5.173:39265, e511989b-68ab-45c1-a797-44c33b51afe6:192.168.5.173:45396], old=null
2019-08-22 17:49:09,303 [e511989b-68ab-45c1-a797-44c33b51afe6:group-7055FCABB4DD:LeaderElection77] INFO  impl.LeaderElection (LeaderElection.java:logAndReturn(56)) - e511989b-68ab-45c1-a797-44c33b51afe6:group-7055FCABB4DD:LeaderElection77: Election REJECTED; received 2 response(s) [e511989b-68ab-45c1-a797-44c33b51afe6<-9e961f7d-2f80-48a7-b3ac-81f0a28e2c39#0:FAIL-t3, e511989b-68ab-45c1-a797-44c33b51afe6<-41476450-f699-485d-b75b-cc9c7bcae223#0:FAIL-t3] and 0 exception(s); e511989b-68ab-45c1-a797-44c33b51afe6:t3, leader=null, voted=e511989b-68ab-45c1-a797-44c33b51afe6, raftlog=e511989b-68ab-45c1-a797-44c33b51afe6-SegmentedRaftLog:OPENED:c-1,f-1,i0, conf=-1: [9e961f7d-2f80-48a7-b3ac-81f0a28e2c39:192.168.5.173:34389, 41476450-f699-485d-b75b-cc9c7bcae223:192.168.5.173:39265, e511989b-68ab-45c1-a797-44c33b51afe6:192.168.5.173:45396], old=null
2019-08-22 17:49:09,303 [e511989b-68ab-45c1-a797-44c33b51afe6:group-7055FCABB4DD:LeaderElection77] INFO  impl.RaftServerImpl (RaftServerImpl.java:setRole(171)) - e511989b-68ab-45c1-a797-44c33b51afe6:group-7055FCABB4DD changes role from CANDIDATE to FOLLOWER at term 3 for DISCOVERED_A_NEW_TERM
2019-08-22 17:49:09,304 [e511989b-68ab-45c1-a797-44c33b51afe6:group-7055FCABB4DD:LeaderElection77] INFO  impl.RoleInfo (RoleInfo.java:shutdownLeaderElection(134)) - e511989b-68ab-45c1-a797-44c33b51afe6: shutdown LeaderElection
2019-08-22 17:49:09,304 [e511989b-68ab-45c1-a797-44c33b51afe6:group-7055FCABB4DD:LeaderElection77] INFO  impl.RoleInfo (RoleInfo.java:updateAndGet(143)) - e511989b-68ab-45c1-a797-44c33b51afe6: start FollowerState
2019-08-22 17:49:09,304 [grpc-default-executor-2] INFO  impl.RaftServerImpl (RaftServerImpl.java:setRole(171)) - 9e961f7d-2f80-48a7-b3ac-81f0a28e2c39:group-7055FCABB4DD changes role from FOLLOWER to FOLLOWER at term 3 for recognizeCandidate:41476450-f699-485d-b75b-cc9c7bcae223
2019-08-22 17:49:09,305 [grpc-default-executor-2] INFO  impl.RoleInfo (RoleInfo.java:shutdownFollowerState(121)) - 9e961f7d-2f80-48a7-b3ac-81f0a28e2c39: shutdown FollowerState
2019-08-22 17:49:09,305 [grpc-default-executor-2] INFO  impl.RoleInfo (RoleInfo.java:updateAndGet(143)) - 9e961f7d-2f80-48a7-b3ac-81f0a28e2c39: start FollowerState
2019-08-22 17:49:09,305 [Thread-3452] INFO  impl.FollowerState (FollowerState.java:run(114)) - 9e961f7d-2f80-48a7-b3ac-81f0a28e2c39: FollowerState was interrupted: java.lang.InterruptedException: sleep interrupted
2019-08-22 17:49:09,339 [41476450-f699-485d-b75b-cc9c7bcae223:group-7055FCABB4DD:LeaderElection78] INFO  impl.LeaderElection (LeaderElection.java:logAndReturn(56)) - 41476450-f699-485d-b75b-cc9c7bcae223:group-7055FCABB4DD:LeaderElection78: Election PASSED; received 2 response(s) [41476450-f699-485d-b75b-cc9c7bcae223<-9e961f7d-2f80-48a7-b3ac-81f0a28e2c39#0:OK-t3, 41476450-f699-485d-b75b-cc9c7bcae223<-e511989b-68ab-45c1-a797-44c33b51afe6#0:FAIL-t3] and 0 exception(s); 41476450-f699-485d-b75b-cc9c7bcae223:t3, leader=null, voted=41476450-f699-485d-b75b-cc9c7bcae223, raftlog=41476450-f699-485d-b75b-cc9c7bcae223-SegmentedRaftLog:OPENED:c-1,f0,i0, conf=0: [9e961f7d-2f80-48a7-b3ac-81f0a28e2c39:192.168.5.173:34389, 41476450-f699-485d-b75b-cc9c7bcae223:192.168.5.173:39265, e511989b-68ab-45c1-a797-44c33b51afe6:192.168.5.173:45396], old=null
2019-08-22 17:49:09,340 [41476450-f699-485d-b75b-cc9c7bcae223:group-7055FCABB4DD:LeaderElection78] INFO  impl.RoleInfo (RoleInfo.java:shutdownLeaderElection(134)) - 41476450-f699-485d-b75b-cc9c7bcae223: shutdown LeaderElection
2019-08-22 17:49:09,340 [41476450-f699-485d-b75b-cc9c7bcae223:group-7055FCABB4DD:LeaderElection78] INFO  impl.RaftServerImpl (RaftServerImpl.java:setRole(171)) - 41476450-f699-485d-b75b-cc9c7bcae223:group-7055FCABB4DD changes role from CANDIDATE to LEADER at term 3 for changeToLeader
2019-08-22 17:49:09,340 [41476450-f699-485d-b75b-cc9c7bcae223:group-7055FCABB4DD:LeaderElection78] INFO  impl.RaftServerImpl (ServerState.java:setLeader(263)) - 41476450-f699-485d-b75b-cc9c7bcae223:group-7055FCABB4DD change Leader from null to 41476450-f699-485d-b75b-cc9c7bcae223 at term 3 for becomeLeader, leader elected after 5128ms
2019-08-22 17:49:09,340 [41476450-f699-485d-b75b-cc9c7bcae223:group-7055FCABB4DD:LeaderElection78] INFO  server.RaftServerConfigKeys (ConfUtils.java:logGet(43)) - raft.server.staging.catchup.gap = 1000 (default)
2019-08-22 17:49:09,341 [41476450-f699-485d-b75b-cc9c7bcae223:group-7055FCABB4DD:LeaderElection78] INFO  server.RaftServerConfigKeys (ConfUtils.java:logGet(43)) - raft.server.rpc.sleep.time = 25ms (default)
2019-08-22 17:49:09,341 [41476450-f699-485d-b75b-cc9c7bcae223:group-7055FCABB4DD:LeaderElection78] INFO  server.RaftServerConfigKeys (ConfUtils.java:logGet(43)) - raft.server.write.element-limit = 4096 (default)
2019-08-22 17:49:09,341 [41476450-f699-485d-b75b-cc9c7bcae223:group-7055FCABB4DD:LeaderElection78] INFO  server.RaftServerConfigKeys (ConfUtils.java:logGet(43)) - raft.server.watch.timeout = 10s (default)
2019-08-22 17:49:09,341 [41476450-f699-485d-b75b-cc9c7bcae223:group-7055FCABB4DD:LeaderElection78] INFO  server.RaftServerConfigKeys (ConfUtils.java:logGet(43)) - raft.server.watch.timeout.denomination = 1s (default)
2019-08-22 17:49:09,341 [41476450-f699-485d-b75b-cc9c7bcae223:group-7055FCABB4DD:LeaderElection78] INFO  server.RaftServerConfigKeys (ConfUtils.java:logGet(43)) - raft.server.watch.element-limit = 65536 (default)
2019-08-22 17:49:09,342 [41476450-f699-485d-b75b-cc9c7bcae223:group-7055FCABB4DD:LeaderElection78] INFO  server.RaftServerConfigKeys (ConfUtils.java:logGet(43)) - raft.server.log.appender.snapshot.chunk.size.max = 16MB (=16777216) (default)
2019-08-22 17:49:09,342 [41476450-f699-485d-b75b-cc9c7bcae223:group-7055FCABB4DD:LeaderElection78] INFO  server.RaftServerConfigKeys (ConfUtils.java:logGet(43)) - raft.server.log.appender.buffer.byte-limit = 33554432 (custom)
2019-08-22 17:49:09,342 [41476450-f699-485d-b75b-cc9c7bcae223:group-7055FCABB4DD:LeaderElection78] INFO  server.RaftServerConfigKeys (ConfUtils.java:logGet(43)) - raft.server.log.appender.buffer.element-limit = 1 (custom)
2019-08-22 17:49:09,342 [41476450-f699-485d-b75b-cc9c7bcae223:group-7055FCABB4DD:LeaderElection78] INFO  grpc.GrpcConfigKeys$Server (ConfUtils.java:logGet(43)) - raft.grpc.server.leader.outstanding.appends.max = 128 (default)
2019-08-22 17:49:09,342 [41476450-f699-485d-b75b-cc9c7bcae223:group-7055FCABB4DD:LeaderElection78] INFO  server.RaftServerConfigKeys (ConfUtils.java:logGet(43)) - raft.server.rpc.request.timeout = 3000ms (default)
2019-08-22 17:49:09,343 [41476450-f699-485d-b75b-cc9c7bcae223:group-7055FCABB4DD:LeaderElection78] INFO  server.RaftServerConfigKeys (ConfUtils.java:logGet(43)) - raft.server.log.appender.install.snapshot.enabled = false (custom)
2019-08-22 17:49:09,343 [41476450-f699-485d-b75b-cc9c7bcae223:group-7055FCABB4DD:LeaderElection78] INFO  server.RaftServerConfigKeys (ConfUtils.java:logGet(43)) - raft.server.log.appender.snapshot.chunk.size.max = 16MB (=16777216) (default)
2019-08-22 17:49:09,343 [41476450-f699-485d-b75b-cc9c7bcae223:group-7055FCABB4DD:LeaderElection78] INFO  server.RaftServerConfigKeys (ConfUtils.java:logGet(43)) - raft.server.log.appender.buffer.byte-limit = 33554432 (custom)
2019-08-22 17:49:09,343 [41476450-f699-485d-b75b-cc9c7bcae223:group-7055FCABB4DD:LeaderElection78] INFO  server.RaftServerConfigKeys (ConfUtils.java:logGet(43)) - raft.server.log.appender.buffer.element-limit = 1 (custom)
2019-08-22 17:49:09,343 [41476450-f699-485d-b75b-cc9c7bcae223:group-7055FCABB4DD:LeaderElection78] INFO  grpc.GrpcConfigKeys$Server (ConfUtils.java:logGet(43)) - raft.grpc.server.leader.outstanding.appends.max = 128 (default)
2019-08-22 17:49:09,344 [41476450-f699-485d-b75b-cc9c7bcae223:group-7055FCABB4DD:LeaderElection78] INFO  server.RaftServerConfigKeys (ConfUtils.java:logGet(43)) - raft.server.rpc.request.timeout = 3000ms (default)
2019-08-22 17:49:09,344 [41476450-f699-485d-b75b-cc9c7bcae223:group-7055FCABB4DD:LeaderElection78] INFO  server.RaftServerConfigKeys (ConfUtils.java:logGet(43)) - raft.server.log.appender.install.snapshot.enabled = false (custom)
2019-08-22 17:49:09,344 [41476450-f699-485d-b75b-cc9c7bcae223:group-7055FCABB4DD:LeaderElection78] INFO  impl.RoleInfo (RoleInfo.java:updateAndGet(143)) - 41476450-f699-485d-b75b-cc9c7bcae223: start LeaderState
2019-08-22 17:49:09,344 [41476450-f699-485d-b75b-cc9c7bcae223:group-7055FCABB4DD:LeaderElection78] INFO  segmented.SegmentedRaftLogWorker (SegmentedRaftLogWorker.java:rollLogSegment(385)) - 41476450-f699-485d-b75b-cc9c7bcae223-SegmentedRaftLogWorker:Storage Directory /workdir/hadoop-ozone/integration-test/target/test-dir/MiniOzoneClusterImpl-3fcad3f5-9634-4478-a239-7449fe26e55e/datanode-1/data/ratis/39526130-6b82-4aab-b4d6-7055fcabb4dd: Rolling segment log-0_0 to index:0
2019-08-22 17:49:09,345 [41476450-f699-485d-b75b-cc9c7bcae223-SegmentedRaftLogWorker:Storage Directory /workdir/hadoop-ozone/integration-test/target/test-dir/MiniOzoneClusterImpl-3fcad3f5-9634-4478-a239-7449fe26e55e/datanode-1/data/ratis/39526130-6b82-4aab-b4d6-7055fcabb4dd] INFO  segmented.SegmentedRaftLogWorker (SegmentedRaftLogWorker.java:execute(526)) - 41476450-f699-485d-b75b-cc9c7bcae223-SegmentedRaftLogWorker:Storage Directory /workdir/hadoop-ozone/integration-test/target/test-dir/MiniOzoneClusterImpl-3fcad3f5-9634-4478-a239-7449fe26e55e/datanode-1/data/ratis/39526130-6b82-4aab-b4d6-7055fcabb4dd: Rolled log segment from /workdir/hadoop-ozone/integration-test/target/test-dir/MiniOzoneClusterImpl-3fcad3f5-9634-4478-a239-7449fe26e55e/datanode-1/data/ratis/39526130-6b82-4aab-b4d6-7055fcabb4dd/current/log_inprogress_0 to /workdir/hadoop-ozone/integration-test/target/test-dir/MiniOzoneClusterImpl-3fcad3f5-9634-4478-a239-7449fe26e55e/datanode-1/data/ratis/39526130-6b82-4aab-b4d6-7055fcabb4dd/current/log_0-0
2019-08-22 17:49:09,346 [41476450-f699-485d-b75b-cc9c7bcae223:group-7055FCABB4DD:LeaderElection78] INFO  impl.RaftServerImpl (ServerState.java:setRaftConf(361)) - 41476450-f699-485d-b75b-cc9c7bcae223:group-7055FCABB4DD set configuration 1: [9e961f7d-2f80-48a7-b3ac-81f0a28e2c39:192.168.5.173:34389, 41476450-f699-485d-b75b-cc9c7bcae223:192.168.5.173:39265, e511989b-68ab-45c1-a797-44c33b51afe6:192.168.5.173:45396], old=null at 1
2019-08-22 17:49:09,347 [grpc-default-executor-5] INFO  impl.RaftServerImpl (ServerState.java:setLeader(263)) - e511989b-68ab-45c1-a797-44c33b51afe6:group-7055FCABB4DD change Leader from null to 41476450-f699-485d-b75b-cc9c7bcae223 at term 3 for appendEntries, leader elected after 10381ms
2019-08-22 17:49:09,347 [grpc-default-executor-2] INFO  impl.RaftServerImpl (ServerState.java:setLeader(263)) - 9e961f7d-2f80-48a7-b3ac-81f0a28e2c39:group-7055FCABB4DD change Leader from null to 41476450-f699-485d-b75b-cc9c7bcae223 at term 3 for appendEntries, leader elected after 5163ms
2019-08-22 17:49:09,347 [grpc-default-executor-5] INFO  impl.RaftServerImpl (RaftServerImpl.java:checkInconsistentAppendEntries(999)) - e511989b-68ab-45c1-a797-44c33b51afe6: Failed appendEntries as previous log entry ((t:1, i:0)) is not found
2019-08-22 17:49:09,348 [grpc-default-executor-5] INFO  impl.RaftServerImpl (RaftServerImpl.java:checkInconsistentAppendEntries(972)) - e511989b-68ab-45c1-a797-44c33b51afe6: inconsistency entries. Reply:41476450-f699-485d-b75b-cc9c7bcae223<-e511989b-68ab-45c1-a797-44c33b51afe6#0:FAIL,INCONSISTENCY,nextIndex:0,term:3,followerCommit:-1
2019-08-22 17:49:09,350 [grpc-default-executor-5] INFO  impl.RaftServerImpl (ServerState.java:setRaftConf(361)) - 9e961f7d-2f80-48a7-b3ac-81f0a28e2c39:group-7055FCABB4DD set configuration 1: [9e961f7d-2f80-48a7-b3ac-81f0a28e2c39:192.168.5.173:34389, 41476450-f699-485d-b75b-cc9c7bcae223:192.168.5.173:39265, e511989b-68ab-45c1-a797-44c33b51afe6:192.168.5.173:45396], old=null at 1
2019-08-22 17:49:09,350 [grpc-default-executor-5] INFO  segmented.SegmentedRaftLogWorker (SegmentedRaftLogWorker.java:rollLogSegment(385)) - 9e961f7d-2f80-48a7-b3ac-81f0a28e2c39-SegmentedRaftLogWorker:Storage Directory /workdir/hadoop-ozone/integration-test/target/test-dir/MiniOzoneClusterImpl-3fcad3f5-9634-4478-a239-7449fe26e55e/datanode-0/data/ratis/39526130-6b82-4aab-b4d6-7055fcabb4dd: Rolling segment log-0_0 to index:0
2019-08-22 17:49:09,350 [grpc-default-executor-2] INFO  impl.FollowerInfo (FollowerInfo.java:lambda$new$0(50)) - 41476450-f699-485d-b75b-cc9c7bcae223->e511989b-68ab-45c1-a797-44c33b51afe6: nextIndex: updateUnconditionally 1 -> 0
2019-08-22 17:49:09,351 [9e961f7d-2f80-48a7-b3ac-81f0a28e2c39-SegmentedRaftLogWorker:Storage Directory /workdir/hadoop-ozone/integration-test/target/test-dir/MiniOzoneClusterImpl-3fcad3f5-9634-4478-a239-7449fe26e55e/datanode-0/data/ratis/39526130-6b82-4aab-b4d6-7055fcabb4dd] INFO  segmented.SegmentedRaftLogWorker (SegmentedRaftLogWorker.java:execute(526)) - 9e961f7d-2f80-48a7-b3ac-81f0a28e2c39-SegmentedRaftLogWorker:Storage Directory /workdir/hadoop-ozone/integration-test/target/test-dir/MiniOzoneClusterImpl-3fcad3f5-9634-4478-a239-7449fe26e55e/datanode-0/data/ratis/39526130-6b82-4aab-b4d6-7055fcabb4dd: Rolled log segment from /workdir/hadoop-ozone/integration-test/target/test-dir/MiniOzoneClusterImpl-3fcad3f5-9634-4478-a239-7449fe26e55e/datanode-0/data/ratis/39526130-6b82-4aab-b4d6-7055fcabb4dd/current/log_inprogress_0 to /workdir/hadoop-ozone/integration-test/target/test-dir/MiniOzoneClusterImpl-3fcad3f5-9634-4478-a239-7449fe26e55e/datanode-0/data/ratis/39526130-6b82-4aab-b4d6-7055fcabb4dd/current/log_0-0
2019-08-22 17:49:09,352 [grpc-default-executor-2] INFO  impl.RaftServerImpl (ServerState.java:setRaftConf(361)) - e511989b-68ab-45c1-a797-44c33b51afe6:group-7055FCABB4DD set configuration 0: [9e961f7d-2f80-48a7-b3ac-81f0a28e2c39:192.168.5.173:34389, 41476450-f699-485d-b75b-cc9c7bcae223:192.168.5.173:39265, e511989b-68ab-45c1-a797-44c33b51afe6:192.168.5.173:45396], old=null at 0
2019-08-22 17:49:09,352 [grpc-default-executor-2] INFO  segmented.SegmentedRaftLogWorker (SegmentedRaftLogWorker.java:startLogSegment(380)) - e511989b-68ab-45c1-a797-44c33b51afe6-SegmentedRaftLogWorker:Storage Directory /workdir/hadoop-ozone/integration-test/target/test-dir/MiniOzoneClusterImpl-3fcad3f5-9634-4478-a239-7449fe26e55e/datanode-2/data/ratis/39526130-6b82-4aab-b4d6-7055fcabb4dd: Starting segment from index:0
2019-08-22 17:49:09,353 [grpc-default-executor-2] INFO  impl.RaftServerImpl (ServerState.java:setRaftConf(361)) - e511989b-68ab-45c1-a797-44c33b51afe6:group-7055FCABB4DD set configuration 1: [9e961f7d-2f80-48a7-b3ac-81f0a28e2c39:192.168.5.173:34389, 41476450-f699-485d-b75b-cc9c7bcae223:192.168.5.173:39265, e511989b-68ab-45c1-a797-44c33b51afe6:192.168.5.173:45396], old=null at 1
2019-08-22 17:49:09,353 [grpc-default-executor-2] INFO  segmented.SegmentedRaftLogWorker (SegmentedRaftLogWorker.java:rollLogSegment(385)) - e511989b-68ab-45c1-a797-44c33b51afe6-SegmentedRaftLogWorker:Storage Directory /workdir/hadoop-ozone/integration-test/target/test-dir/MiniOzoneClusterImpl-3fcad3f5-9634-4478-a239-7449fe26e55e/datanode-2/data/ratis/39526130-6b82-4aab-b4d6-7055fcabb4dd: Rolling segment log-0_0 to index:0
2019-08-22 17:49:09,403 [e511989b-68ab-45c1-a797-44c33b51afe6-SegmentedRaftLogWorker:Storage Directory /workdir/hadoop-ozone/integration-test/target/test-dir/MiniOzoneClusterImpl-3fcad3f5-9634-4478-a239-7449fe26e55e/datanode-2/data/ratis/39526130-6b82-4aab-b4d6-7055fcabb4dd] INFO  segmented.SegmentedRaftLogWorker (SegmentedRaftLogWorker.java:execute(569)) - e511989b-68ab-45c1-a797-44c33b51afe6-SegmentedRaftLogWorker:Storage Directory /workdir/hadoop-ozone/integration-test/target/test-dir/MiniOzoneClusterImpl-3fcad3f5-9634-4478-a239-7449fe26e55e/datanode-2/data/ratis/39526130-6b82-4aab-b4d6-7055fcabb4dd: created new log segment /workdir/hadoop-ozone/integration-test/target/test-dir/MiniOzoneClusterImpl-3fcad3f5-9634-4478-a239-7449fe26e55e/datanode-2/data/ratis/39526130-6b82-4aab-b4d6-7055fcabb4dd/current/log_inprogress_0
2019-08-22 17:49:09,403 [41476450-f699-485d-b75b-cc9c7bcae223-SegmentedRaftLogWorker:Storage Directory /workdir/hadoop-ozone/integration-test/target/test-dir/MiniOzoneClusterImpl-3fcad3f5-9634-4478-a239-7449fe26e55e/datanode-1/data/ratis/39526130-6b82-4aab-b4d6-7055fcabb4dd] INFO  segmented.SegmentedRaftLogWorker (SegmentedRaftLogWorker.java:execute(569)) - 41476450-f699-485d-b75b-cc9c7bcae223-SegmentedRaftLogWorker:Storage Directory /workdir/hadoop-ozone/integration-test/target/test-dir/MiniOzoneClusterImpl-3fcad3f5-9634-4478-a239-7449fe26e55e/datanode-1/data/ratis/39526130-6b82-4aab-b4d6-7055fcabb4dd: created new log segment /workdir/hadoop-ozone/integration-test/target/test-dir/MiniOzoneClusterImpl-3fcad3f5-9634-4478-a239-7449fe26e55e/datanode-1/data/ratis/39526130-6b82-4aab-b4d6-7055fcabb4dd/current/log_inprogress_1
2019-08-22 17:49:09,403 [9e961f7d-2f80-48a7-b3ac-81f0a28e2c39-SegmentedRaftLogWorker:Storage Directory /workdir/hadoop-ozone/integration-test/target/test-dir/MiniOzoneClusterImpl-3fcad3f5-9634-4478-a239-7449fe26e55e/datanode-0/data/ratis/39526130-6b82-4aab-b4d6-7055fcabb4dd] INFO  segmented.SegmentedRaftLogWorker (SegmentedRaftLogWorker.java:execute(569)) - 9e961f7d-2f80-48a7-b3ac-81f0a28e2c39-SegmentedRaftLogWorker:Storage Directory /workdir/hadoop-ozone/integration-test/target/test-dir/MiniOzoneClusterImpl-3fcad3f5-9634-4478-a239-7449fe26e55e/datanode-0/data/ratis/39526130-6b82-4aab-b4d6-7055fcabb4dd: created new log segment /workdir/hadoop-ozone/integration-test/target/test-dir/MiniOzoneClusterImpl-3fcad3f5-9634-4478-a239-7449fe26e55e/datanode-0/data/ratis/39526130-6b82-4aab-b4d6-7055fcabb4dd/current/log_inprogress_1
2019-08-22 17:49:09,415 [e511989b-68ab-45c1-a797-44c33b51afe6-SegmentedRaftLogWorker:Storage Directory /workdir/hadoop-ozone/integration-test/target/test-dir/MiniOzoneClusterImpl-3fcad3f5-9634-4478-a239-7449fe26e55e/datanode-2/data/ratis/39526130-6b82-4aab-b4d6-7055fcabb4dd] INFO  segmented.SegmentedRaftLogWorker (SegmentedRaftLogWorker.java:execute(526)) - e511989b-68ab-45c1-a797-44c33b51afe6-SegmentedRaftLogWorker:Storage Directory /workdir/hadoop-ozone/integration-test/target/test-dir/MiniOzoneClusterImpl-3fcad3f5-9634-4478-a239-7449fe26e55e/datanode-2/data/ratis/39526130-6b82-4aab-b4d6-7055fcabb4dd: Rolled log segment from /workdir/hadoop-ozone/integration-test/target/test-dir/MiniOzoneClusterImpl-3fcad3f5-9634-4478-a239-7449fe26e55e/datanode-2/data/ratis/39526130-6b82-4aab-b4d6-7055fcabb4dd/current/log_inprogress_0 to /workdir/hadoop-ozone/integration-test/target/test-dir/MiniOzoneClusterImpl-3fcad3f5-9634-4478-a239-7449fe26e55e/datanode-2/data/ratis/39526130-6b82-4aab-b4d6-7055fcabb4dd/current/log_0-0
2019-08-22 17:49:09,422 | INFO  | SCMAudit | user=jenkins1000 | ip=192.168.5.173 | op=SEND_HEARTBEAT {datanodeUUID=9e961f7d-2f80-48a7-b3ac-81f0a28e2c39, command=[]} | ret=SUCCESS |  
2019-08-22 17:49:09,467 [e511989b-68ab-45c1-a797-44c33b51afe6-SegmentedRaftLogWorker:Storage Directory /workdir/hadoop-ozone/integration-test/target/test-dir/MiniOzoneClusterImpl-3fcad3f5-9634-4478-a239-7449fe26e55e/datanode-2/data/ratis/39526130-6b82-4aab-b4d6-7055fcabb4dd] INFO  segmented.SegmentedRaftLogWorker (SegmentedRaftLogWorker.java:execute(569)) - e511989b-68ab-45c1-a797-44c33b51afe6-SegmentedRaftLogWorker:Storage Directory /workdir/hadoop-ozone/integration-test/target/test-dir/MiniOzoneClusterImpl-3fcad3f5-9634-4478-a239-7449fe26e55e/datanode-2/data/ratis/39526130-6b82-4aab-b4d6-7055fcabb4dd: created new log segment /workdir/hadoop-ozone/integration-test/target/test-dir/MiniOzoneClusterImpl-3fcad3f5-9634-4478-a239-7449fe26e55e/datanode-2/data/ratis/39526130-6b82-4aab-b4d6-7055fcabb4dd/current/log_inprogress_1
2019-08-22 17:49:09,608 | INFO  | SCMAudit | user=jenkins1000 | ip=192.168.5.173 | op=SEND_HEARTBEAT {datanodeUUID=41476450-f699-485d-b75b-cc9c7bcae223, command=[]} | ret=SUCCESS |  
2019-08-22 17:49:09,838 | INFO  | SCMAudit | user=jenkins1000 | ip=192.168.5.173 | op=SEND_HEARTBEAT {datanodeUUID=e511989b-68ab-45c1-a797-44c33b51afe6, command=[]} | ret=SUCCESS |  
2019-08-22 17:49:09,880 | INFO  | SCMAudit | user=jenkins1000 | ip=192.168.5.173 | op=SEND_HEARTBEAT {datanodeUUID=bab19725-b868-4c18-8e7b-ccd18f49c2c6, command=[]} | ret=SUCCESS |  
2019-08-22 17:49:10,158 | INFO  | SCMAudit | user=jenkins1000 | ip=192.168.5.173 | op=SEND_HEARTBEAT {datanodeUUID=9c4ad1af-a9aa-4def-ae67-c9235e3b5814, command=[]} | ret=SUCCESS |  
2019-08-22 17:49:10,158 | INFO  | SCMAudit | user=jenkins1000 | ip=192.168.5.173 | op=SEND_HEARTBEAT {datanodeUUID=4ddf9bc6-c089-4456-8fae-06bd647ee380, command=[]} | ret=SUCCESS |  
2019-08-22 17:49:10,250 [EventQueue-StaleNodeForStaleNodeHandler] INFO  node.StaleNodeHandler (StaleNodeHandler.java:onMessage(58)) - Datanode e7fa427d-9bf0-4d57-b806-08466f41dcc1{ip: 192.168.5.173, host: pr-hdds-1808-4dtdn-3774871440, networkLocation: /default-rack, certSerialId: null} moved to stale state. Finalizing its pipelines [PipelineID=61e20808-9438-437b-8335-bff7abfcfc52, PipelineID=28a9f31c-9582-4f86-b1f3-55bfc9734161]
2019-08-22 17:49:10,250 [EventQueue-StaleNodeForStaleNodeHandler] INFO  pipeline.SCMPipelineManager (SCMPipelineManager.java:finalizeAndDestroyPipeline(309)) - destroying pipeline:Pipeline[ Id: 61e20808-9438-437b-8335-bff7abfcfc52, Nodes: e7fa427d-9bf0-4d57-b806-08466f41dcc1{ip: 192.168.5.173, host: pr-hdds-1808-4dtdn-3774871440, networkLocation: /default-rack, certSerialId: null}, Type:RATIS, Factor:ONE, State:OPEN]
2019-08-22 17:49:10,250 [EventQueue-StaleNodeForStaleNodeHandler] INFO  pipeline.PipelineStateManager (PipelineStateManager.java:finalizePipeline(123)) - Pipeline Pipeline[ Id: 61e20808-9438-437b-8335-bff7abfcfc52, Nodes: e7fa427d-9bf0-4d57-b806-08466f41dcc1{ip: 192.168.5.173, host: pr-hdds-1808-4dtdn-3774871440, networkLocation: /default-rack, certSerialId: null}, Type:RATIS, Factor:ONE, State:CLOSED] moved to CLOSED state
2019-08-22 17:49:10,251 [EventQueue-StaleNodeForStaleNodeHandler] INFO  pipeline.SCMPipelineManager (SCMPipelineManager.java:finalizeAndDestroyPipeline(309)) - destroying pipeline:Pipeline[ Id: 28a9f31c-9582-4f86-b1f3-55bfc9734161, Nodes: e7fa427d-9bf0-4d57-b806-08466f41dcc1{ip: 192.168.5.173, host: pr-hdds-1808-4dtdn-3774871440, networkLocation: /default-rack, certSerialId: null}4ddf9bc6-c089-4456-8fae-06bd647ee380{ip: 192.168.5.173, host: pr-hdds-1808-4dtdn-3774871440, networkLocation: /default-rack, certSerialId: null}9c4ad1af-a9aa-4def-ae67-c9235e3b5814{ip: 192.168.5.173, host: pr-hdds-1808-4dtdn-3774871440, networkLocation: /default-rack, certSerialId: null}, Type:RATIS, Factor:THREE, State:OPEN]
2019-08-22 17:49:10,251 [EventQueue-StaleNodeForStaleNodeHandler] INFO  pipeline.PipelineStateManager (PipelineStateManager.java:finalizePipeline(123)) - Pipeline Pipeline[ Id: 28a9f31c-9582-4f86-b1f3-55bfc9734161, Nodes: e7fa427d-9bf0-4d57-b806-08466f41dcc1{ip: 192.168.5.173, host: pr-hdds-1808-4dtdn-3774871440, networkLocation: /default-rack, certSerialId: null}4ddf9bc6-c089-4456-8fae-06bd647ee380{ip: 192.168.5.173, host: pr-hdds-1808-4dtdn-3774871440, networkLocation: /default-rack, certSerialId: null}9c4ad1af-a9aa-4def-ae67-c9235e3b5814{ip: 192.168.5.173, host: pr-hdds-1808-4dtdn-3774871440, networkLocation: /default-rack, certSerialId: null}, Type:RATIS, Factor:THREE, State:CLOSED] moved to CLOSED state
2019-08-22 17:49:10,252 [EventQueue-CloseContainerForCloseContainerEventHandler] INFO  container.CloseContainerEventHandler (CloseContainerEventHandler.java:onMessage(61)) - Close container Event triggered for container : #1
2019-08-22 17:49:10,415 [main] INFO  ozoneimpl.OzoneContainer (OzoneContainer.java:stop(199)) - Attempting to stop container services.
2019-08-22 17:49:10,416 [main] INFO  impl.RaftServerProxy (RaftServerProxy.java:lambda$close$4(314)) - e7fa427d-9bf0-4d57-b806-08466f41dcc1: close
2019-08-22 17:49:10,416 [main] INFO  impl.RaftServerImpl (RaftServerImpl.java:lambda$shutdown$3(245)) - e7fa427d-9bf0-4d57-b806-08466f41dcc1: shutdown group-BFF7ABFCFC52
2019-08-22 17:49:10,416 [ForkJoinPool.commonPool-worker-1] INFO  impl.RaftServerImpl (RaftServerImpl.java:lambda$shutdown$3(245)) - e7fa427d-9bf0-4d57-b806-08466f41dcc1: shutdown group-55BFC9734161
2019-08-22 17:49:10,417 [main] INFO  util.JmxRegister (JmxRegister.java:unregister(73)) - Successfully un-registered JMX Bean with object name Ratis:service=RaftServer,group=group-BFF7ABFCFC52,id=e7fa427d-9bf0-4d57-b806-08466f41dcc1
2019-08-22 17:49:10,417 [ForkJoinPool.commonPool-worker-1] INFO  util.JmxRegister (JmxRegister.java:unregister(73)) - Successfully un-registered JMX Bean with object name Ratis:service=RaftServer,group=group-55BFC9734161,id=e7fa427d-9bf0-4d57-b806-08466f41dcc1
2019-08-22 17:49:10,417 [main] INFO  impl.RoleInfo (RoleInfo.java:shutdownLeaderState(104)) - e7fa427d-9bf0-4d57-b806-08466f41dcc1: shutdown LeaderState
2019-08-22 17:49:10,417 [ForkJoinPool.commonPool-worker-1] INFO  impl.RoleInfo (RoleInfo.java:shutdownLeaderState(104)) - e7fa427d-9bf0-4d57-b806-08466f41dcc1: shutdown LeaderState
2019-08-22 17:49:10,418 [main] INFO  impl.PendingRequests (PendingRequests.java:sendNotLeaderResponses(202)) - e7fa427d-9bf0-4d57-b806-08466f41dcc1-PendingRequests: sendNotLeaderResponses
2019-08-22 17:49:10,424 [org.apache.ratis.server.impl.LogAppender$AppenderDaemon$$Lambda$482/463698091@7fbc5e69] WARN  server.GrpcLogAppender (GrpcLogAppender.java:mayWait(143)) - GrpcLogAppender(e7fa427d-9bf0-4d57-b806-08466f41dcc1->9c4ad1af-a9aa-4def-ae67-c9235e3b5814): Wait interrupted by java.lang.InterruptedException
2019-08-22 17:49:10,424 [org.apache.ratis.server.impl.LogAppender$AppenderDaemon$$Lambda$482/463698091@3abed75a] WARN  server.GrpcLogAppender (GrpcLogAppender.java:mayWait(143)) - GrpcLogAppender(e7fa427d-9bf0-4d57-b806-08466f41dcc1->4ddf9bc6-c089-4456-8fae-06bd647ee380): Wait interrupted by java.lang.InterruptedException
2019-08-22 17:49:10,424 [ForkJoinPool.commonPool-worker-1] INFO  impl.PendingRequests (PendingRequests.java:sendNotLeaderResponses(202)) - e7fa427d-9bf0-4d57-b806-08466f41dcc1-PendingRequests: sendNotLeaderResponses
2019-08-22 17:49:10,425 | INFO  | SCMAudit | user=jenkins1000 | ip=192.168.5.173 | op=SEND_HEARTBEAT {datanodeUUID=9e961f7d-2f80-48a7-b3ac-81f0a28e2c39, command=[]} | ret=SUCCESS |  
2019-08-22 17:49:10,424 [main] INFO  impl.StateMachineUpdater (StateMachineUpdater.java:stopAndJoin(115)) - StateMachineUpdater:e7fa427d-9bf0-4d57-b806-08466f41dcc1:group-BFF7ABFCFC52: set stopIndex = 0
2019-08-22 17:49:10,429 [main] INFO  impl.RaftServerImpl (ServerState.java:close(394)) - e7fa427d-9bf0-4d57-b806-08466f41dcc1:group-BFF7ABFCFC52 closes. The last applied log index is 0
2019-08-22 17:49:10,424 [grpc-default-executor-2] INFO  server.GrpcServerProtocolService (GrpcServerProtocolService.java:onCompleted(104)) - 9c4ad1af-a9aa-4def-ae67-c9235e3b5814: appendEntries completed
2019-08-22 17:49:10,425 [grpc-default-executor-5] INFO  server.GrpcServerProtocolService (GrpcServerProtocolService.java:onCompleted(104)) - 4ddf9bc6-c089-4456-8fae-06bd647ee380: appendEntries completed
2019-08-22 17:49:10,430 [e7fa427d-9bf0-4d57-b806-08466f41dcc1-SegmentedRaftLogWorker:Storage Directory /workdir/hadoop-ozone/integration-test/target/test-dir/MiniOzoneClusterImpl-3fcad3f5-9634-4478-a239-7449fe26e55e/datanode-3/data/ratis/61e20808-9438-437b-8335-bff7abfcfc52] INFO  segmented.SegmentedRaftLogWorker (SegmentedRaftLogWorker.java:run(313)) - e7fa427d-9bf0-4d57-b806-08466f41dcc1-SegmentedRaftLogWorker:Storage Directory /workdir/hadoop-ozone/integration-test/target/test-dir/MiniOzoneClusterImpl-3fcad3f5-9634-4478-a239-7449fe26e55e/datanode-3/data/ratis/61e20808-9438-437b-8335-bff7abfcfc52 was interrupted, exiting. There are 0 tasks remaining in the queue.
2019-08-22 17:49:10,429 [StateMachineUpdater:e7fa427d-9bf0-4d57-b806-08466f41dcc1:group-55BFC9734161] INFO  ratis.ContainerStateMachine (ContainerStateMachine.java:takeSnapshot(283)) - group-55BFC9734161: Taking a snapshot at:(t:1, i:13) file /workdir/hadoop-ozone/integration-test/target/test-dir/MiniOzoneClusterImpl-3fcad3f5-9634-4478-a239-7449fe26e55e/datanode-3/data/ratis/28a9f31c-9582-4f86-b1f3-55bfc9734161/sm/snapshot.1_13
2019-08-22 17:49:10,433 [grpc-default-executor-2] INFO  server.GrpcLogAppender (GrpcLogAppender.java:onCompleted(292)) - e7fa427d-9bf0-4d57-b806-08466f41dcc1->4ddf9bc6-c089-4456-8fae-06bd647ee380: follower responses appendEntries COMPLETED
2019-08-22 17:49:10,429 [ForkJoinPool.commonPool-worker-1] INFO  impl.StateMachineUpdater (StateMachineUpdater.java:stopAndJoin(115)) - StateMachineUpdater:e7fa427d-9bf0-4d57-b806-08466f41dcc1:group-55BFC9734161: set stopIndex = 15
2019-08-22 17:49:10,433 [grpc-default-executor-2] INFO  impl.FollowerInfo (FollowerInfo.java:lambda$new$0(50)) - e7fa427d-9bf0-4d57-b806-08466f41dcc1->4ddf9bc6-c089-4456-8fae-06bd647ee380: nextIndex: updateUnconditionally 16 -> 15
2019-08-22 17:49:10,433 [main] INFO  segmented.SegmentedRaftLogWorker (SegmentedRaftLogWorker.java:close(228)) - e7fa427d-9bf0-4d57-b806-08466f41dcc1-SegmentedRaftLogWorker:Storage Directory /workdir/hadoop-ozone/integration-test/target/test-dir/MiniOzoneClusterImpl-3fcad3f5-9634-4478-a239-7449fe26e55e/datanode-3/data/ratis/61e20808-9438-437b-8335-bff7abfcfc52 close()
2019-08-22 17:49:10,430 [grpc-default-executor-5] INFO  server.GrpcLogAppender (GrpcLogAppender.java:onCompleted(292)) - e7fa427d-9bf0-4d57-b806-08466f41dcc1->9c4ad1af-a9aa-4def-ae67-c9235e3b5814: follower responses appendEntries COMPLETED
2019-08-22 17:49:10,444 [grpc-default-executor-5] INFO  impl.FollowerInfo (FollowerInfo.java:lambda$new$0(50)) - e7fa427d-9bf0-4d57-b806-08466f41dcc1->9c4ad1af-a9aa-4def-ae67-c9235e3b5814: nextIndex: updateUnconditionally 16 -> 15
2019-08-22 17:49:10,446 [StateMachineUpdater:e7fa427d-9bf0-4d57-b806-08466f41dcc1:group-55BFC9734161] INFO  ratis.ContainerStateMachine (ContainerStateMachine.java:takeSnapshot(294)) - group-55BFC9734161: Finished taking a snapshot at:(t:1, i:13) file:/workdir/hadoop-ozone/integration-test/target/test-dir/MiniOzoneClusterImpl-3fcad3f5-9634-4478-a239-7449fe26e55e/datanode-3/data/ratis/28a9f31c-9582-4f86-b1f3-55bfc9734161/sm/snapshot.1_13 time:17
2019-08-22 17:49:10,446 [StateMachineUpdater:e7fa427d-9bf0-4d57-b806-08466f41dcc1:group-55BFC9734161] INFO  impl.StateMachineUpdater (StateMachineUpdater.java:takeSnapshot(242)) - StateMachineUpdater:e7fa427d-9bf0-4d57-b806-08466f41dcc1:group-55BFC9734161: Took a snapshot at index 13
2019-08-22 17:49:10,446 [StateMachineUpdater:e7fa427d-9bf0-4d57-b806-08466f41dcc1:group-55BFC9734161] INFO  impl.StateMachineUpdater (StateMachineUpdater.java:lambda$new$0(80)) - StateMachineUpdater:e7fa427d-9bf0-4d57-b806-08466f41dcc1:group-55BFC9734161: snapshotIndex: updateIncreasingly -1 -> 13
2019-08-22 17:49:10,447 [ForkJoinPool.commonPool-worker-1] INFO  impl.RaftServerImpl (ServerState.java:close(394)) - e7fa427d-9bf0-4d57-b806-08466f41dcc1:group-55BFC9734161 closes. The last applied log index is 15
2019-08-22 17:49:10,447 [e7fa427d-9bf0-4d57-b806-08466f41dcc1-SegmentedRaftLogWorker:Storage Directory /workdir/hadoop-ozone/integration-test/target/test-dir/MiniOzoneClusterImpl-3fcad3f5-9634-4478-a239-7449fe26e55e/datanode-3/data/ratis/28a9f31c-9582-4f86-b1f3-55bfc9734161] INFO  segmented.SegmentedRaftLogWorker (SegmentedRaftLogWorker.java:run(313)) - e7fa427d-9bf0-4d57-b806-08466f41dcc1-SegmentedRaftLogWorker:Storage Directory /workdir/hadoop-ozone/integration-test/target/test-dir/MiniOzoneClusterImpl-3fcad3f5-9634-4478-a239-7449fe26e55e/datanode-3/data/ratis/28a9f31c-9582-4f86-b1f3-55bfc9734161 was interrupted, exiting. There are 0 tasks remaining in the queue.
2019-08-22 17:49:10,450 [ForkJoinPool.commonPool-worker-1] INFO  segmented.SegmentedRaftLogWorker (SegmentedRaftLogWorker.java:close(228)) - e7fa427d-9bf0-4d57-b806-08466f41dcc1-SegmentedRaftLogWorker:Storage Directory /workdir/hadoop-ozone/integration-test/target/test-dir/MiniOzoneClusterImpl-3fcad3f5-9634-4478-a239-7449fe26e55e/datanode-3/data/ratis/28a9f31c-9582-4f86-b1f3-55bfc9734161 close()
2019-08-22 17:49:10,454 [main] INFO  server.GrpcService (GrpcService.java:closeImpl(155)) - e7fa427d-9bf0-4d57-b806-08466f41dcc1: shutdown server with port 40856 now
2019-08-22 17:49:10,455 [grpc-default-executor-2] WARN  client.GrpcClientProtocolService (LogUtils.java:warn(134)) - 3-UnorderedRequestStreamObserver3: onError: org.apache.ratis.thirdparty.io.grpc.StatusRuntimeException: CANCELLED: cancelled before receiving half close
2019-08-22 17:49:10,457 [main] INFO  server.GrpcService (GrpcService.java:closeImpl(163)) - e7fa427d-9bf0-4d57-b806-08466f41dcc1: shutdown server with port 40856 successfully
2019-08-22 17:49:10,458 [main] INFO  utils.BackgroundService (BackgroundService.java:shutdown(148)) - Shutting down service BlockDeletingService
2019-08-22 17:49:10,460 [refreshUsed-/workdir/hadoop-ozone/integration-test/target/test-dir/MiniOzoneClusterImpl-3fcad3f5-9634-4478-a239-7449fe26e55e/datanode-3/data/containers] WARN  fs.CachingGetSpaceUsed (CachingGetSpaceUsed.java:run(183)) - Thread Interrupted waiting to refresh disk information: sleep interrupted
2019-08-22 17:49:10,479 [main] INFO  statemachine.DatanodeStateMachine (DatanodeStateMachine.java:stopDaemon(395)) - Ozone container server stopped.
2019-08-22 17:49:10,480 [main] INFO  handler.ContextHandler (ContextHandler.java:doStop(910)) - Stopped o.e.j.w.WebAppContext@10c11e36{/,null,UNAVAILABLE}{/hddsDatanode}
2019-08-22 17:49:10,481 [main] INFO  server.AbstractConnector (AbstractConnector.java:doStop(318)) - Stopped ServerConnector@1da53092{HTTP/1.1,[http/1.1]}{0.0.0.0:0}
2019-08-22 17:49:10,481 [main] INFO  handler.ContextHandler (ContextHandler.java:doStop(910)) - Stopped o.e.j.s.ServletContextHandler@4676fcd9{/static,jar:file:/home/user/.m2/repository/org/apache/hadoop/hadoop-hdds-container-service/0.5.0-SNAPSHOT/hadoop-hdds-container-service-0.5.0-SNAPSHOT.jar!/webapps/static,UNAVAILABLE}
2019-08-22 17:49:10,481 [main] INFO  handler.ContextHandler (ContextHandler.java:doStop(910)) - Stopped o.e.j.s.ServletContextHandler@2e0d6270{/logs,file:///workdir/hadoop-ozone/integration-test/target/log,UNAVAILABLE}
2019-08-22 17:49:10,608 | INFO  | SCMAudit | user=jenkins1000 | ip=192.168.5.173 | op=SEND_HEARTBEAT {datanodeUUID=41476450-f699-485d-b75b-cc9c7bcae223, command=[]} | ret=SUCCESS |  
2019-08-22 17:49:10,838 | INFO  | SCMAudit | user=jenkins1000 | ip=192.168.5.173 | op=SEND_HEARTBEAT {datanodeUUID=e511989b-68ab-45c1-a797-44c33b51afe6, command=[]} | ret=SUCCESS |  
2019-08-22 17:49:10,880 | INFO  | SCMAudit | user=jenkins1000 | ip=192.168.5.173 | op=SEND_HEARTBEAT {datanodeUUID=bab19725-b868-4c18-8e7b-ccd18f49c2c6, command=[]} | ret=SUCCESS |  
2019-08-22 17:49:11,159 | INFO  | SCMAudit | user=jenkins1000 | ip=192.168.5.173 | op=SEND_HEARTBEAT {datanodeUUID=4ddf9bc6-c089-4456-8fae-06bd647ee380, command=[commandType: closeContainerCommand closeContainerCommandProto { containerID: 1 pipelineID { id: "28a9f31c-9582-4f86-b1f3-55bfc9734161" } cmdId: 1 force: false } ]} | ret=SUCCESS |  
2019-08-22 17:49:11,159 | INFO  | SCMAudit | user=jenkins1000 | ip=192.168.5.173 | op=SEND_HEARTBEAT {datanodeUUID=9c4ad1af-a9aa-4def-ae67-c9235e3b5814, command=[commandType: closeContainerCommand closeContainerCommandProto { containerID: 1 pipelineID { id: "28a9f31c-9582-4f86-b1f3-55bfc9734161" } cmdId: 1 force: false } ]} | ret=SUCCESS |  
2019-08-22 17:49:11,422 | INFO  | SCMAudit | user=jenkins1000 | ip=192.168.5.173 | op=SEND_HEARTBEAT {datanodeUUID=9e961f7d-2f80-48a7-b3ac-81f0a28e2c39, command=[]} | ret=SUCCESS |  
2019-08-22 17:49:11,608 | INFO  | SCMAudit | user=jenkins1000 | ip=192.168.5.173 | op=SEND_HEARTBEAT {datanodeUUID=41476450-f699-485d-b75b-cc9c7bcae223, command=[]} | ret=SUCCESS |  
2019-08-22 17:49:11,838 | INFO  | SCMAudit | user=jenkins1000 | ip=192.168.5.173 | op=SEND_HEARTBEAT {datanodeUUID=e511989b-68ab-45c1-a797-44c33b51afe6, command=[]} | ret=SUCCESS |  
2019-08-22 17:49:11,880 | INFO  | SCMAudit | user=jenkins1000 | ip=192.168.5.173 | op=SEND_HEARTBEAT {datanodeUUID=bab19725-b868-4c18-8e7b-ccd18f49c2c6, command=[]} | ret=SUCCESS |  
2019-08-22 17:49:12,158 | INFO  | SCMAudit | user=jenkins1000 | ip=192.168.5.173 | op=SEND_HEARTBEAT {datanodeUUID=9c4ad1af-a9aa-4def-ae67-c9235e3b5814, command=[]} | ret=SUCCESS |  
2019-08-22 17:49:12,158 | INFO  | SCMAudit | user=jenkins1000 | ip=192.168.5.173 | op=SEND_HEARTBEAT {datanodeUUID=4ddf9bc6-c089-4456-8fae-06bd647ee380, command=[]} | ret=SUCCESS |  
2019-08-22 17:49:12,175 | INFO  | SCMAudit | user=jenkins1000 | ip=192.168.5.173 | op=SEND_HEARTBEAT {datanodeUUID=4ddf9bc6-c089-4456-8fae-06bd647ee380, command=[]} | ret=SUCCESS |  
2019-08-22 17:49:12,175 | INFO  | SCMAudit | user=jenkins1000 | ip=192.168.5.173 | op=SEND_HEARTBEAT {datanodeUUID=9c4ad1af-a9aa-4def-ae67-c9235e3b5814, command=[]} | ret=SUCCESS |  
2019-08-22 17:49:12,422 | INFO  | SCMAudit | user=jenkins1000 | ip=192.168.5.173 | op=SEND_HEARTBEAT {datanodeUUID=9e961f7d-2f80-48a7-b3ac-81f0a28e2c39, command=[]} | ret=SUCCESS |  
2019-08-22 17:49:12,496 [grpc-default-executor-2] INFO  client.GrpcClientProtocolClient (GrpcClientProtocolClient.java:onNext(255)) - client-956DB91747F7->9c4ad1af-a9aa-4def-ae67-c9235e3b5814: receive RaftClientReply:client-956DB91747F7->9c4ad1af-a9aa-4def-ae67-c9235e3b5814@group-55BFC9734161, cid=165, FAILED org.apache.ratis.protocol.NotLeaderException: Server 9c4ad1af-a9aa-4def-ae67-c9235e3b5814 is not the leader (e7fa427d-9bf0-4d57-b806-08466f41dcc1:192.168.5.173:40856). Request must be sent to leader., logIndex=0, commits[9c4ad1af-a9aa-4def-ae67-c9235e3b5814:c15, 4ddf9bc6-c089-4456-8fae-06bd647ee380:c15, e7fa427d-9bf0-4d57-b806-08466f41dcc1:c15]
2019-08-22 17:49:12,608 | INFO  | SCMAudit | user=jenkins1000 | ip=192.168.5.173 | op=SEND_HEARTBEAT {datanodeUUID=41476450-f699-485d-b75b-cc9c7bcae223, command=[]} | ret=SUCCESS |  
2019-08-22 17:49:12,838 | INFO  | SCMAudit | user=jenkins1000 | ip=192.168.5.173 | op=SEND_HEARTBEAT {datanodeUUID=e511989b-68ab-45c1-a797-44c33b51afe6, command=[]} | ret=SUCCESS |  
2019-08-22 17:49:12,880 | INFO  | SCMAudit | user=jenkins1000 | ip=192.168.5.173 | op=SEND_HEARTBEAT {datanodeUUID=bab19725-b868-4c18-8e7b-ccd18f49c2c6, command=[]} | ret=SUCCESS |  
2019-08-22 17:49:13,175 | INFO  | SCMAudit | user=jenkins1000 | ip=192.168.5.173 | op=SEND_HEARTBEAT {datanodeUUID=4ddf9bc6-c089-4456-8fae-06bd647ee380, command=[]} | ret=SUCCESS |  
2019-08-22 17:49:13,175 | INFO  | SCMAudit | user=jenkins1000 | ip=192.168.5.173 | op=SEND_HEARTBEAT {datanodeUUID=9c4ad1af-a9aa-4def-ae67-c9235e3b5814, command=[]} | ret=SUCCESS |  
2019-08-22 17:49:13,422 | INFO  | SCMAudit | user=jenkins1000 | ip=192.168.5.173 | op=SEND_HEARTBEAT {datanodeUUID=9e961f7d-2f80-48a7-b3ac-81f0a28e2c39, command=[]} | ret=SUCCESS |  
2019-08-22 17:49:13,508 [grpc-default-executor-1] INFO  client.GrpcClientProtocolClient (GrpcClientProtocolClient.java:onNext(255)) - client-956DB91747F7->4ddf9bc6-c089-4456-8fae-06bd647ee380: receive RaftClientReply:client-956DB91747F7->4ddf9bc6-c089-4456-8fae-06bd647ee380@group-55BFC9734161, cid=165, FAILED org.apache.ratis.protocol.NotLeaderException: Server 4ddf9bc6-c089-4456-8fae-06bd647ee380 is not the leader (e7fa427d-9bf0-4d57-b806-08466f41dcc1:192.168.5.173:40856). Request must be sent to leader., logIndex=0, commits[4ddf9bc6-c089-4456-8fae-06bd647ee380:c15, 9c4ad1af-a9aa-4def-ae67-c9235e3b5814:c15, e7fa427d-9bf0-4d57-b806-08466f41dcc1:c15]
2019-08-22 17:49:13,608 | INFO  | SCMAudit | user=jenkins1000 | ip=192.168.5.173 | op=SEND_HEARTBEAT {datanodeUUID=41476450-f699-485d-b75b-cc9c7bcae223, command=[]} | ret=SUCCESS |  
2019-08-22 17:49:13,838 | INFO  | SCMAudit | user=jenkins1000 | ip=192.168.5.173 | op=SEND_HEARTBEAT {datanodeUUID=e511989b-68ab-45c1-a797-44c33b51afe6, command=[]} | ret=SUCCESS |  
2019-08-22 17:49:13,881 | INFO  | SCMAudit | user=jenkins1000 | ip=192.168.5.173 | op=SEND_HEARTBEAT {datanodeUUID=bab19725-b868-4c18-8e7b-ccd18f49c2c6, command=[]} | ret=SUCCESS |  
2019-08-22 17:49:14,176 | INFO  | SCMAudit | user=jenkins1000 | ip=192.168.5.173 | op=SEND_HEARTBEAT {datanodeUUID=9c4ad1af-a9aa-4def-ae67-c9235e3b5814, command=[]} | ret=SUCCESS |  
2019-08-22 17:49:14,176 | INFO  | SCMAudit | user=jenkins1000 | ip=192.168.5.173 | op=SEND_HEARTBEAT {datanodeUUID=4ddf9bc6-c089-4456-8fae-06bd647ee380, command=[]} | ret=SUCCESS |  
2019-08-22 17:49:14,422 | INFO  | SCMAudit | user=jenkins1000 | ip=192.168.5.173 | op=SEND_HEARTBEAT {datanodeUUID=9e961f7d-2f80-48a7-b3ac-81f0a28e2c39, command=[]} | ret=SUCCESS |  
2019-08-22 17:49:14,522 [grpc-default-executor-2] INFO  client.GrpcClientProtocolClient (GrpcClientProtocolClient.java:onNext(255)) - client-956DB91747F7->4ddf9bc6-c089-4456-8fae-06bd647ee380: receive RaftClientReply:client-956DB91747F7->4ddf9bc6-c089-4456-8fae-06bd647ee380@group-55BFC9734161, cid=165, FAILED org.apache.ratis.protocol.NotLeaderException: Server 4ddf9bc6-c089-4456-8fae-06bd647ee380 is not the leader (e7fa427d-9bf0-4d57-b806-08466f41dcc1:192.168.5.173:40856). Request must be sent to leader., logIndex=0, commits[4ddf9bc6-c089-4456-8fae-06bd647ee380:c15, 9c4ad1af-a9aa-4def-ae67-c9235e3b5814:c15, e7fa427d-9bf0-4d57-b806-08466f41dcc1:c15]
2019-08-22 17:49:14,608 | INFO  | SCMAudit | user=jenkins1000 | ip=192.168.5.173 | op=SEND_HEARTBEAT {datanodeUUID=41476450-f699-485d-b75b-cc9c7bcae223, command=[]} | ret=SUCCESS |  
2019-08-22 17:49:14,838 | INFO  | SCMAudit | user=jenkins1000 | ip=192.168.5.173 | op=SEND_HEARTBEAT {datanodeUUID=e511989b-68ab-45c1-a797-44c33b51afe6, command=[]} | ret=SUCCESS |  
2019-08-22 17:49:14,881 | INFO  | SCMAudit | user=jenkins1000 | ip=192.168.5.173 | op=SEND_HEARTBEAT {datanodeUUID=bab19725-b868-4c18-8e7b-ccd18f49c2c6, command=[]} | ret=SUCCESS |  
2019-08-22 17:49:15,175 | INFO  | SCMAudit | user=jenkins1000 | ip=192.168.5.173 | op=SEND_HEARTBEAT {datanodeUUID=4ddf9bc6-c089-4456-8fae-06bd647ee380, command=[]} | ret=SUCCESS |  
2019-08-22 17:49:15,176 | INFO  | SCMAudit | user=jenkins1000 | ip=192.168.5.173 | op=SEND_HEARTBEAT {datanodeUUID=9c4ad1af-a9aa-4def-ae67-c9235e3b5814, command=[]} | ret=SUCCESS |  
2019-08-22 17:49:15,422 | INFO  | SCMAudit | user=jenkins1000 | ip=192.168.5.173 | op=SEND_HEARTBEAT {datanodeUUID=9e961f7d-2f80-48a7-b3ac-81f0a28e2c39, command=[]} | ret=SUCCESS |  
2019-08-22 17:49:15,538 [grpc-default-executor-1] INFO  client.GrpcClientProtocolClient (GrpcClientProtocolClient.java:onNext(255)) - client-956DB91747F7->9c4ad1af-a9aa-4def-ae67-c9235e3b5814: receive RaftClientReply:client-956DB91747F7->9c4ad1af-a9aa-4def-ae67-c9235e3b5814@group-55BFC9734161, cid=165, FAILED org.apache.ratis.protocol.NotLeaderException: Server 9c4ad1af-a9aa-4def-ae67-c9235e3b5814 is not the leader (e7fa427d-9bf0-4d57-b806-08466f41dcc1:192.168.5.173:40856). Request must be sent to leader., logIndex=0, commits[9c4ad1af-a9aa-4def-ae67-c9235e3b5814:c15, 4ddf9bc6-c089-4456-8fae-06bd647ee380:c15, e7fa427d-9bf0-4d57-b806-08466f41dcc1:c15]
2019-08-22 17:49:15,609 | INFO  | SCMAudit | user=jenkins1000 | ip=192.168.5.173 | op=SEND_HEARTBEAT {datanodeUUID=41476450-f699-485d-b75b-cc9c7bcae223, command=[]} | ret=SUCCESS |  
2019-08-22 17:49:15,838 | INFO  | SCMAudit | user=jenkins1000 | ip=192.168.5.173 | op=SEND_HEARTBEAT {datanodeUUID=e511989b-68ab-45c1-a797-44c33b51afe6, command=[]} | ret=SUCCESS |  
2019-08-22 17:49:15,881 | INFO  | SCMAudit | user=jenkins1000 | ip=192.168.5.173 | op=SEND_HEARTBEAT {datanodeUUID=bab19725-b868-4c18-8e7b-ccd18f49c2c6, command=[]} | ret=SUCCESS |  
2019-08-22 17:49:16,175 | INFO  | SCMAudit | user=jenkins1000 | ip=192.168.5.173 | op=SEND_HEARTBEAT {datanodeUUID=4ddf9bc6-c089-4456-8fae-06bd647ee380, command=[]} | ret=SUCCESS |  
2019-08-22 17:49:16,176 | INFO  | SCMAudit | user=jenkins1000 | ip=192.168.5.173 | op=SEND_HEARTBEAT {datanodeUUID=9c4ad1af-a9aa-4def-ae67-c9235e3b5814, command=[]} | ret=SUCCESS |  
2019-08-22 17:49:16,422 | INFO  | SCMAudit | user=jenkins1000 | ip=192.168.5.173 | op=SEND_HEARTBEAT {datanodeUUID=9e961f7d-2f80-48a7-b3ac-81f0a28e2c39, command=[]} | ret=SUCCESS |  
2019-08-22 17:49:16,556 [grpc-default-executor-2] INFO  client.GrpcClientProtocolClient (GrpcClientProtocolClient.java:onNext(255)) - client-956DB91747F7->4ddf9bc6-c089-4456-8fae-06bd647ee380: receive RaftClientReply:client-956DB91747F7->4ddf9bc6-c089-4456-8fae-06bd647ee380@group-55BFC9734161, cid=165, FAILED org.apache.ratis.protocol.NotLeaderException: Server 4ddf9bc6-c089-4456-8fae-06bd647ee380 is not the leader (e7fa427d-9bf0-4d57-b806-08466f41dcc1:192.168.5.173:40856). Request must be sent to leader., logIndex=0, commits[4ddf9bc6-c089-4456-8fae-06bd647ee380:c15, 9c4ad1af-a9aa-4def-ae67-c9235e3b5814:c15, e7fa427d-9bf0-4d57-b806-08466f41dcc1:c15]
2019-08-22 17:49:16,609 | INFO  | SCMAudit | user=jenkins1000 | ip=192.168.5.173 | op=SEND_HEARTBEAT {datanodeUUID=41476450-f699-485d-b75b-cc9c7bcae223, command=[]} | ret=SUCCESS |  
2019-08-22 17:49:16,838 | INFO  | SCMAudit | user=jenkins1000 | ip=192.168.5.173 | op=SEND_HEARTBEAT {datanodeUUID=e511989b-68ab-45c1-a797-44c33b51afe6, command=[]} | ret=SUCCESS |  
2019-08-22 17:49:16,882 | INFO  | SCMAudit | user=jenkins1000 | ip=192.168.5.173 | op=SEND_HEARTBEAT {datanodeUUID=bab19725-b868-4c18-8e7b-ccd18f49c2c6, command=[]} | ret=SUCCESS |  
2019-08-22 17:49:17,175 | INFO  | SCMAudit | user=jenkins1000 | ip=192.168.5.173 | op=SEND_HEARTBEAT {datanodeUUID=4ddf9bc6-c089-4456-8fae-06bd647ee380, command=[]} | ret=SUCCESS |  
2019-08-22 17:49:17,176 | INFO  | SCMAudit | user=jenkins1000 | ip=192.168.5.173 | op=SEND_HEARTBEAT {datanodeUUID=9c4ad1af-a9aa-4def-ae67-c9235e3b5814, command=[]} | ret=SUCCESS |  
2019-08-22 17:49:17,422 | INFO  | SCMAudit | user=jenkins1000 | ip=192.168.5.173 | op=SEND_HEARTBEAT {datanodeUUID=9e961f7d-2f80-48a7-b3ac-81f0a28e2c39, command=[]} | ret=SUCCESS |  
2019-08-22 17:49:17,570 [grpc-default-executor-1] INFO  client.GrpcClientProtocolClient (GrpcClientProtocolClient.java:onNext(255)) - client-956DB91747F7->9c4ad1af-a9aa-4def-ae67-c9235e3b5814: receive RaftClientReply:client-956DB91747F7->9c4ad1af-a9aa-4def-ae67-c9235e3b5814@group-55BFC9734161, cid=165, FAILED org.apache.ratis.protocol.NotLeaderException: Server 9c4ad1af-a9aa-4def-ae67-c9235e3b5814 is not the leader (e7fa427d-9bf0-4d57-b806-08466f41dcc1:192.168.5.173:40856). Request must be sent to leader., logIndex=0, commits[9c4ad1af-a9aa-4def-ae67-c9235e3b5814:c15, 4ddf9bc6-c089-4456-8fae-06bd647ee380:c15, e7fa427d-9bf0-4d57-b806-08466f41dcc1:c15]
2019-08-22 17:49:17,609 | INFO  | SCMAudit | user=jenkins1000 | ip=192.168.5.173 | op=SEND_HEARTBEAT {datanodeUUID=41476450-f699-485d-b75b-cc9c7bcae223, command=[]} | ret=SUCCESS |  
2019-08-22 17:49:17,838 | INFO  | SCMAudit | user=jenkins1000 | ip=192.168.5.173 | op=SEND_HEARTBEAT {datanodeUUID=e511989b-68ab-45c1-a797-44c33b51afe6, command=[]} | ret=SUCCESS |  
2019-08-22 17:49:17,882 | INFO  | SCMAudit | user=jenkins1000 | ip=192.168.5.173 | op=SEND_HEARTBEAT {datanodeUUID=bab19725-b868-4c18-8e7b-ccd18f49c2c6, command=[]} | ret=SUCCESS |  
2019-08-22 17:49:18,175 | INFO  | SCMAudit | user=jenkins1000 | ip=192.168.5.173 | op=SEND_HEARTBEAT {datanodeUUID=4ddf9bc6-c089-4456-8fae-06bd647ee380, command=[]} | ret=SUCCESS |  
2019-08-22 17:49:18,176 | INFO  | SCMAudit | user=jenkins1000 | ip=192.168.5.173 | op=SEND_HEARTBEAT {datanodeUUID=9c4ad1af-a9aa-4def-ae67-c9235e3b5814, command=[]} | ret=SUCCESS |  
2019-08-22 17:49:18,422 | INFO  | SCMAudit | user=jenkins1000 | ip=192.168.5.173 | op=SEND_HEARTBEAT {datanodeUUID=9e961f7d-2f80-48a7-b3ac-81f0a28e2c39, command=[]} | ret=SUCCESS |  
2019-08-22 17:49:18,585 [grpc-default-executor-5] INFO  client.GrpcClientProtocolClient (GrpcClientProtocolClient.java:onNext(255)) - client-956DB91747F7->4ddf9bc6-c089-4456-8fae-06bd647ee380: receive RaftClientReply:client-956DB91747F7->4ddf9bc6-c089-4456-8fae-06bd647ee380@group-55BFC9734161, cid=165, FAILED org.apache.ratis.protocol.NotLeaderException: Server 4ddf9bc6-c089-4456-8fae-06bd647ee380 is not the leader (e7fa427d-9bf0-4d57-b806-08466f41dcc1:192.168.5.173:40856). Request must be sent to leader., logIndex=0, commits[4ddf9bc6-c089-4456-8fae-06bd647ee380:c15, 9c4ad1af-a9aa-4def-ae67-c9235e3b5814:c15, e7fa427d-9bf0-4d57-b806-08466f41dcc1:c15]
2019-08-22 17:49:18,609 | INFO  | SCMAudit | user=jenkins1000 | ip=192.168.5.173 | op=SEND_HEARTBEAT {datanodeUUID=41476450-f699-485d-b75b-cc9c7bcae223, command=[]} | ret=SUCCESS |  
2019-08-22 17:49:18,839 | INFO  | SCMAudit | user=jenkins1000 | ip=192.168.5.173 | op=SEND_HEARTBEAT {datanodeUUID=e511989b-68ab-45c1-a797-44c33b51afe6, command=[]} | ret=SUCCESS |  
2019-08-22 17:49:18,882 | INFO  | SCMAudit | user=jenkins1000 | ip=192.168.5.173 | op=SEND_HEARTBEAT {datanodeUUID=bab19725-b868-4c18-8e7b-ccd18f49c2c6, command=[]} | ret=SUCCESS |  
2019-08-22 17:49:19,175 | INFO  | SCMAudit | user=jenkins1000 | ip=192.168.5.173 | op=SEND_HEARTBEAT {datanodeUUID=4ddf9bc6-c089-4456-8fae-06bd647ee380, command=[]} | ret=SUCCESS |  
2019-08-22 17:49:19,176 | INFO  | SCMAudit | user=jenkins1000 | ip=192.168.5.173 | op=SEND_HEARTBEAT {datanodeUUID=9c4ad1af-a9aa-4def-ae67-c9235e3b5814, command=[]} | ret=SUCCESS |  
2019-08-22 17:49:19,423 | INFO  | SCMAudit | user=jenkins1000 | ip=192.168.5.173 | op=SEND_HEARTBEAT {datanodeUUID=9e961f7d-2f80-48a7-b3ac-81f0a28e2c39, command=[]} | ret=SUCCESS |  
2019-08-22 17:49:19,604 [grpc-default-executor-5] INFO  client.GrpcClientProtocolClient (GrpcClientProtocolClient.java:onNext(255)) - client-956DB91747F7->9c4ad1af-a9aa-4def-ae67-c9235e3b5814: receive RaftClientReply:client-956DB91747F7->9c4ad1af-a9aa-4def-ae67-c9235e3b5814@group-55BFC9734161, cid=165, FAILED org.apache.ratis.protocol.NotLeaderException: Server 9c4ad1af-a9aa-4def-ae67-c9235e3b5814 is not the leader (e7fa427d-9bf0-4d57-b806-08466f41dcc1:192.168.5.173:40856). Request must be sent to leader., logIndex=0, commits[9c4ad1af-a9aa-4def-ae67-c9235e3b5814:c15, 4ddf9bc6-c089-4456-8fae-06bd647ee380:c15, e7fa427d-9bf0-4d57-b806-08466f41dcc1:c15]
2019-08-22 17:49:19,609 | INFO  | SCMAudit | user=jenkins1000 | ip=192.168.5.173 | op=SEND_HEARTBEAT {datanodeUUID=41476450-f699-485d-b75b-cc9c7bcae223, command=[]} | ret=SUCCESS |  
2019-08-22 17:49:19,840 | INFO  | SCMAudit | user=jenkins1000 | ip=192.168.5.173 | op=SEND_HEARTBEAT {datanodeUUID=e511989b-68ab-45c1-a797-44c33b51afe6, command=[]} | ret=SUCCESS |  
2019-08-22 17:49:19,882 | INFO  | SCMAudit | user=jenkins1000 | ip=192.168.5.173 | op=SEND_HEARTBEAT {datanodeUUID=bab19725-b868-4c18-8e7b-ccd18f49c2c6, command=[]} | ret=SUCCESS |  
2019-08-22 17:49:20,065 [Thread-3377] INFO  impl.FollowerState (FollowerState.java:run(106)) - 4ddf9bc6-c089-4456-8fae-06bd647ee380:group-55BFC9734161 changes to CANDIDATE, lastRpcTime:9651, electionTimeout:5013ms
2019-08-22 17:49:20,065 [Thread-3377] INFO  impl.RoleInfo (RoleInfo.java:shutdownFollowerState(121)) - 4ddf9bc6-c089-4456-8fae-06bd647ee380: shutdown FollowerState
2019-08-22 17:49:20,065 [Thread-3377] INFO  impl.RaftServerImpl (RaftServerImpl.java:setRole(171)) - 4ddf9bc6-c089-4456-8fae-06bd647ee380:group-55BFC9734161 changes role from FOLLOWER to CANDIDATE at term 1 for changeToCandidate
2019-08-22 17:49:20,065 [Thread-3377] INFO  impl.RoleInfo (RoleInfo.java:updateAndGet(143)) - 4ddf9bc6-c089-4456-8fae-06bd647ee380: start LeaderElection
2019-08-22 17:49:20,066 [4ddf9bc6-c089-4456-8fae-06bd647ee380:group-55BFC9734161:LeaderElection79] INFO  impl.RaftServerImpl (ServerState.java:setLeader(263)) - 4ddf9bc6-c089-4456-8fae-06bd647ee380:group-55BFC9734161 change Leader from e7fa427d-9bf0-4d57-b806-08466f41dcc1 to null at term 1 for initElection
2019-08-22 17:49:20,079 [4ddf9bc6-c089-4456-8fae-06bd647ee380:group-55BFC9734161:LeaderElection79] INFO  impl.LeaderElection (LeaderElection.java:askForVotes(181)) - 4ddf9bc6-c089-4456-8fae-06bd647ee380:group-55BFC9734161:LeaderElection79: begin an election at term 2 for 0: [4ddf9bc6-c089-4456-8fae-06bd647ee380:192.168.5.173:45258, 9c4ad1af-a9aa-4def-ae67-c9235e3b5814:192.168.5.173:39794, e7fa427d-9bf0-4d57-b806-08466f41dcc1:192.168.5.173:40856], old=null
2019-08-22 17:49:20,082 [4ddf9bc6-c089-4456-8fae-06bd647ee380:group-55BFC9734161:LeaderElection79] INFO  impl.LeaderElection (LogUtils.java:infoOrTrace(149)) - 4ddf9bc6-c089-4456-8fae-06bd647ee380:group-55BFC9734161:LeaderElection79 got exception when requesting votes: {}
java.util.concurrent.ExecutionException: org.apache.ratis.thirdparty.io.grpc.StatusRuntimeException: UNAVAILABLE: io exception
	at java.util.concurrent.FutureTask.report(FutureTask.java:122)
	at java.util.concurrent.FutureTask.get(FutureTask.java:192)
	at org.apache.ratis.server.impl.LeaderElection.waitForResults(LeaderElection.java:262)
	at org.apache.ratis.server.impl.LeaderElection.askForVotes(LeaderElection.java:200)
	at org.apache.ratis.server.impl.LeaderElection.run(LeaderElection.java:130)
	at java.lang.Thread.run(Thread.java:748)
Caused by: org.apache.ratis.thirdparty.io.grpc.StatusRuntimeException: UNAVAILABLE: io exception
	at org.apache.ratis.thirdparty.io.grpc.stub.ClientCalls.toStatusRuntimeException(ClientCalls.java:233)
	at org.apache.ratis.thirdparty.io.grpc.stub.ClientCalls.getUnchecked(ClientCalls.java:214)
	at org.apache.ratis.thirdparty.io.grpc.stub.ClientCalls.blockingUnaryCall(ClientCalls.java:139)
	at org.apache.ratis.proto.grpc.RaftServerProtocolServiceGrpc$RaftServerProtocolServiceBlockingStub.requestVote(RaftServerProtocolServiceGrpc.java:265)
	at org.apache.ratis.grpc.server.GrpcServerProtocolClient.requestVote(GrpcServerProtocolClient.java:83)
	at org.apache.ratis.grpc.server.GrpcService.requestVote(GrpcService.java:195)
	at org.apache.ratis.server.impl.LeaderElection.lambda$submitRequests$1(LeaderElection.java:237)
	at java.util.concurrent.FutureTask.run(FutureTask.java:266)
	at java.util.concurrent.Executors$RunnableAdapter.call(Executors.java:511)
	at java.util.concurrent.FutureTask.run(FutureTask.java:266)
	at java.util.concurrent.ThreadPoolExecutor.runWorker(ThreadPoolExecutor.java:1149)
	at java.util.concurrent.ThreadPoolExecutor$Worker.run(ThreadPoolExecutor.java:624)
	... 1 more
Caused by: org.apache.ratis.thirdparty.io.netty.channel.AbstractChannel$AnnotatedConnectException: Connection refused: /192.168.5.173:40856
	at sun.nio.ch.SocketChannelImpl.checkConnect(Native Method)
	at sun.nio.ch.SocketChannelImpl.finishConnect(SocketChannelImpl.java:717)
	at org.apache.ratis.thirdparty.io.netty.channel.socket.nio.NioSocketChannel.doFinishConnect(NioSocketChannel.java:327)
	at org.apache.ratis.thirdparty.io.netty.channel.nio.AbstractNioChannel$AbstractNioUnsafe.finishConnect(AbstractNioChannel.java:340)
	at org.apache.ratis.thirdparty.io.netty.channel.nio.NioEventLoop.processSelectedKey(NioEventLoop.java:632)
	at org.apache.ratis.thirdparty.io.netty.channel.nio.NioEventLoop.processSelectedKeysOptimized(NioEventLoop.java:579)
	at org.apache.ratis.thirdparty.io.netty.channel.nio.NioEventLoop.processSelectedKeys(NioEventLoop.java:496)
	at org.apache.ratis.thirdparty.io.netty.channel.nio.NioEventLoop.run(NioEventLoop.java:458)
	at org.apache.ratis.thirdparty.io.netty.util.concurrent.SingleThreadEventExecutor$5.run(SingleThreadEventExecutor.java:897)
	at org.apache.ratis.thirdparty.io.netty.util.concurrent.FastThreadLocalRunnable.run(FastThreadLocalRunnable.java:30)
	... 1 more
Caused by: java.net.ConnectException: Connection refused
	... 11 more
2019-08-22 17:49:20,093 [grpc-default-executor-2] INFO  impl.RaftServerImpl (ServerState.java:setLeader(263)) - 9c4ad1af-a9aa-4def-ae67-c9235e3b5814:group-55BFC9734161 change Leader from e7fa427d-9bf0-4d57-b806-08466f41dcc1 to null at term 2 for updateCurrentTerm
2019-08-22 17:49:20,093 [grpc-default-executor-2] INFO  impl.RaftServerImpl (RaftServerImpl.java:setRole(171)) - 9c4ad1af-a9aa-4def-ae67-c9235e3b5814:group-55BFC9734161 changes role from FOLLOWER to FOLLOWER at term 2 for recognizeCandidate:4ddf9bc6-c089-4456-8fae-06bd647ee380
2019-08-22 17:49:20,093 [grpc-default-executor-2] INFO  impl.RoleInfo (RoleInfo.java:shutdownFollowerState(121)) - 9c4ad1af-a9aa-4def-ae67-c9235e3b5814: shutdown FollowerState
2019-08-22 17:49:20,093 [grpc-default-executor-2] INFO  impl.RoleInfo (RoleInfo.java:updateAndGet(143)) - 9c4ad1af-a9aa-4def-ae67-c9235e3b5814: start FollowerState
2019-08-22 17:49:20,093 [Thread-3386] INFO  impl.FollowerState (FollowerState.java:run(114)) - 9c4ad1af-a9aa-4def-ae67-c9235e3b5814: FollowerState was interrupted: java.lang.InterruptedException: sleep interrupted
2019-08-22 17:49:20,109 [4ddf9bc6-c089-4456-8fae-06bd647ee380:group-55BFC9734161:LeaderElection79] INFO  impl.LeaderElection (LeaderElection.java:logAndReturn(56)) - 4ddf9bc6-c089-4456-8fae-06bd647ee380:group-55BFC9734161:LeaderElection79: Election PASSED; received 1 response(s) [4ddf9bc6-c089-4456-8fae-06bd647ee380<-9c4ad1af-a9aa-4def-ae67-c9235e3b5814#0:OK-t2] and 1 exception(s); 4ddf9bc6-c089-4456-8fae-06bd647ee380:t2, leader=null, voted=4ddf9bc6-c089-4456-8fae-06bd647ee380, raftlog=4ddf9bc6-c089-4456-8fae-06bd647ee380-SegmentedRaftLog:OPENED:c15,f15,i15, conf=0: [4ddf9bc6-c089-4456-8fae-06bd647ee380:192.168.5.173:45258, 9c4ad1af-a9aa-4def-ae67-c9235e3b5814:192.168.5.173:39794, e7fa427d-9bf0-4d57-b806-08466f41dcc1:192.168.5.173:40856], old=null
2019-08-22 17:49:20,109 [4ddf9bc6-c089-4456-8fae-06bd647ee380:group-55BFC9734161:LeaderElection79] INFO  impl.LeaderElection (LogUtils.java:infoOrTrace(149)) -   Exception 0: {}
java.util.concurrent.ExecutionException: org.apache.ratis.thirdparty.io.grpc.StatusRuntimeException: UNAVAILABLE: io exception
	at java.util.concurrent.FutureTask.report(FutureTask.java:122)
	at java.util.concurrent.FutureTask.get(FutureTask.java:192)
	at org.apache.ratis.server.impl.LeaderElection.waitForResults(LeaderElection.java:262)
	at org.apache.ratis.server.impl.LeaderElection.askForVotes(LeaderElection.java:200)
	at org.apache.ratis.server.impl.LeaderElection.run(LeaderElection.java:130)
	at java.lang.Thread.run(Thread.java:748)
Caused by: org.apache.ratis.thirdparty.io.grpc.StatusRuntimeException: UNAVAILABLE: io exception
	at org.apache.ratis.thirdparty.io.grpc.stub.ClientCalls.toStatusRuntimeException(ClientCalls.java:233)
	at org.apache.ratis.thirdparty.io.grpc.stub.ClientCalls.getUnchecked(ClientCalls.java:214)
	at org.apache.ratis.thirdparty.io.grpc.stub.ClientCalls.blockingUnaryCall(ClientCalls.java:139)
	at org.apache.ratis.proto.grpc.RaftServerProtocolServiceGrpc$RaftServerProtocolServiceBlockingStub.requestVote(RaftServerProtocolServiceGrpc.java:265)
	at org.apache.ratis.grpc.server.GrpcServerProtocolClient.requestVote(GrpcServerProtocolClient.java:83)
	at org.apache.ratis.grpc.server.GrpcService.requestVote(GrpcService.java:195)
	at org.apache.ratis.server.impl.LeaderElection.lambda$submitRequests$1(LeaderElection.java:237)
	at java.util.concurrent.FutureTask.run(FutureTask.java:266)
	at java.util.concurrent.Executors$RunnableAdapter.call(Executors.java:511)
	at java.util.concurrent.FutureTask.run(FutureTask.java:266)
	at java.util.concurrent.ThreadPoolExecutor.runWorker(ThreadPoolExecutor.java:1149)
	at java.util.concurrent.ThreadPoolExecutor$Worker.run(ThreadPoolExecutor.java:624)
	... 1 more
Caused by: org.apache.ratis.thirdparty.io.netty.channel.AbstractChannel$AnnotatedConnectException: Connection refused: /192.168.5.173:40856
	at sun.nio.ch.SocketChannelImpl.checkConnect(Native Method)
	at sun.nio.ch.SocketChannelImpl.finishConnect(SocketChannelImpl.java:717)
	at org.apache.ratis.thirdparty.io.netty.channel.socket.nio.NioSocketChannel.doFinishConnect(NioSocketChannel.java:327)
	at org.apache.ratis.thirdparty.io.netty.channel.nio.AbstractNioChannel$AbstractNioUnsafe.finishConnect(AbstractNioChannel.java:340)
	at org.apache.ratis.thirdparty.io.netty.channel.nio.NioEventLoop.processSelectedKey(NioEventLoop.java:632)
	at org.apache.ratis.thirdparty.io.netty.channel.nio.NioEventLoop.processSelectedKeysOptimized(NioEventLoop.java:579)
	at org.apache.ratis.thirdparty.io.netty.channel.nio.NioEventLoop.processSelectedKeys(NioEventLoop.java:496)
	at org.apache.ratis.thirdparty.io.netty.channel.nio.NioEventLoop.run(NioEventLoop.java:458)
	at org.apache.ratis.thirdparty.io.netty.util.concurrent.SingleThreadEventExecutor$5.run(SingleThreadEventExecutor.java:897)
	at org.apache.ratis.thirdparty.io.netty.util.concurrent.FastThreadLocalRunnable.run(FastThreadLocalRunnable.java:30)
	... 1 more
Caused by: java.net.ConnectException: Connection refused
	... 11 more
2019-08-22 17:49:20,109 [4ddf9bc6-c089-4456-8fae-06bd647ee380:group-55BFC9734161:LeaderElection79] INFO  impl.RoleInfo (RoleInfo.java:shutdownLeaderElection(134)) - 4ddf9bc6-c089-4456-8fae-06bd647ee380: shutdown LeaderElection
2019-08-22 17:49:20,109 [4ddf9bc6-c089-4456-8fae-06bd647ee380:group-55BFC9734161:LeaderElection79] INFO  impl.RaftServerImpl (RaftServerImpl.java:setRole(171)) - 4ddf9bc6-c089-4456-8fae-06bd647ee380:group-55BFC9734161 changes role from CANDIDATE to LEADER at term 2 for changeToLeader
2019-08-22 17:49:20,109 [4ddf9bc6-c089-4456-8fae-06bd647ee380:group-55BFC9734161:LeaderElection79] INFO  impl.RaftServerImpl (ServerState.java:setLeader(263)) - 4ddf9bc6-c089-4456-8fae-06bd647ee380:group-55BFC9734161 change Leader from null to 4ddf9bc6-c089-4456-8fae-06bd647ee380 at term 2 for becomeLeader, leader elected after 43ms
2019-08-22 17:49:20,110 [4ddf9bc6-c089-4456-8fae-06bd647ee380:group-55BFC9734161:LeaderElection79] INFO  server.RaftServerConfigKeys (ConfUtils.java:logGet(43)) - raft.server.staging.catchup.gap = 1000 (default)
2019-08-22 17:49:20,110 [4ddf9bc6-c089-4456-8fae-06bd647ee380:group-55BFC9734161:LeaderElection79] INFO  server.RaftServerConfigKeys (ConfUtils.java:logGet(43)) - raft.server.rpc.sleep.time = 25ms (default)
2019-08-22 17:49:20,110 [4ddf9bc6-c089-4456-8fae-06bd647ee380:group-55BFC9734161:LeaderElection79] INFO  server.RaftServerConfigKeys (ConfUtils.java:logGet(43)) - raft.server.write.element-limit = 4096 (default)
2019-08-22 17:49:20,110 [4ddf9bc6-c089-4456-8fae-06bd647ee380:group-55BFC9734161:LeaderElection79] INFO  server.RaftServerConfigKeys (ConfUtils.java:logGet(43)) - raft.server.watch.timeout = 10s (default)
2019-08-22 17:49:20,110 [4ddf9bc6-c089-4456-8fae-06bd647ee380:group-55BFC9734161:LeaderElection79] INFO  server.RaftServerConfigKeys (ConfUtils.java:logGet(43)) - raft.server.watch.timeout.denomination = 1s (default)
2019-08-22 17:49:20,110 [4ddf9bc6-c089-4456-8fae-06bd647ee380:group-55BFC9734161:LeaderElection79] INFO  server.RaftServerConfigKeys (ConfUtils.java:logGet(43)) - raft.server.watch.element-limit = 65536 (default)
2019-08-22 17:49:20,111 [4ddf9bc6-c089-4456-8fae-06bd647ee380:group-55BFC9734161:LeaderElection79] INFO  server.RaftServerConfigKeys (ConfUtils.java:logGet(43)) - raft.server.log.appender.snapshot.chunk.size.max = 16MB (=16777216) (default)
2019-08-22 17:49:20,111 [4ddf9bc6-c089-4456-8fae-06bd647ee380:group-55BFC9734161:LeaderElection79] INFO  server.RaftServerConfigKeys (ConfUtils.java:logGet(43)) - raft.server.log.appender.buffer.byte-limit = 33554432 (custom)
2019-08-22 17:49:20,111 [4ddf9bc6-c089-4456-8fae-06bd647ee380:group-55BFC9734161:LeaderElection79] INFO  server.RaftServerConfigKeys (ConfUtils.java:logGet(43)) - raft.server.log.appender.buffer.element-limit = 1 (custom)
2019-08-22 17:49:20,111 [4ddf9bc6-c089-4456-8fae-06bd647ee380:group-55BFC9734161:LeaderElection79] INFO  grpc.GrpcConfigKeys$Server (ConfUtils.java:logGet(43)) - raft.grpc.server.leader.outstanding.appends.max = 128 (default)
2019-08-22 17:49:20,111 [4ddf9bc6-c089-4456-8fae-06bd647ee380:group-55BFC9734161:LeaderElection79] INFO  server.RaftServerConfigKeys (ConfUtils.java:logGet(43)) - raft.server.rpc.request.timeout = 3000ms (default)
2019-08-22 17:49:20,111 [4ddf9bc6-c089-4456-8fae-06bd647ee380:group-55BFC9734161:LeaderElection79] INFO  server.RaftServerConfigKeys (ConfUtils.java:logGet(43)) - raft.server.log.appender.install.snapshot.enabled = false (custom)
2019-08-22 17:49:20,111 [4ddf9bc6-c089-4456-8fae-06bd647ee380:group-55BFC9734161:LeaderElection79] INFO  server.RaftServerConfigKeys (ConfUtils.java:logGet(43)) - raft.server.log.appender.snapshot.chunk.size.max = 16MB (=16777216) (default)
2019-08-22 17:49:20,112 [4ddf9bc6-c089-4456-8fae-06bd647ee380:group-55BFC9734161:LeaderElection79] INFO  server.RaftServerConfigKeys (ConfUtils.java:logGet(43)) - raft.server.log.appender.buffer.byte-limit = 33554432 (custom)
2019-08-22 17:49:20,112 [4ddf9bc6-c089-4456-8fae-06bd647ee380:group-55BFC9734161:LeaderElection79] INFO  server.RaftServerConfigKeys (ConfUtils.java:logGet(43)) - raft.server.log.appender.buffer.element-limit = 1 (custom)
2019-08-22 17:49:20,112 [4ddf9bc6-c089-4456-8fae-06bd647ee380:group-55BFC9734161:LeaderElection79] INFO  grpc.GrpcConfigKeys$Server (ConfUtils.java:logGet(43)) - raft.grpc.server.leader.outstanding.appends.max = 128 (default)
2019-08-22 17:49:20,112 [4ddf9bc6-c089-4456-8fae-06bd647ee380:group-55BFC9734161:LeaderElection79] INFO  server.RaftServerConfigKeys (ConfUtils.java:logGet(43)) - raft.server.rpc.request.timeout = 3000ms (default)
2019-08-22 17:49:20,112 [4ddf9bc6-c089-4456-8fae-06bd647ee380:group-55BFC9734161:LeaderElection79] INFO  server.RaftServerConfigKeys (ConfUtils.java:logGet(43)) - raft.server.log.appender.install.snapshot.enabled = false (custom)
2019-08-22 17:49:20,112 [4ddf9bc6-c089-4456-8fae-06bd647ee380:group-55BFC9734161:LeaderElection79] INFO  impl.RoleInfo (RoleInfo.java:updateAndGet(143)) - 4ddf9bc6-c089-4456-8fae-06bd647ee380: start LeaderState
2019-08-22 17:49:20,113 [4ddf9bc6-c089-4456-8fae-06bd647ee380:group-55BFC9734161:LeaderElection79] INFO  segmented.SegmentedRaftLogWorker (SegmentedRaftLogWorker.java:rollLogSegment(385)) - 4ddf9bc6-c089-4456-8fae-06bd647ee380-SegmentedRaftLogWorker:Storage Directory /workdir/hadoop-ozone/integration-test/target/test-dir/MiniOzoneClusterImpl-3fcad3f5-9634-4478-a239-7449fe26e55e/datanode-4/data/ratis/28a9f31c-9582-4f86-b1f3-55bfc9734161: Rolling segment log-0_15 to index:15
2019-08-22 17:49:20,113 [4ddf9bc6-c089-4456-8fae-06bd647ee380-SegmentedRaftLogWorker:Storage Directory /workdir/hadoop-ozone/integration-test/target/test-dir/MiniOzoneClusterImpl-3fcad3f5-9634-4478-a239-7449fe26e55e/datanode-4/data/ratis/28a9f31c-9582-4f86-b1f3-55bfc9734161] INFO  segmented.SegmentedRaftLogWorker (SegmentedRaftLogWorker.java:execute(526)) - 4ddf9bc6-c089-4456-8fae-06bd647ee380-SegmentedRaftLogWorker:Storage Directory /workdir/hadoop-ozone/integration-test/target/test-dir/MiniOzoneClusterImpl-3fcad3f5-9634-4478-a239-7449fe26e55e/datanode-4/data/ratis/28a9f31c-9582-4f86-b1f3-55bfc9734161: Rolled log segment from /workdir/hadoop-ozone/integration-test/target/test-dir/MiniOzoneClusterImpl-3fcad3f5-9634-4478-a239-7449fe26e55e/datanode-4/data/ratis/28a9f31c-9582-4f86-b1f3-55bfc9734161/current/log_inprogress_0 to /workdir/hadoop-ozone/integration-test/target/test-dir/MiniOzoneClusterImpl-3fcad3f5-9634-4478-a239-7449fe26e55e/datanode-4/data/ratis/28a9f31c-9582-4f86-b1f3-55bfc9734161/current/log_0-15
2019-08-22 17:49:20,114 [4ddf9bc6-c089-4456-8fae-06bd647ee380:group-55BFC9734161:LeaderElection79] INFO  impl.RaftServerImpl (ServerState.java:setRaftConf(361)) - 4ddf9bc6-c089-4456-8fae-06bd647ee380:group-55BFC9734161 set configuration 16: [4ddf9bc6-c089-4456-8fae-06bd647ee380:192.168.5.173:45258, 9c4ad1af-a9aa-4def-ae67-c9235e3b5814:192.168.5.173:39794, e7fa427d-9bf0-4d57-b806-08466f41dcc1:192.168.5.173:40856], old=null at 16
2019-08-22 17:49:20,114 [grpc-default-executor-2] WARN  server.GrpcLogAppender (LogUtils.java:warn(134)) - 4ddf9bc6-c089-4456-8fae-06bd647ee380->e7fa427d-9bf0-4d57-b806-08466f41dcc1: Failed appendEntries: org.apache.ratis.thirdparty.io.grpc.StatusRuntimeException: UNAVAILABLE: io exception
2019-08-22 17:49:20,115 [grpc-default-executor-2] INFO  impl.FollowerInfo (FollowerInfo.java:lambda$new$0(50)) - 4ddf9bc6-c089-4456-8fae-06bd647ee380->e7fa427d-9bf0-4d57-b806-08466f41dcc1: nextIndex: updateUnconditionally 16 -> 1
2019-08-22 17:49:20,115 [grpc-default-executor-5] INFO  impl.RaftServerImpl (ServerState.java:setLeader(263)) - 9c4ad1af-a9aa-4def-ae67-c9235e3b5814:group-55BFC9734161 change Leader from null to 4ddf9bc6-c089-4456-8fae-06bd647ee380 at term 2 for appendEntries, leader elected after 22ms
2019-08-22 17:49:20,117 [grpc-default-executor-5] INFO  impl.RaftServerImpl (ServerState.java:setRaftConf(361)) - 9c4ad1af-a9aa-4def-ae67-c9235e3b5814:group-55BFC9734161 set configuration 16: [4ddf9bc6-c089-4456-8fae-06bd647ee380:192.168.5.173:45258, 9c4ad1af-a9aa-4def-ae67-c9235e3b5814:192.168.5.173:39794, e7fa427d-9bf0-4d57-b806-08466f41dcc1:192.168.5.173:40856], old=null at 16
2019-08-22 17:49:20,117 [grpc-default-executor-5] INFO  segmented.SegmentedRaftLogWorker (SegmentedRaftLogWorker.java:rollLogSegment(385)) - 9c4ad1af-a9aa-4def-ae67-c9235e3b5814-SegmentedRaftLogWorker:Storage Directory /workdir/hadoop-ozone/integration-test/target/test-dir/MiniOzoneClusterImpl-3fcad3f5-9634-4478-a239-7449fe26e55e/datanode-5/data/ratis/28a9f31c-9582-4f86-b1f3-55bfc9734161: Rolling segment log-0_15 to index:15
2019-08-22 17:49:20,118 [9c4ad1af-a9aa-4def-ae67-c9235e3b5814-SegmentedRaftLogWorker:Storage Directory /workdir/hadoop-ozone/integration-test/target/test-dir/MiniOzoneClusterImpl-3fcad3f5-9634-4478-a239-7449fe26e55e/datanode-5/data/ratis/28a9f31c-9582-4f86-b1f3-55bfc9734161] INFO  segmented.SegmentedRaftLogWorker (SegmentedRaftLogWorker.java:execute(526)) - 9c4ad1af-a9aa-4def-ae67-c9235e3b5814-SegmentedRaftLogWorker:Storage Directory /workdir/hadoop-ozone/integration-test/target/test-dir/MiniOzoneClusterImpl-3fcad3f5-9634-4478-a239-7449fe26e55e/datanode-5/data/ratis/28a9f31c-9582-4f86-b1f3-55bfc9734161: Rolled log segment from /workdir/hadoop-ozone/integration-test/target/test-dir/MiniOzoneClusterImpl-3fcad3f5-9634-4478-a239-7449fe26e55e/datanode-5/data/ratis/28a9f31c-9582-4f86-b1f3-55bfc9734161/current/log_inprogress_0 to /workdir/hadoop-ozone/integration-test/target/test-dir/MiniOzoneClusterImpl-3fcad3f5-9634-4478-a239-7449fe26e55e/datanode-5/data/ratis/28a9f31c-9582-4f86-b1f3-55bfc9734161/current/log_0-15
2019-08-22 17:49:20,167 [4ddf9bc6-c089-4456-8fae-06bd647ee380-SegmentedRaftLogWorker:Storage Directory /workdir/hadoop-ozone/integration-test/target/test-dir/MiniOzoneClusterImpl-3fcad3f5-9634-4478-a239-7449fe26e55e/datanode-4/data/ratis/28a9f31c-9582-4f86-b1f3-55bfc9734161] INFO  segmented.SegmentedRaftLogWorker (SegmentedRaftLogWorker.java:execute(569)) - 4ddf9bc6-c089-4456-8fae-06bd647ee380-SegmentedRaftLogWorker:Storage Directory /workdir/hadoop-ozone/integration-test/target/test-dir/MiniOzoneClusterImpl-3fcad3f5-9634-4478-a239-7449fe26e55e/datanode-4/data/ratis/28a9f31c-9582-4f86-b1f3-55bfc9734161: created new log segment /workdir/hadoop-ozone/integration-test/target/test-dir/MiniOzoneClusterImpl-3fcad3f5-9634-4478-a239-7449fe26e55e/datanode-4/data/ratis/28a9f31c-9582-4f86-b1f3-55bfc9734161/current/log_inprogress_16
2019-08-22 17:49:20,167 [9c4ad1af-a9aa-4def-ae67-c9235e3b5814-SegmentedRaftLogWorker:Storage Directory /workdir/hadoop-ozone/integration-test/target/test-dir/MiniOzoneClusterImpl-3fcad3f5-9634-4478-a239-7449fe26e55e/datanode-5/data/ratis/28a9f31c-9582-4f86-b1f3-55bfc9734161] INFO  segmented.SegmentedRaftLogWorker (SegmentedRaftLogWorker.java:execute(569)) - 9c4ad1af-a9aa-4def-ae67-c9235e3b5814-SegmentedRaftLogWorker:Storage Directory /workdir/hadoop-ozone/integration-test/target/test-dir/MiniOzoneClusterImpl-3fcad3f5-9634-4478-a239-7449fe26e55e/datanode-5/data/ratis/28a9f31c-9582-4f86-b1f3-55bfc9734161: created new log segment /workdir/hadoop-ozone/integration-test/target/test-dir/MiniOzoneClusterImpl-3fcad3f5-9634-4478-a239-7449fe26e55e/datanode-5/data/ratis/28a9f31c-9582-4f86-b1f3-55bfc9734161/current/log_inprogress_16
2019-08-22 17:49:20,175 | INFO  | SCMAudit | user=jenkins1000 | ip=192.168.5.173 | op=SEND_HEARTBEAT {datanodeUUID=4ddf9bc6-c089-4456-8fae-06bd647ee380, command=[]} | ret=SUCCESS |  
2019-08-22 17:49:20,175 | INFO  | SCMAudit | user=jenkins1000 | ip=192.168.5.173 | op=SEND_HEARTBEAT {datanodeUUID=9c4ad1af-a9aa-4def-ae67-c9235e3b5814, command=[]} | ret=SUCCESS |  
2019-08-22 17:49:20,189 | INFO  | DNAudit | user=null | ip=null | op=READ_CHUNK {blockData=conID: 1 locID: 102661891092578318 bcsId: 0} | ret=SUCCESS |  
2019-08-22 17:49:20,191 [grpc-default-executor-1] WARN  server.GrpcLogAppender (LogUtils.java:warn(134)) - 4ddf9bc6-c089-4456-8fae-06bd647ee380->e7fa427d-9bf0-4d57-b806-08466f41dcc1: Failed appendEntries: org.apache.ratis.thirdparty.io.grpc.StatusRuntimeException: UNAVAILABLE: io exception
2019-08-22 17:49:20,191 [grpc-default-executor-1] INFO  impl.FollowerInfo (FollowerInfo.java:lambda$new$0(50)) - 4ddf9bc6-c089-4456-8fae-06bd647ee380->e7fa427d-9bf0-4d57-b806-08466f41dcc1: nextIndex: updateUnconditionally 2 -> 1
2019-08-22 17:49:20,199 [grpc-default-executor-5] WARN  server.GrpcLogAppender (LogUtils.java:warn(134)) - 4ddf9bc6-c089-4456-8fae-06bd647ee380->e7fa427d-9bf0-4d57-b806-08466f41dcc1: Failed appendEntries: org.apache.ratis.thirdparty.io.grpc.StatusRuntimeException: UNAVAILABLE: io exception
2019-08-22 17:49:20,199 [grpc-default-executor-5] INFO  impl.FollowerInfo (FollowerInfo.java:lambda$new$0(50)) - 4ddf9bc6-c089-4456-8fae-06bd647ee380->e7fa427d-9bf0-4d57-b806-08466f41dcc1: nextIndex: updateUnconditionally 2 -> 1
2019-08-22 17:49:20,423 | INFO  | SCMAudit | user=jenkins1000 | ip=192.168.5.173 | op=SEND_HEARTBEAT {datanodeUUID=9e961f7d-2f80-48a7-b3ac-81f0a28e2c39, command=[]} | ret=SUCCESS |  
2019-08-22 17:49:20,609 | INFO  | SCMAudit | user=jenkins1000 | ip=192.168.5.173 | op=SEND_HEARTBEAT {datanodeUUID=41476450-f699-485d-b75b-cc9c7bcae223, command=[]} | ret=SUCCESS |  
2019-08-22 17:49:20,619 [grpc-default-executor-5] INFO  client.GrpcClientProtocolClient (GrpcClientProtocolClient.java:onNext(255)) - client-956DB91747F7->9c4ad1af-a9aa-4def-ae67-c9235e3b5814: receive RaftClientReply:client-956DB91747F7->9c4ad1af-a9aa-4def-ae67-c9235e3b5814@group-55BFC9734161, cid=165, FAILED org.apache.ratis.protocol.NotLeaderException: Server 9c4ad1af-a9aa-4def-ae67-c9235e3b5814 is not the leader (4ddf9bc6-c089-4456-8fae-06bd647ee380:192.168.5.173:45258). Request must be sent to leader., logIndex=0, commits[9c4ad1af-a9aa-4def-ae67-c9235e3b5814:c16, 4ddf9bc6-c089-4456-8fae-06bd647ee380:c16, e7fa427d-9bf0-4d57-b806-08466f41dcc1:c15]
2019-08-22 17:49:20,624 | ERROR | DNAudit | user=null | ip=null | op=WRITE_CHUNK {blockData=conID: 1 locID: 102661891092578318 bcsId: 13} | ret=FAILURE | org.apache.hadoop.hdds.scm.container.common.helpers.ContainerNotOpenException: Container 1 in CLOSING state
	at org.apache.hadoop.ozone.container.common.impl.HddsDispatcher.validateContainerCommand(HddsDispatcher.java:408)
	at org.apache.hadoop.ozone.container.common.transport.server.ratis.ContainerStateMachine.startTransaction(ContainerStateMachine.java:309) 
2019-08-22 17:49:20,633 [grpc-default-executor-1] INFO  client.GrpcClientProtocolClient (GrpcClientProtocolClient.java:onNext(255)) - client-956DB91747F7->4ddf9bc6-c089-4456-8fae-06bd647ee380: receive RaftClientReply:client-956DB91747F7->4ddf9bc6-c089-4456-8fae-06bd647ee380@group-55BFC9734161, cid=165, FAILED org.apache.ratis.protocol.StateMachineException: org.apache.hadoop.hdds.scm.container.common.helpers.ContainerNotOpenException from Server 4ddf9bc6-c089-4456-8fae-06bd647ee380: Container 1 in CLOSING state, logIndex=0, commits[4ddf9bc6-c089-4456-8fae-06bd647ee380:c17, 9c4ad1af-a9aa-4def-ae67-c9235e3b5814:c16, e7fa427d-9bf0-4d57-b806-08466f41dcc1:c15]
2019-08-22 17:49:20,634 | ERROR | DNAudit | user=null | ip=null | op=WRITE_CHUNK {blockData=conID: 1 locID: 102661891092578318 bcsId: 13} | ret=FAILURE | org.apache.hadoop.hdds.scm.container.common.helpers.ContainerNotOpenException: Container 1 in CLOSING state
	at org.apache.hadoop.ozone.container.common.impl.HddsDispatcher.validateContainerCommand(HddsDispatcher.java:408)
	at org.apache.hadoop.ozone.container.common.transport.server.ratis.ContainerStateMachine.startTransaction(ContainerStateMachine.java:309) 
2019-08-22 17:49:20,635 | ERROR | DNAudit | user=null | ip=null | op=PUT_BLOCK {blockData=[blockId=conID: 1 locID: 102661891092578318 bcsId: 0,size=650]} | ret=FAILURE | org.apache.hadoop.hdds.scm.container.common.helpers.ContainerNotOpenException: Container 1 in CLOSING state
	at org.apache.hadoop.ozone.container.common.impl.HddsDispatcher.validateContainerCommand(HddsDispatcher.java:408)
	at org.apache.hadoop.ozone.container.common.transport.server.ratis.ContainerStateMachine.startTransaction(ContainerStateMachine.java:309) 
2019-08-22 17:49:20,644 [grpc-default-executor-1] INFO  client.GrpcClientProtocolClient (GrpcClientProtocolClient.java:onNext(255)) - client-956DB91747F7->4ddf9bc6-c089-4456-8fae-06bd647ee380: receive RaftClientReply:client-956DB91747F7->4ddf9bc6-c089-4456-8fae-06bd647ee380@group-55BFC9734161, cid=166, FAILED org.apache.ratis.protocol.StateMachineException: org.apache.hadoop.hdds.scm.container.common.helpers.ContainerNotOpenException from Server 4ddf9bc6-c089-4456-8fae-06bd647ee380: Container 1 in CLOSING state, logIndex=0, commits[4ddf9bc6-c089-4456-8fae-06bd647ee380:c17, 9c4ad1af-a9aa-4def-ae67-c9235e3b5814:c16, e7fa427d-9bf0-4d57-b806-08466f41dcc1:c15]
2019-08-22 17:49:20,644 | ERROR | DNAudit | user=null | ip=null | op=WRITE_CHUNK {blockData=conID: 1 locID: 102661891092578318 bcsId: 13} | ret=FAILURE | org.apache.hadoop.hdds.scm.container.common.helpers.ContainerNotOpenException: Container 1 in CLOSING state
	at org.apache.hadoop.ozone.container.common.impl.HddsDispatcher.validateContainerCommand(HddsDispatcher.java:408)
	at org.apache.hadoop.ozone.container.common.transport.server.ratis.ContainerStateMachine.startTransaction(ContainerStateMachine.java:309) 
2019-08-22 17:49:20,647 [grpc-default-executor-1] INFO  client.GrpcClientProtocolClient (GrpcClientProtocolClient.java:onNext(255)) - client-956DB91747F7->4ddf9bc6-c089-4456-8fae-06bd647ee380: receive RaftClientReply:client-956DB91747F7->4ddf9bc6-c089-4456-8fae-06bd647ee380@group-55BFC9734161, cid=167, FAILED org.apache.ratis.protocol.StateMachineException: org.apache.hadoop.hdds.scm.container.common.helpers.ContainerNotOpenException from Server 4ddf9bc6-c089-4456-8fae-06bd647ee380: Container 1 in CLOSING state, logIndex=0, commits[4ddf9bc6-c089-4456-8fae-06bd647ee380:c17, 9c4ad1af-a9aa-4def-ae67-c9235e3b5814:c16, e7fa427d-9bf0-4d57-b806-08466f41dcc1:c15]
2019-08-22 17:49:20,648 | ERROR | DNAudit | user=null | ip=null | op=WRITE_CHUNK {blockData=conID: 1 locID: 102661891092578318 bcsId: 13} | ret=FAILURE | org.apache.hadoop.hdds.scm.container.common.helpers.ContainerNotOpenException: Container 1 in CLOSING state
	at org.apache.hadoop.ozone.container.common.impl.HddsDispatcher.validateContainerCommand(HddsDispatcher.java:408)
	at org.apache.hadoop.ozone.container.common.transport.server.ratis.ContainerStateMachine.startTransaction(ContainerStateMachine.java:309) 
2019-08-22 17:49:20,649 [grpc-default-executor-1] INFO  client.GrpcClientProtocolClient (GrpcClientProtocolClient.java:onNext(255)) - client-956DB91747F7->4ddf9bc6-c089-4456-8fae-06bd647ee380: receive RaftClientReply:client-956DB91747F7->4ddf9bc6-c089-4456-8fae-06bd647ee380@group-55BFC9734161, cid=168, FAILED org.apache.ratis.protocol.StateMachineException: org.apache.hadoop.hdds.scm.container.common.helpers.ContainerNotOpenException from Server 4ddf9bc6-c089-4456-8fae-06bd647ee380: Container 1 in CLOSING state, logIndex=0, commits[4ddf9bc6-c089-4456-8fae-06bd647ee380:c17, 9c4ad1af-a9aa-4def-ae67-c9235e3b5814:c16, e7fa427d-9bf0-4d57-b806-08466f41dcc1:c15]
2019-08-22 17:49:20,649 | ERROR | DNAudit | user=null | ip=null | op=PUT_BLOCK {blockData=[blockId=conID: 1 locID: 102661891092578318 bcsId: 0,size=800]} | ret=FAILURE | org.apache.hadoop.hdds.scm.container.common.helpers.ContainerNotOpenException: Container 1 in CLOSING state
	at org.apache.hadoop.ozone.container.common.impl.HddsDispatcher.validateContainerCommand(HddsDispatcher.java:408)
	at org.apache.hadoop.ozone.container.common.transport.server.ratis.ContainerStateMachine.startTransaction(ContainerStateMachine.java:309) 
2019-08-22 17:49:20,655 [grpc-default-executor-5] INFO  client.GrpcClientProtocolClient (GrpcClientProtocolClient.java:onNext(255)) - client-956DB91747F7->4ddf9bc6-c089-4456-8fae-06bd647ee380: receive RaftClientReply:client-956DB91747F7->4ddf9bc6-c089-4456-8fae-06bd647ee380@group-55BFC9734161, cid=169, FAILED org.apache.ratis.protocol.StateMachineException: org.apache.hadoop.hdds.scm.container.common.helpers.ContainerNotOpenException from Server 4ddf9bc6-c089-4456-8fae-06bd647ee380: Container 1 in CLOSING state, logIndex=0, commits[4ddf9bc6-c089-4456-8fae-06bd647ee380:c17, 9c4ad1af-a9aa-4def-ae67-c9235e3b5814:c16, e7fa427d-9bf0-4d57-b806-08466f41dcc1:c15]
2019-08-22 17:49:20,656 [grpc-default-executor-5] INFO  client.GrpcClientProtocolClient (GrpcClientProtocolClient.java:onNext(255)) - client-956DB91747F7->4ddf9bc6-c089-4456-8fae-06bd647ee380: receive RaftClientReply:client-956DB91747F7->4ddf9bc6-c089-4456-8fae-06bd647ee380@group-55BFC9734161, cid=170, FAILED org.apache.ratis.protocol.StateMachineException: org.apache.hadoop.hdds.scm.container.common.helpers.ContainerNotOpenException from Server 4ddf9bc6-c089-4456-8fae-06bd647ee380: Container 1 in CLOSING state, logIndex=0, commits[4ddf9bc6-c089-4456-8fae-06bd647ee380:c17, 9c4ad1af-a9aa-4def-ae67-c9235e3b5814:c16, e7fa427d-9bf0-4d57-b806-08466f41dcc1:c15]
2019-08-22 17:49:20,683 | INFO  | SCMAudit | user=jenkins1000 | ip=192.168.5.173 | op=ALLOCATE_BLOCK {owner=9000b205-6ee6-4de0-b5b6-e751d78c8397, size=800, type=RATIS, factor=THREE} | ret=SUCCESS |  
2019-08-22 17:49:20,684 | INFO  | OMAudit | user=jenkins1000 | ip=127.0.0.1 | op=ALLOCATE_BLOCK {volume=testblockoutputstream, bucket=testblockoutputstream, key=625ea52c-286d-47d8-811e-82818eee15ca, dataSize=0, replicationType=null, replicationFactor=null, keyLocationInfo=null, clientID=102661891092447245} | ret=SUCCESS |  
2019-08-22 17:49:20,691 [grpc-default-executor-5] INFO  client.GrpcClientProtocolClient (GrpcClientProtocolClient.java:onNext(255)) - client-FE1E6D8074FF->e511989b-68ab-45c1-a797-44c33b51afe6: receive RaftClientReply:client-FE1E6D8074FF->e511989b-68ab-45c1-a797-44c33b51afe6@group-7055FCABB4DD, cid=171, FAILED org.apache.ratis.protocol.NotLeaderException: Server e511989b-68ab-45c1-a797-44c33b51afe6 is not the leader (41476450-f699-485d-b75b-cc9c7bcae223:192.168.5.173:39265). Request must be sent to leader., logIndex=0, commits[e511989b-68ab-45c1-a797-44c33b51afe6:c2, 9e961f7d-2f80-48a7-b3ac-81f0a28e2c39:c2, 41476450-f699-485d-b75b-cc9c7bcae223:c2]
2019-08-22 17:49:20,841 | INFO  | SCMAudit | user=jenkins1000 | ip=192.168.5.173 | op=SEND_HEARTBEAT {datanodeUUID=e511989b-68ab-45c1-a797-44c33b51afe6, command=[]} | ret=SUCCESS |  
2019-08-22 17:49:20,888 | INFO  | DNAudit | user=null | ip=null | op=WRITE_CHUNK {blockData=conID: 2 locID: 102661892386455567 bcsId: 0} | ret=SUCCESS |  
2019-08-22 17:49:20,890 | INFO  | DNAudit | user=null | ip=null | op=WRITE_CHUNK {blockData=conID: 2 locID: 102661892386455567 bcsId: 0} | ret=SUCCESS |  
2019-08-22 17:49:20,891 | INFO  | DNAudit | user=null | ip=null | op=WRITE_CHUNK {blockData=conID: 2 locID: 102661892386455567 bcsId: 0} | ret=SUCCESS |  
2019-08-22 17:49:20,891 | INFO  | SCMAudit | user=jenkins1000 | ip=192.168.5.173 | op=SEND_HEARTBEAT {datanodeUUID=bab19725-b868-4c18-8e7b-ccd18f49c2c6, command=[]} | ret=SUCCESS |  
2019-08-22 17:49:20,892 | INFO  | SCMAudit | user=jenkins1000 | ip=192.168.5.173 | op=SEND_HEARTBEAT {datanodeUUID=e511989b-68ab-45c1-a797-44c33b51afe6, command=[]} | ret=SUCCESS |  
2019-08-22 17:49:20,892 | INFO  | SCMAudit | user=jenkins1000 | ip=192.168.5.173 | op=SEND_HEARTBEAT {datanodeUUID=9e961f7d-2f80-48a7-b3ac-81f0a28e2c39, command=[]} | ret=SUCCESS |  
2019-08-22 17:49:20,892 | INFO  | SCMAudit | user=jenkins1000 | ip=192.168.5.173 | op=SEND_HEARTBEAT {datanodeUUID=41476450-f699-485d-b75b-cc9c7bcae223, command=[]} | ret=SUCCESS |  
2019-08-22 17:49:20,905 | INFO  | DNAudit | user=null | ip=null | op=WRITE_CHUNK {blockData=conID: 2 locID: 102661892386455567 bcsId: 0} | ret=SUCCESS |  
2019-08-22 17:49:20,911 [grpc-default-executor-1] INFO  client.GrpcClientProtocolClient (GrpcClientProtocolClient.java:onNext(255)) - client-FE1E6D8074FF->41476450-f699-485d-b75b-cc9c7bcae223: receive RaftClientReply:client-FE1E6D8074FF->41476450-f699-485d-b75b-cc9c7bcae223@group-7055FCABB4DD, cid=171, SUCCESS, logIndex=3, commits[41476450-f699-485d-b75b-cc9c7bcae223:c3, 9e961f7d-2f80-48a7-b3ac-81f0a28e2c39:c2, e511989b-68ab-45c1-a797-44c33b51afe6:c2]
2019-08-22 17:49:20,914 | INFO  | DNAudit | user=null | ip=null | op=WRITE_CHUNK {blockData=conID: 2 locID: 102661892386455567 bcsId: 0} | ret=SUCCESS |  
2019-08-22 17:49:20,915 | INFO  | DNAudit | user=null | ip=null | op=WRITE_CHUNK {blockData=conID: 2 locID: 102661892386455567 bcsId: 0} | ret=SUCCESS |  
2019-08-22 17:49:20,915 | INFO  | DNAudit | user=null | ip=null | op=WRITE_CHUNK {blockData=conID: 2 locID: 102661892386455567 bcsId: 0} | ret=SUCCESS |  
2019-08-22 17:49:20,915 | INFO  | DNAudit | user=null | ip=null | op=WRITE_CHUNK {blockData=conID: 2 locID: 102661892386455567 bcsId: 0} | ret=SUCCESS |  
2019-08-22 17:49:20,919 | INFO  | DNAudit | user=null | ip=null | op=WRITE_CHUNK {blockData=conID: 2 locID: 102661892386455567 bcsId: 0} | ret=SUCCESS |  
2019-08-22 17:49:20,920 | INFO  | DNAudit | user=null | ip=null | op=WRITE_CHUNK {blockData=conID: 2 locID: 102661892386455567 bcsId: 0} | ret=SUCCESS |  
2019-08-22 17:49:20,920 | INFO  | DNAudit | user=null | ip=null | op=WRITE_CHUNK {blockData=conID: 2 locID: 102661892386455567 bcsId: 0} | ret=SUCCESS |  
2019-08-22 17:49:20,920 | INFO  | DNAudit | user=null | ip=null | op=WRITE_CHUNK {blockData=conID: 2 locID: 102661892386455567 bcsId: 0} | ret=SUCCESS |  
2019-08-22 17:49:20,920 | INFO  | DNAudit | user=null | ip=null | op=WRITE_CHUNK {blockData=conID: 2 locID: 102661892386455567 bcsId: 0} | ret=SUCCESS |  
2019-08-22 17:49:20,921 | INFO  | DNAudit | user=null | ip=null | op=WRITE_CHUNK {blockData=conID: 2 locID: 102661892386455567 bcsId: 0} | ret=SUCCESS |  
2019-08-22 17:49:20,921 | INFO  | DNAudit | user=null | ip=null | op=WRITE_CHUNK {blockData=conID: 2 locID: 102661892386455567 bcsId: 0} | ret=SUCCESS |  
2019-08-22 17:49:20,923 | INFO  | DNAudit | user=null | ip=null | op=WRITE_CHUNK {blockData=conID: 2 locID: 102661892386455567 bcsId: 0} | ret=SUCCESS |  
2019-08-22 17:49:20,927 | INFO  | DNAudit | user=null | ip=null | op=WRITE_CHUNK {blockData=conID: 2 locID: 102661892386455567 bcsId: 0} | ret=SUCCESS |  
2019-08-22 17:49:20,932 [grpc-default-executor-5] INFO  client.GrpcClientProtocolClient (GrpcClientProtocolClient.java:onNext(255)) - client-FE1E6D8074FF->41476450-f699-485d-b75b-cc9c7bcae223: receive RaftClientReply:client-FE1E6D8074FF->41476450-f699-485d-b75b-cc9c7bcae223@group-7055FCABB4DD, cid=172, SUCCESS, logIndex=5, commits[41476450-f699-485d-b75b-cc9c7bcae223:c6, 9e961f7d-2f80-48a7-b3ac-81f0a28e2c39:c3, e511989b-68ab-45c1-a797-44c33b51afe6:c3]
2019-08-22 17:49:20,946 | INFO  | DNAudit | user=null | ip=null | op=WRITE_CHUNK {blockData=conID: 2 locID: 102661892386455567 bcsId: 0} | ret=SUCCESS |  
2019-08-22 17:49:21,175 | INFO  | SCMAudit | user=jenkins1000 | ip=192.168.5.173 | op=SEND_HEARTBEAT {datanodeUUID=4ddf9bc6-c089-4456-8fae-06bd647ee380, command=[]} | ret=SUCCESS |  
2019-08-22 17:49:21,176 | INFO  | SCMAudit | user=jenkins1000 | ip=192.168.5.173 | op=SEND_HEARTBEAT {datanodeUUID=9c4ad1af-a9aa-4def-ae67-c9235e3b5814, command=[]} | ret=SUCCESS |  
2019-08-22 17:49:21,730 | INFO  | DNAudit | user=null | ip=null | op=PUT_BLOCK {blockData=[blockId=conID: 2 locID: 102661892386455567 bcsId: 0,size=200]} | ret=SUCCESS |  
2019-08-22 17:49:21,733 | INFO  | DNAudit | user=null | ip=null | op=WRITE_CHUNK {blockData=conID: 2 locID: 102661892386455567 bcsId: 0} | ret=SUCCESS |  
2019-08-22 17:49:21,735 [grpc-default-executor-5] INFO  client.GrpcClientProtocolClient (GrpcClientProtocolClient.java:onNext(255)) - client-FE1E6D8074FF->41476450-f699-485d-b75b-cc9c7bcae223: receive RaftClientReply:client-FE1E6D8074FF->41476450-f699-485d-b75b-cc9c7bcae223@group-7055FCABB4DD, cid=173, SUCCESS, logIndex=6, commits[41476450-f699-485d-b75b-cc9c7bcae223:c14, 9e961f7d-2f80-48a7-b3ac-81f0a28e2c39:c9, e511989b-68ab-45c1-a797-44c33b51afe6:c9]
2019-08-22 17:49:21,736 [grpc-default-executor-5] INFO  client.GrpcClientProtocolClient (GrpcClientProtocolClient.java:onNext(255)) - client-FE1E6D8074FF->41476450-f699-485d-b75b-cc9c7bcae223: receive RaftClientReply:client-FE1E6D8074FF->41476450-f699-485d-b75b-cc9c7bcae223@group-7055FCABB4DD, cid=174, SUCCESS, logIndex=7, commits[41476450-f699-485d-b75b-cc9c7bcae223:c14, 9e961f7d-2f80-48a7-b3ac-81f0a28e2c39:c9, e511989b-68ab-45c1-a797-44c33b51afe6:c9]
2019-08-22 17:49:21,745 | INFO  | DNAudit | user=null | ip=null | op=WRITE_CHUNK {blockData=conID: 2 locID: 102661892386455567 bcsId: 0} | ret=SUCCESS |  
2019-08-22 17:49:21,747 [grpc-default-executor-5] INFO  client.GrpcClientProtocolClient (GrpcClientProtocolClient.java:onNext(255)) - client-FE1E6D8074FF->41476450-f699-485d-b75b-cc9c7bcae223: receive RaftClientReply:client-FE1E6D8074FF->41476450-f699-485d-b75b-cc9c7bcae223@group-7055FCABB4DD, cid=175, SUCCESS, logIndex=8, commits[41476450-f699-485d-b75b-cc9c7bcae223:c14, 9e961f7d-2f80-48a7-b3ac-81f0a28e2c39:c9, e511989b-68ab-45c1-a797-44c33b51afe6:c9]
2019-08-22 17:49:21,780 | INFO  | DNAudit | user=null | ip=null | op=PUT_BLOCK {blockData=[blockId=conID: 2 locID: 102661892386455567 bcsId: 0,size=200]} | ret=SUCCESS |  
2019-08-22 17:49:21,781 | INFO  | DNAudit | user=null | ip=null | op=WRITE_CHUNK {blockData=conID: 2 locID: 102661892386455567 bcsId: 0} | ret=SUCCESS |  
2019-08-22 17:49:21,781 | INFO  | DNAudit | user=null | ip=null | op=WRITE_CHUNK {blockData=conID: 2 locID: 102661892386455567 bcsId: 0} | ret=SUCCESS |  
2019-08-22 17:49:21,842 | INFO  | DNAudit | user=null | ip=null | op=PUT_BLOCK {blockData=[blockId=conID: 2 locID: 102661892386455567 bcsId: 0,size=400]} | ret=SUCCESS |  
2019-08-22 17:49:21,842 | INFO  | DNAudit | user=null | ip=null | op=PUT_BLOCK {blockData=[blockId=conID: 2 locID: 102661892386455567 bcsId: 0,size=400]} | ret=SUCCESS |  
2019-08-22 17:49:21,844 | INFO  | DNAudit | user=null | ip=null | op=PUT_BLOCK {blockData=[blockId=conID: 2 locID: 102661892386455567 bcsId: 0,size=200]} | ret=SUCCESS |  
2019-08-22 17:49:21,845 | INFO  | DNAudit | user=null | ip=null | op=WRITE_CHUNK {blockData=conID: 2 locID: 102661892386455567 bcsId: 0} | ret=SUCCESS |  
2019-08-22 17:49:21,846 | INFO  | DNAudit | user=null | ip=null | op=WRITE_CHUNK {blockData=conID: 2 locID: 102661892386455567 bcsId: 0} | ret=SUCCESS |  
2019-08-22 17:49:21,846 [grpc-default-executor-5] INFO  client.GrpcClientProtocolClient (GrpcClientProtocolClient.java:onNext(255)) - client-FE1E6D8074FF->41476450-f699-485d-b75b-cc9c7bcae223: receive RaftClientReply:client-FE1E6D8074FF->41476450-f699-485d-b75b-cc9c7bcae223@group-7055FCABB4DD, cid=176, SUCCESS, logIndex=9, commits[41476450-f699-485d-b75b-cc9c7bcae223:c14, 9e961f7d-2f80-48a7-b3ac-81f0a28e2c39:c9, e511989b-68ab-45c1-a797-44c33b51afe6:c9]
2019-08-22 17:49:21,846 | INFO  | DNAudit | user=null | ip=null | op=PUT_BLOCK {blockData=[blockId=conID: 2 locID: 102661892386455567 bcsId: 0,size=400]} | ret=SUCCESS |  
2019-08-22 17:49:21,850 | INFO  | DNAudit | user=null | ip=null | op=WRITE_CHUNK {blockData=conID: 2 locID: 102661892386455567 bcsId: 9} | ret=SUCCESS |  
2019-08-22 17:49:21,851 | INFO  | DNAudit | user=null | ip=null | op=WRITE_CHUNK {blockData=conID: 2 locID: 102661892386455567 bcsId: 9} | ret=SUCCESS |  
2019-08-22 17:49:21,852 | INFO  | DNAudit | user=null | ip=null | op=WRITE_CHUNK {blockData=conID: 2 locID: 102661892386455567 bcsId: 9} | ret=SUCCESS |  
2019-08-22 17:49:21,866 | INFO  | DNAudit | user=null | ip=null | op=WRITE_CHUNK {blockData=conID: 2 locID: 102661892386455567 bcsId: 9} | ret=SUCCESS |  
2019-08-22 17:49:21,867 | INFO  | DNAudit | user=null | ip=null | op=PUT_BLOCK {blockData=[blockId=conID: 2 locID: 102661892386455567 bcsId: 0,size=450]} | ret=SUCCESS |  
2019-08-22 17:49:21,868 [grpc-default-executor-1] INFO  client.GrpcClientProtocolClient (GrpcClientProtocolClient.java:onNext(255)) - client-FE1E6D8074FF->41476450-f699-485d-b75b-cc9c7bcae223: receive RaftClientReply:client-FE1E6D8074FF->41476450-f699-485d-b75b-cc9c7bcae223@group-7055FCABB4DD, cid=177, SUCCESS, logIndex=15, commits[41476450-f699-485d-b75b-cc9c7bcae223:c16, 9e961f7d-2f80-48a7-b3ac-81f0a28e2c39:c14, e511989b-68ab-45c1-a797-44c33b51afe6:c14]
2019-08-22 17:49:21,869 [grpc-default-executor-1] INFO  client.GrpcClientProtocolClient (GrpcClientProtocolClient.java:onNext(255)) - client-FE1E6D8074FF->41476450-f699-485d-b75b-cc9c7bcae223: receive RaftClientReply:client-FE1E6D8074FF->41476450-f699-485d-b75b-cc9c7bcae223@group-7055FCABB4DD, cid=178, SUCCESS, logIndex=16, commits[41476450-f699-485d-b75b-cc9c7bcae223:c16, 9e961f7d-2f80-48a7-b3ac-81f0a28e2c39:c14, e511989b-68ab-45c1-a797-44c33b51afe6:c14]
2019-08-22 17:49:21,878 | INFO  | DNAudit | user=null | ip=null | op=WRITE_CHUNK {blockData=conID: 2 locID: 102661892386455567 bcsId: 9} | ret=SUCCESS |  
2019-08-22 17:49:21,878 | INFO  | DNAudit | user=null | ip=null | op=WRITE_CHUNK {blockData=conID: 2 locID: 102661892386455567 bcsId: 9} | ret=SUCCESS |  
2019-08-22 17:49:21,879 | INFO  | DNAudit | user=null | ip=null | op=PUT_BLOCK {blockData=[blockId=conID: 2 locID: 102661892386455567 bcsId: 0,size=450]} | ret=SUCCESS |  
2019-08-22 17:49:21,881 | INFO  | DNAudit | user=null | ip=null | op=PUT_BLOCK {blockData=[blockId=conID: 2 locID: 102661892386455567 bcsId: 0,size=450]} | ret=SUCCESS |  
2019-08-22 17:49:21,885 | INFO  | SCMAudit | user=jenkins1000 | ip=192.168.5.173 | op=SEND_HEARTBEAT {datanodeUUID=bab19725-b868-4c18-8e7b-ccd18f49c2c6, command=[]} | ret=SUCCESS |  
2019-08-22 17:49:21,885 | INFO  | SCMAudit | user=jenkins1000 | ip=192.168.5.173 | op=SEND_HEARTBEAT {datanodeUUID=e511989b-68ab-45c1-a797-44c33b51afe6, command=[]} | ret=SUCCESS |  
2019-08-22 17:49:21,885 | INFO  | SCMAudit | user=jenkins1000 | ip=192.168.5.173 | op=SEND_HEARTBEAT {datanodeUUID=9e961f7d-2f80-48a7-b3ac-81f0a28e2c39, command=[]} | ret=SUCCESS |  
2019-08-22 17:49:21,885 | INFO  | SCMAudit | user=jenkins1000 | ip=192.168.5.173 | op=SEND_HEARTBEAT {datanodeUUID=41476450-f699-485d-b75b-cc9c7bcae223, command=[]} | ret=SUCCESS |  
2019-08-22 17:49:21,885 [grpc-default-executor-1] INFO  client.GrpcClientProtocolClient (GrpcClientProtocolClient.java:onNext(255)) - client-FE1E6D8074FF->41476450-f699-485d-b75b-cc9c7bcae223: receive RaftClientReply:client-FE1E6D8074FF->41476450-f699-485d-b75b-cc9c7bcae223@group-7055FCABB4DD, cid=179, SUCCESS, logIndex=0, commits[41476450-f699-485d-b75b-cc9c7bcae223:c17, 9e961f7d-2f80-48a7-b3ac-81f0a28e2c39:c16, e511989b-68ab-45c1-a797-44c33b51afe6:c16]
2019-08-22 17:49:21,886 [main] INFO  ozone.MiniOzoneClusterImpl (MiniOzoneClusterImpl.java:shutdown(321)) - Shutting down the Mini Ozone Cluster
2019-08-22 17:49:21,886 | INFO  | SCMAudit | user=null | ip=null | op=GET_SCM_INFO null | ret=SUCCESS |  
2019-08-22 17:49:21,886 [main] INFO  ozone.MiniOzoneClusterImpl (MiniOzoneClusterImpl.java:stop(336)) - Stopping the Mini Ozone Cluster
2019-08-22 17:49:21,886 [main] INFO  ozone.MiniOzoneClusterImpl (MiniOzoneClusterImpl.java:stop(338)) - Stopping the OzoneManager
2019-08-22 17:49:21,887 [main] INFO  ipc.Server (Server.java:stop(3082)) - Stopping server on 37951
2019-08-22 17:49:21,903 [IPC Server listener on 37951] INFO  ipc.Server (Server.java:run(1185)) - Stopping IPC Server listener on 37951
2019-08-22 17:49:21,903 [IPC Server Responder] INFO  ipc.Server (Server.java:run(1319)) - Stopping IPC Server Responder
2019-08-22 17:49:21,903 [main] INFO  ratis.OzoneManagerDoubleBuffer (OzoneManagerDoubleBuffer.java:stop(248)) - Stopping OMDoubleBuffer flush thread
2019-08-22 17:49:21,922 [OMDoubleBufferFlushThread] INFO  ratis.OzoneManagerDoubleBuffer (OzoneManagerDoubleBuffer.java:flushTransactions(191)) - OMDoubleBuffer flush thread OMDoubleBufferFlushThread is interrupted and will exit. OMDoubleBufferFlushThread
2019-08-22 17:49:21,922 [main] INFO  utils.BackgroundService (BackgroundService.java:shutdown(148)) - Shutting down service KeyDeletingService
2019-08-22 17:49:21,924 [main] INFO  handler.ContextHandler (ContextHandler.java:doStop(910)) - Stopped o.e.j.w.WebAppContext@11c372e9{/,null,UNAVAILABLE}{/ozoneManager}
2019-08-22 17:49:21,925 [main] INFO  server.AbstractConnector (AbstractConnector.java:doStop(318)) - Stopped ServerConnector@4b59a1c1{HTTP/1.1,[http/1.1]}{0.0.0.0:0}
2019-08-22 17:49:21,925 [main] INFO  handler.ContextHandler (ContextHandler.java:doStop(910)) - Stopped o.e.j.s.ServletContextHandler@768967cf{/static,file:///workdir/hadoop-ozone/integration-test/target/test-classes/webapps/static,UNAVAILABLE}
2019-08-22 17:49:21,925 [main] INFO  handler.ContextHandler (ContextHandler.java:doStop(910)) - Stopped o.e.j.s.ServletContextHandler@709353b9{/logs,file:///workdir/hadoop-ozone/integration-test/target/log,UNAVAILABLE}
2019-08-22 17:49:21,929 [main] INFO  ozone.MiniOzoneClusterImpl (MiniOzoneClusterImpl.java:stop(344)) - Shutting the HddsDatanodes
2019-08-22 17:49:21,930 [main] INFO  datanode.ObjectStoreHandler (ObjectStoreHandler.java:close(155)) - Closing ObjectStoreHandler.
2019-08-22 17:49:21,930 [ForkJoinPool.commonPool-worker-0] INFO  datanode.ObjectStoreHandler (ObjectStoreHandler.java:close(155)) - Closing ObjectStoreHandler.
2019-08-22 17:49:21,930 [main] INFO  ozone.HddsDatanodeService (HddsDatanodeService.java:stop(451)) - Stopped plug-in org.apache.hadoop.ozone.web.OzoneHddsDatanodeService@3b802baa
2019-08-22 17:49:21,930 [ForkJoinPool.commonPool-worker-0] INFO  ozone.HddsDatanodeService (HddsDatanodeService.java:stop(451)) - Stopped plug-in org.apache.hadoop.ozone.web.OzoneHddsDatanodeService@3fe33c59
2019-08-22 17:49:22,174 [Datanode State Machine Thread - 0] INFO  statemachine.DatanodeStateMachine (DatanodeStateMachine.java:lambda$startDaemon$0(350)) - Ozone container server started.
2019-08-22 17:49:22,176 | INFO  | SCMAudit | user=jenkins1000 | ip=192.168.5.173 | op=SEND_HEARTBEAT {datanodeUUID=9c4ad1af-a9aa-4def-ae67-c9235e3b5814, command=[]} | ret=SUCCESS |  
2019-08-22 17:49:22,701 [grpc-default-executor-2] WARN  server.GrpcLogAppender (LogUtils.java:warn(134)) - 4ddf9bc6-c089-4456-8fae-06bd647ee380->e7fa427d-9bf0-4d57-b806-08466f41dcc1: Failed appendEntries: org.apache.ratis.thirdparty.io.grpc.StatusRuntimeException: UNAVAILABLE: io exception
2019-08-22 17:49:22,701 [grpc-default-executor-2] INFO  impl.FollowerInfo (FollowerInfo.java:lambda$new$0(50)) - 4ddf9bc6-c089-4456-8fae-06bd647ee380->e7fa427d-9bf0-4d57-b806-08466f41dcc1: nextIndex: updateUnconditionally 1 -> 0
2019-08-22 17:49:22,884 [Datanode State Machine Thread - 0] INFO  statemachine.DatanodeStateMachine (DatanodeStateMachine.java:lambda$startDaemon$0(350)) - Ozone container server started.
2019-08-22 17:49:22,885 | INFO  | SCMAudit | user=jenkins1000 | ip=192.168.5.173 | op=SEND_HEARTBEAT {datanodeUUID=e511989b-68ab-45c1-a797-44c33b51afe6, command=[]} | ret=SUCCESS |  
2019-08-22 17:49:22,885 | INFO  | SCMAudit | user=jenkins1000 | ip=192.168.5.173 | op=SEND_HEARTBEAT {datanodeUUID=bab19725-b868-4c18-8e7b-ccd18f49c2c6, command=[]} | ret=SUCCESS |  
2019-08-22 17:49:22,885 | INFO  | SCMAudit | user=jenkins1000 | ip=192.168.5.173 | op=SEND_HEARTBEAT {datanodeUUID=9e961f7d-2f80-48a7-b3ac-81f0a28e2c39, command=[]} | ret=SUCCESS |  
2019-08-22 17:49:23,176 | INFO  | SCMAudit | user=jenkins1000 | ip=192.168.5.173 | op=SEND_HEARTBEAT {datanodeUUID=9c4ad1af-a9aa-4def-ae67-c9235e3b5814, command=[]} | ret=SUCCESS |  
2019-08-22 17:49:23,885 | INFO  | SCMAudit | user=jenkins1000 | ip=192.168.5.173 | op=SEND_HEARTBEAT {datanodeUUID=bab19725-b868-4c18-8e7b-ccd18f49c2c6, command=[]} | ret=SUCCESS |  
2019-08-22 17:49:23,885 | INFO  | SCMAudit | user=jenkins1000 | ip=192.168.5.173 | op=SEND_HEARTBEAT {datanodeUUID=9e961f7d-2f80-48a7-b3ac-81f0a28e2c39, command=[]} | ret=SUCCESS |  
2019-08-22 17:49:23,885 | INFO  | SCMAudit | user=jenkins1000 | ip=192.168.5.173 | op=SEND_HEARTBEAT {datanodeUUID=e511989b-68ab-45c1-a797-44c33b51afe6, command=[]} | ret=SUCCESS |  
2019-08-22 17:49:24,176 | INFO  | SCMAudit | user=jenkins1000 | ip=192.168.5.173 | op=SEND_HEARTBEAT {datanodeUUID=9c4ad1af-a9aa-4def-ae67-c9235e3b5814, command=[]} | ret=SUCCESS |  
2019-08-22 17:49:24,884 | INFO  | SCMAudit | user=jenkins1000 | ip=192.168.5.173 | op=SEND_HEARTBEAT {datanodeUUID=bab19725-b868-4c18-8e7b-ccd18f49c2c6, command=[]} | ret=SUCCESS |  
2019-08-22 17:49:24,884 | INFO  | SCMAudit | user=jenkins1000 | ip=192.168.5.173 | op=SEND_HEARTBEAT {datanodeUUID=e511989b-68ab-45c1-a797-44c33b51afe6, command=[]} | ret=SUCCESS |  
2019-08-22 17:49:24,884 | INFO  | SCMAudit | user=jenkins1000 | ip=192.168.5.173 | op=SEND_HEARTBEAT {datanodeUUID=9e961f7d-2f80-48a7-b3ac-81f0a28e2c39, command=[]} | ret=SUCCESS |  
2019-08-22 17:49:25,177 | INFO  | SCMAudit | user=jenkins1000 | ip=192.168.5.173 | op=SEND_HEARTBEAT {datanodeUUID=9c4ad1af-a9aa-4def-ae67-c9235e3b5814, command=[]} | ret=SUCCESS |  
2019-08-22 17:49:25,202 [grpc-default-executor-1] WARN  server.GrpcLogAppender (LogUtils.java:warn(134)) - 4ddf9bc6-c089-4456-8fae-06bd647ee380->e7fa427d-9bf0-4d57-b806-08466f41dcc1: Failed appendEntries: org.apache.ratis.thirdparty.io.grpc.StatusRuntimeException: UNAVAILABLE: io exception
2019-08-22 17:49:25,202 [grpc-default-executor-1] INFO  impl.FollowerInfo (FollowerInfo.java:lambda$new$0(50)) - 4ddf9bc6-c089-4456-8fae-06bd647ee380->e7fa427d-9bf0-4d57-b806-08466f41dcc1: nextIndex: updateUnconditionally 0 -> 0
2019-08-22 17:49:25,885 | INFO  | SCMAudit | user=jenkins1000 | ip=192.168.5.173 | op=SEND_HEARTBEAT {datanodeUUID=bab19725-b868-4c18-8e7b-ccd18f49c2c6, command=[]} | ret=SUCCESS |  
2019-08-22 17:49:25,885 | INFO  | SCMAudit | user=jenkins1000 | ip=192.168.5.173 | op=SEND_HEARTBEAT {datanodeUUID=e511989b-68ab-45c1-a797-44c33b51afe6, command=[]} | ret=SUCCESS |  
2019-08-22 17:49:25,885 | INFO  | SCMAudit | user=jenkins1000 | ip=192.168.5.173 | op=SEND_HEARTBEAT {datanodeUUID=9e961f7d-2f80-48a7-b3ac-81f0a28e2c39, command=[]} | ret=SUCCESS |  
2019-08-22 17:49:26,176 | INFO  | SCMAudit | user=jenkins1000 | ip=192.168.5.173 | op=SEND_HEARTBEAT {datanodeUUID=9c4ad1af-a9aa-4def-ae67-c9235e3b5814, command=[]} | ret=SUCCESS |  
2019-08-22 17:49:26,274 [EventQueue-StaleNodeForStaleNodeHandler] INFO  node.StaleNodeHandler (StaleNodeHandler.java:onMessage(58)) - Datanode 4ddf9bc6-c089-4456-8fae-06bd647ee380{ip: 192.168.5.173, host: pr-hdds-1808-4dtdn-3774871440, networkLocation: /default-rack, certSerialId: null} moved to stale state. Finalizing its pipelines [PipelineID=b6f3c81e-39d2-4eff-ac27-2f99ebec2ad5, PipelineID=28a9f31c-9582-4f86-b1f3-55bfc9734161]
2019-08-22 17:49:26,274 [EventQueue-StaleNodeForStaleNodeHandler] INFO  pipeline.SCMPipelineManager (SCMPipelineManager.java:finalizeAndDestroyPipeline(309)) - destroying pipeline:Pipeline[ Id: b6f3c81e-39d2-4eff-ac27-2f99ebec2ad5, Nodes: 4ddf9bc6-c089-4456-8fae-06bd647ee380{ip: 192.168.5.173, host: pr-hdds-1808-4dtdn-3774871440, networkLocation: /default-rack, certSerialId: null}, Type:RATIS, Factor:ONE, State:OPEN]
2019-08-22 17:49:26,275 [EventQueue-StaleNodeForStaleNodeHandler] INFO  pipeline.PipelineStateManager (PipelineStateManager.java:finalizePipeline(123)) - Pipeline Pipeline[ Id: b6f3c81e-39d2-4eff-ac27-2f99ebec2ad5, Nodes: 4ddf9bc6-c089-4456-8fae-06bd647ee380{ip: 192.168.5.173, host: pr-hdds-1808-4dtdn-3774871440, networkLocation: /default-rack, certSerialId: null}, Type:RATIS, Factor:ONE, State:CLOSED] moved to CLOSED state
2019-08-22 17:49:26,275 [EventQueue-StaleNodeForStaleNodeHandler] INFO  pipeline.SCMPipelineManager (SCMPipelineManager.java:finalizeAndDestroyPipeline(309)) - destroying pipeline:Pipeline[ Id: 28a9f31c-9582-4f86-b1f3-55bfc9734161, Nodes: e7fa427d-9bf0-4d57-b806-08466f41dcc1{ip: 192.168.5.173, host: pr-hdds-1808-4dtdn-3774871440, networkLocation: /default-rack, certSerialId: null}4ddf9bc6-c089-4456-8fae-06bd647ee380{ip: 192.168.5.173, host: pr-hdds-1808-4dtdn-3774871440, networkLocation: /default-rack, certSerialId: null}9c4ad1af-a9aa-4def-ae67-c9235e3b5814{ip: 192.168.5.173, host: pr-hdds-1808-4dtdn-3774871440, networkLocation: /default-rack, certSerialId: null}, Type:RATIS, Factor:THREE, State:CLOSED]
2019-08-22 17:49:26,885 | INFO  | SCMAudit | user=jenkins1000 | ip=192.168.5.173 | op=SEND_HEARTBEAT {datanodeUUID=9e961f7d-2f80-48a7-b3ac-81f0a28e2c39, command=[]} | ret=SUCCESS |  
2019-08-22 17:49:26,885 | INFO  | SCMAudit | user=jenkins1000 | ip=192.168.5.173 | op=SEND_HEARTBEAT {datanodeUUID=e511989b-68ab-45c1-a797-44c33b51afe6, command=[]} | ret=SUCCESS |  
2019-08-22 17:49:26,885 | INFO  | SCMAudit | user=jenkins1000 | ip=192.168.5.173 | op=SEND_HEARTBEAT {datanodeUUID=bab19725-b868-4c18-8e7b-ccd18f49c2c6, command=[]} | ret=SUCCESS |  
2019-08-22 17:49:26,931 [main] INFO  ozoneimpl.OzoneContainer (OzoneContainer.java:stop(199)) - Attempting to stop container services.
2019-08-22 17:49:26,931 [ForkJoinPool.commonPool-worker-0] INFO  ozoneimpl.OzoneContainer (OzoneContainer.java:stop(199)) - Attempting to stop container services.
2019-08-22 17:49:26,932 [main] INFO  impl.RaftServerProxy (RaftServerProxy.java:lambda$close$4(314)) - 4ddf9bc6-c089-4456-8fae-06bd647ee380: close
2019-08-22 17:49:26,932 [ForkJoinPool.commonPool-worker-0] INFO  impl.RaftServerProxy (RaftServerProxy.java:lambda$close$4(314)) - 41476450-f699-485d-b75b-cc9c7bcae223: close
2019-08-22 17:49:26,932 [main] INFO  impl.RaftServerImpl (RaftServerImpl.java:lambda$shutdown$3(245)) - 4ddf9bc6-c089-4456-8fae-06bd647ee380: shutdown group-2F99EBEC2AD5
2019-08-22 17:49:26,933 [ForkJoinPool.commonPool-worker-0] INFO  impl.RaftServerImpl (RaftServerImpl.java:lambda$shutdown$3(245)) - 41476450-f699-485d-b75b-cc9c7bcae223: shutdown group-77493826BCD4
2019-08-22 17:49:26,933 [main] INFO  util.JmxRegister (JmxRegister.java:unregister(73)) - Successfully un-registered JMX Bean with object name Ratis:service=RaftServer,group=group-2F99EBEC2AD5,id=4ddf9bc6-c089-4456-8fae-06bd647ee380
2019-08-22 17:49:26,933 [ForkJoinPool.commonPool-worker-0] INFO  util.JmxRegister (JmxRegister.java:unregister(73)) - Successfully un-registered JMX Bean with object name Ratis:service=RaftServer,group=group-77493826BCD4,id=41476450-f699-485d-b75b-cc9c7bcae223
2019-08-22 17:49:26,934 [main] INFO  impl.RoleInfo (RoleInfo.java:shutdownLeaderState(104)) - 4ddf9bc6-c089-4456-8fae-06bd647ee380: shutdown LeaderState
2019-08-22 17:49:26,934 [ForkJoinPool.commonPool-worker-0] INFO  impl.RoleInfo (RoleInfo.java:shutdownLeaderState(104)) - 41476450-f699-485d-b75b-cc9c7bcae223: shutdown LeaderState
2019-08-22 17:49:26,935 [main] INFO  impl.PendingRequests (PendingRequests.java:sendNotLeaderResponses(202)) - 4ddf9bc6-c089-4456-8fae-06bd647ee380-PendingRequests: sendNotLeaderResponses
2019-08-22 17:49:26,935 [ForkJoinPool.commonPool-worker-0] INFO  impl.PendingRequests (PendingRequests.java:sendNotLeaderResponses(202)) - 41476450-f699-485d-b75b-cc9c7bcae223-PendingRequests: sendNotLeaderResponses
2019-08-22 17:49:26,935 [main] INFO  impl.StateMachineUpdater (StateMachineUpdater.java:stopAndJoin(115)) - StateMachineUpdater:4ddf9bc6-c089-4456-8fae-06bd647ee380:group-2F99EBEC2AD5: set stopIndex = 0
2019-08-22 17:49:26,936 [ForkJoinPool.commonPool-worker-0] INFO  impl.StateMachineUpdater (StateMachineUpdater.java:stopAndJoin(115)) - StateMachineUpdater:41476450-f699-485d-b75b-cc9c7bcae223:group-77493826BCD4: set stopIndex = 0
2019-08-22 17:49:26,936 [main] INFO  impl.RaftServerImpl (ServerState.java:close(394)) - 4ddf9bc6-c089-4456-8fae-06bd647ee380:group-2F99EBEC2AD5 closes. The last applied log index is 0
2019-08-22 17:49:26,936 [ForkJoinPool.commonPool-worker-0] INFO  impl.RaftServerImpl (ServerState.java:close(394)) - 41476450-f699-485d-b75b-cc9c7bcae223:group-77493826BCD4 closes. The last applied log index is 0
2019-08-22 17:49:26,937 [4ddf9bc6-c089-4456-8fae-06bd647ee380-SegmentedRaftLogWorker:Storage Directory /workdir/hadoop-ozone/integration-test/target/test-dir/MiniOzoneClusterImpl-3fcad3f5-9634-4478-a239-7449fe26e55e/datanode-4/data/ratis/b6f3c81e-39d2-4eff-ac27-2f99ebec2ad5] INFO  segmented.SegmentedRaftLogWorker (SegmentedRaftLogWorker.java:run(313)) - 4ddf9bc6-c089-4456-8fae-06bd647ee380-SegmentedRaftLogWorker:Storage Directory /workdir/hadoop-ozone/integration-test/target/test-dir/MiniOzoneClusterImpl-3fcad3f5-9634-4478-a239-7449fe26e55e/datanode-4/data/ratis/b6f3c81e-39d2-4eff-ac27-2f99ebec2ad5 was interrupted, exiting. There are 0 tasks remaining in the queue.
2019-08-22 17:49:26,937 [41476450-f699-485d-b75b-cc9c7bcae223-SegmentedRaftLogWorker:Storage Directory /workdir/hadoop-ozone/integration-test/target/test-dir/MiniOzoneClusterImpl-3fcad3f5-9634-4478-a239-7449fe26e55e/datanode-1/data/ratis/e12e0222-f947-4ad4-968f-77493826bcd4] INFO  segmented.SegmentedRaftLogWorker (SegmentedRaftLogWorker.java:run(313)) - 41476450-f699-485d-b75b-cc9c7bcae223-SegmentedRaftLogWorker:Storage Directory /workdir/hadoop-ozone/integration-test/target/test-dir/MiniOzoneClusterImpl-3fcad3f5-9634-4478-a239-7449fe26e55e/datanode-1/data/ratis/e12e0222-f947-4ad4-968f-77493826bcd4 was interrupted, exiting. There are 0 tasks remaining in the queue.
2019-08-22 17:49:26,940 [main] INFO  segmented.SegmentedRaftLogWorker (SegmentedRaftLogWorker.java:close(228)) - 4ddf9bc6-c089-4456-8fae-06bd647ee380-SegmentedRaftLogWorker:Storage Directory /workdir/hadoop-ozone/integration-test/target/test-dir/MiniOzoneClusterImpl-3fcad3f5-9634-4478-a239-7449fe26e55e/datanode-4/data/ratis/b6f3c81e-39d2-4eff-ac27-2f99ebec2ad5 close()
2019-08-22 17:49:26,942 [ForkJoinPool.commonPool-worker-0] INFO  segmented.SegmentedRaftLogWorker (SegmentedRaftLogWorker.java:close(228)) - 41476450-f699-485d-b75b-cc9c7bcae223-SegmentedRaftLogWorker:Storage Directory /workdir/hadoop-ozone/integration-test/target/test-dir/MiniOzoneClusterImpl-3fcad3f5-9634-4478-a239-7449fe26e55e/datanode-1/data/ratis/e12e0222-f947-4ad4-968f-77493826bcd4 close()
2019-08-22 17:49:26,946 [main] INFO  impl.RaftServerImpl (RaftServerImpl.java:lambda$shutdown$3(245)) - 4ddf9bc6-c089-4456-8fae-06bd647ee380: shutdown group-55BFC9734161
2019-08-22 17:49:26,950 [ForkJoinPool.commonPool-worker-0] INFO  impl.RaftServerImpl (RaftServerImpl.java:lambda$shutdown$3(245)) - 41476450-f699-485d-b75b-cc9c7bcae223: shutdown group-7055FCABB4DD
2019-08-22 17:49:26,950 [main] INFO  util.JmxRegister (JmxRegister.java:unregister(73)) - Successfully un-registered JMX Bean with object name Ratis:service=RaftServer,group=group-55BFC9734161,id=4ddf9bc6-c089-4456-8fae-06bd647ee380
2019-08-22 17:49:26,951 [ForkJoinPool.commonPool-worker-0] INFO  util.JmxRegister (JmxRegister.java:unregister(73)) - Successfully un-registered JMX Bean with object name Ratis:service=RaftServer,group=group-7055FCABB4DD,id=41476450-f699-485d-b75b-cc9c7bcae223
2019-08-22 17:49:26,951 [main] INFO  impl.RoleInfo (RoleInfo.java:shutdownLeaderState(104)) - 4ddf9bc6-c089-4456-8fae-06bd647ee380: shutdown LeaderState
2019-08-22 17:49:26,951 [ForkJoinPool.commonPool-worker-0] INFO  impl.RoleInfo (RoleInfo.java:shutdownLeaderState(104)) - 41476450-f699-485d-b75b-cc9c7bcae223: shutdown LeaderState
2019-08-22 17:49:26,955 [org.apache.ratis.server.impl.LogAppender$AppenderDaemon$$Lambda$482/463698091@41c88a9a] WARN  server.GrpcLogAppender (GrpcLogAppender.java:mayWait(143)) - GrpcLogAppender(4ddf9bc6-c089-4456-8fae-06bd647ee380->e7fa427d-9bf0-4d57-b806-08466f41dcc1): Wait interrupted by java.lang.InterruptedException
2019-08-22 17:49:26,959 [ForkJoinPool.commonPool-worker-0] INFO  impl.PendingRequests (PendingRequests.java:sendNotLeaderResponses(202)) - 41476450-f699-485d-b75b-cc9c7bcae223-PendingRequests: sendNotLeaderResponses
2019-08-22 17:49:26,955 [org.apache.ratis.server.impl.LogAppender$AppenderDaemon$$Lambda$482/463698091@be41038] WARN  server.GrpcLogAppender (GrpcLogAppender.java:mayWait(143)) - GrpcLogAppender(4ddf9bc6-c089-4456-8fae-06bd647ee380->9c4ad1af-a9aa-4def-ae67-c9235e3b5814): Wait interrupted by java.lang.InterruptedException
2019-08-22 17:49:26,955 [main] INFO  impl.PendingRequests (PendingRequests.java:sendNotLeaderResponses(202)) - 4ddf9bc6-c089-4456-8fae-06bd647ee380-PendingRequests: sendNotLeaderResponses
2019-08-22 17:49:26,964 [grpc-default-executor-1] INFO  server.GrpcServerProtocolService (GrpcServerProtocolService.java:onCompleted(104)) - 9c4ad1af-a9aa-4def-ae67-c9235e3b5814: appendEntries completed
2019-08-22 17:49:26,963 [StateMachineUpdater:41476450-f699-485d-b75b-cc9c7bcae223:group-7055FCABB4DD] INFO  ratis.ContainerStateMachine (ContainerStateMachine.java:takeSnapshot(283)) - group-7055FCABB4DD: Taking a snapshot at:(t:3, i:16) file /workdir/hadoop-ozone/integration-test/target/test-dir/MiniOzoneClusterImpl-3fcad3f5-9634-4478-a239-7449fe26e55e/datanode-1/data/ratis/39526130-6b82-4aab-b4d6-7055fcabb4dd/sm/snapshot.3_16
2019-08-22 17:49:26,963 [ForkJoinPool.commonPool-worker-0] INFO  impl.StateMachineUpdater (StateMachineUpdater.java:stopAndJoin(115)) - StateMachineUpdater:41476450-f699-485d-b75b-cc9c7bcae223:group-7055FCABB4DD: set stopIndex = 18
2019-08-22 17:49:26,959 [org.apache.ratis.server.impl.LogAppender$AppenderDaemon$$Lambda$482/463698091@104a4eb9] WARN  server.GrpcLogAppender (GrpcLogAppender.java:mayWait(143)) - GrpcLogAppender(41476450-f699-485d-b75b-cc9c7bcae223->e511989b-68ab-45c1-a797-44c33b51afe6): Wait interrupted by java.lang.InterruptedException
2019-08-22 17:49:26,959 [org.apache.ratis.server.impl.LogAppender$AppenderDaemon$$Lambda$482/463698091@5548da74] WARN  server.GrpcLogAppender (GrpcLogAppender.java:mayWait(143)) - GrpcLogAppender(41476450-f699-485d-b75b-cc9c7bcae223->9e961f7d-2f80-48a7-b3ac-81f0a28e2c39): Wait interrupted by java.lang.InterruptedException
2019-08-22 17:49:26,964 [grpc-default-executor-1] INFO  server.GrpcLogAppender (GrpcLogAppender.java:onCompleted(292)) - 4ddf9bc6-c089-4456-8fae-06bd647ee380->9c4ad1af-a9aa-4def-ae67-c9235e3b5814: follower responses appendEntries COMPLETED
2019-08-22 17:49:26,964 [StateMachineUpdater:4ddf9bc6-c089-4456-8fae-06bd647ee380:group-55BFC9734161] INFO  ratis.ContainerStateMachine (ContainerStateMachine.java:takeSnapshot(283)) - group-55BFC9734161: Taking a snapshot at:(t:1, i:13) file /workdir/hadoop-ozone/integration-test/target/test-dir/MiniOzoneClusterImpl-3fcad3f5-9634-4478-a239-7449fe26e55e/datanode-4/data/ratis/28a9f31c-9582-4f86-b1f3-55bfc9734161/sm/snapshot.1_13
2019-08-22 17:49:26,964 [main] INFO  impl.StateMachineUpdater (StateMachineUpdater.java:stopAndJoin(115)) - StateMachineUpdater:4ddf9bc6-c089-4456-8fae-06bd647ee380:group-55BFC9734161: set stopIndex = 17
2019-08-22 17:49:26,965 [grpc-default-executor-1] INFO  impl.FollowerInfo (FollowerInfo.java:lambda$new$0(50)) - 4ddf9bc6-c089-4456-8fae-06bd647ee380->9c4ad1af-a9aa-4def-ae67-c9235e3b5814: nextIndex: updateUnconditionally 18 -> 17
2019-08-22 17:49:26,965 [grpc-default-executor-2] INFO  server.GrpcServerProtocolService (GrpcServerProtocolService.java:onCompleted(104)) - 9e961f7d-2f80-48a7-b3ac-81f0a28e2c39: appendEntries completed
2019-08-22 17:49:26,965 [grpc-default-executor-5] INFO  server.GrpcServerProtocolService (GrpcServerProtocolService.java:onCompleted(104)) - e511989b-68ab-45c1-a797-44c33b51afe6: appendEntries completed
2019-08-22 17:49:26,967 [grpc-default-executor-1] INFO  server.GrpcLogAppender (GrpcLogAppender.java:onCompleted(292)) - 41476450-f699-485d-b75b-cc9c7bcae223->9e961f7d-2f80-48a7-b3ac-81f0a28e2c39: follower responses appendEntries COMPLETED
2019-08-22 17:49:26,967 [grpc-default-executor-2] INFO  server.GrpcLogAppender (GrpcLogAppender.java:onCompleted(292)) - 41476450-f699-485d-b75b-cc9c7bcae223->e511989b-68ab-45c1-a797-44c33b51afe6: follower responses appendEntries COMPLETED
2019-08-22 17:49:26,967 [grpc-default-executor-1] INFO  impl.FollowerInfo (FollowerInfo.java:lambda$new$0(50)) - 41476450-f699-485d-b75b-cc9c7bcae223->9e961f7d-2f80-48a7-b3ac-81f0a28e2c39: nextIndex: updateUnconditionally 19 -> 18
2019-08-22 17:49:26,968 [grpc-default-executor-2] INFO  impl.FollowerInfo (FollowerInfo.java:lambda$new$0(50)) - 41476450-f699-485d-b75b-cc9c7bcae223->e511989b-68ab-45c1-a797-44c33b51afe6: nextIndex: updateUnconditionally 19 -> 18
2019-08-22 17:49:26,975 [EventQueue-StaleNodeForStaleNodeHandler] INFO  node.StaleNodeHandler (StaleNodeHandler.java:onMessage(58)) - Datanode 41476450-f699-485d-b75b-cc9c7bcae223{ip: 192.168.5.173, host: pr-hdds-1808-4dtdn-3774871440, networkLocation: /default-rack, certSerialId: null} moved to stale state. Finalizing its pipelines [PipelineID=e12e0222-f947-4ad4-968f-77493826bcd4, PipelineID=39526130-6b82-4aab-b4d6-7055fcabb4dd]
2019-08-22 17:49:26,975 [EventQueue-StaleNodeForStaleNodeHandler] INFO  pipeline.SCMPipelineManager (SCMPipelineManager.java:finalizeAndDestroyPipeline(309)) - destroying pipeline:Pipeline[ Id: e12e0222-f947-4ad4-968f-77493826bcd4, Nodes: 41476450-f699-485d-b75b-cc9c7bcae223{ip: 192.168.5.173, host: pr-hdds-1808-4dtdn-3774871440, networkLocation: /default-rack, certSerialId: null}, Type:RATIS, Factor:ONE, State:OPEN]
2019-08-22 17:49:26,976 [EventQueue-StaleNodeForStaleNodeHandler] INFO  pipeline.PipelineStateManager (PipelineStateManager.java:finalizePipeline(123)) - Pipeline Pipeline[ Id: e12e0222-f947-4ad4-968f-77493826bcd4, Nodes: 41476450-f699-485d-b75b-cc9c7bcae223{ip: 192.168.5.173, host: pr-hdds-1808-4dtdn-3774871440, networkLocation: /default-rack, certSerialId: null}, Type:RATIS, Factor:ONE, State:CLOSED] moved to CLOSED state
2019-08-22 17:49:26,976 [EventQueue-StaleNodeForStaleNodeHandler] INFO  pipeline.SCMPipelineManager (SCMPipelineManager.java:finalizeAndDestroyPipeline(309)) - destroying pipeline:Pipeline[ Id: 39526130-6b82-4aab-b4d6-7055fcabb4dd, Nodes: e511989b-68ab-45c1-a797-44c33b51afe6{ip: 192.168.5.173, host: pr-hdds-1808-4dtdn-3774871440, networkLocation: /default-rack, certSerialId: null}9e961f7d-2f80-48a7-b3ac-81f0a28e2c39{ip: 192.168.5.173, host: pr-hdds-1808-4dtdn-3774871440, networkLocation: /default-rack, certSerialId: null}41476450-f699-485d-b75b-cc9c7bcae223{ip: 192.168.5.173, host: pr-hdds-1808-4dtdn-3774871440, networkLocation: /default-rack, certSerialId: null}, Type:RATIS, Factor:THREE, State:OPEN]
2019-08-22 17:49:26,976 [EventQueue-StaleNodeForStaleNodeHandler] INFO  pipeline.PipelineStateManager (PipelineStateManager.java:finalizePipeline(123)) - Pipeline Pipeline[ Id: 39526130-6b82-4aab-b4d6-7055fcabb4dd, Nodes: e511989b-68ab-45c1-a797-44c33b51afe6{ip: 192.168.5.173, host: pr-hdds-1808-4dtdn-3774871440, networkLocation: /default-rack, certSerialId: null}9e961f7d-2f80-48a7-b3ac-81f0a28e2c39{ip: 192.168.5.173, host: pr-hdds-1808-4dtdn-3774871440, networkLocation: /default-rack, certSerialId: null}41476450-f699-485d-b75b-cc9c7bcae223{ip: 192.168.5.173, host: pr-hdds-1808-4dtdn-3774871440, networkLocation: /default-rack, certSerialId: null}, Type:RATIS, Factor:THREE, State:CLOSED] moved to CLOSED state
2019-08-22 17:49:26,976 [EventQueue-CloseContainerForCloseContainerEventHandler] INFO  container.CloseContainerEventHandler (CloseContainerEventHandler.java:onMessage(61)) - Close container Event triggered for container : #2
2019-08-22 17:49:26,990 [StateMachineUpdater:4ddf9bc6-c089-4456-8fae-06bd647ee380:group-55BFC9734161] INFO  ratis.ContainerStateMachine (ContainerStateMachine.java:takeSnapshot(294)) - group-55BFC9734161: Finished taking a snapshot at:(t:1, i:13) file:/workdir/hadoop-ozone/integration-test/target/test-dir/MiniOzoneClusterImpl-3fcad3f5-9634-4478-a239-7449fe26e55e/datanode-4/data/ratis/28a9f31c-9582-4f86-b1f3-55bfc9734161/sm/snapshot.1_13 time:25
2019-08-22 17:49:26,990 [StateMachineUpdater:4ddf9bc6-c089-4456-8fae-06bd647ee380:group-55BFC9734161] INFO  impl.StateMachineUpdater (StateMachineUpdater.java:takeSnapshot(242)) - StateMachineUpdater:4ddf9bc6-c089-4456-8fae-06bd647ee380:group-55BFC9734161: Took a snapshot at index 13
2019-08-22 17:49:26,990 [StateMachineUpdater:4ddf9bc6-c089-4456-8fae-06bd647ee380:group-55BFC9734161] INFO  impl.StateMachineUpdater (StateMachineUpdater.java:lambda$new$0(80)) - StateMachineUpdater:4ddf9bc6-c089-4456-8fae-06bd647ee380:group-55BFC9734161: snapshotIndex: updateIncreasingly -1 -> 13
2019-08-22 17:49:26,990 [StateMachineUpdater:41476450-f699-485d-b75b-cc9c7bcae223:group-7055FCABB4DD] INFO  ratis.ContainerStateMachine (ContainerStateMachine.java:takeSnapshot(294)) - group-7055FCABB4DD: Finished taking a snapshot at:(t:3, i:16) file:/workdir/hadoop-ozone/integration-test/target/test-dir/MiniOzoneClusterImpl-3fcad3f5-9634-4478-a239-7449fe26e55e/datanode-1/data/ratis/39526130-6b82-4aab-b4d6-7055fcabb4dd/sm/snapshot.3_16 time:26
2019-08-22 17:49:26,990 [StateMachineUpdater:41476450-f699-485d-b75b-cc9c7bcae223:group-7055FCABB4DD] INFO  impl.StateMachineUpdater (StateMachineUpdater.java:takeSnapshot(242)) - StateMachineUpdater:41476450-f699-485d-b75b-cc9c7bcae223:group-7055FCABB4DD: Took a snapshot at index 16
2019-08-22 17:49:26,990 [main] INFO  impl.RaftServerImpl (ServerState.java:close(394)) - 4ddf9bc6-c089-4456-8fae-06bd647ee380:group-55BFC9734161 closes. The last applied log index is 17
2019-08-22 17:49:26,990 [StateMachineUpdater:41476450-f699-485d-b75b-cc9c7bcae223:group-7055FCABB4DD] INFO  impl.StateMachineUpdater (StateMachineUpdater.java:lambda$new$0(80)) - StateMachineUpdater:41476450-f699-485d-b75b-cc9c7bcae223:group-7055FCABB4DD: snapshotIndex: updateIncreasingly -1 -> 16
2019-08-22 17:49:26,991 [4ddf9bc6-c089-4456-8fae-06bd647ee380-SegmentedRaftLogWorker:Storage Directory /workdir/hadoop-ozone/integration-test/target/test-dir/MiniOzoneClusterImpl-3fcad3f5-9634-4478-a239-7449fe26e55e/datanode-4/data/ratis/28a9f31c-9582-4f86-b1f3-55bfc9734161] INFO  segmented.SegmentedRaftLogWorker (SegmentedRaftLogWorker.java:run(313)) - 4ddf9bc6-c089-4456-8fae-06bd647ee380-SegmentedRaftLogWorker:Storage Directory /workdir/hadoop-ozone/integration-test/target/test-dir/MiniOzoneClusterImpl-3fcad3f5-9634-4478-a239-7449fe26e55e/datanode-4/data/ratis/28a9f31c-9582-4f86-b1f3-55bfc9734161 was interrupted, exiting. There are 0 tasks remaining in the queue.
2019-08-22 17:49:26,991 [ForkJoinPool.commonPool-worker-0] INFO  impl.RaftServerImpl (ServerState.java:close(394)) - 41476450-f699-485d-b75b-cc9c7bcae223:group-7055FCABB4DD closes. The last applied log index is 18
2019-08-22 17:49:26,994 [main] INFO  segmented.SegmentedRaftLogWorker (SegmentedRaftLogWorker.java:close(228)) - 4ddf9bc6-c089-4456-8fae-06bd647ee380-SegmentedRaftLogWorker:Storage Directory /workdir/hadoop-ozone/integration-test/target/test-dir/MiniOzoneClusterImpl-3fcad3f5-9634-4478-a239-7449fe26e55e/datanode-4/data/ratis/28a9f31c-9582-4f86-b1f3-55bfc9734161 close()
2019-08-22 17:49:26,994 [41476450-f699-485d-b75b-cc9c7bcae223-SegmentedRaftLogWorker:Storage Directory /workdir/hadoop-ozone/integration-test/target/test-dir/MiniOzoneClusterImpl-3fcad3f5-9634-4478-a239-7449fe26e55e/datanode-1/data/ratis/39526130-6b82-4aab-b4d6-7055fcabb4dd] INFO  segmented.SegmentedRaftLogWorker (SegmentedRaftLogWorker.java:run(313)) - 41476450-f699-485d-b75b-cc9c7bcae223-SegmentedRaftLogWorker:Storage Directory /workdir/hadoop-ozone/integration-test/target/test-dir/MiniOzoneClusterImpl-3fcad3f5-9634-4478-a239-7449fe26e55e/datanode-1/data/ratis/39526130-6b82-4aab-b4d6-7055fcabb4dd was interrupted, exiting. There are 0 tasks remaining in the queue.
2019-08-22 17:49:26,998 [main] INFO  server.GrpcService (GrpcService.java:closeImpl(155)) - 4ddf9bc6-c089-4456-8fae-06bd647ee380: shutdown server with port 45258 now
2019-08-22 17:49:27,000 [ForkJoinPool.commonPool-worker-0] INFO  segmented.SegmentedRaftLogWorker (SegmentedRaftLogWorker.java:close(228)) - 41476450-f699-485d-b75b-cc9c7bcae223-SegmentedRaftLogWorker:Storage Directory /workdir/hadoop-ozone/integration-test/target/test-dir/MiniOzoneClusterImpl-3fcad3f5-9634-4478-a239-7449fe26e55e/datanode-1/data/ratis/39526130-6b82-4aab-b4d6-7055fcabb4dd close()
2019-08-22 17:49:27,005 [main] INFO  server.GrpcService (GrpcService.java:closeImpl(163)) - 4ddf9bc6-c089-4456-8fae-06bd647ee380: shutdown server with port 45258 successfully
2019-08-22 17:49:27,005 [ForkJoinPool.commonPool-worker-0] INFO  server.GrpcService (GrpcService.java:closeImpl(155)) - 41476450-f699-485d-b75b-cc9c7bcae223: shutdown server with port 39265 now
2019-08-22 17:49:27,006 [grpc-default-executor-5] WARN  client.GrpcClientProtocolService (LogUtils.java:warn(134)) - 1-UnorderedRequestStreamObserver1: onError: org.apache.ratis.thirdparty.io.grpc.StatusRuntimeException: CANCELLED: cancelled before receiving half close
2019-08-22 17:49:27,006 [ForkJoinPool.commonPool-worker-0] INFO  server.GrpcService (GrpcService.java:closeImpl(163)) - 41476450-f699-485d-b75b-cc9c7bcae223: shutdown server with port 39265 successfully
2019-08-22 17:49:27,009 [ForkJoinPool.commonPool-worker-0] INFO  utils.BackgroundService (BackgroundService.java:shutdown(148)) - Shutting down service BlockDeletingService
2019-08-22 17:49:27,011 [main] INFO  utils.BackgroundService (BackgroundService.java:shutdown(148)) - Shutting down service BlockDeletingService
2019-08-22 17:49:27,013 [refreshUsed-/workdir/hadoop-ozone/integration-test/target/test-dir/MiniOzoneClusterImpl-3fcad3f5-9634-4478-a239-7449fe26e55e/datanode-1/data/containers] WARN  fs.CachingGetSpaceUsed (CachingGetSpaceUsed.java:run(183)) - Thread Interrupted waiting to refresh disk information: sleep interrupted
2019-08-22 17:49:27,017 [refreshUsed-/workdir/hadoop-ozone/integration-test/target/test-dir/MiniOzoneClusterImpl-3fcad3f5-9634-4478-a239-7449fe26e55e/datanode-4/data/containers] WARN  fs.CachingGetSpaceUsed (CachingGetSpaceUsed.java:run(183)) - Thread Interrupted waiting to refresh disk information: sleep interrupted
2019-08-22 17:49:27,040 [main] INFO  statemachine.DatanodeStateMachine (DatanodeStateMachine.java:stopDaemon(395)) - Ozone container server stopped.
2019-08-22 17:49:27,046 [ForkJoinPool.commonPool-worker-0] INFO  statemachine.DatanodeStateMachine (DatanodeStateMachine.java:stopDaemon(395)) - Ozone container server stopped.
2019-08-22 17:49:27,049 [main] INFO  handler.ContextHandler (ContextHandler.java:doStop(910)) - Stopped o.e.j.w.WebAppContext@1179731c{/,null,UNAVAILABLE}{/hddsDatanode}
2019-08-22 17:49:27,051 [ForkJoinPool.commonPool-worker-0] INFO  handler.ContextHandler (ContextHandler.java:doStop(910)) - Stopped o.e.j.w.WebAppContext@193f5509{/,null,UNAVAILABLE}{/hddsDatanode}
2019-08-22 17:49:27,051 [main] INFO  server.AbstractConnector (AbstractConnector.java:doStop(318)) - Stopped ServerConnector@8497c23{HTTP/1.1,[http/1.1]}{0.0.0.0:0}
2019-08-22 17:49:27,052 [ForkJoinPool.commonPool-worker-0] INFO  server.AbstractConnector (AbstractConnector.java:doStop(318)) - Stopped ServerConnector@475a8415{HTTP/1.1,[http/1.1]}{0.0.0.0:0}
2019-08-22 17:49:27,052 [main] INFO  handler.ContextHandler (ContextHandler.java:doStop(910)) - Stopped o.e.j.s.ServletContextHandler@4b90f49d{/static,jar:file:/home/user/.m2/repository/org/apache/hadoop/hadoop-hdds-container-service/0.5.0-SNAPSHOT/hadoop-hdds-container-service-0.5.0-SNAPSHOT.jar!/webapps/static,UNAVAILABLE}
2019-08-22 17:49:27,054 [ForkJoinPool.commonPool-worker-0] INFO  handler.ContextHandler (ContextHandler.java:doStop(910)) - Stopped o.e.j.s.ServletContextHandler@3e09067{/static,jar:file:/home/user/.m2/repository/org/apache/hadoop/hadoop-hdds-container-service/0.5.0-SNAPSHOT/hadoop-hdds-container-service-0.5.0-SNAPSHOT.jar!/webapps/static,UNAVAILABLE}
2019-08-22 17:49:27,054 [main] INFO  handler.ContextHandler (ContextHandler.java:doStop(910)) - Stopped o.e.j.s.ServletContextHandler@53141d3f{/logs,file:///workdir/hadoop-ozone/integration-test/target/log,UNAVAILABLE}
2019-08-22 17:49:27,056 [ForkJoinPool.commonPool-worker-0] INFO  handler.ContextHandler (ContextHandler.java:doStop(910)) - Stopped o.e.j.s.ServletContextHandler@7f59f4e4{/logs,file:///workdir/hadoop-ozone/integration-test/target/log,UNAVAILABLE}
2019-08-22 17:49:27,057 [main] INFO  datanode.ObjectStoreHandler (ObjectStoreHandler.java:close(155)) - Closing ObjectStoreHandler.
2019-08-22 17:49:27,057 [ForkJoinPool.commonPool-worker-0] INFO  datanode.ObjectStoreHandler (ObjectStoreHandler.java:close(155)) - Closing ObjectStoreHandler.
2019-08-22 17:49:27,058 [main] INFO  ozone.HddsDatanodeService (HddsDatanodeService.java:stop(451)) - Stopped plug-in org.apache.hadoop.ozone.web.OzoneHddsDatanodeService@6ad2a8db
2019-08-22 17:49:27,058 [ForkJoinPool.commonPool-worker-0] INFO  ozone.HddsDatanodeService (HddsDatanodeService.java:stop(451)) - Stopped plug-in org.apache.hadoop.ozone.web.OzoneHddsDatanodeService@2746bc43
2019-08-22 17:49:27,176 | INFO  | SCMAudit | user=jenkins1000 | ip=192.168.5.173 | op=SEND_HEARTBEAT {datanodeUUID=9c4ad1af-a9aa-4def-ae67-c9235e3b5814, command=[]} | ret=SUCCESS |  
2019-08-22 17:49:27,884 [Datanode State Machine Thread - 0] INFO  statemachine.DatanodeStateMachine (DatanodeStateMachine.java:lambda$startDaemon$0(350)) - Ozone container server started.
2019-08-22 17:49:27,884 [Datanode State Machine Thread - 0] INFO  statemachine.DatanodeStateMachine (DatanodeStateMachine.java:lambda$startDaemon$0(350)) - Ozone container server started.
2019-08-22 17:49:27,886 | INFO  | SCMAudit | user=jenkins1000 | ip=192.168.5.173 | op=SEND_HEARTBEAT {datanodeUUID=9e961f7d-2f80-48a7-b3ac-81f0a28e2c39, command=[commandType: closeContainerCommand closeContainerCommandProto { containerID: 2 pipelineID { id: "39526130-6b82-4aab-b4d6-7055fcabb4dd" } cmdId: 2 force: false } ]} | ret=SUCCESS |  
2019-08-22 17:49:28,176 | INFO  | SCMAudit | user=jenkins1000 | ip=192.168.5.173 | op=SEND_HEARTBEAT {datanodeUUID=9c4ad1af-a9aa-4def-ae67-c9235e3b5814, command=[]} | ret=SUCCESS |  
2019-08-22 17:49:28,885 | INFO  | SCMAudit | user=jenkins1000 | ip=192.168.5.173 | op=SEND_HEARTBEAT {datanodeUUID=9e961f7d-2f80-48a7-b3ac-81f0a28e2c39, command=[]} | ret=SUCCESS |  
2019-08-22 17:49:28,900 | INFO  | SCMAudit | user=jenkins1000 | ip=192.168.5.173 | op=SEND_HEARTBEAT {datanodeUUID=9e961f7d-2f80-48a7-b3ac-81f0a28e2c39, command=[]} | ret=SUCCESS |  
2019-08-22 17:49:29,175 | INFO  | SCMAudit | user=jenkins1000 | ip=192.168.5.173 | op=SEND_HEARTBEAT {datanodeUUID=9c4ad1af-a9aa-4def-ae67-c9235e3b5814, command=[]} | ret=SUCCESS |  
2019-08-22 17:49:29,901 | INFO  | SCMAudit | user=jenkins1000 | ip=192.168.5.173 | op=SEND_HEARTBEAT {datanodeUUID=9e961f7d-2f80-48a7-b3ac-81f0a28e2c39, command=[]} | ret=SUCCESS |  
2019-08-22 17:49:30,177 | INFO  | SCMAudit | user=jenkins1000 | ip=192.168.5.173 | op=SEND_HEARTBEAT {datanodeUUID=9c4ad1af-a9aa-4def-ae67-c9235e3b5814, command=[]} | ret=SUCCESS |  
2019-08-22 17:49:30,357 [Thread-3521] INFO  impl.FollowerState (FollowerState.java:run(106)) - 9c4ad1af-a9aa-4def-ae67-c9235e3b5814:group-55BFC9734161 changes to CANDIDATE, lastRpcTime:5156, electionTimeout:5141ms
2019-08-22 17:49:30,357 [Thread-3521] INFO  impl.RoleInfo (RoleInfo.java:shutdownFollowerState(121)) - 9c4ad1af-a9aa-4def-ae67-c9235e3b5814: shutdown FollowerState
2019-08-22 17:49:30,357 [Thread-3521] INFO  impl.RaftServerImpl (RaftServerImpl.java:setRole(171)) - 9c4ad1af-a9aa-4def-ae67-c9235e3b5814:group-55BFC9734161 changes role from FOLLOWER to CANDIDATE at term 2 for changeToCandidate
2019-08-22 17:49:30,357 [Thread-3521] INFO  impl.RoleInfo (RoleInfo.java:updateAndGet(143)) - 9c4ad1af-a9aa-4def-ae67-c9235e3b5814: start LeaderElection
2019-08-22 17:49:30,360 [9c4ad1af-a9aa-4def-ae67-c9235e3b5814:group-55BFC9734161:LeaderElection80] INFO  impl.RaftServerImpl (ServerState.java:setLeader(263)) - 9c4ad1af-a9aa-4def-ae67-c9235e3b5814:group-55BFC9734161 change Leader from 4ddf9bc6-c089-4456-8fae-06bd647ee380 to null at term 2 for initElection
2019-08-22 17:49:30,385 [9c4ad1af-a9aa-4def-ae67-c9235e3b5814:group-55BFC9734161:LeaderElection80] INFO  impl.LeaderElection (LeaderElection.java:askForVotes(181)) - 9c4ad1af-a9aa-4def-ae67-c9235e3b5814:group-55BFC9734161:LeaderElection80: begin an election at term 3 for 16: [4ddf9bc6-c089-4456-8fae-06bd647ee380:192.168.5.173:45258, 9c4ad1af-a9aa-4def-ae67-c9235e3b5814:192.168.5.173:39794, e7fa427d-9bf0-4d57-b806-08466f41dcc1:192.168.5.173:40856], old=null
2019-08-22 17:49:30,388 [9c4ad1af-a9aa-4def-ae67-c9235e3b5814:group-55BFC9734161:LeaderElection80] INFO  impl.LeaderElection (LogUtils.java:infoOrTrace(149)) - 9c4ad1af-a9aa-4def-ae67-c9235e3b5814:group-55BFC9734161:LeaderElection80 got exception when requesting votes: {}
java.util.concurrent.ExecutionException: org.apache.ratis.thirdparty.io.grpc.StatusRuntimeException: UNAVAILABLE: io exception
	at java.util.concurrent.FutureTask.report(FutureTask.java:122)
	at java.util.concurrent.FutureTask.get(FutureTask.java:192)
	at org.apache.ratis.server.impl.LeaderElection.waitForResults(LeaderElection.java:262)
	at org.apache.ratis.server.impl.LeaderElection.askForVotes(LeaderElection.java:200)
	at org.apache.ratis.server.impl.LeaderElection.run(LeaderElection.java:130)
	at java.lang.Thread.run(Thread.java:748)
Caused by: org.apache.ratis.thirdparty.io.grpc.StatusRuntimeException: UNAVAILABLE: io exception
	at org.apache.ratis.thirdparty.io.grpc.stub.ClientCalls.toStatusRuntimeException(ClientCalls.java:233)
	at org.apache.ratis.thirdparty.io.grpc.stub.ClientCalls.getUnchecked(ClientCalls.java:214)
	at org.apache.ratis.thirdparty.io.grpc.stub.ClientCalls.blockingUnaryCall(ClientCalls.java:139)
	at org.apache.ratis.proto.grpc.RaftServerProtocolServiceGrpc$RaftServerProtocolServiceBlockingStub.requestVote(RaftServerProtocolServiceGrpc.java:265)
	at org.apache.ratis.grpc.server.GrpcServerProtocolClient.requestVote(GrpcServerProtocolClient.java:83)
	at org.apache.ratis.grpc.server.GrpcService.requestVote(GrpcService.java:195)
	at org.apache.ratis.server.impl.LeaderElection.lambda$submitRequests$1(LeaderElection.java:237)
	at java.util.concurrent.FutureTask.run(FutureTask.java:266)
	at java.util.concurrent.Executors$RunnableAdapter.call(Executors.java:511)
	at java.util.concurrent.FutureTask.run(FutureTask.java:266)
	at java.util.concurrent.ThreadPoolExecutor.runWorker(ThreadPoolExecutor.java:1149)
	at java.util.concurrent.ThreadPoolExecutor$Worker.run(ThreadPoolExecutor.java:624)
	... 1 more
Caused by: org.apache.ratis.thirdparty.io.netty.channel.AbstractChannel$AnnotatedConnectException: Connection refused: /192.168.5.173:40856
	at sun.nio.ch.SocketChannelImpl.checkConnect(Native Method)
	at sun.nio.ch.SocketChannelImpl.finishConnect(SocketChannelImpl.java:717)
	at org.apache.ratis.thirdparty.io.netty.channel.socket.nio.NioSocketChannel.doFinishConnect(NioSocketChannel.java:327)
	at org.apache.ratis.thirdparty.io.netty.channel.nio.AbstractNioChannel$AbstractNioUnsafe.finishConnect(AbstractNioChannel.java:340)
	at org.apache.ratis.thirdparty.io.netty.channel.nio.NioEventLoop.processSelectedKey(NioEventLoop.java:632)
	at org.apache.ratis.thirdparty.io.netty.channel.nio.NioEventLoop.processSelectedKeysOptimized(NioEventLoop.java:579)
	at org.apache.ratis.thirdparty.io.netty.channel.nio.NioEventLoop.processSelectedKeys(NioEventLoop.java:496)
	at org.apache.ratis.thirdparty.io.netty.channel.nio.NioEventLoop.run(NioEventLoop.java:458)
	at org.apache.ratis.thirdparty.io.netty.util.concurrent.SingleThreadEventExecutor$5.run(SingleThreadEventExecutor.java:897)
	at org.apache.ratis.thirdparty.io.netty.util.concurrent.FastThreadLocalRunnable.run(FastThreadLocalRunnable.java:30)
	... 1 more
Caused by: java.net.ConnectException: Connection refused
	... 11 more
2019-08-22 17:49:30,390 [9c4ad1af-a9aa-4def-ae67-c9235e3b5814:group-55BFC9734161:LeaderElection80] INFO  impl.LeaderElection (LogUtils.java:infoOrTrace(149)) - 9c4ad1af-a9aa-4def-ae67-c9235e3b5814:group-55BFC9734161:LeaderElection80 got exception when requesting votes: {}
java.util.concurrent.ExecutionException: org.apache.ratis.thirdparty.io.grpc.StatusRuntimeException: UNAVAILABLE: io exception
	at java.util.concurrent.FutureTask.report(FutureTask.java:122)
	at java.util.concurrent.FutureTask.get(FutureTask.java:192)
	at org.apache.ratis.server.impl.LeaderElection.waitForResults(LeaderElection.java:262)
	at org.apache.ratis.server.impl.LeaderElection.askForVotes(LeaderElection.java:200)
	at org.apache.ratis.server.impl.LeaderElection.run(LeaderElection.java:130)
	at java.lang.Thread.run(Thread.java:748)
Caused by: org.apache.ratis.thirdparty.io.grpc.StatusRuntimeException: UNAVAILABLE: io exception
	at org.apache.ratis.thirdparty.io.grpc.stub.ClientCalls.toStatusRuntimeException(ClientCalls.java:233)
	at org.apache.ratis.thirdparty.io.grpc.stub.ClientCalls.getUnchecked(ClientCalls.java:214)
	at org.apache.ratis.thirdparty.io.grpc.stub.ClientCalls.blockingUnaryCall(ClientCalls.java:139)
	at org.apache.ratis.proto.grpc.RaftServerProtocolServiceGrpc$RaftServerProtocolServiceBlockingStub.requestVote(RaftServerProtocolServiceGrpc.java:265)
	at org.apache.ratis.grpc.server.GrpcServerProtocolClient.requestVote(GrpcServerProtocolClient.java:83)
	at org.apache.ratis.grpc.server.GrpcService.requestVote(GrpcService.java:195)
	at org.apache.ratis.server.impl.LeaderElection.lambda$submitRequests$1(LeaderElection.java:237)
	at java.util.concurrent.FutureTask.run(FutureTask.java:266)
	at java.util.concurrent.Executors$RunnableAdapter.call(Executors.java:511)
	at java.util.concurrent.FutureTask.run(FutureTask.java:266)
	at java.util.concurrent.ThreadPoolExecutor.runWorker(ThreadPoolExecutor.java:1149)
	at java.util.concurrent.ThreadPoolExecutor$Worker.run(ThreadPoolExecutor.java:624)
	... 1 more
Caused by: org.apache.ratis.thirdparty.io.netty.channel.AbstractChannel$AnnotatedConnectException: Connection refused: /192.168.5.173:45258
	at sun.nio.ch.SocketChannelImpl.checkConnect(Native Method)
	at sun.nio.ch.SocketChannelImpl.finishConnect(SocketChannelImpl.java:717)
	at org.apache.ratis.thirdparty.io.netty.channel.socket.nio.NioSocketChannel.doFinishConnect(NioSocketChannel.java:327)
	at org.apache.ratis.thirdparty.io.netty.channel.nio.AbstractNioChannel$AbstractNioUnsafe.finishConnect(AbstractNioChannel.java:340)
	at org.apache.ratis.thirdparty.io.netty.channel.nio.NioEventLoop.processSelectedKey(NioEventLoop.java:632)
	at org.apache.ratis.thirdparty.io.netty.channel.nio.NioEventLoop.processSelectedKeysOptimized(NioEventLoop.java:579)
	at org.apache.ratis.thirdparty.io.netty.channel.nio.NioEventLoop.processSelectedKeys(NioEventLoop.java:496)
	at org.apache.ratis.thirdparty.io.netty.channel.nio.NioEventLoop.run(NioEventLoop.java:458)
	at org.apache.ratis.thirdparty.io.netty.util.concurrent.SingleThreadEventExecutor$5.run(SingleThreadEventExecutor.java:897)
	at org.apache.ratis.thirdparty.io.netty.util.concurrent.FastThreadLocalRunnable.run(FastThreadLocalRunnable.java:30)
	... 1 more
Caused by: java.net.ConnectException: Connection refused
	... 11 more
2019-08-22 17:49:30,393 [9c4ad1af-a9aa-4def-ae67-c9235e3b5814:group-55BFC9734161:LeaderElection80] INFO  impl.LeaderElection (LeaderElection.java:logAndReturn(56)) - 9c4ad1af-a9aa-4def-ae67-c9235e3b5814:group-55BFC9734161:LeaderElection80: Election REJECTED; received 0 response(s) [] and 2 exception(s); 9c4ad1af-a9aa-4def-ae67-c9235e3b5814:t3, leader=null, voted=9c4ad1af-a9aa-4def-ae67-c9235e3b5814, raftlog=9c4ad1af-a9aa-4def-ae67-c9235e3b5814-SegmentedRaftLog:OPENED:c17,f17,i17, conf=16: [4ddf9bc6-c089-4456-8fae-06bd647ee380:192.168.5.173:45258, 9c4ad1af-a9aa-4def-ae67-c9235e3b5814:192.168.5.173:39794, e7fa427d-9bf0-4d57-b806-08466f41dcc1:192.168.5.173:40856], old=null
2019-08-22 17:49:30,393 [9c4ad1af-a9aa-4def-ae67-c9235e3b5814:group-55BFC9734161:LeaderElection80] INFO  impl.LeaderElection (LogUtils.java:infoOrTrace(149)) -   Exception 0: {}
java.util.concurrent.ExecutionException: org.apache.ratis.thirdparty.io.grpc.StatusRuntimeException: UNAVAILABLE: io exception
	at java.util.concurrent.FutureTask.report(FutureTask.java:122)
	at java.util.concurrent.FutureTask.get(FutureTask.java:192)
	at org.apache.ratis.server.impl.LeaderElection.waitForResults(LeaderElection.java:262)
	at org.apache.ratis.server.impl.LeaderElection.askForVotes(LeaderElection.java:200)
	at org.apache.ratis.server.impl.LeaderElection.run(LeaderElection.java:130)
	at java.lang.Thread.run(Thread.java:748)
Caused by: org.apache.ratis.thirdparty.io.grpc.StatusRuntimeException: UNAVAILABLE: io exception
	at org.apache.ratis.thirdparty.io.grpc.stub.ClientCalls.toStatusRuntimeException(ClientCalls.java:233)
	at org.apache.ratis.thirdparty.io.grpc.stub.ClientCalls.getUnchecked(ClientCalls.java:214)
	at org.apache.ratis.thirdparty.io.grpc.stub.ClientCalls.blockingUnaryCall(ClientCalls.java:139)
	at org.apache.ratis.proto.grpc.RaftServerProtocolServiceGrpc$RaftServerProtocolServiceBlockingStub.requestVote(RaftServerProtocolServiceGrpc.java:265)
	at org.apache.ratis.grpc.server.GrpcServerProtocolClient.requestVote(GrpcServerProtocolClient.java:83)
	at org.apache.ratis.grpc.server.GrpcService.requestVote(GrpcService.java:195)
	at org.apache.ratis.server.impl.LeaderElection.lambda$submitRequests$1(LeaderElection.java:237)
	at java.util.concurrent.FutureTask.run(FutureTask.java:266)
	at java.util.concurrent.Executors$RunnableAdapter.call(Executors.java:511)
	at java.util.concurrent.FutureTask.run(FutureTask.java:266)
	at java.util.concurrent.ThreadPoolExecutor.runWorker(ThreadPoolExecutor.java:1149)
	at java.util.concurrent.ThreadPoolExecutor$Worker.run(ThreadPoolExecutor.java:624)
	... 1 more
Caused by: org.apache.ratis.thirdparty.io.netty.channel.AbstractChannel$AnnotatedConnectException: Connection refused: /192.168.5.173:40856
	at sun.nio.ch.SocketChannelImpl.checkConnect(Native Method)
	at sun.nio.ch.SocketChannelImpl.finishConnect(SocketChannelImpl.java:717)
	at org.apache.ratis.thirdparty.io.netty.channel.socket.nio.NioSocketChannel.doFinishConnect(NioSocketChannel.java:327)
	at org.apache.ratis.thirdparty.io.netty.channel.nio.AbstractNioChannel$AbstractNioUnsafe.finishConnect(AbstractNioChannel.java:340)
	at org.apache.ratis.thirdparty.io.netty.channel.nio.NioEventLoop.processSelectedKey(NioEventLoop.java:632)
	at org.apache.ratis.thirdparty.io.netty.channel.nio.NioEventLoop.processSelectedKeysOptimized(NioEventLoop.java:579)
	at org.apache.ratis.thirdparty.io.netty.channel.nio.NioEventLoop.processSelectedKeys(NioEventLoop.java:496)
	at org.apache.ratis.thirdparty.io.netty.channel.nio.NioEventLoop.run(NioEventLoop.java:458)
	at org.apache.ratis.thirdparty.io.netty.util.concurrent.SingleThreadEventExecutor$5.run(SingleThreadEventExecutor.java:897)
	at org.apache.ratis.thirdparty.io.netty.util.concurrent.FastThreadLocalRunnable.run(FastThreadLocalRunnable.java:30)
	... 1 more
Caused by: java.net.ConnectException: Connection refused
	... 11 more
2019-08-22 17:49:30,393 [9c4ad1af-a9aa-4def-ae67-c9235e3b5814:group-55BFC9734161:LeaderElection80] INFO  impl.LeaderElection (LogUtils.java:infoOrTrace(149)) -   Exception 1: {}
java.util.concurrent.ExecutionException: org.apache.ratis.thirdparty.io.grpc.StatusRuntimeException: UNAVAILABLE: io exception
	at java.util.concurrent.FutureTask.report(FutureTask.java:122)
	at java.util.concurrent.FutureTask.get(FutureTask.java:192)
	at org.apache.ratis.server.impl.LeaderElection.waitForResults(LeaderElection.java:262)
	at org.apache.ratis.server.impl.LeaderElection.askForVotes(LeaderElection.java:200)
	at org.apache.ratis.server.impl.LeaderElection.run(LeaderElection.java:130)
	at java.lang.Thread.run(Thread.java:748)
Caused by: org.apache.ratis.thirdparty.io.grpc.StatusRuntimeException: UNAVAILABLE: io exception
	at org.apache.ratis.thirdparty.io.grpc.stub.ClientCalls.toStatusRuntimeException(ClientCalls.java:233)
	at org.apache.ratis.thirdparty.io.grpc.stub.ClientCalls.getUnchecked(ClientCalls.java:214)
	at org.apache.ratis.thirdparty.io.grpc.stub.ClientCalls.blockingUnaryCall(ClientCalls.java:139)
	at org.apache.ratis.proto.grpc.RaftServerProtocolServiceGrpc$RaftServerProtocolServiceBlockingStub.requestVote(RaftServerProtocolServiceGrpc.java:265)
	at org.apache.ratis.grpc.server.GrpcServerProtocolClient.requestVote(GrpcServerProtocolClient.java:83)
	at org.apache.ratis.grpc.server.GrpcService.requestVote(GrpcService.java:195)
	at org.apache.ratis.server.impl.LeaderElection.lambda$submitRequests$1(LeaderElection.java:237)
	at java.util.concurrent.FutureTask.run(FutureTask.java:266)
	at java.util.concurrent.Executors$RunnableAdapter.call(Executors.java:511)
	at java.util.concurrent.FutureTask.run(FutureTask.java:266)
	at java.util.concurrent.ThreadPoolExecutor.runWorker(ThreadPoolExecutor.java:1149)
	at java.util.concurrent.ThreadPoolExecutor$Worker.run(ThreadPoolExecutor.java:624)
	... 1 more
Caused by: org.apache.ratis.thirdparty.io.netty.channel.AbstractChannel$AnnotatedConnectException: Connection refused: /192.168.5.173:45258
	at sun.nio.ch.SocketChannelImpl.checkConnect(Native Method)
	at sun.nio.ch.SocketChannelImpl.finishConnect(SocketChannelImpl.java:717)
	at org.apache.ratis.thirdparty.io.netty.channel.socket.nio.NioSocketChannel.doFinishConnect(NioSocketChannel.java:327)
	at org.apache.ratis.thirdparty.io.netty.channel.nio.AbstractNioChannel$AbstractNioUnsafe.finishConnect(AbstractNioChannel.java:340)
	at org.apache.ratis.thirdparty.io.netty.channel.nio.NioEventLoop.processSelectedKey(NioEventLoop.java:632)
	at org.apache.ratis.thirdparty.io.netty.channel.nio.NioEventLoop.processSelectedKeysOptimized(NioEventLoop.java:579)
	at org.apache.ratis.thirdparty.io.netty.channel.nio.NioEventLoop.processSelectedKeys(NioEventLoop.java:496)
	at org.apache.ratis.thirdparty.io.netty.channel.nio.NioEventLoop.run(NioEventLoop.java:458)
	at org.apache.ratis.thirdparty.io.netty.util.concurrent.SingleThreadEventExecutor$5.run(SingleThreadEventExecutor.java:897)
	at org.apache.ratis.thirdparty.io.netty.util.concurrent.FastThreadLocalRunnable.run(FastThreadLocalRunnable.java:30)
	... 1 more
Caused by: java.net.ConnectException: Connection refused
	... 11 more
2019-08-22 17:49:30,394 [9c4ad1af-a9aa-4def-ae67-c9235e3b5814:group-55BFC9734161:LeaderElection80] INFO  impl.RaftServerImpl (RaftServerImpl.java:setRole(171)) - 9c4ad1af-a9aa-4def-ae67-c9235e3b5814:group-55BFC9734161 changes role from CANDIDATE to FOLLOWER at term 3 for DISCOVERED_A_NEW_TERM
2019-08-22 17:49:30,394 [9c4ad1af-a9aa-4def-ae67-c9235e3b5814:group-55BFC9734161:LeaderElection80] INFO  impl.RoleInfo (RoleInfo.java:shutdownLeaderElection(134)) - 9c4ad1af-a9aa-4def-ae67-c9235e3b5814: shutdown LeaderElection
2019-08-22 17:49:30,394 [9c4ad1af-a9aa-4def-ae67-c9235e3b5814:group-55BFC9734161:LeaderElection80] INFO  impl.RoleInfo (RoleInfo.java:updateAndGet(143)) - 9c4ad1af-a9aa-4def-ae67-c9235e3b5814: start FollowerState
2019-08-22 17:49:30,901 | INFO  | SCMAudit | user=jenkins1000 | ip=192.168.5.173 | op=SEND_HEARTBEAT {datanodeUUID=9e961f7d-2f80-48a7-b3ac-81f0a28e2c39, command=[]} | ret=SUCCESS |  
2019-08-22 17:49:31,177 | INFO  | SCMAudit | user=jenkins1000 | ip=192.168.5.173 | op=SEND_HEARTBEAT {datanodeUUID=9c4ad1af-a9aa-4def-ae67-c9235e3b5814, command=[]} | ret=SUCCESS |  
2019-08-22 17:49:31,901 | INFO  | SCMAudit | user=jenkins1000 | ip=192.168.5.173 | op=SEND_HEARTBEAT {datanodeUUID=9e961f7d-2f80-48a7-b3ac-81f0a28e2c39, command=[]} | ret=SUCCESS |  
2019-08-22 17:49:31,981 [EventQueue-StaleNodeForStaleNodeHandler] INFO  node.StaleNodeHandler (StaleNodeHandler.java:onMessage(58)) - Datanode bab19725-b868-4c18-8e7b-ccd18f49c2c6{ip: 192.168.5.173, host: pr-hdds-1808-4dtdn-3774871440, networkLocation: /default-rack, certSerialId: null} moved to stale state. Finalizing its pipelines [PipelineID=c9d7f09d-da11-47af-8bd1-f3f08accd95b]
2019-08-22 17:49:31,981 [EventQueue-StaleNodeForStaleNodeHandler] INFO  pipeline.SCMPipelineManager (SCMPipelineManager.java:finalizeAndDestroyPipeline(309)) - destroying pipeline:Pipeline[ Id: c9d7f09d-da11-47af-8bd1-f3f08accd95b, Nodes: bab19725-b868-4c18-8e7b-ccd18f49c2c6{ip: 192.168.5.173, host: pr-hdds-1808-4dtdn-3774871440, networkLocation: /default-rack, certSerialId: null}, Type:RATIS, Factor:ONE, State:OPEN]
2019-08-22 17:49:31,982 [EventQueue-StaleNodeForStaleNodeHandler] INFO  pipeline.PipelineStateManager (PipelineStateManager.java:finalizePipeline(123)) - Pipeline Pipeline[ Id: c9d7f09d-da11-47af-8bd1-f3f08accd95b, Nodes: bab19725-b868-4c18-8e7b-ccd18f49c2c6{ip: 192.168.5.173, host: pr-hdds-1808-4dtdn-3774871440, networkLocation: /default-rack, certSerialId: null}, Type:RATIS, Factor:ONE, State:CLOSED] moved to CLOSED state
2019-08-22 17:49:31,982 [EventQueue-StaleNodeForStaleNodeHandler] INFO  node.StaleNodeHandler (StaleNodeHandler.java:onMessage(58)) - Datanode e511989b-68ab-45c1-a797-44c33b51afe6{ip: 192.168.5.173, host: pr-hdds-1808-4dtdn-3774871440, networkLocation: /default-rack, certSerialId: null} moved to stale state. Finalizing its pipelines [PipelineID=89aef94e-7693-4895-9f7d-09d403f8362c, PipelineID=39526130-6b82-4aab-b4d6-7055fcabb4dd]
2019-08-22 17:49:31,982 [EventQueue-StaleNodeForStaleNodeHandler] INFO  pipeline.SCMPipelineManager (SCMPipelineManager.java:finalizeAndDestroyPipeline(309)) - destroying pipeline:Pipeline[ Id: 89aef94e-7693-4895-9f7d-09d403f8362c, Nodes: e511989b-68ab-45c1-a797-44c33b51afe6{ip: 192.168.5.173, host: pr-hdds-1808-4dtdn-3774871440, networkLocation: /default-rack, certSerialId: null}, Type:RATIS, Factor:ONE, State:OPEN]
2019-08-22 17:49:31,982 [EventQueue-StaleNodeForStaleNodeHandler] INFO  pipeline.PipelineStateManager (PipelineStateManager.java:finalizePipeline(123)) - Pipeline Pipeline[ Id: 89aef94e-7693-4895-9f7d-09d403f8362c, Nodes: e511989b-68ab-45c1-a797-44c33b51afe6{ip: 192.168.5.173, host: pr-hdds-1808-4dtdn-3774871440, networkLocation: /default-rack, certSerialId: null}, Type:RATIS, Factor:ONE, State:CLOSED] moved to CLOSED state
2019-08-22 17:49:31,982 [EventQueue-StaleNodeForStaleNodeHandler] INFO  pipeline.SCMPipelineManager (SCMPipelineManager.java:finalizeAndDestroyPipeline(309)) - destroying pipeline:Pipeline[ Id: 39526130-6b82-4aab-b4d6-7055fcabb4dd, Nodes: e511989b-68ab-45c1-a797-44c33b51afe6{ip: 192.168.5.173, host: pr-hdds-1808-4dtdn-3774871440, networkLocation: /default-rack, certSerialId: null}9e961f7d-2f80-48a7-b3ac-81f0a28e2c39{ip: 192.168.5.173, host: pr-hdds-1808-4dtdn-3774871440, networkLocation: /default-rack, certSerialId: null}41476450-f699-485d-b75b-cc9c7bcae223{ip: 192.168.5.173, host: pr-hdds-1808-4dtdn-3774871440, networkLocation: /default-rack, certSerialId: null}, Type:RATIS, Factor:THREE, State:CLOSED]
2019-08-22 17:49:32,058 [main] INFO  ozoneimpl.OzoneContainer (OzoneContainer.java:stop(199)) - Attempting to stop container services.
2019-08-22 17:49:32,059 [ForkJoinPool.commonPool-worker-0] INFO  ozoneimpl.OzoneContainer (OzoneContainer.java:stop(199)) - Attempting to stop container services.
2019-08-22 17:49:32,059 [main] INFO  impl.RaftServerProxy (RaftServerProxy.java:lambda$close$4(314)) - bab19725-b868-4c18-8e7b-ccd18f49c2c6: close
2019-08-22 17:49:32,060 [ForkJoinPool.commonPool-worker-0] INFO  impl.RaftServerProxy (RaftServerProxy.java:lambda$close$4(314)) - e511989b-68ab-45c1-a797-44c33b51afe6: close
2019-08-22 17:49:32,060 [main] INFO  impl.RaftServerImpl (RaftServerImpl.java:lambda$shutdown$3(245)) - bab19725-b868-4c18-8e7b-ccd18f49c2c6: shutdown group-F3F08ACCD95B
2019-08-22 17:49:32,060 [ForkJoinPool.commonPool-worker-0] INFO  impl.RaftServerImpl (RaftServerImpl.java:lambda$shutdown$3(245)) - e511989b-68ab-45c1-a797-44c33b51afe6: shutdown group-09D403F8362C
2019-08-22 17:49:32,061 [main] INFO  util.JmxRegister (JmxRegister.java:unregister(73)) - Successfully un-registered JMX Bean with object name Ratis:service=RaftServer,group=group-F3F08ACCD95B,id=bab19725-b868-4c18-8e7b-ccd18f49c2c6
2019-08-22 17:49:32,061 [ForkJoinPool.commonPool-worker-0] INFO  util.JmxRegister (JmxRegister.java:unregister(73)) - Successfully un-registered JMX Bean with object name Ratis:service=RaftServer,group=group-09D403F8362C,id=e511989b-68ab-45c1-a797-44c33b51afe6
2019-08-22 17:49:32,061 [main] INFO  impl.RoleInfo (RoleInfo.java:shutdownLeaderState(104)) - bab19725-b868-4c18-8e7b-ccd18f49c2c6: shutdown LeaderState
2019-08-22 17:49:32,062 [ForkJoinPool.commonPool-worker-0] INFO  impl.RoleInfo (RoleInfo.java:shutdownLeaderState(104)) - e511989b-68ab-45c1-a797-44c33b51afe6: shutdown LeaderState
2019-08-22 17:49:32,062 [main] INFO  impl.PendingRequests (PendingRequests.java:sendNotLeaderResponses(202)) - bab19725-b868-4c18-8e7b-ccd18f49c2c6-PendingRequests: sendNotLeaderResponses
2019-08-22 17:49:32,062 [ForkJoinPool.commonPool-worker-0] INFO  impl.PendingRequests (PendingRequests.java:sendNotLeaderResponses(202)) - e511989b-68ab-45c1-a797-44c33b51afe6-PendingRequests: sendNotLeaderResponses
2019-08-22 17:49:32,063 [main] INFO  impl.StateMachineUpdater (StateMachineUpdater.java:stopAndJoin(115)) - StateMachineUpdater:bab19725-b868-4c18-8e7b-ccd18f49c2c6:group-F3F08ACCD95B: set stopIndex = 0
2019-08-22 17:49:32,063 [ForkJoinPool.commonPool-worker-0] INFO  impl.StateMachineUpdater (StateMachineUpdater.java:stopAndJoin(115)) - StateMachineUpdater:e511989b-68ab-45c1-a797-44c33b51afe6:group-09D403F8362C: set stopIndex = 0
2019-08-22 17:49:32,064 [main] INFO  impl.RaftServerImpl (ServerState.java:close(394)) - bab19725-b868-4c18-8e7b-ccd18f49c2c6:group-F3F08ACCD95B closes. The last applied log index is 0
2019-08-22 17:49:32,064 [ForkJoinPool.commonPool-worker-0] INFO  impl.RaftServerImpl (ServerState.java:close(394)) - e511989b-68ab-45c1-a797-44c33b51afe6:group-09D403F8362C closes. The last applied log index is 0
2019-08-22 17:49:32,065 [bab19725-b868-4c18-8e7b-ccd18f49c2c6-SegmentedRaftLogWorker:Storage Directory /workdir/hadoop-ozone/integration-test/target/test-dir/MiniOzoneClusterImpl-3fcad3f5-9634-4478-a239-7449fe26e55e/datanode-6/data/ratis/c9d7f09d-da11-47af-8bd1-f3f08accd95b] INFO  segmented.SegmentedRaftLogWorker (SegmentedRaftLogWorker.java:run(313)) - bab19725-b868-4c18-8e7b-ccd18f49c2c6-SegmentedRaftLogWorker:Storage Directory /workdir/hadoop-ozone/integration-test/target/test-dir/MiniOzoneClusterImpl-3fcad3f5-9634-4478-a239-7449fe26e55e/datanode-6/data/ratis/c9d7f09d-da11-47af-8bd1-f3f08accd95b was interrupted, exiting. There are 0 tasks remaining in the queue.
2019-08-22 17:49:32,065 [e511989b-68ab-45c1-a797-44c33b51afe6-SegmentedRaftLogWorker:Storage Directory /workdir/hadoop-ozone/integration-test/target/test-dir/MiniOzoneClusterImpl-3fcad3f5-9634-4478-a239-7449fe26e55e/datanode-2/data/ratis/89aef94e-7693-4895-9f7d-09d403f8362c] INFO  segmented.SegmentedRaftLogWorker (SegmentedRaftLogWorker.java:run(313)) - e511989b-68ab-45c1-a797-44c33b51afe6-SegmentedRaftLogWorker:Storage Directory /workdir/hadoop-ozone/integration-test/target/test-dir/MiniOzoneClusterImpl-3fcad3f5-9634-4478-a239-7449fe26e55e/datanode-2/data/ratis/89aef94e-7693-4895-9f7d-09d403f8362c was interrupted, exiting. There are 0 tasks remaining in the queue.
2019-08-22 17:49:32,068 [main] INFO  segmented.SegmentedRaftLogWorker (SegmentedRaftLogWorker.java:close(228)) - bab19725-b868-4c18-8e7b-ccd18f49c2c6-SegmentedRaftLogWorker:Storage Directory /workdir/hadoop-ozone/integration-test/target/test-dir/MiniOzoneClusterImpl-3fcad3f5-9634-4478-a239-7449fe26e55e/datanode-6/data/ratis/c9d7f09d-da11-47af-8bd1-f3f08accd95b close()
2019-08-22 17:49:32,070 [ForkJoinPool.commonPool-worker-0] INFO  segmented.SegmentedRaftLogWorker (SegmentedRaftLogWorker.java:close(228)) - e511989b-68ab-45c1-a797-44c33b51afe6-SegmentedRaftLogWorker:Storage Directory /workdir/hadoop-ozone/integration-test/target/test-dir/MiniOzoneClusterImpl-3fcad3f5-9634-4478-a239-7449fe26e55e/datanode-2/data/ratis/89aef94e-7693-4895-9f7d-09d403f8362c close()
2019-08-22 17:49:32,074 [main] INFO  server.GrpcService (GrpcService.java:closeImpl(155)) - bab19725-b868-4c18-8e7b-ccd18f49c2c6: shutdown server with port 44895 now
2019-08-22 17:49:32,077 [ForkJoinPool.commonPool-worker-0] INFO  impl.RaftServerImpl (RaftServerImpl.java:lambda$shutdown$3(245)) - e511989b-68ab-45c1-a797-44c33b51afe6: shutdown group-7055FCABB4DD
2019-08-22 17:49:32,077 [main] INFO  server.GrpcService (GrpcService.java:closeImpl(163)) - bab19725-b868-4c18-8e7b-ccd18f49c2c6: shutdown server with port 44895 successfully
2019-08-22 17:49:32,077 [ForkJoinPool.commonPool-worker-0] INFO  util.JmxRegister (JmxRegister.java:unregister(73)) - Successfully un-registered JMX Bean with object name Ratis:service=RaftServer,group=group-7055FCABB4DD,id=e511989b-68ab-45c1-a797-44c33b51afe6
2019-08-22 17:49:32,078 [ForkJoinPool.commonPool-worker-0] INFO  impl.RoleInfo (RoleInfo.java:shutdownFollowerState(121)) - e511989b-68ab-45c1-a797-44c33b51afe6: shutdown FollowerState
2019-08-22 17:49:32,078 [ForkJoinPool.commonPool-worker-0] INFO  impl.StateMachineUpdater (StateMachineUpdater.java:stopAndJoin(115)) - StateMachineUpdater:e511989b-68ab-45c1-a797-44c33b51afe6:group-7055FCABB4DD: set stopIndex = 18
2019-08-22 17:49:32,079 [StateMachineUpdater:e511989b-68ab-45c1-a797-44c33b51afe6:group-7055FCABB4DD] INFO  ratis.ContainerStateMachine (ContainerStateMachine.java:takeSnapshot(283)) - group-7055FCABB4DD: Taking a snapshot at:(t:3, i:16) file /workdir/hadoop-ozone/integration-test/target/test-dir/MiniOzoneClusterImpl-3fcad3f5-9634-4478-a239-7449fe26e55e/datanode-2/data/ratis/39526130-6b82-4aab-b4d6-7055fcabb4dd/sm/snapshot.3_16
2019-08-22 17:49:32,079 [Thread-3455] INFO  impl.FollowerState (FollowerState.java:run(114)) - e511989b-68ab-45c1-a797-44c33b51afe6: FollowerState was interrupted: java.lang.InterruptedException: sleep interrupted
2019-08-22 17:49:32,079 [main] INFO  utils.BackgroundService (BackgroundService.java:shutdown(148)) - Shutting down service BlockDeletingService
2019-08-22 17:49:32,083 [refreshUsed-/workdir/hadoop-ozone/integration-test/target/test-dir/MiniOzoneClusterImpl-3fcad3f5-9634-4478-a239-7449fe26e55e/datanode-6/data/containers] WARN  fs.CachingGetSpaceUsed (CachingGetSpaceUsed.java:run(183)) - Thread Interrupted waiting to refresh disk information: sleep interrupted
2019-08-22 17:49:32,092 [StateMachineUpdater:e511989b-68ab-45c1-a797-44c33b51afe6:group-7055FCABB4DD] INFO  ratis.ContainerStateMachine (ContainerStateMachine.java:takeSnapshot(294)) - group-7055FCABB4DD: Finished taking a snapshot at:(t:3, i:16) file:/workdir/hadoop-ozone/integration-test/target/test-dir/MiniOzoneClusterImpl-3fcad3f5-9634-4478-a239-7449fe26e55e/datanode-2/data/ratis/39526130-6b82-4aab-b4d6-7055fcabb4dd/sm/snapshot.3_16 time:14
2019-08-22 17:49:32,092 [StateMachineUpdater:e511989b-68ab-45c1-a797-44c33b51afe6:group-7055FCABB4DD] INFO  impl.StateMachineUpdater (StateMachineUpdater.java:takeSnapshot(242)) - StateMachineUpdater:e511989b-68ab-45c1-a797-44c33b51afe6:group-7055FCABB4DD: Took a snapshot at index 16
2019-08-22 17:49:32,093 [StateMachineUpdater:e511989b-68ab-45c1-a797-44c33b51afe6:group-7055FCABB4DD] INFO  impl.StateMachineUpdater (StateMachineUpdater.java:lambda$new$0(80)) - StateMachineUpdater:e511989b-68ab-45c1-a797-44c33b51afe6:group-7055FCABB4DD: snapshotIndex: updateIncreasingly -1 -> 16
2019-08-22 17:49:32,093 [ForkJoinPool.commonPool-worker-0] INFO  impl.RaftServerImpl (ServerState.java:close(394)) - e511989b-68ab-45c1-a797-44c33b51afe6:group-7055FCABB4DD closes. The last applied log index is 18
2019-08-22 17:49:32,094 [e511989b-68ab-45c1-a797-44c33b51afe6-SegmentedRaftLogWorker:Storage Directory /workdir/hadoop-ozone/integration-test/target/test-dir/MiniOzoneClusterImpl-3fcad3f5-9634-4478-a239-7449fe26e55e/datanode-2/data/ratis/39526130-6b82-4aab-b4d6-7055fcabb4dd] INFO  segmented.SegmentedRaftLogWorker (SegmentedRaftLogWorker.java:run(313)) - e511989b-68ab-45c1-a797-44c33b51afe6-SegmentedRaftLogWorker:Storage Directory /workdir/hadoop-ozone/integration-test/target/test-dir/MiniOzoneClusterImpl-3fcad3f5-9634-4478-a239-7449fe26e55e/datanode-2/data/ratis/39526130-6b82-4aab-b4d6-7055fcabb4dd was interrupted, exiting. There are 0 tasks remaining in the queue.
2019-08-22 17:49:32,096 [ForkJoinPool.commonPool-worker-0] INFO  segmented.SegmentedRaftLogWorker (SegmentedRaftLogWorker.java:close(228)) - e511989b-68ab-45c1-a797-44c33b51afe6-SegmentedRaftLogWorker:Storage Directory /workdir/hadoop-ozone/integration-test/target/test-dir/MiniOzoneClusterImpl-3fcad3f5-9634-4478-a239-7449fe26e55e/datanode-2/data/ratis/39526130-6b82-4aab-b4d6-7055fcabb4dd close()
2019-08-22 17:49:32,099 [ForkJoinPool.commonPool-worker-0] INFO  server.GrpcService (GrpcService.java:closeImpl(155)) - e511989b-68ab-45c1-a797-44c33b51afe6: shutdown server with port 45396 now
2019-08-22 17:49:32,100 [ForkJoinPool.commonPool-worker-0] INFO  server.GrpcService (GrpcService.java:closeImpl(163)) - e511989b-68ab-45c1-a797-44c33b51afe6: shutdown server with port 45396 successfully
2019-08-22 17:49:32,101 [ForkJoinPool.commonPool-worker-0] INFO  utils.BackgroundService (BackgroundService.java:shutdown(148)) - Shutting down service BlockDeletingService
2019-08-22 17:49:32,104 [refreshUsed-/workdir/hadoop-ozone/integration-test/target/test-dir/MiniOzoneClusterImpl-3fcad3f5-9634-4478-a239-7449fe26e55e/datanode-2/data/containers] WARN  fs.CachingGetSpaceUsed (CachingGetSpaceUsed.java:run(183)) - Thread Interrupted waiting to refresh disk information: sleep interrupted
2019-08-22 17:49:32,110 [main] INFO  statemachine.DatanodeStateMachine (DatanodeStateMachine.java:stopDaemon(395)) - Ozone container server stopped.
2019-08-22 17:49:32,111 [main] INFO  handler.ContextHandler (ContextHandler.java:doStop(910)) - Stopped o.e.j.w.WebAppContext@360b6ea1{/,null,UNAVAILABLE}{/hddsDatanode}
2019-08-22 17:49:32,113 [main] INFO  server.AbstractConnector (AbstractConnector.java:doStop(318)) - Stopped ServerConnector@7aead157{HTTP/1.1,[http/1.1]}{0.0.0.0:0}
2019-08-22 17:49:32,114 [main] INFO  handler.ContextHandler (ContextHandler.java:doStop(910)) - Stopped o.e.j.s.ServletContextHandler@2cf29dce{/static,jar:file:/home/user/.m2/repository/org/apache/hadoop/hadoop-hdds-container-service/0.5.0-SNAPSHOT/hadoop-hdds-container-service-0.5.0-SNAPSHOT.jar!/webapps/static,UNAVAILABLE}
2019-08-22 17:49:32,114 [main] INFO  handler.ContextHandler (ContextHandler.java:doStop(910)) - Stopped o.e.j.s.ServletContextHandler@6b438782{/logs,file:///workdir/hadoop-ozone/integration-test/target/log,UNAVAILABLE}
2019-08-22 17:49:32,115 [main] INFO  datanode.ObjectStoreHandler (ObjectStoreHandler.java:close(155)) - Closing ObjectStoreHandler.
2019-08-22 17:49:32,116 [main] INFO  ozone.HddsDatanodeService (HddsDatanodeService.java:stop(451)) - Stopped plug-in org.apache.hadoop.ozone.web.OzoneHddsDatanodeService@567412db
2019-08-22 17:49:32,126 [ForkJoinPool.commonPool-worker-0] INFO  statemachine.DatanodeStateMachine (DatanodeStateMachine.java:stopDaemon(395)) - Ozone container server stopped.
2019-08-22 17:49:32,129 [ForkJoinPool.commonPool-worker-0] INFO  handler.ContextHandler (ContextHandler.java:doStop(910)) - Stopped o.e.j.w.WebAppContext@17c3e33{/,null,UNAVAILABLE}{/hddsDatanode}
2019-08-22 17:49:32,130 [ForkJoinPool.commonPool-worker-0] INFO  server.AbstractConnector (AbstractConnector.java:doStop(318)) - Stopped ServerConnector@2eb27091{HTTP/1.1,[http/1.1]}{0.0.0.0:0}
2019-08-22 17:49:32,131 [ForkJoinPool.commonPool-worker-0] INFO  handler.ContextHandler (ContextHandler.java:doStop(910)) - Stopped o.e.j.s.ServletContextHandler@796687de{/static,jar:file:/home/user/.m2/repository/org/apache/hadoop/hadoop-hdds-container-service/0.5.0-SNAPSHOT/hadoop-hdds-container-service-0.5.0-SNAPSHOT.jar!/webapps/static,UNAVAILABLE}
2019-08-22 17:49:32,132 [ForkJoinPool.commonPool-worker-0] INFO  handler.ContextHandler (ContextHandler.java:doStop(910)) - Stopped o.e.j.s.ServletContextHandler@4cdb7fd9{/logs,file:///workdir/hadoop-ozone/integration-test/target/log,UNAVAILABLE}
2019-08-22 17:49:32,133 [ForkJoinPool.commonPool-worker-0] INFO  datanode.ObjectStoreHandler (ObjectStoreHandler.java:close(155)) - Closing ObjectStoreHandler.
2019-08-22 17:49:32,133 [ForkJoinPool.commonPool-worker-0] INFO  ozone.HddsDatanodeService (HddsDatanodeService.java:stop(451)) - Stopped plug-in org.apache.hadoop.ozone.web.OzoneHddsDatanodeService@416bff93
2019-08-22 17:49:32,177 [Datanode State Machine Thread - 0] INFO  statemachine.DatanodeStateMachine (DatanodeStateMachine.java:lambda$startDaemon$0(350)) - Ozone container server started.
2019-08-22 17:49:32,900 [Datanode State Machine Thread - 0] INFO  statemachine.DatanodeStateMachine (DatanodeStateMachine.java:lambda$startDaemon$0(350)) - Ozone container server started.
2019-08-22 17:49:34,977 [Thread-3456] INFO  impl.FollowerState (FollowerState.java:run(106)) - 9e961f7d-2f80-48a7-b3ac-81f0a28e2c39:group-7055FCABB4DD changes to CANDIDATE, lastRpcTime:8092, electionTimeout:5195ms
2019-08-22 17:49:34,977 [Thread-3456] INFO  impl.RoleInfo (RoleInfo.java:shutdownFollowerState(121)) - 9e961f7d-2f80-48a7-b3ac-81f0a28e2c39: shutdown FollowerState
2019-08-22 17:49:34,977 [Thread-3456] INFO  impl.RaftServerImpl (RaftServerImpl.java:setRole(171)) - 9e961f7d-2f80-48a7-b3ac-81f0a28e2c39:group-7055FCABB4DD changes role from FOLLOWER to CANDIDATE at term 3 for changeToCandidate
2019-08-22 17:49:34,977 [Thread-3456] INFO  impl.RoleInfo (RoleInfo.java:updateAndGet(143)) - 9e961f7d-2f80-48a7-b3ac-81f0a28e2c39: start LeaderElection
2019-08-22 17:49:34,978 [9e961f7d-2f80-48a7-b3ac-81f0a28e2c39:group-7055FCABB4DD:LeaderElection81] INFO  impl.RaftServerImpl (ServerState.java:setLeader(263)) - 9e961f7d-2f80-48a7-b3ac-81f0a28e2c39:group-7055FCABB4DD change Leader from 41476450-f699-485d-b75b-cc9c7bcae223 to null at term 3 for initElection
2019-08-22 17:49:34,992 [9e961f7d-2f80-48a7-b3ac-81f0a28e2c39:group-7055FCABB4DD:LeaderElection81] INFO  impl.LeaderElection (LeaderElection.java:askForVotes(181)) - 9e961f7d-2f80-48a7-b3ac-81f0a28e2c39:group-7055FCABB4DD:LeaderElection81: begin an election at term 4 for 1: [9e961f7d-2f80-48a7-b3ac-81f0a28e2c39:192.168.5.173:34389, 41476450-f699-485d-b75b-cc9c7bcae223:192.168.5.173:39265, e511989b-68ab-45c1-a797-44c33b51afe6:192.168.5.173:45396], old=null
2019-08-22 17:49:34,996 [9e961f7d-2f80-48a7-b3ac-81f0a28e2c39:group-7055FCABB4DD:LeaderElection81] INFO  impl.LeaderElection (LogUtils.java:infoOrTrace(149)) - 9e961f7d-2f80-48a7-b3ac-81f0a28e2c39:group-7055FCABB4DD:LeaderElection81 got exception when requesting votes: {}
java.util.concurrent.ExecutionException: org.apache.ratis.thirdparty.io.grpc.StatusRuntimeException: UNAVAILABLE: io exception
	at java.util.concurrent.FutureTask.report(FutureTask.java:122)
	at java.util.concurrent.FutureTask.get(FutureTask.java:192)
	at org.apache.ratis.server.impl.LeaderElection.waitForResults(LeaderElection.java:262)
	at org.apache.ratis.server.impl.LeaderElection.askForVotes(LeaderElection.java:200)
	at org.apache.ratis.server.impl.LeaderElection.run(LeaderElection.java:130)
	at java.lang.Thread.run(Thread.java:748)
Caused by: org.apache.ratis.thirdparty.io.grpc.StatusRuntimeException: UNAVAILABLE: io exception
	at org.apache.ratis.thirdparty.io.grpc.stub.ClientCalls.toStatusRuntimeException(ClientCalls.java:233)
	at org.apache.ratis.thirdparty.io.grpc.stub.ClientCalls.getUnchecked(ClientCalls.java:214)
	at org.apache.ratis.thirdparty.io.grpc.stub.ClientCalls.blockingUnaryCall(ClientCalls.java:139)
	at org.apache.ratis.proto.grpc.RaftServerProtocolServiceGrpc$RaftServerProtocolServiceBlockingStub.requestVote(RaftServerProtocolServiceGrpc.java:265)
	at org.apache.ratis.grpc.server.GrpcServerProtocolClient.requestVote(GrpcServerProtocolClient.java:83)
	at org.apache.ratis.grpc.server.GrpcService.requestVote(GrpcService.java:195)
	at org.apache.ratis.server.impl.LeaderElection.lambda$submitRequests$1(LeaderElection.java:237)
	at java.util.concurrent.FutureTask.run(FutureTask.java:266)
	at java.util.concurrent.Executors$RunnableAdapter.call(Executors.java:511)
	at java.util.concurrent.FutureTask.run(FutureTask.java:266)
	at java.util.concurrent.ThreadPoolExecutor.runWorker(ThreadPoolExecutor.java:1149)
	at java.util.concurrent.ThreadPoolExecutor$Worker.run(ThreadPoolExecutor.java:624)
	... 1 more
Caused by: org.apache.ratis.thirdparty.io.netty.channel.AbstractChannel$AnnotatedConnectException: Connection refused: /192.168.5.173:45396
	at sun.nio.ch.SocketChannelImpl.checkConnect(Native Method)
	at sun.nio.ch.SocketChannelImpl.finishConnect(SocketChannelImpl.java:717)
	at org.apache.ratis.thirdparty.io.netty.channel.socket.nio.NioSocketChannel.doFinishConnect(NioSocketChannel.java:327)
	at org.apache.ratis.thirdparty.io.netty.channel.nio.AbstractNioChannel$AbstractNioUnsafe.finishConnect(AbstractNioChannel.java:340)
	at org.apache.ratis.thirdparty.io.netty.channel.nio.NioEventLoop.processSelectedKey(NioEventLoop.java:632)
	at org.apache.ratis.thirdparty.io.netty.channel.nio.NioEventLoop.processSelectedKeysOptimized(NioEventLoop.java:579)
	at org.apache.ratis.thirdparty.io.netty.channel.nio.NioEventLoop.processSelectedKeys(NioEventLoop.java:496)
	at org.apache.ratis.thirdparty.io.netty.channel.nio.NioEventLoop.run(NioEventLoop.java:458)
	at org.apache.ratis.thirdparty.io.netty.util.concurrent.SingleThreadEventExecutor$5.run(SingleThreadEventExecutor.java:897)
	at org.apache.ratis.thirdparty.io.netty.util.concurrent.FastThreadLocalRunnable.run(FastThreadLocalRunnable.java:30)
	... 1 more
Caused by: java.net.ConnectException: Connection refused
	... 11 more
2019-08-22 17:49:34,998 [9e961f7d-2f80-48a7-b3ac-81f0a28e2c39:group-7055FCABB4DD:LeaderElection81] INFO  impl.LeaderElection (LogUtils.java:infoOrTrace(149)) - 9e961f7d-2f80-48a7-b3ac-81f0a28e2c39:group-7055FCABB4DD:LeaderElection81 got exception when requesting votes: {}
java.util.concurrent.ExecutionException: org.apache.ratis.thirdparty.io.grpc.StatusRuntimeException: UNAVAILABLE: io exception
	at java.util.concurrent.FutureTask.report(FutureTask.java:122)
	at java.util.concurrent.FutureTask.get(FutureTask.java:192)
	at org.apache.ratis.server.impl.LeaderElection.waitForResults(LeaderElection.java:262)
	at org.apache.ratis.server.impl.LeaderElection.askForVotes(LeaderElection.java:200)
	at org.apache.ratis.server.impl.LeaderElection.run(LeaderElection.java:130)
	at java.lang.Thread.run(Thread.java:748)
Caused by: org.apache.ratis.thirdparty.io.grpc.StatusRuntimeException: UNAVAILABLE: io exception
	at org.apache.ratis.thirdparty.io.grpc.stub.ClientCalls.toStatusRuntimeException(ClientCalls.java:233)
	at org.apache.ratis.thirdparty.io.grpc.stub.ClientCalls.getUnchecked(ClientCalls.java:214)
	at org.apache.ratis.thirdparty.io.grpc.stub.ClientCalls.blockingUnaryCall(ClientCalls.java:139)
	at org.apache.ratis.proto.grpc.RaftServerProtocolServiceGrpc$RaftServerProtocolServiceBlockingStub.requestVote(RaftServerProtocolServiceGrpc.java:265)
	at org.apache.ratis.grpc.server.GrpcServerProtocolClient.requestVote(GrpcServerProtocolClient.java:83)
	at org.apache.ratis.grpc.server.GrpcService.requestVote(GrpcService.java:195)
	at org.apache.ratis.server.impl.LeaderElection.lambda$submitRequests$1(LeaderElection.java:237)
	at java.util.concurrent.FutureTask.run(FutureTask.java:266)
	at java.util.concurrent.Executors$RunnableAdapter.call(Executors.java:511)
	at java.util.concurrent.FutureTask.run(FutureTask.java:266)
	at java.util.concurrent.ThreadPoolExecutor.runWorker(ThreadPoolExecutor.java:1149)
	at java.util.concurrent.ThreadPoolExecutor$Worker.run(ThreadPoolExecutor.java:624)
	... 1 more
Caused by: org.apache.ratis.thirdparty.io.netty.channel.AbstractChannel$AnnotatedConnectException: Connection refused: /192.168.5.173:39265
	at sun.nio.ch.SocketChannelImpl.checkConnect(Native Method)
	at sun.nio.ch.SocketChannelImpl.finishConnect(SocketChannelImpl.java:717)
	at org.apache.ratis.thirdparty.io.netty.channel.socket.nio.NioSocketChannel.doFinishConnect(NioSocketChannel.java:327)
	at org.apache.ratis.thirdparty.io.netty.channel.nio.AbstractNioChannel$AbstractNioUnsafe.finishConnect(AbstractNioChannel.java:340)
	at org.apache.ratis.thirdparty.io.netty.channel.nio.NioEventLoop.processSelectedKey(NioEventLoop.java:632)
	at org.apache.ratis.thirdparty.io.netty.channel.nio.NioEventLoop.processSelectedKeysOptimized(NioEventLoop.java:579)
	at org.apache.ratis.thirdparty.io.netty.channel.nio.NioEventLoop.processSelectedKeys(NioEventLoop.java:496)
	at org.apache.ratis.thirdparty.io.netty.channel.nio.NioEventLoop.run(NioEventLoop.java:458)
	at org.apache.ratis.thirdparty.io.netty.util.concurrent.SingleThreadEventExecutor$5.run(SingleThreadEventExecutor.java:897)
	at org.apache.ratis.thirdparty.io.netty.util.concurrent.FastThreadLocalRunnable.run(FastThreadLocalRunnable.java:30)
	... 1 more
Caused by: java.net.ConnectException: Connection refused
	... 11 more
2019-08-22 17:49:35,000 [9e961f7d-2f80-48a7-b3ac-81f0a28e2c39:group-7055FCABB4DD:LeaderElection81] INFO  impl.LeaderElection (LeaderElection.java:logAndReturn(56)) - 9e961f7d-2f80-48a7-b3ac-81f0a28e2c39:group-7055FCABB4DD:LeaderElection81: Election REJECTED; received 0 response(s) [] and 2 exception(s); 9e961f7d-2f80-48a7-b3ac-81f0a28e2c39:t4, leader=null, voted=9e961f7d-2f80-48a7-b3ac-81f0a28e2c39, raftlog=9e961f7d-2f80-48a7-b3ac-81f0a28e2c39-SegmentedRaftLog:OPENED:c18,f18,i18, conf=1: [9e961f7d-2f80-48a7-b3ac-81f0a28e2c39:192.168.5.173:34389, 41476450-f699-485d-b75b-cc9c7bcae223:192.168.5.173:39265, e511989b-68ab-45c1-a797-44c33b51afe6:192.168.5.173:45396], old=null
2019-08-22 17:49:35,000 [9e961f7d-2f80-48a7-b3ac-81f0a28e2c39:group-7055FCABB4DD:LeaderElection81] INFO  impl.LeaderElection (LogUtils.java:infoOrTrace(149)) -   Exception 0: {}
java.util.concurrent.ExecutionException: org.apache.ratis.thirdparty.io.grpc.StatusRuntimeException: UNAVAILABLE: io exception
	at java.util.concurrent.FutureTask.report(FutureTask.java:122)
	at java.util.concurrent.FutureTask.get(FutureTask.java:192)
	at org.apache.ratis.server.impl.LeaderElection.waitForResults(LeaderElection.java:262)
	at org.apache.ratis.server.impl.LeaderElection.askForVotes(LeaderElection.java:200)
	at org.apache.ratis.server.impl.LeaderElection.run(LeaderElection.java:130)
	at java.lang.Thread.run(Thread.java:748)
Caused by: org.apache.ratis.thirdparty.io.grpc.StatusRuntimeException: UNAVAILABLE: io exception
	at org.apache.ratis.thirdparty.io.grpc.stub.ClientCalls.toStatusRuntimeException(ClientCalls.java:233)
	at org.apache.ratis.thirdparty.io.grpc.stub.ClientCalls.getUnchecked(ClientCalls.java:214)
	at org.apache.ratis.thirdparty.io.grpc.stub.ClientCalls.blockingUnaryCall(ClientCalls.java:139)
	at org.apache.ratis.proto.grpc.RaftServerProtocolServiceGrpc$RaftServerProtocolServiceBlockingStub.requestVote(RaftServerProtocolServiceGrpc.java:265)
	at org.apache.ratis.grpc.server.GrpcServerProtocolClient.requestVote(GrpcServerProtocolClient.java:83)
	at org.apache.ratis.grpc.server.GrpcService.requestVote(GrpcService.java:195)
	at org.apache.ratis.server.impl.LeaderElection.lambda$submitRequests$1(LeaderElection.java:237)
	at java.util.concurrent.FutureTask.run(FutureTask.java:266)
	at java.util.concurrent.Executors$RunnableAdapter.call(Executors.java:511)
	at java.util.concurrent.FutureTask.run(FutureTask.java:266)
	at java.util.concurrent.ThreadPoolExecutor.runWorker(ThreadPoolExecutor.java:1149)
	at java.util.concurrent.ThreadPoolExecutor$Worker.run(ThreadPoolExecutor.java:624)
	... 1 more
Caused by: org.apache.ratis.thirdparty.io.netty.channel.AbstractChannel$AnnotatedConnectException: Connection refused: /192.168.5.173:45396
	at sun.nio.ch.SocketChannelImpl.checkConnect(Native Method)
	at sun.nio.ch.SocketChannelImpl.finishConnect(SocketChannelImpl.java:717)
	at org.apache.ratis.thirdparty.io.netty.channel.socket.nio.NioSocketChannel.doFinishConnect(NioSocketChannel.java:327)
	at org.apache.ratis.thirdparty.io.netty.channel.nio.AbstractNioChannel$AbstractNioUnsafe.finishConnect(AbstractNioChannel.java:340)
	at org.apache.ratis.thirdparty.io.netty.channel.nio.NioEventLoop.processSelectedKey(NioEventLoop.java:632)
	at org.apache.ratis.thirdparty.io.netty.channel.nio.NioEventLoop.processSelectedKeysOptimized(NioEventLoop.java:579)
	at org.apache.ratis.thirdparty.io.netty.channel.nio.NioEventLoop.processSelectedKeys(NioEventLoop.java:496)
	at org.apache.ratis.thirdparty.io.netty.channel.nio.NioEventLoop.run(NioEventLoop.java:458)
	at org.apache.ratis.thirdparty.io.netty.util.concurrent.SingleThreadEventExecutor$5.run(SingleThreadEventExecutor.java:897)
	at org.apache.ratis.thirdparty.io.netty.util.concurrent.FastThreadLocalRunnable.run(FastThreadLocalRunnable.java:30)
	... 1 more
Caused by: java.net.ConnectException: Connection refused
	... 11 more
2019-08-22 17:49:35,001 [9e961f7d-2f80-48a7-b3ac-81f0a28e2c39:group-7055FCABB4DD:LeaderElection81] INFO  impl.LeaderElection (LogUtils.java:infoOrTrace(149)) -   Exception 1: {}
java.util.concurrent.ExecutionException: org.apache.ratis.thirdparty.io.grpc.StatusRuntimeException: UNAVAILABLE: io exception
	at java.util.concurrent.FutureTask.report(FutureTask.java:122)
	at java.util.concurrent.FutureTask.get(FutureTask.java:192)
	at org.apache.ratis.server.impl.LeaderElection.waitForResults(LeaderElection.java:262)
	at org.apache.ratis.server.impl.LeaderElection.askForVotes(LeaderElection.java:200)
	at org.apache.ratis.server.impl.LeaderElection.run(LeaderElection.java:130)
	at java.lang.Thread.run(Thread.java:748)
Caused by: org.apache.ratis.thirdparty.io.grpc.StatusRuntimeException: UNAVAILABLE: io exception
	at org.apache.ratis.thirdparty.io.grpc.stub.ClientCalls.toStatusRuntimeException(ClientCalls.java:233)
	at org.apache.ratis.thirdparty.io.grpc.stub.ClientCalls.getUnchecked(ClientCalls.java:214)
	at org.apache.ratis.thirdparty.io.grpc.stub.ClientCalls.blockingUnaryCall(ClientCalls.java:139)
	at org.apache.ratis.proto.grpc.RaftServerProtocolServiceGrpc$RaftServerProtocolServiceBlockingStub.requestVote(RaftServerProtocolServiceGrpc.java:265)
	at org.apache.ratis.grpc.server.GrpcServerProtocolClient.requestVote(GrpcServerProtocolClient.java:83)
	at org.apache.ratis.grpc.server.GrpcService.requestVote(GrpcService.java:195)
	at org.apache.ratis.server.impl.LeaderElection.lambda$submitRequests$1(LeaderElection.java:237)
	at java.util.concurrent.FutureTask.run(FutureTask.java:266)
	at java.util.concurrent.Executors$RunnableAdapter.call(Executors.java:511)
	at java.util.concurrent.FutureTask.run(FutureTask.java:266)
	at java.util.concurrent.ThreadPoolExecutor.runWorker(ThreadPoolExecutor.java:1149)
	at java.util.concurrent.ThreadPoolExecutor$Worker.run(ThreadPoolExecutor.java:624)
	... 1 more
Caused by: org.apache.ratis.thirdparty.io.netty.channel.AbstractChannel$AnnotatedConnectException: Connection refused: /192.168.5.173:39265
	at sun.nio.ch.SocketChannelImpl.checkConnect(Native Method)
	at sun.nio.ch.SocketChannelImpl.finishConnect(SocketChannelImpl.java:717)
	at org.apache.ratis.thirdparty.io.netty.channel.socket.nio.NioSocketChannel.doFinishConnect(NioSocketChannel.java:327)
	at org.apache.ratis.thirdparty.io.netty.channel.nio.AbstractNioChannel$AbstractNioUnsafe.finishConnect(AbstractNioChannel.java:340)
	at org.apache.ratis.thirdparty.io.netty.channel.nio.NioEventLoop.processSelectedKey(NioEventLoop.java:632)
	at org.apache.ratis.thirdparty.io.netty.channel.nio.NioEventLoop.processSelectedKeysOptimized(NioEventLoop.java:579)
	at org.apache.ratis.thirdparty.io.netty.channel.nio.NioEventLoop.processSelectedKeys(NioEventLoop.java:496)
	at org.apache.ratis.thirdparty.io.netty.channel.nio.NioEventLoop.run(NioEventLoop.java:458)
	at org.apache.ratis.thirdparty.io.netty.util.concurrent.SingleThreadEventExecutor$5.run(SingleThreadEventExecutor.java:897)
	at org.apache.ratis.thirdparty.io.netty.util.concurrent.FastThreadLocalRunnable.run(FastThreadLocalRunnable.java:30)
	... 1 more
Caused by: java.net.ConnectException: Connection refused
	... 11 more
2019-08-22 17:49:35,001 [9e961f7d-2f80-48a7-b3ac-81f0a28e2c39:group-7055FCABB4DD:LeaderElection81] INFO  impl.RaftServerImpl (RaftServerImpl.java:setRole(171)) - 9e961f7d-2f80-48a7-b3ac-81f0a28e2c39:group-7055FCABB4DD changes role from CANDIDATE to FOLLOWER at term 4 for DISCOVERED_A_NEW_TERM
2019-08-22 17:49:35,002 [9e961f7d-2f80-48a7-b3ac-81f0a28e2c39:group-7055FCABB4DD:LeaderElection81] INFO  impl.RoleInfo (RoleInfo.java:shutdownLeaderElection(134)) - 9e961f7d-2f80-48a7-b3ac-81f0a28e2c39: shutdown LeaderElection
2019-08-22 17:49:35,002 [9e961f7d-2f80-48a7-b3ac-81f0a28e2c39:group-7055FCABB4DD:LeaderElection81] INFO  impl.RoleInfo (RoleInfo.java:updateAndGet(143)) - 9e961f7d-2f80-48a7-b3ac-81f0a28e2c39: start FollowerState
2019-08-22 17:49:35,543 [Thread-3613] INFO  impl.FollowerState (FollowerState.java:run(106)) - 9c4ad1af-a9aa-4def-ae67-c9235e3b5814:group-55BFC9734161 changes to CANDIDATE, lastRpcTime:5148, electionTimeout:5148ms
2019-08-22 17:49:35,543 [Thread-3613] INFO  impl.RoleInfo (RoleInfo.java:shutdownFollowerState(121)) - 9c4ad1af-a9aa-4def-ae67-c9235e3b5814: shutdown FollowerState
2019-08-22 17:49:35,543 [Thread-3613] INFO  impl.RaftServerImpl (RaftServerImpl.java:setRole(171)) - 9c4ad1af-a9aa-4def-ae67-c9235e3b5814:group-55BFC9734161 changes role from FOLLOWER to CANDIDATE at term 3 for changeToCandidate
2019-08-22 17:49:35,543 [Thread-3613] INFO  impl.RoleInfo (RoleInfo.java:updateAndGet(143)) - 9c4ad1af-a9aa-4def-ae67-c9235e3b5814: start LeaderElection
2019-08-22 17:49:35,567 [9c4ad1af-a9aa-4def-ae67-c9235e3b5814:group-55BFC9734161:LeaderElection82] INFO  impl.LeaderElection (LeaderElection.java:askForVotes(181)) - 9c4ad1af-a9aa-4def-ae67-c9235e3b5814:group-55BFC9734161:LeaderElection82: begin an election at term 4 for 16: [4ddf9bc6-c089-4456-8fae-06bd647ee380:192.168.5.173:45258, 9c4ad1af-a9aa-4def-ae67-c9235e3b5814:192.168.5.173:39794, e7fa427d-9bf0-4d57-b806-08466f41dcc1:192.168.5.173:40856], old=null
2019-08-22 17:49:35,568 [9c4ad1af-a9aa-4def-ae67-c9235e3b5814:group-55BFC9734161:LeaderElection82] INFO  impl.LeaderElection (LogUtils.java:infoOrTrace(149)) - 9c4ad1af-a9aa-4def-ae67-c9235e3b5814:group-55BFC9734161:LeaderElection82 got exception when requesting votes: {}
java.util.concurrent.ExecutionException: org.apache.ratis.thirdparty.io.grpc.StatusRuntimeException: UNAVAILABLE: io exception
	at java.util.concurrent.FutureTask.report(FutureTask.java:122)
	at java.util.concurrent.FutureTask.get(FutureTask.java:192)
	at org.apache.ratis.server.impl.LeaderElection.waitForResults(LeaderElection.java:262)
	at org.apache.ratis.server.impl.LeaderElection.askForVotes(LeaderElection.java:200)
	at org.apache.ratis.server.impl.LeaderElection.run(LeaderElection.java:130)
	at java.lang.Thread.run(Thread.java:748)
Caused by: org.apache.ratis.thirdparty.io.grpc.StatusRuntimeException: UNAVAILABLE: io exception
	at org.apache.ratis.thirdparty.io.grpc.stub.ClientCalls.toStatusRuntimeException(ClientCalls.java:233)
	at org.apache.ratis.thirdparty.io.grpc.stub.ClientCalls.getUnchecked(ClientCalls.java:214)
	at org.apache.ratis.thirdparty.io.grpc.stub.ClientCalls.blockingUnaryCall(ClientCalls.java:139)
	at org.apache.ratis.proto.grpc.RaftServerProtocolServiceGrpc$RaftServerProtocolServiceBlockingStub.requestVote(RaftServerProtocolServiceGrpc.java:265)
	at org.apache.ratis.grpc.server.GrpcServerProtocolClient.requestVote(GrpcServerProtocolClient.java:83)
	at org.apache.ratis.grpc.server.GrpcService.requestVote(GrpcService.java:195)
	at org.apache.ratis.server.impl.LeaderElection.lambda$submitRequests$1(LeaderElection.java:237)
	at java.util.concurrent.FutureTask.run(FutureTask.java:266)
	at java.util.concurrent.Executors$RunnableAdapter.call(Executors.java:511)
	at java.util.concurrent.FutureTask.run(FutureTask.java:266)
	at java.util.concurrent.ThreadPoolExecutor.runWorker(ThreadPoolExecutor.java:1149)
	at java.util.concurrent.ThreadPoolExecutor$Worker.run(ThreadPoolExecutor.java:624)
	... 1 more
Caused by: org.apache.ratis.thirdparty.io.netty.channel.AbstractChannel$AnnotatedConnectException: Connection refused: /192.168.5.173:45258
	at sun.nio.ch.SocketChannelImpl.checkConnect(Native Method)
	at sun.nio.ch.SocketChannelImpl.finishConnect(SocketChannelImpl.java:717)
	at org.apache.ratis.thirdparty.io.netty.channel.socket.nio.NioSocketChannel.doFinishConnect(NioSocketChannel.java:327)
	at org.apache.ratis.thirdparty.io.netty.channel.nio.AbstractNioChannel$AbstractNioUnsafe.finishConnect(AbstractNioChannel.java:340)
	at org.apache.ratis.thirdparty.io.netty.channel.nio.NioEventLoop.processSelectedKey(NioEventLoop.java:632)
	at org.apache.ratis.thirdparty.io.netty.channel.nio.NioEventLoop.processSelectedKeysOptimized(NioEventLoop.java:579)
	at org.apache.ratis.thirdparty.io.netty.channel.nio.NioEventLoop.processSelectedKeys(NioEventLoop.java:496)
	at org.apache.ratis.thirdparty.io.netty.channel.nio.NioEventLoop.run(NioEventLoop.java:458)
	at org.apache.ratis.thirdparty.io.netty.util.concurrent.SingleThreadEventExecutor$5.run(SingleThreadEventExecutor.java:897)
	at org.apache.ratis.thirdparty.io.netty.util.concurrent.FastThreadLocalRunnable.run(FastThreadLocalRunnable.java:30)
	... 1 more
Caused by: java.net.ConnectException: Connection refused
	... 11 more
2019-08-22 17:49:35,570 [9c4ad1af-a9aa-4def-ae67-c9235e3b5814:group-55BFC9734161:LeaderElection82] INFO  impl.LeaderElection (LogUtils.java:infoOrTrace(149)) - 9c4ad1af-a9aa-4def-ae67-c9235e3b5814:group-55BFC9734161:LeaderElection82 got exception when requesting votes: {}
java.util.concurrent.ExecutionException: org.apache.ratis.thirdparty.io.grpc.StatusRuntimeException: UNAVAILABLE: io exception
	at java.util.concurrent.FutureTask.report(FutureTask.java:122)
	at java.util.concurrent.FutureTask.get(FutureTask.java:192)
	at org.apache.ratis.server.impl.LeaderElection.waitForResults(LeaderElection.java:262)
	at org.apache.ratis.server.impl.LeaderElection.askForVotes(LeaderElection.java:200)
	at org.apache.ratis.server.impl.LeaderElection.run(LeaderElection.java:130)
	at java.lang.Thread.run(Thread.java:748)
Caused by: org.apache.ratis.thirdparty.io.grpc.StatusRuntimeException: UNAVAILABLE: io exception
	at org.apache.ratis.thirdparty.io.grpc.stub.ClientCalls.toStatusRuntimeException(ClientCalls.java:233)
	at org.apache.ratis.thirdparty.io.grpc.stub.ClientCalls.getUnchecked(ClientCalls.java:214)
	at org.apache.ratis.thirdparty.io.grpc.stub.ClientCalls.blockingUnaryCall(ClientCalls.java:139)
	at org.apache.ratis.proto.grpc.RaftServerProtocolServiceGrpc$RaftServerProtocolServiceBlockingStub.requestVote(RaftServerProtocolServiceGrpc.java:265)
	at org.apache.ratis.grpc.server.GrpcServerProtocolClient.requestVote(GrpcServerProtocolClient.java:83)
	at org.apache.ratis.grpc.server.GrpcService.requestVote(GrpcService.java:195)
	at org.apache.ratis.server.impl.LeaderElection.lambda$submitRequests$1(LeaderElection.java:237)
	at java.util.concurrent.FutureTask.run(FutureTask.java:266)
	at java.util.concurrent.Executors$RunnableAdapter.call(Executors.java:511)
	at java.util.concurrent.FutureTask.run(FutureTask.java:266)
	at java.util.concurrent.ThreadPoolExecutor.runWorker(ThreadPoolExecutor.java:1149)
	at java.util.concurrent.ThreadPoolExecutor$Worker.run(ThreadPoolExecutor.java:624)
	... 1 more
Caused by: org.apache.ratis.thirdparty.io.netty.channel.AbstractChannel$AnnotatedConnectException: Connection refused: /192.168.5.173:40856
	at sun.nio.ch.SocketChannelImpl.checkConnect(Native Method)
	at sun.nio.ch.SocketChannelImpl.finishConnect(SocketChannelImpl.java:717)
	at org.apache.ratis.thirdparty.io.netty.channel.socket.nio.NioSocketChannel.doFinishConnect(NioSocketChannel.java:327)
	at org.apache.ratis.thirdparty.io.netty.channel.nio.AbstractNioChannel$AbstractNioUnsafe.finishConnect(AbstractNioChannel.java:340)
	at org.apache.ratis.thirdparty.io.netty.channel.nio.NioEventLoop.processSelectedKey(NioEventLoop.java:632)
	at org.apache.ratis.thirdparty.io.netty.channel.nio.NioEventLoop.processSelectedKeysOptimized(NioEventLoop.java:579)
	at org.apache.ratis.thirdparty.io.netty.channel.nio.NioEventLoop.processSelectedKeys(NioEventLoop.java:496)
	at org.apache.ratis.thirdparty.io.netty.channel.nio.NioEventLoop.run(NioEventLoop.java:458)
	at org.apache.ratis.thirdparty.io.netty.util.concurrent.SingleThreadEventExecutor$5.run(SingleThreadEventExecutor.java:897)
	at org.apache.ratis.thirdparty.io.netty.util.concurrent.FastThreadLocalRunnable.run(FastThreadLocalRunnable.java:30)
	... 1 more
Caused by: java.net.ConnectException: Connection refused
	... 11 more
2019-08-22 17:49:35,572 [9c4ad1af-a9aa-4def-ae67-c9235e3b5814:group-55BFC9734161:LeaderElection82] INFO  impl.LeaderElection (LeaderElection.java:logAndReturn(56)) - 9c4ad1af-a9aa-4def-ae67-c9235e3b5814:group-55BFC9734161:LeaderElection82: Election REJECTED; received 0 response(s) [] and 2 exception(s); 9c4ad1af-a9aa-4def-ae67-c9235e3b5814:t4, leader=null, voted=9c4ad1af-a9aa-4def-ae67-c9235e3b5814, raftlog=9c4ad1af-a9aa-4def-ae67-c9235e3b5814-SegmentedRaftLog:OPENED:c17,f17,i17, conf=16: [4ddf9bc6-c089-4456-8fae-06bd647ee380:192.168.5.173:45258, 9c4ad1af-a9aa-4def-ae67-c9235e3b5814:192.168.5.173:39794, e7fa427d-9bf0-4d57-b806-08466f41dcc1:192.168.5.173:40856], old=null
2019-08-22 17:49:35,572 [9c4ad1af-a9aa-4def-ae67-c9235e3b5814:group-55BFC9734161:LeaderElection82] INFO  impl.LeaderElection (LogUtils.java:infoOrTrace(149)) -   Exception 0: {}
java.util.concurrent.ExecutionException: org.apache.ratis.thirdparty.io.grpc.StatusRuntimeException: UNAVAILABLE: io exception
	at java.util.concurrent.FutureTask.report(FutureTask.java:122)
	at java.util.concurrent.FutureTask.get(FutureTask.java:192)
	at org.apache.ratis.server.impl.LeaderElection.waitForResults(LeaderElection.java:262)
	at org.apache.ratis.server.impl.LeaderElection.askForVotes(LeaderElection.java:200)
	at org.apache.ratis.server.impl.LeaderElection.run(LeaderElection.java:130)
	at java.lang.Thread.run(Thread.java:748)
Caused by: org.apache.ratis.thirdparty.io.grpc.StatusRuntimeException: UNAVAILABLE: io exception
	at org.apache.ratis.thirdparty.io.grpc.stub.ClientCalls.toStatusRuntimeException(ClientCalls.java:233)
	at org.apache.ratis.thirdparty.io.grpc.stub.ClientCalls.getUnchecked(ClientCalls.java:214)
	at org.apache.ratis.thirdparty.io.grpc.stub.ClientCalls.blockingUnaryCall(ClientCalls.java:139)
	at org.apache.ratis.proto.grpc.RaftServerProtocolServiceGrpc$RaftServerProtocolServiceBlockingStub.requestVote(RaftServerProtocolServiceGrpc.java:265)
	at org.apache.ratis.grpc.server.GrpcServerProtocolClient.requestVote(GrpcServerProtocolClient.java:83)
	at org.apache.ratis.grpc.server.GrpcService.requestVote(GrpcService.java:195)
	at org.apache.ratis.server.impl.LeaderElection.lambda$submitRequests$1(LeaderElection.java:237)
	at java.util.concurrent.FutureTask.run(FutureTask.java:266)
	at java.util.concurrent.Executors$RunnableAdapter.call(Executors.java:511)
	at java.util.concurrent.FutureTask.run(FutureTask.java:266)
	at java.util.concurrent.ThreadPoolExecutor.runWorker(ThreadPoolExecutor.java:1149)
	at java.util.concurrent.ThreadPoolExecutor$Worker.run(ThreadPoolExecutor.java:624)
	... 1 more
Caused by: org.apache.ratis.thirdparty.io.netty.channel.AbstractChannel$AnnotatedConnectException: Connection refused: /192.168.5.173:45258
	at sun.nio.ch.SocketChannelImpl.checkConnect(Native Method)
	at sun.nio.ch.SocketChannelImpl.finishConnect(SocketChannelImpl.java:717)
	at org.apache.ratis.thirdparty.io.netty.channel.socket.nio.NioSocketChannel.doFinishConnect(NioSocketChannel.java:327)
	at org.apache.ratis.thirdparty.io.netty.channel.nio.AbstractNioChannel$AbstractNioUnsafe.finishConnect(AbstractNioChannel.java:340)
	at org.apache.ratis.thirdparty.io.netty.channel.nio.NioEventLoop.processSelectedKey(NioEventLoop.java:632)
	at org.apache.ratis.thirdparty.io.netty.channel.nio.NioEventLoop.processSelectedKeysOptimized(NioEventLoop.java:579)
	at org.apache.ratis.thirdparty.io.netty.channel.nio.NioEventLoop.processSelectedKeys(NioEventLoop.java:496)
	at org.apache.ratis.thirdparty.io.netty.channel.nio.NioEventLoop.run(NioEventLoop.java:458)
	at org.apache.ratis.thirdparty.io.netty.util.concurrent.SingleThreadEventExecutor$5.run(SingleThreadEventExecutor.java:897)
	at org.apache.ratis.thirdparty.io.netty.util.concurrent.FastThreadLocalRunnable.run(FastThreadLocalRunnable.java:30)
	... 1 more
Caused by: java.net.ConnectException: Connection refused
	... 11 more
2019-08-22 17:49:35,573 [9c4ad1af-a9aa-4def-ae67-c9235e3b5814:group-55BFC9734161:LeaderElection82] INFO  impl.LeaderElection (LogUtils.java:infoOrTrace(149)) -   Exception 1: {}
java.util.concurrent.ExecutionException: org.apache.ratis.thirdparty.io.grpc.StatusRuntimeException: UNAVAILABLE: io exception
	at java.util.concurrent.FutureTask.report(FutureTask.java:122)
	at java.util.concurrent.FutureTask.get(FutureTask.java:192)
	at org.apache.ratis.server.impl.LeaderElection.waitForResults(LeaderElection.java:262)
	at org.apache.ratis.server.impl.LeaderElection.askForVotes(LeaderElection.java:200)
	at org.apache.ratis.server.impl.LeaderElection.run(LeaderElection.java:130)
	at java.lang.Thread.run(Thread.java:748)
Caused by: org.apache.ratis.thirdparty.io.grpc.StatusRuntimeException: UNAVAILABLE: io exception
	at org.apache.ratis.thirdparty.io.grpc.stub.ClientCalls.toStatusRuntimeException(ClientCalls.java:233)
	at org.apache.ratis.thirdparty.io.grpc.stub.ClientCalls.getUnchecked(ClientCalls.java:214)
	at org.apache.ratis.thirdparty.io.grpc.stub.ClientCalls.blockingUnaryCall(ClientCalls.java:139)
	at org.apache.ratis.proto.grpc.RaftServerProtocolServiceGrpc$RaftServerProtocolServiceBlockingStub.requestVote(RaftServerProtocolServiceGrpc.java:265)
	at org.apache.ratis.grpc.server.GrpcServerProtocolClient.requestVote(GrpcServerProtocolClient.java:83)
	at org.apache.ratis.grpc.server.GrpcService.requestVote(GrpcService.java:195)
	at org.apache.ratis.server.impl.LeaderElection.lambda$submitRequests$1(LeaderElection.java:237)
	at java.util.concurrent.FutureTask.run(FutureTask.java:266)
	at java.util.concurrent.Executors$RunnableAdapter.call(Executors.java:511)
	at java.util.concurrent.FutureTask.run(FutureTask.java:266)
	at java.util.concurrent.ThreadPoolExecutor.runWorker(ThreadPoolExecutor.java:1149)
	at java.util.concurrent.ThreadPoolExecutor$Worker.run(ThreadPoolExecutor.java:624)
	... 1 more
Caused by: org.apache.ratis.thirdparty.io.netty.channel.AbstractChannel$AnnotatedConnectException: Connection refused: /192.168.5.173:40856
	at sun.nio.ch.SocketChannelImpl.checkConnect(Native Method)
	at sun.nio.ch.SocketChannelImpl.finishConnect(SocketChannelImpl.java:717)
	at org.apache.ratis.thirdparty.io.netty.channel.socket.nio.NioSocketChannel.doFinishConnect(NioSocketChannel.java:327)
	at org.apache.ratis.thirdparty.io.netty.channel.nio.AbstractNioChannel$AbstractNioUnsafe.finishConnect(AbstractNioChannel.java:340)
	at org.apache.ratis.thirdparty.io.netty.channel.nio.NioEventLoop.processSelectedKey(NioEventLoop.java:632)
	at org.apache.ratis.thirdparty.io.netty.channel.nio.NioEventLoop.processSelectedKeysOptimized(NioEventLoop.java:579)
	at org.apache.ratis.thirdparty.io.netty.channel.nio.NioEventLoop.processSelectedKeys(NioEventLoop.java:496)
	at org.apache.ratis.thirdparty.io.netty.channel.nio.NioEventLoop.run(NioEventLoop.java:458)
	at org.apache.ratis.thirdparty.io.netty.util.concurrent.SingleThreadEventExecutor$5.run(SingleThreadEventExecutor.java:897)
	at org.apache.ratis.thirdparty.io.netty.util.concurrent.FastThreadLocalRunnable.run(FastThreadLocalRunnable.java:30)
	... 1 more
Caused by: java.net.ConnectException: Connection refused
	... 11 more
2019-08-22 17:49:35,573 [9c4ad1af-a9aa-4def-ae67-c9235e3b5814:group-55BFC9734161:LeaderElection82] INFO  impl.RaftServerImpl (RaftServerImpl.java:setRole(171)) - 9c4ad1af-a9aa-4def-ae67-c9235e3b5814:group-55BFC9734161 changes role from CANDIDATE to FOLLOWER at term 4 for DISCOVERED_A_NEW_TERM
2019-08-22 17:49:35,573 [9c4ad1af-a9aa-4def-ae67-c9235e3b5814:group-55BFC9734161:LeaderElection82] INFO  impl.RoleInfo (RoleInfo.java:shutdownLeaderElection(134)) - 9c4ad1af-a9aa-4def-ae67-c9235e3b5814: shutdown LeaderElection
2019-08-22 17:49:35,574 [9c4ad1af-a9aa-4def-ae67-c9235e3b5814:group-55BFC9734161:LeaderElection82] INFO  impl.RoleInfo (RoleInfo.java:updateAndGet(143)) - 9c4ad1af-a9aa-4def-ae67-c9235e3b5814: start FollowerState
2019-08-22 17:49:36,188 [EventQueue-StaleNodeForStaleNodeHandler] INFO  node.StaleNodeHandler (StaleNodeHandler.java:onMessage(58)) - Datanode 9c4ad1af-a9aa-4def-ae67-c9235e3b5814{ip: 192.168.5.173, host: pr-hdds-1808-4dtdn-3774871440, networkLocation: /default-rack, certSerialId: null} moved to stale state. Finalizing its pipelines [PipelineID=4aaa184b-09a8-4bba-9d68-a0bffc6e1aa4, PipelineID=28a9f31c-9582-4f86-b1f3-55bfc9734161]
2019-08-22 17:49:36,188 [EventQueue-StaleNodeForStaleNodeHandler] INFO  pipeline.SCMPipelineManager (SCMPipelineManager.java:finalizeAndDestroyPipeline(309)) - destroying pipeline:Pipeline[ Id: 4aaa184b-09a8-4bba-9d68-a0bffc6e1aa4, Nodes: 9c4ad1af-a9aa-4def-ae67-c9235e3b5814{ip: 192.168.5.173, host: pr-hdds-1808-4dtdn-3774871440, networkLocation: /default-rack, certSerialId: null}, Type:RATIS, Factor:ONE, State:OPEN]
2019-08-22 17:49:36,188 [EventQueue-StaleNodeForStaleNodeHandler] INFO  pipeline.PipelineStateManager (PipelineStateManager.java:finalizePipeline(123)) - Pipeline Pipeline[ Id: 4aaa184b-09a8-4bba-9d68-a0bffc6e1aa4, Nodes: 9c4ad1af-a9aa-4def-ae67-c9235e3b5814{ip: 192.168.5.173, host: pr-hdds-1808-4dtdn-3774871440, networkLocation: /default-rack, certSerialId: null}, Type:RATIS, Factor:ONE, State:CLOSED] moved to CLOSED state
2019-08-22 17:49:36,189 [EventQueue-StaleNodeForStaleNodeHandler] INFO  pipeline.SCMPipelineManager (SCMPipelineManager.java:finalizeAndDestroyPipeline(309)) - destroying pipeline:Pipeline[ Id: 28a9f31c-9582-4f86-b1f3-55bfc9734161, Nodes: e7fa427d-9bf0-4d57-b806-08466f41dcc1{ip: 192.168.5.173, host: pr-hdds-1808-4dtdn-3774871440, networkLocation: /default-rack, certSerialId: null}4ddf9bc6-c089-4456-8fae-06bd647ee380{ip: 192.168.5.173, host: pr-hdds-1808-4dtdn-3774871440, networkLocation: /default-rack, certSerialId: null}9c4ad1af-a9aa-4def-ae67-c9235e3b5814{ip: 192.168.5.173, host: pr-hdds-1808-4dtdn-3774871440, networkLocation: /default-rack, certSerialId: null}, Type:RATIS, Factor:THREE, State:CLOSED]
2019-08-22 17:49:36,989 [EventQueue-StaleNodeForStaleNodeHandler] INFO  node.StaleNodeHandler (StaleNodeHandler.java:onMessage(58)) - Datanode 9e961f7d-2f80-48a7-b3ac-81f0a28e2c39{ip: 192.168.5.173, host: pr-hdds-1808-4dtdn-3774871440, networkLocation: /default-rack, certSerialId: null} moved to stale state. Finalizing its pipelines [PipelineID=624b7adb-2b4b-42ff-ade1-774492d0e741, PipelineID=39526130-6b82-4aab-b4d6-7055fcabb4dd]
2019-08-22 17:49:36,989 [EventQueue-StaleNodeForStaleNodeHandler] INFO  pipeline.SCMPipelineManager (SCMPipelineManager.java:finalizeAndDestroyPipeline(309)) - destroying pipeline:Pipeline[ Id: 624b7adb-2b4b-42ff-ade1-774492d0e741, Nodes: 9e961f7d-2f80-48a7-b3ac-81f0a28e2c39{ip: 192.168.5.173, host: pr-hdds-1808-4dtdn-3774871440, networkLocation: /default-rack, certSerialId: null}, Type:RATIS, Factor:ONE, State:OPEN]
2019-08-22 17:49:36,989 [EventQueue-StaleNodeForStaleNodeHandler] INFO  pipeline.PipelineStateManager (PipelineStateManager.java:finalizePipeline(123)) - Pipeline Pipeline[ Id: 624b7adb-2b4b-42ff-ade1-774492d0e741, Nodes: 9e961f7d-2f80-48a7-b3ac-81f0a28e2c39{ip: 192.168.5.173, host: pr-hdds-1808-4dtdn-3774871440, networkLocation: /default-rack, certSerialId: null}, Type:RATIS, Factor:ONE, State:CLOSED] moved to CLOSED state
2019-08-22 17:49:36,990 [EventQueue-StaleNodeForStaleNodeHandler] INFO  pipeline.SCMPipelineManager (SCMPipelineManager.java:finalizeAndDestroyPipeline(309)) - destroying pipeline:Pipeline[ Id: 39526130-6b82-4aab-b4d6-7055fcabb4dd, Nodes: e511989b-68ab-45c1-a797-44c33b51afe6{ip: 192.168.5.173, host: pr-hdds-1808-4dtdn-3774871440, networkLocation: /default-rack, certSerialId: null}9e961f7d-2f80-48a7-b3ac-81f0a28e2c39{ip: 192.168.5.173, host: pr-hdds-1808-4dtdn-3774871440, networkLocation: /default-rack, certSerialId: null}41476450-f699-485d-b75b-cc9c7bcae223{ip: 192.168.5.173, host: pr-hdds-1808-4dtdn-3774871440, networkLocation: /default-rack, certSerialId: null}, Type:RATIS, Factor:THREE, State:CLOSED]
2019-08-22 17:49:37,117 [main] INFO  ozoneimpl.OzoneContainer (OzoneContainer.java:stop(199)) - Attempting to stop container services.
2019-08-22 17:49:37,117 [main] INFO  impl.RaftServerProxy (RaftServerProxy.java:lambda$close$4(314)) - 9c4ad1af-a9aa-4def-ae67-c9235e3b5814: close
2019-08-22 17:49:37,118 [main] INFO  impl.RaftServerImpl (RaftServerImpl.java:lambda$shutdown$3(245)) - 9c4ad1af-a9aa-4def-ae67-c9235e3b5814: shutdown group-A0BFFC6E1AA4
2019-08-22 17:49:37,118 [main] INFO  util.JmxRegister (JmxRegister.java:unregister(73)) - Successfully un-registered JMX Bean with object name Ratis:service=RaftServer,group=group-A0BFFC6E1AA4,id=9c4ad1af-a9aa-4def-ae67-c9235e3b5814
2019-08-22 17:49:37,119 [main] INFO  impl.RoleInfo (RoleInfo.java:shutdownLeaderState(104)) - 9c4ad1af-a9aa-4def-ae67-c9235e3b5814: shutdown LeaderState
2019-08-22 17:49:37,119 [main] INFO  impl.PendingRequests (PendingRequests.java:sendNotLeaderResponses(202)) - 9c4ad1af-a9aa-4def-ae67-c9235e3b5814-PendingRequests: sendNotLeaderResponses
2019-08-22 17:49:37,120 [main] INFO  impl.StateMachineUpdater (StateMachineUpdater.java:stopAndJoin(115)) - StateMachineUpdater:9c4ad1af-a9aa-4def-ae67-c9235e3b5814:group-A0BFFC6E1AA4: set stopIndex = 0
2019-08-22 17:49:37,120 [main] INFO  impl.RaftServerImpl (ServerState.java:close(394)) - 9c4ad1af-a9aa-4def-ae67-c9235e3b5814:group-A0BFFC6E1AA4 closes. The last applied log index is 0
2019-08-22 17:49:37,121 [9c4ad1af-a9aa-4def-ae67-c9235e3b5814-SegmentedRaftLogWorker:Storage Directory /workdir/hadoop-ozone/integration-test/target/test-dir/MiniOzoneClusterImpl-3fcad3f5-9634-4478-a239-7449fe26e55e/datanode-5/data/ratis/4aaa184b-09a8-4bba-9d68-a0bffc6e1aa4] INFO  segmented.SegmentedRaftLogWorker (SegmentedRaftLogWorker.java:run(313)) - 9c4ad1af-a9aa-4def-ae67-c9235e3b5814-SegmentedRaftLogWorker:Storage Directory /workdir/hadoop-ozone/integration-test/target/test-dir/MiniOzoneClusterImpl-3fcad3f5-9634-4478-a239-7449fe26e55e/datanode-5/data/ratis/4aaa184b-09a8-4bba-9d68-a0bffc6e1aa4 was interrupted, exiting. There are 0 tasks remaining in the queue.
2019-08-22 17:49:37,129 [main] INFO  segmented.SegmentedRaftLogWorker (SegmentedRaftLogWorker.java:close(228)) - 9c4ad1af-a9aa-4def-ae67-c9235e3b5814-SegmentedRaftLogWorker:Storage Directory /workdir/hadoop-ozone/integration-test/target/test-dir/MiniOzoneClusterImpl-3fcad3f5-9634-4478-a239-7449fe26e55e/datanode-5/data/ratis/4aaa184b-09a8-4bba-9d68-a0bffc6e1aa4 close()
2019-08-22 17:49:37,131 [main] INFO  impl.RaftServerImpl (RaftServerImpl.java:lambda$shutdown$3(245)) - 9c4ad1af-a9aa-4def-ae67-c9235e3b5814: shutdown group-55BFC9734161
2019-08-22 17:49:37,132 [main] INFO  util.JmxRegister (JmxRegister.java:unregister(73)) - Successfully un-registered JMX Bean with object name Ratis:service=RaftServer,group=group-55BFC9734161,id=9c4ad1af-a9aa-4def-ae67-c9235e3b5814
2019-08-22 17:49:37,132 [main] INFO  impl.RoleInfo (RoleInfo.java:shutdownFollowerState(121)) - 9c4ad1af-a9aa-4def-ae67-c9235e3b5814: shutdown FollowerState
2019-08-22 17:49:37,132 [main] INFO  impl.StateMachineUpdater (StateMachineUpdater.java:stopAndJoin(115)) - StateMachineUpdater:9c4ad1af-a9aa-4def-ae67-c9235e3b5814:group-55BFC9734161: set stopIndex = 17
2019-08-22 17:49:37,133 [StateMachineUpdater:9c4ad1af-a9aa-4def-ae67-c9235e3b5814:group-55BFC9734161] INFO  ratis.ContainerStateMachine (ContainerStateMachine.java:takeSnapshot(283)) - group-55BFC9734161: Taking a snapshot at:(t:1, i:13) file /workdir/hadoop-ozone/integration-test/target/test-dir/MiniOzoneClusterImpl-3fcad3f5-9634-4478-a239-7449fe26e55e/datanode-5/data/ratis/28a9f31c-9582-4f86-b1f3-55bfc9734161/sm/snapshot.1_13
2019-08-22 17:49:37,133 [Thread-3622] INFO  impl.FollowerState (FollowerState.java:run(114)) - 9c4ad1af-a9aa-4def-ae67-c9235e3b5814: FollowerState was interrupted: java.lang.InterruptedException: sleep interrupted
2019-08-22 17:49:37,135 [ForkJoinPool.commonPool-worker-0] INFO  ozoneimpl.OzoneContainer (OzoneContainer.java:stop(199)) - Attempting to stop container services.
2019-08-22 17:49:37,135 [ForkJoinPool.commonPool-worker-0] INFO  impl.RaftServerProxy (RaftServerProxy.java:lambda$close$4(314)) - 9e961f7d-2f80-48a7-b3ac-81f0a28e2c39: close
2019-08-22 17:49:37,136 [ForkJoinPool.commonPool-worker-0] INFO  impl.RaftServerImpl (RaftServerImpl.java:lambda$shutdown$3(245)) - 9e961f7d-2f80-48a7-b3ac-81f0a28e2c39: shutdown group-774492D0E741
2019-08-22 17:49:37,136 [ForkJoinPool.commonPool-worker-0] INFO  util.JmxRegister (JmxRegister.java:unregister(73)) - Successfully un-registered JMX Bean with object name Ratis:service=RaftServer,group=group-774492D0E741,id=9e961f7d-2f80-48a7-b3ac-81f0a28e2c39
2019-08-22 17:49:37,136 [ForkJoinPool.commonPool-worker-0] INFO  impl.RoleInfo (RoleInfo.java:shutdownLeaderState(104)) - 9e961f7d-2f80-48a7-b3ac-81f0a28e2c39: shutdown LeaderState
2019-08-22 17:49:37,136 [ForkJoinPool.commonPool-worker-0] INFO  impl.PendingRequests (PendingRequests.java:sendNotLeaderResponses(202)) - 9e961f7d-2f80-48a7-b3ac-81f0a28e2c39-PendingRequests: sendNotLeaderResponses
2019-08-22 17:49:37,137 [ForkJoinPool.commonPool-worker-0] INFO  impl.StateMachineUpdater (StateMachineUpdater.java:stopAndJoin(115)) - StateMachineUpdater:9e961f7d-2f80-48a7-b3ac-81f0a28e2c39:group-774492D0E741: set stopIndex = 0
2019-08-22 17:49:37,137 [ForkJoinPool.commonPool-worker-0] INFO  impl.RaftServerImpl (ServerState.java:close(394)) - 9e961f7d-2f80-48a7-b3ac-81f0a28e2c39:group-774492D0E741 closes. The last applied log index is 0
2019-08-22 17:49:37,138 [9e961f7d-2f80-48a7-b3ac-81f0a28e2c39-SegmentedRaftLogWorker:Storage Directory /workdir/hadoop-ozone/integration-test/target/test-dir/MiniOzoneClusterImpl-3fcad3f5-9634-4478-a239-7449fe26e55e/datanode-0/data/ratis/624b7adb-2b4b-42ff-ade1-774492d0e741] INFO  segmented.SegmentedRaftLogWorker (SegmentedRaftLogWorker.java:run(313)) - 9e961f7d-2f80-48a7-b3ac-81f0a28e2c39-SegmentedRaftLogWorker:Storage Directory /workdir/hadoop-ozone/integration-test/target/test-dir/MiniOzoneClusterImpl-3fcad3f5-9634-4478-a239-7449fe26e55e/datanode-0/data/ratis/624b7adb-2b4b-42ff-ade1-774492d0e741 was interrupted, exiting. There are 0 tasks remaining in the queue.
2019-08-22 17:49:37,138 [ForkJoinPool.commonPool-worker-0] INFO  segmented.SegmentedRaftLogWorker (SegmentedRaftLogWorker.java:close(228)) - 9e961f7d-2f80-48a7-b3ac-81f0a28e2c39-SegmentedRaftLogWorker:Storage Directory /workdir/hadoop-ozone/integration-test/target/test-dir/MiniOzoneClusterImpl-3fcad3f5-9634-4478-a239-7449fe26e55e/datanode-0/data/ratis/624b7adb-2b4b-42ff-ade1-774492d0e741 close()
2019-08-22 17:49:37,140 [ForkJoinPool.commonPool-worker-0] INFO  impl.RaftServerImpl (RaftServerImpl.java:lambda$shutdown$3(245)) - 9e961f7d-2f80-48a7-b3ac-81f0a28e2c39: shutdown group-7055FCABB4DD
2019-08-22 17:49:37,140 [ForkJoinPool.commonPool-worker-0] INFO  util.JmxRegister (JmxRegister.java:unregister(73)) - Successfully un-registered JMX Bean with object name Ratis:service=RaftServer,group=group-7055FCABB4DD,id=9e961f7d-2f80-48a7-b3ac-81f0a28e2c39
2019-08-22 17:49:37,140 [ForkJoinPool.commonPool-worker-0] INFO  impl.RoleInfo (RoleInfo.java:shutdownFollowerState(121)) - 9e961f7d-2f80-48a7-b3ac-81f0a28e2c39: shutdown FollowerState
2019-08-22 17:49:37,140 [ForkJoinPool.commonPool-worker-0] INFO  impl.StateMachineUpdater (StateMachineUpdater.java:stopAndJoin(115)) - StateMachineUpdater:9e961f7d-2f80-48a7-b3ac-81f0a28e2c39:group-7055FCABB4DD: set stopIndex = 18
2019-08-22 17:49:37,141 [StateMachineUpdater:9e961f7d-2f80-48a7-b3ac-81f0a28e2c39:group-7055FCABB4DD] INFO  ratis.ContainerStateMachine (ContainerStateMachine.java:takeSnapshot(283)) - group-7055FCABB4DD: Taking a snapshot at:(t:3, i:16) file /workdir/hadoop-ozone/integration-test/target/test-dir/MiniOzoneClusterImpl-3fcad3f5-9634-4478-a239-7449fe26e55e/datanode-0/data/ratis/39526130-6b82-4aab-b4d6-7055fcabb4dd/sm/snapshot.3_16
2019-08-22 17:49:37,141 [Thread-3618] INFO  impl.FollowerState (FollowerState.java:run(114)) - 9e961f7d-2f80-48a7-b3ac-81f0a28e2c39: FollowerState was interrupted: java.lang.InterruptedException: sleep interrupted
2019-08-22 17:49:37,160 [StateMachineUpdater:9c4ad1af-a9aa-4def-ae67-c9235e3b5814:group-55BFC9734161] INFO  ratis.ContainerStateMachine (ContainerStateMachine.java:takeSnapshot(294)) - group-55BFC9734161: Finished taking a snapshot at:(t:1, i:13) file:/workdir/hadoop-ozone/integration-test/target/test-dir/MiniOzoneClusterImpl-3fcad3f5-9634-4478-a239-7449fe26e55e/datanode-5/data/ratis/28a9f31c-9582-4f86-b1f3-55bfc9734161/sm/snapshot.1_13 time:27
2019-08-22 17:49:37,160 [StateMachineUpdater:9e961f7d-2f80-48a7-b3ac-81f0a28e2c39:group-7055FCABB4DD] INFO  ratis.ContainerStateMachine (ContainerStateMachine.java:takeSnapshot(294)) - group-7055FCABB4DD: Finished taking a snapshot at:(t:3, i:16) file:/workdir/hadoop-ozone/integration-test/target/test-dir/MiniOzoneClusterImpl-3fcad3f5-9634-4478-a239-7449fe26e55e/datanode-0/data/ratis/39526130-6b82-4aab-b4d6-7055fcabb4dd/sm/snapshot.3_16 time:19
2019-08-22 17:49:37,160 [StateMachineUpdater:9c4ad1af-a9aa-4def-ae67-c9235e3b5814:group-55BFC9734161] INFO  impl.StateMachineUpdater (StateMachineUpdater.java:takeSnapshot(242)) - StateMachineUpdater:9c4ad1af-a9aa-4def-ae67-c9235e3b5814:group-55BFC9734161: Took a snapshot at index 13
2019-08-22 17:49:37,160 [StateMachineUpdater:9e961f7d-2f80-48a7-b3ac-81f0a28e2c39:group-7055FCABB4DD] INFO  impl.StateMachineUpdater (StateMachineUpdater.java:takeSnapshot(242)) - StateMachineUpdater:9e961f7d-2f80-48a7-b3ac-81f0a28e2c39:group-7055FCABB4DD: Took a snapshot at index 16
2019-08-22 17:49:37,160 [StateMachineUpdater:9c4ad1af-a9aa-4def-ae67-c9235e3b5814:group-55BFC9734161] INFO  impl.StateMachineUpdater (StateMachineUpdater.java:lambda$new$0(80)) - StateMachineUpdater:9c4ad1af-a9aa-4def-ae67-c9235e3b5814:group-55BFC9734161: snapshotIndex: updateIncreasingly -1 -> 13
2019-08-22 17:49:37,160 [StateMachineUpdater:9e961f7d-2f80-48a7-b3ac-81f0a28e2c39:group-7055FCABB4DD] INFO  impl.StateMachineUpdater (StateMachineUpdater.java:lambda$new$0(80)) - StateMachineUpdater:9e961f7d-2f80-48a7-b3ac-81f0a28e2c39:group-7055FCABB4DD: snapshotIndex: updateIncreasingly -1 -> 16
2019-08-22 17:49:37,161 [main] INFO  impl.RaftServerImpl (ServerState.java:close(394)) - 9c4ad1af-a9aa-4def-ae67-c9235e3b5814:group-55BFC9734161 closes. The last applied log index is 17
2019-08-22 17:49:37,161 [ForkJoinPool.commonPool-worker-0] INFO  impl.RaftServerImpl (ServerState.java:close(394)) - 9e961f7d-2f80-48a7-b3ac-81f0a28e2c39:group-7055FCABB4DD closes. The last applied log index is 18
2019-08-22 17:49:37,161 [9c4ad1af-a9aa-4def-ae67-c9235e3b5814-SegmentedRaftLogWorker:Storage Directory /workdir/hadoop-ozone/integration-test/target/test-dir/MiniOzoneClusterImpl-3fcad3f5-9634-4478-a239-7449fe26e55e/datanode-5/data/ratis/28a9f31c-9582-4f86-b1f3-55bfc9734161] INFO  segmented.SegmentedRaftLogWorker (SegmentedRaftLogWorker.java:run(313)) - 9c4ad1af-a9aa-4def-ae67-c9235e3b5814-SegmentedRaftLogWorker:Storage Directory /workdir/hadoop-ozone/integration-test/target/test-dir/MiniOzoneClusterImpl-3fcad3f5-9634-4478-a239-7449fe26e55e/datanode-5/data/ratis/28a9f31c-9582-4f86-b1f3-55bfc9734161 was interrupted, exiting. There are 0 tasks remaining in the queue.
2019-08-22 17:49:37,162 [9e961f7d-2f80-48a7-b3ac-81f0a28e2c39-SegmentedRaftLogWorker:Storage Directory /workdir/hadoop-ozone/integration-test/target/test-dir/MiniOzoneClusterImpl-3fcad3f5-9634-4478-a239-7449fe26e55e/datanode-0/data/ratis/39526130-6b82-4aab-b4d6-7055fcabb4dd] INFO  segmented.SegmentedRaftLogWorker (SegmentedRaftLogWorker.java:run(313)) - 9e961f7d-2f80-48a7-b3ac-81f0a28e2c39-SegmentedRaftLogWorker:Storage Directory /workdir/hadoop-ozone/integration-test/target/test-dir/MiniOzoneClusterImpl-3fcad3f5-9634-4478-a239-7449fe26e55e/datanode-0/data/ratis/39526130-6b82-4aab-b4d6-7055fcabb4dd was interrupted, exiting. There are 0 tasks remaining in the queue.
2019-08-22 17:49:37,162 [main] INFO  segmented.SegmentedRaftLogWorker (SegmentedRaftLogWorker.java:close(228)) - 9c4ad1af-a9aa-4def-ae67-c9235e3b5814-SegmentedRaftLogWorker:Storage Directory /workdir/hadoop-ozone/integration-test/target/test-dir/MiniOzoneClusterImpl-3fcad3f5-9634-4478-a239-7449fe26e55e/datanode-5/data/ratis/28a9f31c-9582-4f86-b1f3-55bfc9734161 close()
2019-08-22 17:49:37,162 [ForkJoinPool.commonPool-worker-0] INFO  segmented.SegmentedRaftLogWorker (SegmentedRaftLogWorker.java:close(228)) - 9e961f7d-2f80-48a7-b3ac-81f0a28e2c39-SegmentedRaftLogWorker:Storage Directory /workdir/hadoop-ozone/integration-test/target/test-dir/MiniOzoneClusterImpl-3fcad3f5-9634-4478-a239-7449fe26e55e/datanode-0/data/ratis/39526130-6b82-4aab-b4d6-7055fcabb4dd close()
2019-08-22 17:49:37,164 [main] INFO  server.GrpcService (GrpcService.java:closeImpl(155)) - 9c4ad1af-a9aa-4def-ae67-c9235e3b5814: shutdown server with port 39794 now
2019-08-22 17:49:37,166 [ForkJoinPool.commonPool-worker-0] INFO  server.GrpcService (GrpcService.java:closeImpl(155)) - 9e961f7d-2f80-48a7-b3ac-81f0a28e2c39: shutdown server with port 34389 now
2019-08-22 17:49:37,166 [main] INFO  server.GrpcService (GrpcService.java:closeImpl(163)) - 9c4ad1af-a9aa-4def-ae67-c9235e3b5814: shutdown server with port 39794 successfully
2019-08-22 17:49:37,166 [ForkJoinPool.commonPool-worker-0] INFO  server.GrpcService (GrpcService.java:closeImpl(163)) - 9e961f7d-2f80-48a7-b3ac-81f0a28e2c39: shutdown server with port 34389 successfully
2019-08-22 17:49:37,169 [main] INFO  utils.BackgroundService (BackgroundService.java:shutdown(148)) - Shutting down service BlockDeletingService
2019-08-22 17:49:37,171 [ForkJoinPool.commonPool-worker-0] INFO  utils.BackgroundService (BackgroundService.java:shutdown(148)) - Shutting down service BlockDeletingService
2019-08-22 17:49:37,173 [refreshUsed-/workdir/hadoop-ozone/integration-test/target/test-dir/MiniOzoneClusterImpl-3fcad3f5-9634-4478-a239-7449fe26e55e/datanode-5/data/containers] WARN  fs.CachingGetSpaceUsed (CachingGetSpaceUsed.java:run(183)) - Thread Interrupted waiting to refresh disk information: sleep interrupted
2019-08-22 17:49:37,174 [refreshUsed-/workdir/hadoop-ozone/integration-test/target/test-dir/MiniOzoneClusterImpl-3fcad3f5-9634-4478-a239-7449fe26e55e/datanode-0/data/containers] WARN  fs.CachingGetSpaceUsed (CachingGetSpaceUsed.java:run(183)) - Thread Interrupted waiting to refresh disk information: sleep interrupted
2019-08-22 17:49:37,197 [main] INFO  statemachine.DatanodeStateMachine (DatanodeStateMachine.java:stopDaemon(395)) - Ozone container server stopped.
2019-08-22 17:49:37,198 [main] INFO  handler.ContextHandler (ContextHandler.java:doStop(910)) - Stopped o.e.j.w.WebAppContext@210e971e{/,null,UNAVAILABLE}{/hddsDatanode}
2019-08-22 17:49:37,201 [ForkJoinPool.commonPool-worker-0] INFO  statemachine.DatanodeStateMachine (DatanodeStateMachine.java:stopDaemon(395)) - Ozone container server stopped.
2019-08-22 17:49:37,203 [main] INFO  server.AbstractConnector (AbstractConnector.java:doStop(318)) - Stopped ServerConnector@1b9785aa{HTTP/1.1,[http/1.1]}{0.0.0.0:0}
2019-08-22 17:49:37,205 [ForkJoinPool.commonPool-worker-0] INFO  handler.ContextHandler (ContextHandler.java:doStop(910)) - Stopped o.e.j.w.WebAppContext@5397d41e{/,null,UNAVAILABLE}{/hddsDatanode}
2019-08-22 17:49:37,205 [main] INFO  handler.ContextHandler (ContextHandler.java:doStop(910)) - Stopped o.e.j.s.ServletContextHandler@627dfd9f{/static,jar:file:/home/user/.m2/repository/org/apache/hadoop/hadoop-hdds-container-service/0.5.0-SNAPSHOT/hadoop-hdds-container-service-0.5.0-SNAPSHOT.jar!/webapps/static,UNAVAILABLE}
2019-08-22 17:49:37,205 [ForkJoinPool.commonPool-worker-0] INFO  server.AbstractConnector (AbstractConnector.java:doStop(318)) - Stopped ServerConnector@f6b128b{HTTP/1.1,[http/1.1]}{0.0.0.0:0}
2019-08-22 17:49:37,206 [main] INFO  handler.ContextHandler (ContextHandler.java:doStop(910)) - Stopped o.e.j.s.ServletContextHandler@70ca533a{/logs,file:///workdir/hadoop-ozone/integration-test/target/log,UNAVAILABLE}
2019-08-22 17:49:37,207 [ForkJoinPool.commonPool-worker-0] INFO  handler.ContextHandler (ContextHandler.java:doStop(910)) - Stopped o.e.j.s.ServletContextHandler@74e111a8{/static,jar:file:/home/user/.m2/repository/org/apache/hadoop/hadoop-hdds-container-service/0.5.0-SNAPSHOT/hadoop-hdds-container-service-0.5.0-SNAPSHOT.jar!/webapps/static,UNAVAILABLE}
2019-08-22 17:49:37,209 [ForkJoinPool.commonPool-worker-0] INFO  handler.ContextHandler (ContextHandler.java:doStop(910)) - Stopped o.e.j.s.ServletContextHandler@3dfe520{/logs,file:///workdir/hadoop-ozone/integration-test/target/log,UNAVAILABLE}
2019-08-22 17:49:37,210 [main] INFO  ozone.MiniOzoneClusterImpl (MiniOzoneClusterImpl.java:stop(353)) - Stopping the StorageContainerManager
2019-08-22 17:49:37,210 [main] INFO  server.StorageContainerManager (StorageContainerManager.java:stop(797)) - Stopping Replication Manager Service.
2019-08-22 17:49:37,210 [main] INFO  container.ReplicationManager (ReplicationManager.java:stop(193)) - Stopping Replication Monitor Thread.
2019-08-22 17:49:37,211 [main] INFO  server.StorageContainerManager (StorageContainerManager.java:stop(804)) - Stopping Lease Manager of the command watchers
2019-08-22 17:49:37,211 [main] INFO  server.StorageContainerManager (StorageContainerManager.java:stop(811)) - Stopping datanode service RPC server
2019-08-22 17:49:37,211 [main] INFO  server.SCMDatanodeProtocolServer (SCMDatanodeProtocolServer.java:stop(367)) - Stopping the RPC server for DataNodes
2019-08-22 17:49:37,211 [main] INFO  ipc.Server (Server.java:stop(3082)) - Stopping server on 35232
2019-08-22 17:49:37,213 [IPC Server listener on 35232] INFO  ipc.Server (Server.java:run(1185)) - Stopping IPC Server listener on 35232
2019-08-22 17:49:37,214 [IPC Server Responder] INFO  ipc.Server (Server.java:run(1319)) - Stopping IPC Server Responder
2019-08-22 17:49:37,289 [SCM Heartbeat Processing Thread - 0] WARN  node.NodeStateManager (NodeStateManager.java:scheduleNextHealthCheck(646)) - Current Thread is interrupted, shutting down HB processing thread for Node Manager.
2019-08-22 17:49:37,289 [main] INFO  server.StorageContainerManager (StorageContainerManager.java:stop(819)) - Stopping block service RPC server
2019-08-22 17:49:37,290 [main] INFO  server.SCMBlockProtocolServer (SCMBlockProtocolServer.java:stop(148)) - Stopping the RPC server for Block Protocol
2019-08-22 17:49:37,290 [main] INFO  ipc.Server (Server.java:stop(3082)) - Stopping server on 41279
2019-08-22 17:49:37,292 [IPC Server listener on 41279] INFO  ipc.Server (Server.java:run(1185)) - Stopping IPC Server listener on 41279
2019-08-22 17:49:37,292 [main] INFO  server.StorageContainerManager (StorageContainerManager.java:stop(826)) - Stopping the StorageContainerLocationProtocol RPC server
2019-08-22 17:49:37,292 [main] INFO  server.SCMClientProtocolServer (SCMClientProtocolServer.java:stop(159)) - Stopping the RPC server for Client Protocol
2019-08-22 17:49:37,293 [main] INFO  ipc.Server (Server.java:stop(3082)) - Stopping server on 41997
2019-08-22 17:49:37,292 [IPC Server Responder] INFO  ipc.Server (Server.java:run(1319)) - Stopping IPC Server Responder
2019-08-22 17:49:37,296 [IPC Server listener on 41997] INFO  ipc.Server (Server.java:run(1185)) - Stopping IPC Server listener on 41997
2019-08-22 17:49:37,296 [main] INFO  server.StorageContainerManager (StorageContainerManager.java:stop(833)) - Stopping Storage Container Manager HTTP server.
2019-08-22 17:49:37,297 [IPC Server Responder] INFO  ipc.Server (Server.java:run(1319)) - Stopping IPC Server Responder
2019-08-22 17:49:37,301 [main] INFO  handler.ContextHandler (ContextHandler.java:doStop(910)) - Stopped o.e.j.w.WebAppContext@79194b1c{/,null,UNAVAILABLE}{/scm}
2019-08-22 17:49:37,302 [main] INFO  server.AbstractConnector (AbstractConnector.java:doStop(318)) - Stopped ServerConnector@7ec01440{HTTP/1.1,[http/1.1]}{0.0.0.0:0}
2019-08-22 17:49:37,303 [main] INFO  handler.ContextHandler (ContextHandler.java:doStop(910)) - Stopped o.e.j.s.ServletContextHandler@365c8a47{/static,file:///workdir/hadoop-ozone/integration-test/target/test-classes/webapps/static,UNAVAILABLE}
2019-08-22 17:49:37,303 [main] INFO  handler.ContextHandler (ContextHandler.java:doStop(910)) - Stopped o.e.j.s.ServletContextHandler@3423f353{/logs,file:///workdir/hadoop-ozone/integration-test/target/log,UNAVAILABLE}
2019-08-22 17:49:37,304 [main] INFO  server.StorageContainerManager (StorageContainerManager.java:stop(844)) - Stopping Block Manager Service.
2019-08-22 17:49:37,305 [main] INFO  utils.BackgroundService (BackgroundService.java:shutdown(148)) - Shutting down service SCMBlockDeletingService
2019-08-22 17:49:37,305 [main] INFO  utils.BackgroundService (BackgroundService.java:shutdown(148)) - Shutting down service SCMBlockDeletingService
2019-08-22 17:49:37,306 [main] INFO  server.StorageContainerManager (StorageContainerManager.java:stop(866)) - Stopping SCM Event Queue.
2019-08-22 17:49:37,311 [main] INFO  impl.MetricsSystemImpl (MetricsSystemImpl.java:stop(210)) - Stopping HddsDatanode metrics system...
2019-08-22 17:49:37,324 [main] INFO  impl.MetricsSystemImpl (MetricsSystemImpl.java:stop(216)) - HddsDatanode metrics system stopped.
]]></system-out>
    <system-err><![CDATA[Aug 22, 2019 5:48:54 PM com.sun.jersey.server.impl.application.WebApplicationImpl _initiate
INFO: Initiating Jersey application, version 'Jersey: 1.19 02/11/2015 03:25 AM'
Aug 22, 2019 5:48:54 PM com.sun.jersey.server.impl.application.WebApplicationImpl _initiate
INFO: Initiating Jersey application, version 'Jersey: 1.19 02/11/2015 03:25 AM'
Aug 22, 2019 5:48:54 PM com.sun.jersey.server.impl.application.WebApplicationImpl _initiate
INFO: Initiating Jersey application, version 'Jersey: 1.19 02/11/2015 03:25 AM'
Aug 22, 2019 5:48:54 PM com.sun.jersey.server.impl.application.WebApplicationImpl _initiate
INFO: Initiating Jersey application, version 'Jersey: 1.19 02/11/2015 03:25 AM'
Aug 22, 2019 5:48:55 PM com.sun.jersey.server.impl.application.WebApplicationImpl _initiate
INFO: Initiating Jersey application, version 'Jersey: 1.19 02/11/2015 03:25 AM'
Aug 22, 2019 5:48:55 PM com.sun.jersey.server.impl.application.WebApplicationImpl _initiate
INFO: Initiating Jersey application, version 'Jersey: 1.19 02/11/2015 03:25 AM'
Aug 22, 2019 5:48:55 PM com.sun.jersey.server.impl.application.WebApplicationImpl _initiate
INFO: Initiating Jersey application, version 'Jersey: 1.19 02/11/2015 03:25 AM'
Aug 22, 2019 5:48:58 PM org.apache.ratis.thirdparty.io.grpc.internal.ManagedChannelOrphanWrapper$ManagedChannelReference cleanQueue
SEVERE: *~*~*~ Channel ManagedChannelImpl{logId=2467, target=192.168.5.173:36566} was not shutdown properly!!! ~*~*~*
    Make sure to call shutdown()/shutdownNow() and wait until awaitTermination() returns true.
java.lang.RuntimeException: ManagedChannel allocation site
	at org.apache.ratis.thirdparty.io.grpc.internal.ManagedChannelOrphanWrapper$ManagedChannelReference.<init>(ManagedChannelOrphanWrapper.java:103)
	at org.apache.ratis.thirdparty.io.grpc.internal.ManagedChannelOrphanWrapper.<init>(ManagedChannelOrphanWrapper.java:53)
	at org.apache.ratis.thirdparty.io.grpc.internal.ManagedChannelOrphanWrapper.<init>(ManagedChannelOrphanWrapper.java:44)
	at org.apache.ratis.thirdparty.io.grpc.internal.AbstractManagedChannelImplBuilder.build(AbstractManagedChannelImplBuilder.java:411)
	at org.apache.hadoop.hdds.scm.XceiverClientGrpc.connectToDatanode(XceiverClientGrpc.java:174)
	at org.apache.hadoop.hdds.scm.XceiverClientGrpc.reconnect(XceiverClientGrpc.java:422)
	at org.apache.hadoop.hdds.scm.XceiverClientGrpc.sendCommandAsync(XceiverClientGrpc.java:371)
	at org.apache.hadoop.hdds.scm.XceiverClientGrpc.sendCommandWithRetry(XceiverClientGrpc.java:284)
	at org.apache.hadoop.hdds.scm.XceiverClientGrpc.sendCommandWithTraceIDAndRetry(XceiverClientGrpc.java:250)
	at org.apache.hadoop.hdds.scm.XceiverClientGrpc.sendCommand(XceiverClientGrpc.java:233)
	at org.apache.hadoop.hdds.scm.storage.ContainerProtocolCalls.getBlock(ContainerProtocolCalls.java:118)
	at org.apache.hadoop.hdds.scm.storage.BlockInputStream.getChunkInfos(BlockInputStream.java:167)
	at org.apache.hadoop.hdds.scm.storage.BlockInputStream.initialize(BlockInputStream.java:118)
	at org.apache.hadoop.hdds.scm.storage.BlockInputStream.read(BlockInputStream.java:222)
	at org.apache.hadoop.ozone.client.io.KeyInputStream.read(KeyInputStream.java:171)
	at org.apache.hadoop.ozone.client.io.OzoneInputStream.read(OzoneInputStream.java:47)
	at java.io.InputStream.read(InputStream.java:101)
	at org.apache.hadoop.ozone.container.ContainerTestHelper.validateData(ContainerTestHelper.java:713)
	at org.apache.hadoop.ozone.client.rpc.TestBlockOutputStreamWithFailures.validateData(TestBlockOutputStreamWithFailures.java:1216)
	at org.apache.hadoop.ozone.client.rpc.TestBlockOutputStreamWithFailures.testWatchForCommitWithSingleNodeRatis(TestBlockOutputStreamWithFailures.java:918)
	at sun.reflect.NativeMethodAccessorImpl.invoke0(Native Method)
	at sun.reflect.NativeMethodAccessorImpl.invoke(NativeMethodAccessorImpl.java:62)
	at sun.reflect.DelegatingMethodAccessorImpl.invoke(DelegatingMethodAccessorImpl.java:43)
	at java.lang.reflect.Method.invoke(Method.java:498)
	at org.junit.runners.model.FrameworkMethod$1.runReflectiveCall(FrameworkMethod.java:47)
	at org.junit.internal.runners.model.ReflectiveCallable.run(ReflectiveCallable.java:12)
	at org.junit.runners.model.FrameworkMethod.invokeExplosively(FrameworkMethod.java:44)
	at org.junit.internal.runners.statements.InvokeMethod.evaluate(InvokeMethod.java:17)
	at org.junit.internal.runners.statements.RunBefores.evaluate(RunBefores.java:26)
	at org.junit.internal.runners.statements.RunAfters.evaluate(RunAfters.java:27)
	at org.junit.runners.ParentRunner.runLeaf(ParentRunner.java:271)
	at org.junit.runners.BlockJUnit4ClassRunner.runChild(BlockJUnit4ClassRunner.java:70)
	at org.junit.runners.BlockJUnit4ClassRunner.runChild(BlockJUnit4ClassRunner.java:50)
	at org.junit.runners.ParentRunner$3.run(ParentRunner.java:238)
	at org.junit.runners.ParentRunner$1.schedule(ParentRunner.java:63)
	at org.junit.runners.ParentRunner.runChildren(ParentRunner.java:236)
	at org.junit.runners.ParentRunner.access$000(ParentRunner.java:53)
	at org.junit.runners.ParentRunner$2.evaluate(ParentRunner.java:229)
	at org.junit.runners.ParentRunner.run(ParentRunner.java:309)
	at org.apache.maven.surefire.junit4.JUnit4Provider.execute(JUnit4Provider.java:365)
	at org.apache.maven.surefire.junit4.JUnit4Provider.executeWithRerun(JUnit4Provider.java:273)
	at org.apache.maven.surefire.junit4.JUnit4Provider.executeTestSet(JUnit4Provider.java:238)
	at org.apache.maven.surefire.junit4.JUnit4Provider.invoke(JUnit4Provider.java:159)
	at org.apache.maven.surefire.booter.ForkedBooter.invokeProviderInSameClassLoader(ForkedBooter.java:384)
	at org.apache.maven.surefire.booter.ForkedBooter.runSuitesInProcess(ForkedBooter.java:345)
	at org.apache.maven.surefire.booter.ForkedBooter.execute(ForkedBooter.java:126)
	at org.apache.maven.surefire.booter.ForkedBooter.main(ForkedBooter.java:418)

Aug 22, 2019 5:48:58 PM org.apache.ratis.thirdparty.io.grpc.internal.ManagedChannelOrphanWrapper$ManagedChannelReference cleanQueue
SEVERE: *~*~*~ Channel ManagedChannelImpl{logId=2462, target=192.168.5.173:36566} was not shutdown properly!!! ~*~*~*
    Make sure to call shutdown()/shutdownNow() and wait until awaitTermination() returns true.
java.lang.RuntimeException: ManagedChannel allocation site
	at org.apache.ratis.thirdparty.io.grpc.internal.ManagedChannelOrphanWrapper$ManagedChannelReference.<init>(ManagedChannelOrphanWrapper.java:103)
	at org.apache.ratis.thirdparty.io.grpc.internal.ManagedChannelOrphanWrapper.<init>(ManagedChannelOrphanWrapper.java:53)
	at org.apache.ratis.thirdparty.io.grpc.internal.ManagedChannelOrphanWrapper.<init>(ManagedChannelOrphanWrapper.java:44)
	at org.apache.ratis.thirdparty.io.grpc.internal.AbstractManagedChannelImplBuilder.build(AbstractManagedChannelImplBuilder.java:411)
	at org.apache.hadoop.hdds.scm.XceiverClientGrpc.connectToDatanode(XceiverClientGrpc.java:174)
	at org.apache.hadoop.hdds.scm.XceiverClientGrpc.reconnect(XceiverClientGrpc.java:422)
	at org.apache.hadoop.hdds.scm.XceiverClientGrpc.sendCommandAsync(XceiverClientGrpc.java:371)
	at org.apache.hadoop.hdds.scm.XceiverClientGrpc.sendCommandWithRetry(XceiverClientGrpc.java:284)
	at org.apache.hadoop.hdds.scm.XceiverClientGrpc.sendCommandWithTraceIDAndRetry(XceiverClientGrpc.java:250)
	at org.apache.hadoop.hdds.scm.XceiverClientGrpc.sendCommand(XceiverClientGrpc.java:233)
	at org.apache.hadoop.hdds.scm.storage.ContainerProtocolCalls.getBlock(ContainerProtocolCalls.java:118)
	at org.apache.hadoop.hdds.scm.storage.BlockInputStream.getChunkInfos(BlockInputStream.java:167)
	at org.apache.hadoop.hdds.scm.storage.BlockInputStream.initialize(BlockInputStream.java:118)
	at org.apache.hadoop.hdds.scm.storage.BlockInputStream.read(BlockInputStream.java:222)
	at org.apache.hadoop.ozone.client.io.KeyInputStream.read(KeyInputStream.java:171)
	at org.apache.hadoop.ozone.client.io.OzoneInputStream.read(OzoneInputStream.java:47)
	at java.io.InputStream.read(InputStream.java:101)
	at org.apache.hadoop.ozone.container.ContainerTestHelper.validateData(ContainerTestHelper.java:713)
	at org.apache.hadoop.ozone.client.rpc.TestBlockOutputStreamWithFailures.validateData(TestBlockOutputStreamWithFailures.java:1216)
	at org.apache.hadoop.ozone.client.rpc.TestBlockOutputStreamWithFailures.testWatchForCommitWithSingleNodeRatis(TestBlockOutputStreamWithFailures.java:918)
	at sun.reflect.NativeMethodAccessorImpl.invoke0(Native Method)
	at sun.reflect.NativeMethodAccessorImpl.invoke(NativeMethodAccessorImpl.java:62)
	at sun.reflect.DelegatingMethodAccessorImpl.invoke(DelegatingMethodAccessorImpl.java:43)
	at java.lang.reflect.Method.invoke(Method.java:498)
	at org.junit.runners.model.FrameworkMethod$1.runReflectiveCall(FrameworkMethod.java:47)
	at org.junit.internal.runners.model.ReflectiveCallable.run(ReflectiveCallable.java:12)
	at org.junit.runners.model.FrameworkMethod.invokeExplosively(FrameworkMethod.java:44)
	at org.junit.internal.runners.statements.InvokeMethod.evaluate(InvokeMethod.java:17)
	at org.junit.internal.runners.statements.RunBefores.evaluate(RunBefores.java:26)
	at org.junit.internal.runners.statements.RunAfters.evaluate(RunAfters.java:27)
	at org.junit.runners.ParentRunner.runLeaf(ParentRunner.java:271)
	at org.junit.runners.BlockJUnit4ClassRunner.runChild(BlockJUnit4ClassRunner.java:70)
	at org.junit.runners.BlockJUnit4ClassRunner.runChild(BlockJUnit4ClassRunner.java:50)
	at org.junit.runners.ParentRunner$3.run(ParentRunner.java:238)
	at org.junit.runners.ParentRunner$1.schedule(ParentRunner.java:63)
	at org.junit.runners.ParentRunner.runChildren(ParentRunner.java:236)
	at org.junit.runners.ParentRunner.access$000(ParentRunner.java:53)
	at org.junit.runners.ParentRunner$2.evaluate(ParentRunner.java:229)
	at org.junit.runners.ParentRunner.run(ParentRunner.java:309)
	at org.apache.maven.surefire.junit4.JUnit4Provider.execute(JUnit4Provider.java:365)
	at org.apache.maven.surefire.junit4.JUnit4Provider.executeWithRerun(JUnit4Provider.java:273)
	at org.apache.maven.surefire.junit4.JUnit4Provider.executeTestSet(JUnit4Provider.java:238)
	at org.apache.maven.surefire.junit4.JUnit4Provider.invoke(JUnit4Provider.java:159)
	at org.apache.maven.surefire.booter.ForkedBooter.invokeProviderInSameClassLoader(ForkedBooter.java:384)
	at org.apache.maven.surefire.booter.ForkedBooter.runSuitesInProcess(ForkedBooter.java:345)
	at org.apache.maven.surefire.booter.ForkedBooter.execute(ForkedBooter.java:126)
	at org.apache.maven.surefire.booter.ForkedBooter.main(ForkedBooter.java:418)

Aug 22, 2019 5:48:58 PM org.apache.ratis.thirdparty.io.grpc.internal.ManagedChannelOrphanWrapper$ManagedChannelReference cleanQueue
SEVERE: *~*~*~ Channel ManagedChannelImpl{logId=2417, target=192.168.5.173:35826} was not shutdown properly!!! ~*~*~*
    Make sure to call shutdown()/shutdownNow() and wait until awaitTermination() returns true.
java.lang.RuntimeException: ManagedChannel allocation site
	at org.apache.ratis.thirdparty.io.grpc.internal.ManagedChannelOrphanWrapper$ManagedChannelReference.<init>(ManagedChannelOrphanWrapper.java:103)
	at org.apache.ratis.thirdparty.io.grpc.internal.ManagedChannelOrphanWrapper.<init>(ManagedChannelOrphanWrapper.java:53)
	at org.apache.ratis.thirdparty.io.grpc.internal.ManagedChannelOrphanWrapper.<init>(ManagedChannelOrphanWrapper.java:44)
	at org.apache.ratis.thirdparty.io.grpc.internal.AbstractManagedChannelImplBuilder.build(AbstractManagedChannelImplBuilder.java:411)
	at org.apache.ratis.grpc.client.GrpcClientProtocolClient.<init>(GrpcClientProtocolClient.java:119)
	at org.apache.ratis.grpc.client.GrpcClientRpc.lambda$new$0(GrpcClientRpc.java:55)
	at org.apache.ratis.util.PeerProxyMap$PeerAndProxy.lambda$getProxy$0(PeerProxyMap.java:61)
	at org.apache.ratis.util.LifeCycle.startAndTransition(LifeCycle.java:202)
	at org.apache.ratis.util.PeerProxyMap$PeerAndProxy.getProxy(PeerProxyMap.java:60)
	at org.apache.ratis.util.PeerProxyMap.getProxy(PeerProxyMap.java:107)
	at org.apache.ratis.grpc.client.GrpcClientRpc.sendRequestAsync(GrpcClientRpc.java:66)
	at org.apache.ratis.client.impl.OrderedAsync.sendRequest(OrderedAsync.java:208)
	at org.apache.ratis.client.impl.OrderedAsync.sendRequestWithRetry(OrderedAsync.java:169)
	at org.apache.ratis.util.SlidingWindow$Client.sendOrDelayRequest(SlidingWindow.java:278)
	at org.apache.ratis.util.SlidingWindow$Client.retry(SlidingWindow.java:294)
	at org.apache.ratis.client.impl.OrderedAsync.lambda$scheduleWithTimeout$7(OrderedAsync.java:195)
	at org.apache.ratis.util.TimeoutScheduler.lambda$onTimeout$0(TimeoutScheduler.java:85)
	at org.apache.ratis.util.TimeoutScheduler.lambda$onTimeout$1(TimeoutScheduler.java:104)
	at org.apache.ratis.util.LogUtils.runAndLog(LogUtils.java:50)
	at org.apache.ratis.util.LogUtils$1.run(LogUtils.java:91)
	at java.util.concurrent.Executors$RunnableAdapter.call(Executors.java:511)
	at java.util.concurrent.FutureTask.run(FutureTask.java:266)
	at java.util.concurrent.ScheduledThreadPoolExecutor$ScheduledFutureTask.access$201(ScheduledThreadPoolExecutor.java:180)
	at java.util.concurrent.ScheduledThreadPoolExecutor$ScheduledFutureTask.run(ScheduledThreadPoolExecutor.java:293)
	at java.util.concurrent.ThreadPoolExecutor.runWorker(ThreadPoolExecutor.java:1149)
	at java.util.concurrent.ThreadPoolExecutor$Worker.run(ThreadPoolExecutor.java:624)
	at java.lang.Thread.run(Thread.java:748)

]]></system-err>
  </testcase>
  <testcase name="testFailureWithPrimeSizedData" classname="org.apache.hadoop.ozone.client.rpc.TestBlockOutputStreamWithFailures" time="43.317">
    <failure message="expected:&lt;2&gt; but was:&lt;3&gt;" type="java.lang.AssertionError"><![CDATA[java.lang.AssertionError: expected:<2> but was:<3>
	at org.junit.Assert.fail(Assert.java:88)
	at org.junit.Assert.failNotEquals(Assert.java:743)
	at org.junit.Assert.assertEquals(Assert.java:118)
	at org.junit.Assert.assertEquals(Assert.java:555)
	at org.junit.Assert.assertEquals(Assert.java:542)
	at org.apache.hadoop.ozone.client.rpc.TestBlockOutputStreamWithFailures.testFailureWithPrimeSizedData(TestBlockOutputStreamWithFailures.java:635)
	at sun.reflect.NativeMethodAccessorImpl.invoke0(Native Method)
	at sun.reflect.NativeMethodAccessorImpl.invoke(NativeMethodAccessorImpl.java:62)
	at sun.reflect.DelegatingMethodAccessorImpl.invoke(DelegatingMethodAccessorImpl.java:43)
	at java.lang.reflect.Method.invoke(Method.java:498)
	at org.junit.runners.model.FrameworkMethod$1.runReflectiveCall(FrameworkMethod.java:47)
	at org.junit.internal.runners.model.ReflectiveCallable.run(ReflectiveCallable.java:12)
	at org.junit.runners.model.FrameworkMethod.invokeExplosively(FrameworkMethod.java:44)
	at org.junit.internal.runners.statements.InvokeMethod.evaluate(InvokeMethod.java:17)
	at org.junit.internal.runners.statements.RunBefores.evaluate(RunBefores.java:26)
	at org.junit.internal.runners.statements.RunAfters.evaluate(RunAfters.java:27)
	at org.junit.runners.ParentRunner.runLeaf(ParentRunner.java:271)
	at org.junit.runners.BlockJUnit4ClassRunner.runChild(BlockJUnit4ClassRunner.java:70)
	at org.junit.runners.BlockJUnit4ClassRunner.runChild(BlockJUnit4ClassRunner.java:50)
	at org.junit.runners.ParentRunner$3.run(ParentRunner.java:238)
	at org.junit.runners.ParentRunner$1.schedule(ParentRunner.java:63)
	at org.junit.runners.ParentRunner.runChildren(ParentRunner.java:236)
	at org.junit.runners.ParentRunner.access$000(ParentRunner.java:53)
	at org.junit.runners.ParentRunner$2.evaluate(ParentRunner.java:229)
	at org.junit.runners.ParentRunner.run(ParentRunner.java:309)
	at org.apache.maven.surefire.junit4.JUnit4Provider.execute(JUnit4Provider.java:365)
	at org.apache.maven.surefire.junit4.JUnit4Provider.executeWithRerun(JUnit4Provider.java:273)
	at org.apache.maven.surefire.junit4.JUnit4Provider.executeTestSet(JUnit4Provider.java:238)
	at org.apache.maven.surefire.junit4.JUnit4Provider.invoke(JUnit4Provider.java:159)
	at org.apache.maven.surefire.booter.ForkedBooter.invokeProviderInSameClassLoader(ForkedBooter.java:384)
	at org.apache.maven.surefire.booter.ForkedBooter.runSuitesInProcess(ForkedBooter.java:345)
	at org.apache.maven.surefire.booter.ForkedBooter.execute(ForkedBooter.java:126)
	at org.apache.maven.surefire.booter.ForkedBooter.main(ForkedBooter.java:418)
]]></failure>
    <system-out><![CDATA[2019-08-22 17:49:37,377 [main] WARN  server.ServerUtils (ServerUtils.java:getScmDbDir(145)) - ozone.scm.db.dirs is not configured. We recommend adding this setting. Falling back to ozone.metadata.dirs instead.
2019-08-22 17:49:37,403 [main] WARN  server.ServerUtils (ServerUtils.java:getScmDbDir(145)) - ozone.scm.db.dirs is not configured. We recommend adding this setting. Falling back to ozone.metadata.dirs instead.
2019-08-22 17:49:37,403 [main] WARN  server.ServerUtils (ServerUtils.java:getScmDbDir(145)) - ozone.scm.db.dirs is not configured. We recommend adding this setting. Falling back to ozone.metadata.dirs instead.
2019-08-22 17:49:37,404 [main] INFO  db.DBStoreBuilder (DBStoreBuilder.java:addTable(110)) - using custom profile for table: deletedBlocks
2019-08-22 17:49:37,404 [main] INFO  db.DBStoreBuilder (DBStoreBuilder.java:processTables(161)) - Using default column profile:DBProfile.DISK for Table:deletedBlocks
2019-08-22 17:49:37,404 [main] INFO  db.DBStoreBuilder (DBStoreBuilder.java:addTable(110)) - using custom profile for table: validCerts
2019-08-22 17:49:37,404 [main] INFO  db.DBStoreBuilder (DBStoreBuilder.java:processTables(161)) - Using default column profile:DBProfile.DISK for Table:validCerts
2019-08-22 17:49:37,405 [main] INFO  db.DBStoreBuilder (DBStoreBuilder.java:addTable(110)) - using custom profile for table: revokedCerts
2019-08-22 17:49:37,405 [main] INFO  db.DBStoreBuilder (DBStoreBuilder.java:processTables(161)) - Using default column profile:DBProfile.DISK for Table:revokedCerts
2019-08-22 17:49:37,405 [main] INFO  db.DBStoreBuilder (DBStoreBuilder.java:addTable(110)) - using custom profile for table: default
2019-08-22 17:49:37,405 [main] INFO  db.DBStoreBuilder (DBStoreBuilder.java:processTables(167)) - Using default column profile:DBProfile.DISK for Table:default
2019-08-22 17:49:37,405 [main] INFO  db.DBStoreBuilder (DBStoreBuilder.java:getDbProfile(198)) - Using default options. DBProfile.DISK
2019-08-22 17:49:37,623 [main] INFO  net.NodeSchemaLoader (NodeSchemaLoader.java:loadSchemaFromFile(125)) - Loading file from sun.misc.CompoundEnumeration@69e3e1d9
2019-08-22 17:49:37,624 [main] INFO  net.NodeSchemaLoader (NodeSchemaLoader.java:loadSchema(171)) - Loading network topology layer schema file
2019-08-22 17:49:37,630 [main] INFO  node.SCMNodeManager (SCMNodeManager.java:<init>(121)) - Entering startup safe mode.
2019-08-22 17:49:37,631 [main] INFO  algorithms.ContainerPlacementPolicyFactory (ContainerPlacementPolicyFactory.java:getPolicy(55)) - Create container placement policy of type org.apache.hadoop.hdds.scm.container.placement.algorithms.SCMContainerPlacementRandom
2019-08-22 17:49:37,632 [main] WARN  server.ServerUtils (ServerUtils.java:getScmDbDir(145)) - ozone.scm.db.dirs is not configured. We recommend adding this setting. Falling back to ozone.metadata.dirs instead.
2019-08-22 17:49:37,720 [main] INFO  pipeline.SCMPipelineManager (SCMPipelineManager.java:initializePipelineState(126)) - No pipeline exists in current db
2019-08-22 17:49:37,720 [main] WARN  server.ServerUtils (ServerUtils.java:getScmDbDir(145)) - ozone.scm.db.dirs is not configured. We recommend adding this setting. Falling back to ozone.metadata.dirs instead.
2019-08-22 17:49:37,796 [main] WARN  events.EventQueue (EventQueue.java:fireEvent(175)) - No event handler registered for event TypedEvent{payloadType=SafeModeStatus, name='SafeModeStatus'}
2019-08-22 17:49:37,797 [main] INFO  ipc.CallQueueManager (CallQueueManager.java:<init>(84)) - Using callQueue: class java.util.concurrent.LinkedBlockingQueue, queueCapacity: 2000, scheduler: class org.apache.hadoop.ipc.DefaultRpcScheduler, ipcBackoff: false.
2019-08-22 17:49:37,798 [Socket Reader #1 for port 41341] INFO  ipc.Server (Server.java:run(1074)) - Starting Socket Reader #1 for port 41341
2019-08-22 17:49:37,800 [main] INFO  ipc.CallQueueManager (CallQueueManager.java:<init>(84)) - Using callQueue: class java.util.concurrent.LinkedBlockingQueue, queueCapacity: 2000, scheduler: class org.apache.hadoop.ipc.DefaultRpcScheduler, ipcBackoff: false.
2019-08-22 17:49:37,800 [Socket Reader #1 for port 34722] INFO  ipc.Server (Server.java:run(1074)) - Starting Socket Reader #1 for port 34722
2019-08-22 17:49:37,802 [main] INFO  ipc.CallQueueManager (CallQueueManager.java:<init>(84)) - Using callQueue: class java.util.concurrent.LinkedBlockingQueue, queueCapacity: 2000, scheduler: class org.apache.hadoop.ipc.DefaultRpcScheduler, ipcBackoff: false.
2019-08-22 17:49:37,803 [Socket Reader #1 for port 37698] INFO  ipc.Server (Server.java:run(1074)) - Starting Socket Reader #1 for port 37698
2019-08-22 17:49:37,807 [main] INFO  hdfs.DFSUtil (DFSUtil.java:httpServerTemplateForNNAndJN(1641)) - Starting Web-server for scm at: http://0.0.0.0:0
2019-08-22 17:49:37,811 [main] INFO  server.AuthenticationFilter (AuthenticationFilter.java:constructSecretProvider(240)) - Unable to initialize FileSignerSecretProvider, falling back to use random secrets.
2019-08-22 17:49:37,811 [main] WARN  http.HttpRequestLog (HttpRequestLog.java:getRequestLog(97)) - Jetty request log can only be enabled using Log4j
2019-08-22 17:49:37,813 [main] INFO  http.HttpServer2 (HttpServer2.java:addGlobalFilter(975)) - Added global filter 'safety' (class=org.apache.hadoop.http.HttpServer2$QuotingInputFilter)
2019-08-22 17:49:37,813 [main] INFO  http.HttpServer2 (HttpServer2.java:addFilter(948)) - Added filter static_user_filter (class=org.apache.hadoop.http.lib.StaticUserWebFilter$StaticUserFilter) to context scm
2019-08-22 17:49:37,814 [main] INFO  http.HttpServer2 (HttpServer2.java:addFilter(958)) - Added filter static_user_filter (class=org.apache.hadoop.http.lib.StaticUserWebFilter$StaticUserFilter) to context static
2019-08-22 17:49:37,814 [main] INFO  http.HttpServer2 (HttpServer2.java:addFilter(958)) - Added filter static_user_filter (class=org.apache.hadoop.http.lib.StaticUserWebFilter$StaticUserFilter) to context logs
2019-08-22 17:49:37,815 [main] INFO  server.StorageContainerManager (StorageContainerManager.java:start(759)) - StorageContainerLocationProtocol RPC server is listening at /0.0.0.0:37698
2019-08-22 17:49:37,817 [main] WARN  impl.MetricsConfig (MetricsConfig.java:loadFirst(134)) - Cannot locate configuration: tried hadoop-metrics2-storagecontainermanager.properties,hadoop-metrics2.properties
2019-08-22 17:49:37,818 [main] INFO  impl.MetricsSystemImpl (MetricsSystemImpl.java:startTimer(374)) - Scheduled Metric snapshot period at 10 second(s).
2019-08-22 17:49:37,818 [main] INFO  impl.MetricsSystemImpl (MetricsSystemImpl.java:start(191)) - StorageContainerManager metrics system started
2019-08-22 17:49:37,939 [main] INFO  server.SCMClientProtocolServer (SCMClientProtocolServer.java:start(151)) - RPC server for Client  is listening at /0.0.0.0:37698
2019-08-22 17:49:37,939 [IPC Server Responder] INFO  ipc.Server (Server.java:run(1314)) - IPC Server Responder: starting
2019-08-22 17:49:37,939 [IPC Server listener on 37698] INFO  ipc.Server (Server.java:run(1153)) - IPC Server listener on 37698: starting
2019-08-22 17:49:37,942 [main] INFO  server.StorageContainerManager (StorageContainerManager.java:start(769)) - ScmBlockLocationProtocol RPC server is listening at /0.0.0.0:34722
2019-08-22 17:49:37,942 [main] INFO  server.SCMBlockProtocolServer (SCMBlockProtocolServer.java:start(140)) - RPC server for Block Protocol is listening at /0.0.0.0:34722
2019-08-22 17:49:37,943 [IPC Server Responder] INFO  ipc.Server (Server.java:run(1314)) - IPC Server Responder: starting
2019-08-22 17:49:37,943 [IPC Server listener on 34722] INFO  ipc.Server (Server.java:run(1153)) - IPC Server listener on 34722: starting
2019-08-22 17:49:37,945 [main] INFO  server.StorageContainerManager (StorageContainerManager.java:start(773)) - ScmDatanodeProtocl RPC server is listening at /0.0.0.0:41341
2019-08-22 17:49:37,945 [main] INFO  server.SCMDatanodeProtocolServer (SCMDatanodeProtocolServer.java:start(191)) - RPC server for DataNodes is listening at /0.0.0.0:41341
2019-08-22 17:49:37,946 [IPC Server Responder] INFO  ipc.Server (Server.java:run(1314)) - IPC Server Responder: starting
2019-08-22 17:49:37,946 [IPC Server listener on 41341] INFO  ipc.Server (Server.java:run(1153)) - IPC Server listener on 41341: starting
2019-08-22 17:49:37,952 [main] INFO  http.HttpServer2 (HttpServer2.java:bindListener(1191)) - Jetty bound to port 40385
2019-08-22 17:49:37,952 [main] INFO  server.Server (Server.java:doStart(351)) - jetty-9.3.24.v20180605, build timestamp: 2018-06-05T17:11:56Z, git hash: 84205aa28f11a4f31f2a3b86d1bba2cc8ab69827
2019-08-22 17:49:37,953 [main] INFO  handler.ContextHandler (ContextHandler.java:doStart(781)) - Started o.e.j.s.ServletContextHandler@2c6b36d7{/logs,file:///workdir/hadoop-ozone/integration-test/target/log,AVAILABLE}
2019-08-22 17:49:37,954 [main] INFO  handler.ContextHandler (ContextHandler.java:doStart(781)) - Started o.e.j.s.ServletContextHandler@17e03804{/static,file:///workdir/hadoop-ozone/integration-test/target/test-classes/webapps/static,AVAILABLE}
2019-08-22 17:49:37,957 [main] INFO  handler.ContextHandler (ContextHandler.java:doStart(781)) - Started o.e.j.w.WebAppContext@7310bc90{/,file:///workdir/hadoop-ozone/integration-test/target/test-classes/webapps/scm/,AVAILABLE}{/scm}
2019-08-22 17:49:37,958 [main] INFO  server.AbstractConnector (AbstractConnector.java:doStart(278)) - Started ServerConnector@18a421ea{HTTP/1.1,[http/1.1]}{0.0.0.0:40385}
2019-08-22 17:49:37,959 [main] INFO  server.Server (Server.java:doStart(419)) - Started @586368ms
2019-08-22 17:49:37,959 [main] INFO  server.BaseHttpServer (BaseHttpServer.java:updateConnectorAddress(213)) - HTTP server of SCM is listening at http://0.0.0.0:40385
2019-08-22 17:49:37,960 [main] WARN  server.ServerUtils (ServerUtils.java:getDBPath(222)) - ozone.om.db.dirs is not configured. We recommend adding this setting. Falling back to ozone.metadata.dirs instead.
2019-08-22 17:49:37,960 [org.apache.hadoop.util.JvmPauseMonitor$Monitor@5632bed3] INFO  util.JvmPauseMonitor (JvmPauseMonitor.java:run(188)) - Starting JVM pause monitor
2019-08-22 17:49:37,975 [main] WARN  server.ServerUtils (ServerUtils.java:getDBPath(222)) - ozone.om.db.dirs is not configured. We recommend adding this setting. Falling back to ozone.metadata.dirs instead.
2019-08-22 17:49:37,975 [main] WARN  server.ServerUtils (ServerUtils.java:getDBPath(222)) - ozone.om.db.dirs is not configured. We recommend adding this setting. Falling back to ozone.metadata.dirs instead.
2019-08-22 17:49:37,976 [main] INFO  om.OzoneManager (OzoneManager.java:setOMNodeDetails(648)) - OM Service ID is not set. Setting it to the default ID: omServiceIdDefault
2019-08-22 17:49:37,976 [main] INFO  om.OzoneManager (OzoneManager.java:setOMNodeDetails(654)) - OM Node ID is not set. Setting it to the OmStorage's OmID: f607c320-9105-493e-a258-940f836ba75a
2019-08-22 17:49:37,976 [main] INFO  om.OzoneManager (OzoneManager.java:loadOMHAConfigs(605)) - Found matching OM address with OMServiceId: null, OMNodeId: null, RPC Address: localhost:0 and Ratis port: 9872
2019-08-22 17:49:37,980 | INFO  | SCMAudit | user=jenkins1000 | ip=192.168.5.173 | op=GET_SCM_INFO null | ret=SUCCESS |  
2019-08-22 17:49:37,984 [main] WARN  server.ServerUtils (ServerUtils.java:getDBPath(222)) - ozone.om.db.dirs is not configured. We recommend adding this setting. Falling back to ozone.metadata.dirs instead.
2019-08-22 17:49:37,984 [main] INFO  db.DBStoreBuilder (DBStoreBuilder.java:addTable(110)) - using custom profile for table: userTable
2019-08-22 17:49:37,984 [main] INFO  db.DBStoreBuilder (DBStoreBuilder.java:processTables(161)) - Using default column profile:DBProfile.DISK for Table:userTable
2019-08-22 17:49:37,985 [main] INFO  db.DBStoreBuilder (DBStoreBuilder.java:addTable(110)) - using custom profile for table: volumeTable
2019-08-22 17:49:37,985 [main] INFO  db.DBStoreBuilder (DBStoreBuilder.java:processTables(161)) - Using default column profile:DBProfile.DISK for Table:volumeTable
2019-08-22 17:49:37,985 [main] INFO  db.DBStoreBuilder (DBStoreBuilder.java:addTable(110)) - using custom profile for table: bucketTable
2019-08-22 17:49:37,985 [main] INFO  db.DBStoreBuilder (DBStoreBuilder.java:processTables(161)) - Using default column profile:DBProfile.DISK for Table:bucketTable
2019-08-22 17:49:37,985 [main] INFO  db.DBStoreBuilder (DBStoreBuilder.java:addTable(110)) - using custom profile for table: keyTable
2019-08-22 17:49:37,985 [main] INFO  db.DBStoreBuilder (DBStoreBuilder.java:processTables(161)) - Using default column profile:DBProfile.DISK for Table:keyTable
2019-08-22 17:49:37,986 [main] INFO  db.DBStoreBuilder (DBStoreBuilder.java:addTable(110)) - using custom profile for table: deletedTable
2019-08-22 17:49:37,986 [main] INFO  db.DBStoreBuilder (DBStoreBuilder.java:processTables(161)) - Using default column profile:DBProfile.DISK for Table:deletedTable
2019-08-22 17:49:37,986 [main] INFO  db.DBStoreBuilder (DBStoreBuilder.java:addTable(110)) - using custom profile for table: openKeyTable
2019-08-22 17:49:37,986 [main] INFO  db.DBStoreBuilder (DBStoreBuilder.java:processTables(161)) - Using default column profile:DBProfile.DISK for Table:openKeyTable
2019-08-22 17:49:37,986 [main] INFO  db.DBStoreBuilder (DBStoreBuilder.java:addTable(110)) - using custom profile for table: s3Table
2019-08-22 17:49:37,986 [main] INFO  db.DBStoreBuilder (DBStoreBuilder.java:processTables(161)) - Using default column profile:DBProfile.DISK for Table:s3Table
2019-08-22 17:49:37,987 [main] INFO  db.DBStoreBuilder (DBStoreBuilder.java:addTable(110)) - using custom profile for table: multipartInfoTable
2019-08-22 17:49:37,987 [main] INFO  db.DBStoreBuilder (DBStoreBuilder.java:processTables(161)) - Using default column profile:DBProfile.DISK for Table:multipartInfoTable
2019-08-22 17:49:37,987 [main] INFO  db.DBStoreBuilder (DBStoreBuilder.java:addTable(110)) - using custom profile for table: dTokenTable
2019-08-22 17:49:37,987 [main] INFO  db.DBStoreBuilder (DBStoreBuilder.java:processTables(161)) - Using default column profile:DBProfile.DISK for Table:dTokenTable
2019-08-22 17:49:37,987 [main] INFO  db.DBStoreBuilder (DBStoreBuilder.java:addTable(110)) - using custom profile for table: s3SecretTable
2019-08-22 17:49:37,987 [main] INFO  db.DBStoreBuilder (DBStoreBuilder.java:processTables(161)) - Using default column profile:DBProfile.DISK for Table:s3SecretTable
2019-08-22 17:49:37,988 [main] INFO  db.DBStoreBuilder (DBStoreBuilder.java:addTable(110)) - using custom profile for table: prefixTable
2019-08-22 17:49:37,988 [main] INFO  db.DBStoreBuilder (DBStoreBuilder.java:processTables(161)) - Using default column profile:DBProfile.DISK for Table:prefixTable
2019-08-22 17:49:37,988 [main] INFO  db.DBStoreBuilder (DBStoreBuilder.java:addTable(110)) - using custom profile for table: default
2019-08-22 17:49:37,988 [main] INFO  db.DBStoreBuilder (DBStoreBuilder.java:processTables(167)) - Using default column profile:DBProfile.DISK for Table:default
2019-08-22 17:49:37,988 [main] INFO  db.DBStoreBuilder (DBStoreBuilder.java:getDbProfile(198)) - Using default options. DBProfile.DISK
2019-08-22 17:49:38,594 [main] INFO  ipc.CallQueueManager (CallQueueManager.java:<init>(84)) - Using callQueue: class java.util.concurrent.LinkedBlockingQueue, queueCapacity: 2000, scheduler: class org.apache.hadoop.ipc.DefaultRpcScheduler, ipcBackoff: false.
2019-08-22 17:49:38,595 [Socket Reader #1 for port 42646] INFO  ipc.Server (Server.java:run(1074)) - Starting Socket Reader #1 for port 42646
2019-08-22 17:49:38,608 [main] INFO  om.OzoneManager (OzoneManager.java:start(1259)) - OzoneManager RPC server is listening at localhost/127.0.0.1:42646
2019-08-22 17:49:38,608 [main] INFO  impl.MetricsSystemImpl (MetricsSystemImpl.java:init(158)) - OzoneManager metrics system started (again)
2019-08-22 17:49:38,609 [IPC Server listener on 42646] INFO  ipc.Server (Server.java:run(1153)) - IPC Server listener on 42646: starting
2019-08-22 17:49:38,609 [IPC Server Responder] INFO  ipc.Server (Server.java:run(1314)) - IPC Server Responder: starting
2019-08-22 17:49:38,615 [main] INFO  hdfs.DFSUtil (DFSUtil.java:httpServerTemplateForNNAndJN(1641)) - Starting Web-server for ozoneManager at: http://0.0.0.0:0
2019-08-22 17:49:38,616 [main] INFO  server.AuthenticationFilter (AuthenticationFilter.java:constructSecretProvider(240)) - Unable to initialize FileSignerSecretProvider, falling back to use random secrets.
2019-08-22 17:49:38,616 [main] WARN  http.HttpRequestLog (HttpRequestLog.java:getRequestLog(97)) - Jetty request log can only be enabled using Log4j
2019-08-22 17:49:38,618 [main] INFO  http.HttpServer2 (HttpServer2.java:addGlobalFilter(975)) - Added global filter 'safety' (class=org.apache.hadoop.http.HttpServer2$QuotingInputFilter)
2019-08-22 17:49:38,618 [main] INFO  http.HttpServer2 (HttpServer2.java:addFilter(948)) - Added filter static_user_filter (class=org.apache.hadoop.http.lib.StaticUserWebFilter$StaticUserFilter) to context ozoneManager
2019-08-22 17:49:38,619 [main] INFO  http.HttpServer2 (HttpServer2.java:addFilter(958)) - Added filter static_user_filter (class=org.apache.hadoop.http.lib.StaticUserWebFilter$StaticUserFilter) to context logs
2019-08-22 17:49:38,619 [main] INFO  http.HttpServer2 (HttpServer2.java:addFilter(958)) - Added filter static_user_filter (class=org.apache.hadoop.http.lib.StaticUserWebFilter$StaticUserFilter) to context static
2019-08-22 17:49:38,619 [main] INFO  http.HttpServer2 (HttpServer2.java:bindListener(1191)) - Jetty bound to port 45756
2019-08-22 17:49:38,620 [main] INFO  server.Server (Server.java:doStart(351)) - jetty-9.3.24.v20180605, build timestamp: 2018-06-05T17:11:56Z, git hash: 84205aa28f11a4f31f2a3b86d1bba2cc8ab69827
2019-08-22 17:49:38,621 [main] INFO  handler.ContextHandler (ContextHandler.java:doStart(781)) - Started o.e.j.s.ServletContextHandler@497ccf3{/logs,file:///workdir/hadoop-ozone/integration-test/target/log,AVAILABLE}
2019-08-22 17:49:38,621 [main] INFO  handler.ContextHandler (ContextHandler.java:doStart(781)) - Started o.e.j.s.ServletContextHandler@743167c7{/static,file:///workdir/hadoop-ozone/integration-test/target/test-classes/webapps/static,AVAILABLE}
2019-08-22 17:49:38,624 [main] INFO  handler.ContextHandler (ContextHandler.java:doStart(781)) - Started o.e.j.w.WebAppContext@7ae88df1{/,file:///workdir/hadoop-ozone/integration-test/target/test-classes/webapps/ozoneManager/,AVAILABLE}{/ozoneManager}
2019-08-22 17:49:38,625 [main] INFO  server.AbstractConnector (AbstractConnector.java:doStart(278)) - Started ServerConnector@502a9b30{HTTP/1.1,[http/1.1]}{0.0.0.0:45756}
2019-08-22 17:49:38,626 [main] INFO  server.Server (Server.java:doStart(419)) - Started @587035ms
2019-08-22 17:49:38,626 [main] INFO  server.BaseHttpServer (BaseHttpServer.java:updateConnectorAddress(213)) - HTTP server of OZONEMANAGER is listening at http://0.0.0.0:45756
2019-08-22 17:49:38,639 [main] INFO  impl.MetricsSystemImpl (MetricsSystemImpl.java:init(158)) - HddsDatanode metrics system started (again)
2019-08-22 17:49:38,642 [main] INFO  ozone.HddsDatanodeService (HddsDatanodeService.java:start(184)) - HddsDatanodeService host:pr-hdds-1808-4dtdn-3774871440 ip:192.168.5.173
2019-08-22 17:49:38,652 [main] INFO  volume.HddsVolume (HddsVolume.java:<init>(176)) - Creating Volume: /workdir/hadoop-ozone/integration-test/target/test-dir/MiniOzoneClusterImpl-759fa8c2-74ee-4da7-994d-2e8cc84df3a0/datanode-0/data/containers/hdds of  storage type : DISK and capacity : 1482555576320
2019-08-22 17:49:38,652 [main] INFO  volume.VolumeSet (VolumeSet.java:initializeVolumeSet(170)) - Added Volume : /workdir/hadoop-ozone/integration-test/target/test-dir/MiniOzoneClusterImpl-759fa8c2-74ee-4da7-994d-2e8cc84df3a0/datanode-0/data/containers/hdds to VolumeSet
2019-08-22 17:49:38,653 [main] INFO  volume.ThrottledAsyncChecker (ThrottledAsyncChecker.java:schedule(140)) - Scheduling a check for org.apache.hadoop.ozone.container.common.volume.HddsVolume@74c58f64
2019-08-22 17:49:38,653 [main] INFO  volume.HddsVolumeChecker (HddsVolumeChecker.java:checkAllVolumes(203)) - Scheduled health check for volume org.apache.hadoop.ozone.container.common.volume.HddsVolume@74c58f64
2019-08-22 17:49:38,666 [main] INFO  impl.RaftServerProxy (ConfUtils.java:logGet(43)) - raft.rpc.type = GRPC (default)
2019-08-22 17:49:38,667 [main] INFO  grpc.GrpcFactory (GrpcFactory.java:checkPooledByteBufAllocatorUseCacheForAllThreads(45)) - PERFORMANCE WARNING: useCacheForAllThreads is true that may cause Netty to create a lot garbage objects and, as a result, trigger GC.
	It is recommended to disable useCacheForAllThreads by setting -Dorg.apache.ratis.thirdparty.io.netty.allocator.useCacheForAllThreads=false in command line.
2019-08-22 17:49:38,667 [main] INFO  grpc.GrpcConfigKeys$Server (ConfUtils.java:logGet(43)) - raft.grpc.server.port = 0 (default)
2019-08-22 17:49:38,667 [main] INFO  server.GrpcService (ConfUtils.java:logGet(43)) - raft.grpc.message.size.max = 33570816 (custom)
2019-08-22 17:49:38,667 [main] INFO  server.RaftServerConfigKeys (ConfUtils.java:logGet(43)) - raft.server.log.appender.buffer.byte-limit = 33554432 (custom)
2019-08-22 17:49:38,667 [main] INFO  server.GrpcService (ConfUtils.java:logGet(43)) - raft.grpc.flow.control.window = 1MB (=1048576) (default)
2019-08-22 17:49:38,668 [main] INFO  server.RaftServerConfigKeys (ConfUtils.java:logGet(43)) - raft.server.rpc.request.timeout = 3000ms (default)
2019-08-22 17:49:38,668 [main] INFO  server.RaftServerConfigKeys (ConfUtils.java:logGet(43)) - raft.server.storage.dir = [/workdir/hadoop-ozone/integration-test/target/test-dir/MiniOzoneClusterImpl-759fa8c2-74ee-4da7-994d-2e8cc84df3a0/datanode-0/data/ratis] (custom)
2019-08-22 17:49:38,669 [main] INFO  replication.SimpleContainerDownloader (SimpleContainerDownloader.java:<init>(72)) - Starting container downloader service to copy containers to replicate.
2019-08-22 17:49:38,670 [main] INFO  hdfs.DFSUtil (DFSUtil.java:httpServerTemplateForNNAndJN(1641)) - Starting Web-server for hddsDatanode at: http://0.0.0.0:0
2019-08-22 17:49:38,671 [main] INFO  server.AuthenticationFilter (AuthenticationFilter.java:constructSecretProvider(240)) - Unable to initialize FileSignerSecretProvider, falling back to use random secrets.
2019-08-22 17:49:38,671 [main] WARN  http.HttpRequestLog (HttpRequestLog.java:getRequestLog(97)) - Jetty request log can only be enabled using Log4j
2019-08-22 17:49:38,672 [main] INFO  http.HttpServer2 (HttpServer2.java:addGlobalFilter(975)) - Added global filter 'safety' (class=org.apache.hadoop.http.HttpServer2$QuotingInputFilter)
2019-08-22 17:49:38,673 [main] INFO  http.HttpServer2 (HttpServer2.java:addFilter(948)) - Added filter static_user_filter (class=org.apache.hadoop.http.lib.StaticUserWebFilter$StaticUserFilter) to context hddsDatanode
2019-08-22 17:49:38,673 [main] INFO  http.HttpServer2 (HttpServer2.java:addFilter(958)) - Added filter static_user_filter (class=org.apache.hadoop.http.lib.StaticUserWebFilter$StaticUserFilter) to context static
2019-08-22 17:49:38,673 [main] INFO  http.HttpServer2 (HttpServer2.java:addFilter(958)) - Added filter static_user_filter (class=org.apache.hadoop.http.lib.StaticUserWebFilter$StaticUserFilter) to context logs
2019-08-22 17:49:38,674 [main] INFO  http.HttpServer2 (HttpServer2.java:bindListener(1191)) - Jetty bound to port 45503
2019-08-22 17:49:38,674 [main] INFO  server.Server (Server.java:doStart(351)) - jetty-9.3.24.v20180605, build timestamp: 2018-06-05T17:11:56Z, git hash: 84205aa28f11a4f31f2a3b86d1bba2cc8ab69827
2019-08-22 17:49:38,675 [main] INFO  handler.ContextHandler (ContextHandler.java:doStart(781)) - Started o.e.j.s.ServletContextHandler@251d64d6{/logs,file:///workdir/hadoop-ozone/integration-test/target/log,AVAILABLE}
2019-08-22 17:49:38,676 [main] INFO  handler.ContextHandler (ContextHandler.java:doStart(781)) - Started o.e.j.s.ServletContextHandler@17e96b3c{/static,jar:file:/home/user/.m2/repository/org/apache/hadoop/hadoop-hdds-container-service/0.5.0-SNAPSHOT/hadoop-hdds-container-service-0.5.0-SNAPSHOT.jar!/webapps/static,AVAILABLE}
2019-08-22 17:49:38,703 [main] INFO  handler.ContextHandler (ContextHandler.java:doStart(781)) - Started o.e.j.w.WebAppContext@375376d5{/,file:///tmp/jetty-0.0.0.0-45503-hddsDatanode-_-any-1631091749952887700.dir/webapp/,AVAILABLE}{/hddsDatanode}
2019-08-22 17:49:38,704 [main] INFO  server.AbstractConnector (AbstractConnector.java:doStart(278)) - Started ServerConnector@7dd3f20e{HTTP/1.1,[http/1.1]}{0.0.0.0:45503}
2019-08-22 17:49:38,705 [main] INFO  server.Server (Server.java:doStart(419)) - Started @587114ms
2019-08-22 17:49:38,706 [main] INFO  server.BaseHttpServer (BaseHttpServer.java:updateConnectorAddress(213)) - HTTP server of HDDSDATANODE is listening at http://0.0.0.0:45503
2019-08-22 17:49:38,829 | INFO  | ObjectStoreRestHttpServer | Listening HDDS REST traffic on /0.0.0.0:44256 |  
2019-08-22 17:49:38,829 [main] INFO  ozone.HddsDatanodeService (HddsDatanodeService.java:startPlugins(395)) - Started plug-in org.apache.hadoop.ozone.web.OzoneHddsDatanodeService@1c1bc904
2019-08-22 17:49:38,829 [main] INFO  impl.MetricsSystemImpl (MetricsSystemImpl.java:init(158)) - HddsDatanode metrics system started (again)
2019-08-22 17:49:38,832 [org.apache.hadoop.util.JvmPauseMonitor$Monitor@7a91af84] INFO  util.JvmPauseMonitor (JvmPauseMonitor.java:run(188)) - Starting JVM pause monitor
2019-08-22 17:49:38,832 [main] INFO  ozone.HddsDatanodeService (HddsDatanodeService.java:start(184)) - HddsDatanodeService host:pr-hdds-1808-4dtdn-3774871440 ip:192.168.5.173
2019-08-22 17:49:38,834 [Datanode State Machine Thread - 0] INFO  datanode.InitDatanodeState (InitDatanodeState.java:persistContainerDatanodeDetails(140)) - DatanodeDetails is persisted to /workdir/hadoop-ozone/integration-test/target/test-dir/MiniOzoneClusterImpl-759fa8c2-74ee-4da7-994d-2e8cc84df3a0/datanode-0/meta/datanode.id
2019-08-22 17:49:38,843 [main] INFO  volume.HddsVolume (HddsVolume.java:<init>(176)) - Creating Volume: /workdir/hadoop-ozone/integration-test/target/test-dir/MiniOzoneClusterImpl-759fa8c2-74ee-4da7-994d-2e8cc84df3a0/datanode-1/data/containers/hdds of  storage type : DISK and capacity : 1482555576320
2019-08-22 17:49:38,843 [main] INFO  volume.VolumeSet (VolumeSet.java:initializeVolumeSet(170)) - Added Volume : /workdir/hadoop-ozone/integration-test/target/test-dir/MiniOzoneClusterImpl-759fa8c2-74ee-4da7-994d-2e8cc84df3a0/datanode-1/data/containers/hdds to VolumeSet
2019-08-22 17:49:38,843 [main] INFO  volume.ThrottledAsyncChecker (ThrottledAsyncChecker.java:schedule(140)) - Scheduling a check for org.apache.hadoop.ozone.container.common.volume.HddsVolume@3f514364
2019-08-22 17:49:38,844 [main] INFO  volume.HddsVolumeChecker (HddsVolumeChecker.java:checkAllVolumes(203)) - Scheduled health check for volume org.apache.hadoop.ozone.container.common.volume.HddsVolume@3f514364
2019-08-22 17:49:38,856 [main] INFO  impl.RaftServerProxy (ConfUtils.java:logGet(43)) - raft.rpc.type = GRPC (default)
2019-08-22 17:49:38,856 [main] INFO  grpc.GrpcFactory (GrpcFactory.java:checkPooledByteBufAllocatorUseCacheForAllThreads(45)) - PERFORMANCE WARNING: useCacheForAllThreads is true that may cause Netty to create a lot garbage objects and, as a result, trigger GC.
	It is recommended to disable useCacheForAllThreads by setting -Dorg.apache.ratis.thirdparty.io.netty.allocator.useCacheForAllThreads=false in command line.
2019-08-22 17:49:38,857 [main] INFO  grpc.GrpcConfigKeys$Server (ConfUtils.java:logGet(43)) - raft.grpc.server.port = 0 (default)
2019-08-22 17:49:38,857 [main] INFO  server.GrpcService (ConfUtils.java:logGet(43)) - raft.grpc.message.size.max = 33570816 (custom)
2019-08-22 17:49:38,857 [main] INFO  server.RaftServerConfigKeys (ConfUtils.java:logGet(43)) - raft.server.log.appender.buffer.byte-limit = 33554432 (custom)
2019-08-22 17:49:38,857 [main] INFO  server.GrpcService (ConfUtils.java:logGet(43)) - raft.grpc.flow.control.window = 1MB (=1048576) (default)
2019-08-22 17:49:38,857 [main] INFO  server.RaftServerConfigKeys (ConfUtils.java:logGet(43)) - raft.server.rpc.request.timeout = 3000ms (default)
2019-08-22 17:49:38,858 [main] INFO  server.RaftServerConfigKeys (ConfUtils.java:logGet(43)) - raft.server.storage.dir = [/workdir/hadoop-ozone/integration-test/target/test-dir/MiniOzoneClusterImpl-759fa8c2-74ee-4da7-994d-2e8cc84df3a0/datanode-1/data/ratis] (custom)
2019-08-22 17:49:38,858 [main] INFO  replication.SimpleContainerDownloader (SimpleContainerDownloader.java:<init>(72)) - Starting container downloader service to copy containers to replicate.
2019-08-22 17:49:38,859 [main] INFO  hdfs.DFSUtil (DFSUtil.java:httpServerTemplateForNNAndJN(1641)) - Starting Web-server for hddsDatanode at: http://0.0.0.0:0
2019-08-22 17:49:38,860 [main] INFO  server.AuthenticationFilter (AuthenticationFilter.java:constructSecretProvider(240)) - Unable to initialize FileSignerSecretProvider, falling back to use random secrets.
2019-08-22 17:49:38,861 [main] WARN  http.HttpRequestLog (HttpRequestLog.java:getRequestLog(97)) - Jetty request log can only be enabled using Log4j
2019-08-22 17:49:38,862 [main] INFO  http.HttpServer2 (HttpServer2.java:addGlobalFilter(975)) - Added global filter 'safety' (class=org.apache.hadoop.http.HttpServer2$QuotingInputFilter)
2019-08-22 17:49:38,862 [main] INFO  http.HttpServer2 (HttpServer2.java:addFilter(948)) - Added filter static_user_filter (class=org.apache.hadoop.http.lib.StaticUserWebFilter$StaticUserFilter) to context hddsDatanode
2019-08-22 17:49:38,863 [main] INFO  http.HttpServer2 (HttpServer2.java:addFilter(958)) - Added filter static_user_filter (class=org.apache.hadoop.http.lib.StaticUserWebFilter$StaticUserFilter) to context logs
2019-08-22 17:49:38,863 [main] INFO  http.HttpServer2 (HttpServer2.java:addFilter(958)) - Added filter static_user_filter (class=org.apache.hadoop.http.lib.StaticUserWebFilter$StaticUserFilter) to context static
2019-08-22 17:49:38,863 [main] INFO  http.HttpServer2 (HttpServer2.java:bindListener(1191)) - Jetty bound to port 43155
2019-08-22 17:49:38,863 [main] INFO  server.Server (Server.java:doStart(351)) - jetty-9.3.24.v20180605, build timestamp: 2018-06-05T17:11:56Z, git hash: 84205aa28f11a4f31f2a3b86d1bba2cc8ab69827
2019-08-22 17:49:38,865 [main] INFO  handler.ContextHandler (ContextHandler.java:doStart(781)) - Started o.e.j.s.ServletContextHandler@533ed36e{/logs,file:///workdir/hadoop-ozone/integration-test/target/log,AVAILABLE}
2019-08-22 17:49:38,865 [main] INFO  handler.ContextHandler (ContextHandler.java:doStart(781)) - Started o.e.j.s.ServletContextHandler@7262532a{/static,jar:file:/home/user/.m2/repository/org/apache/hadoop/hadoop-hdds-container-service/0.5.0-SNAPSHOT/hadoop-hdds-container-service-0.5.0-SNAPSHOT.jar!/webapps/static,AVAILABLE}
2019-08-22 17:49:38,888 [main] INFO  handler.ContextHandler (ContextHandler.java:doStart(781)) - Started o.e.j.w.WebAppContext@2c99419f{/,file:///tmp/jetty-0.0.0.0-43155-hddsDatanode-_-any-7704411973412424198.dir/webapp/,AVAILABLE}{/hddsDatanode}
2019-08-22 17:49:38,888 [main] INFO  server.AbstractConnector (AbstractConnector.java:doStart(278)) - Started ServerConnector@6a73b74c{HTTP/1.1,[http/1.1]}{0.0.0.0:43155}
2019-08-22 17:49:38,888 [main] INFO  server.Server (Server.java:doStart(419)) - Started @587298ms
2019-08-22 17:49:38,889 [main] INFO  server.BaseHttpServer (BaseHttpServer.java:updateConnectorAddress(213)) - HTTP server of HDDSDATANODE is listening at http://0.0.0.0:43155
2019-08-22 17:49:38,986 | INFO  | ObjectStoreRestHttpServer | Listening HDDS REST traffic on /0.0.0.0:46435 |  
2019-08-22 17:49:38,986 [main] INFO  ozone.HddsDatanodeService (HddsDatanodeService.java:startPlugins(395)) - Started plug-in org.apache.hadoop.ozone.web.OzoneHddsDatanodeService@5aeb2c8a
2019-08-22 17:49:38,986 [main] INFO  impl.MetricsSystemImpl (MetricsSystemImpl.java:init(158)) - HddsDatanode metrics system started (again)
2019-08-22 17:49:38,989 [main] INFO  ozone.HddsDatanodeService (HddsDatanodeService.java:start(184)) - HddsDatanodeService host:pr-hdds-1808-4dtdn-3774871440 ip:192.168.5.173
2019-08-22 17:49:38,989 [org.apache.hadoop.util.JvmPauseMonitor$Monitor@3706e87d] INFO  util.JvmPauseMonitor (JvmPauseMonitor.java:run(188)) - Starting JVM pause monitor
2019-08-22 17:49:38,991 [Datanode State Machine Thread - 0] INFO  datanode.InitDatanodeState (InitDatanodeState.java:persistContainerDatanodeDetails(140)) - DatanodeDetails is persisted to /workdir/hadoop-ozone/integration-test/target/test-dir/MiniOzoneClusterImpl-759fa8c2-74ee-4da7-994d-2e8cc84df3a0/datanode-1/meta/datanode.id
2019-08-22 17:49:39,001 [main] INFO  volume.HddsVolume (HddsVolume.java:<init>(176)) - Creating Volume: /workdir/hadoop-ozone/integration-test/target/test-dir/MiniOzoneClusterImpl-759fa8c2-74ee-4da7-994d-2e8cc84df3a0/datanode-2/data/containers/hdds of  storage type : DISK and capacity : 1482555576320
2019-08-22 17:49:39,001 [main] INFO  volume.VolumeSet (VolumeSet.java:initializeVolumeSet(170)) - Added Volume : /workdir/hadoop-ozone/integration-test/target/test-dir/MiniOzoneClusterImpl-759fa8c2-74ee-4da7-994d-2e8cc84df3a0/datanode-2/data/containers/hdds to VolumeSet
2019-08-22 17:49:39,001 [main] INFO  volume.ThrottledAsyncChecker (ThrottledAsyncChecker.java:schedule(140)) - Scheduling a check for org.apache.hadoop.ozone.container.common.volume.HddsVolume@5f8089d2
2019-08-22 17:49:39,001 [main] INFO  volume.HddsVolumeChecker (HddsVolumeChecker.java:checkAllVolumes(203)) - Scheduled health check for volume org.apache.hadoop.ozone.container.common.volume.HddsVolume@5f8089d2
2019-08-22 17:49:39,012 [main] INFO  impl.RaftServerProxy (ConfUtils.java:logGet(43)) - raft.rpc.type = GRPC (default)
2019-08-22 17:49:39,012 [main] INFO  grpc.GrpcFactory (GrpcFactory.java:checkPooledByteBufAllocatorUseCacheForAllThreads(45)) - PERFORMANCE WARNING: useCacheForAllThreads is true that may cause Netty to create a lot garbage objects and, as a result, trigger GC.
	It is recommended to disable useCacheForAllThreads by setting -Dorg.apache.ratis.thirdparty.io.netty.allocator.useCacheForAllThreads=false in command line.
2019-08-22 17:49:39,013 [main] INFO  grpc.GrpcConfigKeys$Server (ConfUtils.java:logGet(43)) - raft.grpc.server.port = 0 (default)
2019-08-22 17:49:39,013 [main] INFO  server.GrpcService (ConfUtils.java:logGet(43)) - raft.grpc.message.size.max = 33570816 (custom)
2019-08-22 17:49:39,013 [main] INFO  server.RaftServerConfigKeys (ConfUtils.java:logGet(43)) - raft.server.log.appender.buffer.byte-limit = 33554432 (custom)
2019-08-22 17:49:39,013 [main] INFO  server.GrpcService (ConfUtils.java:logGet(43)) - raft.grpc.flow.control.window = 1MB (=1048576) (default)
2019-08-22 17:49:39,013 [main] INFO  server.RaftServerConfigKeys (ConfUtils.java:logGet(43)) - raft.server.rpc.request.timeout = 3000ms (default)
2019-08-22 17:49:39,014 [main] INFO  server.RaftServerConfigKeys (ConfUtils.java:logGet(43)) - raft.server.storage.dir = [/workdir/hadoop-ozone/integration-test/target/test-dir/MiniOzoneClusterImpl-759fa8c2-74ee-4da7-994d-2e8cc84df3a0/datanode-2/data/ratis] (custom)
2019-08-22 17:49:39,014 [main] INFO  replication.SimpleContainerDownloader (SimpleContainerDownloader.java:<init>(72)) - Starting container downloader service to copy containers to replicate.
2019-08-22 17:49:39,015 [main] INFO  hdfs.DFSUtil (DFSUtil.java:httpServerTemplateForNNAndJN(1641)) - Starting Web-server for hddsDatanode at: http://0.0.0.0:0
2019-08-22 17:49:39,016 [main] INFO  server.AuthenticationFilter (AuthenticationFilter.java:constructSecretProvider(240)) - Unable to initialize FileSignerSecretProvider, falling back to use random secrets.
2019-08-22 17:49:39,016 [main] WARN  http.HttpRequestLog (HttpRequestLog.java:getRequestLog(97)) - Jetty request log can only be enabled using Log4j
2019-08-22 17:49:39,017 [main] INFO  http.HttpServer2 (HttpServer2.java:addGlobalFilter(975)) - Added global filter 'safety' (class=org.apache.hadoop.http.HttpServer2$QuotingInputFilter)
2019-08-22 17:49:39,017 [main] INFO  http.HttpServer2 (HttpServer2.java:addFilter(948)) - Added filter static_user_filter (class=org.apache.hadoop.http.lib.StaticUserWebFilter$StaticUserFilter) to context hddsDatanode
2019-08-22 17:49:39,018 [main] INFO  http.HttpServer2 (HttpServer2.java:addFilter(958)) - Added filter static_user_filter (class=org.apache.hadoop.http.lib.StaticUserWebFilter$StaticUserFilter) to context logs
2019-08-22 17:49:39,018 [main] INFO  http.HttpServer2 (HttpServer2.java:addFilter(958)) - Added filter static_user_filter (class=org.apache.hadoop.http.lib.StaticUserWebFilter$StaticUserFilter) to context static
2019-08-22 17:49:39,018 [main] INFO  http.HttpServer2 (HttpServer2.java:bindListener(1191)) - Jetty bound to port 45402
2019-08-22 17:49:39,018 [main] INFO  server.Server (Server.java:doStart(351)) - jetty-9.3.24.v20180605, build timestamp: 2018-06-05T17:11:56Z, git hash: 84205aa28f11a4f31f2a3b86d1bba2cc8ab69827
2019-08-22 17:49:39,020 [main] INFO  handler.ContextHandler (ContextHandler.java:doStart(781)) - Started o.e.j.s.ServletContextHandler@7fef485d{/logs,file:///workdir/hadoop-ozone/integration-test/target/log,AVAILABLE}
2019-08-22 17:49:39,020 [main] INFO  handler.ContextHandler (ContextHandler.java:doStart(781)) - Started o.e.j.s.ServletContextHandler@27131d01{/static,jar:file:/home/user/.m2/repository/org/apache/hadoop/hadoop-hdds-container-service/0.5.0-SNAPSHOT/hadoop-hdds-container-service-0.5.0-SNAPSHOT.jar!/webapps/static,AVAILABLE}
2019-08-22 17:49:39,041 [main] INFO  handler.ContextHandler (ContextHandler.java:doStart(781)) - Started o.e.j.w.WebAppContext@6d89c923{/,file:///tmp/jetty-0.0.0.0-45402-hddsDatanode-_-any-3806651139736700618.dir/webapp/,AVAILABLE}{/hddsDatanode}
2019-08-22 17:49:39,042 [main] INFO  server.AbstractConnector (AbstractConnector.java:doStart(278)) - Started ServerConnector@5205b2e5{HTTP/1.1,[http/1.1]}{0.0.0.0:45402}
2019-08-22 17:49:39,042 [main] INFO  server.Server (Server.java:doStart(419)) - Started @587452ms
2019-08-22 17:49:39,043 [main] INFO  server.BaseHttpServer (BaseHttpServer.java:updateConnectorAddress(213)) - HTTP server of HDDSDATANODE is listening at http://0.0.0.0:45402
2019-08-22 17:49:39,131 | INFO  | ObjectStoreRestHttpServer | Listening HDDS REST traffic on /0.0.0.0:36732 |  
2019-08-22 17:49:39,131 [main] INFO  ozone.HddsDatanodeService (HddsDatanodeService.java:startPlugins(395)) - Started plug-in org.apache.hadoop.ozone.web.OzoneHddsDatanodeService@6ad703cd
2019-08-22 17:49:39,131 [main] INFO  impl.MetricsSystemImpl (MetricsSystemImpl.java:init(158)) - HddsDatanode metrics system started (again)
2019-08-22 17:49:39,134 [main] INFO  ozone.HddsDatanodeService (HddsDatanodeService.java:start(184)) - HddsDatanodeService host:pr-hdds-1808-4dtdn-3774871440 ip:192.168.5.173
2019-08-22 17:49:39,134 [org.apache.hadoop.util.JvmPauseMonitor$Monitor@2022f20] INFO  util.JvmPauseMonitor (JvmPauseMonitor.java:run(188)) - Starting JVM pause monitor
2019-08-22 17:49:39,135 [Datanode State Machine Thread - 0] INFO  datanode.InitDatanodeState (InitDatanodeState.java:persistContainerDatanodeDetails(140)) - DatanodeDetails is persisted to /workdir/hadoop-ozone/integration-test/target/test-dir/MiniOzoneClusterImpl-759fa8c2-74ee-4da7-994d-2e8cc84df3a0/datanode-2/meta/datanode.id
2019-08-22 17:49:39,145 [main] INFO  volume.HddsVolume (HddsVolume.java:<init>(176)) - Creating Volume: /workdir/hadoop-ozone/integration-test/target/test-dir/MiniOzoneClusterImpl-759fa8c2-74ee-4da7-994d-2e8cc84df3a0/datanode-3/data/containers/hdds of  storage type : DISK and capacity : 1482555576320
2019-08-22 17:49:39,146 [main] INFO  volume.VolumeSet (VolumeSet.java:initializeVolumeSet(170)) - Added Volume : /workdir/hadoop-ozone/integration-test/target/test-dir/MiniOzoneClusterImpl-759fa8c2-74ee-4da7-994d-2e8cc84df3a0/datanode-3/data/containers/hdds to VolumeSet
2019-08-22 17:49:39,146 [main] INFO  volume.ThrottledAsyncChecker (ThrottledAsyncChecker.java:schedule(140)) - Scheduling a check for org.apache.hadoop.ozone.container.common.volume.HddsVolume@30f929ff
2019-08-22 17:49:39,146 [main] INFO  volume.HddsVolumeChecker (HddsVolumeChecker.java:checkAllVolumes(203)) - Scheduled health check for volume org.apache.hadoop.ozone.container.common.volume.HddsVolume@30f929ff
2019-08-22 17:49:39,158 [main] INFO  impl.RaftServerProxy (ConfUtils.java:logGet(43)) - raft.rpc.type = GRPC (default)
2019-08-22 17:49:39,158 [main] INFO  grpc.GrpcFactory (GrpcFactory.java:checkPooledByteBufAllocatorUseCacheForAllThreads(45)) - PERFORMANCE WARNING: useCacheForAllThreads is true that may cause Netty to create a lot garbage objects and, as a result, trigger GC.
	It is recommended to disable useCacheForAllThreads by setting -Dorg.apache.ratis.thirdparty.io.netty.allocator.useCacheForAllThreads=false in command line.
2019-08-22 17:49:39,158 [main] INFO  grpc.GrpcConfigKeys$Server (ConfUtils.java:logGet(43)) - raft.grpc.server.port = 0 (default)
2019-08-22 17:49:39,158 [main] INFO  server.GrpcService (ConfUtils.java:logGet(43)) - raft.grpc.message.size.max = 33570816 (custom)
2019-08-22 17:49:39,158 [main] INFO  server.RaftServerConfigKeys (ConfUtils.java:logGet(43)) - raft.server.log.appender.buffer.byte-limit = 33554432 (custom)
2019-08-22 17:49:39,159 [main] INFO  server.GrpcService (ConfUtils.java:logGet(43)) - raft.grpc.flow.control.window = 1MB (=1048576) (default)
2019-08-22 17:49:39,159 [main] INFO  server.RaftServerConfigKeys (ConfUtils.java:logGet(43)) - raft.server.rpc.request.timeout = 3000ms (default)
2019-08-22 17:49:39,159 [main] INFO  server.RaftServerConfigKeys (ConfUtils.java:logGet(43)) - raft.server.storage.dir = [/workdir/hadoop-ozone/integration-test/target/test-dir/MiniOzoneClusterImpl-759fa8c2-74ee-4da7-994d-2e8cc84df3a0/datanode-3/data/ratis] (custom)
2019-08-22 17:49:39,159 [main] INFO  replication.SimpleContainerDownloader (SimpleContainerDownloader.java:<init>(72)) - Starting container downloader service to copy containers to replicate.
2019-08-22 17:49:39,160 [main] INFO  hdfs.DFSUtil (DFSUtil.java:httpServerTemplateForNNAndJN(1641)) - Starting Web-server for hddsDatanode at: http://0.0.0.0:0
2019-08-22 17:49:39,161 [main] INFO  server.AuthenticationFilter (AuthenticationFilter.java:constructSecretProvider(240)) - Unable to initialize FileSignerSecretProvider, falling back to use random secrets.
2019-08-22 17:49:39,162 [main] WARN  http.HttpRequestLog (HttpRequestLog.java:getRequestLog(97)) - Jetty request log can only be enabled using Log4j
2019-08-22 17:49:39,163 [main] INFO  http.HttpServer2 (HttpServer2.java:addGlobalFilter(975)) - Added global filter 'safety' (class=org.apache.hadoop.http.HttpServer2$QuotingInputFilter)
2019-08-22 17:49:39,163 [main] INFO  http.HttpServer2 (HttpServer2.java:addFilter(948)) - Added filter static_user_filter (class=org.apache.hadoop.http.lib.StaticUserWebFilter$StaticUserFilter) to context hddsDatanode
2019-08-22 17:49:39,163 [main] INFO  http.HttpServer2 (HttpServer2.java:addFilter(958)) - Added filter static_user_filter (class=org.apache.hadoop.http.lib.StaticUserWebFilter$StaticUserFilter) to context logs
2019-08-22 17:49:39,163 [main] INFO  http.HttpServer2 (HttpServer2.java:addFilter(958)) - Added filter static_user_filter (class=org.apache.hadoop.http.lib.StaticUserWebFilter$StaticUserFilter) to context static
2019-08-22 17:49:39,164 [main] INFO  http.HttpServer2 (HttpServer2.java:bindListener(1191)) - Jetty bound to port 45598
2019-08-22 17:49:39,164 [main] INFO  server.Server (Server.java:doStart(351)) - jetty-9.3.24.v20180605, build timestamp: 2018-06-05T17:11:56Z, git hash: 84205aa28f11a4f31f2a3b86d1bba2cc8ab69827
2019-08-22 17:49:39,166 [main] INFO  handler.ContextHandler (ContextHandler.java:doStart(781)) - Started o.e.j.s.ServletContextHandler@45c5cd9a{/logs,file:///workdir/hadoop-ozone/integration-test/target/log,AVAILABLE}
2019-08-22 17:49:39,166 [main] INFO  handler.ContextHandler (ContextHandler.java:doStart(781)) - Started o.e.j.s.ServletContextHandler@30c1447e{/static,jar:file:/home/user/.m2/repository/org/apache/hadoop/hadoop-hdds-container-service/0.5.0-SNAPSHOT/hadoop-hdds-container-service-0.5.0-SNAPSHOT.jar!/webapps/static,AVAILABLE}
2019-08-22 17:49:39,187 [main] INFO  handler.ContextHandler (ContextHandler.java:doStart(781)) - Started o.e.j.w.WebAppContext@7a4efee2{/,file:///tmp/jetty-0.0.0.0-45598-hddsDatanode-_-any-5714957188352617077.dir/webapp/,AVAILABLE}{/hddsDatanode}
2019-08-22 17:49:39,187 [main] INFO  server.AbstractConnector (AbstractConnector.java:doStart(278)) - Started ServerConnector@3f76c712{HTTP/1.1,[http/1.1]}{0.0.0.0:45598}
2019-08-22 17:49:39,188 [main] INFO  server.Server (Server.java:doStart(419)) - Started @587597ms
2019-08-22 17:49:39,189 [main] INFO  server.BaseHttpServer (BaseHttpServer.java:updateConnectorAddress(213)) - HTTP server of HDDSDATANODE is listening at http://0.0.0.0:45598
2019-08-22 17:49:39,281 | INFO  | ObjectStoreRestHttpServer | Listening HDDS REST traffic on /0.0.0.0:44218 |  
2019-08-22 17:49:39,281 [main] INFO  ozone.HddsDatanodeService (HddsDatanodeService.java:startPlugins(395)) - Started plug-in org.apache.hadoop.ozone.web.OzoneHddsDatanodeService@9c88323
2019-08-22 17:49:39,281 [main] INFO  impl.MetricsSystemImpl (MetricsSystemImpl.java:init(158)) - HddsDatanode metrics system started (again)
2019-08-22 17:49:39,285 [org.apache.hadoop.util.JvmPauseMonitor$Monitor@3ad08218] INFO  util.JvmPauseMonitor (JvmPauseMonitor.java:run(188)) - Starting JVM pause monitor
2019-08-22 17:49:39,285 [main] INFO  ozone.HddsDatanodeService (HddsDatanodeService.java:start(184)) - HddsDatanodeService host:pr-hdds-1808-4dtdn-3774871440 ip:192.168.5.173
2019-08-22 17:49:39,286 [Datanode State Machine Thread - 0] INFO  datanode.InitDatanodeState (InitDatanodeState.java:persistContainerDatanodeDetails(140)) - DatanodeDetails is persisted to /workdir/hadoop-ozone/integration-test/target/test-dir/MiniOzoneClusterImpl-759fa8c2-74ee-4da7-994d-2e8cc84df3a0/datanode-3/meta/datanode.id
2019-08-22 17:49:39,298 [main] INFO  volume.HddsVolume (HddsVolume.java:<init>(176)) - Creating Volume: /workdir/hadoop-ozone/integration-test/target/test-dir/MiniOzoneClusterImpl-759fa8c2-74ee-4da7-994d-2e8cc84df3a0/datanode-4/data/containers/hdds of  storage type : DISK and capacity : 1482555576320
2019-08-22 17:49:39,298 [main] INFO  volume.VolumeSet (VolumeSet.java:initializeVolumeSet(170)) - Added Volume : /workdir/hadoop-ozone/integration-test/target/test-dir/MiniOzoneClusterImpl-759fa8c2-74ee-4da7-994d-2e8cc84df3a0/datanode-4/data/containers/hdds to VolumeSet
2019-08-22 17:49:39,298 [main] INFO  volume.ThrottledAsyncChecker (ThrottledAsyncChecker.java:schedule(140)) - Scheduling a check for org.apache.hadoop.ozone.container.common.volume.HddsVolume@797a5b31
2019-08-22 17:49:39,299 [main] INFO  volume.HddsVolumeChecker (HddsVolumeChecker.java:checkAllVolumes(203)) - Scheduled health check for volume org.apache.hadoop.ozone.container.common.volume.HddsVolume@797a5b31
2019-08-22 17:49:39,316 [main] INFO  impl.RaftServerProxy (ConfUtils.java:logGet(43)) - raft.rpc.type = GRPC (default)
2019-08-22 17:49:39,317 [main] INFO  grpc.GrpcFactory (GrpcFactory.java:checkPooledByteBufAllocatorUseCacheForAllThreads(45)) - PERFORMANCE WARNING: useCacheForAllThreads is true that may cause Netty to create a lot garbage objects and, as a result, trigger GC.
	It is recommended to disable useCacheForAllThreads by setting -Dorg.apache.ratis.thirdparty.io.netty.allocator.useCacheForAllThreads=false in command line.
2019-08-22 17:49:39,317 [main] INFO  grpc.GrpcConfigKeys$Server (ConfUtils.java:logGet(43)) - raft.grpc.server.port = 0 (default)
2019-08-22 17:49:39,317 [main] INFO  server.GrpcService (ConfUtils.java:logGet(43)) - raft.grpc.message.size.max = 33570816 (custom)
2019-08-22 17:49:39,317 [main] INFO  server.RaftServerConfigKeys (ConfUtils.java:logGet(43)) - raft.server.log.appender.buffer.byte-limit = 33554432 (custom)
2019-08-22 17:49:39,317 [main] INFO  server.GrpcService (ConfUtils.java:logGet(43)) - raft.grpc.flow.control.window = 1MB (=1048576) (default)
2019-08-22 17:49:39,318 [main] INFO  server.RaftServerConfigKeys (ConfUtils.java:logGet(43)) - raft.server.rpc.request.timeout = 3000ms (default)
2019-08-22 17:49:39,318 [main] INFO  server.RaftServerConfigKeys (ConfUtils.java:logGet(43)) - raft.server.storage.dir = [/workdir/hadoop-ozone/integration-test/target/test-dir/MiniOzoneClusterImpl-759fa8c2-74ee-4da7-994d-2e8cc84df3a0/datanode-4/data/ratis] (custom)
2019-08-22 17:49:39,318 [main] INFO  replication.SimpleContainerDownloader (SimpleContainerDownloader.java:<init>(72)) - Starting container downloader service to copy containers to replicate.
2019-08-22 17:49:39,319 [main] INFO  hdfs.DFSUtil (DFSUtil.java:httpServerTemplateForNNAndJN(1641)) - Starting Web-server for hddsDatanode at: http://0.0.0.0:0
2019-08-22 17:49:39,320 [main] INFO  server.AuthenticationFilter (AuthenticationFilter.java:constructSecretProvider(240)) - Unable to initialize FileSignerSecretProvider, falling back to use random secrets.
2019-08-22 17:49:39,321 [main] WARN  http.HttpRequestLog (HttpRequestLog.java:getRequestLog(97)) - Jetty request log can only be enabled using Log4j
2019-08-22 17:49:39,322 [main] INFO  http.HttpServer2 (HttpServer2.java:addGlobalFilter(975)) - Added global filter 'safety' (class=org.apache.hadoop.http.HttpServer2$QuotingInputFilter)
2019-08-22 17:49:39,322 [main] INFO  http.HttpServer2 (HttpServer2.java:addFilter(948)) - Added filter static_user_filter (class=org.apache.hadoop.http.lib.StaticUserWebFilter$StaticUserFilter) to context hddsDatanode
2019-08-22 17:49:39,322 [main] INFO  http.HttpServer2 (HttpServer2.java:addFilter(958)) - Added filter static_user_filter (class=org.apache.hadoop.http.lib.StaticUserWebFilter$StaticUserFilter) to context static
2019-08-22 17:49:39,323 [main] INFO  http.HttpServer2 (HttpServer2.java:addFilter(958)) - Added filter static_user_filter (class=org.apache.hadoop.http.lib.StaticUserWebFilter$StaticUserFilter) to context logs
2019-08-22 17:49:39,323 [main] INFO  http.HttpServer2 (HttpServer2.java:bindListener(1191)) - Jetty bound to port 40927
2019-08-22 17:49:39,323 [main] INFO  server.Server (Server.java:doStart(351)) - jetty-9.3.24.v20180605, build timestamp: 2018-06-05T17:11:56Z, git hash: 84205aa28f11a4f31f2a3b86d1bba2cc8ab69827
2019-08-22 17:49:39,325 [main] INFO  handler.ContextHandler (ContextHandler.java:doStart(781)) - Started o.e.j.s.ServletContextHandler@77198cce{/logs,file:///workdir/hadoop-ozone/integration-test/target/log,AVAILABLE}
2019-08-22 17:49:39,325 [main] INFO  handler.ContextHandler (ContextHandler.java:doStart(781)) - Started o.e.j.s.ServletContextHandler@383c94ed{/static,jar:file:/home/user/.m2/repository/org/apache/hadoop/hadoop-hdds-container-service/0.5.0-SNAPSHOT/hadoop-hdds-container-service-0.5.0-SNAPSHOT.jar!/webapps/static,AVAILABLE}
2019-08-22 17:49:39,350 [main] INFO  handler.ContextHandler (ContextHandler.java:doStart(781)) - Started o.e.j.w.WebAppContext@63604641{/,file:///tmp/jetty-0.0.0.0-40927-hddsDatanode-_-any-2709698395666464945.dir/webapp/,AVAILABLE}{/hddsDatanode}
2019-08-22 17:49:39,351 [main] INFO  server.AbstractConnector (AbstractConnector.java:doStart(278)) - Started ServerConnector@1313dea8{HTTP/1.1,[http/1.1]}{0.0.0.0:40927}
2019-08-22 17:49:39,352 [main] INFO  server.Server (Server.java:doStart(419)) - Started @587762ms
2019-08-22 17:49:39,353 [main] INFO  server.BaseHttpServer (BaseHttpServer.java:updateConnectorAddress(213)) - HTTP server of HDDSDATANODE is listening at http://0.0.0.0:40927
2019-08-22 17:49:39,728 | INFO  | ObjectStoreRestHttpServer | Listening HDDS REST traffic on /0.0.0.0:39957 |  
2019-08-22 17:49:39,729 [main] INFO  ozone.HddsDatanodeService (HddsDatanodeService.java:startPlugins(395)) - Started plug-in org.apache.hadoop.ozone.web.OzoneHddsDatanodeService@6cd8aee2
2019-08-22 17:49:39,729 [main] INFO  impl.MetricsSystemImpl (MetricsSystemImpl.java:init(158)) - HddsDatanode metrics system started (again)
2019-08-22 17:49:39,731 [org.apache.hadoop.util.JvmPauseMonitor$Monitor@521169ff] INFO  util.JvmPauseMonitor (JvmPauseMonitor.java:run(188)) - Starting JVM pause monitor
2019-08-22 17:49:39,734 [main] INFO  ozone.HddsDatanodeService (HddsDatanodeService.java:start(184)) - HddsDatanodeService host:pr-hdds-1808-4dtdn-3774871440 ip:192.168.5.173
2019-08-22 17:49:39,735 [Datanode State Machine Thread - 0] INFO  datanode.InitDatanodeState (InitDatanodeState.java:persistContainerDatanodeDetails(140)) - DatanodeDetails is persisted to /workdir/hadoop-ozone/integration-test/target/test-dir/MiniOzoneClusterImpl-759fa8c2-74ee-4da7-994d-2e8cc84df3a0/datanode-4/meta/datanode.id
2019-08-22 17:49:39,745 [main] INFO  volume.HddsVolume (HddsVolume.java:<init>(176)) - Creating Volume: /workdir/hadoop-ozone/integration-test/target/test-dir/MiniOzoneClusterImpl-759fa8c2-74ee-4da7-994d-2e8cc84df3a0/datanode-5/data/containers/hdds of  storage type : DISK and capacity : 1482555576320
2019-08-22 17:49:39,746 [main] INFO  volume.VolumeSet (VolumeSet.java:initializeVolumeSet(170)) - Added Volume : /workdir/hadoop-ozone/integration-test/target/test-dir/MiniOzoneClusterImpl-759fa8c2-74ee-4da7-994d-2e8cc84df3a0/datanode-5/data/containers/hdds to VolumeSet
2019-08-22 17:49:39,746 [main] INFO  volume.ThrottledAsyncChecker (ThrottledAsyncChecker.java:schedule(140)) - Scheduling a check for org.apache.hadoop.ozone.container.common.volume.HddsVolume@17caf362
2019-08-22 17:49:39,746 [main] INFO  volume.HddsVolumeChecker (HddsVolumeChecker.java:checkAllVolumes(203)) - Scheduled health check for volume org.apache.hadoop.ozone.container.common.volume.HddsVolume@17caf362
2019-08-22 17:49:39,760 [main] INFO  impl.RaftServerProxy (ConfUtils.java:logGet(43)) - raft.rpc.type = GRPC (default)
2019-08-22 17:49:39,761 [main] INFO  grpc.GrpcFactory (GrpcFactory.java:checkPooledByteBufAllocatorUseCacheForAllThreads(45)) - PERFORMANCE WARNING: useCacheForAllThreads is true that may cause Netty to create a lot garbage objects and, as a result, trigger GC.
	It is recommended to disable useCacheForAllThreads by setting -Dorg.apache.ratis.thirdparty.io.netty.allocator.useCacheForAllThreads=false in command line.
2019-08-22 17:49:39,761 [main] INFO  grpc.GrpcConfigKeys$Server (ConfUtils.java:logGet(43)) - raft.grpc.server.port = 0 (default)
2019-08-22 17:49:39,761 [main] INFO  server.GrpcService (ConfUtils.java:logGet(43)) - raft.grpc.message.size.max = 33570816 (custom)
2019-08-22 17:49:39,761 [main] INFO  server.RaftServerConfigKeys (ConfUtils.java:logGet(43)) - raft.server.log.appender.buffer.byte-limit = 33554432 (custom)
2019-08-22 17:49:39,762 [main] INFO  server.GrpcService (ConfUtils.java:logGet(43)) - raft.grpc.flow.control.window = 1MB (=1048576) (default)
2019-08-22 17:49:39,762 [main] INFO  server.RaftServerConfigKeys (ConfUtils.java:logGet(43)) - raft.server.rpc.request.timeout = 3000ms (default)
2019-08-22 17:49:39,762 [main] INFO  server.RaftServerConfigKeys (ConfUtils.java:logGet(43)) - raft.server.storage.dir = [/workdir/hadoop-ozone/integration-test/target/test-dir/MiniOzoneClusterImpl-759fa8c2-74ee-4da7-994d-2e8cc84df3a0/datanode-5/data/ratis] (custom)
2019-08-22 17:49:39,763 [main] INFO  replication.SimpleContainerDownloader (SimpleContainerDownloader.java:<init>(72)) - Starting container downloader service to copy containers to replicate.
2019-08-22 17:49:39,764 [main] INFO  hdfs.DFSUtil (DFSUtil.java:httpServerTemplateForNNAndJN(1641)) - Starting Web-server for hddsDatanode at: http://0.0.0.0:0
2019-08-22 17:49:39,765 [main] INFO  server.AuthenticationFilter (AuthenticationFilter.java:constructSecretProvider(240)) - Unable to initialize FileSignerSecretProvider, falling back to use random secrets.
2019-08-22 17:49:39,766 [main] WARN  http.HttpRequestLog (HttpRequestLog.java:getRequestLog(97)) - Jetty request log can only be enabled using Log4j
2019-08-22 17:49:39,767 [main] INFO  http.HttpServer2 (HttpServer2.java:addGlobalFilter(975)) - Added global filter 'safety' (class=org.apache.hadoop.http.HttpServer2$QuotingInputFilter)
2019-08-22 17:49:39,768 [main] INFO  http.HttpServer2 (HttpServer2.java:addFilter(948)) - Added filter static_user_filter (class=org.apache.hadoop.http.lib.StaticUserWebFilter$StaticUserFilter) to context hddsDatanode
2019-08-22 17:49:39,768 [main] INFO  http.HttpServer2 (HttpServer2.java:addFilter(958)) - Added filter static_user_filter (class=org.apache.hadoop.http.lib.StaticUserWebFilter$StaticUserFilter) to context logs
2019-08-22 17:49:39,768 [main] INFO  http.HttpServer2 (HttpServer2.java:addFilter(958)) - Added filter static_user_filter (class=org.apache.hadoop.http.lib.StaticUserWebFilter$StaticUserFilter) to context static
2019-08-22 17:49:39,769 [main] INFO  http.HttpServer2 (HttpServer2.java:bindListener(1191)) - Jetty bound to port 42865
2019-08-22 17:49:39,769 [main] INFO  server.Server (Server.java:doStart(351)) - jetty-9.3.24.v20180605, build timestamp: 2018-06-05T17:11:56Z, git hash: 84205aa28f11a4f31f2a3b86d1bba2cc8ab69827
2019-08-22 17:49:39,770 [main] INFO  handler.ContextHandler (ContextHandler.java:doStart(781)) - Started o.e.j.s.ServletContextHandler@4afb2c90{/logs,file:///workdir/hadoop-ozone/integration-test/target/log,AVAILABLE}
2019-08-22 17:49:39,771 [main] INFO  handler.ContextHandler (ContextHandler.java:doStart(781)) - Started o.e.j.s.ServletContextHandler@d471ddb{/static,jar:file:/home/user/.m2/repository/org/apache/hadoop/hadoop-hdds-container-service/0.5.0-SNAPSHOT/hadoop-hdds-container-service-0.5.0-SNAPSHOT.jar!/webapps/static,AVAILABLE}
2019-08-22 17:49:39,798 [main] INFO  handler.ContextHandler (ContextHandler.java:doStart(781)) - Started o.e.j.w.WebAppContext@50fd4246{/,file:///tmp/jetty-0.0.0.0-42865-hddsDatanode-_-any-5210093061456803111.dir/webapp/,AVAILABLE}{/hddsDatanode}
2019-08-22 17:49:39,798 [main] INFO  server.AbstractConnector (AbstractConnector.java:doStart(278)) - Started ServerConnector@35c55050{HTTP/1.1,[http/1.1]}{0.0.0.0:42865}
2019-08-22 17:49:39,800 [main] INFO  server.Server (Server.java:doStart(419)) - Started @588210ms
2019-08-22 17:49:39,801 [main] INFO  server.BaseHttpServer (BaseHttpServer.java:updateConnectorAddress(213)) - HTTP server of HDDSDATANODE is listening at http://0.0.0.0:42865
2019-08-22 17:49:39,915 | INFO  | ObjectStoreRestHttpServer | Listening HDDS REST traffic on /0.0.0.0:32992 |  
2019-08-22 17:49:39,916 [main] INFO  ozone.HddsDatanodeService (HddsDatanodeService.java:startPlugins(395)) - Started plug-in org.apache.hadoop.ozone.web.OzoneHddsDatanodeService@4d0927df
2019-08-22 17:49:39,916 [main] INFO  impl.MetricsSystemImpl (MetricsSystemImpl.java:init(158)) - HddsDatanode metrics system started (again)
2019-08-22 17:49:39,920 [org.apache.hadoop.util.JvmPauseMonitor$Monitor@7485f51] INFO  util.JvmPauseMonitor (JvmPauseMonitor.java:run(188)) - Starting JVM pause monitor
2019-08-22 17:49:39,920 [main] INFO  ozone.HddsDatanodeService (HddsDatanodeService.java:start(184)) - HddsDatanodeService host:pr-hdds-1808-4dtdn-3774871440 ip:192.168.5.173
2019-08-22 17:49:39,921 [Datanode State Machine Thread - 0] INFO  datanode.InitDatanodeState (InitDatanodeState.java:persistContainerDatanodeDetails(140)) - DatanodeDetails is persisted to /workdir/hadoop-ozone/integration-test/target/test-dir/MiniOzoneClusterImpl-759fa8c2-74ee-4da7-994d-2e8cc84df3a0/datanode-5/meta/datanode.id
2019-08-22 17:49:39,929 [main] INFO  volume.HddsVolume (HddsVolume.java:<init>(176)) - Creating Volume: /workdir/hadoop-ozone/integration-test/target/test-dir/MiniOzoneClusterImpl-759fa8c2-74ee-4da7-994d-2e8cc84df3a0/datanode-6/data/containers/hdds of  storage type : DISK and capacity : 1482555576320
2019-08-22 17:49:39,929 [main] INFO  volume.VolumeSet (VolumeSet.java:initializeVolumeSet(170)) - Added Volume : /workdir/hadoop-ozone/integration-test/target/test-dir/MiniOzoneClusterImpl-759fa8c2-74ee-4da7-994d-2e8cc84df3a0/datanode-6/data/containers/hdds to VolumeSet
2019-08-22 17:49:39,930 [main] INFO  volume.ThrottledAsyncChecker (ThrottledAsyncChecker.java:schedule(140)) - Scheduling a check for org.apache.hadoop.ozone.container.common.volume.HddsVolume@7416b560
2019-08-22 17:49:39,930 [main] INFO  volume.HddsVolumeChecker (HddsVolumeChecker.java:checkAllVolumes(203)) - Scheduled health check for volume org.apache.hadoop.ozone.container.common.volume.HddsVolume@7416b560
2019-08-22 17:49:39,943 [main] INFO  impl.RaftServerProxy (ConfUtils.java:logGet(43)) - raft.rpc.type = GRPC (default)
2019-08-22 17:49:39,943 [main] INFO  grpc.GrpcFactory (GrpcFactory.java:checkPooledByteBufAllocatorUseCacheForAllThreads(45)) - PERFORMANCE WARNING: useCacheForAllThreads is true that may cause Netty to create a lot garbage objects and, as a result, trigger GC.
	It is recommended to disable useCacheForAllThreads by setting -Dorg.apache.ratis.thirdparty.io.netty.allocator.useCacheForAllThreads=false in command line.
2019-08-22 17:49:39,944 [main] INFO  grpc.GrpcConfigKeys$Server (ConfUtils.java:logGet(43)) - raft.grpc.server.port = 0 (default)
2019-08-22 17:49:39,944 [main] INFO  server.GrpcService (ConfUtils.java:logGet(43)) - raft.grpc.message.size.max = 33570816 (custom)
2019-08-22 17:49:39,944 [main] INFO  server.RaftServerConfigKeys (ConfUtils.java:logGet(43)) - raft.server.log.appender.buffer.byte-limit = 33554432 (custom)
2019-08-22 17:49:39,944 [main] INFO  server.GrpcService (ConfUtils.java:logGet(43)) - raft.grpc.flow.control.window = 1MB (=1048576) (default)
2019-08-22 17:49:39,944 [main] INFO  server.RaftServerConfigKeys (ConfUtils.java:logGet(43)) - raft.server.rpc.request.timeout = 3000ms (default)
2019-08-22 17:49:39,945 [main] INFO  server.RaftServerConfigKeys (ConfUtils.java:logGet(43)) - raft.server.storage.dir = [/workdir/hadoop-ozone/integration-test/target/test-dir/MiniOzoneClusterImpl-759fa8c2-74ee-4da7-994d-2e8cc84df3a0/datanode-6/data/ratis] (custom)
2019-08-22 17:49:39,945 [main] INFO  replication.SimpleContainerDownloader (SimpleContainerDownloader.java:<init>(72)) - Starting container downloader service to copy containers to replicate.
2019-08-22 17:49:39,946 [main] INFO  hdfs.DFSUtil (DFSUtil.java:httpServerTemplateForNNAndJN(1641)) - Starting Web-server for hddsDatanode at: http://0.0.0.0:0
2019-08-22 17:49:39,947 [main] INFO  server.AuthenticationFilter (AuthenticationFilter.java:constructSecretProvider(240)) - Unable to initialize FileSignerSecretProvider, falling back to use random secrets.
2019-08-22 17:49:39,947 [main] WARN  http.HttpRequestLog (HttpRequestLog.java:getRequestLog(97)) - Jetty request log can only be enabled using Log4j
2019-08-22 17:49:39,948 [main] INFO  http.HttpServer2 (HttpServer2.java:addGlobalFilter(975)) - Added global filter 'safety' (class=org.apache.hadoop.http.HttpServer2$QuotingInputFilter)
2019-08-22 17:49:39,949 [main] INFO  http.HttpServer2 (HttpServer2.java:addFilter(948)) - Added filter static_user_filter (class=org.apache.hadoop.http.lib.StaticUserWebFilter$StaticUserFilter) to context hddsDatanode
2019-08-22 17:49:39,949 [main] INFO  http.HttpServer2 (HttpServer2.java:addFilter(958)) - Added filter static_user_filter (class=org.apache.hadoop.http.lib.StaticUserWebFilter$StaticUserFilter) to context static
2019-08-22 17:49:39,949 [main] INFO  http.HttpServer2 (HttpServer2.java:addFilter(958)) - Added filter static_user_filter (class=org.apache.hadoop.http.lib.StaticUserWebFilter$StaticUserFilter) to context logs
2019-08-22 17:49:39,950 [main] INFO  http.HttpServer2 (HttpServer2.java:bindListener(1191)) - Jetty bound to port 44651
2019-08-22 17:49:39,950 [main] INFO  server.Server (Server.java:doStart(351)) - jetty-9.3.24.v20180605, build timestamp: 2018-06-05T17:11:56Z, git hash: 84205aa28f11a4f31f2a3b86d1bba2cc8ab69827
2019-08-22 17:49:39,951 [main] INFO  handler.ContextHandler (ContextHandler.java:doStart(781)) - Started o.e.j.s.ServletContextHandler@649df002{/logs,file:///workdir/hadoop-ozone/integration-test/target/log,AVAILABLE}
2019-08-22 17:49:39,952 [main] INFO  handler.ContextHandler (ContextHandler.java:doStart(781)) - Started o.e.j.s.ServletContextHandler@34817fcc{/static,jar:file:/home/user/.m2/repository/org/apache/hadoop/hadoop-hdds-container-service/0.5.0-SNAPSHOT/hadoop-hdds-container-service-0.5.0-SNAPSHOT.jar!/webapps/static,AVAILABLE}
2019-08-22 17:49:39,981 [main] INFO  handler.ContextHandler (ContextHandler.java:doStart(781)) - Started o.e.j.w.WebAppContext@5b7f9eaa{/,file:///tmp/jetty-0.0.0.0-44651-hddsDatanode-_-any-4913445434159908175.dir/webapp/,AVAILABLE}{/hddsDatanode}
2019-08-22 17:49:39,981 [main] INFO  server.AbstractConnector (AbstractConnector.java:doStart(278)) - Started ServerConnector@5b344510{HTTP/1.1,[http/1.1]}{0.0.0.0:44651}
2019-08-22 17:49:39,983 [main] INFO  server.Server (Server.java:doStart(419)) - Started @588392ms
2019-08-22 17:49:39,983 [main] INFO  server.BaseHttpServer (BaseHttpServer.java:updateConnectorAddress(213)) - HTTP server of HDDSDATANODE is listening at http://0.0.0.0:44651
2019-08-22 17:49:40,083 | INFO  | ObjectStoreRestHttpServer | Listening HDDS REST traffic on /0.0.0.0:37802 |  
2019-08-22 17:49:40,083 [main] INFO  ozone.HddsDatanodeService (HddsDatanodeService.java:startPlugins(395)) - Started plug-in org.apache.hadoop.ozone.web.OzoneHddsDatanodeService@7241872c
2019-08-22 17:49:40,084 [main] INFO  ozone.MiniOzoneClusterImpl (MiniOzoneClusterImpl.java:lambda$waitForClusterToBeReady$0(142)) - Waiting for cluster to be ready. Got 0 of 7 DN Heartbeats.
2019-08-22 17:49:40,085 [org.apache.hadoop.util.JvmPauseMonitor$Monitor@384d9e05] INFO  util.JvmPauseMonitor (JvmPauseMonitor.java:run(188)) - Starting JVM pause monitor
2019-08-22 17:49:40,085 [Datanode State Machine Thread - 0] INFO  datanode.InitDatanodeState (InitDatanodeState.java:persistContainerDatanodeDetails(140)) - DatanodeDetails is persisted to /workdir/hadoop-ozone/integration-test/target/test-dir/MiniOzoneClusterImpl-759fa8c2-74ee-4da7-994d-2e8cc84df3a0/datanode-6/meta/datanode.id
2019-08-22 17:49:40,837 | INFO  | SCMAudit | user=jenkins1000 | ip=192.168.5.173 | op=GET_VERSION null | ret=SUCCESS |  
2019-08-22 17:49:40,854 [Datanode State Machine Thread - 0] INFO  ozoneimpl.OzoneContainer (OzoneContainer.java:start(186)) - Attempting to start container services.
2019-08-22 17:49:40,854 [Datanode State Machine Thread - 0] INFO  ozoneimpl.OzoneContainer (OzoneContainer.java:startContainerScrub(160)) - Background container scrubber has been disabled by hdds.containerscrub.enabled
2019-08-22 17:49:40,854 [Datanode State Machine Thread - 0] INFO  ratis.XceiverServerRatis (XceiverServerRatis.java:start(404)) - Starting XceiverServerRatis f56af1c7-d196-4686-9983-5f1b73da6fe9 at port 0
2019-08-22 17:49:40,860 [Datanode State Machine Thread - 0] INFO  impl.RaftServerProxy (RaftServerProxy.java:lambda$start$3(299)) - f56af1c7-d196-4686-9983-5f1b73da6fe9: start RPC server
2019-08-22 17:49:40,861 [Datanode State Machine Thread - 0] INFO  server.GrpcService (GrpcService.java:startImpl(149)) - f56af1c7-d196-4686-9983-5f1b73da6fe9: GrpcService started, listening on 0.0.0.0/0.0.0.0:33869
2019-08-22 17:49:40,862 [Datanode State Machine Thread - 0] INFO  ratis.XceiverServerRatis (XceiverServerRatis.java:start(414)) - XceiverServerRatis f56af1c7-d196-4686-9983-5f1b73da6fe9 is started using port 33869
2019-08-22 17:49:40,862 [Datanode State Machine Thread - 0] INFO  server.XceiverServerGrpc (XceiverServerGrpc.java:start(161)) - XceiverServerGrpc f56af1c7-d196-4686-9983-5f1b73da6fe9 is started using port 41066
2019-08-22 17:49:40,990 | INFO  | SCMAudit | user=jenkins1000 | ip=192.168.5.173 | op=GET_VERSION null | ret=SUCCESS |  
2019-08-22 17:49:41,013 [Datanode State Machine Thread - 0] INFO  ozoneimpl.OzoneContainer (OzoneContainer.java:start(186)) - Attempting to start container services.
2019-08-22 17:49:41,013 [Datanode State Machine Thread - 0] INFO  ozoneimpl.OzoneContainer (OzoneContainer.java:startContainerScrub(160)) - Background container scrubber has been disabled by hdds.containerscrub.enabled
2019-08-22 17:49:41,013 [Datanode State Machine Thread - 0] INFO  ratis.XceiverServerRatis (XceiverServerRatis.java:start(404)) - Starting XceiverServerRatis 69232983-8dba-446a-9451-2b46042e75c9 at port 0
2019-08-22 17:49:41,019 [Datanode State Machine Thread - 0] INFO  impl.RaftServerProxy (RaftServerProxy.java:lambda$start$3(299)) - 69232983-8dba-446a-9451-2b46042e75c9: start RPC server
2019-08-22 17:49:41,020 [Datanode State Machine Thread - 0] INFO  server.GrpcService (GrpcService.java:startImpl(149)) - 69232983-8dba-446a-9451-2b46042e75c9: GrpcService started, listening on 0.0.0.0/0.0.0.0:35738
2019-08-22 17:49:41,020 [Datanode State Machine Thread - 0] INFO  ratis.XceiverServerRatis (XceiverServerRatis.java:start(414)) - XceiverServerRatis 69232983-8dba-446a-9451-2b46042e75c9 is started using port 35738
2019-08-22 17:49:41,022 [Datanode State Machine Thread - 0] INFO  server.XceiverServerGrpc (XceiverServerGrpc.java:start(161)) - XceiverServerGrpc 69232983-8dba-446a-9451-2b46042e75c9 is started using port 34879
2019-08-22 17:49:41,084 [main] INFO  ozone.MiniOzoneClusterImpl (MiniOzoneClusterImpl.java:lambda$waitForClusterToBeReady$0(142)) - Waiting for cluster to be ready. Got 0 of 7 DN Heartbeats.
2019-08-22 17:49:41,135 | INFO  | SCMAudit | user=jenkins1000 | ip=192.168.5.173 | op=GET_VERSION null | ret=SUCCESS |  
2019-08-22 17:49:41,162 [Datanode State Machine Thread - 0] INFO  ozoneimpl.OzoneContainer (OzoneContainer.java:start(186)) - Attempting to start container services.
2019-08-22 17:49:41,162 [Datanode State Machine Thread - 0] INFO  ozoneimpl.OzoneContainer (OzoneContainer.java:startContainerScrub(160)) - Background container scrubber has been disabled by hdds.containerscrub.enabled
2019-08-22 17:49:41,162 [Datanode State Machine Thread - 0] INFO  ratis.XceiverServerRatis (XceiverServerRatis.java:start(404)) - Starting XceiverServerRatis a29b0749-4fa9-464b-a5e0-ea013a767c21 at port 0
2019-08-22 17:49:41,169 [Datanode State Machine Thread - 0] INFO  impl.RaftServerProxy (RaftServerProxy.java:lambda$start$3(299)) - a29b0749-4fa9-464b-a5e0-ea013a767c21: start RPC server
2019-08-22 17:49:41,171 [Datanode State Machine Thread - 0] INFO  server.GrpcService (GrpcService.java:startImpl(149)) - a29b0749-4fa9-464b-a5e0-ea013a767c21: GrpcService started, listening on 0.0.0.0/0.0.0.0:36275
2019-08-22 17:49:41,172 [Datanode State Machine Thread - 0] INFO  ratis.XceiverServerRatis (XceiverServerRatis.java:start(414)) - XceiverServerRatis a29b0749-4fa9-464b-a5e0-ea013a767c21 is started using port 36275
2019-08-22 17:49:41,178 [Datanode State Machine Thread - 0] INFO  server.XceiverServerGrpc (XceiverServerGrpc.java:start(161)) - XceiverServerGrpc a29b0749-4fa9-464b-a5e0-ea013a767c21 is started using port 43037
2019-08-22 17:49:41,286 | INFO  | SCMAudit | user=jenkins1000 | ip=192.168.5.173 | op=GET_VERSION null | ret=SUCCESS |  
2019-08-22 17:49:41,301 [Datanode State Machine Thread - 0] INFO  ozoneimpl.OzoneContainer (OzoneContainer.java:start(186)) - Attempting to start container services.
2019-08-22 17:49:41,301 [Datanode State Machine Thread - 0] INFO  ozoneimpl.OzoneContainer (OzoneContainer.java:startContainerScrub(160)) - Background container scrubber has been disabled by hdds.containerscrub.enabled
2019-08-22 17:49:41,301 [Datanode State Machine Thread - 0] INFO  ratis.XceiverServerRatis (XceiverServerRatis.java:start(404)) - Starting XceiverServerRatis 99e65ce9-9658-4d2b-9ccf-b58166a10afd at port 0
2019-08-22 17:49:41,306 [Datanode State Machine Thread - 0] INFO  impl.RaftServerProxy (RaftServerProxy.java:lambda$start$3(299)) - 99e65ce9-9658-4d2b-9ccf-b58166a10afd: start RPC server
2019-08-22 17:49:41,309 [Datanode State Machine Thread - 0] INFO  server.GrpcService (GrpcService.java:startImpl(149)) - 99e65ce9-9658-4d2b-9ccf-b58166a10afd: GrpcService started, listening on 0.0.0.0/0.0.0.0:38554
2019-08-22 17:49:41,309 [Datanode State Machine Thread - 0] INFO  ratis.XceiverServerRatis (XceiverServerRatis.java:start(414)) - XceiverServerRatis 99e65ce9-9658-4d2b-9ccf-b58166a10afd is started using port 38554
2019-08-22 17:49:41,311 [Datanode State Machine Thread - 0] INFO  server.XceiverServerGrpc (XceiverServerGrpc.java:start(161)) - XceiverServerGrpc 99e65ce9-9658-4d2b-9ccf-b58166a10afd is started using port 36581
2019-08-22 17:49:41,731 | INFO  | SCMAudit | user=jenkins1000 | ip=192.168.5.173 | op=GET_VERSION null | ret=SUCCESS |  
2019-08-22 17:49:41,753 [Datanode State Machine Thread - 0] INFO  ozoneimpl.OzoneContainer (OzoneContainer.java:start(186)) - Attempting to start container services.
2019-08-22 17:49:41,753 [Datanode State Machine Thread - 0] INFO  ozoneimpl.OzoneContainer (OzoneContainer.java:startContainerScrub(160)) - Background container scrubber has been disabled by hdds.containerscrub.enabled
2019-08-22 17:49:41,753 [Datanode State Machine Thread - 0] INFO  ratis.XceiverServerRatis (XceiverServerRatis.java:start(404)) - Starting XceiverServerRatis c2d5ad94-5356-4232-a32f-95f0e36a9a79 at port 0
2019-08-22 17:49:41,761 [Datanode State Machine Thread - 0] INFO  impl.RaftServerProxy (RaftServerProxy.java:lambda$start$3(299)) - c2d5ad94-5356-4232-a32f-95f0e36a9a79: start RPC server
2019-08-22 17:49:41,762 [Datanode State Machine Thread - 0] INFO  server.GrpcService (GrpcService.java:startImpl(149)) - c2d5ad94-5356-4232-a32f-95f0e36a9a79: GrpcService started, listening on 0.0.0.0/0.0.0.0:42413
2019-08-22 17:49:41,763 [Datanode State Machine Thread - 0] INFO  ratis.XceiverServerRatis (XceiverServerRatis.java:start(414)) - XceiverServerRatis c2d5ad94-5356-4232-a32f-95f0e36a9a79 is started using port 42413
2019-08-22 17:49:41,767 [Datanode State Machine Thread - 0] INFO  server.XceiverServerGrpc (XceiverServerGrpc.java:start(161)) - XceiverServerGrpc c2d5ad94-5356-4232-a32f-95f0e36a9a79 is started using port 39090
2019-08-22 17:49:41,920 | INFO  | SCMAudit | user=jenkins1000 | ip=192.168.5.173 | op=GET_VERSION null | ret=SUCCESS |  
2019-08-22 17:49:41,933 [Datanode State Machine Thread - 0] INFO  ozoneimpl.OzoneContainer (OzoneContainer.java:start(186)) - Attempting to start container services.
2019-08-22 17:49:41,934 [Datanode State Machine Thread - 0] INFO  ozoneimpl.OzoneContainer (OzoneContainer.java:startContainerScrub(160)) - Background container scrubber has been disabled by hdds.containerscrub.enabled
2019-08-22 17:49:41,934 [Datanode State Machine Thread - 0] INFO  ratis.XceiverServerRatis (XceiverServerRatis.java:start(404)) - Starting XceiverServerRatis 4d50bca6-1793-48ce-b534-bf550895ea18 at port 0
2019-08-22 17:49:41,941 [Datanode State Machine Thread - 0] INFO  impl.RaftServerProxy (RaftServerProxy.java:lambda$start$3(299)) - 4d50bca6-1793-48ce-b534-bf550895ea18: start RPC server
2019-08-22 17:49:41,942 [Datanode State Machine Thread - 0] INFO  server.GrpcService (GrpcService.java:startImpl(149)) - 4d50bca6-1793-48ce-b534-bf550895ea18: GrpcService started, listening on 0.0.0.0/0.0.0.0:42669
2019-08-22 17:49:41,942 [Datanode State Machine Thread - 0] INFO  ratis.XceiverServerRatis (XceiverServerRatis.java:start(414)) - XceiverServerRatis 4d50bca6-1793-48ce-b534-bf550895ea18 is started using port 42669
2019-08-22 17:49:41,943 [Datanode State Machine Thread - 0] INFO  server.XceiverServerGrpc (XceiverServerGrpc.java:start(161)) - XceiverServerGrpc 4d50bca6-1793-48ce-b534-bf550895ea18 is started using port 33777
2019-08-22 17:49:42,084 [main] INFO  ozone.MiniOzoneClusterImpl (MiniOzoneClusterImpl.java:lambda$waitForClusterToBeReady$0(142)) - Waiting for cluster to be ready. Got 0 of 7 DN Heartbeats.
2019-08-22 17:49:42,085 | INFO  | SCMAudit | user=jenkins1000 | ip=192.168.5.173 | op=GET_VERSION null | ret=SUCCESS |  
2019-08-22 17:49:42,107 [Datanode State Machine Thread - 0] INFO  ozoneimpl.OzoneContainer (OzoneContainer.java:start(186)) - Attempting to start container services.
2019-08-22 17:49:42,107 [Datanode State Machine Thread - 0] INFO  ozoneimpl.OzoneContainer (OzoneContainer.java:startContainerScrub(160)) - Background container scrubber has been disabled by hdds.containerscrub.enabled
2019-08-22 17:49:42,107 [Datanode State Machine Thread - 0] INFO  ratis.XceiverServerRatis (XceiverServerRatis.java:start(404)) - Starting XceiverServerRatis 292d8095-7184-41a3-9854-985e76fd1716 at port 0
2019-08-22 17:49:42,114 [Datanode State Machine Thread - 0] INFO  impl.RaftServerProxy (RaftServerProxy.java:lambda$start$3(299)) - 292d8095-7184-41a3-9854-985e76fd1716: start RPC server
2019-08-22 17:49:42,118 [Datanode State Machine Thread - 0] INFO  server.GrpcService (GrpcService.java:startImpl(149)) - 292d8095-7184-41a3-9854-985e76fd1716: GrpcService started, listening on 0.0.0.0/0.0.0.0:35319
2019-08-22 17:49:42,118 [Datanode State Machine Thread - 0] INFO  ratis.XceiverServerRatis (XceiverServerRatis.java:start(414)) - XceiverServerRatis 292d8095-7184-41a3-9854-985e76fd1716 is started using port 35319
2019-08-22 17:49:42,131 [Datanode State Machine Thread - 0] INFO  server.XceiverServerGrpc (XceiverServerGrpc.java:start(161)) - XceiverServerGrpc 292d8095-7184-41a3-9854-985e76fd1716 is started using port 40033
2019-08-22 17:49:42,838 [IPC Server handler 4 on 41341] INFO  net.NetworkTopology (NetworkTopologyImpl.java:add(110)) - Added a new node: /default-rack/f56af1c7-d196-4686-9983-5f1b73da6fe9
2019-08-22 17:49:42,840 [IPC Server handler 4 on 41341] INFO  node.SCMNodeManager (SCMNodeManager.java:register(273)) - Registered Data node : f56af1c7-d196-4686-9983-5f1b73da6fe9{ip: 192.168.5.173, host: pr-hdds-1808-4dtdn-3774871440, networkLocation: /default-rack, certSerialId: null}
2019-08-22 17:49:42,842 | INFO  | SCMAudit | user=jenkins1000 | ip=192.168.5.173 | op=REGISTER {datanodeDetails=f56af1c7-d196-4686-9983-5f1b73da6fe9{ip: 192.168.5.173, host: pr-hdds-1808-4dtdn-3774871440, networkLocation: /default-rack, certSerialId: null}} | ret=SUCCESS |  
2019-08-22 17:49:42,842 [EventQueue-NodeRegistrationContainerReportForDataNodeSafeModeRule] INFO  safemode.SCMSafeModeManager (DataNodeSafeModeRule.java:process(71)) - SCM in safe mode. 1 DataNodes registered, 1 required.
2019-08-22 17:49:42,844 [EventQueue-NodeRegistrationContainerReportForDataNodeSafeModeRule] INFO  safemode.SCMSafeModeManager (SCMSafeModeManager.java:validateSafeModeExitRules(177)) - ScmSafeModeManager, all rules are successfully validated
2019-08-22 17:49:42,844 [EventQueue-NodeRegistrationContainerReportForDataNodeSafeModeRule] INFO  safemode.SCMSafeModeManager (SCMSafeModeManager.java:exitSafeMode(193)) - SCM exiting safe mode.
2019-08-22 17:49:42,858 [grpc-default-executor-5] INFO  impl.RaftServerProxy (RaftServerProxy.java:addNew(89)) - f56af1c7-d196-4686-9983-5f1b73da6fe9: addNew group-3C804D74ECDB:[f56af1c7-d196-4686-9983-5f1b73da6fe9:192.168.5.173:33869] returns group-3C804D74ECDB:java.util.concurrent.CompletableFuture@673eb147[Not completed]
2019-08-22 17:49:42,859 [pool-536-thread-1] INFO  impl.RaftServerImpl (RaftServerImpl.java:<init>(93)) - f56af1c7-d196-4686-9983-5f1b73da6fe9: new RaftServerImpl for group-3C804D74ECDB:[f56af1c7-d196-4686-9983-5f1b73da6fe9:192.168.5.173:33869] with ContainerStateMachine:uninitialized
2019-08-22 17:49:42,859 [pool-536-thread-1] INFO  server.RaftServerConfigKeys (ConfUtils.java:logGet(43)) - raft.server.rpc.timeout.min = 5s (custom)
2019-08-22 17:49:42,859 [pool-536-thread-1] INFO  server.RaftServerConfigKeys (ConfUtils.java:logGet(43)) - raft.server.rpc.timeout.max = 5200ms (custom)
2019-08-22 17:49:42,859 [pool-536-thread-1] INFO  server.RaftServerConfigKeys (ConfUtils.java:logGet(43)) - raft.server.rpcslowness.timeout = 120s (custom)
2019-08-22 17:49:42,859 [pool-536-thread-1] INFO  server.RaftServerConfigKeys (ConfUtils.java:logGet(43)) - raft.server.sleep.deviation.threshold = 300 (default)
2019-08-22 17:49:42,860 [pool-536-thread-1] INFO  server.RaftServerConfigKeys (ConfUtils.java:logGet(43)) - raft.server.log.appender.install.snapshot.enabled = false (custom)
2019-08-22 17:49:42,860 [pool-536-thread-1] INFO  impl.RaftServerImpl (ServerState.java:<init>(105)) - f56af1c7-d196-4686-9983-5f1b73da6fe9:group-3C804D74ECDB ConfigurationManager, init=-1: [f56af1c7-d196-4686-9983-5f1b73da6fe9:192.168.5.173:33869], old=null, confs=<EMPTY_MAP>
2019-08-22 17:49:42,860 [pool-536-thread-1] INFO  server.RaftServerConfigKeys (ConfUtils.java:logGet(43)) - raft.server.storage.dir = [/workdir/hadoop-ozone/integration-test/target/test-dir/MiniOzoneClusterImpl-759fa8c2-74ee-4da7-994d-2e8cc84df3a0/datanode-0/data/ratis] (custom)
2019-08-22 17:49:42,860 [pool-536-thread-1] INFO  storage.RaftStorageDirectory (RaftStorageDirectory.java:analyzeStorage(246)) - The storage directory /workdir/hadoop-ozone/integration-test/target/test-dir/MiniOzoneClusterImpl-759fa8c2-74ee-4da7-994d-2e8cc84df3a0/datanode-0/data/ratis/bc42417a-84bb-480d-9232-3c804d74ecdb does not exist. Creating ...
2019-08-22 17:49:42,874 [pool-536-thread-1] INFO  storage.RaftStorageDirectory (RaftStorageDirectory.java:tryLock(328)) - Lock on /workdir/hadoop-ozone/integration-test/target/test-dir/MiniOzoneClusterImpl-759fa8c2-74ee-4da7-994d-2e8cc84df3a0/datanode-0/data/ratis/bc42417a-84bb-480d-9232-3c804d74ecdb/in_use.lock acquired by nodename 29095@pr-hdds-1808-4dtdn-3774871440
2019-08-22 17:49:42,887 [pool-536-thread-1] INFO  storage.RaftStorage (RaftStorage.java:format(72)) - Storage directory /workdir/hadoop-ozone/integration-test/target/test-dir/MiniOzoneClusterImpl-759fa8c2-74ee-4da7-994d-2e8cc84df3a0/datanode-0/data/ratis/bc42417a-84bb-480d-9232-3c804d74ecdb has been successfully formatted.
2019-08-22 17:49:42,887 [pool-536-thread-1] INFO  ratis.ContainerStateMachine (ContainerStateMachine.java:loadSnapshot(226)) - group-3C804D74ECDB: The snapshot info is null. Setting the last applied indexto:(t:0, i:~)
2019-08-22 17:49:42,887 [pool-536-thread-1] INFO  server.RaftServerConfigKeys (ConfUtils.java:logGet(43)) - raft.server.leader.election.timeout = 120s (custom)
2019-08-22 17:49:42,888 [pool-536-thread-1] INFO  server.RaftServerConfigKeys (ConfUtils.java:logGet(43)) - raft.server.log.use.memory = false (default)
2019-08-22 17:49:42,888 [pool-536-thread-1] INFO  server.RaftServerConfigKeys (ConfUtils.java:logGet(43)) - raft.server.log.purge.gap = 1000000 (custom)
2019-08-22 17:49:42,888 [pool-536-thread-1] INFO  server.RaftServerConfigKeys (ConfUtils.java:logGet(43)) - raft.server.log.appender.buffer.byte-limit = 33554432 (custom)
2019-08-22 17:49:42,888 [pool-536-thread-1] INFO  server.RaftServerConfigKeys (ConfUtils.java:logGet(43)) - raft.server.log.segment.size.max = 1048576 (custom)
2019-08-22 17:49:42,888 [pool-536-thread-1] INFO  server.RaftServerConfigKeys (ConfUtils.java:logGet(43)) - raft.server.log.segment.cache.num.max = 2 (custom)
2019-08-22 17:49:42,888 [pool-536-thread-1] INFO  segmented.SegmentedRaftLogWorker (SegmentedRaftLogWorker.java:<init>(172)) - new f56af1c7-d196-4686-9983-5f1b73da6fe9-SegmentedRaftLogWorker:Storage Directory /workdir/hadoop-ozone/integration-test/target/test-dir/MiniOzoneClusterImpl-759fa8c2-74ee-4da7-994d-2e8cc84df3a0/datanode-0/data/ratis/bc42417a-84bb-480d-9232-3c804d74ecdb for RaftStorage:Storage Directory /workdir/hadoop-ozone/integration-test/target/test-dir/MiniOzoneClusterImpl-759fa8c2-74ee-4da7-994d-2e8cc84df3a0/datanode-0/data/ratis/bc42417a-84bb-480d-9232-3c804d74ecdb
2019-08-22 17:49:42,889 [pool-536-thread-1] INFO  server.RaftServerConfigKeys (ConfUtils.java:logGet(43)) - raft.server.log.queue.byte-limit = 2147483647 (custom)
2019-08-22 17:49:42,889 [pool-536-thread-1] INFO  server.RaftServerConfigKeys (ConfUtils.java:logGet(43)) - raft.server.log.queue.element-limit = 1024 (custom)
2019-08-22 17:49:42,889 [pool-536-thread-1] INFO  server.RaftServerConfigKeys (ConfUtils.java:logGet(43)) - raft.server.log.segment.size.max = 1048576 (custom)
2019-08-22 17:49:42,889 [pool-536-thread-1] INFO  server.RaftServerConfigKeys (ConfUtils.java:logGet(43)) - raft.server.log.preallocated.size = 16384 (custom)
2019-08-22 17:49:42,889 [pool-536-thread-1] INFO  server.RaftServerConfigKeys (ConfUtils.java:logGet(43)) - raft.server.log.write.buffer.size = 33554432 (custom)
2019-08-22 17:49:42,890 [pool-536-thread-1] INFO  server.RaftServerConfigKeys (ConfUtils.java:logGet(43)) - raft.server.log.force.sync.num = 128 (default)
2019-08-22 17:49:42,890 [pool-536-thread-1] INFO  server.RaftServerConfigKeys (ConfUtils.java:logGet(43)) - raft.server.log.statemachine.data.sync = true (default)
2019-08-22 17:49:42,890 [pool-536-thread-1] INFO  server.RaftServerConfigKeys (ConfUtils.java:logGet(43)) - raft.server.log.statemachine.data.sync.timeout = 10s (default)
2019-08-22 17:49:42,890 [pool-536-thread-1] INFO  server.RaftServerConfigKeys (ConfUtils.java:logGet(43)) - raft.server.log.statemachine.data.sync.timeout.retry = -1 (default)
2019-08-22 17:49:42,890 [pool-536-thread-1] INFO  server.RaftServerConfigKeys (ConfUtils.java:logGet(43)) - raft.server.log.statemachine.data.caching.enabled = true (custom)
2019-08-22 17:49:42,891 [pool-536-thread-1] INFO  segmented.SegmentedRaftLogWorker (SegmentedRaftLogWorker.java:lambda$new$0(132)) - f56af1c7-d196-4686-9983-5f1b73da6fe9-SegmentedRaftLogWorker:Storage Directory /workdir/hadoop-ozone/integration-test/target/test-dir/MiniOzoneClusterImpl-759fa8c2-74ee-4da7-994d-2e8cc84df3a0/datanode-0/data/ratis/bc42417a-84bb-480d-9232-3c804d74ecdb: flushIndex: setUnconditionally 0 -> -1
2019-08-22 17:49:42,891 [pool-536-thread-1] INFO  server.RaftServerConfigKeys (ConfUtils.java:logGet(43)) - raft.server.snapshot.auto.trigger.enabled = true (custom)
2019-08-22 17:49:42,891 [pool-536-thread-1] INFO  server.RaftServerConfigKeys (ConfUtils.java:logGet(43)) - raft.server.snapshot.auto.trigger.threshold = 10000 (custom)
2019-08-22 17:49:42,891 [pool-536-thread-1] INFO  server.RaftServerConfigKeys (ConfUtils.java:logGet(43)) - raft.server.retrycache.expirytime = 600000ms (custom)
2019-08-22 17:49:42,892 [pool-536-thread-1] INFO  impl.RaftServerImpl (RaftServerImpl.java:start(180)) - f56af1c7-d196-4686-9983-5f1b73da6fe9: start group-3C804D74ECDB
2019-08-22 17:49:42,892 [pool-536-thread-1] INFO  impl.RaftServerImpl (RaftServerImpl.java:setRole(171)) - f56af1c7-d196-4686-9983-5f1b73da6fe9:group-3C804D74ECDB changes role from null to FOLLOWER at term 0 for startAsFollower
2019-08-22 17:49:42,892 [pool-536-thread-1] INFO  impl.RoleInfo (RoleInfo.java:updateAndGet(143)) - f56af1c7-d196-4686-9983-5f1b73da6fe9: start FollowerState
2019-08-22 17:49:42,893 [pool-536-thread-1] INFO  util.JmxRegister (JmxRegister.java:tryRegister(44)) - Successfully registered JMX Bean with object name Ratis:service=RaftServer,group=group-3C804D74ECDB,id=f56af1c7-d196-4686-9983-5f1b73da6fe9
2019-08-22 17:49:42,896 [RatisPipelineUtilsThread] INFO  pipeline.PipelineStateManager (PipelineStateManager.java:addPipeline(56)) - Created pipeline Pipeline[ Id: bc42417a-84bb-480d-9232-3c804d74ecdb, Nodes: f56af1c7-d196-4686-9983-5f1b73da6fe9{ip: 192.168.5.173, host: pr-hdds-1808-4dtdn-3774871440, networkLocation: /default-rack, certSerialId: null}, Type:RATIS, Factor:ONE, State:OPEN]
2019-08-22 17:49:42,990 [IPC Server handler 0 on 41341] INFO  net.NetworkTopology (NetworkTopologyImpl.java:add(110)) - Added a new node: /default-rack/69232983-8dba-446a-9451-2b46042e75c9
2019-08-22 17:49:42,990 [IPC Server handler 0 on 41341] INFO  node.SCMNodeManager (SCMNodeManager.java:register(273)) - Registered Data node : 69232983-8dba-446a-9451-2b46042e75c9{ip: 192.168.5.173, host: pr-hdds-1808-4dtdn-3774871440, networkLocation: /default-rack, certSerialId: null}
2019-08-22 17:49:42,991 | INFO  | SCMAudit | user=jenkins1000 | ip=192.168.5.173 | op=REGISTER {datanodeDetails=69232983-8dba-446a-9451-2b46042e75c9{ip: 192.168.5.173, host: pr-hdds-1808-4dtdn-3774871440, networkLocation: /default-rack, certSerialId: null}} | ret=SUCCESS |  
2019-08-22 17:49:42,999 [grpc-default-executor-5] INFO  impl.RaftServerProxy (RaftServerProxy.java:addNew(89)) - 69232983-8dba-446a-9451-2b46042e75c9: addNew group-B25E9BB74E75:[69232983-8dba-446a-9451-2b46042e75c9:192.168.5.173:35738] returns group-B25E9BB74E75:java.util.concurrent.CompletableFuture@67797ab[Not completed]
2019-08-22 17:49:43,000 [pool-547-thread-1] INFO  impl.RaftServerImpl (RaftServerImpl.java:<init>(93)) - 69232983-8dba-446a-9451-2b46042e75c9: new RaftServerImpl for group-B25E9BB74E75:[69232983-8dba-446a-9451-2b46042e75c9:192.168.5.173:35738] with ContainerStateMachine:uninitialized
2019-08-22 17:49:43,000 [pool-547-thread-1] INFO  server.RaftServerConfigKeys (ConfUtils.java:logGet(43)) - raft.server.rpc.timeout.min = 5s (custom)
2019-08-22 17:49:43,001 [pool-547-thread-1] INFO  server.RaftServerConfigKeys (ConfUtils.java:logGet(43)) - raft.server.rpc.timeout.max = 5200ms (custom)
2019-08-22 17:49:43,001 [pool-547-thread-1] INFO  server.RaftServerConfigKeys (ConfUtils.java:logGet(43)) - raft.server.rpcslowness.timeout = 120s (custom)
2019-08-22 17:49:43,001 [pool-547-thread-1] INFO  server.RaftServerConfigKeys (ConfUtils.java:logGet(43)) - raft.server.sleep.deviation.threshold = 300 (default)
2019-08-22 17:49:43,001 [pool-547-thread-1] INFO  server.RaftServerConfigKeys (ConfUtils.java:logGet(43)) - raft.server.log.appender.install.snapshot.enabled = false (custom)
2019-08-22 17:49:43,001 [pool-547-thread-1] INFO  impl.RaftServerImpl (ServerState.java:<init>(105)) - 69232983-8dba-446a-9451-2b46042e75c9:group-B25E9BB74E75 ConfigurationManager, init=-1: [69232983-8dba-446a-9451-2b46042e75c9:192.168.5.173:35738], old=null, confs=<EMPTY_MAP>
2019-08-22 17:49:43,001 [pool-547-thread-1] INFO  server.RaftServerConfigKeys (ConfUtils.java:logGet(43)) - raft.server.storage.dir = [/workdir/hadoop-ozone/integration-test/target/test-dir/MiniOzoneClusterImpl-759fa8c2-74ee-4da7-994d-2e8cc84df3a0/datanode-1/data/ratis] (custom)
2019-08-22 17:49:43,002 [pool-547-thread-1] INFO  storage.RaftStorageDirectory (RaftStorageDirectory.java:analyzeStorage(246)) - The storage directory /workdir/hadoop-ozone/integration-test/target/test-dir/MiniOzoneClusterImpl-759fa8c2-74ee-4da7-994d-2e8cc84df3a0/datanode-1/data/ratis/8788a3f6-3011-474f-abba-b25e9bb74e75 does not exist. Creating ...
2019-08-22 17:49:43,026 [pool-547-thread-1] INFO  storage.RaftStorageDirectory (RaftStorageDirectory.java:tryLock(328)) - Lock on /workdir/hadoop-ozone/integration-test/target/test-dir/MiniOzoneClusterImpl-759fa8c2-74ee-4da7-994d-2e8cc84df3a0/datanode-1/data/ratis/8788a3f6-3011-474f-abba-b25e9bb74e75/in_use.lock acquired by nodename 29095@pr-hdds-1808-4dtdn-3774871440
2019-08-22 17:49:43,039 [pool-547-thread-1] INFO  storage.RaftStorage (RaftStorage.java:format(72)) - Storage directory /workdir/hadoop-ozone/integration-test/target/test-dir/MiniOzoneClusterImpl-759fa8c2-74ee-4da7-994d-2e8cc84df3a0/datanode-1/data/ratis/8788a3f6-3011-474f-abba-b25e9bb74e75 has been successfully formatted.
2019-08-22 17:49:43,039 [pool-547-thread-1] INFO  ratis.ContainerStateMachine (ContainerStateMachine.java:loadSnapshot(226)) - group-B25E9BB74E75: The snapshot info is null. Setting the last applied indexto:(t:0, i:~)
2019-08-22 17:49:43,039 [pool-547-thread-1] INFO  server.RaftServerConfigKeys (ConfUtils.java:logGet(43)) - raft.server.leader.election.timeout = 120s (custom)
2019-08-22 17:49:43,040 [pool-547-thread-1] INFO  server.RaftServerConfigKeys (ConfUtils.java:logGet(43)) - raft.server.log.use.memory = false (default)
2019-08-22 17:49:43,040 [pool-547-thread-1] INFO  server.RaftServerConfigKeys (ConfUtils.java:logGet(43)) - raft.server.log.purge.gap = 1000000 (custom)
2019-08-22 17:49:43,040 [pool-547-thread-1] INFO  server.RaftServerConfigKeys (ConfUtils.java:logGet(43)) - raft.server.log.appender.buffer.byte-limit = 33554432 (custom)
2019-08-22 17:49:43,040 [pool-547-thread-1] INFO  server.RaftServerConfigKeys (ConfUtils.java:logGet(43)) - raft.server.log.segment.size.max = 1048576 (custom)
2019-08-22 17:49:43,040 [pool-547-thread-1] INFO  server.RaftServerConfigKeys (ConfUtils.java:logGet(43)) - raft.server.log.segment.cache.num.max = 2 (custom)
2019-08-22 17:49:43,040 [pool-547-thread-1] INFO  segmented.SegmentedRaftLogWorker (SegmentedRaftLogWorker.java:<init>(172)) - new 69232983-8dba-446a-9451-2b46042e75c9-SegmentedRaftLogWorker:Storage Directory /workdir/hadoop-ozone/integration-test/target/test-dir/MiniOzoneClusterImpl-759fa8c2-74ee-4da7-994d-2e8cc84df3a0/datanode-1/data/ratis/8788a3f6-3011-474f-abba-b25e9bb74e75 for RaftStorage:Storage Directory /workdir/hadoop-ozone/integration-test/target/test-dir/MiniOzoneClusterImpl-759fa8c2-74ee-4da7-994d-2e8cc84df3a0/datanode-1/data/ratis/8788a3f6-3011-474f-abba-b25e9bb74e75
2019-08-22 17:49:43,041 [pool-547-thread-1] INFO  server.RaftServerConfigKeys (ConfUtils.java:logGet(43)) - raft.server.log.queue.byte-limit = 2147483647 (custom)
2019-08-22 17:49:43,041 [pool-547-thread-1] INFO  server.RaftServerConfigKeys (ConfUtils.java:logGet(43)) - raft.server.log.queue.element-limit = 1024 (custom)
2019-08-22 17:49:43,041 [pool-547-thread-1] INFO  server.RaftServerConfigKeys (ConfUtils.java:logGet(43)) - raft.server.log.segment.size.max = 1048576 (custom)
2019-08-22 17:49:43,041 [pool-547-thread-1] INFO  server.RaftServerConfigKeys (ConfUtils.java:logGet(43)) - raft.server.log.preallocated.size = 16384 (custom)
2019-08-22 17:49:43,041 [pool-547-thread-1] INFO  server.RaftServerConfigKeys (ConfUtils.java:logGet(43)) - raft.server.log.write.buffer.size = 33554432 (custom)
2019-08-22 17:49:43,041 [pool-547-thread-1] INFO  server.RaftServerConfigKeys (ConfUtils.java:logGet(43)) - raft.server.log.force.sync.num = 128 (default)
2019-08-22 17:49:43,041 [pool-547-thread-1] INFO  server.RaftServerConfigKeys (ConfUtils.java:logGet(43)) - raft.server.log.statemachine.data.sync = true (default)
2019-08-22 17:49:43,042 [pool-547-thread-1] INFO  server.RaftServerConfigKeys (ConfUtils.java:logGet(43)) - raft.server.log.statemachine.data.sync.timeout = 10s (default)
2019-08-22 17:49:43,042 [pool-547-thread-1] INFO  server.RaftServerConfigKeys (ConfUtils.java:logGet(43)) - raft.server.log.statemachine.data.sync.timeout.retry = -1 (default)
2019-08-22 17:49:43,042 [pool-547-thread-1] INFO  server.RaftServerConfigKeys (ConfUtils.java:logGet(43)) - raft.server.log.statemachine.data.caching.enabled = true (custom)
2019-08-22 17:49:43,042 [pool-547-thread-1] INFO  segmented.SegmentedRaftLogWorker (SegmentedRaftLogWorker.java:lambda$new$0(132)) - 69232983-8dba-446a-9451-2b46042e75c9-SegmentedRaftLogWorker:Storage Directory /workdir/hadoop-ozone/integration-test/target/test-dir/MiniOzoneClusterImpl-759fa8c2-74ee-4da7-994d-2e8cc84df3a0/datanode-1/data/ratis/8788a3f6-3011-474f-abba-b25e9bb74e75: flushIndex: setUnconditionally 0 -> -1
2019-08-22 17:49:43,043 [pool-547-thread-1] INFO  server.RaftServerConfigKeys (ConfUtils.java:logGet(43)) - raft.server.snapshot.auto.trigger.enabled = true (custom)
2019-08-22 17:49:43,043 [pool-547-thread-1] INFO  server.RaftServerConfigKeys (ConfUtils.java:logGet(43)) - raft.server.snapshot.auto.trigger.threshold = 10000 (custom)
2019-08-22 17:49:43,043 [pool-547-thread-1] INFO  server.RaftServerConfigKeys (ConfUtils.java:logGet(43)) - raft.server.retrycache.expirytime = 600000ms (custom)
2019-08-22 17:49:43,043 [pool-547-thread-1] INFO  impl.RaftServerImpl (RaftServerImpl.java:start(180)) - 69232983-8dba-446a-9451-2b46042e75c9: start group-B25E9BB74E75
2019-08-22 17:49:43,043 [pool-547-thread-1] INFO  impl.RaftServerImpl (RaftServerImpl.java:setRole(171)) - 69232983-8dba-446a-9451-2b46042e75c9:group-B25E9BB74E75 changes role from null to FOLLOWER at term 0 for startAsFollower
2019-08-22 17:49:43,044 [pool-547-thread-1] INFO  impl.RoleInfo (RoleInfo.java:updateAndGet(143)) - 69232983-8dba-446a-9451-2b46042e75c9: start FollowerState
2019-08-22 17:49:43,044 [pool-547-thread-1] INFO  util.JmxRegister (JmxRegister.java:tryRegister(44)) - Successfully registered JMX Bean with object name Ratis:service=RaftServer,group=group-B25E9BB74E75,id=69232983-8dba-446a-9451-2b46042e75c9
2019-08-22 17:49:43,046 [RatisPipelineUtilsThread] INFO  pipeline.PipelineStateManager (PipelineStateManager.java:addPipeline(56)) - Created pipeline Pipeline[ Id: 8788a3f6-3011-474f-abba-b25e9bb74e75, Nodes: 69232983-8dba-446a-9451-2b46042e75c9{ip: 192.168.5.173, host: pr-hdds-1808-4dtdn-3774871440, networkLocation: /default-rack, certSerialId: null}, Type:RATIS, Factor:ONE, State:OPEN]
2019-08-22 17:49:43,085 [main] INFO  ozone.MiniOzoneClusterImpl (MiniOzoneClusterImpl.java:lambda$waitForClusterToBeReady$0(142)) - Waiting for cluster to be ready. Got 2 of 7 DN Heartbeats.
2019-08-22 17:49:43,136 [IPC Server handler 2 on 41341] INFO  net.NetworkTopology (NetworkTopologyImpl.java:add(110)) - Added a new node: /default-rack/a29b0749-4fa9-464b-a5e0-ea013a767c21
2019-08-22 17:49:43,136 [IPC Server handler 2 on 41341] INFO  node.SCMNodeManager (SCMNodeManager.java:register(273)) - Registered Data node : a29b0749-4fa9-464b-a5e0-ea013a767c21{ip: 192.168.5.173, host: pr-hdds-1808-4dtdn-3774871440, networkLocation: /default-rack, certSerialId: null}
2019-08-22 17:49:43,136 | INFO  | SCMAudit | user=jenkins1000 | ip=192.168.5.173 | op=REGISTER {datanodeDetails=a29b0749-4fa9-464b-a5e0-ea013a767c21{ip: 192.168.5.173, host: pr-hdds-1808-4dtdn-3774871440, networkLocation: /default-rack, certSerialId: null}} | ret=SUCCESS |  
2019-08-22 17:49:43,144 [grpc-default-executor-5] INFO  impl.RaftServerProxy (RaftServerProxy.java:addNew(89)) - a29b0749-4fa9-464b-a5e0-ea013a767c21: addNew group-AED25211918E:[a29b0749-4fa9-464b-a5e0-ea013a767c21:192.168.5.173:36275] returns group-AED25211918E:java.util.concurrent.CompletableFuture@4cc1da33[Not completed]
2019-08-22 17:49:43,145 [pool-558-thread-1] INFO  impl.RaftServerImpl (RaftServerImpl.java:<init>(93)) - a29b0749-4fa9-464b-a5e0-ea013a767c21: new RaftServerImpl for group-AED25211918E:[a29b0749-4fa9-464b-a5e0-ea013a767c21:192.168.5.173:36275] with ContainerStateMachine:uninitialized
2019-08-22 17:49:43,145 [pool-558-thread-1] INFO  server.RaftServerConfigKeys (ConfUtils.java:logGet(43)) - raft.server.rpc.timeout.min = 5s (custom)
2019-08-22 17:49:43,145 [pool-558-thread-1] INFO  server.RaftServerConfigKeys (ConfUtils.java:logGet(43)) - raft.server.rpc.timeout.max = 5200ms (custom)
2019-08-22 17:49:43,145 [pool-558-thread-1] INFO  server.RaftServerConfigKeys (ConfUtils.java:logGet(43)) - raft.server.rpcslowness.timeout = 120s (custom)
2019-08-22 17:49:43,146 [pool-558-thread-1] INFO  server.RaftServerConfigKeys (ConfUtils.java:logGet(43)) - raft.server.sleep.deviation.threshold = 300 (default)
2019-08-22 17:49:43,146 [pool-558-thread-1] INFO  server.RaftServerConfigKeys (ConfUtils.java:logGet(43)) - raft.server.log.appender.install.snapshot.enabled = false (custom)
2019-08-22 17:49:43,146 [pool-558-thread-1] INFO  impl.RaftServerImpl (ServerState.java:<init>(105)) - a29b0749-4fa9-464b-a5e0-ea013a767c21:group-AED25211918E ConfigurationManager, init=-1: [a29b0749-4fa9-464b-a5e0-ea013a767c21:192.168.5.173:36275], old=null, confs=<EMPTY_MAP>
2019-08-22 17:49:43,146 [pool-558-thread-1] INFO  server.RaftServerConfigKeys (ConfUtils.java:logGet(43)) - raft.server.storage.dir = [/workdir/hadoop-ozone/integration-test/target/test-dir/MiniOzoneClusterImpl-759fa8c2-74ee-4da7-994d-2e8cc84df3a0/datanode-2/data/ratis] (custom)
2019-08-22 17:49:43,146 [pool-558-thread-1] INFO  storage.RaftStorageDirectory (RaftStorageDirectory.java:analyzeStorage(246)) - The storage directory /workdir/hadoop-ozone/integration-test/target/test-dir/MiniOzoneClusterImpl-759fa8c2-74ee-4da7-994d-2e8cc84df3a0/datanode-2/data/ratis/147f668a-a44f-4037-8eb2-aed25211918e does not exist. Creating ...
2019-08-22 17:49:43,159 [pool-558-thread-1] INFO  storage.RaftStorageDirectory (RaftStorageDirectory.java:tryLock(328)) - Lock on /workdir/hadoop-ozone/integration-test/target/test-dir/MiniOzoneClusterImpl-759fa8c2-74ee-4da7-994d-2e8cc84df3a0/datanode-2/data/ratis/147f668a-a44f-4037-8eb2-aed25211918e/in_use.lock acquired by nodename 29095@pr-hdds-1808-4dtdn-3774871440
2019-08-22 17:49:43,191 [pool-558-thread-1] INFO  storage.RaftStorage (RaftStorage.java:format(72)) - Storage directory /workdir/hadoop-ozone/integration-test/target/test-dir/MiniOzoneClusterImpl-759fa8c2-74ee-4da7-994d-2e8cc84df3a0/datanode-2/data/ratis/147f668a-a44f-4037-8eb2-aed25211918e has been successfully formatted.
2019-08-22 17:49:43,191 [pool-558-thread-1] INFO  ratis.ContainerStateMachine (ContainerStateMachine.java:loadSnapshot(226)) - group-AED25211918E: The snapshot info is null. Setting the last applied indexto:(t:0, i:~)
2019-08-22 17:49:43,192 [pool-558-thread-1] INFO  server.RaftServerConfigKeys (ConfUtils.java:logGet(43)) - raft.server.leader.election.timeout = 120s (custom)
2019-08-22 17:49:43,192 [pool-558-thread-1] INFO  server.RaftServerConfigKeys (ConfUtils.java:logGet(43)) - raft.server.log.use.memory = false (default)
2019-08-22 17:49:43,192 [pool-558-thread-1] INFO  server.RaftServerConfigKeys (ConfUtils.java:logGet(43)) - raft.server.log.purge.gap = 1000000 (custom)
2019-08-22 17:49:43,192 [pool-558-thread-1] INFO  server.RaftServerConfigKeys (ConfUtils.java:logGet(43)) - raft.server.log.appender.buffer.byte-limit = 33554432 (custom)
2019-08-22 17:49:43,192 [pool-558-thread-1] INFO  server.RaftServerConfigKeys (ConfUtils.java:logGet(43)) - raft.server.log.segment.size.max = 1048576 (custom)
2019-08-22 17:49:43,192 [pool-558-thread-1] INFO  server.RaftServerConfigKeys (ConfUtils.java:logGet(43)) - raft.server.log.segment.cache.num.max = 2 (custom)
2019-08-22 17:49:43,193 [pool-558-thread-1] INFO  segmented.SegmentedRaftLogWorker (SegmentedRaftLogWorker.java:<init>(172)) - new a29b0749-4fa9-464b-a5e0-ea013a767c21-SegmentedRaftLogWorker:Storage Directory /workdir/hadoop-ozone/integration-test/target/test-dir/MiniOzoneClusterImpl-759fa8c2-74ee-4da7-994d-2e8cc84df3a0/datanode-2/data/ratis/147f668a-a44f-4037-8eb2-aed25211918e for RaftStorage:Storage Directory /workdir/hadoop-ozone/integration-test/target/test-dir/MiniOzoneClusterImpl-759fa8c2-74ee-4da7-994d-2e8cc84df3a0/datanode-2/data/ratis/147f668a-a44f-4037-8eb2-aed25211918e
2019-08-22 17:49:43,193 [pool-558-thread-1] INFO  server.RaftServerConfigKeys (ConfUtils.java:logGet(43)) - raft.server.log.queue.byte-limit = 2147483647 (custom)
2019-08-22 17:49:43,193 [pool-558-thread-1] INFO  server.RaftServerConfigKeys (ConfUtils.java:logGet(43)) - raft.server.log.queue.element-limit = 1024 (custom)
2019-08-22 17:49:43,193 [pool-558-thread-1] INFO  server.RaftServerConfigKeys (ConfUtils.java:logGet(43)) - raft.server.log.segment.size.max = 1048576 (custom)
2019-08-22 17:49:43,193 [pool-558-thread-1] INFO  server.RaftServerConfigKeys (ConfUtils.java:logGet(43)) - raft.server.log.preallocated.size = 16384 (custom)
2019-08-22 17:49:43,193 [pool-558-thread-1] INFO  server.RaftServerConfigKeys (ConfUtils.java:logGet(43)) - raft.server.log.write.buffer.size = 33554432 (custom)
2019-08-22 17:49:43,194 [pool-558-thread-1] INFO  server.RaftServerConfigKeys (ConfUtils.java:logGet(43)) - raft.server.log.force.sync.num = 128 (default)
2019-08-22 17:49:43,194 [pool-558-thread-1] INFO  server.RaftServerConfigKeys (ConfUtils.java:logGet(43)) - raft.server.log.statemachine.data.sync = true (default)
2019-08-22 17:49:43,194 [pool-558-thread-1] INFO  server.RaftServerConfigKeys (ConfUtils.java:logGet(43)) - raft.server.log.statemachine.data.sync.timeout = 10s (default)
2019-08-22 17:49:43,194 [pool-558-thread-1] INFO  server.RaftServerConfigKeys (ConfUtils.java:logGet(43)) - raft.server.log.statemachine.data.sync.timeout.retry = -1 (default)
2019-08-22 17:49:43,194 [pool-558-thread-1] INFO  server.RaftServerConfigKeys (ConfUtils.java:logGet(43)) - raft.server.log.statemachine.data.caching.enabled = true (custom)
2019-08-22 17:49:43,195 [pool-558-thread-1] INFO  segmented.SegmentedRaftLogWorker (SegmentedRaftLogWorker.java:lambda$new$0(132)) - a29b0749-4fa9-464b-a5e0-ea013a767c21-SegmentedRaftLogWorker:Storage Directory /workdir/hadoop-ozone/integration-test/target/test-dir/MiniOzoneClusterImpl-759fa8c2-74ee-4da7-994d-2e8cc84df3a0/datanode-2/data/ratis/147f668a-a44f-4037-8eb2-aed25211918e: flushIndex: setUnconditionally 0 -> -1
2019-08-22 17:49:43,195 [pool-558-thread-1] INFO  server.RaftServerConfigKeys (ConfUtils.java:logGet(43)) - raft.server.snapshot.auto.trigger.enabled = true (custom)
2019-08-22 17:49:43,195 [pool-558-thread-1] INFO  server.RaftServerConfigKeys (ConfUtils.java:logGet(43)) - raft.server.snapshot.auto.trigger.threshold = 10000 (custom)
2019-08-22 17:49:43,196 [pool-558-thread-1] INFO  server.RaftServerConfigKeys (ConfUtils.java:logGet(43)) - raft.server.retrycache.expirytime = 600000ms (custom)
2019-08-22 17:49:43,196 [pool-558-thread-1] INFO  impl.RaftServerImpl (RaftServerImpl.java:start(180)) - a29b0749-4fa9-464b-a5e0-ea013a767c21: start group-AED25211918E
2019-08-22 17:49:43,196 [pool-558-thread-1] INFO  impl.RaftServerImpl (RaftServerImpl.java:setRole(171)) - a29b0749-4fa9-464b-a5e0-ea013a767c21:group-AED25211918E changes role from null to FOLLOWER at term 0 for startAsFollower
2019-08-22 17:49:43,196 [pool-558-thread-1] INFO  impl.RoleInfo (RoleInfo.java:updateAndGet(143)) - a29b0749-4fa9-464b-a5e0-ea013a767c21: start FollowerState
2019-08-22 17:49:43,196 [pool-558-thread-1] INFO  util.JmxRegister (JmxRegister.java:tryRegister(44)) - Successfully registered JMX Bean with object name Ratis:service=RaftServer,group=group-AED25211918E,id=a29b0749-4fa9-464b-a5e0-ea013a767c21
2019-08-22 17:49:43,199 [RatisPipelineUtilsThread] INFO  pipeline.PipelineStateManager (PipelineStateManager.java:addPipeline(56)) - Created pipeline Pipeline[ Id: 147f668a-a44f-4037-8eb2-aed25211918e, Nodes: a29b0749-4fa9-464b-a5e0-ea013a767c21{ip: 192.168.5.173, host: pr-hdds-1808-4dtdn-3774871440, networkLocation: /default-rack, certSerialId: null}, Type:RATIS, Factor:ONE, State:OPEN]
2019-08-22 17:49:43,216 [grpc-default-executor-2] INFO  impl.RaftServerProxy (RaftServerProxy.java:addNew(89)) - f56af1c7-d196-4686-9983-5f1b73da6fe9: addNew group-92301C51CB26:[f56af1c7-d196-4686-9983-5f1b73da6fe9:192.168.5.173:33869, a29b0749-4fa9-464b-a5e0-ea013a767c21:192.168.5.173:36275, 69232983-8dba-446a-9451-2b46042e75c9:192.168.5.173:35738] returns group-92301C51CB26:java.util.concurrent.CompletableFuture@5994fd70[Not completed]
2019-08-22 17:49:43,217 [grpc-default-executor-2] INFO  impl.RaftServerProxy (RaftServerProxy.java:addNew(89)) - 69232983-8dba-446a-9451-2b46042e75c9: addNew group-92301C51CB26:[f56af1c7-d196-4686-9983-5f1b73da6fe9:192.168.5.173:33869, a29b0749-4fa9-464b-a5e0-ea013a767c21:192.168.5.173:36275, 69232983-8dba-446a-9451-2b46042e75c9:192.168.5.173:35738] returns group-92301C51CB26:java.util.concurrent.CompletableFuture@34c8d619[Not completed]
2019-08-22 17:49:43,217 [pool-536-thread-1] INFO  impl.RaftServerImpl (RaftServerImpl.java:<init>(93)) - f56af1c7-d196-4686-9983-5f1b73da6fe9: new RaftServerImpl for group-92301C51CB26:[f56af1c7-d196-4686-9983-5f1b73da6fe9:192.168.5.173:33869, a29b0749-4fa9-464b-a5e0-ea013a767c21:192.168.5.173:36275, 69232983-8dba-446a-9451-2b46042e75c9:192.168.5.173:35738] with ContainerStateMachine:uninitialized
2019-08-22 17:49:43,218 [pool-536-thread-1] INFO  server.RaftServerConfigKeys (ConfUtils.java:logGet(43)) - raft.server.rpc.timeout.min = 5s (custom)
2019-08-22 17:49:43,218 [grpc-default-executor-1] INFO  impl.RaftServerProxy (RaftServerProxy.java:addNew(89)) - a29b0749-4fa9-464b-a5e0-ea013a767c21: addNew group-92301C51CB26:[f56af1c7-d196-4686-9983-5f1b73da6fe9:192.168.5.173:33869, a29b0749-4fa9-464b-a5e0-ea013a767c21:192.168.5.173:36275, 69232983-8dba-446a-9451-2b46042e75c9:192.168.5.173:35738] returns group-92301C51CB26:java.util.concurrent.CompletableFuture@138ca03d[Not completed]
2019-08-22 17:49:43,218 [pool-536-thread-1] INFO  server.RaftServerConfigKeys (ConfUtils.java:logGet(43)) - raft.server.rpc.timeout.max = 5200ms (custom)
2019-08-22 17:49:43,218 [pool-536-thread-1] INFO  server.RaftServerConfigKeys (ConfUtils.java:logGet(43)) - raft.server.rpcslowness.timeout = 120s (custom)
2019-08-22 17:49:43,218 [pool-547-thread-1] INFO  impl.RaftServerImpl (RaftServerImpl.java:<init>(93)) - 69232983-8dba-446a-9451-2b46042e75c9: new RaftServerImpl for group-92301C51CB26:[f56af1c7-d196-4686-9983-5f1b73da6fe9:192.168.5.173:33869, a29b0749-4fa9-464b-a5e0-ea013a767c21:192.168.5.173:36275, 69232983-8dba-446a-9451-2b46042e75c9:192.168.5.173:35738] with ContainerStateMachine:uninitialized
2019-08-22 17:49:43,218 [pool-536-thread-1] INFO  server.RaftServerConfigKeys (ConfUtils.java:logGet(43)) - raft.server.sleep.deviation.threshold = 300 (default)
2019-08-22 17:49:43,218 [pool-547-thread-1] INFO  server.RaftServerConfigKeys (ConfUtils.java:logGet(43)) - raft.server.rpc.timeout.min = 5s (custom)
2019-08-22 17:49:43,219 [pool-536-thread-1] INFO  server.RaftServerConfigKeys (ConfUtils.java:logGet(43)) - raft.server.log.appender.install.snapshot.enabled = false (custom)
2019-08-22 17:49:43,219 [pool-558-thread-1] INFO  impl.RaftServerImpl (RaftServerImpl.java:<init>(93)) - a29b0749-4fa9-464b-a5e0-ea013a767c21: new RaftServerImpl for group-92301C51CB26:[f56af1c7-d196-4686-9983-5f1b73da6fe9:192.168.5.173:33869, a29b0749-4fa9-464b-a5e0-ea013a767c21:192.168.5.173:36275, 69232983-8dba-446a-9451-2b46042e75c9:192.168.5.173:35738] with ContainerStateMachine:uninitialized
2019-08-22 17:49:43,219 [pool-547-thread-1] INFO  server.RaftServerConfigKeys (ConfUtils.java:logGet(43)) - raft.server.rpc.timeout.max = 5200ms (custom)
2019-08-22 17:49:43,219 [pool-558-thread-1] INFO  server.RaftServerConfigKeys (ConfUtils.java:logGet(43)) - raft.server.rpc.timeout.min = 5s (custom)
2019-08-22 17:49:43,219 [pool-558-thread-1] INFO  server.RaftServerConfigKeys (ConfUtils.java:logGet(43)) - raft.server.rpc.timeout.max = 5200ms (custom)
2019-08-22 17:49:43,219 [pool-536-thread-1] INFO  impl.RaftServerImpl (ServerState.java:<init>(105)) - f56af1c7-d196-4686-9983-5f1b73da6fe9:group-92301C51CB26 ConfigurationManager, init=-1: [f56af1c7-d196-4686-9983-5f1b73da6fe9:192.168.5.173:33869, a29b0749-4fa9-464b-a5e0-ea013a767c21:192.168.5.173:36275, 69232983-8dba-446a-9451-2b46042e75c9:192.168.5.173:35738], old=null, confs=<EMPTY_MAP>
2019-08-22 17:49:43,220 [pool-558-thread-1] INFO  server.RaftServerConfigKeys (ConfUtils.java:logGet(43)) - raft.server.rpcslowness.timeout = 120s (custom)
2019-08-22 17:49:43,220 [pool-558-thread-1] INFO  server.RaftServerConfigKeys (ConfUtils.java:logGet(43)) - raft.server.sleep.deviation.threshold = 300 (default)
2019-08-22 17:49:43,219 [pool-547-thread-1] INFO  server.RaftServerConfigKeys (ConfUtils.java:logGet(43)) - raft.server.rpcslowness.timeout = 120s (custom)
2019-08-22 17:49:43,220 [pool-558-thread-1] INFO  server.RaftServerConfigKeys (ConfUtils.java:logGet(43)) - raft.server.log.appender.install.snapshot.enabled = false (custom)
2019-08-22 17:49:43,220 [pool-536-thread-1] INFO  server.RaftServerConfigKeys (ConfUtils.java:logGet(43)) - raft.server.storage.dir = [/workdir/hadoop-ozone/integration-test/target/test-dir/MiniOzoneClusterImpl-759fa8c2-74ee-4da7-994d-2e8cc84df3a0/datanode-0/data/ratis] (custom)
2019-08-22 17:49:43,221 [pool-558-thread-1] INFO  impl.RaftServerImpl (ServerState.java:<init>(105)) - a29b0749-4fa9-464b-a5e0-ea013a767c21:group-92301C51CB26 ConfigurationManager, init=-1: [f56af1c7-d196-4686-9983-5f1b73da6fe9:192.168.5.173:33869, a29b0749-4fa9-464b-a5e0-ea013a767c21:192.168.5.173:36275, 69232983-8dba-446a-9451-2b46042e75c9:192.168.5.173:35738], old=null, confs=<EMPTY_MAP>
2019-08-22 17:49:43,220 [pool-547-thread-1] INFO  server.RaftServerConfigKeys (ConfUtils.java:logGet(43)) - raft.server.sleep.deviation.threshold = 300 (default)
2019-08-22 17:49:43,221 [pool-536-thread-1] INFO  storage.RaftStorageDirectory (RaftStorageDirectory.java:analyzeStorage(246)) - The storage directory /workdir/hadoop-ozone/integration-test/target/test-dir/MiniOzoneClusterImpl-759fa8c2-74ee-4da7-994d-2e8cc84df3a0/datanode-0/data/ratis/4a4183c5-9385-4f89-a7e8-92301c51cb26 does not exist. Creating ...
2019-08-22 17:49:43,221 [pool-558-thread-1] INFO  server.RaftServerConfigKeys (ConfUtils.java:logGet(43)) - raft.server.storage.dir = [/workdir/hadoop-ozone/integration-test/target/test-dir/MiniOzoneClusterImpl-759fa8c2-74ee-4da7-994d-2e8cc84df3a0/datanode-2/data/ratis] (custom)
2019-08-22 17:49:43,221 [pool-547-thread-1] INFO  server.RaftServerConfigKeys (ConfUtils.java:logGet(43)) - raft.server.log.appender.install.snapshot.enabled = false (custom)
2019-08-22 17:49:43,222 [pool-547-thread-1] INFO  impl.RaftServerImpl (ServerState.java:<init>(105)) - 69232983-8dba-446a-9451-2b46042e75c9:group-92301C51CB26 ConfigurationManager, init=-1: [f56af1c7-d196-4686-9983-5f1b73da6fe9:192.168.5.173:33869, a29b0749-4fa9-464b-a5e0-ea013a767c21:192.168.5.173:36275, 69232983-8dba-446a-9451-2b46042e75c9:192.168.5.173:35738], old=null, confs=<EMPTY_MAP>
2019-08-22 17:49:43,222 [pool-558-thread-1] INFO  storage.RaftStorageDirectory (RaftStorageDirectory.java:analyzeStorage(246)) - The storage directory /workdir/hadoop-ozone/integration-test/target/test-dir/MiniOzoneClusterImpl-759fa8c2-74ee-4da7-994d-2e8cc84df3a0/datanode-2/data/ratis/4a4183c5-9385-4f89-a7e8-92301c51cb26 does not exist. Creating ...
2019-08-22 17:49:43,222 [pool-547-thread-1] INFO  server.RaftServerConfigKeys (ConfUtils.java:logGet(43)) - raft.server.storage.dir = [/workdir/hadoop-ozone/integration-test/target/test-dir/MiniOzoneClusterImpl-759fa8c2-74ee-4da7-994d-2e8cc84df3a0/datanode-1/data/ratis] (custom)
2019-08-22 17:49:43,223 [pool-547-thread-1] INFO  storage.RaftStorageDirectory (RaftStorageDirectory.java:analyzeStorage(246)) - The storage directory /workdir/hadoop-ozone/integration-test/target/test-dir/MiniOzoneClusterImpl-759fa8c2-74ee-4da7-994d-2e8cc84df3a0/datanode-1/data/ratis/4a4183c5-9385-4f89-a7e8-92301c51cb26 does not exist. Creating ...
2019-08-22 17:49:43,246 [pool-558-thread-1] INFO  storage.RaftStorageDirectory (RaftStorageDirectory.java:tryLock(328)) - Lock on /workdir/hadoop-ozone/integration-test/target/test-dir/MiniOzoneClusterImpl-759fa8c2-74ee-4da7-994d-2e8cc84df3a0/datanode-2/data/ratis/4a4183c5-9385-4f89-a7e8-92301c51cb26/in_use.lock acquired by nodename 29095@pr-hdds-1808-4dtdn-3774871440
2019-08-22 17:49:43,246 [pool-547-thread-1] INFO  storage.RaftStorageDirectory (RaftStorageDirectory.java:tryLock(328)) - Lock on /workdir/hadoop-ozone/integration-test/target/test-dir/MiniOzoneClusterImpl-759fa8c2-74ee-4da7-994d-2e8cc84df3a0/datanode-1/data/ratis/4a4183c5-9385-4f89-a7e8-92301c51cb26/in_use.lock acquired by nodename 29095@pr-hdds-1808-4dtdn-3774871440
2019-08-22 17:49:43,246 [pool-536-thread-1] INFO  storage.RaftStorageDirectory (RaftStorageDirectory.java:tryLock(328)) - Lock on /workdir/hadoop-ozone/integration-test/target/test-dir/MiniOzoneClusterImpl-759fa8c2-74ee-4da7-994d-2e8cc84df3a0/datanode-0/data/ratis/4a4183c5-9385-4f89-a7e8-92301c51cb26/in_use.lock acquired by nodename 29095@pr-hdds-1808-4dtdn-3774871440
2019-08-22 17:49:43,260 [pool-558-thread-1] INFO  storage.RaftStorage (RaftStorage.java:format(72)) - Storage directory /workdir/hadoop-ozone/integration-test/target/test-dir/MiniOzoneClusterImpl-759fa8c2-74ee-4da7-994d-2e8cc84df3a0/datanode-2/data/ratis/4a4183c5-9385-4f89-a7e8-92301c51cb26 has been successfully formatted.
2019-08-22 17:49:43,260 [pool-536-thread-1] INFO  storage.RaftStorage (RaftStorage.java:format(72)) - Storage directory /workdir/hadoop-ozone/integration-test/target/test-dir/MiniOzoneClusterImpl-759fa8c2-74ee-4da7-994d-2e8cc84df3a0/datanode-0/data/ratis/4a4183c5-9385-4f89-a7e8-92301c51cb26 has been successfully formatted.
2019-08-22 17:49:43,260 [pool-547-thread-1] INFO  storage.RaftStorage (RaftStorage.java:format(72)) - Storage directory /workdir/hadoop-ozone/integration-test/target/test-dir/MiniOzoneClusterImpl-759fa8c2-74ee-4da7-994d-2e8cc84df3a0/datanode-1/data/ratis/4a4183c5-9385-4f89-a7e8-92301c51cb26 has been successfully formatted.
2019-08-22 17:49:43,261 [pool-536-thread-1] INFO  ratis.ContainerStateMachine (ContainerStateMachine.java:loadSnapshot(226)) - group-92301C51CB26: The snapshot info is null. Setting the last applied indexto:(t:0, i:~)
2019-08-22 17:49:43,260 [pool-558-thread-1] INFO  ratis.ContainerStateMachine (ContainerStateMachine.java:loadSnapshot(226)) - group-92301C51CB26: The snapshot info is null. Setting the last applied indexto:(t:0, i:~)
2019-08-22 17:49:43,261 [pool-536-thread-1] INFO  server.RaftServerConfigKeys (ConfUtils.java:logGet(43)) - raft.server.leader.election.timeout = 120s (custom)
2019-08-22 17:49:43,261 [pool-547-thread-1] INFO  ratis.ContainerStateMachine (ContainerStateMachine.java:loadSnapshot(226)) - group-92301C51CB26: The snapshot info is null. Setting the last applied indexto:(t:0, i:~)
2019-08-22 17:49:43,261 [pool-536-thread-1] INFO  server.RaftServerConfigKeys (ConfUtils.java:logGet(43)) - raft.server.log.use.memory = false (default)
2019-08-22 17:49:43,261 [pool-536-thread-1] INFO  server.RaftServerConfigKeys (ConfUtils.java:logGet(43)) - raft.server.log.purge.gap = 1000000 (custom)
2019-08-22 17:49:43,261 [pool-558-thread-1] INFO  server.RaftServerConfigKeys (ConfUtils.java:logGet(43)) - raft.server.leader.election.timeout = 120s (custom)
2019-08-22 17:49:43,262 [pool-536-thread-1] INFO  server.RaftServerConfigKeys (ConfUtils.java:logGet(43)) - raft.server.log.appender.buffer.byte-limit = 33554432 (custom)
2019-08-22 17:49:43,261 [pool-547-thread-1] INFO  server.RaftServerConfigKeys (ConfUtils.java:logGet(43)) - raft.server.leader.election.timeout = 120s (custom)
2019-08-22 17:49:43,262 [pool-536-thread-1] INFO  server.RaftServerConfigKeys (ConfUtils.java:logGet(43)) - raft.server.log.segment.size.max = 1048576 (custom)
2019-08-22 17:49:43,262 [pool-558-thread-1] INFO  server.RaftServerConfigKeys (ConfUtils.java:logGet(43)) - raft.server.log.use.memory = false (default)
2019-08-22 17:49:43,262 [pool-536-thread-1] INFO  server.RaftServerConfigKeys (ConfUtils.java:logGet(43)) - raft.server.log.segment.cache.num.max = 2 (custom)
2019-08-22 17:49:43,262 [pool-547-thread-1] INFO  server.RaftServerConfigKeys (ConfUtils.java:logGet(43)) - raft.server.log.use.memory = false (default)
2019-08-22 17:49:43,263 [pool-536-thread-1] INFO  segmented.SegmentedRaftLogWorker (SegmentedRaftLogWorker.java:<init>(172)) - new f56af1c7-d196-4686-9983-5f1b73da6fe9-SegmentedRaftLogWorker:Storage Directory /workdir/hadoop-ozone/integration-test/target/test-dir/MiniOzoneClusterImpl-759fa8c2-74ee-4da7-994d-2e8cc84df3a0/datanode-0/data/ratis/4a4183c5-9385-4f89-a7e8-92301c51cb26 for RaftStorage:Storage Directory /workdir/hadoop-ozone/integration-test/target/test-dir/MiniOzoneClusterImpl-759fa8c2-74ee-4da7-994d-2e8cc84df3a0/datanode-0/data/ratis/4a4183c5-9385-4f89-a7e8-92301c51cb26
2019-08-22 17:49:43,263 [pool-558-thread-1] INFO  server.RaftServerConfigKeys (ConfUtils.java:logGet(43)) - raft.server.log.purge.gap = 1000000 (custom)
2019-08-22 17:49:43,263 [pool-536-thread-1] INFO  server.RaftServerConfigKeys (ConfUtils.java:logGet(43)) - raft.server.log.queue.byte-limit = 2147483647 (custom)
2019-08-22 17:49:43,263 [pool-547-thread-1] INFO  server.RaftServerConfigKeys (ConfUtils.java:logGet(43)) - raft.server.log.purge.gap = 1000000 (custom)
2019-08-22 17:49:43,263 [pool-536-thread-1] INFO  server.RaftServerConfigKeys (ConfUtils.java:logGet(43)) - raft.server.log.queue.element-limit = 1024 (custom)
2019-08-22 17:49:43,263 [pool-558-thread-1] INFO  server.RaftServerConfigKeys (ConfUtils.java:logGet(43)) - raft.server.log.appender.buffer.byte-limit = 33554432 (custom)
2019-08-22 17:49:43,264 [pool-536-thread-1] INFO  server.RaftServerConfigKeys (ConfUtils.java:logGet(43)) - raft.server.log.segment.size.max = 1048576 (custom)
2019-08-22 17:49:43,264 [pool-536-thread-1] INFO  server.RaftServerConfigKeys (ConfUtils.java:logGet(43)) - raft.server.log.preallocated.size = 16384 (custom)
2019-08-22 17:49:43,264 [pool-547-thread-1] INFO  server.RaftServerConfigKeys (ConfUtils.java:logGet(43)) - raft.server.log.appender.buffer.byte-limit = 33554432 (custom)
2019-08-22 17:49:43,264 [pool-536-thread-1] INFO  server.RaftServerConfigKeys (ConfUtils.java:logGet(43)) - raft.server.log.write.buffer.size = 33554432 (custom)
2019-08-22 17:49:43,264 [pool-558-thread-1] INFO  server.RaftServerConfigKeys (ConfUtils.java:logGet(43)) - raft.server.log.segment.size.max = 1048576 (custom)
2019-08-22 17:49:43,264 [pool-536-thread-1] INFO  server.RaftServerConfigKeys (ConfUtils.java:logGet(43)) - raft.server.log.force.sync.num = 128 (default)
2019-08-22 17:49:43,264 [pool-547-thread-1] INFO  server.RaftServerConfigKeys (ConfUtils.java:logGet(43)) - raft.server.log.segment.size.max = 1048576 (custom)
2019-08-22 17:49:43,265 [pool-536-thread-1] INFO  server.RaftServerConfigKeys (ConfUtils.java:logGet(43)) - raft.server.log.statemachine.data.sync = true (default)
2019-08-22 17:49:43,265 [pool-558-thread-1] INFO  server.RaftServerConfigKeys (ConfUtils.java:logGet(43)) - raft.server.log.segment.cache.num.max = 2 (custom)
2019-08-22 17:49:43,265 [pool-536-thread-1] INFO  server.RaftServerConfigKeys (ConfUtils.java:logGet(43)) - raft.server.log.statemachine.data.sync.timeout = 10s (default)
2019-08-22 17:49:43,265 [pool-536-thread-1] INFO  server.RaftServerConfigKeys (ConfUtils.java:logGet(43)) - raft.server.log.statemachine.data.sync.timeout.retry = -1 (default)
2019-08-22 17:49:43,265 [pool-547-thread-1] INFO  server.RaftServerConfigKeys (ConfUtils.java:logGet(43)) - raft.server.log.segment.cache.num.max = 2 (custom)
2019-08-22 17:49:43,266 [pool-536-thread-1] INFO  server.RaftServerConfigKeys (ConfUtils.java:logGet(43)) - raft.server.log.statemachine.data.caching.enabled = true (custom)
2019-08-22 17:49:43,265 [pool-558-thread-1] INFO  segmented.SegmentedRaftLogWorker (SegmentedRaftLogWorker.java:<init>(172)) - new a29b0749-4fa9-464b-a5e0-ea013a767c21-SegmentedRaftLogWorker:Storage Directory /workdir/hadoop-ozone/integration-test/target/test-dir/MiniOzoneClusterImpl-759fa8c2-74ee-4da7-994d-2e8cc84df3a0/datanode-2/data/ratis/4a4183c5-9385-4f89-a7e8-92301c51cb26 for RaftStorage:Storage Directory /workdir/hadoop-ozone/integration-test/target/test-dir/MiniOzoneClusterImpl-759fa8c2-74ee-4da7-994d-2e8cc84df3a0/datanode-2/data/ratis/4a4183c5-9385-4f89-a7e8-92301c51cb26
2019-08-22 17:49:43,266 [pool-536-thread-1] INFO  segmented.SegmentedRaftLogWorker (SegmentedRaftLogWorker.java:lambda$new$0(132)) - f56af1c7-d196-4686-9983-5f1b73da6fe9-SegmentedRaftLogWorker:Storage Directory /workdir/hadoop-ozone/integration-test/target/test-dir/MiniOzoneClusterImpl-759fa8c2-74ee-4da7-994d-2e8cc84df3a0/datanode-0/data/ratis/4a4183c5-9385-4f89-a7e8-92301c51cb26: flushIndex: setUnconditionally 0 -> -1
2019-08-22 17:49:43,266 [pool-547-thread-1] INFO  segmented.SegmentedRaftLogWorker (SegmentedRaftLogWorker.java:<init>(172)) - new 69232983-8dba-446a-9451-2b46042e75c9-SegmentedRaftLogWorker:Storage Directory /workdir/hadoop-ozone/integration-test/target/test-dir/MiniOzoneClusterImpl-759fa8c2-74ee-4da7-994d-2e8cc84df3a0/datanode-1/data/ratis/4a4183c5-9385-4f89-a7e8-92301c51cb26 for RaftStorage:Storage Directory /workdir/hadoop-ozone/integration-test/target/test-dir/MiniOzoneClusterImpl-759fa8c2-74ee-4da7-994d-2e8cc84df3a0/datanode-1/data/ratis/4a4183c5-9385-4f89-a7e8-92301c51cb26
2019-08-22 17:49:43,266 [pool-558-thread-1] INFO  server.RaftServerConfigKeys (ConfUtils.java:logGet(43)) - raft.server.log.queue.byte-limit = 2147483647 (custom)
2019-08-22 17:49:43,266 [pool-536-thread-1] INFO  server.RaftServerConfigKeys (ConfUtils.java:logGet(43)) - raft.server.snapshot.auto.trigger.enabled = true (custom)
2019-08-22 17:49:43,266 [pool-547-thread-1] INFO  server.RaftServerConfigKeys (ConfUtils.java:logGet(43)) - raft.server.log.queue.byte-limit = 2147483647 (custom)
2019-08-22 17:49:43,267 [pool-536-thread-1] INFO  server.RaftServerConfigKeys (ConfUtils.java:logGet(43)) - raft.server.snapshot.auto.trigger.threshold = 10000 (custom)
2019-08-22 17:49:43,267 [pool-558-thread-1] INFO  server.RaftServerConfigKeys (ConfUtils.java:logGet(43)) - raft.server.log.queue.element-limit = 1024 (custom)
2019-08-22 17:49:43,267 [pool-536-thread-1] INFO  server.RaftServerConfigKeys (ConfUtils.java:logGet(43)) - raft.server.retrycache.expirytime = 600000ms (custom)
2019-08-22 17:49:43,267 [pool-547-thread-1] INFO  server.RaftServerConfigKeys (ConfUtils.java:logGet(43)) - raft.server.log.queue.element-limit = 1024 (custom)
2019-08-22 17:49:43,267 [pool-536-thread-1] INFO  impl.RaftServerImpl (RaftServerImpl.java:start(180)) - f56af1c7-d196-4686-9983-5f1b73da6fe9: start group-92301C51CB26
2019-08-22 17:49:43,268 [pool-536-thread-1] INFO  impl.RaftServerImpl (RaftServerImpl.java:setRole(171)) - f56af1c7-d196-4686-9983-5f1b73da6fe9:group-92301C51CB26 changes role from null to FOLLOWER at term 0 for startAsFollower
2019-08-22 17:49:43,267 [pool-558-thread-1] INFO  server.RaftServerConfigKeys (ConfUtils.java:logGet(43)) - raft.server.log.segment.size.max = 1048576 (custom)
2019-08-22 17:49:43,268 [pool-536-thread-1] INFO  impl.RoleInfo (RoleInfo.java:updateAndGet(143)) - f56af1c7-d196-4686-9983-5f1b73da6fe9: start FollowerState
2019-08-22 17:49:43,268 [pool-547-thread-1] INFO  server.RaftServerConfigKeys (ConfUtils.java:logGet(43)) - raft.server.log.segment.size.max = 1048576 (custom)
2019-08-22 17:49:43,268 [pool-558-thread-1] INFO  server.RaftServerConfigKeys (ConfUtils.java:logGet(43)) - raft.server.log.preallocated.size = 16384 (custom)
2019-08-22 17:49:43,268 [pool-536-thread-1] INFO  util.JmxRegister (JmxRegister.java:tryRegister(44)) - Successfully registered JMX Bean with object name Ratis:service=RaftServer,group=group-92301C51CB26,id=f56af1c7-d196-4686-9983-5f1b73da6fe9
2019-08-22 17:49:43,268 [pool-547-thread-1] INFO  server.RaftServerConfigKeys (ConfUtils.java:logGet(43)) - raft.server.log.preallocated.size = 16384 (custom)
2019-08-22 17:49:43,269 [pool-558-thread-1] INFO  server.RaftServerConfigKeys (ConfUtils.java:logGet(43)) - raft.server.log.write.buffer.size = 33554432 (custom)
2019-08-22 17:49:43,269 [pool-547-thread-1] INFO  server.RaftServerConfigKeys (ConfUtils.java:logGet(43)) - raft.server.log.write.buffer.size = 33554432 (custom)
2019-08-22 17:49:43,269 [pool-558-thread-1] INFO  server.RaftServerConfigKeys (ConfUtils.java:logGet(43)) - raft.server.log.force.sync.num = 128 (default)
2019-08-22 17:49:43,269 [pool-547-thread-1] INFO  server.RaftServerConfigKeys (ConfUtils.java:logGet(43)) - raft.server.log.force.sync.num = 128 (default)
2019-08-22 17:49:43,269 [pool-558-thread-1] INFO  server.RaftServerConfigKeys (ConfUtils.java:logGet(43)) - raft.server.log.statemachine.data.sync = true (default)
2019-08-22 17:49:43,270 [pool-547-thread-1] INFO  server.RaftServerConfigKeys (ConfUtils.java:logGet(43)) - raft.server.log.statemachine.data.sync = true (default)
2019-08-22 17:49:43,270 [pool-558-thread-1] INFO  server.RaftServerConfigKeys (ConfUtils.java:logGet(43)) - raft.server.log.statemachine.data.sync.timeout = 10s (default)
2019-08-22 17:49:43,270 [pool-547-thread-1] INFO  server.RaftServerConfigKeys (ConfUtils.java:logGet(43)) - raft.server.log.statemachine.data.sync.timeout = 10s (default)
2019-08-22 17:49:43,270 [pool-547-thread-1] INFO  server.RaftServerConfigKeys (ConfUtils.java:logGet(43)) - raft.server.log.statemachine.data.sync.timeout.retry = -1 (default)
2019-08-22 17:49:43,270 [pool-558-thread-1] INFO  server.RaftServerConfigKeys (ConfUtils.java:logGet(43)) - raft.server.log.statemachine.data.sync.timeout.retry = -1 (default)
2019-08-22 17:49:43,270 [pool-547-thread-1] INFO  server.RaftServerConfigKeys (ConfUtils.java:logGet(43)) - raft.server.log.statemachine.data.caching.enabled = true (custom)
2019-08-22 17:49:43,271 [pool-558-thread-1] INFO  server.RaftServerConfigKeys (ConfUtils.java:logGet(43)) - raft.server.log.statemachine.data.caching.enabled = true (custom)
2019-08-22 17:49:43,271 [pool-547-thread-1] INFO  segmented.SegmentedRaftLogWorker (SegmentedRaftLogWorker.java:lambda$new$0(132)) - 69232983-8dba-446a-9451-2b46042e75c9-SegmentedRaftLogWorker:Storage Directory /workdir/hadoop-ozone/integration-test/target/test-dir/MiniOzoneClusterImpl-759fa8c2-74ee-4da7-994d-2e8cc84df3a0/datanode-1/data/ratis/4a4183c5-9385-4f89-a7e8-92301c51cb26: flushIndex: setUnconditionally 0 -> -1
2019-08-22 17:49:43,271 [pool-558-thread-1] INFO  segmented.SegmentedRaftLogWorker (SegmentedRaftLogWorker.java:lambda$new$0(132)) - a29b0749-4fa9-464b-a5e0-ea013a767c21-SegmentedRaftLogWorker:Storage Directory /workdir/hadoop-ozone/integration-test/target/test-dir/MiniOzoneClusterImpl-759fa8c2-74ee-4da7-994d-2e8cc84df3a0/datanode-2/data/ratis/4a4183c5-9385-4f89-a7e8-92301c51cb26: flushIndex: setUnconditionally 0 -> -1
2019-08-22 17:49:43,271 [pool-547-thread-1] INFO  server.RaftServerConfigKeys (ConfUtils.java:logGet(43)) - raft.server.snapshot.auto.trigger.enabled = true (custom)
2019-08-22 17:49:43,272 [pool-547-thread-1] INFO  server.RaftServerConfigKeys (ConfUtils.java:logGet(43)) - raft.server.snapshot.auto.trigger.threshold = 10000 (custom)
2019-08-22 17:49:43,272 [pool-558-thread-1] INFO  server.RaftServerConfigKeys (ConfUtils.java:logGet(43)) - raft.server.snapshot.auto.trigger.enabled = true (custom)
2019-08-22 17:49:43,272 [pool-547-thread-1] INFO  server.RaftServerConfigKeys (ConfUtils.java:logGet(43)) - raft.server.retrycache.expirytime = 600000ms (custom)
2019-08-22 17:49:43,272 [pool-558-thread-1] INFO  server.RaftServerConfigKeys (ConfUtils.java:logGet(43)) - raft.server.snapshot.auto.trigger.threshold = 10000 (custom)
2019-08-22 17:49:43,272 [pool-547-thread-1] INFO  impl.RaftServerImpl (RaftServerImpl.java:start(180)) - 69232983-8dba-446a-9451-2b46042e75c9: start group-92301C51CB26
2019-08-22 17:49:43,272 [pool-547-thread-1] INFO  impl.RaftServerImpl (RaftServerImpl.java:setRole(171)) - 69232983-8dba-446a-9451-2b46042e75c9:group-92301C51CB26 changes role from null to FOLLOWER at term 0 for startAsFollower
2019-08-22 17:49:43,272 [pool-558-thread-1] INFO  server.RaftServerConfigKeys (ConfUtils.java:logGet(43)) - raft.server.retrycache.expirytime = 600000ms (custom)
2019-08-22 17:49:43,272 [pool-547-thread-1] INFO  impl.RoleInfo (RoleInfo.java:updateAndGet(143)) - 69232983-8dba-446a-9451-2b46042e75c9: start FollowerState
2019-08-22 17:49:43,273 [pool-558-thread-1] INFO  impl.RaftServerImpl (RaftServerImpl.java:start(180)) - a29b0749-4fa9-464b-a5e0-ea013a767c21: start group-92301C51CB26
2019-08-22 17:49:43,273 [pool-558-thread-1] INFO  impl.RaftServerImpl (RaftServerImpl.java:setRole(171)) - a29b0749-4fa9-464b-a5e0-ea013a767c21:group-92301C51CB26 changes role from null to FOLLOWER at term 0 for startAsFollower
2019-08-22 17:49:43,273 [pool-547-thread-1] INFO  util.JmxRegister (JmxRegister.java:tryRegister(44)) - Successfully registered JMX Bean with object name Ratis:service=RaftServer,group=group-92301C51CB26,id=69232983-8dba-446a-9451-2b46042e75c9
2019-08-22 17:49:43,273 [pool-558-thread-1] INFO  impl.RoleInfo (RoleInfo.java:updateAndGet(143)) - a29b0749-4fa9-464b-a5e0-ea013a767c21: start FollowerState
2019-08-22 17:49:43,274 [pool-558-thread-1] INFO  util.JmxRegister (JmxRegister.java:tryRegister(44)) - Successfully registered JMX Bean with object name Ratis:service=RaftServer,group=group-92301C51CB26,id=a29b0749-4fa9-464b-a5e0-ea013a767c21
2019-08-22 17:49:43,276 [RatisPipelineUtilsThread] INFO  pipeline.PipelineStateManager (PipelineStateManager.java:addPipeline(56)) - Created pipeline Pipeline[ Id: 4a4183c5-9385-4f89-a7e8-92301c51cb26, Nodes: 69232983-8dba-446a-9451-2b46042e75c9{ip: 192.168.5.173, host: pr-hdds-1808-4dtdn-3774871440, networkLocation: /default-rack, certSerialId: null}f56af1c7-d196-4686-9983-5f1b73da6fe9{ip: 192.168.5.173, host: pr-hdds-1808-4dtdn-3774871440, networkLocation: /default-rack, certSerialId: null}a29b0749-4fa9-464b-a5e0-ea013a767c21{ip: 192.168.5.173, host: pr-hdds-1808-4dtdn-3774871440, networkLocation: /default-rack, certSerialId: null}, Type:RATIS, Factor:THREE, State:OPEN]
2019-08-22 17:49:43,286 [IPC Server handler 3 on 41341] INFO  net.NetworkTopology (NetworkTopologyImpl.java:add(110)) - Added a new node: /default-rack/99e65ce9-9658-4d2b-9ccf-b58166a10afd
2019-08-22 17:49:43,286 [IPC Server handler 3 on 41341] INFO  node.SCMNodeManager (SCMNodeManager.java:register(273)) - Registered Data node : 99e65ce9-9658-4d2b-9ccf-b58166a10afd{ip: 192.168.5.173, host: pr-hdds-1808-4dtdn-3774871440, networkLocation: /default-rack, certSerialId: null}
2019-08-22 17:49:43,287 | INFO  | SCMAudit | user=jenkins1000 | ip=192.168.5.173 | op=REGISTER {datanodeDetails=99e65ce9-9658-4d2b-9ccf-b58166a10afd{ip: 192.168.5.173, host: pr-hdds-1808-4dtdn-3774871440, networkLocation: /default-rack, certSerialId: null}} | ret=SUCCESS |  
2019-08-22 17:49:43,294 [grpc-default-executor-1] INFO  impl.RaftServerProxy (RaftServerProxy.java:addNew(89)) - 99e65ce9-9658-4d2b-9ccf-b58166a10afd: addNew group-267EA6739E59:[99e65ce9-9658-4d2b-9ccf-b58166a10afd:192.168.5.173:38554] returns group-267EA6739E59:java.util.concurrent.CompletableFuture@6c7f43fe[Not completed]
2019-08-22 17:49:43,296 [pool-569-thread-1] INFO  impl.RaftServerImpl (RaftServerImpl.java:<init>(93)) - 99e65ce9-9658-4d2b-9ccf-b58166a10afd: new RaftServerImpl for group-267EA6739E59:[99e65ce9-9658-4d2b-9ccf-b58166a10afd:192.168.5.173:38554] with ContainerStateMachine:uninitialized
2019-08-22 17:49:43,296 [pool-569-thread-1] INFO  server.RaftServerConfigKeys (ConfUtils.java:logGet(43)) - raft.server.rpc.timeout.min = 5s (custom)
2019-08-22 17:49:43,296 [pool-569-thread-1] INFO  server.RaftServerConfigKeys (ConfUtils.java:logGet(43)) - raft.server.rpc.timeout.max = 5200ms (custom)
2019-08-22 17:49:43,296 [pool-569-thread-1] INFO  server.RaftServerConfigKeys (ConfUtils.java:logGet(43)) - raft.server.rpcslowness.timeout = 120s (custom)
2019-08-22 17:49:43,296 [pool-569-thread-1] INFO  server.RaftServerConfigKeys (ConfUtils.java:logGet(43)) - raft.server.sleep.deviation.threshold = 300 (default)
2019-08-22 17:49:43,296 [pool-569-thread-1] INFO  server.RaftServerConfigKeys (ConfUtils.java:logGet(43)) - raft.server.log.appender.install.snapshot.enabled = false (custom)
2019-08-22 17:49:43,297 [pool-569-thread-1] INFO  impl.RaftServerImpl (ServerState.java:<init>(105)) - 99e65ce9-9658-4d2b-9ccf-b58166a10afd:group-267EA6739E59 ConfigurationManager, init=-1: [99e65ce9-9658-4d2b-9ccf-b58166a10afd:192.168.5.173:38554], old=null, confs=<EMPTY_MAP>
2019-08-22 17:49:43,297 [pool-569-thread-1] INFO  server.RaftServerConfigKeys (ConfUtils.java:logGet(43)) - raft.server.storage.dir = [/workdir/hadoop-ozone/integration-test/target/test-dir/MiniOzoneClusterImpl-759fa8c2-74ee-4da7-994d-2e8cc84df3a0/datanode-3/data/ratis] (custom)
2019-08-22 17:49:43,297 [pool-569-thread-1] INFO  storage.RaftStorageDirectory (RaftStorageDirectory.java:analyzeStorage(246)) - The storage directory /workdir/hadoop-ozone/integration-test/target/test-dir/MiniOzoneClusterImpl-759fa8c2-74ee-4da7-994d-2e8cc84df3a0/datanode-3/data/ratis/e4e0755a-64b5-492d-b8a0-267ea6739e59 does not exist. Creating ...
2019-08-22 17:49:43,311 [pool-569-thread-1] INFO  storage.RaftStorageDirectory (RaftStorageDirectory.java:tryLock(328)) - Lock on /workdir/hadoop-ozone/integration-test/target/test-dir/MiniOzoneClusterImpl-759fa8c2-74ee-4da7-994d-2e8cc84df3a0/datanode-3/data/ratis/e4e0755a-64b5-492d-b8a0-267ea6739e59/in_use.lock acquired by nodename 29095@pr-hdds-1808-4dtdn-3774871440
2019-08-22 17:49:43,324 [pool-569-thread-1] INFO  storage.RaftStorage (RaftStorage.java:format(72)) - Storage directory /workdir/hadoop-ozone/integration-test/target/test-dir/MiniOzoneClusterImpl-759fa8c2-74ee-4da7-994d-2e8cc84df3a0/datanode-3/data/ratis/e4e0755a-64b5-492d-b8a0-267ea6739e59 has been successfully formatted.
2019-08-22 17:49:43,324 [pool-569-thread-1] INFO  ratis.ContainerStateMachine (ContainerStateMachine.java:loadSnapshot(226)) - group-267EA6739E59: The snapshot info is null. Setting the last applied indexto:(t:0, i:~)
2019-08-22 17:49:43,325 [pool-569-thread-1] INFO  server.RaftServerConfigKeys (ConfUtils.java:logGet(43)) - raft.server.leader.election.timeout = 120s (custom)
2019-08-22 17:49:43,325 [pool-569-thread-1] INFO  server.RaftServerConfigKeys (ConfUtils.java:logGet(43)) - raft.server.log.use.memory = false (default)
2019-08-22 17:49:43,325 [pool-569-thread-1] INFO  server.RaftServerConfigKeys (ConfUtils.java:logGet(43)) - raft.server.log.purge.gap = 1000000 (custom)
2019-08-22 17:49:43,325 [pool-569-thread-1] INFO  server.RaftServerConfigKeys (ConfUtils.java:logGet(43)) - raft.server.log.appender.buffer.byte-limit = 33554432 (custom)
2019-08-22 17:49:43,325 [pool-569-thread-1] INFO  server.RaftServerConfigKeys (ConfUtils.java:logGet(43)) - raft.server.log.segment.size.max = 1048576 (custom)
2019-08-22 17:49:43,325 [pool-569-thread-1] INFO  server.RaftServerConfigKeys (ConfUtils.java:logGet(43)) - raft.server.log.segment.cache.num.max = 2 (custom)
2019-08-22 17:49:43,326 [pool-569-thread-1] INFO  segmented.SegmentedRaftLogWorker (SegmentedRaftLogWorker.java:<init>(172)) - new 99e65ce9-9658-4d2b-9ccf-b58166a10afd-SegmentedRaftLogWorker:Storage Directory /workdir/hadoop-ozone/integration-test/target/test-dir/MiniOzoneClusterImpl-759fa8c2-74ee-4da7-994d-2e8cc84df3a0/datanode-3/data/ratis/e4e0755a-64b5-492d-b8a0-267ea6739e59 for RaftStorage:Storage Directory /workdir/hadoop-ozone/integration-test/target/test-dir/MiniOzoneClusterImpl-759fa8c2-74ee-4da7-994d-2e8cc84df3a0/datanode-3/data/ratis/e4e0755a-64b5-492d-b8a0-267ea6739e59
2019-08-22 17:49:43,326 [pool-569-thread-1] INFO  server.RaftServerConfigKeys (ConfUtils.java:logGet(43)) - raft.server.log.queue.byte-limit = 2147483647 (custom)
2019-08-22 17:49:43,326 [pool-569-thread-1] INFO  server.RaftServerConfigKeys (ConfUtils.java:logGet(43)) - raft.server.log.queue.element-limit = 1024 (custom)
2019-08-22 17:49:43,326 [pool-569-thread-1] INFO  server.RaftServerConfigKeys (ConfUtils.java:logGet(43)) - raft.server.log.segment.size.max = 1048576 (custom)
2019-08-22 17:49:43,326 [pool-569-thread-1] INFO  server.RaftServerConfigKeys (ConfUtils.java:logGet(43)) - raft.server.log.preallocated.size = 16384 (custom)
2019-08-22 17:49:43,327 [pool-569-thread-1] INFO  server.RaftServerConfigKeys (ConfUtils.java:logGet(43)) - raft.server.log.write.buffer.size = 33554432 (custom)
2019-08-22 17:49:43,327 [pool-569-thread-1] INFO  server.RaftServerConfigKeys (ConfUtils.java:logGet(43)) - raft.server.log.force.sync.num = 128 (default)
2019-08-22 17:49:43,327 [pool-569-thread-1] INFO  server.RaftServerConfigKeys (ConfUtils.java:logGet(43)) - raft.server.log.statemachine.data.sync = true (default)
2019-08-22 17:49:43,327 [pool-569-thread-1] INFO  server.RaftServerConfigKeys (ConfUtils.java:logGet(43)) - raft.server.log.statemachine.data.sync.timeout = 10s (default)
2019-08-22 17:49:43,327 [pool-569-thread-1] INFO  server.RaftServerConfigKeys (ConfUtils.java:logGet(43)) - raft.server.log.statemachine.data.sync.timeout.retry = -1 (default)
2019-08-22 17:49:43,327 [pool-569-thread-1] INFO  server.RaftServerConfigKeys (ConfUtils.java:logGet(43)) - raft.server.log.statemachine.data.caching.enabled = true (custom)
2019-08-22 17:49:43,328 [pool-569-thread-1] INFO  segmented.SegmentedRaftLogWorker (SegmentedRaftLogWorker.java:lambda$new$0(132)) - 99e65ce9-9658-4d2b-9ccf-b58166a10afd-SegmentedRaftLogWorker:Storage Directory /workdir/hadoop-ozone/integration-test/target/test-dir/MiniOzoneClusterImpl-759fa8c2-74ee-4da7-994d-2e8cc84df3a0/datanode-3/data/ratis/e4e0755a-64b5-492d-b8a0-267ea6739e59: flushIndex: setUnconditionally 0 -> -1
2019-08-22 17:49:43,328 [pool-569-thread-1] INFO  server.RaftServerConfigKeys (ConfUtils.java:logGet(43)) - raft.server.snapshot.auto.trigger.enabled = true (custom)
2019-08-22 17:49:43,328 [pool-569-thread-1] INFO  server.RaftServerConfigKeys (ConfUtils.java:logGet(43)) - raft.server.snapshot.auto.trigger.threshold = 10000 (custom)
2019-08-22 17:49:43,328 [pool-569-thread-1] INFO  server.RaftServerConfigKeys (ConfUtils.java:logGet(43)) - raft.server.retrycache.expirytime = 600000ms (custom)
2019-08-22 17:49:43,329 [pool-569-thread-1] INFO  impl.RaftServerImpl (RaftServerImpl.java:start(180)) - 99e65ce9-9658-4d2b-9ccf-b58166a10afd: start group-267EA6739E59
2019-08-22 17:49:43,329 [pool-569-thread-1] INFO  impl.RaftServerImpl (RaftServerImpl.java:setRole(171)) - 99e65ce9-9658-4d2b-9ccf-b58166a10afd:group-267EA6739E59 changes role from null to FOLLOWER at term 0 for startAsFollower
2019-08-22 17:49:43,329 [pool-569-thread-1] INFO  impl.RoleInfo (RoleInfo.java:updateAndGet(143)) - 99e65ce9-9658-4d2b-9ccf-b58166a10afd: start FollowerState
2019-08-22 17:49:43,329 [pool-569-thread-1] INFO  util.JmxRegister (JmxRegister.java:tryRegister(44)) - Successfully registered JMX Bean with object name Ratis:service=RaftServer,group=group-267EA6739E59,id=99e65ce9-9658-4d2b-9ccf-b58166a10afd
2019-08-22 17:49:43,331 [RatisPipelineUtilsThread] INFO  pipeline.PipelineStateManager (PipelineStateManager.java:addPipeline(56)) - Created pipeline Pipeline[ Id: e4e0755a-64b5-492d-b8a0-267ea6739e59, Nodes: 99e65ce9-9658-4d2b-9ccf-b58166a10afd{ip: 192.168.5.173, host: pr-hdds-1808-4dtdn-3774871440, networkLocation: /default-rack, certSerialId: null}, Type:RATIS, Factor:ONE, State:OPEN]
2019-08-22 17:49:43,731 [IPC Server handler 4 on 41341] INFO  net.NetworkTopology (NetworkTopologyImpl.java:add(110)) - Added a new node: /default-rack/c2d5ad94-5356-4232-a32f-95f0e36a9a79
2019-08-22 17:49:43,732 [IPC Server handler 4 on 41341] INFO  node.SCMNodeManager (SCMNodeManager.java:register(273)) - Registered Data node : c2d5ad94-5356-4232-a32f-95f0e36a9a79{ip: 192.168.5.173, host: pr-hdds-1808-4dtdn-3774871440, networkLocation: /default-rack, certSerialId: null}
2019-08-22 17:49:43,732 | INFO  | SCMAudit | user=jenkins1000 | ip=192.168.5.173 | op=REGISTER {datanodeDetails=c2d5ad94-5356-4232-a32f-95f0e36a9a79{ip: 192.168.5.173, host: pr-hdds-1808-4dtdn-3774871440, networkLocation: /default-rack, certSerialId: null}} | ret=SUCCESS |  
2019-08-22 17:49:43,750 [grpc-default-executor-1] INFO  impl.RaftServerProxy (RaftServerProxy.java:addNew(89)) - c2d5ad94-5356-4232-a32f-95f0e36a9a79: addNew group-68D36E8A3029:[c2d5ad94-5356-4232-a32f-95f0e36a9a79:192.168.5.173:42413] returns group-68D36E8A3029:java.util.concurrent.CompletableFuture@4507b854[Not completed]
2019-08-22 17:49:43,751 [pool-580-thread-1] INFO  impl.RaftServerImpl (RaftServerImpl.java:<init>(93)) - c2d5ad94-5356-4232-a32f-95f0e36a9a79: new RaftServerImpl for group-68D36E8A3029:[c2d5ad94-5356-4232-a32f-95f0e36a9a79:192.168.5.173:42413] with ContainerStateMachine:uninitialized
2019-08-22 17:49:43,751 [pool-580-thread-1] INFO  server.RaftServerConfigKeys (ConfUtils.java:logGet(43)) - raft.server.rpc.timeout.min = 5s (custom)
2019-08-22 17:49:43,751 [pool-580-thread-1] INFO  server.RaftServerConfigKeys (ConfUtils.java:logGet(43)) - raft.server.rpc.timeout.max = 5200ms (custom)
2019-08-22 17:49:43,751 [pool-580-thread-1] INFO  server.RaftServerConfigKeys (ConfUtils.java:logGet(43)) - raft.server.rpcslowness.timeout = 120s (custom)
2019-08-22 17:49:43,752 [pool-580-thread-1] INFO  server.RaftServerConfigKeys (ConfUtils.java:logGet(43)) - raft.server.sleep.deviation.threshold = 300 (default)
2019-08-22 17:49:43,752 [pool-580-thread-1] INFO  server.RaftServerConfigKeys (ConfUtils.java:logGet(43)) - raft.server.log.appender.install.snapshot.enabled = false (custom)
2019-08-22 17:49:43,752 [pool-580-thread-1] INFO  impl.RaftServerImpl (ServerState.java:<init>(105)) - c2d5ad94-5356-4232-a32f-95f0e36a9a79:group-68D36E8A3029 ConfigurationManager, init=-1: [c2d5ad94-5356-4232-a32f-95f0e36a9a79:192.168.5.173:42413], old=null, confs=<EMPTY_MAP>
2019-08-22 17:49:43,752 [pool-580-thread-1] INFO  server.RaftServerConfigKeys (ConfUtils.java:logGet(43)) - raft.server.storage.dir = [/workdir/hadoop-ozone/integration-test/target/test-dir/MiniOzoneClusterImpl-759fa8c2-74ee-4da7-994d-2e8cc84df3a0/datanode-4/data/ratis] (custom)
2019-08-22 17:49:43,753 [pool-580-thread-1] INFO  storage.RaftStorageDirectory (RaftStorageDirectory.java:analyzeStorage(246)) - The storage directory /workdir/hadoop-ozone/integration-test/target/test-dir/MiniOzoneClusterImpl-759fa8c2-74ee-4da7-994d-2e8cc84df3a0/datanode-4/data/ratis/3542b93a-2381-4a7f-9551-68d36e8a3029 does not exist. Creating ...
2019-08-22 17:49:43,777 [pool-580-thread-1] INFO  storage.RaftStorageDirectory (RaftStorageDirectory.java:tryLock(328)) - Lock on /workdir/hadoop-ozone/integration-test/target/test-dir/MiniOzoneClusterImpl-759fa8c2-74ee-4da7-994d-2e8cc84df3a0/datanode-4/data/ratis/3542b93a-2381-4a7f-9551-68d36e8a3029/in_use.lock acquired by nodename 29095@pr-hdds-1808-4dtdn-3774871440
2019-08-22 17:49:43,795 [pool-580-thread-1] INFO  storage.RaftStorage (RaftStorage.java:format(72)) - Storage directory /workdir/hadoop-ozone/integration-test/target/test-dir/MiniOzoneClusterImpl-759fa8c2-74ee-4da7-994d-2e8cc84df3a0/datanode-4/data/ratis/3542b93a-2381-4a7f-9551-68d36e8a3029 has been successfully formatted.
2019-08-22 17:49:43,795 [pool-580-thread-1] INFO  ratis.ContainerStateMachine (ContainerStateMachine.java:loadSnapshot(226)) - group-68D36E8A3029: The snapshot info is null. Setting the last applied indexto:(t:0, i:~)
2019-08-22 17:49:43,796 [pool-580-thread-1] INFO  server.RaftServerConfigKeys (ConfUtils.java:logGet(43)) - raft.server.leader.election.timeout = 120s (custom)
2019-08-22 17:49:43,796 [pool-580-thread-1] INFO  server.RaftServerConfigKeys (ConfUtils.java:logGet(43)) - raft.server.log.use.memory = false (default)
2019-08-22 17:49:43,796 [pool-580-thread-1] INFO  server.RaftServerConfigKeys (ConfUtils.java:logGet(43)) - raft.server.log.purge.gap = 1000000 (custom)
2019-08-22 17:49:43,796 [pool-580-thread-1] INFO  server.RaftServerConfigKeys (ConfUtils.java:logGet(43)) - raft.server.log.appender.buffer.byte-limit = 33554432 (custom)
2019-08-22 17:49:43,796 [pool-580-thread-1] INFO  server.RaftServerConfigKeys (ConfUtils.java:logGet(43)) - raft.server.log.segment.size.max = 1048576 (custom)
2019-08-22 17:49:43,796 [pool-580-thread-1] INFO  server.RaftServerConfigKeys (ConfUtils.java:logGet(43)) - raft.server.log.segment.cache.num.max = 2 (custom)
2019-08-22 17:49:43,797 [pool-580-thread-1] INFO  segmented.SegmentedRaftLogWorker (SegmentedRaftLogWorker.java:<init>(172)) - new c2d5ad94-5356-4232-a32f-95f0e36a9a79-SegmentedRaftLogWorker:Storage Directory /workdir/hadoop-ozone/integration-test/target/test-dir/MiniOzoneClusterImpl-759fa8c2-74ee-4da7-994d-2e8cc84df3a0/datanode-4/data/ratis/3542b93a-2381-4a7f-9551-68d36e8a3029 for RaftStorage:Storage Directory /workdir/hadoop-ozone/integration-test/target/test-dir/MiniOzoneClusterImpl-759fa8c2-74ee-4da7-994d-2e8cc84df3a0/datanode-4/data/ratis/3542b93a-2381-4a7f-9551-68d36e8a3029
2019-08-22 17:49:43,797 [pool-580-thread-1] INFO  server.RaftServerConfigKeys (ConfUtils.java:logGet(43)) - raft.server.log.queue.byte-limit = 2147483647 (custom)
2019-08-22 17:49:43,797 [pool-580-thread-1] INFO  server.RaftServerConfigKeys (ConfUtils.java:logGet(43)) - raft.server.log.queue.element-limit = 1024 (custom)
2019-08-22 17:49:43,797 [pool-580-thread-1] INFO  server.RaftServerConfigKeys (ConfUtils.java:logGet(43)) - raft.server.log.segment.size.max = 1048576 (custom)
2019-08-22 17:49:43,797 [pool-580-thread-1] INFO  server.RaftServerConfigKeys (ConfUtils.java:logGet(43)) - raft.server.log.preallocated.size = 16384 (custom)
2019-08-22 17:49:43,798 [pool-580-thread-1] INFO  server.RaftServerConfigKeys (ConfUtils.java:logGet(43)) - raft.server.log.write.buffer.size = 33554432 (custom)
2019-08-22 17:49:43,798 [pool-580-thread-1] INFO  server.RaftServerConfigKeys (ConfUtils.java:logGet(43)) - raft.server.log.force.sync.num = 128 (default)
2019-08-22 17:49:43,798 [pool-580-thread-1] INFO  server.RaftServerConfigKeys (ConfUtils.java:logGet(43)) - raft.server.log.statemachine.data.sync = true (default)
2019-08-22 17:49:43,798 [pool-580-thread-1] INFO  server.RaftServerConfigKeys (ConfUtils.java:logGet(43)) - raft.server.log.statemachine.data.sync.timeout = 10s (default)
2019-08-22 17:49:43,798 [pool-580-thread-1] INFO  server.RaftServerConfigKeys (ConfUtils.java:logGet(43)) - raft.server.log.statemachine.data.sync.timeout.retry = -1 (default)
2019-08-22 17:49:43,799 [pool-580-thread-1] INFO  server.RaftServerConfigKeys (ConfUtils.java:logGet(43)) - raft.server.log.statemachine.data.caching.enabled = true (custom)
2019-08-22 17:49:43,799 [pool-580-thread-1] INFO  segmented.SegmentedRaftLogWorker (SegmentedRaftLogWorker.java:lambda$new$0(132)) - c2d5ad94-5356-4232-a32f-95f0e36a9a79-SegmentedRaftLogWorker:Storage Directory /workdir/hadoop-ozone/integration-test/target/test-dir/MiniOzoneClusterImpl-759fa8c2-74ee-4da7-994d-2e8cc84df3a0/datanode-4/data/ratis/3542b93a-2381-4a7f-9551-68d36e8a3029: flushIndex: setUnconditionally 0 -> -1
2019-08-22 17:49:43,799 [pool-580-thread-1] INFO  server.RaftServerConfigKeys (ConfUtils.java:logGet(43)) - raft.server.snapshot.auto.trigger.enabled = true (custom)
2019-08-22 17:49:43,799 [pool-580-thread-1] INFO  server.RaftServerConfigKeys (ConfUtils.java:logGet(43)) - raft.server.snapshot.auto.trigger.threshold = 10000 (custom)
2019-08-22 17:49:43,800 [pool-580-thread-1] INFO  server.RaftServerConfigKeys (ConfUtils.java:logGet(43)) - raft.server.retrycache.expirytime = 600000ms (custom)
2019-08-22 17:49:43,800 [pool-580-thread-1] INFO  impl.RaftServerImpl (RaftServerImpl.java:start(180)) - c2d5ad94-5356-4232-a32f-95f0e36a9a79: start group-68D36E8A3029
2019-08-22 17:49:43,800 [pool-580-thread-1] INFO  impl.RaftServerImpl (RaftServerImpl.java:setRole(171)) - c2d5ad94-5356-4232-a32f-95f0e36a9a79:group-68D36E8A3029 changes role from null to FOLLOWER at term 0 for startAsFollower
2019-08-22 17:49:43,800 [pool-580-thread-1] INFO  impl.RoleInfo (RoleInfo.java:updateAndGet(143)) - c2d5ad94-5356-4232-a32f-95f0e36a9a79: start FollowerState
2019-08-22 17:49:43,801 [pool-580-thread-1] INFO  util.JmxRegister (JmxRegister.java:tryRegister(44)) - Successfully registered JMX Bean with object name Ratis:service=RaftServer,group=group-68D36E8A3029,id=c2d5ad94-5356-4232-a32f-95f0e36a9a79
2019-08-22 17:49:43,803 [RatisPipelineUtilsThread] INFO  pipeline.PipelineStateManager (PipelineStateManager.java:addPipeline(56)) - Created pipeline Pipeline[ Id: 3542b93a-2381-4a7f-9551-68d36e8a3029, Nodes: c2d5ad94-5356-4232-a32f-95f0e36a9a79{ip: 192.168.5.173, host: pr-hdds-1808-4dtdn-3774871440, networkLocation: /default-rack, certSerialId: null}, Type:RATIS, Factor:ONE, State:OPEN]
2019-08-22 17:49:43,921 [IPC Server handler 5 on 41341] INFO  net.NetworkTopology (NetworkTopologyImpl.java:add(110)) - Added a new node: /default-rack/4d50bca6-1793-48ce-b534-bf550895ea18
2019-08-22 17:49:43,921 [IPC Server handler 5 on 41341] INFO  node.SCMNodeManager (SCMNodeManager.java:register(273)) - Registered Data node : 4d50bca6-1793-48ce-b534-bf550895ea18{ip: 192.168.5.173, host: pr-hdds-1808-4dtdn-3774871440, networkLocation: /default-rack, certSerialId: null}
2019-08-22 17:49:43,925 | INFO  | SCMAudit | user=jenkins1000 | ip=192.168.5.173 | op=REGISTER {datanodeDetails=4d50bca6-1793-48ce-b534-bf550895ea18{ip: 192.168.5.173, host: pr-hdds-1808-4dtdn-3774871440, networkLocation: /default-rack, certSerialId: null}} | ret=SUCCESS |  
2019-08-22 17:49:43,933 [grpc-default-executor-1] INFO  impl.RaftServerProxy (RaftServerProxy.java:addNew(89)) - 4d50bca6-1793-48ce-b534-bf550895ea18: addNew group-9C0D7571D97C:[4d50bca6-1793-48ce-b534-bf550895ea18:192.168.5.173:42669] returns group-9C0D7571D97C:java.util.concurrent.CompletableFuture@235f4fbc[Not completed]
2019-08-22 17:49:43,934 [pool-591-thread-1] INFO  impl.RaftServerImpl (RaftServerImpl.java:<init>(93)) - 4d50bca6-1793-48ce-b534-bf550895ea18: new RaftServerImpl for group-9C0D7571D97C:[4d50bca6-1793-48ce-b534-bf550895ea18:192.168.5.173:42669] with ContainerStateMachine:uninitialized
2019-08-22 17:49:43,935 [pool-591-thread-1] INFO  server.RaftServerConfigKeys (ConfUtils.java:logGet(43)) - raft.server.rpc.timeout.min = 5s (custom)
2019-08-22 17:49:43,935 [pool-591-thread-1] INFO  server.RaftServerConfigKeys (ConfUtils.java:logGet(43)) - raft.server.rpc.timeout.max = 5200ms (custom)
2019-08-22 17:49:43,935 [pool-591-thread-1] INFO  server.RaftServerConfigKeys (ConfUtils.java:logGet(43)) - raft.server.rpcslowness.timeout = 120s (custom)
2019-08-22 17:49:43,935 [pool-591-thread-1] INFO  server.RaftServerConfigKeys (ConfUtils.java:logGet(43)) - raft.server.sleep.deviation.threshold = 300 (default)
2019-08-22 17:49:43,935 [pool-591-thread-1] INFO  server.RaftServerConfigKeys (ConfUtils.java:logGet(43)) - raft.server.log.appender.install.snapshot.enabled = false (custom)
2019-08-22 17:49:43,935 [pool-591-thread-1] INFO  impl.RaftServerImpl (ServerState.java:<init>(105)) - 4d50bca6-1793-48ce-b534-bf550895ea18:group-9C0D7571D97C ConfigurationManager, init=-1: [4d50bca6-1793-48ce-b534-bf550895ea18:192.168.5.173:42669], old=null, confs=<EMPTY_MAP>
2019-08-22 17:49:43,935 [pool-591-thread-1] INFO  server.RaftServerConfigKeys (ConfUtils.java:logGet(43)) - raft.server.storage.dir = [/workdir/hadoop-ozone/integration-test/target/test-dir/MiniOzoneClusterImpl-759fa8c2-74ee-4da7-994d-2e8cc84df3a0/datanode-5/data/ratis] (custom)
2019-08-22 17:49:43,936 [pool-591-thread-1] INFO  storage.RaftStorageDirectory (RaftStorageDirectory.java:analyzeStorage(246)) - The storage directory /workdir/hadoop-ozone/integration-test/target/test-dir/MiniOzoneClusterImpl-759fa8c2-74ee-4da7-994d-2e8cc84df3a0/datanode-5/data/ratis/670bf590-3a29-4ecc-833c-9c0d7571d97c does not exist. Creating ...
2019-08-22 17:49:43,957 [pool-591-thread-1] INFO  storage.RaftStorageDirectory (RaftStorageDirectory.java:tryLock(328)) - Lock on /workdir/hadoop-ozone/integration-test/target/test-dir/MiniOzoneClusterImpl-759fa8c2-74ee-4da7-994d-2e8cc84df3a0/datanode-5/data/ratis/670bf590-3a29-4ecc-833c-9c0d7571d97c/in_use.lock acquired by nodename 29095@pr-hdds-1808-4dtdn-3774871440
2019-08-22 17:49:43,970 [pool-591-thread-1] INFO  storage.RaftStorage (RaftStorage.java:format(72)) - Storage directory /workdir/hadoop-ozone/integration-test/target/test-dir/MiniOzoneClusterImpl-759fa8c2-74ee-4da7-994d-2e8cc84df3a0/datanode-5/data/ratis/670bf590-3a29-4ecc-833c-9c0d7571d97c has been successfully formatted.
2019-08-22 17:49:43,970 [pool-591-thread-1] INFO  ratis.ContainerStateMachine (ContainerStateMachine.java:loadSnapshot(226)) - group-9C0D7571D97C: The snapshot info is null. Setting the last applied indexto:(t:0, i:~)
2019-08-22 17:49:43,971 [pool-591-thread-1] INFO  server.RaftServerConfigKeys (ConfUtils.java:logGet(43)) - raft.server.leader.election.timeout = 120s (custom)
2019-08-22 17:49:43,971 [pool-591-thread-1] INFO  server.RaftServerConfigKeys (ConfUtils.java:logGet(43)) - raft.server.log.use.memory = false (default)
2019-08-22 17:49:43,971 [pool-591-thread-1] INFO  server.RaftServerConfigKeys (ConfUtils.java:logGet(43)) - raft.server.log.purge.gap = 1000000 (custom)
2019-08-22 17:49:43,971 [pool-591-thread-1] INFO  server.RaftServerConfigKeys (ConfUtils.java:logGet(43)) - raft.server.log.appender.buffer.byte-limit = 33554432 (custom)
2019-08-22 17:49:43,971 [pool-591-thread-1] INFO  server.RaftServerConfigKeys (ConfUtils.java:logGet(43)) - raft.server.log.segment.size.max = 1048576 (custom)
2019-08-22 17:49:43,971 [pool-591-thread-1] INFO  server.RaftServerConfigKeys (ConfUtils.java:logGet(43)) - raft.server.log.segment.cache.num.max = 2 (custom)
2019-08-22 17:49:43,972 [pool-591-thread-1] INFO  segmented.SegmentedRaftLogWorker (SegmentedRaftLogWorker.java:<init>(172)) - new 4d50bca6-1793-48ce-b534-bf550895ea18-SegmentedRaftLogWorker:Storage Directory /workdir/hadoop-ozone/integration-test/target/test-dir/MiniOzoneClusterImpl-759fa8c2-74ee-4da7-994d-2e8cc84df3a0/datanode-5/data/ratis/670bf590-3a29-4ecc-833c-9c0d7571d97c for RaftStorage:Storage Directory /workdir/hadoop-ozone/integration-test/target/test-dir/MiniOzoneClusterImpl-759fa8c2-74ee-4da7-994d-2e8cc84df3a0/datanode-5/data/ratis/670bf590-3a29-4ecc-833c-9c0d7571d97c
2019-08-22 17:49:43,972 [pool-591-thread-1] INFO  server.RaftServerConfigKeys (ConfUtils.java:logGet(43)) - raft.server.log.queue.byte-limit = 2147483647 (custom)
2019-08-22 17:49:43,972 [pool-591-thread-1] INFO  server.RaftServerConfigKeys (ConfUtils.java:logGet(43)) - raft.server.log.queue.element-limit = 1024 (custom)
2019-08-22 17:49:43,972 [pool-591-thread-1] INFO  server.RaftServerConfigKeys (ConfUtils.java:logGet(43)) - raft.server.log.segment.size.max = 1048576 (custom)
2019-08-22 17:49:43,972 [pool-591-thread-1] INFO  server.RaftServerConfigKeys (ConfUtils.java:logGet(43)) - raft.server.log.preallocated.size = 16384 (custom)
2019-08-22 17:49:43,972 [pool-591-thread-1] INFO  server.RaftServerConfigKeys (ConfUtils.java:logGet(43)) - raft.server.log.write.buffer.size = 33554432 (custom)
2019-08-22 17:49:43,973 [pool-591-thread-1] INFO  server.RaftServerConfigKeys (ConfUtils.java:logGet(43)) - raft.server.log.force.sync.num = 128 (default)
2019-08-22 17:49:43,973 [pool-591-thread-1] INFO  server.RaftServerConfigKeys (ConfUtils.java:logGet(43)) - raft.server.log.statemachine.data.sync = true (default)
2019-08-22 17:49:43,973 [pool-591-thread-1] INFO  server.RaftServerConfigKeys (ConfUtils.java:logGet(43)) - raft.server.log.statemachine.data.sync.timeout = 10s (default)
2019-08-22 17:49:43,973 [pool-591-thread-1] INFO  server.RaftServerConfigKeys (ConfUtils.java:logGet(43)) - raft.server.log.statemachine.data.sync.timeout.retry = -1 (default)
2019-08-22 17:49:43,973 [pool-591-thread-1] INFO  server.RaftServerConfigKeys (ConfUtils.java:logGet(43)) - raft.server.log.statemachine.data.caching.enabled = true (custom)
2019-08-22 17:49:43,974 [pool-591-thread-1] INFO  segmented.SegmentedRaftLogWorker (SegmentedRaftLogWorker.java:lambda$new$0(132)) - 4d50bca6-1793-48ce-b534-bf550895ea18-SegmentedRaftLogWorker:Storage Directory /workdir/hadoop-ozone/integration-test/target/test-dir/MiniOzoneClusterImpl-759fa8c2-74ee-4da7-994d-2e8cc84df3a0/datanode-5/data/ratis/670bf590-3a29-4ecc-833c-9c0d7571d97c: flushIndex: setUnconditionally 0 -> -1
2019-08-22 17:49:43,974 [pool-591-thread-1] INFO  server.RaftServerConfigKeys (ConfUtils.java:logGet(43)) - raft.server.snapshot.auto.trigger.enabled = true (custom)
2019-08-22 17:49:43,974 [pool-591-thread-1] INFO  server.RaftServerConfigKeys (ConfUtils.java:logGet(43)) - raft.server.snapshot.auto.trigger.threshold = 10000 (custom)
2019-08-22 17:49:43,974 [pool-591-thread-1] INFO  server.RaftServerConfigKeys (ConfUtils.java:logGet(43)) - raft.server.retrycache.expirytime = 600000ms (custom)
2019-08-22 17:49:43,975 [pool-591-thread-1] INFO  impl.RaftServerImpl (RaftServerImpl.java:start(180)) - 4d50bca6-1793-48ce-b534-bf550895ea18: start group-9C0D7571D97C
2019-08-22 17:49:43,975 [pool-591-thread-1] INFO  impl.RaftServerImpl (RaftServerImpl.java:setRole(171)) - 4d50bca6-1793-48ce-b534-bf550895ea18:group-9C0D7571D97C changes role from null to FOLLOWER at term 0 for startAsFollower
2019-08-22 17:49:43,975 [pool-591-thread-1] INFO  impl.RoleInfo (RoleInfo.java:updateAndGet(143)) - 4d50bca6-1793-48ce-b534-bf550895ea18: start FollowerState
2019-08-22 17:49:43,975 [pool-591-thread-1] INFO  util.JmxRegister (JmxRegister.java:tryRegister(44)) - Successfully registered JMX Bean with object name Ratis:service=RaftServer,group=group-9C0D7571D97C,id=4d50bca6-1793-48ce-b534-bf550895ea18
2019-08-22 17:49:43,978 [RatisPipelineUtilsThread] INFO  pipeline.PipelineStateManager (PipelineStateManager.java:addPipeline(56)) - Created pipeline Pipeline[ Id: 670bf590-3a29-4ecc-833c-9c0d7571d97c, Nodes: 4d50bca6-1793-48ce-b534-bf550895ea18{ip: 192.168.5.173, host: pr-hdds-1808-4dtdn-3774871440, networkLocation: /default-rack, certSerialId: null}, Type:RATIS, Factor:ONE, State:OPEN]
2019-08-22 17:49:44,003 [grpc-default-executor-5] INFO  impl.RaftServerProxy (RaftServerProxy.java:addNew(89)) - 4d50bca6-1793-48ce-b534-bf550895ea18: addNew group-E954F635198A:[99e65ce9-9658-4d2b-9ccf-b58166a10afd:192.168.5.173:38554, c2d5ad94-5356-4232-a32f-95f0e36a9a79:192.168.5.173:42413, 4d50bca6-1793-48ce-b534-bf550895ea18:192.168.5.173:42669] returns group-E954F635198A:java.util.concurrent.CompletableFuture@6315c8e0[Not completed]
2019-08-22 17:49:44,006 [grpc-default-executor-2] INFO  impl.RaftServerProxy (RaftServerProxy.java:addNew(89)) - c2d5ad94-5356-4232-a32f-95f0e36a9a79: addNew group-E954F635198A:[99e65ce9-9658-4d2b-9ccf-b58166a10afd:192.168.5.173:38554, c2d5ad94-5356-4232-a32f-95f0e36a9a79:192.168.5.173:42413, 4d50bca6-1793-48ce-b534-bf550895ea18:192.168.5.173:42669] returns group-E954F635198A:java.util.concurrent.CompletableFuture@23c736ab[Not completed]
2019-08-22 17:49:44,006 [grpc-default-executor-1] INFO  impl.RaftServerProxy (RaftServerProxy.java:addNew(89)) - 99e65ce9-9658-4d2b-9ccf-b58166a10afd: addNew group-E954F635198A:[99e65ce9-9658-4d2b-9ccf-b58166a10afd:192.168.5.173:38554, c2d5ad94-5356-4232-a32f-95f0e36a9a79:192.168.5.173:42413, 4d50bca6-1793-48ce-b534-bf550895ea18:192.168.5.173:42669] returns group-E954F635198A:java.util.concurrent.CompletableFuture@3d6daf5[Not completed]
2019-08-22 17:49:44,007 [pool-569-thread-1] INFO  impl.RaftServerImpl (RaftServerImpl.java:<init>(93)) - 99e65ce9-9658-4d2b-9ccf-b58166a10afd: new RaftServerImpl for group-E954F635198A:[99e65ce9-9658-4d2b-9ccf-b58166a10afd:192.168.5.173:38554, c2d5ad94-5356-4232-a32f-95f0e36a9a79:192.168.5.173:42413, 4d50bca6-1793-48ce-b534-bf550895ea18:192.168.5.173:42669] with ContainerStateMachine:uninitialized
2019-08-22 17:49:44,008 [pool-569-thread-1] INFO  server.RaftServerConfigKeys (ConfUtils.java:logGet(43)) - raft.server.rpc.timeout.min = 5s (custom)
2019-08-22 17:49:44,008 [pool-569-thread-1] INFO  server.RaftServerConfigKeys (ConfUtils.java:logGet(43)) - raft.server.rpc.timeout.max = 5200ms (custom)
2019-08-22 17:49:44,008 [pool-591-thread-1] INFO  impl.RaftServerImpl (RaftServerImpl.java:<init>(93)) - 4d50bca6-1793-48ce-b534-bf550895ea18: new RaftServerImpl for group-E954F635198A:[99e65ce9-9658-4d2b-9ccf-b58166a10afd:192.168.5.173:38554, c2d5ad94-5356-4232-a32f-95f0e36a9a79:192.168.5.173:42413, 4d50bca6-1793-48ce-b534-bf550895ea18:192.168.5.173:42669] with ContainerStateMachine:uninitialized
2019-08-22 17:49:44,008 [pool-569-thread-1] INFO  server.RaftServerConfigKeys (ConfUtils.java:logGet(43)) - raft.server.rpcslowness.timeout = 120s (custom)
2019-08-22 17:49:44,008 [pool-591-thread-1] INFO  server.RaftServerConfigKeys (ConfUtils.java:logGet(43)) - raft.server.rpc.timeout.min = 5s (custom)
2019-08-22 17:49:44,008 [pool-569-thread-1] INFO  server.RaftServerConfigKeys (ConfUtils.java:logGet(43)) - raft.server.sleep.deviation.threshold = 300 (default)
2019-08-22 17:49:44,008 [pool-591-thread-1] INFO  server.RaftServerConfigKeys (ConfUtils.java:logGet(43)) - raft.server.rpc.timeout.max = 5200ms (custom)
2019-08-22 17:49:44,008 [pool-569-thread-1] INFO  server.RaftServerConfigKeys (ConfUtils.java:logGet(43)) - raft.server.log.appender.install.snapshot.enabled = false (custom)
2019-08-22 17:49:44,008 [pool-580-thread-1] INFO  impl.RaftServerImpl (RaftServerImpl.java:<init>(93)) - c2d5ad94-5356-4232-a32f-95f0e36a9a79: new RaftServerImpl for group-E954F635198A:[99e65ce9-9658-4d2b-9ccf-b58166a10afd:192.168.5.173:38554, c2d5ad94-5356-4232-a32f-95f0e36a9a79:192.168.5.173:42413, 4d50bca6-1793-48ce-b534-bf550895ea18:192.168.5.173:42669] with ContainerStateMachine:uninitialized
2019-08-22 17:49:44,009 [pool-569-thread-1] INFO  impl.RaftServerImpl (ServerState.java:<init>(105)) - 99e65ce9-9658-4d2b-9ccf-b58166a10afd:group-E954F635198A ConfigurationManager, init=-1: [99e65ce9-9658-4d2b-9ccf-b58166a10afd:192.168.5.173:38554, c2d5ad94-5356-4232-a32f-95f0e36a9a79:192.168.5.173:42413, 4d50bca6-1793-48ce-b534-bf550895ea18:192.168.5.173:42669], old=null, confs=<EMPTY_MAP>
2019-08-22 17:49:44,008 [pool-591-thread-1] INFO  server.RaftServerConfigKeys (ConfUtils.java:logGet(43)) - raft.server.rpcslowness.timeout = 120s (custom)
2019-08-22 17:49:44,009 [pool-569-thread-1] INFO  server.RaftServerConfigKeys (ConfUtils.java:logGet(43)) - raft.server.storage.dir = [/workdir/hadoop-ozone/integration-test/target/test-dir/MiniOzoneClusterImpl-759fa8c2-74ee-4da7-994d-2e8cc84df3a0/datanode-3/data/ratis] (custom)
2019-08-22 17:49:44,009 [pool-580-thread-1] INFO  server.RaftServerConfigKeys (ConfUtils.java:logGet(43)) - raft.server.rpc.timeout.min = 5s (custom)
2019-08-22 17:49:44,009 [pool-580-thread-1] INFO  server.RaftServerConfigKeys (ConfUtils.java:logGet(43)) - raft.server.rpc.timeout.max = 5200ms (custom)
2019-08-22 17:49:44,009 [pool-591-thread-1] INFO  server.RaftServerConfigKeys (ConfUtils.java:logGet(43)) - raft.server.sleep.deviation.threshold = 300 (default)
2019-08-22 17:49:44,010 [pool-569-thread-1] INFO  storage.RaftStorageDirectory (RaftStorageDirectory.java:analyzeStorage(246)) - The storage directory /workdir/hadoop-ozone/integration-test/target/test-dir/MiniOzoneClusterImpl-759fa8c2-74ee-4da7-994d-2e8cc84df3a0/datanode-3/data/ratis/32b6daad-a68c-422f-97e0-e954f635198a does not exist. Creating ...
2019-08-22 17:49:44,010 [pool-580-thread-1] INFO  server.RaftServerConfigKeys (ConfUtils.java:logGet(43)) - raft.server.rpcslowness.timeout = 120s (custom)
2019-08-22 17:49:44,010 [pool-591-thread-1] INFO  server.RaftServerConfigKeys (ConfUtils.java:logGet(43)) - raft.server.log.appender.install.snapshot.enabled = false (custom)
2019-08-22 17:49:44,010 [pool-580-thread-1] INFO  server.RaftServerConfigKeys (ConfUtils.java:logGet(43)) - raft.server.sleep.deviation.threshold = 300 (default)
2019-08-22 17:49:44,010 [pool-591-thread-1] INFO  impl.RaftServerImpl (ServerState.java:<init>(105)) - 4d50bca6-1793-48ce-b534-bf550895ea18:group-E954F635198A ConfigurationManager, init=-1: [99e65ce9-9658-4d2b-9ccf-b58166a10afd:192.168.5.173:38554, c2d5ad94-5356-4232-a32f-95f0e36a9a79:192.168.5.173:42413, 4d50bca6-1793-48ce-b534-bf550895ea18:192.168.5.173:42669], old=null, confs=<EMPTY_MAP>
2019-08-22 17:49:44,010 [pool-580-thread-1] INFO  server.RaftServerConfigKeys (ConfUtils.java:logGet(43)) - raft.server.log.appender.install.snapshot.enabled = false (custom)
2019-08-22 17:49:44,011 [pool-591-thread-1] INFO  server.RaftServerConfigKeys (ConfUtils.java:logGet(43)) - raft.server.storage.dir = [/workdir/hadoop-ozone/integration-test/target/test-dir/MiniOzoneClusterImpl-759fa8c2-74ee-4da7-994d-2e8cc84df3a0/datanode-5/data/ratis] (custom)
2019-08-22 17:49:44,011 [pool-580-thread-1] INFO  impl.RaftServerImpl (ServerState.java:<init>(105)) - c2d5ad94-5356-4232-a32f-95f0e36a9a79:group-E954F635198A ConfigurationManager, init=-1: [99e65ce9-9658-4d2b-9ccf-b58166a10afd:192.168.5.173:38554, c2d5ad94-5356-4232-a32f-95f0e36a9a79:192.168.5.173:42413, 4d50bca6-1793-48ce-b534-bf550895ea18:192.168.5.173:42669], old=null, confs=<EMPTY_MAP>
2019-08-22 17:49:44,011 [pool-580-thread-1] INFO  server.RaftServerConfigKeys (ConfUtils.java:logGet(43)) - raft.server.storage.dir = [/workdir/hadoop-ozone/integration-test/target/test-dir/MiniOzoneClusterImpl-759fa8c2-74ee-4da7-994d-2e8cc84df3a0/datanode-4/data/ratis] (custom)
2019-08-22 17:49:44,011 [pool-591-thread-1] INFO  storage.RaftStorageDirectory (RaftStorageDirectory.java:analyzeStorage(246)) - The storage directory /workdir/hadoop-ozone/integration-test/target/test-dir/MiniOzoneClusterImpl-759fa8c2-74ee-4da7-994d-2e8cc84df3a0/datanode-5/data/ratis/32b6daad-a68c-422f-97e0-e954f635198a does not exist. Creating ...
2019-08-22 17:49:44,011 [pool-580-thread-1] INFO  storage.RaftStorageDirectory (RaftStorageDirectory.java:analyzeStorage(246)) - The storage directory /workdir/hadoop-ozone/integration-test/target/test-dir/MiniOzoneClusterImpl-759fa8c2-74ee-4da7-994d-2e8cc84df3a0/datanode-4/data/ratis/32b6daad-a68c-422f-97e0-e954f635198a does not exist. Creating ...
2019-08-22 17:49:44,035 [pool-580-thread-1] INFO  storage.RaftStorageDirectory (RaftStorageDirectory.java:tryLock(328)) - Lock on /workdir/hadoop-ozone/integration-test/target/test-dir/MiniOzoneClusterImpl-759fa8c2-74ee-4da7-994d-2e8cc84df3a0/datanode-4/data/ratis/32b6daad-a68c-422f-97e0-e954f635198a/in_use.lock acquired by nodename 29095@pr-hdds-1808-4dtdn-3774871440
2019-08-22 17:49:44,035 [pool-569-thread-1] INFO  storage.RaftStorageDirectory (RaftStorageDirectory.java:tryLock(328)) - Lock on /workdir/hadoop-ozone/integration-test/target/test-dir/MiniOzoneClusterImpl-759fa8c2-74ee-4da7-994d-2e8cc84df3a0/datanode-3/data/ratis/32b6daad-a68c-422f-97e0-e954f635198a/in_use.lock acquired by nodename 29095@pr-hdds-1808-4dtdn-3774871440
2019-08-22 17:49:44,035 [pool-591-thread-1] INFO  storage.RaftStorageDirectory (RaftStorageDirectory.java:tryLock(328)) - Lock on /workdir/hadoop-ozone/integration-test/target/test-dir/MiniOzoneClusterImpl-759fa8c2-74ee-4da7-994d-2e8cc84df3a0/datanode-5/data/ratis/32b6daad-a68c-422f-97e0-e954f635198a/in_use.lock acquired by nodename 29095@pr-hdds-1808-4dtdn-3774871440
2019-08-22 17:49:44,054 [pool-580-thread-1] INFO  storage.RaftStorage (RaftStorage.java:format(72)) - Storage directory /workdir/hadoop-ozone/integration-test/target/test-dir/MiniOzoneClusterImpl-759fa8c2-74ee-4da7-994d-2e8cc84df3a0/datanode-4/data/ratis/32b6daad-a68c-422f-97e0-e954f635198a has been successfully formatted.
2019-08-22 17:49:44,054 [pool-591-thread-1] INFO  storage.RaftStorage (RaftStorage.java:format(72)) - Storage directory /workdir/hadoop-ozone/integration-test/target/test-dir/MiniOzoneClusterImpl-759fa8c2-74ee-4da7-994d-2e8cc84df3a0/datanode-5/data/ratis/32b6daad-a68c-422f-97e0-e954f635198a has been successfully formatted.
2019-08-22 17:49:44,054 [pool-569-thread-1] INFO  storage.RaftStorage (RaftStorage.java:format(72)) - Storage directory /workdir/hadoop-ozone/integration-test/target/test-dir/MiniOzoneClusterImpl-759fa8c2-74ee-4da7-994d-2e8cc84df3a0/datanode-3/data/ratis/32b6daad-a68c-422f-97e0-e954f635198a has been successfully formatted.
2019-08-22 17:49:44,054 [pool-591-thread-1] INFO  ratis.ContainerStateMachine (ContainerStateMachine.java:loadSnapshot(226)) - group-E954F635198A: The snapshot info is null. Setting the last applied indexto:(t:0, i:~)
2019-08-22 17:49:44,054 [pool-580-thread-1] INFO  ratis.ContainerStateMachine (ContainerStateMachine.java:loadSnapshot(226)) - group-E954F635198A: The snapshot info is null. Setting the last applied indexto:(t:0, i:~)
2019-08-22 17:49:44,055 [pool-591-thread-1] INFO  server.RaftServerConfigKeys (ConfUtils.java:logGet(43)) - raft.server.leader.election.timeout = 120s (custom)
2019-08-22 17:49:44,055 [pool-591-thread-1] INFO  server.RaftServerConfigKeys (ConfUtils.java:logGet(43)) - raft.server.log.use.memory = false (default)
2019-08-22 17:49:44,055 [pool-569-thread-1] INFO  ratis.ContainerStateMachine (ContainerStateMachine.java:loadSnapshot(226)) - group-E954F635198A: The snapshot info is null. Setting the last applied indexto:(t:0, i:~)
2019-08-22 17:49:44,055 [pool-591-thread-1] INFO  server.RaftServerConfigKeys (ConfUtils.java:logGet(43)) - raft.server.log.purge.gap = 1000000 (custom)
2019-08-22 17:49:44,055 [pool-580-thread-1] INFO  server.RaftServerConfigKeys (ConfUtils.java:logGet(43)) - raft.server.leader.election.timeout = 120s (custom)
2019-08-22 17:49:44,056 [pool-591-thread-1] INFO  server.RaftServerConfigKeys (ConfUtils.java:logGet(43)) - raft.server.log.appender.buffer.byte-limit = 33554432 (custom)
2019-08-22 17:49:44,055 [pool-569-thread-1] INFO  server.RaftServerConfigKeys (ConfUtils.java:logGet(43)) - raft.server.leader.election.timeout = 120s (custom)
2019-08-22 17:49:44,056 [pool-591-thread-1] INFO  server.RaftServerConfigKeys (ConfUtils.java:logGet(43)) - raft.server.log.segment.size.max = 1048576 (custom)
2019-08-22 17:49:44,056 [pool-580-thread-1] INFO  server.RaftServerConfigKeys (ConfUtils.java:logGet(43)) - raft.server.log.use.memory = false (default)
2019-08-22 17:49:44,056 [pool-591-thread-1] INFO  server.RaftServerConfigKeys (ConfUtils.java:logGet(43)) - raft.server.log.segment.cache.num.max = 2 (custom)
2019-08-22 17:49:44,056 [pool-569-thread-1] INFO  server.RaftServerConfigKeys (ConfUtils.java:logGet(43)) - raft.server.log.use.memory = false (default)
2019-08-22 17:49:44,056 [pool-591-thread-1] INFO  segmented.SegmentedRaftLogWorker (SegmentedRaftLogWorker.java:<init>(172)) - new 4d50bca6-1793-48ce-b534-bf550895ea18-SegmentedRaftLogWorker:Storage Directory /workdir/hadoop-ozone/integration-test/target/test-dir/MiniOzoneClusterImpl-759fa8c2-74ee-4da7-994d-2e8cc84df3a0/datanode-5/data/ratis/32b6daad-a68c-422f-97e0-e954f635198a for RaftStorage:Storage Directory /workdir/hadoop-ozone/integration-test/target/test-dir/MiniOzoneClusterImpl-759fa8c2-74ee-4da7-994d-2e8cc84df3a0/datanode-5/data/ratis/32b6daad-a68c-422f-97e0-e954f635198a
2019-08-22 17:49:44,056 [pool-580-thread-1] INFO  server.RaftServerConfigKeys (ConfUtils.java:logGet(43)) - raft.server.log.purge.gap = 1000000 (custom)
2019-08-22 17:49:44,057 [pool-591-thread-1] INFO  server.RaftServerConfigKeys (ConfUtils.java:logGet(43)) - raft.server.log.queue.byte-limit = 2147483647 (custom)
2019-08-22 17:49:44,056 [pool-569-thread-1] INFO  server.RaftServerConfigKeys (ConfUtils.java:logGet(43)) - raft.server.log.purge.gap = 1000000 (custom)
2019-08-22 17:49:44,057 [pool-591-thread-1] INFO  server.RaftServerConfigKeys (ConfUtils.java:logGet(43)) - raft.server.log.queue.element-limit = 1024 (custom)
2019-08-22 17:49:44,057 [pool-580-thread-1] INFO  server.RaftServerConfigKeys (ConfUtils.java:logGet(43)) - raft.server.log.appender.buffer.byte-limit = 33554432 (custom)
2019-08-22 17:49:44,057 [pool-591-thread-1] INFO  server.RaftServerConfigKeys (ConfUtils.java:logGet(43)) - raft.server.log.segment.size.max = 1048576 (custom)
2019-08-22 17:49:44,057 [pool-591-thread-1] INFO  server.RaftServerConfigKeys (ConfUtils.java:logGet(43)) - raft.server.log.preallocated.size = 16384 (custom)
2019-08-22 17:49:44,057 [pool-569-thread-1] INFO  server.RaftServerConfigKeys (ConfUtils.java:logGet(43)) - raft.server.log.appender.buffer.byte-limit = 33554432 (custom)
2019-08-22 17:49:44,057 [pool-591-thread-1] INFO  server.RaftServerConfigKeys (ConfUtils.java:logGet(43)) - raft.server.log.write.buffer.size = 33554432 (custom)
2019-08-22 17:49:44,057 [pool-580-thread-1] INFO  server.RaftServerConfigKeys (ConfUtils.java:logGet(43)) - raft.server.log.segment.size.max = 1048576 (custom)
2019-08-22 17:49:44,058 [pool-591-thread-1] INFO  server.RaftServerConfigKeys (ConfUtils.java:logGet(43)) - raft.server.log.force.sync.num = 128 (default)
2019-08-22 17:49:44,058 [pool-569-thread-1] INFO  server.RaftServerConfigKeys (ConfUtils.java:logGet(43)) - raft.server.log.segment.size.max = 1048576 (custom)
2019-08-22 17:49:44,058 [pool-591-thread-1] INFO  server.RaftServerConfigKeys (ConfUtils.java:logGet(43)) - raft.server.log.statemachine.data.sync = true (default)
2019-08-22 17:49:44,058 [pool-580-thread-1] INFO  server.RaftServerConfigKeys (ConfUtils.java:logGet(43)) - raft.server.log.segment.cache.num.max = 2 (custom)
2019-08-22 17:49:44,058 [pool-591-thread-1] INFO  server.RaftServerConfigKeys (ConfUtils.java:logGet(43)) - raft.server.log.statemachine.data.sync.timeout = 10s (default)
2019-08-22 17:49:44,058 [pool-591-thread-1] INFO  server.RaftServerConfigKeys (ConfUtils.java:logGet(43)) - raft.server.log.statemachine.data.sync.timeout.retry = -1 (default)
2019-08-22 17:49:44,058 [pool-569-thread-1] INFO  server.RaftServerConfigKeys (ConfUtils.java:logGet(43)) - raft.server.log.segment.cache.num.max = 2 (custom)
2019-08-22 17:49:44,059 [pool-591-thread-1] INFO  server.RaftServerConfigKeys (ConfUtils.java:logGet(43)) - raft.server.log.statemachine.data.caching.enabled = true (custom)
2019-08-22 17:49:44,058 [pool-580-thread-1] INFO  segmented.SegmentedRaftLogWorker (SegmentedRaftLogWorker.java:<init>(172)) - new c2d5ad94-5356-4232-a32f-95f0e36a9a79-SegmentedRaftLogWorker:Storage Directory /workdir/hadoop-ozone/integration-test/target/test-dir/MiniOzoneClusterImpl-759fa8c2-74ee-4da7-994d-2e8cc84df3a0/datanode-4/data/ratis/32b6daad-a68c-422f-97e0-e954f635198a for RaftStorage:Storage Directory /workdir/hadoop-ozone/integration-test/target/test-dir/MiniOzoneClusterImpl-759fa8c2-74ee-4da7-994d-2e8cc84df3a0/datanode-4/data/ratis/32b6daad-a68c-422f-97e0-e954f635198a
2019-08-22 17:49:44,059 [pool-569-thread-1] INFO  segmented.SegmentedRaftLogWorker (SegmentedRaftLogWorker.java:<init>(172)) - new 99e65ce9-9658-4d2b-9ccf-b58166a10afd-SegmentedRaftLogWorker:Storage Directory /workdir/hadoop-ozone/integration-test/target/test-dir/MiniOzoneClusterImpl-759fa8c2-74ee-4da7-994d-2e8cc84df3a0/datanode-3/data/ratis/32b6daad-a68c-422f-97e0-e954f635198a for RaftStorage:Storage Directory /workdir/hadoop-ozone/integration-test/target/test-dir/MiniOzoneClusterImpl-759fa8c2-74ee-4da7-994d-2e8cc84df3a0/datanode-3/data/ratis/32b6daad-a68c-422f-97e0-e954f635198a
2019-08-22 17:49:44,059 [pool-591-thread-1] INFO  segmented.SegmentedRaftLogWorker (SegmentedRaftLogWorker.java:lambda$new$0(132)) - 4d50bca6-1793-48ce-b534-bf550895ea18-SegmentedRaftLogWorker:Storage Directory /workdir/hadoop-ozone/integration-test/target/test-dir/MiniOzoneClusterImpl-759fa8c2-74ee-4da7-994d-2e8cc84df3a0/datanode-5/data/ratis/32b6daad-a68c-422f-97e0-e954f635198a: flushIndex: setUnconditionally 0 -> -1
2019-08-22 17:49:44,059 [pool-580-thread-1] INFO  server.RaftServerConfigKeys (ConfUtils.java:logGet(43)) - raft.server.log.queue.byte-limit = 2147483647 (custom)
2019-08-22 17:49:44,059 [pool-569-thread-1] INFO  server.RaftServerConfigKeys (ConfUtils.java:logGet(43)) - raft.server.log.queue.byte-limit = 2147483647 (custom)
2019-08-22 17:49:44,059 [pool-591-thread-1] INFO  server.RaftServerConfigKeys (ConfUtils.java:logGet(43)) - raft.server.snapshot.auto.trigger.enabled = true (custom)
2019-08-22 17:49:44,059 [pool-580-thread-1] INFO  server.RaftServerConfigKeys (ConfUtils.java:logGet(43)) - raft.server.log.queue.element-limit = 1024 (custom)
2019-08-22 17:49:44,060 [pool-591-thread-1] INFO  server.RaftServerConfigKeys (ConfUtils.java:logGet(43)) - raft.server.snapshot.auto.trigger.threshold = 10000 (custom)
2019-08-22 17:49:44,060 [pool-569-thread-1] INFO  server.RaftServerConfigKeys (ConfUtils.java:logGet(43)) - raft.server.log.queue.element-limit = 1024 (custom)
2019-08-22 17:49:44,060 [pool-591-thread-1] INFO  server.RaftServerConfigKeys (ConfUtils.java:logGet(43)) - raft.server.retrycache.expirytime = 600000ms (custom)
2019-08-22 17:49:44,060 [pool-580-thread-1] INFO  server.RaftServerConfigKeys (ConfUtils.java:logGet(43)) - raft.server.log.segment.size.max = 1048576 (custom)
2019-08-22 17:49:44,060 [pool-591-thread-1] INFO  impl.RaftServerImpl (RaftServerImpl.java:start(180)) - 4d50bca6-1793-48ce-b534-bf550895ea18: start group-E954F635198A
2019-08-22 17:49:44,060 [pool-569-thread-1] INFO  server.RaftServerConfigKeys (ConfUtils.java:logGet(43)) - raft.server.log.segment.size.max = 1048576 (custom)
2019-08-22 17:49:44,060 [pool-591-thread-1] INFO  impl.RaftServerImpl (RaftServerImpl.java:setRole(171)) - 4d50bca6-1793-48ce-b534-bf550895ea18:group-E954F635198A changes role from null to FOLLOWER at term 0 for startAsFollower
2019-08-22 17:49:44,060 [pool-580-thread-1] INFO  server.RaftServerConfigKeys (ConfUtils.java:logGet(43)) - raft.server.log.preallocated.size = 16384 (custom)
2019-08-22 17:49:44,061 [pool-591-thread-1] INFO  impl.RoleInfo (RoleInfo.java:updateAndGet(143)) - 4d50bca6-1793-48ce-b534-bf550895ea18: start FollowerState
2019-08-22 17:49:44,061 [pool-569-thread-1] INFO  server.RaftServerConfigKeys (ConfUtils.java:logGet(43)) - raft.server.log.preallocated.size = 16384 (custom)
2019-08-22 17:49:44,061 [pool-580-thread-1] INFO  server.RaftServerConfigKeys (ConfUtils.java:logGet(43)) - raft.server.log.write.buffer.size = 33554432 (custom)
2019-08-22 17:49:44,061 [pool-569-thread-1] INFO  server.RaftServerConfigKeys (ConfUtils.java:logGet(43)) - raft.server.log.write.buffer.size = 33554432 (custom)
2019-08-22 17:49:44,061 [pool-591-thread-1] INFO  util.JmxRegister (JmxRegister.java:tryRegister(44)) - Successfully registered JMX Bean with object name Ratis:service=RaftServer,group=group-E954F635198A,id=4d50bca6-1793-48ce-b534-bf550895ea18
2019-08-22 17:49:44,061 [pool-580-thread-1] INFO  server.RaftServerConfigKeys (ConfUtils.java:logGet(43)) - raft.server.log.force.sync.num = 128 (default)
2019-08-22 17:49:44,061 [pool-569-thread-1] INFO  server.RaftServerConfigKeys (ConfUtils.java:logGet(43)) - raft.server.log.force.sync.num = 128 (default)
2019-08-22 17:49:44,062 [pool-580-thread-1] INFO  server.RaftServerConfigKeys (ConfUtils.java:logGet(43)) - raft.server.log.statemachine.data.sync = true (default)
2019-08-22 17:49:44,062 [pool-569-thread-1] INFO  server.RaftServerConfigKeys (ConfUtils.java:logGet(43)) - raft.server.log.statemachine.data.sync = true (default)
2019-08-22 17:49:44,062 [pool-580-thread-1] INFO  server.RaftServerConfigKeys (ConfUtils.java:logGet(43)) - raft.server.log.statemachine.data.sync.timeout = 10s (default)
2019-08-22 17:49:44,062 [pool-569-thread-1] INFO  server.RaftServerConfigKeys (ConfUtils.java:logGet(43)) - raft.server.log.statemachine.data.sync.timeout = 10s (default)
2019-08-22 17:49:44,062 [pool-580-thread-1] INFO  server.RaftServerConfigKeys (ConfUtils.java:logGet(43)) - raft.server.log.statemachine.data.sync.timeout.retry = -1 (default)
2019-08-22 17:49:44,062 [pool-569-thread-1] INFO  server.RaftServerConfigKeys (ConfUtils.java:logGet(43)) - raft.server.log.statemachine.data.sync.timeout.retry = -1 (default)
2019-08-22 17:49:44,062 [pool-580-thread-1] INFO  server.RaftServerConfigKeys (ConfUtils.java:logGet(43)) - raft.server.log.statemachine.data.caching.enabled = true (custom)
2019-08-22 17:49:44,063 [pool-569-thread-1] INFO  server.RaftServerConfigKeys (ConfUtils.java:logGet(43)) - raft.server.log.statemachine.data.caching.enabled = true (custom)
2019-08-22 17:49:44,063 [pool-580-thread-1] INFO  segmented.SegmentedRaftLogWorker (SegmentedRaftLogWorker.java:lambda$new$0(132)) - c2d5ad94-5356-4232-a32f-95f0e36a9a79-SegmentedRaftLogWorker:Storage Directory /workdir/hadoop-ozone/integration-test/target/test-dir/MiniOzoneClusterImpl-759fa8c2-74ee-4da7-994d-2e8cc84df3a0/datanode-4/data/ratis/32b6daad-a68c-422f-97e0-e954f635198a: flushIndex: setUnconditionally 0 -> -1
2019-08-22 17:49:44,063 [pool-569-thread-1] INFO  segmented.SegmentedRaftLogWorker (SegmentedRaftLogWorker.java:lambda$new$0(132)) - 99e65ce9-9658-4d2b-9ccf-b58166a10afd-SegmentedRaftLogWorker:Storage Directory /workdir/hadoop-ozone/integration-test/target/test-dir/MiniOzoneClusterImpl-759fa8c2-74ee-4da7-994d-2e8cc84df3a0/datanode-3/data/ratis/32b6daad-a68c-422f-97e0-e954f635198a: flushIndex: setUnconditionally 0 -> -1
2019-08-22 17:49:44,063 [pool-580-thread-1] INFO  server.RaftServerConfigKeys (ConfUtils.java:logGet(43)) - raft.server.snapshot.auto.trigger.enabled = true (custom)
2019-08-22 17:49:44,063 [pool-580-thread-1] INFO  server.RaftServerConfigKeys (ConfUtils.java:logGet(43)) - raft.server.snapshot.auto.trigger.threshold = 10000 (custom)
2019-08-22 17:49:44,063 [pool-569-thread-1] INFO  server.RaftServerConfigKeys (ConfUtils.java:logGet(43)) - raft.server.snapshot.auto.trigger.enabled = true (custom)
2019-08-22 17:49:44,063 [pool-580-thread-1] INFO  server.RaftServerConfigKeys (ConfUtils.java:logGet(43)) - raft.server.retrycache.expirytime = 600000ms (custom)
2019-08-22 17:49:44,064 [pool-569-thread-1] INFO  server.RaftServerConfigKeys (ConfUtils.java:logGet(43)) - raft.server.snapshot.auto.trigger.threshold = 10000 (custom)
2019-08-22 17:49:44,064 [pool-580-thread-1] INFO  impl.RaftServerImpl (RaftServerImpl.java:start(180)) - c2d5ad94-5356-4232-a32f-95f0e36a9a79: start group-E954F635198A
2019-08-22 17:49:44,064 [pool-569-thread-1] INFO  server.RaftServerConfigKeys (ConfUtils.java:logGet(43)) - raft.server.retrycache.expirytime = 600000ms (custom)
2019-08-22 17:49:44,064 [pool-580-thread-1] INFO  impl.RaftServerImpl (RaftServerImpl.java:setRole(171)) - c2d5ad94-5356-4232-a32f-95f0e36a9a79:group-E954F635198A changes role from null to FOLLOWER at term 0 for startAsFollower
2019-08-22 17:49:44,064 [pool-569-thread-1] INFO  impl.RaftServerImpl (RaftServerImpl.java:start(180)) - 99e65ce9-9658-4d2b-9ccf-b58166a10afd: start group-E954F635198A
2019-08-22 17:49:44,064 [pool-580-thread-1] INFO  impl.RoleInfo (RoleInfo.java:updateAndGet(143)) - c2d5ad94-5356-4232-a32f-95f0e36a9a79: start FollowerState
2019-08-22 17:49:44,064 [pool-569-thread-1] INFO  impl.RaftServerImpl (RaftServerImpl.java:setRole(171)) - 99e65ce9-9658-4d2b-9ccf-b58166a10afd:group-E954F635198A changes role from null to FOLLOWER at term 0 for startAsFollower
2019-08-22 17:49:44,065 [pool-569-thread-1] INFO  impl.RoleInfo (RoleInfo.java:updateAndGet(143)) - 99e65ce9-9658-4d2b-9ccf-b58166a10afd: start FollowerState
2019-08-22 17:49:44,065 [pool-580-thread-1] INFO  util.JmxRegister (JmxRegister.java:tryRegister(44)) - Successfully registered JMX Bean with object name Ratis:service=RaftServer,group=group-E954F635198A,id=c2d5ad94-5356-4232-a32f-95f0e36a9a79
2019-08-22 17:49:44,065 [pool-569-thread-1] INFO  util.JmxRegister (JmxRegister.java:tryRegister(44)) - Successfully registered JMX Bean with object name Ratis:service=RaftServer,group=group-E954F635198A,id=99e65ce9-9658-4d2b-9ccf-b58166a10afd
2019-08-22 17:49:44,067 [RatisPipelineUtilsThread] INFO  pipeline.PipelineStateManager (PipelineStateManager.java:addPipeline(56)) - Created pipeline Pipeline[ Id: 32b6daad-a68c-422f-97e0-e954f635198a, Nodes: 4d50bca6-1793-48ce-b534-bf550895ea18{ip: 192.168.5.173, host: pr-hdds-1808-4dtdn-3774871440, networkLocation: /default-rack, certSerialId: null}c2d5ad94-5356-4232-a32f-95f0e36a9a79{ip: 192.168.5.173, host: pr-hdds-1808-4dtdn-3774871440, networkLocation: /default-rack, certSerialId: null}99e65ce9-9658-4d2b-9ccf-b58166a10afd{ip: 192.168.5.173, host: pr-hdds-1808-4dtdn-3774871440, networkLocation: /default-rack, certSerialId: null}, Type:RATIS, Factor:THREE, State:OPEN]
2019-08-22 17:49:44,085 [IPC Server handler 1 on 41341] INFO  net.NetworkTopology (NetworkTopologyImpl.java:add(110)) - Added a new node: /default-rack/292d8095-7184-41a3-9854-985e76fd1716
2019-08-22 17:49:44,085 [IPC Server handler 1 on 41341] INFO  node.SCMNodeManager (SCMNodeManager.java:register(273)) - Registered Data node : 292d8095-7184-41a3-9854-985e76fd1716{ip: 192.168.5.173, host: pr-hdds-1808-4dtdn-3774871440, networkLocation: /default-rack, certSerialId: null}
2019-08-22 17:49:44,086 | INFO  | SCMAudit | user=jenkins1000 | ip=192.168.5.173 | op=REGISTER {datanodeDetails=292d8095-7184-41a3-9854-985e76fd1716{ip: 192.168.5.173, host: pr-hdds-1808-4dtdn-3774871440, networkLocation: /default-rack, certSerialId: null}} | ret=SUCCESS |  
2019-08-22 17:49:44,085 [main] INFO  ozone.MiniOzoneClusterImpl (MiniOzoneClusterImpl.java:lambda$waitForClusterToBeReady$0(142)) - Cluster is ready. Got 7 of 7 DN Heartbeats.
2019-08-22 17:49:44,097 [grpc-default-executor-1] INFO  impl.RaftServerProxy (RaftServerProxy.java:addNew(89)) - 292d8095-7184-41a3-9854-985e76fd1716: addNew group-AB0C251C1F92:[292d8095-7184-41a3-9854-985e76fd1716:192.168.5.173:35319] returns group-AB0C251C1F92:java.util.concurrent.CompletableFuture@6425ead0[Not completed]
2019-08-22 17:49:44,099 [pool-602-thread-1] INFO  impl.RaftServerImpl (RaftServerImpl.java:<init>(93)) - 292d8095-7184-41a3-9854-985e76fd1716: new RaftServerImpl for group-AB0C251C1F92:[292d8095-7184-41a3-9854-985e76fd1716:192.168.5.173:35319] with ContainerStateMachine:uninitialized
2019-08-22 17:49:44,099 [pool-602-thread-1] INFO  server.RaftServerConfigKeys (ConfUtils.java:logGet(43)) - raft.server.rpc.timeout.min = 5s (custom)
2019-08-22 17:49:44,099 [pool-602-thread-1] INFO  server.RaftServerConfigKeys (ConfUtils.java:logGet(43)) - raft.server.rpc.timeout.max = 5200ms (custom)
2019-08-22 17:49:44,101 [pool-602-thread-1] INFO  server.RaftServerConfigKeys (ConfUtils.java:logGet(43)) - raft.server.rpcslowness.timeout = 120s (custom)
2019-08-22 17:49:44,101 [pool-602-thread-1] INFO  server.RaftServerConfigKeys (ConfUtils.java:logGet(43)) - raft.server.sleep.deviation.threshold = 300 (default)
2019-08-22 17:49:44,102 [pool-602-thread-1] INFO  server.RaftServerConfigKeys (ConfUtils.java:logGet(43)) - raft.server.log.appender.install.snapshot.enabled = false (custom)
2019-08-22 17:49:44,102 [pool-602-thread-1] INFO  impl.RaftServerImpl (ServerState.java:<init>(105)) - 292d8095-7184-41a3-9854-985e76fd1716:group-AB0C251C1F92 ConfigurationManager, init=-1: [292d8095-7184-41a3-9854-985e76fd1716:192.168.5.173:35319], old=null, confs=<EMPTY_MAP>
2019-08-22 17:49:44,102 [pool-602-thread-1] INFO  server.RaftServerConfigKeys (ConfUtils.java:logGet(43)) - raft.server.storage.dir = [/workdir/hadoop-ozone/integration-test/target/test-dir/MiniOzoneClusterImpl-759fa8c2-74ee-4da7-994d-2e8cc84df3a0/datanode-6/data/ratis] (custom)
2019-08-22 17:49:44,105 [pool-602-thread-1] INFO  storage.RaftStorageDirectory (RaftStorageDirectory.java:analyzeStorage(246)) - The storage directory /workdir/hadoop-ozone/integration-test/target/test-dir/MiniOzoneClusterImpl-759fa8c2-74ee-4da7-994d-2e8cc84df3a0/datanode-6/data/ratis/a4b3d358-1df0-429b-8696-ab0c251c1f92 does not exist. Creating ...
2019-08-22 17:49:44,128 [main] INFO  rpc.RpcClient (RpcClient.java:createVolume(293)) - Creating Volume: testblockoutputstream, with jenkins1000 as owner.
2019-08-22 17:49:44,140 [pool-602-thread-1] INFO  storage.RaftStorageDirectory (RaftStorageDirectory.java:tryLock(328)) - Lock on /workdir/hadoop-ozone/integration-test/target/test-dir/MiniOzoneClusterImpl-759fa8c2-74ee-4da7-994d-2e8cc84df3a0/datanode-6/data/ratis/a4b3d358-1df0-429b-8696-ab0c251c1f92/in_use.lock acquired by nodename 29095@pr-hdds-1808-4dtdn-3774871440
2019-08-22 17:49:44,173 | INFO  | OMAudit | user=jenkins1000 | ip=127.0.0.1 | op=CREATE_VOLUME {admin=jenkins1000, owner=jenkins1000, volume=testblockoutputstream, creationTime=1566496184129, quotaInBytes=1152921504606846976} | ret=SUCCESS |  
2019-08-22 17:49:44,173 [pool-602-thread-1] INFO  storage.RaftStorage (RaftStorage.java:format(72)) - Storage directory /workdir/hadoop-ozone/integration-test/target/test-dir/MiniOzoneClusterImpl-759fa8c2-74ee-4da7-994d-2e8cc84df3a0/datanode-6/data/ratis/a4b3d358-1df0-429b-8696-ab0c251c1f92 has been successfully formatted.
2019-08-22 17:49:44,177 [pool-602-thread-1] INFO  ratis.ContainerStateMachine (ContainerStateMachine.java:loadSnapshot(226)) - group-AB0C251C1F92: The snapshot info is null. Setting the last applied indexto:(t:0, i:~)
2019-08-22 17:49:44,177 [pool-602-thread-1] INFO  server.RaftServerConfigKeys (ConfUtils.java:logGet(43)) - raft.server.leader.election.timeout = 120s (custom)
2019-08-22 17:49:44,178 [pool-602-thread-1] INFO  server.RaftServerConfigKeys (ConfUtils.java:logGet(43)) - raft.server.log.use.memory = false (default)
2019-08-22 17:49:44,178 [pool-602-thread-1] INFO  server.RaftServerConfigKeys (ConfUtils.java:logGet(43)) - raft.server.log.purge.gap = 1000000 (custom)
2019-08-22 17:49:44,178 [pool-602-thread-1] INFO  server.RaftServerConfigKeys (ConfUtils.java:logGet(43)) - raft.server.log.appender.buffer.byte-limit = 33554432 (custom)
2019-08-22 17:49:44,178 [pool-602-thread-1] INFO  server.RaftServerConfigKeys (ConfUtils.java:logGet(43)) - raft.server.log.segment.size.max = 1048576 (custom)
2019-08-22 17:49:44,182 [pool-602-thread-1] INFO  server.RaftServerConfigKeys (ConfUtils.java:logGet(43)) - raft.server.log.segment.cache.num.max = 2 (custom)
2019-08-22 17:49:44,184 [pool-602-thread-1] INFO  segmented.SegmentedRaftLogWorker (SegmentedRaftLogWorker.java:<init>(172)) - new 292d8095-7184-41a3-9854-985e76fd1716-SegmentedRaftLogWorker:Storage Directory /workdir/hadoop-ozone/integration-test/target/test-dir/MiniOzoneClusterImpl-759fa8c2-74ee-4da7-994d-2e8cc84df3a0/datanode-6/data/ratis/a4b3d358-1df0-429b-8696-ab0c251c1f92 for RaftStorage:Storage Directory /workdir/hadoop-ozone/integration-test/target/test-dir/MiniOzoneClusterImpl-759fa8c2-74ee-4da7-994d-2e8cc84df3a0/datanode-6/data/ratis/a4b3d358-1df0-429b-8696-ab0c251c1f92
2019-08-22 17:49:44,186 | INFO  | OMAudit | user=jenkins1000 | ip=127.0.0.1 | op=READ_VOLUME {volume=testblockoutputstream} | ret=SUCCESS |  
2019-08-22 17:49:44,186 [pool-602-thread-1] INFO  server.RaftServerConfigKeys (ConfUtils.java:logGet(43)) - raft.server.log.queue.byte-limit = 2147483647 (custom)
2019-08-22 17:49:44,186 [pool-602-thread-1] INFO  server.RaftServerConfigKeys (ConfUtils.java:logGet(43)) - raft.server.log.queue.element-limit = 1024 (custom)
2019-08-22 17:49:44,186 [pool-602-thread-1] INFO  server.RaftServerConfigKeys (ConfUtils.java:logGet(43)) - raft.server.log.segment.size.max = 1048576 (custom)
2019-08-22 17:49:44,186 [pool-602-thread-1] INFO  server.RaftServerConfigKeys (ConfUtils.java:logGet(43)) - raft.server.log.preallocated.size = 16384 (custom)
2019-08-22 17:49:44,187 [pool-602-thread-1] INFO  server.RaftServerConfigKeys (ConfUtils.java:logGet(43)) - raft.server.log.write.buffer.size = 33554432 (custom)
2019-08-22 17:49:44,187 [pool-602-thread-1] INFO  server.RaftServerConfigKeys (ConfUtils.java:logGet(43)) - raft.server.log.force.sync.num = 128 (default)
2019-08-22 17:49:44,187 [pool-602-thread-1] INFO  server.RaftServerConfigKeys (ConfUtils.java:logGet(43)) - raft.server.log.statemachine.data.sync = true (default)
2019-08-22 17:49:44,187 [main] INFO  rpc.RpcClient (RpcClient.java:createBucket(432)) - Creating Bucket: testblockoutputstream/testblockoutputstream, with Versioning false and Storage Type set to DISK and Encryption set to false 
2019-08-22 17:49:44,187 [pool-602-thread-1] INFO  server.RaftServerConfigKeys (ConfUtils.java:logGet(43)) - raft.server.log.statemachine.data.sync.timeout = 10s (default)
2019-08-22 17:49:44,187 [pool-602-thread-1] INFO  server.RaftServerConfigKeys (ConfUtils.java:logGet(43)) - raft.server.log.statemachine.data.sync.timeout.retry = -1 (default)
2019-08-22 17:49:44,187 [pool-602-thread-1] INFO  server.RaftServerConfigKeys (ConfUtils.java:logGet(43)) - raft.server.log.statemachine.data.caching.enabled = true (custom)
2019-08-22 17:49:44,188 [pool-602-thread-1] INFO  segmented.SegmentedRaftLogWorker (SegmentedRaftLogWorker.java:lambda$new$0(132)) - 292d8095-7184-41a3-9854-985e76fd1716-SegmentedRaftLogWorker:Storage Directory /workdir/hadoop-ozone/integration-test/target/test-dir/MiniOzoneClusterImpl-759fa8c2-74ee-4da7-994d-2e8cc84df3a0/datanode-6/data/ratis/a4b3d358-1df0-429b-8696-ab0c251c1f92: flushIndex: setUnconditionally 0 -> -1
2019-08-22 17:49:44,188 [pool-602-thread-1] INFO  server.RaftServerConfigKeys (ConfUtils.java:logGet(43)) - raft.server.snapshot.auto.trigger.enabled = true (custom)
2019-08-22 17:49:44,188 [pool-602-thread-1] INFO  server.RaftServerConfigKeys (ConfUtils.java:logGet(43)) - raft.server.snapshot.auto.trigger.threshold = 10000 (custom)
2019-08-22 17:49:44,188 [pool-602-thread-1] INFO  server.RaftServerConfigKeys (ConfUtils.java:logGet(43)) - raft.server.retrycache.expirytime = 600000ms (custom)
2019-08-22 17:49:44,190 [pool-602-thread-1] INFO  impl.RaftServerImpl (RaftServerImpl.java:start(180)) - 292d8095-7184-41a3-9854-985e76fd1716: start group-AB0C251C1F92
2019-08-22 17:49:44,190 [pool-602-thread-1] INFO  impl.RaftServerImpl (RaftServerImpl.java:setRole(171)) - 292d8095-7184-41a3-9854-985e76fd1716:group-AB0C251C1F92 changes role from null to FOLLOWER at term 0 for startAsFollower
2019-08-22 17:49:44,190 [pool-602-thread-1] INFO  impl.RoleInfo (RoleInfo.java:updateAndGet(143)) - 292d8095-7184-41a3-9854-985e76fd1716: start FollowerState
2019-08-22 17:49:44,191 [pool-602-thread-1] INFO  util.JmxRegister (JmxRegister.java:tryRegister(44)) - Successfully registered JMX Bean with object name Ratis:service=RaftServer,group=group-AB0C251C1F92,id=292d8095-7184-41a3-9854-985e76fd1716
2019-08-22 17:49:44,191 | INFO  | OMAudit | user=jenkins1000 | ip=127.0.0.1 | op=CREATE_BUCKET {volume=testblockoutputstream, bucket=testblockoutputstream, acls=[user:jenkins1000:a[ACCESS], group:default:a[ACCESS]], isVersionEnabled=false, storageType=DISK, creationTime=0} | ret=SUCCESS |  
2019-08-22 17:49:44,192 | INFO  | OMAudit | user=jenkins1000 | ip=127.0.0.1 | op=READ_VOLUME {volume=testblockoutputstream} | ret=SUCCESS |  
2019-08-22 17:49:44,193 [RatisPipelineUtilsThread] INFO  pipeline.PipelineStateManager (PipelineStateManager.java:addPipeline(56)) - Created pipeline Pipeline[ Id: a4b3d358-1df0-429b-8696-ab0c251c1f92, Nodes: 292d8095-7184-41a3-9854-985e76fd1716{ip: 192.168.5.173, host: pr-hdds-1808-4dtdn-3774871440, networkLocation: /default-rack, certSerialId: null}, Type:RATIS, Factor:ONE, State:OPEN]
2019-08-22 17:49:44,195 | INFO  | OMAudit | user=jenkins1000 | ip=127.0.0.1 | op=READ_BUCKET {volume=testblockoutputstream, bucket=testblockoutputstream} | ret=SUCCESS |  
2019-08-22 17:49:44,198 | INFO  | SCMAudit | user=jenkins1000 | ip=192.168.5.173 | op=ALLOCATE_BLOCK {owner=f607c320-9105-493e-a258-940f836ba75a, size=800, type=RATIS, factor=THREE} | ret=SUCCESS |  
2019-08-22 17:49:44,201 | INFO  | OMAudit | user=jenkins1000 | ip=127.0.0.1 | op=ALLOCATE_KEY {volume=testblockoutputstream, bucket=testblockoutputstream, key=63f44d08-0159-4eeb-9410-42b587db0383, dataSize=0, replicationType=RATIS, replicationFactor=THREE, keyLocationInfo=null} | ret=SUCCESS |  
2019-08-22 17:49:44,211 [grpc-default-executor-1] INFO  client.GrpcClientProtocolClient (GrpcClientProtocolClient.java:onNext(255)) - client-7B635A622F35->69232983-8dba-446a-9451-2b46042e75c9: receive RaftClientReply:client-7B635A622F35->69232983-8dba-446a-9451-2b46042e75c9@group-92301C51CB26, cid=193, FAILED org.apache.ratis.protocol.NotLeaderException: Server 69232983-8dba-446a-9451-2b46042e75c9 is not the leader (null). Request must be sent to leader., logIndex=0, commits[69232983-8dba-446a-9451-2b46042e75c9:c-1]
2019-08-22 17:49:44,834 | INFO  | SCMAudit | user=jenkins1000 | ip=192.168.5.173 | op=SEND_HEARTBEAT {datanodeUUID=f56af1c7-d196-4686-9983-5f1b73da6fe9, command=[]} | ret=SUCCESS |  
2019-08-22 17:49:44,990 | INFO  | SCMAudit | user=jenkins1000 | ip=192.168.5.173 | op=SEND_HEARTBEAT {datanodeUUID=69232983-8dba-446a-9451-2b46042e75c9, command=[]} | ret=SUCCESS |  
2019-08-22 17:49:45,135 | INFO  | SCMAudit | user=jenkins1000 | ip=192.168.5.173 | op=SEND_HEARTBEAT {datanodeUUID=a29b0749-4fa9-464b-a5e0-ea013a767c21, command=[]} | ret=SUCCESS |  
2019-08-22 17:49:45,237 [grpc-default-executor-1] INFO  client.GrpcClientProtocolClient (GrpcClientProtocolClient.java:onNext(255)) - client-7B635A622F35->a29b0749-4fa9-464b-a5e0-ea013a767c21: receive RaftClientReply:client-7B635A622F35->a29b0749-4fa9-464b-a5e0-ea013a767c21@group-92301C51CB26, cid=193, FAILED org.apache.ratis.protocol.NotLeaderException: Server a29b0749-4fa9-464b-a5e0-ea013a767c21 is not the leader (null). Request must be sent to leader., logIndex=0, commits[a29b0749-4fa9-464b-a5e0-ea013a767c21:c-1]
2019-08-22 17:49:45,286 | INFO  | SCMAudit | user=jenkins1000 | ip=192.168.5.173 | op=SEND_HEARTBEAT {datanodeUUID=99e65ce9-9658-4d2b-9ccf-b58166a10afd, command=[]} | ret=SUCCESS |  
2019-08-22 17:49:45,732 | INFO  | SCMAudit | user=jenkins1000 | ip=192.168.5.173 | op=SEND_HEARTBEAT {datanodeUUID=c2d5ad94-5356-4232-a32f-95f0e36a9a79, command=[]} | ret=SUCCESS |  
2019-08-22 17:49:45,833 | INFO  | SCMAudit | user=jenkins1000 | ip=192.168.5.173 | op=SEND_HEARTBEAT {datanodeUUID=f56af1c7-d196-4686-9983-5f1b73da6fe9, command=[]} | ret=SUCCESS |  
2019-08-22 17:49:45,845 [Thread-3854] INFO  container.ReplicationManager (ReplicationManager.java:start(152)) - Starting Replication Monitor Thread.
2019-08-22 17:49:45,850 [ReplicationMonitor] INFO  container.ReplicationManager (ReplicationManager.java:run(215)) - Replication Monitor Thread took 0 milliseconds for processing 1 containers.
2019-08-22 17:49:45,921 | INFO  | SCMAudit | user=jenkins1000 | ip=192.168.5.173 | op=SEND_HEARTBEAT {datanodeUUID=4d50bca6-1793-48ce-b534-bf550895ea18, command=[]} | ret=SUCCESS |  
2019-08-22 17:49:45,990 | INFO  | SCMAudit | user=jenkins1000 | ip=192.168.5.173 | op=SEND_HEARTBEAT {datanodeUUID=69232983-8dba-446a-9451-2b46042e75c9, command=[]} | ret=SUCCESS |  
2019-08-22 17:49:46,085 | INFO  | SCMAudit | user=jenkins1000 | ip=192.168.5.173 | op=SEND_HEARTBEAT {datanodeUUID=292d8095-7184-41a3-9854-985e76fd1716, command=[]} | ret=SUCCESS |  
2019-08-22 17:49:46,135 | INFO  | SCMAudit | user=jenkins1000 | ip=192.168.5.173 | op=SEND_HEARTBEAT {datanodeUUID=a29b0749-4fa9-464b-a5e0-ea013a767c21, command=[]} | ret=SUCCESS |  
2019-08-22 17:49:46,249 [grpc-default-executor-1] INFO  client.GrpcClientProtocolClient (GrpcClientProtocolClient.java:onNext(255)) - client-7B635A622F35->f56af1c7-d196-4686-9983-5f1b73da6fe9: receive RaftClientReply:client-7B635A622F35->f56af1c7-d196-4686-9983-5f1b73da6fe9@group-92301C51CB26, cid=193, FAILED org.apache.ratis.protocol.NotLeaderException: Server f56af1c7-d196-4686-9983-5f1b73da6fe9 is not the leader (null). Request must be sent to leader., logIndex=0, commits[f56af1c7-d196-4686-9983-5f1b73da6fe9:c-1]
2019-08-22 17:49:46,287 | INFO  | SCMAudit | user=jenkins1000 | ip=192.168.5.173 | op=SEND_HEARTBEAT {datanodeUUID=99e65ce9-9658-4d2b-9ccf-b58166a10afd, command=[]} | ret=SUCCESS |  
2019-08-22 17:49:46,731 | INFO  | SCMAudit | user=jenkins1000 | ip=192.168.5.173 | op=SEND_HEARTBEAT {datanodeUUID=c2d5ad94-5356-4232-a32f-95f0e36a9a79, command=[]} | ret=SUCCESS |  
2019-08-22 17:49:46,833 | INFO  | SCMAudit | user=jenkins1000 | ip=192.168.5.173 | op=SEND_HEARTBEAT {datanodeUUID=f56af1c7-d196-4686-9983-5f1b73da6fe9, command=[]} | ret=SUCCESS |  
2019-08-22 17:49:46,921 | INFO  | SCMAudit | user=jenkins1000 | ip=192.168.5.173 | op=SEND_HEARTBEAT {datanodeUUID=4d50bca6-1793-48ce-b534-bf550895ea18, command=[]} | ret=SUCCESS |  
2019-08-22 17:49:46,990 | INFO  | SCMAudit | user=jenkins1000 | ip=192.168.5.173 | op=SEND_HEARTBEAT {datanodeUUID=69232983-8dba-446a-9451-2b46042e75c9, command=[]} | ret=SUCCESS |  
2019-08-22 17:49:47,085 | INFO  | SCMAudit | user=jenkins1000 | ip=192.168.5.173 | op=SEND_HEARTBEAT {datanodeUUID=292d8095-7184-41a3-9854-985e76fd1716, command=[]} | ret=SUCCESS |  
2019-08-22 17:49:47,135 | INFO  | SCMAudit | user=jenkins1000 | ip=192.168.5.173 | op=SEND_HEARTBEAT {datanodeUUID=a29b0749-4fa9-464b-a5e0-ea013a767c21, command=[]} | ret=SUCCESS |  
2019-08-22 17:49:47,261 [grpc-default-executor-1] INFO  client.GrpcClientProtocolClient (GrpcClientProtocolClient.java:onNext(255)) - client-7B635A622F35->a29b0749-4fa9-464b-a5e0-ea013a767c21: receive RaftClientReply:client-7B635A622F35->a29b0749-4fa9-464b-a5e0-ea013a767c21@group-92301C51CB26, cid=193, FAILED org.apache.ratis.protocol.NotLeaderException: Server a29b0749-4fa9-464b-a5e0-ea013a767c21 is not the leader (null). Request must be sent to leader., logIndex=0, commits[a29b0749-4fa9-464b-a5e0-ea013a767c21:c-1]
2019-08-22 17:49:47,287 | INFO  | SCMAudit | user=jenkins1000 | ip=192.168.5.173 | op=SEND_HEARTBEAT {datanodeUUID=99e65ce9-9658-4d2b-9ccf-b58166a10afd, command=[]} | ret=SUCCESS |  
2019-08-22 17:49:47,731 | INFO  | SCMAudit | user=jenkins1000 | ip=192.168.5.173 | op=SEND_HEARTBEAT {datanodeUUID=c2d5ad94-5356-4232-a32f-95f0e36a9a79, command=[]} | ret=SUCCESS |  
2019-08-22 17:49:47,833 | INFO  | SCMAudit | user=jenkins1000 | ip=192.168.5.173 | op=SEND_HEARTBEAT {datanodeUUID=f56af1c7-d196-4686-9983-5f1b73da6fe9, command=[]} | ret=SUCCESS |  
2019-08-22 17:49:47,897 [Thread-3856] INFO  impl.FollowerState (FollowerState.java:run(106)) - f56af1c7-d196-4686-9983-5f1b73da6fe9:group-3C804D74ECDB changes to CANDIDATE, lastRpcTime:5004, electionTimeout:5004ms
2019-08-22 17:49:47,897 [Thread-3856] INFO  impl.RoleInfo (RoleInfo.java:shutdownFollowerState(121)) - f56af1c7-d196-4686-9983-5f1b73da6fe9: shutdown FollowerState
2019-08-22 17:49:47,897 [Thread-3856] INFO  impl.RaftServerImpl (RaftServerImpl.java:setRole(171)) - f56af1c7-d196-4686-9983-5f1b73da6fe9:group-3C804D74ECDB changes role from FOLLOWER to CANDIDATE at term 0 for changeToCandidate
2019-08-22 17:49:47,897 [Thread-3856] INFO  impl.RoleInfo (RoleInfo.java:updateAndGet(143)) - f56af1c7-d196-4686-9983-5f1b73da6fe9: start LeaderElection
2019-08-22 17:49:47,920 | INFO  | SCMAudit | user=jenkins1000 | ip=192.168.5.173 | op=SEND_HEARTBEAT {datanodeUUID=4d50bca6-1793-48ce-b534-bf550895ea18, command=[]} | ret=SUCCESS |  
2019-08-22 17:49:47,921 [f56af1c7-d196-4686-9983-5f1b73da6fe9:group-3C804D74ECDB:LeaderElection83] INFO  impl.LeaderElection (LeaderElection.java:askForVotes(181)) - f56af1c7-d196-4686-9983-5f1b73da6fe9:group-3C804D74ECDB:LeaderElection83: begin an election at term 1 for -1: [f56af1c7-d196-4686-9983-5f1b73da6fe9:192.168.5.173:33869], old=null
2019-08-22 17:49:47,921 [f56af1c7-d196-4686-9983-5f1b73da6fe9:group-3C804D74ECDB:LeaderElection83] INFO  impl.RoleInfo (RoleInfo.java:shutdownLeaderElection(134)) - f56af1c7-d196-4686-9983-5f1b73da6fe9: shutdown LeaderElection
2019-08-22 17:49:47,922 [f56af1c7-d196-4686-9983-5f1b73da6fe9:group-3C804D74ECDB:LeaderElection83] INFO  impl.RaftServerImpl (RaftServerImpl.java:setRole(171)) - f56af1c7-d196-4686-9983-5f1b73da6fe9:group-3C804D74ECDB changes role from CANDIDATE to LEADER at term 1 for changeToLeader
2019-08-22 17:49:47,922 [f56af1c7-d196-4686-9983-5f1b73da6fe9:group-3C804D74ECDB:LeaderElection83] INFO  impl.RaftServerImpl (ServerState.java:setLeader(263)) - f56af1c7-d196-4686-9983-5f1b73da6fe9:group-3C804D74ECDB change Leader from null to f56af1c7-d196-4686-9983-5f1b73da6fe9 at term 1 for becomeLeader, leader elected after 5034ms
2019-08-22 17:49:47,922 [f56af1c7-d196-4686-9983-5f1b73da6fe9:group-3C804D74ECDB:LeaderElection83] INFO  server.RaftServerConfigKeys (ConfUtils.java:logGet(43)) - raft.server.staging.catchup.gap = 1000 (default)
2019-08-22 17:49:47,922 [f56af1c7-d196-4686-9983-5f1b73da6fe9:group-3C804D74ECDB:LeaderElection83] INFO  server.RaftServerConfigKeys (ConfUtils.java:logGet(43)) - raft.server.rpc.sleep.time = 25ms (default)
2019-08-22 17:49:47,922 [f56af1c7-d196-4686-9983-5f1b73da6fe9:group-3C804D74ECDB:LeaderElection83] INFO  server.RaftServerConfigKeys (ConfUtils.java:logGet(43)) - raft.server.write.element-limit = 4096 (default)
2019-08-22 17:49:47,923 [f56af1c7-d196-4686-9983-5f1b73da6fe9:group-3C804D74ECDB:LeaderElection83] INFO  server.RaftServerConfigKeys (ConfUtils.java:logGet(43)) - raft.server.watch.timeout = 10s (default)
2019-08-22 17:49:47,923 [f56af1c7-d196-4686-9983-5f1b73da6fe9:group-3C804D74ECDB:LeaderElection83] INFO  server.RaftServerConfigKeys (ConfUtils.java:logGet(43)) - raft.server.watch.timeout.denomination = 1s (default)
2019-08-22 17:49:47,923 [f56af1c7-d196-4686-9983-5f1b73da6fe9:group-3C804D74ECDB:LeaderElection83] INFO  server.RaftServerConfigKeys (ConfUtils.java:logGet(43)) - raft.server.watch.element-limit = 65536 (default)
2019-08-22 17:49:47,923 [f56af1c7-d196-4686-9983-5f1b73da6fe9:group-3C804D74ECDB:LeaderElection83] INFO  impl.RoleInfo (RoleInfo.java:updateAndGet(143)) - f56af1c7-d196-4686-9983-5f1b73da6fe9: start LeaderState
2019-08-22 17:49:47,924 [f56af1c7-d196-4686-9983-5f1b73da6fe9:group-3C804D74ECDB:LeaderElection83] INFO  segmented.SegmentedRaftLogWorker (SegmentedRaftLogWorker.java:startLogSegment(380)) - f56af1c7-d196-4686-9983-5f1b73da6fe9-SegmentedRaftLogWorker:Storage Directory /workdir/hadoop-ozone/integration-test/target/test-dir/MiniOzoneClusterImpl-759fa8c2-74ee-4da7-994d-2e8cc84df3a0/datanode-0/data/ratis/bc42417a-84bb-480d-9232-3c804d74ecdb: Starting segment from index:0
2019-08-22 17:49:47,924 [f56af1c7-d196-4686-9983-5f1b73da6fe9:group-3C804D74ECDB:LeaderElection83] INFO  impl.RaftServerImpl (ServerState.java:setRaftConf(361)) - f56af1c7-d196-4686-9983-5f1b73da6fe9:group-3C804D74ECDB set configuration 0: [f56af1c7-d196-4686-9983-5f1b73da6fe9:192.168.5.173:33869], old=null at 0
2019-08-22 17:49:47,987 [f56af1c7-d196-4686-9983-5f1b73da6fe9-SegmentedRaftLogWorker:Storage Directory /workdir/hadoop-ozone/integration-test/target/test-dir/MiniOzoneClusterImpl-759fa8c2-74ee-4da7-994d-2e8cc84df3a0/datanode-0/data/ratis/bc42417a-84bb-480d-9232-3c804d74ecdb] INFO  segmented.SegmentedRaftLogWorker (SegmentedRaftLogWorker.java:execute(569)) - f56af1c7-d196-4686-9983-5f1b73da6fe9-SegmentedRaftLogWorker:Storage Directory /workdir/hadoop-ozone/integration-test/target/test-dir/MiniOzoneClusterImpl-759fa8c2-74ee-4da7-994d-2e8cc84df3a0/datanode-0/data/ratis/bc42417a-84bb-480d-9232-3c804d74ecdb: created new log segment /workdir/hadoop-ozone/integration-test/target/test-dir/MiniOzoneClusterImpl-759fa8c2-74ee-4da7-994d-2e8cc84df3a0/datanode-0/data/ratis/bc42417a-84bb-480d-9232-3c804d74ecdb/current/log_inprogress_0
2019-08-22 17:49:47,990 | INFO  | SCMAudit | user=jenkins1000 | ip=192.168.5.173 | op=SEND_HEARTBEAT {datanodeUUID=69232983-8dba-446a-9451-2b46042e75c9, command=[]} | ret=SUCCESS |  
2019-08-22 17:49:48,085 | INFO  | SCMAudit | user=jenkins1000 | ip=192.168.5.173 | op=SEND_HEARTBEAT {datanodeUUID=292d8095-7184-41a3-9854-985e76fd1716, command=[]} | ret=SUCCESS |  
2019-08-22 17:49:48,135 | INFO  | SCMAudit | user=jenkins1000 | ip=192.168.5.173 | op=SEND_HEARTBEAT {datanodeUUID=a29b0749-4fa9-464b-a5e0-ea013a767c21, command=[]} | ret=SUCCESS |  
2019-08-22 17:49:48,244 [Thread-3859] INFO  impl.FollowerState (FollowerState.java:run(106)) - 69232983-8dba-446a-9451-2b46042e75c9:group-B25E9BB74E75 changes to CANDIDATE, lastRpcTime:5200, electionTimeout:5200ms
2019-08-22 17:49:48,244 [Thread-3859] INFO  impl.RoleInfo (RoleInfo.java:shutdownFollowerState(121)) - 69232983-8dba-446a-9451-2b46042e75c9: shutdown FollowerState
2019-08-22 17:49:48,244 [Thread-3859] INFO  impl.RaftServerImpl (RaftServerImpl.java:setRole(171)) - 69232983-8dba-446a-9451-2b46042e75c9:group-B25E9BB74E75 changes role from FOLLOWER to CANDIDATE at term 0 for changeToCandidate
2019-08-22 17:49:48,244 [Thread-3859] INFO  impl.RoleInfo (RoleInfo.java:updateAndGet(143)) - 69232983-8dba-446a-9451-2b46042e75c9: start LeaderElection
2019-08-22 17:49:48,268 [69232983-8dba-446a-9451-2b46042e75c9:group-B25E9BB74E75:LeaderElection84] INFO  impl.LeaderElection (LeaderElection.java:askForVotes(181)) - 69232983-8dba-446a-9451-2b46042e75c9:group-B25E9BB74E75:LeaderElection84: begin an election at term 1 for -1: [69232983-8dba-446a-9451-2b46042e75c9:192.168.5.173:35738], old=null
2019-08-22 17:49:48,268 [69232983-8dba-446a-9451-2b46042e75c9:group-B25E9BB74E75:LeaderElection84] INFO  impl.RoleInfo (RoleInfo.java:shutdownLeaderElection(134)) - 69232983-8dba-446a-9451-2b46042e75c9: shutdown LeaderElection
2019-08-22 17:49:48,268 [69232983-8dba-446a-9451-2b46042e75c9:group-B25E9BB74E75:LeaderElection84] INFO  impl.RaftServerImpl (RaftServerImpl.java:setRole(171)) - 69232983-8dba-446a-9451-2b46042e75c9:group-B25E9BB74E75 changes role from CANDIDATE to LEADER at term 1 for changeToLeader
2019-08-22 17:49:48,269 [69232983-8dba-446a-9451-2b46042e75c9:group-B25E9BB74E75:LeaderElection84] INFO  impl.RaftServerImpl (ServerState.java:setLeader(263)) - 69232983-8dba-446a-9451-2b46042e75c9:group-B25E9BB74E75 change Leader from null to 69232983-8dba-446a-9451-2b46042e75c9 at term 1 for becomeLeader, leader elected after 5229ms
2019-08-22 17:49:48,269 [69232983-8dba-446a-9451-2b46042e75c9:group-B25E9BB74E75:LeaderElection84] INFO  server.RaftServerConfigKeys (ConfUtils.java:logGet(43)) - raft.server.staging.catchup.gap = 1000 (default)
2019-08-22 17:49:48,269 [69232983-8dba-446a-9451-2b46042e75c9:group-B25E9BB74E75:LeaderElection84] INFO  server.RaftServerConfigKeys (ConfUtils.java:logGet(43)) - raft.server.rpc.sleep.time = 25ms (default)
2019-08-22 17:49:48,269 [grpc-default-executor-1] INFO  client.GrpcClientProtocolClient (GrpcClientProtocolClient.java:onNext(255)) - client-7B635A622F35->69232983-8dba-446a-9451-2b46042e75c9: receive RaftClientReply:client-7B635A622F35->69232983-8dba-446a-9451-2b46042e75c9@group-92301C51CB26, cid=193, FAILED org.apache.ratis.protocol.NotLeaderException: Server 69232983-8dba-446a-9451-2b46042e75c9 is not the leader (null). Request must be sent to leader., logIndex=0, commits[69232983-8dba-446a-9451-2b46042e75c9:c-1]
2019-08-22 17:49:48,269 [69232983-8dba-446a-9451-2b46042e75c9:group-B25E9BB74E75:LeaderElection84] INFO  server.RaftServerConfigKeys (ConfUtils.java:logGet(43)) - raft.server.write.element-limit = 4096 (default)
2019-08-22 17:49:48,270 [69232983-8dba-446a-9451-2b46042e75c9:group-B25E9BB74E75:LeaderElection84] INFO  server.RaftServerConfigKeys (ConfUtils.java:logGet(43)) - raft.server.watch.timeout = 10s (default)
2019-08-22 17:49:48,270 [69232983-8dba-446a-9451-2b46042e75c9:group-B25E9BB74E75:LeaderElection84] INFO  server.RaftServerConfigKeys (ConfUtils.java:logGet(43)) - raft.server.watch.timeout.denomination = 1s (default)
2019-08-22 17:49:48,270 [69232983-8dba-446a-9451-2b46042e75c9:group-B25E9BB74E75:LeaderElection84] INFO  server.RaftServerConfigKeys (ConfUtils.java:logGet(43)) - raft.server.watch.element-limit = 65536 (default)
2019-08-22 17:49:48,273 [69232983-8dba-446a-9451-2b46042e75c9:group-B25E9BB74E75:LeaderElection84] INFO  impl.RoleInfo (RoleInfo.java:updateAndGet(143)) - 69232983-8dba-446a-9451-2b46042e75c9: start LeaderState
2019-08-22 17:49:48,273 [69232983-8dba-446a-9451-2b46042e75c9:group-B25E9BB74E75:LeaderElection84] INFO  segmented.SegmentedRaftLogWorker (SegmentedRaftLogWorker.java:startLogSegment(380)) - 69232983-8dba-446a-9451-2b46042e75c9-SegmentedRaftLogWorker:Storage Directory /workdir/hadoop-ozone/integration-test/target/test-dir/MiniOzoneClusterImpl-759fa8c2-74ee-4da7-994d-2e8cc84df3a0/datanode-1/data/ratis/8788a3f6-3011-474f-abba-b25e9bb74e75: Starting segment from index:0
2019-08-22 17:49:48,273 [69232983-8dba-446a-9451-2b46042e75c9:group-B25E9BB74E75:LeaderElection84] INFO  impl.RaftServerImpl (ServerState.java:setRaftConf(361)) - 69232983-8dba-446a-9451-2b46042e75c9:group-B25E9BB74E75 set configuration 0: [69232983-8dba-446a-9451-2b46042e75c9:192.168.5.173:35738], old=null at 0
2019-08-22 17:49:48,279 [Thread-3862] INFO  impl.FollowerState (FollowerState.java:run(106)) - a29b0749-4fa9-464b-a5e0-ea013a767c21:group-AED25211918E changes to CANDIDATE, lastRpcTime:5082, electionTimeout:5082ms
2019-08-22 17:49:48,279 [Thread-3862] INFO  impl.RoleInfo (RoleInfo.java:shutdownFollowerState(121)) - a29b0749-4fa9-464b-a5e0-ea013a767c21: shutdown FollowerState
2019-08-22 17:49:48,279 [Thread-3862] INFO  impl.RaftServerImpl (RaftServerImpl.java:setRole(171)) - a29b0749-4fa9-464b-a5e0-ea013a767c21:group-AED25211918E changes role from FOLLOWER to CANDIDATE at term 0 for changeToCandidate
2019-08-22 17:49:48,279 [Thread-3862] INFO  impl.RoleInfo (RoleInfo.java:updateAndGet(143)) - a29b0749-4fa9-464b-a5e0-ea013a767c21: start LeaderElection
2019-08-22 17:49:48,315 | INFO  | SCMAudit | user=jenkins1000 | ip=192.168.5.173 | op=SEND_HEARTBEAT {datanodeUUID=99e65ce9-9658-4d2b-9ccf-b58166a10afd, command=[]} | ret=SUCCESS |  
2019-08-22 17:49:48,322 [69232983-8dba-446a-9451-2b46042e75c9-SegmentedRaftLogWorker:Storage Directory /workdir/hadoop-ozone/integration-test/target/test-dir/MiniOzoneClusterImpl-759fa8c2-74ee-4da7-994d-2e8cc84df3a0/datanode-1/data/ratis/8788a3f6-3011-474f-abba-b25e9bb74e75] INFO  segmented.SegmentedRaftLogWorker (SegmentedRaftLogWorker.java:execute(569)) - 69232983-8dba-446a-9451-2b46042e75c9-SegmentedRaftLogWorker:Storage Directory /workdir/hadoop-ozone/integration-test/target/test-dir/MiniOzoneClusterImpl-759fa8c2-74ee-4da7-994d-2e8cc84df3a0/datanode-1/data/ratis/8788a3f6-3011-474f-abba-b25e9bb74e75: created new log segment /workdir/hadoop-ozone/integration-test/target/test-dir/MiniOzoneClusterImpl-759fa8c2-74ee-4da7-994d-2e8cc84df3a0/datanode-1/data/ratis/8788a3f6-3011-474f-abba-b25e9bb74e75/current/log_inprogress_0
2019-08-22 17:49:48,323 [a29b0749-4fa9-464b-a5e0-ea013a767c21:group-AED25211918E:LeaderElection85] INFO  impl.LeaderElection (LeaderElection.java:askForVotes(181)) - a29b0749-4fa9-464b-a5e0-ea013a767c21:group-AED25211918E:LeaderElection85: begin an election at term 1 for -1: [a29b0749-4fa9-464b-a5e0-ea013a767c21:192.168.5.173:36275], old=null
2019-08-22 17:49:48,323 [a29b0749-4fa9-464b-a5e0-ea013a767c21:group-AED25211918E:LeaderElection85] INFO  impl.RoleInfo (RoleInfo.java:shutdownLeaderElection(134)) - a29b0749-4fa9-464b-a5e0-ea013a767c21: shutdown LeaderElection
2019-08-22 17:49:48,323 [a29b0749-4fa9-464b-a5e0-ea013a767c21:group-AED25211918E:LeaderElection85] INFO  impl.RaftServerImpl (RaftServerImpl.java:setRole(171)) - a29b0749-4fa9-464b-a5e0-ea013a767c21:group-AED25211918E changes role from CANDIDATE to LEADER at term 1 for changeToLeader
2019-08-22 17:49:48,323 [a29b0749-4fa9-464b-a5e0-ea013a767c21:group-AED25211918E:LeaderElection85] INFO  impl.RaftServerImpl (ServerState.java:setLeader(263)) - a29b0749-4fa9-464b-a5e0-ea013a767c21:group-AED25211918E change Leader from null to a29b0749-4fa9-464b-a5e0-ea013a767c21 at term 1 for becomeLeader, leader elected after 5131ms
2019-08-22 17:49:48,323 [a29b0749-4fa9-464b-a5e0-ea013a767c21:group-AED25211918E:LeaderElection85] INFO  server.RaftServerConfigKeys (ConfUtils.java:logGet(43)) - raft.server.staging.catchup.gap = 1000 (default)
2019-08-22 17:49:48,323 [a29b0749-4fa9-464b-a5e0-ea013a767c21:group-AED25211918E:LeaderElection85] INFO  server.RaftServerConfigKeys (ConfUtils.java:logGet(43)) - raft.server.rpc.sleep.time = 25ms (default)
2019-08-22 17:49:48,324 [a29b0749-4fa9-464b-a5e0-ea013a767c21:group-AED25211918E:LeaderElection85] INFO  server.RaftServerConfigKeys (ConfUtils.java:logGet(43)) - raft.server.write.element-limit = 4096 (default)
2019-08-22 17:49:48,324 [a29b0749-4fa9-464b-a5e0-ea013a767c21:group-AED25211918E:LeaderElection85] INFO  server.RaftServerConfigKeys (ConfUtils.java:logGet(43)) - raft.server.watch.timeout = 10s (default)
2019-08-22 17:49:48,324 [a29b0749-4fa9-464b-a5e0-ea013a767c21:group-AED25211918E:LeaderElection85] INFO  server.RaftServerConfigKeys (ConfUtils.java:logGet(43)) - raft.server.watch.timeout.denomination = 1s (default)
2019-08-22 17:49:48,324 [a29b0749-4fa9-464b-a5e0-ea013a767c21:group-AED25211918E:LeaderElection85] INFO  server.RaftServerConfigKeys (ConfUtils.java:logGet(43)) - raft.server.watch.element-limit = 65536 (default)
2019-08-22 17:49:48,324 [a29b0749-4fa9-464b-a5e0-ea013a767c21:group-AED25211918E:LeaderElection85] INFO  impl.RoleInfo (RoleInfo.java:updateAndGet(143)) - a29b0749-4fa9-464b-a5e0-ea013a767c21: start LeaderState
2019-08-22 17:49:48,325 [a29b0749-4fa9-464b-a5e0-ea013a767c21:group-AED25211918E:LeaderElection85] INFO  segmented.SegmentedRaftLogWorker (SegmentedRaftLogWorker.java:startLogSegment(380)) - a29b0749-4fa9-464b-a5e0-ea013a767c21-SegmentedRaftLogWorker:Storage Directory /workdir/hadoop-ozone/integration-test/target/test-dir/MiniOzoneClusterImpl-759fa8c2-74ee-4da7-994d-2e8cc84df3a0/datanode-2/data/ratis/147f668a-a44f-4037-8eb2-aed25211918e: Starting segment from index:0
2019-08-22 17:49:48,325 [a29b0749-4fa9-464b-a5e0-ea013a767c21:group-AED25211918E:LeaderElection85] INFO  impl.RaftServerImpl (ServerState.java:setRaftConf(361)) - a29b0749-4fa9-464b-a5e0-ea013a767c21:group-AED25211918E set configuration 0: [a29b0749-4fa9-464b-a5e0-ea013a767c21:192.168.5.173:36275], old=null at 0
2019-08-22 17:49:48,338 [Thread-3869] INFO  impl.FollowerState (FollowerState.java:run(106)) - 69232983-8dba-446a-9451-2b46042e75c9:group-92301C51CB26 changes to CANDIDATE, lastRpcTime:5065, electionTimeout:5065ms
2019-08-22 17:49:48,338 [Thread-3869] INFO  impl.RoleInfo (RoleInfo.java:shutdownFollowerState(121)) - 69232983-8dba-446a-9451-2b46042e75c9: shutdown FollowerState
2019-08-22 17:49:48,339 [Thread-3869] INFO  impl.RaftServerImpl (RaftServerImpl.java:setRole(171)) - 69232983-8dba-446a-9451-2b46042e75c9:group-92301C51CB26 changes role from FOLLOWER to CANDIDATE at term 0 for changeToCandidate
2019-08-22 17:49:48,339 [Thread-3869] INFO  impl.RoleInfo (RoleInfo.java:updateAndGet(143)) - 69232983-8dba-446a-9451-2b46042e75c9: start LeaderElection
2019-08-22 17:49:48,363 [Thread-3870] INFO  impl.FollowerState (FollowerState.java:run(106)) - a29b0749-4fa9-464b-a5e0-ea013a767c21:group-92301C51CB26 changes to CANDIDATE, lastRpcTime:5089, electionTimeout:5084ms
2019-08-22 17:49:48,363 [Thread-3870] INFO  impl.RoleInfo (RoleInfo.java:shutdownFollowerState(121)) - a29b0749-4fa9-464b-a5e0-ea013a767c21: shutdown FollowerState
2019-08-22 17:49:48,363 [Thread-3865] INFO  impl.FollowerState (FollowerState.java:run(106)) - f56af1c7-d196-4686-9983-5f1b73da6fe9:group-92301C51CB26 changes to CANDIDATE, lastRpcTime:5095, electionTimeout:5087ms
2019-08-22 17:49:48,363 [Thread-3870] INFO  impl.RaftServerImpl (RaftServerImpl.java:setRole(171)) - a29b0749-4fa9-464b-a5e0-ea013a767c21:group-92301C51CB26 changes role from FOLLOWER to CANDIDATE at term 0 for changeToCandidate
2019-08-22 17:49:48,365 [Thread-3865] INFO  impl.RoleInfo (RoleInfo.java:shutdownFollowerState(121)) - f56af1c7-d196-4686-9983-5f1b73da6fe9: shutdown FollowerState
2019-08-22 17:49:48,366 [Thread-3870] INFO  impl.RoleInfo (RoleInfo.java:updateAndGet(143)) - a29b0749-4fa9-464b-a5e0-ea013a767c21: start LeaderElection
2019-08-22 17:49:48,366 [Thread-3865] INFO  impl.RaftServerImpl (RaftServerImpl.java:setRole(171)) - f56af1c7-d196-4686-9983-5f1b73da6fe9:group-92301C51CB26 changes role from FOLLOWER to CANDIDATE at term 0 for changeToCandidate
2019-08-22 17:49:48,366 [Thread-3865] INFO  impl.RoleInfo (RoleInfo.java:updateAndGet(143)) - f56af1c7-d196-4686-9983-5f1b73da6fe9: start LeaderElection
2019-08-22 17:49:48,388 [a29b0749-4fa9-464b-a5e0-ea013a767c21-SegmentedRaftLogWorker:Storage Directory /workdir/hadoop-ozone/integration-test/target/test-dir/MiniOzoneClusterImpl-759fa8c2-74ee-4da7-994d-2e8cc84df3a0/datanode-2/data/ratis/147f668a-a44f-4037-8eb2-aed25211918e] INFO  segmented.SegmentedRaftLogWorker (SegmentedRaftLogWorker.java:execute(569)) - a29b0749-4fa9-464b-a5e0-ea013a767c21-SegmentedRaftLogWorker:Storage Directory /workdir/hadoop-ozone/integration-test/target/test-dir/MiniOzoneClusterImpl-759fa8c2-74ee-4da7-994d-2e8cc84df3a0/datanode-2/data/ratis/147f668a-a44f-4037-8eb2-aed25211918e: created new log segment /workdir/hadoop-ozone/integration-test/target/test-dir/MiniOzoneClusterImpl-759fa8c2-74ee-4da7-994d-2e8cc84df3a0/datanode-2/data/ratis/147f668a-a44f-4037-8eb2-aed25211918e/current/log_inprogress_0
2019-08-22 17:49:48,388 [69232983-8dba-446a-9451-2b46042e75c9:group-92301C51CB26:LeaderElection86] INFO  impl.LeaderElection (LeaderElection.java:askForVotes(181)) - 69232983-8dba-446a-9451-2b46042e75c9:group-92301C51CB26:LeaderElection86: begin an election at term 1 for -1: [f56af1c7-d196-4686-9983-5f1b73da6fe9:192.168.5.173:33869, a29b0749-4fa9-464b-a5e0-ea013a767c21:192.168.5.173:36275, 69232983-8dba-446a-9451-2b46042e75c9:192.168.5.173:35738], old=null
2019-08-22 17:49:48,390 [a29b0749-4fa9-464b-a5e0-ea013a767c21:group-92301C51CB26:LeaderElection87] INFO  impl.LeaderElection (LeaderElection.java:askForVotes(181)) - a29b0749-4fa9-464b-a5e0-ea013a767c21:group-92301C51CB26:LeaderElection87: begin an election at term 1 for -1: [f56af1c7-d196-4686-9983-5f1b73da6fe9:192.168.5.173:33869, a29b0749-4fa9-464b-a5e0-ea013a767c21:192.168.5.173:36275, 69232983-8dba-446a-9451-2b46042e75c9:192.168.5.173:35738], old=null
2019-08-22 17:49:48,391 [f56af1c7-d196-4686-9983-5f1b73da6fe9:group-92301C51CB26:LeaderElection88] INFO  impl.LeaderElection (LeaderElection.java:askForVotes(181)) - f56af1c7-d196-4686-9983-5f1b73da6fe9:group-92301C51CB26:LeaderElection88: begin an election at term 1 for -1: [f56af1c7-d196-4686-9983-5f1b73da6fe9:192.168.5.173:33869, a29b0749-4fa9-464b-a5e0-ea013a767c21:192.168.5.173:36275, 69232983-8dba-446a-9451-2b46042e75c9:192.168.5.173:35738], old=null
2019-08-22 17:49:48,395 [69232983-8dba-446a-9451-2b46042e75c9:group-92301C51CB26:LeaderElection86] INFO  impl.LeaderElection (LeaderElection.java:logAndReturn(56)) - 69232983-8dba-446a-9451-2b46042e75c9:group-92301C51CB26:LeaderElection86: Election REJECTED; received 2 response(s) [69232983-8dba-446a-9451-2b46042e75c9<-f56af1c7-d196-4686-9983-5f1b73da6fe9#0:FAIL-t1, 69232983-8dba-446a-9451-2b46042e75c9<-a29b0749-4fa9-464b-a5e0-ea013a767c21#0:FAIL-t1] and 0 exception(s); 69232983-8dba-446a-9451-2b46042e75c9:t1, leader=null, voted=69232983-8dba-446a-9451-2b46042e75c9, raftlog=69232983-8dba-446a-9451-2b46042e75c9-SegmentedRaftLog:OPENED:c-1,f-1,i0, conf=-1: [f56af1c7-d196-4686-9983-5f1b73da6fe9:192.168.5.173:33869, a29b0749-4fa9-464b-a5e0-ea013a767c21:192.168.5.173:36275, 69232983-8dba-446a-9451-2b46042e75c9:192.168.5.173:35738], old=null
2019-08-22 17:49:48,395 [69232983-8dba-446a-9451-2b46042e75c9:group-92301C51CB26:LeaderElection86] INFO  impl.RaftServerImpl (RaftServerImpl.java:setRole(171)) - 69232983-8dba-446a-9451-2b46042e75c9:group-92301C51CB26 changes role from CANDIDATE to FOLLOWER at term 1 for DISCOVERED_A_NEW_TERM
2019-08-22 17:49:48,395 [69232983-8dba-446a-9451-2b46042e75c9:group-92301C51CB26:LeaderElection86] INFO  impl.RoleInfo (RoleInfo.java:shutdownLeaderElection(134)) - 69232983-8dba-446a-9451-2b46042e75c9: shutdown LeaderElection
2019-08-22 17:49:48,395 [69232983-8dba-446a-9451-2b46042e75c9:group-92301C51CB26:LeaderElection86] INFO  impl.RoleInfo (RoleInfo.java:updateAndGet(143)) - 69232983-8dba-446a-9451-2b46042e75c9: start FollowerState
2019-08-22 17:49:48,396 [f56af1c7-d196-4686-9983-5f1b73da6fe9:group-92301C51CB26:LeaderElection88] INFO  impl.LeaderElection (LeaderElection.java:logAndReturn(56)) - f56af1c7-d196-4686-9983-5f1b73da6fe9:group-92301C51CB26:LeaderElection88: Election REJECTED; received 2 response(s) [f56af1c7-d196-4686-9983-5f1b73da6fe9<-a29b0749-4fa9-464b-a5e0-ea013a767c21#0:FAIL-t1, f56af1c7-d196-4686-9983-5f1b73da6fe9<-69232983-8dba-446a-9451-2b46042e75c9#0:FAIL-t1] and 0 exception(s); f56af1c7-d196-4686-9983-5f1b73da6fe9:t1, leader=null, voted=f56af1c7-d196-4686-9983-5f1b73da6fe9, raftlog=f56af1c7-d196-4686-9983-5f1b73da6fe9-SegmentedRaftLog:OPENED:c-1,f-1,i0, conf=-1: [f56af1c7-d196-4686-9983-5f1b73da6fe9:192.168.5.173:33869, a29b0749-4fa9-464b-a5e0-ea013a767c21:192.168.5.173:36275, 69232983-8dba-446a-9451-2b46042e75c9:192.168.5.173:35738], old=null
2019-08-22 17:49:48,396 [f56af1c7-d196-4686-9983-5f1b73da6fe9:group-92301C51CB26:LeaderElection88] INFO  impl.RaftServerImpl (RaftServerImpl.java:setRole(171)) - f56af1c7-d196-4686-9983-5f1b73da6fe9:group-92301C51CB26 changes role from CANDIDATE to FOLLOWER at term 1 for DISCOVERED_A_NEW_TERM
2019-08-22 17:49:48,396 [f56af1c7-d196-4686-9983-5f1b73da6fe9:group-92301C51CB26:LeaderElection88] INFO  impl.RoleInfo (RoleInfo.java:shutdownLeaderElection(134)) - f56af1c7-d196-4686-9983-5f1b73da6fe9: shutdown LeaderElection
2019-08-22 17:49:48,396 [a29b0749-4fa9-464b-a5e0-ea013a767c21:group-92301C51CB26:LeaderElection87] INFO  impl.LeaderElection (LeaderElection.java:logAndReturn(56)) - a29b0749-4fa9-464b-a5e0-ea013a767c21:group-92301C51CB26:LeaderElection87: Election REJECTED; received 2 response(s) [a29b0749-4fa9-464b-a5e0-ea013a767c21<-f56af1c7-d196-4686-9983-5f1b73da6fe9#0:FAIL-t1, a29b0749-4fa9-464b-a5e0-ea013a767c21<-69232983-8dba-446a-9451-2b46042e75c9#0:FAIL-t1] and 0 exception(s); a29b0749-4fa9-464b-a5e0-ea013a767c21:t1, leader=null, voted=a29b0749-4fa9-464b-a5e0-ea013a767c21, raftlog=a29b0749-4fa9-464b-a5e0-ea013a767c21-SegmentedRaftLog:OPENED:c-1,f-1,i0, conf=-1: [f56af1c7-d196-4686-9983-5f1b73da6fe9:192.168.5.173:33869, a29b0749-4fa9-464b-a5e0-ea013a767c21:192.168.5.173:36275, 69232983-8dba-446a-9451-2b46042e75c9:192.168.5.173:35738], old=null
2019-08-22 17:49:48,396 [f56af1c7-d196-4686-9983-5f1b73da6fe9:group-92301C51CB26:LeaderElection88] INFO  impl.RoleInfo (RoleInfo.java:updateAndGet(143)) - f56af1c7-d196-4686-9983-5f1b73da6fe9: start FollowerState
2019-08-22 17:49:48,397 [a29b0749-4fa9-464b-a5e0-ea013a767c21:group-92301C51CB26:LeaderElection87] INFO  impl.RaftServerImpl (RaftServerImpl.java:setRole(171)) - a29b0749-4fa9-464b-a5e0-ea013a767c21:group-92301C51CB26 changes role from CANDIDATE to FOLLOWER at term 1 for DISCOVERED_A_NEW_TERM
2019-08-22 17:49:48,397 [a29b0749-4fa9-464b-a5e0-ea013a767c21:group-92301C51CB26:LeaderElection87] INFO  impl.RoleInfo (RoleInfo.java:shutdownLeaderElection(134)) - a29b0749-4fa9-464b-a5e0-ea013a767c21: shutdown LeaderElection
2019-08-22 17:49:48,397 [a29b0749-4fa9-464b-a5e0-ea013a767c21:group-92301C51CB26:LeaderElection87] INFO  impl.RoleInfo (RoleInfo.java:updateAndGet(143)) - a29b0749-4fa9-464b-a5e0-ea013a767c21: start FollowerState
2019-08-22 17:49:48,526 [Thread-3874] INFO  impl.FollowerState (FollowerState.java:run(106)) - 99e65ce9-9658-4d2b-9ccf-b58166a10afd:group-267EA6739E59 changes to CANDIDATE, lastRpcTime:5197, electionTimeout:5197ms
2019-08-22 17:49:48,526 [Thread-3874] INFO  impl.RoleInfo (RoleInfo.java:shutdownFollowerState(121)) - 99e65ce9-9658-4d2b-9ccf-b58166a10afd: shutdown FollowerState
2019-08-22 17:49:48,527 [Thread-3874] INFO  impl.RaftServerImpl (RaftServerImpl.java:setRole(171)) - 99e65ce9-9658-4d2b-9ccf-b58166a10afd:group-267EA6739E59 changes role from FOLLOWER to CANDIDATE at term 0 for changeToCandidate
2019-08-22 17:49:48,527 [Thread-3874] INFO  impl.RoleInfo (RoleInfo.java:updateAndGet(143)) - 99e65ce9-9658-4d2b-9ccf-b58166a10afd: start LeaderElection
2019-08-22 17:49:48,562 [99e65ce9-9658-4d2b-9ccf-b58166a10afd:group-267EA6739E59:LeaderElection89] INFO  impl.LeaderElection (LeaderElection.java:askForVotes(181)) - 99e65ce9-9658-4d2b-9ccf-b58166a10afd:group-267EA6739E59:LeaderElection89: begin an election at term 1 for -1: [99e65ce9-9658-4d2b-9ccf-b58166a10afd:192.168.5.173:38554], old=null
2019-08-22 17:49:48,562 [99e65ce9-9658-4d2b-9ccf-b58166a10afd:group-267EA6739E59:LeaderElection89] INFO  impl.RoleInfo (RoleInfo.java:shutdownLeaderElection(134)) - 99e65ce9-9658-4d2b-9ccf-b58166a10afd: shutdown LeaderElection
2019-08-22 17:49:48,563 [99e65ce9-9658-4d2b-9ccf-b58166a10afd:group-267EA6739E59:LeaderElection89] INFO  impl.RaftServerImpl (RaftServerImpl.java:setRole(171)) - 99e65ce9-9658-4d2b-9ccf-b58166a10afd:group-267EA6739E59 changes role from CANDIDATE to LEADER at term 1 for changeToLeader
2019-08-22 17:49:48,563 [99e65ce9-9658-4d2b-9ccf-b58166a10afd:group-267EA6739E59:LeaderElection89] INFO  impl.RaftServerImpl (ServerState.java:setLeader(263)) - 99e65ce9-9658-4d2b-9ccf-b58166a10afd:group-267EA6739E59 change Leader from null to 99e65ce9-9658-4d2b-9ccf-b58166a10afd at term 1 for becomeLeader, leader elected after 5238ms
2019-08-22 17:49:48,563 [99e65ce9-9658-4d2b-9ccf-b58166a10afd:group-267EA6739E59:LeaderElection89] INFO  server.RaftServerConfigKeys (ConfUtils.java:logGet(43)) - raft.server.staging.catchup.gap = 1000 (default)
2019-08-22 17:49:48,563 [99e65ce9-9658-4d2b-9ccf-b58166a10afd:group-267EA6739E59:LeaderElection89] INFO  server.RaftServerConfigKeys (ConfUtils.java:logGet(43)) - raft.server.rpc.sleep.time = 25ms (default)
2019-08-22 17:49:48,563 [99e65ce9-9658-4d2b-9ccf-b58166a10afd:group-267EA6739E59:LeaderElection89] INFO  server.RaftServerConfigKeys (ConfUtils.java:logGet(43)) - raft.server.write.element-limit = 4096 (default)
2019-08-22 17:49:48,563 [99e65ce9-9658-4d2b-9ccf-b58166a10afd:group-267EA6739E59:LeaderElection89] INFO  server.RaftServerConfigKeys (ConfUtils.java:logGet(43)) - raft.server.watch.timeout = 10s (default)
2019-08-22 17:49:48,563 [99e65ce9-9658-4d2b-9ccf-b58166a10afd:group-267EA6739E59:LeaderElection89] INFO  server.RaftServerConfigKeys (ConfUtils.java:logGet(43)) - raft.server.watch.timeout.denomination = 1s (default)
2019-08-22 17:49:48,563 [99e65ce9-9658-4d2b-9ccf-b58166a10afd:group-267EA6739E59:LeaderElection89] INFO  server.RaftServerConfigKeys (ConfUtils.java:logGet(43)) - raft.server.watch.element-limit = 65536 (default)
2019-08-22 17:49:48,564 [99e65ce9-9658-4d2b-9ccf-b58166a10afd:group-267EA6739E59:LeaderElection89] INFO  impl.RoleInfo (RoleInfo.java:updateAndGet(143)) - 99e65ce9-9658-4d2b-9ccf-b58166a10afd: start LeaderState
2019-08-22 17:49:48,564 [99e65ce9-9658-4d2b-9ccf-b58166a10afd:group-267EA6739E59:LeaderElection89] INFO  segmented.SegmentedRaftLogWorker (SegmentedRaftLogWorker.java:startLogSegment(380)) - 99e65ce9-9658-4d2b-9ccf-b58166a10afd-SegmentedRaftLogWorker:Storage Directory /workdir/hadoop-ozone/integration-test/target/test-dir/MiniOzoneClusterImpl-759fa8c2-74ee-4da7-994d-2e8cc84df3a0/datanode-3/data/ratis/e4e0755a-64b5-492d-b8a0-267ea6739e59: Starting segment from index:0
2019-08-22 17:49:48,564 [99e65ce9-9658-4d2b-9ccf-b58166a10afd:group-267EA6739E59:LeaderElection89] INFO  impl.RaftServerImpl (ServerState.java:setRaftConf(361)) - 99e65ce9-9658-4d2b-9ccf-b58166a10afd:group-267EA6739E59 set configuration 0: [99e65ce9-9658-4d2b-9ccf-b58166a10afd:192.168.5.173:38554], old=null at 0
2019-08-22 17:49:48,616 [99e65ce9-9658-4d2b-9ccf-b58166a10afd-SegmentedRaftLogWorker:Storage Directory /workdir/hadoop-ozone/integration-test/target/test-dir/MiniOzoneClusterImpl-759fa8c2-74ee-4da7-994d-2e8cc84df3a0/datanode-3/data/ratis/e4e0755a-64b5-492d-b8a0-267ea6739e59] INFO  segmented.SegmentedRaftLogWorker (SegmentedRaftLogWorker.java:execute(569)) - 99e65ce9-9658-4d2b-9ccf-b58166a10afd-SegmentedRaftLogWorker:Storage Directory /workdir/hadoop-ozone/integration-test/target/test-dir/MiniOzoneClusterImpl-759fa8c2-74ee-4da7-994d-2e8cc84df3a0/datanode-3/data/ratis/e4e0755a-64b5-492d-b8a0-267ea6739e59: created new log segment /workdir/hadoop-ozone/integration-test/target/test-dir/MiniOzoneClusterImpl-759fa8c2-74ee-4da7-994d-2e8cc84df3a0/datanode-3/data/ratis/e4e0755a-64b5-492d-b8a0-267ea6739e59/current/log_inprogress_0
2019-08-22 17:49:48,732 | INFO  | SCMAudit | user=jenkins1000 | ip=192.168.5.173 | op=SEND_HEARTBEAT {datanodeUUID=c2d5ad94-5356-4232-a32f-95f0e36a9a79, command=[]} | ret=SUCCESS |  
2019-08-22 17:49:48,833 | INFO  | SCMAudit | user=jenkins1000 | ip=192.168.5.173 | op=SEND_HEARTBEAT {datanodeUUID=f56af1c7-d196-4686-9983-5f1b73da6fe9, command=[]} | ret=SUCCESS |  
2019-08-22 17:49:48,871 [Thread-3877] INFO  impl.FollowerState (FollowerState.java:run(106)) - c2d5ad94-5356-4232-a32f-95f0e36a9a79:group-68D36E8A3029 changes to CANDIDATE, lastRpcTime:5070, electionTimeout:5070ms
2019-08-22 17:49:48,871 [Thread-3877] INFO  impl.RoleInfo (RoleInfo.java:shutdownFollowerState(121)) - c2d5ad94-5356-4232-a32f-95f0e36a9a79: shutdown FollowerState
2019-08-22 17:49:48,871 [Thread-3877] INFO  impl.RaftServerImpl (RaftServerImpl.java:setRole(171)) - c2d5ad94-5356-4232-a32f-95f0e36a9a79:group-68D36E8A3029 changes role from FOLLOWER to CANDIDATE at term 0 for changeToCandidate
2019-08-22 17:49:48,871 [Thread-3877] INFO  impl.RoleInfo (RoleInfo.java:updateAndGet(143)) - c2d5ad94-5356-4232-a32f-95f0e36a9a79: start LeaderElection
2019-08-22 17:49:48,908 [c2d5ad94-5356-4232-a32f-95f0e36a9a79:group-68D36E8A3029:LeaderElection90] INFO  impl.LeaderElection (LeaderElection.java:askForVotes(181)) - c2d5ad94-5356-4232-a32f-95f0e36a9a79:group-68D36E8A3029:LeaderElection90: begin an election at term 1 for -1: [c2d5ad94-5356-4232-a32f-95f0e36a9a79:192.168.5.173:42413], old=null
2019-08-22 17:49:48,908 [c2d5ad94-5356-4232-a32f-95f0e36a9a79:group-68D36E8A3029:LeaderElection90] INFO  impl.RoleInfo (RoleInfo.java:shutdownLeaderElection(134)) - c2d5ad94-5356-4232-a32f-95f0e36a9a79: shutdown LeaderElection
2019-08-22 17:49:48,908 [c2d5ad94-5356-4232-a32f-95f0e36a9a79:group-68D36E8A3029:LeaderElection90] INFO  impl.RaftServerImpl (RaftServerImpl.java:setRole(171)) - c2d5ad94-5356-4232-a32f-95f0e36a9a79:group-68D36E8A3029 changes role from CANDIDATE to LEADER at term 1 for changeToLeader
2019-08-22 17:49:48,909 [c2d5ad94-5356-4232-a32f-95f0e36a9a79:group-68D36E8A3029:LeaderElection90] INFO  impl.RaftServerImpl (ServerState.java:setLeader(263)) - c2d5ad94-5356-4232-a32f-95f0e36a9a79:group-68D36E8A3029 change Leader from null to c2d5ad94-5356-4232-a32f-95f0e36a9a79 at term 1 for becomeLeader, leader elected after 5113ms
2019-08-22 17:49:48,909 [c2d5ad94-5356-4232-a32f-95f0e36a9a79:group-68D36E8A3029:LeaderElection90] INFO  server.RaftServerConfigKeys (ConfUtils.java:logGet(43)) - raft.server.staging.catchup.gap = 1000 (default)
2019-08-22 17:49:48,909 [c2d5ad94-5356-4232-a32f-95f0e36a9a79:group-68D36E8A3029:LeaderElection90] INFO  server.RaftServerConfigKeys (ConfUtils.java:logGet(43)) - raft.server.rpc.sleep.time = 25ms (default)
2019-08-22 17:49:48,909 [c2d5ad94-5356-4232-a32f-95f0e36a9a79:group-68D36E8A3029:LeaderElection90] INFO  server.RaftServerConfigKeys (ConfUtils.java:logGet(43)) - raft.server.write.element-limit = 4096 (default)
2019-08-22 17:49:48,909 [c2d5ad94-5356-4232-a32f-95f0e36a9a79:group-68D36E8A3029:LeaderElection90] INFO  server.RaftServerConfigKeys (ConfUtils.java:logGet(43)) - raft.server.watch.timeout = 10s (default)
2019-08-22 17:49:48,909 [c2d5ad94-5356-4232-a32f-95f0e36a9a79:group-68D36E8A3029:LeaderElection90] INFO  server.RaftServerConfigKeys (ConfUtils.java:logGet(43)) - raft.server.watch.timeout.denomination = 1s (default)
2019-08-22 17:49:48,910 [c2d5ad94-5356-4232-a32f-95f0e36a9a79:group-68D36E8A3029:LeaderElection90] INFO  server.RaftServerConfigKeys (ConfUtils.java:logGet(43)) - raft.server.watch.element-limit = 65536 (default)
2019-08-22 17:49:48,910 [c2d5ad94-5356-4232-a32f-95f0e36a9a79:group-68D36E8A3029:LeaderElection90] INFO  impl.RoleInfo (RoleInfo.java:updateAndGet(143)) - c2d5ad94-5356-4232-a32f-95f0e36a9a79: start LeaderState
2019-08-22 17:49:48,910 [c2d5ad94-5356-4232-a32f-95f0e36a9a79:group-68D36E8A3029:LeaderElection90] INFO  segmented.SegmentedRaftLogWorker (SegmentedRaftLogWorker.java:startLogSegment(380)) - c2d5ad94-5356-4232-a32f-95f0e36a9a79-SegmentedRaftLogWorker:Storage Directory /workdir/hadoop-ozone/integration-test/target/test-dir/MiniOzoneClusterImpl-759fa8c2-74ee-4da7-994d-2e8cc84df3a0/datanode-4/data/ratis/3542b93a-2381-4a7f-9551-68d36e8a3029: Starting segment from index:0
2019-08-22 17:49:48,911 [c2d5ad94-5356-4232-a32f-95f0e36a9a79:group-68D36E8A3029:LeaderElection90] INFO  impl.RaftServerImpl (ServerState.java:setRaftConf(361)) - c2d5ad94-5356-4232-a32f-95f0e36a9a79:group-68D36E8A3029 set configuration 0: [c2d5ad94-5356-4232-a32f-95f0e36a9a79:192.168.5.173:42413], old=null at 0
2019-08-22 17:49:48,921 | INFO  | SCMAudit | user=jenkins1000 | ip=192.168.5.173 | op=SEND_HEARTBEAT {datanodeUUID=4d50bca6-1793-48ce-b534-bf550895ea18, command=[]} | ret=SUCCESS |  
2019-08-22 17:49:48,958 [c2d5ad94-5356-4232-a32f-95f0e36a9a79-SegmentedRaftLogWorker:Storage Directory /workdir/hadoop-ozone/integration-test/target/test-dir/MiniOzoneClusterImpl-759fa8c2-74ee-4da7-994d-2e8cc84df3a0/datanode-4/data/ratis/3542b93a-2381-4a7f-9551-68d36e8a3029] INFO  segmented.SegmentedRaftLogWorker (SegmentedRaftLogWorker.java:execute(569)) - c2d5ad94-5356-4232-a32f-95f0e36a9a79-SegmentedRaftLogWorker:Storage Directory /workdir/hadoop-ozone/integration-test/target/test-dir/MiniOzoneClusterImpl-759fa8c2-74ee-4da7-994d-2e8cc84df3a0/datanode-4/data/ratis/3542b93a-2381-4a7f-9551-68d36e8a3029: created new log segment /workdir/hadoop-ozone/integration-test/target/test-dir/MiniOzoneClusterImpl-759fa8c2-74ee-4da7-994d-2e8cc84df3a0/datanode-4/data/ratis/3542b93a-2381-4a7f-9551-68d36e8a3029/current/log_inprogress_0
2019-08-22 17:49:48,990 | INFO  | SCMAudit | user=jenkins1000 | ip=192.168.5.173 | op=SEND_HEARTBEAT {datanodeUUID=69232983-8dba-446a-9451-2b46042e75c9, command=[]} | ret=SUCCESS |  
2019-08-22 17:49:49,085 | INFO  | SCMAudit | user=jenkins1000 | ip=192.168.5.173 | op=SEND_HEARTBEAT {datanodeUUID=292d8095-7184-41a3-9854-985e76fd1716, command=[]} | ret=SUCCESS |  
2019-08-22 17:49:49,102 [Thread-3880] INFO  impl.FollowerState (FollowerState.java:run(106)) - 4d50bca6-1793-48ce-b534-bf550895ea18:group-9C0D7571D97C changes to CANDIDATE, lastRpcTime:5126, electionTimeout:5126ms
2019-08-22 17:49:49,102 [Thread-3880] INFO  impl.RoleInfo (RoleInfo.java:shutdownFollowerState(121)) - 4d50bca6-1793-48ce-b534-bf550895ea18: shutdown FollowerState
2019-08-22 17:49:49,102 [Thread-3880] INFO  impl.RaftServerImpl (RaftServerImpl.java:setRole(171)) - 4d50bca6-1793-48ce-b534-bf550895ea18:group-9C0D7571D97C changes role from FOLLOWER to CANDIDATE at term 0 for changeToCandidate
2019-08-22 17:49:49,102 [Thread-3880] INFO  impl.RoleInfo (RoleInfo.java:updateAndGet(143)) - 4d50bca6-1793-48ce-b534-bf550895ea18: start LeaderElection
2019-08-22 17:49:49,124 [4d50bca6-1793-48ce-b534-bf550895ea18:group-9C0D7571D97C:LeaderElection91] INFO  impl.LeaderElection (LeaderElection.java:askForVotes(181)) - 4d50bca6-1793-48ce-b534-bf550895ea18:group-9C0D7571D97C:LeaderElection91: begin an election at term 1 for -1: [4d50bca6-1793-48ce-b534-bf550895ea18:192.168.5.173:42669], old=null
2019-08-22 17:49:49,124 [4d50bca6-1793-48ce-b534-bf550895ea18:group-9C0D7571D97C:LeaderElection91] INFO  impl.RoleInfo (RoleInfo.java:shutdownLeaderElection(134)) - 4d50bca6-1793-48ce-b534-bf550895ea18: shutdown LeaderElection
2019-08-22 17:49:49,124 [4d50bca6-1793-48ce-b534-bf550895ea18:group-9C0D7571D97C:LeaderElection91] INFO  impl.RaftServerImpl (RaftServerImpl.java:setRole(171)) - 4d50bca6-1793-48ce-b534-bf550895ea18:group-9C0D7571D97C changes role from CANDIDATE to LEADER at term 1 for changeToLeader
2019-08-22 17:49:49,124 [4d50bca6-1793-48ce-b534-bf550895ea18:group-9C0D7571D97C:LeaderElection91] INFO  impl.RaftServerImpl (ServerState.java:setLeader(263)) - 4d50bca6-1793-48ce-b534-bf550895ea18:group-9C0D7571D97C change Leader from null to 4d50bca6-1793-48ce-b534-bf550895ea18 at term 1 for becomeLeader, leader elected after 5153ms
2019-08-22 17:49:49,125 [4d50bca6-1793-48ce-b534-bf550895ea18:group-9C0D7571D97C:LeaderElection91] INFO  server.RaftServerConfigKeys (ConfUtils.java:logGet(43)) - raft.server.staging.catchup.gap = 1000 (default)
2019-08-22 17:49:49,125 [4d50bca6-1793-48ce-b534-bf550895ea18:group-9C0D7571D97C:LeaderElection91] INFO  server.RaftServerConfigKeys (ConfUtils.java:logGet(43)) - raft.server.rpc.sleep.time = 25ms (default)
2019-08-22 17:49:49,125 [4d50bca6-1793-48ce-b534-bf550895ea18:group-9C0D7571D97C:LeaderElection91] INFO  server.RaftServerConfigKeys (ConfUtils.java:logGet(43)) - raft.server.write.element-limit = 4096 (default)
2019-08-22 17:49:49,125 [Thread-3888] INFO  impl.FollowerState (FollowerState.java:run(106)) - 99e65ce9-9658-4d2b-9ccf-b58166a10afd:group-E954F635198A changes to CANDIDATE, lastRpcTime:5060, electionTimeout:5060ms
2019-08-22 17:49:49,125 [4d50bca6-1793-48ce-b534-bf550895ea18:group-9C0D7571D97C:LeaderElection91] INFO  server.RaftServerConfigKeys (ConfUtils.java:logGet(43)) - raft.server.watch.timeout = 10s (default)
2019-08-22 17:49:49,125 [Thread-3888] INFO  impl.RoleInfo (RoleInfo.java:shutdownFollowerState(121)) - 99e65ce9-9658-4d2b-9ccf-b58166a10afd: shutdown FollowerState
2019-08-22 17:49:49,126 [4d50bca6-1793-48ce-b534-bf550895ea18:group-9C0D7571D97C:LeaderElection91] INFO  server.RaftServerConfigKeys (ConfUtils.java:logGet(43)) - raft.server.watch.timeout.denomination = 1s (default)
2019-08-22 17:49:49,126 [Thread-3888] INFO  impl.RaftServerImpl (RaftServerImpl.java:setRole(171)) - 99e65ce9-9658-4d2b-9ccf-b58166a10afd:group-E954F635198A changes role from FOLLOWER to CANDIDATE at term 0 for changeToCandidate
2019-08-22 17:49:49,126 [4d50bca6-1793-48ce-b534-bf550895ea18:group-9C0D7571D97C:LeaderElection91] INFO  server.RaftServerConfigKeys (ConfUtils.java:logGet(43)) - raft.server.watch.element-limit = 65536 (default)
2019-08-22 17:49:49,126 [Thread-3888] INFO  impl.RoleInfo (RoleInfo.java:updateAndGet(143)) - 99e65ce9-9658-4d2b-9ccf-b58166a10afd: start LeaderElection
2019-08-22 17:49:49,126 [4d50bca6-1793-48ce-b534-bf550895ea18:group-9C0D7571D97C:LeaderElection91] INFO  impl.RoleInfo (RoleInfo.java:updateAndGet(143)) - 4d50bca6-1793-48ce-b534-bf550895ea18: start LeaderState
2019-08-22 17:49:49,126 [4d50bca6-1793-48ce-b534-bf550895ea18:group-9C0D7571D97C:LeaderElection91] INFO  segmented.SegmentedRaftLogWorker (SegmentedRaftLogWorker.java:startLogSegment(380)) - 4d50bca6-1793-48ce-b534-bf550895ea18-SegmentedRaftLogWorker:Storage Directory /workdir/hadoop-ozone/integration-test/target/test-dir/MiniOzoneClusterImpl-759fa8c2-74ee-4da7-994d-2e8cc84df3a0/datanode-5/data/ratis/670bf590-3a29-4ecc-833c-9c0d7571d97c: Starting segment from index:0
2019-08-22 17:49:49,134 [4d50bca6-1793-48ce-b534-bf550895ea18:group-9C0D7571D97C:LeaderElection91] INFO  impl.RaftServerImpl (ServerState.java:setRaftConf(361)) - 4d50bca6-1793-48ce-b534-bf550895ea18:group-9C0D7571D97C set configuration 0: [4d50bca6-1793-48ce-b534-bf550895ea18:192.168.5.173:42669], old=null at 0
2019-08-22 17:49:49,135 | INFO  | SCMAudit | user=jenkins1000 | ip=192.168.5.173 | op=SEND_HEARTBEAT {datanodeUUID=a29b0749-4fa9-464b-a5e0-ea013a767c21, command=[]} | ret=SUCCESS |  
2019-08-22 17:49:49,146 [99e65ce9-9658-4d2b-9ccf-b58166a10afd:group-E954F635198A:LeaderElection92] INFO  impl.LeaderElection (LeaderElection.java:askForVotes(181)) - 99e65ce9-9658-4d2b-9ccf-b58166a10afd:group-E954F635198A:LeaderElection92: begin an election at term 1 for -1: [99e65ce9-9658-4d2b-9ccf-b58166a10afd:192.168.5.173:38554, c2d5ad94-5356-4232-a32f-95f0e36a9a79:192.168.5.173:42413, 4d50bca6-1793-48ce-b534-bf550895ea18:192.168.5.173:42669], old=null
2019-08-22 17:49:49,172 [Thread-3887] INFO  impl.FollowerState (FollowerState.java:run(106)) - c2d5ad94-5356-4232-a32f-95f0e36a9a79:group-E954F635198A changes to CANDIDATE, lastRpcTime:5108, electionTimeout:5094ms
2019-08-22 17:49:49,173 [Thread-3887] INFO  impl.RoleInfo (RoleInfo.java:shutdownFollowerState(121)) - c2d5ad94-5356-4232-a32f-95f0e36a9a79: shutdown FollowerState
2019-08-22 17:49:49,173 [Thread-3887] INFO  impl.RaftServerImpl (RaftServerImpl.java:setRole(171)) - c2d5ad94-5356-4232-a32f-95f0e36a9a79:group-E954F635198A changes role from FOLLOWER to CANDIDATE at term 0 for changeToCandidate
2019-08-22 17:49:49,173 [Thread-3887] INFO  impl.RoleInfo (RoleInfo.java:updateAndGet(143)) - c2d5ad94-5356-4232-a32f-95f0e36a9a79: start LeaderElection
2019-08-22 17:49:49,186 [grpc-default-executor-1] INFO  impl.RaftServerImpl (RaftServerImpl.java:setRole(171)) - 4d50bca6-1793-48ce-b534-bf550895ea18:group-E954F635198A changes role from FOLLOWER to FOLLOWER at term 1 for recognizeCandidate:99e65ce9-9658-4d2b-9ccf-b58166a10afd
2019-08-22 17:49:49,186 [4d50bca6-1793-48ce-b534-bf550895ea18-SegmentedRaftLogWorker:Storage Directory /workdir/hadoop-ozone/integration-test/target/test-dir/MiniOzoneClusterImpl-759fa8c2-74ee-4da7-994d-2e8cc84df3a0/datanode-5/data/ratis/670bf590-3a29-4ecc-833c-9c0d7571d97c] INFO  segmented.SegmentedRaftLogWorker (SegmentedRaftLogWorker.java:execute(569)) - 4d50bca6-1793-48ce-b534-bf550895ea18-SegmentedRaftLogWorker:Storage Directory /workdir/hadoop-ozone/integration-test/target/test-dir/MiniOzoneClusterImpl-759fa8c2-74ee-4da7-994d-2e8cc84df3a0/datanode-5/data/ratis/670bf590-3a29-4ecc-833c-9c0d7571d97c: created new log segment /workdir/hadoop-ozone/integration-test/target/test-dir/MiniOzoneClusterImpl-759fa8c2-74ee-4da7-994d-2e8cc84df3a0/datanode-5/data/ratis/670bf590-3a29-4ecc-833c-9c0d7571d97c/current/log_inprogress_0
2019-08-22 17:49:49,186 [c2d5ad94-5356-4232-a32f-95f0e36a9a79:group-E954F635198A:LeaderElection93] INFO  impl.LeaderElection (LeaderElection.java:askForVotes(181)) - c2d5ad94-5356-4232-a32f-95f0e36a9a79:group-E954F635198A:LeaderElection93: begin an election at term 1 for -1: [99e65ce9-9658-4d2b-9ccf-b58166a10afd:192.168.5.173:38554, c2d5ad94-5356-4232-a32f-95f0e36a9a79:192.168.5.173:42413, 4d50bca6-1793-48ce-b534-bf550895ea18:192.168.5.173:42669], old=null
2019-08-22 17:49:49,186 [grpc-default-executor-1] INFO  impl.RoleInfo (RoleInfo.java:shutdownFollowerState(121)) - 4d50bca6-1793-48ce-b534-bf550895ea18: shutdown FollowerState
2019-08-22 17:49:49,187 [grpc-default-executor-1] INFO  impl.RoleInfo (RoleInfo.java:updateAndGet(143)) - 4d50bca6-1793-48ce-b534-bf550895ea18: start FollowerState
2019-08-22 17:49:49,187 [Thread-3883] INFO  impl.FollowerState (FollowerState.java:run(114)) - 4d50bca6-1793-48ce-b534-bf550895ea18: FollowerState was interrupted: java.lang.InterruptedException: sleep interrupted
2019-08-22 17:49:49,200 [99e65ce9-9658-4d2b-9ccf-b58166a10afd:group-E954F635198A:LeaderElection92] INFO  impl.LeaderElection (LeaderElection.java:logAndReturn(56)) - 99e65ce9-9658-4d2b-9ccf-b58166a10afd:group-E954F635198A:LeaderElection92: Election PASSED; received 2 response(s) [99e65ce9-9658-4d2b-9ccf-b58166a10afd<-c2d5ad94-5356-4232-a32f-95f0e36a9a79#0:FAIL-t1, 99e65ce9-9658-4d2b-9ccf-b58166a10afd<-4d50bca6-1793-48ce-b534-bf550895ea18#0:OK-t1] and 0 exception(s); 99e65ce9-9658-4d2b-9ccf-b58166a10afd:t1, leader=null, voted=99e65ce9-9658-4d2b-9ccf-b58166a10afd, raftlog=99e65ce9-9658-4d2b-9ccf-b58166a10afd-SegmentedRaftLog:OPENED:c-1,f-1,i0, conf=-1: [99e65ce9-9658-4d2b-9ccf-b58166a10afd:192.168.5.173:38554, c2d5ad94-5356-4232-a32f-95f0e36a9a79:192.168.5.173:42413, 4d50bca6-1793-48ce-b534-bf550895ea18:192.168.5.173:42669], old=null
2019-08-22 17:49:49,200 [99e65ce9-9658-4d2b-9ccf-b58166a10afd:group-E954F635198A:LeaderElection92] INFO  impl.RoleInfo (RoleInfo.java:shutdownLeaderElection(134)) - 99e65ce9-9658-4d2b-9ccf-b58166a10afd: shutdown LeaderElection
2019-08-22 17:49:49,200 [c2d5ad94-5356-4232-a32f-95f0e36a9a79:group-E954F635198A:LeaderElection93] INFO  impl.LeaderElection (LeaderElection.java:logAndReturn(56)) - c2d5ad94-5356-4232-a32f-95f0e36a9a79:group-E954F635198A:LeaderElection93: Election REJECTED; received 2 response(s) [c2d5ad94-5356-4232-a32f-95f0e36a9a79<-99e65ce9-9658-4d2b-9ccf-b58166a10afd#0:FAIL-t1, c2d5ad94-5356-4232-a32f-95f0e36a9a79<-4d50bca6-1793-48ce-b534-bf550895ea18#0:FAIL-t1] and 0 exception(s); c2d5ad94-5356-4232-a32f-95f0e36a9a79:t1, leader=null, voted=c2d5ad94-5356-4232-a32f-95f0e36a9a79, raftlog=c2d5ad94-5356-4232-a32f-95f0e36a9a79-SegmentedRaftLog:OPENED:c-1,f-1,i0, conf=-1: [99e65ce9-9658-4d2b-9ccf-b58166a10afd:192.168.5.173:38554, c2d5ad94-5356-4232-a32f-95f0e36a9a79:192.168.5.173:42413, 4d50bca6-1793-48ce-b534-bf550895ea18:192.168.5.173:42669], old=null
2019-08-22 17:49:49,200 [99e65ce9-9658-4d2b-9ccf-b58166a10afd:group-E954F635198A:LeaderElection92] INFO  impl.RaftServerImpl (RaftServerImpl.java:setRole(171)) - 99e65ce9-9658-4d2b-9ccf-b58166a10afd:group-E954F635198A changes role from CANDIDATE to LEADER at term 1 for changeToLeader
2019-08-22 17:49:49,200 [c2d5ad94-5356-4232-a32f-95f0e36a9a79:group-E954F635198A:LeaderElection93] INFO  impl.RaftServerImpl (RaftServerImpl.java:setRole(171)) - c2d5ad94-5356-4232-a32f-95f0e36a9a79:group-E954F635198A changes role from CANDIDATE to FOLLOWER at term 1 for DISCOVERED_A_NEW_TERM
2019-08-22 17:49:49,200 [99e65ce9-9658-4d2b-9ccf-b58166a10afd:group-E954F635198A:LeaderElection92] INFO  impl.RaftServerImpl (ServerState.java:setLeader(263)) - 99e65ce9-9658-4d2b-9ccf-b58166a10afd:group-E954F635198A change Leader from null to 99e65ce9-9658-4d2b-9ccf-b58166a10afd at term 1 for becomeLeader, leader elected after 5145ms
2019-08-22 17:49:49,201 [c2d5ad94-5356-4232-a32f-95f0e36a9a79:group-E954F635198A:LeaderElection93] INFO  impl.RoleInfo (RoleInfo.java:shutdownLeaderElection(134)) - c2d5ad94-5356-4232-a32f-95f0e36a9a79: shutdown LeaderElection
2019-08-22 17:49:49,201 [99e65ce9-9658-4d2b-9ccf-b58166a10afd:group-E954F635198A:LeaderElection92] INFO  server.RaftServerConfigKeys (ConfUtils.java:logGet(43)) - raft.server.staging.catchup.gap = 1000 (default)
2019-08-22 17:49:49,201 [c2d5ad94-5356-4232-a32f-95f0e36a9a79:group-E954F635198A:LeaderElection93] INFO  impl.RoleInfo (RoleInfo.java:updateAndGet(143)) - c2d5ad94-5356-4232-a32f-95f0e36a9a79: start FollowerState
2019-08-22 17:49:49,201 [99e65ce9-9658-4d2b-9ccf-b58166a10afd:group-E954F635198A:LeaderElection92] INFO  server.RaftServerConfigKeys (ConfUtils.java:logGet(43)) - raft.server.rpc.sleep.time = 25ms (default)
2019-08-22 17:49:49,201 [99e65ce9-9658-4d2b-9ccf-b58166a10afd:group-E954F635198A:LeaderElection92] INFO  server.RaftServerConfigKeys (ConfUtils.java:logGet(43)) - raft.server.write.element-limit = 4096 (default)
2019-08-22 17:49:49,202 [99e65ce9-9658-4d2b-9ccf-b58166a10afd:group-E954F635198A:LeaderElection92] INFO  server.RaftServerConfigKeys (ConfUtils.java:logGet(43)) - raft.server.watch.timeout = 10s (default)
2019-08-22 17:49:49,202 [99e65ce9-9658-4d2b-9ccf-b58166a10afd:group-E954F635198A:LeaderElection92] INFO  server.RaftServerConfigKeys (ConfUtils.java:logGet(43)) - raft.server.watch.timeout.denomination = 1s (default)
2019-08-22 17:49:49,202 [99e65ce9-9658-4d2b-9ccf-b58166a10afd:group-E954F635198A:LeaderElection92] INFO  server.RaftServerConfigKeys (ConfUtils.java:logGet(43)) - raft.server.watch.element-limit = 65536 (default)
2019-08-22 17:49:49,202 [99e65ce9-9658-4d2b-9ccf-b58166a10afd:group-E954F635198A:LeaderElection92] INFO  server.RaftServerConfigKeys (ConfUtils.java:logGet(43)) - raft.server.log.appender.snapshot.chunk.size.max = 16MB (=16777216) (default)
2019-08-22 17:49:49,202 [99e65ce9-9658-4d2b-9ccf-b58166a10afd:group-E954F635198A:LeaderElection92] INFO  server.RaftServerConfigKeys (ConfUtils.java:logGet(43)) - raft.server.log.appender.buffer.byte-limit = 33554432 (custom)
2019-08-22 17:49:49,203 [99e65ce9-9658-4d2b-9ccf-b58166a10afd:group-E954F635198A:LeaderElection92] INFO  server.RaftServerConfigKeys (ConfUtils.java:logGet(43)) - raft.server.log.appender.buffer.element-limit = 1 (custom)
2019-08-22 17:49:49,203 [99e65ce9-9658-4d2b-9ccf-b58166a10afd:group-E954F635198A:LeaderElection92] INFO  grpc.GrpcConfigKeys$Server (ConfUtils.java:logGet(43)) - raft.grpc.server.leader.outstanding.appends.max = 128 (default)
2019-08-22 17:49:49,203 [99e65ce9-9658-4d2b-9ccf-b58166a10afd:group-E954F635198A:LeaderElection92] INFO  server.RaftServerConfigKeys (ConfUtils.java:logGet(43)) - raft.server.rpc.request.timeout = 3000ms (default)
2019-08-22 17:49:49,203 [99e65ce9-9658-4d2b-9ccf-b58166a10afd:group-E954F635198A:LeaderElection92] INFO  server.RaftServerConfigKeys (ConfUtils.java:logGet(43)) - raft.server.log.appender.install.snapshot.enabled = false (custom)
2019-08-22 17:49:49,204 [99e65ce9-9658-4d2b-9ccf-b58166a10afd:group-E954F635198A:LeaderElection92] INFO  server.RaftServerConfigKeys (ConfUtils.java:logGet(43)) - raft.server.log.appender.snapshot.chunk.size.max = 16MB (=16777216) (default)
2019-08-22 17:49:49,204 [99e65ce9-9658-4d2b-9ccf-b58166a10afd:group-E954F635198A:LeaderElection92] INFO  server.RaftServerConfigKeys (ConfUtils.java:logGet(43)) - raft.server.log.appender.buffer.byte-limit = 33554432 (custom)
2019-08-22 17:49:49,204 [99e65ce9-9658-4d2b-9ccf-b58166a10afd:group-E954F635198A:LeaderElection92] INFO  server.RaftServerConfigKeys (ConfUtils.java:logGet(43)) - raft.server.log.appender.buffer.element-limit = 1 (custom)
2019-08-22 17:49:49,204 [99e65ce9-9658-4d2b-9ccf-b58166a10afd:group-E954F635198A:LeaderElection92] INFO  grpc.GrpcConfigKeys$Server (ConfUtils.java:logGet(43)) - raft.grpc.server.leader.outstanding.appends.max = 128 (default)
2019-08-22 17:49:49,204 [99e65ce9-9658-4d2b-9ccf-b58166a10afd:group-E954F635198A:LeaderElection92] INFO  server.RaftServerConfigKeys (ConfUtils.java:logGet(43)) - raft.server.rpc.request.timeout = 3000ms (default)
2019-08-22 17:49:49,205 [99e65ce9-9658-4d2b-9ccf-b58166a10afd:group-E954F635198A:LeaderElection92] INFO  server.RaftServerConfigKeys (ConfUtils.java:logGet(43)) - raft.server.log.appender.install.snapshot.enabled = false (custom)
2019-08-22 17:49:49,205 [99e65ce9-9658-4d2b-9ccf-b58166a10afd:group-E954F635198A:LeaderElection92] INFO  impl.RoleInfo (RoleInfo.java:updateAndGet(143)) - 99e65ce9-9658-4d2b-9ccf-b58166a10afd: start LeaderState
2019-08-22 17:49:49,205 [99e65ce9-9658-4d2b-9ccf-b58166a10afd:group-E954F635198A:LeaderElection92] INFO  segmented.SegmentedRaftLogWorker (SegmentedRaftLogWorker.java:startLogSegment(380)) - 99e65ce9-9658-4d2b-9ccf-b58166a10afd-SegmentedRaftLogWorker:Storage Directory /workdir/hadoop-ozone/integration-test/target/test-dir/MiniOzoneClusterImpl-759fa8c2-74ee-4da7-994d-2e8cc84df3a0/datanode-3/data/ratis/32b6daad-a68c-422f-97e0-e954f635198a: Starting segment from index:0
2019-08-22 17:49:49,206 [99e65ce9-9658-4d2b-9ccf-b58166a10afd:group-E954F635198A:LeaderElection92] INFO  impl.RaftServerImpl (ServerState.java:setRaftConf(361)) - 99e65ce9-9658-4d2b-9ccf-b58166a10afd:group-E954F635198A set configuration 0: [99e65ce9-9658-4d2b-9ccf-b58166a10afd:192.168.5.173:38554, c2d5ad94-5356-4232-a32f-95f0e36a9a79:192.168.5.173:42413, 4d50bca6-1793-48ce-b534-bf550895ea18:192.168.5.173:42669], old=null at 0
2019-08-22 17:49:49,207 [grpc-default-executor-2] INFO  impl.RaftServerImpl (ServerState.java:setLeader(263)) - c2d5ad94-5356-4232-a32f-95f0e36a9a79:group-E954F635198A change Leader from null to 99e65ce9-9658-4d2b-9ccf-b58166a10afd at term 1 for appendEntries, leader elected after 5152ms
2019-08-22 17:49:49,207 [grpc-default-executor-1] INFO  impl.RaftServerImpl (ServerState.java:setLeader(263)) - 4d50bca6-1793-48ce-b534-bf550895ea18:group-E954F635198A change Leader from null to 99e65ce9-9658-4d2b-9ccf-b58166a10afd at term 1 for appendEntries, leader elected after 5152ms
2019-08-22 17:49:49,210 [grpc-default-executor-1] INFO  impl.RaftServerImpl (ServerState.java:setRaftConf(361)) - c2d5ad94-5356-4232-a32f-95f0e36a9a79:group-E954F635198A set configuration 0: [99e65ce9-9658-4d2b-9ccf-b58166a10afd:192.168.5.173:38554, c2d5ad94-5356-4232-a32f-95f0e36a9a79:192.168.5.173:42413, 4d50bca6-1793-48ce-b534-bf550895ea18:192.168.5.173:42669], old=null at 0
2019-08-22 17:49:49,210 [grpc-default-executor-1] INFO  segmented.SegmentedRaftLogWorker (SegmentedRaftLogWorker.java:startLogSegment(380)) - c2d5ad94-5356-4232-a32f-95f0e36a9a79-SegmentedRaftLogWorker:Storage Directory /workdir/hadoop-ozone/integration-test/target/test-dir/MiniOzoneClusterImpl-759fa8c2-74ee-4da7-994d-2e8cc84df3a0/datanode-4/data/ratis/32b6daad-a68c-422f-97e0-e954f635198a: Starting segment from index:0
2019-08-22 17:49:49,210 [grpc-default-executor-2] INFO  impl.RaftServerImpl (ServerState.java:setRaftConf(361)) - 4d50bca6-1793-48ce-b534-bf550895ea18:group-E954F635198A set configuration 0: [99e65ce9-9658-4d2b-9ccf-b58166a10afd:192.168.5.173:38554, c2d5ad94-5356-4232-a32f-95f0e36a9a79:192.168.5.173:42413, 4d50bca6-1793-48ce-b534-bf550895ea18:192.168.5.173:42669], old=null at 0
2019-08-22 17:49:49,210 [grpc-default-executor-2] INFO  segmented.SegmentedRaftLogWorker (SegmentedRaftLogWorker.java:startLogSegment(380)) - 4d50bca6-1793-48ce-b534-bf550895ea18-SegmentedRaftLogWorker:Storage Directory /workdir/hadoop-ozone/integration-test/target/test-dir/MiniOzoneClusterImpl-759fa8c2-74ee-4da7-994d-2e8cc84df3a0/datanode-5/data/ratis/32b6daad-a68c-422f-97e0-e954f635198a: Starting segment from index:0
2019-08-22 17:49:49,258 [c2d5ad94-5356-4232-a32f-95f0e36a9a79-SegmentedRaftLogWorker:Storage Directory /workdir/hadoop-ozone/integration-test/target/test-dir/MiniOzoneClusterImpl-759fa8c2-74ee-4da7-994d-2e8cc84df3a0/datanode-4/data/ratis/32b6daad-a68c-422f-97e0-e954f635198a] INFO  segmented.SegmentedRaftLogWorker (SegmentedRaftLogWorker.java:execute(569)) - c2d5ad94-5356-4232-a32f-95f0e36a9a79-SegmentedRaftLogWorker:Storage Directory /workdir/hadoop-ozone/integration-test/target/test-dir/MiniOzoneClusterImpl-759fa8c2-74ee-4da7-994d-2e8cc84df3a0/datanode-4/data/ratis/32b6daad-a68c-422f-97e0-e954f635198a: created new log segment /workdir/hadoop-ozone/integration-test/target/test-dir/MiniOzoneClusterImpl-759fa8c2-74ee-4da7-994d-2e8cc84df3a0/datanode-4/data/ratis/32b6daad-a68c-422f-97e0-e954f635198a/current/log_inprogress_0
2019-08-22 17:49:49,258 [99e65ce9-9658-4d2b-9ccf-b58166a10afd-SegmentedRaftLogWorker:Storage Directory /workdir/hadoop-ozone/integration-test/target/test-dir/MiniOzoneClusterImpl-759fa8c2-74ee-4da7-994d-2e8cc84df3a0/datanode-3/data/ratis/32b6daad-a68c-422f-97e0-e954f635198a] INFO  segmented.SegmentedRaftLogWorker (SegmentedRaftLogWorker.java:execute(569)) - 99e65ce9-9658-4d2b-9ccf-b58166a10afd-SegmentedRaftLogWorker:Storage Directory /workdir/hadoop-ozone/integration-test/target/test-dir/MiniOzoneClusterImpl-759fa8c2-74ee-4da7-994d-2e8cc84df3a0/datanode-3/data/ratis/32b6daad-a68c-422f-97e0-e954f635198a: created new log segment /workdir/hadoop-ozone/integration-test/target/test-dir/MiniOzoneClusterImpl-759fa8c2-74ee-4da7-994d-2e8cc84df3a0/datanode-3/data/ratis/32b6daad-a68c-422f-97e0-e954f635198a/current/log_inprogress_0
2019-08-22 17:49:49,258 [4d50bca6-1793-48ce-b534-bf550895ea18-SegmentedRaftLogWorker:Storage Directory /workdir/hadoop-ozone/integration-test/target/test-dir/MiniOzoneClusterImpl-759fa8c2-74ee-4da7-994d-2e8cc84df3a0/datanode-5/data/ratis/32b6daad-a68c-422f-97e0-e954f635198a] INFO  segmented.SegmentedRaftLogWorker (SegmentedRaftLogWorker.java:execute(569)) - 4d50bca6-1793-48ce-b534-bf550895ea18-SegmentedRaftLogWorker:Storage Directory /workdir/hadoop-ozone/integration-test/target/test-dir/MiniOzoneClusterImpl-759fa8c2-74ee-4da7-994d-2e8cc84df3a0/datanode-5/data/ratis/32b6daad-a68c-422f-97e0-e954f635198a: created new log segment /workdir/hadoop-ozone/integration-test/target/test-dir/MiniOzoneClusterImpl-759fa8c2-74ee-4da7-994d-2e8cc84df3a0/datanode-5/data/ratis/32b6daad-a68c-422f-97e0-e954f635198a/current/log_inprogress_0
2019-08-22 17:49:49,279 [grpc-default-executor-2] INFO  client.GrpcClientProtocolClient (GrpcClientProtocolClient.java:onNext(255)) - client-7B635A622F35->a29b0749-4fa9-464b-a5e0-ea013a767c21: receive RaftClientReply:client-7B635A622F35->a29b0749-4fa9-464b-a5e0-ea013a767c21@group-92301C51CB26, cid=193, FAILED org.apache.ratis.protocol.NotLeaderException: Server a29b0749-4fa9-464b-a5e0-ea013a767c21 is not the leader (null). Request must be sent to leader., logIndex=0, commits[a29b0749-4fa9-464b-a5e0-ea013a767c21:c-1]
2019-08-22 17:49:49,311 | INFO  | SCMAudit | user=jenkins1000 | ip=192.168.5.173 | op=SEND_HEARTBEAT {datanodeUUID=99e65ce9-9658-4d2b-9ccf-b58166a10afd, command=[]} | ret=SUCCESS |  
2019-08-22 17:49:49,355 [Thread-3894] INFO  impl.FollowerState (FollowerState.java:run(106)) - 292d8095-7184-41a3-9854-985e76fd1716:group-AB0C251C1F92 changes to CANDIDATE, lastRpcTime:5164, electionTimeout:5164ms
2019-08-22 17:49:49,355 [Thread-3894] INFO  impl.RoleInfo (RoleInfo.java:shutdownFollowerState(121)) - 292d8095-7184-41a3-9854-985e76fd1716: shutdown FollowerState
2019-08-22 17:49:49,355 [Thread-3894] INFO  impl.RaftServerImpl (RaftServerImpl.java:setRole(171)) - 292d8095-7184-41a3-9854-985e76fd1716:group-AB0C251C1F92 changes role from FOLLOWER to CANDIDATE at term 0 for changeToCandidate
2019-08-22 17:49:49,355 [Thread-3894] INFO  impl.RoleInfo (RoleInfo.java:updateAndGet(143)) - 292d8095-7184-41a3-9854-985e76fd1716: start LeaderElection
2019-08-22 17:49:49,375 [292d8095-7184-41a3-9854-985e76fd1716:group-AB0C251C1F92:LeaderElection94] INFO  impl.LeaderElection (LeaderElection.java:askForVotes(181)) - 292d8095-7184-41a3-9854-985e76fd1716:group-AB0C251C1F92:LeaderElection94: begin an election at term 1 for -1: [292d8095-7184-41a3-9854-985e76fd1716:192.168.5.173:35319], old=null
2019-08-22 17:49:49,376 [292d8095-7184-41a3-9854-985e76fd1716:group-AB0C251C1F92:LeaderElection94] INFO  impl.RoleInfo (RoleInfo.java:shutdownLeaderElection(134)) - 292d8095-7184-41a3-9854-985e76fd1716: shutdown LeaderElection
2019-08-22 17:49:49,376 [292d8095-7184-41a3-9854-985e76fd1716:group-AB0C251C1F92:LeaderElection94] INFO  impl.RaftServerImpl (RaftServerImpl.java:setRole(171)) - 292d8095-7184-41a3-9854-985e76fd1716:group-AB0C251C1F92 changes role from CANDIDATE to LEADER at term 1 for changeToLeader
2019-08-22 17:49:49,376 [292d8095-7184-41a3-9854-985e76fd1716:group-AB0C251C1F92:LeaderElection94] INFO  impl.RaftServerImpl (ServerState.java:setLeader(263)) - 292d8095-7184-41a3-9854-985e76fd1716:group-AB0C251C1F92 change Leader from null to 292d8095-7184-41a3-9854-985e76fd1716 at term 1 for becomeLeader, leader elected after 5198ms
2019-08-22 17:49:49,376 [292d8095-7184-41a3-9854-985e76fd1716:group-AB0C251C1F92:LeaderElection94] INFO  server.RaftServerConfigKeys (ConfUtils.java:logGet(43)) - raft.server.staging.catchup.gap = 1000 (default)
2019-08-22 17:49:49,376 [292d8095-7184-41a3-9854-985e76fd1716:group-AB0C251C1F92:LeaderElection94] INFO  server.RaftServerConfigKeys (ConfUtils.java:logGet(43)) - raft.server.rpc.sleep.time = 25ms (default)
2019-08-22 17:49:49,376 [292d8095-7184-41a3-9854-985e76fd1716:group-AB0C251C1F92:LeaderElection94] INFO  server.RaftServerConfigKeys (ConfUtils.java:logGet(43)) - raft.server.write.element-limit = 4096 (default)
2019-08-22 17:49:49,377 [292d8095-7184-41a3-9854-985e76fd1716:group-AB0C251C1F92:LeaderElection94] INFO  server.RaftServerConfigKeys (ConfUtils.java:logGet(43)) - raft.server.watch.timeout = 10s (default)
2019-08-22 17:49:49,377 [292d8095-7184-41a3-9854-985e76fd1716:group-AB0C251C1F92:LeaderElection94] INFO  server.RaftServerConfigKeys (ConfUtils.java:logGet(43)) - raft.server.watch.timeout.denomination = 1s (default)
2019-08-22 17:49:49,377 [292d8095-7184-41a3-9854-985e76fd1716:group-AB0C251C1F92:LeaderElection94] INFO  server.RaftServerConfigKeys (ConfUtils.java:logGet(43)) - raft.server.watch.element-limit = 65536 (default)
2019-08-22 17:49:49,377 [292d8095-7184-41a3-9854-985e76fd1716:group-AB0C251C1F92:LeaderElection94] INFO  impl.RoleInfo (RoleInfo.java:updateAndGet(143)) - 292d8095-7184-41a3-9854-985e76fd1716: start LeaderState
2019-08-22 17:49:49,377 [292d8095-7184-41a3-9854-985e76fd1716:group-AB0C251C1F92:LeaderElection94] INFO  segmented.SegmentedRaftLogWorker (SegmentedRaftLogWorker.java:startLogSegment(380)) - 292d8095-7184-41a3-9854-985e76fd1716-SegmentedRaftLogWorker:Storage Directory /workdir/hadoop-ozone/integration-test/target/test-dir/MiniOzoneClusterImpl-759fa8c2-74ee-4da7-994d-2e8cc84df3a0/datanode-6/data/ratis/a4b3d358-1df0-429b-8696-ab0c251c1f92: Starting segment from index:0
2019-08-22 17:49:49,378 [292d8095-7184-41a3-9854-985e76fd1716:group-AB0C251C1F92:LeaderElection94] INFO  impl.RaftServerImpl (ServerState.java:setRaftConf(361)) - 292d8095-7184-41a3-9854-985e76fd1716:group-AB0C251C1F92 set configuration 0: [292d8095-7184-41a3-9854-985e76fd1716:192.168.5.173:35319], old=null at 0
2019-08-22 17:49:49,431 [292d8095-7184-41a3-9854-985e76fd1716-SegmentedRaftLogWorker:Storage Directory /workdir/hadoop-ozone/integration-test/target/test-dir/MiniOzoneClusterImpl-759fa8c2-74ee-4da7-994d-2e8cc84df3a0/datanode-6/data/ratis/a4b3d358-1df0-429b-8696-ab0c251c1f92] INFO  segmented.SegmentedRaftLogWorker (SegmentedRaftLogWorker.java:execute(569)) - 292d8095-7184-41a3-9854-985e76fd1716-SegmentedRaftLogWorker:Storage Directory /workdir/hadoop-ozone/integration-test/target/test-dir/MiniOzoneClusterImpl-759fa8c2-74ee-4da7-994d-2e8cc84df3a0/datanode-6/data/ratis/a4b3d358-1df0-429b-8696-ab0c251c1f92: created new log segment /workdir/hadoop-ozone/integration-test/target/test-dir/MiniOzoneClusterImpl-759fa8c2-74ee-4da7-994d-2e8cc84df3a0/datanode-6/data/ratis/a4b3d358-1df0-429b-8696-ab0c251c1f92/current/log_inprogress_0
2019-08-22 17:49:49,732 | INFO  | SCMAudit | user=jenkins1000 | ip=192.168.5.173 | op=SEND_HEARTBEAT {datanodeUUID=c2d5ad94-5356-4232-a32f-95f0e36a9a79, command=[]} | ret=SUCCESS |  
2019-08-22 17:49:49,833 | INFO  | SCMAudit | user=jenkins1000 | ip=192.168.5.173 | op=SEND_HEARTBEAT {datanodeUUID=f56af1c7-d196-4686-9983-5f1b73da6fe9, command=[]} | ret=SUCCESS |  
2019-08-22 17:49:49,922 | INFO  | SCMAudit | user=jenkins1000 | ip=192.168.5.173 | op=SEND_HEARTBEAT {datanodeUUID=4d50bca6-1793-48ce-b534-bf550895ea18, command=[]} | ret=SUCCESS |  
2019-08-22 17:49:49,990 | INFO  | SCMAudit | user=jenkins1000 | ip=192.168.5.173 | op=SEND_HEARTBEAT {datanodeUUID=69232983-8dba-446a-9451-2b46042e75c9, command=[]} | ret=SUCCESS |  
2019-08-22 17:49:50,086 | INFO  | SCMAudit | user=jenkins1000 | ip=192.168.5.173 | op=SEND_HEARTBEAT {datanodeUUID=292d8095-7184-41a3-9854-985e76fd1716, command=[]} | ret=SUCCESS |  
2019-08-22 17:49:50,135 | INFO  | SCMAudit | user=jenkins1000 | ip=192.168.5.173 | op=SEND_HEARTBEAT {datanodeUUID=a29b0749-4fa9-464b-a5e0-ea013a767c21, command=[]} | ret=SUCCESS |  
2019-08-22 17:49:50,288 [grpc-default-executor-1] INFO  client.GrpcClientProtocolClient (GrpcClientProtocolClient.java:onNext(255)) - client-7B635A622F35->f56af1c7-d196-4686-9983-5f1b73da6fe9: receive RaftClientReply:client-7B635A622F35->f56af1c7-d196-4686-9983-5f1b73da6fe9@group-92301C51CB26, cid=193, FAILED org.apache.ratis.protocol.NotLeaderException: Server f56af1c7-d196-4686-9983-5f1b73da6fe9 is not the leader (null). Request must be sent to leader., logIndex=0, commits[f56af1c7-d196-4686-9983-5f1b73da6fe9:c-1]
2019-08-22 17:49:50,311 | INFO  | SCMAudit | user=jenkins1000 | ip=192.168.5.173 | op=SEND_HEARTBEAT {datanodeUUID=99e65ce9-9658-4d2b-9ccf-b58166a10afd, command=[]} | ret=SUCCESS |  
2019-08-22 17:49:50,733 | INFO  | SCMAudit | user=jenkins1000 | ip=192.168.5.173 | op=SEND_HEARTBEAT {datanodeUUID=c2d5ad94-5356-4232-a32f-95f0e36a9a79, command=[]} | ret=SUCCESS |  
2019-08-22 17:49:50,833 | INFO  | SCMAudit | user=jenkins1000 | ip=192.168.5.173 | op=SEND_HEARTBEAT {datanodeUUID=f56af1c7-d196-4686-9983-5f1b73da6fe9, command=[]} | ret=SUCCESS |  
2019-08-22 17:49:50,922 | INFO  | SCMAudit | user=jenkins1000 | ip=192.168.5.173 | op=SEND_HEARTBEAT {datanodeUUID=4d50bca6-1793-48ce-b534-bf550895ea18, command=[]} | ret=SUCCESS |  
2019-08-22 17:49:50,990 | INFO  | SCMAudit | user=jenkins1000 | ip=192.168.5.173 | op=SEND_HEARTBEAT {datanodeUUID=69232983-8dba-446a-9451-2b46042e75c9, command=[]} | ret=SUCCESS |  
2019-08-22 17:49:51,086 | INFO  | SCMAudit | user=jenkins1000 | ip=192.168.5.173 | op=SEND_HEARTBEAT {datanodeUUID=292d8095-7184-41a3-9854-985e76fd1716, command=[]} | ret=SUCCESS |  
2019-08-22 17:49:51,135 | INFO  | SCMAudit | user=jenkins1000 | ip=192.168.5.173 | op=SEND_HEARTBEAT {datanodeUUID=a29b0749-4fa9-464b-a5e0-ea013a767c21, command=[]} | ret=SUCCESS |  
2019-08-22 17:49:51,300 [grpc-default-executor-2] INFO  client.GrpcClientProtocolClient (GrpcClientProtocolClient.java:onNext(255)) - client-7B635A622F35->69232983-8dba-446a-9451-2b46042e75c9: receive RaftClientReply:client-7B635A622F35->69232983-8dba-446a-9451-2b46042e75c9@group-92301C51CB26, cid=193, FAILED org.apache.ratis.protocol.NotLeaderException: Server 69232983-8dba-446a-9451-2b46042e75c9 is not the leader (null). Request must be sent to leader., logIndex=0, commits[69232983-8dba-446a-9451-2b46042e75c9:c-1]
2019-08-22 17:49:51,311 | INFO  | SCMAudit | user=jenkins1000 | ip=192.168.5.173 | op=SEND_HEARTBEAT {datanodeUUID=99e65ce9-9658-4d2b-9ccf-b58166a10afd, command=[]} | ret=SUCCESS |  
2019-08-22 17:49:51,733 | INFO  | SCMAudit | user=jenkins1000 | ip=192.168.5.173 | op=SEND_HEARTBEAT {datanodeUUID=c2d5ad94-5356-4232-a32f-95f0e36a9a79, command=[]} | ret=SUCCESS |  
2019-08-22 17:49:51,833 | INFO  | SCMAudit | user=jenkins1000 | ip=192.168.5.173 | op=SEND_HEARTBEAT {datanodeUUID=f56af1c7-d196-4686-9983-5f1b73da6fe9, command=[]} | ret=SUCCESS |  
2019-08-22 17:49:51,922 | INFO  | SCMAudit | user=jenkins1000 | ip=192.168.5.173 | op=SEND_HEARTBEAT {datanodeUUID=4d50bca6-1793-48ce-b534-bf550895ea18, command=[]} | ret=SUCCESS |  
2019-08-22 17:49:51,990 | INFO  | SCMAudit | user=jenkins1000 | ip=192.168.5.173 | op=SEND_HEARTBEAT {datanodeUUID=69232983-8dba-446a-9451-2b46042e75c9, command=[]} | ret=SUCCESS |  
2019-08-22 17:49:52,086 | INFO  | SCMAudit | user=jenkins1000 | ip=192.168.5.173 | op=SEND_HEARTBEAT {datanodeUUID=292d8095-7184-41a3-9854-985e76fd1716, command=[]} | ret=SUCCESS |  
2019-08-22 17:49:52,135 | INFO  | SCMAudit | user=jenkins1000 | ip=192.168.5.173 | op=SEND_HEARTBEAT {datanodeUUID=a29b0749-4fa9-464b-a5e0-ea013a767c21, command=[]} | ret=SUCCESS |  
2019-08-22 17:49:52,311 | INFO  | SCMAudit | user=jenkins1000 | ip=192.168.5.173 | op=SEND_HEARTBEAT {datanodeUUID=99e65ce9-9658-4d2b-9ccf-b58166a10afd, command=[]} | ret=SUCCESS |  
2019-08-22 17:49:52,311 [grpc-default-executor-1] INFO  client.GrpcClientProtocolClient (GrpcClientProtocolClient.java:onNext(255)) - client-7B635A622F35->f56af1c7-d196-4686-9983-5f1b73da6fe9: receive RaftClientReply:client-7B635A622F35->f56af1c7-d196-4686-9983-5f1b73da6fe9@group-92301C51CB26, cid=193, FAILED org.apache.ratis.protocol.NotLeaderException: Server f56af1c7-d196-4686-9983-5f1b73da6fe9 is not the leader (null). Request must be sent to leader., logIndex=0, commits[f56af1c7-d196-4686-9983-5f1b73da6fe9:c-1]
2019-08-22 17:49:52,734 | INFO  | SCMAudit | user=jenkins1000 | ip=192.168.5.173 | op=SEND_HEARTBEAT {datanodeUUID=c2d5ad94-5356-4232-a32f-95f0e36a9a79, command=[]} | ret=SUCCESS |  
2019-08-22 17:49:52,833 | INFO  | SCMAudit | user=jenkins1000 | ip=192.168.5.173 | op=SEND_HEARTBEAT {datanodeUUID=f56af1c7-d196-4686-9983-5f1b73da6fe9, command=[]} | ret=SUCCESS |  
2019-08-22 17:49:52,923 | INFO  | SCMAudit | user=jenkins1000 | ip=192.168.5.173 | op=SEND_HEARTBEAT {datanodeUUID=4d50bca6-1793-48ce-b534-bf550895ea18, command=[]} | ret=SUCCESS |  
2019-08-22 17:49:52,990 | INFO  | SCMAudit | user=jenkins1000 | ip=192.168.5.173 | op=SEND_HEARTBEAT {datanodeUUID=69232983-8dba-446a-9451-2b46042e75c9, command=[]} | ret=SUCCESS |  
2019-08-22 17:49:53,086 | INFO  | SCMAudit | user=jenkins1000 | ip=192.168.5.173 | op=SEND_HEARTBEAT {datanodeUUID=292d8095-7184-41a3-9854-985e76fd1716, command=[]} | ret=SUCCESS |  
2019-08-22 17:49:53,135 | INFO  | SCMAudit | user=jenkins1000 | ip=192.168.5.173 | op=SEND_HEARTBEAT {datanodeUUID=a29b0749-4fa9-464b-a5e0-ea013a767c21, command=[]} | ret=SUCCESS |  
2019-08-22 17:49:53,311 | INFO  | SCMAudit | user=jenkins1000 | ip=192.168.5.173 | op=SEND_HEARTBEAT {datanodeUUID=99e65ce9-9658-4d2b-9ccf-b58166a10afd, command=[]} | ret=SUCCESS |  
2019-08-22 17:49:53,320 [grpc-default-executor-2] INFO  client.GrpcClientProtocolClient (GrpcClientProtocolClient.java:onNext(255)) - client-7B635A622F35->69232983-8dba-446a-9451-2b46042e75c9: receive RaftClientReply:client-7B635A622F35->69232983-8dba-446a-9451-2b46042e75c9@group-92301C51CB26, cid=193, FAILED org.apache.ratis.protocol.NotLeaderException: Server 69232983-8dba-446a-9451-2b46042e75c9 is not the leader (null). Request must be sent to leader., logIndex=0, commits[69232983-8dba-446a-9451-2b46042e75c9:c-1]
2019-08-22 17:49:53,408 [Thread-3927] INFO  impl.FollowerState (FollowerState.java:run(106)) - 69232983-8dba-446a-9451-2b46042e75c9:group-92301C51CB26 changes to CANDIDATE, lastRpcTime:5012, electionTimeout:5012ms
2019-08-22 17:49:53,408 [Thread-3927] INFO  impl.RoleInfo (RoleInfo.java:shutdownFollowerState(121)) - 69232983-8dba-446a-9451-2b46042e75c9: shutdown FollowerState
2019-08-22 17:49:53,408 [Thread-3927] INFO  impl.RaftServerImpl (RaftServerImpl.java:setRole(171)) - 69232983-8dba-446a-9451-2b46042e75c9:group-92301C51CB26 changes role from FOLLOWER to CANDIDATE at term 1 for changeToCandidate
2019-08-22 17:49:53,408 [Thread-3927] INFO  impl.RoleInfo (RoleInfo.java:updateAndGet(143)) - 69232983-8dba-446a-9451-2b46042e75c9: start LeaderElection
2019-08-22 17:49:53,437 [69232983-8dba-446a-9451-2b46042e75c9:group-92301C51CB26:LeaderElection95] INFO  impl.LeaderElection (LeaderElection.java:askForVotes(181)) - 69232983-8dba-446a-9451-2b46042e75c9:group-92301C51CB26:LeaderElection95: begin an election at term 2 for -1: [f56af1c7-d196-4686-9983-5f1b73da6fe9:192.168.5.173:33869, a29b0749-4fa9-464b-a5e0-ea013a767c21:192.168.5.173:36275, 69232983-8dba-446a-9451-2b46042e75c9:192.168.5.173:35738], old=null
2019-08-22 17:49:53,439 [grpc-default-executor-1] INFO  impl.RaftServerImpl (RaftServerImpl.java:setRole(171)) - f56af1c7-d196-4686-9983-5f1b73da6fe9:group-92301C51CB26 changes role from FOLLOWER to FOLLOWER at term 2 for recognizeCandidate:69232983-8dba-446a-9451-2b46042e75c9
2019-08-22 17:49:53,439 [grpc-default-executor-2] INFO  impl.RaftServerImpl (RaftServerImpl.java:setRole(171)) - a29b0749-4fa9-464b-a5e0-ea013a767c21:group-92301C51CB26 changes role from FOLLOWER to FOLLOWER at term 2 for recognizeCandidate:69232983-8dba-446a-9451-2b46042e75c9
2019-08-22 17:49:53,439 [grpc-default-executor-1] INFO  impl.RoleInfo (RoleInfo.java:shutdownFollowerState(121)) - f56af1c7-d196-4686-9983-5f1b73da6fe9: shutdown FollowerState
2019-08-22 17:49:53,439 [grpc-default-executor-2] INFO  impl.RoleInfo (RoleInfo.java:shutdownFollowerState(121)) - a29b0749-4fa9-464b-a5e0-ea013a767c21: shutdown FollowerState
2019-08-22 17:49:53,440 [Thread-3928] INFO  impl.FollowerState (FollowerState.java:run(114)) - f56af1c7-d196-4686-9983-5f1b73da6fe9: FollowerState was interrupted: java.lang.InterruptedException: sleep interrupted
2019-08-22 17:49:53,440 [grpc-default-executor-1] INFO  impl.RoleInfo (RoleInfo.java:updateAndGet(143)) - f56af1c7-d196-4686-9983-5f1b73da6fe9: start FollowerState
2019-08-22 17:49:53,440 [Thread-3929] INFO  impl.FollowerState (FollowerState.java:run(114)) - a29b0749-4fa9-464b-a5e0-ea013a767c21: FollowerState was interrupted: java.lang.InterruptedException: sleep interrupted
2019-08-22 17:49:53,440 [grpc-default-executor-2] INFO  impl.RoleInfo (RoleInfo.java:updateAndGet(143)) - a29b0749-4fa9-464b-a5e0-ea013a767c21: start FollowerState
2019-08-22 17:49:53,461 [69232983-8dba-446a-9451-2b46042e75c9:group-92301C51CB26:LeaderElection95] INFO  impl.LeaderElection (LeaderElection.java:logAndReturn(56)) - 69232983-8dba-446a-9451-2b46042e75c9:group-92301C51CB26:LeaderElection95: Election PASSED; received 1 response(s) [69232983-8dba-446a-9451-2b46042e75c9<-f56af1c7-d196-4686-9983-5f1b73da6fe9#0:OK-t2] and 0 exception(s); 69232983-8dba-446a-9451-2b46042e75c9:t2, leader=null, voted=69232983-8dba-446a-9451-2b46042e75c9, raftlog=69232983-8dba-446a-9451-2b46042e75c9-SegmentedRaftLog:OPENED:c-1,f-1,i0, conf=-1: [f56af1c7-d196-4686-9983-5f1b73da6fe9:192.168.5.173:33869, a29b0749-4fa9-464b-a5e0-ea013a767c21:192.168.5.173:36275, 69232983-8dba-446a-9451-2b46042e75c9:192.168.5.173:35738], old=null
2019-08-22 17:49:53,461 [69232983-8dba-446a-9451-2b46042e75c9:group-92301C51CB26:LeaderElection95] INFO  impl.RoleInfo (RoleInfo.java:shutdownLeaderElection(134)) - 69232983-8dba-446a-9451-2b46042e75c9: shutdown LeaderElection
2019-08-22 17:49:53,461 [69232983-8dba-446a-9451-2b46042e75c9:group-92301C51CB26:LeaderElection95] INFO  impl.RaftServerImpl (RaftServerImpl.java:setRole(171)) - 69232983-8dba-446a-9451-2b46042e75c9:group-92301C51CB26 changes role from CANDIDATE to LEADER at term 2 for changeToLeader
2019-08-22 17:49:53,462 [69232983-8dba-446a-9451-2b46042e75c9:group-92301C51CB26:LeaderElection95] INFO  impl.RaftServerImpl (ServerState.java:setLeader(263)) - 69232983-8dba-446a-9451-2b46042e75c9:group-92301C51CB26 change Leader from null to 69232983-8dba-446a-9451-2b46042e75c9 at term 2 for becomeLeader, leader elected after 10200ms
2019-08-22 17:49:53,462 [69232983-8dba-446a-9451-2b46042e75c9:group-92301C51CB26:LeaderElection95] INFO  server.RaftServerConfigKeys (ConfUtils.java:logGet(43)) - raft.server.staging.catchup.gap = 1000 (default)
2019-08-22 17:49:53,462 [69232983-8dba-446a-9451-2b46042e75c9:group-92301C51CB26:LeaderElection95] INFO  server.RaftServerConfigKeys (ConfUtils.java:logGet(43)) - raft.server.rpc.sleep.time = 25ms (default)
2019-08-22 17:49:53,462 [69232983-8dba-446a-9451-2b46042e75c9:group-92301C51CB26:LeaderElection95] INFO  server.RaftServerConfigKeys (ConfUtils.java:logGet(43)) - raft.server.write.element-limit = 4096 (default)
2019-08-22 17:49:53,462 [69232983-8dba-446a-9451-2b46042e75c9:group-92301C51CB26:LeaderElection95] INFO  server.RaftServerConfigKeys (ConfUtils.java:logGet(43)) - raft.server.watch.timeout = 10s (default)
2019-08-22 17:49:53,462 [69232983-8dba-446a-9451-2b46042e75c9:group-92301C51CB26:LeaderElection95] INFO  server.RaftServerConfigKeys (ConfUtils.java:logGet(43)) - raft.server.watch.timeout.denomination = 1s (default)
2019-08-22 17:49:53,462 [69232983-8dba-446a-9451-2b46042e75c9:group-92301C51CB26:LeaderElection95] INFO  server.RaftServerConfigKeys (ConfUtils.java:logGet(43)) - raft.server.watch.element-limit = 65536 (default)
2019-08-22 17:49:53,463 [69232983-8dba-446a-9451-2b46042e75c9:group-92301C51CB26:LeaderElection95] INFO  server.RaftServerConfigKeys (ConfUtils.java:logGet(43)) - raft.server.log.appender.snapshot.chunk.size.max = 16MB (=16777216) (default)
2019-08-22 17:49:53,463 [69232983-8dba-446a-9451-2b46042e75c9:group-92301C51CB26:LeaderElection95] INFO  server.RaftServerConfigKeys (ConfUtils.java:logGet(43)) - raft.server.log.appender.buffer.byte-limit = 33554432 (custom)
2019-08-22 17:49:53,463 [69232983-8dba-446a-9451-2b46042e75c9:group-92301C51CB26:LeaderElection95] INFO  server.RaftServerConfigKeys (ConfUtils.java:logGet(43)) - raft.server.log.appender.buffer.element-limit = 1 (custom)
2019-08-22 17:49:53,463 [69232983-8dba-446a-9451-2b46042e75c9:group-92301C51CB26:LeaderElection95] INFO  grpc.GrpcConfigKeys$Server (ConfUtils.java:logGet(43)) - raft.grpc.server.leader.outstanding.appends.max = 128 (default)
2019-08-22 17:49:53,464 [69232983-8dba-446a-9451-2b46042e75c9:group-92301C51CB26:LeaderElection95] INFO  server.RaftServerConfigKeys (ConfUtils.java:logGet(43)) - raft.server.rpc.request.timeout = 3000ms (default)
2019-08-22 17:49:53,464 [69232983-8dba-446a-9451-2b46042e75c9:group-92301C51CB26:LeaderElection95] INFO  server.RaftServerConfigKeys (ConfUtils.java:logGet(43)) - raft.server.log.appender.install.snapshot.enabled = false (custom)
2019-08-22 17:49:53,464 [69232983-8dba-446a-9451-2b46042e75c9:group-92301C51CB26:LeaderElection95] INFO  server.RaftServerConfigKeys (ConfUtils.java:logGet(43)) - raft.server.log.appender.snapshot.chunk.size.max = 16MB (=16777216) (default)
2019-08-22 17:49:53,464 [69232983-8dba-446a-9451-2b46042e75c9:group-92301C51CB26:LeaderElection95] INFO  server.RaftServerConfigKeys (ConfUtils.java:logGet(43)) - raft.server.log.appender.buffer.byte-limit = 33554432 (custom)
2019-08-22 17:49:53,464 [69232983-8dba-446a-9451-2b46042e75c9:group-92301C51CB26:LeaderElection95] INFO  server.RaftServerConfigKeys (ConfUtils.java:logGet(43)) - raft.server.log.appender.buffer.element-limit = 1 (custom)
2019-08-22 17:49:53,464 [69232983-8dba-446a-9451-2b46042e75c9:group-92301C51CB26:LeaderElection95] INFO  grpc.GrpcConfigKeys$Server (ConfUtils.java:logGet(43)) - raft.grpc.server.leader.outstanding.appends.max = 128 (default)
2019-08-22 17:49:53,465 [69232983-8dba-446a-9451-2b46042e75c9:group-92301C51CB26:LeaderElection95] INFO  server.RaftServerConfigKeys (ConfUtils.java:logGet(43)) - raft.server.rpc.request.timeout = 3000ms (default)
2019-08-22 17:49:53,465 [69232983-8dba-446a-9451-2b46042e75c9:group-92301C51CB26:LeaderElection95] INFO  server.RaftServerConfigKeys (ConfUtils.java:logGet(43)) - raft.server.log.appender.install.snapshot.enabled = false (custom)
2019-08-22 17:49:53,465 [69232983-8dba-446a-9451-2b46042e75c9:group-92301C51CB26:LeaderElection95] INFO  impl.RoleInfo (RoleInfo.java:updateAndGet(143)) - 69232983-8dba-446a-9451-2b46042e75c9: start LeaderState
2019-08-22 17:49:53,465 [69232983-8dba-446a-9451-2b46042e75c9:group-92301C51CB26:LeaderElection95] INFO  segmented.SegmentedRaftLogWorker (SegmentedRaftLogWorker.java:startLogSegment(380)) - 69232983-8dba-446a-9451-2b46042e75c9-SegmentedRaftLogWorker:Storage Directory /workdir/hadoop-ozone/integration-test/target/test-dir/MiniOzoneClusterImpl-759fa8c2-74ee-4da7-994d-2e8cc84df3a0/datanode-1/data/ratis/4a4183c5-9385-4f89-a7e8-92301c51cb26: Starting segment from index:0
2019-08-22 17:49:53,466 [69232983-8dba-446a-9451-2b46042e75c9:group-92301C51CB26:LeaderElection95] INFO  impl.RaftServerImpl (ServerState.java:setRaftConf(361)) - 69232983-8dba-446a-9451-2b46042e75c9:group-92301C51CB26 set configuration 0: [f56af1c7-d196-4686-9983-5f1b73da6fe9:192.168.5.173:33869, a29b0749-4fa9-464b-a5e0-ea013a767c21:192.168.5.173:36275, 69232983-8dba-446a-9451-2b46042e75c9:192.168.5.173:35738], old=null at 0
2019-08-22 17:49:53,467 [grpc-default-executor-2] INFO  impl.RaftServerImpl (ServerState.java:setLeader(263)) - f56af1c7-d196-4686-9983-5f1b73da6fe9:group-92301C51CB26 change Leader from null to 69232983-8dba-446a-9451-2b46042e75c9 at term 2 for appendEntries, leader elected after 10206ms
2019-08-22 17:49:53,468 [grpc-default-executor-1] INFO  impl.RaftServerImpl (ServerState.java:setLeader(263)) - a29b0749-4fa9-464b-a5e0-ea013a767c21:group-92301C51CB26 change Leader from null to 69232983-8dba-446a-9451-2b46042e75c9 at term 2 for appendEntries, leader elected after 10206ms
2019-08-22 17:49:53,470 [grpc-default-executor-1] INFO  impl.RaftServerImpl (ServerState.java:setRaftConf(361)) - f56af1c7-d196-4686-9983-5f1b73da6fe9:group-92301C51CB26 set configuration 0: [f56af1c7-d196-4686-9983-5f1b73da6fe9:192.168.5.173:33869, a29b0749-4fa9-464b-a5e0-ea013a767c21:192.168.5.173:36275, 69232983-8dba-446a-9451-2b46042e75c9:192.168.5.173:35738], old=null at 0
2019-08-22 17:49:53,470 [grpc-default-executor-1] INFO  segmented.SegmentedRaftLogWorker (SegmentedRaftLogWorker.java:startLogSegment(380)) - f56af1c7-d196-4686-9983-5f1b73da6fe9-SegmentedRaftLogWorker:Storage Directory /workdir/hadoop-ozone/integration-test/target/test-dir/MiniOzoneClusterImpl-759fa8c2-74ee-4da7-994d-2e8cc84df3a0/datanode-0/data/ratis/4a4183c5-9385-4f89-a7e8-92301c51cb26: Starting segment from index:0
2019-08-22 17:49:53,470 [grpc-default-executor-2] INFO  impl.RaftServerImpl (ServerState.java:setRaftConf(361)) - a29b0749-4fa9-464b-a5e0-ea013a767c21:group-92301C51CB26 set configuration 0: [f56af1c7-d196-4686-9983-5f1b73da6fe9:192.168.5.173:33869, a29b0749-4fa9-464b-a5e0-ea013a767c21:192.168.5.173:36275, 69232983-8dba-446a-9451-2b46042e75c9:192.168.5.173:35738], old=null at 0
2019-08-22 17:49:53,470 [grpc-default-executor-2] INFO  segmented.SegmentedRaftLogWorker (SegmentedRaftLogWorker.java:startLogSegment(380)) - a29b0749-4fa9-464b-a5e0-ea013a767c21-SegmentedRaftLogWorker:Storage Directory /workdir/hadoop-ozone/integration-test/target/test-dir/MiniOzoneClusterImpl-759fa8c2-74ee-4da7-994d-2e8cc84df3a0/datanode-2/data/ratis/4a4183c5-9385-4f89-a7e8-92301c51cb26: Starting segment from index:0
2019-08-22 17:49:53,521 [69232983-8dba-446a-9451-2b46042e75c9-SegmentedRaftLogWorker:Storage Directory /workdir/hadoop-ozone/integration-test/target/test-dir/MiniOzoneClusterImpl-759fa8c2-74ee-4da7-994d-2e8cc84df3a0/datanode-1/data/ratis/4a4183c5-9385-4f89-a7e8-92301c51cb26] INFO  segmented.SegmentedRaftLogWorker (SegmentedRaftLogWorker.java:execute(569)) - 69232983-8dba-446a-9451-2b46042e75c9-SegmentedRaftLogWorker:Storage Directory /workdir/hadoop-ozone/integration-test/target/test-dir/MiniOzoneClusterImpl-759fa8c2-74ee-4da7-994d-2e8cc84df3a0/datanode-1/data/ratis/4a4183c5-9385-4f89-a7e8-92301c51cb26: created new log segment /workdir/hadoop-ozone/integration-test/target/test-dir/MiniOzoneClusterImpl-759fa8c2-74ee-4da7-994d-2e8cc84df3a0/datanode-1/data/ratis/4a4183c5-9385-4f89-a7e8-92301c51cb26/current/log_inprogress_0
2019-08-22 17:49:53,521 [f56af1c7-d196-4686-9983-5f1b73da6fe9-SegmentedRaftLogWorker:Storage Directory /workdir/hadoop-ozone/integration-test/target/test-dir/MiniOzoneClusterImpl-759fa8c2-74ee-4da7-994d-2e8cc84df3a0/datanode-0/data/ratis/4a4183c5-9385-4f89-a7e8-92301c51cb26] INFO  segmented.SegmentedRaftLogWorker (SegmentedRaftLogWorker.java:execute(569)) - f56af1c7-d196-4686-9983-5f1b73da6fe9-SegmentedRaftLogWorker:Storage Directory /workdir/hadoop-ozone/integration-test/target/test-dir/MiniOzoneClusterImpl-759fa8c2-74ee-4da7-994d-2e8cc84df3a0/datanode-0/data/ratis/4a4183c5-9385-4f89-a7e8-92301c51cb26: created new log segment /workdir/hadoop-ozone/integration-test/target/test-dir/MiniOzoneClusterImpl-759fa8c2-74ee-4da7-994d-2e8cc84df3a0/datanode-0/data/ratis/4a4183c5-9385-4f89-a7e8-92301c51cb26/current/log_inprogress_0
2019-08-22 17:49:53,521 [a29b0749-4fa9-464b-a5e0-ea013a767c21-SegmentedRaftLogWorker:Storage Directory /workdir/hadoop-ozone/integration-test/target/test-dir/MiniOzoneClusterImpl-759fa8c2-74ee-4da7-994d-2e8cc84df3a0/datanode-2/data/ratis/4a4183c5-9385-4f89-a7e8-92301c51cb26] INFO  segmented.SegmentedRaftLogWorker (SegmentedRaftLogWorker.java:execute(569)) - a29b0749-4fa9-464b-a5e0-ea013a767c21-SegmentedRaftLogWorker:Storage Directory /workdir/hadoop-ozone/integration-test/target/test-dir/MiniOzoneClusterImpl-759fa8c2-74ee-4da7-994d-2e8cc84df3a0/datanode-2/data/ratis/4a4183c5-9385-4f89-a7e8-92301c51cb26: created new log segment /workdir/hadoop-ozone/integration-test/target/test-dir/MiniOzoneClusterImpl-759fa8c2-74ee-4da7-994d-2e8cc84df3a0/datanode-2/data/ratis/4a4183c5-9385-4f89-a7e8-92301c51cb26/current/log_inprogress_0
2019-08-22 17:49:53,733 | INFO  | SCMAudit | user=jenkins1000 | ip=192.168.5.173 | op=SEND_HEARTBEAT {datanodeUUID=c2d5ad94-5356-4232-a32f-95f0e36a9a79, command=[]} | ret=SUCCESS |  
2019-08-22 17:49:53,832 | INFO  | SCMAudit | user=jenkins1000 | ip=192.168.5.173 | op=SEND_HEARTBEAT {datanodeUUID=f56af1c7-d196-4686-9983-5f1b73da6fe9, command=[]} | ret=SUCCESS |  
2019-08-22 17:49:53,923 | INFO  | SCMAudit | user=jenkins1000 | ip=192.168.5.173 | op=SEND_HEARTBEAT {datanodeUUID=4d50bca6-1793-48ce-b534-bf550895ea18, command=[]} | ret=SUCCESS |  
2019-08-22 17:49:53,990 | INFO  | SCMAudit | user=jenkins1000 | ip=192.168.5.173 | op=SEND_HEARTBEAT {datanodeUUID=69232983-8dba-446a-9451-2b46042e75c9, command=[]} | ret=SUCCESS |  
2019-08-22 17:49:54,086 | INFO  | SCMAudit | user=jenkins1000 | ip=192.168.5.173 | op=SEND_HEARTBEAT {datanodeUUID=292d8095-7184-41a3-9854-985e76fd1716, command=[]} | ret=SUCCESS |  
2019-08-22 17:49:54,135 | INFO  | SCMAudit | user=jenkins1000 | ip=192.168.5.173 | op=SEND_HEARTBEAT {datanodeUUID=a29b0749-4fa9-464b-a5e0-ea013a767c21, command=[]} | ret=SUCCESS |  
2019-08-22 17:49:54,311 | INFO  | SCMAudit | user=jenkins1000 | ip=192.168.5.173 | op=SEND_HEARTBEAT {datanodeUUID=99e65ce9-9658-4d2b-9ccf-b58166a10afd, command=[]} | ret=SUCCESS |  
2019-08-22 17:49:54,328 [grpc-default-executor-2] INFO  client.GrpcClientProtocolClient (GrpcClientProtocolClient.java:onNext(255)) - client-7B635A622F35->a29b0749-4fa9-464b-a5e0-ea013a767c21: receive RaftClientReply:client-7B635A622F35->a29b0749-4fa9-464b-a5e0-ea013a767c21@group-92301C51CB26, cid=193, FAILED org.apache.ratis.protocol.NotLeaderException: Server a29b0749-4fa9-464b-a5e0-ea013a767c21 is not the leader (69232983-8dba-446a-9451-2b46042e75c9:192.168.5.173:35738). Request must be sent to leader., logIndex=0, commits[a29b0749-4fa9-464b-a5e0-ea013a767c21:c-1, f56af1c7-d196-4686-9983-5f1b73da6fe9:c-1, 69232983-8dba-446a-9451-2b46042e75c9:c-1]
2019-08-22 17:49:54,733 | INFO  | SCMAudit | user=jenkins1000 | ip=192.168.5.173 | op=SEND_HEARTBEAT {datanodeUUID=c2d5ad94-5356-4232-a32f-95f0e36a9a79, command=[]} | ret=SUCCESS |  
2019-08-22 17:49:54,833 | INFO  | SCMAudit | user=jenkins1000 | ip=192.168.5.173 | op=SEND_HEARTBEAT {datanodeUUID=f56af1c7-d196-4686-9983-5f1b73da6fe9, command=[]} | ret=SUCCESS |  
2019-08-22 17:49:54,923 | INFO  | SCMAudit | user=jenkins1000 | ip=192.168.5.173 | op=SEND_HEARTBEAT {datanodeUUID=4d50bca6-1793-48ce-b534-bf550895ea18, command=[]} | ret=SUCCESS |  
2019-08-22 17:49:54,990 | INFO  | SCMAudit | user=jenkins1000 | ip=192.168.5.173 | op=SEND_HEARTBEAT {datanodeUUID=69232983-8dba-446a-9451-2b46042e75c9, command=[]} | ret=SUCCESS |  
2019-08-22 17:49:55,086 | INFO  | SCMAudit | user=jenkins1000 | ip=192.168.5.173 | op=SEND_HEARTBEAT {datanodeUUID=292d8095-7184-41a3-9854-985e76fd1716, command=[]} | ret=SUCCESS |  
2019-08-22 17:49:55,135 | INFO  | SCMAudit | user=jenkins1000 | ip=192.168.5.173 | op=SEND_HEARTBEAT {datanodeUUID=a29b0749-4fa9-464b-a5e0-ea013a767c21, command=[]} | ret=SUCCESS |  
2019-08-22 17:49:55,197 | INFO  | DNAudit | user=null | ip=null | op=WRITE_CHUNK {blockData=conID: 1 locID: 102661893927600145 bcsId: 0} | ret=SUCCESS |  
2019-08-22 17:49:55,197 | INFO  | DNAudit | user=null | ip=null | op=WRITE_CHUNK {blockData=conID: 1 locID: 102661893927600145 bcsId: 0} | ret=SUCCESS |  
2019-08-22 17:49:55,197 | INFO  | DNAudit | user=null | ip=null | op=WRITE_CHUNK {blockData=conID: 1 locID: 102661893927600145 bcsId: 0} | ret=SUCCESS |  
2019-08-22 17:49:55,197 | INFO  | SCMAudit | user=jenkins1000 | ip=192.168.5.173 | op=SEND_HEARTBEAT {datanodeUUID=f56af1c7-d196-4686-9983-5f1b73da6fe9, command=[]} | ret=SUCCESS |  
2019-08-22 17:49:55,197 | INFO  | SCMAudit | user=jenkins1000 | ip=192.168.5.173 | op=SEND_HEARTBEAT {datanodeUUID=69232983-8dba-446a-9451-2b46042e75c9, command=[]} | ret=SUCCESS |  
2019-08-22 17:49:55,198 | INFO  | SCMAudit | user=jenkins1000 | ip=192.168.5.173 | op=SEND_HEARTBEAT {datanodeUUID=a29b0749-4fa9-464b-a5e0-ea013a767c21, command=[]} | ret=SUCCESS |  
2019-08-22 17:49:55,213 | INFO  | DNAudit | user=null | ip=null | op=WRITE_CHUNK {blockData=conID: 1 locID: 102661893927600145 bcsId: 0} | ret=SUCCESS |  
2019-08-22 17:49:55,227 | INFO  | DNAudit | user=null | ip=null | op=WRITE_CHUNK {blockData=conID: 1 locID: 102661893927600145 bcsId: 0} | ret=SUCCESS |  
2019-08-22 17:49:55,227 | INFO  | DNAudit | user=null | ip=null | op=WRITE_CHUNK {blockData=conID: 1 locID: 102661893927600145 bcsId: 0} | ret=SUCCESS |  
2019-08-22 17:49:55,227 [grpc-default-executor-2] INFO  client.GrpcClientProtocolClient (GrpcClientProtocolClient.java:onNext(255)) - client-7B635A622F35->69232983-8dba-446a-9451-2b46042e75c9: receive RaftClientReply:client-7B635A622F35->69232983-8dba-446a-9451-2b46042e75c9@group-92301C51CB26, cid=193, SUCCESS, logIndex=1, commits[69232983-8dba-446a-9451-2b46042e75c9:c1, f56af1c7-d196-4686-9983-5f1b73da6fe9:c0, a29b0749-4fa9-464b-a5e0-ea013a767c21:c0]
2019-08-22 17:49:55,230 | INFO  | DNAudit | user=null | ip=null | op=WRITE_CHUNK {blockData=conID: 1 locID: 102661893927600145 bcsId: 0} | ret=SUCCESS |  
2019-08-22 17:49:55,232 | INFO  | DNAudit | user=null | ip=null | op=WRITE_CHUNK {blockData=conID: 1 locID: 102661893927600145 bcsId: 0} | ret=SUCCESS |  
2019-08-22 17:49:55,232 | INFO  | DNAudit | user=null | ip=null | op=WRITE_CHUNK {blockData=conID: 1 locID: 102661893927600145 bcsId: 0} | ret=SUCCESS |  
2019-08-22 17:49:55,241 | INFO  | DNAudit | user=null | ip=null | op=WRITE_CHUNK {blockData=conID: 1 locID: 102661893927600145 bcsId: 0} | ret=SUCCESS |  
2019-08-22 17:49:55,244 [grpc-default-executor-2] INFO  client.GrpcClientProtocolClient (GrpcClientProtocolClient.java:onNext(255)) - client-7B635A622F35->69232983-8dba-446a-9451-2b46042e75c9: receive RaftClientReply:client-7B635A622F35->69232983-8dba-446a-9451-2b46042e75c9@group-92301C51CB26, cid=194, SUCCESS, logIndex=3, commits[69232983-8dba-446a-9451-2b46042e75c9:c4, f56af1c7-d196-4686-9983-5f1b73da6fe9:c2, a29b0749-4fa9-464b-a5e0-ea013a767c21:c2]
2019-08-22 17:49:55,249 | INFO  | DNAudit | user=null | ip=null | op=WRITE_CHUNK {blockData=conID: 1 locID: 102661893927600145 bcsId: 0} | ret=SUCCESS |  
2019-08-22 17:49:55,250 | INFO  | DNAudit | user=null | ip=null | op=WRITE_CHUNK {blockData=conID: 1 locID: 102661893927600145 bcsId: 0} | ret=SUCCESS |  
2019-08-22 17:49:55,299 | INFO  | DNAudit | user=null | ip=null | op=PUT_BLOCK {blockData=[blockId=conID: 1 locID: 102661893927600145 bcsId: 0,size=167]} | ret=SUCCESS |  
2019-08-22 17:49:55,303 [grpc-default-executor-2] INFO  client.GrpcClientProtocolClient (GrpcClientProtocolClient.java:onNext(255)) - client-7B635A622F35->69232983-8dba-446a-9451-2b46042e75c9: receive RaftClientReply:client-7B635A622F35->69232983-8dba-446a-9451-2b46042e75c9@group-92301C51CB26, cid=195, SUCCESS, logIndex=4, commits[69232983-8dba-446a-9451-2b46042e75c9:c6, f56af1c7-d196-4686-9983-5f1b73da6fe9:c4, a29b0749-4fa9-464b-a5e0-ea013a767c21:c4]
2019-08-22 17:49:55,305 [EventQueue-CloseContainerForCloseContainerEventHandler] INFO  container.CloseContainerEventHandler (CloseContainerEventHandler.java:onMessage(61)) - Close container Event triggered for container : #1
2019-08-22 17:49:55,306 [EventQueue-CloseContainerForCloseContainerEventHandler] INFO  container.CloseContainerEventHandler (CloseContainerEventHandler.java:onMessage(61)) - Close container Event triggered for container : #1
2019-08-22 17:49:55,306 [EventQueue-CloseContainerForCloseContainerEventHandler] INFO  container.CloseContainerEventHandler (CloseContainerEventHandler.java:onMessage(61)) - Close container Event triggered for container : #1
2019-08-22 17:49:55,311 | INFO  | SCMAudit | user=jenkins1000 | ip=192.168.5.173 | op=SEND_HEARTBEAT {datanodeUUID=99e65ce9-9658-4d2b-9ccf-b58166a10afd, command=[]} | ret=SUCCESS |  
2019-08-22 17:49:55,375 | INFO  | DNAudit | user=null | ip=null | op=PUT_BLOCK {blockData=[blockId=conID: 1 locID: 102661893927600145 bcsId: 0,size=167]} | ret=SUCCESS |  
2019-08-22 17:49:55,433 | INFO  | DNAudit | user=null | ip=null | op=PUT_BLOCK {blockData=[blockId=conID: 1 locID: 102661893927600145 bcsId: 0,size=167]} | ret=SUCCESS |  
2019-08-22 17:49:55,733 | INFO  | SCMAudit | user=jenkins1000 | ip=192.168.5.173 | op=SEND_HEARTBEAT {datanodeUUID=c2d5ad94-5356-4232-a32f-95f0e36a9a79, command=[]} | ret=SUCCESS |  
2019-08-22 17:49:55,924 | INFO  | SCMAudit | user=jenkins1000 | ip=192.168.5.173 | op=SEND_HEARTBEAT {datanodeUUID=4d50bca6-1793-48ce-b534-bf550895ea18, command=[]} | ret=SUCCESS |  
2019-08-22 17:49:56,086 | INFO  | SCMAudit | user=jenkins1000 | ip=192.168.5.173 | op=SEND_HEARTBEAT {datanodeUUID=292d8095-7184-41a3-9854-985e76fd1716, command=[]} | ret=SUCCESS |  
2019-08-22 17:49:56,205 | INFO  | SCMAudit | user=jenkins1000 | ip=192.168.5.173 | op=SEND_HEARTBEAT {datanodeUUID=f56af1c7-d196-4686-9983-5f1b73da6fe9, command=[commandType: closeContainerCommand closeContainerCommandProto { containerID: 1 pipelineID { id: "4a4183c5-9385-4f89-a7e8-92301c51cb26" } cmdId: 1 force: false } , commandType: closeContainerCommand closeContainerCommandProto { containerID: 1 pipelineID { id: "4a4183c5-9385-4f89-a7e8-92301c51cb26" } cmdId: 1 force: false } , commandType: closeContainerCommand closeContainerCommandProto { containerID: 1 pipelineID { id: "4a4183c5-9385-4f89-a7e8-92301c51cb26" } cmdId: 1 force: false } ]} | ret=SUCCESS |  
2019-08-22 17:49:56,205 | INFO  | SCMAudit | user=jenkins1000 | ip=192.168.5.173 | op=SEND_HEARTBEAT {datanodeUUID=a29b0749-4fa9-464b-a5e0-ea013a767c21, command=[commandType: closeContainerCommand closeContainerCommandProto { containerID: 1 pipelineID { id: "4a4183c5-9385-4f89-a7e8-92301c51cb26" } cmdId: 1 force: false } , commandType: closeContainerCommand closeContainerCommandProto { containerID: 1 pipelineID { id: "4a4183c5-9385-4f89-a7e8-92301c51cb26" } cmdId: 1 force: false } , commandType: closeContainerCommand closeContainerCommandProto { containerID: 1 pipelineID { id: "4a4183c5-9385-4f89-a7e8-92301c51cb26" } cmdId: 1 force: false } ]} | ret=SUCCESS |  
2019-08-22 17:49:56,205 | INFO  | SCMAudit | user=jenkins1000 | ip=192.168.5.173 | op=SEND_HEARTBEAT {datanodeUUID=69232983-8dba-446a-9451-2b46042e75c9, command=[commandType: closeContainerCommand closeContainerCommandProto { containerID: 1 pipelineID { id: "4a4183c5-9385-4f89-a7e8-92301c51cb26" } cmdId: 1 force: false } , commandType: closeContainerCommand closeContainerCommandProto { containerID: 1 pipelineID { id: "4a4183c5-9385-4f89-a7e8-92301c51cb26" } cmdId: 1 force: false } , commandType: closeContainerCommand closeContainerCommandProto { containerID: 1 pipelineID { id: "4a4183c5-9385-4f89-a7e8-92301c51cb26" } cmdId: 1 force: false } ]} | ret=SUCCESS |  
2019-08-22 17:49:56,311 | INFO  | SCMAudit | user=jenkins1000 | ip=192.168.5.173 | op=SEND_HEARTBEAT {datanodeUUID=99e65ce9-9658-4d2b-9ccf-b58166a10afd, command=[]} | ret=SUCCESS |  
2019-08-22 17:49:56,733 | INFO  | SCMAudit | user=jenkins1000 | ip=192.168.5.173 | op=SEND_HEARTBEAT {datanodeUUID=c2d5ad94-5356-4232-a32f-95f0e36a9a79, command=[]} | ret=SUCCESS |  
2019-08-22 17:49:56,924 | INFO  | SCMAudit | user=jenkins1000 | ip=192.168.5.173 | op=SEND_HEARTBEAT {datanodeUUID=4d50bca6-1793-48ce-b534-bf550895ea18, command=[]} | ret=SUCCESS |  
2019-08-22 17:49:57,086 | INFO  | SCMAudit | user=jenkins1000 | ip=192.168.5.173 | op=SEND_HEARTBEAT {datanodeUUID=292d8095-7184-41a3-9854-985e76fd1716, command=[]} | ret=SUCCESS |  
2019-08-22 17:49:57,194 | INFO  | SCMAudit | user=jenkins1000 | ip=192.168.5.173 | op=SEND_HEARTBEAT {datanodeUUID=69232983-8dba-446a-9451-2b46042e75c9, command=[]} | ret=SUCCESS |  
2019-08-22 17:49:57,198 | INFO  | SCMAudit | user=jenkins1000 | ip=192.168.5.173 | op=SEND_HEARTBEAT {datanodeUUID=f56af1c7-d196-4686-9983-5f1b73da6fe9, command=[]} | ret=SUCCESS |  
2019-08-22 17:49:57,198 | INFO  | SCMAudit | user=jenkins1000 | ip=192.168.5.173 | op=SEND_HEARTBEAT {datanodeUUID=a29b0749-4fa9-464b-a5e0-ea013a767c21, command=[]} | ret=SUCCESS |  
2019-08-22 17:49:57,227 | INFO  | SCMAudit | user=jenkins1000 | ip=192.168.5.173 | op=SEND_HEARTBEAT {datanodeUUID=a29b0749-4fa9-464b-a5e0-ea013a767c21, command=[]} | ret=SUCCESS |  
2019-08-22 17:49:57,227 | INFO  | SCMAudit | user=jenkins1000 | ip=192.168.5.173 | op=SEND_HEARTBEAT {datanodeUUID=f56af1c7-d196-4686-9983-5f1b73da6fe9, command=[]} | ret=SUCCESS |  
2019-08-22 17:49:57,227 | INFO  | SCMAudit | user=jenkins1000 | ip=192.168.5.173 | op=SEND_HEARTBEAT {datanodeUUID=69232983-8dba-446a-9451-2b46042e75c9, command=[]} | ret=SUCCESS |  
2019-08-22 17:49:57,309 | ERROR | DNAudit | user=null | ip=null | op=WRITE_CHUNK {blockData=conID: 1 locID: 102661893927600145 bcsId: 4} | ret=FAILURE | org.apache.hadoop.hdds.scm.container.common.helpers.ContainerNotOpenException: Container 1 in CLOSED state
	at org.apache.hadoop.ozone.container.common.impl.HddsDispatcher.validateContainerCommand(HddsDispatcher.java:408)
	at org.apache.hadoop.ozone.container.common.transport.server.ratis.ContainerStateMachine.startTransaction(ContainerStateMachine.java:309) 
2019-08-22 17:49:57,313 | INFO  | SCMAudit | user=jenkins1000 | ip=192.168.5.173 | op=SEND_HEARTBEAT {datanodeUUID=99e65ce9-9658-4d2b-9ccf-b58166a10afd, command=[]} | ret=SUCCESS |  
2019-08-22 17:49:57,314 | ERROR | DNAudit | user=null | ip=null | op=WRITE_CHUNK {blockData=conID: 1 locID: 102661893927600145 bcsId: 4} | ret=FAILURE | org.apache.hadoop.hdds.scm.container.common.helpers.ContainerNotOpenException: Container 1 in CLOSED state
	at org.apache.hadoop.ozone.container.common.impl.HddsDispatcher.validateContainerCommand(HddsDispatcher.java:408)
	at org.apache.hadoop.ozone.container.common.transport.server.ratis.ContainerStateMachine.startTransaction(ContainerStateMachine.java:309) 
2019-08-22 17:49:57,318 [grpc-default-executor-2] INFO  client.GrpcClientProtocolClient (GrpcClientProtocolClient.java:onNext(255)) - client-7B635A622F35->69232983-8dba-446a-9451-2b46042e75c9: receive RaftClientReply:client-7B635A622F35->69232983-8dba-446a-9451-2b46042e75c9@group-92301C51CB26, cid=196, FAILED org.apache.ratis.protocol.StateMachineException: org.apache.hadoop.hdds.scm.container.common.helpers.ContainerNotOpenException from Server 69232983-8dba-446a-9451-2b46042e75c9: Container 1 in CLOSED state, logIndex=0, commits[69232983-8dba-446a-9451-2b46042e75c9:c8, f56af1c7-d196-4686-9983-5f1b73da6fe9:c7, a29b0749-4fa9-464b-a5e0-ea013a767c21:c7]
2019-08-22 17:49:57,320 | ERROR | DNAudit | user=null | ip=null | op=PUT_BLOCK {blockData=[blockId=conID: 1 locID: 102661893927600145 bcsId: 0,size=334]} | ret=FAILURE | org.apache.hadoop.hdds.scm.container.common.helpers.ContainerNotOpenException: Container 1 in CLOSED state
	at org.apache.hadoop.ozone.container.common.impl.HddsDispatcher.validateContainerCommand(HddsDispatcher.java:408)
	at org.apache.hadoop.ozone.container.common.transport.server.ratis.ContainerStateMachine.startTransaction(ContainerStateMachine.java:309) 
2019-08-22 17:49:57,320 [grpc-default-executor-2] INFO  client.GrpcClientProtocolClient (GrpcClientProtocolClient.java:onNext(255)) - client-7B635A622F35->69232983-8dba-446a-9451-2b46042e75c9: receive RaftClientReply:client-7B635A622F35->69232983-8dba-446a-9451-2b46042e75c9@group-92301C51CB26, cid=197, FAILED org.apache.ratis.protocol.StateMachineException: org.apache.hadoop.hdds.scm.container.common.helpers.ContainerNotOpenException from Server 69232983-8dba-446a-9451-2b46042e75c9: Container 1 in CLOSED state, logIndex=0, commits[69232983-8dba-446a-9451-2b46042e75c9:c8, f56af1c7-d196-4686-9983-5f1b73da6fe9:c7, a29b0749-4fa9-464b-a5e0-ea013a767c21:c7]
2019-08-22 17:49:57,323 [RatisApplyTransactionExecutor 1] INFO  interfaces.Container (KeyValueContainer.java:compactDB(356)) - Container 1 is closed with bcsId 4.
2019-08-22 17:49:57,328 | INFO  | DNAudit | user=null | ip=null | op=CLOSE_CONTAINER {containerID=1} | ret=SUCCESS |  
2019-08-22 17:49:57,332 | INFO  | SCMAudit | user=jenkins1000 | ip=192.168.5.173 | op=SEND_HEARTBEAT {datanodeUUID=69232983-8dba-446a-9451-2b46042e75c9, command=[]} | ret=SUCCESS |  
2019-08-22 17:49:57,332 [EventQueue-IncrementalContainerReportForIncrementalContainerReportHandler] INFO  container.IncrementalContainerReportHandler (AbstractContainerReportHandler.java:updateContainerState(176)) - Moving container #1 to CLOSED state, datanode 69232983-8dba-446a-9451-2b46042e75c9{ip: 192.168.5.173, host: pr-hdds-1808-4dtdn-3774871440, networkLocation: /default-rack, certSerialId: null} reported CLOSED replica.
2019-08-22 17:49:57,333 [grpc-default-executor-5] INFO  client.GrpcClientProtocolClient (GrpcClientProtocolClient.java:onNext(255)) - client-7B635A622F35->69232983-8dba-446a-9451-2b46042e75c9: receive RaftClientReply:client-7B635A622F35->69232983-8dba-446a-9451-2b46042e75c9@group-92301C51CB26, cid=198, FAILED org.apache.ratis.protocol.StateMachineException: org.apache.hadoop.hdds.scm.container.common.helpers.ContainerNotOpenException from Server 69232983-8dba-446a-9451-2b46042e75c9: Container 1 in CLOSED state, logIndex=0, commits[69232983-8dba-446a-9451-2b46042e75c9:c8, f56af1c7-d196-4686-9983-5f1b73da6fe9:c7, a29b0749-4fa9-464b-a5e0-ea013a767c21:c7]
2019-08-22 17:49:57,354 [RatisApplyTransactionExecutor 1] INFO  interfaces.Container (KeyValueContainer.java:compactDB(356)) - Container 1 is closed with bcsId 4.
2019-08-22 17:49:57,372 | INFO  | DNAudit | user=null | ip=null | op=CLOSE_CONTAINER {containerID=1} | ret=SUCCESS |  
2019-08-22 17:49:57,372 [RatisApplyTransactionExecutor 1] INFO  interfaces.Container (KeyValueContainer.java:compactDB(356)) - Container 1 is closed with bcsId 4.
2019-08-22 17:49:57,372 | INFO  | DNAudit | user=null | ip=null | op=CLOSE_CONTAINER {containerID=1} | ret=SUCCESS |  
2019-08-22 17:49:57,373 | INFO  | SCMAudit | user=jenkins1000 | ip=192.168.5.173 | op=SEND_HEARTBEAT {datanodeUUID=f56af1c7-d196-4686-9983-5f1b73da6fe9, command=[]} | ret=SUCCESS |  
2019-08-22 17:49:57,373 | INFO  | SCMAudit | user=jenkins1000 | ip=192.168.5.173 | op=SEND_HEARTBEAT {datanodeUUID=a29b0749-4fa9-464b-a5e0-ea013a767c21, command=[]} | ret=SUCCESS |  
2019-08-22 17:49:57,392 | INFO  | SCMAudit | user=jenkins1000 | ip=192.168.5.173 | op=ALLOCATE_BLOCK {owner=f607c320-9105-493e-a258-940f836ba75a, size=800, type=RATIS, factor=THREE} | ret=SUCCESS |  
2019-08-22 17:49:57,393 | INFO  | OMAudit | user=jenkins1000 | ip=127.0.0.1 | op=ALLOCATE_BLOCK {volume=testblockoutputstream, bucket=testblockoutputstream, key=63f44d08-0159-4eeb-9410-42b587db0383, dataSize=0, replicationType=null, replicationFactor=null, keyLocationInfo=null, clientID=102661893927534608} | ret=SUCCESS |  
2019-08-22 17:49:57,527 | INFO  | DNAudit | user=null | ip=null | op=WRITE_CHUNK {blockData=conID: 2 locID: 102661894792216594 bcsId: 0} | ret=SUCCESS |  
2019-08-22 17:49:57,527 | INFO  | DNAudit | user=null | ip=null | op=WRITE_CHUNK {blockData=conID: 2 locID: 102661894792216594 bcsId: 0} | ret=SUCCESS |  
2019-08-22 17:49:57,527 | INFO  | DNAudit | user=null | ip=null | op=WRITE_CHUNK {blockData=conID: 2 locID: 102661894792216594 bcsId: 0} | ret=SUCCESS |  
2019-08-22 17:49:57,528 | INFO  | SCMAudit | user=jenkins1000 | ip=192.168.5.173 | op=SEND_HEARTBEAT {datanodeUUID=69232983-8dba-446a-9451-2b46042e75c9, command=[]} | ret=SUCCESS |  
2019-08-22 17:49:57,528 | INFO  | SCMAudit | user=jenkins1000 | ip=192.168.5.173 | op=SEND_HEARTBEAT {datanodeUUID=a29b0749-4fa9-464b-a5e0-ea013a767c21, command=[]} | ret=SUCCESS |  
2019-08-22 17:49:57,528 | INFO  | SCMAudit | user=jenkins1000 | ip=192.168.5.173 | op=SEND_HEARTBEAT {datanodeUUID=f56af1c7-d196-4686-9983-5f1b73da6fe9, command=[]} | ret=SUCCESS |  
2019-08-22 17:49:57,542 | INFO  | DNAudit | user=null | ip=null | op=WRITE_CHUNK {blockData=conID: 2 locID: 102661894792216594 bcsId: 0} | ret=SUCCESS |  
2019-08-22 17:49:57,550 [grpc-default-executor-2] INFO  client.GrpcClientProtocolClient (GrpcClientProtocolClient.java:onNext(255)) - client-812E12D84177->69232983-8dba-446a-9451-2b46042e75c9: receive RaftClientReply:client-812E12D84177->69232983-8dba-446a-9451-2b46042e75c9@group-92301C51CB26, cid=199, SUCCESS, logIndex=9, commits[69232983-8dba-446a-9451-2b46042e75c9:c9, f56af1c7-d196-4686-9983-5f1b73da6fe9:c8, a29b0749-4fa9-464b-a5e0-ea013a767c21:c8]
2019-08-22 17:49:57,555 | INFO  | DNAudit | user=null | ip=null | op=WRITE_CHUNK {blockData=conID: 2 locID: 102661894792216594 bcsId: 0} | ret=SUCCESS |  
2019-08-22 17:49:57,556 | INFO  | DNAudit | user=null | ip=null | op=WRITE_CHUNK {blockData=conID: 2 locID: 102661894792216594 bcsId: 0} | ret=SUCCESS |  
2019-08-22 17:49:57,559 | INFO  | DNAudit | user=null | ip=null | op=WRITE_CHUNK {blockData=conID: 2 locID: 102661894792216594 bcsId: 0} | ret=SUCCESS |  
2019-08-22 17:49:57,563 | INFO  | DNAudit | user=null | ip=null | op=WRITE_CHUNK {blockData=conID: 2 locID: 102661894792216594 bcsId: 0} | ret=SUCCESS |  
2019-08-22 17:49:57,563 | INFO  | DNAudit | user=null | ip=null | op=WRITE_CHUNK {blockData=conID: 2 locID: 102661894792216594 bcsId: 0} | ret=SUCCESS |  
2019-08-22 17:49:57,570 | INFO  | DNAudit | user=null | ip=null | op=WRITE_CHUNK {blockData=conID: 2 locID: 102661894792216594 bcsId: 0} | ret=SUCCESS |  
2019-08-22 17:49:57,575 [grpc-default-executor-1] INFO  client.GrpcClientProtocolClient (GrpcClientProtocolClient.java:onNext(255)) - client-812E12D84177->69232983-8dba-446a-9451-2b46042e75c9: receive RaftClientReply:client-812E12D84177->69232983-8dba-446a-9451-2b46042e75c9@group-92301C51CB26, cid=200, SUCCESS, logIndex=11, commits[69232983-8dba-446a-9451-2b46042e75c9:c11, f56af1c7-d196-4686-9983-5f1b73da6fe9:c9, a29b0749-4fa9-464b-a5e0-ea013a767c21:c10]
2019-08-22 17:49:57,583 | INFO  | DNAudit | user=null | ip=null | op=WRITE_CHUNK {blockData=conID: 2 locID: 102661894792216594 bcsId: 0} | ret=SUCCESS |  
2019-08-22 17:49:57,583 | INFO  | DNAudit | user=null | ip=null | op=WRITE_CHUNK {blockData=conID: 2 locID: 102661894792216594 bcsId: 0} | ret=SUCCESS |  
2019-08-22 17:49:57,638 | INFO  | DNAudit | user=null | ip=null | op=PUT_BLOCK {blockData=[blockId=conID: 2 locID: 102661894792216594 bcsId: 0,size=167]} | ret=SUCCESS |  
2019-08-22 17:49:57,640 [grpc-default-executor-1] INFO  client.GrpcClientProtocolClient (GrpcClientProtocolClient.java:onNext(255)) - client-812E12D84177->69232983-8dba-446a-9451-2b46042e75c9: receive RaftClientReply:client-812E12D84177->69232983-8dba-446a-9451-2b46042e75c9@group-92301C51CB26, cid=201, SUCCESS, logIndex=12, commits[69232983-8dba-446a-9451-2b46042e75c9:c14, f56af1c7-d196-4686-9983-5f1b73da6fe9:c11, a29b0749-4fa9-464b-a5e0-ea013a767c21:c11]
2019-08-22 17:49:57,733 | INFO  | SCMAudit | user=jenkins1000 | ip=192.168.5.173 | op=SEND_HEARTBEAT {datanodeUUID=c2d5ad94-5356-4232-a32f-95f0e36a9a79, command=[]} | ret=SUCCESS |  
2019-08-22 17:49:57,923 | INFO  | SCMAudit | user=jenkins1000 | ip=192.168.5.173 | op=SEND_HEARTBEAT {datanodeUUID=4d50bca6-1793-48ce-b534-bf550895ea18, command=[]} | ret=SUCCESS |  
2019-08-22 17:49:58,086 | INFO  | SCMAudit | user=jenkins1000 | ip=192.168.5.173 | op=SEND_HEARTBEAT {datanodeUUID=292d8095-7184-41a3-9854-985e76fd1716, command=[]} | ret=SUCCESS |  
2019-08-22 17:49:58,313 | INFO  | SCMAudit | user=jenkins1000 | ip=192.168.5.173 | op=SEND_HEARTBEAT {datanodeUUID=99e65ce9-9658-4d2b-9ccf-b58166a10afd, command=[]} | ret=SUCCESS |  
2019-08-22 17:49:58,528 | INFO  | SCMAudit | user=jenkins1000 | ip=192.168.5.173 | op=SEND_HEARTBEAT {datanodeUUID=f56af1c7-d196-4686-9983-5f1b73da6fe9, command=[]} | ret=SUCCESS |  
2019-08-22 17:49:58,528 | INFO  | SCMAudit | user=jenkins1000 | ip=192.168.5.173 | op=SEND_HEARTBEAT {datanodeUUID=a29b0749-4fa9-464b-a5e0-ea013a767c21, command=[]} | ret=SUCCESS |  
2019-08-22 17:49:58,528 | INFO  | SCMAudit | user=jenkins1000 | ip=192.168.5.173 | op=SEND_HEARTBEAT {datanodeUUID=69232983-8dba-446a-9451-2b46042e75c9, command=[]} | ret=SUCCESS |  
2019-08-22 17:49:58,641 [main] WARN  scm.XceiverClientRatis (XceiverClientRatis.java:watchForCommit(262)) - 3 way commit failed on pipeline Pipeline[ Id: 4a4183c5-9385-4f89-a7e8-92301c51cb26, Nodes: 69232983-8dba-446a-9451-2b46042e75c9{ip: 192.168.5.173, host: pr-hdds-1808-4dtdn-3774871440, networkLocation: /default-rack, certSerialId: null}f56af1c7-d196-4686-9983-5f1b73da6fe9{ip: 192.168.5.173, host: pr-hdds-1808-4dtdn-3774871440, networkLocation: /default-rack, certSerialId: null}a29b0749-4fa9-464b-a5e0-ea013a767c21{ip: 192.168.5.173, host: pr-hdds-1808-4dtdn-3774871440, networkLocation: /default-rack, certSerialId: null}, Type:RATIS, Factor:THREE, State:OPEN]
java.util.concurrent.TimeoutException
	at java.util.concurrent.CompletableFuture.timedGet(CompletableFuture.java:1771)
	at java.util.concurrent.CompletableFuture.get(CompletableFuture.java:1915)
	at org.apache.hadoop.hdds.scm.XceiverClientRatis.watchForCommit(XceiverClientRatis.java:259)
	at org.apache.hadoop.hdds.scm.storage.CommitWatcher.watchForCommit(CommitWatcher.java:194)
	at org.apache.hadoop.hdds.scm.storage.CommitWatcher.watchOnLastIndex(CommitWatcher.java:157)
	at org.apache.hadoop.hdds.scm.storage.BlockOutputStream.watchForCommit(BlockOutputStream.java:347)
	at org.apache.hadoop.hdds.scm.storage.BlockOutputStream.handleFlush(BlockOutputStream.java:479)
	at org.apache.hadoop.hdds.scm.storage.BlockOutputStream.flush(BlockOutputStream.java:428)
	at org.apache.hadoop.ozone.client.io.BlockOutputStreamEntry.flush(BlockOutputStreamEntry.java:136)
	at org.apache.hadoop.ozone.client.io.KeyOutputStream.handleFlushOrClose(KeyOutputStream.java:442)
	at org.apache.hadoop.ozone.client.io.KeyOutputStream.flush(KeyOutputStream.java:396)
	at org.apache.hadoop.ozone.client.io.OzoneOutputStream.flush(OzoneOutputStream.java:54)
	at org.apache.hadoop.ozone.client.rpc.TestBlockOutputStreamWithFailures.testFailureWithPrimeSizedData(TestBlockOutputStreamWithFailures.java:633)
	at sun.reflect.NativeMethodAccessorImpl.invoke0(Native Method)
	at sun.reflect.NativeMethodAccessorImpl.invoke(NativeMethodAccessorImpl.java:62)
	at sun.reflect.DelegatingMethodAccessorImpl.invoke(DelegatingMethodAccessorImpl.java:43)
	at java.lang.reflect.Method.invoke(Method.java:498)
	at org.junit.runners.model.FrameworkMethod$1.runReflectiveCall(FrameworkMethod.java:47)
	at org.junit.internal.runners.model.ReflectiveCallable.run(ReflectiveCallable.java:12)
	at org.junit.runners.model.FrameworkMethod.invokeExplosively(FrameworkMethod.java:44)
	at org.junit.internal.runners.statements.InvokeMethod.evaluate(InvokeMethod.java:17)
	at org.junit.internal.runners.statements.RunBefores.evaluate(RunBefores.java:26)
	at org.junit.internal.runners.statements.RunAfters.evaluate(RunAfters.java:27)
	at org.junit.runners.ParentRunner.runLeaf(ParentRunner.java:271)
	at org.junit.runners.BlockJUnit4ClassRunner.runChild(BlockJUnit4ClassRunner.java:70)
	at org.junit.runners.BlockJUnit4ClassRunner.runChild(BlockJUnit4ClassRunner.java:50)
	at org.junit.runners.ParentRunner$3.run(ParentRunner.java:238)
	at org.junit.runners.ParentRunner$1.schedule(ParentRunner.java:63)
	at org.junit.runners.ParentRunner.runChildren(ParentRunner.java:236)
	at org.junit.runners.ParentRunner.access$000(ParentRunner.java:53)
	at org.junit.runners.ParentRunner$2.evaluate(ParentRunner.java:229)
	at org.junit.runners.ParentRunner.run(ParentRunner.java:309)
	at org.apache.maven.surefire.junit4.JUnit4Provider.execute(JUnit4Provider.java:365)
	at org.apache.maven.surefire.junit4.JUnit4Provider.executeWithRerun(JUnit4Provider.java:273)
	at org.apache.maven.surefire.junit4.JUnit4Provider.executeTestSet(JUnit4Provider.java:238)
	at org.apache.maven.surefire.junit4.JUnit4Provider.invoke(JUnit4Provider.java:159)
	at org.apache.maven.surefire.booter.ForkedBooter.invokeProviderInSameClassLoader(ForkedBooter.java:384)
	at org.apache.maven.surefire.booter.ForkedBooter.runSuitesInProcess(ForkedBooter.java:345)
	at org.apache.maven.surefire.booter.ForkedBooter.execute(ForkedBooter.java:126)
	at org.apache.maven.surefire.booter.ForkedBooter.main(ForkedBooter.java:418)
2019-08-22 17:49:58,733 | INFO  | SCMAudit | user=jenkins1000 | ip=192.168.5.173 | op=SEND_HEARTBEAT {datanodeUUID=c2d5ad94-5356-4232-a32f-95f0e36a9a79, command=[]} | ret=SUCCESS |  
2019-08-22 17:49:58,924 | INFO  | SCMAudit | user=jenkins1000 | ip=192.168.5.173 | op=SEND_HEARTBEAT {datanodeUUID=4d50bca6-1793-48ce-b534-bf550895ea18, command=[]} | ret=SUCCESS |  
2019-08-22 17:49:59,086 | INFO  | SCMAudit | user=jenkins1000 | ip=192.168.5.173 | op=SEND_HEARTBEAT {datanodeUUID=292d8095-7184-41a3-9854-985e76fd1716, command=[]} | ret=SUCCESS |  
2019-08-22 17:49:59,313 | INFO  | SCMAudit | user=jenkins1000 | ip=192.168.5.173 | op=SEND_HEARTBEAT {datanodeUUID=99e65ce9-9658-4d2b-9ccf-b58166a10afd, command=[]} | ret=SUCCESS |  
2019-08-22 17:49:59,528 | INFO  | SCMAudit | user=jenkins1000 | ip=192.168.5.173 | op=SEND_HEARTBEAT {datanodeUUID=f56af1c7-d196-4686-9983-5f1b73da6fe9, command=[]} | ret=SUCCESS |  
2019-08-22 17:49:59,528 | INFO  | SCMAudit | user=jenkins1000 | ip=192.168.5.173 | op=SEND_HEARTBEAT {datanodeUUID=a29b0749-4fa9-464b-a5e0-ea013a767c21, command=[]} | ret=SUCCESS |  
2019-08-22 17:49:59,528 | INFO  | SCMAudit | user=jenkins1000 | ip=192.168.5.173 | op=SEND_HEARTBEAT {datanodeUUID=69232983-8dba-446a-9451-2b46042e75c9, command=[]} | ret=SUCCESS |  
2019-08-22 17:49:59,645 [main] WARN  storage.CommitWatcher (CommitWatcher.java:watchForCommit(203)) - watchForCommit failed for index 12
java.util.concurrent.TimeoutException
	at java.util.concurrent.CompletableFuture.timedGet(CompletableFuture.java:1771)
	at java.util.concurrent.CompletableFuture.get(CompletableFuture.java:1915)
	at org.apache.hadoop.hdds.scm.XceiverClientRatis.watchForCommit(XceiverClientRatis.java:268)
	at org.apache.hadoop.hdds.scm.storage.CommitWatcher.watchForCommit(CommitWatcher.java:194)
	at org.apache.hadoop.hdds.scm.storage.CommitWatcher.watchOnLastIndex(CommitWatcher.java:157)
	at org.apache.hadoop.hdds.scm.storage.BlockOutputStream.watchForCommit(BlockOutputStream.java:347)
	at org.apache.hadoop.hdds.scm.storage.BlockOutputStream.handleFlush(BlockOutputStream.java:479)
	at org.apache.hadoop.hdds.scm.storage.BlockOutputStream.flush(BlockOutputStream.java:428)
	at org.apache.hadoop.ozone.client.io.BlockOutputStreamEntry.flush(BlockOutputStreamEntry.java:136)
	at org.apache.hadoop.ozone.client.io.KeyOutputStream.handleFlushOrClose(KeyOutputStream.java:442)
	at org.apache.hadoop.ozone.client.io.KeyOutputStream.flush(KeyOutputStream.java:396)
	at org.apache.hadoop.ozone.client.io.OzoneOutputStream.flush(OzoneOutputStream.java:54)
	at org.apache.hadoop.ozone.client.rpc.TestBlockOutputStreamWithFailures.testFailureWithPrimeSizedData(TestBlockOutputStreamWithFailures.java:633)
	at sun.reflect.NativeMethodAccessorImpl.invoke0(Native Method)
	at sun.reflect.NativeMethodAccessorImpl.invoke(NativeMethodAccessorImpl.java:62)
	at sun.reflect.DelegatingMethodAccessorImpl.invoke(DelegatingMethodAccessorImpl.java:43)
	at java.lang.reflect.Method.invoke(Method.java:498)
	at org.junit.runners.model.FrameworkMethod$1.runReflectiveCall(FrameworkMethod.java:47)
	at org.junit.internal.runners.model.ReflectiveCallable.run(ReflectiveCallable.java:12)
	at org.junit.runners.model.FrameworkMethod.invokeExplosively(FrameworkMethod.java:44)
	at org.junit.internal.runners.statements.InvokeMethod.evaluate(InvokeMethod.java:17)
	at org.junit.internal.runners.statements.RunBefores.evaluate(RunBefores.java:26)
	at org.junit.internal.runners.statements.RunAfters.evaluate(RunAfters.java:27)
	at org.junit.runners.ParentRunner.runLeaf(ParentRunner.java:271)
	at org.junit.runners.BlockJUnit4ClassRunner.runChild(BlockJUnit4ClassRunner.java:70)
	at org.junit.runners.BlockJUnit4ClassRunner.runChild(BlockJUnit4ClassRunner.java:50)
	at org.junit.runners.ParentRunner$3.run(ParentRunner.java:238)
	at org.junit.runners.ParentRunner$1.schedule(ParentRunner.java:63)
	at org.junit.runners.ParentRunner.runChildren(ParentRunner.java:236)
	at org.junit.runners.ParentRunner.access$000(ParentRunner.java:53)
	at org.junit.runners.ParentRunner$2.evaluate(ParentRunner.java:229)
	at org.junit.runners.ParentRunner.run(ParentRunner.java:309)
	at org.apache.maven.surefire.junit4.JUnit4Provider.execute(JUnit4Provider.java:365)
	at org.apache.maven.surefire.junit4.JUnit4Provider.executeWithRerun(JUnit4Provider.java:273)
	at org.apache.maven.surefire.junit4.JUnit4Provider.executeTestSet(JUnit4Provider.java:238)
	at org.apache.maven.surefire.junit4.JUnit4Provider.invoke(JUnit4Provider.java:159)
	at org.apache.maven.surefire.booter.ForkedBooter.invokeProviderInSameClassLoader(ForkedBooter.java:384)
	at org.apache.maven.surefire.booter.ForkedBooter.runSuitesInProcess(ForkedBooter.java:345)
	at org.apache.maven.surefire.booter.ForkedBooter.execute(ForkedBooter.java:126)
	at org.apache.maven.surefire.booter.ForkedBooter.main(ForkedBooter.java:418)
2019-08-22 17:49:59,646 [main] WARN  io.KeyOutputStream (KeyOutputStream.java:handleException(276)) - Encountered exception java.io.IOException: Unexpected Storage Container Exception: java.io.IOException: Unexpected Storage Container Exception: java.util.concurrent.TimeoutException on the pipeline Pipeline[ Id: 4a4183c5-9385-4f89-a7e8-92301c51cb26, Nodes: 69232983-8dba-446a-9451-2b46042e75c9{ip: 192.168.5.173, host: pr-hdds-1808-4dtdn-3774871440, networkLocation: /default-rack, certSerialId: null}f56af1c7-d196-4686-9983-5f1b73da6fe9{ip: 192.168.5.173, host: pr-hdds-1808-4dtdn-3774871440, networkLocation: /default-rack, certSerialId: null}a29b0749-4fa9-464b-a5e0-ea013a767c21{ip: 192.168.5.173, host: pr-hdds-1808-4dtdn-3774871440, networkLocation: /default-rack, certSerialId: null}, Type:RATIS, Factor:THREE, State:OPEN]. The last committed block length is 0, uncommitted data length is 167 retry count 0
2019-08-22 17:49:59,651 | INFO  | SCMAudit | user=jenkins1000 | ip=192.168.5.173 | op=ALLOCATE_BLOCK {owner=f607c320-9105-493e-a258-940f836ba75a, size=800, type=RATIS, factor=THREE} | ret=SUCCESS |  
2019-08-22 17:49:59,655 | INFO  | OMAudit | user=jenkins1000 | ip=127.0.0.1 | op=ALLOCATE_BLOCK {volume=testblockoutputstream, bucket=testblockoutputstream, key=63f44d08-0159-4eeb-9410-42b587db0383, dataSize=0, replicationType=null, replicationFactor=null, keyLocationInfo=null, clientID=102661893927534608} | ret=SUCCESS |  
2019-08-22 17:49:59,668 [grpc-default-executor-5] INFO  client.GrpcClientProtocolClient (GrpcClientProtocolClient.java:onNext(255)) - client-DC6127DBBAC1->4d50bca6-1793-48ce-b534-bf550895ea18: receive RaftClientReply:client-DC6127DBBAC1->4d50bca6-1793-48ce-b534-bf550895ea18@group-E954F635198A, cid=204, FAILED org.apache.ratis.protocol.NotLeaderException: Server 4d50bca6-1793-48ce-b534-bf550895ea18 is not the leader (99e65ce9-9658-4d2b-9ccf-b58166a10afd:192.168.5.173:38554). Request must be sent to leader., logIndex=0, commits[4d50bca6-1793-48ce-b534-bf550895ea18:c0, 99e65ce9-9658-4d2b-9ccf-b58166a10afd:c0, c2d5ad94-5356-4232-a32f-95f0e36a9a79:c0]
2019-08-22 17:49:59,734 | INFO  | SCMAudit | user=jenkins1000 | ip=192.168.5.173 | op=SEND_HEARTBEAT {datanodeUUID=c2d5ad94-5356-4232-a32f-95f0e36a9a79, command=[]} | ret=SUCCESS |  
2019-08-22 17:49:59,924 | INFO  | SCMAudit | user=jenkins1000 | ip=192.168.5.173 | op=SEND_HEARTBEAT {datanodeUUID=4d50bca6-1793-48ce-b534-bf550895ea18, command=[]} | ret=SUCCESS |  
2019-08-22 17:50:00,071 | INFO  | DNAudit | user=null | ip=null | op=WRITE_CHUNK {blockData=conID: 3 locID: 102661894940262419 bcsId: 0} | ret=SUCCESS |  
2019-08-22 17:50:00,071 | INFO  | SCMAudit | user=jenkins1000 | ip=192.168.5.173 | op=SEND_HEARTBEAT {datanodeUUID=4d50bca6-1793-48ce-b534-bf550895ea18, command=[]} | ret=SUCCESS |  
2019-08-22 17:50:00,083 | INFO  | DNAudit | user=null | ip=null | op=WRITE_CHUNK {blockData=conID: 3 locID: 102661894940262419 bcsId: 0} | ret=SUCCESS |  
2019-08-22 17:50:00,083 | INFO  | DNAudit | user=null | ip=null | op=WRITE_CHUNK {blockData=conID: 3 locID: 102661894940262419 bcsId: 0} | ret=SUCCESS |  
2019-08-22 17:50:00,083 | INFO  | SCMAudit | user=jenkins1000 | ip=192.168.5.173 | op=SEND_HEARTBEAT {datanodeUUID=c2d5ad94-5356-4232-a32f-95f0e36a9a79, command=[]} | ret=SUCCESS |  
2019-08-22 17:50:00,083 | INFO  | SCMAudit | user=jenkins1000 | ip=192.168.5.173 | op=SEND_HEARTBEAT {datanodeUUID=99e65ce9-9658-4d2b-9ccf-b58166a10afd, command=[]} | ret=SUCCESS |  
2019-08-22 17:50:00,087 | INFO  | SCMAudit | user=jenkins1000 | ip=192.168.5.173 | op=SEND_HEARTBEAT {datanodeUUID=292d8095-7184-41a3-9854-985e76fd1716, command=[]} | ret=SUCCESS |  
2019-08-22 17:50:00,095 | INFO  | DNAudit | user=null | ip=null | op=WRITE_CHUNK {blockData=conID: 3 locID: 102661894940262419 bcsId: 0} | ret=SUCCESS |  
2019-08-22 17:50:00,100 [grpc-default-executor-1] INFO  client.GrpcClientProtocolClient (GrpcClientProtocolClient.java:onNext(255)) - client-DC6127DBBAC1->99e65ce9-9658-4d2b-9ccf-b58166a10afd: receive RaftClientReply:client-DC6127DBBAC1->99e65ce9-9658-4d2b-9ccf-b58166a10afd@group-E954F635198A, cid=204, SUCCESS, logIndex=1, commits[99e65ce9-9658-4d2b-9ccf-b58166a10afd:c1, c2d5ad94-5356-4232-a32f-95f0e36a9a79:c0, 4d50bca6-1793-48ce-b534-bf550895ea18:c0]
2019-08-22 17:50:00,108 [grpc-default-executor-1] INFO  client.GrpcClientProtocolClient (GrpcClientProtocolClient.java:onNext(255)) - client-812E12D84177->69232983-8dba-446a-9451-2b46042e75c9: receive RaftClientReply:client-812E12D84177->69232983-8dba-446a-9451-2b46042e75c9@group-92301C51CB26, cid=203, SUCCESS, logIndex=0, commits[69232983-8dba-446a-9451-2b46042e75c9:c14, f56af1c7-d196-4686-9983-5f1b73da6fe9:c14, a29b0749-4fa9-464b-a5e0-ea013a767c21:c11]
2019-08-22 17:50:00,108 | INFO  | DNAudit | user=null | ip=null | op=WRITE_CHUNK {blockData=conID: 3 locID: 102661894940262419 bcsId: 0} | ret=SUCCESS |  
2019-08-22 17:50:00,108 | INFO  | DNAudit | user=null | ip=null | op=WRITE_CHUNK {blockData=conID: 3 locID: 102661894940262419 bcsId: 0} | ret=SUCCESS |  
2019-08-22 17:50:00,108 | INFO  | DNAudit | user=null | ip=null | op=WRITE_CHUNK {blockData=conID: 3 locID: 102661894940262419 bcsId: 0} | ret=SUCCESS |  
2019-08-22 17:50:00,109 [grpc-default-executor-1] INFO  client.GrpcClientProtocolClient (GrpcClientProtocolClient.java:onNext(255)) - client-812E12D84177->69232983-8dba-446a-9451-2b46042e75c9: receive RaftClientReply:client-812E12D84177->69232983-8dba-446a-9451-2b46042e75c9@group-92301C51CB26, cid=202, SUCCESS, logIndex=0, commits[69232983-8dba-446a-9451-2b46042e75c9:c14, f56af1c7-d196-4686-9983-5f1b73da6fe9:c14, a29b0749-4fa9-464b-a5e0-ea013a767c21:c14]
2019-08-22 17:50:00,110 | INFO  | DNAudit | user=null | ip=null | op=WRITE_CHUNK {blockData=conID: 3 locID: 102661894940262419 bcsId: 0} | ret=SUCCESS |  
2019-08-22 17:50:00,110 | INFO  | DNAudit | user=null | ip=null | op=WRITE_CHUNK {blockData=conID: 3 locID: 102661894940262419 bcsId: 0} | ret=SUCCESS |  
2019-08-22 17:50:00,125 | INFO  | DNAudit | user=null | ip=null | op=WRITE_CHUNK {blockData=conID: 3 locID: 102661894940262419 bcsId: 0} | ret=SUCCESS |  
2019-08-22 17:50:00,129 | INFO  | DNAudit | user=null | ip=null | op=WRITE_CHUNK {blockData=conID: 3 locID: 102661894940262419 bcsId: 0} | ret=SUCCESS |  
2019-08-22 17:50:00,129 | INFO  | DNAudit | user=null | ip=null | op=WRITE_CHUNK {blockData=conID: 3 locID: 102661894940262419 bcsId: 0} | ret=SUCCESS |  
2019-08-22 17:50:00,133 [grpc-default-executor-5] INFO  client.GrpcClientProtocolClient (GrpcClientProtocolClient.java:onNext(255)) - client-DC6127DBBAC1->99e65ce9-9658-4d2b-9ccf-b58166a10afd: receive RaftClientReply:client-DC6127DBBAC1->99e65ce9-9658-4d2b-9ccf-b58166a10afd@group-E954F635198A, cid=205, SUCCESS, logIndex=3, commits[99e65ce9-9658-4d2b-9ccf-b58166a10afd:c4, c2d5ad94-5356-4232-a32f-95f0e36a9a79:c2, 4d50bca6-1793-48ce-b534-bf550895ea18:c2]
2019-08-22 17:50:00,141 | INFO  | DNAudit | user=null | ip=null | op=PUT_BLOCK {blockData=[blockId=conID: 2 locID: 102661894792216594 bcsId: 0,size=167]} | ret=SUCCESS |  
2019-08-22 17:50:00,165 | INFO  | DNAudit | user=null | ip=null | op=PUT_BLOCK {blockData=[blockId=conID: 2 locID: 102661894792216594 bcsId: 0,size=167]} | ret=SUCCESS |  
2019-08-22 17:50:00,242 | INFO  | DNAudit | user=null | ip=null | op=PUT_BLOCK {blockData=[blockId=conID: 3 locID: 102661894940262419 bcsId: 0,size=167]} | ret=SUCCESS |  
2019-08-22 17:50:00,243 [grpc-default-executor-5] INFO  client.GrpcClientProtocolClient (GrpcClientProtocolClient.java:onNext(255)) - client-DC6127DBBAC1->99e65ce9-9658-4d2b-9ccf-b58166a10afd: receive RaftClientReply:client-DC6127DBBAC1->99e65ce9-9658-4d2b-9ccf-b58166a10afd@group-E954F635198A, cid=206, SUCCESS, logIndex=4, commits[99e65ce9-9658-4d2b-9ccf-b58166a10afd:c6, c2d5ad94-5356-4232-a32f-95f0e36a9a79:c4, 4d50bca6-1793-48ce-b534-bf550895ea18:c4]
2019-08-22 17:50:00,244 [main] INFO  ozone.MiniOzoneClusterImpl (MiniOzoneClusterImpl.java:shutdown(321)) - Shutting down the Mini Ozone Cluster
2019-08-22 17:50:00,245 | INFO  | SCMAudit | user=null | ip=null | op=GET_SCM_INFO null | ret=SUCCESS |  
2019-08-22 17:50:00,245 [main] INFO  ozone.MiniOzoneClusterImpl (MiniOzoneClusterImpl.java:stop(336)) - Stopping the Mini Ozone Cluster
2019-08-22 17:50:00,245 [main] INFO  ozone.MiniOzoneClusterImpl (MiniOzoneClusterImpl.java:stop(338)) - Stopping the OzoneManager
2019-08-22 17:50:00,245 [main] INFO  ipc.Server (Server.java:stop(3082)) - Stopping server on 42646
2019-08-22 17:50:00,258 [IPC Server listener on 42646] INFO  ipc.Server (Server.java:run(1185)) - Stopping IPC Server listener on 42646
2019-08-22 17:50:00,261 [main] INFO  ratis.OzoneManagerDoubleBuffer (OzoneManagerDoubleBuffer.java:stop(248)) - Stopping OMDoubleBuffer flush thread
2019-08-22 17:50:00,261 [IPC Server Responder] INFO  ipc.Server (Server.java:run(1319)) - Stopping IPC Server Responder
2019-08-22 17:50:00,269 [OMDoubleBufferFlushThread] INFO  ratis.OzoneManagerDoubleBuffer (OzoneManagerDoubleBuffer.java:flushTransactions(191)) - OMDoubleBuffer flush thread OMDoubleBufferFlushThread is interrupted and will exit. OMDoubleBufferFlushThread
2019-08-22 17:50:00,277 [main] INFO  utils.BackgroundService (BackgroundService.java:shutdown(148)) - Shutting down service KeyDeletingService
2019-08-22 17:50:00,296 [main] INFO  handler.ContextHandler (ContextHandler.java:doStop(910)) - Stopped o.e.j.w.WebAppContext@7ae88df1{/,null,UNAVAILABLE}{/ozoneManager}
2019-08-22 17:50:00,297 [main] INFO  server.AbstractConnector (AbstractConnector.java:doStop(318)) - Stopped ServerConnector@502a9b30{HTTP/1.1,[http/1.1]}{0.0.0.0:0}
2019-08-22 17:50:00,298 [main] INFO  handler.ContextHandler (ContextHandler.java:doStop(910)) - Stopped o.e.j.s.ServletContextHandler@743167c7{/static,file:///workdir/hadoop-ozone/integration-test/target/test-classes/webapps/static,UNAVAILABLE}
2019-08-22 17:50:00,298 [main] INFO  handler.ContextHandler (ContextHandler.java:doStop(910)) - Stopped o.e.j.s.ServletContextHandler@497ccf3{/logs,file:///workdir/hadoop-ozone/integration-test/target/log,UNAVAILABLE}
2019-08-22 17:50:00,300 | INFO  | DNAudit | user=null | ip=null | op=PUT_BLOCK {blockData=[blockId=conID: 3 locID: 102661894940262419 bcsId: 0,size=167]} | ret=SUCCESS |  
2019-08-22 17:50:00,301 [main] INFO  ozone.MiniOzoneClusterImpl (MiniOzoneClusterImpl.java:stop(344)) - Shutting the HddsDatanodes
2019-08-22 17:50:00,302 [main] INFO  datanode.ObjectStoreHandler (ObjectStoreHandler.java:close(155)) - Closing ObjectStoreHandler.
2019-08-22 17:50:00,302 [ForkJoinPool.commonPool-worker-0] INFO  datanode.ObjectStoreHandler (ObjectStoreHandler.java:close(155)) - Closing ObjectStoreHandler.
2019-08-22 17:50:00,303 [main] INFO  ozone.HddsDatanodeService (HddsDatanodeService.java:stop(451)) - Stopped plug-in org.apache.hadoop.ozone.web.OzoneHddsDatanodeService@6cd8aee2
2019-08-22 17:50:00,303 [ForkJoinPool.commonPool-worker-0] INFO  ozone.HddsDatanodeService (HddsDatanodeService.java:stop(451)) - Stopped plug-in org.apache.hadoop.ozone.web.OzoneHddsDatanodeService@5aeb2c8a
2019-08-22 17:50:00,358 | INFO  | DNAudit | user=null | ip=null | op=PUT_BLOCK {blockData=[blockId=conID: 3 locID: 102661894940262419 bcsId: 0,size=167]} | ret=SUCCESS |  
2019-08-22 17:50:00,528 | INFO  | SCMAudit | user=jenkins1000 | ip=192.168.5.173 | op=SEND_HEARTBEAT {datanodeUUID=f56af1c7-d196-4686-9983-5f1b73da6fe9, command=[]} | ret=SUCCESS |  
2019-08-22 17:50:00,528 | INFO  | SCMAudit | user=jenkins1000 | ip=192.168.5.173 | op=SEND_HEARTBEAT {datanodeUUID=a29b0749-4fa9-464b-a5e0-ea013a767c21, command=[]} | ret=SUCCESS |  
2019-08-22 17:50:00,529 [Datanode State Machine Thread - 0] INFO  statemachine.DatanodeStateMachine (DatanodeStateMachine.java:lambda$startDaemon$0(350)) - Ozone container server started.
2019-08-22 17:50:01,068 | INFO  | SCMAudit | user=jenkins1000 | ip=192.168.5.173 | op=SEND_HEARTBEAT {datanodeUUID=4d50bca6-1793-48ce-b534-bf550895ea18, command=[]} | ret=SUCCESS |  
2019-08-22 17:50:01,078 [Datanode State Machine Thread - 0] INFO  statemachine.DatanodeStateMachine (DatanodeStateMachine.java:lambda$startDaemon$0(350)) - Ozone container server started.
2019-08-22 17:50:01,079 | INFO  | SCMAudit | user=jenkins1000 | ip=192.168.5.173 | op=SEND_HEARTBEAT {datanodeUUID=99e65ce9-9658-4d2b-9ccf-b58166a10afd, command=[]} | ret=SUCCESS |  
2019-08-22 17:50:01,087 | INFO  | SCMAudit | user=jenkins1000 | ip=192.168.5.173 | op=SEND_HEARTBEAT {datanodeUUID=292d8095-7184-41a3-9854-985e76fd1716, command=[]} | ret=SUCCESS |  
2019-08-22 17:50:01,529 | INFO  | SCMAudit | user=jenkins1000 | ip=192.168.5.173 | op=SEND_HEARTBEAT {datanodeUUID=a29b0749-4fa9-464b-a5e0-ea013a767c21, command=[]} | ret=SUCCESS |  
2019-08-22 17:50:01,529 | INFO  | SCMAudit | user=jenkins1000 | ip=192.168.5.173 | op=SEND_HEARTBEAT {datanodeUUID=f56af1c7-d196-4686-9983-5f1b73da6fe9, command=[]} | ret=SUCCESS |  
2019-08-22 17:50:02,068 | INFO  | SCMAudit | user=jenkins1000 | ip=192.168.5.173 | op=SEND_HEARTBEAT {datanodeUUID=4d50bca6-1793-48ce-b534-bf550895ea18, command=[]} | ret=SUCCESS |  
2019-08-22 17:50:02,078 | INFO  | SCMAudit | user=jenkins1000 | ip=192.168.5.173 | op=SEND_HEARTBEAT {datanodeUUID=99e65ce9-9658-4d2b-9ccf-b58166a10afd, command=[]} | ret=SUCCESS |  
2019-08-22 17:50:02,087 | INFO  | SCMAudit | user=jenkins1000 | ip=192.168.5.173 | op=SEND_HEARTBEAT {datanodeUUID=292d8095-7184-41a3-9854-985e76fd1716, command=[]} | ret=SUCCESS |  
2019-08-22 17:50:02,528 | INFO  | SCMAudit | user=jenkins1000 | ip=192.168.5.173 | op=SEND_HEARTBEAT {datanodeUUID=a29b0749-4fa9-464b-a5e0-ea013a767c21, command=[]} | ret=SUCCESS |  
2019-08-22 17:50:02,529 | INFO  | SCMAudit | user=jenkins1000 | ip=192.168.5.173 | op=SEND_HEARTBEAT {datanodeUUID=f56af1c7-d196-4686-9983-5f1b73da6fe9, command=[]} | ret=SUCCESS |  
2019-08-22 17:50:03,068 | INFO  | SCMAudit | user=jenkins1000 | ip=192.168.5.173 | op=SEND_HEARTBEAT {datanodeUUID=4d50bca6-1793-48ce-b534-bf550895ea18, command=[]} | ret=SUCCESS |  
2019-08-22 17:50:03,078 | INFO  | SCMAudit | user=jenkins1000 | ip=192.168.5.173 | op=SEND_HEARTBEAT {datanodeUUID=99e65ce9-9658-4d2b-9ccf-b58166a10afd, command=[]} | ret=SUCCESS |  
2019-08-22 17:50:03,087 | INFO  | SCMAudit | user=jenkins1000 | ip=192.168.5.173 | op=SEND_HEARTBEAT {datanodeUUID=292d8095-7184-41a3-9854-985e76fd1716, command=[]} | ret=SUCCESS |  
2019-08-22 17:50:03,528 | INFO  | SCMAudit | user=jenkins1000 | ip=192.168.5.173 | op=SEND_HEARTBEAT {datanodeUUID=a29b0749-4fa9-464b-a5e0-ea013a767c21, command=[]} | ret=SUCCESS |  
2019-08-22 17:50:03,529 | INFO  | SCMAudit | user=jenkins1000 | ip=192.168.5.173 | op=SEND_HEARTBEAT {datanodeUUID=f56af1c7-d196-4686-9983-5f1b73da6fe9, command=[]} | ret=SUCCESS |  
2019-08-22 17:50:04,068 | INFO  | SCMAudit | user=jenkins1000 | ip=192.168.5.173 | op=SEND_HEARTBEAT {datanodeUUID=4d50bca6-1793-48ce-b534-bf550895ea18, command=[]} | ret=SUCCESS |  
2019-08-22 17:50:04,078 | INFO  | SCMAudit | user=jenkins1000 | ip=192.168.5.173 | op=SEND_HEARTBEAT {datanodeUUID=99e65ce9-9658-4d2b-9ccf-b58166a10afd, command=[]} | ret=SUCCESS |  
2019-08-22 17:50:04,087 | INFO  | SCMAudit | user=jenkins1000 | ip=192.168.5.173 | op=SEND_HEARTBEAT {datanodeUUID=292d8095-7184-41a3-9854-985e76fd1716, command=[]} | ret=SUCCESS |  
2019-08-22 17:50:04,528 | INFO  | SCMAudit | user=jenkins1000 | ip=192.168.5.173 | op=SEND_HEARTBEAT {datanodeUUID=a29b0749-4fa9-464b-a5e0-ea013a767c21, command=[]} | ret=SUCCESS |  
2019-08-22 17:50:04,529 | INFO  | SCMAudit | user=jenkins1000 | ip=192.168.5.173 | op=SEND_HEARTBEAT {datanodeUUID=f56af1c7-d196-4686-9983-5f1b73da6fe9, command=[]} | ret=SUCCESS |  
2019-08-22 17:50:04,603 [EventQueue-StaleNodeForStaleNodeHandler] INFO  node.StaleNodeHandler (StaleNodeHandler.java:onMessage(58)) - Datanode 69232983-8dba-446a-9451-2b46042e75c9{ip: 192.168.5.173, host: pr-hdds-1808-4dtdn-3774871440, networkLocation: /default-rack, certSerialId: null} moved to stale state. Finalizing its pipelines [PipelineID=8788a3f6-3011-474f-abba-b25e9bb74e75, PipelineID=4a4183c5-9385-4f89-a7e8-92301c51cb26]
2019-08-22 17:50:04,604 [EventQueue-StaleNodeForStaleNodeHandler] INFO  pipeline.SCMPipelineManager (SCMPipelineManager.java:finalizeAndDestroyPipeline(309)) - destroying pipeline:Pipeline[ Id: 8788a3f6-3011-474f-abba-b25e9bb74e75, Nodes: 69232983-8dba-446a-9451-2b46042e75c9{ip: 192.168.5.173, host: pr-hdds-1808-4dtdn-3774871440, networkLocation: /default-rack, certSerialId: null}, Type:RATIS, Factor:ONE, State:OPEN]
2019-08-22 17:50:04,604 [EventQueue-StaleNodeForStaleNodeHandler] INFO  pipeline.PipelineStateManager (PipelineStateManager.java:finalizePipeline(123)) - Pipeline Pipeline[ Id: 8788a3f6-3011-474f-abba-b25e9bb74e75, Nodes: 69232983-8dba-446a-9451-2b46042e75c9{ip: 192.168.5.173, host: pr-hdds-1808-4dtdn-3774871440, networkLocation: /default-rack, certSerialId: null}, Type:RATIS, Factor:ONE, State:CLOSED] moved to CLOSED state
2019-08-22 17:50:04,605 [EventQueue-StaleNodeForStaleNodeHandler] INFO  pipeline.SCMPipelineManager (SCMPipelineManager.java:finalizeAndDestroyPipeline(309)) - destroying pipeline:Pipeline[ Id: 4a4183c5-9385-4f89-a7e8-92301c51cb26, Nodes: 69232983-8dba-446a-9451-2b46042e75c9{ip: 192.168.5.173, host: pr-hdds-1808-4dtdn-3774871440, networkLocation: /default-rack, certSerialId: null}f56af1c7-d196-4686-9983-5f1b73da6fe9{ip: 192.168.5.173, host: pr-hdds-1808-4dtdn-3774871440, networkLocation: /default-rack, certSerialId: null}a29b0749-4fa9-464b-a5e0-ea013a767c21{ip: 192.168.5.173, host: pr-hdds-1808-4dtdn-3774871440, networkLocation: /default-rack, certSerialId: null}, Type:RATIS, Factor:THREE, State:OPEN]
2019-08-22 17:50:04,605 [EventQueue-StaleNodeForStaleNodeHandler] INFO  pipeline.PipelineStateManager (PipelineStateManager.java:finalizePipeline(123)) - Pipeline Pipeline[ Id: 4a4183c5-9385-4f89-a7e8-92301c51cb26, Nodes: 69232983-8dba-446a-9451-2b46042e75c9{ip: 192.168.5.173, host: pr-hdds-1808-4dtdn-3774871440, networkLocation: /default-rack, certSerialId: null}f56af1c7-d196-4686-9983-5f1b73da6fe9{ip: 192.168.5.173, host: pr-hdds-1808-4dtdn-3774871440, networkLocation: /default-rack, certSerialId: null}a29b0749-4fa9-464b-a5e0-ea013a767c21{ip: 192.168.5.173, host: pr-hdds-1808-4dtdn-3774871440, networkLocation: /default-rack, certSerialId: null}, Type:RATIS, Factor:THREE, State:CLOSED] moved to CLOSED state
2019-08-22 17:50:04,605 [EventQueue-CloseContainerForCloseContainerEventHandler] INFO  container.CloseContainerEventHandler (CloseContainerEventHandler.java:onMessage(61)) - Close container Event triggered for container : #2
2019-08-22 17:50:05,068 | INFO  | SCMAudit | user=jenkins1000 | ip=192.168.5.173 | op=SEND_HEARTBEAT {datanodeUUID=4d50bca6-1793-48ce-b534-bf550895ea18, command=[]} | ret=SUCCESS |  
2019-08-22 17:50:05,079 | INFO  | SCMAudit | user=jenkins1000 | ip=192.168.5.173 | op=SEND_HEARTBEAT {datanodeUUID=99e65ce9-9658-4d2b-9ccf-b58166a10afd, command=[]} | ret=SUCCESS |  
2019-08-22 17:50:05,087 | INFO  | SCMAudit | user=jenkins1000 | ip=192.168.5.173 | op=SEND_HEARTBEAT {datanodeUUID=292d8095-7184-41a3-9854-985e76fd1716, command=[]} | ret=SUCCESS |  
2019-08-22 17:50:05,104 [EventQueue-StaleNodeForStaleNodeHandler] INFO  node.StaleNodeHandler (StaleNodeHandler.java:onMessage(58)) - Datanode c2d5ad94-5356-4232-a32f-95f0e36a9a79{ip: 192.168.5.173, host: pr-hdds-1808-4dtdn-3774871440, networkLocation: /default-rack, certSerialId: null} moved to stale state. Finalizing its pipelines [PipelineID=32b6daad-a68c-422f-97e0-e954f635198a, PipelineID=3542b93a-2381-4a7f-9551-68d36e8a3029]
2019-08-22 17:50:05,105 [EventQueue-StaleNodeForStaleNodeHandler] INFO  pipeline.SCMPipelineManager (SCMPipelineManager.java:finalizeAndDestroyPipeline(309)) - destroying pipeline:Pipeline[ Id: 32b6daad-a68c-422f-97e0-e954f635198a, Nodes: 4d50bca6-1793-48ce-b534-bf550895ea18{ip: 192.168.5.173, host: pr-hdds-1808-4dtdn-3774871440, networkLocation: /default-rack, certSerialId: null}c2d5ad94-5356-4232-a32f-95f0e36a9a79{ip: 192.168.5.173, host: pr-hdds-1808-4dtdn-3774871440, networkLocation: /default-rack, certSerialId: null}99e65ce9-9658-4d2b-9ccf-b58166a10afd{ip: 192.168.5.173, host: pr-hdds-1808-4dtdn-3774871440, networkLocation: /default-rack, certSerialId: null}, Type:RATIS, Factor:THREE, State:OPEN]
2019-08-22 17:50:05,105 [EventQueue-StaleNodeForStaleNodeHandler] INFO  pipeline.PipelineStateManager (PipelineStateManager.java:finalizePipeline(123)) - Pipeline Pipeline[ Id: 32b6daad-a68c-422f-97e0-e954f635198a, Nodes: 4d50bca6-1793-48ce-b534-bf550895ea18{ip: 192.168.5.173, host: pr-hdds-1808-4dtdn-3774871440, networkLocation: /default-rack, certSerialId: null}c2d5ad94-5356-4232-a32f-95f0e36a9a79{ip: 192.168.5.173, host: pr-hdds-1808-4dtdn-3774871440, networkLocation: /default-rack, certSerialId: null}99e65ce9-9658-4d2b-9ccf-b58166a10afd{ip: 192.168.5.173, host: pr-hdds-1808-4dtdn-3774871440, networkLocation: /default-rack, certSerialId: null}, Type:RATIS, Factor:THREE, State:CLOSED] moved to CLOSED state
2019-08-22 17:50:05,105 [EventQueue-CloseContainerForCloseContainerEventHandler] INFO  container.CloseContainerEventHandler (CloseContainerEventHandler.java:onMessage(61)) - Close container Event triggered for container : #3
2019-08-22 17:50:05,105 [EventQueue-StaleNodeForStaleNodeHandler] INFO  pipeline.SCMPipelineManager (SCMPipelineManager.java:finalizeAndDestroyPipeline(309)) - destroying pipeline:Pipeline[ Id: 3542b93a-2381-4a7f-9551-68d36e8a3029, Nodes: c2d5ad94-5356-4232-a32f-95f0e36a9a79{ip: 192.168.5.173, host: pr-hdds-1808-4dtdn-3774871440, networkLocation: /default-rack, certSerialId: null}, Type:RATIS, Factor:ONE, State:OPEN]
2019-08-22 17:50:05,106 [EventQueue-StaleNodeForStaleNodeHandler] INFO  pipeline.PipelineStateManager (PipelineStateManager.java:finalizePipeline(123)) - Pipeline Pipeline[ Id: 3542b93a-2381-4a7f-9551-68d36e8a3029, Nodes: c2d5ad94-5356-4232-a32f-95f0e36a9a79{ip: 192.168.5.173, host: pr-hdds-1808-4dtdn-3774871440, networkLocation: /default-rack, certSerialId: null}, Type:RATIS, Factor:ONE, State:CLOSED] moved to CLOSED state
2019-08-22 17:50:05,304 [main] INFO  ozoneimpl.OzoneContainer (OzoneContainer.java:stop(199)) - Attempting to stop container services.
2019-08-22 17:50:05,304 [ForkJoinPool.commonPool-worker-0] INFO  ozoneimpl.OzoneContainer (OzoneContainer.java:stop(199)) - Attempting to stop container services.
2019-08-22 17:50:05,304 [main] INFO  impl.RaftServerProxy (RaftServerProxy.java:lambda$close$4(314)) - c2d5ad94-5356-4232-a32f-95f0e36a9a79: close
2019-08-22 17:50:05,305 [ForkJoinPool.commonPool-worker-0] INFO  impl.RaftServerProxy (RaftServerProxy.java:lambda$close$4(314)) - 69232983-8dba-446a-9451-2b46042e75c9: close
2019-08-22 17:50:05,305 [main] INFO  impl.RaftServerImpl (RaftServerImpl.java:lambda$shutdown$3(245)) - c2d5ad94-5356-4232-a32f-95f0e36a9a79: shutdown group-E954F635198A
2019-08-22 17:50:05,305 [ForkJoinPool.commonPool-worker-0] INFO  impl.RaftServerImpl (RaftServerImpl.java:lambda$shutdown$3(245)) - 69232983-8dba-446a-9451-2b46042e75c9: shutdown group-B25E9BB74E75
2019-08-22 17:50:05,305 [main] INFO  util.JmxRegister (JmxRegister.java:unregister(73)) - Successfully un-registered JMX Bean with object name Ratis:service=RaftServer,group=group-E954F635198A,id=c2d5ad94-5356-4232-a32f-95f0e36a9a79
2019-08-22 17:50:05,305 [ForkJoinPool.commonPool-worker-0] INFO  util.JmxRegister (JmxRegister.java:unregister(73)) - Successfully un-registered JMX Bean with object name Ratis:service=RaftServer,group=group-B25E9BB74E75,id=69232983-8dba-446a-9451-2b46042e75c9
2019-08-22 17:50:05,306 [main] INFO  impl.RoleInfo (RoleInfo.java:shutdownFollowerState(121)) - c2d5ad94-5356-4232-a32f-95f0e36a9a79: shutdown FollowerState
2019-08-22 17:50:05,306 [ForkJoinPool.commonPool-worker-0] INFO  impl.RoleInfo (RoleInfo.java:shutdownLeaderState(104)) - 69232983-8dba-446a-9451-2b46042e75c9: shutdown LeaderState
2019-08-22 17:50:05,306 [StateMachineUpdater:c2d5ad94-5356-4232-a32f-95f0e36a9a79:group-E954F635198A] INFO  ratis.ContainerStateMachine (ContainerStateMachine.java:takeSnapshot(283)) - group-E954F635198A: Taking a snapshot at:(t:1, i:4) file /workdir/hadoop-ozone/integration-test/target/test-dir/MiniOzoneClusterImpl-759fa8c2-74ee-4da7-994d-2e8cc84df3a0/datanode-4/data/ratis/32b6daad-a68c-422f-97e0-e954f635198a/sm/snapshot.1_4
2019-08-22 17:50:05,306 [Thread-3943] INFO  impl.FollowerState (FollowerState.java:run(114)) - c2d5ad94-5356-4232-a32f-95f0e36a9a79: FollowerState was interrupted: java.lang.InterruptedException: sleep interrupted
2019-08-22 17:50:05,306 [main] INFO  impl.StateMachineUpdater (StateMachineUpdater.java:stopAndJoin(115)) - StateMachineUpdater:c2d5ad94-5356-4232-a32f-95f0e36a9a79:group-E954F635198A: set stopIndex = 6
2019-08-22 17:50:05,307 [ForkJoinPool.commonPool-worker-0] INFO  impl.PendingRequests (PendingRequests.java:sendNotLeaderResponses(202)) - 69232983-8dba-446a-9451-2b46042e75c9-PendingRequests: sendNotLeaderResponses
2019-08-22 17:50:05,320 [ForkJoinPool.commonPool-worker-0] INFO  impl.StateMachineUpdater (StateMachineUpdater.java:stopAndJoin(115)) - StateMachineUpdater:69232983-8dba-446a-9451-2b46042e75c9:group-B25E9BB74E75: set stopIndex = 0
2019-08-22 17:50:05,321 [ForkJoinPool.commonPool-worker-0] INFO  impl.RaftServerImpl (ServerState.java:close(394)) - 69232983-8dba-446a-9451-2b46042e75c9:group-B25E9BB74E75 closes. The last applied log index is 0
2019-08-22 17:50:05,321 [69232983-8dba-446a-9451-2b46042e75c9-SegmentedRaftLogWorker:Storage Directory /workdir/hadoop-ozone/integration-test/target/test-dir/MiniOzoneClusterImpl-759fa8c2-74ee-4da7-994d-2e8cc84df3a0/datanode-1/data/ratis/8788a3f6-3011-474f-abba-b25e9bb74e75] INFO  segmented.SegmentedRaftLogWorker (SegmentedRaftLogWorker.java:run(313)) - 69232983-8dba-446a-9451-2b46042e75c9-SegmentedRaftLogWorker:Storage Directory /workdir/hadoop-ozone/integration-test/target/test-dir/MiniOzoneClusterImpl-759fa8c2-74ee-4da7-994d-2e8cc84df3a0/datanode-1/data/ratis/8788a3f6-3011-474f-abba-b25e9bb74e75 was interrupted, exiting. There are 0 tasks remaining in the queue.
2019-08-22 17:50:05,323 [ForkJoinPool.commonPool-worker-0] INFO  segmented.SegmentedRaftLogWorker (SegmentedRaftLogWorker.java:close(228)) - 69232983-8dba-446a-9451-2b46042e75c9-SegmentedRaftLogWorker:Storage Directory /workdir/hadoop-ozone/integration-test/target/test-dir/MiniOzoneClusterImpl-759fa8c2-74ee-4da7-994d-2e8cc84df3a0/datanode-1/data/ratis/8788a3f6-3011-474f-abba-b25e9bb74e75 close()
2019-08-22 17:50:05,327 [ForkJoinPool.commonPool-worker-0] INFO  impl.RaftServerImpl (RaftServerImpl.java:lambda$shutdown$3(245)) - 69232983-8dba-446a-9451-2b46042e75c9: shutdown group-92301C51CB26
2019-08-22 17:50:05,327 [ForkJoinPool.commonPool-worker-0] INFO  util.JmxRegister (JmxRegister.java:unregister(73)) - Successfully un-registered JMX Bean with object name Ratis:service=RaftServer,group=group-92301C51CB26,id=69232983-8dba-446a-9451-2b46042e75c9
2019-08-22 17:50:05,327 [ForkJoinPool.commonPool-worker-0] INFO  impl.RoleInfo (RoleInfo.java:shutdownLeaderState(104)) - 69232983-8dba-446a-9451-2b46042e75c9: shutdown LeaderState
2019-08-22 17:50:05,330 [org.apache.ratis.server.impl.LogAppender$AppenderDaemon$$Lambda$482/463698091@6b2c3506] WARN  server.GrpcLogAppender (GrpcLogAppender.java:mayWait(143)) - GrpcLogAppender(69232983-8dba-446a-9451-2b46042e75c9->f56af1c7-d196-4686-9983-5f1b73da6fe9): Wait interrupted by java.lang.InterruptedException
2019-08-22 17:50:05,330 [org.apache.ratis.server.impl.LogAppender$AppenderDaemon$$Lambda$482/463698091@2e2eb607] WARN  server.GrpcLogAppender (GrpcLogAppender.java:mayWait(143)) - GrpcLogAppender(69232983-8dba-446a-9451-2b46042e75c9->a29b0749-4fa9-464b-a5e0-ea013a767c21): Wait interrupted by java.lang.InterruptedException
2019-08-22 17:50:05,330 [ForkJoinPool.commonPool-worker-0] INFO  impl.PendingRequests (PendingRequests.java:sendNotLeaderResponses(202)) - 69232983-8dba-446a-9451-2b46042e75c9-PendingRequests: sendNotLeaderResponses
2019-08-22 17:50:05,331 [grpc-default-executor-5] INFO  server.GrpcServerProtocolService (GrpcServerProtocolService.java:onCompleted(104)) - a29b0749-4fa9-464b-a5e0-ea013a767c21: appendEntries completed
2019-08-22 17:50:05,331 [grpc-default-executor-1] INFO  server.GrpcServerProtocolService (GrpcServerProtocolService.java:onCompleted(104)) - f56af1c7-d196-4686-9983-5f1b73da6fe9: appendEntries completed
2019-08-22 17:50:05,332 [StateMachineUpdater:69232983-8dba-446a-9451-2b46042e75c9:group-92301C51CB26] INFO  ratis.ContainerStateMachine (ContainerStateMachine.java:takeSnapshot(283)) - group-92301C51CB26: Taking a snapshot at:(t:2, i:14) file /workdir/hadoop-ozone/integration-test/target/test-dir/MiniOzoneClusterImpl-759fa8c2-74ee-4da7-994d-2e8cc84df3a0/datanode-1/data/ratis/4a4183c5-9385-4f89-a7e8-92301c51cb26/sm/snapshot.2_14
2019-08-22 17:50:05,332 [ForkJoinPool.commonPool-worker-0] INFO  impl.StateMachineUpdater (StateMachineUpdater.java:stopAndJoin(115)) - StateMachineUpdater:69232983-8dba-446a-9451-2b46042e75c9:group-92301C51CB26: set stopIndex = 14
2019-08-22 17:50:05,333 [grpc-default-executor-1] INFO  server.GrpcLogAppender (GrpcLogAppender.java:onCompleted(292)) - 69232983-8dba-446a-9451-2b46042e75c9->f56af1c7-d196-4686-9983-5f1b73da6fe9: follower responses appendEntries COMPLETED
2019-08-22 17:50:05,333 [grpc-default-executor-5] INFO  server.GrpcLogAppender (GrpcLogAppender.java:onCompleted(292)) - 69232983-8dba-446a-9451-2b46042e75c9->a29b0749-4fa9-464b-a5e0-ea013a767c21: follower responses appendEntries COMPLETED
2019-08-22 17:50:05,333 [grpc-default-executor-1] INFO  impl.FollowerInfo (FollowerInfo.java:lambda$new$0(50)) - 69232983-8dba-446a-9451-2b46042e75c9->f56af1c7-d196-4686-9983-5f1b73da6fe9: nextIndex: updateUnconditionally 15 -> 14
2019-08-22 17:50:05,333 [StateMachineUpdater:c2d5ad94-5356-4232-a32f-95f0e36a9a79:group-E954F635198A] INFO  ratis.ContainerStateMachine (ContainerStateMachine.java:takeSnapshot(294)) - group-E954F635198A: Finished taking a snapshot at:(t:1, i:4) file:/workdir/hadoop-ozone/integration-test/target/test-dir/MiniOzoneClusterImpl-759fa8c2-74ee-4da7-994d-2e8cc84df3a0/datanode-4/data/ratis/32b6daad-a68c-422f-97e0-e954f635198a/sm/snapshot.1_4 time:27
2019-08-22 17:50:05,333 [StateMachineUpdater:c2d5ad94-5356-4232-a32f-95f0e36a9a79:group-E954F635198A] INFO  impl.StateMachineUpdater (StateMachineUpdater.java:takeSnapshot(242)) - StateMachineUpdater:c2d5ad94-5356-4232-a32f-95f0e36a9a79:group-E954F635198A: Took a snapshot at index 4
2019-08-22 17:50:05,333 [grpc-default-executor-5] INFO  impl.FollowerInfo (FollowerInfo.java:lambda$new$0(50)) - 69232983-8dba-446a-9451-2b46042e75c9->a29b0749-4fa9-464b-a5e0-ea013a767c21: nextIndex: updateUnconditionally 15 -> 14
2019-08-22 17:50:05,333 [StateMachineUpdater:c2d5ad94-5356-4232-a32f-95f0e36a9a79:group-E954F635198A] INFO  impl.StateMachineUpdater (StateMachineUpdater.java:lambda$new$0(80)) - StateMachineUpdater:c2d5ad94-5356-4232-a32f-95f0e36a9a79:group-E954F635198A: snapshotIndex: updateIncreasingly -1 -> 4
2019-08-22 17:50:05,334 [main] INFO  impl.RaftServerImpl (ServerState.java:close(394)) - c2d5ad94-5356-4232-a32f-95f0e36a9a79:group-E954F635198A closes. The last applied log index is 6
2019-08-22 17:50:05,334 [c2d5ad94-5356-4232-a32f-95f0e36a9a79-SegmentedRaftLogWorker:Storage Directory /workdir/hadoop-ozone/integration-test/target/test-dir/MiniOzoneClusterImpl-759fa8c2-74ee-4da7-994d-2e8cc84df3a0/datanode-4/data/ratis/32b6daad-a68c-422f-97e0-e954f635198a] INFO  segmented.SegmentedRaftLogWorker (SegmentedRaftLogWorker.java:run(313)) - c2d5ad94-5356-4232-a32f-95f0e36a9a79-SegmentedRaftLogWorker:Storage Directory /workdir/hadoop-ozone/integration-test/target/test-dir/MiniOzoneClusterImpl-759fa8c2-74ee-4da7-994d-2e8cc84df3a0/datanode-4/data/ratis/32b6daad-a68c-422f-97e0-e954f635198a was interrupted, exiting. There are 0 tasks remaining in the queue.
2019-08-22 17:50:05,336 [StateMachineUpdater:69232983-8dba-446a-9451-2b46042e75c9:group-92301C51CB26] INFO  ratis.ContainerStateMachine (ContainerStateMachine.java:takeSnapshot(294)) - group-92301C51CB26: Finished taking a snapshot at:(t:2, i:14) file:/workdir/hadoop-ozone/integration-test/target/test-dir/MiniOzoneClusterImpl-759fa8c2-74ee-4da7-994d-2e8cc84df3a0/datanode-1/data/ratis/4a4183c5-9385-4f89-a7e8-92301c51cb26/sm/snapshot.2_14 time:4
2019-08-22 17:50:05,336 [main] INFO  segmented.SegmentedRaftLogWorker (SegmentedRaftLogWorker.java:close(228)) - c2d5ad94-5356-4232-a32f-95f0e36a9a79-SegmentedRaftLogWorker:Storage Directory /workdir/hadoop-ozone/integration-test/target/test-dir/MiniOzoneClusterImpl-759fa8c2-74ee-4da7-994d-2e8cc84df3a0/datanode-4/data/ratis/32b6daad-a68c-422f-97e0-e954f635198a close()
2019-08-22 17:50:05,336 [StateMachineUpdater:69232983-8dba-446a-9451-2b46042e75c9:group-92301C51CB26] INFO  impl.StateMachineUpdater (StateMachineUpdater.java:takeSnapshot(242)) - StateMachineUpdater:69232983-8dba-446a-9451-2b46042e75c9:group-92301C51CB26: Took a snapshot at index 14
2019-08-22 17:50:05,339 [StateMachineUpdater:69232983-8dba-446a-9451-2b46042e75c9:group-92301C51CB26] INFO  impl.StateMachineUpdater (StateMachineUpdater.java:lambda$new$0(80)) - StateMachineUpdater:69232983-8dba-446a-9451-2b46042e75c9:group-92301C51CB26: snapshotIndex: updateIncreasingly -1 -> 14
2019-08-22 17:50:05,339 [main] INFO  impl.RaftServerImpl (RaftServerImpl.java:lambda$shutdown$3(245)) - c2d5ad94-5356-4232-a32f-95f0e36a9a79: shutdown group-68D36E8A3029
2019-08-22 17:50:05,339 [ForkJoinPool.commonPool-worker-0] INFO  impl.RaftServerImpl (ServerState.java:close(394)) - 69232983-8dba-446a-9451-2b46042e75c9:group-92301C51CB26 closes. The last applied log index is 14
2019-08-22 17:50:05,339 [main] INFO  util.JmxRegister (JmxRegister.java:unregister(73)) - Successfully un-registered JMX Bean with object name Ratis:service=RaftServer,group=group-68D36E8A3029,id=c2d5ad94-5356-4232-a32f-95f0e36a9a79
2019-08-22 17:50:05,340 [69232983-8dba-446a-9451-2b46042e75c9-SegmentedRaftLogWorker:Storage Directory /workdir/hadoop-ozone/integration-test/target/test-dir/MiniOzoneClusterImpl-759fa8c2-74ee-4da7-994d-2e8cc84df3a0/datanode-1/data/ratis/4a4183c5-9385-4f89-a7e8-92301c51cb26] INFO  segmented.SegmentedRaftLogWorker (SegmentedRaftLogWorker.java:run(313)) - 69232983-8dba-446a-9451-2b46042e75c9-SegmentedRaftLogWorker:Storage Directory /workdir/hadoop-ozone/integration-test/target/test-dir/MiniOzoneClusterImpl-759fa8c2-74ee-4da7-994d-2e8cc84df3a0/datanode-1/data/ratis/4a4183c5-9385-4f89-a7e8-92301c51cb26 was interrupted, exiting. There are 0 tasks remaining in the queue.
2019-08-22 17:50:05,340 [main] INFO  impl.RoleInfo (RoleInfo.java:shutdownLeaderState(104)) - c2d5ad94-5356-4232-a32f-95f0e36a9a79: shutdown LeaderState
2019-08-22 17:50:05,341 [ForkJoinPool.commonPool-worker-0] INFO  segmented.SegmentedRaftLogWorker (SegmentedRaftLogWorker.java:close(228)) - 69232983-8dba-446a-9451-2b46042e75c9-SegmentedRaftLogWorker:Storage Directory /workdir/hadoop-ozone/integration-test/target/test-dir/MiniOzoneClusterImpl-759fa8c2-74ee-4da7-994d-2e8cc84df3a0/datanode-1/data/ratis/4a4183c5-9385-4f89-a7e8-92301c51cb26 close()
2019-08-22 17:50:05,342 [main] INFO  impl.PendingRequests (PendingRequests.java:sendNotLeaderResponses(202)) - c2d5ad94-5356-4232-a32f-95f0e36a9a79-PendingRequests: sendNotLeaderResponses
2019-08-22 17:50:05,344 [ForkJoinPool.commonPool-worker-0] INFO  server.GrpcService (GrpcService.java:closeImpl(155)) - 69232983-8dba-446a-9451-2b46042e75c9: shutdown server with port 35738 now
2019-08-22 17:50:05,345 [main] INFO  impl.StateMachineUpdater (StateMachineUpdater.java:stopAndJoin(115)) - StateMachineUpdater:c2d5ad94-5356-4232-a32f-95f0e36a9a79:group-68D36E8A3029: set stopIndex = 0
2019-08-22 17:50:05,345 [main] INFO  impl.RaftServerImpl (ServerState.java:close(394)) - c2d5ad94-5356-4232-a32f-95f0e36a9a79:group-68D36E8A3029 closes. The last applied log index is 0
2019-08-22 17:50:05,345 [ForkJoinPool.commonPool-worker-0] INFO  server.GrpcService (GrpcService.java:closeImpl(163)) - 69232983-8dba-446a-9451-2b46042e75c9: shutdown server with port 35738 successfully
2019-08-22 17:50:05,345 [grpc-default-executor-1] WARN  client.GrpcClientProtocolService (LogUtils.java:warn(134)) - 6-UnorderedRequestStreamObserver6: onError: org.apache.ratis.thirdparty.io.grpc.StatusRuntimeException: CANCELLED: cancelled before receiving half close
2019-08-22 17:50:05,345 [c2d5ad94-5356-4232-a32f-95f0e36a9a79-SegmentedRaftLogWorker:Storage Directory /workdir/hadoop-ozone/integration-test/target/test-dir/MiniOzoneClusterImpl-759fa8c2-74ee-4da7-994d-2e8cc84df3a0/datanode-4/data/ratis/3542b93a-2381-4a7f-9551-68d36e8a3029] INFO  segmented.SegmentedRaftLogWorker (SegmentedRaftLogWorker.java:run(313)) - c2d5ad94-5356-4232-a32f-95f0e36a9a79-SegmentedRaftLogWorker:Storage Directory /workdir/hadoop-ozone/integration-test/target/test-dir/MiniOzoneClusterImpl-759fa8c2-74ee-4da7-994d-2e8cc84df3a0/datanode-4/data/ratis/3542b93a-2381-4a7f-9551-68d36e8a3029 was interrupted, exiting. There are 0 tasks remaining in the queue.
2019-08-22 17:50:05,347 [main] INFO  segmented.SegmentedRaftLogWorker (SegmentedRaftLogWorker.java:close(228)) - c2d5ad94-5356-4232-a32f-95f0e36a9a79-SegmentedRaftLogWorker:Storage Directory /workdir/hadoop-ozone/integration-test/target/test-dir/MiniOzoneClusterImpl-759fa8c2-74ee-4da7-994d-2e8cc84df3a0/datanode-4/data/ratis/3542b93a-2381-4a7f-9551-68d36e8a3029 close()
2019-08-22 17:50:05,350 [main] INFO  server.GrpcService (GrpcService.java:closeImpl(155)) - c2d5ad94-5356-4232-a32f-95f0e36a9a79: shutdown server with port 42413 now
2019-08-22 17:50:05,350 [ForkJoinPool.commonPool-worker-0] INFO  utils.BackgroundService (BackgroundService.java:shutdown(148)) - Shutting down service BlockDeletingService
2019-08-22 17:50:05,351 [grpc-default-executor-6] WARN  server.GrpcServerProtocolService (LogUtils.java:warn(134)) - c2d5ad94-5356-4232-a32f-95f0e36a9a79: appendEntries onError: org.apache.ratis.thirdparty.io.grpc.StatusRuntimeException: CANCELLED: cancelled before receiving half close
2019-08-22 17:50:05,351 [main] INFO  server.GrpcService (GrpcService.java:closeImpl(163)) - c2d5ad94-5356-4232-a32f-95f0e36a9a79: shutdown server with port 42413 successfully
2019-08-22 17:50:05,351 [grpc-default-executor-5] WARN  server.GrpcLogAppender (LogUtils.java:warn(134)) - 99e65ce9-9658-4d2b-9ccf-b58166a10afd->c2d5ad94-5356-4232-a32f-95f0e36a9a79: Failed appendEntries: org.apache.ratis.thirdparty.io.grpc.StatusRuntimeException: CANCELLED: HTTP/2 error code: CANCEL
Received Rst Stream
2019-08-22 17:50:05,352 [refreshUsed-/workdir/hadoop-ozone/integration-test/target/test-dir/MiniOzoneClusterImpl-759fa8c2-74ee-4da7-994d-2e8cc84df3a0/datanode-1/data/containers] WARN  fs.CachingGetSpaceUsed (CachingGetSpaceUsed.java:run(183)) - Thread Interrupted waiting to refresh disk information: sleep interrupted
2019-08-22 17:50:05,352 [grpc-default-executor-5] INFO  impl.FollowerInfo (FollowerInfo.java:lambda$new$0(50)) - 99e65ce9-9658-4d2b-9ccf-b58166a10afd->c2d5ad94-5356-4232-a32f-95f0e36a9a79: nextIndex: updateUnconditionally 7 -> 6
2019-08-22 17:50:05,353 [main] INFO  utils.BackgroundService (BackgroundService.java:shutdown(148)) - Shutting down service BlockDeletingService
2019-08-22 17:50:05,357 [refreshUsed-/workdir/hadoop-ozone/integration-test/target/test-dir/MiniOzoneClusterImpl-759fa8c2-74ee-4da7-994d-2e8cc84df3a0/datanode-4/data/containers] WARN  fs.CachingGetSpaceUsed (CachingGetSpaceUsed.java:run(183)) - Thread Interrupted waiting to refresh disk information: sleep interrupted
2019-08-22 17:50:05,376 [main] INFO  statemachine.DatanodeStateMachine (DatanodeStateMachine.java:stopDaemon(395)) - Ozone container server stopped.
2019-08-22 17:50:05,377 [main] INFO  handler.ContextHandler (ContextHandler.java:doStop(910)) - Stopped o.e.j.w.WebAppContext@63604641{/,null,UNAVAILABLE}{/hddsDatanode}
2019-08-22 17:50:05,377 [main] INFO  server.AbstractConnector (AbstractConnector.java:doStop(318)) - Stopped ServerConnector@1313dea8{HTTP/1.1,[http/1.1]}{0.0.0.0:0}
2019-08-22 17:50:05,378 [main] INFO  handler.ContextHandler (ContextHandler.java:doStop(910)) - Stopped o.e.j.s.ServletContextHandler@383c94ed{/static,jar:file:/home/user/.m2/repository/org/apache/hadoop/hadoop-hdds-container-service/0.5.0-SNAPSHOT/hadoop-hdds-container-service-0.5.0-SNAPSHOT.jar!/webapps/static,UNAVAILABLE}
2019-08-22 17:50:05,378 [main] INFO  handler.ContextHandler (ContextHandler.java:doStop(910)) - Stopped o.e.j.s.ServletContextHandler@77198cce{/logs,file:///workdir/hadoop-ozone/integration-test/target/log,UNAVAILABLE}
2019-08-22 17:50:05,381 [ForkJoinPool.commonPool-worker-0] INFO  statemachine.DatanodeStateMachine (DatanodeStateMachine.java:stopDaemon(395)) - Ozone container server stopped.
2019-08-22 17:50:05,381 [main] INFO  datanode.ObjectStoreHandler (ObjectStoreHandler.java:close(155)) - Closing ObjectStoreHandler.
2019-08-22 17:50:05,386 [main] INFO  ozone.HddsDatanodeService (HddsDatanodeService.java:stop(451)) - Stopped plug-in org.apache.hadoop.ozone.web.OzoneHddsDatanodeService@9c88323
2019-08-22 17:50:05,386 [ForkJoinPool.commonPool-worker-0] INFO  handler.ContextHandler (ContextHandler.java:doStop(910)) - Stopped o.e.j.w.WebAppContext@2c99419f{/,null,UNAVAILABLE}{/hddsDatanode}
2019-08-22 17:50:05,386 [ForkJoinPool.commonPool-worker-0] INFO  server.AbstractConnector (AbstractConnector.java:doStop(318)) - Stopped ServerConnector@6a73b74c{HTTP/1.1,[http/1.1]}{0.0.0.0:0}
2019-08-22 17:50:05,392 [ForkJoinPool.commonPool-worker-0] INFO  handler.ContextHandler (ContextHandler.java:doStop(910)) - Stopped o.e.j.s.ServletContextHandler@7262532a{/static,jar:file:/home/user/.m2/repository/org/apache/hadoop/hadoop-hdds-container-service/0.5.0-SNAPSHOT/hadoop-hdds-container-service-0.5.0-SNAPSHOT.jar!/webapps/static,UNAVAILABLE}
2019-08-22 17:50:05,392 [ForkJoinPool.commonPool-worker-0] INFO  handler.ContextHandler (ContextHandler.java:doStop(910)) - Stopped o.e.j.s.ServletContextHandler@533ed36e{/logs,file:///workdir/hadoop-ozone/integration-test/target/log,UNAVAILABLE}
2019-08-22 17:50:05,393 [ForkJoinPool.commonPool-worker-0] INFO  datanode.ObjectStoreHandler (ObjectStoreHandler.java:close(155)) - Closing ObjectStoreHandler.
2019-08-22 17:50:05,393 [ForkJoinPool.commonPool-worker-0] INFO  ozone.HddsDatanodeService (HddsDatanodeService.java:stop(451)) - Stopped plug-in org.apache.hadoop.ozone.web.OzoneHddsDatanodeService@6ad703cd
2019-08-22 17:50:05,527 [Datanode State Machine Thread - 0] INFO  statemachine.DatanodeStateMachine (DatanodeStateMachine.java:lambda$startDaemon$0(350)) - Ozone container server started.
2019-08-22 17:50:05,530 | INFO  | SCMAudit | user=jenkins1000 | ip=192.168.5.173 | op=SEND_HEARTBEAT {datanodeUUID=f56af1c7-d196-4686-9983-5f1b73da6fe9, command=[commandType: closeContainerCommand closeContainerCommandProto { containerID: 2 pipelineID { id: "4a4183c5-9385-4f89-a7e8-92301c51cb26" } cmdId: 2 force: false } ]} | ret=SUCCESS |  
2019-08-22 17:50:06,069 | INFO  | SCMAudit | user=jenkins1000 | ip=192.168.5.173 | op=SEND_HEARTBEAT {datanodeUUID=4d50bca6-1793-48ce-b534-bf550895ea18, command=[commandType: closeContainerCommand closeContainerCommandProto { containerID: 3 pipelineID { id: "32b6daad-a68c-422f-97e0-e954f635198a" } cmdId: 3 force: false } ]} | ret=SUCCESS |  
2019-08-22 17:50:06,078 [Datanode State Machine Thread - 0] INFO  statemachine.DatanodeStateMachine (DatanodeStateMachine.java:lambda$startDaemon$0(350)) - Ozone container server started.
2019-08-22 17:50:06,086 | INFO  | SCMAudit | user=jenkins1000 | ip=192.168.5.173 | op=SEND_HEARTBEAT {datanodeUUID=292d8095-7184-41a3-9854-985e76fd1716, command=[]} | ret=SUCCESS |  
2019-08-22 17:50:06,529 | INFO  | SCMAudit | user=jenkins1000 | ip=192.168.5.173 | op=SEND_HEARTBEAT {datanodeUUID=f56af1c7-d196-4686-9983-5f1b73da6fe9, command=[]} | ret=SUCCESS |  
2019-08-22 17:50:07,070 | INFO  | SCMAudit | user=jenkins1000 | ip=192.168.5.173 | op=SEND_HEARTBEAT {datanodeUUID=4d50bca6-1793-48ce-b534-bf550895ea18, command=[]} | ret=SUCCESS |  
2019-08-22 17:50:07,086 | INFO  | SCMAudit | user=jenkins1000 | ip=192.168.5.173 | op=SEND_HEARTBEAT {datanodeUUID=4d50bca6-1793-48ce-b534-bf550895ea18, command=[]} | ret=SUCCESS |  
2019-08-22 17:50:07,087 | INFO  | SCMAudit | user=jenkins1000 | ip=192.168.5.173 | op=SEND_HEARTBEAT {datanodeUUID=292d8095-7184-41a3-9854-985e76fd1716, command=[]} | ret=SUCCESS |  
2019-08-22 17:50:07,537 | INFO  | SCMAudit | user=jenkins1000 | ip=192.168.5.173 | op=SEND_HEARTBEAT {datanodeUUID=f56af1c7-d196-4686-9983-5f1b73da6fe9, command=[]} | ret=SUCCESS |  
2019-08-22 17:50:07,553 | INFO  | SCMAudit | user=jenkins1000 | ip=192.168.5.173 | op=SEND_HEARTBEAT {datanodeUUID=f56af1c7-d196-4686-9983-5f1b73da6fe9, command=[]} | ret=SUCCESS |  
2019-08-22 17:50:07,638 [grpc-default-executor-5] WARN  server.GrpcLogAppender (LogUtils.java:warn(134)) - 99e65ce9-9658-4d2b-9ccf-b58166a10afd->c2d5ad94-5356-4232-a32f-95f0e36a9a79: Failed appendEntries: org.apache.ratis.thirdparty.io.grpc.StatusRuntimeException: UNAVAILABLE: io exception
2019-08-22 17:50:07,639 [grpc-default-executor-5] INFO  impl.FollowerInfo (FollowerInfo.java:lambda$new$0(50)) - 99e65ce9-9658-4d2b-9ccf-b58166a10afd->c2d5ad94-5356-4232-a32f-95f0e36a9a79: nextIndex: updateUnconditionally 6 -> 5
2019-08-22 17:50:08,086 | INFO  | SCMAudit | user=jenkins1000 | ip=192.168.5.173 | op=SEND_HEARTBEAT {datanodeUUID=4d50bca6-1793-48ce-b534-bf550895ea18, command=[]} | ret=SUCCESS |  
2019-08-22 17:50:08,088 | INFO  | SCMAudit | user=jenkins1000 | ip=192.168.5.173 | op=SEND_HEARTBEAT {datanodeUUID=292d8095-7184-41a3-9854-985e76fd1716, command=[]} | ret=SUCCESS |  
2019-08-22 17:50:08,554 | INFO  | SCMAudit | user=jenkins1000 | ip=192.168.5.173 | op=SEND_HEARTBEAT {datanodeUUID=f56af1c7-d196-4686-9983-5f1b73da6fe9, command=[]} | ret=SUCCESS |  
2019-08-22 17:50:09,086 | INFO  | SCMAudit | user=jenkins1000 | ip=192.168.5.173 | op=SEND_HEARTBEAT {datanodeUUID=4d50bca6-1793-48ce-b534-bf550895ea18, command=[]} | ret=SUCCESS |  
2019-08-22 17:50:09,088 | INFO  | SCMAudit | user=jenkins1000 | ip=192.168.5.173 | op=SEND_HEARTBEAT {datanodeUUID=292d8095-7184-41a3-9854-985e76fd1716, command=[]} | ret=SUCCESS |  
2019-08-22 17:50:09,553 | INFO  | SCMAudit | user=jenkins1000 | ip=192.168.5.173 | op=SEND_HEARTBEAT {datanodeUUID=f56af1c7-d196-4686-9983-5f1b73da6fe9, command=[]} | ret=SUCCESS |  
2019-08-22 17:50:09,610 [EventQueue-StaleNodeForStaleNodeHandler] INFO  node.StaleNodeHandler (StaleNodeHandler.java:onMessage(58)) - Datanode a29b0749-4fa9-464b-a5e0-ea013a767c21{ip: 192.168.5.173, host: pr-hdds-1808-4dtdn-3774871440, networkLocation: /default-rack, certSerialId: null} moved to stale state. Finalizing its pipelines [PipelineID=147f668a-a44f-4037-8eb2-aed25211918e, PipelineID=4a4183c5-9385-4f89-a7e8-92301c51cb26]
2019-08-22 17:50:09,610 [EventQueue-StaleNodeForStaleNodeHandler] INFO  pipeline.SCMPipelineManager (SCMPipelineManager.java:finalizeAndDestroyPipeline(309)) - destroying pipeline:Pipeline[ Id: 147f668a-a44f-4037-8eb2-aed25211918e, Nodes: a29b0749-4fa9-464b-a5e0-ea013a767c21{ip: 192.168.5.173, host: pr-hdds-1808-4dtdn-3774871440, networkLocation: /default-rack, certSerialId: null}, Type:RATIS, Factor:ONE, State:OPEN]
2019-08-22 17:50:09,610 [EventQueue-StaleNodeForStaleNodeHandler] INFO  pipeline.PipelineStateManager (PipelineStateManager.java:finalizePipeline(123)) - Pipeline Pipeline[ Id: 147f668a-a44f-4037-8eb2-aed25211918e, Nodes: a29b0749-4fa9-464b-a5e0-ea013a767c21{ip: 192.168.5.173, host: pr-hdds-1808-4dtdn-3774871440, networkLocation: /default-rack, certSerialId: null}, Type:RATIS, Factor:ONE, State:CLOSED] moved to CLOSED state
2019-08-22 17:50:09,610 [EventQueue-StaleNodeForStaleNodeHandler] INFO  pipeline.SCMPipelineManager (SCMPipelineManager.java:finalizeAndDestroyPipeline(309)) - destroying pipeline:Pipeline[ Id: 4a4183c5-9385-4f89-a7e8-92301c51cb26, Nodes: 69232983-8dba-446a-9451-2b46042e75c9{ip: 192.168.5.173, host: pr-hdds-1808-4dtdn-3774871440, networkLocation: /default-rack, certSerialId: null}f56af1c7-d196-4686-9983-5f1b73da6fe9{ip: 192.168.5.173, host: pr-hdds-1808-4dtdn-3774871440, networkLocation: /default-rack, certSerialId: null}a29b0749-4fa9-464b-a5e0-ea013a767c21{ip: 192.168.5.173, host: pr-hdds-1808-4dtdn-3774871440, networkLocation: /default-rack, certSerialId: null}, Type:RATIS, Factor:THREE, State:CLOSED]
2019-08-22 17:50:10,086 | INFO  | SCMAudit | user=jenkins1000 | ip=192.168.5.173 | op=SEND_HEARTBEAT {datanodeUUID=4d50bca6-1793-48ce-b534-bf550895ea18, command=[]} | ret=SUCCESS |  
2019-08-22 17:50:10,088 | INFO  | SCMAudit | user=jenkins1000 | ip=192.168.5.173 | op=SEND_HEARTBEAT {datanodeUUID=292d8095-7184-41a3-9854-985e76fd1716, command=[]} | ret=SUCCESS |  
2019-08-22 17:50:10,110 [EventQueue-StaleNodeForStaleNodeHandler] INFO  node.StaleNodeHandler (StaleNodeHandler.java:onMessage(58)) - Datanode 99e65ce9-9658-4d2b-9ccf-b58166a10afd{ip: 192.168.5.173, host: pr-hdds-1808-4dtdn-3774871440, networkLocation: /default-rack, certSerialId: null} moved to stale state. Finalizing its pipelines [PipelineID=32b6daad-a68c-422f-97e0-e954f635198a, PipelineID=e4e0755a-64b5-492d-b8a0-267ea6739e59]
2019-08-22 17:50:10,111 [EventQueue-StaleNodeForStaleNodeHandler] INFO  pipeline.SCMPipelineManager (SCMPipelineManager.java:finalizeAndDestroyPipeline(309)) - destroying pipeline:Pipeline[ Id: 32b6daad-a68c-422f-97e0-e954f635198a, Nodes: 4d50bca6-1793-48ce-b534-bf550895ea18{ip: 192.168.5.173, host: pr-hdds-1808-4dtdn-3774871440, networkLocation: /default-rack, certSerialId: null}c2d5ad94-5356-4232-a32f-95f0e36a9a79{ip: 192.168.5.173, host: pr-hdds-1808-4dtdn-3774871440, networkLocation: /default-rack, certSerialId: null}99e65ce9-9658-4d2b-9ccf-b58166a10afd{ip: 192.168.5.173, host: pr-hdds-1808-4dtdn-3774871440, networkLocation: /default-rack, certSerialId: null}, Type:RATIS, Factor:THREE, State:CLOSED]
2019-08-22 17:50:10,111 [EventQueue-StaleNodeForStaleNodeHandler] INFO  pipeline.SCMPipelineManager (SCMPipelineManager.java:finalizeAndDestroyPipeline(309)) - destroying pipeline:Pipeline[ Id: e4e0755a-64b5-492d-b8a0-267ea6739e59, Nodes: 99e65ce9-9658-4d2b-9ccf-b58166a10afd{ip: 192.168.5.173, host: pr-hdds-1808-4dtdn-3774871440, networkLocation: /default-rack, certSerialId: null}, Type:RATIS, Factor:ONE, State:OPEN]
2019-08-22 17:50:10,112 [EventQueue-StaleNodeForStaleNodeHandler] INFO  pipeline.PipelineStateManager (PipelineStateManager.java:finalizePipeline(123)) - Pipeline Pipeline[ Id: e4e0755a-64b5-492d-b8a0-267ea6739e59, Nodes: 99e65ce9-9658-4d2b-9ccf-b58166a10afd{ip: 192.168.5.173, host: pr-hdds-1808-4dtdn-3774871440, networkLocation: /default-rack, certSerialId: null}, Type:RATIS, Factor:ONE, State:CLOSED] moved to CLOSED state
2019-08-22 17:50:10,139 [grpc-default-executor-5] WARN  server.GrpcLogAppender (LogUtils.java:warn(134)) - 99e65ce9-9658-4d2b-9ccf-b58166a10afd->c2d5ad94-5356-4232-a32f-95f0e36a9a79: Failed appendEntries: org.apache.ratis.thirdparty.io.grpc.StatusRuntimeException: UNAVAILABLE: io exception
2019-08-22 17:50:10,140 [grpc-default-executor-5] INFO  impl.FollowerInfo (FollowerInfo.java:lambda$new$0(50)) - 99e65ce9-9658-4d2b-9ccf-b58166a10afd->c2d5ad94-5356-4232-a32f-95f0e36a9a79: nextIndex: updateUnconditionally 5 -> 4
2019-08-22 17:50:10,387 [main] INFO  ozoneimpl.OzoneContainer (OzoneContainer.java:stop(199)) - Attempting to stop container services.
2019-08-22 17:50:10,388 [main] INFO  impl.RaftServerProxy (RaftServerProxy.java:lambda$close$4(314)) - 99e65ce9-9658-4d2b-9ccf-b58166a10afd: close
2019-08-22 17:50:10,389 [main] INFO  impl.RaftServerImpl (RaftServerImpl.java:lambda$shutdown$3(245)) - 99e65ce9-9658-4d2b-9ccf-b58166a10afd: shutdown group-E954F635198A
2019-08-22 17:50:10,389 [main] INFO  util.JmxRegister (JmxRegister.java:unregister(73)) - Successfully un-registered JMX Bean with object name Ratis:service=RaftServer,group=group-E954F635198A,id=99e65ce9-9658-4d2b-9ccf-b58166a10afd
2019-08-22 17:50:10,389 [main] INFO  impl.RoleInfo (RoleInfo.java:shutdownLeaderState(104)) - 99e65ce9-9658-4d2b-9ccf-b58166a10afd: shutdown LeaderState
2019-08-22 17:50:10,398 [main] INFO  impl.PendingRequests (PendingRequests.java:sendNotLeaderResponses(202)) - 99e65ce9-9658-4d2b-9ccf-b58166a10afd-PendingRequests: sendNotLeaderResponses
2019-08-22 17:50:10,398 [ForkJoinPool.commonPool-worker-0] INFO  ozoneimpl.OzoneContainer (OzoneContainer.java:stop(199)) - Attempting to stop container services.
2019-08-22 17:50:10,398 [org.apache.ratis.server.impl.LogAppender$AppenderDaemon$$Lambda$482/463698091@4eb89e52] WARN  server.GrpcLogAppender (GrpcLogAppender.java:mayWait(143)) - GrpcLogAppender(99e65ce9-9658-4d2b-9ccf-b58166a10afd->4d50bca6-1793-48ce-b534-bf550895ea18): Wait interrupted by java.lang.InterruptedException
2019-08-22 17:50:10,398 [org.apache.ratis.server.impl.LogAppender$AppenderDaemon$$Lambda$482/463698091@bba1141] WARN  server.GrpcLogAppender (GrpcLogAppender.java:mayWait(143)) - GrpcLogAppender(99e65ce9-9658-4d2b-9ccf-b58166a10afd->c2d5ad94-5356-4232-a32f-95f0e36a9a79): Wait interrupted by java.lang.InterruptedException
2019-08-22 17:50:10,402 [main] INFO  impl.StateMachineUpdater (StateMachineUpdater.java:stopAndJoin(115)) - StateMachineUpdater:99e65ce9-9658-4d2b-9ccf-b58166a10afd:group-E954F635198A: set stopIndex = 6
2019-08-22 17:50:10,401 [ForkJoinPool.commonPool-worker-0] INFO  impl.RaftServerProxy (RaftServerProxy.java:lambda$close$4(314)) - a29b0749-4fa9-464b-a5e0-ea013a767c21: close
2019-08-22 17:50:10,402 [StateMachineUpdater:99e65ce9-9658-4d2b-9ccf-b58166a10afd:group-E954F635198A] INFO  ratis.ContainerStateMachine (ContainerStateMachine.java:takeSnapshot(283)) - group-E954F635198A: Taking a snapshot at:(t:1, i:6) file /workdir/hadoop-ozone/integration-test/target/test-dir/MiniOzoneClusterImpl-759fa8c2-74ee-4da7-994d-2e8cc84df3a0/datanode-3/data/ratis/32b6daad-a68c-422f-97e0-e954f635198a/sm/snapshot.1_6
2019-08-22 17:50:10,402 [grpc-default-executor-6] INFO  server.GrpcServerProtocolService (GrpcServerProtocolService.java:onCompleted(104)) - 4d50bca6-1793-48ce-b534-bf550895ea18: appendEntries completed
2019-08-22 17:50:10,402 [ForkJoinPool.commonPool-worker-0] INFO  impl.RaftServerImpl (RaftServerImpl.java:lambda$shutdown$3(245)) - a29b0749-4fa9-464b-a5e0-ea013a767c21: shutdown group-AED25211918E
2019-08-22 17:50:10,403 [grpc-default-executor-5] INFO  server.GrpcLogAppender (GrpcLogAppender.java:onCompleted(292)) - 99e65ce9-9658-4d2b-9ccf-b58166a10afd->4d50bca6-1793-48ce-b534-bf550895ea18: follower responses appendEntries COMPLETED
2019-08-22 17:50:10,403 [ForkJoinPool.commonPool-worker-0] INFO  util.JmxRegister (JmxRegister.java:unregister(73)) - Successfully un-registered JMX Bean with object name Ratis:service=RaftServer,group=group-AED25211918E,id=a29b0749-4fa9-464b-a5e0-ea013a767c21
2019-08-22 17:50:10,403 [ForkJoinPool.commonPool-worker-0] INFO  impl.RoleInfo (RoleInfo.java:shutdownLeaderState(104)) - a29b0749-4fa9-464b-a5e0-ea013a767c21: shutdown LeaderState
2019-08-22 17:50:10,403 [grpc-default-executor-5] INFO  impl.FollowerInfo (FollowerInfo.java:lambda$new$0(50)) - 99e65ce9-9658-4d2b-9ccf-b58166a10afd->4d50bca6-1793-48ce-b534-bf550895ea18: nextIndex: updateUnconditionally 7 -> 6
2019-08-22 17:50:10,404 [ForkJoinPool.commonPool-worker-0] INFO  impl.PendingRequests (PendingRequests.java:sendNotLeaderResponses(202)) - a29b0749-4fa9-464b-a5e0-ea013a767c21-PendingRequests: sendNotLeaderResponses
2019-08-22 17:50:10,404 [ForkJoinPool.commonPool-worker-0] INFO  impl.StateMachineUpdater (StateMachineUpdater.java:stopAndJoin(115)) - StateMachineUpdater:a29b0749-4fa9-464b-a5e0-ea013a767c21:group-AED25211918E: set stopIndex = 0
2019-08-22 17:50:10,404 [ForkJoinPool.commonPool-worker-0] INFO  impl.RaftServerImpl (ServerState.java:close(394)) - a29b0749-4fa9-464b-a5e0-ea013a767c21:group-AED25211918E closes. The last applied log index is 0
2019-08-22 17:50:10,405 [a29b0749-4fa9-464b-a5e0-ea013a767c21-SegmentedRaftLogWorker:Storage Directory /workdir/hadoop-ozone/integration-test/target/test-dir/MiniOzoneClusterImpl-759fa8c2-74ee-4da7-994d-2e8cc84df3a0/datanode-2/data/ratis/147f668a-a44f-4037-8eb2-aed25211918e] INFO  segmented.SegmentedRaftLogWorker (SegmentedRaftLogWorker.java:run(313)) - a29b0749-4fa9-464b-a5e0-ea013a767c21-SegmentedRaftLogWorker:Storage Directory /workdir/hadoop-ozone/integration-test/target/test-dir/MiniOzoneClusterImpl-759fa8c2-74ee-4da7-994d-2e8cc84df3a0/datanode-2/data/ratis/147f668a-a44f-4037-8eb2-aed25211918e was interrupted, exiting. There are 0 tasks remaining in the queue.
2019-08-22 17:50:10,406 [ForkJoinPool.commonPool-worker-0] INFO  segmented.SegmentedRaftLogWorker (SegmentedRaftLogWorker.java:close(228)) - a29b0749-4fa9-464b-a5e0-ea013a767c21-SegmentedRaftLogWorker:Storage Directory /workdir/hadoop-ozone/integration-test/target/test-dir/MiniOzoneClusterImpl-759fa8c2-74ee-4da7-994d-2e8cc84df3a0/datanode-2/data/ratis/147f668a-a44f-4037-8eb2-aed25211918e close()
2019-08-22 17:50:10,410 [ForkJoinPool.commonPool-worker-0] INFO  impl.RaftServerImpl (RaftServerImpl.java:lambda$shutdown$3(245)) - a29b0749-4fa9-464b-a5e0-ea013a767c21: shutdown group-92301C51CB26
2019-08-22 17:50:10,410 [ForkJoinPool.commonPool-worker-0] INFO  util.JmxRegister (JmxRegister.java:unregister(73)) - Successfully un-registered JMX Bean with object name Ratis:service=RaftServer,group=group-92301C51CB26,id=a29b0749-4fa9-464b-a5e0-ea013a767c21
2019-08-22 17:50:10,410 [ForkJoinPool.commonPool-worker-0] INFO  impl.RoleInfo (RoleInfo.java:shutdownFollowerState(121)) - a29b0749-4fa9-464b-a5e0-ea013a767c21: shutdown FollowerState
2019-08-22 17:50:10,410 [ForkJoinPool.commonPool-worker-0] INFO  impl.StateMachineUpdater (StateMachineUpdater.java:stopAndJoin(115)) - StateMachineUpdater:a29b0749-4fa9-464b-a5e0-ea013a767c21:group-92301C51CB26: set stopIndex = 14
2019-08-22 17:50:10,410 [Thread-3976] INFO  impl.FollowerState (FollowerState.java:run(114)) - a29b0749-4fa9-464b-a5e0-ea013a767c21: FollowerState was interrupted: java.lang.InterruptedException: sleep interrupted
2019-08-22 17:50:10,410 [StateMachineUpdater:a29b0749-4fa9-464b-a5e0-ea013a767c21:group-92301C51CB26] INFO  ratis.ContainerStateMachine (ContainerStateMachine.java:takeSnapshot(283)) - group-92301C51CB26: Taking a snapshot at:(t:2, i:14) file /workdir/hadoop-ozone/integration-test/target/test-dir/MiniOzoneClusterImpl-759fa8c2-74ee-4da7-994d-2e8cc84df3a0/datanode-2/data/ratis/4a4183c5-9385-4f89-a7e8-92301c51cb26/sm/snapshot.2_14
2019-08-22 17:50:10,428 [StateMachineUpdater:a29b0749-4fa9-464b-a5e0-ea013a767c21:group-92301C51CB26] INFO  ratis.ContainerStateMachine (ContainerStateMachine.java:takeSnapshot(294)) - group-92301C51CB26: Finished taking a snapshot at:(t:2, i:14) file:/workdir/hadoop-ozone/integration-test/target/test-dir/MiniOzoneClusterImpl-759fa8c2-74ee-4da7-994d-2e8cc84df3a0/datanode-2/data/ratis/4a4183c5-9385-4f89-a7e8-92301c51cb26/sm/snapshot.2_14 time:17
2019-08-22 17:50:10,428 [StateMachineUpdater:99e65ce9-9658-4d2b-9ccf-b58166a10afd:group-E954F635198A] INFO  ratis.ContainerStateMachine (ContainerStateMachine.java:takeSnapshot(294)) - group-E954F635198A: Finished taking a snapshot at:(t:1, i:6) file:/workdir/hadoop-ozone/integration-test/target/test-dir/MiniOzoneClusterImpl-759fa8c2-74ee-4da7-994d-2e8cc84df3a0/datanode-3/data/ratis/32b6daad-a68c-422f-97e0-e954f635198a/sm/snapshot.1_6 time:26
2019-08-22 17:50:10,428 [StateMachineUpdater:a29b0749-4fa9-464b-a5e0-ea013a767c21:group-92301C51CB26] INFO  impl.StateMachineUpdater (StateMachineUpdater.java:takeSnapshot(242)) - StateMachineUpdater:a29b0749-4fa9-464b-a5e0-ea013a767c21:group-92301C51CB26: Took a snapshot at index 14
2019-08-22 17:50:10,428 [StateMachineUpdater:99e65ce9-9658-4d2b-9ccf-b58166a10afd:group-E954F635198A] INFO  impl.StateMachineUpdater (StateMachineUpdater.java:takeSnapshot(242)) - StateMachineUpdater:99e65ce9-9658-4d2b-9ccf-b58166a10afd:group-E954F635198A: Took a snapshot at index 6
2019-08-22 17:50:10,428 [StateMachineUpdater:a29b0749-4fa9-464b-a5e0-ea013a767c21:group-92301C51CB26] INFO  impl.StateMachineUpdater (StateMachineUpdater.java:lambda$new$0(80)) - StateMachineUpdater:a29b0749-4fa9-464b-a5e0-ea013a767c21:group-92301C51CB26: snapshotIndex: updateIncreasingly -1 -> 14
2019-08-22 17:50:10,428 [StateMachineUpdater:99e65ce9-9658-4d2b-9ccf-b58166a10afd:group-E954F635198A] INFO  impl.StateMachineUpdater (StateMachineUpdater.java:lambda$new$0(80)) - StateMachineUpdater:99e65ce9-9658-4d2b-9ccf-b58166a10afd:group-E954F635198A: snapshotIndex: updateIncreasingly -1 -> 6
2019-08-22 17:50:10,428 [ForkJoinPool.commonPool-worker-0] INFO  impl.RaftServerImpl (ServerState.java:close(394)) - a29b0749-4fa9-464b-a5e0-ea013a767c21:group-92301C51CB26 closes. The last applied log index is 14
2019-08-22 17:50:10,428 [main] INFO  impl.RaftServerImpl (ServerState.java:close(394)) - 99e65ce9-9658-4d2b-9ccf-b58166a10afd:group-E954F635198A closes. The last applied log index is 6
2019-08-22 17:50:10,429 [a29b0749-4fa9-464b-a5e0-ea013a767c21-SegmentedRaftLogWorker:Storage Directory /workdir/hadoop-ozone/integration-test/target/test-dir/MiniOzoneClusterImpl-759fa8c2-74ee-4da7-994d-2e8cc84df3a0/datanode-2/data/ratis/4a4183c5-9385-4f89-a7e8-92301c51cb26] INFO  segmented.SegmentedRaftLogWorker (SegmentedRaftLogWorker.java:run(313)) - a29b0749-4fa9-464b-a5e0-ea013a767c21-SegmentedRaftLogWorker:Storage Directory /workdir/hadoop-ozone/integration-test/target/test-dir/MiniOzoneClusterImpl-759fa8c2-74ee-4da7-994d-2e8cc84df3a0/datanode-2/data/ratis/4a4183c5-9385-4f89-a7e8-92301c51cb26 was interrupted, exiting. There are 0 tasks remaining in the queue.
2019-08-22 17:50:10,431 [99e65ce9-9658-4d2b-9ccf-b58166a10afd-SegmentedRaftLogWorker:Storage Directory /workdir/hadoop-ozone/integration-test/target/test-dir/MiniOzoneClusterImpl-759fa8c2-74ee-4da7-994d-2e8cc84df3a0/datanode-3/data/ratis/32b6daad-a68c-422f-97e0-e954f635198a] INFO  segmented.SegmentedRaftLogWorker (SegmentedRaftLogWorker.java:run(313)) - 99e65ce9-9658-4d2b-9ccf-b58166a10afd-SegmentedRaftLogWorker:Storage Directory /workdir/hadoop-ozone/integration-test/target/test-dir/MiniOzoneClusterImpl-759fa8c2-74ee-4da7-994d-2e8cc84df3a0/datanode-3/data/ratis/32b6daad-a68c-422f-97e0-e954f635198a was interrupted, exiting. There are 0 tasks remaining in the queue.
2019-08-22 17:50:10,431 [ForkJoinPool.commonPool-worker-0] INFO  segmented.SegmentedRaftLogWorker (SegmentedRaftLogWorker.java:close(228)) - a29b0749-4fa9-464b-a5e0-ea013a767c21-SegmentedRaftLogWorker:Storage Directory /workdir/hadoop-ozone/integration-test/target/test-dir/MiniOzoneClusterImpl-759fa8c2-74ee-4da7-994d-2e8cc84df3a0/datanode-2/data/ratis/4a4183c5-9385-4f89-a7e8-92301c51cb26 close()
2019-08-22 17:50:10,433 [main] INFO  segmented.SegmentedRaftLogWorker (SegmentedRaftLogWorker.java:close(228)) - 99e65ce9-9658-4d2b-9ccf-b58166a10afd-SegmentedRaftLogWorker:Storage Directory /workdir/hadoop-ozone/integration-test/target/test-dir/MiniOzoneClusterImpl-759fa8c2-74ee-4da7-994d-2e8cc84df3a0/datanode-3/data/ratis/32b6daad-a68c-422f-97e0-e954f635198a close()
2019-08-22 17:50:10,436 [ForkJoinPool.commonPool-worker-0] INFO  server.GrpcService (GrpcService.java:closeImpl(155)) - a29b0749-4fa9-464b-a5e0-ea013a767c21: shutdown server with port 36275 now
2019-08-22 17:50:10,451 [main] INFO  impl.RaftServerImpl (RaftServerImpl.java:lambda$shutdown$3(245)) - 99e65ce9-9658-4d2b-9ccf-b58166a10afd: shutdown group-267EA6739E59
2019-08-22 17:50:10,452 [main] INFO  util.JmxRegister (JmxRegister.java:unregister(73)) - Successfully un-registered JMX Bean with object name Ratis:service=RaftServer,group=group-267EA6739E59,id=99e65ce9-9658-4d2b-9ccf-b58166a10afd
2019-08-22 17:50:10,452 [ForkJoinPool.commonPool-worker-0] INFO  server.GrpcService (GrpcService.java:closeImpl(163)) - a29b0749-4fa9-464b-a5e0-ea013a767c21: shutdown server with port 36275 successfully
2019-08-22 17:50:10,452 [main] INFO  impl.RoleInfo (RoleInfo.java:shutdownLeaderState(104)) - 99e65ce9-9658-4d2b-9ccf-b58166a10afd: shutdown LeaderState
2019-08-22 17:50:10,453 [main] INFO  impl.PendingRequests (PendingRequests.java:sendNotLeaderResponses(202)) - 99e65ce9-9658-4d2b-9ccf-b58166a10afd-PendingRequests: sendNotLeaderResponses
2019-08-22 17:50:10,453 [main] INFO  impl.StateMachineUpdater (StateMachineUpdater.java:stopAndJoin(115)) - StateMachineUpdater:99e65ce9-9658-4d2b-9ccf-b58166a10afd:group-267EA6739E59: set stopIndex = 0
2019-08-22 17:50:10,454 [ForkJoinPool.commonPool-worker-0] INFO  utils.BackgroundService (BackgroundService.java:shutdown(148)) - Shutting down service BlockDeletingService
2019-08-22 17:50:10,454 [main] INFO  impl.RaftServerImpl (ServerState.java:close(394)) - 99e65ce9-9658-4d2b-9ccf-b58166a10afd:group-267EA6739E59 closes. The last applied log index is 0
2019-08-22 17:50:10,454 [99e65ce9-9658-4d2b-9ccf-b58166a10afd-SegmentedRaftLogWorker:Storage Directory /workdir/hadoop-ozone/integration-test/target/test-dir/MiniOzoneClusterImpl-759fa8c2-74ee-4da7-994d-2e8cc84df3a0/datanode-3/data/ratis/e4e0755a-64b5-492d-b8a0-267ea6739e59] INFO  segmented.SegmentedRaftLogWorker (SegmentedRaftLogWorker.java:run(313)) - 99e65ce9-9658-4d2b-9ccf-b58166a10afd-SegmentedRaftLogWorker:Storage Directory /workdir/hadoop-ozone/integration-test/target/test-dir/MiniOzoneClusterImpl-759fa8c2-74ee-4da7-994d-2e8cc84df3a0/datanode-3/data/ratis/e4e0755a-64b5-492d-b8a0-267ea6739e59 was interrupted, exiting. There are 0 tasks remaining in the queue.
2019-08-22 17:50:10,457 [main] INFO  segmented.SegmentedRaftLogWorker (SegmentedRaftLogWorker.java:close(228)) - 99e65ce9-9658-4d2b-9ccf-b58166a10afd-SegmentedRaftLogWorker:Storage Directory /workdir/hadoop-ozone/integration-test/target/test-dir/MiniOzoneClusterImpl-759fa8c2-74ee-4da7-994d-2e8cc84df3a0/datanode-3/data/ratis/e4e0755a-64b5-492d-b8a0-267ea6739e59 close()
2019-08-22 17:50:10,457 [refreshUsed-/workdir/hadoop-ozone/integration-test/target/test-dir/MiniOzoneClusterImpl-759fa8c2-74ee-4da7-994d-2e8cc84df3a0/datanode-2/data/containers] WARN  fs.CachingGetSpaceUsed (CachingGetSpaceUsed.java:run(183)) - Thread Interrupted waiting to refresh disk information: sleep interrupted
2019-08-22 17:50:10,459 [main] INFO  server.GrpcService (GrpcService.java:closeImpl(155)) - 99e65ce9-9658-4d2b-9ccf-b58166a10afd: shutdown server with port 38554 now
2019-08-22 17:50:10,460 [main] INFO  server.GrpcService (GrpcService.java:closeImpl(163)) - 99e65ce9-9658-4d2b-9ccf-b58166a10afd: shutdown server with port 38554 successfully
2019-08-22 17:50:10,465 [main] INFO  utils.BackgroundService (BackgroundService.java:shutdown(148)) - Shutting down service BlockDeletingService
2019-08-22 17:50:10,467 [refreshUsed-/workdir/hadoop-ozone/integration-test/target/test-dir/MiniOzoneClusterImpl-759fa8c2-74ee-4da7-994d-2e8cc84df3a0/datanode-3/data/containers] WARN  fs.CachingGetSpaceUsed (CachingGetSpaceUsed.java:run(183)) - Thread Interrupted waiting to refresh disk information: sleep interrupted
2019-08-22 17:50:10,479 [ForkJoinPool.commonPool-worker-0] INFO  statemachine.DatanodeStateMachine (DatanodeStateMachine.java:stopDaemon(395)) - Ozone container server stopped.
2019-08-22 17:50:10,488 [main] INFO  statemachine.DatanodeStateMachine (DatanodeStateMachine.java:stopDaemon(395)) - Ozone container server stopped.
2019-08-22 17:50:10,489 [ForkJoinPool.commonPool-worker-0] INFO  handler.ContextHandler (ContextHandler.java:doStop(910)) - Stopped o.e.j.w.WebAppContext@6d89c923{/,null,UNAVAILABLE}{/hddsDatanode}
2019-08-22 17:50:10,490 [main] INFO  handler.ContextHandler (ContextHandler.java:doStop(910)) - Stopped o.e.j.w.WebAppContext@7a4efee2{/,null,UNAVAILABLE}{/hddsDatanode}
2019-08-22 17:50:10,490 [ForkJoinPool.commonPool-worker-0] INFO  server.AbstractConnector (AbstractConnector.java:doStop(318)) - Stopped ServerConnector@5205b2e5{HTTP/1.1,[http/1.1]}{0.0.0.0:0}
2019-08-22 17:50:10,491 [ForkJoinPool.commonPool-worker-0] INFO  handler.ContextHandler (ContextHandler.java:doStop(910)) - Stopped o.e.j.s.ServletContextHandler@27131d01{/static,jar:file:/home/user/.m2/repository/org/apache/hadoop/hadoop-hdds-container-service/0.5.0-SNAPSHOT/hadoop-hdds-container-service-0.5.0-SNAPSHOT.jar!/webapps/static,UNAVAILABLE}
2019-08-22 17:50:10,491 [main] INFO  server.AbstractConnector (AbstractConnector.java:doStop(318)) - Stopped ServerConnector@3f76c712{HTTP/1.1,[http/1.1]}{0.0.0.0:0}
2019-08-22 17:50:10,491 [ForkJoinPool.commonPool-worker-0] INFO  handler.ContextHandler (ContextHandler.java:doStop(910)) - Stopped o.e.j.s.ServletContextHandler@7fef485d{/logs,file:///workdir/hadoop-ozone/integration-test/target/log,UNAVAILABLE}
2019-08-22 17:50:10,491 [main] INFO  handler.ContextHandler (ContextHandler.java:doStop(910)) - Stopped o.e.j.s.ServletContextHandler@30c1447e{/static,jar:file:/home/user/.m2/repository/org/apache/hadoop/hadoop-hdds-container-service/0.5.0-SNAPSHOT/hadoop-hdds-container-service-0.5.0-SNAPSHOT.jar!/webapps/static,UNAVAILABLE}
2019-08-22 17:50:10,492 [main] INFO  handler.ContextHandler (ContextHandler.java:doStop(910)) - Stopped o.e.j.s.ServletContextHandler@45c5cd9a{/logs,file:///workdir/hadoop-ozone/integration-test/target/log,UNAVAILABLE}
2019-08-22 17:50:10,492 [ForkJoinPool.commonPool-worker-0] INFO  datanode.ObjectStoreHandler (ObjectStoreHandler.java:close(155)) - Closing ObjectStoreHandler.
2019-08-22 17:50:10,492 [main] INFO  datanode.ObjectStoreHandler (ObjectStoreHandler.java:close(155)) - Closing ObjectStoreHandler.
2019-08-22 17:50:10,493 [ForkJoinPool.commonPool-worker-0] INFO  ozone.HddsDatanodeService (HddsDatanodeService.java:stop(451)) - Stopped plug-in org.apache.hadoop.ozone.web.OzoneHddsDatanodeService@1c1bc904
2019-08-22 17:50:10,493 [main] INFO  ozone.HddsDatanodeService (HddsDatanodeService.java:stop(451)) - Stopped plug-in org.apache.hadoop.ozone.web.OzoneHddsDatanodeService@7241872c
2019-08-22 17:50:10,552 [Datanode State Machine Thread - 0] INFO  statemachine.DatanodeStateMachine (DatanodeStateMachine.java:lambda$startDaemon$0(350)) - Ozone container server started.
2019-08-22 17:50:11,086 | INFO  | SCMAudit | user=jenkins1000 | ip=192.168.5.173 | op=SEND_HEARTBEAT {datanodeUUID=4d50bca6-1793-48ce-b534-bf550895ea18, command=[]} | ret=SUCCESS |  
2019-08-22 17:50:11,087 [Datanode State Machine Thread - 0] INFO  statemachine.DatanodeStateMachine (DatanodeStateMachine.java:lambda$startDaemon$0(350)) - Ozone container server started.
2019-08-22 17:50:12,086 | INFO  | SCMAudit | user=jenkins1000 | ip=192.168.5.173 | op=SEND_HEARTBEAT {datanodeUUID=4d50bca6-1793-48ce-b534-bf550895ea18, command=[]} | ret=SUCCESS |  
2019-08-22 17:50:13,086 | INFO  | SCMAudit | user=jenkins1000 | ip=192.168.5.173 | op=SEND_HEARTBEAT {datanodeUUID=4d50bca6-1793-48ce-b534-bf550895ea18, command=[]} | ret=SUCCESS |  
2019-08-22 17:50:13,965 [Thread-3975] INFO  impl.FollowerState (FollowerState.java:run(106)) - f56af1c7-d196-4686-9983-5f1b73da6fe9:group-92301C51CB26 changes to CANDIDATE, lastRpcTime:8860, electionTimeout:5143ms
2019-08-22 17:50:13,965 [Thread-3975] INFO  impl.RoleInfo (RoleInfo.java:shutdownFollowerState(121)) - f56af1c7-d196-4686-9983-5f1b73da6fe9: shutdown FollowerState
2019-08-22 17:50:13,965 [Thread-3975] INFO  impl.RaftServerImpl (RaftServerImpl.java:setRole(171)) - f56af1c7-d196-4686-9983-5f1b73da6fe9:group-92301C51CB26 changes role from FOLLOWER to CANDIDATE at term 2 for changeToCandidate
2019-08-22 17:50:13,965 [Thread-3975] INFO  impl.RoleInfo (RoleInfo.java:updateAndGet(143)) - f56af1c7-d196-4686-9983-5f1b73da6fe9: start LeaderElection
2019-08-22 17:50:13,966 [f56af1c7-d196-4686-9983-5f1b73da6fe9:group-92301C51CB26:LeaderElection96] INFO  impl.RaftServerImpl (ServerState.java:setLeader(263)) - f56af1c7-d196-4686-9983-5f1b73da6fe9:group-92301C51CB26 change Leader from 69232983-8dba-446a-9451-2b46042e75c9 to null at term 2 for initElection
2019-08-22 17:50:13,992 [f56af1c7-d196-4686-9983-5f1b73da6fe9:group-92301C51CB26:LeaderElection96] INFO  impl.LeaderElection (LeaderElection.java:askForVotes(181)) - f56af1c7-d196-4686-9983-5f1b73da6fe9:group-92301C51CB26:LeaderElection96: begin an election at term 3 for 0: [f56af1c7-d196-4686-9983-5f1b73da6fe9:192.168.5.173:33869, a29b0749-4fa9-464b-a5e0-ea013a767c21:192.168.5.173:36275, 69232983-8dba-446a-9451-2b46042e75c9:192.168.5.173:35738], old=null
2019-08-22 17:50:13,995 [f56af1c7-d196-4686-9983-5f1b73da6fe9:group-92301C51CB26:LeaderElection96] INFO  impl.LeaderElection (LogUtils.java:infoOrTrace(149)) - f56af1c7-d196-4686-9983-5f1b73da6fe9:group-92301C51CB26:LeaderElection96 got exception when requesting votes: {}
java.util.concurrent.ExecutionException: org.apache.ratis.thirdparty.io.grpc.StatusRuntimeException: UNAVAILABLE: io exception
	at java.util.concurrent.FutureTask.report(FutureTask.java:122)
	at java.util.concurrent.FutureTask.get(FutureTask.java:192)
	at org.apache.ratis.server.impl.LeaderElection.waitForResults(LeaderElection.java:262)
	at org.apache.ratis.server.impl.LeaderElection.askForVotes(LeaderElection.java:200)
	at org.apache.ratis.server.impl.LeaderElection.run(LeaderElection.java:130)
	at java.lang.Thread.run(Thread.java:748)
Caused by: org.apache.ratis.thirdparty.io.grpc.StatusRuntimeException: UNAVAILABLE: io exception
	at org.apache.ratis.thirdparty.io.grpc.stub.ClientCalls.toStatusRuntimeException(ClientCalls.java:233)
	at org.apache.ratis.thirdparty.io.grpc.stub.ClientCalls.getUnchecked(ClientCalls.java:214)
	at org.apache.ratis.thirdparty.io.grpc.stub.ClientCalls.blockingUnaryCall(ClientCalls.java:139)
	at org.apache.ratis.proto.grpc.RaftServerProtocolServiceGrpc$RaftServerProtocolServiceBlockingStub.requestVote(RaftServerProtocolServiceGrpc.java:265)
	at org.apache.ratis.grpc.server.GrpcServerProtocolClient.requestVote(GrpcServerProtocolClient.java:83)
	at org.apache.ratis.grpc.server.GrpcService.requestVote(GrpcService.java:195)
	at org.apache.ratis.server.impl.LeaderElection.lambda$submitRequests$1(LeaderElection.java:237)
	at java.util.concurrent.FutureTask.run(FutureTask.java:266)
	at java.util.concurrent.Executors$RunnableAdapter.call(Executors.java:511)
	at java.util.concurrent.FutureTask.run(FutureTask.java:266)
	at java.util.concurrent.ThreadPoolExecutor.runWorker(ThreadPoolExecutor.java:1149)
	at java.util.concurrent.ThreadPoolExecutor$Worker.run(ThreadPoolExecutor.java:624)
	... 1 more
Caused by: org.apache.ratis.thirdparty.io.netty.channel.AbstractChannel$AnnotatedConnectException: Connection refused: /192.168.5.173:36275
	at sun.nio.ch.SocketChannelImpl.checkConnect(Native Method)
	at sun.nio.ch.SocketChannelImpl.finishConnect(SocketChannelImpl.java:717)
	at org.apache.ratis.thirdparty.io.netty.channel.socket.nio.NioSocketChannel.doFinishConnect(NioSocketChannel.java:327)
	at org.apache.ratis.thirdparty.io.netty.channel.nio.AbstractNioChannel$AbstractNioUnsafe.finishConnect(AbstractNioChannel.java:340)
	at org.apache.ratis.thirdparty.io.netty.channel.nio.NioEventLoop.processSelectedKey(NioEventLoop.java:632)
	at org.apache.ratis.thirdparty.io.netty.channel.nio.NioEventLoop.processSelectedKeysOptimized(NioEventLoop.java:579)
	at org.apache.ratis.thirdparty.io.netty.channel.nio.NioEventLoop.processSelectedKeys(NioEventLoop.java:496)
	at org.apache.ratis.thirdparty.io.netty.channel.nio.NioEventLoop.run(NioEventLoop.java:458)
	at org.apache.ratis.thirdparty.io.netty.util.concurrent.SingleThreadEventExecutor$5.run(SingleThreadEventExecutor.java:897)
	at org.apache.ratis.thirdparty.io.netty.util.concurrent.FastThreadLocalRunnable.run(FastThreadLocalRunnable.java:30)
	... 1 more
Caused by: java.net.ConnectException: Connection refused
	... 11 more
2019-08-22 17:50:14,008 [f56af1c7-d196-4686-9983-5f1b73da6fe9:group-92301C51CB26:LeaderElection96] INFO  impl.LeaderElection (LogUtils.java:infoOrTrace(149)) - f56af1c7-d196-4686-9983-5f1b73da6fe9:group-92301C51CB26:LeaderElection96 got exception when requesting votes: {}
java.util.concurrent.ExecutionException: org.apache.ratis.thirdparty.io.grpc.StatusRuntimeException: UNAVAILABLE: io exception
	at java.util.concurrent.FutureTask.report(FutureTask.java:122)
	at java.util.concurrent.FutureTask.get(FutureTask.java:192)
	at org.apache.ratis.server.impl.LeaderElection.waitForResults(LeaderElection.java:262)
	at org.apache.ratis.server.impl.LeaderElection.askForVotes(LeaderElection.java:200)
	at org.apache.ratis.server.impl.LeaderElection.run(LeaderElection.java:130)
	at java.lang.Thread.run(Thread.java:748)
Caused by: org.apache.ratis.thirdparty.io.grpc.StatusRuntimeException: UNAVAILABLE: io exception
	at org.apache.ratis.thirdparty.io.grpc.stub.ClientCalls.toStatusRuntimeException(ClientCalls.java:233)
	at org.apache.ratis.thirdparty.io.grpc.stub.ClientCalls.getUnchecked(ClientCalls.java:214)
	at org.apache.ratis.thirdparty.io.grpc.stub.ClientCalls.blockingUnaryCall(ClientCalls.java:139)
	at org.apache.ratis.proto.grpc.RaftServerProtocolServiceGrpc$RaftServerProtocolServiceBlockingStub.requestVote(RaftServerProtocolServiceGrpc.java:265)
	at org.apache.ratis.grpc.server.GrpcServerProtocolClient.requestVote(GrpcServerProtocolClient.java:83)
	at org.apache.ratis.grpc.server.GrpcService.requestVote(GrpcService.java:195)
	at org.apache.ratis.server.impl.LeaderElection.lambda$submitRequests$1(LeaderElection.java:237)
	at java.util.concurrent.FutureTask.run(FutureTask.java:266)
	at java.util.concurrent.Executors$RunnableAdapter.call(Executors.java:511)
	at java.util.concurrent.FutureTask.run(FutureTask.java:266)
	at java.util.concurrent.ThreadPoolExecutor.runWorker(ThreadPoolExecutor.java:1149)
	at java.util.concurrent.ThreadPoolExecutor$Worker.run(ThreadPoolExecutor.java:624)
	... 1 more
Caused by: org.apache.ratis.thirdparty.io.netty.channel.AbstractChannel$AnnotatedConnectException: Connection refused: /192.168.5.173:35738
	at sun.nio.ch.SocketChannelImpl.checkConnect(Native Method)
	at sun.nio.ch.SocketChannelImpl.finishConnect(SocketChannelImpl.java:717)
	at org.apache.ratis.thirdparty.io.netty.channel.socket.nio.NioSocketChannel.doFinishConnect(NioSocketChannel.java:327)
	at org.apache.ratis.thirdparty.io.netty.channel.nio.AbstractNioChannel$AbstractNioUnsafe.finishConnect(AbstractNioChannel.java:340)
	at org.apache.ratis.thirdparty.io.netty.channel.nio.NioEventLoop.processSelectedKey(NioEventLoop.java:632)
	at org.apache.ratis.thirdparty.io.netty.channel.nio.NioEventLoop.processSelectedKeysOptimized(NioEventLoop.java:579)
	at org.apache.ratis.thirdparty.io.netty.channel.nio.NioEventLoop.processSelectedKeys(NioEventLoop.java:496)
	at org.apache.ratis.thirdparty.io.netty.channel.nio.NioEventLoop.run(NioEventLoop.java:458)
	at org.apache.ratis.thirdparty.io.netty.util.concurrent.SingleThreadEventExecutor$5.run(SingleThreadEventExecutor.java:897)
	at org.apache.ratis.thirdparty.io.netty.util.concurrent.FastThreadLocalRunnable.run(FastThreadLocalRunnable.java:30)
	... 1 more
Caused by: java.net.ConnectException: Connection refused
	... 11 more
2019-08-22 17:50:14,009 [f56af1c7-d196-4686-9983-5f1b73da6fe9:group-92301C51CB26:LeaderElection96] INFO  impl.LeaderElection (LeaderElection.java:logAndReturn(56)) - f56af1c7-d196-4686-9983-5f1b73da6fe9:group-92301C51CB26:LeaderElection96: Election REJECTED; received 0 response(s) [] and 2 exception(s); f56af1c7-d196-4686-9983-5f1b73da6fe9:t3, leader=null, voted=f56af1c7-d196-4686-9983-5f1b73da6fe9, raftlog=f56af1c7-d196-4686-9983-5f1b73da6fe9-SegmentedRaftLog:OPENED:c14,f14,i14, conf=0: [f56af1c7-d196-4686-9983-5f1b73da6fe9:192.168.5.173:33869, a29b0749-4fa9-464b-a5e0-ea013a767c21:192.168.5.173:36275, 69232983-8dba-446a-9451-2b46042e75c9:192.168.5.173:35738], old=null
2019-08-22 17:50:14,009 [f56af1c7-d196-4686-9983-5f1b73da6fe9:group-92301C51CB26:LeaderElection96] INFO  impl.LeaderElection (LogUtils.java:infoOrTrace(149)) -   Exception 0: {}
java.util.concurrent.ExecutionException: org.apache.ratis.thirdparty.io.grpc.StatusRuntimeException: UNAVAILABLE: io exception
	at java.util.concurrent.FutureTask.report(FutureTask.java:122)
	at java.util.concurrent.FutureTask.get(FutureTask.java:192)
	at org.apache.ratis.server.impl.LeaderElection.waitForResults(LeaderElection.java:262)
	at org.apache.ratis.server.impl.LeaderElection.askForVotes(LeaderElection.java:200)
	at org.apache.ratis.server.impl.LeaderElection.run(LeaderElection.java:130)
	at java.lang.Thread.run(Thread.java:748)
Caused by: org.apache.ratis.thirdparty.io.grpc.StatusRuntimeException: UNAVAILABLE: io exception
	at org.apache.ratis.thirdparty.io.grpc.stub.ClientCalls.toStatusRuntimeException(ClientCalls.java:233)
	at org.apache.ratis.thirdparty.io.grpc.stub.ClientCalls.getUnchecked(ClientCalls.java:214)
	at org.apache.ratis.thirdparty.io.grpc.stub.ClientCalls.blockingUnaryCall(ClientCalls.java:139)
	at org.apache.ratis.proto.grpc.RaftServerProtocolServiceGrpc$RaftServerProtocolServiceBlockingStub.requestVote(RaftServerProtocolServiceGrpc.java:265)
	at org.apache.ratis.grpc.server.GrpcServerProtocolClient.requestVote(GrpcServerProtocolClient.java:83)
	at org.apache.ratis.grpc.server.GrpcService.requestVote(GrpcService.java:195)
	at org.apache.ratis.server.impl.LeaderElection.lambda$submitRequests$1(LeaderElection.java:237)
	at java.util.concurrent.FutureTask.run(FutureTask.java:266)
	at java.util.concurrent.Executors$RunnableAdapter.call(Executors.java:511)
	at java.util.concurrent.FutureTask.run(FutureTask.java:266)
	at java.util.concurrent.ThreadPoolExecutor.runWorker(ThreadPoolExecutor.java:1149)
	at java.util.concurrent.ThreadPoolExecutor$Worker.run(ThreadPoolExecutor.java:624)
	... 1 more
Caused by: org.apache.ratis.thirdparty.io.netty.channel.AbstractChannel$AnnotatedConnectException: Connection refused: /192.168.5.173:36275
	at sun.nio.ch.SocketChannelImpl.checkConnect(Native Method)
	at sun.nio.ch.SocketChannelImpl.finishConnect(SocketChannelImpl.java:717)
	at org.apache.ratis.thirdparty.io.netty.channel.socket.nio.NioSocketChannel.doFinishConnect(NioSocketChannel.java:327)
	at org.apache.ratis.thirdparty.io.netty.channel.nio.AbstractNioChannel$AbstractNioUnsafe.finishConnect(AbstractNioChannel.java:340)
	at org.apache.ratis.thirdparty.io.netty.channel.nio.NioEventLoop.processSelectedKey(NioEventLoop.java:632)
	at org.apache.ratis.thirdparty.io.netty.channel.nio.NioEventLoop.processSelectedKeysOptimized(NioEventLoop.java:579)
	at org.apache.ratis.thirdparty.io.netty.channel.nio.NioEventLoop.processSelectedKeys(NioEventLoop.java:496)
	at org.apache.ratis.thirdparty.io.netty.channel.nio.NioEventLoop.run(NioEventLoop.java:458)
	at org.apache.ratis.thirdparty.io.netty.util.concurrent.SingleThreadEventExecutor$5.run(SingleThreadEventExecutor.java:897)
	at org.apache.ratis.thirdparty.io.netty.util.concurrent.FastThreadLocalRunnable.run(FastThreadLocalRunnable.java:30)
	... 1 more
Caused by: java.net.ConnectException: Connection refused
	... 11 more
2019-08-22 17:50:14,009 [f56af1c7-d196-4686-9983-5f1b73da6fe9:group-92301C51CB26:LeaderElection96] INFO  impl.LeaderElection (LogUtils.java:infoOrTrace(149)) -   Exception 1: {}
java.util.concurrent.ExecutionException: org.apache.ratis.thirdparty.io.grpc.StatusRuntimeException: UNAVAILABLE: io exception
	at java.util.concurrent.FutureTask.report(FutureTask.java:122)
	at java.util.concurrent.FutureTask.get(FutureTask.java:192)
	at org.apache.ratis.server.impl.LeaderElection.waitForResults(LeaderElection.java:262)
	at org.apache.ratis.server.impl.LeaderElection.askForVotes(LeaderElection.java:200)
	at org.apache.ratis.server.impl.LeaderElection.run(LeaderElection.java:130)
	at java.lang.Thread.run(Thread.java:748)
Caused by: org.apache.ratis.thirdparty.io.grpc.StatusRuntimeException: UNAVAILABLE: io exception
	at org.apache.ratis.thirdparty.io.grpc.stub.ClientCalls.toStatusRuntimeException(ClientCalls.java:233)
	at org.apache.ratis.thirdparty.io.grpc.stub.ClientCalls.getUnchecked(ClientCalls.java:214)
	at org.apache.ratis.thirdparty.io.grpc.stub.ClientCalls.blockingUnaryCall(ClientCalls.java:139)
	at org.apache.ratis.proto.grpc.RaftServerProtocolServiceGrpc$RaftServerProtocolServiceBlockingStub.requestVote(RaftServerProtocolServiceGrpc.java:265)
	at org.apache.ratis.grpc.server.GrpcServerProtocolClient.requestVote(GrpcServerProtocolClient.java:83)
	at org.apache.ratis.grpc.server.GrpcService.requestVote(GrpcService.java:195)
	at org.apache.ratis.server.impl.LeaderElection.lambda$submitRequests$1(LeaderElection.java:237)
	at java.util.concurrent.FutureTask.run(FutureTask.java:266)
	at java.util.concurrent.Executors$RunnableAdapter.call(Executors.java:511)
	at java.util.concurrent.FutureTask.run(FutureTask.java:266)
	at java.util.concurrent.ThreadPoolExecutor.runWorker(ThreadPoolExecutor.java:1149)
	at java.util.concurrent.ThreadPoolExecutor$Worker.run(ThreadPoolExecutor.java:624)
	... 1 more
Caused by: org.apache.ratis.thirdparty.io.netty.channel.AbstractChannel$AnnotatedConnectException: Connection refused: /192.168.5.173:35738
	at sun.nio.ch.SocketChannelImpl.checkConnect(Native Method)
	at sun.nio.ch.SocketChannelImpl.finishConnect(SocketChannelImpl.java:717)
	at org.apache.ratis.thirdparty.io.netty.channel.socket.nio.NioSocketChannel.doFinishConnect(NioSocketChannel.java:327)
	at org.apache.ratis.thirdparty.io.netty.channel.nio.AbstractNioChannel$AbstractNioUnsafe.finishConnect(AbstractNioChannel.java:340)
	at org.apache.ratis.thirdparty.io.netty.channel.nio.NioEventLoop.processSelectedKey(NioEventLoop.java:632)
	at org.apache.ratis.thirdparty.io.netty.channel.nio.NioEventLoop.processSelectedKeysOptimized(NioEventLoop.java:579)
	at org.apache.ratis.thirdparty.io.netty.channel.nio.NioEventLoop.processSelectedKeys(NioEventLoop.java:496)
	at org.apache.ratis.thirdparty.io.netty.channel.nio.NioEventLoop.run(NioEventLoop.java:458)
	at org.apache.ratis.thirdparty.io.netty.util.concurrent.SingleThreadEventExecutor$5.run(SingleThreadEventExecutor.java:897)
	at org.apache.ratis.thirdparty.io.netty.util.concurrent.FastThreadLocalRunnable.run(FastThreadLocalRunnable.java:30)
	... 1 more
Caused by: java.net.ConnectException: Connection refused
	... 11 more
2019-08-22 17:50:14,009 [f56af1c7-d196-4686-9983-5f1b73da6fe9:group-92301C51CB26:LeaderElection96] INFO  impl.RaftServerImpl (RaftServerImpl.java:setRole(171)) - f56af1c7-d196-4686-9983-5f1b73da6fe9:group-92301C51CB26 changes role from CANDIDATE to FOLLOWER at term 3 for DISCOVERED_A_NEW_TERM
2019-08-22 17:50:14,010 [f56af1c7-d196-4686-9983-5f1b73da6fe9:group-92301C51CB26:LeaderElection96] INFO  impl.RoleInfo (RoleInfo.java:shutdownLeaderElection(134)) - f56af1c7-d196-4686-9983-5f1b73da6fe9: shutdown LeaderElection
2019-08-22 17:50:14,010 [f56af1c7-d196-4686-9983-5f1b73da6fe9:group-92301C51CB26:LeaderElection96] INFO  impl.RoleInfo (RoleInfo.java:updateAndGet(143)) - f56af1c7-d196-4686-9983-5f1b73da6fe9: start FollowerState
2019-08-22 17:50:14,086 | INFO  | SCMAudit | user=jenkins1000 | ip=192.168.5.173 | op=SEND_HEARTBEAT {datanodeUUID=4d50bca6-1793-48ce-b534-bf550895ea18, command=[]} | ret=SUCCESS |  
2019-08-22 17:50:14,617 [EventQueue-StaleNodeForStaleNodeHandler] INFO  node.StaleNodeHandler (StaleNodeHandler.java:onMessage(58)) - Datanode f56af1c7-d196-4686-9983-5f1b73da6fe9{ip: 192.168.5.173, host: pr-hdds-1808-4dtdn-3774871440, networkLocation: /default-rack, certSerialId: null} moved to stale state. Finalizing its pipelines [PipelineID=bc42417a-84bb-480d-9232-3c804d74ecdb, PipelineID=4a4183c5-9385-4f89-a7e8-92301c51cb26]
2019-08-22 17:50:14,617 [EventQueue-StaleNodeForStaleNodeHandler] INFO  pipeline.SCMPipelineManager (SCMPipelineManager.java:finalizeAndDestroyPipeline(309)) - destroying pipeline:Pipeline[ Id: bc42417a-84bb-480d-9232-3c804d74ecdb, Nodes: f56af1c7-d196-4686-9983-5f1b73da6fe9{ip: 192.168.5.173, host: pr-hdds-1808-4dtdn-3774871440, networkLocation: /default-rack, certSerialId: null}, Type:RATIS, Factor:ONE, State:OPEN]
2019-08-22 17:50:14,617 [EventQueue-StaleNodeForStaleNodeHandler] INFO  pipeline.PipelineStateManager (PipelineStateManager.java:finalizePipeline(123)) - Pipeline Pipeline[ Id: bc42417a-84bb-480d-9232-3c804d74ecdb, Nodes: f56af1c7-d196-4686-9983-5f1b73da6fe9{ip: 192.168.5.173, host: pr-hdds-1808-4dtdn-3774871440, networkLocation: /default-rack, certSerialId: null}, Type:RATIS, Factor:ONE, State:CLOSED] moved to CLOSED state
2019-08-22 17:50:14,618 [EventQueue-StaleNodeForStaleNodeHandler] INFO  pipeline.SCMPipelineManager (SCMPipelineManager.java:finalizeAndDestroyPipeline(309)) - destroying pipeline:Pipeline[ Id: 4a4183c5-9385-4f89-a7e8-92301c51cb26, Nodes: 69232983-8dba-446a-9451-2b46042e75c9{ip: 192.168.5.173, host: pr-hdds-1808-4dtdn-3774871440, networkLocation: /default-rack, certSerialId: null}f56af1c7-d196-4686-9983-5f1b73da6fe9{ip: 192.168.5.173, host: pr-hdds-1808-4dtdn-3774871440, networkLocation: /default-rack, certSerialId: null}a29b0749-4fa9-464b-a5e0-ea013a767c21{ip: 192.168.5.173, host: pr-hdds-1808-4dtdn-3774871440, networkLocation: /default-rack, certSerialId: null}, Type:RATIS, Factor:THREE, State:CLOSED]
2019-08-22 17:50:15,087 | INFO  | SCMAudit | user=jenkins1000 | ip=192.168.5.173 | op=SEND_HEARTBEAT {datanodeUUID=4d50bca6-1793-48ce-b534-bf550895ea18, command=[]} | ret=SUCCESS |  
2019-08-22 17:50:15,117 [EventQueue-StaleNodeForStaleNodeHandler] INFO  node.StaleNodeHandler (StaleNodeHandler.java:onMessage(58)) - Datanode 292d8095-7184-41a3-9854-985e76fd1716{ip: 192.168.5.173, host: pr-hdds-1808-4dtdn-3774871440, networkLocation: /default-rack, certSerialId: null} moved to stale state. Finalizing its pipelines [PipelineID=a4b3d358-1df0-429b-8696-ab0c251c1f92]
2019-08-22 17:50:15,118 [EventQueue-StaleNodeForStaleNodeHandler] INFO  pipeline.SCMPipelineManager (SCMPipelineManager.java:finalizeAndDestroyPipeline(309)) - destroying pipeline:Pipeline[ Id: a4b3d358-1df0-429b-8696-ab0c251c1f92, Nodes: 292d8095-7184-41a3-9854-985e76fd1716{ip: 192.168.5.173, host: pr-hdds-1808-4dtdn-3774871440, networkLocation: /default-rack, certSerialId: null}, Type:RATIS, Factor:ONE, State:OPEN]
2019-08-22 17:50:15,118 [EventQueue-StaleNodeForStaleNodeHandler] INFO  pipeline.PipelineStateManager (PipelineStateManager.java:finalizePipeline(123)) - Pipeline Pipeline[ Id: a4b3d358-1df0-429b-8696-ab0c251c1f92, Nodes: 292d8095-7184-41a3-9854-985e76fd1716{ip: 192.168.5.173, host: pr-hdds-1808-4dtdn-3774871440, networkLocation: /default-rack, certSerialId: null}, Type:RATIS, Factor:ONE, State:CLOSED] moved to CLOSED state
2019-08-22 17:50:15,494 [ForkJoinPool.commonPool-worker-0] INFO  ozoneimpl.OzoneContainer (OzoneContainer.java:stop(199)) - Attempting to stop container services.
2019-08-22 17:50:15,494 [main] INFO  ozoneimpl.OzoneContainer (OzoneContainer.java:stop(199)) - Attempting to stop container services.
2019-08-22 17:50:15,494 [ForkJoinPool.commonPool-worker-0] INFO  impl.RaftServerProxy (RaftServerProxy.java:lambda$close$4(314)) - f56af1c7-d196-4686-9983-5f1b73da6fe9: close
2019-08-22 17:50:15,495 [main] INFO  impl.RaftServerProxy (RaftServerProxy.java:lambda$close$4(314)) - 292d8095-7184-41a3-9854-985e76fd1716: close
2019-08-22 17:50:15,495 [ForkJoinPool.commonPool-worker-0] INFO  impl.RaftServerImpl (RaftServerImpl.java:lambda$shutdown$3(245)) - f56af1c7-d196-4686-9983-5f1b73da6fe9: shutdown group-3C804D74ECDB
2019-08-22 17:50:15,496 [main] INFO  impl.RaftServerImpl (RaftServerImpl.java:lambda$shutdown$3(245)) - 292d8095-7184-41a3-9854-985e76fd1716: shutdown group-AB0C251C1F92
2019-08-22 17:50:15,496 [ForkJoinPool.commonPool-worker-0] INFO  util.JmxRegister (JmxRegister.java:unregister(73)) - Successfully un-registered JMX Bean with object name Ratis:service=RaftServer,group=group-3C804D74ECDB,id=f56af1c7-d196-4686-9983-5f1b73da6fe9
2019-08-22 17:50:15,496 [main] INFO  util.JmxRegister (JmxRegister.java:unregister(73)) - Successfully un-registered JMX Bean with object name Ratis:service=RaftServer,group=group-AB0C251C1F92,id=292d8095-7184-41a3-9854-985e76fd1716
2019-08-22 17:50:15,497 [main] INFO  impl.RoleInfo (RoleInfo.java:shutdownLeaderState(104)) - 292d8095-7184-41a3-9854-985e76fd1716: shutdown LeaderState
2019-08-22 17:50:15,497 [ForkJoinPool.commonPool-worker-0] INFO  impl.RoleInfo (RoleInfo.java:shutdownLeaderState(104)) - f56af1c7-d196-4686-9983-5f1b73da6fe9: shutdown LeaderState
2019-08-22 17:50:15,498 [main] INFO  impl.PendingRequests (PendingRequests.java:sendNotLeaderResponses(202)) - 292d8095-7184-41a3-9854-985e76fd1716-PendingRequests: sendNotLeaderResponses
2019-08-22 17:50:15,498 [ForkJoinPool.commonPool-worker-0] INFO  impl.PendingRequests (PendingRequests.java:sendNotLeaderResponses(202)) - f56af1c7-d196-4686-9983-5f1b73da6fe9-PendingRequests: sendNotLeaderResponses
2019-08-22 17:50:15,498 [main] INFO  impl.StateMachineUpdater (StateMachineUpdater.java:stopAndJoin(115)) - StateMachineUpdater:292d8095-7184-41a3-9854-985e76fd1716:group-AB0C251C1F92: set stopIndex = 0
2019-08-22 17:50:15,499 [ForkJoinPool.commonPool-worker-0] INFO  impl.StateMachineUpdater (StateMachineUpdater.java:stopAndJoin(115)) - StateMachineUpdater:f56af1c7-d196-4686-9983-5f1b73da6fe9:group-3C804D74ECDB: set stopIndex = 0
2019-08-22 17:50:15,499 [main] INFO  impl.RaftServerImpl (ServerState.java:close(394)) - 292d8095-7184-41a3-9854-985e76fd1716:group-AB0C251C1F92 closes. The last applied log index is 0
2019-08-22 17:50:15,500 [ForkJoinPool.commonPool-worker-0] INFO  impl.RaftServerImpl (ServerState.java:close(394)) - f56af1c7-d196-4686-9983-5f1b73da6fe9:group-3C804D74ECDB closes. The last applied log index is 0
2019-08-22 17:50:15,500 [292d8095-7184-41a3-9854-985e76fd1716-SegmentedRaftLogWorker:Storage Directory /workdir/hadoop-ozone/integration-test/target/test-dir/MiniOzoneClusterImpl-759fa8c2-74ee-4da7-994d-2e8cc84df3a0/datanode-6/data/ratis/a4b3d358-1df0-429b-8696-ab0c251c1f92] INFO  segmented.SegmentedRaftLogWorker (SegmentedRaftLogWorker.java:run(313)) - 292d8095-7184-41a3-9854-985e76fd1716-SegmentedRaftLogWorker:Storage Directory /workdir/hadoop-ozone/integration-test/target/test-dir/MiniOzoneClusterImpl-759fa8c2-74ee-4da7-994d-2e8cc84df3a0/datanode-6/data/ratis/a4b3d358-1df0-429b-8696-ab0c251c1f92 was interrupted, exiting. There are 0 tasks remaining in the queue.
2019-08-22 17:50:15,501 [f56af1c7-d196-4686-9983-5f1b73da6fe9-SegmentedRaftLogWorker:Storage Directory /workdir/hadoop-ozone/integration-test/target/test-dir/MiniOzoneClusterImpl-759fa8c2-74ee-4da7-994d-2e8cc84df3a0/datanode-0/data/ratis/bc42417a-84bb-480d-9232-3c804d74ecdb] INFO  segmented.SegmentedRaftLogWorker (SegmentedRaftLogWorker.java:run(313)) - f56af1c7-d196-4686-9983-5f1b73da6fe9-SegmentedRaftLogWorker:Storage Directory /workdir/hadoop-ozone/integration-test/target/test-dir/MiniOzoneClusterImpl-759fa8c2-74ee-4da7-994d-2e8cc84df3a0/datanode-0/data/ratis/bc42417a-84bb-480d-9232-3c804d74ecdb was interrupted, exiting. There are 0 tasks remaining in the queue.
2019-08-22 17:50:15,503 [main] INFO  segmented.SegmentedRaftLogWorker (SegmentedRaftLogWorker.java:close(228)) - 292d8095-7184-41a3-9854-985e76fd1716-SegmentedRaftLogWorker:Storage Directory /workdir/hadoop-ozone/integration-test/target/test-dir/MiniOzoneClusterImpl-759fa8c2-74ee-4da7-994d-2e8cc84df3a0/datanode-6/data/ratis/a4b3d358-1df0-429b-8696-ab0c251c1f92 close()
2019-08-22 17:50:15,505 [ForkJoinPool.commonPool-worker-0] INFO  segmented.SegmentedRaftLogWorker (SegmentedRaftLogWorker.java:close(228)) - f56af1c7-d196-4686-9983-5f1b73da6fe9-SegmentedRaftLogWorker:Storage Directory /workdir/hadoop-ozone/integration-test/target/test-dir/MiniOzoneClusterImpl-759fa8c2-74ee-4da7-994d-2e8cc84df3a0/datanode-0/data/ratis/bc42417a-84bb-480d-9232-3c804d74ecdb close()
2019-08-22 17:50:15,507 [main] INFO  server.GrpcService (GrpcService.java:closeImpl(155)) - 292d8095-7184-41a3-9854-985e76fd1716: shutdown server with port 35319 now
2019-08-22 17:50:15,514 [ForkJoinPool.commonPool-worker-0] INFO  impl.RaftServerImpl (RaftServerImpl.java:lambda$shutdown$3(245)) - f56af1c7-d196-4686-9983-5f1b73da6fe9: shutdown group-92301C51CB26
2019-08-22 17:50:15,517 [main] INFO  server.GrpcService (GrpcService.java:closeImpl(163)) - 292d8095-7184-41a3-9854-985e76fd1716: shutdown server with port 35319 successfully
2019-08-22 17:50:15,517 [ForkJoinPool.commonPool-worker-0] INFO  util.JmxRegister (JmxRegister.java:unregister(73)) - Successfully un-registered JMX Bean with object name Ratis:service=RaftServer,group=group-92301C51CB26,id=f56af1c7-d196-4686-9983-5f1b73da6fe9
2019-08-22 17:50:15,517 [ForkJoinPool.commonPool-worker-0] INFO  impl.RoleInfo (RoleInfo.java:shutdownFollowerState(121)) - f56af1c7-d196-4686-9983-5f1b73da6fe9: shutdown FollowerState
2019-08-22 17:50:15,518 [ForkJoinPool.commonPool-worker-0] INFO  impl.StateMachineUpdater (StateMachineUpdater.java:stopAndJoin(115)) - StateMachineUpdater:f56af1c7-d196-4686-9983-5f1b73da6fe9:group-92301C51CB26: set stopIndex = 14
2019-08-22 17:50:15,518 [StateMachineUpdater:f56af1c7-d196-4686-9983-5f1b73da6fe9:group-92301C51CB26] INFO  ratis.ContainerStateMachine (ContainerStateMachine.java:takeSnapshot(283)) - group-92301C51CB26: Taking a snapshot at:(t:2, i:14) file /workdir/hadoop-ozone/integration-test/target/test-dir/MiniOzoneClusterImpl-759fa8c2-74ee-4da7-994d-2e8cc84df3a0/datanode-0/data/ratis/4a4183c5-9385-4f89-a7e8-92301c51cb26/sm/snapshot.2_14
2019-08-22 17:50:15,518 [Thread-4100] INFO  impl.FollowerState (FollowerState.java:run(114)) - f56af1c7-d196-4686-9983-5f1b73da6fe9: FollowerState was interrupted: java.lang.InterruptedException: sleep interrupted
2019-08-22 17:50:15,518 [main] INFO  utils.BackgroundService (BackgroundService.java:shutdown(148)) - Shutting down service BlockDeletingService
2019-08-22 17:50:15,523 [refreshUsed-/workdir/hadoop-ozone/integration-test/target/test-dir/MiniOzoneClusterImpl-759fa8c2-74ee-4da7-994d-2e8cc84df3a0/datanode-6/data/containers] WARN  fs.CachingGetSpaceUsed (CachingGetSpaceUsed.java:run(183)) - Thread Interrupted waiting to refresh disk information: sleep interrupted
2019-08-22 17:50:15,541 [StateMachineUpdater:f56af1c7-d196-4686-9983-5f1b73da6fe9:group-92301C51CB26] INFO  ratis.ContainerStateMachine (ContainerStateMachine.java:takeSnapshot(294)) - group-92301C51CB26: Finished taking a snapshot at:(t:2, i:14) file:/workdir/hadoop-ozone/integration-test/target/test-dir/MiniOzoneClusterImpl-759fa8c2-74ee-4da7-994d-2e8cc84df3a0/datanode-0/data/ratis/4a4183c5-9385-4f89-a7e8-92301c51cb26/sm/snapshot.2_14 time:23
2019-08-22 17:50:15,542 [main] INFO  statemachine.DatanodeStateMachine (DatanodeStateMachine.java:stopDaemon(395)) - Ozone container server stopped.
2019-08-22 17:50:15,542 [StateMachineUpdater:f56af1c7-d196-4686-9983-5f1b73da6fe9:group-92301C51CB26] INFO  impl.StateMachineUpdater (StateMachineUpdater.java:takeSnapshot(242)) - StateMachineUpdater:f56af1c7-d196-4686-9983-5f1b73da6fe9:group-92301C51CB26: Took a snapshot at index 14
2019-08-22 17:50:15,543 [StateMachineUpdater:f56af1c7-d196-4686-9983-5f1b73da6fe9:group-92301C51CB26] INFO  impl.StateMachineUpdater (StateMachineUpdater.java:lambda$new$0(80)) - StateMachineUpdater:f56af1c7-d196-4686-9983-5f1b73da6fe9:group-92301C51CB26: snapshotIndex: updateIncreasingly -1 -> 14
2019-08-22 17:50:15,543 [ForkJoinPool.commonPool-worker-0] INFO  impl.RaftServerImpl (ServerState.java:close(394)) - f56af1c7-d196-4686-9983-5f1b73da6fe9:group-92301C51CB26 closes. The last applied log index is 14
2019-08-22 17:50:15,544 [f56af1c7-d196-4686-9983-5f1b73da6fe9-SegmentedRaftLogWorker:Storage Directory /workdir/hadoop-ozone/integration-test/target/test-dir/MiniOzoneClusterImpl-759fa8c2-74ee-4da7-994d-2e8cc84df3a0/datanode-0/data/ratis/4a4183c5-9385-4f89-a7e8-92301c51cb26] INFO  segmented.SegmentedRaftLogWorker (SegmentedRaftLogWorker.java:run(313)) - f56af1c7-d196-4686-9983-5f1b73da6fe9-SegmentedRaftLogWorker:Storage Directory /workdir/hadoop-ozone/integration-test/target/test-dir/MiniOzoneClusterImpl-759fa8c2-74ee-4da7-994d-2e8cc84df3a0/datanode-0/data/ratis/4a4183c5-9385-4f89-a7e8-92301c51cb26 was interrupted, exiting. There are 0 tasks remaining in the queue.
2019-08-22 17:50:15,544 [main] INFO  handler.ContextHandler (ContextHandler.java:doStop(910)) - Stopped o.e.j.w.WebAppContext@5b7f9eaa{/,null,UNAVAILABLE}{/hddsDatanode}
2019-08-22 17:50:15,544 [ForkJoinPool.commonPool-worker-0] INFO  segmented.SegmentedRaftLogWorker (SegmentedRaftLogWorker.java:close(228)) - f56af1c7-d196-4686-9983-5f1b73da6fe9-SegmentedRaftLogWorker:Storage Directory /workdir/hadoop-ozone/integration-test/target/test-dir/MiniOzoneClusterImpl-759fa8c2-74ee-4da7-994d-2e8cc84df3a0/datanode-0/data/ratis/4a4183c5-9385-4f89-a7e8-92301c51cb26 close()
2019-08-22 17:50:15,545 [ForkJoinPool.commonPool-worker-0] INFO  server.GrpcService (GrpcService.java:closeImpl(155)) - f56af1c7-d196-4686-9983-5f1b73da6fe9: shutdown server with port 33869 now
2019-08-22 17:50:15,545 [main] INFO  server.AbstractConnector (AbstractConnector.java:doStop(318)) - Stopped ServerConnector@5b344510{HTTP/1.1,[http/1.1]}{0.0.0.0:0}
2019-08-22 17:50:15,546 [ForkJoinPool.commonPool-worker-0] INFO  server.GrpcService (GrpcService.java:closeImpl(163)) - f56af1c7-d196-4686-9983-5f1b73da6fe9: shutdown server with port 33869 successfully
2019-08-22 17:50:15,546 [main] INFO  handler.ContextHandler (ContextHandler.java:doStop(910)) - Stopped o.e.j.s.ServletContextHandler@34817fcc{/static,jar:file:/home/user/.m2/repository/org/apache/hadoop/hadoop-hdds-container-service/0.5.0-SNAPSHOT/hadoop-hdds-container-service-0.5.0-SNAPSHOT.jar!/webapps/static,UNAVAILABLE}
2019-08-22 17:50:15,546 [main] INFO  handler.ContextHandler (ContextHandler.java:doStop(910)) - Stopped o.e.j.s.ServletContextHandler@649df002{/logs,file:///workdir/hadoop-ozone/integration-test/target/log,UNAVAILABLE}
2019-08-22 17:50:15,547 [ForkJoinPool.commonPool-worker-0] INFO  utils.BackgroundService (BackgroundService.java:shutdown(148)) - Shutting down service BlockDeletingService
2019-08-22 17:50:15,548 [main] INFO  datanode.ObjectStoreHandler (ObjectStoreHandler.java:close(155)) - Closing ObjectStoreHandler.
2019-08-22 17:50:15,548 [refreshUsed-/workdir/hadoop-ozone/integration-test/target/test-dir/MiniOzoneClusterImpl-759fa8c2-74ee-4da7-994d-2e8cc84df3a0/datanode-0/data/containers] WARN  fs.CachingGetSpaceUsed (CachingGetSpaceUsed.java:run(183)) - Thread Interrupted waiting to refresh disk information: sleep interrupted
2019-08-22 17:50:15,549 [main] INFO  ozone.HddsDatanodeService (HddsDatanodeService.java:stop(451)) - Stopped plug-in org.apache.hadoop.ozone.web.OzoneHddsDatanodeService@4d0927df
2019-08-22 17:50:15,575 [ForkJoinPool.commonPool-worker-0] INFO  statemachine.DatanodeStateMachine (DatanodeStateMachine.java:stopDaemon(395)) - Ozone container server stopped.
2019-08-22 17:50:15,578 [ForkJoinPool.commonPool-worker-0] INFO  handler.ContextHandler (ContextHandler.java:doStop(910)) - Stopped o.e.j.w.WebAppContext@375376d5{/,null,UNAVAILABLE}{/hddsDatanode}
2019-08-22 17:50:15,579 [ForkJoinPool.commonPool-worker-0] INFO  server.AbstractConnector (AbstractConnector.java:doStop(318)) - Stopped ServerConnector@7dd3f20e{HTTP/1.1,[http/1.1]}{0.0.0.0:0}
2019-08-22 17:50:15,579 [ForkJoinPool.commonPool-worker-0] INFO  handler.ContextHandler (ContextHandler.java:doStop(910)) - Stopped o.e.j.s.ServletContextHandler@17e96b3c{/static,jar:file:/home/user/.m2/repository/org/apache/hadoop/hadoop-hdds-container-service/0.5.0-SNAPSHOT/hadoop-hdds-container-service-0.5.0-SNAPSHOT.jar!/webapps/static,UNAVAILABLE}
2019-08-22 17:50:15,579 [ForkJoinPool.commonPool-worker-0] INFO  handler.ContextHandler (ContextHandler.java:doStop(910)) - Stopped o.e.j.s.ServletContextHandler@251d64d6{/logs,file:///workdir/hadoop-ozone/integration-test/target/log,UNAVAILABLE}
2019-08-22 17:50:16,085 [Datanode State Machine Thread - 0] INFO  statemachine.DatanodeStateMachine (DatanodeStateMachine.java:lambda$startDaemon$0(350)) - Ozone container server started.
2019-08-22 17:50:19,488 [Thread-3941] INFO  impl.FollowerState (FollowerState.java:run(106)) - 4d50bca6-1793-48ce-b534-bf550895ea18:group-E954F635198A changes to CANDIDATE, lastRpcTime:9341, electionTimeout:5021ms
2019-08-22 17:50:19,488 [Thread-3941] INFO  impl.RoleInfo (RoleInfo.java:shutdownFollowerState(121)) - 4d50bca6-1793-48ce-b534-bf550895ea18: shutdown FollowerState
2019-08-22 17:50:19,488 [Thread-3941] INFO  impl.RaftServerImpl (RaftServerImpl.java:setRole(171)) - 4d50bca6-1793-48ce-b534-bf550895ea18:group-E954F635198A changes role from FOLLOWER to CANDIDATE at term 1 for changeToCandidate
2019-08-22 17:50:19,488 [Thread-3941] INFO  impl.RoleInfo (RoleInfo.java:updateAndGet(143)) - 4d50bca6-1793-48ce-b534-bf550895ea18: start LeaderElection
2019-08-22 17:50:19,489 [4d50bca6-1793-48ce-b534-bf550895ea18:group-E954F635198A:LeaderElection97] INFO  impl.RaftServerImpl (ServerState.java:setLeader(263)) - 4d50bca6-1793-48ce-b534-bf550895ea18:group-E954F635198A change Leader from 99e65ce9-9658-4d2b-9ccf-b58166a10afd to null at term 1 for initElection
2019-08-22 17:50:19,503 [4d50bca6-1793-48ce-b534-bf550895ea18:group-E954F635198A:LeaderElection97] INFO  impl.LeaderElection (LeaderElection.java:askForVotes(181)) - 4d50bca6-1793-48ce-b534-bf550895ea18:group-E954F635198A:LeaderElection97: begin an election at term 2 for 0: [99e65ce9-9658-4d2b-9ccf-b58166a10afd:192.168.5.173:38554, c2d5ad94-5356-4232-a32f-95f0e36a9a79:192.168.5.173:42413, 4d50bca6-1793-48ce-b534-bf550895ea18:192.168.5.173:42669], old=null
2019-08-22 17:50:19,505 [4d50bca6-1793-48ce-b534-bf550895ea18:group-E954F635198A:LeaderElection97] INFO  impl.LeaderElection (LogUtils.java:infoOrTrace(149)) - 4d50bca6-1793-48ce-b534-bf550895ea18:group-E954F635198A:LeaderElection97 got exception when requesting votes: {}
java.util.concurrent.ExecutionException: org.apache.ratis.thirdparty.io.grpc.StatusRuntimeException: UNAVAILABLE: io exception
	at java.util.concurrent.FutureTask.report(FutureTask.java:122)
	at java.util.concurrent.FutureTask.get(FutureTask.java:192)
	at org.apache.ratis.server.impl.LeaderElection.waitForResults(LeaderElection.java:262)
	at org.apache.ratis.server.impl.LeaderElection.askForVotes(LeaderElection.java:200)
	at org.apache.ratis.server.impl.LeaderElection.run(LeaderElection.java:130)
	at java.lang.Thread.run(Thread.java:748)
Caused by: org.apache.ratis.thirdparty.io.grpc.StatusRuntimeException: UNAVAILABLE: io exception
	at org.apache.ratis.thirdparty.io.grpc.stub.ClientCalls.toStatusRuntimeException(ClientCalls.java:233)
	at org.apache.ratis.thirdparty.io.grpc.stub.ClientCalls.getUnchecked(ClientCalls.java:214)
	at org.apache.ratis.thirdparty.io.grpc.stub.ClientCalls.blockingUnaryCall(ClientCalls.java:139)
	at org.apache.ratis.proto.grpc.RaftServerProtocolServiceGrpc$RaftServerProtocolServiceBlockingStub.requestVote(RaftServerProtocolServiceGrpc.java:265)
	at org.apache.ratis.grpc.server.GrpcServerProtocolClient.requestVote(GrpcServerProtocolClient.java:83)
	at org.apache.ratis.grpc.server.GrpcService.requestVote(GrpcService.java:195)
	at org.apache.ratis.server.impl.LeaderElection.lambda$submitRequests$1(LeaderElection.java:237)
	at java.util.concurrent.FutureTask.run(FutureTask.java:266)
	at java.util.concurrent.Executors$RunnableAdapter.call(Executors.java:511)
	at java.util.concurrent.FutureTask.run(FutureTask.java:266)
	at java.util.concurrent.ThreadPoolExecutor.runWorker(ThreadPoolExecutor.java:1149)
	at java.util.concurrent.ThreadPoolExecutor$Worker.run(ThreadPoolExecutor.java:624)
	... 1 more
Caused by: org.apache.ratis.thirdparty.io.netty.channel.AbstractChannel$AnnotatedConnectException: Connection refused: /192.168.5.173:38554
	at sun.nio.ch.SocketChannelImpl.checkConnect(Native Method)
	at sun.nio.ch.SocketChannelImpl.finishConnect(SocketChannelImpl.java:717)
	at org.apache.ratis.thirdparty.io.netty.channel.socket.nio.NioSocketChannel.doFinishConnect(NioSocketChannel.java:327)
	at org.apache.ratis.thirdparty.io.netty.channel.nio.AbstractNioChannel$AbstractNioUnsafe.finishConnect(AbstractNioChannel.java:340)
	at org.apache.ratis.thirdparty.io.netty.channel.nio.NioEventLoop.processSelectedKey(NioEventLoop.java:632)
	at org.apache.ratis.thirdparty.io.netty.channel.nio.NioEventLoop.processSelectedKeysOptimized(NioEventLoop.java:579)
	at org.apache.ratis.thirdparty.io.netty.channel.nio.NioEventLoop.processSelectedKeys(NioEventLoop.java:496)
	at org.apache.ratis.thirdparty.io.netty.channel.nio.NioEventLoop.run(NioEventLoop.java:458)
	at org.apache.ratis.thirdparty.io.netty.util.concurrent.SingleThreadEventExecutor$5.run(SingleThreadEventExecutor.java:897)
	at org.apache.ratis.thirdparty.io.netty.util.concurrent.FastThreadLocalRunnable.run(FastThreadLocalRunnable.java:30)
	... 1 more
Caused by: java.net.ConnectException: Connection refused
	... 11 more
2019-08-22 17:50:19,507 [4d50bca6-1793-48ce-b534-bf550895ea18:group-E954F635198A:LeaderElection97] INFO  impl.LeaderElection (LogUtils.java:infoOrTrace(149)) - 4d50bca6-1793-48ce-b534-bf550895ea18:group-E954F635198A:LeaderElection97 got exception when requesting votes: {}
java.util.concurrent.ExecutionException: org.apache.ratis.thirdparty.io.grpc.StatusRuntimeException: UNAVAILABLE: io exception
	at java.util.concurrent.FutureTask.report(FutureTask.java:122)
	at java.util.concurrent.FutureTask.get(FutureTask.java:192)
	at org.apache.ratis.server.impl.LeaderElection.waitForResults(LeaderElection.java:262)
	at org.apache.ratis.server.impl.LeaderElection.askForVotes(LeaderElection.java:200)
	at org.apache.ratis.server.impl.LeaderElection.run(LeaderElection.java:130)
	at java.lang.Thread.run(Thread.java:748)
Caused by: org.apache.ratis.thirdparty.io.grpc.StatusRuntimeException: UNAVAILABLE: io exception
	at org.apache.ratis.thirdparty.io.grpc.stub.ClientCalls.toStatusRuntimeException(ClientCalls.java:233)
	at org.apache.ratis.thirdparty.io.grpc.stub.ClientCalls.getUnchecked(ClientCalls.java:214)
	at org.apache.ratis.thirdparty.io.grpc.stub.ClientCalls.blockingUnaryCall(ClientCalls.java:139)
	at org.apache.ratis.proto.grpc.RaftServerProtocolServiceGrpc$RaftServerProtocolServiceBlockingStub.requestVote(RaftServerProtocolServiceGrpc.java:265)
	at org.apache.ratis.grpc.server.GrpcServerProtocolClient.requestVote(GrpcServerProtocolClient.java:83)
	at org.apache.ratis.grpc.server.GrpcService.requestVote(GrpcService.java:195)
	at org.apache.ratis.server.impl.LeaderElection.lambda$submitRequests$1(LeaderElection.java:237)
	at java.util.concurrent.FutureTask.run(FutureTask.java:266)
	at java.util.concurrent.Executors$RunnableAdapter.call(Executors.java:511)
	at java.util.concurrent.FutureTask.run(FutureTask.java:266)
	at java.util.concurrent.ThreadPoolExecutor.runWorker(ThreadPoolExecutor.java:1149)
	at java.util.concurrent.ThreadPoolExecutor$Worker.run(ThreadPoolExecutor.java:624)
	... 1 more
Caused by: org.apache.ratis.thirdparty.io.netty.channel.AbstractChannel$AnnotatedConnectException: Connection refused: /192.168.5.173:42413
	at sun.nio.ch.SocketChannelImpl.checkConnect(Native Method)
	at sun.nio.ch.SocketChannelImpl.finishConnect(SocketChannelImpl.java:717)
	at org.apache.ratis.thirdparty.io.netty.channel.socket.nio.NioSocketChannel.doFinishConnect(NioSocketChannel.java:327)
	at org.apache.ratis.thirdparty.io.netty.channel.nio.AbstractNioChannel$AbstractNioUnsafe.finishConnect(AbstractNioChannel.java:340)
	at org.apache.ratis.thirdparty.io.netty.channel.nio.NioEventLoop.processSelectedKey(NioEventLoop.java:632)
	at org.apache.ratis.thirdparty.io.netty.channel.nio.NioEventLoop.processSelectedKeysOptimized(NioEventLoop.java:579)
	at org.apache.ratis.thirdparty.io.netty.channel.nio.NioEventLoop.processSelectedKeys(NioEventLoop.java:496)
	at org.apache.ratis.thirdparty.io.netty.channel.nio.NioEventLoop.run(NioEventLoop.java:458)
	at org.apache.ratis.thirdparty.io.netty.util.concurrent.SingleThreadEventExecutor$5.run(SingleThreadEventExecutor.java:897)
	at org.apache.ratis.thirdparty.io.netty.util.concurrent.FastThreadLocalRunnable.run(FastThreadLocalRunnable.java:30)
	... 1 more
Caused by: java.net.ConnectException: Connection refused
	... 11 more
2019-08-22 17:50:19,509 [4d50bca6-1793-48ce-b534-bf550895ea18:group-E954F635198A:LeaderElection97] INFO  impl.LeaderElection (LeaderElection.java:logAndReturn(56)) - 4d50bca6-1793-48ce-b534-bf550895ea18:group-E954F635198A:LeaderElection97: Election REJECTED; received 0 response(s) [] and 2 exception(s); 4d50bca6-1793-48ce-b534-bf550895ea18:t2, leader=null, voted=4d50bca6-1793-48ce-b534-bf550895ea18, raftlog=4d50bca6-1793-48ce-b534-bf550895ea18-SegmentedRaftLog:OPENED:c6,f6,i6, conf=0: [99e65ce9-9658-4d2b-9ccf-b58166a10afd:192.168.5.173:38554, c2d5ad94-5356-4232-a32f-95f0e36a9a79:192.168.5.173:42413, 4d50bca6-1793-48ce-b534-bf550895ea18:192.168.5.173:42669], old=null
2019-08-22 17:50:19,509 [4d50bca6-1793-48ce-b534-bf550895ea18:group-E954F635198A:LeaderElection97] INFO  impl.LeaderElection (LogUtils.java:infoOrTrace(149)) -   Exception 0: {}
java.util.concurrent.ExecutionException: org.apache.ratis.thirdparty.io.grpc.StatusRuntimeException: UNAVAILABLE: io exception
	at java.util.concurrent.FutureTask.report(FutureTask.java:122)
	at java.util.concurrent.FutureTask.get(FutureTask.java:192)
	at org.apache.ratis.server.impl.LeaderElection.waitForResults(LeaderElection.java:262)
	at org.apache.ratis.server.impl.LeaderElection.askForVotes(LeaderElection.java:200)
	at org.apache.ratis.server.impl.LeaderElection.run(LeaderElection.java:130)
	at java.lang.Thread.run(Thread.java:748)
Caused by: org.apache.ratis.thirdparty.io.grpc.StatusRuntimeException: UNAVAILABLE: io exception
	at org.apache.ratis.thirdparty.io.grpc.stub.ClientCalls.toStatusRuntimeException(ClientCalls.java:233)
	at org.apache.ratis.thirdparty.io.grpc.stub.ClientCalls.getUnchecked(ClientCalls.java:214)
	at org.apache.ratis.thirdparty.io.grpc.stub.ClientCalls.blockingUnaryCall(ClientCalls.java:139)
	at org.apache.ratis.proto.grpc.RaftServerProtocolServiceGrpc$RaftServerProtocolServiceBlockingStub.requestVote(RaftServerProtocolServiceGrpc.java:265)
	at org.apache.ratis.grpc.server.GrpcServerProtocolClient.requestVote(GrpcServerProtocolClient.java:83)
	at org.apache.ratis.grpc.server.GrpcService.requestVote(GrpcService.java:195)
	at org.apache.ratis.server.impl.LeaderElection.lambda$submitRequests$1(LeaderElection.java:237)
	at java.util.concurrent.FutureTask.run(FutureTask.java:266)
	at java.util.concurrent.Executors$RunnableAdapter.call(Executors.java:511)
	at java.util.concurrent.FutureTask.run(FutureTask.java:266)
	at java.util.concurrent.ThreadPoolExecutor.runWorker(ThreadPoolExecutor.java:1149)
	at java.util.concurrent.ThreadPoolExecutor$Worker.run(ThreadPoolExecutor.java:624)
	... 1 more
Caused by: org.apache.ratis.thirdparty.io.netty.channel.AbstractChannel$AnnotatedConnectException: Connection refused: /192.168.5.173:38554
	at sun.nio.ch.SocketChannelImpl.checkConnect(Native Method)
	at sun.nio.ch.SocketChannelImpl.finishConnect(SocketChannelImpl.java:717)
	at org.apache.ratis.thirdparty.io.netty.channel.socket.nio.NioSocketChannel.doFinishConnect(NioSocketChannel.java:327)
	at org.apache.ratis.thirdparty.io.netty.channel.nio.AbstractNioChannel$AbstractNioUnsafe.finishConnect(AbstractNioChannel.java:340)
	at org.apache.ratis.thirdparty.io.netty.channel.nio.NioEventLoop.processSelectedKey(NioEventLoop.java:632)
	at org.apache.ratis.thirdparty.io.netty.channel.nio.NioEventLoop.processSelectedKeysOptimized(NioEventLoop.java:579)
	at org.apache.ratis.thirdparty.io.netty.channel.nio.NioEventLoop.processSelectedKeys(NioEventLoop.java:496)
	at org.apache.ratis.thirdparty.io.netty.channel.nio.NioEventLoop.run(NioEventLoop.java:458)
	at org.apache.ratis.thirdparty.io.netty.util.concurrent.SingleThreadEventExecutor$5.run(SingleThreadEventExecutor.java:897)
	at org.apache.ratis.thirdparty.io.netty.util.concurrent.FastThreadLocalRunnable.run(FastThreadLocalRunnable.java:30)
	... 1 more
Caused by: java.net.ConnectException: Connection refused
	... 11 more
2019-08-22 17:50:19,509 [4d50bca6-1793-48ce-b534-bf550895ea18:group-E954F635198A:LeaderElection97] INFO  impl.LeaderElection (LogUtils.java:infoOrTrace(149)) -   Exception 1: {}
java.util.concurrent.ExecutionException: org.apache.ratis.thirdparty.io.grpc.StatusRuntimeException: UNAVAILABLE: io exception
	at java.util.concurrent.FutureTask.report(FutureTask.java:122)
	at java.util.concurrent.FutureTask.get(FutureTask.java:192)
	at org.apache.ratis.server.impl.LeaderElection.waitForResults(LeaderElection.java:262)
	at org.apache.ratis.server.impl.LeaderElection.askForVotes(LeaderElection.java:200)
	at org.apache.ratis.server.impl.LeaderElection.run(LeaderElection.java:130)
	at java.lang.Thread.run(Thread.java:748)
Caused by: org.apache.ratis.thirdparty.io.grpc.StatusRuntimeException: UNAVAILABLE: io exception
	at org.apache.ratis.thirdparty.io.grpc.stub.ClientCalls.toStatusRuntimeException(ClientCalls.java:233)
	at org.apache.ratis.thirdparty.io.grpc.stub.ClientCalls.getUnchecked(ClientCalls.java:214)
	at org.apache.ratis.thirdparty.io.grpc.stub.ClientCalls.blockingUnaryCall(ClientCalls.java:139)
	at org.apache.ratis.proto.grpc.RaftServerProtocolServiceGrpc$RaftServerProtocolServiceBlockingStub.requestVote(RaftServerProtocolServiceGrpc.java:265)
	at org.apache.ratis.grpc.server.GrpcServerProtocolClient.requestVote(GrpcServerProtocolClient.java:83)
	at org.apache.ratis.grpc.server.GrpcService.requestVote(GrpcService.java:195)
	at org.apache.ratis.server.impl.LeaderElection.lambda$submitRequests$1(LeaderElection.java:237)
	at java.util.concurrent.FutureTask.run(FutureTask.java:266)
	at java.util.concurrent.Executors$RunnableAdapter.call(Executors.java:511)
	at java.util.concurrent.FutureTask.run(FutureTask.java:266)
	at java.util.concurrent.ThreadPoolExecutor.runWorker(ThreadPoolExecutor.java:1149)
	at java.util.concurrent.ThreadPoolExecutor$Worker.run(ThreadPoolExecutor.java:624)
	... 1 more
Caused by: org.apache.ratis.thirdparty.io.netty.channel.AbstractChannel$AnnotatedConnectException: Connection refused: /192.168.5.173:42413
	at sun.nio.ch.SocketChannelImpl.checkConnect(Native Method)
	at sun.nio.ch.SocketChannelImpl.finishConnect(SocketChannelImpl.java:717)
	at org.apache.ratis.thirdparty.io.netty.channel.socket.nio.NioSocketChannel.doFinishConnect(NioSocketChannel.java:327)
	at org.apache.ratis.thirdparty.io.netty.channel.nio.AbstractNioChannel$AbstractNioUnsafe.finishConnect(AbstractNioChannel.java:340)
	at org.apache.ratis.thirdparty.io.netty.channel.nio.NioEventLoop.processSelectedKey(NioEventLoop.java:632)
	at org.apache.ratis.thirdparty.io.netty.channel.nio.NioEventLoop.processSelectedKeysOptimized(NioEventLoop.java:579)
	at org.apache.ratis.thirdparty.io.netty.channel.nio.NioEventLoop.processSelectedKeys(NioEventLoop.java:496)
	at org.apache.ratis.thirdparty.io.netty.channel.nio.NioEventLoop.run(NioEventLoop.java:458)
	at org.apache.ratis.thirdparty.io.netty.util.concurrent.SingleThreadEventExecutor$5.run(SingleThreadEventExecutor.java:897)
	at org.apache.ratis.thirdparty.io.netty.util.concurrent.FastThreadLocalRunnable.run(FastThreadLocalRunnable.java:30)
	... 1 more
Caused by: java.net.ConnectException: Connection refused
	... 11 more
2019-08-22 17:50:19,510 [4d50bca6-1793-48ce-b534-bf550895ea18:group-E954F635198A:LeaderElection97] INFO  impl.RaftServerImpl (RaftServerImpl.java:setRole(171)) - 4d50bca6-1793-48ce-b534-bf550895ea18:group-E954F635198A changes role from CANDIDATE to FOLLOWER at term 2 for DISCOVERED_A_NEW_TERM
2019-08-22 17:50:19,510 [4d50bca6-1793-48ce-b534-bf550895ea18:group-E954F635198A:LeaderElection97] INFO  impl.RoleInfo (RoleInfo.java:shutdownLeaderElection(134)) - 4d50bca6-1793-48ce-b534-bf550895ea18: shutdown LeaderElection
2019-08-22 17:50:19,510 [4d50bca6-1793-48ce-b534-bf550895ea18:group-E954F635198A:LeaderElection97] INFO  impl.RoleInfo (RoleInfo.java:updateAndGet(143)) - 4d50bca6-1793-48ce-b534-bf550895ea18: start FollowerState
2019-08-22 17:50:20,125 [EventQueue-StaleNodeForStaleNodeHandler] INFO  node.StaleNodeHandler (StaleNodeHandler.java:onMessage(58)) - Datanode 4d50bca6-1793-48ce-b534-bf550895ea18{ip: 192.168.5.173, host: pr-hdds-1808-4dtdn-3774871440, networkLocation: /default-rack, certSerialId: null} moved to stale state. Finalizing its pipelines [PipelineID=670bf590-3a29-4ecc-833c-9c0d7571d97c, PipelineID=32b6daad-a68c-422f-97e0-e954f635198a]
2019-08-22 17:50:20,125 [EventQueue-StaleNodeForStaleNodeHandler] INFO  pipeline.SCMPipelineManager (SCMPipelineManager.java:finalizeAndDestroyPipeline(309)) - destroying pipeline:Pipeline[ Id: 670bf590-3a29-4ecc-833c-9c0d7571d97c, Nodes: 4d50bca6-1793-48ce-b534-bf550895ea18{ip: 192.168.5.173, host: pr-hdds-1808-4dtdn-3774871440, networkLocation: /default-rack, certSerialId: null}, Type:RATIS, Factor:ONE, State:OPEN]
2019-08-22 17:50:20,125 [EventQueue-StaleNodeForStaleNodeHandler] INFO  pipeline.PipelineStateManager (PipelineStateManager.java:finalizePipeline(123)) - Pipeline Pipeline[ Id: 670bf590-3a29-4ecc-833c-9c0d7571d97c, Nodes: 4d50bca6-1793-48ce-b534-bf550895ea18{ip: 192.168.5.173, host: pr-hdds-1808-4dtdn-3774871440, networkLocation: /default-rack, certSerialId: null}, Type:RATIS, Factor:ONE, State:CLOSED] moved to CLOSED state
2019-08-22 17:50:20,126 [EventQueue-StaleNodeForStaleNodeHandler] INFO  pipeline.SCMPipelineManager (SCMPipelineManager.java:finalizeAndDestroyPipeline(309)) - destroying pipeline:Pipeline[ Id: 32b6daad-a68c-422f-97e0-e954f635198a, Nodes: 4d50bca6-1793-48ce-b534-bf550895ea18{ip: 192.168.5.173, host: pr-hdds-1808-4dtdn-3774871440, networkLocation: /default-rack, certSerialId: null}c2d5ad94-5356-4232-a32f-95f0e36a9a79{ip: 192.168.5.173, host: pr-hdds-1808-4dtdn-3774871440, networkLocation: /default-rack, certSerialId: null}99e65ce9-9658-4d2b-9ccf-b58166a10afd{ip: 192.168.5.173, host: pr-hdds-1808-4dtdn-3774871440, networkLocation: /default-rack, certSerialId: null}, Type:RATIS, Factor:THREE, State:CLOSED]
2019-08-22 17:50:20,550 [main] INFO  ozoneimpl.OzoneContainer (OzoneContainer.java:stop(199)) - Attempting to stop container services.
2019-08-22 17:50:20,551 [main] INFO  impl.RaftServerProxy (RaftServerProxy.java:lambda$close$4(314)) - 4d50bca6-1793-48ce-b534-bf550895ea18: close
2019-08-22 17:50:20,552 [main] INFO  impl.RaftServerImpl (RaftServerImpl.java:lambda$shutdown$3(245)) - 4d50bca6-1793-48ce-b534-bf550895ea18: shutdown group-9C0D7571D97C
2019-08-22 17:50:20,552 [main] INFO  util.JmxRegister (JmxRegister.java:unregister(73)) - Successfully un-registered JMX Bean with object name Ratis:service=RaftServer,group=group-9C0D7571D97C,id=4d50bca6-1793-48ce-b534-bf550895ea18
2019-08-22 17:50:20,553 [main] INFO  impl.RoleInfo (RoleInfo.java:shutdownLeaderState(104)) - 4d50bca6-1793-48ce-b534-bf550895ea18: shutdown LeaderState
2019-08-22 17:50:20,553 [main] INFO  impl.PendingRequests (PendingRequests.java:sendNotLeaderResponses(202)) - 4d50bca6-1793-48ce-b534-bf550895ea18-PendingRequests: sendNotLeaderResponses
2019-08-22 17:50:20,553 [main] INFO  impl.StateMachineUpdater (StateMachineUpdater.java:stopAndJoin(115)) - StateMachineUpdater:4d50bca6-1793-48ce-b534-bf550895ea18:group-9C0D7571D97C: set stopIndex = 0
2019-08-22 17:50:20,554 [main] INFO  impl.RaftServerImpl (ServerState.java:close(394)) - 4d50bca6-1793-48ce-b534-bf550895ea18:group-9C0D7571D97C closes. The last applied log index is 0
2019-08-22 17:50:20,554 [4d50bca6-1793-48ce-b534-bf550895ea18-SegmentedRaftLogWorker:Storage Directory /workdir/hadoop-ozone/integration-test/target/test-dir/MiniOzoneClusterImpl-759fa8c2-74ee-4da7-994d-2e8cc84df3a0/datanode-5/data/ratis/670bf590-3a29-4ecc-833c-9c0d7571d97c] INFO  segmented.SegmentedRaftLogWorker (SegmentedRaftLogWorker.java:run(313)) - 4d50bca6-1793-48ce-b534-bf550895ea18-SegmentedRaftLogWorker:Storage Directory /workdir/hadoop-ozone/integration-test/target/test-dir/MiniOzoneClusterImpl-759fa8c2-74ee-4da7-994d-2e8cc84df3a0/datanode-5/data/ratis/670bf590-3a29-4ecc-833c-9c0d7571d97c was interrupted, exiting. There are 0 tasks remaining in the queue.
2019-08-22 17:50:20,555 [main] INFO  segmented.SegmentedRaftLogWorker (SegmentedRaftLogWorker.java:close(228)) - 4d50bca6-1793-48ce-b534-bf550895ea18-SegmentedRaftLogWorker:Storage Directory /workdir/hadoop-ozone/integration-test/target/test-dir/MiniOzoneClusterImpl-759fa8c2-74ee-4da7-994d-2e8cc84df3a0/datanode-5/data/ratis/670bf590-3a29-4ecc-833c-9c0d7571d97c close()
2019-08-22 17:50:20,555 [main] INFO  impl.RaftServerImpl (RaftServerImpl.java:lambda$shutdown$3(245)) - 4d50bca6-1793-48ce-b534-bf550895ea18: shutdown group-E954F635198A
2019-08-22 17:50:20,556 [main] INFO  util.JmxRegister (JmxRegister.java:unregister(73)) - Successfully un-registered JMX Bean with object name Ratis:service=RaftServer,group=group-E954F635198A,id=4d50bca6-1793-48ce-b534-bf550895ea18
2019-08-22 17:50:20,556 [main] INFO  impl.RoleInfo (RoleInfo.java:shutdownFollowerState(121)) - 4d50bca6-1793-48ce-b534-bf550895ea18: shutdown FollowerState
2019-08-22 17:50:20,556 [main] INFO  impl.StateMachineUpdater (StateMachineUpdater.java:stopAndJoin(115)) - StateMachineUpdater:4d50bca6-1793-48ce-b534-bf550895ea18:group-E954F635198A: set stopIndex = 6
2019-08-22 17:50:20,556 [StateMachineUpdater:4d50bca6-1793-48ce-b534-bf550895ea18:group-E954F635198A] INFO  ratis.ContainerStateMachine (ContainerStateMachine.java:takeSnapshot(283)) - group-E954F635198A: Taking a snapshot at:(t:1, i:4) file /workdir/hadoop-ozone/integration-test/target/test-dir/MiniOzoneClusterImpl-759fa8c2-74ee-4da7-994d-2e8cc84df3a0/datanode-5/data/ratis/32b6daad-a68c-422f-97e0-e954f635198a/sm/snapshot.1_4
2019-08-22 17:50:20,557 [Thread-4104] INFO  impl.FollowerState (FollowerState.java:run(114)) - 4d50bca6-1793-48ce-b534-bf550895ea18: FollowerState was interrupted: java.lang.InterruptedException: sleep interrupted
2019-08-22 17:50:20,572 [StateMachineUpdater:4d50bca6-1793-48ce-b534-bf550895ea18:group-E954F635198A] INFO  ratis.ContainerStateMachine (ContainerStateMachine.java:takeSnapshot(294)) - group-E954F635198A: Finished taking a snapshot at:(t:1, i:4) file:/workdir/hadoop-ozone/integration-test/target/test-dir/MiniOzoneClusterImpl-759fa8c2-74ee-4da7-994d-2e8cc84df3a0/datanode-5/data/ratis/32b6daad-a68c-422f-97e0-e954f635198a/sm/snapshot.1_4 time:16
2019-08-22 17:50:20,572 [StateMachineUpdater:4d50bca6-1793-48ce-b534-bf550895ea18:group-E954F635198A] INFO  impl.StateMachineUpdater (StateMachineUpdater.java:takeSnapshot(242)) - StateMachineUpdater:4d50bca6-1793-48ce-b534-bf550895ea18:group-E954F635198A: Took a snapshot at index 4
2019-08-22 17:50:20,572 [StateMachineUpdater:4d50bca6-1793-48ce-b534-bf550895ea18:group-E954F635198A] INFO  impl.StateMachineUpdater (StateMachineUpdater.java:lambda$new$0(80)) - StateMachineUpdater:4d50bca6-1793-48ce-b534-bf550895ea18:group-E954F635198A: snapshotIndex: updateIncreasingly -1 -> 4
2019-08-22 17:50:20,573 [main] INFO  impl.RaftServerImpl (ServerState.java:close(394)) - 4d50bca6-1793-48ce-b534-bf550895ea18:group-E954F635198A closes. The last applied log index is 6
2019-08-22 17:50:20,573 [4d50bca6-1793-48ce-b534-bf550895ea18-SegmentedRaftLogWorker:Storage Directory /workdir/hadoop-ozone/integration-test/target/test-dir/MiniOzoneClusterImpl-759fa8c2-74ee-4da7-994d-2e8cc84df3a0/datanode-5/data/ratis/32b6daad-a68c-422f-97e0-e954f635198a] INFO  segmented.SegmentedRaftLogWorker (SegmentedRaftLogWorker.java:run(313)) - 4d50bca6-1793-48ce-b534-bf550895ea18-SegmentedRaftLogWorker:Storage Directory /workdir/hadoop-ozone/integration-test/target/test-dir/MiniOzoneClusterImpl-759fa8c2-74ee-4da7-994d-2e8cc84df3a0/datanode-5/data/ratis/32b6daad-a68c-422f-97e0-e954f635198a was interrupted, exiting. There are 0 tasks remaining in the queue.
2019-08-22 17:50:20,574 [main] INFO  segmented.SegmentedRaftLogWorker (SegmentedRaftLogWorker.java:close(228)) - 4d50bca6-1793-48ce-b534-bf550895ea18-SegmentedRaftLogWorker:Storage Directory /workdir/hadoop-ozone/integration-test/target/test-dir/MiniOzoneClusterImpl-759fa8c2-74ee-4da7-994d-2e8cc84df3a0/datanode-5/data/ratis/32b6daad-a68c-422f-97e0-e954f635198a close()
2019-08-22 17:50:20,574 [main] INFO  server.GrpcService (GrpcService.java:closeImpl(155)) - 4d50bca6-1793-48ce-b534-bf550895ea18: shutdown server with port 42669 now
2019-08-22 17:50:20,575 [main] INFO  server.GrpcService (GrpcService.java:closeImpl(163)) - 4d50bca6-1793-48ce-b534-bf550895ea18: shutdown server with port 42669 successfully
2019-08-22 17:50:20,576 [main] INFO  utils.BackgroundService (BackgroundService.java:shutdown(148)) - Shutting down service BlockDeletingService
2019-08-22 17:50:20,577 [refreshUsed-/workdir/hadoop-ozone/integration-test/target/test-dir/MiniOzoneClusterImpl-759fa8c2-74ee-4da7-994d-2e8cc84df3a0/datanode-5/data/containers] WARN  fs.CachingGetSpaceUsed (CachingGetSpaceUsed.java:run(183)) - Thread Interrupted waiting to refresh disk information: sleep interrupted
2019-08-22 17:50:20,590 [main] INFO  statemachine.DatanodeStateMachine (DatanodeStateMachine.java:stopDaemon(395)) - Ozone container server stopped.
2019-08-22 17:50:20,591 [main] INFO  handler.ContextHandler (ContextHandler.java:doStop(910)) - Stopped o.e.j.w.WebAppContext@50fd4246{/,null,UNAVAILABLE}{/hddsDatanode}
2019-08-22 17:50:20,592 [main] INFO  server.AbstractConnector (AbstractConnector.java:doStop(318)) - Stopped ServerConnector@35c55050{HTTP/1.1,[http/1.1]}{0.0.0.0:0}
2019-08-22 17:50:20,592 [main] INFO  handler.ContextHandler (ContextHandler.java:doStop(910)) - Stopped o.e.j.s.ServletContextHandler@d471ddb{/static,jar:file:/home/user/.m2/repository/org/apache/hadoop/hadoop-hdds-container-service/0.5.0-SNAPSHOT/hadoop-hdds-container-service-0.5.0-SNAPSHOT.jar!/webapps/static,UNAVAILABLE}
2019-08-22 17:50:20,592 [main] INFO  handler.ContextHandler (ContextHandler.java:doStop(910)) - Stopped o.e.j.s.ServletContextHandler@4afb2c90{/logs,file:///workdir/hadoop-ozone/integration-test/target/log,UNAVAILABLE}
2019-08-22 17:50:20,593 [main] INFO  ozone.MiniOzoneClusterImpl (MiniOzoneClusterImpl.java:stop(353)) - Stopping the StorageContainerManager
2019-08-22 17:50:20,593 [main] INFO  server.StorageContainerManager (StorageContainerManager.java:stop(797)) - Stopping Replication Manager Service.
2019-08-22 17:50:20,593 [main] INFO  container.ReplicationManager (ReplicationManager.java:stop(193)) - Stopping Replication Monitor Thread.
2019-08-22 17:50:20,594 [main] INFO  server.StorageContainerManager (StorageContainerManager.java:stop(804)) - Stopping Lease Manager of the command watchers
2019-08-22 17:50:20,594 [main] INFO  server.StorageContainerManager (StorageContainerManager.java:stop(811)) - Stopping datanode service RPC server
2019-08-22 17:50:20,594 [main] INFO  server.SCMDatanodeProtocolServer (SCMDatanodeProtocolServer.java:stop(367)) - Stopping the RPC server for DataNodes
2019-08-22 17:50:20,594 [main] INFO  ipc.Server (Server.java:stop(3082)) - Stopping server on 41341
2019-08-22 17:50:20,597 [IPC Server listener on 41341] INFO  ipc.Server (Server.java:run(1185)) - Stopping IPC Server listener on 41341
2019-08-22 17:50:20,597 [IPC Server Responder] INFO  ipc.Server (Server.java:run(1319)) - Stopping IPC Server Responder
2019-08-22 17:50:20,625 [SCM Heartbeat Processing Thread - 0] WARN  node.NodeStateManager (NodeStateManager.java:scheduleNextHealthCheck(646)) - Current Thread is interrupted, shutting down HB processing thread for Node Manager.
2019-08-22 17:50:20,625 [main] INFO  server.StorageContainerManager (StorageContainerManager.java:stop(819)) - Stopping block service RPC server
2019-08-22 17:50:20,626 [main] INFO  server.SCMBlockProtocolServer (SCMBlockProtocolServer.java:stop(148)) - Stopping the RPC server for Block Protocol
2019-08-22 17:50:20,626 [main] INFO  ipc.Server (Server.java:stop(3082)) - Stopping server on 34722
2019-08-22 17:50:20,627 [IPC Server listener on 34722] INFO  ipc.Server (Server.java:run(1185)) - Stopping IPC Server listener on 34722
2019-08-22 17:50:20,630 [main] INFO  server.StorageContainerManager (StorageContainerManager.java:stop(826)) - Stopping the StorageContainerLocationProtocol RPC server
2019-08-22 17:50:20,631 [main] INFO  server.SCMClientProtocolServer (SCMClientProtocolServer.java:stop(159)) - Stopping the RPC server for Client Protocol
2019-08-22 17:50:20,631 [main] INFO  ipc.Server (Server.java:stop(3082)) - Stopping server on 37698
2019-08-22 17:50:20,630 [IPC Server Responder] INFO  ipc.Server (Server.java:run(1319)) - Stopping IPC Server Responder
2019-08-22 17:50:20,634 [IPC Server listener on 37698] INFO  ipc.Server (Server.java:run(1185)) - Stopping IPC Server listener on 37698
2019-08-22 17:50:20,634 [main] INFO  server.StorageContainerManager (StorageContainerManager.java:stop(833)) - Stopping Storage Container Manager HTTP server.
2019-08-22 17:50:20,634 [IPC Server Responder] INFO  ipc.Server (Server.java:run(1319)) - Stopping IPC Server Responder
2019-08-22 17:50:20,636 [main] INFO  handler.ContextHandler (ContextHandler.java:doStop(910)) - Stopped o.e.j.w.WebAppContext@7310bc90{/,null,UNAVAILABLE}{/scm}
2019-08-22 17:50:20,637 [main] INFO  server.AbstractConnector (AbstractConnector.java:doStop(318)) - Stopped ServerConnector@18a421ea{HTTP/1.1,[http/1.1]}{0.0.0.0:0}
2019-08-22 17:50:20,637 [main] INFO  handler.ContextHandler (ContextHandler.java:doStop(910)) - Stopped o.e.j.s.ServletContextHandler@17e03804{/static,file:///workdir/hadoop-ozone/integration-test/target/test-classes/webapps/static,UNAVAILABLE}
2019-08-22 17:50:20,637 [main] INFO  handler.ContextHandler (ContextHandler.java:doStop(910)) - Stopped o.e.j.s.ServletContextHandler@2c6b36d7{/logs,file:///workdir/hadoop-ozone/integration-test/target/log,UNAVAILABLE}
2019-08-22 17:50:20,638 [main] INFO  server.StorageContainerManager (StorageContainerManager.java:stop(844)) - Stopping Block Manager Service.
2019-08-22 17:50:20,638 [main] INFO  utils.BackgroundService (BackgroundService.java:shutdown(148)) - Shutting down service SCMBlockDeletingService
2019-08-22 17:50:20,638 [main] INFO  utils.BackgroundService (BackgroundService.java:shutdown(148)) - Shutting down service SCMBlockDeletingService
2019-08-22 17:50:20,639 [main] INFO  server.StorageContainerManager (StorageContainerManager.java:stop(866)) - Stopping SCM Event Queue.
2019-08-22 17:50:20,642 [main] INFO  impl.MetricsSystemImpl (MetricsSystemImpl.java:stop(210)) - Stopping HddsDatanode metrics system...
2019-08-22 17:50:20,650 [main] INFO  impl.MetricsSystemImpl (MetricsSystemImpl.java:stop(216)) - HddsDatanode metrics system stopped.
]]></system-out>
    <system-err><![CDATA[Aug 22, 2019 5:49:38 PM com.sun.jersey.server.impl.application.WebApplicationImpl _initiate
INFO: Initiating Jersey application, version 'Jersey: 1.19 02/11/2015 03:25 AM'
Aug 22, 2019 5:49:38 PM com.sun.jersey.server.impl.application.WebApplicationImpl _initiate
INFO: Initiating Jersey application, version 'Jersey: 1.19 02/11/2015 03:25 AM'
Aug 22, 2019 5:49:39 PM com.sun.jersey.server.impl.application.WebApplicationImpl _initiate
INFO: Initiating Jersey application, version 'Jersey: 1.19 02/11/2015 03:25 AM'
Aug 22, 2019 5:49:39 PM com.sun.jersey.server.impl.application.WebApplicationImpl _initiate
INFO: Initiating Jersey application, version 'Jersey: 1.19 02/11/2015 03:25 AM'
Aug 22, 2019 5:49:39 PM com.sun.jersey.server.impl.application.WebApplicationImpl _initiate
INFO: Initiating Jersey application, version 'Jersey: 1.19 02/11/2015 03:25 AM'
Aug 22, 2019 5:49:39 PM com.sun.jersey.server.impl.application.WebApplicationImpl _initiate
INFO: Initiating Jersey application, version 'Jersey: 1.19 02/11/2015 03:25 AM'
Aug 22, 2019 5:49:39 PM com.sun.jersey.server.impl.application.WebApplicationImpl _initiate
INFO: Initiating Jersey application, version 'Jersey: 1.19 02/11/2015 03:25 AM'
Aug 22, 2019 5:49:42 PM org.apache.ratis.thirdparty.io.grpc.internal.ManagedChannelOrphanWrapper$ManagedChannelReference cleanQueue
SEVERE: *~*~*~ Channel ManagedChannelImpl{logId=2805, target=192.168.5.173:45258} was not shutdown properly!!! ~*~*~*
    Make sure to call shutdown()/shutdownNow() and wait until awaitTermination() returns true.
java.lang.RuntimeException: ManagedChannel allocation site
	at org.apache.ratis.thirdparty.io.grpc.internal.ManagedChannelOrphanWrapper$ManagedChannelReference.<init>(ManagedChannelOrphanWrapper.java:103)
	at org.apache.ratis.thirdparty.io.grpc.internal.ManagedChannelOrphanWrapper.<init>(ManagedChannelOrphanWrapper.java:53)
	at org.apache.ratis.thirdparty.io.grpc.internal.ManagedChannelOrphanWrapper.<init>(ManagedChannelOrphanWrapper.java:44)
	at org.apache.ratis.thirdparty.io.grpc.internal.AbstractManagedChannelImplBuilder.build(AbstractManagedChannelImplBuilder.java:411)
	at org.apache.ratis.grpc.client.GrpcClientProtocolClient.<init>(GrpcClientProtocolClient.java:119)
	at org.apache.ratis.grpc.client.GrpcClientRpc.lambda$new$0(GrpcClientRpc.java:55)
	at org.apache.ratis.util.PeerProxyMap$PeerAndProxy.lambda$getProxy$0(PeerProxyMap.java:61)
	at org.apache.ratis.util.LifeCycle.startAndTransition(LifeCycle.java:202)
	at org.apache.ratis.util.PeerProxyMap$PeerAndProxy.getProxy(PeerProxyMap.java:60)
	at org.apache.ratis.util.PeerProxyMap.getProxy(PeerProxyMap.java:107)
	at org.apache.ratis.grpc.client.GrpcClientRpc.sendRequestAsync(GrpcClientRpc.java:66)
	at org.apache.ratis.client.impl.OrderedAsync.sendRequest(OrderedAsync.java:208)
	at org.apache.ratis.client.impl.OrderedAsync.sendRequestWithRetry(OrderedAsync.java:169)
	at org.apache.ratis.util.SlidingWindow$Client.sendOrDelayRequest(SlidingWindow.java:278)
	at org.apache.ratis.util.SlidingWindow$Client.retry(SlidingWindow.java:294)
	at org.apache.ratis.client.impl.OrderedAsync.lambda$scheduleWithTimeout$7(OrderedAsync.java:195)
	at org.apache.ratis.util.TimeoutScheduler.lambda$onTimeout$0(TimeoutScheduler.java:85)
	at org.apache.ratis.util.TimeoutScheduler.lambda$onTimeout$1(TimeoutScheduler.java:104)
	at org.apache.ratis.util.LogUtils.runAndLog(LogUtils.java:50)
	at org.apache.ratis.util.LogUtils$1.run(LogUtils.java:91)
	at java.util.concurrent.Executors$RunnableAdapter.call(Executors.java:511)
	at java.util.concurrent.FutureTask.run(FutureTask.java:266)
	at java.util.concurrent.ScheduledThreadPoolExecutor$ScheduledFutureTask.access$201(ScheduledThreadPoolExecutor.java:180)
	at java.util.concurrent.ScheduledThreadPoolExecutor$ScheduledFutureTask.run(ScheduledThreadPoolExecutor.java:293)
	at java.util.concurrent.ThreadPoolExecutor.runWorker(ThreadPoolExecutor.java:1149)
	at java.util.concurrent.ThreadPoolExecutor$Worker.run(ThreadPoolExecutor.java:624)
	at java.lang.Thread.run(Thread.java:748)

Aug 22, 2019 5:49:42 PM org.apache.ratis.thirdparty.io.grpc.internal.ManagedChannelOrphanWrapper$ManagedChannelReference cleanQueue
SEVERE: *~*~*~ Channel ManagedChannelImpl{logId=2815, target=192.168.5.173:39265} was not shutdown properly!!! ~*~*~*
    Make sure to call shutdown()/shutdownNow() and wait until awaitTermination() returns true.
java.lang.RuntimeException: ManagedChannel allocation site
	at org.apache.ratis.thirdparty.io.grpc.internal.ManagedChannelOrphanWrapper$ManagedChannelReference.<init>(ManagedChannelOrphanWrapper.java:103)
	at org.apache.ratis.thirdparty.io.grpc.internal.ManagedChannelOrphanWrapper.<init>(ManagedChannelOrphanWrapper.java:53)
	at org.apache.ratis.thirdparty.io.grpc.internal.ManagedChannelOrphanWrapper.<init>(ManagedChannelOrphanWrapper.java:44)
	at org.apache.ratis.thirdparty.io.grpc.internal.AbstractManagedChannelImplBuilder.build(AbstractManagedChannelImplBuilder.java:411)
	at org.apache.ratis.grpc.client.GrpcClientProtocolClient.<init>(GrpcClientProtocolClient.java:119)
	at org.apache.ratis.grpc.client.GrpcClientRpc.lambda$new$0(GrpcClientRpc.java:55)
	at org.apache.ratis.util.PeerProxyMap$PeerAndProxy.lambda$getProxy$0(PeerProxyMap.java:61)
	at org.apache.ratis.util.LifeCycle.startAndTransition(LifeCycle.java:202)
	at org.apache.ratis.util.PeerProxyMap$PeerAndProxy.getProxy(PeerProxyMap.java:60)
	at org.apache.ratis.util.PeerProxyMap.getProxy(PeerProxyMap.java:107)
	at org.apache.ratis.grpc.client.GrpcClientRpc.sendRequestAsync(GrpcClientRpc.java:66)
	at org.apache.ratis.client.impl.OrderedAsync.sendRequest(OrderedAsync.java:208)
	at org.apache.ratis.client.impl.OrderedAsync.sendRequestWithRetry(OrderedAsync.java:169)
	at org.apache.ratis.util.SlidingWindow$Client.sendOrDelayRequest(SlidingWindow.java:278)
	at org.apache.ratis.util.SlidingWindow$Client.retry(SlidingWindow.java:294)
	at org.apache.ratis.client.impl.OrderedAsync.lambda$scheduleWithTimeout$7(OrderedAsync.java:195)
	at org.apache.ratis.util.TimeoutScheduler.lambda$onTimeout$0(TimeoutScheduler.java:85)
	at org.apache.ratis.util.TimeoutScheduler.lambda$onTimeout$1(TimeoutScheduler.java:104)
	at org.apache.ratis.util.LogUtils.runAndLog(LogUtils.java:50)
	at org.apache.ratis.util.LogUtils$1.run(LogUtils.java:91)
	at java.util.concurrent.Executors$RunnableAdapter.call(Executors.java:511)
	at java.util.concurrent.FutureTask.run(FutureTask.java:266)
	at java.util.concurrent.ScheduledThreadPoolExecutor$ScheduledFutureTask.access$201(ScheduledThreadPoolExecutor.java:180)
	at java.util.concurrent.ScheduledThreadPoolExecutor$ScheduledFutureTask.run(ScheduledThreadPoolExecutor.java:293)
	at java.util.concurrent.ThreadPoolExecutor.runWorker(ThreadPoolExecutor.java:1149)
	at java.util.concurrent.ThreadPoolExecutor$Worker.run(ThreadPoolExecutor.java:624)
	at java.lang.Thread.run(Thread.java:748)

]]></system-err>
  </testcase>
  <testcase name="testWatchForCommitWithCloseContainerException" classname="org.apache.hadoop.ozone.client.rpc.TestBlockOutputStreamWithFailures" time="42.256"/>
  <testcase name="testExceptionDuringClose" classname="org.apache.hadoop.ozone.client.rpc.TestBlockOutputStreamWithFailures" time="35.591"/>
</testsuite>