<?xml version="1.0" encoding="UTF-8"?>
<testsuite xmlns:xsi="http://www.w3.org/2001/XMLSchema-instance" xsi:noNamespaceSchemaLocation="https://maven.apache.org/surefire/maven-surefire-plugin/xsd/surefire-test-report.xsd" name="org.apache.hadoop.ozone.client.rpc.TestCommitWatcher" time="50.326" tests="2" errors="0" skipped="0" failures="1">
  <properties>
    <property name="awt.toolkit" value="sun.awt.X11.XToolkit"/>
    <property name="file.encoding.pkg" value="sun.io"/>
    <property name="java.specification.version" value="1.8"/>
    <property name="sun.cpu.isalist" value=""/>
    <property name="sun.jnu.encoding" value="UTF-8"/>
    <property name="java.class.path" value="/workdir/hadoop-ozone/integration-test/target/test-classes:/workdir/hadoop-ozone/integration-test/target/classes:/home/user/.m2/repository/org/apache/hadoop/hadoop-ozone-common/0.5.0-SNAPSHOT/hadoop-ozone-common-0.5.0-SNAPSHOT.jar:/home/user/.m2/repository/org/apache/commons/commons-compress/1.4.1/commons-compress-1.4.1.jar:/home/user/.m2/repository/org/tukaani/xz/1.0/xz-1.0.jar:/home/user/.m2/repository/org/apache/hadoop/hadoop-common/3.2.0/hadoop-common-3.2.0.jar:/home/user/.m2/repository/org/apache/hadoop/hadoop-hdfs/3.2.0/hadoop-hdfs-3.2.0.jar:/home/user/.m2/repository/org/apache/hadoop/hadoop-hdfs-client/3.2.0/hadoop-hdfs-client-3.2.0.jar:/home/user/.m2/repository/com/fasterxml/jackson/core/jackson-annotations/2.9.5/jackson-annotations-2.9.5.jar:/home/user/.m2/repository/org/apache/hadoop/hadoop-hdds-common/0.5.0-SNAPSHOT/hadoop-hdds-common-0.5.0-SNAPSHOT.jar:/home/user/.m2/repository/javax/annotation/javax.annotation-api/1.2/javax.annotation-api-1.2.jar:/home/user/.m2/repository/org/apache/ratis/ratis-server/0.4.0-2337318-SNAPSHOT/ratis-server-0.4.0-2337318-SNAPSHOT.jar:/home/user/.m2/repository/org/apache/ratis/ratis-thirdparty-misc/0.2.0/ratis-thirdparty-misc-0.2.0.jar:/home/user/.m2/repository/org/apache/ratis/ratis-proto/0.4.0-2337318-SNAPSHOT/ratis-proto-0.4.0-2337318-SNAPSHOT.jar:/home/user/.m2/repository/org/apache/ratis/ratis-common/0.4.0-2337318-SNAPSHOT/ratis-common-0.4.0-2337318-SNAPSHOT.jar:/home/user/.m2/repository/org/apache/ratis/ratis-client/0.4.0-2337318-SNAPSHOT/ratis-client-0.4.0-2337318-SNAPSHOT.jar:/home/user/.m2/repository/org/apache/ratis/ratis-metrics/0.4.0-2337318-SNAPSHOT/ratis-metrics-0.4.0-2337318-SNAPSHOT.jar:/home/user/.m2/repository/org/apache/ratis/ratis-netty/0.4.0-2337318-SNAPSHOT/ratis-netty-0.4.0-2337318-SNAPSHOT.jar:/home/user/.m2/repository/org/apache/ratis/ratis-grpc/0.4.0-2337318-SNAPSHOT/ratis-grpc-0.4.0-2337318-SNAPSHOT.jar:/home/user/.m2/repository/org/rocksdb/rocksdbjni/6.0.1/rocksdbjni-6.0.1.jar:/home/user/.m2/repository/org/apache/logging/log4j/log4j-api/2.11.0/log4j-api-2.11.0.jar:/home/user/.m2/repository/org/apache/logging/log4j/log4j-core/2.11.0/log4j-core-2.11.0.jar:/home/user/.m2/repository/com/lmax/disruptor/3.4.2/disruptor-3.4.2.jar:/home/user/.m2/repository/org/apache/commons/commons-pool2/2.6.0/commons-pool2-2.6.0.jar:/home/user/.m2/repository/org/bouncycastle/bcpkix-jdk15on/1.60/bcpkix-jdk15on-1.60.jar:/home/user/.m2/repository/commons-validator/commons-validator/1.6/commons-validator-1.6.jar:/home/user/.m2/repository/commons-digester/commons-digester/1.8.1/commons-digester-1.8.1.jar:/home/user/.m2/repository/io/jaegertracing/jaeger-client/0.33.1/jaeger-client-0.33.1.jar:/home/user/.m2/repository/io/jaegertracing/jaeger-thrift/0.33.1/jaeger-thrift-0.33.1.jar:/home/user/.m2/repository/org/apache/thrift/libthrift/0.11.0/libthrift-0.11.0.jar:/home/user/.m2/repository/com/squareup/okhttp3/okhttp/3.9.0/okhttp-3.9.0.jar:/home/user/.m2/repository/com/squareup/okio/okio/1.13.0/okio-1.13.0.jar:/home/user/.m2/repository/io/jaegertracing/jaeger-core/0.33.1/jaeger-core-0.33.1.jar:/home/user/.m2/repository/io/jaegertracing/jaeger-tracerresolver/0.33.1/jaeger-tracerresolver-0.33.1.jar:/home/user/.m2/repository/io/opentracing/contrib/opentracing-tracerresolver/0.1.5/opentracing-tracerresolver-0.1.5.jar:/home/user/.m2/repository/io/opentracing/opentracing-util/0.31.0/opentracing-util-0.31.0.jar:/home/user/.m2/repository/io/opentracing/opentracing-api/0.31.0/opentracing-api-0.31.0.jar:/home/user/.m2/repository/io/opentracing/opentracing-noop/0.31.0/opentracing-noop-0.31.0.jar:/home/user/.m2/repository/org/apache/hadoop/hadoop-hdds-server-framework/0.5.0-SNAPSHOT/hadoop-hdds-server-framework-0.5.0-SNAPSHOT.jar:/home/user/.m2/repository/org/apache/hadoop/hadoop-hdds-container-service/0.5.0-SNAPSHOT/hadoop-hdds-container-service-0.5.0-SNAPSHOT.jar:/home/user/.m2/repository/org/apache/hadoop/hadoop-hdds-client/0.5.0-SNAPSHOT/hadoop-hdds-client-0.5.0-SNAPSHOT.jar:/home/user/.m2/repository/org/apache/hadoop/hadoop-hdds-tools/0.5.0-SNAPSHOT/hadoop-hdds-tools-0.5.0-SNAPSHOT.jar:/home/user/.m2/repository/org/apache/hadoop/hadoop-hdds-server-scm/0.5.0-SNAPSHOT/hadoop-hdds-server-scm-0.5.0-SNAPSHOT.jar:/home/user/.m2/repository/org/apache/hadoop/hadoop-hdds-docs/0.5.0-SNAPSHOT/hadoop-hdds-docs-0.5.0-SNAPSHOT.jar:/home/user/.m2/repository/io/dropwizard/metrics/metrics-core/3.2.4/metrics-core-3.2.4.jar:/home/user/.m2/repository/org/hamcrest/hamcrest-all/1.3/hamcrest-all-1.3.jar:/home/user/.m2/repository/org/bouncycastle/bcprov-jdk15on/1.60/bcprov-jdk15on-1.60.jar:/home/user/.m2/repository/info/picocli/picocli/3.9.6/picocli-3.9.6.jar:/home/user/.m2/repository/com/google/protobuf/protobuf-java/2.5.0/protobuf-java-2.5.0.jar:/home/user/.m2/repository/com/google/guava/guava/11.0.2/guava-11.0.2.jar:/home/user/.m2/repository/org/apache/hadoop/hadoop-ozone-ozone-manager/0.5.0-SNAPSHOT/hadoop-ozone-ozone-manager-0.5.0-SNAPSHOT.jar:/home/user/.m2/repository/org/apache/hadoop/hadoop-minikdc/3.2.0/hadoop-minikdc-3.2.0.jar:/home/user/.m2/repository/commons-io/commons-io/2.5/commons-io-2.5.jar:/home/user/.m2/repository/org/apache/kerby/kerb-simplekdc/1.0.1/kerb-simplekdc-1.0.1.jar:/home/user/.m2/repository/org/apache/kerby/kerb-client/1.0.1/kerb-client-1.0.1.jar:/home/user/.m2/repository/org/apache/kerby/kerby-config/1.0.1/kerby-config-1.0.1.jar:/home/user/.m2/repository/org/apache/kerby/kerb-core/1.0.1/kerb-core-1.0.1.jar:/home/user/.m2/repository/org/apache/kerby/kerby-pkix/1.0.1/kerby-pkix-1.0.1.jar:/home/user/.m2/repository/org/apache/kerby/kerby-asn1/1.0.1/kerby-asn1-1.0.1.jar:/home/user/.m2/repository/org/apache/kerby/kerby-util/1.0.1/kerby-util-1.0.1.jar:/home/user/.m2/repository/org/apache/kerby/kerb-common/1.0.1/kerb-common-1.0.1.jar:/home/user/.m2/repository/org/apache/kerby/kerb-crypto/1.0.1/kerb-crypto-1.0.1.jar:/home/user/.m2/repository/org/apache/kerby/kerb-util/1.0.1/kerb-util-1.0.1.jar:/home/user/.m2/repository/org/apache/kerby/token-provider/1.0.1/token-provider-1.0.1.jar:/home/user/.m2/repository/org/apache/kerby/kerb-admin/1.0.1/kerb-admin-1.0.1.jar:/home/user/.m2/repository/org/apache/kerby/kerb-server/1.0.1/kerb-server-1.0.1.jar:/home/user/.m2/repository/org/apache/kerby/kerb-identity/1.0.1/kerb-identity-1.0.1.jar:/home/user/.m2/repository/org/apache/kerby/kerby-xdr/1.0.1/kerby-xdr-1.0.1.jar:/home/user/.m2/repository/org/slf4j/slf4j-log4j12/1.7.25/slf4j-log4j12-1.7.25.jar:/home/user/.m2/repository/org/apache/hadoop/hadoop-ozone-objectstore-service/0.5.0-SNAPSHOT/hadoop-ozone-objectstore-service-0.5.0-SNAPSHOT.jar:/home/user/.m2/repository/org/apache/hadoop/hadoop-ozone-s3gateway/0.5.0-SNAPSHOT/hadoop-ozone-s3gateway-0.5.0-SNAPSHOT.jar:/home/user/.m2/repository/org/jboss/weld/servlet/weld-servlet/2.4.7.Final/weld-servlet-2.4.7.Final.jar:/home/user/.m2/repository/org/glassfish/jersey/containers/jersey-container-servlet-core/2.27/jersey-container-servlet-core-2.27.jar:/home/user/.m2/repository/org/glassfish/hk2/external/javax.inject/2.5.0-b42/javax.inject-2.5.0-b42.jar:/home/user/.m2/repository/org/glassfish/jersey/core/jersey-common/2.27/jersey-common-2.27.jar:/home/user/.m2/repository/org/glassfish/hk2/osgi-resource-locator/1.0.1/osgi-resource-locator-1.0.1.jar:/home/user/.m2/repository/javax/ws/rs/javax.ws.rs-api/2.1/javax.ws.rs-api-2.1.jar:/home/user/.m2/repository/org/glassfish/jersey/ext/cdi/jersey-cdi1x/2.27/jersey-cdi1x-2.27.jar:/home/user/.m2/repository/org/glassfish/jersey/inject/jersey-hk2/2.27/jersey-hk2-2.27.jar:/home/user/.m2/repository/org/glassfish/hk2/hk2-locator/2.5.0-b42/hk2-locator-2.5.0-b42.jar:/home/user/.m2/repository/org/javassist/javassist/3.22.0-CR2/javassist-3.22.0-CR2.jar:/home/user/.m2/repository/org/glassfish/hk2/hk2-api/2.5.0/hk2-api-2.5.0.jar:/home/user/.m2/repository/org/glassfish/hk2/external/jakarta.inject/2.5.0/jakarta.inject-2.5.0.jar:/home/user/.m2/repository/org/glassfish/hk2/hk2-utils/2.5.0/hk2-utils-2.5.0.jar:/home/user/.m2/repository/jakarta/annotation/jakarta.annotation-api/1.3.4/jakarta.annotation-api-1.3.4.jar:/home/user/.m2/repository/org/glassfish/hk2/external/aopalliance-repackaged/2.5.0/aopalliance-repackaged-2.5.0.jar:/home/user/.m2/repository/com/fasterxml/jackson/dataformat/jackson-dataformat-xml/2.9.0/jackson-dataformat-xml-2.9.0.jar:/home/user/.m2/repository/com/fasterxml/jackson/core/jackson-core/2.9.5/jackson-core-2.9.5.jar:/home/user/.m2/repository/com/fasterxml/jackson/module/jackson-module-jaxb-annotations/2.9.5/jackson-module-jaxb-annotations-2.9.5.jar:/home/user/.m2/repository/javax/enterprise/cdi-api/1.2/cdi-api-1.2.jar:/home/user/.m2/repository/javax/el/javax.el-api/3.0.0/javax.el-api-3.0.0.jar:/home/user/.m2/repository/javax/interceptor/javax.interceptor-api/1.2/javax.interceptor-api-1.2.jar:/home/user/.m2/repository/javax/inject/javax.inject/1/javax.inject-1.jar:/home/user/.m2/repository/com/sun/xml/bind/jaxb-impl/2.3.0.1/jaxb-impl-2.3.0.1.jar:/home/user/.m2/repository/com/sun/xml/bind/jaxb-core/2.3.0.1/jaxb-core-2.3.0.1.jar:/home/user/.m2/repository/javax/xml/bind/jaxb-api/2.3.0/jaxb-api-2.3.0.jar:/home/user/.m2/repository/javax/activation/activation/1.1.1/activation-1.1.1.jar:/home/user/.m2/repository/org/apache/hadoop/hadoop-ozone-csi/0.5.0-SNAPSHOT/hadoop-ozone-csi-0.5.0-SNAPSHOT.jar:/home/user/.m2/repository/com/google/protobuf/protobuf-java-util/3.5.1/protobuf-java-util-3.5.1.jar:/home/user/.m2/repository/org/apache/hadoop/hadoop-hdds-config/0.5.0-SNAPSHOT/hadoop-hdds-config-0.5.0-SNAPSHOT.jar:/home/user/.m2/repository/io/grpc/grpc-netty/1.17.1/grpc-netty-1.17.1.jar:/home/user/.m2/repository/io/grpc/grpc-core/1.17.1/grpc-core-1.17.1.jar:/home/user/.m2/repository/io/grpc/grpc-context/1.17.1/grpc-context-1.17.1.jar:/home/user/.m2/repository/com/google/errorprone/error_prone_annotations/2.2.0/error_prone_annotations-2.2.0.jar:/home/user/.m2/repository/org/codehaus/mojo/animal-sniffer-annotations/1.17/animal-sniffer-annotations-1.17.jar:/home/user/.m2/repository/io/opencensus/opencensus-api/0.17.0/opencensus-api-0.17.0.jar:/home/user/.m2/repository/io/opencensus/opencensus-contrib-grpc-metrics/0.17.0/opencensus-contrib-grpc-metrics-0.17.0.jar:/home/user/.m2/repository/io/netty/netty-codec-http2/4.1.30.Final/netty-codec-http2-4.1.30.Final.jar:/home/user/.m2/repository/io/netty/netty-codec-http/4.1.30.Final/netty-codec-http-4.1.30.Final.jar:/home/user/.m2/repository/io/netty/netty-codec/4.1.30.Final/netty-codec-4.1.30.Final.jar:/home/user/.m2/repository/io/netty/netty-handler/4.1.30.Final/netty-handler-4.1.30.Final.jar:/home/user/.m2/repository/io/netty/netty-handler-proxy/4.1.30.Final/netty-handler-proxy-4.1.30.Final.jar:/home/user/.m2/repository/io/netty/netty-codec-socks/4.1.30.Final/netty-codec-socks-4.1.30.Final.jar:/home/user/.m2/repository/io/netty/netty-transport-native-epoll/4.1.30.Final/netty-transport-native-epoll-4.1.30.Final.jar:/home/user/.m2/repository/io/netty/netty-common/4.1.30.Final/netty-common-4.1.30.Final.jar:/home/user/.m2/repository/io/netty/netty-buffer/4.1.30.Final/netty-buffer-4.1.30.Final.jar:/home/user/.m2/repository/io/netty/netty-transport/4.1.30.Final/netty-transport-4.1.30.Final.jar:/home/user/.m2/repository/io/netty/netty-resolver/4.1.30.Final/netty-resolver-4.1.30.Final.jar:/home/user/.m2/repository/io/netty/netty-transport-native-unix-common/4.1.30.Final/netty-transport-native-unix-common-4.1.30.Final.jar:/home/user/.m2/repository/io/grpc/grpc-protobuf/1.17.1/grpc-protobuf-1.17.1.jar:/home/user/.m2/repository/com/google/api/grpc/proto-google-common-protos/1.0.0/proto-google-common-protos-1.0.0.jar:/home/user/.m2/repository/io/grpc/grpc-protobuf-lite/1.17.1/grpc-protobuf-lite-1.17.1.jar:/home/user/.m2/repository/io/grpc/grpc-stub/1.17.1/grpc-stub-1.17.1.jar:/home/user/.m2/repository/org/apache/hadoop/hadoop-ozone-recon/0.5.0-SNAPSHOT/hadoop-ozone-recon-0.5.0-SNAPSHOT.jar:/home/user/.m2/repository/org/apache/hadoop/hadoop-ozone-reconcodegen/0.5.0-SNAPSHOT/hadoop-ozone-reconcodegen-0.5.0-SNAPSHOT.jar:/home/user/.m2/repository/com/google/inject/extensions/guice-multibindings/4.0/guice-multibindings-4.0.jar:/home/user/.m2/repository/com/google/inject/guice/4.0/guice-4.0.jar:/home/user/.m2/repository/aopalliance/aopalliance/1.0/aopalliance-1.0.jar:/home/user/.m2/repository/com/google/inject/extensions/guice-servlet/4.0/guice-servlet-4.0.jar:/home/user/.m2/repository/org/glassfish/jersey/containers/jersey-container-servlet/2.27/jersey-container-servlet-2.27.jar:/home/user/.m2/repository/org/glassfish/hk2/guice-bridge/2.5.0/guice-bridge-2.5.0.jar:/home/user/.m2/repository/org/glassfish/jersey/core/jersey-server/2.27/jersey-server-2.27.jar:/home/user/.m2/repository/org/glassfish/jersey/core/jersey-client/2.27/jersey-client-2.27.jar:/home/user/.m2/repository/org/glassfish/jersey/media/jersey-media-jaxb/2.27/jersey-media-jaxb-2.27.jar:/home/user/.m2/repository/javax/validation/validation-api/1.1.0.Final/validation-api-1.1.0.Final.jar:/home/user/.m2/repository/org/glassfish/jersey/media/jersey-media-json-jackson/2.27/jersey-media-json-jackson-2.27.jar:/home/user/.m2/repository/org/glassfish/jersey/ext/jersey-entity-filtering/2.27/jersey-entity-filtering-2.27.jar:/home/user/.m2/repository/com/google/inject/extensions/guice-assistedinject/4.0/guice-assistedinject-4.0.jar:/home/user/.m2/repository/org/jooq/jooq/3.11.10/jooq-3.11.10.jar:/home/user/.m2/repository/org/jooq/jooq-meta/3.11.10/jooq-meta-3.11.10.jar:/home/user/.m2/repository/org/jooq/jooq-codegen/3.11.10/jooq-codegen-3.11.10.jar:/home/user/.m2/repository/com/jolbox/bonecp/0.8.0.RELEASE/bonecp-0.8.0.RELEASE.jar:/home/user/.m2/repository/org/xerial/sqlite-jdbc/3.25.2/sqlite-jdbc-3.25.2.jar:/home/user/.m2/repository/org/springframework/spring-jdbc/5.1.3.RELEASE/spring-jdbc-5.1.3.RELEASE.jar:/home/user/.m2/repository/org/springframework/spring-beans/5.1.3.RELEASE/spring-beans-5.1.3.RELEASE.jar:/home/user/.m2/repository/org/springframework/spring-core/5.1.3.RELEASE/spring-core-5.1.3.RELEASE.jar:/home/user/.m2/repository/org/springframework/spring-jcl/5.1.3.RELEASE/spring-jcl-5.1.3.RELEASE.jar:/home/user/.m2/repository/org/springframework/spring-tx/5.1.3.RELEASE/spring-tx-5.1.3.RELEASE.jar:/home/user/.m2/repository/org/apache/hadoop/hadoop-ozone-client/0.5.0-SNAPSHOT/hadoop-ozone-client-0.5.0-SNAPSHOT.jar:/home/user/.m2/repository/commons-lang/commons-lang/2.6/commons-lang-2.6.jar:/home/user/.m2/repository/org/apache/hadoop/hadoop-ozone-ozone-manager/0.5.0-SNAPSHOT/hadoop-ozone-ozone-manager-0.5.0-SNAPSHOT-tests.jar:/home/user/.m2/repository/junit/junit/4.11/junit-4.11.jar:/home/user/.m2/repository/org/hamcrest/hamcrest-core/1.3/hamcrest-core-1.3.jar:/home/user/.m2/repository/org/openjdk/jmh/jmh-core/1.19/jmh-core-1.19.jar:/home/user/.m2/repository/net/sf/jopt-simple/jopt-simple/4.6/jopt-simple-4.6.jar:/home/user/.m2/repository/org/apache/commons/commons-math3/3.1.1/commons-math3-3.1.1.jar:/home/user/.m2/repository/org/openjdk/jmh/jmh-generator-annprocess/1.19/jmh-generator-annprocess-1.19.jar:/home/user/.m2/repository/org/mockito/mockito-all/1.8.5/mockito-all-1.8.5.jar:/home/user/.m2/repository/org/apache/hadoop/hadoop-kms/3.2.0/hadoop-kms-3.2.0.jar:/home/user/.m2/repository/org/apache/hadoop/hadoop-auth/3.2.0/hadoop-auth-3.2.0.jar:/home/user/.m2/repository/com/nimbusds/nimbus-jose-jwt/4.41.1/nimbus-jose-jwt-4.41.1.jar:/home/user/.m2/repository/com/github/stephenc/jcip/jcip-annotations/1.0-1/jcip-annotations-1.0-1.jar:/home/user/.m2/repository/net/minidev/json-smart/2.3/json-smart-2.3.jar:/home/user/.m2/repository/net/minidev/accessors-smart/1.2/accessors-smart-1.2.jar:/home/user/.m2/repository/org/ow2/asm/asm/5.0.4/asm-5.0.4.jar:/home/user/.m2/repository/org/apache/curator/curator-framework/2.12.0/curator-framework-2.12.0.jar:/home/user/.m2/repository/com/sun/jersey/jersey-core/1.19/jersey-core-1.19.jar:/home/user/.m2/repository/javax/ws/rs/jsr311-api/1.1.1/jsr311-api-1.1.1.jar:/home/user/.m2/repository/com/sun/jersey/jersey-server/1.19/jersey-server-1.19.jar:/home/user/.m2/repository/javax/servlet/javax.servlet-api/3.1.0/javax.servlet-api-3.1.0.jar:/home/user/.m2/repository/org/eclipse/jetty/jetty-server/9.3.24.v20180605/jetty-server-9.3.24.v20180605.jar:/home/user/.m2/repository/org/eclipse/jetty/jetty-http/9.3.24.v20180605/jetty-http-9.3.24.v20180605.jar:/home/user/.m2/repository/org/eclipse/jetty/jetty-io/9.3.24.v20180605/jetty-io-9.3.24.v20180605.jar:/home/user/.m2/repository/org/eclipse/jetty/jetty-webapp/9.3.24.v20180605/jetty-webapp-9.3.24.v20180605.jar:/home/user/.m2/repository/org/eclipse/jetty/jetty-xml/9.3.24.v20180605/jetty-xml-9.3.24.v20180605.jar:/home/user/.m2/repository/log4j/log4j/1.2.17/log4j-1.2.17.jar:/home/user/.m2/repository/org/slf4j/slf4j-api/1.7.25/slf4j-api-1.7.25.jar:/home/user/.m2/repository/org/slf4j/jul-to-slf4j/1.7.25/jul-to-slf4j-1.7.25.jar:/home/user/.m2/repository/org/eclipse/jetty/jetty-util/9.3.24.v20180605/jetty-util-9.3.24.v20180605.jar:/home/user/.m2/repository/com/fasterxml/jackson/core/jackson-databind/2.9.5/jackson-databind-2.9.5.jar:/home/user/.m2/repository/org/apache/hadoop/hadoop-kms/3.2.0/hadoop-kms-3.2.0-tests.jar:/home/user/.m2/repository/org/apache/hadoop/hadoop-hdds-server-scm/0.5.0-SNAPSHOT/hadoop-hdds-server-scm-0.5.0-SNAPSHOT-tests.jar:/home/user/.m2/repository/org/apache/hadoop/hadoop-hdds-container-service/0.5.0-SNAPSHOT/hadoop-hdds-container-service-0.5.0-SNAPSHOT-tests.jar:/home/user/.m2/repository/org/yaml/snakeyaml/1.16/snakeyaml-1.16.jar:/home/user/.m2/repository/org/apache/hadoop/hadoop-common/3.2.0/hadoop-common-3.2.0-tests.jar:/home/user/.m2/repository/org/apache/hadoop/hadoop-annotations/3.2.0/hadoop-annotations-3.2.0.jar:/usr/lib/jvm/java-1.8-openjdk/jre/../lib/tools.jar:/home/user/.m2/repository/commons-cli/commons-cli/1.2/commons-cli-1.2.jar:/home/user/.m2/repository/org/apache/httpcomponents/httpclient/4.5.2/httpclient-4.5.2.jar:/home/user/.m2/repository/org/apache/httpcomponents/httpcore/4.4.4/httpcore-4.4.4.jar:/home/user/.m2/repository/commons-codec/commons-codec/1.11/commons-codec-1.11.jar:/home/user/.m2/repository/commons-net/commons-net/3.6/commons-net-3.6.jar:/home/user/.m2/repository/commons-collections/commons-collections/3.2.2/commons-collections-3.2.2.jar:/home/user/.m2/repository/org/eclipse/jetty/jetty-servlet/9.3.24.v20180605/jetty-servlet-9.3.24.v20180605.jar:/home/user/.m2/repository/org/eclipse/jetty/jetty-security/9.3.24.v20180605/jetty-security-9.3.24.v20180605.jar:/home/user/.m2/repository/javax/servlet/jsp/jsp-api/2.1/jsp-api-2.1.jar:/home/user/.m2/repository/com/sun/jersey/jersey-servlet/1.19/jersey-servlet-1.19.jar:/home/user/.m2/repository/com/sun/jersey/jersey-json/1.19/jersey-json-1.19.jar:/home/user/.m2/repository/org/codehaus/jettison/jettison/1.1/jettison-1.1.jar:/home/user/.m2/repository/org/codehaus/jackson/jackson-core-asl/1.9.13/jackson-core-asl-1.9.13.jar:/home/user/.m2/repository/org/codehaus/jackson/jackson-mapper-asl/1.9.13/jackson-mapper-asl-1.9.13.jar:/home/user/.m2/repository/org/codehaus/jackson/jackson-jaxrs/1.9.13/jackson-jaxrs-1.9.13.jar:/home/user/.m2/repository/org/codehaus/jackson/jackson-xc/1.9.13/jackson-xc-1.9.13.jar:/home/user/.m2/repository/commons-logging/commons-logging/1.1.3/commons-logging-1.1.3.jar:/home/user/.m2/repository/commons-beanutils/commons-beanutils/1.9.3/commons-beanutils-1.9.3.jar:/home/user/.m2/repository/org/apache/commons/commons-configuration2/2.1.1/commons-configuration2-2.1.1.jar:/home/user/.m2/repository/org/apache/commons/commons-lang3/3.7/commons-lang3-3.7.jar:/home/user/.m2/repository/org/apache/commons/commons-text/1.4/commons-text-1.4.jar:/home/user/.m2/repository/org/apache/avro/avro/1.7.7/avro-1.7.7.jar:/home/user/.m2/repository/com/thoughtworks/paranamer/paranamer/2.3/paranamer-2.3.jar:/home/user/.m2/repository/org/xerial/snappy/snappy-java/1.0.5/snappy-java-1.0.5.jar:/home/user/.m2/repository/com/google/re2j/re2j/1.1/re2j-1.1.jar:/home/user/.m2/repository/com/google/code/gson/gson/2.2.4/gson-2.2.4.jar:/home/user/.m2/repository/com/jcraft/jsch/0.1.54/jsch-0.1.54.jar:/home/user/.m2/repository/org/apache/curator/curator-client/2.12.0/curator-client-2.12.0.jar:/home/user/.m2/repository/org/apache/curator/curator-recipes/2.12.0/curator-recipes-2.12.0.jar:/home/user/.m2/repository/com/google/code/findbugs/jsr305/3.0.0/jsr305-3.0.0.jar:/home/user/.m2/repository/org/apache/htrace/htrace-core4/4.1.0-incubating/htrace-core4-4.1.0-incubating.jar:/home/user/.m2/repository/org/apache/zookeeper/zookeeper/3.4.13/zookeeper-3.4.13.jar:/home/user/.m2/repository/org/apache/yetus/audience-annotations/0.5.0/audience-annotations-0.5.0.jar:/home/user/.m2/repository/org/codehaus/woodstox/stax2-api/3.1.4/stax2-api-3.1.4.jar:/home/user/.m2/repository/com/fasterxml/woodstox/woodstox-core/5.0.3/woodstox-core-5.0.3.jar:/home/user/.m2/repository/dnsjava/dnsjava/2.1.7/dnsjava-2.1.7.jar:/home/user/.m2/repository/org/apache/hadoop/hadoop-hdfs/3.2.0/hadoop-hdfs-3.2.0-tests.jar:/home/user/.m2/repository/org/eclipse/jetty/jetty-util-ajax/9.3.24.v20180605/jetty-util-ajax-9.3.24.v20180605.jar:/home/user/.m2/repository/commons-daemon/commons-daemon/1.0.13/commons-daemon-1.0.13.jar:/home/user/.m2/repository/io/netty/netty/3.10.5.Final/netty-3.10.5.Final.jar:/home/user/.m2/repository/io/netty/netty-all/4.0.52.Final/netty-all-4.0.52.Final.jar:/home/user/.m2/repository/org/fusesource/leveldbjni/leveldbjni-all/1.8/leveldbjni-all-1.8.jar:"/>
    <property name="java.vm.vendor" value="IcedTea"/>
    <property name="sun.arch.data.model" value="64"/>
    <property name="test.build.dir" value="/workdir/hadoop-ozone/integration-test/target/test-dir"/>
    <property name="test.cache.data" value=""/>
    <property name="java.vendor.url" value="https://icedtea.classpath.org"/>
    <property name="user.timezone" value=""/>
    <property name="java.vm.specification.version" value="1.8"/>
    <property name="os.name" value="Linux"/>
    <property name="test.build.data" value="/workdir/hadoop-ozone/integration-test/target/test-dir"/>
    <property name="user.country" value="US"/>
    <property name="sun.java.launcher" value="SUN_STANDARD"/>
    <property name="sun.boot.library.path" value="/usr/lib/jvm/java-1.8-openjdk/jre/lib/amd64"/>
    <property name="sun.java.command" value="/workdir/hadoop-ozone/integration-test/target/surefire/surefirebooter1838362672783578872.jar /workdir/hadoop-ozone/integration-test/target/surefire 2019-08-22T10-10-02_529-jvmRun1 surefire3522507585363880685tmp surefire_255689272556524616742tmp"/>
    <property name="test" value="!TestMiniChaosOzoneCluster"/>
    <property name="surefire.test.class.path" value="/workdir/hadoop-ozone/integration-test/target/test-classes:/workdir/hadoop-ozone/integration-test/target/classes:/home/user/.m2/repository/org/apache/hadoop/hadoop-ozone-common/0.5.0-SNAPSHOT/hadoop-ozone-common-0.5.0-SNAPSHOT.jar:/home/user/.m2/repository/org/apache/commons/commons-compress/1.4.1/commons-compress-1.4.1.jar:/home/user/.m2/repository/org/tukaani/xz/1.0/xz-1.0.jar:/home/user/.m2/repository/org/apache/hadoop/hadoop-common/3.2.0/hadoop-common-3.2.0.jar:/home/user/.m2/repository/org/apache/hadoop/hadoop-hdfs/3.2.0/hadoop-hdfs-3.2.0.jar:/home/user/.m2/repository/org/apache/hadoop/hadoop-hdfs-client/3.2.0/hadoop-hdfs-client-3.2.0.jar:/home/user/.m2/repository/com/fasterxml/jackson/core/jackson-annotations/2.9.5/jackson-annotations-2.9.5.jar:/home/user/.m2/repository/org/apache/hadoop/hadoop-hdds-common/0.5.0-SNAPSHOT/hadoop-hdds-common-0.5.0-SNAPSHOT.jar:/home/user/.m2/repository/javax/annotation/javax.annotation-api/1.2/javax.annotation-api-1.2.jar:/home/user/.m2/repository/org/apache/ratis/ratis-server/0.4.0-2337318-SNAPSHOT/ratis-server-0.4.0-2337318-SNAPSHOT.jar:/home/user/.m2/repository/org/apache/ratis/ratis-thirdparty-misc/0.2.0/ratis-thirdparty-misc-0.2.0.jar:/home/user/.m2/repository/org/apache/ratis/ratis-proto/0.4.0-2337318-SNAPSHOT/ratis-proto-0.4.0-2337318-SNAPSHOT.jar:/home/user/.m2/repository/org/apache/ratis/ratis-common/0.4.0-2337318-SNAPSHOT/ratis-common-0.4.0-2337318-SNAPSHOT.jar:/home/user/.m2/repository/org/apache/ratis/ratis-client/0.4.0-2337318-SNAPSHOT/ratis-client-0.4.0-2337318-SNAPSHOT.jar:/home/user/.m2/repository/org/apache/ratis/ratis-metrics/0.4.0-2337318-SNAPSHOT/ratis-metrics-0.4.0-2337318-SNAPSHOT.jar:/home/user/.m2/repository/org/apache/ratis/ratis-netty/0.4.0-2337318-SNAPSHOT/ratis-netty-0.4.0-2337318-SNAPSHOT.jar:/home/user/.m2/repository/org/apache/ratis/ratis-grpc/0.4.0-2337318-SNAPSHOT/ratis-grpc-0.4.0-2337318-SNAPSHOT.jar:/home/user/.m2/repository/org/rocksdb/rocksdbjni/6.0.1/rocksdbjni-6.0.1.jar:/home/user/.m2/repository/org/apache/logging/log4j/log4j-api/2.11.0/log4j-api-2.11.0.jar:/home/user/.m2/repository/org/apache/logging/log4j/log4j-core/2.11.0/log4j-core-2.11.0.jar:/home/user/.m2/repository/com/lmax/disruptor/3.4.2/disruptor-3.4.2.jar:/home/user/.m2/repository/org/apache/commons/commons-pool2/2.6.0/commons-pool2-2.6.0.jar:/home/user/.m2/repository/org/bouncycastle/bcpkix-jdk15on/1.60/bcpkix-jdk15on-1.60.jar:/home/user/.m2/repository/commons-validator/commons-validator/1.6/commons-validator-1.6.jar:/home/user/.m2/repository/commons-digester/commons-digester/1.8.1/commons-digester-1.8.1.jar:/home/user/.m2/repository/io/jaegertracing/jaeger-client/0.33.1/jaeger-client-0.33.1.jar:/home/user/.m2/repository/io/jaegertracing/jaeger-thrift/0.33.1/jaeger-thrift-0.33.1.jar:/home/user/.m2/repository/org/apache/thrift/libthrift/0.11.0/libthrift-0.11.0.jar:/home/user/.m2/repository/com/squareup/okhttp3/okhttp/3.9.0/okhttp-3.9.0.jar:/home/user/.m2/repository/com/squareup/okio/okio/1.13.0/okio-1.13.0.jar:/home/user/.m2/repository/io/jaegertracing/jaeger-core/0.33.1/jaeger-core-0.33.1.jar:/home/user/.m2/repository/io/jaegertracing/jaeger-tracerresolver/0.33.1/jaeger-tracerresolver-0.33.1.jar:/home/user/.m2/repository/io/opentracing/contrib/opentracing-tracerresolver/0.1.5/opentracing-tracerresolver-0.1.5.jar:/home/user/.m2/repository/io/opentracing/opentracing-util/0.31.0/opentracing-util-0.31.0.jar:/home/user/.m2/repository/io/opentracing/opentracing-api/0.31.0/opentracing-api-0.31.0.jar:/home/user/.m2/repository/io/opentracing/opentracing-noop/0.31.0/opentracing-noop-0.31.0.jar:/home/user/.m2/repository/org/apache/hadoop/hadoop-hdds-server-framework/0.5.0-SNAPSHOT/hadoop-hdds-server-framework-0.5.0-SNAPSHOT.jar:/home/user/.m2/repository/org/apache/hadoop/hadoop-hdds-container-service/0.5.0-SNAPSHOT/hadoop-hdds-container-service-0.5.0-SNAPSHOT.jar:/home/user/.m2/repository/org/apache/hadoop/hadoop-hdds-client/0.5.0-SNAPSHOT/hadoop-hdds-client-0.5.0-SNAPSHOT.jar:/home/user/.m2/repository/org/apache/hadoop/hadoop-hdds-tools/0.5.0-SNAPSHOT/hadoop-hdds-tools-0.5.0-SNAPSHOT.jar:/home/user/.m2/repository/org/apache/hadoop/hadoop-hdds-server-scm/0.5.0-SNAPSHOT/hadoop-hdds-server-scm-0.5.0-SNAPSHOT.jar:/home/user/.m2/repository/org/apache/hadoop/hadoop-hdds-docs/0.5.0-SNAPSHOT/hadoop-hdds-docs-0.5.0-SNAPSHOT.jar:/home/user/.m2/repository/io/dropwizard/metrics/metrics-core/3.2.4/metrics-core-3.2.4.jar:/home/user/.m2/repository/org/hamcrest/hamcrest-all/1.3/hamcrest-all-1.3.jar:/home/user/.m2/repository/org/bouncycastle/bcprov-jdk15on/1.60/bcprov-jdk15on-1.60.jar:/home/user/.m2/repository/info/picocli/picocli/3.9.6/picocli-3.9.6.jar:/home/user/.m2/repository/com/google/protobuf/protobuf-java/2.5.0/protobuf-java-2.5.0.jar:/home/user/.m2/repository/com/google/guava/guava/11.0.2/guava-11.0.2.jar:/home/user/.m2/repository/org/apache/hadoop/hadoop-ozone-ozone-manager/0.5.0-SNAPSHOT/hadoop-ozone-ozone-manager-0.5.0-SNAPSHOT.jar:/home/user/.m2/repository/org/apache/hadoop/hadoop-minikdc/3.2.0/hadoop-minikdc-3.2.0.jar:/home/user/.m2/repository/commons-io/commons-io/2.5/commons-io-2.5.jar:/home/user/.m2/repository/org/apache/kerby/kerb-simplekdc/1.0.1/kerb-simplekdc-1.0.1.jar:/home/user/.m2/repository/org/apache/kerby/kerb-client/1.0.1/kerb-client-1.0.1.jar:/home/user/.m2/repository/org/apache/kerby/kerby-config/1.0.1/kerby-config-1.0.1.jar:/home/user/.m2/repository/org/apache/kerby/kerb-core/1.0.1/kerb-core-1.0.1.jar:/home/user/.m2/repository/org/apache/kerby/kerby-pkix/1.0.1/kerby-pkix-1.0.1.jar:/home/user/.m2/repository/org/apache/kerby/kerby-asn1/1.0.1/kerby-asn1-1.0.1.jar:/home/user/.m2/repository/org/apache/kerby/kerby-util/1.0.1/kerby-util-1.0.1.jar:/home/user/.m2/repository/org/apache/kerby/kerb-common/1.0.1/kerb-common-1.0.1.jar:/home/user/.m2/repository/org/apache/kerby/kerb-crypto/1.0.1/kerb-crypto-1.0.1.jar:/home/user/.m2/repository/org/apache/kerby/kerb-util/1.0.1/kerb-util-1.0.1.jar:/home/user/.m2/repository/org/apache/kerby/token-provider/1.0.1/token-provider-1.0.1.jar:/home/user/.m2/repository/org/apache/kerby/kerb-admin/1.0.1/kerb-admin-1.0.1.jar:/home/user/.m2/repository/org/apache/kerby/kerb-server/1.0.1/kerb-server-1.0.1.jar:/home/user/.m2/repository/org/apache/kerby/kerb-identity/1.0.1/kerb-identity-1.0.1.jar:/home/user/.m2/repository/org/apache/kerby/kerby-xdr/1.0.1/kerby-xdr-1.0.1.jar:/home/user/.m2/repository/org/slf4j/slf4j-log4j12/1.7.25/slf4j-log4j12-1.7.25.jar:/home/user/.m2/repository/org/apache/hadoop/hadoop-ozone-objectstore-service/0.5.0-SNAPSHOT/hadoop-ozone-objectstore-service-0.5.0-SNAPSHOT.jar:/home/user/.m2/repository/org/apache/hadoop/hadoop-ozone-s3gateway/0.5.0-SNAPSHOT/hadoop-ozone-s3gateway-0.5.0-SNAPSHOT.jar:/home/user/.m2/repository/org/jboss/weld/servlet/weld-servlet/2.4.7.Final/weld-servlet-2.4.7.Final.jar:/home/user/.m2/repository/org/glassfish/jersey/containers/jersey-container-servlet-core/2.27/jersey-container-servlet-core-2.27.jar:/home/user/.m2/repository/org/glassfish/hk2/external/javax.inject/2.5.0-b42/javax.inject-2.5.0-b42.jar:/home/user/.m2/repository/org/glassfish/jersey/core/jersey-common/2.27/jersey-common-2.27.jar:/home/user/.m2/repository/org/glassfish/hk2/osgi-resource-locator/1.0.1/osgi-resource-locator-1.0.1.jar:/home/user/.m2/repository/javax/ws/rs/javax.ws.rs-api/2.1/javax.ws.rs-api-2.1.jar:/home/user/.m2/repository/org/glassfish/jersey/ext/cdi/jersey-cdi1x/2.27/jersey-cdi1x-2.27.jar:/home/user/.m2/repository/org/glassfish/jersey/inject/jersey-hk2/2.27/jersey-hk2-2.27.jar:/home/user/.m2/repository/org/glassfish/hk2/hk2-locator/2.5.0-b42/hk2-locator-2.5.0-b42.jar:/home/user/.m2/repository/org/javassist/javassist/3.22.0-CR2/javassist-3.22.0-CR2.jar:/home/user/.m2/repository/org/glassfish/hk2/hk2-api/2.5.0/hk2-api-2.5.0.jar:/home/user/.m2/repository/org/glassfish/hk2/external/jakarta.inject/2.5.0/jakarta.inject-2.5.0.jar:/home/user/.m2/repository/org/glassfish/hk2/hk2-utils/2.5.0/hk2-utils-2.5.0.jar:/home/user/.m2/repository/jakarta/annotation/jakarta.annotation-api/1.3.4/jakarta.annotation-api-1.3.4.jar:/home/user/.m2/repository/org/glassfish/hk2/external/aopalliance-repackaged/2.5.0/aopalliance-repackaged-2.5.0.jar:/home/user/.m2/repository/com/fasterxml/jackson/dataformat/jackson-dataformat-xml/2.9.0/jackson-dataformat-xml-2.9.0.jar:/home/user/.m2/repository/com/fasterxml/jackson/core/jackson-core/2.9.5/jackson-core-2.9.5.jar:/home/user/.m2/repository/com/fasterxml/jackson/module/jackson-module-jaxb-annotations/2.9.5/jackson-module-jaxb-annotations-2.9.5.jar:/home/user/.m2/repository/javax/enterprise/cdi-api/1.2/cdi-api-1.2.jar:/home/user/.m2/repository/javax/el/javax.el-api/3.0.0/javax.el-api-3.0.0.jar:/home/user/.m2/repository/javax/interceptor/javax.interceptor-api/1.2/javax.interceptor-api-1.2.jar:/home/user/.m2/repository/javax/inject/javax.inject/1/javax.inject-1.jar:/home/user/.m2/repository/com/sun/xml/bind/jaxb-impl/2.3.0.1/jaxb-impl-2.3.0.1.jar:/home/user/.m2/repository/com/sun/xml/bind/jaxb-core/2.3.0.1/jaxb-core-2.3.0.1.jar:/home/user/.m2/repository/javax/xml/bind/jaxb-api/2.3.0/jaxb-api-2.3.0.jar:/home/user/.m2/repository/javax/activation/activation/1.1.1/activation-1.1.1.jar:/home/user/.m2/repository/org/apache/hadoop/hadoop-ozone-csi/0.5.0-SNAPSHOT/hadoop-ozone-csi-0.5.0-SNAPSHOT.jar:/home/user/.m2/repository/com/google/protobuf/protobuf-java-util/3.5.1/protobuf-java-util-3.5.1.jar:/home/user/.m2/repository/org/apache/hadoop/hadoop-hdds-config/0.5.0-SNAPSHOT/hadoop-hdds-config-0.5.0-SNAPSHOT.jar:/home/user/.m2/repository/io/grpc/grpc-netty/1.17.1/grpc-netty-1.17.1.jar:/home/user/.m2/repository/io/grpc/grpc-core/1.17.1/grpc-core-1.17.1.jar:/home/user/.m2/repository/io/grpc/grpc-context/1.17.1/grpc-context-1.17.1.jar:/home/user/.m2/repository/com/google/errorprone/error_prone_annotations/2.2.0/error_prone_annotations-2.2.0.jar:/home/user/.m2/repository/org/codehaus/mojo/animal-sniffer-annotations/1.17/animal-sniffer-annotations-1.17.jar:/home/user/.m2/repository/io/opencensus/opencensus-api/0.17.0/opencensus-api-0.17.0.jar:/home/user/.m2/repository/io/opencensus/opencensus-contrib-grpc-metrics/0.17.0/opencensus-contrib-grpc-metrics-0.17.0.jar:/home/user/.m2/repository/io/netty/netty-codec-http2/4.1.30.Final/netty-codec-http2-4.1.30.Final.jar:/home/user/.m2/repository/io/netty/netty-codec-http/4.1.30.Final/netty-codec-http-4.1.30.Final.jar:/home/user/.m2/repository/io/netty/netty-codec/4.1.30.Final/netty-codec-4.1.30.Final.jar:/home/user/.m2/repository/io/netty/netty-handler/4.1.30.Final/netty-handler-4.1.30.Final.jar:/home/user/.m2/repository/io/netty/netty-handler-proxy/4.1.30.Final/netty-handler-proxy-4.1.30.Final.jar:/home/user/.m2/repository/io/netty/netty-codec-socks/4.1.30.Final/netty-codec-socks-4.1.30.Final.jar:/home/user/.m2/repository/io/netty/netty-transport-native-epoll/4.1.30.Final/netty-transport-native-epoll-4.1.30.Final.jar:/home/user/.m2/repository/io/netty/netty-common/4.1.30.Final/netty-common-4.1.30.Final.jar:/home/user/.m2/repository/io/netty/netty-buffer/4.1.30.Final/netty-buffer-4.1.30.Final.jar:/home/user/.m2/repository/io/netty/netty-transport/4.1.30.Final/netty-transport-4.1.30.Final.jar:/home/user/.m2/repository/io/netty/netty-resolver/4.1.30.Final/netty-resolver-4.1.30.Final.jar:/home/user/.m2/repository/io/netty/netty-transport-native-unix-common/4.1.30.Final/netty-transport-native-unix-common-4.1.30.Final.jar:/home/user/.m2/repository/io/grpc/grpc-protobuf/1.17.1/grpc-protobuf-1.17.1.jar:/home/user/.m2/repository/com/google/api/grpc/proto-google-common-protos/1.0.0/proto-google-common-protos-1.0.0.jar:/home/user/.m2/repository/io/grpc/grpc-protobuf-lite/1.17.1/grpc-protobuf-lite-1.17.1.jar:/home/user/.m2/repository/io/grpc/grpc-stub/1.17.1/grpc-stub-1.17.1.jar:/home/user/.m2/repository/org/apache/hadoop/hadoop-ozone-recon/0.5.0-SNAPSHOT/hadoop-ozone-recon-0.5.0-SNAPSHOT.jar:/home/user/.m2/repository/org/apache/hadoop/hadoop-ozone-reconcodegen/0.5.0-SNAPSHOT/hadoop-ozone-reconcodegen-0.5.0-SNAPSHOT.jar:/home/user/.m2/repository/com/google/inject/extensions/guice-multibindings/4.0/guice-multibindings-4.0.jar:/home/user/.m2/repository/com/google/inject/guice/4.0/guice-4.0.jar:/home/user/.m2/repository/aopalliance/aopalliance/1.0/aopalliance-1.0.jar:/home/user/.m2/repository/com/google/inject/extensions/guice-servlet/4.0/guice-servlet-4.0.jar:/home/user/.m2/repository/org/glassfish/jersey/containers/jersey-container-servlet/2.27/jersey-container-servlet-2.27.jar:/home/user/.m2/repository/org/glassfish/hk2/guice-bridge/2.5.0/guice-bridge-2.5.0.jar:/home/user/.m2/repository/org/glassfish/jersey/core/jersey-server/2.27/jersey-server-2.27.jar:/home/user/.m2/repository/org/glassfish/jersey/core/jersey-client/2.27/jersey-client-2.27.jar:/home/user/.m2/repository/org/glassfish/jersey/media/jersey-media-jaxb/2.27/jersey-media-jaxb-2.27.jar:/home/user/.m2/repository/javax/validation/validation-api/1.1.0.Final/validation-api-1.1.0.Final.jar:/home/user/.m2/repository/org/glassfish/jersey/media/jersey-media-json-jackson/2.27/jersey-media-json-jackson-2.27.jar:/home/user/.m2/repository/org/glassfish/jersey/ext/jersey-entity-filtering/2.27/jersey-entity-filtering-2.27.jar:/home/user/.m2/repository/com/google/inject/extensions/guice-assistedinject/4.0/guice-assistedinject-4.0.jar:/home/user/.m2/repository/org/jooq/jooq/3.11.10/jooq-3.11.10.jar:/home/user/.m2/repository/org/jooq/jooq-meta/3.11.10/jooq-meta-3.11.10.jar:/home/user/.m2/repository/org/jooq/jooq-codegen/3.11.10/jooq-codegen-3.11.10.jar:/home/user/.m2/repository/com/jolbox/bonecp/0.8.0.RELEASE/bonecp-0.8.0.RELEASE.jar:/home/user/.m2/repository/org/xerial/sqlite-jdbc/3.25.2/sqlite-jdbc-3.25.2.jar:/home/user/.m2/repository/org/springframework/spring-jdbc/5.1.3.RELEASE/spring-jdbc-5.1.3.RELEASE.jar:/home/user/.m2/repository/org/springframework/spring-beans/5.1.3.RELEASE/spring-beans-5.1.3.RELEASE.jar:/home/user/.m2/repository/org/springframework/spring-core/5.1.3.RELEASE/spring-core-5.1.3.RELEASE.jar:/home/user/.m2/repository/org/springframework/spring-jcl/5.1.3.RELEASE/spring-jcl-5.1.3.RELEASE.jar:/home/user/.m2/repository/org/springframework/spring-tx/5.1.3.RELEASE/spring-tx-5.1.3.RELEASE.jar:/home/user/.m2/repository/org/apache/hadoop/hadoop-ozone-client/0.5.0-SNAPSHOT/hadoop-ozone-client-0.5.0-SNAPSHOT.jar:/home/user/.m2/repository/commons-lang/commons-lang/2.6/commons-lang-2.6.jar:/home/user/.m2/repository/org/apache/hadoop/hadoop-ozone-ozone-manager/0.5.0-SNAPSHOT/hadoop-ozone-ozone-manager-0.5.0-SNAPSHOT-tests.jar:/home/user/.m2/repository/junit/junit/4.11/junit-4.11.jar:/home/user/.m2/repository/org/hamcrest/hamcrest-core/1.3/hamcrest-core-1.3.jar:/home/user/.m2/repository/org/openjdk/jmh/jmh-core/1.19/jmh-core-1.19.jar:/home/user/.m2/repository/net/sf/jopt-simple/jopt-simple/4.6/jopt-simple-4.6.jar:/home/user/.m2/repository/org/apache/commons/commons-math3/3.1.1/commons-math3-3.1.1.jar:/home/user/.m2/repository/org/openjdk/jmh/jmh-generator-annprocess/1.19/jmh-generator-annprocess-1.19.jar:/home/user/.m2/repository/org/mockito/mockito-all/1.8.5/mockito-all-1.8.5.jar:/home/user/.m2/repository/org/apache/hadoop/hadoop-kms/3.2.0/hadoop-kms-3.2.0.jar:/home/user/.m2/repository/org/apache/hadoop/hadoop-auth/3.2.0/hadoop-auth-3.2.0.jar:/home/user/.m2/repository/com/nimbusds/nimbus-jose-jwt/4.41.1/nimbus-jose-jwt-4.41.1.jar:/home/user/.m2/repository/com/github/stephenc/jcip/jcip-annotations/1.0-1/jcip-annotations-1.0-1.jar:/home/user/.m2/repository/net/minidev/json-smart/2.3/json-smart-2.3.jar:/home/user/.m2/repository/net/minidev/accessors-smart/1.2/accessors-smart-1.2.jar:/home/user/.m2/repository/org/ow2/asm/asm/5.0.4/asm-5.0.4.jar:/home/user/.m2/repository/org/apache/curator/curator-framework/2.12.0/curator-framework-2.12.0.jar:/home/user/.m2/repository/com/sun/jersey/jersey-core/1.19/jersey-core-1.19.jar:/home/user/.m2/repository/javax/ws/rs/jsr311-api/1.1.1/jsr311-api-1.1.1.jar:/home/user/.m2/repository/com/sun/jersey/jersey-server/1.19/jersey-server-1.19.jar:/home/user/.m2/repository/javax/servlet/javax.servlet-api/3.1.0/javax.servlet-api-3.1.0.jar:/home/user/.m2/repository/org/eclipse/jetty/jetty-server/9.3.24.v20180605/jetty-server-9.3.24.v20180605.jar:/home/user/.m2/repository/org/eclipse/jetty/jetty-http/9.3.24.v20180605/jetty-http-9.3.24.v20180605.jar:/home/user/.m2/repository/org/eclipse/jetty/jetty-io/9.3.24.v20180605/jetty-io-9.3.24.v20180605.jar:/home/user/.m2/repository/org/eclipse/jetty/jetty-webapp/9.3.24.v20180605/jetty-webapp-9.3.24.v20180605.jar:/home/user/.m2/repository/org/eclipse/jetty/jetty-xml/9.3.24.v20180605/jetty-xml-9.3.24.v20180605.jar:/home/user/.m2/repository/log4j/log4j/1.2.17/log4j-1.2.17.jar:/home/user/.m2/repository/org/slf4j/slf4j-api/1.7.25/slf4j-api-1.7.25.jar:/home/user/.m2/repository/org/slf4j/jul-to-slf4j/1.7.25/jul-to-slf4j-1.7.25.jar:/home/user/.m2/repository/org/eclipse/jetty/jetty-util/9.3.24.v20180605/jetty-util-9.3.24.v20180605.jar:/home/user/.m2/repository/com/fasterxml/jackson/core/jackson-databind/2.9.5/jackson-databind-2.9.5.jar:/home/user/.m2/repository/org/apache/hadoop/hadoop-kms/3.2.0/hadoop-kms-3.2.0-tests.jar:/home/user/.m2/repository/org/apache/hadoop/hadoop-hdds-server-scm/0.5.0-SNAPSHOT/hadoop-hdds-server-scm-0.5.0-SNAPSHOT-tests.jar:/home/user/.m2/repository/org/apache/hadoop/hadoop-hdds-container-service/0.5.0-SNAPSHOT/hadoop-hdds-container-service-0.5.0-SNAPSHOT-tests.jar:/home/user/.m2/repository/org/yaml/snakeyaml/1.16/snakeyaml-1.16.jar:/home/user/.m2/repository/org/apache/hadoop/hadoop-common/3.2.0/hadoop-common-3.2.0-tests.jar:/home/user/.m2/repository/org/apache/hadoop/hadoop-annotations/3.2.0/hadoop-annotations-3.2.0.jar:/usr/lib/jvm/java-1.8-openjdk/jre/../lib/tools.jar:/home/user/.m2/repository/commons-cli/commons-cli/1.2/commons-cli-1.2.jar:/home/user/.m2/repository/org/apache/httpcomponents/httpclient/4.5.2/httpclient-4.5.2.jar:/home/user/.m2/repository/org/apache/httpcomponents/httpcore/4.4.4/httpcore-4.4.4.jar:/home/user/.m2/repository/commons-codec/commons-codec/1.11/commons-codec-1.11.jar:/home/user/.m2/repository/commons-net/commons-net/3.6/commons-net-3.6.jar:/home/user/.m2/repository/commons-collections/commons-collections/3.2.2/commons-collections-3.2.2.jar:/home/user/.m2/repository/org/eclipse/jetty/jetty-servlet/9.3.24.v20180605/jetty-servlet-9.3.24.v20180605.jar:/home/user/.m2/repository/org/eclipse/jetty/jetty-security/9.3.24.v20180605/jetty-security-9.3.24.v20180605.jar:/home/user/.m2/repository/javax/servlet/jsp/jsp-api/2.1/jsp-api-2.1.jar:/home/user/.m2/repository/com/sun/jersey/jersey-servlet/1.19/jersey-servlet-1.19.jar:/home/user/.m2/repository/com/sun/jersey/jersey-json/1.19/jersey-json-1.19.jar:/home/user/.m2/repository/org/codehaus/jettison/jettison/1.1/jettison-1.1.jar:/home/user/.m2/repository/org/codehaus/jackson/jackson-core-asl/1.9.13/jackson-core-asl-1.9.13.jar:/home/user/.m2/repository/org/codehaus/jackson/jackson-mapper-asl/1.9.13/jackson-mapper-asl-1.9.13.jar:/home/user/.m2/repository/org/codehaus/jackson/jackson-jaxrs/1.9.13/jackson-jaxrs-1.9.13.jar:/home/user/.m2/repository/org/codehaus/jackson/jackson-xc/1.9.13/jackson-xc-1.9.13.jar:/home/user/.m2/repository/commons-logging/commons-logging/1.1.3/commons-logging-1.1.3.jar:/home/user/.m2/repository/commons-beanutils/commons-beanutils/1.9.3/commons-beanutils-1.9.3.jar:/home/user/.m2/repository/org/apache/commons/commons-configuration2/2.1.1/commons-configuration2-2.1.1.jar:/home/user/.m2/repository/org/apache/commons/commons-lang3/3.7/commons-lang3-3.7.jar:/home/user/.m2/repository/org/apache/commons/commons-text/1.4/commons-text-1.4.jar:/home/user/.m2/repository/org/apache/avro/avro/1.7.7/avro-1.7.7.jar:/home/user/.m2/repository/com/thoughtworks/paranamer/paranamer/2.3/paranamer-2.3.jar:/home/user/.m2/repository/org/xerial/snappy/snappy-java/1.0.5/snappy-java-1.0.5.jar:/home/user/.m2/repository/com/google/re2j/re2j/1.1/re2j-1.1.jar:/home/user/.m2/repository/com/google/code/gson/gson/2.2.4/gson-2.2.4.jar:/home/user/.m2/repository/com/jcraft/jsch/0.1.54/jsch-0.1.54.jar:/home/user/.m2/repository/org/apache/curator/curator-client/2.12.0/curator-client-2.12.0.jar:/home/user/.m2/repository/org/apache/curator/curator-recipes/2.12.0/curator-recipes-2.12.0.jar:/home/user/.m2/repository/com/google/code/findbugs/jsr305/3.0.0/jsr305-3.0.0.jar:/home/user/.m2/repository/org/apache/htrace/htrace-core4/4.1.0-incubating/htrace-core4-4.1.0-incubating.jar:/home/user/.m2/repository/org/apache/zookeeper/zookeeper/3.4.13/zookeeper-3.4.13.jar:/home/user/.m2/repository/org/apache/yetus/audience-annotations/0.5.0/audience-annotations-0.5.0.jar:/home/user/.m2/repository/org/codehaus/woodstox/stax2-api/3.1.4/stax2-api-3.1.4.jar:/home/user/.m2/repository/com/fasterxml/woodstox/woodstox-core/5.0.3/woodstox-core-5.0.3.jar:/home/user/.m2/repository/dnsjava/dnsjava/2.1.7/dnsjava-2.1.7.jar:/home/user/.m2/repository/org/apache/hadoop/hadoop-hdfs/3.2.0/hadoop-hdfs-3.2.0-tests.jar:/home/user/.m2/repository/org/eclipse/jetty/jetty-util-ajax/9.3.24.v20180605/jetty-util-ajax-9.3.24.v20180605.jar:/home/user/.m2/repository/commons-daemon/commons-daemon/1.0.13/commons-daemon-1.0.13.jar:/home/user/.m2/repository/io/netty/netty/3.10.5.Final/netty-3.10.5.Final.jar:/home/user/.m2/repository/io/netty/netty-all/4.0.52.Final/netty-all-4.0.52.Final.jar:/home/user/.m2/repository/org/fusesource/leveldbjni/leveldbjni-all/1.8/leveldbjni-all-1.8.jar:"/>
    <property name="sun.cpu.endian" value="little"/>
    <property name="user.home" value="/home/user"/>
    <property name="user.language" value="en"/>
    <property name="java.specification.vendor" value="Oracle Corporation"/>
    <property name="java.home" value="/usr/lib/jvm/java-1.8-openjdk/jre"/>
    <property name="java.security.krb5.conf" value="/workdir/hadoop-ozone/integration-test/target/test-classes/krb5.conf"/>
    <property name="basedir" value="/workdir/hadoop-ozone/integration-test"/>
    <property name="file.separator" value="/"/>
    <property name="line.separator" value="&#10;"/>
    <property name="java.vm.specification.vendor" value="Oracle Corporation"/>
    <property name="java.specification.name" value="Java Platform API Specification"/>
    <property name="java.awt.graphicsenv" value="sun.awt.X11GraphicsEnvironment"/>
    <property name="surefire.real.class.path" value="/workdir/hadoop-ozone/integration-test/target/surefire/surefirebooter1838362672783578872.jar"/>
    <property name="hadoop.log.dir" value="/workdir/hadoop-ozone/integration-test/target/log"/>
    <property name="sun.boot.class.path" value="/usr/lib/jvm/java-1.8-openjdk/jre/lib/resources.jar:/usr/lib/jvm/java-1.8-openjdk/jre/lib/rt.jar:/usr/lib/jvm/java-1.8-openjdk/jre/lib/sunrsasign.jar:/usr/lib/jvm/java-1.8-openjdk/jre/lib/jsse.jar:/usr/lib/jvm/java-1.8-openjdk/jre/lib/jce.jar:/usr/lib/jvm/java-1.8-openjdk/jre/lib/charsets.jar:/usr/lib/jvm/java-1.8-openjdk/jre/lib/jfr.jar:/usr/lib/jvm/java-1.8-openjdk/jre/classes"/>
    <property name="sun.management.compiler" value="HotSpot 64-Bit Tiered Compilers"/>
    <property name="java.runtime.version" value="1.8.0_212-b04"/>
    <property name="java.net.preferIPv4Stack" value="true"/>
    <property name="user.name" value="jenkins1000"/>
    <property name="path.separator" value=":"/>
    <property name="java.security.egd" value="file:///dev/urandom"/>
    <property name="os.version" value="3.10.0-957.12.2.el7.x86_64"/>
    <property name="java.endorsed.dirs" value="/usr/lib/jvm/java-1.8-openjdk/jre/lib/endorsed"/>
    <property name="java.runtime.name" value="OpenJDK Runtime Environment"/>
    <property name="file.encoding" value="UTF-8"/>
    <property name="java.vm.name" value="OpenJDK 64-Bit Server VM"/>
    <property name="test.build.webapps" value=""/>
    <property name="localRepository" value="/home/user/.m2/repository"/>
    <property name="java.vendor.url.bug" value="https://icedtea.classpath.org/bugzilla"/>
    <property name="java.io.tmpdir" value="/tmp"/>
    <property name="require.test.libhadoop" value=""/>
    <property name="java.version" value="1.8.0_212"/>
    <property name="user.dir" value="/workdir/hadoop-ozone/integration-test"/>
    <property name="os.arch" value="amd64"/>
    <property name="java.vm.specification.name" value="Java Virtual Machine Specification"/>
    <property name="test.build.classes" value="/workdir/hadoop-ozone/integration-test/target/test-classes"/>
    <property name="java.awt.printerjob" value="sun.print.PSPrinterJob"/>
    <property name="sun.os.patch.level" value="unknown"/>
    <property name="hadoop.tmp.dir" value="/workdir/hadoop-ozone/integration-test/target/tmp"/>
    <property name="java.library.path" value="/usr/lib/jvm/java-1.8-openjdk/jre/lib/amd64/server:/usr/lib/jvm/java-1.8-openjdk/jre/lib/amd64:/usr/lib/jvm/java-1.8-openjdk/jre/../lib/amd64:/workdir/hadoop-ozone/integration-test/target/native/target/usr/local/lib:/workdir/hadoop-ozone/integration-test/../../hadoop-common-project/hadoop-common/target/native/target/usr/local/lib:/usr/java/packages/lib/amd64:/usr/lib64:/lib64:/lib:/usr/lib"/>
    <property name="java.vm.info" value="mixed mode"/>
    <property name="java.vendor" value="IcedTea"/>
    <property name="java.vm.version" value="25.212-b04"/>
    <property name="java.ext.dirs" value="/usr/lib/jvm/java-1.8-openjdk/jre/lib/ext:/usr/java/packages/lib/ext"/>
    <property name="sun.io.unicode.encoding" value="UnicodeLittle"/>
    <property name="java.class.version" value="52.0"/>
  </properties>
  <testcase name="testReleaseBuffers" classname="org.apache.hadoop.ozone.client.rpc.TestCommitWatcher" time="6.031"/>
  <testcase name="testReleaseBuffersOnException" classname="org.apache.hadoop.ozone.client.rpc.TestCommitWatcher" time="14.792">
    <failure type="java.lang.AssertionError">java.lang.AssertionError
	at org.junit.Assert.fail(Assert.java:86)
	at org.junit.Assert.assertTrue(Assert.java:41)
	at org.junit.Assert.assertTrue(Assert.java:52)
	at org.apache.hadoop.ozone.client.rpc.TestCommitWatcher.testReleaseBuffersOnException(TestCommitWatcher.java:284)
	at sun.reflect.NativeMethodAccessorImpl.invoke0(Native Method)
	at sun.reflect.NativeMethodAccessorImpl.invoke(NativeMethodAccessorImpl.java:62)
	at sun.reflect.DelegatingMethodAccessorImpl.invoke(DelegatingMethodAccessorImpl.java:43)
	at java.lang.reflect.Method.invoke(Method.java:498)
	at org.junit.runners.model.FrameworkMethod$1.runReflectiveCall(FrameworkMethod.java:47)
	at org.junit.internal.runners.model.ReflectiveCallable.run(ReflectiveCallable.java:12)
	at org.junit.runners.model.FrameworkMethod.invokeExplosively(FrameworkMethod.java:44)
	at org.junit.internal.runners.statements.InvokeMethod.evaluate(InvokeMethod.java:17)
	at org.junit.runners.ParentRunner.runLeaf(ParentRunner.java:271)
	at org.junit.runners.BlockJUnit4ClassRunner.runChild(BlockJUnit4ClassRunner.java:70)
	at org.junit.runners.BlockJUnit4ClassRunner.runChild(BlockJUnit4ClassRunner.java:50)
	at org.junit.runners.ParentRunner$3.run(ParentRunner.java:238)
	at org.junit.runners.ParentRunner$1.schedule(ParentRunner.java:63)
	at org.junit.runners.ParentRunner.runChildren(ParentRunner.java:236)
	at org.junit.runners.ParentRunner.access$000(ParentRunner.java:53)
	at org.junit.runners.ParentRunner$2.evaluate(ParentRunner.java:229)
	at org.junit.internal.runners.statements.RunBefores.evaluate(RunBefores.java:26)
	at org.junit.internal.runners.statements.RunAfters.evaluate(RunAfters.java:27)
	at org.junit.runners.ParentRunner.run(ParentRunner.java:309)
	at org.apache.maven.surefire.junit4.JUnit4Provider.execute(JUnit4Provider.java:365)
	at org.apache.maven.surefire.junit4.JUnit4Provider.executeWithRerun(JUnit4Provider.java:273)
	at org.apache.maven.surefire.junit4.JUnit4Provider.executeTestSet(JUnit4Provider.java:238)
	at org.apache.maven.surefire.junit4.JUnit4Provider.invoke(JUnit4Provider.java:159)
	at org.apache.maven.surefire.booter.ForkedBooter.invokeProviderInSameClassLoader(ForkedBooter.java:384)
	at org.apache.maven.surefire.booter.ForkedBooter.runSuitesInProcess(ForkedBooter.java:345)
	at org.apache.maven.surefire.booter.ForkedBooter.execute(ForkedBooter.java:126)
	at org.apache.maven.surefire.booter.ForkedBooter.main(ForkedBooter.java:418)
</failure>
    <system-out><![CDATA[2019-08-22 10:49:25,364 [grpc-default-executor-2] INFO  client.GrpcClientProtocolClient (GrpcClientProtocolClient.java:onNext(255)) - client-3E85F25D2B51->a337bc41-c308-472a-bc1f-cb47301fd405: receive RaftClientReply:client-3E85F25D2B51->a337bc41-c308-472a-bc1f-cb47301fd405@group-088531F12B28, cid=17, FAILED org.apache.ratis.protocol.NotLeaderException: Server a337bc41-c308-472a-bc1f-cb47301fd405 is not the leader (null). Request must be sent to leader., logIndex=0, commits[a337bc41-c308-472a-bc1f-cb47301fd405:c-1]
2019-08-22 10:49:25,495 | INFO  | SCMAudit | user=jenkins1000 | ip=192.168.5.138 | op=SEND_HEARTBEAT {datanodeUUID=cd17f1f1-d71f-4616-9c3e-e30e07409987, command=[]} | ret=SUCCESS |  
2019-08-22 10:49:25,798 | INFO  | SCMAudit | user=jenkins1000 | ip=192.168.5.138 | op=SEND_HEARTBEAT {datanodeUUID=a337bc41-c308-472a-bc1f-cb47301fd405, command=[]} | ret=SUCCESS |  
2019-08-22 10:49:25,843 | INFO  | SCMAudit | user=jenkins1000 | ip=192.168.5.138 | op=SEND_HEARTBEAT {datanodeUUID=d8f591ee-89a3-41ba-86ff-b3b575fbb3c9, command=[]} | ret=SUCCESS |  
2019-08-22 10:49:25,916 | INFO  | SCMAudit | user=jenkins1000 | ip=192.168.5.138 | op=SEND_HEARTBEAT {datanodeUUID=71551c83-4848-4c9b-a1ec-ec77ffd08ca8, command=[]} | ret=SUCCESS |  
2019-08-22 10:49:26,041 | INFO  | SCMAudit | user=jenkins1000 | ip=192.168.5.138 | op=SEND_HEARTBEAT {datanodeUUID=75ee71cb-5aeb-41c0-a2b4-13934103a12a, command=[]} | ret=SUCCESS |  
2019-08-22 10:49:26,041 | INFO  | SCMAudit | user=jenkins1000 | ip=192.168.5.138 | op=SEND_HEARTBEAT {datanodeUUID=e2275d23-8cf5-4ed9-8567-72ae0b9358c3, command=[]} | ret=SUCCESS |  
2019-08-22 10:49:26,266 | INFO  | SCMAudit | user=jenkins1000 | ip=192.168.5.138 | op=SEND_HEARTBEAT {datanodeUUID=8d5a9dd0-e49a-4ffd-93bb-2412b89d6aaf, command=[]} | ret=SUCCESS |  
2019-08-22 10:49:26,399 [grpc-default-executor-2] INFO  client.GrpcClientProtocolClient (GrpcClientProtocolClient.java:onNext(255)) - client-3E85F25D2B51->8d5a9dd0-e49a-4ffd-93bb-2412b89d6aaf: receive RaftClientReply:client-3E85F25D2B51->8d5a9dd0-e49a-4ffd-93bb-2412b89d6aaf@group-088531F12B28, cid=17, FAILED org.apache.ratis.protocol.NotLeaderException: Server 8d5a9dd0-e49a-4ffd-93bb-2412b89d6aaf is not the leader (null). Request must be sent to leader., logIndex=0, commits[8d5a9dd0-e49a-4ffd-93bb-2412b89d6aaf:c-1]
2019-08-22 10:49:26,495 | INFO  | SCMAudit | user=jenkins1000 | ip=192.168.5.138 | op=SEND_HEARTBEAT {datanodeUUID=cd17f1f1-d71f-4616-9c3e-e30e07409987, command=[]} | ret=SUCCESS |  
2019-08-22 10:49:26,798 | INFO  | SCMAudit | user=jenkins1000 | ip=192.168.5.138 | op=SEND_HEARTBEAT {datanodeUUID=a337bc41-c308-472a-bc1f-cb47301fd405, command=[]} | ret=SUCCESS |  
2019-08-22 10:49:26,843 | INFO  | SCMAudit | user=jenkins1000 | ip=192.168.5.138 | op=SEND_HEARTBEAT {datanodeUUID=d8f591ee-89a3-41ba-86ff-b3b575fbb3c9, command=[]} | ret=SUCCESS |  
2019-08-22 10:49:26,917 | INFO  | SCMAudit | user=jenkins1000 | ip=192.168.5.138 | op=SEND_HEARTBEAT {datanodeUUID=71551c83-4848-4c9b-a1ec-ec77ffd08ca8, command=[]} | ret=SUCCESS |  
2019-08-22 10:49:27,041 | INFO  | SCMAudit | user=jenkins1000 | ip=192.168.5.138 | op=SEND_HEARTBEAT {datanodeUUID=75ee71cb-5aeb-41c0-a2b4-13934103a12a, command=[]} | ret=SUCCESS |  
2019-08-22 10:49:27,041 | INFO  | SCMAudit | user=jenkins1000 | ip=192.168.5.138 | op=SEND_HEARTBEAT {datanodeUUID=e2275d23-8cf5-4ed9-8567-72ae0b9358c3, command=[]} | ret=SUCCESS |  
2019-08-22 10:49:27,266 | INFO  | SCMAudit | user=jenkins1000 | ip=192.168.5.138 | op=SEND_HEARTBEAT {datanodeUUID=8d5a9dd0-e49a-4ffd-93bb-2412b89d6aaf, command=[]} | ret=SUCCESS |  
2019-08-22 10:49:27,425 [grpc-default-executor-2] INFO  client.GrpcClientProtocolClient (GrpcClientProtocolClient.java:onNext(255)) - client-3E85F25D2B51->a337bc41-c308-472a-bc1f-cb47301fd405: receive RaftClientReply:client-3E85F25D2B51->a337bc41-c308-472a-bc1f-cb47301fd405@group-088531F12B28, cid=17, FAILED org.apache.ratis.protocol.NotLeaderException: Server a337bc41-c308-472a-bc1f-cb47301fd405 is not the leader (null). Request must be sent to leader., logIndex=0, commits[a337bc41-c308-472a-bc1f-cb47301fd405:c-1]
2019-08-22 10:49:27,495 | INFO  | SCMAudit | user=jenkins1000 | ip=192.168.5.138 | op=SEND_HEARTBEAT {datanodeUUID=cd17f1f1-d71f-4616-9c3e-e30e07409987, command=[]} | ret=SUCCESS |  
2019-08-22 10:49:27,798 | INFO  | SCMAudit | user=jenkins1000 | ip=192.168.5.138 | op=SEND_HEARTBEAT {datanodeUUID=a337bc41-c308-472a-bc1f-cb47301fd405, command=[]} | ret=SUCCESS |  
2019-08-22 10:49:27,842 | INFO  | SCMAudit | user=jenkins1000 | ip=192.168.5.138 | op=SEND_HEARTBEAT {datanodeUUID=d8f591ee-89a3-41ba-86ff-b3b575fbb3c9, command=[]} | ret=SUCCESS |  
2019-08-22 10:49:27,916 | INFO  | SCMAudit | user=jenkins1000 | ip=192.168.5.138 | op=SEND_HEARTBEAT {datanodeUUID=71551c83-4848-4c9b-a1ec-ec77ffd08ca8, command=[]} | ret=SUCCESS |  
2019-08-22 10:49:28,041 | INFO  | SCMAudit | user=jenkins1000 | ip=192.168.5.138 | op=SEND_HEARTBEAT {datanodeUUID=75ee71cb-5aeb-41c0-a2b4-13934103a12a, command=[]} | ret=SUCCESS |  
2019-08-22 10:49:28,041 | INFO  | SCMAudit | user=jenkins1000 | ip=192.168.5.138 | op=SEND_HEARTBEAT {datanodeUUID=e2275d23-8cf5-4ed9-8567-72ae0b9358c3, command=[]} | ret=SUCCESS |  
2019-08-22 10:49:28,265 | INFO  | SCMAudit | user=jenkins1000 | ip=192.168.5.138 | op=SEND_HEARTBEAT {datanodeUUID=8d5a9dd0-e49a-4ffd-93bb-2412b89d6aaf, command=[]} | ret=SUCCESS |  
2019-08-22 10:49:28,450 [grpc-default-executor-0] INFO  client.GrpcClientProtocolClient (GrpcClientProtocolClient.java:onNext(255)) - client-3E85F25D2B51->8d5a9dd0-e49a-4ffd-93bb-2412b89d6aaf: receive RaftClientReply:client-3E85F25D2B51->8d5a9dd0-e49a-4ffd-93bb-2412b89d6aaf@group-088531F12B28, cid=17, FAILED org.apache.ratis.protocol.NotLeaderException: Server 8d5a9dd0-e49a-4ffd-93bb-2412b89d6aaf is not the leader (null). Request must be sent to leader., logIndex=0, commits[8d5a9dd0-e49a-4ffd-93bb-2412b89d6aaf:c-1]
2019-08-22 10:49:28,494 | INFO  | SCMAudit | user=jenkins1000 | ip=192.168.5.138 | op=SEND_HEARTBEAT {datanodeUUID=cd17f1f1-d71f-4616-9c3e-e30e07409987, command=[]} | ret=SUCCESS |  
2019-08-22 10:49:28,799 | INFO  | SCMAudit | user=jenkins1000 | ip=192.168.5.138 | op=SEND_HEARTBEAT {datanodeUUID=a337bc41-c308-472a-bc1f-cb47301fd405, command=[]} | ret=SUCCESS |  
2019-08-22 10:49:28,842 | INFO  | SCMAudit | user=jenkins1000 | ip=192.168.5.138 | op=SEND_HEARTBEAT {datanodeUUID=d8f591ee-89a3-41ba-86ff-b3b575fbb3c9, command=[]} | ret=SUCCESS |  
2019-08-22 10:49:28,917 | INFO  | SCMAudit | user=jenkins1000 | ip=192.168.5.138 | op=SEND_HEARTBEAT {datanodeUUID=71551c83-4848-4c9b-a1ec-ec77ffd08ca8, command=[]} | ret=SUCCESS |  
2019-08-22 10:49:29,040 | INFO  | SCMAudit | user=jenkins1000 | ip=192.168.5.138 | op=SEND_HEARTBEAT {datanodeUUID=e2275d23-8cf5-4ed9-8567-72ae0b9358c3, command=[]} | ret=SUCCESS |  
2019-08-22 10:49:29,040 | INFO  | SCMAudit | user=jenkins1000 | ip=192.168.5.138 | op=SEND_HEARTBEAT {datanodeUUID=75ee71cb-5aeb-41c0-a2b4-13934103a12a, command=[]} | ret=SUCCESS |  
2019-08-22 10:49:29,195 [Thread-336] INFO  impl.FollowerState (FollowerState.java:run(106)) - 8d5a9dd0-e49a-4ffd-93bb-2412b89d6aaf:group-088531F12B28 changes to CANDIDATE, lastRpcTime:5003, electionTimeout:5003ms
2019-08-22 10:49:29,198 [Thread-335] INFO  impl.FollowerState (FollowerState.java:run(106)) - a337bc41-c308-472a-bc1f-cb47301fd405:group-088531F12B28 changes to CANDIDATE, lastRpcTime:5018, electionTimeout:5013ms
2019-08-22 10:49:29,201 [Thread-335] INFO  impl.RoleInfo (RoleInfo.java:shutdownFollowerState(121)) - a337bc41-c308-472a-bc1f-cb47301fd405: shutdown FollowerState
2019-08-22 10:49:29,199 [Thread-336] INFO  impl.RoleInfo (RoleInfo.java:shutdownFollowerState(121)) - 8d5a9dd0-e49a-4ffd-93bb-2412b89d6aaf: shutdown FollowerState
2019-08-22 10:49:29,201 [Thread-335] INFO  impl.RaftServerImpl (RaftServerImpl.java:setRole(171)) - a337bc41-c308-472a-bc1f-cb47301fd405:group-088531F12B28 changes role from FOLLOWER to CANDIDATE at term 1 for changeToCandidate
2019-08-22 10:49:29,201 [Thread-336] INFO  impl.RaftServerImpl (RaftServerImpl.java:setRole(171)) - 8d5a9dd0-e49a-4ffd-93bb-2412b89d6aaf:group-088531F12B28 changes role from FOLLOWER to CANDIDATE at term 1 for changeToCandidate
2019-08-22 10:49:29,202 [Thread-335] INFO  impl.RoleInfo (RoleInfo.java:updateAndGet(143)) - a337bc41-c308-472a-bc1f-cb47301fd405: start LeaderElection
2019-08-22 10:49:29,202 [Thread-336] INFO  impl.RoleInfo (RoleInfo.java:updateAndGet(143)) - 8d5a9dd0-e49a-4ffd-93bb-2412b89d6aaf: start LeaderElection
2019-08-22 10:49:29,221 [a337bc41-c308-472a-bc1f-cb47301fd405:group-088531F12B28:LeaderElection13] INFO  impl.LeaderElection (LeaderElection.java:askForVotes(181)) - a337bc41-c308-472a-bc1f-cb47301fd405:group-088531F12B28:LeaderElection13: begin an election at term 2 for -1: [cd17f1f1-d71f-4616-9c3e-e30e07409987:192.168.5.138:36958, 8d5a9dd0-e49a-4ffd-93bb-2412b89d6aaf:192.168.5.138:44092, a337bc41-c308-472a-bc1f-cb47301fd405:192.168.5.138:45317], old=null
2019-08-22 10:49:29,221 [8d5a9dd0-e49a-4ffd-93bb-2412b89d6aaf:group-088531F12B28:LeaderElection14] INFO  impl.LeaderElection (LeaderElection.java:askForVotes(181)) - 8d5a9dd0-e49a-4ffd-93bb-2412b89d6aaf:group-088531F12B28:LeaderElection14: begin an election at term 2 for -1: [cd17f1f1-d71f-4616-9c3e-e30e07409987:192.168.5.138:36958, 8d5a9dd0-e49a-4ffd-93bb-2412b89d6aaf:192.168.5.138:44092, a337bc41-c308-472a-bc1f-cb47301fd405:192.168.5.138:45317], old=null
2019-08-22 10:49:29,231 [grpc-default-executor-1] INFO  impl.RaftServerImpl (RaftServerImpl.java:setRole(171)) - cd17f1f1-d71f-4616-9c3e-e30e07409987:group-088531F12B28 changes role from FOLLOWER to FOLLOWER at term 2 for recognizeCandidate:a337bc41-c308-472a-bc1f-cb47301fd405
2019-08-22 10:49:29,232 [grpc-default-executor-1] INFO  impl.RoleInfo (RoleInfo.java:shutdownFollowerState(121)) - cd17f1f1-d71f-4616-9c3e-e30e07409987: shutdown FollowerState
2019-08-22 10:49:29,232 [grpc-default-executor-1] INFO  impl.RoleInfo (RoleInfo.java:updateAndGet(143)) - cd17f1f1-d71f-4616-9c3e-e30e07409987: start FollowerState
2019-08-22 10:49:29,232 [Thread-334] INFO  impl.FollowerState (FollowerState.java:run(114)) - cd17f1f1-d71f-4616-9c3e-e30e07409987: FollowerState was interrupted: java.lang.InterruptedException: sleep interrupted
2019-08-22 10:49:29,240 [8d5a9dd0-e49a-4ffd-93bb-2412b89d6aaf:group-088531F12B28:LeaderElection14] INFO  impl.LeaderElection (LeaderElection.java:logAndReturn(56)) - 8d5a9dd0-e49a-4ffd-93bb-2412b89d6aaf:group-088531F12B28:LeaderElection14: Election REJECTED; received 2 response(s) [8d5a9dd0-e49a-4ffd-93bb-2412b89d6aaf<-cd17f1f1-d71f-4616-9c3e-e30e07409987#0:FAIL-t2, 8d5a9dd0-e49a-4ffd-93bb-2412b89d6aaf<-a337bc41-c308-472a-bc1f-cb47301fd405#0:FAIL-t2] and 0 exception(s); 8d5a9dd0-e49a-4ffd-93bb-2412b89d6aaf:t2, leader=null, voted=8d5a9dd0-e49a-4ffd-93bb-2412b89d6aaf, raftlog=8d5a9dd0-e49a-4ffd-93bb-2412b89d6aaf-SegmentedRaftLog:OPENED:c-1,f-1,i0, conf=-1: [cd17f1f1-d71f-4616-9c3e-e30e07409987:192.168.5.138:36958, 8d5a9dd0-e49a-4ffd-93bb-2412b89d6aaf:192.168.5.138:44092, a337bc41-c308-472a-bc1f-cb47301fd405:192.168.5.138:45317], old=null
2019-08-22 10:49:29,240 [a337bc41-c308-472a-bc1f-cb47301fd405:group-088531F12B28:LeaderElection13] INFO  impl.LeaderElection (LeaderElection.java:logAndReturn(56)) - a337bc41-c308-472a-bc1f-cb47301fd405:group-088531F12B28:LeaderElection13: Election PASSED; received 2 response(s) [a337bc41-c308-472a-bc1f-cb47301fd405<-cd17f1f1-d71f-4616-9c3e-e30e07409987#0:OK-t2, a337bc41-c308-472a-bc1f-cb47301fd405<-8d5a9dd0-e49a-4ffd-93bb-2412b89d6aaf#0:FAIL-t2] and 0 exception(s); a337bc41-c308-472a-bc1f-cb47301fd405:t2, leader=null, voted=a337bc41-c308-472a-bc1f-cb47301fd405, raftlog=a337bc41-c308-472a-bc1f-cb47301fd405-SegmentedRaftLog:OPENED:c-1,f-1,i0, conf=-1: [cd17f1f1-d71f-4616-9c3e-e30e07409987:192.168.5.138:36958, 8d5a9dd0-e49a-4ffd-93bb-2412b89d6aaf:192.168.5.138:44092, a337bc41-c308-472a-bc1f-cb47301fd405:192.168.5.138:45317], old=null
2019-08-22 10:49:29,240 [8d5a9dd0-e49a-4ffd-93bb-2412b89d6aaf:group-088531F12B28:LeaderElection14] INFO  impl.RaftServerImpl (RaftServerImpl.java:setRole(171)) - 8d5a9dd0-e49a-4ffd-93bb-2412b89d6aaf:group-088531F12B28 changes role from CANDIDATE to FOLLOWER at term 2 for DISCOVERED_A_NEW_TERM
2019-08-22 10:49:29,257 [8d5a9dd0-e49a-4ffd-93bb-2412b89d6aaf:group-088531F12B28:LeaderElection14] INFO  impl.RoleInfo (RoleInfo.java:shutdownLeaderElection(134)) - 8d5a9dd0-e49a-4ffd-93bb-2412b89d6aaf: shutdown LeaderElection
2019-08-22 10:49:29,255 [a337bc41-c308-472a-bc1f-cb47301fd405:group-088531F12B28:LeaderElection13] INFO  impl.RoleInfo (RoleInfo.java:shutdownLeaderElection(134)) - a337bc41-c308-472a-bc1f-cb47301fd405: shutdown LeaderElection
2019-08-22 10:49:29,257 [8d5a9dd0-e49a-4ffd-93bb-2412b89d6aaf:group-088531F12B28:LeaderElection14] INFO  impl.RoleInfo (RoleInfo.java:updateAndGet(143)) - 8d5a9dd0-e49a-4ffd-93bb-2412b89d6aaf: start FollowerState
2019-08-22 10:49:29,258 [a337bc41-c308-472a-bc1f-cb47301fd405:group-088531F12B28:LeaderElection13] INFO  impl.RaftServerImpl (RaftServerImpl.java:setRole(171)) - a337bc41-c308-472a-bc1f-cb47301fd405:group-088531F12B28 changes role from CANDIDATE to LEADER at term 2 for changeToLeader
2019-08-22 10:49:29,258 [a337bc41-c308-472a-bc1f-cb47301fd405:group-088531F12B28:LeaderElection13] INFO  impl.RaftServerImpl (ServerState.java:setLeader(263)) - a337bc41-c308-472a-bc1f-cb47301fd405:group-088531F12B28 change Leader from null to a337bc41-c308-472a-bc1f-cb47301fd405 at term 2 for becomeLeader, leader elected after 10245ms
2019-08-22 10:49:29,260 [a337bc41-c308-472a-bc1f-cb47301fd405:group-088531F12B28:LeaderElection13] INFO  server.RaftServerConfigKeys (ConfUtils.java:logGet(43)) - raft.server.staging.catchup.gap = 1000 (default)
2019-08-22 10:49:29,260 [a337bc41-c308-472a-bc1f-cb47301fd405:group-088531F12B28:LeaderElection13] INFO  server.RaftServerConfigKeys (ConfUtils.java:logGet(43)) - raft.server.rpc.sleep.time = 25ms (default)
2019-08-22 10:49:29,260 [a337bc41-c308-472a-bc1f-cb47301fd405:group-088531F12B28:LeaderElection13] INFO  server.RaftServerConfigKeys (ConfUtils.java:logGet(43)) - raft.server.write.element-limit = 4096 (default)
2019-08-22 10:49:29,260 [a337bc41-c308-472a-bc1f-cb47301fd405:group-088531F12B28:LeaderElection13] INFO  server.RaftServerConfigKeys (ConfUtils.java:logGet(43)) - raft.server.watch.timeout = 10s (default)
2019-08-22 10:49:29,261 [a337bc41-c308-472a-bc1f-cb47301fd405:group-088531F12B28:LeaderElection13] INFO  server.RaftServerConfigKeys (ConfUtils.java:logGet(43)) - raft.server.watch.timeout.denomination = 1s (default)
2019-08-22 10:49:29,261 [a337bc41-c308-472a-bc1f-cb47301fd405:group-088531F12B28:LeaderElection13] INFO  server.RaftServerConfigKeys (ConfUtils.java:logGet(43)) - raft.server.watch.element-limit = 65536 (default)
2019-08-22 10:49:29,261 [a337bc41-c308-472a-bc1f-cb47301fd405:group-088531F12B28:LeaderElection13] INFO  server.RaftServerConfigKeys (ConfUtils.java:logGet(43)) - raft.server.log.appender.snapshot.chunk.size.max = 16MB (=16777216) (default)
2019-08-22 10:49:29,262 [a337bc41-c308-472a-bc1f-cb47301fd405:group-088531F12B28:LeaderElection13] INFO  server.RaftServerConfigKeys (ConfUtils.java:logGet(43)) - raft.server.log.appender.buffer.byte-limit = 33554432 (custom)
2019-08-22 10:49:29,262 [a337bc41-c308-472a-bc1f-cb47301fd405:group-088531F12B28:LeaderElection13] INFO  server.RaftServerConfigKeys (ConfUtils.java:logGet(43)) - raft.server.log.appender.buffer.element-limit = 1 (custom)
2019-08-22 10:49:29,262 [a337bc41-c308-472a-bc1f-cb47301fd405:group-088531F12B28:LeaderElection13] INFO  grpc.GrpcConfigKeys$Server (ConfUtils.java:logGet(43)) - raft.grpc.server.leader.outstanding.appends.max = 128 (default)
2019-08-22 10:49:29,262 [a337bc41-c308-472a-bc1f-cb47301fd405:group-088531F12B28:LeaderElection13] INFO  server.RaftServerConfigKeys (ConfUtils.java:logGet(43)) - raft.server.rpc.request.timeout = 3000ms (default)
2019-08-22 10:49:29,263 [a337bc41-c308-472a-bc1f-cb47301fd405:group-088531F12B28:LeaderElection13] INFO  server.RaftServerConfigKeys (ConfUtils.java:logGet(43)) - raft.server.log.appender.install.snapshot.enabled = false (custom)
2019-08-22 10:49:29,263 [a337bc41-c308-472a-bc1f-cb47301fd405:group-088531F12B28:LeaderElection13] INFO  server.RaftServerConfigKeys (ConfUtils.java:logGet(43)) - raft.server.log.appender.snapshot.chunk.size.max = 16MB (=16777216) (default)
2019-08-22 10:49:29,263 [a337bc41-c308-472a-bc1f-cb47301fd405:group-088531F12B28:LeaderElection13] INFO  server.RaftServerConfigKeys (ConfUtils.java:logGet(43)) - raft.server.log.appender.buffer.byte-limit = 33554432 (custom)
2019-08-22 10:49:29,263 [a337bc41-c308-472a-bc1f-cb47301fd405:group-088531F12B28:LeaderElection13] INFO  server.RaftServerConfigKeys (ConfUtils.java:logGet(43)) - raft.server.log.appender.buffer.element-limit = 1 (custom)
2019-08-22 10:49:29,263 [a337bc41-c308-472a-bc1f-cb47301fd405:group-088531F12B28:LeaderElection13] INFO  grpc.GrpcConfigKeys$Server (ConfUtils.java:logGet(43)) - raft.grpc.server.leader.outstanding.appends.max = 128 (default)
2019-08-22 10:49:29,264 [a337bc41-c308-472a-bc1f-cb47301fd405:group-088531F12B28:LeaderElection13] INFO  server.RaftServerConfigKeys (ConfUtils.java:logGet(43)) - raft.server.rpc.request.timeout = 3000ms (default)
2019-08-22 10:49:29,264 [a337bc41-c308-472a-bc1f-cb47301fd405:group-088531F12B28:LeaderElection13] INFO  server.RaftServerConfigKeys (ConfUtils.java:logGet(43)) - raft.server.log.appender.install.snapshot.enabled = false (custom)
2019-08-22 10:49:29,264 [a337bc41-c308-472a-bc1f-cb47301fd405:group-088531F12B28:LeaderElection13] INFO  impl.RoleInfo (RoleInfo.java:updateAndGet(143)) - a337bc41-c308-472a-bc1f-cb47301fd405: start LeaderState
2019-08-22 10:49:29,264 [a337bc41-c308-472a-bc1f-cb47301fd405:group-088531F12B28:LeaderElection13] INFO  segmented.SegmentedRaftLogWorker (SegmentedRaftLogWorker.java:startLogSegment(380)) - a337bc41-c308-472a-bc1f-cb47301fd405-SegmentedRaftLogWorker:Storage Directory /workdir/hadoop-ozone/integration-test/target/test-dir/MiniOzoneClusterImpl-82d71b15-85fd-4e01-ac28-65aa7dac4a4f/datanode-2/data/ratis/03e7a9c8-c2c5-4a14-b809-088531f12b28: Starting segment from index:0
2019-08-22 10:49:29,265 [a337bc41-c308-472a-bc1f-cb47301fd405:group-088531F12B28:LeaderElection13] INFO  impl.RaftServerImpl (ServerState.java:setRaftConf(361)) - a337bc41-c308-472a-bc1f-cb47301fd405:group-088531F12B28 set configuration 0: [cd17f1f1-d71f-4616-9c3e-e30e07409987:192.168.5.138:36958, 8d5a9dd0-e49a-4ffd-93bb-2412b89d6aaf:192.168.5.138:44092, a337bc41-c308-472a-bc1f-cb47301fd405:192.168.5.138:45317], old=null at 0
2019-08-22 10:49:29,266 | INFO  | SCMAudit | user=jenkins1000 | ip=192.168.5.138 | op=SEND_HEARTBEAT {datanodeUUID=8d5a9dd0-e49a-4ffd-93bb-2412b89d6aaf, command=[]} | ret=SUCCESS |  
2019-08-22 10:49:29,308 [grpc-default-executor-2] INFO  impl.RaftServerImpl (ServerState.java:setLeader(263)) - 8d5a9dd0-e49a-4ffd-93bb-2412b89d6aaf:group-088531F12B28 change Leader from null to a337bc41-c308-472a-bc1f-cb47301fd405 at term 2 for appendEntries, leader elected after 10295ms
2019-08-22 10:49:29,308 [grpc-default-executor-1] INFO  impl.RaftServerImpl (ServerState.java:setLeader(263)) - cd17f1f1-d71f-4616-9c3e-e30e07409987:group-088531F12B28 change Leader from null to a337bc41-c308-472a-bc1f-cb47301fd405 at term 2 for appendEntries, leader elected after 10295ms
2019-08-22 10:49:29,312 [grpc-default-executor-2] INFO  impl.RaftServerImpl (ServerState.java:setRaftConf(361)) - 8d5a9dd0-e49a-4ffd-93bb-2412b89d6aaf:group-088531F12B28 set configuration 0: [cd17f1f1-d71f-4616-9c3e-e30e07409987:192.168.5.138:36958, 8d5a9dd0-e49a-4ffd-93bb-2412b89d6aaf:192.168.5.138:44092, a337bc41-c308-472a-bc1f-cb47301fd405:192.168.5.138:45317], old=null at 0
2019-08-22 10:49:29,312 [grpc-default-executor-1] INFO  impl.RaftServerImpl (ServerState.java:setRaftConf(361)) - cd17f1f1-d71f-4616-9c3e-e30e07409987:group-088531F12B28 set configuration 0: [cd17f1f1-d71f-4616-9c3e-e30e07409987:192.168.5.138:36958, 8d5a9dd0-e49a-4ffd-93bb-2412b89d6aaf:192.168.5.138:44092, a337bc41-c308-472a-bc1f-cb47301fd405:192.168.5.138:45317], old=null at 0
2019-08-22 10:49:29,313 [grpc-default-executor-2] INFO  segmented.SegmentedRaftLogWorker (SegmentedRaftLogWorker.java:startLogSegment(380)) - 8d5a9dd0-e49a-4ffd-93bb-2412b89d6aaf-SegmentedRaftLogWorker:Storage Directory /workdir/hadoop-ozone/integration-test/target/test-dir/MiniOzoneClusterImpl-82d71b15-85fd-4e01-ac28-65aa7dac4a4f/datanode-5/data/ratis/03e7a9c8-c2c5-4a14-b809-088531f12b28: Starting segment from index:0
2019-08-22 10:49:29,313 [grpc-default-executor-1] INFO  segmented.SegmentedRaftLogWorker (SegmentedRaftLogWorker.java:startLogSegment(380)) - cd17f1f1-d71f-4616-9c3e-e30e07409987-SegmentedRaftLogWorker:Storage Directory /workdir/hadoop-ozone/integration-test/target/test-dir/MiniOzoneClusterImpl-82d71b15-85fd-4e01-ac28-65aa7dac4a4f/datanode-6/data/ratis/03e7a9c8-c2c5-4a14-b809-088531f12b28: Starting segment from index:0
2019-08-22 10:49:29,316 [a337bc41-c308-472a-bc1f-cb47301fd405-SegmentedRaftLogWorker:Storage Directory /workdir/hadoop-ozone/integration-test/target/test-dir/MiniOzoneClusterImpl-82d71b15-85fd-4e01-ac28-65aa7dac4a4f/datanode-2/data/ratis/03e7a9c8-c2c5-4a14-b809-088531f12b28] INFO  segmented.SegmentedRaftLogWorker (SegmentedRaftLogWorker.java:execute(569)) - a337bc41-c308-472a-bc1f-cb47301fd405-SegmentedRaftLogWorker:Storage Directory /workdir/hadoop-ozone/integration-test/target/test-dir/MiniOzoneClusterImpl-82d71b15-85fd-4e01-ac28-65aa7dac4a4f/datanode-2/data/ratis/03e7a9c8-c2c5-4a14-b809-088531f12b28: created new log segment /workdir/hadoop-ozone/integration-test/target/test-dir/MiniOzoneClusterImpl-82d71b15-85fd-4e01-ac28-65aa7dac4a4f/datanode-2/data/ratis/03e7a9c8-c2c5-4a14-b809-088531f12b28/current/log_inprogress_0
2019-08-22 10:49:29,356 [cd17f1f1-d71f-4616-9c3e-e30e07409987-SegmentedRaftLogWorker:Storage Directory /workdir/hadoop-ozone/integration-test/target/test-dir/MiniOzoneClusterImpl-82d71b15-85fd-4e01-ac28-65aa7dac4a4f/datanode-6/data/ratis/03e7a9c8-c2c5-4a14-b809-088531f12b28] INFO  segmented.SegmentedRaftLogWorker (SegmentedRaftLogWorker.java:execute(569)) - cd17f1f1-d71f-4616-9c3e-e30e07409987-SegmentedRaftLogWorker:Storage Directory /workdir/hadoop-ozone/integration-test/target/test-dir/MiniOzoneClusterImpl-82d71b15-85fd-4e01-ac28-65aa7dac4a4f/datanode-6/data/ratis/03e7a9c8-c2c5-4a14-b809-088531f12b28: created new log segment /workdir/hadoop-ozone/integration-test/target/test-dir/MiniOzoneClusterImpl-82d71b15-85fd-4e01-ac28-65aa7dac4a4f/datanode-6/data/ratis/03e7a9c8-c2c5-4a14-b809-088531f12b28/current/log_inprogress_0
2019-08-22 10:49:29,356 [8d5a9dd0-e49a-4ffd-93bb-2412b89d6aaf-SegmentedRaftLogWorker:Storage Directory /workdir/hadoop-ozone/integration-test/target/test-dir/MiniOzoneClusterImpl-82d71b15-85fd-4e01-ac28-65aa7dac4a4f/datanode-5/data/ratis/03e7a9c8-c2c5-4a14-b809-088531f12b28] INFO  segmented.SegmentedRaftLogWorker (SegmentedRaftLogWorker.java:execute(569)) - 8d5a9dd0-e49a-4ffd-93bb-2412b89d6aaf-SegmentedRaftLogWorker:Storage Directory /workdir/hadoop-ozone/integration-test/target/test-dir/MiniOzoneClusterImpl-82d71b15-85fd-4e01-ac28-65aa7dac4a4f/datanode-5/data/ratis/03e7a9c8-c2c5-4a14-b809-088531f12b28: created new log segment /workdir/hadoop-ozone/integration-test/target/test-dir/MiniOzoneClusterImpl-82d71b15-85fd-4e01-ac28-65aa7dac4a4f/datanode-5/data/ratis/03e7a9c8-c2c5-4a14-b809-088531f12b28/current/log_inprogress_0
2019-08-22 10:49:29,473 [grpc-default-executor-2] INFO  client.GrpcClientProtocolClient (GrpcClientProtocolClient.java:onNext(255)) - client-3E85F25D2B51->cd17f1f1-d71f-4616-9c3e-e30e07409987: receive RaftClientReply:client-3E85F25D2B51->cd17f1f1-d71f-4616-9c3e-e30e07409987@group-088531F12B28, cid=17, FAILED org.apache.ratis.protocol.NotLeaderException: Server cd17f1f1-d71f-4616-9c3e-e30e07409987 is not the leader (a337bc41-c308-472a-bc1f-cb47301fd405:192.168.5.138:45317). Request must be sent to leader., logIndex=0, commits[cd17f1f1-d71f-4616-9c3e-e30e07409987:c-1, 8d5a9dd0-e49a-4ffd-93bb-2412b89d6aaf:c-1, a337bc41-c308-472a-bc1f-cb47301fd405:c-1]
2019-08-22 10:49:29,494 | INFO  | SCMAudit | user=jenkins1000 | ip=192.168.5.138 | op=SEND_HEARTBEAT {datanodeUUID=cd17f1f1-d71f-4616-9c3e-e30e07409987, command=[]} | ret=SUCCESS |  
2019-08-22 10:49:29,627 | INFO  | SCMAudit | user=jenkins1000 | ip=192.168.5.138 | op=SEND_HEARTBEAT {datanodeUUID=cd17f1f1-d71f-4616-9c3e-e30e07409987, command=[]} | ret=SUCCESS |  
2019-08-22 10:49:29,627 | INFO  | SCMAudit | user=jenkins1000 | ip=192.168.5.138 | op=SEND_HEARTBEAT {datanodeUUID=8d5a9dd0-e49a-4ffd-93bb-2412b89d6aaf, command=[]} | ret=SUCCESS |  
2019-08-22 10:49:29,627 | INFO  | SCMAudit | user=jenkins1000 | ip=192.168.5.138 | op=SEND_HEARTBEAT {datanodeUUID=a337bc41-c308-472a-bc1f-cb47301fd405, command=[]} | ret=SUCCESS |  
2019-08-22 10:49:29,633 | INFO  | DNAudit | user=null | ip=null | op=WRITE_CHUNK {blockData=conID: 2 locID: 1566470965327 bcsId: 0} | ret=SUCCESS |  
2019-08-22 10:49:29,633 | INFO  | DNAudit | user=null | ip=null | op=WRITE_CHUNK {blockData=conID: 2 locID: 1566470965327 bcsId: 0} | ret=SUCCESS |  
2019-08-22 10:49:29,633 | INFO  | DNAudit | user=null | ip=null | op=WRITE_CHUNK {blockData=conID: 2 locID: 1566470965327 bcsId: 0} | ret=SUCCESS |  
2019-08-22 10:49:29,650 | INFO  | DNAudit | user=null | ip=null | op=WRITE_CHUNK {blockData=conID: 2 locID: 1566470965327 bcsId: 0} | ret=SUCCESS |  
2019-08-22 10:49:29,658 [grpc-default-executor-1] INFO  client.GrpcClientProtocolClient (GrpcClientProtocolClient.java:onNext(255)) - client-3E85F25D2B51->a337bc41-c308-472a-bc1f-cb47301fd405: receive RaftClientReply:client-3E85F25D2B51->a337bc41-c308-472a-bc1f-cb47301fd405@group-088531F12B28, cid=17, SUCCESS, logIndex=1, commits[a337bc41-c308-472a-bc1f-cb47301fd405:c1, cd17f1f1-d71f-4616-9c3e-e30e07409987:c0, 8d5a9dd0-e49a-4ffd-93bb-2412b89d6aaf:c0]
2019-08-22 10:49:29,658 | INFO  | DNAudit | user=null | ip=null | op=WRITE_CHUNK {blockData=conID: 2 locID: 1566470965327 bcsId: 0} | ret=SUCCESS |  
2019-08-22 10:49:29,658 | INFO  | DNAudit | user=null | ip=null | op=WRITE_CHUNK {blockData=conID: 2 locID: 1566470965327 bcsId: 0} | ret=SUCCESS |  
2019-08-22 10:49:29,671 [pool-48-thread-4] WARN  impl.ChunkManagerImpl (ChunkUtils.java:validateChunkForOverwrite(218)) - Duplicate write chunk request. Chunk overwrite without explicit request. ChunkInfo{chunkName='1566470965327.data.0, offset=0, len=1048576}
2019-08-22 10:49:29,671 [pool-48-thread-4] WARN  impl.ChunkManagerImpl (ChunkManagerImpl.java:writeChunk(111)) - ChunkFile already exists/workdir/hadoop-ozone/integration-test/target/test-dir/MiniOzoneClusterImpl-82d71b15-85fd-4e01-ac28-65aa7dac4a4f/datanode-2/data/containers/hdds/8e4ae5b3-15ef-418a-88d7-7a8f727a273b/current/containerDir0/2/chunks/1566470965327.data.0.Deleting it.
2019-08-22 10:49:29,674 | INFO  | DNAudit | user=null | ip=null | op=WRITE_CHUNK {blockData=conID: 2 locID: 1566470965327 bcsId: 0} | ret=SUCCESS |  
2019-08-22 10:49:29,679 [pool-81-thread-2] WARN  impl.ChunkManagerImpl (ChunkUtils.java:validateChunkForOverwrite(218)) - Duplicate write chunk request. Chunk overwrite without explicit request. ChunkInfo{chunkName='1566470965327.data.0, offset=0, len=1048576}
2019-08-22 10:49:29,680 [pool-81-thread-2] WARN  impl.ChunkManagerImpl (ChunkManagerImpl.java:writeChunk(111)) - ChunkFile already exists/workdir/hadoop-ozone/integration-test/target/test-dir/MiniOzoneClusterImpl-82d71b15-85fd-4e01-ac28-65aa7dac4a4f/datanode-5/data/containers/hdds/8e4ae5b3-15ef-418a-88d7-7a8f727a273b/current/containerDir0/2/chunks/1566470965327.data.0.Deleting it.
2019-08-22 10:49:29,683 | INFO  | DNAudit | user=null | ip=null | op=WRITE_CHUNK {blockData=conID: 2 locID: 1566470965327 bcsId: 0} | ret=SUCCESS |  
2019-08-22 10:49:29,684 [pool-92-thread-2] WARN  impl.ChunkManagerImpl (ChunkUtils.java:validateChunkForOverwrite(218)) - Duplicate write chunk request. Chunk overwrite without explicit request. ChunkInfo{chunkName='1566470965327.data.0, offset=0, len=1048576}
2019-08-22 10:49:29,684 [pool-92-thread-2] WARN  impl.ChunkManagerImpl (ChunkManagerImpl.java:writeChunk(111)) - ChunkFile already exists/workdir/hadoop-ozone/integration-test/target/test-dir/MiniOzoneClusterImpl-82d71b15-85fd-4e01-ac28-65aa7dac4a4f/datanode-6/data/containers/hdds/8e4ae5b3-15ef-418a-88d7-7a8f727a273b/current/containerDir0/2/chunks/1566470965327.data.0.Deleting it.
2019-08-22 10:49:29,686 | INFO  | DNAudit | user=null | ip=null | op=WRITE_CHUNK {blockData=conID: 2 locID: 1566470965327 bcsId: 0} | ret=SUCCESS |  
2019-08-22 10:49:29,754 | INFO  | DNAudit | user=null | ip=null | op=PUT_BLOCK {blockData=[blockId=conID: 2 locID: 1566470965327 bcsId: 0,size=1048576]} | ret=SUCCESS |  
2019-08-22 10:49:29,763 [grpc-default-executor-3] INFO  client.GrpcClientProtocolClient (GrpcClientProtocolClient.java:onNext(255)) - client-3E85F25D2B51->a337bc41-c308-472a-bc1f-cb47301fd405: receive RaftClientReply:client-3E85F25D2B51->a337bc41-c308-472a-bc1f-cb47301fd405@group-088531F12B28, cid=18, SUCCESS, logIndex=3, commits[a337bc41-c308-472a-bc1f-cb47301fd405:c8, cd17f1f1-d71f-4616-9c3e-e30e07409987:c6, 8d5a9dd0-e49a-4ffd-93bb-2412b89d6aaf:c6]
2019-08-22 10:49:29,770 | INFO  | DNAudit | user=null | ip=null | op=WRITE_CHUNK {blockData=conID: 2 locID: 1566470965327 bcsId: 0} | ret=SUCCESS |  
2019-08-22 10:49:29,772 [grpc-default-executor-3] INFO  client.GrpcClientProtocolClient (GrpcClientProtocolClient.java:onNext(255)) - client-3E85F25D2B51->a337bc41-c308-472a-bc1f-cb47301fd405: receive RaftClientReply:client-3E85F25D2B51->a337bc41-c308-472a-bc1f-cb47301fd405@group-088531F12B28, cid=19, SUCCESS, logIndex=4, commits[a337bc41-c308-472a-bc1f-cb47301fd405:c8, cd17f1f1-d71f-4616-9c3e-e30e07409987:c6, 8d5a9dd0-e49a-4ffd-93bb-2412b89d6aaf:c6]
2019-08-22 10:49:29,813 | INFO  | DNAudit | user=null | ip=null | op=PUT_BLOCK {blockData=[blockId=conID: 2 locID: 1566470965327 bcsId: 0,size=1048576]} | ret=SUCCESS |  
2019-08-22 10:49:29,814 | INFO  | DNAudit | user=null | ip=null | op=WRITE_CHUNK {blockData=conID: 2 locID: 1566470965327 bcsId: 0} | ret=SUCCESS |  
2019-08-22 10:49:29,843 | INFO  | SCMAudit | user=jenkins1000 | ip=192.168.5.138 | op=SEND_HEARTBEAT {datanodeUUID=d8f591ee-89a3-41ba-86ff-b3b575fbb3c9, command=[]} | ret=SUCCESS |  
2019-08-22 10:49:29,888 | INFO  | DNAudit | user=null | ip=null | op=PUT_BLOCK {blockData=[blockId=conID: 2 locID: 1566470965327 bcsId: 0,size=1048576]} | ret=SUCCESS |  
2019-08-22 10:49:29,889 | INFO  | DNAudit | user=null | ip=null | op=PUT_BLOCK {blockData=[blockId=conID: 2 locID: 1566470965327 bcsId: 0,size=1048576]} | ret=SUCCESS |  
2019-08-22 10:49:29,889 | INFO  | DNAudit | user=null | ip=null | op=PUT_BLOCK {blockData=[blockId=conID: 2 locID: 1566470965327 bcsId: 0,size=1048576]} | ret=SUCCESS |  
2019-08-22 10:49:29,890 | INFO  | DNAudit | user=null | ip=null | op=WRITE_CHUNK {blockData=conID: 2 locID: 1566470965327 bcsId: 0} | ret=SUCCESS |  
2019-08-22 10:49:29,891 | INFO  | DNAudit | user=null | ip=null | op=PUT_BLOCK {blockData=[blockId=conID: 2 locID: 1566470965327 bcsId: 0,size=1048576]} | ret=SUCCESS |  
2019-08-22 10:49:29,891 [grpc-default-executor-3] INFO  client.GrpcClientProtocolClient (GrpcClientProtocolClient.java:onNext(255)) - client-3E85F25D2B51->a337bc41-c308-472a-bc1f-cb47301fd405: receive RaftClientReply:client-3E85F25D2B51->a337bc41-c308-472a-bc1f-cb47301fd405@group-088531F12B28, cid=20, SUCCESS, logIndex=5, commits[a337bc41-c308-472a-bc1f-cb47301fd405:c8, cd17f1f1-d71f-4616-9c3e-e30e07409987:c6, 8d5a9dd0-e49a-4ffd-93bb-2412b89d6aaf:c6]
2019-08-22 10:49:29,893 [main] INFO  datanode.ObjectStoreHandler (ObjectStoreHandler.java:close(155)) - Closing ObjectStoreHandler.
2019-08-22 10:49:29,894 [main] INFO  ozone.HddsDatanodeService (HddsDatanodeService.java:stop(451)) - Stopped plug-in org.apache.hadoop.ozone.web.OzoneHddsDatanodeService@30abf79c
2019-08-22 10:49:29,917 | INFO  | SCMAudit | user=jenkins1000 | ip=192.168.5.138 | op=SEND_HEARTBEAT {datanodeUUID=71551c83-4848-4c9b-a1ec-ec77ffd08ca8, command=[]} | ret=SUCCESS |  
2019-08-22 10:49:30,041 | INFO  | SCMAudit | user=jenkins1000 | ip=192.168.5.138 | op=SEND_HEARTBEAT {datanodeUUID=75ee71cb-5aeb-41c0-a2b4-13934103a12a, command=[]} | ret=SUCCESS |  
2019-08-22 10:49:30,041 | INFO  | SCMAudit | user=jenkins1000 | ip=192.168.5.138 | op=SEND_HEARTBEAT {datanodeUUID=e2275d23-8cf5-4ed9-8567-72ae0b9358c3, command=[]} | ret=SUCCESS |  
2019-08-22 10:49:30,626 [Datanode State Machine Thread - 0] INFO  statemachine.DatanodeStateMachine (DatanodeStateMachine.java:lambda$startDaemon$0(350)) - Ozone container server started.
2019-08-22 10:49:30,628 | INFO  | SCMAudit | user=jenkins1000 | ip=192.168.5.138 | op=SEND_HEARTBEAT {datanodeUUID=cd17f1f1-d71f-4616-9c3e-e30e07409987, command=[]} | ret=SUCCESS |  
2019-08-22 10:49:30,628 | INFO  | SCMAudit | user=jenkins1000 | ip=192.168.5.138 | op=SEND_HEARTBEAT {datanodeUUID=8d5a9dd0-e49a-4ffd-93bb-2412b89d6aaf, command=[]} | ret=SUCCESS |  
2019-08-22 10:49:30,843 | INFO  | SCMAudit | user=jenkins1000 | ip=192.168.5.138 | op=SEND_HEARTBEAT {datanodeUUID=d8f591ee-89a3-41ba-86ff-b3b575fbb3c9, command=[]} | ret=SUCCESS |  
2019-08-22 10:49:30,917 | INFO  | SCMAudit | user=jenkins1000 | ip=192.168.5.138 | op=SEND_HEARTBEAT {datanodeUUID=71551c83-4848-4c9b-a1ec-ec77ffd08ca8, command=[]} | ret=SUCCESS |  
2019-08-22 10:49:31,041 | INFO  | SCMAudit | user=jenkins1000 | ip=192.168.5.138 | op=SEND_HEARTBEAT {datanodeUUID=75ee71cb-5aeb-41c0-a2b4-13934103a12a, command=[]} | ret=SUCCESS |  
2019-08-22 10:49:31,041 | INFO  | SCMAudit | user=jenkins1000 | ip=192.168.5.138 | op=SEND_HEARTBEAT {datanodeUUID=e2275d23-8cf5-4ed9-8567-72ae0b9358c3, command=[]} | ret=SUCCESS |  
2019-08-22 10:49:31,628 | INFO  | SCMAudit | user=jenkins1000 | ip=192.168.5.138 | op=SEND_HEARTBEAT {datanodeUUID=8d5a9dd0-e49a-4ffd-93bb-2412b89d6aaf, command=[]} | ret=SUCCESS |  
2019-08-22 10:49:31,628 | INFO  | SCMAudit | user=jenkins1000 | ip=192.168.5.138 | op=SEND_HEARTBEAT {datanodeUUID=cd17f1f1-d71f-4616-9c3e-e30e07409987, command=[]} | ret=SUCCESS |  
2019-08-22 10:49:31,843 | INFO  | SCMAudit | user=jenkins1000 | ip=192.168.5.138 | op=SEND_HEARTBEAT {datanodeUUID=d8f591ee-89a3-41ba-86ff-b3b575fbb3c9, command=[]} | ret=SUCCESS |  
2019-08-22 10:49:31,917 | INFO  | SCMAudit | user=jenkins1000 | ip=192.168.5.138 | op=SEND_HEARTBEAT {datanodeUUID=71551c83-4848-4c9b-a1ec-ec77ffd08ca8, command=[]} | ret=SUCCESS |  
2019-08-22 10:49:32,041 | INFO  | SCMAudit | user=jenkins1000 | ip=192.168.5.138 | op=SEND_HEARTBEAT {datanodeUUID=e2275d23-8cf5-4ed9-8567-72ae0b9358c3, command=[]} | ret=SUCCESS |  
2019-08-22 10:49:32,041 | INFO  | SCMAudit | user=jenkins1000 | ip=192.168.5.138 | op=SEND_HEARTBEAT {datanodeUUID=75ee71cb-5aeb-41c0-a2b4-13934103a12a, command=[]} | ret=SUCCESS |  
2019-08-22 10:49:32,627 | INFO  | SCMAudit | user=jenkins1000 | ip=192.168.5.138 | op=SEND_HEARTBEAT {datanodeUUID=cd17f1f1-d71f-4616-9c3e-e30e07409987, command=[]} | ret=SUCCESS |  
2019-08-22 10:49:32,627 | INFO  | SCMAudit | user=jenkins1000 | ip=192.168.5.138 | op=SEND_HEARTBEAT {datanodeUUID=8d5a9dd0-e49a-4ffd-93bb-2412b89d6aaf, command=[]} | ret=SUCCESS |  
2019-08-22 10:49:32,725 [EventQueue-StaleNodeForStaleNodeHandler] INFO  node.StaleNodeHandler (StaleNodeHandler.java:onMessage(58)) - Datanode a337bc41-c308-472a-bc1f-cb47301fd405{ip: 192.168.5.138, host: pr-hdds-2002-bj4ln-978055417, networkLocation: /default-rack, certSerialId: null} moved to stale state. Finalizing its pipelines [PipelineID=bb3a09c8-9326-446a-9697-b82dae6eeb78, PipelineID=03e7a9c8-c2c5-4a14-b809-088531f12b28]
2019-08-22 10:49:32,725 [EventQueue-StaleNodeForStaleNodeHandler] INFO  pipeline.SCMPipelineManager (SCMPipelineManager.java:finalizeAndDestroyPipeline(309)) - destroying pipeline:Pipeline[ Id: bb3a09c8-9326-446a-9697-b82dae6eeb78, Nodes: a337bc41-c308-472a-bc1f-cb47301fd405{ip: 192.168.5.138, host: pr-hdds-2002-bj4ln-978055417, networkLocation: /default-rack, certSerialId: null}, Type:RATIS, Factor:ONE, State:OPEN]
2019-08-22 10:49:32,727 [EventQueue-StaleNodeForStaleNodeHandler] INFO  pipeline.PipelineStateManager (PipelineStateManager.java:finalizePipeline(123)) - Pipeline Pipeline[ Id: bb3a09c8-9326-446a-9697-b82dae6eeb78, Nodes: a337bc41-c308-472a-bc1f-cb47301fd405{ip: 192.168.5.138, host: pr-hdds-2002-bj4ln-978055417, networkLocation: /default-rack, certSerialId: null}, Type:RATIS, Factor:ONE, State:CLOSED] moved to CLOSED state
2019-08-22 10:49:32,729 [EventQueue-StaleNodeForStaleNodeHandler] INFO  pipeline.SCMPipelineManager (SCMPipelineManager.java:finalizeAndDestroyPipeline(309)) - destroying pipeline:Pipeline[ Id: 03e7a9c8-c2c5-4a14-b809-088531f12b28, Nodes: a337bc41-c308-472a-bc1f-cb47301fd405{ip: 192.168.5.138, host: pr-hdds-2002-bj4ln-978055417, networkLocation: /default-rack, certSerialId: null}8d5a9dd0-e49a-4ffd-93bb-2412b89d6aaf{ip: 192.168.5.138, host: pr-hdds-2002-bj4ln-978055417, networkLocation: /default-rack, certSerialId: null}cd17f1f1-d71f-4616-9c3e-e30e07409987{ip: 192.168.5.138, host: pr-hdds-2002-bj4ln-978055417, networkLocation: /default-rack, certSerialId: null}, Type:RATIS, Factor:THREE, State:OPEN]
2019-08-22 10:49:32,729 [EventQueue-StaleNodeForStaleNodeHandler] INFO  pipeline.PipelineStateManager (PipelineStateManager.java:finalizePipeline(123)) - Pipeline Pipeline[ Id: 03e7a9c8-c2c5-4a14-b809-088531f12b28, Nodes: a337bc41-c308-472a-bc1f-cb47301fd405{ip: 192.168.5.138, host: pr-hdds-2002-bj4ln-978055417, networkLocation: /default-rack, certSerialId: null}8d5a9dd0-e49a-4ffd-93bb-2412b89d6aaf{ip: 192.168.5.138, host: pr-hdds-2002-bj4ln-978055417, networkLocation: /default-rack, certSerialId: null}cd17f1f1-d71f-4616-9c3e-e30e07409987{ip: 192.168.5.138, host: pr-hdds-2002-bj4ln-978055417, networkLocation: /default-rack, certSerialId: null}, Type:RATIS, Factor:THREE, State:CLOSED] moved to CLOSED state
2019-08-22 10:49:32,730 [EventQueue-CloseContainerForCloseContainerEventHandler] INFO  container.CloseContainerEventHandler (CloseContainerEventHandler.java:onMessage(61)) - Close container Event triggered for container : #2
2019-08-22 10:49:32,844 | INFO  | SCMAudit | user=jenkins1000 | ip=192.168.5.138 | op=SEND_HEARTBEAT {datanodeUUID=d8f591ee-89a3-41ba-86ff-b3b575fbb3c9, command=[]} | ret=SUCCESS |  
2019-08-22 10:49:32,917 | INFO  | SCMAudit | user=jenkins1000 | ip=192.168.5.138 | op=SEND_HEARTBEAT {datanodeUUID=71551c83-4848-4c9b-a1ec-ec77ffd08ca8, command=[]} | ret=SUCCESS |  
2019-08-22 10:49:33,042 | INFO  | SCMAudit | user=jenkins1000 | ip=192.168.5.138 | op=SEND_HEARTBEAT {datanodeUUID=75ee71cb-5aeb-41c0-a2b4-13934103a12a, command=[]} | ret=SUCCESS |  
2019-08-22 10:49:33,042 | INFO  | SCMAudit | user=jenkins1000 | ip=192.168.5.138 | op=SEND_HEARTBEAT {datanodeUUID=e2275d23-8cf5-4ed9-8567-72ae0b9358c3, command=[]} | ret=SUCCESS |  
2019-08-22 10:49:33,662 | INFO  | SCMAudit | user=jenkins1000 | ip=192.168.5.138 | op=SEND_HEARTBEAT {datanodeUUID=cd17f1f1-d71f-4616-9c3e-e30e07409987, command=[commandType: closeContainerCommand closeContainerCommandProto { containerID: 2 pipelineID { id: "03e7a9c8-c2c5-4a14-b809-088531f12b28" } cmdId: 2 force: false } ]} | ret=SUCCESS |  
2019-08-22 10:49:33,662 | INFO  | SCMAudit | user=jenkins1000 | ip=192.168.5.138 | op=SEND_HEARTBEAT {datanodeUUID=8d5a9dd0-e49a-4ffd-93bb-2412b89d6aaf, command=[commandType: closeContainerCommand closeContainerCommandProto { containerID: 2 pipelineID { id: "03e7a9c8-c2c5-4a14-b809-088531f12b28" } cmdId: 2 force: false } ]} | ret=SUCCESS |  
2019-08-22 10:49:33,843 | INFO  | SCMAudit | user=jenkins1000 | ip=192.168.5.138 | op=SEND_HEARTBEAT {datanodeUUID=d8f591ee-89a3-41ba-86ff-b3b575fbb3c9, command=[]} | ret=SUCCESS |  
2019-08-22 10:49:33,917 | INFO  | SCMAudit | user=jenkins1000 | ip=192.168.5.138 | op=SEND_HEARTBEAT {datanodeUUID=71551c83-4848-4c9b-a1ec-ec77ffd08ca8, command=[]} | ret=SUCCESS |  
2019-08-22 10:49:34,042 | INFO  | SCMAudit | user=jenkins1000 | ip=192.168.5.138 | op=SEND_HEARTBEAT {datanodeUUID=e2275d23-8cf5-4ed9-8567-72ae0b9358c3, command=[]} | ret=SUCCESS |  
2019-08-22 10:49:34,042 | INFO  | SCMAudit | user=jenkins1000 | ip=192.168.5.138 | op=SEND_HEARTBEAT {datanodeUUID=75ee71cb-5aeb-41c0-a2b4-13934103a12a, command=[]} | ret=SUCCESS |  
2019-08-22 10:49:34,629 | INFO  | SCMAudit | user=jenkins1000 | ip=192.168.5.138 | op=SEND_HEARTBEAT {datanodeUUID=8d5a9dd0-e49a-4ffd-93bb-2412b89d6aaf, command=[]} | ret=SUCCESS |  
2019-08-22 10:49:34,629 | INFO  | SCMAudit | user=jenkins1000 | ip=192.168.5.138 | op=SEND_HEARTBEAT {datanodeUUID=cd17f1f1-d71f-4616-9c3e-e30e07409987, command=[]} | ret=SUCCESS |  
2019-08-22 10:49:34,647 | INFO  | SCMAudit | user=jenkins1000 | ip=192.168.5.138 | op=SEND_HEARTBEAT {datanodeUUID=cd17f1f1-d71f-4616-9c3e-e30e07409987, command=[]} | ret=SUCCESS |  
2019-08-22 10:49:34,648 | INFO  | SCMAudit | user=jenkins1000 | ip=192.168.5.138 | op=SEND_HEARTBEAT {datanodeUUID=8d5a9dd0-e49a-4ffd-93bb-2412b89d6aaf, command=[]} | ret=SUCCESS |  
2019-08-22 10:49:34,844 | INFO  | SCMAudit | user=jenkins1000 | ip=192.168.5.138 | op=SEND_HEARTBEAT {datanodeUUID=d8f591ee-89a3-41ba-86ff-b3b575fbb3c9, command=[]} | ret=SUCCESS |  
2019-08-22 10:49:34,897 [main] INFO  ozoneimpl.OzoneContainer (OzoneContainer.java:stop(199)) - Attempting to stop container services.
2019-08-22 10:49:34,899 [main] INFO  impl.RaftServerProxy (RaftServerProxy.java:lambda$close$4(314)) - a337bc41-c308-472a-bc1f-cb47301fd405: close
2019-08-22 10:49:34,901 [ForkJoinPool.commonPool-worker-0] INFO  impl.RaftServerImpl (RaftServerImpl.java:lambda$shutdown$3(245)) - a337bc41-c308-472a-bc1f-cb47301fd405: shutdown group-088531F12B28
2019-08-22 10:49:34,901 [main] INFO  impl.RaftServerImpl (RaftServerImpl.java:lambda$shutdown$3(245)) - a337bc41-c308-472a-bc1f-cb47301fd405: shutdown group-B82DAE6EEB78
2019-08-22 10:49:34,901 [ForkJoinPool.commonPool-worker-0] INFO  util.JmxRegister (JmxRegister.java:unregister(73)) - Successfully un-registered JMX Bean with object name Ratis:service=RaftServer,group=group-088531F12B28,id=a337bc41-c308-472a-bc1f-cb47301fd405
2019-08-22 10:49:34,902 [main] INFO  util.JmxRegister (JmxRegister.java:unregister(73)) - Successfully un-registered JMX Bean with object name Ratis:service=RaftServer,group=group-B82DAE6EEB78,id=a337bc41-c308-472a-bc1f-cb47301fd405
2019-08-22 10:49:34,902 [ForkJoinPool.commonPool-worker-0] INFO  impl.RoleInfo (RoleInfo.java:shutdownLeaderState(104)) - a337bc41-c308-472a-bc1f-cb47301fd405: shutdown LeaderState
2019-08-22 10:49:34,902 [main] INFO  impl.RoleInfo (RoleInfo.java:shutdownLeaderState(104)) - a337bc41-c308-472a-bc1f-cb47301fd405: shutdown LeaderState
2019-08-22 10:49:34,907 [org.apache.ratis.server.impl.LogAppender$AppenderDaemon$$Lambda$454/229106987@5bcf001e] WARN  server.GrpcLogAppender (GrpcLogAppender.java:mayWait(143)) - GrpcLogAppender(a337bc41-c308-472a-bc1f-cb47301fd405->8d5a9dd0-e49a-4ffd-93bb-2412b89d6aaf): Wait interrupted by java.lang.InterruptedException
2019-08-22 10:49:34,914 [main] INFO  impl.PendingRequests (PendingRequests.java:sendNotLeaderResponses(202)) - a337bc41-c308-472a-bc1f-cb47301fd405-PendingRequests: sendNotLeaderResponses
2019-08-22 10:49:34,914 [ForkJoinPool.commonPool-worker-0] INFO  impl.PendingRequests (PendingRequests.java:sendNotLeaderResponses(202)) - a337bc41-c308-472a-bc1f-cb47301fd405-PendingRequests: sendNotLeaderResponses
2019-08-22 10:49:34,907 [org.apache.ratis.server.impl.LogAppender$AppenderDaemon$$Lambda$454/229106987@1ecd9da3] WARN  server.GrpcLogAppender (GrpcLogAppender.java:mayWait(143)) - GrpcLogAppender(a337bc41-c308-472a-bc1f-cb47301fd405->cd17f1f1-d71f-4616-9c3e-e30e07409987): Wait interrupted by java.lang.InterruptedException
2019-08-22 10:49:34,920 [grpc-default-executor-3] INFO  server.GrpcServerProtocolService (GrpcServerProtocolService.java:onCompleted(104)) - 8d5a9dd0-e49a-4ffd-93bb-2412b89d6aaf: appendEntries completed
2019-08-22 10:49:34,920 [grpc-default-executor-1] INFO  server.GrpcServerProtocolService (GrpcServerProtocolService.java:onCompleted(104)) - cd17f1f1-d71f-4616-9c3e-e30e07409987: appendEntries completed
2019-08-22 10:49:34,922 [main] INFO  impl.StateMachineUpdater (StateMachineUpdater.java:stopAndJoin(115)) - StateMachineUpdater:a337bc41-c308-472a-bc1f-cb47301fd405:group-B82DAE6EEB78: set stopIndex = 0
2019-08-22 10:49:34,926 [grpc-default-executor-1] INFO  server.GrpcLogAppender (GrpcLogAppender.java:onCompleted(292)) - a337bc41-c308-472a-bc1f-cb47301fd405->8d5a9dd0-e49a-4ffd-93bb-2412b89d6aaf: follower responses appendEntries COMPLETED
2019-08-22 10:49:34,927 [main] INFO  impl.RaftServerImpl (ServerState.java:close(394)) - a337bc41-c308-472a-bc1f-cb47301fd405:group-B82DAE6EEB78 closes. The last applied log index is 0
2019-08-22 10:49:34,929 | INFO  | SCMAudit | user=jenkins1000 | ip=192.168.5.138 | op=SEND_HEARTBEAT {datanodeUUID=71551c83-4848-4c9b-a1ec-ec77ffd08ca8, command=[]} | ret=SUCCESS |  
2019-08-22 10:49:34,929 [grpc-default-executor-3] INFO  server.GrpcLogAppender (GrpcLogAppender.java:onCompleted(292)) - a337bc41-c308-472a-bc1f-cb47301fd405->cd17f1f1-d71f-4616-9c3e-e30e07409987: follower responses appendEntries COMPLETED
2019-08-22 10:49:34,931 [grpc-default-executor-1] INFO  impl.FollowerInfo (FollowerInfo.java:lambda$new$0(50)) - a337bc41-c308-472a-bc1f-cb47301fd405->8d5a9dd0-e49a-4ffd-93bb-2412b89d6aaf: nextIndex: updateUnconditionally 9 -> 8
2019-08-22 10:49:34,931 [grpc-default-executor-3] INFO  impl.FollowerInfo (FollowerInfo.java:lambda$new$0(50)) - a337bc41-c308-472a-bc1f-cb47301fd405->cd17f1f1-d71f-4616-9c3e-e30e07409987: nextIndex: updateUnconditionally 9 -> 8
2019-08-22 10:49:34,935 [ForkJoinPool.commonPool-worker-0] INFO  impl.StateMachineUpdater (StateMachineUpdater.java:stopAndJoin(115)) - StateMachineUpdater:a337bc41-c308-472a-bc1f-cb47301fd405:group-088531F12B28: set stopIndex = 8
2019-08-22 10:49:34,937 [StateMachineUpdater:a337bc41-c308-472a-bc1f-cb47301fd405:group-088531F12B28] INFO  ratis.ContainerStateMachine (ContainerStateMachine.java:takeSnapshot(283)) - group-088531F12B28: Taking a snapshot at:(t:2, i:8) file /workdir/hadoop-ozone/integration-test/target/test-dir/MiniOzoneClusterImpl-82d71b15-85fd-4e01-ac28-65aa7dac4a4f/datanode-2/data/ratis/03e7a9c8-c2c5-4a14-b809-088531f12b28/sm/snapshot.2_8
2019-08-22 10:49:34,937 [a337bc41-c308-472a-bc1f-cb47301fd405-SegmentedRaftLogWorker:Storage Directory /workdir/hadoop-ozone/integration-test/target/test-dir/MiniOzoneClusterImpl-82d71b15-85fd-4e01-ac28-65aa7dac4a4f/datanode-2/data/ratis/bb3a09c8-9326-446a-9697-b82dae6eeb78] INFO  segmented.SegmentedRaftLogWorker (SegmentedRaftLogWorker.java:run(313)) - a337bc41-c308-472a-bc1f-cb47301fd405-SegmentedRaftLogWorker:Storage Directory /workdir/hadoop-ozone/integration-test/target/test-dir/MiniOzoneClusterImpl-82d71b15-85fd-4e01-ac28-65aa7dac4a4f/datanode-2/data/ratis/bb3a09c8-9326-446a-9697-b82dae6eeb78 was interrupted, exiting. There are 0 tasks remaining in the queue.
2019-08-22 10:49:34,939 [main] INFO  segmented.SegmentedRaftLogWorker (SegmentedRaftLogWorker.java:close(228)) - a337bc41-c308-472a-bc1f-cb47301fd405-SegmentedRaftLogWorker:Storage Directory /workdir/hadoop-ozone/integration-test/target/test-dir/MiniOzoneClusterImpl-82d71b15-85fd-4e01-ac28-65aa7dac4a4f/datanode-2/data/ratis/bb3a09c8-9326-446a-9697-b82dae6eeb78 close()
2019-08-22 10:49:34,962 [StateMachineUpdater:a337bc41-c308-472a-bc1f-cb47301fd405:group-088531F12B28] INFO  ratis.ContainerStateMachine (ContainerStateMachine.java:takeSnapshot(294)) - group-088531F12B28: Finished taking a snapshot at:(t:2, i:8) file:/workdir/hadoop-ozone/integration-test/target/test-dir/MiniOzoneClusterImpl-82d71b15-85fd-4e01-ac28-65aa7dac4a4f/datanode-2/data/ratis/03e7a9c8-c2c5-4a14-b809-088531f12b28/sm/snapshot.2_8 time:25
2019-08-22 10:49:34,963 [StateMachineUpdater:a337bc41-c308-472a-bc1f-cb47301fd405:group-088531F12B28] INFO  impl.StateMachineUpdater (StateMachineUpdater.java:takeSnapshot(242)) - StateMachineUpdater:a337bc41-c308-472a-bc1f-cb47301fd405:group-088531F12B28: Took a snapshot at index 8
2019-08-22 10:49:34,963 [StateMachineUpdater:a337bc41-c308-472a-bc1f-cb47301fd405:group-088531F12B28] INFO  impl.StateMachineUpdater (StateMachineUpdater.java:lambda$new$0(80)) - StateMachineUpdater:a337bc41-c308-472a-bc1f-cb47301fd405:group-088531F12B28: snapshotIndex: updateIncreasingly -1 -> 8
2019-08-22 10:49:34,966 [ForkJoinPool.commonPool-worker-0] INFO  impl.RaftServerImpl (ServerState.java:close(394)) - a337bc41-c308-472a-bc1f-cb47301fd405:group-088531F12B28 closes. The last applied log index is 8
2019-08-22 10:49:34,967 [a337bc41-c308-472a-bc1f-cb47301fd405-SegmentedRaftLogWorker:Storage Directory /workdir/hadoop-ozone/integration-test/target/test-dir/MiniOzoneClusterImpl-82d71b15-85fd-4e01-ac28-65aa7dac4a4f/datanode-2/data/ratis/03e7a9c8-c2c5-4a14-b809-088531f12b28] INFO  segmented.SegmentedRaftLogWorker (SegmentedRaftLogWorker.java:run(313)) - a337bc41-c308-472a-bc1f-cb47301fd405-SegmentedRaftLogWorker:Storage Directory /workdir/hadoop-ozone/integration-test/target/test-dir/MiniOzoneClusterImpl-82d71b15-85fd-4e01-ac28-65aa7dac4a4f/datanode-2/data/ratis/03e7a9c8-c2c5-4a14-b809-088531f12b28 was interrupted, exiting. There are 0 tasks remaining in the queue.
2019-08-22 10:49:34,968 [ForkJoinPool.commonPool-worker-0] INFO  segmented.SegmentedRaftLogWorker (SegmentedRaftLogWorker.java:close(228)) - a337bc41-c308-472a-bc1f-cb47301fd405-SegmentedRaftLogWorker:Storage Directory /workdir/hadoop-ozone/integration-test/target/test-dir/MiniOzoneClusterImpl-82d71b15-85fd-4e01-ac28-65aa7dac4a4f/datanode-2/data/ratis/03e7a9c8-c2c5-4a14-b809-088531f12b28 close()
2019-08-22 10:49:34,971 [main] INFO  server.GrpcService (GrpcService.java:closeImpl(155)) - a337bc41-c308-472a-bc1f-cb47301fd405: shutdown server with port 45317 now
2019-08-22 10:49:34,975 [main] INFO  server.GrpcService (GrpcService.java:closeImpl(163)) - a337bc41-c308-472a-bc1f-cb47301fd405: shutdown server with port 45317 successfully
2019-08-22 10:49:34,976 [main] INFO  utils.BackgroundService (BackgroundService.java:shutdown(148)) - Shutting down service BlockDeletingService
2019-08-22 10:49:34,978 [refreshUsed-/workdir/hadoop-ozone/integration-test/target/test-dir/MiniOzoneClusterImpl-82d71b15-85fd-4e01-ac28-65aa7dac4a4f/datanode-2/data/containers] WARN  fs.CachingGetSpaceUsed (CachingGetSpaceUsed.java:run(183)) - Thread Interrupted waiting to refresh disk information: sleep interrupted
2019-08-22 10:49:34,999 [main] INFO  statemachine.DatanodeStateMachine (DatanodeStateMachine.java:stopDaemon(395)) - Ozone container server stopped.
2019-08-22 10:49:35,003 [main] INFO  handler.ContextHandler (ContextHandler.java:doStop(910)) - Stopped o.e.j.w.WebAppContext@25791d40{/,null,UNAVAILABLE}{/hddsDatanode}
2019-08-22 10:49:35,010 [main] INFO  server.AbstractConnector (AbstractConnector.java:doStop(318)) - Stopped ServerConnector@448c92fc{HTTP/1.1,[http/1.1]}{0.0.0.0:0}
2019-08-22 10:49:35,011 [main] INFO  handler.ContextHandler (ContextHandler.java:doStop(910)) - Stopped o.e.j.s.ServletContextHandler@7a84788f{/static,jar:file:/home/user/.m2/repository/org/apache/hadoop/hadoop-hdds-container-service/0.5.0-SNAPSHOT/hadoop-hdds-container-service-0.5.0-SNAPSHOT.jar!/webapps/static,UNAVAILABLE}
2019-08-22 10:49:35,011 [main] INFO  handler.ContextHandler (ContextHandler.java:doStop(910)) - Stopped o.e.j.s.ServletContextHandler@74ba6ff5{/logs,file:///workdir/hadoop-ozone/integration-test/target/log,UNAVAILABLE}
2019-08-22 10:49:35,013 [main] INFO  datanode.ObjectStoreHandler (ObjectStoreHandler.java:close(155)) - Closing ObjectStoreHandler.
2019-08-22 10:49:35,014 [main] INFO  ozone.HddsDatanodeService (HddsDatanodeService.java:stop(451)) - Stopped plug-in org.apache.hadoop.ozone.web.OzoneHddsDatanodeService@78479f2b
2019-08-22 10:49:35,042 | INFO  | SCMAudit | user=jenkins1000 | ip=192.168.5.138 | op=SEND_HEARTBEAT {datanodeUUID=75ee71cb-5aeb-41c0-a2b4-13934103a12a, command=[]} | ret=SUCCESS |  
2019-08-22 10:49:35,042 | INFO  | SCMAudit | user=jenkins1000 | ip=192.168.5.138 | op=SEND_HEARTBEAT {datanodeUUID=e2275d23-8cf5-4ed9-8567-72ae0b9358c3, command=[]} | ret=SUCCESS |  
2019-08-22 10:49:35,646 [Datanode State Machine Thread - 0] INFO  statemachine.DatanodeStateMachine (DatanodeStateMachine.java:lambda$startDaemon$0(350)) - Ozone container server started.
2019-08-22 10:49:35,651 | INFO  | SCMAudit | user=jenkins1000 | ip=192.168.5.138 | op=SEND_HEARTBEAT {datanodeUUID=cd17f1f1-d71f-4616-9c3e-e30e07409987, command=[]} | ret=SUCCESS |  
2019-08-22 10:49:35,844 | INFO  | SCMAudit | user=jenkins1000 | ip=192.168.5.138 | op=SEND_HEARTBEAT {datanodeUUID=d8f591ee-89a3-41ba-86ff-b3b575fbb3c9, command=[]} | ret=SUCCESS |  
2019-08-22 10:49:35,917 | INFO  | SCMAudit | user=jenkins1000 | ip=192.168.5.138 | op=SEND_HEARTBEAT {datanodeUUID=71551c83-4848-4c9b-a1ec-ec77ffd08ca8, command=[]} | ret=SUCCESS |  
2019-08-22 10:49:36,041 | INFO  | SCMAudit | user=jenkins1000 | ip=192.168.5.138 | op=SEND_HEARTBEAT {datanodeUUID=75ee71cb-5aeb-41c0-a2b4-13934103a12a, command=[]} | ret=SUCCESS |  
2019-08-22 10:49:36,041 | INFO  | SCMAudit | user=jenkins1000 | ip=192.168.5.138 | op=SEND_HEARTBEAT {datanodeUUID=e2275d23-8cf5-4ed9-8567-72ae0b9358c3, command=[]} | ret=SUCCESS |  
2019-08-22 10:49:36,648 | INFO  | SCMAudit | user=jenkins1000 | ip=192.168.5.138 | op=SEND_HEARTBEAT {datanodeUUID=cd17f1f1-d71f-4616-9c3e-e30e07409987, command=[]} | ret=SUCCESS |  
2019-08-22 10:49:36,844 | INFO  | SCMAudit | user=jenkins1000 | ip=192.168.5.138 | op=SEND_HEARTBEAT {datanodeUUID=d8f591ee-89a3-41ba-86ff-b3b575fbb3c9, command=[]} | ret=SUCCESS |  
2019-08-22 10:49:36,918 | INFO  | SCMAudit | user=jenkins1000 | ip=192.168.5.138 | op=SEND_HEARTBEAT {datanodeUUID=71551c83-4848-4c9b-a1ec-ec77ffd08ca8, command=[]} | ret=SUCCESS |  
2019-08-22 10:49:37,041 | INFO  | SCMAudit | user=jenkins1000 | ip=192.168.5.138 | op=SEND_HEARTBEAT {datanodeUUID=e2275d23-8cf5-4ed9-8567-72ae0b9358c3, command=[]} | ret=SUCCESS |  
2019-08-22 10:49:37,041 | INFO  | SCMAudit | user=jenkins1000 | ip=192.168.5.138 | op=SEND_HEARTBEAT {datanodeUUID=75ee71cb-5aeb-41c0-a2b4-13934103a12a, command=[]} | ret=SUCCESS |  
2019-08-22 10:49:37,648 | INFO  | SCMAudit | user=jenkins1000 | ip=192.168.5.138 | op=SEND_HEARTBEAT {datanodeUUID=cd17f1f1-d71f-4616-9c3e-e30e07409987, command=[]} | ret=SUCCESS |  
2019-08-22 10:49:37,733 [EventQueue-StaleNodeForStaleNodeHandler] INFO  node.StaleNodeHandler (StaleNodeHandler.java:onMessage(58)) - Datanode 8d5a9dd0-e49a-4ffd-93bb-2412b89d6aaf{ip: 192.168.5.138, host: pr-hdds-2002-bj4ln-978055417, networkLocation: /default-rack, certSerialId: null} moved to stale state. Finalizing its pipelines [PipelineID=03e7a9c8-c2c5-4a14-b809-088531f12b28, PipelineID=75cb7df0-6d10-4274-ad3e-5aa1203c6e93]
2019-08-22 10:49:37,734 [EventQueue-StaleNodeForStaleNodeHandler] INFO  pipeline.SCMPipelineManager (SCMPipelineManager.java:finalizeAndDestroyPipeline(309)) - destroying pipeline:Pipeline[ Id: 03e7a9c8-c2c5-4a14-b809-088531f12b28, Nodes: a337bc41-c308-472a-bc1f-cb47301fd405{ip: 192.168.5.138, host: pr-hdds-2002-bj4ln-978055417, networkLocation: /default-rack, certSerialId: null}8d5a9dd0-e49a-4ffd-93bb-2412b89d6aaf{ip: 192.168.5.138, host: pr-hdds-2002-bj4ln-978055417, networkLocation: /default-rack, certSerialId: null}cd17f1f1-d71f-4616-9c3e-e30e07409987{ip: 192.168.5.138, host: pr-hdds-2002-bj4ln-978055417, networkLocation: /default-rack, certSerialId: null}, Type:RATIS, Factor:THREE, State:CLOSED]
2019-08-22 10:49:37,734 [EventQueue-StaleNodeForStaleNodeHandler] INFO  pipeline.SCMPipelineManager (SCMPipelineManager.java:finalizeAndDestroyPipeline(309)) - destroying pipeline:Pipeline[ Id: 75cb7df0-6d10-4274-ad3e-5aa1203c6e93, Nodes: 8d5a9dd0-e49a-4ffd-93bb-2412b89d6aaf{ip: 192.168.5.138, host: pr-hdds-2002-bj4ln-978055417, networkLocation: /default-rack, certSerialId: null}, Type:RATIS, Factor:ONE, State:OPEN]
2019-08-22 10:49:37,734 [EventQueue-StaleNodeForStaleNodeHandler] INFO  pipeline.PipelineStateManager (PipelineStateManager.java:finalizePipeline(123)) - Pipeline Pipeline[ Id: 75cb7df0-6d10-4274-ad3e-5aa1203c6e93, Nodes: 8d5a9dd0-e49a-4ffd-93bb-2412b89d6aaf{ip: 192.168.5.138, host: pr-hdds-2002-bj4ln-978055417, networkLocation: /default-rack, certSerialId: null}, Type:RATIS, Factor:ONE, State:CLOSED] moved to CLOSED state
2019-08-22 10:49:37,843 | INFO  | SCMAudit | user=jenkins1000 | ip=192.168.5.138 | op=SEND_HEARTBEAT {datanodeUUID=d8f591ee-89a3-41ba-86ff-b3b575fbb3c9, command=[]} | ret=SUCCESS |  
2019-08-22 10:49:37,918 | INFO  | SCMAudit | user=jenkins1000 | ip=192.168.5.138 | op=SEND_HEARTBEAT {datanodeUUID=71551c83-4848-4c9b-a1ec-ec77ffd08ca8, command=[]} | ret=SUCCESS |  
2019-08-22 10:49:38,041 | INFO  | SCMAudit | user=jenkins1000 | ip=192.168.5.138 | op=SEND_HEARTBEAT {datanodeUUID=e2275d23-8cf5-4ed9-8567-72ae0b9358c3, command=[]} | ret=SUCCESS |  
2019-08-22 10:49:38,041 | INFO  | SCMAudit | user=jenkins1000 | ip=192.168.5.138 | op=SEND_HEARTBEAT {datanodeUUID=75ee71cb-5aeb-41c0-a2b4-13934103a12a, command=[]} | ret=SUCCESS |  
2019-08-22 10:49:38,648 | INFO  | SCMAudit | user=jenkins1000 | ip=192.168.5.138 | op=SEND_HEARTBEAT {datanodeUUID=cd17f1f1-d71f-4616-9c3e-e30e07409987, command=[]} | ret=SUCCESS |  
2019-08-22 10:49:38,844 | INFO  | SCMAudit | user=jenkins1000 | ip=192.168.5.138 | op=SEND_HEARTBEAT {datanodeUUID=d8f591ee-89a3-41ba-86ff-b3b575fbb3c9, command=[]} | ret=SUCCESS |  
2019-08-22 10:49:38,918 | INFO  | SCMAudit | user=jenkins1000 | ip=192.168.5.138 | op=SEND_HEARTBEAT {datanodeUUID=71551c83-4848-4c9b-a1ec-ec77ffd08ca8, command=[]} | ret=SUCCESS |  
2019-08-22 10:49:39,041 | INFO  | SCMAudit | user=jenkins1000 | ip=192.168.5.138 | op=SEND_HEARTBEAT {datanodeUUID=75ee71cb-5aeb-41c0-a2b4-13934103a12a, command=[]} | ret=SUCCESS |  
2019-08-22 10:49:39,042 | INFO  | SCMAudit | user=jenkins1000 | ip=192.168.5.138 | op=SEND_HEARTBEAT {datanodeUUID=e2275d23-8cf5-4ed9-8567-72ae0b9358c3, command=[]} | ret=SUCCESS |  
2019-08-22 10:49:39,648 | INFO  | SCMAudit | user=jenkins1000 | ip=192.168.5.138 | op=SEND_HEARTBEAT {datanodeUUID=cd17f1f1-d71f-4616-9c3e-e30e07409987, command=[]} | ret=SUCCESS |  
2019-08-22 10:49:39,843 | INFO  | SCMAudit | user=jenkins1000 | ip=192.168.5.138 | op=SEND_HEARTBEAT {datanodeUUID=d8f591ee-89a3-41ba-86ff-b3b575fbb3c9, command=[]} | ret=SUCCESS |  
2019-08-22 10:49:39,918 | INFO  | SCMAudit | user=jenkins1000 | ip=192.168.5.138 | op=SEND_HEARTBEAT {datanodeUUID=71551c83-4848-4c9b-a1ec-ec77ffd08ca8, command=[]} | ret=SUCCESS |  
2019-08-22 10:49:40,015 [main] INFO  ozoneimpl.OzoneContainer (OzoneContainer.java:stop(199)) - Attempting to stop container services.
2019-08-22 10:49:40,015 [main] INFO  impl.RaftServerProxy (RaftServerProxy.java:lambda$close$4(314)) - 8d5a9dd0-e49a-4ffd-93bb-2412b89d6aaf: close
2019-08-22 10:49:40,016 [main] INFO  impl.RaftServerImpl (RaftServerImpl.java:lambda$shutdown$3(245)) - 8d5a9dd0-e49a-4ffd-93bb-2412b89d6aaf: shutdown group-088531F12B28
2019-08-22 10:49:40,017 [main] INFO  util.JmxRegister (JmxRegister.java:unregister(73)) - Successfully un-registered JMX Bean with object name Ratis:service=RaftServer,group=group-088531F12B28,id=8d5a9dd0-e49a-4ffd-93bb-2412b89d6aaf
2019-08-22 10:49:40,017 [main] INFO  impl.RoleInfo (RoleInfo.java:shutdownFollowerState(121)) - 8d5a9dd0-e49a-4ffd-93bb-2412b89d6aaf: shutdown FollowerState
2019-08-22 10:49:40,018 [main] INFO  impl.StateMachineUpdater (StateMachineUpdater.java:stopAndJoin(115)) - StateMachineUpdater:8d5a9dd0-e49a-4ffd-93bb-2412b89d6aaf:group-088531F12B28: set stopIndex = 8
2019-08-22 10:49:40,018 [StateMachineUpdater:8d5a9dd0-e49a-4ffd-93bb-2412b89d6aaf:group-088531F12B28] INFO  ratis.ContainerStateMachine (ContainerStateMachine.java:takeSnapshot(283)) - group-088531F12B28: Taking a snapshot at:(t:2, i:6) file /workdir/hadoop-ozone/integration-test/target/test-dir/MiniOzoneClusterImpl-82d71b15-85fd-4e01-ac28-65aa7dac4a4f/datanode-5/data/ratis/03e7a9c8-c2c5-4a14-b809-088531f12b28/sm/snapshot.2_6
2019-08-22 10:49:40,018 [Thread-393] INFO  impl.FollowerState (FollowerState.java:run(114)) - 8d5a9dd0-e49a-4ffd-93bb-2412b89d6aaf: FollowerState was interrupted: java.lang.InterruptedException: sleep interrupted
2019-08-22 10:49:40,032 [StateMachineUpdater:8d5a9dd0-e49a-4ffd-93bb-2412b89d6aaf:group-088531F12B28] INFO  ratis.ContainerStateMachine (ContainerStateMachine.java:takeSnapshot(294)) - group-088531F12B28: Finished taking a snapshot at:(t:2, i:6) file:/workdir/hadoop-ozone/integration-test/target/test-dir/MiniOzoneClusterImpl-82d71b15-85fd-4e01-ac28-65aa7dac4a4f/datanode-5/data/ratis/03e7a9c8-c2c5-4a14-b809-088531f12b28/sm/snapshot.2_6 time:14
2019-08-22 10:49:40,033 [StateMachineUpdater:8d5a9dd0-e49a-4ffd-93bb-2412b89d6aaf:group-088531F12B28] INFO  impl.StateMachineUpdater (StateMachineUpdater.java:takeSnapshot(242)) - StateMachineUpdater:8d5a9dd0-e49a-4ffd-93bb-2412b89d6aaf:group-088531F12B28: Took a snapshot at index 6
2019-08-22 10:49:40,033 [StateMachineUpdater:8d5a9dd0-e49a-4ffd-93bb-2412b89d6aaf:group-088531F12B28] INFO  impl.StateMachineUpdater (StateMachineUpdater.java:lambda$new$0(80)) - StateMachineUpdater:8d5a9dd0-e49a-4ffd-93bb-2412b89d6aaf:group-088531F12B28: snapshotIndex: updateIncreasingly -1 -> 6
2019-08-22 10:49:40,033 [main] INFO  impl.RaftServerImpl (ServerState.java:close(394)) - 8d5a9dd0-e49a-4ffd-93bb-2412b89d6aaf:group-088531F12B28 closes. The last applied log index is 8
2019-08-22 10:49:40,034 [8d5a9dd0-e49a-4ffd-93bb-2412b89d6aaf-SegmentedRaftLogWorker:Storage Directory /workdir/hadoop-ozone/integration-test/target/test-dir/MiniOzoneClusterImpl-82d71b15-85fd-4e01-ac28-65aa7dac4a4f/datanode-5/data/ratis/03e7a9c8-c2c5-4a14-b809-088531f12b28] INFO  segmented.SegmentedRaftLogWorker (SegmentedRaftLogWorker.java:run(313)) - 8d5a9dd0-e49a-4ffd-93bb-2412b89d6aaf-SegmentedRaftLogWorker:Storage Directory /workdir/hadoop-ozone/integration-test/target/test-dir/MiniOzoneClusterImpl-82d71b15-85fd-4e01-ac28-65aa7dac4a4f/datanode-5/data/ratis/03e7a9c8-c2c5-4a14-b809-088531f12b28 was interrupted, exiting. There are 0 tasks remaining in the queue.
2019-08-22 10:49:40,036 [main] INFO  segmented.SegmentedRaftLogWorker (SegmentedRaftLogWorker.java:close(228)) - 8d5a9dd0-e49a-4ffd-93bb-2412b89d6aaf-SegmentedRaftLogWorker:Storage Directory /workdir/hadoop-ozone/integration-test/target/test-dir/MiniOzoneClusterImpl-82d71b15-85fd-4e01-ac28-65aa7dac4a4f/datanode-5/data/ratis/03e7a9c8-c2c5-4a14-b809-088531f12b28 close()
2019-08-22 10:49:40,040 [main] INFO  impl.RaftServerImpl (RaftServerImpl.java:lambda$shutdown$3(245)) - 8d5a9dd0-e49a-4ffd-93bb-2412b89d6aaf: shutdown group-5AA1203C6E93
2019-08-22 10:49:40,041 [main] INFO  util.JmxRegister (JmxRegister.java:unregister(73)) - Successfully un-registered JMX Bean with object name Ratis:service=RaftServer,group=group-5AA1203C6E93,id=8d5a9dd0-e49a-4ffd-93bb-2412b89d6aaf
2019-08-22 10:49:40,041 [main] INFO  impl.RoleInfo (RoleInfo.java:shutdownLeaderState(104)) - 8d5a9dd0-e49a-4ffd-93bb-2412b89d6aaf: shutdown LeaderState
2019-08-22 10:49:40,042 | INFO  | SCMAudit | user=jenkins1000 | ip=192.168.5.138 | op=SEND_HEARTBEAT {datanodeUUID=e2275d23-8cf5-4ed9-8567-72ae0b9358c3, command=[]} | ret=SUCCESS |  
2019-08-22 10:49:40,042 | INFO  | SCMAudit | user=jenkins1000 | ip=192.168.5.138 | op=SEND_HEARTBEAT {datanodeUUID=75ee71cb-5aeb-41c0-a2b4-13934103a12a, command=[]} | ret=SUCCESS |  
2019-08-22 10:49:40,042 [main] INFO  impl.PendingRequests (PendingRequests.java:sendNotLeaderResponses(202)) - 8d5a9dd0-e49a-4ffd-93bb-2412b89d6aaf-PendingRequests: sendNotLeaderResponses
2019-08-22 10:49:40,042 [main] INFO  impl.StateMachineUpdater (StateMachineUpdater.java:stopAndJoin(115)) - StateMachineUpdater:8d5a9dd0-e49a-4ffd-93bb-2412b89d6aaf:group-5AA1203C6E93: set stopIndex = 0
2019-08-22 10:49:40,043 [main] INFO  impl.RaftServerImpl (ServerState.java:close(394)) - 8d5a9dd0-e49a-4ffd-93bb-2412b89d6aaf:group-5AA1203C6E93 closes. The last applied log index is 0
2019-08-22 10:49:40,043 [8d5a9dd0-e49a-4ffd-93bb-2412b89d6aaf-SegmentedRaftLogWorker:Storage Directory /workdir/hadoop-ozone/integration-test/target/test-dir/MiniOzoneClusterImpl-82d71b15-85fd-4e01-ac28-65aa7dac4a4f/datanode-5/data/ratis/75cb7df0-6d10-4274-ad3e-5aa1203c6e93] INFO  segmented.SegmentedRaftLogWorker (SegmentedRaftLogWorker.java:run(313)) - 8d5a9dd0-e49a-4ffd-93bb-2412b89d6aaf-SegmentedRaftLogWorker:Storage Directory /workdir/hadoop-ozone/integration-test/target/test-dir/MiniOzoneClusterImpl-82d71b15-85fd-4e01-ac28-65aa7dac4a4f/datanode-5/data/ratis/75cb7df0-6d10-4274-ad3e-5aa1203c6e93 was interrupted, exiting. There are 0 tasks remaining in the queue.
2019-08-22 10:49:40,046 [main] INFO  segmented.SegmentedRaftLogWorker (SegmentedRaftLogWorker.java:close(228)) - 8d5a9dd0-e49a-4ffd-93bb-2412b89d6aaf-SegmentedRaftLogWorker:Storage Directory /workdir/hadoop-ozone/integration-test/target/test-dir/MiniOzoneClusterImpl-82d71b15-85fd-4e01-ac28-65aa7dac4a4f/datanode-5/data/ratis/75cb7df0-6d10-4274-ad3e-5aa1203c6e93 close()
2019-08-22 10:49:40,049 [main] INFO  server.GrpcService (GrpcService.java:closeImpl(155)) - 8d5a9dd0-e49a-4ffd-93bb-2412b89d6aaf: shutdown server with port 44092 now
2019-08-22 10:49:40,054 [main] INFO  server.GrpcService (GrpcService.java:closeImpl(163)) - 8d5a9dd0-e49a-4ffd-93bb-2412b89d6aaf: shutdown server with port 44092 successfully
2019-08-22 10:49:40,058 [main] INFO  utils.BackgroundService (BackgroundService.java:shutdown(148)) - Shutting down service BlockDeletingService
2019-08-22 10:49:40,060 [refreshUsed-/workdir/hadoop-ozone/integration-test/target/test-dir/MiniOzoneClusterImpl-82d71b15-85fd-4e01-ac28-65aa7dac4a4f/datanode-5/data/containers] WARN  fs.CachingGetSpaceUsed (CachingGetSpaceUsed.java:run(183)) - Thread Interrupted waiting to refresh disk information: sleep interrupted
2019-08-22 10:49:40,089 [main] INFO  statemachine.DatanodeStateMachine (DatanodeStateMachine.java:stopDaemon(395)) - Ozone container server stopped.
2019-08-22 10:49:40,091 [main] INFO  handler.ContextHandler (ContextHandler.java:doStop(910)) - Stopped o.e.j.w.WebAppContext@62e73ab6{/,null,UNAVAILABLE}{/hddsDatanode}
2019-08-22 10:49:40,092 [main] INFO  server.AbstractConnector (AbstractConnector.java:doStop(318)) - Stopped ServerConnector@5d7f8467{HTTP/1.1,[http/1.1]}{0.0.0.0:0}
2019-08-22 10:49:40,092 [main] INFO  handler.ContextHandler (ContextHandler.java:doStop(910)) - Stopped o.e.j.s.ServletContextHandler@7ac48f05{/static,jar:file:/home/user/.m2/repository/org/apache/hadoop/hadoop-hdds-container-service/0.5.0-SNAPSHOT/hadoop-hdds-container-service-0.5.0-SNAPSHOT.jar!/webapps/static,UNAVAILABLE}
2019-08-22 10:49:40,093 [main] INFO  handler.ContextHandler (ContextHandler.java:doStop(910)) - Stopped o.e.j.s.ServletContextHandler@33bdd01{/logs,file:///workdir/hadoop-ozone/integration-test/target/log,UNAVAILABLE}
]]></system-out>
  </testcase>
</testsuite>