<?xml version="1.0" encoding="UTF-8"?>
<testsuite xmlns:xsi="http://www.w3.org/2001/XMLSchema-instance" xsi:noNamespaceSchemaLocation="https://maven.apache.org/surefire/maven-surefire-plugin/xsd/surefire-test-report.xsd" name="org.apache.hadoop.ozone.freon.TestDataValidateWithDummyContainers" time="35.619" tests="3" errors="2" skipped="0" failures="0">
  <properties>
    <property name="awt.toolkit" value="sun.awt.X11.XToolkit"/>
    <property name="file.encoding.pkg" value="sun.io"/>
    <property name="java.specification.version" value="1.8"/>
    <property name="sun.cpu.isalist" value=""/>
    <property name="sun.jnu.encoding" value="UTF-8"/>
    <property name="java.class.path" value="/workdir/hadoop-ozone/tools/target/test-classes:/workdir/hadoop-ozone/tools/target/classes:/home/user/.m2/repository/org/apache/hadoop/hadoop-ozone-ozone-manager/0.5.0-SNAPSHOT/hadoop-ozone-ozone-manager-0.5.0-SNAPSHOT.jar:/home/user/.m2/repository/org/apache/hadoop/hadoop-hdds-docs/0.5.0-SNAPSHOT/hadoop-hdds-docs-0.5.0-SNAPSHOT.jar:/home/user/.m2/repository/org/bouncycastle/bcprov-jdk15on/1.60/bcprov-jdk15on-1.60.jar:/home/user/.m2/repository/org/apache/hadoop/hadoop-ozone-common/0.5.0-SNAPSHOT/hadoop-ozone-common-0.5.0-SNAPSHOT.jar:/home/user/.m2/repository/org/apache/commons/commons-compress/1.4.1/commons-compress-1.4.1.jar:/home/user/.m2/repository/org/tukaani/xz/1.0/xz-1.0.jar:/home/user/.m2/repository/org/apache/hadoop/hadoop-hdfs-client/3.2.0/hadoop-hdfs-client-3.2.0.jar:/home/user/.m2/repository/com/fasterxml/jackson/core/jackson-annotations/2.9.9/jackson-annotations-2.9.9.jar:/home/user/.m2/repository/org/apache/hadoop/hadoop-hdds-common/0.5.0-SNAPSHOT/hadoop-hdds-common-0.5.0-SNAPSHOT.jar:/home/user/.m2/repository/org/apache/hadoop/hadoop-hdds-config/0.5.0-SNAPSHOT/hadoop-hdds-config-0.5.0-SNAPSHOT.jar:/home/user/.m2/repository/javax/annotation/javax.annotation-api/1.2/javax.annotation-api-1.2.jar:/home/user/.m2/repository/org/apache/ratis/ratis-server/0.4.0/ratis-server-0.4.0.jar:/home/user/.m2/repository/org/apache/ratis/ratis-thirdparty-misc/0.2.0/ratis-thirdparty-misc-0.2.0.jar:/home/user/.m2/repository/org/apache/ratis/ratis-proto/0.4.0/ratis-proto-0.4.0.jar:/home/user/.m2/repository/org/apache/ratis/ratis-common/0.4.0/ratis-common-0.4.0.jar:/home/user/.m2/repository/org/apache/ratis/ratis-client/0.4.0/ratis-client-0.4.0.jar:/home/user/.m2/repository/org/apache/ratis/ratis-metrics/0.4.0/ratis-metrics-0.4.0.jar:/home/user/.m2/repository/com/github/joshelser/dropwizard-metrics-hadoop-metrics2-reporter/0.1.2/dropwizard-metrics-hadoop-metrics2-reporter-0.1.2.jar:/home/user/.m2/repository/io/dropwizard/metrics/metrics-jvm/3.2.5/metrics-jvm-3.2.5.jar:/home/user/.m2/repository/io/dropwizard/metrics/metrics-ganglia/3.2.5/metrics-ganglia-3.2.5.jar:/home/user/.m2/repository/info/ganglia/gmetric4j/gmetric4j/1.0.7/gmetric4j-1.0.7.jar:/home/user/.m2/repository/org/apache/ratis/ratis-netty/0.4.0/ratis-netty-0.4.0.jar:/home/user/.m2/repository/org/apache/ratis/ratis-grpc/0.4.0/ratis-grpc-0.4.0.jar:/home/user/.m2/repository/org/rocksdb/rocksdbjni/6.0.1/rocksdbjni-6.0.1.jar:/home/user/.m2/repository/org/apache/logging/log4j/log4j-api/2.11.0/log4j-api-2.11.0.jar:/home/user/.m2/repository/org/apache/logging/log4j/log4j-core/2.11.0/log4j-core-2.11.0.jar:/home/user/.m2/repository/com/lmax/disruptor/3.4.2/disruptor-3.4.2.jar:/home/user/.m2/repository/org/apache/commons/commons-pool2/2.6.0/commons-pool2-2.6.0.jar:/home/user/.m2/repository/org/bouncycastle/bcpkix-jdk15on/1.60/bcpkix-jdk15on-1.60.jar:/home/user/.m2/repository/commons-validator/commons-validator/1.6/commons-validator-1.6.jar:/home/user/.m2/repository/commons-digester/commons-digester/1.8.1/commons-digester-1.8.1.jar:/home/user/.m2/repository/io/jaegertracing/jaeger-client/0.34.0/jaeger-client-0.34.0.jar:/home/user/.m2/repository/io/jaegertracing/jaeger-thrift/0.34.0/jaeger-thrift-0.34.0.jar:/home/user/.m2/repository/org/apache/thrift/libthrift/0.12.0/libthrift-0.12.0.jar:/home/user/.m2/repository/com/squareup/okhttp3/okhttp/3.9.0/okhttp-3.9.0.jar:/home/user/.m2/repository/com/squareup/okio/okio/1.13.0/okio-1.13.0.jar:/home/user/.m2/repository/io/jaegertracing/jaeger-core/0.34.0/jaeger-core-0.34.0.jar:/home/user/.m2/repository/io/jaegertracing/jaeger-tracerresolver/0.34.0/jaeger-tracerresolver-0.34.0.jar:/home/user/.m2/repository/io/opentracing/contrib/opentracing-tracerresolver/0.1.5/opentracing-tracerresolver-0.1.5.jar:/home/user/.m2/repository/io/opentracing/opentracing-util/0.31.0/opentracing-util-0.31.0.jar:/home/user/.m2/repository/io/opentracing/opentracing-api/0.31.0/opentracing-api-0.31.0.jar:/home/user/.m2/repository/io/opentracing/opentracing-noop/0.31.0/opentracing-noop-0.31.0.jar:/home/user/.m2/repository/org/yaml/snakeyaml/1.16/snakeyaml-1.16.jar:/home/user/.m2/repository/org/apache/hadoop/hadoop-hdds-container-service/0.5.0-SNAPSHOT/hadoop-hdds-container-service-0.5.0-SNAPSHOT.jar:/home/user/.m2/repository/org/apache/hadoop/hadoop-hdds-client/0.5.0-SNAPSHOT/hadoop-hdds-client-0.5.0-SNAPSHOT.jar:/home/user/.m2/repository/org/apache/hadoop/hadoop-hdds-tools/0.5.0-SNAPSHOT/hadoop-hdds-tools-0.5.0-SNAPSHOT.jar:/home/user/.m2/repository/org/xerial/sqlite-jdbc/3.25.2/sqlite-jdbc-3.25.2.jar:/home/user/.m2/repository/org/apache/hadoop/hadoop-hdds-server-scm/0.5.0-SNAPSHOT/hadoop-hdds-server-scm-0.5.0-SNAPSHOT.jar:/home/user/.m2/repository/org/hamcrest/hamcrest-all/1.3/hamcrest-all-1.3.jar:/home/user/.m2/repository/info/picocli/picocli/3.9.6/picocli-3.9.6.jar:/home/user/.m2/repository/com/google/protobuf/protobuf-java/2.5.0/protobuf-java-2.5.0.jar:/home/user/.m2/repository/com/google/guava/guava/11.0.2/guava-11.0.2.jar:/home/user/.m2/repository/org/apache/hadoop/hadoop-ozone-client/0.5.0-SNAPSHOT/hadoop-ozone-client-0.5.0-SNAPSHOT.jar:/workdir/hadoop-ozone/ozonefs/target/classes:/home/user/.m2/repository/org/apache/hadoop/hadoop-hdds-server-framework/0.5.0-SNAPSHOT/hadoop-hdds-server-framework-0.5.0-SNAPSHOT.jar:/home/user/.m2/repository/org/apache/hadoop/hadoop-common/3.2.0/hadoop-common-3.2.0.jar:/home/user/.m2/repository/org/apache/hadoop/hadoop-annotations/3.2.0/hadoop-annotations-3.2.0.jar:/usr/lib/jvm/java-1.8-openjdk/jre/../lib/tools.jar:/home/user/.m2/repository/commons-cli/commons-cli/1.2/commons-cli-1.2.jar:/home/user/.m2/repository/org/apache/commons/commons-math3/3.1.1/commons-math3-3.1.1.jar:/home/user/.m2/repository/org/apache/httpcomponents/httpclient/4.5.2/httpclient-4.5.2.jar:/home/user/.m2/repository/org/apache/httpcomponents/httpcore/4.4.4/httpcore-4.4.4.jar:/home/user/.m2/repository/commons-codec/commons-codec/1.11/commons-codec-1.11.jar:/home/user/.m2/repository/commons-io/commons-io/2.5/commons-io-2.5.jar:/home/user/.m2/repository/commons-net/commons-net/3.6/commons-net-3.6.jar:/home/user/.m2/repository/commons-collections/commons-collections/3.2.2/commons-collections-3.2.2.jar:/home/user/.m2/repository/javax/servlet/javax.servlet-api/3.1.0/javax.servlet-api-3.1.0.jar:/home/user/.m2/repository/org/eclipse/jetty/jetty-server/9.3.25.v20180904/jetty-server-9.3.25.v20180904.jar:/home/user/.m2/repository/org/eclipse/jetty/jetty-http/9.3.25.v20180904/jetty-http-9.3.25.v20180904.jar:/home/user/.m2/repository/org/eclipse/jetty/jetty-io/9.3.25.v20180904/jetty-io-9.3.25.v20180904.jar:/home/user/.m2/repository/org/eclipse/jetty/jetty-util/9.3.25.v20180904/jetty-util-9.3.25.v20180904.jar:/home/user/.m2/repository/org/eclipse/jetty/jetty-servlet/9.3.25.v20180904/jetty-servlet-9.3.25.v20180904.jar:/home/user/.m2/repository/org/eclipse/jetty/jetty-security/9.3.25.v20180904/jetty-security-9.3.25.v20180904.jar:/home/user/.m2/repository/org/eclipse/jetty/jetty-webapp/9.3.25.v20180904/jetty-webapp-9.3.25.v20180904.jar:/home/user/.m2/repository/org/eclipse/jetty/jetty-xml/9.3.25.v20180904/jetty-xml-9.3.25.v20180904.jar:/home/user/.m2/repository/javax/servlet/jsp/jsp-api/2.1/jsp-api-2.1.jar:/home/user/.m2/repository/com/sun/jersey/jersey-core/1.19/jersey-core-1.19.jar:/home/user/.m2/repository/javax/ws/rs/jsr311-api/1.1.1/jsr311-api-1.1.1.jar:/home/user/.m2/repository/com/sun/jersey/jersey-servlet/1.19/jersey-servlet-1.19.jar:/home/user/.m2/repository/com/sun/jersey/jersey-json/1.19/jersey-json-1.19.jar:/home/user/.m2/repository/org/codehaus/jettison/jettison/1.1/jettison-1.1.jar:/home/user/.m2/repository/com/sun/xml/bind/jaxb-impl/2.3.0.1/jaxb-impl-2.3.0.1.jar:/home/user/.m2/repository/org/codehaus/jackson/jackson-core-asl/1.9.13/jackson-core-asl-1.9.13.jar:/home/user/.m2/repository/org/codehaus/jackson/jackson-mapper-asl/1.9.13/jackson-mapper-asl-1.9.13.jar:/home/user/.m2/repository/org/codehaus/jackson/jackson-jaxrs/1.9.13/jackson-jaxrs-1.9.13.jar:/home/user/.m2/repository/org/codehaus/jackson/jackson-xc/1.9.13/jackson-xc-1.9.13.jar:/home/user/.m2/repository/com/sun/jersey/jersey-server/1.19/jersey-server-1.19.jar:/home/user/.m2/repository/commons-logging/commons-logging/1.1.3/commons-logging-1.1.3.jar:/home/user/.m2/repository/log4j/log4j/1.2.17/log4j-1.2.17.jar:/home/user/.m2/repository/commons-beanutils/commons-beanutils/1.9.4/commons-beanutils-1.9.4.jar:/home/user/.m2/repository/org/apache/commons/commons-configuration2/2.1.1/commons-configuration2-2.1.1.jar:/home/user/.m2/repository/org/apache/commons/commons-lang3/3.7/commons-lang3-3.7.jar:/home/user/.m2/repository/org/apache/commons/commons-text/1.4/commons-text-1.4.jar:/home/user/.m2/repository/org/slf4j/slf4j-api/1.7.25/slf4j-api-1.7.25.jar:/home/user/.m2/repository/org/slf4j/slf4j-log4j12/1.7.25/slf4j-log4j12-1.7.25.jar:/home/user/.m2/repository/org/apache/avro/avro/1.7.7/avro-1.7.7.jar:/home/user/.m2/repository/com/thoughtworks/paranamer/paranamer/2.3/paranamer-2.3.jar:/home/user/.m2/repository/org/xerial/snappy/snappy-java/1.0.5/snappy-java-1.0.5.jar:/home/user/.m2/repository/com/google/re2j/re2j/1.1/re2j-1.1.jar:/home/user/.m2/repository/com/google/code/gson/gson/2.2.4/gson-2.2.4.jar:/home/user/.m2/repository/org/apache/hadoop/hadoop-auth/3.2.0/hadoop-auth-3.2.0.jar:/home/user/.m2/repository/com/nimbusds/nimbus-jose-jwt/4.41.1/nimbus-jose-jwt-4.41.1.jar:/home/user/.m2/repository/com/github/stephenc/jcip/jcip-annotations/1.0-1/jcip-annotations-1.0-1.jar:/home/user/.m2/repository/net/minidev/json-smart/2.3/json-smart-2.3.jar:/home/user/.m2/repository/net/minidev/accessors-smart/1.2/accessors-smart-1.2.jar:/home/user/.m2/repository/org/apache/curator/curator-framework/2.12.0/curator-framework-2.12.0.jar:/home/user/.m2/repository/com/jcraft/jsch/0.1.54/jsch-0.1.54.jar:/home/user/.m2/repository/org/apache/curator/curator-client/2.12.0/curator-client-2.12.0.jar:/home/user/.m2/repository/org/apache/curator/curator-recipes/2.12.0/curator-recipes-2.12.0.jar:/home/user/.m2/repository/com/google/code/findbugs/jsr305/3.0.0/jsr305-3.0.0.jar:/home/user/.m2/repository/org/apache/htrace/htrace-core4/4.1.0-incubating/htrace-core4-4.1.0-incubating.jar:/home/user/.m2/repository/org/apache/zookeeper/zookeeper/3.4.13/zookeeper-3.4.13.jar:/home/user/.m2/repository/jline/jline/0.9.94/jline-0.9.94.jar:/home/user/.m2/repository/org/apache/yetus/audience-annotations/0.5.0/audience-annotations-0.5.0.jar:/home/user/.m2/repository/org/apache/kerby/kerb-simplekdc/1.0.1/kerb-simplekdc-1.0.1.jar:/home/user/.m2/repository/org/apache/kerby/kerb-client/1.0.1/kerb-client-1.0.1.jar:/home/user/.m2/repository/org/apache/kerby/kerby-config/1.0.1/kerby-config-1.0.1.jar:/home/user/.m2/repository/org/apache/kerby/kerb-core/1.0.1/kerb-core-1.0.1.jar:/home/user/.m2/repository/org/apache/kerby/kerby-pkix/1.0.1/kerby-pkix-1.0.1.jar:/home/user/.m2/repository/org/apache/kerby/kerby-asn1/1.0.1/kerby-asn1-1.0.1.jar:/home/user/.m2/repository/org/apache/kerby/kerby-util/1.0.1/kerby-util-1.0.1.jar:/home/user/.m2/repository/org/apache/kerby/kerb-common/1.0.1/kerb-common-1.0.1.jar:/home/user/.m2/repository/org/apache/kerby/kerb-crypto/1.0.1/kerb-crypto-1.0.1.jar:/home/user/.m2/repository/org/apache/kerby/kerb-util/1.0.1/kerb-util-1.0.1.jar:/home/user/.m2/repository/org/apache/kerby/token-provider/1.0.1/token-provider-1.0.1.jar:/home/user/.m2/repository/org/apache/kerby/kerb-admin/1.0.1/kerb-admin-1.0.1.jar:/home/user/.m2/repository/org/apache/kerby/kerb-server/1.0.1/kerb-server-1.0.1.jar:/home/user/.m2/repository/org/apache/kerby/kerb-identity/1.0.1/kerb-identity-1.0.1.jar:/home/user/.m2/repository/org/apache/kerby/kerby-xdr/1.0.1/kerby-xdr-1.0.1.jar:/home/user/.m2/repository/com/fasterxml/jackson/core/jackson-databind/2.9.9/jackson-databind-2.9.9.jar:/home/user/.m2/repository/com/fasterxml/jackson/core/jackson-core/2.9.9/jackson-core-2.9.9.jar:/home/user/.m2/repository/org/codehaus/woodstox/stax2-api/3.1.4/stax2-api-3.1.4.jar:/home/user/.m2/repository/com/fasterxml/woodstox/woodstox-core/5.0.3/woodstox-core-5.0.3.jar:/home/user/.m2/repository/dnsjava/dnsjava/2.1.7/dnsjava-2.1.7.jar:/home/user/.m2/repository/org/apache/hadoop/hadoop-hdfs/3.2.0/hadoop-hdfs-3.2.0.jar:/home/user/.m2/repository/org/eclipse/jetty/jetty-util-ajax/9.3.25.v20180904/jetty-util-ajax-9.3.25.v20180904.jar:/home/user/.m2/repository/commons-daemon/commons-daemon/1.0.13/commons-daemon-1.0.13.jar:/home/user/.m2/repository/io/netty/netty/3.10.5.Final/netty-3.10.5.Final.jar:/home/user/.m2/repository/io/netty/netty-all/4.0.52.Final/netty-all-4.0.52.Final.jar:/home/user/.m2/repository/org/fusesource/leveldbjni/leveldbjni-all/1.8/leveldbjni-all-1.8.jar:/home/user/.m2/repository/com/sun/xml/bind/jaxb-core/2.3.0.1/jaxb-core-2.3.0.1.jar:/home/user/.m2/repository/javax/xml/bind/jaxb-api/2.3.0/jaxb-api-2.3.0.jar:/home/user/.m2/repository/javax/activation/activation/1.1.1/activation-1.1.1.jar:/home/user/.m2/repository/io/dropwizard/metrics/metrics-core/3.2.4/metrics-core-3.2.4.jar:/home/user/.m2/repository/org/openjdk/jmh/jmh-core/1.19/jmh-core-1.19.jar:/home/user/.m2/repository/net/sf/jopt-simple/jopt-simple/4.6/jopt-simple-4.6.jar:/home/user/.m2/repository/org/openjdk/jmh/jmh-generator-annprocess/1.19/jmh-generator-annprocess-1.19.jar:/home/user/.m2/repository/com/amazonaws/aws-java-sdk-s3/1.11.615/aws-java-sdk-s3-1.11.615.jar:/home/user/.m2/repository/com/amazonaws/aws-java-sdk-kms/1.11.615/aws-java-sdk-kms-1.11.615.jar:/home/user/.m2/repository/com/amazonaws/aws-java-sdk-core/1.11.615/aws-java-sdk-core-1.11.615.jar:/home/user/.m2/repository/software/amazon/ion/ion-java/1.0.2/ion-java-1.0.2.jar:/home/user/.m2/repository/com/fasterxml/jackson/dataformat/jackson-dataformat-cbor/2.9.9/jackson-dataformat-cbor-2.9.9.jar:/home/user/.m2/repository/joda-time/joda-time/2.9.9/joda-time-2.9.9.jar:/home/user/.m2/repository/com/amazonaws/jmespath-java/1.11.615/jmespath-java-1.11.615.jar:/home/user/.m2/repository/com/google/code/findbugs/findbugs/3.0.1/findbugs-3.0.1.jar:/home/user/.m2/repository/net/jcip/jcip-annotations/1.0/jcip-annotations-1.0.jar:/home/user/.m2/repository/com/google/code/findbugs/bcel-findbugs/6.0/bcel-findbugs-6.0.jar:/home/user/.m2/repository/com/google/code/findbugs/jFormatString/2.0.1/jFormatString-2.0.1.jar:/home/user/.m2/repository/dom4j/dom4j/1.6.1/dom4j-1.6.1.jar:/home/user/.m2/repository/xml-apis/xml-apis/1.0.b2/xml-apis-1.0.b2.jar:/home/user/.m2/repository/org/ow2/asm/asm-debug-all/5.0.2/asm-debug-all-5.0.2.jar:/home/user/.m2/repository/org/ow2/asm/asm-commons/5.0.2/asm-commons-5.0.2.jar:/home/user/.m2/repository/org/ow2/asm/asm-tree/5.0.2/asm-tree-5.0.2.jar:/home/user/.m2/repository/org/ow2/asm/asm/5.0.4/asm-5.0.4.jar:/home/user/.m2/repository/commons-lang/commons-lang/2.6/commons-lang-2.6.jar:/home/user/.m2/repository/com/apple/AppleJavaExtensions/1.4/AppleJavaExtensions-1.4.jar:/home/user/.m2/repository/jaxen/jaxen/1.1.6/jaxen-1.1.6.jar:/home/user/.m2/repository/junit/junit/4.11/junit-4.11.jar:/home/user/.m2/repository/org/hamcrest/hamcrest-core/1.3/hamcrest-core-1.3.jar:/home/user/.m2/repository/org/apache/hadoop/hadoop-common/3.2.0/hadoop-common-3.2.0-tests.jar:/workdir/hadoop-ozone/integration-test/target/test-classes:/home/user/.m2/repository/org/apache/hadoop/hadoop-ozone-s3gateway/0.5.0-SNAPSHOT/hadoop-ozone-s3gateway-0.5.0-SNAPSHOT.jar:/home/user/.m2/repository/org/jboss/weld/servlet/weld-servlet/2.4.7.Final/weld-servlet-2.4.7.Final.jar:/home/user/.m2/repository/org/glassfish/jersey/containers/jersey-container-servlet-core/2.27/jersey-container-servlet-core-2.27.jar:/home/user/.m2/repository/org/glassfish/hk2/external/javax.inject/2.5.0-b42/javax.inject-2.5.0-b42.jar:/home/user/.m2/repository/org/glassfish/jersey/core/jersey-common/2.27/jersey-common-2.27.jar:/home/user/.m2/repository/org/glassfish/hk2/osgi-resource-locator/1.0.1/osgi-resource-locator-1.0.1.jar:/home/user/.m2/repository/javax/ws/rs/javax.ws.rs-api/2.1/javax.ws.rs-api-2.1.jar:/home/user/.m2/repository/org/glassfish/jersey/ext/cdi/jersey-cdi1x/2.27/jersey-cdi1x-2.27.jar:/home/user/.m2/repository/org/glassfish/jersey/inject/jersey-hk2/2.27/jersey-hk2-2.27.jar:/home/user/.m2/repository/org/glassfish/hk2/hk2-locator/2.5.0-b42/hk2-locator-2.5.0-b42.jar:/home/user/.m2/repository/org/javassist/javassist/3.22.0-CR2/javassist-3.22.0-CR2.jar:/home/user/.m2/repository/org/glassfish/hk2/hk2-api/2.5.0/hk2-api-2.5.0.jar:/home/user/.m2/repository/org/glassfish/hk2/external/jakarta.inject/2.5.0/jakarta.inject-2.5.0.jar:/home/user/.m2/repository/org/glassfish/hk2/hk2-utils/2.5.0/hk2-utils-2.5.0.jar:/home/user/.m2/repository/jakarta/annotation/jakarta.annotation-api/1.3.4/jakarta.annotation-api-1.3.4.jar:/home/user/.m2/repository/org/glassfish/hk2/external/aopalliance-repackaged/2.5.0/aopalliance-repackaged-2.5.0.jar:/home/user/.m2/repository/com/fasterxml/jackson/dataformat/jackson-dataformat-xml/2.9.0/jackson-dataformat-xml-2.9.0.jar:/home/user/.m2/repository/com/fasterxml/jackson/module/jackson-module-jaxb-annotations/2.9.9/jackson-module-jaxb-annotations-2.9.9.jar:/home/user/.m2/repository/javax/enterprise/cdi-api/1.2/cdi-api-1.2.jar:/home/user/.m2/repository/javax/el/javax.el-api/3.0.0/javax.el-api-3.0.0.jar:/home/user/.m2/repository/javax/interceptor/javax.interceptor-api/1.2/javax.interceptor-api-1.2.jar:/home/user/.m2/repository/javax/inject/javax.inject/1/javax.inject-1.jar:/home/user/.m2/repository/org/apache/hadoop/hadoop-ozone-csi/0.5.0-SNAPSHOT/hadoop-ozone-csi-0.5.0-SNAPSHOT.jar:/home/user/.m2/repository/com/google/protobuf/protobuf-java-util/3.5.1/protobuf-java-util-3.5.1.jar:/home/user/.m2/repository/io/grpc/grpc-netty/1.17.1/grpc-netty-1.17.1.jar:/home/user/.m2/repository/io/grpc/grpc-core/1.17.1/grpc-core-1.17.1.jar:/home/user/.m2/repository/io/grpc/grpc-context/1.17.1/grpc-context-1.17.1.jar:/home/user/.m2/repository/com/google/errorprone/error_prone_annotations/2.2.0/error_prone_annotations-2.2.0.jar:/home/user/.m2/repository/org/codehaus/mojo/animal-sniffer-annotations/1.17/animal-sniffer-annotations-1.17.jar:/home/user/.m2/repository/io/opencensus/opencensus-api/0.17.0/opencensus-api-0.17.0.jar:/home/user/.m2/repository/io/opencensus/opencensus-contrib-grpc-metrics/0.17.0/opencensus-contrib-grpc-metrics-0.17.0.jar:/home/user/.m2/repository/io/netty/netty-codec-http2/4.1.30.Final/netty-codec-http2-4.1.30.Final.jar:/home/user/.m2/repository/io/netty/netty-codec-http/4.1.30.Final/netty-codec-http-4.1.30.Final.jar:/home/user/.m2/repository/io/netty/netty-codec/4.1.30.Final/netty-codec-4.1.30.Final.jar:/home/user/.m2/repository/io/netty/netty-handler/4.1.30.Final/netty-handler-4.1.30.Final.jar:/home/user/.m2/repository/io/netty/netty-handler-proxy/4.1.30.Final/netty-handler-proxy-4.1.30.Final.jar:/home/user/.m2/repository/io/netty/netty-codec-socks/4.1.30.Final/netty-codec-socks-4.1.30.Final.jar:/home/user/.m2/repository/io/netty/netty-transport-native-epoll/4.1.30.Final/netty-transport-native-epoll-4.1.30.Final.jar:/home/user/.m2/repository/io/netty/netty-common/4.1.30.Final/netty-common-4.1.30.Final.jar:/home/user/.m2/repository/io/netty/netty-buffer/4.1.30.Final/netty-buffer-4.1.30.Final.jar:/home/user/.m2/repository/io/netty/netty-transport/4.1.30.Final/netty-transport-4.1.30.Final.jar:/home/user/.m2/repository/io/netty/netty-resolver/4.1.30.Final/netty-resolver-4.1.30.Final.jar:/home/user/.m2/repository/io/netty/netty-transport-native-unix-common/4.1.30.Final/netty-transport-native-unix-common-4.1.30.Final.jar:/home/user/.m2/repository/io/grpc/grpc-protobuf/1.17.1/grpc-protobuf-1.17.1.jar:/home/user/.m2/repository/com/google/api/grpc/proto-google-common-protos/1.0.0/proto-google-common-protos-1.0.0.jar:/home/user/.m2/repository/io/grpc/grpc-protobuf-lite/1.17.1/grpc-protobuf-lite-1.17.1.jar:/home/user/.m2/repository/io/grpc/grpc-stub/1.17.1/grpc-stub-1.17.1.jar:/home/user/.m2/repository/org/apache/hadoop/hadoop-ozone-recon/0.5.0-SNAPSHOT/hadoop-ozone-recon-0.5.0-SNAPSHOT.jar:/home/user/.m2/repository/org/apache/hadoop/hadoop-ozone-reconcodegen/0.5.0-SNAPSHOT/hadoop-ozone-reconcodegen-0.5.0-SNAPSHOT.jar:/home/user/.m2/repository/com/google/inject/extensions/guice-multibindings/4.0/guice-multibindings-4.0.jar:/home/user/.m2/repository/com/google/inject/guice/4.0/guice-4.0.jar:/home/user/.m2/repository/aopalliance/aopalliance/1.0/aopalliance-1.0.jar:/home/user/.m2/repository/com/google/inject/extensions/guice-servlet/4.0/guice-servlet-4.0.jar:/home/user/.m2/repository/org/glassfish/jersey/containers/jersey-container-servlet/2.27/jersey-container-servlet-2.27.jar:/home/user/.m2/repository/org/glassfish/hk2/guice-bridge/2.5.0/guice-bridge-2.5.0.jar:/home/user/.m2/repository/org/glassfish/jersey/core/jersey-server/2.27/jersey-server-2.27.jar:/home/user/.m2/repository/org/glassfish/jersey/core/jersey-client/2.27/jersey-client-2.27.jar:/home/user/.m2/repository/org/glassfish/jersey/media/jersey-media-jaxb/2.27/jersey-media-jaxb-2.27.jar:/home/user/.m2/repository/javax/validation/validation-api/1.1.0.Final/validation-api-1.1.0.Final.jar:/home/user/.m2/repository/org/glassfish/jersey/media/jersey-media-json-jackson/2.27/jersey-media-json-jackson-2.27.jar:/home/user/.m2/repository/org/glassfish/jersey/ext/jersey-entity-filtering/2.27/jersey-entity-filtering-2.27.jar:/home/user/.m2/repository/com/google/inject/extensions/guice-assistedinject/4.0/guice-assistedinject-4.0.jar:/home/user/.m2/repository/org/jooq/jooq/3.11.10/jooq-3.11.10.jar:/home/user/.m2/repository/org/jooq/jooq-meta/3.11.10/jooq-meta-3.11.10.jar:/home/user/.m2/repository/org/jooq/jooq-codegen/3.11.10/jooq-codegen-3.11.10.jar:/home/user/.m2/repository/com/jolbox/bonecp/0.8.0.RELEASE/bonecp-0.8.0.RELEASE.jar:/home/user/.m2/repository/org/springframework/spring-jdbc/5.1.3.RELEASE/spring-jdbc-5.1.3.RELEASE.jar:/home/user/.m2/repository/org/springframework/spring-beans/5.1.3.RELEASE/spring-beans-5.1.3.RELEASE.jar:/home/user/.m2/repository/org/springframework/spring-core/5.1.3.RELEASE/spring-core-5.1.3.RELEASE.jar:/home/user/.m2/repository/org/springframework/spring-jcl/5.1.3.RELEASE/spring-jcl-5.1.3.RELEASE.jar:/home/user/.m2/repository/org/springframework/spring-tx/5.1.3.RELEASE/spring-tx-5.1.3.RELEASE.jar:/home/user/.m2/repository/org/mockito/mockito-core/2.15.0/mockito-core-2.15.0.jar:/home/user/.m2/repository/net/bytebuddy/byte-buddy/1.7.9/byte-buddy-1.7.9.jar:/home/user/.m2/repository/net/bytebuddy/byte-buddy-agent/1.7.9/byte-buddy-agent-1.7.9.jar:/home/user/.m2/repository/org/objenesis/objenesis/1.0/objenesis-1.0.jar:"/>
    <property name="java.vm.vendor" value="IcedTea"/>
    <property name="sun.arch.data.model" value="64"/>
    <property name="test.build.dir" value="/workdir/hadoop-ozone/tools/target/test-dir"/>
    <property name="test.cache.data" value=""/>
    <property name="java.vendor.url" value="https://icedtea.classpath.org"/>
    <property name="user.timezone" value=""/>
    <property name="java.vm.specification.version" value="1.8"/>
    <property name="os.name" value="Linux"/>
    <property name="test.build.data" value="/workdir/hadoop-ozone/tools/target/test-dir"/>
    <property name="user.country" value="US"/>
    <property name="sun.java.launcher" value="SUN_STANDARD"/>
    <property name="sun.boot.library.path" value="/usr/lib/jvm/java-1.8-openjdk/jre/lib/amd64"/>
    <property name="sun.java.command" value="/workdir/hadoop-ozone/tools/target/surefire/surefirebooter6485850437101660762.jar /workdir/hadoop-ozone/tools/target/surefire 2019-09-25T04-01-08_071-jvmRun1 surefire680505209245155732tmp surefire_1135531376265825112520tmp"/>
    <property name="test" value="!TestMiniChaosOzoneCluster"/>
    <property name="surefire.test.class.path" value="/workdir/hadoop-ozone/tools/target/test-classes:/workdir/hadoop-ozone/tools/target/classes:/home/user/.m2/repository/org/apache/hadoop/hadoop-ozone-ozone-manager/0.5.0-SNAPSHOT/hadoop-ozone-ozone-manager-0.5.0-SNAPSHOT.jar:/home/user/.m2/repository/org/apache/hadoop/hadoop-hdds-docs/0.5.0-SNAPSHOT/hadoop-hdds-docs-0.5.0-SNAPSHOT.jar:/home/user/.m2/repository/org/bouncycastle/bcprov-jdk15on/1.60/bcprov-jdk15on-1.60.jar:/home/user/.m2/repository/org/apache/hadoop/hadoop-ozone-common/0.5.0-SNAPSHOT/hadoop-ozone-common-0.5.0-SNAPSHOT.jar:/home/user/.m2/repository/org/apache/commons/commons-compress/1.4.1/commons-compress-1.4.1.jar:/home/user/.m2/repository/org/tukaani/xz/1.0/xz-1.0.jar:/home/user/.m2/repository/org/apache/hadoop/hadoop-hdfs-client/3.2.0/hadoop-hdfs-client-3.2.0.jar:/home/user/.m2/repository/com/fasterxml/jackson/core/jackson-annotations/2.9.9/jackson-annotations-2.9.9.jar:/home/user/.m2/repository/org/apache/hadoop/hadoop-hdds-common/0.5.0-SNAPSHOT/hadoop-hdds-common-0.5.0-SNAPSHOT.jar:/home/user/.m2/repository/org/apache/hadoop/hadoop-hdds-config/0.5.0-SNAPSHOT/hadoop-hdds-config-0.5.0-SNAPSHOT.jar:/home/user/.m2/repository/javax/annotation/javax.annotation-api/1.2/javax.annotation-api-1.2.jar:/home/user/.m2/repository/org/apache/ratis/ratis-server/0.4.0/ratis-server-0.4.0.jar:/home/user/.m2/repository/org/apache/ratis/ratis-thirdparty-misc/0.2.0/ratis-thirdparty-misc-0.2.0.jar:/home/user/.m2/repository/org/apache/ratis/ratis-proto/0.4.0/ratis-proto-0.4.0.jar:/home/user/.m2/repository/org/apache/ratis/ratis-common/0.4.0/ratis-common-0.4.0.jar:/home/user/.m2/repository/org/apache/ratis/ratis-client/0.4.0/ratis-client-0.4.0.jar:/home/user/.m2/repository/org/apache/ratis/ratis-metrics/0.4.0/ratis-metrics-0.4.0.jar:/home/user/.m2/repository/com/github/joshelser/dropwizard-metrics-hadoop-metrics2-reporter/0.1.2/dropwizard-metrics-hadoop-metrics2-reporter-0.1.2.jar:/home/user/.m2/repository/io/dropwizard/metrics/metrics-jvm/3.2.5/metrics-jvm-3.2.5.jar:/home/user/.m2/repository/io/dropwizard/metrics/metrics-ganglia/3.2.5/metrics-ganglia-3.2.5.jar:/home/user/.m2/repository/info/ganglia/gmetric4j/gmetric4j/1.0.7/gmetric4j-1.0.7.jar:/home/user/.m2/repository/org/apache/ratis/ratis-netty/0.4.0/ratis-netty-0.4.0.jar:/home/user/.m2/repository/org/apache/ratis/ratis-grpc/0.4.0/ratis-grpc-0.4.0.jar:/home/user/.m2/repository/org/rocksdb/rocksdbjni/6.0.1/rocksdbjni-6.0.1.jar:/home/user/.m2/repository/org/apache/logging/log4j/log4j-api/2.11.0/log4j-api-2.11.0.jar:/home/user/.m2/repository/org/apache/logging/log4j/log4j-core/2.11.0/log4j-core-2.11.0.jar:/home/user/.m2/repository/com/lmax/disruptor/3.4.2/disruptor-3.4.2.jar:/home/user/.m2/repository/org/apache/commons/commons-pool2/2.6.0/commons-pool2-2.6.0.jar:/home/user/.m2/repository/org/bouncycastle/bcpkix-jdk15on/1.60/bcpkix-jdk15on-1.60.jar:/home/user/.m2/repository/commons-validator/commons-validator/1.6/commons-validator-1.6.jar:/home/user/.m2/repository/commons-digester/commons-digester/1.8.1/commons-digester-1.8.1.jar:/home/user/.m2/repository/io/jaegertracing/jaeger-client/0.34.0/jaeger-client-0.34.0.jar:/home/user/.m2/repository/io/jaegertracing/jaeger-thrift/0.34.0/jaeger-thrift-0.34.0.jar:/home/user/.m2/repository/org/apache/thrift/libthrift/0.12.0/libthrift-0.12.0.jar:/home/user/.m2/repository/com/squareup/okhttp3/okhttp/3.9.0/okhttp-3.9.0.jar:/home/user/.m2/repository/com/squareup/okio/okio/1.13.0/okio-1.13.0.jar:/home/user/.m2/repository/io/jaegertracing/jaeger-core/0.34.0/jaeger-core-0.34.0.jar:/home/user/.m2/repository/io/jaegertracing/jaeger-tracerresolver/0.34.0/jaeger-tracerresolver-0.34.0.jar:/home/user/.m2/repository/io/opentracing/contrib/opentracing-tracerresolver/0.1.5/opentracing-tracerresolver-0.1.5.jar:/home/user/.m2/repository/io/opentracing/opentracing-util/0.31.0/opentracing-util-0.31.0.jar:/home/user/.m2/repository/io/opentracing/opentracing-api/0.31.0/opentracing-api-0.31.0.jar:/home/user/.m2/repository/io/opentracing/opentracing-noop/0.31.0/opentracing-noop-0.31.0.jar:/home/user/.m2/repository/org/yaml/snakeyaml/1.16/snakeyaml-1.16.jar:/home/user/.m2/repository/org/apache/hadoop/hadoop-hdds-container-service/0.5.0-SNAPSHOT/hadoop-hdds-container-service-0.5.0-SNAPSHOT.jar:/home/user/.m2/repository/org/apache/hadoop/hadoop-hdds-client/0.5.0-SNAPSHOT/hadoop-hdds-client-0.5.0-SNAPSHOT.jar:/home/user/.m2/repository/org/apache/hadoop/hadoop-hdds-tools/0.5.0-SNAPSHOT/hadoop-hdds-tools-0.5.0-SNAPSHOT.jar:/home/user/.m2/repository/org/xerial/sqlite-jdbc/3.25.2/sqlite-jdbc-3.25.2.jar:/home/user/.m2/repository/org/apache/hadoop/hadoop-hdds-server-scm/0.5.0-SNAPSHOT/hadoop-hdds-server-scm-0.5.0-SNAPSHOT.jar:/home/user/.m2/repository/org/hamcrest/hamcrest-all/1.3/hamcrest-all-1.3.jar:/home/user/.m2/repository/info/picocli/picocli/3.9.6/picocli-3.9.6.jar:/home/user/.m2/repository/com/google/protobuf/protobuf-java/2.5.0/protobuf-java-2.5.0.jar:/home/user/.m2/repository/com/google/guava/guava/11.0.2/guava-11.0.2.jar:/home/user/.m2/repository/org/apache/hadoop/hadoop-ozone-client/0.5.0-SNAPSHOT/hadoop-ozone-client-0.5.0-SNAPSHOT.jar:/workdir/hadoop-ozone/ozonefs/target/classes:/home/user/.m2/repository/org/apache/hadoop/hadoop-hdds-server-framework/0.5.0-SNAPSHOT/hadoop-hdds-server-framework-0.5.0-SNAPSHOT.jar:/home/user/.m2/repository/org/apache/hadoop/hadoop-common/3.2.0/hadoop-common-3.2.0.jar:/home/user/.m2/repository/org/apache/hadoop/hadoop-annotations/3.2.0/hadoop-annotations-3.2.0.jar:/usr/lib/jvm/java-1.8-openjdk/jre/../lib/tools.jar:/home/user/.m2/repository/commons-cli/commons-cli/1.2/commons-cli-1.2.jar:/home/user/.m2/repository/org/apache/commons/commons-math3/3.1.1/commons-math3-3.1.1.jar:/home/user/.m2/repository/org/apache/httpcomponents/httpclient/4.5.2/httpclient-4.5.2.jar:/home/user/.m2/repository/org/apache/httpcomponents/httpcore/4.4.4/httpcore-4.4.4.jar:/home/user/.m2/repository/commons-codec/commons-codec/1.11/commons-codec-1.11.jar:/home/user/.m2/repository/commons-io/commons-io/2.5/commons-io-2.5.jar:/home/user/.m2/repository/commons-net/commons-net/3.6/commons-net-3.6.jar:/home/user/.m2/repository/commons-collections/commons-collections/3.2.2/commons-collections-3.2.2.jar:/home/user/.m2/repository/javax/servlet/javax.servlet-api/3.1.0/javax.servlet-api-3.1.0.jar:/home/user/.m2/repository/org/eclipse/jetty/jetty-server/9.3.25.v20180904/jetty-server-9.3.25.v20180904.jar:/home/user/.m2/repository/org/eclipse/jetty/jetty-http/9.3.25.v20180904/jetty-http-9.3.25.v20180904.jar:/home/user/.m2/repository/org/eclipse/jetty/jetty-io/9.3.25.v20180904/jetty-io-9.3.25.v20180904.jar:/home/user/.m2/repository/org/eclipse/jetty/jetty-util/9.3.25.v20180904/jetty-util-9.3.25.v20180904.jar:/home/user/.m2/repository/org/eclipse/jetty/jetty-servlet/9.3.25.v20180904/jetty-servlet-9.3.25.v20180904.jar:/home/user/.m2/repository/org/eclipse/jetty/jetty-security/9.3.25.v20180904/jetty-security-9.3.25.v20180904.jar:/home/user/.m2/repository/org/eclipse/jetty/jetty-webapp/9.3.25.v20180904/jetty-webapp-9.3.25.v20180904.jar:/home/user/.m2/repository/org/eclipse/jetty/jetty-xml/9.3.25.v20180904/jetty-xml-9.3.25.v20180904.jar:/home/user/.m2/repository/javax/servlet/jsp/jsp-api/2.1/jsp-api-2.1.jar:/home/user/.m2/repository/com/sun/jersey/jersey-core/1.19/jersey-core-1.19.jar:/home/user/.m2/repository/javax/ws/rs/jsr311-api/1.1.1/jsr311-api-1.1.1.jar:/home/user/.m2/repository/com/sun/jersey/jersey-servlet/1.19/jersey-servlet-1.19.jar:/home/user/.m2/repository/com/sun/jersey/jersey-json/1.19/jersey-json-1.19.jar:/home/user/.m2/repository/org/codehaus/jettison/jettison/1.1/jettison-1.1.jar:/home/user/.m2/repository/com/sun/xml/bind/jaxb-impl/2.3.0.1/jaxb-impl-2.3.0.1.jar:/home/user/.m2/repository/org/codehaus/jackson/jackson-core-asl/1.9.13/jackson-core-asl-1.9.13.jar:/home/user/.m2/repository/org/codehaus/jackson/jackson-mapper-asl/1.9.13/jackson-mapper-asl-1.9.13.jar:/home/user/.m2/repository/org/codehaus/jackson/jackson-jaxrs/1.9.13/jackson-jaxrs-1.9.13.jar:/home/user/.m2/repository/org/codehaus/jackson/jackson-xc/1.9.13/jackson-xc-1.9.13.jar:/home/user/.m2/repository/com/sun/jersey/jersey-server/1.19/jersey-server-1.19.jar:/home/user/.m2/repository/commons-logging/commons-logging/1.1.3/commons-logging-1.1.3.jar:/home/user/.m2/repository/log4j/log4j/1.2.17/log4j-1.2.17.jar:/home/user/.m2/repository/commons-beanutils/commons-beanutils/1.9.4/commons-beanutils-1.9.4.jar:/home/user/.m2/repository/org/apache/commons/commons-configuration2/2.1.1/commons-configuration2-2.1.1.jar:/home/user/.m2/repository/org/apache/commons/commons-lang3/3.7/commons-lang3-3.7.jar:/home/user/.m2/repository/org/apache/commons/commons-text/1.4/commons-text-1.4.jar:/home/user/.m2/repository/org/slf4j/slf4j-api/1.7.25/slf4j-api-1.7.25.jar:/home/user/.m2/repository/org/slf4j/slf4j-log4j12/1.7.25/slf4j-log4j12-1.7.25.jar:/home/user/.m2/repository/org/apache/avro/avro/1.7.7/avro-1.7.7.jar:/home/user/.m2/repository/com/thoughtworks/paranamer/paranamer/2.3/paranamer-2.3.jar:/home/user/.m2/repository/org/xerial/snappy/snappy-java/1.0.5/snappy-java-1.0.5.jar:/home/user/.m2/repository/com/google/re2j/re2j/1.1/re2j-1.1.jar:/home/user/.m2/repository/com/google/code/gson/gson/2.2.4/gson-2.2.4.jar:/home/user/.m2/repository/org/apache/hadoop/hadoop-auth/3.2.0/hadoop-auth-3.2.0.jar:/home/user/.m2/repository/com/nimbusds/nimbus-jose-jwt/4.41.1/nimbus-jose-jwt-4.41.1.jar:/home/user/.m2/repository/com/github/stephenc/jcip/jcip-annotations/1.0-1/jcip-annotations-1.0-1.jar:/home/user/.m2/repository/net/minidev/json-smart/2.3/json-smart-2.3.jar:/home/user/.m2/repository/net/minidev/accessors-smart/1.2/accessors-smart-1.2.jar:/home/user/.m2/repository/org/apache/curator/curator-framework/2.12.0/curator-framework-2.12.0.jar:/home/user/.m2/repository/com/jcraft/jsch/0.1.54/jsch-0.1.54.jar:/home/user/.m2/repository/org/apache/curator/curator-client/2.12.0/curator-client-2.12.0.jar:/home/user/.m2/repository/org/apache/curator/curator-recipes/2.12.0/curator-recipes-2.12.0.jar:/home/user/.m2/repository/com/google/code/findbugs/jsr305/3.0.0/jsr305-3.0.0.jar:/home/user/.m2/repository/org/apache/htrace/htrace-core4/4.1.0-incubating/htrace-core4-4.1.0-incubating.jar:/home/user/.m2/repository/org/apache/zookeeper/zookeeper/3.4.13/zookeeper-3.4.13.jar:/home/user/.m2/repository/jline/jline/0.9.94/jline-0.9.94.jar:/home/user/.m2/repository/org/apache/yetus/audience-annotations/0.5.0/audience-annotations-0.5.0.jar:/home/user/.m2/repository/org/apache/kerby/kerb-simplekdc/1.0.1/kerb-simplekdc-1.0.1.jar:/home/user/.m2/repository/org/apache/kerby/kerb-client/1.0.1/kerb-client-1.0.1.jar:/home/user/.m2/repository/org/apache/kerby/kerby-config/1.0.1/kerby-config-1.0.1.jar:/home/user/.m2/repository/org/apache/kerby/kerb-core/1.0.1/kerb-core-1.0.1.jar:/home/user/.m2/repository/org/apache/kerby/kerby-pkix/1.0.1/kerby-pkix-1.0.1.jar:/home/user/.m2/repository/org/apache/kerby/kerby-asn1/1.0.1/kerby-asn1-1.0.1.jar:/home/user/.m2/repository/org/apache/kerby/kerby-util/1.0.1/kerby-util-1.0.1.jar:/home/user/.m2/repository/org/apache/kerby/kerb-common/1.0.1/kerb-common-1.0.1.jar:/home/user/.m2/repository/org/apache/kerby/kerb-crypto/1.0.1/kerb-crypto-1.0.1.jar:/home/user/.m2/repository/org/apache/kerby/kerb-util/1.0.1/kerb-util-1.0.1.jar:/home/user/.m2/repository/org/apache/kerby/token-provider/1.0.1/token-provider-1.0.1.jar:/home/user/.m2/repository/org/apache/kerby/kerb-admin/1.0.1/kerb-admin-1.0.1.jar:/home/user/.m2/repository/org/apache/kerby/kerb-server/1.0.1/kerb-server-1.0.1.jar:/home/user/.m2/repository/org/apache/kerby/kerb-identity/1.0.1/kerb-identity-1.0.1.jar:/home/user/.m2/repository/org/apache/kerby/kerby-xdr/1.0.1/kerby-xdr-1.0.1.jar:/home/user/.m2/repository/com/fasterxml/jackson/core/jackson-databind/2.9.9/jackson-databind-2.9.9.jar:/home/user/.m2/repository/com/fasterxml/jackson/core/jackson-core/2.9.9/jackson-core-2.9.9.jar:/home/user/.m2/repository/org/codehaus/woodstox/stax2-api/3.1.4/stax2-api-3.1.4.jar:/home/user/.m2/repository/com/fasterxml/woodstox/woodstox-core/5.0.3/woodstox-core-5.0.3.jar:/home/user/.m2/repository/dnsjava/dnsjava/2.1.7/dnsjava-2.1.7.jar:/home/user/.m2/repository/org/apache/hadoop/hadoop-hdfs/3.2.0/hadoop-hdfs-3.2.0.jar:/home/user/.m2/repository/org/eclipse/jetty/jetty-util-ajax/9.3.25.v20180904/jetty-util-ajax-9.3.25.v20180904.jar:/home/user/.m2/repository/commons-daemon/commons-daemon/1.0.13/commons-daemon-1.0.13.jar:/home/user/.m2/repository/io/netty/netty/3.10.5.Final/netty-3.10.5.Final.jar:/home/user/.m2/repository/io/netty/netty-all/4.0.52.Final/netty-all-4.0.52.Final.jar:/home/user/.m2/repository/org/fusesource/leveldbjni/leveldbjni-all/1.8/leveldbjni-all-1.8.jar:/home/user/.m2/repository/com/sun/xml/bind/jaxb-core/2.3.0.1/jaxb-core-2.3.0.1.jar:/home/user/.m2/repository/javax/xml/bind/jaxb-api/2.3.0/jaxb-api-2.3.0.jar:/home/user/.m2/repository/javax/activation/activation/1.1.1/activation-1.1.1.jar:/home/user/.m2/repository/io/dropwizard/metrics/metrics-core/3.2.4/metrics-core-3.2.4.jar:/home/user/.m2/repository/org/openjdk/jmh/jmh-core/1.19/jmh-core-1.19.jar:/home/user/.m2/repository/net/sf/jopt-simple/jopt-simple/4.6/jopt-simple-4.6.jar:/home/user/.m2/repository/org/openjdk/jmh/jmh-generator-annprocess/1.19/jmh-generator-annprocess-1.19.jar:/home/user/.m2/repository/com/amazonaws/aws-java-sdk-s3/1.11.615/aws-java-sdk-s3-1.11.615.jar:/home/user/.m2/repository/com/amazonaws/aws-java-sdk-kms/1.11.615/aws-java-sdk-kms-1.11.615.jar:/home/user/.m2/repository/com/amazonaws/aws-java-sdk-core/1.11.615/aws-java-sdk-core-1.11.615.jar:/home/user/.m2/repository/software/amazon/ion/ion-java/1.0.2/ion-java-1.0.2.jar:/home/user/.m2/repository/com/fasterxml/jackson/dataformat/jackson-dataformat-cbor/2.9.9/jackson-dataformat-cbor-2.9.9.jar:/home/user/.m2/repository/joda-time/joda-time/2.9.9/joda-time-2.9.9.jar:/home/user/.m2/repository/com/amazonaws/jmespath-java/1.11.615/jmespath-java-1.11.615.jar:/home/user/.m2/repository/com/google/code/findbugs/findbugs/3.0.1/findbugs-3.0.1.jar:/home/user/.m2/repository/net/jcip/jcip-annotations/1.0/jcip-annotations-1.0.jar:/home/user/.m2/repository/com/google/code/findbugs/bcel-findbugs/6.0/bcel-findbugs-6.0.jar:/home/user/.m2/repository/com/google/code/findbugs/jFormatString/2.0.1/jFormatString-2.0.1.jar:/home/user/.m2/repository/dom4j/dom4j/1.6.1/dom4j-1.6.1.jar:/home/user/.m2/repository/xml-apis/xml-apis/1.0.b2/xml-apis-1.0.b2.jar:/home/user/.m2/repository/org/ow2/asm/asm-debug-all/5.0.2/asm-debug-all-5.0.2.jar:/home/user/.m2/repository/org/ow2/asm/asm-commons/5.0.2/asm-commons-5.0.2.jar:/home/user/.m2/repository/org/ow2/asm/asm-tree/5.0.2/asm-tree-5.0.2.jar:/home/user/.m2/repository/org/ow2/asm/asm/5.0.4/asm-5.0.4.jar:/home/user/.m2/repository/commons-lang/commons-lang/2.6/commons-lang-2.6.jar:/home/user/.m2/repository/com/apple/AppleJavaExtensions/1.4/AppleJavaExtensions-1.4.jar:/home/user/.m2/repository/jaxen/jaxen/1.1.6/jaxen-1.1.6.jar:/home/user/.m2/repository/junit/junit/4.11/junit-4.11.jar:/home/user/.m2/repository/org/hamcrest/hamcrest-core/1.3/hamcrest-core-1.3.jar:/home/user/.m2/repository/org/apache/hadoop/hadoop-common/3.2.0/hadoop-common-3.2.0-tests.jar:/workdir/hadoop-ozone/integration-test/target/test-classes:/home/user/.m2/repository/org/apache/hadoop/hadoop-ozone-s3gateway/0.5.0-SNAPSHOT/hadoop-ozone-s3gateway-0.5.0-SNAPSHOT.jar:/home/user/.m2/repository/org/jboss/weld/servlet/weld-servlet/2.4.7.Final/weld-servlet-2.4.7.Final.jar:/home/user/.m2/repository/org/glassfish/jersey/containers/jersey-container-servlet-core/2.27/jersey-container-servlet-core-2.27.jar:/home/user/.m2/repository/org/glassfish/hk2/external/javax.inject/2.5.0-b42/javax.inject-2.5.0-b42.jar:/home/user/.m2/repository/org/glassfish/jersey/core/jersey-common/2.27/jersey-common-2.27.jar:/home/user/.m2/repository/org/glassfish/hk2/osgi-resource-locator/1.0.1/osgi-resource-locator-1.0.1.jar:/home/user/.m2/repository/javax/ws/rs/javax.ws.rs-api/2.1/javax.ws.rs-api-2.1.jar:/home/user/.m2/repository/org/glassfish/jersey/ext/cdi/jersey-cdi1x/2.27/jersey-cdi1x-2.27.jar:/home/user/.m2/repository/org/glassfish/jersey/inject/jersey-hk2/2.27/jersey-hk2-2.27.jar:/home/user/.m2/repository/org/glassfish/hk2/hk2-locator/2.5.0-b42/hk2-locator-2.5.0-b42.jar:/home/user/.m2/repository/org/javassist/javassist/3.22.0-CR2/javassist-3.22.0-CR2.jar:/home/user/.m2/repository/org/glassfish/hk2/hk2-api/2.5.0/hk2-api-2.5.0.jar:/home/user/.m2/repository/org/glassfish/hk2/external/jakarta.inject/2.5.0/jakarta.inject-2.5.0.jar:/home/user/.m2/repository/org/glassfish/hk2/hk2-utils/2.5.0/hk2-utils-2.5.0.jar:/home/user/.m2/repository/jakarta/annotation/jakarta.annotation-api/1.3.4/jakarta.annotation-api-1.3.4.jar:/home/user/.m2/repository/org/glassfish/hk2/external/aopalliance-repackaged/2.5.0/aopalliance-repackaged-2.5.0.jar:/home/user/.m2/repository/com/fasterxml/jackson/dataformat/jackson-dataformat-xml/2.9.0/jackson-dataformat-xml-2.9.0.jar:/home/user/.m2/repository/com/fasterxml/jackson/module/jackson-module-jaxb-annotations/2.9.9/jackson-module-jaxb-annotations-2.9.9.jar:/home/user/.m2/repository/javax/enterprise/cdi-api/1.2/cdi-api-1.2.jar:/home/user/.m2/repository/javax/el/javax.el-api/3.0.0/javax.el-api-3.0.0.jar:/home/user/.m2/repository/javax/interceptor/javax.interceptor-api/1.2/javax.interceptor-api-1.2.jar:/home/user/.m2/repository/javax/inject/javax.inject/1/javax.inject-1.jar:/home/user/.m2/repository/org/apache/hadoop/hadoop-ozone-csi/0.5.0-SNAPSHOT/hadoop-ozone-csi-0.5.0-SNAPSHOT.jar:/home/user/.m2/repository/com/google/protobuf/protobuf-java-util/3.5.1/protobuf-java-util-3.5.1.jar:/home/user/.m2/repository/io/grpc/grpc-netty/1.17.1/grpc-netty-1.17.1.jar:/home/user/.m2/repository/io/grpc/grpc-core/1.17.1/grpc-core-1.17.1.jar:/home/user/.m2/repository/io/grpc/grpc-context/1.17.1/grpc-context-1.17.1.jar:/home/user/.m2/repository/com/google/errorprone/error_prone_annotations/2.2.0/error_prone_annotations-2.2.0.jar:/home/user/.m2/repository/org/codehaus/mojo/animal-sniffer-annotations/1.17/animal-sniffer-annotations-1.17.jar:/home/user/.m2/repository/io/opencensus/opencensus-api/0.17.0/opencensus-api-0.17.0.jar:/home/user/.m2/repository/io/opencensus/opencensus-contrib-grpc-metrics/0.17.0/opencensus-contrib-grpc-metrics-0.17.0.jar:/home/user/.m2/repository/io/netty/netty-codec-http2/4.1.30.Final/netty-codec-http2-4.1.30.Final.jar:/home/user/.m2/repository/io/netty/netty-codec-http/4.1.30.Final/netty-codec-http-4.1.30.Final.jar:/home/user/.m2/repository/io/netty/netty-codec/4.1.30.Final/netty-codec-4.1.30.Final.jar:/home/user/.m2/repository/io/netty/netty-handler/4.1.30.Final/netty-handler-4.1.30.Final.jar:/home/user/.m2/repository/io/netty/netty-handler-proxy/4.1.30.Final/netty-handler-proxy-4.1.30.Final.jar:/home/user/.m2/repository/io/netty/netty-codec-socks/4.1.30.Final/netty-codec-socks-4.1.30.Final.jar:/home/user/.m2/repository/io/netty/netty-transport-native-epoll/4.1.30.Final/netty-transport-native-epoll-4.1.30.Final.jar:/home/user/.m2/repository/io/netty/netty-common/4.1.30.Final/netty-common-4.1.30.Final.jar:/home/user/.m2/repository/io/netty/netty-buffer/4.1.30.Final/netty-buffer-4.1.30.Final.jar:/home/user/.m2/repository/io/netty/netty-transport/4.1.30.Final/netty-transport-4.1.30.Final.jar:/home/user/.m2/repository/io/netty/netty-resolver/4.1.30.Final/netty-resolver-4.1.30.Final.jar:/home/user/.m2/repository/io/netty/netty-transport-native-unix-common/4.1.30.Final/netty-transport-native-unix-common-4.1.30.Final.jar:/home/user/.m2/repository/io/grpc/grpc-protobuf/1.17.1/grpc-protobuf-1.17.1.jar:/home/user/.m2/repository/com/google/api/grpc/proto-google-common-protos/1.0.0/proto-google-common-protos-1.0.0.jar:/home/user/.m2/repository/io/grpc/grpc-protobuf-lite/1.17.1/grpc-protobuf-lite-1.17.1.jar:/home/user/.m2/repository/io/grpc/grpc-stub/1.17.1/grpc-stub-1.17.1.jar:/home/user/.m2/repository/org/apache/hadoop/hadoop-ozone-recon/0.5.0-SNAPSHOT/hadoop-ozone-recon-0.5.0-SNAPSHOT.jar:/home/user/.m2/repository/org/apache/hadoop/hadoop-ozone-reconcodegen/0.5.0-SNAPSHOT/hadoop-ozone-reconcodegen-0.5.0-SNAPSHOT.jar:/home/user/.m2/repository/com/google/inject/extensions/guice-multibindings/4.0/guice-multibindings-4.0.jar:/home/user/.m2/repository/com/google/inject/guice/4.0/guice-4.0.jar:/home/user/.m2/repository/aopalliance/aopalliance/1.0/aopalliance-1.0.jar:/home/user/.m2/repository/com/google/inject/extensions/guice-servlet/4.0/guice-servlet-4.0.jar:/home/user/.m2/repository/org/glassfish/jersey/containers/jersey-container-servlet/2.27/jersey-container-servlet-2.27.jar:/home/user/.m2/repository/org/glassfish/hk2/guice-bridge/2.5.0/guice-bridge-2.5.0.jar:/home/user/.m2/repository/org/glassfish/jersey/core/jersey-server/2.27/jersey-server-2.27.jar:/home/user/.m2/repository/org/glassfish/jersey/core/jersey-client/2.27/jersey-client-2.27.jar:/home/user/.m2/repository/org/glassfish/jersey/media/jersey-media-jaxb/2.27/jersey-media-jaxb-2.27.jar:/home/user/.m2/repository/javax/validation/validation-api/1.1.0.Final/validation-api-1.1.0.Final.jar:/home/user/.m2/repository/org/glassfish/jersey/media/jersey-media-json-jackson/2.27/jersey-media-json-jackson-2.27.jar:/home/user/.m2/repository/org/glassfish/jersey/ext/jersey-entity-filtering/2.27/jersey-entity-filtering-2.27.jar:/home/user/.m2/repository/com/google/inject/extensions/guice-assistedinject/4.0/guice-assistedinject-4.0.jar:/home/user/.m2/repository/org/jooq/jooq/3.11.10/jooq-3.11.10.jar:/home/user/.m2/repository/org/jooq/jooq-meta/3.11.10/jooq-meta-3.11.10.jar:/home/user/.m2/repository/org/jooq/jooq-codegen/3.11.10/jooq-codegen-3.11.10.jar:/home/user/.m2/repository/com/jolbox/bonecp/0.8.0.RELEASE/bonecp-0.8.0.RELEASE.jar:/home/user/.m2/repository/org/springframework/spring-jdbc/5.1.3.RELEASE/spring-jdbc-5.1.3.RELEASE.jar:/home/user/.m2/repository/org/springframework/spring-beans/5.1.3.RELEASE/spring-beans-5.1.3.RELEASE.jar:/home/user/.m2/repository/org/springframework/spring-core/5.1.3.RELEASE/spring-core-5.1.3.RELEASE.jar:/home/user/.m2/repository/org/springframework/spring-jcl/5.1.3.RELEASE/spring-jcl-5.1.3.RELEASE.jar:/home/user/.m2/repository/org/springframework/spring-tx/5.1.3.RELEASE/spring-tx-5.1.3.RELEASE.jar:/home/user/.m2/repository/org/mockito/mockito-core/2.15.0/mockito-core-2.15.0.jar:/home/user/.m2/repository/net/bytebuddy/byte-buddy/1.7.9/byte-buddy-1.7.9.jar:/home/user/.m2/repository/net/bytebuddy/byte-buddy-agent/1.7.9/byte-buddy-agent-1.7.9.jar:/home/user/.m2/repository/org/objenesis/objenesis/1.0/objenesis-1.0.jar:"/>
    <property name="sun.cpu.endian" value="little"/>
    <property name="user.home" value="/home/user"/>
    <property name="user.language" value="en"/>
    <property name="java.specification.vendor" value="Oracle Corporation"/>
    <property name="java.home" value="/usr/lib/jvm/java-1.8-openjdk/jre"/>
    <property name="java.security.krb5.conf" value="/workdir/hadoop-ozone/tools/target/test-classes/krb5.conf"/>
    <property name="basedir" value="/workdir/hadoop-ozone/tools"/>
    <property name="file.separator" value="/"/>
    <property name="line.separator" value="&#10;"/>
    <property name="java.vm.specification.vendor" value="Oracle Corporation"/>
    <property name="java.specification.name" value="Java Platform API Specification"/>
    <property name="java.awt.graphicsenv" value="sun.awt.X11GraphicsEnvironment"/>
    <property name="surefire.real.class.path" value="/workdir/hadoop-ozone/tools/target/surefire/surefirebooter6485850437101660762.jar"/>
    <property name="hadoop.log.dir" value="/workdir/hadoop-ozone/tools/target/log"/>
    <property name="sun.boot.class.path" value="/usr/lib/jvm/java-1.8-openjdk/jre/lib/resources.jar:/usr/lib/jvm/java-1.8-openjdk/jre/lib/rt.jar:/usr/lib/jvm/java-1.8-openjdk/jre/lib/sunrsasign.jar:/usr/lib/jvm/java-1.8-openjdk/jre/lib/jsse.jar:/usr/lib/jvm/java-1.8-openjdk/jre/lib/jce.jar:/usr/lib/jvm/java-1.8-openjdk/jre/lib/charsets.jar:/usr/lib/jvm/java-1.8-openjdk/jre/lib/jfr.jar:/usr/lib/jvm/java-1.8-openjdk/jre/classes"/>
    <property name="sun.management.compiler" value="HotSpot 64-Bit Tiered Compilers"/>
    <property name="java.runtime.version" value="1.8.0_212-b04"/>
    <property name="java.net.preferIPv4Stack" value="true"/>
    <property name="user.name" value="jenkins1000"/>
    <property name="path.separator" value=":"/>
    <property name="java.security.egd" value="file:///dev/urandom"/>
    <property name="os.version" value="3.10.0-957.12.2.el7.x86_64"/>
    <property name="java.endorsed.dirs" value="/usr/lib/jvm/java-1.8-openjdk/jre/lib/endorsed"/>
    <property name="java.runtime.name" value="OpenJDK Runtime Environment"/>
    <property name="file.encoding" value="UTF-8"/>
    <property name="java.vm.name" value="OpenJDK 64-Bit Server VM"/>
    <property name="test.build.webapps" value=""/>
    <property name="localRepository" value="/home/user/.m2/repository"/>
    <property name="java.vendor.url.bug" value="https://icedtea.classpath.org/bugzilla"/>
    <property name="java.io.tmpdir" value="/tmp"/>
    <property name="require.test.libhadoop" value=""/>
    <property name="java.version" value="1.8.0_212"/>
    <property name="user.dir" value="/workdir/hadoop-ozone/tools"/>
    <property name="os.arch" value="amd64"/>
    <property name="java.vm.specification.name" value="Java Virtual Machine Specification"/>
    <property name="test.build.classes" value="/workdir/hadoop-ozone/tools/target/test-classes"/>
    <property name="java.awt.printerjob" value="sun.print.PSPrinterJob"/>
    <property name="sun.os.patch.level" value="unknown"/>
    <property name="hadoop.tmp.dir" value="/workdir/hadoop-ozone/tools/target/tmp"/>
    <property name="java.library.path" value="/usr/lib/jvm/java-1.8-openjdk/jre/lib/amd64/server:/usr/lib/jvm/java-1.8-openjdk/jre/lib/amd64:/usr/lib/jvm/java-1.8-openjdk/jre/../lib/amd64:/workdir/hadoop-ozone/tools/target/native/target/usr/local/lib:/workdir/hadoop-ozone/tools/../../hadoop-common-project/hadoop-common/target/native/target/usr/local/lib:/usr/java/packages/lib/amd64:/usr/lib64:/lib64:/lib:/usr/lib"/>
    <property name="java.vm.info" value="mixed mode"/>
    <property name="java.vendor" value="IcedTea"/>
    <property name="java.vm.version" value="25.212-b04"/>
    <property name="java.ext.dirs" value="/usr/lib/jvm/java-1.8-openjdk/jre/lib/ext:/usr/java/packages/lib/ext"/>
    <property name="sun.io.unicode.encoding" value="UnicodeLittle"/>
    <property name="java.class.version" value="52.0"/>
  </properties>
  <testcase name="validateWriteTest" classname="org.apache.hadoop.ozone.freon.TestDataValidateWithDummyContainers" time="0"/>
  <testcase name="ratisTestLargeKey" classname="org.apache.hadoop.ozone.freon.TestDataValidateWithDummyContainers" time="5.555">
    <error message="Allocated 0 blocks. Requested 5 blocks" type="INTERNAL_ERROR org.apache.hadoop.ozone.om.exceptions.OMException">INTERNAL_ERROR org.apache.hadoop.ozone.om.exceptions.OMException: Allocated 0 blocks. Requested 5 blocks
	at org.apache.hadoop.ozone.om.protocolPB.OzoneManagerProtocolClientSideTranslatorPB.handleError(OzoneManagerProtocolClientSideTranslatorPB.java:732)
	at org.apache.hadoop.ozone.om.protocolPB.OzoneManagerProtocolClientSideTranslatorPB.openKey(OzoneManagerProtocolClientSideTranslatorPB.java:723)
	at sun.reflect.NativeMethodAccessorImpl.invoke0(Native Method)
	at sun.reflect.NativeMethodAccessorImpl.invoke(NativeMethodAccessorImpl.java:62)
	at sun.reflect.DelegatingMethodAccessorImpl.invoke(DelegatingMethodAccessorImpl.java:43)
	at java.lang.reflect.Method.invoke(Method.java:498)
	at org.apache.hadoop.hdds.tracing.TraceAllMethod.invoke(TraceAllMethod.java:66)
	at com.sun.proxy.$Proxy37.openKey(Unknown Source)
	at org.apache.hadoop.ozone.client.rpc.RpcClient.createKey(RpcClient.java:614)
	at org.apache.hadoop.ozone.client.OzoneBucket.createKey(OzoneBucket.java:325)
	at org.apache.hadoop.ozone.freon.RandomKeyGenerator.createKey(RandomKeyGenerator.java:695)
	at org.apache.hadoop.ozone.freon.RandomKeyGenerator.access$1100(RandomKeyGenerator.java:88)
	at org.apache.hadoop.ozone.freon.RandomKeyGenerator$ObjectCreator.run(RandomKeyGenerator.java:615)
	at java.util.concurrent.Executors$RunnableAdapter.call(Executors.java:511)
	at java.util.concurrent.FutureTask.run(FutureTask.java:266)
	at java.util.concurrent.ThreadPoolExecutor.runWorker(ThreadPoolExecutor.java:1149)
	at java.util.concurrent.ThreadPoolExecutor$Worker.run(ThreadPoolExecutor.java:624)
	at java.lang.Thread.run(Thread.java:748)
</error>
    <system-out><![CDATA[2019-09-25 05:56:14,135 [main] INFO  freon.RandomKeyGenerator (RandomKeyGenerator.java:call(258)) - Override validateWrites to false, because hdds.container.chunk.persistdata is set to false.
2019-09-25 05:56:14,410 [grpc-default-executor-0] INFO  impl.RaftServerProxy (RaftServerProxy.java:addNew(89)) - 4a989990-004c-48a6-9d0e-df27d30930a7: addNew group-449214F420A3:[4a989990-004c-48a6-9d0e-df27d30930a7:192.168.5.161:33719] returns group-449214F420A3:java.util.concurrent.CompletableFuture@4634ba3d[Not completed]
2019-09-25 05:56:14,433 [pool-27-thread-1] INFO  impl.RaftServerImpl (RaftServerImpl.java:<init>(95)) - 4a989990-004c-48a6-9d0e-df27d30930a7: new RaftServerImpl for group-449214F420A3:[4a989990-004c-48a6-9d0e-df27d30930a7:192.168.5.161:33719] with ContainerStateMachine:uninitialized
2019-09-25 05:56:14,435 [pool-27-thread-1] INFO  server.RaftServerConfigKeys (ConfUtils.java:logGet(43)) - raft.server.rpc.timeout.min = 5s (custom)
2019-09-25 05:56:14,436 [pool-27-thread-1] INFO  server.RaftServerConfigKeys (ConfUtils.java:logGet(43)) - raft.server.rpc.timeout.max = 5200ms (custom)
2019-09-25 05:56:14,437 [pool-27-thread-1] INFO  server.RaftServerConfigKeys (ConfUtils.java:logGet(43)) - raft.server.rpcslowness.timeout = 120s (custom)
2019-09-25 05:56:14,438 [pool-27-thread-1] INFO  server.RaftServerConfigKeys (ConfUtils.java:logGet(43)) - raft.server.sleep.deviation.threshold = 300 (default)
2019-09-25 05:56:14,439 [pool-27-thread-1] INFO  server.RaftServerConfigKeys (ConfUtils.java:logGet(43)) - raft.server.log.appender.install.snapshot.enabled = false (custom)
2019-09-25 05:56:14,450 [pool-27-thread-1] INFO  impl.RaftServerImpl (ServerState.java:<init>(103)) - 4a989990-004c-48a6-9d0e-df27d30930a7@group-449214F420A3: ConfigurationManager, init=-1: [4a989990-004c-48a6-9d0e-df27d30930a7:192.168.5.161:33719], old=null, confs=<EMPTY_MAP>
2019-09-25 05:56:14,450 [pool-27-thread-1] INFO  server.RaftServerConfigKeys (ConfUtils.java:logGet(43)) - raft.server.storage.dir = [/workdir/hadoop-ozone/tools/target/test-dir/MiniOzoneClusterImpl-a0b92c19-88eb-4192-8b6a-de7e7575cfd2/datanode-0/data/ratis] (custom)
2019-09-25 05:56:14,460 [pool-27-thread-1] INFO  storage.RaftStorageDirectory (RaftStorageDirectory.java:analyzeStorage(246)) - The storage directory /workdir/hadoop-ozone/tools/target/test-dir/MiniOzoneClusterImpl-a0b92c19-88eb-4192-8b6a-de7e7575cfd2/datanode-0/data/ratis/dcdcdb12-2219-41da-9354-449214f420a3 does not exist. Creating ...
2019-09-25 05:56:14,479 [pool-27-thread-1] INFO  storage.RaftStorageDirectory (RaftStorageDirectory.java:tryLock(328)) - Lock on /workdir/hadoop-ozone/tools/target/test-dir/MiniOzoneClusterImpl-a0b92c19-88eb-4192-8b6a-de7e7575cfd2/datanode-0/data/ratis/dcdcdb12-2219-41da-9354-449214f420a3/in_use.lock acquired by nodename 23280@pr-hdds-1569-zxpks-796972592
2019-09-25 05:56:14,494 [pool-27-thread-1] INFO  storage.RaftStorage (RaftStorage.java:format(72)) - Storage directory /workdir/hadoop-ozone/tools/target/test-dir/MiniOzoneClusterImpl-a0b92c19-88eb-4192-8b6a-de7e7575cfd2/datanode-0/data/ratis/dcdcdb12-2219-41da-9354-449214f420a3 has been successfully formatted.
2019-09-25 05:56:14,497 [pool-27-thread-1] INFO  ratis.ContainerStateMachine (ContainerStateMachine.java:loadSnapshot(230)) - group-449214F420A3: The snapshot info is null. Setting the last applied indexto:(t:0, i:~)
2019-09-25 05:56:14,497 [pool-27-thread-1] INFO  server.RaftServerConfigKeys (ConfUtils.java:logGet(43)) - raft.server.notification.no-leader.timeout = 120s (custom)
2019-09-25 05:56:14,500 [pool-27-thread-1] INFO  server.RaftServerConfigKeys (ConfUtils.java:logGet(43)) - raft.server.log.use.memory = false (default)
2019-09-25 05:56:14,508 [pool-27-thread-1] INFO  server.RaftServerConfigKeys (ConfUtils.java:logGet(43)) - raft.server.log.purge.gap = 1000000 (custom)
2019-09-25 05:56:14,508 [pool-27-thread-1] INFO  server.RaftServerConfigKeys (ConfUtils.java:logGet(43)) - raft.server.log.appender.buffer.byte-limit = 33554432 (custom)
2019-09-25 05:56:14,511 [pool-27-thread-1] INFO  server.RaftServerConfigKeys (ConfUtils.java:logGet(43)) - raft.server.log.segment.size.max = 1048576 (custom)
2019-09-25 05:56:14,517 [pool-27-thread-1] INFO  server.RaftServerConfigKeys (ConfUtils.java:logGet(43)) - raft.server.log.segment.cache.num.max = 2 (custom)
2019-09-25 05:56:14,528 [pool-27-thread-1] INFO  segmented.SegmentedRaftLogWorker (SegmentedRaftLogWorker.java:<init>(172)) - new 4a989990-004c-48a6-9d0e-df27d30930a7@group-449214F420A3-SegmentedRaftLogWorker for RaftStorage:Storage Directory /workdir/hadoop-ozone/tools/target/test-dir/MiniOzoneClusterImpl-a0b92c19-88eb-4192-8b6a-de7e7575cfd2/datanode-0/data/ratis/dcdcdb12-2219-41da-9354-449214f420a3
2019-09-25 05:56:14,530 [pool-27-thread-1] INFO  impl.MetricsSystemImpl (MetricsSystemImpl.java:init(158)) - ratis metrics system started (again)
2019-09-25 05:56:14,538 [pool-27-thread-1] INFO  metrics.MetricRegistries (MetricRegistriesLoader.java:load(64)) - Loaded MetricRegistries class org.apache.ratis.metrics.impl.MetricRegistriesImpl
2019-09-25 05:56:14,586 [pool-27-thread-1] INFO  server.RaftServerConfigKeys (ConfUtils.java:logGet(43)) - raft.server.log.queue.byte-limit = 2147483647 (custom)
2019-09-25 05:56:14,587 [pool-27-thread-1] INFO  server.RaftServerConfigKeys (ConfUtils.java:logGet(43)) - raft.server.log.queue.element-limit = 1024 (custom)
2019-09-25 05:56:14,591 [pool-27-thread-1] INFO  server.RaftServerConfigKeys (ConfUtils.java:logGet(43)) - raft.server.log.segment.size.max = 1048576 (custom)
2019-09-25 05:56:14,591 [pool-27-thread-1] INFO  server.RaftServerConfigKeys (ConfUtils.java:logGet(43)) - raft.server.log.preallocated.size = 16384 (custom)
2019-09-25 05:56:14,592 [pool-27-thread-1] INFO  server.RaftServerConfigKeys (ConfUtils.java:logGet(43)) - raft.server.log.write.buffer.size = 33554432 (custom)
2019-09-25 05:56:14,592 [pool-27-thread-1] INFO  server.RaftServerConfigKeys (ConfUtils.java:logGet(43)) - raft.server.log.force.sync.num = 128 (default)
2019-09-25 05:56:14,593 [pool-27-thread-1] INFO  server.RaftServerConfigKeys (ConfUtils.java:logGet(43)) - raft.server.log.statemachine.data.sync = true (default)
2019-09-25 05:56:14,593 [pool-27-thread-1] INFO  server.RaftServerConfigKeys (ConfUtils.java:logGet(43)) - raft.server.log.statemachine.data.sync.timeout = 10s (default)
2019-09-25 05:56:14,594 [pool-27-thread-1] INFO  server.RaftServerConfigKeys (ConfUtils.java:logGet(43)) - raft.server.log.statemachine.data.sync.timeout.retry = -1 (default)
2019-09-25 05:56:14,606 [pool-27-thread-1] INFO  server.RaftServerConfigKeys (ConfUtils.java:logGet(43)) - raft.server.log.statemachine.data.caching.enabled = true (custom)
2019-09-25 05:56:14,610 [pool-27-thread-1] INFO  segmented.SegmentedRaftLogWorker (SegmentedRaftLogWorker.java:lambda$new$0(132)) - 4a989990-004c-48a6-9d0e-df27d30930a7@group-449214F420A3-SegmentedRaftLogWorker: flushIndex: setUnconditionally 0 -> -1
2019-09-25 05:56:14,614 [pool-27-thread-1] INFO  server.RaftServerConfigKeys (ConfUtils.java:logGet(43)) - raft.server.snapshot.auto.trigger.enabled = true (custom)
2019-09-25 05:56:14,618 [pool-27-thread-1] INFO  server.RaftServerConfigKeys (ConfUtils.java:logGet(43)) - raft.server.snapshot.auto.trigger.threshold = 10000 (custom)
2019-09-25 05:56:14,619 [pool-27-thread-1] INFO  server.RaftServerConfigKeys (ConfUtils.java:logGet(43)) - raft.server.snapshot.retention.num.files = 5 (custom)
2019-09-25 05:56:14,621 [pool-27-thread-1] INFO  server.RaftServerConfigKeys (ConfUtils.java:logGet(43)) - raft.server.retrycache.expirytime = 600000ms (custom)
2019-09-25 05:56:14,659 [main] INFO  freon.RandomKeyGenerator (RandomKeyGenerator.java:call(283)) - Number of Threads: 10
2019-09-25 05:56:14,660 [main] INFO  freon.RandomKeyGenerator (RandomKeyGenerator.java:call(288)) - Number of Volumes: 1.
2019-09-25 05:56:14,660 [main] INFO  freon.RandomKeyGenerator (RandomKeyGenerator.java:call(289)) - Number of Buckets per Volume: 1.
2019-09-25 05:56:14,661 [main] INFO  freon.RandomKeyGenerator (RandomKeyGenerator.java:call(290)) - Number of Keys per Bucket: 1.
2019-09-25 05:56:14,661 [main] INFO  freon.RandomKeyGenerator (RandomKeyGenerator.java:call(291)) - Key size: 20971520 bytes
2019-09-25 05:56:14,661 [main] INFO  freon.RandomKeyGenerator (RandomKeyGenerator.java:call(292)) - Buffer size: 4096 bytes
2019-09-25 05:56:14,661 [main] INFO  freon.RandomKeyGenerator (RandomKeyGenerator.java:call(293)) - validateWrites : false
2019-09-25 05:56:14,667 [main] INFO  freon.RandomKeyGenerator (RandomKeyGenerator.java:call(313)) - Starting progress bar Thread.

 0.00% |█                                                                                                    |  0/1 Time: 0:00:002019-09-25 05:56:14,674 [pool-27-thread-1] INFO  impl.RaftServerImpl (RaftServerImpl.java:start(185)) - 4a989990-004c-48a6-9d0e-df27d30930a7@group-449214F420A3: start as a follower, conf=-1: [4a989990-004c-48a6-9d0e-df27d30930a7:192.168.5.161:33719], old=null
2019-09-25 05:56:14,676 [pool-27-thread-1] INFO  impl.RaftServerImpl (RaftServerImpl.java:setRole(174)) - 4a989990-004c-48a6-9d0e-df27d30930a7@group-449214F420A3: changes role from      null to FOLLOWER at term 0 for startAsFollower
2019-09-25 05:56:14,677 [pool-27-thread-1] INFO  impl.RoleInfo (RoleInfo.java:updateAndGet(143)) - 4a989990-004c-48a6-9d0e-df27d30930a7: start FollowerState
2019-09-25 05:56:14,680 [pool-27-thread-1] INFO  util.JmxRegister (JmxRegister.java:tryRegister(44)) - Successfully registered JMX Bean with object name Ratis:service=RaftServer,group=group-449214F420A3,id=4a989990-004c-48a6-9d0e-df27d30930a7
2019-09-25 05:56:14,702 [pool-73-thread-1] INFO  rpc.RpcClient (RpcClient.java:createVolume(276)) - Creating Volume: vol-0-23551, with jenkins1000 as owner.
2019-09-25 05:56:14,776 [RatisPipelineUtilsThread] INFO  pipeline.PipelineStateManager (PipelineStateManager.java:addPipeline(56)) - Created pipeline Pipeline[ Id: dcdcdb12-2219-41da-9354-449214f420a3, Nodes: 4a989990-004c-48a6-9d0e-df27d30930a7{ip: 192.168.5.161, host: pr-hdds-1569-zxpks-796972592, networkLocation: /default-rack, certSerialId: null}, Type:RATIS, Factor:ONE, State:OPEN]
2019-09-25 05:56:14,804 [grpc-default-executor-0] INFO  impl.RaftServerProxy (RaftServerProxy.java:addNew(89)) - f4bb89bf-b4cb-46d2-895a-458b0eef1f65: addNew group-58450025B68F:[f4bb89bf-b4cb-46d2-895a-458b0eef1f65:192.168.5.161:44648] returns group-58450025B68F:java.util.concurrent.CompletableFuture@42d86cc7[Not completed]
2019-09-25 05:56:14,846 [pool-47-thread-1] INFO  impl.RaftServerImpl (RaftServerImpl.java:<init>(95)) - f4bb89bf-b4cb-46d2-895a-458b0eef1f65: new RaftServerImpl for group-58450025B68F:[f4bb89bf-b4cb-46d2-895a-458b0eef1f65:192.168.5.161:44648] with ContainerStateMachine:uninitialized
2019-09-25 05:56:14,849 [pool-47-thread-1] INFO  server.RaftServerConfigKeys (ConfUtils.java:logGet(43)) - raft.server.rpc.timeout.min = 5s (custom)
2019-09-25 05:56:14,849 [pool-47-thread-1] INFO  server.RaftServerConfigKeys (ConfUtils.java:logGet(43)) - raft.server.rpc.timeout.max = 5200ms (custom)
2019-09-25 05:56:14,849 [pool-47-thread-1] INFO  server.RaftServerConfigKeys (ConfUtils.java:logGet(43)) - raft.server.rpcslowness.timeout = 120s (custom)
2019-09-25 05:56:14,849 [pool-47-thread-1] INFO  server.RaftServerConfigKeys (ConfUtils.java:logGet(43)) - raft.server.sleep.deviation.threshold = 300 (default)
2019-09-25 05:56:14,849 [pool-47-thread-1] INFO  server.RaftServerConfigKeys (ConfUtils.java:logGet(43)) - raft.server.log.appender.install.snapshot.enabled = false (custom)
2019-09-25 05:56:14,850 [pool-47-thread-1] INFO  impl.RaftServerImpl (ServerState.java:<init>(103)) - f4bb89bf-b4cb-46d2-895a-458b0eef1f65@group-58450025B68F: ConfigurationManager, init=-1: [f4bb89bf-b4cb-46d2-895a-458b0eef1f65:192.168.5.161:44648], old=null, confs=<EMPTY_MAP>
2019-09-25 05:56:14,850 [pool-47-thread-1] INFO  server.RaftServerConfigKeys (ConfUtils.java:logGet(43)) - raft.server.storage.dir = [/workdir/hadoop-ozone/tools/target/test-dir/MiniOzoneClusterImpl-a0b92c19-88eb-4192-8b6a-de7e7575cfd2/datanode-2/data/ratis] (custom)
2019-09-25 05:56:14,851 [pool-47-thread-1] INFO  storage.RaftStorageDirectory (RaftStorageDirectory.java:analyzeStorage(246)) - The storage directory /workdir/hadoop-ozone/tools/target/test-dir/MiniOzoneClusterImpl-a0b92c19-88eb-4192-8b6a-de7e7575cfd2/datanode-2/data/ratis/0217b7eb-9d2a-4cdd-8684-58450025b68f does not exist. Creating ...
2019-09-25 05:56:14,865 [pool-47-thread-1] INFO  storage.RaftStorageDirectory (RaftStorageDirectory.java:tryLock(328)) - Lock on /workdir/hadoop-ozone/tools/target/test-dir/MiniOzoneClusterImpl-a0b92c19-88eb-4192-8b6a-de7e7575cfd2/datanode-2/data/ratis/0217b7eb-9d2a-4cdd-8684-58450025b68f/in_use.lock acquired by nodename 23280@pr-hdds-1569-zxpks-796972592
2019-09-25 05:56:14,869 [IPC Server handler 2 on 45547] INFO  volume.OMVolumeCreateRequest (OMVolumeCreateRequest.java:validateAndUpdateCache(189)) - created volume:vol-0-23551 for user:jenkins1000
2019-09-25 05:56:14,878 [pool-47-thread-1] INFO  storage.RaftStorage (RaftStorage.java:format(72)) - Storage directory /workdir/hadoop-ozone/tools/target/test-dir/MiniOzoneClusterImpl-a0b92c19-88eb-4192-8b6a-de7e7575cfd2/datanode-2/data/ratis/0217b7eb-9d2a-4cdd-8684-58450025b68f has been successfully formatted.
2019-09-25 05:56:14,880 [pool-47-thread-1] INFO  ratis.ContainerStateMachine (ContainerStateMachine.java:loadSnapshot(230)) - group-58450025B68F: The snapshot info is null. Setting the last applied indexto:(t:0, i:~)
2019-09-25 05:56:14,882 [pool-47-thread-1] INFO  server.RaftServerConfigKeys (ConfUtils.java:logGet(43)) - raft.server.notification.no-leader.timeout = 120s (custom)
2019-09-25 05:56:14,885 [pool-47-thread-1] INFO  server.RaftServerConfigKeys (ConfUtils.java:logGet(43)) - raft.server.log.use.memory = false (default)
2019-09-25 05:56:14,886 [pool-47-thread-1] INFO  server.RaftServerConfigKeys (ConfUtils.java:logGet(43)) - raft.server.log.purge.gap = 1000000 (custom)
2019-09-25 05:56:14,886 [pool-47-thread-1] INFO  server.RaftServerConfigKeys (ConfUtils.java:logGet(43)) - raft.server.log.appender.buffer.byte-limit = 33554432 (custom)
2019-09-25 05:56:14,886 [pool-47-thread-1] INFO  server.RaftServerConfigKeys (ConfUtils.java:logGet(43)) - raft.server.log.segment.size.max = 1048576 (custom)
2019-09-25 05:56:14,886 [pool-47-thread-1] INFO  server.RaftServerConfigKeys (ConfUtils.java:logGet(43)) - raft.server.log.segment.cache.num.max = 2 (custom)
2019-09-25 05:56:14,886 [pool-47-thread-1] INFO  segmented.SegmentedRaftLogWorker (SegmentedRaftLogWorker.java:<init>(172)) - new f4bb89bf-b4cb-46d2-895a-458b0eef1f65@group-58450025B68F-SegmentedRaftLogWorker for RaftStorage:Storage Directory /workdir/hadoop-ozone/tools/target/test-dir/MiniOzoneClusterImpl-a0b92c19-88eb-4192-8b6a-de7e7575cfd2/datanode-2/data/ratis/0217b7eb-9d2a-4cdd-8684-58450025b68f
2019-09-25 05:56:14,897 [pool-47-thread-1] INFO  server.RaftServerConfigKeys (ConfUtils.java:logGet(43)) - raft.server.log.queue.byte-limit = 2147483647 (custom)
2019-09-25 05:56:14,897 [pool-47-thread-1] INFO  server.RaftServerConfigKeys (ConfUtils.java:logGet(43)) - raft.server.log.queue.element-limit = 1024 (custom)
2019-09-25 05:56:14,898 [pool-47-thread-1] INFO  server.RaftServerConfigKeys (ConfUtils.java:logGet(43)) - raft.server.log.segment.size.max = 1048576 (custom)
2019-09-25 05:56:14,898 [pool-47-thread-1] INFO  server.RaftServerConfigKeys (ConfUtils.java:logGet(43)) - raft.server.log.preallocated.size = 16384 (custom)
2019-09-25 05:56:14,898 [pool-47-thread-1] INFO  server.RaftServerConfigKeys (ConfUtils.java:logGet(43)) - raft.server.log.write.buffer.size = 33554432 (custom)
2019-09-25 05:56:14,898 [pool-47-thread-1] INFO  server.RaftServerConfigKeys (ConfUtils.java:logGet(43)) - raft.server.log.force.sync.num = 128 (default)
2019-09-25 05:56:14,898 [pool-47-thread-1] INFO  server.RaftServerConfigKeys (ConfUtils.java:logGet(43)) - raft.server.log.statemachine.data.sync = true (default)
2019-09-25 05:56:14,899 [pool-47-thread-1] INFO  server.RaftServerConfigKeys (ConfUtils.java:logGet(43)) - raft.server.log.statemachine.data.sync.timeout = 10s (default)
2019-09-25 05:56:14,899 [pool-47-thread-1] INFO  server.RaftServerConfigKeys (ConfUtils.java:logGet(43)) - raft.server.log.statemachine.data.sync.timeout.retry = -1 (default)
2019-09-25 05:56:14,899 [pool-47-thread-1] INFO  server.RaftServerConfigKeys (ConfUtils.java:logGet(43)) - raft.server.log.statemachine.data.caching.enabled = true (custom)
2019-09-25 05:56:14,900 [pool-47-thread-1] INFO  segmented.SegmentedRaftLogWorker (SegmentedRaftLogWorker.java:lambda$new$0(132)) - f4bb89bf-b4cb-46d2-895a-458b0eef1f65@group-58450025B68F-SegmentedRaftLogWorker: flushIndex: setUnconditionally 0 -> -1
2019-09-25 05:56:14,903 [pool-47-thread-1] INFO  server.RaftServerConfigKeys (ConfUtils.java:logGet(43)) - raft.server.snapshot.auto.trigger.enabled = true (custom)
2019-09-25 05:56:14,903 [pool-47-thread-1] INFO  server.RaftServerConfigKeys (ConfUtils.java:logGet(43)) - raft.server.snapshot.auto.trigger.threshold = 10000 (custom)
2019-09-25 05:56:14,903 [pool-47-thread-1] INFO  server.RaftServerConfigKeys (ConfUtils.java:logGet(43)) - raft.server.snapshot.retention.num.files = 5 (custom)
2019-09-25 05:56:14,904 [pool-47-thread-1] INFO  server.RaftServerConfigKeys (ConfUtils.java:logGet(43)) - raft.server.retrycache.expirytime = 600000ms (custom)
2019-09-25 05:56:14,910 [pool-47-thread-1] INFO  impl.RaftServerImpl (RaftServerImpl.java:start(185)) - f4bb89bf-b4cb-46d2-895a-458b0eef1f65@group-58450025B68F: start as a follower, conf=-1: [f4bb89bf-b4cb-46d2-895a-458b0eef1f65:192.168.5.161:44648], old=null
2019-09-25 05:56:14,910 [pool-47-thread-1] INFO  impl.RaftServerImpl (RaftServerImpl.java:setRole(174)) - f4bb89bf-b4cb-46d2-895a-458b0eef1f65@group-58450025B68F: changes role from      null to FOLLOWER at term 0 for startAsFollower
2019-09-25 05:56:14,910 [pool-47-thread-1] INFO  impl.RoleInfo (RoleInfo.java:updateAndGet(143)) - f4bb89bf-b4cb-46d2-895a-458b0eef1f65: start FollowerState
2019-09-25 05:56:14,912 [pool-73-thread-2] INFO  rpc.RpcClient (RpcClient.java:createBucket(415)) - Creating Bucket: vol-0-23551/bucket-0-98407, with Versioning false and Storage Type set to DISK and Encryption set to false 
2019-09-25 05:56:14,913 [pool-47-thread-1] INFO  util.JmxRegister (JmxRegister.java:tryRegister(44)) - Successfully registered JMX Bean with object name Ratis:service=RaftServer,group=group-58450025B68F,id=f4bb89bf-b4cb-46d2-895a-458b0eef1f65
2019-09-25 05:56:14,936 [RatisPipelineUtilsThread] INFO  pipeline.PipelineStateManager (PipelineStateManager.java:addPipeline(56)) - Created pipeline Pipeline[ Id: 0217b7eb-9d2a-4cdd-8684-58450025b68f, Nodes: f4bb89bf-b4cb-46d2-895a-458b0eef1f65{ip: 192.168.5.161, host: pr-hdds-1569-zxpks-796972592, networkLocation: /default-rack, certSerialId: null}, Type:RATIS, Factor:ONE, State:OPEN]
2019-09-25 05:56:14,968 [grpc-default-executor-0] INFO  impl.RaftServerProxy (RaftServerProxy.java:addNew(89)) - e93bb2c6-c39b-4618-a0fd-b5beeaf95472: addNew group-6B71268F73DB:[e93bb2c6-c39b-4618-a0fd-b5beeaf95472:192.168.5.161:46002] returns group-6B71268F73DB:java.util.concurrent.CompletableFuture@6bb0b9fd[Not completed]
2019-09-25 05:56:14,987 [pool-57-thread-1] INFO  impl.RaftServerImpl (RaftServerImpl.java:<init>(95)) - e93bb2c6-c39b-4618-a0fd-b5beeaf95472: new RaftServerImpl for group-6B71268F73DB:[e93bb2c6-c39b-4618-a0fd-b5beeaf95472:192.168.5.161:46002] with ContainerStateMachine:uninitialized
2019-09-25 05:56:14,988 [pool-57-thread-1] INFO  server.RaftServerConfigKeys (ConfUtils.java:logGet(43)) - raft.server.rpc.timeout.min = 5s (custom)
2019-09-25 05:56:14,988 [pool-57-thread-1] INFO  server.RaftServerConfigKeys (ConfUtils.java:logGet(43)) - raft.server.rpc.timeout.max = 5200ms (custom)
2019-09-25 05:56:14,988 [pool-57-thread-1] INFO  server.RaftServerConfigKeys (ConfUtils.java:logGet(43)) - raft.server.rpcslowness.timeout = 120s (custom)
2019-09-25 05:56:14,988 [pool-57-thread-1] INFO  server.RaftServerConfigKeys (ConfUtils.java:logGet(43)) - raft.server.sleep.deviation.threshold = 300 (default)
2019-09-25 05:56:14,988 [pool-57-thread-1] INFO  server.RaftServerConfigKeys (ConfUtils.java:logGet(43)) - raft.server.log.appender.install.snapshot.enabled = false (custom)
2019-09-25 05:56:14,989 [pool-57-thread-1] INFO  impl.RaftServerImpl (ServerState.java:<init>(103)) - e93bb2c6-c39b-4618-a0fd-b5beeaf95472@group-6B71268F73DB: ConfigurationManager, init=-1: [e93bb2c6-c39b-4618-a0fd-b5beeaf95472:192.168.5.161:46002], old=null, confs=<EMPTY_MAP>
2019-09-25 05:56:14,989 [pool-57-thread-1] INFO  server.RaftServerConfigKeys (ConfUtils.java:logGet(43)) - raft.server.storage.dir = [/workdir/hadoop-ozone/tools/target/test-dir/MiniOzoneClusterImpl-a0b92c19-88eb-4192-8b6a-de7e7575cfd2/datanode-3/data/ratis] (custom)
2019-09-25 05:56:14,990 [pool-57-thread-1] INFO  storage.RaftStorageDirectory (RaftStorageDirectory.java:analyzeStorage(246)) - The storage directory /workdir/hadoop-ozone/tools/target/test-dir/MiniOzoneClusterImpl-a0b92c19-88eb-4192-8b6a-de7e7575cfd2/datanode-3/data/ratis/7d463858-4132-4be0-a3df-6b71268f73db does not exist. Creating ...
2019-09-25 05:56:15,003 [pool-57-thread-1] INFO  storage.RaftStorageDirectory (RaftStorageDirectory.java:tryLock(328)) - Lock on /workdir/hadoop-ozone/tools/target/test-dir/MiniOzoneClusterImpl-a0b92c19-88eb-4192-8b6a-de7e7575cfd2/datanode-3/data/ratis/7d463858-4132-4be0-a3df-6b71268f73db/in_use.lock acquired by nodename 23280@pr-hdds-1569-zxpks-796972592
2019-09-25 05:56:15,017 [pool-57-thread-1] INFO  storage.RaftStorage (RaftStorage.java:format(72)) - Storage directory /workdir/hadoop-ozone/tools/target/test-dir/MiniOzoneClusterImpl-a0b92c19-88eb-4192-8b6a-de7e7575cfd2/datanode-3/data/ratis/7d463858-4132-4be0-a3df-6b71268f73db has been successfully formatted.
2019-09-25 05:56:15,018 [pool-57-thread-1] INFO  ratis.ContainerStateMachine (ContainerStateMachine.java:loadSnapshot(230)) - group-6B71268F73DB: The snapshot info is null. Setting the last applied indexto:(t:0, i:~)
2019-09-25 05:56:15,018 [pool-57-thread-1] INFO  server.RaftServerConfigKeys (ConfUtils.java:logGet(43)) - raft.server.notification.no-leader.timeout = 120s (custom)
2019-09-25 05:56:15,018 [pool-57-thread-1] INFO  server.RaftServerConfigKeys (ConfUtils.java:logGet(43)) - raft.server.log.use.memory = false (default)
2019-09-25 05:56:15,018 [pool-57-thread-1] INFO  server.RaftServerConfigKeys (ConfUtils.java:logGet(43)) - raft.server.log.purge.gap = 1000000 (custom)
2019-09-25 05:56:15,019 [pool-57-thread-1] INFO  server.RaftServerConfigKeys (ConfUtils.java:logGet(43)) - raft.server.log.appender.buffer.byte-limit = 33554432 (custom)
2019-09-25 05:56:15,019 [pool-57-thread-1] INFO  server.RaftServerConfigKeys (ConfUtils.java:logGet(43)) - raft.server.log.segment.size.max = 1048576 (custom)
2019-09-25 05:56:15,019 [pool-57-thread-1] INFO  server.RaftServerConfigKeys (ConfUtils.java:logGet(43)) - raft.server.log.segment.cache.num.max = 2 (custom)
2019-09-25 05:56:15,019 [pool-57-thread-1] INFO  segmented.SegmentedRaftLogWorker (SegmentedRaftLogWorker.java:<init>(172)) - new e93bb2c6-c39b-4618-a0fd-b5beeaf95472@group-6B71268F73DB-SegmentedRaftLogWorker for RaftStorage:Storage Directory /workdir/hadoop-ozone/tools/target/test-dir/MiniOzoneClusterImpl-a0b92c19-88eb-4192-8b6a-de7e7575cfd2/datanode-3/data/ratis/7d463858-4132-4be0-a3df-6b71268f73db
2019-09-25 05:56:15,047 [pool-57-thread-1] INFO  server.RaftServerConfigKeys (ConfUtils.java:logGet(43)) - raft.server.log.queue.byte-limit = 2147483647 (custom)
2019-09-25 05:56:15,047 [pool-57-thread-1] INFO  server.RaftServerConfigKeys (ConfUtils.java:logGet(43)) - raft.server.log.queue.element-limit = 1024 (custom)
2019-09-25 05:56:15,047 [pool-57-thread-1] INFO  server.RaftServerConfigKeys (ConfUtils.java:logGet(43)) - raft.server.log.segment.size.max = 1048576 (custom)
2019-09-25 05:56:15,048 [pool-57-thread-1] INFO  server.RaftServerConfigKeys (ConfUtils.java:logGet(43)) - raft.server.log.preallocated.size = 16384 (custom)
2019-09-25 05:56:15,048 [pool-57-thread-1] INFO  server.RaftServerConfigKeys (ConfUtils.java:logGet(43)) - raft.server.log.write.buffer.size = 33554432 (custom)
2019-09-25 05:56:15,048 [pool-57-thread-1] INFO  server.RaftServerConfigKeys (ConfUtils.java:logGet(43)) - raft.server.log.force.sync.num = 128 (default)
2019-09-25 05:56:15,048 [pool-57-thread-1] INFO  server.RaftServerConfigKeys (ConfUtils.java:logGet(43)) - raft.server.log.statemachine.data.sync = true (default)
2019-09-25 05:56:15,048 [pool-57-thread-1] INFO  server.RaftServerConfigKeys (ConfUtils.java:logGet(43)) - raft.server.log.statemachine.data.sync.timeout = 10s (default)
2019-09-25 05:56:15,048 [pool-57-thread-1] INFO  server.RaftServerConfigKeys (ConfUtils.java:logGet(43)) - raft.server.log.statemachine.data.sync.timeout.retry = -1 (default)
2019-09-25 05:56:15,049 [pool-57-thread-1] INFO  server.RaftServerConfigKeys (ConfUtils.java:logGet(43)) - raft.server.log.statemachine.data.caching.enabled = true (custom)
2019-09-25 05:56:15,049 [pool-57-thread-1] INFO  segmented.SegmentedRaftLogWorker (SegmentedRaftLogWorker.java:lambda$new$0(132)) - e93bb2c6-c39b-4618-a0fd-b5beeaf95472@group-6B71268F73DB-SegmentedRaftLogWorker: flushIndex: setUnconditionally 0 -> -1
2019-09-25 05:56:15,050 [pool-57-thread-1] INFO  server.RaftServerConfigKeys (ConfUtils.java:logGet(43)) - raft.server.snapshot.auto.trigger.enabled = true (custom)
2019-09-25 05:56:15,050 [pool-57-thread-1] INFO  server.RaftServerConfigKeys (ConfUtils.java:logGet(43)) - raft.server.snapshot.auto.trigger.threshold = 10000 (custom)
2019-09-25 05:56:15,050 [pool-57-thread-1] INFO  server.RaftServerConfigKeys (ConfUtils.java:logGet(43)) - raft.server.snapshot.retention.num.files = 5 (custom)
2019-09-25 05:56:15,051 [pool-57-thread-1] INFO  server.RaftServerConfigKeys (ConfUtils.java:logGet(43)) - raft.server.retrycache.expirytime = 600000ms (custom)
2019-09-25 05:56:15,056 [pool-57-thread-1] INFO  impl.RaftServerImpl (RaftServerImpl.java:start(185)) - e93bb2c6-c39b-4618-a0fd-b5beeaf95472@group-6B71268F73DB: start as a follower, conf=-1: [e93bb2c6-c39b-4618-a0fd-b5beeaf95472:192.168.5.161:46002], old=null
2019-09-25 05:56:15,057 [pool-57-thread-1] INFO  impl.RaftServerImpl (RaftServerImpl.java:setRole(174)) - e93bb2c6-c39b-4618-a0fd-b5beeaf95472@group-6B71268F73DB: changes role from      null to FOLLOWER at term 0 for startAsFollower
2019-09-25 05:56:15,057 [pool-57-thread-1] INFO  impl.RoleInfo (RoleInfo.java:updateAndGet(143)) - e93bb2c6-c39b-4618-a0fd-b5beeaf95472: start FollowerState
2019-09-25 05:56:15,057 [pool-57-thread-1] INFO  util.JmxRegister (JmxRegister.java:tryRegister(44)) - Successfully registered JMX Bean with object name Ratis:service=RaftServer,group=group-6B71268F73DB,id=e93bb2c6-c39b-4618-a0fd-b5beeaf95472
2019-09-25 05:56:15,070 [RatisPipelineUtilsThread] INFO  pipeline.PipelineStateManager (PipelineStateManager.java:addPipeline(56)) - Created pipeline Pipeline[ Id: 7d463858-4132-4be0-a3df-6b71268f73db, Nodes: e93bb2c6-c39b-4618-a0fd-b5beeaf95472{ip: 192.168.5.161, host: pr-hdds-1569-zxpks-796972592, networkLocation: /default-rack, certSerialId: null}, Type:RATIS, Factor:ONE, State:OPEN]
2019-09-25 05:56:15,088 [grpc-default-executor-0] INFO  impl.RaftServerProxy (RaftServerProxy.java:addNew(89)) - 18c2403b-6685-48ec-8e85-5146801ccf7c: addNew group-FC97353595FB:[18c2403b-6685-48ec-8e85-5146801ccf7c:192.168.5.161:33856] returns group-FC97353595FB:java.util.concurrent.CompletableFuture@75a685a7[Not completed]
2019-09-25 05:56:15,091 [pool-67-thread-1] INFO  impl.RaftServerImpl (RaftServerImpl.java:<init>(95)) - 18c2403b-6685-48ec-8e85-5146801ccf7c: new RaftServerImpl for group-FC97353595FB:[18c2403b-6685-48ec-8e85-5146801ccf7c:192.168.5.161:33856] with ContainerStateMachine:uninitialized
2019-09-25 05:56:15,091 [pool-67-thread-1] INFO  server.RaftServerConfigKeys (ConfUtils.java:logGet(43)) - raft.server.rpc.timeout.min = 5s (custom)
2019-09-25 05:56:15,091 [pool-67-thread-1] INFO  server.RaftServerConfigKeys (ConfUtils.java:logGet(43)) - raft.server.rpc.timeout.max = 5200ms (custom)
2019-09-25 05:56:15,091 [pool-67-thread-1] INFO  server.RaftServerConfigKeys (ConfUtils.java:logGet(43)) - raft.server.rpcslowness.timeout = 120s (custom)
2019-09-25 05:56:15,092 [pool-67-thread-1] INFO  server.RaftServerConfigKeys (ConfUtils.java:logGet(43)) - raft.server.sleep.deviation.threshold = 300 (default)
2019-09-25 05:56:15,092 [pool-67-thread-1] INFO  server.RaftServerConfigKeys (ConfUtils.java:logGet(43)) - raft.server.log.appender.install.snapshot.enabled = false (custom)
2019-09-25 05:56:15,092 [pool-67-thread-1] INFO  impl.RaftServerImpl (ServerState.java:<init>(103)) - 18c2403b-6685-48ec-8e85-5146801ccf7c@group-FC97353595FB: ConfigurationManager, init=-1: [18c2403b-6685-48ec-8e85-5146801ccf7c:192.168.5.161:33856], old=null, confs=<EMPTY_MAP>
2019-09-25 05:56:15,092 [pool-67-thread-1] INFO  server.RaftServerConfigKeys (ConfUtils.java:logGet(43)) - raft.server.storage.dir = [/workdir/hadoop-ozone/tools/target/test-dir/MiniOzoneClusterImpl-a0b92c19-88eb-4192-8b6a-de7e7575cfd2/datanode-4/data/ratis] (custom)
2019-09-25 05:56:15,093 [pool-67-thread-1] INFO  storage.RaftStorageDirectory (RaftStorageDirectory.java:analyzeStorage(246)) - The storage directory /workdir/hadoop-ozone/tools/target/test-dir/MiniOzoneClusterImpl-a0b92c19-88eb-4192-8b6a-de7e7575cfd2/datanode-4/data/ratis/6477b4c7-42fd-4a8e-a3a7-fc97353595fb does not exist. Creating ...
2019-09-25 05:56:15,106 [pool-67-thread-1] INFO  storage.RaftStorageDirectory (RaftStorageDirectory.java:tryLock(328)) - Lock on /workdir/hadoop-ozone/tools/target/test-dir/MiniOzoneClusterImpl-a0b92c19-88eb-4192-8b6a-de7e7575cfd2/datanode-4/data/ratis/6477b4c7-42fd-4a8e-a3a7-fc97353595fb/in_use.lock acquired by nodename 23280@pr-hdds-1569-zxpks-796972592
2019-09-25 05:56:15,119 [pool-67-thread-1] INFO  storage.RaftStorage (RaftStorage.java:format(72)) - Storage directory /workdir/hadoop-ozone/tools/target/test-dir/MiniOzoneClusterImpl-a0b92c19-88eb-4192-8b6a-de7e7575cfd2/datanode-4/data/ratis/6477b4c7-42fd-4a8e-a3a7-fc97353595fb has been successfully formatted.
2019-09-25 05:56:15,119 [pool-67-thread-1] INFO  ratis.ContainerStateMachine (ContainerStateMachine.java:loadSnapshot(230)) - group-FC97353595FB: The snapshot info is null. Setting the last applied indexto:(t:0, i:~)
2019-09-25 05:56:15,120 [pool-67-thread-1] INFO  server.RaftServerConfigKeys (ConfUtils.java:logGet(43)) - raft.server.notification.no-leader.timeout = 120s (custom)
2019-09-25 05:56:15,120 [pool-67-thread-1] INFO  server.RaftServerConfigKeys (ConfUtils.java:logGet(43)) - raft.server.log.use.memory = false (default)
2019-09-25 05:56:15,120 [pool-67-thread-1] INFO  server.RaftServerConfigKeys (ConfUtils.java:logGet(43)) - raft.server.log.purge.gap = 1000000 (custom)
2019-09-25 05:56:15,120 [pool-67-thread-1] INFO  server.RaftServerConfigKeys (ConfUtils.java:logGet(43)) - raft.server.log.appender.buffer.byte-limit = 33554432 (custom)
2019-09-25 05:56:15,120 [pool-67-thread-1] INFO  server.RaftServerConfigKeys (ConfUtils.java:logGet(43)) - raft.server.log.segment.size.max = 1048576 (custom)
2019-09-25 05:56:15,121 [pool-67-thread-1] INFO  server.RaftServerConfigKeys (ConfUtils.java:logGet(43)) - raft.server.log.segment.cache.num.max = 2 (custom)
2019-09-25 05:56:15,121 [pool-67-thread-1] INFO  segmented.SegmentedRaftLogWorker (SegmentedRaftLogWorker.java:<init>(172)) - new 18c2403b-6685-48ec-8e85-5146801ccf7c@group-FC97353595FB-SegmentedRaftLogWorker for RaftStorage:Storage Directory /workdir/hadoop-ozone/tools/target/test-dir/MiniOzoneClusterImpl-a0b92c19-88eb-4192-8b6a-de7e7575cfd2/datanode-4/data/ratis/6477b4c7-42fd-4a8e-a3a7-fc97353595fb
2019-09-25 05:56:15,125 [pool-67-thread-1] INFO  server.RaftServerConfigKeys (ConfUtils.java:logGet(43)) - raft.server.log.queue.byte-limit = 2147483647 (custom)
2019-09-25 05:56:15,126 [pool-67-thread-1] INFO  server.RaftServerConfigKeys (ConfUtils.java:logGet(43)) - raft.server.log.queue.element-limit = 1024 (custom)
2019-09-25 05:56:15,126 [pool-67-thread-1] INFO  server.RaftServerConfigKeys (ConfUtils.java:logGet(43)) - raft.server.log.segment.size.max = 1048576 (custom)
2019-09-25 05:56:15,126 [pool-67-thread-1] INFO  server.RaftServerConfigKeys (ConfUtils.java:logGet(43)) - raft.server.log.preallocated.size = 16384 (custom)
2019-09-25 05:56:15,126 [pool-67-thread-1] INFO  server.RaftServerConfigKeys (ConfUtils.java:logGet(43)) - raft.server.log.write.buffer.size = 33554432 (custom)
2019-09-25 05:56:15,126 [pool-67-thread-1] INFO  server.RaftServerConfigKeys (ConfUtils.java:logGet(43)) - raft.server.log.force.sync.num = 128 (default)
2019-09-25 05:56:15,127 [pool-67-thread-1] INFO  server.RaftServerConfigKeys (ConfUtils.java:logGet(43)) - raft.server.log.statemachine.data.sync = true (default)
2019-09-25 05:56:15,127 [pool-67-thread-1] INFO  server.RaftServerConfigKeys (ConfUtils.java:logGet(43)) - raft.server.log.statemachine.data.sync.timeout = 10s (default)
2019-09-25 05:56:15,127 [pool-67-thread-1] INFO  server.RaftServerConfigKeys (ConfUtils.java:logGet(43)) - raft.server.log.statemachine.data.sync.timeout.retry = -1 (default)
2019-09-25 05:56:15,127 [pool-67-thread-1] INFO  server.RaftServerConfigKeys (ConfUtils.java:logGet(43)) - raft.server.log.statemachine.data.caching.enabled = true (custom)
2019-09-25 05:56:15,128 [pool-67-thread-1] INFO  segmented.SegmentedRaftLogWorker (SegmentedRaftLogWorker.java:lambda$new$0(132)) - 18c2403b-6685-48ec-8e85-5146801ccf7c@group-FC97353595FB-SegmentedRaftLogWorker: flushIndex: setUnconditionally 0 -> -1
2019-09-25 05:56:15,128 [pool-67-thread-1] INFO  server.RaftServerConfigKeys (ConfUtils.java:logGet(43)) - raft.server.snapshot.auto.trigger.enabled = true (custom)
2019-09-25 05:56:15,128 [pool-67-thread-1] INFO  server.RaftServerConfigKeys (ConfUtils.java:logGet(43)) - raft.server.snapshot.auto.trigger.threshold = 10000 (custom)
2019-09-25 05:56:15,128 [pool-67-thread-1] INFO  server.RaftServerConfigKeys (ConfUtils.java:logGet(43)) - raft.server.snapshot.retention.num.files = 5 (custom)
2019-09-25 05:56:15,129 [pool-67-thread-1] INFO  server.RaftServerConfigKeys (ConfUtils.java:logGet(43)) - raft.server.retrycache.expirytime = 600000ms (custom)
2019-09-25 05:56:15,133 [pool-67-thread-1] INFO  impl.RaftServerImpl (RaftServerImpl.java:start(185)) - 18c2403b-6685-48ec-8e85-5146801ccf7c@group-FC97353595FB: start as a follower, conf=-1: [18c2403b-6685-48ec-8e85-5146801ccf7c:192.168.5.161:33856], old=null
2019-09-25 05:56:15,133 [pool-67-thread-1] INFO  impl.RaftServerImpl (RaftServerImpl.java:setRole(174)) - 18c2403b-6685-48ec-8e85-5146801ccf7c@group-FC97353595FB: changes role from      null to FOLLOWER at term 0 for startAsFollower
2019-09-25 05:56:15,133 [pool-67-thread-1] INFO  impl.RoleInfo (RoleInfo.java:updateAndGet(143)) - 18c2403b-6685-48ec-8e85-5146801ccf7c: start FollowerState
2019-09-25 05:56:15,134 [pool-67-thread-1] INFO  util.JmxRegister (JmxRegister.java:tryRegister(44)) - Successfully registered JMX Bean with object name Ratis:service=RaftServer,group=group-FC97353595FB,id=18c2403b-6685-48ec-8e85-5146801ccf7c
2019-09-25 05:56:15,146 [RatisPipelineUtilsThread] INFO  pipeline.PipelineStateManager (PipelineStateManager.java:addPipeline(56)) - Created pipeline Pipeline[ Id: 6477b4c7-42fd-4a8e-a3a7-fc97353595fb, Nodes: 18c2403b-6685-48ec-8e85-5146801ccf7c{ip: 192.168.5.161, host: pr-hdds-1569-zxpks-796972592, networkLocation: /default-rack, certSerialId: null}, Type:RATIS, Factor:ONE, State:OPEN]
2019-09-25 05:56:15,173 [grpc-default-executor-0] INFO  impl.RaftServerProxy (RaftServerProxy.java:addNew(89)) - 90309ab8-5448-4aca-b95f-8fb3fc665c41: addNew group-AAD4DDAEDAD6:[90309ab8-5448-4aca-b95f-8fb3fc665c41:192.168.5.161:32851] returns group-AAD4DDAEDAD6:java.util.concurrent.CompletableFuture@64d1fb0a[Not completed]
2019-09-25 05:56:15,175 [pool-37-thread-1] INFO  impl.RaftServerImpl (RaftServerImpl.java:<init>(95)) - 90309ab8-5448-4aca-b95f-8fb3fc665c41: new RaftServerImpl for group-AAD4DDAEDAD6:[90309ab8-5448-4aca-b95f-8fb3fc665c41:192.168.5.161:32851] with ContainerStateMachine:uninitialized
2019-09-25 05:56:15,175 [pool-37-thread-1] INFO  server.RaftServerConfigKeys (ConfUtils.java:logGet(43)) - raft.server.rpc.timeout.min = 5s (custom)
2019-09-25 05:56:15,175 [pool-37-thread-1] INFO  server.RaftServerConfigKeys (ConfUtils.java:logGet(43)) - raft.server.rpc.timeout.max = 5200ms (custom)
2019-09-25 05:56:15,175 [pool-37-thread-1] INFO  server.RaftServerConfigKeys (ConfUtils.java:logGet(43)) - raft.server.rpcslowness.timeout = 120s (custom)
2019-09-25 05:56:15,176 [pool-37-thread-1] INFO  server.RaftServerConfigKeys (ConfUtils.java:logGet(43)) - raft.server.sleep.deviation.threshold = 300 (default)
2019-09-25 05:56:15,176 [pool-37-thread-1] INFO  server.RaftServerConfigKeys (ConfUtils.java:logGet(43)) - raft.server.log.appender.install.snapshot.enabled = false (custom)
2019-09-25 05:56:15,176 [pool-37-thread-1] INFO  impl.RaftServerImpl (ServerState.java:<init>(103)) - 90309ab8-5448-4aca-b95f-8fb3fc665c41@group-AAD4DDAEDAD6: ConfigurationManager, init=-1: [90309ab8-5448-4aca-b95f-8fb3fc665c41:192.168.5.161:32851], old=null, confs=<EMPTY_MAP>
2019-09-25 05:56:15,176 [pool-37-thread-1] INFO  server.RaftServerConfigKeys (ConfUtils.java:logGet(43)) - raft.server.storage.dir = [/workdir/hadoop-ozone/tools/target/test-dir/MiniOzoneClusterImpl-a0b92c19-88eb-4192-8b6a-de7e7575cfd2/datanode-1/data/ratis] (custom)
2019-09-25 05:56:15,177 [pool-37-thread-1] INFO  storage.RaftStorageDirectory (RaftStorageDirectory.java:analyzeStorage(246)) - The storage directory /workdir/hadoop-ozone/tools/target/test-dir/MiniOzoneClusterImpl-a0b92c19-88eb-4192-8b6a-de7e7575cfd2/datanode-1/data/ratis/fb059e2d-992a-4230-9221-aad4ddaedad6 does not exist. Creating ...
2019-09-25 05:56:15,189 [pool-37-thread-1] INFO  storage.RaftStorageDirectory (RaftStorageDirectory.java:tryLock(328)) - Lock on /workdir/hadoop-ozone/tools/target/test-dir/MiniOzoneClusterImpl-a0b92c19-88eb-4192-8b6a-de7e7575cfd2/datanode-1/data/ratis/fb059e2d-992a-4230-9221-aad4ddaedad6/in_use.lock acquired by nodename 23280@pr-hdds-1569-zxpks-796972592
2019-09-25 05:56:15,202 [pool-37-thread-1] INFO  storage.RaftStorage (RaftStorage.java:format(72)) - Storage directory /workdir/hadoop-ozone/tools/target/test-dir/MiniOzoneClusterImpl-a0b92c19-88eb-4192-8b6a-de7e7575cfd2/datanode-1/data/ratis/fb059e2d-992a-4230-9221-aad4ddaedad6 has been successfully formatted.
2019-09-25 05:56:15,203 [pool-37-thread-1] INFO  ratis.ContainerStateMachine (ContainerStateMachine.java:loadSnapshot(230)) - group-AAD4DDAEDAD6: The snapshot info is null. Setting the last applied indexto:(t:0, i:~)
2019-09-25 05:56:15,203 [pool-37-thread-1] INFO  server.RaftServerConfigKeys (ConfUtils.java:logGet(43)) - raft.server.notification.no-leader.timeout = 120s (custom)
2019-09-25 05:56:15,203 [pool-37-thread-1] INFO  server.RaftServerConfigKeys (ConfUtils.java:logGet(43)) - raft.server.log.use.memory = false (default)
2019-09-25 05:56:15,203 [pool-37-thread-1] INFO  server.RaftServerConfigKeys (ConfUtils.java:logGet(43)) - raft.server.log.purge.gap = 1000000 (custom)
2019-09-25 05:56:15,203 [pool-37-thread-1] INFO  server.RaftServerConfigKeys (ConfUtils.java:logGet(43)) - raft.server.log.appender.buffer.byte-limit = 33554432 (custom)
2019-09-25 05:56:15,204 [pool-37-thread-1] INFO  server.RaftServerConfigKeys (ConfUtils.java:logGet(43)) - raft.server.log.segment.size.max = 1048576 (custom)
2019-09-25 05:56:15,204 [pool-37-thread-1] INFO  server.RaftServerConfigKeys (ConfUtils.java:logGet(43)) - raft.server.log.segment.cache.num.max = 2 (custom)
2019-09-25 05:56:15,204 [pool-37-thread-1] INFO  segmented.SegmentedRaftLogWorker (SegmentedRaftLogWorker.java:<init>(172)) - new 90309ab8-5448-4aca-b95f-8fb3fc665c41@group-AAD4DDAEDAD6-SegmentedRaftLogWorker for RaftStorage:Storage Directory /workdir/hadoop-ozone/tools/target/test-dir/MiniOzoneClusterImpl-a0b92c19-88eb-4192-8b6a-de7e7575cfd2/datanode-1/data/ratis/fb059e2d-992a-4230-9221-aad4ddaedad6
2019-09-25 05:56:15,207 [pool-37-thread-1] INFO  server.RaftServerConfigKeys (ConfUtils.java:logGet(43)) - raft.server.log.queue.byte-limit = 2147483647 (custom)
2019-09-25 05:56:15,207 [pool-37-thread-1] INFO  server.RaftServerConfigKeys (ConfUtils.java:logGet(43)) - raft.server.log.queue.element-limit = 1024 (custom)
2019-09-25 05:56:15,208 [pool-37-thread-1] INFO  server.RaftServerConfigKeys (ConfUtils.java:logGet(43)) - raft.server.log.segment.size.max = 1048576 (custom)
2019-09-25 05:56:15,208 [pool-37-thread-1] INFO  server.RaftServerConfigKeys (ConfUtils.java:logGet(43)) - raft.server.log.preallocated.size = 16384 (custom)
2019-09-25 05:56:15,208 [pool-37-thread-1] INFO  server.RaftServerConfigKeys (ConfUtils.java:logGet(43)) - raft.server.log.write.buffer.size = 33554432 (custom)
2019-09-25 05:56:15,208 [pool-37-thread-1] INFO  server.RaftServerConfigKeys (ConfUtils.java:logGet(43)) - raft.server.log.force.sync.num = 128 (default)
2019-09-25 05:56:15,208 [pool-37-thread-1] INFO  server.RaftServerConfigKeys (ConfUtils.java:logGet(43)) - raft.server.log.statemachine.data.sync = true (default)
2019-09-25 05:56:15,208 [pool-37-thread-1] INFO  server.RaftServerConfigKeys (ConfUtils.java:logGet(43)) - raft.server.log.statemachine.data.sync.timeout = 10s (default)
2019-09-25 05:56:15,209 [pool-37-thread-1] INFO  server.RaftServerConfigKeys (ConfUtils.java:logGet(43)) - raft.server.log.statemachine.data.sync.timeout.retry = -1 (default)
2019-09-25 05:56:15,209 [pool-37-thread-1] INFO  server.RaftServerConfigKeys (ConfUtils.java:logGet(43)) - raft.server.log.statemachine.data.caching.enabled = true (custom)
2019-09-25 05:56:15,209 [pool-37-thread-1] INFO  segmented.SegmentedRaftLogWorker (SegmentedRaftLogWorker.java:lambda$new$0(132)) - 90309ab8-5448-4aca-b95f-8fb3fc665c41@group-AAD4DDAEDAD6-SegmentedRaftLogWorker: flushIndex: setUnconditionally 0 -> -1
2019-09-25 05:56:15,210 [pool-37-thread-1] INFO  server.RaftServerConfigKeys (ConfUtils.java:logGet(43)) - raft.server.snapshot.auto.trigger.enabled = true (custom)
2019-09-25 05:56:15,210 [pool-37-thread-1] INFO  server.RaftServerConfigKeys (ConfUtils.java:logGet(43)) - raft.server.snapshot.auto.trigger.threshold = 10000 (custom)
2019-09-25 05:56:15,210 [pool-37-thread-1] INFO  server.RaftServerConfigKeys (ConfUtils.java:logGet(43)) - raft.server.snapshot.retention.num.files = 5 (custom)
2019-09-25 05:56:15,210 [pool-37-thread-1] INFO  server.RaftServerConfigKeys (ConfUtils.java:logGet(43)) - raft.server.retrycache.expirytime = 600000ms (custom)
2019-09-25 05:56:15,213 [pool-37-thread-1] INFO  impl.RaftServerImpl (RaftServerImpl.java:start(185)) - 90309ab8-5448-4aca-b95f-8fb3fc665c41@group-AAD4DDAEDAD6: start as a follower, conf=-1: [90309ab8-5448-4aca-b95f-8fb3fc665c41:192.168.5.161:32851], old=null
2019-09-25 05:56:15,213 [pool-37-thread-1] INFO  impl.RaftServerImpl (RaftServerImpl.java:setRole(174)) - 90309ab8-5448-4aca-b95f-8fb3fc665c41@group-AAD4DDAEDAD6: changes role from      null to FOLLOWER at term 0 for startAsFollower
2019-09-25 05:56:15,213 [pool-37-thread-1] INFO  impl.RoleInfo (RoleInfo.java:updateAndGet(143)) - 90309ab8-5448-4aca-b95f-8fb3fc665c41: start FollowerState
2019-09-25 05:56:15,214 [pool-37-thread-1] INFO  util.JmxRegister (JmxRegister.java:tryRegister(44)) - Successfully registered JMX Bean with object name Ratis:service=RaftServer,group=group-AAD4DDAEDAD6,id=90309ab8-5448-4aca-b95f-8fb3fc665c41
2019-09-25 05:56:15,229 [RatisPipelineUtilsThread] INFO  pipeline.PipelineStateManager (PipelineStateManager.java:addPipeline(56)) - Created pipeline Pipeline[ Id: fb059e2d-992a-4230-9221-aad4ddaedad6, Nodes: 90309ab8-5448-4aca-b95f-8fb3fc665c41{ip: 192.168.5.161, host: pr-hdds-1569-zxpks-796972592, networkLocation: /default-rack, certSerialId: null}, Type:RATIS, Factor:ONE, State:OPEN]
2019-09-25 05:56:15,250 [grpc-default-executor-0] INFO  impl.RaftServerProxy (RaftServerProxy.java:addNew(89)) - 90309ab8-5448-4aca-b95f-8fb3fc665c41: addNew group-11B3D5E0F973:[90309ab8-5448-4aca-b95f-8fb3fc665c41:192.168.5.161:32851] returns group-11B3D5E0F973:java.util.concurrent.CompletableFuture@32702cb[Not completed]
2019-09-25 05:56:15,252 [pool-37-thread-1] INFO  impl.RaftServerImpl (RaftServerImpl.java:<init>(95)) - 90309ab8-5448-4aca-b95f-8fb3fc665c41: new RaftServerImpl for group-11B3D5E0F973:[90309ab8-5448-4aca-b95f-8fb3fc665c41:192.168.5.161:32851] with ContainerStateMachine:uninitialized
2019-09-25 05:56:15,252 [pool-37-thread-1] INFO  server.RaftServerConfigKeys (ConfUtils.java:logGet(43)) - raft.server.rpc.timeout.min = 5s (custom)
2019-09-25 05:56:15,252 [pool-37-thread-1] INFO  server.RaftServerConfigKeys (ConfUtils.java:logGet(43)) - raft.server.rpc.timeout.max = 5200ms (custom)
2019-09-25 05:56:15,252 [pool-37-thread-1] INFO  server.RaftServerConfigKeys (ConfUtils.java:logGet(43)) - raft.server.rpcslowness.timeout = 120s (custom)
2019-09-25 05:56:15,253 [pool-37-thread-1] INFO  server.RaftServerConfigKeys (ConfUtils.java:logGet(43)) - raft.server.sleep.deviation.threshold = 300 (default)
2019-09-25 05:56:15,253 [pool-37-thread-1] INFO  server.RaftServerConfigKeys (ConfUtils.java:logGet(43)) - raft.server.log.appender.install.snapshot.enabled = false (custom)
2019-09-25 05:56:15,253 [pool-37-thread-1] INFO  impl.RaftServerImpl (ServerState.java:<init>(103)) - 90309ab8-5448-4aca-b95f-8fb3fc665c41@group-11B3D5E0F973: ConfigurationManager, init=-1: [90309ab8-5448-4aca-b95f-8fb3fc665c41:192.168.5.161:32851], old=null, confs=<EMPTY_MAP>
2019-09-25 05:56:15,253 [pool-37-thread-1] INFO  server.RaftServerConfigKeys (ConfUtils.java:logGet(43)) - raft.server.storage.dir = [/workdir/hadoop-ozone/tools/target/test-dir/MiniOzoneClusterImpl-a0b92c19-88eb-4192-8b6a-de7e7575cfd2/datanode-1/data/ratis] (custom)
2019-09-25 05:56:15,253 [pool-37-thread-1] INFO  storage.RaftStorageDirectory (RaftStorageDirectory.java:analyzeStorage(246)) - The storage directory /workdir/hadoop-ozone/tools/target/test-dir/MiniOzoneClusterImpl-a0b92c19-88eb-4192-8b6a-de7e7575cfd2/datanode-1/data/ratis/178db693-0bca-4a83-a7f8-11b3d5e0f973 does not exist. Creating ...
2019-09-25 05:56:15,266 [pool-37-thread-1] INFO  storage.RaftStorageDirectory (RaftStorageDirectory.java:tryLock(328)) - Lock on /workdir/hadoop-ozone/tools/target/test-dir/MiniOzoneClusterImpl-a0b92c19-88eb-4192-8b6a-de7e7575cfd2/datanode-1/data/ratis/178db693-0bca-4a83-a7f8-11b3d5e0f973/in_use.lock acquired by nodename 23280@pr-hdds-1569-zxpks-796972592
2019-09-25 05:56:15,285 [pool-37-thread-1] INFO  storage.RaftStorage (RaftStorage.java:format(72)) - Storage directory /workdir/hadoop-ozone/tools/target/test-dir/MiniOzoneClusterImpl-a0b92c19-88eb-4192-8b6a-de7e7575cfd2/datanode-1/data/ratis/178db693-0bca-4a83-a7f8-11b3d5e0f973 has been successfully formatted.
2019-09-25 05:56:15,286 [pool-37-thread-1] INFO  ratis.ContainerStateMachine (ContainerStateMachine.java:loadSnapshot(230)) - group-11B3D5E0F973: The snapshot info is null. Setting the last applied indexto:(t:0, i:~)
2019-09-25 05:56:15,286 [pool-37-thread-1] INFO  server.RaftServerConfigKeys (ConfUtils.java:logGet(43)) - raft.server.notification.no-leader.timeout = 120s (custom)
2019-09-25 05:56:15,286 [pool-37-thread-1] INFO  server.RaftServerConfigKeys (ConfUtils.java:logGet(43)) - raft.server.log.use.memory = false (default)
2019-09-25 05:56:15,287 [pool-37-thread-1] INFO  server.RaftServerConfigKeys (ConfUtils.java:logGet(43)) - raft.server.log.purge.gap = 1000000 (custom)
2019-09-25 05:56:15,287 [pool-37-thread-1] INFO  server.RaftServerConfigKeys (ConfUtils.java:logGet(43)) - raft.server.log.appender.buffer.byte-limit = 33554432 (custom)
2019-09-25 05:56:15,287 [pool-37-thread-1] INFO  server.RaftServerConfigKeys (ConfUtils.java:logGet(43)) - raft.server.log.segment.size.max = 1048576 (custom)
2019-09-25 05:56:15,287 [pool-37-thread-1] INFO  server.RaftServerConfigKeys (ConfUtils.java:logGet(43)) - raft.server.log.segment.cache.num.max = 2 (custom)
2019-09-25 05:56:15,287 [pool-37-thread-1] INFO  segmented.SegmentedRaftLogWorker (SegmentedRaftLogWorker.java:<init>(172)) - new 90309ab8-5448-4aca-b95f-8fb3fc665c41@group-11B3D5E0F973-SegmentedRaftLogWorker for RaftStorage:Storage Directory /workdir/hadoop-ozone/tools/target/test-dir/MiniOzoneClusterImpl-a0b92c19-88eb-4192-8b6a-de7e7575cfd2/datanode-1/data/ratis/178db693-0bca-4a83-a7f8-11b3d5e0f973
2019-09-25 05:56:15,288 [pool-37-thread-1] INFO  server.RaftServerConfigKeys (ConfUtils.java:logGet(43)) - raft.server.log.queue.byte-limit = 2147483647 (custom)
2019-09-25 05:56:15,288 [pool-37-thread-1] INFO  server.RaftServerConfigKeys (ConfUtils.java:logGet(43)) - raft.server.log.queue.element-limit = 1024 (custom)
2019-09-25 05:56:15,288 [pool-37-thread-1] INFO  server.RaftServerConfigKeys (ConfUtils.java:logGet(43)) - raft.server.log.segment.size.max = 1048576 (custom)
2019-09-25 05:56:15,288 [pool-37-thread-1] INFO  server.RaftServerConfigKeys (ConfUtils.java:logGet(43)) - raft.server.log.preallocated.size = 16384 (custom)
2019-09-25 05:56:15,289 [pool-37-thread-1] INFO  server.RaftServerConfigKeys (ConfUtils.java:logGet(43)) - raft.server.log.write.buffer.size = 33554432 (custom)
2019-09-25 05:56:15,289 [pool-37-thread-1] INFO  server.RaftServerConfigKeys (ConfUtils.java:logGet(43)) - raft.server.log.force.sync.num = 128 (default)
2019-09-25 05:56:15,289 [pool-37-thread-1] INFO  server.RaftServerConfigKeys (ConfUtils.java:logGet(43)) - raft.server.log.statemachine.data.sync = true (default)
2019-09-25 05:56:15,289 [pool-37-thread-1] INFO  server.RaftServerConfigKeys (ConfUtils.java:logGet(43)) - raft.server.log.statemachine.data.sync.timeout = 10s (default)
2019-09-25 05:56:15,289 [pool-37-thread-1] INFO  server.RaftServerConfigKeys (ConfUtils.java:logGet(43)) - raft.server.log.statemachine.data.sync.timeout.retry = -1 (default)
2019-09-25 05:56:15,290 [pool-37-thread-1] INFO  server.RaftServerConfigKeys (ConfUtils.java:logGet(43)) - raft.server.log.statemachine.data.caching.enabled = true (custom)
2019-09-25 05:56:15,290 [pool-37-thread-1] INFO  segmented.SegmentedRaftLogWorker (SegmentedRaftLogWorker.java:lambda$new$0(132)) - 90309ab8-5448-4aca-b95f-8fb3fc665c41@group-11B3D5E0F973-SegmentedRaftLogWorker: flushIndex: setUnconditionally 0 -> -1
2019-09-25 05:56:15,291 [pool-37-thread-1] INFO  server.RaftServerConfigKeys (ConfUtils.java:logGet(43)) - raft.server.snapshot.auto.trigger.enabled = true (custom)
2019-09-25 05:56:15,291 [pool-37-thread-1] INFO  server.RaftServerConfigKeys (ConfUtils.java:logGet(43)) - raft.server.snapshot.auto.trigger.threshold = 10000 (custom)
2019-09-25 05:56:15,291 [pool-37-thread-1] INFO  server.RaftServerConfigKeys (ConfUtils.java:logGet(43)) - raft.server.snapshot.retention.num.files = 5 (custom)
2019-09-25 05:56:15,291 [pool-37-thread-1] INFO  server.RaftServerConfigKeys (ConfUtils.java:logGet(43)) - raft.server.retrycache.expirytime = 600000ms (custom)
2019-09-25 05:56:15,296 [pool-37-thread-1] INFO  impl.RaftServerImpl (RaftServerImpl.java:start(185)) - 90309ab8-5448-4aca-b95f-8fb3fc665c41@group-11B3D5E0F973: start as a follower, conf=-1: [90309ab8-5448-4aca-b95f-8fb3fc665c41:192.168.5.161:32851], old=null
2019-09-25 05:56:15,296 [pool-37-thread-1] INFO  impl.RaftServerImpl (RaftServerImpl.java:setRole(174)) - 90309ab8-5448-4aca-b95f-8fb3fc665c41@group-11B3D5E0F973: changes role from      null to FOLLOWER at term 0 for startAsFollower
2019-09-25 05:56:15,296 [pool-37-thread-1] INFO  impl.RoleInfo (RoleInfo.java:updateAndGet(143)) - 90309ab8-5448-4aca-b95f-8fb3fc665c41: start FollowerState
2019-09-25 05:56:15,297 [pool-37-thread-1] INFO  util.JmxRegister (JmxRegister.java:tryRegister(44)) - Successfully registered JMX Bean with object name Ratis:service=RaftServer,group=group-11B3D5E0F973,id=90309ab8-5448-4aca-b95f-8fb3fc665c41
2019-09-25 05:56:15,312 [RatisPipelineUtilsThread] INFO  pipeline.PipelineStateManager (PipelineStateManager.java:addPipeline(56)) - Created pipeline Pipeline[ Id: 178db693-0bca-4a83-a7f8-11b3d5e0f973, Nodes: 90309ab8-5448-4aca-b95f-8fb3fc665c41{ip: 192.168.5.161, host: pr-hdds-1569-zxpks-796972592, networkLocation: /default-rack, certSerialId: null}, Type:RATIS, Factor:ONE, State:OPEN]
2019-09-25 05:56:15,326 [grpc-default-executor-0] INFO  impl.RaftServerProxy (RaftServerProxy.java:addNew(89)) - 90309ab8-5448-4aca-b95f-8fb3fc665c41: addNew group-33257EBF4523:[90309ab8-5448-4aca-b95f-8fb3fc665c41:192.168.5.161:32851] returns group-33257EBF4523:java.util.concurrent.CompletableFuture@25ea74bf[Not completed]
2019-09-25 05:56:15,329 [pool-37-thread-1] INFO  impl.RaftServerImpl (RaftServerImpl.java:<init>(95)) - 90309ab8-5448-4aca-b95f-8fb3fc665c41: new RaftServerImpl for group-33257EBF4523:[90309ab8-5448-4aca-b95f-8fb3fc665c41:192.168.5.161:32851] with ContainerStateMachine:uninitialized
2019-09-25 05:56:15,329 [pool-37-thread-1] INFO  server.RaftServerConfigKeys (ConfUtils.java:logGet(43)) - raft.server.rpc.timeout.min = 5s (custom)
2019-09-25 05:56:15,329 [pool-37-thread-1] INFO  server.RaftServerConfigKeys (ConfUtils.java:logGet(43)) - raft.server.rpc.timeout.max = 5200ms (custom)
2019-09-25 05:56:15,329 [pool-37-thread-1] INFO  server.RaftServerConfigKeys (ConfUtils.java:logGet(43)) - raft.server.rpcslowness.timeout = 120s (custom)
2019-09-25 05:56:15,330 [pool-37-thread-1] INFO  server.RaftServerConfigKeys (ConfUtils.java:logGet(43)) - raft.server.sleep.deviation.threshold = 300 (default)
2019-09-25 05:56:15,330 [pool-37-thread-1] INFO  server.RaftServerConfigKeys (ConfUtils.java:logGet(43)) - raft.server.log.appender.install.snapshot.enabled = false (custom)
2019-09-25 05:56:15,330 [pool-37-thread-1] INFO  impl.RaftServerImpl (ServerState.java:<init>(103)) - 90309ab8-5448-4aca-b95f-8fb3fc665c41@group-33257EBF4523: ConfigurationManager, init=-1: [90309ab8-5448-4aca-b95f-8fb3fc665c41:192.168.5.161:32851], old=null, confs=<EMPTY_MAP>
2019-09-25 05:56:15,330 [pool-37-thread-1] INFO  server.RaftServerConfigKeys (ConfUtils.java:logGet(43)) - raft.server.storage.dir = [/workdir/hadoop-ozone/tools/target/test-dir/MiniOzoneClusterImpl-a0b92c19-88eb-4192-8b6a-de7e7575cfd2/datanode-1/data/ratis] (custom)
2019-09-25 05:56:15,331 [pool-37-thread-1] INFO  storage.RaftStorageDirectory (RaftStorageDirectory.java:analyzeStorage(246)) - The storage directory /workdir/hadoop-ozone/tools/target/test-dir/MiniOzoneClusterImpl-a0b92c19-88eb-4192-8b6a-de7e7575cfd2/datanode-1/data/ratis/b3f90688-23b8-4388-abaf-33257ebf4523 does not exist. Creating ...
2019-09-25 05:56:15,344 [pool-37-thread-1] INFO  storage.RaftStorageDirectory (RaftStorageDirectory.java:tryLock(328)) - Lock on /workdir/hadoop-ozone/tools/target/test-dir/MiniOzoneClusterImpl-a0b92c19-88eb-4192-8b6a-de7e7575cfd2/datanode-1/data/ratis/b3f90688-23b8-4388-abaf-33257ebf4523/in_use.lock acquired by nodename 23280@pr-hdds-1569-zxpks-796972592
2019-09-25 05:56:15,357 [pool-37-thread-1] INFO  storage.RaftStorage (RaftStorage.java:format(72)) - Storage directory /workdir/hadoop-ozone/tools/target/test-dir/MiniOzoneClusterImpl-a0b92c19-88eb-4192-8b6a-de7e7575cfd2/datanode-1/data/ratis/b3f90688-23b8-4388-abaf-33257ebf4523 has been successfully formatted.
2019-09-25 05:56:15,358 [pool-37-thread-1] INFO  ratis.ContainerStateMachine (ContainerStateMachine.java:loadSnapshot(230)) - group-33257EBF4523: The snapshot info is null. Setting the last applied indexto:(t:0, i:~)
2019-09-25 05:56:15,358 [pool-37-thread-1] INFO  server.RaftServerConfigKeys (ConfUtils.java:logGet(43)) - raft.server.notification.no-leader.timeout = 120s (custom)
2019-09-25 05:56:15,358 [pool-37-thread-1] INFO  server.RaftServerConfigKeys (ConfUtils.java:logGet(43)) - raft.server.log.use.memory = false (default)
2019-09-25 05:56:15,358 [pool-37-thread-1] INFO  server.RaftServerConfigKeys (ConfUtils.java:logGet(43)) - raft.server.log.purge.gap = 1000000 (custom)
2019-09-25 05:56:15,359 [pool-37-thread-1] INFO  server.RaftServerConfigKeys (ConfUtils.java:logGet(43)) - raft.server.log.appender.buffer.byte-limit = 33554432 (custom)
2019-09-25 05:56:15,359 [pool-37-thread-1] INFO  server.RaftServerConfigKeys (ConfUtils.java:logGet(43)) - raft.server.log.segment.size.max = 1048576 (custom)
2019-09-25 05:56:15,359 [pool-37-thread-1] INFO  server.RaftServerConfigKeys (ConfUtils.java:logGet(43)) - raft.server.log.segment.cache.num.max = 2 (custom)
2019-09-25 05:56:15,359 [pool-37-thread-1] INFO  segmented.SegmentedRaftLogWorker (SegmentedRaftLogWorker.java:<init>(172)) - new 90309ab8-5448-4aca-b95f-8fb3fc665c41@group-33257EBF4523-SegmentedRaftLogWorker for RaftStorage:Storage Directory /workdir/hadoop-ozone/tools/target/test-dir/MiniOzoneClusterImpl-a0b92c19-88eb-4192-8b6a-de7e7575cfd2/datanode-1/data/ratis/b3f90688-23b8-4388-abaf-33257ebf4523
2019-09-25 05:56:15,359 [pool-37-thread-1] INFO  server.RaftServerConfigKeys (ConfUtils.java:logGet(43)) - raft.server.log.queue.byte-limit = 2147483647 (custom)
2019-09-25 05:56:15,359 [pool-37-thread-1] INFO  server.RaftServerConfigKeys (ConfUtils.java:logGet(43)) - raft.server.log.queue.element-limit = 1024 (custom)
2019-09-25 05:56:15,360 [pool-37-thread-1] INFO  server.RaftServerConfigKeys (ConfUtils.java:logGet(43)) - raft.server.log.segment.size.max = 1048576 (custom)
2019-09-25 05:56:15,360 [pool-37-thread-1] INFO  server.RaftServerConfigKeys (ConfUtils.java:logGet(43)) - raft.server.log.preallocated.size = 16384 (custom)
2019-09-25 05:56:15,360 [pool-37-thread-1] INFO  server.RaftServerConfigKeys (ConfUtils.java:logGet(43)) - raft.server.log.write.buffer.size = 33554432 (custom)
2019-09-25 05:56:15,360 [pool-37-thread-1] INFO  server.RaftServerConfigKeys (ConfUtils.java:logGet(43)) - raft.server.log.force.sync.num = 128 (default)
2019-09-25 05:56:15,360 [pool-37-thread-1] INFO  server.RaftServerConfigKeys (ConfUtils.java:logGet(43)) - raft.server.log.statemachine.data.sync = true (default)
2019-09-25 05:56:15,361 [pool-37-thread-1] INFO  server.RaftServerConfigKeys (ConfUtils.java:logGet(43)) - raft.server.log.statemachine.data.sync.timeout = 10s (default)
2019-09-25 05:56:15,361 [pool-37-thread-1] INFO  server.RaftServerConfigKeys (ConfUtils.java:logGet(43)) - raft.server.log.statemachine.data.sync.timeout.retry = -1 (default)
2019-09-25 05:56:15,361 [pool-37-thread-1] INFO  server.RaftServerConfigKeys (ConfUtils.java:logGet(43)) - raft.server.log.statemachine.data.caching.enabled = true (custom)
2019-09-25 05:56:15,362 [pool-37-thread-1] INFO  segmented.SegmentedRaftLogWorker (SegmentedRaftLogWorker.java:lambda$new$0(132)) - 90309ab8-5448-4aca-b95f-8fb3fc665c41@group-33257EBF4523-SegmentedRaftLogWorker: flushIndex: setUnconditionally 0 -> -1
2019-09-25 05:56:15,362 [pool-37-thread-1] INFO  server.RaftServerConfigKeys (ConfUtils.java:logGet(43)) - raft.server.snapshot.auto.trigger.enabled = true (custom)
2019-09-25 05:56:15,362 [pool-37-thread-1] INFO  server.RaftServerConfigKeys (ConfUtils.java:logGet(43)) - raft.server.snapshot.auto.trigger.threshold = 10000 (custom)
2019-09-25 05:56:15,362 [pool-37-thread-1] INFO  server.RaftServerConfigKeys (ConfUtils.java:logGet(43)) - raft.server.snapshot.retention.num.files = 5 (custom)
2019-09-25 05:56:15,363 [pool-37-thread-1] INFO  server.RaftServerConfigKeys (ConfUtils.java:logGet(43)) - raft.server.retrycache.expirytime = 600000ms (custom)
2019-09-25 05:56:15,367 [pool-37-thread-1] INFO  impl.RaftServerImpl (RaftServerImpl.java:start(185)) - 90309ab8-5448-4aca-b95f-8fb3fc665c41@group-33257EBF4523: start as a follower, conf=-1: [90309ab8-5448-4aca-b95f-8fb3fc665c41:192.168.5.161:32851], old=null
2019-09-25 05:56:15,367 [pool-37-thread-1] INFO  impl.RaftServerImpl (RaftServerImpl.java:setRole(174)) - 90309ab8-5448-4aca-b95f-8fb3fc665c41@group-33257EBF4523: changes role from      null to FOLLOWER at term 0 for startAsFollower
2019-09-25 05:56:15,367 [pool-37-thread-1] INFO  impl.RoleInfo (RoleInfo.java:updateAndGet(143)) - 90309ab8-5448-4aca-b95f-8fb3fc665c41: start FollowerState
2019-09-25 05:56:15,367 [pool-37-thread-1] INFO  util.JmxRegister (JmxRegister.java:tryRegister(44)) - Successfully registered JMX Bean with object name Ratis:service=RaftServer,group=group-33257EBF4523,id=90309ab8-5448-4aca-b95f-8fb3fc665c41
2019-09-25 05:56:15,382 [RatisPipelineUtilsThread] INFO  pipeline.PipelineStateManager (PipelineStateManager.java:addPipeline(56)) - Created pipeline Pipeline[ Id: b3f90688-23b8-4388-abaf-33257ebf4523, Nodes: 90309ab8-5448-4aca-b95f-8fb3fc665c41{ip: 192.168.5.161, host: pr-hdds-1569-zxpks-796972592, networkLocation: /default-rack, certSerialId: null}, Type:RATIS, Factor:ONE, State:OPEN]
2019-09-25 05:56:15,397 [grpc-default-executor-0] INFO  impl.RaftServerProxy (RaftServerProxy.java:addNew(89)) - 18c2403b-6685-48ec-8e85-5146801ccf7c: addNew group-3E0D06E36667:[18c2403b-6685-48ec-8e85-5146801ccf7c:192.168.5.161:33856] returns group-3E0D06E36667:java.util.concurrent.CompletableFuture@658c8648[Not completed]
2019-09-25 05:56:15,401 [pool-67-thread-1] INFO  impl.RaftServerImpl (RaftServerImpl.java:<init>(95)) - 18c2403b-6685-48ec-8e85-5146801ccf7c: new RaftServerImpl for group-3E0D06E36667:[18c2403b-6685-48ec-8e85-5146801ccf7c:192.168.5.161:33856] with ContainerStateMachine:uninitialized
2019-09-25 05:56:15,401 [pool-67-thread-1] INFO  server.RaftServerConfigKeys (ConfUtils.java:logGet(43)) - raft.server.rpc.timeout.min = 5s (custom)
2019-09-25 05:56:15,401 [pool-67-thread-1] INFO  server.RaftServerConfigKeys (ConfUtils.java:logGet(43)) - raft.server.rpc.timeout.max = 5200ms (custom)
2019-09-25 05:56:15,401 [pool-67-thread-1] INFO  server.RaftServerConfigKeys (ConfUtils.java:logGet(43)) - raft.server.rpcslowness.timeout = 120s (custom)
2019-09-25 05:56:15,402 [pool-67-thread-1] INFO  server.RaftServerConfigKeys (ConfUtils.java:logGet(43)) - raft.server.sleep.deviation.threshold = 300 (default)
2019-09-25 05:56:15,402 [pool-67-thread-1] INFO  server.RaftServerConfigKeys (ConfUtils.java:logGet(43)) - raft.server.log.appender.install.snapshot.enabled = false (custom)
2019-09-25 05:56:15,402 [pool-67-thread-1] INFO  impl.RaftServerImpl (ServerState.java:<init>(103)) - 18c2403b-6685-48ec-8e85-5146801ccf7c@group-3E0D06E36667: ConfigurationManager, init=-1: [18c2403b-6685-48ec-8e85-5146801ccf7c:192.168.5.161:33856], old=null, confs=<EMPTY_MAP>
2019-09-25 05:56:15,402 [pool-67-thread-1] INFO  server.RaftServerConfigKeys (ConfUtils.java:logGet(43)) - raft.server.storage.dir = [/workdir/hadoop-ozone/tools/target/test-dir/MiniOzoneClusterImpl-a0b92c19-88eb-4192-8b6a-de7e7575cfd2/datanode-4/data/ratis] (custom)
2019-09-25 05:56:15,403 [pool-67-thread-1] INFO  storage.RaftStorageDirectory (RaftStorageDirectory.java:analyzeStorage(246)) - The storage directory /workdir/hadoop-ozone/tools/target/test-dir/MiniOzoneClusterImpl-a0b92c19-88eb-4192-8b6a-de7e7575cfd2/datanode-4/data/ratis/0df7f1a0-8056-424d-b965-3e0d06e36667 does not exist. Creating ...
2019-09-25 05:56:15,415 [pool-67-thread-1] INFO  storage.RaftStorageDirectory (RaftStorageDirectory.java:tryLock(328)) - Lock on /workdir/hadoop-ozone/tools/target/test-dir/MiniOzoneClusterImpl-a0b92c19-88eb-4192-8b6a-de7e7575cfd2/datanode-4/data/ratis/0df7f1a0-8056-424d-b965-3e0d06e36667/in_use.lock acquired by nodename 23280@pr-hdds-1569-zxpks-796972592
2019-09-25 05:56:15,428 [pool-67-thread-1] INFO  storage.RaftStorage (RaftStorage.java:format(72)) - Storage directory /workdir/hadoop-ozone/tools/target/test-dir/MiniOzoneClusterImpl-a0b92c19-88eb-4192-8b6a-de7e7575cfd2/datanode-4/data/ratis/0df7f1a0-8056-424d-b965-3e0d06e36667 has been successfully formatted.
2019-09-25 05:56:15,429 [pool-67-thread-1] INFO  ratis.ContainerStateMachine (ContainerStateMachine.java:loadSnapshot(230)) - group-3E0D06E36667: The snapshot info is null. Setting the last applied indexto:(t:0, i:~)
2019-09-25 05:56:15,429 [pool-67-thread-1] INFO  server.RaftServerConfigKeys (ConfUtils.java:logGet(43)) - raft.server.notification.no-leader.timeout = 120s (custom)
2019-09-25 05:56:15,429 [pool-67-thread-1] INFO  server.RaftServerConfigKeys (ConfUtils.java:logGet(43)) - raft.server.log.use.memory = false (default)
2019-09-25 05:56:15,429 [pool-67-thread-1] INFO  server.RaftServerConfigKeys (ConfUtils.java:logGet(43)) - raft.server.log.purge.gap = 1000000 (custom)
2019-09-25 05:56:15,429 [pool-67-thread-1] INFO  server.RaftServerConfigKeys (ConfUtils.java:logGet(43)) - raft.server.log.appender.buffer.byte-limit = 33554432 (custom)
2019-09-25 05:56:15,430 [pool-67-thread-1] INFO  server.RaftServerConfigKeys (ConfUtils.java:logGet(43)) - raft.server.log.segment.size.max = 1048576 (custom)
2019-09-25 05:56:15,430 [pool-67-thread-1] INFO  server.RaftServerConfigKeys (ConfUtils.java:logGet(43)) - raft.server.log.segment.cache.num.max = 2 (custom)
2019-09-25 05:56:15,430 [pool-67-thread-1] INFO  segmented.SegmentedRaftLogWorker (SegmentedRaftLogWorker.java:<init>(172)) - new 18c2403b-6685-48ec-8e85-5146801ccf7c@group-3E0D06E36667-SegmentedRaftLogWorker for RaftStorage:Storage Directory /workdir/hadoop-ozone/tools/target/test-dir/MiniOzoneClusterImpl-a0b92c19-88eb-4192-8b6a-de7e7575cfd2/datanode-4/data/ratis/0df7f1a0-8056-424d-b965-3e0d06e36667
2019-09-25 05:56:15,430 [pool-67-thread-1] INFO  server.RaftServerConfigKeys (ConfUtils.java:logGet(43)) - raft.server.log.queue.byte-limit = 2147483647 (custom)
2019-09-25 05:56:15,430 [pool-67-thread-1] INFO  server.RaftServerConfigKeys (ConfUtils.java:logGet(43)) - raft.server.log.queue.element-limit = 1024 (custom)
2019-09-25 05:56:15,431 [pool-67-thread-1] INFO  server.RaftServerConfigKeys (ConfUtils.java:logGet(43)) - raft.server.log.segment.size.max = 1048576 (custom)
2019-09-25 05:56:15,431 [pool-67-thread-1] INFO  server.RaftServerConfigKeys (ConfUtils.java:logGet(43)) - raft.server.log.preallocated.size = 16384 (custom)
2019-09-25 05:56:15,431 [pool-67-thread-1] INFO  server.RaftServerConfigKeys (ConfUtils.java:logGet(43)) - raft.server.log.write.buffer.size = 33554432 (custom)
2019-09-25 05:56:15,431 [pool-67-thread-1] INFO  server.RaftServerConfigKeys (ConfUtils.java:logGet(43)) - raft.server.log.force.sync.num = 128 (default)
2019-09-25 05:56:15,431 [pool-67-thread-1] INFO  server.RaftServerConfigKeys (ConfUtils.java:logGet(43)) - raft.server.log.statemachine.data.sync = true (default)
2019-09-25 05:56:15,432 [pool-67-thread-1] INFO  server.RaftServerConfigKeys (ConfUtils.java:logGet(43)) - raft.server.log.statemachine.data.sync.timeout = 10s (default)
2019-09-25 05:56:15,432 [pool-67-thread-1] INFO  server.RaftServerConfigKeys (ConfUtils.java:logGet(43)) - raft.server.log.statemachine.data.sync.timeout.retry = -1 (default)
2019-09-25 05:56:15,432 [pool-67-thread-1] INFO  server.RaftServerConfigKeys (ConfUtils.java:logGet(43)) - raft.server.log.statemachine.data.caching.enabled = true (custom)
2019-09-25 05:56:15,432 [pool-67-thread-1] INFO  segmented.SegmentedRaftLogWorker (SegmentedRaftLogWorker.java:lambda$new$0(132)) - 18c2403b-6685-48ec-8e85-5146801ccf7c@group-3E0D06E36667-SegmentedRaftLogWorker: flushIndex: setUnconditionally 0 -> -1
2019-09-25 05:56:15,433 [pool-67-thread-1] INFO  server.RaftServerConfigKeys (ConfUtils.java:logGet(43)) - raft.server.snapshot.auto.trigger.enabled = true (custom)
2019-09-25 05:56:15,433 [pool-67-thread-1] INFO  server.RaftServerConfigKeys (ConfUtils.java:logGet(43)) - raft.server.snapshot.auto.trigger.threshold = 10000 (custom)
2019-09-25 05:56:15,433 [pool-67-thread-1] INFO  server.RaftServerConfigKeys (ConfUtils.java:logGet(43)) - raft.server.snapshot.retention.num.files = 5 (custom)
2019-09-25 05:56:15,434 [pool-67-thread-1] INFO  server.RaftServerConfigKeys (ConfUtils.java:logGet(43)) - raft.server.retrycache.expirytime = 600000ms (custom)
2019-09-25 05:56:15,437 [pool-67-thread-1] INFO  impl.RaftServerImpl (RaftServerImpl.java:start(185)) - 18c2403b-6685-48ec-8e85-5146801ccf7c@group-3E0D06E36667: start as a follower, conf=-1: [18c2403b-6685-48ec-8e85-5146801ccf7c:192.168.5.161:33856], old=null
2019-09-25 05:56:15,437 [pool-67-thread-1] INFO  impl.RaftServerImpl (RaftServerImpl.java:setRole(174)) - 18c2403b-6685-48ec-8e85-5146801ccf7c@group-3E0D06E36667: changes role from      null to FOLLOWER at term 0 for startAsFollower
2019-09-25 05:56:15,437 [pool-67-thread-1] INFO  impl.RoleInfo (RoleInfo.java:updateAndGet(143)) - 18c2403b-6685-48ec-8e85-5146801ccf7c: start FollowerState
2019-09-25 05:56:15,438 [pool-67-thread-1] INFO  util.JmxRegister (JmxRegister.java:tryRegister(44)) - Successfully registered JMX Bean with object name Ratis:service=RaftServer,group=group-3E0D06E36667,id=18c2403b-6685-48ec-8e85-5146801ccf7c
2019-09-25 05:56:15,449 [RatisPipelineUtilsThread] INFO  pipeline.PipelineStateManager (PipelineStateManager.java:addPipeline(56)) - Created pipeline Pipeline[ Id: 0df7f1a0-8056-424d-b965-3e0d06e36667, Nodes: 18c2403b-6685-48ec-8e85-5146801ccf7c{ip: 192.168.5.161, host: pr-hdds-1569-zxpks-796972592, networkLocation: /default-rack, certSerialId: null}, Type:RATIS, Factor:ONE, State:OPEN]
2019-09-25 05:56:15,462 [grpc-default-executor-0] INFO  impl.RaftServerProxy (RaftServerProxy.java:addNew(89)) - f4bb89bf-b4cb-46d2-895a-458b0eef1f65: addNew group-86F9B4AED7A6:[f4bb89bf-b4cb-46d2-895a-458b0eef1f65:192.168.5.161:44648] returns group-86F9B4AED7A6:java.util.concurrent.CompletableFuture@1bcb959c[Not completed]
2019-09-25 05:56:15,463 [pool-47-thread-1] INFO  impl.RaftServerImpl (RaftServerImpl.java:<init>(95)) - f4bb89bf-b4cb-46d2-895a-458b0eef1f65: new RaftServerImpl for group-86F9B4AED7A6:[f4bb89bf-b4cb-46d2-895a-458b0eef1f65:192.168.5.161:44648] with ContainerStateMachine:uninitialized
2019-09-25 05:56:15,464 [pool-47-thread-1] INFO  server.RaftServerConfigKeys (ConfUtils.java:logGet(43)) - raft.server.rpc.timeout.min = 5s (custom)
2019-09-25 05:56:15,464 [pool-47-thread-1] INFO  server.RaftServerConfigKeys (ConfUtils.java:logGet(43)) - raft.server.rpc.timeout.max = 5200ms (custom)
2019-09-25 05:56:15,464 [pool-47-thread-1] INFO  server.RaftServerConfigKeys (ConfUtils.java:logGet(43)) - raft.server.rpcslowness.timeout = 120s (custom)
2019-09-25 05:56:15,464 [pool-47-thread-1] INFO  server.RaftServerConfigKeys (ConfUtils.java:logGet(43)) - raft.server.sleep.deviation.threshold = 300 (default)
2019-09-25 05:56:15,464 [pool-47-thread-1] INFO  server.RaftServerConfigKeys (ConfUtils.java:logGet(43)) - raft.server.log.appender.install.snapshot.enabled = false (custom)
2019-09-25 05:56:15,464 [pool-47-thread-1] INFO  impl.RaftServerImpl (ServerState.java:<init>(103)) - f4bb89bf-b4cb-46d2-895a-458b0eef1f65@group-86F9B4AED7A6: ConfigurationManager, init=-1: [f4bb89bf-b4cb-46d2-895a-458b0eef1f65:192.168.5.161:44648], old=null, confs=<EMPTY_MAP>
2019-09-25 05:56:15,465 [pool-47-thread-1] INFO  server.RaftServerConfigKeys (ConfUtils.java:logGet(43)) - raft.server.storage.dir = [/workdir/hadoop-ozone/tools/target/test-dir/MiniOzoneClusterImpl-a0b92c19-88eb-4192-8b6a-de7e7575cfd2/datanode-2/data/ratis] (custom)
2019-09-25 05:56:15,465 [pool-47-thread-1] INFO  storage.RaftStorageDirectory (RaftStorageDirectory.java:analyzeStorage(246)) - The storage directory /workdir/hadoop-ozone/tools/target/test-dir/MiniOzoneClusterImpl-a0b92c19-88eb-4192-8b6a-de7e7575cfd2/datanode-2/data/ratis/e2e5dd59-6e2c-4e23-9bf9-86f9b4aed7a6 does not exist. Creating ...
2019-09-25 05:56:15,477 [pool-47-thread-1] INFO  storage.RaftStorageDirectory (RaftStorageDirectory.java:tryLock(328)) - Lock on /workdir/hadoop-ozone/tools/target/test-dir/MiniOzoneClusterImpl-a0b92c19-88eb-4192-8b6a-de7e7575cfd2/datanode-2/data/ratis/e2e5dd59-6e2c-4e23-9bf9-86f9b4aed7a6/in_use.lock acquired by nodename 23280@pr-hdds-1569-zxpks-796972592
2019-09-25 05:56:15,490 [pool-47-thread-1] INFO  storage.RaftStorage (RaftStorage.java:format(72)) - Storage directory /workdir/hadoop-ozone/tools/target/test-dir/MiniOzoneClusterImpl-a0b92c19-88eb-4192-8b6a-de7e7575cfd2/datanode-2/data/ratis/e2e5dd59-6e2c-4e23-9bf9-86f9b4aed7a6 has been successfully formatted.
2019-09-25 05:56:15,491 [pool-47-thread-1] INFO  ratis.ContainerStateMachine (ContainerStateMachine.java:loadSnapshot(230)) - group-86F9B4AED7A6: The snapshot info is null. Setting the last applied indexto:(t:0, i:~)
2019-09-25 05:56:15,491 [pool-47-thread-1] INFO  server.RaftServerConfigKeys (ConfUtils.java:logGet(43)) - raft.server.notification.no-leader.timeout = 120s (custom)
2019-09-25 05:56:15,491 [pool-47-thread-1] INFO  server.RaftServerConfigKeys (ConfUtils.java:logGet(43)) - raft.server.log.use.memory = false (default)
2019-09-25 05:56:15,491 [pool-47-thread-1] INFO  server.RaftServerConfigKeys (ConfUtils.java:logGet(43)) - raft.server.log.purge.gap = 1000000 (custom)
2019-09-25 05:56:15,492 [pool-47-thread-1] INFO  server.RaftServerConfigKeys (ConfUtils.java:logGet(43)) - raft.server.log.appender.buffer.byte-limit = 33554432 (custom)
2019-09-25 05:56:15,492 [pool-47-thread-1] INFO  server.RaftServerConfigKeys (ConfUtils.java:logGet(43)) - raft.server.log.segment.size.max = 1048576 (custom)
2019-09-25 05:56:15,492 [pool-47-thread-1] INFO  server.RaftServerConfigKeys (ConfUtils.java:logGet(43)) - raft.server.log.segment.cache.num.max = 2 (custom)
2019-09-25 05:56:15,492 [pool-47-thread-1] INFO  segmented.SegmentedRaftLogWorker (SegmentedRaftLogWorker.java:<init>(172)) - new f4bb89bf-b4cb-46d2-895a-458b0eef1f65@group-86F9B4AED7A6-SegmentedRaftLogWorker for RaftStorage:Storage Directory /workdir/hadoop-ozone/tools/target/test-dir/MiniOzoneClusterImpl-a0b92c19-88eb-4192-8b6a-de7e7575cfd2/datanode-2/data/ratis/e2e5dd59-6e2c-4e23-9bf9-86f9b4aed7a6
2019-09-25 05:56:15,492 [pool-47-thread-1] INFO  server.RaftServerConfigKeys (ConfUtils.java:logGet(43)) - raft.server.log.queue.byte-limit = 2147483647 (custom)
2019-09-25 05:56:15,493 [pool-47-thread-1] INFO  server.RaftServerConfigKeys (ConfUtils.java:logGet(43)) - raft.server.log.queue.element-limit = 1024 (custom)
2019-09-25 05:56:15,493 [pool-47-thread-1] INFO  server.RaftServerConfigKeys (ConfUtils.java:logGet(43)) - raft.server.log.segment.size.max = 1048576 (custom)
2019-09-25 05:56:15,493 [pool-47-thread-1] INFO  server.RaftServerConfigKeys (ConfUtils.java:logGet(43)) - raft.server.log.preallocated.size = 16384 (custom)
2019-09-25 05:56:15,493 [pool-47-thread-1] INFO  server.RaftServerConfigKeys (ConfUtils.java:logGet(43)) - raft.server.log.write.buffer.size = 33554432 (custom)
2019-09-25 05:56:15,493 [pool-47-thread-1] INFO  server.RaftServerConfigKeys (ConfUtils.java:logGet(43)) - raft.server.log.force.sync.num = 128 (default)
2019-09-25 05:56:15,494 [pool-47-thread-1] INFO  server.RaftServerConfigKeys (ConfUtils.java:logGet(43)) - raft.server.log.statemachine.data.sync = true (default)
2019-09-25 05:56:15,494 [pool-47-thread-1] INFO  server.RaftServerConfigKeys (ConfUtils.java:logGet(43)) - raft.server.log.statemachine.data.sync.timeout = 10s (default)
2019-09-25 05:56:15,494 [pool-47-thread-1] INFO  server.RaftServerConfigKeys (ConfUtils.java:logGet(43)) - raft.server.log.statemachine.data.sync.timeout.retry = -1 (default)
2019-09-25 05:56:15,494 [pool-47-thread-1] INFO  server.RaftServerConfigKeys (ConfUtils.java:logGet(43)) - raft.server.log.statemachine.data.caching.enabled = true (custom)
2019-09-25 05:56:15,495 [pool-47-thread-1] INFO  segmented.SegmentedRaftLogWorker (SegmentedRaftLogWorker.java:lambda$new$0(132)) - f4bb89bf-b4cb-46d2-895a-458b0eef1f65@group-86F9B4AED7A6-SegmentedRaftLogWorker: flushIndex: setUnconditionally 0 -> -1
2019-09-25 05:56:15,495 [pool-47-thread-1] INFO  server.RaftServerConfigKeys (ConfUtils.java:logGet(43)) - raft.server.snapshot.auto.trigger.enabled = true (custom)
2019-09-25 05:56:15,495 [pool-47-thread-1] INFO  server.RaftServerConfigKeys (ConfUtils.java:logGet(43)) - raft.server.snapshot.auto.trigger.threshold = 10000 (custom)
2019-09-25 05:56:15,495 [pool-47-thread-1] INFO  server.RaftServerConfigKeys (ConfUtils.java:logGet(43)) - raft.server.snapshot.retention.num.files = 5 (custom)
2019-09-25 05:56:15,496 [pool-47-thread-1] INFO  server.RaftServerConfigKeys (ConfUtils.java:logGet(43)) - raft.server.retrycache.expirytime = 600000ms (custom)
2019-09-25 05:56:15,499 [pool-47-thread-1] INFO  impl.RaftServerImpl (RaftServerImpl.java:start(185)) - f4bb89bf-b4cb-46d2-895a-458b0eef1f65@group-86F9B4AED7A6: start as a follower, conf=-1: [f4bb89bf-b4cb-46d2-895a-458b0eef1f65:192.168.5.161:44648], old=null
2019-09-25 05:56:15,499 [pool-47-thread-1] INFO  impl.RaftServerImpl (RaftServerImpl.java:setRole(174)) - f4bb89bf-b4cb-46d2-895a-458b0eef1f65@group-86F9B4AED7A6: changes role from      null to FOLLOWER at term 0 for startAsFollower
2019-09-25 05:56:15,499 [pool-47-thread-1] INFO  impl.RoleInfo (RoleInfo.java:updateAndGet(143)) - f4bb89bf-b4cb-46d2-895a-458b0eef1f65: start FollowerState
2019-09-25 05:56:15,499 [pool-47-thread-1] INFO  util.JmxRegister (JmxRegister.java:tryRegister(44)) - Successfully registered JMX Bean with object name Ratis:service=RaftServer,group=group-86F9B4AED7A6,id=f4bb89bf-b4cb-46d2-895a-458b0eef1f65
2019-09-25 05:56:15,509 [RatisPipelineUtilsThread] INFO  pipeline.PipelineStateManager (PipelineStateManager.java:addPipeline(56)) - Created pipeline Pipeline[ Id: e2e5dd59-6e2c-4e23-9bf9-86f9b4aed7a6, Nodes: f4bb89bf-b4cb-46d2-895a-458b0eef1f65{ip: 192.168.5.161, host: pr-hdds-1569-zxpks-796972592, networkLocation: /default-rack, certSerialId: null}, Type:RATIS, Factor:ONE, State:OPEN]
2019-09-25 05:56:15,522 [grpc-default-executor-0] INFO  impl.RaftServerProxy (RaftServerProxy.java:addNew(89)) - 18c2403b-6685-48ec-8e85-5146801ccf7c: addNew group-637783BCBCA4:[18c2403b-6685-48ec-8e85-5146801ccf7c:192.168.5.161:33856] returns group-637783BCBCA4:java.util.concurrent.CompletableFuture@73abf80e[Not completed]
2019-09-25 05:56:15,524 [pool-67-thread-1] INFO  impl.RaftServerImpl (RaftServerImpl.java:<init>(95)) - 18c2403b-6685-48ec-8e85-5146801ccf7c: new RaftServerImpl for group-637783BCBCA4:[18c2403b-6685-48ec-8e85-5146801ccf7c:192.168.5.161:33856] with ContainerStateMachine:uninitialized
2019-09-25 05:56:15,524 [pool-67-thread-1] INFO  server.RaftServerConfigKeys (ConfUtils.java:logGet(43)) - raft.server.rpc.timeout.min = 5s (custom)
2019-09-25 05:56:15,524 [pool-67-thread-1] INFO  server.RaftServerConfigKeys (ConfUtils.java:logGet(43)) - raft.server.rpc.timeout.max = 5200ms (custom)
2019-09-25 05:56:15,524 [pool-67-thread-1] INFO  server.RaftServerConfigKeys (ConfUtils.java:logGet(43)) - raft.server.rpcslowness.timeout = 120s (custom)
2019-09-25 05:56:15,524 [pool-67-thread-1] INFO  server.RaftServerConfigKeys (ConfUtils.java:logGet(43)) - raft.server.sleep.deviation.threshold = 300 (default)
2019-09-25 05:56:15,524 [pool-67-thread-1] INFO  server.RaftServerConfigKeys (ConfUtils.java:logGet(43)) - raft.server.log.appender.install.snapshot.enabled = false (custom)
2019-09-25 05:56:15,525 [pool-67-thread-1] INFO  impl.RaftServerImpl (ServerState.java:<init>(103)) - 18c2403b-6685-48ec-8e85-5146801ccf7c@group-637783BCBCA4: ConfigurationManager, init=-1: [18c2403b-6685-48ec-8e85-5146801ccf7c:192.168.5.161:33856], old=null, confs=<EMPTY_MAP>
2019-09-25 05:56:15,525 [pool-67-thread-1] INFO  server.RaftServerConfigKeys (ConfUtils.java:logGet(43)) - raft.server.storage.dir = [/workdir/hadoop-ozone/tools/target/test-dir/MiniOzoneClusterImpl-a0b92c19-88eb-4192-8b6a-de7e7575cfd2/datanode-4/data/ratis] (custom)
2019-09-25 05:56:15,525 [pool-67-thread-1] INFO  storage.RaftStorageDirectory (RaftStorageDirectory.java:analyzeStorage(246)) - The storage directory /workdir/hadoop-ozone/tools/target/test-dir/MiniOzoneClusterImpl-a0b92c19-88eb-4192-8b6a-de7e7575cfd2/datanode-4/data/ratis/84bf0bd4-4530-4c16-8ad8-637783bcbca4 does not exist. Creating ...
2019-09-25 05:56:15,538 [pool-67-thread-1] INFO  storage.RaftStorageDirectory (RaftStorageDirectory.java:tryLock(328)) - Lock on /workdir/hadoop-ozone/tools/target/test-dir/MiniOzoneClusterImpl-a0b92c19-88eb-4192-8b6a-de7e7575cfd2/datanode-4/data/ratis/84bf0bd4-4530-4c16-8ad8-637783bcbca4/in_use.lock acquired by nodename 23280@pr-hdds-1569-zxpks-796972592
2019-09-25 05:56:15,556 [pool-67-thread-1] INFO  storage.RaftStorage (RaftStorage.java:format(72)) - Storage directory /workdir/hadoop-ozone/tools/target/test-dir/MiniOzoneClusterImpl-a0b92c19-88eb-4192-8b6a-de7e7575cfd2/datanode-4/data/ratis/84bf0bd4-4530-4c16-8ad8-637783bcbca4 has been successfully formatted.
2019-09-25 05:56:15,557 [pool-67-thread-1] INFO  ratis.ContainerStateMachine (ContainerStateMachine.java:loadSnapshot(230)) - group-637783BCBCA4: The snapshot info is null. Setting the last applied indexto:(t:0, i:~)
2019-09-25 05:56:15,557 [pool-67-thread-1] INFO  server.RaftServerConfigKeys (ConfUtils.java:logGet(43)) - raft.server.notification.no-leader.timeout = 120s (custom)
2019-09-25 05:56:15,557 [pool-67-thread-1] INFO  server.RaftServerConfigKeys (ConfUtils.java:logGet(43)) - raft.server.log.use.memory = false (default)
2019-09-25 05:56:15,557 [pool-67-thread-1] INFO  server.RaftServerConfigKeys (ConfUtils.java:logGet(43)) - raft.server.log.purge.gap = 1000000 (custom)
2019-09-25 05:56:15,557 [pool-67-thread-1] INFO  server.RaftServerConfigKeys (ConfUtils.java:logGet(43)) - raft.server.log.appender.buffer.byte-limit = 33554432 (custom)
2019-09-25 05:56:15,557 [pool-67-thread-1] INFO  server.RaftServerConfigKeys (ConfUtils.java:logGet(43)) - raft.server.log.segment.size.max = 1048576 (custom)
2019-09-25 05:56:15,558 [pool-67-thread-1] INFO  server.RaftServerConfigKeys (ConfUtils.java:logGet(43)) - raft.server.log.segment.cache.num.max = 2 (custom)
2019-09-25 05:56:15,558 [pool-67-thread-1] INFO  segmented.SegmentedRaftLogWorker (SegmentedRaftLogWorker.java:<init>(172)) - new 18c2403b-6685-48ec-8e85-5146801ccf7c@group-637783BCBCA4-SegmentedRaftLogWorker for RaftStorage:Storage Directory /workdir/hadoop-ozone/tools/target/test-dir/MiniOzoneClusterImpl-a0b92c19-88eb-4192-8b6a-de7e7575cfd2/datanode-4/data/ratis/84bf0bd4-4530-4c16-8ad8-637783bcbca4
2019-09-25 05:56:15,558 [pool-67-thread-1] INFO  server.RaftServerConfigKeys (ConfUtils.java:logGet(43)) - raft.server.log.queue.byte-limit = 2147483647 (custom)
2019-09-25 05:56:15,558 [pool-67-thread-1] INFO  server.RaftServerConfigKeys (ConfUtils.java:logGet(43)) - raft.server.log.queue.element-limit = 1024 (custom)
2019-09-25 05:56:15,558 [pool-67-thread-1] INFO  server.RaftServerConfigKeys (ConfUtils.java:logGet(43)) - raft.server.log.segment.size.max = 1048576 (custom)
2019-09-25 05:56:15,558 [pool-67-thread-1] INFO  server.RaftServerConfigKeys (ConfUtils.java:logGet(43)) - raft.server.log.preallocated.size = 16384 (custom)
2019-09-25 05:56:15,558 [pool-67-thread-1] INFO  server.RaftServerConfigKeys (ConfUtils.java:logGet(43)) - raft.server.log.write.buffer.size = 33554432 (custom)
2019-09-25 05:56:15,559 [pool-67-thread-1] INFO  server.RaftServerConfigKeys (ConfUtils.java:logGet(43)) - raft.server.log.force.sync.num = 128 (default)
2019-09-25 05:56:15,559 [pool-67-thread-1] INFO  server.RaftServerConfigKeys (ConfUtils.java:logGet(43)) - raft.server.log.statemachine.data.sync = true (default)
2019-09-25 05:56:15,559 [pool-67-thread-1] INFO  server.RaftServerConfigKeys (ConfUtils.java:logGet(43)) - raft.server.log.statemachine.data.sync.timeout = 10s (default)
2019-09-25 05:56:15,559 [pool-67-thread-1] INFO  server.RaftServerConfigKeys (ConfUtils.java:logGet(43)) - raft.server.log.statemachine.data.sync.timeout.retry = -1 (default)
2019-09-25 05:56:15,559 [pool-67-thread-1] INFO  server.RaftServerConfigKeys (ConfUtils.java:logGet(43)) - raft.server.log.statemachine.data.caching.enabled = true (custom)
2019-09-25 05:56:15,560 [pool-67-thread-1] INFO  segmented.SegmentedRaftLogWorker (SegmentedRaftLogWorker.java:lambda$new$0(132)) - 18c2403b-6685-48ec-8e85-5146801ccf7c@group-637783BCBCA4-SegmentedRaftLogWorker: flushIndex: setUnconditionally 0 -> -1
2019-09-25 05:56:15,560 [pool-67-thread-1] INFO  server.RaftServerConfigKeys (ConfUtils.java:logGet(43)) - raft.server.snapshot.auto.trigger.enabled = true (custom)
2019-09-25 05:56:15,560 [pool-67-thread-1] INFO  server.RaftServerConfigKeys (ConfUtils.java:logGet(43)) - raft.server.snapshot.auto.trigger.threshold = 10000 (custom)
2019-09-25 05:56:15,560 [pool-67-thread-1] INFO  server.RaftServerConfigKeys (ConfUtils.java:logGet(43)) - raft.server.snapshot.retention.num.files = 5 (custom)
2019-09-25 05:56:15,561 [pool-67-thread-1] INFO  server.RaftServerConfigKeys (ConfUtils.java:logGet(43)) - raft.server.retrycache.expirytime = 600000ms (custom)
2019-09-25 05:56:15,563 [pool-67-thread-1] INFO  impl.RaftServerImpl (RaftServerImpl.java:start(185)) - 18c2403b-6685-48ec-8e85-5146801ccf7c@group-637783BCBCA4: start as a follower, conf=-1: [18c2403b-6685-48ec-8e85-5146801ccf7c:192.168.5.161:33856], old=null
2019-09-25 05:56:15,563 [pool-67-thread-1] INFO  impl.RaftServerImpl (RaftServerImpl.java:setRole(174)) - 18c2403b-6685-48ec-8e85-5146801ccf7c@group-637783BCBCA4: changes role from      null to FOLLOWER at term 0 for startAsFollower
2019-09-25 05:56:15,564 [pool-67-thread-1] INFO  impl.RoleInfo (RoleInfo.java:updateAndGet(143)) - 18c2403b-6685-48ec-8e85-5146801ccf7c: start FollowerState
2019-09-25 05:56:15,564 [pool-67-thread-1] INFO  util.JmxRegister (JmxRegister.java:tryRegister(44)) - Successfully registered JMX Bean with object name Ratis:service=RaftServer,group=group-637783BCBCA4,id=18c2403b-6685-48ec-8e85-5146801ccf7c
2019-09-25 05:56:15,574 [RatisPipelineUtilsThread] INFO  pipeline.PipelineStateManager (PipelineStateManager.java:addPipeline(56)) - Created pipeline Pipeline[ Id: 84bf0bd4-4530-4c16-8ad8-637783bcbca4, Nodes: 18c2403b-6685-48ec-8e85-5146801ccf7c{ip: 192.168.5.161, host: pr-hdds-1569-zxpks-796972592, networkLocation: /default-rack, certSerialId: null}, Type:RATIS, Factor:ONE, State:OPEN]
2019-09-25 05:56:15,586 [grpc-default-executor-0] INFO  impl.RaftServerProxy (RaftServerProxy.java:addNew(89)) - 4a989990-004c-48a6-9d0e-df27d30930a7: addNew group-37B98A9E1F82:[4a989990-004c-48a6-9d0e-df27d30930a7:192.168.5.161:33719] returns group-37B98A9E1F82:java.util.concurrent.CompletableFuture@4bde8c4f[Not completed]
2019-09-25 05:56:15,588 [pool-27-thread-1] INFO  impl.RaftServerImpl (RaftServerImpl.java:<init>(95)) - 4a989990-004c-48a6-9d0e-df27d30930a7: new RaftServerImpl for group-37B98A9E1F82:[4a989990-004c-48a6-9d0e-df27d30930a7:192.168.5.161:33719] with ContainerStateMachine:uninitialized
2019-09-25 05:56:15,589 [pool-27-thread-1] INFO  server.RaftServerConfigKeys (ConfUtils.java:logGet(43)) - raft.server.rpc.timeout.min = 5s (custom)
2019-09-25 05:56:15,589 [pool-27-thread-1] INFO  server.RaftServerConfigKeys (ConfUtils.java:logGet(43)) - raft.server.rpc.timeout.max = 5200ms (custom)
2019-09-25 05:56:15,589 [pool-27-thread-1] INFO  server.RaftServerConfigKeys (ConfUtils.java:logGet(43)) - raft.server.rpcslowness.timeout = 120s (custom)
2019-09-25 05:56:15,589 [pool-27-thread-1] INFO  server.RaftServerConfigKeys (ConfUtils.java:logGet(43)) - raft.server.sleep.deviation.threshold = 300 (default)
2019-09-25 05:56:15,589 [pool-27-thread-1] INFO  server.RaftServerConfigKeys (ConfUtils.java:logGet(43)) - raft.server.log.appender.install.snapshot.enabled = false (custom)
2019-09-25 05:56:15,590 [pool-27-thread-1] INFO  impl.RaftServerImpl (ServerState.java:<init>(103)) - 4a989990-004c-48a6-9d0e-df27d30930a7@group-37B98A9E1F82: ConfigurationManager, init=-1: [4a989990-004c-48a6-9d0e-df27d30930a7:192.168.5.161:33719], old=null, confs=<EMPTY_MAP>
2019-09-25 05:56:15,590 [pool-27-thread-1] INFO  server.RaftServerConfigKeys (ConfUtils.java:logGet(43)) - raft.server.storage.dir = [/workdir/hadoop-ozone/tools/target/test-dir/MiniOzoneClusterImpl-a0b92c19-88eb-4192-8b6a-de7e7575cfd2/datanode-0/data/ratis] (custom)
2019-09-25 05:56:15,590 [pool-27-thread-1] INFO  storage.RaftStorageDirectory (RaftStorageDirectory.java:analyzeStorage(246)) - The storage directory /workdir/hadoop-ozone/tools/target/test-dir/MiniOzoneClusterImpl-a0b92c19-88eb-4192-8b6a-de7e7575cfd2/datanode-0/data/ratis/2cf9fce7-35a0-457a-9874-37b98a9e1f82 does not exist. Creating ...
2019-09-25 05:56:15,604 [pool-27-thread-1] INFO  storage.RaftStorageDirectory (RaftStorageDirectory.java:tryLock(328)) - Lock on /workdir/hadoop-ozone/tools/target/test-dir/MiniOzoneClusterImpl-a0b92c19-88eb-4192-8b6a-de7e7575cfd2/datanode-0/data/ratis/2cf9fce7-35a0-457a-9874-37b98a9e1f82/in_use.lock acquired by nodename 23280@pr-hdds-1569-zxpks-796972592
2019-09-25 05:56:15,617 [pool-27-thread-1] INFO  storage.RaftStorage (RaftStorage.java:format(72)) - Storage directory /workdir/hadoop-ozone/tools/target/test-dir/MiniOzoneClusterImpl-a0b92c19-88eb-4192-8b6a-de7e7575cfd2/datanode-0/data/ratis/2cf9fce7-35a0-457a-9874-37b98a9e1f82 has been successfully formatted.
2019-09-25 05:56:15,617 [pool-27-thread-1] INFO  ratis.ContainerStateMachine (ContainerStateMachine.java:loadSnapshot(230)) - group-37B98A9E1F82: The snapshot info is null. Setting the last applied indexto:(t:0, i:~)
2019-09-25 05:56:15,617 [pool-27-thread-1] INFO  server.RaftServerConfigKeys (ConfUtils.java:logGet(43)) - raft.server.notification.no-leader.timeout = 120s (custom)
2019-09-25 05:56:15,618 [pool-27-thread-1] INFO  server.RaftServerConfigKeys (ConfUtils.java:logGet(43)) - raft.server.log.use.memory = false (default)
2019-09-25 05:56:15,618 [pool-27-thread-1] INFO  server.RaftServerConfigKeys (ConfUtils.java:logGet(43)) - raft.server.log.purge.gap = 1000000 (custom)
2019-09-25 05:56:15,618 [pool-27-thread-1] INFO  server.RaftServerConfigKeys (ConfUtils.java:logGet(43)) - raft.server.log.appender.buffer.byte-limit = 33554432 (custom)
2019-09-25 05:56:15,618 [pool-27-thread-1] INFO  server.RaftServerConfigKeys (ConfUtils.java:logGet(43)) - raft.server.log.segment.size.max = 1048576 (custom)
2019-09-25 05:56:15,618 [pool-27-thread-1] INFO  server.RaftServerConfigKeys (ConfUtils.java:logGet(43)) - raft.server.log.segment.cache.num.max = 2 (custom)
2019-09-25 05:56:15,618 [pool-27-thread-1] INFO  segmented.SegmentedRaftLogWorker (SegmentedRaftLogWorker.java:<init>(172)) - new 4a989990-004c-48a6-9d0e-df27d30930a7@group-37B98A9E1F82-SegmentedRaftLogWorker for RaftStorage:Storage Directory /workdir/hadoop-ozone/tools/target/test-dir/MiniOzoneClusterImpl-a0b92c19-88eb-4192-8b6a-de7e7575cfd2/datanode-0/data/ratis/2cf9fce7-35a0-457a-9874-37b98a9e1f82
2019-09-25 05:56:15,619 [pool-27-thread-1] INFO  server.RaftServerConfigKeys (ConfUtils.java:logGet(43)) - raft.server.log.queue.byte-limit = 2147483647 (custom)
2019-09-25 05:56:15,619 [pool-27-thread-1] INFO  server.RaftServerConfigKeys (ConfUtils.java:logGet(43)) - raft.server.log.queue.element-limit = 1024 (custom)
2019-09-25 05:56:15,619 [pool-27-thread-1] INFO  server.RaftServerConfigKeys (ConfUtils.java:logGet(43)) - raft.server.log.segment.size.max = 1048576 (custom)
2019-09-25 05:56:15,619 [pool-27-thread-1] INFO  server.RaftServerConfigKeys (ConfUtils.java:logGet(43)) - raft.server.log.preallocated.size = 16384 (custom)
2019-09-25 05:56:15,619 [pool-27-thread-1] INFO  server.RaftServerConfigKeys (ConfUtils.java:logGet(43)) - raft.server.log.write.buffer.size = 33554432 (custom)
2019-09-25 05:56:15,619 [pool-27-thread-1] INFO  server.RaftServerConfigKeys (ConfUtils.java:logGet(43)) - raft.server.log.force.sync.num = 128 (default)
2019-09-25 05:56:15,620 [pool-27-thread-1] INFO  server.RaftServerConfigKeys (ConfUtils.java:logGet(43)) - raft.server.log.statemachine.data.sync = true (default)
2019-09-25 05:56:15,620 [pool-27-thread-1] INFO  server.RaftServerConfigKeys (ConfUtils.java:logGet(43)) - raft.server.log.statemachine.data.sync.timeout = 10s (default)
2019-09-25 05:56:15,620 [pool-27-thread-1] INFO  server.RaftServerConfigKeys (ConfUtils.java:logGet(43)) - raft.server.log.statemachine.data.sync.timeout.retry = -1 (default)
2019-09-25 05:56:15,620 [pool-27-thread-1] INFO  server.RaftServerConfigKeys (ConfUtils.java:logGet(43)) - raft.server.log.statemachine.data.caching.enabled = true (custom)
2019-09-25 05:56:15,621 [pool-27-thread-1] INFO  segmented.SegmentedRaftLogWorker (SegmentedRaftLogWorker.java:lambda$new$0(132)) - 4a989990-004c-48a6-9d0e-df27d30930a7@group-37B98A9E1F82-SegmentedRaftLogWorker: flushIndex: setUnconditionally 0 -> -1
2019-09-25 05:56:15,621 [pool-27-thread-1] INFO  server.RaftServerConfigKeys (ConfUtils.java:logGet(43)) - raft.server.snapshot.auto.trigger.enabled = true (custom)
2019-09-25 05:56:15,621 [pool-27-thread-1] INFO  server.RaftServerConfigKeys (ConfUtils.java:logGet(43)) - raft.server.snapshot.auto.trigger.threshold = 10000 (custom)
2019-09-25 05:56:15,621 [pool-27-thread-1] INFO  server.RaftServerConfigKeys (ConfUtils.java:logGet(43)) - raft.server.snapshot.retention.num.files = 5 (custom)
2019-09-25 05:56:15,622 [pool-27-thread-1] INFO  server.RaftServerConfigKeys (ConfUtils.java:logGet(43)) - raft.server.retrycache.expirytime = 600000ms (custom)
2019-09-25 05:56:15,626 [pool-27-thread-1] INFO  impl.RaftServerImpl (RaftServerImpl.java:start(185)) - 4a989990-004c-48a6-9d0e-df27d30930a7@group-37B98A9E1F82: start as a follower, conf=-1: [4a989990-004c-48a6-9d0e-df27d30930a7:192.168.5.161:33719], old=null
2019-09-25 05:56:15,627 [pool-27-thread-1] INFO  impl.RaftServerImpl (RaftServerImpl.java:setRole(174)) - 4a989990-004c-48a6-9d0e-df27d30930a7@group-37B98A9E1F82: changes role from      null to FOLLOWER at term 0 for startAsFollower
2019-09-25 05:56:15,627 [pool-27-thread-1] INFO  impl.RoleInfo (RoleInfo.java:updateAndGet(143)) - 4a989990-004c-48a6-9d0e-df27d30930a7: start FollowerState
2019-09-25 05:56:15,627 [pool-27-thread-1] INFO  util.JmxRegister (JmxRegister.java:tryRegister(44)) - Successfully registered JMX Bean with object name Ratis:service=RaftServer,group=group-37B98A9E1F82,id=4a989990-004c-48a6-9d0e-df27d30930a7
2019-09-25 05:56:15,637 [RatisPipelineUtilsThread] INFO  pipeline.PipelineStateManager (PipelineStateManager.java:addPipeline(56)) - Created pipeline Pipeline[ Id: 2cf9fce7-35a0-457a-9874-37b98a9e1f82, Nodes: 4a989990-004c-48a6-9d0e-df27d30930a7{ip: 192.168.5.161, host: pr-hdds-1569-zxpks-796972592, networkLocation: /default-rack, certSerialId: null}, Type:RATIS, Factor:ONE, State:OPEN]
2019-09-25 05:56:15,649 [grpc-default-executor-0] INFO  impl.RaftServerProxy (RaftServerProxy.java:addNew(89)) - 4a989990-004c-48a6-9d0e-df27d30930a7: addNew group-295E047A1103:[4a989990-004c-48a6-9d0e-df27d30930a7:192.168.5.161:33719] returns group-295E047A1103:java.util.concurrent.CompletableFuture@312d89c3[Not completed]
2019-09-25 05:56:15,651 [pool-27-thread-1] INFO  impl.RaftServerImpl (RaftServerImpl.java:<init>(95)) - 4a989990-004c-48a6-9d0e-df27d30930a7: new RaftServerImpl for group-295E047A1103:[4a989990-004c-48a6-9d0e-df27d30930a7:192.168.5.161:33719] with ContainerStateMachine:uninitialized
2019-09-25 05:56:15,651 [pool-27-thread-1] INFO  server.RaftServerConfigKeys (ConfUtils.java:logGet(43)) - raft.server.rpc.timeout.min = 5s (custom)
2019-09-25 05:56:15,651 [pool-27-thread-1] INFO  server.RaftServerConfigKeys (ConfUtils.java:logGet(43)) - raft.server.rpc.timeout.max = 5200ms (custom)
2019-09-25 05:56:15,651 [pool-27-thread-1] INFO  server.RaftServerConfigKeys (ConfUtils.java:logGet(43)) - raft.server.rpcslowness.timeout = 120s (custom)
2019-09-25 05:56:15,651 [pool-27-thread-1] INFO  server.RaftServerConfigKeys (ConfUtils.java:logGet(43)) - raft.server.sleep.deviation.threshold = 300 (default)
2019-09-25 05:56:15,652 [pool-27-thread-1] INFO  server.RaftServerConfigKeys (ConfUtils.java:logGet(43)) - raft.server.log.appender.install.snapshot.enabled = false (custom)
2019-09-25 05:56:15,652 [pool-27-thread-1] INFO  impl.RaftServerImpl (ServerState.java:<init>(103)) - 4a989990-004c-48a6-9d0e-df27d30930a7@group-295E047A1103: ConfigurationManager, init=-1: [4a989990-004c-48a6-9d0e-df27d30930a7:192.168.5.161:33719], old=null, confs=<EMPTY_MAP>
2019-09-25 05:56:15,652 [pool-27-thread-1] INFO  server.RaftServerConfigKeys (ConfUtils.java:logGet(43)) - raft.server.storage.dir = [/workdir/hadoop-ozone/tools/target/test-dir/MiniOzoneClusterImpl-a0b92c19-88eb-4192-8b6a-de7e7575cfd2/datanode-0/data/ratis] (custom)
2019-09-25 05:56:15,652 [pool-27-thread-1] INFO  storage.RaftStorageDirectory (RaftStorageDirectory.java:analyzeStorage(246)) - The storage directory /workdir/hadoop-ozone/tools/target/test-dir/MiniOzoneClusterImpl-a0b92c19-88eb-4192-8b6a-de7e7575cfd2/datanode-0/data/ratis/9288ed59-4327-4f21-bc3b-295e047a1103 does not exist. Creating ...
 0.00% |█                                                                                                    |  0/1 Time: 0:00:012019-09-25 05:56:15,673 [pool-27-thread-1] INFO  storage.RaftStorageDirectory (RaftStorageDirectory.java:tryLock(328)) - Lock on /workdir/hadoop-ozone/tools/target/test-dir/MiniOzoneClusterImpl-a0b92c19-88eb-4192-8b6a-de7e7575cfd2/datanode-0/data/ratis/9288ed59-4327-4f21-bc3b-295e047a1103/in_use.lock acquired by nodename 23280@pr-hdds-1569-zxpks-796972592
2019-09-25 05:56:15,686 [pool-27-thread-1] INFO  storage.RaftStorage (RaftStorage.java:format(72)) - Storage directory /workdir/hadoop-ozone/tools/target/test-dir/MiniOzoneClusterImpl-a0b92c19-88eb-4192-8b6a-de7e7575cfd2/datanode-0/data/ratis/9288ed59-4327-4f21-bc3b-295e047a1103 has been successfully formatted.
2019-09-25 05:56:15,687 [pool-27-thread-1] INFO  ratis.ContainerStateMachine (ContainerStateMachine.java:loadSnapshot(230)) - group-295E047A1103: The snapshot info is null. Setting the last applied indexto:(t:0, i:~)
2019-09-25 05:56:15,687 [pool-27-thread-1] INFO  server.RaftServerConfigKeys (ConfUtils.java:logGet(43)) - raft.server.notification.no-leader.timeout = 120s (custom)
2019-09-25 05:56:15,687 [pool-27-thread-1] INFO  server.RaftServerConfigKeys (ConfUtils.java:logGet(43)) - raft.server.log.use.memory = false (default)
2019-09-25 05:56:15,688 [pool-27-thread-1] INFO  server.RaftServerConfigKeys (ConfUtils.java:logGet(43)) - raft.server.log.purge.gap = 1000000 (custom)
2019-09-25 05:56:15,688 [pool-27-thread-1] INFO  server.RaftServerConfigKeys (ConfUtils.java:logGet(43)) - raft.server.log.appender.buffer.byte-limit = 33554432 (custom)
2019-09-25 05:56:15,688 [pool-27-thread-1] INFO  server.RaftServerConfigKeys (ConfUtils.java:logGet(43)) - raft.server.log.segment.size.max = 1048576 (custom)
2019-09-25 05:56:15,688 [pool-27-thread-1] INFO  server.RaftServerConfigKeys (ConfUtils.java:logGet(43)) - raft.server.log.segment.cache.num.max = 2 (custom)
2019-09-25 05:56:15,689 [pool-27-thread-1] INFO  segmented.SegmentedRaftLogWorker (SegmentedRaftLogWorker.java:<init>(172)) - new 4a989990-004c-48a6-9d0e-df27d30930a7@group-295E047A1103-SegmentedRaftLogWorker for RaftStorage:Storage Directory /workdir/hadoop-ozone/tools/target/test-dir/MiniOzoneClusterImpl-a0b92c19-88eb-4192-8b6a-de7e7575cfd2/datanode-0/data/ratis/9288ed59-4327-4f21-bc3b-295e047a1103
2019-09-25 05:56:15,689 [pool-27-thread-1] INFO  server.RaftServerConfigKeys (ConfUtils.java:logGet(43)) - raft.server.log.queue.byte-limit = 2147483647 (custom)
2019-09-25 05:56:15,689 [pool-27-thread-1] INFO  server.RaftServerConfigKeys (ConfUtils.java:logGet(43)) - raft.server.log.queue.element-limit = 1024 (custom)
2019-09-25 05:56:15,689 [pool-27-thread-1] INFO  server.RaftServerConfigKeys (ConfUtils.java:logGet(43)) - raft.server.log.segment.size.max = 1048576 (custom)
2019-09-25 05:56:15,689 [pool-27-thread-1] INFO  server.RaftServerConfigKeys (ConfUtils.java:logGet(43)) - raft.server.log.preallocated.size = 16384 (custom)
2019-09-25 05:56:15,690 [pool-27-thread-1] INFO  server.RaftServerConfigKeys (ConfUtils.java:logGet(43)) - raft.server.log.write.buffer.size = 33554432 (custom)
2019-09-25 05:56:15,690 [pool-27-thread-1] INFO  server.RaftServerConfigKeys (ConfUtils.java:logGet(43)) - raft.server.log.force.sync.num = 128 (default)
2019-09-25 05:56:15,690 [pool-27-thread-1] INFO  server.RaftServerConfigKeys (ConfUtils.java:logGet(43)) - raft.server.log.statemachine.data.sync = true (default)
2019-09-25 05:56:15,690 [pool-27-thread-1] INFO  server.RaftServerConfigKeys (ConfUtils.java:logGet(43)) - raft.server.log.statemachine.data.sync.timeout = 10s (default)
2019-09-25 05:56:15,690 [pool-27-thread-1] INFO  server.RaftServerConfigKeys (ConfUtils.java:logGet(43)) - raft.server.log.statemachine.data.sync.timeout.retry = -1 (default)
2019-09-25 05:56:15,691 [pool-27-thread-1] INFO  server.RaftServerConfigKeys (ConfUtils.java:logGet(43)) - raft.server.log.statemachine.data.caching.enabled = true (custom)
2019-09-25 05:56:15,691 [pool-27-thread-1] INFO  segmented.SegmentedRaftLogWorker (SegmentedRaftLogWorker.java:lambda$new$0(132)) - 4a989990-004c-48a6-9d0e-df27d30930a7@group-295E047A1103-SegmentedRaftLogWorker: flushIndex: setUnconditionally 0 -> -1
2019-09-25 05:56:15,692 [pool-27-thread-1] INFO  server.RaftServerConfigKeys (ConfUtils.java:logGet(43)) - raft.server.snapshot.auto.trigger.enabled = true (custom)
2019-09-25 05:56:15,692 [pool-27-thread-1] INFO  server.RaftServerConfigKeys (ConfUtils.java:logGet(43)) - raft.server.snapshot.auto.trigger.threshold = 10000 (custom)
2019-09-25 05:56:15,692 [pool-27-thread-1] INFO  server.RaftServerConfigKeys (ConfUtils.java:logGet(43)) - raft.server.snapshot.retention.num.files = 5 (custom)
2019-09-25 05:56:15,692 [pool-27-thread-1] INFO  server.RaftServerConfigKeys (ConfUtils.java:logGet(43)) - raft.server.retrycache.expirytime = 600000ms (custom)
2019-09-25 05:56:15,696 [pool-27-thread-1] INFO  impl.RaftServerImpl (RaftServerImpl.java:start(185)) - 4a989990-004c-48a6-9d0e-df27d30930a7@group-295E047A1103: start as a follower, conf=-1: [4a989990-004c-48a6-9d0e-df27d30930a7:192.168.5.161:33719], old=null
2019-09-25 05:56:15,697 [pool-27-thread-1] INFO  impl.RaftServerImpl (RaftServerImpl.java:setRole(174)) - 4a989990-004c-48a6-9d0e-df27d30930a7@group-295E047A1103: changes role from      null to FOLLOWER at term 0 for startAsFollower
2019-09-25 05:56:15,697 [pool-27-thread-1] INFO  impl.RoleInfo (RoleInfo.java:updateAndGet(143)) - 4a989990-004c-48a6-9d0e-df27d30930a7: start FollowerState
2019-09-25 05:56:15,697 [pool-27-thread-1] INFO  util.JmxRegister (JmxRegister.java:tryRegister(44)) - Successfully registered JMX Bean with object name Ratis:service=RaftServer,group=group-295E047A1103,id=4a989990-004c-48a6-9d0e-df27d30930a7
2019-09-25 05:56:15,707 [RatisPipelineUtilsThread] INFO  pipeline.PipelineStateManager (PipelineStateManager.java:addPipeline(56)) - Created pipeline Pipeline[ Id: 9288ed59-4327-4f21-bc3b-295e047a1103, Nodes: 4a989990-004c-48a6-9d0e-df27d30930a7{ip: 192.168.5.161, host: pr-hdds-1569-zxpks-796972592, networkLocation: /default-rack, certSerialId: null}, Type:RATIS, Factor:ONE, State:OPEN]
2019-09-25 05:56:15,720 [grpc-default-executor-0] INFO  impl.RaftServerProxy (RaftServerProxy.java:addNew(89)) - 90309ab8-5448-4aca-b95f-8fb3fc665c41: addNew group-015424B83EEB:[90309ab8-5448-4aca-b95f-8fb3fc665c41:192.168.5.161:32851] returns group-015424B83EEB:java.util.concurrent.CompletableFuture@76510e19[Not completed]
2019-09-25 05:56:15,722 [pool-37-thread-1] INFO  impl.RaftServerImpl (RaftServerImpl.java:<init>(95)) - 90309ab8-5448-4aca-b95f-8fb3fc665c41: new RaftServerImpl for group-015424B83EEB:[90309ab8-5448-4aca-b95f-8fb3fc665c41:192.168.5.161:32851] with ContainerStateMachine:uninitialized
2019-09-25 05:56:15,722 [pool-37-thread-1] INFO  server.RaftServerConfigKeys (ConfUtils.java:logGet(43)) - raft.server.rpc.timeout.min = 5s (custom)
2019-09-25 05:56:15,723 [pool-37-thread-1] INFO  server.RaftServerConfigKeys (ConfUtils.java:logGet(43)) - raft.server.rpc.timeout.max = 5200ms (custom)
2019-09-25 05:56:15,723 [pool-37-thread-1] INFO  server.RaftServerConfigKeys (ConfUtils.java:logGet(43)) - raft.server.rpcslowness.timeout = 120s (custom)
2019-09-25 05:56:15,723 [pool-37-thread-1] INFO  server.RaftServerConfigKeys (ConfUtils.java:logGet(43)) - raft.server.sleep.deviation.threshold = 300 (default)
2019-09-25 05:56:15,723 [pool-37-thread-1] INFO  server.RaftServerConfigKeys (ConfUtils.java:logGet(43)) - raft.server.log.appender.install.snapshot.enabled = false (custom)
2019-09-25 05:56:15,723 [pool-37-thread-1] INFO  impl.RaftServerImpl (ServerState.java:<init>(103)) - 90309ab8-5448-4aca-b95f-8fb3fc665c41@group-015424B83EEB: ConfigurationManager, init=-1: [90309ab8-5448-4aca-b95f-8fb3fc665c41:192.168.5.161:32851], old=null, confs=<EMPTY_MAP>
2019-09-25 05:56:15,724 [pool-37-thread-1] INFO  server.RaftServerConfigKeys (ConfUtils.java:logGet(43)) - raft.server.storage.dir = [/workdir/hadoop-ozone/tools/target/test-dir/MiniOzoneClusterImpl-a0b92c19-88eb-4192-8b6a-de7e7575cfd2/datanode-1/data/ratis] (custom)
2019-09-25 05:56:15,724 [pool-37-thread-1] INFO  storage.RaftStorageDirectory (RaftStorageDirectory.java:analyzeStorage(246)) - The storage directory /workdir/hadoop-ozone/tools/target/test-dir/MiniOzoneClusterImpl-a0b92c19-88eb-4192-8b6a-de7e7575cfd2/datanode-1/data/ratis/641cf197-f44d-4219-974a-015424b83eeb does not exist. Creating ...
2019-09-25 05:56:15,737 [pool-37-thread-1] INFO  storage.RaftStorageDirectory (RaftStorageDirectory.java:tryLock(328)) - Lock on /workdir/hadoop-ozone/tools/target/test-dir/MiniOzoneClusterImpl-a0b92c19-88eb-4192-8b6a-de7e7575cfd2/datanode-1/data/ratis/641cf197-f44d-4219-974a-015424b83eeb/in_use.lock acquired by nodename 23280@pr-hdds-1569-zxpks-796972592
2019-09-25 05:56:15,750 [pool-37-thread-1] INFO  storage.RaftStorage (RaftStorage.java:format(72)) - Storage directory /workdir/hadoop-ozone/tools/target/test-dir/MiniOzoneClusterImpl-a0b92c19-88eb-4192-8b6a-de7e7575cfd2/datanode-1/data/ratis/641cf197-f44d-4219-974a-015424b83eeb has been successfully formatted.
2019-09-25 05:56:15,750 [pool-37-thread-1] INFO  ratis.ContainerStateMachine (ContainerStateMachine.java:loadSnapshot(230)) - group-015424B83EEB: The snapshot info is null. Setting the last applied indexto:(t:0, i:~)
2019-09-25 05:56:15,751 [pool-37-thread-1] INFO  server.RaftServerConfigKeys (ConfUtils.java:logGet(43)) - raft.server.notification.no-leader.timeout = 120s (custom)
2019-09-25 05:56:15,751 [pool-37-thread-1] INFO  server.RaftServerConfigKeys (ConfUtils.java:logGet(43)) - raft.server.log.use.memory = false (default)
2019-09-25 05:56:15,751 [pool-37-thread-1] INFO  server.RaftServerConfigKeys (ConfUtils.java:logGet(43)) - raft.server.log.purge.gap = 1000000 (custom)
2019-09-25 05:56:15,751 [pool-37-thread-1] INFO  server.RaftServerConfigKeys (ConfUtils.java:logGet(43)) - raft.server.log.appender.buffer.byte-limit = 33554432 (custom)
2019-09-25 05:56:15,751 [pool-37-thread-1] INFO  server.RaftServerConfigKeys (ConfUtils.java:logGet(43)) - raft.server.log.segment.size.max = 1048576 (custom)
2019-09-25 05:56:15,751 [pool-37-thread-1] INFO  server.RaftServerConfigKeys (ConfUtils.java:logGet(43)) - raft.server.log.segment.cache.num.max = 2 (custom)
2019-09-25 05:56:15,752 [pool-37-thread-1] INFO  segmented.SegmentedRaftLogWorker (SegmentedRaftLogWorker.java:<init>(172)) - new 90309ab8-5448-4aca-b95f-8fb3fc665c41@group-015424B83EEB-SegmentedRaftLogWorker for RaftStorage:Storage Directory /workdir/hadoop-ozone/tools/target/test-dir/MiniOzoneClusterImpl-a0b92c19-88eb-4192-8b6a-de7e7575cfd2/datanode-1/data/ratis/641cf197-f44d-4219-974a-015424b83eeb
2019-09-25 05:56:15,752 [pool-37-thread-1] INFO  server.RaftServerConfigKeys (ConfUtils.java:logGet(43)) - raft.server.log.queue.byte-limit = 2147483647 (custom)
2019-09-25 05:56:15,752 [pool-37-thread-1] INFO  server.RaftServerConfigKeys (ConfUtils.java:logGet(43)) - raft.server.log.queue.element-limit = 1024 (custom)
2019-09-25 05:56:15,752 [pool-37-thread-1] INFO  server.RaftServerConfigKeys (ConfUtils.java:logGet(43)) - raft.server.log.segment.size.max = 1048576 (custom)
2019-09-25 05:56:15,752 [pool-37-thread-1] INFO  server.RaftServerConfigKeys (ConfUtils.java:logGet(43)) - raft.server.log.preallocated.size = 16384 (custom)
2019-09-25 05:56:15,752 [pool-37-thread-1] INFO  server.RaftServerConfigKeys (ConfUtils.java:logGet(43)) - raft.server.log.write.buffer.size = 33554432 (custom)
2019-09-25 05:56:15,753 [pool-37-thread-1] INFO  server.RaftServerConfigKeys (ConfUtils.java:logGet(43)) - raft.server.log.force.sync.num = 128 (default)
2019-09-25 05:56:15,753 [pool-37-thread-1] INFO  server.RaftServerConfigKeys (ConfUtils.java:logGet(43)) - raft.server.log.statemachine.data.sync = true (default)
2019-09-25 05:56:15,753 [pool-37-thread-1] INFO  server.RaftServerConfigKeys (ConfUtils.java:logGet(43)) - raft.server.log.statemachine.data.sync.timeout = 10s (default)
2019-09-25 05:56:15,753 [pool-37-thread-1] INFO  server.RaftServerConfigKeys (ConfUtils.java:logGet(43)) - raft.server.log.statemachine.data.sync.timeout.retry = -1 (default)
2019-09-25 05:56:15,753 [pool-37-thread-1] INFO  server.RaftServerConfigKeys (ConfUtils.java:logGet(43)) - raft.server.log.statemachine.data.caching.enabled = true (custom)
2019-09-25 05:56:15,754 [pool-37-thread-1] INFO  segmented.SegmentedRaftLogWorker (SegmentedRaftLogWorker.java:lambda$new$0(132)) - 90309ab8-5448-4aca-b95f-8fb3fc665c41@group-015424B83EEB-SegmentedRaftLogWorker: flushIndex: setUnconditionally 0 -> -1
2019-09-25 05:56:15,754 [pool-37-thread-1] INFO  server.RaftServerConfigKeys (ConfUtils.java:logGet(43)) - raft.server.snapshot.auto.trigger.enabled = true (custom)
2019-09-25 05:56:15,754 [pool-37-thread-1] INFO  server.RaftServerConfigKeys (ConfUtils.java:logGet(43)) - raft.server.snapshot.auto.trigger.threshold = 10000 (custom)
2019-09-25 05:56:15,754 [pool-37-thread-1] INFO  server.RaftServerConfigKeys (ConfUtils.java:logGet(43)) - raft.server.snapshot.retention.num.files = 5 (custom)
2019-09-25 05:56:15,755 [pool-37-thread-1] INFO  server.RaftServerConfigKeys (ConfUtils.java:logGet(43)) - raft.server.retrycache.expirytime = 600000ms (custom)
2019-09-25 05:56:15,758 [pool-37-thread-1] INFO  impl.RaftServerImpl (RaftServerImpl.java:start(185)) - 90309ab8-5448-4aca-b95f-8fb3fc665c41@group-015424B83EEB: start as a follower, conf=-1: [90309ab8-5448-4aca-b95f-8fb3fc665c41:192.168.5.161:32851], old=null
2019-09-25 05:56:15,758 [pool-37-thread-1] INFO  impl.RaftServerImpl (RaftServerImpl.java:setRole(174)) - 90309ab8-5448-4aca-b95f-8fb3fc665c41@group-015424B83EEB: changes role from      null to FOLLOWER at term 0 for startAsFollower
2019-09-25 05:56:15,758 [pool-37-thread-1] INFO  impl.RoleInfo (RoleInfo.java:updateAndGet(143)) - 90309ab8-5448-4aca-b95f-8fb3fc665c41: start FollowerState
2019-09-25 05:56:15,759 [pool-37-thread-1] INFO  util.JmxRegister (JmxRegister.java:tryRegister(44)) - Successfully registered JMX Bean with object name Ratis:service=RaftServer,group=group-015424B83EEB,id=90309ab8-5448-4aca-b95f-8fb3fc665c41
2019-09-25 05:56:15,769 [RatisPipelineUtilsThread] INFO  pipeline.PipelineStateManager (PipelineStateManager.java:addPipeline(56)) - Created pipeline Pipeline[ Id: 641cf197-f44d-4219-974a-015424b83eeb, Nodes: 90309ab8-5448-4aca-b95f-8fb3fc665c41{ip: 192.168.5.161, host: pr-hdds-1569-zxpks-796972592, networkLocation: /default-rack, certSerialId: null}, Type:RATIS, Factor:ONE, State:OPEN]
2019-09-25 05:56:15,783 [grpc-default-executor-0] INFO  impl.RaftServerProxy (RaftServerProxy.java:addNew(89)) - f4bb89bf-b4cb-46d2-895a-458b0eef1f65: addNew group-176DCEE8B518:[f4bb89bf-b4cb-46d2-895a-458b0eef1f65:192.168.5.161:44648] returns group-176DCEE8B518:java.util.concurrent.CompletableFuture@6504f9c7[Not completed]
2019-09-25 05:56:15,785 [pool-47-thread-1] INFO  impl.RaftServerImpl (RaftServerImpl.java:<init>(95)) - f4bb89bf-b4cb-46d2-895a-458b0eef1f65: new RaftServerImpl for group-176DCEE8B518:[f4bb89bf-b4cb-46d2-895a-458b0eef1f65:192.168.5.161:44648] with ContainerStateMachine:uninitialized
2019-09-25 05:56:15,786 [pool-47-thread-1] INFO  server.RaftServerConfigKeys (ConfUtils.java:logGet(43)) - raft.server.rpc.timeout.min = 5s (custom)
2019-09-25 05:56:15,786 [pool-47-thread-1] INFO  server.RaftServerConfigKeys (ConfUtils.java:logGet(43)) - raft.server.rpc.timeout.max = 5200ms (custom)
2019-09-25 05:56:15,786 [pool-47-thread-1] INFO  server.RaftServerConfigKeys (ConfUtils.java:logGet(43)) - raft.server.rpcslowness.timeout = 120s (custom)
2019-09-25 05:56:15,786 [pool-47-thread-1] INFO  server.RaftServerConfigKeys (ConfUtils.java:logGet(43)) - raft.server.sleep.deviation.threshold = 300 (default)
2019-09-25 05:56:15,786 [pool-47-thread-1] INFO  server.RaftServerConfigKeys (ConfUtils.java:logGet(43)) - raft.server.log.appender.install.snapshot.enabled = false (custom)
2019-09-25 05:56:15,786 [pool-47-thread-1] INFO  impl.RaftServerImpl (ServerState.java:<init>(103)) - f4bb89bf-b4cb-46d2-895a-458b0eef1f65@group-176DCEE8B518: ConfigurationManager, init=-1: [f4bb89bf-b4cb-46d2-895a-458b0eef1f65:192.168.5.161:44648], old=null, confs=<EMPTY_MAP>
2019-09-25 05:56:15,787 [pool-47-thread-1] INFO  server.RaftServerConfigKeys (ConfUtils.java:logGet(43)) - raft.server.storage.dir = [/workdir/hadoop-ozone/tools/target/test-dir/MiniOzoneClusterImpl-a0b92c19-88eb-4192-8b6a-de7e7575cfd2/datanode-2/data/ratis] (custom)
2019-09-25 05:56:15,787 [pool-47-thread-1] INFO  storage.RaftStorageDirectory (RaftStorageDirectory.java:analyzeStorage(246)) - The storage directory /workdir/hadoop-ozone/tools/target/test-dir/MiniOzoneClusterImpl-a0b92c19-88eb-4192-8b6a-de7e7575cfd2/datanode-2/data/ratis/10a3090a-a552-48d9-95f0-176dcee8b518 does not exist. Creating ...
2019-09-25 05:56:15,800 [pool-47-thread-1] INFO  storage.RaftStorageDirectory (RaftStorageDirectory.java:tryLock(328)) - Lock on /workdir/hadoop-ozone/tools/target/test-dir/MiniOzoneClusterImpl-a0b92c19-88eb-4192-8b6a-de7e7575cfd2/datanode-2/data/ratis/10a3090a-a552-48d9-95f0-176dcee8b518/in_use.lock acquired by nodename 23280@pr-hdds-1569-zxpks-796972592
2019-09-25 05:56:15,819 [pool-47-thread-1] INFO  storage.RaftStorage (RaftStorage.java:format(72)) - Storage directory /workdir/hadoop-ozone/tools/target/test-dir/MiniOzoneClusterImpl-a0b92c19-88eb-4192-8b6a-de7e7575cfd2/datanode-2/data/ratis/10a3090a-a552-48d9-95f0-176dcee8b518 has been successfully formatted.
2019-09-25 05:56:15,819 [pool-47-thread-1] INFO  ratis.ContainerStateMachine (ContainerStateMachine.java:loadSnapshot(230)) - group-176DCEE8B518: The snapshot info is null. Setting the last applied indexto:(t:0, i:~)
2019-09-25 05:56:15,819 [pool-47-thread-1] INFO  server.RaftServerConfigKeys (ConfUtils.java:logGet(43)) - raft.server.notification.no-leader.timeout = 120s (custom)
2019-09-25 05:56:15,820 [pool-47-thread-1] INFO  server.RaftServerConfigKeys (ConfUtils.java:logGet(43)) - raft.server.log.use.memory = false (default)
2019-09-25 05:56:15,820 [pool-47-thread-1] INFO  server.RaftServerConfigKeys (ConfUtils.java:logGet(43)) - raft.server.log.purge.gap = 1000000 (custom)
2019-09-25 05:56:15,820 [pool-47-thread-1] INFO  server.RaftServerConfigKeys (ConfUtils.java:logGet(43)) - raft.server.log.appender.buffer.byte-limit = 33554432 (custom)
2019-09-25 05:56:15,820 [pool-47-thread-1] INFO  server.RaftServerConfigKeys (ConfUtils.java:logGet(43)) - raft.server.log.segment.size.max = 1048576 (custom)
2019-09-25 05:56:15,820 [pool-47-thread-1] INFO  server.RaftServerConfigKeys (ConfUtils.java:logGet(43)) - raft.server.log.segment.cache.num.max = 2 (custom)
2019-09-25 05:56:15,821 [pool-47-thread-1] INFO  segmented.SegmentedRaftLogWorker (SegmentedRaftLogWorker.java:<init>(172)) - new f4bb89bf-b4cb-46d2-895a-458b0eef1f65@group-176DCEE8B518-SegmentedRaftLogWorker for RaftStorage:Storage Directory /workdir/hadoop-ozone/tools/target/test-dir/MiniOzoneClusterImpl-a0b92c19-88eb-4192-8b6a-de7e7575cfd2/datanode-2/data/ratis/10a3090a-a552-48d9-95f0-176dcee8b518
2019-09-25 05:56:15,821 [pool-47-thread-1] INFO  server.RaftServerConfigKeys (ConfUtils.java:logGet(43)) - raft.server.log.queue.byte-limit = 2147483647 (custom)
2019-09-25 05:56:15,821 [pool-47-thread-1] INFO  server.RaftServerConfigKeys (ConfUtils.java:logGet(43)) - raft.server.log.queue.element-limit = 1024 (custom)
2019-09-25 05:56:15,821 [pool-47-thread-1] INFO  server.RaftServerConfigKeys (ConfUtils.java:logGet(43)) - raft.server.log.segment.size.max = 1048576 (custom)
2019-09-25 05:56:15,821 [pool-47-thread-1] INFO  server.RaftServerConfigKeys (ConfUtils.java:logGet(43)) - raft.server.log.preallocated.size = 16384 (custom)
2019-09-25 05:56:15,822 [pool-47-thread-1] INFO  server.RaftServerConfigKeys (ConfUtils.java:logGet(43)) - raft.server.log.write.buffer.size = 33554432 (custom)
2019-09-25 05:56:15,822 [pool-47-thread-1] INFO  server.RaftServerConfigKeys (ConfUtils.java:logGet(43)) - raft.server.log.force.sync.num = 128 (default)
2019-09-25 05:56:15,822 [pool-47-thread-1] INFO  server.RaftServerConfigKeys (ConfUtils.java:logGet(43)) - raft.server.log.statemachine.data.sync = true (default)
2019-09-25 05:56:15,822 [pool-47-thread-1] INFO  server.RaftServerConfigKeys (ConfUtils.java:logGet(43)) - raft.server.log.statemachine.data.sync.timeout = 10s (default)
2019-09-25 05:56:15,822 [pool-47-thread-1] INFO  server.RaftServerConfigKeys (ConfUtils.java:logGet(43)) - raft.server.log.statemachine.data.sync.timeout.retry = -1 (default)
2019-09-25 05:56:15,823 [pool-47-thread-1] INFO  server.RaftServerConfigKeys (ConfUtils.java:logGet(43)) - raft.server.log.statemachine.data.caching.enabled = true (custom)
2019-09-25 05:56:15,823 [pool-47-thread-1] INFO  segmented.SegmentedRaftLogWorker (SegmentedRaftLogWorker.java:lambda$new$0(132)) - f4bb89bf-b4cb-46d2-895a-458b0eef1f65@group-176DCEE8B518-SegmentedRaftLogWorker: flushIndex: setUnconditionally 0 -> -1
2019-09-25 05:56:15,824 [pool-47-thread-1] INFO  server.RaftServerConfigKeys (ConfUtils.java:logGet(43)) - raft.server.snapshot.auto.trigger.enabled = true (custom)
2019-09-25 05:56:15,824 [pool-47-thread-1] INFO  server.RaftServerConfigKeys (ConfUtils.java:logGet(43)) - raft.server.snapshot.auto.trigger.threshold = 10000 (custom)
2019-09-25 05:56:15,824 [pool-47-thread-1] INFO  server.RaftServerConfigKeys (ConfUtils.java:logGet(43)) - raft.server.snapshot.retention.num.files = 5 (custom)
2019-09-25 05:56:15,824 [pool-47-thread-1] INFO  server.RaftServerConfigKeys (ConfUtils.java:logGet(43)) - raft.server.retrycache.expirytime = 600000ms (custom)
2019-09-25 05:56:15,828 [pool-47-thread-1] INFO  impl.RaftServerImpl (RaftServerImpl.java:start(185)) - f4bb89bf-b4cb-46d2-895a-458b0eef1f65@group-176DCEE8B518: start as a follower, conf=-1: [f4bb89bf-b4cb-46d2-895a-458b0eef1f65:192.168.5.161:44648], old=null
2019-09-25 05:56:15,828 [pool-47-thread-1] INFO  impl.RaftServerImpl (RaftServerImpl.java:setRole(174)) - f4bb89bf-b4cb-46d2-895a-458b0eef1f65@group-176DCEE8B518: changes role from      null to FOLLOWER at term 0 for startAsFollower
2019-09-25 05:56:15,828 [pool-47-thread-1] INFO  impl.RoleInfo (RoleInfo.java:updateAndGet(143)) - f4bb89bf-b4cb-46d2-895a-458b0eef1f65: start FollowerState
2019-09-25 05:56:15,829 [pool-47-thread-1] INFO  util.JmxRegister (JmxRegister.java:tryRegister(44)) - Successfully registered JMX Bean with object name Ratis:service=RaftServer,group=group-176DCEE8B518,id=f4bb89bf-b4cb-46d2-895a-458b0eef1f65
2019-09-25 05:56:15,840 [RatisPipelineUtilsThread] INFO  pipeline.PipelineStateManager (PipelineStateManager.java:addPipeline(56)) - Created pipeline Pipeline[ Id: 10a3090a-a552-48d9-95f0-176dcee8b518, Nodes: f4bb89bf-b4cb-46d2-895a-458b0eef1f65{ip: 192.168.5.161, host: pr-hdds-1569-zxpks-796972592, networkLocation: /default-rack, certSerialId: null}, Type:RATIS, Factor:ONE, State:OPEN]
2019-09-25 05:56:16,285 [grpc-default-executor-0] INFO  impl.RaftServerProxy (RaftServerProxy.java:addNew(89)) - e93bb2c6-c39b-4618-a0fd-b5beeaf95472: addNew group-7EC6262F64DF:[e93bb2c6-c39b-4618-a0fd-b5beeaf95472:192.168.5.161:46002] returns group-7EC6262F64DF:java.util.concurrent.CompletableFuture@402ea471[Not completed]
2019-09-25 05:56:16,301 [pool-57-thread-1] INFO  impl.RaftServerImpl (RaftServerImpl.java:<init>(95)) - e93bb2c6-c39b-4618-a0fd-b5beeaf95472: new RaftServerImpl for group-7EC6262F64DF:[e93bb2c6-c39b-4618-a0fd-b5beeaf95472:192.168.5.161:46002] with ContainerStateMachine:uninitialized
2019-09-25 05:56:16,301 [pool-57-thread-1] INFO  server.RaftServerConfigKeys (ConfUtils.java:logGet(43)) - raft.server.rpc.timeout.min = 5s (custom)
2019-09-25 05:56:16,301 [pool-57-thread-1] INFO  server.RaftServerConfigKeys (ConfUtils.java:logGet(43)) - raft.server.rpc.timeout.max = 5200ms (custom)
2019-09-25 05:56:16,301 [pool-57-thread-1] INFO  server.RaftServerConfigKeys (ConfUtils.java:logGet(43)) - raft.server.rpcslowness.timeout = 120s (custom)
2019-09-25 05:56:16,302 [pool-57-thread-1] INFO  server.RaftServerConfigKeys (ConfUtils.java:logGet(43)) - raft.server.sleep.deviation.threshold = 300 (default)
2019-09-25 05:56:16,302 [pool-57-thread-1] INFO  server.RaftServerConfigKeys (ConfUtils.java:logGet(43)) - raft.server.log.appender.install.snapshot.enabled = false (custom)
2019-09-25 05:56:16,302 [pool-57-thread-1] INFO  impl.RaftServerImpl (ServerState.java:<init>(103)) - e93bb2c6-c39b-4618-a0fd-b5beeaf95472@group-7EC6262F64DF: ConfigurationManager, init=-1: [e93bb2c6-c39b-4618-a0fd-b5beeaf95472:192.168.5.161:46002], old=null, confs=<EMPTY_MAP>
2019-09-25 05:56:16,302 [pool-57-thread-1] INFO  server.RaftServerConfigKeys (ConfUtils.java:logGet(43)) - raft.server.storage.dir = [/workdir/hadoop-ozone/tools/target/test-dir/MiniOzoneClusterImpl-a0b92c19-88eb-4192-8b6a-de7e7575cfd2/datanode-3/data/ratis] (custom)
2019-09-25 05:56:16,303 [pool-57-thread-1] INFO  storage.RaftStorageDirectory (RaftStorageDirectory.java:analyzeStorage(246)) - The storage directory /workdir/hadoop-ozone/tools/target/test-dir/MiniOzoneClusterImpl-a0b92c19-88eb-4192-8b6a-de7e7575cfd2/datanode-3/data/ratis/3e4b9c23-59ab-4f46-a59c-7ec6262f64df does not exist. Creating ...
2019-09-25 05:56:16,316 [pool-57-thread-1] INFO  storage.RaftStorageDirectory (RaftStorageDirectory.java:tryLock(328)) - Lock on /workdir/hadoop-ozone/tools/target/test-dir/MiniOzoneClusterImpl-a0b92c19-88eb-4192-8b6a-de7e7575cfd2/datanode-3/data/ratis/3e4b9c23-59ab-4f46-a59c-7ec6262f64df/in_use.lock acquired by nodename 23280@pr-hdds-1569-zxpks-796972592
2019-09-25 05:56:16,328 [pool-57-thread-1] INFO  storage.RaftStorage (RaftStorage.java:format(72)) - Storage directory /workdir/hadoop-ozone/tools/target/test-dir/MiniOzoneClusterImpl-a0b92c19-88eb-4192-8b6a-de7e7575cfd2/datanode-3/data/ratis/3e4b9c23-59ab-4f46-a59c-7ec6262f64df has been successfully formatted.
2019-09-25 05:56:16,329 [pool-57-thread-1] INFO  ratis.ContainerStateMachine (ContainerStateMachine.java:loadSnapshot(230)) - group-7EC6262F64DF: The snapshot info is null. Setting the last applied indexto:(t:0, i:~)
2019-09-25 05:56:16,329 [pool-57-thread-1] INFO  server.RaftServerConfigKeys (ConfUtils.java:logGet(43)) - raft.server.notification.no-leader.timeout = 120s (custom)
2019-09-25 05:56:16,329 [pool-57-thread-1] INFO  server.RaftServerConfigKeys (ConfUtils.java:logGet(43)) - raft.server.log.use.memory = false (default)
2019-09-25 05:56:16,329 [pool-57-thread-1] INFO  server.RaftServerConfigKeys (ConfUtils.java:logGet(43)) - raft.server.log.purge.gap = 1000000 (custom)
2019-09-25 05:56:16,329 [pool-57-thread-1] INFO  server.RaftServerConfigKeys (ConfUtils.java:logGet(43)) - raft.server.log.appender.buffer.byte-limit = 33554432 (custom)
2019-09-25 05:56:16,329 [pool-57-thread-1] INFO  server.RaftServerConfigKeys (ConfUtils.java:logGet(43)) - raft.server.log.segment.size.max = 1048576 (custom)
2019-09-25 05:56:16,330 [pool-57-thread-1] INFO  server.RaftServerConfigKeys (ConfUtils.java:logGet(43)) - raft.server.log.segment.cache.num.max = 2 (custom)
2019-09-25 05:56:16,330 [pool-57-thread-1] INFO  segmented.SegmentedRaftLogWorker (SegmentedRaftLogWorker.java:<init>(172)) - new e93bb2c6-c39b-4618-a0fd-b5beeaf95472@group-7EC6262F64DF-SegmentedRaftLogWorker for RaftStorage:Storage Directory /workdir/hadoop-ozone/tools/target/test-dir/MiniOzoneClusterImpl-a0b92c19-88eb-4192-8b6a-de7e7575cfd2/datanode-3/data/ratis/3e4b9c23-59ab-4f46-a59c-7ec6262f64df
2019-09-25 05:56:16,330 [pool-57-thread-1] INFO  server.RaftServerConfigKeys (ConfUtils.java:logGet(43)) - raft.server.log.queue.byte-limit = 2147483647 (custom)
2019-09-25 05:56:16,330 [pool-57-thread-1] INFO  server.RaftServerConfigKeys (ConfUtils.java:logGet(43)) - raft.server.log.queue.element-limit = 1024 (custom)
2019-09-25 05:56:16,330 [pool-57-thread-1] INFO  server.RaftServerConfigKeys (ConfUtils.java:logGet(43)) - raft.server.log.segment.size.max = 1048576 (custom)
2019-09-25 05:56:16,331 [pool-57-thread-1] INFO  server.RaftServerConfigKeys (ConfUtils.java:logGet(43)) - raft.server.log.preallocated.size = 16384 (custom)
2019-09-25 05:56:16,331 [pool-57-thread-1] INFO  server.RaftServerConfigKeys (ConfUtils.java:logGet(43)) - raft.server.log.write.buffer.size = 33554432 (custom)
2019-09-25 05:56:16,331 [pool-57-thread-1] INFO  server.RaftServerConfigKeys (ConfUtils.java:logGet(43)) - raft.server.log.force.sync.num = 128 (default)
2019-09-25 05:56:16,331 [pool-57-thread-1] INFO  server.RaftServerConfigKeys (ConfUtils.java:logGet(43)) - raft.server.log.statemachine.data.sync = true (default)
2019-09-25 05:56:16,331 [pool-57-thread-1] INFO  server.RaftServerConfigKeys (ConfUtils.java:logGet(43)) - raft.server.log.statemachine.data.sync.timeout = 10s (default)
2019-09-25 05:56:16,332 [pool-57-thread-1] INFO  server.RaftServerConfigKeys (ConfUtils.java:logGet(43)) - raft.server.log.statemachine.data.sync.timeout.retry = -1 (default)
2019-09-25 05:56:16,332 [pool-57-thread-1] INFO  server.RaftServerConfigKeys (ConfUtils.java:logGet(43)) - raft.server.log.statemachine.data.caching.enabled = true (custom)
2019-09-25 05:56:16,332 [pool-57-thread-1] INFO  segmented.SegmentedRaftLogWorker (SegmentedRaftLogWorker.java:lambda$new$0(132)) - e93bb2c6-c39b-4618-a0fd-b5beeaf95472@group-7EC6262F64DF-SegmentedRaftLogWorker: flushIndex: setUnconditionally 0 -> -1
2019-09-25 05:56:16,333 [pool-57-thread-1] INFO  server.RaftServerConfigKeys (ConfUtils.java:logGet(43)) - raft.server.snapshot.auto.trigger.enabled = true (custom)
2019-09-25 05:56:16,333 [pool-57-thread-1] INFO  server.RaftServerConfigKeys (ConfUtils.java:logGet(43)) - raft.server.snapshot.auto.trigger.threshold = 10000 (custom)
2019-09-25 05:56:16,333 [pool-57-thread-1] INFO  server.RaftServerConfigKeys (ConfUtils.java:logGet(43)) - raft.server.snapshot.retention.num.files = 5 (custom)
2019-09-25 05:56:16,333 [pool-57-thread-1] INFO  server.RaftServerConfigKeys (ConfUtils.java:logGet(43)) - raft.server.retrycache.expirytime = 600000ms (custom)
2019-09-25 05:56:16,337 [pool-57-thread-1] INFO  impl.RaftServerImpl (RaftServerImpl.java:start(185)) - e93bb2c6-c39b-4618-a0fd-b5beeaf95472@group-7EC6262F64DF: start as a follower, conf=-1: [e93bb2c6-c39b-4618-a0fd-b5beeaf95472:192.168.5.161:46002], old=null
2019-09-25 05:56:16,337 [pool-57-thread-1] INFO  impl.RaftServerImpl (RaftServerImpl.java:setRole(174)) - e93bb2c6-c39b-4618-a0fd-b5beeaf95472@group-7EC6262F64DF: changes role from      null to FOLLOWER at term 0 for startAsFollower
2019-09-25 05:56:16,337 [pool-57-thread-1] INFO  impl.RoleInfo (RoleInfo.java:updateAndGet(143)) - e93bb2c6-c39b-4618-a0fd-b5beeaf95472: start FollowerState
2019-09-25 05:56:16,338 [pool-57-thread-1] INFO  util.JmxRegister (JmxRegister.java:tryRegister(44)) - Successfully registered JMX Bean with object name Ratis:service=RaftServer,group=group-7EC6262F64DF,id=e93bb2c6-c39b-4618-a0fd-b5beeaf95472
2019-09-25 05:56:16,343 [RatisPipelineUtilsThread] INFO  pipeline.PipelineStateManager (PipelineStateManager.java:addPipeline(56)) - Created pipeline Pipeline[ Id: 3e4b9c23-59ab-4f46-a59c-7ec6262f64df, Nodes: e93bb2c6-c39b-4618-a0fd-b5beeaf95472{ip: 192.168.5.161, host: pr-hdds-1569-zxpks-796972592, networkLocation: /default-rack, certSerialId: null}, Type:RATIS, Factor:ONE, State:OPEN]
2019-09-25 05:56:16,356 [grpc-default-executor-0] INFO  impl.RaftServerProxy (RaftServerProxy.java:addNew(89)) - 18c2403b-6685-48ec-8e85-5146801ccf7c: addNew group-018430CC37E6:[18c2403b-6685-48ec-8e85-5146801ccf7c:192.168.5.161:33856] returns group-018430CC37E6:java.util.concurrent.CompletableFuture@6b4ed11a[Not completed]
2019-09-25 05:56:16,357 [pool-67-thread-1] INFO  impl.RaftServerImpl (RaftServerImpl.java:<init>(95)) - 18c2403b-6685-48ec-8e85-5146801ccf7c: new RaftServerImpl for group-018430CC37E6:[18c2403b-6685-48ec-8e85-5146801ccf7c:192.168.5.161:33856] with ContainerStateMachine:uninitialized
2019-09-25 05:56:16,357 [pool-67-thread-1] INFO  server.RaftServerConfigKeys (ConfUtils.java:logGet(43)) - raft.server.rpc.timeout.min = 5s (custom)
2019-09-25 05:56:16,358 [pool-67-thread-1] INFO  server.RaftServerConfigKeys (ConfUtils.java:logGet(43)) - raft.server.rpc.timeout.max = 5200ms (custom)
2019-09-25 05:56:16,358 [pool-67-thread-1] INFO  server.RaftServerConfigKeys (ConfUtils.java:logGet(43)) - raft.server.rpcslowness.timeout = 120s (custom)
2019-09-25 05:56:16,358 [pool-67-thread-1] INFO  server.RaftServerConfigKeys (ConfUtils.java:logGet(43)) - raft.server.sleep.deviation.threshold = 300 (default)
2019-09-25 05:56:16,358 [pool-67-thread-1] INFO  server.RaftServerConfigKeys (ConfUtils.java:logGet(43)) - raft.server.log.appender.install.snapshot.enabled = false (custom)
2019-09-25 05:56:16,358 [pool-67-thread-1] INFO  impl.RaftServerImpl (ServerState.java:<init>(103)) - 18c2403b-6685-48ec-8e85-5146801ccf7c@group-018430CC37E6: ConfigurationManager, init=-1: [18c2403b-6685-48ec-8e85-5146801ccf7c:192.168.5.161:33856], old=null, confs=<EMPTY_MAP>
2019-09-25 05:56:16,358 [pool-67-thread-1] INFO  server.RaftServerConfigKeys (ConfUtils.java:logGet(43)) - raft.server.storage.dir = [/workdir/hadoop-ozone/tools/target/test-dir/MiniOzoneClusterImpl-a0b92c19-88eb-4192-8b6a-de7e7575cfd2/datanode-4/data/ratis] (custom)
2019-09-25 05:56:16,359 [pool-67-thread-1] INFO  storage.RaftStorageDirectory (RaftStorageDirectory.java:analyzeStorage(246)) - The storage directory /workdir/hadoop-ozone/tools/target/test-dir/MiniOzoneClusterImpl-a0b92c19-88eb-4192-8b6a-de7e7575cfd2/datanode-4/data/ratis/ef2606c8-5d08-4116-aaf2-018430cc37e6 does not exist. Creating ...
2019-09-25 05:56:16,371 [pool-67-thread-1] INFO  storage.RaftStorageDirectory (RaftStorageDirectory.java:tryLock(328)) - Lock on /workdir/hadoop-ozone/tools/target/test-dir/MiniOzoneClusterImpl-a0b92c19-88eb-4192-8b6a-de7e7575cfd2/datanode-4/data/ratis/ef2606c8-5d08-4116-aaf2-018430cc37e6/in_use.lock acquired by nodename 23280@pr-hdds-1569-zxpks-796972592
2019-09-25 05:56:16,384 [pool-67-thread-1] INFO  storage.RaftStorage (RaftStorage.java:format(72)) - Storage directory /workdir/hadoop-ozone/tools/target/test-dir/MiniOzoneClusterImpl-a0b92c19-88eb-4192-8b6a-de7e7575cfd2/datanode-4/data/ratis/ef2606c8-5d08-4116-aaf2-018430cc37e6 has been successfully formatted.
2019-09-25 05:56:16,384 [pool-67-thread-1] INFO  ratis.ContainerStateMachine (ContainerStateMachine.java:loadSnapshot(230)) - group-018430CC37E6: The snapshot info is null. Setting the last applied indexto:(t:0, i:~)
2019-09-25 05:56:16,384 [pool-67-thread-1] INFO  server.RaftServerConfigKeys (ConfUtils.java:logGet(43)) - raft.server.notification.no-leader.timeout = 120s (custom)
2019-09-25 05:56:16,384 [pool-67-thread-1] INFO  server.RaftServerConfigKeys (ConfUtils.java:logGet(43)) - raft.server.log.use.memory = false (default)
2019-09-25 05:56:16,384 [pool-67-thread-1] INFO  server.RaftServerConfigKeys (ConfUtils.java:logGet(43)) - raft.server.log.purge.gap = 1000000 (custom)
2019-09-25 05:56:16,385 [pool-67-thread-1] INFO  server.RaftServerConfigKeys (ConfUtils.java:logGet(43)) - raft.server.log.appender.buffer.byte-limit = 33554432 (custom)
2019-09-25 05:56:16,385 [pool-67-thread-1] INFO  server.RaftServerConfigKeys (ConfUtils.java:logGet(43)) - raft.server.log.segment.size.max = 1048576 (custom)
2019-09-25 05:56:16,385 [pool-67-thread-1] INFO  server.RaftServerConfigKeys (ConfUtils.java:logGet(43)) - raft.server.log.segment.cache.num.max = 2 (custom)
2019-09-25 05:56:16,385 [pool-67-thread-1] INFO  segmented.SegmentedRaftLogWorker (SegmentedRaftLogWorker.java:<init>(172)) - new 18c2403b-6685-48ec-8e85-5146801ccf7c@group-018430CC37E6-SegmentedRaftLogWorker for RaftStorage:Storage Directory /workdir/hadoop-ozone/tools/target/test-dir/MiniOzoneClusterImpl-a0b92c19-88eb-4192-8b6a-de7e7575cfd2/datanode-4/data/ratis/ef2606c8-5d08-4116-aaf2-018430cc37e6
2019-09-25 05:56:16,385 [pool-67-thread-1] INFO  server.RaftServerConfigKeys (ConfUtils.java:logGet(43)) - raft.server.log.queue.byte-limit = 2147483647 (custom)
2019-09-25 05:56:16,385 [pool-67-thread-1] INFO  server.RaftServerConfigKeys (ConfUtils.java:logGet(43)) - raft.server.log.queue.element-limit = 1024 (custom)
2019-09-25 05:56:16,386 [pool-67-thread-1] INFO  server.RaftServerConfigKeys (ConfUtils.java:logGet(43)) - raft.server.log.segment.size.max = 1048576 (custom)
2019-09-25 05:56:16,386 [pool-67-thread-1] INFO  server.RaftServerConfigKeys (ConfUtils.java:logGet(43)) - raft.server.log.preallocated.size = 16384 (custom)
2019-09-25 05:56:16,386 [pool-67-thread-1] INFO  server.RaftServerConfigKeys (ConfUtils.java:logGet(43)) - raft.server.log.write.buffer.size = 33554432 (custom)
2019-09-25 05:56:16,386 [pool-67-thread-1] INFO  server.RaftServerConfigKeys (ConfUtils.java:logGet(43)) - raft.server.log.force.sync.num = 128 (default)
2019-09-25 05:56:16,386 [pool-67-thread-1] INFO  server.RaftServerConfigKeys (ConfUtils.java:logGet(43)) - raft.server.log.statemachine.data.sync = true (default)
2019-09-25 05:56:16,386 [pool-67-thread-1] INFO  server.RaftServerConfigKeys (ConfUtils.java:logGet(43)) - raft.server.log.statemachine.data.sync.timeout = 10s (default)
2019-09-25 05:56:16,386 [pool-67-thread-1] INFO  server.RaftServerConfigKeys (ConfUtils.java:logGet(43)) - raft.server.log.statemachine.data.sync.timeout.retry = -1 (default)
2019-09-25 05:56:16,387 [pool-67-thread-1] INFO  server.RaftServerConfigKeys (ConfUtils.java:logGet(43)) - raft.server.log.statemachine.data.caching.enabled = true (custom)
2019-09-25 05:56:16,387 [pool-67-thread-1] INFO  segmented.SegmentedRaftLogWorker (SegmentedRaftLogWorker.java:lambda$new$0(132)) - 18c2403b-6685-48ec-8e85-5146801ccf7c@group-018430CC37E6-SegmentedRaftLogWorker: flushIndex: setUnconditionally 0 -> -1
2019-09-25 05:56:16,387 [pool-67-thread-1] INFO  server.RaftServerConfigKeys (ConfUtils.java:logGet(43)) - raft.server.snapshot.auto.trigger.enabled = true (custom)
2019-09-25 05:56:16,387 [pool-67-thread-1] INFO  server.RaftServerConfigKeys (ConfUtils.java:logGet(43)) - raft.server.snapshot.auto.trigger.threshold = 10000 (custom)
2019-09-25 05:56:16,388 [pool-67-thread-1] INFO  server.RaftServerConfigKeys (ConfUtils.java:logGet(43)) - raft.server.snapshot.retention.num.files = 5 (custom)
2019-09-25 05:56:16,388 [pool-67-thread-1] INFO  server.RaftServerConfigKeys (ConfUtils.java:logGet(43)) - raft.server.retrycache.expirytime = 600000ms (custom)
2019-09-25 05:56:16,390 [pool-67-thread-1] INFO  impl.RaftServerImpl (RaftServerImpl.java:start(185)) - 18c2403b-6685-48ec-8e85-5146801ccf7c@group-018430CC37E6: start as a follower, conf=-1: [18c2403b-6685-48ec-8e85-5146801ccf7c:192.168.5.161:33856], old=null
2019-09-25 05:56:16,390 [pool-67-thread-1] INFO  impl.RaftServerImpl (RaftServerImpl.java:setRole(174)) - 18c2403b-6685-48ec-8e85-5146801ccf7c@group-018430CC37E6: changes role from      null to FOLLOWER at term 0 for startAsFollower
2019-09-25 05:56:16,391 [pool-67-thread-1] INFO  impl.RoleInfo (RoleInfo.java:updateAndGet(143)) - 18c2403b-6685-48ec-8e85-5146801ccf7c: start FollowerState
2019-09-25 05:56:16,391 [pool-67-thread-1] INFO  util.JmxRegister (JmxRegister.java:tryRegister(44)) - Successfully registered JMX Bean with object name Ratis:service=RaftServer,group=group-018430CC37E6,id=18c2403b-6685-48ec-8e85-5146801ccf7c
2019-09-25 05:56:16,397 [RatisPipelineUtilsThread] INFO  pipeline.PipelineStateManager (PipelineStateManager.java:addPipeline(56)) - Created pipeline Pipeline[ Id: ef2606c8-5d08-4116-aaf2-018430cc37e6, Nodes: 18c2403b-6685-48ec-8e85-5146801ccf7c{ip: 192.168.5.161, host: pr-hdds-1569-zxpks-796972592, networkLocation: /default-rack, certSerialId: null}, Type:RATIS, Factor:ONE, State:OPEN]
2019-09-25 05:56:16,408 [grpc-default-executor-0] INFO  impl.RaftServerProxy (RaftServerProxy.java:addNew(89)) - f4bb89bf-b4cb-46d2-895a-458b0eef1f65: addNew group-FFDE5856A025:[f4bb89bf-b4cb-46d2-895a-458b0eef1f65:192.168.5.161:44648] returns group-FFDE5856A025:java.util.concurrent.CompletableFuture@69b412d9[Not completed]
2019-09-25 05:56:16,409 [pool-47-thread-1] INFO  impl.RaftServerImpl (RaftServerImpl.java:<init>(95)) - f4bb89bf-b4cb-46d2-895a-458b0eef1f65: new RaftServerImpl for group-FFDE5856A025:[f4bb89bf-b4cb-46d2-895a-458b0eef1f65:192.168.5.161:44648] with ContainerStateMachine:uninitialized
2019-09-25 05:56:16,409 [pool-47-thread-1] INFO  server.RaftServerConfigKeys (ConfUtils.java:logGet(43)) - raft.server.rpc.timeout.min = 5s (custom)
2019-09-25 05:56:16,410 [pool-47-thread-1] INFO  server.RaftServerConfigKeys (ConfUtils.java:logGet(43)) - raft.server.rpc.timeout.max = 5200ms (custom)
2019-09-25 05:56:16,410 [pool-47-thread-1] INFO  server.RaftServerConfigKeys (ConfUtils.java:logGet(43)) - raft.server.rpcslowness.timeout = 120s (custom)
2019-09-25 05:56:16,410 [pool-47-thread-1] INFO  server.RaftServerConfigKeys (ConfUtils.java:logGet(43)) - raft.server.sleep.deviation.threshold = 300 (default)
2019-09-25 05:56:16,410 [pool-47-thread-1] INFO  server.RaftServerConfigKeys (ConfUtils.java:logGet(43)) - raft.server.log.appender.install.snapshot.enabled = false (custom)
2019-09-25 05:56:16,410 [pool-47-thread-1] INFO  impl.RaftServerImpl (ServerState.java:<init>(103)) - f4bb89bf-b4cb-46d2-895a-458b0eef1f65@group-FFDE5856A025: ConfigurationManager, init=-1: [f4bb89bf-b4cb-46d2-895a-458b0eef1f65:192.168.5.161:44648], old=null, confs=<EMPTY_MAP>
2019-09-25 05:56:16,410 [pool-47-thread-1] INFO  server.RaftServerConfigKeys (ConfUtils.java:logGet(43)) - raft.server.storage.dir = [/workdir/hadoop-ozone/tools/target/test-dir/MiniOzoneClusterImpl-a0b92c19-88eb-4192-8b6a-de7e7575cfd2/datanode-2/data/ratis] (custom)
2019-09-25 05:56:16,411 [pool-47-thread-1] INFO  storage.RaftStorageDirectory (RaftStorageDirectory.java:analyzeStorage(246)) - The storage directory /workdir/hadoop-ozone/tools/target/test-dir/MiniOzoneClusterImpl-a0b92c19-88eb-4192-8b6a-de7e7575cfd2/datanode-2/data/ratis/340972f5-b08b-48a3-9a21-ffde5856a025 does not exist. Creating ...
2019-09-25 05:56:16,423 [pool-47-thread-1] INFO  storage.RaftStorageDirectory (RaftStorageDirectory.java:tryLock(328)) - Lock on /workdir/hadoop-ozone/tools/target/test-dir/MiniOzoneClusterImpl-a0b92c19-88eb-4192-8b6a-de7e7575cfd2/datanode-2/data/ratis/340972f5-b08b-48a3-9a21-ffde5856a025/in_use.lock acquired by nodename 23280@pr-hdds-1569-zxpks-796972592
2019-09-25 05:56:16,436 [pool-47-thread-1] INFO  storage.RaftStorage (RaftStorage.java:format(72)) - Storage directory /workdir/hadoop-ozone/tools/target/test-dir/MiniOzoneClusterImpl-a0b92c19-88eb-4192-8b6a-de7e7575cfd2/datanode-2/data/ratis/340972f5-b08b-48a3-9a21-ffde5856a025 has been successfully formatted.
2019-09-25 05:56:16,436 [pool-47-thread-1] INFO  ratis.ContainerStateMachine (ContainerStateMachine.java:loadSnapshot(230)) - group-FFDE5856A025: The snapshot info is null. Setting the last applied indexto:(t:0, i:~)
2019-09-25 05:56:16,436 [pool-47-thread-1] INFO  server.RaftServerConfigKeys (ConfUtils.java:logGet(43)) - raft.server.notification.no-leader.timeout = 120s (custom)
2019-09-25 05:56:16,436 [pool-47-thread-1] INFO  server.RaftServerConfigKeys (ConfUtils.java:logGet(43)) - raft.server.log.use.memory = false (default)
2019-09-25 05:56:16,437 [pool-47-thread-1] INFO  server.RaftServerConfigKeys (ConfUtils.java:logGet(43)) - raft.server.log.purge.gap = 1000000 (custom)
2019-09-25 05:56:16,437 [pool-47-thread-1] INFO  server.RaftServerConfigKeys (ConfUtils.java:logGet(43)) - raft.server.log.appender.buffer.byte-limit = 33554432 (custom)
2019-09-25 05:56:16,437 [pool-47-thread-1] INFO  server.RaftServerConfigKeys (ConfUtils.java:logGet(43)) - raft.server.log.segment.size.max = 1048576 (custom)
2019-09-25 05:56:16,437 [pool-47-thread-1] INFO  server.RaftServerConfigKeys (ConfUtils.java:logGet(43)) - raft.server.log.segment.cache.num.max = 2 (custom)
2019-09-25 05:56:16,437 [pool-47-thread-1] INFO  segmented.SegmentedRaftLogWorker (SegmentedRaftLogWorker.java:<init>(172)) - new f4bb89bf-b4cb-46d2-895a-458b0eef1f65@group-FFDE5856A025-SegmentedRaftLogWorker for RaftStorage:Storage Directory /workdir/hadoop-ozone/tools/target/test-dir/MiniOzoneClusterImpl-a0b92c19-88eb-4192-8b6a-de7e7575cfd2/datanode-2/data/ratis/340972f5-b08b-48a3-9a21-ffde5856a025
2019-09-25 05:56:16,437 [pool-47-thread-1] INFO  server.RaftServerConfigKeys (ConfUtils.java:logGet(43)) - raft.server.log.queue.byte-limit = 2147483647 (custom)
2019-09-25 05:56:16,437 [pool-47-thread-1] INFO  server.RaftServerConfigKeys (ConfUtils.java:logGet(43)) - raft.server.log.queue.element-limit = 1024 (custom)
2019-09-25 05:56:16,437 [pool-47-thread-1] INFO  server.RaftServerConfigKeys (ConfUtils.java:logGet(43)) - raft.server.log.segment.size.max = 1048576 (custom)
2019-09-25 05:56:16,438 [pool-47-thread-1] INFO  server.RaftServerConfigKeys (ConfUtils.java:logGet(43)) - raft.server.log.preallocated.size = 16384 (custom)
2019-09-25 05:56:16,438 [pool-47-thread-1] INFO  server.RaftServerConfigKeys (ConfUtils.java:logGet(43)) - raft.server.log.write.buffer.size = 33554432 (custom)
2019-09-25 05:56:16,438 [pool-47-thread-1] INFO  server.RaftServerConfigKeys (ConfUtils.java:logGet(43)) - raft.server.log.force.sync.num = 128 (default)
2019-09-25 05:56:16,438 [pool-47-thread-1] INFO  server.RaftServerConfigKeys (ConfUtils.java:logGet(43)) - raft.server.log.statemachine.data.sync = true (default)
2019-09-25 05:56:16,438 [pool-47-thread-1] INFO  server.RaftServerConfigKeys (ConfUtils.java:logGet(43)) - raft.server.log.statemachine.data.sync.timeout = 10s (default)
2019-09-25 05:56:16,438 [pool-47-thread-1] INFO  server.RaftServerConfigKeys (ConfUtils.java:logGet(43)) - raft.server.log.statemachine.data.sync.timeout.retry = -1 (default)
2019-09-25 05:56:16,438 [pool-47-thread-1] INFO  server.RaftServerConfigKeys (ConfUtils.java:logGet(43)) - raft.server.log.statemachine.data.caching.enabled = true (custom)
2019-09-25 05:56:16,439 [pool-47-thread-1] INFO  segmented.SegmentedRaftLogWorker (SegmentedRaftLogWorker.java:lambda$new$0(132)) - f4bb89bf-b4cb-46d2-895a-458b0eef1f65@group-FFDE5856A025-SegmentedRaftLogWorker: flushIndex: setUnconditionally 0 -> -1
2019-09-25 05:56:16,439 [pool-47-thread-1] INFO  server.RaftServerConfigKeys (ConfUtils.java:logGet(43)) - raft.server.snapshot.auto.trigger.enabled = true (custom)
2019-09-25 05:56:16,439 [pool-47-thread-1] INFO  server.RaftServerConfigKeys (ConfUtils.java:logGet(43)) - raft.server.snapshot.auto.trigger.threshold = 10000 (custom)
2019-09-25 05:56:16,439 [pool-47-thread-1] INFO  server.RaftServerConfigKeys (ConfUtils.java:logGet(43)) - raft.server.snapshot.retention.num.files = 5 (custom)
2019-09-25 05:56:16,439 [pool-47-thread-1] INFO  server.RaftServerConfigKeys (ConfUtils.java:logGet(43)) - raft.server.retrycache.expirytime = 600000ms (custom)
2019-09-25 05:56:16,442 [pool-47-thread-1] INFO  impl.RaftServerImpl (RaftServerImpl.java:start(185)) - f4bb89bf-b4cb-46d2-895a-458b0eef1f65@group-FFDE5856A025: start as a follower, conf=-1: [f4bb89bf-b4cb-46d2-895a-458b0eef1f65:192.168.5.161:44648], old=null
2019-09-25 05:56:16,442 [pool-47-thread-1] INFO  impl.RaftServerImpl (RaftServerImpl.java:setRole(174)) - f4bb89bf-b4cb-46d2-895a-458b0eef1f65@group-FFDE5856A025: changes role from      null to FOLLOWER at term 0 for startAsFollower
2019-09-25 05:56:16,442 [pool-47-thread-1] INFO  impl.RoleInfo (RoleInfo.java:updateAndGet(143)) - f4bb89bf-b4cb-46d2-895a-458b0eef1f65: start FollowerState
2019-09-25 05:56:16,442 [pool-47-thread-1] INFO  util.JmxRegister (JmxRegister.java:tryRegister(44)) - Successfully registered JMX Bean with object name Ratis:service=RaftServer,group=group-FFDE5856A025,id=f4bb89bf-b4cb-46d2-895a-458b0eef1f65
2019-09-25 05:56:16,447 [RatisPipelineUtilsThread] INFO  pipeline.PipelineStateManager (PipelineStateManager.java:addPipeline(56)) - Created pipeline Pipeline[ Id: 340972f5-b08b-48a3-9a21-ffde5856a025, Nodes: f4bb89bf-b4cb-46d2-895a-458b0eef1f65{ip: 192.168.5.161, host: pr-hdds-1569-zxpks-796972592, networkLocation: /default-rack, certSerialId: null}, Type:RATIS, Factor:ONE, State:OPEN]
2019-09-25 05:56:16,457 [grpc-default-executor-0] INFO  impl.RaftServerProxy (RaftServerProxy.java:addNew(89)) - e93bb2c6-c39b-4618-a0fd-b5beeaf95472: addNew group-25E1A887793D:[e93bb2c6-c39b-4618-a0fd-b5beeaf95472:192.168.5.161:46002] returns group-25E1A887793D:java.util.concurrent.CompletableFuture@1dac51c0[Not completed]
2019-09-25 05:56:16,458 [pool-57-thread-1] INFO  impl.RaftServerImpl (RaftServerImpl.java:<init>(95)) - e93bb2c6-c39b-4618-a0fd-b5beeaf95472: new RaftServerImpl for group-25E1A887793D:[e93bb2c6-c39b-4618-a0fd-b5beeaf95472:192.168.5.161:46002] with ContainerStateMachine:uninitialized
2019-09-25 05:56:16,459 [pool-57-thread-1] INFO  server.RaftServerConfigKeys (ConfUtils.java:logGet(43)) - raft.server.rpc.timeout.min = 5s (custom)
2019-09-25 05:56:16,459 [pool-57-thread-1] INFO  server.RaftServerConfigKeys (ConfUtils.java:logGet(43)) - raft.server.rpc.timeout.max = 5200ms (custom)
2019-09-25 05:56:16,459 [pool-57-thread-1] INFO  server.RaftServerConfigKeys (ConfUtils.java:logGet(43)) - raft.server.rpcslowness.timeout = 120s (custom)
2019-09-25 05:56:16,459 [pool-57-thread-1] INFO  server.RaftServerConfigKeys (ConfUtils.java:logGet(43)) - raft.server.sleep.deviation.threshold = 300 (default)
2019-09-25 05:56:16,459 [pool-57-thread-1] INFO  server.RaftServerConfigKeys (ConfUtils.java:logGet(43)) - raft.server.log.appender.install.snapshot.enabled = false (custom)
2019-09-25 05:56:16,459 [pool-57-thread-1] INFO  impl.RaftServerImpl (ServerState.java:<init>(103)) - e93bb2c6-c39b-4618-a0fd-b5beeaf95472@group-25E1A887793D: ConfigurationManager, init=-1: [e93bb2c6-c39b-4618-a0fd-b5beeaf95472:192.168.5.161:46002], old=null, confs=<EMPTY_MAP>
2019-09-25 05:56:16,459 [pool-57-thread-1] INFO  server.RaftServerConfigKeys (ConfUtils.java:logGet(43)) - raft.server.storage.dir = [/workdir/hadoop-ozone/tools/target/test-dir/MiniOzoneClusterImpl-a0b92c19-88eb-4192-8b6a-de7e7575cfd2/datanode-3/data/ratis] (custom)
2019-09-25 05:56:16,460 [pool-57-thread-1] INFO  storage.RaftStorageDirectory (RaftStorageDirectory.java:analyzeStorage(246)) - The storage directory /workdir/hadoop-ozone/tools/target/test-dir/MiniOzoneClusterImpl-a0b92c19-88eb-4192-8b6a-de7e7575cfd2/datanode-3/data/ratis/694f1393-8ebf-4653-8e66-25e1a887793d does not exist. Creating ...
2019-09-25 05:56:16,472 [pool-57-thread-1] INFO  storage.RaftStorageDirectory (RaftStorageDirectory.java:tryLock(328)) - Lock on /workdir/hadoop-ozone/tools/target/test-dir/MiniOzoneClusterImpl-a0b92c19-88eb-4192-8b6a-de7e7575cfd2/datanode-3/data/ratis/694f1393-8ebf-4653-8e66-25e1a887793d/in_use.lock acquired by nodename 23280@pr-hdds-1569-zxpks-796972592
2019-09-25 05:56:16,485 [pool-57-thread-1] INFO  storage.RaftStorage (RaftStorage.java:format(72)) - Storage directory /workdir/hadoop-ozone/tools/target/test-dir/MiniOzoneClusterImpl-a0b92c19-88eb-4192-8b6a-de7e7575cfd2/datanode-3/data/ratis/694f1393-8ebf-4653-8e66-25e1a887793d has been successfully formatted.
2019-09-25 05:56:16,485 [pool-57-thread-1] INFO  ratis.ContainerStateMachine (ContainerStateMachine.java:loadSnapshot(230)) - group-25E1A887793D: The snapshot info is null. Setting the last applied indexto:(t:0, i:~)
2019-09-25 05:56:16,485 [pool-57-thread-1] INFO  server.RaftServerConfigKeys (ConfUtils.java:logGet(43)) - raft.server.notification.no-leader.timeout = 120s (custom)
2019-09-25 05:56:16,485 [pool-57-thread-1] INFO  server.RaftServerConfigKeys (ConfUtils.java:logGet(43)) - raft.server.log.use.memory = false (default)
2019-09-25 05:56:16,486 [pool-57-thread-1] INFO  server.RaftServerConfigKeys (ConfUtils.java:logGet(43)) - raft.server.log.purge.gap = 1000000 (custom)
2019-09-25 05:56:16,486 [pool-57-thread-1] INFO  server.RaftServerConfigKeys (ConfUtils.java:logGet(43)) - raft.server.log.appender.buffer.byte-limit = 33554432 (custom)
2019-09-25 05:56:16,486 [pool-57-thread-1] INFO  server.RaftServerConfigKeys (ConfUtils.java:logGet(43)) - raft.server.log.segment.size.max = 1048576 (custom)
2019-09-25 05:56:16,486 [pool-57-thread-1] INFO  server.RaftServerConfigKeys (ConfUtils.java:logGet(43)) - raft.server.log.segment.cache.num.max = 2 (custom)
2019-09-25 05:56:16,486 [pool-57-thread-1] INFO  segmented.SegmentedRaftLogWorker (SegmentedRaftLogWorker.java:<init>(172)) - new e93bb2c6-c39b-4618-a0fd-b5beeaf95472@group-25E1A887793D-SegmentedRaftLogWorker for RaftStorage:Storage Directory /workdir/hadoop-ozone/tools/target/test-dir/MiniOzoneClusterImpl-a0b92c19-88eb-4192-8b6a-de7e7575cfd2/datanode-3/data/ratis/694f1393-8ebf-4653-8e66-25e1a887793d
2019-09-25 05:56:16,486 [pool-57-thread-1] INFO  server.RaftServerConfigKeys (ConfUtils.java:logGet(43)) - raft.server.log.queue.byte-limit = 2147483647 (custom)
2019-09-25 05:56:16,486 [pool-57-thread-1] INFO  server.RaftServerConfigKeys (ConfUtils.java:logGet(43)) - raft.server.log.queue.element-limit = 1024 (custom)
2019-09-25 05:56:16,486 [pool-57-thread-1] INFO  server.RaftServerConfigKeys (ConfUtils.java:logGet(43)) - raft.server.log.segment.size.max = 1048576 (custom)
2019-09-25 05:56:16,487 [pool-57-thread-1] INFO  server.RaftServerConfigKeys (ConfUtils.java:logGet(43)) - raft.server.log.preallocated.size = 16384 (custom)
2019-09-25 05:56:16,487 [pool-57-thread-1] INFO  server.RaftServerConfigKeys (ConfUtils.java:logGet(43)) - raft.server.log.write.buffer.size = 33554432 (custom)
2019-09-25 05:56:16,487 [pool-57-thread-1] INFO  server.RaftServerConfigKeys (ConfUtils.java:logGet(43)) - raft.server.log.force.sync.num = 128 (default)
2019-09-25 05:56:16,487 [pool-57-thread-1] INFO  server.RaftServerConfigKeys (ConfUtils.java:logGet(43)) - raft.server.log.statemachine.data.sync = true (default)
2019-09-25 05:56:16,487 [pool-57-thread-1] INFO  server.RaftServerConfigKeys (ConfUtils.java:logGet(43)) - raft.server.log.statemachine.data.sync.timeout = 10s (default)
2019-09-25 05:56:16,487 [pool-57-thread-1] INFO  server.RaftServerConfigKeys (ConfUtils.java:logGet(43)) - raft.server.log.statemachine.data.sync.timeout.retry = -1 (default)
2019-09-25 05:56:16,487 [pool-57-thread-1] INFO  server.RaftServerConfigKeys (ConfUtils.java:logGet(43)) - raft.server.log.statemachine.data.caching.enabled = true (custom)
2019-09-25 05:56:16,488 [pool-57-thread-1] INFO  segmented.SegmentedRaftLogWorker (SegmentedRaftLogWorker.java:lambda$new$0(132)) - e93bb2c6-c39b-4618-a0fd-b5beeaf95472@group-25E1A887793D-SegmentedRaftLogWorker: flushIndex: setUnconditionally 0 -> -1
2019-09-25 05:56:16,488 [pool-57-thread-1] INFO  server.RaftServerConfigKeys (ConfUtils.java:logGet(43)) - raft.server.snapshot.auto.trigger.enabled = true (custom)
2019-09-25 05:56:16,488 [pool-57-thread-1] INFO  server.RaftServerConfigKeys (ConfUtils.java:logGet(43)) - raft.server.snapshot.auto.trigger.threshold = 10000 (custom)
2019-09-25 05:56:16,488 [pool-57-thread-1] INFO  server.RaftServerConfigKeys (ConfUtils.java:logGet(43)) - raft.server.snapshot.retention.num.files = 5 (custom)
2019-09-25 05:56:16,488 [pool-57-thread-1] INFO  server.RaftServerConfigKeys (ConfUtils.java:logGet(43)) - raft.server.retrycache.expirytime = 600000ms (custom)
2019-09-25 05:56:16,490 [pool-57-thread-1] INFO  impl.RaftServerImpl (RaftServerImpl.java:start(185)) - e93bb2c6-c39b-4618-a0fd-b5beeaf95472@group-25E1A887793D: start as a follower, conf=-1: [e93bb2c6-c39b-4618-a0fd-b5beeaf95472:192.168.5.161:46002], old=null
2019-09-25 05:56:16,491 [pool-57-thread-1] INFO  impl.RaftServerImpl (RaftServerImpl.java:setRole(174)) - e93bb2c6-c39b-4618-a0fd-b5beeaf95472@group-25E1A887793D: changes role from      null to FOLLOWER at term 0 for startAsFollower
2019-09-25 05:56:16,491 [pool-57-thread-1] INFO  impl.RoleInfo (RoleInfo.java:updateAndGet(143)) - e93bb2c6-c39b-4618-a0fd-b5beeaf95472: start FollowerState
2019-09-25 05:56:16,491 [pool-57-thread-1] INFO  util.JmxRegister (JmxRegister.java:tryRegister(44)) - Successfully registered JMX Bean with object name Ratis:service=RaftServer,group=group-25E1A887793D,id=e93bb2c6-c39b-4618-a0fd-b5beeaf95472
2019-09-25 05:56:16,496 [RatisPipelineUtilsThread] INFO  pipeline.PipelineStateManager (PipelineStateManager.java:addPipeline(56)) - Created pipeline Pipeline[ Id: 694f1393-8ebf-4653-8e66-25e1a887793d, Nodes: e93bb2c6-c39b-4618-a0fd-b5beeaf95472{ip: 192.168.5.161, host: pr-hdds-1569-zxpks-796972592, networkLocation: /default-rack, certSerialId: null}, Type:RATIS, Factor:ONE, State:OPEN]
2019-09-25 05:56:16,506 [grpc-default-executor-0] INFO  impl.RaftServerProxy (RaftServerProxy.java:addNew(89)) - 18c2403b-6685-48ec-8e85-5146801ccf7c: addNew group-204810719937:[18c2403b-6685-48ec-8e85-5146801ccf7c:192.168.5.161:33856] returns group-204810719937:java.util.concurrent.CompletableFuture@2090b1db[Not completed]
2019-09-25 05:56:16,507 [pool-67-thread-1] INFO  impl.RaftServerImpl (RaftServerImpl.java:<init>(95)) - 18c2403b-6685-48ec-8e85-5146801ccf7c: new RaftServerImpl for group-204810719937:[18c2403b-6685-48ec-8e85-5146801ccf7c:192.168.5.161:33856] with ContainerStateMachine:uninitialized
2019-09-25 05:56:16,507 [pool-67-thread-1] INFO  server.RaftServerConfigKeys (ConfUtils.java:logGet(43)) - raft.server.rpc.timeout.min = 5s (custom)
2019-09-25 05:56:16,508 [pool-67-thread-1] INFO  server.RaftServerConfigKeys (ConfUtils.java:logGet(43)) - raft.server.rpc.timeout.max = 5200ms (custom)
2019-09-25 05:56:16,508 [pool-67-thread-1] INFO  server.RaftServerConfigKeys (ConfUtils.java:logGet(43)) - raft.server.rpcslowness.timeout = 120s (custom)
2019-09-25 05:56:16,508 [pool-67-thread-1] INFO  server.RaftServerConfigKeys (ConfUtils.java:logGet(43)) - raft.server.sleep.deviation.threshold = 300 (default)
2019-09-25 05:56:16,508 [pool-67-thread-1] INFO  server.RaftServerConfigKeys (ConfUtils.java:logGet(43)) - raft.server.log.appender.install.snapshot.enabled = false (custom)
2019-09-25 05:56:16,508 [pool-67-thread-1] INFO  impl.RaftServerImpl (ServerState.java:<init>(103)) - 18c2403b-6685-48ec-8e85-5146801ccf7c@group-204810719937: ConfigurationManager, init=-1: [18c2403b-6685-48ec-8e85-5146801ccf7c:192.168.5.161:33856], old=null, confs=<EMPTY_MAP>
2019-09-25 05:56:16,508 [pool-67-thread-1] INFO  server.RaftServerConfigKeys (ConfUtils.java:logGet(43)) - raft.server.storage.dir = [/workdir/hadoop-ozone/tools/target/test-dir/MiniOzoneClusterImpl-a0b92c19-88eb-4192-8b6a-de7e7575cfd2/datanode-4/data/ratis] (custom)
2019-09-25 05:56:16,508 [pool-67-thread-1] INFO  storage.RaftStorageDirectory (RaftStorageDirectory.java:analyzeStorage(246)) - The storage directory /workdir/hadoop-ozone/tools/target/test-dir/MiniOzoneClusterImpl-a0b92c19-88eb-4192-8b6a-de7e7575cfd2/datanode-4/data/ratis/859e686b-1115-4acb-98f9-204810719937 does not exist. Creating ...
2019-09-25 05:56:16,521 [pool-67-thread-1] INFO  storage.RaftStorageDirectory (RaftStorageDirectory.java:tryLock(328)) - Lock on /workdir/hadoop-ozone/tools/target/test-dir/MiniOzoneClusterImpl-a0b92c19-88eb-4192-8b6a-de7e7575cfd2/datanode-4/data/ratis/859e686b-1115-4acb-98f9-204810719937/in_use.lock acquired by nodename 23280@pr-hdds-1569-zxpks-796972592
2019-09-25 05:56:16,534 [pool-67-thread-1] INFO  storage.RaftStorage (RaftStorage.java:format(72)) - Storage directory /workdir/hadoop-ozone/tools/target/test-dir/MiniOzoneClusterImpl-a0b92c19-88eb-4192-8b6a-de7e7575cfd2/datanode-4/data/ratis/859e686b-1115-4acb-98f9-204810719937 has been successfully formatted.
2019-09-25 05:56:16,534 [pool-67-thread-1] INFO  ratis.ContainerStateMachine (ContainerStateMachine.java:loadSnapshot(230)) - group-204810719937: The snapshot info is null. Setting the last applied indexto:(t:0, i:~)
2019-09-25 05:56:16,534 [pool-67-thread-1] INFO  server.RaftServerConfigKeys (ConfUtils.java:logGet(43)) - raft.server.notification.no-leader.timeout = 120s (custom)
2019-09-25 05:56:16,534 [pool-67-thread-1] INFO  server.RaftServerConfigKeys (ConfUtils.java:logGet(43)) - raft.server.log.use.memory = false (default)
2019-09-25 05:56:16,534 [pool-67-thread-1] INFO  server.RaftServerConfigKeys (ConfUtils.java:logGet(43)) - raft.server.log.purge.gap = 1000000 (custom)
2019-09-25 05:56:16,535 [pool-67-thread-1] INFO  server.RaftServerConfigKeys (ConfUtils.java:logGet(43)) - raft.server.log.appender.buffer.byte-limit = 33554432 (custom)
2019-09-25 05:56:16,535 [pool-67-thread-1] INFO  server.RaftServerConfigKeys (ConfUtils.java:logGet(43)) - raft.server.log.segment.size.max = 1048576 (custom)
2019-09-25 05:56:16,535 [pool-67-thread-1] INFO  server.RaftServerConfigKeys (ConfUtils.java:logGet(43)) - raft.server.log.segment.cache.num.max = 2 (custom)
2019-09-25 05:56:16,535 [pool-67-thread-1] INFO  segmented.SegmentedRaftLogWorker (SegmentedRaftLogWorker.java:<init>(172)) - new 18c2403b-6685-48ec-8e85-5146801ccf7c@group-204810719937-SegmentedRaftLogWorker for RaftStorage:Storage Directory /workdir/hadoop-ozone/tools/target/test-dir/MiniOzoneClusterImpl-a0b92c19-88eb-4192-8b6a-de7e7575cfd2/datanode-4/data/ratis/859e686b-1115-4acb-98f9-204810719937
2019-09-25 05:56:16,535 [pool-67-thread-1] INFO  server.RaftServerConfigKeys (ConfUtils.java:logGet(43)) - raft.server.log.queue.byte-limit = 2147483647 (custom)
2019-09-25 05:56:16,535 [pool-67-thread-1] INFO  server.RaftServerConfigKeys (ConfUtils.java:logGet(43)) - raft.server.log.queue.element-limit = 1024 (custom)
2019-09-25 05:56:16,535 [pool-67-thread-1] INFO  server.RaftServerConfigKeys (ConfUtils.java:logGet(43)) - raft.server.log.segment.size.max = 1048576 (custom)
2019-09-25 05:56:16,536 [pool-67-thread-1] INFO  server.RaftServerConfigKeys (ConfUtils.java:logGet(43)) - raft.server.log.preallocated.size = 16384 (custom)
2019-09-25 05:56:16,536 [pool-67-thread-1] INFO  server.RaftServerConfigKeys (ConfUtils.java:logGet(43)) - raft.server.log.write.buffer.size = 33554432 (custom)
2019-09-25 05:56:16,536 [pool-67-thread-1] INFO  server.RaftServerConfigKeys (ConfUtils.java:logGet(43)) - raft.server.log.force.sync.num = 128 (default)
2019-09-25 05:56:16,536 [pool-67-thread-1] INFO  server.RaftServerConfigKeys (ConfUtils.java:logGet(43)) - raft.server.log.statemachine.data.sync = true (default)
2019-09-25 05:56:16,536 [pool-67-thread-1] INFO  server.RaftServerConfigKeys (ConfUtils.java:logGet(43)) - raft.server.log.statemachine.data.sync.timeout = 10s (default)
2019-09-25 05:56:16,536 [pool-67-thread-1] INFO  server.RaftServerConfigKeys (ConfUtils.java:logGet(43)) - raft.server.log.statemachine.data.sync.timeout.retry = -1 (default)
2019-09-25 05:56:16,536 [pool-67-thread-1] INFO  server.RaftServerConfigKeys (ConfUtils.java:logGet(43)) - raft.server.log.statemachine.data.caching.enabled = true (custom)
2019-09-25 05:56:16,537 [pool-67-thread-1] INFO  segmented.SegmentedRaftLogWorker (SegmentedRaftLogWorker.java:lambda$new$0(132)) - 18c2403b-6685-48ec-8e85-5146801ccf7c@group-204810719937-SegmentedRaftLogWorker: flushIndex: setUnconditionally 0 -> -1
2019-09-25 05:56:16,537 [pool-67-thread-1] INFO  server.RaftServerConfigKeys (ConfUtils.java:logGet(43)) - raft.server.snapshot.auto.trigger.enabled = true (custom)
2019-09-25 05:56:16,537 [pool-67-thread-1] INFO  server.RaftServerConfigKeys (ConfUtils.java:logGet(43)) - raft.server.snapshot.auto.trigger.threshold = 10000 (custom)
2019-09-25 05:56:16,537 [pool-67-thread-1] INFO  server.RaftServerConfigKeys (ConfUtils.java:logGet(43)) - raft.server.snapshot.retention.num.files = 5 (custom)
2019-09-25 05:56:16,537 [pool-67-thread-1] INFO  server.RaftServerConfigKeys (ConfUtils.java:logGet(43)) - raft.server.retrycache.expirytime = 600000ms (custom)
2019-09-25 05:56:16,540 [pool-67-thread-1] INFO  impl.RaftServerImpl (RaftServerImpl.java:start(185)) - 18c2403b-6685-48ec-8e85-5146801ccf7c@group-204810719937: start as a follower, conf=-1: [18c2403b-6685-48ec-8e85-5146801ccf7c:192.168.5.161:33856], old=null
2019-09-25 05:56:16,540 [pool-67-thread-1] INFO  impl.RaftServerImpl (RaftServerImpl.java:setRole(174)) - 18c2403b-6685-48ec-8e85-5146801ccf7c@group-204810719937: changes role from      null to FOLLOWER at term 0 for startAsFollower
2019-09-25 05:56:16,540 [pool-67-thread-1] INFO  impl.RoleInfo (RoleInfo.java:updateAndGet(143)) - 18c2403b-6685-48ec-8e85-5146801ccf7c: start FollowerState
2019-09-25 05:56:16,540 [pool-67-thread-1] INFO  util.JmxRegister (JmxRegister.java:tryRegister(44)) - Successfully registered JMX Bean with object name Ratis:service=RaftServer,group=group-204810719937,id=18c2403b-6685-48ec-8e85-5146801ccf7c
2019-09-25 05:56:16,545 [RatisPipelineUtilsThread] INFO  pipeline.PipelineStateManager (PipelineStateManager.java:addPipeline(56)) - Created pipeline Pipeline[ Id: 859e686b-1115-4acb-98f9-204810719937, Nodes: 18c2403b-6685-48ec-8e85-5146801ccf7c{ip: 192.168.5.161, host: pr-hdds-1569-zxpks-796972592, networkLocation: /default-rack, certSerialId: null}, Type:RATIS, Factor:ONE, State:OPEN]
2019-09-25 05:56:16,571 [grpc-default-executor-0] INFO  impl.RaftServerProxy (RaftServerProxy.java:addNew(89)) - 90309ab8-5448-4aca-b95f-8fb3fc665c41: addNew group-42A4B291CB0C:[90309ab8-5448-4aca-b95f-8fb3fc665c41:192.168.5.161:32851] returns group-42A4B291CB0C:java.util.concurrent.CompletableFuture@6330aabe[Not completed]
2019-09-25 05:56:16,572 [pool-37-thread-1] INFO  impl.RaftServerImpl (RaftServerImpl.java:<init>(95)) - 90309ab8-5448-4aca-b95f-8fb3fc665c41: new RaftServerImpl for group-42A4B291CB0C:[90309ab8-5448-4aca-b95f-8fb3fc665c41:192.168.5.161:32851] with ContainerStateMachine:uninitialized
2019-09-25 05:56:16,573 [pool-37-thread-1] INFO  server.RaftServerConfigKeys (ConfUtils.java:logGet(43)) - raft.server.rpc.timeout.min = 5s (custom)
2019-09-25 05:56:16,573 [pool-37-thread-1] INFO  server.RaftServerConfigKeys (ConfUtils.java:logGet(43)) - raft.server.rpc.timeout.max = 5200ms (custom)
2019-09-25 05:56:16,573 [pool-37-thread-1] INFO  server.RaftServerConfigKeys (ConfUtils.java:logGet(43)) - raft.server.rpcslowness.timeout = 120s (custom)
2019-09-25 05:56:16,573 [pool-37-thread-1] INFO  server.RaftServerConfigKeys (ConfUtils.java:logGet(43)) - raft.server.sleep.deviation.threshold = 300 (default)
2019-09-25 05:56:16,573 [pool-37-thread-1] INFO  server.RaftServerConfigKeys (ConfUtils.java:logGet(43)) - raft.server.log.appender.install.snapshot.enabled = false (custom)
2019-09-25 05:56:16,573 [pool-37-thread-1] INFO  impl.RaftServerImpl (ServerState.java:<init>(103)) - 90309ab8-5448-4aca-b95f-8fb3fc665c41@group-42A4B291CB0C: ConfigurationManager, init=-1: [90309ab8-5448-4aca-b95f-8fb3fc665c41:192.168.5.161:32851], old=null, confs=<EMPTY_MAP>
2019-09-25 05:56:16,574 [pool-37-thread-1] INFO  server.RaftServerConfigKeys (ConfUtils.java:logGet(43)) - raft.server.storage.dir = [/workdir/hadoop-ozone/tools/target/test-dir/MiniOzoneClusterImpl-a0b92c19-88eb-4192-8b6a-de7e7575cfd2/datanode-1/data/ratis] (custom)
2019-09-25 05:56:16,574 [pool-37-thread-1] INFO  storage.RaftStorageDirectory (RaftStorageDirectory.java:analyzeStorage(246)) - The storage directory /workdir/hadoop-ozone/tools/target/test-dir/MiniOzoneClusterImpl-a0b92c19-88eb-4192-8b6a-de7e7575cfd2/datanode-1/data/ratis/1ee3176d-2be2-433a-949e-42a4b291cb0c does not exist. Creating ...
2019-09-25 05:56:16,599 [pool-37-thread-1] INFO  storage.RaftStorageDirectory (RaftStorageDirectory.java:tryLock(328)) - Lock on /workdir/hadoop-ozone/tools/target/test-dir/MiniOzoneClusterImpl-a0b92c19-88eb-4192-8b6a-de7e7575cfd2/datanode-1/data/ratis/1ee3176d-2be2-433a-949e-42a4b291cb0c/in_use.lock acquired by nodename 23280@pr-hdds-1569-zxpks-796972592
2019-09-25 05:56:16,617 [pool-37-thread-1] INFO  storage.RaftStorage (RaftStorage.java:format(72)) - Storage directory /workdir/hadoop-ozone/tools/target/test-dir/MiniOzoneClusterImpl-a0b92c19-88eb-4192-8b6a-de7e7575cfd2/datanode-1/data/ratis/1ee3176d-2be2-433a-949e-42a4b291cb0c has been successfully formatted.
2019-09-25 05:56:16,618 [pool-37-thread-1] INFO  ratis.ContainerStateMachine (ContainerStateMachine.java:loadSnapshot(230)) - group-42A4B291CB0C: The snapshot info is null. Setting the last applied indexto:(t:0, i:~)
2019-09-25 05:56:16,618 [pool-37-thread-1] INFO  server.RaftServerConfigKeys (ConfUtils.java:logGet(43)) - raft.server.notification.no-leader.timeout = 120s (custom)
2019-09-25 05:56:16,618 [pool-37-thread-1] INFO  server.RaftServerConfigKeys (ConfUtils.java:logGet(43)) - raft.server.log.use.memory = false (default)
2019-09-25 05:56:16,618 [pool-37-thread-1] INFO  server.RaftServerConfigKeys (ConfUtils.java:logGet(43)) - raft.server.log.purge.gap = 1000000 (custom)
2019-09-25 05:56:16,618 [pool-37-thread-1] INFO  server.RaftServerConfigKeys (ConfUtils.java:logGet(43)) - raft.server.log.appender.buffer.byte-limit = 33554432 (custom)
2019-09-25 05:56:16,618 [pool-37-thread-1] INFO  server.RaftServerConfigKeys (ConfUtils.java:logGet(43)) - raft.server.log.segment.size.max = 1048576 (custom)
2019-09-25 05:56:16,619 [pool-37-thread-1] INFO  server.RaftServerConfigKeys (ConfUtils.java:logGet(43)) - raft.server.log.segment.cache.num.max = 2 (custom)
2019-09-25 05:56:16,619 [pool-37-thread-1] INFO  segmented.SegmentedRaftLogWorker (SegmentedRaftLogWorker.java:<init>(172)) - new 90309ab8-5448-4aca-b95f-8fb3fc665c41@group-42A4B291CB0C-SegmentedRaftLogWorker for RaftStorage:Storage Directory /workdir/hadoop-ozone/tools/target/test-dir/MiniOzoneClusterImpl-a0b92c19-88eb-4192-8b6a-de7e7575cfd2/datanode-1/data/ratis/1ee3176d-2be2-433a-949e-42a4b291cb0c
2019-09-25 05:56:16,619 [pool-37-thread-1] INFO  server.RaftServerConfigKeys (ConfUtils.java:logGet(43)) - raft.server.log.queue.byte-limit = 2147483647 (custom)
2019-09-25 05:56:16,619 [pool-37-thread-1] INFO  server.RaftServerConfigKeys (ConfUtils.java:logGet(43)) - raft.server.log.queue.element-limit = 1024 (custom)
2019-09-25 05:56:16,619 [pool-37-thread-1] INFO  server.RaftServerConfigKeys (ConfUtils.java:logGet(43)) - raft.server.log.segment.size.max = 1048576 (custom)
2019-09-25 05:56:16,619 [pool-37-thread-1] INFO  server.RaftServerConfigKeys (ConfUtils.java:logGet(43)) - raft.server.log.preallocated.size = 16384 (custom)
2019-09-25 05:56:16,620 [pool-37-thread-1] INFO  server.RaftServerConfigKeys (ConfUtils.java:logGet(43)) - raft.server.log.write.buffer.size = 33554432 (custom)
2019-09-25 05:56:16,620 [pool-37-thread-1] INFO  server.RaftServerConfigKeys (ConfUtils.java:logGet(43)) - raft.server.log.force.sync.num = 128 (default)
2019-09-25 05:56:16,620 [pool-37-thread-1] INFO  server.RaftServerConfigKeys (ConfUtils.java:logGet(43)) - raft.server.log.statemachine.data.sync = true (default)
2019-09-25 05:56:16,620 [pool-37-thread-1] INFO  server.RaftServerConfigKeys (ConfUtils.java:logGet(43)) - raft.server.log.statemachine.data.sync.timeout = 10s (default)
2019-09-25 05:56:16,620 [pool-37-thread-1] INFO  server.RaftServerConfigKeys (ConfUtils.java:logGet(43)) - raft.server.log.statemachine.data.sync.timeout.retry = -1 (default)
2019-09-25 05:56:16,622 [pool-37-thread-1] INFO  server.RaftServerConfigKeys (ConfUtils.java:logGet(43)) - raft.server.log.statemachine.data.caching.enabled = true (custom)
2019-09-25 05:56:16,623 [pool-37-thread-1] INFO  segmented.SegmentedRaftLogWorker (SegmentedRaftLogWorker.java:lambda$new$0(132)) - 90309ab8-5448-4aca-b95f-8fb3fc665c41@group-42A4B291CB0C-SegmentedRaftLogWorker: flushIndex: setUnconditionally 0 -> -1
2019-09-25 05:56:16,623 [pool-37-thread-1] INFO  server.RaftServerConfigKeys (ConfUtils.java:logGet(43)) - raft.server.snapshot.auto.trigger.enabled = true (custom)
2019-09-25 05:56:16,623 [pool-37-thread-1] INFO  server.RaftServerConfigKeys (ConfUtils.java:logGet(43)) - raft.server.snapshot.auto.trigger.threshold = 10000 (custom)
2019-09-25 05:56:16,623 [pool-37-thread-1] INFO  server.RaftServerConfigKeys (ConfUtils.java:logGet(43)) - raft.server.snapshot.retention.num.files = 5 (custom)
2019-09-25 05:56:16,624 [pool-37-thread-1] INFO  server.RaftServerConfigKeys (ConfUtils.java:logGet(43)) - raft.server.retrycache.expirytime = 600000ms (custom)
2019-09-25 05:56:16,626 [pool-37-thread-1] INFO  impl.RaftServerImpl (RaftServerImpl.java:start(185)) - 90309ab8-5448-4aca-b95f-8fb3fc665c41@group-42A4B291CB0C: start as a follower, conf=-1: [90309ab8-5448-4aca-b95f-8fb3fc665c41:192.168.5.161:32851], old=null
2019-09-25 05:56:16,626 [pool-37-thread-1] INFO  impl.RaftServerImpl (RaftServerImpl.java:setRole(174)) - 90309ab8-5448-4aca-b95f-8fb3fc665c41@group-42A4B291CB0C: changes role from      null to FOLLOWER at term 0 for startAsFollower
2019-09-25 05:56:16,626 [pool-37-thread-1] INFO  impl.RoleInfo (RoleInfo.java:updateAndGet(143)) - 90309ab8-5448-4aca-b95f-8fb3fc665c41: start FollowerState
2019-09-25 05:56:16,633 [pool-37-thread-1] INFO  util.JmxRegister (JmxRegister.java:tryRegister(44)) - Successfully registered JMX Bean with object name Ratis:service=RaftServer,group=group-42A4B291CB0C,id=90309ab8-5448-4aca-b95f-8fb3fc665c41
2019-09-25 05:56:16,649 [RatisPipelineUtilsThread] INFO  pipeline.PipelineStateManager (PipelineStateManager.java:addPipeline(56)) - Created pipeline Pipeline[ Id: 1ee3176d-2be2-433a-949e-42a4b291cb0c, Nodes: 90309ab8-5448-4aca-b95f-8fb3fc665c41{ip: 192.168.5.161, host: pr-hdds-1569-zxpks-796972592, networkLocation: /default-rack, certSerialId: null}, Type:RATIS, Factor:ONE, State:OPEN]
2019-09-25 05:56:16,661 [grpc-default-executor-0] INFO  impl.RaftServerProxy (RaftServerProxy.java:addNew(89)) - e93bb2c6-c39b-4618-a0fd-b5beeaf95472: addNew group-20F0EF5C6083:[e93bb2c6-c39b-4618-a0fd-b5beeaf95472:192.168.5.161:46002] returns group-20F0EF5C6083:java.util.concurrent.CompletableFuture@75e46bfa[Not completed]
2019-09-25 05:56:16,662 [pool-57-thread-1] INFO  impl.RaftServerImpl (RaftServerImpl.java:<init>(95)) - e93bb2c6-c39b-4618-a0fd-b5beeaf95472: new RaftServerImpl for group-20F0EF5C6083:[e93bb2c6-c39b-4618-a0fd-b5beeaf95472:192.168.5.161:46002] with ContainerStateMachine:uninitialized
2019-09-25 05:56:16,663 [pool-57-thread-1] INFO  server.RaftServerConfigKeys (ConfUtils.java:logGet(43)) - raft.server.rpc.timeout.min = 5s (custom)
2019-09-25 05:56:16,663 [pool-57-thread-1] INFO  server.RaftServerConfigKeys (ConfUtils.java:logGet(43)) - raft.server.rpc.timeout.max = 5200ms (custom)
2019-09-25 05:56:16,663 [pool-57-thread-1] INFO  server.RaftServerConfigKeys (ConfUtils.java:logGet(43)) - raft.server.rpcslowness.timeout = 120s (custom)
2019-09-25 05:56:16,663 [pool-57-thread-1] INFO  server.RaftServerConfigKeys (ConfUtils.java:logGet(43)) - raft.server.sleep.deviation.threshold = 300 (default)
2019-09-25 05:56:16,663 [pool-57-thread-1] INFO  server.RaftServerConfigKeys (ConfUtils.java:logGet(43)) - raft.server.log.appender.install.snapshot.enabled = false (custom)
2019-09-25 05:56:16,663 [pool-57-thread-1] INFO  impl.RaftServerImpl (ServerState.java:<init>(103)) - e93bb2c6-c39b-4618-a0fd-b5beeaf95472@group-20F0EF5C6083: ConfigurationManager, init=-1: [e93bb2c6-c39b-4618-a0fd-b5beeaf95472:192.168.5.161:46002], old=null, confs=<EMPTY_MAP>
2019-09-25 05:56:16,664 [pool-57-thread-1] INFO  server.RaftServerConfigKeys (ConfUtils.java:logGet(43)) - raft.server.storage.dir = [/workdir/hadoop-ozone/tools/target/test-dir/MiniOzoneClusterImpl-a0b92c19-88eb-4192-8b6a-de7e7575cfd2/datanode-3/data/ratis] (custom)
2019-09-25 05:56:16,664 [pool-57-thread-1] INFO  storage.RaftStorageDirectory (RaftStorageDirectory.java:analyzeStorage(246)) - The storage directory /workdir/hadoop-ozone/tools/target/test-dir/MiniOzoneClusterImpl-a0b92c19-88eb-4192-8b6a-de7e7575cfd2/datanode-3/data/ratis/a4c9ba82-fe04-40a4-abf5-20f0ef5c6083 does not exist. Creating ...
 0.00% |█                                                                                                    |  0/1 Time: 0:00:022019-09-25 05:56:16,677 [pool-57-thread-1] INFO  storage.RaftStorageDirectory (RaftStorageDirectory.java:tryLock(328)) - Lock on /workdir/hadoop-ozone/tools/target/test-dir/MiniOzoneClusterImpl-a0b92c19-88eb-4192-8b6a-de7e7575cfd2/datanode-3/data/ratis/a4c9ba82-fe04-40a4-abf5-20f0ef5c6083/in_use.lock acquired by nodename 23280@pr-hdds-1569-zxpks-796972592
2019-09-25 05:56:16,690 [pool-57-thread-1] INFO  storage.RaftStorage (RaftStorage.java:format(72)) - Storage directory /workdir/hadoop-ozone/tools/target/test-dir/MiniOzoneClusterImpl-a0b92c19-88eb-4192-8b6a-de7e7575cfd2/datanode-3/data/ratis/a4c9ba82-fe04-40a4-abf5-20f0ef5c6083 has been successfully formatted.
2019-09-25 05:56:16,690 [pool-57-thread-1] INFO  ratis.ContainerStateMachine (ContainerStateMachine.java:loadSnapshot(230)) - group-20F0EF5C6083: The snapshot info is null. Setting the last applied indexto:(t:0, i:~)
2019-09-25 05:56:16,691 [pool-57-thread-1] INFO  server.RaftServerConfigKeys (ConfUtils.java:logGet(43)) - raft.server.notification.no-leader.timeout = 120s (custom)
2019-09-25 05:56:16,691 [pool-57-thread-1] INFO  server.RaftServerConfigKeys (ConfUtils.java:logGet(43)) - raft.server.log.use.memory = false (default)
2019-09-25 05:56:16,691 [pool-57-thread-1] INFO  server.RaftServerConfigKeys (ConfUtils.java:logGet(43)) - raft.server.log.purge.gap = 1000000 (custom)
2019-09-25 05:56:16,691 [pool-57-thread-1] INFO  server.RaftServerConfigKeys (ConfUtils.java:logGet(43)) - raft.server.log.appender.buffer.byte-limit = 33554432 (custom)
2019-09-25 05:56:16,691 [pool-57-thread-1] INFO  server.RaftServerConfigKeys (ConfUtils.java:logGet(43)) - raft.server.log.segment.size.max = 1048576 (custom)
2019-09-25 05:56:16,692 [pool-57-thread-1] INFO  server.RaftServerConfigKeys (ConfUtils.java:logGet(43)) - raft.server.log.segment.cache.num.max = 2 (custom)
2019-09-25 05:56:16,692 [pool-57-thread-1] INFO  segmented.SegmentedRaftLogWorker (SegmentedRaftLogWorker.java:<init>(172)) - new e93bb2c6-c39b-4618-a0fd-b5beeaf95472@group-20F0EF5C6083-SegmentedRaftLogWorker for RaftStorage:Storage Directory /workdir/hadoop-ozone/tools/target/test-dir/MiniOzoneClusterImpl-a0b92c19-88eb-4192-8b6a-de7e7575cfd2/datanode-3/data/ratis/a4c9ba82-fe04-40a4-abf5-20f0ef5c6083
2019-09-25 05:56:16,692 [pool-57-thread-1] INFO  server.RaftServerConfigKeys (ConfUtils.java:logGet(43)) - raft.server.log.queue.byte-limit = 2147483647 (custom)
2019-09-25 05:56:16,692 [pool-57-thread-1] INFO  server.RaftServerConfigKeys (ConfUtils.java:logGet(43)) - raft.server.log.queue.element-limit = 1024 (custom)
2019-09-25 05:56:16,692 [pool-57-thread-1] INFO  server.RaftServerConfigKeys (ConfUtils.java:logGet(43)) - raft.server.log.segment.size.max = 1048576 (custom)
2019-09-25 05:56:16,692 [pool-57-thread-1] INFO  server.RaftServerConfigKeys (ConfUtils.java:logGet(43)) - raft.server.log.preallocated.size = 16384 (custom)
2019-09-25 05:56:16,693 [pool-57-thread-1] INFO  server.RaftServerConfigKeys (ConfUtils.java:logGet(43)) - raft.server.log.write.buffer.size = 33554432 (custom)
2019-09-25 05:56:16,693 [pool-57-thread-1] INFO  server.RaftServerConfigKeys (ConfUtils.java:logGet(43)) - raft.server.log.force.sync.num = 128 (default)
2019-09-25 05:56:16,693 [pool-57-thread-1] INFO  server.RaftServerConfigKeys (ConfUtils.java:logGet(43)) - raft.server.log.statemachine.data.sync = true (default)
2019-09-25 05:56:16,693 [pool-57-thread-1] INFO  server.RaftServerConfigKeys (ConfUtils.java:logGet(43)) - raft.server.log.statemachine.data.sync.timeout = 10s (default)
2019-09-25 05:56:16,693 [pool-57-thread-1] INFO  server.RaftServerConfigKeys (ConfUtils.java:logGet(43)) - raft.server.log.statemachine.data.sync.timeout.retry = -1 (default)
2019-09-25 05:56:16,694 [pool-57-thread-1] INFO  server.RaftServerConfigKeys (ConfUtils.java:logGet(43)) - raft.server.log.statemachine.data.caching.enabled = true (custom)
2019-09-25 05:56:16,694 [pool-57-thread-1] INFO  segmented.SegmentedRaftLogWorker (SegmentedRaftLogWorker.java:lambda$new$0(132)) - e93bb2c6-c39b-4618-a0fd-b5beeaf95472@group-20F0EF5C6083-SegmentedRaftLogWorker: flushIndex: setUnconditionally 0 -> -1
2019-09-25 05:56:16,694 [pool-57-thread-1] INFO  server.RaftServerConfigKeys (ConfUtils.java:logGet(43)) - raft.server.snapshot.auto.trigger.enabled = true (custom)
2019-09-25 05:56:16,694 [pool-57-thread-1] INFO  server.RaftServerConfigKeys (ConfUtils.java:logGet(43)) - raft.server.snapshot.auto.trigger.threshold = 10000 (custom)
2019-09-25 05:56:16,695 [pool-57-thread-1] INFO  server.RaftServerConfigKeys (ConfUtils.java:logGet(43)) - raft.server.snapshot.retention.num.files = 5 (custom)
2019-09-25 05:56:16,695 [pool-57-thread-1] INFO  server.RaftServerConfigKeys (ConfUtils.java:logGet(43)) - raft.server.retrycache.expirytime = 600000ms (custom)
2019-09-25 05:56:16,698 [pool-57-thread-1] INFO  impl.RaftServerImpl (RaftServerImpl.java:start(185)) - e93bb2c6-c39b-4618-a0fd-b5beeaf95472@group-20F0EF5C6083: start as a follower, conf=-1: [e93bb2c6-c39b-4618-a0fd-b5beeaf95472:192.168.5.161:46002], old=null
2019-09-25 05:56:16,698 [pool-57-thread-1] INFO  impl.RaftServerImpl (RaftServerImpl.java:setRole(174)) - e93bb2c6-c39b-4618-a0fd-b5beeaf95472@group-20F0EF5C6083: changes role from      null to FOLLOWER at term 0 for startAsFollower
2019-09-25 05:56:16,698 [pool-57-thread-1] INFO  impl.RoleInfo (RoleInfo.java:updateAndGet(143)) - e93bb2c6-c39b-4618-a0fd-b5beeaf95472: start FollowerState
2019-09-25 05:56:16,698 [pool-57-thread-1] INFO  util.JmxRegister (JmxRegister.java:tryRegister(44)) - Successfully registered JMX Bean with object name Ratis:service=RaftServer,group=group-20F0EF5C6083,id=e93bb2c6-c39b-4618-a0fd-b5beeaf95472
2019-09-25 05:56:16,704 [RatisPipelineUtilsThread] INFO  pipeline.PipelineStateManager (PipelineStateManager.java:addPipeline(56)) - Created pipeline Pipeline[ Id: a4c9ba82-fe04-40a4-abf5-20f0ef5c6083, Nodes: e93bb2c6-c39b-4618-a0fd-b5beeaf95472{ip: 192.168.5.161, host: pr-hdds-1569-zxpks-796972592, networkLocation: /default-rack, certSerialId: null}, Type:RATIS, Factor:ONE, State:OPEN]
2019-09-25 05:56:16,714 [grpc-default-executor-0] INFO  impl.RaftServerProxy (RaftServerProxy.java:addNew(89)) - 90309ab8-5448-4aca-b95f-8fb3fc665c41: addNew group-D7D7CC1E3E25:[90309ab8-5448-4aca-b95f-8fb3fc665c41:192.168.5.161:32851] returns group-D7D7CC1E3E25:java.util.concurrent.CompletableFuture@61ad282f[Not completed]
2019-09-25 05:56:16,716 [pool-37-thread-1] INFO  impl.RaftServerImpl (RaftServerImpl.java:<init>(95)) - 90309ab8-5448-4aca-b95f-8fb3fc665c41: new RaftServerImpl for group-D7D7CC1E3E25:[90309ab8-5448-4aca-b95f-8fb3fc665c41:192.168.5.161:32851] with ContainerStateMachine:uninitialized
2019-09-25 05:56:16,716 [pool-37-thread-1] INFO  server.RaftServerConfigKeys (ConfUtils.java:logGet(43)) - raft.server.rpc.timeout.min = 5s (custom)
2019-09-25 05:56:16,716 [pool-37-thread-1] INFO  server.RaftServerConfigKeys (ConfUtils.java:logGet(43)) - raft.server.rpc.timeout.max = 5200ms (custom)
2019-09-25 05:56:16,717 [pool-37-thread-1] INFO  server.RaftServerConfigKeys (ConfUtils.java:logGet(43)) - raft.server.rpcslowness.timeout = 120s (custom)
2019-09-25 05:56:16,717 [pool-37-thread-1] INFO  server.RaftServerConfigKeys (ConfUtils.java:logGet(43)) - raft.server.sleep.deviation.threshold = 300 (default)
2019-09-25 05:56:16,717 [pool-37-thread-1] INFO  server.RaftServerConfigKeys (ConfUtils.java:logGet(43)) - raft.server.log.appender.install.snapshot.enabled = false (custom)
2019-09-25 05:56:16,717 [pool-37-thread-1] INFO  impl.RaftServerImpl (ServerState.java:<init>(103)) - 90309ab8-5448-4aca-b95f-8fb3fc665c41@group-D7D7CC1E3E25: ConfigurationManager, init=-1: [90309ab8-5448-4aca-b95f-8fb3fc665c41:192.168.5.161:32851], old=null, confs=<EMPTY_MAP>
2019-09-25 05:56:16,717 [pool-37-thread-1] INFO  server.RaftServerConfigKeys (ConfUtils.java:logGet(43)) - raft.server.storage.dir = [/workdir/hadoop-ozone/tools/target/test-dir/MiniOzoneClusterImpl-a0b92c19-88eb-4192-8b6a-de7e7575cfd2/datanode-1/data/ratis] (custom)
2019-09-25 05:56:16,718 [pool-37-thread-1] INFO  storage.RaftStorageDirectory (RaftStorageDirectory.java:analyzeStorage(246)) - The storage directory /workdir/hadoop-ozone/tools/target/test-dir/MiniOzoneClusterImpl-a0b92c19-88eb-4192-8b6a-de7e7575cfd2/datanode-1/data/ratis/d41a12a9-eb3a-4045-98d9-d7d7cc1e3e25 does not exist. Creating ...
2019-09-25 05:56:16,739 [pool-37-thread-1] INFO  storage.RaftStorageDirectory (RaftStorageDirectory.java:tryLock(328)) - Lock on /workdir/hadoop-ozone/tools/target/test-dir/MiniOzoneClusterImpl-a0b92c19-88eb-4192-8b6a-de7e7575cfd2/datanode-1/data/ratis/d41a12a9-eb3a-4045-98d9-d7d7cc1e3e25/in_use.lock acquired by nodename 23280@pr-hdds-1569-zxpks-796972592
2019-09-25 05:56:16,752 [pool-37-thread-1] INFO  storage.RaftStorage (RaftStorage.java:format(72)) - Storage directory /workdir/hadoop-ozone/tools/target/test-dir/MiniOzoneClusterImpl-a0b92c19-88eb-4192-8b6a-de7e7575cfd2/datanode-1/data/ratis/d41a12a9-eb3a-4045-98d9-d7d7cc1e3e25 has been successfully formatted.
2019-09-25 05:56:16,753 [pool-37-thread-1] INFO  ratis.ContainerStateMachine (ContainerStateMachine.java:loadSnapshot(230)) - group-D7D7CC1E3E25: The snapshot info is null. Setting the last applied indexto:(t:0, i:~)
2019-09-25 05:56:16,753 [pool-37-thread-1] INFO  server.RaftServerConfigKeys (ConfUtils.java:logGet(43)) - raft.server.notification.no-leader.timeout = 120s (custom)
2019-09-25 05:56:16,753 [pool-37-thread-1] INFO  server.RaftServerConfigKeys (ConfUtils.java:logGet(43)) - raft.server.log.use.memory = false (default)
2019-09-25 05:56:16,753 [pool-37-thread-1] INFO  server.RaftServerConfigKeys (ConfUtils.java:logGet(43)) - raft.server.log.purge.gap = 1000000 (custom)
2019-09-25 05:56:16,754 [pool-37-thread-1] INFO  server.RaftServerConfigKeys (ConfUtils.java:logGet(43)) - raft.server.log.appender.buffer.byte-limit = 33554432 (custom)
2019-09-25 05:56:16,754 [pool-37-thread-1] INFO  server.RaftServerConfigKeys (ConfUtils.java:logGet(43)) - raft.server.log.segment.size.max = 1048576 (custom)
2019-09-25 05:56:16,754 [pool-37-thread-1] INFO  server.RaftServerConfigKeys (ConfUtils.java:logGet(43)) - raft.server.log.segment.cache.num.max = 2 (custom)
2019-09-25 05:56:16,754 [pool-37-thread-1] INFO  segmented.SegmentedRaftLogWorker (SegmentedRaftLogWorker.java:<init>(172)) - new 90309ab8-5448-4aca-b95f-8fb3fc665c41@group-D7D7CC1E3E25-SegmentedRaftLogWorker for RaftStorage:Storage Directory /workdir/hadoop-ozone/tools/target/test-dir/MiniOzoneClusterImpl-a0b92c19-88eb-4192-8b6a-de7e7575cfd2/datanode-1/data/ratis/d41a12a9-eb3a-4045-98d9-d7d7cc1e3e25
2019-09-25 05:56:16,754 [pool-37-thread-1] INFO  server.RaftServerConfigKeys (ConfUtils.java:logGet(43)) - raft.server.log.queue.byte-limit = 2147483647 (custom)
2019-09-25 05:56:16,754 [pool-37-thread-1] INFO  server.RaftServerConfigKeys (ConfUtils.java:logGet(43)) - raft.server.log.queue.element-limit = 1024 (custom)
2019-09-25 05:56:16,755 [pool-37-thread-1] INFO  server.RaftServerConfigKeys (ConfUtils.java:logGet(43)) - raft.server.log.segment.size.max = 1048576 (custom)
2019-09-25 05:56:16,755 [pool-37-thread-1] INFO  server.RaftServerConfigKeys (ConfUtils.java:logGet(43)) - raft.server.log.preallocated.size = 16384 (custom)
2019-09-25 05:56:16,755 [pool-37-thread-1] INFO  server.RaftServerConfigKeys (ConfUtils.java:logGet(43)) - raft.server.log.write.buffer.size = 33554432 (custom)
2019-09-25 05:56:16,755 [pool-37-thread-1] INFO  server.RaftServerConfigKeys (ConfUtils.java:logGet(43)) - raft.server.log.force.sync.num = 128 (default)
2019-09-25 05:56:16,755 [pool-37-thread-1] INFO  server.RaftServerConfigKeys (ConfUtils.java:logGet(43)) - raft.server.log.statemachine.data.sync = true (default)
2019-09-25 05:56:16,755 [pool-37-thread-1] INFO  server.RaftServerConfigKeys (ConfUtils.java:logGet(43)) - raft.server.log.statemachine.data.sync.timeout = 10s (default)
2019-09-25 05:56:16,755 [pool-37-thread-1] INFO  server.RaftServerConfigKeys (ConfUtils.java:logGet(43)) - raft.server.log.statemachine.data.sync.timeout.retry = -1 (default)
2019-09-25 05:56:16,756 [pool-37-thread-1] INFO  server.RaftServerConfigKeys (ConfUtils.java:logGet(43)) - raft.server.log.statemachine.data.caching.enabled = true (custom)
2019-09-25 05:56:16,756 [pool-37-thread-1] INFO  segmented.SegmentedRaftLogWorker (SegmentedRaftLogWorker.java:lambda$new$0(132)) - 90309ab8-5448-4aca-b95f-8fb3fc665c41@group-D7D7CC1E3E25-SegmentedRaftLogWorker: flushIndex: setUnconditionally 0 -> -1
2019-09-25 05:56:16,757 [pool-37-thread-1] INFO  server.RaftServerConfigKeys (ConfUtils.java:logGet(43)) - raft.server.snapshot.auto.trigger.enabled = true (custom)
2019-09-25 05:56:16,757 [pool-37-thread-1] INFO  server.RaftServerConfigKeys (ConfUtils.java:logGet(43)) - raft.server.snapshot.auto.trigger.threshold = 10000 (custom)
2019-09-25 05:56:16,757 [pool-37-thread-1] INFO  server.RaftServerConfigKeys (ConfUtils.java:logGet(43)) - raft.server.snapshot.retention.num.files = 5 (custom)
2019-09-25 05:56:16,757 [pool-37-thread-1] INFO  server.RaftServerConfigKeys (ConfUtils.java:logGet(43)) - raft.server.retrycache.expirytime = 600000ms (custom)
2019-09-25 05:56:16,760 [pool-37-thread-1] INFO  impl.RaftServerImpl (RaftServerImpl.java:start(185)) - 90309ab8-5448-4aca-b95f-8fb3fc665c41@group-D7D7CC1E3E25: start as a follower, conf=-1: [90309ab8-5448-4aca-b95f-8fb3fc665c41:192.168.5.161:32851], old=null
2019-09-25 05:56:16,760 [pool-37-thread-1] INFO  impl.RaftServerImpl (RaftServerImpl.java:setRole(174)) - 90309ab8-5448-4aca-b95f-8fb3fc665c41@group-D7D7CC1E3E25: changes role from      null to FOLLOWER at term 0 for startAsFollower
2019-09-25 05:56:16,760 [pool-37-thread-1] INFO  impl.RoleInfo (RoleInfo.java:updateAndGet(143)) - 90309ab8-5448-4aca-b95f-8fb3fc665c41: start FollowerState
2019-09-25 05:56:16,761 [pool-37-thread-1] INFO  util.JmxRegister (JmxRegister.java:tryRegister(44)) - Successfully registered JMX Bean with object name Ratis:service=RaftServer,group=group-D7D7CC1E3E25,id=90309ab8-5448-4aca-b95f-8fb3fc665c41
2019-09-25 05:56:16,767 [RatisPipelineUtilsThread] INFO  pipeline.PipelineStateManager (PipelineStateManager.java:addPipeline(56)) - Created pipeline Pipeline[ Id: d41a12a9-eb3a-4045-98d9-d7d7cc1e3e25, Nodes: 90309ab8-5448-4aca-b95f-8fb3fc665c41{ip: 192.168.5.161, host: pr-hdds-1569-zxpks-796972592, networkLocation: /default-rack, certSerialId: null}, Type:RATIS, Factor:ONE, State:OPEN]
2019-09-25 05:56:16,767 [RatisPipelineUtilsThread] INFO  pipeline.PipelinePlacementPolicy (PipelinePlacementPolicy.java:meetCriteria(91)) - Pipeline Placement: can't place more pipeline on heavy datanode： 90309ab8-5448-4aca-b95f-8fb3fc665c41 Heaviness: 6 limit: 5
2019-09-25 05:56:16,778 [grpc-default-executor-0] INFO  impl.RaftServerProxy (RaftServerProxy.java:addNew(89)) - 18c2403b-6685-48ec-8e85-5146801ccf7c: addNew group-2ED831098515:[18c2403b-6685-48ec-8e85-5146801ccf7c:192.168.5.161:33856] returns group-2ED831098515:java.util.concurrent.CompletableFuture@1f055e3b[Not completed]
2019-09-25 05:56:16,779 [pool-67-thread-1] INFO  impl.RaftServerImpl (RaftServerImpl.java:<init>(95)) - 18c2403b-6685-48ec-8e85-5146801ccf7c: new RaftServerImpl for group-2ED831098515:[18c2403b-6685-48ec-8e85-5146801ccf7c:192.168.5.161:33856] with ContainerStateMachine:uninitialized
2019-09-25 05:56:16,780 [pool-67-thread-1] INFO  server.RaftServerConfigKeys (ConfUtils.java:logGet(43)) - raft.server.rpc.timeout.min = 5s (custom)
2019-09-25 05:56:16,780 [pool-67-thread-1] INFO  server.RaftServerConfigKeys (ConfUtils.java:logGet(43)) - raft.server.rpc.timeout.max = 5200ms (custom)
2019-09-25 05:56:16,780 [pool-67-thread-1] INFO  server.RaftServerConfigKeys (ConfUtils.java:logGet(43)) - raft.server.rpcslowness.timeout = 120s (custom)
2019-09-25 05:56:16,780 [pool-67-thread-1] INFO  server.RaftServerConfigKeys (ConfUtils.java:logGet(43)) - raft.server.sleep.deviation.threshold = 300 (default)
2019-09-25 05:56:16,780 [pool-67-thread-1] INFO  server.RaftServerConfigKeys (ConfUtils.java:logGet(43)) - raft.server.log.appender.install.snapshot.enabled = false (custom)
2019-09-25 05:56:16,780 [pool-67-thread-1] INFO  impl.RaftServerImpl (ServerState.java:<init>(103)) - 18c2403b-6685-48ec-8e85-5146801ccf7c@group-2ED831098515: ConfigurationManager, init=-1: [18c2403b-6685-48ec-8e85-5146801ccf7c:192.168.5.161:33856], old=null, confs=<EMPTY_MAP>
2019-09-25 05:56:16,781 [pool-67-thread-1] INFO  server.RaftServerConfigKeys (ConfUtils.java:logGet(43)) - raft.server.storage.dir = [/workdir/hadoop-ozone/tools/target/test-dir/MiniOzoneClusterImpl-a0b92c19-88eb-4192-8b6a-de7e7575cfd2/datanode-4/data/ratis] (custom)
2019-09-25 05:56:16,781 [pool-67-thread-1] INFO  storage.RaftStorageDirectory (RaftStorageDirectory.java:analyzeStorage(246)) - The storage directory /workdir/hadoop-ozone/tools/target/test-dir/MiniOzoneClusterImpl-a0b92c19-88eb-4192-8b6a-de7e7575cfd2/datanode-4/data/ratis/c04ccbd8-8306-421d-979c-2ed831098515 does not exist. Creating ...
2019-09-25 05:56:16,793 [pool-67-thread-1] INFO  storage.RaftStorageDirectory (RaftStorageDirectory.java:tryLock(328)) - Lock on /workdir/hadoop-ozone/tools/target/test-dir/MiniOzoneClusterImpl-a0b92c19-88eb-4192-8b6a-de7e7575cfd2/datanode-4/data/ratis/c04ccbd8-8306-421d-979c-2ed831098515/in_use.lock acquired by nodename 23280@pr-hdds-1569-zxpks-796972592
2019-09-25 05:56:16,806 [pool-67-thread-1] INFO  storage.RaftStorage (RaftStorage.java:format(72)) - Storage directory /workdir/hadoop-ozone/tools/target/test-dir/MiniOzoneClusterImpl-a0b92c19-88eb-4192-8b6a-de7e7575cfd2/datanode-4/data/ratis/c04ccbd8-8306-421d-979c-2ed831098515 has been successfully formatted.
2019-09-25 05:56:16,806 [pool-67-thread-1] INFO  ratis.ContainerStateMachine (ContainerStateMachine.java:loadSnapshot(230)) - group-2ED831098515: The snapshot info is null. Setting the last applied indexto:(t:0, i:~)
2019-09-25 05:56:16,806 [pool-67-thread-1] INFO  server.RaftServerConfigKeys (ConfUtils.java:logGet(43)) - raft.server.notification.no-leader.timeout = 120s (custom)
2019-09-25 05:56:16,807 [pool-67-thread-1] INFO  server.RaftServerConfigKeys (ConfUtils.java:logGet(43)) - raft.server.log.use.memory = false (default)
2019-09-25 05:56:16,807 [pool-67-thread-1] INFO  server.RaftServerConfigKeys (ConfUtils.java:logGet(43)) - raft.server.log.purge.gap = 1000000 (custom)
2019-09-25 05:56:16,807 [pool-67-thread-1] INFO  server.RaftServerConfigKeys (ConfUtils.java:logGet(43)) - raft.server.log.appender.buffer.byte-limit = 33554432 (custom)
2019-09-25 05:56:16,807 [pool-67-thread-1] INFO  server.RaftServerConfigKeys (ConfUtils.java:logGet(43)) - raft.server.log.segment.size.max = 1048576 (custom)
2019-09-25 05:56:16,807 [pool-67-thread-1] INFO  server.RaftServerConfigKeys (ConfUtils.java:logGet(43)) - raft.server.log.segment.cache.num.max = 2 (custom)
2019-09-25 05:56:16,807 [pool-67-thread-1] INFO  segmented.SegmentedRaftLogWorker (SegmentedRaftLogWorker.java:<init>(172)) - new 18c2403b-6685-48ec-8e85-5146801ccf7c@group-2ED831098515-SegmentedRaftLogWorker for RaftStorage:Storage Directory /workdir/hadoop-ozone/tools/target/test-dir/MiniOzoneClusterImpl-a0b92c19-88eb-4192-8b6a-de7e7575cfd2/datanode-4/data/ratis/c04ccbd8-8306-421d-979c-2ed831098515
2019-09-25 05:56:16,807 [pool-67-thread-1] INFO  server.RaftServerConfigKeys (ConfUtils.java:logGet(43)) - raft.server.log.queue.byte-limit = 2147483647 (custom)
2019-09-25 05:56:16,807 [pool-67-thread-1] INFO  server.RaftServerConfigKeys (ConfUtils.java:logGet(43)) - raft.server.log.queue.element-limit = 1024 (custom)
2019-09-25 05:56:16,808 [pool-67-thread-1] INFO  server.RaftServerConfigKeys (ConfUtils.java:logGet(43)) - raft.server.log.segment.size.max = 1048576 (custom)
2019-09-25 05:56:16,808 [pool-67-thread-1] INFO  server.RaftServerConfigKeys (ConfUtils.java:logGet(43)) - raft.server.log.preallocated.size = 16384 (custom)
2019-09-25 05:56:16,808 [pool-67-thread-1] INFO  server.RaftServerConfigKeys (ConfUtils.java:logGet(43)) - raft.server.log.write.buffer.size = 33554432 (custom)
2019-09-25 05:56:16,808 [pool-67-thread-1] INFO  server.RaftServerConfigKeys (ConfUtils.java:logGet(43)) - raft.server.log.force.sync.num = 128 (default)
2019-09-25 05:56:16,808 [pool-67-thread-1] INFO  server.RaftServerConfigKeys (ConfUtils.java:logGet(43)) - raft.server.log.statemachine.data.sync = true (default)
2019-09-25 05:56:16,808 [pool-67-thread-1] INFO  server.RaftServerConfigKeys (ConfUtils.java:logGet(43)) - raft.server.log.statemachine.data.sync.timeout = 10s (default)
2019-09-25 05:56:16,808 [pool-67-thread-1] INFO  server.RaftServerConfigKeys (ConfUtils.java:logGet(43)) - raft.server.log.statemachine.data.sync.timeout.retry = -1 (default)
2019-09-25 05:56:16,808 [pool-67-thread-1] INFO  server.RaftServerConfigKeys (ConfUtils.java:logGet(43)) - raft.server.log.statemachine.data.caching.enabled = true (custom)
2019-09-25 05:56:16,809 [pool-67-thread-1] INFO  segmented.SegmentedRaftLogWorker (SegmentedRaftLogWorker.java:lambda$new$0(132)) - 18c2403b-6685-48ec-8e85-5146801ccf7c@group-2ED831098515-SegmentedRaftLogWorker: flushIndex: setUnconditionally 0 -> -1
2019-09-25 05:56:16,809 [pool-67-thread-1] INFO  server.RaftServerConfigKeys (ConfUtils.java:logGet(43)) - raft.server.snapshot.auto.trigger.enabled = true (custom)
2019-09-25 05:56:16,809 [pool-67-thread-1] INFO  server.RaftServerConfigKeys (ConfUtils.java:logGet(43)) - raft.server.snapshot.auto.trigger.threshold = 10000 (custom)
2019-09-25 05:56:16,809 [pool-67-thread-1] INFO  server.RaftServerConfigKeys (ConfUtils.java:logGet(43)) - raft.server.snapshot.retention.num.files = 5 (custom)
2019-09-25 05:56:16,809 [pool-67-thread-1] INFO  server.RaftServerConfigKeys (ConfUtils.java:logGet(43)) - raft.server.retrycache.expirytime = 600000ms (custom)
2019-09-25 05:56:16,811 [pool-67-thread-1] INFO  impl.RaftServerImpl (RaftServerImpl.java:start(185)) - 18c2403b-6685-48ec-8e85-5146801ccf7c@group-2ED831098515: start as a follower, conf=-1: [18c2403b-6685-48ec-8e85-5146801ccf7c:192.168.5.161:33856], old=null
2019-09-25 05:56:16,811 [pool-67-thread-1] INFO  impl.RaftServerImpl (RaftServerImpl.java:setRole(174)) - 18c2403b-6685-48ec-8e85-5146801ccf7c@group-2ED831098515: changes role from      null to FOLLOWER at term 0 for startAsFollower
2019-09-25 05:56:16,812 [pool-67-thread-1] INFO  impl.RoleInfo (RoleInfo.java:updateAndGet(143)) - 18c2403b-6685-48ec-8e85-5146801ccf7c: start FollowerState
2019-09-25 05:56:16,812 [pool-67-thread-1] INFO  util.JmxRegister (JmxRegister.java:tryRegister(44)) - Successfully registered JMX Bean with object name Ratis:service=RaftServer,group=group-2ED831098515,id=18c2403b-6685-48ec-8e85-5146801ccf7c
2019-09-25 05:56:16,817 [RatisPipelineUtilsThread] INFO  pipeline.PipelineStateManager (PipelineStateManager.java:addPipeline(56)) - Created pipeline Pipeline[ Id: c04ccbd8-8306-421d-979c-2ed831098515, Nodes: 18c2403b-6685-48ec-8e85-5146801ccf7c{ip: 192.168.5.161, host: pr-hdds-1569-zxpks-796972592, networkLocation: /default-rack, certSerialId: null}, Type:RATIS, Factor:ONE, State:OPEN]
2019-09-25 05:56:16,817 [RatisPipelineUtilsThread] INFO  pipeline.PipelinePlacementPolicy (PipelinePlacementPolicy.java:meetCriteria(91)) - Pipeline Placement: can't place more pipeline on heavy datanode： 90309ab8-5448-4aca-b95f-8fb3fc665c41 Heaviness: 6 limit: 5
2019-09-25 05:56:16,817 [RatisPipelineUtilsThread] INFO  pipeline.PipelinePlacementPolicy (PipelinePlacementPolicy.java:meetCriteria(91)) - Pipeline Placement: can't place more pipeline on heavy datanode： 18c2403b-6685-48ec-8e85-5146801ccf7c Heaviness: 6 limit: 5
2019-09-25 05:56:16,833 [grpc-default-executor-0] INFO  impl.RaftServerProxy (RaftServerProxy.java:addNew(89)) - f4bb89bf-b4cb-46d2-895a-458b0eef1f65: addNew group-A4393425FA3E:[f4bb89bf-b4cb-46d2-895a-458b0eef1f65:192.168.5.161:44648] returns group-A4393425FA3E:java.util.concurrent.CompletableFuture@60811cf1[Not completed]
2019-09-25 05:56:16,834 [pool-47-thread-1] INFO  impl.RaftServerImpl (RaftServerImpl.java:<init>(95)) - f4bb89bf-b4cb-46d2-895a-458b0eef1f65: new RaftServerImpl for group-A4393425FA3E:[f4bb89bf-b4cb-46d2-895a-458b0eef1f65:192.168.5.161:44648] with ContainerStateMachine:uninitialized
2019-09-25 05:56:16,834 [pool-47-thread-1] INFO  server.RaftServerConfigKeys (ConfUtils.java:logGet(43)) - raft.server.rpc.timeout.min = 5s (custom)
2019-09-25 05:56:16,840 [pool-47-thread-1] INFO  server.RaftServerConfigKeys (ConfUtils.java:logGet(43)) - raft.server.rpc.timeout.max = 5200ms (custom)
2019-09-25 05:56:16,841 [pool-47-thread-1] INFO  server.RaftServerConfigKeys (ConfUtils.java:logGet(43)) - raft.server.rpcslowness.timeout = 120s (custom)
2019-09-25 05:56:16,841 [pool-47-thread-1] INFO  server.RaftServerConfigKeys (ConfUtils.java:logGet(43)) - raft.server.sleep.deviation.threshold = 300 (default)
2019-09-25 05:56:16,841 [pool-47-thread-1] INFO  server.RaftServerConfigKeys (ConfUtils.java:logGet(43)) - raft.server.log.appender.install.snapshot.enabled = false (custom)
2019-09-25 05:56:16,841 [pool-47-thread-1] INFO  impl.RaftServerImpl (ServerState.java:<init>(103)) - f4bb89bf-b4cb-46d2-895a-458b0eef1f65@group-A4393425FA3E: ConfigurationManager, init=-1: [f4bb89bf-b4cb-46d2-895a-458b0eef1f65:192.168.5.161:44648], old=null, confs=<EMPTY_MAP>
2019-09-25 05:56:16,841 [pool-47-thread-1] INFO  server.RaftServerConfigKeys (ConfUtils.java:logGet(43)) - raft.server.storage.dir = [/workdir/hadoop-ozone/tools/target/test-dir/MiniOzoneClusterImpl-a0b92c19-88eb-4192-8b6a-de7e7575cfd2/datanode-2/data/ratis] (custom)
2019-09-25 05:56:16,841 [pool-47-thread-1] INFO  storage.RaftStorageDirectory (RaftStorageDirectory.java:analyzeStorage(246)) - The storage directory /workdir/hadoop-ozone/tools/target/test-dir/MiniOzoneClusterImpl-a0b92c19-88eb-4192-8b6a-de7e7575cfd2/datanode-2/data/ratis/821ce582-42dc-44ff-8727-a4393425fa3e does not exist. Creating ...
2019-09-25 05:56:16,854 [pool-47-thread-1] INFO  storage.RaftStorageDirectory (RaftStorageDirectory.java:tryLock(328)) - Lock on /workdir/hadoop-ozone/tools/target/test-dir/MiniOzoneClusterImpl-a0b92c19-88eb-4192-8b6a-de7e7575cfd2/datanode-2/data/ratis/821ce582-42dc-44ff-8727-a4393425fa3e/in_use.lock acquired by nodename 23280@pr-hdds-1569-zxpks-796972592
2019-09-25 05:56:16,873 [pool-47-thread-1] INFO  storage.RaftStorage (RaftStorage.java:format(72)) - Storage directory /workdir/hadoop-ozone/tools/target/test-dir/MiniOzoneClusterImpl-a0b92c19-88eb-4192-8b6a-de7e7575cfd2/datanode-2/data/ratis/821ce582-42dc-44ff-8727-a4393425fa3e has been successfully formatted.
2019-09-25 05:56:16,874 [pool-47-thread-1] INFO  ratis.ContainerStateMachine (ContainerStateMachine.java:loadSnapshot(230)) - group-A4393425FA3E: The snapshot info is null. Setting the last applied indexto:(t:0, i:~)
2019-09-25 05:56:16,874 [pool-47-thread-1] INFO  server.RaftServerConfigKeys (ConfUtils.java:logGet(43)) - raft.server.notification.no-leader.timeout = 120s (custom)
2019-09-25 05:56:16,874 [pool-47-thread-1] INFO  server.RaftServerConfigKeys (ConfUtils.java:logGet(43)) - raft.server.log.use.memory = false (default)
2019-09-25 05:56:16,874 [pool-47-thread-1] INFO  server.RaftServerConfigKeys (ConfUtils.java:logGet(43)) - raft.server.log.purge.gap = 1000000 (custom)
2019-09-25 05:56:16,874 [pool-47-thread-1] INFO  server.RaftServerConfigKeys (ConfUtils.java:logGet(43)) - raft.server.log.appender.buffer.byte-limit = 33554432 (custom)
2019-09-25 05:56:16,875 [pool-47-thread-1] INFO  server.RaftServerConfigKeys (ConfUtils.java:logGet(43)) - raft.server.log.segment.size.max = 1048576 (custom)
2019-09-25 05:56:16,875 [pool-47-thread-1] INFO  server.RaftServerConfigKeys (ConfUtils.java:logGet(43)) - raft.server.log.segment.cache.num.max = 2 (custom)
2019-09-25 05:56:16,875 [pool-47-thread-1] INFO  segmented.SegmentedRaftLogWorker (SegmentedRaftLogWorker.java:<init>(172)) - new f4bb89bf-b4cb-46d2-895a-458b0eef1f65@group-A4393425FA3E-SegmentedRaftLogWorker for RaftStorage:Storage Directory /workdir/hadoop-ozone/tools/target/test-dir/MiniOzoneClusterImpl-a0b92c19-88eb-4192-8b6a-de7e7575cfd2/datanode-2/data/ratis/821ce582-42dc-44ff-8727-a4393425fa3e
2019-09-25 05:56:16,875 [pool-47-thread-1] INFO  server.RaftServerConfigKeys (ConfUtils.java:logGet(43)) - raft.server.log.queue.byte-limit = 2147483647 (custom)
2019-09-25 05:56:16,875 [pool-47-thread-1] INFO  server.RaftServerConfigKeys (ConfUtils.java:logGet(43)) - raft.server.log.queue.element-limit = 1024 (custom)
2019-09-25 05:56:16,875 [pool-47-thread-1] INFO  server.RaftServerConfigKeys (ConfUtils.java:logGet(43)) - raft.server.log.segment.size.max = 1048576 (custom)
2019-09-25 05:56:16,875 [pool-47-thread-1] INFO  server.RaftServerConfigKeys (ConfUtils.java:logGet(43)) - raft.server.log.preallocated.size = 16384 (custom)
2019-09-25 05:56:16,875 [pool-47-thread-1] INFO  server.RaftServerConfigKeys (ConfUtils.java:logGet(43)) - raft.server.log.write.buffer.size = 33554432 (custom)
2019-09-25 05:56:16,876 [pool-47-thread-1] INFO  server.RaftServerConfigKeys (ConfUtils.java:logGet(43)) - raft.server.log.force.sync.num = 128 (default)
2019-09-25 05:56:16,876 [pool-47-thread-1] INFO  server.RaftServerConfigKeys (ConfUtils.java:logGet(43)) - raft.server.log.statemachine.data.sync = true (default)
2019-09-25 05:56:16,876 [pool-47-thread-1] INFO  server.RaftServerConfigKeys (ConfUtils.java:logGet(43)) - raft.server.log.statemachine.data.sync.timeout = 10s (default)
2019-09-25 05:56:16,876 [pool-47-thread-1] INFO  server.RaftServerConfigKeys (ConfUtils.java:logGet(43)) - raft.server.log.statemachine.data.sync.timeout.retry = -1 (default)
2019-09-25 05:56:16,876 [pool-47-thread-1] INFO  server.RaftServerConfigKeys (ConfUtils.java:logGet(43)) - raft.server.log.statemachine.data.caching.enabled = true (custom)
2019-09-25 05:56:16,876 [pool-47-thread-1] INFO  segmented.SegmentedRaftLogWorker (SegmentedRaftLogWorker.java:lambda$new$0(132)) - f4bb89bf-b4cb-46d2-895a-458b0eef1f65@group-A4393425FA3E-SegmentedRaftLogWorker: flushIndex: setUnconditionally 0 -> -1
2019-09-25 05:56:16,877 [pool-47-thread-1] INFO  server.RaftServerConfigKeys (ConfUtils.java:logGet(43)) - raft.server.snapshot.auto.trigger.enabled = true (custom)
2019-09-25 05:56:16,877 [pool-47-thread-1] INFO  server.RaftServerConfigKeys (ConfUtils.java:logGet(43)) - raft.server.snapshot.auto.trigger.threshold = 10000 (custom)
2019-09-25 05:56:16,877 [pool-47-thread-1] INFO  server.RaftServerConfigKeys (ConfUtils.java:logGet(43)) - raft.server.snapshot.retention.num.files = 5 (custom)
2019-09-25 05:56:16,877 [pool-47-thread-1] INFO  server.RaftServerConfigKeys (ConfUtils.java:logGet(43)) - raft.server.retrycache.expirytime = 600000ms (custom)
2019-09-25 05:56:16,879 [pool-47-thread-1] INFO  impl.RaftServerImpl (RaftServerImpl.java:start(185)) - f4bb89bf-b4cb-46d2-895a-458b0eef1f65@group-A4393425FA3E: start as a follower, conf=-1: [f4bb89bf-b4cb-46d2-895a-458b0eef1f65:192.168.5.161:44648], old=null
2019-09-25 05:56:16,880 [pool-47-thread-1] INFO  impl.RaftServerImpl (RaftServerImpl.java:setRole(174)) - f4bb89bf-b4cb-46d2-895a-458b0eef1f65@group-A4393425FA3E: changes role from      null to FOLLOWER at term 0 for startAsFollower
2019-09-25 05:56:16,880 [pool-47-thread-1] INFO  impl.RoleInfo (RoleInfo.java:updateAndGet(143)) - f4bb89bf-b4cb-46d2-895a-458b0eef1f65: start FollowerState
2019-09-25 05:56:16,880 [pool-47-thread-1] INFO  util.JmxRegister (JmxRegister.java:tryRegister(44)) - Successfully registered JMX Bean with object name Ratis:service=RaftServer,group=group-A4393425FA3E,id=f4bb89bf-b4cb-46d2-895a-458b0eef1f65
2019-09-25 05:56:16,886 [RatisPipelineUtilsThread] INFO  pipeline.PipelineStateManager (PipelineStateManager.java:addPipeline(56)) - Created pipeline Pipeline[ Id: 821ce582-42dc-44ff-8727-a4393425fa3e, Nodes: f4bb89bf-b4cb-46d2-895a-458b0eef1f65{ip: 192.168.5.161, host: pr-hdds-1569-zxpks-796972592, networkLocation: /default-rack, certSerialId: null}, Type:RATIS, Factor:ONE, State:OPEN]
2019-09-25 05:56:16,886 [RatisPipelineUtilsThread] INFO  pipeline.PipelinePlacementPolicy (PipelinePlacementPolicy.java:meetCriteria(91)) - Pipeline Placement: can't place more pipeline on heavy datanode： 90309ab8-5448-4aca-b95f-8fb3fc665c41 Heaviness: 6 limit: 5
2019-09-25 05:56:16,886 [RatisPipelineUtilsThread] INFO  pipeline.PipelinePlacementPolicy (PipelinePlacementPolicy.java:meetCriteria(91)) - Pipeline Placement: can't place more pipeline on heavy datanode： 18c2403b-6685-48ec-8e85-5146801ccf7c Heaviness: 6 limit: 5
2019-09-25 05:56:16,891 [Thread-208] INFO  container.ReplicationManager (ReplicationManager.java:start(163)) - Starting Replication Monitor Thread.
2019-09-25 05:56:16,893 [ReplicationMonitor] INFO  container.ReplicationManager (ReplicationManager.java:run(226)) - Replication Monitor Thread took 1 milliseconds for processing 0 containers.
2019-09-25 05:56:16,896 [grpc-default-executor-0] INFO  impl.RaftServerProxy (RaftServerProxy.java:addNew(89)) - e93bb2c6-c39b-4618-a0fd-b5beeaf95472: addNew group-11ED66EA0104:[e93bb2c6-c39b-4618-a0fd-b5beeaf95472:192.168.5.161:46002] returns group-11ED66EA0104:java.util.concurrent.CompletableFuture@5e99d21f[Not completed]
2019-09-25 05:56:16,897 [pool-57-thread-1] INFO  impl.RaftServerImpl (RaftServerImpl.java:<init>(95)) - e93bb2c6-c39b-4618-a0fd-b5beeaf95472: new RaftServerImpl for group-11ED66EA0104:[e93bb2c6-c39b-4618-a0fd-b5beeaf95472:192.168.5.161:46002] with ContainerStateMachine:uninitialized
2019-09-25 05:56:16,897 [pool-57-thread-1] INFO  server.RaftServerConfigKeys (ConfUtils.java:logGet(43)) - raft.server.rpc.timeout.min = 5s (custom)
2019-09-25 05:56:16,897 [pool-57-thread-1] INFO  server.RaftServerConfigKeys (ConfUtils.java:logGet(43)) - raft.server.rpc.timeout.max = 5200ms (custom)
2019-09-25 05:56:16,897 [pool-57-thread-1] INFO  server.RaftServerConfigKeys (ConfUtils.java:logGet(43)) - raft.server.rpcslowness.timeout = 120s (custom)
2019-09-25 05:56:16,898 [pool-57-thread-1] INFO  server.RaftServerConfigKeys (ConfUtils.java:logGet(43)) - raft.server.sleep.deviation.threshold = 300 (default)
2019-09-25 05:56:16,898 [pool-57-thread-1] INFO  server.RaftServerConfigKeys (ConfUtils.java:logGet(43)) - raft.server.log.appender.install.snapshot.enabled = false (custom)
2019-09-25 05:56:16,898 [pool-57-thread-1] INFO  impl.RaftServerImpl (ServerState.java:<init>(103)) - e93bb2c6-c39b-4618-a0fd-b5beeaf95472@group-11ED66EA0104: ConfigurationManager, init=-1: [e93bb2c6-c39b-4618-a0fd-b5beeaf95472:192.168.5.161:46002], old=null, confs=<EMPTY_MAP>
2019-09-25 05:56:16,898 [pool-57-thread-1] INFO  server.RaftServerConfigKeys (ConfUtils.java:logGet(43)) - raft.server.storage.dir = [/workdir/hadoop-ozone/tools/target/test-dir/MiniOzoneClusterImpl-a0b92c19-88eb-4192-8b6a-de7e7575cfd2/datanode-3/data/ratis] (custom)
2019-09-25 05:56:16,898 [pool-57-thread-1] INFO  storage.RaftStorageDirectory (RaftStorageDirectory.java:analyzeStorage(246)) - The storage directory /workdir/hadoop-ozone/tools/target/test-dir/MiniOzoneClusterImpl-a0b92c19-88eb-4192-8b6a-de7e7575cfd2/datanode-3/data/ratis/61406d86-9e81-437e-abfb-11ed66ea0104 does not exist. Creating ...
2019-09-25 05:56:16,913 [pool-57-thread-1] INFO  storage.RaftStorageDirectory (RaftStorageDirectory.java:tryLock(328)) - Lock on /workdir/hadoop-ozone/tools/target/test-dir/MiniOzoneClusterImpl-a0b92c19-88eb-4192-8b6a-de7e7575cfd2/datanode-3/data/ratis/61406d86-9e81-437e-abfb-11ed66ea0104/in_use.lock acquired by nodename 23280@pr-hdds-1569-zxpks-796972592
2019-09-25 05:56:16,926 [pool-57-thread-1] INFO  storage.RaftStorage (RaftStorage.java:format(72)) - Storage directory /workdir/hadoop-ozone/tools/target/test-dir/MiniOzoneClusterImpl-a0b92c19-88eb-4192-8b6a-de7e7575cfd2/datanode-3/data/ratis/61406d86-9e81-437e-abfb-11ed66ea0104 has been successfully formatted.
2019-09-25 05:56:16,926 [pool-57-thread-1] INFO  ratis.ContainerStateMachine (ContainerStateMachine.java:loadSnapshot(230)) - group-11ED66EA0104: The snapshot info is null. Setting the last applied indexto:(t:0, i:~)
2019-09-25 05:56:16,926 [pool-57-thread-1] INFO  server.RaftServerConfigKeys (ConfUtils.java:logGet(43)) - raft.server.notification.no-leader.timeout = 120s (custom)
2019-09-25 05:56:16,926 [pool-57-thread-1] INFO  server.RaftServerConfigKeys (ConfUtils.java:logGet(43)) - raft.server.log.use.memory = false (default)
2019-09-25 05:56:16,927 [pool-57-thread-1] INFO  server.RaftServerConfigKeys (ConfUtils.java:logGet(43)) - raft.server.log.purge.gap = 1000000 (custom)
2019-09-25 05:56:16,927 [pool-57-thread-1] INFO  server.RaftServerConfigKeys (ConfUtils.java:logGet(43)) - raft.server.log.appender.buffer.byte-limit = 33554432 (custom)
2019-09-25 05:56:16,927 [pool-57-thread-1] INFO  server.RaftServerConfigKeys (ConfUtils.java:logGet(43)) - raft.server.log.segment.size.max = 1048576 (custom)
2019-09-25 05:56:16,927 [pool-57-thread-1] INFO  server.RaftServerConfigKeys (ConfUtils.java:logGet(43)) - raft.server.log.segment.cache.num.max = 2 (custom)
2019-09-25 05:56:16,927 [pool-57-thread-1] INFO  segmented.SegmentedRaftLogWorker (SegmentedRaftLogWorker.java:<init>(172)) - new e93bb2c6-c39b-4618-a0fd-b5beeaf95472@group-11ED66EA0104-SegmentedRaftLogWorker for RaftStorage:Storage Directory /workdir/hadoop-ozone/tools/target/test-dir/MiniOzoneClusterImpl-a0b92c19-88eb-4192-8b6a-de7e7575cfd2/datanode-3/data/ratis/61406d86-9e81-437e-abfb-11ed66ea0104
2019-09-25 05:56:16,927 [pool-57-thread-1] INFO  server.RaftServerConfigKeys (ConfUtils.java:logGet(43)) - raft.server.log.queue.byte-limit = 2147483647 (custom)
2019-09-25 05:56:16,927 [pool-57-thread-1] INFO  server.RaftServerConfigKeys (ConfUtils.java:logGet(43)) - raft.server.log.queue.element-limit = 1024 (custom)
2019-09-25 05:56:16,927 [pool-57-thread-1] INFO  server.RaftServerConfigKeys (ConfUtils.java:logGet(43)) - raft.server.log.segment.size.max = 1048576 (custom)
2019-09-25 05:56:16,928 [pool-57-thread-1] INFO  server.RaftServerConfigKeys (ConfUtils.java:logGet(43)) - raft.server.log.preallocated.size = 16384 (custom)
2019-09-25 05:56:16,928 [pool-57-thread-1] INFO  server.RaftServerConfigKeys (ConfUtils.java:logGet(43)) - raft.server.log.write.buffer.size = 33554432 (custom)
2019-09-25 05:56:16,928 [pool-57-thread-1] INFO  server.RaftServerConfigKeys (ConfUtils.java:logGet(43)) - raft.server.log.force.sync.num = 128 (default)
2019-09-25 05:56:16,928 [pool-57-thread-1] INFO  server.RaftServerConfigKeys (ConfUtils.java:logGet(43)) - raft.server.log.statemachine.data.sync = true (default)
2019-09-25 05:56:16,928 [pool-57-thread-1] INFO  server.RaftServerConfigKeys (ConfUtils.java:logGet(43)) - raft.server.log.statemachine.data.sync.timeout = 10s (default)
2019-09-25 05:56:16,928 [pool-57-thread-1] INFO  server.RaftServerConfigKeys (ConfUtils.java:logGet(43)) - raft.server.log.statemachine.data.sync.timeout.retry = -1 (default)
2019-09-25 05:56:16,928 [pool-57-thread-1] INFO  server.RaftServerConfigKeys (ConfUtils.java:logGet(43)) - raft.server.log.statemachine.data.caching.enabled = true (custom)
2019-09-25 05:56:16,928 [pool-57-thread-1] INFO  segmented.SegmentedRaftLogWorker (SegmentedRaftLogWorker.java:lambda$new$0(132)) - e93bb2c6-c39b-4618-a0fd-b5beeaf95472@group-11ED66EA0104-SegmentedRaftLogWorker: flushIndex: setUnconditionally 0 -> -1
2019-09-25 05:56:16,929 [pool-57-thread-1] INFO  server.RaftServerConfigKeys (ConfUtils.java:logGet(43)) - raft.server.snapshot.auto.trigger.enabled = true (custom)
2019-09-25 05:56:16,929 [pool-57-thread-1] INFO  server.RaftServerConfigKeys (ConfUtils.java:logGet(43)) - raft.server.snapshot.auto.trigger.threshold = 10000 (custom)
2019-09-25 05:56:16,929 [pool-57-thread-1] INFO  server.RaftServerConfigKeys (ConfUtils.java:logGet(43)) - raft.server.snapshot.retention.num.files = 5 (custom)
2019-09-25 05:56:16,929 [pool-57-thread-1] INFO  server.RaftServerConfigKeys (ConfUtils.java:logGet(43)) - raft.server.retrycache.expirytime = 600000ms (custom)
2019-09-25 05:56:16,931 [pool-57-thread-1] INFO  impl.RaftServerImpl (RaftServerImpl.java:start(185)) - e93bb2c6-c39b-4618-a0fd-b5beeaf95472@group-11ED66EA0104: start as a follower, conf=-1: [e93bb2c6-c39b-4618-a0fd-b5beeaf95472:192.168.5.161:46002], old=null
2019-09-25 05:56:16,931 [pool-57-thread-1] INFO  impl.RaftServerImpl (RaftServerImpl.java:setRole(174)) - e93bb2c6-c39b-4618-a0fd-b5beeaf95472@group-11ED66EA0104: changes role from      null to FOLLOWER at term 0 for startAsFollower
2019-09-25 05:56:16,931 [pool-57-thread-1] INFO  impl.RoleInfo (RoleInfo.java:updateAndGet(143)) - e93bb2c6-c39b-4618-a0fd-b5beeaf95472: start FollowerState
2019-09-25 05:56:16,932 [pool-57-thread-1] INFO  util.JmxRegister (JmxRegister.java:tryRegister(44)) - Successfully registered JMX Bean with object name Ratis:service=RaftServer,group=group-11ED66EA0104,id=e93bb2c6-c39b-4618-a0fd-b5beeaf95472
2019-09-25 05:56:16,936 [RatisPipelineUtilsThread] INFO  pipeline.PipelineStateManager (PipelineStateManager.java:addPipeline(56)) - Created pipeline Pipeline[ Id: 61406d86-9e81-437e-abfb-11ed66ea0104, Nodes: e93bb2c6-c39b-4618-a0fd-b5beeaf95472{ip: 192.168.5.161, host: pr-hdds-1569-zxpks-796972592, networkLocation: /default-rack, certSerialId: null}, Type:RATIS, Factor:ONE, State:OPEN]
2019-09-25 05:56:16,937 [RatisPipelineUtilsThread] INFO  pipeline.PipelinePlacementPolicy (PipelinePlacementPolicy.java:meetCriteria(91)) - Pipeline Placement: can't place more pipeline on heavy datanode： 90309ab8-5448-4aca-b95f-8fb3fc665c41 Heaviness: 6 limit: 5
2019-09-25 05:56:16,937 [RatisPipelineUtilsThread] INFO  pipeline.PipelinePlacementPolicy (PipelinePlacementPolicy.java:meetCriteria(91)) - Pipeline Placement: can't place more pipeline on heavy datanode： 18c2403b-6685-48ec-8e85-5146801ccf7c Heaviness: 6 limit: 5
2019-09-25 05:56:16,947 [grpc-default-executor-0] INFO  impl.RaftServerProxy (RaftServerProxy.java:addNew(89)) - f4bb89bf-b4cb-46d2-895a-458b0eef1f65: addNew group-5B35A1274EB5:[f4bb89bf-b4cb-46d2-895a-458b0eef1f65:192.168.5.161:44648] returns group-5B35A1274EB5:java.util.concurrent.CompletableFuture@735b1c7c[Not completed]
2019-09-25 05:56:16,948 [pool-47-thread-1] INFO  impl.RaftServerImpl (RaftServerImpl.java:<init>(95)) - f4bb89bf-b4cb-46d2-895a-458b0eef1f65: new RaftServerImpl for group-5B35A1274EB5:[f4bb89bf-b4cb-46d2-895a-458b0eef1f65:192.168.5.161:44648] with ContainerStateMachine:uninitialized
2019-09-25 05:56:16,948 [pool-47-thread-1] INFO  server.RaftServerConfigKeys (ConfUtils.java:logGet(43)) - raft.server.rpc.timeout.min = 5s (custom)
2019-09-25 05:56:16,948 [pool-47-thread-1] INFO  server.RaftServerConfigKeys (ConfUtils.java:logGet(43)) - raft.server.rpc.timeout.max = 5200ms (custom)
2019-09-25 05:56:16,948 [pool-47-thread-1] INFO  server.RaftServerConfigKeys (ConfUtils.java:logGet(43)) - raft.server.rpcslowness.timeout = 120s (custom)
2019-09-25 05:56:16,948 [pool-47-thread-1] INFO  server.RaftServerConfigKeys (ConfUtils.java:logGet(43)) - raft.server.sleep.deviation.threshold = 300 (default)
2019-09-25 05:56:16,949 [pool-47-thread-1] INFO  server.RaftServerConfigKeys (ConfUtils.java:logGet(43)) - raft.server.log.appender.install.snapshot.enabled = false (custom)
2019-09-25 05:56:16,949 [pool-47-thread-1] INFO  impl.RaftServerImpl (ServerState.java:<init>(103)) - f4bb89bf-b4cb-46d2-895a-458b0eef1f65@group-5B35A1274EB5: ConfigurationManager, init=-1: [f4bb89bf-b4cb-46d2-895a-458b0eef1f65:192.168.5.161:44648], old=null, confs=<EMPTY_MAP>
2019-09-25 05:56:16,949 [pool-47-thread-1] INFO  server.RaftServerConfigKeys (ConfUtils.java:logGet(43)) - raft.server.storage.dir = [/workdir/hadoop-ozone/tools/target/test-dir/MiniOzoneClusterImpl-a0b92c19-88eb-4192-8b6a-de7e7575cfd2/datanode-2/data/ratis] (custom)
2019-09-25 05:56:16,949 [pool-47-thread-1] INFO  storage.RaftStorageDirectory (RaftStorageDirectory.java:analyzeStorage(246)) - The storage directory /workdir/hadoop-ozone/tools/target/test-dir/MiniOzoneClusterImpl-a0b92c19-88eb-4192-8b6a-de7e7575cfd2/datanode-2/data/ratis/c2170198-31d0-40c1-8822-5b35a1274eb5 does not exist. Creating ...
2019-09-25 05:56:16,970 [pool-47-thread-1] INFO  storage.RaftStorageDirectory (RaftStorageDirectory.java:tryLock(328)) - Lock on /workdir/hadoop-ozone/tools/target/test-dir/MiniOzoneClusterImpl-a0b92c19-88eb-4192-8b6a-de7e7575cfd2/datanode-2/data/ratis/c2170198-31d0-40c1-8822-5b35a1274eb5/in_use.lock acquired by nodename 23280@pr-hdds-1569-zxpks-796972592
2019-09-25 05:56:16,982 [pool-47-thread-1] INFO  storage.RaftStorage (RaftStorage.java:format(72)) - Storage directory /workdir/hadoop-ozone/tools/target/test-dir/MiniOzoneClusterImpl-a0b92c19-88eb-4192-8b6a-de7e7575cfd2/datanode-2/data/ratis/c2170198-31d0-40c1-8822-5b35a1274eb5 has been successfully formatted.
2019-09-25 05:56:16,983 [pool-47-thread-1] INFO  ratis.ContainerStateMachine (ContainerStateMachine.java:loadSnapshot(230)) - group-5B35A1274EB5: The snapshot info is null. Setting the last applied indexto:(t:0, i:~)
2019-09-25 05:56:16,983 [pool-47-thread-1] INFO  server.RaftServerConfigKeys (ConfUtils.java:logGet(43)) - raft.server.notification.no-leader.timeout = 120s (custom)
2019-09-25 05:56:16,983 [pool-47-thread-1] INFO  server.RaftServerConfigKeys (ConfUtils.java:logGet(43)) - raft.server.log.use.memory = false (default)
2019-09-25 05:56:16,983 [pool-47-thread-1] INFO  server.RaftServerConfigKeys (ConfUtils.java:logGet(43)) - raft.server.log.purge.gap = 1000000 (custom)
2019-09-25 05:56:16,983 [pool-47-thread-1] INFO  server.RaftServerConfigKeys (ConfUtils.java:logGet(43)) - raft.server.log.appender.buffer.byte-limit = 33554432 (custom)
2019-09-25 05:56:16,984 [pool-47-thread-1] INFO  server.RaftServerConfigKeys (ConfUtils.java:logGet(43)) - raft.server.log.segment.size.max = 1048576 (custom)
2019-09-25 05:56:16,984 [pool-47-thread-1] INFO  server.RaftServerConfigKeys (ConfUtils.java:logGet(43)) - raft.server.log.segment.cache.num.max = 2 (custom)
2019-09-25 05:56:16,984 [pool-47-thread-1] INFO  segmented.SegmentedRaftLogWorker (SegmentedRaftLogWorker.java:<init>(172)) - new f4bb89bf-b4cb-46d2-895a-458b0eef1f65@group-5B35A1274EB5-SegmentedRaftLogWorker for RaftStorage:Storage Directory /workdir/hadoop-ozone/tools/target/test-dir/MiniOzoneClusterImpl-a0b92c19-88eb-4192-8b6a-de7e7575cfd2/datanode-2/data/ratis/c2170198-31d0-40c1-8822-5b35a1274eb5
2019-09-25 05:56:16,984 [pool-47-thread-1] INFO  server.RaftServerConfigKeys (ConfUtils.java:logGet(43)) - raft.server.log.queue.byte-limit = 2147483647 (custom)
2019-09-25 05:56:16,984 [pool-47-thread-1] INFO  server.RaftServerConfigKeys (ConfUtils.java:logGet(43)) - raft.server.log.queue.element-limit = 1024 (custom)
2019-09-25 05:56:16,985 [pool-47-thread-1] INFO  server.RaftServerConfigKeys (ConfUtils.java:logGet(43)) - raft.server.log.segment.size.max = 1048576 (custom)
2019-09-25 05:56:16,985 [pool-47-thread-1] INFO  server.RaftServerConfigKeys (ConfUtils.java:logGet(43)) - raft.server.log.preallocated.size = 16384 (custom)
2019-09-25 05:56:16,985 [pool-47-thread-1] INFO  server.RaftServerConfigKeys (ConfUtils.java:logGet(43)) - raft.server.log.write.buffer.size = 33554432 (custom)
2019-09-25 05:56:16,985 [pool-47-thread-1] INFO  server.RaftServerConfigKeys (ConfUtils.java:logGet(43)) - raft.server.log.force.sync.num = 128 (default)
2019-09-25 05:56:16,985 [pool-47-thread-1] INFO  server.RaftServerConfigKeys (ConfUtils.java:logGet(43)) - raft.server.log.statemachine.data.sync = true (default)
2019-09-25 05:56:16,986 [pool-47-thread-1] INFO  server.RaftServerConfigKeys (ConfUtils.java:logGet(43)) - raft.server.log.statemachine.data.sync.timeout = 10s (default)
2019-09-25 05:56:16,986 [pool-47-thread-1] INFO  server.RaftServerConfigKeys (ConfUtils.java:logGet(43)) - raft.server.log.statemachine.data.sync.timeout.retry = -1 (default)
2019-09-25 05:56:16,986 [pool-47-thread-1] INFO  server.RaftServerConfigKeys (ConfUtils.java:logGet(43)) - raft.server.log.statemachine.data.caching.enabled = true (custom)
2019-09-25 05:56:16,986 [pool-47-thread-1] INFO  segmented.SegmentedRaftLogWorker (SegmentedRaftLogWorker.java:lambda$new$0(132)) - f4bb89bf-b4cb-46d2-895a-458b0eef1f65@group-5B35A1274EB5-SegmentedRaftLogWorker: flushIndex: setUnconditionally 0 -> -1
2019-09-25 05:56:16,987 [pool-47-thread-1] INFO  server.RaftServerConfigKeys (ConfUtils.java:logGet(43)) - raft.server.snapshot.auto.trigger.enabled = true (custom)
2019-09-25 05:56:16,987 [pool-47-thread-1] INFO  server.RaftServerConfigKeys (ConfUtils.java:logGet(43)) - raft.server.snapshot.auto.trigger.threshold = 10000 (custom)
2019-09-25 05:56:16,987 [pool-47-thread-1] INFO  server.RaftServerConfigKeys (ConfUtils.java:logGet(43)) - raft.server.snapshot.retention.num.files = 5 (custom)
2019-09-25 05:56:16,987 [pool-47-thread-1] INFO  server.RaftServerConfigKeys (ConfUtils.java:logGet(43)) - raft.server.retrycache.expirytime = 600000ms (custom)
2019-09-25 05:56:16,990 [pool-47-thread-1] INFO  impl.RaftServerImpl (RaftServerImpl.java:start(185)) - f4bb89bf-b4cb-46d2-895a-458b0eef1f65@group-5B35A1274EB5: start as a follower, conf=-1: [f4bb89bf-b4cb-46d2-895a-458b0eef1f65:192.168.5.161:44648], old=null
2019-09-25 05:56:16,990 [pool-47-thread-1] INFO  impl.RaftServerImpl (RaftServerImpl.java:setRole(174)) - f4bb89bf-b4cb-46d2-895a-458b0eef1f65@group-5B35A1274EB5: changes role from      null to FOLLOWER at term 0 for startAsFollower
2019-09-25 05:56:16,991 [pool-47-thread-1] INFO  impl.RoleInfo (RoleInfo.java:updateAndGet(143)) - f4bb89bf-b4cb-46d2-895a-458b0eef1f65: start FollowerState
2019-09-25 05:56:16,991 [pool-47-thread-1] INFO  util.JmxRegister (JmxRegister.java:tryRegister(44)) - Successfully registered JMX Bean with object name Ratis:service=RaftServer,group=group-5B35A1274EB5,id=f4bb89bf-b4cb-46d2-895a-458b0eef1f65
2019-09-25 05:56:16,997 [RatisPipelineUtilsThread] INFO  pipeline.PipelineStateManager (PipelineStateManager.java:addPipeline(56)) - Created pipeline Pipeline[ Id: c2170198-31d0-40c1-8822-5b35a1274eb5, Nodes: f4bb89bf-b4cb-46d2-895a-458b0eef1f65{ip: 192.168.5.161, host: pr-hdds-1569-zxpks-796972592, networkLocation: /default-rack, certSerialId: null}, Type:RATIS, Factor:ONE, State:OPEN]
2019-09-25 05:56:16,998 [RatisPipelineUtilsThread] INFO  pipeline.PipelinePlacementPolicy (PipelinePlacementPolicy.java:meetCriteria(91)) - Pipeline Placement: can't place more pipeline on heavy datanode： 90309ab8-5448-4aca-b95f-8fb3fc665c41 Heaviness: 6 limit: 5
2019-09-25 05:56:16,998 [RatisPipelineUtilsThread] INFO  pipeline.PipelinePlacementPolicy (PipelinePlacementPolicy.java:meetCriteria(91)) - Pipeline Placement: can't place more pipeline on heavy datanode： 18c2403b-6685-48ec-8e85-5146801ccf7c Heaviness: 6 limit: 5
2019-09-25 05:56:16,998 [RatisPipelineUtilsThread] INFO  pipeline.PipelinePlacementPolicy (PipelinePlacementPolicy.java:meetCriteria(91)) - Pipeline Placement: can't place more pipeline on heavy datanode： f4bb89bf-b4cb-46d2-895a-458b0eef1f65 Heaviness: 6 limit: 5
2019-09-25 05:56:17,047 [grpc-default-executor-0] INFO  impl.RaftServerProxy (RaftServerProxy.java:addNew(89)) - e93bb2c6-c39b-4618-a0fd-b5beeaf95472: addNew group-871695365B0C:[e93bb2c6-c39b-4618-a0fd-b5beeaf95472:192.168.5.161:46002] returns group-871695365B0C:java.util.concurrent.CompletableFuture@4dda7926[Not completed]
2019-09-25 05:56:17,170 [pool-57-thread-1] INFO  impl.RaftServerImpl (RaftServerImpl.java:<init>(95)) - e93bb2c6-c39b-4618-a0fd-b5beeaf95472: new RaftServerImpl for group-871695365B0C:[e93bb2c6-c39b-4618-a0fd-b5beeaf95472:192.168.5.161:46002] with ContainerStateMachine:uninitialized
2019-09-25 05:56:17,170 [pool-57-thread-1] INFO  server.RaftServerConfigKeys (ConfUtils.java:logGet(43)) - raft.server.rpc.timeout.min = 5s (custom)
2019-09-25 05:56:17,170 [pool-57-thread-1] INFO  server.RaftServerConfigKeys (ConfUtils.java:logGet(43)) - raft.server.rpc.timeout.max = 5200ms (custom)
2019-09-25 05:56:17,170 [pool-57-thread-1] INFO  server.RaftServerConfigKeys (ConfUtils.java:logGet(43)) - raft.server.rpcslowness.timeout = 120s (custom)
2019-09-25 05:56:17,170 [pool-57-thread-1] INFO  server.RaftServerConfigKeys (ConfUtils.java:logGet(43)) - raft.server.sleep.deviation.threshold = 300 (default)
2019-09-25 05:56:17,171 [pool-57-thread-1] INFO  server.RaftServerConfigKeys (ConfUtils.java:logGet(43)) - raft.server.log.appender.install.snapshot.enabled = false (custom)
2019-09-25 05:56:17,171 [pool-57-thread-1] INFO  impl.RaftServerImpl (ServerState.java:<init>(103)) - e93bb2c6-c39b-4618-a0fd-b5beeaf95472@group-871695365B0C: ConfigurationManager, init=-1: [e93bb2c6-c39b-4618-a0fd-b5beeaf95472:192.168.5.161:46002], old=null, confs=<EMPTY_MAP>
2019-09-25 05:56:17,171 [pool-57-thread-1] INFO  server.RaftServerConfigKeys (ConfUtils.java:logGet(43)) - raft.server.storage.dir = [/workdir/hadoop-ozone/tools/target/test-dir/MiniOzoneClusterImpl-a0b92c19-88eb-4192-8b6a-de7e7575cfd2/datanode-3/data/ratis] (custom)
2019-09-25 05:56:17,172 [pool-57-thread-1] INFO  storage.RaftStorageDirectory (RaftStorageDirectory.java:analyzeStorage(246)) - The storage directory /workdir/hadoop-ozone/tools/target/test-dir/MiniOzoneClusterImpl-a0b92c19-88eb-4192-8b6a-de7e7575cfd2/datanode-3/data/ratis/d5851b37-9f05-4f67-82ec-871695365b0c does not exist. Creating ...
2019-09-25 05:56:17,187 [pool-57-thread-1] INFO  storage.RaftStorageDirectory (RaftStorageDirectory.java:tryLock(328)) - Lock on /workdir/hadoop-ozone/tools/target/test-dir/MiniOzoneClusterImpl-a0b92c19-88eb-4192-8b6a-de7e7575cfd2/datanode-3/data/ratis/d5851b37-9f05-4f67-82ec-871695365b0c/in_use.lock acquired by nodename 23280@pr-hdds-1569-zxpks-796972592
2019-09-25 05:56:17,200 [pool-57-thread-1] INFO  storage.RaftStorage (RaftStorage.java:format(72)) - Storage directory /workdir/hadoop-ozone/tools/target/test-dir/MiniOzoneClusterImpl-a0b92c19-88eb-4192-8b6a-de7e7575cfd2/datanode-3/data/ratis/d5851b37-9f05-4f67-82ec-871695365b0c has been successfully formatted.
2019-09-25 05:56:17,200 [pool-57-thread-1] INFO  ratis.ContainerStateMachine (ContainerStateMachine.java:loadSnapshot(230)) - group-871695365B0C: The snapshot info is null. Setting the last applied indexto:(t:0, i:~)
2019-09-25 05:56:17,200 [pool-57-thread-1] INFO  server.RaftServerConfigKeys (ConfUtils.java:logGet(43)) - raft.server.notification.no-leader.timeout = 120s (custom)
2019-09-25 05:56:17,200 [pool-57-thread-1] INFO  server.RaftServerConfigKeys (ConfUtils.java:logGet(43)) - raft.server.log.use.memory = false (default)
2019-09-25 05:56:17,201 [pool-57-thread-1] INFO  server.RaftServerConfigKeys (ConfUtils.java:logGet(43)) - raft.server.log.purge.gap = 1000000 (custom)
2019-09-25 05:56:17,201 [pool-57-thread-1] INFO  server.RaftServerConfigKeys (ConfUtils.java:logGet(43)) - raft.server.log.appender.buffer.byte-limit = 33554432 (custom)
2019-09-25 05:56:17,201 [pool-57-thread-1] INFO  server.RaftServerConfigKeys (ConfUtils.java:logGet(43)) - raft.server.log.segment.size.max = 1048576 (custom)
2019-09-25 05:56:17,201 [pool-57-thread-1] INFO  server.RaftServerConfigKeys (ConfUtils.java:logGet(43)) - raft.server.log.segment.cache.num.max = 2 (custom)
2019-09-25 05:56:17,201 [pool-57-thread-1] INFO  segmented.SegmentedRaftLogWorker (SegmentedRaftLogWorker.java:<init>(172)) - new e93bb2c6-c39b-4618-a0fd-b5beeaf95472@group-871695365B0C-SegmentedRaftLogWorker for RaftStorage:Storage Directory /workdir/hadoop-ozone/tools/target/test-dir/MiniOzoneClusterImpl-a0b92c19-88eb-4192-8b6a-de7e7575cfd2/datanode-3/data/ratis/d5851b37-9f05-4f67-82ec-871695365b0c
2019-09-25 05:56:17,202 [pool-57-thread-1] INFO  server.RaftServerConfigKeys (ConfUtils.java:logGet(43)) - raft.server.log.queue.byte-limit = 2147483647 (custom)
2019-09-25 05:56:17,202 [pool-57-thread-1] INFO  server.RaftServerConfigKeys (ConfUtils.java:logGet(43)) - raft.server.log.queue.element-limit = 1024 (custom)
2019-09-25 05:56:17,202 [pool-57-thread-1] INFO  server.RaftServerConfigKeys (ConfUtils.java:logGet(43)) - raft.server.log.segment.size.max = 1048576 (custom)
2019-09-25 05:56:17,202 [pool-57-thread-1] INFO  server.RaftServerConfigKeys (ConfUtils.java:logGet(43)) - raft.server.log.preallocated.size = 16384 (custom)
2019-09-25 05:56:17,202 [pool-57-thread-1] INFO  server.RaftServerConfigKeys (ConfUtils.java:logGet(43)) - raft.server.log.write.buffer.size = 33554432 (custom)
2019-09-25 05:56:17,202 [pool-57-thread-1] INFO  server.RaftServerConfigKeys (ConfUtils.java:logGet(43)) - raft.server.log.force.sync.num = 128 (default)
2019-09-25 05:56:17,203 [pool-57-thread-1] INFO  server.RaftServerConfigKeys (ConfUtils.java:logGet(43)) - raft.server.log.statemachine.data.sync = true (default)
2019-09-25 05:56:17,203 [pool-57-thread-1] INFO  server.RaftServerConfigKeys (ConfUtils.java:logGet(43)) - raft.server.log.statemachine.data.sync.timeout = 10s (default)
2019-09-25 05:56:17,203 [pool-57-thread-1] INFO  server.RaftServerConfigKeys (ConfUtils.java:logGet(43)) - raft.server.log.statemachine.data.sync.timeout.retry = -1 (default)
2019-09-25 05:56:17,203 [pool-57-thread-1] INFO  server.RaftServerConfigKeys (ConfUtils.java:logGet(43)) - raft.server.log.statemachine.data.caching.enabled = true (custom)
2019-09-25 05:56:17,204 [pool-57-thread-1] INFO  segmented.SegmentedRaftLogWorker (SegmentedRaftLogWorker.java:lambda$new$0(132)) - e93bb2c6-c39b-4618-a0fd-b5beeaf95472@group-871695365B0C-SegmentedRaftLogWorker: flushIndex: setUnconditionally 0 -> -1
2019-09-25 05:56:17,204 [pool-57-thread-1] INFO  server.RaftServerConfigKeys (ConfUtils.java:logGet(43)) - raft.server.snapshot.auto.trigger.enabled = true (custom)
2019-09-25 05:56:17,204 [pool-57-thread-1] INFO  server.RaftServerConfigKeys (ConfUtils.java:logGet(43)) - raft.server.snapshot.auto.trigger.threshold = 10000 (custom)
2019-09-25 05:56:17,204 [pool-57-thread-1] INFO  server.RaftServerConfigKeys (ConfUtils.java:logGet(43)) - raft.server.snapshot.retention.num.files = 5 (custom)
2019-09-25 05:56:17,204 [pool-57-thread-1] INFO  server.RaftServerConfigKeys (ConfUtils.java:logGet(43)) - raft.server.retrycache.expirytime = 600000ms (custom)
2019-09-25 05:56:17,207 [pool-57-thread-1] INFO  impl.RaftServerImpl (RaftServerImpl.java:start(185)) - e93bb2c6-c39b-4618-a0fd-b5beeaf95472@group-871695365B0C: start as a follower, conf=-1: [e93bb2c6-c39b-4618-a0fd-b5beeaf95472:192.168.5.161:46002], old=null
2019-09-25 05:56:17,207 [pool-57-thread-1] INFO  impl.RaftServerImpl (RaftServerImpl.java:setRole(174)) - e93bb2c6-c39b-4618-a0fd-b5beeaf95472@group-871695365B0C: changes role from      null to FOLLOWER at term 0 for startAsFollower
2019-09-25 05:56:17,208 [pool-57-thread-1] INFO  impl.RoleInfo (RoleInfo.java:updateAndGet(143)) - e93bb2c6-c39b-4618-a0fd-b5beeaf95472: start FollowerState
2019-09-25 05:56:17,208 [pool-57-thread-1] INFO  util.JmxRegister (JmxRegister.java:tryRegister(44)) - Successfully registered JMX Bean with object name Ratis:service=RaftServer,group=group-871695365B0C,id=e93bb2c6-c39b-4618-a0fd-b5beeaf95472
2019-09-25 05:56:17,213 [RatisPipelineUtilsThread] INFO  pipeline.PipelineStateManager (PipelineStateManager.java:addPipeline(56)) - Created pipeline Pipeline[ Id: d5851b37-9f05-4f67-82ec-871695365b0c, Nodes: e93bb2c6-c39b-4618-a0fd-b5beeaf95472{ip: 192.168.5.161, host: pr-hdds-1569-zxpks-796972592, networkLocation: /default-rack, certSerialId: null}, Type:RATIS, Factor:ONE, State:OPEN]
2019-09-25 05:56:17,214 [RatisPipelineUtilsThread] INFO  pipeline.PipelinePlacementPolicy (PipelinePlacementPolicy.java:meetCriteria(91)) - Pipeline Placement: can't place more pipeline on heavy datanode： 90309ab8-5448-4aca-b95f-8fb3fc665c41 Heaviness: 6 limit: 5
2019-09-25 05:56:17,214 [RatisPipelineUtilsThread] INFO  pipeline.PipelinePlacementPolicy (PipelinePlacementPolicy.java:meetCriteria(91)) - Pipeline Placement: can't place more pipeline on heavy datanode： 18c2403b-6685-48ec-8e85-5146801ccf7c Heaviness: 6 limit: 5
2019-09-25 05:56:17,214 [RatisPipelineUtilsThread] INFO  pipeline.PipelinePlacementPolicy (PipelinePlacementPolicy.java:meetCriteria(91)) - Pipeline Placement: can't place more pipeline on heavy datanode： f4bb89bf-b4cb-46d2-895a-458b0eef1f65 Heaviness: 6 limit: 5
2019-09-25 05:56:17,214 [RatisPipelineUtilsThread] INFO  pipeline.PipelinePlacementPolicy (PipelinePlacementPolicy.java:meetCriteria(91)) - Pipeline Placement: can't place more pipeline on heavy datanode： e93bb2c6-c39b-4618-a0fd-b5beeaf95472 Heaviness: 6 limit: 5
2019-09-25 05:56:17,225 [grpc-default-executor-0] INFO  impl.RaftServerProxy (RaftServerProxy.java:addNew(89)) - 4a989990-004c-48a6-9d0e-df27d30930a7: addNew group-CE8FEFCC82C6:[4a989990-004c-48a6-9d0e-df27d30930a7:192.168.5.161:33719] returns group-CE8FEFCC82C6:java.util.concurrent.CompletableFuture@52c3e021[Not completed]
2019-09-25 05:56:17,226 [pool-27-thread-1] INFO  impl.RaftServerImpl (RaftServerImpl.java:<init>(95)) - 4a989990-004c-48a6-9d0e-df27d30930a7: new RaftServerImpl for group-CE8FEFCC82C6:[4a989990-004c-48a6-9d0e-df27d30930a7:192.168.5.161:33719] with ContainerStateMachine:uninitialized
2019-09-25 05:56:17,226 [pool-27-thread-1] INFO  server.RaftServerConfigKeys (ConfUtils.java:logGet(43)) - raft.server.rpc.timeout.min = 5s (custom)
2019-09-25 05:56:17,226 [pool-27-thread-1] INFO  server.RaftServerConfigKeys (ConfUtils.java:logGet(43)) - raft.server.rpc.timeout.max = 5200ms (custom)
2019-09-25 05:56:17,227 [pool-27-thread-1] INFO  server.RaftServerConfigKeys (ConfUtils.java:logGet(43)) - raft.server.rpcslowness.timeout = 120s (custom)
2019-09-25 05:56:17,227 [pool-27-thread-1] INFO  server.RaftServerConfigKeys (ConfUtils.java:logGet(43)) - raft.server.sleep.deviation.threshold = 300 (default)
2019-09-25 05:56:17,227 [pool-27-thread-1] INFO  server.RaftServerConfigKeys (ConfUtils.java:logGet(43)) - raft.server.log.appender.install.snapshot.enabled = false (custom)
2019-09-25 05:56:17,227 [pool-27-thread-1] INFO  impl.RaftServerImpl (ServerState.java:<init>(103)) - 4a989990-004c-48a6-9d0e-df27d30930a7@group-CE8FEFCC82C6: ConfigurationManager, init=-1: [4a989990-004c-48a6-9d0e-df27d30930a7:192.168.5.161:33719], old=null, confs=<EMPTY_MAP>
2019-09-25 05:56:17,227 [pool-27-thread-1] INFO  server.RaftServerConfigKeys (ConfUtils.java:logGet(43)) - raft.server.storage.dir = [/workdir/hadoop-ozone/tools/target/test-dir/MiniOzoneClusterImpl-a0b92c19-88eb-4192-8b6a-de7e7575cfd2/datanode-0/data/ratis] (custom)
2019-09-25 05:56:17,228 [pool-27-thread-1] INFO  storage.RaftStorageDirectory (RaftStorageDirectory.java:analyzeStorage(246)) - The storage directory /workdir/hadoop-ozone/tools/target/test-dir/MiniOzoneClusterImpl-a0b92c19-88eb-4192-8b6a-de7e7575cfd2/datanode-0/data/ratis/f25bcb02-b190-4c81-97d4-ce8fefcc82c6 does not exist. Creating ...
2019-09-25 05:56:17,240 [pool-27-thread-1] INFO  storage.RaftStorageDirectory (RaftStorageDirectory.java:tryLock(328)) - Lock on /workdir/hadoop-ozone/tools/target/test-dir/MiniOzoneClusterImpl-a0b92c19-88eb-4192-8b6a-de7e7575cfd2/datanode-0/data/ratis/f25bcb02-b190-4c81-97d4-ce8fefcc82c6/in_use.lock acquired by nodename 23280@pr-hdds-1569-zxpks-796972592
2019-09-25 05:56:17,257 [pool-27-thread-1] INFO  storage.RaftStorage (RaftStorage.java:format(72)) - Storage directory /workdir/hadoop-ozone/tools/target/test-dir/MiniOzoneClusterImpl-a0b92c19-88eb-4192-8b6a-de7e7575cfd2/datanode-0/data/ratis/f25bcb02-b190-4c81-97d4-ce8fefcc82c6 has been successfully formatted.
2019-09-25 05:56:17,257 [pool-27-thread-1] INFO  ratis.ContainerStateMachine (ContainerStateMachine.java:loadSnapshot(230)) - group-CE8FEFCC82C6: The snapshot info is null. Setting the last applied indexto:(t:0, i:~)
2019-09-25 05:56:17,257 [pool-27-thread-1] INFO  server.RaftServerConfigKeys (ConfUtils.java:logGet(43)) - raft.server.notification.no-leader.timeout = 120s (custom)
2019-09-25 05:56:17,258 [pool-27-thread-1] INFO  server.RaftServerConfigKeys (ConfUtils.java:logGet(43)) - raft.server.log.use.memory = false (default)
2019-09-25 05:56:17,258 [pool-27-thread-1] INFO  server.RaftServerConfigKeys (ConfUtils.java:logGet(43)) - raft.server.log.purge.gap = 1000000 (custom)
2019-09-25 05:56:17,258 [pool-27-thread-1] INFO  server.RaftServerConfigKeys (ConfUtils.java:logGet(43)) - raft.server.log.appender.buffer.byte-limit = 33554432 (custom)
2019-09-25 05:56:17,260 [pool-27-thread-1] INFO  server.RaftServerConfigKeys (ConfUtils.java:logGet(43)) - raft.server.log.segment.size.max = 1048576 (custom)
2019-09-25 05:56:17,261 [pool-27-thread-1] INFO  server.RaftServerConfigKeys (ConfUtils.java:logGet(43)) - raft.server.log.segment.cache.num.max = 2 (custom)
2019-09-25 05:56:17,261 [pool-27-thread-1] INFO  segmented.SegmentedRaftLogWorker (SegmentedRaftLogWorker.java:<init>(172)) - new 4a989990-004c-48a6-9d0e-df27d30930a7@group-CE8FEFCC82C6-SegmentedRaftLogWorker for RaftStorage:Storage Directory /workdir/hadoop-ozone/tools/target/test-dir/MiniOzoneClusterImpl-a0b92c19-88eb-4192-8b6a-de7e7575cfd2/datanode-0/data/ratis/f25bcb02-b190-4c81-97d4-ce8fefcc82c6
2019-09-25 05:56:17,261 [pool-27-thread-1] INFO  server.RaftServerConfigKeys (ConfUtils.java:logGet(43)) - raft.server.log.queue.byte-limit = 2147483647 (custom)
2019-09-25 05:56:17,261 [pool-27-thread-1] INFO  server.RaftServerConfigKeys (ConfUtils.java:logGet(43)) - raft.server.log.queue.element-limit = 1024 (custom)
2019-09-25 05:56:17,262 [pool-27-thread-1] INFO  server.RaftServerConfigKeys (ConfUtils.java:logGet(43)) - raft.server.log.segment.size.max = 1048576 (custom)
2019-09-25 05:56:17,262 [pool-27-thread-1] INFO  server.RaftServerConfigKeys (ConfUtils.java:logGet(43)) - raft.server.log.preallocated.size = 16384 (custom)
2019-09-25 05:56:17,262 [pool-27-thread-1] INFO  server.RaftServerConfigKeys (ConfUtils.java:logGet(43)) - raft.server.log.write.buffer.size = 33554432 (custom)
2019-09-25 05:56:17,262 [pool-27-thread-1] INFO  server.RaftServerConfigKeys (ConfUtils.java:logGet(43)) - raft.server.log.force.sync.num = 128 (default)
2019-09-25 05:56:17,262 [pool-27-thread-1] INFO  server.RaftServerConfigKeys (ConfUtils.java:logGet(43)) - raft.server.log.statemachine.data.sync = true (default)
2019-09-25 05:56:17,262 [pool-27-thread-1] INFO  server.RaftServerConfigKeys (ConfUtils.java:logGet(43)) - raft.server.log.statemachine.data.sync.timeout = 10s (default)
2019-09-25 05:56:17,262 [pool-27-thread-1] INFO  server.RaftServerConfigKeys (ConfUtils.java:logGet(43)) - raft.server.log.statemachine.data.sync.timeout.retry = -1 (default)
2019-09-25 05:56:17,263 [pool-27-thread-1] INFO  server.RaftServerConfigKeys (ConfUtils.java:logGet(43)) - raft.server.log.statemachine.data.caching.enabled = true (custom)
2019-09-25 05:56:17,263 [pool-27-thread-1] INFO  segmented.SegmentedRaftLogWorker (SegmentedRaftLogWorker.java:lambda$new$0(132)) - 4a989990-004c-48a6-9d0e-df27d30930a7@group-CE8FEFCC82C6-SegmentedRaftLogWorker: flushIndex: setUnconditionally 0 -> -1
2019-09-25 05:56:17,263 [pool-27-thread-1] INFO  server.RaftServerConfigKeys (ConfUtils.java:logGet(43)) - raft.server.snapshot.auto.trigger.enabled = true (custom)
2019-09-25 05:56:17,264 [pool-27-thread-1] INFO  server.RaftServerConfigKeys (ConfUtils.java:logGet(43)) - raft.server.snapshot.auto.trigger.threshold = 10000 (custom)
2019-09-25 05:56:17,264 [pool-27-thread-1] INFO  server.RaftServerConfigKeys (ConfUtils.java:logGet(43)) - raft.server.snapshot.retention.num.files = 5 (custom)
2019-09-25 05:56:17,264 [pool-27-thread-1] INFO  server.RaftServerConfigKeys (ConfUtils.java:logGet(43)) - raft.server.retrycache.expirytime = 600000ms (custom)
2019-09-25 05:56:17,267 [pool-27-thread-1] INFO  impl.RaftServerImpl (RaftServerImpl.java:start(185)) - 4a989990-004c-48a6-9d0e-df27d30930a7@group-CE8FEFCC82C6: start as a follower, conf=-1: [4a989990-004c-48a6-9d0e-df27d30930a7:192.168.5.161:33719], old=null
2019-09-25 05:56:17,268 [pool-27-thread-1] INFO  impl.RaftServerImpl (RaftServerImpl.java:setRole(174)) - 4a989990-004c-48a6-9d0e-df27d30930a7@group-CE8FEFCC82C6: changes role from      null to FOLLOWER at term 0 for startAsFollower
2019-09-25 05:56:17,268 [pool-27-thread-1] INFO  impl.RoleInfo (RoleInfo.java:updateAndGet(143)) - 4a989990-004c-48a6-9d0e-df27d30930a7: start FollowerState
2019-09-25 05:56:17,268 [pool-27-thread-1] INFO  util.JmxRegister (JmxRegister.java:tryRegister(44)) - Successfully registered JMX Bean with object name Ratis:service=RaftServer,group=group-CE8FEFCC82C6,id=4a989990-004c-48a6-9d0e-df27d30930a7
2019-09-25 05:56:17,273 [RatisPipelineUtilsThread] INFO  pipeline.PipelineStateManager (PipelineStateManager.java:addPipeline(56)) - Created pipeline Pipeline[ Id: f25bcb02-b190-4c81-97d4-ce8fefcc82c6, Nodes: 4a989990-004c-48a6-9d0e-df27d30930a7{ip: 192.168.5.161, host: pr-hdds-1569-zxpks-796972592, networkLocation: /default-rack, certSerialId: null}, Type:RATIS, Factor:ONE, State:OPEN]
2019-09-25 05:56:17,274 [RatisPipelineUtilsThread] INFO  pipeline.PipelinePlacementPolicy (PipelinePlacementPolicy.java:meetCriteria(91)) - Pipeline Placement: can't place more pipeline on heavy datanode： 90309ab8-5448-4aca-b95f-8fb3fc665c41 Heaviness: 6 limit: 5
2019-09-25 05:56:17,274 [RatisPipelineUtilsThread] INFO  pipeline.PipelinePlacementPolicy (PipelinePlacementPolicy.java:meetCriteria(91)) - Pipeline Placement: can't place more pipeline on heavy datanode： 18c2403b-6685-48ec-8e85-5146801ccf7c Heaviness: 6 limit: 5
2019-09-25 05:56:17,274 [RatisPipelineUtilsThread] INFO  pipeline.PipelinePlacementPolicy (PipelinePlacementPolicy.java:meetCriteria(91)) - Pipeline Placement: can't place more pipeline on heavy datanode： f4bb89bf-b4cb-46d2-895a-458b0eef1f65 Heaviness: 6 limit: 5
2019-09-25 05:56:17,274 [RatisPipelineUtilsThread] INFO  pipeline.PipelinePlacementPolicy (PipelinePlacementPolicy.java:meetCriteria(91)) - Pipeline Placement: can't place more pipeline on heavy datanode： e93bb2c6-c39b-4618-a0fd-b5beeaf95472 Heaviness: 6 limit: 5
2019-09-25 05:56:17,283 [grpc-default-executor-0] INFO  impl.RaftServerProxy (RaftServerProxy.java:addNew(89)) - 4a989990-004c-48a6-9d0e-df27d30930a7: addNew group-AF9B0E04BD70:[4a989990-004c-48a6-9d0e-df27d30930a7:192.168.5.161:33719] returns group-AF9B0E04BD70:java.util.concurrent.CompletableFuture@bc7759d[Not completed]
2019-09-25 05:56:17,286 [pool-27-thread-1] INFO  impl.RaftServerImpl (RaftServerImpl.java:<init>(95)) - 4a989990-004c-48a6-9d0e-df27d30930a7: new RaftServerImpl for group-AF9B0E04BD70:[4a989990-004c-48a6-9d0e-df27d30930a7:192.168.5.161:33719] with ContainerStateMachine:uninitialized
2019-09-25 05:56:17,286 [pool-27-thread-1] INFO  server.RaftServerConfigKeys (ConfUtils.java:logGet(43)) - raft.server.rpc.timeout.min = 5s (custom)
2019-09-25 05:56:17,286 [pool-27-thread-1] INFO  server.RaftServerConfigKeys (ConfUtils.java:logGet(43)) - raft.server.rpc.timeout.max = 5200ms (custom)
2019-09-25 05:56:17,286 [pool-27-thread-1] INFO  server.RaftServerConfigKeys (ConfUtils.java:logGet(43)) - raft.server.rpcslowness.timeout = 120s (custom)
2019-09-25 05:56:17,287 [pool-27-thread-1] INFO  server.RaftServerConfigKeys (ConfUtils.java:logGet(43)) - raft.server.sleep.deviation.threshold = 300 (default)
2019-09-25 05:56:17,287 [pool-27-thread-1] INFO  server.RaftServerConfigKeys (ConfUtils.java:logGet(43)) - raft.server.log.appender.install.snapshot.enabled = false (custom)
2019-09-25 05:56:17,287 [pool-27-thread-1] INFO  impl.RaftServerImpl (ServerState.java:<init>(103)) - 4a989990-004c-48a6-9d0e-df27d30930a7@group-AF9B0E04BD70: ConfigurationManager, init=-1: [4a989990-004c-48a6-9d0e-df27d30930a7:192.168.5.161:33719], old=null, confs=<EMPTY_MAP>
2019-09-25 05:56:17,287 [pool-27-thread-1] INFO  server.RaftServerConfigKeys (ConfUtils.java:logGet(43)) - raft.server.storage.dir = [/workdir/hadoop-ozone/tools/target/test-dir/MiniOzoneClusterImpl-a0b92c19-88eb-4192-8b6a-de7e7575cfd2/datanode-0/data/ratis] (custom)
2019-09-25 05:56:17,288 [pool-27-thread-1] INFO  storage.RaftStorageDirectory (RaftStorageDirectory.java:analyzeStorage(246)) - The storage directory /workdir/hadoop-ozone/tools/target/test-dir/MiniOzoneClusterImpl-a0b92c19-88eb-4192-8b6a-de7e7575cfd2/datanode-0/data/ratis/d7bf0541-6055-4aaf-a5e5-af9b0e04bd70 does not exist. Creating ...
2019-09-25 05:56:17,301 [pool-27-thread-1] INFO  storage.RaftStorageDirectory (RaftStorageDirectory.java:tryLock(328)) - Lock on /workdir/hadoop-ozone/tools/target/test-dir/MiniOzoneClusterImpl-a0b92c19-88eb-4192-8b6a-de7e7575cfd2/datanode-0/data/ratis/d7bf0541-6055-4aaf-a5e5-af9b0e04bd70/in_use.lock acquired by nodename 23280@pr-hdds-1569-zxpks-796972592
2019-09-25 05:56:17,314 [pool-27-thread-1] INFO  storage.RaftStorage (RaftStorage.java:format(72)) - Storage directory /workdir/hadoop-ozone/tools/target/test-dir/MiniOzoneClusterImpl-a0b92c19-88eb-4192-8b6a-de7e7575cfd2/datanode-0/data/ratis/d7bf0541-6055-4aaf-a5e5-af9b0e04bd70 has been successfully formatted.
2019-09-25 05:56:17,314 [pool-27-thread-1] INFO  ratis.ContainerStateMachine (ContainerStateMachine.java:loadSnapshot(230)) - group-AF9B0E04BD70: The snapshot info is null. Setting the last applied indexto:(t:0, i:~)
2019-09-25 05:56:17,314 [pool-27-thread-1] INFO  server.RaftServerConfigKeys (ConfUtils.java:logGet(43)) - raft.server.notification.no-leader.timeout = 120s (custom)
2019-09-25 05:56:17,314 [pool-27-thread-1] INFO  server.RaftServerConfigKeys (ConfUtils.java:logGet(43)) - raft.server.log.use.memory = false (default)
2019-09-25 05:56:17,315 [pool-27-thread-1] INFO  server.RaftServerConfigKeys (ConfUtils.java:logGet(43)) - raft.server.log.purge.gap = 1000000 (custom)
2019-09-25 05:56:17,315 [pool-27-thread-1] INFO  server.RaftServerConfigKeys (ConfUtils.java:logGet(43)) - raft.server.log.appender.buffer.byte-limit = 33554432 (custom)
2019-09-25 05:56:17,315 [pool-27-thread-1] INFO  server.RaftServerConfigKeys (ConfUtils.java:logGet(43)) - raft.server.log.segment.size.max = 1048576 (custom)
2019-09-25 05:56:17,315 [pool-27-thread-1] INFO  server.RaftServerConfigKeys (ConfUtils.java:logGet(43)) - raft.server.log.segment.cache.num.max = 2 (custom)
2019-09-25 05:56:17,315 [pool-27-thread-1] INFO  segmented.SegmentedRaftLogWorker (SegmentedRaftLogWorker.java:<init>(172)) - new 4a989990-004c-48a6-9d0e-df27d30930a7@group-AF9B0E04BD70-SegmentedRaftLogWorker for RaftStorage:Storage Directory /workdir/hadoop-ozone/tools/target/test-dir/MiniOzoneClusterImpl-a0b92c19-88eb-4192-8b6a-de7e7575cfd2/datanode-0/data/ratis/d7bf0541-6055-4aaf-a5e5-af9b0e04bd70
2019-09-25 05:56:17,315 [pool-27-thread-1] INFO  server.RaftServerConfigKeys (ConfUtils.java:logGet(43)) - raft.server.log.queue.byte-limit = 2147483647 (custom)
2019-09-25 05:56:17,316 [pool-27-thread-1] INFO  server.RaftServerConfigKeys (ConfUtils.java:logGet(43)) - raft.server.log.queue.element-limit = 1024 (custom)
2019-09-25 05:56:17,316 [pool-27-thread-1] INFO  server.RaftServerConfigKeys (ConfUtils.java:logGet(43)) - raft.server.log.segment.size.max = 1048576 (custom)
2019-09-25 05:56:17,316 [pool-27-thread-1] INFO  server.RaftServerConfigKeys (ConfUtils.java:logGet(43)) - raft.server.log.preallocated.size = 16384 (custom)
2019-09-25 05:56:17,316 [pool-27-thread-1] INFO  server.RaftServerConfigKeys (ConfUtils.java:logGet(43)) - raft.server.log.write.buffer.size = 33554432 (custom)
2019-09-25 05:56:17,316 [pool-27-thread-1] INFO  server.RaftServerConfigKeys (ConfUtils.java:logGet(43)) - raft.server.log.force.sync.num = 128 (default)
2019-09-25 05:56:17,316 [pool-27-thread-1] INFO  server.RaftServerConfigKeys (ConfUtils.java:logGet(43)) - raft.server.log.statemachine.data.sync = true (default)
2019-09-25 05:56:17,316 [pool-27-thread-1] INFO  server.RaftServerConfigKeys (ConfUtils.java:logGet(43)) - raft.server.log.statemachine.data.sync.timeout = 10s (default)
2019-09-25 05:56:17,316 [pool-27-thread-1] INFO  server.RaftServerConfigKeys (ConfUtils.java:logGet(43)) - raft.server.log.statemachine.data.sync.timeout.retry = -1 (default)
2019-09-25 05:56:17,317 [pool-27-thread-1] INFO  server.RaftServerConfigKeys (ConfUtils.java:logGet(43)) - raft.server.log.statemachine.data.caching.enabled = true (custom)
2019-09-25 05:56:17,317 [pool-27-thread-1] INFO  segmented.SegmentedRaftLogWorker (SegmentedRaftLogWorker.java:lambda$new$0(132)) - 4a989990-004c-48a6-9d0e-df27d30930a7@group-AF9B0E04BD70-SegmentedRaftLogWorker: flushIndex: setUnconditionally 0 -> -1
2019-09-25 05:56:17,317 [pool-27-thread-1] INFO  server.RaftServerConfigKeys (ConfUtils.java:logGet(43)) - raft.server.snapshot.auto.trigger.enabled = true (custom)
2019-09-25 05:56:17,318 [pool-27-thread-1] INFO  server.RaftServerConfigKeys (ConfUtils.java:logGet(43)) - raft.server.snapshot.auto.trigger.threshold = 10000 (custom)
2019-09-25 05:56:17,318 [pool-27-thread-1] INFO  server.RaftServerConfigKeys (ConfUtils.java:logGet(43)) - raft.server.snapshot.retention.num.files = 5 (custom)
2019-09-25 05:56:17,318 [pool-27-thread-1] INFO  server.RaftServerConfigKeys (ConfUtils.java:logGet(43)) - raft.server.retrycache.expirytime = 600000ms (custom)
2019-09-25 05:56:17,321 [pool-27-thread-1] INFO  impl.RaftServerImpl (RaftServerImpl.java:start(185)) - 4a989990-004c-48a6-9d0e-df27d30930a7@group-AF9B0E04BD70: start as a follower, conf=-1: [4a989990-004c-48a6-9d0e-df27d30930a7:192.168.5.161:33719], old=null
2019-09-25 05:56:17,321 [pool-27-thread-1] INFO  impl.RaftServerImpl (RaftServerImpl.java:setRole(174)) - 4a989990-004c-48a6-9d0e-df27d30930a7@group-AF9B0E04BD70: changes role from      null to FOLLOWER at term 0 for startAsFollower
2019-09-25 05:56:17,321 [pool-27-thread-1] INFO  impl.RoleInfo (RoleInfo.java:updateAndGet(143)) - 4a989990-004c-48a6-9d0e-df27d30930a7: start FollowerState
2019-09-25 05:56:17,321 [pool-27-thread-1] INFO  util.JmxRegister (JmxRegister.java:tryRegister(44)) - Successfully registered JMX Bean with object name Ratis:service=RaftServer,group=group-AF9B0E04BD70,id=4a989990-004c-48a6-9d0e-df27d30930a7
2019-09-25 05:56:17,326 [RatisPipelineUtilsThread] INFO  pipeline.PipelineStateManager (PipelineStateManager.java:addPipeline(56)) - Created pipeline Pipeline[ Id: d7bf0541-6055-4aaf-a5e5-af9b0e04bd70, Nodes: 4a989990-004c-48a6-9d0e-df27d30930a7{ip: 192.168.5.161, host: pr-hdds-1569-zxpks-796972592, networkLocation: /default-rack, certSerialId: null}, Type:RATIS, Factor:ONE, State:OPEN]
2019-09-25 05:56:17,326 [RatisPipelineUtilsThread] INFO  pipeline.PipelinePlacementPolicy (PipelinePlacementPolicy.java:meetCriteria(91)) - Pipeline Placement: can't place more pipeline on heavy datanode： 90309ab8-5448-4aca-b95f-8fb3fc665c41 Heaviness: 6 limit: 5
2019-09-25 05:56:17,326 [RatisPipelineUtilsThread] INFO  pipeline.PipelinePlacementPolicy (PipelinePlacementPolicy.java:meetCriteria(91)) - Pipeline Placement: can't place more pipeline on heavy datanode： 18c2403b-6685-48ec-8e85-5146801ccf7c Heaviness: 6 limit: 5
2019-09-25 05:56:17,327 [RatisPipelineUtilsThread] INFO  pipeline.PipelinePlacementPolicy (PipelinePlacementPolicy.java:meetCriteria(91)) - Pipeline Placement: can't place more pipeline on heavy datanode： f4bb89bf-b4cb-46d2-895a-458b0eef1f65 Heaviness: 6 limit: 5
2019-09-25 05:56:17,327 [RatisPipelineUtilsThread] INFO  pipeline.PipelinePlacementPolicy (PipelinePlacementPolicy.java:meetCriteria(91)) - Pipeline Placement: can't place more pipeline on heavy datanode： e93bb2c6-c39b-4618-a0fd-b5beeaf95472 Heaviness: 6 limit: 5
2019-09-25 05:56:17,335 [grpc-default-executor-0] INFO  impl.RaftServerProxy (RaftServerProxy.java:addNew(89)) - 4a989990-004c-48a6-9d0e-df27d30930a7: addNew group-2505C73FB85F:[4a989990-004c-48a6-9d0e-df27d30930a7:192.168.5.161:33719] returns group-2505C73FB85F:java.util.concurrent.CompletableFuture@3ab8bfb2[Not completed]
2019-09-25 05:56:17,336 [pool-27-thread-1] INFO  impl.RaftServerImpl (RaftServerImpl.java:<init>(95)) - 4a989990-004c-48a6-9d0e-df27d30930a7: new RaftServerImpl for group-2505C73FB85F:[4a989990-004c-48a6-9d0e-df27d30930a7:192.168.5.161:33719] with ContainerStateMachine:uninitialized
2019-09-25 05:56:17,336 [pool-27-thread-1] INFO  server.RaftServerConfigKeys (ConfUtils.java:logGet(43)) - raft.server.rpc.timeout.min = 5s (custom)
2019-09-25 05:56:17,336 [pool-27-thread-1] INFO  server.RaftServerConfigKeys (ConfUtils.java:logGet(43)) - raft.server.rpc.timeout.max = 5200ms (custom)
2019-09-25 05:56:17,337 [pool-27-thread-1] INFO  server.RaftServerConfigKeys (ConfUtils.java:logGet(43)) - raft.server.rpcslowness.timeout = 120s (custom)
2019-09-25 05:56:17,337 [pool-27-thread-1] INFO  server.RaftServerConfigKeys (ConfUtils.java:logGet(43)) - raft.server.sleep.deviation.threshold = 300 (default)
2019-09-25 05:56:17,337 [pool-27-thread-1] INFO  server.RaftServerConfigKeys (ConfUtils.java:logGet(43)) - raft.server.log.appender.install.snapshot.enabled = false (custom)
2019-09-25 05:56:17,337 [pool-27-thread-1] INFO  impl.RaftServerImpl (ServerState.java:<init>(103)) - 4a989990-004c-48a6-9d0e-df27d30930a7@group-2505C73FB85F: ConfigurationManager, init=-1: [4a989990-004c-48a6-9d0e-df27d30930a7:192.168.5.161:33719], old=null, confs=<EMPTY_MAP>
2019-09-25 05:56:17,337 [pool-27-thread-1] INFO  server.RaftServerConfigKeys (ConfUtils.java:logGet(43)) - raft.server.storage.dir = [/workdir/hadoop-ozone/tools/target/test-dir/MiniOzoneClusterImpl-a0b92c19-88eb-4192-8b6a-de7e7575cfd2/datanode-0/data/ratis] (custom)
2019-09-25 05:56:17,337 [pool-27-thread-1] INFO  storage.RaftStorageDirectory (RaftStorageDirectory.java:analyzeStorage(246)) - The storage directory /workdir/hadoop-ozone/tools/target/test-dir/MiniOzoneClusterImpl-a0b92c19-88eb-4192-8b6a-de7e7575cfd2/datanode-0/data/ratis/55800c00-d7d3-4b57-be99-2505c73fb85f does not exist. Creating ...
2019-09-25 05:56:17,350 [pool-27-thread-1] INFO  storage.RaftStorageDirectory (RaftStorageDirectory.java:tryLock(328)) - Lock on /workdir/hadoop-ozone/tools/target/test-dir/MiniOzoneClusterImpl-a0b92c19-88eb-4192-8b6a-de7e7575cfd2/datanode-0/data/ratis/55800c00-d7d3-4b57-be99-2505c73fb85f/in_use.lock acquired by nodename 23280@pr-hdds-1569-zxpks-796972592
2019-09-25 05:56:17,363 [pool-27-thread-1] INFO  storage.RaftStorage (RaftStorage.java:format(72)) - Storage directory /workdir/hadoop-ozone/tools/target/test-dir/MiniOzoneClusterImpl-a0b92c19-88eb-4192-8b6a-de7e7575cfd2/datanode-0/data/ratis/55800c00-d7d3-4b57-be99-2505c73fb85f has been successfully formatted.
2019-09-25 05:56:17,363 [pool-27-thread-1] INFO  ratis.ContainerStateMachine (ContainerStateMachine.java:loadSnapshot(230)) - group-2505C73FB85F: The snapshot info is null. Setting the last applied indexto:(t:0, i:~)
2019-09-25 05:56:17,363 [pool-27-thread-1] INFO  server.RaftServerConfigKeys (ConfUtils.java:logGet(43)) - raft.server.notification.no-leader.timeout = 120s (custom)
2019-09-25 05:56:17,364 [pool-27-thread-1] INFO  server.RaftServerConfigKeys (ConfUtils.java:logGet(43)) - raft.server.log.use.memory = false (default)
2019-09-25 05:56:17,364 [pool-27-thread-1] INFO  server.RaftServerConfigKeys (ConfUtils.java:logGet(43)) - raft.server.log.purge.gap = 1000000 (custom)
2019-09-25 05:56:17,364 [pool-27-thread-1] INFO  server.RaftServerConfigKeys (ConfUtils.java:logGet(43)) - raft.server.log.appender.buffer.byte-limit = 33554432 (custom)
2019-09-25 05:56:17,364 [pool-27-thread-1] INFO  server.RaftServerConfigKeys (ConfUtils.java:logGet(43)) - raft.server.log.segment.size.max = 1048576 (custom)
2019-09-25 05:56:17,364 [pool-27-thread-1] INFO  server.RaftServerConfigKeys (ConfUtils.java:logGet(43)) - raft.server.log.segment.cache.num.max = 2 (custom)
2019-09-25 05:56:17,364 [pool-27-thread-1] INFO  segmented.SegmentedRaftLogWorker (SegmentedRaftLogWorker.java:<init>(172)) - new 4a989990-004c-48a6-9d0e-df27d30930a7@group-2505C73FB85F-SegmentedRaftLogWorker for RaftStorage:Storage Directory /workdir/hadoop-ozone/tools/target/test-dir/MiniOzoneClusterImpl-a0b92c19-88eb-4192-8b6a-de7e7575cfd2/datanode-0/data/ratis/55800c00-d7d3-4b57-be99-2505c73fb85f
2019-09-25 05:56:17,364 [pool-27-thread-1] INFO  server.RaftServerConfigKeys (ConfUtils.java:logGet(43)) - raft.server.log.queue.byte-limit = 2147483647 (custom)
2019-09-25 05:56:17,364 [pool-27-thread-1] INFO  server.RaftServerConfigKeys (ConfUtils.java:logGet(43)) - raft.server.log.queue.element-limit = 1024 (custom)
2019-09-25 05:56:17,365 [pool-27-thread-1] INFO  server.RaftServerConfigKeys (ConfUtils.java:logGet(43)) - raft.server.log.segment.size.max = 1048576 (custom)
2019-09-25 05:56:17,365 [pool-27-thread-1] INFO  server.RaftServerConfigKeys (ConfUtils.java:logGet(43)) - raft.server.log.preallocated.size = 16384 (custom)
2019-09-25 05:56:17,365 [pool-27-thread-1] INFO  server.RaftServerConfigKeys (ConfUtils.java:logGet(43)) - raft.server.log.write.buffer.size = 33554432 (custom)
2019-09-25 05:56:17,365 [pool-27-thread-1] INFO  server.RaftServerConfigKeys (ConfUtils.java:logGet(43)) - raft.server.log.force.sync.num = 128 (default)
2019-09-25 05:56:17,365 [pool-27-thread-1] INFO  server.RaftServerConfigKeys (ConfUtils.java:logGet(43)) - raft.server.log.statemachine.data.sync = true (default)
2019-09-25 05:56:17,365 [pool-27-thread-1] INFO  server.RaftServerConfigKeys (ConfUtils.java:logGet(43)) - raft.server.log.statemachine.data.sync.timeout = 10s (default)
2019-09-25 05:56:17,365 [pool-27-thread-1] INFO  server.RaftServerConfigKeys (ConfUtils.java:logGet(43)) - raft.server.log.statemachine.data.sync.timeout.retry = -1 (default)
2019-09-25 05:56:17,365 [pool-27-thread-1] INFO  server.RaftServerConfigKeys (ConfUtils.java:logGet(43)) - raft.server.log.statemachine.data.caching.enabled = true (custom)
2019-09-25 05:56:17,366 [pool-27-thread-1] INFO  segmented.SegmentedRaftLogWorker (SegmentedRaftLogWorker.java:lambda$new$0(132)) - 4a989990-004c-48a6-9d0e-df27d30930a7@group-2505C73FB85F-SegmentedRaftLogWorker: flushIndex: setUnconditionally 0 -> -1
2019-09-25 05:56:17,366 [pool-27-thread-1] INFO  server.RaftServerConfigKeys (ConfUtils.java:logGet(43)) - raft.server.snapshot.auto.trigger.enabled = true (custom)
2019-09-25 05:56:17,366 [pool-27-thread-1] INFO  server.RaftServerConfigKeys (ConfUtils.java:logGet(43)) - raft.server.snapshot.auto.trigger.threshold = 10000 (custom)
2019-09-25 05:56:17,366 [pool-27-thread-1] INFO  server.RaftServerConfigKeys (ConfUtils.java:logGet(43)) - raft.server.snapshot.retention.num.files = 5 (custom)
2019-09-25 05:56:17,366 [pool-27-thread-1] INFO  server.RaftServerConfigKeys (ConfUtils.java:logGet(43)) - raft.server.retrycache.expirytime = 600000ms (custom)
2019-09-25 05:56:17,369 [pool-27-thread-1] INFO  impl.RaftServerImpl (RaftServerImpl.java:start(185)) - 4a989990-004c-48a6-9d0e-df27d30930a7@group-2505C73FB85F: start as a follower, conf=-1: [4a989990-004c-48a6-9d0e-df27d30930a7:192.168.5.161:33719], old=null
2019-09-25 05:56:17,369 [pool-27-thread-1] INFO  impl.RaftServerImpl (RaftServerImpl.java:setRole(174)) - 4a989990-004c-48a6-9d0e-df27d30930a7@group-2505C73FB85F: changes role from      null to FOLLOWER at term 0 for startAsFollower
2019-09-25 05:56:17,369 [pool-27-thread-1] INFO  impl.RoleInfo (RoleInfo.java:updateAndGet(143)) - 4a989990-004c-48a6-9d0e-df27d30930a7: start FollowerState
2019-09-25 05:56:17,369 [pool-27-thread-1] INFO  util.JmxRegister (JmxRegister.java:tryRegister(44)) - Successfully registered JMX Bean with object name Ratis:service=RaftServer,group=group-2505C73FB85F,id=4a989990-004c-48a6-9d0e-df27d30930a7
2019-09-25 05:56:17,374 [RatisPipelineUtilsThread] INFO  pipeline.PipelineStateManager (PipelineStateManager.java:addPipeline(56)) - Created pipeline Pipeline[ Id: 55800c00-d7d3-4b57-be99-2505c73fb85f, Nodes: 4a989990-004c-48a6-9d0e-df27d30930a7{ip: 192.168.5.161, host: pr-hdds-1569-zxpks-796972592, networkLocation: /default-rack, certSerialId: null}, Type:RATIS, Factor:ONE, State:OPEN]
2019-09-25 05:56:17,375 [RatisPipelineUtilsThread] INFO  pipeline.PipelinePlacementPolicy (PipelinePlacementPolicy.java:meetCriteria(91)) - Pipeline Placement: can't place more pipeline on heavy datanode： 90309ab8-5448-4aca-b95f-8fb3fc665c41 Heaviness: 6 limit: 5
2019-09-25 05:56:17,375 [RatisPipelineUtilsThread] INFO  pipeline.PipelinePlacementPolicy (PipelinePlacementPolicy.java:meetCriteria(91)) - Pipeline Placement: can't place more pipeline on heavy datanode： 18c2403b-6685-48ec-8e85-5146801ccf7c Heaviness: 6 limit: 5
2019-09-25 05:56:17,375 [RatisPipelineUtilsThread] INFO  pipeline.PipelinePlacementPolicy (PipelinePlacementPolicy.java:meetCriteria(91)) - Pipeline Placement: can't place more pipeline on heavy datanode： 4a989990-004c-48a6-9d0e-df27d30930a7 Heaviness: 6 limit: 5
2019-09-25 05:56:17,375 [RatisPipelineUtilsThread] INFO  pipeline.PipelinePlacementPolicy (PipelinePlacementPolicy.java:meetCriteria(91)) - Pipeline Placement: can't place more pipeline on heavy datanode： f4bb89bf-b4cb-46d2-895a-458b0eef1f65 Heaviness: 6 limit: 5
2019-09-25 05:56:17,376 [RatisPipelineUtilsThread] INFO  pipeline.PipelinePlacementPolicy (PipelinePlacementPolicy.java:meetCriteria(91)) - Pipeline Placement: can't place more pipeline on heavy datanode： e93bb2c6-c39b-4618-a0fd-b5beeaf95472 Heaviness: 6 limit: 5
2019-09-25 05:56:17,376 [RatisPipelineUtilsThread] ERROR pipeline.PipelinePlacementPolicy (PipelinePlacementPolicy.java:filterViableNodes(148)) - Unable to find enough nodes that meet the criteria that cannot engage in more than 5 pipelines. Nodes required: 1 Found: 0, healthy nodes count inNodeManager: 5.
2019-09-25 05:56:17,379 [RatisPipelineUtilsThread] ERROR pipeline.SCMPipelineManager (SCMPipelineManager.java:createPipeline(167)) - Pipeline creation failed.
org.apache.hadoop.hdds.scm.exceptions.SCMException: Unable to find enough nodes that meet the criteria that cannot engage in more than 5 pipelines. Nodes required: 1 Found: 0, healthy nodes count inNodeManager: 5.
	at org.apache.hadoop.hdds.scm.pipeline.PipelinePlacementPolicy.filterViableNodes(PipelinePlacementPolicy.java:149)
	at org.apache.hadoop.hdds.scm.pipeline.PipelinePlacementPolicy.chooseDatanodes(PipelinePlacementPolicy.java:172)
	at org.apache.hadoop.hdds.scm.pipeline.RatisPipelineProvider.create(RatisPipelineProvider.java:93)
	at org.apache.hadoop.hdds.scm.pipeline.PipelineFactory.create(PipelineFactory.java:58)
	at org.apache.hadoop.hdds.scm.pipeline.SCMPipelineManager.createPipeline(SCMPipelineManager.java:155)
	at org.apache.hadoop.hdds.scm.pipeline.BackgroundPipelineCreator.createPipelines(BackgroundPipelineCreator.java:99)
	at java.util.concurrent.Executors$RunnableAdapter.call(Executors.java:511)
	at java.util.concurrent.FutureTask.run(FutureTask.java:266)
	at java.util.concurrent.ScheduledThreadPoolExecutor$ScheduledFutureTask.access$201(ScheduledThreadPoolExecutor.java:180)
	at java.util.concurrent.ScheduledThreadPoolExecutor$ScheduledFutureTask.run(ScheduledThreadPoolExecutor.java:293)
	at java.util.concurrent.ThreadPoolExecutor.runWorker(ThreadPoolExecutor.java:1149)
	at java.util.concurrent.ThreadPoolExecutor$Worker.run(ThreadPoolExecutor.java:624)
	at java.lang.Thread.run(Thread.java:748)
2019-09-25 05:56:17,381 [RatisPipelineUtilsThread] INFO  pipeline.PipelinePlacementPolicy (PipelinePlacementPolicy.java:meetCriteria(91)) - Pipeline Placement: can't place more pipeline on heavy datanode： 90309ab8-5448-4aca-b95f-8fb3fc665c41 Heaviness: 6 limit: 5
2019-09-25 05:56:17,382 [RatisPipelineUtilsThread] INFO  pipeline.PipelinePlacementPolicy (PipelinePlacementPolicy.java:meetCriteria(91)) - Pipeline Placement: can't place more pipeline on heavy datanode： 18c2403b-6685-48ec-8e85-5146801ccf7c Heaviness: 6 limit: 5
2019-09-25 05:56:17,382 [RatisPipelineUtilsThread] INFO  pipeline.PipelinePlacementPolicy (PipelinePlacementPolicy.java:meetCriteria(91)) - Pipeline Placement: can't place more pipeline on heavy datanode： 4a989990-004c-48a6-9d0e-df27d30930a7 Heaviness: 6 limit: 5
2019-09-25 05:56:17,382 [RatisPipelineUtilsThread] INFO  pipeline.PipelinePlacementPolicy (PipelinePlacementPolicy.java:meetCriteria(91)) - Pipeline Placement: can't place more pipeline on heavy datanode： f4bb89bf-b4cb-46d2-895a-458b0eef1f65 Heaviness: 6 limit: 5
2019-09-25 05:56:17,382 [RatisPipelineUtilsThread] INFO  pipeline.PipelinePlacementPolicy (PipelinePlacementPolicy.java:meetCriteria(91)) - Pipeline Placement: can't place more pipeline on heavy datanode： e93bb2c6-c39b-4618-a0fd-b5beeaf95472 Heaviness: 6 limit: 5
2019-09-25 05:56:17,383 [RatisPipelineUtilsThread] ERROR pipeline.PipelinePlacementPolicy (PipelinePlacementPolicy.java:filterViableNodes(148)) - Unable to find enough nodes that meet the criteria that cannot engage in more than 5 pipelines. Nodes required: 3 Found: 0, healthy nodes count inNodeManager: 5.
2019-09-25 05:56:17,383 [RatisPipelineUtilsThread] ERROR pipeline.SCMPipelineManager (SCMPipelineManager.java:createPipeline(167)) - Pipeline creation failed.
org.apache.hadoop.hdds.scm.exceptions.SCMException: Unable to find enough nodes that meet the criteria that cannot engage in more than 5 pipelines. Nodes required: 3 Found: 0, healthy nodes count inNodeManager: 5.
	at org.apache.hadoop.hdds.scm.pipeline.PipelinePlacementPolicy.filterViableNodes(PipelinePlacementPolicy.java:149)
	at org.apache.hadoop.hdds.scm.pipeline.PipelinePlacementPolicy.chooseDatanodes(PipelinePlacementPolicy.java:172)
	at org.apache.hadoop.hdds.scm.pipeline.RatisPipelineProvider.create(RatisPipelineProvider.java:93)
	at org.apache.hadoop.hdds.scm.pipeline.PipelineFactory.create(PipelineFactory.java:58)
	at org.apache.hadoop.hdds.scm.pipeline.SCMPipelineManager.createPipeline(SCMPipelineManager.java:155)
	at org.apache.hadoop.hdds.scm.pipeline.BackgroundPipelineCreator.createPipelines(BackgroundPipelineCreator.java:99)
	at java.util.concurrent.Executors$RunnableAdapter.call(Executors.java:511)
	at java.util.concurrent.FutureTask.run(FutureTask.java:266)
	at java.util.concurrent.ScheduledThreadPoolExecutor$ScheduledFutureTask.access$201(ScheduledThreadPoolExecutor.java:180)
	at java.util.concurrent.ScheduledThreadPoolExecutor$ScheduledFutureTask.run(ScheduledThreadPoolExecutor.java:293)
	at java.util.concurrent.ThreadPoolExecutor.runWorker(ThreadPoolExecutor.java:1149)
	at java.util.concurrent.ThreadPoolExecutor$Worker.run(ThreadPoolExecutor.java:624)
	at java.lang.Thread.run(Thread.java:748)
2019-09-25 05:56:17,384 [IPC Server handler 19 on 43305] INFO  pipeline.PipelinePlacementPolicy (PipelinePlacementPolicy.java:meetCriteria(91)) - Pipeline Placement: can't place more pipeline on heavy datanode： 90309ab8-5448-4aca-b95f-8fb3fc665c41 Heaviness: 6 limit: 5
2019-09-25 05:56:17,384 [IPC Server handler 19 on 43305] INFO  pipeline.PipelinePlacementPolicy (PipelinePlacementPolicy.java:meetCriteria(91)) - Pipeline Placement: can't place more pipeline on heavy datanode： 18c2403b-6685-48ec-8e85-5146801ccf7c Heaviness: 6 limit: 5
2019-09-25 05:56:17,384 [IPC Server handler 19 on 43305] INFO  pipeline.PipelinePlacementPolicy (PipelinePlacementPolicy.java:meetCriteria(91)) - Pipeline Placement: can't place more pipeline on heavy datanode： 4a989990-004c-48a6-9d0e-df27d30930a7 Heaviness: 6 limit: 5
2019-09-25 05:56:17,385 [IPC Server handler 19 on 43305] INFO  pipeline.PipelinePlacementPolicy (PipelinePlacementPolicy.java:meetCriteria(91)) - Pipeline Placement: can't place more pipeline on heavy datanode： f4bb89bf-b4cb-46d2-895a-458b0eef1f65 Heaviness: 6 limit: 5
2019-09-25 05:56:17,385 [IPC Server handler 19 on 43305] INFO  pipeline.PipelinePlacementPolicy (PipelinePlacementPolicy.java:meetCriteria(91)) - Pipeline Placement: can't place more pipeline on heavy datanode： e93bb2c6-c39b-4618-a0fd-b5beeaf95472 Heaviness: 6 limit: 5
2019-09-25 05:56:17,385 [IPC Server handler 19 on 43305] ERROR pipeline.PipelinePlacementPolicy (PipelinePlacementPolicy.java:filterViableNodes(148)) - Unable to find enough nodes that meet the criteria that cannot engage in more than 5 pipelines. Nodes required: 3 Found: 0, healthy nodes count inNodeManager: 5.
2019-09-25 05:56:17,385 [IPC Server handler 19 on 43305] ERROR pipeline.SCMPipelineManager (SCMPipelineManager.java:createPipeline(167)) - Pipeline creation failed.
org.apache.hadoop.hdds.scm.exceptions.SCMException: Unable to find enough nodes that meet the criteria that cannot engage in more than 5 pipelines. Nodes required: 3 Found: 0, healthy nodes count inNodeManager: 5.
	at org.apache.hadoop.hdds.scm.pipeline.PipelinePlacementPolicy.filterViableNodes(PipelinePlacementPolicy.java:149)
	at org.apache.hadoop.hdds.scm.pipeline.PipelinePlacementPolicy.chooseDatanodes(PipelinePlacementPolicy.java:172)
	at org.apache.hadoop.hdds.scm.pipeline.RatisPipelineProvider.create(RatisPipelineProvider.java:93)
	at org.apache.hadoop.hdds.scm.pipeline.PipelineFactory.create(PipelineFactory.java:58)
	at org.apache.hadoop.hdds.scm.pipeline.SCMPipelineManager.createPipeline(SCMPipelineManager.java:155)
	at org.apache.hadoop.hdds.scm.block.BlockManagerImpl.allocateBlock(BlockManagerImpl.java:190)
	at org.apache.hadoop.hdds.scm.server.SCMBlockProtocolServer.allocateBlock(SCMBlockProtocolServer.java:182)
	at org.apache.hadoop.ozone.protocolPB.ScmBlockLocationProtocolServerSideTranslatorPB.allocateScmBlock(ScmBlockLocationProtocolServerSideTranslatorPB.java:183)
	at org.apache.hadoop.ozone.protocolPB.ScmBlockLocationProtocolServerSideTranslatorPB.processMessage(ScmBlockLocationProtocolServerSideTranslatorPB.java:141)
	at org.apache.hadoop.ozone.protocolPB.ScmBlockLocationProtocolServerSideTranslatorPB.send(ScmBlockLocationProtocolServerSideTranslatorPB.java:116)
	at org.apache.hadoop.hdds.protocol.proto.ScmBlockLocationProtocolProtos$ScmBlockLocationProtocolService$2.callBlockingMethod(ScmBlockLocationProtocolProtos.java:13157)
	at org.apache.hadoop.ipc.ProtobufRpcEngine$Server$ProtoBufRpcInvoker.call(ProtobufRpcEngine.java:524)
	at org.apache.hadoop.ipc.RPC$Server.call(RPC.java:1025)
	at org.apache.hadoop.ipc.Server$RpcCall.run(Server.java:876)
	at org.apache.hadoop.ipc.Server$RpcCall.run(Server.java:822)
	at java.security.AccessController.doPrivileged(Native Method)
	at javax.security.auth.Subject.doAs(Subject.java:422)
	at org.apache.hadoop.security.UserGroupInformation.doAs(UserGroupInformation.java:1730)
	at org.apache.hadoop.ipc.Server$Handler.run(Server.java:2682)
2019-09-25 05:56:17,386 [IPC Server handler 19 on 43305] WARN  block.BlockManagerImpl (BlockManagerImpl.java:allocateBlock(192)) - Pipeline creation failed for type:RATIS factor:THREE. Retrying get pipelines call once.
org.apache.hadoop.hdds.scm.exceptions.SCMException: Unable to find enough nodes that meet the criteria that cannot engage in more than 5 pipelines. Nodes required: 3 Found: 0, healthy nodes count inNodeManager: 5.
	at org.apache.hadoop.hdds.scm.pipeline.PipelinePlacementPolicy.filterViableNodes(PipelinePlacementPolicy.java:149)
	at org.apache.hadoop.hdds.scm.pipeline.PipelinePlacementPolicy.chooseDatanodes(PipelinePlacementPolicy.java:172)
	at org.apache.hadoop.hdds.scm.pipeline.RatisPipelineProvider.create(RatisPipelineProvider.java:93)
	at org.apache.hadoop.hdds.scm.pipeline.PipelineFactory.create(PipelineFactory.java:58)
	at org.apache.hadoop.hdds.scm.pipeline.SCMPipelineManager.createPipeline(SCMPipelineManager.java:155)
	at org.apache.hadoop.hdds.scm.block.BlockManagerImpl.allocateBlock(BlockManagerImpl.java:190)
	at org.apache.hadoop.hdds.scm.server.SCMBlockProtocolServer.allocateBlock(SCMBlockProtocolServer.java:182)
	at org.apache.hadoop.ozone.protocolPB.ScmBlockLocationProtocolServerSideTranslatorPB.allocateScmBlock(ScmBlockLocationProtocolServerSideTranslatorPB.java:183)
	at org.apache.hadoop.ozone.protocolPB.ScmBlockLocationProtocolServerSideTranslatorPB.processMessage(ScmBlockLocationProtocolServerSideTranslatorPB.java:141)
	at org.apache.hadoop.ozone.protocolPB.ScmBlockLocationProtocolServerSideTranslatorPB.send(ScmBlockLocationProtocolServerSideTranslatorPB.java:116)
	at org.apache.hadoop.hdds.protocol.proto.ScmBlockLocationProtocolProtos$ScmBlockLocationProtocolService$2.callBlockingMethod(ScmBlockLocationProtocolProtos.java:13157)
	at org.apache.hadoop.ipc.ProtobufRpcEngine$Server$ProtoBufRpcInvoker.call(ProtobufRpcEngine.java:524)
	at org.apache.hadoop.ipc.RPC$Server.call(RPC.java:1025)
	at org.apache.hadoop.ipc.Server$RpcCall.run(Server.java:876)
	at org.apache.hadoop.ipc.Server$RpcCall.run(Server.java:822)
	at java.security.AccessController.doPrivileged(Native Method)
	at javax.security.auth.Subject.doAs(Subject.java:422)
	at org.apache.hadoop.security.UserGroupInformation.doAs(UserGroupInformation.java:1730)
	at org.apache.hadoop.ipc.Server$Handler.run(Server.java:2682)
2019-09-25 05:56:17,386 [RatisPipelineUtilsThread] INFO  pipeline.PipelinePlacementPolicy (PipelinePlacementPolicy.java:meetCriteria(91)) - Pipeline Placement: can't place more pipeline on heavy datanode： 90309ab8-5448-4aca-b95f-8fb3fc665c41 Heaviness: 6 limit: 5
2019-09-25 05:56:17,387 [RatisPipelineUtilsThread] INFO  pipeline.PipelinePlacementPolicy (PipelinePlacementPolicy.java:meetCriteria(91)) - Pipeline Placement: can't place more pipeline on heavy datanode： 18c2403b-6685-48ec-8e85-5146801ccf7c Heaviness: 6 limit: 5
2019-09-25 05:56:17,387 [RatisPipelineUtilsThread] INFO  pipeline.PipelinePlacementPolicy (PipelinePlacementPolicy.java:meetCriteria(91)) - Pipeline Placement: can't place more pipeline on heavy datanode： 4a989990-004c-48a6-9d0e-df27d30930a7 Heaviness: 6 limit: 5
2019-09-25 05:56:17,387 [RatisPipelineUtilsThread] INFO  pipeline.PipelinePlacementPolicy (PipelinePlacementPolicy.java:meetCriteria(91)) - Pipeline Placement: can't place more pipeline on heavy datanode： f4bb89bf-b4cb-46d2-895a-458b0eef1f65 Heaviness: 6 limit: 5
2019-09-25 05:56:17,387 [RatisPipelineUtilsThread] INFO  pipeline.PipelinePlacementPolicy (PipelinePlacementPolicy.java:meetCriteria(91)) - Pipeline Placement: can't place more pipeline on heavy datanode： e93bb2c6-c39b-4618-a0fd-b5beeaf95472 Heaviness: 6 limit: 5
2019-09-25 05:56:17,388 [RatisPipelineUtilsThread] ERROR pipeline.PipelinePlacementPolicy (PipelinePlacementPolicy.java:filterViableNodes(148)) - Unable to find enough nodes that meet the criteria that cannot engage in more than 5 pipelines. Nodes required: 1 Found: 0, healthy nodes count inNodeManager: 5.
2019-09-25 05:56:17,388 [RatisPipelineUtilsThread] ERROR pipeline.SCMPipelineManager (SCMPipelineManager.java:createPipeline(167)) - Pipeline creation failed.
org.apache.hadoop.hdds.scm.exceptions.SCMException: Unable to find enough nodes that meet the criteria that cannot engage in more than 5 pipelines. Nodes required: 1 Found: 0, healthy nodes count inNodeManager: 5.
	at org.apache.hadoop.hdds.scm.pipeline.PipelinePlacementPolicy.filterViableNodes(PipelinePlacementPolicy.java:149)
	at org.apache.hadoop.hdds.scm.pipeline.PipelinePlacementPolicy.chooseDatanodes(PipelinePlacementPolicy.java:172)
	at org.apache.hadoop.hdds.scm.pipeline.RatisPipelineProvider.create(RatisPipelineProvider.java:93)
	at org.apache.hadoop.hdds.scm.pipeline.PipelineFactory.create(PipelineFactory.java:58)
	at org.apache.hadoop.hdds.scm.pipeline.SCMPipelineManager.createPipeline(SCMPipelineManager.java:155)
	at org.apache.hadoop.hdds.scm.pipeline.BackgroundPipelineCreator.createPipelines(BackgroundPipelineCreator.java:99)
	at org.apache.hadoop.hdds.scm.pipeline.BackgroundPipelineCreator.lambda$startFixedIntervalPipelineCreator$0(BackgroundPipelineCreator.java:70)
	at java.util.concurrent.Executors$RunnableAdapter.call(Executors.java:511)
	at java.util.concurrent.FutureTask.runAndReset(FutureTask.java:308)
	at java.util.concurrent.ScheduledThreadPoolExecutor$ScheduledFutureTask.access$301(ScheduledThreadPoolExecutor.java:180)
	at java.util.concurrent.ScheduledThreadPoolExecutor$ScheduledFutureTask.run(ScheduledThreadPoolExecutor.java:294)
	at java.util.concurrent.ThreadPoolExecutor.runWorker(ThreadPoolExecutor.java:1149)
	at java.util.concurrent.ThreadPoolExecutor$Worker.run(ThreadPoolExecutor.java:624)
	at java.lang.Thread.run(Thread.java:748)
2019-09-25 05:56:17,389 [RatisPipelineUtilsThread] INFO  pipeline.PipelinePlacementPolicy (PipelinePlacementPolicy.java:meetCriteria(91)) - Pipeline Placement: can't place more pipeline on heavy datanode： 90309ab8-5448-4aca-b95f-8fb3fc665c41 Heaviness: 6 limit: 5
2019-09-25 05:56:17,389 [RatisPipelineUtilsThread] INFO  pipeline.PipelinePlacementPolicy (PipelinePlacementPolicy.java:meetCriteria(91)) - Pipeline Placement: can't place more pipeline on heavy datanode： 18c2403b-6685-48ec-8e85-5146801ccf7c Heaviness: 6 limit: 5
2019-09-25 05:56:17,389 [RatisPipelineUtilsThread] INFO  pipeline.PipelinePlacementPolicy (PipelinePlacementPolicy.java:meetCriteria(91)) - Pipeline Placement: can't place more pipeline on heavy datanode： 4a989990-004c-48a6-9d0e-df27d30930a7 Heaviness: 6 limit: 5
2019-09-25 05:56:17,389 [RatisPipelineUtilsThread] INFO  pipeline.PipelinePlacementPolicy (PipelinePlacementPolicy.java:meetCriteria(91)) - Pipeline Placement: can't place more pipeline on heavy datanode： f4bb89bf-b4cb-46d2-895a-458b0eef1f65 Heaviness: 6 limit: 5
2019-09-25 05:56:17,389 [RatisPipelineUtilsThread] INFO  pipeline.PipelinePlacementPolicy (PipelinePlacementPolicy.java:meetCriteria(91)) - Pipeline Placement: can't place more pipeline on heavy datanode： e93bb2c6-c39b-4618-a0fd-b5beeaf95472 Heaviness: 6 limit: 5
2019-09-25 05:56:17,390 [RatisPipelineUtilsThread] ERROR pipeline.PipelinePlacementPolicy (PipelinePlacementPolicy.java:filterViableNodes(148)) - Unable to find enough nodes that meet the criteria that cannot engage in more than 5 pipelines. Nodes required: 3 Found: 0, healthy nodes count inNodeManager: 5.
2019-09-25 05:56:17,390 [RatisPipelineUtilsThread] ERROR pipeline.SCMPipelineManager (SCMPipelineManager.java:createPipeline(167)) - Pipeline creation failed.
org.apache.hadoop.hdds.scm.exceptions.SCMException: Unable to find enough nodes that meet the criteria that cannot engage in more than 5 pipelines. Nodes required: 3 Found: 0, healthy nodes count inNodeManager: 5.
	at org.apache.hadoop.hdds.scm.pipeline.PipelinePlacementPolicy.filterViableNodes(PipelinePlacementPolicy.java:149)
	at org.apache.hadoop.hdds.scm.pipeline.PipelinePlacementPolicy.chooseDatanodes(PipelinePlacementPolicy.java:172)
	at org.apache.hadoop.hdds.scm.pipeline.RatisPipelineProvider.create(RatisPipelineProvider.java:93)
	at org.apache.hadoop.hdds.scm.pipeline.PipelineFactory.create(PipelineFactory.java:58)
	at org.apache.hadoop.hdds.scm.pipeline.SCMPipelineManager.createPipeline(SCMPipelineManager.java:155)
	at org.apache.hadoop.hdds.scm.pipeline.BackgroundPipelineCreator.createPipelines(BackgroundPipelineCreator.java:99)
	at org.apache.hadoop.hdds.scm.pipeline.BackgroundPipelineCreator.lambda$startFixedIntervalPipelineCreator$0(BackgroundPipelineCreator.java:70)
	at java.util.concurrent.Executors$RunnableAdapter.call(Executors.java:511)
	at java.util.concurrent.FutureTask.runAndReset(FutureTask.java:308)
	at java.util.concurrent.ScheduledThreadPoolExecutor$ScheduledFutureTask.access$301(ScheduledThreadPoolExecutor.java:180)
	at java.util.concurrent.ScheduledThreadPoolExecutor$ScheduledFutureTask.run(ScheduledThreadPoolExecutor.java:294)
	at java.util.concurrent.ThreadPoolExecutor.runWorker(ThreadPoolExecutor.java:1149)
	at java.util.concurrent.ThreadPoolExecutor$Worker.run(ThreadPoolExecutor.java:624)
	at java.lang.Thread.run(Thread.java:748)
2019-09-25 05:56:17,390 [IPC Server handler 19 on 43305] INFO  block.BlockManagerImpl (BlockManagerImpl.java:allocateBlock(198)) - Could not find available pipeline of type:RATIS and factor:THREE even after retrying
2019-09-25 05:56:17,391 [IPC Server handler 19 on 43305] ERROR block.BlockManagerImpl (BlockManagerImpl.java:allocateBlock(222)) - Unable to allocate a block for the size: 4194304, type: RATIS, factor: THREE
2019-09-25 05:56:17,391 [IPC Server handler 19 on 43305] INFO  pipeline.PipelinePlacementPolicy (PipelinePlacementPolicy.java:meetCriteria(91)) - Pipeline Placement: can't place more pipeline on heavy datanode： 90309ab8-5448-4aca-b95f-8fb3fc665c41 Heaviness: 6 limit: 5
2019-09-25 05:56:17,391 [IPC Server handler 19 on 43305] INFO  pipeline.PipelinePlacementPolicy (PipelinePlacementPolicy.java:meetCriteria(91)) - Pipeline Placement: can't place more pipeline on heavy datanode： 18c2403b-6685-48ec-8e85-5146801ccf7c Heaviness: 6 limit: 5
2019-09-25 05:56:17,391 [IPC Server handler 19 on 43305] INFO  pipeline.PipelinePlacementPolicy (PipelinePlacementPolicy.java:meetCriteria(91)) - Pipeline Placement: can't place more pipeline on heavy datanode： 4a989990-004c-48a6-9d0e-df27d30930a7 Heaviness: 6 limit: 5
2019-09-25 05:56:17,392 [IPC Server handler 19 on 43305] INFO  pipeline.PipelinePlacementPolicy (PipelinePlacementPolicy.java:meetCriteria(91)) - Pipeline Placement: can't place more pipeline on heavy datanode： f4bb89bf-b4cb-46d2-895a-458b0eef1f65 Heaviness: 6 limit: 5
2019-09-25 05:56:17,392 [IPC Server handler 19 on 43305] INFO  pipeline.PipelinePlacementPolicy (PipelinePlacementPolicy.java:meetCriteria(91)) - Pipeline Placement: can't place more pipeline on heavy datanode： e93bb2c6-c39b-4618-a0fd-b5beeaf95472 Heaviness: 6 limit: 5
2019-09-25 05:56:17,392 [IPC Server handler 19 on 43305] ERROR pipeline.PipelinePlacementPolicy (PipelinePlacementPolicy.java:filterViableNodes(148)) - Unable to find enough nodes that meet the criteria that cannot engage in more than 5 pipelines. Nodes required: 3 Found: 0, healthy nodes count inNodeManager: 5.
2019-09-25 05:56:17,392 [IPC Server handler 19 on 43305] ERROR pipeline.SCMPipelineManager (SCMPipelineManager.java:createPipeline(167)) - Pipeline creation failed.
org.apache.hadoop.hdds.scm.exceptions.SCMException: Unable to find enough nodes that meet the criteria that cannot engage in more than 5 pipelines. Nodes required: 3 Found: 0, healthy nodes count inNodeManager: 5.
	at org.apache.hadoop.hdds.scm.pipeline.PipelinePlacementPolicy.filterViableNodes(PipelinePlacementPolicy.java:149)
	at org.apache.hadoop.hdds.scm.pipeline.PipelinePlacementPolicy.chooseDatanodes(PipelinePlacementPolicy.java:172)
	at org.apache.hadoop.hdds.scm.pipeline.RatisPipelineProvider.create(RatisPipelineProvider.java:93)
	at org.apache.hadoop.hdds.scm.pipeline.PipelineFactory.create(PipelineFactory.java:58)
	at org.apache.hadoop.hdds.scm.pipeline.SCMPipelineManager.createPipeline(SCMPipelineManager.java:155)
	at org.apache.hadoop.hdds.scm.block.BlockManagerImpl.allocateBlock(BlockManagerImpl.java:190)
	at org.apache.hadoop.hdds.scm.server.SCMBlockProtocolServer.allocateBlock(SCMBlockProtocolServer.java:182)
	at org.apache.hadoop.ozone.protocolPB.ScmBlockLocationProtocolServerSideTranslatorPB.allocateScmBlock(ScmBlockLocationProtocolServerSideTranslatorPB.java:183)
	at org.apache.hadoop.ozone.protocolPB.ScmBlockLocationProtocolServerSideTranslatorPB.processMessage(ScmBlockLocationProtocolServerSideTranslatorPB.java:141)
	at org.apache.hadoop.ozone.protocolPB.ScmBlockLocationProtocolServerSideTranslatorPB.send(ScmBlockLocationProtocolServerSideTranslatorPB.java:116)
	at org.apache.hadoop.hdds.protocol.proto.ScmBlockLocationProtocolProtos$ScmBlockLocationProtocolService$2.callBlockingMethod(ScmBlockLocationProtocolProtos.java:13157)
	at org.apache.hadoop.ipc.ProtobufRpcEngine$Server$ProtoBufRpcInvoker.call(ProtobufRpcEngine.java:524)
	at org.apache.hadoop.ipc.RPC$Server.call(RPC.java:1025)
	at org.apache.hadoop.ipc.Server$RpcCall.run(Server.java:876)
	at org.apache.hadoop.ipc.Server$RpcCall.run(Server.java:822)
	at java.security.AccessController.doPrivileged(Native Method)
	at javax.security.auth.Subject.doAs(Subject.java:422)
	at org.apache.hadoop.security.UserGroupInformation.doAs(UserGroupInformation.java:1730)
	at org.apache.hadoop.ipc.Server$Handler.run(Server.java:2682)
2019-09-25 05:56:17,393 [IPC Server handler 19 on 43305] WARN  block.BlockManagerImpl (BlockManagerImpl.java:allocateBlock(192)) - Pipeline creation failed for type:RATIS factor:THREE. Retrying get pipelines call once.
org.apache.hadoop.hdds.scm.exceptions.SCMException: Unable to find enough nodes that meet the criteria that cannot engage in more than 5 pipelines. Nodes required: 3 Found: 0, healthy nodes count inNodeManager: 5.
	at org.apache.hadoop.hdds.scm.pipeline.PipelinePlacementPolicy.filterViableNodes(PipelinePlacementPolicy.java:149)
	at org.apache.hadoop.hdds.scm.pipeline.PipelinePlacementPolicy.chooseDatanodes(PipelinePlacementPolicy.java:172)
	at org.apache.hadoop.hdds.scm.pipeline.RatisPipelineProvider.create(RatisPipelineProvider.java:93)
	at org.apache.hadoop.hdds.scm.pipeline.PipelineFactory.create(PipelineFactory.java:58)
	at org.apache.hadoop.hdds.scm.pipeline.SCMPipelineManager.createPipeline(SCMPipelineManager.java:155)
	at org.apache.hadoop.hdds.scm.block.BlockManagerImpl.allocateBlock(BlockManagerImpl.java:190)
	at org.apache.hadoop.hdds.scm.server.SCMBlockProtocolServer.allocateBlock(SCMBlockProtocolServer.java:182)
	at org.apache.hadoop.ozone.protocolPB.ScmBlockLocationProtocolServerSideTranslatorPB.allocateScmBlock(ScmBlockLocationProtocolServerSideTranslatorPB.java:183)
	at org.apache.hadoop.ozone.protocolPB.ScmBlockLocationProtocolServerSideTranslatorPB.processMessage(ScmBlockLocationProtocolServerSideTranslatorPB.java:141)
	at org.apache.hadoop.ozone.protocolPB.ScmBlockLocationProtocolServerSideTranslatorPB.send(ScmBlockLocationProtocolServerSideTranslatorPB.java:116)
	at org.apache.hadoop.hdds.protocol.proto.ScmBlockLocationProtocolProtos$ScmBlockLocationProtocolService$2.callBlockingMethod(ScmBlockLocationProtocolProtos.java:13157)
	at org.apache.hadoop.ipc.ProtobufRpcEngine$Server$ProtoBufRpcInvoker.call(ProtobufRpcEngine.java:524)
	at org.apache.hadoop.ipc.RPC$Server.call(RPC.java:1025)
	at org.apache.hadoop.ipc.Server$RpcCall.run(Server.java:876)
	at org.apache.hadoop.ipc.Server$RpcCall.run(Server.java:822)
	at java.security.AccessController.doPrivileged(Native Method)
	at javax.security.auth.Subject.doAs(Subject.java:422)
	at org.apache.hadoop.security.UserGroupInformation.doAs(UserGroupInformation.java:1730)
	at org.apache.hadoop.ipc.Server$Handler.run(Server.java:2682)
2019-09-25 05:56:17,393 [IPC Server handler 19 on 43305] INFO  block.BlockManagerImpl (BlockManagerImpl.java:allocateBlock(198)) - Could not find available pipeline of type:RATIS and factor:THREE even after retrying
2019-09-25 05:56:17,393 [IPC Server handler 19 on 43305] ERROR block.BlockManagerImpl (BlockManagerImpl.java:allocateBlock(222)) - Unable to allocate a block for the size: 4194304, type: RATIS, factor: THREE
2019-09-25 05:56:17,394 [IPC Server handler 19 on 43305] INFO  pipeline.PipelinePlacementPolicy (PipelinePlacementPolicy.java:meetCriteria(91)) - Pipeline Placement: can't place more pipeline on heavy datanode： 90309ab8-5448-4aca-b95f-8fb3fc665c41 Heaviness: 6 limit: 5
2019-09-25 05:56:17,394 [IPC Server handler 19 on 43305] INFO  pipeline.PipelinePlacementPolicy (PipelinePlacementPolicy.java:meetCriteria(91)) - Pipeline Placement: can't place more pipeline on heavy datanode： 18c2403b-6685-48ec-8e85-5146801ccf7c Heaviness: 6 limit: 5
2019-09-25 05:56:17,394 [IPC Server handler 19 on 43305] INFO  pipeline.PipelinePlacementPolicy (PipelinePlacementPolicy.java:meetCriteria(91)) - Pipeline Placement: can't place more pipeline on heavy datanode： 4a989990-004c-48a6-9d0e-df27d30930a7 Heaviness: 6 limit: 5
2019-09-25 05:56:17,394 [IPC Server handler 19 on 43305] INFO  pipeline.PipelinePlacementPolicy (PipelinePlacementPolicy.java:meetCriteria(91)) - Pipeline Placement: can't place more pipeline on heavy datanode： f4bb89bf-b4cb-46d2-895a-458b0eef1f65 Heaviness: 6 limit: 5
2019-09-25 05:56:17,395 [IPC Server handler 19 on 43305] INFO  pipeline.PipelinePlacementPolicy (PipelinePlacementPolicy.java:meetCriteria(91)) - Pipeline Placement: can't place more pipeline on heavy datanode： e93bb2c6-c39b-4618-a0fd-b5beeaf95472 Heaviness: 6 limit: 5
2019-09-25 05:56:17,395 [IPC Server handler 19 on 43305] ERROR pipeline.PipelinePlacementPolicy (PipelinePlacementPolicy.java:filterViableNodes(148)) - Unable to find enough nodes that meet the criteria that cannot engage in more than 5 pipelines. Nodes required: 3 Found: 0, healthy nodes count inNodeManager: 5.
2019-09-25 05:56:17,395 [IPC Server handler 19 on 43305] ERROR pipeline.SCMPipelineManager (SCMPipelineManager.java:createPipeline(167)) - Pipeline creation failed.
org.apache.hadoop.hdds.scm.exceptions.SCMException: Unable to find enough nodes that meet the criteria that cannot engage in more than 5 pipelines. Nodes required: 3 Found: 0, healthy nodes count inNodeManager: 5.
	at org.apache.hadoop.hdds.scm.pipeline.PipelinePlacementPolicy.filterViableNodes(PipelinePlacementPolicy.java:149)
	at org.apache.hadoop.hdds.scm.pipeline.PipelinePlacementPolicy.chooseDatanodes(PipelinePlacementPolicy.java:172)
	at org.apache.hadoop.hdds.scm.pipeline.RatisPipelineProvider.create(RatisPipelineProvider.java:93)
	at org.apache.hadoop.hdds.scm.pipeline.PipelineFactory.create(PipelineFactory.java:58)
	at org.apache.hadoop.hdds.scm.pipeline.SCMPipelineManager.createPipeline(SCMPipelineManager.java:155)
	at org.apache.hadoop.hdds.scm.block.BlockManagerImpl.allocateBlock(BlockManagerImpl.java:190)
	at org.apache.hadoop.hdds.scm.server.SCMBlockProtocolServer.allocateBlock(SCMBlockProtocolServer.java:182)
	at org.apache.hadoop.ozone.protocolPB.ScmBlockLocationProtocolServerSideTranslatorPB.allocateScmBlock(ScmBlockLocationProtocolServerSideTranslatorPB.java:183)
	at org.apache.hadoop.ozone.protocolPB.ScmBlockLocationProtocolServerSideTranslatorPB.processMessage(ScmBlockLocationProtocolServerSideTranslatorPB.java:141)
	at org.apache.hadoop.ozone.protocolPB.ScmBlockLocationProtocolServerSideTranslatorPB.send(ScmBlockLocationProtocolServerSideTranslatorPB.java:116)
	at org.apache.hadoop.hdds.protocol.proto.ScmBlockLocationProtocolProtos$ScmBlockLocationProtocolService$2.callBlockingMethod(ScmBlockLocationProtocolProtos.java:13157)
	at org.apache.hadoop.ipc.ProtobufRpcEngine$Server$ProtoBufRpcInvoker.call(ProtobufRpcEngine.java:524)
	at org.apache.hadoop.ipc.RPC$Server.call(RPC.java:1025)
	at org.apache.hadoop.ipc.Server$RpcCall.run(Server.java:876)
	at org.apache.hadoop.ipc.Server$RpcCall.run(Server.java:822)
	at java.security.AccessController.doPrivileged(Native Method)
	at javax.security.auth.Subject.doAs(Subject.java:422)
	at org.apache.hadoop.security.UserGroupInformation.doAs(UserGroupInformation.java:1730)
	at org.apache.hadoop.ipc.Server$Handler.run(Server.java:2682)
2019-09-25 05:56:17,396 [IPC Server handler 19 on 43305] WARN  block.BlockManagerImpl (BlockManagerImpl.java:allocateBlock(192)) - Pipeline creation failed for type:RATIS factor:THREE. Retrying get pipelines call once.
org.apache.hadoop.hdds.scm.exceptions.SCMException: Unable to find enough nodes that meet the criteria that cannot engage in more than 5 pipelines. Nodes required: 3 Found: 0, healthy nodes count inNodeManager: 5.
	at org.apache.hadoop.hdds.scm.pipeline.PipelinePlacementPolicy.filterViableNodes(PipelinePlacementPolicy.java:149)
	at org.apache.hadoop.hdds.scm.pipeline.PipelinePlacementPolicy.chooseDatanodes(PipelinePlacementPolicy.java:172)
	at org.apache.hadoop.hdds.scm.pipeline.RatisPipelineProvider.create(RatisPipelineProvider.java:93)
	at org.apache.hadoop.hdds.scm.pipeline.PipelineFactory.create(PipelineFactory.java:58)
	at org.apache.hadoop.hdds.scm.pipeline.SCMPipelineManager.createPipeline(SCMPipelineManager.java:155)
	at org.apache.hadoop.hdds.scm.block.BlockManagerImpl.allocateBlock(BlockManagerImpl.java:190)
	at org.apache.hadoop.hdds.scm.server.SCMBlockProtocolServer.allocateBlock(SCMBlockProtocolServer.java:182)
	at org.apache.hadoop.ozone.protocolPB.ScmBlockLocationProtocolServerSideTranslatorPB.allocateScmBlock(ScmBlockLocationProtocolServerSideTranslatorPB.java:183)
	at org.apache.hadoop.ozone.protocolPB.ScmBlockLocationProtocolServerSideTranslatorPB.processMessage(ScmBlockLocationProtocolServerSideTranslatorPB.java:141)
	at org.apache.hadoop.ozone.protocolPB.ScmBlockLocationProtocolServerSideTranslatorPB.send(ScmBlockLocationProtocolServerSideTranslatorPB.java:116)
	at org.apache.hadoop.hdds.protocol.proto.ScmBlockLocationProtocolProtos$ScmBlockLocationProtocolService$2.callBlockingMethod(ScmBlockLocationProtocolProtos.java:13157)
	at org.apache.hadoop.ipc.ProtobufRpcEngine$Server$ProtoBufRpcInvoker.call(ProtobufRpcEngine.java:524)
	at org.apache.hadoop.ipc.RPC$Server.call(RPC.java:1025)
	at org.apache.hadoop.ipc.Server$RpcCall.run(Server.java:876)
	at org.apache.hadoop.ipc.Server$RpcCall.run(Server.java:822)
	at java.security.AccessController.doPrivileged(Native Method)
	at javax.security.auth.Subject.doAs(Subject.java:422)
	at org.apache.hadoop.security.UserGroupInformation.doAs(UserGroupInformation.java:1730)
	at org.apache.hadoop.ipc.Server$Handler.run(Server.java:2682)
2019-09-25 05:56:17,396 [IPC Server handler 19 on 43305] INFO  block.BlockManagerImpl (BlockManagerImpl.java:allocateBlock(198)) - Could not find available pipeline of type:RATIS and factor:THREE even after retrying
2019-09-25 05:56:17,396 [IPC Server handler 19 on 43305] ERROR block.BlockManagerImpl (BlockManagerImpl.java:allocateBlock(222)) - Unable to allocate a block for the size: 4194304, type: RATIS, factor: THREE
2019-09-25 05:56:17,397 [IPC Server handler 19 on 43305] INFO  pipeline.PipelinePlacementPolicy (PipelinePlacementPolicy.java:meetCriteria(91)) - Pipeline Placement: can't place more pipeline on heavy datanode： 90309ab8-5448-4aca-b95f-8fb3fc665c41 Heaviness: 6 limit: 5
2019-09-25 05:56:17,397 [IPC Server handler 19 on 43305] INFO  pipeline.PipelinePlacementPolicy (PipelinePlacementPolicy.java:meetCriteria(91)) - Pipeline Placement: can't place more pipeline on heavy datanode： 18c2403b-6685-48ec-8e85-5146801ccf7c Heaviness: 6 limit: 5
2019-09-25 05:56:17,397 [IPC Server handler 19 on 43305] INFO  pipeline.PipelinePlacementPolicy (PipelinePlacementPolicy.java:meetCriteria(91)) - Pipeline Placement: can't place more pipeline on heavy datanode： 4a989990-004c-48a6-9d0e-df27d30930a7 Heaviness: 6 limit: 5
2019-09-25 05:56:17,397 [IPC Server handler 19 on 43305] INFO  pipeline.PipelinePlacementPolicy (PipelinePlacementPolicy.java:meetCriteria(91)) - Pipeline Placement: can't place more pipeline on heavy datanode： f4bb89bf-b4cb-46d2-895a-458b0eef1f65 Heaviness: 6 limit: 5
2019-09-25 05:56:17,397 [IPC Server handler 19 on 43305] INFO  pipeline.PipelinePlacementPolicy (PipelinePlacementPolicy.java:meetCriteria(91)) - Pipeline Placement: can't place more pipeline on heavy datanode： e93bb2c6-c39b-4618-a0fd-b5beeaf95472 Heaviness: 6 limit: 5
2019-09-25 05:56:17,398 [IPC Server handler 19 on 43305] ERROR pipeline.PipelinePlacementPolicy (PipelinePlacementPolicy.java:filterViableNodes(148)) - Unable to find enough nodes that meet the criteria that cannot engage in more than 5 pipelines. Nodes required: 3 Found: 0, healthy nodes count inNodeManager: 5.
2019-09-25 05:56:17,398 [IPC Server handler 19 on 43305] ERROR pipeline.SCMPipelineManager (SCMPipelineManager.java:createPipeline(167)) - Pipeline creation failed.
org.apache.hadoop.hdds.scm.exceptions.SCMException: Unable to find enough nodes that meet the criteria that cannot engage in more than 5 pipelines. Nodes required: 3 Found: 0, healthy nodes count inNodeManager: 5.
	at org.apache.hadoop.hdds.scm.pipeline.PipelinePlacementPolicy.filterViableNodes(PipelinePlacementPolicy.java:149)
	at org.apache.hadoop.hdds.scm.pipeline.PipelinePlacementPolicy.chooseDatanodes(PipelinePlacementPolicy.java:172)
	at org.apache.hadoop.hdds.scm.pipeline.RatisPipelineProvider.create(RatisPipelineProvider.java:93)
	at org.apache.hadoop.hdds.scm.pipeline.PipelineFactory.create(PipelineFactory.java:58)
	at org.apache.hadoop.hdds.scm.pipeline.SCMPipelineManager.createPipeline(SCMPipelineManager.java:155)
	at org.apache.hadoop.hdds.scm.block.BlockManagerImpl.allocateBlock(BlockManagerImpl.java:190)
	at org.apache.hadoop.hdds.scm.server.SCMBlockProtocolServer.allocateBlock(SCMBlockProtocolServer.java:182)
	at org.apache.hadoop.ozone.protocolPB.ScmBlockLocationProtocolServerSideTranslatorPB.allocateScmBlock(ScmBlockLocationProtocolServerSideTranslatorPB.java:183)
	at org.apache.hadoop.ozone.protocolPB.ScmBlockLocationProtocolServerSideTranslatorPB.processMessage(ScmBlockLocationProtocolServerSideTranslatorPB.java:141)
	at org.apache.hadoop.ozone.protocolPB.ScmBlockLocationProtocolServerSideTranslatorPB.send(ScmBlockLocationProtocolServerSideTranslatorPB.java:116)
	at org.apache.hadoop.hdds.protocol.proto.ScmBlockLocationProtocolProtos$ScmBlockLocationProtocolService$2.callBlockingMethod(ScmBlockLocationProtocolProtos.java:13157)
	at org.apache.hadoop.ipc.ProtobufRpcEngine$Server$ProtoBufRpcInvoker.call(ProtobufRpcEngine.java:524)
	at org.apache.hadoop.ipc.RPC$Server.call(RPC.java:1025)
	at org.apache.hadoop.ipc.Server$RpcCall.run(Server.java:876)
	at org.apache.hadoop.ipc.Server$RpcCall.run(Server.java:822)
	at java.security.AccessController.doPrivileged(Native Method)
	at javax.security.auth.Subject.doAs(Subject.java:422)
	at org.apache.hadoop.security.UserGroupInformation.doAs(UserGroupInformation.java:1730)
	at org.apache.hadoop.ipc.Server$Handler.run(Server.java:2682)
2019-09-25 05:56:17,398 [IPC Server handler 19 on 43305] WARN  block.BlockManagerImpl (BlockManagerImpl.java:allocateBlock(192)) - Pipeline creation failed for type:RATIS factor:THREE. Retrying get pipelines call once.
org.apache.hadoop.hdds.scm.exceptions.SCMException: Unable to find enough nodes that meet the criteria that cannot engage in more than 5 pipelines. Nodes required: 3 Found: 0, healthy nodes count inNodeManager: 5.
	at org.apache.hadoop.hdds.scm.pipeline.PipelinePlacementPolicy.filterViableNodes(PipelinePlacementPolicy.java:149)
	at org.apache.hadoop.hdds.scm.pipeline.PipelinePlacementPolicy.chooseDatanodes(PipelinePlacementPolicy.java:172)
	at org.apache.hadoop.hdds.scm.pipeline.RatisPipelineProvider.create(RatisPipelineProvider.java:93)
	at org.apache.hadoop.hdds.scm.pipeline.PipelineFactory.create(PipelineFactory.java:58)
	at org.apache.hadoop.hdds.scm.pipeline.SCMPipelineManager.createPipeline(SCMPipelineManager.java:155)
	at org.apache.hadoop.hdds.scm.block.BlockManagerImpl.allocateBlock(BlockManagerImpl.java:190)
	at org.apache.hadoop.hdds.scm.server.SCMBlockProtocolServer.allocateBlock(SCMBlockProtocolServer.java:182)
	at org.apache.hadoop.ozone.protocolPB.ScmBlockLocationProtocolServerSideTranslatorPB.allocateScmBlock(ScmBlockLocationProtocolServerSideTranslatorPB.java:183)
	at org.apache.hadoop.ozone.protocolPB.ScmBlockLocationProtocolServerSideTranslatorPB.processMessage(ScmBlockLocationProtocolServerSideTranslatorPB.java:141)
	at org.apache.hadoop.ozone.protocolPB.ScmBlockLocationProtocolServerSideTranslatorPB.send(ScmBlockLocationProtocolServerSideTranslatorPB.java:116)
	at org.apache.hadoop.hdds.protocol.proto.ScmBlockLocationProtocolProtos$ScmBlockLocationProtocolService$2.callBlockingMethod(ScmBlockLocationProtocolProtos.java:13157)
	at org.apache.hadoop.ipc.ProtobufRpcEngine$Server$ProtoBufRpcInvoker.call(ProtobufRpcEngine.java:524)
	at org.apache.hadoop.ipc.RPC$Server.call(RPC.java:1025)
	at org.apache.hadoop.ipc.Server$RpcCall.run(Server.java:876)
	at org.apache.hadoop.ipc.Server$RpcCall.run(Server.java:822)
	at java.security.AccessController.doPrivileged(Native Method)
	at javax.security.auth.Subject.doAs(Subject.java:422)
	at org.apache.hadoop.security.UserGroupInformation.doAs(UserGroupInformation.java:1730)
	at org.apache.hadoop.ipc.Server$Handler.run(Server.java:2682)
2019-09-25 05:56:17,399 [IPC Server handler 19 on 43305] INFO  block.BlockManagerImpl (BlockManagerImpl.java:allocateBlock(198)) - Could not find available pipeline of type:RATIS and factor:THREE even after retrying
2019-09-25 05:56:17,399 [IPC Server handler 19 on 43305] ERROR block.BlockManagerImpl (BlockManagerImpl.java:allocateBlock(222)) - Unable to allocate a block for the size: 4194304, type: RATIS, factor: THREE
2019-09-25 05:56:17,399 [IPC Server handler 19 on 43305] INFO  pipeline.PipelinePlacementPolicy (PipelinePlacementPolicy.java:meetCriteria(91)) - Pipeline Placement: can't place more pipeline on heavy datanode： 90309ab8-5448-4aca-b95f-8fb3fc665c41 Heaviness: 6 limit: 5
2019-09-25 05:56:17,399 [IPC Server handler 19 on 43305] INFO  pipeline.PipelinePlacementPolicy (PipelinePlacementPolicy.java:meetCriteria(91)) - Pipeline Placement: can't place more pipeline on heavy datanode： 18c2403b-6685-48ec-8e85-5146801ccf7c Heaviness: 6 limit: 5
2019-09-25 05:56:17,400 [IPC Server handler 19 on 43305] INFO  pipeline.PipelinePlacementPolicy (PipelinePlacementPolicy.java:meetCriteria(91)) - Pipeline Placement: can't place more pipeline on heavy datanode： 4a989990-004c-48a6-9d0e-df27d30930a7 Heaviness: 6 limit: 5
2019-09-25 05:56:17,400 [IPC Server handler 19 on 43305] INFO  pipeline.PipelinePlacementPolicy (PipelinePlacementPolicy.java:meetCriteria(91)) - Pipeline Placement: can't place more pipeline on heavy datanode： f4bb89bf-b4cb-46d2-895a-458b0eef1f65 Heaviness: 6 limit: 5
2019-09-25 05:56:17,400 [IPC Server handler 19 on 43305] INFO  pipeline.PipelinePlacementPolicy (PipelinePlacementPolicy.java:meetCriteria(91)) - Pipeline Placement: can't place more pipeline on heavy datanode： e93bb2c6-c39b-4618-a0fd-b5beeaf95472 Heaviness: 6 limit: 5
2019-09-25 05:56:17,400 [IPC Server handler 19 on 43305] ERROR pipeline.PipelinePlacementPolicy (PipelinePlacementPolicy.java:filterViableNodes(148)) - Unable to find enough nodes that meet the criteria that cannot engage in more than 5 pipelines. Nodes required: 3 Found: 0, healthy nodes count inNodeManager: 5.
2019-09-25 05:56:17,400 [IPC Server handler 19 on 43305] ERROR pipeline.SCMPipelineManager (SCMPipelineManager.java:createPipeline(167)) - Pipeline creation failed.
org.apache.hadoop.hdds.scm.exceptions.SCMException: Unable to find enough nodes that meet the criteria that cannot engage in more than 5 pipelines. Nodes required: 3 Found: 0, healthy nodes count inNodeManager: 5.
	at org.apache.hadoop.hdds.scm.pipeline.PipelinePlacementPolicy.filterViableNodes(PipelinePlacementPolicy.java:149)
	at org.apache.hadoop.hdds.scm.pipeline.PipelinePlacementPolicy.chooseDatanodes(PipelinePlacementPolicy.java:172)
	at org.apache.hadoop.hdds.scm.pipeline.RatisPipelineProvider.create(RatisPipelineProvider.java:93)
	at org.apache.hadoop.hdds.scm.pipeline.PipelineFactory.create(PipelineFactory.java:58)
	at org.apache.hadoop.hdds.scm.pipeline.SCMPipelineManager.createPipeline(SCMPipelineManager.java:155)
	at org.apache.hadoop.hdds.scm.block.BlockManagerImpl.allocateBlock(BlockManagerImpl.java:190)
	at org.apache.hadoop.hdds.scm.server.SCMBlockProtocolServer.allocateBlock(SCMBlockProtocolServer.java:182)
	at org.apache.hadoop.ozone.protocolPB.ScmBlockLocationProtocolServerSideTranslatorPB.allocateScmBlock(ScmBlockLocationProtocolServerSideTranslatorPB.java:183)
	at org.apache.hadoop.ozone.protocolPB.ScmBlockLocationProtocolServerSideTranslatorPB.processMessage(ScmBlockLocationProtocolServerSideTranslatorPB.java:141)
	at org.apache.hadoop.ozone.protocolPB.ScmBlockLocationProtocolServerSideTranslatorPB.send(ScmBlockLocationProtocolServerSideTranslatorPB.java:116)
	at org.apache.hadoop.hdds.protocol.proto.ScmBlockLocationProtocolProtos$ScmBlockLocationProtocolService$2.callBlockingMethod(ScmBlockLocationProtocolProtos.java:13157)
	at org.apache.hadoop.ipc.ProtobufRpcEngine$Server$ProtoBufRpcInvoker.call(ProtobufRpcEngine.java:524)
	at org.apache.hadoop.ipc.RPC$Server.call(RPC.java:1025)
	at org.apache.hadoop.ipc.Server$RpcCall.run(Server.java:876)
	at org.apache.hadoop.ipc.Server$RpcCall.run(Server.java:822)
	at java.security.AccessController.doPrivileged(Native Method)
	at javax.security.auth.Subject.doAs(Subject.java:422)
	at org.apache.hadoop.security.UserGroupInformation.doAs(UserGroupInformation.java:1730)
	at org.apache.hadoop.ipc.Server$Handler.run(Server.java:2682)
2019-09-25 05:56:17,401 [IPC Server handler 19 on 43305] WARN  block.BlockManagerImpl (BlockManagerImpl.java:allocateBlock(192)) - Pipeline creation failed for type:RATIS factor:THREE. Retrying get pipelines call once.
org.apache.hadoop.hdds.scm.exceptions.SCMException: Unable to find enough nodes that meet the criteria that cannot engage in more than 5 pipelines. Nodes required: 3 Found: 0, healthy nodes count inNodeManager: 5.
	at org.apache.hadoop.hdds.scm.pipeline.PipelinePlacementPolicy.filterViableNodes(PipelinePlacementPolicy.java:149)
	at org.apache.hadoop.hdds.scm.pipeline.PipelinePlacementPolicy.chooseDatanodes(PipelinePlacementPolicy.java:172)
	at org.apache.hadoop.hdds.scm.pipeline.RatisPipelineProvider.create(RatisPipelineProvider.java:93)
	at org.apache.hadoop.hdds.scm.pipeline.PipelineFactory.create(PipelineFactory.java:58)
	at org.apache.hadoop.hdds.scm.pipeline.SCMPipelineManager.createPipeline(SCMPipelineManager.java:155)
	at org.apache.hadoop.hdds.scm.block.BlockManagerImpl.allocateBlock(BlockManagerImpl.java:190)
	at org.apache.hadoop.hdds.scm.server.SCMBlockProtocolServer.allocateBlock(SCMBlockProtocolServer.java:182)
	at org.apache.hadoop.ozone.protocolPB.ScmBlockLocationProtocolServerSideTranslatorPB.allocateScmBlock(ScmBlockLocationProtocolServerSideTranslatorPB.java:183)
	at org.apache.hadoop.ozone.protocolPB.ScmBlockLocationProtocolServerSideTranslatorPB.processMessage(ScmBlockLocationProtocolServerSideTranslatorPB.java:141)
	at org.apache.hadoop.ozone.protocolPB.ScmBlockLocationProtocolServerSideTranslatorPB.send(ScmBlockLocationProtocolServerSideTranslatorPB.java:116)
	at org.apache.hadoop.hdds.protocol.proto.ScmBlockLocationProtocolProtos$ScmBlockLocationProtocolService$2.callBlockingMethod(ScmBlockLocationProtocolProtos.java:13157)
	at org.apache.hadoop.ipc.ProtobufRpcEngine$Server$ProtoBufRpcInvoker.call(ProtobufRpcEngine.java:524)
	at org.apache.hadoop.ipc.RPC$Server.call(RPC.java:1025)
	at org.apache.hadoop.ipc.Server$RpcCall.run(Server.java:876)
	at org.apache.hadoop.ipc.Server$RpcCall.run(Server.java:822)
	at java.security.AccessController.doPrivileged(Native Method)
	at javax.security.auth.Subject.doAs(Subject.java:422)
	at org.apache.hadoop.security.UserGroupInformation.doAs(UserGroupInformation.java:1730)
	at org.apache.hadoop.ipc.Server$Handler.run(Server.java:2682)
2019-09-25 05:56:17,402 [IPC Server handler 19 on 43305] INFO  block.BlockManagerImpl (BlockManagerImpl.java:allocateBlock(198)) - Could not find available pipeline of type:RATIS and factor:THREE even after retrying
2019-09-25 05:56:17,402 [IPC Server handler 19 on 43305] ERROR block.BlockManagerImpl (BlockManagerImpl.java:allocateBlock(222)) - Unable to allocate a block for the size: 4194304, type: RATIS, factor: THREE
2019-09-25 05:56:17,409 [pool-73-thread-3] ERROR freon.RandomKeyGenerator (RandomKeyGenerator.java:createKey(733)) - Exception while adding key: key-0-45317 in bucket: bucket-0-98407 of volume: vol-0-23551.
INTERNAL_ERROR org.apache.hadoop.ozone.om.exceptions.OMException: Allocated 0 blocks. Requested 5 blocks
	at org.apache.hadoop.ozone.om.protocolPB.OzoneManagerProtocolClientSideTranslatorPB.handleError(OzoneManagerProtocolClientSideTranslatorPB.java:732)
	at org.apache.hadoop.ozone.om.protocolPB.OzoneManagerProtocolClientSideTranslatorPB.openKey(OzoneManagerProtocolClientSideTranslatorPB.java:723)
	at sun.reflect.NativeMethodAccessorImpl.invoke0(Native Method)
	at sun.reflect.NativeMethodAccessorImpl.invoke(NativeMethodAccessorImpl.java:62)
	at sun.reflect.DelegatingMethodAccessorImpl.invoke(DelegatingMethodAccessorImpl.java:43)
	at java.lang.reflect.Method.invoke(Method.java:498)
	at org.apache.hadoop.hdds.tracing.TraceAllMethod.invoke(TraceAllMethod.java:66)
	at com.sun.proxy.$Proxy37.openKey(Unknown Source)
	at org.apache.hadoop.ozone.client.rpc.RpcClient.createKey(RpcClient.java:614)
	at org.apache.hadoop.ozone.client.OzoneBucket.createKey(OzoneBucket.java:325)
	at org.apache.hadoop.ozone.freon.RandomKeyGenerator.createKey(RandomKeyGenerator.java:695)
	at org.apache.hadoop.ozone.freon.RandomKeyGenerator.access$1100(RandomKeyGenerator.java:88)
	at org.apache.hadoop.ozone.freon.RandomKeyGenerator$ObjectCreator.run(RandomKeyGenerator.java:615)
	at java.util.concurrent.Executors$RunnableAdapter.call(Executors.java:511)
	at java.util.concurrent.FutureTask.run(FutureTask.java:266)
	at java.util.concurrent.ThreadPoolExecutor.runWorker(ThreadPoolExecutor.java:1149)
	at java.util.concurrent.ThreadPoolExecutor$Worker.run(ThreadPoolExecutor.java:624)
	at java.lang.Thread.run(Thread.java:748)
 0.00% |█                                                                                                    |  0/1 Time: 0:00:03 0.00% |█                                                                                                    |  0/1 Time: 0:00:04 100.00% |█████████████████████████████████████████████████████████████████████████████████████████████████████|  1/1 Time: 0:00:05
]]></system-out>
  </testcase>
  <testcase name="standaloneTestLargeKey" classname="org.apache.hadoop.ozone.freon.TestDataValidateWithDummyContainers" time="5.045">
    <error message="Allocated 0 blocks. Requested 5 blocks" type="INTERNAL_ERROR org.apache.hadoop.ozone.om.exceptions.OMException">INTERNAL_ERROR org.apache.hadoop.ozone.om.exceptions.OMException: Allocated 0 blocks. Requested 5 blocks
	at org.apache.hadoop.ozone.om.protocolPB.OzoneManagerProtocolClientSideTranslatorPB.handleError(OzoneManagerProtocolClientSideTranslatorPB.java:732)
	at org.apache.hadoop.ozone.om.protocolPB.OzoneManagerProtocolClientSideTranslatorPB.openKey(OzoneManagerProtocolClientSideTranslatorPB.java:723)
	at sun.reflect.NativeMethodAccessorImpl.invoke0(Native Method)
	at sun.reflect.NativeMethodAccessorImpl.invoke(NativeMethodAccessorImpl.java:62)
	at sun.reflect.DelegatingMethodAccessorImpl.invoke(DelegatingMethodAccessorImpl.java:43)
	at java.lang.reflect.Method.invoke(Method.java:498)
	at org.apache.hadoop.hdds.tracing.TraceAllMethod.invoke(TraceAllMethod.java:66)
	at com.sun.proxy.$Proxy37.openKey(Unknown Source)
	at org.apache.hadoop.ozone.client.rpc.RpcClient.createKey(RpcClient.java:614)
	at org.apache.hadoop.ozone.client.OzoneBucket.createKey(OzoneBucket.java:325)
	at org.apache.hadoop.ozone.freon.RandomKeyGenerator.createKey(RandomKeyGenerator.java:695)
	at org.apache.hadoop.ozone.freon.RandomKeyGenerator.access$1100(RandomKeyGenerator.java:88)
	at org.apache.hadoop.ozone.freon.RandomKeyGenerator$ObjectCreator.run(RandomKeyGenerator.java:615)
	at java.util.concurrent.Executors$RunnableAdapter.call(Executors.java:511)
	at java.util.concurrent.FutureTask.run(FutureTask.java:266)
	at java.util.concurrent.ThreadPoolExecutor.runWorker(ThreadPoolExecutor.java:1149)
	at java.util.concurrent.ThreadPoolExecutor$Worker.run(ThreadPoolExecutor.java:624)
	at java.lang.Thread.run(Thread.java:748)
</error>
    <system-out><![CDATA[2019-09-25 05:56:19,686 [main] INFO  freon.RandomKeyGenerator (RandomKeyGenerator.java:call(258)) - Override validateWrites to false, because hdds.container.chunk.persistdata is set to false.
2019-09-25 05:56:19,717 [main] INFO  freon.RandomKeyGenerator (RandomKeyGenerator.java:call(283)) - Number of Threads: 10
2019-09-25 05:56:19,717 [main] INFO  freon.RandomKeyGenerator (RandomKeyGenerator.java:call(288)) - Number of Volumes: 1.
2019-09-25 05:56:19,718 [main] INFO  freon.RandomKeyGenerator (RandomKeyGenerator.java:call(289)) - Number of Buckets per Volume: 1.
2019-09-25 05:56:19,718 [main] INFO  freon.RandomKeyGenerator (RandomKeyGenerator.java:call(290)) - Number of Keys per Bucket: 1.
2019-09-25 05:56:19,718 [main] INFO  freon.RandomKeyGenerator (RandomKeyGenerator.java:call(291)) - Key size: 20971520 bytes
2019-09-25 05:56:19,718 [main] INFO  freon.RandomKeyGenerator (RandomKeyGenerator.java:call(292)) - Buffer size: 4096 bytes
2019-09-25 05:56:19,718 [main] INFO  freon.RandomKeyGenerator (RandomKeyGenerator.java:call(293)) - validateWrites : false
2019-09-25 05:56:19,720 [pool-74-thread-1] INFO  rpc.RpcClient (RpcClient.java:createVolume(276)) - Creating Volume: vol-0-19816, with jenkins1000 as owner.
2019-09-25 05:56:19,720 [main] INFO  freon.RandomKeyGenerator (RandomKeyGenerator.java:call(313)) - Starting progress bar Thread.

 0.00% |█                                                                                                    |  0/1 Time: 0:00:002019-09-25 05:56:19,727 [IPC Server handler 8 on 45547] INFO  volume.OMVolumeCreateRequest (OMVolumeCreateRequest.java:validateAndUpdateCache(189)) - created volume:vol-0-19816 for user:jenkins1000
2019-09-25 05:56:19,746 [pool-74-thread-2] INFO  rpc.RpcClient (RpcClient.java:createBucket(415)) - Creating Bucket: vol-0-19816/bucket-0-08245, with Versioning false and Storage Type set to DISK and Encryption set to false 
2019-09-25 05:56:19,759 [IPC Server handler 0 on 43305] INFO  pipeline.PipelinePlacementPolicy (PipelinePlacementPolicy.java:meetCriteria(91)) - Pipeline Placement: can't place more pipeline on heavy datanode： 90309ab8-5448-4aca-b95f-8fb3fc665c41 Heaviness: 6 limit: 5
2019-09-25 05:56:19,759 [IPC Server handler 0 on 43305] INFO  pipeline.PipelinePlacementPolicy (PipelinePlacementPolicy.java:meetCriteria(91)) - Pipeline Placement: can't place more pipeline on heavy datanode： 18c2403b-6685-48ec-8e85-5146801ccf7c Heaviness: 6 limit: 5
2019-09-25 05:56:19,760 [IPC Server handler 0 on 43305] INFO  pipeline.PipelinePlacementPolicy (PipelinePlacementPolicy.java:meetCriteria(91)) - Pipeline Placement: can't place more pipeline on heavy datanode： 4a989990-004c-48a6-9d0e-df27d30930a7 Heaviness: 6 limit: 5
2019-09-25 05:56:19,760 [IPC Server handler 0 on 43305] INFO  pipeline.PipelinePlacementPolicy (PipelinePlacementPolicy.java:meetCriteria(91)) - Pipeline Placement: can't place more pipeline on heavy datanode： f4bb89bf-b4cb-46d2-895a-458b0eef1f65 Heaviness: 6 limit: 5
2019-09-25 05:56:19,760 [IPC Server handler 0 on 43305] INFO  pipeline.PipelinePlacementPolicy (PipelinePlacementPolicy.java:meetCriteria(91)) - Pipeline Placement: can't place more pipeline on heavy datanode： e93bb2c6-c39b-4618-a0fd-b5beeaf95472 Heaviness: 6 limit: 5
2019-09-25 05:56:19,760 [IPC Server handler 0 on 43305] ERROR pipeline.PipelinePlacementPolicy (PipelinePlacementPolicy.java:filterViableNodes(148)) - Unable to find enough nodes that meet the criteria that cannot engage in more than 5 pipelines. Nodes required: 3 Found: 0, healthy nodes count inNodeManager: 5.
2019-09-25 05:56:19,761 [IPC Server handler 0 on 43305] ERROR pipeline.SCMPipelineManager (SCMPipelineManager.java:createPipeline(167)) - Pipeline creation failed.
org.apache.hadoop.hdds.scm.exceptions.SCMException: Unable to find enough nodes that meet the criteria that cannot engage in more than 5 pipelines. Nodes required: 3 Found: 0, healthy nodes count inNodeManager: 5.
	at org.apache.hadoop.hdds.scm.pipeline.PipelinePlacementPolicy.filterViableNodes(PipelinePlacementPolicy.java:149)
	at org.apache.hadoop.hdds.scm.pipeline.PipelinePlacementPolicy.chooseDatanodes(PipelinePlacementPolicy.java:172)
	at org.apache.hadoop.hdds.scm.pipeline.RatisPipelineProvider.create(RatisPipelineProvider.java:93)
	at org.apache.hadoop.hdds.scm.pipeline.PipelineFactory.create(PipelineFactory.java:58)
	at org.apache.hadoop.hdds.scm.pipeline.SCMPipelineManager.createPipeline(SCMPipelineManager.java:155)
	at org.apache.hadoop.hdds.scm.block.BlockManagerImpl.allocateBlock(BlockManagerImpl.java:190)
	at org.apache.hadoop.hdds.scm.server.SCMBlockProtocolServer.allocateBlock(SCMBlockProtocolServer.java:182)
	at org.apache.hadoop.ozone.protocolPB.ScmBlockLocationProtocolServerSideTranslatorPB.allocateScmBlock(ScmBlockLocationProtocolServerSideTranslatorPB.java:183)
	at org.apache.hadoop.ozone.protocolPB.ScmBlockLocationProtocolServerSideTranslatorPB.processMessage(ScmBlockLocationProtocolServerSideTranslatorPB.java:141)
	at org.apache.hadoop.ozone.protocolPB.ScmBlockLocationProtocolServerSideTranslatorPB.send(ScmBlockLocationProtocolServerSideTranslatorPB.java:116)
	at org.apache.hadoop.hdds.protocol.proto.ScmBlockLocationProtocolProtos$ScmBlockLocationProtocolService$2.callBlockingMethod(ScmBlockLocationProtocolProtos.java:13157)
	at org.apache.hadoop.ipc.ProtobufRpcEngine$Server$ProtoBufRpcInvoker.call(ProtobufRpcEngine.java:524)
	at org.apache.hadoop.ipc.RPC$Server.call(RPC.java:1025)
	at org.apache.hadoop.ipc.Server$RpcCall.run(Server.java:876)
	at org.apache.hadoop.ipc.Server$RpcCall.run(Server.java:822)
	at java.security.AccessController.doPrivileged(Native Method)
	at javax.security.auth.Subject.doAs(Subject.java:422)
	at org.apache.hadoop.security.UserGroupInformation.doAs(UserGroupInformation.java:1730)
	at org.apache.hadoop.ipc.Server$Handler.run(Server.java:2682)
2019-09-25 05:56:19,761 [IPC Server handler 0 on 43305] WARN  block.BlockManagerImpl (BlockManagerImpl.java:allocateBlock(192)) - Pipeline creation failed for type:RATIS factor:THREE. Retrying get pipelines call once.
org.apache.hadoop.hdds.scm.exceptions.SCMException: Unable to find enough nodes that meet the criteria that cannot engage in more than 5 pipelines. Nodes required: 3 Found: 0, healthy nodes count inNodeManager: 5.
	at org.apache.hadoop.hdds.scm.pipeline.PipelinePlacementPolicy.filterViableNodes(PipelinePlacementPolicy.java:149)
	at org.apache.hadoop.hdds.scm.pipeline.PipelinePlacementPolicy.chooseDatanodes(PipelinePlacementPolicy.java:172)
	at org.apache.hadoop.hdds.scm.pipeline.RatisPipelineProvider.create(RatisPipelineProvider.java:93)
	at org.apache.hadoop.hdds.scm.pipeline.PipelineFactory.create(PipelineFactory.java:58)
	at org.apache.hadoop.hdds.scm.pipeline.SCMPipelineManager.createPipeline(SCMPipelineManager.java:155)
	at org.apache.hadoop.hdds.scm.block.BlockManagerImpl.allocateBlock(BlockManagerImpl.java:190)
	at org.apache.hadoop.hdds.scm.server.SCMBlockProtocolServer.allocateBlock(SCMBlockProtocolServer.java:182)
	at org.apache.hadoop.ozone.protocolPB.ScmBlockLocationProtocolServerSideTranslatorPB.allocateScmBlock(ScmBlockLocationProtocolServerSideTranslatorPB.java:183)
	at org.apache.hadoop.ozone.protocolPB.ScmBlockLocationProtocolServerSideTranslatorPB.processMessage(ScmBlockLocationProtocolServerSideTranslatorPB.java:141)
	at org.apache.hadoop.ozone.protocolPB.ScmBlockLocationProtocolServerSideTranslatorPB.send(ScmBlockLocationProtocolServerSideTranslatorPB.java:116)
	at org.apache.hadoop.hdds.protocol.proto.ScmBlockLocationProtocolProtos$ScmBlockLocationProtocolService$2.callBlockingMethod(ScmBlockLocationProtocolProtos.java:13157)
	at org.apache.hadoop.ipc.ProtobufRpcEngine$Server$ProtoBufRpcInvoker.call(ProtobufRpcEngine.java:524)
	at org.apache.hadoop.ipc.RPC$Server.call(RPC.java:1025)
	at org.apache.hadoop.ipc.Server$RpcCall.run(Server.java:876)
	at org.apache.hadoop.ipc.Server$RpcCall.run(Server.java:822)
	at java.security.AccessController.doPrivileged(Native Method)
	at javax.security.auth.Subject.doAs(Subject.java:422)
	at org.apache.hadoop.security.UserGroupInformation.doAs(UserGroupInformation.java:1730)
	at org.apache.hadoop.ipc.Server$Handler.run(Server.java:2682)
2019-09-25 05:56:19,762 [IPC Server handler 0 on 43305] INFO  block.BlockManagerImpl (BlockManagerImpl.java:allocateBlock(198)) - Could not find available pipeline of type:RATIS and factor:THREE even after retrying
2019-09-25 05:56:19,762 [IPC Server handler 0 on 43305] ERROR block.BlockManagerImpl (BlockManagerImpl.java:allocateBlock(222)) - Unable to allocate a block for the size: 4194304, type: RATIS, factor: THREE
2019-09-25 05:56:19,762 [IPC Server handler 0 on 43305] INFO  pipeline.PipelinePlacementPolicy (PipelinePlacementPolicy.java:meetCriteria(91)) - Pipeline Placement: can't place more pipeline on heavy datanode： 90309ab8-5448-4aca-b95f-8fb3fc665c41 Heaviness: 6 limit: 5
2019-09-25 05:56:19,763 [IPC Server handler 0 on 43305] INFO  pipeline.PipelinePlacementPolicy (PipelinePlacementPolicy.java:meetCriteria(91)) - Pipeline Placement: can't place more pipeline on heavy datanode： 18c2403b-6685-48ec-8e85-5146801ccf7c Heaviness: 6 limit: 5
2019-09-25 05:56:19,763 [IPC Server handler 0 on 43305] INFO  pipeline.PipelinePlacementPolicy (PipelinePlacementPolicy.java:meetCriteria(91)) - Pipeline Placement: can't place more pipeline on heavy datanode： 4a989990-004c-48a6-9d0e-df27d30930a7 Heaviness: 6 limit: 5
2019-09-25 05:56:19,763 [IPC Server handler 0 on 43305] INFO  pipeline.PipelinePlacementPolicy (PipelinePlacementPolicy.java:meetCriteria(91)) - Pipeline Placement: can't place more pipeline on heavy datanode： f4bb89bf-b4cb-46d2-895a-458b0eef1f65 Heaviness: 6 limit: 5
2019-09-25 05:56:19,763 [IPC Server handler 0 on 43305] INFO  pipeline.PipelinePlacementPolicy (PipelinePlacementPolicy.java:meetCriteria(91)) - Pipeline Placement: can't place more pipeline on heavy datanode： e93bb2c6-c39b-4618-a0fd-b5beeaf95472 Heaviness: 6 limit: 5
2019-09-25 05:56:19,763 [IPC Server handler 0 on 43305] ERROR pipeline.PipelinePlacementPolicy (PipelinePlacementPolicy.java:filterViableNodes(148)) - Unable to find enough nodes that meet the criteria that cannot engage in more than 5 pipelines. Nodes required: 3 Found: 0, healthy nodes count inNodeManager: 5.
2019-09-25 05:56:19,764 [IPC Server handler 0 on 43305] ERROR pipeline.SCMPipelineManager (SCMPipelineManager.java:createPipeline(167)) - Pipeline creation failed.
org.apache.hadoop.hdds.scm.exceptions.SCMException: Unable to find enough nodes that meet the criteria that cannot engage in more than 5 pipelines. Nodes required: 3 Found: 0, healthy nodes count inNodeManager: 5.
	at org.apache.hadoop.hdds.scm.pipeline.PipelinePlacementPolicy.filterViableNodes(PipelinePlacementPolicy.java:149)
	at org.apache.hadoop.hdds.scm.pipeline.PipelinePlacementPolicy.chooseDatanodes(PipelinePlacementPolicy.java:172)
	at org.apache.hadoop.hdds.scm.pipeline.RatisPipelineProvider.create(RatisPipelineProvider.java:93)
	at org.apache.hadoop.hdds.scm.pipeline.PipelineFactory.create(PipelineFactory.java:58)
	at org.apache.hadoop.hdds.scm.pipeline.SCMPipelineManager.createPipeline(SCMPipelineManager.java:155)
	at org.apache.hadoop.hdds.scm.block.BlockManagerImpl.allocateBlock(BlockManagerImpl.java:190)
	at org.apache.hadoop.hdds.scm.server.SCMBlockProtocolServer.allocateBlock(SCMBlockProtocolServer.java:182)
	at org.apache.hadoop.ozone.protocolPB.ScmBlockLocationProtocolServerSideTranslatorPB.allocateScmBlock(ScmBlockLocationProtocolServerSideTranslatorPB.java:183)
	at org.apache.hadoop.ozone.protocolPB.ScmBlockLocationProtocolServerSideTranslatorPB.processMessage(ScmBlockLocationProtocolServerSideTranslatorPB.java:141)
	at org.apache.hadoop.ozone.protocolPB.ScmBlockLocationProtocolServerSideTranslatorPB.send(ScmBlockLocationProtocolServerSideTranslatorPB.java:116)
	at org.apache.hadoop.hdds.protocol.proto.ScmBlockLocationProtocolProtos$ScmBlockLocationProtocolService$2.callBlockingMethod(ScmBlockLocationProtocolProtos.java:13157)
	at org.apache.hadoop.ipc.ProtobufRpcEngine$Server$ProtoBufRpcInvoker.call(ProtobufRpcEngine.java:524)
	at org.apache.hadoop.ipc.RPC$Server.call(RPC.java:1025)
	at org.apache.hadoop.ipc.Server$RpcCall.run(Server.java:876)
	at org.apache.hadoop.ipc.Server$RpcCall.run(Server.java:822)
	at java.security.AccessController.doPrivileged(Native Method)
	at javax.security.auth.Subject.doAs(Subject.java:422)
	at org.apache.hadoop.security.UserGroupInformation.doAs(UserGroupInformation.java:1730)
	at org.apache.hadoop.ipc.Server$Handler.run(Server.java:2682)
2019-09-25 05:56:19,764 [IPC Server handler 0 on 43305] WARN  block.BlockManagerImpl (BlockManagerImpl.java:allocateBlock(192)) - Pipeline creation failed for type:RATIS factor:THREE. Retrying get pipelines call once.
org.apache.hadoop.hdds.scm.exceptions.SCMException: Unable to find enough nodes that meet the criteria that cannot engage in more than 5 pipelines. Nodes required: 3 Found: 0, healthy nodes count inNodeManager: 5.
	at org.apache.hadoop.hdds.scm.pipeline.PipelinePlacementPolicy.filterViableNodes(PipelinePlacementPolicy.java:149)
	at org.apache.hadoop.hdds.scm.pipeline.PipelinePlacementPolicy.chooseDatanodes(PipelinePlacementPolicy.java:172)
	at org.apache.hadoop.hdds.scm.pipeline.RatisPipelineProvider.create(RatisPipelineProvider.java:93)
	at org.apache.hadoop.hdds.scm.pipeline.PipelineFactory.create(PipelineFactory.java:58)
	at org.apache.hadoop.hdds.scm.pipeline.SCMPipelineManager.createPipeline(SCMPipelineManager.java:155)
	at org.apache.hadoop.hdds.scm.block.BlockManagerImpl.allocateBlock(BlockManagerImpl.java:190)
	at org.apache.hadoop.hdds.scm.server.SCMBlockProtocolServer.allocateBlock(SCMBlockProtocolServer.java:182)
	at org.apache.hadoop.ozone.protocolPB.ScmBlockLocationProtocolServerSideTranslatorPB.allocateScmBlock(ScmBlockLocationProtocolServerSideTranslatorPB.java:183)
	at org.apache.hadoop.ozone.protocolPB.ScmBlockLocationProtocolServerSideTranslatorPB.processMessage(ScmBlockLocationProtocolServerSideTranslatorPB.java:141)
	at org.apache.hadoop.ozone.protocolPB.ScmBlockLocationProtocolServerSideTranslatorPB.send(ScmBlockLocationProtocolServerSideTranslatorPB.java:116)
	at org.apache.hadoop.hdds.protocol.proto.ScmBlockLocationProtocolProtos$ScmBlockLocationProtocolService$2.callBlockingMethod(ScmBlockLocationProtocolProtos.java:13157)
	at org.apache.hadoop.ipc.ProtobufRpcEngine$Server$ProtoBufRpcInvoker.call(ProtobufRpcEngine.java:524)
	at org.apache.hadoop.ipc.RPC$Server.call(RPC.java:1025)
	at org.apache.hadoop.ipc.Server$RpcCall.run(Server.java:876)
	at org.apache.hadoop.ipc.Server$RpcCall.run(Server.java:822)
	at java.security.AccessController.doPrivileged(Native Method)
	at javax.security.auth.Subject.doAs(Subject.java:422)
	at org.apache.hadoop.security.UserGroupInformation.doAs(UserGroupInformation.java:1730)
	at org.apache.hadoop.ipc.Server$Handler.run(Server.java:2682)
2019-09-25 05:56:19,765 [IPC Server handler 0 on 43305] INFO  block.BlockManagerImpl (BlockManagerImpl.java:allocateBlock(198)) - Could not find available pipeline of type:RATIS and factor:THREE even after retrying
2019-09-25 05:56:19,765 [IPC Server handler 0 on 43305] ERROR block.BlockManagerImpl (BlockManagerImpl.java:allocateBlock(222)) - Unable to allocate a block for the size: 4194304, type: RATIS, factor: THREE
2019-09-25 05:56:19,765 [IPC Server handler 0 on 43305] INFO  pipeline.PipelinePlacementPolicy (PipelinePlacementPolicy.java:meetCriteria(91)) - Pipeline Placement: can't place more pipeline on heavy datanode： 90309ab8-5448-4aca-b95f-8fb3fc665c41 Heaviness: 6 limit: 5
2019-09-25 05:56:19,765 [IPC Server handler 0 on 43305] INFO  pipeline.PipelinePlacementPolicy (PipelinePlacementPolicy.java:meetCriteria(91)) - Pipeline Placement: can't place more pipeline on heavy datanode： 18c2403b-6685-48ec-8e85-5146801ccf7c Heaviness: 6 limit: 5
2019-09-25 05:56:19,766 [IPC Server handler 0 on 43305] INFO  pipeline.PipelinePlacementPolicy (PipelinePlacementPolicy.java:meetCriteria(91)) - Pipeline Placement: can't place more pipeline on heavy datanode： 4a989990-004c-48a6-9d0e-df27d30930a7 Heaviness: 6 limit: 5
2019-09-25 05:56:19,766 [IPC Server handler 0 on 43305] INFO  pipeline.PipelinePlacementPolicy (PipelinePlacementPolicy.java:meetCriteria(91)) - Pipeline Placement: can't place more pipeline on heavy datanode： f4bb89bf-b4cb-46d2-895a-458b0eef1f65 Heaviness: 6 limit: 5
2019-09-25 05:56:19,766 [IPC Server handler 0 on 43305] INFO  pipeline.PipelinePlacementPolicy (PipelinePlacementPolicy.java:meetCriteria(91)) - Pipeline Placement: can't place more pipeline on heavy datanode： e93bb2c6-c39b-4618-a0fd-b5beeaf95472 Heaviness: 6 limit: 5
2019-09-25 05:56:19,766 [IPC Server handler 0 on 43305] ERROR pipeline.PipelinePlacementPolicy (PipelinePlacementPolicy.java:filterViableNodes(148)) - Unable to find enough nodes that meet the criteria that cannot engage in more than 5 pipelines. Nodes required: 3 Found: 0, healthy nodes count inNodeManager: 5.
2019-09-25 05:56:19,766 [IPC Server handler 0 on 43305] ERROR pipeline.SCMPipelineManager (SCMPipelineManager.java:createPipeline(167)) - Pipeline creation failed.
org.apache.hadoop.hdds.scm.exceptions.SCMException: Unable to find enough nodes that meet the criteria that cannot engage in more than 5 pipelines. Nodes required: 3 Found: 0, healthy nodes count inNodeManager: 5.
	at org.apache.hadoop.hdds.scm.pipeline.PipelinePlacementPolicy.filterViableNodes(PipelinePlacementPolicy.java:149)
	at org.apache.hadoop.hdds.scm.pipeline.PipelinePlacementPolicy.chooseDatanodes(PipelinePlacementPolicy.java:172)
	at org.apache.hadoop.hdds.scm.pipeline.RatisPipelineProvider.create(RatisPipelineProvider.java:93)
	at org.apache.hadoop.hdds.scm.pipeline.PipelineFactory.create(PipelineFactory.java:58)
	at org.apache.hadoop.hdds.scm.pipeline.SCMPipelineManager.createPipeline(SCMPipelineManager.java:155)
	at org.apache.hadoop.hdds.scm.block.BlockManagerImpl.allocateBlock(BlockManagerImpl.java:190)
	at org.apache.hadoop.hdds.scm.server.SCMBlockProtocolServer.allocateBlock(SCMBlockProtocolServer.java:182)
	at org.apache.hadoop.ozone.protocolPB.ScmBlockLocationProtocolServerSideTranslatorPB.allocateScmBlock(ScmBlockLocationProtocolServerSideTranslatorPB.java:183)
	at org.apache.hadoop.ozone.protocolPB.ScmBlockLocationProtocolServerSideTranslatorPB.processMessage(ScmBlockLocationProtocolServerSideTranslatorPB.java:141)
	at org.apache.hadoop.ozone.protocolPB.ScmBlockLocationProtocolServerSideTranslatorPB.send(ScmBlockLocationProtocolServerSideTranslatorPB.java:116)
	at org.apache.hadoop.hdds.protocol.proto.ScmBlockLocationProtocolProtos$ScmBlockLocationProtocolService$2.callBlockingMethod(ScmBlockLocationProtocolProtos.java:13157)
	at org.apache.hadoop.ipc.ProtobufRpcEngine$Server$ProtoBufRpcInvoker.call(ProtobufRpcEngine.java:524)
	at org.apache.hadoop.ipc.RPC$Server.call(RPC.java:1025)
	at org.apache.hadoop.ipc.Server$RpcCall.run(Server.java:876)
	at org.apache.hadoop.ipc.Server$RpcCall.run(Server.java:822)
	at java.security.AccessController.doPrivileged(Native Method)
	at javax.security.auth.Subject.doAs(Subject.java:422)
	at org.apache.hadoop.security.UserGroupInformation.doAs(UserGroupInformation.java:1730)
	at org.apache.hadoop.ipc.Server$Handler.run(Server.java:2682)
2019-09-25 05:56:19,767 [IPC Server handler 0 on 43305] WARN  block.BlockManagerImpl (BlockManagerImpl.java:allocateBlock(192)) - Pipeline creation failed for type:RATIS factor:THREE. Retrying get pipelines call once.
org.apache.hadoop.hdds.scm.exceptions.SCMException: Unable to find enough nodes that meet the criteria that cannot engage in more than 5 pipelines. Nodes required: 3 Found: 0, healthy nodes count inNodeManager: 5.
	at org.apache.hadoop.hdds.scm.pipeline.PipelinePlacementPolicy.filterViableNodes(PipelinePlacementPolicy.java:149)
	at org.apache.hadoop.hdds.scm.pipeline.PipelinePlacementPolicy.chooseDatanodes(PipelinePlacementPolicy.java:172)
	at org.apache.hadoop.hdds.scm.pipeline.RatisPipelineProvider.create(RatisPipelineProvider.java:93)
	at org.apache.hadoop.hdds.scm.pipeline.PipelineFactory.create(PipelineFactory.java:58)
	at org.apache.hadoop.hdds.scm.pipeline.SCMPipelineManager.createPipeline(SCMPipelineManager.java:155)
	at org.apache.hadoop.hdds.scm.block.BlockManagerImpl.allocateBlock(BlockManagerImpl.java:190)
	at org.apache.hadoop.hdds.scm.server.SCMBlockProtocolServer.allocateBlock(SCMBlockProtocolServer.java:182)
	at org.apache.hadoop.ozone.protocolPB.ScmBlockLocationProtocolServerSideTranslatorPB.allocateScmBlock(ScmBlockLocationProtocolServerSideTranslatorPB.java:183)
	at org.apache.hadoop.ozone.protocolPB.ScmBlockLocationProtocolServerSideTranslatorPB.processMessage(ScmBlockLocationProtocolServerSideTranslatorPB.java:141)
	at org.apache.hadoop.ozone.protocolPB.ScmBlockLocationProtocolServerSideTranslatorPB.send(ScmBlockLocationProtocolServerSideTranslatorPB.java:116)
	at org.apache.hadoop.hdds.protocol.proto.ScmBlockLocationProtocolProtos$ScmBlockLocationProtocolService$2.callBlockingMethod(ScmBlockLocationProtocolProtos.java:13157)
	at org.apache.hadoop.ipc.ProtobufRpcEngine$Server$ProtoBufRpcInvoker.call(ProtobufRpcEngine.java:524)
	at org.apache.hadoop.ipc.RPC$Server.call(RPC.java:1025)
	at org.apache.hadoop.ipc.Server$RpcCall.run(Server.java:876)
	at org.apache.hadoop.ipc.Server$RpcCall.run(Server.java:822)
	at java.security.AccessController.doPrivileged(Native Method)
	at javax.security.auth.Subject.doAs(Subject.java:422)
	at org.apache.hadoop.security.UserGroupInformation.doAs(UserGroupInformation.java:1730)
	at org.apache.hadoop.ipc.Server$Handler.run(Server.java:2682)
2019-09-25 05:56:19,767 [IPC Server handler 0 on 43305] INFO  block.BlockManagerImpl (BlockManagerImpl.java:allocateBlock(198)) - Could not find available pipeline of type:RATIS and factor:THREE even after retrying
2019-09-25 05:56:19,768 [IPC Server handler 0 on 43305] ERROR block.BlockManagerImpl (BlockManagerImpl.java:allocateBlock(222)) - Unable to allocate a block for the size: 4194304, type: RATIS, factor: THREE
2019-09-25 05:56:19,768 [IPC Server handler 0 on 43305] INFO  pipeline.PipelinePlacementPolicy (PipelinePlacementPolicy.java:meetCriteria(91)) - Pipeline Placement: can't place more pipeline on heavy datanode： 90309ab8-5448-4aca-b95f-8fb3fc665c41 Heaviness: 6 limit: 5
2019-09-25 05:56:19,768 [IPC Server handler 0 on 43305] INFO  pipeline.PipelinePlacementPolicy (PipelinePlacementPolicy.java:meetCriteria(91)) - Pipeline Placement: can't place more pipeline on heavy datanode： 18c2403b-6685-48ec-8e85-5146801ccf7c Heaviness: 6 limit: 5
2019-09-25 05:56:19,768 [IPC Server handler 0 on 43305] INFO  pipeline.PipelinePlacementPolicy (PipelinePlacementPolicy.java:meetCriteria(91)) - Pipeline Placement: can't place more pipeline on heavy datanode： 4a989990-004c-48a6-9d0e-df27d30930a7 Heaviness: 6 limit: 5
2019-09-25 05:56:19,769 [IPC Server handler 0 on 43305] INFO  pipeline.PipelinePlacementPolicy (PipelinePlacementPolicy.java:meetCriteria(91)) - Pipeline Placement: can't place more pipeline on heavy datanode： f4bb89bf-b4cb-46d2-895a-458b0eef1f65 Heaviness: 6 limit: 5
2019-09-25 05:56:19,769 [IPC Server handler 0 on 43305] INFO  pipeline.PipelinePlacementPolicy (PipelinePlacementPolicy.java:meetCriteria(91)) - Pipeline Placement: can't place more pipeline on heavy datanode： e93bb2c6-c39b-4618-a0fd-b5beeaf95472 Heaviness: 6 limit: 5
2019-09-25 05:56:19,769 [IPC Server handler 0 on 43305] ERROR pipeline.PipelinePlacementPolicy (PipelinePlacementPolicy.java:filterViableNodes(148)) - Unable to find enough nodes that meet the criteria that cannot engage in more than 5 pipelines. Nodes required: 3 Found: 0, healthy nodes count inNodeManager: 5.
2019-09-25 05:56:19,769 [IPC Server handler 0 on 43305] ERROR pipeline.SCMPipelineManager (SCMPipelineManager.java:createPipeline(167)) - Pipeline creation failed.
org.apache.hadoop.hdds.scm.exceptions.SCMException: Unable to find enough nodes that meet the criteria that cannot engage in more than 5 pipelines. Nodes required: 3 Found: 0, healthy nodes count inNodeManager: 5.
	at org.apache.hadoop.hdds.scm.pipeline.PipelinePlacementPolicy.filterViableNodes(PipelinePlacementPolicy.java:149)
	at org.apache.hadoop.hdds.scm.pipeline.PipelinePlacementPolicy.chooseDatanodes(PipelinePlacementPolicy.java:172)
	at org.apache.hadoop.hdds.scm.pipeline.RatisPipelineProvider.create(RatisPipelineProvider.java:93)
	at org.apache.hadoop.hdds.scm.pipeline.PipelineFactory.create(PipelineFactory.java:58)
	at org.apache.hadoop.hdds.scm.pipeline.SCMPipelineManager.createPipeline(SCMPipelineManager.java:155)
	at org.apache.hadoop.hdds.scm.block.BlockManagerImpl.allocateBlock(BlockManagerImpl.java:190)
	at org.apache.hadoop.hdds.scm.server.SCMBlockProtocolServer.allocateBlock(SCMBlockProtocolServer.java:182)
	at org.apache.hadoop.ozone.protocolPB.ScmBlockLocationProtocolServerSideTranslatorPB.allocateScmBlock(ScmBlockLocationProtocolServerSideTranslatorPB.java:183)
	at org.apache.hadoop.ozone.protocolPB.ScmBlockLocationProtocolServerSideTranslatorPB.processMessage(ScmBlockLocationProtocolServerSideTranslatorPB.java:141)
	at org.apache.hadoop.ozone.protocolPB.ScmBlockLocationProtocolServerSideTranslatorPB.send(ScmBlockLocationProtocolServerSideTranslatorPB.java:116)
	at org.apache.hadoop.hdds.protocol.proto.ScmBlockLocationProtocolProtos$ScmBlockLocationProtocolService$2.callBlockingMethod(ScmBlockLocationProtocolProtos.java:13157)
	at org.apache.hadoop.ipc.ProtobufRpcEngine$Server$ProtoBufRpcInvoker.call(ProtobufRpcEngine.java:524)
	at org.apache.hadoop.ipc.RPC$Server.call(RPC.java:1025)
	at org.apache.hadoop.ipc.Server$RpcCall.run(Server.java:876)
	at org.apache.hadoop.ipc.Server$RpcCall.run(Server.java:822)
	at java.security.AccessController.doPrivileged(Native Method)
	at javax.security.auth.Subject.doAs(Subject.java:422)
	at org.apache.hadoop.security.UserGroupInformation.doAs(UserGroupInformation.java:1730)
	at org.apache.hadoop.ipc.Server$Handler.run(Server.java:2682)
2019-09-25 05:56:19,770 [IPC Server handler 0 on 43305] WARN  block.BlockManagerImpl (BlockManagerImpl.java:allocateBlock(192)) - Pipeline creation failed for type:RATIS factor:THREE. Retrying get pipelines call once.
org.apache.hadoop.hdds.scm.exceptions.SCMException: Unable to find enough nodes that meet the criteria that cannot engage in more than 5 pipelines. Nodes required: 3 Found: 0, healthy nodes count inNodeManager: 5.
	at org.apache.hadoop.hdds.scm.pipeline.PipelinePlacementPolicy.filterViableNodes(PipelinePlacementPolicy.java:149)
	at org.apache.hadoop.hdds.scm.pipeline.PipelinePlacementPolicy.chooseDatanodes(PipelinePlacementPolicy.java:172)
	at org.apache.hadoop.hdds.scm.pipeline.RatisPipelineProvider.create(RatisPipelineProvider.java:93)
	at org.apache.hadoop.hdds.scm.pipeline.PipelineFactory.create(PipelineFactory.java:58)
	at org.apache.hadoop.hdds.scm.pipeline.SCMPipelineManager.createPipeline(SCMPipelineManager.java:155)
	at org.apache.hadoop.hdds.scm.block.BlockManagerImpl.allocateBlock(BlockManagerImpl.java:190)
	at org.apache.hadoop.hdds.scm.server.SCMBlockProtocolServer.allocateBlock(SCMBlockProtocolServer.java:182)
	at org.apache.hadoop.ozone.protocolPB.ScmBlockLocationProtocolServerSideTranslatorPB.allocateScmBlock(ScmBlockLocationProtocolServerSideTranslatorPB.java:183)
	at org.apache.hadoop.ozone.protocolPB.ScmBlockLocationProtocolServerSideTranslatorPB.processMessage(ScmBlockLocationProtocolServerSideTranslatorPB.java:141)
	at org.apache.hadoop.ozone.protocolPB.ScmBlockLocationProtocolServerSideTranslatorPB.send(ScmBlockLocationProtocolServerSideTranslatorPB.java:116)
	at org.apache.hadoop.hdds.protocol.proto.ScmBlockLocationProtocolProtos$ScmBlockLocationProtocolService$2.callBlockingMethod(ScmBlockLocationProtocolProtos.java:13157)
	at org.apache.hadoop.ipc.ProtobufRpcEngine$Server$ProtoBufRpcInvoker.call(ProtobufRpcEngine.java:524)
	at org.apache.hadoop.ipc.RPC$Server.call(RPC.java:1025)
	at org.apache.hadoop.ipc.Server$RpcCall.run(Server.java:876)
	at org.apache.hadoop.ipc.Server$RpcCall.run(Server.java:822)
	at java.security.AccessController.doPrivileged(Native Method)
	at javax.security.auth.Subject.doAs(Subject.java:422)
	at org.apache.hadoop.security.UserGroupInformation.doAs(UserGroupInformation.java:1730)
	at org.apache.hadoop.ipc.Server$Handler.run(Server.java:2682)
2019-09-25 05:56:19,770 [IPC Server handler 0 on 43305] INFO  block.BlockManagerImpl (BlockManagerImpl.java:allocateBlock(198)) - Could not find available pipeline of type:RATIS and factor:THREE even after retrying
2019-09-25 05:56:19,770 [IPC Server handler 0 on 43305] ERROR block.BlockManagerImpl (BlockManagerImpl.java:allocateBlock(222)) - Unable to allocate a block for the size: 4194304, type: RATIS, factor: THREE
2019-09-25 05:56:19,771 [IPC Server handler 0 on 43305] INFO  pipeline.PipelinePlacementPolicy (PipelinePlacementPolicy.java:meetCriteria(91)) - Pipeline Placement: can't place more pipeline on heavy datanode： 90309ab8-5448-4aca-b95f-8fb3fc665c41 Heaviness: 6 limit: 5
2019-09-25 05:56:19,771 [IPC Server handler 0 on 43305] INFO  pipeline.PipelinePlacementPolicy (PipelinePlacementPolicy.java:meetCriteria(91)) - Pipeline Placement: can't place more pipeline on heavy datanode： 18c2403b-6685-48ec-8e85-5146801ccf7c Heaviness: 6 limit: 5
2019-09-25 05:56:19,771 [IPC Server handler 0 on 43305] INFO  pipeline.PipelinePlacementPolicy (PipelinePlacementPolicy.java:meetCriteria(91)) - Pipeline Placement: can't place more pipeline on heavy datanode： 4a989990-004c-48a6-9d0e-df27d30930a7 Heaviness: 6 limit: 5
2019-09-25 05:56:19,771 [IPC Server handler 0 on 43305] INFO  pipeline.PipelinePlacementPolicy (PipelinePlacementPolicy.java:meetCriteria(91)) - Pipeline Placement: can't place more pipeline on heavy datanode： f4bb89bf-b4cb-46d2-895a-458b0eef1f65 Heaviness: 6 limit: 5
2019-09-25 05:56:19,772 [IPC Server handler 0 on 43305] INFO  pipeline.PipelinePlacementPolicy (PipelinePlacementPolicy.java:meetCriteria(91)) - Pipeline Placement: can't place more pipeline on heavy datanode： e93bb2c6-c39b-4618-a0fd-b5beeaf95472 Heaviness: 6 limit: 5
2019-09-25 05:56:19,772 [IPC Server handler 0 on 43305] ERROR pipeline.PipelinePlacementPolicy (PipelinePlacementPolicy.java:filterViableNodes(148)) - Unable to find enough nodes that meet the criteria that cannot engage in more than 5 pipelines. Nodes required: 3 Found: 0, healthy nodes count inNodeManager: 5.
2019-09-25 05:56:19,772 [IPC Server handler 0 on 43305] ERROR pipeline.SCMPipelineManager (SCMPipelineManager.java:createPipeline(167)) - Pipeline creation failed.
org.apache.hadoop.hdds.scm.exceptions.SCMException: Unable to find enough nodes that meet the criteria that cannot engage in more than 5 pipelines. Nodes required: 3 Found: 0, healthy nodes count inNodeManager: 5.
	at org.apache.hadoop.hdds.scm.pipeline.PipelinePlacementPolicy.filterViableNodes(PipelinePlacementPolicy.java:149)
	at org.apache.hadoop.hdds.scm.pipeline.PipelinePlacementPolicy.chooseDatanodes(PipelinePlacementPolicy.java:172)
	at org.apache.hadoop.hdds.scm.pipeline.RatisPipelineProvider.create(RatisPipelineProvider.java:93)
	at org.apache.hadoop.hdds.scm.pipeline.PipelineFactory.create(PipelineFactory.java:58)
	at org.apache.hadoop.hdds.scm.pipeline.SCMPipelineManager.createPipeline(SCMPipelineManager.java:155)
	at org.apache.hadoop.hdds.scm.block.BlockManagerImpl.allocateBlock(BlockManagerImpl.java:190)
	at org.apache.hadoop.hdds.scm.server.SCMBlockProtocolServer.allocateBlock(SCMBlockProtocolServer.java:182)
	at org.apache.hadoop.ozone.protocolPB.ScmBlockLocationProtocolServerSideTranslatorPB.allocateScmBlock(ScmBlockLocationProtocolServerSideTranslatorPB.java:183)
	at org.apache.hadoop.ozone.protocolPB.ScmBlockLocationProtocolServerSideTranslatorPB.processMessage(ScmBlockLocationProtocolServerSideTranslatorPB.java:141)
	at org.apache.hadoop.ozone.protocolPB.ScmBlockLocationProtocolServerSideTranslatorPB.send(ScmBlockLocationProtocolServerSideTranslatorPB.java:116)
	at org.apache.hadoop.hdds.protocol.proto.ScmBlockLocationProtocolProtos$ScmBlockLocationProtocolService$2.callBlockingMethod(ScmBlockLocationProtocolProtos.java:13157)
	at org.apache.hadoop.ipc.ProtobufRpcEngine$Server$ProtoBufRpcInvoker.call(ProtobufRpcEngine.java:524)
	at org.apache.hadoop.ipc.RPC$Server.call(RPC.java:1025)
	at org.apache.hadoop.ipc.Server$RpcCall.run(Server.java:876)
	at org.apache.hadoop.ipc.Server$RpcCall.run(Server.java:822)
	at java.security.AccessController.doPrivileged(Native Method)
	at javax.security.auth.Subject.doAs(Subject.java:422)
	at org.apache.hadoop.security.UserGroupInformation.doAs(UserGroupInformation.java:1730)
	at org.apache.hadoop.ipc.Server$Handler.run(Server.java:2682)
2019-09-25 05:56:19,773 [IPC Server handler 0 on 43305] WARN  block.BlockManagerImpl (BlockManagerImpl.java:allocateBlock(192)) - Pipeline creation failed for type:RATIS factor:THREE. Retrying get pipelines call once.
org.apache.hadoop.hdds.scm.exceptions.SCMException: Unable to find enough nodes that meet the criteria that cannot engage in more than 5 pipelines. Nodes required: 3 Found: 0, healthy nodes count inNodeManager: 5.
	at org.apache.hadoop.hdds.scm.pipeline.PipelinePlacementPolicy.filterViableNodes(PipelinePlacementPolicy.java:149)
	at org.apache.hadoop.hdds.scm.pipeline.PipelinePlacementPolicy.chooseDatanodes(PipelinePlacementPolicy.java:172)
	at org.apache.hadoop.hdds.scm.pipeline.RatisPipelineProvider.create(RatisPipelineProvider.java:93)
	at org.apache.hadoop.hdds.scm.pipeline.PipelineFactory.create(PipelineFactory.java:58)
	at org.apache.hadoop.hdds.scm.pipeline.SCMPipelineManager.createPipeline(SCMPipelineManager.java:155)
	at org.apache.hadoop.hdds.scm.block.BlockManagerImpl.allocateBlock(BlockManagerImpl.java:190)
	at org.apache.hadoop.hdds.scm.server.SCMBlockProtocolServer.allocateBlock(SCMBlockProtocolServer.java:182)
	at org.apache.hadoop.ozone.protocolPB.ScmBlockLocationProtocolServerSideTranslatorPB.allocateScmBlock(ScmBlockLocationProtocolServerSideTranslatorPB.java:183)
	at org.apache.hadoop.ozone.protocolPB.ScmBlockLocationProtocolServerSideTranslatorPB.processMessage(ScmBlockLocationProtocolServerSideTranslatorPB.java:141)
	at org.apache.hadoop.ozone.protocolPB.ScmBlockLocationProtocolServerSideTranslatorPB.send(ScmBlockLocationProtocolServerSideTranslatorPB.java:116)
	at org.apache.hadoop.hdds.protocol.proto.ScmBlockLocationProtocolProtos$ScmBlockLocationProtocolService$2.callBlockingMethod(ScmBlockLocationProtocolProtos.java:13157)
	at org.apache.hadoop.ipc.ProtobufRpcEngine$Server$ProtoBufRpcInvoker.call(ProtobufRpcEngine.java:524)
	at org.apache.hadoop.ipc.RPC$Server.call(RPC.java:1025)
	at org.apache.hadoop.ipc.Server$RpcCall.run(Server.java:876)
	at org.apache.hadoop.ipc.Server$RpcCall.run(Server.java:822)
	at java.security.AccessController.doPrivileged(Native Method)
	at javax.security.auth.Subject.doAs(Subject.java:422)
	at org.apache.hadoop.security.UserGroupInformation.doAs(UserGroupInformation.java:1730)
	at org.apache.hadoop.ipc.Server$Handler.run(Server.java:2682)
2019-09-25 05:56:19,773 [IPC Server handler 0 on 43305] INFO  block.BlockManagerImpl (BlockManagerImpl.java:allocateBlock(198)) - Could not find available pipeline of type:RATIS and factor:THREE even after retrying
2019-09-25 05:56:19,773 [IPC Server handler 0 on 43305] ERROR block.BlockManagerImpl (BlockManagerImpl.java:allocateBlock(222)) - Unable to allocate a block for the size: 4194304, type: RATIS, factor: THREE
2019-09-25 05:56:19,775 [pool-74-thread-3] ERROR freon.RandomKeyGenerator (RandomKeyGenerator.java:createKey(733)) - Exception while adding key: key-0-77593 in bucket: bucket-0-08245 of volume: vol-0-19816.
INTERNAL_ERROR org.apache.hadoop.ozone.om.exceptions.OMException: Allocated 0 blocks. Requested 5 blocks
	at org.apache.hadoop.ozone.om.protocolPB.OzoneManagerProtocolClientSideTranslatorPB.handleError(OzoneManagerProtocolClientSideTranslatorPB.java:732)
	at org.apache.hadoop.ozone.om.protocolPB.OzoneManagerProtocolClientSideTranslatorPB.openKey(OzoneManagerProtocolClientSideTranslatorPB.java:723)
	at sun.reflect.NativeMethodAccessorImpl.invoke0(Native Method)
	at sun.reflect.NativeMethodAccessorImpl.invoke(NativeMethodAccessorImpl.java:62)
	at sun.reflect.DelegatingMethodAccessorImpl.invoke(DelegatingMethodAccessorImpl.java:43)
	at java.lang.reflect.Method.invoke(Method.java:498)
	at org.apache.hadoop.hdds.tracing.TraceAllMethod.invoke(TraceAllMethod.java:66)
	at com.sun.proxy.$Proxy37.openKey(Unknown Source)
	at org.apache.hadoop.ozone.client.rpc.RpcClient.createKey(RpcClient.java:614)
	at org.apache.hadoop.ozone.client.OzoneBucket.createKey(OzoneBucket.java:325)
	at org.apache.hadoop.ozone.freon.RandomKeyGenerator.createKey(RandomKeyGenerator.java:695)
	at org.apache.hadoop.ozone.freon.RandomKeyGenerator.access$1100(RandomKeyGenerator.java:88)
	at org.apache.hadoop.ozone.freon.RandomKeyGenerator$ObjectCreator.run(RandomKeyGenerator.java:615)
	at java.util.concurrent.Executors$RunnableAdapter.call(Executors.java:511)
	at java.util.concurrent.FutureTask.run(FutureTask.java:266)
	at java.util.concurrent.ThreadPoolExecutor.runWorker(ThreadPoolExecutor.java:1149)
	at java.util.concurrent.ThreadPoolExecutor$Worker.run(ThreadPoolExecutor.java:624)
	at java.lang.Thread.run(Thread.java:748)
2019-09-25 05:56:19,866 [Thread-215] INFO  impl.FollowerState (FollowerState.java:run(106)) - 4a989990-004c-48a6-9d0e-df27d30930a7:group-449214F420A3 changes to CANDIDATE, lastRpcTime:5189, electionTimeout:5182ms
2019-09-25 05:56:19,870 [Thread-215] INFO  impl.RoleInfo (RoleInfo.java:shutdownFollowerState(121)) - 4a989990-004c-48a6-9d0e-df27d30930a7: shutdown FollowerState
2019-09-25 05:56:19,870 [Thread-215] INFO  impl.RaftServerImpl (RaftServerImpl.java:setRole(174)) - 4a989990-004c-48a6-9d0e-df27d30930a7@group-449214F420A3: changes role from  FOLLOWER to CANDIDATE at term 0 for changeToCandidate
2019-09-25 05:56:19,878 [Thread-215] INFO  impl.RoleInfo (RoleInfo.java:updateAndGet(143)) - 4a989990-004c-48a6-9d0e-df27d30930a7: start LeaderElection
2019-09-25 05:56:19,895 [4a989990-004c-48a6-9d0e-df27d30930a7@group-449214F420A3:LeaderElection1] INFO  impl.LeaderElection (LeaderElection.java:askForVotes(182)) - 4a989990-004c-48a6-9d0e-df27d30930a7@group-449214F420A3:LeaderElection1: begin an election at term 1 for -1: [4a989990-004c-48a6-9d0e-df27d30930a7:192.168.5.161:33719], old=null
2019-09-25 05:56:19,897 [4a989990-004c-48a6-9d0e-df27d30930a7@group-449214F420A3:LeaderElection1] INFO  impl.RoleInfo (RoleInfo.java:shutdownLeaderElection(134)) - 4a989990-004c-48a6-9d0e-df27d30930a7: shutdown LeaderElection
2019-09-25 05:56:19,898 [4a989990-004c-48a6-9d0e-df27d30930a7@group-449214F420A3:LeaderElection1] INFO  impl.RaftServerImpl (RaftServerImpl.java:setRole(174)) - 4a989990-004c-48a6-9d0e-df27d30930a7@group-449214F420A3: changes role from CANDIDATE to LEADER at term 1 for changeToLeader
2019-09-25 05:56:19,898 [4a989990-004c-48a6-9d0e-df27d30930a7@group-449214F420A3:LeaderElection1] INFO  impl.RaftServerImpl (ServerState.java:setLeader(253)) - 4a989990-004c-48a6-9d0e-df27d30930a7@group-449214F420A3: change Leader from null to 4a989990-004c-48a6-9d0e-df27d30930a7 at term 1 for becomeLeader, leader elected after 5401ms
2019-09-25 05:56:19,908 [4a989990-004c-48a6-9d0e-df27d30930a7@group-449214F420A3:LeaderElection1] INFO  server.RaftServerConfigKeys (ConfUtils.java:logGet(43)) - raft.server.staging.catchup.gap = 1000 (default)
2019-09-25 05:56:19,908 [4a989990-004c-48a6-9d0e-df27d30930a7@group-449214F420A3:LeaderElection1] INFO  server.RaftServerConfigKeys (ConfUtils.java:logGet(43)) - raft.server.rpc.sleep.time = 25ms (default)
2019-09-25 05:56:19,912 [4a989990-004c-48a6-9d0e-df27d30930a7@group-449214F420A3:LeaderElection1] INFO  server.RaftServerConfigKeys (ConfUtils.java:logGet(43)) - raft.server.write.element-limit = 4096 (default)
2019-09-25 05:56:19,915 [4a989990-004c-48a6-9d0e-df27d30930a7@group-449214F420A3:LeaderElection1] INFO  server.RaftServerConfigKeys (ConfUtils.java:logGet(43)) - raft.server.watch.timeout = 10s (default)
2019-09-25 05:56:19,915 [4a989990-004c-48a6-9d0e-df27d30930a7@group-449214F420A3:LeaderElection1] INFO  server.RaftServerConfigKeys (ConfUtils.java:logGet(43)) - raft.server.watch.timeout.denomination = 1s (default)
2019-09-25 05:56:19,917 [4a989990-004c-48a6-9d0e-df27d30930a7@group-449214F420A3:LeaderElection1] INFO  server.RaftServerConfigKeys (ConfUtils.java:logGet(43)) - raft.server.watch.element-limit = 65536 (default)
2019-09-25 05:56:19,930 [4a989990-004c-48a6-9d0e-df27d30930a7@group-449214F420A3:LeaderElection1] INFO  impl.RoleInfo (RoleInfo.java:updateAndGet(143)) - 4a989990-004c-48a6-9d0e-df27d30930a7: start LeaderState
2019-09-25 05:56:19,956 [4a989990-004c-48a6-9d0e-df27d30930a7@group-449214F420A3:LeaderElection1] INFO  segmented.SegmentedRaftLogWorker (SegmentedRaftLogWorker.java:startLogSegment(380)) - 4a989990-004c-48a6-9d0e-df27d30930a7@group-449214F420A3-SegmentedRaftLogWorker: Starting segment from index:0
2019-09-25 05:56:19,965 [4a989990-004c-48a6-9d0e-df27d30930a7@group-449214F420A3:LeaderElection1] INFO  impl.RaftServerImpl (ServerState.java:setRaftConf(354)) - 4a989990-004c-48a6-9d0e-df27d30930a7@group-449214F420A3: set configuration 0: [4a989990-004c-48a6-9d0e-df27d30930a7:192.168.5.161:33719], old=null at 0
2019-09-25 05:56:20,083 [Thread-218] INFO  impl.FollowerState (FollowerState.java:run(106)) - f4bb89bf-b4cb-46d2-895a-458b0eef1f65:group-58450025B68F changes to CANDIDATE, lastRpcTime:5173, electionTimeout:5170ms
2019-09-25 05:56:20,086 [Thread-218] INFO  impl.RoleInfo (RoleInfo.java:shutdownFollowerState(121)) - f4bb89bf-b4cb-46d2-895a-458b0eef1f65: shutdown FollowerState
2019-09-25 05:56:20,086 [Thread-218] INFO  impl.RaftServerImpl (RaftServerImpl.java:setRole(174)) - f4bb89bf-b4cb-46d2-895a-458b0eef1f65@group-58450025B68F: changes role from  FOLLOWER to CANDIDATE at term 0 for changeToCandidate
2019-09-25 05:56:20,086 [Thread-218] INFO  impl.RoleInfo (RoleInfo.java:updateAndGet(143)) - f4bb89bf-b4cb-46d2-895a-458b0eef1f65: start LeaderElection
2019-09-25 05:56:20,092 [Thread-221] INFO  impl.FollowerState (FollowerState.java:run(106)) - e93bb2c6-c39b-4618-a0fd-b5beeaf95472:group-6B71268F73DB changes to CANDIDATE, lastRpcTime:5035, electionTimeout:5035ms
2019-09-25 05:56:20,093 [Thread-221] INFO  impl.RoleInfo (RoleInfo.java:shutdownFollowerState(121)) - e93bb2c6-c39b-4618-a0fd-b5beeaf95472: shutdown FollowerState
2019-09-25 05:56:20,093 [Thread-221] INFO  impl.RaftServerImpl (RaftServerImpl.java:setRole(174)) - e93bb2c6-c39b-4618-a0fd-b5beeaf95472@group-6B71268F73DB: changes role from  FOLLOWER to CANDIDATE at term 0 for changeToCandidate
2019-09-25 05:56:20,093 [Thread-221] INFO  impl.RoleInfo (RoleInfo.java:updateAndGet(143)) - e93bb2c6-c39b-4618-a0fd-b5beeaf95472: start LeaderElection
2019-09-25 05:56:20,105 [f4bb89bf-b4cb-46d2-895a-458b0eef1f65@group-58450025B68F:LeaderElection2] INFO  impl.LeaderElection (LeaderElection.java:askForVotes(182)) - f4bb89bf-b4cb-46d2-895a-458b0eef1f65@group-58450025B68F:LeaderElection2: begin an election at term 1 for -1: [f4bb89bf-b4cb-46d2-895a-458b0eef1f65:192.168.5.161:44648], old=null
2019-09-25 05:56:20,105 [e93bb2c6-c39b-4618-a0fd-b5beeaf95472@group-6B71268F73DB:LeaderElection3] INFO  impl.LeaderElection (LeaderElection.java:askForVotes(182)) - e93bb2c6-c39b-4618-a0fd-b5beeaf95472@group-6B71268F73DB:LeaderElection3: begin an election at term 1 for -1: [e93bb2c6-c39b-4618-a0fd-b5beeaf95472:192.168.5.161:46002], old=null
2019-09-25 05:56:20,107 [f4bb89bf-b4cb-46d2-895a-458b0eef1f65@group-58450025B68F:LeaderElection2] INFO  impl.RoleInfo (RoleInfo.java:shutdownLeaderElection(134)) - f4bb89bf-b4cb-46d2-895a-458b0eef1f65: shutdown LeaderElection
2019-09-25 05:56:20,107 [e93bb2c6-c39b-4618-a0fd-b5beeaf95472@group-6B71268F73DB:LeaderElection3] INFO  impl.RoleInfo (RoleInfo.java:shutdownLeaderElection(134)) - e93bb2c6-c39b-4618-a0fd-b5beeaf95472: shutdown LeaderElection
2019-09-25 05:56:20,108 [f4bb89bf-b4cb-46d2-895a-458b0eef1f65@group-58450025B68F:LeaderElection2] INFO  impl.RaftServerImpl (RaftServerImpl.java:setRole(174)) - f4bb89bf-b4cb-46d2-895a-458b0eef1f65@group-58450025B68F: changes role from CANDIDATE to LEADER at term 1 for changeToLeader
2019-09-25 05:56:20,108 [e93bb2c6-c39b-4618-a0fd-b5beeaf95472@group-6B71268F73DB:LeaderElection3] INFO  impl.RaftServerImpl (RaftServerImpl.java:setRole(174)) - e93bb2c6-c39b-4618-a0fd-b5beeaf95472@group-6B71268F73DB: changes role from CANDIDATE to LEADER at term 1 for changeToLeader
2019-09-25 05:56:20,108 [f4bb89bf-b4cb-46d2-895a-458b0eef1f65@group-58450025B68F:LeaderElection2] INFO  impl.RaftServerImpl (ServerState.java:setLeader(253)) - f4bb89bf-b4cb-46d2-895a-458b0eef1f65@group-58450025B68F: change Leader from null to f4bb89bf-b4cb-46d2-895a-458b0eef1f65 at term 1 for becomeLeader, leader elected after 5225ms
2019-09-25 05:56:20,108 [e93bb2c6-c39b-4618-a0fd-b5beeaf95472@group-6B71268F73DB:LeaderElection3] INFO  impl.RaftServerImpl (ServerState.java:setLeader(253)) - e93bb2c6-c39b-4618-a0fd-b5beeaf95472@group-6B71268F73DB: change Leader from null to e93bb2c6-c39b-4618-a0fd-b5beeaf95472 at term 1 for becomeLeader, leader elected after 5089ms
2019-09-25 05:56:20,110 [f4bb89bf-b4cb-46d2-895a-458b0eef1f65@group-58450025B68F:LeaderElection2] INFO  server.RaftServerConfigKeys (ConfUtils.java:logGet(43)) - raft.server.staging.catchup.gap = 1000 (default)
2019-09-25 05:56:20,111 [e93bb2c6-c39b-4618-a0fd-b5beeaf95472@group-6B71268F73DB:LeaderElection3] INFO  server.RaftServerConfigKeys (ConfUtils.java:logGet(43)) - raft.server.staging.catchup.gap = 1000 (default)
2019-09-25 05:56:20,112 [f4bb89bf-b4cb-46d2-895a-458b0eef1f65@group-58450025B68F:LeaderElection2] INFO  server.RaftServerConfigKeys (ConfUtils.java:logGet(43)) - raft.server.rpc.sleep.time = 25ms (default)
2019-09-25 05:56:20,112 [e93bb2c6-c39b-4618-a0fd-b5beeaf95472@group-6B71268F73DB:LeaderElection3] INFO  server.RaftServerConfigKeys (ConfUtils.java:logGet(43)) - raft.server.rpc.sleep.time = 25ms (default)
2019-09-25 05:56:20,112 [f4bb89bf-b4cb-46d2-895a-458b0eef1f65@group-58450025B68F:LeaderElection2] INFO  server.RaftServerConfigKeys (ConfUtils.java:logGet(43)) - raft.server.write.element-limit = 4096 (default)
2019-09-25 05:56:20,112 [e93bb2c6-c39b-4618-a0fd-b5beeaf95472@group-6B71268F73DB:LeaderElection3] INFO  server.RaftServerConfigKeys (ConfUtils.java:logGet(43)) - raft.server.write.element-limit = 4096 (default)
2019-09-25 05:56:20,112 [f4bb89bf-b4cb-46d2-895a-458b0eef1f65@group-58450025B68F:LeaderElection2] INFO  server.RaftServerConfigKeys (ConfUtils.java:logGet(43)) - raft.server.watch.timeout = 10s (default)
2019-09-25 05:56:20,112 [e93bb2c6-c39b-4618-a0fd-b5beeaf95472@group-6B71268F73DB:LeaderElection3] INFO  server.RaftServerConfigKeys (ConfUtils.java:logGet(43)) - raft.server.watch.timeout = 10s (default)
2019-09-25 05:56:20,112 [f4bb89bf-b4cb-46d2-895a-458b0eef1f65@group-58450025B68F:LeaderElection2] INFO  server.RaftServerConfigKeys (ConfUtils.java:logGet(43)) - raft.server.watch.timeout.denomination = 1s (default)
2019-09-25 05:56:20,113 [e93bb2c6-c39b-4618-a0fd-b5beeaf95472@group-6B71268F73DB:LeaderElection3] INFO  server.RaftServerConfigKeys (ConfUtils.java:logGet(43)) - raft.server.watch.timeout.denomination = 1s (default)
2019-09-25 05:56:20,113 [f4bb89bf-b4cb-46d2-895a-458b0eef1f65@group-58450025B68F:LeaderElection2] INFO  server.RaftServerConfigKeys (ConfUtils.java:logGet(43)) - raft.server.watch.element-limit = 65536 (default)
2019-09-25 05:56:20,113 [e93bb2c6-c39b-4618-a0fd-b5beeaf95472@group-6B71268F73DB:LeaderElection3] INFO  server.RaftServerConfigKeys (ConfUtils.java:logGet(43)) - raft.server.watch.element-limit = 65536 (default)
2019-09-25 05:56:20,116 [f4bb89bf-b4cb-46d2-895a-458b0eef1f65@group-58450025B68F:LeaderElection2] INFO  impl.RoleInfo (RoleInfo.java:updateAndGet(143)) - f4bb89bf-b4cb-46d2-895a-458b0eef1f65: start LeaderState
2019-09-25 05:56:20,116 [e93bb2c6-c39b-4618-a0fd-b5beeaf95472@group-6B71268F73DB:LeaderElection3] INFO  impl.RoleInfo (RoleInfo.java:updateAndGet(143)) - e93bb2c6-c39b-4618-a0fd-b5beeaf95472: start LeaderState
2019-09-25 05:56:20,116 [f4bb89bf-b4cb-46d2-895a-458b0eef1f65@group-58450025B68F:LeaderElection2] INFO  segmented.SegmentedRaftLogWorker (SegmentedRaftLogWorker.java:startLogSegment(380)) - f4bb89bf-b4cb-46d2-895a-458b0eef1f65@group-58450025B68F-SegmentedRaftLogWorker: Starting segment from index:0
2019-09-25 05:56:20,117 [e93bb2c6-c39b-4618-a0fd-b5beeaf95472@group-6B71268F73DB:LeaderElection3] INFO  segmented.SegmentedRaftLogWorker (SegmentedRaftLogWorker.java:startLogSegment(380)) - e93bb2c6-c39b-4618-a0fd-b5beeaf95472@group-6B71268F73DB-SegmentedRaftLogWorker: Starting segment from index:0
2019-09-25 05:56:20,117 [f4bb89bf-b4cb-46d2-895a-458b0eef1f65@group-58450025B68F:LeaderElection2] INFO  impl.RaftServerImpl (ServerState.java:setRaftConf(354)) - f4bb89bf-b4cb-46d2-895a-458b0eef1f65@group-58450025B68F: set configuration 0: [f4bb89bf-b4cb-46d2-895a-458b0eef1f65:192.168.5.161:44648], old=null at 0
2019-09-25 05:56:20,117 [e93bb2c6-c39b-4618-a0fd-b5beeaf95472@group-6B71268F73DB:LeaderElection3] INFO  impl.RaftServerImpl (ServerState.java:setRaftConf(354)) - e93bb2c6-c39b-4618-a0fd-b5beeaf95472@group-6B71268F73DB: set configuration 0: [e93bb2c6-c39b-4618-a0fd-b5beeaf95472:192.168.5.161:46002], old=null at 0
2019-09-25 05:56:20,193 [4a989990-004c-48a6-9d0e-df27d30930a7@group-449214F420A3-SegmentedRaftLogWorker] INFO  segmented.SegmentedRaftLogWorker (SegmentedRaftLogWorker.java:execute(569)) - 4a989990-004c-48a6-9d0e-df27d30930a7@group-449214F420A3-SegmentedRaftLogWorker: created new log segment /workdir/hadoop-ozone/tools/target/test-dir/MiniOzoneClusterImpl-a0b92c19-88eb-4192-8b6a-de7e7575cfd2/datanode-0/data/ratis/dcdcdb12-2219-41da-9354-449214f420a3/current/log_inprogress_0
2019-09-25 05:56:20,194 [e93bb2c6-c39b-4618-a0fd-b5beeaf95472@group-6B71268F73DB-SegmentedRaftLogWorker] INFO  segmented.SegmentedRaftLogWorker (SegmentedRaftLogWorker.java:execute(569)) - e93bb2c6-c39b-4618-a0fd-b5beeaf95472@group-6B71268F73DB-SegmentedRaftLogWorker: created new log segment /workdir/hadoop-ozone/tools/target/test-dir/MiniOzoneClusterImpl-a0b92c19-88eb-4192-8b6a-de7e7575cfd2/datanode-3/data/ratis/7d463858-4132-4be0-a3df-6b71268f73db/current/log_inprogress_0
2019-09-25 05:56:20,194 [f4bb89bf-b4cb-46d2-895a-458b0eef1f65@group-58450025B68F-SegmentedRaftLogWorker] INFO  segmented.SegmentedRaftLogWorker (SegmentedRaftLogWorker.java:execute(569)) - f4bb89bf-b4cb-46d2-895a-458b0eef1f65@group-58450025B68F-SegmentedRaftLogWorker: created new log segment /workdir/hadoop-ozone/tools/target/test-dir/MiniOzoneClusterImpl-a0b92c19-88eb-4192-8b6a-de7e7575cfd2/datanode-2/data/ratis/0217b7eb-9d2a-4cdd-8684-58450025b68f/current/log_inprogress_0
2019-09-25 05:56:20,254 [Thread-224] INFO  impl.FollowerState (FollowerState.java:run(106)) - 18c2403b-6685-48ec-8e85-5146801ccf7c:group-FC97353595FB changes to CANDIDATE, lastRpcTime:5120, electionTimeout:5120ms
2019-09-25 05:56:20,254 [Thread-224] INFO  impl.RoleInfo (RoleInfo.java:shutdownFollowerState(121)) - 18c2403b-6685-48ec-8e85-5146801ccf7c: shutdown FollowerState
2019-09-25 05:56:20,254 [Thread-224] INFO  impl.RaftServerImpl (RaftServerImpl.java:setRole(174)) - 18c2403b-6685-48ec-8e85-5146801ccf7c@group-FC97353595FB: changes role from  FOLLOWER to CANDIDATE at term 0 for changeToCandidate
2019-09-25 05:56:20,255 [Thread-224] INFO  impl.RoleInfo (RoleInfo.java:updateAndGet(143)) - 18c2403b-6685-48ec-8e85-5146801ccf7c: start LeaderElection
2019-09-25 05:56:20,273 [18c2403b-6685-48ec-8e85-5146801ccf7c@group-FC97353595FB:LeaderElection4] INFO  impl.LeaderElection (LeaderElection.java:askForVotes(182)) - 18c2403b-6685-48ec-8e85-5146801ccf7c@group-FC97353595FB:LeaderElection4: begin an election at term 1 for -1: [18c2403b-6685-48ec-8e85-5146801ccf7c:192.168.5.161:33856], old=null
2019-09-25 05:56:20,273 [18c2403b-6685-48ec-8e85-5146801ccf7c@group-FC97353595FB:LeaderElection4] INFO  impl.RoleInfo (RoleInfo.java:shutdownLeaderElection(134)) - 18c2403b-6685-48ec-8e85-5146801ccf7c: shutdown LeaderElection
2019-09-25 05:56:20,274 [18c2403b-6685-48ec-8e85-5146801ccf7c@group-FC97353595FB:LeaderElection4] INFO  impl.RaftServerImpl (RaftServerImpl.java:setRole(174)) - 18c2403b-6685-48ec-8e85-5146801ccf7c@group-FC97353595FB: changes role from CANDIDATE to LEADER at term 1 for changeToLeader
2019-09-25 05:56:20,274 [18c2403b-6685-48ec-8e85-5146801ccf7c@group-FC97353595FB:LeaderElection4] INFO  impl.RaftServerImpl (ServerState.java:setLeader(253)) - 18c2403b-6685-48ec-8e85-5146801ccf7c@group-FC97353595FB: change Leader from null to 18c2403b-6685-48ec-8e85-5146801ccf7c at term 1 for becomeLeader, leader elected after 5154ms
2019-09-25 05:56:20,275 [18c2403b-6685-48ec-8e85-5146801ccf7c@group-FC97353595FB:LeaderElection4] INFO  server.RaftServerConfigKeys (ConfUtils.java:logGet(43)) - raft.server.staging.catchup.gap = 1000 (default)
2019-09-25 05:56:20,276 [18c2403b-6685-48ec-8e85-5146801ccf7c@group-FC97353595FB:LeaderElection4] INFO  server.RaftServerConfigKeys (ConfUtils.java:logGet(43)) - raft.server.rpc.sleep.time = 25ms (default)
2019-09-25 05:56:20,276 [18c2403b-6685-48ec-8e85-5146801ccf7c@group-FC97353595FB:LeaderElection4] INFO  server.RaftServerConfigKeys (ConfUtils.java:logGet(43)) - raft.server.write.element-limit = 4096 (default)
2019-09-25 05:56:20,276 [18c2403b-6685-48ec-8e85-5146801ccf7c@group-FC97353595FB:LeaderElection4] INFO  server.RaftServerConfigKeys (ConfUtils.java:logGet(43)) - raft.server.watch.timeout = 10s (default)
2019-09-25 05:56:20,276 [18c2403b-6685-48ec-8e85-5146801ccf7c@group-FC97353595FB:LeaderElection4] INFO  server.RaftServerConfigKeys (ConfUtils.java:logGet(43)) - raft.server.watch.timeout.denomination = 1s (default)
2019-09-25 05:56:20,276 [18c2403b-6685-48ec-8e85-5146801ccf7c@group-FC97353595FB:LeaderElection4] INFO  server.RaftServerConfigKeys (ConfUtils.java:logGet(43)) - raft.server.watch.element-limit = 65536 (default)
2019-09-25 05:56:20,279 [18c2403b-6685-48ec-8e85-5146801ccf7c@group-FC97353595FB:LeaderElection4] INFO  impl.RoleInfo (RoleInfo.java:updateAndGet(143)) - 18c2403b-6685-48ec-8e85-5146801ccf7c: start LeaderState
2019-09-25 05:56:20,280 [18c2403b-6685-48ec-8e85-5146801ccf7c@group-FC97353595FB:LeaderElection4] INFO  segmented.SegmentedRaftLogWorker (SegmentedRaftLogWorker.java:startLogSegment(380)) - 18c2403b-6685-48ec-8e85-5146801ccf7c@group-FC97353595FB-SegmentedRaftLogWorker: Starting segment from index:0
2019-09-25 05:56:20,280 [18c2403b-6685-48ec-8e85-5146801ccf7c@group-FC97353595FB:LeaderElection4] INFO  impl.RaftServerImpl (ServerState.java:setRaftConf(354)) - 18c2403b-6685-48ec-8e85-5146801ccf7c@group-FC97353595FB: set configuration 0: [18c2403b-6685-48ec-8e85-5146801ccf7c:192.168.5.161:33856], old=null at 0
2019-09-25 05:56:20,331 [18c2403b-6685-48ec-8e85-5146801ccf7c@group-FC97353595FB-SegmentedRaftLogWorker] INFO  segmented.SegmentedRaftLogWorker (SegmentedRaftLogWorker.java:execute(569)) - 18c2403b-6685-48ec-8e85-5146801ccf7c@group-FC97353595FB-SegmentedRaftLogWorker: created new log segment /workdir/hadoop-ozone/tools/target/test-dir/MiniOzoneClusterImpl-a0b92c19-88eb-4192-8b6a-de7e7575cfd2/datanode-4/data/ratis/6477b4c7-42fd-4a8e-a3a7-fc97353595fb/current/log_inprogress_0
2019-09-25 05:56:20,350 [Thread-230] INFO  impl.FollowerState (FollowerState.java:run(106)) - 90309ab8-5448-4aca-b95f-8fb3fc665c41:group-11B3D5E0F973 changes to CANDIDATE, lastRpcTime:5053, electionTimeout:5053ms
2019-09-25 05:56:20,350 [Thread-230] INFO  impl.RoleInfo (RoleInfo.java:shutdownFollowerState(121)) - 90309ab8-5448-4aca-b95f-8fb3fc665c41: shutdown FollowerState
2019-09-25 05:56:20,350 [Thread-230] INFO  impl.RaftServerImpl (RaftServerImpl.java:setRole(174)) - 90309ab8-5448-4aca-b95f-8fb3fc665c41@group-11B3D5E0F973: changes role from  FOLLOWER to CANDIDATE at term 0 for changeToCandidate
2019-09-25 05:56:20,351 [Thread-230] INFO  impl.RoleInfo (RoleInfo.java:updateAndGet(143)) - 90309ab8-5448-4aca-b95f-8fb3fc665c41: start LeaderElection
2019-09-25 05:56:20,376 [90309ab8-5448-4aca-b95f-8fb3fc665c41@group-11B3D5E0F973:LeaderElection5] INFO  impl.LeaderElection (LeaderElection.java:askForVotes(182)) - 90309ab8-5448-4aca-b95f-8fb3fc665c41@group-11B3D5E0F973:LeaderElection5: begin an election at term 1 for -1: [90309ab8-5448-4aca-b95f-8fb3fc665c41:192.168.5.161:32851], old=null
2019-09-25 05:56:20,376 [90309ab8-5448-4aca-b95f-8fb3fc665c41@group-11B3D5E0F973:LeaderElection5] INFO  impl.RoleInfo (RoleInfo.java:shutdownLeaderElection(134)) - 90309ab8-5448-4aca-b95f-8fb3fc665c41: shutdown LeaderElection
2019-09-25 05:56:20,376 [90309ab8-5448-4aca-b95f-8fb3fc665c41@group-11B3D5E0F973:LeaderElection5] INFO  impl.RaftServerImpl (RaftServerImpl.java:setRole(174)) - 90309ab8-5448-4aca-b95f-8fb3fc665c41@group-11B3D5E0F973: changes role from CANDIDATE to LEADER at term 1 for changeToLeader
2019-09-25 05:56:20,376 [90309ab8-5448-4aca-b95f-8fb3fc665c41@group-11B3D5E0F973:LeaderElection5] INFO  impl.RaftServerImpl (ServerState.java:setLeader(253)) - 90309ab8-5448-4aca-b95f-8fb3fc665c41@group-11B3D5E0F973: change Leader from null to 90309ab8-5448-4aca-b95f-8fb3fc665c41 at term 1 for becomeLeader, leader elected after 5090ms
2019-09-25 05:56:20,379 [90309ab8-5448-4aca-b95f-8fb3fc665c41@group-11B3D5E0F973:LeaderElection5] INFO  server.RaftServerConfigKeys (ConfUtils.java:logGet(43)) - raft.server.staging.catchup.gap = 1000 (default)
2019-09-25 05:56:20,379 [90309ab8-5448-4aca-b95f-8fb3fc665c41@group-11B3D5E0F973:LeaderElection5] INFO  server.RaftServerConfigKeys (ConfUtils.java:logGet(43)) - raft.server.rpc.sleep.time = 25ms (default)
2019-09-25 05:56:20,379 [90309ab8-5448-4aca-b95f-8fb3fc665c41@group-11B3D5E0F973:LeaderElection5] INFO  server.RaftServerConfigKeys (ConfUtils.java:logGet(43)) - raft.server.write.element-limit = 4096 (default)
2019-09-25 05:56:20,380 [90309ab8-5448-4aca-b95f-8fb3fc665c41@group-11B3D5E0F973:LeaderElection5] INFO  server.RaftServerConfigKeys (ConfUtils.java:logGet(43)) - raft.server.watch.timeout = 10s (default)
2019-09-25 05:56:20,380 [90309ab8-5448-4aca-b95f-8fb3fc665c41@group-11B3D5E0F973:LeaderElection5] INFO  server.RaftServerConfigKeys (ConfUtils.java:logGet(43)) - raft.server.watch.timeout.denomination = 1s (default)
2019-09-25 05:56:20,380 [90309ab8-5448-4aca-b95f-8fb3fc665c41@group-11B3D5E0F973:LeaderElection5] INFO  server.RaftServerConfigKeys (ConfUtils.java:logGet(43)) - raft.server.watch.element-limit = 65536 (default)
2019-09-25 05:56:20,383 [90309ab8-5448-4aca-b95f-8fb3fc665c41@group-11B3D5E0F973:LeaderElection5] INFO  impl.RoleInfo (RoleInfo.java:updateAndGet(143)) - 90309ab8-5448-4aca-b95f-8fb3fc665c41: start LeaderState
2019-09-25 05:56:20,383 [90309ab8-5448-4aca-b95f-8fb3fc665c41@group-11B3D5E0F973:LeaderElection5] INFO  segmented.SegmentedRaftLogWorker (SegmentedRaftLogWorker.java:startLogSegment(380)) - 90309ab8-5448-4aca-b95f-8fb3fc665c41@group-11B3D5E0F973-SegmentedRaftLogWorker: Starting segment from index:0
2019-09-25 05:56:20,384 [90309ab8-5448-4aca-b95f-8fb3fc665c41@group-11B3D5E0F973:LeaderElection5] INFO  impl.RaftServerImpl (ServerState.java:setRaftConf(354)) - 90309ab8-5448-4aca-b95f-8fb3fc665c41@group-11B3D5E0F973: set configuration 0: [90309ab8-5448-4aca-b95f-8fb3fc665c41:192.168.5.161:32851], old=null at 0
2019-09-25 05:56:20,419 [Thread-227] INFO  impl.FollowerState (FollowerState.java:run(106)) - 90309ab8-5448-4aca-b95f-8fb3fc665c41:group-AAD4DDAEDAD6 changes to CANDIDATE, lastRpcTime:5205, electionTimeout:5186ms
2019-09-25 05:56:20,419 [Thread-227] INFO  impl.RoleInfo (RoleInfo.java:shutdownFollowerState(121)) - 90309ab8-5448-4aca-b95f-8fb3fc665c41: shutdown FollowerState
2019-09-25 05:56:20,419 [Thread-227] INFO  impl.RaftServerImpl (RaftServerImpl.java:setRole(174)) - 90309ab8-5448-4aca-b95f-8fb3fc665c41@group-AAD4DDAEDAD6: changes role from  FOLLOWER to CANDIDATE at term 0 for changeToCandidate
2019-09-25 05:56:20,419 [Thread-227] INFO  impl.RoleInfo (RoleInfo.java:updateAndGet(143)) - 90309ab8-5448-4aca-b95f-8fb3fc665c41: start LeaderElection
2019-09-25 05:56:20,443 [90309ab8-5448-4aca-b95f-8fb3fc665c41@group-11B3D5E0F973-SegmentedRaftLogWorker] INFO  segmented.SegmentedRaftLogWorker (SegmentedRaftLogWorker.java:execute(569)) - 90309ab8-5448-4aca-b95f-8fb3fc665c41@group-11B3D5E0F973-SegmentedRaftLogWorker: created new log segment /workdir/hadoop-ozone/tools/target/test-dir/MiniOzoneClusterImpl-a0b92c19-88eb-4192-8b6a-de7e7575cfd2/datanode-1/data/ratis/178db693-0bca-4a83-a7f8-11b3d5e0f973/current/log_inprogress_0
2019-09-25 05:56:20,443 [90309ab8-5448-4aca-b95f-8fb3fc665c41@group-AAD4DDAEDAD6:LeaderElection6] INFO  impl.LeaderElection (LeaderElection.java:askForVotes(182)) - 90309ab8-5448-4aca-b95f-8fb3fc665c41@group-AAD4DDAEDAD6:LeaderElection6: begin an election at term 1 for -1: [90309ab8-5448-4aca-b95f-8fb3fc665c41:192.168.5.161:32851], old=null
2019-09-25 05:56:20,443 [90309ab8-5448-4aca-b95f-8fb3fc665c41@group-AAD4DDAEDAD6:LeaderElection6] INFO  impl.RoleInfo (RoleInfo.java:shutdownLeaderElection(134)) - 90309ab8-5448-4aca-b95f-8fb3fc665c41: shutdown LeaderElection
2019-09-25 05:56:20,443 [90309ab8-5448-4aca-b95f-8fb3fc665c41@group-AAD4DDAEDAD6:LeaderElection6] INFO  impl.RaftServerImpl (RaftServerImpl.java:setRole(174)) - 90309ab8-5448-4aca-b95f-8fb3fc665c41@group-AAD4DDAEDAD6: changes role from CANDIDATE to LEADER at term 1 for changeToLeader
2019-09-25 05:56:20,444 [90309ab8-5448-4aca-b95f-8fb3fc665c41@group-AAD4DDAEDAD6:LeaderElection6] INFO  impl.RaftServerImpl (ServerState.java:setLeader(253)) - 90309ab8-5448-4aca-b95f-8fb3fc665c41@group-AAD4DDAEDAD6: change Leader from null to 90309ab8-5448-4aca-b95f-8fb3fc665c41 at term 1 for becomeLeader, leader elected after 5240ms
2019-09-25 05:56:20,444 [90309ab8-5448-4aca-b95f-8fb3fc665c41@group-AAD4DDAEDAD6:LeaderElection6] INFO  server.RaftServerConfigKeys (ConfUtils.java:logGet(43)) - raft.server.staging.catchup.gap = 1000 (default)
2019-09-25 05:56:20,444 [90309ab8-5448-4aca-b95f-8fb3fc665c41@group-AAD4DDAEDAD6:LeaderElection6] INFO  server.RaftServerConfigKeys (ConfUtils.java:logGet(43)) - raft.server.rpc.sleep.time = 25ms (default)
2019-09-25 05:56:20,444 [90309ab8-5448-4aca-b95f-8fb3fc665c41@group-AAD4DDAEDAD6:LeaderElection6] INFO  server.RaftServerConfigKeys (ConfUtils.java:logGet(43)) - raft.server.write.element-limit = 4096 (default)
2019-09-25 05:56:20,444 [90309ab8-5448-4aca-b95f-8fb3fc665c41@group-AAD4DDAEDAD6:LeaderElection6] INFO  server.RaftServerConfigKeys (ConfUtils.java:logGet(43)) - raft.server.watch.timeout = 10s (default)
2019-09-25 05:56:20,444 [90309ab8-5448-4aca-b95f-8fb3fc665c41@group-AAD4DDAEDAD6:LeaderElection6] INFO  server.RaftServerConfigKeys (ConfUtils.java:logGet(43)) - raft.server.watch.timeout.denomination = 1s (default)
2019-09-25 05:56:20,445 [90309ab8-5448-4aca-b95f-8fb3fc665c41@group-AAD4DDAEDAD6:LeaderElection6] INFO  server.RaftServerConfigKeys (ConfUtils.java:logGet(43)) - raft.server.watch.element-limit = 65536 (default)
2019-09-25 05:56:20,446 [Thread-233] INFO  impl.FollowerState (FollowerState.java:run(106)) - 90309ab8-5448-4aca-b95f-8fb3fc665c41:group-33257EBF4523 changes to CANDIDATE, lastRpcTime:5079, electionTimeout:5079ms
2019-09-25 05:56:20,447 [Thread-233] INFO  impl.RoleInfo (RoleInfo.java:shutdownFollowerState(121)) - 90309ab8-5448-4aca-b95f-8fb3fc665c41: shutdown FollowerState
2019-09-25 05:56:20,447 [Thread-233] INFO  impl.RaftServerImpl (RaftServerImpl.java:setRole(174)) - 90309ab8-5448-4aca-b95f-8fb3fc665c41@group-33257EBF4523: changes role from  FOLLOWER to CANDIDATE at term 0 for changeToCandidate
2019-09-25 05:56:20,447 [Thread-233] INFO  impl.RoleInfo (RoleInfo.java:updateAndGet(143)) - 90309ab8-5448-4aca-b95f-8fb3fc665c41: start LeaderElection
2019-09-25 05:56:20,451 [90309ab8-5448-4aca-b95f-8fb3fc665c41@group-AAD4DDAEDAD6:LeaderElection6] INFO  impl.RoleInfo (RoleInfo.java:updateAndGet(143)) - 90309ab8-5448-4aca-b95f-8fb3fc665c41: start LeaderState
2019-09-25 05:56:20,452 [90309ab8-5448-4aca-b95f-8fb3fc665c41@group-AAD4DDAEDAD6:LeaderElection6] INFO  segmented.SegmentedRaftLogWorker (SegmentedRaftLogWorker.java:startLogSegment(380)) - 90309ab8-5448-4aca-b95f-8fb3fc665c41@group-AAD4DDAEDAD6-SegmentedRaftLogWorker: Starting segment from index:0
2019-09-25 05:56:20,452 [90309ab8-5448-4aca-b95f-8fb3fc665c41@group-AAD4DDAEDAD6:LeaderElection6] INFO  impl.RaftServerImpl (ServerState.java:setRaftConf(354)) - 90309ab8-5448-4aca-b95f-8fb3fc665c41@group-AAD4DDAEDAD6: set configuration 0: [90309ab8-5448-4aca-b95f-8fb3fc665c41:192.168.5.161:32851], old=null at 0
2019-09-25 05:56:20,492 [90309ab8-5448-4aca-b95f-8fb3fc665c41@group-33257EBF4523:LeaderElection7] INFO  impl.LeaderElection (LeaderElection.java:askForVotes(182)) - 90309ab8-5448-4aca-b95f-8fb3fc665c41@group-33257EBF4523:LeaderElection7: begin an election at term 1 for -1: [90309ab8-5448-4aca-b95f-8fb3fc665c41:192.168.5.161:32851], old=null
2019-09-25 05:56:20,493 [90309ab8-5448-4aca-b95f-8fb3fc665c41@group-33257EBF4523:LeaderElection7] INFO  impl.RoleInfo (RoleInfo.java:shutdownLeaderElection(134)) - 90309ab8-5448-4aca-b95f-8fb3fc665c41: shutdown LeaderElection
2019-09-25 05:56:20,493 [90309ab8-5448-4aca-b95f-8fb3fc665c41@group-33257EBF4523:LeaderElection7] INFO  impl.RaftServerImpl (RaftServerImpl.java:setRole(174)) - 90309ab8-5448-4aca-b95f-8fb3fc665c41@group-33257EBF4523: changes role from CANDIDATE to LEADER at term 1 for changeToLeader
2019-09-25 05:56:20,493 [90309ab8-5448-4aca-b95f-8fb3fc665c41@group-33257EBF4523:LeaderElection7] INFO  impl.RaftServerImpl (ServerState.java:setLeader(253)) - 90309ab8-5448-4aca-b95f-8fb3fc665c41@group-33257EBF4523: change Leader from null to 90309ab8-5448-4aca-b95f-8fb3fc665c41 at term 1 for becomeLeader, leader elected after 5134ms
2019-09-25 05:56:20,493 [90309ab8-5448-4aca-b95f-8fb3fc665c41@group-33257EBF4523:LeaderElection7] INFO  server.RaftServerConfigKeys (ConfUtils.java:logGet(43)) - raft.server.staging.catchup.gap = 1000 (default)
2019-09-25 05:56:20,493 [90309ab8-5448-4aca-b95f-8fb3fc665c41@group-33257EBF4523:LeaderElection7] INFO  server.RaftServerConfigKeys (ConfUtils.java:logGet(43)) - raft.server.rpc.sleep.time = 25ms (default)
2019-09-25 05:56:20,494 [90309ab8-5448-4aca-b95f-8fb3fc665c41@group-33257EBF4523:LeaderElection7] INFO  server.RaftServerConfigKeys (ConfUtils.java:logGet(43)) - raft.server.write.element-limit = 4096 (default)
2019-09-25 05:56:20,494 [90309ab8-5448-4aca-b95f-8fb3fc665c41@group-33257EBF4523:LeaderElection7] INFO  server.RaftServerConfigKeys (ConfUtils.java:logGet(43)) - raft.server.watch.timeout = 10s (default)
2019-09-25 05:56:20,494 [90309ab8-5448-4aca-b95f-8fb3fc665c41@group-33257EBF4523:LeaderElection7] INFO  server.RaftServerConfigKeys (ConfUtils.java:logGet(43)) - raft.server.watch.timeout.denomination = 1s (default)
2019-09-25 05:56:20,494 [90309ab8-5448-4aca-b95f-8fb3fc665c41@group-33257EBF4523:LeaderElection7] INFO  server.RaftServerConfigKeys (ConfUtils.java:logGet(43)) - raft.server.watch.element-limit = 65536 (default)
2019-09-25 05:56:20,497 [90309ab8-5448-4aca-b95f-8fb3fc665c41@group-33257EBF4523:LeaderElection7] INFO  impl.RoleInfo (RoleInfo.java:updateAndGet(143)) - 90309ab8-5448-4aca-b95f-8fb3fc665c41: start LeaderState
2019-09-25 05:56:20,498 [90309ab8-5448-4aca-b95f-8fb3fc665c41@group-33257EBF4523:LeaderElection7] INFO  segmented.SegmentedRaftLogWorker (SegmentedRaftLogWorker.java:startLogSegment(380)) - 90309ab8-5448-4aca-b95f-8fb3fc665c41@group-33257EBF4523-SegmentedRaftLogWorker: Starting segment from index:0
2019-09-25 05:56:20,498 [90309ab8-5448-4aca-b95f-8fb3fc665c41@group-33257EBF4523:LeaderElection7] INFO  impl.RaftServerImpl (ServerState.java:setRaftConf(354)) - 90309ab8-5448-4aca-b95f-8fb3fc665c41@group-33257EBF4523: set configuration 0: [90309ab8-5448-4aca-b95f-8fb3fc665c41:192.168.5.161:32851], old=null at 0
2019-09-25 05:56:20,535 [Thread-239] INFO  impl.FollowerState (FollowerState.java:run(106)) - f4bb89bf-b4cb-46d2-895a-458b0eef1f65:group-86F9B4AED7A6 changes to CANDIDATE, lastRpcTime:5036, electionTimeout:5030ms
2019-09-25 05:56:20,535 [90309ab8-5448-4aca-b95f-8fb3fc665c41@group-AAD4DDAEDAD6-SegmentedRaftLogWorker] INFO  segmented.SegmentedRaftLogWorker (SegmentedRaftLogWorker.java:execute(569)) - 90309ab8-5448-4aca-b95f-8fb3fc665c41@group-AAD4DDAEDAD6-SegmentedRaftLogWorker: created new log segment /workdir/hadoop-ozone/tools/target/test-dir/MiniOzoneClusterImpl-a0b92c19-88eb-4192-8b6a-de7e7575cfd2/datanode-1/data/ratis/fb059e2d-992a-4230-9221-aad4ddaedad6/current/log_inprogress_0
2019-09-25 05:56:20,536 [Thread-239] INFO  impl.RoleInfo (RoleInfo.java:shutdownFollowerState(121)) - f4bb89bf-b4cb-46d2-895a-458b0eef1f65: shutdown FollowerState
2019-09-25 05:56:20,536 [Thread-239] INFO  impl.RaftServerImpl (RaftServerImpl.java:setRole(174)) - f4bb89bf-b4cb-46d2-895a-458b0eef1f65@group-86F9B4AED7A6: changes role from  FOLLOWER to CANDIDATE at term 0 for changeToCandidate
2019-09-25 05:56:20,536 [Thread-239] INFO  impl.RoleInfo (RoleInfo.java:updateAndGet(143)) - f4bb89bf-b4cb-46d2-895a-458b0eef1f65: start LeaderElection
2019-09-25 05:56:20,548 [90309ab8-5448-4aca-b95f-8fb3fc665c41@group-33257EBF4523-SegmentedRaftLogWorker] INFO  segmented.SegmentedRaftLogWorker (SegmentedRaftLogWorker.java:execute(569)) - 90309ab8-5448-4aca-b95f-8fb3fc665c41@group-33257EBF4523-SegmentedRaftLogWorker: created new log segment /workdir/hadoop-ozone/tools/target/test-dir/MiniOzoneClusterImpl-a0b92c19-88eb-4192-8b6a-de7e7575cfd2/datanode-1/data/ratis/b3f90688-23b8-4388-abaf-33257ebf4523/current/log_inprogress_0
2019-09-25 05:56:20,548 [f4bb89bf-b4cb-46d2-895a-458b0eef1f65@group-86F9B4AED7A6:LeaderElection8] INFO  impl.LeaderElection (LeaderElection.java:askForVotes(182)) - f4bb89bf-b4cb-46d2-895a-458b0eef1f65@group-86F9B4AED7A6:LeaderElection8: begin an election at term 1 for -1: [f4bb89bf-b4cb-46d2-895a-458b0eef1f65:192.168.5.161:44648], old=null
2019-09-25 05:56:20,548 [f4bb89bf-b4cb-46d2-895a-458b0eef1f65@group-86F9B4AED7A6:LeaderElection8] INFO  impl.RoleInfo (RoleInfo.java:shutdownLeaderElection(134)) - f4bb89bf-b4cb-46d2-895a-458b0eef1f65: shutdown LeaderElection
2019-09-25 05:56:20,549 [f4bb89bf-b4cb-46d2-895a-458b0eef1f65@group-86F9B4AED7A6:LeaderElection8] INFO  impl.RaftServerImpl (RaftServerImpl.java:setRole(174)) - f4bb89bf-b4cb-46d2-895a-458b0eef1f65@group-86F9B4AED7A6: changes role from CANDIDATE to LEADER at term 1 for changeToLeader
2019-09-25 05:56:20,549 [f4bb89bf-b4cb-46d2-895a-458b0eef1f65@group-86F9B4AED7A6:LeaderElection8] INFO  impl.RaftServerImpl (ServerState.java:setLeader(253)) - f4bb89bf-b4cb-46d2-895a-458b0eef1f65@group-86F9B4AED7A6: change Leader from null to f4bb89bf-b4cb-46d2-895a-458b0eef1f65 at term 1 for becomeLeader, leader elected after 5057ms
2019-09-25 05:56:20,549 [f4bb89bf-b4cb-46d2-895a-458b0eef1f65@group-86F9B4AED7A6:LeaderElection8] INFO  server.RaftServerConfigKeys (ConfUtils.java:logGet(43)) - raft.server.staging.catchup.gap = 1000 (default)
2019-09-25 05:56:20,549 [f4bb89bf-b4cb-46d2-895a-458b0eef1f65@group-86F9B4AED7A6:LeaderElection8] INFO  server.RaftServerConfigKeys (ConfUtils.java:logGet(43)) - raft.server.rpc.sleep.time = 25ms (default)
2019-09-25 05:56:20,549 [f4bb89bf-b4cb-46d2-895a-458b0eef1f65@group-86F9B4AED7A6:LeaderElection8] INFO  server.RaftServerConfigKeys (ConfUtils.java:logGet(43)) - raft.server.write.element-limit = 4096 (default)
2019-09-25 05:56:20,549 [f4bb89bf-b4cb-46d2-895a-458b0eef1f65@group-86F9B4AED7A6:LeaderElection8] INFO  server.RaftServerConfigKeys (ConfUtils.java:logGet(43)) - raft.server.watch.timeout = 10s (default)
2019-09-25 05:56:20,550 [f4bb89bf-b4cb-46d2-895a-458b0eef1f65@group-86F9B4AED7A6:LeaderElection8] INFO  server.RaftServerConfigKeys (ConfUtils.java:logGet(43)) - raft.server.watch.timeout.denomination = 1s (default)
2019-09-25 05:56:20,550 [f4bb89bf-b4cb-46d2-895a-458b0eef1f65@group-86F9B4AED7A6:LeaderElection8] INFO  server.RaftServerConfigKeys (ConfUtils.java:logGet(43)) - raft.server.watch.element-limit = 65536 (default)
2019-09-25 05:56:20,553 [f4bb89bf-b4cb-46d2-895a-458b0eef1f65@group-86F9B4AED7A6:LeaderElection8] INFO  impl.RoleInfo (RoleInfo.java:updateAndGet(143)) - f4bb89bf-b4cb-46d2-895a-458b0eef1f65: start LeaderState
2019-09-25 05:56:20,553 [f4bb89bf-b4cb-46d2-895a-458b0eef1f65@group-86F9B4AED7A6:LeaderElection8] INFO  segmented.SegmentedRaftLogWorker (SegmentedRaftLogWorker.java:startLogSegment(380)) - f4bb89bf-b4cb-46d2-895a-458b0eef1f65@group-86F9B4AED7A6-SegmentedRaftLogWorker: Starting segment from index:0
2019-09-25 05:56:20,554 [f4bb89bf-b4cb-46d2-895a-458b0eef1f65@group-86F9B4AED7A6:LeaderElection8] INFO  impl.RaftServerImpl (ServerState.java:setRaftConf(354)) - f4bb89bf-b4cb-46d2-895a-458b0eef1f65@group-86F9B4AED7A6: set configuration 0: [f4bb89bf-b4cb-46d2-895a-458b0eef1f65:192.168.5.161:44648], old=null at 0
2019-09-25 05:56:20,605 [Thread-242] INFO  impl.FollowerState (FollowerState.java:run(106)) - 18c2403b-6685-48ec-8e85-5146801ccf7c:group-637783BCBCA4 changes to CANDIDATE, lastRpcTime:5041, electionTimeout:5041ms
2019-09-25 05:56:20,605 [Thread-242] INFO  impl.RoleInfo (RoleInfo.java:shutdownFollowerState(121)) - 18c2403b-6685-48ec-8e85-5146801ccf7c: shutdown FollowerState
2019-09-25 05:56:20,606 [Thread-242] INFO  impl.RaftServerImpl (RaftServerImpl.java:setRole(174)) - 18c2403b-6685-48ec-8e85-5146801ccf7c@group-637783BCBCA4: changes role from  FOLLOWER to CANDIDATE at term 0 for changeToCandidate
2019-09-25 05:56:20,606 [Thread-242] INFO  impl.RoleInfo (RoleInfo.java:updateAndGet(143)) - 18c2403b-6685-48ec-8e85-5146801ccf7c: start LeaderElection
2019-09-25 05:56:20,613 [f4bb89bf-b4cb-46d2-895a-458b0eef1f65@group-86F9B4AED7A6-SegmentedRaftLogWorker] INFO  segmented.SegmentedRaftLogWorker (SegmentedRaftLogWorker.java:execute(569)) - f4bb89bf-b4cb-46d2-895a-458b0eef1f65@group-86F9B4AED7A6-SegmentedRaftLogWorker: created new log segment /workdir/hadoop-ozone/tools/target/test-dir/MiniOzoneClusterImpl-a0b92c19-88eb-4192-8b6a-de7e7575cfd2/datanode-2/data/ratis/e2e5dd59-6e2c-4e23-9bf9-86f9b4aed7a6/current/log_inprogress_0
2019-09-25 05:56:20,616 [18c2403b-6685-48ec-8e85-5146801ccf7c@group-637783BCBCA4:LeaderElection9] INFO  impl.LeaderElection (LeaderElection.java:askForVotes(182)) - 18c2403b-6685-48ec-8e85-5146801ccf7c@group-637783BCBCA4:LeaderElection9: begin an election at term 1 for -1: [18c2403b-6685-48ec-8e85-5146801ccf7c:192.168.5.161:33856], old=null
2019-09-25 05:56:20,616 [18c2403b-6685-48ec-8e85-5146801ccf7c@group-637783BCBCA4:LeaderElection9] INFO  impl.RoleInfo (RoleInfo.java:shutdownLeaderElection(134)) - 18c2403b-6685-48ec-8e85-5146801ccf7c: shutdown LeaderElection
2019-09-25 05:56:20,617 [18c2403b-6685-48ec-8e85-5146801ccf7c@group-637783BCBCA4:LeaderElection9] INFO  impl.RaftServerImpl (RaftServerImpl.java:setRole(174)) - 18c2403b-6685-48ec-8e85-5146801ccf7c@group-637783BCBCA4: changes role from CANDIDATE to LEADER at term 1 for changeToLeader
2019-09-25 05:56:20,617 [18c2403b-6685-48ec-8e85-5146801ccf7c@group-637783BCBCA4:LeaderElection9] INFO  impl.RaftServerImpl (ServerState.java:setLeader(253)) - 18c2403b-6685-48ec-8e85-5146801ccf7c@group-637783BCBCA4: change Leader from null to 18c2403b-6685-48ec-8e85-5146801ccf7c at term 1 for becomeLeader, leader elected after 5060ms
2019-09-25 05:56:20,617 [18c2403b-6685-48ec-8e85-5146801ccf7c@group-637783BCBCA4:LeaderElection9] INFO  server.RaftServerConfigKeys (ConfUtils.java:logGet(43)) - raft.server.staging.catchup.gap = 1000 (default)
2019-09-25 05:56:20,617 [Thread-236] INFO  impl.FollowerState (FollowerState.java:run(106)) - 18c2403b-6685-48ec-8e85-5146801ccf7c:group-3E0D06E36667 changes to CANDIDATE, lastRpcTime:5179, electionTimeout:5179ms
2019-09-25 05:56:20,617 [18c2403b-6685-48ec-8e85-5146801ccf7c@group-637783BCBCA4:LeaderElection9] INFO  server.RaftServerConfigKeys (ConfUtils.java:logGet(43)) - raft.server.rpc.sleep.time = 25ms (default)
2019-09-25 05:56:20,617 [Thread-236] INFO  impl.RoleInfo (RoleInfo.java:shutdownFollowerState(121)) - 18c2403b-6685-48ec-8e85-5146801ccf7c: shutdown FollowerState
2019-09-25 05:56:20,617 [18c2403b-6685-48ec-8e85-5146801ccf7c@group-637783BCBCA4:LeaderElection9] INFO  server.RaftServerConfigKeys (ConfUtils.java:logGet(43)) - raft.server.write.element-limit = 4096 (default)
2019-09-25 05:56:20,617 [Thread-236] INFO  impl.RaftServerImpl (RaftServerImpl.java:setRole(174)) - 18c2403b-6685-48ec-8e85-5146801ccf7c@group-3E0D06E36667: changes role from  FOLLOWER to CANDIDATE at term 0 for changeToCandidate
2019-09-25 05:56:20,618 [18c2403b-6685-48ec-8e85-5146801ccf7c@group-637783BCBCA4:LeaderElection9] INFO  server.RaftServerConfigKeys (ConfUtils.java:logGet(43)) - raft.server.watch.timeout = 10s (default)
2019-09-25 05:56:20,618 [Thread-236] INFO  impl.RoleInfo (RoleInfo.java:updateAndGet(143)) - 18c2403b-6685-48ec-8e85-5146801ccf7c: start LeaderElection
2019-09-25 05:56:20,618 [18c2403b-6685-48ec-8e85-5146801ccf7c@group-637783BCBCA4:LeaderElection9] INFO  server.RaftServerConfigKeys (ConfUtils.java:logGet(43)) - raft.server.watch.timeout.denomination = 1s (default)
2019-09-25 05:56:20,618 [18c2403b-6685-48ec-8e85-5146801ccf7c@group-637783BCBCA4:LeaderElection9] INFO  server.RaftServerConfigKeys (ConfUtils.java:logGet(43)) - raft.server.watch.element-limit = 65536 (default)
2019-09-25 05:56:20,624 [18c2403b-6685-48ec-8e85-5146801ccf7c@group-637783BCBCA4:LeaderElection9] INFO  impl.RoleInfo (RoleInfo.java:updateAndGet(143)) - 18c2403b-6685-48ec-8e85-5146801ccf7c: start LeaderState
2019-09-25 05:56:20,624 [18c2403b-6685-48ec-8e85-5146801ccf7c@group-637783BCBCA4:LeaderElection9] INFO  segmented.SegmentedRaftLogWorker (SegmentedRaftLogWorker.java:startLogSegment(380)) - 18c2403b-6685-48ec-8e85-5146801ccf7c@group-637783BCBCA4-SegmentedRaftLogWorker: Starting segment from index:0
2019-09-25 05:56:20,625 [18c2403b-6685-48ec-8e85-5146801ccf7c@group-637783BCBCA4:LeaderElection9] INFO  impl.RaftServerImpl (ServerState.java:setRaftConf(354)) - 18c2403b-6685-48ec-8e85-5146801ccf7c@group-637783BCBCA4: set configuration 0: [18c2403b-6685-48ec-8e85-5146801ccf7c:192.168.5.161:33856], old=null at 0
2019-09-25 05:56:20,662 [18c2403b-6685-48ec-8e85-5146801ccf7c@group-3E0D06E36667:LeaderElection10] INFO  impl.LeaderElection (LeaderElection.java:askForVotes(182)) - 18c2403b-6685-48ec-8e85-5146801ccf7c@group-3E0D06E36667:LeaderElection10: begin an election at term 1 for -1: [18c2403b-6685-48ec-8e85-5146801ccf7c:192.168.5.161:33856], old=null
2019-09-25 05:56:20,662 [18c2403b-6685-48ec-8e85-5146801ccf7c@group-3E0D06E36667:LeaderElection10] INFO  impl.RoleInfo (RoleInfo.java:shutdownLeaderElection(134)) - 18c2403b-6685-48ec-8e85-5146801ccf7c: shutdown LeaderElection
2019-09-25 05:56:20,662 [18c2403b-6685-48ec-8e85-5146801ccf7c@group-3E0D06E36667:LeaderElection10] INFO  impl.RaftServerImpl (RaftServerImpl.java:setRole(174)) - 18c2403b-6685-48ec-8e85-5146801ccf7c@group-3E0D06E36667: changes role from CANDIDATE to LEADER at term 1 for changeToLeader
2019-09-25 05:56:20,662 [18c2403b-6685-48ec-8e85-5146801ccf7c@group-3E0D06E36667:LeaderElection10] INFO  impl.RaftServerImpl (ServerState.java:setLeader(253)) - 18c2403b-6685-48ec-8e85-5146801ccf7c@group-3E0D06E36667: change Leader from null to 18c2403b-6685-48ec-8e85-5146801ccf7c at term 1 for becomeLeader, leader elected after 5233ms
2019-09-25 05:56:20,662 [18c2403b-6685-48ec-8e85-5146801ccf7c@group-3E0D06E36667:LeaderElection10] INFO  server.RaftServerConfigKeys (ConfUtils.java:logGet(43)) - raft.server.staging.catchup.gap = 1000 (default)
2019-09-25 05:56:20,662 [18c2403b-6685-48ec-8e85-5146801ccf7c@group-3E0D06E36667:LeaderElection10] INFO  server.RaftServerConfigKeys (ConfUtils.java:logGet(43)) - raft.server.rpc.sleep.time = 25ms (default)
2019-09-25 05:56:20,663 [18c2403b-6685-48ec-8e85-5146801ccf7c@group-3E0D06E36667:LeaderElection10] INFO  server.RaftServerConfigKeys (ConfUtils.java:logGet(43)) - raft.server.write.element-limit = 4096 (default)
2019-09-25 05:56:20,663 [18c2403b-6685-48ec-8e85-5146801ccf7c@group-3E0D06E36667:LeaderElection10] INFO  server.RaftServerConfigKeys (ConfUtils.java:logGet(43)) - raft.server.watch.timeout = 10s (default)
2019-09-25 05:56:20,663 [18c2403b-6685-48ec-8e85-5146801ccf7c@group-3E0D06E36667:LeaderElection10] INFO  server.RaftServerConfigKeys (ConfUtils.java:logGet(43)) - raft.server.watch.timeout.denomination = 1s (default)
2019-09-25 05:56:20,663 [18c2403b-6685-48ec-8e85-5146801ccf7c@group-3E0D06E36667:LeaderElection10] INFO  server.RaftServerConfigKeys (ConfUtils.java:logGet(43)) - raft.server.watch.element-limit = 65536 (default)
2019-09-25 05:56:20,666 [18c2403b-6685-48ec-8e85-5146801ccf7c@group-3E0D06E36667:LeaderElection10] INFO  impl.RoleInfo (RoleInfo.java:updateAndGet(143)) - 18c2403b-6685-48ec-8e85-5146801ccf7c: start LeaderState
2019-09-25 05:56:20,666 [18c2403b-6685-48ec-8e85-5146801ccf7c@group-3E0D06E36667:LeaderElection10] INFO  segmented.SegmentedRaftLogWorker (SegmentedRaftLogWorker.java:startLogSegment(380)) - 18c2403b-6685-48ec-8e85-5146801ccf7c@group-3E0D06E36667-SegmentedRaftLogWorker: Starting segment from index:0
2019-09-25 05:56:20,667 [18c2403b-6685-48ec-8e85-5146801ccf7c@group-3E0D06E36667:LeaderElection10] INFO  impl.RaftServerImpl (ServerState.java:setRaftConf(354)) - 18c2403b-6685-48ec-8e85-5146801ccf7c@group-3E0D06E36667: set configuration 0: [18c2403b-6685-48ec-8e85-5146801ccf7c:192.168.5.161:33856], old=null at 0
2019-09-25 05:56:20,694 [18c2403b-6685-48ec-8e85-5146801ccf7c@group-637783BCBCA4-SegmentedRaftLogWorker] INFO  segmented.SegmentedRaftLogWorker (SegmentedRaftLogWorker.java:execute(569)) - 18c2403b-6685-48ec-8e85-5146801ccf7c@group-637783BCBCA4-SegmentedRaftLogWorker: created new log segment /workdir/hadoop-ozone/tools/target/test-dir/MiniOzoneClusterImpl-a0b92c19-88eb-4192-8b6a-de7e7575cfd2/datanode-4/data/ratis/84bf0bd4-4530-4c16-8ad8-637783bcbca4/current/log_inprogress_0
2019-09-25 05:56:20,704 [18c2403b-6685-48ec-8e85-5146801ccf7c@group-3E0D06E36667-SegmentedRaftLogWorker] INFO  segmented.SegmentedRaftLogWorker (SegmentedRaftLogWorker.java:execute(569)) - 18c2403b-6685-48ec-8e85-5146801ccf7c@group-3E0D06E36667-SegmentedRaftLogWorker: created new log segment /workdir/hadoop-ozone/tools/target/test-dir/MiniOzoneClusterImpl-a0b92c19-88eb-4192-8b6a-de7e7575cfd2/datanode-4/data/ratis/0df7f1a0-8056-424d-b965-3e0d06e36667/current/log_inprogress_0
 0.00% |█                                                                                                    |  0/1 Time: 0:00:012019-09-25 05:56:20,762 [Thread-245] INFO  impl.FollowerState (FollowerState.java:run(106)) - 4a989990-004c-48a6-9d0e-df27d30930a7:group-37B98A9E1F82 changes to CANDIDATE, lastRpcTime:5135, electionTimeout:5135ms
2019-09-25 05:56:20,763 [Thread-245] INFO  impl.RoleInfo (RoleInfo.java:shutdownFollowerState(121)) - 4a989990-004c-48a6-9d0e-df27d30930a7: shutdown FollowerState
2019-09-25 05:56:20,763 [Thread-245] INFO  impl.RaftServerImpl (RaftServerImpl.java:setRole(174)) - 4a989990-004c-48a6-9d0e-df27d30930a7@group-37B98A9E1F82: changes role from  FOLLOWER to CANDIDATE at term 0 for changeToCandidate
2019-09-25 05:56:20,763 [Thread-245] INFO  impl.RoleInfo (RoleInfo.java:updateAndGet(143)) - 4a989990-004c-48a6-9d0e-df27d30930a7: start LeaderElection
2019-09-25 05:56:20,786 [4a989990-004c-48a6-9d0e-df27d30930a7@group-37B98A9E1F82:LeaderElection11] INFO  impl.LeaderElection (LeaderElection.java:askForVotes(182)) - 4a989990-004c-48a6-9d0e-df27d30930a7@group-37B98A9E1F82:LeaderElection11: begin an election at term 1 for -1: [4a989990-004c-48a6-9d0e-df27d30930a7:192.168.5.161:33719], old=null
2019-09-25 05:56:20,786 [4a989990-004c-48a6-9d0e-df27d30930a7@group-37B98A9E1F82:LeaderElection11] INFO  impl.RoleInfo (RoleInfo.java:shutdownLeaderElection(134)) - 4a989990-004c-48a6-9d0e-df27d30930a7: shutdown LeaderElection
2019-09-25 05:56:20,787 [4a989990-004c-48a6-9d0e-df27d30930a7@group-37B98A9E1F82:LeaderElection11] INFO  impl.RaftServerImpl (RaftServerImpl.java:setRole(174)) - 4a989990-004c-48a6-9d0e-df27d30930a7@group-37B98A9E1F82: changes role from CANDIDATE to LEADER at term 1 for changeToLeader
2019-09-25 05:56:20,787 [4a989990-004c-48a6-9d0e-df27d30930a7@group-37B98A9E1F82:LeaderElection11] INFO  impl.RaftServerImpl (ServerState.java:setLeader(253)) - 4a989990-004c-48a6-9d0e-df27d30930a7@group-37B98A9E1F82: change Leader from null to 4a989990-004c-48a6-9d0e-df27d30930a7 at term 1 for becomeLeader, leader elected after 5169ms
2019-09-25 05:56:20,787 [4a989990-004c-48a6-9d0e-df27d30930a7@group-37B98A9E1F82:LeaderElection11] INFO  server.RaftServerConfigKeys (ConfUtils.java:logGet(43)) - raft.server.staging.catchup.gap = 1000 (default)
2019-09-25 05:56:20,787 [4a989990-004c-48a6-9d0e-df27d30930a7@group-37B98A9E1F82:LeaderElection11] INFO  server.RaftServerConfigKeys (ConfUtils.java:logGet(43)) - raft.server.rpc.sleep.time = 25ms (default)
2019-09-25 05:56:20,787 [4a989990-004c-48a6-9d0e-df27d30930a7@group-37B98A9E1F82:LeaderElection11] INFO  server.RaftServerConfigKeys (ConfUtils.java:logGet(43)) - raft.server.write.element-limit = 4096 (default)
2019-09-25 05:56:20,788 [4a989990-004c-48a6-9d0e-df27d30930a7@group-37B98A9E1F82:LeaderElection11] INFO  server.RaftServerConfigKeys (ConfUtils.java:logGet(43)) - raft.server.watch.timeout = 10s (default)
2019-09-25 05:56:20,788 [4a989990-004c-48a6-9d0e-df27d30930a7@group-37B98A9E1F82:LeaderElection11] INFO  server.RaftServerConfigKeys (ConfUtils.java:logGet(43)) - raft.server.watch.timeout.denomination = 1s (default)
2019-09-25 05:56:20,788 [4a989990-004c-48a6-9d0e-df27d30930a7@group-37B98A9E1F82:LeaderElection11] INFO  server.RaftServerConfigKeys (ConfUtils.java:logGet(43)) - raft.server.watch.element-limit = 65536 (default)
2019-09-25 05:56:20,792 [Thread-251] INFO  impl.FollowerState (FollowerState.java:run(106)) - 90309ab8-5448-4aca-b95f-8fb3fc665c41:group-015424B83EEB changes to CANDIDATE, lastRpcTime:5033, electionTimeout:5033ms
2019-09-25 05:56:20,792 [4a989990-004c-48a6-9d0e-df27d30930a7@group-37B98A9E1F82:LeaderElection11] INFO  impl.RoleInfo (RoleInfo.java:updateAndGet(143)) - 4a989990-004c-48a6-9d0e-df27d30930a7: start LeaderState
2019-09-25 05:56:20,792 [Thread-251] INFO  impl.RoleInfo (RoleInfo.java:shutdownFollowerState(121)) - 90309ab8-5448-4aca-b95f-8fb3fc665c41: shutdown FollowerState
2019-09-25 05:56:20,792 [Thread-251] INFO  impl.RaftServerImpl (RaftServerImpl.java:setRole(174)) - 90309ab8-5448-4aca-b95f-8fb3fc665c41@group-015424B83EEB: changes role from  FOLLOWER to CANDIDATE at term 0 for changeToCandidate
2019-09-25 05:56:20,793 [4a989990-004c-48a6-9d0e-df27d30930a7@group-37B98A9E1F82:LeaderElection11] INFO  segmented.SegmentedRaftLogWorker (SegmentedRaftLogWorker.java:startLogSegment(380)) - 4a989990-004c-48a6-9d0e-df27d30930a7@group-37B98A9E1F82-SegmentedRaftLogWorker: Starting segment from index:0
2019-09-25 05:56:20,793 [Thread-251] INFO  impl.RoleInfo (RoleInfo.java:updateAndGet(143)) - 90309ab8-5448-4aca-b95f-8fb3fc665c41: start LeaderElection
2019-09-25 05:56:20,835 [4a989990-004c-48a6-9d0e-df27d30930a7@group-37B98A9E1F82:LeaderElection11] INFO  impl.RaftServerImpl (ServerState.java:setRaftConf(354)) - 4a989990-004c-48a6-9d0e-df27d30930a7@group-37B98A9E1F82: set configuration 0: [4a989990-004c-48a6-9d0e-df27d30930a7:192.168.5.161:33719], old=null at 0
2019-09-25 05:56:20,841 [Thread-248] INFO  impl.FollowerState (FollowerState.java:run(106)) - 4a989990-004c-48a6-9d0e-df27d30930a7:group-295E047A1103 changes to CANDIDATE, lastRpcTime:5144, electionTimeout:5144ms
2019-09-25 05:56:20,842 [Thread-248] INFO  impl.RoleInfo (RoleInfo.java:shutdownFollowerState(121)) - 4a989990-004c-48a6-9d0e-df27d30930a7: shutdown FollowerState
2019-09-25 05:56:20,842 [Thread-248] INFO  impl.RaftServerImpl (RaftServerImpl.java:setRole(174)) - 4a989990-004c-48a6-9d0e-df27d30930a7@group-295E047A1103: changes role from  FOLLOWER to CANDIDATE at term 0 for changeToCandidate
2019-09-25 05:56:20,842 [Thread-248] INFO  impl.RoleInfo (RoleInfo.java:updateAndGet(143)) - 4a989990-004c-48a6-9d0e-df27d30930a7: start LeaderElection
2019-09-25 05:56:20,849 [4a989990-004c-48a6-9d0e-df27d30930a7@group-37B98A9E1F82-SegmentedRaftLogWorker] INFO  segmented.SegmentedRaftLogWorker (SegmentedRaftLogWorker.java:execute(569)) - 4a989990-004c-48a6-9d0e-df27d30930a7@group-37B98A9E1F82-SegmentedRaftLogWorker: created new log segment /workdir/hadoop-ozone/tools/target/test-dir/MiniOzoneClusterImpl-a0b92c19-88eb-4192-8b6a-de7e7575cfd2/datanode-0/data/ratis/2cf9fce7-35a0-457a-9874-37b98a9e1f82/current/log_inprogress_0
2019-09-25 05:56:20,850 [90309ab8-5448-4aca-b95f-8fb3fc665c41@group-015424B83EEB:LeaderElection12] INFO  impl.LeaderElection (LeaderElection.java:askForVotes(182)) - 90309ab8-5448-4aca-b95f-8fb3fc665c41@group-015424B83EEB:LeaderElection12: begin an election at term 1 for -1: [90309ab8-5448-4aca-b95f-8fb3fc665c41:192.168.5.161:32851], old=null
2019-09-25 05:56:20,850 [90309ab8-5448-4aca-b95f-8fb3fc665c41@group-015424B83EEB:LeaderElection12] INFO  impl.RoleInfo (RoleInfo.java:shutdownLeaderElection(134)) - 90309ab8-5448-4aca-b95f-8fb3fc665c41: shutdown LeaderElection
2019-09-25 05:56:20,850 [90309ab8-5448-4aca-b95f-8fb3fc665c41@group-015424B83EEB:LeaderElection12] INFO  impl.RaftServerImpl (RaftServerImpl.java:setRole(174)) - 90309ab8-5448-4aca-b95f-8fb3fc665c41@group-015424B83EEB: changes role from CANDIDATE to LEADER at term 1 for changeToLeader
2019-09-25 05:56:20,850 [90309ab8-5448-4aca-b95f-8fb3fc665c41@group-015424B83EEB:LeaderElection12] INFO  impl.RaftServerImpl (ServerState.java:setLeader(253)) - 90309ab8-5448-4aca-b95f-8fb3fc665c41@group-015424B83EEB: change Leader from null to 90309ab8-5448-4aca-b95f-8fb3fc665c41 at term 1 for becomeLeader, leader elected after 5099ms
2019-09-25 05:56:20,850 [90309ab8-5448-4aca-b95f-8fb3fc665c41@group-015424B83EEB:LeaderElection12] INFO  server.RaftServerConfigKeys (ConfUtils.java:logGet(43)) - raft.server.staging.catchup.gap = 1000 (default)
2019-09-25 05:56:20,851 [90309ab8-5448-4aca-b95f-8fb3fc665c41@group-015424B83EEB:LeaderElection12] INFO  server.RaftServerConfigKeys (ConfUtils.java:logGet(43)) - raft.server.rpc.sleep.time = 25ms (default)
2019-09-25 05:56:20,851 [90309ab8-5448-4aca-b95f-8fb3fc665c41@group-015424B83EEB:LeaderElection12] INFO  server.RaftServerConfigKeys (ConfUtils.java:logGet(43)) - raft.server.write.element-limit = 4096 (default)
2019-09-25 05:56:20,851 [90309ab8-5448-4aca-b95f-8fb3fc665c41@group-015424B83EEB:LeaderElection12] INFO  server.RaftServerConfigKeys (ConfUtils.java:logGet(43)) - raft.server.watch.timeout = 10s (default)
2019-09-25 05:56:20,851 [90309ab8-5448-4aca-b95f-8fb3fc665c41@group-015424B83EEB:LeaderElection12] INFO  server.RaftServerConfigKeys (ConfUtils.java:logGet(43)) - raft.server.watch.timeout.denomination = 1s (default)
2019-09-25 05:56:20,851 [90309ab8-5448-4aca-b95f-8fb3fc665c41@group-015424B83EEB:LeaderElection12] INFO  server.RaftServerConfigKeys (ConfUtils.java:logGet(43)) - raft.server.watch.element-limit = 65536 (default)
2019-09-25 05:56:20,855 [90309ab8-5448-4aca-b95f-8fb3fc665c41@group-015424B83EEB:LeaderElection12] INFO  impl.RoleInfo (RoleInfo.java:updateAndGet(143)) - 90309ab8-5448-4aca-b95f-8fb3fc665c41: start LeaderState
2019-09-25 05:56:20,856 [90309ab8-5448-4aca-b95f-8fb3fc665c41@group-015424B83EEB:LeaderElection12] INFO  segmented.SegmentedRaftLogWorker (SegmentedRaftLogWorker.java:startLogSegment(380)) - 90309ab8-5448-4aca-b95f-8fb3fc665c41@group-015424B83EEB-SegmentedRaftLogWorker: Starting segment from index:0
2019-09-25 05:56:20,856 [90309ab8-5448-4aca-b95f-8fb3fc665c41@group-015424B83EEB:LeaderElection12] INFO  impl.RaftServerImpl (ServerState.java:setRaftConf(354)) - 90309ab8-5448-4aca-b95f-8fb3fc665c41@group-015424B83EEB: set configuration 0: [90309ab8-5448-4aca-b95f-8fb3fc665c41:192.168.5.161:32851], old=null at 0
2019-09-25 05:56:20,900 [4a989990-004c-48a6-9d0e-df27d30930a7@group-295E047A1103:LeaderElection13] INFO  impl.LeaderElection (LeaderElection.java:askForVotes(182)) - 4a989990-004c-48a6-9d0e-df27d30930a7@group-295E047A1103:LeaderElection13: begin an election at term 1 for -1: [4a989990-004c-48a6-9d0e-df27d30930a7:192.168.5.161:33719], old=null
2019-09-25 05:56:20,900 [4a989990-004c-48a6-9d0e-df27d30930a7@group-295E047A1103:LeaderElection13] INFO  impl.RoleInfo (RoleInfo.java:shutdownLeaderElection(134)) - 4a989990-004c-48a6-9d0e-df27d30930a7: shutdown LeaderElection
2019-09-25 05:56:20,900 [4a989990-004c-48a6-9d0e-df27d30930a7@group-295E047A1103:LeaderElection13] INFO  impl.RaftServerImpl (RaftServerImpl.java:setRole(174)) - 4a989990-004c-48a6-9d0e-df27d30930a7@group-295E047A1103: changes role from CANDIDATE to LEADER at term 1 for changeToLeader
2019-09-25 05:56:20,900 [4a989990-004c-48a6-9d0e-df27d30930a7@group-295E047A1103:LeaderElection13] INFO  impl.RaftServerImpl (ServerState.java:setLeader(253)) - 4a989990-004c-48a6-9d0e-df27d30930a7@group-295E047A1103: change Leader from null to 4a989990-004c-48a6-9d0e-df27d30930a7 at term 1 for becomeLeader, leader elected after 5213ms
2019-09-25 05:56:20,901 [4a989990-004c-48a6-9d0e-df27d30930a7@group-295E047A1103:LeaderElection13] INFO  server.RaftServerConfigKeys (ConfUtils.java:logGet(43)) - raft.server.staging.catchup.gap = 1000 (default)
2019-09-25 05:56:20,901 [4a989990-004c-48a6-9d0e-df27d30930a7@group-295E047A1103:LeaderElection13] INFO  server.RaftServerConfigKeys (ConfUtils.java:logGet(43)) - raft.server.rpc.sleep.time = 25ms (default)
2019-09-25 05:56:20,901 [4a989990-004c-48a6-9d0e-df27d30930a7@group-295E047A1103:LeaderElection13] INFO  server.RaftServerConfigKeys (ConfUtils.java:logGet(43)) - raft.server.write.element-limit = 4096 (default)
2019-09-25 05:56:20,901 [4a989990-004c-48a6-9d0e-df27d30930a7@group-295E047A1103:LeaderElection13] INFO  server.RaftServerConfigKeys (ConfUtils.java:logGet(43)) - raft.server.watch.timeout = 10s (default)
2019-09-25 05:56:20,901 [4a989990-004c-48a6-9d0e-df27d30930a7@group-295E047A1103:LeaderElection13] INFO  server.RaftServerConfigKeys (ConfUtils.java:logGet(43)) - raft.server.watch.timeout.denomination = 1s (default)
2019-09-25 05:56:20,902 [4a989990-004c-48a6-9d0e-df27d30930a7@group-295E047A1103:LeaderElection13] INFO  server.RaftServerConfigKeys (ConfUtils.java:logGet(43)) - raft.server.watch.element-limit = 65536 (default)
2019-09-25 05:56:20,904 [4a989990-004c-48a6-9d0e-df27d30930a7@group-295E047A1103:LeaderElection13] INFO  impl.RoleInfo (RoleInfo.java:updateAndGet(143)) - 4a989990-004c-48a6-9d0e-df27d30930a7: start LeaderState
2019-09-25 05:56:20,905 [4a989990-004c-48a6-9d0e-df27d30930a7@group-295E047A1103:LeaderElection13] INFO  segmented.SegmentedRaftLogWorker (SegmentedRaftLogWorker.java:startLogSegment(380)) - 4a989990-004c-48a6-9d0e-df27d30930a7@group-295E047A1103-SegmentedRaftLogWorker: Starting segment from index:0
2019-09-25 05:56:20,905 [4a989990-004c-48a6-9d0e-df27d30930a7@group-295E047A1103:LeaderElection13] INFO  impl.RaftServerImpl (ServerState.java:setRaftConf(354)) - 4a989990-004c-48a6-9d0e-df27d30930a7@group-295E047A1103: set configuration 0: [4a989990-004c-48a6-9d0e-df27d30930a7:192.168.5.161:33719], old=null at 0
2019-09-25 05:56:20,940 [90309ab8-5448-4aca-b95f-8fb3fc665c41@group-015424B83EEB-SegmentedRaftLogWorker] INFO  segmented.SegmentedRaftLogWorker (SegmentedRaftLogWorker.java:execute(569)) - 90309ab8-5448-4aca-b95f-8fb3fc665c41@group-015424B83EEB-SegmentedRaftLogWorker: created new log segment /workdir/hadoop-ozone/tools/target/test-dir/MiniOzoneClusterImpl-a0b92c19-88eb-4192-8b6a-de7e7575cfd2/datanode-1/data/ratis/641cf197-f44d-4219-974a-015424b83eeb/current/log_inprogress_0
2019-09-25 05:56:20,953 [4a989990-004c-48a6-9d0e-df27d30930a7@group-295E047A1103-SegmentedRaftLogWorker] INFO  segmented.SegmentedRaftLogWorker (SegmentedRaftLogWorker.java:execute(569)) - 4a989990-004c-48a6-9d0e-df27d30930a7@group-295E047A1103-SegmentedRaftLogWorker: created new log segment /workdir/hadoop-ozone/tools/target/test-dir/MiniOzoneClusterImpl-a0b92c19-88eb-4192-8b6a-de7e7575cfd2/datanode-0/data/ratis/9288ed59-4327-4f21-bc3b-295e047a1103/current/log_inprogress_0
2019-09-25 05:56:20,970 [Thread-254] INFO  impl.FollowerState (FollowerState.java:run(106)) - f4bb89bf-b4cb-46d2-895a-458b0eef1f65:group-176DCEE8B518 changes to CANDIDATE, lastRpcTime:5141, electionTimeout:5141ms
2019-09-25 05:56:20,971 [Thread-254] INFO  impl.RoleInfo (RoleInfo.java:shutdownFollowerState(121)) - f4bb89bf-b4cb-46d2-895a-458b0eef1f65: shutdown FollowerState
2019-09-25 05:56:20,971 [Thread-254] INFO  impl.RaftServerImpl (RaftServerImpl.java:setRole(174)) - f4bb89bf-b4cb-46d2-895a-458b0eef1f65@group-176DCEE8B518: changes role from  FOLLOWER to CANDIDATE at term 0 for changeToCandidate
2019-09-25 05:56:20,971 [Thread-254] INFO  impl.RoleInfo (RoleInfo.java:updateAndGet(143)) - f4bb89bf-b4cb-46d2-895a-458b0eef1f65: start LeaderElection
2019-09-25 05:56:20,984 [f4bb89bf-b4cb-46d2-895a-458b0eef1f65@group-176DCEE8B518:LeaderElection14] INFO  impl.LeaderElection (LeaderElection.java:askForVotes(182)) - f4bb89bf-b4cb-46d2-895a-458b0eef1f65@group-176DCEE8B518:LeaderElection14: begin an election at term 1 for -1: [f4bb89bf-b4cb-46d2-895a-458b0eef1f65:192.168.5.161:44648], old=null
2019-09-25 05:56:20,984 [f4bb89bf-b4cb-46d2-895a-458b0eef1f65@group-176DCEE8B518:LeaderElection14] INFO  impl.RoleInfo (RoleInfo.java:shutdownLeaderElection(134)) - f4bb89bf-b4cb-46d2-895a-458b0eef1f65: shutdown LeaderElection
2019-09-25 05:56:20,985 [f4bb89bf-b4cb-46d2-895a-458b0eef1f65@group-176DCEE8B518:LeaderElection14] INFO  impl.RaftServerImpl (RaftServerImpl.java:setRole(174)) - f4bb89bf-b4cb-46d2-895a-458b0eef1f65@group-176DCEE8B518: changes role from CANDIDATE to LEADER at term 1 for changeToLeader
2019-09-25 05:56:20,985 [f4bb89bf-b4cb-46d2-895a-458b0eef1f65@group-176DCEE8B518:LeaderElection14] INFO  impl.RaftServerImpl (ServerState.java:setLeader(253)) - f4bb89bf-b4cb-46d2-895a-458b0eef1f65@group-176DCEE8B518: change Leader from null to f4bb89bf-b4cb-46d2-895a-458b0eef1f65 at term 1 for becomeLeader, leader elected after 5165ms
2019-09-25 05:56:20,985 [f4bb89bf-b4cb-46d2-895a-458b0eef1f65@group-176DCEE8B518:LeaderElection14] INFO  server.RaftServerConfigKeys (ConfUtils.java:logGet(43)) - raft.server.staging.catchup.gap = 1000 (default)
2019-09-25 05:56:20,985 [f4bb89bf-b4cb-46d2-895a-458b0eef1f65@group-176DCEE8B518:LeaderElection14] INFO  server.RaftServerConfigKeys (ConfUtils.java:logGet(43)) - raft.server.rpc.sleep.time = 25ms (default)
2019-09-25 05:56:20,985 [f4bb89bf-b4cb-46d2-895a-458b0eef1f65@group-176DCEE8B518:LeaderElection14] INFO  server.RaftServerConfigKeys (ConfUtils.java:logGet(43)) - raft.server.write.element-limit = 4096 (default)
2019-09-25 05:56:20,985 [f4bb89bf-b4cb-46d2-895a-458b0eef1f65@group-176DCEE8B518:LeaderElection14] INFO  server.RaftServerConfigKeys (ConfUtils.java:logGet(43)) - raft.server.watch.timeout = 10s (default)
2019-09-25 05:56:20,985 [f4bb89bf-b4cb-46d2-895a-458b0eef1f65@group-176DCEE8B518:LeaderElection14] INFO  server.RaftServerConfigKeys (ConfUtils.java:logGet(43)) - raft.server.watch.timeout.denomination = 1s (default)
2019-09-25 05:56:20,985 [f4bb89bf-b4cb-46d2-895a-458b0eef1f65@group-176DCEE8B518:LeaderElection14] INFO  server.RaftServerConfigKeys (ConfUtils.java:logGet(43)) - raft.server.watch.element-limit = 65536 (default)
2019-09-25 05:56:20,988 [f4bb89bf-b4cb-46d2-895a-458b0eef1f65@group-176DCEE8B518:LeaderElection14] INFO  impl.RoleInfo (RoleInfo.java:updateAndGet(143)) - f4bb89bf-b4cb-46d2-895a-458b0eef1f65: start LeaderState
2019-09-25 05:56:20,988 [f4bb89bf-b4cb-46d2-895a-458b0eef1f65@group-176DCEE8B518:LeaderElection14] INFO  segmented.SegmentedRaftLogWorker (SegmentedRaftLogWorker.java:startLogSegment(380)) - f4bb89bf-b4cb-46d2-895a-458b0eef1f65@group-176DCEE8B518-SegmentedRaftLogWorker: Starting segment from index:0
2019-09-25 05:56:20,988 [f4bb89bf-b4cb-46d2-895a-458b0eef1f65@group-176DCEE8B518:LeaderElection14] INFO  impl.RaftServerImpl (ServerState.java:setRaftConf(354)) - f4bb89bf-b4cb-46d2-895a-458b0eef1f65@group-176DCEE8B518: set configuration 0: [f4bb89bf-b4cb-46d2-895a-458b0eef1f65:192.168.5.161:44648], old=null at 0
2019-09-25 05:56:21,042 [f4bb89bf-b4cb-46d2-895a-458b0eef1f65@group-176DCEE8B518-SegmentedRaftLogWorker] INFO  segmented.SegmentedRaftLogWorker (SegmentedRaftLogWorker.java:execute(569)) - f4bb89bf-b4cb-46d2-895a-458b0eef1f65@group-176DCEE8B518-SegmentedRaftLogWorker: created new log segment /workdir/hadoop-ozone/tools/target/test-dir/MiniOzoneClusterImpl-a0b92c19-88eb-4192-8b6a-de7e7575cfd2/datanode-2/data/ratis/10a3090a-a552-48d9-95f0-176dcee8b518/current/log_inprogress_0
2019-09-25 05:56:21,459 [Thread-263] INFO  impl.FollowerState (FollowerState.java:run(106)) - f4bb89bf-b4cb-46d2-895a-458b0eef1f65:group-FFDE5856A025 changes to CANDIDATE, lastRpcTime:5017, electionTimeout:5017ms
2019-09-25 05:56:21,460 [Thread-263] INFO  impl.RoleInfo (RoleInfo.java:shutdownFollowerState(121)) - f4bb89bf-b4cb-46d2-895a-458b0eef1f65: shutdown FollowerState
2019-09-25 05:56:21,460 [Thread-263] INFO  impl.RaftServerImpl (RaftServerImpl.java:setRole(174)) - f4bb89bf-b4cb-46d2-895a-458b0eef1f65@group-FFDE5856A025: changes role from  FOLLOWER to CANDIDATE at term 0 for changeToCandidate
2019-09-25 05:56:21,460 [Thread-263] INFO  impl.RoleInfo (RoleInfo.java:updateAndGet(143)) - f4bb89bf-b4cb-46d2-895a-458b0eef1f65: start LeaderElection
2019-09-25 05:56:21,481 [f4bb89bf-b4cb-46d2-895a-458b0eef1f65@group-FFDE5856A025:LeaderElection15] INFO  impl.LeaderElection (LeaderElection.java:askForVotes(182)) - f4bb89bf-b4cb-46d2-895a-458b0eef1f65@group-FFDE5856A025:LeaderElection15: begin an election at term 1 for -1: [f4bb89bf-b4cb-46d2-895a-458b0eef1f65:192.168.5.161:44648], old=null
2019-09-25 05:56:21,481 [f4bb89bf-b4cb-46d2-895a-458b0eef1f65@group-FFDE5856A025:LeaderElection15] INFO  impl.RoleInfo (RoleInfo.java:shutdownLeaderElection(134)) - f4bb89bf-b4cb-46d2-895a-458b0eef1f65: shutdown LeaderElection
2019-09-25 05:56:21,481 [f4bb89bf-b4cb-46d2-895a-458b0eef1f65@group-FFDE5856A025:LeaderElection15] INFO  impl.RaftServerImpl (RaftServerImpl.java:setRole(174)) - f4bb89bf-b4cb-46d2-895a-458b0eef1f65@group-FFDE5856A025: changes role from CANDIDATE to LEADER at term 1 for changeToLeader
2019-09-25 05:56:21,481 [f4bb89bf-b4cb-46d2-895a-458b0eef1f65@group-FFDE5856A025:LeaderElection15] INFO  impl.RaftServerImpl (ServerState.java:setLeader(253)) - f4bb89bf-b4cb-46d2-895a-458b0eef1f65@group-FFDE5856A025: change Leader from null to f4bb89bf-b4cb-46d2-895a-458b0eef1f65 at term 1 for becomeLeader, leader elected after 5045ms
2019-09-25 05:56:21,482 [f4bb89bf-b4cb-46d2-895a-458b0eef1f65@group-FFDE5856A025:LeaderElection15] INFO  server.RaftServerConfigKeys (ConfUtils.java:logGet(43)) - raft.server.staging.catchup.gap = 1000 (default)
2019-09-25 05:56:21,482 [f4bb89bf-b4cb-46d2-895a-458b0eef1f65@group-FFDE5856A025:LeaderElection15] INFO  server.RaftServerConfigKeys (ConfUtils.java:logGet(43)) - raft.server.rpc.sleep.time = 25ms (default)
2019-09-25 05:56:21,482 [f4bb89bf-b4cb-46d2-895a-458b0eef1f65@group-FFDE5856A025:LeaderElection15] INFO  server.RaftServerConfigKeys (ConfUtils.java:logGet(43)) - raft.server.write.element-limit = 4096 (default)
2019-09-25 05:56:21,483 [f4bb89bf-b4cb-46d2-895a-458b0eef1f65@group-FFDE5856A025:LeaderElection15] INFO  server.RaftServerConfigKeys (ConfUtils.java:logGet(43)) - raft.server.watch.timeout = 10s (default)
2019-09-25 05:56:21,483 [f4bb89bf-b4cb-46d2-895a-458b0eef1f65@group-FFDE5856A025:LeaderElection15] INFO  server.RaftServerConfigKeys (ConfUtils.java:logGet(43)) - raft.server.watch.timeout.denomination = 1s (default)
2019-09-25 05:56:21,483 [f4bb89bf-b4cb-46d2-895a-458b0eef1f65@group-FFDE5856A025:LeaderElection15] INFO  server.RaftServerConfigKeys (ConfUtils.java:logGet(43)) - raft.server.watch.element-limit = 65536 (default)
2019-09-25 05:56:21,488 [f4bb89bf-b4cb-46d2-895a-458b0eef1f65@group-FFDE5856A025:LeaderElection15] INFO  impl.RoleInfo (RoleInfo.java:updateAndGet(143)) - f4bb89bf-b4cb-46d2-895a-458b0eef1f65: start LeaderState
2019-09-25 05:56:21,488 [f4bb89bf-b4cb-46d2-895a-458b0eef1f65@group-FFDE5856A025:LeaderElection15] INFO  segmented.SegmentedRaftLogWorker (SegmentedRaftLogWorker.java:startLogSegment(380)) - f4bb89bf-b4cb-46d2-895a-458b0eef1f65@group-FFDE5856A025-SegmentedRaftLogWorker: Starting segment from index:0
2019-09-25 05:56:21,489 [f4bb89bf-b4cb-46d2-895a-458b0eef1f65@group-FFDE5856A025:LeaderElection15] INFO  impl.RaftServerImpl (ServerState.java:setRaftConf(354)) - f4bb89bf-b4cb-46d2-895a-458b0eef1f65@group-FFDE5856A025: set configuration 0: [f4bb89bf-b4cb-46d2-895a-458b0eef1f65:192.168.5.161:44648], old=null at 0
2019-09-25 05:56:21,529 [Thread-257] INFO  impl.FollowerState (FollowerState.java:run(106)) - e93bb2c6-c39b-4618-a0fd-b5beeaf95472:group-7EC6262F64DF changes to CANDIDATE, lastRpcTime:5191, electionTimeout:5172ms
2019-09-25 05:56:21,529 [Thread-257] INFO  impl.RoleInfo (RoleInfo.java:shutdownFollowerState(121)) - e93bb2c6-c39b-4618-a0fd-b5beeaf95472: shutdown FollowerState
2019-09-25 05:56:21,529 [Thread-257] INFO  impl.RaftServerImpl (RaftServerImpl.java:setRole(174)) - e93bb2c6-c39b-4618-a0fd-b5beeaf95472@group-7EC6262F64DF: changes role from  FOLLOWER to CANDIDATE at term 0 for changeToCandidate
2019-09-25 05:56:21,530 [Thread-257] INFO  impl.RoleInfo (RoleInfo.java:updateAndGet(143)) - e93bb2c6-c39b-4618-a0fd-b5beeaf95472: start LeaderElection
2019-09-25 05:56:21,542 [f4bb89bf-b4cb-46d2-895a-458b0eef1f65@group-FFDE5856A025-SegmentedRaftLogWorker] INFO  segmented.SegmentedRaftLogWorker (SegmentedRaftLogWorker.java:execute(569)) - f4bb89bf-b4cb-46d2-895a-458b0eef1f65@group-FFDE5856A025-SegmentedRaftLogWorker: created new log segment /workdir/hadoop-ozone/tools/target/test-dir/MiniOzoneClusterImpl-a0b92c19-88eb-4192-8b6a-de7e7575cfd2/datanode-2/data/ratis/340972f5-b08b-48a3-9a21-ffde5856a025/current/log_inprogress_0
2019-09-25 05:56:21,542 [e93bb2c6-c39b-4618-a0fd-b5beeaf95472@group-7EC6262F64DF:LeaderElection16] INFO  impl.LeaderElection (LeaderElection.java:askForVotes(182)) - e93bb2c6-c39b-4618-a0fd-b5beeaf95472@group-7EC6262F64DF:LeaderElection16: begin an election at term 1 for -1: [e93bb2c6-c39b-4618-a0fd-b5beeaf95472:192.168.5.161:46002], old=null
2019-09-25 05:56:21,542 [e93bb2c6-c39b-4618-a0fd-b5beeaf95472@group-7EC6262F64DF:LeaderElection16] INFO  impl.RoleInfo (RoleInfo.java:shutdownLeaderElection(134)) - e93bb2c6-c39b-4618-a0fd-b5beeaf95472: shutdown LeaderElection
2019-09-25 05:56:21,543 [e93bb2c6-c39b-4618-a0fd-b5beeaf95472@group-7EC6262F64DF:LeaderElection16] INFO  impl.RaftServerImpl (RaftServerImpl.java:setRole(174)) - e93bb2c6-c39b-4618-a0fd-b5beeaf95472@group-7EC6262F64DF: changes role from CANDIDATE to LEADER at term 1 for changeToLeader
2019-09-25 05:56:21,543 [e93bb2c6-c39b-4618-a0fd-b5beeaf95472@group-7EC6262F64DF:LeaderElection16] INFO  impl.RaftServerImpl (ServerState.java:setLeader(253)) - e93bb2c6-c39b-4618-a0fd-b5beeaf95472@group-7EC6262F64DF: change Leader from null to e93bb2c6-c39b-4618-a0fd-b5beeaf95472 at term 1 for becomeLeader, leader elected after 5214ms
2019-09-25 05:56:21,543 [e93bb2c6-c39b-4618-a0fd-b5beeaf95472@group-7EC6262F64DF:LeaderElection16] INFO  server.RaftServerConfigKeys (ConfUtils.java:logGet(43)) - raft.server.staging.catchup.gap = 1000 (default)
2019-09-25 05:56:21,543 [e93bb2c6-c39b-4618-a0fd-b5beeaf95472@group-7EC6262F64DF:LeaderElection16] INFO  server.RaftServerConfigKeys (ConfUtils.java:logGet(43)) - raft.server.rpc.sleep.time = 25ms (default)
2019-09-25 05:56:21,543 [e93bb2c6-c39b-4618-a0fd-b5beeaf95472@group-7EC6262F64DF:LeaderElection16] INFO  server.RaftServerConfigKeys (ConfUtils.java:logGet(43)) - raft.server.write.element-limit = 4096 (default)
2019-09-25 05:56:21,544 [e93bb2c6-c39b-4618-a0fd-b5beeaf95472@group-7EC6262F64DF:LeaderElection16] INFO  server.RaftServerConfigKeys (ConfUtils.java:logGet(43)) - raft.server.watch.timeout = 10s (default)
2019-09-25 05:56:21,544 [e93bb2c6-c39b-4618-a0fd-b5beeaf95472@group-7EC6262F64DF:LeaderElection16] INFO  server.RaftServerConfigKeys (ConfUtils.java:logGet(43)) - raft.server.watch.timeout.denomination = 1s (default)
2019-09-25 05:56:21,544 [e93bb2c6-c39b-4618-a0fd-b5beeaf95472@group-7EC6262F64DF:LeaderElection16] INFO  server.RaftServerConfigKeys (ConfUtils.java:logGet(43)) - raft.server.watch.element-limit = 65536 (default)
2019-09-25 05:56:21,547 [e93bb2c6-c39b-4618-a0fd-b5beeaf95472@group-7EC6262F64DF:LeaderElection16] INFO  impl.RoleInfo (RoleInfo.java:updateAndGet(143)) - e93bb2c6-c39b-4618-a0fd-b5beeaf95472: start LeaderState
2019-09-25 05:56:21,548 [e93bb2c6-c39b-4618-a0fd-b5beeaf95472@group-7EC6262F64DF:LeaderElection16] INFO  segmented.SegmentedRaftLogWorker (SegmentedRaftLogWorker.java:startLogSegment(380)) - e93bb2c6-c39b-4618-a0fd-b5beeaf95472@group-7EC6262F64DF-SegmentedRaftLogWorker: Starting segment from index:0
2019-09-25 05:56:21,548 [e93bb2c6-c39b-4618-a0fd-b5beeaf95472@group-7EC6262F64DF:LeaderElection16] INFO  impl.RaftServerImpl (ServerState.java:setRaftConf(354)) - e93bb2c6-c39b-4618-a0fd-b5beeaf95472@group-7EC6262F64DF: set configuration 0: [e93bb2c6-c39b-4618-a0fd-b5beeaf95472:192.168.5.161:46002], old=null at 0
2019-09-25 05:56:21,586 [Thread-260] INFO  impl.FollowerState (FollowerState.java:run(106)) - 18c2403b-6685-48ec-8e85-5146801ccf7c:group-018430CC37E6 changes to CANDIDATE, lastRpcTime:5195, electionTimeout:5169ms
2019-09-25 05:56:21,586 [Thread-260] INFO  impl.RoleInfo (RoleInfo.java:shutdownFollowerState(121)) - 18c2403b-6685-48ec-8e85-5146801ccf7c: shutdown FollowerState
2019-09-25 05:56:21,587 [Thread-260] INFO  impl.RaftServerImpl (RaftServerImpl.java:setRole(174)) - 18c2403b-6685-48ec-8e85-5146801ccf7c@group-018430CC37E6: changes role from  FOLLOWER to CANDIDATE at term 0 for changeToCandidate
2019-09-25 05:56:21,587 [Thread-260] INFO  impl.RoleInfo (RoleInfo.java:updateAndGet(143)) - 18c2403b-6685-48ec-8e85-5146801ccf7c: start LeaderElection
2019-09-25 05:56:21,600 [e93bb2c6-c39b-4618-a0fd-b5beeaf95472@group-7EC6262F64DF-SegmentedRaftLogWorker] INFO  segmented.SegmentedRaftLogWorker (SegmentedRaftLogWorker.java:execute(569)) - e93bb2c6-c39b-4618-a0fd-b5beeaf95472@group-7EC6262F64DF-SegmentedRaftLogWorker: created new log segment /workdir/hadoop-ozone/tools/target/test-dir/MiniOzoneClusterImpl-a0b92c19-88eb-4192-8b6a-de7e7575cfd2/datanode-3/data/ratis/3e4b9c23-59ab-4f46-a59c-7ec6262f64df/current/log_inprogress_0
2019-09-25 05:56:21,600 [18c2403b-6685-48ec-8e85-5146801ccf7c@group-018430CC37E6:LeaderElection17] INFO  impl.LeaderElection (LeaderElection.java:askForVotes(182)) - 18c2403b-6685-48ec-8e85-5146801ccf7c@group-018430CC37E6:LeaderElection17: begin an election at term 1 for -1: [18c2403b-6685-48ec-8e85-5146801ccf7c:192.168.5.161:33856], old=null
2019-09-25 05:56:21,601 [18c2403b-6685-48ec-8e85-5146801ccf7c@group-018430CC37E6:LeaderElection17] INFO  impl.RoleInfo (RoleInfo.java:shutdownLeaderElection(134)) - 18c2403b-6685-48ec-8e85-5146801ccf7c: shutdown LeaderElection
2019-09-25 05:56:21,601 [18c2403b-6685-48ec-8e85-5146801ccf7c@group-018430CC37E6:LeaderElection17] INFO  impl.RaftServerImpl (RaftServerImpl.java:setRole(174)) - 18c2403b-6685-48ec-8e85-5146801ccf7c@group-018430CC37E6: changes role from CANDIDATE to LEADER at term 1 for changeToLeader
2019-09-25 05:56:21,601 [18c2403b-6685-48ec-8e85-5146801ccf7c@group-018430CC37E6:LeaderElection17] INFO  impl.RaftServerImpl (ServerState.java:setLeader(253)) - 18c2403b-6685-48ec-8e85-5146801ccf7c@group-018430CC37E6: change Leader from null to 18c2403b-6685-48ec-8e85-5146801ccf7c at term 1 for becomeLeader, leader elected after 5216ms
2019-09-25 05:56:21,601 [18c2403b-6685-48ec-8e85-5146801ccf7c@group-018430CC37E6:LeaderElection17] INFO  server.RaftServerConfigKeys (ConfUtils.java:logGet(43)) - raft.server.staging.catchup.gap = 1000 (default)
2019-09-25 05:56:21,601 [18c2403b-6685-48ec-8e85-5146801ccf7c@group-018430CC37E6:LeaderElection17] INFO  server.RaftServerConfigKeys (ConfUtils.java:logGet(43)) - raft.server.rpc.sleep.time = 25ms (default)
2019-09-25 05:56:21,602 [18c2403b-6685-48ec-8e85-5146801ccf7c@group-018430CC37E6:LeaderElection17] INFO  server.RaftServerConfigKeys (ConfUtils.java:logGet(43)) - raft.server.write.element-limit = 4096 (default)
2019-09-25 05:56:21,602 [18c2403b-6685-48ec-8e85-5146801ccf7c@group-018430CC37E6:LeaderElection17] INFO  server.RaftServerConfigKeys (ConfUtils.java:logGet(43)) - raft.server.watch.timeout = 10s (default)
2019-09-25 05:56:21,602 [18c2403b-6685-48ec-8e85-5146801ccf7c@group-018430CC37E6:LeaderElection17] INFO  server.RaftServerConfigKeys (ConfUtils.java:logGet(43)) - raft.server.watch.timeout.denomination = 1s (default)
2019-09-25 05:56:21,602 [18c2403b-6685-48ec-8e85-5146801ccf7c@group-018430CC37E6:LeaderElection17] INFO  server.RaftServerConfigKeys (ConfUtils.java:logGet(43)) - raft.server.watch.element-limit = 65536 (default)
2019-09-25 05:56:21,606 [18c2403b-6685-48ec-8e85-5146801ccf7c@group-018430CC37E6:LeaderElection17] INFO  impl.RoleInfo (RoleInfo.java:updateAndGet(143)) - 18c2403b-6685-48ec-8e85-5146801ccf7c: start LeaderState
2019-09-25 05:56:21,606 [18c2403b-6685-48ec-8e85-5146801ccf7c@group-018430CC37E6:LeaderElection17] INFO  segmented.SegmentedRaftLogWorker (SegmentedRaftLogWorker.java:startLogSegment(380)) - 18c2403b-6685-48ec-8e85-5146801ccf7c@group-018430CC37E6-SegmentedRaftLogWorker: Starting segment from index:0
2019-09-25 05:56:21,607 [18c2403b-6685-48ec-8e85-5146801ccf7c@group-018430CC37E6:LeaderElection17] INFO  impl.RaftServerImpl (ServerState.java:setRaftConf(354)) - 18c2403b-6685-48ec-8e85-5146801ccf7c@group-018430CC37E6: set configuration 0: [18c2403b-6685-48ec-8e85-5146801ccf7c:192.168.5.161:33856], old=null at 0
2019-09-25 05:56:21,642 [Thread-272] INFO  impl.FollowerState (FollowerState.java:run(106)) - 90309ab8-5448-4aca-b95f-8fb3fc665c41:group-42A4B291CB0C changes to CANDIDATE, lastRpcTime:5015, electionTimeout:5015ms
2019-09-25 05:56:21,642 [Thread-272] INFO  impl.RoleInfo (RoleInfo.java:shutdownFollowerState(121)) - 90309ab8-5448-4aca-b95f-8fb3fc665c41: shutdown FollowerState
2019-09-25 05:56:21,642 [Thread-272] INFO  impl.RaftServerImpl (RaftServerImpl.java:setRole(174)) - 90309ab8-5448-4aca-b95f-8fb3fc665c41@group-42A4B291CB0C: changes role from  FOLLOWER to CANDIDATE at term 0 for changeToCandidate
2019-09-25 05:56:21,643 [Thread-272] INFO  impl.RoleInfo (RoleInfo.java:updateAndGet(143)) - 90309ab8-5448-4aca-b95f-8fb3fc665c41: start LeaderElection
2019-09-25 05:56:21,654 [18c2403b-6685-48ec-8e85-5146801ccf7c@group-018430CC37E6-SegmentedRaftLogWorker] INFO  segmented.SegmentedRaftLogWorker (SegmentedRaftLogWorker.java:execute(569)) - 18c2403b-6685-48ec-8e85-5146801ccf7c@group-018430CC37E6-SegmentedRaftLogWorker: created new log segment /workdir/hadoop-ozone/tools/target/test-dir/MiniOzoneClusterImpl-a0b92c19-88eb-4192-8b6a-de7e7575cfd2/datanode-4/data/ratis/ef2606c8-5d08-4116-aaf2-018430cc37e6/current/log_inprogress_0
2019-09-25 05:56:21,654 [90309ab8-5448-4aca-b95f-8fb3fc665c41@group-42A4B291CB0C:LeaderElection18] INFO  impl.LeaderElection (LeaderElection.java:askForVotes(182)) - 90309ab8-5448-4aca-b95f-8fb3fc665c41@group-42A4B291CB0C:LeaderElection18: begin an election at term 1 for -1: [90309ab8-5448-4aca-b95f-8fb3fc665c41:192.168.5.161:32851], old=null
2019-09-25 05:56:21,655 [90309ab8-5448-4aca-b95f-8fb3fc665c41@group-42A4B291CB0C:LeaderElection18] INFO  impl.RoleInfo (RoleInfo.java:shutdownLeaderElection(134)) - 90309ab8-5448-4aca-b95f-8fb3fc665c41: shutdown LeaderElection
2019-09-25 05:56:21,655 [90309ab8-5448-4aca-b95f-8fb3fc665c41@group-42A4B291CB0C:LeaderElection18] INFO  impl.RaftServerImpl (RaftServerImpl.java:setRole(174)) - 90309ab8-5448-4aca-b95f-8fb3fc665c41@group-42A4B291CB0C: changes role from CANDIDATE to LEADER at term 1 for changeToLeader
2019-09-25 05:56:21,655 [90309ab8-5448-4aca-b95f-8fb3fc665c41@group-42A4B291CB0C:LeaderElection18] INFO  impl.RaftServerImpl (ServerState.java:setLeader(253)) - 90309ab8-5448-4aca-b95f-8fb3fc665c41@group-42A4B291CB0C: change Leader from null to 90309ab8-5448-4aca-b95f-8fb3fc665c41 at term 1 for becomeLeader, leader elected after 5037ms
2019-09-25 05:56:21,655 [90309ab8-5448-4aca-b95f-8fb3fc665c41@group-42A4B291CB0C:LeaderElection18] INFO  server.RaftServerConfigKeys (ConfUtils.java:logGet(43)) - raft.server.staging.catchup.gap = 1000 (default)
2019-09-25 05:56:21,655 [90309ab8-5448-4aca-b95f-8fb3fc665c41@group-42A4B291CB0C:LeaderElection18] INFO  server.RaftServerConfigKeys (ConfUtils.java:logGet(43)) - raft.server.rpc.sleep.time = 25ms (default)
2019-09-25 05:56:21,656 [90309ab8-5448-4aca-b95f-8fb3fc665c41@group-42A4B291CB0C:LeaderElection18] INFO  server.RaftServerConfigKeys (ConfUtils.java:logGet(43)) - raft.server.write.element-limit = 4096 (default)
2019-09-25 05:56:21,656 [90309ab8-5448-4aca-b95f-8fb3fc665c41@group-42A4B291CB0C:LeaderElection18] INFO  server.RaftServerConfigKeys (ConfUtils.java:logGet(43)) - raft.server.watch.timeout = 10s (default)
2019-09-25 05:56:21,656 [90309ab8-5448-4aca-b95f-8fb3fc665c41@group-42A4B291CB0C:LeaderElection18] INFO  server.RaftServerConfigKeys (ConfUtils.java:logGet(43)) - raft.server.watch.timeout.denomination = 1s (default)
2019-09-25 05:56:21,656 [90309ab8-5448-4aca-b95f-8fb3fc665c41@group-42A4B291CB0C:LeaderElection18] INFO  server.RaftServerConfigKeys (ConfUtils.java:logGet(43)) - raft.server.watch.element-limit = 65536 (default)
2019-09-25 05:56:21,659 [90309ab8-5448-4aca-b95f-8fb3fc665c41@group-42A4B291CB0C:LeaderElection18] INFO  impl.RoleInfo (RoleInfo.java:updateAndGet(143)) - 90309ab8-5448-4aca-b95f-8fb3fc665c41: start LeaderState
2019-09-25 05:56:21,660 [90309ab8-5448-4aca-b95f-8fb3fc665c41@group-42A4B291CB0C:LeaderElection18] INFO  segmented.SegmentedRaftLogWorker (SegmentedRaftLogWorker.java:startLogSegment(380)) - 90309ab8-5448-4aca-b95f-8fb3fc665c41@group-42A4B291CB0C-SegmentedRaftLogWorker: Starting segment from index:0
2019-09-25 05:56:21,660 [90309ab8-5448-4aca-b95f-8fb3fc665c41@group-42A4B291CB0C:LeaderElection18] INFO  impl.RaftServerImpl (ServerState.java:setRaftConf(354)) - 90309ab8-5448-4aca-b95f-8fb3fc665c41@group-42A4B291CB0C: set configuration 0: [90309ab8-5448-4aca-b95f-8fb3fc665c41:192.168.5.161:32851], old=null at 0
2019-09-25 05:56:21,700 [Thread-269] INFO  impl.FollowerState (FollowerState.java:run(106)) - 18c2403b-6685-48ec-8e85-5146801ccf7c:group-204810719937 changes to CANDIDATE, lastRpcTime:5160, electionTimeout:5136ms
2019-09-25 05:56:21,700 [Thread-266] INFO  impl.FollowerState (FollowerState.java:run(106)) - e93bb2c6-c39b-4618-a0fd-b5beeaf95472:group-25E1A887793D changes to CANDIDATE, lastRpcTime:5209, electionTimeout:5180ms
2019-09-25 05:56:21,700 [Thread-269] INFO  impl.RoleInfo (RoleInfo.java:shutdownFollowerState(121)) - 18c2403b-6685-48ec-8e85-5146801ccf7c: shutdown FollowerState
2019-09-25 05:56:21,700 [Thread-266] INFO  impl.RoleInfo (RoleInfo.java:shutdownFollowerState(121)) - e93bb2c6-c39b-4618-a0fd-b5beeaf95472: shutdown FollowerState
2019-09-25 05:56:21,701 [Thread-269] INFO  impl.RaftServerImpl (RaftServerImpl.java:setRole(174)) - 18c2403b-6685-48ec-8e85-5146801ccf7c@group-204810719937: changes role from  FOLLOWER to CANDIDATE at term 0 for changeToCandidate
2019-09-25 05:56:21,701 [Thread-266] INFO  impl.RaftServerImpl (RaftServerImpl.java:setRole(174)) - e93bb2c6-c39b-4618-a0fd-b5beeaf95472@group-25E1A887793D: changes role from  FOLLOWER to CANDIDATE at term 0 for changeToCandidate
2019-09-25 05:56:21,701 [Thread-269] INFO  impl.RoleInfo (RoleInfo.java:updateAndGet(143)) - 18c2403b-6685-48ec-8e85-5146801ccf7c: start LeaderElection
2019-09-25 05:56:21,701 [Thread-266] INFO  impl.RoleInfo (RoleInfo.java:updateAndGet(143)) - e93bb2c6-c39b-4618-a0fd-b5beeaf95472: start LeaderElection
 0.00% |█                                                                                                    |  0/1 Time: 0:00:022019-09-25 05:56:21,726 [90309ab8-5448-4aca-b95f-8fb3fc665c41@group-42A4B291CB0C-SegmentedRaftLogWorker] INFO  segmented.SegmentedRaftLogWorker (SegmentedRaftLogWorker.java:execute(569)) - 90309ab8-5448-4aca-b95f-8fb3fc665c41@group-42A4B291CB0C-SegmentedRaftLogWorker: created new log segment /workdir/hadoop-ozone/tools/target/test-dir/MiniOzoneClusterImpl-a0b92c19-88eb-4192-8b6a-de7e7575cfd2/datanode-1/data/ratis/1ee3176d-2be2-433a-949e-42a4b291cb0c/current/log_inprogress_0
2019-09-25 05:56:21,739 [18c2403b-6685-48ec-8e85-5146801ccf7c@group-204810719937:LeaderElection19] INFO  impl.LeaderElection (LeaderElection.java:askForVotes(182)) - 18c2403b-6685-48ec-8e85-5146801ccf7c@group-204810719937:LeaderElection19: begin an election at term 1 for -1: [18c2403b-6685-48ec-8e85-5146801ccf7c:192.168.5.161:33856], old=null
2019-09-25 05:56:21,739 [e93bb2c6-c39b-4618-a0fd-b5beeaf95472@group-25E1A887793D:LeaderElection20] INFO  impl.LeaderElection (LeaderElection.java:askForVotes(182)) - e93bb2c6-c39b-4618-a0fd-b5beeaf95472@group-25E1A887793D:LeaderElection20: begin an election at term 1 for -1: [e93bb2c6-c39b-4618-a0fd-b5beeaf95472:192.168.5.161:46002], old=null
2019-09-25 05:56:21,739 [18c2403b-6685-48ec-8e85-5146801ccf7c@group-204810719937:LeaderElection19] INFO  impl.RoleInfo (RoleInfo.java:shutdownLeaderElection(134)) - 18c2403b-6685-48ec-8e85-5146801ccf7c: shutdown LeaderElection
2019-09-25 05:56:21,740 [e93bb2c6-c39b-4618-a0fd-b5beeaf95472@group-25E1A887793D:LeaderElection20] INFO  impl.RoleInfo (RoleInfo.java:shutdownLeaderElection(134)) - e93bb2c6-c39b-4618-a0fd-b5beeaf95472: shutdown LeaderElection
2019-09-25 05:56:21,740 [e93bb2c6-c39b-4618-a0fd-b5beeaf95472@group-25E1A887793D:LeaderElection20] INFO  impl.RaftServerImpl (RaftServerImpl.java:setRole(174)) - e93bb2c6-c39b-4618-a0fd-b5beeaf95472@group-25E1A887793D: changes role from CANDIDATE to LEADER at term 1 for changeToLeader
2019-09-25 05:56:21,740 [18c2403b-6685-48ec-8e85-5146801ccf7c@group-204810719937:LeaderElection19] INFO  impl.RaftServerImpl (RaftServerImpl.java:setRole(174)) - 18c2403b-6685-48ec-8e85-5146801ccf7c@group-204810719937: changes role from CANDIDATE to LEADER at term 1 for changeToLeader
2019-09-25 05:56:21,740 [e93bb2c6-c39b-4618-a0fd-b5beeaf95472@group-25E1A887793D:LeaderElection20] INFO  impl.RaftServerImpl (ServerState.java:setLeader(253)) - e93bb2c6-c39b-4618-a0fd-b5beeaf95472@group-25E1A887793D: change Leader from null to e93bb2c6-c39b-4618-a0fd-b5beeaf95472 at term 1 for becomeLeader, leader elected after 5254ms
2019-09-25 05:56:21,740 [18c2403b-6685-48ec-8e85-5146801ccf7c@group-204810719937:LeaderElection19] INFO  impl.RaftServerImpl (ServerState.java:setLeader(253)) - 18c2403b-6685-48ec-8e85-5146801ccf7c@group-204810719937: change Leader from null to 18c2403b-6685-48ec-8e85-5146801ccf7c at term 1 for becomeLeader, leader elected after 5205ms
2019-09-25 05:56:21,740 [18c2403b-6685-48ec-8e85-5146801ccf7c@group-204810719937:LeaderElection19] INFO  server.RaftServerConfigKeys (ConfUtils.java:logGet(43)) - raft.server.staging.catchup.gap = 1000 (default)
2019-09-25 05:56:21,740 [e93bb2c6-c39b-4618-a0fd-b5beeaf95472@group-25E1A887793D:LeaderElection20] INFO  server.RaftServerConfigKeys (ConfUtils.java:logGet(43)) - raft.server.staging.catchup.gap = 1000 (default)
2019-09-25 05:56:21,741 [18c2403b-6685-48ec-8e85-5146801ccf7c@group-204810719937:LeaderElection19] INFO  server.RaftServerConfigKeys (ConfUtils.java:logGet(43)) - raft.server.rpc.sleep.time = 25ms (default)
2019-09-25 05:56:21,741 [e93bb2c6-c39b-4618-a0fd-b5beeaf95472@group-25E1A887793D:LeaderElection20] INFO  server.RaftServerConfigKeys (ConfUtils.java:logGet(43)) - raft.server.rpc.sleep.time = 25ms (default)
2019-09-25 05:56:21,741 [18c2403b-6685-48ec-8e85-5146801ccf7c@group-204810719937:LeaderElection19] INFO  server.RaftServerConfigKeys (ConfUtils.java:logGet(43)) - raft.server.write.element-limit = 4096 (default)
2019-09-25 05:56:21,741 [e93bb2c6-c39b-4618-a0fd-b5beeaf95472@group-25E1A887793D:LeaderElection20] INFO  server.RaftServerConfigKeys (ConfUtils.java:logGet(43)) - raft.server.write.element-limit = 4096 (default)
2019-09-25 05:56:21,742 [18c2403b-6685-48ec-8e85-5146801ccf7c@group-204810719937:LeaderElection19] INFO  server.RaftServerConfigKeys (ConfUtils.java:logGet(43)) - raft.server.watch.timeout = 10s (default)
2019-09-25 05:56:21,742 [e93bb2c6-c39b-4618-a0fd-b5beeaf95472@group-25E1A887793D:LeaderElection20] INFO  server.RaftServerConfigKeys (ConfUtils.java:logGet(43)) - raft.server.watch.timeout = 10s (default)
2019-09-25 05:56:21,742 [18c2403b-6685-48ec-8e85-5146801ccf7c@group-204810719937:LeaderElection19] INFO  server.RaftServerConfigKeys (ConfUtils.java:logGet(43)) - raft.server.watch.timeout.denomination = 1s (default)
2019-09-25 05:56:21,742 [e93bb2c6-c39b-4618-a0fd-b5beeaf95472@group-25E1A887793D:LeaderElection20] INFO  server.RaftServerConfigKeys (ConfUtils.java:logGet(43)) - raft.server.watch.timeout.denomination = 1s (default)
2019-09-25 05:56:21,742 [18c2403b-6685-48ec-8e85-5146801ccf7c@group-204810719937:LeaderElection19] INFO  server.RaftServerConfigKeys (ConfUtils.java:logGet(43)) - raft.server.watch.element-limit = 65536 (default)
2019-09-25 05:56:21,742 [e93bb2c6-c39b-4618-a0fd-b5beeaf95472@group-25E1A887793D:LeaderElection20] INFO  server.RaftServerConfigKeys (ConfUtils.java:logGet(43)) - raft.server.watch.element-limit = 65536 (default)
2019-09-25 05:56:21,747 [e93bb2c6-c39b-4618-a0fd-b5beeaf95472@group-25E1A887793D:LeaderElection20] INFO  impl.RoleInfo (RoleInfo.java:updateAndGet(143)) - e93bb2c6-c39b-4618-a0fd-b5beeaf95472: start LeaderState
2019-09-25 05:56:21,747 [18c2403b-6685-48ec-8e85-5146801ccf7c@group-204810719937:LeaderElection19] INFO  impl.RoleInfo (RoleInfo.java:updateAndGet(143)) - 18c2403b-6685-48ec-8e85-5146801ccf7c: start LeaderState
2019-09-25 05:56:21,748 [e93bb2c6-c39b-4618-a0fd-b5beeaf95472@group-25E1A887793D:LeaderElection20] INFO  segmented.SegmentedRaftLogWorker (SegmentedRaftLogWorker.java:startLogSegment(380)) - e93bb2c6-c39b-4618-a0fd-b5beeaf95472@group-25E1A887793D-SegmentedRaftLogWorker: Starting segment from index:0
2019-09-25 05:56:21,748 [18c2403b-6685-48ec-8e85-5146801ccf7c@group-204810719937:LeaderElection19] INFO  segmented.SegmentedRaftLogWorker (SegmentedRaftLogWorker.java:startLogSegment(380)) - 18c2403b-6685-48ec-8e85-5146801ccf7c@group-204810719937-SegmentedRaftLogWorker: Starting segment from index:0
2019-09-25 05:56:21,748 [e93bb2c6-c39b-4618-a0fd-b5beeaf95472@group-25E1A887793D:LeaderElection20] INFO  impl.RaftServerImpl (ServerState.java:setRaftConf(354)) - e93bb2c6-c39b-4618-a0fd-b5beeaf95472@group-25E1A887793D: set configuration 0: [e93bb2c6-c39b-4618-a0fd-b5beeaf95472:192.168.5.161:46002], old=null at 0
2019-09-25 05:56:21,748 [18c2403b-6685-48ec-8e85-5146801ccf7c@group-204810719937:LeaderElection19] INFO  impl.RaftServerImpl (ServerState.java:setRaftConf(354)) - 18c2403b-6685-48ec-8e85-5146801ccf7c@group-204810719937: set configuration 0: [18c2403b-6685-48ec-8e85-5146801ccf7c:192.168.5.161:33856], old=null at 0
2019-09-25 05:56:21,794 [Thread-275] INFO  impl.FollowerState (FollowerState.java:run(106)) - e93bb2c6-c39b-4618-a0fd-b5beeaf95472:group-20F0EF5C6083 changes to CANDIDATE, lastRpcTime:5095, electionTimeout:5078ms
2019-09-25 05:56:21,802 [Thread-275] INFO  impl.RoleInfo (RoleInfo.java:shutdownFollowerState(121)) - e93bb2c6-c39b-4618-a0fd-b5beeaf95472: shutdown FollowerState
2019-09-25 05:56:21,802 [Thread-275] INFO  impl.RaftServerImpl (RaftServerImpl.java:setRole(174)) - e93bb2c6-c39b-4618-a0fd-b5beeaf95472@group-20F0EF5C6083: changes role from  FOLLOWER to CANDIDATE at term 0 for changeToCandidate
2019-09-25 05:56:21,802 [Thread-275] INFO  impl.RoleInfo (RoleInfo.java:updateAndGet(143)) - e93bb2c6-c39b-4618-a0fd-b5beeaf95472: start LeaderElection
2019-09-25 05:56:21,808 [e93bb2c6-c39b-4618-a0fd-b5beeaf95472@group-25E1A887793D-SegmentedRaftLogWorker] INFO  segmented.SegmentedRaftLogWorker (SegmentedRaftLogWorker.java:execute(569)) - e93bb2c6-c39b-4618-a0fd-b5beeaf95472@group-25E1A887793D-SegmentedRaftLogWorker: created new log segment /workdir/hadoop-ozone/tools/target/test-dir/MiniOzoneClusterImpl-a0b92c19-88eb-4192-8b6a-de7e7575cfd2/datanode-3/data/ratis/694f1393-8ebf-4653-8e66-25e1a887793d/current/log_inprogress_0
2019-09-25 05:56:21,808 [e93bb2c6-c39b-4618-a0fd-b5beeaf95472@group-20F0EF5C6083:LeaderElection21] INFO  impl.LeaderElection (LeaderElection.java:askForVotes(182)) - e93bb2c6-c39b-4618-a0fd-b5beeaf95472@group-20F0EF5C6083:LeaderElection21: begin an election at term 1 for -1: [e93bb2c6-c39b-4618-a0fd-b5beeaf95472:192.168.5.161:46002], old=null
2019-09-25 05:56:21,808 [18c2403b-6685-48ec-8e85-5146801ccf7c@group-204810719937-SegmentedRaftLogWorker] INFO  segmented.SegmentedRaftLogWorker (SegmentedRaftLogWorker.java:execute(569)) - 18c2403b-6685-48ec-8e85-5146801ccf7c@group-204810719937-SegmentedRaftLogWorker: created new log segment /workdir/hadoop-ozone/tools/target/test-dir/MiniOzoneClusterImpl-a0b92c19-88eb-4192-8b6a-de7e7575cfd2/datanode-4/data/ratis/859e686b-1115-4acb-98f9-204810719937/current/log_inprogress_0
2019-09-25 05:56:21,808 [e93bb2c6-c39b-4618-a0fd-b5beeaf95472@group-20F0EF5C6083:LeaderElection21] INFO  impl.RoleInfo (RoleInfo.java:shutdownLeaderElection(134)) - e93bb2c6-c39b-4618-a0fd-b5beeaf95472: shutdown LeaderElection
2019-09-25 05:56:21,809 [e93bb2c6-c39b-4618-a0fd-b5beeaf95472@group-20F0EF5C6083:LeaderElection21] INFO  impl.RaftServerImpl (RaftServerImpl.java:setRole(174)) - e93bb2c6-c39b-4618-a0fd-b5beeaf95472@group-20F0EF5C6083: changes role from CANDIDATE to LEADER at term 1 for changeToLeader
2019-09-25 05:56:21,809 [e93bb2c6-c39b-4618-a0fd-b5beeaf95472@group-20F0EF5C6083:LeaderElection21] INFO  impl.RaftServerImpl (ServerState.java:setLeader(253)) - e93bb2c6-c39b-4618-a0fd-b5beeaf95472@group-20F0EF5C6083: change Leader from null to e93bb2c6-c39b-4618-a0fd-b5beeaf95472 at term 1 for becomeLeader, leader elected after 5118ms
2019-09-25 05:56:21,809 [e93bb2c6-c39b-4618-a0fd-b5beeaf95472@group-20F0EF5C6083:LeaderElection21] INFO  server.RaftServerConfigKeys (ConfUtils.java:logGet(43)) - raft.server.staging.catchup.gap = 1000 (default)
2019-09-25 05:56:21,809 [e93bb2c6-c39b-4618-a0fd-b5beeaf95472@group-20F0EF5C6083:LeaderElection21] INFO  server.RaftServerConfigKeys (ConfUtils.java:logGet(43)) - raft.server.rpc.sleep.time = 25ms (default)
2019-09-25 05:56:21,809 [e93bb2c6-c39b-4618-a0fd-b5beeaf95472@group-20F0EF5C6083:LeaderElection21] INFO  server.RaftServerConfigKeys (ConfUtils.java:logGet(43)) - raft.server.write.element-limit = 4096 (default)
2019-09-25 05:56:21,809 [e93bb2c6-c39b-4618-a0fd-b5beeaf95472@group-20F0EF5C6083:LeaderElection21] INFO  server.RaftServerConfigKeys (ConfUtils.java:logGet(43)) - raft.server.watch.timeout = 10s (default)
2019-09-25 05:56:21,810 [e93bb2c6-c39b-4618-a0fd-b5beeaf95472@group-20F0EF5C6083:LeaderElection21] INFO  server.RaftServerConfigKeys (ConfUtils.java:logGet(43)) - raft.server.watch.timeout.denomination = 1s (default)
2019-09-25 05:56:21,810 [e93bb2c6-c39b-4618-a0fd-b5beeaf95472@group-20F0EF5C6083:LeaderElection21] INFO  server.RaftServerConfigKeys (ConfUtils.java:logGet(43)) - raft.server.watch.element-limit = 65536 (default)
2019-09-25 05:56:21,813 [e93bb2c6-c39b-4618-a0fd-b5beeaf95472@group-20F0EF5C6083:LeaderElection21] INFO  impl.RoleInfo (RoleInfo.java:updateAndGet(143)) - e93bb2c6-c39b-4618-a0fd-b5beeaf95472: start LeaderState
2019-09-25 05:56:21,813 [e93bb2c6-c39b-4618-a0fd-b5beeaf95472@group-20F0EF5C6083:LeaderElection21] INFO  segmented.SegmentedRaftLogWorker (SegmentedRaftLogWorker.java:startLogSegment(380)) - e93bb2c6-c39b-4618-a0fd-b5beeaf95472@group-20F0EF5C6083-SegmentedRaftLogWorker: Starting segment from index:0
2019-09-25 05:56:21,813 [e93bb2c6-c39b-4618-a0fd-b5beeaf95472@group-20F0EF5C6083:LeaderElection21] INFO  impl.RaftServerImpl (ServerState.java:setRaftConf(354)) - e93bb2c6-c39b-4618-a0fd-b5beeaf95472@group-20F0EF5C6083: set configuration 0: [e93bb2c6-c39b-4618-a0fd-b5beeaf95472:192.168.5.161:46002], old=null at 0
2019-09-25 05:56:21,865 [e93bb2c6-c39b-4618-a0fd-b5beeaf95472@group-20F0EF5C6083-SegmentedRaftLogWorker] INFO  segmented.SegmentedRaftLogWorker (SegmentedRaftLogWorker.java:execute(569)) - e93bb2c6-c39b-4618-a0fd-b5beeaf95472@group-20F0EF5C6083-SegmentedRaftLogWorker: created new log segment /workdir/hadoop-ozone/tools/target/test-dir/MiniOzoneClusterImpl-a0b92c19-88eb-4192-8b6a-de7e7575cfd2/datanode-3/data/ratis/a4c9ba82-fe04-40a4-abf5-20f0ef5c6083/current/log_inprogress_0
2019-09-25 05:56:21,929 [Thread-278] INFO  impl.FollowerState (FollowerState.java:run(106)) - 90309ab8-5448-4aca-b95f-8fb3fc665c41:group-D7D7CC1E3E25 changes to CANDIDATE, lastRpcTime:5168, electionTimeout:5168ms
2019-09-25 05:56:21,929 [Thread-278] INFO  impl.RoleInfo (RoleInfo.java:shutdownFollowerState(121)) - 90309ab8-5448-4aca-b95f-8fb3fc665c41: shutdown FollowerState
2019-09-25 05:56:21,929 [Thread-278] INFO  impl.RaftServerImpl (RaftServerImpl.java:setRole(174)) - 90309ab8-5448-4aca-b95f-8fb3fc665c41@group-D7D7CC1E3E25: changes role from  FOLLOWER to CANDIDATE at term 0 for changeToCandidate
2019-09-25 05:56:21,930 [Thread-278] INFO  impl.RoleInfo (RoleInfo.java:updateAndGet(143)) - 90309ab8-5448-4aca-b95f-8fb3fc665c41: start LeaderElection
2019-09-25 05:56:21,946 [90309ab8-5448-4aca-b95f-8fb3fc665c41@group-D7D7CC1E3E25:LeaderElection22] INFO  impl.LeaderElection (LeaderElection.java:askForVotes(182)) - 90309ab8-5448-4aca-b95f-8fb3fc665c41@group-D7D7CC1E3E25:LeaderElection22: begin an election at term 1 for -1: [90309ab8-5448-4aca-b95f-8fb3fc665c41:192.168.5.161:32851], old=null
2019-09-25 05:56:21,946 [90309ab8-5448-4aca-b95f-8fb3fc665c41@group-D7D7CC1E3E25:LeaderElection22] INFO  impl.RoleInfo (RoleInfo.java:shutdownLeaderElection(134)) - 90309ab8-5448-4aca-b95f-8fb3fc665c41: shutdown LeaderElection
2019-09-25 05:56:21,946 [90309ab8-5448-4aca-b95f-8fb3fc665c41@group-D7D7CC1E3E25:LeaderElection22] INFO  impl.RaftServerImpl (RaftServerImpl.java:setRole(174)) - 90309ab8-5448-4aca-b95f-8fb3fc665c41@group-D7D7CC1E3E25: changes role from CANDIDATE to LEADER at term 1 for changeToLeader
2019-09-25 05:56:21,946 [90309ab8-5448-4aca-b95f-8fb3fc665c41@group-D7D7CC1E3E25:LeaderElection22] INFO  impl.RaftServerImpl (ServerState.java:setLeader(253)) - 90309ab8-5448-4aca-b95f-8fb3fc665c41@group-D7D7CC1E3E25: change Leader from null to 90309ab8-5448-4aca-b95f-8fb3fc665c41 at term 1 for becomeLeader, leader elected after 5193ms
2019-09-25 05:56:21,947 [90309ab8-5448-4aca-b95f-8fb3fc665c41@group-D7D7CC1E3E25:LeaderElection22] INFO  server.RaftServerConfigKeys (ConfUtils.java:logGet(43)) - raft.server.staging.catchup.gap = 1000 (default)
2019-09-25 05:56:21,947 [90309ab8-5448-4aca-b95f-8fb3fc665c41@group-D7D7CC1E3E25:LeaderElection22] INFO  server.RaftServerConfigKeys (ConfUtils.java:logGet(43)) - raft.server.rpc.sleep.time = 25ms (default)
2019-09-25 05:56:21,947 [90309ab8-5448-4aca-b95f-8fb3fc665c41@group-D7D7CC1E3E25:LeaderElection22] INFO  server.RaftServerConfigKeys (ConfUtils.java:logGet(43)) - raft.server.write.element-limit = 4096 (default)
2019-09-25 05:56:21,947 [90309ab8-5448-4aca-b95f-8fb3fc665c41@group-D7D7CC1E3E25:LeaderElection22] INFO  server.RaftServerConfigKeys (ConfUtils.java:logGet(43)) - raft.server.watch.timeout = 10s (default)
2019-09-25 05:56:21,947 [90309ab8-5448-4aca-b95f-8fb3fc665c41@group-D7D7CC1E3E25:LeaderElection22] INFO  server.RaftServerConfigKeys (ConfUtils.java:logGet(43)) - raft.server.watch.timeout.denomination = 1s (default)
2019-09-25 05:56:21,947 [90309ab8-5448-4aca-b95f-8fb3fc665c41@group-D7D7CC1E3E25:LeaderElection22] INFO  server.RaftServerConfigKeys (ConfUtils.java:logGet(43)) - raft.server.watch.element-limit = 65536 (default)
2019-09-25 05:56:21,950 [90309ab8-5448-4aca-b95f-8fb3fc665c41@group-D7D7CC1E3E25:LeaderElection22] INFO  impl.RoleInfo (RoleInfo.java:updateAndGet(143)) - 90309ab8-5448-4aca-b95f-8fb3fc665c41: start LeaderState
2019-09-25 05:56:21,951 [90309ab8-5448-4aca-b95f-8fb3fc665c41@group-D7D7CC1E3E25:LeaderElection22] INFO  segmented.SegmentedRaftLogWorker (SegmentedRaftLogWorker.java:startLogSegment(380)) - 90309ab8-5448-4aca-b95f-8fb3fc665c41@group-D7D7CC1E3E25-SegmentedRaftLogWorker: Starting segment from index:0
2019-09-25 05:56:21,951 [90309ab8-5448-4aca-b95f-8fb3fc665c41@group-D7D7CC1E3E25:LeaderElection22] INFO  impl.RaftServerImpl (ServerState.java:setRaftConf(354)) - 90309ab8-5448-4aca-b95f-8fb3fc665c41@group-D7D7CC1E3E25: set configuration 0: [90309ab8-5448-4aca-b95f-8fb3fc665c41:192.168.5.161:32851], old=null at 0
2019-09-25 05:56:21,989 [Thread-281] INFO  impl.FollowerState (FollowerState.java:run(106)) - 18c2403b-6685-48ec-8e85-5146801ccf7c:group-2ED831098515 changes to CANDIDATE, lastRpcTime:5177, electionTimeout:5159ms
2019-09-25 05:56:21,989 [Thread-281] INFO  impl.RoleInfo (RoleInfo.java:shutdownFollowerState(121)) - 18c2403b-6685-48ec-8e85-5146801ccf7c: shutdown FollowerState
2019-09-25 05:56:21,990 [Thread-281] INFO  impl.RaftServerImpl (RaftServerImpl.java:setRole(174)) - 18c2403b-6685-48ec-8e85-5146801ccf7c@group-2ED831098515: changes role from  FOLLOWER to CANDIDATE at term 0 for changeToCandidate
2019-09-25 05:56:21,990 [Thread-281] INFO  impl.RoleInfo (RoleInfo.java:updateAndGet(143)) - 18c2403b-6685-48ec-8e85-5146801ccf7c: start LeaderElection
2019-09-25 05:56:22,006 [90309ab8-5448-4aca-b95f-8fb3fc665c41@group-D7D7CC1E3E25-SegmentedRaftLogWorker] INFO  segmented.SegmentedRaftLogWorker (SegmentedRaftLogWorker.java:execute(569)) - 90309ab8-5448-4aca-b95f-8fb3fc665c41@group-D7D7CC1E3E25-SegmentedRaftLogWorker: created new log segment /workdir/hadoop-ozone/tools/target/test-dir/MiniOzoneClusterImpl-a0b92c19-88eb-4192-8b6a-de7e7575cfd2/datanode-1/data/ratis/d41a12a9-eb3a-4045-98d9-d7d7cc1e3e25/current/log_inprogress_0
2019-09-25 05:56:22,008 [Thread-288] INFO  impl.FollowerState (FollowerState.java:run(106)) - e93bb2c6-c39b-4618-a0fd-b5beeaf95472:group-11ED66EA0104 changes to CANDIDATE, lastRpcTime:5076, electionTimeout:5075ms
2019-09-25 05:56:22,008 [Thread-288] INFO  impl.RoleInfo (RoleInfo.java:shutdownFollowerState(121)) - e93bb2c6-c39b-4618-a0fd-b5beeaf95472: shutdown FollowerState
2019-09-25 05:56:22,008 [Thread-288] INFO  impl.RaftServerImpl (RaftServerImpl.java:setRole(174)) - e93bb2c6-c39b-4618-a0fd-b5beeaf95472@group-11ED66EA0104: changes role from  FOLLOWER to CANDIDATE at term 0 for changeToCandidate
2019-09-25 05:56:22,009 [Thread-288] INFO  impl.RoleInfo (RoleInfo.java:updateAndGet(143)) - e93bb2c6-c39b-4618-a0fd-b5beeaf95472: start LeaderElection
2019-09-25 05:56:22,011 [Thread-291] INFO  impl.FollowerState (FollowerState.java:run(106)) - f4bb89bf-b4cb-46d2-895a-458b0eef1f65:group-5B35A1274EB5 changes to CANDIDATE, lastRpcTime:5019, electionTimeout:5018ms
2019-09-25 05:56:22,011 [Thread-291] INFO  impl.RoleInfo (RoleInfo.java:shutdownFollowerState(121)) - f4bb89bf-b4cb-46d2-895a-458b0eef1f65: shutdown FollowerState
2019-09-25 05:56:22,011 [Thread-291] INFO  impl.RaftServerImpl (RaftServerImpl.java:setRole(174)) - f4bb89bf-b4cb-46d2-895a-458b0eef1f65@group-5B35A1274EB5: changes role from  FOLLOWER to CANDIDATE at term 0 for changeToCandidate
2019-09-25 05:56:22,011 [Thread-291] INFO  impl.RoleInfo (RoleInfo.java:updateAndGet(143)) - f4bb89bf-b4cb-46d2-895a-458b0eef1f65: start LeaderElection
2019-09-25 05:56:22,021 [f4bb89bf-b4cb-46d2-895a-458b0eef1f65@group-5B35A1274EB5:LeaderElection25] INFO  impl.LeaderElection (LeaderElection.java:askForVotes(182)) - f4bb89bf-b4cb-46d2-895a-458b0eef1f65@group-5B35A1274EB5:LeaderElection25: begin an election at term 1 for -1: [f4bb89bf-b4cb-46d2-895a-458b0eef1f65:192.168.5.161:44648], old=null
2019-09-25 05:56:22,021 [e93bb2c6-c39b-4618-a0fd-b5beeaf95472@group-11ED66EA0104:LeaderElection24] INFO  impl.LeaderElection (LeaderElection.java:askForVotes(182)) - e93bb2c6-c39b-4618-a0fd-b5beeaf95472@group-11ED66EA0104:LeaderElection24: begin an election at term 1 for -1: [e93bb2c6-c39b-4618-a0fd-b5beeaf95472:192.168.5.161:46002], old=null
2019-09-25 05:56:22,021 [f4bb89bf-b4cb-46d2-895a-458b0eef1f65@group-5B35A1274EB5:LeaderElection25] INFO  impl.RoleInfo (RoleInfo.java:shutdownLeaderElection(134)) - f4bb89bf-b4cb-46d2-895a-458b0eef1f65: shutdown LeaderElection
2019-09-25 05:56:22,021 [18c2403b-6685-48ec-8e85-5146801ccf7c@group-2ED831098515:LeaderElection23] INFO  impl.LeaderElection (LeaderElection.java:askForVotes(182)) - 18c2403b-6685-48ec-8e85-5146801ccf7c@group-2ED831098515:LeaderElection23: begin an election at term 1 for -1: [18c2403b-6685-48ec-8e85-5146801ccf7c:192.168.5.161:33856], old=null
2019-09-25 05:56:22,021 [f4bb89bf-b4cb-46d2-895a-458b0eef1f65@group-5B35A1274EB5:LeaderElection25] INFO  impl.RaftServerImpl (RaftServerImpl.java:setRole(174)) - f4bb89bf-b4cb-46d2-895a-458b0eef1f65@group-5B35A1274EB5: changes role from CANDIDATE to LEADER at term 1 for changeToLeader
2019-09-25 05:56:22,021 [e93bb2c6-c39b-4618-a0fd-b5beeaf95472@group-11ED66EA0104:LeaderElection24] INFO  impl.RoleInfo (RoleInfo.java:shutdownLeaderElection(134)) - e93bb2c6-c39b-4618-a0fd-b5beeaf95472: shutdown LeaderElection
2019-09-25 05:56:22,021 [f4bb89bf-b4cb-46d2-895a-458b0eef1f65@group-5B35A1274EB5:LeaderElection25] INFO  impl.RaftServerImpl (ServerState.java:setLeader(253)) - f4bb89bf-b4cb-46d2-895a-458b0eef1f65@group-5B35A1274EB5: change Leader from null to f4bb89bf-b4cb-46d2-895a-458b0eef1f65 at term 1 for becomeLeader, leader elected after 5038ms
2019-09-25 05:56:22,021 [18c2403b-6685-48ec-8e85-5146801ccf7c@group-2ED831098515:LeaderElection23] INFO  impl.RoleInfo (RoleInfo.java:shutdownLeaderElection(134)) - 18c2403b-6685-48ec-8e85-5146801ccf7c: shutdown LeaderElection
2019-09-25 05:56:22,022 [f4bb89bf-b4cb-46d2-895a-458b0eef1f65@group-5B35A1274EB5:LeaderElection25] INFO  server.RaftServerConfigKeys (ConfUtils.java:logGet(43)) - raft.server.staging.catchup.gap = 1000 (default)
2019-09-25 05:56:22,021 [e93bb2c6-c39b-4618-a0fd-b5beeaf95472@group-11ED66EA0104:LeaderElection24] INFO  impl.RaftServerImpl (RaftServerImpl.java:setRole(174)) - e93bb2c6-c39b-4618-a0fd-b5beeaf95472@group-11ED66EA0104: changes role from CANDIDATE to LEADER at term 1 for changeToLeader
2019-09-25 05:56:22,022 [f4bb89bf-b4cb-46d2-895a-458b0eef1f65@group-5B35A1274EB5:LeaderElection25] INFO  server.RaftServerConfigKeys (ConfUtils.java:logGet(43)) - raft.server.rpc.sleep.time = 25ms (default)
2019-09-25 05:56:22,022 [18c2403b-6685-48ec-8e85-5146801ccf7c@group-2ED831098515:LeaderElection23] INFO  impl.RaftServerImpl (RaftServerImpl.java:setRole(174)) - 18c2403b-6685-48ec-8e85-5146801ccf7c@group-2ED831098515: changes role from CANDIDATE to LEADER at term 1 for changeToLeader
2019-09-25 05:56:22,022 [e93bb2c6-c39b-4618-a0fd-b5beeaf95472@group-11ED66EA0104:LeaderElection24] INFO  impl.RaftServerImpl (ServerState.java:setLeader(253)) - e93bb2c6-c39b-4618-a0fd-b5beeaf95472@group-11ED66EA0104: change Leader from null to e93bb2c6-c39b-4618-a0fd-b5beeaf95472 at term 1 for becomeLeader, leader elected after 5095ms
2019-09-25 05:56:22,022 [18c2403b-6685-48ec-8e85-5146801ccf7c@group-2ED831098515:LeaderElection23] INFO  impl.RaftServerImpl (ServerState.java:setLeader(253)) - 18c2403b-6685-48ec-8e85-5146801ccf7c@group-2ED831098515: change Leader from null to 18c2403b-6685-48ec-8e85-5146801ccf7c at term 1 for becomeLeader, leader elected after 5215ms
2019-09-25 05:56:22,022 [f4bb89bf-b4cb-46d2-895a-458b0eef1f65@group-5B35A1274EB5:LeaderElection25] INFO  server.RaftServerConfigKeys (ConfUtils.java:logGet(43)) - raft.server.write.element-limit = 4096 (default)
2019-09-25 05:56:22,023 [18c2403b-6685-48ec-8e85-5146801ccf7c@group-2ED831098515:LeaderElection23] INFO  server.RaftServerConfigKeys (ConfUtils.java:logGet(43)) - raft.server.staging.catchup.gap = 1000 (default)
2019-09-25 05:56:22,022 [e93bb2c6-c39b-4618-a0fd-b5beeaf95472@group-11ED66EA0104:LeaderElection24] INFO  server.RaftServerConfigKeys (ConfUtils.java:logGet(43)) - raft.server.staging.catchup.gap = 1000 (default)
2019-09-25 05:56:22,023 [18c2403b-6685-48ec-8e85-5146801ccf7c@group-2ED831098515:LeaderElection23] INFO  server.RaftServerConfigKeys (ConfUtils.java:logGet(43)) - raft.server.rpc.sleep.time = 25ms (default)
2019-09-25 05:56:22,023 [f4bb89bf-b4cb-46d2-895a-458b0eef1f65@group-5B35A1274EB5:LeaderElection25] INFO  server.RaftServerConfigKeys (ConfUtils.java:logGet(43)) - raft.server.watch.timeout = 10s (default)
2019-09-25 05:56:22,023 [18c2403b-6685-48ec-8e85-5146801ccf7c@group-2ED831098515:LeaderElection23] INFO  server.RaftServerConfigKeys (ConfUtils.java:logGet(43)) - raft.server.write.element-limit = 4096 (default)
2019-09-25 05:56:22,023 [e93bb2c6-c39b-4618-a0fd-b5beeaf95472@group-11ED66EA0104:LeaderElection24] INFO  server.RaftServerConfigKeys (ConfUtils.java:logGet(43)) - raft.server.rpc.sleep.time = 25ms (default)
2019-09-25 05:56:22,023 [18c2403b-6685-48ec-8e85-5146801ccf7c@group-2ED831098515:LeaderElection23] INFO  server.RaftServerConfigKeys (ConfUtils.java:logGet(43)) - raft.server.watch.timeout = 10s (default)
2019-09-25 05:56:22,024 [e93bb2c6-c39b-4618-a0fd-b5beeaf95472@group-11ED66EA0104:LeaderElection24] INFO  server.RaftServerConfigKeys (ConfUtils.java:logGet(43)) - raft.server.write.element-limit = 4096 (default)
2019-09-25 05:56:22,023 [f4bb89bf-b4cb-46d2-895a-458b0eef1f65@group-5B35A1274EB5:LeaderElection25] INFO  server.RaftServerConfigKeys (ConfUtils.java:logGet(43)) - raft.server.watch.timeout.denomination = 1s (default)
2019-09-25 05:56:22,024 [e93bb2c6-c39b-4618-a0fd-b5beeaf95472@group-11ED66EA0104:LeaderElection24] INFO  server.RaftServerConfigKeys (ConfUtils.java:logGet(43)) - raft.server.watch.timeout = 10s (default)
2019-09-25 05:56:22,024 [18c2403b-6685-48ec-8e85-5146801ccf7c@group-2ED831098515:LeaderElection23] INFO  server.RaftServerConfigKeys (ConfUtils.java:logGet(43)) - raft.server.watch.timeout.denomination = 1s (default)
2019-09-25 05:56:22,024 [e93bb2c6-c39b-4618-a0fd-b5beeaf95472@group-11ED66EA0104:LeaderElection24] INFO  server.RaftServerConfigKeys (ConfUtils.java:logGet(43)) - raft.server.watch.timeout.denomination = 1s (default)
2019-09-25 05:56:22,024 [f4bb89bf-b4cb-46d2-895a-458b0eef1f65@group-5B35A1274EB5:LeaderElection25] INFO  server.RaftServerConfigKeys (ConfUtils.java:logGet(43)) - raft.server.watch.element-limit = 65536 (default)
2019-09-25 05:56:22,024 [e93bb2c6-c39b-4618-a0fd-b5beeaf95472@group-11ED66EA0104:LeaderElection24] INFO  server.RaftServerConfigKeys (ConfUtils.java:logGet(43)) - raft.server.watch.element-limit = 65536 (default)
2019-09-25 05:56:22,024 [18c2403b-6685-48ec-8e85-5146801ccf7c@group-2ED831098515:LeaderElection23] INFO  server.RaftServerConfigKeys (ConfUtils.java:logGet(43)) - raft.server.watch.element-limit = 65536 (default)
2019-09-25 05:56:22,029 [f4bb89bf-b4cb-46d2-895a-458b0eef1f65@group-5B35A1274EB5:LeaderElection25] INFO  impl.RoleInfo (RoleInfo.java:updateAndGet(143)) - f4bb89bf-b4cb-46d2-895a-458b0eef1f65: start LeaderState
2019-09-25 05:56:22,030 [f4bb89bf-b4cb-46d2-895a-458b0eef1f65@group-5B35A1274EB5:LeaderElection25] INFO  segmented.SegmentedRaftLogWorker (SegmentedRaftLogWorker.java:startLogSegment(380)) - f4bb89bf-b4cb-46d2-895a-458b0eef1f65@group-5B35A1274EB5-SegmentedRaftLogWorker: Starting segment from index:0
2019-09-25 05:56:22,030 [18c2403b-6685-48ec-8e85-5146801ccf7c@group-2ED831098515:LeaderElection23] INFO  impl.RoleInfo (RoleInfo.java:updateAndGet(143)) - 18c2403b-6685-48ec-8e85-5146801ccf7c: start LeaderState
2019-09-25 05:56:22,030 [f4bb89bf-b4cb-46d2-895a-458b0eef1f65@group-5B35A1274EB5:LeaderElection25] INFO  impl.RaftServerImpl (ServerState.java:setRaftConf(354)) - f4bb89bf-b4cb-46d2-895a-458b0eef1f65@group-5B35A1274EB5: set configuration 0: [f4bb89bf-b4cb-46d2-895a-458b0eef1f65:192.168.5.161:44648], old=null at 0
2019-09-25 05:56:22,030 [18c2403b-6685-48ec-8e85-5146801ccf7c@group-2ED831098515:LeaderElection23] INFO  segmented.SegmentedRaftLogWorker (SegmentedRaftLogWorker.java:startLogSegment(380)) - 18c2403b-6685-48ec-8e85-5146801ccf7c@group-2ED831098515-SegmentedRaftLogWorker: Starting segment from index:0
2019-09-25 05:56:22,068 [e93bb2c6-c39b-4618-a0fd-b5beeaf95472@group-11ED66EA0104:LeaderElection24] INFO  impl.RoleInfo (RoleInfo.java:updateAndGet(143)) - e93bb2c6-c39b-4618-a0fd-b5beeaf95472: start LeaderState
2019-09-25 05:56:22,068 [Thread-284] INFO  impl.FollowerState (FollowerState.java:run(106)) - f4bb89bf-b4cb-46d2-895a-458b0eef1f65:group-A4393425FA3E changes to CANDIDATE, lastRpcTime:5188, electionTimeout:5182ms
2019-09-25 05:56:22,068 [18c2403b-6685-48ec-8e85-5146801ccf7c@group-2ED831098515:LeaderElection23] INFO  impl.RaftServerImpl (ServerState.java:setRaftConf(354)) - 18c2403b-6685-48ec-8e85-5146801ccf7c@group-2ED831098515: set configuration 0: [18c2403b-6685-48ec-8e85-5146801ccf7c:192.168.5.161:33856], old=null at 0
2019-09-25 05:56:22,069 [Thread-284] INFO  impl.RoleInfo (RoleInfo.java:shutdownFollowerState(121)) - f4bb89bf-b4cb-46d2-895a-458b0eef1f65: shutdown FollowerState
2019-09-25 05:56:22,107 [f4bb89bf-b4cb-46d2-895a-458b0eef1f65@group-5B35A1274EB5-SegmentedRaftLogWorker] INFO  segmented.SegmentedRaftLogWorker (SegmentedRaftLogWorker.java:execute(569)) - f4bb89bf-b4cb-46d2-895a-458b0eef1f65@group-5B35A1274EB5-SegmentedRaftLogWorker: created new log segment /workdir/hadoop-ozone/tools/target/test-dir/MiniOzoneClusterImpl-a0b92c19-88eb-4192-8b6a-de7e7575cfd2/datanode-2/data/ratis/c2170198-31d0-40c1-8822-5b35a1274eb5/current/log_inprogress_0
2019-09-25 05:56:22,068 [e93bb2c6-c39b-4618-a0fd-b5beeaf95472@group-11ED66EA0104:LeaderElection24] INFO  segmented.SegmentedRaftLogWorker (SegmentedRaftLogWorker.java:startLogSegment(380)) - e93bb2c6-c39b-4618-a0fd-b5beeaf95472@group-11ED66EA0104-SegmentedRaftLogWorker: Starting segment from index:0
2019-09-25 05:56:22,107 [Thread-284] INFO  impl.RaftServerImpl (RaftServerImpl.java:setRole(174)) - f4bb89bf-b4cb-46d2-895a-458b0eef1f65@group-A4393425FA3E: changes role from  FOLLOWER to CANDIDATE at term 0 for changeToCandidate
2019-09-25 05:56:22,108 [Thread-284] INFO  impl.RoleInfo (RoleInfo.java:updateAndGet(143)) - f4bb89bf-b4cb-46d2-895a-458b0eef1f65: start LeaderElection
2019-09-25 05:56:22,108 [e93bb2c6-c39b-4618-a0fd-b5beeaf95472@group-11ED66EA0104:LeaderElection24] INFO  impl.RaftServerImpl (ServerState.java:setRaftConf(354)) - e93bb2c6-c39b-4618-a0fd-b5beeaf95472@group-11ED66EA0104: set configuration 0: [e93bb2c6-c39b-4618-a0fd-b5beeaf95472:192.168.5.161:46002], old=null at 0
2019-09-25 05:56:22,146 [18c2403b-6685-48ec-8e85-5146801ccf7c@group-2ED831098515-SegmentedRaftLogWorker] INFO  segmented.SegmentedRaftLogWorker (SegmentedRaftLogWorker.java:execute(569)) - 18c2403b-6685-48ec-8e85-5146801ccf7c@group-2ED831098515-SegmentedRaftLogWorker: created new log segment /workdir/hadoop-ozone/tools/target/test-dir/MiniOzoneClusterImpl-a0b92c19-88eb-4192-8b6a-de7e7575cfd2/datanode-4/data/ratis/c04ccbd8-8306-421d-979c-2ed831098515/current/log_inprogress_0
2019-09-25 05:56:22,152 [e93bb2c6-c39b-4618-a0fd-b5beeaf95472@group-11ED66EA0104-SegmentedRaftLogWorker] INFO  segmented.SegmentedRaftLogWorker (SegmentedRaftLogWorker.java:execute(569)) - e93bb2c6-c39b-4618-a0fd-b5beeaf95472@group-11ED66EA0104-SegmentedRaftLogWorker: created new log segment /workdir/hadoop-ozone/tools/target/test-dir/MiniOzoneClusterImpl-a0b92c19-88eb-4192-8b6a-de7e7575cfd2/datanode-3/data/ratis/61406d86-9e81-437e-abfb-11ed66ea0104/current/log_inprogress_0
2019-09-25 05:56:22,154 [f4bb89bf-b4cb-46d2-895a-458b0eef1f65@group-A4393425FA3E:LeaderElection26] INFO  impl.LeaderElection (LeaderElection.java:askForVotes(182)) - f4bb89bf-b4cb-46d2-895a-458b0eef1f65@group-A4393425FA3E:LeaderElection26: begin an election at term 1 for -1: [f4bb89bf-b4cb-46d2-895a-458b0eef1f65:192.168.5.161:44648], old=null
2019-09-25 05:56:22,154 [f4bb89bf-b4cb-46d2-895a-458b0eef1f65@group-A4393425FA3E:LeaderElection26] INFO  impl.RoleInfo (RoleInfo.java:shutdownLeaderElection(134)) - f4bb89bf-b4cb-46d2-895a-458b0eef1f65: shutdown LeaderElection
2019-09-25 05:56:22,154 [f4bb89bf-b4cb-46d2-895a-458b0eef1f65@group-A4393425FA3E:LeaderElection26] INFO  impl.RaftServerImpl (RaftServerImpl.java:setRole(174)) - f4bb89bf-b4cb-46d2-895a-458b0eef1f65@group-A4393425FA3E: changes role from CANDIDATE to LEADER at term 1 for changeToLeader
2019-09-25 05:56:22,154 [f4bb89bf-b4cb-46d2-895a-458b0eef1f65@group-A4393425FA3E:LeaderElection26] INFO  impl.RaftServerImpl (ServerState.java:setLeader(253)) - f4bb89bf-b4cb-46d2-895a-458b0eef1f65@group-A4393425FA3E: change Leader from null to f4bb89bf-b4cb-46d2-895a-458b0eef1f65 at term 1 for becomeLeader, leader elected after 5280ms
2019-09-25 05:56:22,154 [f4bb89bf-b4cb-46d2-895a-458b0eef1f65@group-A4393425FA3E:LeaderElection26] INFO  server.RaftServerConfigKeys (ConfUtils.java:logGet(43)) - raft.server.staging.catchup.gap = 1000 (default)
2019-09-25 05:56:22,155 [f4bb89bf-b4cb-46d2-895a-458b0eef1f65@group-A4393425FA3E:LeaderElection26] INFO  server.RaftServerConfigKeys (ConfUtils.java:logGet(43)) - raft.server.rpc.sleep.time = 25ms (default)
2019-09-25 05:56:22,155 [f4bb89bf-b4cb-46d2-895a-458b0eef1f65@group-A4393425FA3E:LeaderElection26] INFO  server.RaftServerConfigKeys (ConfUtils.java:logGet(43)) - raft.server.write.element-limit = 4096 (default)
2019-09-25 05:56:22,155 [f4bb89bf-b4cb-46d2-895a-458b0eef1f65@group-A4393425FA3E:LeaderElection26] INFO  server.RaftServerConfigKeys (ConfUtils.java:logGet(43)) - raft.server.watch.timeout = 10s (default)
2019-09-25 05:56:22,155 [f4bb89bf-b4cb-46d2-895a-458b0eef1f65@group-A4393425FA3E:LeaderElection26] INFO  server.RaftServerConfigKeys (ConfUtils.java:logGet(43)) - raft.server.watch.timeout.denomination = 1s (default)
2019-09-25 05:56:22,155 [f4bb89bf-b4cb-46d2-895a-458b0eef1f65@group-A4393425FA3E:LeaderElection26] INFO  server.RaftServerConfigKeys (ConfUtils.java:logGet(43)) - raft.server.watch.element-limit = 65536 (default)
2019-09-25 05:56:22,159 [f4bb89bf-b4cb-46d2-895a-458b0eef1f65@group-A4393425FA3E:LeaderElection26] INFO  impl.RoleInfo (RoleInfo.java:updateAndGet(143)) - f4bb89bf-b4cb-46d2-895a-458b0eef1f65: start LeaderState
2019-09-25 05:56:22,159 [f4bb89bf-b4cb-46d2-895a-458b0eef1f65@group-A4393425FA3E:LeaderElection26] INFO  segmented.SegmentedRaftLogWorker (SegmentedRaftLogWorker.java:startLogSegment(380)) - f4bb89bf-b4cb-46d2-895a-458b0eef1f65@group-A4393425FA3E-SegmentedRaftLogWorker: Starting segment from index:0
2019-09-25 05:56:22,159 [f4bb89bf-b4cb-46d2-895a-458b0eef1f65@group-A4393425FA3E:LeaderElection26] INFO  impl.RaftServerImpl (ServerState.java:setRaftConf(354)) - f4bb89bf-b4cb-46d2-895a-458b0eef1f65@group-A4393425FA3E: set configuration 0: [f4bb89bf-b4cb-46d2-895a-458b0eef1f65:192.168.5.161:44648], old=null at 0
2019-09-25 05:56:22,225 [f4bb89bf-b4cb-46d2-895a-458b0eef1f65@group-A4393425FA3E-SegmentedRaftLogWorker] INFO  segmented.SegmentedRaftLogWorker (SegmentedRaftLogWorker.java:execute(569)) - f4bb89bf-b4cb-46d2-895a-458b0eef1f65@group-A4393425FA3E-SegmentedRaftLogWorker: created new log segment /workdir/hadoop-ozone/tools/target/test-dir/MiniOzoneClusterImpl-a0b92c19-88eb-4192-8b6a-de7e7575cfd2/datanode-2/data/ratis/821ce582-42dc-44ff-8727-a4393425fa3e/current/log_inprogress_0
2019-09-25 05:56:22,225 [Thread-294] INFO  impl.FollowerState (FollowerState.java:run(106)) - e93bb2c6-c39b-4618-a0fd-b5beeaf95472:group-871695365B0C changes to CANDIDATE, lastRpcTime:5017, electionTimeout:5017ms
2019-09-25 05:56:22,225 [Thread-294] INFO  impl.RoleInfo (RoleInfo.java:shutdownFollowerState(121)) - e93bb2c6-c39b-4618-a0fd-b5beeaf95472: shutdown FollowerState
2019-09-25 05:56:22,226 [Thread-294] INFO  impl.RaftServerImpl (RaftServerImpl.java:setRole(174)) - e93bb2c6-c39b-4618-a0fd-b5beeaf95472@group-871695365B0C: changes role from  FOLLOWER to CANDIDATE at term 0 for changeToCandidate
2019-09-25 05:56:22,226 [Thread-294] INFO  impl.RoleInfo (RoleInfo.java:updateAndGet(143)) - e93bb2c6-c39b-4618-a0fd-b5beeaf95472: start LeaderElection
2019-09-25 05:56:22,238 [e93bb2c6-c39b-4618-a0fd-b5beeaf95472@group-871695365B0C:LeaderElection27] INFO  impl.LeaderElection (LeaderElection.java:askForVotes(182)) - e93bb2c6-c39b-4618-a0fd-b5beeaf95472@group-871695365B0C:LeaderElection27: begin an election at term 1 for -1: [e93bb2c6-c39b-4618-a0fd-b5beeaf95472:192.168.5.161:46002], old=null
2019-09-25 05:56:22,238 [e93bb2c6-c39b-4618-a0fd-b5beeaf95472@group-871695365B0C:LeaderElection27] INFO  impl.RoleInfo (RoleInfo.java:shutdownLeaderElection(134)) - e93bb2c6-c39b-4618-a0fd-b5beeaf95472: shutdown LeaderElection
2019-09-25 05:56:22,238 [e93bb2c6-c39b-4618-a0fd-b5beeaf95472@group-871695365B0C:LeaderElection27] INFO  impl.RaftServerImpl (RaftServerImpl.java:setRole(174)) - e93bb2c6-c39b-4618-a0fd-b5beeaf95472@group-871695365B0C: changes role from CANDIDATE to LEADER at term 1 for changeToLeader
2019-09-25 05:56:22,239 [e93bb2c6-c39b-4618-a0fd-b5beeaf95472@group-871695365B0C:LeaderElection27] INFO  impl.RaftServerImpl (ServerState.java:setLeader(253)) - e93bb2c6-c39b-4618-a0fd-b5beeaf95472@group-871695365B0C: change Leader from null to e93bb2c6-c39b-4618-a0fd-b5beeaf95472 at term 1 for becomeLeader, leader elected after 5038ms
2019-09-25 05:56:22,239 [e93bb2c6-c39b-4618-a0fd-b5beeaf95472@group-871695365B0C:LeaderElection27] INFO  server.RaftServerConfigKeys (ConfUtils.java:logGet(43)) - raft.server.staging.catchup.gap = 1000 (default)
2019-09-25 05:56:22,239 [e93bb2c6-c39b-4618-a0fd-b5beeaf95472@group-871695365B0C:LeaderElection27] INFO  server.RaftServerConfigKeys (ConfUtils.java:logGet(43)) - raft.server.rpc.sleep.time = 25ms (default)
2019-09-25 05:56:22,239 [e93bb2c6-c39b-4618-a0fd-b5beeaf95472@group-871695365B0C:LeaderElection27] INFO  server.RaftServerConfigKeys (ConfUtils.java:logGet(43)) - raft.server.write.element-limit = 4096 (default)
2019-09-25 05:56:22,240 [e93bb2c6-c39b-4618-a0fd-b5beeaf95472@group-871695365B0C:LeaderElection27] INFO  server.RaftServerConfigKeys (ConfUtils.java:logGet(43)) - raft.server.watch.timeout = 10s (default)
2019-09-25 05:56:22,240 [e93bb2c6-c39b-4618-a0fd-b5beeaf95472@group-871695365B0C:LeaderElection27] INFO  server.RaftServerConfigKeys (ConfUtils.java:logGet(43)) - raft.server.watch.timeout.denomination = 1s (default)
2019-09-25 05:56:22,240 [e93bb2c6-c39b-4618-a0fd-b5beeaf95472@group-871695365B0C:LeaderElection27] INFO  server.RaftServerConfigKeys (ConfUtils.java:logGet(43)) - raft.server.watch.element-limit = 65536 (default)
2019-09-25 05:56:22,244 [e93bb2c6-c39b-4618-a0fd-b5beeaf95472@group-871695365B0C:LeaderElection27] INFO  impl.RoleInfo (RoleInfo.java:updateAndGet(143)) - e93bb2c6-c39b-4618-a0fd-b5beeaf95472: start LeaderState
2019-09-25 05:56:22,244 [e93bb2c6-c39b-4618-a0fd-b5beeaf95472@group-871695365B0C:LeaderElection27] INFO  segmented.SegmentedRaftLogWorker (SegmentedRaftLogWorker.java:startLogSegment(380)) - e93bb2c6-c39b-4618-a0fd-b5beeaf95472@group-871695365B0C-SegmentedRaftLogWorker: Starting segment from index:0
2019-09-25 05:56:22,245 [e93bb2c6-c39b-4618-a0fd-b5beeaf95472@group-871695365B0C:LeaderElection27] INFO  impl.RaftServerImpl (ServerState.java:setRaftConf(354)) - e93bb2c6-c39b-4618-a0fd-b5beeaf95472@group-871695365B0C: set configuration 0: [e93bb2c6-c39b-4618-a0fd-b5beeaf95472:192.168.5.161:46002], old=null at 0
2019-09-25 05:56:22,286 [Thread-297] INFO  impl.FollowerState (FollowerState.java:run(106)) - 4a989990-004c-48a6-9d0e-df27d30930a7:group-CE8FEFCC82C6 changes to CANDIDATE, lastRpcTime:5017, electionTimeout:5006ms
2019-09-25 05:56:22,286 [Thread-297] INFO  impl.RoleInfo (RoleInfo.java:shutdownFollowerState(121)) - 4a989990-004c-48a6-9d0e-df27d30930a7: shutdown FollowerState
2019-09-25 05:56:22,286 [Thread-297] INFO  impl.RaftServerImpl (RaftServerImpl.java:setRole(174)) - 4a989990-004c-48a6-9d0e-df27d30930a7@group-CE8FEFCC82C6: changes role from  FOLLOWER to CANDIDATE at term 0 for changeToCandidate
2019-09-25 05:56:22,287 [Thread-297] INFO  impl.RoleInfo (RoleInfo.java:updateAndGet(143)) - 4a989990-004c-48a6-9d0e-df27d30930a7: start LeaderElection
2019-09-25 05:56:22,298 [e93bb2c6-c39b-4618-a0fd-b5beeaf95472@group-871695365B0C-SegmentedRaftLogWorker] INFO  segmented.SegmentedRaftLogWorker (SegmentedRaftLogWorker.java:execute(569)) - e93bb2c6-c39b-4618-a0fd-b5beeaf95472@group-871695365B0C-SegmentedRaftLogWorker: created new log segment /workdir/hadoop-ozone/tools/target/test-dir/MiniOzoneClusterImpl-a0b92c19-88eb-4192-8b6a-de7e7575cfd2/datanode-3/data/ratis/d5851b37-9f05-4f67-82ec-871695365b0c/current/log_inprogress_0
2019-09-25 05:56:22,298 [4a989990-004c-48a6-9d0e-df27d30930a7@group-CE8FEFCC82C6:LeaderElection28] INFO  impl.LeaderElection (LeaderElection.java:askForVotes(182)) - 4a989990-004c-48a6-9d0e-df27d30930a7@group-CE8FEFCC82C6:LeaderElection28: begin an election at term 1 for -1: [4a989990-004c-48a6-9d0e-df27d30930a7:192.168.5.161:33719], old=null
2019-09-25 05:56:22,298 [4a989990-004c-48a6-9d0e-df27d30930a7@group-CE8FEFCC82C6:LeaderElection28] INFO  impl.RoleInfo (RoleInfo.java:shutdownLeaderElection(134)) - 4a989990-004c-48a6-9d0e-df27d30930a7: shutdown LeaderElection
2019-09-25 05:56:22,298 [4a989990-004c-48a6-9d0e-df27d30930a7@group-CE8FEFCC82C6:LeaderElection28] INFO  impl.RaftServerImpl (RaftServerImpl.java:setRole(174)) - 4a989990-004c-48a6-9d0e-df27d30930a7@group-CE8FEFCC82C6: changes role from CANDIDATE to LEADER at term 1 for changeToLeader
2019-09-25 05:56:22,299 [4a989990-004c-48a6-9d0e-df27d30930a7@group-CE8FEFCC82C6:LeaderElection28] INFO  impl.RaftServerImpl (ServerState.java:setLeader(253)) - 4a989990-004c-48a6-9d0e-df27d30930a7@group-CE8FEFCC82C6: change Leader from null to 4a989990-004c-48a6-9d0e-df27d30930a7 at term 1 for becomeLeader, leader elected after 5041ms
2019-09-25 05:56:22,299 [4a989990-004c-48a6-9d0e-df27d30930a7@group-CE8FEFCC82C6:LeaderElection28] INFO  server.RaftServerConfigKeys (ConfUtils.java:logGet(43)) - raft.server.staging.catchup.gap = 1000 (default)
2019-09-25 05:56:22,299 [4a989990-004c-48a6-9d0e-df27d30930a7@group-CE8FEFCC82C6:LeaderElection28] INFO  server.RaftServerConfigKeys (ConfUtils.java:logGet(43)) - raft.server.rpc.sleep.time = 25ms (default)
2019-09-25 05:56:22,299 [4a989990-004c-48a6-9d0e-df27d30930a7@group-CE8FEFCC82C6:LeaderElection28] INFO  server.RaftServerConfigKeys (ConfUtils.java:logGet(43)) - raft.server.write.element-limit = 4096 (default)
2019-09-25 05:56:22,299 [4a989990-004c-48a6-9d0e-df27d30930a7@group-CE8FEFCC82C6:LeaderElection28] INFO  server.RaftServerConfigKeys (ConfUtils.java:logGet(43)) - raft.server.watch.timeout = 10s (default)
2019-09-25 05:56:22,300 [4a989990-004c-48a6-9d0e-df27d30930a7@group-CE8FEFCC82C6:LeaderElection28] INFO  server.RaftServerConfigKeys (ConfUtils.java:logGet(43)) - raft.server.watch.timeout.denomination = 1s (default)
2019-09-25 05:56:22,300 [4a989990-004c-48a6-9d0e-df27d30930a7@group-CE8FEFCC82C6:LeaderElection28] INFO  server.RaftServerConfigKeys (ConfUtils.java:logGet(43)) - raft.server.watch.element-limit = 65536 (default)
2019-09-25 05:56:22,303 [4a989990-004c-48a6-9d0e-df27d30930a7@group-CE8FEFCC82C6:LeaderElection28] INFO  impl.RoleInfo (RoleInfo.java:updateAndGet(143)) - 4a989990-004c-48a6-9d0e-df27d30930a7: start LeaderState
2019-09-25 05:56:22,304 [4a989990-004c-48a6-9d0e-df27d30930a7@group-CE8FEFCC82C6:LeaderElection28] INFO  segmented.SegmentedRaftLogWorker (SegmentedRaftLogWorker.java:startLogSegment(380)) - 4a989990-004c-48a6-9d0e-df27d30930a7@group-CE8FEFCC82C6-SegmentedRaftLogWorker: Starting segment from index:0
2019-09-25 05:56:22,304 [4a989990-004c-48a6-9d0e-df27d30930a7@group-CE8FEFCC82C6:LeaderElection28] INFO  impl.RaftServerImpl (ServerState.java:setRaftConf(354)) - 4a989990-004c-48a6-9d0e-df27d30930a7@group-CE8FEFCC82C6: set configuration 0: [4a989990-004c-48a6-9d0e-df27d30930a7:192.168.5.161:33719], old=null at 0
2019-09-25 05:56:22,357 [4a989990-004c-48a6-9d0e-df27d30930a7@group-CE8FEFCC82C6-SegmentedRaftLogWorker] INFO  segmented.SegmentedRaftLogWorker (SegmentedRaftLogWorker.java:execute(569)) - 4a989990-004c-48a6-9d0e-df27d30930a7@group-CE8FEFCC82C6-SegmentedRaftLogWorker: created new log segment /workdir/hadoop-ozone/tools/target/test-dir/MiniOzoneClusterImpl-a0b92c19-88eb-4192-8b6a-de7e7575cfd2/datanode-0/data/ratis/f25bcb02-b190-4c81-97d4-ce8fefcc82c6/current/log_inprogress_0
2019-09-25 05:56:22,387 [Thread-303] INFO  impl.FollowerState (FollowerState.java:run(106)) - 4a989990-004c-48a6-9d0e-df27d30930a7:group-2505C73FB85F changes to CANDIDATE, lastRpcTime:5018, electionTimeout:5018ms
2019-09-25 05:56:22,388 [Thread-303] INFO  impl.RoleInfo (RoleInfo.java:shutdownFollowerState(121)) - 4a989990-004c-48a6-9d0e-df27d30930a7: shutdown FollowerState
2019-09-25 05:56:22,388 [Thread-303] INFO  impl.RaftServerImpl (RaftServerImpl.java:setRole(174)) - 4a989990-004c-48a6-9d0e-df27d30930a7@group-2505C73FB85F: changes role from  FOLLOWER to CANDIDATE at term 0 for changeToCandidate
2019-09-25 05:56:22,388 [Thread-303] INFO  impl.RoleInfo (RoleInfo.java:updateAndGet(143)) - 4a989990-004c-48a6-9d0e-df27d30930a7: start LeaderElection
2019-09-25 05:56:22,395 [4a989990-004c-48a6-9d0e-df27d30930a7@group-2505C73FB85F:LeaderElection29] INFO  impl.LeaderElection (LeaderElection.java:askForVotes(182)) - 4a989990-004c-48a6-9d0e-df27d30930a7@group-2505C73FB85F:LeaderElection29: begin an election at term 1 for -1: [4a989990-004c-48a6-9d0e-df27d30930a7:192.168.5.161:33719], old=null
2019-09-25 05:56:22,395 [4a989990-004c-48a6-9d0e-df27d30930a7@group-2505C73FB85F:LeaderElection29] INFO  impl.RoleInfo (RoleInfo.java:shutdownLeaderElection(134)) - 4a989990-004c-48a6-9d0e-df27d30930a7: shutdown LeaderElection
2019-09-25 05:56:22,395 [4a989990-004c-48a6-9d0e-df27d30930a7@group-2505C73FB85F:LeaderElection29] INFO  impl.RaftServerImpl (RaftServerImpl.java:setRole(174)) - 4a989990-004c-48a6-9d0e-df27d30930a7@group-2505C73FB85F: changes role from CANDIDATE to LEADER at term 1 for changeToLeader
2019-09-25 05:56:22,395 [4a989990-004c-48a6-9d0e-df27d30930a7@group-2505C73FB85F:LeaderElection29] INFO  impl.RaftServerImpl (ServerState.java:setLeader(253)) - 4a989990-004c-48a6-9d0e-df27d30930a7@group-2505C73FB85F: change Leader from null to 4a989990-004c-48a6-9d0e-df27d30930a7 at term 1 for becomeLeader, leader elected after 5032ms
2019-09-25 05:56:22,396 [4a989990-004c-48a6-9d0e-df27d30930a7@group-2505C73FB85F:LeaderElection29] INFO  server.RaftServerConfigKeys (ConfUtils.java:logGet(43)) - raft.server.staging.catchup.gap = 1000 (default)
2019-09-25 05:56:22,396 [4a989990-004c-48a6-9d0e-df27d30930a7@group-2505C73FB85F:LeaderElection29] INFO  server.RaftServerConfigKeys (ConfUtils.java:logGet(43)) - raft.server.rpc.sleep.time = 25ms (default)
2019-09-25 05:56:22,396 [4a989990-004c-48a6-9d0e-df27d30930a7@group-2505C73FB85F:LeaderElection29] INFO  server.RaftServerConfigKeys (ConfUtils.java:logGet(43)) - raft.server.write.element-limit = 4096 (default)
2019-09-25 05:56:22,397 [4a989990-004c-48a6-9d0e-df27d30930a7@group-2505C73FB85F:LeaderElection29] INFO  server.RaftServerConfigKeys (ConfUtils.java:logGet(43)) - raft.server.watch.timeout = 10s (default)
2019-09-25 05:56:22,397 [4a989990-004c-48a6-9d0e-df27d30930a7@group-2505C73FB85F:LeaderElection29] INFO  server.RaftServerConfigKeys (ConfUtils.java:logGet(43)) - raft.server.watch.timeout.denomination = 1s (default)
2019-09-25 05:56:22,397 [4a989990-004c-48a6-9d0e-df27d30930a7@group-2505C73FB85F:LeaderElection29] INFO  server.RaftServerConfigKeys (ConfUtils.java:logGet(43)) - raft.server.watch.element-limit = 65536 (default)
2019-09-25 05:56:22,400 [4a989990-004c-48a6-9d0e-df27d30930a7@group-2505C73FB85F:LeaderElection29] INFO  impl.RoleInfo (RoleInfo.java:updateAndGet(143)) - 4a989990-004c-48a6-9d0e-df27d30930a7: start LeaderState
2019-09-25 05:56:22,401 [4a989990-004c-48a6-9d0e-df27d30930a7@group-2505C73FB85F:LeaderElection29] INFO  segmented.SegmentedRaftLogWorker (SegmentedRaftLogWorker.java:startLogSegment(380)) - 4a989990-004c-48a6-9d0e-df27d30930a7@group-2505C73FB85F-SegmentedRaftLogWorker: Starting segment from index:0
2019-09-25 05:56:22,402 [4a989990-004c-48a6-9d0e-df27d30930a7@group-2505C73FB85F:LeaderElection29] INFO  impl.RaftServerImpl (ServerState.java:setRaftConf(354)) - 4a989990-004c-48a6-9d0e-df27d30930a7@group-2505C73FB85F: set configuration 0: [4a989990-004c-48a6-9d0e-df27d30930a7:192.168.5.161:33719], old=null at 0
2019-09-25 05:56:22,454 [Thread-300] INFO  impl.FollowerState (FollowerState.java:run(106)) - 4a989990-004c-48a6-9d0e-df27d30930a7:group-AF9B0E04BD70 changes to CANDIDATE, lastRpcTime:5133, electionTimeout:5133ms
2019-09-25 05:56:22,455 [4a989990-004c-48a6-9d0e-df27d30930a7@group-2505C73FB85F-SegmentedRaftLogWorker] INFO  segmented.SegmentedRaftLogWorker (SegmentedRaftLogWorker.java:execute(569)) - 4a989990-004c-48a6-9d0e-df27d30930a7@group-2505C73FB85F-SegmentedRaftLogWorker: created new log segment /workdir/hadoop-ozone/tools/target/test-dir/MiniOzoneClusterImpl-a0b92c19-88eb-4192-8b6a-de7e7575cfd2/datanode-0/data/ratis/55800c00-d7d3-4b57-be99-2505c73fb85f/current/log_inprogress_0
2019-09-25 05:56:22,455 [Thread-300] INFO  impl.RoleInfo (RoleInfo.java:shutdownFollowerState(121)) - 4a989990-004c-48a6-9d0e-df27d30930a7: shutdown FollowerState
2019-09-25 05:56:22,455 [Thread-300] INFO  impl.RaftServerImpl (RaftServerImpl.java:setRole(174)) - 4a989990-004c-48a6-9d0e-df27d30930a7@group-AF9B0E04BD70: changes role from  FOLLOWER to CANDIDATE at term 0 for changeToCandidate
2019-09-25 05:56:22,455 [Thread-300] INFO  impl.RoleInfo (RoleInfo.java:updateAndGet(143)) - 4a989990-004c-48a6-9d0e-df27d30930a7: start LeaderElection
2019-09-25 05:56:22,468 [4a989990-004c-48a6-9d0e-df27d30930a7@group-AF9B0E04BD70:LeaderElection30] INFO  impl.LeaderElection (LeaderElection.java:askForVotes(182)) - 4a989990-004c-48a6-9d0e-df27d30930a7@group-AF9B0E04BD70:LeaderElection30: begin an election at term 1 for -1: [4a989990-004c-48a6-9d0e-df27d30930a7:192.168.5.161:33719], old=null
2019-09-25 05:56:22,468 [4a989990-004c-48a6-9d0e-df27d30930a7@group-AF9B0E04BD70:LeaderElection30] INFO  impl.RoleInfo (RoleInfo.java:shutdownLeaderElection(134)) - 4a989990-004c-48a6-9d0e-df27d30930a7: shutdown LeaderElection
2019-09-25 05:56:22,468 [4a989990-004c-48a6-9d0e-df27d30930a7@group-AF9B0E04BD70:LeaderElection30] INFO  impl.RaftServerImpl (RaftServerImpl.java:setRole(174)) - 4a989990-004c-48a6-9d0e-df27d30930a7@group-AF9B0E04BD70: changes role from CANDIDATE to LEADER at term 1 for changeToLeader
2019-09-25 05:56:22,468 [4a989990-004c-48a6-9d0e-df27d30930a7@group-AF9B0E04BD70:LeaderElection30] INFO  impl.RaftServerImpl (ServerState.java:setLeader(253)) - 4a989990-004c-48a6-9d0e-df27d30930a7@group-AF9B0E04BD70: change Leader from null to 4a989990-004c-48a6-9d0e-df27d30930a7 at term 1 for becomeLeader, leader elected after 5154ms
2019-09-25 05:56:22,469 [4a989990-004c-48a6-9d0e-df27d30930a7@group-AF9B0E04BD70:LeaderElection30] INFO  server.RaftServerConfigKeys (ConfUtils.java:logGet(43)) - raft.server.staging.catchup.gap = 1000 (default)
2019-09-25 05:56:22,469 [4a989990-004c-48a6-9d0e-df27d30930a7@group-AF9B0E04BD70:LeaderElection30] INFO  server.RaftServerConfigKeys (ConfUtils.java:logGet(43)) - raft.server.rpc.sleep.time = 25ms (default)
2019-09-25 05:56:22,469 [4a989990-004c-48a6-9d0e-df27d30930a7@group-AF9B0E04BD70:LeaderElection30] INFO  server.RaftServerConfigKeys (ConfUtils.java:logGet(43)) - raft.server.write.element-limit = 4096 (default)
2019-09-25 05:56:22,469 [4a989990-004c-48a6-9d0e-df27d30930a7@group-AF9B0E04BD70:LeaderElection30] INFO  server.RaftServerConfigKeys (ConfUtils.java:logGet(43)) - raft.server.watch.timeout = 10s (default)
2019-09-25 05:56:22,469 [4a989990-004c-48a6-9d0e-df27d30930a7@group-AF9B0E04BD70:LeaderElection30] INFO  server.RaftServerConfigKeys (ConfUtils.java:logGet(43)) - raft.server.watch.timeout.denomination = 1s (default)
2019-09-25 05:56:22,470 [4a989990-004c-48a6-9d0e-df27d30930a7@group-AF9B0E04BD70:LeaderElection30] INFO  server.RaftServerConfigKeys (ConfUtils.java:logGet(43)) - raft.server.watch.element-limit = 65536 (default)
2019-09-25 05:56:22,473 [4a989990-004c-48a6-9d0e-df27d30930a7@group-AF9B0E04BD70:LeaderElection30] INFO  impl.RoleInfo (RoleInfo.java:updateAndGet(143)) - 4a989990-004c-48a6-9d0e-df27d30930a7: start LeaderState
2019-09-25 05:56:22,473 [4a989990-004c-48a6-9d0e-df27d30930a7@group-AF9B0E04BD70:LeaderElection30] INFO  segmented.SegmentedRaftLogWorker (SegmentedRaftLogWorker.java:startLogSegment(380)) - 4a989990-004c-48a6-9d0e-df27d30930a7@group-AF9B0E04BD70-SegmentedRaftLogWorker: Starting segment from index:0
2019-09-25 05:56:22,474 [4a989990-004c-48a6-9d0e-df27d30930a7@group-AF9B0E04BD70:LeaderElection30] INFO  impl.RaftServerImpl (ServerState.java:setRaftConf(354)) - 4a989990-004c-48a6-9d0e-df27d30930a7@group-AF9B0E04BD70: set configuration 0: [4a989990-004c-48a6-9d0e-df27d30930a7:192.168.5.161:33719], old=null at 0
2019-09-25 05:56:22,539 [4a989990-004c-48a6-9d0e-df27d30930a7@group-AF9B0E04BD70-SegmentedRaftLogWorker] INFO  segmented.SegmentedRaftLogWorker (SegmentedRaftLogWorker.java:execute(569)) - 4a989990-004c-48a6-9d0e-df27d30930a7@group-AF9B0E04BD70-SegmentedRaftLogWorker: created new log segment /workdir/hadoop-ozone/tools/target/test-dir/MiniOzoneClusterImpl-a0b92c19-88eb-4192-8b6a-de7e7575cfd2/datanode-0/data/ratis/d7bf0541-6055-4aaf-a5e5-af9b0e04bd70/current/log_inprogress_0
 0.00% |█                                                                                                    |  0/1 Time: 0:00:03 0.00% |█                                                                                                    |  0/1 Time: 0:00:04 100.00% |█████████████████████████████████████████████████████████████████████████████████████████████████████|  1/1 Time: 0:00:05
]]></system-out>
  </testcase>
</testsuite>