<?xml version="1.0" encoding="UTF-8"?>
<testsuite xmlns:xsi="http://www.w3.org/2001/XMLSchema-instance" xsi:noNamespaceSchemaLocation="https://maven.apache.org/surefire/maven-surefire-plugin/xsd/surefire-test-report.xsd" name="org.apache.hadoop.ozone.freon.TestFreonWithPipelineDestroy" time="30.477" tests="1" errors="1" skipped="0" failures="0">
  <properties>
    <property name="awt.toolkit" value="sun.awt.X11.XToolkit"/>
    <property name="file.encoding.pkg" value="sun.io"/>
    <property name="java.specification.version" value="1.8"/>
    <property name="sun.cpu.isalist" value=""/>
    <property name="sun.jnu.encoding" value="UTF-8"/>
    <property name="java.class.path" value="/workdir/hadoop-ozone/tools/target/test-classes:/workdir/hadoop-ozone/tools/target/classes:/home/user/.m2/repository/org/apache/hadoop/hadoop-ozone-ozone-manager/0.5.0-SNAPSHOT/hadoop-ozone-ozone-manager-0.5.0-SNAPSHOT.jar:/home/user/.m2/repository/org/apache/hadoop/hadoop-hdds-docs/0.5.0-SNAPSHOT/hadoop-hdds-docs-0.5.0-SNAPSHOT.jar:/home/user/.m2/repository/org/bouncycastle/bcprov-jdk15on/1.60/bcprov-jdk15on-1.60.jar:/home/user/.m2/repository/org/apache/hadoop/hadoop-ozone-common/0.5.0-SNAPSHOT/hadoop-ozone-common-0.5.0-SNAPSHOT.jar:/home/user/.m2/repository/org/apache/commons/commons-compress/1.4.1/commons-compress-1.4.1.jar:/home/user/.m2/repository/org/tukaani/xz/1.0/xz-1.0.jar:/home/user/.m2/repository/org/apache/hadoop/hadoop-hdfs-client/3.2.0/hadoop-hdfs-client-3.2.0.jar:/home/user/.m2/repository/com/fasterxml/jackson/core/jackson-annotations/2.9.9/jackson-annotations-2.9.9.jar:/home/user/.m2/repository/org/apache/hadoop/hadoop-hdds-common/0.5.0-SNAPSHOT/hadoop-hdds-common-0.5.0-SNAPSHOT.jar:/home/user/.m2/repository/org/apache/hadoop/hadoop-hdds-config/0.5.0-SNAPSHOT/hadoop-hdds-config-0.5.0-SNAPSHOT.jar:/home/user/.m2/repository/javax/annotation/javax.annotation-api/1.2/javax.annotation-api-1.2.jar:/home/user/.m2/repository/org/apache/ratis/ratis-server/0.4.0/ratis-server-0.4.0.jar:/home/user/.m2/repository/org/apache/ratis/ratis-thirdparty-misc/0.2.0/ratis-thirdparty-misc-0.2.0.jar:/home/user/.m2/repository/org/apache/ratis/ratis-proto/0.4.0/ratis-proto-0.4.0.jar:/home/user/.m2/repository/org/apache/ratis/ratis-common/0.4.0/ratis-common-0.4.0.jar:/home/user/.m2/repository/org/apache/ratis/ratis-client/0.4.0/ratis-client-0.4.0.jar:/home/user/.m2/repository/org/apache/ratis/ratis-metrics/0.4.0/ratis-metrics-0.4.0.jar:/home/user/.m2/repository/com/github/joshelser/dropwizard-metrics-hadoop-metrics2-reporter/0.1.2/dropwizard-metrics-hadoop-metrics2-reporter-0.1.2.jar:/home/user/.m2/repository/io/dropwizard/metrics/metrics-jvm/3.2.5/metrics-jvm-3.2.5.jar:/home/user/.m2/repository/io/dropwizard/metrics/metrics-ganglia/3.2.5/metrics-ganglia-3.2.5.jar:/home/user/.m2/repository/info/ganglia/gmetric4j/gmetric4j/1.0.7/gmetric4j-1.0.7.jar:/home/user/.m2/repository/org/apache/ratis/ratis-netty/0.4.0/ratis-netty-0.4.0.jar:/home/user/.m2/repository/org/apache/ratis/ratis-grpc/0.4.0/ratis-grpc-0.4.0.jar:/home/user/.m2/repository/org/rocksdb/rocksdbjni/6.0.1/rocksdbjni-6.0.1.jar:/home/user/.m2/repository/org/apache/logging/log4j/log4j-api/2.11.0/log4j-api-2.11.0.jar:/home/user/.m2/repository/org/apache/logging/log4j/log4j-core/2.11.0/log4j-core-2.11.0.jar:/home/user/.m2/repository/com/lmax/disruptor/3.4.2/disruptor-3.4.2.jar:/home/user/.m2/repository/org/apache/commons/commons-pool2/2.6.0/commons-pool2-2.6.0.jar:/home/user/.m2/repository/org/bouncycastle/bcpkix-jdk15on/1.60/bcpkix-jdk15on-1.60.jar:/home/user/.m2/repository/commons-validator/commons-validator/1.6/commons-validator-1.6.jar:/home/user/.m2/repository/commons-digester/commons-digester/1.8.1/commons-digester-1.8.1.jar:/home/user/.m2/repository/io/jaegertracing/jaeger-client/0.34.0/jaeger-client-0.34.0.jar:/home/user/.m2/repository/io/jaegertracing/jaeger-thrift/0.34.0/jaeger-thrift-0.34.0.jar:/home/user/.m2/repository/org/apache/thrift/libthrift/0.12.0/libthrift-0.12.0.jar:/home/user/.m2/repository/com/squareup/okhttp3/okhttp/3.9.0/okhttp-3.9.0.jar:/home/user/.m2/repository/com/squareup/okio/okio/1.13.0/okio-1.13.0.jar:/home/user/.m2/repository/io/jaegertracing/jaeger-core/0.34.0/jaeger-core-0.34.0.jar:/home/user/.m2/repository/io/jaegertracing/jaeger-tracerresolver/0.34.0/jaeger-tracerresolver-0.34.0.jar:/home/user/.m2/repository/io/opentracing/contrib/opentracing-tracerresolver/0.1.5/opentracing-tracerresolver-0.1.5.jar:/home/user/.m2/repository/io/opentracing/opentracing-util/0.31.0/opentracing-util-0.31.0.jar:/home/user/.m2/repository/io/opentracing/opentracing-api/0.31.0/opentracing-api-0.31.0.jar:/home/user/.m2/repository/io/opentracing/opentracing-noop/0.31.0/opentracing-noop-0.31.0.jar:/home/user/.m2/repository/org/yaml/snakeyaml/1.16/snakeyaml-1.16.jar:/home/user/.m2/repository/org/apache/hadoop/hadoop-hdds-container-service/0.5.0-SNAPSHOT/hadoop-hdds-container-service-0.5.0-SNAPSHOT.jar:/home/user/.m2/repository/org/apache/hadoop/hadoop-hdds-client/0.5.0-SNAPSHOT/hadoop-hdds-client-0.5.0-SNAPSHOT.jar:/home/user/.m2/repository/org/apache/hadoop/hadoop-hdds-tools/0.5.0-SNAPSHOT/hadoop-hdds-tools-0.5.0-SNAPSHOT.jar:/home/user/.m2/repository/org/xerial/sqlite-jdbc/3.25.2/sqlite-jdbc-3.25.2.jar:/home/user/.m2/repository/org/apache/hadoop/hadoop-hdds-server-scm/0.5.0-SNAPSHOT/hadoop-hdds-server-scm-0.5.0-SNAPSHOT.jar:/home/user/.m2/repository/org/hamcrest/hamcrest-all/1.3/hamcrest-all-1.3.jar:/home/user/.m2/repository/info/picocli/picocli/3.9.6/picocli-3.9.6.jar:/home/user/.m2/repository/com/google/protobuf/protobuf-java/2.5.0/protobuf-java-2.5.0.jar:/home/user/.m2/repository/com/google/guava/guava/11.0.2/guava-11.0.2.jar:/home/user/.m2/repository/org/apache/hadoop/hadoop-ozone-client/0.5.0-SNAPSHOT/hadoop-ozone-client-0.5.0-SNAPSHOT.jar:/workdir/hadoop-ozone/ozonefs/target/classes:/home/user/.m2/repository/org/apache/hadoop/hadoop-hdds-server-framework/0.5.0-SNAPSHOT/hadoop-hdds-server-framework-0.5.0-SNAPSHOT.jar:/home/user/.m2/repository/org/apache/hadoop/hadoop-common/3.2.0/hadoop-common-3.2.0.jar:/home/user/.m2/repository/org/apache/hadoop/hadoop-annotations/3.2.0/hadoop-annotations-3.2.0.jar:/usr/lib/jvm/java-1.8-openjdk/jre/../lib/tools.jar:/home/user/.m2/repository/commons-cli/commons-cli/1.2/commons-cli-1.2.jar:/home/user/.m2/repository/org/apache/commons/commons-math3/3.1.1/commons-math3-3.1.1.jar:/home/user/.m2/repository/org/apache/httpcomponents/httpclient/4.5.2/httpclient-4.5.2.jar:/home/user/.m2/repository/org/apache/httpcomponents/httpcore/4.4.4/httpcore-4.4.4.jar:/home/user/.m2/repository/commons-codec/commons-codec/1.11/commons-codec-1.11.jar:/home/user/.m2/repository/commons-io/commons-io/2.5/commons-io-2.5.jar:/home/user/.m2/repository/commons-net/commons-net/3.6/commons-net-3.6.jar:/home/user/.m2/repository/commons-collections/commons-collections/3.2.2/commons-collections-3.2.2.jar:/home/user/.m2/repository/javax/servlet/javax.servlet-api/3.1.0/javax.servlet-api-3.1.0.jar:/home/user/.m2/repository/org/eclipse/jetty/jetty-server/9.3.25.v20180904/jetty-server-9.3.25.v20180904.jar:/home/user/.m2/repository/org/eclipse/jetty/jetty-http/9.3.25.v20180904/jetty-http-9.3.25.v20180904.jar:/home/user/.m2/repository/org/eclipse/jetty/jetty-io/9.3.25.v20180904/jetty-io-9.3.25.v20180904.jar:/home/user/.m2/repository/org/eclipse/jetty/jetty-util/9.3.25.v20180904/jetty-util-9.3.25.v20180904.jar:/home/user/.m2/repository/org/eclipse/jetty/jetty-servlet/9.3.25.v20180904/jetty-servlet-9.3.25.v20180904.jar:/home/user/.m2/repository/org/eclipse/jetty/jetty-security/9.3.25.v20180904/jetty-security-9.3.25.v20180904.jar:/home/user/.m2/repository/org/eclipse/jetty/jetty-webapp/9.3.25.v20180904/jetty-webapp-9.3.25.v20180904.jar:/home/user/.m2/repository/org/eclipse/jetty/jetty-xml/9.3.25.v20180904/jetty-xml-9.3.25.v20180904.jar:/home/user/.m2/repository/javax/servlet/jsp/jsp-api/2.1/jsp-api-2.1.jar:/home/user/.m2/repository/com/sun/jersey/jersey-core/1.19/jersey-core-1.19.jar:/home/user/.m2/repository/javax/ws/rs/jsr311-api/1.1.1/jsr311-api-1.1.1.jar:/home/user/.m2/repository/com/sun/jersey/jersey-servlet/1.19/jersey-servlet-1.19.jar:/home/user/.m2/repository/com/sun/jersey/jersey-json/1.19/jersey-json-1.19.jar:/home/user/.m2/repository/org/codehaus/jettison/jettison/1.1/jettison-1.1.jar:/home/user/.m2/repository/com/sun/xml/bind/jaxb-impl/2.3.0.1/jaxb-impl-2.3.0.1.jar:/home/user/.m2/repository/org/codehaus/jackson/jackson-core-asl/1.9.13/jackson-core-asl-1.9.13.jar:/home/user/.m2/repository/org/codehaus/jackson/jackson-mapper-asl/1.9.13/jackson-mapper-asl-1.9.13.jar:/home/user/.m2/repository/org/codehaus/jackson/jackson-jaxrs/1.9.13/jackson-jaxrs-1.9.13.jar:/home/user/.m2/repository/org/codehaus/jackson/jackson-xc/1.9.13/jackson-xc-1.9.13.jar:/home/user/.m2/repository/com/sun/jersey/jersey-server/1.19/jersey-server-1.19.jar:/home/user/.m2/repository/commons-logging/commons-logging/1.1.3/commons-logging-1.1.3.jar:/home/user/.m2/repository/log4j/log4j/1.2.17/log4j-1.2.17.jar:/home/user/.m2/repository/commons-beanutils/commons-beanutils/1.9.4/commons-beanutils-1.9.4.jar:/home/user/.m2/repository/org/apache/commons/commons-configuration2/2.1.1/commons-configuration2-2.1.1.jar:/home/user/.m2/repository/org/apache/commons/commons-lang3/3.7/commons-lang3-3.7.jar:/home/user/.m2/repository/org/apache/commons/commons-text/1.4/commons-text-1.4.jar:/home/user/.m2/repository/org/slf4j/slf4j-api/1.7.25/slf4j-api-1.7.25.jar:/home/user/.m2/repository/org/slf4j/slf4j-log4j12/1.7.25/slf4j-log4j12-1.7.25.jar:/home/user/.m2/repository/org/apache/avro/avro/1.7.7/avro-1.7.7.jar:/home/user/.m2/repository/com/thoughtworks/paranamer/paranamer/2.3/paranamer-2.3.jar:/home/user/.m2/repository/org/xerial/snappy/snappy-java/1.0.5/snappy-java-1.0.5.jar:/home/user/.m2/repository/com/google/re2j/re2j/1.1/re2j-1.1.jar:/home/user/.m2/repository/com/google/code/gson/gson/2.2.4/gson-2.2.4.jar:/home/user/.m2/repository/org/apache/hadoop/hadoop-auth/3.2.0/hadoop-auth-3.2.0.jar:/home/user/.m2/repository/com/nimbusds/nimbus-jose-jwt/4.41.1/nimbus-jose-jwt-4.41.1.jar:/home/user/.m2/repository/com/github/stephenc/jcip/jcip-annotations/1.0-1/jcip-annotations-1.0-1.jar:/home/user/.m2/repository/net/minidev/json-smart/2.3/json-smart-2.3.jar:/home/user/.m2/repository/net/minidev/accessors-smart/1.2/accessors-smart-1.2.jar:/home/user/.m2/repository/org/apache/curator/curator-framework/2.12.0/curator-framework-2.12.0.jar:/home/user/.m2/repository/com/jcraft/jsch/0.1.54/jsch-0.1.54.jar:/home/user/.m2/repository/org/apache/curator/curator-client/2.12.0/curator-client-2.12.0.jar:/home/user/.m2/repository/org/apache/curator/curator-recipes/2.12.0/curator-recipes-2.12.0.jar:/home/user/.m2/repository/com/google/code/findbugs/jsr305/3.0.0/jsr305-3.0.0.jar:/home/user/.m2/repository/org/apache/htrace/htrace-core4/4.1.0-incubating/htrace-core4-4.1.0-incubating.jar:/home/user/.m2/repository/org/apache/zookeeper/zookeeper/3.4.13/zookeeper-3.4.13.jar:/home/user/.m2/repository/jline/jline/0.9.94/jline-0.9.94.jar:/home/user/.m2/repository/org/apache/yetus/audience-annotations/0.5.0/audience-annotations-0.5.0.jar:/home/user/.m2/repository/org/apache/kerby/kerb-simplekdc/1.0.1/kerb-simplekdc-1.0.1.jar:/home/user/.m2/repository/org/apache/kerby/kerb-client/1.0.1/kerb-client-1.0.1.jar:/home/user/.m2/repository/org/apache/kerby/kerby-config/1.0.1/kerby-config-1.0.1.jar:/home/user/.m2/repository/org/apache/kerby/kerb-core/1.0.1/kerb-core-1.0.1.jar:/home/user/.m2/repository/org/apache/kerby/kerby-pkix/1.0.1/kerby-pkix-1.0.1.jar:/home/user/.m2/repository/org/apache/kerby/kerby-asn1/1.0.1/kerby-asn1-1.0.1.jar:/home/user/.m2/repository/org/apache/kerby/kerby-util/1.0.1/kerby-util-1.0.1.jar:/home/user/.m2/repository/org/apache/kerby/kerb-common/1.0.1/kerb-common-1.0.1.jar:/home/user/.m2/repository/org/apache/kerby/kerb-crypto/1.0.1/kerb-crypto-1.0.1.jar:/home/user/.m2/repository/org/apache/kerby/kerb-util/1.0.1/kerb-util-1.0.1.jar:/home/user/.m2/repository/org/apache/kerby/token-provider/1.0.1/token-provider-1.0.1.jar:/home/user/.m2/repository/org/apache/kerby/kerb-admin/1.0.1/kerb-admin-1.0.1.jar:/home/user/.m2/repository/org/apache/kerby/kerb-server/1.0.1/kerb-server-1.0.1.jar:/home/user/.m2/repository/org/apache/kerby/kerb-identity/1.0.1/kerb-identity-1.0.1.jar:/home/user/.m2/repository/org/apache/kerby/kerby-xdr/1.0.1/kerby-xdr-1.0.1.jar:/home/user/.m2/repository/com/fasterxml/jackson/core/jackson-databind/2.9.9/jackson-databind-2.9.9.jar:/home/user/.m2/repository/com/fasterxml/jackson/core/jackson-core/2.9.9/jackson-core-2.9.9.jar:/home/user/.m2/repository/org/codehaus/woodstox/stax2-api/3.1.4/stax2-api-3.1.4.jar:/home/user/.m2/repository/com/fasterxml/woodstox/woodstox-core/5.0.3/woodstox-core-5.0.3.jar:/home/user/.m2/repository/dnsjava/dnsjava/2.1.7/dnsjava-2.1.7.jar:/home/user/.m2/repository/org/apache/hadoop/hadoop-hdfs/3.2.0/hadoop-hdfs-3.2.0.jar:/home/user/.m2/repository/org/eclipse/jetty/jetty-util-ajax/9.3.25.v20180904/jetty-util-ajax-9.3.25.v20180904.jar:/home/user/.m2/repository/commons-daemon/commons-daemon/1.0.13/commons-daemon-1.0.13.jar:/home/user/.m2/repository/io/netty/netty/3.10.5.Final/netty-3.10.5.Final.jar:/home/user/.m2/repository/io/netty/netty-all/4.0.52.Final/netty-all-4.0.52.Final.jar:/home/user/.m2/repository/org/fusesource/leveldbjni/leveldbjni-all/1.8/leveldbjni-all-1.8.jar:/home/user/.m2/repository/com/sun/xml/bind/jaxb-core/2.3.0.1/jaxb-core-2.3.0.1.jar:/home/user/.m2/repository/javax/xml/bind/jaxb-api/2.3.0/jaxb-api-2.3.0.jar:/home/user/.m2/repository/javax/activation/activation/1.1.1/activation-1.1.1.jar:/home/user/.m2/repository/io/dropwizard/metrics/metrics-core/3.2.4/metrics-core-3.2.4.jar:/home/user/.m2/repository/org/openjdk/jmh/jmh-core/1.19/jmh-core-1.19.jar:/home/user/.m2/repository/net/sf/jopt-simple/jopt-simple/4.6/jopt-simple-4.6.jar:/home/user/.m2/repository/org/openjdk/jmh/jmh-generator-annprocess/1.19/jmh-generator-annprocess-1.19.jar:/home/user/.m2/repository/com/amazonaws/aws-java-sdk-s3/1.11.615/aws-java-sdk-s3-1.11.615.jar:/home/user/.m2/repository/com/amazonaws/aws-java-sdk-kms/1.11.615/aws-java-sdk-kms-1.11.615.jar:/home/user/.m2/repository/com/amazonaws/aws-java-sdk-core/1.11.615/aws-java-sdk-core-1.11.615.jar:/home/user/.m2/repository/software/amazon/ion/ion-java/1.0.2/ion-java-1.0.2.jar:/home/user/.m2/repository/com/fasterxml/jackson/dataformat/jackson-dataformat-cbor/2.9.9/jackson-dataformat-cbor-2.9.9.jar:/home/user/.m2/repository/joda-time/joda-time/2.9.9/joda-time-2.9.9.jar:/home/user/.m2/repository/com/amazonaws/jmespath-java/1.11.615/jmespath-java-1.11.615.jar:/home/user/.m2/repository/com/google/code/findbugs/findbugs/3.0.1/findbugs-3.0.1.jar:/home/user/.m2/repository/net/jcip/jcip-annotations/1.0/jcip-annotations-1.0.jar:/home/user/.m2/repository/com/google/code/findbugs/bcel-findbugs/6.0/bcel-findbugs-6.0.jar:/home/user/.m2/repository/com/google/code/findbugs/jFormatString/2.0.1/jFormatString-2.0.1.jar:/home/user/.m2/repository/dom4j/dom4j/1.6.1/dom4j-1.6.1.jar:/home/user/.m2/repository/xml-apis/xml-apis/1.0.b2/xml-apis-1.0.b2.jar:/home/user/.m2/repository/org/ow2/asm/asm-debug-all/5.0.2/asm-debug-all-5.0.2.jar:/home/user/.m2/repository/org/ow2/asm/asm-commons/5.0.2/asm-commons-5.0.2.jar:/home/user/.m2/repository/org/ow2/asm/asm-tree/5.0.2/asm-tree-5.0.2.jar:/home/user/.m2/repository/org/ow2/asm/asm/5.0.4/asm-5.0.4.jar:/home/user/.m2/repository/commons-lang/commons-lang/2.6/commons-lang-2.6.jar:/home/user/.m2/repository/com/apple/AppleJavaExtensions/1.4/AppleJavaExtensions-1.4.jar:/home/user/.m2/repository/jaxen/jaxen/1.1.6/jaxen-1.1.6.jar:/home/user/.m2/repository/junit/junit/4.11/junit-4.11.jar:/home/user/.m2/repository/org/hamcrest/hamcrest-core/1.3/hamcrest-core-1.3.jar:/home/user/.m2/repository/org/apache/hadoop/hadoop-common/3.2.0/hadoop-common-3.2.0-tests.jar:/workdir/hadoop-ozone/integration-test/target/test-classes:/home/user/.m2/repository/org/apache/hadoop/hadoop-ozone-s3gateway/0.5.0-SNAPSHOT/hadoop-ozone-s3gateway-0.5.0-SNAPSHOT.jar:/home/user/.m2/repository/org/jboss/weld/servlet/weld-servlet/2.4.7.Final/weld-servlet-2.4.7.Final.jar:/home/user/.m2/repository/org/glassfish/jersey/containers/jersey-container-servlet-core/2.27/jersey-container-servlet-core-2.27.jar:/home/user/.m2/repository/org/glassfish/hk2/external/javax.inject/2.5.0-b42/javax.inject-2.5.0-b42.jar:/home/user/.m2/repository/org/glassfish/jersey/core/jersey-common/2.27/jersey-common-2.27.jar:/home/user/.m2/repository/org/glassfish/hk2/osgi-resource-locator/1.0.1/osgi-resource-locator-1.0.1.jar:/home/user/.m2/repository/javax/ws/rs/javax.ws.rs-api/2.1/javax.ws.rs-api-2.1.jar:/home/user/.m2/repository/org/glassfish/jersey/ext/cdi/jersey-cdi1x/2.27/jersey-cdi1x-2.27.jar:/home/user/.m2/repository/org/glassfish/jersey/inject/jersey-hk2/2.27/jersey-hk2-2.27.jar:/home/user/.m2/repository/org/glassfish/hk2/hk2-locator/2.5.0-b42/hk2-locator-2.5.0-b42.jar:/home/user/.m2/repository/org/javassist/javassist/3.22.0-CR2/javassist-3.22.0-CR2.jar:/home/user/.m2/repository/org/glassfish/hk2/hk2-api/2.5.0/hk2-api-2.5.0.jar:/home/user/.m2/repository/org/glassfish/hk2/external/jakarta.inject/2.5.0/jakarta.inject-2.5.0.jar:/home/user/.m2/repository/org/glassfish/hk2/hk2-utils/2.5.0/hk2-utils-2.5.0.jar:/home/user/.m2/repository/jakarta/annotation/jakarta.annotation-api/1.3.4/jakarta.annotation-api-1.3.4.jar:/home/user/.m2/repository/org/glassfish/hk2/external/aopalliance-repackaged/2.5.0/aopalliance-repackaged-2.5.0.jar:/home/user/.m2/repository/com/fasterxml/jackson/dataformat/jackson-dataformat-xml/2.9.0/jackson-dataformat-xml-2.9.0.jar:/home/user/.m2/repository/com/fasterxml/jackson/module/jackson-module-jaxb-annotations/2.9.9/jackson-module-jaxb-annotations-2.9.9.jar:/home/user/.m2/repository/javax/enterprise/cdi-api/1.2/cdi-api-1.2.jar:/home/user/.m2/repository/javax/el/javax.el-api/3.0.0/javax.el-api-3.0.0.jar:/home/user/.m2/repository/javax/interceptor/javax.interceptor-api/1.2/javax.interceptor-api-1.2.jar:/home/user/.m2/repository/javax/inject/javax.inject/1/javax.inject-1.jar:/home/user/.m2/repository/org/apache/hadoop/hadoop-ozone-csi/0.5.0-SNAPSHOT/hadoop-ozone-csi-0.5.0-SNAPSHOT.jar:/home/user/.m2/repository/com/google/protobuf/protobuf-java-util/3.5.1/protobuf-java-util-3.5.1.jar:/home/user/.m2/repository/io/grpc/grpc-netty/1.17.1/grpc-netty-1.17.1.jar:/home/user/.m2/repository/io/grpc/grpc-core/1.17.1/grpc-core-1.17.1.jar:/home/user/.m2/repository/io/grpc/grpc-context/1.17.1/grpc-context-1.17.1.jar:/home/user/.m2/repository/com/google/errorprone/error_prone_annotations/2.2.0/error_prone_annotations-2.2.0.jar:/home/user/.m2/repository/org/codehaus/mojo/animal-sniffer-annotations/1.17/animal-sniffer-annotations-1.17.jar:/home/user/.m2/repository/io/opencensus/opencensus-api/0.17.0/opencensus-api-0.17.0.jar:/home/user/.m2/repository/io/opencensus/opencensus-contrib-grpc-metrics/0.17.0/opencensus-contrib-grpc-metrics-0.17.0.jar:/home/user/.m2/repository/io/netty/netty-codec-http2/4.1.30.Final/netty-codec-http2-4.1.30.Final.jar:/home/user/.m2/repository/io/netty/netty-codec-http/4.1.30.Final/netty-codec-http-4.1.30.Final.jar:/home/user/.m2/repository/io/netty/netty-codec/4.1.30.Final/netty-codec-4.1.30.Final.jar:/home/user/.m2/repository/io/netty/netty-handler/4.1.30.Final/netty-handler-4.1.30.Final.jar:/home/user/.m2/repository/io/netty/netty-handler-proxy/4.1.30.Final/netty-handler-proxy-4.1.30.Final.jar:/home/user/.m2/repository/io/netty/netty-codec-socks/4.1.30.Final/netty-codec-socks-4.1.30.Final.jar:/home/user/.m2/repository/io/netty/netty-transport-native-epoll/4.1.30.Final/netty-transport-native-epoll-4.1.30.Final.jar:/home/user/.m2/repository/io/netty/netty-common/4.1.30.Final/netty-common-4.1.30.Final.jar:/home/user/.m2/repository/io/netty/netty-buffer/4.1.30.Final/netty-buffer-4.1.30.Final.jar:/home/user/.m2/repository/io/netty/netty-transport/4.1.30.Final/netty-transport-4.1.30.Final.jar:/home/user/.m2/repository/io/netty/netty-resolver/4.1.30.Final/netty-resolver-4.1.30.Final.jar:/home/user/.m2/repository/io/netty/netty-transport-native-unix-common/4.1.30.Final/netty-transport-native-unix-common-4.1.30.Final.jar:/home/user/.m2/repository/io/grpc/grpc-protobuf/1.17.1/grpc-protobuf-1.17.1.jar:/home/user/.m2/repository/com/google/api/grpc/proto-google-common-protos/1.0.0/proto-google-common-protos-1.0.0.jar:/home/user/.m2/repository/io/grpc/grpc-protobuf-lite/1.17.1/grpc-protobuf-lite-1.17.1.jar:/home/user/.m2/repository/io/grpc/grpc-stub/1.17.1/grpc-stub-1.17.1.jar:/home/user/.m2/repository/org/apache/hadoop/hadoop-ozone-recon/0.5.0-SNAPSHOT/hadoop-ozone-recon-0.5.0-SNAPSHOT.jar:/home/user/.m2/repository/org/apache/hadoop/hadoop-ozone-reconcodegen/0.5.0-SNAPSHOT/hadoop-ozone-reconcodegen-0.5.0-SNAPSHOT.jar:/home/user/.m2/repository/com/google/inject/extensions/guice-multibindings/4.0/guice-multibindings-4.0.jar:/home/user/.m2/repository/com/google/inject/guice/4.0/guice-4.0.jar:/home/user/.m2/repository/aopalliance/aopalliance/1.0/aopalliance-1.0.jar:/home/user/.m2/repository/com/google/inject/extensions/guice-servlet/4.0/guice-servlet-4.0.jar:/home/user/.m2/repository/org/glassfish/jersey/containers/jersey-container-servlet/2.27/jersey-container-servlet-2.27.jar:/home/user/.m2/repository/org/glassfish/hk2/guice-bridge/2.5.0/guice-bridge-2.5.0.jar:/home/user/.m2/repository/org/glassfish/jersey/core/jersey-server/2.27/jersey-server-2.27.jar:/home/user/.m2/repository/org/glassfish/jersey/core/jersey-client/2.27/jersey-client-2.27.jar:/home/user/.m2/repository/org/glassfish/jersey/media/jersey-media-jaxb/2.27/jersey-media-jaxb-2.27.jar:/home/user/.m2/repository/javax/validation/validation-api/1.1.0.Final/validation-api-1.1.0.Final.jar:/home/user/.m2/repository/org/glassfish/jersey/media/jersey-media-json-jackson/2.27/jersey-media-json-jackson-2.27.jar:/home/user/.m2/repository/org/glassfish/jersey/ext/jersey-entity-filtering/2.27/jersey-entity-filtering-2.27.jar:/home/user/.m2/repository/com/google/inject/extensions/guice-assistedinject/4.0/guice-assistedinject-4.0.jar:/home/user/.m2/repository/org/jooq/jooq/3.11.10/jooq-3.11.10.jar:/home/user/.m2/repository/org/jooq/jooq-meta/3.11.10/jooq-meta-3.11.10.jar:/home/user/.m2/repository/org/jooq/jooq-codegen/3.11.10/jooq-codegen-3.11.10.jar:/home/user/.m2/repository/com/jolbox/bonecp/0.8.0.RELEASE/bonecp-0.8.0.RELEASE.jar:/home/user/.m2/repository/org/springframework/spring-jdbc/5.1.3.RELEASE/spring-jdbc-5.1.3.RELEASE.jar:/home/user/.m2/repository/org/springframework/spring-beans/5.1.3.RELEASE/spring-beans-5.1.3.RELEASE.jar:/home/user/.m2/repository/org/springframework/spring-core/5.1.3.RELEASE/spring-core-5.1.3.RELEASE.jar:/home/user/.m2/repository/org/springframework/spring-jcl/5.1.3.RELEASE/spring-jcl-5.1.3.RELEASE.jar:/home/user/.m2/repository/org/springframework/spring-tx/5.1.3.RELEASE/spring-tx-5.1.3.RELEASE.jar:/home/user/.m2/repository/org/mockito/mockito-core/2.15.0/mockito-core-2.15.0.jar:/home/user/.m2/repository/net/bytebuddy/byte-buddy/1.7.9/byte-buddy-1.7.9.jar:/home/user/.m2/repository/net/bytebuddy/byte-buddy-agent/1.7.9/byte-buddy-agent-1.7.9.jar:/home/user/.m2/repository/org/objenesis/objenesis/1.0/objenesis-1.0.jar:"/>
    <property name="java.vm.vendor" value="IcedTea"/>
    <property name="sun.arch.data.model" value="64"/>
    <property name="test.build.dir" value="/workdir/hadoop-ozone/tools/target/test-dir"/>
    <property name="test.cache.data" value=""/>
    <property name="java.vendor.url" value="https://icedtea.classpath.org"/>
    <property name="user.timezone" value=""/>
    <property name="java.vm.specification.version" value="1.8"/>
    <property name="os.name" value="Linux"/>
    <property name="test.build.data" value="/workdir/hadoop-ozone/tools/target/test-dir"/>
    <property name="user.country" value="US"/>
    <property name="sun.java.launcher" value="SUN_STANDARD"/>
    <property name="sun.boot.library.path" value="/usr/lib/jvm/java-1.8-openjdk/jre/lib/amd64"/>
    <property name="sun.java.command" value="/workdir/hadoop-ozone/tools/target/surefire/surefirebooter7932198126808818565.jar /workdir/hadoop-ozone/tools/target/surefire 2019-09-25T04-01-08_071-jvmRun1 surefire3377931435152519243tmp surefire_1114987469607308360278tmp"/>
    <property name="test" value="!TestMiniChaosOzoneCluster"/>
    <property name="surefire.test.class.path" value="/workdir/hadoop-ozone/tools/target/test-classes:/workdir/hadoop-ozone/tools/target/classes:/home/user/.m2/repository/org/apache/hadoop/hadoop-ozone-ozone-manager/0.5.0-SNAPSHOT/hadoop-ozone-ozone-manager-0.5.0-SNAPSHOT.jar:/home/user/.m2/repository/org/apache/hadoop/hadoop-hdds-docs/0.5.0-SNAPSHOT/hadoop-hdds-docs-0.5.0-SNAPSHOT.jar:/home/user/.m2/repository/org/bouncycastle/bcprov-jdk15on/1.60/bcprov-jdk15on-1.60.jar:/home/user/.m2/repository/org/apache/hadoop/hadoop-ozone-common/0.5.0-SNAPSHOT/hadoop-ozone-common-0.5.0-SNAPSHOT.jar:/home/user/.m2/repository/org/apache/commons/commons-compress/1.4.1/commons-compress-1.4.1.jar:/home/user/.m2/repository/org/tukaani/xz/1.0/xz-1.0.jar:/home/user/.m2/repository/org/apache/hadoop/hadoop-hdfs-client/3.2.0/hadoop-hdfs-client-3.2.0.jar:/home/user/.m2/repository/com/fasterxml/jackson/core/jackson-annotations/2.9.9/jackson-annotations-2.9.9.jar:/home/user/.m2/repository/org/apache/hadoop/hadoop-hdds-common/0.5.0-SNAPSHOT/hadoop-hdds-common-0.5.0-SNAPSHOT.jar:/home/user/.m2/repository/org/apache/hadoop/hadoop-hdds-config/0.5.0-SNAPSHOT/hadoop-hdds-config-0.5.0-SNAPSHOT.jar:/home/user/.m2/repository/javax/annotation/javax.annotation-api/1.2/javax.annotation-api-1.2.jar:/home/user/.m2/repository/org/apache/ratis/ratis-server/0.4.0/ratis-server-0.4.0.jar:/home/user/.m2/repository/org/apache/ratis/ratis-thirdparty-misc/0.2.0/ratis-thirdparty-misc-0.2.0.jar:/home/user/.m2/repository/org/apache/ratis/ratis-proto/0.4.0/ratis-proto-0.4.0.jar:/home/user/.m2/repository/org/apache/ratis/ratis-common/0.4.0/ratis-common-0.4.0.jar:/home/user/.m2/repository/org/apache/ratis/ratis-client/0.4.0/ratis-client-0.4.0.jar:/home/user/.m2/repository/org/apache/ratis/ratis-metrics/0.4.0/ratis-metrics-0.4.0.jar:/home/user/.m2/repository/com/github/joshelser/dropwizard-metrics-hadoop-metrics2-reporter/0.1.2/dropwizard-metrics-hadoop-metrics2-reporter-0.1.2.jar:/home/user/.m2/repository/io/dropwizard/metrics/metrics-jvm/3.2.5/metrics-jvm-3.2.5.jar:/home/user/.m2/repository/io/dropwizard/metrics/metrics-ganglia/3.2.5/metrics-ganglia-3.2.5.jar:/home/user/.m2/repository/info/ganglia/gmetric4j/gmetric4j/1.0.7/gmetric4j-1.0.7.jar:/home/user/.m2/repository/org/apache/ratis/ratis-netty/0.4.0/ratis-netty-0.4.0.jar:/home/user/.m2/repository/org/apache/ratis/ratis-grpc/0.4.0/ratis-grpc-0.4.0.jar:/home/user/.m2/repository/org/rocksdb/rocksdbjni/6.0.1/rocksdbjni-6.0.1.jar:/home/user/.m2/repository/org/apache/logging/log4j/log4j-api/2.11.0/log4j-api-2.11.0.jar:/home/user/.m2/repository/org/apache/logging/log4j/log4j-core/2.11.0/log4j-core-2.11.0.jar:/home/user/.m2/repository/com/lmax/disruptor/3.4.2/disruptor-3.4.2.jar:/home/user/.m2/repository/org/apache/commons/commons-pool2/2.6.0/commons-pool2-2.6.0.jar:/home/user/.m2/repository/org/bouncycastle/bcpkix-jdk15on/1.60/bcpkix-jdk15on-1.60.jar:/home/user/.m2/repository/commons-validator/commons-validator/1.6/commons-validator-1.6.jar:/home/user/.m2/repository/commons-digester/commons-digester/1.8.1/commons-digester-1.8.1.jar:/home/user/.m2/repository/io/jaegertracing/jaeger-client/0.34.0/jaeger-client-0.34.0.jar:/home/user/.m2/repository/io/jaegertracing/jaeger-thrift/0.34.0/jaeger-thrift-0.34.0.jar:/home/user/.m2/repository/org/apache/thrift/libthrift/0.12.0/libthrift-0.12.0.jar:/home/user/.m2/repository/com/squareup/okhttp3/okhttp/3.9.0/okhttp-3.9.0.jar:/home/user/.m2/repository/com/squareup/okio/okio/1.13.0/okio-1.13.0.jar:/home/user/.m2/repository/io/jaegertracing/jaeger-core/0.34.0/jaeger-core-0.34.0.jar:/home/user/.m2/repository/io/jaegertracing/jaeger-tracerresolver/0.34.0/jaeger-tracerresolver-0.34.0.jar:/home/user/.m2/repository/io/opentracing/contrib/opentracing-tracerresolver/0.1.5/opentracing-tracerresolver-0.1.5.jar:/home/user/.m2/repository/io/opentracing/opentracing-util/0.31.0/opentracing-util-0.31.0.jar:/home/user/.m2/repository/io/opentracing/opentracing-api/0.31.0/opentracing-api-0.31.0.jar:/home/user/.m2/repository/io/opentracing/opentracing-noop/0.31.0/opentracing-noop-0.31.0.jar:/home/user/.m2/repository/org/yaml/snakeyaml/1.16/snakeyaml-1.16.jar:/home/user/.m2/repository/org/apache/hadoop/hadoop-hdds-container-service/0.5.0-SNAPSHOT/hadoop-hdds-container-service-0.5.0-SNAPSHOT.jar:/home/user/.m2/repository/org/apache/hadoop/hadoop-hdds-client/0.5.0-SNAPSHOT/hadoop-hdds-client-0.5.0-SNAPSHOT.jar:/home/user/.m2/repository/org/apache/hadoop/hadoop-hdds-tools/0.5.0-SNAPSHOT/hadoop-hdds-tools-0.5.0-SNAPSHOT.jar:/home/user/.m2/repository/org/xerial/sqlite-jdbc/3.25.2/sqlite-jdbc-3.25.2.jar:/home/user/.m2/repository/org/apache/hadoop/hadoop-hdds-server-scm/0.5.0-SNAPSHOT/hadoop-hdds-server-scm-0.5.0-SNAPSHOT.jar:/home/user/.m2/repository/org/hamcrest/hamcrest-all/1.3/hamcrest-all-1.3.jar:/home/user/.m2/repository/info/picocli/picocli/3.9.6/picocli-3.9.6.jar:/home/user/.m2/repository/com/google/protobuf/protobuf-java/2.5.0/protobuf-java-2.5.0.jar:/home/user/.m2/repository/com/google/guava/guava/11.0.2/guava-11.0.2.jar:/home/user/.m2/repository/org/apache/hadoop/hadoop-ozone-client/0.5.0-SNAPSHOT/hadoop-ozone-client-0.5.0-SNAPSHOT.jar:/workdir/hadoop-ozone/ozonefs/target/classes:/home/user/.m2/repository/org/apache/hadoop/hadoop-hdds-server-framework/0.5.0-SNAPSHOT/hadoop-hdds-server-framework-0.5.0-SNAPSHOT.jar:/home/user/.m2/repository/org/apache/hadoop/hadoop-common/3.2.0/hadoop-common-3.2.0.jar:/home/user/.m2/repository/org/apache/hadoop/hadoop-annotations/3.2.0/hadoop-annotations-3.2.0.jar:/usr/lib/jvm/java-1.8-openjdk/jre/../lib/tools.jar:/home/user/.m2/repository/commons-cli/commons-cli/1.2/commons-cli-1.2.jar:/home/user/.m2/repository/org/apache/commons/commons-math3/3.1.1/commons-math3-3.1.1.jar:/home/user/.m2/repository/org/apache/httpcomponents/httpclient/4.5.2/httpclient-4.5.2.jar:/home/user/.m2/repository/org/apache/httpcomponents/httpcore/4.4.4/httpcore-4.4.4.jar:/home/user/.m2/repository/commons-codec/commons-codec/1.11/commons-codec-1.11.jar:/home/user/.m2/repository/commons-io/commons-io/2.5/commons-io-2.5.jar:/home/user/.m2/repository/commons-net/commons-net/3.6/commons-net-3.6.jar:/home/user/.m2/repository/commons-collections/commons-collections/3.2.2/commons-collections-3.2.2.jar:/home/user/.m2/repository/javax/servlet/javax.servlet-api/3.1.0/javax.servlet-api-3.1.0.jar:/home/user/.m2/repository/org/eclipse/jetty/jetty-server/9.3.25.v20180904/jetty-server-9.3.25.v20180904.jar:/home/user/.m2/repository/org/eclipse/jetty/jetty-http/9.3.25.v20180904/jetty-http-9.3.25.v20180904.jar:/home/user/.m2/repository/org/eclipse/jetty/jetty-io/9.3.25.v20180904/jetty-io-9.3.25.v20180904.jar:/home/user/.m2/repository/org/eclipse/jetty/jetty-util/9.3.25.v20180904/jetty-util-9.3.25.v20180904.jar:/home/user/.m2/repository/org/eclipse/jetty/jetty-servlet/9.3.25.v20180904/jetty-servlet-9.3.25.v20180904.jar:/home/user/.m2/repository/org/eclipse/jetty/jetty-security/9.3.25.v20180904/jetty-security-9.3.25.v20180904.jar:/home/user/.m2/repository/org/eclipse/jetty/jetty-webapp/9.3.25.v20180904/jetty-webapp-9.3.25.v20180904.jar:/home/user/.m2/repository/org/eclipse/jetty/jetty-xml/9.3.25.v20180904/jetty-xml-9.3.25.v20180904.jar:/home/user/.m2/repository/javax/servlet/jsp/jsp-api/2.1/jsp-api-2.1.jar:/home/user/.m2/repository/com/sun/jersey/jersey-core/1.19/jersey-core-1.19.jar:/home/user/.m2/repository/javax/ws/rs/jsr311-api/1.1.1/jsr311-api-1.1.1.jar:/home/user/.m2/repository/com/sun/jersey/jersey-servlet/1.19/jersey-servlet-1.19.jar:/home/user/.m2/repository/com/sun/jersey/jersey-json/1.19/jersey-json-1.19.jar:/home/user/.m2/repository/org/codehaus/jettison/jettison/1.1/jettison-1.1.jar:/home/user/.m2/repository/com/sun/xml/bind/jaxb-impl/2.3.0.1/jaxb-impl-2.3.0.1.jar:/home/user/.m2/repository/org/codehaus/jackson/jackson-core-asl/1.9.13/jackson-core-asl-1.9.13.jar:/home/user/.m2/repository/org/codehaus/jackson/jackson-mapper-asl/1.9.13/jackson-mapper-asl-1.9.13.jar:/home/user/.m2/repository/org/codehaus/jackson/jackson-jaxrs/1.9.13/jackson-jaxrs-1.9.13.jar:/home/user/.m2/repository/org/codehaus/jackson/jackson-xc/1.9.13/jackson-xc-1.9.13.jar:/home/user/.m2/repository/com/sun/jersey/jersey-server/1.19/jersey-server-1.19.jar:/home/user/.m2/repository/commons-logging/commons-logging/1.1.3/commons-logging-1.1.3.jar:/home/user/.m2/repository/log4j/log4j/1.2.17/log4j-1.2.17.jar:/home/user/.m2/repository/commons-beanutils/commons-beanutils/1.9.4/commons-beanutils-1.9.4.jar:/home/user/.m2/repository/org/apache/commons/commons-configuration2/2.1.1/commons-configuration2-2.1.1.jar:/home/user/.m2/repository/org/apache/commons/commons-lang3/3.7/commons-lang3-3.7.jar:/home/user/.m2/repository/org/apache/commons/commons-text/1.4/commons-text-1.4.jar:/home/user/.m2/repository/org/slf4j/slf4j-api/1.7.25/slf4j-api-1.7.25.jar:/home/user/.m2/repository/org/slf4j/slf4j-log4j12/1.7.25/slf4j-log4j12-1.7.25.jar:/home/user/.m2/repository/org/apache/avro/avro/1.7.7/avro-1.7.7.jar:/home/user/.m2/repository/com/thoughtworks/paranamer/paranamer/2.3/paranamer-2.3.jar:/home/user/.m2/repository/org/xerial/snappy/snappy-java/1.0.5/snappy-java-1.0.5.jar:/home/user/.m2/repository/com/google/re2j/re2j/1.1/re2j-1.1.jar:/home/user/.m2/repository/com/google/code/gson/gson/2.2.4/gson-2.2.4.jar:/home/user/.m2/repository/org/apache/hadoop/hadoop-auth/3.2.0/hadoop-auth-3.2.0.jar:/home/user/.m2/repository/com/nimbusds/nimbus-jose-jwt/4.41.1/nimbus-jose-jwt-4.41.1.jar:/home/user/.m2/repository/com/github/stephenc/jcip/jcip-annotations/1.0-1/jcip-annotations-1.0-1.jar:/home/user/.m2/repository/net/minidev/json-smart/2.3/json-smart-2.3.jar:/home/user/.m2/repository/net/minidev/accessors-smart/1.2/accessors-smart-1.2.jar:/home/user/.m2/repository/org/apache/curator/curator-framework/2.12.0/curator-framework-2.12.0.jar:/home/user/.m2/repository/com/jcraft/jsch/0.1.54/jsch-0.1.54.jar:/home/user/.m2/repository/org/apache/curator/curator-client/2.12.0/curator-client-2.12.0.jar:/home/user/.m2/repository/org/apache/curator/curator-recipes/2.12.0/curator-recipes-2.12.0.jar:/home/user/.m2/repository/com/google/code/findbugs/jsr305/3.0.0/jsr305-3.0.0.jar:/home/user/.m2/repository/org/apache/htrace/htrace-core4/4.1.0-incubating/htrace-core4-4.1.0-incubating.jar:/home/user/.m2/repository/org/apache/zookeeper/zookeeper/3.4.13/zookeeper-3.4.13.jar:/home/user/.m2/repository/jline/jline/0.9.94/jline-0.9.94.jar:/home/user/.m2/repository/org/apache/yetus/audience-annotations/0.5.0/audience-annotations-0.5.0.jar:/home/user/.m2/repository/org/apache/kerby/kerb-simplekdc/1.0.1/kerb-simplekdc-1.0.1.jar:/home/user/.m2/repository/org/apache/kerby/kerb-client/1.0.1/kerb-client-1.0.1.jar:/home/user/.m2/repository/org/apache/kerby/kerby-config/1.0.1/kerby-config-1.0.1.jar:/home/user/.m2/repository/org/apache/kerby/kerb-core/1.0.1/kerb-core-1.0.1.jar:/home/user/.m2/repository/org/apache/kerby/kerby-pkix/1.0.1/kerby-pkix-1.0.1.jar:/home/user/.m2/repository/org/apache/kerby/kerby-asn1/1.0.1/kerby-asn1-1.0.1.jar:/home/user/.m2/repository/org/apache/kerby/kerby-util/1.0.1/kerby-util-1.0.1.jar:/home/user/.m2/repository/org/apache/kerby/kerb-common/1.0.1/kerb-common-1.0.1.jar:/home/user/.m2/repository/org/apache/kerby/kerb-crypto/1.0.1/kerb-crypto-1.0.1.jar:/home/user/.m2/repository/org/apache/kerby/kerb-util/1.0.1/kerb-util-1.0.1.jar:/home/user/.m2/repository/org/apache/kerby/token-provider/1.0.1/token-provider-1.0.1.jar:/home/user/.m2/repository/org/apache/kerby/kerb-admin/1.0.1/kerb-admin-1.0.1.jar:/home/user/.m2/repository/org/apache/kerby/kerb-server/1.0.1/kerb-server-1.0.1.jar:/home/user/.m2/repository/org/apache/kerby/kerb-identity/1.0.1/kerb-identity-1.0.1.jar:/home/user/.m2/repository/org/apache/kerby/kerby-xdr/1.0.1/kerby-xdr-1.0.1.jar:/home/user/.m2/repository/com/fasterxml/jackson/core/jackson-databind/2.9.9/jackson-databind-2.9.9.jar:/home/user/.m2/repository/com/fasterxml/jackson/core/jackson-core/2.9.9/jackson-core-2.9.9.jar:/home/user/.m2/repository/org/codehaus/woodstox/stax2-api/3.1.4/stax2-api-3.1.4.jar:/home/user/.m2/repository/com/fasterxml/woodstox/woodstox-core/5.0.3/woodstox-core-5.0.3.jar:/home/user/.m2/repository/dnsjava/dnsjava/2.1.7/dnsjava-2.1.7.jar:/home/user/.m2/repository/org/apache/hadoop/hadoop-hdfs/3.2.0/hadoop-hdfs-3.2.0.jar:/home/user/.m2/repository/org/eclipse/jetty/jetty-util-ajax/9.3.25.v20180904/jetty-util-ajax-9.3.25.v20180904.jar:/home/user/.m2/repository/commons-daemon/commons-daemon/1.0.13/commons-daemon-1.0.13.jar:/home/user/.m2/repository/io/netty/netty/3.10.5.Final/netty-3.10.5.Final.jar:/home/user/.m2/repository/io/netty/netty-all/4.0.52.Final/netty-all-4.0.52.Final.jar:/home/user/.m2/repository/org/fusesource/leveldbjni/leveldbjni-all/1.8/leveldbjni-all-1.8.jar:/home/user/.m2/repository/com/sun/xml/bind/jaxb-core/2.3.0.1/jaxb-core-2.3.0.1.jar:/home/user/.m2/repository/javax/xml/bind/jaxb-api/2.3.0/jaxb-api-2.3.0.jar:/home/user/.m2/repository/javax/activation/activation/1.1.1/activation-1.1.1.jar:/home/user/.m2/repository/io/dropwizard/metrics/metrics-core/3.2.4/metrics-core-3.2.4.jar:/home/user/.m2/repository/org/openjdk/jmh/jmh-core/1.19/jmh-core-1.19.jar:/home/user/.m2/repository/net/sf/jopt-simple/jopt-simple/4.6/jopt-simple-4.6.jar:/home/user/.m2/repository/org/openjdk/jmh/jmh-generator-annprocess/1.19/jmh-generator-annprocess-1.19.jar:/home/user/.m2/repository/com/amazonaws/aws-java-sdk-s3/1.11.615/aws-java-sdk-s3-1.11.615.jar:/home/user/.m2/repository/com/amazonaws/aws-java-sdk-kms/1.11.615/aws-java-sdk-kms-1.11.615.jar:/home/user/.m2/repository/com/amazonaws/aws-java-sdk-core/1.11.615/aws-java-sdk-core-1.11.615.jar:/home/user/.m2/repository/software/amazon/ion/ion-java/1.0.2/ion-java-1.0.2.jar:/home/user/.m2/repository/com/fasterxml/jackson/dataformat/jackson-dataformat-cbor/2.9.9/jackson-dataformat-cbor-2.9.9.jar:/home/user/.m2/repository/joda-time/joda-time/2.9.9/joda-time-2.9.9.jar:/home/user/.m2/repository/com/amazonaws/jmespath-java/1.11.615/jmespath-java-1.11.615.jar:/home/user/.m2/repository/com/google/code/findbugs/findbugs/3.0.1/findbugs-3.0.1.jar:/home/user/.m2/repository/net/jcip/jcip-annotations/1.0/jcip-annotations-1.0.jar:/home/user/.m2/repository/com/google/code/findbugs/bcel-findbugs/6.0/bcel-findbugs-6.0.jar:/home/user/.m2/repository/com/google/code/findbugs/jFormatString/2.0.1/jFormatString-2.0.1.jar:/home/user/.m2/repository/dom4j/dom4j/1.6.1/dom4j-1.6.1.jar:/home/user/.m2/repository/xml-apis/xml-apis/1.0.b2/xml-apis-1.0.b2.jar:/home/user/.m2/repository/org/ow2/asm/asm-debug-all/5.0.2/asm-debug-all-5.0.2.jar:/home/user/.m2/repository/org/ow2/asm/asm-commons/5.0.2/asm-commons-5.0.2.jar:/home/user/.m2/repository/org/ow2/asm/asm-tree/5.0.2/asm-tree-5.0.2.jar:/home/user/.m2/repository/org/ow2/asm/asm/5.0.4/asm-5.0.4.jar:/home/user/.m2/repository/commons-lang/commons-lang/2.6/commons-lang-2.6.jar:/home/user/.m2/repository/com/apple/AppleJavaExtensions/1.4/AppleJavaExtensions-1.4.jar:/home/user/.m2/repository/jaxen/jaxen/1.1.6/jaxen-1.1.6.jar:/home/user/.m2/repository/junit/junit/4.11/junit-4.11.jar:/home/user/.m2/repository/org/hamcrest/hamcrest-core/1.3/hamcrest-core-1.3.jar:/home/user/.m2/repository/org/apache/hadoop/hadoop-common/3.2.0/hadoop-common-3.2.0-tests.jar:/workdir/hadoop-ozone/integration-test/target/test-classes:/home/user/.m2/repository/org/apache/hadoop/hadoop-ozone-s3gateway/0.5.0-SNAPSHOT/hadoop-ozone-s3gateway-0.5.0-SNAPSHOT.jar:/home/user/.m2/repository/org/jboss/weld/servlet/weld-servlet/2.4.7.Final/weld-servlet-2.4.7.Final.jar:/home/user/.m2/repository/org/glassfish/jersey/containers/jersey-container-servlet-core/2.27/jersey-container-servlet-core-2.27.jar:/home/user/.m2/repository/org/glassfish/hk2/external/javax.inject/2.5.0-b42/javax.inject-2.5.0-b42.jar:/home/user/.m2/repository/org/glassfish/jersey/core/jersey-common/2.27/jersey-common-2.27.jar:/home/user/.m2/repository/org/glassfish/hk2/osgi-resource-locator/1.0.1/osgi-resource-locator-1.0.1.jar:/home/user/.m2/repository/javax/ws/rs/javax.ws.rs-api/2.1/javax.ws.rs-api-2.1.jar:/home/user/.m2/repository/org/glassfish/jersey/ext/cdi/jersey-cdi1x/2.27/jersey-cdi1x-2.27.jar:/home/user/.m2/repository/org/glassfish/jersey/inject/jersey-hk2/2.27/jersey-hk2-2.27.jar:/home/user/.m2/repository/org/glassfish/hk2/hk2-locator/2.5.0-b42/hk2-locator-2.5.0-b42.jar:/home/user/.m2/repository/org/javassist/javassist/3.22.0-CR2/javassist-3.22.0-CR2.jar:/home/user/.m2/repository/org/glassfish/hk2/hk2-api/2.5.0/hk2-api-2.5.0.jar:/home/user/.m2/repository/org/glassfish/hk2/external/jakarta.inject/2.5.0/jakarta.inject-2.5.0.jar:/home/user/.m2/repository/org/glassfish/hk2/hk2-utils/2.5.0/hk2-utils-2.5.0.jar:/home/user/.m2/repository/jakarta/annotation/jakarta.annotation-api/1.3.4/jakarta.annotation-api-1.3.4.jar:/home/user/.m2/repository/org/glassfish/hk2/external/aopalliance-repackaged/2.5.0/aopalliance-repackaged-2.5.0.jar:/home/user/.m2/repository/com/fasterxml/jackson/dataformat/jackson-dataformat-xml/2.9.0/jackson-dataformat-xml-2.9.0.jar:/home/user/.m2/repository/com/fasterxml/jackson/module/jackson-module-jaxb-annotations/2.9.9/jackson-module-jaxb-annotations-2.9.9.jar:/home/user/.m2/repository/javax/enterprise/cdi-api/1.2/cdi-api-1.2.jar:/home/user/.m2/repository/javax/el/javax.el-api/3.0.0/javax.el-api-3.0.0.jar:/home/user/.m2/repository/javax/interceptor/javax.interceptor-api/1.2/javax.interceptor-api-1.2.jar:/home/user/.m2/repository/javax/inject/javax.inject/1/javax.inject-1.jar:/home/user/.m2/repository/org/apache/hadoop/hadoop-ozone-csi/0.5.0-SNAPSHOT/hadoop-ozone-csi-0.5.0-SNAPSHOT.jar:/home/user/.m2/repository/com/google/protobuf/protobuf-java-util/3.5.1/protobuf-java-util-3.5.1.jar:/home/user/.m2/repository/io/grpc/grpc-netty/1.17.1/grpc-netty-1.17.1.jar:/home/user/.m2/repository/io/grpc/grpc-core/1.17.1/grpc-core-1.17.1.jar:/home/user/.m2/repository/io/grpc/grpc-context/1.17.1/grpc-context-1.17.1.jar:/home/user/.m2/repository/com/google/errorprone/error_prone_annotations/2.2.0/error_prone_annotations-2.2.0.jar:/home/user/.m2/repository/org/codehaus/mojo/animal-sniffer-annotations/1.17/animal-sniffer-annotations-1.17.jar:/home/user/.m2/repository/io/opencensus/opencensus-api/0.17.0/opencensus-api-0.17.0.jar:/home/user/.m2/repository/io/opencensus/opencensus-contrib-grpc-metrics/0.17.0/opencensus-contrib-grpc-metrics-0.17.0.jar:/home/user/.m2/repository/io/netty/netty-codec-http2/4.1.30.Final/netty-codec-http2-4.1.30.Final.jar:/home/user/.m2/repository/io/netty/netty-codec-http/4.1.30.Final/netty-codec-http-4.1.30.Final.jar:/home/user/.m2/repository/io/netty/netty-codec/4.1.30.Final/netty-codec-4.1.30.Final.jar:/home/user/.m2/repository/io/netty/netty-handler/4.1.30.Final/netty-handler-4.1.30.Final.jar:/home/user/.m2/repository/io/netty/netty-handler-proxy/4.1.30.Final/netty-handler-proxy-4.1.30.Final.jar:/home/user/.m2/repository/io/netty/netty-codec-socks/4.1.30.Final/netty-codec-socks-4.1.30.Final.jar:/home/user/.m2/repository/io/netty/netty-transport-native-epoll/4.1.30.Final/netty-transport-native-epoll-4.1.30.Final.jar:/home/user/.m2/repository/io/netty/netty-common/4.1.30.Final/netty-common-4.1.30.Final.jar:/home/user/.m2/repository/io/netty/netty-buffer/4.1.30.Final/netty-buffer-4.1.30.Final.jar:/home/user/.m2/repository/io/netty/netty-transport/4.1.30.Final/netty-transport-4.1.30.Final.jar:/home/user/.m2/repository/io/netty/netty-resolver/4.1.30.Final/netty-resolver-4.1.30.Final.jar:/home/user/.m2/repository/io/netty/netty-transport-native-unix-common/4.1.30.Final/netty-transport-native-unix-common-4.1.30.Final.jar:/home/user/.m2/repository/io/grpc/grpc-protobuf/1.17.1/grpc-protobuf-1.17.1.jar:/home/user/.m2/repository/com/google/api/grpc/proto-google-common-protos/1.0.0/proto-google-common-protos-1.0.0.jar:/home/user/.m2/repository/io/grpc/grpc-protobuf-lite/1.17.1/grpc-protobuf-lite-1.17.1.jar:/home/user/.m2/repository/io/grpc/grpc-stub/1.17.1/grpc-stub-1.17.1.jar:/home/user/.m2/repository/org/apache/hadoop/hadoop-ozone-recon/0.5.0-SNAPSHOT/hadoop-ozone-recon-0.5.0-SNAPSHOT.jar:/home/user/.m2/repository/org/apache/hadoop/hadoop-ozone-reconcodegen/0.5.0-SNAPSHOT/hadoop-ozone-reconcodegen-0.5.0-SNAPSHOT.jar:/home/user/.m2/repository/com/google/inject/extensions/guice-multibindings/4.0/guice-multibindings-4.0.jar:/home/user/.m2/repository/com/google/inject/guice/4.0/guice-4.0.jar:/home/user/.m2/repository/aopalliance/aopalliance/1.0/aopalliance-1.0.jar:/home/user/.m2/repository/com/google/inject/extensions/guice-servlet/4.0/guice-servlet-4.0.jar:/home/user/.m2/repository/org/glassfish/jersey/containers/jersey-container-servlet/2.27/jersey-container-servlet-2.27.jar:/home/user/.m2/repository/org/glassfish/hk2/guice-bridge/2.5.0/guice-bridge-2.5.0.jar:/home/user/.m2/repository/org/glassfish/jersey/core/jersey-server/2.27/jersey-server-2.27.jar:/home/user/.m2/repository/org/glassfish/jersey/core/jersey-client/2.27/jersey-client-2.27.jar:/home/user/.m2/repository/org/glassfish/jersey/media/jersey-media-jaxb/2.27/jersey-media-jaxb-2.27.jar:/home/user/.m2/repository/javax/validation/validation-api/1.1.0.Final/validation-api-1.1.0.Final.jar:/home/user/.m2/repository/org/glassfish/jersey/media/jersey-media-json-jackson/2.27/jersey-media-json-jackson-2.27.jar:/home/user/.m2/repository/org/glassfish/jersey/ext/jersey-entity-filtering/2.27/jersey-entity-filtering-2.27.jar:/home/user/.m2/repository/com/google/inject/extensions/guice-assistedinject/4.0/guice-assistedinject-4.0.jar:/home/user/.m2/repository/org/jooq/jooq/3.11.10/jooq-3.11.10.jar:/home/user/.m2/repository/org/jooq/jooq-meta/3.11.10/jooq-meta-3.11.10.jar:/home/user/.m2/repository/org/jooq/jooq-codegen/3.11.10/jooq-codegen-3.11.10.jar:/home/user/.m2/repository/com/jolbox/bonecp/0.8.0.RELEASE/bonecp-0.8.0.RELEASE.jar:/home/user/.m2/repository/org/springframework/spring-jdbc/5.1.3.RELEASE/spring-jdbc-5.1.3.RELEASE.jar:/home/user/.m2/repository/org/springframework/spring-beans/5.1.3.RELEASE/spring-beans-5.1.3.RELEASE.jar:/home/user/.m2/repository/org/springframework/spring-core/5.1.3.RELEASE/spring-core-5.1.3.RELEASE.jar:/home/user/.m2/repository/org/springframework/spring-jcl/5.1.3.RELEASE/spring-jcl-5.1.3.RELEASE.jar:/home/user/.m2/repository/org/springframework/spring-tx/5.1.3.RELEASE/spring-tx-5.1.3.RELEASE.jar:/home/user/.m2/repository/org/mockito/mockito-core/2.15.0/mockito-core-2.15.0.jar:/home/user/.m2/repository/net/bytebuddy/byte-buddy/1.7.9/byte-buddy-1.7.9.jar:/home/user/.m2/repository/net/bytebuddy/byte-buddy-agent/1.7.9/byte-buddy-agent-1.7.9.jar:/home/user/.m2/repository/org/objenesis/objenesis/1.0/objenesis-1.0.jar:"/>
    <property name="sun.cpu.endian" value="little"/>
    <property name="user.home" value="/home/user"/>
    <property name="user.language" value="en"/>
    <property name="java.specification.vendor" value="Oracle Corporation"/>
    <property name="java.home" value="/usr/lib/jvm/java-1.8-openjdk/jre"/>
    <property name="java.security.krb5.conf" value="/workdir/hadoop-ozone/tools/target/test-classes/krb5.conf"/>
    <property name="basedir" value="/workdir/hadoop-ozone/tools"/>
    <property name="file.separator" value="/"/>
    <property name="line.separator" value="&#10;"/>
    <property name="java.vm.specification.vendor" value="Oracle Corporation"/>
    <property name="java.specification.name" value="Java Platform API Specification"/>
    <property name="java.awt.graphicsenv" value="sun.awt.X11GraphicsEnvironment"/>
    <property name="surefire.real.class.path" value="/workdir/hadoop-ozone/tools/target/surefire/surefirebooter7932198126808818565.jar"/>
    <property name="hadoop.log.dir" value="/workdir/hadoop-ozone/tools/target/log"/>
    <property name="sun.boot.class.path" value="/usr/lib/jvm/java-1.8-openjdk/jre/lib/resources.jar:/usr/lib/jvm/java-1.8-openjdk/jre/lib/rt.jar:/usr/lib/jvm/java-1.8-openjdk/jre/lib/sunrsasign.jar:/usr/lib/jvm/java-1.8-openjdk/jre/lib/jsse.jar:/usr/lib/jvm/java-1.8-openjdk/jre/lib/jce.jar:/usr/lib/jvm/java-1.8-openjdk/jre/lib/charsets.jar:/usr/lib/jvm/java-1.8-openjdk/jre/lib/jfr.jar:/usr/lib/jvm/java-1.8-openjdk/jre/classes"/>
    <property name="sun.management.compiler" value="HotSpot 64-Bit Tiered Compilers"/>
    <property name="java.runtime.version" value="1.8.0_212-b04"/>
    <property name="java.net.preferIPv4Stack" value="true"/>
    <property name="user.name" value="jenkins1000"/>
    <property name="path.separator" value=":"/>
    <property name="java.security.egd" value="file:///dev/urandom"/>
    <property name="os.version" value="3.10.0-957.12.2.el7.x86_64"/>
    <property name="java.endorsed.dirs" value="/usr/lib/jvm/java-1.8-openjdk/jre/lib/endorsed"/>
    <property name="java.runtime.name" value="OpenJDK Runtime Environment"/>
    <property name="file.encoding" value="UTF-8"/>
    <property name="java.vm.name" value="OpenJDK 64-Bit Server VM"/>
    <property name="test.build.webapps" value=""/>
    <property name="localRepository" value="/home/user/.m2/repository"/>
    <property name="java.vendor.url.bug" value="https://icedtea.classpath.org/bugzilla"/>
    <property name="java.io.tmpdir" value="/tmp"/>
    <property name="require.test.libhadoop" value=""/>
    <property name="java.version" value="1.8.0_212"/>
    <property name="user.dir" value="/workdir/hadoop-ozone/tools"/>
    <property name="os.arch" value="amd64"/>
    <property name="java.vm.specification.name" value="Java Virtual Machine Specification"/>
    <property name="test.build.classes" value="/workdir/hadoop-ozone/tools/target/test-classes"/>
    <property name="java.awt.printerjob" value="sun.print.PSPrinterJob"/>
    <property name="sun.os.patch.level" value="unknown"/>
    <property name="hadoop.tmp.dir" value="/workdir/hadoop-ozone/tools/target/tmp"/>
    <property name="java.library.path" value="/usr/lib/jvm/java-1.8-openjdk/jre/lib/amd64/server:/usr/lib/jvm/java-1.8-openjdk/jre/lib/amd64:/usr/lib/jvm/java-1.8-openjdk/jre/../lib/amd64:/workdir/hadoop-ozone/tools/target/native/target/usr/local/lib:/workdir/hadoop-ozone/tools/../../hadoop-common-project/hadoop-common/target/native/target/usr/local/lib:/usr/java/packages/lib/amd64:/usr/lib64:/lib64:/lib:/usr/lib"/>
    <property name="java.vm.info" value="mixed mode"/>
    <property name="java.vendor" value="IcedTea"/>
    <property name="java.vm.version" value="25.212-b04"/>
    <property name="java.ext.dirs" value="/usr/lib/jvm/java-1.8-openjdk/jre/lib/ext:/usr/java/packages/lib/ext"/>
    <property name="sun.io.unicode.encoding" value="UnicodeLittle"/>
    <property name="java.class.version" value="52.0"/>
  </properties>
  <testcase name="testRestart" classname="org.apache.hadoop.ozone.freon.TestFreonWithPipelineDestroy" time="10.65">
    <error message="Allocated 0 blocks. Requested 5 blocks" type="INTERNAL_ERROR org.apache.hadoop.ozone.om.exceptions.OMException">INTERNAL_ERROR org.apache.hadoop.ozone.om.exceptions.OMException: Allocated 0 blocks. Requested 5 blocks
	at org.apache.hadoop.ozone.om.protocolPB.OzoneManagerProtocolClientSideTranslatorPB.handleError(OzoneManagerProtocolClientSideTranslatorPB.java:732)
	at org.apache.hadoop.ozone.om.protocolPB.OzoneManagerProtocolClientSideTranslatorPB.openKey(OzoneManagerProtocolClientSideTranslatorPB.java:723)
	at sun.reflect.NativeMethodAccessorImpl.invoke0(Native Method)
	at sun.reflect.NativeMethodAccessorImpl.invoke(NativeMethodAccessorImpl.java:62)
	at sun.reflect.DelegatingMethodAccessorImpl.invoke(DelegatingMethodAccessorImpl.java:43)
	at java.lang.reflect.Method.invoke(Method.java:498)
	at org.apache.hadoop.hdds.tracing.TraceAllMethod.invoke(TraceAllMethod.java:66)
	at com.sun.proxy.$Proxy37.openKey(Unknown Source)
	at org.apache.hadoop.ozone.client.rpc.RpcClient.createKey(RpcClient.java:614)
	at org.apache.hadoop.ozone.client.OzoneBucket.createKey(OzoneBucket.java:325)
	at org.apache.hadoop.ozone.freon.RandomKeyGenerator.createKey(RandomKeyGenerator.java:695)
	at org.apache.hadoop.ozone.freon.RandomKeyGenerator.access$1100(RandomKeyGenerator.java:88)
	at org.apache.hadoop.ozone.freon.RandomKeyGenerator$ObjectCreator.run(RandomKeyGenerator.java:615)
	at java.util.concurrent.Executors$RunnableAdapter.call(Executors.java:511)
	at java.util.concurrent.FutureTask.run(FutureTask.java:266)
	at java.util.concurrent.ThreadPoolExecutor.runWorker(ThreadPoolExecutor.java:1149)
	at java.util.concurrent.ThreadPoolExecutor$Worker.run(ThreadPoolExecutor.java:624)
	at java.lang.Thread.run(Thread.java:748)
</error>
    <system-out><![CDATA[2019-09-25 05:55:11,765 [main] WARN  server.ServerUtils (ServerUtils.java:getScmDbDir(145)) - ozone.scm.db.dirs is not configured. We recommend adding this setting. Falling back to ozone.metadata.dirs instead.
2019-09-25 05:55:11,901 [main] WARN  server.ServerUtils (ServerUtils.java:getScmDbDir(145)) - ozone.scm.db.dirs is not configured. We recommend adding this setting. Falling back to ozone.metadata.dirs instead.
2019-09-25 05:55:11,905 [main] WARN  server.ServerUtils (ServerUtils.java:getScmDbDir(145)) - ozone.scm.db.dirs is not configured. We recommend adding this setting. Falling back to ozone.metadata.dirs instead.
2019-09-25 05:55:11,929 [main] INFO  util.log (Log.java:initialized(192)) - Logging initialized @927ms
2019-09-25 05:55:12,041 [main] INFO  db.DBStoreBuilder (DBStoreBuilder.java:addTable(110)) - using custom profile for table: deletedBlocks
2019-09-25 05:55:12,041 [main] INFO  db.DBStoreBuilder (DBStoreBuilder.java:processTables(161)) - Using default column profile:DBProfile.DISK for Table:deletedBlocks
2019-09-25 05:55:12,042 [main] INFO  db.DBStoreBuilder (DBStoreBuilder.java:addTable(110)) - using custom profile for table: validCerts
2019-09-25 05:55:12,042 [main] INFO  db.DBStoreBuilder (DBStoreBuilder.java:processTables(161)) - Using default column profile:DBProfile.DISK for Table:validCerts
2019-09-25 05:55:12,042 [main] INFO  db.DBStoreBuilder (DBStoreBuilder.java:addTable(110)) - using custom profile for table: revokedCerts
2019-09-25 05:55:12,042 [main] INFO  db.DBStoreBuilder (DBStoreBuilder.java:processTables(161)) - Using default column profile:DBProfile.DISK for Table:revokedCerts
2019-09-25 05:55:12,055 [main] INFO  db.DBStoreBuilder (DBStoreBuilder.java:addTable(110)) - using custom profile for table: default
2019-09-25 05:55:12,055 [main] INFO  db.DBStoreBuilder (DBStoreBuilder.java:processTables(167)) - Using default column profile:DBProfile.DISK for Table:default
2019-09-25 05:55:12,056 [main] INFO  db.DBStoreBuilder (DBStoreBuilder.java:getDbProfile(198)) - Using default options. DBProfile.DISK
2019-09-25 05:55:12,317 [main] INFO  net.NodeSchemaLoader (NodeSchemaLoader.java:loadSchemaFromFile(125)) - Loading file from sun.misc.CompoundEnumeration@65fb9ffc
2019-09-25 05:55:12,319 [main] INFO  net.NodeSchemaLoader (NodeSchemaLoader.java:loadSchema(171)) - Loading network topology layer schema file
2019-09-25 05:55:12,393 [main] INFO  node.SCMNodeManager (SCMNodeManager.java:<init>(114)) - Entering startup safe mode.
2019-09-25 05:55:12,496 [main] INFO  algorithms.ContainerPlacementPolicyFactory (ContainerPlacementPolicyFactory.java:getPolicy(60)) - Create container placement policy of type org.apache.hadoop.hdds.scm.container.placement.algorithms.SCMContainerPlacementRandom
2019-09-25 05:55:12,512 [main] WARN  server.ServerUtils (ServerUtils.java:getScmDbDir(145)) - ozone.scm.db.dirs is not configured. We recommend adding this setting. Falling back to ozone.metadata.dirs instead.
2019-09-25 05:55:12,577 [main] INFO  pipeline.SCMPipelineManager (SCMPipelineManager.java:initializePipelineState(132)) - No pipeline exists in current db
2019-09-25 05:55:12,580 [main] WARN  server.ServerUtils (ServerUtils.java:getScmDbDir(145)) - ozone.scm.db.dirs is not configured. We recommend adding this setting. Falling back to ozone.metadata.dirs instead.
2019-09-25 05:55:12,725 [main] WARN  events.EventQueue (EventQueue.java:fireEvent(183)) - No event handler registered for event TypedEvent{payloadType=SafeModeStatus, name='SafeModeStatus'}
2019-09-25 05:55:13,095 [main] INFO  ipc.CallQueueManager (CallQueueManager.java:<init>(84)) - Using callQueue: class java.util.concurrent.LinkedBlockingQueue, queueCapacity: 2000, scheduler: class org.apache.hadoop.ipc.DefaultRpcScheduler, ipcBackoff: false.
2019-09-25 05:55:13,124 [Socket Reader #1 for port 38056] INFO  ipc.Server (Server.java:run(1074)) - Starting Socket Reader #1 for port 38056
2019-09-25 05:55:13,287 [main] INFO  ipc.CallQueueManager (CallQueueManager.java:<init>(84)) - Using callQueue: class java.util.concurrent.LinkedBlockingQueue, queueCapacity: 2000, scheduler: class org.apache.hadoop.ipc.DefaultRpcScheduler, ipcBackoff: false.
2019-09-25 05:55:13,289 [Socket Reader #1 for port 33469] INFO  ipc.Server (Server.java:run(1074)) - Starting Socket Reader #1 for port 33469
2019-09-25 05:55:13,301 [main] INFO  ipc.CallQueueManager (CallQueueManager.java:<init>(84)) - Using callQueue: class java.util.concurrent.LinkedBlockingQueue, queueCapacity: 2000, scheduler: class org.apache.hadoop.ipc.DefaultRpcScheduler, ipcBackoff: false.
2019-09-25 05:55:13,302 [Socket Reader #1 for port 33766] INFO  ipc.Server (Server.java:run(1074)) - Starting Socket Reader #1 for port 33766
2019-09-25 05:55:13,332 [main] INFO  hdfs.DFSUtil (DFSUtil.java:httpServerTemplateForNNAndJN(1641)) - Starting Web-server for scm at: http://0.0.0.0:0
2019-09-25 05:55:13,475 [main] INFO  server.AuthenticationFilter (AuthenticationFilter.java:constructSecretProvider(240)) - Unable to initialize FileSignerSecretProvider, falling back to use random secrets.
2019-09-25 05:55:13,494 [main] WARN  http.HttpRequestLog (HttpRequestLog.java:getRequestLog(97)) - Jetty request log can only be enabled using Log4j
2019-09-25 05:55:13,505 [main] INFO  http.HttpServer2 (HttpServer2.java:addGlobalFilter(975)) - Added global filter 'safety' (class=org.apache.hadoop.http.HttpServer2$QuotingInputFilter)
2019-09-25 05:55:13,508 [main] INFO  http.HttpServer2 (HttpServer2.java:addFilter(948)) - Added filter static_user_filter (class=org.apache.hadoop.http.lib.StaticUserWebFilter$StaticUserFilter) to context scm
2019-09-25 05:55:13,509 [main] INFO  http.HttpServer2 (HttpServer2.java:addFilter(958)) - Added filter static_user_filter (class=org.apache.hadoop.http.lib.StaticUserWebFilter$StaticUserFilter) to context static
2019-09-25 05:55:13,509 [main] INFO  http.HttpServer2 (HttpServer2.java:addFilter(958)) - Added filter static_user_filter (class=org.apache.hadoop.http.lib.StaticUserWebFilter$StaticUserFilter) to context logs
2019-09-25 05:55:13,538 [main] INFO  server.StorageContainerManager (StorageContainerManager.java:start(770)) - StorageContainerLocationProtocol RPC server is listening at /0.0.0.0:33766
2019-09-25 05:55:13,598 [main] WARN  impl.MetricsConfig (MetricsConfig.java:loadFirst(134)) - Cannot locate configuration: tried hadoop-metrics2-storagecontainermanager.properties,hadoop-metrics2.properties
2019-09-25 05:55:13,613 [main] INFO  impl.MetricsSystemImpl (MetricsSystemImpl.java:startTimer(374)) - Scheduled Metric snapshot period at 10 second(s).
2019-09-25 05:55:13,613 [main] INFO  impl.MetricsSystemImpl (MetricsSystemImpl.java:start(191)) - StorageContainerManager metrics system started
2019-09-25 05:55:13,885 [main] INFO  server.SCMClientProtocolServer (SCMClientProtocolServer.java:start(151)) - RPC server for Client  is listening at /0.0.0.0:33766
2019-09-25 05:55:13,886 [IPC Server Responder] INFO  ipc.Server (Server.java:run(1314)) - IPC Server Responder: starting
2019-09-25 05:55:13,886 [IPC Server listener on 33766] INFO  ipc.Server (Server.java:run(1153)) - IPC Server listener on 33766: starting
2019-09-25 05:55:13,889 [main] INFO  server.StorageContainerManager (StorageContainerManager.java:start(780)) - ScmBlockLocationProtocol RPC server is listening at /0.0.0.0:33469
2019-09-25 05:55:13,890 [main] INFO  server.SCMBlockProtocolServer (SCMBlockProtocolServer.java:start(146)) - RPC server for Block Protocol is listening at /0.0.0.0:33469
2019-09-25 05:55:13,890 [IPC Server Responder] INFO  ipc.Server (Server.java:run(1314)) - IPC Server Responder: starting
2019-09-25 05:55:13,891 [IPC Server listener on 33469] INFO  ipc.Server (Server.java:run(1153)) - IPC Server listener on 33469: starting
2019-09-25 05:55:13,893 [main] INFO  server.StorageContainerManager (StorageContainerManager.java:start(784)) - ScmDatanodeProtocl RPC server is listening at /0.0.0.0:38056
2019-09-25 05:55:13,893 [main] INFO  server.SCMDatanodeProtocolServer (SCMDatanodeProtocolServer.java:start(191)) - RPC server for DataNodes is listening at /0.0.0.0:38056
2019-09-25 05:55:13,893 [IPC Server listener on 38056] INFO  ipc.Server (Server.java:run(1153)) - IPC Server listener on 38056: starting
2019-09-25 05:55:13,893 [IPC Server Responder] INFO  ipc.Server (Server.java:run(1314)) - IPC Server Responder: starting
2019-09-25 05:55:13,897 [main] INFO  http.HttpServer2 (HttpServer2.java:bindListener(1191)) - Jetty bound to port 40977
2019-09-25 05:55:13,899 [main] INFO  server.Server (Server.java:doStart(351)) - jetty-9.3.25.v20180904, build timestamp: 2018-09-04T21:11:46Z, git hash: 3ce520221d0240229c862b122d2b06c12a625732
2019-09-25 05:55:13,932 [main] INFO  handler.ContextHandler (ContextHandler.java:doStart(781)) - Started o.e.j.s.ServletContextHandler@4983159f{/logs,file:///workdir/hadoop-ozone/tools/target/log,AVAILABLE}
2019-09-25 05:55:13,933 [main] INFO  handler.ContextHandler (ContextHandler.java:doStart(781)) - Started o.e.j.s.ServletContextHandler@1d2bd371{/static,jar:file:/home/user/.m2/repository/org/apache/hadoop/hadoop-hdds-server-scm/0.5.0-SNAPSHOT/hadoop-hdds-server-scm-0.5.0-SNAPSHOT.jar!/webapps/static,AVAILABLE}
2019-09-25 05:55:14,003 [main] INFO  handler.ContextHandler (ContextHandler.java:doStart(781)) - Started o.e.j.w.WebAppContext@78461bc4{/,file:///tmp/jetty-0.0.0.0-40977-scm-_-any-8020906034809503438.dir/webapp/,AVAILABLE}{/scm}
2019-09-25 05:55:14,008 [main] INFO  server.AbstractConnector (AbstractConnector.java:doStart(278)) - Started ServerConnector@51f49060{HTTP/1.1,[http/1.1]}{0.0.0.0:40977}
2019-09-25 05:55:14,008 [main] INFO  server.Server (Server.java:doStart(419)) - Started @3006ms
2019-09-25 05:55:14,010 [main] INFO  impl.MetricsSinkAdapter (MetricsSinkAdapter.java:start(204)) - Sink prometheus started
2019-09-25 05:55:14,010 [main] INFO  impl.MetricsSystemImpl (MetricsSystemImpl.java:registerSink(301)) - Registered sink prometheus
2019-09-25 05:55:14,012 [main] INFO  server.BaseHttpServer (BaseHttpServer.java:updateConnectorAddress(215)) - HTTP server of SCM is listening at http://0.0.0.0:40977
2019-09-25 05:55:14,018 [org.apache.hadoop.util.JvmPauseMonitor$Monitor@46ab18da] INFO  util.JvmPauseMonitor (JvmPauseMonitor.java:run(188)) - Starting JVM pause monitor
2019-09-25 05:55:14,020 [main] WARN  server.ServerUtils (ServerUtils.java:getDBPath(222)) - ozone.om.db.dirs is not configured. We recommend adding this setting. Falling back to ozone.metadata.dirs instead.
2019-09-25 05:55:14,224 [main] WARN  server.ServerUtils (ServerUtils.java:getDBPath(222)) - ozone.om.db.dirs is not configured. We recommend adding this setting. Falling back to ozone.metadata.dirs instead.
2019-09-25 05:55:14,225 [main] WARN  server.ServerUtils (ServerUtils.java:getDBPath(222)) - ozone.om.db.dirs is not configured. We recommend adding this setting. Falling back to ozone.metadata.dirs instead.
2019-09-25 05:55:14,226 [main] INFO  om.OzoneManager (OzoneManager.java:setOMNodeDetails(652)) - OM Service ID is not set. Setting it to the default ID: omServiceIdDefault
2019-09-25 05:55:14,226 [main] INFO  om.OzoneManager (OzoneManager.java:setOMNodeDetails(658)) - OM Node ID is not set. Setting it to the OmStorage's OmID: 7f15e349-1545-4b3a-b9ae-5699914ef2ef
2019-09-25 05:55:14,227 [main] INFO  om.OzoneManager (OzoneManager.java:loadOMHAConfigs(609)) - Found matching OM address with OMServiceId: null, OMNodeId: null, RPC Address: localhost:0 and Ratis port: 9872
2019-09-25 05:55:14,933 [main] WARN  server.ServerUtils (ServerUtils.java:getDBPath(222)) - ozone.om.db.dirs is not configured. We recommend adding this setting. Falling back to ozone.metadata.dirs instead.
2019-09-25 05:55:14,941 [main] INFO  db.DBStoreBuilder (DBStoreBuilder.java:addTable(110)) - using custom profile for table: userTable
2019-09-25 05:55:14,941 [main] INFO  db.DBStoreBuilder (DBStoreBuilder.java:processTables(161)) - Using default column profile:DBProfile.DISK for Table:userTable
2019-09-25 05:55:14,941 [main] INFO  db.DBStoreBuilder (DBStoreBuilder.java:addTable(110)) - using custom profile for table: volumeTable
2019-09-25 05:55:14,941 [main] INFO  db.DBStoreBuilder (DBStoreBuilder.java:processTables(161)) - Using default column profile:DBProfile.DISK for Table:volumeTable
2019-09-25 05:55:14,942 [main] INFO  db.DBStoreBuilder (DBStoreBuilder.java:addTable(110)) - using custom profile for table: bucketTable
2019-09-25 05:55:14,942 [main] INFO  db.DBStoreBuilder (DBStoreBuilder.java:processTables(161)) - Using default column profile:DBProfile.DISK for Table:bucketTable
2019-09-25 05:55:14,942 [main] INFO  db.DBStoreBuilder (DBStoreBuilder.java:addTable(110)) - using custom profile for table: keyTable
2019-09-25 05:55:14,942 [main] INFO  db.DBStoreBuilder (DBStoreBuilder.java:processTables(161)) - Using default column profile:DBProfile.DISK for Table:keyTable
2019-09-25 05:55:14,943 [main] INFO  db.DBStoreBuilder (DBStoreBuilder.java:addTable(110)) - using custom profile for table: deletedTable
2019-09-25 05:55:14,943 [main] INFO  db.DBStoreBuilder (DBStoreBuilder.java:processTables(161)) - Using default column profile:DBProfile.DISK for Table:deletedTable
2019-09-25 05:55:14,943 [main] INFO  db.DBStoreBuilder (DBStoreBuilder.java:addTable(110)) - using custom profile for table: openKeyTable
2019-09-25 05:55:14,943 [main] INFO  db.DBStoreBuilder (DBStoreBuilder.java:processTables(161)) - Using default column profile:DBProfile.DISK for Table:openKeyTable
2019-09-25 05:55:14,944 [main] INFO  db.DBStoreBuilder (DBStoreBuilder.java:addTable(110)) - using custom profile for table: s3Table
2019-09-25 05:55:14,944 [main] INFO  db.DBStoreBuilder (DBStoreBuilder.java:processTables(161)) - Using default column profile:DBProfile.DISK for Table:s3Table
2019-09-25 05:55:14,944 [main] INFO  db.DBStoreBuilder (DBStoreBuilder.java:addTable(110)) - using custom profile for table: multipartInfoTable
2019-09-25 05:55:14,944 [main] INFO  db.DBStoreBuilder (DBStoreBuilder.java:processTables(161)) - Using default column profile:DBProfile.DISK for Table:multipartInfoTable
2019-09-25 05:55:14,945 [main] INFO  db.DBStoreBuilder (DBStoreBuilder.java:addTable(110)) - using custom profile for table: dTokenTable
2019-09-25 05:55:14,945 [main] INFO  db.DBStoreBuilder (DBStoreBuilder.java:processTables(161)) - Using default column profile:DBProfile.DISK for Table:dTokenTable
2019-09-25 05:55:14,945 [main] INFO  db.DBStoreBuilder (DBStoreBuilder.java:addTable(110)) - using custom profile for table: s3SecretTable
2019-09-25 05:55:14,945 [main] INFO  db.DBStoreBuilder (DBStoreBuilder.java:processTables(161)) - Using default column profile:DBProfile.DISK for Table:s3SecretTable
2019-09-25 05:55:14,946 [main] INFO  db.DBStoreBuilder (DBStoreBuilder.java:addTable(110)) - using custom profile for table: prefixTable
2019-09-25 05:55:14,946 [main] INFO  db.DBStoreBuilder (DBStoreBuilder.java:processTables(161)) - Using default column profile:DBProfile.DISK for Table:prefixTable
2019-09-25 05:55:14,946 [main] INFO  db.DBStoreBuilder (DBStoreBuilder.java:addTable(110)) - using custom profile for table: default
2019-09-25 05:55:14,946 [main] INFO  db.DBStoreBuilder (DBStoreBuilder.java:processTables(167)) - Using default column profile:DBProfile.DISK for Table:default
2019-09-25 05:55:14,947 [main] INFO  db.DBStoreBuilder (DBStoreBuilder.java:getDbProfile(198)) - Using default options. DBProfile.DISK
2019-09-25 05:55:15,293 [main] INFO  ipc.CallQueueManager (CallQueueManager.java:<init>(84)) - Using callQueue: class java.util.concurrent.LinkedBlockingQueue, queueCapacity: 2000, scheduler: class org.apache.hadoop.ipc.DefaultRpcScheduler, ipcBackoff: false.
2019-09-25 05:55:15,294 [Socket Reader #1 for port 39067] INFO  ipc.Server (Server.java:run(1074)) - Starting Socket Reader #1 for port 39067
2019-09-25 05:55:15,316 [main] INFO  om.OzoneManager (OzoneManager.java:start(1243)) - OzoneManager RPC server is listening at localhost/127.0.0.1:39067
2019-09-25 05:55:15,317 [main] INFO  impl.MetricsSystemImpl (MetricsSystemImpl.java:init(158)) - OzoneManager metrics system started (again)
2019-09-25 05:55:15,318 [IPC Server Responder] INFO  ipc.Server (Server.java:run(1314)) - IPC Server Responder: starting
2019-09-25 05:55:15,318 [IPC Server listener on 39067] INFO  ipc.Server (Server.java:run(1153)) - IPC Server listener on 39067: starting
2019-09-25 05:55:15,325 [main] INFO  hdfs.DFSUtil (DFSUtil.java:httpServerTemplateForNNAndJN(1641)) - Starting Web-server for ozoneManager at: http://0.0.0.0:0
2019-09-25 05:55:15,328 [main] INFO  server.AuthenticationFilter (AuthenticationFilter.java:constructSecretProvider(240)) - Unable to initialize FileSignerSecretProvider, falling back to use random secrets.
2019-09-25 05:55:15,328 [main] WARN  http.HttpRequestLog (HttpRequestLog.java:getRequestLog(97)) - Jetty request log can only be enabled using Log4j
2019-09-25 05:55:15,331 [main] INFO  http.HttpServer2 (HttpServer2.java:addGlobalFilter(975)) - Added global filter 'safety' (class=org.apache.hadoop.http.HttpServer2$QuotingInputFilter)
2019-09-25 05:55:15,332 [main] INFO  http.HttpServer2 (HttpServer2.java:addFilter(948)) - Added filter static_user_filter (class=org.apache.hadoop.http.lib.StaticUserWebFilter$StaticUserFilter) to context ozoneManager
2019-09-25 05:55:15,332 [main] INFO  http.HttpServer2 (HttpServer2.java:addFilter(958)) - Added filter static_user_filter (class=org.apache.hadoop.http.lib.StaticUserWebFilter$StaticUserFilter) to context logs
2019-09-25 05:55:15,333 [main] INFO  http.HttpServer2 (HttpServer2.java:addFilter(958)) - Added filter static_user_filter (class=org.apache.hadoop.http.lib.StaticUserWebFilter$StaticUserFilter) to context static
2019-09-25 05:55:15,335 [main] INFO  http.HttpServer2 (HttpServer2.java:bindListener(1191)) - Jetty bound to port 37486
2019-09-25 05:55:15,335 [main] INFO  server.Server (Server.java:doStart(351)) - jetty-9.3.25.v20180904, build timestamp: 2018-09-04T21:11:46Z, git hash: 3ce520221d0240229c862b122d2b06c12a625732
2019-09-25 05:55:15,338 [main] INFO  handler.ContextHandler (ContextHandler.java:doStart(781)) - Started o.e.j.s.ServletContextHandler@55b8dbda{/logs,file:///workdir/hadoop-ozone/tools/target/log,AVAILABLE}
2019-09-25 05:55:15,339 [main] INFO  handler.ContextHandler (ContextHandler.java:doStart(781)) - Started o.e.j.s.ServletContextHandler@3a022576{/static,jar:file:/home/user/.m2/repository/org/apache/hadoop/hadoop-ozone-ozone-manager/0.5.0-SNAPSHOT/hadoop-ozone-ozone-manager-0.5.0-SNAPSHOT.jar!/webapps/static,AVAILABLE}
2019-09-25 05:55:15,397 [main] INFO  handler.ContextHandler (ContextHandler.java:doStart(781)) - Started o.e.j.w.WebAppContext@388b401d{/,file:///tmp/jetty-0.0.0.0-37486-ozoneManager-_-any-5652404836932834625.dir/webapp/,AVAILABLE}{/ozoneManager}
2019-09-25 05:55:15,399 [main] INFO  server.AbstractConnector (AbstractConnector.java:doStart(278)) - Started ServerConnector@2bcec6a6{HTTP/1.1,[http/1.1]}{0.0.0.0:37486}
2019-09-25 05:55:15,399 [main] INFO  server.Server (Server.java:doStart(419)) - Started @4397ms
2019-09-25 05:55:15,400 [main] WARN  impl.MetricsSystemImpl (MetricsSystemImpl.java:register(276)) - Sink prometheus already exists!
2019-09-25 05:55:15,401 [main] INFO  server.BaseHttpServer (BaseHttpServer.java:updateConnectorAddress(215)) - HTTP server of OZONEMANAGER is listening at http://0.0.0.0:37486
2019-09-25 05:55:15,724 [main] INFO  impl.MetricsSystemImpl (MetricsSystemImpl.java:init(158)) - HddsDatanode metrics system started (again)
2019-09-25 05:55:15,780 [main] INFO  ozone.HddsDatanodeService (HddsDatanodeService.java:start(184)) - HddsDatanodeService host:pr-hdds-1569-zxpks-796972592 ip:192.168.5.161
2019-09-25 05:55:15,816 [main] INFO  volume.HddsVolume (HddsVolume.java:<init>(176)) - Creating Volume: /workdir/hadoop-ozone/tools/target/test-dir/MiniOzoneClusterImpl-ee66e79a-8124-4b50-8b06-9837ad27a0bb/datanode-0/data/containers/hdds of  storage type : DISK and capacity : 1482555576320
2019-09-25 05:55:15,818 [main] INFO  volume.VolumeSet (VolumeSet.java:initializeVolumeSet(170)) - Added Volume : /workdir/hadoop-ozone/tools/target/test-dir/MiniOzoneClusterImpl-ee66e79a-8124-4b50-8b06-9837ad27a0bb/datanode-0/data/containers/hdds to VolumeSet
2019-09-25 05:55:15,821 [main] INFO  volume.ThrottledAsyncChecker (ThrottledAsyncChecker.java:schedule(139)) - Scheduling a check for org.apache.hadoop.ozone.container.common.volume.HddsVolume@7d0cc890
2019-09-25 05:55:15,840 [main] INFO  volume.HddsVolumeChecker (HddsVolumeChecker.java:checkAllVolumes(202)) - Scheduled health check for volume org.apache.hadoop.ozone.container.common.volume.HddsVolume@7d0cc890
2019-09-25 05:55:15,966 [main] INFO  impl.RaftServerProxy (ConfUtils.java:logGet(43)) - raft.rpc.type = GRPC (default)
2019-09-25 05:55:16,047 [main] INFO  grpc.GrpcFactory (GrpcFactory.java:checkPooledByteBufAllocatorUseCacheForAllThreads(45)) - PERFORMANCE WARNING: useCacheForAllThreads is true that may cause Netty to create a lot garbage objects and, as a result, trigger GC.
	It is recommended to disable useCacheForAllThreads by setting -Dorg.apache.ratis.thirdparty.io.netty.allocator.useCacheForAllThreads=false in command line.
2019-09-25 05:55:16,053 [main] INFO  grpc.GrpcConfigKeys$Server (ConfUtils.java:logGet(43)) - raft.grpc.server.port = 0 (default)
2019-09-25 05:55:16,054 [main] INFO  server.GrpcService (ConfUtils.java:logGet(43)) - raft.grpc.message.size.max = 33570816 (custom)
2019-09-25 05:55:16,056 [main] INFO  server.RaftServerConfigKeys (ConfUtils.java:logGet(43)) - raft.server.log.appender.buffer.byte-limit = 33554432 (custom)
2019-09-25 05:55:16,057 [main] INFO  server.GrpcService (ConfUtils.java:logGet(43)) - raft.grpc.flow.control.window = 1MB (=1048576) (default)
2019-09-25 05:55:16,057 [main] INFO  server.RaftServerConfigKeys (ConfUtils.java:logGet(43)) - raft.server.rpc.request.timeout = 3000ms (default)
2019-09-25 05:55:16,241 [main] INFO  server.RaftServerConfigKeys (ConfUtils.java:logGet(43)) - raft.server.storage.dir = [/workdir/hadoop-ozone/tools/target/test-dir/MiniOzoneClusterImpl-ee66e79a-8124-4b50-8b06-9837ad27a0bb/datanode-0/data/ratis] (custom)
2019-09-25 05:55:16,291 [main] INFO  hdfs.DFSUtil (DFSUtil.java:httpServerTemplateForNNAndJN(1641)) - Starting Web-server for hddsDatanode at: http://0.0.0.0:0
2019-09-25 05:55:16,293 [main] INFO  server.AuthenticationFilter (AuthenticationFilter.java:constructSecretProvider(240)) - Unable to initialize FileSignerSecretProvider, falling back to use random secrets.
2019-09-25 05:55:16,294 [main] WARN  http.HttpRequestLog (HttpRequestLog.java:getRequestLog(97)) - Jetty request log can only be enabled using Log4j
2019-09-25 05:55:16,296 [main] INFO  http.HttpServer2 (HttpServer2.java:addGlobalFilter(975)) - Added global filter 'safety' (class=org.apache.hadoop.http.HttpServer2$QuotingInputFilter)
2019-09-25 05:55:16,296 [main] INFO  http.HttpServer2 (HttpServer2.java:addFilter(948)) - Added filter static_user_filter (class=org.apache.hadoop.http.lib.StaticUserWebFilter$StaticUserFilter) to context hddsDatanode
2019-09-25 05:55:16,296 [main] INFO  http.HttpServer2 (HttpServer2.java:addFilter(958)) - Added filter static_user_filter (class=org.apache.hadoop.http.lib.StaticUserWebFilter$StaticUserFilter) to context static
2019-09-25 05:55:16,297 [main] INFO  http.HttpServer2 (HttpServer2.java:addFilter(958)) - Added filter static_user_filter (class=org.apache.hadoop.http.lib.StaticUserWebFilter$StaticUserFilter) to context logs
2019-09-25 05:55:16,298 [main] INFO  http.HttpServer2 (HttpServer2.java:bindListener(1191)) - Jetty bound to port 45858
2019-09-25 05:55:16,298 [main] INFO  server.Server (Server.java:doStart(351)) - jetty-9.3.25.v20180904, build timestamp: 2018-09-04T21:11:46Z, git hash: 3ce520221d0240229c862b122d2b06c12a625732
2019-09-25 05:55:16,300 [main] INFO  handler.ContextHandler (ContextHandler.java:doStart(781)) - Started o.e.j.s.ServletContextHandler@43e9089{/logs,file:///workdir/hadoop-ozone/tools/target/log,AVAILABLE}
2019-09-25 05:55:16,301 [main] INFO  handler.ContextHandler (ContextHandler.java:doStart(781)) - Started o.e.j.s.ServletContextHandler@352c44a8{/static,jar:file:/home/user/.m2/repository/org/apache/hadoop/hadoop-hdds-container-service/0.5.0-SNAPSHOT/hadoop-hdds-container-service-0.5.0-SNAPSHOT.jar!/webapps/static,AVAILABLE}
2019-09-25 05:55:16,324 [main] INFO  handler.ContextHandler (ContextHandler.java:doStart(781)) - Started o.e.j.w.WebAppContext@78054f54{/,file:///tmp/jetty-0.0.0.0-45858-hddsDatanode-_-any-7092714050937482209.dir/webapp/,AVAILABLE}{/hddsDatanode}
2019-09-25 05:55:16,325 [main] INFO  server.AbstractConnector (AbstractConnector.java:doStart(278)) - Started ServerConnector@cb7fa71{HTTP/1.1,[http/1.1]}{0.0.0.0:45858}
2019-09-25 05:55:16,326 [main] INFO  server.Server (Server.java:doStart(419)) - Started @5323ms
2019-09-25 05:55:16,326 [main] WARN  impl.MetricsSystemImpl (MetricsSystemImpl.java:register(276)) - Sink prometheus already exists!
2019-09-25 05:55:16,327 [main] INFO  server.BaseHttpServer (BaseHttpServer.java:updateConnectorAddress(215)) - HTTP server of HDDSDATANODE is listening at http://0.0.0.0:45858
2019-09-25 05:55:16,328 [main] INFO  impl.MetricsSystemImpl (MetricsSystemImpl.java:init(158)) - HddsDatanode metrics system started (again)
2019-09-25 05:55:16,331 [main] INFO  ozone.HddsDatanodeService (HddsDatanodeService.java:start(184)) - HddsDatanodeService host:pr-hdds-1569-zxpks-796972592 ip:192.168.5.161
2019-09-25 05:55:16,334 [org.apache.hadoop.util.JvmPauseMonitor$Monitor@373f758f] INFO  util.JvmPauseMonitor (JvmPauseMonitor.java:run(188)) - Starting JVM pause monitor
2019-09-25 05:55:16,339 [main] INFO  volume.HddsVolume (HddsVolume.java:<init>(176)) - Creating Volume: /workdir/hadoop-ozone/tools/target/test-dir/MiniOzoneClusterImpl-ee66e79a-8124-4b50-8b06-9837ad27a0bb/datanode-1/data/containers/hdds of  storage type : DISK and capacity : 1482555576320
2019-09-25 05:55:16,340 [main] INFO  volume.VolumeSet (VolumeSet.java:initializeVolumeSet(170)) - Added Volume : /workdir/hadoop-ozone/tools/target/test-dir/MiniOzoneClusterImpl-ee66e79a-8124-4b50-8b06-9837ad27a0bb/datanode-1/data/containers/hdds to VolumeSet
2019-09-25 05:55:16,340 [main] INFO  volume.ThrottledAsyncChecker (ThrottledAsyncChecker.java:schedule(139)) - Scheduling a check for org.apache.hadoop.ozone.container.common.volume.HddsVolume@1a2bcd56
2019-09-25 05:55:16,341 [main] INFO  volume.HddsVolumeChecker (HddsVolumeChecker.java:checkAllVolumes(202)) - Scheduled health check for volume org.apache.hadoop.ozone.container.common.volume.HddsVolume@1a2bcd56
2019-09-25 05:55:16,357 [main] INFO  impl.RaftServerProxy (ConfUtils.java:logGet(43)) - raft.rpc.type = GRPC (default)
2019-09-25 05:55:16,357 [main] INFO  grpc.GrpcFactory (GrpcFactory.java:checkPooledByteBufAllocatorUseCacheForAllThreads(45)) - PERFORMANCE WARNING: useCacheForAllThreads is true that may cause Netty to create a lot garbage objects and, as a result, trigger GC.
	It is recommended to disable useCacheForAllThreads by setting -Dorg.apache.ratis.thirdparty.io.netty.allocator.useCacheForAllThreads=false in command line.
2019-09-25 05:55:16,357 [main] INFO  grpc.GrpcConfigKeys$Server (ConfUtils.java:logGet(43)) - raft.grpc.server.port = 0 (default)
2019-09-25 05:55:16,357 [main] INFO  server.GrpcService (ConfUtils.java:logGet(43)) - raft.grpc.message.size.max = 33570816 (custom)
2019-09-25 05:55:16,358 [main] INFO  server.RaftServerConfigKeys (ConfUtils.java:logGet(43)) - raft.server.log.appender.buffer.byte-limit = 33554432 (custom)
2019-09-25 05:55:16,358 [main] INFO  server.GrpcService (ConfUtils.java:logGet(43)) - raft.grpc.flow.control.window = 1MB (=1048576) (default)
2019-09-25 05:55:16,358 [main] INFO  server.RaftServerConfigKeys (ConfUtils.java:logGet(43)) - raft.server.rpc.request.timeout = 3000ms (default)
2019-09-25 05:55:16,359 [main] INFO  server.RaftServerConfigKeys (ConfUtils.java:logGet(43)) - raft.server.storage.dir = [/workdir/hadoop-ozone/tools/target/test-dir/MiniOzoneClusterImpl-ee66e79a-8124-4b50-8b06-9837ad27a0bb/datanode-1/data/ratis] (custom)
2019-09-25 05:55:16,360 [main] INFO  hdfs.DFSUtil (DFSUtil.java:httpServerTemplateForNNAndJN(1641)) - Starting Web-server for hddsDatanode at: http://0.0.0.0:0
2019-09-25 05:55:16,361 [main] INFO  server.AuthenticationFilter (AuthenticationFilter.java:constructSecretProvider(240)) - Unable to initialize FileSignerSecretProvider, falling back to use random secrets.
2019-09-25 05:55:16,362 [main] WARN  http.HttpRequestLog (HttpRequestLog.java:getRequestLog(97)) - Jetty request log can only be enabled using Log4j
2019-09-25 05:55:16,363 [main] INFO  http.HttpServer2 (HttpServer2.java:addGlobalFilter(975)) - Added global filter 'safety' (class=org.apache.hadoop.http.HttpServer2$QuotingInputFilter)
2019-09-25 05:55:16,364 [main] INFO  http.HttpServer2 (HttpServer2.java:addFilter(948)) - Added filter static_user_filter (class=org.apache.hadoop.http.lib.StaticUserWebFilter$StaticUserFilter) to context hddsDatanode
2019-09-25 05:55:16,364 [main] INFO  http.HttpServer2 (HttpServer2.java:addFilter(958)) - Added filter static_user_filter (class=org.apache.hadoop.http.lib.StaticUserWebFilter$StaticUserFilter) to context static
2019-09-25 05:55:16,364 [main] INFO  http.HttpServer2 (HttpServer2.java:addFilter(958)) - Added filter static_user_filter (class=org.apache.hadoop.http.lib.StaticUserWebFilter$StaticUserFilter) to context logs
2019-09-25 05:55:16,365 [main] INFO  http.HttpServer2 (HttpServer2.java:bindListener(1191)) - Jetty bound to port 38499
2019-09-25 05:55:16,365 [main] INFO  server.Server (Server.java:doStart(351)) - jetty-9.3.25.v20180904, build timestamp: 2018-09-04T21:11:46Z, git hash: 3ce520221d0240229c862b122d2b06c12a625732
2019-09-25 05:55:16,369 [main] INFO  handler.ContextHandler (ContextHandler.java:doStart(781)) - Started o.e.j.s.ServletContextHandler@a451491{/logs,file:///workdir/hadoop-ozone/tools/target/log,AVAILABLE}
2019-09-25 05:55:16,369 [main] INFO  handler.ContextHandler (ContextHandler.java:doStart(781)) - Started o.e.j.s.ServletContextHandler@5e519ad3{/static,jar:file:/home/user/.m2/repository/org/apache/hadoop/hadoop-hdds-container-service/0.5.0-SNAPSHOT/hadoop-hdds-container-service-0.5.0-SNAPSHOT.jar!/webapps/static,AVAILABLE}
2019-09-25 05:55:16,395 [main] INFO  handler.ContextHandler (ContextHandler.java:doStart(781)) - Started o.e.j.w.WebAppContext@c3edf4c{/,file:///tmp/jetty-0.0.0.0-38499-hddsDatanode-_-any-5536920904647705819.dir/webapp/,AVAILABLE}{/hddsDatanode}
2019-09-25 05:55:16,396 [main] INFO  server.AbstractConnector (AbstractConnector.java:doStart(278)) - Started ServerConnector@5af8bb51{HTTP/1.1,[http/1.1]}{0.0.0.0:38499}
2019-09-25 05:55:16,396 [main] INFO  server.Server (Server.java:doStart(419)) - Started @5394ms
2019-09-25 05:55:16,398 [main] WARN  impl.MetricsSystemImpl (MetricsSystemImpl.java:register(276)) - Sink prometheus already exists!
2019-09-25 05:55:16,399 [main] INFO  server.BaseHttpServer (BaseHttpServer.java:updateConnectorAddress(215)) - HTTP server of HDDSDATANODE is listening at http://0.0.0.0:38499
2019-09-25 05:55:16,399 [main] INFO  impl.MetricsSystemImpl (MetricsSystemImpl.java:init(158)) - HddsDatanode metrics system started (again)
2019-09-25 05:55:16,402 [main] INFO  ozone.HddsDatanodeService (HddsDatanodeService.java:start(184)) - HddsDatanodeService host:pr-hdds-1569-zxpks-796972592 ip:192.168.5.161
2019-09-25 05:55:16,402 [org.apache.hadoop.util.JvmPauseMonitor$Monitor@2b9f060e] INFO  util.JvmPauseMonitor (JvmPauseMonitor.java:run(188)) - Starting JVM pause monitor
2019-09-25 05:55:16,410 [main] INFO  volume.HddsVolume (HddsVolume.java:<init>(176)) - Creating Volume: /workdir/hadoop-ozone/tools/target/test-dir/MiniOzoneClusterImpl-ee66e79a-8124-4b50-8b06-9837ad27a0bb/datanode-2/data/containers/hdds of  storage type : DISK and capacity : 1482555576320
2019-09-25 05:55:16,411 [main] INFO  volume.VolumeSet (VolumeSet.java:initializeVolumeSet(170)) - Added Volume : /workdir/hadoop-ozone/tools/target/test-dir/MiniOzoneClusterImpl-ee66e79a-8124-4b50-8b06-9837ad27a0bb/datanode-2/data/containers/hdds to VolumeSet
2019-09-25 05:55:16,411 [main] INFO  volume.ThrottledAsyncChecker (ThrottledAsyncChecker.java:schedule(139)) - Scheduling a check for org.apache.hadoop.ozone.container.common.volume.HddsVolume@32e54a9d
2019-09-25 05:55:16,411 [main] INFO  volume.HddsVolumeChecker (HddsVolumeChecker.java:checkAllVolumes(202)) - Scheduled health check for volume org.apache.hadoop.ozone.container.common.volume.HddsVolume@32e54a9d
2019-09-25 05:55:16,424 [main] INFO  impl.RaftServerProxy (ConfUtils.java:logGet(43)) - raft.rpc.type = GRPC (default)
2019-09-25 05:55:16,425 [main] INFO  grpc.GrpcFactory (GrpcFactory.java:checkPooledByteBufAllocatorUseCacheForAllThreads(45)) - PERFORMANCE WARNING: useCacheForAllThreads is true that may cause Netty to create a lot garbage objects and, as a result, trigger GC.
	It is recommended to disable useCacheForAllThreads by setting -Dorg.apache.ratis.thirdparty.io.netty.allocator.useCacheForAllThreads=false in command line.
2019-09-25 05:55:16,425 [main] INFO  grpc.GrpcConfigKeys$Server (ConfUtils.java:logGet(43)) - raft.grpc.server.port = 0 (default)
2019-09-25 05:55:16,425 [main] INFO  server.GrpcService (ConfUtils.java:logGet(43)) - raft.grpc.message.size.max = 33570816 (custom)
2019-09-25 05:55:16,425 [main] INFO  server.RaftServerConfigKeys (ConfUtils.java:logGet(43)) - raft.server.log.appender.buffer.byte-limit = 33554432 (custom)
2019-09-25 05:55:16,425 [main] INFO  server.GrpcService (ConfUtils.java:logGet(43)) - raft.grpc.flow.control.window = 1MB (=1048576) (default)
2019-09-25 05:55:16,426 [main] INFO  server.RaftServerConfigKeys (ConfUtils.java:logGet(43)) - raft.server.rpc.request.timeout = 3000ms (default)
2019-09-25 05:55:16,426 [main] INFO  server.RaftServerConfigKeys (ConfUtils.java:logGet(43)) - raft.server.storage.dir = [/workdir/hadoop-ozone/tools/target/test-dir/MiniOzoneClusterImpl-ee66e79a-8124-4b50-8b06-9837ad27a0bb/datanode-2/data/ratis] (custom)
2019-09-25 05:55:16,428 [main] INFO  hdfs.DFSUtil (DFSUtil.java:httpServerTemplateForNNAndJN(1641)) - Starting Web-server for hddsDatanode at: http://0.0.0.0:0
2019-09-25 05:55:16,429 [main] INFO  server.AuthenticationFilter (AuthenticationFilter.java:constructSecretProvider(240)) - Unable to initialize FileSignerSecretProvider, falling back to use random secrets.
2019-09-25 05:55:16,430 [main] WARN  http.HttpRequestLog (HttpRequestLog.java:getRequestLog(97)) - Jetty request log can only be enabled using Log4j
2019-09-25 05:55:16,431 [main] INFO  http.HttpServer2 (HttpServer2.java:addGlobalFilter(975)) - Added global filter 'safety' (class=org.apache.hadoop.http.HttpServer2$QuotingInputFilter)
2019-09-25 05:55:16,431 [main] INFO  http.HttpServer2 (HttpServer2.java:addFilter(948)) - Added filter static_user_filter (class=org.apache.hadoop.http.lib.StaticUserWebFilter$StaticUserFilter) to context hddsDatanode
2019-09-25 05:55:16,432 [main] INFO  http.HttpServer2 (HttpServer2.java:addFilter(958)) - Added filter static_user_filter (class=org.apache.hadoop.http.lib.StaticUserWebFilter$StaticUserFilter) to context static
2019-09-25 05:55:16,432 [main] INFO  http.HttpServer2 (HttpServer2.java:addFilter(958)) - Added filter static_user_filter (class=org.apache.hadoop.http.lib.StaticUserWebFilter$StaticUserFilter) to context logs
2019-09-25 05:55:16,432 [main] INFO  http.HttpServer2 (HttpServer2.java:bindListener(1191)) - Jetty bound to port 37622
2019-09-25 05:55:16,433 [main] INFO  server.Server (Server.java:doStart(351)) - jetty-9.3.25.v20180904, build timestamp: 2018-09-04T21:11:46Z, git hash: 3ce520221d0240229c862b122d2b06c12a625732
2019-09-25 05:55:16,435 [main] INFO  handler.ContextHandler (ContextHandler.java:doStart(781)) - Started o.e.j.s.ServletContextHandler@fc807c1{/logs,file:///workdir/hadoop-ozone/tools/target/log,AVAILABLE}
2019-09-25 05:55:16,435 [main] INFO  handler.ContextHandler (ContextHandler.java:doStart(781)) - Started o.e.j.s.ServletContextHandler@59cda16e{/static,jar:file:/home/user/.m2/repository/org/apache/hadoop/hadoop-hdds-container-service/0.5.0-SNAPSHOT/hadoop-hdds-container-service-0.5.0-SNAPSHOT.jar!/webapps/static,AVAILABLE}
2019-09-25 05:55:16,463 [main] INFO  handler.ContextHandler (ContextHandler.java:doStart(781)) - Started o.e.j.w.WebAppContext@3cd9aa64{/,file:///tmp/jetty-0.0.0.0-37622-hddsDatanode-_-any-6008638427321247401.dir/webapp/,AVAILABLE}{/hddsDatanode}
2019-09-25 05:55:16,464 [main] INFO  server.AbstractConnector (AbstractConnector.java:doStart(278)) - Started ServerConnector@42b84286{HTTP/1.1,[http/1.1]}{0.0.0.0:37622}
2019-09-25 05:55:16,464 [main] INFO  server.Server (Server.java:doStart(419)) - Started @5462ms
2019-09-25 05:55:16,464 [main] WARN  impl.MetricsSystemImpl (MetricsSystemImpl.java:register(276)) - Sink prometheus already exists!
2019-09-25 05:55:16,466 [main] INFO  server.BaseHttpServer (BaseHttpServer.java:updateConnectorAddress(215)) - HTTP server of HDDSDATANODE is listening at http://0.0.0.0:37622
2019-09-25 05:55:16,468 [main] INFO  ozone.MiniOzoneClusterImpl (MiniOzoneClusterImpl.java:lambda$waitForClusterToBeReady$0(147)) - Waiting for cluster to be ready. Got 0 of 3 DN Heartbeats.
2019-09-25 05:55:16,470 [org.apache.hadoop.util.JvmPauseMonitor$Monitor@7e7ee8e2] INFO  util.JvmPauseMonitor (JvmPauseMonitor.java:run(188)) - Starting JVM pause monitor
2019-09-25 05:55:16,481 [Datanode State Machine Thread - 0] INFO  datanode.InitDatanodeState (InitDatanodeState.java:persistContainerDatanodeDetails(140)) - DatanodeDetails is persisted to /workdir/hadoop-ozone/tools/target/test-dir/MiniOzoneClusterImpl-ee66e79a-8124-4b50-8b06-9837ad27a0bb/datanode-0/meta/datanode.id
2019-09-25 05:55:16,486 [Datanode State Machine Thread - 0] INFO  datanode.InitDatanodeState (InitDatanodeState.java:persistContainerDatanodeDetails(140)) - DatanodeDetails is persisted to /workdir/hadoop-ozone/tools/target/test-dir/MiniOzoneClusterImpl-ee66e79a-8124-4b50-8b06-9837ad27a0bb/datanode-2/meta/datanode.id
2019-09-25 05:55:16,488 [Datanode State Machine Thread - 0] INFO  datanode.InitDatanodeState (InitDatanodeState.java:persistContainerDatanodeDetails(140)) - DatanodeDetails is persisted to /workdir/hadoop-ozone/tools/target/test-dir/MiniOzoneClusterImpl-ee66e79a-8124-4b50-8b06-9837ad27a0bb/datanode-1/meta/datanode.id
2019-09-25 05:55:17,469 [main] INFO  ozone.MiniOzoneClusterImpl (MiniOzoneClusterImpl.java:lambda$waitForClusterToBeReady$0(147)) - Waiting for cluster to be ready. Got 0 of 3 DN Heartbeats.
2019-09-25 05:55:18,416 [Datanode State Machine Thread - 0] INFO  ozoneimpl.OzoneContainer (OzoneContainer.java:start(217)) - Attempting to start container services.
2019-09-25 05:55:18,416 [Datanode State Machine Thread - 0] INFO  ozoneimpl.OzoneContainer (OzoneContainer.java:start(217)) - Attempting to start container services.
2019-09-25 05:55:18,422 [Datanode State Machine Thread - 0] INFO  ozoneimpl.OzoneContainer (OzoneContainer.java:startContainerScrub(179)) - Background container scanner has been disabled.
2019-09-25 05:55:18,422 [Datanode State Machine Thread - 0] INFO  ozoneimpl.OzoneContainer (OzoneContainer.java:startContainerScrub(179)) - Background container scanner has been disabled.
2019-09-25 05:55:18,423 [Datanode State Machine Thread - 0] INFO  ratis.XceiverServerRatis (XceiverServerRatis.java:start(411)) - Starting XceiverServerRatis e288bd1d-6916-4b99-86f0-9ad6ba41312f at port 0
2019-09-25 05:55:18,423 [Datanode State Machine Thread - 0] INFO  ratis.XceiverServerRatis (XceiverServerRatis.java:start(411)) - Starting XceiverServerRatis 9dec4261-9116-4e95-be01-4b7ee3b1a3bb at port 0
2019-09-25 05:55:18,467 [Datanode State Machine Thread - 0] INFO  impl.RaftServerProxy (RaftServerProxy.java:lambda$start$3(299)) - 9dec4261-9116-4e95-be01-4b7ee3b1a3bb: start RPC server
2019-09-25 05:55:18,467 [Datanode State Machine Thread - 0] INFO  impl.RaftServerProxy (RaftServerProxy.java:lambda$start$3(299)) - e288bd1d-6916-4b99-86f0-9ad6ba41312f: start RPC server
2019-09-25 05:55:18,470 [main] INFO  ozone.MiniOzoneClusterImpl (MiniOzoneClusterImpl.java:lambda$waitForClusterToBeReady$0(147)) - Waiting for cluster to be ready. Got 0 of 3 DN Heartbeats.
2019-09-25 05:55:18,485 [Datanode State Machine Thread - 0] INFO  ozoneimpl.OzoneContainer (OzoneContainer.java:start(217)) - Attempting to start container services.
2019-09-25 05:55:18,493 [Datanode State Machine Thread - 0] INFO  ozoneimpl.OzoneContainer (OzoneContainer.java:startContainerScrub(179)) - Background container scanner has been disabled.
2019-09-25 05:55:18,493 [Datanode State Machine Thread - 0] INFO  ratis.XceiverServerRatis (XceiverServerRatis.java:start(411)) - Starting XceiverServerRatis f8886b96-44be-42ff-8c95-3c7353123891 at port 0
2019-09-25 05:55:18,504 [Datanode State Machine Thread - 0] INFO  impl.RaftServerProxy (RaftServerProxy.java:lambda$start$3(299)) - f8886b96-44be-42ff-8c95-3c7353123891: start RPC server
2019-09-25 05:55:18,622 [Datanode State Machine Thread - 0] INFO  server.GrpcService (GrpcService.java:startImpl(158)) - f8886b96-44be-42ff-8c95-3c7353123891: GrpcService started, listening on 0.0.0.0/0.0.0.0:35513
2019-09-25 05:55:18,622 [Datanode State Machine Thread - 0] INFO  server.GrpcService (GrpcService.java:startImpl(158)) - e288bd1d-6916-4b99-86f0-9ad6ba41312f: GrpcService started, listening on 0.0.0.0/0.0.0.0:35777
2019-09-25 05:55:18,622 [Datanode State Machine Thread - 0] INFO  server.GrpcService (GrpcService.java:startImpl(158)) - 9dec4261-9116-4e95-be01-4b7ee3b1a3bb: GrpcService started, listening on 0.0.0.0/0.0.0.0:35640
2019-09-25 05:55:18,624 [Datanode State Machine Thread - 0] INFO  ratis.XceiverServerRatis (XceiverServerRatis.java:start(421)) - XceiverServerRatis e288bd1d-6916-4b99-86f0-9ad6ba41312f is started using port 35777
2019-09-25 05:55:18,623 [Datanode State Machine Thread - 0] INFO  ratis.XceiverServerRatis (XceiverServerRatis.java:start(421)) - XceiverServerRatis f8886b96-44be-42ff-8c95-3c7353123891 is started using port 35513
2019-09-25 05:55:18,624 [Datanode State Machine Thread - 0] INFO  ratis.XceiverServerRatis (XceiverServerRatis.java:start(421)) - XceiverServerRatis 9dec4261-9116-4e95-be01-4b7ee3b1a3bb is started using port 35640
2019-09-25 05:55:18,631 [Datanode State Machine Thread - 0] INFO  server.XceiverServerGrpc (XceiverServerGrpc.java:start(149)) - XceiverServerGrpc 9dec4261-9116-4e95-be01-4b7ee3b1a3bb is started using port 34358
2019-09-25 05:55:18,631 [Datanode State Machine Thread - 0] INFO  server.XceiverServerGrpc (XceiverServerGrpc.java:start(149)) - XceiverServerGrpc f8886b96-44be-42ff-8c95-3c7353123891 is started using port 35290
2019-09-25 05:55:18,631 [Datanode State Machine Thread - 0] INFO  server.XceiverServerGrpc (XceiverServerGrpc.java:start(149)) - XceiverServerGrpc e288bd1d-6916-4b99-86f0-9ad6ba41312f is started using port 42912
2019-09-25 05:55:19,472 [main] INFO  ozone.MiniOzoneClusterImpl (MiniOzoneClusterImpl.java:lambda$waitForClusterToBeReady$0(147)) - Waiting for cluster to be ready. Got 0 of 3 DN Heartbeats.
2019-09-25 05:55:20,379 [IPC Server handler 0 on 38056] INFO  net.NetworkTopology (NetworkTopologyImpl.java:add(111)) - Added a new node: /default-rack/9dec4261-9116-4e95-be01-4b7ee3b1a3bb
2019-09-25 05:55:20,381 [IPC Server handler 0 on 38056] INFO  node.SCMNodeManager (SCMNodeManager.java:register(266)) - Registered Data node : 9dec4261-9116-4e95-be01-4b7ee3b1a3bb{ip: 192.168.5.161, host: pr-hdds-1569-zxpks-796972592, networkLocation: /default-rack, certSerialId: null}
2019-09-25 05:55:20,386 [EventQueue-NodeRegistrationContainerReportForDataNodeSafeModeRule] INFO  safemode.SCMSafeModeManager (DataNodeSafeModeRule.java:process(71)) - SCM in safe mode. 1 DataNodes registered, 1 required.
2019-09-25 05:55:20,386 [EventQueue-NodeRegistrationContainerReportForDataNodeSafeModeRule] INFO  safemode.SCMSafeModeManager (SCMSafeModeManager.java:validateSafeModeExitRules(177)) - ScmSafeModeManager, all rules are successfully validated
2019-09-25 05:55:20,387 [EventQueue-NodeRegistrationContainerReportForDataNodeSafeModeRule] INFO  safemode.SCMSafeModeManager (SCMSafeModeManager.java:exitSafeMode(193)) - SCM exiting safe mode.
2019-09-25 05:55:20,405 [IPC Server handler 3 on 38056] INFO  net.NetworkTopology (NetworkTopologyImpl.java:add(111)) - Added a new node: /default-rack/e288bd1d-6916-4b99-86f0-9ad6ba41312f
2019-09-25 05:55:20,406 [IPC Server handler 3 on 38056] INFO  node.SCMNodeManager (SCMNodeManager.java:register(266)) - Registered Data node : e288bd1d-6916-4b99-86f0-9ad6ba41312f{ip: 192.168.5.161, host: pr-hdds-1569-zxpks-796972592, networkLocation: /default-rack, certSerialId: null}
2019-09-25 05:55:20,472 [IPC Server handler 2 on 38056] INFO  net.NetworkTopology (NetworkTopologyImpl.java:add(111)) - Added a new node: /default-rack/f8886b96-44be-42ff-8c95-3c7353123891
2019-09-25 05:55:20,472 [main] INFO  ozone.MiniOzoneClusterImpl (MiniOzoneClusterImpl.java:lambda$waitForClusterToBeReady$0(147)) - Cluster is ready. Got 3 of 3 DN Heartbeats.
2019-09-25 05:55:20,472 [IPC Server handler 2 on 38056] INFO  node.SCMNodeManager (SCMNodeManager.java:register(266)) - Registered Data node : f8886b96-44be-42ff-8c95-3c7353123891{ip: 192.168.5.161, host: pr-hdds-1569-zxpks-796972592, networkLocation: /default-rack, certSerialId: null}
2019-09-25 05:55:20,978 [grpc-default-executor-0] INFO  impl.RaftServerProxy (RaftServerProxy.java:addNew(89)) - 9dec4261-9116-4e95-be01-4b7ee3b1a3bb: addNew group-FF5F93D4A618:[9dec4261-9116-4e95-be01-4b7ee3b1a3bb:192.168.5.161:35640] returns group-FF5F93D4A618:java.util.concurrent.CompletableFuture@452d941c[Not completed]
2019-09-25 05:55:20,999 [pool-27-thread-1] INFO  impl.RaftServerImpl (RaftServerImpl.java:<init>(95)) - 9dec4261-9116-4e95-be01-4b7ee3b1a3bb: new RaftServerImpl for group-FF5F93D4A618:[9dec4261-9116-4e95-be01-4b7ee3b1a3bb:192.168.5.161:35640] with ContainerStateMachine:uninitialized
2019-09-25 05:55:21,003 [pool-27-thread-1] INFO  server.RaftServerConfigKeys (ConfUtils.java:logGet(43)) - raft.server.rpc.timeout.min = 5s (custom)
2019-09-25 05:55:21,004 [pool-27-thread-1] INFO  server.RaftServerConfigKeys (ConfUtils.java:logGet(43)) - raft.server.rpc.timeout.max = 5200ms (custom)
2019-09-25 05:55:21,004 [pool-27-thread-1] INFO  server.RaftServerConfigKeys (ConfUtils.java:logGet(43)) - raft.server.rpcslowness.timeout = 120s (custom)
2019-09-25 05:55:21,005 [pool-27-thread-1] INFO  server.RaftServerConfigKeys (ConfUtils.java:logGet(43)) - raft.server.sleep.deviation.threshold = 300 (default)
2019-09-25 05:55:21,006 [pool-27-thread-1] INFO  server.RaftServerConfigKeys (ConfUtils.java:logGet(43)) - raft.server.log.appender.install.snapshot.enabled = false (custom)
2019-09-25 05:55:21,016 [pool-27-thread-1] INFO  impl.RaftServerImpl (ServerState.java:<init>(103)) - 9dec4261-9116-4e95-be01-4b7ee3b1a3bb@group-FF5F93D4A618: ConfigurationManager, init=-1: [9dec4261-9116-4e95-be01-4b7ee3b1a3bb:192.168.5.161:35640], old=null, confs=<EMPTY_MAP>
2019-09-25 05:55:21,017 [pool-27-thread-1] INFO  server.RaftServerConfigKeys (ConfUtils.java:logGet(43)) - raft.server.storage.dir = [/workdir/hadoop-ozone/tools/target/test-dir/MiniOzoneClusterImpl-ee66e79a-8124-4b50-8b06-9837ad27a0bb/datanode-0/data/ratis] (custom)
2019-09-25 05:55:21,026 [pool-27-thread-1] INFO  storage.RaftStorageDirectory (RaftStorageDirectory.java:analyzeStorage(246)) - The storage directory /workdir/hadoop-ozone/tools/target/test-dir/MiniOzoneClusterImpl-ee66e79a-8124-4b50-8b06-9837ad27a0bb/datanode-0/data/ratis/456b16e7-ffd3-4d7d-ac90-ff5f93d4a618 does not exist. Creating ...
2019-09-25 05:55:21,044 [pool-27-thread-1] INFO  storage.RaftStorageDirectory (RaftStorageDirectory.java:tryLock(328)) - Lock on /workdir/hadoop-ozone/tools/target/test-dir/MiniOzoneClusterImpl-ee66e79a-8124-4b50-8b06-9837ad27a0bb/datanode-0/data/ratis/456b16e7-ffd3-4d7d-ac90-ff5f93d4a618/in_use.lock acquired by nodename 21869@pr-hdds-1569-zxpks-796972592
2019-09-25 05:55:21,060 [pool-27-thread-1] INFO  storage.RaftStorage (RaftStorage.java:format(72)) - Storage directory /workdir/hadoop-ozone/tools/target/test-dir/MiniOzoneClusterImpl-ee66e79a-8124-4b50-8b06-9837ad27a0bb/datanode-0/data/ratis/456b16e7-ffd3-4d7d-ac90-ff5f93d4a618 has been successfully formatted.
2019-09-25 05:55:21,062 [pool-27-thread-1] INFO  ratis.ContainerStateMachine (ContainerStateMachine.java:loadSnapshot(230)) - group-FF5F93D4A618: The snapshot info is null. Setting the last applied indexto:(t:0, i:~)
2019-09-25 05:55:21,063 [pool-27-thread-1] INFO  server.RaftServerConfigKeys (ConfUtils.java:logGet(43)) - raft.server.notification.no-leader.timeout = 120s (custom)
2019-09-25 05:55:21,065 [pool-27-thread-1] INFO  server.RaftServerConfigKeys (ConfUtils.java:logGet(43)) - raft.server.log.use.memory = false (default)
2019-09-25 05:55:21,072 [pool-27-thread-1] INFO  server.RaftServerConfigKeys (ConfUtils.java:logGet(43)) - raft.server.log.purge.gap = 1000000 (custom)
2019-09-25 05:55:21,072 [pool-27-thread-1] INFO  server.RaftServerConfigKeys (ConfUtils.java:logGet(43)) - raft.server.log.appender.buffer.byte-limit = 33554432 (custom)
2019-09-25 05:55:21,075 [pool-27-thread-1] INFO  server.RaftServerConfigKeys (ConfUtils.java:logGet(43)) - raft.server.log.segment.size.max = 1048576 (custom)
2019-09-25 05:55:21,081 [pool-27-thread-1] INFO  server.RaftServerConfigKeys (ConfUtils.java:logGet(43)) - raft.server.log.segment.cache.num.max = 2 (custom)
2019-09-25 05:55:21,089 [pool-27-thread-1] INFO  segmented.SegmentedRaftLogWorker (SegmentedRaftLogWorker.java:<init>(172)) - new 9dec4261-9116-4e95-be01-4b7ee3b1a3bb@group-FF5F93D4A618-SegmentedRaftLogWorker for RaftStorage:Storage Directory /workdir/hadoop-ozone/tools/target/test-dir/MiniOzoneClusterImpl-ee66e79a-8124-4b50-8b06-9837ad27a0bb/datanode-0/data/ratis/456b16e7-ffd3-4d7d-ac90-ff5f93d4a618
2019-09-25 05:55:21,091 [pool-27-thread-1] INFO  impl.MetricsSystemImpl (MetricsSystemImpl.java:init(158)) - ratis metrics system started (again)
2019-09-25 05:55:21,099 [pool-27-thread-1] INFO  metrics.MetricRegistries (MetricRegistriesLoader.java:load(64)) - Loaded MetricRegistries class org.apache.ratis.metrics.impl.MetricRegistriesImpl
2019-09-25 05:55:21,108 [main] INFO  freon.RandomKeyGenerator (RandomKeyGenerator.java:call(283)) - Number of Threads: 10
2019-09-25 05:55:21,109 [main] INFO  freon.RandomKeyGenerator (RandomKeyGenerator.java:call(288)) - Number of Volumes: 1.
2019-09-25 05:55:21,109 [main] INFO  freon.RandomKeyGenerator (RandomKeyGenerator.java:call(289)) - Number of Buckets per Volume: 1.
2019-09-25 05:55:21,110 [main] INFO  freon.RandomKeyGenerator (RandomKeyGenerator.java:call(290)) - Number of Keys per Bucket: 1.
2019-09-25 05:55:21,110 [main] INFO  freon.RandomKeyGenerator (RandomKeyGenerator.java:call(291)) - Key size: 20971520 bytes
2019-09-25 05:55:21,110 [main] INFO  freon.RandomKeyGenerator (RandomKeyGenerator.java:call(292)) - Buffer size: 4096 bytes
2019-09-25 05:55:21,110 [main] INFO  freon.RandomKeyGenerator (RandomKeyGenerator.java:call(293)) - validateWrites : true
2019-09-25 05:55:21,116 [main] INFO  freon.RandomKeyGenerator (RandomKeyGenerator.java:call(307)) - Data validation is enabled.
2019-09-25 05:55:21,117 [main] INFO  freon.RandomKeyGenerator (RandomKeyGenerator.java:call(313)) - Starting progress bar Thread.

 0.00% |█                                                                                                    |  0/1 Time: 0:00:002019-09-25 05:55:21,136 [pool-53-thread-1] INFO  rpc.RpcClient (RpcClient.java:createVolume(276)) - Creating Volume: vol-0-94609, with jenkins1000 as owner.
2019-09-25 05:55:21,148 [pool-27-thread-1] INFO  server.RaftServerConfigKeys (ConfUtils.java:logGet(43)) - raft.server.log.queue.byte-limit = 2147483647 (custom)
2019-09-25 05:55:21,149 [pool-27-thread-1] INFO  server.RaftServerConfigKeys (ConfUtils.java:logGet(43)) - raft.server.log.queue.element-limit = 1024 (custom)
2019-09-25 05:55:21,154 [pool-27-thread-1] INFO  server.RaftServerConfigKeys (ConfUtils.java:logGet(43)) - raft.server.log.segment.size.max = 1048576 (custom)
2019-09-25 05:55:21,154 [pool-27-thread-1] INFO  server.RaftServerConfigKeys (ConfUtils.java:logGet(43)) - raft.server.log.preallocated.size = 16384 (custom)
2019-09-25 05:55:21,155 [pool-27-thread-1] INFO  server.RaftServerConfigKeys (ConfUtils.java:logGet(43)) - raft.server.log.write.buffer.size = 33554432 (custom)
2019-09-25 05:55:21,156 [pool-27-thread-1] INFO  server.RaftServerConfigKeys (ConfUtils.java:logGet(43)) - raft.server.log.force.sync.num = 128 (default)
2019-09-25 05:55:21,157 [pool-27-thread-1] INFO  server.RaftServerConfigKeys (ConfUtils.java:logGet(43)) - raft.server.log.statemachine.data.sync = true (default)
2019-09-25 05:55:21,157 [pool-27-thread-1] INFO  server.RaftServerConfigKeys (ConfUtils.java:logGet(43)) - raft.server.log.statemachine.data.sync.timeout = 10s (default)
2019-09-25 05:55:21,158 [pool-27-thread-1] INFO  server.RaftServerConfigKeys (ConfUtils.java:logGet(43)) - raft.server.log.statemachine.data.sync.timeout.retry = -1 (default)
2019-09-25 05:55:21,170 [pool-27-thread-1] INFO  server.RaftServerConfigKeys (ConfUtils.java:logGet(43)) - raft.server.log.statemachine.data.caching.enabled = true (custom)
2019-09-25 05:55:21,176 [pool-27-thread-1] INFO  segmented.SegmentedRaftLogWorker (SegmentedRaftLogWorker.java:lambda$new$0(132)) - 9dec4261-9116-4e95-be01-4b7ee3b1a3bb@group-FF5F93D4A618-SegmentedRaftLogWorker: flushIndex: setUnconditionally 0 -> -1
2019-09-25 05:55:21,181 [pool-27-thread-1] INFO  server.RaftServerConfigKeys (ConfUtils.java:logGet(43)) - raft.server.snapshot.auto.trigger.enabled = true (custom)
2019-09-25 05:55:21,182 [pool-27-thread-1] INFO  server.RaftServerConfigKeys (ConfUtils.java:logGet(43)) - raft.server.snapshot.auto.trigger.threshold = 10000 (custom)
2019-09-25 05:55:21,183 [pool-27-thread-1] INFO  server.RaftServerConfigKeys (ConfUtils.java:logGet(43)) - raft.server.snapshot.retention.num.files = 5 (custom)
2019-09-25 05:55:21,183 [pool-27-thread-1] INFO  server.RaftServerConfigKeys (ConfUtils.java:logGet(43)) - raft.server.retrycache.expirytime = 600000ms (custom)
2019-09-25 05:55:21,216 [pool-27-thread-1] INFO  impl.RaftServerImpl (RaftServerImpl.java:start(185)) - 9dec4261-9116-4e95-be01-4b7ee3b1a3bb@group-FF5F93D4A618: start as a follower, conf=-1: [9dec4261-9116-4e95-be01-4b7ee3b1a3bb:192.168.5.161:35640], old=null
2019-09-25 05:55:21,217 [pool-27-thread-1] INFO  impl.RaftServerImpl (RaftServerImpl.java:setRole(174)) - 9dec4261-9116-4e95-be01-4b7ee3b1a3bb@group-FF5F93D4A618: changes role from      null to FOLLOWER at term 0 for startAsFollower
2019-09-25 05:55:21,218 [pool-27-thread-1] INFO  impl.RoleInfo (RoleInfo.java:updateAndGet(143)) - 9dec4261-9116-4e95-be01-4b7ee3b1a3bb: start FollowerState
2019-09-25 05:55:21,220 [IPC Server handler 2 on 39067] INFO  volume.OMVolumeCreateRequest (OMVolumeCreateRequest.java:validateAndUpdateCache(189)) - created volume:vol-0-94609 for user:jenkins1000
2019-09-25 05:55:21,221 [pool-27-thread-1] INFO  util.JmxRegister (JmxRegister.java:tryRegister(44)) - Successfully registered JMX Bean with object name Ratis:service=RaftServer,group=group-FF5F93D4A618,id=9dec4261-9116-4e95-be01-4b7ee3b1a3bb
2019-09-25 05:55:21,260 [pool-53-thread-2] INFO  rpc.RpcClient (RpcClient.java:createBucket(415)) - Creating Bucket: vol-0-94609/bucket-0-44881, with Versioning false and Storage Type set to DISK and Encryption set to false 
2019-09-25 05:55:21,296 [RatisPipelineUtilsThread] INFO  pipeline.PipelineStateManager (PipelineStateManager.java:addPipeline(56)) - Created pipeline Pipeline[ Id: 456b16e7-ffd3-4d7d-ac90-ff5f93d4a618, Nodes: 9dec4261-9116-4e95-be01-4b7ee3b1a3bb{ip: 192.168.5.161, host: pr-hdds-1569-zxpks-796972592, networkLocation: /default-rack, certSerialId: null}, Type:RATIS, Factor:ONE, State:OPEN]
2019-09-25 05:55:21,324 [grpc-default-executor-0] INFO  impl.RaftServerProxy (RaftServerProxy.java:addNew(89)) - f8886b96-44be-42ff-8c95-3c7353123891: addNew group-057DFDF15756:[f8886b96-44be-42ff-8c95-3c7353123891:192.168.5.161:35513] returns group-057DFDF15756:java.util.concurrent.CompletableFuture@9c0a104[Not completed]
2019-09-25 05:55:21,357 [pool-47-thread-1] INFO  impl.RaftServerImpl (RaftServerImpl.java:<init>(95)) - f8886b96-44be-42ff-8c95-3c7353123891: new RaftServerImpl for group-057DFDF15756:[f8886b96-44be-42ff-8c95-3c7353123891:192.168.5.161:35513] with ContainerStateMachine:uninitialized
2019-09-25 05:55:21,359 [pool-47-thread-1] INFO  server.RaftServerConfigKeys (ConfUtils.java:logGet(43)) - raft.server.rpc.timeout.min = 5s (custom)
2019-09-25 05:55:21,360 [pool-47-thread-1] INFO  server.RaftServerConfigKeys (ConfUtils.java:logGet(43)) - raft.server.rpc.timeout.max = 5200ms (custom)
2019-09-25 05:55:21,360 [pool-47-thread-1] INFO  server.RaftServerConfigKeys (ConfUtils.java:logGet(43)) - raft.server.rpcslowness.timeout = 120s (custom)
2019-09-25 05:55:21,360 [pool-47-thread-1] INFO  server.RaftServerConfigKeys (ConfUtils.java:logGet(43)) - raft.server.sleep.deviation.threshold = 300 (default)
2019-09-25 05:55:21,360 [pool-47-thread-1] INFO  server.RaftServerConfigKeys (ConfUtils.java:logGet(43)) - raft.server.log.appender.install.snapshot.enabled = false (custom)
2019-09-25 05:55:21,361 [pool-47-thread-1] INFO  impl.RaftServerImpl (ServerState.java:<init>(103)) - f8886b96-44be-42ff-8c95-3c7353123891@group-057DFDF15756: ConfigurationManager, init=-1: [f8886b96-44be-42ff-8c95-3c7353123891:192.168.5.161:35513], old=null, confs=<EMPTY_MAP>
2019-09-25 05:55:21,361 [pool-47-thread-1] INFO  server.RaftServerConfigKeys (ConfUtils.java:logGet(43)) - raft.server.storage.dir = [/workdir/hadoop-ozone/tools/target/test-dir/MiniOzoneClusterImpl-ee66e79a-8124-4b50-8b06-9837ad27a0bb/datanode-2/data/ratis] (custom)
2019-09-25 05:55:21,362 [pool-47-thread-1] INFO  storage.RaftStorageDirectory (RaftStorageDirectory.java:analyzeStorage(246)) - The storage directory /workdir/hadoop-ozone/tools/target/test-dir/MiniOzoneClusterImpl-ee66e79a-8124-4b50-8b06-9837ad27a0bb/datanode-2/data/ratis/604baa39-f611-458f-8d11-057dfdf15756 does not exist. Creating ...
2019-09-25 05:55:21,383 [pool-47-thread-1] INFO  storage.RaftStorageDirectory (RaftStorageDirectory.java:tryLock(328)) - Lock on /workdir/hadoop-ozone/tools/target/test-dir/MiniOzoneClusterImpl-ee66e79a-8124-4b50-8b06-9837ad27a0bb/datanode-2/data/ratis/604baa39-f611-458f-8d11-057dfdf15756/in_use.lock acquired by nodename 21869@pr-hdds-1569-zxpks-796972592
2019-09-25 05:55:21,396 [pool-47-thread-1] INFO  storage.RaftStorage (RaftStorage.java:format(72)) - Storage directory /workdir/hadoop-ozone/tools/target/test-dir/MiniOzoneClusterImpl-ee66e79a-8124-4b50-8b06-9837ad27a0bb/datanode-2/data/ratis/604baa39-f611-458f-8d11-057dfdf15756 has been successfully formatted.
2019-09-25 05:55:21,398 [pool-47-thread-1] INFO  ratis.ContainerStateMachine (ContainerStateMachine.java:loadSnapshot(230)) - group-057DFDF15756: The snapshot info is null. Setting the last applied indexto:(t:0, i:~)
2019-09-25 05:55:21,399 [pool-47-thread-1] INFO  server.RaftServerConfigKeys (ConfUtils.java:logGet(43)) - raft.server.notification.no-leader.timeout = 120s (custom)
2019-09-25 05:55:21,399 [pool-47-thread-1] INFO  server.RaftServerConfigKeys (ConfUtils.java:logGet(43)) - raft.server.log.use.memory = false (default)
2019-09-25 05:55:21,399 [pool-47-thread-1] INFO  server.RaftServerConfigKeys (ConfUtils.java:logGet(43)) - raft.server.log.purge.gap = 1000000 (custom)
2019-09-25 05:55:21,399 [pool-47-thread-1] INFO  server.RaftServerConfigKeys (ConfUtils.java:logGet(43)) - raft.server.log.appender.buffer.byte-limit = 33554432 (custom)
2019-09-25 05:55:21,400 [pool-47-thread-1] INFO  server.RaftServerConfigKeys (ConfUtils.java:logGet(43)) - raft.server.log.segment.size.max = 1048576 (custom)
2019-09-25 05:55:21,400 [pool-47-thread-1] INFO  server.RaftServerConfigKeys (ConfUtils.java:logGet(43)) - raft.server.log.segment.cache.num.max = 2 (custom)
2019-09-25 05:55:21,400 [pool-47-thread-1] INFO  segmented.SegmentedRaftLogWorker (SegmentedRaftLogWorker.java:<init>(172)) - new f8886b96-44be-42ff-8c95-3c7353123891@group-057DFDF15756-SegmentedRaftLogWorker for RaftStorage:Storage Directory /workdir/hadoop-ozone/tools/target/test-dir/MiniOzoneClusterImpl-ee66e79a-8124-4b50-8b06-9837ad27a0bb/datanode-2/data/ratis/604baa39-f611-458f-8d11-057dfdf15756
2019-09-25 05:55:21,406 [pool-47-thread-1] INFO  server.RaftServerConfigKeys (ConfUtils.java:logGet(43)) - raft.server.log.queue.byte-limit = 2147483647 (custom)
2019-09-25 05:55:21,406 [pool-47-thread-1] INFO  server.RaftServerConfigKeys (ConfUtils.java:logGet(43)) - raft.server.log.queue.element-limit = 1024 (custom)
2019-09-25 05:55:21,406 [pool-47-thread-1] INFO  server.RaftServerConfigKeys (ConfUtils.java:logGet(43)) - raft.server.log.segment.size.max = 1048576 (custom)
2019-09-25 05:55:21,407 [pool-47-thread-1] INFO  server.RaftServerConfigKeys (ConfUtils.java:logGet(43)) - raft.server.log.preallocated.size = 16384 (custom)
2019-09-25 05:55:21,407 [pool-47-thread-1] INFO  server.RaftServerConfigKeys (ConfUtils.java:logGet(43)) - raft.server.log.write.buffer.size = 33554432 (custom)
2019-09-25 05:55:21,407 [pool-47-thread-1] INFO  server.RaftServerConfigKeys (ConfUtils.java:logGet(43)) - raft.server.log.force.sync.num = 128 (default)
2019-09-25 05:55:21,407 [pool-47-thread-1] INFO  server.RaftServerConfigKeys (ConfUtils.java:logGet(43)) - raft.server.log.statemachine.data.sync = true (default)
2019-09-25 05:55:21,407 [pool-47-thread-1] INFO  server.RaftServerConfigKeys (ConfUtils.java:logGet(43)) - raft.server.log.statemachine.data.sync.timeout = 10s (default)
2019-09-25 05:55:21,407 [pool-47-thread-1] INFO  server.RaftServerConfigKeys (ConfUtils.java:logGet(43)) - raft.server.log.statemachine.data.sync.timeout.retry = -1 (default)
2019-09-25 05:55:21,408 [pool-47-thread-1] INFO  server.RaftServerConfigKeys (ConfUtils.java:logGet(43)) - raft.server.log.statemachine.data.caching.enabled = true (custom)
2019-09-25 05:55:21,408 [pool-47-thread-1] INFO  segmented.SegmentedRaftLogWorker (SegmentedRaftLogWorker.java:lambda$new$0(132)) - f8886b96-44be-42ff-8c95-3c7353123891@group-057DFDF15756-SegmentedRaftLogWorker: flushIndex: setUnconditionally 0 -> -1
2019-09-25 05:55:21,408 [pool-47-thread-1] INFO  server.RaftServerConfigKeys (ConfUtils.java:logGet(43)) - raft.server.snapshot.auto.trigger.enabled = true (custom)
2019-09-25 05:55:21,409 [pool-47-thread-1] INFO  server.RaftServerConfigKeys (ConfUtils.java:logGet(43)) - raft.server.snapshot.auto.trigger.threshold = 10000 (custom)
2019-09-25 05:55:21,409 [pool-47-thread-1] INFO  server.RaftServerConfigKeys (ConfUtils.java:logGet(43)) - raft.server.snapshot.retention.num.files = 5 (custom)
2019-09-25 05:55:21,409 [pool-47-thread-1] INFO  server.RaftServerConfigKeys (ConfUtils.java:logGet(43)) - raft.server.retrycache.expirytime = 600000ms (custom)
2019-09-25 05:55:21,414 [pool-47-thread-1] INFO  impl.RaftServerImpl (RaftServerImpl.java:start(185)) - f8886b96-44be-42ff-8c95-3c7353123891@group-057DFDF15756: start as a follower, conf=-1: [f8886b96-44be-42ff-8c95-3c7353123891:192.168.5.161:35513], old=null
2019-09-25 05:55:21,414 [pool-47-thread-1] INFO  impl.RaftServerImpl (RaftServerImpl.java:setRole(174)) - f8886b96-44be-42ff-8c95-3c7353123891@group-057DFDF15756: changes role from      null to FOLLOWER at term 0 for startAsFollower
2019-09-25 05:55:21,414 [pool-47-thread-1] INFO  impl.RoleInfo (RoleInfo.java:updateAndGet(143)) - f8886b96-44be-42ff-8c95-3c7353123891: start FollowerState
2019-09-25 05:55:21,416 [pool-47-thread-1] INFO  util.JmxRegister (JmxRegister.java:tryRegister(44)) - Successfully registered JMX Bean with object name Ratis:service=RaftServer,group=group-057DFDF15756,id=f8886b96-44be-42ff-8c95-3c7353123891
2019-09-25 05:55:21,431 [RatisPipelineUtilsThread] INFO  pipeline.PipelineStateManager (PipelineStateManager.java:addPipeline(56)) - Created pipeline Pipeline[ Id: 604baa39-f611-458f-8d11-057dfdf15756, Nodes: f8886b96-44be-42ff-8c95-3c7353123891{ip: 192.168.5.161, host: pr-hdds-1569-zxpks-796972592, networkLocation: /default-rack, certSerialId: null}, Type:RATIS, Factor:ONE, State:OPEN]
2019-09-25 05:55:21,451 [grpc-default-executor-0] INFO  impl.RaftServerProxy (RaftServerProxy.java:addNew(89)) - f8886b96-44be-42ff-8c95-3c7353123891: addNew group-ED74C99223D1:[f8886b96-44be-42ff-8c95-3c7353123891:192.168.5.161:35513] returns group-ED74C99223D1:java.util.concurrent.CompletableFuture@9ac019b[Not completed]
2019-09-25 05:55:21,453 [pool-47-thread-1] INFO  impl.RaftServerImpl (RaftServerImpl.java:<init>(95)) - f8886b96-44be-42ff-8c95-3c7353123891: new RaftServerImpl for group-ED74C99223D1:[f8886b96-44be-42ff-8c95-3c7353123891:192.168.5.161:35513] with ContainerStateMachine:uninitialized
2019-09-25 05:55:21,453 [pool-47-thread-1] INFO  server.RaftServerConfigKeys (ConfUtils.java:logGet(43)) - raft.server.rpc.timeout.min = 5s (custom)
2019-09-25 05:55:21,453 [pool-47-thread-1] INFO  server.RaftServerConfigKeys (ConfUtils.java:logGet(43)) - raft.server.rpc.timeout.max = 5200ms (custom)
2019-09-25 05:55:21,454 [pool-47-thread-1] INFO  server.RaftServerConfigKeys (ConfUtils.java:logGet(43)) - raft.server.rpcslowness.timeout = 120s (custom)
2019-09-25 05:55:21,454 [pool-47-thread-1] INFO  server.RaftServerConfigKeys (ConfUtils.java:logGet(43)) - raft.server.sleep.deviation.threshold = 300 (default)
2019-09-25 05:55:21,454 [pool-47-thread-1] INFO  server.RaftServerConfigKeys (ConfUtils.java:logGet(43)) - raft.server.log.appender.install.snapshot.enabled = false (custom)
2019-09-25 05:55:21,454 [pool-47-thread-1] INFO  impl.RaftServerImpl (ServerState.java:<init>(103)) - f8886b96-44be-42ff-8c95-3c7353123891@group-ED74C99223D1: ConfigurationManager, init=-1: [f8886b96-44be-42ff-8c95-3c7353123891:192.168.5.161:35513], old=null, confs=<EMPTY_MAP>
2019-09-25 05:55:21,454 [pool-47-thread-1] INFO  server.RaftServerConfigKeys (ConfUtils.java:logGet(43)) - raft.server.storage.dir = [/workdir/hadoop-ozone/tools/target/test-dir/MiniOzoneClusterImpl-ee66e79a-8124-4b50-8b06-9837ad27a0bb/datanode-2/data/ratis] (custom)
2019-09-25 05:55:21,455 [pool-47-thread-1] INFO  storage.RaftStorageDirectory (RaftStorageDirectory.java:analyzeStorage(246)) - The storage directory /workdir/hadoop-ozone/tools/target/test-dir/MiniOzoneClusterImpl-ee66e79a-8124-4b50-8b06-9837ad27a0bb/datanode-2/data/ratis/b754a087-ce15-4739-806e-ed74c99223d1 does not exist. Creating ...
2019-09-25 05:55:21,477 [pool-47-thread-1] INFO  storage.RaftStorageDirectory (RaftStorageDirectory.java:tryLock(328)) - Lock on /workdir/hadoop-ozone/tools/target/test-dir/MiniOzoneClusterImpl-ee66e79a-8124-4b50-8b06-9837ad27a0bb/datanode-2/data/ratis/b754a087-ce15-4739-806e-ed74c99223d1/in_use.lock acquired by nodename 21869@pr-hdds-1569-zxpks-796972592
2019-09-25 05:55:21,490 [pool-47-thread-1] INFO  storage.RaftStorage (RaftStorage.java:format(72)) - Storage directory /workdir/hadoop-ozone/tools/target/test-dir/MiniOzoneClusterImpl-ee66e79a-8124-4b50-8b06-9837ad27a0bb/datanode-2/data/ratis/b754a087-ce15-4739-806e-ed74c99223d1 has been successfully formatted.
2019-09-25 05:55:21,490 [pool-47-thread-1] INFO  ratis.ContainerStateMachine (ContainerStateMachine.java:loadSnapshot(230)) - group-ED74C99223D1: The snapshot info is null. Setting the last applied indexto:(t:0, i:~)
2019-09-25 05:55:21,491 [pool-47-thread-1] INFO  server.RaftServerConfigKeys (ConfUtils.java:logGet(43)) - raft.server.notification.no-leader.timeout = 120s (custom)
2019-09-25 05:55:21,491 [pool-47-thread-1] INFO  server.RaftServerConfigKeys (ConfUtils.java:logGet(43)) - raft.server.log.use.memory = false (default)
2019-09-25 05:55:21,491 [pool-47-thread-1] INFO  server.RaftServerConfigKeys (ConfUtils.java:logGet(43)) - raft.server.log.purge.gap = 1000000 (custom)
2019-09-25 05:55:21,491 [pool-47-thread-1] INFO  server.RaftServerConfigKeys (ConfUtils.java:logGet(43)) - raft.server.log.appender.buffer.byte-limit = 33554432 (custom)
2019-09-25 05:55:21,491 [pool-47-thread-1] INFO  server.RaftServerConfigKeys (ConfUtils.java:logGet(43)) - raft.server.log.segment.size.max = 1048576 (custom)
2019-09-25 05:55:21,492 [pool-47-thread-1] INFO  server.RaftServerConfigKeys (ConfUtils.java:logGet(43)) - raft.server.log.segment.cache.num.max = 2 (custom)
2019-09-25 05:55:21,492 [pool-47-thread-1] INFO  segmented.SegmentedRaftLogWorker (SegmentedRaftLogWorker.java:<init>(172)) - new f8886b96-44be-42ff-8c95-3c7353123891@group-ED74C99223D1-SegmentedRaftLogWorker for RaftStorage:Storage Directory /workdir/hadoop-ozone/tools/target/test-dir/MiniOzoneClusterImpl-ee66e79a-8124-4b50-8b06-9837ad27a0bb/datanode-2/data/ratis/b754a087-ce15-4739-806e-ed74c99223d1
2019-09-25 05:55:21,492 [pool-47-thread-1] INFO  server.RaftServerConfigKeys (ConfUtils.java:logGet(43)) - raft.server.log.queue.byte-limit = 2147483647 (custom)
2019-09-25 05:55:21,492 [pool-47-thread-1] INFO  server.RaftServerConfigKeys (ConfUtils.java:logGet(43)) - raft.server.log.queue.element-limit = 1024 (custom)
2019-09-25 05:55:21,492 [pool-47-thread-1] INFO  server.RaftServerConfigKeys (ConfUtils.java:logGet(43)) - raft.server.log.segment.size.max = 1048576 (custom)
2019-09-25 05:55:21,493 [pool-47-thread-1] INFO  server.RaftServerConfigKeys (ConfUtils.java:logGet(43)) - raft.server.log.preallocated.size = 16384 (custom)
2019-09-25 05:55:21,493 [pool-47-thread-1] INFO  server.RaftServerConfigKeys (ConfUtils.java:logGet(43)) - raft.server.log.write.buffer.size = 33554432 (custom)
2019-09-25 05:55:21,493 [pool-47-thread-1] INFO  server.RaftServerConfigKeys (ConfUtils.java:logGet(43)) - raft.server.log.force.sync.num = 128 (default)
2019-09-25 05:55:21,493 [pool-47-thread-1] INFO  server.RaftServerConfigKeys (ConfUtils.java:logGet(43)) - raft.server.log.statemachine.data.sync = true (default)
2019-09-25 05:55:21,493 [pool-47-thread-1] INFO  server.RaftServerConfigKeys (ConfUtils.java:logGet(43)) - raft.server.log.statemachine.data.sync.timeout = 10s (default)
2019-09-25 05:55:21,494 [pool-47-thread-1] INFO  server.RaftServerConfigKeys (ConfUtils.java:logGet(43)) - raft.server.log.statemachine.data.sync.timeout.retry = -1 (default)
2019-09-25 05:55:21,494 [pool-47-thread-1] INFO  server.RaftServerConfigKeys (ConfUtils.java:logGet(43)) - raft.server.log.statemachine.data.caching.enabled = true (custom)
2019-09-25 05:55:21,494 [pool-47-thread-1] INFO  segmented.SegmentedRaftLogWorker (SegmentedRaftLogWorker.java:lambda$new$0(132)) - f8886b96-44be-42ff-8c95-3c7353123891@group-ED74C99223D1-SegmentedRaftLogWorker: flushIndex: setUnconditionally 0 -> -1
2019-09-25 05:55:21,495 [pool-47-thread-1] INFO  server.RaftServerConfigKeys (ConfUtils.java:logGet(43)) - raft.server.snapshot.auto.trigger.enabled = true (custom)
2019-09-25 05:55:21,495 [pool-47-thread-1] INFO  server.RaftServerConfigKeys (ConfUtils.java:logGet(43)) - raft.server.snapshot.auto.trigger.threshold = 10000 (custom)
2019-09-25 05:55:21,495 [pool-47-thread-1] INFO  server.RaftServerConfigKeys (ConfUtils.java:logGet(43)) - raft.server.snapshot.retention.num.files = 5 (custom)
2019-09-25 05:55:21,495 [pool-47-thread-1] INFO  server.RaftServerConfigKeys (ConfUtils.java:logGet(43)) - raft.server.retrycache.expirytime = 600000ms (custom)
2019-09-25 05:55:21,501 [pool-47-thread-1] INFO  impl.RaftServerImpl (RaftServerImpl.java:start(185)) - f8886b96-44be-42ff-8c95-3c7353123891@group-ED74C99223D1: start as a follower, conf=-1: [f8886b96-44be-42ff-8c95-3c7353123891:192.168.5.161:35513], old=null
2019-09-25 05:55:21,501 [pool-47-thread-1] INFO  impl.RaftServerImpl (RaftServerImpl.java:setRole(174)) - f8886b96-44be-42ff-8c95-3c7353123891@group-ED74C99223D1: changes role from      null to FOLLOWER at term 0 for startAsFollower
2019-09-25 05:55:21,501 [pool-47-thread-1] INFO  impl.RoleInfo (RoleInfo.java:updateAndGet(143)) - f8886b96-44be-42ff-8c95-3c7353123891: start FollowerState
2019-09-25 05:55:21,502 [pool-47-thread-1] INFO  util.JmxRegister (JmxRegister.java:tryRegister(44)) - Successfully registered JMX Bean with object name Ratis:service=RaftServer,group=group-ED74C99223D1,id=f8886b96-44be-42ff-8c95-3c7353123891
2019-09-25 05:55:21,516 [RatisPipelineUtilsThread] INFO  pipeline.PipelineStateManager (PipelineStateManager.java:addPipeline(56)) - Created pipeline Pipeline[ Id: b754a087-ce15-4739-806e-ed74c99223d1, Nodes: f8886b96-44be-42ff-8c95-3c7353123891{ip: 192.168.5.161, host: pr-hdds-1569-zxpks-796972592, networkLocation: /default-rack, certSerialId: null}, Type:RATIS, Factor:ONE, State:OPEN]
2019-09-25 05:55:21,534 [grpc-default-executor-0] INFO  impl.RaftServerProxy (RaftServerProxy.java:addNew(89)) - f8886b96-44be-42ff-8c95-3c7353123891: addNew group-8244851C9C96:[f8886b96-44be-42ff-8c95-3c7353123891:192.168.5.161:35513] returns group-8244851C9C96:java.util.concurrent.CompletableFuture@52973c85[Not completed]
2019-09-25 05:55:21,536 [pool-47-thread-1] INFO  impl.RaftServerImpl (RaftServerImpl.java:<init>(95)) - f8886b96-44be-42ff-8c95-3c7353123891: new RaftServerImpl for group-8244851C9C96:[f8886b96-44be-42ff-8c95-3c7353123891:192.168.5.161:35513] with ContainerStateMachine:uninitialized
2019-09-25 05:55:21,537 [pool-47-thread-1] INFO  server.RaftServerConfigKeys (ConfUtils.java:logGet(43)) - raft.server.rpc.timeout.min = 5s (custom)
2019-09-25 05:55:21,537 [pool-47-thread-1] INFO  server.RaftServerConfigKeys (ConfUtils.java:logGet(43)) - raft.server.rpc.timeout.max = 5200ms (custom)
2019-09-25 05:55:21,537 [pool-47-thread-1] INFO  server.RaftServerConfigKeys (ConfUtils.java:logGet(43)) - raft.server.rpcslowness.timeout = 120s (custom)
2019-09-25 05:55:21,537 [pool-47-thread-1] INFO  server.RaftServerConfigKeys (ConfUtils.java:logGet(43)) - raft.server.sleep.deviation.threshold = 300 (default)
2019-09-25 05:55:21,537 [pool-47-thread-1] INFO  server.RaftServerConfigKeys (ConfUtils.java:logGet(43)) - raft.server.log.appender.install.snapshot.enabled = false (custom)
2019-09-25 05:55:21,537 [pool-47-thread-1] INFO  impl.RaftServerImpl (ServerState.java:<init>(103)) - f8886b96-44be-42ff-8c95-3c7353123891@group-8244851C9C96: ConfigurationManager, init=-1: [f8886b96-44be-42ff-8c95-3c7353123891:192.168.5.161:35513], old=null, confs=<EMPTY_MAP>
2019-09-25 05:55:21,538 [pool-47-thread-1] INFO  server.RaftServerConfigKeys (ConfUtils.java:logGet(43)) - raft.server.storage.dir = [/workdir/hadoop-ozone/tools/target/test-dir/MiniOzoneClusterImpl-ee66e79a-8124-4b50-8b06-9837ad27a0bb/datanode-2/data/ratis] (custom)
2019-09-25 05:55:21,539 [pool-47-thread-1] INFO  storage.RaftStorageDirectory (RaftStorageDirectory.java:analyzeStorage(246)) - The storage directory /workdir/hadoop-ozone/tools/target/test-dir/MiniOzoneClusterImpl-ee66e79a-8124-4b50-8b06-9837ad27a0bb/datanode-2/data/ratis/403a73de-8a50-4f94-b959-8244851c9c96 does not exist. Creating ...
2019-09-25 05:55:21,551 [pool-47-thread-1] INFO  storage.RaftStorageDirectory (RaftStorageDirectory.java:tryLock(328)) - Lock on /workdir/hadoop-ozone/tools/target/test-dir/MiniOzoneClusterImpl-ee66e79a-8124-4b50-8b06-9837ad27a0bb/datanode-2/data/ratis/403a73de-8a50-4f94-b959-8244851c9c96/in_use.lock acquired by nodename 21869@pr-hdds-1569-zxpks-796972592
2019-09-25 05:55:21,565 [pool-47-thread-1] INFO  storage.RaftStorage (RaftStorage.java:format(72)) - Storage directory /workdir/hadoop-ozone/tools/target/test-dir/MiniOzoneClusterImpl-ee66e79a-8124-4b50-8b06-9837ad27a0bb/datanode-2/data/ratis/403a73de-8a50-4f94-b959-8244851c9c96 has been successfully formatted.
2019-09-25 05:55:21,565 [pool-47-thread-1] INFO  ratis.ContainerStateMachine (ContainerStateMachine.java:loadSnapshot(230)) - group-8244851C9C96: The snapshot info is null. Setting the last applied indexto:(t:0, i:~)
2019-09-25 05:55:21,565 [pool-47-thread-1] INFO  server.RaftServerConfigKeys (ConfUtils.java:logGet(43)) - raft.server.notification.no-leader.timeout = 120s (custom)
2019-09-25 05:55:21,565 [pool-47-thread-1] INFO  server.RaftServerConfigKeys (ConfUtils.java:logGet(43)) - raft.server.log.use.memory = false (default)
2019-09-25 05:55:21,566 [pool-47-thread-1] INFO  server.RaftServerConfigKeys (ConfUtils.java:logGet(43)) - raft.server.log.purge.gap = 1000000 (custom)
2019-09-25 05:55:21,566 [pool-47-thread-1] INFO  server.RaftServerConfigKeys (ConfUtils.java:logGet(43)) - raft.server.log.appender.buffer.byte-limit = 33554432 (custom)
2019-09-25 05:55:21,566 [pool-47-thread-1] INFO  server.RaftServerConfigKeys (ConfUtils.java:logGet(43)) - raft.server.log.segment.size.max = 1048576 (custom)
2019-09-25 05:55:21,566 [pool-47-thread-1] INFO  server.RaftServerConfigKeys (ConfUtils.java:logGet(43)) - raft.server.log.segment.cache.num.max = 2 (custom)
2019-09-25 05:55:21,566 [pool-47-thread-1] INFO  segmented.SegmentedRaftLogWorker (SegmentedRaftLogWorker.java:<init>(172)) - new f8886b96-44be-42ff-8c95-3c7353123891@group-8244851C9C96-SegmentedRaftLogWorker for RaftStorage:Storage Directory /workdir/hadoop-ozone/tools/target/test-dir/MiniOzoneClusterImpl-ee66e79a-8124-4b50-8b06-9837ad27a0bb/datanode-2/data/ratis/403a73de-8a50-4f94-b959-8244851c9c96
2019-09-25 05:55:21,566 [pool-47-thread-1] INFO  server.RaftServerConfigKeys (ConfUtils.java:logGet(43)) - raft.server.log.queue.byte-limit = 2147483647 (custom)
2019-09-25 05:55:21,567 [pool-47-thread-1] INFO  server.RaftServerConfigKeys (ConfUtils.java:logGet(43)) - raft.server.log.queue.element-limit = 1024 (custom)
2019-09-25 05:55:21,567 [pool-47-thread-1] INFO  server.RaftServerConfigKeys (ConfUtils.java:logGet(43)) - raft.server.log.segment.size.max = 1048576 (custom)
2019-09-25 05:55:21,567 [pool-47-thread-1] INFO  server.RaftServerConfigKeys (ConfUtils.java:logGet(43)) - raft.server.log.preallocated.size = 16384 (custom)
2019-09-25 05:55:21,567 [pool-47-thread-1] INFO  server.RaftServerConfigKeys (ConfUtils.java:logGet(43)) - raft.server.log.write.buffer.size = 33554432 (custom)
2019-09-25 05:55:21,567 [pool-47-thread-1] INFO  server.RaftServerConfigKeys (ConfUtils.java:logGet(43)) - raft.server.log.force.sync.num = 128 (default)
2019-09-25 05:55:21,567 [pool-47-thread-1] INFO  server.RaftServerConfigKeys (ConfUtils.java:logGet(43)) - raft.server.log.statemachine.data.sync = true (default)
2019-09-25 05:55:21,568 [pool-47-thread-1] INFO  server.RaftServerConfigKeys (ConfUtils.java:logGet(43)) - raft.server.log.statemachine.data.sync.timeout = 10s (default)
2019-09-25 05:55:21,568 [pool-47-thread-1] INFO  server.RaftServerConfigKeys (ConfUtils.java:logGet(43)) - raft.server.log.statemachine.data.sync.timeout.retry = -1 (default)
2019-09-25 05:55:21,568 [pool-47-thread-1] INFO  server.RaftServerConfigKeys (ConfUtils.java:logGet(43)) - raft.server.log.statemachine.data.caching.enabled = true (custom)
2019-09-25 05:55:21,568 [pool-47-thread-1] INFO  segmented.SegmentedRaftLogWorker (SegmentedRaftLogWorker.java:lambda$new$0(132)) - f8886b96-44be-42ff-8c95-3c7353123891@group-8244851C9C96-SegmentedRaftLogWorker: flushIndex: setUnconditionally 0 -> -1
2019-09-25 05:55:21,569 [pool-47-thread-1] INFO  server.RaftServerConfigKeys (ConfUtils.java:logGet(43)) - raft.server.snapshot.auto.trigger.enabled = true (custom)
2019-09-25 05:55:21,569 [pool-47-thread-1] INFO  server.RaftServerConfigKeys (ConfUtils.java:logGet(43)) - raft.server.snapshot.auto.trigger.threshold = 10000 (custom)
2019-09-25 05:55:21,569 [pool-47-thread-1] INFO  server.RaftServerConfigKeys (ConfUtils.java:logGet(43)) - raft.server.snapshot.retention.num.files = 5 (custom)
2019-09-25 05:55:21,569 [pool-47-thread-1] INFO  server.RaftServerConfigKeys (ConfUtils.java:logGet(43)) - raft.server.retrycache.expirytime = 600000ms (custom)
2019-09-25 05:55:21,574 [pool-47-thread-1] INFO  impl.RaftServerImpl (RaftServerImpl.java:start(185)) - f8886b96-44be-42ff-8c95-3c7353123891@group-8244851C9C96: start as a follower, conf=-1: [f8886b96-44be-42ff-8c95-3c7353123891:192.168.5.161:35513], old=null
2019-09-25 05:55:21,574 [pool-47-thread-1] INFO  impl.RaftServerImpl (RaftServerImpl.java:setRole(174)) - f8886b96-44be-42ff-8c95-3c7353123891@group-8244851C9C96: changes role from      null to FOLLOWER at term 0 for startAsFollower
2019-09-25 05:55:21,574 [pool-47-thread-1] INFO  impl.RoleInfo (RoleInfo.java:updateAndGet(143)) - f8886b96-44be-42ff-8c95-3c7353123891: start FollowerState
2019-09-25 05:55:21,574 [pool-47-thread-1] INFO  util.JmxRegister (JmxRegister.java:tryRegister(44)) - Successfully registered JMX Bean with object name Ratis:service=RaftServer,group=group-8244851C9C96,id=f8886b96-44be-42ff-8c95-3c7353123891
2019-09-25 05:55:21,585 [RatisPipelineUtilsThread] INFO  pipeline.PipelineStateManager (PipelineStateManager.java:addPipeline(56)) - Created pipeline Pipeline[ Id: 403a73de-8a50-4f94-b959-8244851c9c96, Nodes: f8886b96-44be-42ff-8c95-3c7353123891{ip: 192.168.5.161, host: pr-hdds-1569-zxpks-796972592, networkLocation: /default-rack, certSerialId: null}, Type:RATIS, Factor:ONE, State:OPEN]
2019-09-25 05:55:21,600 [grpc-default-executor-0] INFO  impl.RaftServerProxy (RaftServerProxy.java:addNew(89)) - 9dec4261-9116-4e95-be01-4b7ee3b1a3bb: addNew group-1454B375B1CA:[9dec4261-9116-4e95-be01-4b7ee3b1a3bb:192.168.5.161:35640] returns group-1454B375B1CA:java.util.concurrent.CompletableFuture@12387ceb[Not completed]
2019-09-25 05:55:21,616 [pool-27-thread-1] INFO  impl.RaftServerImpl (RaftServerImpl.java:<init>(95)) - 9dec4261-9116-4e95-be01-4b7ee3b1a3bb: new RaftServerImpl for group-1454B375B1CA:[9dec4261-9116-4e95-be01-4b7ee3b1a3bb:192.168.5.161:35640] with ContainerStateMachine:uninitialized
2019-09-25 05:55:21,616 [pool-27-thread-1] INFO  server.RaftServerConfigKeys (ConfUtils.java:logGet(43)) - raft.server.rpc.timeout.min = 5s (custom)
2019-09-25 05:55:21,616 [pool-27-thread-1] INFO  server.RaftServerConfigKeys (ConfUtils.java:logGet(43)) - raft.server.rpc.timeout.max = 5200ms (custom)
2019-09-25 05:55:21,616 [pool-27-thread-1] INFO  server.RaftServerConfigKeys (ConfUtils.java:logGet(43)) - raft.server.rpcslowness.timeout = 120s (custom)
2019-09-25 05:55:21,616 [pool-27-thread-1] INFO  server.RaftServerConfigKeys (ConfUtils.java:logGet(43)) - raft.server.sleep.deviation.threshold = 300 (default)
2019-09-25 05:55:21,616 [pool-27-thread-1] INFO  server.RaftServerConfigKeys (ConfUtils.java:logGet(43)) - raft.server.log.appender.install.snapshot.enabled = false (custom)
2019-09-25 05:55:21,616 [pool-27-thread-1] INFO  impl.RaftServerImpl (ServerState.java:<init>(103)) - 9dec4261-9116-4e95-be01-4b7ee3b1a3bb@group-1454B375B1CA: ConfigurationManager, init=-1: [9dec4261-9116-4e95-be01-4b7ee3b1a3bb:192.168.5.161:35640], old=null, confs=<EMPTY_MAP>
2019-09-25 05:55:21,617 [pool-27-thread-1] INFO  server.RaftServerConfigKeys (ConfUtils.java:logGet(43)) - raft.server.storage.dir = [/workdir/hadoop-ozone/tools/target/test-dir/MiniOzoneClusterImpl-ee66e79a-8124-4b50-8b06-9837ad27a0bb/datanode-0/data/ratis] (custom)
2019-09-25 05:55:21,617 [pool-27-thread-1] INFO  storage.RaftStorageDirectory (RaftStorageDirectory.java:analyzeStorage(246)) - The storage directory /workdir/hadoop-ozone/tools/target/test-dir/MiniOzoneClusterImpl-ee66e79a-8124-4b50-8b06-9837ad27a0bb/datanode-0/data/ratis/d629b301-144f-40f9-b0c1-1454b375b1ca does not exist. Creating ...
2019-09-25 05:55:21,630 [pool-27-thread-1] INFO  storage.RaftStorageDirectory (RaftStorageDirectory.java:tryLock(328)) - Lock on /workdir/hadoop-ozone/tools/target/test-dir/MiniOzoneClusterImpl-ee66e79a-8124-4b50-8b06-9837ad27a0bb/datanode-0/data/ratis/d629b301-144f-40f9-b0c1-1454b375b1ca/in_use.lock acquired by nodename 21869@pr-hdds-1569-zxpks-796972592
2019-09-25 05:55:21,642 [pool-27-thread-1] INFO  storage.RaftStorage (RaftStorage.java:format(72)) - Storage directory /workdir/hadoop-ozone/tools/target/test-dir/MiniOzoneClusterImpl-ee66e79a-8124-4b50-8b06-9837ad27a0bb/datanode-0/data/ratis/d629b301-144f-40f9-b0c1-1454b375b1ca has been successfully formatted.
2019-09-25 05:55:21,642 [pool-27-thread-1] INFO  ratis.ContainerStateMachine (ContainerStateMachine.java:loadSnapshot(230)) - group-1454B375B1CA: The snapshot info is null. Setting the last applied indexto:(t:0, i:~)
2019-09-25 05:55:21,642 [pool-27-thread-1] INFO  server.RaftServerConfigKeys (ConfUtils.java:logGet(43)) - raft.server.notification.no-leader.timeout = 120s (custom)
2019-09-25 05:55:21,642 [pool-27-thread-1] INFO  server.RaftServerConfigKeys (ConfUtils.java:logGet(43)) - raft.server.log.use.memory = false (default)
2019-09-25 05:55:21,643 [pool-27-thread-1] INFO  server.RaftServerConfigKeys (ConfUtils.java:logGet(43)) - raft.server.log.purge.gap = 1000000 (custom)
2019-09-25 05:55:21,643 [pool-27-thread-1] INFO  server.RaftServerConfigKeys (ConfUtils.java:logGet(43)) - raft.server.log.appender.buffer.byte-limit = 33554432 (custom)
2019-09-25 05:55:21,643 [pool-27-thread-1] INFO  server.RaftServerConfigKeys (ConfUtils.java:logGet(43)) - raft.server.log.segment.size.max = 1048576 (custom)
2019-09-25 05:55:21,643 [pool-27-thread-1] INFO  server.RaftServerConfigKeys (ConfUtils.java:logGet(43)) - raft.server.log.segment.cache.num.max = 2 (custom)
2019-09-25 05:55:21,643 [pool-27-thread-1] INFO  segmented.SegmentedRaftLogWorker (SegmentedRaftLogWorker.java:<init>(172)) - new 9dec4261-9116-4e95-be01-4b7ee3b1a3bb@group-1454B375B1CA-SegmentedRaftLogWorker for RaftStorage:Storage Directory /workdir/hadoop-ozone/tools/target/test-dir/MiniOzoneClusterImpl-ee66e79a-8124-4b50-8b06-9837ad27a0bb/datanode-0/data/ratis/d629b301-144f-40f9-b0c1-1454b375b1ca
2019-09-25 05:55:21,643 [pool-27-thread-1] INFO  server.RaftServerConfigKeys (ConfUtils.java:logGet(43)) - raft.server.log.queue.byte-limit = 2147483647 (custom)
2019-09-25 05:55:21,643 [pool-27-thread-1] INFO  server.RaftServerConfigKeys (ConfUtils.java:logGet(43)) - raft.server.log.queue.element-limit = 1024 (custom)
2019-09-25 05:55:21,644 [pool-27-thread-1] INFO  server.RaftServerConfigKeys (ConfUtils.java:logGet(43)) - raft.server.log.segment.size.max = 1048576 (custom)
2019-09-25 05:55:21,644 [pool-27-thread-1] INFO  server.RaftServerConfigKeys (ConfUtils.java:logGet(43)) - raft.server.log.preallocated.size = 16384 (custom)
2019-09-25 05:55:21,644 [pool-27-thread-1] INFO  server.RaftServerConfigKeys (ConfUtils.java:logGet(43)) - raft.server.log.write.buffer.size = 33554432 (custom)
2019-09-25 05:55:21,644 [pool-27-thread-1] INFO  server.RaftServerConfigKeys (ConfUtils.java:logGet(43)) - raft.server.log.force.sync.num = 128 (default)
2019-09-25 05:55:21,644 [pool-27-thread-1] INFO  server.RaftServerConfigKeys (ConfUtils.java:logGet(43)) - raft.server.log.statemachine.data.sync = true (default)
2019-09-25 05:55:21,644 [pool-27-thread-1] INFO  server.RaftServerConfigKeys (ConfUtils.java:logGet(43)) - raft.server.log.statemachine.data.sync.timeout = 10s (default)
2019-09-25 05:55:21,644 [pool-27-thread-1] INFO  server.RaftServerConfigKeys (ConfUtils.java:logGet(43)) - raft.server.log.statemachine.data.sync.timeout.retry = -1 (default)
2019-09-25 05:55:21,644 [pool-27-thread-1] INFO  server.RaftServerConfigKeys (ConfUtils.java:logGet(43)) - raft.server.log.statemachine.data.caching.enabled = true (custom)
2019-09-25 05:55:21,645 [pool-27-thread-1] INFO  segmented.SegmentedRaftLogWorker (SegmentedRaftLogWorker.java:lambda$new$0(132)) - 9dec4261-9116-4e95-be01-4b7ee3b1a3bb@group-1454B375B1CA-SegmentedRaftLogWorker: flushIndex: setUnconditionally 0 -> -1
2019-09-25 05:55:21,645 [pool-27-thread-1] INFO  server.RaftServerConfigKeys (ConfUtils.java:logGet(43)) - raft.server.snapshot.auto.trigger.enabled = true (custom)
2019-09-25 05:55:21,645 [pool-27-thread-1] INFO  server.RaftServerConfigKeys (ConfUtils.java:logGet(43)) - raft.server.snapshot.auto.trigger.threshold = 10000 (custom)
2019-09-25 05:55:21,645 [pool-27-thread-1] INFO  server.RaftServerConfigKeys (ConfUtils.java:logGet(43)) - raft.server.snapshot.retention.num.files = 5 (custom)
2019-09-25 05:55:21,645 [pool-27-thread-1] INFO  server.RaftServerConfigKeys (ConfUtils.java:logGet(43)) - raft.server.retrycache.expirytime = 600000ms (custom)
2019-09-25 05:55:21,660 [pool-27-thread-1] INFO  impl.RaftServerImpl (RaftServerImpl.java:start(185)) - 9dec4261-9116-4e95-be01-4b7ee3b1a3bb@group-1454B375B1CA: start as a follower, conf=-1: [9dec4261-9116-4e95-be01-4b7ee3b1a3bb:192.168.5.161:35640], old=null
2019-09-25 05:55:21,661 [pool-27-thread-1] INFO  impl.RaftServerImpl (RaftServerImpl.java:setRole(174)) - 9dec4261-9116-4e95-be01-4b7ee3b1a3bb@group-1454B375B1CA: changes role from      null to FOLLOWER at term 0 for startAsFollower
2019-09-25 05:55:21,661 [pool-27-thread-1] INFO  impl.RoleInfo (RoleInfo.java:updateAndGet(143)) - 9dec4261-9116-4e95-be01-4b7ee3b1a3bb: start FollowerState
2019-09-25 05:55:21,661 [pool-27-thread-1] INFO  util.JmxRegister (JmxRegister.java:tryRegister(44)) - Successfully registered JMX Bean with object name Ratis:service=RaftServer,group=group-1454B375B1CA,id=9dec4261-9116-4e95-be01-4b7ee3b1a3bb
2019-09-25 05:55:21,672 [RatisPipelineUtilsThread] INFO  pipeline.PipelineStateManager (PipelineStateManager.java:addPipeline(56)) - Created pipeline Pipeline[ Id: d629b301-144f-40f9-b0c1-1454b375b1ca, Nodes: 9dec4261-9116-4e95-be01-4b7ee3b1a3bb{ip: 192.168.5.161, host: pr-hdds-1569-zxpks-796972592, networkLocation: /default-rack, certSerialId: null}, Type:RATIS, Factor:ONE, State:OPEN]
2019-09-25 05:55:21,686 [grpc-default-executor-0] INFO  impl.RaftServerProxy (RaftServerProxy.java:addNew(89)) - f8886b96-44be-42ff-8c95-3c7353123891: addNew group-D24E15786A3A:[f8886b96-44be-42ff-8c95-3c7353123891:192.168.5.161:35513] returns group-D24E15786A3A:java.util.concurrent.CompletableFuture@3c4008a2[Not completed]
2019-09-25 05:55:21,689 [pool-47-thread-1] INFO  impl.RaftServerImpl (RaftServerImpl.java:<init>(95)) - f8886b96-44be-42ff-8c95-3c7353123891: new RaftServerImpl for group-D24E15786A3A:[f8886b96-44be-42ff-8c95-3c7353123891:192.168.5.161:35513] with ContainerStateMachine:uninitialized
2019-09-25 05:55:21,689 [pool-47-thread-1] INFO  server.RaftServerConfigKeys (ConfUtils.java:logGet(43)) - raft.server.rpc.timeout.min = 5s (custom)
2019-09-25 05:55:21,689 [pool-47-thread-1] INFO  server.RaftServerConfigKeys (ConfUtils.java:logGet(43)) - raft.server.rpc.timeout.max = 5200ms (custom)
2019-09-25 05:55:21,689 [pool-47-thread-1] INFO  server.RaftServerConfigKeys (ConfUtils.java:logGet(43)) - raft.server.rpcslowness.timeout = 120s (custom)
2019-09-25 05:55:21,689 [pool-47-thread-1] INFO  server.RaftServerConfigKeys (ConfUtils.java:logGet(43)) - raft.server.sleep.deviation.threshold = 300 (default)
2019-09-25 05:55:21,689 [pool-47-thread-1] INFO  server.RaftServerConfigKeys (ConfUtils.java:logGet(43)) - raft.server.log.appender.install.snapshot.enabled = false (custom)
2019-09-25 05:55:21,690 [pool-47-thread-1] INFO  impl.RaftServerImpl (ServerState.java:<init>(103)) - f8886b96-44be-42ff-8c95-3c7353123891@group-D24E15786A3A: ConfigurationManager, init=-1: [f8886b96-44be-42ff-8c95-3c7353123891:192.168.5.161:35513], old=null, confs=<EMPTY_MAP>
2019-09-25 05:55:21,690 [pool-47-thread-1] INFO  server.RaftServerConfigKeys (ConfUtils.java:logGet(43)) - raft.server.storage.dir = [/workdir/hadoop-ozone/tools/target/test-dir/MiniOzoneClusterImpl-ee66e79a-8124-4b50-8b06-9837ad27a0bb/datanode-2/data/ratis] (custom)
2019-09-25 05:55:21,690 [pool-47-thread-1] INFO  storage.RaftStorageDirectory (RaftStorageDirectory.java:analyzeStorage(246)) - The storage directory /workdir/hadoop-ozone/tools/target/test-dir/MiniOzoneClusterImpl-ee66e79a-8124-4b50-8b06-9837ad27a0bb/datanode-2/data/ratis/00d52bc5-be3d-496f-b52c-d24e15786a3a does not exist. Creating ...
2019-09-25 05:55:21,703 [pool-47-thread-1] INFO  storage.RaftStorageDirectory (RaftStorageDirectory.java:tryLock(328)) - Lock on /workdir/hadoop-ozone/tools/target/test-dir/MiniOzoneClusterImpl-ee66e79a-8124-4b50-8b06-9837ad27a0bb/datanode-2/data/ratis/00d52bc5-be3d-496f-b52c-d24e15786a3a/in_use.lock acquired by nodename 21869@pr-hdds-1569-zxpks-796972592
2019-09-25 05:55:21,716 [pool-47-thread-1] INFO  storage.RaftStorage (RaftStorage.java:format(72)) - Storage directory /workdir/hadoop-ozone/tools/target/test-dir/MiniOzoneClusterImpl-ee66e79a-8124-4b50-8b06-9837ad27a0bb/datanode-2/data/ratis/00d52bc5-be3d-496f-b52c-d24e15786a3a has been successfully formatted.
2019-09-25 05:55:21,717 [pool-47-thread-1] INFO  ratis.ContainerStateMachine (ContainerStateMachine.java:loadSnapshot(230)) - group-D24E15786A3A: The snapshot info is null. Setting the last applied indexto:(t:0, i:~)
2019-09-25 05:55:21,717 [pool-47-thread-1] INFO  server.RaftServerConfigKeys (ConfUtils.java:logGet(43)) - raft.server.notification.no-leader.timeout = 120s (custom)
2019-09-25 05:55:21,717 [pool-47-thread-1] INFO  server.RaftServerConfigKeys (ConfUtils.java:logGet(43)) - raft.server.log.use.memory = false (default)
2019-09-25 05:55:21,718 [pool-47-thread-1] INFO  server.RaftServerConfigKeys (ConfUtils.java:logGet(43)) - raft.server.log.purge.gap = 1000000 (custom)
2019-09-25 05:55:21,718 [pool-47-thread-1] INFO  server.RaftServerConfigKeys (ConfUtils.java:logGet(43)) - raft.server.log.appender.buffer.byte-limit = 33554432 (custom)
2019-09-25 05:55:21,718 [pool-47-thread-1] INFO  server.RaftServerConfigKeys (ConfUtils.java:logGet(43)) - raft.server.log.segment.size.max = 1048576 (custom)
2019-09-25 05:55:21,718 [pool-47-thread-1] INFO  server.RaftServerConfigKeys (ConfUtils.java:logGet(43)) - raft.server.log.segment.cache.num.max = 2 (custom)
2019-09-25 05:55:21,718 [pool-47-thread-1] INFO  segmented.SegmentedRaftLogWorker (SegmentedRaftLogWorker.java:<init>(172)) - new f8886b96-44be-42ff-8c95-3c7353123891@group-D24E15786A3A-SegmentedRaftLogWorker for RaftStorage:Storage Directory /workdir/hadoop-ozone/tools/target/test-dir/MiniOzoneClusterImpl-ee66e79a-8124-4b50-8b06-9837ad27a0bb/datanode-2/data/ratis/00d52bc5-be3d-496f-b52c-d24e15786a3a
2019-09-25 05:55:21,719 [pool-47-thread-1] INFO  server.RaftServerConfigKeys (ConfUtils.java:logGet(43)) - raft.server.log.queue.byte-limit = 2147483647 (custom)
2019-09-25 05:55:21,719 [pool-47-thread-1] INFO  server.RaftServerConfigKeys (ConfUtils.java:logGet(43)) - raft.server.log.queue.element-limit = 1024 (custom)
2019-09-25 05:55:21,719 [pool-47-thread-1] INFO  server.RaftServerConfigKeys (ConfUtils.java:logGet(43)) - raft.server.log.segment.size.max = 1048576 (custom)
2019-09-25 05:55:21,719 [pool-47-thread-1] INFO  server.RaftServerConfigKeys (ConfUtils.java:logGet(43)) - raft.server.log.preallocated.size = 16384 (custom)
2019-09-25 05:55:21,719 [pool-47-thread-1] INFO  server.RaftServerConfigKeys (ConfUtils.java:logGet(43)) - raft.server.log.write.buffer.size = 33554432 (custom)
2019-09-25 05:55:21,719 [pool-47-thread-1] INFO  server.RaftServerConfigKeys (ConfUtils.java:logGet(43)) - raft.server.log.force.sync.num = 128 (default)
2019-09-25 05:55:21,720 [pool-47-thread-1] INFO  server.RaftServerConfigKeys (ConfUtils.java:logGet(43)) - raft.server.log.statemachine.data.sync = true (default)
2019-09-25 05:55:21,720 [pool-47-thread-1] INFO  server.RaftServerConfigKeys (ConfUtils.java:logGet(43)) - raft.server.log.statemachine.data.sync.timeout = 10s (default)
2019-09-25 05:55:21,720 [pool-47-thread-1] INFO  server.RaftServerConfigKeys (ConfUtils.java:logGet(43)) - raft.server.log.statemachine.data.sync.timeout.retry = -1 (default)
2019-09-25 05:55:21,720 [pool-47-thread-1] INFO  server.RaftServerConfigKeys (ConfUtils.java:logGet(43)) - raft.server.log.statemachine.data.caching.enabled = true (custom)
2019-09-25 05:55:21,721 [pool-47-thread-1] INFO  segmented.SegmentedRaftLogWorker (SegmentedRaftLogWorker.java:lambda$new$0(132)) - f8886b96-44be-42ff-8c95-3c7353123891@group-D24E15786A3A-SegmentedRaftLogWorker: flushIndex: setUnconditionally 0 -> -1
2019-09-25 05:55:21,721 [pool-47-thread-1] INFO  server.RaftServerConfigKeys (ConfUtils.java:logGet(43)) - raft.server.snapshot.auto.trigger.enabled = true (custom)
2019-09-25 05:55:21,721 [pool-47-thread-1] INFO  server.RaftServerConfigKeys (ConfUtils.java:logGet(43)) - raft.server.snapshot.auto.trigger.threshold = 10000 (custom)
2019-09-25 05:55:21,721 [pool-47-thread-1] INFO  server.RaftServerConfigKeys (ConfUtils.java:logGet(43)) - raft.server.snapshot.retention.num.files = 5 (custom)
2019-09-25 05:55:21,722 [pool-47-thread-1] INFO  server.RaftServerConfigKeys (ConfUtils.java:logGet(43)) - raft.server.retrycache.expirytime = 600000ms (custom)
2019-09-25 05:55:21,727 [pool-47-thread-1] INFO  impl.RaftServerImpl (RaftServerImpl.java:start(185)) - f8886b96-44be-42ff-8c95-3c7353123891@group-D24E15786A3A: start as a follower, conf=-1: [f8886b96-44be-42ff-8c95-3c7353123891:192.168.5.161:35513], old=null
2019-09-25 05:55:21,727 [pool-47-thread-1] INFO  impl.RaftServerImpl (RaftServerImpl.java:setRole(174)) - f8886b96-44be-42ff-8c95-3c7353123891@group-D24E15786A3A: changes role from      null to FOLLOWER at term 0 for startAsFollower
2019-09-25 05:55:21,727 [pool-47-thread-1] INFO  impl.RoleInfo (RoleInfo.java:updateAndGet(143)) - f8886b96-44be-42ff-8c95-3c7353123891: start FollowerState
2019-09-25 05:55:21,728 [pool-47-thread-1] INFO  util.JmxRegister (JmxRegister.java:tryRegister(44)) - Successfully registered JMX Bean with object name Ratis:service=RaftServer,group=group-D24E15786A3A,id=f8886b96-44be-42ff-8c95-3c7353123891
2019-09-25 05:55:21,738 [RatisPipelineUtilsThread] INFO  pipeline.PipelineStateManager (PipelineStateManager.java:addPipeline(56)) - Created pipeline Pipeline[ Id: 00d52bc5-be3d-496f-b52c-d24e15786a3a, Nodes: f8886b96-44be-42ff-8c95-3c7353123891{ip: 192.168.5.161, host: pr-hdds-1569-zxpks-796972592, networkLocation: /default-rack, certSerialId: null}, Type:RATIS, Factor:ONE, State:OPEN]
2019-09-25 05:55:21,761 [grpc-default-executor-0] INFO  impl.RaftServerProxy (RaftServerProxy.java:addNew(89)) - e288bd1d-6916-4b99-86f0-9ad6ba41312f: addNew group-1AB765864804:[e288bd1d-6916-4b99-86f0-9ad6ba41312f:192.168.5.161:35777] returns group-1AB765864804:java.util.concurrent.CompletableFuture@a78a8dc[Not completed]
2019-09-25 05:55:21,763 [pool-37-thread-1] INFO  impl.RaftServerImpl (RaftServerImpl.java:<init>(95)) - e288bd1d-6916-4b99-86f0-9ad6ba41312f: new RaftServerImpl for group-1AB765864804:[e288bd1d-6916-4b99-86f0-9ad6ba41312f:192.168.5.161:35777] with ContainerStateMachine:uninitialized
2019-09-25 05:55:21,764 [pool-37-thread-1] INFO  server.RaftServerConfigKeys (ConfUtils.java:logGet(43)) - raft.server.rpc.timeout.min = 5s (custom)
2019-09-25 05:55:21,764 [pool-37-thread-1] INFO  server.RaftServerConfigKeys (ConfUtils.java:logGet(43)) - raft.server.rpc.timeout.max = 5200ms (custom)
2019-09-25 05:55:21,765 [pool-37-thread-1] INFO  server.RaftServerConfigKeys (ConfUtils.java:logGet(43)) - raft.server.rpcslowness.timeout = 120s (custom)
2019-09-25 05:55:21,765 [pool-37-thread-1] INFO  server.RaftServerConfigKeys (ConfUtils.java:logGet(43)) - raft.server.sleep.deviation.threshold = 300 (default)
2019-09-25 05:55:21,765 [pool-37-thread-1] INFO  server.RaftServerConfigKeys (ConfUtils.java:logGet(43)) - raft.server.log.appender.install.snapshot.enabled = false (custom)
2019-09-25 05:55:21,765 [pool-37-thread-1] INFO  impl.RaftServerImpl (ServerState.java:<init>(103)) - e288bd1d-6916-4b99-86f0-9ad6ba41312f@group-1AB765864804: ConfigurationManager, init=-1: [e288bd1d-6916-4b99-86f0-9ad6ba41312f:192.168.5.161:35777], old=null, confs=<EMPTY_MAP>
2019-09-25 05:55:21,766 [pool-37-thread-1] INFO  server.RaftServerConfigKeys (ConfUtils.java:logGet(43)) - raft.server.storage.dir = [/workdir/hadoop-ozone/tools/target/test-dir/MiniOzoneClusterImpl-ee66e79a-8124-4b50-8b06-9837ad27a0bb/datanode-1/data/ratis] (custom)
2019-09-25 05:55:21,766 [pool-37-thread-1] INFO  storage.RaftStorageDirectory (RaftStorageDirectory.java:analyzeStorage(246)) - The storage directory /workdir/hadoop-ozone/tools/target/test-dir/MiniOzoneClusterImpl-ee66e79a-8124-4b50-8b06-9837ad27a0bb/datanode-1/data/ratis/ba8d7618-864d-454d-bf18-1ab765864804 does not exist. Creating ...
2019-09-25 05:55:21,779 [pool-37-thread-1] INFO  storage.RaftStorageDirectory (RaftStorageDirectory.java:tryLock(328)) - Lock on /workdir/hadoop-ozone/tools/target/test-dir/MiniOzoneClusterImpl-ee66e79a-8124-4b50-8b06-9837ad27a0bb/datanode-1/data/ratis/ba8d7618-864d-454d-bf18-1ab765864804/in_use.lock acquired by nodename 21869@pr-hdds-1569-zxpks-796972592
2019-09-25 05:55:21,792 [pool-37-thread-1] INFO  storage.RaftStorage (RaftStorage.java:format(72)) - Storage directory /workdir/hadoop-ozone/tools/target/test-dir/MiniOzoneClusterImpl-ee66e79a-8124-4b50-8b06-9837ad27a0bb/datanode-1/data/ratis/ba8d7618-864d-454d-bf18-1ab765864804 has been successfully formatted.
2019-09-25 05:55:21,792 [pool-37-thread-1] INFO  ratis.ContainerStateMachine (ContainerStateMachine.java:loadSnapshot(230)) - group-1AB765864804: The snapshot info is null. Setting the last applied indexto:(t:0, i:~)
2019-09-25 05:55:21,793 [pool-37-thread-1] INFO  server.RaftServerConfigKeys (ConfUtils.java:logGet(43)) - raft.server.notification.no-leader.timeout = 120s (custom)
2019-09-25 05:55:21,793 [pool-37-thread-1] INFO  server.RaftServerConfigKeys (ConfUtils.java:logGet(43)) - raft.server.log.use.memory = false (default)
2019-09-25 05:55:21,793 [pool-37-thread-1] INFO  server.RaftServerConfigKeys (ConfUtils.java:logGet(43)) - raft.server.log.purge.gap = 1000000 (custom)
2019-09-25 05:55:21,793 [pool-37-thread-1] INFO  server.RaftServerConfigKeys (ConfUtils.java:logGet(43)) - raft.server.log.appender.buffer.byte-limit = 33554432 (custom)
2019-09-25 05:55:21,794 [pool-37-thread-1] INFO  server.RaftServerConfigKeys (ConfUtils.java:logGet(43)) - raft.server.log.segment.size.max = 1048576 (custom)
2019-09-25 05:55:21,794 [pool-37-thread-1] INFO  server.RaftServerConfigKeys (ConfUtils.java:logGet(43)) - raft.server.log.segment.cache.num.max = 2 (custom)
2019-09-25 05:55:21,794 [pool-37-thread-1] INFO  segmented.SegmentedRaftLogWorker (SegmentedRaftLogWorker.java:<init>(172)) - new e288bd1d-6916-4b99-86f0-9ad6ba41312f@group-1AB765864804-SegmentedRaftLogWorker for RaftStorage:Storage Directory /workdir/hadoop-ozone/tools/target/test-dir/MiniOzoneClusterImpl-ee66e79a-8124-4b50-8b06-9837ad27a0bb/datanode-1/data/ratis/ba8d7618-864d-454d-bf18-1ab765864804
2019-09-25 05:55:21,798 [pool-37-thread-1] INFO  server.RaftServerConfigKeys (ConfUtils.java:logGet(43)) - raft.server.log.queue.byte-limit = 2147483647 (custom)
2019-09-25 05:55:21,798 [pool-37-thread-1] INFO  server.RaftServerConfigKeys (ConfUtils.java:logGet(43)) - raft.server.log.queue.element-limit = 1024 (custom)
2019-09-25 05:55:21,798 [pool-37-thread-1] INFO  server.RaftServerConfigKeys (ConfUtils.java:logGet(43)) - raft.server.log.segment.size.max = 1048576 (custom)
2019-09-25 05:55:21,799 [pool-37-thread-1] INFO  server.RaftServerConfigKeys (ConfUtils.java:logGet(43)) - raft.server.log.preallocated.size = 16384 (custom)
2019-09-25 05:55:21,799 [pool-37-thread-1] INFO  server.RaftServerConfigKeys (ConfUtils.java:logGet(43)) - raft.server.log.write.buffer.size = 33554432 (custom)
2019-09-25 05:55:21,799 [pool-37-thread-1] INFO  server.RaftServerConfigKeys (ConfUtils.java:logGet(43)) - raft.server.log.force.sync.num = 128 (default)
2019-09-25 05:55:21,799 [pool-37-thread-1] INFO  server.RaftServerConfigKeys (ConfUtils.java:logGet(43)) - raft.server.log.statemachine.data.sync = true (default)
2019-09-25 05:55:21,799 [pool-37-thread-1] INFO  server.RaftServerConfigKeys (ConfUtils.java:logGet(43)) - raft.server.log.statemachine.data.sync.timeout = 10s (default)
2019-09-25 05:55:21,799 [pool-37-thread-1] INFO  server.RaftServerConfigKeys (ConfUtils.java:logGet(43)) - raft.server.log.statemachine.data.sync.timeout.retry = -1 (default)
2019-09-25 05:55:21,800 [pool-37-thread-1] INFO  server.RaftServerConfigKeys (ConfUtils.java:logGet(43)) - raft.server.log.statemachine.data.caching.enabled = true (custom)
2019-09-25 05:55:21,800 [pool-37-thread-1] INFO  segmented.SegmentedRaftLogWorker (SegmentedRaftLogWorker.java:lambda$new$0(132)) - e288bd1d-6916-4b99-86f0-9ad6ba41312f@group-1AB765864804-SegmentedRaftLogWorker: flushIndex: setUnconditionally 0 -> -1
2019-09-25 05:55:21,800 [pool-37-thread-1] INFO  server.RaftServerConfigKeys (ConfUtils.java:logGet(43)) - raft.server.snapshot.auto.trigger.enabled = true (custom)
2019-09-25 05:55:21,801 [pool-37-thread-1] INFO  server.RaftServerConfigKeys (ConfUtils.java:logGet(43)) - raft.server.snapshot.auto.trigger.threshold = 10000 (custom)
2019-09-25 05:55:21,801 [pool-37-thread-1] INFO  server.RaftServerConfigKeys (ConfUtils.java:logGet(43)) - raft.server.snapshot.retention.num.files = 5 (custom)
2019-09-25 05:55:21,801 [pool-37-thread-1] INFO  server.RaftServerConfigKeys (ConfUtils.java:logGet(43)) - raft.server.retrycache.expirytime = 600000ms (custom)
2019-09-25 05:55:21,805 [pool-37-thread-1] INFO  impl.RaftServerImpl (RaftServerImpl.java:start(185)) - e288bd1d-6916-4b99-86f0-9ad6ba41312f@group-1AB765864804: start as a follower, conf=-1: [e288bd1d-6916-4b99-86f0-9ad6ba41312f:192.168.5.161:35777], old=null
2019-09-25 05:55:21,805 [pool-37-thread-1] INFO  impl.RaftServerImpl (RaftServerImpl.java:setRole(174)) - e288bd1d-6916-4b99-86f0-9ad6ba41312f@group-1AB765864804: changes role from      null to FOLLOWER at term 0 for startAsFollower
2019-09-25 05:55:21,805 [pool-37-thread-1] INFO  impl.RoleInfo (RoleInfo.java:updateAndGet(143)) - e288bd1d-6916-4b99-86f0-9ad6ba41312f: start FollowerState
2019-09-25 05:55:21,806 [pool-37-thread-1] INFO  util.JmxRegister (JmxRegister.java:tryRegister(44)) - Successfully registered JMX Bean with object name Ratis:service=RaftServer,group=group-1AB765864804,id=e288bd1d-6916-4b99-86f0-9ad6ba41312f
2019-09-25 05:55:21,816 [RatisPipelineUtilsThread] INFO  pipeline.PipelineStateManager (PipelineStateManager.java:addPipeline(56)) - Created pipeline Pipeline[ Id: ba8d7618-864d-454d-bf18-1ab765864804, Nodes: e288bd1d-6916-4b99-86f0-9ad6ba41312f{ip: 192.168.5.161, host: pr-hdds-1569-zxpks-796972592, networkLocation: /default-rack, certSerialId: null}, Type:RATIS, Factor:ONE, State:OPEN]
2019-09-25 05:55:21,828 [grpc-default-executor-0] INFO  impl.RaftServerProxy (RaftServerProxy.java:addNew(89)) - e288bd1d-6916-4b99-86f0-9ad6ba41312f: addNew group-7E54E84CB630:[e288bd1d-6916-4b99-86f0-9ad6ba41312f:192.168.5.161:35777] returns group-7E54E84CB630:java.util.concurrent.CompletableFuture@596c12dc[Not completed]
2019-09-25 05:55:21,830 [pool-37-thread-1] INFO  impl.RaftServerImpl (RaftServerImpl.java:<init>(95)) - e288bd1d-6916-4b99-86f0-9ad6ba41312f: new RaftServerImpl for group-7E54E84CB630:[e288bd1d-6916-4b99-86f0-9ad6ba41312f:192.168.5.161:35777] with ContainerStateMachine:uninitialized
2019-09-25 05:55:21,830 [pool-37-thread-1] INFO  server.RaftServerConfigKeys (ConfUtils.java:logGet(43)) - raft.server.rpc.timeout.min = 5s (custom)
2019-09-25 05:55:21,830 [pool-37-thread-1] INFO  server.RaftServerConfigKeys (ConfUtils.java:logGet(43)) - raft.server.rpc.timeout.max = 5200ms (custom)
2019-09-25 05:55:21,830 [pool-37-thread-1] INFO  server.RaftServerConfigKeys (ConfUtils.java:logGet(43)) - raft.server.rpcslowness.timeout = 120s (custom)
2019-09-25 05:55:21,831 [pool-37-thread-1] INFO  server.RaftServerConfigKeys (ConfUtils.java:logGet(43)) - raft.server.sleep.deviation.threshold = 300 (default)
2019-09-25 05:55:21,831 [pool-37-thread-1] INFO  server.RaftServerConfigKeys (ConfUtils.java:logGet(43)) - raft.server.log.appender.install.snapshot.enabled = false (custom)
2019-09-25 05:55:21,831 [pool-37-thread-1] INFO  impl.RaftServerImpl (ServerState.java:<init>(103)) - e288bd1d-6916-4b99-86f0-9ad6ba41312f@group-7E54E84CB630: ConfigurationManager, init=-1: [e288bd1d-6916-4b99-86f0-9ad6ba41312f:192.168.5.161:35777], old=null, confs=<EMPTY_MAP>
2019-09-25 05:55:21,831 [pool-37-thread-1] INFO  server.RaftServerConfigKeys (ConfUtils.java:logGet(43)) - raft.server.storage.dir = [/workdir/hadoop-ozone/tools/target/test-dir/MiniOzoneClusterImpl-ee66e79a-8124-4b50-8b06-9837ad27a0bb/datanode-1/data/ratis] (custom)
2019-09-25 05:55:21,832 [pool-37-thread-1] INFO  storage.RaftStorageDirectory (RaftStorageDirectory.java:analyzeStorage(246)) - The storage directory /workdir/hadoop-ozone/tools/target/test-dir/MiniOzoneClusterImpl-ee66e79a-8124-4b50-8b06-9837ad27a0bb/datanode-1/data/ratis/8f53b265-c483-4445-9c2a-7e54e84cb630 does not exist. Creating ...
2019-09-25 05:55:21,844 [pool-37-thread-1] INFO  storage.RaftStorageDirectory (RaftStorageDirectory.java:tryLock(328)) - Lock on /workdir/hadoop-ozone/tools/target/test-dir/MiniOzoneClusterImpl-ee66e79a-8124-4b50-8b06-9837ad27a0bb/datanode-1/data/ratis/8f53b265-c483-4445-9c2a-7e54e84cb630/in_use.lock acquired by nodename 21869@pr-hdds-1569-zxpks-796972592
2019-09-25 05:55:21,848 [pool-37-thread-1] INFO  storage.RaftStorage (RaftStorage.java:format(72)) - Storage directory /workdir/hadoop-ozone/tools/target/test-dir/MiniOzoneClusterImpl-ee66e79a-8124-4b50-8b06-9837ad27a0bb/datanode-1/data/ratis/8f53b265-c483-4445-9c2a-7e54e84cb630 has been successfully formatted.
2019-09-25 05:55:21,848 [pool-37-thread-1] INFO  ratis.ContainerStateMachine (ContainerStateMachine.java:loadSnapshot(230)) - group-7E54E84CB630: The snapshot info is null. Setting the last applied indexto:(t:0, i:~)
2019-09-25 05:55:21,848 [pool-37-thread-1] INFO  server.RaftServerConfigKeys (ConfUtils.java:logGet(43)) - raft.server.notification.no-leader.timeout = 120s (custom)
2019-09-25 05:55:21,848 [pool-37-thread-1] INFO  server.RaftServerConfigKeys (ConfUtils.java:logGet(43)) - raft.server.log.use.memory = false (default)
2019-09-25 05:55:21,848 [pool-37-thread-1] INFO  server.RaftServerConfigKeys (ConfUtils.java:logGet(43)) - raft.server.log.purge.gap = 1000000 (custom)
2019-09-25 05:55:21,849 [pool-37-thread-1] INFO  server.RaftServerConfigKeys (ConfUtils.java:logGet(43)) - raft.server.log.appender.buffer.byte-limit = 33554432 (custom)
2019-09-25 05:55:21,849 [pool-37-thread-1] INFO  server.RaftServerConfigKeys (ConfUtils.java:logGet(43)) - raft.server.log.segment.size.max = 1048576 (custom)
2019-09-25 05:55:21,849 [pool-37-thread-1] INFO  server.RaftServerConfigKeys (ConfUtils.java:logGet(43)) - raft.server.log.segment.cache.num.max = 2 (custom)
2019-09-25 05:55:21,849 [pool-37-thread-1] INFO  segmented.SegmentedRaftLogWorker (SegmentedRaftLogWorker.java:<init>(172)) - new e288bd1d-6916-4b99-86f0-9ad6ba41312f@group-7E54E84CB630-SegmentedRaftLogWorker for RaftStorage:Storage Directory /workdir/hadoop-ozone/tools/target/test-dir/MiniOzoneClusterImpl-ee66e79a-8124-4b50-8b06-9837ad27a0bb/datanode-1/data/ratis/8f53b265-c483-4445-9c2a-7e54e84cb630
2019-09-25 05:55:21,849 [pool-37-thread-1] INFO  server.RaftServerConfigKeys (ConfUtils.java:logGet(43)) - raft.server.log.queue.byte-limit = 2147483647 (custom)
2019-09-25 05:55:21,849 [pool-37-thread-1] INFO  server.RaftServerConfigKeys (ConfUtils.java:logGet(43)) - raft.server.log.queue.element-limit = 1024 (custom)
2019-09-25 05:55:21,849 [pool-37-thread-1] INFO  server.RaftServerConfigKeys (ConfUtils.java:logGet(43)) - raft.server.log.segment.size.max = 1048576 (custom)
2019-09-25 05:55:21,850 [pool-37-thread-1] INFO  server.RaftServerConfigKeys (ConfUtils.java:logGet(43)) - raft.server.log.preallocated.size = 16384 (custom)
2019-09-25 05:55:21,850 [pool-37-thread-1] INFO  server.RaftServerConfigKeys (ConfUtils.java:logGet(43)) - raft.server.log.write.buffer.size = 33554432 (custom)
2019-09-25 05:55:21,850 [pool-37-thread-1] INFO  server.RaftServerConfigKeys (ConfUtils.java:logGet(43)) - raft.server.log.force.sync.num = 128 (default)
2019-09-25 05:55:21,850 [pool-37-thread-1] INFO  server.RaftServerConfigKeys (ConfUtils.java:logGet(43)) - raft.server.log.statemachine.data.sync = true (default)
2019-09-25 05:55:21,850 [pool-37-thread-1] INFO  server.RaftServerConfigKeys (ConfUtils.java:logGet(43)) - raft.server.log.statemachine.data.sync.timeout = 10s (default)
2019-09-25 05:55:21,850 [pool-37-thread-1] INFO  server.RaftServerConfigKeys (ConfUtils.java:logGet(43)) - raft.server.log.statemachine.data.sync.timeout.retry = -1 (default)
2019-09-25 05:55:21,851 [pool-37-thread-1] INFO  server.RaftServerConfigKeys (ConfUtils.java:logGet(43)) - raft.server.log.statemachine.data.caching.enabled = true (custom)
2019-09-25 05:55:21,851 [pool-37-thread-1] INFO  segmented.SegmentedRaftLogWorker (SegmentedRaftLogWorker.java:lambda$new$0(132)) - e288bd1d-6916-4b99-86f0-9ad6ba41312f@group-7E54E84CB630-SegmentedRaftLogWorker: flushIndex: setUnconditionally 0 -> -1
2019-09-25 05:55:21,851 [pool-37-thread-1] INFO  server.RaftServerConfigKeys (ConfUtils.java:logGet(43)) - raft.server.snapshot.auto.trigger.enabled = true (custom)
2019-09-25 05:55:21,851 [pool-37-thread-1] INFO  server.RaftServerConfigKeys (ConfUtils.java:logGet(43)) - raft.server.snapshot.auto.trigger.threshold = 10000 (custom)
2019-09-25 05:55:21,852 [pool-37-thread-1] INFO  server.RaftServerConfigKeys (ConfUtils.java:logGet(43)) - raft.server.snapshot.retention.num.files = 5 (custom)
2019-09-25 05:55:21,852 [pool-37-thread-1] INFO  server.RaftServerConfigKeys (ConfUtils.java:logGet(43)) - raft.server.retrycache.expirytime = 600000ms (custom)
2019-09-25 05:55:21,855 [pool-37-thread-1] INFO  impl.RaftServerImpl (RaftServerImpl.java:start(185)) - e288bd1d-6916-4b99-86f0-9ad6ba41312f@group-7E54E84CB630: start as a follower, conf=-1: [e288bd1d-6916-4b99-86f0-9ad6ba41312f:192.168.5.161:35777], old=null
2019-09-25 05:55:21,855 [pool-37-thread-1] INFO  impl.RaftServerImpl (RaftServerImpl.java:setRole(174)) - e288bd1d-6916-4b99-86f0-9ad6ba41312f@group-7E54E84CB630: changes role from      null to FOLLOWER at term 0 for startAsFollower
2019-09-25 05:55:21,855 [pool-37-thread-1] INFO  impl.RoleInfo (RoleInfo.java:updateAndGet(143)) - e288bd1d-6916-4b99-86f0-9ad6ba41312f: start FollowerState
2019-09-25 05:55:21,856 [pool-37-thread-1] INFO  util.JmxRegister (JmxRegister.java:tryRegister(44)) - Successfully registered JMX Bean with object name Ratis:service=RaftServer,group=group-7E54E84CB630,id=e288bd1d-6916-4b99-86f0-9ad6ba41312f
2019-09-25 05:55:21,866 [RatisPipelineUtilsThread] INFO  pipeline.PipelineStateManager (PipelineStateManager.java:addPipeline(56)) - Created pipeline Pipeline[ Id: 8f53b265-c483-4445-9c2a-7e54e84cb630, Nodes: e288bd1d-6916-4b99-86f0-9ad6ba41312f{ip: 192.168.5.161, host: pr-hdds-1569-zxpks-796972592, networkLocation: /default-rack, certSerialId: null}, Type:RATIS, Factor:ONE, State:OPEN]
2019-09-25 05:55:21,879 [grpc-default-executor-0] INFO  impl.RaftServerProxy (RaftServerProxy.java:addNew(89)) - e288bd1d-6916-4b99-86f0-9ad6ba41312f: addNew group-6142FAAA58C3:[e288bd1d-6916-4b99-86f0-9ad6ba41312f:192.168.5.161:35777] returns group-6142FAAA58C3:java.util.concurrent.CompletableFuture@5f895870[Not completed]
2019-09-25 05:55:21,880 [pool-37-thread-1] INFO  impl.RaftServerImpl (RaftServerImpl.java:<init>(95)) - e288bd1d-6916-4b99-86f0-9ad6ba41312f: new RaftServerImpl for group-6142FAAA58C3:[e288bd1d-6916-4b99-86f0-9ad6ba41312f:192.168.5.161:35777] with ContainerStateMachine:uninitialized
2019-09-25 05:55:21,881 [pool-37-thread-1] INFO  server.RaftServerConfigKeys (ConfUtils.java:logGet(43)) - raft.server.rpc.timeout.min = 5s (custom)
2019-09-25 05:55:21,881 [pool-37-thread-1] INFO  server.RaftServerConfigKeys (ConfUtils.java:logGet(43)) - raft.server.rpc.timeout.max = 5200ms (custom)
2019-09-25 05:55:21,881 [pool-37-thread-1] INFO  server.RaftServerConfigKeys (ConfUtils.java:logGet(43)) - raft.server.rpcslowness.timeout = 120s (custom)
2019-09-25 05:55:21,881 [pool-37-thread-1] INFO  server.RaftServerConfigKeys (ConfUtils.java:logGet(43)) - raft.server.sleep.deviation.threshold = 300 (default)
2019-09-25 05:55:21,881 [pool-37-thread-1] INFO  server.RaftServerConfigKeys (ConfUtils.java:logGet(43)) - raft.server.log.appender.install.snapshot.enabled = false (custom)
2019-09-25 05:55:21,881 [pool-37-thread-1] INFO  impl.RaftServerImpl (ServerState.java:<init>(103)) - e288bd1d-6916-4b99-86f0-9ad6ba41312f@group-6142FAAA58C3: ConfigurationManager, init=-1: [e288bd1d-6916-4b99-86f0-9ad6ba41312f:192.168.5.161:35777], old=null, confs=<EMPTY_MAP>
2019-09-25 05:55:21,881 [pool-37-thread-1] INFO  server.RaftServerConfigKeys (ConfUtils.java:logGet(43)) - raft.server.storage.dir = [/workdir/hadoop-ozone/tools/target/test-dir/MiniOzoneClusterImpl-ee66e79a-8124-4b50-8b06-9837ad27a0bb/datanode-1/data/ratis] (custom)
2019-09-25 05:55:21,882 [pool-37-thread-1] INFO  storage.RaftStorageDirectory (RaftStorageDirectory.java:analyzeStorage(246)) - The storage directory /workdir/hadoop-ozone/tools/target/test-dir/MiniOzoneClusterImpl-ee66e79a-8124-4b50-8b06-9837ad27a0bb/datanode-1/data/ratis/e57e4366-e9be-4359-99e5-6142faaa58c3 does not exist. Creating ...
2019-09-25 05:55:21,885 [pool-37-thread-1] INFO  storage.RaftStorageDirectory (RaftStorageDirectory.java:tryLock(328)) - Lock on /workdir/hadoop-ozone/tools/target/test-dir/MiniOzoneClusterImpl-ee66e79a-8124-4b50-8b06-9837ad27a0bb/datanode-1/data/ratis/e57e4366-e9be-4359-99e5-6142faaa58c3/in_use.lock acquired by nodename 21869@pr-hdds-1569-zxpks-796972592
2019-09-25 05:55:21,888 [pool-37-thread-1] INFO  storage.RaftStorage (RaftStorage.java:format(72)) - Storage directory /workdir/hadoop-ozone/tools/target/test-dir/MiniOzoneClusterImpl-ee66e79a-8124-4b50-8b06-9837ad27a0bb/datanode-1/data/ratis/e57e4366-e9be-4359-99e5-6142faaa58c3 has been successfully formatted.
2019-09-25 05:55:21,888 [pool-37-thread-1] INFO  ratis.ContainerStateMachine (ContainerStateMachine.java:loadSnapshot(230)) - group-6142FAAA58C3: The snapshot info is null. Setting the last applied indexto:(t:0, i:~)
2019-09-25 05:55:21,888 [pool-37-thread-1] INFO  server.RaftServerConfigKeys (ConfUtils.java:logGet(43)) - raft.server.notification.no-leader.timeout = 120s (custom)
2019-09-25 05:55:21,888 [pool-37-thread-1] INFO  server.RaftServerConfigKeys (ConfUtils.java:logGet(43)) - raft.server.log.use.memory = false (default)
2019-09-25 05:55:21,888 [pool-37-thread-1] INFO  server.RaftServerConfigKeys (ConfUtils.java:logGet(43)) - raft.server.log.purge.gap = 1000000 (custom)
2019-09-25 05:55:21,888 [pool-37-thread-1] INFO  server.RaftServerConfigKeys (ConfUtils.java:logGet(43)) - raft.server.log.appender.buffer.byte-limit = 33554432 (custom)
2019-09-25 05:55:21,889 [pool-37-thread-1] INFO  server.RaftServerConfigKeys (ConfUtils.java:logGet(43)) - raft.server.log.segment.size.max = 1048576 (custom)
2019-09-25 05:55:21,889 [pool-37-thread-1] INFO  server.RaftServerConfigKeys (ConfUtils.java:logGet(43)) - raft.server.log.segment.cache.num.max = 2 (custom)
2019-09-25 05:55:21,889 [pool-37-thread-1] INFO  segmented.SegmentedRaftLogWorker (SegmentedRaftLogWorker.java:<init>(172)) - new e288bd1d-6916-4b99-86f0-9ad6ba41312f@group-6142FAAA58C3-SegmentedRaftLogWorker for RaftStorage:Storage Directory /workdir/hadoop-ozone/tools/target/test-dir/MiniOzoneClusterImpl-ee66e79a-8124-4b50-8b06-9837ad27a0bb/datanode-1/data/ratis/e57e4366-e9be-4359-99e5-6142faaa58c3
2019-09-25 05:55:21,889 [pool-37-thread-1] INFO  server.RaftServerConfigKeys (ConfUtils.java:logGet(43)) - raft.server.log.queue.byte-limit = 2147483647 (custom)
2019-09-25 05:55:21,889 [pool-37-thread-1] INFO  server.RaftServerConfigKeys (ConfUtils.java:logGet(43)) - raft.server.log.queue.element-limit = 1024 (custom)
2019-09-25 05:55:21,889 [pool-37-thread-1] INFO  server.RaftServerConfigKeys (ConfUtils.java:logGet(43)) - raft.server.log.segment.size.max = 1048576 (custom)
2019-09-25 05:55:21,889 [pool-37-thread-1] INFO  server.RaftServerConfigKeys (ConfUtils.java:logGet(43)) - raft.server.log.preallocated.size = 16384 (custom)
2019-09-25 05:55:21,890 [pool-37-thread-1] INFO  server.RaftServerConfigKeys (ConfUtils.java:logGet(43)) - raft.server.log.write.buffer.size = 33554432 (custom)
2019-09-25 05:55:21,890 [pool-37-thread-1] INFO  server.RaftServerConfigKeys (ConfUtils.java:logGet(43)) - raft.server.log.force.sync.num = 128 (default)
2019-09-25 05:55:21,890 [pool-37-thread-1] INFO  server.RaftServerConfigKeys (ConfUtils.java:logGet(43)) - raft.server.log.statemachine.data.sync = true (default)
2019-09-25 05:55:21,890 [pool-37-thread-1] INFO  server.RaftServerConfigKeys (ConfUtils.java:logGet(43)) - raft.server.log.statemachine.data.sync.timeout = 10s (default)
2019-09-25 05:55:21,890 [pool-37-thread-1] INFO  server.RaftServerConfigKeys (ConfUtils.java:logGet(43)) - raft.server.log.statemachine.data.sync.timeout.retry = -1 (default)
2019-09-25 05:55:21,890 [pool-37-thread-1] INFO  server.RaftServerConfigKeys (ConfUtils.java:logGet(43)) - raft.server.log.statemachine.data.caching.enabled = true (custom)
2019-09-25 05:55:21,891 [pool-37-thread-1] INFO  segmented.SegmentedRaftLogWorker (SegmentedRaftLogWorker.java:lambda$new$0(132)) - e288bd1d-6916-4b99-86f0-9ad6ba41312f@group-6142FAAA58C3-SegmentedRaftLogWorker: flushIndex: setUnconditionally 0 -> -1
2019-09-25 05:55:21,891 [pool-37-thread-1] INFO  server.RaftServerConfigKeys (ConfUtils.java:logGet(43)) - raft.server.snapshot.auto.trigger.enabled = true (custom)
2019-09-25 05:55:21,891 [pool-37-thread-1] INFO  server.RaftServerConfigKeys (ConfUtils.java:logGet(43)) - raft.server.snapshot.auto.trigger.threshold = 10000 (custom)
2019-09-25 05:55:21,891 [pool-37-thread-1] INFO  server.RaftServerConfigKeys (ConfUtils.java:logGet(43)) - raft.server.snapshot.retention.num.files = 5 (custom)
2019-09-25 05:55:21,891 [pool-37-thread-1] INFO  server.RaftServerConfigKeys (ConfUtils.java:logGet(43)) - raft.server.retrycache.expirytime = 600000ms (custom)
2019-09-25 05:55:21,894 [pool-37-thread-1] INFO  impl.RaftServerImpl (RaftServerImpl.java:start(185)) - e288bd1d-6916-4b99-86f0-9ad6ba41312f@group-6142FAAA58C3: start as a follower, conf=-1: [e288bd1d-6916-4b99-86f0-9ad6ba41312f:192.168.5.161:35777], old=null
2019-09-25 05:55:21,894 [pool-37-thread-1] INFO  impl.RaftServerImpl (RaftServerImpl.java:setRole(174)) - e288bd1d-6916-4b99-86f0-9ad6ba41312f@group-6142FAAA58C3: changes role from      null to FOLLOWER at term 0 for startAsFollower
2019-09-25 05:55:21,894 [pool-37-thread-1] INFO  impl.RoleInfo (RoleInfo.java:updateAndGet(143)) - e288bd1d-6916-4b99-86f0-9ad6ba41312f: start FollowerState
2019-09-25 05:55:21,895 [pool-37-thread-1] INFO  util.JmxRegister (JmxRegister.java:tryRegister(44)) - Successfully registered JMX Bean with object name Ratis:service=RaftServer,group=group-6142FAAA58C3,id=e288bd1d-6916-4b99-86f0-9ad6ba41312f
2019-09-25 05:55:21,904 [RatisPipelineUtilsThread] INFO  pipeline.PipelineStateManager (PipelineStateManager.java:addPipeline(56)) - Created pipeline Pipeline[ Id: e57e4366-e9be-4359-99e5-6142faaa58c3, Nodes: e288bd1d-6916-4b99-86f0-9ad6ba41312f{ip: 192.168.5.161, host: pr-hdds-1569-zxpks-796972592, networkLocation: /default-rack, certSerialId: null}, Type:RATIS, Factor:ONE, State:OPEN]
2019-09-25 05:55:21,917 [grpc-default-executor-0] INFO  impl.RaftServerProxy (RaftServerProxy.java:addNew(89)) - e288bd1d-6916-4b99-86f0-9ad6ba41312f: addNew group-181661E87F38:[e288bd1d-6916-4b99-86f0-9ad6ba41312f:192.168.5.161:35777] returns group-181661E87F38:java.util.concurrent.CompletableFuture@5d11cbe0[Not completed]
2019-09-25 05:55:21,919 [pool-37-thread-1] INFO  impl.RaftServerImpl (RaftServerImpl.java:<init>(95)) - e288bd1d-6916-4b99-86f0-9ad6ba41312f: new RaftServerImpl for group-181661E87F38:[e288bd1d-6916-4b99-86f0-9ad6ba41312f:192.168.5.161:35777] with ContainerStateMachine:uninitialized
2019-09-25 05:55:21,919 [pool-37-thread-1] INFO  server.RaftServerConfigKeys (ConfUtils.java:logGet(43)) - raft.server.rpc.timeout.min = 5s (custom)
2019-09-25 05:55:21,919 [pool-37-thread-1] INFO  server.RaftServerConfigKeys (ConfUtils.java:logGet(43)) - raft.server.rpc.timeout.max = 5200ms (custom)
2019-09-25 05:55:21,919 [pool-37-thread-1] INFO  server.RaftServerConfigKeys (ConfUtils.java:logGet(43)) - raft.server.rpcslowness.timeout = 120s (custom)
2019-09-25 05:55:21,920 [pool-37-thread-1] INFO  server.RaftServerConfigKeys (ConfUtils.java:logGet(43)) - raft.server.sleep.deviation.threshold = 300 (default)
2019-09-25 05:55:21,920 [pool-37-thread-1] INFO  server.RaftServerConfigKeys (ConfUtils.java:logGet(43)) - raft.server.log.appender.install.snapshot.enabled = false (custom)
2019-09-25 05:55:21,920 [pool-37-thread-1] INFO  impl.RaftServerImpl (ServerState.java:<init>(103)) - e288bd1d-6916-4b99-86f0-9ad6ba41312f@group-181661E87F38: ConfigurationManager, init=-1: [e288bd1d-6916-4b99-86f0-9ad6ba41312f:192.168.5.161:35777], old=null, confs=<EMPTY_MAP>
2019-09-25 05:55:21,920 [pool-37-thread-1] INFO  server.RaftServerConfigKeys (ConfUtils.java:logGet(43)) - raft.server.storage.dir = [/workdir/hadoop-ozone/tools/target/test-dir/MiniOzoneClusterImpl-ee66e79a-8124-4b50-8b06-9837ad27a0bb/datanode-1/data/ratis] (custom)
2019-09-25 05:55:21,920 [pool-37-thread-1] INFO  storage.RaftStorageDirectory (RaftStorageDirectory.java:analyzeStorage(246)) - The storage directory /workdir/hadoop-ozone/tools/target/test-dir/MiniOzoneClusterImpl-ee66e79a-8124-4b50-8b06-9837ad27a0bb/datanode-1/data/ratis/1585c4c9-5609-4064-8c32-181661e87f38 does not exist. Creating ...
2019-09-25 05:55:21,933 [pool-37-thread-1] INFO  storage.RaftStorageDirectory (RaftStorageDirectory.java:tryLock(328)) - Lock on /workdir/hadoop-ozone/tools/target/test-dir/MiniOzoneClusterImpl-ee66e79a-8124-4b50-8b06-9837ad27a0bb/datanode-1/data/ratis/1585c4c9-5609-4064-8c32-181661e87f38/in_use.lock acquired by nodename 21869@pr-hdds-1569-zxpks-796972592
2019-09-25 05:55:21,945 [pool-37-thread-1] INFO  storage.RaftStorage (RaftStorage.java:format(72)) - Storage directory /workdir/hadoop-ozone/tools/target/test-dir/MiniOzoneClusterImpl-ee66e79a-8124-4b50-8b06-9837ad27a0bb/datanode-1/data/ratis/1585c4c9-5609-4064-8c32-181661e87f38 has been successfully formatted.
2019-09-25 05:55:21,946 [pool-37-thread-1] INFO  ratis.ContainerStateMachine (ContainerStateMachine.java:loadSnapshot(230)) - group-181661E87F38: The snapshot info is null. Setting the last applied indexto:(t:0, i:~)
2019-09-25 05:55:21,946 [pool-37-thread-1] INFO  server.RaftServerConfigKeys (ConfUtils.java:logGet(43)) - raft.server.notification.no-leader.timeout = 120s (custom)
2019-09-25 05:55:21,946 [pool-37-thread-1] INFO  server.RaftServerConfigKeys (ConfUtils.java:logGet(43)) - raft.server.log.use.memory = false (default)
2019-09-25 05:55:21,946 [pool-37-thread-1] INFO  server.RaftServerConfigKeys (ConfUtils.java:logGet(43)) - raft.server.log.purge.gap = 1000000 (custom)
2019-09-25 05:55:21,946 [pool-37-thread-1] INFO  server.RaftServerConfigKeys (ConfUtils.java:logGet(43)) - raft.server.log.appender.buffer.byte-limit = 33554432 (custom)
2019-09-25 05:55:21,946 [pool-37-thread-1] INFO  server.RaftServerConfigKeys (ConfUtils.java:logGet(43)) - raft.server.log.segment.size.max = 1048576 (custom)
2019-09-25 05:55:21,947 [pool-37-thread-1] INFO  server.RaftServerConfigKeys (ConfUtils.java:logGet(43)) - raft.server.log.segment.cache.num.max = 2 (custom)
2019-09-25 05:55:21,947 [pool-37-thread-1] INFO  segmented.SegmentedRaftLogWorker (SegmentedRaftLogWorker.java:<init>(172)) - new e288bd1d-6916-4b99-86f0-9ad6ba41312f@group-181661E87F38-SegmentedRaftLogWorker for RaftStorage:Storage Directory /workdir/hadoop-ozone/tools/target/test-dir/MiniOzoneClusterImpl-ee66e79a-8124-4b50-8b06-9837ad27a0bb/datanode-1/data/ratis/1585c4c9-5609-4064-8c32-181661e87f38
2019-09-25 05:55:21,947 [pool-37-thread-1] INFO  server.RaftServerConfigKeys (ConfUtils.java:logGet(43)) - raft.server.log.queue.byte-limit = 2147483647 (custom)
2019-09-25 05:55:21,947 [pool-37-thread-1] INFO  server.RaftServerConfigKeys (ConfUtils.java:logGet(43)) - raft.server.log.queue.element-limit = 1024 (custom)
2019-09-25 05:55:21,947 [pool-37-thread-1] INFO  server.RaftServerConfigKeys (ConfUtils.java:logGet(43)) - raft.server.log.segment.size.max = 1048576 (custom)
2019-09-25 05:55:21,947 [pool-37-thread-1] INFO  server.RaftServerConfigKeys (ConfUtils.java:logGet(43)) - raft.server.log.preallocated.size = 16384 (custom)
2019-09-25 05:55:21,947 [pool-37-thread-1] INFO  server.RaftServerConfigKeys (ConfUtils.java:logGet(43)) - raft.server.log.write.buffer.size = 33554432 (custom)
2019-09-25 05:55:21,948 [pool-37-thread-1] INFO  server.RaftServerConfigKeys (ConfUtils.java:logGet(43)) - raft.server.log.force.sync.num = 128 (default)
2019-09-25 05:55:21,948 [pool-37-thread-1] INFO  server.RaftServerConfigKeys (ConfUtils.java:logGet(43)) - raft.server.log.statemachine.data.sync = true (default)
2019-09-25 05:55:21,948 [pool-37-thread-1] INFO  server.RaftServerConfigKeys (ConfUtils.java:logGet(43)) - raft.server.log.statemachine.data.sync.timeout = 10s (default)
2019-09-25 05:55:21,948 [pool-37-thread-1] INFO  server.RaftServerConfigKeys (ConfUtils.java:logGet(43)) - raft.server.log.statemachine.data.sync.timeout.retry = -1 (default)
2019-09-25 05:55:21,948 [pool-37-thread-1] INFO  server.RaftServerConfigKeys (ConfUtils.java:logGet(43)) - raft.server.log.statemachine.data.caching.enabled = true (custom)
2019-09-25 05:55:21,949 [pool-37-thread-1] INFO  segmented.SegmentedRaftLogWorker (SegmentedRaftLogWorker.java:lambda$new$0(132)) - e288bd1d-6916-4b99-86f0-9ad6ba41312f@group-181661E87F38-SegmentedRaftLogWorker: flushIndex: setUnconditionally 0 -> -1
2019-09-25 05:55:21,949 [pool-37-thread-1] INFO  server.RaftServerConfigKeys (ConfUtils.java:logGet(43)) - raft.server.snapshot.auto.trigger.enabled = true (custom)
2019-09-25 05:55:21,949 [pool-37-thread-1] INFO  server.RaftServerConfigKeys (ConfUtils.java:logGet(43)) - raft.server.snapshot.auto.trigger.threshold = 10000 (custom)
2019-09-25 05:55:21,949 [pool-37-thread-1] INFO  server.RaftServerConfigKeys (ConfUtils.java:logGet(43)) - raft.server.snapshot.retention.num.files = 5 (custom)
2019-09-25 05:55:21,949 [pool-37-thread-1] INFO  server.RaftServerConfigKeys (ConfUtils.java:logGet(43)) - raft.server.retrycache.expirytime = 600000ms (custom)
2019-09-25 05:55:21,952 [pool-37-thread-1] INFO  impl.RaftServerImpl (RaftServerImpl.java:start(185)) - e288bd1d-6916-4b99-86f0-9ad6ba41312f@group-181661E87F38: start as a follower, conf=-1: [e288bd1d-6916-4b99-86f0-9ad6ba41312f:192.168.5.161:35777], old=null
2019-09-25 05:55:21,953 [pool-37-thread-1] INFO  impl.RaftServerImpl (RaftServerImpl.java:setRole(174)) - e288bd1d-6916-4b99-86f0-9ad6ba41312f@group-181661E87F38: changes role from      null to FOLLOWER at term 0 for startAsFollower
2019-09-25 05:55:21,953 [pool-37-thread-1] INFO  impl.RoleInfo (RoleInfo.java:updateAndGet(143)) - e288bd1d-6916-4b99-86f0-9ad6ba41312f: start FollowerState
2019-09-25 05:55:21,953 [pool-37-thread-1] INFO  util.JmxRegister (JmxRegister.java:tryRegister(44)) - Successfully registered JMX Bean with object name Ratis:service=RaftServer,group=group-181661E87F38,id=e288bd1d-6916-4b99-86f0-9ad6ba41312f
2019-09-25 05:55:21,962 [RatisPipelineUtilsThread] INFO  pipeline.PipelineStateManager (PipelineStateManager.java:addPipeline(56)) - Created pipeline Pipeline[ Id: 1585c4c9-5609-4064-8c32-181661e87f38, Nodes: e288bd1d-6916-4b99-86f0-9ad6ba41312f{ip: 192.168.5.161, host: pr-hdds-1569-zxpks-796972592, networkLocation: /default-rack, certSerialId: null}, Type:RATIS, Factor:ONE, State:OPEN]
2019-09-25 05:55:21,975 [grpc-default-executor-0] INFO  impl.RaftServerProxy (RaftServerProxy.java:addNew(89)) - f8886b96-44be-42ff-8c95-3c7353123891: addNew group-D98C95D14411:[f8886b96-44be-42ff-8c95-3c7353123891:192.168.5.161:35513] returns group-D98C95D14411:java.util.concurrent.CompletableFuture@1980a87e[Not completed]
2019-09-25 05:55:21,976 [pool-47-thread-1] INFO  impl.RaftServerImpl (RaftServerImpl.java:<init>(95)) - f8886b96-44be-42ff-8c95-3c7353123891: new RaftServerImpl for group-D98C95D14411:[f8886b96-44be-42ff-8c95-3c7353123891:192.168.5.161:35513] with ContainerStateMachine:uninitialized
2019-09-25 05:55:21,977 [pool-47-thread-1] INFO  server.RaftServerConfigKeys (ConfUtils.java:logGet(43)) - raft.server.rpc.timeout.min = 5s (custom)
2019-09-25 05:55:21,977 [pool-47-thread-1] INFO  server.RaftServerConfigKeys (ConfUtils.java:logGet(43)) - raft.server.rpc.timeout.max = 5200ms (custom)
2019-09-25 05:55:21,977 [pool-47-thread-1] INFO  server.RaftServerConfigKeys (ConfUtils.java:logGet(43)) - raft.server.rpcslowness.timeout = 120s (custom)
2019-09-25 05:55:21,977 [pool-47-thread-1] INFO  server.RaftServerConfigKeys (ConfUtils.java:logGet(43)) - raft.server.sleep.deviation.threshold = 300 (default)
2019-09-25 05:55:21,977 [pool-47-thread-1] INFO  server.RaftServerConfigKeys (ConfUtils.java:logGet(43)) - raft.server.log.appender.install.snapshot.enabled = false (custom)
2019-09-25 05:55:21,977 [pool-47-thread-1] INFO  impl.RaftServerImpl (ServerState.java:<init>(103)) - f8886b96-44be-42ff-8c95-3c7353123891@group-D98C95D14411: ConfigurationManager, init=-1: [f8886b96-44be-42ff-8c95-3c7353123891:192.168.5.161:35513], old=null, confs=<EMPTY_MAP>
2019-09-25 05:55:21,978 [pool-47-thread-1] INFO  server.RaftServerConfigKeys (ConfUtils.java:logGet(43)) - raft.server.storage.dir = [/workdir/hadoop-ozone/tools/target/test-dir/MiniOzoneClusterImpl-ee66e79a-8124-4b50-8b06-9837ad27a0bb/datanode-2/data/ratis] (custom)
2019-09-25 05:55:21,978 [pool-47-thread-1] INFO  storage.RaftStorageDirectory (RaftStorageDirectory.java:analyzeStorage(246)) - The storage directory /workdir/hadoop-ozone/tools/target/test-dir/MiniOzoneClusterImpl-ee66e79a-8124-4b50-8b06-9837ad27a0bb/datanode-2/data/ratis/21fd1bf6-6332-450a-964c-d98c95d14411 does not exist. Creating ...
2019-09-25 05:55:21,990 [pool-47-thread-1] INFO  storage.RaftStorageDirectory (RaftStorageDirectory.java:tryLock(328)) - Lock on /workdir/hadoop-ozone/tools/target/test-dir/MiniOzoneClusterImpl-ee66e79a-8124-4b50-8b06-9837ad27a0bb/datanode-2/data/ratis/21fd1bf6-6332-450a-964c-d98c95d14411/in_use.lock acquired by nodename 21869@pr-hdds-1569-zxpks-796972592
2019-09-25 05:55:22,003 [pool-47-thread-1] INFO  storage.RaftStorage (RaftStorage.java:format(72)) - Storage directory /workdir/hadoop-ozone/tools/target/test-dir/MiniOzoneClusterImpl-ee66e79a-8124-4b50-8b06-9837ad27a0bb/datanode-2/data/ratis/21fd1bf6-6332-450a-964c-d98c95d14411 has been successfully formatted.
2019-09-25 05:55:22,003 [pool-47-thread-1] INFO  ratis.ContainerStateMachine (ContainerStateMachine.java:loadSnapshot(230)) - group-D98C95D14411: The snapshot info is null. Setting the last applied indexto:(t:0, i:~)
2019-09-25 05:55:22,003 [pool-47-thread-1] INFO  server.RaftServerConfigKeys (ConfUtils.java:logGet(43)) - raft.server.notification.no-leader.timeout = 120s (custom)
2019-09-25 05:55:22,003 [pool-47-thread-1] INFO  server.RaftServerConfigKeys (ConfUtils.java:logGet(43)) - raft.server.log.use.memory = false (default)
2019-09-25 05:55:22,004 [pool-47-thread-1] INFO  server.RaftServerConfigKeys (ConfUtils.java:logGet(43)) - raft.server.log.purge.gap = 1000000 (custom)
2019-09-25 05:55:22,004 [pool-47-thread-1] INFO  server.RaftServerConfigKeys (ConfUtils.java:logGet(43)) - raft.server.log.appender.buffer.byte-limit = 33554432 (custom)
2019-09-25 05:55:22,004 [pool-47-thread-1] INFO  server.RaftServerConfigKeys (ConfUtils.java:logGet(43)) - raft.server.log.segment.size.max = 1048576 (custom)
2019-09-25 05:55:22,004 [pool-47-thread-1] INFO  server.RaftServerConfigKeys (ConfUtils.java:logGet(43)) - raft.server.log.segment.cache.num.max = 2 (custom)
2019-09-25 05:55:22,004 [pool-47-thread-1] INFO  segmented.SegmentedRaftLogWorker (SegmentedRaftLogWorker.java:<init>(172)) - new f8886b96-44be-42ff-8c95-3c7353123891@group-D98C95D14411-SegmentedRaftLogWorker for RaftStorage:Storage Directory /workdir/hadoop-ozone/tools/target/test-dir/MiniOzoneClusterImpl-ee66e79a-8124-4b50-8b06-9837ad27a0bb/datanode-2/data/ratis/21fd1bf6-6332-450a-964c-d98c95d14411
2019-09-25 05:55:22,004 [pool-47-thread-1] INFO  server.RaftServerConfigKeys (ConfUtils.java:logGet(43)) - raft.server.log.queue.byte-limit = 2147483647 (custom)
2019-09-25 05:55:22,005 [pool-47-thread-1] INFO  server.RaftServerConfigKeys (ConfUtils.java:logGet(43)) - raft.server.log.queue.element-limit = 1024 (custom)
2019-09-25 05:55:22,005 [pool-47-thread-1] INFO  server.RaftServerConfigKeys (ConfUtils.java:logGet(43)) - raft.server.log.segment.size.max = 1048576 (custom)
2019-09-25 05:55:22,005 [pool-47-thread-1] INFO  server.RaftServerConfigKeys (ConfUtils.java:logGet(43)) - raft.server.log.preallocated.size = 16384 (custom)
2019-09-25 05:55:22,005 [pool-47-thread-1] INFO  server.RaftServerConfigKeys (ConfUtils.java:logGet(43)) - raft.server.log.write.buffer.size = 33554432 (custom)
2019-09-25 05:55:22,005 [pool-47-thread-1] INFO  server.RaftServerConfigKeys (ConfUtils.java:logGet(43)) - raft.server.log.force.sync.num = 128 (default)
2019-09-25 05:55:22,005 [pool-47-thread-1] INFO  server.RaftServerConfigKeys (ConfUtils.java:logGet(43)) - raft.server.log.statemachine.data.sync = true (default)
2019-09-25 05:55:22,006 [pool-47-thread-1] INFO  server.RaftServerConfigKeys (ConfUtils.java:logGet(43)) - raft.server.log.statemachine.data.sync.timeout = 10s (default)
2019-09-25 05:55:22,006 [pool-47-thread-1] INFO  server.RaftServerConfigKeys (ConfUtils.java:logGet(43)) - raft.server.log.statemachine.data.sync.timeout.retry = -1 (default)
2019-09-25 05:55:22,006 [pool-47-thread-1] INFO  server.RaftServerConfigKeys (ConfUtils.java:logGet(43)) - raft.server.log.statemachine.data.caching.enabled = true (custom)
2019-09-25 05:55:22,006 [pool-47-thread-1] INFO  segmented.SegmentedRaftLogWorker (SegmentedRaftLogWorker.java:lambda$new$0(132)) - f8886b96-44be-42ff-8c95-3c7353123891@group-D98C95D14411-SegmentedRaftLogWorker: flushIndex: setUnconditionally 0 -> -1
2019-09-25 05:55:22,007 [pool-47-thread-1] INFO  server.RaftServerConfigKeys (ConfUtils.java:logGet(43)) - raft.server.snapshot.auto.trigger.enabled = true (custom)
2019-09-25 05:55:22,007 [pool-47-thread-1] INFO  server.RaftServerConfigKeys (ConfUtils.java:logGet(43)) - raft.server.snapshot.auto.trigger.threshold = 10000 (custom)
2019-09-25 05:55:22,007 [pool-47-thread-1] INFO  server.RaftServerConfigKeys (ConfUtils.java:logGet(43)) - raft.server.snapshot.retention.num.files = 5 (custom)
2019-09-25 05:55:22,007 [pool-47-thread-1] INFO  server.RaftServerConfigKeys (ConfUtils.java:logGet(43)) - raft.server.retrycache.expirytime = 600000ms (custom)
2019-09-25 05:55:22,010 [pool-47-thread-1] INFO  impl.RaftServerImpl (RaftServerImpl.java:start(185)) - f8886b96-44be-42ff-8c95-3c7353123891@group-D98C95D14411: start as a follower, conf=-1: [f8886b96-44be-42ff-8c95-3c7353123891:192.168.5.161:35513], old=null
2019-09-25 05:55:22,010 [pool-47-thread-1] INFO  impl.RaftServerImpl (RaftServerImpl.java:setRole(174)) - f8886b96-44be-42ff-8c95-3c7353123891@group-D98C95D14411: changes role from      null to FOLLOWER at term 0 for startAsFollower
2019-09-25 05:55:22,010 [pool-47-thread-1] INFO  impl.RoleInfo (RoleInfo.java:updateAndGet(143)) - f8886b96-44be-42ff-8c95-3c7353123891: start FollowerState
2019-09-25 05:55:22,010 [pool-47-thread-1] INFO  util.JmxRegister (JmxRegister.java:tryRegister(44)) - Successfully registered JMX Bean with object name Ratis:service=RaftServer,group=group-D98C95D14411,id=f8886b96-44be-42ff-8c95-3c7353123891
2019-09-25 05:55:22,018 [RatisPipelineUtilsThread] INFO  pipeline.PipelineStateManager (PipelineStateManager.java:addPipeline(56)) - Created pipeline Pipeline[ Id: 21fd1bf6-6332-450a-964c-d98c95d14411, Nodes: f8886b96-44be-42ff-8c95-3c7353123891{ip: 192.168.5.161, host: pr-hdds-1569-zxpks-796972592, networkLocation: /default-rack, certSerialId: null}, Type:RATIS, Factor:ONE, State:OPEN]
2019-09-25 05:55:22,030 [grpc-default-executor-0] INFO  impl.RaftServerProxy (RaftServerProxy.java:addNew(89)) - f8886b96-44be-42ff-8c95-3c7353123891: addNew group-0E8CE15B6CB5:[f8886b96-44be-42ff-8c95-3c7353123891:192.168.5.161:35513] returns group-0E8CE15B6CB5:java.util.concurrent.CompletableFuture@3847f4a5[Not completed]
2019-09-25 05:55:22,032 [pool-47-thread-1] INFO  impl.RaftServerImpl (RaftServerImpl.java:<init>(95)) - f8886b96-44be-42ff-8c95-3c7353123891: new RaftServerImpl for group-0E8CE15B6CB5:[f8886b96-44be-42ff-8c95-3c7353123891:192.168.5.161:35513] with ContainerStateMachine:uninitialized
2019-09-25 05:55:22,032 [pool-47-thread-1] INFO  server.RaftServerConfigKeys (ConfUtils.java:logGet(43)) - raft.server.rpc.timeout.min = 5s (custom)
2019-09-25 05:55:22,032 [pool-47-thread-1] INFO  server.RaftServerConfigKeys (ConfUtils.java:logGet(43)) - raft.server.rpc.timeout.max = 5200ms (custom)
2019-09-25 05:55:22,032 [pool-47-thread-1] INFO  server.RaftServerConfigKeys (ConfUtils.java:logGet(43)) - raft.server.rpcslowness.timeout = 120s (custom)
2019-09-25 05:55:22,032 [pool-47-thread-1] INFO  server.RaftServerConfigKeys (ConfUtils.java:logGet(43)) - raft.server.sleep.deviation.threshold = 300 (default)
2019-09-25 05:55:22,032 [pool-47-thread-1] INFO  server.RaftServerConfigKeys (ConfUtils.java:logGet(43)) - raft.server.log.appender.install.snapshot.enabled = false (custom)
2019-09-25 05:55:22,032 [pool-47-thread-1] INFO  impl.RaftServerImpl (ServerState.java:<init>(103)) - f8886b96-44be-42ff-8c95-3c7353123891@group-0E8CE15B6CB5: ConfigurationManager, init=-1: [f8886b96-44be-42ff-8c95-3c7353123891:192.168.5.161:35513], old=null, confs=<EMPTY_MAP>
2019-09-25 05:55:22,033 [pool-47-thread-1] INFO  server.RaftServerConfigKeys (ConfUtils.java:logGet(43)) - raft.server.storage.dir = [/workdir/hadoop-ozone/tools/target/test-dir/MiniOzoneClusterImpl-ee66e79a-8124-4b50-8b06-9837ad27a0bb/datanode-2/data/ratis] (custom)
2019-09-25 05:55:22,033 [pool-47-thread-1] INFO  storage.RaftStorageDirectory (RaftStorageDirectory.java:analyzeStorage(246)) - The storage directory /workdir/hadoop-ozone/tools/target/test-dir/MiniOzoneClusterImpl-ee66e79a-8124-4b50-8b06-9837ad27a0bb/datanode-2/data/ratis/bef60705-3f1f-4b01-9729-0e8ce15b6cb5 does not exist. Creating ...
2019-09-25 05:55:22,045 [pool-47-thread-1] INFO  storage.RaftStorageDirectory (RaftStorageDirectory.java:tryLock(328)) - Lock on /workdir/hadoop-ozone/tools/target/test-dir/MiniOzoneClusterImpl-ee66e79a-8124-4b50-8b06-9837ad27a0bb/datanode-2/data/ratis/bef60705-3f1f-4b01-9729-0e8ce15b6cb5/in_use.lock acquired by nodename 21869@pr-hdds-1569-zxpks-796972592
2019-09-25 05:55:22,057 [pool-47-thread-1] INFO  storage.RaftStorage (RaftStorage.java:format(72)) - Storage directory /workdir/hadoop-ozone/tools/target/test-dir/MiniOzoneClusterImpl-ee66e79a-8124-4b50-8b06-9837ad27a0bb/datanode-2/data/ratis/bef60705-3f1f-4b01-9729-0e8ce15b6cb5 has been successfully formatted.
2019-09-25 05:55:22,057 [pool-47-thread-1] INFO  ratis.ContainerStateMachine (ContainerStateMachine.java:loadSnapshot(230)) - group-0E8CE15B6CB5: The snapshot info is null. Setting the last applied indexto:(t:0, i:~)
2019-09-25 05:55:22,057 [pool-47-thread-1] INFO  server.RaftServerConfigKeys (ConfUtils.java:logGet(43)) - raft.server.notification.no-leader.timeout = 120s (custom)
2019-09-25 05:55:22,057 [pool-47-thread-1] INFO  server.RaftServerConfigKeys (ConfUtils.java:logGet(43)) - raft.server.log.use.memory = false (default)
2019-09-25 05:55:22,057 [pool-47-thread-1] INFO  server.RaftServerConfigKeys (ConfUtils.java:logGet(43)) - raft.server.log.purge.gap = 1000000 (custom)
2019-09-25 05:55:22,058 [pool-47-thread-1] INFO  server.RaftServerConfigKeys (ConfUtils.java:logGet(43)) - raft.server.log.appender.buffer.byte-limit = 33554432 (custom)
2019-09-25 05:55:22,058 [pool-47-thread-1] INFO  server.RaftServerConfigKeys (ConfUtils.java:logGet(43)) - raft.server.log.segment.size.max = 1048576 (custom)
2019-09-25 05:55:22,058 [pool-47-thread-1] INFO  server.RaftServerConfigKeys (ConfUtils.java:logGet(43)) - raft.server.log.segment.cache.num.max = 2 (custom)
2019-09-25 05:55:22,058 [pool-47-thread-1] INFO  segmented.SegmentedRaftLogWorker (SegmentedRaftLogWorker.java:<init>(172)) - new f8886b96-44be-42ff-8c95-3c7353123891@group-0E8CE15B6CB5-SegmentedRaftLogWorker for RaftStorage:Storage Directory /workdir/hadoop-ozone/tools/target/test-dir/MiniOzoneClusterImpl-ee66e79a-8124-4b50-8b06-9837ad27a0bb/datanode-2/data/ratis/bef60705-3f1f-4b01-9729-0e8ce15b6cb5
2019-09-25 05:55:22,058 [pool-47-thread-1] INFO  server.RaftServerConfigKeys (ConfUtils.java:logGet(43)) - raft.server.log.queue.byte-limit = 2147483647 (custom)
2019-09-25 05:55:22,058 [pool-47-thread-1] INFO  server.RaftServerConfigKeys (ConfUtils.java:logGet(43)) - raft.server.log.queue.element-limit = 1024 (custom)
2019-09-25 05:55:22,059 [pool-47-thread-1] INFO  server.RaftServerConfigKeys (ConfUtils.java:logGet(43)) - raft.server.log.segment.size.max = 1048576 (custom)
2019-09-25 05:55:22,059 [pool-47-thread-1] INFO  server.RaftServerConfigKeys (ConfUtils.java:logGet(43)) - raft.server.log.preallocated.size = 16384 (custom)
2019-09-25 05:55:22,059 [pool-47-thread-1] INFO  server.RaftServerConfigKeys (ConfUtils.java:logGet(43)) - raft.server.log.write.buffer.size = 33554432 (custom)
2019-09-25 05:55:22,059 [pool-47-thread-1] INFO  server.RaftServerConfigKeys (ConfUtils.java:logGet(43)) - raft.server.log.force.sync.num = 128 (default)
2019-09-25 05:55:22,059 [pool-47-thread-1] INFO  server.RaftServerConfigKeys (ConfUtils.java:logGet(43)) - raft.server.log.statemachine.data.sync = true (default)
2019-09-25 05:55:22,059 [pool-47-thread-1] INFO  server.RaftServerConfigKeys (ConfUtils.java:logGet(43)) - raft.server.log.statemachine.data.sync.timeout = 10s (default)
2019-09-25 05:55:22,059 [pool-47-thread-1] INFO  server.RaftServerConfigKeys (ConfUtils.java:logGet(43)) - raft.server.log.statemachine.data.sync.timeout.retry = -1 (default)
2019-09-25 05:55:22,060 [pool-47-thread-1] INFO  server.RaftServerConfigKeys (ConfUtils.java:logGet(43)) - raft.server.log.statemachine.data.caching.enabled = true (custom)
2019-09-25 05:55:22,060 [pool-47-thread-1] INFO  segmented.SegmentedRaftLogWorker (SegmentedRaftLogWorker.java:lambda$new$0(132)) - f8886b96-44be-42ff-8c95-3c7353123891@group-0E8CE15B6CB5-SegmentedRaftLogWorker: flushIndex: setUnconditionally 0 -> -1
2019-09-25 05:55:22,060 [pool-47-thread-1] INFO  server.RaftServerConfigKeys (ConfUtils.java:logGet(43)) - raft.server.snapshot.auto.trigger.enabled = true (custom)
2019-09-25 05:55:22,061 [pool-47-thread-1] INFO  server.RaftServerConfigKeys (ConfUtils.java:logGet(43)) - raft.server.snapshot.auto.trigger.threshold = 10000 (custom)
2019-09-25 05:55:22,061 [pool-47-thread-1] INFO  server.RaftServerConfigKeys (ConfUtils.java:logGet(43)) - raft.server.snapshot.retention.num.files = 5 (custom)
2019-09-25 05:55:22,061 [pool-47-thread-1] INFO  server.RaftServerConfigKeys (ConfUtils.java:logGet(43)) - raft.server.retrycache.expirytime = 600000ms (custom)
2019-09-25 05:55:22,064 [pool-47-thread-1] INFO  impl.RaftServerImpl (RaftServerImpl.java:start(185)) - f8886b96-44be-42ff-8c95-3c7353123891@group-0E8CE15B6CB5: start as a follower, conf=-1: [f8886b96-44be-42ff-8c95-3c7353123891:192.168.5.161:35513], old=null
2019-09-25 05:55:22,064 [pool-47-thread-1] INFO  impl.RaftServerImpl (RaftServerImpl.java:setRole(174)) - f8886b96-44be-42ff-8c95-3c7353123891@group-0E8CE15B6CB5: changes role from      null to FOLLOWER at term 0 for startAsFollower
2019-09-25 05:55:22,064 [pool-47-thread-1] INFO  impl.RoleInfo (RoleInfo.java:updateAndGet(143)) - f8886b96-44be-42ff-8c95-3c7353123891: start FollowerState
2019-09-25 05:55:22,065 [pool-47-thread-1] INFO  util.JmxRegister (JmxRegister.java:tryRegister(44)) - Successfully registered JMX Bean with object name Ratis:service=RaftServer,group=group-0E8CE15B6CB5,id=f8886b96-44be-42ff-8c95-3c7353123891
2019-09-25 05:55:22,073 [RatisPipelineUtilsThread] INFO  pipeline.PipelineStateManager (PipelineStateManager.java:addPipeline(56)) - Created pipeline Pipeline[ Id: bef60705-3f1f-4b01-9729-0e8ce15b6cb5, Nodes: f8886b96-44be-42ff-8c95-3c7353123891{ip: 192.168.5.161, host: pr-hdds-1569-zxpks-796972592, networkLocation: /default-rack, certSerialId: null}, Type:RATIS, Factor:ONE, State:OPEN]
2019-09-25 05:55:22,073 [RatisPipelineUtilsThread] INFO  pipeline.PipelinePlacementPolicy (PipelinePlacementPolicy.java:meetCriteria(91)) - Pipeline Placement: can't place more pipeline on heavy datanode： f8886b96-44be-42ff-8c95-3c7353123891 Heaviness: 6 limit: 5
2019-09-25 05:55:22,085 [grpc-default-executor-0] INFO  impl.RaftServerProxy (RaftServerProxy.java:addNew(89)) - 9dec4261-9116-4e95-be01-4b7ee3b1a3bb: addNew group-984E7CCAFC0C:[9dec4261-9116-4e95-be01-4b7ee3b1a3bb:192.168.5.161:35640] returns group-984E7CCAFC0C:java.util.concurrent.CompletableFuture@51e8a7b3[Not completed]
2019-09-25 05:55:22,088 [pool-27-thread-1] INFO  impl.RaftServerImpl (RaftServerImpl.java:<init>(95)) - 9dec4261-9116-4e95-be01-4b7ee3b1a3bb: new RaftServerImpl for group-984E7CCAFC0C:[9dec4261-9116-4e95-be01-4b7ee3b1a3bb:192.168.5.161:35640] with ContainerStateMachine:uninitialized
2019-09-25 05:55:22,088 [pool-27-thread-1] INFO  server.RaftServerConfigKeys (ConfUtils.java:logGet(43)) - raft.server.rpc.timeout.min = 5s (custom)
2019-09-25 05:55:22,088 [pool-27-thread-1] INFO  server.RaftServerConfigKeys (ConfUtils.java:logGet(43)) - raft.server.rpc.timeout.max = 5200ms (custom)
2019-09-25 05:55:22,088 [pool-27-thread-1] INFO  server.RaftServerConfigKeys (ConfUtils.java:logGet(43)) - raft.server.rpcslowness.timeout = 120s (custom)
2019-09-25 05:55:22,089 [pool-27-thread-1] INFO  server.RaftServerConfigKeys (ConfUtils.java:logGet(43)) - raft.server.sleep.deviation.threshold = 300 (default)
2019-09-25 05:55:22,089 [pool-27-thread-1] INFO  server.RaftServerConfigKeys (ConfUtils.java:logGet(43)) - raft.server.log.appender.install.snapshot.enabled = false (custom)
2019-09-25 05:55:22,089 [pool-27-thread-1] INFO  impl.RaftServerImpl (ServerState.java:<init>(103)) - 9dec4261-9116-4e95-be01-4b7ee3b1a3bb@group-984E7CCAFC0C: ConfigurationManager, init=-1: [9dec4261-9116-4e95-be01-4b7ee3b1a3bb:192.168.5.161:35640], old=null, confs=<EMPTY_MAP>
2019-09-25 05:55:22,089 [pool-27-thread-1] INFO  server.RaftServerConfigKeys (ConfUtils.java:logGet(43)) - raft.server.storage.dir = [/workdir/hadoop-ozone/tools/target/test-dir/MiniOzoneClusterImpl-ee66e79a-8124-4b50-8b06-9837ad27a0bb/datanode-0/data/ratis] (custom)
2019-09-25 05:55:22,090 [pool-27-thread-1] INFO  storage.RaftStorageDirectory (RaftStorageDirectory.java:analyzeStorage(246)) - The storage directory /workdir/hadoop-ozone/tools/target/test-dir/MiniOzoneClusterImpl-ee66e79a-8124-4b50-8b06-9837ad27a0bb/datanode-0/data/ratis/d105a37e-7734-45ed-a4c8-984e7ccafc0c does not exist. Creating ...
2019-09-25 05:55:22,102 [pool-27-thread-1] INFO  storage.RaftStorageDirectory (RaftStorageDirectory.java:tryLock(328)) - Lock on /workdir/hadoop-ozone/tools/target/test-dir/MiniOzoneClusterImpl-ee66e79a-8124-4b50-8b06-9837ad27a0bb/datanode-0/data/ratis/d105a37e-7734-45ed-a4c8-984e7ccafc0c/in_use.lock acquired by nodename 21869@pr-hdds-1569-zxpks-796972592
2019-09-25 05:55:22,106 [pool-27-thread-1] INFO  storage.RaftStorage (RaftStorage.java:format(72)) - Storage directory /workdir/hadoop-ozone/tools/target/test-dir/MiniOzoneClusterImpl-ee66e79a-8124-4b50-8b06-9837ad27a0bb/datanode-0/data/ratis/d105a37e-7734-45ed-a4c8-984e7ccafc0c has been successfully formatted.
2019-09-25 05:55:22,106 [pool-27-thread-1] INFO  ratis.ContainerStateMachine (ContainerStateMachine.java:loadSnapshot(230)) - group-984E7CCAFC0C: The snapshot info is null. Setting the last applied indexto:(t:0, i:~)
2019-09-25 05:55:22,106 [pool-27-thread-1] INFO  server.RaftServerConfigKeys (ConfUtils.java:logGet(43)) - raft.server.notification.no-leader.timeout = 120s (custom)
2019-09-25 05:55:22,107 [pool-27-thread-1] INFO  server.RaftServerConfigKeys (ConfUtils.java:logGet(43)) - raft.server.log.use.memory = false (default)
2019-09-25 05:55:22,107 [pool-27-thread-1] INFO  server.RaftServerConfigKeys (ConfUtils.java:logGet(43)) - raft.server.log.purge.gap = 1000000 (custom)
2019-09-25 05:55:22,107 [pool-27-thread-1] INFO  server.RaftServerConfigKeys (ConfUtils.java:logGet(43)) - raft.server.log.appender.buffer.byte-limit = 33554432 (custom)
2019-09-25 05:55:22,107 [pool-27-thread-1] INFO  server.RaftServerConfigKeys (ConfUtils.java:logGet(43)) - raft.server.log.segment.size.max = 1048576 (custom)
2019-09-25 05:55:22,107 [pool-27-thread-1] INFO  server.RaftServerConfigKeys (ConfUtils.java:logGet(43)) - raft.server.log.segment.cache.num.max = 2 (custom)
2019-09-25 05:55:22,107 [pool-27-thread-1] INFO  segmented.SegmentedRaftLogWorker (SegmentedRaftLogWorker.java:<init>(172)) - new 9dec4261-9116-4e95-be01-4b7ee3b1a3bb@group-984E7CCAFC0C-SegmentedRaftLogWorker for RaftStorage:Storage Directory /workdir/hadoop-ozone/tools/target/test-dir/MiniOzoneClusterImpl-ee66e79a-8124-4b50-8b06-9837ad27a0bb/datanode-0/data/ratis/d105a37e-7734-45ed-a4c8-984e7ccafc0c
2019-09-25 05:55:22,108 [pool-27-thread-1] INFO  server.RaftServerConfigKeys (ConfUtils.java:logGet(43)) - raft.server.log.queue.byte-limit = 2147483647 (custom)
2019-09-25 05:55:22,108 [pool-27-thread-1] INFO  server.RaftServerConfigKeys (ConfUtils.java:logGet(43)) - raft.server.log.queue.element-limit = 1024 (custom)
2019-09-25 05:55:22,108 [pool-27-thread-1] INFO  server.RaftServerConfigKeys (ConfUtils.java:logGet(43)) - raft.server.log.segment.size.max = 1048576 (custom)
2019-09-25 05:55:22,108 [pool-27-thread-1] INFO  server.RaftServerConfigKeys (ConfUtils.java:logGet(43)) - raft.server.log.preallocated.size = 16384 (custom)
2019-09-25 05:55:22,108 [pool-27-thread-1] INFO  server.RaftServerConfigKeys (ConfUtils.java:logGet(43)) - raft.server.log.write.buffer.size = 33554432 (custom)
2019-09-25 05:55:22,109 [pool-27-thread-1] INFO  server.RaftServerConfigKeys (ConfUtils.java:logGet(43)) - raft.server.log.force.sync.num = 128 (default)
2019-09-25 05:55:22,109 [pool-27-thread-1] INFO  server.RaftServerConfigKeys (ConfUtils.java:logGet(43)) - raft.server.log.statemachine.data.sync = true (default)
2019-09-25 05:55:22,109 [pool-27-thread-1] INFO  server.RaftServerConfigKeys (ConfUtils.java:logGet(43)) - raft.server.log.statemachine.data.sync.timeout = 10s (default)
2019-09-25 05:55:22,109 [pool-27-thread-1] INFO  server.RaftServerConfigKeys (ConfUtils.java:logGet(43)) - raft.server.log.statemachine.data.sync.timeout.retry = -1 (default)
2019-09-25 05:55:22,110 [pool-27-thread-1] INFO  server.RaftServerConfigKeys (ConfUtils.java:logGet(43)) - raft.server.log.statemachine.data.caching.enabled = true (custom)
2019-09-25 05:55:22,110 [pool-27-thread-1] INFO  segmented.SegmentedRaftLogWorker (SegmentedRaftLogWorker.java:lambda$new$0(132)) - 9dec4261-9116-4e95-be01-4b7ee3b1a3bb@group-984E7CCAFC0C-SegmentedRaftLogWorker: flushIndex: setUnconditionally 0 -> -1
2019-09-25 05:55:22,110 [pool-27-thread-1] INFO  server.RaftServerConfigKeys (ConfUtils.java:logGet(43)) - raft.server.snapshot.auto.trigger.enabled = true (custom)
2019-09-25 05:55:22,111 [pool-27-thread-1] INFO  server.RaftServerConfigKeys (ConfUtils.java:logGet(43)) - raft.server.snapshot.auto.trigger.threshold = 10000 (custom)
2019-09-25 05:55:22,111 [pool-27-thread-1] INFO  server.RaftServerConfigKeys (ConfUtils.java:logGet(43)) - raft.server.snapshot.retention.num.files = 5 (custom)
2019-09-25 05:55:22,111 [pool-27-thread-1] INFO  server.RaftServerConfigKeys (ConfUtils.java:logGet(43)) - raft.server.retrycache.expirytime = 600000ms (custom)
2019-09-25 05:55:22,115 [pool-27-thread-1] INFO  impl.RaftServerImpl (RaftServerImpl.java:start(185)) - 9dec4261-9116-4e95-be01-4b7ee3b1a3bb@group-984E7CCAFC0C: start as a follower, conf=-1: [9dec4261-9116-4e95-be01-4b7ee3b1a3bb:192.168.5.161:35640], old=null
2019-09-25 05:55:22,115 [pool-27-thread-1] INFO  impl.RaftServerImpl (RaftServerImpl.java:setRole(174)) - 9dec4261-9116-4e95-be01-4b7ee3b1a3bb@group-984E7CCAFC0C: changes role from      null to FOLLOWER at term 0 for startAsFollower
2019-09-25 05:55:22,115 [pool-27-thread-1] INFO  impl.RoleInfo (RoleInfo.java:updateAndGet(143)) - 9dec4261-9116-4e95-be01-4b7ee3b1a3bb: start FollowerState
2019-09-25 05:55:22,116 [pool-27-thread-1] INFO  util.JmxRegister (JmxRegister.java:tryRegister(44)) - Successfully registered JMX Bean with object name Ratis:service=RaftServer,group=group-984E7CCAFC0C,id=9dec4261-9116-4e95-be01-4b7ee3b1a3bb
 0.00% |█                                                                                                    |  0/1 Time: 0:00:012019-09-25 05:55:22,124 [RatisPipelineUtilsThread] INFO  pipeline.PipelineStateManager (PipelineStateManager.java:addPipeline(56)) - Created pipeline Pipeline[ Id: d105a37e-7734-45ed-a4c8-984e7ccafc0c, Nodes: 9dec4261-9116-4e95-be01-4b7ee3b1a3bb{ip: 192.168.5.161, host: pr-hdds-1569-zxpks-796972592, networkLocation: /default-rack, certSerialId: null}, Type:RATIS, Factor:ONE, State:OPEN]
2019-09-25 05:55:22,125 [RatisPipelineUtilsThread] INFO  pipeline.PipelinePlacementPolicy (PipelinePlacementPolicy.java:meetCriteria(91)) - Pipeline Placement: can't place more pipeline on heavy datanode： f8886b96-44be-42ff-8c95-3c7353123891 Heaviness: 6 limit: 5
2019-09-25 05:55:22,137 [grpc-default-executor-0] INFO  impl.RaftServerProxy (RaftServerProxy.java:addNew(89)) - 9dec4261-9116-4e95-be01-4b7ee3b1a3bb: addNew group-7942957E40E2:[9dec4261-9116-4e95-be01-4b7ee3b1a3bb:192.168.5.161:35640] returns group-7942957E40E2:java.util.concurrent.CompletableFuture@6e88e76b[Not completed]
2019-09-25 05:55:22,139 [pool-27-thread-1] INFO  impl.RaftServerImpl (RaftServerImpl.java:<init>(95)) - 9dec4261-9116-4e95-be01-4b7ee3b1a3bb: new RaftServerImpl for group-7942957E40E2:[9dec4261-9116-4e95-be01-4b7ee3b1a3bb:192.168.5.161:35640] with ContainerStateMachine:uninitialized
2019-09-25 05:55:22,140 [pool-27-thread-1] INFO  server.RaftServerConfigKeys (ConfUtils.java:logGet(43)) - raft.server.rpc.timeout.min = 5s (custom)
2019-09-25 05:55:22,140 [pool-27-thread-1] INFO  server.RaftServerConfigKeys (ConfUtils.java:logGet(43)) - raft.server.rpc.timeout.max = 5200ms (custom)
2019-09-25 05:55:22,140 [pool-27-thread-1] INFO  server.RaftServerConfigKeys (ConfUtils.java:logGet(43)) - raft.server.rpcslowness.timeout = 120s (custom)
2019-09-25 05:55:22,140 [pool-27-thread-1] INFO  server.RaftServerConfigKeys (ConfUtils.java:logGet(43)) - raft.server.sleep.deviation.threshold = 300 (default)
2019-09-25 05:55:22,140 [pool-27-thread-1] INFO  server.RaftServerConfigKeys (ConfUtils.java:logGet(43)) - raft.server.log.appender.install.snapshot.enabled = false (custom)
2019-09-25 05:55:22,140 [pool-27-thread-1] INFO  impl.RaftServerImpl (ServerState.java:<init>(103)) - 9dec4261-9116-4e95-be01-4b7ee3b1a3bb@group-7942957E40E2: ConfigurationManager, init=-1: [9dec4261-9116-4e95-be01-4b7ee3b1a3bb:192.168.5.161:35640], old=null, confs=<EMPTY_MAP>
2019-09-25 05:55:22,141 [pool-27-thread-1] INFO  server.RaftServerConfigKeys (ConfUtils.java:logGet(43)) - raft.server.storage.dir = [/workdir/hadoop-ozone/tools/target/test-dir/MiniOzoneClusterImpl-ee66e79a-8124-4b50-8b06-9837ad27a0bb/datanode-0/data/ratis] (custom)
2019-09-25 05:55:22,141 [pool-27-thread-1] INFO  storage.RaftStorageDirectory (RaftStorageDirectory.java:analyzeStorage(246)) - The storage directory /workdir/hadoop-ozone/tools/target/test-dir/MiniOzoneClusterImpl-ee66e79a-8124-4b50-8b06-9837ad27a0bb/datanode-0/data/ratis/ade76946-dc2a-480b-b5ed-7942957e40e2 does not exist. Creating ...
2019-09-25 05:55:22,145 [pool-27-thread-1] INFO  storage.RaftStorageDirectory (RaftStorageDirectory.java:tryLock(328)) - Lock on /workdir/hadoop-ozone/tools/target/test-dir/MiniOzoneClusterImpl-ee66e79a-8124-4b50-8b06-9837ad27a0bb/datanode-0/data/ratis/ade76946-dc2a-480b-b5ed-7942957e40e2/in_use.lock acquired by nodename 21869@pr-hdds-1569-zxpks-796972592
2019-09-25 05:55:22,151 [pool-27-thread-1] INFO  storage.RaftStorage (RaftStorage.java:format(72)) - Storage directory /workdir/hadoop-ozone/tools/target/test-dir/MiniOzoneClusterImpl-ee66e79a-8124-4b50-8b06-9837ad27a0bb/datanode-0/data/ratis/ade76946-dc2a-480b-b5ed-7942957e40e2 has been successfully formatted.
2019-09-25 05:55:22,151 [pool-27-thread-1] INFO  ratis.ContainerStateMachine (ContainerStateMachine.java:loadSnapshot(230)) - group-7942957E40E2: The snapshot info is null. Setting the last applied indexto:(t:0, i:~)
2019-09-25 05:55:22,151 [pool-27-thread-1] INFO  server.RaftServerConfigKeys (ConfUtils.java:logGet(43)) - raft.server.notification.no-leader.timeout = 120s (custom)
2019-09-25 05:55:22,151 [pool-27-thread-1] INFO  server.RaftServerConfigKeys (ConfUtils.java:logGet(43)) - raft.server.log.use.memory = false (default)
2019-09-25 05:55:22,152 [pool-27-thread-1] INFO  server.RaftServerConfigKeys (ConfUtils.java:logGet(43)) - raft.server.log.purge.gap = 1000000 (custom)
2019-09-25 05:55:22,152 [pool-27-thread-1] INFO  server.RaftServerConfigKeys (ConfUtils.java:logGet(43)) - raft.server.log.appender.buffer.byte-limit = 33554432 (custom)
2019-09-25 05:55:22,152 [pool-27-thread-1] INFO  server.RaftServerConfigKeys (ConfUtils.java:logGet(43)) - raft.server.log.segment.size.max = 1048576 (custom)
2019-09-25 05:55:22,152 [pool-27-thread-1] INFO  server.RaftServerConfigKeys (ConfUtils.java:logGet(43)) - raft.server.log.segment.cache.num.max = 2 (custom)
2019-09-25 05:55:22,152 [pool-27-thread-1] INFO  segmented.SegmentedRaftLogWorker (SegmentedRaftLogWorker.java:<init>(172)) - new 9dec4261-9116-4e95-be01-4b7ee3b1a3bb@group-7942957E40E2-SegmentedRaftLogWorker for RaftStorage:Storage Directory /workdir/hadoop-ozone/tools/target/test-dir/MiniOzoneClusterImpl-ee66e79a-8124-4b50-8b06-9837ad27a0bb/datanode-0/data/ratis/ade76946-dc2a-480b-b5ed-7942957e40e2
2019-09-25 05:55:22,152 [pool-27-thread-1] INFO  server.RaftServerConfigKeys (ConfUtils.java:logGet(43)) - raft.server.log.queue.byte-limit = 2147483647 (custom)
2019-09-25 05:55:22,153 [pool-27-thread-1] INFO  server.RaftServerConfigKeys (ConfUtils.java:logGet(43)) - raft.server.log.queue.element-limit = 1024 (custom)
2019-09-25 05:55:22,153 [pool-27-thread-1] INFO  server.RaftServerConfigKeys (ConfUtils.java:logGet(43)) - raft.server.log.segment.size.max = 1048576 (custom)
2019-09-25 05:55:22,153 [pool-27-thread-1] INFO  server.RaftServerConfigKeys (ConfUtils.java:logGet(43)) - raft.server.log.preallocated.size = 16384 (custom)
2019-09-25 05:55:22,153 [pool-27-thread-1] INFO  server.RaftServerConfigKeys (ConfUtils.java:logGet(43)) - raft.server.log.write.buffer.size = 33554432 (custom)
2019-09-25 05:55:22,153 [pool-27-thread-1] INFO  server.RaftServerConfigKeys (ConfUtils.java:logGet(43)) - raft.server.log.force.sync.num = 128 (default)
2019-09-25 05:55:22,153 [pool-27-thread-1] INFO  server.RaftServerConfigKeys (ConfUtils.java:logGet(43)) - raft.server.log.statemachine.data.sync = true (default)
2019-09-25 05:55:22,154 [pool-27-thread-1] INFO  server.RaftServerConfigKeys (ConfUtils.java:logGet(43)) - raft.server.log.statemachine.data.sync.timeout = 10s (default)
2019-09-25 05:55:22,154 [pool-27-thread-1] INFO  server.RaftServerConfigKeys (ConfUtils.java:logGet(43)) - raft.server.log.statemachine.data.sync.timeout.retry = -1 (default)
2019-09-25 05:55:22,154 [pool-27-thread-1] INFO  server.RaftServerConfigKeys (ConfUtils.java:logGet(43)) - raft.server.log.statemachine.data.caching.enabled = true (custom)
2019-09-25 05:55:22,155 [pool-27-thread-1] INFO  segmented.SegmentedRaftLogWorker (SegmentedRaftLogWorker.java:lambda$new$0(132)) - 9dec4261-9116-4e95-be01-4b7ee3b1a3bb@group-7942957E40E2-SegmentedRaftLogWorker: flushIndex: setUnconditionally 0 -> -1
2019-09-25 05:55:22,155 [pool-27-thread-1] INFO  server.RaftServerConfigKeys (ConfUtils.java:logGet(43)) - raft.server.snapshot.auto.trigger.enabled = true (custom)
2019-09-25 05:55:22,155 [pool-27-thread-1] INFO  server.RaftServerConfigKeys (ConfUtils.java:logGet(43)) - raft.server.snapshot.auto.trigger.threshold = 10000 (custom)
2019-09-25 05:55:22,155 [pool-27-thread-1] INFO  server.RaftServerConfigKeys (ConfUtils.java:logGet(43)) - raft.server.snapshot.retention.num.files = 5 (custom)
2019-09-25 05:55:22,155 [pool-27-thread-1] INFO  server.RaftServerConfigKeys (ConfUtils.java:logGet(43)) - raft.server.retrycache.expirytime = 600000ms (custom)
2019-09-25 05:55:22,160 [pool-27-thread-1] INFO  impl.RaftServerImpl (RaftServerImpl.java:start(185)) - 9dec4261-9116-4e95-be01-4b7ee3b1a3bb@group-7942957E40E2: start as a follower, conf=-1: [9dec4261-9116-4e95-be01-4b7ee3b1a3bb:192.168.5.161:35640], old=null
2019-09-25 05:55:22,160 [pool-27-thread-1] INFO  impl.RaftServerImpl (RaftServerImpl.java:setRole(174)) - 9dec4261-9116-4e95-be01-4b7ee3b1a3bb@group-7942957E40E2: changes role from      null to FOLLOWER at term 0 for startAsFollower
2019-09-25 05:55:22,160 [pool-27-thread-1] INFO  impl.RoleInfo (RoleInfo.java:updateAndGet(143)) - 9dec4261-9116-4e95-be01-4b7ee3b1a3bb: start FollowerState
2019-09-25 05:55:22,161 [pool-27-thread-1] INFO  util.JmxRegister (JmxRegister.java:tryRegister(44)) - Successfully registered JMX Bean with object name Ratis:service=RaftServer,group=group-7942957E40E2,id=9dec4261-9116-4e95-be01-4b7ee3b1a3bb
2019-09-25 05:55:22,171 [RatisPipelineUtilsThread] INFO  pipeline.PipelineStateManager (PipelineStateManager.java:addPipeline(56)) - Created pipeline Pipeline[ Id: ade76946-dc2a-480b-b5ed-7942957e40e2, Nodes: 9dec4261-9116-4e95-be01-4b7ee3b1a3bb{ip: 192.168.5.161, host: pr-hdds-1569-zxpks-796972592, networkLocation: /default-rack, certSerialId: null}, Type:RATIS, Factor:ONE, State:OPEN]
2019-09-25 05:55:22,171 [RatisPipelineUtilsThread] INFO  pipeline.PipelinePlacementPolicy (PipelinePlacementPolicy.java:meetCriteria(91)) - Pipeline Placement: can't place more pipeline on heavy datanode： f8886b96-44be-42ff-8c95-3c7353123891 Heaviness: 6 limit: 5
2019-09-25 05:55:22,186 [grpc-default-executor-0] INFO  impl.RaftServerProxy (RaftServerProxy.java:addNew(89)) - 9dec4261-9116-4e95-be01-4b7ee3b1a3bb: addNew group-F102CD5D1D81:[9dec4261-9116-4e95-be01-4b7ee3b1a3bb:192.168.5.161:35640] returns group-F102CD5D1D81:java.util.concurrent.CompletableFuture@ea3a0e4[Not completed]
2019-09-25 05:55:22,188 [pool-27-thread-1] INFO  impl.RaftServerImpl (RaftServerImpl.java:<init>(95)) - 9dec4261-9116-4e95-be01-4b7ee3b1a3bb: new RaftServerImpl for group-F102CD5D1D81:[9dec4261-9116-4e95-be01-4b7ee3b1a3bb:192.168.5.161:35640] with ContainerStateMachine:uninitialized
2019-09-25 05:55:22,188 [pool-27-thread-1] INFO  server.RaftServerConfigKeys (ConfUtils.java:logGet(43)) - raft.server.rpc.timeout.min = 5s (custom)
2019-09-25 05:55:22,188 [pool-27-thread-1] INFO  server.RaftServerConfigKeys (ConfUtils.java:logGet(43)) - raft.server.rpc.timeout.max = 5200ms (custom)
2019-09-25 05:55:22,188 [pool-27-thread-1] INFO  server.RaftServerConfigKeys (ConfUtils.java:logGet(43)) - raft.server.rpcslowness.timeout = 120s (custom)
2019-09-25 05:55:22,188 [pool-27-thread-1] INFO  server.RaftServerConfigKeys (ConfUtils.java:logGet(43)) - raft.server.sleep.deviation.threshold = 300 (default)
2019-09-25 05:55:22,188 [pool-27-thread-1] INFO  server.RaftServerConfigKeys (ConfUtils.java:logGet(43)) - raft.server.log.appender.install.snapshot.enabled = false (custom)
2019-09-25 05:55:22,189 [pool-27-thread-1] INFO  impl.RaftServerImpl (ServerState.java:<init>(103)) - 9dec4261-9116-4e95-be01-4b7ee3b1a3bb@group-F102CD5D1D81: ConfigurationManager, init=-1: [9dec4261-9116-4e95-be01-4b7ee3b1a3bb:192.168.5.161:35640], old=null, confs=<EMPTY_MAP>
2019-09-25 05:55:22,189 [pool-27-thread-1] INFO  server.RaftServerConfigKeys (ConfUtils.java:logGet(43)) - raft.server.storage.dir = [/workdir/hadoop-ozone/tools/target/test-dir/MiniOzoneClusterImpl-ee66e79a-8124-4b50-8b06-9837ad27a0bb/datanode-0/data/ratis] (custom)
2019-09-25 05:55:22,189 [pool-27-thread-1] INFO  storage.RaftStorageDirectory (RaftStorageDirectory.java:analyzeStorage(246)) - The storage directory /workdir/hadoop-ozone/tools/target/test-dir/MiniOzoneClusterImpl-ee66e79a-8124-4b50-8b06-9837ad27a0bb/datanode-0/data/ratis/8371cf75-d9ae-49c2-9183-f102cd5d1d81 does not exist. Creating ...
2019-09-25 05:55:22,192 [pool-27-thread-1] INFO  storage.RaftStorageDirectory (RaftStorageDirectory.java:tryLock(328)) - Lock on /workdir/hadoop-ozone/tools/target/test-dir/MiniOzoneClusterImpl-ee66e79a-8124-4b50-8b06-9837ad27a0bb/datanode-0/data/ratis/8371cf75-d9ae-49c2-9183-f102cd5d1d81/in_use.lock acquired by nodename 21869@pr-hdds-1569-zxpks-796972592
2019-09-25 05:55:22,208 [pool-27-thread-1] INFO  storage.RaftStorage (RaftStorage.java:format(72)) - Storage directory /workdir/hadoop-ozone/tools/target/test-dir/MiniOzoneClusterImpl-ee66e79a-8124-4b50-8b06-9837ad27a0bb/datanode-0/data/ratis/8371cf75-d9ae-49c2-9183-f102cd5d1d81 has been successfully formatted.
2019-09-25 05:55:22,208 [pool-27-thread-1] INFO  ratis.ContainerStateMachine (ContainerStateMachine.java:loadSnapshot(230)) - group-F102CD5D1D81: The snapshot info is null. Setting the last applied indexto:(t:0, i:~)
2019-09-25 05:55:22,208 [pool-27-thread-1] INFO  server.RaftServerConfigKeys (ConfUtils.java:logGet(43)) - raft.server.notification.no-leader.timeout = 120s (custom)
2019-09-25 05:55:22,208 [pool-27-thread-1] INFO  server.RaftServerConfigKeys (ConfUtils.java:logGet(43)) - raft.server.log.use.memory = false (default)
2019-09-25 05:55:22,208 [pool-27-thread-1] INFO  server.RaftServerConfigKeys (ConfUtils.java:logGet(43)) - raft.server.log.purge.gap = 1000000 (custom)
2019-09-25 05:55:22,209 [pool-27-thread-1] INFO  server.RaftServerConfigKeys (ConfUtils.java:logGet(43)) - raft.server.log.appender.buffer.byte-limit = 33554432 (custom)
2019-09-25 05:55:22,209 [pool-27-thread-1] INFO  server.RaftServerConfigKeys (ConfUtils.java:logGet(43)) - raft.server.log.segment.size.max = 1048576 (custom)
2019-09-25 05:55:22,209 [pool-27-thread-1] INFO  server.RaftServerConfigKeys (ConfUtils.java:logGet(43)) - raft.server.log.segment.cache.num.max = 2 (custom)
2019-09-25 05:55:22,209 [pool-27-thread-1] INFO  segmented.SegmentedRaftLogWorker (SegmentedRaftLogWorker.java:<init>(172)) - new 9dec4261-9116-4e95-be01-4b7ee3b1a3bb@group-F102CD5D1D81-SegmentedRaftLogWorker for RaftStorage:Storage Directory /workdir/hadoop-ozone/tools/target/test-dir/MiniOzoneClusterImpl-ee66e79a-8124-4b50-8b06-9837ad27a0bb/datanode-0/data/ratis/8371cf75-d9ae-49c2-9183-f102cd5d1d81
2019-09-25 05:55:22,209 [pool-27-thread-1] INFO  server.RaftServerConfigKeys (ConfUtils.java:logGet(43)) - raft.server.log.queue.byte-limit = 2147483647 (custom)
2019-09-25 05:55:22,209 [pool-27-thread-1] INFO  server.RaftServerConfigKeys (ConfUtils.java:logGet(43)) - raft.server.log.queue.element-limit = 1024 (custom)
2019-09-25 05:55:22,210 [pool-27-thread-1] INFO  server.RaftServerConfigKeys (ConfUtils.java:logGet(43)) - raft.server.log.segment.size.max = 1048576 (custom)
2019-09-25 05:55:22,210 [pool-27-thread-1] INFO  server.RaftServerConfigKeys (ConfUtils.java:logGet(43)) - raft.server.log.preallocated.size = 16384 (custom)
2019-09-25 05:55:22,210 [pool-27-thread-1] INFO  server.RaftServerConfigKeys (ConfUtils.java:logGet(43)) - raft.server.log.write.buffer.size = 33554432 (custom)
2019-09-25 05:55:22,210 [pool-27-thread-1] INFO  server.RaftServerConfigKeys (ConfUtils.java:logGet(43)) - raft.server.log.force.sync.num = 128 (default)
2019-09-25 05:55:22,210 [pool-27-thread-1] INFO  server.RaftServerConfigKeys (ConfUtils.java:logGet(43)) - raft.server.log.statemachine.data.sync = true (default)
2019-09-25 05:55:22,210 [pool-27-thread-1] INFO  server.RaftServerConfigKeys (ConfUtils.java:logGet(43)) - raft.server.log.statemachine.data.sync.timeout = 10s (default)
2019-09-25 05:55:22,211 [pool-27-thread-1] INFO  server.RaftServerConfigKeys (ConfUtils.java:logGet(43)) - raft.server.log.statemachine.data.sync.timeout.retry = -1 (default)
2019-09-25 05:55:22,211 [pool-27-thread-1] INFO  server.RaftServerConfigKeys (ConfUtils.java:logGet(43)) - raft.server.log.statemachine.data.caching.enabled = true (custom)
2019-09-25 05:55:22,211 [pool-27-thread-1] INFO  segmented.SegmentedRaftLogWorker (SegmentedRaftLogWorker.java:lambda$new$0(132)) - 9dec4261-9116-4e95-be01-4b7ee3b1a3bb@group-F102CD5D1D81-SegmentedRaftLogWorker: flushIndex: setUnconditionally 0 -> -1
2019-09-25 05:55:22,212 [pool-27-thread-1] INFO  server.RaftServerConfigKeys (ConfUtils.java:logGet(43)) - raft.server.snapshot.auto.trigger.enabled = true (custom)
2019-09-25 05:55:22,212 [pool-27-thread-1] INFO  server.RaftServerConfigKeys (ConfUtils.java:logGet(43)) - raft.server.snapshot.auto.trigger.threshold = 10000 (custom)
2019-09-25 05:55:22,212 [pool-27-thread-1] INFO  server.RaftServerConfigKeys (ConfUtils.java:logGet(43)) - raft.server.snapshot.retention.num.files = 5 (custom)
2019-09-25 05:55:22,212 [pool-27-thread-1] INFO  server.RaftServerConfigKeys (ConfUtils.java:logGet(43)) - raft.server.retrycache.expirytime = 600000ms (custom)
2019-09-25 05:55:22,215 [pool-27-thread-1] INFO  impl.RaftServerImpl (RaftServerImpl.java:start(185)) - 9dec4261-9116-4e95-be01-4b7ee3b1a3bb@group-F102CD5D1D81: start as a follower, conf=-1: [9dec4261-9116-4e95-be01-4b7ee3b1a3bb:192.168.5.161:35640], old=null
2019-09-25 05:55:22,215 [pool-27-thread-1] INFO  impl.RaftServerImpl (RaftServerImpl.java:setRole(174)) - 9dec4261-9116-4e95-be01-4b7ee3b1a3bb@group-F102CD5D1D81: changes role from      null to FOLLOWER at term 0 for startAsFollower
2019-09-25 05:55:22,215 [pool-27-thread-1] INFO  impl.RoleInfo (RoleInfo.java:updateAndGet(143)) - 9dec4261-9116-4e95-be01-4b7ee3b1a3bb: start FollowerState
2019-09-25 05:55:22,216 [pool-27-thread-1] INFO  util.JmxRegister (JmxRegister.java:tryRegister(44)) - Successfully registered JMX Bean with object name Ratis:service=RaftServer,group=group-F102CD5D1D81,id=9dec4261-9116-4e95-be01-4b7ee3b1a3bb
2019-09-25 05:55:22,221 [RatisPipelineUtilsThread] INFO  pipeline.PipelineStateManager (PipelineStateManager.java:addPipeline(56)) - Created pipeline Pipeline[ Id: 8371cf75-d9ae-49c2-9183-f102cd5d1d81, Nodes: 9dec4261-9116-4e95-be01-4b7ee3b1a3bb{ip: 192.168.5.161, host: pr-hdds-1569-zxpks-796972592, networkLocation: /default-rack, certSerialId: null}, Type:RATIS, Factor:ONE, State:OPEN]
2019-09-25 05:55:22,222 [RatisPipelineUtilsThread] INFO  pipeline.PipelinePlacementPolicy (PipelinePlacementPolicy.java:meetCriteria(91)) - Pipeline Placement: can't place more pipeline on heavy datanode： f8886b96-44be-42ff-8c95-3c7353123891 Heaviness: 6 limit: 5
2019-09-25 05:55:22,237 [grpc-default-executor-0] INFO  impl.RaftServerProxy (RaftServerProxy.java:addNew(89)) - e288bd1d-6916-4b99-86f0-9ad6ba41312f: addNew group-1B264A4522FE:[e288bd1d-6916-4b99-86f0-9ad6ba41312f:192.168.5.161:35777] returns group-1B264A4522FE:java.util.concurrent.CompletableFuture@3be6abe7[Not completed]
2019-09-25 05:55:22,240 [pool-37-thread-1] INFO  impl.RaftServerImpl (RaftServerImpl.java:<init>(95)) - e288bd1d-6916-4b99-86f0-9ad6ba41312f: new RaftServerImpl for group-1B264A4522FE:[e288bd1d-6916-4b99-86f0-9ad6ba41312f:192.168.5.161:35777] with ContainerStateMachine:uninitialized
2019-09-25 05:55:22,240 [pool-37-thread-1] INFO  server.RaftServerConfigKeys (ConfUtils.java:logGet(43)) - raft.server.rpc.timeout.min = 5s (custom)
2019-09-25 05:55:22,240 [pool-37-thread-1] INFO  server.RaftServerConfigKeys (ConfUtils.java:logGet(43)) - raft.server.rpc.timeout.max = 5200ms (custom)
2019-09-25 05:55:22,241 [pool-37-thread-1] INFO  server.RaftServerConfigKeys (ConfUtils.java:logGet(43)) - raft.server.rpcslowness.timeout = 120s (custom)
2019-09-25 05:55:22,241 [pool-37-thread-1] INFO  server.RaftServerConfigKeys (ConfUtils.java:logGet(43)) - raft.server.sleep.deviation.threshold = 300 (default)
2019-09-25 05:55:22,241 [pool-37-thread-1] INFO  server.RaftServerConfigKeys (ConfUtils.java:logGet(43)) - raft.server.log.appender.install.snapshot.enabled = false (custom)
2019-09-25 05:55:22,241 [pool-37-thread-1] INFO  impl.RaftServerImpl (ServerState.java:<init>(103)) - e288bd1d-6916-4b99-86f0-9ad6ba41312f@group-1B264A4522FE: ConfigurationManager, init=-1: [e288bd1d-6916-4b99-86f0-9ad6ba41312f:192.168.5.161:35777], old=null, confs=<EMPTY_MAP>
2019-09-25 05:55:22,242 [pool-37-thread-1] INFO  server.RaftServerConfigKeys (ConfUtils.java:logGet(43)) - raft.server.storage.dir = [/workdir/hadoop-ozone/tools/target/test-dir/MiniOzoneClusterImpl-ee66e79a-8124-4b50-8b06-9837ad27a0bb/datanode-1/data/ratis] (custom)
2019-09-25 05:55:22,242 [pool-37-thread-1] INFO  storage.RaftStorageDirectory (RaftStorageDirectory.java:analyzeStorage(246)) - The storage directory /workdir/hadoop-ozone/tools/target/test-dir/MiniOzoneClusterImpl-ee66e79a-8124-4b50-8b06-9837ad27a0bb/datanode-1/data/ratis/d7c15a6b-a636-4475-bad8-1b264a4522fe does not exist. Creating ...
2019-09-25 05:55:22,255 [pool-37-thread-1] INFO  storage.RaftStorageDirectory (RaftStorageDirectory.java:tryLock(328)) - Lock on /workdir/hadoop-ozone/tools/target/test-dir/MiniOzoneClusterImpl-ee66e79a-8124-4b50-8b06-9837ad27a0bb/datanode-1/data/ratis/d7c15a6b-a636-4475-bad8-1b264a4522fe/in_use.lock acquired by nodename 21869@pr-hdds-1569-zxpks-796972592
2019-09-25 05:55:22,268 [pool-37-thread-1] INFO  storage.RaftStorage (RaftStorage.java:format(72)) - Storage directory /workdir/hadoop-ozone/tools/target/test-dir/MiniOzoneClusterImpl-ee66e79a-8124-4b50-8b06-9837ad27a0bb/datanode-1/data/ratis/d7c15a6b-a636-4475-bad8-1b264a4522fe has been successfully formatted.
2019-09-25 05:55:22,268 [pool-37-thread-1] INFO  ratis.ContainerStateMachine (ContainerStateMachine.java:loadSnapshot(230)) - group-1B264A4522FE: The snapshot info is null. Setting the last applied indexto:(t:0, i:~)
2019-09-25 05:55:22,269 [pool-37-thread-1] INFO  server.RaftServerConfigKeys (ConfUtils.java:logGet(43)) - raft.server.notification.no-leader.timeout = 120s (custom)
2019-09-25 05:55:22,269 [pool-37-thread-1] INFO  server.RaftServerConfigKeys (ConfUtils.java:logGet(43)) - raft.server.log.use.memory = false (default)
2019-09-25 05:55:22,269 [pool-37-thread-1] INFO  server.RaftServerConfigKeys (ConfUtils.java:logGet(43)) - raft.server.log.purge.gap = 1000000 (custom)
2019-09-25 05:55:22,269 [pool-37-thread-1] INFO  server.RaftServerConfigKeys (ConfUtils.java:logGet(43)) - raft.server.log.appender.buffer.byte-limit = 33554432 (custom)
2019-09-25 05:55:22,269 [pool-37-thread-1] INFO  server.RaftServerConfigKeys (ConfUtils.java:logGet(43)) - raft.server.log.segment.size.max = 1048576 (custom)
2019-09-25 05:55:22,269 [pool-37-thread-1] INFO  server.RaftServerConfigKeys (ConfUtils.java:logGet(43)) - raft.server.log.segment.cache.num.max = 2 (custom)
2019-09-25 05:55:22,270 [pool-37-thread-1] INFO  segmented.SegmentedRaftLogWorker (SegmentedRaftLogWorker.java:<init>(172)) - new e288bd1d-6916-4b99-86f0-9ad6ba41312f@group-1B264A4522FE-SegmentedRaftLogWorker for RaftStorage:Storage Directory /workdir/hadoop-ozone/tools/target/test-dir/MiniOzoneClusterImpl-ee66e79a-8124-4b50-8b06-9837ad27a0bb/datanode-1/data/ratis/d7c15a6b-a636-4475-bad8-1b264a4522fe
2019-09-25 05:55:22,270 [pool-37-thread-1] INFO  server.RaftServerConfigKeys (ConfUtils.java:logGet(43)) - raft.server.log.queue.byte-limit = 2147483647 (custom)
2019-09-25 05:55:22,270 [pool-37-thread-1] INFO  server.RaftServerConfigKeys (ConfUtils.java:logGet(43)) - raft.server.log.queue.element-limit = 1024 (custom)
2019-09-25 05:55:22,270 [pool-37-thread-1] INFO  server.RaftServerConfigKeys (ConfUtils.java:logGet(43)) - raft.server.log.segment.size.max = 1048576 (custom)
2019-09-25 05:55:22,270 [pool-37-thread-1] INFO  server.RaftServerConfigKeys (ConfUtils.java:logGet(43)) - raft.server.log.preallocated.size = 16384 (custom)
2019-09-25 05:55:22,270 [pool-37-thread-1] INFO  server.RaftServerConfigKeys (ConfUtils.java:logGet(43)) - raft.server.log.write.buffer.size = 33554432 (custom)
2019-09-25 05:55:22,271 [pool-37-thread-1] INFO  server.RaftServerConfigKeys (ConfUtils.java:logGet(43)) - raft.server.log.force.sync.num = 128 (default)
2019-09-25 05:55:22,271 [pool-37-thread-1] INFO  server.RaftServerConfigKeys (ConfUtils.java:logGet(43)) - raft.server.log.statemachine.data.sync = true (default)
2019-09-25 05:55:22,271 [pool-37-thread-1] INFO  server.RaftServerConfigKeys (ConfUtils.java:logGet(43)) - raft.server.log.statemachine.data.sync.timeout = 10s (default)
2019-09-25 05:55:22,271 [pool-37-thread-1] INFO  server.RaftServerConfigKeys (ConfUtils.java:logGet(43)) - raft.server.log.statemachine.data.sync.timeout.retry = -1 (default)
2019-09-25 05:55:22,271 [pool-37-thread-1] INFO  server.RaftServerConfigKeys (ConfUtils.java:logGet(43)) - raft.server.log.statemachine.data.caching.enabled = true (custom)
2019-09-25 05:55:22,272 [pool-37-thread-1] INFO  segmented.SegmentedRaftLogWorker (SegmentedRaftLogWorker.java:lambda$new$0(132)) - e288bd1d-6916-4b99-86f0-9ad6ba41312f@group-1B264A4522FE-SegmentedRaftLogWorker: flushIndex: setUnconditionally 0 -> -1
2019-09-25 05:55:22,272 [pool-37-thread-1] INFO  server.RaftServerConfigKeys (ConfUtils.java:logGet(43)) - raft.server.snapshot.auto.trigger.enabled = true (custom)
2019-09-25 05:55:22,272 [pool-37-thread-1] INFO  server.RaftServerConfigKeys (ConfUtils.java:logGet(43)) - raft.server.snapshot.auto.trigger.threshold = 10000 (custom)
2019-09-25 05:55:22,272 [pool-37-thread-1] INFO  server.RaftServerConfigKeys (ConfUtils.java:logGet(43)) - raft.server.snapshot.retention.num.files = 5 (custom)
2019-09-25 05:55:22,273 [pool-37-thread-1] INFO  server.RaftServerConfigKeys (ConfUtils.java:logGet(43)) - raft.server.retrycache.expirytime = 600000ms (custom)
2019-09-25 05:55:22,276 [pool-37-thread-1] INFO  impl.RaftServerImpl (RaftServerImpl.java:start(185)) - e288bd1d-6916-4b99-86f0-9ad6ba41312f@group-1B264A4522FE: start as a follower, conf=-1: [e288bd1d-6916-4b99-86f0-9ad6ba41312f:192.168.5.161:35777], old=null
2019-09-25 05:55:22,276 [pool-37-thread-1] INFO  impl.RaftServerImpl (RaftServerImpl.java:setRole(174)) - e288bd1d-6916-4b99-86f0-9ad6ba41312f@group-1B264A4522FE: changes role from      null to FOLLOWER at term 0 for startAsFollower
2019-09-25 05:55:22,276 [pool-37-thread-1] INFO  impl.RoleInfo (RoleInfo.java:updateAndGet(143)) - e288bd1d-6916-4b99-86f0-9ad6ba41312f: start FollowerState
2019-09-25 05:55:22,277 [pool-37-thread-1] INFO  util.JmxRegister (JmxRegister.java:tryRegister(44)) - Successfully registered JMX Bean with object name Ratis:service=RaftServer,group=group-1B264A4522FE,id=e288bd1d-6916-4b99-86f0-9ad6ba41312f
2019-09-25 05:55:22,282 [RatisPipelineUtilsThread] INFO  pipeline.PipelineStateManager (PipelineStateManager.java:addPipeline(56)) - Created pipeline Pipeline[ Id: d7c15a6b-a636-4475-bad8-1b264a4522fe, Nodes: e288bd1d-6916-4b99-86f0-9ad6ba41312f{ip: 192.168.5.161, host: pr-hdds-1569-zxpks-796972592, networkLocation: /default-rack, certSerialId: null}, Type:RATIS, Factor:ONE, State:OPEN]
2019-09-25 05:55:22,283 [RatisPipelineUtilsThread] INFO  pipeline.PipelinePlacementPolicy (PipelinePlacementPolicy.java:meetCriteria(91)) - Pipeline Placement: can't place more pipeline on heavy datanode： f8886b96-44be-42ff-8c95-3c7353123891 Heaviness: 6 limit: 5
2019-09-25 05:55:22,301 [grpc-default-executor-0] INFO  impl.RaftServerProxy (RaftServerProxy.java:addNew(89)) - 9dec4261-9116-4e95-be01-4b7ee3b1a3bb: addNew group-CD97E13CAB80:[9dec4261-9116-4e95-be01-4b7ee3b1a3bb:192.168.5.161:35640] returns group-CD97E13CAB80:java.util.concurrent.CompletableFuture@42ea12be[Not completed]
2019-09-25 05:55:22,304 [pool-27-thread-1] INFO  impl.RaftServerImpl (RaftServerImpl.java:<init>(95)) - 9dec4261-9116-4e95-be01-4b7ee3b1a3bb: new RaftServerImpl for group-CD97E13CAB80:[9dec4261-9116-4e95-be01-4b7ee3b1a3bb:192.168.5.161:35640] with ContainerStateMachine:uninitialized
2019-09-25 05:55:22,304 [pool-27-thread-1] INFO  server.RaftServerConfigKeys (ConfUtils.java:logGet(43)) - raft.server.rpc.timeout.min = 5s (custom)
2019-09-25 05:55:22,305 [pool-27-thread-1] INFO  server.RaftServerConfigKeys (ConfUtils.java:logGet(43)) - raft.server.rpc.timeout.max = 5200ms (custom)
2019-09-25 05:55:22,305 [pool-27-thread-1] INFO  server.RaftServerConfigKeys (ConfUtils.java:logGet(43)) - raft.server.rpcslowness.timeout = 120s (custom)
2019-09-25 05:55:22,305 [pool-27-thread-1] INFO  server.RaftServerConfigKeys (ConfUtils.java:logGet(43)) - raft.server.sleep.deviation.threshold = 300 (default)
2019-09-25 05:55:22,305 [pool-27-thread-1] INFO  server.RaftServerConfigKeys (ConfUtils.java:logGet(43)) - raft.server.log.appender.install.snapshot.enabled = false (custom)
2019-09-25 05:55:22,305 [pool-27-thread-1] INFO  impl.RaftServerImpl (ServerState.java:<init>(103)) - 9dec4261-9116-4e95-be01-4b7ee3b1a3bb@group-CD97E13CAB80: ConfigurationManager, init=-1: [9dec4261-9116-4e95-be01-4b7ee3b1a3bb:192.168.5.161:35640], old=null, confs=<EMPTY_MAP>
2019-09-25 05:55:22,306 [pool-27-thread-1] INFO  server.RaftServerConfigKeys (ConfUtils.java:logGet(43)) - raft.server.storage.dir = [/workdir/hadoop-ozone/tools/target/test-dir/MiniOzoneClusterImpl-ee66e79a-8124-4b50-8b06-9837ad27a0bb/datanode-0/data/ratis] (custom)
2019-09-25 05:55:22,306 [pool-27-thread-1] INFO  storage.RaftStorageDirectory (RaftStorageDirectory.java:analyzeStorage(246)) - The storage directory /workdir/hadoop-ozone/tools/target/test-dir/MiniOzoneClusterImpl-ee66e79a-8124-4b50-8b06-9837ad27a0bb/datanode-0/data/ratis/ac702cfa-84c3-4188-8384-cd97e13cab80 does not exist. Creating ...
2019-09-25 05:55:22,319 [pool-27-thread-1] INFO  storage.RaftStorageDirectory (RaftStorageDirectory.java:tryLock(328)) - Lock on /workdir/hadoop-ozone/tools/target/test-dir/MiniOzoneClusterImpl-ee66e79a-8124-4b50-8b06-9837ad27a0bb/datanode-0/data/ratis/ac702cfa-84c3-4188-8384-cd97e13cab80/in_use.lock acquired by nodename 21869@pr-hdds-1569-zxpks-796972592
2019-09-25 05:55:22,331 [pool-27-thread-1] INFO  storage.RaftStorage (RaftStorage.java:format(72)) - Storage directory /workdir/hadoop-ozone/tools/target/test-dir/MiniOzoneClusterImpl-ee66e79a-8124-4b50-8b06-9837ad27a0bb/datanode-0/data/ratis/ac702cfa-84c3-4188-8384-cd97e13cab80 has been successfully formatted.
2019-09-25 05:55:22,332 [pool-27-thread-1] INFO  ratis.ContainerStateMachine (ContainerStateMachine.java:loadSnapshot(230)) - group-CD97E13CAB80: The snapshot info is null. Setting the last applied indexto:(t:0, i:~)
2019-09-25 05:55:22,332 [pool-27-thread-1] INFO  server.RaftServerConfigKeys (ConfUtils.java:logGet(43)) - raft.server.notification.no-leader.timeout = 120s (custom)
2019-09-25 05:55:22,332 [pool-27-thread-1] INFO  server.RaftServerConfigKeys (ConfUtils.java:logGet(43)) - raft.server.log.use.memory = false (default)
2019-09-25 05:55:22,332 [pool-27-thread-1] INFO  server.RaftServerConfigKeys (ConfUtils.java:logGet(43)) - raft.server.log.purge.gap = 1000000 (custom)
2019-09-25 05:55:22,332 [pool-27-thread-1] INFO  server.RaftServerConfigKeys (ConfUtils.java:logGet(43)) - raft.server.log.appender.buffer.byte-limit = 33554432 (custom)
2019-09-25 05:55:22,333 [pool-27-thread-1] INFO  server.RaftServerConfigKeys (ConfUtils.java:logGet(43)) - raft.server.log.segment.size.max = 1048576 (custom)
2019-09-25 05:55:22,333 [pool-27-thread-1] INFO  server.RaftServerConfigKeys (ConfUtils.java:logGet(43)) - raft.server.log.segment.cache.num.max = 2 (custom)
2019-09-25 05:55:22,333 [pool-27-thread-1] INFO  segmented.SegmentedRaftLogWorker (SegmentedRaftLogWorker.java:<init>(172)) - new 9dec4261-9116-4e95-be01-4b7ee3b1a3bb@group-CD97E13CAB80-SegmentedRaftLogWorker for RaftStorage:Storage Directory /workdir/hadoop-ozone/tools/target/test-dir/MiniOzoneClusterImpl-ee66e79a-8124-4b50-8b06-9837ad27a0bb/datanode-0/data/ratis/ac702cfa-84c3-4188-8384-cd97e13cab80
2019-09-25 05:55:22,333 [pool-27-thread-1] INFO  server.RaftServerConfigKeys (ConfUtils.java:logGet(43)) - raft.server.log.queue.byte-limit = 2147483647 (custom)
2019-09-25 05:55:22,334 [pool-27-thread-1] INFO  server.RaftServerConfigKeys (ConfUtils.java:logGet(43)) - raft.server.log.queue.element-limit = 1024 (custom)
2019-09-25 05:55:22,334 [pool-27-thread-1] INFO  server.RaftServerConfigKeys (ConfUtils.java:logGet(43)) - raft.server.log.segment.size.max = 1048576 (custom)
2019-09-25 05:55:22,334 [pool-27-thread-1] INFO  server.RaftServerConfigKeys (ConfUtils.java:logGet(43)) - raft.server.log.preallocated.size = 16384 (custom)
2019-09-25 05:55:22,334 [pool-27-thread-1] INFO  server.RaftServerConfigKeys (ConfUtils.java:logGet(43)) - raft.server.log.write.buffer.size = 33554432 (custom)
2019-09-25 05:55:22,334 [pool-27-thread-1] INFO  server.RaftServerConfigKeys (ConfUtils.java:logGet(43)) - raft.server.log.force.sync.num = 128 (default)
2019-09-25 05:55:22,335 [pool-27-thread-1] INFO  server.RaftServerConfigKeys (ConfUtils.java:logGet(43)) - raft.server.log.statemachine.data.sync = true (default)
2019-09-25 05:55:22,335 [pool-27-thread-1] INFO  server.RaftServerConfigKeys (ConfUtils.java:logGet(43)) - raft.server.log.statemachine.data.sync.timeout = 10s (default)
2019-09-25 05:55:22,335 [pool-27-thread-1] INFO  server.RaftServerConfigKeys (ConfUtils.java:logGet(43)) - raft.server.log.statemachine.data.sync.timeout.retry = -1 (default)
2019-09-25 05:55:22,335 [pool-27-thread-1] INFO  server.RaftServerConfigKeys (ConfUtils.java:logGet(43)) - raft.server.log.statemachine.data.caching.enabled = true (custom)
2019-09-25 05:55:22,336 [pool-27-thread-1] INFO  segmented.SegmentedRaftLogWorker (SegmentedRaftLogWorker.java:lambda$new$0(132)) - 9dec4261-9116-4e95-be01-4b7ee3b1a3bb@group-CD97E13CAB80-SegmentedRaftLogWorker: flushIndex: setUnconditionally 0 -> -1
2019-09-25 05:55:22,336 [pool-27-thread-1] INFO  server.RaftServerConfigKeys (ConfUtils.java:logGet(43)) - raft.server.snapshot.auto.trigger.enabled = true (custom)
2019-09-25 05:55:22,336 [pool-27-thread-1] INFO  server.RaftServerConfigKeys (ConfUtils.java:logGet(43)) - raft.server.snapshot.auto.trigger.threshold = 10000 (custom)
2019-09-25 05:55:22,337 [pool-27-thread-1] INFO  server.RaftServerConfigKeys (ConfUtils.java:logGet(43)) - raft.server.snapshot.retention.num.files = 5 (custom)
2019-09-25 05:55:22,337 [pool-27-thread-1] INFO  server.RaftServerConfigKeys (ConfUtils.java:logGet(43)) - raft.server.retrycache.expirytime = 600000ms (custom)
2019-09-25 05:55:22,747 [pool-27-thread-1] INFO  impl.RaftServerImpl (RaftServerImpl.java:start(185)) - 9dec4261-9116-4e95-be01-4b7ee3b1a3bb@group-CD97E13CAB80: start as a follower, conf=-1: [9dec4261-9116-4e95-be01-4b7ee3b1a3bb:192.168.5.161:35640], old=null
2019-09-25 05:55:22,758 [pool-27-thread-1] INFO  impl.RaftServerImpl (RaftServerImpl.java:setRole(174)) - 9dec4261-9116-4e95-be01-4b7ee3b1a3bb@group-CD97E13CAB80: changes role from      null to FOLLOWER at term 0 for startAsFollower
2019-09-25 05:55:22,758 [pool-27-thread-1] INFO  impl.RoleInfo (RoleInfo.java:updateAndGet(143)) - 9dec4261-9116-4e95-be01-4b7ee3b1a3bb: start FollowerState
2019-09-25 05:55:22,761 [pool-27-thread-1] INFO  util.JmxRegister (JmxRegister.java:tryRegister(44)) - Successfully registered JMX Bean with object name Ratis:service=RaftServer,group=group-CD97E13CAB80,id=9dec4261-9116-4e95-be01-4b7ee3b1a3bb
2019-09-25 05:55:22,773 [RatisPipelineUtilsThread] INFO  pipeline.PipelineStateManager (PipelineStateManager.java:addPipeline(56)) - Created pipeline Pipeline[ Id: ac702cfa-84c3-4188-8384-cd97e13cab80, Nodes: 9dec4261-9116-4e95-be01-4b7ee3b1a3bb{ip: 192.168.5.161, host: pr-hdds-1569-zxpks-796972592, networkLocation: /default-rack, certSerialId: null}, Type:RATIS, Factor:ONE, State:OPEN]
2019-09-25 05:55:22,773 [RatisPipelineUtilsThread] INFO  pipeline.PipelinePlacementPolicy (PipelinePlacementPolicy.java:meetCriteria(91)) - Pipeline Placement: can't place more pipeline on heavy datanode： f8886b96-44be-42ff-8c95-3c7353123891 Heaviness: 6 limit: 5
2019-09-25 05:55:22,773 [RatisPipelineUtilsThread] INFO  pipeline.PipelinePlacementPolicy (PipelinePlacementPolicy.java:meetCriteria(91)) - Pipeline Placement: can't place more pipeline on heavy datanode： 9dec4261-9116-4e95-be01-4b7ee3b1a3bb Heaviness: 6 limit: 5
2019-09-25 05:55:22,801 [grpc-default-executor-0] INFO  impl.RaftServerProxy (RaftServerProxy.java:addNew(89)) - e288bd1d-6916-4b99-86f0-9ad6ba41312f: addNew group-CC3D3B821196:[e288bd1d-6916-4b99-86f0-9ad6ba41312f:192.168.5.161:35777] returns group-CC3D3B821196:java.util.concurrent.CompletableFuture@68fceb95[Not completed]
2019-09-25 05:55:22,805 [pool-37-thread-1] INFO  impl.RaftServerImpl (RaftServerImpl.java:<init>(95)) - e288bd1d-6916-4b99-86f0-9ad6ba41312f: new RaftServerImpl for group-CC3D3B821196:[e288bd1d-6916-4b99-86f0-9ad6ba41312f:192.168.5.161:35777] with ContainerStateMachine:uninitialized
2019-09-25 05:55:22,805 [pool-37-thread-1] INFO  server.RaftServerConfigKeys (ConfUtils.java:logGet(43)) - raft.server.rpc.timeout.min = 5s (custom)
2019-09-25 05:55:22,805 [pool-37-thread-1] INFO  server.RaftServerConfigKeys (ConfUtils.java:logGet(43)) - raft.server.rpc.timeout.max = 5200ms (custom)
2019-09-25 05:55:22,805 [pool-37-thread-1] INFO  server.RaftServerConfigKeys (ConfUtils.java:logGet(43)) - raft.server.rpcslowness.timeout = 120s (custom)
2019-09-25 05:55:22,806 [pool-37-thread-1] INFO  server.RaftServerConfigKeys (ConfUtils.java:logGet(43)) - raft.server.sleep.deviation.threshold = 300 (default)
2019-09-25 05:55:22,806 [pool-37-thread-1] INFO  server.RaftServerConfigKeys (ConfUtils.java:logGet(43)) - raft.server.log.appender.install.snapshot.enabled = false (custom)
2019-09-25 05:55:22,806 [pool-37-thread-1] INFO  impl.RaftServerImpl (ServerState.java:<init>(103)) - e288bd1d-6916-4b99-86f0-9ad6ba41312f@group-CC3D3B821196: ConfigurationManager, init=-1: [e288bd1d-6916-4b99-86f0-9ad6ba41312f:192.168.5.161:35777], old=null, confs=<EMPTY_MAP>
2019-09-25 05:55:22,807 [pool-37-thread-1] INFO  server.RaftServerConfigKeys (ConfUtils.java:logGet(43)) - raft.server.storage.dir = [/workdir/hadoop-ozone/tools/target/test-dir/MiniOzoneClusterImpl-ee66e79a-8124-4b50-8b06-9837ad27a0bb/datanode-1/data/ratis] (custom)
2019-09-25 05:55:22,807 [pool-37-thread-1] INFO  storage.RaftStorageDirectory (RaftStorageDirectory.java:analyzeStorage(246)) - The storage directory /workdir/hadoop-ozone/tools/target/test-dir/MiniOzoneClusterImpl-ee66e79a-8124-4b50-8b06-9837ad27a0bb/datanode-1/data/ratis/d20a409c-9fc0-4550-b1ad-cc3d3b821196 does not exist. Creating ...
2019-09-25 05:55:22,821 [pool-37-thread-1] INFO  storage.RaftStorageDirectory (RaftStorageDirectory.java:tryLock(328)) - Lock on /workdir/hadoop-ozone/tools/target/test-dir/MiniOzoneClusterImpl-ee66e79a-8124-4b50-8b06-9837ad27a0bb/datanode-1/data/ratis/d20a409c-9fc0-4550-b1ad-cc3d3b821196/in_use.lock acquired by nodename 21869@pr-hdds-1569-zxpks-796972592
2019-09-25 05:55:22,834 [pool-37-thread-1] INFO  storage.RaftStorage (RaftStorage.java:format(72)) - Storage directory /workdir/hadoop-ozone/tools/target/test-dir/MiniOzoneClusterImpl-ee66e79a-8124-4b50-8b06-9837ad27a0bb/datanode-1/data/ratis/d20a409c-9fc0-4550-b1ad-cc3d3b821196 has been successfully formatted.
2019-09-25 05:55:22,834 [pool-37-thread-1] INFO  ratis.ContainerStateMachine (ContainerStateMachine.java:loadSnapshot(230)) - group-CC3D3B821196: The snapshot info is null. Setting the last applied indexto:(t:0, i:~)
2019-09-25 05:55:22,835 [pool-37-thread-1] INFO  server.RaftServerConfigKeys (ConfUtils.java:logGet(43)) - raft.server.notification.no-leader.timeout = 120s (custom)
2019-09-25 05:55:22,835 [pool-37-thread-1] INFO  server.RaftServerConfigKeys (ConfUtils.java:logGet(43)) - raft.server.log.use.memory = false (default)
2019-09-25 05:55:22,835 [pool-37-thread-1] INFO  server.RaftServerConfigKeys (ConfUtils.java:logGet(43)) - raft.server.log.purge.gap = 1000000 (custom)
2019-09-25 05:55:22,835 [pool-37-thread-1] INFO  server.RaftServerConfigKeys (ConfUtils.java:logGet(43)) - raft.server.log.appender.buffer.byte-limit = 33554432 (custom)
2019-09-25 05:55:22,836 [pool-37-thread-1] INFO  server.RaftServerConfigKeys (ConfUtils.java:logGet(43)) - raft.server.log.segment.size.max = 1048576 (custom)
2019-09-25 05:55:22,836 [pool-37-thread-1] INFO  server.RaftServerConfigKeys (ConfUtils.java:logGet(43)) - raft.server.log.segment.cache.num.max = 2 (custom)
2019-09-25 05:55:22,836 [pool-37-thread-1] INFO  segmented.SegmentedRaftLogWorker (SegmentedRaftLogWorker.java:<init>(172)) - new e288bd1d-6916-4b99-86f0-9ad6ba41312f@group-CC3D3B821196-SegmentedRaftLogWorker for RaftStorage:Storage Directory /workdir/hadoop-ozone/tools/target/test-dir/MiniOzoneClusterImpl-ee66e79a-8124-4b50-8b06-9837ad27a0bb/datanode-1/data/ratis/d20a409c-9fc0-4550-b1ad-cc3d3b821196
2019-09-25 05:55:22,836 [pool-37-thread-1] INFO  server.RaftServerConfigKeys (ConfUtils.java:logGet(43)) - raft.server.log.queue.byte-limit = 2147483647 (custom)
2019-09-25 05:55:22,836 [pool-37-thread-1] INFO  server.RaftServerConfigKeys (ConfUtils.java:logGet(43)) - raft.server.log.queue.element-limit = 1024 (custom)
2019-09-25 05:55:22,836 [pool-37-thread-1] INFO  server.RaftServerConfigKeys (ConfUtils.java:logGet(43)) - raft.server.log.segment.size.max = 1048576 (custom)
2019-09-25 05:55:22,836 [pool-37-thread-1] INFO  server.RaftServerConfigKeys (ConfUtils.java:logGet(43)) - raft.server.log.preallocated.size = 16384 (custom)
2019-09-25 05:55:22,837 [pool-37-thread-1] INFO  server.RaftServerConfigKeys (ConfUtils.java:logGet(43)) - raft.server.log.write.buffer.size = 33554432 (custom)
2019-09-25 05:55:22,837 [pool-37-thread-1] INFO  server.RaftServerConfigKeys (ConfUtils.java:logGet(43)) - raft.server.log.force.sync.num = 128 (default)
2019-09-25 05:55:22,837 [pool-37-thread-1] INFO  server.RaftServerConfigKeys (ConfUtils.java:logGet(43)) - raft.server.log.statemachine.data.sync = true (default)
2019-09-25 05:55:22,837 [pool-37-thread-1] INFO  server.RaftServerConfigKeys (ConfUtils.java:logGet(43)) - raft.server.log.statemachine.data.sync.timeout = 10s (default)
2019-09-25 05:55:22,837 [pool-37-thread-1] INFO  server.RaftServerConfigKeys (ConfUtils.java:logGet(43)) - raft.server.log.statemachine.data.sync.timeout.retry = -1 (default)
2019-09-25 05:55:22,838 [pool-37-thread-1] INFO  server.RaftServerConfigKeys (ConfUtils.java:logGet(43)) - raft.server.log.statemachine.data.caching.enabled = true (custom)
2019-09-25 05:55:22,838 [pool-37-thread-1] INFO  segmented.SegmentedRaftLogWorker (SegmentedRaftLogWorker.java:lambda$new$0(132)) - e288bd1d-6916-4b99-86f0-9ad6ba41312f@group-CC3D3B821196-SegmentedRaftLogWorker: flushIndex: setUnconditionally 0 -> -1
2019-09-25 05:55:22,845 [pool-37-thread-1] INFO  server.RaftServerConfigKeys (ConfUtils.java:logGet(43)) - raft.server.snapshot.auto.trigger.enabled = true (custom)
2019-09-25 05:55:22,846 [pool-37-thread-1] INFO  server.RaftServerConfigKeys (ConfUtils.java:logGet(43)) - raft.server.snapshot.auto.trigger.threshold = 10000 (custom)
2019-09-25 05:55:22,846 [pool-37-thread-1] INFO  server.RaftServerConfigKeys (ConfUtils.java:logGet(43)) - raft.server.snapshot.retention.num.files = 5 (custom)
2019-09-25 05:55:22,846 [pool-37-thread-1] INFO  server.RaftServerConfigKeys (ConfUtils.java:logGet(43)) - raft.server.retrycache.expirytime = 600000ms (custom)
2019-09-25 05:55:22,849 [pool-37-thread-1] INFO  impl.RaftServerImpl (RaftServerImpl.java:start(185)) - e288bd1d-6916-4b99-86f0-9ad6ba41312f@group-CC3D3B821196: start as a follower, conf=-1: [e288bd1d-6916-4b99-86f0-9ad6ba41312f:192.168.5.161:35777], old=null
2019-09-25 05:55:22,850 [pool-37-thread-1] INFO  impl.RaftServerImpl (RaftServerImpl.java:setRole(174)) - e288bd1d-6916-4b99-86f0-9ad6ba41312f@group-CC3D3B821196: changes role from      null to FOLLOWER at term 0 for startAsFollower
2019-09-25 05:55:22,850 [pool-37-thread-1] INFO  impl.RoleInfo (RoleInfo.java:updateAndGet(143)) - e288bd1d-6916-4b99-86f0-9ad6ba41312f: start FollowerState
2019-09-25 05:55:22,850 [pool-37-thread-1] INFO  util.JmxRegister (JmxRegister.java:tryRegister(44)) - Successfully registered JMX Bean with object name Ratis:service=RaftServer,group=group-CC3D3B821196,id=e288bd1d-6916-4b99-86f0-9ad6ba41312f
2019-09-25 05:55:22,859 [RatisPipelineUtilsThread] INFO  pipeline.PipelineStateManager (PipelineStateManager.java:addPipeline(56)) - Created pipeline Pipeline[ Id: d20a409c-9fc0-4550-b1ad-cc3d3b821196, Nodes: e288bd1d-6916-4b99-86f0-9ad6ba41312f{ip: 192.168.5.161, host: pr-hdds-1569-zxpks-796972592, networkLocation: /default-rack, certSerialId: null}, Type:RATIS, Factor:ONE, State:OPEN]
2019-09-25 05:55:22,859 [RatisPipelineUtilsThread] INFO  pipeline.PipelinePlacementPolicy (PipelinePlacementPolicy.java:meetCriteria(91)) - Pipeline Placement: can't place more pipeline on heavy datanode： e288bd1d-6916-4b99-86f0-9ad6ba41312f Heaviness: 6 limit: 5
2019-09-25 05:55:22,859 [RatisPipelineUtilsThread] INFO  pipeline.PipelinePlacementPolicy (PipelinePlacementPolicy.java:meetCriteria(91)) - Pipeline Placement: can't place more pipeline on heavy datanode： f8886b96-44be-42ff-8c95-3c7353123891 Heaviness: 6 limit: 5
2019-09-25 05:55:22,860 [RatisPipelineUtilsThread] INFO  pipeline.PipelinePlacementPolicy (PipelinePlacementPolicy.java:meetCriteria(91)) - Pipeline Placement: can't place more pipeline on heavy datanode： 9dec4261-9116-4e95-be01-4b7ee3b1a3bb Heaviness: 6 limit: 5
2019-09-25 05:55:22,860 [RatisPipelineUtilsThread] ERROR pipeline.PipelinePlacementPolicy (PipelinePlacementPolicy.java:filterViableNodes(148)) - Unable to find enough nodes that meet the criteria that cannot engage in more than 5 pipelines. Nodes required: 1 Found: 0, healthy nodes count inNodeManager: 3.
2019-09-25 05:55:22,863 [RatisPipelineUtilsThread] ERROR pipeline.SCMPipelineManager (SCMPipelineManager.java:createPipeline(167)) - Pipeline creation failed.
org.apache.hadoop.hdds.scm.exceptions.SCMException: Unable to find enough nodes that meet the criteria that cannot engage in more than 5 pipelines. Nodes required: 1 Found: 0, healthy nodes count inNodeManager: 3.
	at org.apache.hadoop.hdds.scm.pipeline.PipelinePlacementPolicy.filterViableNodes(PipelinePlacementPolicy.java:149)
	at org.apache.hadoop.hdds.scm.pipeline.PipelinePlacementPolicy.chooseDatanodes(PipelinePlacementPolicy.java:172)
	at org.apache.hadoop.hdds.scm.pipeline.RatisPipelineProvider.create(RatisPipelineProvider.java:93)
	at org.apache.hadoop.hdds.scm.pipeline.PipelineFactory.create(PipelineFactory.java:58)
	at org.apache.hadoop.hdds.scm.pipeline.SCMPipelineManager.createPipeline(SCMPipelineManager.java:155)
	at org.apache.hadoop.hdds.scm.pipeline.BackgroundPipelineCreator.createPipelines(BackgroundPipelineCreator.java:99)
	at java.util.concurrent.Executors$RunnableAdapter.call(Executors.java:511)
	at java.util.concurrent.FutureTask.run(FutureTask.java:266)
	at java.util.concurrent.ScheduledThreadPoolExecutor$ScheduledFutureTask.access$201(ScheduledThreadPoolExecutor.java:180)
	at java.util.concurrent.ScheduledThreadPoolExecutor$ScheduledFutureTask.run(ScheduledThreadPoolExecutor.java:293)
	at java.util.concurrent.ThreadPoolExecutor.runWorker(ThreadPoolExecutor.java:1149)
	at java.util.concurrent.ThreadPoolExecutor$Worker.run(ThreadPoolExecutor.java:624)
	at java.lang.Thread.run(Thread.java:748)
2019-09-25 05:55:22,865 [RatisPipelineUtilsThread] INFO  pipeline.PipelinePlacementPolicy (PipelinePlacementPolicy.java:meetCriteria(91)) - Pipeline Placement: can't place more pipeline on heavy datanode： e288bd1d-6916-4b99-86f0-9ad6ba41312f Heaviness: 6 limit: 5
2019-09-25 05:55:22,865 [RatisPipelineUtilsThread] INFO  pipeline.PipelinePlacementPolicy (PipelinePlacementPolicy.java:meetCriteria(91)) - Pipeline Placement: can't place more pipeline on heavy datanode： f8886b96-44be-42ff-8c95-3c7353123891 Heaviness: 6 limit: 5
2019-09-25 05:55:22,866 [RatisPipelineUtilsThread] INFO  pipeline.PipelinePlacementPolicy (PipelinePlacementPolicy.java:meetCriteria(91)) - Pipeline Placement: can't place more pipeline on heavy datanode： 9dec4261-9116-4e95-be01-4b7ee3b1a3bb Heaviness: 6 limit: 5
2019-09-25 05:55:22,866 [RatisPipelineUtilsThread] ERROR pipeline.PipelinePlacementPolicy (PipelinePlacementPolicy.java:filterViableNodes(148)) - Unable to find enough nodes that meet the criteria that cannot engage in more than 5 pipelines. Nodes required: 3 Found: 0, healthy nodes count inNodeManager: 3.
2019-09-25 05:55:22,866 [RatisPipelineUtilsThread] ERROR pipeline.SCMPipelineManager (SCMPipelineManager.java:createPipeline(167)) - Pipeline creation failed.
org.apache.hadoop.hdds.scm.exceptions.SCMException: Unable to find enough nodes that meet the criteria that cannot engage in more than 5 pipelines. Nodes required: 3 Found: 0, healthy nodes count inNodeManager: 3.
	at org.apache.hadoop.hdds.scm.pipeline.PipelinePlacementPolicy.filterViableNodes(PipelinePlacementPolicy.java:149)
	at org.apache.hadoop.hdds.scm.pipeline.PipelinePlacementPolicy.chooseDatanodes(PipelinePlacementPolicy.java:172)
	at org.apache.hadoop.hdds.scm.pipeline.RatisPipelineProvider.create(RatisPipelineProvider.java:93)
	at org.apache.hadoop.hdds.scm.pipeline.PipelineFactory.create(PipelineFactory.java:58)
	at org.apache.hadoop.hdds.scm.pipeline.SCMPipelineManager.createPipeline(SCMPipelineManager.java:155)
	at org.apache.hadoop.hdds.scm.pipeline.BackgroundPipelineCreator.createPipelines(BackgroundPipelineCreator.java:99)
	at java.util.concurrent.Executors$RunnableAdapter.call(Executors.java:511)
	at java.util.concurrent.FutureTask.run(FutureTask.java:266)
	at java.util.concurrent.ScheduledThreadPoolExecutor$ScheduledFutureTask.access$201(ScheduledThreadPoolExecutor.java:180)
	at java.util.concurrent.ScheduledThreadPoolExecutor$ScheduledFutureTask.run(ScheduledThreadPoolExecutor.java:293)
	at java.util.concurrent.ThreadPoolExecutor.runWorker(ThreadPoolExecutor.java:1149)
	at java.util.concurrent.ThreadPoolExecutor$Worker.run(ThreadPoolExecutor.java:624)
	at java.lang.Thread.run(Thread.java:748)
2019-09-25 05:55:22,867 [IPC Server handler 1 on 33469] INFO  pipeline.PipelinePlacementPolicy (PipelinePlacementPolicy.java:meetCriteria(91)) - Pipeline Placement: can't place more pipeline on heavy datanode： e288bd1d-6916-4b99-86f0-9ad6ba41312f Heaviness: 6 limit: 5
2019-09-25 05:55:22,867 [IPC Server handler 1 on 33469] INFO  pipeline.PipelinePlacementPolicy (PipelinePlacementPolicy.java:meetCriteria(91)) - Pipeline Placement: can't place more pipeline on heavy datanode： f8886b96-44be-42ff-8c95-3c7353123891 Heaviness: 6 limit: 5
2019-09-25 05:55:22,867 [IPC Server handler 1 on 33469] INFO  pipeline.PipelinePlacementPolicy (PipelinePlacementPolicy.java:meetCriteria(91)) - Pipeline Placement: can't place more pipeline on heavy datanode： 9dec4261-9116-4e95-be01-4b7ee3b1a3bb Heaviness: 6 limit: 5
2019-09-25 05:55:22,867 [IPC Server handler 1 on 33469] ERROR pipeline.PipelinePlacementPolicy (PipelinePlacementPolicy.java:filterViableNodes(148)) - Unable to find enough nodes that meet the criteria that cannot engage in more than 5 pipelines. Nodes required: 3 Found: 0, healthy nodes count inNodeManager: 3.
2019-09-25 05:55:22,868 [IPC Server handler 1 on 33469] ERROR pipeline.SCMPipelineManager (SCMPipelineManager.java:createPipeline(167)) - Pipeline creation failed.
org.apache.hadoop.hdds.scm.exceptions.SCMException: Unable to find enough nodes that meet the criteria that cannot engage in more than 5 pipelines. Nodes required: 3 Found: 0, healthy nodes count inNodeManager: 3.
	at org.apache.hadoop.hdds.scm.pipeline.PipelinePlacementPolicy.filterViableNodes(PipelinePlacementPolicy.java:149)
	at org.apache.hadoop.hdds.scm.pipeline.PipelinePlacementPolicy.chooseDatanodes(PipelinePlacementPolicy.java:172)
	at org.apache.hadoop.hdds.scm.pipeline.RatisPipelineProvider.create(RatisPipelineProvider.java:93)
	at org.apache.hadoop.hdds.scm.pipeline.PipelineFactory.create(PipelineFactory.java:58)
	at org.apache.hadoop.hdds.scm.pipeline.SCMPipelineManager.createPipeline(SCMPipelineManager.java:155)
	at org.apache.hadoop.hdds.scm.block.BlockManagerImpl.allocateBlock(BlockManagerImpl.java:190)
	at org.apache.hadoop.hdds.scm.server.SCMBlockProtocolServer.allocateBlock(SCMBlockProtocolServer.java:182)
	at org.apache.hadoop.ozone.protocolPB.ScmBlockLocationProtocolServerSideTranslatorPB.allocateScmBlock(ScmBlockLocationProtocolServerSideTranslatorPB.java:183)
	at org.apache.hadoop.ozone.protocolPB.ScmBlockLocationProtocolServerSideTranslatorPB.processMessage(ScmBlockLocationProtocolServerSideTranslatorPB.java:141)
	at org.apache.hadoop.ozone.protocolPB.ScmBlockLocationProtocolServerSideTranslatorPB.send(ScmBlockLocationProtocolServerSideTranslatorPB.java:116)
	at org.apache.hadoop.hdds.protocol.proto.ScmBlockLocationProtocolProtos$ScmBlockLocationProtocolService$2.callBlockingMethod(ScmBlockLocationProtocolProtos.java:13157)
	at org.apache.hadoop.ipc.ProtobufRpcEngine$Server$ProtoBufRpcInvoker.call(ProtobufRpcEngine.java:524)
	at org.apache.hadoop.ipc.RPC$Server.call(RPC.java:1025)
	at org.apache.hadoop.ipc.Server$RpcCall.run(Server.java:876)
	at org.apache.hadoop.ipc.Server$RpcCall.run(Server.java:822)
	at java.security.AccessController.doPrivileged(Native Method)
	at javax.security.auth.Subject.doAs(Subject.java:422)
	at org.apache.hadoop.security.UserGroupInformation.doAs(UserGroupInformation.java:1730)
	at org.apache.hadoop.ipc.Server$Handler.run(Server.java:2682)
2019-09-25 05:55:22,868 [IPC Server handler 1 on 33469] WARN  block.BlockManagerImpl (BlockManagerImpl.java:allocateBlock(192)) - Pipeline creation failed for type:RATIS factor:THREE. Retrying get pipelines call once.
org.apache.hadoop.hdds.scm.exceptions.SCMException: Unable to find enough nodes that meet the criteria that cannot engage in more than 5 pipelines. Nodes required: 3 Found: 0, healthy nodes count inNodeManager: 3.
	at org.apache.hadoop.hdds.scm.pipeline.PipelinePlacementPolicy.filterViableNodes(PipelinePlacementPolicy.java:149)
	at org.apache.hadoop.hdds.scm.pipeline.PipelinePlacementPolicy.chooseDatanodes(PipelinePlacementPolicy.java:172)
	at org.apache.hadoop.hdds.scm.pipeline.RatisPipelineProvider.create(RatisPipelineProvider.java:93)
	at org.apache.hadoop.hdds.scm.pipeline.PipelineFactory.create(PipelineFactory.java:58)
	at org.apache.hadoop.hdds.scm.pipeline.SCMPipelineManager.createPipeline(SCMPipelineManager.java:155)
	at org.apache.hadoop.hdds.scm.block.BlockManagerImpl.allocateBlock(BlockManagerImpl.java:190)
	at org.apache.hadoop.hdds.scm.server.SCMBlockProtocolServer.allocateBlock(SCMBlockProtocolServer.java:182)
	at org.apache.hadoop.ozone.protocolPB.ScmBlockLocationProtocolServerSideTranslatorPB.allocateScmBlock(ScmBlockLocationProtocolServerSideTranslatorPB.java:183)
	at org.apache.hadoop.ozone.protocolPB.ScmBlockLocationProtocolServerSideTranslatorPB.processMessage(ScmBlockLocationProtocolServerSideTranslatorPB.java:141)
	at org.apache.hadoop.ozone.protocolPB.ScmBlockLocationProtocolServerSideTranslatorPB.send(ScmBlockLocationProtocolServerSideTranslatorPB.java:116)
	at org.apache.hadoop.hdds.protocol.proto.ScmBlockLocationProtocolProtos$ScmBlockLocationProtocolService$2.callBlockingMethod(ScmBlockLocationProtocolProtos.java:13157)
	at org.apache.hadoop.ipc.ProtobufRpcEngine$Server$ProtoBufRpcInvoker.call(ProtobufRpcEngine.java:524)
	at org.apache.hadoop.ipc.RPC$Server.call(RPC.java:1025)
	at org.apache.hadoop.ipc.Server$RpcCall.run(Server.java:876)
	at org.apache.hadoop.ipc.Server$RpcCall.run(Server.java:822)
	at java.security.AccessController.doPrivileged(Native Method)
	at javax.security.auth.Subject.doAs(Subject.java:422)
	at org.apache.hadoop.security.UserGroupInformation.doAs(UserGroupInformation.java:1730)
	at org.apache.hadoop.ipc.Server$Handler.run(Server.java:2682)
2019-09-25 05:55:22,868 [RatisPipelineUtilsThread] INFO  pipeline.PipelinePlacementPolicy (PipelinePlacementPolicy.java:meetCriteria(91)) - Pipeline Placement: can't place more pipeline on heavy datanode： e288bd1d-6916-4b99-86f0-9ad6ba41312f Heaviness: 6 limit: 5
2019-09-25 05:55:22,869 [RatisPipelineUtilsThread] INFO  pipeline.PipelinePlacementPolicy (PipelinePlacementPolicy.java:meetCriteria(91)) - Pipeline Placement: can't place more pipeline on heavy datanode： f8886b96-44be-42ff-8c95-3c7353123891 Heaviness: 6 limit: 5
2019-09-25 05:55:22,869 [RatisPipelineUtilsThread] INFO  pipeline.PipelinePlacementPolicy (PipelinePlacementPolicy.java:meetCriteria(91)) - Pipeline Placement: can't place more pipeline on heavy datanode： 9dec4261-9116-4e95-be01-4b7ee3b1a3bb Heaviness: 6 limit: 5
2019-09-25 05:55:22,869 [RatisPipelineUtilsThread] ERROR pipeline.PipelinePlacementPolicy (PipelinePlacementPolicy.java:filterViableNodes(148)) - Unable to find enough nodes that meet the criteria that cannot engage in more than 5 pipelines. Nodes required: 1 Found: 0, healthy nodes count inNodeManager: 3.
2019-09-25 05:55:22,869 [RatisPipelineUtilsThread] ERROR pipeline.SCMPipelineManager (SCMPipelineManager.java:createPipeline(167)) - Pipeline creation failed.
org.apache.hadoop.hdds.scm.exceptions.SCMException: Unable to find enough nodes that meet the criteria that cannot engage in more than 5 pipelines. Nodes required: 1 Found: 0, healthy nodes count inNodeManager: 3.
	at org.apache.hadoop.hdds.scm.pipeline.PipelinePlacementPolicy.filterViableNodes(PipelinePlacementPolicy.java:149)
	at org.apache.hadoop.hdds.scm.pipeline.PipelinePlacementPolicy.chooseDatanodes(PipelinePlacementPolicy.java:172)
	at org.apache.hadoop.hdds.scm.pipeline.RatisPipelineProvider.create(RatisPipelineProvider.java:93)
	at org.apache.hadoop.hdds.scm.pipeline.PipelineFactory.create(PipelineFactory.java:58)
	at org.apache.hadoop.hdds.scm.pipeline.SCMPipelineManager.createPipeline(SCMPipelineManager.java:155)
	at org.apache.hadoop.hdds.scm.pipeline.BackgroundPipelineCreator.createPipelines(BackgroundPipelineCreator.java:99)
	at org.apache.hadoop.hdds.scm.pipeline.BackgroundPipelineCreator.lambda$startFixedIntervalPipelineCreator$0(BackgroundPipelineCreator.java:70)
	at java.util.concurrent.Executors$RunnableAdapter.call(Executors.java:511)
	at java.util.concurrent.FutureTask.runAndReset(FutureTask.java:308)
	at java.util.concurrent.ScheduledThreadPoolExecutor$ScheduledFutureTask.access$301(ScheduledThreadPoolExecutor.java:180)
	at java.util.concurrent.ScheduledThreadPoolExecutor$ScheduledFutureTask.run(ScheduledThreadPoolExecutor.java:294)
	at java.util.concurrent.ThreadPoolExecutor.runWorker(ThreadPoolExecutor.java:1149)
	at java.util.concurrent.ThreadPoolExecutor$Worker.run(ThreadPoolExecutor.java:624)
	at java.lang.Thread.run(Thread.java:748)
2019-09-25 05:55:22,870 [RatisPipelineUtilsThread] INFO  pipeline.PipelinePlacementPolicy (PipelinePlacementPolicy.java:meetCriteria(91)) - Pipeline Placement: can't place more pipeline on heavy datanode： e288bd1d-6916-4b99-86f0-9ad6ba41312f Heaviness: 6 limit: 5
2019-09-25 05:55:22,870 [RatisPipelineUtilsThread] INFO  pipeline.PipelinePlacementPolicy (PipelinePlacementPolicy.java:meetCriteria(91)) - Pipeline Placement: can't place more pipeline on heavy datanode： f8886b96-44be-42ff-8c95-3c7353123891 Heaviness: 6 limit: 5
2019-09-25 05:55:22,871 [RatisPipelineUtilsThread] INFO  pipeline.PipelinePlacementPolicy (PipelinePlacementPolicy.java:meetCriteria(91)) - Pipeline Placement: can't place more pipeline on heavy datanode： 9dec4261-9116-4e95-be01-4b7ee3b1a3bb Heaviness: 6 limit: 5
2019-09-25 05:55:22,871 [RatisPipelineUtilsThread] ERROR pipeline.PipelinePlacementPolicy (PipelinePlacementPolicy.java:filterViableNodes(148)) - Unable to find enough nodes that meet the criteria that cannot engage in more than 5 pipelines. Nodes required: 3 Found: 0, healthy nodes count inNodeManager: 3.
2019-09-25 05:55:22,871 [RatisPipelineUtilsThread] ERROR pipeline.SCMPipelineManager (SCMPipelineManager.java:createPipeline(167)) - Pipeline creation failed.
org.apache.hadoop.hdds.scm.exceptions.SCMException: Unable to find enough nodes that meet the criteria that cannot engage in more than 5 pipelines. Nodes required: 3 Found: 0, healthy nodes count inNodeManager: 3.
	at org.apache.hadoop.hdds.scm.pipeline.PipelinePlacementPolicy.filterViableNodes(PipelinePlacementPolicy.java:149)
	at org.apache.hadoop.hdds.scm.pipeline.PipelinePlacementPolicy.chooseDatanodes(PipelinePlacementPolicy.java:172)
	at org.apache.hadoop.hdds.scm.pipeline.RatisPipelineProvider.create(RatisPipelineProvider.java:93)
	at org.apache.hadoop.hdds.scm.pipeline.PipelineFactory.create(PipelineFactory.java:58)
	at org.apache.hadoop.hdds.scm.pipeline.SCMPipelineManager.createPipeline(SCMPipelineManager.java:155)
	at org.apache.hadoop.hdds.scm.pipeline.BackgroundPipelineCreator.createPipelines(BackgroundPipelineCreator.java:99)
	at org.apache.hadoop.hdds.scm.pipeline.BackgroundPipelineCreator.lambda$startFixedIntervalPipelineCreator$0(BackgroundPipelineCreator.java:70)
	at java.util.concurrent.Executors$RunnableAdapter.call(Executors.java:511)
	at java.util.concurrent.FutureTask.runAndReset(FutureTask.java:308)
	at java.util.concurrent.ScheduledThreadPoolExecutor$ScheduledFutureTask.access$301(ScheduledThreadPoolExecutor.java:180)
	at java.util.concurrent.ScheduledThreadPoolExecutor$ScheduledFutureTask.run(ScheduledThreadPoolExecutor.java:294)
	at java.util.concurrent.ThreadPoolExecutor.runWorker(ThreadPoolExecutor.java:1149)
	at java.util.concurrent.ThreadPoolExecutor$Worker.run(ThreadPoolExecutor.java:624)
	at java.lang.Thread.run(Thread.java:748)
2019-09-25 05:55:22,872 [IPC Server handler 1 on 33469] INFO  block.BlockManagerImpl (BlockManagerImpl.java:allocateBlock(198)) - Could not find available pipeline of type:RATIS and factor:THREE even after retrying
2019-09-25 05:55:22,872 [IPC Server handler 1 on 33469] ERROR block.BlockManagerImpl (BlockManagerImpl.java:allocateBlock(222)) - Unable to allocate a block for the size: 4194304, type: RATIS, factor: THREE
2019-09-25 05:55:22,872 [IPC Server handler 1 on 33469] INFO  pipeline.PipelinePlacementPolicy (PipelinePlacementPolicy.java:meetCriteria(91)) - Pipeline Placement: can't place more pipeline on heavy datanode： e288bd1d-6916-4b99-86f0-9ad6ba41312f Heaviness: 6 limit: 5
2019-09-25 05:55:22,872 [IPC Server handler 1 on 33469] INFO  pipeline.PipelinePlacementPolicy (PipelinePlacementPolicy.java:meetCriteria(91)) - Pipeline Placement: can't place more pipeline on heavy datanode： f8886b96-44be-42ff-8c95-3c7353123891 Heaviness: 6 limit: 5
2019-09-25 05:55:22,872 [IPC Server handler 1 on 33469] INFO  pipeline.PipelinePlacementPolicy (PipelinePlacementPolicy.java:meetCriteria(91)) - Pipeline Placement: can't place more pipeline on heavy datanode： 9dec4261-9116-4e95-be01-4b7ee3b1a3bb Heaviness: 6 limit: 5
2019-09-25 05:55:22,873 [IPC Server handler 1 on 33469] ERROR pipeline.PipelinePlacementPolicy (PipelinePlacementPolicy.java:filterViableNodes(148)) - Unable to find enough nodes that meet the criteria that cannot engage in more than 5 pipelines. Nodes required: 3 Found: 0, healthy nodes count inNodeManager: 3.
2019-09-25 05:55:22,873 [IPC Server handler 1 on 33469] ERROR pipeline.SCMPipelineManager (SCMPipelineManager.java:createPipeline(167)) - Pipeline creation failed.
org.apache.hadoop.hdds.scm.exceptions.SCMException: Unable to find enough nodes that meet the criteria that cannot engage in more than 5 pipelines. Nodes required: 3 Found: 0, healthy nodes count inNodeManager: 3.
	at org.apache.hadoop.hdds.scm.pipeline.PipelinePlacementPolicy.filterViableNodes(PipelinePlacementPolicy.java:149)
	at org.apache.hadoop.hdds.scm.pipeline.PipelinePlacementPolicy.chooseDatanodes(PipelinePlacementPolicy.java:172)
	at org.apache.hadoop.hdds.scm.pipeline.RatisPipelineProvider.create(RatisPipelineProvider.java:93)
	at org.apache.hadoop.hdds.scm.pipeline.PipelineFactory.create(PipelineFactory.java:58)
	at org.apache.hadoop.hdds.scm.pipeline.SCMPipelineManager.createPipeline(SCMPipelineManager.java:155)
	at org.apache.hadoop.hdds.scm.block.BlockManagerImpl.allocateBlock(BlockManagerImpl.java:190)
	at org.apache.hadoop.hdds.scm.server.SCMBlockProtocolServer.allocateBlock(SCMBlockProtocolServer.java:182)
	at org.apache.hadoop.ozone.protocolPB.ScmBlockLocationProtocolServerSideTranslatorPB.allocateScmBlock(ScmBlockLocationProtocolServerSideTranslatorPB.java:183)
	at org.apache.hadoop.ozone.protocolPB.ScmBlockLocationProtocolServerSideTranslatorPB.processMessage(ScmBlockLocationProtocolServerSideTranslatorPB.java:141)
	at org.apache.hadoop.ozone.protocolPB.ScmBlockLocationProtocolServerSideTranslatorPB.send(ScmBlockLocationProtocolServerSideTranslatorPB.java:116)
	at org.apache.hadoop.hdds.protocol.proto.ScmBlockLocationProtocolProtos$ScmBlockLocationProtocolService$2.callBlockingMethod(ScmBlockLocationProtocolProtos.java:13157)
	at org.apache.hadoop.ipc.ProtobufRpcEngine$Server$ProtoBufRpcInvoker.call(ProtobufRpcEngine.java:524)
	at org.apache.hadoop.ipc.RPC$Server.call(RPC.java:1025)
	at org.apache.hadoop.ipc.Server$RpcCall.run(Server.java:876)
	at org.apache.hadoop.ipc.Server$RpcCall.run(Server.java:822)
	at java.security.AccessController.doPrivileged(Native Method)
	at javax.security.auth.Subject.doAs(Subject.java:422)
	at org.apache.hadoop.security.UserGroupInformation.doAs(UserGroupInformation.java:1730)
	at org.apache.hadoop.ipc.Server$Handler.run(Server.java:2682)
2019-09-25 05:55:22,873 [IPC Server handler 1 on 33469] WARN  block.BlockManagerImpl (BlockManagerImpl.java:allocateBlock(192)) - Pipeline creation failed for type:RATIS factor:THREE. Retrying get pipelines call once.
org.apache.hadoop.hdds.scm.exceptions.SCMException: Unable to find enough nodes that meet the criteria that cannot engage in more than 5 pipelines. Nodes required: 3 Found: 0, healthy nodes count inNodeManager: 3.
	at org.apache.hadoop.hdds.scm.pipeline.PipelinePlacementPolicy.filterViableNodes(PipelinePlacementPolicy.java:149)
	at org.apache.hadoop.hdds.scm.pipeline.PipelinePlacementPolicy.chooseDatanodes(PipelinePlacementPolicy.java:172)
	at org.apache.hadoop.hdds.scm.pipeline.RatisPipelineProvider.create(RatisPipelineProvider.java:93)
	at org.apache.hadoop.hdds.scm.pipeline.PipelineFactory.create(PipelineFactory.java:58)
	at org.apache.hadoop.hdds.scm.pipeline.SCMPipelineManager.createPipeline(SCMPipelineManager.java:155)
	at org.apache.hadoop.hdds.scm.block.BlockManagerImpl.allocateBlock(BlockManagerImpl.java:190)
	at org.apache.hadoop.hdds.scm.server.SCMBlockProtocolServer.allocateBlock(SCMBlockProtocolServer.java:182)
	at org.apache.hadoop.ozone.protocolPB.ScmBlockLocationProtocolServerSideTranslatorPB.allocateScmBlock(ScmBlockLocationProtocolServerSideTranslatorPB.java:183)
	at org.apache.hadoop.ozone.protocolPB.ScmBlockLocationProtocolServerSideTranslatorPB.processMessage(ScmBlockLocationProtocolServerSideTranslatorPB.java:141)
	at org.apache.hadoop.ozone.protocolPB.ScmBlockLocationProtocolServerSideTranslatorPB.send(ScmBlockLocationProtocolServerSideTranslatorPB.java:116)
	at org.apache.hadoop.hdds.protocol.proto.ScmBlockLocationProtocolProtos$ScmBlockLocationProtocolService$2.callBlockingMethod(ScmBlockLocationProtocolProtos.java:13157)
	at org.apache.hadoop.ipc.ProtobufRpcEngine$Server$ProtoBufRpcInvoker.call(ProtobufRpcEngine.java:524)
	at org.apache.hadoop.ipc.RPC$Server.call(RPC.java:1025)
	at org.apache.hadoop.ipc.Server$RpcCall.run(Server.java:876)
	at org.apache.hadoop.ipc.Server$RpcCall.run(Server.java:822)
	at java.security.AccessController.doPrivileged(Native Method)
	at javax.security.auth.Subject.doAs(Subject.java:422)
	at org.apache.hadoop.security.UserGroupInformation.doAs(UserGroupInformation.java:1730)
	at org.apache.hadoop.ipc.Server$Handler.run(Server.java:2682)
2019-09-25 05:55:22,874 [IPC Server handler 1 on 33469] INFO  block.BlockManagerImpl (BlockManagerImpl.java:allocateBlock(198)) - Could not find available pipeline of type:RATIS and factor:THREE even after retrying
2019-09-25 05:55:22,874 [IPC Server handler 1 on 33469] ERROR block.BlockManagerImpl (BlockManagerImpl.java:allocateBlock(222)) - Unable to allocate a block for the size: 4194304, type: RATIS, factor: THREE
2019-09-25 05:55:22,874 [IPC Server handler 1 on 33469] INFO  pipeline.PipelinePlacementPolicy (PipelinePlacementPolicy.java:meetCriteria(91)) - Pipeline Placement: can't place more pipeline on heavy datanode： e288bd1d-6916-4b99-86f0-9ad6ba41312f Heaviness: 6 limit: 5
2019-09-25 05:55:22,874 [IPC Server handler 1 on 33469] INFO  pipeline.PipelinePlacementPolicy (PipelinePlacementPolicy.java:meetCriteria(91)) - Pipeline Placement: can't place more pipeline on heavy datanode： f8886b96-44be-42ff-8c95-3c7353123891 Heaviness: 6 limit: 5
2019-09-25 05:55:22,875 [IPC Server handler 1 on 33469] INFO  pipeline.PipelinePlacementPolicy (PipelinePlacementPolicy.java:meetCriteria(91)) - Pipeline Placement: can't place more pipeline on heavy datanode： 9dec4261-9116-4e95-be01-4b7ee3b1a3bb Heaviness: 6 limit: 5
2019-09-25 05:55:22,875 [IPC Server handler 1 on 33469] ERROR pipeline.PipelinePlacementPolicy (PipelinePlacementPolicy.java:filterViableNodes(148)) - Unable to find enough nodes that meet the criteria that cannot engage in more than 5 pipelines. Nodes required: 3 Found: 0, healthy nodes count inNodeManager: 3.
2019-09-25 05:55:22,875 [IPC Server handler 1 on 33469] ERROR pipeline.SCMPipelineManager (SCMPipelineManager.java:createPipeline(167)) - Pipeline creation failed.
org.apache.hadoop.hdds.scm.exceptions.SCMException: Unable to find enough nodes that meet the criteria that cannot engage in more than 5 pipelines. Nodes required: 3 Found: 0, healthy nodes count inNodeManager: 3.
	at org.apache.hadoop.hdds.scm.pipeline.PipelinePlacementPolicy.filterViableNodes(PipelinePlacementPolicy.java:149)
	at org.apache.hadoop.hdds.scm.pipeline.PipelinePlacementPolicy.chooseDatanodes(PipelinePlacementPolicy.java:172)
	at org.apache.hadoop.hdds.scm.pipeline.RatisPipelineProvider.create(RatisPipelineProvider.java:93)
	at org.apache.hadoop.hdds.scm.pipeline.PipelineFactory.create(PipelineFactory.java:58)
	at org.apache.hadoop.hdds.scm.pipeline.SCMPipelineManager.createPipeline(SCMPipelineManager.java:155)
	at org.apache.hadoop.hdds.scm.block.BlockManagerImpl.allocateBlock(BlockManagerImpl.java:190)
	at org.apache.hadoop.hdds.scm.server.SCMBlockProtocolServer.allocateBlock(SCMBlockProtocolServer.java:182)
	at org.apache.hadoop.ozone.protocolPB.ScmBlockLocationProtocolServerSideTranslatorPB.allocateScmBlock(ScmBlockLocationProtocolServerSideTranslatorPB.java:183)
	at org.apache.hadoop.ozone.protocolPB.ScmBlockLocationProtocolServerSideTranslatorPB.processMessage(ScmBlockLocationProtocolServerSideTranslatorPB.java:141)
	at org.apache.hadoop.ozone.protocolPB.ScmBlockLocationProtocolServerSideTranslatorPB.send(ScmBlockLocationProtocolServerSideTranslatorPB.java:116)
	at org.apache.hadoop.hdds.protocol.proto.ScmBlockLocationProtocolProtos$ScmBlockLocationProtocolService$2.callBlockingMethod(ScmBlockLocationProtocolProtos.java:13157)
	at org.apache.hadoop.ipc.ProtobufRpcEngine$Server$ProtoBufRpcInvoker.call(ProtobufRpcEngine.java:524)
	at org.apache.hadoop.ipc.RPC$Server.call(RPC.java:1025)
	at org.apache.hadoop.ipc.Server$RpcCall.run(Server.java:876)
	at org.apache.hadoop.ipc.Server$RpcCall.run(Server.java:822)
	at java.security.AccessController.doPrivileged(Native Method)
	at javax.security.auth.Subject.doAs(Subject.java:422)
	at org.apache.hadoop.security.UserGroupInformation.doAs(UserGroupInformation.java:1730)
	at org.apache.hadoop.ipc.Server$Handler.run(Server.java:2682)
2019-09-25 05:55:22,875 [IPC Server handler 1 on 33469] WARN  block.BlockManagerImpl (BlockManagerImpl.java:allocateBlock(192)) - Pipeline creation failed for type:RATIS factor:THREE. Retrying get pipelines call once.
org.apache.hadoop.hdds.scm.exceptions.SCMException: Unable to find enough nodes that meet the criteria that cannot engage in more than 5 pipelines. Nodes required: 3 Found: 0, healthy nodes count inNodeManager: 3.
	at org.apache.hadoop.hdds.scm.pipeline.PipelinePlacementPolicy.filterViableNodes(PipelinePlacementPolicy.java:149)
	at org.apache.hadoop.hdds.scm.pipeline.PipelinePlacementPolicy.chooseDatanodes(PipelinePlacementPolicy.java:172)
	at org.apache.hadoop.hdds.scm.pipeline.RatisPipelineProvider.create(RatisPipelineProvider.java:93)
	at org.apache.hadoop.hdds.scm.pipeline.PipelineFactory.create(PipelineFactory.java:58)
	at org.apache.hadoop.hdds.scm.pipeline.SCMPipelineManager.createPipeline(SCMPipelineManager.java:155)
	at org.apache.hadoop.hdds.scm.block.BlockManagerImpl.allocateBlock(BlockManagerImpl.java:190)
	at org.apache.hadoop.hdds.scm.server.SCMBlockProtocolServer.allocateBlock(SCMBlockProtocolServer.java:182)
	at org.apache.hadoop.ozone.protocolPB.ScmBlockLocationProtocolServerSideTranslatorPB.allocateScmBlock(ScmBlockLocationProtocolServerSideTranslatorPB.java:183)
	at org.apache.hadoop.ozone.protocolPB.ScmBlockLocationProtocolServerSideTranslatorPB.processMessage(ScmBlockLocationProtocolServerSideTranslatorPB.java:141)
	at org.apache.hadoop.ozone.protocolPB.ScmBlockLocationProtocolServerSideTranslatorPB.send(ScmBlockLocationProtocolServerSideTranslatorPB.java:116)
	at org.apache.hadoop.hdds.protocol.proto.ScmBlockLocationProtocolProtos$ScmBlockLocationProtocolService$2.callBlockingMethod(ScmBlockLocationProtocolProtos.java:13157)
	at org.apache.hadoop.ipc.ProtobufRpcEngine$Server$ProtoBufRpcInvoker.call(ProtobufRpcEngine.java:524)
	at org.apache.hadoop.ipc.RPC$Server.call(RPC.java:1025)
	at org.apache.hadoop.ipc.Server$RpcCall.run(Server.java:876)
	at org.apache.hadoop.ipc.Server$RpcCall.run(Server.java:822)
	at java.security.AccessController.doPrivileged(Native Method)
	at javax.security.auth.Subject.doAs(Subject.java:422)
	at org.apache.hadoop.security.UserGroupInformation.doAs(UserGroupInformation.java:1730)
	at org.apache.hadoop.ipc.Server$Handler.run(Server.java:2682)
2019-09-25 05:55:22,876 [IPC Server handler 1 on 33469] INFO  block.BlockManagerImpl (BlockManagerImpl.java:allocateBlock(198)) - Could not find available pipeline of type:RATIS and factor:THREE even after retrying
2019-09-25 05:55:22,876 [IPC Server handler 1 on 33469] ERROR block.BlockManagerImpl (BlockManagerImpl.java:allocateBlock(222)) - Unable to allocate a block for the size: 4194304, type: RATIS, factor: THREE
2019-09-25 05:55:22,876 [IPC Server handler 1 on 33469] INFO  pipeline.PipelinePlacementPolicy (PipelinePlacementPolicy.java:meetCriteria(91)) - Pipeline Placement: can't place more pipeline on heavy datanode： e288bd1d-6916-4b99-86f0-9ad6ba41312f Heaviness: 6 limit: 5
2019-09-25 05:55:22,877 [IPC Server handler 1 on 33469] INFO  pipeline.PipelinePlacementPolicy (PipelinePlacementPolicy.java:meetCriteria(91)) - Pipeline Placement: can't place more pipeline on heavy datanode： f8886b96-44be-42ff-8c95-3c7353123891 Heaviness: 6 limit: 5
2019-09-25 05:55:22,877 [IPC Server handler 1 on 33469] INFO  pipeline.PipelinePlacementPolicy (PipelinePlacementPolicy.java:meetCriteria(91)) - Pipeline Placement: can't place more pipeline on heavy datanode： 9dec4261-9116-4e95-be01-4b7ee3b1a3bb Heaviness: 6 limit: 5
2019-09-25 05:55:22,877 [IPC Server handler 1 on 33469] ERROR pipeline.PipelinePlacementPolicy (PipelinePlacementPolicy.java:filterViableNodes(148)) - Unable to find enough nodes that meet the criteria that cannot engage in more than 5 pipelines. Nodes required: 3 Found: 0, healthy nodes count inNodeManager: 3.
2019-09-25 05:55:22,877 [IPC Server handler 1 on 33469] ERROR pipeline.SCMPipelineManager (SCMPipelineManager.java:createPipeline(167)) - Pipeline creation failed.
org.apache.hadoop.hdds.scm.exceptions.SCMException: Unable to find enough nodes that meet the criteria that cannot engage in more than 5 pipelines. Nodes required: 3 Found: 0, healthy nodes count inNodeManager: 3.
	at org.apache.hadoop.hdds.scm.pipeline.PipelinePlacementPolicy.filterViableNodes(PipelinePlacementPolicy.java:149)
	at org.apache.hadoop.hdds.scm.pipeline.PipelinePlacementPolicy.chooseDatanodes(PipelinePlacementPolicy.java:172)
	at org.apache.hadoop.hdds.scm.pipeline.RatisPipelineProvider.create(RatisPipelineProvider.java:93)
	at org.apache.hadoop.hdds.scm.pipeline.PipelineFactory.create(PipelineFactory.java:58)
	at org.apache.hadoop.hdds.scm.pipeline.SCMPipelineManager.createPipeline(SCMPipelineManager.java:155)
	at org.apache.hadoop.hdds.scm.block.BlockManagerImpl.allocateBlock(BlockManagerImpl.java:190)
	at org.apache.hadoop.hdds.scm.server.SCMBlockProtocolServer.allocateBlock(SCMBlockProtocolServer.java:182)
	at org.apache.hadoop.ozone.protocolPB.ScmBlockLocationProtocolServerSideTranslatorPB.allocateScmBlock(ScmBlockLocationProtocolServerSideTranslatorPB.java:183)
	at org.apache.hadoop.ozone.protocolPB.ScmBlockLocationProtocolServerSideTranslatorPB.processMessage(ScmBlockLocationProtocolServerSideTranslatorPB.java:141)
	at org.apache.hadoop.ozone.protocolPB.ScmBlockLocationProtocolServerSideTranslatorPB.send(ScmBlockLocationProtocolServerSideTranslatorPB.java:116)
	at org.apache.hadoop.hdds.protocol.proto.ScmBlockLocationProtocolProtos$ScmBlockLocationProtocolService$2.callBlockingMethod(ScmBlockLocationProtocolProtos.java:13157)
	at org.apache.hadoop.ipc.ProtobufRpcEngine$Server$ProtoBufRpcInvoker.call(ProtobufRpcEngine.java:524)
	at org.apache.hadoop.ipc.RPC$Server.call(RPC.java:1025)
	at org.apache.hadoop.ipc.Server$RpcCall.run(Server.java:876)
	at org.apache.hadoop.ipc.Server$RpcCall.run(Server.java:822)
	at java.security.AccessController.doPrivileged(Native Method)
	at javax.security.auth.Subject.doAs(Subject.java:422)
	at org.apache.hadoop.security.UserGroupInformation.doAs(UserGroupInformation.java:1730)
	at org.apache.hadoop.ipc.Server$Handler.run(Server.java:2682)
2019-09-25 05:55:22,878 [IPC Server handler 1 on 33469] WARN  block.BlockManagerImpl (BlockManagerImpl.java:allocateBlock(192)) - Pipeline creation failed for type:RATIS factor:THREE. Retrying get pipelines call once.
org.apache.hadoop.hdds.scm.exceptions.SCMException: Unable to find enough nodes that meet the criteria that cannot engage in more than 5 pipelines. Nodes required: 3 Found: 0, healthy nodes count inNodeManager: 3.
	at org.apache.hadoop.hdds.scm.pipeline.PipelinePlacementPolicy.filterViableNodes(PipelinePlacementPolicy.java:149)
	at org.apache.hadoop.hdds.scm.pipeline.PipelinePlacementPolicy.chooseDatanodes(PipelinePlacementPolicy.java:172)
	at org.apache.hadoop.hdds.scm.pipeline.RatisPipelineProvider.create(RatisPipelineProvider.java:93)
	at org.apache.hadoop.hdds.scm.pipeline.PipelineFactory.create(PipelineFactory.java:58)
	at org.apache.hadoop.hdds.scm.pipeline.SCMPipelineManager.createPipeline(SCMPipelineManager.java:155)
	at org.apache.hadoop.hdds.scm.block.BlockManagerImpl.allocateBlock(BlockManagerImpl.java:190)
	at org.apache.hadoop.hdds.scm.server.SCMBlockProtocolServer.allocateBlock(SCMBlockProtocolServer.java:182)
	at org.apache.hadoop.ozone.protocolPB.ScmBlockLocationProtocolServerSideTranslatorPB.allocateScmBlock(ScmBlockLocationProtocolServerSideTranslatorPB.java:183)
	at org.apache.hadoop.ozone.protocolPB.ScmBlockLocationProtocolServerSideTranslatorPB.processMessage(ScmBlockLocationProtocolServerSideTranslatorPB.java:141)
	at org.apache.hadoop.ozone.protocolPB.ScmBlockLocationProtocolServerSideTranslatorPB.send(ScmBlockLocationProtocolServerSideTranslatorPB.java:116)
	at org.apache.hadoop.hdds.protocol.proto.ScmBlockLocationProtocolProtos$ScmBlockLocationProtocolService$2.callBlockingMethod(ScmBlockLocationProtocolProtos.java:13157)
	at org.apache.hadoop.ipc.ProtobufRpcEngine$Server$ProtoBufRpcInvoker.call(ProtobufRpcEngine.java:524)
	at org.apache.hadoop.ipc.RPC$Server.call(RPC.java:1025)
	at org.apache.hadoop.ipc.Server$RpcCall.run(Server.java:876)
	at org.apache.hadoop.ipc.Server$RpcCall.run(Server.java:822)
	at java.security.AccessController.doPrivileged(Native Method)
	at javax.security.auth.Subject.doAs(Subject.java:422)
	at org.apache.hadoop.security.UserGroupInformation.doAs(UserGroupInformation.java:1730)
	at org.apache.hadoop.ipc.Server$Handler.run(Server.java:2682)
2019-09-25 05:55:22,878 [IPC Server handler 1 on 33469] INFO  block.BlockManagerImpl (BlockManagerImpl.java:allocateBlock(198)) - Could not find available pipeline of type:RATIS and factor:THREE even after retrying
2019-09-25 05:55:22,878 [IPC Server handler 1 on 33469] ERROR block.BlockManagerImpl (BlockManagerImpl.java:allocateBlock(222)) - Unable to allocate a block for the size: 4194304, type: RATIS, factor: THREE
2019-09-25 05:55:22,878 [IPC Server handler 1 on 33469] INFO  pipeline.PipelinePlacementPolicy (PipelinePlacementPolicy.java:meetCriteria(91)) - Pipeline Placement: can't place more pipeline on heavy datanode： e288bd1d-6916-4b99-86f0-9ad6ba41312f Heaviness: 6 limit: 5
2019-09-25 05:55:22,879 [IPC Server handler 1 on 33469] INFO  pipeline.PipelinePlacementPolicy (PipelinePlacementPolicy.java:meetCriteria(91)) - Pipeline Placement: can't place more pipeline on heavy datanode： f8886b96-44be-42ff-8c95-3c7353123891 Heaviness: 6 limit: 5
2019-09-25 05:55:22,879 [IPC Server handler 1 on 33469] INFO  pipeline.PipelinePlacementPolicy (PipelinePlacementPolicy.java:meetCriteria(91)) - Pipeline Placement: can't place more pipeline on heavy datanode： 9dec4261-9116-4e95-be01-4b7ee3b1a3bb Heaviness: 6 limit: 5
2019-09-25 05:55:22,879 [IPC Server handler 1 on 33469] ERROR pipeline.PipelinePlacementPolicy (PipelinePlacementPolicy.java:filterViableNodes(148)) - Unable to find enough nodes that meet the criteria that cannot engage in more than 5 pipelines. Nodes required: 3 Found: 0, healthy nodes count inNodeManager: 3.
2019-09-25 05:55:22,879 [IPC Server handler 1 on 33469] ERROR pipeline.SCMPipelineManager (SCMPipelineManager.java:createPipeline(167)) - Pipeline creation failed.
org.apache.hadoop.hdds.scm.exceptions.SCMException: Unable to find enough nodes that meet the criteria that cannot engage in more than 5 pipelines. Nodes required: 3 Found: 0, healthy nodes count inNodeManager: 3.
	at org.apache.hadoop.hdds.scm.pipeline.PipelinePlacementPolicy.filterViableNodes(PipelinePlacementPolicy.java:149)
	at org.apache.hadoop.hdds.scm.pipeline.PipelinePlacementPolicy.chooseDatanodes(PipelinePlacementPolicy.java:172)
	at org.apache.hadoop.hdds.scm.pipeline.RatisPipelineProvider.create(RatisPipelineProvider.java:93)
	at org.apache.hadoop.hdds.scm.pipeline.PipelineFactory.create(PipelineFactory.java:58)
	at org.apache.hadoop.hdds.scm.pipeline.SCMPipelineManager.createPipeline(SCMPipelineManager.java:155)
	at org.apache.hadoop.hdds.scm.block.BlockManagerImpl.allocateBlock(BlockManagerImpl.java:190)
	at org.apache.hadoop.hdds.scm.server.SCMBlockProtocolServer.allocateBlock(SCMBlockProtocolServer.java:182)
	at org.apache.hadoop.ozone.protocolPB.ScmBlockLocationProtocolServerSideTranslatorPB.allocateScmBlock(ScmBlockLocationProtocolServerSideTranslatorPB.java:183)
	at org.apache.hadoop.ozone.protocolPB.ScmBlockLocationProtocolServerSideTranslatorPB.processMessage(ScmBlockLocationProtocolServerSideTranslatorPB.java:141)
	at org.apache.hadoop.ozone.protocolPB.ScmBlockLocationProtocolServerSideTranslatorPB.send(ScmBlockLocationProtocolServerSideTranslatorPB.java:116)
	at org.apache.hadoop.hdds.protocol.proto.ScmBlockLocationProtocolProtos$ScmBlockLocationProtocolService$2.callBlockingMethod(ScmBlockLocationProtocolProtos.java:13157)
	at org.apache.hadoop.ipc.ProtobufRpcEngine$Server$ProtoBufRpcInvoker.call(ProtobufRpcEngine.java:524)
	at org.apache.hadoop.ipc.RPC$Server.call(RPC.java:1025)
	at org.apache.hadoop.ipc.Server$RpcCall.run(Server.java:876)
	at org.apache.hadoop.ipc.Server$RpcCall.run(Server.java:822)
	at java.security.AccessController.doPrivileged(Native Method)
	at javax.security.auth.Subject.doAs(Subject.java:422)
	at org.apache.hadoop.security.UserGroupInformation.doAs(UserGroupInformation.java:1730)
	at org.apache.hadoop.ipc.Server$Handler.run(Server.java:2682)
2019-09-25 05:55:22,880 [IPC Server handler 1 on 33469] WARN  block.BlockManagerImpl (BlockManagerImpl.java:allocateBlock(192)) - Pipeline creation failed for type:RATIS factor:THREE. Retrying get pipelines call once.
org.apache.hadoop.hdds.scm.exceptions.SCMException: Unable to find enough nodes that meet the criteria that cannot engage in more than 5 pipelines. Nodes required: 3 Found: 0, healthy nodes count inNodeManager: 3.
	at org.apache.hadoop.hdds.scm.pipeline.PipelinePlacementPolicy.filterViableNodes(PipelinePlacementPolicy.java:149)
	at org.apache.hadoop.hdds.scm.pipeline.PipelinePlacementPolicy.chooseDatanodes(PipelinePlacementPolicy.java:172)
	at org.apache.hadoop.hdds.scm.pipeline.RatisPipelineProvider.create(RatisPipelineProvider.java:93)
	at org.apache.hadoop.hdds.scm.pipeline.PipelineFactory.create(PipelineFactory.java:58)
	at org.apache.hadoop.hdds.scm.pipeline.SCMPipelineManager.createPipeline(SCMPipelineManager.java:155)
	at org.apache.hadoop.hdds.scm.block.BlockManagerImpl.allocateBlock(BlockManagerImpl.java:190)
	at org.apache.hadoop.hdds.scm.server.SCMBlockProtocolServer.allocateBlock(SCMBlockProtocolServer.java:182)
	at org.apache.hadoop.ozone.protocolPB.ScmBlockLocationProtocolServerSideTranslatorPB.allocateScmBlock(ScmBlockLocationProtocolServerSideTranslatorPB.java:183)
	at org.apache.hadoop.ozone.protocolPB.ScmBlockLocationProtocolServerSideTranslatorPB.processMessage(ScmBlockLocationProtocolServerSideTranslatorPB.java:141)
	at org.apache.hadoop.ozone.protocolPB.ScmBlockLocationProtocolServerSideTranslatorPB.send(ScmBlockLocationProtocolServerSideTranslatorPB.java:116)
	at org.apache.hadoop.hdds.protocol.proto.ScmBlockLocationProtocolProtos$ScmBlockLocationProtocolService$2.callBlockingMethod(ScmBlockLocationProtocolProtos.java:13157)
	at org.apache.hadoop.ipc.ProtobufRpcEngine$Server$ProtoBufRpcInvoker.call(ProtobufRpcEngine.java:524)
	at org.apache.hadoop.ipc.RPC$Server.call(RPC.java:1025)
	at org.apache.hadoop.ipc.Server$RpcCall.run(Server.java:876)
	at org.apache.hadoop.ipc.Server$RpcCall.run(Server.java:822)
	at java.security.AccessController.doPrivileged(Native Method)
	at javax.security.auth.Subject.doAs(Subject.java:422)
	at org.apache.hadoop.security.UserGroupInformation.doAs(UserGroupInformation.java:1730)
	at org.apache.hadoop.ipc.Server$Handler.run(Server.java:2682)
2019-09-25 05:55:22,880 [IPC Server handler 1 on 33469] INFO  block.BlockManagerImpl (BlockManagerImpl.java:allocateBlock(198)) - Could not find available pipeline of type:RATIS and factor:THREE even after retrying
2019-09-25 05:55:22,880 [IPC Server handler 1 on 33469] ERROR block.BlockManagerImpl (BlockManagerImpl.java:allocateBlock(222)) - Unable to allocate a block for the size: 4194304, type: RATIS, factor: THREE
2019-09-25 05:55:22,888 [pool-53-thread-3] ERROR freon.RandomKeyGenerator (RandomKeyGenerator.java:createKey(733)) - Exception while adding key: key-0-97183 in bucket: bucket-0-44881 of volume: vol-0-94609.
INTERNAL_ERROR org.apache.hadoop.ozone.om.exceptions.OMException: Allocated 0 blocks. Requested 5 blocks
	at org.apache.hadoop.ozone.om.protocolPB.OzoneManagerProtocolClientSideTranslatorPB.handleError(OzoneManagerProtocolClientSideTranslatorPB.java:732)
	at org.apache.hadoop.ozone.om.protocolPB.OzoneManagerProtocolClientSideTranslatorPB.openKey(OzoneManagerProtocolClientSideTranslatorPB.java:723)
	at sun.reflect.NativeMethodAccessorImpl.invoke0(Native Method)
	at sun.reflect.NativeMethodAccessorImpl.invoke(NativeMethodAccessorImpl.java:62)
	at sun.reflect.DelegatingMethodAccessorImpl.invoke(DelegatingMethodAccessorImpl.java:43)
	at java.lang.reflect.Method.invoke(Method.java:498)
	at org.apache.hadoop.hdds.tracing.TraceAllMethod.invoke(TraceAllMethod.java:66)
	at com.sun.proxy.$Proxy37.openKey(Unknown Source)
	at org.apache.hadoop.ozone.client.rpc.RpcClient.createKey(RpcClient.java:614)
	at org.apache.hadoop.ozone.client.OzoneBucket.createKey(OzoneBucket.java:325)
	at org.apache.hadoop.ozone.freon.RandomKeyGenerator.createKey(RandomKeyGenerator.java:695)
	at org.apache.hadoop.ozone.freon.RandomKeyGenerator.access$1100(RandomKeyGenerator.java:88)
	at org.apache.hadoop.ozone.freon.RandomKeyGenerator$ObjectCreator.run(RandomKeyGenerator.java:615)
	at java.util.concurrent.Executors$RunnableAdapter.call(Executors.java:511)
	at java.util.concurrent.FutureTask.run(FutureTask.java:266)
	at java.util.concurrent.ThreadPoolExecutor.runWorker(ThreadPoolExecutor.java:1149)
	at java.util.concurrent.ThreadPoolExecutor$Worker.run(ThreadPoolExecutor.java:624)
	at java.lang.Thread.run(Thread.java:748)
 0.00% |█                                                                                                    |  0/1 Time: 0:00:022019-09-25 05:55:23,394 [Thread-178] INFO  container.ReplicationManager (ReplicationManager.java:start(163)) - Starting Replication Monitor Thread.
2019-09-25 05:55:23,397 [ReplicationMonitor] INFO  container.ReplicationManager (ReplicationManager.java:run(226)) - Replication Monitor Thread took 1 milliseconds for processing 0 containers.
 0.00% |█                                                                                                    |  0/1 Time: 0:00:03 0.00% |█                                                                                                    |  0/1 Time: 0:00:04 100.00% |█████████████████████████████████████████████████████████████████████████████████████████████████████|  1/1 Time: 0:00:05
2019-09-25 05:55:26,376 [Thread-186] INFO  impl.FollowerState (FollowerState.java:run(106)) - 9dec4261-9116-4e95-be01-4b7ee3b1a3bb:group-FF5F93D4A618 changes to CANDIDATE, lastRpcTime:5157, electionTimeout:5156ms
2019-09-25 05:55:26,378 [Thread-186] INFO  impl.RoleInfo (RoleInfo.java:shutdownFollowerState(121)) - 9dec4261-9116-4e95-be01-4b7ee3b1a3bb: shutdown FollowerState
2019-09-25 05:55:26,378 [Thread-186] INFO  impl.RaftServerImpl (RaftServerImpl.java:setRole(174)) - 9dec4261-9116-4e95-be01-4b7ee3b1a3bb@group-FF5F93D4A618: changes role from  FOLLOWER to CANDIDATE at term 0 for changeToCandidate
2019-09-25 05:55:26,385 [Thread-186] INFO  impl.RoleInfo (RoleInfo.java:updateAndGet(143)) - 9dec4261-9116-4e95-be01-4b7ee3b1a3bb: start LeaderElection
2019-09-25 05:55:26,401 [9dec4261-9116-4e95-be01-4b7ee3b1a3bb@group-FF5F93D4A618:LeaderElection1] INFO  impl.LeaderElection (LeaderElection.java:askForVotes(182)) - 9dec4261-9116-4e95-be01-4b7ee3b1a3bb@group-FF5F93D4A618:LeaderElection1: begin an election at term 1 for -1: [9dec4261-9116-4e95-be01-4b7ee3b1a3bb:192.168.5.161:35640], old=null
2019-09-25 05:55:26,403 [9dec4261-9116-4e95-be01-4b7ee3b1a3bb@group-FF5F93D4A618:LeaderElection1] INFO  impl.RoleInfo (RoleInfo.java:shutdownLeaderElection(134)) - 9dec4261-9116-4e95-be01-4b7ee3b1a3bb: shutdown LeaderElection
2019-09-25 05:55:26,403 [9dec4261-9116-4e95-be01-4b7ee3b1a3bb@group-FF5F93D4A618:LeaderElection1] INFO  impl.RaftServerImpl (RaftServerImpl.java:setRole(174)) - 9dec4261-9116-4e95-be01-4b7ee3b1a3bb@group-FF5F93D4A618: changes role from CANDIDATE to LEADER at term 1 for changeToLeader
2019-09-25 05:55:26,403 [9dec4261-9116-4e95-be01-4b7ee3b1a3bb@group-FF5F93D4A618:LeaderElection1] INFO  impl.RaftServerImpl (ServerState.java:setLeader(253)) - 9dec4261-9116-4e95-be01-4b7ee3b1a3bb@group-FF5F93D4A618: change Leader from null to 9dec4261-9116-4e95-be01-4b7ee3b1a3bb at term 1 for becomeLeader, leader elected after 5340ms
2019-09-25 05:55:26,408 [9dec4261-9116-4e95-be01-4b7ee3b1a3bb@group-FF5F93D4A618:LeaderElection1] INFO  server.RaftServerConfigKeys (ConfUtils.java:logGet(43)) - raft.server.staging.catchup.gap = 1000 (default)
2019-09-25 05:55:26,408 [9dec4261-9116-4e95-be01-4b7ee3b1a3bb@group-FF5F93D4A618:LeaderElection1] INFO  server.RaftServerConfigKeys (ConfUtils.java:logGet(43)) - raft.server.rpc.sleep.time = 25ms (default)
2019-09-25 05:55:26,411 [9dec4261-9116-4e95-be01-4b7ee3b1a3bb@group-FF5F93D4A618:LeaderElection1] INFO  server.RaftServerConfigKeys (ConfUtils.java:logGet(43)) - raft.server.write.element-limit = 4096 (default)
2019-09-25 05:55:26,413 [9dec4261-9116-4e95-be01-4b7ee3b1a3bb@group-FF5F93D4A618:LeaderElection1] INFO  server.RaftServerConfigKeys (ConfUtils.java:logGet(43)) - raft.server.watch.timeout = 10s (default)
2019-09-25 05:55:26,413 [9dec4261-9116-4e95-be01-4b7ee3b1a3bb@group-FF5F93D4A618:LeaderElection1] INFO  server.RaftServerConfigKeys (ConfUtils.java:logGet(43)) - raft.server.watch.timeout.denomination = 1s (default)
2019-09-25 05:55:26,414 [9dec4261-9116-4e95-be01-4b7ee3b1a3bb@group-FF5F93D4A618:LeaderElection1] INFO  server.RaftServerConfigKeys (ConfUtils.java:logGet(43)) - raft.server.watch.element-limit = 65536 (default)
2019-09-25 05:55:26,423 [9dec4261-9116-4e95-be01-4b7ee3b1a3bb@group-FF5F93D4A618:LeaderElection1] INFO  impl.RoleInfo (RoleInfo.java:updateAndGet(143)) - 9dec4261-9116-4e95-be01-4b7ee3b1a3bb: start LeaderState
2019-09-25 05:55:26,441 [9dec4261-9116-4e95-be01-4b7ee3b1a3bb@group-FF5F93D4A618:LeaderElection1] INFO  segmented.SegmentedRaftLogWorker (SegmentedRaftLogWorker.java:startLogSegment(380)) - 9dec4261-9116-4e95-be01-4b7ee3b1a3bb@group-FF5F93D4A618-SegmentedRaftLogWorker: Starting segment from index:0
2019-09-25 05:55:26,448 [9dec4261-9116-4e95-be01-4b7ee3b1a3bb@group-FF5F93D4A618:LeaderElection1] INFO  impl.RaftServerImpl (ServerState.java:setRaftConf(354)) - 9dec4261-9116-4e95-be01-4b7ee3b1a3bb@group-FF5F93D4A618: set configuration 0: [9dec4261-9116-4e95-be01-4b7ee3b1a3bb:192.168.5.161:35640], old=null at 0
2019-09-25 05:55:26,616 [Thread-189] INFO  impl.FollowerState (FollowerState.java:run(106)) - f8886b96-44be-42ff-8c95-3c7353123891:group-057DFDF15756 changes to CANDIDATE, lastRpcTime:5201, electionTimeout:5200ms
2019-09-25 05:55:26,624 [Thread-189] INFO  impl.RoleInfo (RoleInfo.java:shutdownFollowerState(121)) - f8886b96-44be-42ff-8c95-3c7353123891: shutdown FollowerState
2019-09-25 05:55:26,624 [Thread-189] INFO  impl.RaftServerImpl (RaftServerImpl.java:setRole(174)) - f8886b96-44be-42ff-8c95-3c7353123891@group-057DFDF15756: changes role from  FOLLOWER to CANDIDATE at term 0 for changeToCandidate
2019-09-25 05:55:26,624 [Thread-189] INFO  impl.RoleInfo (RoleInfo.java:updateAndGet(143)) - f8886b96-44be-42ff-8c95-3c7353123891: start LeaderElection
2019-09-25 05:55:26,639 [Thread-195] INFO  impl.FollowerState (FollowerState.java:run(106)) - f8886b96-44be-42ff-8c95-3c7353123891:group-8244851C9C96 changes to CANDIDATE, lastRpcTime:5064, electionTimeout:5064ms
2019-09-25 05:55:26,656 [f8886b96-44be-42ff-8c95-3c7353123891@group-057DFDF15756:LeaderElection2] INFO  impl.LeaderElection (LeaderElection.java:askForVotes(182)) - f8886b96-44be-42ff-8c95-3c7353123891@group-057DFDF15756:LeaderElection2: begin an election at term 1 for -1: [f8886b96-44be-42ff-8c95-3c7353123891:192.168.5.161:35513], old=null
2019-09-25 05:55:26,656 [Thread-195] INFO  impl.RoleInfo (RoleInfo.java:shutdownFollowerState(121)) - f8886b96-44be-42ff-8c95-3c7353123891: shutdown FollowerState
2019-09-25 05:55:26,656 [f8886b96-44be-42ff-8c95-3c7353123891@group-057DFDF15756:LeaderElection2] INFO  impl.RoleInfo (RoleInfo.java:shutdownLeaderElection(134)) - f8886b96-44be-42ff-8c95-3c7353123891: shutdown LeaderElection
2019-09-25 05:55:26,656 [Thread-195] INFO  impl.RaftServerImpl (RaftServerImpl.java:setRole(174)) - f8886b96-44be-42ff-8c95-3c7353123891@group-8244851C9C96: changes role from  FOLLOWER to CANDIDATE at term 0 for changeToCandidate
2019-09-25 05:55:26,656 [f8886b96-44be-42ff-8c95-3c7353123891@group-057DFDF15756:LeaderElection2] INFO  impl.RaftServerImpl (RaftServerImpl.java:setRole(174)) - f8886b96-44be-42ff-8c95-3c7353123891@group-057DFDF15756: changes role from CANDIDATE to LEADER at term 1 for changeToLeader
2019-09-25 05:55:26,657 [Thread-195] INFO  impl.RoleInfo (RoleInfo.java:updateAndGet(143)) - f8886b96-44be-42ff-8c95-3c7353123891: start LeaderElection
2019-09-25 05:55:26,657 [f8886b96-44be-42ff-8c95-3c7353123891@group-057DFDF15756:LeaderElection2] INFO  impl.RaftServerImpl (ServerState.java:setLeader(253)) - f8886b96-44be-42ff-8c95-3c7353123891@group-057DFDF15756: change Leader from null to f8886b96-44be-42ff-8c95-3c7353123891 at term 1 for becomeLeader, leader elected after 5257ms
2019-09-25 05:55:26,657 [f8886b96-44be-42ff-8c95-3c7353123891@group-057DFDF15756:LeaderElection2] INFO  server.RaftServerConfigKeys (ConfUtils.java:logGet(43)) - raft.server.staging.catchup.gap = 1000 (default)
2019-09-25 05:55:26,658 [f8886b96-44be-42ff-8c95-3c7353123891@group-057DFDF15756:LeaderElection2] INFO  server.RaftServerConfigKeys (ConfUtils.java:logGet(43)) - raft.server.rpc.sleep.time = 25ms (default)
2019-09-25 05:55:26,660 [f8886b96-44be-42ff-8c95-3c7353123891@group-057DFDF15756:LeaderElection2] INFO  server.RaftServerConfigKeys (ConfUtils.java:logGet(43)) - raft.server.write.element-limit = 4096 (default)
2019-09-25 05:55:26,660 [f8886b96-44be-42ff-8c95-3c7353123891@group-057DFDF15756:LeaderElection2] INFO  server.RaftServerConfigKeys (ConfUtils.java:logGet(43)) - raft.server.watch.timeout = 10s (default)
2019-09-25 05:55:26,660 [f8886b96-44be-42ff-8c95-3c7353123891@group-057DFDF15756:LeaderElection2] INFO  server.RaftServerConfigKeys (ConfUtils.java:logGet(43)) - raft.server.watch.timeout.denomination = 1s (default)
2019-09-25 05:55:26,660 [f8886b96-44be-42ff-8c95-3c7353123891@group-057DFDF15756:LeaderElection2] INFO  server.RaftServerConfigKeys (ConfUtils.java:logGet(43)) - raft.server.watch.element-limit = 65536 (default)
2019-09-25 05:55:26,663 [f8886b96-44be-42ff-8c95-3c7353123891@group-057DFDF15756:LeaderElection2] INFO  impl.RoleInfo (RoleInfo.java:updateAndGet(143)) - f8886b96-44be-42ff-8c95-3c7353123891: start LeaderState
2019-09-25 05:55:26,663 [f8886b96-44be-42ff-8c95-3c7353123891@group-057DFDF15756:LeaderElection2] INFO  segmented.SegmentedRaftLogWorker (SegmentedRaftLogWorker.java:startLogSegment(380)) - f8886b96-44be-42ff-8c95-3c7353123891@group-057DFDF15756-SegmentedRaftLogWorker: Starting segment from index:0
2019-09-25 05:55:26,664 [f8886b96-44be-42ff-8c95-3c7353123891@group-057DFDF15756:LeaderElection2] INFO  impl.RaftServerImpl (ServerState.java:setRaftConf(354)) - f8886b96-44be-42ff-8c95-3c7353123891@group-057DFDF15756: set configuration 0: [f8886b96-44be-42ff-8c95-3c7353123891:192.168.5.161:35513], old=null at 0
2019-09-25 05:55:26,701 [Thread-192] INFO  impl.FollowerState (FollowerState.java:run(106)) - f8886b96-44be-42ff-8c95-3c7353123891:group-ED74C99223D1 changes to CANDIDATE, lastRpcTime:5199, electionTimeout:5181ms
2019-09-25 05:55:26,701 [9dec4261-9116-4e95-be01-4b7ee3b1a3bb@group-FF5F93D4A618-SegmentedRaftLogWorker] INFO  segmented.SegmentedRaftLogWorker (SegmentedRaftLogWorker.java:execute(569)) - 9dec4261-9116-4e95-be01-4b7ee3b1a3bb@group-FF5F93D4A618-SegmentedRaftLogWorker: created new log segment /workdir/hadoop-ozone/tools/target/test-dir/MiniOzoneClusterImpl-ee66e79a-8124-4b50-8b06-9837ad27a0bb/datanode-0/data/ratis/456b16e7-ffd3-4d7d-ac90-ff5f93d4a618/current/log_inprogress_0
2019-09-25 05:55:26,701 [f8886b96-44be-42ff-8c95-3c7353123891@group-8244851C9C96:LeaderElection3] INFO  impl.LeaderElection (LeaderElection.java:askForVotes(182)) - f8886b96-44be-42ff-8c95-3c7353123891@group-8244851C9C96:LeaderElection3: begin an election at term 1 for -1: [f8886b96-44be-42ff-8c95-3c7353123891:192.168.5.161:35513], old=null
2019-09-25 05:55:26,702 [Thread-192] INFO  impl.RoleInfo (RoleInfo.java:shutdownFollowerState(121)) - f8886b96-44be-42ff-8c95-3c7353123891: shutdown FollowerState
2019-09-25 05:55:26,703 [f8886b96-44be-42ff-8c95-3c7353123891@group-8244851C9C96:LeaderElection3] INFO  impl.RoleInfo (RoleInfo.java:shutdownLeaderElection(134)) - f8886b96-44be-42ff-8c95-3c7353123891: shutdown LeaderElection
2019-09-25 05:55:26,703 [Thread-192] INFO  impl.RaftServerImpl (RaftServerImpl.java:setRole(174)) - f8886b96-44be-42ff-8c95-3c7353123891@group-ED74C99223D1: changes role from  FOLLOWER to CANDIDATE at term 0 for changeToCandidate
2019-09-25 05:55:26,703 [f8886b96-44be-42ff-8c95-3c7353123891@group-8244851C9C96:LeaderElection3] INFO  impl.RaftServerImpl (RaftServerImpl.java:setRole(174)) - f8886b96-44be-42ff-8c95-3c7353123891@group-8244851C9C96: changes role from CANDIDATE to LEADER at term 1 for changeToLeader
2019-09-25 05:55:26,703 [f8886b96-44be-42ff-8c95-3c7353123891@group-8244851C9C96:LeaderElection3] INFO  impl.RaftServerImpl (ServerState.java:setLeader(253)) - f8886b96-44be-42ff-8c95-3c7353123891@group-8244851C9C96: change Leader from null to f8886b96-44be-42ff-8c95-3c7353123891 at term 1 for becomeLeader, leader elected after 5137ms
2019-09-25 05:55:26,703 [Thread-192] INFO  impl.RoleInfo (RoleInfo.java:updateAndGet(143)) - f8886b96-44be-42ff-8c95-3c7353123891: start LeaderElection
2019-09-25 05:55:26,703 [f8886b96-44be-42ff-8c95-3c7353123891@group-8244851C9C96:LeaderElection3] INFO  server.RaftServerConfigKeys (ConfUtils.java:logGet(43)) - raft.server.staging.catchup.gap = 1000 (default)
2019-09-25 05:55:26,704 [f8886b96-44be-42ff-8c95-3c7353123891@group-8244851C9C96:LeaderElection3] INFO  server.RaftServerConfigKeys (ConfUtils.java:logGet(43)) - raft.server.rpc.sleep.time = 25ms (default)
2019-09-25 05:55:26,707 [f8886b96-44be-42ff-8c95-3c7353123891@group-8244851C9C96:LeaderElection3] INFO  server.RaftServerConfigKeys (ConfUtils.java:logGet(43)) - raft.server.write.element-limit = 4096 (default)
2019-09-25 05:55:26,708 [f8886b96-44be-42ff-8c95-3c7353123891@group-8244851C9C96:LeaderElection3] INFO  server.RaftServerConfigKeys (ConfUtils.java:logGet(43)) - raft.server.watch.timeout = 10s (default)
2019-09-25 05:55:26,708 [f8886b96-44be-42ff-8c95-3c7353123891@group-8244851C9C96:LeaderElection3] INFO  server.RaftServerConfigKeys (ConfUtils.java:logGet(43)) - raft.server.watch.timeout.denomination = 1s (default)
2019-09-25 05:55:26,708 [f8886b96-44be-42ff-8c95-3c7353123891@group-8244851C9C96:LeaderElection3] INFO  server.RaftServerConfigKeys (ConfUtils.java:logGet(43)) - raft.server.watch.element-limit = 65536 (default)
2019-09-25 05:55:26,712 [f8886b96-44be-42ff-8c95-3c7353123891@group-8244851C9C96:LeaderElection3] INFO  impl.RoleInfo (RoleInfo.java:updateAndGet(143)) - f8886b96-44be-42ff-8c95-3c7353123891: start LeaderState
2019-09-25 05:55:26,712 [f8886b96-44be-42ff-8c95-3c7353123891@group-8244851C9C96:LeaderElection3] INFO  segmented.SegmentedRaftLogWorker (SegmentedRaftLogWorker.java:startLogSegment(380)) - f8886b96-44be-42ff-8c95-3c7353123891@group-8244851C9C96-SegmentedRaftLogWorker: Starting segment from index:0
2019-09-25 05:55:26,713 [f8886b96-44be-42ff-8c95-3c7353123891@group-8244851C9C96:LeaderElection3] INFO  impl.RaftServerImpl (ServerState.java:setRaftConf(354)) - f8886b96-44be-42ff-8c95-3c7353123891@group-8244851C9C96: set configuration 0: [f8886b96-44be-42ff-8c95-3c7353123891:192.168.5.161:35513], old=null at 0
2019-09-25 05:55:26,714 [f8886b96-44be-42ff-8c95-3c7353123891@group-057DFDF15756-SegmentedRaftLogWorker] INFO  segmented.SegmentedRaftLogWorker (SegmentedRaftLogWorker.java:execute(569)) - f8886b96-44be-42ff-8c95-3c7353123891@group-057DFDF15756-SegmentedRaftLogWorker: created new log segment /workdir/hadoop-ozone/tools/target/test-dir/MiniOzoneClusterImpl-ee66e79a-8124-4b50-8b06-9837ad27a0bb/datanode-2/data/ratis/604baa39-f611-458f-8d11-057dfdf15756/current/log_inprogress_0
2019-09-25 05:55:26,714 [f8886b96-44be-42ff-8c95-3c7353123891@group-ED74C99223D1:LeaderElection4] INFO  impl.LeaderElection (LeaderElection.java:askForVotes(182)) - f8886b96-44be-42ff-8c95-3c7353123891@group-ED74C99223D1:LeaderElection4: begin an election at term 1 for -1: [f8886b96-44be-42ff-8c95-3c7353123891:192.168.5.161:35513], old=null
2019-09-25 05:55:26,714 [f8886b96-44be-42ff-8c95-3c7353123891@group-ED74C99223D1:LeaderElection4] INFO  impl.RoleInfo (RoleInfo.java:shutdownLeaderElection(134)) - f8886b96-44be-42ff-8c95-3c7353123891: shutdown LeaderElection
2019-09-25 05:55:26,715 [f8886b96-44be-42ff-8c95-3c7353123891@group-ED74C99223D1:LeaderElection4] INFO  impl.RaftServerImpl (RaftServerImpl.java:setRole(174)) - f8886b96-44be-42ff-8c95-3c7353123891@group-ED74C99223D1: changes role from CANDIDATE to LEADER at term 1 for changeToLeader
2019-09-25 05:55:26,715 [f8886b96-44be-42ff-8c95-3c7353123891@group-ED74C99223D1:LeaderElection4] INFO  impl.RaftServerImpl (ServerState.java:setLeader(253)) - f8886b96-44be-42ff-8c95-3c7353123891@group-ED74C99223D1: change Leader from null to f8886b96-44be-42ff-8c95-3c7353123891 at term 1 for becomeLeader, leader elected after 5224ms
2019-09-25 05:55:26,715 [f8886b96-44be-42ff-8c95-3c7353123891@group-ED74C99223D1:LeaderElection4] INFO  server.RaftServerConfigKeys (ConfUtils.java:logGet(43)) - raft.server.staging.catchup.gap = 1000 (default)
2019-09-25 05:55:26,715 [f8886b96-44be-42ff-8c95-3c7353123891@group-ED74C99223D1:LeaderElection4] INFO  server.RaftServerConfigKeys (ConfUtils.java:logGet(43)) - raft.server.rpc.sleep.time = 25ms (default)
2019-09-25 05:55:26,715 [f8886b96-44be-42ff-8c95-3c7353123891@group-ED74C99223D1:LeaderElection4] INFO  server.RaftServerConfigKeys (ConfUtils.java:logGet(43)) - raft.server.write.element-limit = 4096 (default)
2019-09-25 05:55:26,715 [f8886b96-44be-42ff-8c95-3c7353123891@group-ED74C99223D1:LeaderElection4] INFO  server.RaftServerConfigKeys (ConfUtils.java:logGet(43)) - raft.server.watch.timeout = 10s (default)
2019-09-25 05:55:26,716 [f8886b96-44be-42ff-8c95-3c7353123891@group-ED74C99223D1:LeaderElection4] INFO  server.RaftServerConfigKeys (ConfUtils.java:logGet(43)) - raft.server.watch.timeout.denomination = 1s (default)
2019-09-25 05:55:26,716 [f8886b96-44be-42ff-8c95-3c7353123891@group-ED74C99223D1:LeaderElection4] INFO  server.RaftServerConfigKeys (ConfUtils.java:logGet(43)) - raft.server.watch.element-limit = 65536 (default)
2019-09-25 05:55:26,718 [f8886b96-44be-42ff-8c95-3c7353123891@group-ED74C99223D1:LeaderElection4] INFO  impl.RoleInfo (RoleInfo.java:updateAndGet(143)) - f8886b96-44be-42ff-8c95-3c7353123891: start LeaderState
2019-09-25 05:55:26,718 [f8886b96-44be-42ff-8c95-3c7353123891@group-ED74C99223D1:LeaderElection4] INFO  segmented.SegmentedRaftLogWorker (SegmentedRaftLogWorker.java:startLogSegment(380)) - f8886b96-44be-42ff-8c95-3c7353123891@group-ED74C99223D1-SegmentedRaftLogWorker: Starting segment from index:0
2019-09-25 05:55:26,719 [f8886b96-44be-42ff-8c95-3c7353123891@group-ED74C99223D1:LeaderElection4] INFO  impl.RaftServerImpl (ServerState.java:setRaftConf(354)) - f8886b96-44be-42ff-8c95-3c7353123891@group-ED74C99223D1: set configuration 0: [f8886b96-44be-42ff-8c95-3c7353123891:192.168.5.161:35513], old=null at 0
2019-09-25 05:55:26,774 [f8886b96-44be-42ff-8c95-3c7353123891@group-8244851C9C96-SegmentedRaftLogWorker] INFO  segmented.SegmentedRaftLogWorker (SegmentedRaftLogWorker.java:execute(569)) - f8886b96-44be-42ff-8c95-3c7353123891@group-8244851C9C96-SegmentedRaftLogWorker: created new log segment /workdir/hadoop-ozone/tools/target/test-dir/MiniOzoneClusterImpl-ee66e79a-8124-4b50-8b06-9837ad27a0bb/datanode-2/data/ratis/403a73de-8a50-4f94-b959-8244851c9c96/current/log_inprogress_0
2019-09-25 05:55:26,774 [f8886b96-44be-42ff-8c95-3c7353123891@group-ED74C99223D1-SegmentedRaftLogWorker] INFO  segmented.SegmentedRaftLogWorker (SegmentedRaftLogWorker.java:execute(569)) - f8886b96-44be-42ff-8c95-3c7353123891@group-ED74C99223D1-SegmentedRaftLogWorker: created new log segment /workdir/hadoop-ozone/tools/target/test-dir/MiniOzoneClusterImpl-ee66e79a-8124-4b50-8b06-9837ad27a0bb/datanode-2/data/ratis/b754a087-ce15-4739-806e-ed74c99223d1/current/log_inprogress_0
2019-09-25 05:55:26,830 [Thread-198] INFO  impl.FollowerState (FollowerState.java:run(106)) - 9dec4261-9116-4e95-be01-4b7ee3b1a3bb:group-1454B375B1CA changes to CANDIDATE, lastRpcTime:5169, electionTimeout:5169ms
2019-09-25 05:55:26,831 [Thread-198] INFO  impl.RoleInfo (RoleInfo.java:shutdownFollowerState(121)) - 9dec4261-9116-4e95-be01-4b7ee3b1a3bb: shutdown FollowerState
2019-09-25 05:55:26,831 [Thread-198] INFO  impl.RaftServerImpl (RaftServerImpl.java:setRole(174)) - 9dec4261-9116-4e95-be01-4b7ee3b1a3bb@group-1454B375B1CA: changes role from  FOLLOWER to CANDIDATE at term 0 for changeToCandidate
2019-09-25 05:55:26,831 [Thread-198] INFO  impl.RoleInfo (RoleInfo.java:updateAndGet(143)) - 9dec4261-9116-4e95-be01-4b7ee3b1a3bb: start LeaderElection
2019-09-25 05:55:26,834 [Thread-201] INFO  impl.FollowerState (FollowerState.java:run(106)) - f8886b96-44be-42ff-8c95-3c7353123891:group-D24E15786A3A changes to CANDIDATE, lastRpcTime:5106, electionTimeout:5106ms
2019-09-25 05:55:26,834 [Thread-201] INFO  impl.RoleInfo (RoleInfo.java:shutdownFollowerState(121)) - f8886b96-44be-42ff-8c95-3c7353123891: shutdown FollowerState
2019-09-25 05:55:26,835 [Thread-201] INFO  impl.RaftServerImpl (RaftServerImpl.java:setRole(174)) - f8886b96-44be-42ff-8c95-3c7353123891@group-D24E15786A3A: changes role from  FOLLOWER to CANDIDATE at term 0 for changeToCandidate
2019-09-25 05:55:26,835 [Thread-201] INFO  impl.RoleInfo (RoleInfo.java:updateAndGet(143)) - f8886b96-44be-42ff-8c95-3c7353123891: start LeaderElection
2019-09-25 05:55:26,848 [9dec4261-9116-4e95-be01-4b7ee3b1a3bb@group-1454B375B1CA:LeaderElection5] INFO  impl.LeaderElection (LeaderElection.java:askForVotes(182)) - 9dec4261-9116-4e95-be01-4b7ee3b1a3bb@group-1454B375B1CA:LeaderElection5: begin an election at term 1 for -1: [9dec4261-9116-4e95-be01-4b7ee3b1a3bb:192.168.5.161:35640], old=null
2019-09-25 05:55:26,848 [f8886b96-44be-42ff-8c95-3c7353123891@group-D24E15786A3A:LeaderElection6] INFO  impl.LeaderElection (LeaderElection.java:askForVotes(182)) - f8886b96-44be-42ff-8c95-3c7353123891@group-D24E15786A3A:LeaderElection6: begin an election at term 1 for -1: [f8886b96-44be-42ff-8c95-3c7353123891:192.168.5.161:35513], old=null
2019-09-25 05:55:26,848 [9dec4261-9116-4e95-be01-4b7ee3b1a3bb@group-1454B375B1CA:LeaderElection5] INFO  impl.RoleInfo (RoleInfo.java:shutdownLeaderElection(134)) - 9dec4261-9116-4e95-be01-4b7ee3b1a3bb: shutdown LeaderElection
2019-09-25 05:55:26,848 [f8886b96-44be-42ff-8c95-3c7353123891@group-D24E15786A3A:LeaderElection6] INFO  impl.RoleInfo (RoleInfo.java:shutdownLeaderElection(134)) - f8886b96-44be-42ff-8c95-3c7353123891: shutdown LeaderElection
2019-09-25 05:55:26,848 [9dec4261-9116-4e95-be01-4b7ee3b1a3bb@group-1454B375B1CA:LeaderElection5] INFO  impl.RaftServerImpl (RaftServerImpl.java:setRole(174)) - 9dec4261-9116-4e95-be01-4b7ee3b1a3bb@group-1454B375B1CA: changes role from CANDIDATE to LEADER at term 1 for changeToLeader
2019-09-25 05:55:26,848 [f8886b96-44be-42ff-8c95-3c7353123891@group-D24E15786A3A:LeaderElection6] INFO  impl.RaftServerImpl (RaftServerImpl.java:setRole(174)) - f8886b96-44be-42ff-8c95-3c7353123891@group-D24E15786A3A: changes role from CANDIDATE to LEADER at term 1 for changeToLeader
2019-09-25 05:55:26,848 [9dec4261-9116-4e95-be01-4b7ee3b1a3bb@group-1454B375B1CA:LeaderElection5] INFO  impl.RaftServerImpl (ServerState.java:setLeader(253)) - 9dec4261-9116-4e95-be01-4b7ee3b1a3bb@group-1454B375B1CA: change Leader from null to 9dec4261-9116-4e95-be01-4b7ee3b1a3bb at term 1 for becomeLeader, leader elected after 5205ms
2019-09-25 05:55:26,848 [f8886b96-44be-42ff-8c95-3c7353123891@group-D24E15786A3A:LeaderElection6] INFO  impl.RaftServerImpl (ServerState.java:setLeader(253)) - f8886b96-44be-42ff-8c95-3c7353123891@group-D24E15786A3A: change Leader from null to f8886b96-44be-42ff-8c95-3c7353123891 at term 1 for becomeLeader, leader elected after 5131ms
2019-09-25 05:55:26,849 [9dec4261-9116-4e95-be01-4b7ee3b1a3bb@group-1454B375B1CA:LeaderElection5] INFO  server.RaftServerConfigKeys (ConfUtils.java:logGet(43)) - raft.server.staging.catchup.gap = 1000 (default)
2019-09-25 05:55:26,849 [f8886b96-44be-42ff-8c95-3c7353123891@group-D24E15786A3A:LeaderElection6] INFO  server.RaftServerConfigKeys (ConfUtils.java:logGet(43)) - raft.server.staging.catchup.gap = 1000 (default)
2019-09-25 05:55:26,849 [9dec4261-9116-4e95-be01-4b7ee3b1a3bb@group-1454B375B1CA:LeaderElection5] INFO  server.RaftServerConfigKeys (ConfUtils.java:logGet(43)) - raft.server.rpc.sleep.time = 25ms (default)
2019-09-25 05:55:26,849 [f8886b96-44be-42ff-8c95-3c7353123891@group-D24E15786A3A:LeaderElection6] INFO  server.RaftServerConfigKeys (ConfUtils.java:logGet(43)) - raft.server.rpc.sleep.time = 25ms (default)
2019-09-25 05:55:26,849 [9dec4261-9116-4e95-be01-4b7ee3b1a3bb@group-1454B375B1CA:LeaderElection5] INFO  server.RaftServerConfigKeys (ConfUtils.java:logGet(43)) - raft.server.write.element-limit = 4096 (default)
2019-09-25 05:55:26,849 [f8886b96-44be-42ff-8c95-3c7353123891@group-D24E15786A3A:LeaderElection6] INFO  server.RaftServerConfigKeys (ConfUtils.java:logGet(43)) - raft.server.write.element-limit = 4096 (default)
2019-09-25 05:55:26,849 [9dec4261-9116-4e95-be01-4b7ee3b1a3bb@group-1454B375B1CA:LeaderElection5] INFO  server.RaftServerConfigKeys (ConfUtils.java:logGet(43)) - raft.server.watch.timeout = 10s (default)
2019-09-25 05:55:26,849 [f8886b96-44be-42ff-8c95-3c7353123891@group-D24E15786A3A:LeaderElection6] INFO  server.RaftServerConfigKeys (ConfUtils.java:logGet(43)) - raft.server.watch.timeout = 10s (default)
2019-09-25 05:55:26,850 [9dec4261-9116-4e95-be01-4b7ee3b1a3bb@group-1454B375B1CA:LeaderElection5] INFO  server.RaftServerConfigKeys (ConfUtils.java:logGet(43)) - raft.server.watch.timeout.denomination = 1s (default)
2019-09-25 05:55:26,850 [f8886b96-44be-42ff-8c95-3c7353123891@group-D24E15786A3A:LeaderElection6] INFO  server.RaftServerConfigKeys (ConfUtils.java:logGet(43)) - raft.server.watch.timeout.denomination = 1s (default)
2019-09-25 05:55:26,850 [9dec4261-9116-4e95-be01-4b7ee3b1a3bb@group-1454B375B1CA:LeaderElection5] INFO  server.RaftServerConfigKeys (ConfUtils.java:logGet(43)) - raft.server.watch.element-limit = 65536 (default)
2019-09-25 05:55:26,850 [f8886b96-44be-42ff-8c95-3c7353123891@group-D24E15786A3A:LeaderElection6] INFO  server.RaftServerConfigKeys (ConfUtils.java:logGet(43)) - raft.server.watch.element-limit = 65536 (default)
2019-09-25 05:55:26,854 [9dec4261-9116-4e95-be01-4b7ee3b1a3bb@group-1454B375B1CA:LeaderElection5] INFO  impl.RoleInfo (RoleInfo.java:updateAndGet(143)) - 9dec4261-9116-4e95-be01-4b7ee3b1a3bb: start LeaderState
2019-09-25 05:55:26,854 [9dec4261-9116-4e95-be01-4b7ee3b1a3bb@group-1454B375B1CA:LeaderElection5] INFO  segmented.SegmentedRaftLogWorker (SegmentedRaftLogWorker.java:startLogSegment(380)) - 9dec4261-9116-4e95-be01-4b7ee3b1a3bb@group-1454B375B1CA-SegmentedRaftLogWorker: Starting segment from index:0
2019-09-25 05:55:26,855 [9dec4261-9116-4e95-be01-4b7ee3b1a3bb@group-1454B375B1CA:LeaderElection5] INFO  impl.RaftServerImpl (ServerState.java:setRaftConf(354)) - 9dec4261-9116-4e95-be01-4b7ee3b1a3bb@group-1454B375B1CA: set configuration 0: [9dec4261-9116-4e95-be01-4b7ee3b1a3bb:192.168.5.161:35640], old=null at 0
2019-09-25 05:55:26,894 [f8886b96-44be-42ff-8c95-3c7353123891@group-D24E15786A3A:LeaderElection6] INFO  impl.RoleInfo (RoleInfo.java:updateAndGet(143)) - f8886b96-44be-42ff-8c95-3c7353123891: start LeaderState
2019-09-25 05:55:26,895 [f8886b96-44be-42ff-8c95-3c7353123891@group-D24E15786A3A:LeaderElection6] INFO  segmented.SegmentedRaftLogWorker (SegmentedRaftLogWorker.java:startLogSegment(380)) - f8886b96-44be-42ff-8c95-3c7353123891@group-D24E15786A3A-SegmentedRaftLogWorker: Starting segment from index:0
2019-09-25 05:55:26,896 [f8886b96-44be-42ff-8c95-3c7353123891@group-D24E15786A3A:LeaderElection6] INFO  impl.RaftServerImpl (ServerState.java:setRaftConf(354)) - f8886b96-44be-42ff-8c95-3c7353123891@group-D24E15786A3A: set configuration 0: [f8886b96-44be-42ff-8c95-3c7353123891:192.168.5.161:35513], old=null at 0
2019-09-25 05:55:26,929 [Thread-204] INFO  impl.FollowerState (FollowerState.java:run(106)) - e288bd1d-6916-4b99-86f0-9ad6ba41312f:group-1AB765864804 changes to CANDIDATE, lastRpcTime:5123, electionTimeout:5103ms
2019-09-25 05:55:26,929 [9dec4261-9116-4e95-be01-4b7ee3b1a3bb@group-1454B375B1CA-SegmentedRaftLogWorker] INFO  segmented.SegmentedRaftLogWorker (SegmentedRaftLogWorker.java:execute(569)) - 9dec4261-9116-4e95-be01-4b7ee3b1a3bb@group-1454B375B1CA-SegmentedRaftLogWorker: created new log segment /workdir/hadoop-ozone/tools/target/test-dir/MiniOzoneClusterImpl-ee66e79a-8124-4b50-8b06-9837ad27a0bb/datanode-0/data/ratis/d629b301-144f-40f9-b0c1-1454b375b1ca/current/log_inprogress_0
2019-09-25 05:55:26,929 [Thread-204] INFO  impl.RoleInfo (RoleInfo.java:shutdownFollowerState(121)) - e288bd1d-6916-4b99-86f0-9ad6ba41312f: shutdown FollowerState
2019-09-25 05:55:26,930 [Thread-204] INFO  impl.RaftServerImpl (RaftServerImpl.java:setRole(174)) - e288bd1d-6916-4b99-86f0-9ad6ba41312f@group-1AB765864804: changes role from  FOLLOWER to CANDIDATE at term 0 for changeToCandidate
2019-09-25 05:55:26,930 [Thread-204] INFO  impl.RoleInfo (RoleInfo.java:updateAndGet(143)) - e288bd1d-6916-4b99-86f0-9ad6ba41312f: start LeaderElection
2019-09-25 05:55:26,943 [f8886b96-44be-42ff-8c95-3c7353123891@group-D24E15786A3A-SegmentedRaftLogWorker] INFO  segmented.SegmentedRaftLogWorker (SegmentedRaftLogWorker.java:execute(569)) - f8886b96-44be-42ff-8c95-3c7353123891@group-D24E15786A3A-SegmentedRaftLogWorker: created new log segment /workdir/hadoop-ozone/tools/target/test-dir/MiniOzoneClusterImpl-ee66e79a-8124-4b50-8b06-9837ad27a0bb/datanode-2/data/ratis/00d52bc5-be3d-496f-b52c-d24e15786a3a/current/log_inprogress_0
2019-09-25 05:55:26,943 [e288bd1d-6916-4b99-86f0-9ad6ba41312f@group-1AB765864804:LeaderElection7] INFO  impl.LeaderElection (LeaderElection.java:askForVotes(182)) - e288bd1d-6916-4b99-86f0-9ad6ba41312f@group-1AB765864804:LeaderElection7: begin an election at term 1 for -1: [e288bd1d-6916-4b99-86f0-9ad6ba41312f:192.168.5.161:35777], old=null
2019-09-25 05:55:26,943 [e288bd1d-6916-4b99-86f0-9ad6ba41312f@group-1AB765864804:LeaderElection7] INFO  impl.RoleInfo (RoleInfo.java:shutdownLeaderElection(134)) - e288bd1d-6916-4b99-86f0-9ad6ba41312f: shutdown LeaderElection
2019-09-25 05:55:26,943 [e288bd1d-6916-4b99-86f0-9ad6ba41312f@group-1AB765864804:LeaderElection7] INFO  impl.RaftServerImpl (RaftServerImpl.java:setRole(174)) - e288bd1d-6916-4b99-86f0-9ad6ba41312f@group-1AB765864804: changes role from CANDIDATE to LEADER at term 1 for changeToLeader
2019-09-25 05:55:26,943 [e288bd1d-6916-4b99-86f0-9ad6ba41312f@group-1AB765864804:LeaderElection7] INFO  impl.RaftServerImpl (ServerState.java:setLeader(253)) - e288bd1d-6916-4b99-86f0-9ad6ba41312f@group-1AB765864804: change Leader from null to e288bd1d-6916-4b99-86f0-9ad6ba41312f at term 1 for becomeLeader, leader elected after 5150ms
2019-09-25 05:55:26,943 [e288bd1d-6916-4b99-86f0-9ad6ba41312f@group-1AB765864804:LeaderElection7] INFO  server.RaftServerConfigKeys (ConfUtils.java:logGet(43)) - raft.server.staging.catchup.gap = 1000 (default)
2019-09-25 05:55:26,944 [e288bd1d-6916-4b99-86f0-9ad6ba41312f@group-1AB765864804:LeaderElection7] INFO  server.RaftServerConfigKeys (ConfUtils.java:logGet(43)) - raft.server.rpc.sleep.time = 25ms (default)
2019-09-25 05:55:26,944 [e288bd1d-6916-4b99-86f0-9ad6ba41312f@group-1AB765864804:LeaderElection7] INFO  server.RaftServerConfigKeys (ConfUtils.java:logGet(43)) - raft.server.write.element-limit = 4096 (default)
2019-09-25 05:55:26,944 [e288bd1d-6916-4b99-86f0-9ad6ba41312f@group-1AB765864804:LeaderElection7] INFO  server.RaftServerConfigKeys (ConfUtils.java:logGet(43)) - raft.server.watch.timeout = 10s (default)
2019-09-25 05:55:26,944 [e288bd1d-6916-4b99-86f0-9ad6ba41312f@group-1AB765864804:LeaderElection7] INFO  server.RaftServerConfigKeys (ConfUtils.java:logGet(43)) - raft.server.watch.timeout.denomination = 1s (default)
2019-09-25 05:55:26,944 [e288bd1d-6916-4b99-86f0-9ad6ba41312f@group-1AB765864804:LeaderElection7] INFO  server.RaftServerConfigKeys (ConfUtils.java:logGet(43)) - raft.server.watch.element-limit = 65536 (default)
2019-09-25 05:55:26,947 [e288bd1d-6916-4b99-86f0-9ad6ba41312f@group-1AB765864804:LeaderElection7] INFO  impl.RoleInfo (RoleInfo.java:updateAndGet(143)) - e288bd1d-6916-4b99-86f0-9ad6ba41312f: start LeaderState
2019-09-25 05:55:26,948 [e288bd1d-6916-4b99-86f0-9ad6ba41312f@group-1AB765864804:LeaderElection7] INFO  segmented.SegmentedRaftLogWorker (SegmentedRaftLogWorker.java:startLogSegment(380)) - e288bd1d-6916-4b99-86f0-9ad6ba41312f@group-1AB765864804-SegmentedRaftLogWorker: Starting segment from index:0
2019-09-25 05:55:26,948 [e288bd1d-6916-4b99-86f0-9ad6ba41312f@group-1AB765864804:LeaderElection7] INFO  impl.RaftServerImpl (ServerState.java:setRaftConf(354)) - e288bd1d-6916-4b99-86f0-9ad6ba41312f@group-1AB765864804: set configuration 0: [e288bd1d-6916-4b99-86f0-9ad6ba41312f:192.168.5.161:35777], old=null at 0
2019-09-25 05:55:26,989 [Thread-207] INFO  impl.FollowerState (FollowerState.java:run(106)) - e288bd1d-6916-4b99-86f0-9ad6ba41312f:group-7E54E84CB630 changes to CANDIDATE, lastRpcTime:5134, electionTimeout:5111ms
2019-09-25 05:55:26,989 [Thread-213] INFO  impl.FollowerState (FollowerState.java:run(106)) - e288bd1d-6916-4b99-86f0-9ad6ba41312f:group-181661E87F38 changes to CANDIDATE, lastRpcTime:5036, electionTimeout:5009ms
2019-09-25 05:55:26,990 [Thread-207] INFO  impl.RoleInfo (RoleInfo.java:shutdownFollowerState(121)) - e288bd1d-6916-4b99-86f0-9ad6ba41312f: shutdown FollowerState
2019-09-25 05:55:26,990 [Thread-213] INFO  impl.RoleInfo (RoleInfo.java:shutdownFollowerState(121)) - e288bd1d-6916-4b99-86f0-9ad6ba41312f: shutdown FollowerState
2019-09-25 05:55:26,990 [Thread-207] INFO  impl.RaftServerImpl (RaftServerImpl.java:setRole(174)) - e288bd1d-6916-4b99-86f0-9ad6ba41312f@group-7E54E84CB630: changes role from  FOLLOWER to CANDIDATE at term 0 for changeToCandidate
2019-09-25 05:55:26,990 [Thread-213] INFO  impl.RaftServerImpl (RaftServerImpl.java:setRole(174)) - e288bd1d-6916-4b99-86f0-9ad6ba41312f@group-181661E87F38: changes role from  FOLLOWER to CANDIDATE at term 0 for changeToCandidate
2019-09-25 05:55:26,990 [Thread-207] INFO  impl.RoleInfo (RoleInfo.java:updateAndGet(143)) - e288bd1d-6916-4b99-86f0-9ad6ba41312f: start LeaderElection
2019-09-25 05:55:26,990 [Thread-213] INFO  impl.RoleInfo (RoleInfo.java:updateAndGet(143)) - e288bd1d-6916-4b99-86f0-9ad6ba41312f: start LeaderElection
2019-09-25 05:55:27,002 [e288bd1d-6916-4b99-86f0-9ad6ba41312f@group-1AB765864804-SegmentedRaftLogWorker] INFO  segmented.SegmentedRaftLogWorker (SegmentedRaftLogWorker.java:execute(569)) - e288bd1d-6916-4b99-86f0-9ad6ba41312f@group-1AB765864804-SegmentedRaftLogWorker: created new log segment /workdir/hadoop-ozone/tools/target/test-dir/MiniOzoneClusterImpl-ee66e79a-8124-4b50-8b06-9837ad27a0bb/datanode-1/data/ratis/ba8d7618-864d-454d-bf18-1ab765864804/current/log_inprogress_0
2019-09-25 05:55:27,003 [e288bd1d-6916-4b99-86f0-9ad6ba41312f@group-181661E87F38:LeaderElection9] INFO  impl.LeaderElection (LeaderElection.java:askForVotes(182)) - e288bd1d-6916-4b99-86f0-9ad6ba41312f@group-181661E87F38:LeaderElection9: begin an election at term 1 for -1: [e288bd1d-6916-4b99-86f0-9ad6ba41312f:192.168.5.161:35777], old=null
2019-09-25 05:55:27,003 [e288bd1d-6916-4b99-86f0-9ad6ba41312f@group-7E54E84CB630:LeaderElection8] INFO  impl.LeaderElection (LeaderElection.java:askForVotes(182)) - e288bd1d-6916-4b99-86f0-9ad6ba41312f@group-7E54E84CB630:LeaderElection8: begin an election at term 1 for -1: [e288bd1d-6916-4b99-86f0-9ad6ba41312f:192.168.5.161:35777], old=null
2019-09-25 05:55:27,003 [e288bd1d-6916-4b99-86f0-9ad6ba41312f@group-181661E87F38:LeaderElection9] INFO  impl.RoleInfo (RoleInfo.java:shutdownLeaderElection(134)) - e288bd1d-6916-4b99-86f0-9ad6ba41312f: shutdown LeaderElection
2019-09-25 05:55:27,003 [e288bd1d-6916-4b99-86f0-9ad6ba41312f@group-7E54E84CB630:LeaderElection8] INFO  impl.RoleInfo (RoleInfo.java:shutdownLeaderElection(134)) - e288bd1d-6916-4b99-86f0-9ad6ba41312f: shutdown LeaderElection
2019-09-25 05:55:27,003 [e288bd1d-6916-4b99-86f0-9ad6ba41312f@group-181661E87F38:LeaderElection9] INFO  impl.RaftServerImpl (RaftServerImpl.java:setRole(174)) - e288bd1d-6916-4b99-86f0-9ad6ba41312f@group-181661E87F38: changes role from CANDIDATE to LEADER at term 1 for changeToLeader
2019-09-25 05:55:27,003 [e288bd1d-6916-4b99-86f0-9ad6ba41312f@group-7E54E84CB630:LeaderElection8] INFO  impl.RaftServerImpl (RaftServerImpl.java:setRole(174)) - e288bd1d-6916-4b99-86f0-9ad6ba41312f@group-7E54E84CB630: changes role from CANDIDATE to LEADER at term 1 for changeToLeader
2019-09-25 05:55:27,003 [e288bd1d-6916-4b99-86f0-9ad6ba41312f@group-181661E87F38:LeaderElection9] INFO  impl.RaftServerImpl (ServerState.java:setLeader(253)) - e288bd1d-6916-4b99-86f0-9ad6ba41312f@group-181661E87F38: change Leader from null to e288bd1d-6916-4b99-86f0-9ad6ba41312f at term 1 for becomeLeader, leader elected after 5057ms
2019-09-25 05:55:27,004 [e288bd1d-6916-4b99-86f0-9ad6ba41312f@group-7E54E84CB630:LeaderElection8] INFO  impl.RaftServerImpl (ServerState.java:setLeader(253)) - e288bd1d-6916-4b99-86f0-9ad6ba41312f@group-7E54E84CB630: change Leader from null to e288bd1d-6916-4b99-86f0-9ad6ba41312f at term 1 for becomeLeader, leader elected after 5155ms
2019-09-25 05:55:27,004 [e288bd1d-6916-4b99-86f0-9ad6ba41312f@group-181661E87F38:LeaderElection9] INFO  server.RaftServerConfigKeys (ConfUtils.java:logGet(43)) - raft.server.staging.catchup.gap = 1000 (default)
2019-09-25 05:55:27,004 [e288bd1d-6916-4b99-86f0-9ad6ba41312f@group-7E54E84CB630:LeaderElection8] INFO  server.RaftServerConfigKeys (ConfUtils.java:logGet(43)) - raft.server.staging.catchup.gap = 1000 (default)
2019-09-25 05:55:27,004 [e288bd1d-6916-4b99-86f0-9ad6ba41312f@group-181661E87F38:LeaderElection9] INFO  server.RaftServerConfigKeys (ConfUtils.java:logGet(43)) - raft.server.rpc.sleep.time = 25ms (default)
2019-09-25 05:55:27,004 [e288bd1d-6916-4b99-86f0-9ad6ba41312f@group-7E54E84CB630:LeaderElection8] INFO  server.RaftServerConfigKeys (ConfUtils.java:logGet(43)) - raft.server.rpc.sleep.time = 25ms (default)
2019-09-25 05:55:27,005 [e288bd1d-6916-4b99-86f0-9ad6ba41312f@group-181661E87F38:LeaderElection9] INFO  server.RaftServerConfigKeys (ConfUtils.java:logGet(43)) - raft.server.write.element-limit = 4096 (default)
2019-09-25 05:55:27,005 [e288bd1d-6916-4b99-86f0-9ad6ba41312f@group-7E54E84CB630:LeaderElection8] INFO  server.RaftServerConfigKeys (ConfUtils.java:logGet(43)) - raft.server.write.element-limit = 4096 (default)
2019-09-25 05:55:27,005 [e288bd1d-6916-4b99-86f0-9ad6ba41312f@group-181661E87F38:LeaderElection9] INFO  server.RaftServerConfigKeys (ConfUtils.java:logGet(43)) - raft.server.watch.timeout = 10s (default)
2019-09-25 05:55:27,005 [e288bd1d-6916-4b99-86f0-9ad6ba41312f@group-7E54E84CB630:LeaderElection8] INFO  server.RaftServerConfigKeys (ConfUtils.java:logGet(43)) - raft.server.watch.timeout = 10s (default)
2019-09-25 05:55:27,005 [e288bd1d-6916-4b99-86f0-9ad6ba41312f@group-181661E87F38:LeaderElection9] INFO  server.RaftServerConfigKeys (ConfUtils.java:logGet(43)) - raft.server.watch.timeout.denomination = 1s (default)
2019-09-25 05:55:27,005 [e288bd1d-6916-4b99-86f0-9ad6ba41312f@group-7E54E84CB630:LeaderElection8] INFO  server.RaftServerConfigKeys (ConfUtils.java:logGet(43)) - raft.server.watch.timeout.denomination = 1s (default)
2019-09-25 05:55:27,005 [e288bd1d-6916-4b99-86f0-9ad6ba41312f@group-181661E87F38:LeaderElection9] INFO  server.RaftServerConfigKeys (ConfUtils.java:logGet(43)) - raft.server.watch.element-limit = 65536 (default)
2019-09-25 05:55:27,005 [e288bd1d-6916-4b99-86f0-9ad6ba41312f@group-7E54E84CB630:LeaderElection8] INFO  server.RaftServerConfigKeys (ConfUtils.java:logGet(43)) - raft.server.watch.element-limit = 65536 (default)
2019-09-25 05:55:27,009 [e288bd1d-6916-4b99-86f0-9ad6ba41312f@group-181661E87F38:LeaderElection9] INFO  impl.RoleInfo (RoleInfo.java:updateAndGet(143)) - e288bd1d-6916-4b99-86f0-9ad6ba41312f: start LeaderState
2019-09-25 05:55:27,010 [e288bd1d-6916-4b99-86f0-9ad6ba41312f@group-181661E87F38:LeaderElection9] INFO  segmented.SegmentedRaftLogWorker (SegmentedRaftLogWorker.java:startLogSegment(380)) - e288bd1d-6916-4b99-86f0-9ad6ba41312f@group-181661E87F38-SegmentedRaftLogWorker: Starting segment from index:0
2019-09-25 05:55:27,010 [e288bd1d-6916-4b99-86f0-9ad6ba41312f@group-7E54E84CB630:LeaderElection8] INFO  impl.RoleInfo (RoleInfo.java:updateAndGet(143)) - e288bd1d-6916-4b99-86f0-9ad6ba41312f: start LeaderState
2019-09-25 05:55:27,010 [e288bd1d-6916-4b99-86f0-9ad6ba41312f@group-7E54E84CB630:LeaderElection8] INFO  segmented.SegmentedRaftLogWorker (SegmentedRaftLogWorker.java:startLogSegment(380)) - e288bd1d-6916-4b99-86f0-9ad6ba41312f@group-7E54E84CB630-SegmentedRaftLogWorker: Starting segment from index:0
2019-09-25 05:55:27,010 [e288bd1d-6916-4b99-86f0-9ad6ba41312f@group-181661E87F38:LeaderElection9] INFO  impl.RaftServerImpl (ServerState.java:setRaftConf(354)) - e288bd1d-6916-4b99-86f0-9ad6ba41312f@group-181661E87F38: set configuration 0: [e288bd1d-6916-4b99-86f0-9ad6ba41312f:192.168.5.161:35777], old=null at 0
2019-09-25 05:55:27,053 [Thread-216] INFO  impl.FollowerState (FollowerState.java:run(106)) - f8886b96-44be-42ff-8c95-3c7353123891:group-D98C95D14411 changes to CANDIDATE, lastRpcTime:5042, electionTimeout:5021ms
2019-09-25 05:55:27,053 [Thread-210] INFO  impl.FollowerState (FollowerState.java:run(106)) - e288bd1d-6916-4b99-86f0-9ad6ba41312f:group-6142FAAA58C3 changes to CANDIDATE, lastRpcTime:5158, electionTimeout:5147ms
2019-09-25 05:55:27,053 [Thread-216] INFO  impl.RoleInfo (RoleInfo.java:shutdownFollowerState(121)) - f8886b96-44be-42ff-8c95-3c7353123891: shutdown FollowerState
2019-09-25 05:55:27,053 [e288bd1d-6916-4b99-86f0-9ad6ba41312f@group-7E54E84CB630:LeaderElection8] INFO  impl.RaftServerImpl (ServerState.java:setRaftConf(354)) - e288bd1d-6916-4b99-86f0-9ad6ba41312f@group-7E54E84CB630: set configuration 0: [e288bd1d-6916-4b99-86f0-9ad6ba41312f:192.168.5.161:35777], old=null at 0
2019-09-25 05:55:27,086 [Thread-219] INFO  impl.FollowerState (FollowerState.java:run(106)) - f8886b96-44be-42ff-8c95-3c7353123891:group-0E8CE15B6CB5 changes to CANDIDATE, lastRpcTime:5022, electionTimeout:5010ms
2019-09-25 05:55:27,053 [Thread-210] INFO  impl.RoleInfo (RoleInfo.java:shutdownFollowerState(121)) - e288bd1d-6916-4b99-86f0-9ad6ba41312f: shutdown FollowerState
2019-09-25 05:55:27,053 [Thread-216] INFO  impl.RaftServerImpl (RaftServerImpl.java:setRole(174)) - f8886b96-44be-42ff-8c95-3c7353123891@group-D98C95D14411: changes role from  FOLLOWER to CANDIDATE at term 0 for changeToCandidate
2019-09-25 05:55:27,088 [Thread-219] INFO  impl.RoleInfo (RoleInfo.java:shutdownFollowerState(121)) - f8886b96-44be-42ff-8c95-3c7353123891: shutdown FollowerState
2019-09-25 05:55:27,088 [Thread-216] INFO  impl.RoleInfo (RoleInfo.java:updateAndGet(143)) - f8886b96-44be-42ff-8c95-3c7353123891: start LeaderElection
2019-09-25 05:55:27,088 [Thread-210] INFO  impl.RaftServerImpl (RaftServerImpl.java:setRole(174)) - e288bd1d-6916-4b99-86f0-9ad6ba41312f@group-6142FAAA58C3: changes role from  FOLLOWER to CANDIDATE at term 0 for changeToCandidate
2019-09-25 05:55:27,086 [e288bd1d-6916-4b99-86f0-9ad6ba41312f@group-181661E87F38-SegmentedRaftLogWorker] INFO  segmented.SegmentedRaftLogWorker (SegmentedRaftLogWorker.java:execute(569)) - e288bd1d-6916-4b99-86f0-9ad6ba41312f@group-181661E87F38-SegmentedRaftLogWorker: created new log segment /workdir/hadoop-ozone/tools/target/test-dir/MiniOzoneClusterImpl-ee66e79a-8124-4b50-8b06-9837ad27a0bb/datanode-1/data/ratis/1585c4c9-5609-4064-8c32-181661e87f38/current/log_inprogress_0
2019-09-25 05:55:27,088 [Thread-219] INFO  impl.RaftServerImpl (RaftServerImpl.java:setRole(174)) - f8886b96-44be-42ff-8c95-3c7353123891@group-0E8CE15B6CB5: changes role from  FOLLOWER to CANDIDATE at term 0 for changeToCandidate
2019-09-25 05:55:27,092 [Thread-210] INFO  impl.RoleInfo (RoleInfo.java:updateAndGet(143)) - e288bd1d-6916-4b99-86f0-9ad6ba41312f: start LeaderElection
2019-09-25 05:55:27,092 [Thread-219] INFO  impl.RoleInfo (RoleInfo.java:updateAndGet(143)) - f8886b96-44be-42ff-8c95-3c7353123891: start LeaderElection
2019-09-25 05:55:27,103 [e288bd1d-6916-4b99-86f0-9ad6ba41312f@group-7E54E84CB630-SegmentedRaftLogWorker] INFO  segmented.SegmentedRaftLogWorker (SegmentedRaftLogWorker.java:execute(569)) - e288bd1d-6916-4b99-86f0-9ad6ba41312f@group-7E54E84CB630-SegmentedRaftLogWorker: created new log segment /workdir/hadoop-ozone/tools/target/test-dir/MiniOzoneClusterImpl-ee66e79a-8124-4b50-8b06-9837ad27a0bb/datanode-1/data/ratis/8f53b265-c483-4445-9c2a-7e54e84cb630/current/log_inprogress_0
2019-09-25 05:55:27,114 [f8886b96-44be-42ff-8c95-3c7353123891@group-D98C95D14411:LeaderElection10] INFO  impl.LeaderElection (LeaderElection.java:askForVotes(182)) - f8886b96-44be-42ff-8c95-3c7353123891@group-D98C95D14411:LeaderElection10: begin an election at term 1 for -1: [f8886b96-44be-42ff-8c95-3c7353123891:192.168.5.161:35513], old=null
2019-09-25 05:55:27,114 [f8886b96-44be-42ff-8c95-3c7353123891@group-D98C95D14411:LeaderElection10] INFO  impl.RoleInfo (RoleInfo.java:shutdownLeaderElection(134)) - f8886b96-44be-42ff-8c95-3c7353123891: shutdown LeaderElection
2019-09-25 05:55:27,114 [f8886b96-44be-42ff-8c95-3c7353123891@group-D98C95D14411:LeaderElection10] INFO  impl.RaftServerImpl (RaftServerImpl.java:setRole(174)) - f8886b96-44be-42ff-8c95-3c7353123891@group-D98C95D14411: changes role from CANDIDATE to LEADER at term 1 for changeToLeader
2019-09-25 05:55:27,115 [f8886b96-44be-42ff-8c95-3c7353123891@group-D98C95D14411:LeaderElection10] INFO  impl.RaftServerImpl (ServerState.java:setLeader(253)) - f8886b96-44be-42ff-8c95-3c7353123891@group-D98C95D14411: change Leader from null to f8886b96-44be-42ff-8c95-3c7353123891 at term 1 for becomeLeader, leader elected after 5111ms
2019-09-25 05:55:27,115 [f8886b96-44be-42ff-8c95-3c7353123891@group-D98C95D14411:LeaderElection10] INFO  server.RaftServerConfigKeys (ConfUtils.java:logGet(43)) - raft.server.staging.catchup.gap = 1000 (default)
2019-09-25 05:55:27,115 [f8886b96-44be-42ff-8c95-3c7353123891@group-0E8CE15B6CB5:LeaderElection12] INFO  impl.LeaderElection (LeaderElection.java:askForVotes(182)) - f8886b96-44be-42ff-8c95-3c7353123891@group-0E8CE15B6CB5:LeaderElection12: begin an election at term 1 for -1: [f8886b96-44be-42ff-8c95-3c7353123891:192.168.5.161:35513], old=null
2019-09-25 05:55:27,115 [f8886b96-44be-42ff-8c95-3c7353123891@group-D98C95D14411:LeaderElection10] INFO  server.RaftServerConfigKeys (ConfUtils.java:logGet(43)) - raft.server.rpc.sleep.time = 25ms (default)
2019-09-25 05:55:27,115 [f8886b96-44be-42ff-8c95-3c7353123891@group-0E8CE15B6CB5:LeaderElection12] INFO  impl.RoleInfo (RoleInfo.java:shutdownLeaderElection(134)) - f8886b96-44be-42ff-8c95-3c7353123891: shutdown LeaderElection
2019-09-25 05:55:27,115 [f8886b96-44be-42ff-8c95-3c7353123891@group-D98C95D14411:LeaderElection10] INFO  server.RaftServerConfigKeys (ConfUtils.java:logGet(43)) - raft.server.write.element-limit = 4096 (default)
2019-09-25 05:55:27,115 [e288bd1d-6916-4b99-86f0-9ad6ba41312f@group-6142FAAA58C3:LeaderElection11] INFO  impl.LeaderElection (LeaderElection.java:askForVotes(182)) - e288bd1d-6916-4b99-86f0-9ad6ba41312f@group-6142FAAA58C3:LeaderElection11: begin an election at term 1 for -1: [e288bd1d-6916-4b99-86f0-9ad6ba41312f:192.168.5.161:35777], old=null
2019-09-25 05:55:27,116 [f8886b96-44be-42ff-8c95-3c7353123891@group-D98C95D14411:LeaderElection10] INFO  server.RaftServerConfigKeys (ConfUtils.java:logGet(43)) - raft.server.watch.timeout = 10s (default)
2019-09-25 05:55:27,115 [f8886b96-44be-42ff-8c95-3c7353123891@group-0E8CE15B6CB5:LeaderElection12] INFO  impl.RaftServerImpl (RaftServerImpl.java:setRole(174)) - f8886b96-44be-42ff-8c95-3c7353123891@group-0E8CE15B6CB5: changes role from CANDIDATE to LEADER at term 1 for changeToLeader
2019-09-25 05:55:27,116 [f8886b96-44be-42ff-8c95-3c7353123891@group-D98C95D14411:LeaderElection10] INFO  server.RaftServerConfigKeys (ConfUtils.java:logGet(43)) - raft.server.watch.timeout.denomination = 1s (default)
2019-09-25 05:55:27,116 [e288bd1d-6916-4b99-86f0-9ad6ba41312f@group-6142FAAA58C3:LeaderElection11] INFO  impl.RoleInfo (RoleInfo.java:shutdownLeaderElection(134)) - e288bd1d-6916-4b99-86f0-9ad6ba41312f: shutdown LeaderElection
2019-09-25 05:55:27,116 [f8886b96-44be-42ff-8c95-3c7353123891@group-D98C95D14411:LeaderElection10] INFO  server.RaftServerConfigKeys (ConfUtils.java:logGet(43)) - raft.server.watch.element-limit = 65536 (default)
2019-09-25 05:55:27,116 [f8886b96-44be-42ff-8c95-3c7353123891@group-0E8CE15B6CB5:LeaderElection12] INFO  impl.RaftServerImpl (ServerState.java:setLeader(253)) - f8886b96-44be-42ff-8c95-3c7353123891@group-0E8CE15B6CB5: change Leader from null to f8886b96-44be-42ff-8c95-3c7353123891 at term 1 for becomeLeader, leader elected after 5058ms
2019-09-25 05:55:27,116 [e288bd1d-6916-4b99-86f0-9ad6ba41312f@group-6142FAAA58C3:LeaderElection11] INFO  impl.RaftServerImpl (RaftServerImpl.java:setRole(174)) - e288bd1d-6916-4b99-86f0-9ad6ba41312f@group-6142FAAA58C3: changes role from CANDIDATE to LEADER at term 1 for changeToLeader
2019-09-25 05:55:27,117 [f8886b96-44be-42ff-8c95-3c7353123891@group-0E8CE15B6CB5:LeaderElection12] INFO  server.RaftServerConfigKeys (ConfUtils.java:logGet(43)) - raft.server.staging.catchup.gap = 1000 (default)
2019-09-25 05:55:27,117 [e288bd1d-6916-4b99-86f0-9ad6ba41312f@group-6142FAAA58C3:LeaderElection11] INFO  impl.RaftServerImpl (ServerState.java:setLeader(253)) - e288bd1d-6916-4b99-86f0-9ad6ba41312f@group-6142FAAA58C3: change Leader from null to e288bd1d-6916-4b99-86f0-9ad6ba41312f at term 1 for becomeLeader, leader elected after 5228ms
2019-09-25 05:55:27,117 [f8886b96-44be-42ff-8c95-3c7353123891@group-0E8CE15B6CB5:LeaderElection12] INFO  server.RaftServerConfigKeys (ConfUtils.java:logGet(43)) - raft.server.rpc.sleep.time = 25ms (default)
2019-09-25 05:55:27,117 [e288bd1d-6916-4b99-86f0-9ad6ba41312f@group-6142FAAA58C3:LeaderElection11] INFO  server.RaftServerConfigKeys (ConfUtils.java:logGet(43)) - raft.server.staging.catchup.gap = 1000 (default)
2019-09-25 05:55:27,117 [e288bd1d-6916-4b99-86f0-9ad6ba41312f@group-6142FAAA58C3:LeaderElection11] INFO  server.RaftServerConfigKeys (ConfUtils.java:logGet(43)) - raft.server.rpc.sleep.time = 25ms (default)
2019-09-25 05:55:27,117 [f8886b96-44be-42ff-8c95-3c7353123891@group-0E8CE15B6CB5:LeaderElection12] INFO  server.RaftServerConfigKeys (ConfUtils.java:logGet(43)) - raft.server.write.element-limit = 4096 (default)
2019-09-25 05:55:27,118 [e288bd1d-6916-4b99-86f0-9ad6ba41312f@group-6142FAAA58C3:LeaderElection11] INFO  server.RaftServerConfigKeys (ConfUtils.java:logGet(43)) - raft.server.write.element-limit = 4096 (default)
2019-09-25 05:55:27,118 [f8886b96-44be-42ff-8c95-3c7353123891@group-0E8CE15B6CB5:LeaderElection12] INFO  server.RaftServerConfigKeys (ConfUtils.java:logGet(43)) - raft.server.watch.timeout = 10s (default)
2019-09-25 05:55:27,118 [e288bd1d-6916-4b99-86f0-9ad6ba41312f@group-6142FAAA58C3:LeaderElection11] INFO  server.RaftServerConfigKeys (ConfUtils.java:logGet(43)) - raft.server.watch.timeout = 10s (default)
2019-09-25 05:55:27,118 [f8886b96-44be-42ff-8c95-3c7353123891@group-0E8CE15B6CB5:LeaderElection12] INFO  server.RaftServerConfigKeys (ConfUtils.java:logGet(43)) - raft.server.watch.timeout.denomination = 1s (default)
2019-09-25 05:55:27,118 [e288bd1d-6916-4b99-86f0-9ad6ba41312f@group-6142FAAA58C3:LeaderElection11] INFO  server.RaftServerConfigKeys (ConfUtils.java:logGet(43)) - raft.server.watch.timeout.denomination = 1s (default)
2019-09-25 05:55:27,118 [f8886b96-44be-42ff-8c95-3c7353123891@group-0E8CE15B6CB5:LeaderElection12] INFO  server.RaftServerConfigKeys (ConfUtils.java:logGet(43)) - raft.server.watch.element-limit = 65536 (default)
2019-09-25 05:55:27,119 [e288bd1d-6916-4b99-86f0-9ad6ba41312f@group-6142FAAA58C3:LeaderElection11] INFO  server.RaftServerConfigKeys (ConfUtils.java:logGet(43)) - raft.server.watch.element-limit = 65536 (default)
2019-09-25 05:55:27,119 [f8886b96-44be-42ff-8c95-3c7353123891@group-D98C95D14411:LeaderElection10] INFO  impl.RoleInfo (RoleInfo.java:updateAndGet(143)) - f8886b96-44be-42ff-8c95-3c7353123891: start LeaderState
2019-09-25 05:55:27,119 [f8886b96-44be-42ff-8c95-3c7353123891@group-D98C95D14411:LeaderElection10] INFO  segmented.SegmentedRaftLogWorker (SegmentedRaftLogWorker.java:startLogSegment(380)) - f8886b96-44be-42ff-8c95-3c7353123891@group-D98C95D14411-SegmentedRaftLogWorker: Starting segment from index:0
2019-09-25 05:55:27,120 [f8886b96-44be-42ff-8c95-3c7353123891@group-D98C95D14411:LeaderElection10] INFO  impl.RaftServerImpl (ServerState.java:setRaftConf(354)) - f8886b96-44be-42ff-8c95-3c7353123891@group-D98C95D14411: set configuration 0: [f8886b96-44be-42ff-8c95-3c7353123891:192.168.5.161:35513], old=null at 0
2019-09-25 05:55:27,159 [f8886b96-44be-42ff-8c95-3c7353123891@group-0E8CE15B6CB5:LeaderElection12] INFO  impl.RoleInfo (RoleInfo.java:updateAndGet(143)) - f8886b96-44be-42ff-8c95-3c7353123891: start LeaderState
2019-09-25 05:55:27,160 [f8886b96-44be-42ff-8c95-3c7353123891@group-0E8CE15B6CB5:LeaderElection12] INFO  segmented.SegmentedRaftLogWorker (SegmentedRaftLogWorker.java:startLogSegment(380)) - f8886b96-44be-42ff-8c95-3c7353123891@group-0E8CE15B6CB5-SegmentedRaftLogWorker: Starting segment from index:0
2019-09-25 05:55:27,160 [e288bd1d-6916-4b99-86f0-9ad6ba41312f@group-6142FAAA58C3:LeaderElection11] INFO  impl.RoleInfo (RoleInfo.java:updateAndGet(143)) - e288bd1d-6916-4b99-86f0-9ad6ba41312f: start LeaderState
2019-09-25 05:55:27,160 [e288bd1d-6916-4b99-86f0-9ad6ba41312f@group-6142FAAA58C3:LeaderElection11] INFO  segmented.SegmentedRaftLogWorker (SegmentedRaftLogWorker.java:startLogSegment(380)) - e288bd1d-6916-4b99-86f0-9ad6ba41312f@group-6142FAAA58C3-SegmentedRaftLogWorker: Starting segment from index:0
2019-09-25 05:55:27,160 [f8886b96-44be-42ff-8c95-3c7353123891@group-0E8CE15B6CB5:LeaderElection12] INFO  impl.RaftServerImpl (ServerState.java:setRaftConf(354)) - f8886b96-44be-42ff-8c95-3c7353123891@group-0E8CE15B6CB5: set configuration 0: [f8886b96-44be-42ff-8c95-3c7353123891:192.168.5.161:35513], old=null at 0
2019-09-25 05:55:27,201 [f8886b96-44be-42ff-8c95-3c7353123891@group-D98C95D14411-SegmentedRaftLogWorker] INFO  segmented.SegmentedRaftLogWorker (SegmentedRaftLogWorker.java:execute(569)) - f8886b96-44be-42ff-8c95-3c7353123891@group-D98C95D14411-SegmentedRaftLogWorker: created new log segment /workdir/hadoop-ozone/tools/target/test-dir/MiniOzoneClusterImpl-ee66e79a-8124-4b50-8b06-9837ad27a0bb/datanode-2/data/ratis/21fd1bf6-6332-450a-964c-d98c95d14411/current/log_inprogress_0
2019-09-25 05:55:27,203 [e288bd1d-6916-4b99-86f0-9ad6ba41312f@group-6142FAAA58C3:LeaderElection11] INFO  impl.RaftServerImpl (ServerState.java:setRaftConf(354)) - e288bd1d-6916-4b99-86f0-9ad6ba41312f@group-6142FAAA58C3: set configuration 0: [e288bd1d-6916-4b99-86f0-9ad6ba41312f:192.168.5.161:35777], old=null at 0
2019-09-25 05:55:27,244 [f8886b96-44be-42ff-8c95-3c7353123891@group-0E8CE15B6CB5-SegmentedRaftLogWorker] INFO  segmented.SegmentedRaftLogWorker (SegmentedRaftLogWorker.java:execute(569)) - f8886b96-44be-42ff-8c95-3c7353123891@group-0E8CE15B6CB5-SegmentedRaftLogWorker: created new log segment /workdir/hadoop-ozone/tools/target/test-dir/MiniOzoneClusterImpl-ee66e79a-8124-4b50-8b06-9837ad27a0bb/datanode-2/data/ratis/bef60705-3f1f-4b01-9729-0e8ce15b6cb5/current/log_inprogress_0
2019-09-25 05:55:27,244 [Thread-222] INFO  impl.FollowerState (FollowerState.java:run(106)) - 9dec4261-9116-4e95-be01-4b7ee3b1a3bb:group-984E7CCAFC0C changes to CANDIDATE, lastRpcTime:5128, electionTimeout:5111ms
2019-09-25 05:55:27,247 [Thread-222] INFO  impl.RoleInfo (RoleInfo.java:shutdownFollowerState(121)) - 9dec4261-9116-4e95-be01-4b7ee3b1a3bb: shutdown FollowerState
2019-09-25 05:55:27,247 [Thread-222] INFO  impl.RaftServerImpl (RaftServerImpl.java:setRole(174)) - 9dec4261-9116-4e95-be01-4b7ee3b1a3bb@group-984E7CCAFC0C: changes role from  FOLLOWER to CANDIDATE at term 0 for changeToCandidate
2019-09-25 05:55:27,247 [Thread-222] INFO  impl.RoleInfo (RoleInfo.java:updateAndGet(143)) - 9dec4261-9116-4e95-be01-4b7ee3b1a3bb: start LeaderElection
2019-09-25 05:55:27,257 [e288bd1d-6916-4b99-86f0-9ad6ba41312f@group-6142FAAA58C3-SegmentedRaftLogWorker] INFO  segmented.SegmentedRaftLogWorker (SegmentedRaftLogWorker.java:execute(569)) - e288bd1d-6916-4b99-86f0-9ad6ba41312f@group-6142FAAA58C3-SegmentedRaftLogWorker: created new log segment /workdir/hadoop-ozone/tools/target/test-dir/MiniOzoneClusterImpl-ee66e79a-8124-4b50-8b06-9837ad27a0bb/datanode-1/data/ratis/e57e4366-e9be-4359-99e5-6142faaa58c3/current/log_inprogress_0
2019-09-25 05:55:27,257 [9dec4261-9116-4e95-be01-4b7ee3b1a3bb@group-984E7CCAFC0C:LeaderElection13] INFO  impl.LeaderElection (LeaderElection.java:askForVotes(182)) - 9dec4261-9116-4e95-be01-4b7ee3b1a3bb@group-984E7CCAFC0C:LeaderElection13: begin an election at term 1 for -1: [9dec4261-9116-4e95-be01-4b7ee3b1a3bb:192.168.5.161:35640], old=null
2019-09-25 05:55:27,257 [9dec4261-9116-4e95-be01-4b7ee3b1a3bb@group-984E7CCAFC0C:LeaderElection13] INFO  impl.RoleInfo (RoleInfo.java:shutdownLeaderElection(134)) - 9dec4261-9116-4e95-be01-4b7ee3b1a3bb: shutdown LeaderElection
2019-09-25 05:55:27,257 [9dec4261-9116-4e95-be01-4b7ee3b1a3bb@group-984E7CCAFC0C:LeaderElection13] INFO  impl.RaftServerImpl (RaftServerImpl.java:setRole(174)) - 9dec4261-9116-4e95-be01-4b7ee3b1a3bb@group-984E7CCAFC0C: changes role from CANDIDATE to LEADER at term 1 for changeToLeader
2019-09-25 05:55:27,257 [9dec4261-9116-4e95-be01-4b7ee3b1a3bb@group-984E7CCAFC0C:LeaderElection13] INFO  impl.RaftServerImpl (ServerState.java:setLeader(253)) - 9dec4261-9116-4e95-be01-4b7ee3b1a3bb@group-984E7CCAFC0C: change Leader from null to 9dec4261-9116-4e95-be01-4b7ee3b1a3bb at term 1 for becomeLeader, leader elected after 5151ms
2019-09-25 05:55:27,258 [9dec4261-9116-4e95-be01-4b7ee3b1a3bb@group-984E7CCAFC0C:LeaderElection13] INFO  server.RaftServerConfigKeys (ConfUtils.java:logGet(43)) - raft.server.staging.catchup.gap = 1000 (default)
2019-09-25 05:55:27,258 [9dec4261-9116-4e95-be01-4b7ee3b1a3bb@group-984E7CCAFC0C:LeaderElection13] INFO  server.RaftServerConfigKeys (ConfUtils.java:logGet(43)) - raft.server.rpc.sleep.time = 25ms (default)
2019-09-25 05:55:27,258 [9dec4261-9116-4e95-be01-4b7ee3b1a3bb@group-984E7CCAFC0C:LeaderElection13] INFO  server.RaftServerConfigKeys (ConfUtils.java:logGet(43)) - raft.server.write.element-limit = 4096 (default)
2019-09-25 05:55:27,258 [9dec4261-9116-4e95-be01-4b7ee3b1a3bb@group-984E7CCAFC0C:LeaderElection13] INFO  server.RaftServerConfigKeys (ConfUtils.java:logGet(43)) - raft.server.watch.timeout = 10s (default)
2019-09-25 05:55:27,259 [9dec4261-9116-4e95-be01-4b7ee3b1a3bb@group-984E7CCAFC0C:LeaderElection13] INFO  server.RaftServerConfigKeys (ConfUtils.java:logGet(43)) - raft.server.watch.timeout.denomination = 1s (default)
2019-09-25 05:55:27,259 [9dec4261-9116-4e95-be01-4b7ee3b1a3bb@group-984E7CCAFC0C:LeaderElection13] INFO  server.RaftServerConfigKeys (ConfUtils.java:logGet(43)) - raft.server.watch.element-limit = 65536 (default)
2019-09-25 05:55:27,262 [9dec4261-9116-4e95-be01-4b7ee3b1a3bb@group-984E7CCAFC0C:LeaderElection13] INFO  impl.RoleInfo (RoleInfo.java:updateAndGet(143)) - 9dec4261-9116-4e95-be01-4b7ee3b1a3bb: start LeaderState
2019-09-25 05:55:27,262 [9dec4261-9116-4e95-be01-4b7ee3b1a3bb@group-984E7CCAFC0C:LeaderElection13] INFO  segmented.SegmentedRaftLogWorker (SegmentedRaftLogWorker.java:startLogSegment(380)) - 9dec4261-9116-4e95-be01-4b7ee3b1a3bb@group-984E7CCAFC0C-SegmentedRaftLogWorker: Starting segment from index:0
2019-09-25 05:55:27,263 [9dec4261-9116-4e95-be01-4b7ee3b1a3bb@group-984E7CCAFC0C:LeaderElection13] INFO  impl.RaftServerImpl (ServerState.java:setRaftConf(354)) - 9dec4261-9116-4e95-be01-4b7ee3b1a3bb@group-984E7CCAFC0C: set configuration 0: [9dec4261-9116-4e95-be01-4b7ee3b1a3bb:192.168.5.161:35640], old=null at 0
2019-09-25 05:55:27,303 [Thread-225] INFO  impl.FollowerState (FollowerState.java:run(106)) - 9dec4261-9116-4e95-be01-4b7ee3b1a3bb:group-7942957E40E2 changes to CANDIDATE, lastRpcTime:5142, electionTimeout:5117ms
2019-09-25 05:55:27,303 [Thread-225] INFO  impl.RoleInfo (RoleInfo.java:shutdownFollowerState(121)) - 9dec4261-9116-4e95-be01-4b7ee3b1a3bb: shutdown FollowerState
2019-09-25 05:55:27,303 [Thread-225] INFO  impl.RaftServerImpl (RaftServerImpl.java:setRole(174)) - 9dec4261-9116-4e95-be01-4b7ee3b1a3bb@group-7942957E40E2: changes role from  FOLLOWER to CANDIDATE at term 0 for changeToCandidate
2019-09-25 05:55:27,303 [Thread-225] INFO  impl.RoleInfo (RoleInfo.java:updateAndGet(143)) - 9dec4261-9116-4e95-be01-4b7ee3b1a3bb: start LeaderElection
2019-09-25 05:55:27,315 [9dec4261-9116-4e95-be01-4b7ee3b1a3bb@group-984E7CCAFC0C-SegmentedRaftLogWorker] INFO  segmented.SegmentedRaftLogWorker (SegmentedRaftLogWorker.java:execute(569)) - 9dec4261-9116-4e95-be01-4b7ee3b1a3bb@group-984E7CCAFC0C-SegmentedRaftLogWorker: created new log segment /workdir/hadoop-ozone/tools/target/test-dir/MiniOzoneClusterImpl-ee66e79a-8124-4b50-8b06-9837ad27a0bb/datanode-0/data/ratis/d105a37e-7734-45ed-a4c8-984e7ccafc0c/current/log_inprogress_0
2019-09-25 05:55:27,315 [9dec4261-9116-4e95-be01-4b7ee3b1a3bb@group-7942957E40E2:LeaderElection14] INFO  impl.LeaderElection (LeaderElection.java:askForVotes(182)) - 9dec4261-9116-4e95-be01-4b7ee3b1a3bb@group-7942957E40E2:LeaderElection14: begin an election at term 1 for -1: [9dec4261-9116-4e95-be01-4b7ee3b1a3bb:192.168.5.161:35640], old=null
2019-09-25 05:55:27,316 [9dec4261-9116-4e95-be01-4b7ee3b1a3bb@group-7942957E40E2:LeaderElection14] INFO  impl.RoleInfo (RoleInfo.java:shutdownLeaderElection(134)) - 9dec4261-9116-4e95-be01-4b7ee3b1a3bb: shutdown LeaderElection
2019-09-25 05:55:27,316 [9dec4261-9116-4e95-be01-4b7ee3b1a3bb@group-7942957E40E2:LeaderElection14] INFO  impl.RaftServerImpl (RaftServerImpl.java:setRole(174)) - 9dec4261-9116-4e95-be01-4b7ee3b1a3bb@group-7942957E40E2: changes role from CANDIDATE to LEADER at term 1 for changeToLeader
2019-09-25 05:55:27,316 [9dec4261-9116-4e95-be01-4b7ee3b1a3bb@group-7942957E40E2:LeaderElection14] INFO  impl.RaftServerImpl (ServerState.java:setLeader(253)) - 9dec4261-9116-4e95-be01-4b7ee3b1a3bb@group-7942957E40E2: change Leader from null to 9dec4261-9116-4e95-be01-4b7ee3b1a3bb at term 1 for becomeLeader, leader elected after 5164ms
2019-09-25 05:55:27,316 [9dec4261-9116-4e95-be01-4b7ee3b1a3bb@group-7942957E40E2:LeaderElection14] INFO  server.RaftServerConfigKeys (ConfUtils.java:logGet(43)) - raft.server.staging.catchup.gap = 1000 (default)
2019-09-25 05:55:27,316 [9dec4261-9116-4e95-be01-4b7ee3b1a3bb@group-7942957E40E2:LeaderElection14] INFO  server.RaftServerConfigKeys (ConfUtils.java:logGet(43)) - raft.server.rpc.sleep.time = 25ms (default)
2019-09-25 05:55:27,316 [9dec4261-9116-4e95-be01-4b7ee3b1a3bb@group-7942957E40E2:LeaderElection14] INFO  server.RaftServerConfigKeys (ConfUtils.java:logGet(43)) - raft.server.write.element-limit = 4096 (default)
2019-09-25 05:55:27,317 [9dec4261-9116-4e95-be01-4b7ee3b1a3bb@group-7942957E40E2:LeaderElection14] INFO  server.RaftServerConfigKeys (ConfUtils.java:logGet(43)) - raft.server.watch.timeout = 10s (default)
2019-09-25 05:55:27,317 [9dec4261-9116-4e95-be01-4b7ee3b1a3bb@group-7942957E40E2:LeaderElection14] INFO  server.RaftServerConfigKeys (ConfUtils.java:logGet(43)) - raft.server.watch.timeout.denomination = 1s (default)
2019-09-25 05:55:27,317 [9dec4261-9116-4e95-be01-4b7ee3b1a3bb@group-7942957E40E2:LeaderElection14] INFO  server.RaftServerConfigKeys (ConfUtils.java:logGet(43)) - raft.server.watch.element-limit = 65536 (default)
2019-09-25 05:55:27,320 [9dec4261-9116-4e95-be01-4b7ee3b1a3bb@group-7942957E40E2:LeaderElection14] INFO  impl.RoleInfo (RoleInfo.java:updateAndGet(143)) - 9dec4261-9116-4e95-be01-4b7ee3b1a3bb: start LeaderState
2019-09-25 05:55:27,320 [9dec4261-9116-4e95-be01-4b7ee3b1a3bb@group-7942957E40E2:LeaderElection14] INFO  segmented.SegmentedRaftLogWorker (SegmentedRaftLogWorker.java:startLogSegment(380)) - 9dec4261-9116-4e95-be01-4b7ee3b1a3bb@group-7942957E40E2-SegmentedRaftLogWorker: Starting segment from index:0
2019-09-25 05:55:27,321 [9dec4261-9116-4e95-be01-4b7ee3b1a3bb@group-7942957E40E2:LeaderElection14] INFO  impl.RaftServerImpl (ServerState.java:setRaftConf(354)) - 9dec4261-9116-4e95-be01-4b7ee3b1a3bb@group-7942957E40E2: set configuration 0: [9dec4261-9116-4e95-be01-4b7ee3b1a3bb:192.168.5.161:35640], old=null at 0
2019-09-25 05:55:27,368 [9dec4261-9116-4e95-be01-4b7ee3b1a3bb@group-7942957E40E2-SegmentedRaftLogWorker] INFO  segmented.SegmentedRaftLogWorker (SegmentedRaftLogWorker.java:execute(569)) - 9dec4261-9116-4e95-be01-4b7ee3b1a3bb@group-7942957E40E2-SegmentedRaftLogWorker: created new log segment /workdir/hadoop-ozone/tools/target/test-dir/MiniOzoneClusterImpl-ee66e79a-8124-4b50-8b06-9837ad27a0bb/datanode-0/data/ratis/ade76946-dc2a-480b-b5ed-7942957e40e2/current/log_inprogress_0
2019-09-25 05:55:27,394 [Thread-228] INFO  impl.FollowerState (FollowerState.java:run(106)) - 9dec4261-9116-4e95-be01-4b7ee3b1a3bb:group-F102CD5D1D81 changes to CANDIDATE, lastRpcTime:5178, electionTimeout:5178ms
2019-09-25 05:55:27,394 [Thread-228] INFO  impl.RoleInfo (RoleInfo.java:shutdownFollowerState(121)) - 9dec4261-9116-4e95-be01-4b7ee3b1a3bb: shutdown FollowerState
2019-09-25 05:55:27,394 [Thread-228] INFO  impl.RaftServerImpl (RaftServerImpl.java:setRole(174)) - 9dec4261-9116-4e95-be01-4b7ee3b1a3bb@group-F102CD5D1D81: changes role from  FOLLOWER to CANDIDATE at term 0 for changeToCandidate
2019-09-25 05:55:27,395 [Thread-228] INFO  impl.RoleInfo (RoleInfo.java:updateAndGet(143)) - 9dec4261-9116-4e95-be01-4b7ee3b1a3bb: start LeaderElection
2019-09-25 05:55:27,411 [9dec4261-9116-4e95-be01-4b7ee3b1a3bb@group-F102CD5D1D81:LeaderElection15] INFO  impl.LeaderElection (LeaderElection.java:askForVotes(182)) - 9dec4261-9116-4e95-be01-4b7ee3b1a3bb@group-F102CD5D1D81:LeaderElection15: begin an election at term 1 for -1: [9dec4261-9116-4e95-be01-4b7ee3b1a3bb:192.168.5.161:35640], old=null
2019-09-25 05:55:27,412 [9dec4261-9116-4e95-be01-4b7ee3b1a3bb@group-F102CD5D1D81:LeaderElection15] INFO  impl.RoleInfo (RoleInfo.java:shutdownLeaderElection(134)) - 9dec4261-9116-4e95-be01-4b7ee3b1a3bb: shutdown LeaderElection
2019-09-25 05:55:27,412 [9dec4261-9116-4e95-be01-4b7ee3b1a3bb@group-F102CD5D1D81:LeaderElection15] INFO  impl.RaftServerImpl (RaftServerImpl.java:setRole(174)) - 9dec4261-9116-4e95-be01-4b7ee3b1a3bb@group-F102CD5D1D81: changes role from CANDIDATE to LEADER at term 1 for changeToLeader
2019-09-25 05:55:27,412 [9dec4261-9116-4e95-be01-4b7ee3b1a3bb@group-F102CD5D1D81:LeaderElection15] INFO  impl.RaftServerImpl (ServerState.java:setLeader(253)) - 9dec4261-9116-4e95-be01-4b7ee3b1a3bb@group-F102CD5D1D81: change Leader from null to 9dec4261-9116-4e95-be01-4b7ee3b1a3bb at term 1 for becomeLeader, leader elected after 5203ms
2019-09-25 05:55:27,412 [9dec4261-9116-4e95-be01-4b7ee3b1a3bb@group-F102CD5D1D81:LeaderElection15] INFO  server.RaftServerConfigKeys (ConfUtils.java:logGet(43)) - raft.server.staging.catchup.gap = 1000 (default)
2019-09-25 05:55:27,412 [9dec4261-9116-4e95-be01-4b7ee3b1a3bb@group-F102CD5D1D81:LeaderElection15] INFO  server.RaftServerConfigKeys (ConfUtils.java:logGet(43)) - raft.server.rpc.sleep.time = 25ms (default)
2019-09-25 05:55:27,413 [9dec4261-9116-4e95-be01-4b7ee3b1a3bb@group-F102CD5D1D81:LeaderElection15] INFO  server.RaftServerConfigKeys (ConfUtils.java:logGet(43)) - raft.server.write.element-limit = 4096 (default)
2019-09-25 05:55:27,413 [9dec4261-9116-4e95-be01-4b7ee3b1a3bb@group-F102CD5D1D81:LeaderElection15] INFO  server.RaftServerConfigKeys (ConfUtils.java:logGet(43)) - raft.server.watch.timeout = 10s (default)
2019-09-25 05:55:27,413 [9dec4261-9116-4e95-be01-4b7ee3b1a3bb@group-F102CD5D1D81:LeaderElection15] INFO  server.RaftServerConfigKeys (ConfUtils.java:logGet(43)) - raft.server.watch.timeout.denomination = 1s (default)
2019-09-25 05:55:27,413 [9dec4261-9116-4e95-be01-4b7ee3b1a3bb@group-F102CD5D1D81:LeaderElection15] INFO  server.RaftServerConfigKeys (ConfUtils.java:logGet(43)) - raft.server.watch.element-limit = 65536 (default)
2019-09-25 05:55:27,416 [9dec4261-9116-4e95-be01-4b7ee3b1a3bb@group-F102CD5D1D81:LeaderElection15] INFO  impl.RoleInfo (RoleInfo.java:updateAndGet(143)) - 9dec4261-9116-4e95-be01-4b7ee3b1a3bb: start LeaderState
2019-09-25 05:55:27,416 [9dec4261-9116-4e95-be01-4b7ee3b1a3bb@group-F102CD5D1D81:LeaderElection15] INFO  segmented.SegmentedRaftLogWorker (SegmentedRaftLogWorker.java:startLogSegment(380)) - 9dec4261-9116-4e95-be01-4b7ee3b1a3bb@group-F102CD5D1D81-SegmentedRaftLogWorker: Starting segment from index:0
2019-09-25 05:55:27,417 [9dec4261-9116-4e95-be01-4b7ee3b1a3bb@group-F102CD5D1D81:LeaderElection15] INFO  impl.RaftServerImpl (ServerState.java:setRaftConf(354)) - 9dec4261-9116-4e95-be01-4b7ee3b1a3bb@group-F102CD5D1D81: set configuration 0: [9dec4261-9116-4e95-be01-4b7ee3b1a3bb:192.168.5.161:35640], old=null at 0
2019-09-25 05:55:27,459 [Thread-231] INFO  impl.FollowerState (FollowerState.java:run(106)) - e288bd1d-6916-4b99-86f0-9ad6ba41312f:group-1B264A4522FE changes to CANDIDATE, lastRpcTime:5181, electionTimeout:5153ms
2019-09-25 05:55:27,459 [Thread-231] INFO  impl.RoleInfo (RoleInfo.java:shutdownFollowerState(121)) - e288bd1d-6916-4b99-86f0-9ad6ba41312f: shutdown FollowerState
2019-09-25 05:55:27,460 [Thread-231] INFO  impl.RaftServerImpl (RaftServerImpl.java:setRole(174)) - e288bd1d-6916-4b99-86f0-9ad6ba41312f@group-1B264A4522FE: changes role from  FOLLOWER to CANDIDATE at term 0 for changeToCandidate
2019-09-25 05:55:27,460 [Thread-231] INFO  impl.RoleInfo (RoleInfo.java:updateAndGet(143)) - e288bd1d-6916-4b99-86f0-9ad6ba41312f: start LeaderElection
2019-09-25 05:55:27,472 [9dec4261-9116-4e95-be01-4b7ee3b1a3bb@group-F102CD5D1D81-SegmentedRaftLogWorker] INFO  segmented.SegmentedRaftLogWorker (SegmentedRaftLogWorker.java:execute(569)) - 9dec4261-9116-4e95-be01-4b7ee3b1a3bb@group-F102CD5D1D81-SegmentedRaftLogWorker: created new log segment /workdir/hadoop-ozone/tools/target/test-dir/MiniOzoneClusterImpl-ee66e79a-8124-4b50-8b06-9837ad27a0bb/datanode-0/data/ratis/8371cf75-d9ae-49c2-9183-f102cd5d1d81/current/log_inprogress_0
2019-09-25 05:55:27,472 [e288bd1d-6916-4b99-86f0-9ad6ba41312f@group-1B264A4522FE:LeaderElection16] INFO  impl.LeaderElection (LeaderElection.java:askForVotes(182)) - e288bd1d-6916-4b99-86f0-9ad6ba41312f@group-1B264A4522FE:LeaderElection16: begin an election at term 1 for -1: [e288bd1d-6916-4b99-86f0-9ad6ba41312f:192.168.5.161:35777], old=null
2019-09-25 05:55:27,472 [e288bd1d-6916-4b99-86f0-9ad6ba41312f@group-1B264A4522FE:LeaderElection16] INFO  impl.RoleInfo (RoleInfo.java:shutdownLeaderElection(134)) - e288bd1d-6916-4b99-86f0-9ad6ba41312f: shutdown LeaderElection
2019-09-25 05:55:27,472 [e288bd1d-6916-4b99-86f0-9ad6ba41312f@group-1B264A4522FE:LeaderElection16] INFO  impl.RaftServerImpl (RaftServerImpl.java:setRole(174)) - e288bd1d-6916-4b99-86f0-9ad6ba41312f@group-1B264A4522FE: changes role from CANDIDATE to LEADER at term 1 for changeToLeader
2019-09-25 05:55:27,473 [e288bd1d-6916-4b99-86f0-9ad6ba41312f@group-1B264A4522FE:LeaderElection16] INFO  impl.RaftServerImpl (ServerState.java:setLeader(253)) - e288bd1d-6916-4b99-86f0-9ad6ba41312f@group-1B264A4522FE: change Leader from null to e288bd1d-6916-4b99-86f0-9ad6ba41312f at term 1 for becomeLeader, leader elected after 5204ms
2019-09-25 05:55:27,473 [e288bd1d-6916-4b99-86f0-9ad6ba41312f@group-1B264A4522FE:LeaderElection16] INFO  server.RaftServerConfigKeys (ConfUtils.java:logGet(43)) - raft.server.staging.catchup.gap = 1000 (default)
2019-09-25 05:55:27,473 [e288bd1d-6916-4b99-86f0-9ad6ba41312f@group-1B264A4522FE:LeaderElection16] INFO  server.RaftServerConfigKeys (ConfUtils.java:logGet(43)) - raft.server.rpc.sleep.time = 25ms (default)
2019-09-25 05:55:27,473 [e288bd1d-6916-4b99-86f0-9ad6ba41312f@group-1B264A4522FE:LeaderElection16] INFO  server.RaftServerConfigKeys (ConfUtils.java:logGet(43)) - raft.server.write.element-limit = 4096 (default)
2019-09-25 05:55:27,473 [e288bd1d-6916-4b99-86f0-9ad6ba41312f@group-1B264A4522FE:LeaderElection16] INFO  server.RaftServerConfigKeys (ConfUtils.java:logGet(43)) - raft.server.watch.timeout = 10s (default)
2019-09-25 05:55:27,474 [e288bd1d-6916-4b99-86f0-9ad6ba41312f@group-1B264A4522FE:LeaderElection16] INFO  server.RaftServerConfigKeys (ConfUtils.java:logGet(43)) - raft.server.watch.timeout.denomination = 1s (default)
2019-09-25 05:55:27,474 [e288bd1d-6916-4b99-86f0-9ad6ba41312f@group-1B264A4522FE:LeaderElection16] INFO  server.RaftServerConfigKeys (ConfUtils.java:logGet(43)) - raft.server.watch.element-limit = 65536 (default)
2019-09-25 05:55:27,477 [e288bd1d-6916-4b99-86f0-9ad6ba41312f@group-1B264A4522FE:LeaderElection16] INFO  impl.RoleInfo (RoleInfo.java:updateAndGet(143)) - e288bd1d-6916-4b99-86f0-9ad6ba41312f: start LeaderState
2019-09-25 05:55:27,477 [e288bd1d-6916-4b99-86f0-9ad6ba41312f@group-1B264A4522FE:LeaderElection16] INFO  segmented.SegmentedRaftLogWorker (SegmentedRaftLogWorker.java:startLogSegment(380)) - e288bd1d-6916-4b99-86f0-9ad6ba41312f@group-1B264A4522FE-SegmentedRaftLogWorker: Starting segment from index:0
2019-09-25 05:55:27,478 [e288bd1d-6916-4b99-86f0-9ad6ba41312f@group-1B264A4522FE:LeaderElection16] INFO  impl.RaftServerImpl (ServerState.java:setRaftConf(354)) - e288bd1d-6916-4b99-86f0-9ad6ba41312f@group-1B264A4522FE: set configuration 0: [e288bd1d-6916-4b99-86f0-9ad6ba41312f:192.168.5.161:35777], old=null at 0
2019-09-25 05:55:27,533 [e288bd1d-6916-4b99-86f0-9ad6ba41312f@group-1B264A4522FE-SegmentedRaftLogWorker] INFO  segmented.SegmentedRaftLogWorker (SegmentedRaftLogWorker.java:execute(569)) - e288bd1d-6916-4b99-86f0-9ad6ba41312f@group-1B264A4522FE-SegmentedRaftLogWorker: created new log segment /workdir/hadoop-ozone/tools/target/test-dir/MiniOzoneClusterImpl-ee66e79a-8124-4b50-8b06-9837ad27a0bb/datanode-1/data/ratis/d7c15a6b-a636-4475-bad8-1b264a4522fe/current/log_inprogress_0
2019-09-25 05:55:27,806 [Thread-234] INFO  impl.FollowerState (FollowerState.java:run(106)) - 9dec4261-9116-4e95-be01-4b7ee3b1a3bb:group-CD97E13CAB80 changes to CANDIDATE, lastRpcTime:5048, electionTimeout:5045ms
2019-09-25 05:55:27,806 [Thread-234] INFO  impl.RoleInfo (RoleInfo.java:shutdownFollowerState(121)) - 9dec4261-9116-4e95-be01-4b7ee3b1a3bb: shutdown FollowerState
2019-09-25 05:55:27,806 [Thread-234] INFO  impl.RaftServerImpl (RaftServerImpl.java:setRole(174)) - 9dec4261-9116-4e95-be01-4b7ee3b1a3bb@group-CD97E13CAB80: changes role from  FOLLOWER to CANDIDATE at term 0 for changeToCandidate
2019-09-25 05:55:27,807 [Thread-234] INFO  impl.RoleInfo (RoleInfo.java:updateAndGet(143)) - 9dec4261-9116-4e95-be01-4b7ee3b1a3bb: start LeaderElection
2019-09-25 05:55:27,824 [9dec4261-9116-4e95-be01-4b7ee3b1a3bb@group-CD97E13CAB80:LeaderElection17] INFO  impl.LeaderElection (LeaderElection.java:askForVotes(182)) - 9dec4261-9116-4e95-be01-4b7ee3b1a3bb@group-CD97E13CAB80:LeaderElection17: begin an election at term 1 for -1: [9dec4261-9116-4e95-be01-4b7ee3b1a3bb:192.168.5.161:35640], old=null
2019-09-25 05:55:27,824 [9dec4261-9116-4e95-be01-4b7ee3b1a3bb@group-CD97E13CAB80:LeaderElection17] INFO  impl.RoleInfo (RoleInfo.java:shutdownLeaderElection(134)) - 9dec4261-9116-4e95-be01-4b7ee3b1a3bb: shutdown LeaderElection
2019-09-25 05:55:27,824 [9dec4261-9116-4e95-be01-4b7ee3b1a3bb@group-CD97E13CAB80:LeaderElection17] INFO  impl.RaftServerImpl (RaftServerImpl.java:setRole(174)) - 9dec4261-9116-4e95-be01-4b7ee3b1a3bb@group-CD97E13CAB80: changes role from CANDIDATE to LEADER at term 1 for changeToLeader
2019-09-25 05:55:27,824 [9dec4261-9116-4e95-be01-4b7ee3b1a3bb@group-CD97E13CAB80:LeaderElection17] INFO  impl.RaftServerImpl (ServerState.java:setLeader(253)) - 9dec4261-9116-4e95-be01-4b7ee3b1a3bb@group-CD97E13CAB80: change Leader from null to 9dec4261-9116-4e95-be01-4b7ee3b1a3bb at term 1 for becomeLeader, leader elected after 5492ms
2019-09-25 05:55:27,825 [9dec4261-9116-4e95-be01-4b7ee3b1a3bb@group-CD97E13CAB80:LeaderElection17] INFO  server.RaftServerConfigKeys (ConfUtils.java:logGet(43)) - raft.server.staging.catchup.gap = 1000 (default)
2019-09-25 05:55:27,825 [9dec4261-9116-4e95-be01-4b7ee3b1a3bb@group-CD97E13CAB80:LeaderElection17] INFO  server.RaftServerConfigKeys (ConfUtils.java:logGet(43)) - raft.server.rpc.sleep.time = 25ms (default)
2019-09-25 05:55:27,825 [9dec4261-9116-4e95-be01-4b7ee3b1a3bb@group-CD97E13CAB80:LeaderElection17] INFO  server.RaftServerConfigKeys (ConfUtils.java:logGet(43)) - raft.server.write.element-limit = 4096 (default)
2019-09-25 05:55:27,825 [9dec4261-9116-4e95-be01-4b7ee3b1a3bb@group-CD97E13CAB80:LeaderElection17] INFO  server.RaftServerConfigKeys (ConfUtils.java:logGet(43)) - raft.server.watch.timeout = 10s (default)
2019-09-25 05:55:27,825 [9dec4261-9116-4e95-be01-4b7ee3b1a3bb@group-CD97E13CAB80:LeaderElection17] INFO  server.RaftServerConfigKeys (ConfUtils.java:logGet(43)) - raft.server.watch.timeout.denomination = 1s (default)
2019-09-25 05:55:27,826 [9dec4261-9116-4e95-be01-4b7ee3b1a3bb@group-CD97E13CAB80:LeaderElection17] INFO  server.RaftServerConfigKeys (ConfUtils.java:logGet(43)) - raft.server.watch.element-limit = 65536 (default)
2019-09-25 05:55:27,829 [9dec4261-9116-4e95-be01-4b7ee3b1a3bb@group-CD97E13CAB80:LeaderElection17] INFO  impl.RoleInfo (RoleInfo.java:updateAndGet(143)) - 9dec4261-9116-4e95-be01-4b7ee3b1a3bb: start LeaderState
2019-09-25 05:55:27,829 [9dec4261-9116-4e95-be01-4b7ee3b1a3bb@group-CD97E13CAB80:LeaderElection17] INFO  segmented.SegmentedRaftLogWorker (SegmentedRaftLogWorker.java:startLogSegment(380)) - 9dec4261-9116-4e95-be01-4b7ee3b1a3bb@group-CD97E13CAB80-SegmentedRaftLogWorker: Starting segment from index:0
2019-09-25 05:55:27,830 [9dec4261-9116-4e95-be01-4b7ee3b1a3bb@group-CD97E13CAB80:LeaderElection17] INFO  impl.RaftServerImpl (ServerState.java:setRaftConf(354)) - 9dec4261-9116-4e95-be01-4b7ee3b1a3bb@group-CD97E13CAB80: set configuration 0: [9dec4261-9116-4e95-be01-4b7ee3b1a3bb:192.168.5.161:35640], old=null at 0
2019-09-25 05:55:27,880 [9dec4261-9116-4e95-be01-4b7ee3b1a3bb@group-CD97E13CAB80-SegmentedRaftLogWorker] INFO  segmented.SegmentedRaftLogWorker (SegmentedRaftLogWorker.java:execute(569)) - 9dec4261-9116-4e95-be01-4b7ee3b1a3bb@group-CD97E13CAB80-SegmentedRaftLogWorker: created new log segment /workdir/hadoop-ozone/tools/target/test-dir/MiniOzoneClusterImpl-ee66e79a-8124-4b50-8b06-9837ad27a0bb/datanode-0/data/ratis/ac702cfa-84c3-4188-8384-cd97e13cab80/current/log_inprogress_0
2019-09-25 05:55:27,900 [Thread-237] INFO  impl.FollowerState (FollowerState.java:run(106)) - e288bd1d-6916-4b99-86f0-9ad6ba41312f:group-CC3D3B821196 changes to CANDIDATE, lastRpcTime:5050, electionTimeout:5050ms
2019-09-25 05:55:27,901 [Thread-237] INFO  impl.RoleInfo (RoleInfo.java:shutdownFollowerState(121)) - e288bd1d-6916-4b99-86f0-9ad6ba41312f: shutdown FollowerState
2019-09-25 05:55:27,901 [Thread-237] INFO  impl.RaftServerImpl (RaftServerImpl.java:setRole(174)) - e288bd1d-6916-4b99-86f0-9ad6ba41312f@group-CC3D3B821196: changes role from  FOLLOWER to CANDIDATE at term 0 for changeToCandidate
2019-09-25 05:55:27,901 [Thread-237] INFO  impl.RoleInfo (RoleInfo.java:updateAndGet(143)) - e288bd1d-6916-4b99-86f0-9ad6ba41312f: start LeaderElection
2019-09-25 05:55:27,917 [e288bd1d-6916-4b99-86f0-9ad6ba41312f@group-CC3D3B821196:LeaderElection18] INFO  impl.LeaderElection (LeaderElection.java:askForVotes(182)) - e288bd1d-6916-4b99-86f0-9ad6ba41312f@group-CC3D3B821196:LeaderElection18: begin an election at term 1 for -1: [e288bd1d-6916-4b99-86f0-9ad6ba41312f:192.168.5.161:35777], old=null
2019-09-25 05:55:27,917 [e288bd1d-6916-4b99-86f0-9ad6ba41312f@group-CC3D3B821196:LeaderElection18] INFO  impl.RoleInfo (RoleInfo.java:shutdownLeaderElection(134)) - e288bd1d-6916-4b99-86f0-9ad6ba41312f: shutdown LeaderElection
2019-09-25 05:55:27,918 [e288bd1d-6916-4b99-86f0-9ad6ba41312f@group-CC3D3B821196:LeaderElection18] INFO  impl.RaftServerImpl (RaftServerImpl.java:setRole(174)) - e288bd1d-6916-4b99-86f0-9ad6ba41312f@group-CC3D3B821196: changes role from CANDIDATE to LEADER at term 1 for changeToLeader
2019-09-25 05:55:27,918 [e288bd1d-6916-4b99-86f0-9ad6ba41312f@group-CC3D3B821196:LeaderElection18] INFO  impl.RaftServerImpl (ServerState.java:setLeader(253)) - e288bd1d-6916-4b99-86f0-9ad6ba41312f@group-CC3D3B821196: change Leader from null to e288bd1d-6916-4b99-86f0-9ad6ba41312f at term 1 for becomeLeader, leader elected after 5083ms
2019-09-25 05:55:27,918 [e288bd1d-6916-4b99-86f0-9ad6ba41312f@group-CC3D3B821196:LeaderElection18] INFO  server.RaftServerConfigKeys (ConfUtils.java:logGet(43)) - raft.server.staging.catchup.gap = 1000 (default)
2019-09-25 05:55:27,918 [e288bd1d-6916-4b99-86f0-9ad6ba41312f@group-CC3D3B821196:LeaderElection18] INFO  server.RaftServerConfigKeys (ConfUtils.java:logGet(43)) - raft.server.rpc.sleep.time = 25ms (default)
2019-09-25 05:55:27,918 [e288bd1d-6916-4b99-86f0-9ad6ba41312f@group-CC3D3B821196:LeaderElection18] INFO  server.RaftServerConfigKeys (ConfUtils.java:logGet(43)) - raft.server.write.element-limit = 4096 (default)
2019-09-25 05:55:27,918 [e288bd1d-6916-4b99-86f0-9ad6ba41312f@group-CC3D3B821196:LeaderElection18] INFO  server.RaftServerConfigKeys (ConfUtils.java:logGet(43)) - raft.server.watch.timeout = 10s (default)
2019-09-25 05:55:27,919 [e288bd1d-6916-4b99-86f0-9ad6ba41312f@group-CC3D3B821196:LeaderElection18] INFO  server.RaftServerConfigKeys (ConfUtils.java:logGet(43)) - raft.server.watch.timeout.denomination = 1s (default)
2019-09-25 05:55:27,919 [e288bd1d-6916-4b99-86f0-9ad6ba41312f@group-CC3D3B821196:LeaderElection18] INFO  server.RaftServerConfigKeys (ConfUtils.java:logGet(43)) - raft.server.watch.element-limit = 65536 (default)
2019-09-25 05:55:27,922 [e288bd1d-6916-4b99-86f0-9ad6ba41312f@group-CC3D3B821196:LeaderElection18] INFO  impl.RoleInfo (RoleInfo.java:updateAndGet(143)) - e288bd1d-6916-4b99-86f0-9ad6ba41312f: start LeaderState
2019-09-25 05:55:27,922 [e288bd1d-6916-4b99-86f0-9ad6ba41312f@group-CC3D3B821196:LeaderElection18] INFO  segmented.SegmentedRaftLogWorker (SegmentedRaftLogWorker.java:startLogSegment(380)) - e288bd1d-6916-4b99-86f0-9ad6ba41312f@group-CC3D3B821196-SegmentedRaftLogWorker: Starting segment from index:0
2019-09-25 05:55:27,923 [e288bd1d-6916-4b99-86f0-9ad6ba41312f@group-CC3D3B821196:LeaderElection18] INFO  impl.RaftServerImpl (ServerState.java:setRaftConf(354)) - e288bd1d-6916-4b99-86f0-9ad6ba41312f@group-CC3D3B821196: set configuration 0: [e288bd1d-6916-4b99-86f0-9ad6ba41312f:192.168.5.161:35777], old=null at 0
2019-09-25 05:55:27,976 [e288bd1d-6916-4b99-86f0-9ad6ba41312f@group-CC3D3B821196-SegmentedRaftLogWorker] INFO  segmented.SegmentedRaftLogWorker (SegmentedRaftLogWorker.java:execute(569)) - e288bd1d-6916-4b99-86f0-9ad6ba41312f@group-CC3D3B821196-SegmentedRaftLogWorker: created new log segment /workdir/hadoop-ozone/tools/target/test-dir/MiniOzoneClusterImpl-ee66e79a-8124-4b50-8b06-9837ad27a0bb/datanode-1/data/ratis/d20a409c-9fc0-4550-b1ad-cc3d3b821196/current/log_inprogress_0
]]></system-out>
    <system-err><![CDATA[ERROR StatusLogger No Log4j 2 configuration file found. Using default configuration (logging only errors to the console), or user programmatically provided configurations. Set system property 'log4j2.debug' to show Log4j 2 internal initialization logging. See https://logging.apache.org/log4j/2.x/manual/configuration.html for instructions on how to configure Log4j 2
]]></system-err>
  </testcase>
</testsuite>