<?xml version="1.0" encoding="UTF-8"?>
<testsuite xmlns:xsi="http://www.w3.org/2001/XMLSchema-instance" xsi:noNamespaceSchemaLocation="https://maven.apache.org/surefire/maven-surefire-plugin/xsd/surefire-test-report.xsd" name="org.apache.hadoop.ozone.freon.TestDataValidateWithSafeByteOperations" time="56.796" tests="3" errors="3" skipped="0" failures="0">
  <properties>
    <property name="awt.toolkit" value="sun.awt.X11.XToolkit"/>
    <property name="file.encoding.pkg" value="sun.io"/>
    <property name="java.specification.version" value="1.8"/>
    <property name="sun.cpu.isalist" value=""/>
    <property name="sun.jnu.encoding" value="UTF-8"/>
    <property name="java.class.path" value="/workdir/hadoop-ozone/tools/target/test-classes:/workdir/hadoop-ozone/tools/target/classes:/home/user/.m2/repository/org/apache/hadoop/hadoop-ozone-ozone-manager/0.5.0-SNAPSHOT/hadoop-ozone-ozone-manager-0.5.0-SNAPSHOT.jar:/home/user/.m2/repository/org/apache/hadoop/hadoop-hdds-docs/0.5.0-SNAPSHOT/hadoop-hdds-docs-0.5.0-SNAPSHOT.jar:/home/user/.m2/repository/org/bouncycastle/bcprov-jdk15on/1.60/bcprov-jdk15on-1.60.jar:/home/user/.m2/repository/org/apache/hadoop/hadoop-ozone-common/0.5.0-SNAPSHOT/hadoop-ozone-common-0.5.0-SNAPSHOT.jar:/home/user/.m2/repository/org/apache/commons/commons-compress/1.4.1/commons-compress-1.4.1.jar:/home/user/.m2/repository/org/tukaani/xz/1.0/xz-1.0.jar:/home/user/.m2/repository/org/apache/hadoop/hadoop-hdfs-client/3.2.0/hadoop-hdfs-client-3.2.0.jar:/home/user/.m2/repository/com/fasterxml/jackson/core/jackson-annotations/2.9.9/jackson-annotations-2.9.9.jar:/home/user/.m2/repository/org/apache/hadoop/hadoop-hdds-common/0.5.0-SNAPSHOT/hadoop-hdds-common-0.5.0-SNAPSHOT.jar:/home/user/.m2/repository/org/apache/hadoop/hadoop-hdds-config/0.5.0-SNAPSHOT/hadoop-hdds-config-0.5.0-SNAPSHOT.jar:/home/user/.m2/repository/javax/annotation/javax.annotation-api/1.2/javax.annotation-api-1.2.jar:/home/user/.m2/repository/org/apache/ratis/ratis-server/0.4.0/ratis-server-0.4.0.jar:/home/user/.m2/repository/org/apache/ratis/ratis-thirdparty-misc/0.2.0/ratis-thirdparty-misc-0.2.0.jar:/home/user/.m2/repository/org/apache/ratis/ratis-proto/0.4.0/ratis-proto-0.4.0.jar:/home/user/.m2/repository/org/apache/ratis/ratis-common/0.4.0/ratis-common-0.4.0.jar:/home/user/.m2/repository/org/apache/ratis/ratis-client/0.4.0/ratis-client-0.4.0.jar:/home/user/.m2/repository/org/apache/ratis/ratis-metrics/0.4.0/ratis-metrics-0.4.0.jar:/home/user/.m2/repository/com/github/joshelser/dropwizard-metrics-hadoop-metrics2-reporter/0.1.2/dropwizard-metrics-hadoop-metrics2-reporter-0.1.2.jar:/home/user/.m2/repository/io/dropwizard/metrics/metrics-jvm/3.2.5/metrics-jvm-3.2.5.jar:/home/user/.m2/repository/io/dropwizard/metrics/metrics-ganglia/3.2.5/metrics-ganglia-3.2.5.jar:/home/user/.m2/repository/info/ganglia/gmetric4j/gmetric4j/1.0.7/gmetric4j-1.0.7.jar:/home/user/.m2/repository/org/apache/ratis/ratis-netty/0.4.0/ratis-netty-0.4.0.jar:/home/user/.m2/repository/org/apache/ratis/ratis-grpc/0.4.0/ratis-grpc-0.4.0.jar:/home/user/.m2/repository/org/rocksdb/rocksdbjni/6.0.1/rocksdbjni-6.0.1.jar:/home/user/.m2/repository/org/apache/logging/log4j/log4j-api/2.11.0/log4j-api-2.11.0.jar:/home/user/.m2/repository/org/apache/logging/log4j/log4j-core/2.11.0/log4j-core-2.11.0.jar:/home/user/.m2/repository/com/lmax/disruptor/3.4.2/disruptor-3.4.2.jar:/home/user/.m2/repository/org/apache/commons/commons-pool2/2.6.0/commons-pool2-2.6.0.jar:/home/user/.m2/repository/org/bouncycastle/bcpkix-jdk15on/1.60/bcpkix-jdk15on-1.60.jar:/home/user/.m2/repository/commons-validator/commons-validator/1.6/commons-validator-1.6.jar:/home/user/.m2/repository/commons-digester/commons-digester/1.8.1/commons-digester-1.8.1.jar:/home/user/.m2/repository/io/jaegertracing/jaeger-client/0.34.0/jaeger-client-0.34.0.jar:/home/user/.m2/repository/io/jaegertracing/jaeger-thrift/0.34.0/jaeger-thrift-0.34.0.jar:/home/user/.m2/repository/org/apache/thrift/libthrift/0.12.0/libthrift-0.12.0.jar:/home/user/.m2/repository/com/squareup/okhttp3/okhttp/3.9.0/okhttp-3.9.0.jar:/home/user/.m2/repository/com/squareup/okio/okio/1.13.0/okio-1.13.0.jar:/home/user/.m2/repository/io/jaegertracing/jaeger-core/0.34.0/jaeger-core-0.34.0.jar:/home/user/.m2/repository/io/jaegertracing/jaeger-tracerresolver/0.34.0/jaeger-tracerresolver-0.34.0.jar:/home/user/.m2/repository/io/opentracing/contrib/opentracing-tracerresolver/0.1.5/opentracing-tracerresolver-0.1.5.jar:/home/user/.m2/repository/io/opentracing/opentracing-util/0.31.0/opentracing-util-0.31.0.jar:/home/user/.m2/repository/io/opentracing/opentracing-api/0.31.0/opentracing-api-0.31.0.jar:/home/user/.m2/repository/io/opentracing/opentracing-noop/0.31.0/opentracing-noop-0.31.0.jar:/home/user/.m2/repository/org/yaml/snakeyaml/1.16/snakeyaml-1.16.jar:/home/user/.m2/repository/org/apache/hadoop/hadoop-hdds-container-service/0.5.0-SNAPSHOT/hadoop-hdds-container-service-0.5.0-SNAPSHOT.jar:/home/user/.m2/repository/org/apache/hadoop/hadoop-hdds-client/0.5.0-SNAPSHOT/hadoop-hdds-client-0.5.0-SNAPSHOT.jar:/home/user/.m2/repository/org/apache/hadoop/hadoop-hdds-tools/0.5.0-SNAPSHOT/hadoop-hdds-tools-0.5.0-SNAPSHOT.jar:/home/user/.m2/repository/org/xerial/sqlite-jdbc/3.25.2/sqlite-jdbc-3.25.2.jar:/home/user/.m2/repository/org/apache/hadoop/hadoop-hdds-server-scm/0.5.0-SNAPSHOT/hadoop-hdds-server-scm-0.5.0-SNAPSHOT.jar:/home/user/.m2/repository/org/hamcrest/hamcrest-all/1.3/hamcrest-all-1.3.jar:/home/user/.m2/repository/info/picocli/picocli/3.9.6/picocli-3.9.6.jar:/home/user/.m2/repository/com/google/protobuf/protobuf-java/2.5.0/protobuf-java-2.5.0.jar:/home/user/.m2/repository/com/google/guava/guava/11.0.2/guava-11.0.2.jar:/home/user/.m2/repository/org/apache/hadoop/hadoop-ozone-client/0.5.0-SNAPSHOT/hadoop-ozone-client-0.5.0-SNAPSHOT.jar:/workdir/hadoop-ozone/ozonefs/target/classes:/home/user/.m2/repository/org/apache/hadoop/hadoop-hdds-server-framework/0.5.0-SNAPSHOT/hadoop-hdds-server-framework-0.5.0-SNAPSHOT.jar:/home/user/.m2/repository/org/apache/hadoop/hadoop-common/3.2.0/hadoop-common-3.2.0.jar:/home/user/.m2/repository/org/apache/hadoop/hadoop-annotations/3.2.0/hadoop-annotations-3.2.0.jar:/usr/lib/jvm/java-1.8-openjdk/jre/../lib/tools.jar:/home/user/.m2/repository/commons-cli/commons-cli/1.2/commons-cli-1.2.jar:/home/user/.m2/repository/org/apache/commons/commons-math3/3.1.1/commons-math3-3.1.1.jar:/home/user/.m2/repository/org/apache/httpcomponents/httpclient/4.5.2/httpclient-4.5.2.jar:/home/user/.m2/repository/org/apache/httpcomponents/httpcore/4.4.4/httpcore-4.4.4.jar:/home/user/.m2/repository/commons-codec/commons-codec/1.11/commons-codec-1.11.jar:/home/user/.m2/repository/commons-io/commons-io/2.5/commons-io-2.5.jar:/home/user/.m2/repository/commons-net/commons-net/3.6/commons-net-3.6.jar:/home/user/.m2/repository/commons-collections/commons-collections/3.2.2/commons-collections-3.2.2.jar:/home/user/.m2/repository/javax/servlet/javax.servlet-api/3.1.0/javax.servlet-api-3.1.0.jar:/home/user/.m2/repository/org/eclipse/jetty/jetty-server/9.3.25.v20180904/jetty-server-9.3.25.v20180904.jar:/home/user/.m2/repository/org/eclipse/jetty/jetty-http/9.3.25.v20180904/jetty-http-9.3.25.v20180904.jar:/home/user/.m2/repository/org/eclipse/jetty/jetty-io/9.3.25.v20180904/jetty-io-9.3.25.v20180904.jar:/home/user/.m2/repository/org/eclipse/jetty/jetty-util/9.3.25.v20180904/jetty-util-9.3.25.v20180904.jar:/home/user/.m2/repository/org/eclipse/jetty/jetty-servlet/9.3.25.v20180904/jetty-servlet-9.3.25.v20180904.jar:/home/user/.m2/repository/org/eclipse/jetty/jetty-security/9.3.25.v20180904/jetty-security-9.3.25.v20180904.jar:/home/user/.m2/repository/org/eclipse/jetty/jetty-webapp/9.3.25.v20180904/jetty-webapp-9.3.25.v20180904.jar:/home/user/.m2/repository/org/eclipse/jetty/jetty-xml/9.3.25.v20180904/jetty-xml-9.3.25.v20180904.jar:/home/user/.m2/repository/javax/servlet/jsp/jsp-api/2.1/jsp-api-2.1.jar:/home/user/.m2/repository/com/sun/jersey/jersey-core/1.19/jersey-core-1.19.jar:/home/user/.m2/repository/javax/ws/rs/jsr311-api/1.1.1/jsr311-api-1.1.1.jar:/home/user/.m2/repository/com/sun/jersey/jersey-servlet/1.19/jersey-servlet-1.19.jar:/home/user/.m2/repository/com/sun/jersey/jersey-json/1.19/jersey-json-1.19.jar:/home/user/.m2/repository/org/codehaus/jettison/jettison/1.1/jettison-1.1.jar:/home/user/.m2/repository/com/sun/xml/bind/jaxb-impl/2.3.0.1/jaxb-impl-2.3.0.1.jar:/home/user/.m2/repository/org/codehaus/jackson/jackson-core-asl/1.9.13/jackson-core-asl-1.9.13.jar:/home/user/.m2/repository/org/codehaus/jackson/jackson-mapper-asl/1.9.13/jackson-mapper-asl-1.9.13.jar:/home/user/.m2/repository/org/codehaus/jackson/jackson-jaxrs/1.9.13/jackson-jaxrs-1.9.13.jar:/home/user/.m2/repository/org/codehaus/jackson/jackson-xc/1.9.13/jackson-xc-1.9.13.jar:/home/user/.m2/repository/com/sun/jersey/jersey-server/1.19/jersey-server-1.19.jar:/home/user/.m2/repository/commons-logging/commons-logging/1.1.3/commons-logging-1.1.3.jar:/home/user/.m2/repository/log4j/log4j/1.2.17/log4j-1.2.17.jar:/home/user/.m2/repository/commons-beanutils/commons-beanutils/1.9.4/commons-beanutils-1.9.4.jar:/home/user/.m2/repository/org/apache/commons/commons-configuration2/2.1.1/commons-configuration2-2.1.1.jar:/home/user/.m2/repository/org/apache/commons/commons-lang3/3.7/commons-lang3-3.7.jar:/home/user/.m2/repository/org/apache/commons/commons-text/1.4/commons-text-1.4.jar:/home/user/.m2/repository/org/slf4j/slf4j-api/1.7.25/slf4j-api-1.7.25.jar:/home/user/.m2/repository/org/slf4j/slf4j-log4j12/1.7.25/slf4j-log4j12-1.7.25.jar:/home/user/.m2/repository/org/apache/avro/avro/1.7.7/avro-1.7.7.jar:/home/user/.m2/repository/com/thoughtworks/paranamer/paranamer/2.3/paranamer-2.3.jar:/home/user/.m2/repository/org/xerial/snappy/snappy-java/1.0.5/snappy-java-1.0.5.jar:/home/user/.m2/repository/com/google/re2j/re2j/1.1/re2j-1.1.jar:/home/user/.m2/repository/com/google/code/gson/gson/2.2.4/gson-2.2.4.jar:/home/user/.m2/repository/org/apache/hadoop/hadoop-auth/3.2.0/hadoop-auth-3.2.0.jar:/home/user/.m2/repository/com/nimbusds/nimbus-jose-jwt/4.41.1/nimbus-jose-jwt-4.41.1.jar:/home/user/.m2/repository/com/github/stephenc/jcip/jcip-annotations/1.0-1/jcip-annotations-1.0-1.jar:/home/user/.m2/repository/net/minidev/json-smart/2.3/json-smart-2.3.jar:/home/user/.m2/repository/net/minidev/accessors-smart/1.2/accessors-smart-1.2.jar:/home/user/.m2/repository/org/apache/curator/curator-framework/2.12.0/curator-framework-2.12.0.jar:/home/user/.m2/repository/com/jcraft/jsch/0.1.54/jsch-0.1.54.jar:/home/user/.m2/repository/org/apache/curator/curator-client/2.12.0/curator-client-2.12.0.jar:/home/user/.m2/repository/org/apache/curator/curator-recipes/2.12.0/curator-recipes-2.12.0.jar:/home/user/.m2/repository/com/google/code/findbugs/jsr305/3.0.0/jsr305-3.0.0.jar:/home/user/.m2/repository/org/apache/htrace/htrace-core4/4.1.0-incubating/htrace-core4-4.1.0-incubating.jar:/home/user/.m2/repository/org/apache/zookeeper/zookeeper/3.4.13/zookeeper-3.4.13.jar:/home/user/.m2/repository/jline/jline/0.9.94/jline-0.9.94.jar:/home/user/.m2/repository/org/apache/yetus/audience-annotations/0.5.0/audience-annotations-0.5.0.jar:/home/user/.m2/repository/org/apache/kerby/kerb-simplekdc/1.0.1/kerb-simplekdc-1.0.1.jar:/home/user/.m2/repository/org/apache/kerby/kerb-client/1.0.1/kerb-client-1.0.1.jar:/home/user/.m2/repository/org/apache/kerby/kerby-config/1.0.1/kerby-config-1.0.1.jar:/home/user/.m2/repository/org/apache/kerby/kerb-core/1.0.1/kerb-core-1.0.1.jar:/home/user/.m2/repository/org/apache/kerby/kerby-pkix/1.0.1/kerby-pkix-1.0.1.jar:/home/user/.m2/repository/org/apache/kerby/kerby-asn1/1.0.1/kerby-asn1-1.0.1.jar:/home/user/.m2/repository/org/apache/kerby/kerby-util/1.0.1/kerby-util-1.0.1.jar:/home/user/.m2/repository/org/apache/kerby/kerb-common/1.0.1/kerb-common-1.0.1.jar:/home/user/.m2/repository/org/apache/kerby/kerb-crypto/1.0.1/kerb-crypto-1.0.1.jar:/home/user/.m2/repository/org/apache/kerby/kerb-util/1.0.1/kerb-util-1.0.1.jar:/home/user/.m2/repository/org/apache/kerby/token-provider/1.0.1/token-provider-1.0.1.jar:/home/user/.m2/repository/org/apache/kerby/kerb-admin/1.0.1/kerb-admin-1.0.1.jar:/home/user/.m2/repository/org/apache/kerby/kerb-server/1.0.1/kerb-server-1.0.1.jar:/home/user/.m2/repository/org/apache/kerby/kerb-identity/1.0.1/kerb-identity-1.0.1.jar:/home/user/.m2/repository/org/apache/kerby/kerby-xdr/1.0.1/kerby-xdr-1.0.1.jar:/home/user/.m2/repository/com/fasterxml/jackson/core/jackson-databind/2.9.9/jackson-databind-2.9.9.jar:/home/user/.m2/repository/com/fasterxml/jackson/core/jackson-core/2.9.9/jackson-core-2.9.9.jar:/home/user/.m2/repository/org/codehaus/woodstox/stax2-api/3.1.4/stax2-api-3.1.4.jar:/home/user/.m2/repository/com/fasterxml/woodstox/woodstox-core/5.0.3/woodstox-core-5.0.3.jar:/home/user/.m2/repository/dnsjava/dnsjava/2.1.7/dnsjava-2.1.7.jar:/home/user/.m2/repository/org/apache/hadoop/hadoop-hdfs/3.2.0/hadoop-hdfs-3.2.0.jar:/home/user/.m2/repository/org/eclipse/jetty/jetty-util-ajax/9.3.25.v20180904/jetty-util-ajax-9.3.25.v20180904.jar:/home/user/.m2/repository/commons-daemon/commons-daemon/1.0.13/commons-daemon-1.0.13.jar:/home/user/.m2/repository/io/netty/netty/3.10.5.Final/netty-3.10.5.Final.jar:/home/user/.m2/repository/io/netty/netty-all/4.0.52.Final/netty-all-4.0.52.Final.jar:/home/user/.m2/repository/org/fusesource/leveldbjni/leveldbjni-all/1.8/leveldbjni-all-1.8.jar:/home/user/.m2/repository/com/sun/xml/bind/jaxb-core/2.3.0.1/jaxb-core-2.3.0.1.jar:/home/user/.m2/repository/javax/xml/bind/jaxb-api/2.3.0/jaxb-api-2.3.0.jar:/home/user/.m2/repository/javax/activation/activation/1.1.1/activation-1.1.1.jar:/home/user/.m2/repository/io/dropwizard/metrics/metrics-core/3.2.4/metrics-core-3.2.4.jar:/home/user/.m2/repository/org/openjdk/jmh/jmh-core/1.19/jmh-core-1.19.jar:/home/user/.m2/repository/net/sf/jopt-simple/jopt-simple/4.6/jopt-simple-4.6.jar:/home/user/.m2/repository/org/openjdk/jmh/jmh-generator-annprocess/1.19/jmh-generator-annprocess-1.19.jar:/home/user/.m2/repository/com/amazonaws/aws-java-sdk-s3/1.11.615/aws-java-sdk-s3-1.11.615.jar:/home/user/.m2/repository/com/amazonaws/aws-java-sdk-kms/1.11.615/aws-java-sdk-kms-1.11.615.jar:/home/user/.m2/repository/com/amazonaws/aws-java-sdk-core/1.11.615/aws-java-sdk-core-1.11.615.jar:/home/user/.m2/repository/software/amazon/ion/ion-java/1.0.2/ion-java-1.0.2.jar:/home/user/.m2/repository/com/fasterxml/jackson/dataformat/jackson-dataformat-cbor/2.9.9/jackson-dataformat-cbor-2.9.9.jar:/home/user/.m2/repository/joda-time/joda-time/2.9.9/joda-time-2.9.9.jar:/home/user/.m2/repository/com/amazonaws/jmespath-java/1.11.615/jmespath-java-1.11.615.jar:/home/user/.m2/repository/com/google/code/findbugs/findbugs/3.0.1/findbugs-3.0.1.jar:/home/user/.m2/repository/net/jcip/jcip-annotations/1.0/jcip-annotations-1.0.jar:/home/user/.m2/repository/com/google/code/findbugs/bcel-findbugs/6.0/bcel-findbugs-6.0.jar:/home/user/.m2/repository/com/google/code/findbugs/jFormatString/2.0.1/jFormatString-2.0.1.jar:/home/user/.m2/repository/dom4j/dom4j/1.6.1/dom4j-1.6.1.jar:/home/user/.m2/repository/xml-apis/xml-apis/1.0.b2/xml-apis-1.0.b2.jar:/home/user/.m2/repository/org/ow2/asm/asm-debug-all/5.0.2/asm-debug-all-5.0.2.jar:/home/user/.m2/repository/org/ow2/asm/asm-commons/5.0.2/asm-commons-5.0.2.jar:/home/user/.m2/repository/org/ow2/asm/asm-tree/5.0.2/asm-tree-5.0.2.jar:/home/user/.m2/repository/org/ow2/asm/asm/5.0.4/asm-5.0.4.jar:/home/user/.m2/repository/commons-lang/commons-lang/2.6/commons-lang-2.6.jar:/home/user/.m2/repository/com/apple/AppleJavaExtensions/1.4/AppleJavaExtensions-1.4.jar:/home/user/.m2/repository/jaxen/jaxen/1.1.6/jaxen-1.1.6.jar:/home/user/.m2/repository/junit/junit/4.11/junit-4.11.jar:/home/user/.m2/repository/org/hamcrest/hamcrest-core/1.3/hamcrest-core-1.3.jar:/home/user/.m2/repository/org/apache/hadoop/hadoop-common/3.2.0/hadoop-common-3.2.0-tests.jar:/workdir/hadoop-ozone/integration-test/target/test-classes:/home/user/.m2/repository/org/apache/hadoop/hadoop-ozone-s3gateway/0.5.0-SNAPSHOT/hadoop-ozone-s3gateway-0.5.0-SNAPSHOT.jar:/home/user/.m2/repository/org/jboss/weld/servlet/weld-servlet/2.4.7.Final/weld-servlet-2.4.7.Final.jar:/home/user/.m2/repository/org/glassfish/jersey/containers/jersey-container-servlet-core/2.27/jersey-container-servlet-core-2.27.jar:/home/user/.m2/repository/org/glassfish/hk2/external/javax.inject/2.5.0-b42/javax.inject-2.5.0-b42.jar:/home/user/.m2/repository/org/glassfish/jersey/core/jersey-common/2.27/jersey-common-2.27.jar:/home/user/.m2/repository/org/glassfish/hk2/osgi-resource-locator/1.0.1/osgi-resource-locator-1.0.1.jar:/home/user/.m2/repository/javax/ws/rs/javax.ws.rs-api/2.1/javax.ws.rs-api-2.1.jar:/home/user/.m2/repository/org/glassfish/jersey/ext/cdi/jersey-cdi1x/2.27/jersey-cdi1x-2.27.jar:/home/user/.m2/repository/org/glassfish/jersey/inject/jersey-hk2/2.27/jersey-hk2-2.27.jar:/home/user/.m2/repository/org/glassfish/hk2/hk2-locator/2.5.0-b42/hk2-locator-2.5.0-b42.jar:/home/user/.m2/repository/org/javassist/javassist/3.22.0-CR2/javassist-3.22.0-CR2.jar:/home/user/.m2/repository/org/glassfish/hk2/hk2-api/2.5.0/hk2-api-2.5.0.jar:/home/user/.m2/repository/org/glassfish/hk2/external/jakarta.inject/2.5.0/jakarta.inject-2.5.0.jar:/home/user/.m2/repository/org/glassfish/hk2/hk2-utils/2.5.0/hk2-utils-2.5.0.jar:/home/user/.m2/repository/jakarta/annotation/jakarta.annotation-api/1.3.4/jakarta.annotation-api-1.3.4.jar:/home/user/.m2/repository/org/glassfish/hk2/external/aopalliance-repackaged/2.5.0/aopalliance-repackaged-2.5.0.jar:/home/user/.m2/repository/com/fasterxml/jackson/dataformat/jackson-dataformat-xml/2.9.0/jackson-dataformat-xml-2.9.0.jar:/home/user/.m2/repository/com/fasterxml/jackson/module/jackson-module-jaxb-annotations/2.9.9/jackson-module-jaxb-annotations-2.9.9.jar:/home/user/.m2/repository/javax/enterprise/cdi-api/1.2/cdi-api-1.2.jar:/home/user/.m2/repository/javax/el/javax.el-api/3.0.0/javax.el-api-3.0.0.jar:/home/user/.m2/repository/javax/interceptor/javax.interceptor-api/1.2/javax.interceptor-api-1.2.jar:/home/user/.m2/repository/javax/inject/javax.inject/1/javax.inject-1.jar:/home/user/.m2/repository/org/apache/hadoop/hadoop-ozone-csi/0.5.0-SNAPSHOT/hadoop-ozone-csi-0.5.0-SNAPSHOT.jar:/home/user/.m2/repository/com/google/protobuf/protobuf-java-util/3.5.1/protobuf-java-util-3.5.1.jar:/home/user/.m2/repository/io/grpc/grpc-netty/1.17.1/grpc-netty-1.17.1.jar:/home/user/.m2/repository/io/grpc/grpc-core/1.17.1/grpc-core-1.17.1.jar:/home/user/.m2/repository/io/grpc/grpc-context/1.17.1/grpc-context-1.17.1.jar:/home/user/.m2/repository/com/google/errorprone/error_prone_annotations/2.2.0/error_prone_annotations-2.2.0.jar:/home/user/.m2/repository/org/codehaus/mojo/animal-sniffer-annotations/1.17/animal-sniffer-annotations-1.17.jar:/home/user/.m2/repository/io/opencensus/opencensus-api/0.17.0/opencensus-api-0.17.0.jar:/home/user/.m2/repository/io/opencensus/opencensus-contrib-grpc-metrics/0.17.0/opencensus-contrib-grpc-metrics-0.17.0.jar:/home/user/.m2/repository/io/netty/netty-codec-http2/4.1.30.Final/netty-codec-http2-4.1.30.Final.jar:/home/user/.m2/repository/io/netty/netty-codec-http/4.1.30.Final/netty-codec-http-4.1.30.Final.jar:/home/user/.m2/repository/io/netty/netty-codec/4.1.30.Final/netty-codec-4.1.30.Final.jar:/home/user/.m2/repository/io/netty/netty-handler/4.1.30.Final/netty-handler-4.1.30.Final.jar:/home/user/.m2/repository/io/netty/netty-handler-proxy/4.1.30.Final/netty-handler-proxy-4.1.30.Final.jar:/home/user/.m2/repository/io/netty/netty-codec-socks/4.1.30.Final/netty-codec-socks-4.1.30.Final.jar:/home/user/.m2/repository/io/netty/netty-transport-native-epoll/4.1.30.Final/netty-transport-native-epoll-4.1.30.Final.jar:/home/user/.m2/repository/io/netty/netty-common/4.1.30.Final/netty-common-4.1.30.Final.jar:/home/user/.m2/repository/io/netty/netty-buffer/4.1.30.Final/netty-buffer-4.1.30.Final.jar:/home/user/.m2/repository/io/netty/netty-transport/4.1.30.Final/netty-transport-4.1.30.Final.jar:/home/user/.m2/repository/io/netty/netty-resolver/4.1.30.Final/netty-resolver-4.1.30.Final.jar:/home/user/.m2/repository/io/netty/netty-transport-native-unix-common/4.1.30.Final/netty-transport-native-unix-common-4.1.30.Final.jar:/home/user/.m2/repository/io/grpc/grpc-protobuf/1.17.1/grpc-protobuf-1.17.1.jar:/home/user/.m2/repository/com/google/api/grpc/proto-google-common-protos/1.0.0/proto-google-common-protos-1.0.0.jar:/home/user/.m2/repository/io/grpc/grpc-protobuf-lite/1.17.1/grpc-protobuf-lite-1.17.1.jar:/home/user/.m2/repository/io/grpc/grpc-stub/1.17.1/grpc-stub-1.17.1.jar:/home/user/.m2/repository/org/apache/hadoop/hadoop-ozone-recon/0.5.0-SNAPSHOT/hadoop-ozone-recon-0.5.0-SNAPSHOT.jar:/home/user/.m2/repository/org/apache/hadoop/hadoop-ozone-reconcodegen/0.5.0-SNAPSHOT/hadoop-ozone-reconcodegen-0.5.0-SNAPSHOT.jar:/home/user/.m2/repository/com/google/inject/extensions/guice-multibindings/4.0/guice-multibindings-4.0.jar:/home/user/.m2/repository/com/google/inject/guice/4.0/guice-4.0.jar:/home/user/.m2/repository/aopalliance/aopalliance/1.0/aopalliance-1.0.jar:/home/user/.m2/repository/com/google/inject/extensions/guice-servlet/4.0/guice-servlet-4.0.jar:/home/user/.m2/repository/org/glassfish/jersey/containers/jersey-container-servlet/2.27/jersey-container-servlet-2.27.jar:/home/user/.m2/repository/org/glassfish/hk2/guice-bridge/2.5.0/guice-bridge-2.5.0.jar:/home/user/.m2/repository/org/glassfish/jersey/core/jersey-server/2.27/jersey-server-2.27.jar:/home/user/.m2/repository/org/glassfish/jersey/core/jersey-client/2.27/jersey-client-2.27.jar:/home/user/.m2/repository/org/glassfish/jersey/media/jersey-media-jaxb/2.27/jersey-media-jaxb-2.27.jar:/home/user/.m2/repository/javax/validation/validation-api/1.1.0.Final/validation-api-1.1.0.Final.jar:/home/user/.m2/repository/org/glassfish/jersey/media/jersey-media-json-jackson/2.27/jersey-media-json-jackson-2.27.jar:/home/user/.m2/repository/org/glassfish/jersey/ext/jersey-entity-filtering/2.27/jersey-entity-filtering-2.27.jar:/home/user/.m2/repository/com/google/inject/extensions/guice-assistedinject/4.0/guice-assistedinject-4.0.jar:/home/user/.m2/repository/org/jooq/jooq/3.11.10/jooq-3.11.10.jar:/home/user/.m2/repository/org/jooq/jooq-meta/3.11.10/jooq-meta-3.11.10.jar:/home/user/.m2/repository/org/jooq/jooq-codegen/3.11.10/jooq-codegen-3.11.10.jar:/home/user/.m2/repository/com/jolbox/bonecp/0.8.0.RELEASE/bonecp-0.8.0.RELEASE.jar:/home/user/.m2/repository/org/springframework/spring-jdbc/5.1.3.RELEASE/spring-jdbc-5.1.3.RELEASE.jar:/home/user/.m2/repository/org/springframework/spring-beans/5.1.3.RELEASE/spring-beans-5.1.3.RELEASE.jar:/home/user/.m2/repository/org/springframework/spring-core/5.1.3.RELEASE/spring-core-5.1.3.RELEASE.jar:/home/user/.m2/repository/org/springframework/spring-jcl/5.1.3.RELEASE/spring-jcl-5.1.3.RELEASE.jar:/home/user/.m2/repository/org/springframework/spring-tx/5.1.3.RELEASE/spring-tx-5.1.3.RELEASE.jar:/home/user/.m2/repository/org/mockito/mockito-core/2.15.0/mockito-core-2.15.0.jar:/home/user/.m2/repository/net/bytebuddy/byte-buddy/1.7.9/byte-buddy-1.7.9.jar:/home/user/.m2/repository/net/bytebuddy/byte-buddy-agent/1.7.9/byte-buddy-agent-1.7.9.jar:/home/user/.m2/repository/org/objenesis/objenesis/1.0/objenesis-1.0.jar:"/>
    <property name="java.vm.vendor" value="IcedTea"/>
    <property name="sun.arch.data.model" value="64"/>
    <property name="test.build.dir" value="/workdir/hadoop-ozone/tools/target/test-dir"/>
    <property name="test.cache.data" value=""/>
    <property name="java.vendor.url" value="https://icedtea.classpath.org"/>
    <property name="user.timezone" value=""/>
    <property name="java.vm.specification.version" value="1.8"/>
    <property name="os.name" value="Linux"/>
    <property name="test.build.data" value="/workdir/hadoop-ozone/tools/target/test-dir"/>
    <property name="user.country" value="US"/>
    <property name="sun.java.launcher" value="SUN_STANDARD"/>
    <property name="sun.boot.library.path" value="/usr/lib/jvm/java-1.8-openjdk/jre/lib/amd64"/>
    <property name="sun.java.command" value="/workdir/hadoop-ozone/tools/target/surefire/surefirebooter6849603204341298086.jar /workdir/hadoop-ozone/tools/target/surefire 2019-09-25T04-01-08_071-jvmRun1 surefire3568916426668676073tmp surefire_1174456210705923395653tmp"/>
    <property name="test" value="!TestMiniChaosOzoneCluster"/>
    <property name="surefire.test.class.path" value="/workdir/hadoop-ozone/tools/target/test-classes:/workdir/hadoop-ozone/tools/target/classes:/home/user/.m2/repository/org/apache/hadoop/hadoop-ozone-ozone-manager/0.5.0-SNAPSHOT/hadoop-ozone-ozone-manager-0.5.0-SNAPSHOT.jar:/home/user/.m2/repository/org/apache/hadoop/hadoop-hdds-docs/0.5.0-SNAPSHOT/hadoop-hdds-docs-0.5.0-SNAPSHOT.jar:/home/user/.m2/repository/org/bouncycastle/bcprov-jdk15on/1.60/bcprov-jdk15on-1.60.jar:/home/user/.m2/repository/org/apache/hadoop/hadoop-ozone-common/0.5.0-SNAPSHOT/hadoop-ozone-common-0.5.0-SNAPSHOT.jar:/home/user/.m2/repository/org/apache/commons/commons-compress/1.4.1/commons-compress-1.4.1.jar:/home/user/.m2/repository/org/tukaani/xz/1.0/xz-1.0.jar:/home/user/.m2/repository/org/apache/hadoop/hadoop-hdfs-client/3.2.0/hadoop-hdfs-client-3.2.0.jar:/home/user/.m2/repository/com/fasterxml/jackson/core/jackson-annotations/2.9.9/jackson-annotations-2.9.9.jar:/home/user/.m2/repository/org/apache/hadoop/hadoop-hdds-common/0.5.0-SNAPSHOT/hadoop-hdds-common-0.5.0-SNAPSHOT.jar:/home/user/.m2/repository/org/apache/hadoop/hadoop-hdds-config/0.5.0-SNAPSHOT/hadoop-hdds-config-0.5.0-SNAPSHOT.jar:/home/user/.m2/repository/javax/annotation/javax.annotation-api/1.2/javax.annotation-api-1.2.jar:/home/user/.m2/repository/org/apache/ratis/ratis-server/0.4.0/ratis-server-0.4.0.jar:/home/user/.m2/repository/org/apache/ratis/ratis-thirdparty-misc/0.2.0/ratis-thirdparty-misc-0.2.0.jar:/home/user/.m2/repository/org/apache/ratis/ratis-proto/0.4.0/ratis-proto-0.4.0.jar:/home/user/.m2/repository/org/apache/ratis/ratis-common/0.4.0/ratis-common-0.4.0.jar:/home/user/.m2/repository/org/apache/ratis/ratis-client/0.4.0/ratis-client-0.4.0.jar:/home/user/.m2/repository/org/apache/ratis/ratis-metrics/0.4.0/ratis-metrics-0.4.0.jar:/home/user/.m2/repository/com/github/joshelser/dropwizard-metrics-hadoop-metrics2-reporter/0.1.2/dropwizard-metrics-hadoop-metrics2-reporter-0.1.2.jar:/home/user/.m2/repository/io/dropwizard/metrics/metrics-jvm/3.2.5/metrics-jvm-3.2.5.jar:/home/user/.m2/repository/io/dropwizard/metrics/metrics-ganglia/3.2.5/metrics-ganglia-3.2.5.jar:/home/user/.m2/repository/info/ganglia/gmetric4j/gmetric4j/1.0.7/gmetric4j-1.0.7.jar:/home/user/.m2/repository/org/apache/ratis/ratis-netty/0.4.0/ratis-netty-0.4.0.jar:/home/user/.m2/repository/org/apache/ratis/ratis-grpc/0.4.0/ratis-grpc-0.4.0.jar:/home/user/.m2/repository/org/rocksdb/rocksdbjni/6.0.1/rocksdbjni-6.0.1.jar:/home/user/.m2/repository/org/apache/logging/log4j/log4j-api/2.11.0/log4j-api-2.11.0.jar:/home/user/.m2/repository/org/apache/logging/log4j/log4j-core/2.11.0/log4j-core-2.11.0.jar:/home/user/.m2/repository/com/lmax/disruptor/3.4.2/disruptor-3.4.2.jar:/home/user/.m2/repository/org/apache/commons/commons-pool2/2.6.0/commons-pool2-2.6.0.jar:/home/user/.m2/repository/org/bouncycastle/bcpkix-jdk15on/1.60/bcpkix-jdk15on-1.60.jar:/home/user/.m2/repository/commons-validator/commons-validator/1.6/commons-validator-1.6.jar:/home/user/.m2/repository/commons-digester/commons-digester/1.8.1/commons-digester-1.8.1.jar:/home/user/.m2/repository/io/jaegertracing/jaeger-client/0.34.0/jaeger-client-0.34.0.jar:/home/user/.m2/repository/io/jaegertracing/jaeger-thrift/0.34.0/jaeger-thrift-0.34.0.jar:/home/user/.m2/repository/org/apache/thrift/libthrift/0.12.0/libthrift-0.12.0.jar:/home/user/.m2/repository/com/squareup/okhttp3/okhttp/3.9.0/okhttp-3.9.0.jar:/home/user/.m2/repository/com/squareup/okio/okio/1.13.0/okio-1.13.0.jar:/home/user/.m2/repository/io/jaegertracing/jaeger-core/0.34.0/jaeger-core-0.34.0.jar:/home/user/.m2/repository/io/jaegertracing/jaeger-tracerresolver/0.34.0/jaeger-tracerresolver-0.34.0.jar:/home/user/.m2/repository/io/opentracing/contrib/opentracing-tracerresolver/0.1.5/opentracing-tracerresolver-0.1.5.jar:/home/user/.m2/repository/io/opentracing/opentracing-util/0.31.0/opentracing-util-0.31.0.jar:/home/user/.m2/repository/io/opentracing/opentracing-api/0.31.0/opentracing-api-0.31.0.jar:/home/user/.m2/repository/io/opentracing/opentracing-noop/0.31.0/opentracing-noop-0.31.0.jar:/home/user/.m2/repository/org/yaml/snakeyaml/1.16/snakeyaml-1.16.jar:/home/user/.m2/repository/org/apache/hadoop/hadoop-hdds-container-service/0.5.0-SNAPSHOT/hadoop-hdds-container-service-0.5.0-SNAPSHOT.jar:/home/user/.m2/repository/org/apache/hadoop/hadoop-hdds-client/0.5.0-SNAPSHOT/hadoop-hdds-client-0.5.0-SNAPSHOT.jar:/home/user/.m2/repository/org/apache/hadoop/hadoop-hdds-tools/0.5.0-SNAPSHOT/hadoop-hdds-tools-0.5.0-SNAPSHOT.jar:/home/user/.m2/repository/org/xerial/sqlite-jdbc/3.25.2/sqlite-jdbc-3.25.2.jar:/home/user/.m2/repository/org/apache/hadoop/hadoop-hdds-server-scm/0.5.0-SNAPSHOT/hadoop-hdds-server-scm-0.5.0-SNAPSHOT.jar:/home/user/.m2/repository/org/hamcrest/hamcrest-all/1.3/hamcrest-all-1.3.jar:/home/user/.m2/repository/info/picocli/picocli/3.9.6/picocli-3.9.6.jar:/home/user/.m2/repository/com/google/protobuf/protobuf-java/2.5.0/protobuf-java-2.5.0.jar:/home/user/.m2/repository/com/google/guava/guava/11.0.2/guava-11.0.2.jar:/home/user/.m2/repository/org/apache/hadoop/hadoop-ozone-client/0.5.0-SNAPSHOT/hadoop-ozone-client-0.5.0-SNAPSHOT.jar:/workdir/hadoop-ozone/ozonefs/target/classes:/home/user/.m2/repository/org/apache/hadoop/hadoop-hdds-server-framework/0.5.0-SNAPSHOT/hadoop-hdds-server-framework-0.5.0-SNAPSHOT.jar:/home/user/.m2/repository/org/apache/hadoop/hadoop-common/3.2.0/hadoop-common-3.2.0.jar:/home/user/.m2/repository/org/apache/hadoop/hadoop-annotations/3.2.0/hadoop-annotations-3.2.0.jar:/usr/lib/jvm/java-1.8-openjdk/jre/../lib/tools.jar:/home/user/.m2/repository/commons-cli/commons-cli/1.2/commons-cli-1.2.jar:/home/user/.m2/repository/org/apache/commons/commons-math3/3.1.1/commons-math3-3.1.1.jar:/home/user/.m2/repository/org/apache/httpcomponents/httpclient/4.5.2/httpclient-4.5.2.jar:/home/user/.m2/repository/org/apache/httpcomponents/httpcore/4.4.4/httpcore-4.4.4.jar:/home/user/.m2/repository/commons-codec/commons-codec/1.11/commons-codec-1.11.jar:/home/user/.m2/repository/commons-io/commons-io/2.5/commons-io-2.5.jar:/home/user/.m2/repository/commons-net/commons-net/3.6/commons-net-3.6.jar:/home/user/.m2/repository/commons-collections/commons-collections/3.2.2/commons-collections-3.2.2.jar:/home/user/.m2/repository/javax/servlet/javax.servlet-api/3.1.0/javax.servlet-api-3.1.0.jar:/home/user/.m2/repository/org/eclipse/jetty/jetty-server/9.3.25.v20180904/jetty-server-9.3.25.v20180904.jar:/home/user/.m2/repository/org/eclipse/jetty/jetty-http/9.3.25.v20180904/jetty-http-9.3.25.v20180904.jar:/home/user/.m2/repository/org/eclipse/jetty/jetty-io/9.3.25.v20180904/jetty-io-9.3.25.v20180904.jar:/home/user/.m2/repository/org/eclipse/jetty/jetty-util/9.3.25.v20180904/jetty-util-9.3.25.v20180904.jar:/home/user/.m2/repository/org/eclipse/jetty/jetty-servlet/9.3.25.v20180904/jetty-servlet-9.3.25.v20180904.jar:/home/user/.m2/repository/org/eclipse/jetty/jetty-security/9.3.25.v20180904/jetty-security-9.3.25.v20180904.jar:/home/user/.m2/repository/org/eclipse/jetty/jetty-webapp/9.3.25.v20180904/jetty-webapp-9.3.25.v20180904.jar:/home/user/.m2/repository/org/eclipse/jetty/jetty-xml/9.3.25.v20180904/jetty-xml-9.3.25.v20180904.jar:/home/user/.m2/repository/javax/servlet/jsp/jsp-api/2.1/jsp-api-2.1.jar:/home/user/.m2/repository/com/sun/jersey/jersey-core/1.19/jersey-core-1.19.jar:/home/user/.m2/repository/javax/ws/rs/jsr311-api/1.1.1/jsr311-api-1.1.1.jar:/home/user/.m2/repository/com/sun/jersey/jersey-servlet/1.19/jersey-servlet-1.19.jar:/home/user/.m2/repository/com/sun/jersey/jersey-json/1.19/jersey-json-1.19.jar:/home/user/.m2/repository/org/codehaus/jettison/jettison/1.1/jettison-1.1.jar:/home/user/.m2/repository/com/sun/xml/bind/jaxb-impl/2.3.0.1/jaxb-impl-2.3.0.1.jar:/home/user/.m2/repository/org/codehaus/jackson/jackson-core-asl/1.9.13/jackson-core-asl-1.9.13.jar:/home/user/.m2/repository/org/codehaus/jackson/jackson-mapper-asl/1.9.13/jackson-mapper-asl-1.9.13.jar:/home/user/.m2/repository/org/codehaus/jackson/jackson-jaxrs/1.9.13/jackson-jaxrs-1.9.13.jar:/home/user/.m2/repository/org/codehaus/jackson/jackson-xc/1.9.13/jackson-xc-1.9.13.jar:/home/user/.m2/repository/com/sun/jersey/jersey-server/1.19/jersey-server-1.19.jar:/home/user/.m2/repository/commons-logging/commons-logging/1.1.3/commons-logging-1.1.3.jar:/home/user/.m2/repository/log4j/log4j/1.2.17/log4j-1.2.17.jar:/home/user/.m2/repository/commons-beanutils/commons-beanutils/1.9.4/commons-beanutils-1.9.4.jar:/home/user/.m2/repository/org/apache/commons/commons-configuration2/2.1.1/commons-configuration2-2.1.1.jar:/home/user/.m2/repository/org/apache/commons/commons-lang3/3.7/commons-lang3-3.7.jar:/home/user/.m2/repository/org/apache/commons/commons-text/1.4/commons-text-1.4.jar:/home/user/.m2/repository/org/slf4j/slf4j-api/1.7.25/slf4j-api-1.7.25.jar:/home/user/.m2/repository/org/slf4j/slf4j-log4j12/1.7.25/slf4j-log4j12-1.7.25.jar:/home/user/.m2/repository/org/apache/avro/avro/1.7.7/avro-1.7.7.jar:/home/user/.m2/repository/com/thoughtworks/paranamer/paranamer/2.3/paranamer-2.3.jar:/home/user/.m2/repository/org/xerial/snappy/snappy-java/1.0.5/snappy-java-1.0.5.jar:/home/user/.m2/repository/com/google/re2j/re2j/1.1/re2j-1.1.jar:/home/user/.m2/repository/com/google/code/gson/gson/2.2.4/gson-2.2.4.jar:/home/user/.m2/repository/org/apache/hadoop/hadoop-auth/3.2.0/hadoop-auth-3.2.0.jar:/home/user/.m2/repository/com/nimbusds/nimbus-jose-jwt/4.41.1/nimbus-jose-jwt-4.41.1.jar:/home/user/.m2/repository/com/github/stephenc/jcip/jcip-annotations/1.0-1/jcip-annotations-1.0-1.jar:/home/user/.m2/repository/net/minidev/json-smart/2.3/json-smart-2.3.jar:/home/user/.m2/repository/net/minidev/accessors-smart/1.2/accessors-smart-1.2.jar:/home/user/.m2/repository/org/apache/curator/curator-framework/2.12.0/curator-framework-2.12.0.jar:/home/user/.m2/repository/com/jcraft/jsch/0.1.54/jsch-0.1.54.jar:/home/user/.m2/repository/org/apache/curator/curator-client/2.12.0/curator-client-2.12.0.jar:/home/user/.m2/repository/org/apache/curator/curator-recipes/2.12.0/curator-recipes-2.12.0.jar:/home/user/.m2/repository/com/google/code/findbugs/jsr305/3.0.0/jsr305-3.0.0.jar:/home/user/.m2/repository/org/apache/htrace/htrace-core4/4.1.0-incubating/htrace-core4-4.1.0-incubating.jar:/home/user/.m2/repository/org/apache/zookeeper/zookeeper/3.4.13/zookeeper-3.4.13.jar:/home/user/.m2/repository/jline/jline/0.9.94/jline-0.9.94.jar:/home/user/.m2/repository/org/apache/yetus/audience-annotations/0.5.0/audience-annotations-0.5.0.jar:/home/user/.m2/repository/org/apache/kerby/kerb-simplekdc/1.0.1/kerb-simplekdc-1.0.1.jar:/home/user/.m2/repository/org/apache/kerby/kerb-client/1.0.1/kerb-client-1.0.1.jar:/home/user/.m2/repository/org/apache/kerby/kerby-config/1.0.1/kerby-config-1.0.1.jar:/home/user/.m2/repository/org/apache/kerby/kerb-core/1.0.1/kerb-core-1.0.1.jar:/home/user/.m2/repository/org/apache/kerby/kerby-pkix/1.0.1/kerby-pkix-1.0.1.jar:/home/user/.m2/repository/org/apache/kerby/kerby-asn1/1.0.1/kerby-asn1-1.0.1.jar:/home/user/.m2/repository/org/apache/kerby/kerby-util/1.0.1/kerby-util-1.0.1.jar:/home/user/.m2/repository/org/apache/kerby/kerb-common/1.0.1/kerb-common-1.0.1.jar:/home/user/.m2/repository/org/apache/kerby/kerb-crypto/1.0.1/kerb-crypto-1.0.1.jar:/home/user/.m2/repository/org/apache/kerby/kerb-util/1.0.1/kerb-util-1.0.1.jar:/home/user/.m2/repository/org/apache/kerby/token-provider/1.0.1/token-provider-1.0.1.jar:/home/user/.m2/repository/org/apache/kerby/kerb-admin/1.0.1/kerb-admin-1.0.1.jar:/home/user/.m2/repository/org/apache/kerby/kerb-server/1.0.1/kerb-server-1.0.1.jar:/home/user/.m2/repository/org/apache/kerby/kerb-identity/1.0.1/kerb-identity-1.0.1.jar:/home/user/.m2/repository/org/apache/kerby/kerby-xdr/1.0.1/kerby-xdr-1.0.1.jar:/home/user/.m2/repository/com/fasterxml/jackson/core/jackson-databind/2.9.9/jackson-databind-2.9.9.jar:/home/user/.m2/repository/com/fasterxml/jackson/core/jackson-core/2.9.9/jackson-core-2.9.9.jar:/home/user/.m2/repository/org/codehaus/woodstox/stax2-api/3.1.4/stax2-api-3.1.4.jar:/home/user/.m2/repository/com/fasterxml/woodstox/woodstox-core/5.0.3/woodstox-core-5.0.3.jar:/home/user/.m2/repository/dnsjava/dnsjava/2.1.7/dnsjava-2.1.7.jar:/home/user/.m2/repository/org/apache/hadoop/hadoop-hdfs/3.2.0/hadoop-hdfs-3.2.0.jar:/home/user/.m2/repository/org/eclipse/jetty/jetty-util-ajax/9.3.25.v20180904/jetty-util-ajax-9.3.25.v20180904.jar:/home/user/.m2/repository/commons-daemon/commons-daemon/1.0.13/commons-daemon-1.0.13.jar:/home/user/.m2/repository/io/netty/netty/3.10.5.Final/netty-3.10.5.Final.jar:/home/user/.m2/repository/io/netty/netty-all/4.0.52.Final/netty-all-4.0.52.Final.jar:/home/user/.m2/repository/org/fusesource/leveldbjni/leveldbjni-all/1.8/leveldbjni-all-1.8.jar:/home/user/.m2/repository/com/sun/xml/bind/jaxb-core/2.3.0.1/jaxb-core-2.3.0.1.jar:/home/user/.m2/repository/javax/xml/bind/jaxb-api/2.3.0/jaxb-api-2.3.0.jar:/home/user/.m2/repository/javax/activation/activation/1.1.1/activation-1.1.1.jar:/home/user/.m2/repository/io/dropwizard/metrics/metrics-core/3.2.4/metrics-core-3.2.4.jar:/home/user/.m2/repository/org/openjdk/jmh/jmh-core/1.19/jmh-core-1.19.jar:/home/user/.m2/repository/net/sf/jopt-simple/jopt-simple/4.6/jopt-simple-4.6.jar:/home/user/.m2/repository/org/openjdk/jmh/jmh-generator-annprocess/1.19/jmh-generator-annprocess-1.19.jar:/home/user/.m2/repository/com/amazonaws/aws-java-sdk-s3/1.11.615/aws-java-sdk-s3-1.11.615.jar:/home/user/.m2/repository/com/amazonaws/aws-java-sdk-kms/1.11.615/aws-java-sdk-kms-1.11.615.jar:/home/user/.m2/repository/com/amazonaws/aws-java-sdk-core/1.11.615/aws-java-sdk-core-1.11.615.jar:/home/user/.m2/repository/software/amazon/ion/ion-java/1.0.2/ion-java-1.0.2.jar:/home/user/.m2/repository/com/fasterxml/jackson/dataformat/jackson-dataformat-cbor/2.9.9/jackson-dataformat-cbor-2.9.9.jar:/home/user/.m2/repository/joda-time/joda-time/2.9.9/joda-time-2.9.9.jar:/home/user/.m2/repository/com/amazonaws/jmespath-java/1.11.615/jmespath-java-1.11.615.jar:/home/user/.m2/repository/com/google/code/findbugs/findbugs/3.0.1/findbugs-3.0.1.jar:/home/user/.m2/repository/net/jcip/jcip-annotations/1.0/jcip-annotations-1.0.jar:/home/user/.m2/repository/com/google/code/findbugs/bcel-findbugs/6.0/bcel-findbugs-6.0.jar:/home/user/.m2/repository/com/google/code/findbugs/jFormatString/2.0.1/jFormatString-2.0.1.jar:/home/user/.m2/repository/dom4j/dom4j/1.6.1/dom4j-1.6.1.jar:/home/user/.m2/repository/xml-apis/xml-apis/1.0.b2/xml-apis-1.0.b2.jar:/home/user/.m2/repository/org/ow2/asm/asm-debug-all/5.0.2/asm-debug-all-5.0.2.jar:/home/user/.m2/repository/org/ow2/asm/asm-commons/5.0.2/asm-commons-5.0.2.jar:/home/user/.m2/repository/org/ow2/asm/asm-tree/5.0.2/asm-tree-5.0.2.jar:/home/user/.m2/repository/org/ow2/asm/asm/5.0.4/asm-5.0.4.jar:/home/user/.m2/repository/commons-lang/commons-lang/2.6/commons-lang-2.6.jar:/home/user/.m2/repository/com/apple/AppleJavaExtensions/1.4/AppleJavaExtensions-1.4.jar:/home/user/.m2/repository/jaxen/jaxen/1.1.6/jaxen-1.1.6.jar:/home/user/.m2/repository/junit/junit/4.11/junit-4.11.jar:/home/user/.m2/repository/org/hamcrest/hamcrest-core/1.3/hamcrest-core-1.3.jar:/home/user/.m2/repository/org/apache/hadoop/hadoop-common/3.2.0/hadoop-common-3.2.0-tests.jar:/workdir/hadoop-ozone/integration-test/target/test-classes:/home/user/.m2/repository/org/apache/hadoop/hadoop-ozone-s3gateway/0.5.0-SNAPSHOT/hadoop-ozone-s3gateway-0.5.0-SNAPSHOT.jar:/home/user/.m2/repository/org/jboss/weld/servlet/weld-servlet/2.4.7.Final/weld-servlet-2.4.7.Final.jar:/home/user/.m2/repository/org/glassfish/jersey/containers/jersey-container-servlet-core/2.27/jersey-container-servlet-core-2.27.jar:/home/user/.m2/repository/org/glassfish/hk2/external/javax.inject/2.5.0-b42/javax.inject-2.5.0-b42.jar:/home/user/.m2/repository/org/glassfish/jersey/core/jersey-common/2.27/jersey-common-2.27.jar:/home/user/.m2/repository/org/glassfish/hk2/osgi-resource-locator/1.0.1/osgi-resource-locator-1.0.1.jar:/home/user/.m2/repository/javax/ws/rs/javax.ws.rs-api/2.1/javax.ws.rs-api-2.1.jar:/home/user/.m2/repository/org/glassfish/jersey/ext/cdi/jersey-cdi1x/2.27/jersey-cdi1x-2.27.jar:/home/user/.m2/repository/org/glassfish/jersey/inject/jersey-hk2/2.27/jersey-hk2-2.27.jar:/home/user/.m2/repository/org/glassfish/hk2/hk2-locator/2.5.0-b42/hk2-locator-2.5.0-b42.jar:/home/user/.m2/repository/org/javassist/javassist/3.22.0-CR2/javassist-3.22.0-CR2.jar:/home/user/.m2/repository/org/glassfish/hk2/hk2-api/2.5.0/hk2-api-2.5.0.jar:/home/user/.m2/repository/org/glassfish/hk2/external/jakarta.inject/2.5.0/jakarta.inject-2.5.0.jar:/home/user/.m2/repository/org/glassfish/hk2/hk2-utils/2.5.0/hk2-utils-2.5.0.jar:/home/user/.m2/repository/jakarta/annotation/jakarta.annotation-api/1.3.4/jakarta.annotation-api-1.3.4.jar:/home/user/.m2/repository/org/glassfish/hk2/external/aopalliance-repackaged/2.5.0/aopalliance-repackaged-2.5.0.jar:/home/user/.m2/repository/com/fasterxml/jackson/dataformat/jackson-dataformat-xml/2.9.0/jackson-dataformat-xml-2.9.0.jar:/home/user/.m2/repository/com/fasterxml/jackson/module/jackson-module-jaxb-annotations/2.9.9/jackson-module-jaxb-annotations-2.9.9.jar:/home/user/.m2/repository/javax/enterprise/cdi-api/1.2/cdi-api-1.2.jar:/home/user/.m2/repository/javax/el/javax.el-api/3.0.0/javax.el-api-3.0.0.jar:/home/user/.m2/repository/javax/interceptor/javax.interceptor-api/1.2/javax.interceptor-api-1.2.jar:/home/user/.m2/repository/javax/inject/javax.inject/1/javax.inject-1.jar:/home/user/.m2/repository/org/apache/hadoop/hadoop-ozone-csi/0.5.0-SNAPSHOT/hadoop-ozone-csi-0.5.0-SNAPSHOT.jar:/home/user/.m2/repository/com/google/protobuf/protobuf-java-util/3.5.1/protobuf-java-util-3.5.1.jar:/home/user/.m2/repository/io/grpc/grpc-netty/1.17.1/grpc-netty-1.17.1.jar:/home/user/.m2/repository/io/grpc/grpc-core/1.17.1/grpc-core-1.17.1.jar:/home/user/.m2/repository/io/grpc/grpc-context/1.17.1/grpc-context-1.17.1.jar:/home/user/.m2/repository/com/google/errorprone/error_prone_annotations/2.2.0/error_prone_annotations-2.2.0.jar:/home/user/.m2/repository/org/codehaus/mojo/animal-sniffer-annotations/1.17/animal-sniffer-annotations-1.17.jar:/home/user/.m2/repository/io/opencensus/opencensus-api/0.17.0/opencensus-api-0.17.0.jar:/home/user/.m2/repository/io/opencensus/opencensus-contrib-grpc-metrics/0.17.0/opencensus-contrib-grpc-metrics-0.17.0.jar:/home/user/.m2/repository/io/netty/netty-codec-http2/4.1.30.Final/netty-codec-http2-4.1.30.Final.jar:/home/user/.m2/repository/io/netty/netty-codec-http/4.1.30.Final/netty-codec-http-4.1.30.Final.jar:/home/user/.m2/repository/io/netty/netty-codec/4.1.30.Final/netty-codec-4.1.30.Final.jar:/home/user/.m2/repository/io/netty/netty-handler/4.1.30.Final/netty-handler-4.1.30.Final.jar:/home/user/.m2/repository/io/netty/netty-handler-proxy/4.1.30.Final/netty-handler-proxy-4.1.30.Final.jar:/home/user/.m2/repository/io/netty/netty-codec-socks/4.1.30.Final/netty-codec-socks-4.1.30.Final.jar:/home/user/.m2/repository/io/netty/netty-transport-native-epoll/4.1.30.Final/netty-transport-native-epoll-4.1.30.Final.jar:/home/user/.m2/repository/io/netty/netty-common/4.1.30.Final/netty-common-4.1.30.Final.jar:/home/user/.m2/repository/io/netty/netty-buffer/4.1.30.Final/netty-buffer-4.1.30.Final.jar:/home/user/.m2/repository/io/netty/netty-transport/4.1.30.Final/netty-transport-4.1.30.Final.jar:/home/user/.m2/repository/io/netty/netty-resolver/4.1.30.Final/netty-resolver-4.1.30.Final.jar:/home/user/.m2/repository/io/netty/netty-transport-native-unix-common/4.1.30.Final/netty-transport-native-unix-common-4.1.30.Final.jar:/home/user/.m2/repository/io/grpc/grpc-protobuf/1.17.1/grpc-protobuf-1.17.1.jar:/home/user/.m2/repository/com/google/api/grpc/proto-google-common-protos/1.0.0/proto-google-common-protos-1.0.0.jar:/home/user/.m2/repository/io/grpc/grpc-protobuf-lite/1.17.1/grpc-protobuf-lite-1.17.1.jar:/home/user/.m2/repository/io/grpc/grpc-stub/1.17.1/grpc-stub-1.17.1.jar:/home/user/.m2/repository/org/apache/hadoop/hadoop-ozone-recon/0.5.0-SNAPSHOT/hadoop-ozone-recon-0.5.0-SNAPSHOT.jar:/home/user/.m2/repository/org/apache/hadoop/hadoop-ozone-reconcodegen/0.5.0-SNAPSHOT/hadoop-ozone-reconcodegen-0.5.0-SNAPSHOT.jar:/home/user/.m2/repository/com/google/inject/extensions/guice-multibindings/4.0/guice-multibindings-4.0.jar:/home/user/.m2/repository/com/google/inject/guice/4.0/guice-4.0.jar:/home/user/.m2/repository/aopalliance/aopalliance/1.0/aopalliance-1.0.jar:/home/user/.m2/repository/com/google/inject/extensions/guice-servlet/4.0/guice-servlet-4.0.jar:/home/user/.m2/repository/org/glassfish/jersey/containers/jersey-container-servlet/2.27/jersey-container-servlet-2.27.jar:/home/user/.m2/repository/org/glassfish/hk2/guice-bridge/2.5.0/guice-bridge-2.5.0.jar:/home/user/.m2/repository/org/glassfish/jersey/core/jersey-server/2.27/jersey-server-2.27.jar:/home/user/.m2/repository/org/glassfish/jersey/core/jersey-client/2.27/jersey-client-2.27.jar:/home/user/.m2/repository/org/glassfish/jersey/media/jersey-media-jaxb/2.27/jersey-media-jaxb-2.27.jar:/home/user/.m2/repository/javax/validation/validation-api/1.1.0.Final/validation-api-1.1.0.Final.jar:/home/user/.m2/repository/org/glassfish/jersey/media/jersey-media-json-jackson/2.27/jersey-media-json-jackson-2.27.jar:/home/user/.m2/repository/org/glassfish/jersey/ext/jersey-entity-filtering/2.27/jersey-entity-filtering-2.27.jar:/home/user/.m2/repository/com/google/inject/extensions/guice-assistedinject/4.0/guice-assistedinject-4.0.jar:/home/user/.m2/repository/org/jooq/jooq/3.11.10/jooq-3.11.10.jar:/home/user/.m2/repository/org/jooq/jooq-meta/3.11.10/jooq-meta-3.11.10.jar:/home/user/.m2/repository/org/jooq/jooq-codegen/3.11.10/jooq-codegen-3.11.10.jar:/home/user/.m2/repository/com/jolbox/bonecp/0.8.0.RELEASE/bonecp-0.8.0.RELEASE.jar:/home/user/.m2/repository/org/springframework/spring-jdbc/5.1.3.RELEASE/spring-jdbc-5.1.3.RELEASE.jar:/home/user/.m2/repository/org/springframework/spring-beans/5.1.3.RELEASE/spring-beans-5.1.3.RELEASE.jar:/home/user/.m2/repository/org/springframework/spring-core/5.1.3.RELEASE/spring-core-5.1.3.RELEASE.jar:/home/user/.m2/repository/org/springframework/spring-jcl/5.1.3.RELEASE/spring-jcl-5.1.3.RELEASE.jar:/home/user/.m2/repository/org/springframework/spring-tx/5.1.3.RELEASE/spring-tx-5.1.3.RELEASE.jar:/home/user/.m2/repository/org/mockito/mockito-core/2.15.0/mockito-core-2.15.0.jar:/home/user/.m2/repository/net/bytebuddy/byte-buddy/1.7.9/byte-buddy-1.7.9.jar:/home/user/.m2/repository/net/bytebuddy/byte-buddy-agent/1.7.9/byte-buddy-agent-1.7.9.jar:/home/user/.m2/repository/org/objenesis/objenesis/1.0/objenesis-1.0.jar:"/>
    <property name="sun.cpu.endian" value="little"/>
    <property name="user.home" value="/home/user"/>
    <property name="user.language" value="en"/>
    <property name="java.specification.vendor" value="Oracle Corporation"/>
    <property name="java.home" value="/usr/lib/jvm/java-1.8-openjdk/jre"/>
    <property name="java.security.krb5.conf" value="/workdir/hadoop-ozone/tools/target/test-classes/krb5.conf"/>
    <property name="basedir" value="/workdir/hadoop-ozone/tools"/>
    <property name="file.separator" value="/"/>
    <property name="line.separator" value="&#10;"/>
    <property name="java.vm.specification.vendor" value="Oracle Corporation"/>
    <property name="java.specification.name" value="Java Platform API Specification"/>
    <property name="java.awt.graphicsenv" value="sun.awt.X11GraphicsEnvironment"/>
    <property name="surefire.real.class.path" value="/workdir/hadoop-ozone/tools/target/surefire/surefirebooter6849603204341298086.jar"/>
    <property name="hadoop.log.dir" value="/workdir/hadoop-ozone/tools/target/log"/>
    <property name="sun.boot.class.path" value="/usr/lib/jvm/java-1.8-openjdk/jre/lib/resources.jar:/usr/lib/jvm/java-1.8-openjdk/jre/lib/rt.jar:/usr/lib/jvm/java-1.8-openjdk/jre/lib/sunrsasign.jar:/usr/lib/jvm/java-1.8-openjdk/jre/lib/jsse.jar:/usr/lib/jvm/java-1.8-openjdk/jre/lib/jce.jar:/usr/lib/jvm/java-1.8-openjdk/jre/lib/charsets.jar:/usr/lib/jvm/java-1.8-openjdk/jre/lib/jfr.jar:/usr/lib/jvm/java-1.8-openjdk/jre/classes"/>
    <property name="sun.management.compiler" value="HotSpot 64-Bit Tiered Compilers"/>
    <property name="java.runtime.version" value="1.8.0_212-b04"/>
    <property name="java.net.preferIPv4Stack" value="true"/>
    <property name="user.name" value="jenkins1000"/>
    <property name="path.separator" value=":"/>
    <property name="java.security.egd" value="file:///dev/urandom"/>
    <property name="os.version" value="3.10.0-957.12.2.el7.x86_64"/>
    <property name="java.endorsed.dirs" value="/usr/lib/jvm/java-1.8-openjdk/jre/lib/endorsed"/>
    <property name="java.runtime.name" value="OpenJDK Runtime Environment"/>
    <property name="file.encoding" value="UTF-8"/>
    <property name="java.vm.name" value="OpenJDK 64-Bit Server VM"/>
    <property name="test.build.webapps" value=""/>
    <property name="localRepository" value="/home/user/.m2/repository"/>
    <property name="java.vendor.url.bug" value="https://icedtea.classpath.org/bugzilla"/>
    <property name="java.io.tmpdir" value="/tmp"/>
    <property name="require.test.libhadoop" value=""/>
    <property name="java.version" value="1.8.0_212"/>
    <property name="user.dir" value="/workdir/hadoop-ozone/tools"/>
    <property name="os.arch" value="amd64"/>
    <property name="java.vm.specification.name" value="Java Virtual Machine Specification"/>
    <property name="test.build.classes" value="/workdir/hadoop-ozone/tools/target/test-classes"/>
    <property name="java.awt.printerjob" value="sun.print.PSPrinterJob"/>
    <property name="sun.os.patch.level" value="unknown"/>
    <property name="hadoop.tmp.dir" value="/workdir/hadoop-ozone/tools/target/tmp"/>
    <property name="java.library.path" value="/usr/lib/jvm/java-1.8-openjdk/jre/lib/amd64/server:/usr/lib/jvm/java-1.8-openjdk/jre/lib/amd64:/usr/lib/jvm/java-1.8-openjdk/jre/../lib/amd64:/workdir/hadoop-ozone/tools/target/native/target/usr/local/lib:/workdir/hadoop-ozone/tools/../../hadoop-common-project/hadoop-common/target/native/target/usr/local/lib:/usr/java/packages/lib/amd64:/usr/lib64:/lib64:/lib:/usr/lib"/>
    <property name="java.vm.info" value="mixed mode"/>
    <property name="java.vendor" value="IcedTea"/>
    <property name="java.vm.version" value="25.212-b04"/>
    <property name="java.ext.dirs" value="/usr/lib/jvm/java-1.8-openjdk/jre/lib/ext:/usr/java/packages/lib/ext"/>
    <property name="sun.io.unicode.encoding" value="UnicodeLittle"/>
    <property name="java.class.version" value="52.0"/>
  </properties>
  <testcase name="ratisTestLargeKey" classname="org.apache.hadoop.ozone.freon.TestDataValidateWithSafeByteOperations" time="10.796">
    <error message="Allocated 0 blocks. Requested 5 blocks" type="INTERNAL_ERROR org.apache.hadoop.ozone.om.exceptions.OMException">INTERNAL_ERROR org.apache.hadoop.ozone.om.exceptions.OMException: Allocated 0 blocks. Requested 5 blocks
	at org.apache.hadoop.ozone.om.protocolPB.OzoneManagerProtocolClientSideTranslatorPB.handleError(OzoneManagerProtocolClientSideTranslatorPB.java:732)
	at org.apache.hadoop.ozone.om.protocolPB.OzoneManagerProtocolClientSideTranslatorPB.openKey(OzoneManagerProtocolClientSideTranslatorPB.java:723)
	at sun.reflect.NativeMethodAccessorImpl.invoke0(Native Method)
	at sun.reflect.NativeMethodAccessorImpl.invoke(NativeMethodAccessorImpl.java:62)
	at sun.reflect.DelegatingMethodAccessorImpl.invoke(DelegatingMethodAccessorImpl.java:43)
	at java.lang.reflect.Method.invoke(Method.java:498)
	at org.apache.hadoop.hdds.tracing.TraceAllMethod.invoke(TraceAllMethod.java:66)
	at com.sun.proxy.$Proxy37.openKey(Unknown Source)
	at org.apache.hadoop.ozone.client.rpc.RpcClient.createKey(RpcClient.java:614)
	at org.apache.hadoop.ozone.client.OzoneBucket.createKey(OzoneBucket.java:325)
	at org.apache.hadoop.ozone.freon.RandomKeyGenerator.createKey(RandomKeyGenerator.java:695)
	at org.apache.hadoop.ozone.freon.RandomKeyGenerator.access$1100(RandomKeyGenerator.java:88)
	at org.apache.hadoop.ozone.freon.RandomKeyGenerator$ObjectCreator.run(RandomKeyGenerator.java:615)
	at java.util.concurrent.Executors$RunnableAdapter.call(Executors.java:511)
	at java.util.concurrent.FutureTask.run(FutureTask.java:266)
	at java.util.concurrent.ThreadPoolExecutor.runWorker(ThreadPoolExecutor.java:1149)
	at java.util.concurrent.ThreadPoolExecutor$Worker.run(ThreadPoolExecutor.java:624)
	at java.lang.Thread.run(Thread.java:748)
</error>
    <system-out><![CDATA[2019-09-25 05:59:16,991 [main] WARN  server.ServerUtils (ServerUtils.java:getScmDbDir(145)) - ozone.scm.db.dirs is not configured. We recommend adding this setting. Falling back to ozone.metadata.dirs instead.
2019-09-25 05:59:17,087 [main] WARN  server.ServerUtils (ServerUtils.java:getScmDbDir(145)) - ozone.scm.db.dirs is not configured. We recommend adding this setting. Falling back to ozone.metadata.dirs instead.
2019-09-25 05:59:17,090 [main] WARN  server.ServerUtils (ServerUtils.java:getScmDbDir(145)) - ozone.scm.db.dirs is not configured. We recommend adding this setting. Falling back to ozone.metadata.dirs instead.
2019-09-25 05:59:17,106 [main] INFO  util.log (Log.java:initialized(192)) - Logging initialized @933ms
2019-09-25 05:59:17,192 [main] INFO  db.DBStoreBuilder (DBStoreBuilder.java:addTable(110)) - using custom profile for table: deletedBlocks
2019-09-25 05:59:17,193 [main] INFO  db.DBStoreBuilder (DBStoreBuilder.java:processTables(161)) - Using default column profile:DBProfile.DISK for Table:deletedBlocks
2019-09-25 05:59:17,193 [main] INFO  db.DBStoreBuilder (DBStoreBuilder.java:addTable(110)) - using custom profile for table: validCerts
2019-09-25 05:59:17,193 [main] INFO  db.DBStoreBuilder (DBStoreBuilder.java:processTables(161)) - Using default column profile:DBProfile.DISK for Table:validCerts
2019-09-25 05:59:17,194 [main] INFO  db.DBStoreBuilder (DBStoreBuilder.java:addTable(110)) - using custom profile for table: revokedCerts
2019-09-25 05:59:17,194 [main] INFO  db.DBStoreBuilder (DBStoreBuilder.java:processTables(161)) - Using default column profile:DBProfile.DISK for Table:revokedCerts
2019-09-25 05:59:17,210 [main] INFO  db.DBStoreBuilder (DBStoreBuilder.java:addTable(110)) - using custom profile for table: default
2019-09-25 05:59:17,210 [main] INFO  db.DBStoreBuilder (DBStoreBuilder.java:processTables(167)) - Using default column profile:DBProfile.DISK for Table:default
2019-09-25 05:59:17,211 [main] INFO  db.DBStoreBuilder (DBStoreBuilder.java:getDbProfile(198)) - Using default options. DBProfile.DISK
2019-09-25 05:59:17,401 [main] INFO  net.NodeSchemaLoader (NodeSchemaLoader.java:loadSchemaFromFile(125)) - Loading file from sun.misc.CompoundEnumeration@3e694b3f
2019-09-25 05:59:17,403 [main] INFO  net.NodeSchemaLoader (NodeSchemaLoader.java:loadSchema(171)) - Loading network topology layer schema file
2019-09-25 05:59:17,494 [main] WARN  server.ServerUtils (ServerUtils.java:sanitizeUserArgs(70)) - ozone.scm.stale.node.interval value = 300000 is larger than max = 100000 based on the key value of ozone.scm.heartbeat.thread.interval, reset to the max value 100000.
2019-09-25 05:59:17,497 [main] WARN  server.ServerUtils (ServerUtils.java:sanitizeUserArgs(70)) - ozone.scm.stale.node.interval value = 300000 is larger than max = 100000 based on the key value of ozone.scm.heartbeat.thread.interval, reset to the max value 100000.
2019-09-25 05:59:17,500 [main] INFO  node.SCMNodeManager (SCMNodeManager.java:<init>(114)) - Entering startup safe mode.
2019-09-25 05:59:17,579 [main] INFO  algorithms.ContainerPlacementPolicyFactory (ContainerPlacementPolicyFactory.java:getPolicy(60)) - Create container placement policy of type org.apache.hadoop.hdds.scm.container.placement.algorithms.SCMContainerPlacementRandom
2019-09-25 05:59:17,595 [main] WARN  server.ServerUtils (ServerUtils.java:getScmDbDir(145)) - ozone.scm.db.dirs is not configured. We recommend adding this setting. Falling back to ozone.metadata.dirs instead.
2019-09-25 05:59:17,653 [main] INFO  pipeline.SCMPipelineManager (SCMPipelineManager.java:initializePipelineState(132)) - No pipeline exists in current db
2019-09-25 05:59:17,656 [main] WARN  server.ServerUtils (ServerUtils.java:getScmDbDir(145)) - ozone.scm.db.dirs is not configured. We recommend adding this setting. Falling back to ozone.metadata.dirs instead.
2019-09-25 05:59:17,767 [main] WARN  events.EventQueue (EventQueue.java:fireEvent(183)) - No event handler registered for event TypedEvent{payloadType=SafeModeStatus, name='SafeModeStatus'}
2019-09-25 05:59:18,140 [main] INFO  ipc.CallQueueManager (CallQueueManager.java:<init>(84)) - Using callQueue: class java.util.concurrent.LinkedBlockingQueue, queueCapacity: 2000, scheduler: class org.apache.hadoop.ipc.DefaultRpcScheduler, ipcBackoff: false.
2019-09-25 05:59:18,169 [Socket Reader #1 for port 38595] INFO  ipc.Server (Server.java:run(1074)) - Starting Socket Reader #1 for port 38595
2019-09-25 05:59:18,331 [main] INFO  ipc.CallQueueManager (CallQueueManager.java:<init>(84)) - Using callQueue: class java.util.concurrent.LinkedBlockingQueue, queueCapacity: 2000, scheduler: class org.apache.hadoop.ipc.DefaultRpcScheduler, ipcBackoff: false.
2019-09-25 05:59:18,333 [Socket Reader #1 for port 42227] INFO  ipc.Server (Server.java:run(1074)) - Starting Socket Reader #1 for port 42227
2019-09-25 05:59:18,346 [main] INFO  ipc.CallQueueManager (CallQueueManager.java:<init>(84)) - Using callQueue: class java.util.concurrent.LinkedBlockingQueue, queueCapacity: 2000, scheduler: class org.apache.hadoop.ipc.DefaultRpcScheduler, ipcBackoff: false.
2019-09-25 05:59:18,347 [Socket Reader #1 for port 43923] INFO  ipc.Server (Server.java:run(1074)) - Starting Socket Reader #1 for port 43923
2019-09-25 05:59:18,381 [main] INFO  hdfs.DFSUtil (DFSUtil.java:httpServerTemplateForNNAndJN(1641)) - Starting Web-server for scm at: http://0.0.0.0:0
2019-09-25 05:59:18,538 [main] INFO  server.AuthenticationFilter (AuthenticationFilter.java:constructSecretProvider(240)) - Unable to initialize FileSignerSecretProvider, falling back to use random secrets.
2019-09-25 05:59:18,560 [main] WARN  http.HttpRequestLog (HttpRequestLog.java:getRequestLog(97)) - Jetty request log can only be enabled using Log4j
2019-09-25 05:59:18,577 [main] INFO  http.HttpServer2 (HttpServer2.java:addGlobalFilter(975)) - Added global filter 'safety' (class=org.apache.hadoop.http.HttpServer2$QuotingInputFilter)
2019-09-25 05:59:18,582 [main] INFO  http.HttpServer2 (HttpServer2.java:addFilter(948)) - Added filter static_user_filter (class=org.apache.hadoop.http.lib.StaticUserWebFilter$StaticUserFilter) to context scm
2019-09-25 05:59:18,582 [main] INFO  http.HttpServer2 (HttpServer2.java:addFilter(958)) - Added filter static_user_filter (class=org.apache.hadoop.http.lib.StaticUserWebFilter$StaticUserFilter) to context static
2019-09-25 05:59:18,582 [main] INFO  http.HttpServer2 (HttpServer2.java:addFilter(958)) - Added filter static_user_filter (class=org.apache.hadoop.http.lib.StaticUserWebFilter$StaticUserFilter) to context logs
2019-09-25 05:59:18,625 [main] INFO  server.StorageContainerManager (StorageContainerManager.java:start(770)) - StorageContainerLocationProtocol RPC server is listening at /0.0.0.0:43923
2019-09-25 05:59:18,693 [main] WARN  impl.MetricsConfig (MetricsConfig.java:loadFirst(134)) - Cannot locate configuration: tried hadoop-metrics2-storagecontainermanager.properties,hadoop-metrics2.properties
2019-09-25 05:59:18,707 [main] INFO  impl.MetricsSystemImpl (MetricsSystemImpl.java:startTimer(374)) - Scheduled Metric snapshot period at 10 second(s).
2019-09-25 05:59:18,708 [main] INFO  impl.MetricsSystemImpl (MetricsSystemImpl.java:start(191)) - StorageContainerManager metrics system started
2019-09-25 05:59:18,970 [main] INFO  server.SCMClientProtocolServer (SCMClientProtocolServer.java:start(151)) - RPC server for Client  is listening at /0.0.0.0:43923
2019-09-25 05:59:18,971 [IPC Server Responder] INFO  ipc.Server (Server.java:run(1314)) - IPC Server Responder: starting
2019-09-25 05:59:18,971 [IPC Server listener on 43923] INFO  ipc.Server (Server.java:run(1153)) - IPC Server listener on 43923: starting
2019-09-25 05:59:18,974 [main] INFO  server.StorageContainerManager (StorageContainerManager.java:start(780)) - ScmBlockLocationProtocol RPC server is listening at /0.0.0.0:42227
2019-09-25 05:59:18,976 [main] INFO  server.SCMBlockProtocolServer (SCMBlockProtocolServer.java:start(146)) - RPC server for Block Protocol is listening at /0.0.0.0:42227
2019-09-25 05:59:18,976 [IPC Server Responder] INFO  ipc.Server (Server.java:run(1314)) - IPC Server Responder: starting
2019-09-25 05:59:18,976 [IPC Server listener on 42227] INFO  ipc.Server (Server.java:run(1153)) - IPC Server listener on 42227: starting
2019-09-25 05:59:18,978 [main] INFO  server.StorageContainerManager (StorageContainerManager.java:start(784)) - ScmDatanodeProtocl RPC server is listening at /0.0.0.0:38595
2019-09-25 05:59:18,978 [main] INFO  server.SCMDatanodeProtocolServer (SCMDatanodeProtocolServer.java:start(191)) - RPC server for DataNodes is listening at /0.0.0.0:38595
2019-09-25 05:59:18,979 [IPC Server Responder] INFO  ipc.Server (Server.java:run(1314)) - IPC Server Responder: starting
2019-09-25 05:59:18,979 [IPC Server listener on 38595] INFO  ipc.Server (Server.java:run(1153)) - IPC Server listener on 38595: starting
2019-09-25 05:59:18,983 [main] INFO  http.HttpServer2 (HttpServer2.java:bindListener(1191)) - Jetty bound to port 36569
2019-09-25 05:59:18,984 [main] INFO  server.Server (Server.java:doStart(351)) - jetty-9.3.25.v20180904, build timestamp: 2018-09-04T21:11:46Z, git hash: 3ce520221d0240229c862b122d2b06c12a625732
2019-09-25 05:59:19,020 [main] INFO  handler.ContextHandler (ContextHandler.java:doStart(781)) - Started o.e.j.s.ServletContextHandler@4983159f{/logs,file:///workdir/hadoop-ozone/tools/target/log,AVAILABLE}
2019-09-25 05:59:19,021 [main] INFO  handler.ContextHandler (ContextHandler.java:doStart(781)) - Started o.e.j.s.ServletContextHandler@1d2bd371{/static,jar:file:/home/user/.m2/repository/org/apache/hadoop/hadoop-hdds-server-scm/0.5.0-SNAPSHOT/hadoop-hdds-server-scm-0.5.0-SNAPSHOT.jar!/webapps/static,AVAILABLE}
2019-09-25 05:59:19,093 [main] INFO  handler.ContextHandler (ContextHandler.java:doStart(781)) - Started o.e.j.w.WebAppContext@78461bc4{/,file:///tmp/jetty-0.0.0.0-36569-scm-_-any-6549197637707416943.dir/webapp/,AVAILABLE}{/scm}
2019-09-25 05:59:19,097 [main] INFO  server.AbstractConnector (AbstractConnector.java:doStart(278)) - Started ServerConnector@51f49060{HTTP/1.1,[http/1.1]}{0.0.0.0:36569}
2019-09-25 05:59:19,098 [main] INFO  server.Server (Server.java:doStart(419)) - Started @2925ms
2019-09-25 05:59:19,100 [main] INFO  impl.MetricsSinkAdapter (MetricsSinkAdapter.java:start(204)) - Sink prometheus started
2019-09-25 05:59:19,100 [main] INFO  impl.MetricsSystemImpl (MetricsSystemImpl.java:registerSink(301)) - Registered sink prometheus
2019-09-25 05:59:19,102 [main] INFO  server.BaseHttpServer (BaseHttpServer.java:updateConnectorAddress(215)) - HTTP server of SCM is listening at http://0.0.0.0:36569
2019-09-25 05:59:19,111 [org.apache.hadoop.util.JvmPauseMonitor$Monitor@46ab18da] INFO  util.JvmPauseMonitor (JvmPauseMonitor.java:run(188)) - Starting JVM pause monitor
2019-09-25 05:59:19,115 [main] WARN  server.ServerUtils (ServerUtils.java:getDBPath(222)) - ozone.om.db.dirs is not configured. We recommend adding this setting. Falling back to ozone.metadata.dirs instead.
2019-09-25 05:59:19,234 [main] WARN  server.ServerUtils (ServerUtils.java:getDBPath(222)) - ozone.om.db.dirs is not configured. We recommend adding this setting. Falling back to ozone.metadata.dirs instead.
2019-09-25 05:59:19,235 [main] WARN  server.ServerUtils (ServerUtils.java:getDBPath(222)) - ozone.om.db.dirs is not configured. We recommend adding this setting. Falling back to ozone.metadata.dirs instead.
2019-09-25 05:59:19,236 [main] INFO  om.OzoneManager (OzoneManager.java:setOMNodeDetails(652)) - OM Service ID is not set. Setting it to the default ID: omServiceIdDefault
2019-09-25 05:59:19,237 [main] INFO  om.OzoneManager (OzoneManager.java:setOMNodeDetails(658)) - OM Node ID is not set. Setting it to the OmStorage's OmID: 44dc5534-73ce-4864-b478-32e4bff6cdc6
2019-09-25 05:59:19,238 [main] INFO  om.OzoneManager (OzoneManager.java:loadOMHAConfigs(609)) - Found matching OM address with OMServiceId: null, OMNodeId: null, RPC Address: localhost:0 and Ratis port: 9872
2019-09-25 05:59:20,019 [main] WARN  server.ServerUtils (ServerUtils.java:getDBPath(222)) - ozone.om.db.dirs is not configured. We recommend adding this setting. Falling back to ozone.metadata.dirs instead.
2019-09-25 05:59:20,027 [main] INFO  db.DBStoreBuilder (DBStoreBuilder.java:addTable(110)) - using custom profile for table: userTable
2019-09-25 05:59:20,027 [main] INFO  db.DBStoreBuilder (DBStoreBuilder.java:processTables(161)) - Using default column profile:DBProfile.DISK for Table:userTable
2019-09-25 05:59:20,027 [main] INFO  db.DBStoreBuilder (DBStoreBuilder.java:addTable(110)) - using custom profile for table: volumeTable
2019-09-25 05:59:20,027 [main] INFO  db.DBStoreBuilder (DBStoreBuilder.java:processTables(161)) - Using default column profile:DBProfile.DISK for Table:volumeTable
2019-09-25 05:59:20,028 [main] INFO  db.DBStoreBuilder (DBStoreBuilder.java:addTable(110)) - using custom profile for table: bucketTable
2019-09-25 05:59:20,028 [main] INFO  db.DBStoreBuilder (DBStoreBuilder.java:processTables(161)) - Using default column profile:DBProfile.DISK for Table:bucketTable
2019-09-25 05:59:20,028 [main] INFO  db.DBStoreBuilder (DBStoreBuilder.java:addTable(110)) - using custom profile for table: keyTable
2019-09-25 05:59:20,028 [main] INFO  db.DBStoreBuilder (DBStoreBuilder.java:processTables(161)) - Using default column profile:DBProfile.DISK for Table:keyTable
2019-09-25 05:59:20,029 [main] INFO  db.DBStoreBuilder (DBStoreBuilder.java:addTable(110)) - using custom profile for table: deletedTable
2019-09-25 05:59:20,029 [main] INFO  db.DBStoreBuilder (DBStoreBuilder.java:processTables(161)) - Using default column profile:DBProfile.DISK for Table:deletedTable
2019-09-25 05:59:20,029 [main] INFO  db.DBStoreBuilder (DBStoreBuilder.java:addTable(110)) - using custom profile for table: openKeyTable
2019-09-25 05:59:20,029 [main] INFO  db.DBStoreBuilder (DBStoreBuilder.java:processTables(161)) - Using default column profile:DBProfile.DISK for Table:openKeyTable
2019-09-25 05:59:20,030 [main] INFO  db.DBStoreBuilder (DBStoreBuilder.java:addTable(110)) - using custom profile for table: s3Table
2019-09-25 05:59:20,030 [main] INFO  db.DBStoreBuilder (DBStoreBuilder.java:processTables(161)) - Using default column profile:DBProfile.DISK for Table:s3Table
2019-09-25 05:59:20,030 [main] INFO  db.DBStoreBuilder (DBStoreBuilder.java:addTable(110)) - using custom profile for table: multipartInfoTable
2019-09-25 05:59:20,030 [main] INFO  db.DBStoreBuilder (DBStoreBuilder.java:processTables(161)) - Using default column profile:DBProfile.DISK for Table:multipartInfoTable
2019-09-25 05:59:20,031 [main] INFO  db.DBStoreBuilder (DBStoreBuilder.java:addTable(110)) - using custom profile for table: dTokenTable
2019-09-25 05:59:20,031 [main] INFO  db.DBStoreBuilder (DBStoreBuilder.java:processTables(161)) - Using default column profile:DBProfile.DISK for Table:dTokenTable
2019-09-25 05:59:20,031 [main] INFO  db.DBStoreBuilder (DBStoreBuilder.java:addTable(110)) - using custom profile for table: s3SecretTable
2019-09-25 05:59:20,031 [main] INFO  db.DBStoreBuilder (DBStoreBuilder.java:processTables(161)) - Using default column profile:DBProfile.DISK for Table:s3SecretTable
2019-09-25 05:59:20,032 [main] INFO  db.DBStoreBuilder (DBStoreBuilder.java:addTable(110)) - using custom profile for table: prefixTable
2019-09-25 05:59:20,032 [main] INFO  db.DBStoreBuilder (DBStoreBuilder.java:processTables(161)) - Using default column profile:DBProfile.DISK for Table:prefixTable
2019-09-25 05:59:20,032 [main] INFO  db.DBStoreBuilder (DBStoreBuilder.java:addTable(110)) - using custom profile for table: default
2019-09-25 05:59:20,032 [main] INFO  db.DBStoreBuilder (DBStoreBuilder.java:processTables(167)) - Using default column profile:DBProfile.DISK for Table:default
2019-09-25 05:59:20,033 [main] INFO  db.DBStoreBuilder (DBStoreBuilder.java:getDbProfile(198)) - Using default options. DBProfile.DISK
2019-09-25 05:59:20,306 [main] INFO  ipc.CallQueueManager (CallQueueManager.java:<init>(84)) - Using callQueue: class java.util.concurrent.LinkedBlockingQueue, queueCapacity: 2000, scheduler: class org.apache.hadoop.ipc.DefaultRpcScheduler, ipcBackoff: false.
2019-09-25 05:59:20,307 [Socket Reader #1 for port 46149] INFO  ipc.Server (Server.java:run(1074)) - Starting Socket Reader #1 for port 46149
2019-09-25 05:59:20,330 [main] INFO  om.OzoneManager (OzoneManager.java:start(1243)) - OzoneManager RPC server is listening at localhost/127.0.0.1:46149
2019-09-25 05:59:20,331 [main] INFO  impl.MetricsSystemImpl (MetricsSystemImpl.java:init(158)) - OzoneManager metrics system started (again)
2019-09-25 05:59:20,332 [IPC Server Responder] INFO  ipc.Server (Server.java:run(1314)) - IPC Server Responder: starting
2019-09-25 05:59:20,332 [IPC Server listener on 46149] INFO  ipc.Server (Server.java:run(1153)) - IPC Server listener on 46149: starting
2019-09-25 05:59:20,358 [main] INFO  hdfs.DFSUtil (DFSUtil.java:httpServerTemplateForNNAndJN(1641)) - Starting Web-server for ozoneManager at: http://0.0.0.0:0
2019-09-25 05:59:20,360 [main] INFO  server.AuthenticationFilter (AuthenticationFilter.java:constructSecretProvider(240)) - Unable to initialize FileSignerSecretProvider, falling back to use random secrets.
2019-09-25 05:59:20,360 [main] WARN  http.HttpRequestLog (HttpRequestLog.java:getRequestLog(97)) - Jetty request log can only be enabled using Log4j
2019-09-25 05:59:20,362 [main] INFO  http.HttpServer2 (HttpServer2.java:addGlobalFilter(975)) - Added global filter 'safety' (class=org.apache.hadoop.http.HttpServer2$QuotingInputFilter)
2019-09-25 05:59:20,363 [main] INFO  http.HttpServer2 (HttpServer2.java:addFilter(948)) - Added filter static_user_filter (class=org.apache.hadoop.http.lib.StaticUserWebFilter$StaticUserFilter) to context ozoneManager
2019-09-25 05:59:20,363 [main] INFO  http.HttpServer2 (HttpServer2.java:addFilter(958)) - Added filter static_user_filter (class=org.apache.hadoop.http.lib.StaticUserWebFilter$StaticUserFilter) to context logs
2019-09-25 05:59:20,363 [main] INFO  http.HttpServer2 (HttpServer2.java:addFilter(958)) - Added filter static_user_filter (class=org.apache.hadoop.http.lib.StaticUserWebFilter$StaticUserFilter) to context static
2019-09-25 05:59:20,365 [main] INFO  http.HttpServer2 (HttpServer2.java:bindListener(1191)) - Jetty bound to port 34701
2019-09-25 05:59:20,366 [main] INFO  server.Server (Server.java:doStart(351)) - jetty-9.3.25.v20180904, build timestamp: 2018-09-04T21:11:46Z, git hash: 3ce520221d0240229c862b122d2b06c12a625732
2019-09-25 05:59:20,368 [main] INFO  handler.ContextHandler (ContextHandler.java:doStart(781)) - Started o.e.j.s.ServletContextHandler@55b8dbda{/logs,file:///workdir/hadoop-ozone/tools/target/log,AVAILABLE}
2019-09-25 05:59:20,368 [main] INFO  handler.ContextHandler (ContextHandler.java:doStart(781)) - Started o.e.j.s.ServletContextHandler@3a022576{/static,jar:file:/home/user/.m2/repository/org/apache/hadoop/hadoop-ozone-ozone-manager/0.5.0-SNAPSHOT/hadoop-ozone-ozone-manager-0.5.0-SNAPSHOT.jar!/webapps/static,AVAILABLE}
2019-09-25 05:59:20,417 [main] INFO  handler.ContextHandler (ContextHandler.java:doStart(781)) - Started o.e.j.w.WebAppContext@388b401d{/,file:///tmp/jetty-0.0.0.0-34701-ozoneManager-_-any-2561811662691853118.dir/webapp/,AVAILABLE}{/ozoneManager}
2019-09-25 05:59:20,419 [main] INFO  server.AbstractConnector (AbstractConnector.java:doStart(278)) - Started ServerConnector@2bcec6a6{HTTP/1.1,[http/1.1]}{0.0.0.0:34701}
2019-09-25 05:59:20,419 [main] INFO  server.Server (Server.java:doStart(419)) - Started @4246ms
2019-09-25 05:59:20,420 [main] WARN  impl.MetricsSystemImpl (MetricsSystemImpl.java:register(276)) - Sink prometheus already exists!
2019-09-25 05:59:20,421 [main] INFO  server.BaseHttpServer (BaseHttpServer.java:updateConnectorAddress(215)) - HTTP server of OZONEMANAGER is listening at http://0.0.0.0:34701
2019-09-25 05:59:20,766 [main] INFO  impl.MetricsSystemImpl (MetricsSystemImpl.java:init(158)) - HddsDatanode metrics system started (again)
2019-09-25 05:59:20,825 [main] INFO  ozone.HddsDatanodeService (HddsDatanodeService.java:start(184)) - HddsDatanodeService host:pr-hdds-1569-zxpks-796972592 ip:192.168.5.161
2019-09-25 05:59:20,860 [main] INFO  volume.HddsVolume (HddsVolume.java:<init>(176)) - Creating Volume: /workdir/hadoop-ozone/tools/target/test-dir/MiniOzoneClusterImpl-b88d8d95-70e9-47b8-bab6-e4df0797a5ce/datanode-0/data/containers/hdds of  storage type : DISK and capacity : 1482555576320
2019-09-25 05:59:20,862 [main] INFO  volume.VolumeSet (VolumeSet.java:initializeVolumeSet(170)) - Added Volume : /workdir/hadoop-ozone/tools/target/test-dir/MiniOzoneClusterImpl-b88d8d95-70e9-47b8-bab6-e4df0797a5ce/datanode-0/data/containers/hdds to VolumeSet
2019-09-25 05:59:20,866 [main] INFO  volume.ThrottledAsyncChecker (ThrottledAsyncChecker.java:schedule(139)) - Scheduling a check for org.apache.hadoop.ozone.container.common.volume.HddsVolume@5ff60a8c
2019-09-25 05:59:20,884 [main] INFO  volume.HddsVolumeChecker (HddsVolumeChecker.java:checkAllVolumes(202)) - Scheduled health check for volume org.apache.hadoop.ozone.container.common.volume.HddsVolume@5ff60a8c
2019-09-25 05:59:21,054 [main] INFO  impl.RaftServerProxy (ConfUtils.java:logGet(43)) - raft.rpc.type = GRPC (default)
2019-09-25 05:59:21,156 [main] INFO  grpc.GrpcFactory (GrpcFactory.java:checkPooledByteBufAllocatorUseCacheForAllThreads(45)) - PERFORMANCE WARNING: useCacheForAllThreads is true that may cause Netty to create a lot garbage objects and, as a result, trigger GC.
	It is recommended to disable useCacheForAllThreads by setting -Dorg.apache.ratis.thirdparty.io.netty.allocator.useCacheForAllThreads=false in command line.
2019-09-25 05:59:21,162 [main] INFO  grpc.GrpcConfigKeys$Server (ConfUtils.java:logGet(43)) - raft.grpc.server.port = 0 (default)
2019-09-25 05:59:21,163 [main] INFO  server.GrpcService (ConfUtils.java:logGet(43)) - raft.grpc.message.size.max = 33570816 (custom)
2019-09-25 05:59:21,165 [main] INFO  server.RaftServerConfigKeys (ConfUtils.java:logGet(43)) - raft.server.log.appender.buffer.byte-limit = 33554432 (custom)
2019-09-25 05:59:21,166 [main] INFO  server.GrpcService (ConfUtils.java:logGet(43)) - raft.grpc.flow.control.window = 1MB (=1048576) (default)
2019-09-25 05:59:21,167 [main] INFO  server.RaftServerConfigKeys (ConfUtils.java:logGet(43)) - raft.server.rpc.request.timeout = 3000ms (default)
2019-09-25 05:59:21,352 [main] INFO  server.RaftServerConfigKeys (ConfUtils.java:logGet(43)) - raft.server.storage.dir = [/workdir/hadoop-ozone/tools/target/test-dir/MiniOzoneClusterImpl-b88d8d95-70e9-47b8-bab6-e4df0797a5ce/datanode-0/data/ratis] (custom)
2019-09-25 05:59:21,430 [main] INFO  hdfs.DFSUtil (DFSUtil.java:httpServerTemplateForNNAndJN(1641)) - Starting Web-server for hddsDatanode at: http://0.0.0.0:0
2019-09-25 05:59:21,433 [main] INFO  server.AuthenticationFilter (AuthenticationFilter.java:constructSecretProvider(240)) - Unable to initialize FileSignerSecretProvider, falling back to use random secrets.
2019-09-25 05:59:21,435 [main] WARN  http.HttpRequestLog (HttpRequestLog.java:getRequestLog(97)) - Jetty request log can only be enabled using Log4j
2019-09-25 05:59:21,438 [main] INFO  http.HttpServer2 (HttpServer2.java:addGlobalFilter(975)) - Added global filter 'safety' (class=org.apache.hadoop.http.HttpServer2$QuotingInputFilter)
2019-09-25 05:59:21,439 [main] INFO  http.HttpServer2 (HttpServer2.java:addFilter(948)) - Added filter static_user_filter (class=org.apache.hadoop.http.lib.StaticUserWebFilter$StaticUserFilter) to context hddsDatanode
2019-09-25 05:59:21,439 [main] INFO  http.HttpServer2 (HttpServer2.java:addFilter(958)) - Added filter static_user_filter (class=org.apache.hadoop.http.lib.StaticUserWebFilter$StaticUserFilter) to context logs
2019-09-25 05:59:21,439 [main] INFO  http.HttpServer2 (HttpServer2.java:addFilter(958)) - Added filter static_user_filter (class=org.apache.hadoop.http.lib.StaticUserWebFilter$StaticUserFilter) to context static
2019-09-25 05:59:21,442 [main] INFO  http.HttpServer2 (HttpServer2.java:bindListener(1191)) - Jetty bound to port 42651
2019-09-25 05:59:21,442 [main] INFO  server.Server (Server.java:doStart(351)) - jetty-9.3.25.v20180904, build timestamp: 2018-09-04T21:11:46Z, git hash: 3ce520221d0240229c862b122d2b06c12a625732
2019-09-25 05:59:21,446 [main] INFO  handler.ContextHandler (ContextHandler.java:doStart(781)) - Started o.e.j.s.ServletContextHandler@352c44a8{/logs,file:///workdir/hadoop-ozone/tools/target/log,AVAILABLE}
2019-09-25 05:59:21,447 [main] INFO  handler.ContextHandler (ContextHandler.java:doStart(781)) - Started o.e.j.s.ServletContextHandler@a66e580{/static,jar:file:/home/user/.m2/repository/org/apache/hadoop/hadoop-hdds-container-service/0.5.0-SNAPSHOT/hadoop-hdds-container-service-0.5.0-SNAPSHOT.jar!/webapps/static,AVAILABLE}
2019-09-25 05:59:21,494 [main] INFO  handler.ContextHandler (ContextHandler.java:doStart(781)) - Started o.e.j.w.WebAppContext@3dffc764{/,file:///tmp/jetty-0.0.0.0-42651-hddsDatanode-_-any-2776865239634746629.dir/webapp/,AVAILABLE}{/hddsDatanode}
2019-09-25 05:59:21,496 [main] INFO  server.AbstractConnector (AbstractConnector.java:doStart(278)) - Started ServerConnector@4b6e1c0{HTTP/1.1,[http/1.1]}{0.0.0.0:42651}
2019-09-25 05:59:21,498 [main] INFO  server.Server (Server.java:doStart(419)) - Started @5325ms
2019-09-25 05:59:21,498 [main] WARN  impl.MetricsSystemImpl (MetricsSystemImpl.java:register(276)) - Sink prometheus already exists!
2019-09-25 05:59:21,499 [main] INFO  server.BaseHttpServer (BaseHttpServer.java:updateConnectorAddress(215)) - HTTP server of HDDSDATANODE is listening at http://0.0.0.0:42651
2019-09-25 05:59:21,501 [main] INFO  impl.MetricsSystemImpl (MetricsSystemImpl.java:init(158)) - HddsDatanode metrics system started (again)
2019-09-25 05:59:21,506 [main] INFO  ozone.HddsDatanodeService (HddsDatanodeService.java:start(184)) - HddsDatanodeService host:pr-hdds-1569-zxpks-796972592 ip:192.168.5.161
2019-09-25 05:59:21,508 [org.apache.hadoop.util.JvmPauseMonitor$Monitor@5478c9] INFO  util.JvmPauseMonitor (JvmPauseMonitor.java:run(188)) - Starting JVM pause monitor
2019-09-25 05:59:21,517 [main] INFO  volume.HddsVolume (HddsVolume.java:<init>(176)) - Creating Volume: /workdir/hadoop-ozone/tools/target/test-dir/MiniOzoneClusterImpl-b88d8d95-70e9-47b8-bab6-e4df0797a5ce/datanode-1/data/containers/hdds of  storage type : DISK and capacity : 1482555576320
2019-09-25 05:59:21,517 [main] INFO  volume.VolumeSet (VolumeSet.java:initializeVolumeSet(170)) - Added Volume : /workdir/hadoop-ozone/tools/target/test-dir/MiniOzoneClusterImpl-b88d8d95-70e9-47b8-bab6-e4df0797a5ce/datanode-1/data/containers/hdds to VolumeSet
2019-09-25 05:59:21,518 [main] INFO  volume.ThrottledAsyncChecker (ThrottledAsyncChecker.java:schedule(139)) - Scheduling a check for org.apache.hadoop.ozone.container.common.volume.HddsVolume@12fcc71f
2019-09-25 05:59:21,518 [main] INFO  volume.HddsVolumeChecker (HddsVolumeChecker.java:checkAllVolumes(202)) - Scheduled health check for volume org.apache.hadoop.ozone.container.common.volume.HddsVolume@12fcc71f
2019-09-25 05:59:21,535 [main] INFO  impl.RaftServerProxy (ConfUtils.java:logGet(43)) - raft.rpc.type = GRPC (default)
2019-09-25 05:59:21,535 [main] INFO  grpc.GrpcFactory (GrpcFactory.java:checkPooledByteBufAllocatorUseCacheForAllThreads(45)) - PERFORMANCE WARNING: useCacheForAllThreads is true that may cause Netty to create a lot garbage objects and, as a result, trigger GC.
	It is recommended to disable useCacheForAllThreads by setting -Dorg.apache.ratis.thirdparty.io.netty.allocator.useCacheForAllThreads=false in command line.
2019-09-25 05:59:21,535 [main] INFO  grpc.GrpcConfigKeys$Server (ConfUtils.java:logGet(43)) - raft.grpc.server.port = 0 (default)
2019-09-25 05:59:21,535 [main] INFO  server.GrpcService (ConfUtils.java:logGet(43)) - raft.grpc.message.size.max = 33570816 (custom)
2019-09-25 05:59:21,536 [main] INFO  server.RaftServerConfigKeys (ConfUtils.java:logGet(43)) - raft.server.log.appender.buffer.byte-limit = 33554432 (custom)
2019-09-25 05:59:21,536 [main] INFO  server.GrpcService (ConfUtils.java:logGet(43)) - raft.grpc.flow.control.window = 1MB (=1048576) (default)
2019-09-25 05:59:21,536 [main] INFO  server.RaftServerConfigKeys (ConfUtils.java:logGet(43)) - raft.server.rpc.request.timeout = 3000ms (default)
2019-09-25 05:59:21,537 [main] INFO  server.RaftServerConfigKeys (ConfUtils.java:logGet(43)) - raft.server.storage.dir = [/workdir/hadoop-ozone/tools/target/test-dir/MiniOzoneClusterImpl-b88d8d95-70e9-47b8-bab6-e4df0797a5ce/datanode-1/data/ratis] (custom)
2019-09-25 05:59:21,539 [main] INFO  hdfs.DFSUtil (DFSUtil.java:httpServerTemplateForNNAndJN(1641)) - Starting Web-server for hddsDatanode at: http://0.0.0.0:0
2019-09-25 05:59:21,540 [main] INFO  server.AuthenticationFilter (AuthenticationFilter.java:constructSecretProvider(240)) - Unable to initialize FileSignerSecretProvider, falling back to use random secrets.
2019-09-25 05:59:21,541 [main] WARN  http.HttpRequestLog (HttpRequestLog.java:getRequestLog(97)) - Jetty request log can only be enabled using Log4j
2019-09-25 05:59:21,543 [main] INFO  http.HttpServer2 (HttpServer2.java:addGlobalFilter(975)) - Added global filter 'safety' (class=org.apache.hadoop.http.HttpServer2$QuotingInputFilter)
2019-09-25 05:59:21,543 [main] INFO  http.HttpServer2 (HttpServer2.java:addFilter(948)) - Added filter static_user_filter (class=org.apache.hadoop.http.lib.StaticUserWebFilter$StaticUserFilter) to context hddsDatanode
2019-09-25 05:59:21,544 [main] INFO  http.HttpServer2 (HttpServer2.java:addFilter(958)) - Added filter static_user_filter (class=org.apache.hadoop.http.lib.StaticUserWebFilter$StaticUserFilter) to context static
2019-09-25 05:59:21,544 [main] INFO  http.HttpServer2 (HttpServer2.java:addFilter(958)) - Added filter static_user_filter (class=org.apache.hadoop.http.lib.StaticUserWebFilter$StaticUserFilter) to context logs
2019-09-25 05:59:21,544 [main] INFO  http.HttpServer2 (HttpServer2.java:bindListener(1191)) - Jetty bound to port 40723
2019-09-25 05:59:21,545 [main] INFO  server.Server (Server.java:doStart(351)) - jetty-9.3.25.v20180904, build timestamp: 2018-09-04T21:11:46Z, git hash: 3ce520221d0240229c862b122d2b06c12a625732
2019-09-25 05:59:21,548 [main] INFO  handler.ContextHandler (ContextHandler.java:doStart(781)) - Started o.e.j.s.ServletContextHandler@7bc44ce8{/logs,file:///workdir/hadoop-ozone/tools/target/log,AVAILABLE}
2019-09-25 05:59:21,549 [main] INFO  handler.ContextHandler (ContextHandler.java:doStart(781)) - Started o.e.j.s.ServletContextHandler@58472096{/static,jar:file:/home/user/.m2/repository/org/apache/hadoop/hadoop-hdds-container-service/0.5.0-SNAPSHOT/hadoop-hdds-container-service-0.5.0-SNAPSHOT.jar!/webapps/static,AVAILABLE}
2019-09-25 05:59:21,577 [main] INFO  handler.ContextHandler (ContextHandler.java:doStart(781)) - Started o.e.j.w.WebAppContext@2e66bc32{/,file:///tmp/jetty-0.0.0.0-40723-hddsDatanode-_-any-5164977379253907853.dir/webapp/,AVAILABLE}{/hddsDatanode}
2019-09-25 05:59:21,578 [main] INFO  server.AbstractConnector (AbstractConnector.java:doStart(278)) - Started ServerConnector@54d8c20d{HTTP/1.1,[http/1.1]}{0.0.0.0:40723}
2019-09-25 05:59:21,578 [main] INFO  server.Server (Server.java:doStart(419)) - Started @5406ms
2019-09-25 05:59:21,580 [main] WARN  impl.MetricsSystemImpl (MetricsSystemImpl.java:register(276)) - Sink prometheus already exists!
2019-09-25 05:59:21,581 [main] INFO  server.BaseHttpServer (BaseHttpServer.java:updateConnectorAddress(215)) - HTTP server of HDDSDATANODE is listening at http://0.0.0.0:40723
2019-09-25 05:59:21,581 [main] INFO  impl.MetricsSystemImpl (MetricsSystemImpl.java:init(158)) - HddsDatanode metrics system started (again)
2019-09-25 05:59:21,584 [org.apache.hadoop.util.JvmPauseMonitor$Monitor@60ecf86a] INFO  util.JvmPauseMonitor (JvmPauseMonitor.java:run(188)) - Starting JVM pause monitor
2019-09-25 05:59:21,585 [main] INFO  ozone.HddsDatanodeService (HddsDatanodeService.java:start(184)) - HddsDatanodeService host:pr-hdds-1569-zxpks-796972592 ip:192.168.5.161
2019-09-25 05:59:21,593 [main] INFO  volume.HddsVolume (HddsVolume.java:<init>(176)) - Creating Volume: /workdir/hadoop-ozone/tools/target/test-dir/MiniOzoneClusterImpl-b88d8d95-70e9-47b8-bab6-e4df0797a5ce/datanode-2/data/containers/hdds of  storage type : DISK and capacity : 1482555576320
2019-09-25 05:59:21,594 [main] INFO  volume.VolumeSet (VolumeSet.java:initializeVolumeSet(170)) - Added Volume : /workdir/hadoop-ozone/tools/target/test-dir/MiniOzoneClusterImpl-b88d8d95-70e9-47b8-bab6-e4df0797a5ce/datanode-2/data/containers/hdds to VolumeSet
2019-09-25 05:59:21,594 [main] INFO  volume.ThrottledAsyncChecker (ThrottledAsyncChecker.java:schedule(139)) - Scheduling a check for org.apache.hadoop.ozone.container.common.volume.HddsVolume@4faa298
2019-09-25 05:59:21,594 [main] INFO  volume.HddsVolumeChecker (HddsVolumeChecker.java:checkAllVolumes(202)) - Scheduled health check for volume org.apache.hadoop.ozone.container.common.volume.HddsVolume@4faa298
2019-09-25 05:59:21,609 [main] INFO  impl.RaftServerProxy (ConfUtils.java:logGet(43)) - raft.rpc.type = GRPC (default)
2019-09-25 05:59:21,609 [main] INFO  grpc.GrpcFactory (GrpcFactory.java:checkPooledByteBufAllocatorUseCacheForAllThreads(45)) - PERFORMANCE WARNING: useCacheForAllThreads is true that may cause Netty to create a lot garbage objects and, as a result, trigger GC.
	It is recommended to disable useCacheForAllThreads by setting -Dorg.apache.ratis.thirdparty.io.netty.allocator.useCacheForAllThreads=false in command line.
2019-09-25 05:59:21,609 [main] INFO  grpc.GrpcConfigKeys$Server (ConfUtils.java:logGet(43)) - raft.grpc.server.port = 0 (default)
2019-09-25 05:59:21,609 [main] INFO  server.GrpcService (ConfUtils.java:logGet(43)) - raft.grpc.message.size.max = 33570816 (custom)
2019-09-25 05:59:21,610 [main] INFO  server.RaftServerConfigKeys (ConfUtils.java:logGet(43)) - raft.server.log.appender.buffer.byte-limit = 33554432 (custom)
2019-09-25 05:59:21,610 [main] INFO  server.GrpcService (ConfUtils.java:logGet(43)) - raft.grpc.flow.control.window = 1MB (=1048576) (default)
2019-09-25 05:59:21,610 [main] INFO  server.RaftServerConfigKeys (ConfUtils.java:logGet(43)) - raft.server.rpc.request.timeout = 3000ms (default)
2019-09-25 05:59:21,611 [main] INFO  server.RaftServerConfigKeys (ConfUtils.java:logGet(43)) - raft.server.storage.dir = [/workdir/hadoop-ozone/tools/target/test-dir/MiniOzoneClusterImpl-b88d8d95-70e9-47b8-bab6-e4df0797a5ce/datanode-2/data/ratis] (custom)
2019-09-25 05:59:21,613 [main] INFO  hdfs.DFSUtil (DFSUtil.java:httpServerTemplateForNNAndJN(1641)) - Starting Web-server for hddsDatanode at: http://0.0.0.0:0
2019-09-25 05:59:21,614 [main] INFO  server.AuthenticationFilter (AuthenticationFilter.java:constructSecretProvider(240)) - Unable to initialize FileSignerSecretProvider, falling back to use random secrets.
2019-09-25 05:59:21,614 [main] WARN  http.HttpRequestLog (HttpRequestLog.java:getRequestLog(97)) - Jetty request log can only be enabled using Log4j
2019-09-25 05:59:21,616 [main] INFO  http.HttpServer2 (HttpServer2.java:addGlobalFilter(975)) - Added global filter 'safety' (class=org.apache.hadoop.http.HttpServer2$QuotingInputFilter)
2019-09-25 05:59:21,616 [main] INFO  http.HttpServer2 (HttpServer2.java:addFilter(948)) - Added filter static_user_filter (class=org.apache.hadoop.http.lib.StaticUserWebFilter$StaticUserFilter) to context hddsDatanode
2019-09-25 05:59:21,616 [main] INFO  http.HttpServer2 (HttpServer2.java:addFilter(958)) - Added filter static_user_filter (class=org.apache.hadoop.http.lib.StaticUserWebFilter$StaticUserFilter) to context static
2019-09-25 05:59:21,617 [main] INFO  http.HttpServer2 (HttpServer2.java:addFilter(958)) - Added filter static_user_filter (class=org.apache.hadoop.http.lib.StaticUserWebFilter$StaticUserFilter) to context logs
2019-09-25 05:59:21,617 [main] INFO  http.HttpServer2 (HttpServer2.java:bindListener(1191)) - Jetty bound to port 45925
2019-09-25 05:59:21,617 [main] INFO  server.Server (Server.java:doStart(351)) - jetty-9.3.25.v20180904, build timestamp: 2018-09-04T21:11:46Z, git hash: 3ce520221d0240229c862b122d2b06c12a625732
2019-09-25 05:59:21,619 [main] INFO  handler.ContextHandler (ContextHandler.java:doStart(781)) - Started o.e.j.s.ServletContextHandler@5dd903be{/logs,file:///workdir/hadoop-ozone/tools/target/log,AVAILABLE}
2019-09-25 05:59:21,620 [main] INFO  handler.ContextHandler (ContextHandler.java:doStart(781)) - Started o.e.j.s.ServletContextHandler@4a163575{/static,jar:file:/home/user/.m2/repository/org/apache/hadoop/hadoop-hdds-container-service/0.5.0-SNAPSHOT/hadoop-hdds-container-service-0.5.0-SNAPSHOT.jar!/webapps/static,AVAILABLE}
2019-09-25 05:59:21,649 [main] INFO  handler.ContextHandler (ContextHandler.java:doStart(781)) - Started o.e.j.w.WebAppContext@74ecacc3{/,file:///tmp/jetty-0.0.0.0-45925-hddsDatanode-_-any-7532835270136490658.dir/webapp/,AVAILABLE}{/hddsDatanode}
2019-09-25 05:59:21,650 [main] INFO  server.AbstractConnector (AbstractConnector.java:doStart(278)) - Started ServerConnector@517a2b0{HTTP/1.1,[http/1.1]}{0.0.0.0:45925}
2019-09-25 05:59:21,651 [main] INFO  server.Server (Server.java:doStart(419)) - Started @5478ms
2019-09-25 05:59:21,652 [main] WARN  impl.MetricsSystemImpl (MetricsSystemImpl.java:register(276)) - Sink prometheus already exists!
2019-09-25 05:59:21,652 [main] INFO  server.BaseHttpServer (BaseHttpServer.java:updateConnectorAddress(215)) - HTTP server of HDDSDATANODE is listening at http://0.0.0.0:45925
2019-09-25 05:59:21,653 [main] INFO  impl.MetricsSystemImpl (MetricsSystemImpl.java:init(158)) - HddsDatanode metrics system started (again)
2019-09-25 05:59:21,653 [Datanode State Machine Thread - 0] INFO  datanode.InitDatanodeState (InitDatanodeState.java:persistContainerDatanodeDetails(140)) - DatanodeDetails is persisted to /workdir/hadoop-ozone/tools/target/test-dir/MiniOzoneClusterImpl-b88d8d95-70e9-47b8-bab6-e4df0797a5ce/datanode-0/meta/datanode.id
2019-09-25 05:59:21,661 [main] INFO  ozone.HddsDatanodeService (HddsDatanodeService.java:start(184)) - HddsDatanodeService host:pr-hdds-1569-zxpks-796972592 ip:192.168.5.161
2019-09-25 05:59:21,661 [org.apache.hadoop.util.JvmPauseMonitor$Monitor@6801ca99] INFO  util.JvmPauseMonitor (JvmPauseMonitor.java:run(188)) - Starting JVM pause monitor
2019-09-25 05:59:21,662 [Datanode State Machine Thread - 0] INFO  datanode.InitDatanodeState (InitDatanodeState.java:persistContainerDatanodeDetails(140)) - DatanodeDetails is persisted to /workdir/hadoop-ozone/tools/target/test-dir/MiniOzoneClusterImpl-b88d8d95-70e9-47b8-bab6-e4df0797a5ce/datanode-1/meta/datanode.id
2019-09-25 05:59:21,664 [Datanode State Machine Thread - 0] INFO  datanode.InitDatanodeState (InitDatanodeState.java:persistContainerDatanodeDetails(140)) - DatanodeDetails is persisted to /workdir/hadoop-ozone/tools/target/test-dir/MiniOzoneClusterImpl-b88d8d95-70e9-47b8-bab6-e4df0797a5ce/datanode-2/meta/datanode.id
2019-09-25 05:59:21,669 [main] INFO  volume.HddsVolume (HddsVolume.java:<init>(176)) - Creating Volume: /workdir/hadoop-ozone/tools/target/test-dir/MiniOzoneClusterImpl-b88d8d95-70e9-47b8-bab6-e4df0797a5ce/datanode-3/data/containers/hdds of  storage type : DISK and capacity : 1482555576320
2019-09-25 05:59:21,670 [main] INFO  volume.VolumeSet (VolumeSet.java:initializeVolumeSet(170)) - Added Volume : /workdir/hadoop-ozone/tools/target/test-dir/MiniOzoneClusterImpl-b88d8d95-70e9-47b8-bab6-e4df0797a5ce/datanode-3/data/containers/hdds to VolumeSet
2019-09-25 05:59:21,670 [main] INFO  volume.ThrottledAsyncChecker (ThrottledAsyncChecker.java:schedule(139)) - Scheduling a check for org.apache.hadoop.ozone.container.common.volume.HddsVolume@642f9a77
2019-09-25 05:59:21,670 [main] INFO  volume.HddsVolumeChecker (HddsVolumeChecker.java:checkAllVolumes(202)) - Scheduled health check for volume org.apache.hadoop.ozone.container.common.volume.HddsVolume@642f9a77
2019-09-25 05:59:21,685 [main] INFO  impl.RaftServerProxy (ConfUtils.java:logGet(43)) - raft.rpc.type = GRPC (default)
2019-09-25 05:59:21,686 [main] INFO  grpc.GrpcFactory (GrpcFactory.java:checkPooledByteBufAllocatorUseCacheForAllThreads(45)) - PERFORMANCE WARNING: useCacheForAllThreads is true that may cause Netty to create a lot garbage objects and, as a result, trigger GC.
	It is recommended to disable useCacheForAllThreads by setting -Dorg.apache.ratis.thirdparty.io.netty.allocator.useCacheForAllThreads=false in command line.
2019-09-25 05:59:21,686 [main] INFO  grpc.GrpcConfigKeys$Server (ConfUtils.java:logGet(43)) - raft.grpc.server.port = 0 (default)
2019-09-25 05:59:21,686 [main] INFO  server.GrpcService (ConfUtils.java:logGet(43)) - raft.grpc.message.size.max = 33570816 (custom)
2019-09-25 05:59:21,686 [main] INFO  server.RaftServerConfigKeys (ConfUtils.java:logGet(43)) - raft.server.log.appender.buffer.byte-limit = 33554432 (custom)
2019-09-25 05:59:21,687 [main] INFO  server.GrpcService (ConfUtils.java:logGet(43)) - raft.grpc.flow.control.window = 1MB (=1048576) (default)
2019-09-25 05:59:21,687 [main] INFO  server.RaftServerConfigKeys (ConfUtils.java:logGet(43)) - raft.server.rpc.request.timeout = 3000ms (default)
2019-09-25 05:59:21,688 [main] INFO  server.RaftServerConfigKeys (ConfUtils.java:logGet(43)) - raft.server.storage.dir = [/workdir/hadoop-ozone/tools/target/test-dir/MiniOzoneClusterImpl-b88d8d95-70e9-47b8-bab6-e4df0797a5ce/datanode-3/data/ratis] (custom)
2019-09-25 05:59:21,689 [main] INFO  hdfs.DFSUtil (DFSUtil.java:httpServerTemplateForNNAndJN(1641)) - Starting Web-server for hddsDatanode at: http://0.0.0.0:0
2019-09-25 05:59:21,690 [main] INFO  server.AuthenticationFilter (AuthenticationFilter.java:constructSecretProvider(240)) - Unable to initialize FileSignerSecretProvider, falling back to use random secrets.
2019-09-25 05:59:21,691 [main] WARN  http.HttpRequestLog (HttpRequestLog.java:getRequestLog(97)) - Jetty request log can only be enabled using Log4j
2019-09-25 05:59:21,693 [main] INFO  http.HttpServer2 (HttpServer2.java:addGlobalFilter(975)) - Added global filter 'safety' (class=org.apache.hadoop.http.HttpServer2$QuotingInputFilter)
2019-09-25 05:59:21,693 [main] INFO  http.HttpServer2 (HttpServer2.java:addFilter(948)) - Added filter static_user_filter (class=org.apache.hadoop.http.lib.StaticUserWebFilter$StaticUserFilter) to context hddsDatanode
2019-09-25 05:59:21,693 [main] INFO  http.HttpServer2 (HttpServer2.java:addFilter(958)) - Added filter static_user_filter (class=org.apache.hadoop.http.lib.StaticUserWebFilter$StaticUserFilter) to context logs
2019-09-25 05:59:21,694 [main] INFO  http.HttpServer2 (HttpServer2.java:addFilter(958)) - Added filter static_user_filter (class=org.apache.hadoop.http.lib.StaticUserWebFilter$StaticUserFilter) to context static
2019-09-25 05:59:21,694 [main] INFO  http.HttpServer2 (HttpServer2.java:bindListener(1191)) - Jetty bound to port 39759
2019-09-25 05:59:21,694 [main] INFO  server.Server (Server.java:doStart(351)) - jetty-9.3.25.v20180904, build timestamp: 2018-09-04T21:11:46Z, git hash: 3ce520221d0240229c862b122d2b06c12a625732
2019-09-25 05:59:21,698 [main] INFO  handler.ContextHandler (ContextHandler.java:doStart(781)) - Started o.e.j.s.ServletContextHandler@181b8c4b{/logs,file:///workdir/hadoop-ozone/tools/target/log,AVAILABLE}
2019-09-25 05:59:21,699 [main] INFO  handler.ContextHandler (ContextHandler.java:doStart(781)) - Started o.e.j.s.ServletContextHandler@437486cd{/static,jar:file:/home/user/.m2/repository/org/apache/hadoop/hadoop-hdds-container-service/0.5.0-SNAPSHOT/hadoop-hdds-container-service-0.5.0-SNAPSHOT.jar!/webapps/static,AVAILABLE}
2019-09-25 05:59:21,736 [main] INFO  handler.ContextHandler (ContextHandler.java:doStart(781)) - Started o.e.j.w.WebAppContext@77a074b4{/,file:///tmp/jetty-0.0.0.0-39759-hddsDatanode-_-any-3083061879675099494.dir/webapp/,AVAILABLE}{/hddsDatanode}
2019-09-25 05:59:21,736 [main] INFO  server.AbstractConnector (AbstractConnector.java:doStart(278)) - Started ServerConnector@333c8791{HTTP/1.1,[http/1.1]}{0.0.0.0:39759}
2019-09-25 05:59:21,737 [main] INFO  server.Server (Server.java:doStart(419)) - Started @5565ms
2019-09-25 05:59:21,738 [main] WARN  impl.MetricsSystemImpl (MetricsSystemImpl.java:register(276)) - Sink prometheus already exists!
2019-09-25 05:59:21,741 [main] INFO  server.BaseHttpServer (BaseHttpServer.java:updateConnectorAddress(215)) - HTTP server of HDDSDATANODE is listening at http://0.0.0.0:39759
2019-09-25 05:59:21,742 [main] INFO  impl.MetricsSystemImpl (MetricsSystemImpl.java:init(158)) - HddsDatanode metrics system started (again)
2019-09-25 05:59:21,746 [org.apache.hadoop.util.JvmPauseMonitor$Monitor@2301de66] INFO  util.JvmPauseMonitor (JvmPauseMonitor.java:run(188)) - Starting JVM pause monitor
2019-09-25 05:59:21,747 [main] INFO  ozone.HddsDatanodeService (HddsDatanodeService.java:start(184)) - HddsDatanodeService host:pr-hdds-1569-zxpks-796972592 ip:192.168.5.161
2019-09-25 05:59:21,750 [Datanode State Machine Thread - 0] INFO  datanode.InitDatanodeState (InitDatanodeState.java:persistContainerDatanodeDetails(140)) - DatanodeDetails is persisted to /workdir/hadoop-ozone/tools/target/test-dir/MiniOzoneClusterImpl-b88d8d95-70e9-47b8-bab6-e4df0797a5ce/datanode-3/meta/datanode.id
2019-09-25 05:59:21,759 [main] INFO  volume.HddsVolume (HddsVolume.java:<init>(176)) - Creating Volume: /workdir/hadoop-ozone/tools/target/test-dir/MiniOzoneClusterImpl-b88d8d95-70e9-47b8-bab6-e4df0797a5ce/datanode-4/data/containers/hdds of  storage type : DISK and capacity : 1482555576320
2019-09-25 05:59:21,759 [main] INFO  volume.VolumeSet (VolumeSet.java:initializeVolumeSet(170)) - Added Volume : /workdir/hadoop-ozone/tools/target/test-dir/MiniOzoneClusterImpl-b88d8d95-70e9-47b8-bab6-e4df0797a5ce/datanode-4/data/containers/hdds to VolumeSet
2019-09-25 05:59:21,759 [main] INFO  volume.ThrottledAsyncChecker (ThrottledAsyncChecker.java:schedule(139)) - Scheduling a check for org.apache.hadoop.ozone.container.common.volume.HddsVolume@44cffc25
2019-09-25 05:59:21,760 [main] INFO  volume.HddsVolumeChecker (HddsVolumeChecker.java:checkAllVolumes(202)) - Scheduled health check for volume org.apache.hadoop.ozone.container.common.volume.HddsVolume@44cffc25
2019-09-25 05:59:21,782 [main] INFO  impl.RaftServerProxy (ConfUtils.java:logGet(43)) - raft.rpc.type = GRPC (default)
2019-09-25 05:59:21,783 [main] INFO  grpc.GrpcFactory (GrpcFactory.java:checkPooledByteBufAllocatorUseCacheForAllThreads(45)) - PERFORMANCE WARNING: useCacheForAllThreads is true that may cause Netty to create a lot garbage objects and, as a result, trigger GC.
	It is recommended to disable useCacheForAllThreads by setting -Dorg.apache.ratis.thirdparty.io.netty.allocator.useCacheForAllThreads=false in command line.
2019-09-25 05:59:21,783 [main] INFO  grpc.GrpcConfigKeys$Server (ConfUtils.java:logGet(43)) - raft.grpc.server.port = 0 (default)
2019-09-25 05:59:21,783 [main] INFO  server.GrpcService (ConfUtils.java:logGet(43)) - raft.grpc.message.size.max = 33570816 (custom)
2019-09-25 05:59:21,783 [main] INFO  server.RaftServerConfigKeys (ConfUtils.java:logGet(43)) - raft.server.log.appender.buffer.byte-limit = 33554432 (custom)
2019-09-25 05:59:21,784 [main] INFO  server.GrpcService (ConfUtils.java:logGet(43)) - raft.grpc.flow.control.window = 1MB (=1048576) (default)
2019-09-25 05:59:21,784 [main] INFO  server.RaftServerConfigKeys (ConfUtils.java:logGet(43)) - raft.server.rpc.request.timeout = 3000ms (default)
2019-09-25 05:59:21,785 [main] INFO  server.RaftServerConfigKeys (ConfUtils.java:logGet(43)) - raft.server.storage.dir = [/workdir/hadoop-ozone/tools/target/test-dir/MiniOzoneClusterImpl-b88d8d95-70e9-47b8-bab6-e4df0797a5ce/datanode-4/data/ratis] (custom)
2019-09-25 05:59:21,787 [main] INFO  hdfs.DFSUtil (DFSUtil.java:httpServerTemplateForNNAndJN(1641)) - Starting Web-server for hddsDatanode at: http://0.0.0.0:0
2019-09-25 05:59:21,789 [main] INFO  server.AuthenticationFilter (AuthenticationFilter.java:constructSecretProvider(240)) - Unable to initialize FileSignerSecretProvider, falling back to use random secrets.
2019-09-25 05:59:21,790 [main] WARN  http.HttpRequestLog (HttpRequestLog.java:getRequestLog(97)) - Jetty request log can only be enabled using Log4j
2019-09-25 05:59:21,793 [main] INFO  http.HttpServer2 (HttpServer2.java:addGlobalFilter(975)) - Added global filter 'safety' (class=org.apache.hadoop.http.HttpServer2$QuotingInputFilter)
2019-09-25 05:59:21,794 [main] INFO  http.HttpServer2 (HttpServer2.java:addFilter(948)) - Added filter static_user_filter (class=org.apache.hadoop.http.lib.StaticUserWebFilter$StaticUserFilter) to context hddsDatanode
2019-09-25 05:59:21,794 [main] INFO  http.HttpServer2 (HttpServer2.java:addFilter(958)) - Added filter static_user_filter (class=org.apache.hadoop.http.lib.StaticUserWebFilter$StaticUserFilter) to context logs
2019-09-25 05:59:21,794 [main] INFO  http.HttpServer2 (HttpServer2.java:addFilter(958)) - Added filter static_user_filter (class=org.apache.hadoop.http.lib.StaticUserWebFilter$StaticUserFilter) to context static
2019-09-25 05:59:21,795 [main] INFO  http.HttpServer2 (HttpServer2.java:bindListener(1191)) - Jetty bound to port 42234
2019-09-25 05:59:21,796 [main] INFO  server.Server (Server.java:doStart(351)) - jetty-9.3.25.v20180904, build timestamp: 2018-09-04T21:11:46Z, git hash: 3ce520221d0240229c862b122d2b06c12a625732
2019-09-25 05:59:21,798 [main] INFO  handler.ContextHandler (ContextHandler.java:doStart(781)) - Started o.e.j.s.ServletContextHandler@10b1a751{/logs,file:///workdir/hadoop-ozone/tools/target/log,AVAILABLE}
2019-09-25 05:59:21,799 [main] INFO  handler.ContextHandler (ContextHandler.java:doStart(781)) - Started o.e.j.s.ServletContextHandler@7b306b9f{/static,jar:file:/home/user/.m2/repository/org/apache/hadoop/hadoop-hdds-container-service/0.5.0-SNAPSHOT/hadoop-hdds-container-service-0.5.0-SNAPSHOT.jar!/webapps/static,AVAILABLE}
2019-09-25 05:59:21,837 [main] INFO  handler.ContextHandler (ContextHandler.java:doStart(781)) - Started o.e.j.w.WebAppContext@117d32e{/,file:///tmp/jetty-0.0.0.0-42234-hddsDatanode-_-any-1817626376953084137.dir/webapp/,AVAILABLE}{/hddsDatanode}
2019-09-25 05:59:21,839 [main] INFO  server.AbstractConnector (AbstractConnector.java:doStart(278)) - Started ServerConnector@51d387d3{HTTP/1.1,[http/1.1]}{0.0.0.0:42234}
2019-09-25 05:59:21,839 [main] INFO  server.Server (Server.java:doStart(419)) - Started @5666ms
2019-09-25 05:59:21,839 [main] WARN  impl.MetricsSystemImpl (MetricsSystemImpl.java:register(276)) - Sink prometheus already exists!
2019-09-25 05:59:21,840 [main] INFO  server.BaseHttpServer (BaseHttpServer.java:updateConnectorAddress(215)) - HTTP server of HDDSDATANODE is listening at http://0.0.0.0:42234
2019-09-25 05:59:21,842 [main] INFO  ozone.MiniOzoneClusterImpl (MiniOzoneClusterImpl.java:lambda$waitForClusterToBeReady$0(147)) - Waiting for cluster to be ready. Got 0 of 5 DN Heartbeats.
2019-09-25 05:59:21,844 [org.apache.hadoop.util.JvmPauseMonitor$Monitor@6301cfa1] INFO  util.JvmPauseMonitor (JvmPauseMonitor.java:run(188)) - Starting JVM pause monitor
2019-09-25 05:59:21,847 [Datanode State Machine Thread - 0] INFO  datanode.InitDatanodeState (InitDatanodeState.java:persistContainerDatanodeDetails(140)) - DatanodeDetails is persisted to /workdir/hadoop-ozone/tools/target/test-dir/MiniOzoneClusterImpl-b88d8d95-70e9-47b8-bab6-e4df0797a5ce/datanode-4/meta/datanode.id
2019-09-25 05:59:22,843 [main] INFO  ozone.MiniOzoneClusterImpl (MiniOzoneClusterImpl.java:lambda$waitForClusterToBeReady$0(147)) - Waiting for cluster to be ready. Got 0 of 5 DN Heartbeats.
2019-09-25 05:59:23,573 [Datanode State Machine Thread - 0] INFO  ozoneimpl.OzoneContainer (OzoneContainer.java:start(217)) - Attempting to start container services.
2019-09-25 05:59:23,576 [Datanode State Machine Thread - 0] INFO  ozoneimpl.OzoneContainer (OzoneContainer.java:startContainerScrub(179)) - Background container scanner has been disabled.
2019-09-25 05:59:23,576 [Datanode State Machine Thread - 0] INFO  ratis.XceiverServerRatis (XceiverServerRatis.java:start(411)) - Starting XceiverServerRatis dcfa33bc-9001-4365-ad5d-758174e05f4c at port 0
2019-09-25 05:59:23,602 [Datanode State Machine Thread - 0] INFO  ozoneimpl.OzoneContainer (OzoneContainer.java:start(217)) - Attempting to start container services.
2019-09-25 05:59:23,613 [Datanode State Machine Thread - 0] INFO  ozoneimpl.OzoneContainer (OzoneContainer.java:startContainerScrub(179)) - Background container scanner has been disabled.
2019-09-25 05:59:23,614 [Datanode State Machine Thread - 0] INFO  ratis.XceiverServerRatis (XceiverServerRatis.java:start(411)) - Starting XceiverServerRatis a70ebb95-9827-4ee9-872e-51470ad9f886 at port 0
2019-09-25 05:59:23,615 [Datanode State Machine Thread - 0] INFO  impl.RaftServerProxy (RaftServerProxy.java:lambda$start$3(299)) - dcfa33bc-9001-4365-ad5d-758174e05f4c: start RPC server
2019-09-25 05:59:23,628 [Datanode State Machine Thread - 0] INFO  impl.RaftServerProxy (RaftServerProxy.java:lambda$start$3(299)) - a70ebb95-9827-4ee9-872e-51470ad9f886: start RPC server
2019-09-25 05:59:23,680 [Datanode State Machine Thread - 0] INFO  ozoneimpl.OzoneContainer (OzoneContainer.java:start(217)) - Attempting to start container services.
2019-09-25 05:59:23,682 [Datanode State Machine Thread - 0] INFO  ozoneimpl.OzoneContainer (OzoneContainer.java:startContainerScrub(179)) - Background container scanner has been disabled.
2019-09-25 05:59:23,682 [Datanode State Machine Thread - 0] INFO  ratis.XceiverServerRatis (XceiverServerRatis.java:start(411)) - Starting XceiverServerRatis f8d3684d-44eb-42fd-8c21-2b8ad1aff988 at port 0
2019-09-25 05:59:23,696 [Datanode State Machine Thread - 0] INFO  impl.RaftServerProxy (RaftServerProxy.java:lambda$start$3(299)) - f8d3684d-44eb-42fd-8c21-2b8ad1aff988: start RPC server
2019-09-25 05:59:23,767 [Datanode State Machine Thread - 0] INFO  ozoneimpl.OzoneContainer (OzoneContainer.java:start(217)) - Attempting to start container services.
2019-09-25 05:59:23,769 [Datanode State Machine Thread - 0] INFO  ozoneimpl.OzoneContainer (OzoneContainer.java:startContainerScrub(179)) - Background container scanner has been disabled.
2019-09-25 05:59:23,770 [Datanode State Machine Thread - 0] INFO  ratis.XceiverServerRatis (XceiverServerRatis.java:start(411)) - Starting XceiverServerRatis 747dc408-4358-429b-ab46-4dec55806d9b at port 0
2019-09-25 05:59:23,779 [Datanode State Machine Thread - 0] INFO  impl.RaftServerProxy (RaftServerProxy.java:lambda$start$3(299)) - 747dc408-4358-429b-ab46-4dec55806d9b: start RPC server
2019-09-25 05:59:23,825 [Datanode State Machine Thread - 0] INFO  server.GrpcService (GrpcService.java:startImpl(158)) - dcfa33bc-9001-4365-ad5d-758174e05f4c: GrpcService started, listening on 0.0.0.0/0.0.0.0:35167
2019-09-25 05:59:23,826 [Datanode State Machine Thread - 0] INFO  server.GrpcService (GrpcService.java:startImpl(158)) - a70ebb95-9827-4ee9-872e-51470ad9f886: GrpcService started, listening on 0.0.0.0/0.0.0.0:38094
2019-09-25 05:59:23,826 [Datanode State Machine Thread - 0] INFO  ratis.XceiverServerRatis (XceiverServerRatis.java:start(421)) - XceiverServerRatis dcfa33bc-9001-4365-ad5d-758174e05f4c is started using port 35167
2019-09-25 05:59:23,825 [Datanode State Machine Thread - 0] INFO  server.GrpcService (GrpcService.java:startImpl(158)) - f8d3684d-44eb-42fd-8c21-2b8ad1aff988: GrpcService started, listening on 0.0.0.0/0.0.0.0:44439
2019-09-25 05:59:23,825 [Datanode State Machine Thread - 0] INFO  server.GrpcService (GrpcService.java:startImpl(158)) - 747dc408-4358-429b-ab46-4dec55806d9b: GrpcService started, listening on 0.0.0.0/0.0.0.0:37947
2019-09-25 05:59:23,826 [Datanode State Machine Thread - 0] INFO  ratis.XceiverServerRatis (XceiverServerRatis.java:start(421)) - XceiverServerRatis f8d3684d-44eb-42fd-8c21-2b8ad1aff988 is started using port 44439
2019-09-25 05:59:23,826 [Datanode State Machine Thread - 0] INFO  ratis.XceiverServerRatis (XceiverServerRatis.java:start(421)) - XceiverServerRatis a70ebb95-9827-4ee9-872e-51470ad9f886 is started using port 38094
2019-09-25 05:59:23,826 [Datanode State Machine Thread - 0] INFO  ratis.XceiverServerRatis (XceiverServerRatis.java:start(421)) - XceiverServerRatis 747dc408-4358-429b-ab46-4dec55806d9b is started using port 37947
2019-09-25 05:59:23,834 [Datanode State Machine Thread - 0] INFO  server.XceiverServerGrpc (XceiverServerGrpc.java:start(149)) - XceiverServerGrpc dcfa33bc-9001-4365-ad5d-758174e05f4c is started using port 36681
2019-09-25 05:59:23,834 [Datanode State Machine Thread - 0] INFO  server.XceiverServerGrpc (XceiverServerGrpc.java:start(149)) - XceiverServerGrpc 747dc408-4358-429b-ab46-4dec55806d9b is started using port 41635
2019-09-25 05:59:23,834 [Datanode State Machine Thread - 0] INFO  server.XceiverServerGrpc (XceiverServerGrpc.java:start(149)) - XceiverServerGrpc a70ebb95-9827-4ee9-872e-51470ad9f886 is started using port 34895
2019-09-25 05:59:23,834 [Datanode State Machine Thread - 0] INFO  server.XceiverServerGrpc (XceiverServerGrpc.java:start(149)) - XceiverServerGrpc f8d3684d-44eb-42fd-8c21-2b8ad1aff988 is started using port 36432
2019-09-25 05:59:23,845 [main] INFO  ozone.MiniOzoneClusterImpl (MiniOzoneClusterImpl.java:lambda$waitForClusterToBeReady$0(147)) - Waiting for cluster to be ready. Got 0 of 5 DN Heartbeats.
2019-09-25 05:59:23,860 [Datanode State Machine Thread - 0] INFO  ozoneimpl.OzoneContainer (OzoneContainer.java:start(217)) - Attempting to start container services.
2019-09-25 05:59:23,866 [Datanode State Machine Thread - 0] INFO  ozoneimpl.OzoneContainer (OzoneContainer.java:startContainerScrub(179)) - Background container scanner has been disabled.
2019-09-25 05:59:23,866 [Datanode State Machine Thread - 0] INFO  ratis.XceiverServerRatis (XceiverServerRatis.java:start(411)) - Starting XceiverServerRatis 327d7864-9593-4c84-9c3b-d4b21327d735 at port 0
2019-09-25 05:59:23,875 [Datanode State Machine Thread - 0] INFO  impl.RaftServerProxy (RaftServerProxy.java:lambda$start$3(299)) - 327d7864-9593-4c84-9c3b-d4b21327d735: start RPC server
2019-09-25 05:59:23,879 [Datanode State Machine Thread - 0] INFO  server.GrpcService (GrpcService.java:startImpl(158)) - 327d7864-9593-4c84-9c3b-d4b21327d735: GrpcService started, listening on 0.0.0.0/0.0.0.0:39744
2019-09-25 05:59:23,879 [Datanode State Machine Thread - 0] INFO  ratis.XceiverServerRatis (XceiverServerRatis.java:start(421)) - XceiverServerRatis 327d7864-9593-4c84-9c3b-d4b21327d735 is started using port 39744
2019-09-25 05:59:23,882 [Datanode State Machine Thread - 0] INFO  server.XceiverServerGrpc (XceiverServerGrpc.java:start(149)) - XceiverServerGrpc 327d7864-9593-4c84-9c3b-d4b21327d735 is started using port 33025
2019-09-25 05:59:24,846 [main] INFO  ozone.MiniOzoneClusterImpl (MiniOzoneClusterImpl.java:lambda$waitForClusterToBeReady$0(147)) - Waiting for cluster to be ready. Got 0 of 5 DN Heartbeats.
2019-09-25 05:59:25,558 [IPC Server handler 1 on 38595] INFO  net.NetworkTopology (NetworkTopologyImpl.java:add(111)) - Added a new node: /default-rack/dcfa33bc-9001-4365-ad5d-758174e05f4c
2019-09-25 05:59:25,559 [IPC Server handler 1 on 38595] INFO  node.SCMNodeManager (SCMNodeManager.java:register(266)) - Registered Data node : dcfa33bc-9001-4365-ad5d-758174e05f4c{ip: 192.168.5.161, host: pr-hdds-1569-zxpks-796972592, networkLocation: /default-rack, certSerialId: null}
2019-09-25 05:59:25,566 [EventQueue-NodeRegistrationContainerReportForDataNodeSafeModeRule] INFO  safemode.SCMSafeModeManager (DataNodeSafeModeRule.java:process(71)) - SCM in safe mode. 1 DataNodes registered, 1 required.
2019-09-25 05:59:25,566 [EventQueue-NodeRegistrationContainerReportForDataNodeSafeModeRule] INFO  safemode.SCMSafeModeManager (SCMSafeModeManager.java:validateSafeModeExitRules(177)) - ScmSafeModeManager, all rules are successfully validated
2019-09-25 05:59:25,566 [EventQueue-NodeRegistrationContainerReportForDataNodeSafeModeRule] INFO  safemode.SCMSafeModeManager (SCMSafeModeManager.java:exitSafeMode(193)) - SCM exiting safe mode.
2019-09-25 05:59:25,587 [IPC Server handler 2 on 38595] INFO  net.NetworkTopology (NetworkTopologyImpl.java:add(111)) - Added a new node: /default-rack/a70ebb95-9827-4ee9-872e-51470ad9f886
2019-09-25 05:59:25,587 [IPC Server handler 2 on 38595] INFO  node.SCMNodeManager (SCMNodeManager.java:register(266)) - Registered Data node : a70ebb95-9827-4ee9-872e-51470ad9f886{ip: 192.168.5.161, host: pr-hdds-1569-zxpks-796972592, networkLocation: /default-rack, certSerialId: null}
2019-09-25 05:59:25,666 [IPC Server handler 4 on 38595] INFO  net.NetworkTopology (NetworkTopologyImpl.java:add(111)) - Added a new node: /default-rack/f8d3684d-44eb-42fd-8c21-2b8ad1aff988
2019-09-25 05:59:25,666 [IPC Server handler 4 on 38595] INFO  node.SCMNodeManager (SCMNodeManager.java:register(266)) - Registered Data node : f8d3684d-44eb-42fd-8c21-2b8ad1aff988{ip: 192.168.5.161, host: pr-hdds-1569-zxpks-796972592, networkLocation: /default-rack, certSerialId: null}
2019-09-25 05:59:25,751 [IPC Server handler 3 on 38595] INFO  net.NetworkTopology (NetworkTopologyImpl.java:add(111)) - Added a new node: /default-rack/747dc408-4358-429b-ab46-4dec55806d9b
2019-09-25 05:59:25,751 [IPC Server handler 3 on 38595] INFO  node.SCMNodeManager (SCMNodeManager.java:register(266)) - Registered Data node : 747dc408-4358-429b-ab46-4dec55806d9b{ip: 192.168.5.161, host: pr-hdds-1569-zxpks-796972592, networkLocation: /default-rack, certSerialId: null}
2019-09-25 05:59:25,847 [main] INFO  ozone.MiniOzoneClusterImpl (MiniOzoneClusterImpl.java:lambda$waitForClusterToBeReady$0(147)) - Waiting for cluster to be ready. Got 4 of 5 DN Heartbeats.
2019-09-25 05:59:25,847 [IPC Server handler 7 on 38595] INFO  net.NetworkTopology (NetworkTopologyImpl.java:add(111)) - Added a new node: /default-rack/327d7864-9593-4c84-9c3b-d4b21327d735
2019-09-25 05:59:25,847 [IPC Server handler 7 on 38595] INFO  node.SCMNodeManager (SCMNodeManager.java:register(266)) - Registered Data node : 327d7864-9593-4c84-9c3b-d4b21327d735{ip: 192.168.5.161, host: pr-hdds-1569-zxpks-796972592, networkLocation: /default-rack, certSerialId: null}
2019-09-25 05:59:26,097 [grpc-default-executor-0] INFO  impl.RaftServerProxy (RaftServerProxy.java:addNew(89)) - dcfa33bc-9001-4365-ad5d-758174e05f4c: addNew group-EE5D1D92DDFF:[dcfa33bc-9001-4365-ad5d-758174e05f4c:192.168.5.161:35167] returns group-EE5D1D92DDFF:java.util.concurrent.CompletableFuture@4f337130[Not completed]
2019-09-25 05:59:26,120 [pool-27-thread-1] INFO  impl.RaftServerImpl (RaftServerImpl.java:<init>(95)) - dcfa33bc-9001-4365-ad5d-758174e05f4c: new RaftServerImpl for group-EE5D1D92DDFF:[dcfa33bc-9001-4365-ad5d-758174e05f4c:192.168.5.161:35167] with ContainerStateMachine:uninitialized
2019-09-25 05:59:26,122 [pool-27-thread-1] INFO  server.RaftServerConfigKeys (ConfUtils.java:logGet(43)) - raft.server.rpc.timeout.min = 5s (custom)
2019-09-25 05:59:26,123 [pool-27-thread-1] INFO  server.RaftServerConfigKeys (ConfUtils.java:logGet(43)) - raft.server.rpc.timeout.max = 5200ms (custom)
2019-09-25 05:59:26,123 [pool-27-thread-1] INFO  server.RaftServerConfigKeys (ConfUtils.java:logGet(43)) - raft.server.rpcslowness.timeout = 120s (custom)
2019-09-25 05:59:26,124 [pool-27-thread-1] INFO  server.RaftServerConfigKeys (ConfUtils.java:logGet(43)) - raft.server.sleep.deviation.threshold = 300 (default)
2019-09-25 05:59:26,125 [pool-27-thread-1] INFO  server.RaftServerConfigKeys (ConfUtils.java:logGet(43)) - raft.server.log.appender.install.snapshot.enabled = false (custom)
2019-09-25 05:59:26,135 [pool-27-thread-1] INFO  impl.RaftServerImpl (ServerState.java:<init>(103)) - dcfa33bc-9001-4365-ad5d-758174e05f4c@group-EE5D1D92DDFF: ConfigurationManager, init=-1: [dcfa33bc-9001-4365-ad5d-758174e05f4c:192.168.5.161:35167], old=null, confs=<EMPTY_MAP>
2019-09-25 05:59:26,136 [pool-27-thread-1] INFO  server.RaftServerConfigKeys (ConfUtils.java:logGet(43)) - raft.server.storage.dir = [/workdir/hadoop-ozone/tools/target/test-dir/MiniOzoneClusterImpl-b88d8d95-70e9-47b8-bab6-e4df0797a5ce/datanode-0/data/ratis] (custom)
2019-09-25 05:59:26,146 [pool-27-thread-1] INFO  storage.RaftStorageDirectory (RaftStorageDirectory.java:analyzeStorage(246)) - The storage directory /workdir/hadoop-ozone/tools/target/test-dir/MiniOzoneClusterImpl-b88d8d95-70e9-47b8-bab6-e4df0797a5ce/datanode-0/data/ratis/fc12e989-4d5e-4f61-a515-ee5d1d92ddff does not exist. Creating ...
2019-09-25 05:59:26,164 [pool-27-thread-1] INFO  storage.RaftStorageDirectory (RaftStorageDirectory.java:tryLock(328)) - Lock on /workdir/hadoop-ozone/tools/target/test-dir/MiniOzoneClusterImpl-b88d8d95-70e9-47b8-bab6-e4df0797a5ce/datanode-0/data/ratis/fc12e989-4d5e-4f61-a515-ee5d1d92ddff/in_use.lock acquired by nodename 27182@pr-hdds-1569-zxpks-796972592
2019-09-25 05:59:26,180 [pool-27-thread-1] INFO  storage.RaftStorage (RaftStorage.java:format(72)) - Storage directory /workdir/hadoop-ozone/tools/target/test-dir/MiniOzoneClusterImpl-b88d8d95-70e9-47b8-bab6-e4df0797a5ce/datanode-0/data/ratis/fc12e989-4d5e-4f61-a515-ee5d1d92ddff has been successfully formatted.
2019-09-25 05:59:26,182 [pool-27-thread-1] INFO  ratis.ContainerStateMachine (ContainerStateMachine.java:loadSnapshot(230)) - group-EE5D1D92DDFF: The snapshot info is null. Setting the last applied indexto:(t:0, i:~)
2019-09-25 05:59:26,183 [pool-27-thread-1] INFO  server.RaftServerConfigKeys (ConfUtils.java:logGet(43)) - raft.server.notification.no-leader.timeout = 120s (custom)
2019-09-25 05:59:26,186 [pool-27-thread-1] INFO  server.RaftServerConfigKeys (ConfUtils.java:logGet(43)) - raft.server.log.use.memory = false (default)
2019-09-25 05:59:26,194 [pool-27-thread-1] INFO  server.RaftServerConfigKeys (ConfUtils.java:logGet(43)) - raft.server.log.purge.gap = 1000000 (custom)
2019-09-25 05:59:26,194 [pool-27-thread-1] INFO  server.RaftServerConfigKeys (ConfUtils.java:logGet(43)) - raft.server.log.appender.buffer.byte-limit = 33554432 (custom)
2019-09-25 05:59:26,197 [pool-27-thread-1] INFO  server.RaftServerConfigKeys (ConfUtils.java:logGet(43)) - raft.server.log.segment.size.max = 1048576 (custom)
2019-09-25 05:59:26,203 [pool-27-thread-1] INFO  server.RaftServerConfigKeys (ConfUtils.java:logGet(43)) - raft.server.log.segment.cache.num.max = 2 (custom)
2019-09-25 05:59:26,209 [pool-27-thread-1] INFO  segmented.SegmentedRaftLogWorker (SegmentedRaftLogWorker.java:<init>(172)) - new dcfa33bc-9001-4365-ad5d-758174e05f4c@group-EE5D1D92DDFF-SegmentedRaftLogWorker for RaftStorage:Storage Directory /workdir/hadoop-ozone/tools/target/test-dir/MiniOzoneClusterImpl-b88d8d95-70e9-47b8-bab6-e4df0797a5ce/datanode-0/data/ratis/fc12e989-4d5e-4f61-a515-ee5d1d92ddff
2019-09-25 05:59:26,210 [pool-27-thread-1] INFO  impl.MetricsSystemImpl (MetricsSystemImpl.java:init(158)) - ratis metrics system started (again)
2019-09-25 05:59:26,218 [pool-27-thread-1] INFO  metrics.MetricRegistries (MetricRegistriesLoader.java:load(64)) - Loaded MetricRegistries class org.apache.ratis.metrics.impl.MetricRegistriesImpl
2019-09-25 05:59:26,258 [pool-27-thread-1] INFO  server.RaftServerConfigKeys (ConfUtils.java:logGet(43)) - raft.server.log.queue.byte-limit = 2147483647 (custom)
2019-09-25 05:59:26,259 [pool-27-thread-1] INFO  server.RaftServerConfigKeys (ConfUtils.java:logGet(43)) - raft.server.log.queue.element-limit = 1024 (custom)
2019-09-25 05:59:26,264 [pool-27-thread-1] INFO  server.RaftServerConfigKeys (ConfUtils.java:logGet(43)) - raft.server.log.segment.size.max = 1048576 (custom)
2019-09-25 05:59:26,265 [pool-27-thread-1] INFO  server.RaftServerConfigKeys (ConfUtils.java:logGet(43)) - raft.server.log.preallocated.size = 16384 (custom)
2019-09-25 05:59:26,266 [pool-27-thread-1] INFO  server.RaftServerConfigKeys (ConfUtils.java:logGet(43)) - raft.server.log.write.buffer.size = 33554432 (custom)
2019-09-25 05:59:26,266 [pool-27-thread-1] INFO  server.RaftServerConfigKeys (ConfUtils.java:logGet(43)) - raft.server.log.force.sync.num = 128 (default)
2019-09-25 05:59:26,268 [pool-27-thread-1] INFO  server.RaftServerConfigKeys (ConfUtils.java:logGet(43)) - raft.server.log.statemachine.data.sync = true (default)
2019-09-25 05:59:26,269 [pool-27-thread-1] INFO  server.RaftServerConfigKeys (ConfUtils.java:logGet(43)) - raft.server.log.statemachine.data.sync.timeout = 10s (default)
2019-09-25 05:59:26,270 [pool-27-thread-1] INFO  server.RaftServerConfigKeys (ConfUtils.java:logGet(43)) - raft.server.log.statemachine.data.sync.timeout.retry = -1 (default)
2019-09-25 05:59:26,286 [pool-27-thread-1] INFO  server.RaftServerConfigKeys (ConfUtils.java:logGet(43)) - raft.server.log.statemachine.data.caching.enabled = true (custom)
2019-09-25 05:59:26,293 [pool-27-thread-1] INFO  segmented.SegmentedRaftLogWorker (SegmentedRaftLogWorker.java:lambda$new$0(132)) - dcfa33bc-9001-4365-ad5d-758174e05f4c@group-EE5D1D92DDFF-SegmentedRaftLogWorker: flushIndex: setUnconditionally 0 -> -1
2019-09-25 05:59:26,299 [pool-27-thread-1] INFO  server.RaftServerConfigKeys (ConfUtils.java:logGet(43)) - raft.server.snapshot.auto.trigger.enabled = true (custom)
2019-09-25 05:59:26,300 [pool-27-thread-1] INFO  server.RaftServerConfigKeys (ConfUtils.java:logGet(43)) - raft.server.snapshot.auto.trigger.threshold = 10000 (custom)
2019-09-25 05:59:26,301 [pool-27-thread-1] INFO  server.RaftServerConfigKeys (ConfUtils.java:logGet(43)) - raft.server.snapshot.retention.num.files = 5 (custom)
2019-09-25 05:59:26,302 [pool-27-thread-1] INFO  server.RaftServerConfigKeys (ConfUtils.java:logGet(43)) - raft.server.retrycache.expirytime = 600000ms (custom)
2019-09-25 05:59:26,336 [pool-27-thread-1] INFO  impl.RaftServerImpl (RaftServerImpl.java:start(185)) - dcfa33bc-9001-4365-ad5d-758174e05f4c@group-EE5D1D92DDFF: start as a follower, conf=-1: [dcfa33bc-9001-4365-ad5d-758174e05f4c:192.168.5.161:35167], old=null
2019-09-25 05:59:26,339 [pool-27-thread-1] INFO  impl.RaftServerImpl (RaftServerImpl.java:setRole(174)) - dcfa33bc-9001-4365-ad5d-758174e05f4c@group-EE5D1D92DDFF: changes role from      null to FOLLOWER at term 0 for startAsFollower
2019-09-25 05:59:26,342 [pool-27-thread-1] INFO  impl.RoleInfo (RoleInfo.java:updateAndGet(143)) - dcfa33bc-9001-4365-ad5d-758174e05f4c: start FollowerState
2019-09-25 05:59:26,346 [pool-27-thread-1] INFO  util.JmxRegister (JmxRegister.java:tryRegister(44)) - Successfully registered JMX Bean with object name Ratis:service=RaftServer,group=group-EE5D1D92DDFF,id=dcfa33bc-9001-4365-ad5d-758174e05f4c
2019-09-25 05:59:26,425 [RatisPipelineUtilsThread] INFO  pipeline.PipelineStateManager (PipelineStateManager.java:addPipeline(56)) - Created pipeline Pipeline[ Id: fc12e989-4d5e-4f61-a515-ee5d1d92ddff, Nodes: dcfa33bc-9001-4365-ad5d-758174e05f4c{ip: 192.168.5.161, host: pr-hdds-1569-zxpks-796972592, networkLocation: /default-rack, certSerialId: null}, Type:RATIS, Factor:ONE, State:OPEN]
2019-09-25 05:59:26,452 [grpc-default-executor-0] INFO  impl.RaftServerProxy (RaftServerProxy.java:addNew(89)) - a70ebb95-9827-4ee9-872e-51470ad9f886: addNew group-6F525B89B87B:[a70ebb95-9827-4ee9-872e-51470ad9f886:192.168.5.161:38094] returns group-6F525B89B87B:java.util.concurrent.CompletableFuture@6826ffed[Not completed]
2019-09-25 05:59:26,498 [pool-37-thread-1] INFO  impl.RaftServerImpl (RaftServerImpl.java:<init>(95)) - a70ebb95-9827-4ee9-872e-51470ad9f886: new RaftServerImpl for group-6F525B89B87B:[a70ebb95-9827-4ee9-872e-51470ad9f886:192.168.5.161:38094] with ContainerStateMachine:uninitialized
2019-09-25 05:59:26,499 [pool-37-thread-1] INFO  server.RaftServerConfigKeys (ConfUtils.java:logGet(43)) - raft.server.rpc.timeout.min = 5s (custom)
2019-09-25 05:59:26,499 [pool-37-thread-1] INFO  server.RaftServerConfigKeys (ConfUtils.java:logGet(43)) - raft.server.rpc.timeout.max = 5200ms (custom)
2019-09-25 05:59:26,499 [pool-37-thread-1] INFO  server.RaftServerConfigKeys (ConfUtils.java:logGet(43)) - raft.server.rpcslowness.timeout = 120s (custom)
2019-09-25 05:59:26,499 [pool-37-thread-1] INFO  server.RaftServerConfigKeys (ConfUtils.java:logGet(43)) - raft.server.sleep.deviation.threshold = 300 (default)
2019-09-25 05:59:26,500 [pool-37-thread-1] INFO  server.RaftServerConfigKeys (ConfUtils.java:logGet(43)) - raft.server.log.appender.install.snapshot.enabled = false (custom)
2019-09-25 05:59:26,500 [pool-37-thread-1] INFO  impl.RaftServerImpl (ServerState.java:<init>(103)) - a70ebb95-9827-4ee9-872e-51470ad9f886@group-6F525B89B87B: ConfigurationManager, init=-1: [a70ebb95-9827-4ee9-872e-51470ad9f886:192.168.5.161:38094], old=null, confs=<EMPTY_MAP>
2019-09-25 05:59:26,500 [pool-37-thread-1] INFO  server.RaftServerConfigKeys (ConfUtils.java:logGet(43)) - raft.server.storage.dir = [/workdir/hadoop-ozone/tools/target/test-dir/MiniOzoneClusterImpl-b88d8d95-70e9-47b8-bab6-e4df0797a5ce/datanode-1/data/ratis] (custom)
2019-09-25 05:59:26,501 [pool-37-thread-1] INFO  storage.RaftStorageDirectory (RaftStorageDirectory.java:analyzeStorage(246)) - The storage directory /workdir/hadoop-ozone/tools/target/test-dir/MiniOzoneClusterImpl-b88d8d95-70e9-47b8-bab6-e4df0797a5ce/datanode-1/data/ratis/50a0b7db-a7db-49de-b4d2-6f525b89b87b does not exist. Creating ...
2019-09-25 05:59:26,515 [pool-37-thread-1] INFO  storage.RaftStorageDirectory (RaftStorageDirectory.java:tryLock(328)) - Lock on /workdir/hadoop-ozone/tools/target/test-dir/MiniOzoneClusterImpl-b88d8d95-70e9-47b8-bab6-e4df0797a5ce/datanode-1/data/ratis/50a0b7db-a7db-49de-b4d2-6f525b89b87b/in_use.lock acquired by nodename 27182@pr-hdds-1569-zxpks-796972592
2019-09-25 05:59:26,528 [pool-37-thread-1] INFO  storage.RaftStorage (RaftStorage.java:format(72)) - Storage directory /workdir/hadoop-ozone/tools/target/test-dir/MiniOzoneClusterImpl-b88d8d95-70e9-47b8-bab6-e4df0797a5ce/datanode-1/data/ratis/50a0b7db-a7db-49de-b4d2-6f525b89b87b has been successfully formatted.
2019-09-25 05:59:26,530 [pool-37-thread-1] INFO  ratis.ContainerStateMachine (ContainerStateMachine.java:loadSnapshot(230)) - group-6F525B89B87B: The snapshot info is null. Setting the last applied indexto:(t:0, i:~)
2019-09-25 05:59:26,531 [pool-37-thread-1] INFO  server.RaftServerConfigKeys (ConfUtils.java:logGet(43)) - raft.server.notification.no-leader.timeout = 120s (custom)
2019-09-25 05:59:26,532 [pool-37-thread-1] INFO  server.RaftServerConfigKeys (ConfUtils.java:logGet(43)) - raft.server.log.use.memory = false (default)
2019-09-25 05:59:26,532 [pool-37-thread-1] INFO  server.RaftServerConfigKeys (ConfUtils.java:logGet(43)) - raft.server.log.purge.gap = 1000000 (custom)
2019-09-25 05:59:26,532 [pool-37-thread-1] INFO  server.RaftServerConfigKeys (ConfUtils.java:logGet(43)) - raft.server.log.appender.buffer.byte-limit = 33554432 (custom)
2019-09-25 05:59:26,532 [pool-37-thread-1] INFO  server.RaftServerConfigKeys (ConfUtils.java:logGet(43)) - raft.server.log.segment.size.max = 1048576 (custom)
2019-09-25 05:59:26,532 [pool-37-thread-1] INFO  server.RaftServerConfigKeys (ConfUtils.java:logGet(43)) - raft.server.log.segment.cache.num.max = 2 (custom)
2019-09-25 05:59:26,533 [pool-37-thread-1] INFO  segmented.SegmentedRaftLogWorker (SegmentedRaftLogWorker.java:<init>(172)) - new a70ebb95-9827-4ee9-872e-51470ad9f886@group-6F525B89B87B-SegmentedRaftLogWorker for RaftStorage:Storage Directory /workdir/hadoop-ozone/tools/target/test-dir/MiniOzoneClusterImpl-b88d8d95-70e9-47b8-bab6-e4df0797a5ce/datanode-1/data/ratis/50a0b7db-a7db-49de-b4d2-6f525b89b87b
2019-09-25 05:59:26,540 [pool-37-thread-1] INFO  server.RaftServerConfigKeys (ConfUtils.java:logGet(43)) - raft.server.log.queue.byte-limit = 2147483647 (custom)
2019-09-25 05:59:26,540 [pool-37-thread-1] INFO  server.RaftServerConfigKeys (ConfUtils.java:logGet(43)) - raft.server.log.queue.element-limit = 1024 (custom)
2019-09-25 05:59:26,540 [pool-37-thread-1] INFO  server.RaftServerConfigKeys (ConfUtils.java:logGet(43)) - raft.server.log.segment.size.max = 1048576 (custom)
2019-09-25 05:59:26,541 [pool-37-thread-1] INFO  server.RaftServerConfigKeys (ConfUtils.java:logGet(43)) - raft.server.log.preallocated.size = 16384 (custom)
2019-09-25 05:59:26,541 [pool-37-thread-1] INFO  server.RaftServerConfigKeys (ConfUtils.java:logGet(43)) - raft.server.log.write.buffer.size = 33554432 (custom)
2019-09-25 05:59:26,541 [pool-37-thread-1] INFO  server.RaftServerConfigKeys (ConfUtils.java:logGet(43)) - raft.server.log.force.sync.num = 128 (default)
2019-09-25 05:59:26,541 [pool-37-thread-1] INFO  server.RaftServerConfigKeys (ConfUtils.java:logGet(43)) - raft.server.log.statemachine.data.sync = true (default)
2019-09-25 05:59:26,541 [pool-37-thread-1] INFO  server.RaftServerConfigKeys (ConfUtils.java:logGet(43)) - raft.server.log.statemachine.data.sync.timeout = 10s (default)
2019-09-25 05:59:26,542 [pool-37-thread-1] INFO  server.RaftServerConfigKeys (ConfUtils.java:logGet(43)) - raft.server.log.statemachine.data.sync.timeout.retry = -1 (default)
2019-09-25 05:59:26,542 [pool-37-thread-1] INFO  server.RaftServerConfigKeys (ConfUtils.java:logGet(43)) - raft.server.log.statemachine.data.caching.enabled = true (custom)
2019-09-25 05:59:26,542 [pool-37-thread-1] INFO  segmented.SegmentedRaftLogWorker (SegmentedRaftLogWorker.java:lambda$new$0(132)) - a70ebb95-9827-4ee9-872e-51470ad9f886@group-6F525B89B87B-SegmentedRaftLogWorker: flushIndex: setUnconditionally 0 -> -1
2019-09-25 05:59:26,543 [pool-37-thread-1] INFO  server.RaftServerConfigKeys (ConfUtils.java:logGet(43)) - raft.server.snapshot.auto.trigger.enabled = true (custom)
2019-09-25 05:59:26,543 [pool-37-thread-1] INFO  server.RaftServerConfigKeys (ConfUtils.java:logGet(43)) - raft.server.snapshot.auto.trigger.threshold = 10000 (custom)
2019-09-25 05:59:26,543 [pool-37-thread-1] INFO  server.RaftServerConfigKeys (ConfUtils.java:logGet(43)) - raft.server.snapshot.retention.num.files = 5 (custom)
2019-09-25 05:59:26,544 [pool-37-thread-1] INFO  server.RaftServerConfigKeys (ConfUtils.java:logGet(43)) - raft.server.retrycache.expirytime = 600000ms (custom)
2019-09-25 05:59:26,549 [pool-37-thread-1] INFO  impl.RaftServerImpl (RaftServerImpl.java:start(185)) - a70ebb95-9827-4ee9-872e-51470ad9f886@group-6F525B89B87B: start as a follower, conf=-1: [a70ebb95-9827-4ee9-872e-51470ad9f886:192.168.5.161:38094], old=null
2019-09-25 05:59:26,550 [pool-37-thread-1] INFO  impl.RaftServerImpl (RaftServerImpl.java:setRole(174)) - a70ebb95-9827-4ee9-872e-51470ad9f886@group-6F525B89B87B: changes role from      null to FOLLOWER at term 0 for startAsFollower
2019-09-25 05:59:26,550 [pool-37-thread-1] INFO  impl.RoleInfo (RoleInfo.java:updateAndGet(143)) - a70ebb95-9827-4ee9-872e-51470ad9f886: start FollowerState
2019-09-25 05:59:26,552 [pool-37-thread-1] INFO  util.JmxRegister (JmxRegister.java:tryRegister(44)) - Successfully registered JMX Bean with object name Ratis:service=RaftServer,group=group-6F525B89B87B,id=a70ebb95-9827-4ee9-872e-51470ad9f886
2019-09-25 05:59:26,571 [RatisPipelineUtilsThread] INFO  pipeline.PipelineStateManager (PipelineStateManager.java:addPipeline(56)) - Created pipeline Pipeline[ Id: 50a0b7db-a7db-49de-b4d2-6f525b89b87b, Nodes: a70ebb95-9827-4ee9-872e-51470ad9f886{ip: 192.168.5.161, host: pr-hdds-1569-zxpks-796972592, networkLocation: /default-rack, certSerialId: null}, Type:RATIS, Factor:ONE, State:OPEN]
2019-09-25 05:59:26,592 [grpc-default-executor-0] INFO  impl.RaftServerProxy (RaftServerProxy.java:addNew(89)) - 327d7864-9593-4c84-9c3b-d4b21327d735: addNew group-4A86361D7BCE:[327d7864-9593-4c84-9c3b-d4b21327d735:192.168.5.161:39744] returns group-4A86361D7BCE:java.util.concurrent.CompletableFuture@70178c10[Not completed]
2019-09-25 05:59:26,615 [pool-67-thread-1] INFO  impl.RaftServerImpl (RaftServerImpl.java:<init>(95)) - 327d7864-9593-4c84-9c3b-d4b21327d735: new RaftServerImpl for group-4A86361D7BCE:[327d7864-9593-4c84-9c3b-d4b21327d735:192.168.5.161:39744] with ContainerStateMachine:uninitialized
2019-09-25 05:59:26,615 [pool-67-thread-1] INFO  server.RaftServerConfigKeys (ConfUtils.java:logGet(43)) - raft.server.rpc.timeout.min = 5s (custom)
2019-09-25 05:59:26,615 [pool-67-thread-1] INFO  server.RaftServerConfigKeys (ConfUtils.java:logGet(43)) - raft.server.rpc.timeout.max = 5200ms (custom)
2019-09-25 05:59:26,616 [pool-67-thread-1] INFO  server.RaftServerConfigKeys (ConfUtils.java:logGet(43)) - raft.server.rpcslowness.timeout = 120s (custom)
2019-09-25 05:59:26,616 [pool-67-thread-1] INFO  server.RaftServerConfigKeys (ConfUtils.java:logGet(43)) - raft.server.sleep.deviation.threshold = 300 (default)
2019-09-25 05:59:26,616 [pool-67-thread-1] INFO  server.RaftServerConfigKeys (ConfUtils.java:logGet(43)) - raft.server.log.appender.install.snapshot.enabled = false (custom)
2019-09-25 05:59:26,616 [pool-67-thread-1] INFO  impl.RaftServerImpl (ServerState.java:<init>(103)) - 327d7864-9593-4c84-9c3b-d4b21327d735@group-4A86361D7BCE: ConfigurationManager, init=-1: [327d7864-9593-4c84-9c3b-d4b21327d735:192.168.5.161:39744], old=null, confs=<EMPTY_MAP>
2019-09-25 05:59:26,616 [pool-67-thread-1] INFO  server.RaftServerConfigKeys (ConfUtils.java:logGet(43)) - raft.server.storage.dir = [/workdir/hadoop-ozone/tools/target/test-dir/MiniOzoneClusterImpl-b88d8d95-70e9-47b8-bab6-e4df0797a5ce/datanode-4/data/ratis] (custom)
2019-09-25 05:59:26,617 [pool-67-thread-1] INFO  storage.RaftStorageDirectory (RaftStorageDirectory.java:analyzeStorage(246)) - The storage directory /workdir/hadoop-ozone/tools/target/test-dir/MiniOzoneClusterImpl-b88d8d95-70e9-47b8-bab6-e4df0797a5ce/datanode-4/data/ratis/28af387b-1fad-472e-8b54-4a86361d7bce does not exist. Creating ...
2019-09-25 05:59:26,642 [pool-67-thread-1] INFO  storage.RaftStorageDirectory (RaftStorageDirectory.java:tryLock(328)) - Lock on /workdir/hadoop-ozone/tools/target/test-dir/MiniOzoneClusterImpl-b88d8d95-70e9-47b8-bab6-e4df0797a5ce/datanode-4/data/ratis/28af387b-1fad-472e-8b54-4a86361d7bce/in_use.lock acquired by nodename 27182@pr-hdds-1569-zxpks-796972592
2019-09-25 05:59:26,655 [pool-67-thread-1] INFO  storage.RaftStorage (RaftStorage.java:format(72)) - Storage directory /workdir/hadoop-ozone/tools/target/test-dir/MiniOzoneClusterImpl-b88d8d95-70e9-47b8-bab6-e4df0797a5ce/datanode-4/data/ratis/28af387b-1fad-472e-8b54-4a86361d7bce has been successfully formatted.
2019-09-25 05:59:26,655 [pool-67-thread-1] INFO  ratis.ContainerStateMachine (ContainerStateMachine.java:loadSnapshot(230)) - group-4A86361D7BCE: The snapshot info is null. Setting the last applied indexto:(t:0, i:~)
2019-09-25 05:59:26,655 [pool-67-thread-1] INFO  server.RaftServerConfigKeys (ConfUtils.java:logGet(43)) - raft.server.notification.no-leader.timeout = 120s (custom)
2019-09-25 05:59:26,655 [pool-67-thread-1] INFO  server.RaftServerConfigKeys (ConfUtils.java:logGet(43)) - raft.server.log.use.memory = false (default)
2019-09-25 05:59:26,656 [pool-67-thread-1] INFO  server.RaftServerConfigKeys (ConfUtils.java:logGet(43)) - raft.server.log.purge.gap = 1000000 (custom)
2019-09-25 05:59:26,656 [pool-67-thread-1] INFO  server.RaftServerConfigKeys (ConfUtils.java:logGet(43)) - raft.server.log.appender.buffer.byte-limit = 33554432 (custom)
2019-09-25 05:59:26,656 [pool-67-thread-1] INFO  server.RaftServerConfigKeys (ConfUtils.java:logGet(43)) - raft.server.log.segment.size.max = 1048576 (custom)
2019-09-25 05:59:26,656 [pool-67-thread-1] INFO  server.RaftServerConfigKeys (ConfUtils.java:logGet(43)) - raft.server.log.segment.cache.num.max = 2 (custom)
2019-09-25 05:59:26,657 [pool-67-thread-1] INFO  segmented.SegmentedRaftLogWorker (SegmentedRaftLogWorker.java:<init>(172)) - new 327d7864-9593-4c84-9c3b-d4b21327d735@group-4A86361D7BCE-SegmentedRaftLogWorker for RaftStorage:Storage Directory /workdir/hadoop-ozone/tools/target/test-dir/MiniOzoneClusterImpl-b88d8d95-70e9-47b8-bab6-e4df0797a5ce/datanode-4/data/ratis/28af387b-1fad-472e-8b54-4a86361d7bce
2019-09-25 05:59:26,693 [pool-67-thread-1] INFO  server.RaftServerConfigKeys (ConfUtils.java:logGet(43)) - raft.server.log.queue.byte-limit = 2147483647 (custom)
2019-09-25 05:59:26,694 [pool-67-thread-1] INFO  server.RaftServerConfigKeys (ConfUtils.java:logGet(43)) - raft.server.log.queue.element-limit = 1024 (custom)
2019-09-25 05:59:26,694 [pool-67-thread-1] INFO  server.RaftServerConfigKeys (ConfUtils.java:logGet(43)) - raft.server.log.segment.size.max = 1048576 (custom)
2019-09-25 05:59:26,694 [pool-67-thread-1] INFO  server.RaftServerConfigKeys (ConfUtils.java:logGet(43)) - raft.server.log.preallocated.size = 16384 (custom)
2019-09-25 05:59:26,695 [pool-67-thread-1] INFO  server.RaftServerConfigKeys (ConfUtils.java:logGet(43)) - raft.server.log.write.buffer.size = 33554432 (custom)
2019-09-25 05:59:26,695 [pool-67-thread-1] INFO  server.RaftServerConfigKeys (ConfUtils.java:logGet(43)) - raft.server.log.force.sync.num = 128 (default)
2019-09-25 05:59:26,695 [pool-67-thread-1] INFO  server.RaftServerConfigKeys (ConfUtils.java:logGet(43)) - raft.server.log.statemachine.data.sync = true (default)
2019-09-25 05:59:26,695 [pool-67-thread-1] INFO  server.RaftServerConfigKeys (ConfUtils.java:logGet(43)) - raft.server.log.statemachine.data.sync.timeout = 10s (default)
2019-09-25 05:59:26,695 [pool-67-thread-1] INFO  server.RaftServerConfigKeys (ConfUtils.java:logGet(43)) - raft.server.log.statemachine.data.sync.timeout.retry = -1 (default)
2019-09-25 05:59:26,696 [pool-67-thread-1] INFO  server.RaftServerConfigKeys (ConfUtils.java:logGet(43)) - raft.server.log.statemachine.data.caching.enabled = true (custom)
2019-09-25 05:59:26,696 [pool-67-thread-1] INFO  segmented.SegmentedRaftLogWorker (SegmentedRaftLogWorker.java:lambda$new$0(132)) - 327d7864-9593-4c84-9c3b-d4b21327d735@group-4A86361D7BCE-SegmentedRaftLogWorker: flushIndex: setUnconditionally 0 -> -1
2019-09-25 05:59:26,697 [pool-67-thread-1] INFO  server.RaftServerConfigKeys (ConfUtils.java:logGet(43)) - raft.server.snapshot.auto.trigger.enabled = true (custom)
2019-09-25 05:59:26,697 [pool-67-thread-1] INFO  server.RaftServerConfigKeys (ConfUtils.java:logGet(43)) - raft.server.snapshot.auto.trigger.threshold = 10000 (custom)
2019-09-25 05:59:26,697 [pool-67-thread-1] INFO  server.RaftServerConfigKeys (ConfUtils.java:logGet(43)) - raft.server.snapshot.retention.num.files = 5 (custom)
2019-09-25 05:59:26,698 [pool-67-thread-1] INFO  server.RaftServerConfigKeys (ConfUtils.java:logGet(43)) - raft.server.retrycache.expirytime = 600000ms (custom)
2019-09-25 05:59:26,703 [pool-67-thread-1] INFO  impl.RaftServerImpl (RaftServerImpl.java:start(185)) - 327d7864-9593-4c84-9c3b-d4b21327d735@group-4A86361D7BCE: start as a follower, conf=-1: [327d7864-9593-4c84-9c3b-d4b21327d735:192.168.5.161:39744], old=null
2019-09-25 05:59:26,703 [pool-67-thread-1] INFO  impl.RaftServerImpl (RaftServerImpl.java:setRole(174)) - 327d7864-9593-4c84-9c3b-d4b21327d735@group-4A86361D7BCE: changes role from      null to FOLLOWER at term 0 for startAsFollower
2019-09-25 05:59:26,704 [pool-67-thread-1] INFO  impl.RoleInfo (RoleInfo.java:updateAndGet(143)) - 327d7864-9593-4c84-9c3b-d4b21327d735: start FollowerState
2019-09-25 05:59:26,704 [pool-67-thread-1] INFO  util.JmxRegister (JmxRegister.java:tryRegister(44)) - Successfully registered JMX Bean with object name Ratis:service=RaftServer,group=group-4A86361D7BCE,id=327d7864-9593-4c84-9c3b-d4b21327d735
2019-09-25 05:59:26,720 [RatisPipelineUtilsThread] INFO  pipeline.PipelineStateManager (PipelineStateManager.java:addPipeline(56)) - Created pipeline Pipeline[ Id: 28af387b-1fad-472e-8b54-4a86361d7bce, Nodes: 327d7864-9593-4c84-9c3b-d4b21327d735{ip: 192.168.5.161, host: pr-hdds-1569-zxpks-796972592, networkLocation: /default-rack, certSerialId: null}, Type:RATIS, Factor:ONE, State:OPEN]
2019-09-25 05:59:26,738 [grpc-default-executor-0] INFO  impl.RaftServerProxy (RaftServerProxy.java:addNew(89)) - a70ebb95-9827-4ee9-872e-51470ad9f886: addNew group-7E8D440CFD6F:[a70ebb95-9827-4ee9-872e-51470ad9f886:192.168.5.161:38094] returns group-7E8D440CFD6F:java.util.concurrent.CompletableFuture@69af59ea[Not completed]
2019-09-25 05:59:26,741 [pool-37-thread-1] INFO  impl.RaftServerImpl (RaftServerImpl.java:<init>(95)) - a70ebb95-9827-4ee9-872e-51470ad9f886: new RaftServerImpl for group-7E8D440CFD6F:[a70ebb95-9827-4ee9-872e-51470ad9f886:192.168.5.161:38094] with ContainerStateMachine:uninitialized
2019-09-25 05:59:26,741 [pool-37-thread-1] INFO  server.RaftServerConfigKeys (ConfUtils.java:logGet(43)) - raft.server.rpc.timeout.min = 5s (custom)
2019-09-25 05:59:26,742 [pool-37-thread-1] INFO  server.RaftServerConfigKeys (ConfUtils.java:logGet(43)) - raft.server.rpc.timeout.max = 5200ms (custom)
2019-09-25 05:59:26,742 [pool-37-thread-1] INFO  server.RaftServerConfigKeys (ConfUtils.java:logGet(43)) - raft.server.rpcslowness.timeout = 120s (custom)
2019-09-25 05:59:26,742 [pool-37-thread-1] INFO  server.RaftServerConfigKeys (ConfUtils.java:logGet(43)) - raft.server.sleep.deviation.threshold = 300 (default)
2019-09-25 05:59:26,742 [pool-37-thread-1] INFO  server.RaftServerConfigKeys (ConfUtils.java:logGet(43)) - raft.server.log.appender.install.snapshot.enabled = false (custom)
2019-09-25 05:59:26,742 [pool-37-thread-1] INFO  impl.RaftServerImpl (ServerState.java:<init>(103)) - a70ebb95-9827-4ee9-872e-51470ad9f886@group-7E8D440CFD6F: ConfigurationManager, init=-1: [a70ebb95-9827-4ee9-872e-51470ad9f886:192.168.5.161:38094], old=null, confs=<EMPTY_MAP>
2019-09-25 05:59:26,743 [pool-37-thread-1] INFO  server.RaftServerConfigKeys (ConfUtils.java:logGet(43)) - raft.server.storage.dir = [/workdir/hadoop-ozone/tools/target/test-dir/MiniOzoneClusterImpl-b88d8d95-70e9-47b8-bab6-e4df0797a5ce/datanode-1/data/ratis] (custom)
2019-09-25 05:59:26,743 [pool-37-thread-1] INFO  storage.RaftStorageDirectory (RaftStorageDirectory.java:analyzeStorage(246)) - The storage directory /workdir/hadoop-ozone/tools/target/test-dir/MiniOzoneClusterImpl-b88d8d95-70e9-47b8-bab6-e4df0797a5ce/datanode-1/data/ratis/0408b101-e986-4dee-86f2-7e8d440cfd6f does not exist. Creating ...
2019-09-25 05:59:26,756 [pool-37-thread-1] INFO  storage.RaftStorageDirectory (RaftStorageDirectory.java:tryLock(328)) - Lock on /workdir/hadoop-ozone/tools/target/test-dir/MiniOzoneClusterImpl-b88d8d95-70e9-47b8-bab6-e4df0797a5ce/datanode-1/data/ratis/0408b101-e986-4dee-86f2-7e8d440cfd6f/in_use.lock acquired by nodename 27182@pr-hdds-1569-zxpks-796972592
2019-09-25 05:59:26,770 [pool-37-thread-1] INFO  storage.RaftStorage (RaftStorage.java:format(72)) - Storage directory /workdir/hadoop-ozone/tools/target/test-dir/MiniOzoneClusterImpl-b88d8d95-70e9-47b8-bab6-e4df0797a5ce/datanode-1/data/ratis/0408b101-e986-4dee-86f2-7e8d440cfd6f has been successfully formatted.
2019-09-25 05:59:26,770 [pool-37-thread-1] INFO  ratis.ContainerStateMachine (ContainerStateMachine.java:loadSnapshot(230)) - group-7E8D440CFD6F: The snapshot info is null. Setting the last applied indexto:(t:0, i:~)
2019-09-25 05:59:26,770 [pool-37-thread-1] INFO  server.RaftServerConfigKeys (ConfUtils.java:logGet(43)) - raft.server.notification.no-leader.timeout = 120s (custom)
2019-09-25 05:59:26,771 [pool-37-thread-1] INFO  server.RaftServerConfigKeys (ConfUtils.java:logGet(43)) - raft.server.log.use.memory = false (default)
2019-09-25 05:59:26,771 [pool-37-thread-1] INFO  server.RaftServerConfigKeys (ConfUtils.java:logGet(43)) - raft.server.log.purge.gap = 1000000 (custom)
2019-09-25 05:59:26,771 [pool-37-thread-1] INFO  server.RaftServerConfigKeys (ConfUtils.java:logGet(43)) - raft.server.log.appender.buffer.byte-limit = 33554432 (custom)
2019-09-25 05:59:26,771 [pool-37-thread-1] INFO  server.RaftServerConfigKeys (ConfUtils.java:logGet(43)) - raft.server.log.segment.size.max = 1048576 (custom)
2019-09-25 05:59:26,772 [pool-37-thread-1] INFO  server.RaftServerConfigKeys (ConfUtils.java:logGet(43)) - raft.server.log.segment.cache.num.max = 2 (custom)
2019-09-25 05:59:26,772 [pool-37-thread-1] INFO  segmented.SegmentedRaftLogWorker (SegmentedRaftLogWorker.java:<init>(172)) - new a70ebb95-9827-4ee9-872e-51470ad9f886@group-7E8D440CFD6F-SegmentedRaftLogWorker for RaftStorage:Storage Directory /workdir/hadoop-ozone/tools/target/test-dir/MiniOzoneClusterImpl-b88d8d95-70e9-47b8-bab6-e4df0797a5ce/datanode-1/data/ratis/0408b101-e986-4dee-86f2-7e8d440cfd6f
2019-09-25 05:59:26,772 [pool-37-thread-1] INFO  server.RaftServerConfigKeys (ConfUtils.java:logGet(43)) - raft.server.log.queue.byte-limit = 2147483647 (custom)
2019-09-25 05:59:26,772 [pool-37-thread-1] INFO  server.RaftServerConfigKeys (ConfUtils.java:logGet(43)) - raft.server.log.queue.element-limit = 1024 (custom)
2019-09-25 05:59:26,773 [pool-37-thread-1] INFO  server.RaftServerConfigKeys (ConfUtils.java:logGet(43)) - raft.server.log.segment.size.max = 1048576 (custom)
2019-09-25 05:59:26,773 [pool-37-thread-1] INFO  server.RaftServerConfigKeys (ConfUtils.java:logGet(43)) - raft.server.log.preallocated.size = 16384 (custom)
2019-09-25 05:59:26,773 [pool-37-thread-1] INFO  server.RaftServerConfigKeys (ConfUtils.java:logGet(43)) - raft.server.log.write.buffer.size = 33554432 (custom)
2019-09-25 05:59:26,773 [pool-37-thread-1] INFO  server.RaftServerConfigKeys (ConfUtils.java:logGet(43)) - raft.server.log.force.sync.num = 128 (default)
2019-09-25 05:59:26,773 [pool-37-thread-1] INFO  server.RaftServerConfigKeys (ConfUtils.java:logGet(43)) - raft.server.log.statemachine.data.sync = true (default)
2019-09-25 05:59:26,774 [pool-37-thread-1] INFO  server.RaftServerConfigKeys (ConfUtils.java:logGet(43)) - raft.server.log.statemachine.data.sync.timeout = 10s (default)
2019-09-25 05:59:26,774 [pool-37-thread-1] INFO  server.RaftServerConfigKeys (ConfUtils.java:logGet(43)) - raft.server.log.statemachine.data.sync.timeout.retry = -1 (default)
2019-09-25 05:59:26,774 [pool-37-thread-1] INFO  server.RaftServerConfigKeys (ConfUtils.java:logGet(43)) - raft.server.log.statemachine.data.caching.enabled = true (custom)
2019-09-25 05:59:26,775 [pool-37-thread-1] INFO  segmented.SegmentedRaftLogWorker (SegmentedRaftLogWorker.java:lambda$new$0(132)) - a70ebb95-9827-4ee9-872e-51470ad9f886@group-7E8D440CFD6F-SegmentedRaftLogWorker: flushIndex: setUnconditionally 0 -> -1
2019-09-25 05:59:26,775 [pool-37-thread-1] INFO  server.RaftServerConfigKeys (ConfUtils.java:logGet(43)) - raft.server.snapshot.auto.trigger.enabled = true (custom)
2019-09-25 05:59:26,775 [pool-37-thread-1] INFO  server.RaftServerConfigKeys (ConfUtils.java:logGet(43)) - raft.server.snapshot.auto.trigger.threshold = 10000 (custom)
2019-09-25 05:59:26,776 [pool-37-thread-1] INFO  server.RaftServerConfigKeys (ConfUtils.java:logGet(43)) - raft.server.snapshot.retention.num.files = 5 (custom)
2019-09-25 05:59:26,776 [pool-37-thread-1] INFO  server.RaftServerConfigKeys (ConfUtils.java:logGet(43)) - raft.server.retrycache.expirytime = 600000ms (custom)
2019-09-25 05:59:26,782 [pool-37-thread-1] INFO  impl.RaftServerImpl (RaftServerImpl.java:start(185)) - a70ebb95-9827-4ee9-872e-51470ad9f886@group-7E8D440CFD6F: start as a follower, conf=-1: [a70ebb95-9827-4ee9-872e-51470ad9f886:192.168.5.161:38094], old=null
2019-09-25 05:59:26,782 [pool-37-thread-1] INFO  impl.RaftServerImpl (RaftServerImpl.java:setRole(174)) - a70ebb95-9827-4ee9-872e-51470ad9f886@group-7E8D440CFD6F: changes role from      null to FOLLOWER at term 0 for startAsFollower
2019-09-25 05:59:26,783 [pool-37-thread-1] INFO  impl.RoleInfo (RoleInfo.java:updateAndGet(143)) - a70ebb95-9827-4ee9-872e-51470ad9f886: start FollowerState
2019-09-25 05:59:26,783 [pool-37-thread-1] INFO  util.JmxRegister (JmxRegister.java:tryRegister(44)) - Successfully registered JMX Bean with object name Ratis:service=RaftServer,group=group-7E8D440CFD6F,id=a70ebb95-9827-4ee9-872e-51470ad9f886
2019-09-25 05:59:26,796 [RatisPipelineUtilsThread] INFO  pipeline.PipelineStateManager (PipelineStateManager.java:addPipeline(56)) - Created pipeline Pipeline[ Id: 0408b101-e986-4dee-86f2-7e8d440cfd6f, Nodes: a70ebb95-9827-4ee9-872e-51470ad9f886{ip: 192.168.5.161, host: pr-hdds-1569-zxpks-796972592, networkLocation: /default-rack, certSerialId: null}, Type:RATIS, Factor:ONE, State:OPEN]
2019-09-25 05:59:26,821 [grpc-default-executor-0] INFO  impl.RaftServerProxy (RaftServerProxy.java:addNew(89)) - dcfa33bc-9001-4365-ad5d-758174e05f4c: addNew group-D472DB183A5D:[dcfa33bc-9001-4365-ad5d-758174e05f4c:192.168.5.161:35167] returns group-D472DB183A5D:java.util.concurrent.CompletableFuture@28846dd1[Not completed]
2019-09-25 05:59:26,824 [pool-27-thread-1] INFO  impl.RaftServerImpl (RaftServerImpl.java:<init>(95)) - dcfa33bc-9001-4365-ad5d-758174e05f4c: new RaftServerImpl for group-D472DB183A5D:[dcfa33bc-9001-4365-ad5d-758174e05f4c:192.168.5.161:35167] with ContainerStateMachine:uninitialized
2019-09-25 05:59:26,824 [pool-27-thread-1] INFO  server.RaftServerConfigKeys (ConfUtils.java:logGet(43)) - raft.server.rpc.timeout.min = 5s (custom)
2019-09-25 05:59:26,824 [pool-27-thread-1] INFO  server.RaftServerConfigKeys (ConfUtils.java:logGet(43)) - raft.server.rpc.timeout.max = 5200ms (custom)
2019-09-25 05:59:26,825 [pool-27-thread-1] INFO  server.RaftServerConfigKeys (ConfUtils.java:logGet(43)) - raft.server.rpcslowness.timeout = 120s (custom)
2019-09-25 05:59:26,825 [pool-27-thread-1] INFO  server.RaftServerConfigKeys (ConfUtils.java:logGet(43)) - raft.server.sleep.deviation.threshold = 300 (default)
2019-09-25 05:59:26,825 [pool-27-thread-1] INFO  server.RaftServerConfigKeys (ConfUtils.java:logGet(43)) - raft.server.log.appender.install.snapshot.enabled = false (custom)
2019-09-25 05:59:26,825 [pool-27-thread-1] INFO  impl.RaftServerImpl (ServerState.java:<init>(103)) - dcfa33bc-9001-4365-ad5d-758174e05f4c@group-D472DB183A5D: ConfigurationManager, init=-1: [dcfa33bc-9001-4365-ad5d-758174e05f4c:192.168.5.161:35167], old=null, confs=<EMPTY_MAP>
2019-09-25 05:59:26,825 [pool-27-thread-1] INFO  server.RaftServerConfigKeys (ConfUtils.java:logGet(43)) - raft.server.storage.dir = [/workdir/hadoop-ozone/tools/target/test-dir/MiniOzoneClusterImpl-b88d8d95-70e9-47b8-bab6-e4df0797a5ce/datanode-0/data/ratis] (custom)
2019-09-25 05:59:26,826 [pool-27-thread-1] INFO  storage.RaftStorageDirectory (RaftStorageDirectory.java:analyzeStorage(246)) - The storage directory /workdir/hadoop-ozone/tools/target/test-dir/MiniOzoneClusterImpl-b88d8d95-70e9-47b8-bab6-e4df0797a5ce/datanode-0/data/ratis/92220f4e-232e-4812-a702-d472db183a5d does not exist. Creating ...
2019-09-25 05:59:26,839 [pool-27-thread-1] INFO  storage.RaftStorageDirectory (RaftStorageDirectory.java:tryLock(328)) - Lock on /workdir/hadoop-ozone/tools/target/test-dir/MiniOzoneClusterImpl-b88d8d95-70e9-47b8-bab6-e4df0797a5ce/datanode-0/data/ratis/92220f4e-232e-4812-a702-d472db183a5d/in_use.lock acquired by nodename 27182@pr-hdds-1569-zxpks-796972592
2019-09-25 05:59:26,847 [main] INFO  ozone.MiniOzoneClusterImpl (MiniOzoneClusterImpl.java:lambda$waitForClusterToBeReady$0(147)) - Cluster is ready. Got 5 of 5 DN Heartbeats.
2019-09-25 05:59:26,864 [pool-27-thread-1] INFO  storage.RaftStorage (RaftStorage.java:format(72)) - Storage directory /workdir/hadoop-ozone/tools/target/test-dir/MiniOzoneClusterImpl-b88d8d95-70e9-47b8-bab6-e4df0797a5ce/datanode-0/data/ratis/92220f4e-232e-4812-a702-d472db183a5d has been successfully formatted.
2019-09-25 05:59:26,865 [pool-27-thread-1] INFO  ratis.ContainerStateMachine (ContainerStateMachine.java:loadSnapshot(230)) - group-D472DB183A5D: The snapshot info is null. Setting the last applied indexto:(t:0, i:~)
2019-09-25 05:59:26,865 [pool-27-thread-1] INFO  server.RaftServerConfigKeys (ConfUtils.java:logGet(43)) - raft.server.notification.no-leader.timeout = 120s (custom)
2019-09-25 05:59:26,866 [pool-27-thread-1] INFO  server.RaftServerConfigKeys (ConfUtils.java:logGet(43)) - raft.server.log.use.memory = false (default)
2019-09-25 05:59:26,866 [pool-27-thread-1] INFO  server.RaftServerConfigKeys (ConfUtils.java:logGet(43)) - raft.server.log.purge.gap = 1000000 (custom)
2019-09-25 05:59:26,866 [pool-27-thread-1] INFO  server.RaftServerConfigKeys (ConfUtils.java:logGet(43)) - raft.server.log.appender.buffer.byte-limit = 33554432 (custom)
2019-09-25 05:59:26,866 [pool-27-thread-1] INFO  server.RaftServerConfigKeys (ConfUtils.java:logGet(43)) - raft.server.log.segment.size.max = 1048576 (custom)
2019-09-25 05:59:26,867 [pool-27-thread-1] INFO  server.RaftServerConfigKeys (ConfUtils.java:logGet(43)) - raft.server.log.segment.cache.num.max = 2 (custom)
2019-09-25 05:59:26,867 [pool-27-thread-1] INFO  segmented.SegmentedRaftLogWorker (SegmentedRaftLogWorker.java:<init>(172)) - new dcfa33bc-9001-4365-ad5d-758174e05f4c@group-D472DB183A5D-SegmentedRaftLogWorker for RaftStorage:Storage Directory /workdir/hadoop-ozone/tools/target/test-dir/MiniOzoneClusterImpl-b88d8d95-70e9-47b8-bab6-e4df0797a5ce/datanode-0/data/ratis/92220f4e-232e-4812-a702-d472db183a5d
2019-09-25 05:59:26,868 [pool-27-thread-1] INFO  server.RaftServerConfigKeys (ConfUtils.java:logGet(43)) - raft.server.log.queue.byte-limit = 2147483647 (custom)
2019-09-25 05:59:26,868 [pool-27-thread-1] INFO  server.RaftServerConfigKeys (ConfUtils.java:logGet(43)) - raft.server.log.queue.element-limit = 1024 (custom)
2019-09-25 05:59:26,868 [pool-27-thread-1] INFO  server.RaftServerConfigKeys (ConfUtils.java:logGet(43)) - raft.server.log.segment.size.max = 1048576 (custom)
2019-09-25 05:59:26,868 [pool-27-thread-1] INFO  server.RaftServerConfigKeys (ConfUtils.java:logGet(43)) - raft.server.log.preallocated.size = 16384 (custom)
2019-09-25 05:59:26,869 [pool-27-thread-1] INFO  server.RaftServerConfigKeys (ConfUtils.java:logGet(43)) - raft.server.log.write.buffer.size = 33554432 (custom)
2019-09-25 05:59:26,869 [pool-27-thread-1] INFO  server.RaftServerConfigKeys (ConfUtils.java:logGet(43)) - raft.server.log.force.sync.num = 128 (default)
2019-09-25 05:59:26,869 [pool-27-thread-1] INFO  server.RaftServerConfigKeys (ConfUtils.java:logGet(43)) - raft.server.log.statemachine.data.sync = true (default)
2019-09-25 05:59:26,869 [pool-27-thread-1] INFO  server.RaftServerConfigKeys (ConfUtils.java:logGet(43)) - raft.server.log.statemachine.data.sync.timeout = 10s (default)
2019-09-25 05:59:26,870 [pool-27-thread-1] INFO  server.RaftServerConfigKeys (ConfUtils.java:logGet(43)) - raft.server.log.statemachine.data.sync.timeout.retry = -1 (default)
2019-09-25 05:59:26,870 [pool-27-thread-1] INFO  server.RaftServerConfigKeys (ConfUtils.java:logGet(43)) - raft.server.log.statemachine.data.caching.enabled = true (custom)
2019-09-25 05:59:26,870 [pool-27-thread-1] INFO  segmented.SegmentedRaftLogWorker (SegmentedRaftLogWorker.java:lambda$new$0(132)) - dcfa33bc-9001-4365-ad5d-758174e05f4c@group-D472DB183A5D-SegmentedRaftLogWorker: flushIndex: setUnconditionally 0 -> -1
2019-09-25 05:59:26,871 [pool-27-thread-1] INFO  server.RaftServerConfigKeys (ConfUtils.java:logGet(43)) - raft.server.snapshot.auto.trigger.enabled = true (custom)
2019-09-25 05:59:26,871 [pool-27-thread-1] INFO  server.RaftServerConfigKeys (ConfUtils.java:logGet(43)) - raft.server.snapshot.auto.trigger.threshold = 10000 (custom)
2019-09-25 05:59:26,871 [pool-27-thread-1] INFO  server.RaftServerConfigKeys (ConfUtils.java:logGet(43)) - raft.server.snapshot.retention.num.files = 5 (custom)
2019-09-25 05:59:26,872 [pool-27-thread-1] INFO  server.RaftServerConfigKeys (ConfUtils.java:logGet(43)) - raft.server.retrycache.expirytime = 600000ms (custom)
2019-09-25 05:59:26,878 [pool-27-thread-1] INFO  impl.RaftServerImpl (RaftServerImpl.java:start(185)) - dcfa33bc-9001-4365-ad5d-758174e05f4c@group-D472DB183A5D: start as a follower, conf=-1: [dcfa33bc-9001-4365-ad5d-758174e05f4c:192.168.5.161:35167], old=null
2019-09-25 05:59:26,878 [pool-27-thread-1] INFO  impl.RaftServerImpl (RaftServerImpl.java:setRole(174)) - dcfa33bc-9001-4365-ad5d-758174e05f4c@group-D472DB183A5D: changes role from      null to FOLLOWER at term 0 for startAsFollower
2019-09-25 05:59:26,878 [pool-27-thread-1] INFO  impl.RoleInfo (RoleInfo.java:updateAndGet(143)) - dcfa33bc-9001-4365-ad5d-758174e05f4c: start FollowerState
2019-09-25 05:59:26,879 [pool-27-thread-1] INFO  util.JmxRegister (JmxRegister.java:tryRegister(44)) - Successfully registered JMX Bean with object name Ratis:service=RaftServer,group=group-D472DB183A5D,id=dcfa33bc-9001-4365-ad5d-758174e05f4c
2019-09-25 05:59:26,892 [RatisPipelineUtilsThread] INFO  pipeline.PipelineStateManager (PipelineStateManager.java:addPipeline(56)) - Created pipeline Pipeline[ Id: 92220f4e-232e-4812-a702-d472db183a5d, Nodes: dcfa33bc-9001-4365-ad5d-758174e05f4c{ip: 192.168.5.161, host: pr-hdds-1569-zxpks-796972592, networkLocation: /default-rack, certSerialId: null}, Type:RATIS, Factor:ONE, State:OPEN]
2019-09-25 05:59:26,908 [grpc-default-executor-0] INFO  impl.RaftServerProxy (RaftServerProxy.java:addNew(89)) - a70ebb95-9827-4ee9-872e-51470ad9f886: addNew group-AC4B764E0FE6:[a70ebb95-9827-4ee9-872e-51470ad9f886:192.168.5.161:38094] returns group-AC4B764E0FE6:java.util.concurrent.CompletableFuture@1a24fefc[Not completed]
2019-09-25 05:59:26,911 [pool-37-thread-1] INFO  impl.RaftServerImpl (RaftServerImpl.java:<init>(95)) - a70ebb95-9827-4ee9-872e-51470ad9f886: new RaftServerImpl for group-AC4B764E0FE6:[a70ebb95-9827-4ee9-872e-51470ad9f886:192.168.5.161:38094] with ContainerStateMachine:uninitialized
2019-09-25 05:59:26,912 [pool-37-thread-1] INFO  server.RaftServerConfigKeys (ConfUtils.java:logGet(43)) - raft.server.rpc.timeout.min = 5s (custom)
2019-09-25 05:59:26,912 [pool-37-thread-1] INFO  server.RaftServerConfigKeys (ConfUtils.java:logGet(43)) - raft.server.rpc.timeout.max = 5200ms (custom)
2019-09-25 05:59:26,912 [pool-37-thread-1] INFO  server.RaftServerConfigKeys (ConfUtils.java:logGet(43)) - raft.server.rpcslowness.timeout = 120s (custom)
2019-09-25 05:59:26,913 [pool-37-thread-1] INFO  server.RaftServerConfigKeys (ConfUtils.java:logGet(43)) - raft.server.sleep.deviation.threshold = 300 (default)
2019-09-25 05:59:26,913 [pool-37-thread-1] INFO  server.RaftServerConfigKeys (ConfUtils.java:logGet(43)) - raft.server.log.appender.install.snapshot.enabled = false (custom)
2019-09-25 05:59:26,913 [pool-37-thread-1] INFO  impl.RaftServerImpl (ServerState.java:<init>(103)) - a70ebb95-9827-4ee9-872e-51470ad9f886@group-AC4B764E0FE6: ConfigurationManager, init=-1: [a70ebb95-9827-4ee9-872e-51470ad9f886:192.168.5.161:38094], old=null, confs=<EMPTY_MAP>
2019-09-25 05:59:26,914 [pool-37-thread-1] INFO  server.RaftServerConfigKeys (ConfUtils.java:logGet(43)) - raft.server.storage.dir = [/workdir/hadoop-ozone/tools/target/test-dir/MiniOzoneClusterImpl-b88d8d95-70e9-47b8-bab6-e4df0797a5ce/datanode-1/data/ratis] (custom)
2019-09-25 05:59:26,914 [pool-37-thread-1] INFO  storage.RaftStorageDirectory (RaftStorageDirectory.java:analyzeStorage(246)) - The storage directory /workdir/hadoop-ozone/tools/target/test-dir/MiniOzoneClusterImpl-b88d8d95-70e9-47b8-bab6-e4df0797a5ce/datanode-1/data/ratis/8df6c7bb-9caa-47f1-ac18-ac4b764e0fe6 does not exist. Creating ...
2019-09-25 05:59:26,928 [pool-37-thread-1] INFO  storage.RaftStorageDirectory (RaftStorageDirectory.java:tryLock(328)) - Lock on /workdir/hadoop-ozone/tools/target/test-dir/MiniOzoneClusterImpl-b88d8d95-70e9-47b8-bab6-e4df0797a5ce/datanode-1/data/ratis/8df6c7bb-9caa-47f1-ac18-ac4b764e0fe6/in_use.lock acquired by nodename 27182@pr-hdds-1569-zxpks-796972592
2019-09-25 05:59:26,941 [pool-37-thread-1] INFO  storage.RaftStorage (RaftStorage.java:format(72)) - Storage directory /workdir/hadoop-ozone/tools/target/test-dir/MiniOzoneClusterImpl-b88d8d95-70e9-47b8-bab6-e4df0797a5ce/datanode-1/data/ratis/8df6c7bb-9caa-47f1-ac18-ac4b764e0fe6 has been successfully formatted.
2019-09-25 05:59:26,942 [pool-37-thread-1] INFO  ratis.ContainerStateMachine (ContainerStateMachine.java:loadSnapshot(230)) - group-AC4B764E0FE6: The snapshot info is null. Setting the last applied indexto:(t:0, i:~)
2019-09-25 05:59:26,942 [pool-37-thread-1] INFO  server.RaftServerConfigKeys (ConfUtils.java:logGet(43)) - raft.server.notification.no-leader.timeout = 120s (custom)
2019-09-25 05:59:26,942 [pool-37-thread-1] INFO  server.RaftServerConfigKeys (ConfUtils.java:logGet(43)) - raft.server.log.use.memory = false (default)
2019-09-25 05:59:26,943 [pool-37-thread-1] INFO  server.RaftServerConfigKeys (ConfUtils.java:logGet(43)) - raft.server.log.purge.gap = 1000000 (custom)
2019-09-25 05:59:26,943 [pool-37-thread-1] INFO  server.RaftServerConfigKeys (ConfUtils.java:logGet(43)) - raft.server.log.appender.buffer.byte-limit = 33554432 (custom)
2019-09-25 05:59:26,943 [pool-37-thread-1] INFO  server.RaftServerConfigKeys (ConfUtils.java:logGet(43)) - raft.server.log.segment.size.max = 1048576 (custom)
2019-09-25 05:59:26,943 [pool-37-thread-1] INFO  server.RaftServerConfigKeys (ConfUtils.java:logGet(43)) - raft.server.log.segment.cache.num.max = 2 (custom)
2019-09-25 05:59:26,944 [pool-37-thread-1] INFO  segmented.SegmentedRaftLogWorker (SegmentedRaftLogWorker.java:<init>(172)) - new a70ebb95-9827-4ee9-872e-51470ad9f886@group-AC4B764E0FE6-SegmentedRaftLogWorker for RaftStorage:Storage Directory /workdir/hadoop-ozone/tools/target/test-dir/MiniOzoneClusterImpl-b88d8d95-70e9-47b8-bab6-e4df0797a5ce/datanode-1/data/ratis/8df6c7bb-9caa-47f1-ac18-ac4b764e0fe6
2019-09-25 05:59:26,944 [pool-37-thread-1] INFO  server.RaftServerConfigKeys (ConfUtils.java:logGet(43)) - raft.server.log.queue.byte-limit = 2147483647 (custom)
2019-09-25 05:59:26,944 [pool-37-thread-1] INFO  server.RaftServerConfigKeys (ConfUtils.java:logGet(43)) - raft.server.log.queue.element-limit = 1024 (custom)
2019-09-25 05:59:26,944 [pool-37-thread-1] INFO  server.RaftServerConfigKeys (ConfUtils.java:logGet(43)) - raft.server.log.segment.size.max = 1048576 (custom)
2019-09-25 05:59:26,944 [pool-37-thread-1] INFO  server.RaftServerConfigKeys (ConfUtils.java:logGet(43)) - raft.server.log.preallocated.size = 16384 (custom)
2019-09-25 05:59:26,945 [pool-37-thread-1] INFO  server.RaftServerConfigKeys (ConfUtils.java:logGet(43)) - raft.server.log.write.buffer.size = 33554432 (custom)
2019-09-25 05:59:26,945 [pool-37-thread-1] INFO  server.RaftServerConfigKeys (ConfUtils.java:logGet(43)) - raft.server.log.force.sync.num = 128 (default)
2019-09-25 05:59:26,945 [pool-37-thread-1] INFO  server.RaftServerConfigKeys (ConfUtils.java:logGet(43)) - raft.server.log.statemachine.data.sync = true (default)
2019-09-25 05:59:26,945 [pool-37-thread-1] INFO  server.RaftServerConfigKeys (ConfUtils.java:logGet(43)) - raft.server.log.statemachine.data.sync.timeout = 10s (default)
2019-09-25 05:59:26,945 [pool-37-thread-1] INFO  server.RaftServerConfigKeys (ConfUtils.java:logGet(43)) - raft.server.log.statemachine.data.sync.timeout.retry = -1 (default)
2019-09-25 05:59:26,946 [pool-37-thread-1] INFO  server.RaftServerConfigKeys (ConfUtils.java:logGet(43)) - raft.server.log.statemachine.data.caching.enabled = true (custom)
2019-09-25 05:59:26,946 [pool-37-thread-1] INFO  segmented.SegmentedRaftLogWorker (SegmentedRaftLogWorker.java:lambda$new$0(132)) - a70ebb95-9827-4ee9-872e-51470ad9f886@group-AC4B764E0FE6-SegmentedRaftLogWorker: flushIndex: setUnconditionally 0 -> -1
2019-09-25 05:59:26,947 [pool-37-thread-1] INFO  server.RaftServerConfigKeys (ConfUtils.java:logGet(43)) - raft.server.snapshot.auto.trigger.enabled = true (custom)
2019-09-25 05:59:26,947 [pool-37-thread-1] INFO  server.RaftServerConfigKeys (ConfUtils.java:logGet(43)) - raft.server.snapshot.auto.trigger.threshold = 10000 (custom)
2019-09-25 05:59:26,947 [pool-37-thread-1] INFO  server.RaftServerConfigKeys (ConfUtils.java:logGet(43)) - raft.server.snapshot.retention.num.files = 5 (custom)
2019-09-25 05:59:26,947 [pool-37-thread-1] INFO  server.RaftServerConfigKeys (ConfUtils.java:logGet(43)) - raft.server.retrycache.expirytime = 600000ms (custom)
2019-09-25 05:59:26,953 [pool-37-thread-1] INFO  impl.RaftServerImpl (RaftServerImpl.java:start(185)) - a70ebb95-9827-4ee9-872e-51470ad9f886@group-AC4B764E0FE6: start as a follower, conf=-1: [a70ebb95-9827-4ee9-872e-51470ad9f886:192.168.5.161:38094], old=null
2019-09-25 05:59:26,954 [pool-37-thread-1] INFO  impl.RaftServerImpl (RaftServerImpl.java:setRole(174)) - a70ebb95-9827-4ee9-872e-51470ad9f886@group-AC4B764E0FE6: changes role from      null to FOLLOWER at term 0 for startAsFollower
2019-09-25 05:59:26,954 [pool-37-thread-1] INFO  impl.RoleInfo (RoleInfo.java:updateAndGet(143)) - a70ebb95-9827-4ee9-872e-51470ad9f886: start FollowerState
2019-09-25 05:59:26,954 [pool-37-thread-1] INFO  util.JmxRegister (JmxRegister.java:tryRegister(44)) - Successfully registered JMX Bean with object name Ratis:service=RaftServer,group=group-AC4B764E0FE6,id=a70ebb95-9827-4ee9-872e-51470ad9f886
2019-09-25 05:59:26,973 [RatisPipelineUtilsThread] INFO  pipeline.PipelineStateManager (PipelineStateManager.java:addPipeline(56)) - Created pipeline Pipeline[ Id: 8df6c7bb-9caa-47f1-ac18-ac4b764e0fe6, Nodes: a70ebb95-9827-4ee9-872e-51470ad9f886{ip: 192.168.5.161, host: pr-hdds-1569-zxpks-796972592, networkLocation: /default-rack, certSerialId: null}, Type:RATIS, Factor:ONE, State:OPEN]
2019-09-25 05:59:26,988 [grpc-default-executor-0] INFO  impl.RaftServerProxy (RaftServerProxy.java:addNew(89)) - dcfa33bc-9001-4365-ad5d-758174e05f4c: addNew group-B917687C8036:[dcfa33bc-9001-4365-ad5d-758174e05f4c:192.168.5.161:35167] returns group-B917687C8036:java.util.concurrent.CompletableFuture@db4c556[Not completed]
2019-09-25 05:59:26,991 [pool-27-thread-1] INFO  impl.RaftServerImpl (RaftServerImpl.java:<init>(95)) - dcfa33bc-9001-4365-ad5d-758174e05f4c: new RaftServerImpl for group-B917687C8036:[dcfa33bc-9001-4365-ad5d-758174e05f4c:192.168.5.161:35167] with ContainerStateMachine:uninitialized
2019-09-25 05:59:26,991 [pool-27-thread-1] INFO  server.RaftServerConfigKeys (ConfUtils.java:logGet(43)) - raft.server.rpc.timeout.min = 5s (custom)
2019-09-25 05:59:26,991 [pool-27-thread-1] INFO  server.RaftServerConfigKeys (ConfUtils.java:logGet(43)) - raft.server.rpc.timeout.max = 5200ms (custom)
2019-09-25 05:59:26,991 [pool-27-thread-1] INFO  server.RaftServerConfigKeys (ConfUtils.java:logGet(43)) - raft.server.rpcslowness.timeout = 120s (custom)
2019-09-25 05:59:26,991 [pool-27-thread-1] INFO  server.RaftServerConfigKeys (ConfUtils.java:logGet(43)) - raft.server.sleep.deviation.threshold = 300 (default)
2019-09-25 05:59:26,991 [pool-27-thread-1] INFO  server.RaftServerConfigKeys (ConfUtils.java:logGet(43)) - raft.server.log.appender.install.snapshot.enabled = false (custom)
2019-09-25 05:59:26,992 [pool-27-thread-1] INFO  impl.RaftServerImpl (ServerState.java:<init>(103)) - dcfa33bc-9001-4365-ad5d-758174e05f4c@group-B917687C8036: ConfigurationManager, init=-1: [dcfa33bc-9001-4365-ad5d-758174e05f4c:192.168.5.161:35167], old=null, confs=<EMPTY_MAP>
2019-09-25 05:59:26,992 [pool-27-thread-1] INFO  server.RaftServerConfigKeys (ConfUtils.java:logGet(43)) - raft.server.storage.dir = [/workdir/hadoop-ozone/tools/target/test-dir/MiniOzoneClusterImpl-b88d8d95-70e9-47b8-bab6-e4df0797a5ce/datanode-0/data/ratis] (custom)
2019-09-25 05:59:26,992 [pool-27-thread-1] INFO  storage.RaftStorageDirectory (RaftStorageDirectory.java:analyzeStorage(246)) - The storage directory /workdir/hadoop-ozone/tools/target/test-dir/MiniOzoneClusterImpl-b88d8d95-70e9-47b8-bab6-e4df0797a5ce/datanode-0/data/ratis/93495920-a710-48c6-be10-b917687c8036 does not exist. Creating ...
2019-09-25 05:59:27,007 [pool-27-thread-1] INFO  storage.RaftStorageDirectory (RaftStorageDirectory.java:tryLock(328)) - Lock on /workdir/hadoop-ozone/tools/target/test-dir/MiniOzoneClusterImpl-b88d8d95-70e9-47b8-bab6-e4df0797a5ce/datanode-0/data/ratis/93495920-a710-48c6-be10-b917687c8036/in_use.lock acquired by nodename 27182@pr-hdds-1569-zxpks-796972592
2019-09-25 05:59:27,020 [pool-27-thread-1] INFO  storage.RaftStorage (RaftStorage.java:format(72)) - Storage directory /workdir/hadoop-ozone/tools/target/test-dir/MiniOzoneClusterImpl-b88d8d95-70e9-47b8-bab6-e4df0797a5ce/datanode-0/data/ratis/93495920-a710-48c6-be10-b917687c8036 has been successfully formatted.
2019-09-25 05:59:27,021 [pool-27-thread-1] INFO  ratis.ContainerStateMachine (ContainerStateMachine.java:loadSnapshot(230)) - group-B917687C8036: The snapshot info is null. Setting the last applied indexto:(t:0, i:~)
2019-09-25 05:59:27,021 [pool-27-thread-1] INFO  server.RaftServerConfigKeys (ConfUtils.java:logGet(43)) - raft.server.notification.no-leader.timeout = 120s (custom)
2019-09-25 05:59:27,021 [pool-27-thread-1] INFO  server.RaftServerConfigKeys (ConfUtils.java:logGet(43)) - raft.server.log.use.memory = false (default)
2019-09-25 05:59:27,021 [pool-27-thread-1] INFO  server.RaftServerConfigKeys (ConfUtils.java:logGet(43)) - raft.server.log.purge.gap = 1000000 (custom)
2019-09-25 05:59:27,021 [pool-27-thread-1] INFO  server.RaftServerConfigKeys (ConfUtils.java:logGet(43)) - raft.server.log.appender.buffer.byte-limit = 33554432 (custom)
2019-09-25 05:59:27,022 [pool-27-thread-1] INFO  server.RaftServerConfigKeys (ConfUtils.java:logGet(43)) - raft.server.log.segment.size.max = 1048576 (custom)
2019-09-25 05:59:27,022 [pool-27-thread-1] INFO  server.RaftServerConfigKeys (ConfUtils.java:logGet(43)) - raft.server.log.segment.cache.num.max = 2 (custom)
2019-09-25 05:59:27,022 [pool-27-thread-1] INFO  segmented.SegmentedRaftLogWorker (SegmentedRaftLogWorker.java:<init>(172)) - new dcfa33bc-9001-4365-ad5d-758174e05f4c@group-B917687C8036-SegmentedRaftLogWorker for RaftStorage:Storage Directory /workdir/hadoop-ozone/tools/target/test-dir/MiniOzoneClusterImpl-b88d8d95-70e9-47b8-bab6-e4df0797a5ce/datanode-0/data/ratis/93495920-a710-48c6-be10-b917687c8036
2019-09-25 05:59:27,022 [pool-27-thread-1] INFO  server.RaftServerConfigKeys (ConfUtils.java:logGet(43)) - raft.server.log.queue.byte-limit = 2147483647 (custom)
2019-09-25 05:59:27,022 [pool-27-thread-1] INFO  server.RaftServerConfigKeys (ConfUtils.java:logGet(43)) - raft.server.log.queue.element-limit = 1024 (custom)
2019-09-25 05:59:27,022 [pool-27-thread-1] INFO  server.RaftServerConfigKeys (ConfUtils.java:logGet(43)) - raft.server.log.segment.size.max = 1048576 (custom)
2019-09-25 05:59:27,023 [pool-27-thread-1] INFO  server.RaftServerConfigKeys (ConfUtils.java:logGet(43)) - raft.server.log.preallocated.size = 16384 (custom)
2019-09-25 05:59:27,023 [pool-27-thread-1] INFO  server.RaftServerConfigKeys (ConfUtils.java:logGet(43)) - raft.server.log.write.buffer.size = 33554432 (custom)
2019-09-25 05:59:27,023 [pool-27-thread-1] INFO  server.RaftServerConfigKeys (ConfUtils.java:logGet(43)) - raft.server.log.force.sync.num = 128 (default)
2019-09-25 05:59:27,023 [pool-27-thread-1] INFO  server.RaftServerConfigKeys (ConfUtils.java:logGet(43)) - raft.server.log.statemachine.data.sync = true (default)
2019-09-25 05:59:27,023 [pool-27-thread-1] INFO  server.RaftServerConfigKeys (ConfUtils.java:logGet(43)) - raft.server.log.statemachine.data.sync.timeout = 10s (default)
2019-09-25 05:59:27,023 [pool-27-thread-1] INFO  server.RaftServerConfigKeys (ConfUtils.java:logGet(43)) - raft.server.log.statemachine.data.sync.timeout.retry = -1 (default)
2019-09-25 05:59:27,024 [pool-27-thread-1] INFO  server.RaftServerConfigKeys (ConfUtils.java:logGet(43)) - raft.server.log.statemachine.data.caching.enabled = true (custom)
2019-09-25 05:59:27,024 [pool-27-thread-1] INFO  segmented.SegmentedRaftLogWorker (SegmentedRaftLogWorker.java:lambda$new$0(132)) - dcfa33bc-9001-4365-ad5d-758174e05f4c@group-B917687C8036-SegmentedRaftLogWorker: flushIndex: setUnconditionally 0 -> -1
2019-09-25 05:59:27,025 [pool-27-thread-1] INFO  server.RaftServerConfigKeys (ConfUtils.java:logGet(43)) - raft.server.snapshot.auto.trigger.enabled = true (custom)
2019-09-25 05:59:27,025 [pool-27-thread-1] INFO  server.RaftServerConfigKeys (ConfUtils.java:logGet(43)) - raft.server.snapshot.auto.trigger.threshold = 10000 (custom)
2019-09-25 05:59:27,025 [pool-27-thread-1] INFO  server.RaftServerConfigKeys (ConfUtils.java:logGet(43)) - raft.server.snapshot.retention.num.files = 5 (custom)
2019-09-25 05:59:27,025 [pool-27-thread-1] INFO  server.RaftServerConfigKeys (ConfUtils.java:logGet(43)) - raft.server.retrycache.expirytime = 600000ms (custom)
2019-09-25 05:59:27,029 [pool-27-thread-1] INFO  impl.RaftServerImpl (RaftServerImpl.java:start(185)) - dcfa33bc-9001-4365-ad5d-758174e05f4c@group-B917687C8036: start as a follower, conf=-1: [dcfa33bc-9001-4365-ad5d-758174e05f4c:192.168.5.161:35167], old=null
2019-09-25 05:59:27,030 [pool-27-thread-1] INFO  impl.RaftServerImpl (RaftServerImpl.java:setRole(174)) - dcfa33bc-9001-4365-ad5d-758174e05f4c@group-B917687C8036: changes role from      null to FOLLOWER at term 0 for startAsFollower
2019-09-25 05:59:27,030 [pool-27-thread-1] INFO  impl.RoleInfo (RoleInfo.java:updateAndGet(143)) - dcfa33bc-9001-4365-ad5d-758174e05f4c: start FollowerState
2019-09-25 05:59:27,030 [pool-27-thread-1] INFO  util.JmxRegister (JmxRegister.java:tryRegister(44)) - Successfully registered JMX Bean with object name Ratis:service=RaftServer,group=group-B917687C8036,id=dcfa33bc-9001-4365-ad5d-758174e05f4c
2019-09-25 05:59:27,047 [RatisPipelineUtilsThread] INFO  pipeline.PipelineStateManager (PipelineStateManager.java:addPipeline(56)) - Created pipeline Pipeline[ Id: 93495920-a710-48c6-be10-b917687c8036, Nodes: dcfa33bc-9001-4365-ad5d-758174e05f4c{ip: 192.168.5.161, host: pr-hdds-1569-zxpks-796972592, networkLocation: /default-rack, certSerialId: null}, Type:RATIS, Factor:ONE, State:OPEN]
2019-09-25 05:59:27,060 [grpc-default-executor-0] INFO  impl.RaftServerProxy (RaftServerProxy.java:addNew(89)) - 327d7864-9593-4c84-9c3b-d4b21327d735: addNew group-CBD131BE7F0F:[327d7864-9593-4c84-9c3b-d4b21327d735:192.168.5.161:39744] returns group-CBD131BE7F0F:java.util.concurrent.CompletableFuture@509c695[Not completed]
2019-09-25 05:59:27,063 [pool-67-thread-1] INFO  impl.RaftServerImpl (RaftServerImpl.java:<init>(95)) - 327d7864-9593-4c84-9c3b-d4b21327d735: new RaftServerImpl for group-CBD131BE7F0F:[327d7864-9593-4c84-9c3b-d4b21327d735:192.168.5.161:39744] with ContainerStateMachine:uninitialized
2019-09-25 05:59:27,064 [pool-67-thread-1] INFO  server.RaftServerConfigKeys (ConfUtils.java:logGet(43)) - raft.server.rpc.timeout.min = 5s (custom)
2019-09-25 05:59:27,064 [pool-67-thread-1] INFO  server.RaftServerConfigKeys (ConfUtils.java:logGet(43)) - raft.server.rpc.timeout.max = 5200ms (custom)
2019-09-25 05:59:27,064 [pool-67-thread-1] INFO  server.RaftServerConfigKeys (ConfUtils.java:logGet(43)) - raft.server.rpcslowness.timeout = 120s (custom)
2019-09-25 05:59:27,064 [pool-67-thread-1] INFO  server.RaftServerConfigKeys (ConfUtils.java:logGet(43)) - raft.server.sleep.deviation.threshold = 300 (default)
2019-09-25 05:59:27,064 [pool-67-thread-1] INFO  server.RaftServerConfigKeys (ConfUtils.java:logGet(43)) - raft.server.log.appender.install.snapshot.enabled = false (custom)
2019-09-25 05:59:27,065 [pool-67-thread-1] INFO  impl.RaftServerImpl (ServerState.java:<init>(103)) - 327d7864-9593-4c84-9c3b-d4b21327d735@group-CBD131BE7F0F: ConfigurationManager, init=-1: [327d7864-9593-4c84-9c3b-d4b21327d735:192.168.5.161:39744], old=null, confs=<EMPTY_MAP>
2019-09-25 05:59:27,065 [pool-67-thread-1] INFO  server.RaftServerConfigKeys (ConfUtils.java:logGet(43)) - raft.server.storage.dir = [/workdir/hadoop-ozone/tools/target/test-dir/MiniOzoneClusterImpl-b88d8d95-70e9-47b8-bab6-e4df0797a5ce/datanode-4/data/ratis] (custom)
2019-09-25 05:59:27,065 [pool-67-thread-1] INFO  storage.RaftStorageDirectory (RaftStorageDirectory.java:analyzeStorage(246)) - The storage directory /workdir/hadoop-ozone/tools/target/test-dir/MiniOzoneClusterImpl-b88d8d95-70e9-47b8-bab6-e4df0797a5ce/datanode-4/data/ratis/e7c4efa3-7015-4fbc-822f-cbd131be7f0f does not exist. Creating ...
2019-09-25 05:59:27,078 [pool-67-thread-1] INFO  storage.RaftStorageDirectory (RaftStorageDirectory.java:tryLock(328)) - Lock on /workdir/hadoop-ozone/tools/target/test-dir/MiniOzoneClusterImpl-b88d8d95-70e9-47b8-bab6-e4df0797a5ce/datanode-4/data/ratis/e7c4efa3-7015-4fbc-822f-cbd131be7f0f/in_use.lock acquired by nodename 27182@pr-hdds-1569-zxpks-796972592
2019-09-25 05:59:27,092 [pool-67-thread-1] INFO  storage.RaftStorage (RaftStorage.java:format(72)) - Storage directory /workdir/hadoop-ozone/tools/target/test-dir/MiniOzoneClusterImpl-b88d8d95-70e9-47b8-bab6-e4df0797a5ce/datanode-4/data/ratis/e7c4efa3-7015-4fbc-822f-cbd131be7f0f has been successfully formatted.
2019-09-25 05:59:27,092 [pool-67-thread-1] INFO  ratis.ContainerStateMachine (ContainerStateMachine.java:loadSnapshot(230)) - group-CBD131BE7F0F: The snapshot info is null. Setting the last applied indexto:(t:0, i:~)
2019-09-25 05:59:27,093 [pool-67-thread-1] INFO  server.RaftServerConfigKeys (ConfUtils.java:logGet(43)) - raft.server.notification.no-leader.timeout = 120s (custom)
2019-09-25 05:59:27,093 [pool-67-thread-1] INFO  server.RaftServerConfigKeys (ConfUtils.java:logGet(43)) - raft.server.log.use.memory = false (default)
2019-09-25 05:59:27,093 [pool-67-thread-1] INFO  server.RaftServerConfigKeys (ConfUtils.java:logGet(43)) - raft.server.log.purge.gap = 1000000 (custom)
2019-09-25 05:59:27,093 [pool-67-thread-1] INFO  server.RaftServerConfigKeys (ConfUtils.java:logGet(43)) - raft.server.log.appender.buffer.byte-limit = 33554432 (custom)
2019-09-25 05:59:27,093 [pool-67-thread-1] INFO  server.RaftServerConfigKeys (ConfUtils.java:logGet(43)) - raft.server.log.segment.size.max = 1048576 (custom)
2019-09-25 05:59:27,094 [pool-67-thread-1] INFO  server.RaftServerConfigKeys (ConfUtils.java:logGet(43)) - raft.server.log.segment.cache.num.max = 2 (custom)
2019-09-25 05:59:27,094 [pool-67-thread-1] INFO  segmented.SegmentedRaftLogWorker (SegmentedRaftLogWorker.java:<init>(172)) - new 327d7864-9593-4c84-9c3b-d4b21327d735@group-CBD131BE7F0F-SegmentedRaftLogWorker for RaftStorage:Storage Directory /workdir/hadoop-ozone/tools/target/test-dir/MiniOzoneClusterImpl-b88d8d95-70e9-47b8-bab6-e4df0797a5ce/datanode-4/data/ratis/e7c4efa3-7015-4fbc-822f-cbd131be7f0f
2019-09-25 05:59:27,094 [pool-67-thread-1] INFO  server.RaftServerConfigKeys (ConfUtils.java:logGet(43)) - raft.server.log.queue.byte-limit = 2147483647 (custom)
2019-09-25 05:59:27,094 [pool-67-thread-1] INFO  server.RaftServerConfigKeys (ConfUtils.java:logGet(43)) - raft.server.log.queue.element-limit = 1024 (custom)
2019-09-25 05:59:27,095 [pool-67-thread-1] INFO  server.RaftServerConfigKeys (ConfUtils.java:logGet(43)) - raft.server.log.segment.size.max = 1048576 (custom)
2019-09-25 05:59:27,095 [pool-67-thread-1] INFO  server.RaftServerConfigKeys (ConfUtils.java:logGet(43)) - raft.server.log.preallocated.size = 16384 (custom)
2019-09-25 05:59:27,095 [pool-67-thread-1] INFO  server.RaftServerConfigKeys (ConfUtils.java:logGet(43)) - raft.server.log.write.buffer.size = 33554432 (custom)
2019-09-25 05:59:27,095 [pool-67-thread-1] INFO  server.RaftServerConfigKeys (ConfUtils.java:logGet(43)) - raft.server.log.force.sync.num = 128 (default)
2019-09-25 05:59:27,095 [pool-67-thread-1] INFO  server.RaftServerConfigKeys (ConfUtils.java:logGet(43)) - raft.server.log.statemachine.data.sync = true (default)
2019-09-25 05:59:27,095 [pool-67-thread-1] INFO  server.RaftServerConfigKeys (ConfUtils.java:logGet(43)) - raft.server.log.statemachine.data.sync.timeout = 10s (default)
2019-09-25 05:59:27,096 [pool-67-thread-1] INFO  server.RaftServerConfigKeys (ConfUtils.java:logGet(43)) - raft.server.log.statemachine.data.sync.timeout.retry = -1 (default)
2019-09-25 05:59:27,096 [pool-67-thread-1] INFO  server.RaftServerConfigKeys (ConfUtils.java:logGet(43)) - raft.server.log.statemachine.data.caching.enabled = true (custom)
2019-09-25 05:59:27,096 [pool-67-thread-1] INFO  segmented.SegmentedRaftLogWorker (SegmentedRaftLogWorker.java:lambda$new$0(132)) - 327d7864-9593-4c84-9c3b-d4b21327d735@group-CBD131BE7F0F-SegmentedRaftLogWorker: flushIndex: setUnconditionally 0 -> -1
2019-09-25 05:59:27,097 [pool-67-thread-1] INFO  server.RaftServerConfigKeys (ConfUtils.java:logGet(43)) - raft.server.snapshot.auto.trigger.enabled = true (custom)
2019-09-25 05:59:27,097 [pool-67-thread-1] INFO  server.RaftServerConfigKeys (ConfUtils.java:logGet(43)) - raft.server.snapshot.auto.trigger.threshold = 10000 (custom)
2019-09-25 05:59:27,097 [pool-67-thread-1] INFO  server.RaftServerConfigKeys (ConfUtils.java:logGet(43)) - raft.server.snapshot.retention.num.files = 5 (custom)
2019-09-25 05:59:27,098 [pool-67-thread-1] INFO  server.RaftServerConfigKeys (ConfUtils.java:logGet(43)) - raft.server.retrycache.expirytime = 600000ms (custom)
2019-09-25 05:59:27,102 [pool-67-thread-1] INFO  impl.RaftServerImpl (RaftServerImpl.java:start(185)) - 327d7864-9593-4c84-9c3b-d4b21327d735@group-CBD131BE7F0F: start as a follower, conf=-1: [327d7864-9593-4c84-9c3b-d4b21327d735:192.168.5.161:39744], old=null
2019-09-25 05:59:27,102 [pool-67-thread-1] INFO  impl.RaftServerImpl (RaftServerImpl.java:setRole(174)) - 327d7864-9593-4c84-9c3b-d4b21327d735@group-CBD131BE7F0F: changes role from      null to FOLLOWER at term 0 for startAsFollower
2019-09-25 05:59:27,102 [pool-67-thread-1] INFO  impl.RoleInfo (RoleInfo.java:updateAndGet(143)) - 327d7864-9593-4c84-9c3b-d4b21327d735: start FollowerState
2019-09-25 05:59:27,103 [pool-67-thread-1] INFO  util.JmxRegister (JmxRegister.java:tryRegister(44)) - Successfully registered JMX Bean with object name Ratis:service=RaftServer,group=group-CBD131BE7F0F,id=327d7864-9593-4c84-9c3b-d4b21327d735
2019-09-25 05:59:27,114 [RatisPipelineUtilsThread] INFO  pipeline.PipelineStateManager (PipelineStateManager.java:addPipeline(56)) - Created pipeline Pipeline[ Id: e7c4efa3-7015-4fbc-822f-cbd131be7f0f, Nodes: 327d7864-9593-4c84-9c3b-d4b21327d735{ip: 192.168.5.161, host: pr-hdds-1569-zxpks-796972592, networkLocation: /default-rack, certSerialId: null}, Type:RATIS, Factor:ONE, State:OPEN]
2019-09-25 05:59:27,141 [grpc-default-executor-0] INFO  impl.RaftServerProxy (RaftServerProxy.java:addNew(89)) - f8d3684d-44eb-42fd-8c21-2b8ad1aff988: addNew group-DC1338F160C2:[f8d3684d-44eb-42fd-8c21-2b8ad1aff988:192.168.5.161:44439] returns group-DC1338F160C2:java.util.concurrent.CompletableFuture@610f2fc[Not completed]
2019-09-25 05:59:27,143 [pool-47-thread-1] INFO  impl.RaftServerImpl (RaftServerImpl.java:<init>(95)) - f8d3684d-44eb-42fd-8c21-2b8ad1aff988: new RaftServerImpl for group-DC1338F160C2:[f8d3684d-44eb-42fd-8c21-2b8ad1aff988:192.168.5.161:44439] with ContainerStateMachine:uninitialized
2019-09-25 05:59:27,143 [pool-47-thread-1] INFO  server.RaftServerConfigKeys (ConfUtils.java:logGet(43)) - raft.server.rpc.timeout.min = 5s (custom)
2019-09-25 05:59:27,143 [pool-47-thread-1] INFO  server.RaftServerConfigKeys (ConfUtils.java:logGet(43)) - raft.server.rpc.timeout.max = 5200ms (custom)
2019-09-25 05:59:27,143 [pool-47-thread-1] INFO  server.RaftServerConfigKeys (ConfUtils.java:logGet(43)) - raft.server.rpcslowness.timeout = 120s (custom)
2019-09-25 05:59:27,143 [pool-47-thread-1] INFO  server.RaftServerConfigKeys (ConfUtils.java:logGet(43)) - raft.server.sleep.deviation.threshold = 300 (default)
2019-09-25 05:59:27,144 [pool-47-thread-1] INFO  server.RaftServerConfigKeys (ConfUtils.java:logGet(43)) - raft.server.log.appender.install.snapshot.enabled = false (custom)
2019-09-25 05:59:27,144 [pool-47-thread-1] INFO  impl.RaftServerImpl (ServerState.java:<init>(103)) - f8d3684d-44eb-42fd-8c21-2b8ad1aff988@group-DC1338F160C2: ConfigurationManager, init=-1: [f8d3684d-44eb-42fd-8c21-2b8ad1aff988:192.168.5.161:44439], old=null, confs=<EMPTY_MAP>
2019-09-25 05:59:27,144 [pool-47-thread-1] INFO  server.RaftServerConfigKeys (ConfUtils.java:logGet(43)) - raft.server.storage.dir = [/workdir/hadoop-ozone/tools/target/test-dir/MiniOzoneClusterImpl-b88d8d95-70e9-47b8-bab6-e4df0797a5ce/datanode-2/data/ratis] (custom)
2019-09-25 05:59:27,144 [pool-47-thread-1] INFO  storage.RaftStorageDirectory (RaftStorageDirectory.java:analyzeStorage(246)) - The storage directory /workdir/hadoop-ozone/tools/target/test-dir/MiniOzoneClusterImpl-b88d8d95-70e9-47b8-bab6-e4df0797a5ce/datanode-2/data/ratis/bd65cfad-30af-46af-88a9-dc1338f160c2 does not exist. Creating ...
2019-09-25 05:59:27,157 [pool-47-thread-1] INFO  storage.RaftStorageDirectory (RaftStorageDirectory.java:tryLock(328)) - Lock on /workdir/hadoop-ozone/tools/target/test-dir/MiniOzoneClusterImpl-b88d8d95-70e9-47b8-bab6-e4df0797a5ce/datanode-2/data/ratis/bd65cfad-30af-46af-88a9-dc1338f160c2/in_use.lock acquired by nodename 27182@pr-hdds-1569-zxpks-796972592
2019-09-25 05:59:27,170 [pool-47-thread-1] INFO  storage.RaftStorage (RaftStorage.java:format(72)) - Storage directory /workdir/hadoop-ozone/tools/target/test-dir/MiniOzoneClusterImpl-b88d8d95-70e9-47b8-bab6-e4df0797a5ce/datanode-2/data/ratis/bd65cfad-30af-46af-88a9-dc1338f160c2 has been successfully formatted.
2019-09-25 05:59:27,170 [pool-47-thread-1] INFO  ratis.ContainerStateMachine (ContainerStateMachine.java:loadSnapshot(230)) - group-DC1338F160C2: The snapshot info is null. Setting the last applied indexto:(t:0, i:~)
2019-09-25 05:59:27,170 [pool-47-thread-1] INFO  server.RaftServerConfigKeys (ConfUtils.java:logGet(43)) - raft.server.notification.no-leader.timeout = 120s (custom)
2019-09-25 05:59:27,170 [pool-47-thread-1] INFO  server.RaftServerConfigKeys (ConfUtils.java:logGet(43)) - raft.server.log.use.memory = false (default)
2019-09-25 05:59:27,171 [pool-47-thread-1] INFO  server.RaftServerConfigKeys (ConfUtils.java:logGet(43)) - raft.server.log.purge.gap = 1000000 (custom)
2019-09-25 05:59:27,171 [pool-47-thread-1] INFO  server.RaftServerConfigKeys (ConfUtils.java:logGet(43)) - raft.server.log.appender.buffer.byte-limit = 33554432 (custom)
2019-09-25 05:59:27,171 [pool-47-thread-1] INFO  server.RaftServerConfigKeys (ConfUtils.java:logGet(43)) - raft.server.log.segment.size.max = 1048576 (custom)
2019-09-25 05:59:27,171 [pool-47-thread-1] INFO  server.RaftServerConfigKeys (ConfUtils.java:logGet(43)) - raft.server.log.segment.cache.num.max = 2 (custom)
2019-09-25 05:59:27,171 [pool-47-thread-1] INFO  segmented.SegmentedRaftLogWorker (SegmentedRaftLogWorker.java:<init>(172)) - new f8d3684d-44eb-42fd-8c21-2b8ad1aff988@group-DC1338F160C2-SegmentedRaftLogWorker for RaftStorage:Storage Directory /workdir/hadoop-ozone/tools/target/test-dir/MiniOzoneClusterImpl-b88d8d95-70e9-47b8-bab6-e4df0797a5ce/datanode-2/data/ratis/bd65cfad-30af-46af-88a9-dc1338f160c2
2019-09-25 05:59:27,174 [pool-47-thread-1] INFO  server.RaftServerConfigKeys (ConfUtils.java:logGet(43)) - raft.server.log.queue.byte-limit = 2147483647 (custom)
2019-09-25 05:59:27,174 [pool-47-thread-1] INFO  server.RaftServerConfigKeys (ConfUtils.java:logGet(43)) - raft.server.log.queue.element-limit = 1024 (custom)
2019-09-25 05:59:27,175 [pool-47-thread-1] INFO  server.RaftServerConfigKeys (ConfUtils.java:logGet(43)) - raft.server.log.segment.size.max = 1048576 (custom)
2019-09-25 05:59:27,175 [pool-47-thread-1] INFO  server.RaftServerConfigKeys (ConfUtils.java:logGet(43)) - raft.server.log.preallocated.size = 16384 (custom)
2019-09-25 05:59:27,175 [pool-47-thread-1] INFO  server.RaftServerConfigKeys (ConfUtils.java:logGet(43)) - raft.server.log.write.buffer.size = 33554432 (custom)
2019-09-25 05:59:27,175 [pool-47-thread-1] INFO  server.RaftServerConfigKeys (ConfUtils.java:logGet(43)) - raft.server.log.force.sync.num = 128 (default)
2019-09-25 05:59:27,175 [pool-47-thread-1] INFO  server.RaftServerConfigKeys (ConfUtils.java:logGet(43)) - raft.server.log.statemachine.data.sync = true (default)
2019-09-25 05:59:27,175 [pool-47-thread-1] INFO  server.RaftServerConfigKeys (ConfUtils.java:logGet(43)) - raft.server.log.statemachine.data.sync.timeout = 10s (default)
2019-09-25 05:59:27,176 [pool-47-thread-1] INFO  server.RaftServerConfigKeys (ConfUtils.java:logGet(43)) - raft.server.log.statemachine.data.sync.timeout.retry = -1 (default)
2019-09-25 05:59:27,176 [pool-47-thread-1] INFO  server.RaftServerConfigKeys (ConfUtils.java:logGet(43)) - raft.server.log.statemachine.data.caching.enabled = true (custom)
2019-09-25 05:59:27,176 [pool-47-thread-1] INFO  segmented.SegmentedRaftLogWorker (SegmentedRaftLogWorker.java:lambda$new$0(132)) - f8d3684d-44eb-42fd-8c21-2b8ad1aff988@group-DC1338F160C2-SegmentedRaftLogWorker: flushIndex: setUnconditionally 0 -> -1
2019-09-25 05:59:27,177 [pool-47-thread-1] INFO  server.RaftServerConfigKeys (ConfUtils.java:logGet(43)) - raft.server.snapshot.auto.trigger.enabled = true (custom)
2019-09-25 05:59:27,177 [pool-47-thread-1] INFO  server.RaftServerConfigKeys (ConfUtils.java:logGet(43)) - raft.server.snapshot.auto.trigger.threshold = 10000 (custom)
2019-09-25 05:59:27,177 [pool-47-thread-1] INFO  server.RaftServerConfigKeys (ConfUtils.java:logGet(43)) - raft.server.snapshot.retention.num.files = 5 (custom)
2019-09-25 05:59:27,177 [pool-47-thread-1] INFO  server.RaftServerConfigKeys (ConfUtils.java:logGet(43)) - raft.server.retrycache.expirytime = 600000ms (custom)
2019-09-25 05:59:27,180 [pool-47-thread-1] INFO  impl.RaftServerImpl (RaftServerImpl.java:start(185)) - f8d3684d-44eb-42fd-8c21-2b8ad1aff988@group-DC1338F160C2: start as a follower, conf=-1: [f8d3684d-44eb-42fd-8c21-2b8ad1aff988:192.168.5.161:44439], old=null
2019-09-25 05:59:27,180 [pool-47-thread-1] INFO  impl.RaftServerImpl (RaftServerImpl.java:setRole(174)) - f8d3684d-44eb-42fd-8c21-2b8ad1aff988@group-DC1338F160C2: changes role from      null to FOLLOWER at term 0 for startAsFollower
2019-09-25 05:59:27,181 [pool-47-thread-1] INFO  impl.RoleInfo (RoleInfo.java:updateAndGet(143)) - f8d3684d-44eb-42fd-8c21-2b8ad1aff988: start FollowerState
2019-09-25 05:59:27,181 [pool-47-thread-1] INFO  util.JmxRegister (JmxRegister.java:tryRegister(44)) - Successfully registered JMX Bean with object name Ratis:service=RaftServer,group=group-DC1338F160C2,id=f8d3684d-44eb-42fd-8c21-2b8ad1aff988
2019-09-25 05:59:27,194 [RatisPipelineUtilsThread] INFO  pipeline.PipelineStateManager (PipelineStateManager.java:addPipeline(56)) - Created pipeline Pipeline[ Id: bd65cfad-30af-46af-88a9-dc1338f160c2, Nodes: f8d3684d-44eb-42fd-8c21-2b8ad1aff988{ip: 192.168.5.161, host: pr-hdds-1569-zxpks-796972592, networkLocation: /default-rack, certSerialId: null}, Type:RATIS, Factor:ONE, State:OPEN]
2019-09-25 05:59:27,208 [grpc-default-executor-0] INFO  impl.RaftServerProxy (RaftServerProxy.java:addNew(89)) - dcfa33bc-9001-4365-ad5d-758174e05f4c: addNew group-118F157865FD:[dcfa33bc-9001-4365-ad5d-758174e05f4c:192.168.5.161:35167] returns group-118F157865FD:java.util.concurrent.CompletableFuture@6e848583[Not completed]
2019-09-25 05:59:27,210 [pool-27-thread-1] INFO  impl.RaftServerImpl (RaftServerImpl.java:<init>(95)) - dcfa33bc-9001-4365-ad5d-758174e05f4c: new RaftServerImpl for group-118F157865FD:[dcfa33bc-9001-4365-ad5d-758174e05f4c:192.168.5.161:35167] with ContainerStateMachine:uninitialized
2019-09-25 05:59:27,211 [pool-27-thread-1] INFO  server.RaftServerConfigKeys (ConfUtils.java:logGet(43)) - raft.server.rpc.timeout.min = 5s (custom)
2019-09-25 05:59:27,211 [pool-27-thread-1] INFO  server.RaftServerConfigKeys (ConfUtils.java:logGet(43)) - raft.server.rpc.timeout.max = 5200ms (custom)
2019-09-25 05:59:27,211 [pool-27-thread-1] INFO  server.RaftServerConfigKeys (ConfUtils.java:logGet(43)) - raft.server.rpcslowness.timeout = 120s (custom)
2019-09-25 05:59:27,211 [pool-27-thread-1] INFO  server.RaftServerConfigKeys (ConfUtils.java:logGet(43)) - raft.server.sleep.deviation.threshold = 300 (default)
2019-09-25 05:59:27,211 [pool-27-thread-1] INFO  server.RaftServerConfigKeys (ConfUtils.java:logGet(43)) - raft.server.log.appender.install.snapshot.enabled = false (custom)
2019-09-25 05:59:27,212 [pool-27-thread-1] INFO  impl.RaftServerImpl (ServerState.java:<init>(103)) - dcfa33bc-9001-4365-ad5d-758174e05f4c@group-118F157865FD: ConfigurationManager, init=-1: [dcfa33bc-9001-4365-ad5d-758174e05f4c:192.168.5.161:35167], old=null, confs=<EMPTY_MAP>
2019-09-25 05:59:27,212 [pool-27-thread-1] INFO  server.RaftServerConfigKeys (ConfUtils.java:logGet(43)) - raft.server.storage.dir = [/workdir/hadoop-ozone/tools/target/test-dir/MiniOzoneClusterImpl-b88d8d95-70e9-47b8-bab6-e4df0797a5ce/datanode-0/data/ratis] (custom)
2019-09-25 05:59:27,212 [pool-27-thread-1] INFO  storage.RaftStorageDirectory (RaftStorageDirectory.java:analyzeStorage(246)) - The storage directory /workdir/hadoop-ozone/tools/target/test-dir/MiniOzoneClusterImpl-b88d8d95-70e9-47b8-bab6-e4df0797a5ce/datanode-0/data/ratis/6851d1ad-8a03-4556-9453-118f157865fd does not exist. Creating ...
2019-09-25 05:59:27,225 [pool-27-thread-1] INFO  storage.RaftStorageDirectory (RaftStorageDirectory.java:tryLock(328)) - Lock on /workdir/hadoop-ozone/tools/target/test-dir/MiniOzoneClusterImpl-b88d8d95-70e9-47b8-bab6-e4df0797a5ce/datanode-0/data/ratis/6851d1ad-8a03-4556-9453-118f157865fd/in_use.lock acquired by nodename 27182@pr-hdds-1569-zxpks-796972592
2019-09-25 05:59:27,238 [pool-27-thread-1] INFO  storage.RaftStorage (RaftStorage.java:format(72)) - Storage directory /workdir/hadoop-ozone/tools/target/test-dir/MiniOzoneClusterImpl-b88d8d95-70e9-47b8-bab6-e4df0797a5ce/datanode-0/data/ratis/6851d1ad-8a03-4556-9453-118f157865fd has been successfully formatted.
2019-09-25 05:59:27,238 [pool-27-thread-1] INFO  ratis.ContainerStateMachine (ContainerStateMachine.java:loadSnapshot(230)) - group-118F157865FD: The snapshot info is null. Setting the last applied indexto:(t:0, i:~)
2019-09-25 05:59:27,238 [pool-27-thread-1] INFO  server.RaftServerConfigKeys (ConfUtils.java:logGet(43)) - raft.server.notification.no-leader.timeout = 120s (custom)
2019-09-25 05:59:27,238 [pool-27-thread-1] INFO  server.RaftServerConfigKeys (ConfUtils.java:logGet(43)) - raft.server.log.use.memory = false (default)
2019-09-25 05:59:27,239 [pool-27-thread-1] INFO  server.RaftServerConfigKeys (ConfUtils.java:logGet(43)) - raft.server.log.purge.gap = 1000000 (custom)
2019-09-25 05:59:27,239 [pool-27-thread-1] INFO  server.RaftServerConfigKeys (ConfUtils.java:logGet(43)) - raft.server.log.appender.buffer.byte-limit = 33554432 (custom)
2019-09-25 05:59:27,239 [pool-27-thread-1] INFO  server.RaftServerConfigKeys (ConfUtils.java:logGet(43)) - raft.server.log.segment.size.max = 1048576 (custom)
2019-09-25 05:59:27,239 [pool-27-thread-1] INFO  server.RaftServerConfigKeys (ConfUtils.java:logGet(43)) - raft.server.log.segment.cache.num.max = 2 (custom)
2019-09-25 05:59:27,239 [pool-27-thread-1] INFO  segmented.SegmentedRaftLogWorker (SegmentedRaftLogWorker.java:<init>(172)) - new dcfa33bc-9001-4365-ad5d-758174e05f4c@group-118F157865FD-SegmentedRaftLogWorker for RaftStorage:Storage Directory /workdir/hadoop-ozone/tools/target/test-dir/MiniOzoneClusterImpl-b88d8d95-70e9-47b8-bab6-e4df0797a5ce/datanode-0/data/ratis/6851d1ad-8a03-4556-9453-118f157865fd
2019-09-25 05:59:27,240 [pool-27-thread-1] INFO  server.RaftServerConfigKeys (ConfUtils.java:logGet(43)) - raft.server.log.queue.byte-limit = 2147483647 (custom)
2019-09-25 05:59:27,240 [pool-27-thread-1] INFO  server.RaftServerConfigKeys (ConfUtils.java:logGet(43)) - raft.server.log.queue.element-limit = 1024 (custom)
2019-09-25 05:59:27,240 [pool-27-thread-1] INFO  server.RaftServerConfigKeys (ConfUtils.java:logGet(43)) - raft.server.log.segment.size.max = 1048576 (custom)
2019-09-25 05:59:27,240 [pool-27-thread-1] INFO  server.RaftServerConfigKeys (ConfUtils.java:logGet(43)) - raft.server.log.preallocated.size = 16384 (custom)
2019-09-25 05:59:27,240 [pool-27-thread-1] INFO  server.RaftServerConfigKeys (ConfUtils.java:logGet(43)) - raft.server.log.write.buffer.size = 33554432 (custom)
2019-09-25 05:59:27,240 [pool-27-thread-1] INFO  server.RaftServerConfigKeys (ConfUtils.java:logGet(43)) - raft.server.log.force.sync.num = 128 (default)
2019-09-25 05:59:27,241 [pool-27-thread-1] INFO  server.RaftServerConfigKeys (ConfUtils.java:logGet(43)) - raft.server.log.statemachine.data.sync = true (default)
2019-09-25 05:59:27,241 [pool-27-thread-1] INFO  server.RaftServerConfigKeys (ConfUtils.java:logGet(43)) - raft.server.log.statemachine.data.sync.timeout = 10s (default)
2019-09-25 05:59:27,241 [pool-27-thread-1] INFO  server.RaftServerConfigKeys (ConfUtils.java:logGet(43)) - raft.server.log.statemachine.data.sync.timeout.retry = -1 (default)
2019-09-25 05:59:27,241 [pool-27-thread-1] INFO  server.RaftServerConfigKeys (ConfUtils.java:logGet(43)) - raft.server.log.statemachine.data.caching.enabled = true (custom)
2019-09-25 05:59:27,242 [pool-27-thread-1] INFO  segmented.SegmentedRaftLogWorker (SegmentedRaftLogWorker.java:lambda$new$0(132)) - dcfa33bc-9001-4365-ad5d-758174e05f4c@group-118F157865FD-SegmentedRaftLogWorker: flushIndex: setUnconditionally 0 -> -1
2019-09-25 05:59:27,242 [pool-27-thread-1] INFO  server.RaftServerConfigKeys (ConfUtils.java:logGet(43)) - raft.server.snapshot.auto.trigger.enabled = true (custom)
2019-09-25 05:59:27,242 [pool-27-thread-1] INFO  server.RaftServerConfigKeys (ConfUtils.java:logGet(43)) - raft.server.snapshot.auto.trigger.threshold = 10000 (custom)
2019-09-25 05:59:27,242 [pool-27-thread-1] INFO  server.RaftServerConfigKeys (ConfUtils.java:logGet(43)) - raft.server.snapshot.retention.num.files = 5 (custom)
2019-09-25 05:59:27,243 [pool-27-thread-1] INFO  server.RaftServerConfigKeys (ConfUtils.java:logGet(43)) - raft.server.retrycache.expirytime = 600000ms (custom)
2019-09-25 05:59:27,246 [pool-27-thread-1] INFO  impl.RaftServerImpl (RaftServerImpl.java:start(185)) - dcfa33bc-9001-4365-ad5d-758174e05f4c@group-118F157865FD: start as a follower, conf=-1: [dcfa33bc-9001-4365-ad5d-758174e05f4c:192.168.5.161:35167], old=null
2019-09-25 05:59:27,247 [pool-27-thread-1] INFO  impl.RaftServerImpl (RaftServerImpl.java:setRole(174)) - dcfa33bc-9001-4365-ad5d-758174e05f4c@group-118F157865FD: changes role from      null to FOLLOWER at term 0 for startAsFollower
2019-09-25 05:59:27,247 [pool-27-thread-1] INFO  impl.RoleInfo (RoleInfo.java:updateAndGet(143)) - dcfa33bc-9001-4365-ad5d-758174e05f4c: start FollowerState
2019-09-25 05:59:27,247 [pool-27-thread-1] INFO  util.JmxRegister (JmxRegister.java:tryRegister(44)) - Successfully registered JMX Bean with object name Ratis:service=RaftServer,group=group-118F157865FD,id=dcfa33bc-9001-4365-ad5d-758174e05f4c
2019-09-25 05:59:27,258 [RatisPipelineUtilsThread] INFO  pipeline.PipelineStateManager (PipelineStateManager.java:addPipeline(56)) - Created pipeline Pipeline[ Id: 6851d1ad-8a03-4556-9453-118f157865fd, Nodes: dcfa33bc-9001-4365-ad5d-758174e05f4c{ip: 192.168.5.161, host: pr-hdds-1569-zxpks-796972592, networkLocation: /default-rack, certSerialId: null}, Type:RATIS, Factor:ONE, State:OPEN]
2019-09-25 05:59:27,272 [grpc-default-executor-0] INFO  impl.RaftServerProxy (RaftServerProxy.java:addNew(89)) - a70ebb95-9827-4ee9-872e-51470ad9f886: addNew group-C20262CD8830:[a70ebb95-9827-4ee9-872e-51470ad9f886:192.168.5.161:38094] returns group-C20262CD8830:java.util.concurrent.CompletableFuture@48a52eb2[Not completed]
2019-09-25 05:59:27,274 [pool-37-thread-1] INFO  impl.RaftServerImpl (RaftServerImpl.java:<init>(95)) - a70ebb95-9827-4ee9-872e-51470ad9f886: new RaftServerImpl for group-C20262CD8830:[a70ebb95-9827-4ee9-872e-51470ad9f886:192.168.5.161:38094] with ContainerStateMachine:uninitialized
2019-09-25 05:59:27,274 [pool-37-thread-1] INFO  server.RaftServerConfigKeys (ConfUtils.java:logGet(43)) - raft.server.rpc.timeout.min = 5s (custom)
2019-09-25 05:59:27,274 [pool-37-thread-1] INFO  server.RaftServerConfigKeys (ConfUtils.java:logGet(43)) - raft.server.rpc.timeout.max = 5200ms (custom)
2019-09-25 05:59:27,274 [pool-37-thread-1] INFO  server.RaftServerConfigKeys (ConfUtils.java:logGet(43)) - raft.server.rpcslowness.timeout = 120s (custom)
2019-09-25 05:59:27,275 [pool-37-thread-1] INFO  server.RaftServerConfigKeys (ConfUtils.java:logGet(43)) - raft.server.sleep.deviation.threshold = 300 (default)
2019-09-25 05:59:27,275 [pool-37-thread-1] INFO  server.RaftServerConfigKeys (ConfUtils.java:logGet(43)) - raft.server.log.appender.install.snapshot.enabled = false (custom)
2019-09-25 05:59:27,275 [pool-37-thread-1] INFO  impl.RaftServerImpl (ServerState.java:<init>(103)) - a70ebb95-9827-4ee9-872e-51470ad9f886@group-C20262CD8830: ConfigurationManager, init=-1: [a70ebb95-9827-4ee9-872e-51470ad9f886:192.168.5.161:38094], old=null, confs=<EMPTY_MAP>
2019-09-25 05:59:27,275 [pool-37-thread-1] INFO  server.RaftServerConfigKeys (ConfUtils.java:logGet(43)) - raft.server.storage.dir = [/workdir/hadoop-ozone/tools/target/test-dir/MiniOzoneClusterImpl-b88d8d95-70e9-47b8-bab6-e4df0797a5ce/datanode-1/data/ratis] (custom)
2019-09-25 05:59:27,275 [pool-37-thread-1] INFO  storage.RaftStorageDirectory (RaftStorageDirectory.java:analyzeStorage(246)) - The storage directory /workdir/hadoop-ozone/tools/target/test-dir/MiniOzoneClusterImpl-b88d8d95-70e9-47b8-bab6-e4df0797a5ce/datanode-1/data/ratis/9c6e1c20-af7b-4676-80a2-c20262cd8830 does not exist. Creating ...
2019-09-25 05:59:27,288 [pool-37-thread-1] INFO  storage.RaftStorageDirectory (RaftStorageDirectory.java:tryLock(328)) - Lock on /workdir/hadoop-ozone/tools/target/test-dir/MiniOzoneClusterImpl-b88d8d95-70e9-47b8-bab6-e4df0797a5ce/datanode-1/data/ratis/9c6e1c20-af7b-4676-80a2-c20262cd8830/in_use.lock acquired by nodename 27182@pr-hdds-1569-zxpks-796972592
2019-09-25 05:59:27,300 [pool-37-thread-1] INFO  storage.RaftStorage (RaftStorage.java:format(72)) - Storage directory /workdir/hadoop-ozone/tools/target/test-dir/MiniOzoneClusterImpl-b88d8d95-70e9-47b8-bab6-e4df0797a5ce/datanode-1/data/ratis/9c6e1c20-af7b-4676-80a2-c20262cd8830 has been successfully formatted.
2019-09-25 05:59:27,300 [pool-37-thread-1] INFO  ratis.ContainerStateMachine (ContainerStateMachine.java:loadSnapshot(230)) - group-C20262CD8830: The snapshot info is null. Setting the last applied indexto:(t:0, i:~)
2019-09-25 05:59:27,301 [pool-37-thread-1] INFO  server.RaftServerConfigKeys (ConfUtils.java:logGet(43)) - raft.server.notification.no-leader.timeout = 120s (custom)
2019-09-25 05:59:27,301 [pool-37-thread-1] INFO  server.RaftServerConfigKeys (ConfUtils.java:logGet(43)) - raft.server.log.use.memory = false (default)
2019-09-25 05:59:27,301 [pool-37-thread-1] INFO  server.RaftServerConfigKeys (ConfUtils.java:logGet(43)) - raft.server.log.purge.gap = 1000000 (custom)
2019-09-25 05:59:27,301 [pool-37-thread-1] INFO  server.RaftServerConfigKeys (ConfUtils.java:logGet(43)) - raft.server.log.appender.buffer.byte-limit = 33554432 (custom)
2019-09-25 05:59:27,301 [pool-37-thread-1] INFO  server.RaftServerConfigKeys (ConfUtils.java:logGet(43)) - raft.server.log.segment.size.max = 1048576 (custom)
2019-09-25 05:59:27,301 [pool-37-thread-1] INFO  server.RaftServerConfigKeys (ConfUtils.java:logGet(43)) - raft.server.log.segment.cache.num.max = 2 (custom)
2019-09-25 05:59:27,301 [pool-37-thread-1] INFO  segmented.SegmentedRaftLogWorker (SegmentedRaftLogWorker.java:<init>(172)) - new a70ebb95-9827-4ee9-872e-51470ad9f886@group-C20262CD8830-SegmentedRaftLogWorker for RaftStorage:Storage Directory /workdir/hadoop-ozone/tools/target/test-dir/MiniOzoneClusterImpl-b88d8d95-70e9-47b8-bab6-e4df0797a5ce/datanode-1/data/ratis/9c6e1c20-af7b-4676-80a2-c20262cd8830
2019-09-25 05:59:27,301 [pool-37-thread-1] INFO  server.RaftServerConfigKeys (ConfUtils.java:logGet(43)) - raft.server.log.queue.byte-limit = 2147483647 (custom)
2019-09-25 05:59:27,302 [pool-37-thread-1] INFO  server.RaftServerConfigKeys (ConfUtils.java:logGet(43)) - raft.server.log.queue.element-limit = 1024 (custom)
2019-09-25 05:59:27,302 [pool-37-thread-1] INFO  server.RaftServerConfigKeys (ConfUtils.java:logGet(43)) - raft.server.log.segment.size.max = 1048576 (custom)
2019-09-25 05:59:27,302 [pool-37-thread-1] INFO  server.RaftServerConfigKeys (ConfUtils.java:logGet(43)) - raft.server.log.preallocated.size = 16384 (custom)
2019-09-25 05:59:27,302 [pool-37-thread-1] INFO  server.RaftServerConfigKeys (ConfUtils.java:logGet(43)) - raft.server.log.write.buffer.size = 33554432 (custom)
2019-09-25 05:59:27,302 [pool-37-thread-1] INFO  server.RaftServerConfigKeys (ConfUtils.java:logGet(43)) - raft.server.log.force.sync.num = 128 (default)
2019-09-25 05:59:27,302 [pool-37-thread-1] INFO  server.RaftServerConfigKeys (ConfUtils.java:logGet(43)) - raft.server.log.statemachine.data.sync = true (default)
2019-09-25 05:59:27,302 [pool-37-thread-1] INFO  server.RaftServerConfigKeys (ConfUtils.java:logGet(43)) - raft.server.log.statemachine.data.sync.timeout = 10s (default)
2019-09-25 05:59:27,302 [pool-37-thread-1] INFO  server.RaftServerConfigKeys (ConfUtils.java:logGet(43)) - raft.server.log.statemachine.data.sync.timeout.retry = -1 (default)
2019-09-25 05:59:27,303 [pool-37-thread-1] INFO  server.RaftServerConfigKeys (ConfUtils.java:logGet(43)) - raft.server.log.statemachine.data.caching.enabled = true (custom)
2019-09-25 05:59:27,303 [pool-37-thread-1] INFO  segmented.SegmentedRaftLogWorker (SegmentedRaftLogWorker.java:lambda$new$0(132)) - a70ebb95-9827-4ee9-872e-51470ad9f886@group-C20262CD8830-SegmentedRaftLogWorker: flushIndex: setUnconditionally 0 -> -1
2019-09-25 05:59:27,303 [pool-37-thread-1] INFO  server.RaftServerConfigKeys (ConfUtils.java:logGet(43)) - raft.server.snapshot.auto.trigger.enabled = true (custom)
2019-09-25 05:59:27,303 [pool-37-thread-1] INFO  server.RaftServerConfigKeys (ConfUtils.java:logGet(43)) - raft.server.snapshot.auto.trigger.threshold = 10000 (custom)
2019-09-25 05:59:27,303 [pool-37-thread-1] INFO  server.RaftServerConfigKeys (ConfUtils.java:logGet(43)) - raft.server.snapshot.retention.num.files = 5 (custom)
2019-09-25 05:59:27,303 [pool-37-thread-1] INFO  server.RaftServerConfigKeys (ConfUtils.java:logGet(43)) - raft.server.retrycache.expirytime = 600000ms (custom)
2019-09-25 05:59:27,306 [pool-37-thread-1] INFO  impl.RaftServerImpl (RaftServerImpl.java:start(185)) - a70ebb95-9827-4ee9-872e-51470ad9f886@group-C20262CD8830: start as a follower, conf=-1: [a70ebb95-9827-4ee9-872e-51470ad9f886:192.168.5.161:38094], old=null
2019-09-25 05:59:27,306 [pool-37-thread-1] INFO  impl.RaftServerImpl (RaftServerImpl.java:setRole(174)) - a70ebb95-9827-4ee9-872e-51470ad9f886@group-C20262CD8830: changes role from      null to FOLLOWER at term 0 for startAsFollower
2019-09-25 05:59:27,306 [pool-37-thread-1] INFO  impl.RoleInfo (RoleInfo.java:updateAndGet(143)) - a70ebb95-9827-4ee9-872e-51470ad9f886: start FollowerState
2019-09-25 05:59:27,307 [pool-37-thread-1] INFO  util.JmxRegister (JmxRegister.java:tryRegister(44)) - Successfully registered JMX Bean with object name Ratis:service=RaftServer,group=group-C20262CD8830,id=a70ebb95-9827-4ee9-872e-51470ad9f886
2019-09-25 05:59:27,316 [RatisPipelineUtilsThread] INFO  pipeline.PipelineStateManager (PipelineStateManager.java:addPipeline(56)) - Created pipeline Pipeline[ Id: 9c6e1c20-af7b-4676-80a2-c20262cd8830, Nodes: a70ebb95-9827-4ee9-872e-51470ad9f886{ip: 192.168.5.161, host: pr-hdds-1569-zxpks-796972592, networkLocation: /default-rack, certSerialId: null}, Type:RATIS, Factor:ONE, State:OPEN]
2019-09-25 05:59:27,330 [grpc-default-executor-0] INFO  impl.RaftServerProxy (RaftServerProxy.java:addNew(89)) - 327d7864-9593-4c84-9c3b-d4b21327d735: addNew group-0DE1B534D779:[327d7864-9593-4c84-9c3b-d4b21327d735:192.168.5.161:39744] returns group-0DE1B534D779:java.util.concurrent.CompletableFuture@7ad7e5f2[Not completed]
2019-09-25 05:59:27,332 [pool-67-thread-1] INFO  impl.RaftServerImpl (RaftServerImpl.java:<init>(95)) - 327d7864-9593-4c84-9c3b-d4b21327d735: new RaftServerImpl for group-0DE1B534D779:[327d7864-9593-4c84-9c3b-d4b21327d735:192.168.5.161:39744] with ContainerStateMachine:uninitialized
2019-09-25 05:59:27,333 [pool-67-thread-1] INFO  server.RaftServerConfigKeys (ConfUtils.java:logGet(43)) - raft.server.rpc.timeout.min = 5s (custom)
2019-09-25 05:59:27,333 [pool-67-thread-1] INFO  server.RaftServerConfigKeys (ConfUtils.java:logGet(43)) - raft.server.rpc.timeout.max = 5200ms (custom)
2019-09-25 05:59:27,333 [pool-67-thread-1] INFO  server.RaftServerConfigKeys (ConfUtils.java:logGet(43)) - raft.server.rpcslowness.timeout = 120s (custom)
2019-09-25 05:59:27,333 [pool-67-thread-1] INFO  server.RaftServerConfigKeys (ConfUtils.java:logGet(43)) - raft.server.sleep.deviation.threshold = 300 (default)
2019-09-25 05:59:27,333 [pool-67-thread-1] INFO  server.RaftServerConfigKeys (ConfUtils.java:logGet(43)) - raft.server.log.appender.install.snapshot.enabled = false (custom)
2019-09-25 05:59:27,334 [pool-67-thread-1] INFO  impl.RaftServerImpl (ServerState.java:<init>(103)) - 327d7864-9593-4c84-9c3b-d4b21327d735@group-0DE1B534D779: ConfigurationManager, init=-1: [327d7864-9593-4c84-9c3b-d4b21327d735:192.168.5.161:39744], old=null, confs=<EMPTY_MAP>
2019-09-25 05:59:27,334 [pool-67-thread-1] INFO  server.RaftServerConfigKeys (ConfUtils.java:logGet(43)) - raft.server.storage.dir = [/workdir/hadoop-ozone/tools/target/test-dir/MiniOzoneClusterImpl-b88d8d95-70e9-47b8-bab6-e4df0797a5ce/datanode-4/data/ratis] (custom)
2019-09-25 05:59:27,334 [pool-67-thread-1] INFO  storage.RaftStorageDirectory (RaftStorageDirectory.java:analyzeStorage(246)) - The storage directory /workdir/hadoop-ozone/tools/target/test-dir/MiniOzoneClusterImpl-b88d8d95-70e9-47b8-bab6-e4df0797a5ce/datanode-4/data/ratis/f07f7a99-f18b-4c88-8534-0de1b534d779 does not exist. Creating ...
2019-09-25 05:59:27,347 [pool-67-thread-1] INFO  storage.RaftStorageDirectory (RaftStorageDirectory.java:tryLock(328)) - Lock on /workdir/hadoop-ozone/tools/target/test-dir/MiniOzoneClusterImpl-b88d8d95-70e9-47b8-bab6-e4df0797a5ce/datanode-4/data/ratis/f07f7a99-f18b-4c88-8534-0de1b534d779/in_use.lock acquired by nodename 27182@pr-hdds-1569-zxpks-796972592
2019-09-25 05:59:27,376 [pool-67-thread-1] INFO  storage.RaftStorage (RaftStorage.java:format(72)) - Storage directory /workdir/hadoop-ozone/tools/target/test-dir/MiniOzoneClusterImpl-b88d8d95-70e9-47b8-bab6-e4df0797a5ce/datanode-4/data/ratis/f07f7a99-f18b-4c88-8534-0de1b534d779 has been successfully formatted.
2019-09-25 05:59:27,376 [pool-67-thread-1] INFO  ratis.ContainerStateMachine (ContainerStateMachine.java:loadSnapshot(230)) - group-0DE1B534D779: The snapshot info is null. Setting the last applied indexto:(t:0, i:~)
2019-09-25 05:59:27,376 [pool-67-thread-1] INFO  server.RaftServerConfigKeys (ConfUtils.java:logGet(43)) - raft.server.notification.no-leader.timeout = 120s (custom)
2019-09-25 05:59:27,376 [pool-67-thread-1] INFO  server.RaftServerConfigKeys (ConfUtils.java:logGet(43)) - raft.server.log.use.memory = false (default)
2019-09-25 05:59:27,377 [pool-67-thread-1] INFO  server.RaftServerConfigKeys (ConfUtils.java:logGet(43)) - raft.server.log.purge.gap = 1000000 (custom)
2019-09-25 05:59:27,377 [pool-67-thread-1] INFO  server.RaftServerConfigKeys (ConfUtils.java:logGet(43)) - raft.server.log.appender.buffer.byte-limit = 33554432 (custom)
2019-09-25 05:59:27,378 [pool-67-thread-1] INFO  server.RaftServerConfigKeys (ConfUtils.java:logGet(43)) - raft.server.log.segment.size.max = 1048576 (custom)
2019-09-25 05:59:27,379 [pool-67-thread-1] INFO  server.RaftServerConfigKeys (ConfUtils.java:logGet(43)) - raft.server.log.segment.cache.num.max = 2 (custom)
2019-09-25 05:59:27,379 [pool-67-thread-1] INFO  segmented.SegmentedRaftLogWorker (SegmentedRaftLogWorker.java:<init>(172)) - new 327d7864-9593-4c84-9c3b-d4b21327d735@group-0DE1B534D779-SegmentedRaftLogWorker for RaftStorage:Storage Directory /workdir/hadoop-ozone/tools/target/test-dir/MiniOzoneClusterImpl-b88d8d95-70e9-47b8-bab6-e4df0797a5ce/datanode-4/data/ratis/f07f7a99-f18b-4c88-8534-0de1b534d779
2019-09-25 05:59:27,379 [pool-67-thread-1] INFO  server.RaftServerConfigKeys (ConfUtils.java:logGet(43)) - raft.server.log.queue.byte-limit = 2147483647 (custom)
2019-09-25 05:59:27,380 [pool-67-thread-1] INFO  server.RaftServerConfigKeys (ConfUtils.java:logGet(43)) - raft.server.log.queue.element-limit = 1024 (custom)
2019-09-25 05:59:27,382 [pool-67-thread-1] INFO  server.RaftServerConfigKeys (ConfUtils.java:logGet(43)) - raft.server.log.segment.size.max = 1048576 (custom)
2019-09-25 05:59:27,387 [pool-67-thread-1] INFO  server.RaftServerConfigKeys (ConfUtils.java:logGet(43)) - raft.server.log.preallocated.size = 16384 (custom)
2019-09-25 05:59:27,389 [pool-67-thread-1] INFO  server.RaftServerConfigKeys (ConfUtils.java:logGet(43)) - raft.server.log.write.buffer.size = 33554432 (custom)
2019-09-25 05:59:27,389 [pool-67-thread-1] INFO  server.RaftServerConfigKeys (ConfUtils.java:logGet(43)) - raft.server.log.force.sync.num = 128 (default)
2019-09-25 05:59:27,389 [pool-67-thread-1] INFO  server.RaftServerConfigKeys (ConfUtils.java:logGet(43)) - raft.server.log.statemachine.data.sync = true (default)
2019-09-25 05:59:27,389 [pool-67-thread-1] INFO  server.RaftServerConfigKeys (ConfUtils.java:logGet(43)) - raft.server.log.statemachine.data.sync.timeout = 10s (default)
2019-09-25 05:59:27,390 [pool-67-thread-1] INFO  server.RaftServerConfigKeys (ConfUtils.java:logGet(43)) - raft.server.log.statemachine.data.sync.timeout.retry = -1 (default)
2019-09-25 05:59:27,390 [pool-67-thread-1] INFO  server.RaftServerConfigKeys (ConfUtils.java:logGet(43)) - raft.server.log.statemachine.data.caching.enabled = true (custom)
2019-09-25 05:59:27,390 [pool-67-thread-1] INFO  segmented.SegmentedRaftLogWorker (SegmentedRaftLogWorker.java:lambda$new$0(132)) - 327d7864-9593-4c84-9c3b-d4b21327d735@group-0DE1B534D779-SegmentedRaftLogWorker: flushIndex: setUnconditionally 0 -> -1
2019-09-25 05:59:27,391 [pool-67-thread-1] INFO  server.RaftServerConfigKeys (ConfUtils.java:logGet(43)) - raft.server.snapshot.auto.trigger.enabled = true (custom)
2019-09-25 05:59:27,391 [pool-67-thread-1] INFO  server.RaftServerConfigKeys (ConfUtils.java:logGet(43)) - raft.server.snapshot.auto.trigger.threshold = 10000 (custom)
2019-09-25 05:59:27,391 [pool-67-thread-1] INFO  server.RaftServerConfigKeys (ConfUtils.java:logGet(43)) - raft.server.snapshot.retention.num.files = 5 (custom)
2019-09-25 05:59:27,391 [pool-67-thread-1] INFO  server.RaftServerConfigKeys (ConfUtils.java:logGet(43)) - raft.server.retrycache.expirytime = 600000ms (custom)
2019-09-25 05:59:27,395 [pool-67-thread-1] INFO  impl.RaftServerImpl (RaftServerImpl.java:start(185)) - 327d7864-9593-4c84-9c3b-d4b21327d735@group-0DE1B534D779: start as a follower, conf=-1: [327d7864-9593-4c84-9c3b-d4b21327d735:192.168.5.161:39744], old=null
2019-09-25 05:59:27,395 [pool-67-thread-1] INFO  impl.RaftServerImpl (RaftServerImpl.java:setRole(174)) - 327d7864-9593-4c84-9c3b-d4b21327d735@group-0DE1B534D779: changes role from      null to FOLLOWER at term 0 for startAsFollower
2019-09-25 05:59:27,395 [pool-67-thread-1] INFO  impl.RoleInfo (RoleInfo.java:updateAndGet(143)) - 327d7864-9593-4c84-9c3b-d4b21327d735: start FollowerState
2019-09-25 05:59:27,396 [pool-67-thread-1] INFO  util.JmxRegister (JmxRegister.java:tryRegister(44)) - Successfully registered JMX Bean with object name Ratis:service=RaftServer,group=group-0DE1B534D779,id=327d7864-9593-4c84-9c3b-d4b21327d735
2019-09-25 05:59:27,406 [RatisPipelineUtilsThread] INFO  pipeline.PipelineStateManager (PipelineStateManager.java:addPipeline(56)) - Created pipeline Pipeline[ Id: f07f7a99-f18b-4c88-8534-0de1b534d779, Nodes: 327d7864-9593-4c84-9c3b-d4b21327d735{ip: 192.168.5.161, host: pr-hdds-1569-zxpks-796972592, networkLocation: /default-rack, certSerialId: null}, Type:RATIS, Factor:ONE, State:OPEN]
2019-09-25 05:59:27,419 [grpc-default-executor-0] INFO  impl.RaftServerProxy (RaftServerProxy.java:addNew(89)) - dcfa33bc-9001-4365-ad5d-758174e05f4c: addNew group-9397D76F8F0B:[dcfa33bc-9001-4365-ad5d-758174e05f4c:192.168.5.161:35167] returns group-9397D76F8F0B:java.util.concurrent.CompletableFuture@4f02c378[Not completed]
2019-09-25 05:59:27,423 [pool-27-thread-1] INFO  impl.RaftServerImpl (RaftServerImpl.java:<init>(95)) - dcfa33bc-9001-4365-ad5d-758174e05f4c: new RaftServerImpl for group-9397D76F8F0B:[dcfa33bc-9001-4365-ad5d-758174e05f4c:192.168.5.161:35167] with ContainerStateMachine:uninitialized
2019-09-25 05:59:27,423 [pool-27-thread-1] INFO  server.RaftServerConfigKeys (ConfUtils.java:logGet(43)) - raft.server.rpc.timeout.min = 5s (custom)
2019-09-25 05:59:27,423 [pool-27-thread-1] INFO  server.RaftServerConfigKeys (ConfUtils.java:logGet(43)) - raft.server.rpc.timeout.max = 5200ms (custom)
2019-09-25 05:59:27,423 [pool-27-thread-1] INFO  server.RaftServerConfigKeys (ConfUtils.java:logGet(43)) - raft.server.rpcslowness.timeout = 120s (custom)
2019-09-25 05:59:27,425 [pool-27-thread-1] INFO  server.RaftServerConfigKeys (ConfUtils.java:logGet(43)) - raft.server.sleep.deviation.threshold = 300 (default)
2019-09-25 05:59:27,425 [pool-27-thread-1] INFO  server.RaftServerConfigKeys (ConfUtils.java:logGet(43)) - raft.server.log.appender.install.snapshot.enabled = false (custom)
2019-09-25 05:59:27,425 [pool-27-thread-1] INFO  impl.RaftServerImpl (ServerState.java:<init>(103)) - dcfa33bc-9001-4365-ad5d-758174e05f4c@group-9397D76F8F0B: ConfigurationManager, init=-1: [dcfa33bc-9001-4365-ad5d-758174e05f4c:192.168.5.161:35167], old=null, confs=<EMPTY_MAP>
2019-09-25 05:59:27,425 [pool-27-thread-1] INFO  server.RaftServerConfigKeys (ConfUtils.java:logGet(43)) - raft.server.storage.dir = [/workdir/hadoop-ozone/tools/target/test-dir/MiniOzoneClusterImpl-b88d8d95-70e9-47b8-bab6-e4df0797a5ce/datanode-0/data/ratis] (custom)
2019-09-25 05:59:27,426 [pool-27-thread-1] INFO  storage.RaftStorageDirectory (RaftStorageDirectory.java:analyzeStorage(246)) - The storage directory /workdir/hadoop-ozone/tools/target/test-dir/MiniOzoneClusterImpl-b88d8d95-70e9-47b8-bab6-e4df0797a5ce/datanode-0/data/ratis/f37ecd31-2564-43ae-a3fb-9397d76f8f0b does not exist. Creating ...
2019-09-25 05:59:27,442 [pool-27-thread-1] INFO  storage.RaftStorageDirectory (RaftStorageDirectory.java:tryLock(328)) - Lock on /workdir/hadoop-ozone/tools/target/test-dir/MiniOzoneClusterImpl-b88d8d95-70e9-47b8-bab6-e4df0797a5ce/datanode-0/data/ratis/f37ecd31-2564-43ae-a3fb-9397d76f8f0b/in_use.lock acquired by nodename 27182@pr-hdds-1569-zxpks-796972592
2019-09-25 05:59:27,455 [pool-27-thread-1] INFO  storage.RaftStorage (RaftStorage.java:format(72)) - Storage directory /workdir/hadoop-ozone/tools/target/test-dir/MiniOzoneClusterImpl-b88d8d95-70e9-47b8-bab6-e4df0797a5ce/datanode-0/data/ratis/f37ecd31-2564-43ae-a3fb-9397d76f8f0b has been successfully formatted.
2019-09-25 05:59:27,456 [pool-27-thread-1] INFO  ratis.ContainerStateMachine (ContainerStateMachine.java:loadSnapshot(230)) - group-9397D76F8F0B: The snapshot info is null. Setting the last applied indexto:(t:0, i:~)
2019-09-25 05:59:27,456 [pool-27-thread-1] INFO  server.RaftServerConfigKeys (ConfUtils.java:logGet(43)) - raft.server.notification.no-leader.timeout = 120s (custom)
2019-09-25 05:59:27,456 [pool-27-thread-1] INFO  server.RaftServerConfigKeys (ConfUtils.java:logGet(43)) - raft.server.log.use.memory = false (default)
2019-09-25 05:59:27,456 [pool-27-thread-1] INFO  server.RaftServerConfigKeys (ConfUtils.java:logGet(43)) - raft.server.log.purge.gap = 1000000 (custom)
2019-09-25 05:59:27,456 [pool-27-thread-1] INFO  server.RaftServerConfigKeys (ConfUtils.java:logGet(43)) - raft.server.log.appender.buffer.byte-limit = 33554432 (custom)
2019-09-25 05:59:27,457 [pool-27-thread-1] INFO  server.RaftServerConfigKeys (ConfUtils.java:logGet(43)) - raft.server.log.segment.size.max = 1048576 (custom)
2019-09-25 05:59:27,457 [pool-27-thread-1] INFO  server.RaftServerConfigKeys (ConfUtils.java:logGet(43)) - raft.server.log.segment.cache.num.max = 2 (custom)
2019-09-25 05:59:27,457 [pool-27-thread-1] INFO  segmented.SegmentedRaftLogWorker (SegmentedRaftLogWorker.java:<init>(172)) - new dcfa33bc-9001-4365-ad5d-758174e05f4c@group-9397D76F8F0B-SegmentedRaftLogWorker for RaftStorage:Storage Directory /workdir/hadoop-ozone/tools/target/test-dir/MiniOzoneClusterImpl-b88d8d95-70e9-47b8-bab6-e4df0797a5ce/datanode-0/data/ratis/f37ecd31-2564-43ae-a3fb-9397d76f8f0b
2019-09-25 05:59:27,457 [pool-27-thread-1] INFO  server.RaftServerConfigKeys (ConfUtils.java:logGet(43)) - raft.server.log.queue.byte-limit = 2147483647 (custom)
2019-09-25 05:59:27,457 [pool-27-thread-1] INFO  server.RaftServerConfigKeys (ConfUtils.java:logGet(43)) - raft.server.log.queue.element-limit = 1024 (custom)
2019-09-25 05:59:27,458 [pool-27-thread-1] INFO  server.RaftServerConfigKeys (ConfUtils.java:logGet(43)) - raft.server.log.segment.size.max = 1048576 (custom)
2019-09-25 05:59:27,458 [pool-27-thread-1] INFO  server.RaftServerConfigKeys (ConfUtils.java:logGet(43)) - raft.server.log.preallocated.size = 16384 (custom)
2019-09-25 05:59:27,458 [pool-27-thread-1] INFO  server.RaftServerConfigKeys (ConfUtils.java:logGet(43)) - raft.server.log.write.buffer.size = 33554432 (custom)
2019-09-25 05:59:27,458 [pool-27-thread-1] INFO  server.RaftServerConfigKeys (ConfUtils.java:logGet(43)) - raft.server.log.force.sync.num = 128 (default)
2019-09-25 05:59:27,458 [pool-27-thread-1] INFO  server.RaftServerConfigKeys (ConfUtils.java:logGet(43)) - raft.server.log.statemachine.data.sync = true (default)
2019-09-25 05:59:27,458 [pool-27-thread-1] INFO  server.RaftServerConfigKeys (ConfUtils.java:logGet(43)) - raft.server.log.statemachine.data.sync.timeout = 10s (default)
2019-09-25 05:59:27,459 [pool-27-thread-1] INFO  server.RaftServerConfigKeys (ConfUtils.java:logGet(43)) - raft.server.log.statemachine.data.sync.timeout.retry = -1 (default)
2019-09-25 05:59:27,459 [pool-27-thread-1] INFO  server.RaftServerConfigKeys (ConfUtils.java:logGet(43)) - raft.server.log.statemachine.data.caching.enabled = true (custom)
2019-09-25 05:59:27,459 [pool-27-thread-1] INFO  segmented.SegmentedRaftLogWorker (SegmentedRaftLogWorker.java:lambda$new$0(132)) - dcfa33bc-9001-4365-ad5d-758174e05f4c@group-9397D76F8F0B-SegmentedRaftLogWorker: flushIndex: setUnconditionally 0 -> -1
2019-09-25 05:59:27,460 [pool-27-thread-1] INFO  server.RaftServerConfigKeys (ConfUtils.java:logGet(43)) - raft.server.snapshot.auto.trigger.enabled = true (custom)
2019-09-25 05:59:27,460 [pool-27-thread-1] INFO  server.RaftServerConfigKeys (ConfUtils.java:logGet(43)) - raft.server.snapshot.auto.trigger.threshold = 10000 (custom)
2019-09-25 05:59:27,460 [pool-27-thread-1] INFO  server.RaftServerConfigKeys (ConfUtils.java:logGet(43)) - raft.server.snapshot.retention.num.files = 5 (custom)
2019-09-25 05:59:27,460 [pool-27-thread-1] INFO  server.RaftServerConfigKeys (ConfUtils.java:logGet(43)) - raft.server.retrycache.expirytime = 600000ms (custom)
2019-09-25 05:59:27,465 [pool-27-thread-1] INFO  impl.RaftServerImpl (RaftServerImpl.java:start(185)) - dcfa33bc-9001-4365-ad5d-758174e05f4c@group-9397D76F8F0B: start as a follower, conf=-1: [dcfa33bc-9001-4365-ad5d-758174e05f4c:192.168.5.161:35167], old=null
2019-09-25 05:59:27,465 [pool-27-thread-1] INFO  impl.RaftServerImpl (RaftServerImpl.java:setRole(174)) - dcfa33bc-9001-4365-ad5d-758174e05f4c@group-9397D76F8F0B: changes role from      null to FOLLOWER at term 0 for startAsFollower
2019-09-25 05:59:27,465 [pool-27-thread-1] INFO  impl.RoleInfo (RoleInfo.java:updateAndGet(143)) - dcfa33bc-9001-4365-ad5d-758174e05f4c: start FollowerState
2019-09-25 05:59:27,466 [pool-27-thread-1] INFO  util.JmxRegister (JmxRegister.java:tryRegister(44)) - Successfully registered JMX Bean with object name Ratis:service=RaftServer,group=group-9397D76F8F0B,id=dcfa33bc-9001-4365-ad5d-758174e05f4c
2019-09-25 05:59:27,475 [RatisPipelineUtilsThread] INFO  pipeline.PipelineStateManager (PipelineStateManager.java:addPipeline(56)) - Created pipeline Pipeline[ Id: f37ecd31-2564-43ae-a3fb-9397d76f8f0b, Nodes: dcfa33bc-9001-4365-ad5d-758174e05f4c{ip: 192.168.5.161, host: pr-hdds-1569-zxpks-796972592, networkLocation: /default-rack, certSerialId: null}, Type:RATIS, Factor:ONE, State:OPEN]
2019-09-25 05:59:27,489 [grpc-default-executor-0] INFO  impl.RaftServerProxy (RaftServerProxy.java:addNew(89)) - a70ebb95-9827-4ee9-872e-51470ad9f886: addNew group-8802D99DCE0E:[a70ebb95-9827-4ee9-872e-51470ad9f886:192.168.5.161:38094] returns group-8802D99DCE0E:java.util.concurrent.CompletableFuture@14a3d9c0[Not completed]
2019-09-25 05:59:27,492 [pool-37-thread-1] INFO  impl.RaftServerImpl (RaftServerImpl.java:<init>(95)) - a70ebb95-9827-4ee9-872e-51470ad9f886: new RaftServerImpl for group-8802D99DCE0E:[a70ebb95-9827-4ee9-872e-51470ad9f886:192.168.5.161:38094] with ContainerStateMachine:uninitialized
2019-09-25 05:59:27,492 [pool-37-thread-1] INFO  server.RaftServerConfigKeys (ConfUtils.java:logGet(43)) - raft.server.rpc.timeout.min = 5s (custom)
2019-09-25 05:59:27,492 [pool-37-thread-1] INFO  server.RaftServerConfigKeys (ConfUtils.java:logGet(43)) - raft.server.rpc.timeout.max = 5200ms (custom)
2019-09-25 05:59:27,493 [pool-37-thread-1] INFO  server.RaftServerConfigKeys (ConfUtils.java:logGet(43)) - raft.server.rpcslowness.timeout = 120s (custom)
2019-09-25 05:59:27,493 [pool-37-thread-1] INFO  server.RaftServerConfigKeys (ConfUtils.java:logGet(43)) - raft.server.sleep.deviation.threshold = 300 (default)
2019-09-25 05:59:27,493 [pool-37-thread-1] INFO  server.RaftServerConfigKeys (ConfUtils.java:logGet(43)) - raft.server.log.appender.install.snapshot.enabled = false (custom)
2019-09-25 05:59:27,493 [pool-37-thread-1] INFO  impl.RaftServerImpl (ServerState.java:<init>(103)) - a70ebb95-9827-4ee9-872e-51470ad9f886@group-8802D99DCE0E: ConfigurationManager, init=-1: [a70ebb95-9827-4ee9-872e-51470ad9f886:192.168.5.161:38094], old=null, confs=<EMPTY_MAP>
2019-09-25 05:59:27,494 [pool-37-thread-1] INFO  server.RaftServerConfigKeys (ConfUtils.java:logGet(43)) - raft.server.storage.dir = [/workdir/hadoop-ozone/tools/target/test-dir/MiniOzoneClusterImpl-b88d8d95-70e9-47b8-bab6-e4df0797a5ce/datanode-1/data/ratis] (custom)
2019-09-25 05:59:27,494 [pool-37-thread-1] INFO  storage.RaftStorageDirectory (RaftStorageDirectory.java:analyzeStorage(246)) - The storage directory /workdir/hadoop-ozone/tools/target/test-dir/MiniOzoneClusterImpl-b88d8d95-70e9-47b8-bab6-e4df0797a5ce/datanode-1/data/ratis/c82a161a-aaaa-4607-abf1-8802d99dce0e does not exist. Creating ...
2019-09-25 05:59:27,507 [pool-37-thread-1] INFO  storage.RaftStorageDirectory (RaftStorageDirectory.java:tryLock(328)) - Lock on /workdir/hadoop-ozone/tools/target/test-dir/MiniOzoneClusterImpl-b88d8d95-70e9-47b8-bab6-e4df0797a5ce/datanode-1/data/ratis/c82a161a-aaaa-4607-abf1-8802d99dce0e/in_use.lock acquired by nodename 27182@pr-hdds-1569-zxpks-796972592
2019-09-25 05:59:27,520 [pool-37-thread-1] INFO  storage.RaftStorage (RaftStorage.java:format(72)) - Storage directory /workdir/hadoop-ozone/tools/target/test-dir/MiniOzoneClusterImpl-b88d8d95-70e9-47b8-bab6-e4df0797a5ce/datanode-1/data/ratis/c82a161a-aaaa-4607-abf1-8802d99dce0e has been successfully formatted.
2019-09-25 05:59:27,520 [pool-37-thread-1] INFO  ratis.ContainerStateMachine (ContainerStateMachine.java:loadSnapshot(230)) - group-8802D99DCE0E: The snapshot info is null. Setting the last applied indexto:(t:0, i:~)
2019-09-25 05:59:27,521 [pool-37-thread-1] INFO  server.RaftServerConfigKeys (ConfUtils.java:logGet(43)) - raft.server.notification.no-leader.timeout = 120s (custom)
2019-09-25 05:59:27,521 [pool-37-thread-1] INFO  server.RaftServerConfigKeys (ConfUtils.java:logGet(43)) - raft.server.log.use.memory = false (default)
2019-09-25 05:59:27,521 [pool-37-thread-1] INFO  server.RaftServerConfigKeys (ConfUtils.java:logGet(43)) - raft.server.log.purge.gap = 1000000 (custom)
2019-09-25 05:59:27,522 [pool-37-thread-1] INFO  server.RaftServerConfigKeys (ConfUtils.java:logGet(43)) - raft.server.log.appender.buffer.byte-limit = 33554432 (custom)
2019-09-25 05:59:27,522 [pool-37-thread-1] INFO  server.RaftServerConfigKeys (ConfUtils.java:logGet(43)) - raft.server.log.segment.size.max = 1048576 (custom)
2019-09-25 05:59:27,522 [pool-37-thread-1] INFO  server.RaftServerConfigKeys (ConfUtils.java:logGet(43)) - raft.server.log.segment.cache.num.max = 2 (custom)
2019-09-25 05:59:27,522 [pool-37-thread-1] INFO  segmented.SegmentedRaftLogWorker (SegmentedRaftLogWorker.java:<init>(172)) - new a70ebb95-9827-4ee9-872e-51470ad9f886@group-8802D99DCE0E-SegmentedRaftLogWorker for RaftStorage:Storage Directory /workdir/hadoop-ozone/tools/target/test-dir/MiniOzoneClusterImpl-b88d8d95-70e9-47b8-bab6-e4df0797a5ce/datanode-1/data/ratis/c82a161a-aaaa-4607-abf1-8802d99dce0e
2019-09-25 05:59:27,523 [pool-37-thread-1] INFO  server.RaftServerConfigKeys (ConfUtils.java:logGet(43)) - raft.server.log.queue.byte-limit = 2147483647 (custom)
2019-09-25 05:59:27,523 [pool-37-thread-1] INFO  server.RaftServerConfigKeys (ConfUtils.java:logGet(43)) - raft.server.log.queue.element-limit = 1024 (custom)
2019-09-25 05:59:27,523 [pool-37-thread-1] INFO  server.RaftServerConfigKeys (ConfUtils.java:logGet(43)) - raft.server.log.segment.size.max = 1048576 (custom)
2019-09-25 05:59:27,523 [pool-37-thread-1] INFO  server.RaftServerConfigKeys (ConfUtils.java:logGet(43)) - raft.server.log.preallocated.size = 16384 (custom)
2019-09-25 05:59:27,524 [pool-37-thread-1] INFO  server.RaftServerConfigKeys (ConfUtils.java:logGet(43)) - raft.server.log.write.buffer.size = 33554432 (custom)
2019-09-25 05:59:27,527 [pool-37-thread-1] INFO  server.RaftServerConfigKeys (ConfUtils.java:logGet(43)) - raft.server.log.force.sync.num = 128 (default)
2019-09-25 05:59:27,529 [pool-37-thread-1] INFO  server.RaftServerConfigKeys (ConfUtils.java:logGet(43)) - raft.server.log.statemachine.data.sync = true (default)
2019-09-25 05:59:27,529 [pool-37-thread-1] INFO  server.RaftServerConfigKeys (ConfUtils.java:logGet(43)) - raft.server.log.statemachine.data.sync.timeout = 10s (default)
2019-09-25 05:59:27,530 [pool-37-thread-1] INFO  server.RaftServerConfigKeys (ConfUtils.java:logGet(43)) - raft.server.log.statemachine.data.sync.timeout.retry = -1 (default)
2019-09-25 05:59:27,530 [pool-37-thread-1] INFO  server.RaftServerConfigKeys (ConfUtils.java:logGet(43)) - raft.server.log.statemachine.data.caching.enabled = true (custom)
2019-09-25 05:59:27,531 [pool-37-thread-1] INFO  segmented.SegmentedRaftLogWorker (SegmentedRaftLogWorker.java:lambda$new$0(132)) - a70ebb95-9827-4ee9-872e-51470ad9f886@group-8802D99DCE0E-SegmentedRaftLogWorker: flushIndex: setUnconditionally 0 -> -1
2019-09-25 05:59:27,531 [pool-37-thread-1] INFO  server.RaftServerConfigKeys (ConfUtils.java:logGet(43)) - raft.server.snapshot.auto.trigger.enabled = true (custom)
2019-09-25 05:59:27,531 [pool-37-thread-1] INFO  server.RaftServerConfigKeys (ConfUtils.java:logGet(43)) - raft.server.snapshot.auto.trigger.threshold = 10000 (custom)
2019-09-25 05:59:27,531 [pool-37-thread-1] INFO  server.RaftServerConfigKeys (ConfUtils.java:logGet(43)) - raft.server.snapshot.retention.num.files = 5 (custom)
2019-09-25 05:59:27,532 [pool-37-thread-1] INFO  server.RaftServerConfigKeys (ConfUtils.java:logGet(43)) - raft.server.retrycache.expirytime = 600000ms (custom)
2019-09-25 05:59:27,535 [pool-37-thread-1] INFO  impl.RaftServerImpl (RaftServerImpl.java:start(185)) - a70ebb95-9827-4ee9-872e-51470ad9f886@group-8802D99DCE0E: start as a follower, conf=-1: [a70ebb95-9827-4ee9-872e-51470ad9f886:192.168.5.161:38094], old=null
2019-09-25 05:59:27,536 [pool-37-thread-1] INFO  impl.RaftServerImpl (RaftServerImpl.java:setRole(174)) - a70ebb95-9827-4ee9-872e-51470ad9f886@group-8802D99DCE0E: changes role from      null to FOLLOWER at term 0 for startAsFollower
2019-09-25 05:59:27,536 [pool-37-thread-1] INFO  impl.RoleInfo (RoleInfo.java:updateAndGet(143)) - a70ebb95-9827-4ee9-872e-51470ad9f886: start FollowerState
2019-09-25 05:59:27,536 [pool-37-thread-1] INFO  util.JmxRegister (JmxRegister.java:tryRegister(44)) - Successfully registered JMX Bean with object name Ratis:service=RaftServer,group=group-8802D99DCE0E,id=a70ebb95-9827-4ee9-872e-51470ad9f886
2019-09-25 05:59:27,549 [RatisPipelineUtilsThread] INFO  pipeline.PipelineStateManager (PipelineStateManager.java:addPipeline(56)) - Created pipeline Pipeline[ Id: c82a161a-aaaa-4607-abf1-8802d99dce0e, Nodes: a70ebb95-9827-4ee9-872e-51470ad9f886{ip: 192.168.5.161, host: pr-hdds-1569-zxpks-796972592, networkLocation: /default-rack, certSerialId: null}, Type:RATIS, Factor:ONE, State:OPEN]
2019-09-25 05:59:27,572 [grpc-default-executor-0] INFO  impl.RaftServerProxy (RaftServerProxy.java:addNew(89)) - f8d3684d-44eb-42fd-8c21-2b8ad1aff988: addNew group-0D431F80E721:[f8d3684d-44eb-42fd-8c21-2b8ad1aff988:192.168.5.161:44439] returns group-0D431F80E721:java.util.concurrent.CompletableFuture@7e261b59[Not completed]
2019-09-25 05:59:27,574 [pool-47-thread-1] INFO  impl.RaftServerImpl (RaftServerImpl.java:<init>(95)) - f8d3684d-44eb-42fd-8c21-2b8ad1aff988: new RaftServerImpl for group-0D431F80E721:[f8d3684d-44eb-42fd-8c21-2b8ad1aff988:192.168.5.161:44439] with ContainerStateMachine:uninitialized
2019-09-25 05:59:27,574 [pool-47-thread-1] INFO  server.RaftServerConfigKeys (ConfUtils.java:logGet(43)) - raft.server.rpc.timeout.min = 5s (custom)
2019-09-25 05:59:27,574 [pool-47-thread-1] INFO  server.RaftServerConfigKeys (ConfUtils.java:logGet(43)) - raft.server.rpc.timeout.max = 5200ms (custom)
2019-09-25 05:59:27,575 [pool-47-thread-1] INFO  server.RaftServerConfigKeys (ConfUtils.java:logGet(43)) - raft.server.rpcslowness.timeout = 120s (custom)
2019-09-25 05:59:27,575 [pool-47-thread-1] INFO  server.RaftServerConfigKeys (ConfUtils.java:logGet(43)) - raft.server.sleep.deviation.threshold = 300 (default)
2019-09-25 05:59:27,575 [pool-47-thread-1] INFO  server.RaftServerConfigKeys (ConfUtils.java:logGet(43)) - raft.server.log.appender.install.snapshot.enabled = false (custom)
2019-09-25 05:59:27,575 [pool-47-thread-1] INFO  impl.RaftServerImpl (ServerState.java:<init>(103)) - f8d3684d-44eb-42fd-8c21-2b8ad1aff988@group-0D431F80E721: ConfigurationManager, init=-1: [f8d3684d-44eb-42fd-8c21-2b8ad1aff988:192.168.5.161:44439], old=null, confs=<EMPTY_MAP>
2019-09-25 05:59:27,575 [pool-47-thread-1] INFO  server.RaftServerConfigKeys (ConfUtils.java:logGet(43)) - raft.server.storage.dir = [/workdir/hadoop-ozone/tools/target/test-dir/MiniOzoneClusterImpl-b88d8d95-70e9-47b8-bab6-e4df0797a5ce/datanode-2/data/ratis] (custom)
2019-09-25 05:59:27,576 [pool-47-thread-1] INFO  storage.RaftStorageDirectory (RaftStorageDirectory.java:analyzeStorage(246)) - The storage directory /workdir/hadoop-ozone/tools/target/test-dir/MiniOzoneClusterImpl-b88d8d95-70e9-47b8-bab6-e4df0797a5ce/datanode-2/data/ratis/a0401a33-cf7d-4850-b8c4-0d431f80e721 does not exist. Creating ...
2019-09-25 05:59:27,588 [pool-47-thread-1] INFO  storage.RaftStorageDirectory (RaftStorageDirectory.java:tryLock(328)) - Lock on /workdir/hadoop-ozone/tools/target/test-dir/MiniOzoneClusterImpl-b88d8d95-70e9-47b8-bab6-e4df0797a5ce/datanode-2/data/ratis/a0401a33-cf7d-4850-b8c4-0d431f80e721/in_use.lock acquired by nodename 27182@pr-hdds-1569-zxpks-796972592
2019-09-25 05:59:27,601 [pool-47-thread-1] INFO  storage.RaftStorage (RaftStorage.java:format(72)) - Storage directory /workdir/hadoop-ozone/tools/target/test-dir/MiniOzoneClusterImpl-b88d8d95-70e9-47b8-bab6-e4df0797a5ce/datanode-2/data/ratis/a0401a33-cf7d-4850-b8c4-0d431f80e721 has been successfully formatted.
2019-09-25 05:59:27,602 [pool-47-thread-1] INFO  ratis.ContainerStateMachine (ContainerStateMachine.java:loadSnapshot(230)) - group-0D431F80E721: The snapshot info is null. Setting the last applied indexto:(t:0, i:~)
2019-09-25 05:59:27,602 [pool-47-thread-1] INFO  server.RaftServerConfigKeys (ConfUtils.java:logGet(43)) - raft.server.notification.no-leader.timeout = 120s (custom)
2019-09-25 05:59:27,602 [pool-47-thread-1] INFO  server.RaftServerConfigKeys (ConfUtils.java:logGet(43)) - raft.server.log.use.memory = false (default)
2019-09-25 05:59:27,602 [pool-47-thread-1] INFO  server.RaftServerConfigKeys (ConfUtils.java:logGet(43)) - raft.server.log.purge.gap = 1000000 (custom)
2019-09-25 05:59:27,602 [pool-47-thread-1] INFO  server.RaftServerConfigKeys (ConfUtils.java:logGet(43)) - raft.server.log.appender.buffer.byte-limit = 33554432 (custom)
2019-09-25 05:59:27,602 [pool-47-thread-1] INFO  server.RaftServerConfigKeys (ConfUtils.java:logGet(43)) - raft.server.log.segment.size.max = 1048576 (custom)
2019-09-25 05:59:27,603 [pool-47-thread-1] INFO  server.RaftServerConfigKeys (ConfUtils.java:logGet(43)) - raft.server.log.segment.cache.num.max = 2 (custom)
2019-09-25 05:59:27,603 [pool-47-thread-1] INFO  segmented.SegmentedRaftLogWorker (SegmentedRaftLogWorker.java:<init>(172)) - new f8d3684d-44eb-42fd-8c21-2b8ad1aff988@group-0D431F80E721-SegmentedRaftLogWorker for RaftStorage:Storage Directory /workdir/hadoop-ozone/tools/target/test-dir/MiniOzoneClusterImpl-b88d8d95-70e9-47b8-bab6-e4df0797a5ce/datanode-2/data/ratis/a0401a33-cf7d-4850-b8c4-0d431f80e721
2019-09-25 05:59:27,603 [pool-47-thread-1] INFO  server.RaftServerConfigKeys (ConfUtils.java:logGet(43)) - raft.server.log.queue.byte-limit = 2147483647 (custom)
2019-09-25 05:59:27,603 [pool-47-thread-1] INFO  server.RaftServerConfigKeys (ConfUtils.java:logGet(43)) - raft.server.log.queue.element-limit = 1024 (custom)
2019-09-25 05:59:27,603 [pool-47-thread-1] INFO  server.RaftServerConfigKeys (ConfUtils.java:logGet(43)) - raft.server.log.segment.size.max = 1048576 (custom)
2019-09-25 05:59:27,603 [pool-47-thread-1] INFO  server.RaftServerConfigKeys (ConfUtils.java:logGet(43)) - raft.server.log.preallocated.size = 16384 (custom)
2019-09-25 05:59:27,603 [pool-47-thread-1] INFO  server.RaftServerConfigKeys (ConfUtils.java:logGet(43)) - raft.server.log.write.buffer.size = 33554432 (custom)
2019-09-25 05:59:27,604 [pool-47-thread-1] INFO  server.RaftServerConfigKeys (ConfUtils.java:logGet(43)) - raft.server.log.force.sync.num = 128 (default)
2019-09-25 05:59:27,604 [pool-47-thread-1] INFO  server.RaftServerConfigKeys (ConfUtils.java:logGet(43)) - raft.server.log.statemachine.data.sync = true (default)
2019-09-25 05:59:27,604 [pool-47-thread-1] INFO  server.RaftServerConfigKeys (ConfUtils.java:logGet(43)) - raft.server.log.statemachine.data.sync.timeout = 10s (default)
2019-09-25 05:59:27,604 [pool-47-thread-1] INFO  server.RaftServerConfigKeys (ConfUtils.java:logGet(43)) - raft.server.log.statemachine.data.sync.timeout.retry = -1 (default)
2019-09-25 05:59:27,604 [pool-47-thread-1] INFO  server.RaftServerConfigKeys (ConfUtils.java:logGet(43)) - raft.server.log.statemachine.data.caching.enabled = true (custom)
2019-09-25 05:59:27,605 [pool-47-thread-1] INFO  segmented.SegmentedRaftLogWorker (SegmentedRaftLogWorker.java:lambda$new$0(132)) - f8d3684d-44eb-42fd-8c21-2b8ad1aff988@group-0D431F80E721-SegmentedRaftLogWorker: flushIndex: setUnconditionally 0 -> -1
2019-09-25 05:59:27,605 [pool-47-thread-1] INFO  server.RaftServerConfigKeys (ConfUtils.java:logGet(43)) - raft.server.snapshot.auto.trigger.enabled = true (custom)
2019-09-25 05:59:27,605 [pool-47-thread-1] INFO  server.RaftServerConfigKeys (ConfUtils.java:logGet(43)) - raft.server.snapshot.auto.trigger.threshold = 10000 (custom)
2019-09-25 05:59:27,605 [pool-47-thread-1] INFO  server.RaftServerConfigKeys (ConfUtils.java:logGet(43)) - raft.server.snapshot.retention.num.files = 5 (custom)
2019-09-25 05:59:27,605 [pool-47-thread-1] INFO  server.RaftServerConfigKeys (ConfUtils.java:logGet(43)) - raft.server.retrycache.expirytime = 600000ms (custom)
2019-09-25 05:59:27,608 [pool-47-thread-1] INFO  impl.RaftServerImpl (RaftServerImpl.java:start(185)) - f8d3684d-44eb-42fd-8c21-2b8ad1aff988@group-0D431F80E721: start as a follower, conf=-1: [f8d3684d-44eb-42fd-8c21-2b8ad1aff988:192.168.5.161:44439], old=null
2019-09-25 05:59:27,608 [pool-47-thread-1] INFO  impl.RaftServerImpl (RaftServerImpl.java:setRole(174)) - f8d3684d-44eb-42fd-8c21-2b8ad1aff988@group-0D431F80E721: changes role from      null to FOLLOWER at term 0 for startAsFollower
2019-09-25 05:59:27,609 [pool-47-thread-1] INFO  impl.RoleInfo (RoleInfo.java:updateAndGet(143)) - f8d3684d-44eb-42fd-8c21-2b8ad1aff988: start FollowerState
2019-09-25 05:59:27,609 [pool-47-thread-1] INFO  util.JmxRegister (JmxRegister.java:tryRegister(44)) - Successfully registered JMX Bean with object name Ratis:service=RaftServer,group=group-0D431F80E721,id=f8d3684d-44eb-42fd-8c21-2b8ad1aff988
2019-09-25 05:59:27,614 [RatisPipelineUtilsThread] INFO  pipeline.PipelineStateManager (PipelineStateManager.java:addPipeline(56)) - Created pipeline Pipeline[ Id: a0401a33-cf7d-4850-b8c4-0d431f80e721, Nodes: f8d3684d-44eb-42fd-8c21-2b8ad1aff988{ip: 192.168.5.161, host: pr-hdds-1569-zxpks-796972592, networkLocation: /default-rack, certSerialId: null}, Type:RATIS, Factor:ONE, State:OPEN]
2019-09-25 05:59:27,625 [grpc-default-executor-0] INFO  impl.RaftServerProxy (RaftServerProxy.java:addNew(89)) - 327d7864-9593-4c84-9c3b-d4b21327d735: addNew group-7326DF49C638:[327d7864-9593-4c84-9c3b-d4b21327d735:192.168.5.161:39744] returns group-7326DF49C638:java.util.concurrent.CompletableFuture@e62b879[Not completed]
2019-09-25 05:59:27,625 [main] INFO  freon.RandomKeyGenerator (RandomKeyGenerator.java:call(283)) - Number of Threads: 10
2019-09-25 05:59:27,626 [main] INFO  freon.RandomKeyGenerator (RandomKeyGenerator.java:call(288)) - Number of Volumes: 1.
2019-09-25 05:59:27,626 [main] INFO  freon.RandomKeyGenerator (RandomKeyGenerator.java:call(289)) - Number of Buckets per Volume: 1.
2019-09-25 05:59:27,626 [main] INFO  freon.RandomKeyGenerator (RandomKeyGenerator.java:call(290)) - Number of Keys per Bucket: 1.
2019-09-25 05:59:27,627 [main] INFO  freon.RandomKeyGenerator (RandomKeyGenerator.java:call(291)) - Key size: 20971520 bytes
2019-09-25 05:59:27,627 [main] INFO  freon.RandomKeyGenerator (RandomKeyGenerator.java:call(292)) - Buffer size: 4096 bytes
2019-09-25 05:59:27,627 [pool-67-thread-1] INFO  impl.RaftServerImpl (RaftServerImpl.java:<init>(95)) - 327d7864-9593-4c84-9c3b-d4b21327d735: new RaftServerImpl for group-7326DF49C638:[327d7864-9593-4c84-9c3b-d4b21327d735:192.168.5.161:39744] with ContainerStateMachine:uninitialized
2019-09-25 05:59:27,627 [main] INFO  freon.RandomKeyGenerator (RandomKeyGenerator.java:call(293)) - validateWrites : true
2019-09-25 05:59:27,627 [pool-67-thread-1] INFO  server.RaftServerConfigKeys (ConfUtils.java:logGet(43)) - raft.server.rpc.timeout.min = 5s (custom)
2019-09-25 05:59:27,627 [pool-67-thread-1] INFO  server.RaftServerConfigKeys (ConfUtils.java:logGet(43)) - raft.server.rpc.timeout.max = 5200ms (custom)
2019-09-25 05:59:27,628 [pool-67-thread-1] INFO  server.RaftServerConfigKeys (ConfUtils.java:logGet(43)) - raft.server.rpcslowness.timeout = 120s (custom)
2019-09-25 05:59:27,628 [pool-67-thread-1] INFO  server.RaftServerConfigKeys (ConfUtils.java:logGet(43)) - raft.server.sleep.deviation.threshold = 300 (default)
2019-09-25 05:59:27,628 [pool-67-thread-1] INFO  server.RaftServerConfigKeys (ConfUtils.java:logGet(43)) - raft.server.log.appender.install.snapshot.enabled = false (custom)
2019-09-25 05:59:27,628 [pool-67-thread-1] INFO  impl.RaftServerImpl (ServerState.java:<init>(103)) - 327d7864-9593-4c84-9c3b-d4b21327d735@group-7326DF49C638: ConfigurationManager, init=-1: [327d7864-9593-4c84-9c3b-d4b21327d735:192.168.5.161:39744], old=null, confs=<EMPTY_MAP>
2019-09-25 05:59:27,630 [pool-67-thread-1] INFO  server.RaftServerConfigKeys (ConfUtils.java:logGet(43)) - raft.server.storage.dir = [/workdir/hadoop-ozone/tools/target/test-dir/MiniOzoneClusterImpl-b88d8d95-70e9-47b8-bab6-e4df0797a5ce/datanode-4/data/ratis] (custom)
2019-09-25 05:59:27,632 [pool-67-thread-1] INFO  storage.RaftStorageDirectory (RaftStorageDirectory.java:analyzeStorage(246)) - The storage directory /workdir/hadoop-ozone/tools/target/test-dir/MiniOzoneClusterImpl-b88d8d95-70e9-47b8-bab6-e4df0797a5ce/datanode-4/data/ratis/6d8fecf4-056a-487e-870d-7326df49c638 does not exist. Creating ...
2019-09-25 05:59:27,633 [main] INFO  freon.RandomKeyGenerator (RandomKeyGenerator.java:call(307)) - Data validation is enabled.
2019-09-25 05:59:27,635 [main] INFO  freon.RandomKeyGenerator (RandomKeyGenerator.java:call(313)) - Starting progress bar Thread.

 0.00% |█                                                                                                    |  0/1 Time: 0:00:002019-09-25 05:59:27,645 [pool-67-thread-1] INFO  storage.RaftStorageDirectory (RaftStorageDirectory.java:tryLock(328)) - Lock on /workdir/hadoop-ozone/tools/target/test-dir/MiniOzoneClusterImpl-b88d8d95-70e9-47b8-bab6-e4df0797a5ce/datanode-4/data/ratis/6d8fecf4-056a-487e-870d-7326df49c638/in_use.lock acquired by nodename 27182@pr-hdds-1569-zxpks-796972592
2019-09-25 05:59:27,659 [pool-73-thread-1] INFO  rpc.RpcClient (RpcClient.java:createVolume(276)) - Creating Volume: vol-0-04350, with jenkins1000 as owner.
2019-09-25 05:59:27,663 [pool-67-thread-1] INFO  storage.RaftStorage (RaftStorage.java:format(72)) - Storage directory /workdir/hadoop-ozone/tools/target/test-dir/MiniOzoneClusterImpl-b88d8d95-70e9-47b8-bab6-e4df0797a5ce/datanode-4/data/ratis/6d8fecf4-056a-487e-870d-7326df49c638 has been successfully formatted.
2019-09-25 05:59:27,665 [pool-67-thread-1] INFO  ratis.ContainerStateMachine (ContainerStateMachine.java:loadSnapshot(230)) - group-7326DF49C638: The snapshot info is null. Setting the last applied indexto:(t:0, i:~)
2019-09-25 05:59:27,666 [pool-67-thread-1] INFO  server.RaftServerConfigKeys (ConfUtils.java:logGet(43)) - raft.server.notification.no-leader.timeout = 120s (custom)
2019-09-25 05:59:27,667 [pool-67-thread-1] INFO  server.RaftServerConfigKeys (ConfUtils.java:logGet(43)) - raft.server.log.use.memory = false (default)
2019-09-25 05:59:27,667 [pool-67-thread-1] INFO  server.RaftServerConfigKeys (ConfUtils.java:logGet(43)) - raft.server.log.purge.gap = 1000000 (custom)
2019-09-25 05:59:27,667 [pool-67-thread-1] INFO  server.RaftServerConfigKeys (ConfUtils.java:logGet(43)) - raft.server.log.appender.buffer.byte-limit = 33554432 (custom)
2019-09-25 05:59:27,667 [pool-67-thread-1] INFO  server.RaftServerConfigKeys (ConfUtils.java:logGet(43)) - raft.server.log.segment.size.max = 1048576 (custom)
2019-09-25 05:59:27,667 [pool-67-thread-1] INFO  server.RaftServerConfigKeys (ConfUtils.java:logGet(43)) - raft.server.log.segment.cache.num.max = 2 (custom)
2019-09-25 05:59:27,668 [pool-67-thread-1] INFO  segmented.SegmentedRaftLogWorker (SegmentedRaftLogWorker.java:<init>(172)) - new 327d7864-9593-4c84-9c3b-d4b21327d735@group-7326DF49C638-SegmentedRaftLogWorker for RaftStorage:Storage Directory /workdir/hadoop-ozone/tools/target/test-dir/MiniOzoneClusterImpl-b88d8d95-70e9-47b8-bab6-e4df0797a5ce/datanode-4/data/ratis/6d8fecf4-056a-487e-870d-7326df49c638
2019-09-25 05:59:27,668 [pool-67-thread-1] INFO  server.RaftServerConfigKeys (ConfUtils.java:logGet(43)) - raft.server.log.queue.byte-limit = 2147483647 (custom)
2019-09-25 05:59:27,668 [pool-67-thread-1] INFO  server.RaftServerConfigKeys (ConfUtils.java:logGet(43)) - raft.server.log.queue.element-limit = 1024 (custom)
2019-09-25 05:59:27,668 [pool-67-thread-1] INFO  server.RaftServerConfigKeys (ConfUtils.java:logGet(43)) - raft.server.log.segment.size.max = 1048576 (custom)
2019-09-25 05:59:27,668 [pool-67-thread-1] INFO  server.RaftServerConfigKeys (ConfUtils.java:logGet(43)) - raft.server.log.preallocated.size = 16384 (custom)
2019-09-25 05:59:27,668 [pool-67-thread-1] INFO  server.RaftServerConfigKeys (ConfUtils.java:logGet(43)) - raft.server.log.write.buffer.size = 33554432 (custom)
2019-09-25 05:59:27,669 [pool-67-thread-1] INFO  server.RaftServerConfigKeys (ConfUtils.java:logGet(43)) - raft.server.log.force.sync.num = 128 (default)
2019-09-25 05:59:27,669 [pool-67-thread-1] INFO  server.RaftServerConfigKeys (ConfUtils.java:logGet(43)) - raft.server.log.statemachine.data.sync = true (default)
2019-09-25 05:59:27,669 [pool-67-thread-1] INFO  server.RaftServerConfigKeys (ConfUtils.java:logGet(43)) - raft.server.log.statemachine.data.sync.timeout = 10s (default)
2019-09-25 05:59:27,669 [pool-67-thread-1] INFO  server.RaftServerConfigKeys (ConfUtils.java:logGet(43)) - raft.server.log.statemachine.data.sync.timeout.retry = -1 (default)
2019-09-25 05:59:27,669 [pool-67-thread-1] INFO  server.RaftServerConfigKeys (ConfUtils.java:logGet(43)) - raft.server.log.statemachine.data.caching.enabled = true (custom)
2019-09-25 05:59:27,670 [pool-67-thread-1] INFO  segmented.SegmentedRaftLogWorker (SegmentedRaftLogWorker.java:lambda$new$0(132)) - 327d7864-9593-4c84-9c3b-d4b21327d735@group-7326DF49C638-SegmentedRaftLogWorker: flushIndex: setUnconditionally 0 -> -1
2019-09-25 05:59:27,670 [pool-67-thread-1] INFO  server.RaftServerConfigKeys (ConfUtils.java:logGet(43)) - raft.server.snapshot.auto.trigger.enabled = true (custom)
2019-09-25 05:59:27,670 [pool-67-thread-1] INFO  server.RaftServerConfigKeys (ConfUtils.java:logGet(43)) - raft.server.snapshot.auto.trigger.threshold = 10000 (custom)
2019-09-25 05:59:27,670 [pool-67-thread-1] INFO  server.RaftServerConfigKeys (ConfUtils.java:logGet(43)) - raft.server.snapshot.retention.num.files = 5 (custom)
2019-09-25 05:59:27,670 [pool-67-thread-1] INFO  server.RaftServerConfigKeys (ConfUtils.java:logGet(43)) - raft.server.retrycache.expirytime = 600000ms (custom)
2019-09-25 05:59:27,674 [pool-67-thread-1] INFO  impl.RaftServerImpl (RaftServerImpl.java:start(185)) - 327d7864-9593-4c84-9c3b-d4b21327d735@group-7326DF49C638: start as a follower, conf=-1: [327d7864-9593-4c84-9c3b-d4b21327d735:192.168.5.161:39744], old=null
2019-09-25 05:59:27,675 [pool-67-thread-1] INFO  impl.RaftServerImpl (RaftServerImpl.java:setRole(174)) - 327d7864-9593-4c84-9c3b-d4b21327d735@group-7326DF49C638: changes role from      null to FOLLOWER at term 0 for startAsFollower
2019-09-25 05:59:27,675 [pool-67-thread-1] INFO  impl.RoleInfo (RoleInfo.java:updateAndGet(143)) - 327d7864-9593-4c84-9c3b-d4b21327d735: start FollowerState
2019-09-25 05:59:27,675 [pool-67-thread-1] INFO  util.JmxRegister (JmxRegister.java:tryRegister(44)) - Successfully registered JMX Bean with object name Ratis:service=RaftServer,group=group-7326DF49C638,id=327d7864-9593-4c84-9c3b-d4b21327d735
2019-09-25 05:59:27,682 [RatisPipelineUtilsThread] INFO  pipeline.PipelineStateManager (PipelineStateManager.java:addPipeline(56)) - Created pipeline Pipeline[ Id: 6d8fecf4-056a-487e-870d-7326df49c638, Nodes: 327d7864-9593-4c84-9c3b-d4b21327d735{ip: 192.168.5.161, host: pr-hdds-1569-zxpks-796972592, networkLocation: /default-rack, certSerialId: null}, Type:RATIS, Factor:ONE, State:OPEN]
2019-09-25 05:59:27,692 [grpc-default-executor-0] INFO  impl.RaftServerProxy (RaftServerProxy.java:addNew(89)) - f8d3684d-44eb-42fd-8c21-2b8ad1aff988: addNew group-D0FE1CB68504:[f8d3684d-44eb-42fd-8c21-2b8ad1aff988:192.168.5.161:44439] returns group-D0FE1CB68504:java.util.concurrent.CompletableFuture@39cf3e6b[Not completed]
2019-09-25 05:59:27,693 [pool-47-thread-1] INFO  impl.RaftServerImpl (RaftServerImpl.java:<init>(95)) - f8d3684d-44eb-42fd-8c21-2b8ad1aff988: new RaftServerImpl for group-D0FE1CB68504:[f8d3684d-44eb-42fd-8c21-2b8ad1aff988:192.168.5.161:44439] with ContainerStateMachine:uninitialized
2019-09-25 05:59:27,694 [pool-47-thread-1] INFO  server.RaftServerConfigKeys (ConfUtils.java:logGet(43)) - raft.server.rpc.timeout.min = 5s (custom)
2019-09-25 05:59:27,694 [pool-47-thread-1] INFO  server.RaftServerConfigKeys (ConfUtils.java:logGet(43)) - raft.server.rpc.timeout.max = 5200ms (custom)
2019-09-25 05:59:27,694 [pool-47-thread-1] INFO  server.RaftServerConfigKeys (ConfUtils.java:logGet(43)) - raft.server.rpcslowness.timeout = 120s (custom)
2019-09-25 05:59:27,694 [pool-47-thread-1] INFO  server.RaftServerConfigKeys (ConfUtils.java:logGet(43)) - raft.server.sleep.deviation.threshold = 300 (default)
2019-09-25 05:59:27,694 [pool-47-thread-1] INFO  server.RaftServerConfigKeys (ConfUtils.java:logGet(43)) - raft.server.log.appender.install.snapshot.enabled = false (custom)
2019-09-25 05:59:27,694 [pool-47-thread-1] INFO  impl.RaftServerImpl (ServerState.java:<init>(103)) - f8d3684d-44eb-42fd-8c21-2b8ad1aff988@group-D0FE1CB68504: ConfigurationManager, init=-1: [f8d3684d-44eb-42fd-8c21-2b8ad1aff988:192.168.5.161:44439], old=null, confs=<EMPTY_MAP>
2019-09-25 05:59:27,694 [pool-47-thread-1] INFO  server.RaftServerConfigKeys (ConfUtils.java:logGet(43)) - raft.server.storage.dir = [/workdir/hadoop-ozone/tools/target/test-dir/MiniOzoneClusterImpl-b88d8d95-70e9-47b8-bab6-e4df0797a5ce/datanode-2/data/ratis] (custom)
2019-09-25 05:59:27,695 [pool-47-thread-1] INFO  storage.RaftStorageDirectory (RaftStorageDirectory.java:analyzeStorage(246)) - The storage directory /workdir/hadoop-ozone/tools/target/test-dir/MiniOzoneClusterImpl-b88d8d95-70e9-47b8-bab6-e4df0797a5ce/datanode-2/data/ratis/955faecc-ec6e-4922-8e11-d0fe1cb68504 does not exist. Creating ...
2019-09-25 05:59:27,707 [pool-47-thread-1] INFO  storage.RaftStorageDirectory (RaftStorageDirectory.java:tryLock(328)) - Lock on /workdir/hadoop-ozone/tools/target/test-dir/MiniOzoneClusterImpl-b88d8d95-70e9-47b8-bab6-e4df0797a5ce/datanode-2/data/ratis/955faecc-ec6e-4922-8e11-d0fe1cb68504/in_use.lock acquired by nodename 27182@pr-hdds-1569-zxpks-796972592
2019-09-25 05:59:27,720 [pool-47-thread-1] INFO  storage.RaftStorage (RaftStorage.java:format(72)) - Storage directory /workdir/hadoop-ozone/tools/target/test-dir/MiniOzoneClusterImpl-b88d8d95-70e9-47b8-bab6-e4df0797a5ce/datanode-2/data/ratis/955faecc-ec6e-4922-8e11-d0fe1cb68504 has been successfully formatted.
2019-09-25 05:59:27,720 [pool-47-thread-1] INFO  ratis.ContainerStateMachine (ContainerStateMachine.java:loadSnapshot(230)) - group-D0FE1CB68504: The snapshot info is null. Setting the last applied indexto:(t:0, i:~)
2019-09-25 05:59:27,721 [pool-47-thread-1] INFO  server.RaftServerConfigKeys (ConfUtils.java:logGet(43)) - raft.server.notification.no-leader.timeout = 120s (custom)
2019-09-25 05:59:27,721 [pool-47-thread-1] INFO  server.RaftServerConfigKeys (ConfUtils.java:logGet(43)) - raft.server.log.use.memory = false (default)
2019-09-25 05:59:27,721 [pool-47-thread-1] INFO  server.RaftServerConfigKeys (ConfUtils.java:logGet(43)) - raft.server.log.purge.gap = 1000000 (custom)
2019-09-25 05:59:27,721 [pool-47-thread-1] INFO  server.RaftServerConfigKeys (ConfUtils.java:logGet(43)) - raft.server.log.appender.buffer.byte-limit = 33554432 (custom)
2019-09-25 05:59:27,721 [pool-47-thread-1] INFO  server.RaftServerConfigKeys (ConfUtils.java:logGet(43)) - raft.server.log.segment.size.max = 1048576 (custom)
2019-09-25 05:59:27,722 [pool-47-thread-1] INFO  server.RaftServerConfigKeys (ConfUtils.java:logGet(43)) - raft.server.log.segment.cache.num.max = 2 (custom)
2019-09-25 05:59:27,722 [pool-47-thread-1] INFO  segmented.SegmentedRaftLogWorker (SegmentedRaftLogWorker.java:<init>(172)) - new f8d3684d-44eb-42fd-8c21-2b8ad1aff988@group-D0FE1CB68504-SegmentedRaftLogWorker for RaftStorage:Storage Directory /workdir/hadoop-ozone/tools/target/test-dir/MiniOzoneClusterImpl-b88d8d95-70e9-47b8-bab6-e4df0797a5ce/datanode-2/data/ratis/955faecc-ec6e-4922-8e11-d0fe1cb68504
2019-09-25 05:59:27,722 [pool-47-thread-1] INFO  server.RaftServerConfigKeys (ConfUtils.java:logGet(43)) - raft.server.log.queue.byte-limit = 2147483647 (custom)
2019-09-25 05:59:27,722 [pool-47-thread-1] INFO  server.RaftServerConfigKeys (ConfUtils.java:logGet(43)) - raft.server.log.queue.element-limit = 1024 (custom)
2019-09-25 05:59:27,722 [pool-47-thread-1] INFO  server.RaftServerConfigKeys (ConfUtils.java:logGet(43)) - raft.server.log.segment.size.max = 1048576 (custom)
2019-09-25 05:59:27,723 [pool-47-thread-1] INFO  server.RaftServerConfigKeys (ConfUtils.java:logGet(43)) - raft.server.log.preallocated.size = 16384 (custom)
2019-09-25 05:59:27,723 [pool-47-thread-1] INFO  server.RaftServerConfigKeys (ConfUtils.java:logGet(43)) - raft.server.log.write.buffer.size = 33554432 (custom)
2019-09-25 05:59:27,723 [pool-47-thread-1] INFO  server.RaftServerConfigKeys (ConfUtils.java:logGet(43)) - raft.server.log.force.sync.num = 128 (default)
2019-09-25 05:59:27,723 [pool-47-thread-1] INFO  server.RaftServerConfigKeys (ConfUtils.java:logGet(43)) - raft.server.log.statemachine.data.sync = true (default)
2019-09-25 05:59:27,724 [pool-47-thread-1] INFO  server.RaftServerConfigKeys (ConfUtils.java:logGet(43)) - raft.server.log.statemachine.data.sync.timeout = 10s (default)
2019-09-25 05:59:27,724 [pool-47-thread-1] INFO  server.RaftServerConfigKeys (ConfUtils.java:logGet(43)) - raft.server.log.statemachine.data.sync.timeout.retry = -1 (default)
2019-09-25 05:59:27,724 [pool-47-thread-1] INFO  server.RaftServerConfigKeys (ConfUtils.java:logGet(43)) - raft.server.log.statemachine.data.caching.enabled = true (custom)
2019-09-25 05:59:27,724 [pool-47-thread-1] INFO  segmented.SegmentedRaftLogWorker (SegmentedRaftLogWorker.java:lambda$new$0(132)) - f8d3684d-44eb-42fd-8c21-2b8ad1aff988@group-D0FE1CB68504-SegmentedRaftLogWorker: flushIndex: setUnconditionally 0 -> -1
2019-09-25 05:59:27,735 [pool-47-thread-1] INFO  server.RaftServerConfigKeys (ConfUtils.java:logGet(43)) - raft.server.snapshot.auto.trigger.enabled = true (custom)
2019-09-25 05:59:27,735 [pool-47-thread-1] INFO  server.RaftServerConfigKeys (ConfUtils.java:logGet(43)) - raft.server.snapshot.auto.trigger.threshold = 10000 (custom)
2019-09-25 05:59:27,735 [pool-47-thread-1] INFO  server.RaftServerConfigKeys (ConfUtils.java:logGet(43)) - raft.server.snapshot.retention.num.files = 5 (custom)
2019-09-25 05:59:27,736 [pool-47-thread-1] INFO  server.RaftServerConfigKeys (ConfUtils.java:logGet(43)) - raft.server.retrycache.expirytime = 600000ms (custom)
2019-09-25 05:59:27,740 [pool-47-thread-1] INFO  impl.RaftServerImpl (RaftServerImpl.java:start(185)) - f8d3684d-44eb-42fd-8c21-2b8ad1aff988@group-D0FE1CB68504: start as a follower, conf=-1: [f8d3684d-44eb-42fd-8c21-2b8ad1aff988:192.168.5.161:44439], old=null
2019-09-25 05:59:27,740 [pool-47-thread-1] INFO  impl.RaftServerImpl (RaftServerImpl.java:setRole(174)) - f8d3684d-44eb-42fd-8c21-2b8ad1aff988@group-D0FE1CB68504: changes role from      null to FOLLOWER at term 0 for startAsFollower
2019-09-25 05:59:27,740 [pool-47-thread-1] INFO  impl.RoleInfo (RoleInfo.java:updateAndGet(143)) - f8d3684d-44eb-42fd-8c21-2b8ad1aff988: start FollowerState
2019-09-25 05:59:27,741 [pool-47-thread-1] INFO  util.JmxRegister (JmxRegister.java:tryRegister(44)) - Successfully registered JMX Bean with object name Ratis:service=RaftServer,group=group-D0FE1CB68504,id=f8d3684d-44eb-42fd-8c21-2b8ad1aff988
2019-09-25 05:59:27,747 [RatisPipelineUtilsThread] INFO  pipeline.PipelineStateManager (PipelineStateManager.java:addPipeline(56)) - Created pipeline Pipeline[ Id: 955faecc-ec6e-4922-8e11-d0fe1cb68504, Nodes: f8d3684d-44eb-42fd-8c21-2b8ad1aff988{ip: 192.168.5.161, host: pr-hdds-1569-zxpks-796972592, networkLocation: /default-rack, certSerialId: null}, Type:RATIS, Factor:ONE, State:OPEN]
2019-09-25 05:59:27,759 [grpc-default-executor-0] INFO  impl.RaftServerProxy (RaftServerProxy.java:addNew(89)) - f8d3684d-44eb-42fd-8c21-2b8ad1aff988: addNew group-407CDE55A7FD:[f8d3684d-44eb-42fd-8c21-2b8ad1aff988:192.168.5.161:44439] returns group-407CDE55A7FD:java.util.concurrent.CompletableFuture@669e0f41[Not completed]
2019-09-25 05:59:27,761 [pool-47-thread-1] INFO  impl.RaftServerImpl (RaftServerImpl.java:<init>(95)) - f8d3684d-44eb-42fd-8c21-2b8ad1aff988: new RaftServerImpl for group-407CDE55A7FD:[f8d3684d-44eb-42fd-8c21-2b8ad1aff988:192.168.5.161:44439] with ContainerStateMachine:uninitialized
2019-09-25 05:59:27,761 [pool-47-thread-1] INFO  server.RaftServerConfigKeys (ConfUtils.java:logGet(43)) - raft.server.rpc.timeout.min = 5s (custom)
2019-09-25 05:59:27,761 [pool-47-thread-1] INFO  server.RaftServerConfigKeys (ConfUtils.java:logGet(43)) - raft.server.rpc.timeout.max = 5200ms (custom)
2019-09-25 05:59:27,761 [pool-47-thread-1] INFO  server.RaftServerConfigKeys (ConfUtils.java:logGet(43)) - raft.server.rpcslowness.timeout = 120s (custom)
2019-09-25 05:59:27,762 [pool-47-thread-1] INFO  server.RaftServerConfigKeys (ConfUtils.java:logGet(43)) - raft.server.sleep.deviation.threshold = 300 (default)
2019-09-25 05:59:27,762 [pool-47-thread-1] INFO  server.RaftServerConfigKeys (ConfUtils.java:logGet(43)) - raft.server.log.appender.install.snapshot.enabled = false (custom)
2019-09-25 05:59:27,762 [pool-47-thread-1] INFO  impl.RaftServerImpl (ServerState.java:<init>(103)) - f8d3684d-44eb-42fd-8c21-2b8ad1aff988@group-407CDE55A7FD: ConfigurationManager, init=-1: [f8d3684d-44eb-42fd-8c21-2b8ad1aff988:192.168.5.161:44439], old=null, confs=<EMPTY_MAP>
2019-09-25 05:59:27,762 [pool-47-thread-1] INFO  server.RaftServerConfigKeys (ConfUtils.java:logGet(43)) - raft.server.storage.dir = [/workdir/hadoop-ozone/tools/target/test-dir/MiniOzoneClusterImpl-b88d8d95-70e9-47b8-bab6-e4df0797a5ce/datanode-2/data/ratis] (custom)
2019-09-25 05:59:27,763 [pool-47-thread-1] INFO  storage.RaftStorageDirectory (RaftStorageDirectory.java:analyzeStorage(246)) - The storage directory /workdir/hadoop-ozone/tools/target/test-dir/MiniOzoneClusterImpl-b88d8d95-70e9-47b8-bab6-e4df0797a5ce/datanode-2/data/ratis/24596f1a-0484-4514-b931-407cde55a7fd does not exist. Creating ...
2019-09-25 05:59:27,775 [pool-47-thread-1] INFO  storage.RaftStorageDirectory (RaftStorageDirectory.java:tryLock(328)) - Lock on /workdir/hadoop-ozone/tools/target/test-dir/MiniOzoneClusterImpl-b88d8d95-70e9-47b8-bab6-e4df0797a5ce/datanode-2/data/ratis/24596f1a-0484-4514-b931-407cde55a7fd/in_use.lock acquired by nodename 27182@pr-hdds-1569-zxpks-796972592
2019-09-25 05:59:27,788 [pool-47-thread-1] INFO  storage.RaftStorage (RaftStorage.java:format(72)) - Storage directory /workdir/hadoop-ozone/tools/target/test-dir/MiniOzoneClusterImpl-b88d8d95-70e9-47b8-bab6-e4df0797a5ce/datanode-2/data/ratis/24596f1a-0484-4514-b931-407cde55a7fd has been successfully formatted.
2019-09-25 05:59:27,789 [pool-47-thread-1] INFO  ratis.ContainerStateMachine (ContainerStateMachine.java:loadSnapshot(230)) - group-407CDE55A7FD: The snapshot info is null. Setting the last applied indexto:(t:0, i:~)
2019-09-25 05:59:27,789 [pool-47-thread-1] INFO  server.RaftServerConfigKeys (ConfUtils.java:logGet(43)) - raft.server.notification.no-leader.timeout = 120s (custom)
2019-09-25 05:59:27,789 [pool-47-thread-1] INFO  server.RaftServerConfigKeys (ConfUtils.java:logGet(43)) - raft.server.log.use.memory = false (default)
2019-09-25 05:59:27,789 [pool-47-thread-1] INFO  server.RaftServerConfigKeys (ConfUtils.java:logGet(43)) - raft.server.log.purge.gap = 1000000 (custom)
2019-09-25 05:59:27,790 [pool-47-thread-1] INFO  server.RaftServerConfigKeys (ConfUtils.java:logGet(43)) - raft.server.log.appender.buffer.byte-limit = 33554432 (custom)
2019-09-25 05:59:27,790 [pool-47-thread-1] INFO  server.RaftServerConfigKeys (ConfUtils.java:logGet(43)) - raft.server.log.segment.size.max = 1048576 (custom)
2019-09-25 05:59:27,790 [pool-47-thread-1] INFO  server.RaftServerConfigKeys (ConfUtils.java:logGet(43)) - raft.server.log.segment.cache.num.max = 2 (custom)
2019-09-25 05:59:27,790 [pool-47-thread-1] INFO  segmented.SegmentedRaftLogWorker (SegmentedRaftLogWorker.java:<init>(172)) - new f8d3684d-44eb-42fd-8c21-2b8ad1aff988@group-407CDE55A7FD-SegmentedRaftLogWorker for RaftStorage:Storage Directory /workdir/hadoop-ozone/tools/target/test-dir/MiniOzoneClusterImpl-b88d8d95-70e9-47b8-bab6-e4df0797a5ce/datanode-2/data/ratis/24596f1a-0484-4514-b931-407cde55a7fd
2019-09-25 05:59:27,790 [pool-47-thread-1] INFO  server.RaftServerConfigKeys (ConfUtils.java:logGet(43)) - raft.server.log.queue.byte-limit = 2147483647 (custom)
2019-09-25 05:59:27,790 [pool-47-thread-1] INFO  server.RaftServerConfigKeys (ConfUtils.java:logGet(43)) - raft.server.log.queue.element-limit = 1024 (custom)
2019-09-25 05:59:27,791 [pool-47-thread-1] INFO  server.RaftServerConfigKeys (ConfUtils.java:logGet(43)) - raft.server.log.segment.size.max = 1048576 (custom)
2019-09-25 05:59:27,791 [pool-47-thread-1] INFO  server.RaftServerConfigKeys (ConfUtils.java:logGet(43)) - raft.server.log.preallocated.size = 16384 (custom)
2019-09-25 05:59:27,791 [pool-47-thread-1] INFO  server.RaftServerConfigKeys (ConfUtils.java:logGet(43)) - raft.server.log.write.buffer.size = 33554432 (custom)
2019-09-25 05:59:27,791 [pool-47-thread-1] INFO  server.RaftServerConfigKeys (ConfUtils.java:logGet(43)) - raft.server.log.force.sync.num = 128 (default)
2019-09-25 05:59:27,791 [pool-47-thread-1] INFO  server.RaftServerConfigKeys (ConfUtils.java:logGet(43)) - raft.server.log.statemachine.data.sync = true (default)
2019-09-25 05:59:27,791 [pool-47-thread-1] INFO  server.RaftServerConfigKeys (ConfUtils.java:logGet(43)) - raft.server.log.statemachine.data.sync.timeout = 10s (default)
2019-09-25 05:59:27,792 [pool-47-thread-1] INFO  server.RaftServerConfigKeys (ConfUtils.java:logGet(43)) - raft.server.log.statemachine.data.sync.timeout.retry = -1 (default)
2019-09-25 05:59:27,792 [pool-47-thread-1] INFO  server.RaftServerConfigKeys (ConfUtils.java:logGet(43)) - raft.server.log.statemachine.data.caching.enabled = true (custom)
2019-09-25 05:59:27,792 [pool-47-thread-1] INFO  segmented.SegmentedRaftLogWorker (SegmentedRaftLogWorker.java:lambda$new$0(132)) - f8d3684d-44eb-42fd-8c21-2b8ad1aff988@group-407CDE55A7FD-SegmentedRaftLogWorker: flushIndex: setUnconditionally 0 -> -1
2019-09-25 05:59:27,792 [IPC Server handler 4 on 46149] INFO  volume.OMVolumeCreateRequest (OMVolumeCreateRequest.java:validateAndUpdateCache(189)) - created volume:vol-0-04350 for user:jenkins1000
2019-09-25 05:59:27,793 [pool-47-thread-1] INFO  server.RaftServerConfigKeys (ConfUtils.java:logGet(43)) - raft.server.snapshot.auto.trigger.enabled = true (custom)
2019-09-25 05:59:27,793 [pool-47-thread-1] INFO  server.RaftServerConfigKeys (ConfUtils.java:logGet(43)) - raft.server.snapshot.auto.trigger.threshold = 10000 (custom)
2019-09-25 05:59:27,793 [pool-47-thread-1] INFO  server.RaftServerConfigKeys (ConfUtils.java:logGet(43)) - raft.server.snapshot.retention.num.files = 5 (custom)
2019-09-25 05:59:27,793 [pool-47-thread-1] INFO  server.RaftServerConfigKeys (ConfUtils.java:logGet(43)) - raft.server.retrycache.expirytime = 600000ms (custom)
2019-09-25 05:59:27,797 [pool-47-thread-1] INFO  impl.RaftServerImpl (RaftServerImpl.java:start(185)) - f8d3684d-44eb-42fd-8c21-2b8ad1aff988@group-407CDE55A7FD: start as a follower, conf=-1: [f8d3684d-44eb-42fd-8c21-2b8ad1aff988:192.168.5.161:44439], old=null
2019-09-25 05:59:27,797 [pool-47-thread-1] INFO  impl.RaftServerImpl (RaftServerImpl.java:setRole(174)) - f8d3684d-44eb-42fd-8c21-2b8ad1aff988@group-407CDE55A7FD: changes role from      null to FOLLOWER at term 0 for startAsFollower
2019-09-25 05:59:27,797 [pool-47-thread-1] INFO  impl.RoleInfo (RoleInfo.java:updateAndGet(143)) - f8d3684d-44eb-42fd-8c21-2b8ad1aff988: start FollowerState
2019-09-25 05:59:27,797 [pool-47-thread-1] INFO  util.JmxRegister (JmxRegister.java:tryRegister(44)) - Successfully registered JMX Bean with object name Ratis:service=RaftServer,group=group-407CDE55A7FD,id=f8d3684d-44eb-42fd-8c21-2b8ad1aff988
2019-09-25 05:59:27,803 [RatisPipelineUtilsThread] INFO  pipeline.PipelineStateManager (PipelineStateManager.java:addPipeline(56)) - Created pipeline Pipeline[ Id: 24596f1a-0484-4514-b931-407cde55a7fd, Nodes: f8d3684d-44eb-42fd-8c21-2b8ad1aff988{ip: 192.168.5.161, host: pr-hdds-1569-zxpks-796972592, networkLocation: /default-rack, certSerialId: null}, Type:RATIS, Factor:ONE, State:OPEN]
2019-09-25 05:59:27,823 [grpc-default-executor-0] INFO  impl.RaftServerProxy (RaftServerProxy.java:addNew(89)) - 327d7864-9593-4c84-9c3b-d4b21327d735: addNew group-45A385AAD702:[327d7864-9593-4c84-9c3b-d4b21327d735:192.168.5.161:39744] returns group-45A385AAD702:java.util.concurrent.CompletableFuture@6fb46d55[Not completed]
2019-09-25 05:59:27,825 [pool-67-thread-1] INFO  impl.RaftServerImpl (RaftServerImpl.java:<init>(95)) - 327d7864-9593-4c84-9c3b-d4b21327d735: new RaftServerImpl for group-45A385AAD702:[327d7864-9593-4c84-9c3b-d4b21327d735:192.168.5.161:39744] with ContainerStateMachine:uninitialized
2019-09-25 05:59:27,825 [pool-67-thread-1] INFO  server.RaftServerConfigKeys (ConfUtils.java:logGet(43)) - raft.server.rpc.timeout.min = 5s (custom)
2019-09-25 05:59:27,825 [pool-67-thread-1] INFO  server.RaftServerConfigKeys (ConfUtils.java:logGet(43)) - raft.server.rpc.timeout.max = 5200ms (custom)
2019-09-25 05:59:27,825 [pool-67-thread-1] INFO  server.RaftServerConfigKeys (ConfUtils.java:logGet(43)) - raft.server.rpcslowness.timeout = 120s (custom)
2019-09-25 05:59:27,825 [pool-67-thread-1] INFO  server.RaftServerConfigKeys (ConfUtils.java:logGet(43)) - raft.server.sleep.deviation.threshold = 300 (default)
2019-09-25 05:59:27,825 [pool-67-thread-1] INFO  server.RaftServerConfigKeys (ConfUtils.java:logGet(43)) - raft.server.log.appender.install.snapshot.enabled = false (custom)
2019-09-25 05:59:27,825 [pool-67-thread-1] INFO  impl.RaftServerImpl (ServerState.java:<init>(103)) - 327d7864-9593-4c84-9c3b-d4b21327d735@group-45A385AAD702: ConfigurationManager, init=-1: [327d7864-9593-4c84-9c3b-d4b21327d735:192.168.5.161:39744], old=null, confs=<EMPTY_MAP>
2019-09-25 05:59:27,826 [pool-67-thread-1] INFO  server.RaftServerConfigKeys (ConfUtils.java:logGet(43)) - raft.server.storage.dir = [/workdir/hadoop-ozone/tools/target/test-dir/MiniOzoneClusterImpl-b88d8d95-70e9-47b8-bab6-e4df0797a5ce/datanode-4/data/ratis] (custom)
2019-09-25 05:59:27,826 [pool-67-thread-1] INFO  storage.RaftStorageDirectory (RaftStorageDirectory.java:analyzeStorage(246)) - The storage directory /workdir/hadoop-ozone/tools/target/test-dir/MiniOzoneClusterImpl-b88d8d95-70e9-47b8-bab6-e4df0797a5ce/datanode-4/data/ratis/01535286-ed9a-48ce-a957-45a385aad702 does not exist. Creating ...
2019-09-25 05:59:27,827 [pool-73-thread-2] INFO  rpc.RpcClient (RpcClient.java:createBucket(415)) - Creating Bucket: vol-0-04350/bucket-0-25774, with Versioning false and Storage Type set to DISK and Encryption set to false 
2019-09-25 05:59:27,841 [pool-67-thread-1] INFO  storage.RaftStorageDirectory (RaftStorageDirectory.java:tryLock(328)) - Lock on /workdir/hadoop-ozone/tools/target/test-dir/MiniOzoneClusterImpl-b88d8d95-70e9-47b8-bab6-e4df0797a5ce/datanode-4/data/ratis/01535286-ed9a-48ce-a957-45a385aad702/in_use.lock acquired by nodename 27182@pr-hdds-1569-zxpks-796972592
2019-09-25 05:59:27,859 [pool-67-thread-1] INFO  storage.RaftStorage (RaftStorage.java:format(72)) - Storage directory /workdir/hadoop-ozone/tools/target/test-dir/MiniOzoneClusterImpl-b88d8d95-70e9-47b8-bab6-e4df0797a5ce/datanode-4/data/ratis/01535286-ed9a-48ce-a957-45a385aad702 has been successfully formatted.
2019-09-25 05:59:27,859 [pool-67-thread-1] INFO  ratis.ContainerStateMachine (ContainerStateMachine.java:loadSnapshot(230)) - group-45A385AAD702: The snapshot info is null. Setting the last applied indexto:(t:0, i:~)
2019-09-25 05:59:27,859 [pool-67-thread-1] INFO  server.RaftServerConfigKeys (ConfUtils.java:logGet(43)) - raft.server.notification.no-leader.timeout = 120s (custom)
2019-09-25 05:59:27,859 [pool-67-thread-1] INFO  server.RaftServerConfigKeys (ConfUtils.java:logGet(43)) - raft.server.log.use.memory = false (default)
2019-09-25 05:59:27,860 [pool-67-thread-1] INFO  server.RaftServerConfigKeys (ConfUtils.java:logGet(43)) - raft.server.log.purge.gap = 1000000 (custom)
2019-09-25 05:59:27,860 [pool-67-thread-1] INFO  server.RaftServerConfigKeys (ConfUtils.java:logGet(43)) - raft.server.log.appender.buffer.byte-limit = 33554432 (custom)
2019-09-25 05:59:27,860 [pool-67-thread-1] INFO  server.RaftServerConfigKeys (ConfUtils.java:logGet(43)) - raft.server.log.segment.size.max = 1048576 (custom)
2019-09-25 05:59:27,860 [pool-67-thread-1] INFO  server.RaftServerConfigKeys (ConfUtils.java:logGet(43)) - raft.server.log.segment.cache.num.max = 2 (custom)
2019-09-25 05:59:27,860 [pool-67-thread-1] INFO  segmented.SegmentedRaftLogWorker (SegmentedRaftLogWorker.java:<init>(172)) - new 327d7864-9593-4c84-9c3b-d4b21327d735@group-45A385AAD702-SegmentedRaftLogWorker for RaftStorage:Storage Directory /workdir/hadoop-ozone/tools/target/test-dir/MiniOzoneClusterImpl-b88d8d95-70e9-47b8-bab6-e4df0797a5ce/datanode-4/data/ratis/01535286-ed9a-48ce-a957-45a385aad702
2019-09-25 05:59:27,860 [pool-67-thread-1] INFO  server.RaftServerConfigKeys (ConfUtils.java:logGet(43)) - raft.server.log.queue.byte-limit = 2147483647 (custom)
2019-09-25 05:59:27,861 [pool-67-thread-1] INFO  server.RaftServerConfigKeys (ConfUtils.java:logGet(43)) - raft.server.log.queue.element-limit = 1024 (custom)
2019-09-25 05:59:27,861 [pool-67-thread-1] INFO  server.RaftServerConfigKeys (ConfUtils.java:logGet(43)) - raft.server.log.segment.size.max = 1048576 (custom)
2019-09-25 05:59:27,861 [pool-67-thread-1] INFO  server.RaftServerConfigKeys (ConfUtils.java:logGet(43)) - raft.server.log.preallocated.size = 16384 (custom)
2019-09-25 05:59:27,861 [pool-67-thread-1] INFO  server.RaftServerConfigKeys (ConfUtils.java:logGet(43)) - raft.server.log.write.buffer.size = 33554432 (custom)
2019-09-25 05:59:27,861 [pool-67-thread-1] INFO  server.RaftServerConfigKeys (ConfUtils.java:logGet(43)) - raft.server.log.force.sync.num = 128 (default)
2019-09-25 05:59:27,861 [pool-67-thread-1] INFO  server.RaftServerConfigKeys (ConfUtils.java:logGet(43)) - raft.server.log.statemachine.data.sync = true (default)
2019-09-25 05:59:27,861 [pool-67-thread-1] INFO  server.RaftServerConfigKeys (ConfUtils.java:logGet(43)) - raft.server.log.statemachine.data.sync.timeout = 10s (default)
2019-09-25 05:59:27,862 [pool-67-thread-1] INFO  server.RaftServerConfigKeys (ConfUtils.java:logGet(43)) - raft.server.log.statemachine.data.sync.timeout.retry = -1 (default)
2019-09-25 05:59:27,862 [pool-67-thread-1] INFO  server.RaftServerConfigKeys (ConfUtils.java:logGet(43)) - raft.server.log.statemachine.data.caching.enabled = true (custom)
2019-09-25 05:59:27,862 [pool-67-thread-1] INFO  segmented.SegmentedRaftLogWorker (SegmentedRaftLogWorker.java:lambda$new$0(132)) - 327d7864-9593-4c84-9c3b-d4b21327d735@group-45A385AAD702-SegmentedRaftLogWorker: flushIndex: setUnconditionally 0 -> -1
2019-09-25 05:59:27,862 [pool-67-thread-1] INFO  server.RaftServerConfigKeys (ConfUtils.java:logGet(43)) - raft.server.snapshot.auto.trigger.enabled = true (custom)
2019-09-25 05:59:27,863 [pool-67-thread-1] INFO  server.RaftServerConfigKeys (ConfUtils.java:logGet(43)) - raft.server.snapshot.auto.trigger.threshold = 10000 (custom)
2019-09-25 05:59:27,863 [pool-67-thread-1] INFO  server.RaftServerConfigKeys (ConfUtils.java:logGet(43)) - raft.server.snapshot.retention.num.files = 5 (custom)
2019-09-25 05:59:27,863 [pool-67-thread-1] INFO  server.RaftServerConfigKeys (ConfUtils.java:logGet(43)) - raft.server.retrycache.expirytime = 600000ms (custom)
2019-09-25 05:59:27,867 [pool-67-thread-1] INFO  impl.RaftServerImpl (RaftServerImpl.java:start(185)) - 327d7864-9593-4c84-9c3b-d4b21327d735@group-45A385AAD702: start as a follower, conf=-1: [327d7864-9593-4c84-9c3b-d4b21327d735:192.168.5.161:39744], old=null
2019-09-25 05:59:27,867 [pool-67-thread-1] INFO  impl.RaftServerImpl (RaftServerImpl.java:setRole(174)) - 327d7864-9593-4c84-9c3b-d4b21327d735@group-45A385AAD702: changes role from      null to FOLLOWER at term 0 for startAsFollower
2019-09-25 05:59:27,867 [pool-67-thread-1] INFO  impl.RoleInfo (RoleInfo.java:updateAndGet(143)) - 327d7864-9593-4c84-9c3b-d4b21327d735: start FollowerState
2019-09-25 05:59:27,867 [pool-67-thread-1] INFO  util.JmxRegister (JmxRegister.java:tryRegister(44)) - Successfully registered JMX Bean with object name Ratis:service=RaftServer,group=group-45A385AAD702,id=327d7864-9593-4c84-9c3b-d4b21327d735
2019-09-25 05:59:27,872 [RatisPipelineUtilsThread] INFO  pipeline.PipelineStateManager (PipelineStateManager.java:addPipeline(56)) - Created pipeline Pipeline[ Id: 01535286-ed9a-48ce-a957-45a385aad702, Nodes: 327d7864-9593-4c84-9c3b-d4b21327d735{ip: 192.168.5.161, host: pr-hdds-1569-zxpks-796972592, networkLocation: /default-rack, certSerialId: null}, Type:RATIS, Factor:ONE, State:OPEN]
2019-09-25 05:59:27,896 [grpc-default-executor-0] INFO  impl.RaftServerProxy (RaftServerProxy.java:addNew(89)) - f8d3684d-44eb-42fd-8c21-2b8ad1aff988: addNew group-A6E8770305BB:[f8d3684d-44eb-42fd-8c21-2b8ad1aff988:192.168.5.161:44439] returns group-A6E8770305BB:java.util.concurrent.CompletableFuture@22b61fa0[Not completed]
2019-09-25 05:59:27,897 [pool-47-thread-1] INFO  impl.RaftServerImpl (RaftServerImpl.java:<init>(95)) - f8d3684d-44eb-42fd-8c21-2b8ad1aff988: new RaftServerImpl for group-A6E8770305BB:[f8d3684d-44eb-42fd-8c21-2b8ad1aff988:192.168.5.161:44439] with ContainerStateMachine:uninitialized
2019-09-25 05:59:27,898 [pool-47-thread-1] INFO  server.RaftServerConfigKeys (ConfUtils.java:logGet(43)) - raft.server.rpc.timeout.min = 5s (custom)
2019-09-25 05:59:27,898 [pool-47-thread-1] INFO  server.RaftServerConfigKeys (ConfUtils.java:logGet(43)) - raft.server.rpc.timeout.max = 5200ms (custom)
2019-09-25 05:59:27,898 [pool-47-thread-1] INFO  server.RaftServerConfigKeys (ConfUtils.java:logGet(43)) - raft.server.rpcslowness.timeout = 120s (custom)
2019-09-25 05:59:27,898 [pool-47-thread-1] INFO  server.RaftServerConfigKeys (ConfUtils.java:logGet(43)) - raft.server.sleep.deviation.threshold = 300 (default)
2019-09-25 05:59:27,898 [pool-47-thread-1] INFO  server.RaftServerConfigKeys (ConfUtils.java:logGet(43)) - raft.server.log.appender.install.snapshot.enabled = false (custom)
2019-09-25 05:59:27,898 [pool-47-thread-1] INFO  impl.RaftServerImpl (ServerState.java:<init>(103)) - f8d3684d-44eb-42fd-8c21-2b8ad1aff988@group-A6E8770305BB: ConfigurationManager, init=-1: [f8d3684d-44eb-42fd-8c21-2b8ad1aff988:192.168.5.161:44439], old=null, confs=<EMPTY_MAP>
2019-09-25 05:59:27,899 [pool-47-thread-1] INFO  server.RaftServerConfigKeys (ConfUtils.java:logGet(43)) - raft.server.storage.dir = [/workdir/hadoop-ozone/tools/target/test-dir/MiniOzoneClusterImpl-b88d8d95-70e9-47b8-bab6-e4df0797a5ce/datanode-2/data/ratis] (custom)
2019-09-25 05:59:27,899 [pool-47-thread-1] INFO  storage.RaftStorageDirectory (RaftStorageDirectory.java:analyzeStorage(246)) - The storage directory /workdir/hadoop-ozone/tools/target/test-dir/MiniOzoneClusterImpl-b88d8d95-70e9-47b8-bab6-e4df0797a5ce/datanode-2/data/ratis/95fa515f-8a7a-4fd5-9d65-a6e8770305bb does not exist. Creating ...
2019-09-25 05:59:28,308 [pool-47-thread-1] INFO  storage.RaftStorageDirectory (RaftStorageDirectory.java:tryLock(328)) - Lock on /workdir/hadoop-ozone/tools/target/test-dir/MiniOzoneClusterImpl-b88d8d95-70e9-47b8-bab6-e4df0797a5ce/datanode-2/data/ratis/95fa515f-8a7a-4fd5-9d65-a6e8770305bb/in_use.lock acquired by nodename 27182@pr-hdds-1569-zxpks-796972592
2019-09-25 05:59:28,329 [pool-47-thread-1] INFO  storage.RaftStorage (RaftStorage.java:format(72)) - Storage directory /workdir/hadoop-ozone/tools/target/test-dir/MiniOzoneClusterImpl-b88d8d95-70e9-47b8-bab6-e4df0797a5ce/datanode-2/data/ratis/95fa515f-8a7a-4fd5-9d65-a6e8770305bb has been successfully formatted.
2019-09-25 05:59:28,332 [pool-47-thread-1] INFO  ratis.ContainerStateMachine (ContainerStateMachine.java:loadSnapshot(230)) - group-A6E8770305BB: The snapshot info is null. Setting the last applied indexto:(t:0, i:~)
2019-09-25 05:59:28,332 [pool-47-thread-1] INFO  server.RaftServerConfigKeys (ConfUtils.java:logGet(43)) - raft.server.notification.no-leader.timeout = 120s (custom)
2019-09-25 05:59:28,332 [pool-47-thread-1] INFO  server.RaftServerConfigKeys (ConfUtils.java:logGet(43)) - raft.server.log.use.memory = false (default)
2019-09-25 05:59:28,333 [pool-47-thread-1] INFO  server.RaftServerConfigKeys (ConfUtils.java:logGet(43)) - raft.server.log.purge.gap = 1000000 (custom)
2019-09-25 05:59:28,333 [pool-47-thread-1] INFO  server.RaftServerConfigKeys (ConfUtils.java:logGet(43)) - raft.server.log.appender.buffer.byte-limit = 33554432 (custom)
2019-09-25 05:59:28,333 [pool-47-thread-1] INFO  server.RaftServerConfigKeys (ConfUtils.java:logGet(43)) - raft.server.log.segment.size.max = 1048576 (custom)
2019-09-25 05:59:28,333 [pool-47-thread-1] INFO  server.RaftServerConfigKeys (ConfUtils.java:logGet(43)) - raft.server.log.segment.cache.num.max = 2 (custom)
2019-09-25 05:59:28,334 [pool-47-thread-1] INFO  segmented.SegmentedRaftLogWorker (SegmentedRaftLogWorker.java:<init>(172)) - new f8d3684d-44eb-42fd-8c21-2b8ad1aff988@group-A6E8770305BB-SegmentedRaftLogWorker for RaftStorage:Storage Directory /workdir/hadoop-ozone/tools/target/test-dir/MiniOzoneClusterImpl-b88d8d95-70e9-47b8-bab6-e4df0797a5ce/datanode-2/data/ratis/95fa515f-8a7a-4fd5-9d65-a6e8770305bb
2019-09-25 05:59:28,334 [pool-47-thread-1] INFO  server.RaftServerConfigKeys (ConfUtils.java:logGet(43)) - raft.server.log.queue.byte-limit = 2147483647 (custom)
2019-09-25 05:59:28,334 [pool-47-thread-1] INFO  server.RaftServerConfigKeys (ConfUtils.java:logGet(43)) - raft.server.log.queue.element-limit = 1024 (custom)
2019-09-25 05:59:28,335 [pool-47-thread-1] INFO  server.RaftServerConfigKeys (ConfUtils.java:logGet(43)) - raft.server.log.segment.size.max = 1048576 (custom)
2019-09-25 05:59:28,335 [pool-47-thread-1] INFO  server.RaftServerConfigKeys (ConfUtils.java:logGet(43)) - raft.server.log.preallocated.size = 16384 (custom)
2019-09-25 05:59:28,335 [pool-47-thread-1] INFO  server.RaftServerConfigKeys (ConfUtils.java:logGet(43)) - raft.server.log.write.buffer.size = 33554432 (custom)
2019-09-25 05:59:28,335 [pool-47-thread-1] INFO  server.RaftServerConfigKeys (ConfUtils.java:logGet(43)) - raft.server.log.force.sync.num = 128 (default)
2019-09-25 05:59:28,335 [pool-47-thread-1] INFO  server.RaftServerConfigKeys (ConfUtils.java:logGet(43)) - raft.server.log.statemachine.data.sync = true (default)
2019-09-25 05:59:28,336 [pool-47-thread-1] INFO  server.RaftServerConfigKeys (ConfUtils.java:logGet(43)) - raft.server.log.statemachine.data.sync.timeout = 10s (default)
2019-09-25 05:59:28,336 [pool-47-thread-1] INFO  server.RaftServerConfigKeys (ConfUtils.java:logGet(43)) - raft.server.log.statemachine.data.sync.timeout.retry = -1 (default)
2019-09-25 05:59:28,336 [pool-47-thread-1] INFO  server.RaftServerConfigKeys (ConfUtils.java:logGet(43)) - raft.server.log.statemachine.data.caching.enabled = true (custom)
2019-09-25 05:59:28,337 [pool-47-thread-1] INFO  segmented.SegmentedRaftLogWorker (SegmentedRaftLogWorker.java:lambda$new$0(132)) - f8d3684d-44eb-42fd-8c21-2b8ad1aff988@group-A6E8770305BB-SegmentedRaftLogWorker: flushIndex: setUnconditionally 0 -> -1
2019-09-25 05:59:28,337 [pool-47-thread-1] INFO  server.RaftServerConfigKeys (ConfUtils.java:logGet(43)) - raft.server.snapshot.auto.trigger.enabled = true (custom)
2019-09-25 05:59:28,338 [pool-47-thread-1] INFO  server.RaftServerConfigKeys (ConfUtils.java:logGet(43)) - raft.server.snapshot.auto.trigger.threshold = 10000 (custom)
2019-09-25 05:59:28,340 [pool-47-thread-1] INFO  server.RaftServerConfigKeys (ConfUtils.java:logGet(43)) - raft.server.snapshot.retention.num.files = 5 (custom)
2019-09-25 05:59:28,340 [pool-47-thread-1] INFO  server.RaftServerConfigKeys (ConfUtils.java:logGet(43)) - raft.server.retrycache.expirytime = 600000ms (custom)
2019-09-25 05:59:28,346 [pool-47-thread-1] INFO  impl.RaftServerImpl (RaftServerImpl.java:start(185)) - f8d3684d-44eb-42fd-8c21-2b8ad1aff988@group-A6E8770305BB: start as a follower, conf=-1: [f8d3684d-44eb-42fd-8c21-2b8ad1aff988:192.168.5.161:44439], old=null
2019-09-25 05:59:28,347 [pool-47-thread-1] INFO  impl.RaftServerImpl (RaftServerImpl.java:setRole(174)) - f8d3684d-44eb-42fd-8c21-2b8ad1aff988@group-A6E8770305BB: changes role from      null to FOLLOWER at term 0 for startAsFollower
2019-09-25 05:59:28,347 [pool-47-thread-1] INFO  impl.RoleInfo (RoleInfo.java:updateAndGet(143)) - f8d3684d-44eb-42fd-8c21-2b8ad1aff988: start FollowerState
2019-09-25 05:59:28,353 [pool-47-thread-1] INFO  util.JmxRegister (JmxRegister.java:tryRegister(44)) - Successfully registered JMX Bean with object name Ratis:service=RaftServer,group=group-A6E8770305BB,id=f8d3684d-44eb-42fd-8c21-2b8ad1aff988
2019-09-25 05:59:28,369 [RatisPipelineUtilsThread] INFO  pipeline.PipelineStateManager (PipelineStateManager.java:addPipeline(56)) - Created pipeline Pipeline[ Id: 95fa515f-8a7a-4fd5-9d65-a6e8770305bb, Nodes: f8d3684d-44eb-42fd-8c21-2b8ad1aff988{ip: 192.168.5.161, host: pr-hdds-1569-zxpks-796972592, networkLocation: /default-rack, certSerialId: null}, Type:RATIS, Factor:ONE, State:OPEN]
2019-09-25 05:59:28,381 [grpc-default-executor-0] INFO  impl.RaftServerProxy (RaftServerProxy.java:addNew(89)) - a70ebb95-9827-4ee9-872e-51470ad9f886: addNew group-F77AF6C13477:[a70ebb95-9827-4ee9-872e-51470ad9f886:192.168.5.161:38094] returns group-F77AF6C13477:java.util.concurrent.CompletableFuture@17ee7d[Not completed]
2019-09-25 05:59:28,383 [pool-37-thread-1] INFO  impl.RaftServerImpl (RaftServerImpl.java:<init>(95)) - a70ebb95-9827-4ee9-872e-51470ad9f886: new RaftServerImpl for group-F77AF6C13477:[a70ebb95-9827-4ee9-872e-51470ad9f886:192.168.5.161:38094] with ContainerStateMachine:uninitialized
2019-09-25 05:59:28,383 [pool-37-thread-1] INFO  server.RaftServerConfigKeys (ConfUtils.java:logGet(43)) - raft.server.rpc.timeout.min = 5s (custom)
2019-09-25 05:59:28,383 [pool-37-thread-1] INFO  server.RaftServerConfigKeys (ConfUtils.java:logGet(43)) - raft.server.rpc.timeout.max = 5200ms (custom)
2019-09-25 05:59:28,383 [pool-37-thread-1] INFO  server.RaftServerConfigKeys (ConfUtils.java:logGet(43)) - raft.server.rpcslowness.timeout = 120s (custom)
2019-09-25 05:59:28,383 [pool-37-thread-1] INFO  server.RaftServerConfigKeys (ConfUtils.java:logGet(43)) - raft.server.sleep.deviation.threshold = 300 (default)
2019-09-25 05:59:28,383 [pool-37-thread-1] INFO  server.RaftServerConfigKeys (ConfUtils.java:logGet(43)) - raft.server.log.appender.install.snapshot.enabled = false (custom)
2019-09-25 05:59:28,383 [pool-37-thread-1] INFO  impl.RaftServerImpl (ServerState.java:<init>(103)) - a70ebb95-9827-4ee9-872e-51470ad9f886@group-F77AF6C13477: ConfigurationManager, init=-1: [a70ebb95-9827-4ee9-872e-51470ad9f886:192.168.5.161:38094], old=null, confs=<EMPTY_MAP>
2019-09-25 05:59:28,384 [pool-37-thread-1] INFO  server.RaftServerConfigKeys (ConfUtils.java:logGet(43)) - raft.server.storage.dir = [/workdir/hadoop-ozone/tools/target/test-dir/MiniOzoneClusterImpl-b88d8d95-70e9-47b8-bab6-e4df0797a5ce/datanode-1/data/ratis] (custom)
2019-09-25 05:59:28,384 [pool-37-thread-1] INFO  storage.RaftStorageDirectory (RaftStorageDirectory.java:analyzeStorage(246)) - The storage directory /workdir/hadoop-ozone/tools/target/test-dir/MiniOzoneClusterImpl-b88d8d95-70e9-47b8-bab6-e4df0797a5ce/datanode-1/data/ratis/f971c09c-90aa-4f7b-ba36-f77af6c13477 does not exist. Creating ...
2019-09-25 05:59:28,397 [pool-37-thread-1] INFO  storage.RaftStorageDirectory (RaftStorageDirectory.java:tryLock(328)) - Lock on /workdir/hadoop-ozone/tools/target/test-dir/MiniOzoneClusterImpl-b88d8d95-70e9-47b8-bab6-e4df0797a5ce/datanode-1/data/ratis/f971c09c-90aa-4f7b-ba36-f77af6c13477/in_use.lock acquired by nodename 27182@pr-hdds-1569-zxpks-796972592
2019-09-25 05:59:28,410 [pool-37-thread-1] INFO  storage.RaftStorage (RaftStorage.java:format(72)) - Storage directory /workdir/hadoop-ozone/tools/target/test-dir/MiniOzoneClusterImpl-b88d8d95-70e9-47b8-bab6-e4df0797a5ce/datanode-1/data/ratis/f971c09c-90aa-4f7b-ba36-f77af6c13477 has been successfully formatted.
2019-09-25 05:59:28,410 [pool-37-thread-1] INFO  ratis.ContainerStateMachine (ContainerStateMachine.java:loadSnapshot(230)) - group-F77AF6C13477: The snapshot info is null. Setting the last applied indexto:(t:0, i:~)
2019-09-25 05:59:28,410 [pool-37-thread-1] INFO  server.RaftServerConfigKeys (ConfUtils.java:logGet(43)) - raft.server.notification.no-leader.timeout = 120s (custom)
2019-09-25 05:59:28,410 [pool-37-thread-1] INFO  server.RaftServerConfigKeys (ConfUtils.java:logGet(43)) - raft.server.log.use.memory = false (default)
2019-09-25 05:59:28,410 [pool-37-thread-1] INFO  server.RaftServerConfigKeys (ConfUtils.java:logGet(43)) - raft.server.log.purge.gap = 1000000 (custom)
2019-09-25 05:59:28,411 [pool-37-thread-1] INFO  server.RaftServerConfigKeys (ConfUtils.java:logGet(43)) - raft.server.log.appender.buffer.byte-limit = 33554432 (custom)
2019-09-25 05:59:28,411 [pool-37-thread-1] INFO  server.RaftServerConfigKeys (ConfUtils.java:logGet(43)) - raft.server.log.segment.size.max = 1048576 (custom)
2019-09-25 05:59:28,411 [pool-37-thread-1] INFO  server.RaftServerConfigKeys (ConfUtils.java:logGet(43)) - raft.server.log.segment.cache.num.max = 2 (custom)
2019-09-25 05:59:28,411 [pool-37-thread-1] INFO  segmented.SegmentedRaftLogWorker (SegmentedRaftLogWorker.java:<init>(172)) - new a70ebb95-9827-4ee9-872e-51470ad9f886@group-F77AF6C13477-SegmentedRaftLogWorker for RaftStorage:Storage Directory /workdir/hadoop-ozone/tools/target/test-dir/MiniOzoneClusterImpl-b88d8d95-70e9-47b8-bab6-e4df0797a5ce/datanode-1/data/ratis/f971c09c-90aa-4f7b-ba36-f77af6c13477
2019-09-25 05:59:28,411 [pool-37-thread-1] INFO  server.RaftServerConfigKeys (ConfUtils.java:logGet(43)) - raft.server.log.queue.byte-limit = 2147483647 (custom)
2019-09-25 05:59:28,411 [pool-37-thread-1] INFO  server.RaftServerConfigKeys (ConfUtils.java:logGet(43)) - raft.server.log.queue.element-limit = 1024 (custom)
2019-09-25 05:59:28,412 [pool-37-thread-1] INFO  server.RaftServerConfigKeys (ConfUtils.java:logGet(43)) - raft.server.log.segment.size.max = 1048576 (custom)
2019-09-25 05:59:28,412 [pool-37-thread-1] INFO  server.RaftServerConfigKeys (ConfUtils.java:logGet(43)) - raft.server.log.preallocated.size = 16384 (custom)
2019-09-25 05:59:28,412 [pool-37-thread-1] INFO  server.RaftServerConfigKeys (ConfUtils.java:logGet(43)) - raft.server.log.write.buffer.size = 33554432 (custom)
2019-09-25 05:59:28,412 [pool-37-thread-1] INFO  server.RaftServerConfigKeys (ConfUtils.java:logGet(43)) - raft.server.log.force.sync.num = 128 (default)
2019-09-25 05:59:28,412 [pool-37-thread-1] INFO  server.RaftServerConfigKeys (ConfUtils.java:logGet(43)) - raft.server.log.statemachine.data.sync = true (default)
2019-09-25 05:59:28,412 [pool-37-thread-1] INFO  server.RaftServerConfigKeys (ConfUtils.java:logGet(43)) - raft.server.log.statemachine.data.sync.timeout = 10s (default)
2019-09-25 05:59:28,412 [pool-37-thread-1] INFO  server.RaftServerConfigKeys (ConfUtils.java:logGet(43)) - raft.server.log.statemachine.data.sync.timeout.retry = -1 (default)
2019-09-25 05:59:28,412 [pool-37-thread-1] INFO  server.RaftServerConfigKeys (ConfUtils.java:logGet(43)) - raft.server.log.statemachine.data.caching.enabled = true (custom)
2019-09-25 05:59:28,413 [pool-37-thread-1] INFO  segmented.SegmentedRaftLogWorker (SegmentedRaftLogWorker.java:lambda$new$0(132)) - a70ebb95-9827-4ee9-872e-51470ad9f886@group-F77AF6C13477-SegmentedRaftLogWorker: flushIndex: setUnconditionally 0 -> -1
2019-09-25 05:59:28,413 [pool-37-thread-1] INFO  server.RaftServerConfigKeys (ConfUtils.java:logGet(43)) - raft.server.snapshot.auto.trigger.enabled = true (custom)
2019-09-25 05:59:28,413 [pool-37-thread-1] INFO  server.RaftServerConfigKeys (ConfUtils.java:logGet(43)) - raft.server.snapshot.auto.trigger.threshold = 10000 (custom)
2019-09-25 05:59:28,413 [pool-37-thread-1] INFO  server.RaftServerConfigKeys (ConfUtils.java:logGet(43)) - raft.server.snapshot.retention.num.files = 5 (custom)
2019-09-25 05:59:28,413 [pool-37-thread-1] INFO  server.RaftServerConfigKeys (ConfUtils.java:logGet(43)) - raft.server.retrycache.expirytime = 600000ms (custom)
2019-09-25 05:59:28,416 [pool-37-thread-1] INFO  impl.RaftServerImpl (RaftServerImpl.java:start(185)) - a70ebb95-9827-4ee9-872e-51470ad9f886@group-F77AF6C13477: start as a follower, conf=-1: [a70ebb95-9827-4ee9-872e-51470ad9f886:192.168.5.161:38094], old=null
2019-09-25 05:59:28,416 [pool-37-thread-1] INFO  impl.RaftServerImpl (RaftServerImpl.java:setRole(174)) - a70ebb95-9827-4ee9-872e-51470ad9f886@group-F77AF6C13477: changes role from      null to FOLLOWER at term 0 for startAsFollower
2019-09-25 05:59:28,416 [pool-37-thread-1] INFO  impl.RoleInfo (RoleInfo.java:updateAndGet(143)) - a70ebb95-9827-4ee9-872e-51470ad9f886: start FollowerState
2019-09-25 05:59:28,416 [pool-37-thread-1] INFO  util.JmxRegister (JmxRegister.java:tryRegister(44)) - Successfully registered JMX Bean with object name Ratis:service=RaftServer,group=group-F77AF6C13477,id=a70ebb95-9827-4ee9-872e-51470ad9f886
2019-09-25 05:59:28,421 [RatisPipelineUtilsThread] INFO  pipeline.PipelineStateManager (PipelineStateManager.java:addPipeline(56)) - Created pipeline Pipeline[ Id: f971c09c-90aa-4f7b-ba36-f77af6c13477, Nodes: a70ebb95-9827-4ee9-872e-51470ad9f886{ip: 192.168.5.161, host: pr-hdds-1569-zxpks-796972592, networkLocation: /default-rack, certSerialId: null}, Type:RATIS, Factor:ONE, State:OPEN]
2019-09-25 05:59:28,422 [RatisPipelineUtilsThread] INFO  pipeline.PipelinePlacementPolicy (PipelinePlacementPolicy.java:meetCriteria(91)) - Pipeline Placement: can't place more pipeline on heavy datanode： a70ebb95-9827-4ee9-872e-51470ad9f886 Heaviness: 6 limit: 5
2019-09-25 05:59:28,433 [grpc-default-executor-0] INFO  impl.RaftServerProxy (RaftServerProxy.java:addNew(89)) - f8d3684d-44eb-42fd-8c21-2b8ad1aff988: addNew group-A3ED1D52B3E4:[f8d3684d-44eb-42fd-8c21-2b8ad1aff988:192.168.5.161:44439] returns group-A3ED1D52B3E4:java.util.concurrent.CompletableFuture@14aa5d6[Not completed]
2019-09-25 05:59:28,434 [pool-47-thread-1] INFO  impl.RaftServerImpl (RaftServerImpl.java:<init>(95)) - f8d3684d-44eb-42fd-8c21-2b8ad1aff988: new RaftServerImpl for group-A3ED1D52B3E4:[f8d3684d-44eb-42fd-8c21-2b8ad1aff988:192.168.5.161:44439] with ContainerStateMachine:uninitialized
2019-09-25 05:59:28,435 [pool-47-thread-1] INFO  server.RaftServerConfigKeys (ConfUtils.java:logGet(43)) - raft.server.rpc.timeout.min = 5s (custom)
2019-09-25 05:59:28,435 [pool-47-thread-1] INFO  server.RaftServerConfigKeys (ConfUtils.java:logGet(43)) - raft.server.rpc.timeout.max = 5200ms (custom)
2019-09-25 05:59:28,435 [pool-47-thread-1] INFO  server.RaftServerConfigKeys (ConfUtils.java:logGet(43)) - raft.server.rpcslowness.timeout = 120s (custom)
2019-09-25 05:59:28,435 [pool-47-thread-1] INFO  server.RaftServerConfigKeys (ConfUtils.java:logGet(43)) - raft.server.sleep.deviation.threshold = 300 (default)
2019-09-25 05:59:28,435 [pool-47-thread-1] INFO  server.RaftServerConfigKeys (ConfUtils.java:logGet(43)) - raft.server.log.appender.install.snapshot.enabled = false (custom)
2019-09-25 05:59:28,436 [pool-47-thread-1] INFO  impl.RaftServerImpl (ServerState.java:<init>(103)) - f8d3684d-44eb-42fd-8c21-2b8ad1aff988@group-A3ED1D52B3E4: ConfigurationManager, init=-1: [f8d3684d-44eb-42fd-8c21-2b8ad1aff988:192.168.5.161:44439], old=null, confs=<EMPTY_MAP>
2019-09-25 05:59:28,436 [pool-47-thread-1] INFO  server.RaftServerConfigKeys (ConfUtils.java:logGet(43)) - raft.server.storage.dir = [/workdir/hadoop-ozone/tools/target/test-dir/MiniOzoneClusterImpl-b88d8d95-70e9-47b8-bab6-e4df0797a5ce/datanode-2/data/ratis] (custom)
2019-09-25 05:59:28,436 [pool-47-thread-1] INFO  storage.RaftStorageDirectory (RaftStorageDirectory.java:analyzeStorage(246)) - The storage directory /workdir/hadoop-ozone/tools/target/test-dir/MiniOzoneClusterImpl-b88d8d95-70e9-47b8-bab6-e4df0797a5ce/datanode-2/data/ratis/6cf056e5-f497-4c24-af7f-a3ed1d52b3e4 does not exist. Creating ...
2019-09-25 05:59:28,449 [pool-47-thread-1] INFO  storage.RaftStorageDirectory (RaftStorageDirectory.java:tryLock(328)) - Lock on /workdir/hadoop-ozone/tools/target/test-dir/MiniOzoneClusterImpl-b88d8d95-70e9-47b8-bab6-e4df0797a5ce/datanode-2/data/ratis/6cf056e5-f497-4c24-af7f-a3ed1d52b3e4/in_use.lock acquired by nodename 27182@pr-hdds-1569-zxpks-796972592
2019-09-25 05:59:28,462 [pool-47-thread-1] INFO  storage.RaftStorage (RaftStorage.java:format(72)) - Storage directory /workdir/hadoop-ozone/tools/target/test-dir/MiniOzoneClusterImpl-b88d8d95-70e9-47b8-bab6-e4df0797a5ce/datanode-2/data/ratis/6cf056e5-f497-4c24-af7f-a3ed1d52b3e4 has been successfully formatted.
2019-09-25 05:59:28,463 [pool-47-thread-1] INFO  ratis.ContainerStateMachine (ContainerStateMachine.java:loadSnapshot(230)) - group-A3ED1D52B3E4: The snapshot info is null. Setting the last applied indexto:(t:0, i:~)
2019-09-25 05:59:28,463 [pool-47-thread-1] INFO  server.RaftServerConfigKeys (ConfUtils.java:logGet(43)) - raft.server.notification.no-leader.timeout = 120s (custom)
2019-09-25 05:59:28,463 [pool-47-thread-1] INFO  server.RaftServerConfigKeys (ConfUtils.java:logGet(43)) - raft.server.log.use.memory = false (default)
2019-09-25 05:59:28,463 [pool-47-thread-1] INFO  server.RaftServerConfigKeys (ConfUtils.java:logGet(43)) - raft.server.log.purge.gap = 1000000 (custom)
2019-09-25 05:59:28,463 [pool-47-thread-1] INFO  server.RaftServerConfigKeys (ConfUtils.java:logGet(43)) - raft.server.log.appender.buffer.byte-limit = 33554432 (custom)
2019-09-25 05:59:28,464 [pool-47-thread-1] INFO  server.RaftServerConfigKeys (ConfUtils.java:logGet(43)) - raft.server.log.segment.size.max = 1048576 (custom)
2019-09-25 05:59:28,464 [pool-47-thread-1] INFO  server.RaftServerConfigKeys (ConfUtils.java:logGet(43)) - raft.server.log.segment.cache.num.max = 2 (custom)
2019-09-25 05:59:28,464 [pool-47-thread-1] INFO  segmented.SegmentedRaftLogWorker (SegmentedRaftLogWorker.java:<init>(172)) - new f8d3684d-44eb-42fd-8c21-2b8ad1aff988@group-A3ED1D52B3E4-SegmentedRaftLogWorker for RaftStorage:Storage Directory /workdir/hadoop-ozone/tools/target/test-dir/MiniOzoneClusterImpl-b88d8d95-70e9-47b8-bab6-e4df0797a5ce/datanode-2/data/ratis/6cf056e5-f497-4c24-af7f-a3ed1d52b3e4
2019-09-25 05:59:28,464 [pool-47-thread-1] INFO  server.RaftServerConfigKeys (ConfUtils.java:logGet(43)) - raft.server.log.queue.byte-limit = 2147483647 (custom)
2019-09-25 05:59:28,464 [pool-47-thread-1] INFO  server.RaftServerConfigKeys (ConfUtils.java:logGet(43)) - raft.server.log.queue.element-limit = 1024 (custom)
2019-09-25 05:59:28,465 [pool-47-thread-1] INFO  server.RaftServerConfigKeys (ConfUtils.java:logGet(43)) - raft.server.log.segment.size.max = 1048576 (custom)
2019-09-25 05:59:28,465 [pool-47-thread-1] INFO  server.RaftServerConfigKeys (ConfUtils.java:logGet(43)) - raft.server.log.preallocated.size = 16384 (custom)
2019-09-25 05:59:28,465 [pool-47-thread-1] INFO  server.RaftServerConfigKeys (ConfUtils.java:logGet(43)) - raft.server.log.write.buffer.size = 33554432 (custom)
2019-09-25 05:59:28,465 [pool-47-thread-1] INFO  server.RaftServerConfigKeys (ConfUtils.java:logGet(43)) - raft.server.log.force.sync.num = 128 (default)
2019-09-25 05:59:28,465 [pool-47-thread-1] INFO  server.RaftServerConfigKeys (ConfUtils.java:logGet(43)) - raft.server.log.statemachine.data.sync = true (default)
2019-09-25 05:59:28,466 [pool-47-thread-1] INFO  server.RaftServerConfigKeys (ConfUtils.java:logGet(43)) - raft.server.log.statemachine.data.sync.timeout = 10s (default)
2019-09-25 05:59:28,466 [pool-47-thread-1] INFO  server.RaftServerConfigKeys (ConfUtils.java:logGet(43)) - raft.server.log.statemachine.data.sync.timeout.retry = -1 (default)
2019-09-25 05:59:28,466 [pool-47-thread-1] INFO  server.RaftServerConfigKeys (ConfUtils.java:logGet(43)) - raft.server.log.statemachine.data.caching.enabled = true (custom)
2019-09-25 05:59:28,467 [pool-47-thread-1] INFO  segmented.SegmentedRaftLogWorker (SegmentedRaftLogWorker.java:lambda$new$0(132)) - f8d3684d-44eb-42fd-8c21-2b8ad1aff988@group-A3ED1D52B3E4-SegmentedRaftLogWorker: flushIndex: setUnconditionally 0 -> -1
2019-09-25 05:59:28,467 [pool-47-thread-1] INFO  server.RaftServerConfigKeys (ConfUtils.java:logGet(43)) - raft.server.snapshot.auto.trigger.enabled = true (custom)
2019-09-25 05:59:28,467 [pool-47-thread-1] INFO  server.RaftServerConfigKeys (ConfUtils.java:logGet(43)) - raft.server.snapshot.auto.trigger.threshold = 10000 (custom)
2019-09-25 05:59:28,467 [pool-47-thread-1] INFO  server.RaftServerConfigKeys (ConfUtils.java:logGet(43)) - raft.server.snapshot.retention.num.files = 5 (custom)
2019-09-25 05:59:28,468 [pool-47-thread-1] INFO  server.RaftServerConfigKeys (ConfUtils.java:logGet(43)) - raft.server.retrycache.expirytime = 600000ms (custom)
2019-09-25 05:59:28,471 [pool-47-thread-1] INFO  impl.RaftServerImpl (RaftServerImpl.java:start(185)) - f8d3684d-44eb-42fd-8c21-2b8ad1aff988@group-A3ED1D52B3E4: start as a follower, conf=-1: [f8d3684d-44eb-42fd-8c21-2b8ad1aff988:192.168.5.161:44439], old=null
2019-09-25 05:59:28,471 [pool-47-thread-1] INFO  impl.RaftServerImpl (RaftServerImpl.java:setRole(174)) - f8d3684d-44eb-42fd-8c21-2b8ad1aff988@group-A3ED1D52B3E4: changes role from      null to FOLLOWER at term 0 for startAsFollower
2019-09-25 05:59:28,472 [pool-47-thread-1] INFO  impl.RoleInfo (RoleInfo.java:updateAndGet(143)) - f8d3684d-44eb-42fd-8c21-2b8ad1aff988: start FollowerState
2019-09-25 05:59:28,472 [pool-47-thread-1] INFO  util.JmxRegister (JmxRegister.java:tryRegister(44)) - Successfully registered JMX Bean with object name Ratis:service=RaftServer,group=group-A3ED1D52B3E4,id=f8d3684d-44eb-42fd-8c21-2b8ad1aff988
2019-09-25 05:59:28,478 [RatisPipelineUtilsThread] INFO  pipeline.PipelineStateManager (PipelineStateManager.java:addPipeline(56)) - Created pipeline Pipeline[ Id: 6cf056e5-f497-4c24-af7f-a3ed1d52b3e4, Nodes: f8d3684d-44eb-42fd-8c21-2b8ad1aff988{ip: 192.168.5.161, host: pr-hdds-1569-zxpks-796972592, networkLocation: /default-rack, certSerialId: null}, Type:RATIS, Factor:ONE, State:OPEN]
2019-09-25 05:59:28,478 [RatisPipelineUtilsThread] INFO  pipeline.PipelinePlacementPolicy (PipelinePlacementPolicy.java:meetCriteria(91)) - Pipeline Placement: can't place more pipeline on heavy datanode： a70ebb95-9827-4ee9-872e-51470ad9f886 Heaviness: 6 limit: 5
2019-09-25 05:59:28,479 [RatisPipelineUtilsThread] INFO  pipeline.PipelinePlacementPolicy (PipelinePlacementPolicy.java:meetCriteria(91)) - Pipeline Placement: can't place more pipeline on heavy datanode： f8d3684d-44eb-42fd-8c21-2b8ad1aff988 Heaviness: 6 limit: 5
2019-09-25 05:59:28,489 [grpc-default-executor-0] INFO  impl.RaftServerProxy (RaftServerProxy.java:addNew(89)) - 327d7864-9593-4c84-9c3b-d4b21327d735: addNew group-AEE91F62AC83:[327d7864-9593-4c84-9c3b-d4b21327d735:192.168.5.161:39744] returns group-AEE91F62AC83:java.util.concurrent.CompletableFuture@5d94b9a4[Not completed]
2019-09-25 05:59:28,491 [pool-67-thread-1] INFO  impl.RaftServerImpl (RaftServerImpl.java:<init>(95)) - 327d7864-9593-4c84-9c3b-d4b21327d735: new RaftServerImpl for group-AEE91F62AC83:[327d7864-9593-4c84-9c3b-d4b21327d735:192.168.5.161:39744] with ContainerStateMachine:uninitialized
2019-09-25 05:59:28,492 [pool-67-thread-1] INFO  server.RaftServerConfigKeys (ConfUtils.java:logGet(43)) - raft.server.rpc.timeout.min = 5s (custom)
2019-09-25 05:59:28,492 [pool-67-thread-1] INFO  server.RaftServerConfigKeys (ConfUtils.java:logGet(43)) - raft.server.rpc.timeout.max = 5200ms (custom)
2019-09-25 05:59:28,492 [pool-67-thread-1] INFO  server.RaftServerConfigKeys (ConfUtils.java:logGet(43)) - raft.server.rpcslowness.timeout = 120s (custom)
2019-09-25 05:59:28,492 [pool-67-thread-1] INFO  server.RaftServerConfigKeys (ConfUtils.java:logGet(43)) - raft.server.sleep.deviation.threshold = 300 (default)
2019-09-25 05:59:28,492 [pool-67-thread-1] INFO  server.RaftServerConfigKeys (ConfUtils.java:logGet(43)) - raft.server.log.appender.install.snapshot.enabled = false (custom)
2019-09-25 05:59:28,493 [pool-67-thread-1] INFO  impl.RaftServerImpl (ServerState.java:<init>(103)) - 327d7864-9593-4c84-9c3b-d4b21327d735@group-AEE91F62AC83: ConfigurationManager, init=-1: [327d7864-9593-4c84-9c3b-d4b21327d735:192.168.5.161:39744], old=null, confs=<EMPTY_MAP>
2019-09-25 05:59:28,493 [pool-67-thread-1] INFO  server.RaftServerConfigKeys (ConfUtils.java:logGet(43)) - raft.server.storage.dir = [/workdir/hadoop-ozone/tools/target/test-dir/MiniOzoneClusterImpl-b88d8d95-70e9-47b8-bab6-e4df0797a5ce/datanode-4/data/ratis] (custom)
2019-09-25 05:59:28,494 [pool-67-thread-1] INFO  storage.RaftStorageDirectory (RaftStorageDirectory.java:analyzeStorage(246)) - The storage directory /workdir/hadoop-ozone/tools/target/test-dir/MiniOzoneClusterImpl-b88d8d95-70e9-47b8-bab6-e4df0797a5ce/datanode-4/data/ratis/c5aadc5e-2dfc-40f2-93d8-aee91f62ac83 does not exist. Creating ...
2019-09-25 05:59:28,518 [pool-67-thread-1] INFO  storage.RaftStorageDirectory (RaftStorageDirectory.java:tryLock(328)) - Lock on /workdir/hadoop-ozone/tools/target/test-dir/MiniOzoneClusterImpl-b88d8d95-70e9-47b8-bab6-e4df0797a5ce/datanode-4/data/ratis/c5aadc5e-2dfc-40f2-93d8-aee91f62ac83/in_use.lock acquired by nodename 27182@pr-hdds-1569-zxpks-796972592
2019-09-25 05:59:28,532 [pool-67-thread-1] INFO  storage.RaftStorage (RaftStorage.java:format(72)) - Storage directory /workdir/hadoop-ozone/tools/target/test-dir/MiniOzoneClusterImpl-b88d8d95-70e9-47b8-bab6-e4df0797a5ce/datanode-4/data/ratis/c5aadc5e-2dfc-40f2-93d8-aee91f62ac83 has been successfully formatted.
2019-09-25 05:59:28,532 [pool-67-thread-1] INFO  ratis.ContainerStateMachine (ContainerStateMachine.java:loadSnapshot(230)) - group-AEE91F62AC83: The snapshot info is null. Setting the last applied indexto:(t:0, i:~)
2019-09-25 05:59:28,532 [pool-67-thread-1] INFO  server.RaftServerConfigKeys (ConfUtils.java:logGet(43)) - raft.server.notification.no-leader.timeout = 120s (custom)
2019-09-25 05:59:28,533 [pool-67-thread-1] INFO  server.RaftServerConfigKeys (ConfUtils.java:logGet(43)) - raft.server.log.use.memory = false (default)
2019-09-25 05:59:28,533 [pool-67-thread-1] INFO  server.RaftServerConfigKeys (ConfUtils.java:logGet(43)) - raft.server.log.purge.gap = 1000000 (custom)
2019-09-25 05:59:28,533 [pool-67-thread-1] INFO  server.RaftServerConfigKeys (ConfUtils.java:logGet(43)) - raft.server.log.appender.buffer.byte-limit = 33554432 (custom)
2019-09-25 05:59:28,533 [pool-67-thread-1] INFO  server.RaftServerConfigKeys (ConfUtils.java:logGet(43)) - raft.server.log.segment.size.max = 1048576 (custom)
2019-09-25 05:59:28,533 [pool-67-thread-1] INFO  server.RaftServerConfigKeys (ConfUtils.java:logGet(43)) - raft.server.log.segment.cache.num.max = 2 (custom)
2019-09-25 05:59:28,534 [pool-67-thread-1] INFO  segmented.SegmentedRaftLogWorker (SegmentedRaftLogWorker.java:<init>(172)) - new 327d7864-9593-4c84-9c3b-d4b21327d735@group-AEE91F62AC83-SegmentedRaftLogWorker for RaftStorage:Storage Directory /workdir/hadoop-ozone/tools/target/test-dir/MiniOzoneClusterImpl-b88d8d95-70e9-47b8-bab6-e4df0797a5ce/datanode-4/data/ratis/c5aadc5e-2dfc-40f2-93d8-aee91f62ac83
2019-09-25 05:59:28,534 [pool-67-thread-1] INFO  server.RaftServerConfigKeys (ConfUtils.java:logGet(43)) - raft.server.log.queue.byte-limit = 2147483647 (custom)
2019-09-25 05:59:28,534 [pool-67-thread-1] INFO  server.RaftServerConfigKeys (ConfUtils.java:logGet(43)) - raft.server.log.queue.element-limit = 1024 (custom)
2019-09-25 05:59:28,534 [pool-67-thread-1] INFO  server.RaftServerConfigKeys (ConfUtils.java:logGet(43)) - raft.server.log.segment.size.max = 1048576 (custom)
2019-09-25 05:59:28,534 [pool-67-thread-1] INFO  server.RaftServerConfigKeys (ConfUtils.java:logGet(43)) - raft.server.log.preallocated.size = 16384 (custom)
2019-09-25 05:59:28,535 [pool-67-thread-1] INFO  server.RaftServerConfigKeys (ConfUtils.java:logGet(43)) - raft.server.log.write.buffer.size = 33554432 (custom)
2019-09-25 05:59:28,535 [pool-67-thread-1] INFO  server.RaftServerConfigKeys (ConfUtils.java:logGet(43)) - raft.server.log.force.sync.num = 128 (default)
2019-09-25 05:59:28,535 [pool-67-thread-1] INFO  server.RaftServerConfigKeys (ConfUtils.java:logGet(43)) - raft.server.log.statemachine.data.sync = true (default)
2019-09-25 05:59:28,535 [pool-67-thread-1] INFO  server.RaftServerConfigKeys (ConfUtils.java:logGet(43)) - raft.server.log.statemachine.data.sync.timeout = 10s (default)
2019-09-25 05:59:28,535 [pool-67-thread-1] INFO  server.RaftServerConfigKeys (ConfUtils.java:logGet(43)) - raft.server.log.statemachine.data.sync.timeout.retry = -1 (default)
2019-09-25 05:59:28,536 [pool-67-thread-1] INFO  server.RaftServerConfigKeys (ConfUtils.java:logGet(43)) - raft.server.log.statemachine.data.caching.enabled = true (custom)
2019-09-25 05:59:28,536 [pool-67-thread-1] INFO  segmented.SegmentedRaftLogWorker (SegmentedRaftLogWorker.java:lambda$new$0(132)) - 327d7864-9593-4c84-9c3b-d4b21327d735@group-AEE91F62AC83-SegmentedRaftLogWorker: flushIndex: setUnconditionally 0 -> -1
2019-09-25 05:59:28,537 [pool-67-thread-1] INFO  server.RaftServerConfigKeys (ConfUtils.java:logGet(43)) - raft.server.snapshot.auto.trigger.enabled = true (custom)
2019-09-25 05:59:28,537 [pool-67-thread-1] INFO  server.RaftServerConfigKeys (ConfUtils.java:logGet(43)) - raft.server.snapshot.auto.trigger.threshold = 10000 (custom)
2019-09-25 05:59:28,537 [pool-67-thread-1] INFO  server.RaftServerConfigKeys (ConfUtils.java:logGet(43)) - raft.server.snapshot.retention.num.files = 5 (custom)
2019-09-25 05:59:28,537 [pool-67-thread-1] INFO  server.RaftServerConfigKeys (ConfUtils.java:logGet(43)) - raft.server.retrycache.expirytime = 600000ms (custom)
2019-09-25 05:59:28,541 [pool-67-thread-1] INFO  impl.RaftServerImpl (RaftServerImpl.java:start(185)) - 327d7864-9593-4c84-9c3b-d4b21327d735@group-AEE91F62AC83: start as a follower, conf=-1: [327d7864-9593-4c84-9c3b-d4b21327d735:192.168.5.161:39744], old=null
2019-09-25 05:59:28,541 [pool-67-thread-1] INFO  impl.RaftServerImpl (RaftServerImpl.java:setRole(174)) - 327d7864-9593-4c84-9c3b-d4b21327d735@group-AEE91F62AC83: changes role from      null to FOLLOWER at term 0 for startAsFollower
2019-09-25 05:59:28,541 [pool-67-thread-1] INFO  impl.RoleInfo (RoleInfo.java:updateAndGet(143)) - 327d7864-9593-4c84-9c3b-d4b21327d735: start FollowerState
2019-09-25 05:59:28,542 [pool-67-thread-1] INFO  util.JmxRegister (JmxRegister.java:tryRegister(44)) - Successfully registered JMX Bean with object name Ratis:service=RaftServer,group=group-AEE91F62AC83,id=327d7864-9593-4c84-9c3b-d4b21327d735
2019-09-25 05:59:28,548 [RatisPipelineUtilsThread] INFO  pipeline.PipelineStateManager (PipelineStateManager.java:addPipeline(56)) - Created pipeline Pipeline[ Id: c5aadc5e-2dfc-40f2-93d8-aee91f62ac83, Nodes: 327d7864-9593-4c84-9c3b-d4b21327d735{ip: 192.168.5.161, host: pr-hdds-1569-zxpks-796972592, networkLocation: /default-rack, certSerialId: null}, Type:RATIS, Factor:ONE, State:OPEN]
2019-09-25 05:59:28,548 [RatisPipelineUtilsThread] INFO  pipeline.PipelinePlacementPolicy (PipelinePlacementPolicy.java:meetCriteria(91)) - Pipeline Placement: can't place more pipeline on heavy datanode： a70ebb95-9827-4ee9-872e-51470ad9f886 Heaviness: 6 limit: 5
2019-09-25 05:59:28,548 [RatisPipelineUtilsThread] INFO  pipeline.PipelinePlacementPolicy (PipelinePlacementPolicy.java:meetCriteria(91)) - Pipeline Placement: can't place more pipeline on heavy datanode： f8d3684d-44eb-42fd-8c21-2b8ad1aff988 Heaviness: 6 limit: 5
2019-09-25 05:59:28,549 [RatisPipelineUtilsThread] INFO  pipeline.PipelinePlacementPolicy (PipelinePlacementPolicy.java:meetCriteria(91)) - Pipeline Placement: can't place more pipeline on heavy datanode： 327d7864-9593-4c84-9c3b-d4b21327d735 Heaviness: 6 limit: 5
2019-09-25 05:59:28,559 [grpc-default-executor-0] INFO  impl.RaftServerProxy (RaftServerProxy.java:addNew(89)) - dcfa33bc-9001-4365-ad5d-758174e05f4c: addNew group-BDCAB9390F6F:[dcfa33bc-9001-4365-ad5d-758174e05f4c:192.168.5.161:35167] returns group-BDCAB9390F6F:java.util.concurrent.CompletableFuture@5a3f947[Not completed]
2019-09-25 05:59:28,561 [pool-27-thread-1] INFO  impl.RaftServerImpl (RaftServerImpl.java:<init>(95)) - dcfa33bc-9001-4365-ad5d-758174e05f4c: new RaftServerImpl for group-BDCAB9390F6F:[dcfa33bc-9001-4365-ad5d-758174e05f4c:192.168.5.161:35167] with ContainerStateMachine:uninitialized
2019-09-25 05:59:28,561 [pool-27-thread-1] INFO  server.RaftServerConfigKeys (ConfUtils.java:logGet(43)) - raft.server.rpc.timeout.min = 5s (custom)
2019-09-25 05:59:28,561 [pool-27-thread-1] INFO  server.RaftServerConfigKeys (ConfUtils.java:logGet(43)) - raft.server.rpc.timeout.max = 5200ms (custom)
2019-09-25 05:59:28,561 [pool-27-thread-1] INFO  server.RaftServerConfigKeys (ConfUtils.java:logGet(43)) - raft.server.rpcslowness.timeout = 120s (custom)
2019-09-25 05:59:28,561 [pool-27-thread-1] INFO  server.RaftServerConfigKeys (ConfUtils.java:logGet(43)) - raft.server.sleep.deviation.threshold = 300 (default)
2019-09-25 05:59:28,561 [pool-27-thread-1] INFO  server.RaftServerConfigKeys (ConfUtils.java:logGet(43)) - raft.server.log.appender.install.snapshot.enabled = false (custom)
2019-09-25 05:59:28,562 [pool-27-thread-1] INFO  impl.RaftServerImpl (ServerState.java:<init>(103)) - dcfa33bc-9001-4365-ad5d-758174e05f4c@group-BDCAB9390F6F: ConfigurationManager, init=-1: [dcfa33bc-9001-4365-ad5d-758174e05f4c:192.168.5.161:35167], old=null, confs=<EMPTY_MAP>
2019-09-25 05:59:28,562 [pool-27-thread-1] INFO  server.RaftServerConfigKeys (ConfUtils.java:logGet(43)) - raft.server.storage.dir = [/workdir/hadoop-ozone/tools/target/test-dir/MiniOzoneClusterImpl-b88d8d95-70e9-47b8-bab6-e4df0797a5ce/datanode-0/data/ratis] (custom)
2019-09-25 05:59:28,562 [pool-27-thread-1] INFO  storage.RaftStorageDirectory (RaftStorageDirectory.java:analyzeStorage(246)) - The storage directory /workdir/hadoop-ozone/tools/target/test-dir/MiniOzoneClusterImpl-b88d8d95-70e9-47b8-bab6-e4df0797a5ce/datanode-0/data/ratis/025fc99c-36a3-48a7-91b3-bdcab9390f6f does not exist. Creating ...
2019-09-25 05:59:28,572 [Thread-208] INFO  container.ReplicationManager (ReplicationManager.java:start(163)) - Starting Replication Monitor Thread.
2019-09-25 05:59:28,575 [ReplicationMonitor] INFO  container.ReplicationManager (ReplicationManager.java:run(226)) - Replication Monitor Thread took 1 milliseconds for processing 0 containers.
2019-09-25 05:59:28,575 [pool-27-thread-1] INFO  storage.RaftStorageDirectory (RaftStorageDirectory.java:tryLock(328)) - Lock on /workdir/hadoop-ozone/tools/target/test-dir/MiniOzoneClusterImpl-b88d8d95-70e9-47b8-bab6-e4df0797a5ce/datanode-0/data/ratis/025fc99c-36a3-48a7-91b3-bdcab9390f6f/in_use.lock acquired by nodename 27182@pr-hdds-1569-zxpks-796972592
2019-09-25 05:59:28,588 [pool-27-thread-1] INFO  storage.RaftStorage (RaftStorage.java:format(72)) - Storage directory /workdir/hadoop-ozone/tools/target/test-dir/MiniOzoneClusterImpl-b88d8d95-70e9-47b8-bab6-e4df0797a5ce/datanode-0/data/ratis/025fc99c-36a3-48a7-91b3-bdcab9390f6f has been successfully formatted.
2019-09-25 05:59:28,588 [pool-27-thread-1] INFO  ratis.ContainerStateMachine (ContainerStateMachine.java:loadSnapshot(230)) - group-BDCAB9390F6F: The snapshot info is null. Setting the last applied indexto:(t:0, i:~)
2019-09-25 05:59:28,588 [pool-27-thread-1] INFO  server.RaftServerConfigKeys (ConfUtils.java:logGet(43)) - raft.server.notification.no-leader.timeout = 120s (custom)
2019-09-25 05:59:28,588 [pool-27-thread-1] INFO  server.RaftServerConfigKeys (ConfUtils.java:logGet(43)) - raft.server.log.use.memory = false (default)
2019-09-25 05:59:28,589 [pool-27-thread-1] INFO  server.RaftServerConfigKeys (ConfUtils.java:logGet(43)) - raft.server.log.purge.gap = 1000000 (custom)
2019-09-25 05:59:28,589 [pool-27-thread-1] INFO  server.RaftServerConfigKeys (ConfUtils.java:logGet(43)) - raft.server.log.appender.buffer.byte-limit = 33554432 (custom)
2019-09-25 05:59:28,589 [pool-27-thread-1] INFO  server.RaftServerConfigKeys (ConfUtils.java:logGet(43)) - raft.server.log.segment.size.max = 1048576 (custom)
2019-09-25 05:59:28,589 [pool-27-thread-1] INFO  server.RaftServerConfigKeys (ConfUtils.java:logGet(43)) - raft.server.log.segment.cache.num.max = 2 (custom)
2019-09-25 05:59:28,589 [pool-27-thread-1] INFO  segmented.SegmentedRaftLogWorker (SegmentedRaftLogWorker.java:<init>(172)) - new dcfa33bc-9001-4365-ad5d-758174e05f4c@group-BDCAB9390F6F-SegmentedRaftLogWorker for RaftStorage:Storage Directory /workdir/hadoop-ozone/tools/target/test-dir/MiniOzoneClusterImpl-b88d8d95-70e9-47b8-bab6-e4df0797a5ce/datanode-0/data/ratis/025fc99c-36a3-48a7-91b3-bdcab9390f6f
2019-09-25 05:59:28,589 [pool-27-thread-1] INFO  server.RaftServerConfigKeys (ConfUtils.java:logGet(43)) - raft.server.log.queue.byte-limit = 2147483647 (custom)
2019-09-25 05:59:28,590 [pool-27-thread-1] INFO  server.RaftServerConfigKeys (ConfUtils.java:logGet(43)) - raft.server.log.queue.element-limit = 1024 (custom)
2019-09-25 05:59:28,590 [pool-27-thread-1] INFO  server.RaftServerConfigKeys (ConfUtils.java:logGet(43)) - raft.server.log.segment.size.max = 1048576 (custom)
2019-09-25 05:59:28,590 [pool-27-thread-1] INFO  server.RaftServerConfigKeys (ConfUtils.java:logGet(43)) - raft.server.log.preallocated.size = 16384 (custom)
2019-09-25 05:59:28,590 [pool-27-thread-1] INFO  server.RaftServerConfigKeys (ConfUtils.java:logGet(43)) - raft.server.log.write.buffer.size = 33554432 (custom)
2019-09-25 05:59:28,590 [pool-27-thread-1] INFO  server.RaftServerConfigKeys (ConfUtils.java:logGet(43)) - raft.server.log.force.sync.num = 128 (default)
2019-09-25 05:59:28,590 [pool-27-thread-1] INFO  server.RaftServerConfigKeys (ConfUtils.java:logGet(43)) - raft.server.log.statemachine.data.sync = true (default)
2019-09-25 05:59:28,590 [pool-27-thread-1] INFO  server.RaftServerConfigKeys (ConfUtils.java:logGet(43)) - raft.server.log.statemachine.data.sync.timeout = 10s (default)
2019-09-25 05:59:28,591 [pool-27-thread-1] INFO  server.RaftServerConfigKeys (ConfUtils.java:logGet(43)) - raft.server.log.statemachine.data.sync.timeout.retry = -1 (default)
2019-09-25 05:59:28,591 [pool-27-thread-1] INFO  server.RaftServerConfigKeys (ConfUtils.java:logGet(43)) - raft.server.log.statemachine.data.caching.enabled = true (custom)
2019-09-25 05:59:28,591 [pool-27-thread-1] INFO  segmented.SegmentedRaftLogWorker (SegmentedRaftLogWorker.java:lambda$new$0(132)) - dcfa33bc-9001-4365-ad5d-758174e05f4c@group-BDCAB9390F6F-SegmentedRaftLogWorker: flushIndex: setUnconditionally 0 -> -1
2019-09-25 05:59:28,592 [pool-27-thread-1] INFO  server.RaftServerConfigKeys (ConfUtils.java:logGet(43)) - raft.server.snapshot.auto.trigger.enabled = true (custom)
2019-09-25 05:59:28,592 [pool-27-thread-1] INFO  server.RaftServerConfigKeys (ConfUtils.java:logGet(43)) - raft.server.snapshot.auto.trigger.threshold = 10000 (custom)
2019-09-25 05:59:28,592 [pool-27-thread-1] INFO  server.RaftServerConfigKeys (ConfUtils.java:logGet(43)) - raft.server.snapshot.retention.num.files = 5 (custom)
2019-09-25 05:59:28,592 [pool-27-thread-1] INFO  server.RaftServerConfigKeys (ConfUtils.java:logGet(43)) - raft.server.retrycache.expirytime = 600000ms (custom)
2019-09-25 05:59:28,595 [pool-27-thread-1] INFO  impl.RaftServerImpl (RaftServerImpl.java:start(185)) - dcfa33bc-9001-4365-ad5d-758174e05f4c@group-BDCAB9390F6F: start as a follower, conf=-1: [dcfa33bc-9001-4365-ad5d-758174e05f4c:192.168.5.161:35167], old=null
2019-09-25 05:59:28,595 [pool-27-thread-1] INFO  impl.RaftServerImpl (RaftServerImpl.java:setRole(174)) - dcfa33bc-9001-4365-ad5d-758174e05f4c@group-BDCAB9390F6F: changes role from      null to FOLLOWER at term 0 for startAsFollower
2019-09-25 05:59:28,595 [pool-27-thread-1] INFO  impl.RoleInfo (RoleInfo.java:updateAndGet(143)) - dcfa33bc-9001-4365-ad5d-758174e05f4c: start FollowerState
2019-09-25 05:59:28,596 [pool-27-thread-1] INFO  util.JmxRegister (JmxRegister.java:tryRegister(44)) - Successfully registered JMX Bean with object name Ratis:service=RaftServer,group=group-BDCAB9390F6F,id=dcfa33bc-9001-4365-ad5d-758174e05f4c
2019-09-25 05:59:28,601 [RatisPipelineUtilsThread] INFO  pipeline.PipelineStateManager (PipelineStateManager.java:addPipeline(56)) - Created pipeline Pipeline[ Id: 025fc99c-36a3-48a7-91b3-bdcab9390f6f, Nodes: dcfa33bc-9001-4365-ad5d-758174e05f4c{ip: 192.168.5.161, host: pr-hdds-1569-zxpks-796972592, networkLocation: /default-rack, certSerialId: null}, Type:RATIS, Factor:ONE, State:OPEN]
2019-09-25 05:59:28,601 [RatisPipelineUtilsThread] INFO  pipeline.PipelinePlacementPolicy (PipelinePlacementPolicy.java:meetCriteria(91)) - Pipeline Placement: can't place more pipeline on heavy datanode： dcfa33bc-9001-4365-ad5d-758174e05f4c Heaviness: 6 limit: 5
2019-09-25 05:59:28,601 [RatisPipelineUtilsThread] INFO  pipeline.PipelinePlacementPolicy (PipelinePlacementPolicy.java:meetCriteria(91)) - Pipeline Placement: can't place more pipeline on heavy datanode： a70ebb95-9827-4ee9-872e-51470ad9f886 Heaviness: 6 limit: 5
2019-09-25 05:59:28,602 [RatisPipelineUtilsThread] INFO  pipeline.PipelinePlacementPolicy (PipelinePlacementPolicy.java:meetCriteria(91)) - Pipeline Placement: can't place more pipeline on heavy datanode： f8d3684d-44eb-42fd-8c21-2b8ad1aff988 Heaviness: 6 limit: 5
2019-09-25 05:59:28,602 [RatisPipelineUtilsThread] INFO  pipeline.PipelinePlacementPolicy (PipelinePlacementPolicy.java:meetCriteria(91)) - Pipeline Placement: can't place more pipeline on heavy datanode： 327d7864-9593-4c84-9c3b-d4b21327d735 Heaviness: 6 limit: 5
2019-09-25 05:59:28,614 [grpc-default-executor-0] INFO  impl.RaftServerProxy (RaftServerProxy.java:addNew(89)) - 747dc408-4358-429b-ab46-4dec55806d9b: addNew group-D97A4EAF6F96:[747dc408-4358-429b-ab46-4dec55806d9b:192.168.5.161:37947] returns group-D97A4EAF6F96:java.util.concurrent.CompletableFuture@2c2616bf[Not completed]
2019-09-25 05:59:28,615 [pool-57-thread-1] INFO  impl.RaftServerImpl (RaftServerImpl.java:<init>(95)) - 747dc408-4358-429b-ab46-4dec55806d9b: new RaftServerImpl for group-D97A4EAF6F96:[747dc408-4358-429b-ab46-4dec55806d9b:192.168.5.161:37947] with ContainerStateMachine:uninitialized
2019-09-25 05:59:28,615 [pool-57-thread-1] INFO  server.RaftServerConfigKeys (ConfUtils.java:logGet(43)) - raft.server.rpc.timeout.min = 5s (custom)
2019-09-25 05:59:28,616 [pool-57-thread-1] INFO  server.RaftServerConfigKeys (ConfUtils.java:logGet(43)) - raft.server.rpc.timeout.max = 5200ms (custom)
2019-09-25 05:59:28,616 [pool-57-thread-1] INFO  server.RaftServerConfigKeys (ConfUtils.java:logGet(43)) - raft.server.rpcslowness.timeout = 120s (custom)
2019-09-25 05:59:28,616 [pool-57-thread-1] INFO  server.RaftServerConfigKeys (ConfUtils.java:logGet(43)) - raft.server.sleep.deviation.threshold = 300 (default)
2019-09-25 05:59:28,616 [pool-57-thread-1] INFO  server.RaftServerConfigKeys (ConfUtils.java:logGet(43)) - raft.server.log.appender.install.snapshot.enabled = false (custom)
2019-09-25 05:59:28,616 [pool-57-thread-1] INFO  impl.RaftServerImpl (ServerState.java:<init>(103)) - 747dc408-4358-429b-ab46-4dec55806d9b@group-D97A4EAF6F96: ConfigurationManager, init=-1: [747dc408-4358-429b-ab46-4dec55806d9b:192.168.5.161:37947], old=null, confs=<EMPTY_MAP>
2019-09-25 05:59:28,617 [pool-57-thread-1] INFO  server.RaftServerConfigKeys (ConfUtils.java:logGet(43)) - raft.server.storage.dir = [/workdir/hadoop-ozone/tools/target/test-dir/MiniOzoneClusterImpl-b88d8d95-70e9-47b8-bab6-e4df0797a5ce/datanode-3/data/ratis] (custom)
2019-09-25 05:59:28,617 [pool-57-thread-1] INFO  storage.RaftStorageDirectory (RaftStorageDirectory.java:analyzeStorage(246)) - The storage directory /workdir/hadoop-ozone/tools/target/test-dir/MiniOzoneClusterImpl-b88d8d95-70e9-47b8-bab6-e4df0797a5ce/datanode-3/data/ratis/f420456b-95c8-4cf1-84c9-d97a4eaf6f96 does not exist. Creating ...
2019-09-25 05:59:28,630 [pool-57-thread-1] INFO  storage.RaftStorageDirectory (RaftStorageDirectory.java:tryLock(328)) - Lock on /workdir/hadoop-ozone/tools/target/test-dir/MiniOzoneClusterImpl-b88d8d95-70e9-47b8-bab6-e4df0797a5ce/datanode-3/data/ratis/f420456b-95c8-4cf1-84c9-d97a4eaf6f96/in_use.lock acquired by nodename 27182@pr-hdds-1569-zxpks-796972592
 0.00% |█                                                                                                    |  0/1 Time: 0:00:012019-09-25 05:59:28,643 [pool-57-thread-1] INFO  storage.RaftStorage (RaftStorage.java:format(72)) - Storage directory /workdir/hadoop-ozone/tools/target/test-dir/MiniOzoneClusterImpl-b88d8d95-70e9-47b8-bab6-e4df0797a5ce/datanode-3/data/ratis/f420456b-95c8-4cf1-84c9-d97a4eaf6f96 has been successfully formatted.
2019-09-25 05:59:28,643 [pool-57-thread-1] INFO  ratis.ContainerStateMachine (ContainerStateMachine.java:loadSnapshot(230)) - group-D97A4EAF6F96: The snapshot info is null. Setting the last applied indexto:(t:0, i:~)
2019-09-25 05:59:28,643 [pool-57-thread-1] INFO  server.RaftServerConfigKeys (ConfUtils.java:logGet(43)) - raft.server.notification.no-leader.timeout = 120s (custom)
2019-09-25 05:59:28,644 [pool-57-thread-1] INFO  server.RaftServerConfigKeys (ConfUtils.java:logGet(43)) - raft.server.log.use.memory = false (default)
2019-09-25 05:59:28,644 [pool-57-thread-1] INFO  server.RaftServerConfigKeys (ConfUtils.java:logGet(43)) - raft.server.log.purge.gap = 1000000 (custom)
2019-09-25 05:59:28,644 [pool-57-thread-1] INFO  server.RaftServerConfigKeys (ConfUtils.java:logGet(43)) - raft.server.log.appender.buffer.byte-limit = 33554432 (custom)
2019-09-25 05:59:28,644 [pool-57-thread-1] INFO  server.RaftServerConfigKeys (ConfUtils.java:logGet(43)) - raft.server.log.segment.size.max = 1048576 (custom)
2019-09-25 05:59:28,644 [pool-57-thread-1] INFO  server.RaftServerConfigKeys (ConfUtils.java:logGet(43)) - raft.server.log.segment.cache.num.max = 2 (custom)
2019-09-25 05:59:28,644 [pool-57-thread-1] INFO  segmented.SegmentedRaftLogWorker (SegmentedRaftLogWorker.java:<init>(172)) - new 747dc408-4358-429b-ab46-4dec55806d9b@group-D97A4EAF6F96-SegmentedRaftLogWorker for RaftStorage:Storage Directory /workdir/hadoop-ozone/tools/target/test-dir/MiniOzoneClusterImpl-b88d8d95-70e9-47b8-bab6-e4df0797a5ce/datanode-3/data/ratis/f420456b-95c8-4cf1-84c9-d97a4eaf6f96
2019-09-25 05:59:28,647 [pool-57-thread-1] INFO  server.RaftServerConfigKeys (ConfUtils.java:logGet(43)) - raft.server.log.queue.byte-limit = 2147483647 (custom)
2019-09-25 05:59:28,647 [pool-57-thread-1] INFO  server.RaftServerConfigKeys (ConfUtils.java:logGet(43)) - raft.server.log.queue.element-limit = 1024 (custom)
2019-09-25 05:59:28,647 [pool-57-thread-1] INFO  server.RaftServerConfigKeys (ConfUtils.java:logGet(43)) - raft.server.log.segment.size.max = 1048576 (custom)
2019-09-25 05:59:28,648 [pool-57-thread-1] INFO  server.RaftServerConfigKeys (ConfUtils.java:logGet(43)) - raft.server.log.preallocated.size = 16384 (custom)
2019-09-25 05:59:28,648 [pool-57-thread-1] INFO  server.RaftServerConfigKeys (ConfUtils.java:logGet(43)) - raft.server.log.write.buffer.size = 33554432 (custom)
2019-09-25 05:59:28,648 [pool-57-thread-1] INFO  server.RaftServerConfigKeys (ConfUtils.java:logGet(43)) - raft.server.log.force.sync.num = 128 (default)
2019-09-25 05:59:28,648 [pool-57-thread-1] INFO  server.RaftServerConfigKeys (ConfUtils.java:logGet(43)) - raft.server.log.statemachine.data.sync = true (default)
2019-09-25 05:59:28,648 [pool-57-thread-1] INFO  server.RaftServerConfigKeys (ConfUtils.java:logGet(43)) - raft.server.log.statemachine.data.sync.timeout = 10s (default)
2019-09-25 05:59:28,648 [pool-57-thread-1] INFO  server.RaftServerConfigKeys (ConfUtils.java:logGet(43)) - raft.server.log.statemachine.data.sync.timeout.retry = -1 (default)
2019-09-25 05:59:28,649 [pool-57-thread-1] INFO  server.RaftServerConfigKeys (ConfUtils.java:logGet(43)) - raft.server.log.statemachine.data.caching.enabled = true (custom)
2019-09-25 05:59:28,649 [pool-57-thread-1] INFO  segmented.SegmentedRaftLogWorker (SegmentedRaftLogWorker.java:lambda$new$0(132)) - 747dc408-4358-429b-ab46-4dec55806d9b@group-D97A4EAF6F96-SegmentedRaftLogWorker: flushIndex: setUnconditionally 0 -> -1
2019-09-25 05:59:28,650 [pool-57-thread-1] INFO  server.RaftServerConfigKeys (ConfUtils.java:logGet(43)) - raft.server.snapshot.auto.trigger.enabled = true (custom)
2019-09-25 05:59:28,650 [pool-57-thread-1] INFO  server.RaftServerConfigKeys (ConfUtils.java:logGet(43)) - raft.server.snapshot.auto.trigger.threshold = 10000 (custom)
2019-09-25 05:59:28,650 [pool-57-thread-1] INFO  server.RaftServerConfigKeys (ConfUtils.java:logGet(43)) - raft.server.snapshot.retention.num.files = 5 (custom)
2019-09-25 05:59:28,650 [pool-57-thread-1] INFO  server.RaftServerConfigKeys (ConfUtils.java:logGet(43)) - raft.server.retrycache.expirytime = 600000ms (custom)
2019-09-25 05:59:28,653 [pool-57-thread-1] INFO  impl.RaftServerImpl (RaftServerImpl.java:start(185)) - 747dc408-4358-429b-ab46-4dec55806d9b@group-D97A4EAF6F96: start as a follower, conf=-1: [747dc408-4358-429b-ab46-4dec55806d9b:192.168.5.161:37947], old=null
2019-09-25 05:59:28,653 [pool-57-thread-1] INFO  impl.RaftServerImpl (RaftServerImpl.java:setRole(174)) - 747dc408-4358-429b-ab46-4dec55806d9b@group-D97A4EAF6F96: changes role from      null to FOLLOWER at term 0 for startAsFollower
2019-09-25 05:59:28,653 [pool-57-thread-1] INFO  impl.RoleInfo (RoleInfo.java:updateAndGet(143)) - 747dc408-4358-429b-ab46-4dec55806d9b: start FollowerState
2019-09-25 05:59:28,654 [pool-57-thread-1] INFO  util.JmxRegister (JmxRegister.java:tryRegister(44)) - Successfully registered JMX Bean with object name Ratis:service=RaftServer,group=group-D97A4EAF6F96,id=747dc408-4358-429b-ab46-4dec55806d9b
2019-09-25 05:59:28,659 [RatisPipelineUtilsThread] INFO  pipeline.PipelineStateManager (PipelineStateManager.java:addPipeline(56)) - Created pipeline Pipeline[ Id: f420456b-95c8-4cf1-84c9-d97a4eaf6f96, Nodes: 747dc408-4358-429b-ab46-4dec55806d9b{ip: 192.168.5.161, host: pr-hdds-1569-zxpks-796972592, networkLocation: /default-rack, certSerialId: null}, Type:RATIS, Factor:ONE, State:OPEN]
2019-09-25 05:59:28,659 [RatisPipelineUtilsThread] INFO  pipeline.PipelinePlacementPolicy (PipelinePlacementPolicy.java:meetCriteria(91)) - Pipeline Placement: can't place more pipeline on heavy datanode： dcfa33bc-9001-4365-ad5d-758174e05f4c Heaviness: 6 limit: 5
2019-09-25 05:59:28,659 [RatisPipelineUtilsThread] INFO  pipeline.PipelinePlacementPolicy (PipelinePlacementPolicy.java:meetCriteria(91)) - Pipeline Placement: can't place more pipeline on heavy datanode： a70ebb95-9827-4ee9-872e-51470ad9f886 Heaviness: 6 limit: 5
2019-09-25 05:59:28,660 [RatisPipelineUtilsThread] INFO  pipeline.PipelinePlacementPolicy (PipelinePlacementPolicy.java:meetCriteria(91)) - Pipeline Placement: can't place more pipeline on heavy datanode： f8d3684d-44eb-42fd-8c21-2b8ad1aff988 Heaviness: 6 limit: 5
2019-09-25 05:59:28,660 [RatisPipelineUtilsThread] INFO  pipeline.PipelinePlacementPolicy (PipelinePlacementPolicy.java:meetCriteria(91)) - Pipeline Placement: can't place more pipeline on heavy datanode： 327d7864-9593-4c84-9c3b-d4b21327d735 Heaviness: 6 limit: 5
2019-09-25 05:59:28,672 [grpc-default-executor-0] INFO  impl.RaftServerProxy (RaftServerProxy.java:addNew(89)) - 747dc408-4358-429b-ab46-4dec55806d9b: addNew group-9A4CDD8FCE1C:[747dc408-4358-429b-ab46-4dec55806d9b:192.168.5.161:37947] returns group-9A4CDD8FCE1C:java.util.concurrent.CompletableFuture@4c0be408[Not completed]
2019-09-25 05:59:28,673 [pool-57-thread-1] INFO  impl.RaftServerImpl (RaftServerImpl.java:<init>(95)) - 747dc408-4358-429b-ab46-4dec55806d9b: new RaftServerImpl for group-9A4CDD8FCE1C:[747dc408-4358-429b-ab46-4dec55806d9b:192.168.5.161:37947] with ContainerStateMachine:uninitialized
2019-09-25 05:59:28,673 [pool-57-thread-1] INFO  server.RaftServerConfigKeys (ConfUtils.java:logGet(43)) - raft.server.rpc.timeout.min = 5s (custom)
2019-09-25 05:59:28,673 [pool-57-thread-1] INFO  server.RaftServerConfigKeys (ConfUtils.java:logGet(43)) - raft.server.rpc.timeout.max = 5200ms (custom)
2019-09-25 05:59:28,673 [pool-57-thread-1] INFO  server.RaftServerConfigKeys (ConfUtils.java:logGet(43)) - raft.server.rpcslowness.timeout = 120s (custom)
2019-09-25 05:59:28,673 [pool-57-thread-1] INFO  server.RaftServerConfigKeys (ConfUtils.java:logGet(43)) - raft.server.sleep.deviation.threshold = 300 (default)
2019-09-25 05:59:28,674 [pool-57-thread-1] INFO  server.RaftServerConfigKeys (ConfUtils.java:logGet(43)) - raft.server.log.appender.install.snapshot.enabled = false (custom)
2019-09-25 05:59:28,674 [pool-57-thread-1] INFO  impl.RaftServerImpl (ServerState.java:<init>(103)) - 747dc408-4358-429b-ab46-4dec55806d9b@group-9A4CDD8FCE1C: ConfigurationManager, init=-1: [747dc408-4358-429b-ab46-4dec55806d9b:192.168.5.161:37947], old=null, confs=<EMPTY_MAP>
2019-09-25 05:59:28,674 [pool-57-thread-1] INFO  server.RaftServerConfigKeys (ConfUtils.java:logGet(43)) - raft.server.storage.dir = [/workdir/hadoop-ozone/tools/target/test-dir/MiniOzoneClusterImpl-b88d8d95-70e9-47b8-bab6-e4df0797a5ce/datanode-3/data/ratis] (custom)
2019-09-25 05:59:28,674 [pool-57-thread-1] INFO  storage.RaftStorageDirectory (RaftStorageDirectory.java:analyzeStorage(246)) - The storage directory /workdir/hadoop-ozone/tools/target/test-dir/MiniOzoneClusterImpl-b88d8d95-70e9-47b8-bab6-e4df0797a5ce/datanode-3/data/ratis/50d664ce-cd51-4d5b-a9ef-9a4cdd8fce1c does not exist. Creating ...
2019-09-25 05:59:28,677 [pool-57-thread-1] INFO  storage.RaftStorageDirectory (RaftStorageDirectory.java:tryLock(328)) - Lock on /workdir/hadoop-ozone/tools/target/test-dir/MiniOzoneClusterImpl-b88d8d95-70e9-47b8-bab6-e4df0797a5ce/datanode-3/data/ratis/50d664ce-cd51-4d5b-a9ef-9a4cdd8fce1c/in_use.lock acquired by nodename 27182@pr-hdds-1569-zxpks-796972592
2019-09-25 05:59:28,704 [pool-57-thread-1] INFO  storage.RaftStorage (RaftStorage.java:format(72)) - Storage directory /workdir/hadoop-ozone/tools/target/test-dir/MiniOzoneClusterImpl-b88d8d95-70e9-47b8-bab6-e4df0797a5ce/datanode-3/data/ratis/50d664ce-cd51-4d5b-a9ef-9a4cdd8fce1c has been successfully formatted.
2019-09-25 05:59:28,704 [pool-57-thread-1] INFO  ratis.ContainerStateMachine (ContainerStateMachine.java:loadSnapshot(230)) - group-9A4CDD8FCE1C: The snapshot info is null. Setting the last applied indexto:(t:0, i:~)
2019-09-25 05:59:28,704 [pool-57-thread-1] INFO  server.RaftServerConfigKeys (ConfUtils.java:logGet(43)) - raft.server.notification.no-leader.timeout = 120s (custom)
2019-09-25 05:59:28,704 [pool-57-thread-1] INFO  server.RaftServerConfigKeys (ConfUtils.java:logGet(43)) - raft.server.log.use.memory = false (default)
2019-09-25 05:59:28,705 [pool-57-thread-1] INFO  server.RaftServerConfigKeys (ConfUtils.java:logGet(43)) - raft.server.log.purge.gap = 1000000 (custom)
2019-09-25 05:59:28,705 [pool-57-thread-1] INFO  server.RaftServerConfigKeys (ConfUtils.java:logGet(43)) - raft.server.log.appender.buffer.byte-limit = 33554432 (custom)
2019-09-25 05:59:28,705 [pool-57-thread-1] INFO  server.RaftServerConfigKeys (ConfUtils.java:logGet(43)) - raft.server.log.segment.size.max = 1048576 (custom)
2019-09-25 05:59:28,705 [pool-57-thread-1] INFO  server.RaftServerConfigKeys (ConfUtils.java:logGet(43)) - raft.server.log.segment.cache.num.max = 2 (custom)
2019-09-25 05:59:28,705 [pool-57-thread-1] INFO  segmented.SegmentedRaftLogWorker (SegmentedRaftLogWorker.java:<init>(172)) - new 747dc408-4358-429b-ab46-4dec55806d9b@group-9A4CDD8FCE1C-SegmentedRaftLogWorker for RaftStorage:Storage Directory /workdir/hadoop-ozone/tools/target/test-dir/MiniOzoneClusterImpl-b88d8d95-70e9-47b8-bab6-e4df0797a5ce/datanode-3/data/ratis/50d664ce-cd51-4d5b-a9ef-9a4cdd8fce1c
2019-09-25 05:59:28,705 [pool-57-thread-1] INFO  server.RaftServerConfigKeys (ConfUtils.java:logGet(43)) - raft.server.log.queue.byte-limit = 2147483647 (custom)
2019-09-25 05:59:28,705 [pool-57-thread-1] INFO  server.RaftServerConfigKeys (ConfUtils.java:logGet(43)) - raft.server.log.queue.element-limit = 1024 (custom)
2019-09-25 05:59:28,706 [pool-57-thread-1] INFO  server.RaftServerConfigKeys (ConfUtils.java:logGet(43)) - raft.server.log.segment.size.max = 1048576 (custom)
2019-09-25 05:59:28,706 [pool-57-thread-1] INFO  server.RaftServerConfigKeys (ConfUtils.java:logGet(43)) - raft.server.log.preallocated.size = 16384 (custom)
2019-09-25 05:59:28,706 [pool-57-thread-1] INFO  server.RaftServerConfigKeys (ConfUtils.java:logGet(43)) - raft.server.log.write.buffer.size = 33554432 (custom)
2019-09-25 05:59:28,706 [pool-57-thread-1] INFO  server.RaftServerConfigKeys (ConfUtils.java:logGet(43)) - raft.server.log.force.sync.num = 128 (default)
2019-09-25 05:59:28,706 [pool-57-thread-1] INFO  server.RaftServerConfigKeys (ConfUtils.java:logGet(43)) - raft.server.log.statemachine.data.sync = true (default)
2019-09-25 05:59:28,706 [pool-57-thread-1] INFO  server.RaftServerConfigKeys (ConfUtils.java:logGet(43)) - raft.server.log.statemachine.data.sync.timeout = 10s (default)
2019-09-25 05:59:28,707 [pool-57-thread-1] INFO  server.RaftServerConfigKeys (ConfUtils.java:logGet(43)) - raft.server.log.statemachine.data.sync.timeout.retry = -1 (default)
2019-09-25 05:59:28,707 [pool-57-thread-1] INFO  server.RaftServerConfigKeys (ConfUtils.java:logGet(43)) - raft.server.log.statemachine.data.caching.enabled = true (custom)
2019-09-25 05:59:28,707 [pool-57-thread-1] INFO  segmented.SegmentedRaftLogWorker (SegmentedRaftLogWorker.java:lambda$new$0(132)) - 747dc408-4358-429b-ab46-4dec55806d9b@group-9A4CDD8FCE1C-SegmentedRaftLogWorker: flushIndex: setUnconditionally 0 -> -1
2019-09-25 05:59:28,708 [pool-57-thread-1] INFO  server.RaftServerConfigKeys (ConfUtils.java:logGet(43)) - raft.server.snapshot.auto.trigger.enabled = true (custom)
2019-09-25 05:59:28,708 [pool-57-thread-1] INFO  server.RaftServerConfigKeys (ConfUtils.java:logGet(43)) - raft.server.snapshot.auto.trigger.threshold = 10000 (custom)
2019-09-25 05:59:28,708 [pool-57-thread-1] INFO  server.RaftServerConfigKeys (ConfUtils.java:logGet(43)) - raft.server.snapshot.retention.num.files = 5 (custom)
2019-09-25 05:59:28,708 [pool-57-thread-1] INFO  server.RaftServerConfigKeys (ConfUtils.java:logGet(43)) - raft.server.retrycache.expirytime = 600000ms (custom)
2019-09-25 05:59:28,895 [pool-57-thread-1] INFO  impl.RaftServerImpl (RaftServerImpl.java:start(185)) - 747dc408-4358-429b-ab46-4dec55806d9b@group-9A4CDD8FCE1C: start as a follower, conf=-1: [747dc408-4358-429b-ab46-4dec55806d9b:192.168.5.161:37947], old=null
2019-09-25 05:59:28,895 [pool-57-thread-1] INFO  impl.RaftServerImpl (RaftServerImpl.java:setRole(174)) - 747dc408-4358-429b-ab46-4dec55806d9b@group-9A4CDD8FCE1C: changes role from      null to FOLLOWER at term 0 for startAsFollower
2019-09-25 05:59:28,896 [pool-57-thread-1] INFO  impl.RoleInfo (RoleInfo.java:updateAndGet(143)) - 747dc408-4358-429b-ab46-4dec55806d9b: start FollowerState
2019-09-25 05:59:28,896 [pool-57-thread-1] INFO  util.JmxRegister (JmxRegister.java:tryRegister(44)) - Successfully registered JMX Bean with object name Ratis:service=RaftServer,group=group-9A4CDD8FCE1C,id=747dc408-4358-429b-ab46-4dec55806d9b
2019-09-25 05:59:28,901 [RatisPipelineUtilsThread] INFO  pipeline.PipelineStateManager (PipelineStateManager.java:addPipeline(56)) - Created pipeline Pipeline[ Id: 50d664ce-cd51-4d5b-a9ef-9a4cdd8fce1c, Nodes: 747dc408-4358-429b-ab46-4dec55806d9b{ip: 192.168.5.161, host: pr-hdds-1569-zxpks-796972592, networkLocation: /default-rack, certSerialId: null}, Type:RATIS, Factor:ONE, State:OPEN]
2019-09-25 05:59:28,902 [RatisPipelineUtilsThread] INFO  pipeline.PipelinePlacementPolicy (PipelinePlacementPolicy.java:meetCriteria(91)) - Pipeline Placement: can't place more pipeline on heavy datanode： dcfa33bc-9001-4365-ad5d-758174e05f4c Heaviness: 6 limit: 5
2019-09-25 05:59:28,902 [RatisPipelineUtilsThread] INFO  pipeline.PipelinePlacementPolicy (PipelinePlacementPolicy.java:meetCriteria(91)) - Pipeline Placement: can't place more pipeline on heavy datanode： a70ebb95-9827-4ee9-872e-51470ad9f886 Heaviness: 6 limit: 5
2019-09-25 05:59:28,902 [RatisPipelineUtilsThread] INFO  pipeline.PipelinePlacementPolicy (PipelinePlacementPolicy.java:meetCriteria(91)) - Pipeline Placement: can't place more pipeline on heavy datanode： f8d3684d-44eb-42fd-8c21-2b8ad1aff988 Heaviness: 6 limit: 5
2019-09-25 05:59:28,902 [RatisPipelineUtilsThread] INFO  pipeline.PipelinePlacementPolicy (PipelinePlacementPolicy.java:meetCriteria(91)) - Pipeline Placement: can't place more pipeline on heavy datanode： 327d7864-9593-4c84-9c3b-d4b21327d735 Heaviness: 6 limit: 5
2019-09-25 05:59:28,912 [grpc-default-executor-0] INFO  impl.RaftServerProxy (RaftServerProxy.java:addNew(89)) - 747dc408-4358-429b-ab46-4dec55806d9b: addNew group-3C27EC60B249:[747dc408-4358-429b-ab46-4dec55806d9b:192.168.5.161:37947] returns group-3C27EC60B249:java.util.concurrent.CompletableFuture@5c159bd3[Not completed]
2019-09-25 05:59:28,913 [pool-57-thread-1] INFO  impl.RaftServerImpl (RaftServerImpl.java:<init>(95)) - 747dc408-4358-429b-ab46-4dec55806d9b: new RaftServerImpl for group-3C27EC60B249:[747dc408-4358-429b-ab46-4dec55806d9b:192.168.5.161:37947] with ContainerStateMachine:uninitialized
2019-09-25 05:59:28,913 [pool-57-thread-1] INFO  server.RaftServerConfigKeys (ConfUtils.java:logGet(43)) - raft.server.rpc.timeout.min = 5s (custom)
2019-09-25 05:59:28,913 [pool-57-thread-1] INFO  server.RaftServerConfigKeys (ConfUtils.java:logGet(43)) - raft.server.rpc.timeout.max = 5200ms (custom)
2019-09-25 05:59:28,913 [pool-57-thread-1] INFO  server.RaftServerConfigKeys (ConfUtils.java:logGet(43)) - raft.server.rpcslowness.timeout = 120s (custom)
2019-09-25 05:59:28,914 [pool-57-thread-1] INFO  server.RaftServerConfigKeys (ConfUtils.java:logGet(43)) - raft.server.sleep.deviation.threshold = 300 (default)
2019-09-25 05:59:28,914 [pool-57-thread-1] INFO  server.RaftServerConfigKeys (ConfUtils.java:logGet(43)) - raft.server.log.appender.install.snapshot.enabled = false (custom)
2019-09-25 05:59:28,914 [pool-57-thread-1] INFO  impl.RaftServerImpl (ServerState.java:<init>(103)) - 747dc408-4358-429b-ab46-4dec55806d9b@group-3C27EC60B249: ConfigurationManager, init=-1: [747dc408-4358-429b-ab46-4dec55806d9b:192.168.5.161:37947], old=null, confs=<EMPTY_MAP>
2019-09-25 05:59:28,914 [pool-57-thread-1] INFO  server.RaftServerConfigKeys (ConfUtils.java:logGet(43)) - raft.server.storage.dir = [/workdir/hadoop-ozone/tools/target/test-dir/MiniOzoneClusterImpl-b88d8d95-70e9-47b8-bab6-e4df0797a5ce/datanode-3/data/ratis] (custom)
2019-09-25 05:59:28,914 [pool-57-thread-1] INFO  storage.RaftStorageDirectory (RaftStorageDirectory.java:analyzeStorage(246)) - The storage directory /workdir/hadoop-ozone/tools/target/test-dir/MiniOzoneClusterImpl-b88d8d95-70e9-47b8-bab6-e4df0797a5ce/datanode-3/data/ratis/eda69709-a86b-4192-86ce-3c27ec60b249 does not exist. Creating ...
2019-09-25 05:59:28,927 [pool-57-thread-1] INFO  storage.RaftStorageDirectory (RaftStorageDirectory.java:tryLock(328)) - Lock on /workdir/hadoop-ozone/tools/target/test-dir/MiniOzoneClusterImpl-b88d8d95-70e9-47b8-bab6-e4df0797a5ce/datanode-3/data/ratis/eda69709-a86b-4192-86ce-3c27ec60b249/in_use.lock acquired by nodename 27182@pr-hdds-1569-zxpks-796972592
2019-09-25 05:59:28,939 [pool-57-thread-1] INFO  storage.RaftStorage (RaftStorage.java:format(72)) - Storage directory /workdir/hadoop-ozone/tools/target/test-dir/MiniOzoneClusterImpl-b88d8d95-70e9-47b8-bab6-e4df0797a5ce/datanode-3/data/ratis/eda69709-a86b-4192-86ce-3c27ec60b249 has been successfully formatted.
2019-09-25 05:59:28,939 [pool-57-thread-1] INFO  ratis.ContainerStateMachine (ContainerStateMachine.java:loadSnapshot(230)) - group-3C27EC60B249: The snapshot info is null. Setting the last applied indexto:(t:0, i:~)
2019-09-25 05:59:28,939 [pool-57-thread-1] INFO  server.RaftServerConfigKeys (ConfUtils.java:logGet(43)) - raft.server.notification.no-leader.timeout = 120s (custom)
2019-09-25 05:59:28,939 [pool-57-thread-1] INFO  server.RaftServerConfigKeys (ConfUtils.java:logGet(43)) - raft.server.log.use.memory = false (default)
2019-09-25 05:59:28,939 [pool-57-thread-1] INFO  server.RaftServerConfigKeys (ConfUtils.java:logGet(43)) - raft.server.log.purge.gap = 1000000 (custom)
2019-09-25 05:59:28,939 [pool-57-thread-1] INFO  server.RaftServerConfigKeys (ConfUtils.java:logGet(43)) - raft.server.log.appender.buffer.byte-limit = 33554432 (custom)
2019-09-25 05:59:28,940 [pool-57-thread-1] INFO  server.RaftServerConfigKeys (ConfUtils.java:logGet(43)) - raft.server.log.segment.size.max = 1048576 (custom)
2019-09-25 05:59:28,940 [pool-57-thread-1] INFO  server.RaftServerConfigKeys (ConfUtils.java:logGet(43)) - raft.server.log.segment.cache.num.max = 2 (custom)
2019-09-25 05:59:28,940 [pool-57-thread-1] INFO  segmented.SegmentedRaftLogWorker (SegmentedRaftLogWorker.java:<init>(172)) - new 747dc408-4358-429b-ab46-4dec55806d9b@group-3C27EC60B249-SegmentedRaftLogWorker for RaftStorage:Storage Directory /workdir/hadoop-ozone/tools/target/test-dir/MiniOzoneClusterImpl-b88d8d95-70e9-47b8-bab6-e4df0797a5ce/datanode-3/data/ratis/eda69709-a86b-4192-86ce-3c27ec60b249
2019-09-25 05:59:28,940 [pool-57-thread-1] INFO  server.RaftServerConfigKeys (ConfUtils.java:logGet(43)) - raft.server.log.queue.byte-limit = 2147483647 (custom)
2019-09-25 05:59:28,940 [pool-57-thread-1] INFO  server.RaftServerConfigKeys (ConfUtils.java:logGet(43)) - raft.server.log.queue.element-limit = 1024 (custom)
2019-09-25 05:59:28,940 [pool-57-thread-1] INFO  server.RaftServerConfigKeys (ConfUtils.java:logGet(43)) - raft.server.log.segment.size.max = 1048576 (custom)
2019-09-25 05:59:28,940 [pool-57-thread-1] INFO  server.RaftServerConfigKeys (ConfUtils.java:logGet(43)) - raft.server.log.preallocated.size = 16384 (custom)
2019-09-25 05:59:28,940 [pool-57-thread-1] INFO  server.RaftServerConfigKeys (ConfUtils.java:logGet(43)) - raft.server.log.write.buffer.size = 33554432 (custom)
2019-09-25 05:59:28,940 [pool-57-thread-1] INFO  server.RaftServerConfigKeys (ConfUtils.java:logGet(43)) - raft.server.log.force.sync.num = 128 (default)
2019-09-25 05:59:28,941 [pool-57-thread-1] INFO  server.RaftServerConfigKeys (ConfUtils.java:logGet(43)) - raft.server.log.statemachine.data.sync = true (default)
2019-09-25 05:59:28,941 [pool-57-thread-1] INFO  server.RaftServerConfigKeys (ConfUtils.java:logGet(43)) - raft.server.log.statemachine.data.sync.timeout = 10s (default)
2019-09-25 05:59:28,941 [pool-57-thread-1] INFO  server.RaftServerConfigKeys (ConfUtils.java:logGet(43)) - raft.server.log.statemachine.data.sync.timeout.retry = -1 (default)
2019-09-25 05:59:28,941 [pool-57-thread-1] INFO  server.RaftServerConfigKeys (ConfUtils.java:logGet(43)) - raft.server.log.statemachine.data.caching.enabled = true (custom)
2019-09-25 05:59:28,941 [pool-57-thread-1] INFO  segmented.SegmentedRaftLogWorker (SegmentedRaftLogWorker.java:lambda$new$0(132)) - 747dc408-4358-429b-ab46-4dec55806d9b@group-3C27EC60B249-SegmentedRaftLogWorker: flushIndex: setUnconditionally 0 -> -1
2019-09-25 05:59:28,942 [pool-57-thread-1] INFO  server.RaftServerConfigKeys (ConfUtils.java:logGet(43)) - raft.server.snapshot.auto.trigger.enabled = true (custom)
2019-09-25 05:59:28,942 [pool-57-thread-1] INFO  server.RaftServerConfigKeys (ConfUtils.java:logGet(43)) - raft.server.snapshot.auto.trigger.threshold = 10000 (custom)
2019-09-25 05:59:28,942 [pool-57-thread-1] INFO  server.RaftServerConfigKeys (ConfUtils.java:logGet(43)) - raft.server.snapshot.retention.num.files = 5 (custom)
2019-09-25 05:59:28,942 [pool-57-thread-1] INFO  server.RaftServerConfigKeys (ConfUtils.java:logGet(43)) - raft.server.retrycache.expirytime = 600000ms (custom)
2019-09-25 05:59:28,944 [pool-57-thread-1] INFO  impl.RaftServerImpl (RaftServerImpl.java:start(185)) - 747dc408-4358-429b-ab46-4dec55806d9b@group-3C27EC60B249: start as a follower, conf=-1: [747dc408-4358-429b-ab46-4dec55806d9b:192.168.5.161:37947], old=null
2019-09-25 05:59:28,944 [pool-57-thread-1] INFO  impl.RaftServerImpl (RaftServerImpl.java:setRole(174)) - 747dc408-4358-429b-ab46-4dec55806d9b@group-3C27EC60B249: changes role from      null to FOLLOWER at term 0 for startAsFollower
2019-09-25 05:59:28,944 [pool-57-thread-1] INFO  impl.RoleInfo (RoleInfo.java:updateAndGet(143)) - 747dc408-4358-429b-ab46-4dec55806d9b: start FollowerState
2019-09-25 05:59:28,944 [pool-57-thread-1] INFO  util.JmxRegister (JmxRegister.java:tryRegister(44)) - Successfully registered JMX Bean with object name Ratis:service=RaftServer,group=group-3C27EC60B249,id=747dc408-4358-429b-ab46-4dec55806d9b
2019-09-25 05:59:28,949 [RatisPipelineUtilsThread] INFO  pipeline.PipelineStateManager (PipelineStateManager.java:addPipeline(56)) - Created pipeline Pipeline[ Id: eda69709-a86b-4192-86ce-3c27ec60b249, Nodes: 747dc408-4358-429b-ab46-4dec55806d9b{ip: 192.168.5.161, host: pr-hdds-1569-zxpks-796972592, networkLocation: /default-rack, certSerialId: null}, Type:RATIS, Factor:ONE, State:OPEN]
2019-09-25 05:59:28,949 [RatisPipelineUtilsThread] INFO  pipeline.PipelinePlacementPolicy (PipelinePlacementPolicy.java:meetCriteria(91)) - Pipeline Placement: can't place more pipeline on heavy datanode： dcfa33bc-9001-4365-ad5d-758174e05f4c Heaviness: 6 limit: 5
2019-09-25 05:59:28,949 [RatisPipelineUtilsThread] INFO  pipeline.PipelinePlacementPolicy (PipelinePlacementPolicy.java:meetCriteria(91)) - Pipeline Placement: can't place more pipeline on heavy datanode： a70ebb95-9827-4ee9-872e-51470ad9f886 Heaviness: 6 limit: 5
2019-09-25 05:59:28,949 [RatisPipelineUtilsThread] INFO  pipeline.PipelinePlacementPolicy (PipelinePlacementPolicy.java:meetCriteria(91)) - Pipeline Placement: can't place more pipeline on heavy datanode： f8d3684d-44eb-42fd-8c21-2b8ad1aff988 Heaviness: 6 limit: 5
2019-09-25 05:59:28,950 [RatisPipelineUtilsThread] INFO  pipeline.PipelinePlacementPolicy (PipelinePlacementPolicy.java:meetCriteria(91)) - Pipeline Placement: can't place more pipeline on heavy datanode： 327d7864-9593-4c84-9c3b-d4b21327d735 Heaviness: 6 limit: 5
2019-09-25 05:59:28,959 [grpc-default-executor-0] INFO  impl.RaftServerProxy (RaftServerProxy.java:addNew(89)) - 747dc408-4358-429b-ab46-4dec55806d9b: addNew group-DA127A4503D5:[747dc408-4358-429b-ab46-4dec55806d9b:192.168.5.161:37947] returns group-DA127A4503D5:java.util.concurrent.CompletableFuture@54be5ce3[Not completed]
2019-09-25 05:59:28,960 [pool-57-thread-1] INFO  impl.RaftServerImpl (RaftServerImpl.java:<init>(95)) - 747dc408-4358-429b-ab46-4dec55806d9b: new RaftServerImpl for group-DA127A4503D5:[747dc408-4358-429b-ab46-4dec55806d9b:192.168.5.161:37947] with ContainerStateMachine:uninitialized
2019-09-25 05:59:28,960 [pool-57-thread-1] INFO  server.RaftServerConfigKeys (ConfUtils.java:logGet(43)) - raft.server.rpc.timeout.min = 5s (custom)
2019-09-25 05:59:28,960 [pool-57-thread-1] INFO  server.RaftServerConfigKeys (ConfUtils.java:logGet(43)) - raft.server.rpc.timeout.max = 5200ms (custom)
2019-09-25 05:59:28,960 [pool-57-thread-1] INFO  server.RaftServerConfigKeys (ConfUtils.java:logGet(43)) - raft.server.rpcslowness.timeout = 120s (custom)
2019-09-25 05:59:28,960 [pool-57-thread-1] INFO  server.RaftServerConfigKeys (ConfUtils.java:logGet(43)) - raft.server.sleep.deviation.threshold = 300 (default)
2019-09-25 05:59:28,960 [pool-57-thread-1] INFO  server.RaftServerConfigKeys (ConfUtils.java:logGet(43)) - raft.server.log.appender.install.snapshot.enabled = false (custom)
2019-09-25 05:59:28,960 [pool-57-thread-1] INFO  impl.RaftServerImpl (ServerState.java:<init>(103)) - 747dc408-4358-429b-ab46-4dec55806d9b@group-DA127A4503D5: ConfigurationManager, init=-1: [747dc408-4358-429b-ab46-4dec55806d9b:192.168.5.161:37947], old=null, confs=<EMPTY_MAP>
2019-09-25 05:59:28,961 [pool-57-thread-1] INFO  server.RaftServerConfigKeys (ConfUtils.java:logGet(43)) - raft.server.storage.dir = [/workdir/hadoop-ozone/tools/target/test-dir/MiniOzoneClusterImpl-b88d8d95-70e9-47b8-bab6-e4df0797a5ce/datanode-3/data/ratis] (custom)
2019-09-25 05:59:28,961 [pool-57-thread-1] INFO  storage.RaftStorageDirectory (RaftStorageDirectory.java:analyzeStorage(246)) - The storage directory /workdir/hadoop-ozone/tools/target/test-dir/MiniOzoneClusterImpl-b88d8d95-70e9-47b8-bab6-e4df0797a5ce/datanode-3/data/ratis/c8b4c51f-1718-4f31-8ead-da127a4503d5 does not exist. Creating ...
2019-09-25 05:59:28,973 [pool-57-thread-1] INFO  storage.RaftStorageDirectory (RaftStorageDirectory.java:tryLock(328)) - Lock on /workdir/hadoop-ozone/tools/target/test-dir/MiniOzoneClusterImpl-b88d8d95-70e9-47b8-bab6-e4df0797a5ce/datanode-3/data/ratis/c8b4c51f-1718-4f31-8ead-da127a4503d5/in_use.lock acquired by nodename 27182@pr-hdds-1569-zxpks-796972592
2019-09-25 05:59:28,985 [pool-57-thread-1] INFO  storage.RaftStorage (RaftStorage.java:format(72)) - Storage directory /workdir/hadoop-ozone/tools/target/test-dir/MiniOzoneClusterImpl-b88d8d95-70e9-47b8-bab6-e4df0797a5ce/datanode-3/data/ratis/c8b4c51f-1718-4f31-8ead-da127a4503d5 has been successfully formatted.
2019-09-25 05:59:28,986 [pool-57-thread-1] INFO  ratis.ContainerStateMachine (ContainerStateMachine.java:loadSnapshot(230)) - group-DA127A4503D5: The snapshot info is null. Setting the last applied indexto:(t:0, i:~)
2019-09-25 05:59:28,986 [pool-57-thread-1] INFO  server.RaftServerConfigKeys (ConfUtils.java:logGet(43)) - raft.server.notification.no-leader.timeout = 120s (custom)
2019-09-25 05:59:28,986 [pool-57-thread-1] INFO  server.RaftServerConfigKeys (ConfUtils.java:logGet(43)) - raft.server.log.use.memory = false (default)
2019-09-25 05:59:28,986 [pool-57-thread-1] INFO  server.RaftServerConfigKeys (ConfUtils.java:logGet(43)) - raft.server.log.purge.gap = 1000000 (custom)
2019-09-25 05:59:28,986 [pool-57-thread-1] INFO  server.RaftServerConfigKeys (ConfUtils.java:logGet(43)) - raft.server.log.appender.buffer.byte-limit = 33554432 (custom)
2019-09-25 05:59:28,986 [pool-57-thread-1] INFO  server.RaftServerConfigKeys (ConfUtils.java:logGet(43)) - raft.server.log.segment.size.max = 1048576 (custom)
2019-09-25 05:59:28,986 [pool-57-thread-1] INFO  server.RaftServerConfigKeys (ConfUtils.java:logGet(43)) - raft.server.log.segment.cache.num.max = 2 (custom)
2019-09-25 05:59:28,987 [pool-57-thread-1] INFO  segmented.SegmentedRaftLogWorker (SegmentedRaftLogWorker.java:<init>(172)) - new 747dc408-4358-429b-ab46-4dec55806d9b@group-DA127A4503D5-SegmentedRaftLogWorker for RaftStorage:Storage Directory /workdir/hadoop-ozone/tools/target/test-dir/MiniOzoneClusterImpl-b88d8d95-70e9-47b8-bab6-e4df0797a5ce/datanode-3/data/ratis/c8b4c51f-1718-4f31-8ead-da127a4503d5
2019-09-25 05:59:28,987 [pool-57-thread-1] INFO  server.RaftServerConfigKeys (ConfUtils.java:logGet(43)) - raft.server.log.queue.byte-limit = 2147483647 (custom)
2019-09-25 05:59:28,987 [pool-57-thread-1] INFO  server.RaftServerConfigKeys (ConfUtils.java:logGet(43)) - raft.server.log.queue.element-limit = 1024 (custom)
2019-09-25 05:59:28,987 [pool-57-thread-1] INFO  server.RaftServerConfigKeys (ConfUtils.java:logGet(43)) - raft.server.log.segment.size.max = 1048576 (custom)
2019-09-25 05:59:28,987 [pool-57-thread-1] INFO  server.RaftServerConfigKeys (ConfUtils.java:logGet(43)) - raft.server.log.preallocated.size = 16384 (custom)
2019-09-25 05:59:28,987 [pool-57-thread-1] INFO  server.RaftServerConfigKeys (ConfUtils.java:logGet(43)) - raft.server.log.write.buffer.size = 33554432 (custom)
2019-09-25 05:59:28,987 [pool-57-thread-1] INFO  server.RaftServerConfigKeys (ConfUtils.java:logGet(43)) - raft.server.log.force.sync.num = 128 (default)
2019-09-25 05:59:28,987 [pool-57-thread-1] INFO  server.RaftServerConfigKeys (ConfUtils.java:logGet(43)) - raft.server.log.statemachine.data.sync = true (default)
2019-09-25 05:59:28,988 [pool-57-thread-1] INFO  server.RaftServerConfigKeys (ConfUtils.java:logGet(43)) - raft.server.log.statemachine.data.sync.timeout = 10s (default)
2019-09-25 05:59:28,988 [pool-57-thread-1] INFO  server.RaftServerConfigKeys (ConfUtils.java:logGet(43)) - raft.server.log.statemachine.data.sync.timeout.retry = -1 (default)
2019-09-25 05:59:28,988 [pool-57-thread-1] INFO  server.RaftServerConfigKeys (ConfUtils.java:logGet(43)) - raft.server.log.statemachine.data.caching.enabled = true (custom)
2019-09-25 05:59:28,988 [pool-57-thread-1] INFO  segmented.SegmentedRaftLogWorker (SegmentedRaftLogWorker.java:lambda$new$0(132)) - 747dc408-4358-429b-ab46-4dec55806d9b@group-DA127A4503D5-SegmentedRaftLogWorker: flushIndex: setUnconditionally 0 -> -1
2019-09-25 05:59:28,988 [pool-57-thread-1] INFO  server.RaftServerConfigKeys (ConfUtils.java:logGet(43)) - raft.server.snapshot.auto.trigger.enabled = true (custom)
2019-09-25 05:59:28,988 [pool-57-thread-1] INFO  server.RaftServerConfigKeys (ConfUtils.java:logGet(43)) - raft.server.snapshot.auto.trigger.threshold = 10000 (custom)
2019-09-25 05:59:28,989 [pool-57-thread-1] INFO  server.RaftServerConfigKeys (ConfUtils.java:logGet(43)) - raft.server.snapshot.retention.num.files = 5 (custom)
2019-09-25 05:59:28,989 [pool-57-thread-1] INFO  server.RaftServerConfigKeys (ConfUtils.java:logGet(43)) - raft.server.retrycache.expirytime = 600000ms (custom)
2019-09-25 05:59:28,991 [pool-57-thread-1] INFO  impl.RaftServerImpl (RaftServerImpl.java:start(185)) - 747dc408-4358-429b-ab46-4dec55806d9b@group-DA127A4503D5: start as a follower, conf=-1: [747dc408-4358-429b-ab46-4dec55806d9b:192.168.5.161:37947], old=null
2019-09-25 05:59:28,991 [pool-57-thread-1] INFO  impl.RaftServerImpl (RaftServerImpl.java:setRole(174)) - 747dc408-4358-429b-ab46-4dec55806d9b@group-DA127A4503D5: changes role from      null to FOLLOWER at term 0 for startAsFollower
2019-09-25 05:59:28,991 [pool-57-thread-1] INFO  impl.RoleInfo (RoleInfo.java:updateAndGet(143)) - 747dc408-4358-429b-ab46-4dec55806d9b: start FollowerState
2019-09-25 05:59:28,991 [pool-57-thread-1] INFO  util.JmxRegister (JmxRegister.java:tryRegister(44)) - Successfully registered JMX Bean with object name Ratis:service=RaftServer,group=group-DA127A4503D5,id=747dc408-4358-429b-ab46-4dec55806d9b
2019-09-25 05:59:28,996 [RatisPipelineUtilsThread] INFO  pipeline.PipelineStateManager (PipelineStateManager.java:addPipeline(56)) - Created pipeline Pipeline[ Id: c8b4c51f-1718-4f31-8ead-da127a4503d5, Nodes: 747dc408-4358-429b-ab46-4dec55806d9b{ip: 192.168.5.161, host: pr-hdds-1569-zxpks-796972592, networkLocation: /default-rack, certSerialId: null}, Type:RATIS, Factor:ONE, State:OPEN]
2019-09-25 05:59:28,996 [RatisPipelineUtilsThread] INFO  pipeline.PipelinePlacementPolicy (PipelinePlacementPolicy.java:meetCriteria(91)) - Pipeline Placement: can't place more pipeline on heavy datanode： dcfa33bc-9001-4365-ad5d-758174e05f4c Heaviness: 6 limit: 5
2019-09-25 05:59:28,996 [RatisPipelineUtilsThread] INFO  pipeline.PipelinePlacementPolicy (PipelinePlacementPolicy.java:meetCriteria(91)) - Pipeline Placement: can't place more pipeline on heavy datanode： a70ebb95-9827-4ee9-872e-51470ad9f886 Heaviness: 6 limit: 5
2019-09-25 05:59:28,996 [RatisPipelineUtilsThread] INFO  pipeline.PipelinePlacementPolicy (PipelinePlacementPolicy.java:meetCriteria(91)) - Pipeline Placement: can't place more pipeline on heavy datanode： f8d3684d-44eb-42fd-8c21-2b8ad1aff988 Heaviness: 6 limit: 5
2019-09-25 05:59:28,997 [RatisPipelineUtilsThread] INFO  pipeline.PipelinePlacementPolicy (PipelinePlacementPolicy.java:meetCriteria(91)) - Pipeline Placement: can't place more pipeline on heavy datanode： 327d7864-9593-4c84-9c3b-d4b21327d735 Heaviness: 6 limit: 5
2019-09-25 05:59:29,005 [grpc-default-executor-0] INFO  impl.RaftServerProxy (RaftServerProxy.java:addNew(89)) - 747dc408-4358-429b-ab46-4dec55806d9b: addNew group-E1358FB78787:[747dc408-4358-429b-ab46-4dec55806d9b:192.168.5.161:37947] returns group-E1358FB78787:java.util.concurrent.CompletableFuture@337c8ebb[Not completed]
2019-09-25 05:59:29,006 [pool-57-thread-1] INFO  impl.RaftServerImpl (RaftServerImpl.java:<init>(95)) - 747dc408-4358-429b-ab46-4dec55806d9b: new RaftServerImpl for group-E1358FB78787:[747dc408-4358-429b-ab46-4dec55806d9b:192.168.5.161:37947] with ContainerStateMachine:uninitialized
2019-09-25 05:59:29,006 [pool-57-thread-1] INFO  server.RaftServerConfigKeys (ConfUtils.java:logGet(43)) - raft.server.rpc.timeout.min = 5s (custom)
2019-09-25 05:59:29,006 [pool-57-thread-1] INFO  server.RaftServerConfigKeys (ConfUtils.java:logGet(43)) - raft.server.rpc.timeout.max = 5200ms (custom)
2019-09-25 05:59:29,007 [pool-57-thread-1] INFO  server.RaftServerConfigKeys (ConfUtils.java:logGet(43)) - raft.server.rpcslowness.timeout = 120s (custom)
2019-09-25 05:59:29,007 [pool-57-thread-1] INFO  server.RaftServerConfigKeys (ConfUtils.java:logGet(43)) - raft.server.sleep.deviation.threshold = 300 (default)
2019-09-25 05:59:29,007 [pool-57-thread-1] INFO  server.RaftServerConfigKeys (ConfUtils.java:logGet(43)) - raft.server.log.appender.install.snapshot.enabled = false (custom)
2019-09-25 05:59:29,007 [pool-57-thread-1] INFO  impl.RaftServerImpl (ServerState.java:<init>(103)) - 747dc408-4358-429b-ab46-4dec55806d9b@group-E1358FB78787: ConfigurationManager, init=-1: [747dc408-4358-429b-ab46-4dec55806d9b:192.168.5.161:37947], old=null, confs=<EMPTY_MAP>
2019-09-25 05:59:29,007 [pool-57-thread-1] INFO  server.RaftServerConfigKeys (ConfUtils.java:logGet(43)) - raft.server.storage.dir = [/workdir/hadoop-ozone/tools/target/test-dir/MiniOzoneClusterImpl-b88d8d95-70e9-47b8-bab6-e4df0797a5ce/datanode-3/data/ratis] (custom)
2019-09-25 05:59:29,007 [pool-57-thread-1] INFO  storage.RaftStorageDirectory (RaftStorageDirectory.java:analyzeStorage(246)) - The storage directory /workdir/hadoop-ozone/tools/target/test-dir/MiniOzoneClusterImpl-b88d8d95-70e9-47b8-bab6-e4df0797a5ce/datanode-3/data/ratis/09922828-2f95-42e4-8200-e1358fb78787 does not exist. Creating ...
2019-09-25 05:59:29,020 [pool-57-thread-1] INFO  storage.RaftStorageDirectory (RaftStorageDirectory.java:tryLock(328)) - Lock on /workdir/hadoop-ozone/tools/target/test-dir/MiniOzoneClusterImpl-b88d8d95-70e9-47b8-bab6-e4df0797a5ce/datanode-3/data/ratis/09922828-2f95-42e4-8200-e1358fb78787/in_use.lock acquired by nodename 27182@pr-hdds-1569-zxpks-796972592
2019-09-25 05:59:29,033 [pool-57-thread-1] INFO  storage.RaftStorage (RaftStorage.java:format(72)) - Storage directory /workdir/hadoop-ozone/tools/target/test-dir/MiniOzoneClusterImpl-b88d8d95-70e9-47b8-bab6-e4df0797a5ce/datanode-3/data/ratis/09922828-2f95-42e4-8200-e1358fb78787 has been successfully formatted.
2019-09-25 05:59:29,033 [pool-57-thread-1] INFO  ratis.ContainerStateMachine (ContainerStateMachine.java:loadSnapshot(230)) - group-E1358FB78787: The snapshot info is null. Setting the last applied indexto:(t:0, i:~)
2019-09-25 05:59:29,033 [pool-57-thread-1] INFO  server.RaftServerConfigKeys (ConfUtils.java:logGet(43)) - raft.server.notification.no-leader.timeout = 120s (custom)
2019-09-25 05:59:29,033 [pool-57-thread-1] INFO  server.RaftServerConfigKeys (ConfUtils.java:logGet(43)) - raft.server.log.use.memory = false (default)
2019-09-25 05:59:29,033 [pool-57-thread-1] INFO  server.RaftServerConfigKeys (ConfUtils.java:logGet(43)) - raft.server.log.purge.gap = 1000000 (custom)
2019-09-25 05:59:29,033 [pool-57-thread-1] INFO  server.RaftServerConfigKeys (ConfUtils.java:logGet(43)) - raft.server.log.appender.buffer.byte-limit = 33554432 (custom)
2019-09-25 05:59:29,034 [pool-57-thread-1] INFO  server.RaftServerConfigKeys (ConfUtils.java:logGet(43)) - raft.server.log.segment.size.max = 1048576 (custom)
2019-09-25 05:59:29,034 [pool-57-thread-1] INFO  server.RaftServerConfigKeys (ConfUtils.java:logGet(43)) - raft.server.log.segment.cache.num.max = 2 (custom)
2019-09-25 05:59:29,034 [pool-57-thread-1] INFO  segmented.SegmentedRaftLogWorker (SegmentedRaftLogWorker.java:<init>(172)) - new 747dc408-4358-429b-ab46-4dec55806d9b@group-E1358FB78787-SegmentedRaftLogWorker for RaftStorage:Storage Directory /workdir/hadoop-ozone/tools/target/test-dir/MiniOzoneClusterImpl-b88d8d95-70e9-47b8-bab6-e4df0797a5ce/datanode-3/data/ratis/09922828-2f95-42e4-8200-e1358fb78787
2019-09-25 05:59:29,034 [pool-57-thread-1] INFO  server.RaftServerConfigKeys (ConfUtils.java:logGet(43)) - raft.server.log.queue.byte-limit = 2147483647 (custom)
2019-09-25 05:59:29,034 [pool-57-thread-1] INFO  server.RaftServerConfigKeys (ConfUtils.java:logGet(43)) - raft.server.log.queue.element-limit = 1024 (custom)
2019-09-25 05:59:29,034 [pool-57-thread-1] INFO  server.RaftServerConfigKeys (ConfUtils.java:logGet(43)) - raft.server.log.segment.size.max = 1048576 (custom)
2019-09-25 05:59:29,034 [pool-57-thread-1] INFO  server.RaftServerConfigKeys (ConfUtils.java:logGet(43)) - raft.server.log.preallocated.size = 16384 (custom)
2019-09-25 05:59:29,034 [pool-57-thread-1] INFO  server.RaftServerConfigKeys (ConfUtils.java:logGet(43)) - raft.server.log.write.buffer.size = 33554432 (custom)
2019-09-25 05:59:29,035 [pool-57-thread-1] INFO  server.RaftServerConfigKeys (ConfUtils.java:logGet(43)) - raft.server.log.force.sync.num = 128 (default)
2019-09-25 05:59:29,035 [pool-57-thread-1] INFO  server.RaftServerConfigKeys (ConfUtils.java:logGet(43)) - raft.server.log.statemachine.data.sync = true (default)
2019-09-25 05:59:29,035 [pool-57-thread-1] INFO  server.RaftServerConfigKeys (ConfUtils.java:logGet(43)) - raft.server.log.statemachine.data.sync.timeout = 10s (default)
2019-09-25 05:59:29,035 [pool-57-thread-1] INFO  server.RaftServerConfigKeys (ConfUtils.java:logGet(43)) - raft.server.log.statemachine.data.sync.timeout.retry = -1 (default)
2019-09-25 05:59:29,035 [pool-57-thread-1] INFO  server.RaftServerConfigKeys (ConfUtils.java:logGet(43)) - raft.server.log.statemachine.data.caching.enabled = true (custom)
2019-09-25 05:59:29,035 [pool-57-thread-1] INFO  segmented.SegmentedRaftLogWorker (SegmentedRaftLogWorker.java:lambda$new$0(132)) - 747dc408-4358-429b-ab46-4dec55806d9b@group-E1358FB78787-SegmentedRaftLogWorker: flushIndex: setUnconditionally 0 -> -1
2019-09-25 05:59:29,036 [pool-57-thread-1] INFO  server.RaftServerConfigKeys (ConfUtils.java:logGet(43)) - raft.server.snapshot.auto.trigger.enabled = true (custom)
2019-09-25 05:59:29,036 [pool-57-thread-1] INFO  server.RaftServerConfigKeys (ConfUtils.java:logGet(43)) - raft.server.snapshot.auto.trigger.threshold = 10000 (custom)
2019-09-25 05:59:29,036 [pool-57-thread-1] INFO  server.RaftServerConfigKeys (ConfUtils.java:logGet(43)) - raft.server.snapshot.retention.num.files = 5 (custom)
2019-09-25 05:59:29,036 [pool-57-thread-1] INFO  server.RaftServerConfigKeys (ConfUtils.java:logGet(43)) - raft.server.retrycache.expirytime = 600000ms (custom)
2019-09-25 05:59:29,038 [pool-57-thread-1] INFO  impl.RaftServerImpl (RaftServerImpl.java:start(185)) - 747dc408-4358-429b-ab46-4dec55806d9b@group-E1358FB78787: start as a follower, conf=-1: [747dc408-4358-429b-ab46-4dec55806d9b:192.168.5.161:37947], old=null
2019-09-25 05:59:29,038 [pool-57-thread-1] INFO  impl.RaftServerImpl (RaftServerImpl.java:setRole(174)) - 747dc408-4358-429b-ab46-4dec55806d9b@group-E1358FB78787: changes role from      null to FOLLOWER at term 0 for startAsFollower
2019-09-25 05:59:29,038 [pool-57-thread-1] INFO  impl.RoleInfo (RoleInfo.java:updateAndGet(143)) - 747dc408-4358-429b-ab46-4dec55806d9b: start FollowerState
2019-09-25 05:59:29,039 [pool-57-thread-1] INFO  util.JmxRegister (JmxRegister.java:tryRegister(44)) - Successfully registered JMX Bean with object name Ratis:service=RaftServer,group=group-E1358FB78787,id=747dc408-4358-429b-ab46-4dec55806d9b
2019-09-25 05:59:29,043 [RatisPipelineUtilsThread] INFO  pipeline.PipelineStateManager (PipelineStateManager.java:addPipeline(56)) - Created pipeline Pipeline[ Id: 09922828-2f95-42e4-8200-e1358fb78787, Nodes: 747dc408-4358-429b-ab46-4dec55806d9b{ip: 192.168.5.161, host: pr-hdds-1569-zxpks-796972592, networkLocation: /default-rack, certSerialId: null}, Type:RATIS, Factor:ONE, State:OPEN]
2019-09-25 05:59:29,043 [RatisPipelineUtilsThread] INFO  pipeline.PipelinePlacementPolicy (PipelinePlacementPolicy.java:meetCriteria(91)) - Pipeline Placement: can't place more pipeline on heavy datanode： dcfa33bc-9001-4365-ad5d-758174e05f4c Heaviness: 6 limit: 5
2019-09-25 05:59:29,044 [RatisPipelineUtilsThread] INFO  pipeline.PipelinePlacementPolicy (PipelinePlacementPolicy.java:meetCriteria(91)) - Pipeline Placement: can't place more pipeline on heavy datanode： a70ebb95-9827-4ee9-872e-51470ad9f886 Heaviness: 6 limit: 5
2019-09-25 05:59:29,044 [RatisPipelineUtilsThread] INFO  pipeline.PipelinePlacementPolicy (PipelinePlacementPolicy.java:meetCriteria(91)) - Pipeline Placement: can't place more pipeline on heavy datanode： f8d3684d-44eb-42fd-8c21-2b8ad1aff988 Heaviness: 6 limit: 5
2019-09-25 05:59:29,044 [RatisPipelineUtilsThread] INFO  pipeline.PipelinePlacementPolicy (PipelinePlacementPolicy.java:meetCriteria(91)) - Pipeline Placement: can't place more pipeline on heavy datanode： 327d7864-9593-4c84-9c3b-d4b21327d735 Heaviness: 6 limit: 5
2019-09-25 05:59:29,053 [grpc-default-executor-0] INFO  impl.RaftServerProxy (RaftServerProxy.java:addNew(89)) - 747dc408-4358-429b-ab46-4dec55806d9b: addNew group-3E2274982B15:[747dc408-4358-429b-ab46-4dec55806d9b:192.168.5.161:37947] returns group-3E2274982B15:java.util.concurrent.CompletableFuture@64a9e525[Not completed]
2019-09-25 05:59:29,054 [pool-57-thread-1] INFO  impl.RaftServerImpl (RaftServerImpl.java:<init>(95)) - 747dc408-4358-429b-ab46-4dec55806d9b: new RaftServerImpl for group-3E2274982B15:[747dc408-4358-429b-ab46-4dec55806d9b:192.168.5.161:37947] with ContainerStateMachine:uninitialized
2019-09-25 05:59:29,054 [pool-57-thread-1] INFO  server.RaftServerConfigKeys (ConfUtils.java:logGet(43)) - raft.server.rpc.timeout.min = 5s (custom)
2019-09-25 05:59:29,054 [pool-57-thread-1] INFO  server.RaftServerConfigKeys (ConfUtils.java:logGet(43)) - raft.server.rpc.timeout.max = 5200ms (custom)
2019-09-25 05:59:29,054 [pool-57-thread-1] INFO  server.RaftServerConfigKeys (ConfUtils.java:logGet(43)) - raft.server.rpcslowness.timeout = 120s (custom)
2019-09-25 05:59:29,054 [pool-57-thread-1] INFO  server.RaftServerConfigKeys (ConfUtils.java:logGet(43)) - raft.server.sleep.deviation.threshold = 300 (default)
2019-09-25 05:59:29,054 [pool-57-thread-1] INFO  server.RaftServerConfigKeys (ConfUtils.java:logGet(43)) - raft.server.log.appender.install.snapshot.enabled = false (custom)
2019-09-25 05:59:29,054 [pool-57-thread-1] INFO  impl.RaftServerImpl (ServerState.java:<init>(103)) - 747dc408-4358-429b-ab46-4dec55806d9b@group-3E2274982B15: ConfigurationManager, init=-1: [747dc408-4358-429b-ab46-4dec55806d9b:192.168.5.161:37947], old=null, confs=<EMPTY_MAP>
2019-09-25 05:59:29,054 [pool-57-thread-1] INFO  server.RaftServerConfigKeys (ConfUtils.java:logGet(43)) - raft.server.storage.dir = [/workdir/hadoop-ozone/tools/target/test-dir/MiniOzoneClusterImpl-b88d8d95-70e9-47b8-bab6-e4df0797a5ce/datanode-3/data/ratis] (custom)
2019-09-25 05:59:29,055 [pool-57-thread-1] INFO  storage.RaftStorageDirectory (RaftStorageDirectory.java:analyzeStorage(246)) - The storage directory /workdir/hadoop-ozone/tools/target/test-dir/MiniOzoneClusterImpl-b88d8d95-70e9-47b8-bab6-e4df0797a5ce/datanode-3/data/ratis/df322436-b94d-44fe-9a56-3e2274982b15 does not exist. Creating ...
2019-09-25 05:59:29,067 [pool-57-thread-1] INFO  storage.RaftStorageDirectory (RaftStorageDirectory.java:tryLock(328)) - Lock on /workdir/hadoop-ozone/tools/target/test-dir/MiniOzoneClusterImpl-b88d8d95-70e9-47b8-bab6-e4df0797a5ce/datanode-3/data/ratis/df322436-b94d-44fe-9a56-3e2274982b15/in_use.lock acquired by nodename 27182@pr-hdds-1569-zxpks-796972592
2019-09-25 05:59:29,079 [pool-57-thread-1] INFO  storage.RaftStorage (RaftStorage.java:format(72)) - Storage directory /workdir/hadoop-ozone/tools/target/test-dir/MiniOzoneClusterImpl-b88d8d95-70e9-47b8-bab6-e4df0797a5ce/datanode-3/data/ratis/df322436-b94d-44fe-9a56-3e2274982b15 has been successfully formatted.
2019-09-25 05:59:29,080 [pool-57-thread-1] INFO  ratis.ContainerStateMachine (ContainerStateMachine.java:loadSnapshot(230)) - group-3E2274982B15: The snapshot info is null. Setting the last applied indexto:(t:0, i:~)
2019-09-25 05:59:29,080 [pool-57-thread-1] INFO  server.RaftServerConfigKeys (ConfUtils.java:logGet(43)) - raft.server.notification.no-leader.timeout = 120s (custom)
2019-09-25 05:59:29,080 [pool-57-thread-1] INFO  server.RaftServerConfigKeys (ConfUtils.java:logGet(43)) - raft.server.log.use.memory = false (default)
2019-09-25 05:59:29,080 [pool-57-thread-1] INFO  server.RaftServerConfigKeys (ConfUtils.java:logGet(43)) - raft.server.log.purge.gap = 1000000 (custom)
2019-09-25 05:59:29,080 [pool-57-thread-1] INFO  server.RaftServerConfigKeys (ConfUtils.java:logGet(43)) - raft.server.log.appender.buffer.byte-limit = 33554432 (custom)
2019-09-25 05:59:29,080 [pool-57-thread-1] INFO  server.RaftServerConfigKeys (ConfUtils.java:logGet(43)) - raft.server.log.segment.size.max = 1048576 (custom)
2019-09-25 05:59:29,080 [pool-57-thread-1] INFO  server.RaftServerConfigKeys (ConfUtils.java:logGet(43)) - raft.server.log.segment.cache.num.max = 2 (custom)
2019-09-25 05:59:29,080 [pool-57-thread-1] INFO  segmented.SegmentedRaftLogWorker (SegmentedRaftLogWorker.java:<init>(172)) - new 747dc408-4358-429b-ab46-4dec55806d9b@group-3E2274982B15-SegmentedRaftLogWorker for RaftStorage:Storage Directory /workdir/hadoop-ozone/tools/target/test-dir/MiniOzoneClusterImpl-b88d8d95-70e9-47b8-bab6-e4df0797a5ce/datanode-3/data/ratis/df322436-b94d-44fe-9a56-3e2274982b15
2019-09-25 05:59:29,081 [pool-57-thread-1] INFO  server.RaftServerConfigKeys (ConfUtils.java:logGet(43)) - raft.server.log.queue.byte-limit = 2147483647 (custom)
2019-09-25 05:59:29,081 [pool-57-thread-1] INFO  server.RaftServerConfigKeys (ConfUtils.java:logGet(43)) - raft.server.log.queue.element-limit = 1024 (custom)
2019-09-25 05:59:29,081 [pool-57-thread-1] INFO  server.RaftServerConfigKeys (ConfUtils.java:logGet(43)) - raft.server.log.segment.size.max = 1048576 (custom)
2019-09-25 05:59:29,081 [pool-57-thread-1] INFO  server.RaftServerConfigKeys (ConfUtils.java:logGet(43)) - raft.server.log.preallocated.size = 16384 (custom)
2019-09-25 05:59:29,081 [pool-57-thread-1] INFO  server.RaftServerConfigKeys (ConfUtils.java:logGet(43)) - raft.server.log.write.buffer.size = 33554432 (custom)
2019-09-25 05:59:29,081 [pool-57-thread-1] INFO  server.RaftServerConfigKeys (ConfUtils.java:logGet(43)) - raft.server.log.force.sync.num = 128 (default)
2019-09-25 05:59:29,081 [pool-57-thread-1] INFO  server.RaftServerConfigKeys (ConfUtils.java:logGet(43)) - raft.server.log.statemachine.data.sync = true (default)
2019-09-25 05:59:29,081 [pool-57-thread-1] INFO  server.RaftServerConfigKeys (ConfUtils.java:logGet(43)) - raft.server.log.statemachine.data.sync.timeout = 10s (default)
2019-09-25 05:59:29,082 [pool-57-thread-1] INFO  server.RaftServerConfigKeys (ConfUtils.java:logGet(43)) - raft.server.log.statemachine.data.sync.timeout.retry = -1 (default)
2019-09-25 05:59:29,082 [pool-57-thread-1] INFO  server.RaftServerConfigKeys (ConfUtils.java:logGet(43)) - raft.server.log.statemachine.data.caching.enabled = true (custom)
2019-09-25 05:59:29,082 [pool-57-thread-1] INFO  segmented.SegmentedRaftLogWorker (SegmentedRaftLogWorker.java:lambda$new$0(132)) - 747dc408-4358-429b-ab46-4dec55806d9b@group-3E2274982B15-SegmentedRaftLogWorker: flushIndex: setUnconditionally 0 -> -1
2019-09-25 05:59:29,082 [pool-57-thread-1] INFO  server.RaftServerConfigKeys (ConfUtils.java:logGet(43)) - raft.server.snapshot.auto.trigger.enabled = true (custom)
2019-09-25 05:59:29,082 [pool-57-thread-1] INFO  server.RaftServerConfigKeys (ConfUtils.java:logGet(43)) - raft.server.snapshot.auto.trigger.threshold = 10000 (custom)
2019-09-25 05:59:29,083 [pool-57-thread-1] INFO  server.RaftServerConfigKeys (ConfUtils.java:logGet(43)) - raft.server.snapshot.retention.num.files = 5 (custom)
2019-09-25 05:59:29,083 [pool-57-thread-1] INFO  server.RaftServerConfigKeys (ConfUtils.java:logGet(43)) - raft.server.retrycache.expirytime = 600000ms (custom)
2019-09-25 05:59:29,085 [pool-57-thread-1] INFO  impl.RaftServerImpl (RaftServerImpl.java:start(185)) - 747dc408-4358-429b-ab46-4dec55806d9b@group-3E2274982B15: start as a follower, conf=-1: [747dc408-4358-429b-ab46-4dec55806d9b:192.168.5.161:37947], old=null
2019-09-25 05:59:29,085 [pool-57-thread-1] INFO  impl.RaftServerImpl (RaftServerImpl.java:setRole(174)) - 747dc408-4358-429b-ab46-4dec55806d9b@group-3E2274982B15: changes role from      null to FOLLOWER at term 0 for startAsFollower
2019-09-25 05:59:29,085 [pool-57-thread-1] INFO  impl.RoleInfo (RoleInfo.java:updateAndGet(143)) - 747dc408-4358-429b-ab46-4dec55806d9b: start FollowerState
2019-09-25 05:59:29,085 [pool-57-thread-1] INFO  util.JmxRegister (JmxRegister.java:tryRegister(44)) - Successfully registered JMX Bean with object name Ratis:service=RaftServer,group=group-3E2274982B15,id=747dc408-4358-429b-ab46-4dec55806d9b
2019-09-25 05:59:29,091 [RatisPipelineUtilsThread] INFO  pipeline.PipelineStateManager (PipelineStateManager.java:addPipeline(56)) - Created pipeline Pipeline[ Id: df322436-b94d-44fe-9a56-3e2274982b15, Nodes: 747dc408-4358-429b-ab46-4dec55806d9b{ip: 192.168.5.161, host: pr-hdds-1569-zxpks-796972592, networkLocation: /default-rack, certSerialId: null}, Type:RATIS, Factor:ONE, State:OPEN]
2019-09-25 05:59:29,091 [RatisPipelineUtilsThread] INFO  pipeline.PipelinePlacementPolicy (PipelinePlacementPolicy.java:meetCriteria(91)) - Pipeline Placement: can't place more pipeline on heavy datanode： dcfa33bc-9001-4365-ad5d-758174e05f4c Heaviness: 6 limit: 5
2019-09-25 05:59:29,092 [RatisPipelineUtilsThread] INFO  pipeline.PipelinePlacementPolicy (PipelinePlacementPolicy.java:meetCriteria(91)) - Pipeline Placement: can't place more pipeline on heavy datanode： a70ebb95-9827-4ee9-872e-51470ad9f886 Heaviness: 6 limit: 5
2019-09-25 05:59:29,092 [RatisPipelineUtilsThread] INFO  pipeline.PipelinePlacementPolicy (PipelinePlacementPolicy.java:meetCriteria(91)) - Pipeline Placement: can't place more pipeline on heavy datanode： f8d3684d-44eb-42fd-8c21-2b8ad1aff988 Heaviness: 6 limit: 5
2019-09-25 05:59:29,092 [RatisPipelineUtilsThread] INFO  pipeline.PipelinePlacementPolicy (PipelinePlacementPolicy.java:meetCriteria(91)) - Pipeline Placement: can't place more pipeline on heavy datanode： 327d7864-9593-4c84-9c3b-d4b21327d735 Heaviness: 6 limit: 5
2019-09-25 05:59:29,092 [RatisPipelineUtilsThread] INFO  pipeline.PipelinePlacementPolicy (PipelinePlacementPolicy.java:meetCriteria(91)) - Pipeline Placement: can't place more pipeline on heavy datanode： 747dc408-4358-429b-ab46-4dec55806d9b Heaviness: 6 limit: 5
2019-09-25 05:59:29,093 [RatisPipelineUtilsThread] ERROR pipeline.PipelinePlacementPolicy (PipelinePlacementPolicy.java:filterViableNodes(148)) - Unable to find enough nodes that meet the criteria that cannot engage in more than 5 pipelines. Nodes required: 1 Found: 0, healthy nodes count inNodeManager: 5.
2019-09-25 05:59:29,095 [RatisPipelineUtilsThread] ERROR pipeline.SCMPipelineManager (SCMPipelineManager.java:createPipeline(167)) - Pipeline creation failed.
org.apache.hadoop.hdds.scm.exceptions.SCMException: Unable to find enough nodes that meet the criteria that cannot engage in more than 5 pipelines. Nodes required: 1 Found: 0, healthy nodes count inNodeManager: 5.
	at org.apache.hadoop.hdds.scm.pipeline.PipelinePlacementPolicy.filterViableNodes(PipelinePlacementPolicy.java:149)
	at org.apache.hadoop.hdds.scm.pipeline.PipelinePlacementPolicy.chooseDatanodes(PipelinePlacementPolicy.java:172)
	at org.apache.hadoop.hdds.scm.pipeline.RatisPipelineProvider.create(RatisPipelineProvider.java:93)
	at org.apache.hadoop.hdds.scm.pipeline.PipelineFactory.create(PipelineFactory.java:58)
	at org.apache.hadoop.hdds.scm.pipeline.SCMPipelineManager.createPipeline(SCMPipelineManager.java:155)
	at org.apache.hadoop.hdds.scm.pipeline.BackgroundPipelineCreator.createPipelines(BackgroundPipelineCreator.java:99)
	at java.util.concurrent.Executors$RunnableAdapter.call(Executors.java:511)
	at java.util.concurrent.FutureTask.run(FutureTask.java:266)
	at java.util.concurrent.ScheduledThreadPoolExecutor$ScheduledFutureTask.access$201(ScheduledThreadPoolExecutor.java:180)
	at java.util.concurrent.ScheduledThreadPoolExecutor$ScheduledFutureTask.run(ScheduledThreadPoolExecutor.java:293)
	at java.util.concurrent.ThreadPoolExecutor.runWorker(ThreadPoolExecutor.java:1149)
	at java.util.concurrent.ThreadPoolExecutor$Worker.run(ThreadPoolExecutor.java:624)
	at java.lang.Thread.run(Thread.java:748)
2019-09-25 05:59:29,097 [RatisPipelineUtilsThread] INFO  pipeline.PipelinePlacementPolicy (PipelinePlacementPolicy.java:meetCriteria(91)) - Pipeline Placement: can't place more pipeline on heavy datanode： dcfa33bc-9001-4365-ad5d-758174e05f4c Heaviness: 6 limit: 5
2019-09-25 05:59:29,097 [RatisPipelineUtilsThread] INFO  pipeline.PipelinePlacementPolicy (PipelinePlacementPolicy.java:meetCriteria(91)) - Pipeline Placement: can't place more pipeline on heavy datanode： a70ebb95-9827-4ee9-872e-51470ad9f886 Heaviness: 6 limit: 5
2019-09-25 05:59:29,098 [RatisPipelineUtilsThread] INFO  pipeline.PipelinePlacementPolicy (PipelinePlacementPolicy.java:meetCriteria(91)) - Pipeline Placement: can't place more pipeline on heavy datanode： f8d3684d-44eb-42fd-8c21-2b8ad1aff988 Heaviness: 6 limit: 5
2019-09-25 05:59:29,098 [RatisPipelineUtilsThread] INFO  pipeline.PipelinePlacementPolicy (PipelinePlacementPolicy.java:meetCriteria(91)) - Pipeline Placement: can't place more pipeline on heavy datanode： 327d7864-9593-4c84-9c3b-d4b21327d735 Heaviness: 6 limit: 5
2019-09-25 05:59:29,098 [RatisPipelineUtilsThread] INFO  pipeline.PipelinePlacementPolicy (PipelinePlacementPolicy.java:meetCriteria(91)) - Pipeline Placement: can't place more pipeline on heavy datanode： 747dc408-4358-429b-ab46-4dec55806d9b Heaviness: 6 limit: 5
2019-09-25 05:59:29,098 [RatisPipelineUtilsThread] ERROR pipeline.PipelinePlacementPolicy (PipelinePlacementPolicy.java:filterViableNodes(148)) - Unable to find enough nodes that meet the criteria that cannot engage in more than 5 pipelines. Nodes required: 3 Found: 0, healthy nodes count inNodeManager: 5.
2019-09-25 05:59:29,098 [RatisPipelineUtilsThread] ERROR pipeline.SCMPipelineManager (SCMPipelineManager.java:createPipeline(167)) - Pipeline creation failed.
org.apache.hadoop.hdds.scm.exceptions.SCMException: Unable to find enough nodes that meet the criteria that cannot engage in more than 5 pipelines. Nodes required: 3 Found: 0, healthy nodes count inNodeManager: 5.
	at org.apache.hadoop.hdds.scm.pipeline.PipelinePlacementPolicy.filterViableNodes(PipelinePlacementPolicy.java:149)
	at org.apache.hadoop.hdds.scm.pipeline.PipelinePlacementPolicy.chooseDatanodes(PipelinePlacementPolicy.java:172)
	at org.apache.hadoop.hdds.scm.pipeline.RatisPipelineProvider.create(RatisPipelineProvider.java:93)
	at org.apache.hadoop.hdds.scm.pipeline.PipelineFactory.create(PipelineFactory.java:58)
	at org.apache.hadoop.hdds.scm.pipeline.SCMPipelineManager.createPipeline(SCMPipelineManager.java:155)
	at org.apache.hadoop.hdds.scm.pipeline.BackgroundPipelineCreator.createPipelines(BackgroundPipelineCreator.java:99)
	at java.util.concurrent.Executors$RunnableAdapter.call(Executors.java:511)
	at java.util.concurrent.FutureTask.run(FutureTask.java:266)
	at java.util.concurrent.ScheduledThreadPoolExecutor$ScheduledFutureTask.access$201(ScheduledThreadPoolExecutor.java:180)
	at java.util.concurrent.ScheduledThreadPoolExecutor$ScheduledFutureTask.run(ScheduledThreadPoolExecutor.java:293)
	at java.util.concurrent.ThreadPoolExecutor.runWorker(ThreadPoolExecutor.java:1149)
	at java.util.concurrent.ThreadPoolExecutor$Worker.run(ThreadPoolExecutor.java:624)
	at java.lang.Thread.run(Thread.java:748)
2019-09-25 05:59:29,101 [RatisPipelineUtilsThread] INFO  pipeline.PipelinePlacementPolicy (PipelinePlacementPolicy.java:meetCriteria(91)) - Pipeline Placement: can't place more pipeline on heavy datanode： dcfa33bc-9001-4365-ad5d-758174e05f4c Heaviness: 6 limit: 5
2019-09-25 05:59:29,101 [RatisPipelineUtilsThread] INFO  pipeline.PipelinePlacementPolicy (PipelinePlacementPolicy.java:meetCriteria(91)) - Pipeline Placement: can't place more pipeline on heavy datanode： a70ebb95-9827-4ee9-872e-51470ad9f886 Heaviness: 6 limit: 5
2019-09-25 05:59:29,101 [RatisPipelineUtilsThread] INFO  pipeline.PipelinePlacementPolicy (PipelinePlacementPolicy.java:meetCriteria(91)) - Pipeline Placement: can't place more pipeline on heavy datanode： f8d3684d-44eb-42fd-8c21-2b8ad1aff988 Heaviness: 6 limit: 5
2019-09-25 05:59:29,101 [RatisPipelineUtilsThread] INFO  pipeline.PipelinePlacementPolicy (PipelinePlacementPolicy.java:meetCriteria(91)) - Pipeline Placement: can't place more pipeline on heavy datanode： 327d7864-9593-4c84-9c3b-d4b21327d735 Heaviness: 6 limit: 5
2019-09-25 05:59:29,102 [RatisPipelineUtilsThread] INFO  pipeline.PipelinePlacementPolicy (PipelinePlacementPolicy.java:meetCriteria(91)) - Pipeline Placement: can't place more pipeline on heavy datanode： 747dc408-4358-429b-ab46-4dec55806d9b Heaviness: 6 limit: 5
2019-09-25 05:59:29,102 [RatisPipelineUtilsThread] ERROR pipeline.PipelinePlacementPolicy (PipelinePlacementPolicy.java:filterViableNodes(148)) - Unable to find enough nodes that meet the criteria that cannot engage in more than 5 pipelines. Nodes required: 1 Found: 0, healthy nodes count inNodeManager: 5.
2019-09-25 05:59:29,102 [RatisPipelineUtilsThread] ERROR pipeline.SCMPipelineManager (SCMPipelineManager.java:createPipeline(167)) - Pipeline creation failed.
org.apache.hadoop.hdds.scm.exceptions.SCMException: Unable to find enough nodes that meet the criteria that cannot engage in more than 5 pipelines. Nodes required: 1 Found: 0, healthy nodes count inNodeManager: 5.
	at org.apache.hadoop.hdds.scm.pipeline.PipelinePlacementPolicy.filterViableNodes(PipelinePlacementPolicy.java:149)
	at org.apache.hadoop.hdds.scm.pipeline.PipelinePlacementPolicy.chooseDatanodes(PipelinePlacementPolicy.java:172)
	at org.apache.hadoop.hdds.scm.pipeline.RatisPipelineProvider.create(RatisPipelineProvider.java:93)
	at org.apache.hadoop.hdds.scm.pipeline.PipelineFactory.create(PipelineFactory.java:58)
	at org.apache.hadoop.hdds.scm.pipeline.SCMPipelineManager.createPipeline(SCMPipelineManager.java:155)
	at org.apache.hadoop.hdds.scm.pipeline.BackgroundPipelineCreator.createPipelines(BackgroundPipelineCreator.java:99)
	at org.apache.hadoop.hdds.scm.pipeline.BackgroundPipelineCreator.lambda$startFixedIntervalPipelineCreator$0(BackgroundPipelineCreator.java:70)
	at java.util.concurrent.Executors$RunnableAdapter.call(Executors.java:511)
	at java.util.concurrent.FutureTask.runAndReset(FutureTask.java:308)
	at java.util.concurrent.ScheduledThreadPoolExecutor$ScheduledFutureTask.access$301(ScheduledThreadPoolExecutor.java:180)
	at java.util.concurrent.ScheduledThreadPoolExecutor$ScheduledFutureTask.run(ScheduledThreadPoolExecutor.java:294)
	at java.util.concurrent.ThreadPoolExecutor.runWorker(ThreadPoolExecutor.java:1149)
	at java.util.concurrent.ThreadPoolExecutor$Worker.run(ThreadPoolExecutor.java:624)
	at java.lang.Thread.run(Thread.java:748)
2019-09-25 05:59:29,103 [RatisPipelineUtilsThread] INFO  pipeline.PipelinePlacementPolicy (PipelinePlacementPolicy.java:meetCriteria(91)) - Pipeline Placement: can't place more pipeline on heavy datanode： dcfa33bc-9001-4365-ad5d-758174e05f4c Heaviness: 6 limit: 5
2019-09-25 05:59:29,103 [RatisPipelineUtilsThread] INFO  pipeline.PipelinePlacementPolicy (PipelinePlacementPolicy.java:meetCriteria(91)) - Pipeline Placement: can't place more pipeline on heavy datanode： a70ebb95-9827-4ee9-872e-51470ad9f886 Heaviness: 6 limit: 5
2019-09-25 05:59:29,103 [RatisPipelineUtilsThread] INFO  pipeline.PipelinePlacementPolicy (PipelinePlacementPolicy.java:meetCriteria(91)) - Pipeline Placement: can't place more pipeline on heavy datanode： f8d3684d-44eb-42fd-8c21-2b8ad1aff988 Heaviness: 6 limit: 5
2019-09-25 05:59:29,103 [RatisPipelineUtilsThread] INFO  pipeline.PipelinePlacementPolicy (PipelinePlacementPolicy.java:meetCriteria(91)) - Pipeline Placement: can't place more pipeline on heavy datanode： 327d7864-9593-4c84-9c3b-d4b21327d735 Heaviness: 6 limit: 5
2019-09-25 05:59:29,103 [RatisPipelineUtilsThread] INFO  pipeline.PipelinePlacementPolicy (PipelinePlacementPolicy.java:meetCriteria(91)) - Pipeline Placement: can't place more pipeline on heavy datanode： 747dc408-4358-429b-ab46-4dec55806d9b Heaviness: 6 limit: 5
2019-09-25 05:59:29,104 [RatisPipelineUtilsThread] ERROR pipeline.PipelinePlacementPolicy (PipelinePlacementPolicy.java:filterViableNodes(148)) - Unable to find enough nodes that meet the criteria that cannot engage in more than 5 pipelines. Nodes required: 3 Found: 0, healthy nodes count inNodeManager: 5.
2019-09-25 05:59:29,104 [RatisPipelineUtilsThread] ERROR pipeline.SCMPipelineManager (SCMPipelineManager.java:createPipeline(167)) - Pipeline creation failed.
org.apache.hadoop.hdds.scm.exceptions.SCMException: Unable to find enough nodes that meet the criteria that cannot engage in more than 5 pipelines. Nodes required: 3 Found: 0, healthy nodes count inNodeManager: 5.
	at org.apache.hadoop.hdds.scm.pipeline.PipelinePlacementPolicy.filterViableNodes(PipelinePlacementPolicy.java:149)
	at org.apache.hadoop.hdds.scm.pipeline.PipelinePlacementPolicy.chooseDatanodes(PipelinePlacementPolicy.java:172)
	at org.apache.hadoop.hdds.scm.pipeline.RatisPipelineProvider.create(RatisPipelineProvider.java:93)
	at org.apache.hadoop.hdds.scm.pipeline.PipelineFactory.create(PipelineFactory.java:58)
	at org.apache.hadoop.hdds.scm.pipeline.SCMPipelineManager.createPipeline(SCMPipelineManager.java:155)
	at org.apache.hadoop.hdds.scm.pipeline.BackgroundPipelineCreator.createPipelines(BackgroundPipelineCreator.java:99)
	at org.apache.hadoop.hdds.scm.pipeline.BackgroundPipelineCreator.lambda$startFixedIntervalPipelineCreator$0(BackgroundPipelineCreator.java:70)
	at java.util.concurrent.Executors$RunnableAdapter.call(Executors.java:511)
	at java.util.concurrent.FutureTask.runAndReset(FutureTask.java:308)
	at java.util.concurrent.ScheduledThreadPoolExecutor$ScheduledFutureTask.access$301(ScheduledThreadPoolExecutor.java:180)
	at java.util.concurrent.ScheduledThreadPoolExecutor$ScheduledFutureTask.run(ScheduledThreadPoolExecutor.java:294)
	at java.util.concurrent.ThreadPoolExecutor.runWorker(ThreadPoolExecutor.java:1149)
	at java.util.concurrent.ThreadPoolExecutor$Worker.run(ThreadPoolExecutor.java:624)
	at java.lang.Thread.run(Thread.java:748)
2019-09-25 05:59:29,104 [IPC Server handler 0 on 42227] INFO  pipeline.PipelinePlacementPolicy (PipelinePlacementPolicy.java:meetCriteria(91)) - Pipeline Placement: can't place more pipeline on heavy datanode： dcfa33bc-9001-4365-ad5d-758174e05f4c Heaviness: 6 limit: 5
2019-09-25 05:59:29,105 [IPC Server handler 0 on 42227] INFO  pipeline.PipelinePlacementPolicy (PipelinePlacementPolicy.java:meetCriteria(91)) - Pipeline Placement: can't place more pipeline on heavy datanode： a70ebb95-9827-4ee9-872e-51470ad9f886 Heaviness: 6 limit: 5
2019-09-25 05:59:29,105 [IPC Server handler 0 on 42227] INFO  pipeline.PipelinePlacementPolicy (PipelinePlacementPolicy.java:meetCriteria(91)) - Pipeline Placement: can't place more pipeline on heavy datanode： f8d3684d-44eb-42fd-8c21-2b8ad1aff988 Heaviness: 6 limit: 5
2019-09-25 05:59:29,105 [IPC Server handler 0 on 42227] INFO  pipeline.PipelinePlacementPolicy (PipelinePlacementPolicy.java:meetCriteria(91)) - Pipeline Placement: can't place more pipeline on heavy datanode： 327d7864-9593-4c84-9c3b-d4b21327d735 Heaviness: 6 limit: 5
2019-09-25 05:59:29,105 [IPC Server handler 0 on 42227] INFO  pipeline.PipelinePlacementPolicy (PipelinePlacementPolicy.java:meetCriteria(91)) - Pipeline Placement: can't place more pipeline on heavy datanode： 747dc408-4358-429b-ab46-4dec55806d9b Heaviness: 6 limit: 5
2019-09-25 05:59:29,105 [IPC Server handler 0 on 42227] ERROR pipeline.PipelinePlacementPolicy (PipelinePlacementPolicy.java:filterViableNodes(148)) - Unable to find enough nodes that meet the criteria that cannot engage in more than 5 pipelines. Nodes required: 3 Found: 0, healthy nodes count inNodeManager: 5.
2019-09-25 05:59:29,106 [IPC Server handler 0 on 42227] ERROR pipeline.SCMPipelineManager (SCMPipelineManager.java:createPipeline(167)) - Pipeline creation failed.
org.apache.hadoop.hdds.scm.exceptions.SCMException: Unable to find enough nodes that meet the criteria that cannot engage in more than 5 pipelines. Nodes required: 3 Found: 0, healthy nodes count inNodeManager: 5.
	at org.apache.hadoop.hdds.scm.pipeline.PipelinePlacementPolicy.filterViableNodes(PipelinePlacementPolicy.java:149)
	at org.apache.hadoop.hdds.scm.pipeline.PipelinePlacementPolicy.chooseDatanodes(PipelinePlacementPolicy.java:172)
	at org.apache.hadoop.hdds.scm.pipeline.RatisPipelineProvider.create(RatisPipelineProvider.java:93)
	at org.apache.hadoop.hdds.scm.pipeline.PipelineFactory.create(PipelineFactory.java:58)
	at org.apache.hadoop.hdds.scm.pipeline.SCMPipelineManager.createPipeline(SCMPipelineManager.java:155)
	at org.apache.hadoop.hdds.scm.block.BlockManagerImpl.allocateBlock(BlockManagerImpl.java:190)
	at org.apache.hadoop.hdds.scm.server.SCMBlockProtocolServer.allocateBlock(SCMBlockProtocolServer.java:182)
	at org.apache.hadoop.ozone.protocolPB.ScmBlockLocationProtocolServerSideTranslatorPB.allocateScmBlock(ScmBlockLocationProtocolServerSideTranslatorPB.java:183)
	at org.apache.hadoop.ozone.protocolPB.ScmBlockLocationProtocolServerSideTranslatorPB.processMessage(ScmBlockLocationProtocolServerSideTranslatorPB.java:141)
	at org.apache.hadoop.ozone.protocolPB.ScmBlockLocationProtocolServerSideTranslatorPB.send(ScmBlockLocationProtocolServerSideTranslatorPB.java:116)
	at org.apache.hadoop.hdds.protocol.proto.ScmBlockLocationProtocolProtos$ScmBlockLocationProtocolService$2.callBlockingMethod(ScmBlockLocationProtocolProtos.java:13157)
	at org.apache.hadoop.ipc.ProtobufRpcEngine$Server$ProtoBufRpcInvoker.call(ProtobufRpcEngine.java:524)
	at org.apache.hadoop.ipc.RPC$Server.call(RPC.java:1025)
	at org.apache.hadoop.ipc.Server$RpcCall.run(Server.java:876)
	at org.apache.hadoop.ipc.Server$RpcCall.run(Server.java:822)
	at java.security.AccessController.doPrivileged(Native Method)
	at javax.security.auth.Subject.doAs(Subject.java:422)
	at org.apache.hadoop.security.UserGroupInformation.doAs(UserGroupInformation.java:1730)
	at org.apache.hadoop.ipc.Server$Handler.run(Server.java:2682)
2019-09-25 05:59:29,106 [IPC Server handler 0 on 42227] WARN  block.BlockManagerImpl (BlockManagerImpl.java:allocateBlock(192)) - Pipeline creation failed for type:RATIS factor:THREE. Retrying get pipelines call once.
org.apache.hadoop.hdds.scm.exceptions.SCMException: Unable to find enough nodes that meet the criteria that cannot engage in more than 5 pipelines. Nodes required: 3 Found: 0, healthy nodes count inNodeManager: 5.
	at org.apache.hadoop.hdds.scm.pipeline.PipelinePlacementPolicy.filterViableNodes(PipelinePlacementPolicy.java:149)
	at org.apache.hadoop.hdds.scm.pipeline.PipelinePlacementPolicy.chooseDatanodes(PipelinePlacementPolicy.java:172)
	at org.apache.hadoop.hdds.scm.pipeline.RatisPipelineProvider.create(RatisPipelineProvider.java:93)
	at org.apache.hadoop.hdds.scm.pipeline.PipelineFactory.create(PipelineFactory.java:58)
	at org.apache.hadoop.hdds.scm.pipeline.SCMPipelineManager.createPipeline(SCMPipelineManager.java:155)
	at org.apache.hadoop.hdds.scm.block.BlockManagerImpl.allocateBlock(BlockManagerImpl.java:190)
	at org.apache.hadoop.hdds.scm.server.SCMBlockProtocolServer.allocateBlock(SCMBlockProtocolServer.java:182)
	at org.apache.hadoop.ozone.protocolPB.ScmBlockLocationProtocolServerSideTranslatorPB.allocateScmBlock(ScmBlockLocationProtocolServerSideTranslatorPB.java:183)
	at org.apache.hadoop.ozone.protocolPB.ScmBlockLocationProtocolServerSideTranslatorPB.processMessage(ScmBlockLocationProtocolServerSideTranslatorPB.java:141)
	at org.apache.hadoop.ozone.protocolPB.ScmBlockLocationProtocolServerSideTranslatorPB.send(ScmBlockLocationProtocolServerSideTranslatorPB.java:116)
	at org.apache.hadoop.hdds.protocol.proto.ScmBlockLocationProtocolProtos$ScmBlockLocationProtocolService$2.callBlockingMethod(ScmBlockLocationProtocolProtos.java:13157)
	at org.apache.hadoop.ipc.ProtobufRpcEngine$Server$ProtoBufRpcInvoker.call(ProtobufRpcEngine.java:524)
	at org.apache.hadoop.ipc.RPC$Server.call(RPC.java:1025)
	at org.apache.hadoop.ipc.Server$RpcCall.run(Server.java:876)
	at org.apache.hadoop.ipc.Server$RpcCall.run(Server.java:822)
	at java.security.AccessController.doPrivileged(Native Method)
	at javax.security.auth.Subject.doAs(Subject.java:422)
	at org.apache.hadoop.security.UserGroupInformation.doAs(UserGroupInformation.java:1730)
	at org.apache.hadoop.ipc.Server$Handler.run(Server.java:2682)
2019-09-25 05:59:29,107 [IPC Server handler 0 on 42227] INFO  block.BlockManagerImpl (BlockManagerImpl.java:allocateBlock(198)) - Could not find available pipeline of type:RATIS and factor:THREE even after retrying
2019-09-25 05:59:29,107 [IPC Server handler 0 on 42227] ERROR block.BlockManagerImpl (BlockManagerImpl.java:allocateBlock(222)) - Unable to allocate a block for the size: 4194304, type: RATIS, factor: THREE
2019-09-25 05:59:29,107 [IPC Server handler 0 on 42227] INFO  pipeline.PipelinePlacementPolicy (PipelinePlacementPolicy.java:meetCriteria(91)) - Pipeline Placement: can't place more pipeline on heavy datanode： dcfa33bc-9001-4365-ad5d-758174e05f4c Heaviness: 6 limit: 5
2019-09-25 05:59:29,108 [IPC Server handler 0 on 42227] INFO  pipeline.PipelinePlacementPolicy (PipelinePlacementPolicy.java:meetCriteria(91)) - Pipeline Placement: can't place more pipeline on heavy datanode： a70ebb95-9827-4ee9-872e-51470ad9f886 Heaviness: 6 limit: 5
2019-09-25 05:59:29,108 [IPC Server handler 0 on 42227] INFO  pipeline.PipelinePlacementPolicy (PipelinePlacementPolicy.java:meetCriteria(91)) - Pipeline Placement: can't place more pipeline on heavy datanode： f8d3684d-44eb-42fd-8c21-2b8ad1aff988 Heaviness: 6 limit: 5
2019-09-25 05:59:29,108 [IPC Server handler 0 on 42227] INFO  pipeline.PipelinePlacementPolicy (PipelinePlacementPolicy.java:meetCriteria(91)) - Pipeline Placement: can't place more pipeline on heavy datanode： 327d7864-9593-4c84-9c3b-d4b21327d735 Heaviness: 6 limit: 5
2019-09-25 05:59:29,108 [IPC Server handler 0 on 42227] INFO  pipeline.PipelinePlacementPolicy (PipelinePlacementPolicy.java:meetCriteria(91)) - Pipeline Placement: can't place more pipeline on heavy datanode： 747dc408-4358-429b-ab46-4dec55806d9b Heaviness: 6 limit: 5
2019-09-25 05:59:29,109 [IPC Server handler 0 on 42227] ERROR pipeline.PipelinePlacementPolicy (PipelinePlacementPolicy.java:filterViableNodes(148)) - Unable to find enough nodes that meet the criteria that cannot engage in more than 5 pipelines. Nodes required: 3 Found: 0, healthy nodes count inNodeManager: 5.
2019-09-25 05:59:29,109 [IPC Server handler 0 on 42227] ERROR pipeline.SCMPipelineManager (SCMPipelineManager.java:createPipeline(167)) - Pipeline creation failed.
org.apache.hadoop.hdds.scm.exceptions.SCMException: Unable to find enough nodes that meet the criteria that cannot engage in more than 5 pipelines. Nodes required: 3 Found: 0, healthy nodes count inNodeManager: 5.
	at org.apache.hadoop.hdds.scm.pipeline.PipelinePlacementPolicy.filterViableNodes(PipelinePlacementPolicy.java:149)
	at org.apache.hadoop.hdds.scm.pipeline.PipelinePlacementPolicy.chooseDatanodes(PipelinePlacementPolicy.java:172)
	at org.apache.hadoop.hdds.scm.pipeline.RatisPipelineProvider.create(RatisPipelineProvider.java:93)
	at org.apache.hadoop.hdds.scm.pipeline.PipelineFactory.create(PipelineFactory.java:58)
	at org.apache.hadoop.hdds.scm.pipeline.SCMPipelineManager.createPipeline(SCMPipelineManager.java:155)
	at org.apache.hadoop.hdds.scm.block.BlockManagerImpl.allocateBlock(BlockManagerImpl.java:190)
	at org.apache.hadoop.hdds.scm.server.SCMBlockProtocolServer.allocateBlock(SCMBlockProtocolServer.java:182)
	at org.apache.hadoop.ozone.protocolPB.ScmBlockLocationProtocolServerSideTranslatorPB.allocateScmBlock(ScmBlockLocationProtocolServerSideTranslatorPB.java:183)
	at org.apache.hadoop.ozone.protocolPB.ScmBlockLocationProtocolServerSideTranslatorPB.processMessage(ScmBlockLocationProtocolServerSideTranslatorPB.java:141)
	at org.apache.hadoop.ozone.protocolPB.ScmBlockLocationProtocolServerSideTranslatorPB.send(ScmBlockLocationProtocolServerSideTranslatorPB.java:116)
	at org.apache.hadoop.hdds.protocol.proto.ScmBlockLocationProtocolProtos$ScmBlockLocationProtocolService$2.callBlockingMethod(ScmBlockLocationProtocolProtos.java:13157)
	at org.apache.hadoop.ipc.ProtobufRpcEngine$Server$ProtoBufRpcInvoker.call(ProtobufRpcEngine.java:524)
	at org.apache.hadoop.ipc.RPC$Server.call(RPC.java:1025)
	at org.apache.hadoop.ipc.Server$RpcCall.run(Server.java:876)
	at org.apache.hadoop.ipc.Server$RpcCall.run(Server.java:822)
	at java.security.AccessController.doPrivileged(Native Method)
	at javax.security.auth.Subject.doAs(Subject.java:422)
	at org.apache.hadoop.security.UserGroupInformation.doAs(UserGroupInformation.java:1730)
	at org.apache.hadoop.ipc.Server$Handler.run(Server.java:2682)
2019-09-25 05:59:29,109 [IPC Server handler 0 on 42227] WARN  block.BlockManagerImpl (BlockManagerImpl.java:allocateBlock(192)) - Pipeline creation failed for type:RATIS factor:THREE. Retrying get pipelines call once.
org.apache.hadoop.hdds.scm.exceptions.SCMException: Unable to find enough nodes that meet the criteria that cannot engage in more than 5 pipelines. Nodes required: 3 Found: 0, healthy nodes count inNodeManager: 5.
	at org.apache.hadoop.hdds.scm.pipeline.PipelinePlacementPolicy.filterViableNodes(PipelinePlacementPolicy.java:149)
	at org.apache.hadoop.hdds.scm.pipeline.PipelinePlacementPolicy.chooseDatanodes(PipelinePlacementPolicy.java:172)
	at org.apache.hadoop.hdds.scm.pipeline.RatisPipelineProvider.create(RatisPipelineProvider.java:93)
	at org.apache.hadoop.hdds.scm.pipeline.PipelineFactory.create(PipelineFactory.java:58)
	at org.apache.hadoop.hdds.scm.pipeline.SCMPipelineManager.createPipeline(SCMPipelineManager.java:155)
	at org.apache.hadoop.hdds.scm.block.BlockManagerImpl.allocateBlock(BlockManagerImpl.java:190)
	at org.apache.hadoop.hdds.scm.server.SCMBlockProtocolServer.allocateBlock(SCMBlockProtocolServer.java:182)
	at org.apache.hadoop.ozone.protocolPB.ScmBlockLocationProtocolServerSideTranslatorPB.allocateScmBlock(ScmBlockLocationProtocolServerSideTranslatorPB.java:183)
	at org.apache.hadoop.ozone.protocolPB.ScmBlockLocationProtocolServerSideTranslatorPB.processMessage(ScmBlockLocationProtocolServerSideTranslatorPB.java:141)
	at org.apache.hadoop.ozone.protocolPB.ScmBlockLocationProtocolServerSideTranslatorPB.send(ScmBlockLocationProtocolServerSideTranslatorPB.java:116)
	at org.apache.hadoop.hdds.protocol.proto.ScmBlockLocationProtocolProtos$ScmBlockLocationProtocolService$2.callBlockingMethod(ScmBlockLocationProtocolProtos.java:13157)
	at org.apache.hadoop.ipc.ProtobufRpcEngine$Server$ProtoBufRpcInvoker.call(ProtobufRpcEngine.java:524)
	at org.apache.hadoop.ipc.RPC$Server.call(RPC.java:1025)
	at org.apache.hadoop.ipc.Server$RpcCall.run(Server.java:876)
	at org.apache.hadoop.ipc.Server$RpcCall.run(Server.java:822)
	at java.security.AccessController.doPrivileged(Native Method)
	at javax.security.auth.Subject.doAs(Subject.java:422)
	at org.apache.hadoop.security.UserGroupInformation.doAs(UserGroupInformation.java:1730)
	at org.apache.hadoop.ipc.Server$Handler.run(Server.java:2682)
2019-09-25 05:59:29,110 [IPC Server handler 0 on 42227] INFO  block.BlockManagerImpl (BlockManagerImpl.java:allocateBlock(198)) - Could not find available pipeline of type:RATIS and factor:THREE even after retrying
2019-09-25 05:59:29,110 [IPC Server handler 0 on 42227] ERROR block.BlockManagerImpl (BlockManagerImpl.java:allocateBlock(222)) - Unable to allocate a block for the size: 4194304, type: RATIS, factor: THREE
2019-09-25 05:59:29,110 [IPC Server handler 0 on 42227] INFO  pipeline.PipelinePlacementPolicy (PipelinePlacementPolicy.java:meetCriteria(91)) - Pipeline Placement: can't place more pipeline on heavy datanode： dcfa33bc-9001-4365-ad5d-758174e05f4c Heaviness: 6 limit: 5
2019-09-25 05:59:29,111 [IPC Server handler 0 on 42227] INFO  pipeline.PipelinePlacementPolicy (PipelinePlacementPolicy.java:meetCriteria(91)) - Pipeline Placement: can't place more pipeline on heavy datanode： a70ebb95-9827-4ee9-872e-51470ad9f886 Heaviness: 6 limit: 5
2019-09-25 05:59:29,111 [IPC Server handler 0 on 42227] INFO  pipeline.PipelinePlacementPolicy (PipelinePlacementPolicy.java:meetCriteria(91)) - Pipeline Placement: can't place more pipeline on heavy datanode： f8d3684d-44eb-42fd-8c21-2b8ad1aff988 Heaviness: 6 limit: 5
2019-09-25 05:59:29,111 [IPC Server handler 0 on 42227] INFO  pipeline.PipelinePlacementPolicy (PipelinePlacementPolicy.java:meetCriteria(91)) - Pipeline Placement: can't place more pipeline on heavy datanode： 327d7864-9593-4c84-9c3b-d4b21327d735 Heaviness: 6 limit: 5
2019-09-25 05:59:29,111 [IPC Server handler 0 on 42227] INFO  pipeline.PipelinePlacementPolicy (PipelinePlacementPolicy.java:meetCriteria(91)) - Pipeline Placement: can't place more pipeline on heavy datanode： 747dc408-4358-429b-ab46-4dec55806d9b Heaviness: 6 limit: 5
2019-09-25 05:59:29,111 [IPC Server handler 0 on 42227] ERROR pipeline.PipelinePlacementPolicy (PipelinePlacementPolicy.java:filterViableNodes(148)) - Unable to find enough nodes that meet the criteria that cannot engage in more than 5 pipelines. Nodes required: 3 Found: 0, healthy nodes count inNodeManager: 5.
2019-09-25 05:59:29,112 [IPC Server handler 0 on 42227] ERROR pipeline.SCMPipelineManager (SCMPipelineManager.java:createPipeline(167)) - Pipeline creation failed.
org.apache.hadoop.hdds.scm.exceptions.SCMException: Unable to find enough nodes that meet the criteria that cannot engage in more than 5 pipelines. Nodes required: 3 Found: 0, healthy nodes count inNodeManager: 5.
	at org.apache.hadoop.hdds.scm.pipeline.PipelinePlacementPolicy.filterViableNodes(PipelinePlacementPolicy.java:149)
	at org.apache.hadoop.hdds.scm.pipeline.PipelinePlacementPolicy.chooseDatanodes(PipelinePlacementPolicy.java:172)
	at org.apache.hadoop.hdds.scm.pipeline.RatisPipelineProvider.create(RatisPipelineProvider.java:93)
	at org.apache.hadoop.hdds.scm.pipeline.PipelineFactory.create(PipelineFactory.java:58)
	at org.apache.hadoop.hdds.scm.pipeline.SCMPipelineManager.createPipeline(SCMPipelineManager.java:155)
	at org.apache.hadoop.hdds.scm.block.BlockManagerImpl.allocateBlock(BlockManagerImpl.java:190)
	at org.apache.hadoop.hdds.scm.server.SCMBlockProtocolServer.allocateBlock(SCMBlockProtocolServer.java:182)
	at org.apache.hadoop.ozone.protocolPB.ScmBlockLocationProtocolServerSideTranslatorPB.allocateScmBlock(ScmBlockLocationProtocolServerSideTranslatorPB.java:183)
	at org.apache.hadoop.ozone.protocolPB.ScmBlockLocationProtocolServerSideTranslatorPB.processMessage(ScmBlockLocationProtocolServerSideTranslatorPB.java:141)
	at org.apache.hadoop.ozone.protocolPB.ScmBlockLocationProtocolServerSideTranslatorPB.send(ScmBlockLocationProtocolServerSideTranslatorPB.java:116)
	at org.apache.hadoop.hdds.protocol.proto.ScmBlockLocationProtocolProtos$ScmBlockLocationProtocolService$2.callBlockingMethod(ScmBlockLocationProtocolProtos.java:13157)
	at org.apache.hadoop.ipc.ProtobufRpcEngine$Server$ProtoBufRpcInvoker.call(ProtobufRpcEngine.java:524)
	at org.apache.hadoop.ipc.RPC$Server.call(RPC.java:1025)
	at org.apache.hadoop.ipc.Server$RpcCall.run(Server.java:876)
	at org.apache.hadoop.ipc.Server$RpcCall.run(Server.java:822)
	at java.security.AccessController.doPrivileged(Native Method)
	at javax.security.auth.Subject.doAs(Subject.java:422)
	at org.apache.hadoop.security.UserGroupInformation.doAs(UserGroupInformation.java:1730)
	at org.apache.hadoop.ipc.Server$Handler.run(Server.java:2682)
2019-09-25 05:59:29,112 [IPC Server handler 0 on 42227] WARN  block.BlockManagerImpl (BlockManagerImpl.java:allocateBlock(192)) - Pipeline creation failed for type:RATIS factor:THREE. Retrying get pipelines call once.
org.apache.hadoop.hdds.scm.exceptions.SCMException: Unable to find enough nodes that meet the criteria that cannot engage in more than 5 pipelines. Nodes required: 3 Found: 0, healthy nodes count inNodeManager: 5.
	at org.apache.hadoop.hdds.scm.pipeline.PipelinePlacementPolicy.filterViableNodes(PipelinePlacementPolicy.java:149)
	at org.apache.hadoop.hdds.scm.pipeline.PipelinePlacementPolicy.chooseDatanodes(PipelinePlacementPolicy.java:172)
	at org.apache.hadoop.hdds.scm.pipeline.RatisPipelineProvider.create(RatisPipelineProvider.java:93)
	at org.apache.hadoop.hdds.scm.pipeline.PipelineFactory.create(PipelineFactory.java:58)
	at org.apache.hadoop.hdds.scm.pipeline.SCMPipelineManager.createPipeline(SCMPipelineManager.java:155)
	at org.apache.hadoop.hdds.scm.block.BlockManagerImpl.allocateBlock(BlockManagerImpl.java:190)
	at org.apache.hadoop.hdds.scm.server.SCMBlockProtocolServer.allocateBlock(SCMBlockProtocolServer.java:182)
	at org.apache.hadoop.ozone.protocolPB.ScmBlockLocationProtocolServerSideTranslatorPB.allocateScmBlock(ScmBlockLocationProtocolServerSideTranslatorPB.java:183)
	at org.apache.hadoop.ozone.protocolPB.ScmBlockLocationProtocolServerSideTranslatorPB.processMessage(ScmBlockLocationProtocolServerSideTranslatorPB.java:141)
	at org.apache.hadoop.ozone.protocolPB.ScmBlockLocationProtocolServerSideTranslatorPB.send(ScmBlockLocationProtocolServerSideTranslatorPB.java:116)
	at org.apache.hadoop.hdds.protocol.proto.ScmBlockLocationProtocolProtos$ScmBlockLocationProtocolService$2.callBlockingMethod(ScmBlockLocationProtocolProtos.java:13157)
	at org.apache.hadoop.ipc.ProtobufRpcEngine$Server$ProtoBufRpcInvoker.call(ProtobufRpcEngine.java:524)
	at org.apache.hadoop.ipc.RPC$Server.call(RPC.java:1025)
	at org.apache.hadoop.ipc.Server$RpcCall.run(Server.java:876)
	at org.apache.hadoop.ipc.Server$RpcCall.run(Server.java:822)
	at java.security.AccessController.doPrivileged(Native Method)
	at javax.security.auth.Subject.doAs(Subject.java:422)
	at org.apache.hadoop.security.UserGroupInformation.doAs(UserGroupInformation.java:1730)
	at org.apache.hadoop.ipc.Server$Handler.run(Server.java:2682)
2019-09-25 05:59:29,113 [IPC Server handler 0 on 42227] INFO  block.BlockManagerImpl (BlockManagerImpl.java:allocateBlock(198)) - Could not find available pipeline of type:RATIS and factor:THREE even after retrying
2019-09-25 05:59:29,113 [IPC Server handler 0 on 42227] ERROR block.BlockManagerImpl (BlockManagerImpl.java:allocateBlock(222)) - Unable to allocate a block for the size: 4194304, type: RATIS, factor: THREE
2019-09-25 05:59:29,113 [IPC Server handler 0 on 42227] INFO  pipeline.PipelinePlacementPolicy (PipelinePlacementPolicy.java:meetCriteria(91)) - Pipeline Placement: can't place more pipeline on heavy datanode： dcfa33bc-9001-4365-ad5d-758174e05f4c Heaviness: 6 limit: 5
2019-09-25 05:59:29,113 [IPC Server handler 0 on 42227] INFO  pipeline.PipelinePlacementPolicy (PipelinePlacementPolicy.java:meetCriteria(91)) - Pipeline Placement: can't place more pipeline on heavy datanode： a70ebb95-9827-4ee9-872e-51470ad9f886 Heaviness: 6 limit: 5
2019-09-25 05:59:29,113 [IPC Server handler 0 on 42227] INFO  pipeline.PipelinePlacementPolicy (PipelinePlacementPolicy.java:meetCriteria(91)) - Pipeline Placement: can't place more pipeline on heavy datanode： f8d3684d-44eb-42fd-8c21-2b8ad1aff988 Heaviness: 6 limit: 5
2019-09-25 05:59:29,114 [IPC Server handler 0 on 42227] INFO  pipeline.PipelinePlacementPolicy (PipelinePlacementPolicy.java:meetCriteria(91)) - Pipeline Placement: can't place more pipeline on heavy datanode： 327d7864-9593-4c84-9c3b-d4b21327d735 Heaviness: 6 limit: 5
2019-09-25 05:59:29,114 [IPC Server handler 0 on 42227] INFO  pipeline.PipelinePlacementPolicy (PipelinePlacementPolicy.java:meetCriteria(91)) - Pipeline Placement: can't place more pipeline on heavy datanode： 747dc408-4358-429b-ab46-4dec55806d9b Heaviness: 6 limit: 5
2019-09-25 05:59:29,114 [IPC Server handler 0 on 42227] ERROR pipeline.PipelinePlacementPolicy (PipelinePlacementPolicy.java:filterViableNodes(148)) - Unable to find enough nodes that meet the criteria that cannot engage in more than 5 pipelines. Nodes required: 3 Found: 0, healthy nodes count inNodeManager: 5.
2019-09-25 05:59:29,114 [IPC Server handler 0 on 42227] ERROR pipeline.SCMPipelineManager (SCMPipelineManager.java:createPipeline(167)) - Pipeline creation failed.
org.apache.hadoop.hdds.scm.exceptions.SCMException: Unable to find enough nodes that meet the criteria that cannot engage in more than 5 pipelines. Nodes required: 3 Found: 0, healthy nodes count inNodeManager: 5.
	at org.apache.hadoop.hdds.scm.pipeline.PipelinePlacementPolicy.filterViableNodes(PipelinePlacementPolicy.java:149)
	at org.apache.hadoop.hdds.scm.pipeline.PipelinePlacementPolicy.chooseDatanodes(PipelinePlacementPolicy.java:172)
	at org.apache.hadoop.hdds.scm.pipeline.RatisPipelineProvider.create(RatisPipelineProvider.java:93)
	at org.apache.hadoop.hdds.scm.pipeline.PipelineFactory.create(PipelineFactory.java:58)
	at org.apache.hadoop.hdds.scm.pipeline.SCMPipelineManager.createPipeline(SCMPipelineManager.java:155)
	at org.apache.hadoop.hdds.scm.block.BlockManagerImpl.allocateBlock(BlockManagerImpl.java:190)
	at org.apache.hadoop.hdds.scm.server.SCMBlockProtocolServer.allocateBlock(SCMBlockProtocolServer.java:182)
	at org.apache.hadoop.ozone.protocolPB.ScmBlockLocationProtocolServerSideTranslatorPB.allocateScmBlock(ScmBlockLocationProtocolServerSideTranslatorPB.java:183)
	at org.apache.hadoop.ozone.protocolPB.ScmBlockLocationProtocolServerSideTranslatorPB.processMessage(ScmBlockLocationProtocolServerSideTranslatorPB.java:141)
	at org.apache.hadoop.ozone.protocolPB.ScmBlockLocationProtocolServerSideTranslatorPB.send(ScmBlockLocationProtocolServerSideTranslatorPB.java:116)
	at org.apache.hadoop.hdds.protocol.proto.ScmBlockLocationProtocolProtos$ScmBlockLocationProtocolService$2.callBlockingMethod(ScmBlockLocationProtocolProtos.java:13157)
	at org.apache.hadoop.ipc.ProtobufRpcEngine$Server$ProtoBufRpcInvoker.call(ProtobufRpcEngine.java:524)
	at org.apache.hadoop.ipc.RPC$Server.call(RPC.java:1025)
	at org.apache.hadoop.ipc.Server$RpcCall.run(Server.java:876)
	at org.apache.hadoop.ipc.Server$RpcCall.run(Server.java:822)
	at java.security.AccessController.doPrivileged(Native Method)
	at javax.security.auth.Subject.doAs(Subject.java:422)
	at org.apache.hadoop.security.UserGroupInformation.doAs(UserGroupInformation.java:1730)
	at org.apache.hadoop.ipc.Server$Handler.run(Server.java:2682)
2019-09-25 05:59:29,115 [IPC Server handler 0 on 42227] WARN  block.BlockManagerImpl (BlockManagerImpl.java:allocateBlock(192)) - Pipeline creation failed for type:RATIS factor:THREE. Retrying get pipelines call once.
org.apache.hadoop.hdds.scm.exceptions.SCMException: Unable to find enough nodes that meet the criteria that cannot engage in more than 5 pipelines. Nodes required: 3 Found: 0, healthy nodes count inNodeManager: 5.
	at org.apache.hadoop.hdds.scm.pipeline.PipelinePlacementPolicy.filterViableNodes(PipelinePlacementPolicy.java:149)
	at org.apache.hadoop.hdds.scm.pipeline.PipelinePlacementPolicy.chooseDatanodes(PipelinePlacementPolicy.java:172)
	at org.apache.hadoop.hdds.scm.pipeline.RatisPipelineProvider.create(RatisPipelineProvider.java:93)
	at org.apache.hadoop.hdds.scm.pipeline.PipelineFactory.create(PipelineFactory.java:58)
	at org.apache.hadoop.hdds.scm.pipeline.SCMPipelineManager.createPipeline(SCMPipelineManager.java:155)
	at org.apache.hadoop.hdds.scm.block.BlockManagerImpl.allocateBlock(BlockManagerImpl.java:190)
	at org.apache.hadoop.hdds.scm.server.SCMBlockProtocolServer.allocateBlock(SCMBlockProtocolServer.java:182)
	at org.apache.hadoop.ozone.protocolPB.ScmBlockLocationProtocolServerSideTranslatorPB.allocateScmBlock(ScmBlockLocationProtocolServerSideTranslatorPB.java:183)
	at org.apache.hadoop.ozone.protocolPB.ScmBlockLocationProtocolServerSideTranslatorPB.processMessage(ScmBlockLocationProtocolServerSideTranslatorPB.java:141)
	at org.apache.hadoop.ozone.protocolPB.ScmBlockLocationProtocolServerSideTranslatorPB.send(ScmBlockLocationProtocolServerSideTranslatorPB.java:116)
	at org.apache.hadoop.hdds.protocol.proto.ScmBlockLocationProtocolProtos$ScmBlockLocationProtocolService$2.callBlockingMethod(ScmBlockLocationProtocolProtos.java:13157)
	at org.apache.hadoop.ipc.ProtobufRpcEngine$Server$ProtoBufRpcInvoker.call(ProtobufRpcEngine.java:524)
	at org.apache.hadoop.ipc.RPC$Server.call(RPC.java:1025)
	at org.apache.hadoop.ipc.Server$RpcCall.run(Server.java:876)
	at org.apache.hadoop.ipc.Server$RpcCall.run(Server.java:822)
	at java.security.AccessController.doPrivileged(Native Method)
	at javax.security.auth.Subject.doAs(Subject.java:422)
	at org.apache.hadoop.security.UserGroupInformation.doAs(UserGroupInformation.java:1730)
	at org.apache.hadoop.ipc.Server$Handler.run(Server.java:2682)
2019-09-25 05:59:29,115 [IPC Server handler 0 on 42227] INFO  block.BlockManagerImpl (BlockManagerImpl.java:allocateBlock(198)) - Could not find available pipeline of type:RATIS and factor:THREE even after retrying
2019-09-25 05:59:29,115 [IPC Server handler 0 on 42227] ERROR block.BlockManagerImpl (BlockManagerImpl.java:allocateBlock(222)) - Unable to allocate a block for the size: 4194304, type: RATIS, factor: THREE
2019-09-25 05:59:29,116 [IPC Server handler 0 on 42227] INFO  pipeline.PipelinePlacementPolicy (PipelinePlacementPolicy.java:meetCriteria(91)) - Pipeline Placement: can't place more pipeline on heavy datanode： dcfa33bc-9001-4365-ad5d-758174e05f4c Heaviness: 6 limit: 5
2019-09-25 05:59:29,116 [IPC Server handler 0 on 42227] INFO  pipeline.PipelinePlacementPolicy (PipelinePlacementPolicy.java:meetCriteria(91)) - Pipeline Placement: can't place more pipeline on heavy datanode： a70ebb95-9827-4ee9-872e-51470ad9f886 Heaviness: 6 limit: 5
2019-09-25 05:59:29,116 [IPC Server handler 0 on 42227] INFO  pipeline.PipelinePlacementPolicy (PipelinePlacementPolicy.java:meetCriteria(91)) - Pipeline Placement: can't place more pipeline on heavy datanode： f8d3684d-44eb-42fd-8c21-2b8ad1aff988 Heaviness: 6 limit: 5
2019-09-25 05:59:29,116 [IPC Server handler 0 on 42227] INFO  pipeline.PipelinePlacementPolicy (PipelinePlacementPolicy.java:meetCriteria(91)) - Pipeline Placement: can't place more pipeline on heavy datanode： 327d7864-9593-4c84-9c3b-d4b21327d735 Heaviness: 6 limit: 5
2019-09-25 05:59:29,116 [IPC Server handler 0 on 42227] INFO  pipeline.PipelinePlacementPolicy (PipelinePlacementPolicy.java:meetCriteria(91)) - Pipeline Placement: can't place more pipeline on heavy datanode： 747dc408-4358-429b-ab46-4dec55806d9b Heaviness: 6 limit: 5
2019-09-25 05:59:29,117 [IPC Server handler 0 on 42227] ERROR pipeline.PipelinePlacementPolicy (PipelinePlacementPolicy.java:filterViableNodes(148)) - Unable to find enough nodes that meet the criteria that cannot engage in more than 5 pipelines. Nodes required: 3 Found: 0, healthy nodes count inNodeManager: 5.
2019-09-25 05:59:29,117 [IPC Server handler 0 on 42227] ERROR pipeline.SCMPipelineManager (SCMPipelineManager.java:createPipeline(167)) - Pipeline creation failed.
org.apache.hadoop.hdds.scm.exceptions.SCMException: Unable to find enough nodes that meet the criteria that cannot engage in more than 5 pipelines. Nodes required: 3 Found: 0, healthy nodes count inNodeManager: 5.
	at org.apache.hadoop.hdds.scm.pipeline.PipelinePlacementPolicy.filterViableNodes(PipelinePlacementPolicy.java:149)
	at org.apache.hadoop.hdds.scm.pipeline.PipelinePlacementPolicy.chooseDatanodes(PipelinePlacementPolicy.java:172)
	at org.apache.hadoop.hdds.scm.pipeline.RatisPipelineProvider.create(RatisPipelineProvider.java:93)
	at org.apache.hadoop.hdds.scm.pipeline.PipelineFactory.create(PipelineFactory.java:58)
	at org.apache.hadoop.hdds.scm.pipeline.SCMPipelineManager.createPipeline(SCMPipelineManager.java:155)
	at org.apache.hadoop.hdds.scm.block.BlockManagerImpl.allocateBlock(BlockManagerImpl.java:190)
	at org.apache.hadoop.hdds.scm.server.SCMBlockProtocolServer.allocateBlock(SCMBlockProtocolServer.java:182)
	at org.apache.hadoop.ozone.protocolPB.ScmBlockLocationProtocolServerSideTranslatorPB.allocateScmBlock(ScmBlockLocationProtocolServerSideTranslatorPB.java:183)
	at org.apache.hadoop.ozone.protocolPB.ScmBlockLocationProtocolServerSideTranslatorPB.processMessage(ScmBlockLocationProtocolServerSideTranslatorPB.java:141)
	at org.apache.hadoop.ozone.protocolPB.ScmBlockLocationProtocolServerSideTranslatorPB.send(ScmBlockLocationProtocolServerSideTranslatorPB.java:116)
	at org.apache.hadoop.hdds.protocol.proto.ScmBlockLocationProtocolProtos$ScmBlockLocationProtocolService$2.callBlockingMethod(ScmBlockLocationProtocolProtos.java:13157)
	at org.apache.hadoop.ipc.ProtobufRpcEngine$Server$ProtoBufRpcInvoker.call(ProtobufRpcEngine.java:524)
	at org.apache.hadoop.ipc.RPC$Server.call(RPC.java:1025)
	at org.apache.hadoop.ipc.Server$RpcCall.run(Server.java:876)
	at org.apache.hadoop.ipc.Server$RpcCall.run(Server.java:822)
	at java.security.AccessController.doPrivileged(Native Method)
	at javax.security.auth.Subject.doAs(Subject.java:422)
	at org.apache.hadoop.security.UserGroupInformation.doAs(UserGroupInformation.java:1730)
	at org.apache.hadoop.ipc.Server$Handler.run(Server.java:2682)
2019-09-25 05:59:29,117 [IPC Server handler 0 on 42227] WARN  block.BlockManagerImpl (BlockManagerImpl.java:allocateBlock(192)) - Pipeline creation failed for type:RATIS factor:THREE. Retrying get pipelines call once.
org.apache.hadoop.hdds.scm.exceptions.SCMException: Unable to find enough nodes that meet the criteria that cannot engage in more than 5 pipelines. Nodes required: 3 Found: 0, healthy nodes count inNodeManager: 5.
	at org.apache.hadoop.hdds.scm.pipeline.PipelinePlacementPolicy.filterViableNodes(PipelinePlacementPolicy.java:149)
	at org.apache.hadoop.hdds.scm.pipeline.PipelinePlacementPolicy.chooseDatanodes(PipelinePlacementPolicy.java:172)
	at org.apache.hadoop.hdds.scm.pipeline.RatisPipelineProvider.create(RatisPipelineProvider.java:93)
	at org.apache.hadoop.hdds.scm.pipeline.PipelineFactory.create(PipelineFactory.java:58)
	at org.apache.hadoop.hdds.scm.pipeline.SCMPipelineManager.createPipeline(SCMPipelineManager.java:155)
	at org.apache.hadoop.hdds.scm.block.BlockManagerImpl.allocateBlock(BlockManagerImpl.java:190)
	at org.apache.hadoop.hdds.scm.server.SCMBlockProtocolServer.allocateBlock(SCMBlockProtocolServer.java:182)
	at org.apache.hadoop.ozone.protocolPB.ScmBlockLocationProtocolServerSideTranslatorPB.allocateScmBlock(ScmBlockLocationProtocolServerSideTranslatorPB.java:183)
	at org.apache.hadoop.ozone.protocolPB.ScmBlockLocationProtocolServerSideTranslatorPB.processMessage(ScmBlockLocationProtocolServerSideTranslatorPB.java:141)
	at org.apache.hadoop.ozone.protocolPB.ScmBlockLocationProtocolServerSideTranslatorPB.send(ScmBlockLocationProtocolServerSideTranslatorPB.java:116)
	at org.apache.hadoop.hdds.protocol.proto.ScmBlockLocationProtocolProtos$ScmBlockLocationProtocolService$2.callBlockingMethod(ScmBlockLocationProtocolProtos.java:13157)
	at org.apache.hadoop.ipc.ProtobufRpcEngine$Server$ProtoBufRpcInvoker.call(ProtobufRpcEngine.java:524)
	at org.apache.hadoop.ipc.RPC$Server.call(RPC.java:1025)
	at org.apache.hadoop.ipc.Server$RpcCall.run(Server.java:876)
	at org.apache.hadoop.ipc.Server$RpcCall.run(Server.java:822)
	at java.security.AccessController.doPrivileged(Native Method)
	at javax.security.auth.Subject.doAs(Subject.java:422)
	at org.apache.hadoop.security.UserGroupInformation.doAs(UserGroupInformation.java:1730)
	at org.apache.hadoop.ipc.Server$Handler.run(Server.java:2682)
2019-09-25 05:59:29,118 [IPC Server handler 0 on 42227] INFO  block.BlockManagerImpl (BlockManagerImpl.java:allocateBlock(198)) - Could not find available pipeline of type:RATIS and factor:THREE even after retrying
2019-09-25 05:59:29,118 [IPC Server handler 0 on 42227] ERROR block.BlockManagerImpl (BlockManagerImpl.java:allocateBlock(222)) - Unable to allocate a block for the size: 4194304, type: RATIS, factor: THREE
2019-09-25 05:59:29,126 [pool-73-thread-3] ERROR freon.RandomKeyGenerator (RandomKeyGenerator.java:createKey(733)) - Exception while adding key: key-0-40439 in bucket: bucket-0-25774 of volume: vol-0-04350.
INTERNAL_ERROR org.apache.hadoop.ozone.om.exceptions.OMException: Allocated 0 blocks. Requested 5 blocks
	at org.apache.hadoop.ozone.om.protocolPB.OzoneManagerProtocolClientSideTranslatorPB.handleError(OzoneManagerProtocolClientSideTranslatorPB.java:732)
	at org.apache.hadoop.ozone.om.protocolPB.OzoneManagerProtocolClientSideTranslatorPB.openKey(OzoneManagerProtocolClientSideTranslatorPB.java:723)
	at sun.reflect.NativeMethodAccessorImpl.invoke0(Native Method)
	at sun.reflect.NativeMethodAccessorImpl.invoke(NativeMethodAccessorImpl.java:62)
	at sun.reflect.DelegatingMethodAccessorImpl.invoke(DelegatingMethodAccessorImpl.java:43)
	at java.lang.reflect.Method.invoke(Method.java:498)
	at org.apache.hadoop.hdds.tracing.TraceAllMethod.invoke(TraceAllMethod.java:66)
	at com.sun.proxy.$Proxy37.openKey(Unknown Source)
	at org.apache.hadoop.ozone.client.rpc.RpcClient.createKey(RpcClient.java:614)
	at org.apache.hadoop.ozone.client.OzoneBucket.createKey(OzoneBucket.java:325)
	at org.apache.hadoop.ozone.freon.RandomKeyGenerator.createKey(RandomKeyGenerator.java:695)
	at org.apache.hadoop.ozone.freon.RandomKeyGenerator.access$1100(RandomKeyGenerator.java:88)
	at org.apache.hadoop.ozone.freon.RandomKeyGenerator$ObjectCreator.run(RandomKeyGenerator.java:615)
	at java.util.concurrent.Executors$RunnableAdapter.call(Executors.java:511)
	at java.util.concurrent.FutureTask.run(FutureTask.java:266)
	at java.util.concurrent.ThreadPoolExecutor.runWorker(ThreadPoolExecutor.java:1149)
	at java.util.concurrent.ThreadPoolExecutor$Worker.run(ThreadPoolExecutor.java:624)
	at java.lang.Thread.run(Thread.java:748)
 0.00% |█                                                                                                    |  0/1 Time: 0:00:02 0.00% |█                                                                                                    |  0/1 Time: 0:00:032019-09-25 05:59:31,531 [Thread-210] INFO  impl.FollowerState (FollowerState.java:run(106)) - dcfa33bc-9001-4365-ad5d-758174e05f4c:group-EE5D1D92DDFF changes to CANDIDATE, lastRpcTime:5189, electionTimeout:5188ms
2019-09-25 05:59:31,534 [Thread-210] INFO  impl.RoleInfo (RoleInfo.java:shutdownFollowerState(121)) - dcfa33bc-9001-4365-ad5d-758174e05f4c: shutdown FollowerState
2019-09-25 05:59:31,534 [Thread-210] INFO  impl.RaftServerImpl (RaftServerImpl.java:setRole(174)) - dcfa33bc-9001-4365-ad5d-758174e05f4c@group-EE5D1D92DDFF: changes role from  FOLLOWER to CANDIDATE at term 0 for changeToCandidate
2019-09-25 05:59:31,540 [Thread-210] INFO  impl.RoleInfo (RoleInfo.java:updateAndGet(143)) - dcfa33bc-9001-4365-ad5d-758174e05f4c: start LeaderElection
2019-09-25 05:59:31,560 [dcfa33bc-9001-4365-ad5d-758174e05f4c@group-EE5D1D92DDFF:LeaderElection1] INFO  impl.LeaderElection (LeaderElection.java:askForVotes(182)) - dcfa33bc-9001-4365-ad5d-758174e05f4c@group-EE5D1D92DDFF:LeaderElection1: begin an election at term 1 for -1: [dcfa33bc-9001-4365-ad5d-758174e05f4c:192.168.5.161:35167], old=null
2019-09-25 05:59:31,562 [dcfa33bc-9001-4365-ad5d-758174e05f4c@group-EE5D1D92DDFF:LeaderElection1] INFO  impl.RoleInfo (RoleInfo.java:shutdownLeaderElection(134)) - dcfa33bc-9001-4365-ad5d-758174e05f4c: shutdown LeaderElection
2019-09-25 05:59:31,563 [dcfa33bc-9001-4365-ad5d-758174e05f4c@group-EE5D1D92DDFF:LeaderElection1] INFO  impl.RaftServerImpl (RaftServerImpl.java:setRole(174)) - dcfa33bc-9001-4365-ad5d-758174e05f4c@group-EE5D1D92DDFF: changes role from CANDIDATE to LEADER at term 1 for changeToLeader
2019-09-25 05:59:31,563 [dcfa33bc-9001-4365-ad5d-758174e05f4c@group-EE5D1D92DDFF:LeaderElection1] INFO  impl.RaftServerImpl (ServerState.java:setLeader(253)) - dcfa33bc-9001-4365-ad5d-758174e05f4c@group-EE5D1D92DDFF: change Leader from null to dcfa33bc-9001-4365-ad5d-758174e05f4c at term 1 for becomeLeader, leader elected after 5380ms
2019-09-25 05:59:31,573 [dcfa33bc-9001-4365-ad5d-758174e05f4c@group-EE5D1D92DDFF:LeaderElection1] INFO  server.RaftServerConfigKeys (ConfUtils.java:logGet(43)) - raft.server.staging.catchup.gap = 1000 (default)
2019-09-25 05:59:31,573 [dcfa33bc-9001-4365-ad5d-758174e05f4c@group-EE5D1D92DDFF:LeaderElection1] INFO  server.RaftServerConfigKeys (ConfUtils.java:logGet(43)) - raft.server.rpc.sleep.time = 25ms (default)
2019-09-25 05:59:31,577 [dcfa33bc-9001-4365-ad5d-758174e05f4c@group-EE5D1D92DDFF:LeaderElection1] INFO  server.RaftServerConfigKeys (ConfUtils.java:logGet(43)) - raft.server.write.element-limit = 4096 (default)
2019-09-25 05:59:31,581 [dcfa33bc-9001-4365-ad5d-758174e05f4c@group-EE5D1D92DDFF:LeaderElection1] INFO  server.RaftServerConfigKeys (ConfUtils.java:logGet(43)) - raft.server.watch.timeout = 10s (default)
2019-09-25 05:59:31,581 [dcfa33bc-9001-4365-ad5d-758174e05f4c@group-EE5D1D92DDFF:LeaderElection1] INFO  server.RaftServerConfigKeys (ConfUtils.java:logGet(43)) - raft.server.watch.timeout.denomination = 1s (default)
2019-09-25 05:59:31,582 [dcfa33bc-9001-4365-ad5d-758174e05f4c@group-EE5D1D92DDFF:LeaderElection1] INFO  server.RaftServerConfigKeys (ConfUtils.java:logGet(43)) - raft.server.watch.element-limit = 65536 (default)
2019-09-25 05:59:31,596 [dcfa33bc-9001-4365-ad5d-758174e05f4c@group-EE5D1D92DDFF:LeaderElection1] INFO  impl.RoleInfo (RoleInfo.java:updateAndGet(143)) - dcfa33bc-9001-4365-ad5d-758174e05f4c: start LeaderState
2019-09-25 05:59:31,622 [dcfa33bc-9001-4365-ad5d-758174e05f4c@group-EE5D1D92DDFF:LeaderElection1] INFO  segmented.SegmentedRaftLogWorker (SegmentedRaftLogWorker.java:startLogSegment(380)) - dcfa33bc-9001-4365-ad5d-758174e05f4c@group-EE5D1D92DDFF-SegmentedRaftLogWorker: Starting segment from index:0
2019-09-25 05:59:31,631 [dcfa33bc-9001-4365-ad5d-758174e05f4c@group-EE5D1D92DDFF:LeaderElection1] INFO  impl.RaftServerImpl (ServerState.java:setRaftConf(354)) - dcfa33bc-9001-4365-ad5d-758174e05f4c@group-EE5D1D92DDFF: set configuration 0: [dcfa33bc-9001-4365-ad5d-758174e05f4c:192.168.5.161:35167], old=null at 0
 0.00% |█                                                                                                    |  0/1 Time: 0:00:042019-09-25 05:59:31,696 [Thread-213] INFO  impl.FollowerState (FollowerState.java:run(106)) - a70ebb95-9827-4ee9-872e-51470ad9f886:group-6F525B89B87B changes to CANDIDATE, lastRpcTime:5145, electionTimeout:5144ms
2019-09-25 05:59:31,698 [Thread-213] INFO  impl.RoleInfo (RoleInfo.java:shutdownFollowerState(121)) - a70ebb95-9827-4ee9-872e-51470ad9f886: shutdown FollowerState
2019-09-25 05:59:31,698 [Thread-213] INFO  impl.RaftServerImpl (RaftServerImpl.java:setRole(174)) - a70ebb95-9827-4ee9-872e-51470ad9f886@group-6F525B89B87B: changes role from  FOLLOWER to CANDIDATE at term 0 for changeToCandidate
2019-09-25 05:59:31,698 [Thread-213] INFO  impl.RoleInfo (RoleInfo.java:updateAndGet(143)) - a70ebb95-9827-4ee9-872e-51470ad9f886: start LeaderElection
2019-09-25 05:59:31,727 [a70ebb95-9827-4ee9-872e-51470ad9f886@group-6F525B89B87B:LeaderElection2] INFO  impl.LeaderElection (LeaderElection.java:askForVotes(182)) - a70ebb95-9827-4ee9-872e-51470ad9f886@group-6F525B89B87B:LeaderElection2: begin an election at term 1 for -1: [a70ebb95-9827-4ee9-872e-51470ad9f886:192.168.5.161:38094], old=null
2019-09-25 05:59:31,729 [a70ebb95-9827-4ee9-872e-51470ad9f886@group-6F525B89B87B:LeaderElection2] INFO  impl.RoleInfo (RoleInfo.java:shutdownLeaderElection(134)) - a70ebb95-9827-4ee9-872e-51470ad9f886: shutdown LeaderElection
2019-09-25 05:59:31,729 [a70ebb95-9827-4ee9-872e-51470ad9f886@group-6F525B89B87B:LeaderElection2] INFO  impl.RaftServerImpl (RaftServerImpl.java:setRole(174)) - a70ebb95-9827-4ee9-872e-51470ad9f886@group-6F525B89B87B: changes role from CANDIDATE to LEADER at term 1 for changeToLeader
2019-09-25 05:59:31,729 [a70ebb95-9827-4ee9-872e-51470ad9f886@group-6F525B89B87B:LeaderElection2] INFO  impl.RaftServerImpl (ServerState.java:setLeader(253)) - a70ebb95-9827-4ee9-872e-51470ad9f886@group-6F525B89B87B: change Leader from null to a70ebb95-9827-4ee9-872e-51470ad9f886 at term 1 for becomeLeader, leader elected after 5198ms
2019-09-25 05:59:31,731 [a70ebb95-9827-4ee9-872e-51470ad9f886@group-6F525B89B87B:LeaderElection2] INFO  server.RaftServerConfigKeys (ConfUtils.java:logGet(43)) - raft.server.staging.catchup.gap = 1000 (default)
2019-09-25 05:59:31,731 [a70ebb95-9827-4ee9-872e-51470ad9f886@group-6F525B89B87B:LeaderElection2] INFO  server.RaftServerConfigKeys (ConfUtils.java:logGet(43)) - raft.server.rpc.sleep.time = 25ms (default)
2019-09-25 05:59:31,732 [a70ebb95-9827-4ee9-872e-51470ad9f886@group-6F525B89B87B:LeaderElection2] INFO  server.RaftServerConfigKeys (ConfUtils.java:logGet(43)) - raft.server.write.element-limit = 4096 (default)
2019-09-25 05:59:31,732 [a70ebb95-9827-4ee9-872e-51470ad9f886@group-6F525B89B87B:LeaderElection2] INFO  server.RaftServerConfigKeys (ConfUtils.java:logGet(43)) - raft.server.watch.timeout = 10s (default)
2019-09-25 05:59:31,732 [a70ebb95-9827-4ee9-872e-51470ad9f886@group-6F525B89B87B:LeaderElection2] INFO  server.RaftServerConfigKeys (ConfUtils.java:logGet(43)) - raft.server.watch.timeout.denomination = 1s (default)
2019-09-25 05:59:31,732 [a70ebb95-9827-4ee9-872e-51470ad9f886@group-6F525B89B87B:LeaderElection2] INFO  server.RaftServerConfigKeys (ConfUtils.java:logGet(43)) - raft.server.watch.element-limit = 65536 (default)
2019-09-25 05:59:31,736 [a70ebb95-9827-4ee9-872e-51470ad9f886@group-6F525B89B87B:LeaderElection2] INFO  impl.RoleInfo (RoleInfo.java:updateAndGet(143)) - a70ebb95-9827-4ee9-872e-51470ad9f886: start LeaderState
2019-09-25 05:59:31,736 [a70ebb95-9827-4ee9-872e-51470ad9f886@group-6F525B89B87B:LeaderElection2] INFO  segmented.SegmentedRaftLogWorker (SegmentedRaftLogWorker.java:startLogSegment(380)) - a70ebb95-9827-4ee9-872e-51470ad9f886@group-6F525B89B87B-SegmentedRaftLogWorker: Starting segment from index:0
2019-09-25 05:59:31,736 [a70ebb95-9827-4ee9-872e-51470ad9f886@group-6F525B89B87B:LeaderElection2] INFO  impl.RaftServerImpl (ServerState.java:setRaftConf(354)) - a70ebb95-9827-4ee9-872e-51470ad9f886@group-6F525B89B87B: set configuration 0: [a70ebb95-9827-4ee9-872e-51470ad9f886:192.168.5.161:38094], old=null at 0
2019-09-25 05:59:31,824 [Thread-219] INFO  impl.FollowerState (FollowerState.java:run(106)) - a70ebb95-9827-4ee9-872e-51470ad9f886:group-7E8D440CFD6F changes to CANDIDATE, lastRpcTime:5041, electionTimeout:5041ms
2019-09-25 05:59:31,825 [Thread-219] INFO  impl.RoleInfo (RoleInfo.java:shutdownFollowerState(121)) - a70ebb95-9827-4ee9-872e-51470ad9f886: shutdown FollowerState
2019-09-25 05:59:31,825 [Thread-219] INFO  impl.RaftServerImpl (RaftServerImpl.java:setRole(174)) - a70ebb95-9827-4ee9-872e-51470ad9f886@group-7E8D440CFD6F: changes role from  FOLLOWER to CANDIDATE at term 0 for changeToCandidate
2019-09-25 05:59:31,825 [Thread-219] INFO  impl.RoleInfo (RoleInfo.java:updateAndGet(143)) - a70ebb95-9827-4ee9-872e-51470ad9f886: start LeaderElection
2019-09-25 05:59:31,851 [Thread-216] INFO  impl.FollowerState (FollowerState.java:run(106)) - 327d7864-9593-4c84-9c3b-d4b21327d735:group-4A86361D7BCE changes to CANDIDATE, lastRpcTime:5147, electionTimeout:5147ms
2019-09-25 05:59:31,852 [Thread-216] INFO  impl.RoleInfo (RoleInfo.java:shutdownFollowerState(121)) - 327d7864-9593-4c84-9c3b-d4b21327d735: shutdown FollowerState
2019-09-25 05:59:31,852 [Thread-216] INFO  impl.RaftServerImpl (RaftServerImpl.java:setRole(174)) - 327d7864-9593-4c84-9c3b-d4b21327d735@group-4A86361D7BCE: changes role from  FOLLOWER to CANDIDATE at term 0 for changeToCandidate
2019-09-25 05:59:31,852 [Thread-216] INFO  impl.RoleInfo (RoleInfo.java:updateAndGet(143)) - 327d7864-9593-4c84-9c3b-d4b21327d735: start LeaderElection
2019-09-25 05:59:31,862 [a70ebb95-9827-4ee9-872e-51470ad9f886@group-6F525B89B87B-SegmentedRaftLogWorker] INFO  segmented.SegmentedRaftLogWorker (SegmentedRaftLogWorker.java:execute(569)) - a70ebb95-9827-4ee9-872e-51470ad9f886@group-6F525B89B87B-SegmentedRaftLogWorker: created new log segment /workdir/hadoop-ozone/tools/target/test-dir/MiniOzoneClusterImpl-b88d8d95-70e9-47b8-bab6-e4df0797a5ce/datanode-1/data/ratis/50a0b7db-a7db-49de-b4d2-6f525b89b87b/current/log_inprogress_0
2019-09-25 05:59:31,862 [a70ebb95-9827-4ee9-872e-51470ad9f886@group-7E8D440CFD6F:LeaderElection3] INFO  impl.LeaderElection (LeaderElection.java:askForVotes(182)) - a70ebb95-9827-4ee9-872e-51470ad9f886@group-7E8D440CFD6F:LeaderElection3: begin an election at term 1 for -1: [a70ebb95-9827-4ee9-872e-51470ad9f886:192.168.5.161:38094], old=null
2019-09-25 05:59:31,862 [327d7864-9593-4c84-9c3b-d4b21327d735@group-4A86361D7BCE:LeaderElection4] INFO  impl.LeaderElection (LeaderElection.java:askForVotes(182)) - 327d7864-9593-4c84-9c3b-d4b21327d735@group-4A86361D7BCE:LeaderElection4: begin an election at term 1 for -1: [327d7864-9593-4c84-9c3b-d4b21327d735:192.168.5.161:39744], old=null
2019-09-25 05:59:31,862 [dcfa33bc-9001-4365-ad5d-758174e05f4c@group-EE5D1D92DDFF-SegmentedRaftLogWorker] INFO  segmented.SegmentedRaftLogWorker (SegmentedRaftLogWorker.java:execute(569)) - dcfa33bc-9001-4365-ad5d-758174e05f4c@group-EE5D1D92DDFF-SegmentedRaftLogWorker: created new log segment /workdir/hadoop-ozone/tools/target/test-dir/MiniOzoneClusterImpl-b88d8d95-70e9-47b8-bab6-e4df0797a5ce/datanode-0/data/ratis/fc12e989-4d5e-4f61-a515-ee5d1d92ddff/current/log_inprogress_0
2019-09-25 05:59:31,862 [327d7864-9593-4c84-9c3b-d4b21327d735@group-4A86361D7BCE:LeaderElection4] INFO  impl.RoleInfo (RoleInfo.java:shutdownLeaderElection(134)) - 327d7864-9593-4c84-9c3b-d4b21327d735: shutdown LeaderElection
2019-09-25 05:59:31,862 [a70ebb95-9827-4ee9-872e-51470ad9f886@group-7E8D440CFD6F:LeaderElection3] INFO  impl.RoleInfo (RoleInfo.java:shutdownLeaderElection(134)) - a70ebb95-9827-4ee9-872e-51470ad9f886: shutdown LeaderElection
2019-09-25 05:59:31,863 [327d7864-9593-4c84-9c3b-d4b21327d735@group-4A86361D7BCE:LeaderElection4] INFO  impl.RaftServerImpl (RaftServerImpl.java:setRole(174)) - 327d7864-9593-4c84-9c3b-d4b21327d735@group-4A86361D7BCE: changes role from CANDIDATE to LEADER at term 1 for changeToLeader
2019-09-25 05:59:31,863 [a70ebb95-9827-4ee9-872e-51470ad9f886@group-7E8D440CFD6F:LeaderElection3] INFO  impl.RaftServerImpl (RaftServerImpl.java:setRole(174)) - a70ebb95-9827-4ee9-872e-51470ad9f886@group-7E8D440CFD6F: changes role from CANDIDATE to LEADER at term 1 for changeToLeader
2019-09-25 05:59:31,863 [327d7864-9593-4c84-9c3b-d4b21327d735@group-4A86361D7BCE:LeaderElection4] INFO  impl.RaftServerImpl (ServerState.java:setLeader(253)) - 327d7864-9593-4c84-9c3b-d4b21327d735@group-4A86361D7BCE: change Leader from null to 327d7864-9593-4c84-9c3b-d4b21327d735 at term 1 for becomeLeader, leader elected after 5207ms
2019-09-25 05:59:31,863 [a70ebb95-9827-4ee9-872e-51470ad9f886@group-7E8D440CFD6F:LeaderElection3] INFO  impl.RaftServerImpl (ServerState.java:setLeader(253)) - a70ebb95-9827-4ee9-872e-51470ad9f886@group-7E8D440CFD6F: change Leader from null to a70ebb95-9827-4ee9-872e-51470ad9f886 at term 1 for becomeLeader, leader elected after 5092ms
2019-09-25 05:59:31,865 [327d7864-9593-4c84-9c3b-d4b21327d735@group-4A86361D7BCE:LeaderElection4] INFO  server.RaftServerConfigKeys (ConfUtils.java:logGet(43)) - raft.server.staging.catchup.gap = 1000 (default)
2019-09-25 05:59:31,865 [a70ebb95-9827-4ee9-872e-51470ad9f886@group-7E8D440CFD6F:LeaderElection3] INFO  server.RaftServerConfigKeys (ConfUtils.java:logGet(43)) - raft.server.staging.catchup.gap = 1000 (default)
2019-09-25 05:59:31,865 [327d7864-9593-4c84-9c3b-d4b21327d735@group-4A86361D7BCE:LeaderElection4] INFO  server.RaftServerConfigKeys (ConfUtils.java:logGet(43)) - raft.server.rpc.sleep.time = 25ms (default)
2019-09-25 05:59:31,865 [a70ebb95-9827-4ee9-872e-51470ad9f886@group-7E8D440CFD6F:LeaderElection3] INFO  server.RaftServerConfigKeys (ConfUtils.java:logGet(43)) - raft.server.rpc.sleep.time = 25ms (default)
2019-09-25 05:59:31,865 [327d7864-9593-4c84-9c3b-d4b21327d735@group-4A86361D7BCE:LeaderElection4] INFO  server.RaftServerConfigKeys (ConfUtils.java:logGet(43)) - raft.server.write.element-limit = 4096 (default)
2019-09-25 05:59:31,866 [a70ebb95-9827-4ee9-872e-51470ad9f886@group-7E8D440CFD6F:LeaderElection3] INFO  server.RaftServerConfigKeys (ConfUtils.java:logGet(43)) - raft.server.write.element-limit = 4096 (default)
2019-09-25 05:59:31,866 [327d7864-9593-4c84-9c3b-d4b21327d735@group-4A86361D7BCE:LeaderElection4] INFO  server.RaftServerConfigKeys (ConfUtils.java:logGet(43)) - raft.server.watch.timeout = 10s (default)
2019-09-25 05:59:31,866 [a70ebb95-9827-4ee9-872e-51470ad9f886@group-7E8D440CFD6F:LeaderElection3] INFO  server.RaftServerConfigKeys (ConfUtils.java:logGet(43)) - raft.server.watch.timeout = 10s (default)
2019-09-25 05:59:31,866 [327d7864-9593-4c84-9c3b-d4b21327d735@group-4A86361D7BCE:LeaderElection4] INFO  server.RaftServerConfigKeys (ConfUtils.java:logGet(43)) - raft.server.watch.timeout.denomination = 1s (default)
2019-09-25 05:59:31,866 [a70ebb95-9827-4ee9-872e-51470ad9f886@group-7E8D440CFD6F:LeaderElection3] INFO  server.RaftServerConfigKeys (ConfUtils.java:logGet(43)) - raft.server.watch.timeout.denomination = 1s (default)
2019-09-25 05:59:31,866 [327d7864-9593-4c84-9c3b-d4b21327d735@group-4A86361D7BCE:LeaderElection4] INFO  server.RaftServerConfigKeys (ConfUtils.java:logGet(43)) - raft.server.watch.element-limit = 65536 (default)
2019-09-25 05:59:31,866 [a70ebb95-9827-4ee9-872e-51470ad9f886@group-7E8D440CFD6F:LeaderElection3] INFO  server.RaftServerConfigKeys (ConfUtils.java:logGet(43)) - raft.server.watch.element-limit = 65536 (default)
2019-09-25 05:59:31,870 [327d7864-9593-4c84-9c3b-d4b21327d735@group-4A86361D7BCE:LeaderElection4] INFO  impl.RoleInfo (RoleInfo.java:updateAndGet(143)) - 327d7864-9593-4c84-9c3b-d4b21327d735: start LeaderState
2019-09-25 05:59:31,870 [327d7864-9593-4c84-9c3b-d4b21327d735@group-4A86361D7BCE:LeaderElection4] INFO  segmented.SegmentedRaftLogWorker (SegmentedRaftLogWorker.java:startLogSegment(380)) - 327d7864-9593-4c84-9c3b-d4b21327d735@group-4A86361D7BCE-SegmentedRaftLogWorker: Starting segment from index:0
2019-09-25 05:59:31,871 [a70ebb95-9827-4ee9-872e-51470ad9f886@group-7E8D440CFD6F:LeaderElection3] INFO  impl.RoleInfo (RoleInfo.java:updateAndGet(143)) - a70ebb95-9827-4ee9-872e-51470ad9f886: start LeaderState
2019-09-25 05:59:31,871 [327d7864-9593-4c84-9c3b-d4b21327d735@group-4A86361D7BCE:LeaderElection4] INFO  impl.RaftServerImpl (ServerState.java:setRaftConf(354)) - 327d7864-9593-4c84-9c3b-d4b21327d735@group-4A86361D7BCE: set configuration 0: [327d7864-9593-4c84-9c3b-d4b21327d735:192.168.5.161:39744], old=null at 0
2019-09-25 05:59:31,871 [a70ebb95-9827-4ee9-872e-51470ad9f886@group-7E8D440CFD6F:LeaderElection3] INFO  segmented.SegmentedRaftLogWorker (SegmentedRaftLogWorker.java:startLogSegment(380)) - a70ebb95-9827-4ee9-872e-51470ad9f886@group-7E8D440CFD6F-SegmentedRaftLogWorker: Starting segment from index:0
2019-09-25 05:59:31,909 [a70ebb95-9827-4ee9-872e-51470ad9f886@group-7E8D440CFD6F:LeaderElection3] INFO  impl.RaftServerImpl (ServerState.java:setRaftConf(354)) - a70ebb95-9827-4ee9-872e-51470ad9f886@group-7E8D440CFD6F: set configuration 0: [a70ebb95-9827-4ee9-872e-51470ad9f886:192.168.5.161:38094], old=null at 0
2019-09-25 05:59:31,949 [Thread-222] INFO  impl.FollowerState (FollowerState.java:run(106)) - dcfa33bc-9001-4365-ad5d-758174e05f4c:group-D472DB183A5D changes to CANDIDATE, lastRpcTime:5070, electionTimeout:5053ms
2019-09-25 05:59:31,949 [327d7864-9593-4c84-9c3b-d4b21327d735@group-4A86361D7BCE-SegmentedRaftLogWorker] INFO  segmented.SegmentedRaftLogWorker (SegmentedRaftLogWorker.java:execute(569)) - 327d7864-9593-4c84-9c3b-d4b21327d735@group-4A86361D7BCE-SegmentedRaftLogWorker: created new log segment /workdir/hadoop-ozone/tools/target/test-dir/MiniOzoneClusterImpl-b88d8d95-70e9-47b8-bab6-e4df0797a5ce/datanode-4/data/ratis/28af387b-1fad-472e-8b54-4a86361d7bce/current/log_inprogress_0
2019-09-25 05:59:31,950 [Thread-222] INFO  impl.RoleInfo (RoleInfo.java:shutdownFollowerState(121)) - dcfa33bc-9001-4365-ad5d-758174e05f4c: shutdown FollowerState
2019-09-25 05:59:31,950 [Thread-222] INFO  impl.RaftServerImpl (RaftServerImpl.java:setRole(174)) - dcfa33bc-9001-4365-ad5d-758174e05f4c@group-D472DB183A5D: changes role from  FOLLOWER to CANDIDATE at term 0 for changeToCandidate
2019-09-25 05:59:31,950 [Thread-222] INFO  impl.RoleInfo (RoleInfo.java:updateAndGet(143)) - dcfa33bc-9001-4365-ad5d-758174e05f4c: start LeaderElection
2019-09-25 05:59:31,962 [a70ebb95-9827-4ee9-872e-51470ad9f886@group-7E8D440CFD6F-SegmentedRaftLogWorker] INFO  segmented.SegmentedRaftLogWorker (SegmentedRaftLogWorker.java:execute(569)) - a70ebb95-9827-4ee9-872e-51470ad9f886@group-7E8D440CFD6F-SegmentedRaftLogWorker: created new log segment /workdir/hadoop-ozone/tools/target/test-dir/MiniOzoneClusterImpl-b88d8d95-70e9-47b8-bab6-e4df0797a5ce/datanode-1/data/ratis/0408b101-e986-4dee-86f2-7e8d440cfd6f/current/log_inprogress_0
2019-09-25 05:59:31,962 [dcfa33bc-9001-4365-ad5d-758174e05f4c@group-D472DB183A5D:LeaderElection5] INFO  impl.LeaderElection (LeaderElection.java:askForVotes(182)) - dcfa33bc-9001-4365-ad5d-758174e05f4c@group-D472DB183A5D:LeaderElection5: begin an election at term 1 for -1: [dcfa33bc-9001-4365-ad5d-758174e05f4c:192.168.5.161:35167], old=null
2019-09-25 05:59:31,962 [dcfa33bc-9001-4365-ad5d-758174e05f4c@group-D472DB183A5D:LeaderElection5] INFO  impl.RoleInfo (RoleInfo.java:shutdownLeaderElection(134)) - dcfa33bc-9001-4365-ad5d-758174e05f4c: shutdown LeaderElection
2019-09-25 05:59:31,962 [dcfa33bc-9001-4365-ad5d-758174e05f4c@group-D472DB183A5D:LeaderElection5] INFO  impl.RaftServerImpl (RaftServerImpl.java:setRole(174)) - dcfa33bc-9001-4365-ad5d-758174e05f4c@group-D472DB183A5D: changes role from CANDIDATE to LEADER at term 1 for changeToLeader
2019-09-25 05:59:31,963 [dcfa33bc-9001-4365-ad5d-758174e05f4c@group-D472DB183A5D:LeaderElection5] INFO  impl.RaftServerImpl (ServerState.java:setLeader(253)) - dcfa33bc-9001-4365-ad5d-758174e05f4c@group-D472DB183A5D: change Leader from null to dcfa33bc-9001-4365-ad5d-758174e05f4c at term 1 for becomeLeader, leader elected after 5097ms
2019-09-25 05:59:31,963 [dcfa33bc-9001-4365-ad5d-758174e05f4c@group-D472DB183A5D:LeaderElection5] INFO  server.RaftServerConfigKeys (ConfUtils.java:logGet(43)) - raft.server.staging.catchup.gap = 1000 (default)
2019-09-25 05:59:31,963 [dcfa33bc-9001-4365-ad5d-758174e05f4c@group-D472DB183A5D:LeaderElection5] INFO  server.RaftServerConfigKeys (ConfUtils.java:logGet(43)) - raft.server.rpc.sleep.time = 25ms (default)
2019-09-25 05:59:31,963 [dcfa33bc-9001-4365-ad5d-758174e05f4c@group-D472DB183A5D:LeaderElection5] INFO  server.RaftServerConfigKeys (ConfUtils.java:logGet(43)) - raft.server.write.element-limit = 4096 (default)
2019-09-25 05:59:31,964 [dcfa33bc-9001-4365-ad5d-758174e05f4c@group-D472DB183A5D:LeaderElection5] INFO  server.RaftServerConfigKeys (ConfUtils.java:logGet(43)) - raft.server.watch.timeout = 10s (default)
2019-09-25 05:59:31,964 [dcfa33bc-9001-4365-ad5d-758174e05f4c@group-D472DB183A5D:LeaderElection5] INFO  server.RaftServerConfigKeys (ConfUtils.java:logGet(43)) - raft.server.watch.timeout.denomination = 1s (default)
2019-09-25 05:59:31,964 [dcfa33bc-9001-4365-ad5d-758174e05f4c@group-D472DB183A5D:LeaderElection5] INFO  server.RaftServerConfigKeys (ConfUtils.java:logGet(43)) - raft.server.watch.element-limit = 65536 (default)
2019-09-25 05:59:31,968 [dcfa33bc-9001-4365-ad5d-758174e05f4c@group-D472DB183A5D:LeaderElection5] INFO  impl.RoleInfo (RoleInfo.java:updateAndGet(143)) - dcfa33bc-9001-4365-ad5d-758174e05f4c: start LeaderState
2019-09-25 05:59:31,968 [dcfa33bc-9001-4365-ad5d-758174e05f4c@group-D472DB183A5D:LeaderElection5] INFO  segmented.SegmentedRaftLogWorker (SegmentedRaftLogWorker.java:startLogSegment(380)) - dcfa33bc-9001-4365-ad5d-758174e05f4c@group-D472DB183A5D-SegmentedRaftLogWorker: Starting segment from index:0
2019-09-25 05:59:31,969 [dcfa33bc-9001-4365-ad5d-758174e05f4c@group-D472DB183A5D:LeaderElection5] INFO  impl.RaftServerImpl (ServerState.java:setRaftConf(354)) - dcfa33bc-9001-4365-ad5d-758174e05f4c@group-D472DB183A5D: set configuration 0: [dcfa33bc-9001-4365-ad5d-758174e05f4c:192.168.5.161:35167], old=null at 0
2019-09-25 05:59:32,021 [dcfa33bc-9001-4365-ad5d-758174e05f4c@group-D472DB183A5D-SegmentedRaftLogWorker] INFO  segmented.SegmentedRaftLogWorker (SegmentedRaftLogWorker.java:execute(569)) - dcfa33bc-9001-4365-ad5d-758174e05f4c@group-D472DB183A5D-SegmentedRaftLogWorker: created new log segment /workdir/hadoop-ozone/tools/target/test-dir/MiniOzoneClusterImpl-b88d8d95-70e9-47b8-bab6-e4df0797a5ce/datanode-0/data/ratis/92220f4e-232e-4812-a702-d472db183a5d/current/log_inprogress_0
2019-09-25 05:59:32,092 [Thread-225] INFO  impl.FollowerState (FollowerState.java:run(106)) - a70ebb95-9827-4ee9-872e-51470ad9f886:group-AC4B764E0FE6 changes to CANDIDATE, lastRpcTime:5137, electionTimeout:5136ms
2019-09-25 05:59:32,092 [Thread-225] INFO  impl.RoleInfo (RoleInfo.java:shutdownFollowerState(121)) - a70ebb95-9827-4ee9-872e-51470ad9f886: shutdown FollowerState
2019-09-25 05:59:32,092 [Thread-225] INFO  impl.RaftServerImpl (RaftServerImpl.java:setRole(174)) - a70ebb95-9827-4ee9-872e-51470ad9f886@group-AC4B764E0FE6: changes role from  FOLLOWER to CANDIDATE at term 0 for changeToCandidate
2019-09-25 05:59:32,093 [Thread-225] INFO  impl.RoleInfo (RoleInfo.java:updateAndGet(143)) - a70ebb95-9827-4ee9-872e-51470ad9f886: start LeaderElection
2019-09-25 05:59:32,100 [Thread-228] INFO  impl.FollowerState (FollowerState.java:run(106)) - dcfa33bc-9001-4365-ad5d-758174e05f4c:group-B917687C8036 changes to CANDIDATE, lastRpcTime:5070, electionTimeout:5070ms
2019-09-25 05:59:32,101 [Thread-228] INFO  impl.RoleInfo (RoleInfo.java:shutdownFollowerState(121)) - dcfa33bc-9001-4365-ad5d-758174e05f4c: shutdown FollowerState
2019-09-25 05:59:32,101 [Thread-228] INFO  impl.RaftServerImpl (RaftServerImpl.java:setRole(174)) - dcfa33bc-9001-4365-ad5d-758174e05f4c@group-B917687C8036: changes role from  FOLLOWER to CANDIDATE at term 0 for changeToCandidate
2019-09-25 05:59:32,101 [Thread-228] INFO  impl.RoleInfo (RoleInfo.java:updateAndGet(143)) - dcfa33bc-9001-4365-ad5d-758174e05f4c: start LeaderElection
2019-09-25 05:59:32,110 [dcfa33bc-9001-4365-ad5d-758174e05f4c@group-B917687C8036:LeaderElection7] INFO  impl.LeaderElection (LeaderElection.java:askForVotes(182)) - dcfa33bc-9001-4365-ad5d-758174e05f4c@group-B917687C8036:LeaderElection7: begin an election at term 1 for -1: [dcfa33bc-9001-4365-ad5d-758174e05f4c:192.168.5.161:35167], old=null
2019-09-25 05:59:32,110 [a70ebb95-9827-4ee9-872e-51470ad9f886@group-AC4B764E0FE6:LeaderElection6] INFO  impl.LeaderElection (LeaderElection.java:askForVotes(182)) - a70ebb95-9827-4ee9-872e-51470ad9f886@group-AC4B764E0FE6:LeaderElection6: begin an election at term 1 for -1: [a70ebb95-9827-4ee9-872e-51470ad9f886:192.168.5.161:38094], old=null
2019-09-25 05:59:32,110 [dcfa33bc-9001-4365-ad5d-758174e05f4c@group-B917687C8036:LeaderElection7] INFO  impl.RoleInfo (RoleInfo.java:shutdownLeaderElection(134)) - dcfa33bc-9001-4365-ad5d-758174e05f4c: shutdown LeaderElection
2019-09-25 05:59:32,111 [a70ebb95-9827-4ee9-872e-51470ad9f886@group-AC4B764E0FE6:LeaderElection6] INFO  impl.RoleInfo (RoleInfo.java:shutdownLeaderElection(134)) - a70ebb95-9827-4ee9-872e-51470ad9f886: shutdown LeaderElection
2019-09-25 05:59:32,111 [dcfa33bc-9001-4365-ad5d-758174e05f4c@group-B917687C8036:LeaderElection7] INFO  impl.RaftServerImpl (RaftServerImpl.java:setRole(174)) - dcfa33bc-9001-4365-ad5d-758174e05f4c@group-B917687C8036: changes role from CANDIDATE to LEADER at term 1 for changeToLeader
2019-09-25 05:59:32,111 [a70ebb95-9827-4ee9-872e-51470ad9f886@group-AC4B764E0FE6:LeaderElection6] INFO  impl.RaftServerImpl (RaftServerImpl.java:setRole(174)) - a70ebb95-9827-4ee9-872e-51470ad9f886@group-AC4B764E0FE6: changes role from CANDIDATE to LEADER at term 1 for changeToLeader
2019-09-25 05:59:32,111 [dcfa33bc-9001-4365-ad5d-758174e05f4c@group-B917687C8036:LeaderElection7] INFO  impl.RaftServerImpl (ServerState.java:setLeader(253)) - dcfa33bc-9001-4365-ad5d-758174e05f4c@group-B917687C8036: change Leader from null to dcfa33bc-9001-4365-ad5d-758174e05f4c at term 1 for becomeLeader, leader elected after 5090ms
2019-09-25 05:59:32,111 [a70ebb95-9827-4ee9-872e-51470ad9f886@group-AC4B764E0FE6:LeaderElection6] INFO  impl.RaftServerImpl (ServerState.java:setLeader(253)) - a70ebb95-9827-4ee9-872e-51470ad9f886@group-AC4B764E0FE6: change Leader from null to a70ebb95-9827-4ee9-872e-51470ad9f886 at term 1 for becomeLeader, leader elected after 5168ms
2019-09-25 05:59:32,111 [dcfa33bc-9001-4365-ad5d-758174e05f4c@group-B917687C8036:LeaderElection7] INFO  server.RaftServerConfigKeys (ConfUtils.java:logGet(43)) - raft.server.staging.catchup.gap = 1000 (default)
2019-09-25 05:59:32,111 [a70ebb95-9827-4ee9-872e-51470ad9f886@group-AC4B764E0FE6:LeaderElection6] INFO  server.RaftServerConfigKeys (ConfUtils.java:logGet(43)) - raft.server.staging.catchup.gap = 1000 (default)
2019-09-25 05:59:32,112 [dcfa33bc-9001-4365-ad5d-758174e05f4c@group-B917687C8036:LeaderElection7] INFO  server.RaftServerConfigKeys (ConfUtils.java:logGet(43)) - raft.server.rpc.sleep.time = 25ms (default)
2019-09-25 05:59:32,112 [a70ebb95-9827-4ee9-872e-51470ad9f886@group-AC4B764E0FE6:LeaderElection6] INFO  server.RaftServerConfigKeys (ConfUtils.java:logGet(43)) - raft.server.rpc.sleep.time = 25ms (default)
2019-09-25 05:59:32,112 [dcfa33bc-9001-4365-ad5d-758174e05f4c@group-B917687C8036:LeaderElection7] INFO  server.RaftServerConfigKeys (ConfUtils.java:logGet(43)) - raft.server.write.element-limit = 4096 (default)
2019-09-25 05:59:32,112 [a70ebb95-9827-4ee9-872e-51470ad9f886@group-AC4B764E0FE6:LeaderElection6] INFO  server.RaftServerConfigKeys (ConfUtils.java:logGet(43)) - raft.server.write.element-limit = 4096 (default)
2019-09-25 05:59:32,112 [dcfa33bc-9001-4365-ad5d-758174e05f4c@group-B917687C8036:LeaderElection7] INFO  server.RaftServerConfigKeys (ConfUtils.java:logGet(43)) - raft.server.watch.timeout = 10s (default)
2019-09-25 05:59:32,112 [a70ebb95-9827-4ee9-872e-51470ad9f886@group-AC4B764E0FE6:LeaderElection6] INFO  server.RaftServerConfigKeys (ConfUtils.java:logGet(43)) - raft.server.watch.timeout = 10s (default)
2019-09-25 05:59:32,112 [dcfa33bc-9001-4365-ad5d-758174e05f4c@group-B917687C8036:LeaderElection7] INFO  server.RaftServerConfigKeys (ConfUtils.java:logGet(43)) - raft.server.watch.timeout.denomination = 1s (default)
2019-09-25 05:59:32,113 [a70ebb95-9827-4ee9-872e-51470ad9f886@group-AC4B764E0FE6:LeaderElection6] INFO  server.RaftServerConfigKeys (ConfUtils.java:logGet(43)) - raft.server.watch.timeout.denomination = 1s (default)
2019-09-25 05:59:32,113 [dcfa33bc-9001-4365-ad5d-758174e05f4c@group-B917687C8036:LeaderElection7] INFO  server.RaftServerConfigKeys (ConfUtils.java:logGet(43)) - raft.server.watch.element-limit = 65536 (default)
2019-09-25 05:59:32,113 [a70ebb95-9827-4ee9-872e-51470ad9f886@group-AC4B764E0FE6:LeaderElection6] INFO  server.RaftServerConfigKeys (ConfUtils.java:logGet(43)) - raft.server.watch.element-limit = 65536 (default)
2019-09-25 05:59:32,117 [dcfa33bc-9001-4365-ad5d-758174e05f4c@group-B917687C8036:LeaderElection7] INFO  impl.RoleInfo (RoleInfo.java:updateAndGet(143)) - dcfa33bc-9001-4365-ad5d-758174e05f4c: start LeaderState
2019-09-25 05:59:32,117 [dcfa33bc-9001-4365-ad5d-758174e05f4c@group-B917687C8036:LeaderElection7] INFO  segmented.SegmentedRaftLogWorker (SegmentedRaftLogWorker.java:startLogSegment(380)) - dcfa33bc-9001-4365-ad5d-758174e05f4c@group-B917687C8036-SegmentedRaftLogWorker: Starting segment from index:0
2019-09-25 05:59:32,117 [a70ebb95-9827-4ee9-872e-51470ad9f886@group-AC4B764E0FE6:LeaderElection6] INFO  impl.RoleInfo (RoleInfo.java:updateAndGet(143)) - a70ebb95-9827-4ee9-872e-51470ad9f886: start LeaderState
2019-09-25 05:59:32,117 [a70ebb95-9827-4ee9-872e-51470ad9f886@group-AC4B764E0FE6:LeaderElection6] INFO  segmented.SegmentedRaftLogWorker (SegmentedRaftLogWorker.java:startLogSegment(380)) - a70ebb95-9827-4ee9-872e-51470ad9f886@group-AC4B764E0FE6-SegmentedRaftLogWorker: Starting segment from index:0
2019-09-25 05:59:32,117 [dcfa33bc-9001-4365-ad5d-758174e05f4c@group-B917687C8036:LeaderElection7] INFO  impl.RaftServerImpl (ServerState.java:setRaftConf(354)) - dcfa33bc-9001-4365-ad5d-758174e05f4c@group-B917687C8036: set configuration 0: [dcfa33bc-9001-4365-ad5d-758174e05f4c:192.168.5.161:35167], old=null at 0
2019-09-25 05:59:32,158 [a70ebb95-9827-4ee9-872e-51470ad9f886@group-AC4B764E0FE6:LeaderElection6] INFO  impl.RaftServerImpl (ServerState.java:setRaftConf(354)) - a70ebb95-9827-4ee9-872e-51470ad9f886@group-AC4B764E0FE6: set configuration 0: [a70ebb95-9827-4ee9-872e-51470ad9f886:192.168.5.161:38094], old=null at 0
2019-09-25 05:59:32,198 [dcfa33bc-9001-4365-ad5d-758174e05f4c@group-B917687C8036-SegmentedRaftLogWorker] INFO  segmented.SegmentedRaftLogWorker (SegmentedRaftLogWorker.java:execute(569)) - dcfa33bc-9001-4365-ad5d-758174e05f4c@group-B917687C8036-SegmentedRaftLogWorker: created new log segment /workdir/hadoop-ozone/tools/target/test-dir/MiniOzoneClusterImpl-b88d8d95-70e9-47b8-bab6-e4df0797a5ce/datanode-0/data/ratis/93495920-a710-48c6-be10-b917687c8036/current/log_inprogress_0
2019-09-25 05:59:32,211 [a70ebb95-9827-4ee9-872e-51470ad9f886@group-AC4B764E0FE6-SegmentedRaftLogWorker] INFO  segmented.SegmentedRaftLogWorker (SegmentedRaftLogWorker.java:execute(569)) - a70ebb95-9827-4ee9-872e-51470ad9f886@group-AC4B764E0FE6-SegmentedRaftLogWorker: created new log segment /workdir/hadoop-ozone/tools/target/test-dir/MiniOzoneClusterImpl-b88d8d95-70e9-47b8-bab6-e4df0797a5ce/datanode-1/data/ratis/8df6c7bb-9caa-47f1-ac18-ac4b764e0fe6/current/log_inprogress_0
2019-09-25 05:59:32,221 [Thread-231] INFO  impl.FollowerState (FollowerState.java:run(106)) - 327d7864-9593-4c84-9c3b-d4b21327d735:group-CBD131BE7F0F changes to CANDIDATE, lastRpcTime:5118, electionTimeout:5118ms
2019-09-25 05:59:32,221 [Thread-231] INFO  impl.RoleInfo (RoleInfo.java:shutdownFollowerState(121)) - 327d7864-9593-4c84-9c3b-d4b21327d735: shutdown FollowerState
2019-09-25 05:59:32,222 [Thread-231] INFO  impl.RaftServerImpl (RaftServerImpl.java:setRole(174)) - 327d7864-9593-4c84-9c3b-d4b21327d735@group-CBD131BE7F0F: changes role from  FOLLOWER to CANDIDATE at term 0 for changeToCandidate
2019-09-25 05:59:32,222 [Thread-231] INFO  impl.RoleInfo (RoleInfo.java:updateAndGet(143)) - 327d7864-9593-4c84-9c3b-d4b21327d735: start LeaderElection
2019-09-25 05:59:32,239 [327d7864-9593-4c84-9c3b-d4b21327d735@group-CBD131BE7F0F:LeaderElection8] INFO  impl.LeaderElection (LeaderElection.java:askForVotes(182)) - 327d7864-9593-4c84-9c3b-d4b21327d735@group-CBD131BE7F0F:LeaderElection8: begin an election at term 1 for -1: [327d7864-9593-4c84-9c3b-d4b21327d735:192.168.5.161:39744], old=null
2019-09-25 05:59:32,239 [327d7864-9593-4c84-9c3b-d4b21327d735@group-CBD131BE7F0F:LeaderElection8] INFO  impl.RoleInfo (RoleInfo.java:shutdownLeaderElection(134)) - 327d7864-9593-4c84-9c3b-d4b21327d735: shutdown LeaderElection
2019-09-25 05:59:32,239 [327d7864-9593-4c84-9c3b-d4b21327d735@group-CBD131BE7F0F:LeaderElection8] INFO  impl.RaftServerImpl (RaftServerImpl.java:setRole(174)) - 327d7864-9593-4c84-9c3b-d4b21327d735@group-CBD131BE7F0F: changes role from CANDIDATE to LEADER at term 1 for changeToLeader
2019-09-25 05:59:32,239 [327d7864-9593-4c84-9c3b-d4b21327d735@group-CBD131BE7F0F:LeaderElection8] INFO  impl.RaftServerImpl (ServerState.java:setLeader(253)) - 327d7864-9593-4c84-9c3b-d4b21327d735@group-CBD131BE7F0F: change Leader from null to 327d7864-9593-4c84-9c3b-d4b21327d735 at term 1 for becomeLeader, leader elected after 5146ms
2019-09-25 05:59:32,240 [327d7864-9593-4c84-9c3b-d4b21327d735@group-CBD131BE7F0F:LeaderElection8] INFO  server.RaftServerConfigKeys (ConfUtils.java:logGet(43)) - raft.server.staging.catchup.gap = 1000 (default)
2019-09-25 05:59:32,240 [327d7864-9593-4c84-9c3b-d4b21327d735@group-CBD131BE7F0F:LeaderElection8] INFO  server.RaftServerConfigKeys (ConfUtils.java:logGet(43)) - raft.server.rpc.sleep.time = 25ms (default)
2019-09-25 05:59:32,240 [327d7864-9593-4c84-9c3b-d4b21327d735@group-CBD131BE7F0F:LeaderElection8] INFO  server.RaftServerConfigKeys (ConfUtils.java:logGet(43)) - raft.server.write.element-limit = 4096 (default)
2019-09-25 05:59:32,240 [327d7864-9593-4c84-9c3b-d4b21327d735@group-CBD131BE7F0F:LeaderElection8] INFO  server.RaftServerConfigKeys (ConfUtils.java:logGet(43)) - raft.server.watch.timeout = 10s (default)
2019-09-25 05:59:32,240 [327d7864-9593-4c84-9c3b-d4b21327d735@group-CBD131BE7F0F:LeaderElection8] INFO  server.RaftServerConfigKeys (ConfUtils.java:logGet(43)) - raft.server.watch.timeout.denomination = 1s (default)
2019-09-25 05:59:32,240 [327d7864-9593-4c84-9c3b-d4b21327d735@group-CBD131BE7F0F:LeaderElection8] INFO  server.RaftServerConfigKeys (ConfUtils.java:logGet(43)) - raft.server.watch.element-limit = 65536 (default)
2019-09-25 05:59:32,244 [327d7864-9593-4c84-9c3b-d4b21327d735@group-CBD131BE7F0F:LeaderElection8] INFO  impl.RoleInfo (RoleInfo.java:updateAndGet(143)) - 327d7864-9593-4c84-9c3b-d4b21327d735: start LeaderState
2019-09-25 05:59:32,245 [327d7864-9593-4c84-9c3b-d4b21327d735@group-CBD131BE7F0F:LeaderElection8] INFO  segmented.SegmentedRaftLogWorker (SegmentedRaftLogWorker.java:startLogSegment(380)) - 327d7864-9593-4c84-9c3b-d4b21327d735@group-CBD131BE7F0F-SegmentedRaftLogWorker: Starting segment from index:0
2019-09-25 05:59:32,245 [327d7864-9593-4c84-9c3b-d4b21327d735@group-CBD131BE7F0F:LeaderElection8] INFO  impl.RaftServerImpl (ServerState.java:setRaftConf(354)) - 327d7864-9593-4c84-9c3b-d4b21327d735@group-CBD131BE7F0F: set configuration 0: [327d7864-9593-4c84-9c3b-d4b21327d735:192.168.5.161:39744], old=null at 0
2019-09-25 05:59:32,292 [327d7864-9593-4c84-9c3b-d4b21327d735@group-CBD131BE7F0F-SegmentedRaftLogWorker] INFO  segmented.SegmentedRaftLogWorker (SegmentedRaftLogWorker.java:execute(569)) - 327d7864-9593-4c84-9c3b-d4b21327d735@group-CBD131BE7F0F-SegmentedRaftLogWorker: created new log segment /workdir/hadoop-ozone/tools/target/test-dir/MiniOzoneClusterImpl-b88d8d95-70e9-47b8-bab6-e4df0797a5ce/datanode-4/data/ratis/e7c4efa3-7015-4fbc-822f-cbd131be7f0f/current/log_inprogress_0
2019-09-25 05:59:32,342 [Thread-235] INFO  impl.FollowerState (FollowerState.java:run(106)) - f8d3684d-44eb-42fd-8c21-2b8ad1aff988:group-DC1338F160C2 changes to CANDIDATE, lastRpcTime:5161, electionTimeout:5161ms
2019-09-25 05:59:32,342 [Thread-235] INFO  impl.RoleInfo (RoleInfo.java:shutdownFollowerState(121)) - f8d3684d-44eb-42fd-8c21-2b8ad1aff988: shutdown FollowerState
2019-09-25 05:59:32,342 [Thread-235] INFO  impl.RaftServerImpl (RaftServerImpl.java:setRole(174)) - f8d3684d-44eb-42fd-8c21-2b8ad1aff988@group-DC1338F160C2: changes role from  FOLLOWER to CANDIDATE at term 0 for changeToCandidate
2019-09-25 05:59:32,343 [Thread-235] INFO  impl.RoleInfo (RoleInfo.java:updateAndGet(143)) - f8d3684d-44eb-42fd-8c21-2b8ad1aff988: start LeaderElection
2019-09-25 05:59:32,345 [Thread-238] INFO  impl.FollowerState (FollowerState.java:run(106)) - dcfa33bc-9001-4365-ad5d-758174e05f4c:group-118F157865FD changes to CANDIDATE, lastRpcTime:5098, electionTimeout:5096ms
2019-09-25 05:59:32,349 [Thread-238] INFO  impl.RoleInfo (RoleInfo.java:shutdownFollowerState(121)) - dcfa33bc-9001-4365-ad5d-758174e05f4c: shutdown FollowerState
2019-09-25 05:59:32,349 [Thread-238] INFO  impl.RaftServerImpl (RaftServerImpl.java:setRole(174)) - dcfa33bc-9001-4365-ad5d-758174e05f4c@group-118F157865FD: changes role from  FOLLOWER to CANDIDATE at term 0 for changeToCandidate
2019-09-25 05:59:32,349 [Thread-238] INFO  impl.RoleInfo (RoleInfo.java:updateAndGet(143)) - dcfa33bc-9001-4365-ad5d-758174e05f4c: start LeaderElection
2019-09-25 05:59:32,362 [dcfa33bc-9001-4365-ad5d-758174e05f4c@group-118F157865FD:LeaderElection10] INFO  impl.LeaderElection (LeaderElection.java:askForVotes(182)) - dcfa33bc-9001-4365-ad5d-758174e05f4c@group-118F157865FD:LeaderElection10: begin an election at term 1 for -1: [dcfa33bc-9001-4365-ad5d-758174e05f4c:192.168.5.161:35167], old=null
2019-09-25 05:59:32,362 [f8d3684d-44eb-42fd-8c21-2b8ad1aff988@group-DC1338F160C2:LeaderElection9] INFO  impl.LeaderElection (LeaderElection.java:askForVotes(182)) - f8d3684d-44eb-42fd-8c21-2b8ad1aff988@group-DC1338F160C2:LeaderElection9: begin an election at term 1 for -1: [f8d3684d-44eb-42fd-8c21-2b8ad1aff988:192.168.5.161:44439], old=null
2019-09-25 05:59:32,362 [dcfa33bc-9001-4365-ad5d-758174e05f4c@group-118F157865FD:LeaderElection10] INFO  impl.RoleInfo (RoleInfo.java:shutdownLeaderElection(134)) - dcfa33bc-9001-4365-ad5d-758174e05f4c: shutdown LeaderElection
2019-09-25 05:59:32,362 [f8d3684d-44eb-42fd-8c21-2b8ad1aff988@group-DC1338F160C2:LeaderElection9] INFO  impl.RoleInfo (RoleInfo.java:shutdownLeaderElection(134)) - f8d3684d-44eb-42fd-8c21-2b8ad1aff988: shutdown LeaderElection
2019-09-25 05:59:32,362 [dcfa33bc-9001-4365-ad5d-758174e05f4c@group-118F157865FD:LeaderElection10] INFO  impl.RaftServerImpl (RaftServerImpl.java:setRole(174)) - dcfa33bc-9001-4365-ad5d-758174e05f4c@group-118F157865FD: changes role from CANDIDATE to LEADER at term 1 for changeToLeader
2019-09-25 05:59:32,362 [f8d3684d-44eb-42fd-8c21-2b8ad1aff988@group-DC1338F160C2:LeaderElection9] INFO  impl.RaftServerImpl (RaftServerImpl.java:setRole(174)) - f8d3684d-44eb-42fd-8c21-2b8ad1aff988@group-DC1338F160C2: changes role from CANDIDATE to LEADER at term 1 for changeToLeader
2019-09-25 05:59:32,362 [dcfa33bc-9001-4365-ad5d-758174e05f4c@group-118F157865FD:LeaderElection10] INFO  impl.RaftServerImpl (ServerState.java:setLeader(253)) - dcfa33bc-9001-4365-ad5d-758174e05f4c@group-118F157865FD: change Leader from null to dcfa33bc-9001-4365-ad5d-758174e05f4c at term 1 for becomeLeader, leader elected after 5124ms
2019-09-25 05:59:32,363 [f8d3684d-44eb-42fd-8c21-2b8ad1aff988@group-DC1338F160C2:LeaderElection9] INFO  impl.RaftServerImpl (ServerState.java:setLeader(253)) - f8d3684d-44eb-42fd-8c21-2b8ad1aff988@group-DC1338F160C2: change Leader from null to f8d3684d-44eb-42fd-8c21-2b8ad1aff988 at term 1 for becomeLeader, leader elected after 5192ms
2019-09-25 05:59:32,363 [dcfa33bc-9001-4365-ad5d-758174e05f4c@group-118F157865FD:LeaderElection10] INFO  server.RaftServerConfigKeys (ConfUtils.java:logGet(43)) - raft.server.staging.catchup.gap = 1000 (default)
2019-09-25 05:59:32,364 [f8d3684d-44eb-42fd-8c21-2b8ad1aff988@group-DC1338F160C2:LeaderElection9] INFO  server.RaftServerConfigKeys (ConfUtils.java:logGet(43)) - raft.server.staging.catchup.gap = 1000 (default)
2019-09-25 05:59:32,365 [dcfa33bc-9001-4365-ad5d-758174e05f4c@group-118F157865FD:LeaderElection10] INFO  server.RaftServerConfigKeys (ConfUtils.java:logGet(43)) - raft.server.rpc.sleep.time = 25ms (default)
2019-09-25 05:59:32,365 [f8d3684d-44eb-42fd-8c21-2b8ad1aff988@group-DC1338F160C2:LeaderElection9] INFO  server.RaftServerConfigKeys (ConfUtils.java:logGet(43)) - raft.server.rpc.sleep.time = 25ms (default)
2019-09-25 05:59:32,365 [dcfa33bc-9001-4365-ad5d-758174e05f4c@group-118F157865FD:LeaderElection10] INFO  server.RaftServerConfigKeys (ConfUtils.java:logGet(43)) - raft.server.write.element-limit = 4096 (default)
2019-09-25 05:59:32,365 [f8d3684d-44eb-42fd-8c21-2b8ad1aff988@group-DC1338F160C2:LeaderElection9] INFO  server.RaftServerConfigKeys (ConfUtils.java:logGet(43)) - raft.server.write.element-limit = 4096 (default)
2019-09-25 05:59:32,365 [dcfa33bc-9001-4365-ad5d-758174e05f4c@group-118F157865FD:LeaderElection10] INFO  server.RaftServerConfigKeys (ConfUtils.java:logGet(43)) - raft.server.watch.timeout = 10s (default)
2019-09-25 05:59:32,365 [f8d3684d-44eb-42fd-8c21-2b8ad1aff988@group-DC1338F160C2:LeaderElection9] INFO  server.RaftServerConfigKeys (ConfUtils.java:logGet(43)) - raft.server.watch.timeout = 10s (default)
2019-09-25 05:59:32,365 [dcfa33bc-9001-4365-ad5d-758174e05f4c@group-118F157865FD:LeaderElection10] INFO  server.RaftServerConfigKeys (ConfUtils.java:logGet(43)) - raft.server.watch.timeout.denomination = 1s (default)
2019-09-25 05:59:32,365 [f8d3684d-44eb-42fd-8c21-2b8ad1aff988@group-DC1338F160C2:LeaderElection9] INFO  server.RaftServerConfigKeys (ConfUtils.java:logGet(43)) - raft.server.watch.timeout.denomination = 1s (default)
2019-09-25 05:59:32,366 [dcfa33bc-9001-4365-ad5d-758174e05f4c@group-118F157865FD:LeaderElection10] INFO  server.RaftServerConfigKeys (ConfUtils.java:logGet(43)) - raft.server.watch.element-limit = 65536 (default)
2019-09-25 05:59:32,366 [f8d3684d-44eb-42fd-8c21-2b8ad1aff988@group-DC1338F160C2:LeaderElection9] INFO  server.RaftServerConfigKeys (ConfUtils.java:logGet(43)) - raft.server.watch.element-limit = 65536 (default)
2019-09-25 05:59:32,378 [Thread-241] INFO  impl.FollowerState (FollowerState.java:run(106)) - a70ebb95-9827-4ee9-872e-51470ad9f886:group-C20262CD8830 changes to CANDIDATE, lastRpcTime:5071, electionTimeout:5063ms
2019-09-25 05:59:32,379 [Thread-241] INFO  impl.RoleInfo (RoleInfo.java:shutdownFollowerState(121)) - a70ebb95-9827-4ee9-872e-51470ad9f886: shutdown FollowerState
2019-09-25 05:59:32,379 [Thread-241] INFO  impl.RaftServerImpl (RaftServerImpl.java:setRole(174)) - a70ebb95-9827-4ee9-872e-51470ad9f886@group-C20262CD8830: changes role from  FOLLOWER to CANDIDATE at term 0 for changeToCandidate
2019-09-25 05:59:32,379 [Thread-241] INFO  impl.RoleInfo (RoleInfo.java:updateAndGet(143)) - a70ebb95-9827-4ee9-872e-51470ad9f886: start LeaderElection
2019-09-25 05:59:32,384 [dcfa33bc-9001-4365-ad5d-758174e05f4c@group-118F157865FD:LeaderElection10] INFO  impl.RoleInfo (RoleInfo.java:updateAndGet(143)) - dcfa33bc-9001-4365-ad5d-758174e05f4c: start LeaderState
2019-09-25 05:59:32,385 [dcfa33bc-9001-4365-ad5d-758174e05f4c@group-118F157865FD:LeaderElection10] INFO  segmented.SegmentedRaftLogWorker (SegmentedRaftLogWorker.java:startLogSegment(380)) - dcfa33bc-9001-4365-ad5d-758174e05f4c@group-118F157865FD-SegmentedRaftLogWorker: Starting segment from index:0
2019-09-25 05:59:32,385 [f8d3684d-44eb-42fd-8c21-2b8ad1aff988@group-DC1338F160C2:LeaderElection9] INFO  impl.RoleInfo (RoleInfo.java:updateAndGet(143)) - f8d3684d-44eb-42fd-8c21-2b8ad1aff988: start LeaderState
2019-09-25 05:59:32,385 [dcfa33bc-9001-4365-ad5d-758174e05f4c@group-118F157865FD:LeaderElection10] INFO  impl.RaftServerImpl (ServerState.java:setRaftConf(354)) - dcfa33bc-9001-4365-ad5d-758174e05f4c@group-118F157865FD: set configuration 0: [dcfa33bc-9001-4365-ad5d-758174e05f4c:192.168.5.161:35167], old=null at 0
2019-09-25 05:59:32,385 [f8d3684d-44eb-42fd-8c21-2b8ad1aff988@group-DC1338F160C2:LeaderElection9] INFO  segmented.SegmentedRaftLogWorker (SegmentedRaftLogWorker.java:startLogSegment(380)) - f8d3684d-44eb-42fd-8c21-2b8ad1aff988@group-DC1338F160C2-SegmentedRaftLogWorker: Starting segment from index:0
2019-09-25 05:59:32,424 [a70ebb95-9827-4ee9-872e-51470ad9f886@group-C20262CD8830:LeaderElection11] INFO  impl.LeaderElection (LeaderElection.java:askForVotes(182)) - a70ebb95-9827-4ee9-872e-51470ad9f886@group-C20262CD8830:LeaderElection11: begin an election at term 1 for -1: [a70ebb95-9827-4ee9-872e-51470ad9f886:192.168.5.161:38094], old=null
2019-09-25 05:59:32,424 [Thread-245] INFO  impl.FollowerState (FollowerState.java:run(106)) - 327d7864-9593-4c84-9c3b-d4b21327d735:group-0DE1B534D779 changes to CANDIDATE, lastRpcTime:5028, electionTimeout:5018ms
2019-09-25 05:59:32,424 [a70ebb95-9827-4ee9-872e-51470ad9f886@group-C20262CD8830:LeaderElection11] INFO  impl.RoleInfo (RoleInfo.java:shutdownLeaderElection(134)) - a70ebb95-9827-4ee9-872e-51470ad9f886: shutdown LeaderElection
2019-09-25 05:59:32,425 [f8d3684d-44eb-42fd-8c21-2b8ad1aff988@group-DC1338F160C2:LeaderElection9] INFO  impl.RaftServerImpl (ServerState.java:setRaftConf(354)) - f8d3684d-44eb-42fd-8c21-2b8ad1aff988@group-DC1338F160C2: set configuration 0: [f8d3684d-44eb-42fd-8c21-2b8ad1aff988:192.168.5.161:44439], old=null at 0
2019-09-25 05:59:32,425 [Thread-245] INFO  impl.RoleInfo (RoleInfo.java:shutdownFollowerState(121)) - 327d7864-9593-4c84-9c3b-d4b21327d735: shutdown FollowerState
2019-09-25 05:59:32,425 [a70ebb95-9827-4ee9-872e-51470ad9f886@group-C20262CD8830:LeaderElection11] INFO  impl.RaftServerImpl (RaftServerImpl.java:setRole(174)) - a70ebb95-9827-4ee9-872e-51470ad9f886@group-C20262CD8830: changes role from CANDIDATE to LEADER at term 1 for changeToLeader
2019-09-25 05:59:32,456 [Thread-245] INFO  impl.RaftServerImpl (RaftServerImpl.java:setRole(174)) - 327d7864-9593-4c84-9c3b-d4b21327d735@group-0DE1B534D779: changes role from  FOLLOWER to CANDIDATE at term 0 for changeToCandidate
2019-09-25 05:59:32,455 [dcfa33bc-9001-4365-ad5d-758174e05f4c@group-118F157865FD-SegmentedRaftLogWorker] INFO  segmented.SegmentedRaftLogWorker (SegmentedRaftLogWorker.java:execute(569)) - dcfa33bc-9001-4365-ad5d-758174e05f4c@group-118F157865FD-SegmentedRaftLogWorker: created new log segment /workdir/hadoop-ozone/tools/target/test-dir/MiniOzoneClusterImpl-b88d8d95-70e9-47b8-bab6-e4df0797a5ce/datanode-0/data/ratis/6851d1ad-8a03-4556-9453-118f157865fd/current/log_inprogress_0
2019-09-25 05:59:32,456 [Thread-245] INFO  impl.RoleInfo (RoleInfo.java:updateAndGet(143)) - 327d7864-9593-4c84-9c3b-d4b21327d735: start LeaderElection
2019-09-25 05:59:32,456 [a70ebb95-9827-4ee9-872e-51470ad9f886@group-C20262CD8830:LeaderElection11] INFO  impl.RaftServerImpl (ServerState.java:setLeader(253)) - a70ebb95-9827-4ee9-872e-51470ad9f886@group-C20262CD8830: change Leader from null to a70ebb95-9827-4ee9-872e-51470ad9f886 at term 1 for becomeLeader, leader elected after 5155ms
2019-09-25 05:59:32,456 [a70ebb95-9827-4ee9-872e-51470ad9f886@group-C20262CD8830:LeaderElection11] INFO  server.RaftServerConfigKeys (ConfUtils.java:logGet(43)) - raft.server.staging.catchup.gap = 1000 (default)
2019-09-25 05:59:32,461 [a70ebb95-9827-4ee9-872e-51470ad9f886@group-C20262CD8830:LeaderElection11] INFO  server.RaftServerConfigKeys (ConfUtils.java:logGet(43)) - raft.server.rpc.sleep.time = 25ms (default)
2019-09-25 05:59:32,461 [a70ebb95-9827-4ee9-872e-51470ad9f886@group-C20262CD8830:LeaderElection11] INFO  server.RaftServerConfigKeys (ConfUtils.java:logGet(43)) - raft.server.write.element-limit = 4096 (default)
2019-09-25 05:59:32,461 [a70ebb95-9827-4ee9-872e-51470ad9f886@group-C20262CD8830:LeaderElection11] INFO  server.RaftServerConfigKeys (ConfUtils.java:logGet(43)) - raft.server.watch.timeout = 10s (default)
2019-09-25 05:59:32,462 [a70ebb95-9827-4ee9-872e-51470ad9f886@group-C20262CD8830:LeaderElection11] INFO  server.RaftServerConfigKeys (ConfUtils.java:logGet(43)) - raft.server.watch.timeout.denomination = 1s (default)
2019-09-25 05:59:32,462 [a70ebb95-9827-4ee9-872e-51470ad9f886@group-C20262CD8830:LeaderElection11] INFO  server.RaftServerConfigKeys (ConfUtils.java:logGet(43)) - raft.server.watch.element-limit = 65536 (default)
2019-09-25 05:59:32,465 [a70ebb95-9827-4ee9-872e-51470ad9f886@group-C20262CD8830:LeaderElection11] INFO  impl.RoleInfo (RoleInfo.java:updateAndGet(143)) - a70ebb95-9827-4ee9-872e-51470ad9f886: start LeaderState
2019-09-25 05:59:32,466 [a70ebb95-9827-4ee9-872e-51470ad9f886@group-C20262CD8830:LeaderElection11] INFO  segmented.SegmentedRaftLogWorker (SegmentedRaftLogWorker.java:startLogSegment(380)) - a70ebb95-9827-4ee9-872e-51470ad9f886@group-C20262CD8830-SegmentedRaftLogWorker: Starting segment from index:0
2019-09-25 05:59:32,466 [a70ebb95-9827-4ee9-872e-51470ad9f886@group-C20262CD8830:LeaderElection11] INFO  impl.RaftServerImpl (ServerState.java:setRaftConf(354)) - a70ebb95-9827-4ee9-872e-51470ad9f886@group-C20262CD8830: set configuration 0: [a70ebb95-9827-4ee9-872e-51470ad9f886:192.168.5.161:38094], old=null at 0
2019-09-25 05:59:32,506 [f8d3684d-44eb-42fd-8c21-2b8ad1aff988@group-DC1338F160C2-SegmentedRaftLogWorker] INFO  segmented.SegmentedRaftLogWorker (SegmentedRaftLogWorker.java:execute(569)) - f8d3684d-44eb-42fd-8c21-2b8ad1aff988@group-DC1338F160C2-SegmentedRaftLogWorker: created new log segment /workdir/hadoop-ozone/tools/target/test-dir/MiniOzoneClusterImpl-b88d8d95-70e9-47b8-bab6-e4df0797a5ce/datanode-2/data/ratis/bd65cfad-30af-46af-88a9-dc1338f160c2/current/log_inprogress_0
2019-09-25 05:59:32,507 [327d7864-9593-4c84-9c3b-d4b21327d735@group-0DE1B534D779:LeaderElection12] INFO  impl.LeaderElection (LeaderElection.java:askForVotes(182)) - 327d7864-9593-4c84-9c3b-d4b21327d735@group-0DE1B534D779:LeaderElection12: begin an election at term 1 for -1: [327d7864-9593-4c84-9c3b-d4b21327d735:192.168.5.161:39744], old=null
2019-09-25 05:59:32,507 [327d7864-9593-4c84-9c3b-d4b21327d735@group-0DE1B534D779:LeaderElection12] INFO  impl.RoleInfo (RoleInfo.java:shutdownLeaderElection(134)) - 327d7864-9593-4c84-9c3b-d4b21327d735: shutdown LeaderElection
2019-09-25 05:59:32,507 [327d7864-9593-4c84-9c3b-d4b21327d735@group-0DE1B534D779:LeaderElection12] INFO  impl.RaftServerImpl (RaftServerImpl.java:setRole(174)) - 327d7864-9593-4c84-9c3b-d4b21327d735@group-0DE1B534D779: changes role from CANDIDATE to LEADER at term 1 for changeToLeader
2019-09-25 05:59:32,507 [327d7864-9593-4c84-9c3b-d4b21327d735@group-0DE1B534D779:LeaderElection12] INFO  impl.RaftServerImpl (ServerState.java:setLeader(253)) - 327d7864-9593-4c84-9c3b-d4b21327d735@group-0DE1B534D779: change Leader from null to 327d7864-9593-4c84-9c3b-d4b21327d735 at term 1 for becomeLeader, leader elected after 5131ms
2019-09-25 05:59:32,507 [327d7864-9593-4c84-9c3b-d4b21327d735@group-0DE1B534D779:LeaderElection12] INFO  server.RaftServerConfigKeys (ConfUtils.java:logGet(43)) - raft.server.staging.catchup.gap = 1000 (default)
2019-09-25 05:59:32,508 [327d7864-9593-4c84-9c3b-d4b21327d735@group-0DE1B534D779:LeaderElection12] INFO  server.RaftServerConfigKeys (ConfUtils.java:logGet(43)) - raft.server.rpc.sleep.time = 25ms (default)
2019-09-25 05:59:32,508 [327d7864-9593-4c84-9c3b-d4b21327d735@group-0DE1B534D779:LeaderElection12] INFO  server.RaftServerConfigKeys (ConfUtils.java:logGet(43)) - raft.server.write.element-limit = 4096 (default)
2019-09-25 05:59:32,508 [327d7864-9593-4c84-9c3b-d4b21327d735@group-0DE1B534D779:LeaderElection12] INFO  server.RaftServerConfigKeys (ConfUtils.java:logGet(43)) - raft.server.watch.timeout = 10s (default)
2019-09-25 05:59:32,508 [327d7864-9593-4c84-9c3b-d4b21327d735@group-0DE1B534D779:LeaderElection12] INFO  server.RaftServerConfigKeys (ConfUtils.java:logGet(43)) - raft.server.watch.timeout.denomination = 1s (default)
2019-09-25 05:59:32,508 [327d7864-9593-4c84-9c3b-d4b21327d735@group-0DE1B534D779:LeaderElection12] INFO  server.RaftServerConfigKeys (ConfUtils.java:logGet(43)) - raft.server.watch.element-limit = 65536 (default)
2019-09-25 05:59:32,511 [327d7864-9593-4c84-9c3b-d4b21327d735@group-0DE1B534D779:LeaderElection12] INFO  impl.RoleInfo (RoleInfo.java:updateAndGet(143)) - 327d7864-9593-4c84-9c3b-d4b21327d735: start LeaderState
2019-09-25 05:59:32,511 [327d7864-9593-4c84-9c3b-d4b21327d735@group-0DE1B534D779:LeaderElection12] INFO  segmented.SegmentedRaftLogWorker (SegmentedRaftLogWorker.java:startLogSegment(380)) - 327d7864-9593-4c84-9c3b-d4b21327d735@group-0DE1B534D779-SegmentedRaftLogWorker: Starting segment from index:0
2019-09-25 05:59:32,512 [327d7864-9593-4c84-9c3b-d4b21327d735@group-0DE1B534D779:LeaderElection12] INFO  impl.RaftServerImpl (ServerState.java:setRaftConf(354)) - 327d7864-9593-4c84-9c3b-d4b21327d735@group-0DE1B534D779: set configuration 0: [327d7864-9593-4c84-9c3b-d4b21327d735:192.168.5.161:39744], old=null at 0
2019-09-25 05:59:32,553 [Thread-248] INFO  impl.FollowerState (FollowerState.java:run(106)) - dcfa33bc-9001-4365-ad5d-758174e05f4c:group-9397D76F8F0B changes to CANDIDATE, lastRpcTime:5087, electionTimeout:5058ms
2019-09-25 05:59:32,553 [a70ebb95-9827-4ee9-872e-51470ad9f886@group-C20262CD8830-SegmentedRaftLogWorker] INFO  segmented.SegmentedRaftLogWorker (SegmentedRaftLogWorker.java:execute(569)) - a70ebb95-9827-4ee9-872e-51470ad9f886@group-C20262CD8830-SegmentedRaftLogWorker: created new log segment /workdir/hadoop-ozone/tools/target/test-dir/MiniOzoneClusterImpl-b88d8d95-70e9-47b8-bab6-e4df0797a5ce/datanode-1/data/ratis/9c6e1c20-af7b-4676-80a2-c20262cd8830/current/log_inprogress_0
2019-09-25 05:59:32,553 [Thread-248] INFO  impl.RoleInfo (RoleInfo.java:shutdownFollowerState(121)) - dcfa33bc-9001-4365-ad5d-758174e05f4c: shutdown FollowerState
2019-09-25 05:59:32,553 [Thread-248] INFO  impl.RaftServerImpl (RaftServerImpl.java:setRole(174)) - dcfa33bc-9001-4365-ad5d-758174e05f4c@group-9397D76F8F0B: changes role from  FOLLOWER to CANDIDATE at term 0 for changeToCandidate
2019-09-25 05:59:32,554 [Thread-248] INFO  impl.RoleInfo (RoleInfo.java:updateAndGet(143)) - dcfa33bc-9001-4365-ad5d-758174e05f4c: start LeaderElection
2019-09-25 05:59:32,566 [327d7864-9593-4c84-9c3b-d4b21327d735@group-0DE1B534D779-SegmentedRaftLogWorker] INFO  segmented.SegmentedRaftLogWorker (SegmentedRaftLogWorker.java:execute(569)) - 327d7864-9593-4c84-9c3b-d4b21327d735@group-0DE1B534D779-SegmentedRaftLogWorker: created new log segment /workdir/hadoop-ozone/tools/target/test-dir/MiniOzoneClusterImpl-b88d8d95-70e9-47b8-bab6-e4df0797a5ce/datanode-4/data/ratis/f07f7a99-f18b-4c88-8534-0de1b534d779/current/log_inprogress_0
2019-09-25 05:59:32,566 [dcfa33bc-9001-4365-ad5d-758174e05f4c@group-9397D76F8F0B:LeaderElection13] INFO  impl.LeaderElection (LeaderElection.java:askForVotes(182)) - dcfa33bc-9001-4365-ad5d-758174e05f4c@group-9397D76F8F0B:LeaderElection13: begin an election at term 1 for -1: [dcfa33bc-9001-4365-ad5d-758174e05f4c:192.168.5.161:35167], old=null
2019-09-25 05:59:32,566 [dcfa33bc-9001-4365-ad5d-758174e05f4c@group-9397D76F8F0B:LeaderElection13] INFO  impl.RoleInfo (RoleInfo.java:shutdownLeaderElection(134)) - dcfa33bc-9001-4365-ad5d-758174e05f4c: shutdown LeaderElection
2019-09-25 05:59:32,566 [dcfa33bc-9001-4365-ad5d-758174e05f4c@group-9397D76F8F0B:LeaderElection13] INFO  impl.RaftServerImpl (RaftServerImpl.java:setRole(174)) - dcfa33bc-9001-4365-ad5d-758174e05f4c@group-9397D76F8F0B: changes role from CANDIDATE to LEADER at term 1 for changeToLeader
2019-09-25 05:59:32,566 [dcfa33bc-9001-4365-ad5d-758174e05f4c@group-9397D76F8F0B:LeaderElection13] INFO  impl.RaftServerImpl (ServerState.java:setLeader(253)) - dcfa33bc-9001-4365-ad5d-758174e05f4c@group-9397D76F8F0B: change Leader from null to dcfa33bc-9001-4365-ad5d-758174e05f4c at term 1 for becomeLeader, leader elected after 5110ms
2019-09-25 05:59:32,566 [dcfa33bc-9001-4365-ad5d-758174e05f4c@group-9397D76F8F0B:LeaderElection13] INFO  server.RaftServerConfigKeys (ConfUtils.java:logGet(43)) - raft.server.staging.catchup.gap = 1000 (default)
2019-09-25 05:59:32,567 [dcfa33bc-9001-4365-ad5d-758174e05f4c@group-9397D76F8F0B:LeaderElection13] INFO  server.RaftServerConfigKeys (ConfUtils.java:logGet(43)) - raft.server.rpc.sleep.time = 25ms (default)
2019-09-25 05:59:32,567 [dcfa33bc-9001-4365-ad5d-758174e05f4c@group-9397D76F8F0B:LeaderElection13] INFO  server.RaftServerConfigKeys (ConfUtils.java:logGet(43)) - raft.server.write.element-limit = 4096 (default)
2019-09-25 05:59:32,567 [dcfa33bc-9001-4365-ad5d-758174e05f4c@group-9397D76F8F0B:LeaderElection13] INFO  server.RaftServerConfigKeys (ConfUtils.java:logGet(43)) - raft.server.watch.timeout = 10s (default)
2019-09-25 05:59:32,567 [dcfa33bc-9001-4365-ad5d-758174e05f4c@group-9397D76F8F0B:LeaderElection13] INFO  server.RaftServerConfigKeys (ConfUtils.java:logGet(43)) - raft.server.watch.timeout.denomination = 1s (default)
2019-09-25 05:59:32,567 [dcfa33bc-9001-4365-ad5d-758174e05f4c@group-9397D76F8F0B:LeaderElection13] INFO  server.RaftServerConfigKeys (ConfUtils.java:logGet(43)) - raft.server.watch.element-limit = 65536 (default)
2019-09-25 05:59:32,571 [dcfa33bc-9001-4365-ad5d-758174e05f4c@group-9397D76F8F0B:LeaderElection13] INFO  impl.RoleInfo (RoleInfo.java:updateAndGet(143)) - dcfa33bc-9001-4365-ad5d-758174e05f4c: start LeaderState
2019-09-25 05:59:32,571 [dcfa33bc-9001-4365-ad5d-758174e05f4c@group-9397D76F8F0B:LeaderElection13] INFO  segmented.SegmentedRaftLogWorker (SegmentedRaftLogWorker.java:startLogSegment(380)) - dcfa33bc-9001-4365-ad5d-758174e05f4c@group-9397D76F8F0B-SegmentedRaftLogWorker: Starting segment from index:0
2019-09-25 05:59:32,572 [dcfa33bc-9001-4365-ad5d-758174e05f4c@group-9397D76F8F0B:LeaderElection13] INFO  impl.RaftServerImpl (ServerState.java:setRaftConf(354)) - dcfa33bc-9001-4365-ad5d-758174e05f4c@group-9397D76F8F0B: set configuration 0: [dcfa33bc-9001-4365-ad5d-758174e05f4c:192.168.5.161:35167], old=null at 0
2019-09-25 05:59:32,624 [dcfa33bc-9001-4365-ad5d-758174e05f4c@group-9397D76F8F0B-SegmentedRaftLogWorker] INFO  segmented.SegmentedRaftLogWorker (SegmentedRaftLogWorker.java:execute(569)) - dcfa33bc-9001-4365-ad5d-758174e05f4c@group-9397D76F8F0B-SegmentedRaftLogWorker: created new log segment /workdir/hadoop-ozone/tools/target/test-dir/MiniOzoneClusterImpl-b88d8d95-70e9-47b8-bab6-e4df0797a5ce/datanode-0/data/ratis/f37ecd31-2564-43ae-a3fb-9397d76f8f0b/current/log_inprogress_0
2019-09-25 05:59:32,630 [Thread-251] INFO  impl.FollowerState (FollowerState.java:run(106)) - a70ebb95-9827-4ee9-872e-51470ad9f886:group-8802D99DCE0E changes to CANDIDATE, lastRpcTime:5094, electionTimeout:5094ms
2019-09-25 05:59:32,631 [Thread-251] INFO  impl.RoleInfo (RoleInfo.java:shutdownFollowerState(121)) - a70ebb95-9827-4ee9-872e-51470ad9f886: shutdown FollowerState
2019-09-25 05:59:32,631 [Thread-251] INFO  impl.RaftServerImpl (RaftServerImpl.java:setRole(174)) - a70ebb95-9827-4ee9-872e-51470ad9f886@group-8802D99DCE0E: changes role from  FOLLOWER to CANDIDATE at term 0 for changeToCandidate
2019-09-25 05:59:32,631 [Thread-251] INFO  impl.RoleInfo (RoleInfo.java:updateAndGet(143)) - a70ebb95-9827-4ee9-872e-51470ad9f886: start LeaderElection
 100.00% |█████████████████████████████████████████████████████████████████████████████████████████████████████|  1/1 Time: 0:00:05
2019-09-25 05:59:32,668 [a70ebb95-9827-4ee9-872e-51470ad9f886@group-8802D99DCE0E:LeaderElection14] INFO  impl.LeaderElection (LeaderElection.java:askForVotes(182)) - a70ebb95-9827-4ee9-872e-51470ad9f886@group-8802D99DCE0E:LeaderElection14: begin an election at term 1 for -1: [a70ebb95-9827-4ee9-872e-51470ad9f886:192.168.5.161:38094], old=null
2019-09-25 05:59:32,668 [a70ebb95-9827-4ee9-872e-51470ad9f886@group-8802D99DCE0E:LeaderElection14] INFO  impl.RoleInfo (RoleInfo.java:shutdownLeaderElection(134)) - a70ebb95-9827-4ee9-872e-51470ad9f886: shutdown LeaderElection
2019-09-25 05:59:32,668 [a70ebb95-9827-4ee9-872e-51470ad9f886@group-8802D99DCE0E:LeaderElection14] INFO  impl.RaftServerImpl (RaftServerImpl.java:setRole(174)) - a70ebb95-9827-4ee9-872e-51470ad9f886@group-8802D99DCE0E: changes role from CANDIDATE to LEADER at term 1 for changeToLeader
2019-09-25 05:59:32,668 [a70ebb95-9827-4ee9-872e-51470ad9f886@group-8802D99DCE0E:LeaderElection14] INFO  impl.RaftServerImpl (ServerState.java:setLeader(253)) - a70ebb95-9827-4ee9-872e-51470ad9f886@group-8802D99DCE0E: change Leader from null to a70ebb95-9827-4ee9-872e-51470ad9f886 at term 1 for becomeLeader, leader elected after 5147ms
2019-09-25 05:59:32,668 [a70ebb95-9827-4ee9-872e-51470ad9f886@group-8802D99DCE0E:LeaderElection14] INFO  server.RaftServerConfigKeys (ConfUtils.java:logGet(43)) - raft.server.staging.catchup.gap = 1000 (default)
2019-09-25 05:59:32,669 [a70ebb95-9827-4ee9-872e-51470ad9f886@group-8802D99DCE0E:LeaderElection14] INFO  server.RaftServerConfigKeys (ConfUtils.java:logGet(43)) - raft.server.rpc.sleep.time = 25ms (default)
2019-09-25 05:59:32,669 [a70ebb95-9827-4ee9-872e-51470ad9f886@group-8802D99DCE0E:LeaderElection14] INFO  server.RaftServerConfigKeys (ConfUtils.java:logGet(43)) - raft.server.write.element-limit = 4096 (default)
2019-09-25 05:59:32,669 [a70ebb95-9827-4ee9-872e-51470ad9f886@group-8802D99DCE0E:LeaderElection14] INFO  server.RaftServerConfigKeys (ConfUtils.java:logGet(43)) - raft.server.watch.timeout = 10s (default)
2019-09-25 05:59:32,669 [a70ebb95-9827-4ee9-872e-51470ad9f886@group-8802D99DCE0E:LeaderElection14] INFO  server.RaftServerConfigKeys (ConfUtils.java:logGet(43)) - raft.server.watch.timeout.denomination = 1s (default)
2019-09-25 05:59:32,669 [a70ebb95-9827-4ee9-872e-51470ad9f886@group-8802D99DCE0E:LeaderElection14] INFO  server.RaftServerConfigKeys (ConfUtils.java:logGet(43)) - raft.server.watch.element-limit = 65536 (default)
2019-09-25 05:59:32,673 [a70ebb95-9827-4ee9-872e-51470ad9f886@group-8802D99DCE0E:LeaderElection14] INFO  impl.RoleInfo (RoleInfo.java:updateAndGet(143)) - a70ebb95-9827-4ee9-872e-51470ad9f886: start LeaderState
2019-09-25 05:59:32,673 [a70ebb95-9827-4ee9-872e-51470ad9f886@group-8802D99DCE0E:LeaderElection14] INFO  segmented.SegmentedRaftLogWorker (SegmentedRaftLogWorker.java:startLogSegment(380)) - a70ebb95-9827-4ee9-872e-51470ad9f886@group-8802D99DCE0E-SegmentedRaftLogWorker: Starting segment from index:0
2019-09-25 05:59:32,674 [a70ebb95-9827-4ee9-872e-51470ad9f886@group-8802D99DCE0E:LeaderElection14] INFO  impl.RaftServerImpl (ServerState.java:setRaftConf(354)) - a70ebb95-9827-4ee9-872e-51470ad9f886@group-8802D99DCE0E: set configuration 0: [a70ebb95-9827-4ee9-872e-51470ad9f886:192.168.5.161:38094], old=null at 0
2019-09-25 05:59:32,715 [Thread-254] INFO  impl.FollowerState (FollowerState.java:run(106)) - f8d3684d-44eb-42fd-8c21-2b8ad1aff988:group-0D431F80E721 changes to CANDIDATE, lastRpcTime:5106, electionTimeout:5098ms
2019-09-25 05:59:32,716 [Thread-254] INFO  impl.RoleInfo (RoleInfo.java:shutdownFollowerState(121)) - f8d3684d-44eb-42fd-8c21-2b8ad1aff988: shutdown FollowerState
2019-09-25 05:59:32,716 [Thread-254] INFO  impl.RaftServerImpl (RaftServerImpl.java:setRole(174)) - f8d3684d-44eb-42fd-8c21-2b8ad1aff988@group-0D431F80E721: changes role from  FOLLOWER to CANDIDATE at term 0 for changeToCandidate
2019-09-25 05:59:32,716 [Thread-254] INFO  impl.RoleInfo (RoleInfo.java:updateAndGet(143)) - f8d3684d-44eb-42fd-8c21-2b8ad1aff988: start LeaderElection
2019-09-25 05:59:32,730 [a70ebb95-9827-4ee9-872e-51470ad9f886@group-8802D99DCE0E-SegmentedRaftLogWorker] INFO  segmented.SegmentedRaftLogWorker (SegmentedRaftLogWorker.java:execute(569)) - a70ebb95-9827-4ee9-872e-51470ad9f886@group-8802D99DCE0E-SegmentedRaftLogWorker: created new log segment /workdir/hadoop-ozone/tools/target/test-dir/MiniOzoneClusterImpl-b88d8d95-70e9-47b8-bab6-e4df0797a5ce/datanode-1/data/ratis/c82a161a-aaaa-4607-abf1-8802d99dce0e/current/log_inprogress_0
2019-09-25 05:59:32,730 [f8d3684d-44eb-42fd-8c21-2b8ad1aff988@group-0D431F80E721:LeaderElection15] INFO  impl.LeaderElection (LeaderElection.java:askForVotes(182)) - f8d3684d-44eb-42fd-8c21-2b8ad1aff988@group-0D431F80E721:LeaderElection15: begin an election at term 1 for -1: [f8d3684d-44eb-42fd-8c21-2b8ad1aff988:192.168.5.161:44439], old=null
2019-09-25 05:59:32,730 [f8d3684d-44eb-42fd-8c21-2b8ad1aff988@group-0D431F80E721:LeaderElection15] INFO  impl.RoleInfo (RoleInfo.java:shutdownLeaderElection(134)) - f8d3684d-44eb-42fd-8c21-2b8ad1aff988: shutdown LeaderElection
2019-09-25 05:59:32,730 [f8d3684d-44eb-42fd-8c21-2b8ad1aff988@group-0D431F80E721:LeaderElection15] INFO  impl.RaftServerImpl (RaftServerImpl.java:setRole(174)) - f8d3684d-44eb-42fd-8c21-2b8ad1aff988@group-0D431F80E721: changes role from CANDIDATE to LEADER at term 1 for changeToLeader
2019-09-25 05:59:32,731 [f8d3684d-44eb-42fd-8c21-2b8ad1aff988@group-0D431F80E721:LeaderElection15] INFO  impl.RaftServerImpl (ServerState.java:setLeader(253)) - f8d3684d-44eb-42fd-8c21-2b8ad1aff988@group-0D431F80E721: change Leader from null to f8d3684d-44eb-42fd-8c21-2b8ad1aff988 at term 1 for becomeLeader, leader elected after 5128ms
2019-09-25 05:59:32,731 [f8d3684d-44eb-42fd-8c21-2b8ad1aff988@group-0D431F80E721:LeaderElection15] INFO  server.RaftServerConfigKeys (ConfUtils.java:logGet(43)) - raft.server.staging.catchup.gap = 1000 (default)
2019-09-25 05:59:32,731 [f8d3684d-44eb-42fd-8c21-2b8ad1aff988@group-0D431F80E721:LeaderElection15] INFO  server.RaftServerConfigKeys (ConfUtils.java:logGet(43)) - raft.server.rpc.sleep.time = 25ms (default)
2019-09-25 05:59:32,731 [f8d3684d-44eb-42fd-8c21-2b8ad1aff988@group-0D431F80E721:LeaderElection15] INFO  server.RaftServerConfigKeys (ConfUtils.java:logGet(43)) - raft.server.write.element-limit = 4096 (default)
2019-09-25 05:59:32,732 [f8d3684d-44eb-42fd-8c21-2b8ad1aff988@group-0D431F80E721:LeaderElection15] INFO  server.RaftServerConfigKeys (ConfUtils.java:logGet(43)) - raft.server.watch.timeout = 10s (default)
2019-09-25 05:59:32,732 [f8d3684d-44eb-42fd-8c21-2b8ad1aff988@group-0D431F80E721:LeaderElection15] INFO  server.RaftServerConfigKeys (ConfUtils.java:logGet(43)) - raft.server.watch.timeout.denomination = 1s (default)
2019-09-25 05:59:32,732 [f8d3684d-44eb-42fd-8c21-2b8ad1aff988@group-0D431F80E721:LeaderElection15] INFO  server.RaftServerConfigKeys (ConfUtils.java:logGet(43)) - raft.server.watch.element-limit = 65536 (default)
2019-09-25 05:59:32,735 [f8d3684d-44eb-42fd-8c21-2b8ad1aff988@group-0D431F80E721:LeaderElection15] INFO  impl.RoleInfo (RoleInfo.java:updateAndGet(143)) - f8d3684d-44eb-42fd-8c21-2b8ad1aff988: start LeaderState
2019-09-25 05:59:32,735 [f8d3684d-44eb-42fd-8c21-2b8ad1aff988@group-0D431F80E721:LeaderElection15] INFO  segmented.SegmentedRaftLogWorker (SegmentedRaftLogWorker.java:startLogSegment(380)) - f8d3684d-44eb-42fd-8c21-2b8ad1aff988@group-0D431F80E721-SegmentedRaftLogWorker: Starting segment from index:0
2019-09-25 05:59:32,736 [f8d3684d-44eb-42fd-8c21-2b8ad1aff988@group-0D431F80E721:LeaderElection15] INFO  impl.RaftServerImpl (ServerState.java:setRaftConf(354)) - f8d3684d-44eb-42fd-8c21-2b8ad1aff988@group-0D431F80E721: set configuration 0: [f8d3684d-44eb-42fd-8c21-2b8ad1aff988:192.168.5.161:44439], old=null at 0
2019-09-25 05:59:32,777 [Thread-261] INFO  impl.FollowerState (FollowerState.java:run(106)) - 327d7864-9593-4c84-9c3b-d4b21327d735:group-7326DF49C638 changes to CANDIDATE, lastRpcTime:5102, electionTimeout:5096ms
2019-09-25 05:59:32,778 [Thread-261] INFO  impl.RoleInfo (RoleInfo.java:shutdownFollowerState(121)) - 327d7864-9593-4c84-9c3b-d4b21327d735: shutdown FollowerState
2019-09-25 05:59:32,778 [Thread-261] INFO  impl.RaftServerImpl (RaftServerImpl.java:setRole(174)) - 327d7864-9593-4c84-9c3b-d4b21327d735@group-7326DF49C638: changes role from  FOLLOWER to CANDIDATE at term 0 for changeToCandidate
2019-09-25 05:59:32,778 [Thread-261] INFO  impl.RoleInfo (RoleInfo.java:updateAndGet(143)) - 327d7864-9593-4c84-9c3b-d4b21327d735: start LeaderElection
2019-09-25 05:59:32,803 [f8d3684d-44eb-42fd-8c21-2b8ad1aff988@group-0D431F80E721-SegmentedRaftLogWorker] INFO  segmented.SegmentedRaftLogWorker (SegmentedRaftLogWorker.java:execute(569)) - f8d3684d-44eb-42fd-8c21-2b8ad1aff988@group-0D431F80E721-SegmentedRaftLogWorker: created new log segment /workdir/hadoop-ozone/tools/target/test-dir/MiniOzoneClusterImpl-b88d8d95-70e9-47b8-bab6-e4df0797a5ce/datanode-2/data/ratis/a0401a33-cf7d-4850-b8c4-0d431f80e721/current/log_inprogress_0
2019-09-25 05:59:32,803 [327d7864-9593-4c84-9c3b-d4b21327d735@group-7326DF49C638:LeaderElection16] INFO  impl.LeaderElection (LeaderElection.java:askForVotes(182)) - 327d7864-9593-4c84-9c3b-d4b21327d735@group-7326DF49C638:LeaderElection16: begin an election at term 1 for -1: [327d7864-9593-4c84-9c3b-d4b21327d735:192.168.5.161:39744], old=null
2019-09-25 05:59:32,803 [327d7864-9593-4c84-9c3b-d4b21327d735@group-7326DF49C638:LeaderElection16] INFO  impl.RoleInfo (RoleInfo.java:shutdownLeaderElection(134)) - 327d7864-9593-4c84-9c3b-d4b21327d735: shutdown LeaderElection
2019-09-25 05:59:32,803 [327d7864-9593-4c84-9c3b-d4b21327d735@group-7326DF49C638:LeaderElection16] INFO  impl.RaftServerImpl (RaftServerImpl.java:setRole(174)) - 327d7864-9593-4c84-9c3b-d4b21327d735@group-7326DF49C638: changes role from CANDIDATE to LEADER at term 1 for changeToLeader
2019-09-25 05:59:32,803 [327d7864-9593-4c84-9c3b-d4b21327d735@group-7326DF49C638:LeaderElection16] INFO  impl.RaftServerImpl (ServerState.java:setLeader(253)) - 327d7864-9593-4c84-9c3b-d4b21327d735@group-7326DF49C638: change Leader from null to 327d7864-9593-4c84-9c3b-d4b21327d735 at term 1 for becomeLeader, leader elected after 5137ms
2019-09-25 05:59:32,803 [327d7864-9593-4c84-9c3b-d4b21327d735@group-7326DF49C638:LeaderElection16] INFO  server.RaftServerConfigKeys (ConfUtils.java:logGet(43)) - raft.server.staging.catchup.gap = 1000 (default)
2019-09-25 05:59:32,804 [327d7864-9593-4c84-9c3b-d4b21327d735@group-7326DF49C638:LeaderElection16] INFO  server.RaftServerConfigKeys (ConfUtils.java:logGet(43)) - raft.server.rpc.sleep.time = 25ms (default)
2019-09-25 05:59:32,804 [327d7864-9593-4c84-9c3b-d4b21327d735@group-7326DF49C638:LeaderElection16] INFO  server.RaftServerConfigKeys (ConfUtils.java:logGet(43)) - raft.server.write.element-limit = 4096 (default)
2019-09-25 05:59:32,804 [327d7864-9593-4c84-9c3b-d4b21327d735@group-7326DF49C638:LeaderElection16] INFO  server.RaftServerConfigKeys (ConfUtils.java:logGet(43)) - raft.server.watch.timeout = 10s (default)
2019-09-25 05:59:32,804 [327d7864-9593-4c84-9c3b-d4b21327d735@group-7326DF49C638:LeaderElection16] INFO  server.RaftServerConfigKeys (ConfUtils.java:logGet(43)) - raft.server.watch.timeout.denomination = 1s (default)
2019-09-25 05:59:32,804 [327d7864-9593-4c84-9c3b-d4b21327d735@group-7326DF49C638:LeaderElection16] INFO  server.RaftServerConfigKeys (ConfUtils.java:logGet(43)) - raft.server.watch.element-limit = 65536 (default)
2019-09-25 05:59:32,807 [327d7864-9593-4c84-9c3b-d4b21327d735@group-7326DF49C638:LeaderElection16] INFO  impl.RoleInfo (RoleInfo.java:updateAndGet(143)) - 327d7864-9593-4c84-9c3b-d4b21327d735: start LeaderState
2019-09-25 05:59:32,807 [327d7864-9593-4c84-9c3b-d4b21327d735@group-7326DF49C638:LeaderElection16] INFO  segmented.SegmentedRaftLogWorker (SegmentedRaftLogWorker.java:startLogSegment(380)) - 327d7864-9593-4c84-9c3b-d4b21327d735@group-7326DF49C638-SegmentedRaftLogWorker: Starting segment from index:0
2019-09-25 05:59:32,807 [327d7864-9593-4c84-9c3b-d4b21327d735@group-7326DF49C638:LeaderElection16] INFO  impl.RaftServerImpl (ServerState.java:setRaftConf(354)) - 327d7864-9593-4c84-9c3b-d4b21327d735@group-7326DF49C638: set configuration 0: [327d7864-9593-4c84-9c3b-d4b21327d735:192.168.5.161:39744], old=null at 0
2019-09-25 05:59:32,848 [Thread-264] INFO  impl.FollowerState (FollowerState.java:run(106)) - f8d3684d-44eb-42fd-8c21-2b8ad1aff988:group-D0FE1CB68504 changes to CANDIDATE, lastRpcTime:5108, electionTimeout:5090ms
2019-09-25 05:59:32,849 [Thread-264] INFO  impl.RoleInfo (RoleInfo.java:shutdownFollowerState(121)) - f8d3684d-44eb-42fd-8c21-2b8ad1aff988: shutdown FollowerState
2019-09-25 05:59:32,849 [Thread-264] INFO  impl.RaftServerImpl (RaftServerImpl.java:setRole(174)) - f8d3684d-44eb-42fd-8c21-2b8ad1aff988@group-D0FE1CB68504: changes role from  FOLLOWER to CANDIDATE at term 0 for changeToCandidate
2019-09-25 05:59:32,849 [Thread-264] INFO  impl.RoleInfo (RoleInfo.java:updateAndGet(143)) - f8d3684d-44eb-42fd-8c21-2b8ad1aff988: start LeaderElection
2019-09-25 05:59:32,857 [Thread-267] INFO  impl.FollowerState (FollowerState.java:run(106)) - f8d3684d-44eb-42fd-8c21-2b8ad1aff988:group-407CDE55A7FD changes to CANDIDATE, lastRpcTime:5060, electionTimeout:5060ms
2019-09-25 05:59:32,858 [Thread-267] INFO  impl.RoleInfo (RoleInfo.java:shutdownFollowerState(121)) - f8d3684d-44eb-42fd-8c21-2b8ad1aff988: shutdown FollowerState
2019-09-25 05:59:32,858 [Thread-267] INFO  impl.RaftServerImpl (RaftServerImpl.java:setRole(174)) - f8d3684d-44eb-42fd-8c21-2b8ad1aff988@group-407CDE55A7FD: changes role from  FOLLOWER to CANDIDATE at term 0 for changeToCandidate
2019-09-25 05:59:32,858 [Thread-267] INFO  impl.RoleInfo (RoleInfo.java:updateAndGet(143)) - f8d3684d-44eb-42fd-8c21-2b8ad1aff988: start LeaderElection
2019-09-25 05:59:32,866 [327d7864-9593-4c84-9c3b-d4b21327d735@group-7326DF49C638-SegmentedRaftLogWorker] INFO  segmented.SegmentedRaftLogWorker (SegmentedRaftLogWorker.java:execute(569)) - 327d7864-9593-4c84-9c3b-d4b21327d735@group-7326DF49C638-SegmentedRaftLogWorker: created new log segment /workdir/hadoop-ozone/tools/target/test-dir/MiniOzoneClusterImpl-b88d8d95-70e9-47b8-bab6-e4df0797a5ce/datanode-4/data/ratis/6d8fecf4-056a-487e-870d-7326df49c638/current/log_inprogress_0
2019-09-25 05:59:32,866 [f8d3684d-44eb-42fd-8c21-2b8ad1aff988@group-D0FE1CB68504:LeaderElection17] INFO  impl.LeaderElection (LeaderElection.java:askForVotes(182)) - f8d3684d-44eb-42fd-8c21-2b8ad1aff988@group-D0FE1CB68504:LeaderElection17: begin an election at term 1 for -1: [f8d3684d-44eb-42fd-8c21-2b8ad1aff988:192.168.5.161:44439], old=null
2019-09-25 05:59:32,866 [f8d3684d-44eb-42fd-8c21-2b8ad1aff988@group-D0FE1CB68504:LeaderElection17] INFO  impl.RoleInfo (RoleInfo.java:shutdownLeaderElection(134)) - f8d3684d-44eb-42fd-8c21-2b8ad1aff988: shutdown LeaderElection
2019-09-25 05:59:32,866 [f8d3684d-44eb-42fd-8c21-2b8ad1aff988@group-D0FE1CB68504:LeaderElection17] INFO  impl.RaftServerImpl (RaftServerImpl.java:setRole(174)) - f8d3684d-44eb-42fd-8c21-2b8ad1aff988@group-D0FE1CB68504: changes role from CANDIDATE to LEADER at term 1 for changeToLeader
2019-09-25 05:59:32,866 [f8d3684d-44eb-42fd-8c21-2b8ad1aff988@group-D0FE1CB68504:LeaderElection17] INFO  impl.RaftServerImpl (ServerState.java:setLeader(253)) - f8d3684d-44eb-42fd-8c21-2b8ad1aff988@group-D0FE1CB68504: change Leader from null to f8d3684d-44eb-42fd-8c21-2b8ad1aff988 at term 1 for becomeLeader, leader elected after 5145ms
2019-09-25 05:59:32,867 [f8d3684d-44eb-42fd-8c21-2b8ad1aff988@group-D0FE1CB68504:LeaderElection17] INFO  server.RaftServerConfigKeys (ConfUtils.java:logGet(43)) - raft.server.staging.catchup.gap = 1000 (default)
2019-09-25 05:59:32,867 [f8d3684d-44eb-42fd-8c21-2b8ad1aff988@group-D0FE1CB68504:LeaderElection17] INFO  server.RaftServerConfigKeys (ConfUtils.java:logGet(43)) - raft.server.rpc.sleep.time = 25ms (default)
2019-09-25 05:59:32,867 [f8d3684d-44eb-42fd-8c21-2b8ad1aff988@group-D0FE1CB68504:LeaderElection17] INFO  server.RaftServerConfigKeys (ConfUtils.java:logGet(43)) - raft.server.write.element-limit = 4096 (default)
2019-09-25 05:59:32,867 [f8d3684d-44eb-42fd-8c21-2b8ad1aff988@group-D0FE1CB68504:LeaderElection17] INFO  server.RaftServerConfigKeys (ConfUtils.java:logGet(43)) - raft.server.watch.timeout = 10s (default)
2019-09-25 05:59:32,867 [f8d3684d-44eb-42fd-8c21-2b8ad1aff988@group-D0FE1CB68504:LeaderElection17] INFO  server.RaftServerConfigKeys (ConfUtils.java:logGet(43)) - raft.server.watch.timeout.denomination = 1s (default)
2019-09-25 05:59:32,868 [f8d3684d-44eb-42fd-8c21-2b8ad1aff988@group-D0FE1CB68504:LeaderElection17] INFO  server.RaftServerConfigKeys (ConfUtils.java:logGet(43)) - raft.server.watch.element-limit = 65536 (default)
2019-09-25 05:59:32,871 [f8d3684d-44eb-42fd-8c21-2b8ad1aff988@group-D0FE1CB68504:LeaderElection17] INFO  impl.RoleInfo (RoleInfo.java:updateAndGet(143)) - f8d3684d-44eb-42fd-8c21-2b8ad1aff988: start LeaderState
2019-09-25 05:59:32,871 [f8d3684d-44eb-42fd-8c21-2b8ad1aff988@group-D0FE1CB68504:LeaderElection17] INFO  segmented.SegmentedRaftLogWorker (SegmentedRaftLogWorker.java:startLogSegment(380)) - f8d3684d-44eb-42fd-8c21-2b8ad1aff988@group-D0FE1CB68504-SegmentedRaftLogWorker: Starting segment from index:0
2019-09-25 05:59:32,872 [f8d3684d-44eb-42fd-8c21-2b8ad1aff988@group-D0FE1CB68504:LeaderElection17] INFO  impl.RaftServerImpl (ServerState.java:setRaftConf(354)) - f8d3684d-44eb-42fd-8c21-2b8ad1aff988@group-D0FE1CB68504: set configuration 0: [f8d3684d-44eb-42fd-8c21-2b8ad1aff988:192.168.5.161:44439], old=null at 0
2019-09-25 05:59:32,910 [f8d3684d-44eb-42fd-8c21-2b8ad1aff988@group-407CDE55A7FD:LeaderElection18] INFO  impl.LeaderElection (LeaderElection.java:askForVotes(182)) - f8d3684d-44eb-42fd-8c21-2b8ad1aff988@group-407CDE55A7FD:LeaderElection18: begin an election at term 1 for -1: [f8d3684d-44eb-42fd-8c21-2b8ad1aff988:192.168.5.161:44439], old=null
2019-09-25 05:59:32,910 [f8d3684d-44eb-42fd-8c21-2b8ad1aff988@group-407CDE55A7FD:LeaderElection18] INFO  impl.RoleInfo (RoleInfo.java:shutdownLeaderElection(134)) - f8d3684d-44eb-42fd-8c21-2b8ad1aff988: shutdown LeaderElection
2019-09-25 05:59:32,910 [f8d3684d-44eb-42fd-8c21-2b8ad1aff988@group-407CDE55A7FD:LeaderElection18] INFO  impl.RaftServerImpl (RaftServerImpl.java:setRole(174)) - f8d3684d-44eb-42fd-8c21-2b8ad1aff988@group-407CDE55A7FD: changes role from CANDIDATE to LEADER at term 1 for changeToLeader
2019-09-25 05:59:32,910 [f8d3684d-44eb-42fd-8c21-2b8ad1aff988@group-407CDE55A7FD:LeaderElection18] INFO  impl.RaftServerImpl (ServerState.java:setLeader(253)) - f8d3684d-44eb-42fd-8c21-2b8ad1aff988@group-407CDE55A7FD: change Leader from null to f8d3684d-44eb-42fd-8c21-2b8ad1aff988 at term 1 for becomeLeader, leader elected after 5121ms
2019-09-25 05:59:32,910 [f8d3684d-44eb-42fd-8c21-2b8ad1aff988@group-407CDE55A7FD:LeaderElection18] INFO  server.RaftServerConfigKeys (ConfUtils.java:logGet(43)) - raft.server.staging.catchup.gap = 1000 (default)
2019-09-25 05:59:32,910 [f8d3684d-44eb-42fd-8c21-2b8ad1aff988@group-407CDE55A7FD:LeaderElection18] INFO  server.RaftServerConfigKeys (ConfUtils.java:logGet(43)) - raft.server.rpc.sleep.time = 25ms (default)
2019-09-25 05:59:32,911 [f8d3684d-44eb-42fd-8c21-2b8ad1aff988@group-407CDE55A7FD:LeaderElection18] INFO  server.RaftServerConfigKeys (ConfUtils.java:logGet(43)) - raft.server.write.element-limit = 4096 (default)
2019-09-25 05:59:32,911 [f8d3684d-44eb-42fd-8c21-2b8ad1aff988@group-407CDE55A7FD:LeaderElection18] INFO  server.RaftServerConfigKeys (ConfUtils.java:logGet(43)) - raft.server.watch.timeout = 10s (default)
2019-09-25 05:59:32,911 [f8d3684d-44eb-42fd-8c21-2b8ad1aff988@group-407CDE55A7FD:LeaderElection18] INFO  server.RaftServerConfigKeys (ConfUtils.java:logGet(43)) - raft.server.watch.timeout.denomination = 1s (default)
2019-09-25 05:59:32,911 [f8d3684d-44eb-42fd-8c21-2b8ad1aff988@group-407CDE55A7FD:LeaderElection18] INFO  server.RaftServerConfigKeys (ConfUtils.java:logGet(43)) - raft.server.watch.element-limit = 65536 (default)
2019-09-25 05:59:32,913 [f8d3684d-44eb-42fd-8c21-2b8ad1aff988@group-407CDE55A7FD:LeaderElection18] INFO  impl.RoleInfo (RoleInfo.java:updateAndGet(143)) - f8d3684d-44eb-42fd-8c21-2b8ad1aff988: start LeaderState
2019-09-25 05:59:32,913 [f8d3684d-44eb-42fd-8c21-2b8ad1aff988@group-407CDE55A7FD:LeaderElection18] INFO  segmented.SegmentedRaftLogWorker (SegmentedRaftLogWorker.java:startLogSegment(380)) - f8d3684d-44eb-42fd-8c21-2b8ad1aff988@group-407CDE55A7FD-SegmentedRaftLogWorker: Starting segment from index:0
2019-09-25 05:59:32,914 [f8d3684d-44eb-42fd-8c21-2b8ad1aff988@group-407CDE55A7FD:LeaderElection18] INFO  impl.RaftServerImpl (ServerState.java:setRaftConf(354)) - f8d3684d-44eb-42fd-8c21-2b8ad1aff988@group-407CDE55A7FD: set configuration 0: [f8d3684d-44eb-42fd-8c21-2b8ad1aff988:192.168.5.161:44439], old=null at 0
2019-09-25 05:59:32,943 [f8d3684d-44eb-42fd-8c21-2b8ad1aff988@group-D0FE1CB68504-SegmentedRaftLogWorker] INFO  segmented.SegmentedRaftLogWorker (SegmentedRaftLogWorker.java:execute(569)) - f8d3684d-44eb-42fd-8c21-2b8ad1aff988@group-D0FE1CB68504-SegmentedRaftLogWorker: created new log segment /workdir/hadoop-ozone/tools/target/test-dir/MiniOzoneClusterImpl-b88d8d95-70e9-47b8-bab6-e4df0797a5ce/datanode-2/data/ratis/955faecc-ec6e-4922-8e11-d0fe1cb68504/current/log_inprogress_0
2019-09-25 05:59:32,955 [f8d3684d-44eb-42fd-8c21-2b8ad1aff988@group-407CDE55A7FD-SegmentedRaftLogWorker] INFO  segmented.SegmentedRaftLogWorker (SegmentedRaftLogWorker.java:execute(569)) - f8d3684d-44eb-42fd-8c21-2b8ad1aff988@group-407CDE55A7FD-SegmentedRaftLogWorker: created new log segment /workdir/hadoop-ozone/tools/target/test-dir/MiniOzoneClusterImpl-b88d8d95-70e9-47b8-bab6-e4df0797a5ce/datanode-2/data/ratis/24596f1a-0484-4514-b931-407cde55a7fd/current/log_inprogress_0
2019-09-25 05:59:33,051 [Thread-270] INFO  impl.FollowerState (FollowerState.java:run(106)) - 327d7864-9593-4c84-9c3b-d4b21327d735:group-45A385AAD702 changes to CANDIDATE, lastRpcTime:5184, electionTimeout:5184ms
2019-09-25 05:59:33,052 [Thread-270] INFO  impl.RoleInfo (RoleInfo.java:shutdownFollowerState(121)) - 327d7864-9593-4c84-9c3b-d4b21327d735: shutdown FollowerState
2019-09-25 05:59:33,052 [Thread-270] INFO  impl.RaftServerImpl (RaftServerImpl.java:setRole(174)) - 327d7864-9593-4c84-9c3b-d4b21327d735@group-45A385AAD702: changes role from  FOLLOWER to CANDIDATE at term 0 for changeToCandidate
2019-09-25 05:59:33,052 [Thread-270] INFO  impl.RoleInfo (RoleInfo.java:updateAndGet(143)) - 327d7864-9593-4c84-9c3b-d4b21327d735: start LeaderElection
2019-09-25 05:59:33,070 [327d7864-9593-4c84-9c3b-d4b21327d735@group-45A385AAD702:LeaderElection19] INFO  impl.LeaderElection (LeaderElection.java:askForVotes(182)) - 327d7864-9593-4c84-9c3b-d4b21327d735@group-45A385AAD702:LeaderElection19: begin an election at term 1 for -1: [327d7864-9593-4c84-9c3b-d4b21327d735:192.168.5.161:39744], old=null
2019-09-25 05:59:33,070 [327d7864-9593-4c84-9c3b-d4b21327d735@group-45A385AAD702:LeaderElection19] INFO  impl.RoleInfo (RoleInfo.java:shutdownLeaderElection(134)) - 327d7864-9593-4c84-9c3b-d4b21327d735: shutdown LeaderElection
2019-09-25 05:59:33,070 [327d7864-9593-4c84-9c3b-d4b21327d735@group-45A385AAD702:LeaderElection19] INFO  impl.RaftServerImpl (RaftServerImpl.java:setRole(174)) - 327d7864-9593-4c84-9c3b-d4b21327d735@group-45A385AAD702: changes role from CANDIDATE to LEADER at term 1 for changeToLeader
2019-09-25 05:59:33,070 [327d7864-9593-4c84-9c3b-d4b21327d735@group-45A385AAD702:LeaderElection19] INFO  impl.RaftServerImpl (ServerState.java:setLeader(253)) - 327d7864-9593-4c84-9c3b-d4b21327d735@group-45A385AAD702: change Leader from null to 327d7864-9593-4c84-9c3b-d4b21327d735 at term 1 for becomeLeader, leader elected after 5211ms
2019-09-25 05:59:33,071 [327d7864-9593-4c84-9c3b-d4b21327d735@group-45A385AAD702:LeaderElection19] INFO  server.RaftServerConfigKeys (ConfUtils.java:logGet(43)) - raft.server.staging.catchup.gap = 1000 (default)
2019-09-25 05:59:33,071 [327d7864-9593-4c84-9c3b-d4b21327d735@group-45A385AAD702:LeaderElection19] INFO  server.RaftServerConfigKeys (ConfUtils.java:logGet(43)) - raft.server.rpc.sleep.time = 25ms (default)
2019-09-25 05:59:33,071 [327d7864-9593-4c84-9c3b-d4b21327d735@group-45A385AAD702:LeaderElection19] INFO  server.RaftServerConfigKeys (ConfUtils.java:logGet(43)) - raft.server.write.element-limit = 4096 (default)
2019-09-25 05:59:33,071 [327d7864-9593-4c84-9c3b-d4b21327d735@group-45A385AAD702:LeaderElection19] INFO  server.RaftServerConfigKeys (ConfUtils.java:logGet(43)) - raft.server.watch.timeout = 10s (default)
2019-09-25 05:59:33,071 [327d7864-9593-4c84-9c3b-d4b21327d735@group-45A385AAD702:LeaderElection19] INFO  server.RaftServerConfigKeys (ConfUtils.java:logGet(43)) - raft.server.watch.timeout.denomination = 1s (default)
2019-09-25 05:59:33,072 [327d7864-9593-4c84-9c3b-d4b21327d735@group-45A385AAD702:LeaderElection19] INFO  server.RaftServerConfigKeys (ConfUtils.java:logGet(43)) - raft.server.watch.element-limit = 65536 (default)
2019-09-25 05:59:33,074 [327d7864-9593-4c84-9c3b-d4b21327d735@group-45A385AAD702:LeaderElection19] INFO  impl.RoleInfo (RoleInfo.java:updateAndGet(143)) - 327d7864-9593-4c84-9c3b-d4b21327d735: start LeaderState
2019-09-25 05:59:33,075 [327d7864-9593-4c84-9c3b-d4b21327d735@group-45A385AAD702:LeaderElection19] INFO  segmented.SegmentedRaftLogWorker (SegmentedRaftLogWorker.java:startLogSegment(380)) - 327d7864-9593-4c84-9c3b-d4b21327d735@group-45A385AAD702-SegmentedRaftLogWorker: Starting segment from index:0
2019-09-25 05:59:33,075 [327d7864-9593-4c84-9c3b-d4b21327d735@group-45A385AAD702:LeaderElection19] INFO  impl.RaftServerImpl (ServerState.java:setRaftConf(354)) - 327d7864-9593-4c84-9c3b-d4b21327d735@group-45A385AAD702: set configuration 0: [327d7864-9593-4c84-9c3b-d4b21327d735:192.168.5.161:39744], old=null at 0
2019-09-25 05:59:33,141 [327d7864-9593-4c84-9c3b-d4b21327d735@group-45A385AAD702-SegmentedRaftLogWorker] INFO  segmented.SegmentedRaftLogWorker (SegmentedRaftLogWorker.java:execute(569)) - 327d7864-9593-4c84-9c3b-d4b21327d735@group-45A385AAD702-SegmentedRaftLogWorker: created new log segment /workdir/hadoop-ozone/tools/target/test-dir/MiniOzoneClusterImpl-b88d8d95-70e9-47b8-bab6-e4df0797a5ce/datanode-4/data/ratis/01535286-ed9a-48ce-a957-45a385aad702/current/log_inprogress_0
2019-09-25 05:59:33,380 [Thread-273] INFO  impl.FollowerState (FollowerState.java:run(106)) - f8d3684d-44eb-42fd-8c21-2b8ad1aff988:group-A6E8770305BB changes to CANDIDATE, lastRpcTime:5032, electionTimeout:5032ms
2019-09-25 05:59:33,380 [Thread-273] INFO  impl.RoleInfo (RoleInfo.java:shutdownFollowerState(121)) - f8d3684d-44eb-42fd-8c21-2b8ad1aff988: shutdown FollowerState
2019-09-25 05:59:33,380 [Thread-273] INFO  impl.RaftServerImpl (RaftServerImpl.java:setRole(174)) - f8d3684d-44eb-42fd-8c21-2b8ad1aff988@group-A6E8770305BB: changes role from  FOLLOWER to CANDIDATE at term 0 for changeToCandidate
2019-09-25 05:59:33,380 [Thread-273] INFO  impl.RoleInfo (RoleInfo.java:updateAndGet(143)) - f8d3684d-44eb-42fd-8c21-2b8ad1aff988: start LeaderElection
2019-09-25 05:59:33,411 [f8d3684d-44eb-42fd-8c21-2b8ad1aff988@group-A6E8770305BB:LeaderElection20] INFO  impl.LeaderElection (LeaderElection.java:askForVotes(182)) - f8d3684d-44eb-42fd-8c21-2b8ad1aff988@group-A6E8770305BB:LeaderElection20: begin an election at term 1 for -1: [f8d3684d-44eb-42fd-8c21-2b8ad1aff988:192.168.5.161:44439], old=null
2019-09-25 05:59:33,412 [f8d3684d-44eb-42fd-8c21-2b8ad1aff988@group-A6E8770305BB:LeaderElection20] INFO  impl.RoleInfo (RoleInfo.java:shutdownLeaderElection(134)) - f8d3684d-44eb-42fd-8c21-2b8ad1aff988: shutdown LeaderElection
2019-09-25 05:59:33,412 [f8d3684d-44eb-42fd-8c21-2b8ad1aff988@group-A6E8770305BB:LeaderElection20] INFO  impl.RaftServerImpl (RaftServerImpl.java:setRole(174)) - f8d3684d-44eb-42fd-8c21-2b8ad1aff988@group-A6E8770305BB: changes role from CANDIDATE to LEADER at term 1 for changeToLeader
2019-09-25 05:59:33,412 [f8d3684d-44eb-42fd-8c21-2b8ad1aff988@group-A6E8770305BB:LeaderElection20] INFO  impl.RaftServerImpl (ServerState.java:setLeader(253)) - f8d3684d-44eb-42fd-8c21-2b8ad1aff988@group-A6E8770305BB: change Leader from null to f8d3684d-44eb-42fd-8c21-2b8ad1aff988 at term 1 for becomeLeader, leader elected after 5079ms
2019-09-25 05:59:33,412 [f8d3684d-44eb-42fd-8c21-2b8ad1aff988@group-A6E8770305BB:LeaderElection20] INFO  server.RaftServerConfigKeys (ConfUtils.java:logGet(43)) - raft.server.staging.catchup.gap = 1000 (default)
2019-09-25 05:59:33,412 [f8d3684d-44eb-42fd-8c21-2b8ad1aff988@group-A6E8770305BB:LeaderElection20] INFO  server.RaftServerConfigKeys (ConfUtils.java:logGet(43)) - raft.server.rpc.sleep.time = 25ms (default)
2019-09-25 05:59:33,412 [f8d3684d-44eb-42fd-8c21-2b8ad1aff988@group-A6E8770305BB:LeaderElection20] INFO  server.RaftServerConfigKeys (ConfUtils.java:logGet(43)) - raft.server.write.element-limit = 4096 (default)
2019-09-25 05:59:33,413 [f8d3684d-44eb-42fd-8c21-2b8ad1aff988@group-A6E8770305BB:LeaderElection20] INFO  server.RaftServerConfigKeys (ConfUtils.java:logGet(43)) - raft.server.watch.timeout = 10s (default)
2019-09-25 05:59:33,413 [f8d3684d-44eb-42fd-8c21-2b8ad1aff988@group-A6E8770305BB:LeaderElection20] INFO  server.RaftServerConfigKeys (ConfUtils.java:logGet(43)) - raft.server.watch.timeout.denomination = 1s (default)
2019-09-25 05:59:33,413 [f8d3684d-44eb-42fd-8c21-2b8ad1aff988@group-A6E8770305BB:LeaderElection20] INFO  server.RaftServerConfigKeys (ConfUtils.java:logGet(43)) - raft.server.watch.element-limit = 65536 (default)
2019-09-25 05:59:33,415 [f8d3684d-44eb-42fd-8c21-2b8ad1aff988@group-A6E8770305BB:LeaderElection20] INFO  impl.RoleInfo (RoleInfo.java:updateAndGet(143)) - f8d3684d-44eb-42fd-8c21-2b8ad1aff988: start LeaderState
2019-09-25 05:59:33,416 [f8d3684d-44eb-42fd-8c21-2b8ad1aff988@group-A6E8770305BB:LeaderElection20] INFO  segmented.SegmentedRaftLogWorker (SegmentedRaftLogWorker.java:startLogSegment(380)) - f8d3684d-44eb-42fd-8c21-2b8ad1aff988@group-A6E8770305BB-SegmentedRaftLogWorker: Starting segment from index:0
2019-09-25 05:59:33,416 [f8d3684d-44eb-42fd-8c21-2b8ad1aff988@group-A6E8770305BB:LeaderElection20] INFO  impl.RaftServerImpl (ServerState.java:setRaftConf(354)) - f8d3684d-44eb-42fd-8c21-2b8ad1aff988@group-A6E8770305BB: set configuration 0: [f8d3684d-44eb-42fd-8c21-2b8ad1aff988:192.168.5.161:44439], old=null at 0
2019-09-25 05:59:33,477 [f8d3684d-44eb-42fd-8c21-2b8ad1aff988@group-A6E8770305BB-SegmentedRaftLogWorker] INFO  segmented.SegmentedRaftLogWorker (SegmentedRaftLogWorker.java:execute(569)) - f8d3684d-44eb-42fd-8c21-2b8ad1aff988@group-A6E8770305BB-SegmentedRaftLogWorker: created new log segment /workdir/hadoop-ozone/tools/target/test-dir/MiniOzoneClusterImpl-b88d8d95-70e9-47b8-bab6-e4df0797a5ce/datanode-2/data/ratis/95fa515f-8a7a-4fd5-9d65-a6e8770305bb/current/log_inprogress_0
2019-09-25 05:59:33,593 [Thread-276] INFO  impl.FollowerState (FollowerState.java:run(106)) - a70ebb95-9827-4ee9-872e-51470ad9f886:group-F77AF6C13477 changes to CANDIDATE, lastRpcTime:5177, electionTimeout:5177ms
2019-09-25 05:59:33,594 [Thread-276] INFO  impl.RoleInfo (RoleInfo.java:shutdownFollowerState(121)) - a70ebb95-9827-4ee9-872e-51470ad9f886: shutdown FollowerState
2019-09-25 05:59:33,594 [Thread-276] INFO  impl.RaftServerImpl (RaftServerImpl.java:setRole(174)) - a70ebb95-9827-4ee9-872e-51470ad9f886@group-F77AF6C13477: changes role from  FOLLOWER to CANDIDATE at term 0 for changeToCandidate
2019-09-25 05:59:33,594 [Thread-276] INFO  impl.RoleInfo (RoleInfo.java:updateAndGet(143)) - a70ebb95-9827-4ee9-872e-51470ad9f886: start LeaderElection
2019-09-25 05:59:33,611 [a70ebb95-9827-4ee9-872e-51470ad9f886@group-F77AF6C13477:LeaderElection21] INFO  impl.LeaderElection (LeaderElection.java:askForVotes(182)) - a70ebb95-9827-4ee9-872e-51470ad9f886@group-F77AF6C13477:LeaderElection21: begin an election at term 1 for -1: [a70ebb95-9827-4ee9-872e-51470ad9f886:192.168.5.161:38094], old=null
2019-09-25 05:59:33,611 [a70ebb95-9827-4ee9-872e-51470ad9f886@group-F77AF6C13477:LeaderElection21] INFO  impl.RoleInfo (RoleInfo.java:shutdownLeaderElection(134)) - a70ebb95-9827-4ee9-872e-51470ad9f886: shutdown LeaderElection
2019-09-25 05:59:33,612 [a70ebb95-9827-4ee9-872e-51470ad9f886@group-F77AF6C13477:LeaderElection21] INFO  impl.RaftServerImpl (RaftServerImpl.java:setRole(174)) - a70ebb95-9827-4ee9-872e-51470ad9f886@group-F77AF6C13477: changes role from CANDIDATE to LEADER at term 1 for changeToLeader
2019-09-25 05:59:33,612 [a70ebb95-9827-4ee9-872e-51470ad9f886@group-F77AF6C13477:LeaderElection21] INFO  impl.RaftServerImpl (ServerState.java:setLeader(253)) - a70ebb95-9827-4ee9-872e-51470ad9f886@group-F77AF6C13477: change Leader from null to a70ebb95-9827-4ee9-872e-51470ad9f886 at term 1 for becomeLeader, leader elected after 5201ms
2019-09-25 05:59:33,612 [a70ebb95-9827-4ee9-872e-51470ad9f886@group-F77AF6C13477:LeaderElection21] INFO  server.RaftServerConfigKeys (ConfUtils.java:logGet(43)) - raft.server.staging.catchup.gap = 1000 (default)
2019-09-25 05:59:33,612 [a70ebb95-9827-4ee9-872e-51470ad9f886@group-F77AF6C13477:LeaderElection21] INFO  server.RaftServerConfigKeys (ConfUtils.java:logGet(43)) - raft.server.rpc.sleep.time = 25ms (default)
2019-09-25 05:59:33,612 [a70ebb95-9827-4ee9-872e-51470ad9f886@group-F77AF6C13477:LeaderElection21] INFO  server.RaftServerConfigKeys (ConfUtils.java:logGet(43)) - raft.server.write.element-limit = 4096 (default)
2019-09-25 05:59:33,612 [a70ebb95-9827-4ee9-872e-51470ad9f886@group-F77AF6C13477:LeaderElection21] INFO  server.RaftServerConfigKeys (ConfUtils.java:logGet(43)) - raft.server.watch.timeout = 10s (default)
2019-09-25 05:59:33,613 [a70ebb95-9827-4ee9-872e-51470ad9f886@group-F77AF6C13477:LeaderElection21] INFO  server.RaftServerConfigKeys (ConfUtils.java:logGet(43)) - raft.server.watch.timeout.denomination = 1s (default)
2019-09-25 05:59:33,613 [a70ebb95-9827-4ee9-872e-51470ad9f886@group-F77AF6C13477:LeaderElection21] INFO  server.RaftServerConfigKeys (ConfUtils.java:logGet(43)) - raft.server.watch.element-limit = 65536 (default)
2019-09-25 05:59:33,616 [a70ebb95-9827-4ee9-872e-51470ad9f886@group-F77AF6C13477:LeaderElection21] INFO  impl.RoleInfo (RoleInfo.java:updateAndGet(143)) - a70ebb95-9827-4ee9-872e-51470ad9f886: start LeaderState
2019-09-25 05:59:33,616 [a70ebb95-9827-4ee9-872e-51470ad9f886@group-F77AF6C13477:LeaderElection21] INFO  segmented.SegmentedRaftLogWorker (SegmentedRaftLogWorker.java:startLogSegment(380)) - a70ebb95-9827-4ee9-872e-51470ad9f886@group-F77AF6C13477-SegmentedRaftLogWorker: Starting segment from index:0
2019-09-25 05:59:33,616 [a70ebb95-9827-4ee9-872e-51470ad9f886@group-F77AF6C13477:LeaderElection21] INFO  impl.RaftServerImpl (ServerState.java:setRaftConf(354)) - a70ebb95-9827-4ee9-872e-51470ad9f886@group-F77AF6C13477: set configuration 0: [a70ebb95-9827-4ee9-872e-51470ad9f886:192.168.5.161:38094], old=null at 0
2019-09-25 05:59:33,657 [Thread-279] INFO  impl.FollowerState (FollowerState.java:run(106)) - f8d3684d-44eb-42fd-8c21-2b8ad1aff988:group-A3ED1D52B3E4 changes to CANDIDATE, lastRpcTime:5184, electionTimeout:5157ms
2019-09-25 05:59:33,657 [Thread-286] INFO  impl.FollowerState (FollowerState.java:run(106)) - dcfa33bc-9001-4365-ad5d-758174e05f4c:group-BDCAB9390F6F changes to CANDIDATE, lastRpcTime:5061, electionTimeout:5030ms
2019-09-25 05:59:33,657 [Thread-279] INFO  impl.RoleInfo (RoleInfo.java:shutdownFollowerState(121)) - f8d3684d-44eb-42fd-8c21-2b8ad1aff988: shutdown FollowerState
2019-09-25 05:59:33,657 [Thread-286] INFO  impl.RoleInfo (RoleInfo.java:shutdownFollowerState(121)) - dcfa33bc-9001-4365-ad5d-758174e05f4c: shutdown FollowerState
2019-09-25 05:59:33,657 [Thread-279] INFO  impl.RaftServerImpl (RaftServerImpl.java:setRole(174)) - f8d3684d-44eb-42fd-8c21-2b8ad1aff988@group-A3ED1D52B3E4: changes role from  FOLLOWER to CANDIDATE at term 0 for changeToCandidate
2019-09-25 05:59:33,657 [Thread-286] INFO  impl.RaftServerImpl (RaftServerImpl.java:setRole(174)) - dcfa33bc-9001-4365-ad5d-758174e05f4c@group-BDCAB9390F6F: changes role from  FOLLOWER to CANDIDATE at term 0 for changeToCandidate
2019-09-25 05:59:33,657 [Thread-279] INFO  impl.RoleInfo (RoleInfo.java:updateAndGet(143)) - f8d3684d-44eb-42fd-8c21-2b8ad1aff988: start LeaderElection
2019-09-25 05:59:33,657 [Thread-286] INFO  impl.RoleInfo (RoleInfo.java:updateAndGet(143)) - dcfa33bc-9001-4365-ad5d-758174e05f4c: start LeaderElection
2019-09-25 05:59:33,667 [Thread-282] INFO  impl.FollowerState (FollowerState.java:run(106)) - 327d7864-9593-4c84-9c3b-d4b21327d735:group-AEE91F62AC83 changes to CANDIDATE, lastRpcTime:5125, electionTimeout:5125ms
2019-09-25 05:59:33,667 [Thread-282] INFO  impl.RoleInfo (RoleInfo.java:shutdownFollowerState(121)) - 327d7864-9593-4c84-9c3b-d4b21327d735: shutdown FollowerState
2019-09-25 05:59:33,667 [Thread-282] INFO  impl.RaftServerImpl (RaftServerImpl.java:setRole(174)) - 327d7864-9593-4c84-9c3b-d4b21327d735@group-AEE91F62AC83: changes role from  FOLLOWER to CANDIDATE at term 0 for changeToCandidate
2019-09-25 05:59:33,668 [Thread-282] INFO  impl.RoleInfo (RoleInfo.java:updateAndGet(143)) - 327d7864-9593-4c84-9c3b-d4b21327d735: start LeaderElection
2019-09-25 05:59:33,675 [Thread-289] INFO  impl.FollowerState (FollowerState.java:run(106)) - 747dc408-4358-429b-ab46-4dec55806d9b:group-D97A4EAF6F96 changes to CANDIDATE, lastRpcTime:5021, electionTimeout:5021ms
2019-09-25 05:59:33,675 [Thread-289] INFO  impl.RoleInfo (RoleInfo.java:shutdownFollowerState(121)) - 747dc408-4358-429b-ab46-4dec55806d9b: shutdown FollowerState
2019-09-25 05:59:33,675 [Thread-289] INFO  impl.RaftServerImpl (RaftServerImpl.java:setRole(174)) - 747dc408-4358-429b-ab46-4dec55806d9b@group-D97A4EAF6F96: changes role from  FOLLOWER to CANDIDATE at term 0 for changeToCandidate
2019-09-25 05:59:33,675 [Thread-289] INFO  impl.RoleInfo (RoleInfo.java:updateAndGet(143)) - 747dc408-4358-429b-ab46-4dec55806d9b: start LeaderElection
2019-09-25 05:59:33,678 [a70ebb95-9827-4ee9-872e-51470ad9f886@group-F77AF6C13477-SegmentedRaftLogWorker] INFO  segmented.SegmentedRaftLogWorker (SegmentedRaftLogWorker.java:execute(569)) - a70ebb95-9827-4ee9-872e-51470ad9f886@group-F77AF6C13477-SegmentedRaftLogWorker: created new log segment /workdir/hadoop-ozone/tools/target/test-dir/MiniOzoneClusterImpl-b88d8d95-70e9-47b8-bab6-e4df0797a5ce/datanode-1/data/ratis/f971c09c-90aa-4f7b-ba36-f77af6c13477/current/log_inprogress_0
2019-09-25 05:59:33,678 [f8d3684d-44eb-42fd-8c21-2b8ad1aff988@group-A3ED1D52B3E4:LeaderElection22] INFO  impl.LeaderElection (LeaderElection.java:askForVotes(182)) - f8d3684d-44eb-42fd-8c21-2b8ad1aff988@group-A3ED1D52B3E4:LeaderElection22: begin an election at term 1 for -1: [f8d3684d-44eb-42fd-8c21-2b8ad1aff988:192.168.5.161:44439], old=null
2019-09-25 05:59:33,678 [dcfa33bc-9001-4365-ad5d-758174e05f4c@group-BDCAB9390F6F:LeaderElection23] INFO  impl.LeaderElection (LeaderElection.java:askForVotes(182)) - dcfa33bc-9001-4365-ad5d-758174e05f4c@group-BDCAB9390F6F:LeaderElection23: begin an election at term 1 for -1: [dcfa33bc-9001-4365-ad5d-758174e05f4c:192.168.5.161:35167], old=null
2019-09-25 05:59:33,679 [f8d3684d-44eb-42fd-8c21-2b8ad1aff988@group-A3ED1D52B3E4:LeaderElection22] INFO  impl.RoleInfo (RoleInfo.java:shutdownLeaderElection(134)) - f8d3684d-44eb-42fd-8c21-2b8ad1aff988: shutdown LeaderElection
2019-09-25 05:59:33,678 [327d7864-9593-4c84-9c3b-d4b21327d735@group-AEE91F62AC83:LeaderElection24] INFO  impl.LeaderElection (LeaderElection.java:askForVotes(182)) - 327d7864-9593-4c84-9c3b-d4b21327d735@group-AEE91F62AC83:LeaderElection24: begin an election at term 1 for -1: [327d7864-9593-4c84-9c3b-d4b21327d735:192.168.5.161:39744], old=null
2019-09-25 05:59:33,679 [f8d3684d-44eb-42fd-8c21-2b8ad1aff988@group-A3ED1D52B3E4:LeaderElection22] INFO  impl.RaftServerImpl (RaftServerImpl.java:setRole(174)) - f8d3684d-44eb-42fd-8c21-2b8ad1aff988@group-A3ED1D52B3E4: changes role from CANDIDATE to LEADER at term 1 for changeToLeader
2019-09-25 05:59:33,679 [dcfa33bc-9001-4365-ad5d-758174e05f4c@group-BDCAB9390F6F:LeaderElection23] INFO  impl.RoleInfo (RoleInfo.java:shutdownLeaderElection(134)) - dcfa33bc-9001-4365-ad5d-758174e05f4c: shutdown LeaderElection
2019-09-25 05:59:33,679 [f8d3684d-44eb-42fd-8c21-2b8ad1aff988@group-A3ED1D52B3E4:LeaderElection22] INFO  impl.RaftServerImpl (ServerState.java:setLeader(253)) - f8d3684d-44eb-42fd-8c21-2b8ad1aff988@group-A3ED1D52B3E4: change Leader from null to f8d3684d-44eb-42fd-8c21-2b8ad1aff988 at term 1 for becomeLeader, leader elected after 5216ms
2019-09-25 05:59:33,679 [327d7864-9593-4c84-9c3b-d4b21327d735@group-AEE91F62AC83:LeaderElection24] INFO  impl.RoleInfo (RoleInfo.java:shutdownLeaderElection(134)) - 327d7864-9593-4c84-9c3b-d4b21327d735: shutdown LeaderElection
2019-09-25 05:59:33,679 [f8d3684d-44eb-42fd-8c21-2b8ad1aff988@group-A3ED1D52B3E4:LeaderElection22] INFO  server.RaftServerConfigKeys (ConfUtils.java:logGet(43)) - raft.server.staging.catchup.gap = 1000 (default)
2019-09-25 05:59:33,679 [dcfa33bc-9001-4365-ad5d-758174e05f4c@group-BDCAB9390F6F:LeaderElection23] INFO  impl.RaftServerImpl (RaftServerImpl.java:setRole(174)) - dcfa33bc-9001-4365-ad5d-758174e05f4c@group-BDCAB9390F6F: changes role from CANDIDATE to LEADER at term 1 for changeToLeader
2019-09-25 05:59:33,680 [f8d3684d-44eb-42fd-8c21-2b8ad1aff988@group-A3ED1D52B3E4:LeaderElection22] INFO  server.RaftServerConfigKeys (ConfUtils.java:logGet(43)) - raft.server.rpc.sleep.time = 25ms (default)
2019-09-25 05:59:33,679 [327d7864-9593-4c84-9c3b-d4b21327d735@group-AEE91F62AC83:LeaderElection24] INFO  impl.RaftServerImpl (RaftServerImpl.java:setRole(174)) - 327d7864-9593-4c84-9c3b-d4b21327d735@group-AEE91F62AC83: changes role from CANDIDATE to LEADER at term 1 for changeToLeader
2019-09-25 05:59:33,680 [f8d3684d-44eb-42fd-8c21-2b8ad1aff988@group-A3ED1D52B3E4:LeaderElection22] INFO  server.RaftServerConfigKeys (ConfUtils.java:logGet(43)) - raft.server.write.element-limit = 4096 (default)
2019-09-25 05:59:33,680 [dcfa33bc-9001-4365-ad5d-758174e05f4c@group-BDCAB9390F6F:LeaderElection23] INFO  impl.RaftServerImpl (ServerState.java:setLeader(253)) - dcfa33bc-9001-4365-ad5d-758174e05f4c@group-BDCAB9390F6F: change Leader from null to dcfa33bc-9001-4365-ad5d-758174e05f4c at term 1 for becomeLeader, leader elected after 5091ms
2019-09-25 05:59:33,680 [f8d3684d-44eb-42fd-8c21-2b8ad1aff988@group-A3ED1D52B3E4:LeaderElection22] INFO  server.RaftServerConfigKeys (ConfUtils.java:logGet(43)) - raft.server.watch.timeout = 10s (default)
2019-09-25 05:59:33,680 [327d7864-9593-4c84-9c3b-d4b21327d735@group-AEE91F62AC83:LeaderElection24] INFO  impl.RaftServerImpl (ServerState.java:setLeader(253)) - 327d7864-9593-4c84-9c3b-d4b21327d735@group-AEE91F62AC83: change Leader from null to 327d7864-9593-4c84-9c3b-d4b21327d735 at term 1 for becomeLeader, leader elected after 5147ms
2019-09-25 05:59:33,680 [f8d3684d-44eb-42fd-8c21-2b8ad1aff988@group-A3ED1D52B3E4:LeaderElection22] INFO  server.RaftServerConfigKeys (ConfUtils.java:logGet(43)) - raft.server.watch.timeout.denomination = 1s (default)
2019-09-25 05:59:33,680 [dcfa33bc-9001-4365-ad5d-758174e05f4c@group-BDCAB9390F6F:LeaderElection23] INFO  server.RaftServerConfigKeys (ConfUtils.java:logGet(43)) - raft.server.staging.catchup.gap = 1000 (default)
2019-09-25 05:59:33,680 [f8d3684d-44eb-42fd-8c21-2b8ad1aff988@group-A3ED1D52B3E4:LeaderElection22] INFO  server.RaftServerConfigKeys (ConfUtils.java:logGet(43)) - raft.server.watch.element-limit = 65536 (default)
2019-09-25 05:59:33,680 [327d7864-9593-4c84-9c3b-d4b21327d735@group-AEE91F62AC83:LeaderElection24] INFO  server.RaftServerConfigKeys (ConfUtils.java:logGet(43)) - raft.server.staging.catchup.gap = 1000 (default)
2019-09-25 05:59:33,681 [dcfa33bc-9001-4365-ad5d-758174e05f4c@group-BDCAB9390F6F:LeaderElection23] INFO  server.RaftServerConfigKeys (ConfUtils.java:logGet(43)) - raft.server.rpc.sleep.time = 25ms (default)
2019-09-25 05:59:33,681 [327d7864-9593-4c84-9c3b-d4b21327d735@group-AEE91F62AC83:LeaderElection24] INFO  server.RaftServerConfigKeys (ConfUtils.java:logGet(43)) - raft.server.rpc.sleep.time = 25ms (default)
2019-09-25 05:59:33,681 [dcfa33bc-9001-4365-ad5d-758174e05f4c@group-BDCAB9390F6F:LeaderElection23] INFO  server.RaftServerConfigKeys (ConfUtils.java:logGet(43)) - raft.server.write.element-limit = 4096 (default)
2019-09-25 05:59:33,681 [327d7864-9593-4c84-9c3b-d4b21327d735@group-AEE91F62AC83:LeaderElection24] INFO  server.RaftServerConfigKeys (ConfUtils.java:logGet(43)) - raft.server.write.element-limit = 4096 (default)
2019-09-25 05:59:33,681 [dcfa33bc-9001-4365-ad5d-758174e05f4c@group-BDCAB9390F6F:LeaderElection23] INFO  server.RaftServerConfigKeys (ConfUtils.java:logGet(43)) - raft.server.watch.timeout = 10s (default)
2019-09-25 05:59:33,681 [747dc408-4358-429b-ab46-4dec55806d9b@group-D97A4EAF6F96:LeaderElection25] INFO  impl.LeaderElection (LeaderElection.java:askForVotes(182)) - 747dc408-4358-429b-ab46-4dec55806d9b@group-D97A4EAF6F96:LeaderElection25: begin an election at term 1 for -1: [747dc408-4358-429b-ab46-4dec55806d9b:192.168.5.161:37947], old=null
2019-09-25 05:59:33,681 [327d7864-9593-4c84-9c3b-d4b21327d735@group-AEE91F62AC83:LeaderElection24] INFO  server.RaftServerConfigKeys (ConfUtils.java:logGet(43)) - raft.server.watch.timeout = 10s (default)
2019-09-25 05:59:33,682 [747dc408-4358-429b-ab46-4dec55806d9b@group-D97A4EAF6F96:LeaderElection25] INFO  impl.RoleInfo (RoleInfo.java:shutdownLeaderElection(134)) - 747dc408-4358-429b-ab46-4dec55806d9b: shutdown LeaderElection
2019-09-25 05:59:33,682 [dcfa33bc-9001-4365-ad5d-758174e05f4c@group-BDCAB9390F6F:LeaderElection23] INFO  server.RaftServerConfigKeys (ConfUtils.java:logGet(43)) - raft.server.watch.timeout.denomination = 1s (default)
2019-09-25 05:59:33,682 [747dc408-4358-429b-ab46-4dec55806d9b@group-D97A4EAF6F96:LeaderElection25] INFO  impl.RaftServerImpl (RaftServerImpl.java:setRole(174)) - 747dc408-4358-429b-ab46-4dec55806d9b@group-D97A4EAF6F96: changes role from CANDIDATE to LEADER at term 1 for changeToLeader
2019-09-25 05:59:33,682 [327d7864-9593-4c84-9c3b-d4b21327d735@group-AEE91F62AC83:LeaderElection24] INFO  server.RaftServerConfigKeys (ConfUtils.java:logGet(43)) - raft.server.watch.timeout.denomination = 1s (default)
2019-09-25 05:59:33,682 [747dc408-4358-429b-ab46-4dec55806d9b@group-D97A4EAF6F96:LeaderElection25] INFO  impl.RaftServerImpl (ServerState.java:setLeader(253)) - 747dc408-4358-429b-ab46-4dec55806d9b@group-D97A4EAF6F96: change Leader from null to 747dc408-4358-429b-ab46-4dec55806d9b at term 1 for becomeLeader, leader elected after 5038ms
2019-09-25 05:59:33,682 [dcfa33bc-9001-4365-ad5d-758174e05f4c@group-BDCAB9390F6F:LeaderElection23] INFO  server.RaftServerConfigKeys (ConfUtils.java:logGet(43)) - raft.server.watch.element-limit = 65536 (default)
2019-09-25 05:59:33,684 [747dc408-4358-429b-ab46-4dec55806d9b@group-D97A4EAF6F96:LeaderElection25] INFO  server.RaftServerConfigKeys (ConfUtils.java:logGet(43)) - raft.server.staging.catchup.gap = 1000 (default)
2019-09-25 05:59:33,682 [327d7864-9593-4c84-9c3b-d4b21327d735@group-AEE91F62AC83:LeaderElection24] INFO  server.RaftServerConfigKeys (ConfUtils.java:logGet(43)) - raft.server.watch.element-limit = 65536 (default)
2019-09-25 05:59:33,684 [747dc408-4358-429b-ab46-4dec55806d9b@group-D97A4EAF6F96:LeaderElection25] INFO  server.RaftServerConfigKeys (ConfUtils.java:logGet(43)) - raft.server.rpc.sleep.time = 25ms (default)
2019-09-25 05:59:33,684 [f8d3684d-44eb-42fd-8c21-2b8ad1aff988@group-A3ED1D52B3E4:LeaderElection22] INFO  impl.RoleInfo (RoleInfo.java:updateAndGet(143)) - f8d3684d-44eb-42fd-8c21-2b8ad1aff988: start LeaderState
2019-09-25 05:59:33,685 [747dc408-4358-429b-ab46-4dec55806d9b@group-D97A4EAF6F96:LeaderElection25] INFO  server.RaftServerConfigKeys (ConfUtils.java:logGet(43)) - raft.server.write.element-limit = 4096 (default)
2019-09-25 05:59:33,685 [f8d3684d-44eb-42fd-8c21-2b8ad1aff988@group-A3ED1D52B3E4:LeaderElection22] INFO  segmented.SegmentedRaftLogWorker (SegmentedRaftLogWorker.java:startLogSegment(380)) - f8d3684d-44eb-42fd-8c21-2b8ad1aff988@group-A3ED1D52B3E4-SegmentedRaftLogWorker: Starting segment from index:0
2019-09-25 05:59:33,685 [747dc408-4358-429b-ab46-4dec55806d9b@group-D97A4EAF6F96:LeaderElection25] INFO  server.RaftServerConfigKeys (ConfUtils.java:logGet(43)) - raft.server.watch.timeout = 10s (default)
2019-09-25 05:59:33,685 [747dc408-4358-429b-ab46-4dec55806d9b@group-D97A4EAF6F96:LeaderElection25] INFO  server.RaftServerConfigKeys (ConfUtils.java:logGet(43)) - raft.server.watch.timeout.denomination = 1s (default)
2019-09-25 05:59:33,685 [747dc408-4358-429b-ab46-4dec55806d9b@group-D97A4EAF6F96:LeaderElection25] INFO  server.RaftServerConfigKeys (ConfUtils.java:logGet(43)) - raft.server.watch.element-limit = 65536 (default)
2019-09-25 05:59:33,685 [f8d3684d-44eb-42fd-8c21-2b8ad1aff988@group-A3ED1D52B3E4:LeaderElection22] INFO  impl.RaftServerImpl (ServerState.java:setRaftConf(354)) - f8d3684d-44eb-42fd-8c21-2b8ad1aff988@group-A3ED1D52B3E4: set configuration 0: [f8d3684d-44eb-42fd-8c21-2b8ad1aff988:192.168.5.161:44439], old=null at 0
2019-09-25 05:59:33,721 [dcfa33bc-9001-4365-ad5d-758174e05f4c@group-BDCAB9390F6F:LeaderElection23] INFO  impl.RoleInfo (RoleInfo.java:updateAndGet(143)) - dcfa33bc-9001-4365-ad5d-758174e05f4c: start LeaderState
2019-09-25 05:59:33,722 [dcfa33bc-9001-4365-ad5d-758174e05f4c@group-BDCAB9390F6F:LeaderElection23] INFO  segmented.SegmentedRaftLogWorker (SegmentedRaftLogWorker.java:startLogSegment(380)) - dcfa33bc-9001-4365-ad5d-758174e05f4c@group-BDCAB9390F6F-SegmentedRaftLogWorker: Starting segment from index:0
2019-09-25 05:59:33,722 [327d7864-9593-4c84-9c3b-d4b21327d735@group-AEE91F62AC83:LeaderElection24] INFO  impl.RoleInfo (RoleInfo.java:updateAndGet(143)) - 327d7864-9593-4c84-9c3b-d4b21327d735: start LeaderState
2019-09-25 05:59:33,722 [327d7864-9593-4c84-9c3b-d4b21327d735@group-AEE91F62AC83:LeaderElection24] INFO  segmented.SegmentedRaftLogWorker (SegmentedRaftLogWorker.java:startLogSegment(380)) - 327d7864-9593-4c84-9c3b-d4b21327d735@group-AEE91F62AC83-SegmentedRaftLogWorker: Starting segment from index:0
2019-09-25 05:59:33,722 [747dc408-4358-429b-ab46-4dec55806d9b@group-D97A4EAF6F96:LeaderElection25] INFO  impl.RoleInfo (RoleInfo.java:updateAndGet(143)) - 747dc408-4358-429b-ab46-4dec55806d9b: start LeaderState
2019-09-25 05:59:33,722 [dcfa33bc-9001-4365-ad5d-758174e05f4c@group-BDCAB9390F6F:LeaderElection23] INFO  impl.RaftServerImpl (ServerState.java:setRaftConf(354)) - dcfa33bc-9001-4365-ad5d-758174e05f4c@group-BDCAB9390F6F: set configuration 0: [dcfa33bc-9001-4365-ad5d-758174e05f4c:192.168.5.161:35167], old=null at 0
2019-09-25 05:59:33,723 [747dc408-4358-429b-ab46-4dec55806d9b@group-D97A4EAF6F96:LeaderElection25] INFO  segmented.SegmentedRaftLogWorker (SegmentedRaftLogWorker.java:startLogSegment(380)) - 747dc408-4358-429b-ab46-4dec55806d9b@group-D97A4EAF6F96-SegmentedRaftLogWorker: Starting segment from index:0
2019-09-25 05:59:33,759 [327d7864-9593-4c84-9c3b-d4b21327d735@group-AEE91F62AC83:LeaderElection24] INFO  impl.RaftServerImpl (ServerState.java:setRaftConf(354)) - 327d7864-9593-4c84-9c3b-d4b21327d735@group-AEE91F62AC83: set configuration 0: [327d7864-9593-4c84-9c3b-d4b21327d735:192.168.5.161:39744], old=null at 0
2019-09-25 05:59:33,759 [f8d3684d-44eb-42fd-8c21-2b8ad1aff988@group-A3ED1D52B3E4-SegmentedRaftLogWorker] INFO  segmented.SegmentedRaftLogWorker (SegmentedRaftLogWorker.java:execute(569)) - f8d3684d-44eb-42fd-8c21-2b8ad1aff988@group-A3ED1D52B3E4-SegmentedRaftLogWorker: created new log segment /workdir/hadoop-ozone/tools/target/test-dir/MiniOzoneClusterImpl-b88d8d95-70e9-47b8-bab6-e4df0797a5ce/datanode-2/data/ratis/6cf056e5-f497-4c24-af7f-a3ed1d52b3e4/current/log_inprogress_0
2019-09-25 05:59:33,799 [dcfa33bc-9001-4365-ad5d-758174e05f4c@group-BDCAB9390F6F-SegmentedRaftLogWorker] INFO  segmented.SegmentedRaftLogWorker (SegmentedRaftLogWorker.java:execute(569)) - dcfa33bc-9001-4365-ad5d-758174e05f4c@group-BDCAB9390F6F-SegmentedRaftLogWorker: created new log segment /workdir/hadoop-ozone/tools/target/test-dir/MiniOzoneClusterImpl-b88d8d95-70e9-47b8-bab6-e4df0797a5ce/datanode-0/data/ratis/025fc99c-36a3-48a7-91b3-bdcab9390f6f/current/log_inprogress_0
2019-09-25 05:59:33,799 [747dc408-4358-429b-ab46-4dec55806d9b@group-D97A4EAF6F96:LeaderElection25] INFO  impl.RaftServerImpl (ServerState.java:setRaftConf(354)) - 747dc408-4358-429b-ab46-4dec55806d9b@group-D97A4EAF6F96: set configuration 0: [747dc408-4358-429b-ab46-4dec55806d9b:192.168.5.161:37947], old=null at 0
2019-09-25 05:59:33,836 [327d7864-9593-4c84-9c3b-d4b21327d735@group-AEE91F62AC83-SegmentedRaftLogWorker] INFO  segmented.SegmentedRaftLogWorker (SegmentedRaftLogWorker.java:execute(569)) - 327d7864-9593-4c84-9c3b-d4b21327d735@group-AEE91F62AC83-SegmentedRaftLogWorker: created new log segment /workdir/hadoop-ozone/tools/target/test-dir/MiniOzoneClusterImpl-b88d8d95-70e9-47b8-bab6-e4df0797a5ce/datanode-4/data/ratis/c5aadc5e-2dfc-40f2-93d8-aee91f62ac83/current/log_inprogress_0
2019-09-25 05:59:33,855 [747dc408-4358-429b-ab46-4dec55806d9b@group-D97A4EAF6F96-SegmentedRaftLogWorker] INFO  segmented.SegmentedRaftLogWorker (SegmentedRaftLogWorker.java:execute(569)) - 747dc408-4358-429b-ab46-4dec55806d9b@group-D97A4EAF6F96-SegmentedRaftLogWorker: created new log segment /workdir/hadoop-ozone/tools/target/test-dir/MiniOzoneClusterImpl-b88d8d95-70e9-47b8-bab6-e4df0797a5ce/datanode-3/data/ratis/f420456b-95c8-4cf1-84c9-d97a4eaf6f96/current/log_inprogress_0
2019-09-25 05:59:33,931 [Thread-292] INFO  impl.FollowerState (FollowerState.java:run(106)) - 747dc408-4358-429b-ab46-4dec55806d9b:group-9A4CDD8FCE1C changes to CANDIDATE, lastRpcTime:5035, electionTimeout:5035ms
2019-09-25 05:59:33,932 [Thread-292] INFO  impl.RoleInfo (RoleInfo.java:shutdownFollowerState(121)) - 747dc408-4358-429b-ab46-4dec55806d9b: shutdown FollowerState
2019-09-25 05:59:33,932 [Thread-292] INFO  impl.RaftServerImpl (RaftServerImpl.java:setRole(174)) - 747dc408-4358-429b-ab46-4dec55806d9b@group-9A4CDD8FCE1C: changes role from  FOLLOWER to CANDIDATE at term 0 for changeToCandidate
2019-09-25 05:59:33,932 [Thread-292] INFO  impl.RoleInfo (RoleInfo.java:updateAndGet(143)) - 747dc408-4358-429b-ab46-4dec55806d9b: start LeaderElection
2019-09-25 05:59:33,946 [747dc408-4358-429b-ab46-4dec55806d9b@group-9A4CDD8FCE1C:LeaderElection26] INFO  impl.LeaderElection (LeaderElection.java:askForVotes(182)) - 747dc408-4358-429b-ab46-4dec55806d9b@group-9A4CDD8FCE1C:LeaderElection26: begin an election at term 1 for -1: [747dc408-4358-429b-ab46-4dec55806d9b:192.168.5.161:37947], old=null
2019-09-25 05:59:33,946 [747dc408-4358-429b-ab46-4dec55806d9b@group-9A4CDD8FCE1C:LeaderElection26] INFO  impl.RoleInfo (RoleInfo.java:shutdownLeaderElection(134)) - 747dc408-4358-429b-ab46-4dec55806d9b: shutdown LeaderElection
2019-09-25 05:59:33,946 [747dc408-4358-429b-ab46-4dec55806d9b@group-9A4CDD8FCE1C:LeaderElection26] INFO  impl.RaftServerImpl (RaftServerImpl.java:setRole(174)) - 747dc408-4358-429b-ab46-4dec55806d9b@group-9A4CDD8FCE1C: changes role from CANDIDATE to LEADER at term 1 for changeToLeader
2019-09-25 05:59:33,946 [747dc408-4358-429b-ab46-4dec55806d9b@group-9A4CDD8FCE1C:LeaderElection26] INFO  impl.RaftServerImpl (ServerState.java:setLeader(253)) - 747dc408-4358-429b-ab46-4dec55806d9b@group-9A4CDD8FCE1C: change Leader from null to 747dc408-4358-429b-ab46-4dec55806d9b at term 1 for becomeLeader, leader elected after 5242ms
2019-09-25 05:59:33,947 [747dc408-4358-429b-ab46-4dec55806d9b@group-9A4CDD8FCE1C:LeaderElection26] INFO  server.RaftServerConfigKeys (ConfUtils.java:logGet(43)) - raft.server.staging.catchup.gap = 1000 (default)
2019-09-25 05:59:33,947 [747dc408-4358-429b-ab46-4dec55806d9b@group-9A4CDD8FCE1C:LeaderElection26] INFO  server.RaftServerConfigKeys (ConfUtils.java:logGet(43)) - raft.server.rpc.sleep.time = 25ms (default)
2019-09-25 05:59:33,947 [747dc408-4358-429b-ab46-4dec55806d9b@group-9A4CDD8FCE1C:LeaderElection26] INFO  server.RaftServerConfigKeys (ConfUtils.java:logGet(43)) - raft.server.write.element-limit = 4096 (default)
2019-09-25 05:59:33,947 [747dc408-4358-429b-ab46-4dec55806d9b@group-9A4CDD8FCE1C:LeaderElection26] INFO  server.RaftServerConfigKeys (ConfUtils.java:logGet(43)) - raft.server.watch.timeout = 10s (default)
2019-09-25 05:59:33,947 [747dc408-4358-429b-ab46-4dec55806d9b@group-9A4CDD8FCE1C:LeaderElection26] INFO  server.RaftServerConfigKeys (ConfUtils.java:logGet(43)) - raft.server.watch.timeout.denomination = 1s (default)
2019-09-25 05:59:33,948 [747dc408-4358-429b-ab46-4dec55806d9b@group-9A4CDD8FCE1C:LeaderElection26] INFO  server.RaftServerConfigKeys (ConfUtils.java:logGet(43)) - raft.server.watch.element-limit = 65536 (default)
2019-09-25 05:59:33,950 [747dc408-4358-429b-ab46-4dec55806d9b@group-9A4CDD8FCE1C:LeaderElection26] INFO  impl.RoleInfo (RoleInfo.java:updateAndGet(143)) - 747dc408-4358-429b-ab46-4dec55806d9b: start LeaderState
2019-09-25 05:59:33,950 [747dc408-4358-429b-ab46-4dec55806d9b@group-9A4CDD8FCE1C:LeaderElection26] INFO  segmented.SegmentedRaftLogWorker (SegmentedRaftLogWorker.java:startLogSegment(380)) - 747dc408-4358-429b-ab46-4dec55806d9b@group-9A4CDD8FCE1C-SegmentedRaftLogWorker: Starting segment from index:0
2019-09-25 05:59:33,950 [747dc408-4358-429b-ab46-4dec55806d9b@group-9A4CDD8FCE1C:LeaderElection26] INFO  impl.RaftServerImpl (ServerState.java:setRaftConf(354)) - 747dc408-4358-429b-ab46-4dec55806d9b@group-9A4CDD8FCE1C: set configuration 0: [747dc408-4358-429b-ab46-4dec55806d9b:192.168.5.161:37947], old=null at 0
2019-09-25 05:59:33,993 [747dc408-4358-429b-ab46-4dec55806d9b@group-9A4CDD8FCE1C-SegmentedRaftLogWorker] INFO  segmented.SegmentedRaftLogWorker (SegmentedRaftLogWorker.java:execute(569)) - 747dc408-4358-429b-ab46-4dec55806d9b@group-9A4CDD8FCE1C-SegmentedRaftLogWorker: created new log segment /workdir/hadoop-ozone/tools/target/test-dir/MiniOzoneClusterImpl-b88d8d95-70e9-47b8-bab6-e4df0797a5ce/datanode-3/data/ratis/50d664ce-cd51-4d5b-a9ef-9a4cdd8fce1c/current/log_inprogress_0
2019-09-25 05:59:34,019 [Thread-298] INFO  impl.FollowerState (FollowerState.java:run(106)) - 747dc408-4358-429b-ab46-4dec55806d9b:group-DA127A4503D5 changes to CANDIDATE, lastRpcTime:5027, electionTimeout:5027ms
2019-09-25 05:59:34,019 [Thread-298] INFO  impl.RoleInfo (RoleInfo.java:shutdownFollowerState(121)) - 747dc408-4358-429b-ab46-4dec55806d9b: shutdown FollowerState
2019-09-25 05:59:34,019 [Thread-298] INFO  impl.RaftServerImpl (RaftServerImpl.java:setRole(174)) - 747dc408-4358-429b-ab46-4dec55806d9b@group-DA127A4503D5: changes role from  FOLLOWER to CANDIDATE at term 0 for changeToCandidate
2019-09-25 05:59:34,019 [Thread-298] INFO  impl.RoleInfo (RoleInfo.java:updateAndGet(143)) - 747dc408-4358-429b-ab46-4dec55806d9b: start LeaderElection
2019-09-25 05:59:34,033 [747dc408-4358-429b-ab46-4dec55806d9b@group-DA127A4503D5:LeaderElection27] INFO  impl.LeaderElection (LeaderElection.java:askForVotes(182)) - 747dc408-4358-429b-ab46-4dec55806d9b@group-DA127A4503D5:LeaderElection27: begin an election at term 1 for -1: [747dc408-4358-429b-ab46-4dec55806d9b:192.168.5.161:37947], old=null
2019-09-25 05:59:34,034 [747dc408-4358-429b-ab46-4dec55806d9b@group-DA127A4503D5:LeaderElection27] INFO  impl.RoleInfo (RoleInfo.java:shutdownLeaderElection(134)) - 747dc408-4358-429b-ab46-4dec55806d9b: shutdown LeaderElection
2019-09-25 05:59:34,034 [747dc408-4358-429b-ab46-4dec55806d9b@group-DA127A4503D5:LeaderElection27] INFO  impl.RaftServerImpl (RaftServerImpl.java:setRole(174)) - 747dc408-4358-429b-ab46-4dec55806d9b@group-DA127A4503D5: changes role from CANDIDATE to LEADER at term 1 for changeToLeader
2019-09-25 05:59:34,034 [747dc408-4358-429b-ab46-4dec55806d9b@group-DA127A4503D5:LeaderElection27] INFO  impl.RaftServerImpl (ServerState.java:setLeader(253)) - 747dc408-4358-429b-ab46-4dec55806d9b@group-DA127A4503D5: change Leader from null to 747dc408-4358-429b-ab46-4dec55806d9b at term 1 for becomeLeader, leader elected after 5048ms
2019-09-25 05:59:34,034 [747dc408-4358-429b-ab46-4dec55806d9b@group-DA127A4503D5:LeaderElection27] INFO  server.RaftServerConfigKeys (ConfUtils.java:logGet(43)) - raft.server.staging.catchup.gap = 1000 (default)
2019-09-25 05:59:34,034 [747dc408-4358-429b-ab46-4dec55806d9b@group-DA127A4503D5:LeaderElection27] INFO  server.RaftServerConfigKeys (ConfUtils.java:logGet(43)) - raft.server.rpc.sleep.time = 25ms (default)
2019-09-25 05:59:34,034 [747dc408-4358-429b-ab46-4dec55806d9b@group-DA127A4503D5:LeaderElection27] INFO  server.RaftServerConfigKeys (ConfUtils.java:logGet(43)) - raft.server.write.element-limit = 4096 (default)
2019-09-25 05:59:34,034 [747dc408-4358-429b-ab46-4dec55806d9b@group-DA127A4503D5:LeaderElection27] INFO  server.RaftServerConfigKeys (ConfUtils.java:logGet(43)) - raft.server.watch.timeout = 10s (default)
2019-09-25 05:59:34,034 [747dc408-4358-429b-ab46-4dec55806d9b@group-DA127A4503D5:LeaderElection27] INFO  server.RaftServerConfigKeys (ConfUtils.java:logGet(43)) - raft.server.watch.timeout.denomination = 1s (default)
2019-09-25 05:59:34,035 [747dc408-4358-429b-ab46-4dec55806d9b@group-DA127A4503D5:LeaderElection27] INFO  server.RaftServerConfigKeys (ConfUtils.java:logGet(43)) - raft.server.watch.element-limit = 65536 (default)
2019-09-25 05:59:34,036 [747dc408-4358-429b-ab46-4dec55806d9b@group-DA127A4503D5:LeaderElection27] INFO  impl.RoleInfo (RoleInfo.java:updateAndGet(143)) - 747dc408-4358-429b-ab46-4dec55806d9b: start LeaderState
2019-09-25 05:59:34,037 [747dc408-4358-429b-ab46-4dec55806d9b@group-DA127A4503D5:LeaderElection27] INFO  segmented.SegmentedRaftLogWorker (SegmentedRaftLogWorker.java:startLogSegment(380)) - 747dc408-4358-429b-ab46-4dec55806d9b@group-DA127A4503D5-SegmentedRaftLogWorker: Starting segment from index:0
2019-09-25 05:59:34,037 [747dc408-4358-429b-ab46-4dec55806d9b@group-DA127A4503D5:LeaderElection27] INFO  impl.RaftServerImpl (ServerState.java:setRaftConf(354)) - 747dc408-4358-429b-ab46-4dec55806d9b@group-DA127A4503D5: set configuration 0: [747dc408-4358-429b-ab46-4dec55806d9b:192.168.5.161:37947], old=null at 0
2019-09-25 05:59:34,066 [Thread-295] INFO  impl.FollowerState (FollowerState.java:run(106)) - 747dc408-4358-429b-ab46-4dec55806d9b:group-3C27EC60B249 changes to CANDIDATE, lastRpcTime:5121, electionTimeout:5120ms
2019-09-25 05:59:34,066 [Thread-295] INFO  impl.RoleInfo (RoleInfo.java:shutdownFollowerState(121)) - 747dc408-4358-429b-ab46-4dec55806d9b: shutdown FollowerState
2019-09-25 05:59:34,066 [Thread-295] INFO  impl.RaftServerImpl (RaftServerImpl.java:setRole(174)) - 747dc408-4358-429b-ab46-4dec55806d9b@group-3C27EC60B249: changes role from  FOLLOWER to CANDIDATE at term 0 for changeToCandidate
2019-09-25 05:59:34,066 [Thread-295] INFO  impl.RoleInfo (RoleInfo.java:updateAndGet(143)) - 747dc408-4358-429b-ab46-4dec55806d9b: start LeaderElection
2019-09-25 05:59:34,078 [747dc408-4358-429b-ab46-4dec55806d9b@group-DA127A4503D5-SegmentedRaftLogWorker] INFO  segmented.SegmentedRaftLogWorker (SegmentedRaftLogWorker.java:execute(569)) - 747dc408-4358-429b-ab46-4dec55806d9b@group-DA127A4503D5-SegmentedRaftLogWorker: created new log segment /workdir/hadoop-ozone/tools/target/test-dir/MiniOzoneClusterImpl-b88d8d95-70e9-47b8-bab6-e4df0797a5ce/datanode-3/data/ratis/c8b4c51f-1718-4f31-8ead-da127a4503d5/current/log_inprogress_0
2019-09-25 05:59:34,079 [747dc408-4358-429b-ab46-4dec55806d9b@group-3C27EC60B249:LeaderElection28] INFO  impl.LeaderElection (LeaderElection.java:askForVotes(182)) - 747dc408-4358-429b-ab46-4dec55806d9b@group-3C27EC60B249:LeaderElection28: begin an election at term 1 for -1: [747dc408-4358-429b-ab46-4dec55806d9b:192.168.5.161:37947], old=null
2019-09-25 05:59:34,079 [747dc408-4358-429b-ab46-4dec55806d9b@group-3C27EC60B249:LeaderElection28] INFO  impl.RoleInfo (RoleInfo.java:shutdownLeaderElection(134)) - 747dc408-4358-429b-ab46-4dec55806d9b: shutdown LeaderElection
2019-09-25 05:59:34,079 [747dc408-4358-429b-ab46-4dec55806d9b@group-3C27EC60B249:LeaderElection28] INFO  impl.RaftServerImpl (RaftServerImpl.java:setRole(174)) - 747dc408-4358-429b-ab46-4dec55806d9b@group-3C27EC60B249: changes role from CANDIDATE to LEADER at term 1 for changeToLeader
2019-09-25 05:59:34,079 [747dc408-4358-429b-ab46-4dec55806d9b@group-3C27EC60B249:LeaderElection28] INFO  impl.RaftServerImpl (ServerState.java:setLeader(253)) - 747dc408-4358-429b-ab46-4dec55806d9b@group-3C27EC60B249: change Leader from null to 747dc408-4358-429b-ab46-4dec55806d9b at term 1 for becomeLeader, leader elected after 5140ms
2019-09-25 05:59:34,079 [747dc408-4358-429b-ab46-4dec55806d9b@group-3C27EC60B249:LeaderElection28] INFO  server.RaftServerConfigKeys (ConfUtils.java:logGet(43)) - raft.server.staging.catchup.gap = 1000 (default)
2019-09-25 05:59:34,079 [747dc408-4358-429b-ab46-4dec55806d9b@group-3C27EC60B249:LeaderElection28] INFO  server.RaftServerConfigKeys (ConfUtils.java:logGet(43)) - raft.server.rpc.sleep.time = 25ms (default)
2019-09-25 05:59:34,079 [747dc408-4358-429b-ab46-4dec55806d9b@group-3C27EC60B249:LeaderElection28] INFO  server.RaftServerConfigKeys (ConfUtils.java:logGet(43)) - raft.server.write.element-limit = 4096 (default)
2019-09-25 05:59:34,080 [747dc408-4358-429b-ab46-4dec55806d9b@group-3C27EC60B249:LeaderElection28] INFO  server.RaftServerConfigKeys (ConfUtils.java:logGet(43)) - raft.server.watch.timeout = 10s (default)
2019-09-25 05:59:34,080 [747dc408-4358-429b-ab46-4dec55806d9b@group-3C27EC60B249:LeaderElection28] INFO  server.RaftServerConfigKeys (ConfUtils.java:logGet(43)) - raft.server.watch.timeout.denomination = 1s (default)
2019-09-25 05:59:34,080 [747dc408-4358-429b-ab46-4dec55806d9b@group-3C27EC60B249:LeaderElection28] INFO  server.RaftServerConfigKeys (ConfUtils.java:logGet(43)) - raft.server.watch.element-limit = 65536 (default)
2019-09-25 05:59:34,082 [747dc408-4358-429b-ab46-4dec55806d9b@group-3C27EC60B249:LeaderElection28] INFO  impl.RoleInfo (RoleInfo.java:updateAndGet(143)) - 747dc408-4358-429b-ab46-4dec55806d9b: start LeaderState
2019-09-25 05:59:34,082 [747dc408-4358-429b-ab46-4dec55806d9b@group-3C27EC60B249:LeaderElection28] INFO  segmented.SegmentedRaftLogWorker (SegmentedRaftLogWorker.java:startLogSegment(380)) - 747dc408-4358-429b-ab46-4dec55806d9b@group-3C27EC60B249-SegmentedRaftLogWorker: Starting segment from index:0
2019-09-25 05:59:34,082 [747dc408-4358-429b-ab46-4dec55806d9b@group-3C27EC60B249:LeaderElection28] INFO  impl.RaftServerImpl (ServerState.java:setRaftConf(354)) - 747dc408-4358-429b-ab46-4dec55806d9b@group-3C27EC60B249: set configuration 0: [747dc408-4358-429b-ab46-4dec55806d9b:192.168.5.161:37947], old=null at 0
2019-09-25 05:59:34,128 [747dc408-4358-429b-ab46-4dec55806d9b@group-3C27EC60B249-SegmentedRaftLogWorker] INFO  segmented.SegmentedRaftLogWorker (SegmentedRaftLogWorker.java:execute(569)) - 747dc408-4358-429b-ab46-4dec55806d9b@group-3C27EC60B249-SegmentedRaftLogWorker: created new log segment /workdir/hadoop-ozone/tools/target/test-dir/MiniOzoneClusterImpl-b88d8d95-70e9-47b8-bab6-e4df0797a5ce/datanode-3/data/ratis/eda69709-a86b-4192-86ce-3c27ec60b249/current/log_inprogress_0
2019-09-25 05:59:34,201 [Thread-304] INFO  impl.FollowerState (FollowerState.java:run(106)) - 747dc408-4358-429b-ab46-4dec55806d9b:group-3E2274982B15 changes to CANDIDATE, lastRpcTime:5115, electionTimeout:5115ms
2019-09-25 05:59:34,201 [Thread-304] INFO  impl.RoleInfo (RoleInfo.java:shutdownFollowerState(121)) - 747dc408-4358-429b-ab46-4dec55806d9b: shutdown FollowerState
2019-09-25 05:59:34,201 [Thread-304] INFO  impl.RaftServerImpl (RaftServerImpl.java:setRole(174)) - 747dc408-4358-429b-ab46-4dec55806d9b@group-3E2274982B15: changes role from  FOLLOWER to CANDIDATE at term 0 for changeToCandidate
2019-09-25 05:59:34,201 [Thread-304] INFO  impl.RoleInfo (RoleInfo.java:updateAndGet(143)) - 747dc408-4358-429b-ab46-4dec55806d9b: start LeaderElection
2019-09-25 05:59:34,209 [Thread-301] INFO  impl.FollowerState (FollowerState.java:run(106)) - 747dc408-4358-429b-ab46-4dec55806d9b:group-E1358FB78787 changes to CANDIDATE, lastRpcTime:5170, electionTimeout:5170ms
2019-09-25 05:59:34,209 [Thread-301] INFO  impl.RoleInfo (RoleInfo.java:shutdownFollowerState(121)) - 747dc408-4358-429b-ab46-4dec55806d9b: shutdown FollowerState
2019-09-25 05:59:34,209 [Thread-301] INFO  impl.RaftServerImpl (RaftServerImpl.java:setRole(174)) - 747dc408-4358-429b-ab46-4dec55806d9b@group-E1358FB78787: changes role from  FOLLOWER to CANDIDATE at term 0 for changeToCandidate
2019-09-25 05:59:34,210 [Thread-301] INFO  impl.RoleInfo (RoleInfo.java:updateAndGet(143)) - 747dc408-4358-429b-ab46-4dec55806d9b: start LeaderElection
2019-09-25 05:59:34,250 [747dc408-4358-429b-ab46-4dec55806d9b@group-E1358FB78787:LeaderElection30] INFO  impl.LeaderElection (LeaderElection.java:askForVotes(182)) - 747dc408-4358-429b-ab46-4dec55806d9b@group-E1358FB78787:LeaderElection30: begin an election at term 1 for -1: [747dc408-4358-429b-ab46-4dec55806d9b:192.168.5.161:37947], old=null
2019-09-25 05:59:34,250 [747dc408-4358-429b-ab46-4dec55806d9b@group-3E2274982B15:LeaderElection29] INFO  impl.LeaderElection (LeaderElection.java:askForVotes(182)) - 747dc408-4358-429b-ab46-4dec55806d9b@group-3E2274982B15:LeaderElection29: begin an election at term 1 for -1: [747dc408-4358-429b-ab46-4dec55806d9b:192.168.5.161:37947], old=null
2019-09-25 05:59:34,251 [747dc408-4358-429b-ab46-4dec55806d9b@group-E1358FB78787:LeaderElection30] INFO  impl.RoleInfo (RoleInfo.java:shutdownLeaderElection(134)) - 747dc408-4358-429b-ab46-4dec55806d9b: shutdown LeaderElection
2019-09-25 05:59:34,251 [747dc408-4358-429b-ab46-4dec55806d9b@group-3E2274982B15:LeaderElection29] INFO  impl.RoleInfo (RoleInfo.java:shutdownLeaderElection(134)) - 747dc408-4358-429b-ab46-4dec55806d9b: shutdown LeaderElection
2019-09-25 05:59:34,251 [747dc408-4358-429b-ab46-4dec55806d9b@group-E1358FB78787:LeaderElection30] INFO  impl.RaftServerImpl (RaftServerImpl.java:setRole(174)) - 747dc408-4358-429b-ab46-4dec55806d9b@group-E1358FB78787: changes role from CANDIDATE to LEADER at term 1 for changeToLeader
2019-09-25 05:59:34,251 [747dc408-4358-429b-ab46-4dec55806d9b@group-3E2274982B15:LeaderElection29] INFO  impl.RaftServerImpl (RaftServerImpl.java:setRole(174)) - 747dc408-4358-429b-ab46-4dec55806d9b@group-3E2274982B15: changes role from CANDIDATE to LEADER at term 1 for changeToLeader
2019-09-25 05:59:34,251 [747dc408-4358-429b-ab46-4dec55806d9b@group-E1358FB78787:LeaderElection30] INFO  impl.RaftServerImpl (ServerState.java:setLeader(253)) - 747dc408-4358-429b-ab46-4dec55806d9b@group-E1358FB78787: change Leader from null to 747dc408-4358-429b-ab46-4dec55806d9b at term 1 for becomeLeader, leader elected after 5218ms
2019-09-25 05:59:34,251 [747dc408-4358-429b-ab46-4dec55806d9b@group-3E2274982B15:LeaderElection29] INFO  impl.RaftServerImpl (ServerState.java:setLeader(253)) - 747dc408-4358-429b-ab46-4dec55806d9b@group-3E2274982B15: change Leader from null to 747dc408-4358-429b-ab46-4dec55806d9b at term 1 for becomeLeader, leader elected after 5171ms
2019-09-25 05:59:34,251 [747dc408-4358-429b-ab46-4dec55806d9b@group-E1358FB78787:LeaderElection30] INFO  server.RaftServerConfigKeys (ConfUtils.java:logGet(43)) - raft.server.staging.catchup.gap = 1000 (default)
2019-09-25 05:59:34,251 [747dc408-4358-429b-ab46-4dec55806d9b@group-3E2274982B15:LeaderElection29] INFO  server.RaftServerConfigKeys (ConfUtils.java:logGet(43)) - raft.server.staging.catchup.gap = 1000 (default)
2019-09-25 05:59:34,252 [747dc408-4358-429b-ab46-4dec55806d9b@group-E1358FB78787:LeaderElection30] INFO  server.RaftServerConfigKeys (ConfUtils.java:logGet(43)) - raft.server.rpc.sleep.time = 25ms (default)
2019-09-25 05:59:34,252 [747dc408-4358-429b-ab46-4dec55806d9b@group-3E2274982B15:LeaderElection29] INFO  server.RaftServerConfigKeys (ConfUtils.java:logGet(43)) - raft.server.rpc.sleep.time = 25ms (default)
2019-09-25 05:59:34,252 [747dc408-4358-429b-ab46-4dec55806d9b@group-E1358FB78787:LeaderElection30] INFO  server.RaftServerConfigKeys (ConfUtils.java:logGet(43)) - raft.server.write.element-limit = 4096 (default)
2019-09-25 05:59:34,252 [747dc408-4358-429b-ab46-4dec55806d9b@group-3E2274982B15:LeaderElection29] INFO  server.RaftServerConfigKeys (ConfUtils.java:logGet(43)) - raft.server.write.element-limit = 4096 (default)
2019-09-25 05:59:34,252 [747dc408-4358-429b-ab46-4dec55806d9b@group-E1358FB78787:LeaderElection30] INFO  server.RaftServerConfigKeys (ConfUtils.java:logGet(43)) - raft.server.watch.timeout = 10s (default)
2019-09-25 05:59:34,252 [747dc408-4358-429b-ab46-4dec55806d9b@group-3E2274982B15:LeaderElection29] INFO  server.RaftServerConfigKeys (ConfUtils.java:logGet(43)) - raft.server.watch.timeout = 10s (default)
2019-09-25 05:59:34,252 [747dc408-4358-429b-ab46-4dec55806d9b@group-E1358FB78787:LeaderElection30] INFO  server.RaftServerConfigKeys (ConfUtils.java:logGet(43)) - raft.server.watch.timeout.denomination = 1s (default)
2019-09-25 05:59:34,252 [747dc408-4358-429b-ab46-4dec55806d9b@group-3E2274982B15:LeaderElection29] INFO  server.RaftServerConfigKeys (ConfUtils.java:logGet(43)) - raft.server.watch.timeout.denomination = 1s (default)
2019-09-25 05:59:34,253 [747dc408-4358-429b-ab46-4dec55806d9b@group-E1358FB78787:LeaderElection30] INFO  server.RaftServerConfigKeys (ConfUtils.java:logGet(43)) - raft.server.watch.element-limit = 65536 (default)
2019-09-25 05:59:34,253 [747dc408-4358-429b-ab46-4dec55806d9b@group-3E2274982B15:LeaderElection29] INFO  server.RaftServerConfigKeys (ConfUtils.java:logGet(43)) - raft.server.watch.element-limit = 65536 (default)
2019-09-25 05:59:34,256 [747dc408-4358-429b-ab46-4dec55806d9b@group-E1358FB78787:LeaderElection30] INFO  impl.RoleInfo (RoleInfo.java:updateAndGet(143)) - 747dc408-4358-429b-ab46-4dec55806d9b: start LeaderState
2019-09-25 05:59:34,256 [747dc408-4358-429b-ab46-4dec55806d9b@group-3E2274982B15:LeaderElection29] INFO  impl.RoleInfo (RoleInfo.java:updateAndGet(143)) - 747dc408-4358-429b-ab46-4dec55806d9b: start LeaderState
2019-09-25 05:59:34,256 [747dc408-4358-429b-ab46-4dec55806d9b@group-E1358FB78787:LeaderElection30] INFO  segmented.SegmentedRaftLogWorker (SegmentedRaftLogWorker.java:startLogSegment(380)) - 747dc408-4358-429b-ab46-4dec55806d9b@group-E1358FB78787-SegmentedRaftLogWorker: Starting segment from index:0
2019-09-25 05:59:34,256 [747dc408-4358-429b-ab46-4dec55806d9b@group-3E2274982B15:LeaderElection29] INFO  segmented.SegmentedRaftLogWorker (SegmentedRaftLogWorker.java:startLogSegment(380)) - 747dc408-4358-429b-ab46-4dec55806d9b@group-3E2274982B15-SegmentedRaftLogWorker: Starting segment from index:0
2019-09-25 05:59:34,257 [747dc408-4358-429b-ab46-4dec55806d9b@group-E1358FB78787:LeaderElection30] INFO  impl.RaftServerImpl (ServerState.java:setRaftConf(354)) - 747dc408-4358-429b-ab46-4dec55806d9b@group-E1358FB78787: set configuration 0: [747dc408-4358-429b-ab46-4dec55806d9b:192.168.5.161:37947], old=null at 0
2019-09-25 05:59:34,294 [747dc408-4358-429b-ab46-4dec55806d9b@group-3E2274982B15:LeaderElection29] INFO  impl.RaftServerImpl (ServerState.java:setRaftConf(354)) - 747dc408-4358-429b-ab46-4dec55806d9b@group-3E2274982B15: set configuration 0: [747dc408-4358-429b-ab46-4dec55806d9b:192.168.5.161:37947], old=null at 0
2019-09-25 05:59:34,333 [747dc408-4358-429b-ab46-4dec55806d9b@group-E1358FB78787-SegmentedRaftLogWorker] INFO  segmented.SegmentedRaftLogWorker (SegmentedRaftLogWorker.java:execute(569)) - 747dc408-4358-429b-ab46-4dec55806d9b@group-E1358FB78787-SegmentedRaftLogWorker: created new log segment /workdir/hadoop-ozone/tools/target/test-dir/MiniOzoneClusterImpl-b88d8d95-70e9-47b8-bab6-e4df0797a5ce/datanode-3/data/ratis/09922828-2f95-42e4-8200-e1358fb78787/current/log_inprogress_0
2019-09-25 05:59:34,346 [747dc408-4358-429b-ab46-4dec55806d9b@group-3E2274982B15-SegmentedRaftLogWorker] INFO  segmented.SegmentedRaftLogWorker (SegmentedRaftLogWorker.java:execute(569)) - 747dc408-4358-429b-ab46-4dec55806d9b@group-3E2274982B15-SegmentedRaftLogWorker: created new log segment /workdir/hadoop-ozone/tools/target/test-dir/MiniOzoneClusterImpl-b88d8d95-70e9-47b8-bab6-e4df0797a5ce/datanode-3/data/ratis/df322436-b94d-44fe-9a56-3e2274982b15/current/log_inprogress_0
]]></system-out>
    <system-err><![CDATA[ERROR StatusLogger No Log4j 2 configuration file found. Using default configuration (logging only errors to the console), or user programmatically provided configurations. Set system property 'log4j2.debug' to show Log4j 2 internal initialization logging. See https://logging.apache.org/log4j/2.x/manual/configuration.html for instructions on how to configure Log4j 2
]]></system-err>
  </testcase>
  <testcase name="standaloneTestLargeKey" classname="org.apache.hadoop.ozone.freon.TestDataValidateWithSafeByteOperations" time="10.127">
    <error message="Allocated 0 blocks. Requested 5 blocks" type="INTERNAL_ERROR org.apache.hadoop.ozone.om.exceptions.OMException">INTERNAL_ERROR org.apache.hadoop.ozone.om.exceptions.OMException: Allocated 0 blocks. Requested 5 blocks
	at org.apache.hadoop.ozone.om.protocolPB.OzoneManagerProtocolClientSideTranslatorPB.handleError(OzoneManagerProtocolClientSideTranslatorPB.java:732)
	at org.apache.hadoop.ozone.om.protocolPB.OzoneManagerProtocolClientSideTranslatorPB.openKey(OzoneManagerProtocolClientSideTranslatorPB.java:723)
	at sun.reflect.NativeMethodAccessorImpl.invoke0(Native Method)
	at sun.reflect.NativeMethodAccessorImpl.invoke(NativeMethodAccessorImpl.java:62)
	at sun.reflect.DelegatingMethodAccessorImpl.invoke(DelegatingMethodAccessorImpl.java:43)
	at java.lang.reflect.Method.invoke(Method.java:498)
	at org.apache.hadoop.hdds.tracing.TraceAllMethod.invoke(TraceAllMethod.java:66)
	at com.sun.proxy.$Proxy37.openKey(Unknown Source)
	at org.apache.hadoop.ozone.client.rpc.RpcClient.createKey(RpcClient.java:614)
	at org.apache.hadoop.ozone.client.OzoneBucket.createKey(OzoneBucket.java:325)
	at org.apache.hadoop.ozone.freon.RandomKeyGenerator.createKey(RandomKeyGenerator.java:695)
	at org.apache.hadoop.ozone.freon.RandomKeyGenerator.access$1100(RandomKeyGenerator.java:88)
	at org.apache.hadoop.ozone.freon.RandomKeyGenerator$ObjectCreator.run(RandomKeyGenerator.java:615)
	at java.util.concurrent.Executors$RunnableAdapter.call(Executors.java:511)
	at java.util.concurrent.FutureTask.run(FutureTask.java:266)
	at java.util.concurrent.ThreadPoolExecutor.runWorker(ThreadPoolExecutor.java:1149)
	at java.util.concurrent.ThreadPoolExecutor$Worker.run(ThreadPoolExecutor.java:624)
	at java.lang.Thread.run(Thread.java:748)
</error>
    <system-out><![CDATA[2019-09-25 05:59:37,773 [main] INFO  freon.RandomKeyGenerator (RandomKeyGenerator.java:call(283)) - Number of Threads: 10
2019-09-25 05:59:37,773 [main] INFO  freon.RandomKeyGenerator (RandomKeyGenerator.java:call(288)) - Number of Volumes: 1.
2019-09-25 05:59:37,773 [main] INFO  freon.RandomKeyGenerator (RandomKeyGenerator.java:call(289)) - Number of Buckets per Volume: 1.
2019-09-25 05:59:37,773 [main] INFO  freon.RandomKeyGenerator (RandomKeyGenerator.java:call(290)) - Number of Keys per Bucket: 1.
2019-09-25 05:59:37,773 [main] INFO  freon.RandomKeyGenerator (RandomKeyGenerator.java:call(291)) - Key size: 20971520 bytes
2019-09-25 05:59:37,774 [main] INFO  freon.RandomKeyGenerator (RandomKeyGenerator.java:call(292)) - Buffer size: 4096 bytes
2019-09-25 05:59:37,774 [main] INFO  freon.RandomKeyGenerator (RandomKeyGenerator.java:call(293)) - validateWrites : true
2019-09-25 05:59:37,775 [pool-74-thread-1] INFO  rpc.RpcClient (RpcClient.java:createVolume(276)) - Creating Volume: vol-0-03150, with jenkins1000 as owner.
2019-09-25 05:59:37,775 [main] INFO  freon.RandomKeyGenerator (RandomKeyGenerator.java:call(307)) - Data validation is enabled.
2019-09-25 05:59:37,778 [main] INFO  freon.RandomKeyGenerator (RandomKeyGenerator.java:call(313)) - Starting progress bar Thread.

 0.00% |█                                                                                                    |  0/1 Time: 0:00:002019-09-25 05:59:37,780 [IPC Server handler 4 on 46149] INFO  volume.OMVolumeCreateRequest (OMVolumeCreateRequest.java:validateAndUpdateCache(189)) - created volume:vol-0-03150 for user:jenkins1000
2019-09-25 05:59:37,798 [pool-74-thread-2] INFO  rpc.RpcClient (RpcClient.java:createBucket(415)) - Creating Bucket: vol-0-03150/bucket-0-31288, with Versioning false and Storage Type set to DISK and Encryption set to false 
2019-09-25 05:59:37,812 [IPC Server handler 0 on 42227] INFO  pipeline.PipelinePlacementPolicy (PipelinePlacementPolicy.java:meetCriteria(91)) - Pipeline Placement: can't place more pipeline on heavy datanode： dcfa33bc-9001-4365-ad5d-758174e05f4c Heaviness: 6 limit: 5
2019-09-25 05:59:37,812 [IPC Server handler 0 on 42227] INFO  pipeline.PipelinePlacementPolicy (PipelinePlacementPolicy.java:meetCriteria(91)) - Pipeline Placement: can't place more pipeline on heavy datanode： a70ebb95-9827-4ee9-872e-51470ad9f886 Heaviness: 6 limit: 5
2019-09-25 05:59:37,812 [IPC Server handler 0 on 42227] INFO  pipeline.PipelinePlacementPolicy (PipelinePlacementPolicy.java:meetCriteria(91)) - Pipeline Placement: can't place more pipeline on heavy datanode： f8d3684d-44eb-42fd-8c21-2b8ad1aff988 Heaviness: 6 limit: 5
2019-09-25 05:59:37,812 [IPC Server handler 0 on 42227] INFO  pipeline.PipelinePlacementPolicy (PipelinePlacementPolicy.java:meetCriteria(91)) - Pipeline Placement: can't place more pipeline on heavy datanode： 327d7864-9593-4c84-9c3b-d4b21327d735 Heaviness: 6 limit: 5
2019-09-25 05:59:37,813 [IPC Server handler 0 on 42227] INFO  pipeline.PipelinePlacementPolicy (PipelinePlacementPolicy.java:meetCriteria(91)) - Pipeline Placement: can't place more pipeline on heavy datanode： 747dc408-4358-429b-ab46-4dec55806d9b Heaviness: 6 limit: 5
2019-09-25 05:59:37,813 [IPC Server handler 0 on 42227] ERROR pipeline.PipelinePlacementPolicy (PipelinePlacementPolicy.java:filterViableNodes(148)) - Unable to find enough nodes that meet the criteria that cannot engage in more than 5 pipelines. Nodes required: 3 Found: 0, healthy nodes count inNodeManager: 5.
2019-09-25 05:59:37,813 [IPC Server handler 0 on 42227] ERROR pipeline.SCMPipelineManager (SCMPipelineManager.java:createPipeline(167)) - Pipeline creation failed.
org.apache.hadoop.hdds.scm.exceptions.SCMException: Unable to find enough nodes that meet the criteria that cannot engage in more than 5 pipelines. Nodes required: 3 Found: 0, healthy nodes count inNodeManager: 5.
	at org.apache.hadoop.hdds.scm.pipeline.PipelinePlacementPolicy.filterViableNodes(PipelinePlacementPolicy.java:149)
	at org.apache.hadoop.hdds.scm.pipeline.PipelinePlacementPolicy.chooseDatanodes(PipelinePlacementPolicy.java:172)
	at org.apache.hadoop.hdds.scm.pipeline.RatisPipelineProvider.create(RatisPipelineProvider.java:93)
	at org.apache.hadoop.hdds.scm.pipeline.PipelineFactory.create(PipelineFactory.java:58)
	at org.apache.hadoop.hdds.scm.pipeline.SCMPipelineManager.createPipeline(SCMPipelineManager.java:155)
	at org.apache.hadoop.hdds.scm.block.BlockManagerImpl.allocateBlock(BlockManagerImpl.java:190)
	at org.apache.hadoop.hdds.scm.server.SCMBlockProtocolServer.allocateBlock(SCMBlockProtocolServer.java:182)
	at org.apache.hadoop.ozone.protocolPB.ScmBlockLocationProtocolServerSideTranslatorPB.allocateScmBlock(ScmBlockLocationProtocolServerSideTranslatorPB.java:183)
	at org.apache.hadoop.ozone.protocolPB.ScmBlockLocationProtocolServerSideTranslatorPB.processMessage(ScmBlockLocationProtocolServerSideTranslatorPB.java:141)
	at org.apache.hadoop.ozone.protocolPB.ScmBlockLocationProtocolServerSideTranslatorPB.send(ScmBlockLocationProtocolServerSideTranslatorPB.java:116)
	at org.apache.hadoop.hdds.protocol.proto.ScmBlockLocationProtocolProtos$ScmBlockLocationProtocolService$2.callBlockingMethod(ScmBlockLocationProtocolProtos.java:13157)
	at org.apache.hadoop.ipc.ProtobufRpcEngine$Server$ProtoBufRpcInvoker.call(ProtobufRpcEngine.java:524)
	at org.apache.hadoop.ipc.RPC$Server.call(RPC.java:1025)
	at org.apache.hadoop.ipc.Server$RpcCall.run(Server.java:876)
	at org.apache.hadoop.ipc.Server$RpcCall.run(Server.java:822)
	at java.security.AccessController.doPrivileged(Native Method)
	at javax.security.auth.Subject.doAs(Subject.java:422)
	at org.apache.hadoop.security.UserGroupInformation.doAs(UserGroupInformation.java:1730)
	at org.apache.hadoop.ipc.Server$Handler.run(Server.java:2682)
2019-09-25 05:59:37,814 [IPC Server handler 0 on 42227] WARN  block.BlockManagerImpl (BlockManagerImpl.java:allocateBlock(192)) - Pipeline creation failed for type:RATIS factor:THREE. Retrying get pipelines call once.
org.apache.hadoop.hdds.scm.exceptions.SCMException: Unable to find enough nodes that meet the criteria that cannot engage in more than 5 pipelines. Nodes required: 3 Found: 0, healthy nodes count inNodeManager: 5.
	at org.apache.hadoop.hdds.scm.pipeline.PipelinePlacementPolicy.filterViableNodes(PipelinePlacementPolicy.java:149)
	at org.apache.hadoop.hdds.scm.pipeline.PipelinePlacementPolicy.chooseDatanodes(PipelinePlacementPolicy.java:172)
	at org.apache.hadoop.hdds.scm.pipeline.RatisPipelineProvider.create(RatisPipelineProvider.java:93)
	at org.apache.hadoop.hdds.scm.pipeline.PipelineFactory.create(PipelineFactory.java:58)
	at org.apache.hadoop.hdds.scm.pipeline.SCMPipelineManager.createPipeline(SCMPipelineManager.java:155)
	at org.apache.hadoop.hdds.scm.block.BlockManagerImpl.allocateBlock(BlockManagerImpl.java:190)
	at org.apache.hadoop.hdds.scm.server.SCMBlockProtocolServer.allocateBlock(SCMBlockProtocolServer.java:182)
	at org.apache.hadoop.ozone.protocolPB.ScmBlockLocationProtocolServerSideTranslatorPB.allocateScmBlock(ScmBlockLocationProtocolServerSideTranslatorPB.java:183)
	at org.apache.hadoop.ozone.protocolPB.ScmBlockLocationProtocolServerSideTranslatorPB.processMessage(ScmBlockLocationProtocolServerSideTranslatorPB.java:141)
	at org.apache.hadoop.ozone.protocolPB.ScmBlockLocationProtocolServerSideTranslatorPB.send(ScmBlockLocationProtocolServerSideTranslatorPB.java:116)
	at org.apache.hadoop.hdds.protocol.proto.ScmBlockLocationProtocolProtos$ScmBlockLocationProtocolService$2.callBlockingMethod(ScmBlockLocationProtocolProtos.java:13157)
	at org.apache.hadoop.ipc.ProtobufRpcEngine$Server$ProtoBufRpcInvoker.call(ProtobufRpcEngine.java:524)
	at org.apache.hadoop.ipc.RPC$Server.call(RPC.java:1025)
	at org.apache.hadoop.ipc.Server$RpcCall.run(Server.java:876)
	at org.apache.hadoop.ipc.Server$RpcCall.run(Server.java:822)
	at java.security.AccessController.doPrivileged(Native Method)
	at javax.security.auth.Subject.doAs(Subject.java:422)
	at org.apache.hadoop.security.UserGroupInformation.doAs(UserGroupInformation.java:1730)
	at org.apache.hadoop.ipc.Server$Handler.run(Server.java:2682)
2019-09-25 05:59:37,814 [IPC Server handler 0 on 42227] INFO  block.BlockManagerImpl (BlockManagerImpl.java:allocateBlock(198)) - Could not find available pipeline of type:RATIS and factor:THREE even after retrying
2019-09-25 05:59:37,814 [IPC Server handler 0 on 42227] ERROR block.BlockManagerImpl (BlockManagerImpl.java:allocateBlock(222)) - Unable to allocate a block for the size: 4194304, type: RATIS, factor: THREE
2019-09-25 05:59:37,814 [IPC Server handler 0 on 42227] INFO  pipeline.PipelinePlacementPolicy (PipelinePlacementPolicy.java:meetCriteria(91)) - Pipeline Placement: can't place more pipeline on heavy datanode： dcfa33bc-9001-4365-ad5d-758174e05f4c Heaviness: 6 limit: 5
2019-09-25 05:59:37,814 [IPC Server handler 0 on 42227] INFO  pipeline.PipelinePlacementPolicy (PipelinePlacementPolicy.java:meetCriteria(91)) - Pipeline Placement: can't place more pipeline on heavy datanode： a70ebb95-9827-4ee9-872e-51470ad9f886 Heaviness: 6 limit: 5
2019-09-25 05:59:37,815 [IPC Server handler 0 on 42227] INFO  pipeline.PipelinePlacementPolicy (PipelinePlacementPolicy.java:meetCriteria(91)) - Pipeline Placement: can't place more pipeline on heavy datanode： f8d3684d-44eb-42fd-8c21-2b8ad1aff988 Heaviness: 6 limit: 5
2019-09-25 05:59:37,815 [IPC Server handler 0 on 42227] INFO  pipeline.PipelinePlacementPolicy (PipelinePlacementPolicy.java:meetCriteria(91)) - Pipeline Placement: can't place more pipeline on heavy datanode： 327d7864-9593-4c84-9c3b-d4b21327d735 Heaviness: 6 limit: 5
2019-09-25 05:59:37,815 [IPC Server handler 0 on 42227] INFO  pipeline.PipelinePlacementPolicy (PipelinePlacementPolicy.java:meetCriteria(91)) - Pipeline Placement: can't place more pipeline on heavy datanode： 747dc408-4358-429b-ab46-4dec55806d9b Heaviness: 6 limit: 5
2019-09-25 05:59:37,815 [IPC Server handler 0 on 42227] ERROR pipeline.PipelinePlacementPolicy (PipelinePlacementPolicy.java:filterViableNodes(148)) - Unable to find enough nodes that meet the criteria that cannot engage in more than 5 pipelines. Nodes required: 3 Found: 0, healthy nodes count inNodeManager: 5.
2019-09-25 05:59:37,815 [IPC Server handler 0 on 42227] ERROR pipeline.SCMPipelineManager (SCMPipelineManager.java:createPipeline(167)) - Pipeline creation failed.
org.apache.hadoop.hdds.scm.exceptions.SCMException: Unable to find enough nodes that meet the criteria that cannot engage in more than 5 pipelines. Nodes required: 3 Found: 0, healthy nodes count inNodeManager: 5.
	at org.apache.hadoop.hdds.scm.pipeline.PipelinePlacementPolicy.filterViableNodes(PipelinePlacementPolicy.java:149)
	at org.apache.hadoop.hdds.scm.pipeline.PipelinePlacementPolicy.chooseDatanodes(PipelinePlacementPolicy.java:172)
	at org.apache.hadoop.hdds.scm.pipeline.RatisPipelineProvider.create(RatisPipelineProvider.java:93)
	at org.apache.hadoop.hdds.scm.pipeline.PipelineFactory.create(PipelineFactory.java:58)
	at org.apache.hadoop.hdds.scm.pipeline.SCMPipelineManager.createPipeline(SCMPipelineManager.java:155)
	at org.apache.hadoop.hdds.scm.block.BlockManagerImpl.allocateBlock(BlockManagerImpl.java:190)
	at org.apache.hadoop.hdds.scm.server.SCMBlockProtocolServer.allocateBlock(SCMBlockProtocolServer.java:182)
	at org.apache.hadoop.ozone.protocolPB.ScmBlockLocationProtocolServerSideTranslatorPB.allocateScmBlock(ScmBlockLocationProtocolServerSideTranslatorPB.java:183)
	at org.apache.hadoop.ozone.protocolPB.ScmBlockLocationProtocolServerSideTranslatorPB.processMessage(ScmBlockLocationProtocolServerSideTranslatorPB.java:141)
	at org.apache.hadoop.ozone.protocolPB.ScmBlockLocationProtocolServerSideTranslatorPB.send(ScmBlockLocationProtocolServerSideTranslatorPB.java:116)
	at org.apache.hadoop.hdds.protocol.proto.ScmBlockLocationProtocolProtos$ScmBlockLocationProtocolService$2.callBlockingMethod(ScmBlockLocationProtocolProtos.java:13157)
	at org.apache.hadoop.ipc.ProtobufRpcEngine$Server$ProtoBufRpcInvoker.call(ProtobufRpcEngine.java:524)
	at org.apache.hadoop.ipc.RPC$Server.call(RPC.java:1025)
	at org.apache.hadoop.ipc.Server$RpcCall.run(Server.java:876)
	at org.apache.hadoop.ipc.Server$RpcCall.run(Server.java:822)
	at java.security.AccessController.doPrivileged(Native Method)
	at javax.security.auth.Subject.doAs(Subject.java:422)
	at org.apache.hadoop.security.UserGroupInformation.doAs(UserGroupInformation.java:1730)
	at org.apache.hadoop.ipc.Server$Handler.run(Server.java:2682)
2019-09-25 05:59:37,816 [IPC Server handler 0 on 42227] WARN  block.BlockManagerImpl (BlockManagerImpl.java:allocateBlock(192)) - Pipeline creation failed for type:RATIS factor:THREE. Retrying get pipelines call once.
org.apache.hadoop.hdds.scm.exceptions.SCMException: Unable to find enough nodes that meet the criteria that cannot engage in more than 5 pipelines. Nodes required: 3 Found: 0, healthy nodes count inNodeManager: 5.
	at org.apache.hadoop.hdds.scm.pipeline.PipelinePlacementPolicy.filterViableNodes(PipelinePlacementPolicy.java:149)
	at org.apache.hadoop.hdds.scm.pipeline.PipelinePlacementPolicy.chooseDatanodes(PipelinePlacementPolicy.java:172)
	at org.apache.hadoop.hdds.scm.pipeline.RatisPipelineProvider.create(RatisPipelineProvider.java:93)
	at org.apache.hadoop.hdds.scm.pipeline.PipelineFactory.create(PipelineFactory.java:58)
	at org.apache.hadoop.hdds.scm.pipeline.SCMPipelineManager.createPipeline(SCMPipelineManager.java:155)
	at org.apache.hadoop.hdds.scm.block.BlockManagerImpl.allocateBlock(BlockManagerImpl.java:190)
	at org.apache.hadoop.hdds.scm.server.SCMBlockProtocolServer.allocateBlock(SCMBlockProtocolServer.java:182)
	at org.apache.hadoop.ozone.protocolPB.ScmBlockLocationProtocolServerSideTranslatorPB.allocateScmBlock(ScmBlockLocationProtocolServerSideTranslatorPB.java:183)
	at org.apache.hadoop.ozone.protocolPB.ScmBlockLocationProtocolServerSideTranslatorPB.processMessage(ScmBlockLocationProtocolServerSideTranslatorPB.java:141)
	at org.apache.hadoop.ozone.protocolPB.ScmBlockLocationProtocolServerSideTranslatorPB.send(ScmBlockLocationProtocolServerSideTranslatorPB.java:116)
	at org.apache.hadoop.hdds.protocol.proto.ScmBlockLocationProtocolProtos$ScmBlockLocationProtocolService$2.callBlockingMethod(ScmBlockLocationProtocolProtos.java:13157)
	at org.apache.hadoop.ipc.ProtobufRpcEngine$Server$ProtoBufRpcInvoker.call(ProtobufRpcEngine.java:524)
	at org.apache.hadoop.ipc.RPC$Server.call(RPC.java:1025)
	at org.apache.hadoop.ipc.Server$RpcCall.run(Server.java:876)
	at org.apache.hadoop.ipc.Server$RpcCall.run(Server.java:822)
	at java.security.AccessController.doPrivileged(Native Method)
	at javax.security.auth.Subject.doAs(Subject.java:422)
	at org.apache.hadoop.security.UserGroupInformation.doAs(UserGroupInformation.java:1730)
	at org.apache.hadoop.ipc.Server$Handler.run(Server.java:2682)
2019-09-25 05:59:37,816 [IPC Server handler 0 on 42227] INFO  block.BlockManagerImpl (BlockManagerImpl.java:allocateBlock(198)) - Could not find available pipeline of type:RATIS and factor:THREE even after retrying
2019-09-25 05:59:37,816 [IPC Server handler 0 on 42227] ERROR block.BlockManagerImpl (BlockManagerImpl.java:allocateBlock(222)) - Unable to allocate a block for the size: 4194304, type: RATIS, factor: THREE
2019-09-25 05:59:37,816 [IPC Server handler 0 on 42227] INFO  pipeline.PipelinePlacementPolicy (PipelinePlacementPolicy.java:meetCriteria(91)) - Pipeline Placement: can't place more pipeline on heavy datanode： dcfa33bc-9001-4365-ad5d-758174e05f4c Heaviness: 6 limit: 5
2019-09-25 05:59:37,816 [IPC Server handler 0 on 42227] INFO  pipeline.PipelinePlacementPolicy (PipelinePlacementPolicy.java:meetCriteria(91)) - Pipeline Placement: can't place more pipeline on heavy datanode： a70ebb95-9827-4ee9-872e-51470ad9f886 Heaviness: 6 limit: 5
2019-09-25 05:59:37,817 [IPC Server handler 0 on 42227] INFO  pipeline.PipelinePlacementPolicy (PipelinePlacementPolicy.java:meetCriteria(91)) - Pipeline Placement: can't place more pipeline on heavy datanode： f8d3684d-44eb-42fd-8c21-2b8ad1aff988 Heaviness: 6 limit: 5
2019-09-25 05:59:37,817 [IPC Server handler 0 on 42227] INFO  pipeline.PipelinePlacementPolicy (PipelinePlacementPolicy.java:meetCriteria(91)) - Pipeline Placement: can't place more pipeline on heavy datanode： 327d7864-9593-4c84-9c3b-d4b21327d735 Heaviness: 6 limit: 5
2019-09-25 05:59:37,817 [IPC Server handler 0 on 42227] INFO  pipeline.PipelinePlacementPolicy (PipelinePlacementPolicy.java:meetCriteria(91)) - Pipeline Placement: can't place more pipeline on heavy datanode： 747dc408-4358-429b-ab46-4dec55806d9b Heaviness: 6 limit: 5
2019-09-25 05:59:37,817 [IPC Server handler 0 on 42227] ERROR pipeline.PipelinePlacementPolicy (PipelinePlacementPolicy.java:filterViableNodes(148)) - Unable to find enough nodes that meet the criteria that cannot engage in more than 5 pipelines. Nodes required: 3 Found: 0, healthy nodes count inNodeManager: 5.
2019-09-25 05:59:37,817 [IPC Server handler 0 on 42227] ERROR pipeline.SCMPipelineManager (SCMPipelineManager.java:createPipeline(167)) - Pipeline creation failed.
org.apache.hadoop.hdds.scm.exceptions.SCMException: Unable to find enough nodes that meet the criteria that cannot engage in more than 5 pipelines. Nodes required: 3 Found: 0, healthy nodes count inNodeManager: 5.
	at org.apache.hadoop.hdds.scm.pipeline.PipelinePlacementPolicy.filterViableNodes(PipelinePlacementPolicy.java:149)
	at org.apache.hadoop.hdds.scm.pipeline.PipelinePlacementPolicy.chooseDatanodes(PipelinePlacementPolicy.java:172)
	at org.apache.hadoop.hdds.scm.pipeline.RatisPipelineProvider.create(RatisPipelineProvider.java:93)
	at org.apache.hadoop.hdds.scm.pipeline.PipelineFactory.create(PipelineFactory.java:58)
	at org.apache.hadoop.hdds.scm.pipeline.SCMPipelineManager.createPipeline(SCMPipelineManager.java:155)
	at org.apache.hadoop.hdds.scm.block.BlockManagerImpl.allocateBlock(BlockManagerImpl.java:190)
	at org.apache.hadoop.hdds.scm.server.SCMBlockProtocolServer.allocateBlock(SCMBlockProtocolServer.java:182)
	at org.apache.hadoop.ozone.protocolPB.ScmBlockLocationProtocolServerSideTranslatorPB.allocateScmBlock(ScmBlockLocationProtocolServerSideTranslatorPB.java:183)
	at org.apache.hadoop.ozone.protocolPB.ScmBlockLocationProtocolServerSideTranslatorPB.processMessage(ScmBlockLocationProtocolServerSideTranslatorPB.java:141)
	at org.apache.hadoop.ozone.protocolPB.ScmBlockLocationProtocolServerSideTranslatorPB.send(ScmBlockLocationProtocolServerSideTranslatorPB.java:116)
	at org.apache.hadoop.hdds.protocol.proto.ScmBlockLocationProtocolProtos$ScmBlockLocationProtocolService$2.callBlockingMethod(ScmBlockLocationProtocolProtos.java:13157)
	at org.apache.hadoop.ipc.ProtobufRpcEngine$Server$ProtoBufRpcInvoker.call(ProtobufRpcEngine.java:524)
	at org.apache.hadoop.ipc.RPC$Server.call(RPC.java:1025)
	at org.apache.hadoop.ipc.Server$RpcCall.run(Server.java:876)
	at org.apache.hadoop.ipc.Server$RpcCall.run(Server.java:822)
	at java.security.AccessController.doPrivileged(Native Method)
	at javax.security.auth.Subject.doAs(Subject.java:422)
	at org.apache.hadoop.security.UserGroupInformation.doAs(UserGroupInformation.java:1730)
	at org.apache.hadoop.ipc.Server$Handler.run(Server.java:2682)
2019-09-25 05:59:37,818 [IPC Server handler 0 on 42227] WARN  block.BlockManagerImpl (BlockManagerImpl.java:allocateBlock(192)) - Pipeline creation failed for type:RATIS factor:THREE. Retrying get pipelines call once.
org.apache.hadoop.hdds.scm.exceptions.SCMException: Unable to find enough nodes that meet the criteria that cannot engage in more than 5 pipelines. Nodes required: 3 Found: 0, healthy nodes count inNodeManager: 5.
	at org.apache.hadoop.hdds.scm.pipeline.PipelinePlacementPolicy.filterViableNodes(PipelinePlacementPolicy.java:149)
	at org.apache.hadoop.hdds.scm.pipeline.PipelinePlacementPolicy.chooseDatanodes(PipelinePlacementPolicy.java:172)
	at org.apache.hadoop.hdds.scm.pipeline.RatisPipelineProvider.create(RatisPipelineProvider.java:93)
	at org.apache.hadoop.hdds.scm.pipeline.PipelineFactory.create(PipelineFactory.java:58)
	at org.apache.hadoop.hdds.scm.pipeline.SCMPipelineManager.createPipeline(SCMPipelineManager.java:155)
	at org.apache.hadoop.hdds.scm.block.BlockManagerImpl.allocateBlock(BlockManagerImpl.java:190)
	at org.apache.hadoop.hdds.scm.server.SCMBlockProtocolServer.allocateBlock(SCMBlockProtocolServer.java:182)
	at org.apache.hadoop.ozone.protocolPB.ScmBlockLocationProtocolServerSideTranslatorPB.allocateScmBlock(ScmBlockLocationProtocolServerSideTranslatorPB.java:183)
	at org.apache.hadoop.ozone.protocolPB.ScmBlockLocationProtocolServerSideTranslatorPB.processMessage(ScmBlockLocationProtocolServerSideTranslatorPB.java:141)
	at org.apache.hadoop.ozone.protocolPB.ScmBlockLocationProtocolServerSideTranslatorPB.send(ScmBlockLocationProtocolServerSideTranslatorPB.java:116)
	at org.apache.hadoop.hdds.protocol.proto.ScmBlockLocationProtocolProtos$ScmBlockLocationProtocolService$2.callBlockingMethod(ScmBlockLocationProtocolProtos.java:13157)
	at org.apache.hadoop.ipc.ProtobufRpcEngine$Server$ProtoBufRpcInvoker.call(ProtobufRpcEngine.java:524)
	at org.apache.hadoop.ipc.RPC$Server.call(RPC.java:1025)
	at org.apache.hadoop.ipc.Server$RpcCall.run(Server.java:876)
	at org.apache.hadoop.ipc.Server$RpcCall.run(Server.java:822)
	at java.security.AccessController.doPrivileged(Native Method)
	at javax.security.auth.Subject.doAs(Subject.java:422)
	at org.apache.hadoop.security.UserGroupInformation.doAs(UserGroupInformation.java:1730)
	at org.apache.hadoop.ipc.Server$Handler.run(Server.java:2682)
2019-09-25 05:59:37,818 [IPC Server handler 0 on 42227] INFO  block.BlockManagerImpl (BlockManagerImpl.java:allocateBlock(198)) - Could not find available pipeline of type:RATIS and factor:THREE even after retrying
2019-09-25 05:59:37,818 [IPC Server handler 0 on 42227] ERROR block.BlockManagerImpl (BlockManagerImpl.java:allocateBlock(222)) - Unable to allocate a block for the size: 4194304, type: RATIS, factor: THREE
2019-09-25 05:59:37,818 [IPC Server handler 0 on 42227] INFO  pipeline.PipelinePlacementPolicy (PipelinePlacementPolicy.java:meetCriteria(91)) - Pipeline Placement: can't place more pipeline on heavy datanode： dcfa33bc-9001-4365-ad5d-758174e05f4c Heaviness: 6 limit: 5
2019-09-25 05:59:37,819 [IPC Server handler 0 on 42227] INFO  pipeline.PipelinePlacementPolicy (PipelinePlacementPolicy.java:meetCriteria(91)) - Pipeline Placement: can't place more pipeline on heavy datanode： a70ebb95-9827-4ee9-872e-51470ad9f886 Heaviness: 6 limit: 5
2019-09-25 05:59:37,819 [IPC Server handler 0 on 42227] INFO  pipeline.PipelinePlacementPolicy (PipelinePlacementPolicy.java:meetCriteria(91)) - Pipeline Placement: can't place more pipeline on heavy datanode： f8d3684d-44eb-42fd-8c21-2b8ad1aff988 Heaviness: 6 limit: 5
2019-09-25 05:59:37,819 [IPC Server handler 0 on 42227] INFO  pipeline.PipelinePlacementPolicy (PipelinePlacementPolicy.java:meetCriteria(91)) - Pipeline Placement: can't place more pipeline on heavy datanode： 327d7864-9593-4c84-9c3b-d4b21327d735 Heaviness: 6 limit: 5
2019-09-25 05:59:37,819 [IPC Server handler 0 on 42227] INFO  pipeline.PipelinePlacementPolicy (PipelinePlacementPolicy.java:meetCriteria(91)) - Pipeline Placement: can't place more pipeline on heavy datanode： 747dc408-4358-429b-ab46-4dec55806d9b Heaviness: 6 limit: 5
2019-09-25 05:59:37,819 [IPC Server handler 0 on 42227] ERROR pipeline.PipelinePlacementPolicy (PipelinePlacementPolicy.java:filterViableNodes(148)) - Unable to find enough nodes that meet the criteria that cannot engage in more than 5 pipelines. Nodes required: 3 Found: 0, healthy nodes count inNodeManager: 5.
2019-09-25 05:59:37,820 [IPC Server handler 0 on 42227] ERROR pipeline.SCMPipelineManager (SCMPipelineManager.java:createPipeline(167)) - Pipeline creation failed.
org.apache.hadoop.hdds.scm.exceptions.SCMException: Unable to find enough nodes that meet the criteria that cannot engage in more than 5 pipelines. Nodes required: 3 Found: 0, healthy nodes count inNodeManager: 5.
	at org.apache.hadoop.hdds.scm.pipeline.PipelinePlacementPolicy.filterViableNodes(PipelinePlacementPolicy.java:149)
	at org.apache.hadoop.hdds.scm.pipeline.PipelinePlacementPolicy.chooseDatanodes(PipelinePlacementPolicy.java:172)
	at org.apache.hadoop.hdds.scm.pipeline.RatisPipelineProvider.create(RatisPipelineProvider.java:93)
	at org.apache.hadoop.hdds.scm.pipeline.PipelineFactory.create(PipelineFactory.java:58)
	at org.apache.hadoop.hdds.scm.pipeline.SCMPipelineManager.createPipeline(SCMPipelineManager.java:155)
	at org.apache.hadoop.hdds.scm.block.BlockManagerImpl.allocateBlock(BlockManagerImpl.java:190)
	at org.apache.hadoop.hdds.scm.server.SCMBlockProtocolServer.allocateBlock(SCMBlockProtocolServer.java:182)
	at org.apache.hadoop.ozone.protocolPB.ScmBlockLocationProtocolServerSideTranslatorPB.allocateScmBlock(ScmBlockLocationProtocolServerSideTranslatorPB.java:183)
	at org.apache.hadoop.ozone.protocolPB.ScmBlockLocationProtocolServerSideTranslatorPB.processMessage(ScmBlockLocationProtocolServerSideTranslatorPB.java:141)
	at org.apache.hadoop.ozone.protocolPB.ScmBlockLocationProtocolServerSideTranslatorPB.send(ScmBlockLocationProtocolServerSideTranslatorPB.java:116)
	at org.apache.hadoop.hdds.protocol.proto.ScmBlockLocationProtocolProtos$ScmBlockLocationProtocolService$2.callBlockingMethod(ScmBlockLocationProtocolProtos.java:13157)
	at org.apache.hadoop.ipc.ProtobufRpcEngine$Server$ProtoBufRpcInvoker.call(ProtobufRpcEngine.java:524)
	at org.apache.hadoop.ipc.RPC$Server.call(RPC.java:1025)
	at org.apache.hadoop.ipc.Server$RpcCall.run(Server.java:876)
	at org.apache.hadoop.ipc.Server$RpcCall.run(Server.java:822)
	at java.security.AccessController.doPrivileged(Native Method)
	at javax.security.auth.Subject.doAs(Subject.java:422)
	at org.apache.hadoop.security.UserGroupInformation.doAs(UserGroupInformation.java:1730)
	at org.apache.hadoop.ipc.Server$Handler.run(Server.java:2682)
2019-09-25 05:59:37,820 [IPC Server handler 0 on 42227] WARN  block.BlockManagerImpl (BlockManagerImpl.java:allocateBlock(192)) - Pipeline creation failed for type:RATIS factor:THREE. Retrying get pipelines call once.
org.apache.hadoop.hdds.scm.exceptions.SCMException: Unable to find enough nodes that meet the criteria that cannot engage in more than 5 pipelines. Nodes required: 3 Found: 0, healthy nodes count inNodeManager: 5.
	at org.apache.hadoop.hdds.scm.pipeline.PipelinePlacementPolicy.filterViableNodes(PipelinePlacementPolicy.java:149)
	at org.apache.hadoop.hdds.scm.pipeline.PipelinePlacementPolicy.chooseDatanodes(PipelinePlacementPolicy.java:172)
	at org.apache.hadoop.hdds.scm.pipeline.RatisPipelineProvider.create(RatisPipelineProvider.java:93)
	at org.apache.hadoop.hdds.scm.pipeline.PipelineFactory.create(PipelineFactory.java:58)
	at org.apache.hadoop.hdds.scm.pipeline.SCMPipelineManager.createPipeline(SCMPipelineManager.java:155)
	at org.apache.hadoop.hdds.scm.block.BlockManagerImpl.allocateBlock(BlockManagerImpl.java:190)
	at org.apache.hadoop.hdds.scm.server.SCMBlockProtocolServer.allocateBlock(SCMBlockProtocolServer.java:182)
	at org.apache.hadoop.ozone.protocolPB.ScmBlockLocationProtocolServerSideTranslatorPB.allocateScmBlock(ScmBlockLocationProtocolServerSideTranslatorPB.java:183)
	at org.apache.hadoop.ozone.protocolPB.ScmBlockLocationProtocolServerSideTranslatorPB.processMessage(ScmBlockLocationProtocolServerSideTranslatorPB.java:141)
	at org.apache.hadoop.ozone.protocolPB.ScmBlockLocationProtocolServerSideTranslatorPB.send(ScmBlockLocationProtocolServerSideTranslatorPB.java:116)
	at org.apache.hadoop.hdds.protocol.proto.ScmBlockLocationProtocolProtos$ScmBlockLocationProtocolService$2.callBlockingMethod(ScmBlockLocationProtocolProtos.java:13157)
	at org.apache.hadoop.ipc.ProtobufRpcEngine$Server$ProtoBufRpcInvoker.call(ProtobufRpcEngine.java:524)
	at org.apache.hadoop.ipc.RPC$Server.call(RPC.java:1025)
	at org.apache.hadoop.ipc.Server$RpcCall.run(Server.java:876)
	at org.apache.hadoop.ipc.Server$RpcCall.run(Server.java:822)
	at java.security.AccessController.doPrivileged(Native Method)
	at javax.security.auth.Subject.doAs(Subject.java:422)
	at org.apache.hadoop.security.UserGroupInformation.doAs(UserGroupInformation.java:1730)
	at org.apache.hadoop.ipc.Server$Handler.run(Server.java:2682)
2019-09-25 05:59:37,820 [IPC Server handler 0 on 42227] INFO  block.BlockManagerImpl (BlockManagerImpl.java:allocateBlock(198)) - Could not find available pipeline of type:RATIS and factor:THREE even after retrying
2019-09-25 05:59:37,821 [IPC Server handler 0 on 42227] ERROR block.BlockManagerImpl (BlockManagerImpl.java:allocateBlock(222)) - Unable to allocate a block for the size: 4194304, type: RATIS, factor: THREE
2019-09-25 05:59:37,821 [IPC Server handler 0 on 42227] INFO  pipeline.PipelinePlacementPolicy (PipelinePlacementPolicy.java:meetCriteria(91)) - Pipeline Placement: can't place more pipeline on heavy datanode： dcfa33bc-9001-4365-ad5d-758174e05f4c Heaviness: 6 limit: 5
2019-09-25 05:59:37,821 [IPC Server handler 0 on 42227] INFO  pipeline.PipelinePlacementPolicy (PipelinePlacementPolicy.java:meetCriteria(91)) - Pipeline Placement: can't place more pipeline on heavy datanode： a70ebb95-9827-4ee9-872e-51470ad9f886 Heaviness: 6 limit: 5
2019-09-25 05:59:37,821 [IPC Server handler 0 on 42227] INFO  pipeline.PipelinePlacementPolicy (PipelinePlacementPolicy.java:meetCriteria(91)) - Pipeline Placement: can't place more pipeline on heavy datanode： f8d3684d-44eb-42fd-8c21-2b8ad1aff988 Heaviness: 6 limit: 5
2019-09-25 05:59:37,821 [IPC Server handler 0 on 42227] INFO  pipeline.PipelinePlacementPolicy (PipelinePlacementPolicy.java:meetCriteria(91)) - Pipeline Placement: can't place more pipeline on heavy datanode： 327d7864-9593-4c84-9c3b-d4b21327d735 Heaviness: 6 limit: 5
2019-09-25 05:59:37,821 [IPC Server handler 0 on 42227] INFO  pipeline.PipelinePlacementPolicy (PipelinePlacementPolicy.java:meetCriteria(91)) - Pipeline Placement: can't place more pipeline on heavy datanode： 747dc408-4358-429b-ab46-4dec55806d9b Heaviness: 6 limit: 5
2019-09-25 05:59:37,821 [IPC Server handler 0 on 42227] ERROR pipeline.PipelinePlacementPolicy (PipelinePlacementPolicy.java:filterViableNodes(148)) - Unable to find enough nodes that meet the criteria that cannot engage in more than 5 pipelines. Nodes required: 3 Found: 0, healthy nodes count inNodeManager: 5.
2019-09-25 05:59:37,822 [IPC Server handler 0 on 42227] ERROR pipeline.SCMPipelineManager (SCMPipelineManager.java:createPipeline(167)) - Pipeline creation failed.
org.apache.hadoop.hdds.scm.exceptions.SCMException: Unable to find enough nodes that meet the criteria that cannot engage in more than 5 pipelines. Nodes required: 3 Found: 0, healthy nodes count inNodeManager: 5.
	at org.apache.hadoop.hdds.scm.pipeline.PipelinePlacementPolicy.filterViableNodes(PipelinePlacementPolicy.java:149)
	at org.apache.hadoop.hdds.scm.pipeline.PipelinePlacementPolicy.chooseDatanodes(PipelinePlacementPolicy.java:172)
	at org.apache.hadoop.hdds.scm.pipeline.RatisPipelineProvider.create(RatisPipelineProvider.java:93)
	at org.apache.hadoop.hdds.scm.pipeline.PipelineFactory.create(PipelineFactory.java:58)
	at org.apache.hadoop.hdds.scm.pipeline.SCMPipelineManager.createPipeline(SCMPipelineManager.java:155)
	at org.apache.hadoop.hdds.scm.block.BlockManagerImpl.allocateBlock(BlockManagerImpl.java:190)
	at org.apache.hadoop.hdds.scm.server.SCMBlockProtocolServer.allocateBlock(SCMBlockProtocolServer.java:182)
	at org.apache.hadoop.ozone.protocolPB.ScmBlockLocationProtocolServerSideTranslatorPB.allocateScmBlock(ScmBlockLocationProtocolServerSideTranslatorPB.java:183)
	at org.apache.hadoop.ozone.protocolPB.ScmBlockLocationProtocolServerSideTranslatorPB.processMessage(ScmBlockLocationProtocolServerSideTranslatorPB.java:141)
	at org.apache.hadoop.ozone.protocolPB.ScmBlockLocationProtocolServerSideTranslatorPB.send(ScmBlockLocationProtocolServerSideTranslatorPB.java:116)
	at org.apache.hadoop.hdds.protocol.proto.ScmBlockLocationProtocolProtos$ScmBlockLocationProtocolService$2.callBlockingMethod(ScmBlockLocationProtocolProtos.java:13157)
	at org.apache.hadoop.ipc.ProtobufRpcEngine$Server$ProtoBufRpcInvoker.call(ProtobufRpcEngine.java:524)
	at org.apache.hadoop.ipc.RPC$Server.call(RPC.java:1025)
	at org.apache.hadoop.ipc.Server$RpcCall.run(Server.java:876)
	at org.apache.hadoop.ipc.Server$RpcCall.run(Server.java:822)
	at java.security.AccessController.doPrivileged(Native Method)
	at javax.security.auth.Subject.doAs(Subject.java:422)
	at org.apache.hadoop.security.UserGroupInformation.doAs(UserGroupInformation.java:1730)
	at org.apache.hadoop.ipc.Server$Handler.run(Server.java:2682)
2019-09-25 05:59:37,822 [IPC Server handler 0 on 42227] WARN  block.BlockManagerImpl (BlockManagerImpl.java:allocateBlock(192)) - Pipeline creation failed for type:RATIS factor:THREE. Retrying get pipelines call once.
org.apache.hadoop.hdds.scm.exceptions.SCMException: Unable to find enough nodes that meet the criteria that cannot engage in more than 5 pipelines. Nodes required: 3 Found: 0, healthy nodes count inNodeManager: 5.
	at org.apache.hadoop.hdds.scm.pipeline.PipelinePlacementPolicy.filterViableNodes(PipelinePlacementPolicy.java:149)
	at org.apache.hadoop.hdds.scm.pipeline.PipelinePlacementPolicy.chooseDatanodes(PipelinePlacementPolicy.java:172)
	at org.apache.hadoop.hdds.scm.pipeline.RatisPipelineProvider.create(RatisPipelineProvider.java:93)
	at org.apache.hadoop.hdds.scm.pipeline.PipelineFactory.create(PipelineFactory.java:58)
	at org.apache.hadoop.hdds.scm.pipeline.SCMPipelineManager.createPipeline(SCMPipelineManager.java:155)
	at org.apache.hadoop.hdds.scm.block.BlockManagerImpl.allocateBlock(BlockManagerImpl.java:190)
	at org.apache.hadoop.hdds.scm.server.SCMBlockProtocolServer.allocateBlock(SCMBlockProtocolServer.java:182)
	at org.apache.hadoop.ozone.protocolPB.ScmBlockLocationProtocolServerSideTranslatorPB.allocateScmBlock(ScmBlockLocationProtocolServerSideTranslatorPB.java:183)
	at org.apache.hadoop.ozone.protocolPB.ScmBlockLocationProtocolServerSideTranslatorPB.processMessage(ScmBlockLocationProtocolServerSideTranslatorPB.java:141)
	at org.apache.hadoop.ozone.protocolPB.ScmBlockLocationProtocolServerSideTranslatorPB.send(ScmBlockLocationProtocolServerSideTranslatorPB.java:116)
	at org.apache.hadoop.hdds.protocol.proto.ScmBlockLocationProtocolProtos$ScmBlockLocationProtocolService$2.callBlockingMethod(ScmBlockLocationProtocolProtos.java:13157)
	at org.apache.hadoop.ipc.ProtobufRpcEngine$Server$ProtoBufRpcInvoker.call(ProtobufRpcEngine.java:524)
	at org.apache.hadoop.ipc.RPC$Server.call(RPC.java:1025)
	at org.apache.hadoop.ipc.Server$RpcCall.run(Server.java:876)
	at org.apache.hadoop.ipc.Server$RpcCall.run(Server.java:822)
	at java.security.AccessController.doPrivileged(Native Method)
	at javax.security.auth.Subject.doAs(Subject.java:422)
	at org.apache.hadoop.security.UserGroupInformation.doAs(UserGroupInformation.java:1730)
	at org.apache.hadoop.ipc.Server$Handler.run(Server.java:2682)
2019-09-25 05:59:37,822 [IPC Server handler 0 on 42227] INFO  block.BlockManagerImpl (BlockManagerImpl.java:allocateBlock(198)) - Could not find available pipeline of type:RATIS and factor:THREE even after retrying
2019-09-25 05:59:37,822 [IPC Server handler 0 on 42227] ERROR block.BlockManagerImpl (BlockManagerImpl.java:allocateBlock(222)) - Unable to allocate a block for the size: 4194304, type: RATIS, factor: THREE
2019-09-25 05:59:37,824 [pool-74-thread-3] ERROR freon.RandomKeyGenerator (RandomKeyGenerator.java:createKey(733)) - Exception while adding key: key-0-89476 in bucket: bucket-0-31288 of volume: vol-0-03150.
INTERNAL_ERROR org.apache.hadoop.ozone.om.exceptions.OMException: Allocated 0 blocks. Requested 5 blocks
	at org.apache.hadoop.ozone.om.protocolPB.OzoneManagerProtocolClientSideTranslatorPB.handleError(OzoneManagerProtocolClientSideTranslatorPB.java:732)
	at org.apache.hadoop.ozone.om.protocolPB.OzoneManagerProtocolClientSideTranslatorPB.openKey(OzoneManagerProtocolClientSideTranslatorPB.java:723)
	at sun.reflect.NativeMethodAccessorImpl.invoke0(Native Method)
	at sun.reflect.NativeMethodAccessorImpl.invoke(NativeMethodAccessorImpl.java:62)
	at sun.reflect.DelegatingMethodAccessorImpl.invoke(DelegatingMethodAccessorImpl.java:43)
	at java.lang.reflect.Method.invoke(Method.java:498)
	at org.apache.hadoop.hdds.tracing.TraceAllMethod.invoke(TraceAllMethod.java:66)
	at com.sun.proxy.$Proxy37.openKey(Unknown Source)
	at org.apache.hadoop.ozone.client.rpc.RpcClient.createKey(RpcClient.java:614)
	at org.apache.hadoop.ozone.client.OzoneBucket.createKey(OzoneBucket.java:325)
	at org.apache.hadoop.ozone.freon.RandomKeyGenerator.createKey(RandomKeyGenerator.java:695)
	at org.apache.hadoop.ozone.freon.RandomKeyGenerator.access$1100(RandomKeyGenerator.java:88)
	at org.apache.hadoop.ozone.freon.RandomKeyGenerator$ObjectCreator.run(RandomKeyGenerator.java:615)
	at java.util.concurrent.Executors$RunnableAdapter.call(Executors.java:511)
	at java.util.concurrent.FutureTask.run(FutureTask.java:266)
	at java.util.concurrent.ThreadPoolExecutor.runWorker(ThreadPoolExecutor.java:1149)
	at java.util.concurrent.ThreadPoolExecutor$Worker.run(ThreadPoolExecutor.java:624)
	at java.lang.Thread.run(Thread.java:748)
 0.00% |█                                                                                                    |  0/1 Time: 0:00:01 0.00% |█                                                                                                    |  0/1 Time: 0:00:02 0.00% |█                                                                                                    |  0/1 Time: 0:00:03 0.00% |█                                                                                                    |  0/1 Time: 0:00:04 100.00% |█████████████████████████████████████████████████████████████████████████████████████████████████████|  1/1 Time: 0:00:05
]]></system-out>
  </testcase>
  <testcase name="validateWriteTest" classname="org.apache.hadoop.ozone.freon.TestDataValidateWithSafeByteOperations" time="10.029">
    <error message="Allocated 0 blocks. Requested 1 blocks" type="INTERNAL_ERROR org.apache.hadoop.ozone.om.exceptions.OMException">INTERNAL_ERROR org.apache.hadoop.ozone.om.exceptions.OMException: Allocated 0 blocks. Requested 1 blocks
	at org.apache.hadoop.ozone.om.protocolPB.OzoneManagerProtocolClientSideTranslatorPB.handleError(OzoneManagerProtocolClientSideTranslatorPB.java:732)
	at org.apache.hadoop.ozone.om.protocolPB.OzoneManagerProtocolClientSideTranslatorPB.openKey(OzoneManagerProtocolClientSideTranslatorPB.java:723)
	at sun.reflect.NativeMethodAccessorImpl.invoke0(Native Method)
	at sun.reflect.NativeMethodAccessorImpl.invoke(NativeMethodAccessorImpl.java:62)
	at sun.reflect.DelegatingMethodAccessorImpl.invoke(DelegatingMethodAccessorImpl.java:43)
	at java.lang.reflect.Method.invoke(Method.java:498)
	at org.apache.hadoop.hdds.tracing.TraceAllMethod.invoke(TraceAllMethod.java:66)
	at com.sun.proxy.$Proxy37.openKey(Unknown Source)
	at org.apache.hadoop.ozone.client.rpc.RpcClient.createKey(RpcClient.java:614)
	at org.apache.hadoop.ozone.client.OzoneBucket.createKey(OzoneBucket.java:325)
	at org.apache.hadoop.ozone.freon.RandomKeyGenerator.createKey(RandomKeyGenerator.java:695)
	at org.apache.hadoop.ozone.freon.RandomKeyGenerator.access$1100(RandomKeyGenerator.java:88)
	at org.apache.hadoop.ozone.freon.RandomKeyGenerator$ObjectCreator.run(RandomKeyGenerator.java:615)
	at java.util.concurrent.Executors$RunnableAdapter.call(Executors.java:511)
	at java.util.concurrent.FutureTask.run(FutureTask.java:266)
	at java.util.concurrent.ThreadPoolExecutor.runWorker(ThreadPoolExecutor.java:1149)
	at java.util.concurrent.ThreadPoolExecutor$Worker.run(ThreadPoolExecutor.java:624)
	at java.lang.Thread.run(Thread.java:748)
</error>
    <system-out><![CDATA[2019-09-25 05:59:47,802 [main] INFO  freon.RandomKeyGenerator (RandomKeyGenerator.java:call(283)) - Number of Threads: 10
2019-09-25 05:59:47,803 [main] INFO  freon.RandomKeyGenerator (RandomKeyGenerator.java:call(288)) - Number of Volumes: 2.
2019-09-25 05:59:47,803 [main] INFO  freon.RandomKeyGenerator (RandomKeyGenerator.java:call(289)) - Number of Buckets per Volume: 5.
2019-09-25 05:59:47,803 [main] INFO  freon.RandomKeyGenerator (RandomKeyGenerator.java:call(290)) - Number of Keys per Bucket: 10.
2019-09-25 05:59:47,803 [main] INFO  freon.RandomKeyGenerator (RandomKeyGenerator.java:call(291)) - Key size: 10240 bytes
2019-09-25 05:59:47,803 [main] INFO  freon.RandomKeyGenerator (RandomKeyGenerator.java:call(292)) - Buffer size: 4096 bytes
2019-09-25 05:59:47,804 [main] INFO  freon.RandomKeyGenerator (RandomKeyGenerator.java:call(293)) - validateWrites : true
2019-09-25 05:59:47,805 [pool-75-thread-1] INFO  rpc.RpcClient (RpcClient.java:createVolume(276)) - Creating Volume: vol-0-66605, with jenkins1000 as owner.
2019-09-25 05:59:47,805 [pool-75-thread-2] INFO  rpc.RpcClient (RpcClient.java:createVolume(276)) - Creating Volume: vol-1-86965, with jenkins1000 as owner.
2019-09-25 05:59:47,808 [main] INFO  freon.RandomKeyGenerator (RandomKeyGenerator.java:call(307)) - Data validation is enabled.
2019-09-25 05:59:47,808 [main] INFO  freon.RandomKeyGenerator (RandomKeyGenerator.java:call(313)) - Starting progress bar Thread.

 0.00% |█                                                                                                    |  0/100 Time: 0:00:002019-09-25 05:59:47,810 [IPC Server handler 5 on 46149] INFO  volume.OMVolumeCreateRequest (OMVolumeCreateRequest.java:validateAndUpdateCache(189)) - created volume:vol-0-66605 for user:jenkins1000
2019-09-25 05:59:47,816 [IPC Server handler 7 on 46149] INFO  volume.OMVolumeCreateRequest (OMVolumeCreateRequest.java:validateAndUpdateCache(189)) - created volume:vol-1-86965 for user:jenkins1000
2019-09-25 05:59:47,820 [pool-75-thread-1] INFO  rpc.RpcClient (RpcClient.java:createBucket(415)) - Creating Bucket: vol-0-66605/bucket-4-99738, with Versioning false and Storage Type set to DISK and Encryption set to false 
2019-09-25 05:59:47,822 [pool-75-thread-2] INFO  rpc.RpcClient (RpcClient.java:createBucket(415)) - Creating Bucket: vol-1-86965/bucket-4-52118, with Versioning false and Storage Type set to DISK and Encryption set to false 
2019-09-25 05:59:47,825 [pool-75-thread-3] INFO  rpc.RpcClient (RpcClient.java:createBucket(415)) - Creating Bucket: vol-0-66605/bucket-0-88490, with Versioning false and Storage Type set to DISK and Encryption set to false 
2019-09-25 05:59:47,825 [pool-75-thread-4] INFO  rpc.RpcClient (RpcClient.java:createBucket(415)) - Creating Bucket: vol-1-86965/bucket-0-98024, with Versioning false and Storage Type set to DISK and Encryption set to false 
2019-09-25 05:59:47,825 [pool-75-thread-5] INFO  rpc.RpcClient (RpcClient.java:createBucket(415)) - Creating Bucket: vol-0-66605/bucket-1-93920, with Versioning false and Storage Type set to DISK and Encryption set to false 
2019-09-25 05:59:47,826 [pool-75-thread-6] INFO  rpc.RpcClient (RpcClient.java:createBucket(415)) - Creating Bucket: vol-1-86965/bucket-1-41236, with Versioning false and Storage Type set to DISK and Encryption set to false 
2019-09-25 05:59:47,826 [pool-75-thread-7] INFO  rpc.RpcClient (RpcClient.java:createBucket(415)) - Creating Bucket: vol-0-66605/bucket-2-92099, with Versioning false and Storage Type set to DISK and Encryption set to false 
2019-09-25 05:59:47,826 [pool-75-thread-8] INFO  rpc.RpcClient (RpcClient.java:createBucket(415)) - Creating Bucket: vol-1-86965/bucket-2-51980, with Versioning false and Storage Type set to DISK and Encryption set to false 
2019-09-25 05:59:47,829 [pool-75-thread-9] INFO  rpc.RpcClient (RpcClient.java:createBucket(415)) - Creating Bucket: vol-0-66605/bucket-3-13629, with Versioning false and Storage Type set to DISK and Encryption set to false 
2019-09-25 05:59:47,830 [pool-75-thread-10] INFO  rpc.RpcClient (RpcClient.java:createBucket(415)) - Creating Bucket: vol-1-86965/bucket-3-91664, with Versioning false and Storage Type set to DISK and Encryption set to false 
2019-09-25 05:59:47,860 [IPC Server handler 7 on 42227] INFO  pipeline.PipelinePlacementPolicy (PipelinePlacementPolicy.java:meetCriteria(91)) - Pipeline Placement: can't place more pipeline on heavy datanode： dcfa33bc-9001-4365-ad5d-758174e05f4c Heaviness: 6 limit: 5
2019-09-25 05:59:47,860 [IPC Server handler 7 on 42227] INFO  pipeline.PipelinePlacementPolicy (PipelinePlacementPolicy.java:meetCriteria(91)) - Pipeline Placement: can't place more pipeline on heavy datanode： a70ebb95-9827-4ee9-872e-51470ad9f886 Heaviness: 6 limit: 5
2019-09-25 05:59:47,861 [IPC Server handler 7 on 42227] INFO  pipeline.PipelinePlacementPolicy (PipelinePlacementPolicy.java:meetCriteria(91)) - Pipeline Placement: can't place more pipeline on heavy datanode： f8d3684d-44eb-42fd-8c21-2b8ad1aff988 Heaviness: 6 limit: 5
2019-09-25 05:59:47,861 [IPC Server handler 7 on 42227] INFO  pipeline.PipelinePlacementPolicy (PipelinePlacementPolicy.java:meetCriteria(91)) - Pipeline Placement: can't place more pipeline on heavy datanode： 327d7864-9593-4c84-9c3b-d4b21327d735 Heaviness: 6 limit: 5
2019-09-25 05:59:47,861 [IPC Server handler 7 on 42227] INFO  pipeline.PipelinePlacementPolicy (PipelinePlacementPolicy.java:meetCriteria(91)) - Pipeline Placement: can't place more pipeline on heavy datanode： 747dc408-4358-429b-ab46-4dec55806d9b Heaviness: 6 limit: 5
2019-09-25 05:59:47,861 [IPC Server handler 7 on 42227] ERROR pipeline.PipelinePlacementPolicy (PipelinePlacementPolicy.java:filterViableNodes(148)) - Unable to find enough nodes that meet the criteria that cannot engage in more than 5 pipelines. Nodes required: 3 Found: 0, healthy nodes count inNodeManager: 5.
2019-09-25 05:59:47,862 [IPC Server handler 7 on 42227] ERROR pipeline.SCMPipelineManager (SCMPipelineManager.java:createPipeline(167)) - Pipeline creation failed.
org.apache.hadoop.hdds.scm.exceptions.SCMException: Unable to find enough nodes that meet the criteria that cannot engage in more than 5 pipelines. Nodes required: 3 Found: 0, healthy nodes count inNodeManager: 5.
	at org.apache.hadoop.hdds.scm.pipeline.PipelinePlacementPolicy.filterViableNodes(PipelinePlacementPolicy.java:149)
	at org.apache.hadoop.hdds.scm.pipeline.PipelinePlacementPolicy.chooseDatanodes(PipelinePlacementPolicy.java:172)
	at org.apache.hadoop.hdds.scm.pipeline.RatisPipelineProvider.create(RatisPipelineProvider.java:93)
	at org.apache.hadoop.hdds.scm.pipeline.PipelineFactory.create(PipelineFactory.java:58)
	at org.apache.hadoop.hdds.scm.pipeline.SCMPipelineManager.createPipeline(SCMPipelineManager.java:155)
	at org.apache.hadoop.hdds.scm.block.BlockManagerImpl.allocateBlock(BlockManagerImpl.java:190)
	at org.apache.hadoop.hdds.scm.server.SCMBlockProtocolServer.allocateBlock(SCMBlockProtocolServer.java:182)
	at org.apache.hadoop.ozone.protocolPB.ScmBlockLocationProtocolServerSideTranslatorPB.allocateScmBlock(ScmBlockLocationProtocolServerSideTranslatorPB.java:183)
	at org.apache.hadoop.ozone.protocolPB.ScmBlockLocationProtocolServerSideTranslatorPB.processMessage(ScmBlockLocationProtocolServerSideTranslatorPB.java:141)
	at org.apache.hadoop.ozone.protocolPB.ScmBlockLocationProtocolServerSideTranslatorPB.send(ScmBlockLocationProtocolServerSideTranslatorPB.java:116)
	at org.apache.hadoop.hdds.protocol.proto.ScmBlockLocationProtocolProtos$ScmBlockLocationProtocolService$2.callBlockingMethod(ScmBlockLocationProtocolProtos.java:13157)
	at org.apache.hadoop.ipc.ProtobufRpcEngine$Server$ProtoBufRpcInvoker.call(ProtobufRpcEngine.java:524)
	at org.apache.hadoop.ipc.RPC$Server.call(RPC.java:1025)
	at org.apache.hadoop.ipc.Server$RpcCall.run(Server.java:876)
	at org.apache.hadoop.ipc.Server$RpcCall.run(Server.java:822)
	at java.security.AccessController.doPrivileged(Native Method)
	at javax.security.auth.Subject.doAs(Subject.java:422)
	at org.apache.hadoop.security.UserGroupInformation.doAs(UserGroupInformation.java:1730)
	at org.apache.hadoop.ipc.Server$Handler.run(Server.java:2682)
2019-09-25 05:59:47,862 [IPC Server handler 7 on 42227] WARN  block.BlockManagerImpl (BlockManagerImpl.java:allocateBlock(192)) - Pipeline creation failed for type:RATIS factor:THREE. Retrying get pipelines call once.
org.apache.hadoop.hdds.scm.exceptions.SCMException: Unable to find enough nodes that meet the criteria that cannot engage in more than 5 pipelines. Nodes required: 3 Found: 0, healthy nodes count inNodeManager: 5.
	at org.apache.hadoop.hdds.scm.pipeline.PipelinePlacementPolicy.filterViableNodes(PipelinePlacementPolicy.java:149)
	at org.apache.hadoop.hdds.scm.pipeline.PipelinePlacementPolicy.chooseDatanodes(PipelinePlacementPolicy.java:172)
	at org.apache.hadoop.hdds.scm.pipeline.RatisPipelineProvider.create(RatisPipelineProvider.java:93)
	at org.apache.hadoop.hdds.scm.pipeline.PipelineFactory.create(PipelineFactory.java:58)
	at org.apache.hadoop.hdds.scm.pipeline.SCMPipelineManager.createPipeline(SCMPipelineManager.java:155)
	at org.apache.hadoop.hdds.scm.block.BlockManagerImpl.allocateBlock(BlockManagerImpl.java:190)
	at org.apache.hadoop.hdds.scm.server.SCMBlockProtocolServer.allocateBlock(SCMBlockProtocolServer.java:182)
	at org.apache.hadoop.ozone.protocolPB.ScmBlockLocationProtocolServerSideTranslatorPB.allocateScmBlock(ScmBlockLocationProtocolServerSideTranslatorPB.java:183)
	at org.apache.hadoop.ozone.protocolPB.ScmBlockLocationProtocolServerSideTranslatorPB.processMessage(ScmBlockLocationProtocolServerSideTranslatorPB.java:141)
	at org.apache.hadoop.ozone.protocolPB.ScmBlockLocationProtocolServerSideTranslatorPB.send(ScmBlockLocationProtocolServerSideTranslatorPB.java:116)
	at org.apache.hadoop.hdds.protocol.proto.ScmBlockLocationProtocolProtos$ScmBlockLocationProtocolService$2.callBlockingMethod(ScmBlockLocationProtocolProtos.java:13157)
	at org.apache.hadoop.ipc.ProtobufRpcEngine$Server$ProtoBufRpcInvoker.call(ProtobufRpcEngine.java:524)
	at org.apache.hadoop.ipc.RPC$Server.call(RPC.java:1025)
	at org.apache.hadoop.ipc.Server$RpcCall.run(Server.java:876)
	at org.apache.hadoop.ipc.Server$RpcCall.run(Server.java:822)
	at java.security.AccessController.doPrivileged(Native Method)
	at javax.security.auth.Subject.doAs(Subject.java:422)
	at org.apache.hadoop.security.UserGroupInformation.doAs(UserGroupInformation.java:1730)
	at org.apache.hadoop.ipc.Server$Handler.run(Server.java:2682)
2019-09-25 05:59:47,862 [IPC Server handler 3 on 42227] INFO  pipeline.PipelinePlacementPolicy (PipelinePlacementPolicy.java:meetCriteria(91)) - Pipeline Placement: can't place more pipeline on heavy datanode： dcfa33bc-9001-4365-ad5d-758174e05f4c Heaviness: 6 limit: 5
2019-09-25 05:59:47,863 [IPC Server handler 3 on 42227] INFO  pipeline.PipelinePlacementPolicy (PipelinePlacementPolicy.java:meetCriteria(91)) - Pipeline Placement: can't place more pipeline on heavy datanode： a70ebb95-9827-4ee9-872e-51470ad9f886 Heaviness: 6 limit: 5
2019-09-25 05:59:47,863 [IPC Server handler 3 on 42227] INFO  pipeline.PipelinePlacementPolicy (PipelinePlacementPolicy.java:meetCriteria(91)) - Pipeline Placement: can't place more pipeline on heavy datanode： f8d3684d-44eb-42fd-8c21-2b8ad1aff988 Heaviness: 6 limit: 5
2019-09-25 05:59:47,863 [IPC Server handler 3 on 42227] INFO  pipeline.PipelinePlacementPolicy (PipelinePlacementPolicy.java:meetCriteria(91)) - Pipeline Placement: can't place more pipeline on heavy datanode： 327d7864-9593-4c84-9c3b-d4b21327d735 Heaviness: 6 limit: 5
2019-09-25 05:59:47,863 [IPC Server handler 3 on 42227] INFO  pipeline.PipelinePlacementPolicy (PipelinePlacementPolicy.java:meetCriteria(91)) - Pipeline Placement: can't place more pipeline on heavy datanode： 747dc408-4358-429b-ab46-4dec55806d9b Heaviness: 6 limit: 5
2019-09-25 05:59:47,863 [IPC Server handler 3 on 42227] ERROR pipeline.PipelinePlacementPolicy (PipelinePlacementPolicy.java:filterViableNodes(148)) - Unable to find enough nodes that meet the criteria that cannot engage in more than 5 pipelines. Nodes required: 3 Found: 0, healthy nodes count inNodeManager: 5.
2019-09-25 05:59:47,864 [IPC Server handler 3 on 42227] ERROR pipeline.SCMPipelineManager (SCMPipelineManager.java:createPipeline(167)) - Pipeline creation failed.
org.apache.hadoop.hdds.scm.exceptions.SCMException: Unable to find enough nodes that meet the criteria that cannot engage in more than 5 pipelines. Nodes required: 3 Found: 0, healthy nodes count inNodeManager: 5.
	at org.apache.hadoop.hdds.scm.pipeline.PipelinePlacementPolicy.filterViableNodes(PipelinePlacementPolicy.java:149)
	at org.apache.hadoop.hdds.scm.pipeline.PipelinePlacementPolicy.chooseDatanodes(PipelinePlacementPolicy.java:172)
	at org.apache.hadoop.hdds.scm.pipeline.RatisPipelineProvider.create(RatisPipelineProvider.java:93)
	at org.apache.hadoop.hdds.scm.pipeline.PipelineFactory.create(PipelineFactory.java:58)
	at org.apache.hadoop.hdds.scm.pipeline.SCMPipelineManager.createPipeline(SCMPipelineManager.java:155)
	at org.apache.hadoop.hdds.scm.block.BlockManagerImpl.allocateBlock(BlockManagerImpl.java:190)
	at org.apache.hadoop.hdds.scm.server.SCMBlockProtocolServer.allocateBlock(SCMBlockProtocolServer.java:182)
	at org.apache.hadoop.ozone.protocolPB.ScmBlockLocationProtocolServerSideTranslatorPB.allocateScmBlock(ScmBlockLocationProtocolServerSideTranslatorPB.java:183)
	at org.apache.hadoop.ozone.protocolPB.ScmBlockLocationProtocolServerSideTranslatorPB.processMessage(ScmBlockLocationProtocolServerSideTranslatorPB.java:141)
	at org.apache.hadoop.ozone.protocolPB.ScmBlockLocationProtocolServerSideTranslatorPB.send(ScmBlockLocationProtocolServerSideTranslatorPB.java:116)
	at org.apache.hadoop.hdds.protocol.proto.ScmBlockLocationProtocolProtos$ScmBlockLocationProtocolService$2.callBlockingMethod(ScmBlockLocationProtocolProtos.java:13157)
	at org.apache.hadoop.ipc.ProtobufRpcEngine$Server$ProtoBufRpcInvoker.call(ProtobufRpcEngine.java:524)
	at org.apache.hadoop.ipc.RPC$Server.call(RPC.java:1025)
	at org.apache.hadoop.ipc.Server$RpcCall.run(Server.java:876)
	at org.apache.hadoop.ipc.Server$RpcCall.run(Server.java:822)
	at java.security.AccessController.doPrivileged(Native Method)
	at javax.security.auth.Subject.doAs(Subject.java:422)
	at org.apache.hadoop.security.UserGroupInformation.doAs(UserGroupInformation.java:1730)
	at org.apache.hadoop.ipc.Server$Handler.run(Server.java:2682)
2019-09-25 05:59:47,866 [IPC Server handler 3 on 42227] WARN  block.BlockManagerImpl (BlockManagerImpl.java:allocateBlock(192)) - Pipeline creation failed for type:RATIS factor:THREE. Retrying get pipelines call once.
org.apache.hadoop.hdds.scm.exceptions.SCMException: Unable to find enough nodes that meet the criteria that cannot engage in more than 5 pipelines. Nodes required: 3 Found: 0, healthy nodes count inNodeManager: 5.
	at org.apache.hadoop.hdds.scm.pipeline.PipelinePlacementPolicy.filterViableNodes(PipelinePlacementPolicy.java:149)
	at org.apache.hadoop.hdds.scm.pipeline.PipelinePlacementPolicy.chooseDatanodes(PipelinePlacementPolicy.java:172)
	at org.apache.hadoop.hdds.scm.pipeline.RatisPipelineProvider.create(RatisPipelineProvider.java:93)
	at org.apache.hadoop.hdds.scm.pipeline.PipelineFactory.create(PipelineFactory.java:58)
	at org.apache.hadoop.hdds.scm.pipeline.SCMPipelineManager.createPipeline(SCMPipelineManager.java:155)
	at org.apache.hadoop.hdds.scm.block.BlockManagerImpl.allocateBlock(BlockManagerImpl.java:190)
	at org.apache.hadoop.hdds.scm.server.SCMBlockProtocolServer.allocateBlock(SCMBlockProtocolServer.java:182)
	at org.apache.hadoop.ozone.protocolPB.ScmBlockLocationProtocolServerSideTranslatorPB.allocateScmBlock(ScmBlockLocationProtocolServerSideTranslatorPB.java:183)
	at org.apache.hadoop.ozone.protocolPB.ScmBlockLocationProtocolServerSideTranslatorPB.processMessage(ScmBlockLocationProtocolServerSideTranslatorPB.java:141)
	at org.apache.hadoop.ozone.protocolPB.ScmBlockLocationProtocolServerSideTranslatorPB.send(ScmBlockLocationProtocolServerSideTranslatorPB.java:116)
	at org.apache.hadoop.hdds.protocol.proto.ScmBlockLocationProtocolProtos$ScmBlockLocationProtocolService$2.callBlockingMethod(ScmBlockLocationProtocolProtos.java:13157)
	at org.apache.hadoop.ipc.ProtobufRpcEngine$Server$ProtoBufRpcInvoker.call(ProtobufRpcEngine.java:524)
	at org.apache.hadoop.ipc.RPC$Server.call(RPC.java:1025)
	at org.apache.hadoop.ipc.Server$RpcCall.run(Server.java:876)
	at org.apache.hadoop.ipc.Server$RpcCall.run(Server.java:822)
	at java.security.AccessController.doPrivileged(Native Method)
	at javax.security.auth.Subject.doAs(Subject.java:422)
	at org.apache.hadoop.security.UserGroupInformation.doAs(UserGroupInformation.java:1730)
	at org.apache.hadoop.ipc.Server$Handler.run(Server.java:2682)
2019-09-25 05:59:47,866 [IPC Server handler 2 on 42227] INFO  pipeline.PipelinePlacementPolicy (PipelinePlacementPolicy.java:meetCriteria(91)) - Pipeline Placement: can't place more pipeline on heavy datanode： dcfa33bc-9001-4365-ad5d-758174e05f4c Heaviness: 6 limit: 5
2019-09-25 05:59:47,867 [IPC Server handler 2 on 42227] INFO  pipeline.PipelinePlacementPolicy (PipelinePlacementPolicy.java:meetCriteria(91)) - Pipeline Placement: can't place more pipeline on heavy datanode： a70ebb95-9827-4ee9-872e-51470ad9f886 Heaviness: 6 limit: 5
2019-09-25 05:59:47,867 [IPC Server handler 2 on 42227] INFO  pipeline.PipelinePlacementPolicy (PipelinePlacementPolicy.java:meetCriteria(91)) - Pipeline Placement: can't place more pipeline on heavy datanode： f8d3684d-44eb-42fd-8c21-2b8ad1aff988 Heaviness: 6 limit: 5
2019-09-25 05:59:47,866 [IPC Server handler 7 on 42227] INFO  block.BlockManagerImpl (BlockManagerImpl.java:allocateBlock(198)) - Could not find available pipeline of type:RATIS and factor:THREE even after retrying
2019-09-25 05:59:47,867 [IPC Server handler 2 on 42227] INFO  pipeline.PipelinePlacementPolicy (PipelinePlacementPolicy.java:meetCriteria(91)) - Pipeline Placement: can't place more pipeline on heavy datanode： 327d7864-9593-4c84-9c3b-d4b21327d735 Heaviness: 6 limit: 5
2019-09-25 05:59:47,867 [IPC Server handler 7 on 42227] ERROR block.BlockManagerImpl (BlockManagerImpl.java:allocateBlock(222)) - Unable to allocate a block for the size: 4194304, type: RATIS, factor: THREE
2019-09-25 05:59:47,868 [IPC Server handler 2 on 42227] INFO  pipeline.PipelinePlacementPolicy (PipelinePlacementPolicy.java:meetCriteria(91)) - Pipeline Placement: can't place more pipeline on heavy datanode： 747dc408-4358-429b-ab46-4dec55806d9b Heaviness: 6 limit: 5
2019-09-25 05:59:47,868 [IPC Server handler 2 on 42227] ERROR pipeline.PipelinePlacementPolicy (PipelinePlacementPolicy.java:filterViableNodes(148)) - Unable to find enough nodes that meet the criteria that cannot engage in more than 5 pipelines. Nodes required: 3 Found: 0, healthy nodes count inNodeManager: 5.
2019-09-25 05:59:47,868 [IPC Server handler 2 on 42227] ERROR pipeline.SCMPipelineManager (SCMPipelineManager.java:createPipeline(167)) - Pipeline creation failed.
org.apache.hadoop.hdds.scm.exceptions.SCMException: Unable to find enough nodes that meet the criteria that cannot engage in more than 5 pipelines. Nodes required: 3 Found: 0, healthy nodes count inNodeManager: 5.
	at org.apache.hadoop.hdds.scm.pipeline.PipelinePlacementPolicy.filterViableNodes(PipelinePlacementPolicy.java:149)
	at org.apache.hadoop.hdds.scm.pipeline.PipelinePlacementPolicy.chooseDatanodes(PipelinePlacementPolicy.java:172)
	at org.apache.hadoop.hdds.scm.pipeline.RatisPipelineProvider.create(RatisPipelineProvider.java:93)
	at org.apache.hadoop.hdds.scm.pipeline.PipelineFactory.create(PipelineFactory.java:58)
	at org.apache.hadoop.hdds.scm.pipeline.SCMPipelineManager.createPipeline(SCMPipelineManager.java:155)
	at org.apache.hadoop.hdds.scm.block.BlockManagerImpl.allocateBlock(BlockManagerImpl.java:190)
	at org.apache.hadoop.hdds.scm.server.SCMBlockProtocolServer.allocateBlock(SCMBlockProtocolServer.java:182)
	at org.apache.hadoop.ozone.protocolPB.ScmBlockLocationProtocolServerSideTranslatorPB.allocateScmBlock(ScmBlockLocationProtocolServerSideTranslatorPB.java:183)
	at org.apache.hadoop.ozone.protocolPB.ScmBlockLocationProtocolServerSideTranslatorPB.processMessage(ScmBlockLocationProtocolServerSideTranslatorPB.java:141)
	at org.apache.hadoop.ozone.protocolPB.ScmBlockLocationProtocolServerSideTranslatorPB.send(ScmBlockLocationProtocolServerSideTranslatorPB.java:116)
	at org.apache.hadoop.hdds.protocol.proto.ScmBlockLocationProtocolProtos$ScmBlockLocationProtocolService$2.callBlockingMethod(ScmBlockLocationProtocolProtos.java:13157)
	at org.apache.hadoop.ipc.ProtobufRpcEngine$Server$ProtoBufRpcInvoker.call(ProtobufRpcEngine.java:524)
	at org.apache.hadoop.ipc.RPC$Server.call(RPC.java:1025)
	at org.apache.hadoop.ipc.Server$RpcCall.run(Server.java:876)
	at org.apache.hadoop.ipc.Server$RpcCall.run(Server.java:822)
	at java.security.AccessController.doPrivileged(Native Method)
	at javax.security.auth.Subject.doAs(Subject.java:422)
	at org.apache.hadoop.security.UserGroupInformation.doAs(UserGroupInformation.java:1730)
	at org.apache.hadoop.ipc.Server$Handler.run(Server.java:2682)
2019-09-25 05:59:47,869 [IPC Server handler 2 on 42227] WARN  block.BlockManagerImpl (BlockManagerImpl.java:allocateBlock(192)) - Pipeline creation failed for type:RATIS factor:THREE. Retrying get pipelines call once.
org.apache.hadoop.hdds.scm.exceptions.SCMException: Unable to find enough nodes that meet the criteria that cannot engage in more than 5 pipelines. Nodes required: 3 Found: 0, healthy nodes count inNodeManager: 5.
	at org.apache.hadoop.hdds.scm.pipeline.PipelinePlacementPolicy.filterViableNodes(PipelinePlacementPolicy.java:149)
	at org.apache.hadoop.hdds.scm.pipeline.PipelinePlacementPolicy.chooseDatanodes(PipelinePlacementPolicy.java:172)
	at org.apache.hadoop.hdds.scm.pipeline.RatisPipelineProvider.create(RatisPipelineProvider.java:93)
	at org.apache.hadoop.hdds.scm.pipeline.PipelineFactory.create(PipelineFactory.java:58)
	at org.apache.hadoop.hdds.scm.pipeline.SCMPipelineManager.createPipeline(SCMPipelineManager.java:155)
	at org.apache.hadoop.hdds.scm.block.BlockManagerImpl.allocateBlock(BlockManagerImpl.java:190)
	at org.apache.hadoop.hdds.scm.server.SCMBlockProtocolServer.allocateBlock(SCMBlockProtocolServer.java:182)
	at org.apache.hadoop.ozone.protocolPB.ScmBlockLocationProtocolServerSideTranslatorPB.allocateScmBlock(ScmBlockLocationProtocolServerSideTranslatorPB.java:183)
	at org.apache.hadoop.ozone.protocolPB.ScmBlockLocationProtocolServerSideTranslatorPB.processMessage(ScmBlockLocationProtocolServerSideTranslatorPB.java:141)
	at org.apache.hadoop.ozone.protocolPB.ScmBlockLocationProtocolServerSideTranslatorPB.send(ScmBlockLocationProtocolServerSideTranslatorPB.java:116)
	at org.apache.hadoop.hdds.protocol.proto.ScmBlockLocationProtocolProtos$ScmBlockLocationProtocolService$2.callBlockingMethod(ScmBlockLocationProtocolProtos.java:13157)
	at org.apache.hadoop.ipc.ProtobufRpcEngine$Server$ProtoBufRpcInvoker.call(ProtobufRpcEngine.java:524)
	at org.apache.hadoop.ipc.RPC$Server.call(RPC.java:1025)
	at org.apache.hadoop.ipc.Server$RpcCall.run(Server.java:876)
	at org.apache.hadoop.ipc.Server$RpcCall.run(Server.java:822)
	at java.security.AccessController.doPrivileged(Native Method)
	at javax.security.auth.Subject.doAs(Subject.java:422)
	at org.apache.hadoop.security.UserGroupInformation.doAs(UserGroupInformation.java:1730)
	at org.apache.hadoop.ipc.Server$Handler.run(Server.java:2682)
2019-09-25 05:59:47,869 [IPC Server handler 4 on 42227] INFO  pipeline.PipelinePlacementPolicy (PipelinePlacementPolicy.java:meetCriteria(91)) - Pipeline Placement: can't place more pipeline on heavy datanode： dcfa33bc-9001-4365-ad5d-758174e05f4c Heaviness: 6 limit: 5
2019-09-25 05:59:47,869 [IPC Server handler 4 on 42227] INFO  pipeline.PipelinePlacementPolicy (PipelinePlacementPolicy.java:meetCriteria(91)) - Pipeline Placement: can't place more pipeline on heavy datanode： a70ebb95-9827-4ee9-872e-51470ad9f886 Heaviness: 6 limit: 5
2019-09-25 05:59:47,869 [IPC Server handler 4 on 42227] INFO  pipeline.PipelinePlacementPolicy (PipelinePlacementPolicy.java:meetCriteria(91)) - Pipeline Placement: can't place more pipeline on heavy datanode： f8d3684d-44eb-42fd-8c21-2b8ad1aff988 Heaviness: 6 limit: 5
2019-09-25 05:59:47,870 [IPC Server handler 4 on 42227] INFO  pipeline.PipelinePlacementPolicy (PipelinePlacementPolicy.java:meetCriteria(91)) - Pipeline Placement: can't place more pipeline on heavy datanode： 327d7864-9593-4c84-9c3b-d4b21327d735 Heaviness: 6 limit: 5
2019-09-25 05:59:47,869 [pool-75-thread-4] ERROR freon.RandomKeyGenerator (RandomKeyGenerator.java:createKey(733)) - Exception while adding key: key-0-86644 in bucket: bucket-1-93920 of volume: vol-0-66605.
INTERNAL_ERROR org.apache.hadoop.ozone.om.exceptions.OMException: Allocated 0 blocks. Requested 1 blocks
	at org.apache.hadoop.ozone.om.protocolPB.OzoneManagerProtocolClientSideTranslatorPB.handleError(OzoneManagerProtocolClientSideTranslatorPB.java:732)
	at org.apache.hadoop.ozone.om.protocolPB.OzoneManagerProtocolClientSideTranslatorPB.openKey(OzoneManagerProtocolClientSideTranslatorPB.java:723)
	at sun.reflect.NativeMethodAccessorImpl.invoke0(Native Method)
	at sun.reflect.NativeMethodAccessorImpl.invoke(NativeMethodAccessorImpl.java:62)
	at sun.reflect.DelegatingMethodAccessorImpl.invoke(DelegatingMethodAccessorImpl.java:43)
	at java.lang.reflect.Method.invoke(Method.java:498)
	at org.apache.hadoop.hdds.tracing.TraceAllMethod.invoke(TraceAllMethod.java:66)
	at com.sun.proxy.$Proxy37.openKey(Unknown Source)
	at org.apache.hadoop.ozone.client.rpc.RpcClient.createKey(RpcClient.java:614)
	at org.apache.hadoop.ozone.client.OzoneBucket.createKey(OzoneBucket.java:325)
	at org.apache.hadoop.ozone.freon.RandomKeyGenerator.createKey(RandomKeyGenerator.java:695)
	at org.apache.hadoop.ozone.freon.RandomKeyGenerator.access$1100(RandomKeyGenerator.java:88)
	at org.apache.hadoop.ozone.freon.RandomKeyGenerator$ObjectCreator.run(RandomKeyGenerator.java:615)
	at java.util.concurrent.Executors$RunnableAdapter.call(Executors.java:511)
	at java.util.concurrent.FutureTask.run(FutureTask.java:266)
	at java.util.concurrent.ThreadPoolExecutor.runWorker(ThreadPoolExecutor.java:1149)
	at java.util.concurrent.ThreadPoolExecutor$Worker.run(ThreadPoolExecutor.java:624)
	at java.lang.Thread.run(Thread.java:748)
2019-09-25 05:59:47,869 [IPC Server handler 3 on 42227] INFO  block.BlockManagerImpl (BlockManagerImpl.java:allocateBlock(198)) - Could not find available pipeline of type:RATIS and factor:THREE even after retrying
2019-09-25 05:59:47,872 [IPC Server handler 3 on 42227] ERROR block.BlockManagerImpl (BlockManagerImpl.java:allocateBlock(222)) - Unable to allocate a block for the size: 4194304, type: RATIS, factor: THREE
2019-09-25 05:59:47,870 [IPC Server handler 4 on 42227] INFO  pipeline.PipelinePlacementPolicy (PipelinePlacementPolicy.java:meetCriteria(91)) - Pipeline Placement: can't place more pipeline on heavy datanode： 747dc408-4358-429b-ab46-4dec55806d9b Heaviness: 6 limit: 5
2019-09-25 05:59:47,874 [IPC Server handler 4 on 42227] ERROR pipeline.PipelinePlacementPolicy (PipelinePlacementPolicy.java:filterViableNodes(148)) - Unable to find enough nodes that meet the criteria that cannot engage in more than 5 pipelines. Nodes required: 3 Found: 0, healthy nodes count inNodeManager: 5.
2019-09-25 05:59:47,874 [IPC Server handler 4 on 42227] ERROR pipeline.SCMPipelineManager (SCMPipelineManager.java:createPipeline(167)) - Pipeline creation failed.
org.apache.hadoop.hdds.scm.exceptions.SCMException: Unable to find enough nodes that meet the criteria that cannot engage in more than 5 pipelines. Nodes required: 3 Found: 0, healthy nodes count inNodeManager: 5.
	at org.apache.hadoop.hdds.scm.pipeline.PipelinePlacementPolicy.filterViableNodes(PipelinePlacementPolicy.java:149)
	at org.apache.hadoop.hdds.scm.pipeline.PipelinePlacementPolicy.chooseDatanodes(PipelinePlacementPolicy.java:172)
	at org.apache.hadoop.hdds.scm.pipeline.RatisPipelineProvider.create(RatisPipelineProvider.java:93)
	at org.apache.hadoop.hdds.scm.pipeline.PipelineFactory.create(PipelineFactory.java:58)
	at org.apache.hadoop.hdds.scm.pipeline.SCMPipelineManager.createPipeline(SCMPipelineManager.java:155)
	at org.apache.hadoop.hdds.scm.block.BlockManagerImpl.allocateBlock(BlockManagerImpl.java:190)
	at org.apache.hadoop.hdds.scm.server.SCMBlockProtocolServer.allocateBlock(SCMBlockProtocolServer.java:182)
	at org.apache.hadoop.ozone.protocolPB.ScmBlockLocationProtocolServerSideTranslatorPB.allocateScmBlock(ScmBlockLocationProtocolServerSideTranslatorPB.java:183)
	at org.apache.hadoop.ozone.protocolPB.ScmBlockLocationProtocolServerSideTranslatorPB.processMessage(ScmBlockLocationProtocolServerSideTranslatorPB.java:141)
	at org.apache.hadoop.ozone.protocolPB.ScmBlockLocationProtocolServerSideTranslatorPB.send(ScmBlockLocationProtocolServerSideTranslatorPB.java:116)
	at org.apache.hadoop.hdds.protocol.proto.ScmBlockLocationProtocolProtos$ScmBlockLocationProtocolService$2.callBlockingMethod(ScmBlockLocationProtocolProtos.java:13157)
	at org.apache.hadoop.ipc.ProtobufRpcEngine$Server$ProtoBufRpcInvoker.call(ProtobufRpcEngine.java:524)
	at org.apache.hadoop.ipc.RPC$Server.call(RPC.java:1025)
	at org.apache.hadoop.ipc.Server$RpcCall.run(Server.java:876)
	at org.apache.hadoop.ipc.Server$RpcCall.run(Server.java:822)
	at java.security.AccessController.doPrivileged(Native Method)
	at javax.security.auth.Subject.doAs(Subject.java:422)
	at org.apache.hadoop.security.UserGroupInformation.doAs(UserGroupInformation.java:1730)
	at org.apache.hadoop.ipc.Server$Handler.run(Server.java:2682)
2019-09-25 05:59:47,874 [IPC Server handler 4 on 42227] WARN  block.BlockManagerImpl (BlockManagerImpl.java:allocateBlock(192)) - Pipeline creation failed for type:RATIS factor:THREE. Retrying get pipelines call once.
org.apache.hadoop.hdds.scm.exceptions.SCMException: Unable to find enough nodes that meet the criteria that cannot engage in more than 5 pipelines. Nodes required: 3 Found: 0, healthy nodes count inNodeManager: 5.
	at org.apache.hadoop.hdds.scm.pipeline.PipelinePlacementPolicy.filterViableNodes(PipelinePlacementPolicy.java:149)
	at org.apache.hadoop.hdds.scm.pipeline.PipelinePlacementPolicy.chooseDatanodes(PipelinePlacementPolicy.java:172)
	at org.apache.hadoop.hdds.scm.pipeline.RatisPipelineProvider.create(RatisPipelineProvider.java:93)
	at org.apache.hadoop.hdds.scm.pipeline.PipelineFactory.create(PipelineFactory.java:58)
	at org.apache.hadoop.hdds.scm.pipeline.SCMPipelineManager.createPipeline(SCMPipelineManager.java:155)
	at org.apache.hadoop.hdds.scm.block.BlockManagerImpl.allocateBlock(BlockManagerImpl.java:190)
	at org.apache.hadoop.hdds.scm.server.SCMBlockProtocolServer.allocateBlock(SCMBlockProtocolServer.java:182)
	at org.apache.hadoop.ozone.protocolPB.ScmBlockLocationProtocolServerSideTranslatorPB.allocateScmBlock(ScmBlockLocationProtocolServerSideTranslatorPB.java:183)
	at org.apache.hadoop.ozone.protocolPB.ScmBlockLocationProtocolServerSideTranslatorPB.processMessage(ScmBlockLocationProtocolServerSideTranslatorPB.java:141)
	at org.apache.hadoop.ozone.protocolPB.ScmBlockLocationProtocolServerSideTranslatorPB.send(ScmBlockLocationProtocolServerSideTranslatorPB.java:116)
	at org.apache.hadoop.hdds.protocol.proto.ScmBlockLocationProtocolProtos$ScmBlockLocationProtocolService$2.callBlockingMethod(ScmBlockLocationProtocolProtos.java:13157)
	at org.apache.hadoop.ipc.ProtobufRpcEngine$Server$ProtoBufRpcInvoker.call(ProtobufRpcEngine.java:524)
	at org.apache.hadoop.ipc.RPC$Server.call(RPC.java:1025)
	at org.apache.hadoop.ipc.Server$RpcCall.run(Server.java:876)
	at org.apache.hadoop.ipc.Server$RpcCall.run(Server.java:822)
	at java.security.AccessController.doPrivileged(Native Method)
	at javax.security.auth.Subject.doAs(Subject.java:422)
	at org.apache.hadoop.security.UserGroupInformation.doAs(UserGroupInformation.java:1730)
	at org.apache.hadoop.ipc.Server$Handler.run(Server.java:2682)
2019-09-25 05:59:47,875 [pool-75-thread-1] ERROR freon.RandomKeyGenerator (RandomKeyGenerator.java:createKey(733)) - Exception while adding key: key-0-61692 in bucket: bucket-0-88490 of volume: vol-0-66605.
INTERNAL_ERROR org.apache.hadoop.ozone.om.exceptions.OMException: Allocated 0 blocks. Requested 1 blocks
	at org.apache.hadoop.ozone.om.protocolPB.OzoneManagerProtocolClientSideTranslatorPB.handleError(OzoneManagerProtocolClientSideTranslatorPB.java:732)
	at org.apache.hadoop.ozone.om.protocolPB.OzoneManagerProtocolClientSideTranslatorPB.openKey(OzoneManagerProtocolClientSideTranslatorPB.java:723)
	at sun.reflect.NativeMethodAccessorImpl.invoke0(Native Method)
	at sun.reflect.NativeMethodAccessorImpl.invoke(NativeMethodAccessorImpl.java:62)
	at sun.reflect.DelegatingMethodAccessorImpl.invoke(DelegatingMethodAccessorImpl.java:43)
	at java.lang.reflect.Method.invoke(Method.java:498)
	at org.apache.hadoop.hdds.tracing.TraceAllMethod.invoke(TraceAllMethod.java:66)
	at com.sun.proxy.$Proxy37.openKey(Unknown Source)
	at org.apache.hadoop.ozone.client.rpc.RpcClient.createKey(RpcClient.java:614)
	at org.apache.hadoop.ozone.client.OzoneBucket.createKey(OzoneBucket.java:325)
	at org.apache.hadoop.ozone.freon.RandomKeyGenerator.createKey(RandomKeyGenerator.java:695)
	at org.apache.hadoop.ozone.freon.RandomKeyGenerator.access$1100(RandomKeyGenerator.java:88)
	at org.apache.hadoop.ozone.freon.RandomKeyGenerator$ObjectCreator.run(RandomKeyGenerator.java:615)
	at java.util.concurrent.Executors$RunnableAdapter.call(Executors.java:511)
	at java.util.concurrent.FutureTask.run(FutureTask.java:266)
	at java.util.concurrent.ThreadPoolExecutor.runWorker(ThreadPoolExecutor.java:1149)
	at java.util.concurrent.ThreadPoolExecutor$Worker.run(ThreadPoolExecutor.java:624)
	at java.lang.Thread.run(Thread.java:748)
2019-09-25 05:59:47,874 [IPC Server handler 1 on 42227] INFO  pipeline.PipelinePlacementPolicy (PipelinePlacementPolicy.java:meetCriteria(91)) - Pipeline Placement: can't place more pipeline on heavy datanode： dcfa33bc-9001-4365-ad5d-758174e05f4c Heaviness: 6 limit: 5
2019-09-25 05:59:47,875 [IPC Server handler 1 on 42227] INFO  pipeline.PipelinePlacementPolicy (PipelinePlacementPolicy.java:meetCriteria(91)) - Pipeline Placement: can't place more pipeline on heavy datanode： a70ebb95-9827-4ee9-872e-51470ad9f886 Heaviness: 6 limit: 5
2019-09-25 05:59:47,875 [IPC Server handler 1 on 42227] INFO  pipeline.PipelinePlacementPolicy (PipelinePlacementPolicy.java:meetCriteria(91)) - Pipeline Placement: can't place more pipeline on heavy datanode： f8d3684d-44eb-42fd-8c21-2b8ad1aff988 Heaviness: 6 limit: 5
2019-09-25 05:59:47,876 [IPC Server handler 1 on 42227] INFO  pipeline.PipelinePlacementPolicy (PipelinePlacementPolicy.java:meetCriteria(91)) - Pipeline Placement: can't place more pipeline on heavy datanode： 327d7864-9593-4c84-9c3b-d4b21327d735 Heaviness: 6 limit: 5
2019-09-25 05:59:47,876 [IPC Server handler 1 on 42227] INFO  pipeline.PipelinePlacementPolicy (PipelinePlacementPolicy.java:meetCriteria(91)) - Pipeline Placement: can't place more pipeline on heavy datanode： 747dc408-4358-429b-ab46-4dec55806d9b Heaviness: 6 limit: 5
2019-09-25 05:59:47,876 [IPC Server handler 1 on 42227] ERROR pipeline.PipelinePlacementPolicy (PipelinePlacementPolicy.java:filterViableNodes(148)) - Unable to find enough nodes that meet the criteria that cannot engage in more than 5 pipelines. Nodes required: 3 Found: 0, healthy nodes count inNodeManager: 5.
2019-09-25 05:59:47,876 [IPC Server handler 1 on 42227] ERROR pipeline.SCMPipelineManager (SCMPipelineManager.java:createPipeline(167)) - Pipeline creation failed.
org.apache.hadoop.hdds.scm.exceptions.SCMException: Unable to find enough nodes that meet the criteria that cannot engage in more than 5 pipelines. Nodes required: 3 Found: 0, healthy nodes count inNodeManager: 5.
	at org.apache.hadoop.hdds.scm.pipeline.PipelinePlacementPolicy.filterViableNodes(PipelinePlacementPolicy.java:149)
	at org.apache.hadoop.hdds.scm.pipeline.PipelinePlacementPolicy.chooseDatanodes(PipelinePlacementPolicy.java:172)
	at org.apache.hadoop.hdds.scm.pipeline.RatisPipelineProvider.create(RatisPipelineProvider.java:93)
	at org.apache.hadoop.hdds.scm.pipeline.PipelineFactory.create(PipelineFactory.java:58)
	at org.apache.hadoop.hdds.scm.pipeline.SCMPipelineManager.createPipeline(SCMPipelineManager.java:155)
	at org.apache.hadoop.hdds.scm.block.BlockManagerImpl.allocateBlock(BlockManagerImpl.java:190)
	at org.apache.hadoop.hdds.scm.server.SCMBlockProtocolServer.allocateBlock(SCMBlockProtocolServer.java:182)
	at org.apache.hadoop.ozone.protocolPB.ScmBlockLocationProtocolServerSideTranslatorPB.allocateScmBlock(ScmBlockLocationProtocolServerSideTranslatorPB.java:183)
	at org.apache.hadoop.ozone.protocolPB.ScmBlockLocationProtocolServerSideTranslatorPB.processMessage(ScmBlockLocationProtocolServerSideTranslatorPB.java:141)
	at org.apache.hadoop.ozone.protocolPB.ScmBlockLocationProtocolServerSideTranslatorPB.send(ScmBlockLocationProtocolServerSideTranslatorPB.java:116)
	at org.apache.hadoop.hdds.protocol.proto.ScmBlockLocationProtocolProtos$ScmBlockLocationProtocolService$2.callBlockingMethod(ScmBlockLocationProtocolProtos.java:13157)
	at org.apache.hadoop.ipc.ProtobufRpcEngine$Server$ProtoBufRpcInvoker.call(ProtobufRpcEngine.java:524)
	at org.apache.hadoop.ipc.RPC$Server.call(RPC.java:1025)
	at org.apache.hadoop.ipc.Server$RpcCall.run(Server.java:876)
	at org.apache.hadoop.ipc.Server$RpcCall.run(Server.java:822)
	at java.security.AccessController.doPrivileged(Native Method)
	at javax.security.auth.Subject.doAs(Subject.java:422)
	at org.apache.hadoop.security.UserGroupInformation.doAs(UserGroupInformation.java:1730)
	at org.apache.hadoop.ipc.Server$Handler.run(Server.java:2682)
2019-09-25 05:59:47,878 [IPC Server handler 1 on 42227] WARN  block.BlockManagerImpl (BlockManagerImpl.java:allocateBlock(192)) - Pipeline creation failed for type:RATIS factor:THREE. Retrying get pipelines call once.
org.apache.hadoop.hdds.scm.exceptions.SCMException: Unable to find enough nodes that meet the criteria that cannot engage in more than 5 pipelines. Nodes required: 3 Found: 0, healthy nodes count inNodeManager: 5.
	at org.apache.hadoop.hdds.scm.pipeline.PipelinePlacementPolicy.filterViableNodes(PipelinePlacementPolicy.java:149)
	at org.apache.hadoop.hdds.scm.pipeline.PipelinePlacementPolicy.chooseDatanodes(PipelinePlacementPolicy.java:172)
	at org.apache.hadoop.hdds.scm.pipeline.RatisPipelineProvider.create(RatisPipelineProvider.java:93)
	at org.apache.hadoop.hdds.scm.pipeline.PipelineFactory.create(PipelineFactory.java:58)
	at org.apache.hadoop.hdds.scm.pipeline.SCMPipelineManager.createPipeline(SCMPipelineManager.java:155)
	at org.apache.hadoop.hdds.scm.block.BlockManagerImpl.allocateBlock(BlockManagerImpl.java:190)
	at org.apache.hadoop.hdds.scm.server.SCMBlockProtocolServer.allocateBlock(SCMBlockProtocolServer.java:182)
	at org.apache.hadoop.ozone.protocolPB.ScmBlockLocationProtocolServerSideTranslatorPB.allocateScmBlock(ScmBlockLocationProtocolServerSideTranslatorPB.java:183)
	at org.apache.hadoop.ozone.protocolPB.ScmBlockLocationProtocolServerSideTranslatorPB.processMessage(ScmBlockLocationProtocolServerSideTranslatorPB.java:141)
	at org.apache.hadoop.ozone.protocolPB.ScmBlockLocationProtocolServerSideTranslatorPB.send(ScmBlockLocationProtocolServerSideTranslatorPB.java:116)
	at org.apache.hadoop.hdds.protocol.proto.ScmBlockLocationProtocolProtos$ScmBlockLocationProtocolService$2.callBlockingMethod(ScmBlockLocationProtocolProtos.java:13157)
	at org.apache.hadoop.ipc.ProtobufRpcEngine$Server$ProtoBufRpcInvoker.call(ProtobufRpcEngine.java:524)
	at org.apache.hadoop.ipc.RPC$Server.call(RPC.java:1025)
	at org.apache.hadoop.ipc.Server$RpcCall.run(Server.java:876)
	at org.apache.hadoop.ipc.Server$RpcCall.run(Server.java:822)
	at java.security.AccessController.doPrivileged(Native Method)
	at javax.security.auth.Subject.doAs(Subject.java:422)
	at org.apache.hadoop.security.UserGroupInformation.doAs(UserGroupInformation.java:1730)
	at org.apache.hadoop.ipc.Server$Handler.run(Server.java:2682)
2019-09-25 05:59:47,878 [IPC Server handler 4 on 42227] INFO  block.BlockManagerImpl (BlockManagerImpl.java:allocateBlock(198)) - Could not find available pipeline of type:RATIS and factor:THREE even after retrying
2019-09-25 05:59:47,878 [IPC Server handler 4 on 42227] ERROR block.BlockManagerImpl (BlockManagerImpl.java:allocateBlock(222)) - Unable to allocate a block for the size: 4194304, type: RATIS, factor: THREE
2019-09-25 05:59:47,878 [IPC Server handler 2 on 42227] INFO  block.BlockManagerImpl (BlockManagerImpl.java:allocateBlock(198)) - Could not find available pipeline of type:RATIS and factor:THREE even after retrying
2019-09-25 05:59:47,879 [IPC Server handler 2 on 42227] ERROR block.BlockManagerImpl (BlockManagerImpl.java:allocateBlock(222)) - Unable to allocate a block for the size: 4194304, type: RATIS, factor: THREE
2019-09-25 05:59:47,878 [IPC Server handler 8 on 42227] INFO  pipeline.PipelinePlacementPolicy (PipelinePlacementPolicy.java:meetCriteria(91)) - Pipeline Placement: can't place more pipeline on heavy datanode： dcfa33bc-9001-4365-ad5d-758174e05f4c Heaviness: 6 limit: 5
2019-09-25 05:59:47,879 [IPC Server handler 8 on 42227] INFO  pipeline.PipelinePlacementPolicy (PipelinePlacementPolicy.java:meetCriteria(91)) - Pipeline Placement: can't place more pipeline on heavy datanode： a70ebb95-9827-4ee9-872e-51470ad9f886 Heaviness: 6 limit: 5
2019-09-25 05:59:47,879 [IPC Server handler 8 on 42227] INFO  pipeline.PipelinePlacementPolicy (PipelinePlacementPolicy.java:meetCriteria(91)) - Pipeline Placement: can't place more pipeline on heavy datanode： f8d3684d-44eb-42fd-8c21-2b8ad1aff988 Heaviness: 6 limit: 5
2019-09-25 05:59:47,887 [IPC Server handler 8 on 42227] INFO  pipeline.PipelinePlacementPolicy (PipelinePlacementPolicy.java:meetCriteria(91)) - Pipeline Placement: can't place more pipeline on heavy datanode： 327d7864-9593-4c84-9c3b-d4b21327d735 Heaviness: 6 limit: 5
2019-09-25 05:59:47,887 [pool-75-thread-5] ERROR freon.RandomKeyGenerator (RandomKeyGenerator.java:createKey(733)) - Exception while adding key: key-0-95384 in bucket: bucket-2-92099 of volume: vol-0-66605.
INTERNAL_ERROR org.apache.hadoop.ozone.om.exceptions.OMException: Allocated 0 blocks. Requested 1 blocks
	at org.apache.hadoop.ozone.om.protocolPB.OzoneManagerProtocolClientSideTranslatorPB.handleError(OzoneManagerProtocolClientSideTranslatorPB.java:732)
	at org.apache.hadoop.ozone.om.protocolPB.OzoneManagerProtocolClientSideTranslatorPB.openKey(OzoneManagerProtocolClientSideTranslatorPB.java:723)
	at sun.reflect.NativeMethodAccessorImpl.invoke0(Native Method)
	at sun.reflect.NativeMethodAccessorImpl.invoke(NativeMethodAccessorImpl.java:62)
	at sun.reflect.DelegatingMethodAccessorImpl.invoke(DelegatingMethodAccessorImpl.java:43)
	at java.lang.reflect.Method.invoke(Method.java:498)
	at org.apache.hadoop.hdds.tracing.TraceAllMethod.invoke(TraceAllMethod.java:66)
	at com.sun.proxy.$Proxy37.openKey(Unknown Source)
	at org.apache.hadoop.ozone.client.rpc.RpcClient.createKey(RpcClient.java:614)
	at org.apache.hadoop.ozone.client.OzoneBucket.createKey(OzoneBucket.java:325)
	at org.apache.hadoop.ozone.freon.RandomKeyGenerator.createKey(RandomKeyGenerator.java:695)
	at org.apache.hadoop.ozone.freon.RandomKeyGenerator.access$1100(RandomKeyGenerator.java:88)
	at org.apache.hadoop.ozone.freon.RandomKeyGenerator$ObjectCreator.run(RandomKeyGenerator.java:615)
	at java.util.concurrent.Executors$RunnableAdapter.call(Executors.java:511)
	at java.util.concurrent.FutureTask.run(FutureTask.java:266)
	at java.util.concurrent.ThreadPoolExecutor.runWorker(ThreadPoolExecutor.java:1149)
	at java.util.concurrent.ThreadPoolExecutor$Worker.run(ThreadPoolExecutor.java:624)
	at java.lang.Thread.run(Thread.java:748)
2019-09-25 05:59:47,887 [pool-75-thread-2] ERROR freon.RandomKeyGenerator (RandomKeyGenerator.java:createKey(733)) - Exception while adding key: key-0-92582 in bucket: bucket-0-98024 of volume: vol-1-86965.
INTERNAL_ERROR org.apache.hadoop.ozone.om.exceptions.OMException: Allocated 0 blocks. Requested 1 blocks
	at org.apache.hadoop.ozone.om.protocolPB.OzoneManagerProtocolClientSideTranslatorPB.handleError(OzoneManagerProtocolClientSideTranslatorPB.java:732)
	at org.apache.hadoop.ozone.om.protocolPB.OzoneManagerProtocolClientSideTranslatorPB.openKey(OzoneManagerProtocolClientSideTranslatorPB.java:723)
	at sun.reflect.NativeMethodAccessorImpl.invoke0(Native Method)
	at sun.reflect.NativeMethodAccessorImpl.invoke(NativeMethodAccessorImpl.java:62)
	at sun.reflect.DelegatingMethodAccessorImpl.invoke(DelegatingMethodAccessorImpl.java:43)
	at java.lang.reflect.Method.invoke(Method.java:498)
	at org.apache.hadoop.hdds.tracing.TraceAllMethod.invoke(TraceAllMethod.java:66)
	at com.sun.proxy.$Proxy37.openKey(Unknown Source)
	at org.apache.hadoop.ozone.client.rpc.RpcClient.createKey(RpcClient.java:614)
	at org.apache.hadoop.ozone.client.OzoneBucket.createKey(OzoneBucket.java:325)
	at org.apache.hadoop.ozone.freon.RandomKeyGenerator.createKey(RandomKeyGenerator.java:695)
	at org.apache.hadoop.ozone.freon.RandomKeyGenerator.access$1100(RandomKeyGenerator.java:88)
	at org.apache.hadoop.ozone.freon.RandomKeyGenerator$ObjectCreator.run(RandomKeyGenerator.java:615)
	at java.util.concurrent.Executors$RunnableAdapter.call(Executors.java:511)
	at java.util.concurrent.FutureTask.run(FutureTask.java:266)
	at java.util.concurrent.ThreadPoolExecutor.runWorker(ThreadPoolExecutor.java:1149)
	at java.util.concurrent.ThreadPoolExecutor$Worker.run(ThreadPoolExecutor.java:624)
	at java.lang.Thread.run(Thread.java:748)
2019-09-25 05:59:47,887 [IPC Server handler 8 on 42227] INFO  pipeline.PipelinePlacementPolicy (PipelinePlacementPolicy.java:meetCriteria(91)) - Pipeline Placement: can't place more pipeline on heavy datanode： 747dc408-4358-429b-ab46-4dec55806d9b Heaviness: 6 limit: 5
2019-09-25 05:59:47,888 [IPC Server handler 8 on 42227] ERROR pipeline.PipelinePlacementPolicy (PipelinePlacementPolicy.java:filterViableNodes(148)) - Unable to find enough nodes that meet the criteria that cannot engage in more than 5 pipelines. Nodes required: 3 Found: 0, healthy nodes count inNodeManager: 5.
2019-09-25 05:59:47,889 [IPC Server handler 8 on 42227] ERROR pipeline.SCMPipelineManager (SCMPipelineManager.java:createPipeline(167)) - Pipeline creation failed.
org.apache.hadoop.hdds.scm.exceptions.SCMException: Unable to find enough nodes that meet the criteria that cannot engage in more than 5 pipelines. Nodes required: 3 Found: 0, healthy nodes count inNodeManager: 5.
	at org.apache.hadoop.hdds.scm.pipeline.PipelinePlacementPolicy.filterViableNodes(PipelinePlacementPolicy.java:149)
	at org.apache.hadoop.hdds.scm.pipeline.PipelinePlacementPolicy.chooseDatanodes(PipelinePlacementPolicy.java:172)
	at org.apache.hadoop.hdds.scm.pipeline.RatisPipelineProvider.create(RatisPipelineProvider.java:93)
	at org.apache.hadoop.hdds.scm.pipeline.PipelineFactory.create(PipelineFactory.java:58)
	at org.apache.hadoop.hdds.scm.pipeline.SCMPipelineManager.createPipeline(SCMPipelineManager.java:155)
	at org.apache.hadoop.hdds.scm.block.BlockManagerImpl.allocateBlock(BlockManagerImpl.java:190)
	at org.apache.hadoop.hdds.scm.server.SCMBlockProtocolServer.allocateBlock(SCMBlockProtocolServer.java:182)
	at org.apache.hadoop.ozone.protocolPB.ScmBlockLocationProtocolServerSideTranslatorPB.allocateScmBlock(ScmBlockLocationProtocolServerSideTranslatorPB.java:183)
	at org.apache.hadoop.ozone.protocolPB.ScmBlockLocationProtocolServerSideTranslatorPB.processMessage(ScmBlockLocationProtocolServerSideTranslatorPB.java:141)
	at org.apache.hadoop.ozone.protocolPB.ScmBlockLocationProtocolServerSideTranslatorPB.send(ScmBlockLocationProtocolServerSideTranslatorPB.java:116)
	at org.apache.hadoop.hdds.protocol.proto.ScmBlockLocationProtocolProtos$ScmBlockLocationProtocolService$2.callBlockingMethod(ScmBlockLocationProtocolProtos.java:13157)
	at org.apache.hadoop.ipc.ProtobufRpcEngine$Server$ProtoBufRpcInvoker.call(ProtobufRpcEngine.java:524)
	at org.apache.hadoop.ipc.RPC$Server.call(RPC.java:1025)
	at org.apache.hadoop.ipc.Server$RpcCall.run(Server.java:876)
	at org.apache.hadoop.ipc.Server$RpcCall.run(Server.java:822)
	at java.security.AccessController.doPrivileged(Native Method)
	at javax.security.auth.Subject.doAs(Subject.java:422)
	at org.apache.hadoop.security.UserGroupInformation.doAs(UserGroupInformation.java:1730)
	at org.apache.hadoop.ipc.Server$Handler.run(Server.java:2682)
2019-09-25 05:59:47,903 [IPC Server handler 8 on 42227] WARN  block.BlockManagerImpl (BlockManagerImpl.java:allocateBlock(192)) - Pipeline creation failed for type:RATIS factor:THREE. Retrying get pipelines call once.
org.apache.hadoop.hdds.scm.exceptions.SCMException: Unable to find enough nodes that meet the criteria that cannot engage in more than 5 pipelines. Nodes required: 3 Found: 0, healthy nodes count inNodeManager: 5.
	at org.apache.hadoop.hdds.scm.pipeline.PipelinePlacementPolicy.filterViableNodes(PipelinePlacementPolicy.java:149)
	at org.apache.hadoop.hdds.scm.pipeline.PipelinePlacementPolicy.chooseDatanodes(PipelinePlacementPolicy.java:172)
	at org.apache.hadoop.hdds.scm.pipeline.RatisPipelineProvider.create(RatisPipelineProvider.java:93)
	at org.apache.hadoop.hdds.scm.pipeline.PipelineFactory.create(PipelineFactory.java:58)
	at org.apache.hadoop.hdds.scm.pipeline.SCMPipelineManager.createPipeline(SCMPipelineManager.java:155)
	at org.apache.hadoop.hdds.scm.block.BlockManagerImpl.allocateBlock(BlockManagerImpl.java:190)
	at org.apache.hadoop.hdds.scm.server.SCMBlockProtocolServer.allocateBlock(SCMBlockProtocolServer.java:182)
	at org.apache.hadoop.ozone.protocolPB.ScmBlockLocationProtocolServerSideTranslatorPB.allocateScmBlock(ScmBlockLocationProtocolServerSideTranslatorPB.java:183)
	at org.apache.hadoop.ozone.protocolPB.ScmBlockLocationProtocolServerSideTranslatorPB.processMessage(ScmBlockLocationProtocolServerSideTranslatorPB.java:141)
	at org.apache.hadoop.ozone.protocolPB.ScmBlockLocationProtocolServerSideTranslatorPB.send(ScmBlockLocationProtocolServerSideTranslatorPB.java:116)
	at org.apache.hadoop.hdds.protocol.proto.ScmBlockLocationProtocolProtos$ScmBlockLocationProtocolService$2.callBlockingMethod(ScmBlockLocationProtocolProtos.java:13157)
	at org.apache.hadoop.ipc.ProtobufRpcEngine$Server$ProtoBufRpcInvoker.call(ProtobufRpcEngine.java:524)
	at org.apache.hadoop.ipc.RPC$Server.call(RPC.java:1025)
	at org.apache.hadoop.ipc.Server$RpcCall.run(Server.java:876)
	at org.apache.hadoop.ipc.Server$RpcCall.run(Server.java:822)
	at java.security.AccessController.doPrivileged(Native Method)
	at javax.security.auth.Subject.doAs(Subject.java:422)
	at org.apache.hadoop.security.UserGroupInformation.doAs(UserGroupInformation.java:1730)
	at org.apache.hadoop.ipc.Server$Handler.run(Server.java:2682)
2019-09-25 05:59:47,903 [IPC Server handler 12 on 42227] INFO  pipeline.PipelinePlacementPolicy (PipelinePlacementPolicy.java:meetCriteria(91)) - Pipeline Placement: can't place more pipeline on heavy datanode： dcfa33bc-9001-4365-ad5d-758174e05f4c Heaviness: 6 limit: 5
2019-09-25 05:59:47,904 [IPC Server handler 12 on 42227] INFO  pipeline.PipelinePlacementPolicy (PipelinePlacementPolicy.java:meetCriteria(91)) - Pipeline Placement: can't place more pipeline on heavy datanode： a70ebb95-9827-4ee9-872e-51470ad9f886 Heaviness: 6 limit: 5
2019-09-25 05:59:47,903 [IPC Server handler 1 on 42227] INFO  block.BlockManagerImpl (BlockManagerImpl.java:allocateBlock(198)) - Could not find available pipeline of type:RATIS and factor:THREE even after retrying
2019-09-25 05:59:47,904 [IPC Server handler 12 on 42227] INFO  pipeline.PipelinePlacementPolicy (PipelinePlacementPolicy.java:meetCriteria(91)) - Pipeline Placement: can't place more pipeline on heavy datanode： f8d3684d-44eb-42fd-8c21-2b8ad1aff988 Heaviness: 6 limit: 5
2019-09-25 05:59:47,904 [IPC Server handler 1 on 42227] ERROR block.BlockManagerImpl (BlockManagerImpl.java:allocateBlock(222)) - Unable to allocate a block for the size: 4194304, type: RATIS, factor: THREE
2019-09-25 05:59:47,905 [IPC Server handler 12 on 42227] INFO  pipeline.PipelinePlacementPolicy (PipelinePlacementPolicy.java:meetCriteria(91)) - Pipeline Placement: can't place more pipeline on heavy datanode： 327d7864-9593-4c84-9c3b-d4b21327d735 Heaviness: 6 limit: 5
2019-09-25 05:59:47,905 [IPC Server handler 12 on 42227] INFO  pipeline.PipelinePlacementPolicy (PipelinePlacementPolicy.java:meetCriteria(91)) - Pipeline Placement: can't place more pipeline on heavy datanode： 747dc408-4358-429b-ab46-4dec55806d9b Heaviness: 6 limit: 5
2019-09-25 05:59:47,905 [IPC Server handler 12 on 42227] ERROR pipeline.PipelinePlacementPolicy (PipelinePlacementPolicy.java:filterViableNodes(148)) - Unable to find enough nodes that meet the criteria that cannot engage in more than 5 pipelines. Nodes required: 3 Found: 0, healthy nodes count inNodeManager: 5.
2019-09-25 05:59:47,905 [IPC Server handler 12 on 42227] ERROR pipeline.SCMPipelineManager (SCMPipelineManager.java:createPipeline(167)) - Pipeline creation failed.
org.apache.hadoop.hdds.scm.exceptions.SCMException: Unable to find enough nodes that meet the criteria that cannot engage in more than 5 pipelines. Nodes required: 3 Found: 0, healthy nodes count inNodeManager: 5.
	at org.apache.hadoop.hdds.scm.pipeline.PipelinePlacementPolicy.filterViableNodes(PipelinePlacementPolicy.java:149)
	at org.apache.hadoop.hdds.scm.pipeline.PipelinePlacementPolicy.chooseDatanodes(PipelinePlacementPolicy.java:172)
	at org.apache.hadoop.hdds.scm.pipeline.RatisPipelineProvider.create(RatisPipelineProvider.java:93)
	at org.apache.hadoop.hdds.scm.pipeline.PipelineFactory.create(PipelineFactory.java:58)
	at org.apache.hadoop.hdds.scm.pipeline.SCMPipelineManager.createPipeline(SCMPipelineManager.java:155)
	at org.apache.hadoop.hdds.scm.block.BlockManagerImpl.allocateBlock(BlockManagerImpl.java:190)
	at org.apache.hadoop.hdds.scm.server.SCMBlockProtocolServer.allocateBlock(SCMBlockProtocolServer.java:182)
	at org.apache.hadoop.ozone.protocolPB.ScmBlockLocationProtocolServerSideTranslatorPB.allocateScmBlock(ScmBlockLocationProtocolServerSideTranslatorPB.java:183)
	at org.apache.hadoop.ozone.protocolPB.ScmBlockLocationProtocolServerSideTranslatorPB.processMessage(ScmBlockLocationProtocolServerSideTranslatorPB.java:141)
	at org.apache.hadoop.ozone.protocolPB.ScmBlockLocationProtocolServerSideTranslatorPB.send(ScmBlockLocationProtocolServerSideTranslatorPB.java:116)
	at org.apache.hadoop.hdds.protocol.proto.ScmBlockLocationProtocolProtos$ScmBlockLocationProtocolService$2.callBlockingMethod(ScmBlockLocationProtocolProtos.java:13157)
	at org.apache.hadoop.ipc.ProtobufRpcEngine$Server$ProtoBufRpcInvoker.call(ProtobufRpcEngine.java:524)
	at org.apache.hadoop.ipc.RPC$Server.call(RPC.java:1025)
	at org.apache.hadoop.ipc.Server$RpcCall.run(Server.java:876)
	at org.apache.hadoop.ipc.Server$RpcCall.run(Server.java:822)
	at java.security.AccessController.doPrivileged(Native Method)
	at javax.security.auth.Subject.doAs(Subject.java:422)
	at org.apache.hadoop.security.UserGroupInformation.doAs(UserGroupInformation.java:1730)
	at org.apache.hadoop.ipc.Server$Handler.run(Server.java:2682)
2019-09-25 05:59:47,906 [IPC Server handler 12 on 42227] WARN  block.BlockManagerImpl (BlockManagerImpl.java:allocateBlock(192)) - Pipeline creation failed for type:RATIS factor:THREE. Retrying get pipelines call once.
org.apache.hadoop.hdds.scm.exceptions.SCMException: Unable to find enough nodes that meet the criteria that cannot engage in more than 5 pipelines. Nodes required: 3 Found: 0, healthy nodes count inNodeManager: 5.
	at org.apache.hadoop.hdds.scm.pipeline.PipelinePlacementPolicy.filterViableNodes(PipelinePlacementPolicy.java:149)
	at org.apache.hadoop.hdds.scm.pipeline.PipelinePlacementPolicy.chooseDatanodes(PipelinePlacementPolicy.java:172)
	at org.apache.hadoop.hdds.scm.pipeline.RatisPipelineProvider.create(RatisPipelineProvider.java:93)
	at org.apache.hadoop.hdds.scm.pipeline.PipelineFactory.create(PipelineFactory.java:58)
	at org.apache.hadoop.hdds.scm.pipeline.SCMPipelineManager.createPipeline(SCMPipelineManager.java:155)
	at org.apache.hadoop.hdds.scm.block.BlockManagerImpl.allocateBlock(BlockManagerImpl.java:190)
	at org.apache.hadoop.hdds.scm.server.SCMBlockProtocolServer.allocateBlock(SCMBlockProtocolServer.java:182)
	at org.apache.hadoop.ozone.protocolPB.ScmBlockLocationProtocolServerSideTranslatorPB.allocateScmBlock(ScmBlockLocationProtocolServerSideTranslatorPB.java:183)
	at org.apache.hadoop.ozone.protocolPB.ScmBlockLocationProtocolServerSideTranslatorPB.processMessage(ScmBlockLocationProtocolServerSideTranslatorPB.java:141)
	at org.apache.hadoop.ozone.protocolPB.ScmBlockLocationProtocolServerSideTranslatorPB.send(ScmBlockLocationProtocolServerSideTranslatorPB.java:116)
	at org.apache.hadoop.hdds.protocol.proto.ScmBlockLocationProtocolProtos$ScmBlockLocationProtocolService$2.callBlockingMethod(ScmBlockLocationProtocolProtos.java:13157)
	at org.apache.hadoop.ipc.ProtobufRpcEngine$Server$ProtoBufRpcInvoker.call(ProtobufRpcEngine.java:524)
	at org.apache.hadoop.ipc.RPC$Server.call(RPC.java:1025)
	at org.apache.hadoop.ipc.Server$RpcCall.run(Server.java:876)
	at org.apache.hadoop.ipc.Server$RpcCall.run(Server.java:822)
	at java.security.AccessController.doPrivileged(Native Method)
	at javax.security.auth.Subject.doAs(Subject.java:422)
	at org.apache.hadoop.security.UserGroupInformation.doAs(UserGroupInformation.java:1730)
	at org.apache.hadoop.ipc.Server$Handler.run(Server.java:2682)
2019-09-25 05:59:47,906 [pool-75-thread-3] ERROR freon.RandomKeyGenerator (RandomKeyGenerator.java:createKey(733)) - Exception while adding key: key-0-94978 in bucket: bucket-1-41236 of volume: vol-1-86965.
INTERNAL_ERROR org.apache.hadoop.ozone.om.exceptions.OMException: Allocated 0 blocks. Requested 1 blocks
	at org.apache.hadoop.ozone.om.protocolPB.OzoneManagerProtocolClientSideTranslatorPB.handleError(OzoneManagerProtocolClientSideTranslatorPB.java:732)
	at org.apache.hadoop.ozone.om.protocolPB.OzoneManagerProtocolClientSideTranslatorPB.openKey(OzoneManagerProtocolClientSideTranslatorPB.java:723)
	at sun.reflect.NativeMethodAccessorImpl.invoke0(Native Method)
	at sun.reflect.NativeMethodAccessorImpl.invoke(NativeMethodAccessorImpl.java:62)
	at sun.reflect.DelegatingMethodAccessorImpl.invoke(DelegatingMethodAccessorImpl.java:43)
	at java.lang.reflect.Method.invoke(Method.java:498)
	at org.apache.hadoop.hdds.tracing.TraceAllMethod.invoke(TraceAllMethod.java:66)
	at com.sun.proxy.$Proxy37.openKey(Unknown Source)
	at org.apache.hadoop.ozone.client.rpc.RpcClient.createKey(RpcClient.java:614)
	at org.apache.hadoop.ozone.client.OzoneBucket.createKey(OzoneBucket.java:325)
	at org.apache.hadoop.ozone.freon.RandomKeyGenerator.createKey(RandomKeyGenerator.java:695)
	at org.apache.hadoop.ozone.freon.RandomKeyGenerator.access$1100(RandomKeyGenerator.java:88)
	at org.apache.hadoop.ozone.freon.RandomKeyGenerator$ObjectCreator.run(RandomKeyGenerator.java:615)
	at java.util.concurrent.Executors$RunnableAdapter.call(Executors.java:511)
	at java.util.concurrent.FutureTask.run(FutureTask.java:266)
	at java.util.concurrent.ThreadPoolExecutor.runWorker(ThreadPoolExecutor.java:1149)
	at java.util.concurrent.ThreadPoolExecutor$Worker.run(ThreadPoolExecutor.java:624)
	at java.lang.Thread.run(Thread.java:748)
2019-09-25 05:59:47,906 [IPC Server handler 18 on 42227] INFO  pipeline.PipelinePlacementPolicy (PipelinePlacementPolicy.java:meetCriteria(91)) - Pipeline Placement: can't place more pipeline on heavy datanode： dcfa33bc-9001-4365-ad5d-758174e05f4c Heaviness: 6 limit: 5
2019-09-25 05:59:47,906 [IPC Server handler 8 on 42227] INFO  block.BlockManagerImpl (BlockManagerImpl.java:allocateBlock(198)) - Could not find available pipeline of type:RATIS and factor:THREE even after retrying
2019-09-25 05:59:47,907 [IPC Server handler 18 on 42227] INFO  pipeline.PipelinePlacementPolicy (PipelinePlacementPolicy.java:meetCriteria(91)) - Pipeline Placement: can't place more pipeline on heavy datanode： a70ebb95-9827-4ee9-872e-51470ad9f886 Heaviness: 6 limit: 5
2019-09-25 05:59:47,907 [IPC Server handler 18 on 42227] INFO  pipeline.PipelinePlacementPolicy (PipelinePlacementPolicy.java:meetCriteria(91)) - Pipeline Placement: can't place more pipeline on heavy datanode： f8d3684d-44eb-42fd-8c21-2b8ad1aff988 Heaviness: 6 limit: 5
2019-09-25 05:59:47,907 [IPC Server handler 8 on 42227] ERROR block.BlockManagerImpl (BlockManagerImpl.java:allocateBlock(222)) - Unable to allocate a block for the size: 4194304, type: RATIS, factor: THREE
2019-09-25 05:59:47,907 [IPC Server handler 18 on 42227] INFO  pipeline.PipelinePlacementPolicy (PipelinePlacementPolicy.java:meetCriteria(91)) - Pipeline Placement: can't place more pipeline on heavy datanode： 327d7864-9593-4c84-9c3b-d4b21327d735 Heaviness: 6 limit: 5
2019-09-25 05:59:47,908 [IPC Server handler 18 on 42227] INFO  pipeline.PipelinePlacementPolicy (PipelinePlacementPolicy.java:meetCriteria(91)) - Pipeline Placement: can't place more pipeline on heavy datanode： 747dc408-4358-429b-ab46-4dec55806d9b Heaviness: 6 limit: 5
2019-09-25 05:59:47,908 [IPC Server handler 18 on 42227] ERROR pipeline.PipelinePlacementPolicy (PipelinePlacementPolicy.java:filterViableNodes(148)) - Unable to find enough nodes that meet the criteria that cannot engage in more than 5 pipelines. Nodes required: 3 Found: 0, healthy nodes count inNodeManager: 5.
2019-09-25 05:59:47,908 [IPC Server handler 18 on 42227] ERROR pipeline.SCMPipelineManager (SCMPipelineManager.java:createPipeline(167)) - Pipeline creation failed.
org.apache.hadoop.hdds.scm.exceptions.SCMException: Unable to find enough nodes that meet the criteria that cannot engage in more than 5 pipelines. Nodes required: 3 Found: 0, healthy nodes count inNodeManager: 5.
	at org.apache.hadoop.hdds.scm.pipeline.PipelinePlacementPolicy.filterViableNodes(PipelinePlacementPolicy.java:149)
	at org.apache.hadoop.hdds.scm.pipeline.PipelinePlacementPolicy.chooseDatanodes(PipelinePlacementPolicy.java:172)
	at org.apache.hadoop.hdds.scm.pipeline.RatisPipelineProvider.create(RatisPipelineProvider.java:93)
	at org.apache.hadoop.hdds.scm.pipeline.PipelineFactory.create(PipelineFactory.java:58)
	at org.apache.hadoop.hdds.scm.pipeline.SCMPipelineManager.createPipeline(SCMPipelineManager.java:155)
	at org.apache.hadoop.hdds.scm.block.BlockManagerImpl.allocateBlock(BlockManagerImpl.java:190)
	at org.apache.hadoop.hdds.scm.server.SCMBlockProtocolServer.allocateBlock(SCMBlockProtocolServer.java:182)
	at org.apache.hadoop.ozone.protocolPB.ScmBlockLocationProtocolServerSideTranslatorPB.allocateScmBlock(ScmBlockLocationProtocolServerSideTranslatorPB.java:183)
	at org.apache.hadoop.ozone.protocolPB.ScmBlockLocationProtocolServerSideTranslatorPB.processMessage(ScmBlockLocationProtocolServerSideTranslatorPB.java:141)
	at org.apache.hadoop.ozone.protocolPB.ScmBlockLocationProtocolServerSideTranslatorPB.send(ScmBlockLocationProtocolServerSideTranslatorPB.java:116)
	at org.apache.hadoop.hdds.protocol.proto.ScmBlockLocationProtocolProtos$ScmBlockLocationProtocolService$2.callBlockingMethod(ScmBlockLocationProtocolProtos.java:13157)
	at org.apache.hadoop.ipc.ProtobufRpcEngine$Server$ProtoBufRpcInvoker.call(ProtobufRpcEngine.java:524)
	at org.apache.hadoop.ipc.RPC$Server.call(RPC.java:1025)
	at org.apache.hadoop.ipc.Server$RpcCall.run(Server.java:876)
	at org.apache.hadoop.ipc.Server$RpcCall.run(Server.java:822)
	at java.security.AccessController.doPrivileged(Native Method)
	at javax.security.auth.Subject.doAs(Subject.java:422)
	at org.apache.hadoop.security.UserGroupInformation.doAs(UserGroupInformation.java:1730)
	at org.apache.hadoop.ipc.Server$Handler.run(Server.java:2682)
2019-09-25 05:59:47,911 [pool-75-thread-7] ERROR freon.RandomKeyGenerator (RandomKeyGenerator.java:createKey(733)) - Exception while adding key: key-0-24445 in bucket: bucket-3-13629 of volume: vol-0-66605.
INTERNAL_ERROR org.apache.hadoop.ozone.om.exceptions.OMException: Allocated 0 blocks. Requested 1 blocks
	at org.apache.hadoop.ozone.om.protocolPB.OzoneManagerProtocolClientSideTranslatorPB.handleError(OzoneManagerProtocolClientSideTranslatorPB.java:732)
	at org.apache.hadoop.ozone.om.protocolPB.OzoneManagerProtocolClientSideTranslatorPB.openKey(OzoneManagerProtocolClientSideTranslatorPB.java:723)
	at sun.reflect.NativeMethodAccessorImpl.invoke0(Native Method)
	at sun.reflect.NativeMethodAccessorImpl.invoke(NativeMethodAccessorImpl.java:62)
	at sun.reflect.DelegatingMethodAccessorImpl.invoke(DelegatingMethodAccessorImpl.java:43)
	at java.lang.reflect.Method.invoke(Method.java:498)
	at org.apache.hadoop.hdds.tracing.TraceAllMethod.invoke(TraceAllMethod.java:66)
	at com.sun.proxy.$Proxy37.openKey(Unknown Source)
	at org.apache.hadoop.ozone.client.rpc.RpcClient.createKey(RpcClient.java:614)
	at org.apache.hadoop.ozone.client.OzoneBucket.createKey(OzoneBucket.java:325)
	at org.apache.hadoop.ozone.freon.RandomKeyGenerator.createKey(RandomKeyGenerator.java:695)
	at org.apache.hadoop.ozone.freon.RandomKeyGenerator.access$1100(RandomKeyGenerator.java:88)
	at org.apache.hadoop.ozone.freon.RandomKeyGenerator$ObjectCreator.run(RandomKeyGenerator.java:615)
	at java.util.concurrent.Executors$RunnableAdapter.call(Executors.java:511)
	at java.util.concurrent.FutureTask.run(FutureTask.java:266)
	at java.util.concurrent.ThreadPoolExecutor.runWorker(ThreadPoolExecutor.java:1149)
	at java.util.concurrent.ThreadPoolExecutor$Worker.run(ThreadPoolExecutor.java:624)
	at java.lang.Thread.run(Thread.java:748)
2019-09-25 05:59:47,911 [IPC Server handler 10 on 42227] INFO  pipeline.PipelinePlacementPolicy (PipelinePlacementPolicy.java:meetCriteria(91)) - Pipeline Placement: can't place more pipeline on heavy datanode： dcfa33bc-9001-4365-ad5d-758174e05f4c Heaviness: 6 limit: 5
2019-09-25 05:59:47,912 [IPC Server handler 10 on 42227] INFO  pipeline.PipelinePlacementPolicy (PipelinePlacementPolicy.java:meetCriteria(91)) - Pipeline Placement: can't place more pipeline on heavy datanode： a70ebb95-9827-4ee9-872e-51470ad9f886 Heaviness: 6 limit: 5
2019-09-25 05:59:47,912 [IPC Server handler 10 on 42227] INFO  pipeline.PipelinePlacementPolicy (PipelinePlacementPolicy.java:meetCriteria(91)) - Pipeline Placement: can't place more pipeline on heavy datanode： f8d3684d-44eb-42fd-8c21-2b8ad1aff988 Heaviness: 6 limit: 5
2019-09-25 05:59:47,911 [IPC Server handler 12 on 42227] INFO  block.BlockManagerImpl (BlockManagerImpl.java:allocateBlock(198)) - Could not find available pipeline of type:RATIS and factor:THREE even after retrying
2019-09-25 05:59:47,912 [IPC Server handler 12 on 42227] ERROR block.BlockManagerImpl (BlockManagerImpl.java:allocateBlock(222)) - Unable to allocate a block for the size: 4194304, type: RATIS, factor: THREE
2019-09-25 05:59:47,911 [IPC Server handler 18 on 42227] WARN  block.BlockManagerImpl (BlockManagerImpl.java:allocateBlock(192)) - Pipeline creation failed for type:RATIS factor:THREE. Retrying get pipelines call once.
org.apache.hadoop.hdds.scm.exceptions.SCMException: Unable to find enough nodes that meet the criteria that cannot engage in more than 5 pipelines. Nodes required: 3 Found: 0, healthy nodes count inNodeManager: 5.
	at org.apache.hadoop.hdds.scm.pipeline.PipelinePlacementPolicy.filterViableNodes(PipelinePlacementPolicy.java:149)
	at org.apache.hadoop.hdds.scm.pipeline.PipelinePlacementPolicy.chooseDatanodes(PipelinePlacementPolicy.java:172)
	at org.apache.hadoop.hdds.scm.pipeline.RatisPipelineProvider.create(RatisPipelineProvider.java:93)
	at org.apache.hadoop.hdds.scm.pipeline.PipelineFactory.create(PipelineFactory.java:58)
	at org.apache.hadoop.hdds.scm.pipeline.SCMPipelineManager.createPipeline(SCMPipelineManager.java:155)
	at org.apache.hadoop.hdds.scm.block.BlockManagerImpl.allocateBlock(BlockManagerImpl.java:190)
	at org.apache.hadoop.hdds.scm.server.SCMBlockProtocolServer.allocateBlock(SCMBlockProtocolServer.java:182)
	at org.apache.hadoop.ozone.protocolPB.ScmBlockLocationProtocolServerSideTranslatorPB.allocateScmBlock(ScmBlockLocationProtocolServerSideTranslatorPB.java:183)
	at org.apache.hadoop.ozone.protocolPB.ScmBlockLocationProtocolServerSideTranslatorPB.processMessage(ScmBlockLocationProtocolServerSideTranslatorPB.java:141)
	at org.apache.hadoop.ozone.protocolPB.ScmBlockLocationProtocolServerSideTranslatorPB.send(ScmBlockLocationProtocolServerSideTranslatorPB.java:116)
	at org.apache.hadoop.hdds.protocol.proto.ScmBlockLocationProtocolProtos$ScmBlockLocationProtocolService$2.callBlockingMethod(ScmBlockLocationProtocolProtos.java:13157)
	at org.apache.hadoop.ipc.ProtobufRpcEngine$Server$ProtoBufRpcInvoker.call(ProtobufRpcEngine.java:524)
	at org.apache.hadoop.ipc.RPC$Server.call(RPC.java:1025)
	at org.apache.hadoop.ipc.Server$RpcCall.run(Server.java:876)
	at org.apache.hadoop.ipc.Server$RpcCall.run(Server.java:822)
	at java.security.AccessController.doPrivileged(Native Method)
	at javax.security.auth.Subject.doAs(Subject.java:422)
	at org.apache.hadoop.security.UserGroupInformation.doAs(UserGroupInformation.java:1730)
	at org.apache.hadoop.ipc.Server$Handler.run(Server.java:2682)
2019-09-25 05:59:47,912 [IPC Server handler 10 on 42227] INFO  pipeline.PipelinePlacementPolicy (PipelinePlacementPolicy.java:meetCriteria(91)) - Pipeline Placement: can't place more pipeline on heavy datanode： 327d7864-9593-4c84-9c3b-d4b21327d735 Heaviness: 6 limit: 5
2019-09-25 05:59:47,913 [IPC Server handler 10 on 42227] INFO  pipeline.PipelinePlacementPolicy (PipelinePlacementPolicy.java:meetCriteria(91)) - Pipeline Placement: can't place more pipeline on heavy datanode： 747dc408-4358-429b-ab46-4dec55806d9b Heaviness: 6 limit: 5
2019-09-25 05:59:47,913 [IPC Server handler 10 on 42227] ERROR pipeline.PipelinePlacementPolicy (PipelinePlacementPolicy.java:filterViableNodes(148)) - Unable to find enough nodes that meet the criteria that cannot engage in more than 5 pipelines. Nodes required: 3 Found: 0, healthy nodes count inNodeManager: 5.
2019-09-25 05:59:47,913 [IPC Server handler 10 on 42227] ERROR pipeline.SCMPipelineManager (SCMPipelineManager.java:createPipeline(167)) - Pipeline creation failed.
org.apache.hadoop.hdds.scm.exceptions.SCMException: Unable to find enough nodes that meet the criteria that cannot engage in more than 5 pipelines. Nodes required: 3 Found: 0, healthy nodes count inNodeManager: 5.
	at org.apache.hadoop.hdds.scm.pipeline.PipelinePlacementPolicy.filterViableNodes(PipelinePlacementPolicy.java:149)
	at org.apache.hadoop.hdds.scm.pipeline.PipelinePlacementPolicy.chooseDatanodes(PipelinePlacementPolicy.java:172)
	at org.apache.hadoop.hdds.scm.pipeline.RatisPipelineProvider.create(RatisPipelineProvider.java:93)
	at org.apache.hadoop.hdds.scm.pipeline.PipelineFactory.create(PipelineFactory.java:58)
	at org.apache.hadoop.hdds.scm.pipeline.SCMPipelineManager.createPipeline(SCMPipelineManager.java:155)
	at org.apache.hadoop.hdds.scm.block.BlockManagerImpl.allocateBlock(BlockManagerImpl.java:190)
	at org.apache.hadoop.hdds.scm.server.SCMBlockProtocolServer.allocateBlock(SCMBlockProtocolServer.java:182)
	at org.apache.hadoop.ozone.protocolPB.ScmBlockLocationProtocolServerSideTranslatorPB.allocateScmBlock(ScmBlockLocationProtocolServerSideTranslatorPB.java:183)
	at org.apache.hadoop.ozone.protocolPB.ScmBlockLocationProtocolServerSideTranslatorPB.processMessage(ScmBlockLocationProtocolServerSideTranslatorPB.java:141)
	at org.apache.hadoop.ozone.protocolPB.ScmBlockLocationProtocolServerSideTranslatorPB.send(ScmBlockLocationProtocolServerSideTranslatorPB.java:116)
	at org.apache.hadoop.hdds.protocol.proto.ScmBlockLocationProtocolProtos$ScmBlockLocationProtocolService$2.callBlockingMethod(ScmBlockLocationProtocolProtos.java:13157)
	at org.apache.hadoop.ipc.ProtobufRpcEngine$Server$ProtoBufRpcInvoker.call(ProtobufRpcEngine.java:524)
	at org.apache.hadoop.ipc.RPC$Server.call(RPC.java:1025)
	at org.apache.hadoop.ipc.Server$RpcCall.run(Server.java:876)
	at org.apache.hadoop.ipc.Server$RpcCall.run(Server.java:822)
	at java.security.AccessController.doPrivileged(Native Method)
	at javax.security.auth.Subject.doAs(Subject.java:422)
	at org.apache.hadoop.security.UserGroupInformation.doAs(UserGroupInformation.java:1730)
	at org.apache.hadoop.ipc.Server$Handler.run(Server.java:2682)
2019-09-25 05:59:47,913 [pool-75-thread-6] ERROR freon.RandomKeyGenerator (RandomKeyGenerator.java:createKey(733)) - Exception while adding key: key-0-41120 in bucket: bucket-2-51980 of volume: vol-1-86965.
INTERNAL_ERROR org.apache.hadoop.ozone.om.exceptions.OMException: Allocated 0 blocks. Requested 1 blocks
	at org.apache.hadoop.ozone.om.protocolPB.OzoneManagerProtocolClientSideTranslatorPB.handleError(OzoneManagerProtocolClientSideTranslatorPB.java:732)
	at org.apache.hadoop.ozone.om.protocolPB.OzoneManagerProtocolClientSideTranslatorPB.openKey(OzoneManagerProtocolClientSideTranslatorPB.java:723)
	at sun.reflect.NativeMethodAccessorImpl.invoke0(Native Method)
	at sun.reflect.NativeMethodAccessorImpl.invoke(NativeMethodAccessorImpl.java:62)
	at sun.reflect.DelegatingMethodAccessorImpl.invoke(DelegatingMethodAccessorImpl.java:43)
	at java.lang.reflect.Method.invoke(Method.java:498)
	at org.apache.hadoop.hdds.tracing.TraceAllMethod.invoke(TraceAllMethod.java:66)
	at com.sun.proxy.$Proxy37.openKey(Unknown Source)
	at org.apache.hadoop.ozone.client.rpc.RpcClient.createKey(RpcClient.java:614)
	at org.apache.hadoop.ozone.client.OzoneBucket.createKey(OzoneBucket.java:325)
	at org.apache.hadoop.ozone.freon.RandomKeyGenerator.createKey(RandomKeyGenerator.java:695)
	at org.apache.hadoop.ozone.freon.RandomKeyGenerator.access$1100(RandomKeyGenerator.java:88)
	at org.apache.hadoop.ozone.freon.RandomKeyGenerator$ObjectCreator.run(RandomKeyGenerator.java:615)
	at java.util.concurrent.Executors$RunnableAdapter.call(Executors.java:511)
	at java.util.concurrent.FutureTask.run(FutureTask.java:266)
	at java.util.concurrent.ThreadPoolExecutor.runWorker(ThreadPoolExecutor.java:1149)
	at java.util.concurrent.ThreadPoolExecutor$Worker.run(ThreadPoolExecutor.java:624)
	at java.lang.Thread.run(Thread.java:748)
2019-09-25 05:59:47,914 [IPC Server handler 9 on 42227] INFO  pipeline.PipelinePlacementPolicy (PipelinePlacementPolicy.java:meetCriteria(91)) - Pipeline Placement: can't place more pipeline on heavy datanode： dcfa33bc-9001-4365-ad5d-758174e05f4c Heaviness: 6 limit: 5
2019-09-25 05:59:47,914 [IPC Server handler 18 on 42227] INFO  block.BlockManagerImpl (BlockManagerImpl.java:allocateBlock(198)) - Could not find available pipeline of type:RATIS and factor:THREE even after retrying
2019-09-25 05:59:47,917 [IPC Server handler 18 on 42227] ERROR block.BlockManagerImpl (BlockManagerImpl.java:allocateBlock(222)) - Unable to allocate a block for the size: 4194304, type: RATIS, factor: THREE
2019-09-25 05:59:47,914 [IPC Server handler 10 on 42227] WARN  block.BlockManagerImpl (BlockManagerImpl.java:allocateBlock(192)) - Pipeline creation failed for type:RATIS factor:THREE. Retrying get pipelines call once.
org.apache.hadoop.hdds.scm.exceptions.SCMException: Unable to find enough nodes that meet the criteria that cannot engage in more than 5 pipelines. Nodes required: 3 Found: 0, healthy nodes count inNodeManager: 5.
	at org.apache.hadoop.hdds.scm.pipeline.PipelinePlacementPolicy.filterViableNodes(PipelinePlacementPolicy.java:149)
	at org.apache.hadoop.hdds.scm.pipeline.PipelinePlacementPolicy.chooseDatanodes(PipelinePlacementPolicy.java:172)
	at org.apache.hadoop.hdds.scm.pipeline.RatisPipelineProvider.create(RatisPipelineProvider.java:93)
	at org.apache.hadoop.hdds.scm.pipeline.PipelineFactory.create(PipelineFactory.java:58)
	at org.apache.hadoop.hdds.scm.pipeline.SCMPipelineManager.createPipeline(SCMPipelineManager.java:155)
	at org.apache.hadoop.hdds.scm.block.BlockManagerImpl.allocateBlock(BlockManagerImpl.java:190)
	at org.apache.hadoop.hdds.scm.server.SCMBlockProtocolServer.allocateBlock(SCMBlockProtocolServer.java:182)
	at org.apache.hadoop.ozone.protocolPB.ScmBlockLocationProtocolServerSideTranslatorPB.allocateScmBlock(ScmBlockLocationProtocolServerSideTranslatorPB.java:183)
	at org.apache.hadoop.ozone.protocolPB.ScmBlockLocationProtocolServerSideTranslatorPB.processMessage(ScmBlockLocationProtocolServerSideTranslatorPB.java:141)
	at org.apache.hadoop.ozone.protocolPB.ScmBlockLocationProtocolServerSideTranslatorPB.send(ScmBlockLocationProtocolServerSideTranslatorPB.java:116)
	at org.apache.hadoop.hdds.protocol.proto.ScmBlockLocationProtocolProtos$ScmBlockLocationProtocolService$2.callBlockingMethod(ScmBlockLocationProtocolProtos.java:13157)
	at org.apache.hadoop.ipc.ProtobufRpcEngine$Server$ProtoBufRpcInvoker.call(ProtobufRpcEngine.java:524)
	at org.apache.hadoop.ipc.RPC$Server.call(RPC.java:1025)
	at org.apache.hadoop.ipc.Server$RpcCall.run(Server.java:876)
	at org.apache.hadoop.ipc.Server$RpcCall.run(Server.java:822)
	at java.security.AccessController.doPrivileged(Native Method)
	at javax.security.auth.Subject.doAs(Subject.java:422)
	at org.apache.hadoop.security.UserGroupInformation.doAs(UserGroupInformation.java:1730)
	at org.apache.hadoop.ipc.Server$Handler.run(Server.java:2682)
2019-09-25 05:59:47,916 [IPC Server handler 9 on 42227] INFO  pipeline.PipelinePlacementPolicy (PipelinePlacementPolicy.java:meetCriteria(91)) - Pipeline Placement: can't place more pipeline on heavy datanode： a70ebb95-9827-4ee9-872e-51470ad9f886 Heaviness: 6 limit: 5
2019-09-25 05:59:47,918 [IPC Server handler 9 on 42227] INFO  pipeline.PipelinePlacementPolicy (PipelinePlacementPolicy.java:meetCriteria(91)) - Pipeline Placement: can't place more pipeline on heavy datanode： f8d3684d-44eb-42fd-8c21-2b8ad1aff988 Heaviness: 6 limit: 5
2019-09-25 05:59:47,918 [IPC Server handler 9 on 42227] INFO  pipeline.PipelinePlacementPolicy (PipelinePlacementPolicy.java:meetCriteria(91)) - Pipeline Placement: can't place more pipeline on heavy datanode： 327d7864-9593-4c84-9c3b-d4b21327d735 Heaviness: 6 limit: 5
2019-09-25 05:59:47,918 [IPC Server handler 9 on 42227] INFO  pipeline.PipelinePlacementPolicy (PipelinePlacementPolicy.java:meetCriteria(91)) - Pipeline Placement: can't place more pipeline on heavy datanode： 747dc408-4358-429b-ab46-4dec55806d9b Heaviness: 6 limit: 5
2019-09-25 05:59:47,918 [pool-75-thread-8] ERROR freon.RandomKeyGenerator (RandomKeyGenerator.java:createKey(733)) - Exception while adding key: key-0-48014 in bucket: bucket-4-99738 of volume: vol-0-66605.
INTERNAL_ERROR org.apache.hadoop.ozone.om.exceptions.OMException: Allocated 0 blocks. Requested 1 blocks
	at org.apache.hadoop.ozone.om.protocolPB.OzoneManagerProtocolClientSideTranslatorPB.handleError(OzoneManagerProtocolClientSideTranslatorPB.java:732)
	at org.apache.hadoop.ozone.om.protocolPB.OzoneManagerProtocolClientSideTranslatorPB.openKey(OzoneManagerProtocolClientSideTranslatorPB.java:723)
	at sun.reflect.NativeMethodAccessorImpl.invoke0(Native Method)
	at sun.reflect.NativeMethodAccessorImpl.invoke(NativeMethodAccessorImpl.java:62)
	at sun.reflect.DelegatingMethodAccessorImpl.invoke(DelegatingMethodAccessorImpl.java:43)
	at java.lang.reflect.Method.invoke(Method.java:498)
	at org.apache.hadoop.hdds.tracing.TraceAllMethod.invoke(TraceAllMethod.java:66)
	at com.sun.proxy.$Proxy37.openKey(Unknown Source)
	at org.apache.hadoop.ozone.client.rpc.RpcClient.createKey(RpcClient.java:614)
	at org.apache.hadoop.ozone.client.OzoneBucket.createKey(OzoneBucket.java:325)
	at org.apache.hadoop.ozone.freon.RandomKeyGenerator.createKey(RandomKeyGenerator.java:695)
	at org.apache.hadoop.ozone.freon.RandomKeyGenerator.access$1100(RandomKeyGenerator.java:88)
	at org.apache.hadoop.ozone.freon.RandomKeyGenerator$ObjectCreator.run(RandomKeyGenerator.java:615)
	at java.util.concurrent.Executors$RunnableAdapter.call(Executors.java:511)
	at java.util.concurrent.FutureTask.run(FutureTask.java:266)
	at java.util.concurrent.ThreadPoolExecutor.runWorker(ThreadPoolExecutor.java:1149)
	at java.util.concurrent.ThreadPoolExecutor$Worker.run(ThreadPoolExecutor.java:624)
	at java.lang.Thread.run(Thread.java:748)
2019-09-25 05:59:47,918 [IPC Server handler 9 on 42227] ERROR pipeline.PipelinePlacementPolicy (PipelinePlacementPolicy.java:filterViableNodes(148)) - Unable to find enough nodes that meet the criteria that cannot engage in more than 5 pipelines. Nodes required: 3 Found: 0, healthy nodes count inNodeManager: 5.
2019-09-25 05:59:47,919 [IPC Server handler 9 on 42227] ERROR pipeline.SCMPipelineManager (SCMPipelineManager.java:createPipeline(167)) - Pipeline creation failed.
org.apache.hadoop.hdds.scm.exceptions.SCMException: Unable to find enough nodes that meet the criteria that cannot engage in more than 5 pipelines. Nodes required: 3 Found: 0, healthy nodes count inNodeManager: 5.
	at org.apache.hadoop.hdds.scm.pipeline.PipelinePlacementPolicy.filterViableNodes(PipelinePlacementPolicy.java:149)
	at org.apache.hadoop.hdds.scm.pipeline.PipelinePlacementPolicy.chooseDatanodes(PipelinePlacementPolicy.java:172)
	at org.apache.hadoop.hdds.scm.pipeline.RatisPipelineProvider.create(RatisPipelineProvider.java:93)
	at org.apache.hadoop.hdds.scm.pipeline.PipelineFactory.create(PipelineFactory.java:58)
	at org.apache.hadoop.hdds.scm.pipeline.SCMPipelineManager.createPipeline(SCMPipelineManager.java:155)
	at org.apache.hadoop.hdds.scm.block.BlockManagerImpl.allocateBlock(BlockManagerImpl.java:190)
	at org.apache.hadoop.hdds.scm.server.SCMBlockProtocolServer.allocateBlock(SCMBlockProtocolServer.java:182)
	at org.apache.hadoop.ozone.protocolPB.ScmBlockLocationProtocolServerSideTranslatorPB.allocateScmBlock(ScmBlockLocationProtocolServerSideTranslatorPB.java:183)
	at org.apache.hadoop.ozone.protocolPB.ScmBlockLocationProtocolServerSideTranslatorPB.processMessage(ScmBlockLocationProtocolServerSideTranslatorPB.java:141)
	at org.apache.hadoop.ozone.protocolPB.ScmBlockLocationProtocolServerSideTranslatorPB.send(ScmBlockLocationProtocolServerSideTranslatorPB.java:116)
	at org.apache.hadoop.hdds.protocol.proto.ScmBlockLocationProtocolProtos$ScmBlockLocationProtocolService$2.callBlockingMethod(ScmBlockLocationProtocolProtos.java:13157)
	at org.apache.hadoop.ipc.ProtobufRpcEngine$Server$ProtoBufRpcInvoker.call(ProtobufRpcEngine.java:524)
	at org.apache.hadoop.ipc.RPC$Server.call(RPC.java:1025)
	at org.apache.hadoop.ipc.Server$RpcCall.run(Server.java:876)
	at org.apache.hadoop.ipc.Server$RpcCall.run(Server.java:822)
	at java.security.AccessController.doPrivileged(Native Method)
	at javax.security.auth.Subject.doAs(Subject.java:422)
	at org.apache.hadoop.security.UserGroupInformation.doAs(UserGroupInformation.java:1730)
	at org.apache.hadoop.ipc.Server$Handler.run(Server.java:2682)
2019-09-25 05:59:47,919 [IPC Server handler 9 on 42227] WARN  block.BlockManagerImpl (BlockManagerImpl.java:allocateBlock(192)) - Pipeline creation failed for type:RATIS factor:THREE. Retrying get pipelines call once.
org.apache.hadoop.hdds.scm.exceptions.SCMException: Unable to find enough nodes that meet the criteria that cannot engage in more than 5 pipelines. Nodes required: 3 Found: 0, healthy nodes count inNodeManager: 5.
	at org.apache.hadoop.hdds.scm.pipeline.PipelinePlacementPolicy.filterViableNodes(PipelinePlacementPolicy.java:149)
	at org.apache.hadoop.hdds.scm.pipeline.PipelinePlacementPolicy.chooseDatanodes(PipelinePlacementPolicy.java:172)
	at org.apache.hadoop.hdds.scm.pipeline.RatisPipelineProvider.create(RatisPipelineProvider.java:93)
	at org.apache.hadoop.hdds.scm.pipeline.PipelineFactory.create(PipelineFactory.java:58)
	at org.apache.hadoop.hdds.scm.pipeline.SCMPipelineManager.createPipeline(SCMPipelineManager.java:155)
	at org.apache.hadoop.hdds.scm.block.BlockManagerImpl.allocateBlock(BlockManagerImpl.java:190)
	at org.apache.hadoop.hdds.scm.server.SCMBlockProtocolServer.allocateBlock(SCMBlockProtocolServer.java:182)
	at org.apache.hadoop.ozone.protocolPB.ScmBlockLocationProtocolServerSideTranslatorPB.allocateScmBlock(ScmBlockLocationProtocolServerSideTranslatorPB.java:183)
	at org.apache.hadoop.ozone.protocolPB.ScmBlockLocationProtocolServerSideTranslatorPB.processMessage(ScmBlockLocationProtocolServerSideTranslatorPB.java:141)
	at org.apache.hadoop.ozone.protocolPB.ScmBlockLocationProtocolServerSideTranslatorPB.send(ScmBlockLocationProtocolServerSideTranslatorPB.java:116)
	at org.apache.hadoop.hdds.protocol.proto.ScmBlockLocationProtocolProtos$ScmBlockLocationProtocolService$2.callBlockingMethod(ScmBlockLocationProtocolProtos.java:13157)
	at org.apache.hadoop.ipc.ProtobufRpcEngine$Server$ProtoBufRpcInvoker.call(ProtobufRpcEngine.java:524)
	at org.apache.hadoop.ipc.RPC$Server.call(RPC.java:1025)
	at org.apache.hadoop.ipc.Server$RpcCall.run(Server.java:876)
	at org.apache.hadoop.ipc.Server$RpcCall.run(Server.java:822)
	at java.security.AccessController.doPrivileged(Native Method)
	at javax.security.auth.Subject.doAs(Subject.java:422)
	at org.apache.hadoop.security.UserGroupInformation.doAs(UserGroupInformation.java:1730)
	at org.apache.hadoop.ipc.Server$Handler.run(Server.java:2682)
2019-09-25 05:59:47,919 [IPC Server handler 10 on 42227] INFO  block.BlockManagerImpl (BlockManagerImpl.java:allocateBlock(198)) - Could not find available pipeline of type:RATIS and factor:THREE even after retrying
2019-09-25 05:59:47,921 [IPC Server handler 9 on 42227] INFO  block.BlockManagerImpl (BlockManagerImpl.java:allocateBlock(198)) - Could not find available pipeline of type:RATIS and factor:THREE even after retrying
2019-09-25 05:59:47,922 [IPC Server handler 10 on 42227] ERROR block.BlockManagerImpl (BlockManagerImpl.java:allocateBlock(222)) - Unable to allocate a block for the size: 4194304, type: RATIS, factor: THREE
2019-09-25 05:59:47,922 [IPC Server handler 9 on 42227] ERROR block.BlockManagerImpl (BlockManagerImpl.java:allocateBlock(222)) - Unable to allocate a block for the size: 4194304, type: RATIS, factor: THREE
2019-09-25 05:59:47,923 [pool-75-thread-10] ERROR freon.RandomKeyGenerator (RandomKeyGenerator.java:createKey(733)) - Exception while adding key: key-0-03312 in bucket: bucket-4-52118 of volume: vol-1-86965.
INTERNAL_ERROR org.apache.hadoop.ozone.om.exceptions.OMException: Allocated 0 blocks. Requested 1 blocks
	at org.apache.hadoop.ozone.om.protocolPB.OzoneManagerProtocolClientSideTranslatorPB.handleError(OzoneManagerProtocolClientSideTranslatorPB.java:732)
	at org.apache.hadoop.ozone.om.protocolPB.OzoneManagerProtocolClientSideTranslatorPB.openKey(OzoneManagerProtocolClientSideTranslatorPB.java:723)
	at sun.reflect.NativeMethodAccessorImpl.invoke0(Native Method)
	at sun.reflect.NativeMethodAccessorImpl.invoke(NativeMethodAccessorImpl.java:62)
	at sun.reflect.DelegatingMethodAccessorImpl.invoke(DelegatingMethodAccessorImpl.java:43)
	at java.lang.reflect.Method.invoke(Method.java:498)
	at org.apache.hadoop.hdds.tracing.TraceAllMethod.invoke(TraceAllMethod.java:66)
	at com.sun.proxy.$Proxy37.openKey(Unknown Source)
	at org.apache.hadoop.ozone.client.rpc.RpcClient.createKey(RpcClient.java:614)
	at org.apache.hadoop.ozone.client.OzoneBucket.createKey(OzoneBucket.java:325)
	at org.apache.hadoop.ozone.freon.RandomKeyGenerator.createKey(RandomKeyGenerator.java:695)
	at org.apache.hadoop.ozone.freon.RandomKeyGenerator.access$1100(RandomKeyGenerator.java:88)
	at org.apache.hadoop.ozone.freon.RandomKeyGenerator$ObjectCreator.run(RandomKeyGenerator.java:615)
	at java.util.concurrent.Executors$RunnableAdapter.call(Executors.java:511)
	at java.util.concurrent.FutureTask.run(FutureTask.java:266)
	at java.util.concurrent.ThreadPoolExecutor.runWorker(ThreadPoolExecutor.java:1149)
	at java.util.concurrent.ThreadPoolExecutor$Worker.run(ThreadPoolExecutor.java:624)
	at java.lang.Thread.run(Thread.java:748)
2019-09-25 05:59:47,923 [pool-75-thread-9] ERROR freon.RandomKeyGenerator (RandomKeyGenerator.java:createKey(733)) - Exception while adding key: key-0-19231 in bucket: bucket-3-91664 of volume: vol-1-86965.
INTERNAL_ERROR org.apache.hadoop.ozone.om.exceptions.OMException: Allocated 0 blocks. Requested 1 blocks
	at org.apache.hadoop.ozone.om.protocolPB.OzoneManagerProtocolClientSideTranslatorPB.handleError(OzoneManagerProtocolClientSideTranslatorPB.java:732)
	at org.apache.hadoop.ozone.om.protocolPB.OzoneManagerProtocolClientSideTranslatorPB.openKey(OzoneManagerProtocolClientSideTranslatorPB.java:723)
	at sun.reflect.NativeMethodAccessorImpl.invoke0(Native Method)
	at sun.reflect.NativeMethodAccessorImpl.invoke(NativeMethodAccessorImpl.java:62)
	at sun.reflect.DelegatingMethodAccessorImpl.invoke(DelegatingMethodAccessorImpl.java:43)
	at java.lang.reflect.Method.invoke(Method.java:498)
	at org.apache.hadoop.hdds.tracing.TraceAllMethod.invoke(TraceAllMethod.java:66)
	at com.sun.proxy.$Proxy37.openKey(Unknown Source)
	at org.apache.hadoop.ozone.client.rpc.RpcClient.createKey(RpcClient.java:614)
	at org.apache.hadoop.ozone.client.OzoneBucket.createKey(OzoneBucket.java:325)
	at org.apache.hadoop.ozone.freon.RandomKeyGenerator.createKey(RandomKeyGenerator.java:695)
	at org.apache.hadoop.ozone.freon.RandomKeyGenerator.access$1100(RandomKeyGenerator.java:88)
	at org.apache.hadoop.ozone.freon.RandomKeyGenerator$ObjectCreator.run(RandomKeyGenerator.java:615)
	at java.util.concurrent.Executors$RunnableAdapter.call(Executors.java:511)
	at java.util.concurrent.FutureTask.run(FutureTask.java:266)
	at java.util.concurrent.ThreadPoolExecutor.runWorker(ThreadPoolExecutor.java:1149)
	at java.util.concurrent.ThreadPoolExecutor$Worker.run(ThreadPoolExecutor.java:624)
	at java.lang.Thread.run(Thread.java:748)
 0.00% |█                                                                                                    |  0/100 Time: 0:00:01 0.00% |█                                                                                                    |  0/100 Time: 0:00:02 0.00% |█                                                                                                    |  0/100 Time: 0:00:03 0.00% |█                                                                                                    |  0/100 Time: 0:00:04 100.00% |█████████████████████████████████████████████████████████████████████████████████████████████████████|  100/100 Time: 0:00:05
]]></system-out>
  </testcase>
</testsuite>