<?xml version="1.0" encoding="UTF-8"?>
<testsuite xmlns:xsi="http://www.w3.org/2001/XMLSchema-instance" xsi:noNamespaceSchemaLocation="https://maven.apache.org/surefire/maven-surefire-plugin/xsd/surefire-test-report.xsd" name="org.apache.hadoop.ozone.freon.TestRandomKeyGenerator" time="126.271" tests="5" errors="1" skipped="0" failures="0">
  <properties>
    <property name="awt.toolkit" value="sun.awt.X11.XToolkit"/>
    <property name="file.encoding.pkg" value="sun.io"/>
    <property name="java.specification.version" value="1.8"/>
    <property name="sun.cpu.isalist" value=""/>
    <property name="sun.jnu.encoding" value="UTF-8"/>
    <property name="java.class.path" value="/tmp/workdir/hadoop-ozone/tools/target/test-classes:/tmp/workdir/hadoop-ozone/tools/target/classes:/tmp/workdir/hadoop-ozone/ozone-manager/target/classes:/tmp/workdir/hadoop-hdds/docs/target/classes:/home/user/.m2/repository/org/bouncycastle/bcprov-jdk15on/1.60/bcprov-jdk15on-1.60.jar:/tmp/workdir/hadoop-ozone/common/target/classes:/home/user/.m2/repository/org/apache/commons/commons-compress/1.4.1/commons-compress-1.4.1.jar:/home/user/.m2/repository/org/tukaani/xz/1.0/xz-1.0.jar:/home/user/.m2/repository/org/apache/hadoop/hadoop-hdfs-client/3.2.0/hadoop-hdfs-client-3.2.0.jar:/home/user/.m2/repository/com/fasterxml/jackson/core/jackson-annotations/2.9.5/jackson-annotations-2.9.5.jar:/tmp/workdir/hadoop-hdds/common/target/classes:/tmp/workdir/hadoop-hdds/config/target/classes:/home/user/.m2/repository/javax/annotation/javax.annotation-api/1.2/javax.annotation-api-1.2.jar:/home/user/.m2/repository/org/apache/ratis/ratis-server/0.4.0-2337318-SNAPSHOT/ratis-server-0.4.0-2337318-SNAPSHOT.jar:/home/user/.m2/repository/org/apache/ratis/ratis-thirdparty-misc/0.2.0/ratis-thirdparty-misc-0.2.0.jar:/home/user/.m2/repository/org/apache/ratis/ratis-proto/0.4.0-2337318-SNAPSHOT/ratis-proto-0.4.0-2337318-SNAPSHOT.jar:/home/user/.m2/repository/org/apache/ratis/ratis-common/0.4.0-2337318-SNAPSHOT/ratis-common-0.4.0-2337318-SNAPSHOT.jar:/home/user/.m2/repository/org/apache/ratis/ratis-client/0.4.0-2337318-SNAPSHOT/ratis-client-0.4.0-2337318-SNAPSHOT.jar:/home/user/.m2/repository/org/apache/ratis/ratis-metrics/0.4.0-2337318-SNAPSHOT/ratis-metrics-0.4.0-2337318-SNAPSHOT.jar:/home/user/.m2/repository/org/apache/ratis/ratis-netty/0.4.0-2337318-SNAPSHOT/ratis-netty-0.4.0-2337318-SNAPSHOT.jar:/home/user/.m2/repository/org/apache/ratis/ratis-grpc/0.4.0-2337318-SNAPSHOT/ratis-grpc-0.4.0-2337318-SNAPSHOT.jar:/home/user/.m2/repository/org/rocksdb/rocksdbjni/6.0.1/rocksdbjni-6.0.1.jar:/home/user/.m2/repository/org/apache/logging/log4j/log4j-api/2.11.0/log4j-api-2.11.0.jar:/home/user/.m2/repository/org/apache/logging/log4j/log4j-core/2.11.0/log4j-core-2.11.0.jar:/home/user/.m2/repository/com/lmax/disruptor/3.4.2/disruptor-3.4.2.jar:/home/user/.m2/repository/org/apache/commons/commons-pool2/2.6.0/commons-pool2-2.6.0.jar:/home/user/.m2/repository/org/bouncycastle/bcpkix-jdk15on/1.60/bcpkix-jdk15on-1.60.jar:/home/user/.m2/repository/commons-validator/commons-validator/1.6/commons-validator-1.6.jar:/home/user/.m2/repository/commons-digester/commons-digester/1.8.1/commons-digester-1.8.1.jar:/home/user/.m2/repository/io/jaegertracing/jaeger-client/0.33.1/jaeger-client-0.33.1.jar:/home/user/.m2/repository/io/jaegertracing/jaeger-thrift/0.33.1/jaeger-thrift-0.33.1.jar:/home/user/.m2/repository/org/apache/thrift/libthrift/0.11.0/libthrift-0.11.0.jar:/home/user/.m2/repository/com/squareup/okhttp3/okhttp/3.9.0/okhttp-3.9.0.jar:/home/user/.m2/repository/com/squareup/okio/okio/1.13.0/okio-1.13.0.jar:/home/user/.m2/repository/io/jaegertracing/jaeger-core/0.33.1/jaeger-core-0.33.1.jar:/home/user/.m2/repository/io/jaegertracing/jaeger-tracerresolver/0.33.1/jaeger-tracerresolver-0.33.1.jar:/home/user/.m2/repository/io/opentracing/contrib/opentracing-tracerresolver/0.1.5/opentracing-tracerresolver-0.1.5.jar:/home/user/.m2/repository/io/opentracing/opentracing-util/0.31.0/opentracing-util-0.31.0.jar:/home/user/.m2/repository/io/opentracing/opentracing-api/0.31.0/opentracing-api-0.31.0.jar:/home/user/.m2/repository/io/opentracing/opentracing-noop/0.31.0/opentracing-noop-0.31.0.jar:/home/user/.m2/repository/org/yaml/snakeyaml/1.16/snakeyaml-1.16.jar:/tmp/workdir/hadoop-hdds/container-service/target/classes:/tmp/workdir/hadoop-hdds/client/target/classes:/tmp/workdir/hadoop-hdds/tools/target/classes:/home/user/.m2/repository/org/xerial/sqlite-jdbc/3.25.2/sqlite-jdbc-3.25.2.jar:/tmp/workdir/hadoop-hdds/server-scm/target/classes:/home/user/.m2/repository/org/hamcrest/hamcrest-all/1.3/hamcrest-all-1.3.jar:/home/user/.m2/repository/info/picocli/picocli/3.9.6/picocli-3.9.6.jar:/home/user/.m2/repository/com/google/protobuf/protobuf-java/2.5.0/protobuf-java-2.5.0.jar:/home/user/.m2/repository/com/google/guava/guava/11.0.2/guava-11.0.2.jar:/tmp/workdir/hadoop-ozone/client/target/classes:/home/user/.m2/repository/org/apache/hadoop/hadoop-ozone-filesystem/0.5.0-SNAPSHOT/hadoop-ozone-filesystem-0.5.0-SNAPSHOT.jar:/tmp/workdir/hadoop-hdds/framework/target/classes:/home/user/.m2/repository/org/apache/hadoop/hadoop-common/3.2.0/hadoop-common-3.2.0.jar:/home/user/.m2/repository/org/apache/hadoop/hadoop-annotations/3.2.0/hadoop-annotations-3.2.0.jar:/usr/lib/jvm/java-1.8-openjdk/jre/../lib/tools.jar:/home/user/.m2/repository/commons-cli/commons-cli/1.2/commons-cli-1.2.jar:/home/user/.m2/repository/org/apache/commons/commons-math3/3.1.1/commons-math3-3.1.1.jar:/home/user/.m2/repository/org/apache/httpcomponents/httpclient/4.5.2/httpclient-4.5.2.jar:/home/user/.m2/repository/org/apache/httpcomponents/httpcore/4.4.4/httpcore-4.4.4.jar:/home/user/.m2/repository/commons-codec/commons-codec/1.11/commons-codec-1.11.jar:/home/user/.m2/repository/commons-io/commons-io/2.5/commons-io-2.5.jar:/home/user/.m2/repository/commons-net/commons-net/3.6/commons-net-3.6.jar:/home/user/.m2/repository/commons-collections/commons-collections/3.2.2/commons-collections-3.2.2.jar:/home/user/.m2/repository/javax/servlet/javax.servlet-api/3.1.0/javax.servlet-api-3.1.0.jar:/home/user/.m2/repository/org/eclipse/jetty/jetty-server/9.3.24.v20180605/jetty-server-9.3.24.v20180605.jar:/home/user/.m2/repository/org/eclipse/jetty/jetty-http/9.3.24.v20180605/jetty-http-9.3.24.v20180605.jar:/home/user/.m2/repository/org/eclipse/jetty/jetty-io/9.3.24.v20180605/jetty-io-9.3.24.v20180605.jar:/home/user/.m2/repository/org/eclipse/jetty/jetty-util/9.3.24.v20180605/jetty-util-9.3.24.v20180605.jar:/home/user/.m2/repository/org/eclipse/jetty/jetty-servlet/9.3.24.v20180605/jetty-servlet-9.3.24.v20180605.jar:/home/user/.m2/repository/org/eclipse/jetty/jetty-security/9.3.24.v20180605/jetty-security-9.3.24.v20180605.jar:/home/user/.m2/repository/org/eclipse/jetty/jetty-webapp/9.3.24.v20180605/jetty-webapp-9.3.24.v20180605.jar:/home/user/.m2/repository/org/eclipse/jetty/jetty-xml/9.3.24.v20180605/jetty-xml-9.3.24.v20180605.jar:/home/user/.m2/repository/javax/servlet/jsp/jsp-api/2.1/jsp-api-2.1.jar:/home/user/.m2/repository/com/sun/jersey/jersey-core/1.19/jersey-core-1.19.jar:/home/user/.m2/repository/javax/ws/rs/jsr311-api/1.1.1/jsr311-api-1.1.1.jar:/home/user/.m2/repository/com/sun/jersey/jersey-servlet/1.19/jersey-servlet-1.19.jar:/home/user/.m2/repository/com/sun/jersey/jersey-json/1.19/jersey-json-1.19.jar:/home/user/.m2/repository/org/codehaus/jettison/jettison/1.1/jettison-1.1.jar:/home/user/.m2/repository/com/sun/xml/bind/jaxb-impl/2.3.0.1/jaxb-impl-2.3.0.1.jar:/home/user/.m2/repository/org/codehaus/jackson/jackson-core-asl/1.9.13/jackson-core-asl-1.9.13.jar:/home/user/.m2/repository/org/codehaus/jackson/jackson-mapper-asl/1.9.13/jackson-mapper-asl-1.9.13.jar:/home/user/.m2/repository/org/codehaus/jackson/jackson-jaxrs/1.9.13/jackson-jaxrs-1.9.13.jar:/home/user/.m2/repository/org/codehaus/jackson/jackson-xc/1.9.13/jackson-xc-1.9.13.jar:/home/user/.m2/repository/com/sun/jersey/jersey-server/1.19/jersey-server-1.19.jar:/home/user/.m2/repository/commons-logging/commons-logging/1.1.3/commons-logging-1.1.3.jar:/home/user/.m2/repository/log4j/log4j/1.2.17/log4j-1.2.17.jar:/home/user/.m2/repository/commons-beanutils/commons-beanutils/1.9.3/commons-beanutils-1.9.3.jar:/home/user/.m2/repository/org/apache/commons/commons-configuration2/2.1.1/commons-configuration2-2.1.1.jar:/home/user/.m2/repository/org/apache/commons/commons-lang3/3.7/commons-lang3-3.7.jar:/home/user/.m2/repository/org/apache/commons/commons-text/1.4/commons-text-1.4.jar:/home/user/.m2/repository/org/slf4j/slf4j-api/1.7.25/slf4j-api-1.7.25.jar:/home/user/.m2/repository/org/slf4j/slf4j-log4j12/1.7.25/slf4j-log4j12-1.7.25.jar:/home/user/.m2/repository/org/apache/avro/avro/1.7.7/avro-1.7.7.jar:/home/user/.m2/repository/com/thoughtworks/paranamer/paranamer/2.3/paranamer-2.3.jar:/home/user/.m2/repository/org/xerial/snappy/snappy-java/1.0.5/snappy-java-1.0.5.jar:/home/user/.m2/repository/com/google/re2j/re2j/1.1/re2j-1.1.jar:/home/user/.m2/repository/com/google/code/gson/gson/2.2.4/gson-2.2.4.jar:/home/user/.m2/repository/org/apache/hadoop/hadoop-auth/3.2.0/hadoop-auth-3.2.0.jar:/home/user/.m2/repository/com/nimbusds/nimbus-jose-jwt/4.41.1/nimbus-jose-jwt-4.41.1.jar:/home/user/.m2/repository/com/github/stephenc/jcip/jcip-annotations/1.0-1/jcip-annotations-1.0-1.jar:/home/user/.m2/repository/net/minidev/json-smart/2.3/json-smart-2.3.jar:/home/user/.m2/repository/net/minidev/accessors-smart/1.2/accessors-smart-1.2.jar:/home/user/.m2/repository/org/apache/curator/curator-framework/2.12.0/curator-framework-2.12.0.jar:/home/user/.m2/repository/com/jcraft/jsch/0.1.54/jsch-0.1.54.jar:/home/user/.m2/repository/org/apache/curator/curator-client/2.12.0/curator-client-2.12.0.jar:/home/user/.m2/repository/org/apache/curator/curator-recipes/2.12.0/curator-recipes-2.12.0.jar:/home/user/.m2/repository/com/google/code/findbugs/jsr305/3.0.0/jsr305-3.0.0.jar:/home/user/.m2/repository/org/apache/htrace/htrace-core4/4.1.0-incubating/htrace-core4-4.1.0-incubating.jar:/home/user/.m2/repository/org/apache/zookeeper/zookeeper/3.4.13/zookeeper-3.4.13.jar:/home/user/.m2/repository/org/apache/yetus/audience-annotations/0.5.0/audience-annotations-0.5.0.jar:/home/user/.m2/repository/org/apache/kerby/kerb-simplekdc/1.0.1/kerb-simplekdc-1.0.1.jar:/home/user/.m2/repository/org/apache/kerby/kerb-client/1.0.1/kerb-client-1.0.1.jar:/home/user/.m2/repository/org/apache/kerby/kerby-config/1.0.1/kerby-config-1.0.1.jar:/home/user/.m2/repository/org/apache/kerby/kerb-core/1.0.1/kerb-core-1.0.1.jar:/home/user/.m2/repository/org/apache/kerby/kerby-pkix/1.0.1/kerby-pkix-1.0.1.jar:/home/user/.m2/repository/org/apache/kerby/kerby-asn1/1.0.1/kerby-asn1-1.0.1.jar:/home/user/.m2/repository/org/apache/kerby/kerby-util/1.0.1/kerby-util-1.0.1.jar:/home/user/.m2/repository/org/apache/kerby/kerb-common/1.0.1/kerb-common-1.0.1.jar:/home/user/.m2/repository/org/apache/kerby/kerb-crypto/1.0.1/kerb-crypto-1.0.1.jar:/home/user/.m2/repository/org/apache/kerby/kerb-util/1.0.1/kerb-util-1.0.1.jar:/home/user/.m2/repository/org/apache/kerby/token-provider/1.0.1/token-provider-1.0.1.jar:/home/user/.m2/repository/org/apache/kerby/kerb-admin/1.0.1/kerb-admin-1.0.1.jar:/home/user/.m2/repository/org/apache/kerby/kerb-server/1.0.1/kerb-server-1.0.1.jar:/home/user/.m2/repository/org/apache/kerby/kerb-identity/1.0.1/kerb-identity-1.0.1.jar:/home/user/.m2/repository/org/apache/kerby/kerby-xdr/1.0.1/kerby-xdr-1.0.1.jar:/home/user/.m2/repository/com/fasterxml/jackson/core/jackson-databind/2.9.5/jackson-databind-2.9.5.jar:/home/user/.m2/repository/com/fasterxml/jackson/core/jackson-core/2.9.5/jackson-core-2.9.5.jar:/home/user/.m2/repository/org/codehaus/woodstox/stax2-api/3.1.4/stax2-api-3.1.4.jar:/home/user/.m2/repository/com/fasterxml/woodstox/woodstox-core/5.0.3/woodstox-core-5.0.3.jar:/home/user/.m2/repository/dnsjava/dnsjava/2.1.7/dnsjava-2.1.7.jar:/home/user/.m2/repository/org/apache/hadoop/hadoop-hdfs/3.2.0/hadoop-hdfs-3.2.0.jar:/home/user/.m2/repository/org/eclipse/jetty/jetty-util-ajax/9.3.24.v20180605/jetty-util-ajax-9.3.24.v20180605.jar:/home/user/.m2/repository/commons-daemon/commons-daemon/1.0.13/commons-daemon-1.0.13.jar:/home/user/.m2/repository/io/netty/netty/3.10.5.Final/netty-3.10.5.Final.jar:/home/user/.m2/repository/io/netty/netty-all/4.0.52.Final/netty-all-4.0.52.Final.jar:/home/user/.m2/repository/org/fusesource/leveldbjni/leveldbjni-all/1.8/leveldbjni-all-1.8.jar:/home/user/.m2/repository/com/sun/xml/bind/jaxb-core/2.3.0.1/jaxb-core-2.3.0.1.jar:/home/user/.m2/repository/javax/xml/bind/jaxb-api/2.3.0/jaxb-api-2.3.0.jar:/home/user/.m2/repository/javax/activation/activation/1.1.1/activation-1.1.1.jar:/home/user/.m2/repository/io/dropwizard/metrics/metrics-core/3.2.4/metrics-core-3.2.4.jar:/home/user/.m2/repository/org/openjdk/jmh/jmh-core/1.19/jmh-core-1.19.jar:/home/user/.m2/repository/net/sf/jopt-simple/jopt-simple/4.6/jopt-simple-4.6.jar:/home/user/.m2/repository/org/openjdk/jmh/jmh-generator-annprocess/1.19/jmh-generator-annprocess-1.19.jar:/home/user/.m2/repository/com/google/code/findbugs/findbugs/3.0.1/findbugs-3.0.1.jar:/home/user/.m2/repository/net/jcip/jcip-annotations/1.0/jcip-annotations-1.0.jar:/home/user/.m2/repository/com/google/code/findbugs/bcel-findbugs/6.0/bcel-findbugs-6.0.jar:/home/user/.m2/repository/com/google/code/findbugs/jFormatString/2.0.1/jFormatString-2.0.1.jar:/home/user/.m2/repository/dom4j/dom4j/1.6.1/dom4j-1.6.1.jar:/home/user/.m2/repository/xml-apis/xml-apis/1.0.b2/xml-apis-1.0.b2.jar:/home/user/.m2/repository/org/ow2/asm/asm-debug-all/5.0.2/asm-debug-all-5.0.2.jar:/home/user/.m2/repository/org/ow2/asm/asm-commons/5.0.2/asm-commons-5.0.2.jar:/home/user/.m2/repository/org/ow2/asm/asm-tree/5.0.2/asm-tree-5.0.2.jar:/home/user/.m2/repository/org/ow2/asm/asm/5.0.4/asm-5.0.4.jar:/home/user/.m2/repository/commons-lang/commons-lang/2.6/commons-lang-2.6.jar:/home/user/.m2/repository/com/apple/AppleJavaExtensions/1.4/AppleJavaExtensions-1.4.jar:/home/user/.m2/repository/jaxen/jaxen/1.1.6/jaxen-1.1.6.jar:/home/user/.m2/repository/junit/junit/4.11/junit-4.11.jar:/home/user/.m2/repository/org/hamcrest/hamcrest-core/1.3/hamcrest-core-1.3.jar:/home/user/.m2/repository/org/apache/hadoop/hadoop-common/3.2.0/hadoop-common-3.2.0-tests.jar:/home/user/.m2/repository/org/apache/hadoop/hadoop-ozone-integration-test/0.5.0-SNAPSHOT/hadoop-ozone-integration-test-0.5.0-SNAPSHOT-tests.jar:/tmp/workdir/hadoop-ozone/objectstore-service/target/classes:/tmp/workdir/hadoop-ozone/s3gateway/target/classes:/home/user/.m2/repository/org/jboss/weld/servlet/weld-servlet/2.4.7.Final/weld-servlet-2.4.7.Final.jar:/home/user/.m2/repository/org/glassfish/jersey/containers/jersey-container-servlet-core/2.27/jersey-container-servlet-core-2.27.jar:/home/user/.m2/repository/org/glassfish/hk2/external/javax.inject/2.5.0-b42/javax.inject-2.5.0-b42.jar:/home/user/.m2/repository/org/glassfish/jersey/core/jersey-common/2.27/jersey-common-2.27.jar:/home/user/.m2/repository/org/glassfish/hk2/osgi-resource-locator/1.0.1/osgi-resource-locator-1.0.1.jar:/home/user/.m2/repository/javax/ws/rs/javax.ws.rs-api/2.1/javax.ws.rs-api-2.1.jar:/home/user/.m2/repository/org/glassfish/jersey/ext/cdi/jersey-cdi1x/2.27/jersey-cdi1x-2.27.jar:/home/user/.m2/repository/org/glassfish/jersey/inject/jersey-hk2/2.27/jersey-hk2-2.27.jar:/home/user/.m2/repository/org/glassfish/hk2/hk2-locator/2.5.0-b42/hk2-locator-2.5.0-b42.jar:/home/user/.m2/repository/org/javassist/javassist/3.22.0-CR2/javassist-3.22.0-CR2.jar:/home/user/.m2/repository/org/glassfish/hk2/hk2-api/2.5.0/hk2-api-2.5.0.jar:/home/user/.m2/repository/org/glassfish/hk2/external/jakarta.inject/2.5.0/jakarta.inject-2.5.0.jar:/home/user/.m2/repository/org/glassfish/hk2/hk2-utils/2.5.0/hk2-utils-2.5.0.jar:/home/user/.m2/repository/jakarta/annotation/jakarta.annotation-api/1.3.4/jakarta.annotation-api-1.3.4.jar:/home/user/.m2/repository/org/glassfish/hk2/external/aopalliance-repackaged/2.5.0/aopalliance-repackaged-2.5.0.jar:/home/user/.m2/repository/com/fasterxml/jackson/dataformat/jackson-dataformat-xml/2.9.0/jackson-dataformat-xml-2.9.0.jar:/home/user/.m2/repository/com/fasterxml/jackson/module/jackson-module-jaxb-annotations/2.9.5/jackson-module-jaxb-annotations-2.9.5.jar:/home/user/.m2/repository/javax/enterprise/cdi-api/1.2/cdi-api-1.2.jar:/home/user/.m2/repository/javax/el/javax.el-api/3.0.0/javax.el-api-3.0.0.jar:/home/user/.m2/repository/javax/interceptor/javax.interceptor-api/1.2/javax.interceptor-api-1.2.jar:/home/user/.m2/repository/javax/inject/javax.inject/1/javax.inject-1.jar:/tmp/workdir/hadoop-ozone/csi/target/classes:/home/user/.m2/repository/com/google/protobuf/protobuf-java-util/3.5.1/protobuf-java-util-3.5.1.jar:/home/user/.m2/repository/io/grpc/grpc-netty/1.17.1/grpc-netty-1.17.1.jar:/home/user/.m2/repository/io/grpc/grpc-core/1.17.1/grpc-core-1.17.1.jar:/home/user/.m2/repository/io/grpc/grpc-context/1.17.1/grpc-context-1.17.1.jar:/home/user/.m2/repository/com/google/errorprone/error_prone_annotations/2.2.0/error_prone_annotations-2.2.0.jar:/home/user/.m2/repository/org/codehaus/mojo/animal-sniffer-annotations/1.17/animal-sniffer-annotations-1.17.jar:/home/user/.m2/repository/io/opencensus/opencensus-api/0.17.0/opencensus-api-0.17.0.jar:/home/user/.m2/repository/io/opencensus/opencensus-contrib-grpc-metrics/0.17.0/opencensus-contrib-grpc-metrics-0.17.0.jar:/home/user/.m2/repository/io/netty/netty-codec-http2/4.1.30.Final/netty-codec-http2-4.1.30.Final.jar:/home/user/.m2/repository/io/netty/netty-codec-http/4.1.30.Final/netty-codec-http-4.1.30.Final.jar:/home/user/.m2/repository/io/netty/netty-codec/4.1.30.Final/netty-codec-4.1.30.Final.jar:/home/user/.m2/repository/io/netty/netty-handler/4.1.30.Final/netty-handler-4.1.30.Final.jar:/home/user/.m2/repository/io/netty/netty-handler-proxy/4.1.30.Final/netty-handler-proxy-4.1.30.Final.jar:/home/user/.m2/repository/io/netty/netty-codec-socks/4.1.30.Final/netty-codec-socks-4.1.30.Final.jar:/home/user/.m2/repository/io/netty/netty-transport-native-epoll/4.1.30.Final/netty-transport-native-epoll-4.1.30.Final.jar:/home/user/.m2/repository/io/netty/netty-common/4.1.30.Final/netty-common-4.1.30.Final.jar:/home/user/.m2/repository/io/netty/netty-buffer/4.1.30.Final/netty-buffer-4.1.30.Final.jar:/home/user/.m2/repository/io/netty/netty-transport/4.1.30.Final/netty-transport-4.1.30.Final.jar:/home/user/.m2/repository/io/netty/netty-resolver/4.1.30.Final/netty-resolver-4.1.30.Final.jar:/home/user/.m2/repository/io/netty/netty-transport-native-unix-common/4.1.30.Final/netty-transport-native-unix-common-4.1.30.Final.jar:/home/user/.m2/repository/io/grpc/grpc-protobuf/1.17.1/grpc-protobuf-1.17.1.jar:/home/user/.m2/repository/com/google/api/grpc/proto-google-common-protos/1.0.0/proto-google-common-protos-1.0.0.jar:/home/user/.m2/repository/io/grpc/grpc-protobuf-lite/1.17.1/grpc-protobuf-lite-1.17.1.jar:/home/user/.m2/repository/io/grpc/grpc-stub/1.17.1/grpc-stub-1.17.1.jar:/tmp/workdir/hadoop-ozone/ozone-recon/target/classes:/tmp/workdir/hadoop-ozone/ozone-recon-codegen/target/classes:/home/user/.m2/repository/com/google/inject/extensions/guice-multibindings/4.0/guice-multibindings-4.0.jar:/home/user/.m2/repository/com/google/inject/guice/4.0/guice-4.0.jar:/home/user/.m2/repository/aopalliance/aopalliance/1.0/aopalliance-1.0.jar:/home/user/.m2/repository/com/google/inject/extensions/guice-servlet/4.0/guice-servlet-4.0.jar:/home/user/.m2/repository/org/glassfish/jersey/containers/jersey-container-servlet/2.27/jersey-container-servlet-2.27.jar:/home/user/.m2/repository/org/glassfish/hk2/guice-bridge/2.5.0/guice-bridge-2.5.0.jar:/home/user/.m2/repository/org/glassfish/jersey/core/jersey-server/2.27/jersey-server-2.27.jar:/home/user/.m2/repository/org/glassfish/jersey/core/jersey-client/2.27/jersey-client-2.27.jar:/home/user/.m2/repository/org/glassfish/jersey/media/jersey-media-jaxb/2.27/jersey-media-jaxb-2.27.jar:/home/user/.m2/repository/javax/validation/validation-api/1.1.0.Final/validation-api-1.1.0.Final.jar:/home/user/.m2/repository/org/glassfish/jersey/media/jersey-media-json-jackson/2.27/jersey-media-json-jackson-2.27.jar:/home/user/.m2/repository/org/glassfish/jersey/ext/jersey-entity-filtering/2.27/jersey-entity-filtering-2.27.jar:/home/user/.m2/repository/com/google/inject/extensions/guice-assistedinject/4.0/guice-assistedinject-4.0.jar:/home/user/.m2/repository/org/jooq/jooq/3.11.10/jooq-3.11.10.jar:/home/user/.m2/repository/org/jooq/jooq-meta/3.11.10/jooq-meta-3.11.10.jar:/home/user/.m2/repository/org/jooq/jooq-codegen/3.11.10/jooq-codegen-3.11.10.jar:/home/user/.m2/repository/com/jolbox/bonecp/0.8.0.RELEASE/bonecp-0.8.0.RELEASE.jar:/home/user/.m2/repository/org/springframework/spring-jdbc/5.1.3.RELEASE/spring-jdbc-5.1.3.RELEASE.jar:/home/user/.m2/repository/org/springframework/spring-beans/5.1.3.RELEASE/spring-beans-5.1.3.RELEASE.jar:/home/user/.m2/repository/org/springframework/spring-core/5.1.3.RELEASE/spring-core-5.1.3.RELEASE.jar:/home/user/.m2/repository/org/springframework/spring-jcl/5.1.3.RELEASE/spring-jcl-5.1.3.RELEASE.jar:/home/user/.m2/repository/org/springframework/spring-tx/5.1.3.RELEASE/spring-tx-5.1.3.RELEASE.jar:/home/user/.m2/repository/org/mockito/mockito-core/2.15.0/mockito-core-2.15.0.jar:/home/user/.m2/repository/net/bytebuddy/byte-buddy/1.7.9/byte-buddy-1.7.9.jar:/home/user/.m2/repository/net/bytebuddy/byte-buddy-agent/1.7.9/byte-buddy-agent-1.7.9.jar:/home/user/.m2/repository/org/objenesis/objenesis/1.0/objenesis-1.0.jar:"/>
    <property name="java.vm.vendor" value="IcedTea"/>
    <property name="sun.arch.data.model" value="64"/>
    <property name="test.build.dir" value="/tmp/workdir/hadoop-ozone/tools/target/test-dir"/>
    <property name="test.cache.data" value=""/>
    <property name="java.vendor.url" value="https://icedtea.classpath.org"/>
    <property name="user.timezone" value=""/>
    <property name="java.vm.specification.version" value="1.8"/>
    <property name="os.name" value="Linux"/>
    <property name="test.build.data" value="/tmp/workdir/hadoop-ozone/tools/target/test-dir"/>
    <property name="user.country" value="US"/>
    <property name="sun.java.launcher" value="SUN_STANDARD"/>
    <property name="sun.boot.library.path" value="/usr/lib/jvm/java-1.8-openjdk/jre/lib/amd64"/>
    <property name="sun.java.command" value="/tmp/workdir/hadoop-ozone/tools/target/surefire/surefirebooter1790182245544982698.jar /tmp/workdir/hadoop-ozone/tools/target/surefire 2019-07-08T19-59-21_739-jvmRun1 surefire2660562557465795835tmp surefire_1026334824167557624565tmp"/>
    <property name="surefire.test.class.path" value="/tmp/workdir/hadoop-ozone/tools/target/test-classes:/tmp/workdir/hadoop-ozone/tools/target/classes:/tmp/workdir/hadoop-ozone/ozone-manager/target/classes:/tmp/workdir/hadoop-hdds/docs/target/classes:/home/user/.m2/repository/org/bouncycastle/bcprov-jdk15on/1.60/bcprov-jdk15on-1.60.jar:/tmp/workdir/hadoop-ozone/common/target/classes:/home/user/.m2/repository/org/apache/commons/commons-compress/1.4.1/commons-compress-1.4.1.jar:/home/user/.m2/repository/org/tukaani/xz/1.0/xz-1.0.jar:/home/user/.m2/repository/org/apache/hadoop/hadoop-hdfs-client/3.2.0/hadoop-hdfs-client-3.2.0.jar:/home/user/.m2/repository/com/fasterxml/jackson/core/jackson-annotations/2.9.5/jackson-annotations-2.9.5.jar:/tmp/workdir/hadoop-hdds/common/target/classes:/tmp/workdir/hadoop-hdds/config/target/classes:/home/user/.m2/repository/javax/annotation/javax.annotation-api/1.2/javax.annotation-api-1.2.jar:/home/user/.m2/repository/org/apache/ratis/ratis-server/0.4.0-2337318-SNAPSHOT/ratis-server-0.4.0-2337318-SNAPSHOT.jar:/home/user/.m2/repository/org/apache/ratis/ratis-thirdparty-misc/0.2.0/ratis-thirdparty-misc-0.2.0.jar:/home/user/.m2/repository/org/apache/ratis/ratis-proto/0.4.0-2337318-SNAPSHOT/ratis-proto-0.4.0-2337318-SNAPSHOT.jar:/home/user/.m2/repository/org/apache/ratis/ratis-common/0.4.0-2337318-SNAPSHOT/ratis-common-0.4.0-2337318-SNAPSHOT.jar:/home/user/.m2/repository/org/apache/ratis/ratis-client/0.4.0-2337318-SNAPSHOT/ratis-client-0.4.0-2337318-SNAPSHOT.jar:/home/user/.m2/repository/org/apache/ratis/ratis-metrics/0.4.0-2337318-SNAPSHOT/ratis-metrics-0.4.0-2337318-SNAPSHOT.jar:/home/user/.m2/repository/org/apache/ratis/ratis-netty/0.4.0-2337318-SNAPSHOT/ratis-netty-0.4.0-2337318-SNAPSHOT.jar:/home/user/.m2/repository/org/apache/ratis/ratis-grpc/0.4.0-2337318-SNAPSHOT/ratis-grpc-0.4.0-2337318-SNAPSHOT.jar:/home/user/.m2/repository/org/rocksdb/rocksdbjni/6.0.1/rocksdbjni-6.0.1.jar:/home/user/.m2/repository/org/apache/logging/log4j/log4j-api/2.11.0/log4j-api-2.11.0.jar:/home/user/.m2/repository/org/apache/logging/log4j/log4j-core/2.11.0/log4j-core-2.11.0.jar:/home/user/.m2/repository/com/lmax/disruptor/3.4.2/disruptor-3.4.2.jar:/home/user/.m2/repository/org/apache/commons/commons-pool2/2.6.0/commons-pool2-2.6.0.jar:/home/user/.m2/repository/org/bouncycastle/bcpkix-jdk15on/1.60/bcpkix-jdk15on-1.60.jar:/home/user/.m2/repository/commons-validator/commons-validator/1.6/commons-validator-1.6.jar:/home/user/.m2/repository/commons-digester/commons-digester/1.8.1/commons-digester-1.8.1.jar:/home/user/.m2/repository/io/jaegertracing/jaeger-client/0.33.1/jaeger-client-0.33.1.jar:/home/user/.m2/repository/io/jaegertracing/jaeger-thrift/0.33.1/jaeger-thrift-0.33.1.jar:/home/user/.m2/repository/org/apache/thrift/libthrift/0.11.0/libthrift-0.11.0.jar:/home/user/.m2/repository/com/squareup/okhttp3/okhttp/3.9.0/okhttp-3.9.0.jar:/home/user/.m2/repository/com/squareup/okio/okio/1.13.0/okio-1.13.0.jar:/home/user/.m2/repository/io/jaegertracing/jaeger-core/0.33.1/jaeger-core-0.33.1.jar:/home/user/.m2/repository/io/jaegertracing/jaeger-tracerresolver/0.33.1/jaeger-tracerresolver-0.33.1.jar:/home/user/.m2/repository/io/opentracing/contrib/opentracing-tracerresolver/0.1.5/opentracing-tracerresolver-0.1.5.jar:/home/user/.m2/repository/io/opentracing/opentracing-util/0.31.0/opentracing-util-0.31.0.jar:/home/user/.m2/repository/io/opentracing/opentracing-api/0.31.0/opentracing-api-0.31.0.jar:/home/user/.m2/repository/io/opentracing/opentracing-noop/0.31.0/opentracing-noop-0.31.0.jar:/home/user/.m2/repository/org/yaml/snakeyaml/1.16/snakeyaml-1.16.jar:/tmp/workdir/hadoop-hdds/container-service/target/classes:/tmp/workdir/hadoop-hdds/client/target/classes:/tmp/workdir/hadoop-hdds/tools/target/classes:/home/user/.m2/repository/org/xerial/sqlite-jdbc/3.25.2/sqlite-jdbc-3.25.2.jar:/tmp/workdir/hadoop-hdds/server-scm/target/classes:/home/user/.m2/repository/org/hamcrest/hamcrest-all/1.3/hamcrest-all-1.3.jar:/home/user/.m2/repository/info/picocli/picocli/3.9.6/picocli-3.9.6.jar:/home/user/.m2/repository/com/google/protobuf/protobuf-java/2.5.0/protobuf-java-2.5.0.jar:/home/user/.m2/repository/com/google/guava/guava/11.0.2/guava-11.0.2.jar:/tmp/workdir/hadoop-ozone/client/target/classes:/home/user/.m2/repository/org/apache/hadoop/hadoop-ozone-filesystem/0.5.0-SNAPSHOT/hadoop-ozone-filesystem-0.5.0-SNAPSHOT.jar:/tmp/workdir/hadoop-hdds/framework/target/classes:/home/user/.m2/repository/org/apache/hadoop/hadoop-common/3.2.0/hadoop-common-3.2.0.jar:/home/user/.m2/repository/org/apache/hadoop/hadoop-annotations/3.2.0/hadoop-annotations-3.2.0.jar:/usr/lib/jvm/java-1.8-openjdk/jre/../lib/tools.jar:/home/user/.m2/repository/commons-cli/commons-cli/1.2/commons-cli-1.2.jar:/home/user/.m2/repository/org/apache/commons/commons-math3/3.1.1/commons-math3-3.1.1.jar:/home/user/.m2/repository/org/apache/httpcomponents/httpclient/4.5.2/httpclient-4.5.2.jar:/home/user/.m2/repository/org/apache/httpcomponents/httpcore/4.4.4/httpcore-4.4.4.jar:/home/user/.m2/repository/commons-codec/commons-codec/1.11/commons-codec-1.11.jar:/home/user/.m2/repository/commons-io/commons-io/2.5/commons-io-2.5.jar:/home/user/.m2/repository/commons-net/commons-net/3.6/commons-net-3.6.jar:/home/user/.m2/repository/commons-collections/commons-collections/3.2.2/commons-collections-3.2.2.jar:/home/user/.m2/repository/javax/servlet/javax.servlet-api/3.1.0/javax.servlet-api-3.1.0.jar:/home/user/.m2/repository/org/eclipse/jetty/jetty-server/9.3.24.v20180605/jetty-server-9.3.24.v20180605.jar:/home/user/.m2/repository/org/eclipse/jetty/jetty-http/9.3.24.v20180605/jetty-http-9.3.24.v20180605.jar:/home/user/.m2/repository/org/eclipse/jetty/jetty-io/9.3.24.v20180605/jetty-io-9.3.24.v20180605.jar:/home/user/.m2/repository/org/eclipse/jetty/jetty-util/9.3.24.v20180605/jetty-util-9.3.24.v20180605.jar:/home/user/.m2/repository/org/eclipse/jetty/jetty-servlet/9.3.24.v20180605/jetty-servlet-9.3.24.v20180605.jar:/home/user/.m2/repository/org/eclipse/jetty/jetty-security/9.3.24.v20180605/jetty-security-9.3.24.v20180605.jar:/home/user/.m2/repository/org/eclipse/jetty/jetty-webapp/9.3.24.v20180605/jetty-webapp-9.3.24.v20180605.jar:/home/user/.m2/repository/org/eclipse/jetty/jetty-xml/9.3.24.v20180605/jetty-xml-9.3.24.v20180605.jar:/home/user/.m2/repository/javax/servlet/jsp/jsp-api/2.1/jsp-api-2.1.jar:/home/user/.m2/repository/com/sun/jersey/jersey-core/1.19/jersey-core-1.19.jar:/home/user/.m2/repository/javax/ws/rs/jsr311-api/1.1.1/jsr311-api-1.1.1.jar:/home/user/.m2/repository/com/sun/jersey/jersey-servlet/1.19/jersey-servlet-1.19.jar:/home/user/.m2/repository/com/sun/jersey/jersey-json/1.19/jersey-json-1.19.jar:/home/user/.m2/repository/org/codehaus/jettison/jettison/1.1/jettison-1.1.jar:/home/user/.m2/repository/com/sun/xml/bind/jaxb-impl/2.3.0.1/jaxb-impl-2.3.0.1.jar:/home/user/.m2/repository/org/codehaus/jackson/jackson-core-asl/1.9.13/jackson-core-asl-1.9.13.jar:/home/user/.m2/repository/org/codehaus/jackson/jackson-mapper-asl/1.9.13/jackson-mapper-asl-1.9.13.jar:/home/user/.m2/repository/org/codehaus/jackson/jackson-jaxrs/1.9.13/jackson-jaxrs-1.9.13.jar:/home/user/.m2/repository/org/codehaus/jackson/jackson-xc/1.9.13/jackson-xc-1.9.13.jar:/home/user/.m2/repository/com/sun/jersey/jersey-server/1.19/jersey-server-1.19.jar:/home/user/.m2/repository/commons-logging/commons-logging/1.1.3/commons-logging-1.1.3.jar:/home/user/.m2/repository/log4j/log4j/1.2.17/log4j-1.2.17.jar:/home/user/.m2/repository/commons-beanutils/commons-beanutils/1.9.3/commons-beanutils-1.9.3.jar:/home/user/.m2/repository/org/apache/commons/commons-configuration2/2.1.1/commons-configuration2-2.1.1.jar:/home/user/.m2/repository/org/apache/commons/commons-lang3/3.7/commons-lang3-3.7.jar:/home/user/.m2/repository/org/apache/commons/commons-text/1.4/commons-text-1.4.jar:/home/user/.m2/repository/org/slf4j/slf4j-api/1.7.25/slf4j-api-1.7.25.jar:/home/user/.m2/repository/org/slf4j/slf4j-log4j12/1.7.25/slf4j-log4j12-1.7.25.jar:/home/user/.m2/repository/org/apache/avro/avro/1.7.7/avro-1.7.7.jar:/home/user/.m2/repository/com/thoughtworks/paranamer/paranamer/2.3/paranamer-2.3.jar:/home/user/.m2/repository/org/xerial/snappy/snappy-java/1.0.5/snappy-java-1.0.5.jar:/home/user/.m2/repository/com/google/re2j/re2j/1.1/re2j-1.1.jar:/home/user/.m2/repository/com/google/code/gson/gson/2.2.4/gson-2.2.4.jar:/home/user/.m2/repository/org/apache/hadoop/hadoop-auth/3.2.0/hadoop-auth-3.2.0.jar:/home/user/.m2/repository/com/nimbusds/nimbus-jose-jwt/4.41.1/nimbus-jose-jwt-4.41.1.jar:/home/user/.m2/repository/com/github/stephenc/jcip/jcip-annotations/1.0-1/jcip-annotations-1.0-1.jar:/home/user/.m2/repository/net/minidev/json-smart/2.3/json-smart-2.3.jar:/home/user/.m2/repository/net/minidev/accessors-smart/1.2/accessors-smart-1.2.jar:/home/user/.m2/repository/org/apache/curator/curator-framework/2.12.0/curator-framework-2.12.0.jar:/home/user/.m2/repository/com/jcraft/jsch/0.1.54/jsch-0.1.54.jar:/home/user/.m2/repository/org/apache/curator/curator-client/2.12.0/curator-client-2.12.0.jar:/home/user/.m2/repository/org/apache/curator/curator-recipes/2.12.0/curator-recipes-2.12.0.jar:/home/user/.m2/repository/com/google/code/findbugs/jsr305/3.0.0/jsr305-3.0.0.jar:/home/user/.m2/repository/org/apache/htrace/htrace-core4/4.1.0-incubating/htrace-core4-4.1.0-incubating.jar:/home/user/.m2/repository/org/apache/zookeeper/zookeeper/3.4.13/zookeeper-3.4.13.jar:/home/user/.m2/repository/org/apache/yetus/audience-annotations/0.5.0/audience-annotations-0.5.0.jar:/home/user/.m2/repository/org/apache/kerby/kerb-simplekdc/1.0.1/kerb-simplekdc-1.0.1.jar:/home/user/.m2/repository/org/apache/kerby/kerb-client/1.0.1/kerb-client-1.0.1.jar:/home/user/.m2/repository/org/apache/kerby/kerby-config/1.0.1/kerby-config-1.0.1.jar:/home/user/.m2/repository/org/apache/kerby/kerb-core/1.0.1/kerb-core-1.0.1.jar:/home/user/.m2/repository/org/apache/kerby/kerby-pkix/1.0.1/kerby-pkix-1.0.1.jar:/home/user/.m2/repository/org/apache/kerby/kerby-asn1/1.0.1/kerby-asn1-1.0.1.jar:/home/user/.m2/repository/org/apache/kerby/kerby-util/1.0.1/kerby-util-1.0.1.jar:/home/user/.m2/repository/org/apache/kerby/kerb-common/1.0.1/kerb-common-1.0.1.jar:/home/user/.m2/repository/org/apache/kerby/kerb-crypto/1.0.1/kerb-crypto-1.0.1.jar:/home/user/.m2/repository/org/apache/kerby/kerb-util/1.0.1/kerb-util-1.0.1.jar:/home/user/.m2/repository/org/apache/kerby/token-provider/1.0.1/token-provider-1.0.1.jar:/home/user/.m2/repository/org/apache/kerby/kerb-admin/1.0.1/kerb-admin-1.0.1.jar:/home/user/.m2/repository/org/apache/kerby/kerb-server/1.0.1/kerb-server-1.0.1.jar:/home/user/.m2/repository/org/apache/kerby/kerb-identity/1.0.1/kerb-identity-1.0.1.jar:/home/user/.m2/repository/org/apache/kerby/kerby-xdr/1.0.1/kerby-xdr-1.0.1.jar:/home/user/.m2/repository/com/fasterxml/jackson/core/jackson-databind/2.9.5/jackson-databind-2.9.5.jar:/home/user/.m2/repository/com/fasterxml/jackson/core/jackson-core/2.9.5/jackson-core-2.9.5.jar:/home/user/.m2/repository/org/codehaus/woodstox/stax2-api/3.1.4/stax2-api-3.1.4.jar:/home/user/.m2/repository/com/fasterxml/woodstox/woodstox-core/5.0.3/woodstox-core-5.0.3.jar:/home/user/.m2/repository/dnsjava/dnsjava/2.1.7/dnsjava-2.1.7.jar:/home/user/.m2/repository/org/apache/hadoop/hadoop-hdfs/3.2.0/hadoop-hdfs-3.2.0.jar:/home/user/.m2/repository/org/eclipse/jetty/jetty-util-ajax/9.3.24.v20180605/jetty-util-ajax-9.3.24.v20180605.jar:/home/user/.m2/repository/commons-daemon/commons-daemon/1.0.13/commons-daemon-1.0.13.jar:/home/user/.m2/repository/io/netty/netty/3.10.5.Final/netty-3.10.5.Final.jar:/home/user/.m2/repository/io/netty/netty-all/4.0.52.Final/netty-all-4.0.52.Final.jar:/home/user/.m2/repository/org/fusesource/leveldbjni/leveldbjni-all/1.8/leveldbjni-all-1.8.jar:/home/user/.m2/repository/com/sun/xml/bind/jaxb-core/2.3.0.1/jaxb-core-2.3.0.1.jar:/home/user/.m2/repository/javax/xml/bind/jaxb-api/2.3.0/jaxb-api-2.3.0.jar:/home/user/.m2/repository/javax/activation/activation/1.1.1/activation-1.1.1.jar:/home/user/.m2/repository/io/dropwizard/metrics/metrics-core/3.2.4/metrics-core-3.2.4.jar:/home/user/.m2/repository/org/openjdk/jmh/jmh-core/1.19/jmh-core-1.19.jar:/home/user/.m2/repository/net/sf/jopt-simple/jopt-simple/4.6/jopt-simple-4.6.jar:/home/user/.m2/repository/org/openjdk/jmh/jmh-generator-annprocess/1.19/jmh-generator-annprocess-1.19.jar:/home/user/.m2/repository/com/google/code/findbugs/findbugs/3.0.1/findbugs-3.0.1.jar:/home/user/.m2/repository/net/jcip/jcip-annotations/1.0/jcip-annotations-1.0.jar:/home/user/.m2/repository/com/google/code/findbugs/bcel-findbugs/6.0/bcel-findbugs-6.0.jar:/home/user/.m2/repository/com/google/code/findbugs/jFormatString/2.0.1/jFormatString-2.0.1.jar:/home/user/.m2/repository/dom4j/dom4j/1.6.1/dom4j-1.6.1.jar:/home/user/.m2/repository/xml-apis/xml-apis/1.0.b2/xml-apis-1.0.b2.jar:/home/user/.m2/repository/org/ow2/asm/asm-debug-all/5.0.2/asm-debug-all-5.0.2.jar:/home/user/.m2/repository/org/ow2/asm/asm-commons/5.0.2/asm-commons-5.0.2.jar:/home/user/.m2/repository/org/ow2/asm/asm-tree/5.0.2/asm-tree-5.0.2.jar:/home/user/.m2/repository/org/ow2/asm/asm/5.0.4/asm-5.0.4.jar:/home/user/.m2/repository/commons-lang/commons-lang/2.6/commons-lang-2.6.jar:/home/user/.m2/repository/com/apple/AppleJavaExtensions/1.4/AppleJavaExtensions-1.4.jar:/home/user/.m2/repository/jaxen/jaxen/1.1.6/jaxen-1.1.6.jar:/home/user/.m2/repository/junit/junit/4.11/junit-4.11.jar:/home/user/.m2/repository/org/hamcrest/hamcrest-core/1.3/hamcrest-core-1.3.jar:/home/user/.m2/repository/org/apache/hadoop/hadoop-common/3.2.0/hadoop-common-3.2.0-tests.jar:/home/user/.m2/repository/org/apache/hadoop/hadoop-ozone-integration-test/0.5.0-SNAPSHOT/hadoop-ozone-integration-test-0.5.0-SNAPSHOT-tests.jar:/tmp/workdir/hadoop-ozone/objectstore-service/target/classes:/tmp/workdir/hadoop-ozone/s3gateway/target/classes:/home/user/.m2/repository/org/jboss/weld/servlet/weld-servlet/2.4.7.Final/weld-servlet-2.4.7.Final.jar:/home/user/.m2/repository/org/glassfish/jersey/containers/jersey-container-servlet-core/2.27/jersey-container-servlet-core-2.27.jar:/home/user/.m2/repository/org/glassfish/hk2/external/javax.inject/2.5.0-b42/javax.inject-2.5.0-b42.jar:/home/user/.m2/repository/org/glassfish/jersey/core/jersey-common/2.27/jersey-common-2.27.jar:/home/user/.m2/repository/org/glassfish/hk2/osgi-resource-locator/1.0.1/osgi-resource-locator-1.0.1.jar:/home/user/.m2/repository/javax/ws/rs/javax.ws.rs-api/2.1/javax.ws.rs-api-2.1.jar:/home/user/.m2/repository/org/glassfish/jersey/ext/cdi/jersey-cdi1x/2.27/jersey-cdi1x-2.27.jar:/home/user/.m2/repository/org/glassfish/jersey/inject/jersey-hk2/2.27/jersey-hk2-2.27.jar:/home/user/.m2/repository/org/glassfish/hk2/hk2-locator/2.5.0-b42/hk2-locator-2.5.0-b42.jar:/home/user/.m2/repository/org/javassist/javassist/3.22.0-CR2/javassist-3.22.0-CR2.jar:/home/user/.m2/repository/org/glassfish/hk2/hk2-api/2.5.0/hk2-api-2.5.0.jar:/home/user/.m2/repository/org/glassfish/hk2/external/jakarta.inject/2.5.0/jakarta.inject-2.5.0.jar:/home/user/.m2/repository/org/glassfish/hk2/hk2-utils/2.5.0/hk2-utils-2.5.0.jar:/home/user/.m2/repository/jakarta/annotation/jakarta.annotation-api/1.3.4/jakarta.annotation-api-1.3.4.jar:/home/user/.m2/repository/org/glassfish/hk2/external/aopalliance-repackaged/2.5.0/aopalliance-repackaged-2.5.0.jar:/home/user/.m2/repository/com/fasterxml/jackson/dataformat/jackson-dataformat-xml/2.9.0/jackson-dataformat-xml-2.9.0.jar:/home/user/.m2/repository/com/fasterxml/jackson/module/jackson-module-jaxb-annotations/2.9.5/jackson-module-jaxb-annotations-2.9.5.jar:/home/user/.m2/repository/javax/enterprise/cdi-api/1.2/cdi-api-1.2.jar:/home/user/.m2/repository/javax/el/javax.el-api/3.0.0/javax.el-api-3.0.0.jar:/home/user/.m2/repository/javax/interceptor/javax.interceptor-api/1.2/javax.interceptor-api-1.2.jar:/home/user/.m2/repository/javax/inject/javax.inject/1/javax.inject-1.jar:/tmp/workdir/hadoop-ozone/csi/target/classes:/home/user/.m2/repository/com/google/protobuf/protobuf-java-util/3.5.1/protobuf-java-util-3.5.1.jar:/home/user/.m2/repository/io/grpc/grpc-netty/1.17.1/grpc-netty-1.17.1.jar:/home/user/.m2/repository/io/grpc/grpc-core/1.17.1/grpc-core-1.17.1.jar:/home/user/.m2/repository/io/grpc/grpc-context/1.17.1/grpc-context-1.17.1.jar:/home/user/.m2/repository/com/google/errorprone/error_prone_annotations/2.2.0/error_prone_annotations-2.2.0.jar:/home/user/.m2/repository/org/codehaus/mojo/animal-sniffer-annotations/1.17/animal-sniffer-annotations-1.17.jar:/home/user/.m2/repository/io/opencensus/opencensus-api/0.17.0/opencensus-api-0.17.0.jar:/home/user/.m2/repository/io/opencensus/opencensus-contrib-grpc-metrics/0.17.0/opencensus-contrib-grpc-metrics-0.17.0.jar:/home/user/.m2/repository/io/netty/netty-codec-http2/4.1.30.Final/netty-codec-http2-4.1.30.Final.jar:/home/user/.m2/repository/io/netty/netty-codec-http/4.1.30.Final/netty-codec-http-4.1.30.Final.jar:/home/user/.m2/repository/io/netty/netty-codec/4.1.30.Final/netty-codec-4.1.30.Final.jar:/home/user/.m2/repository/io/netty/netty-handler/4.1.30.Final/netty-handler-4.1.30.Final.jar:/home/user/.m2/repository/io/netty/netty-handler-proxy/4.1.30.Final/netty-handler-proxy-4.1.30.Final.jar:/home/user/.m2/repository/io/netty/netty-codec-socks/4.1.30.Final/netty-codec-socks-4.1.30.Final.jar:/home/user/.m2/repository/io/netty/netty-transport-native-epoll/4.1.30.Final/netty-transport-native-epoll-4.1.30.Final.jar:/home/user/.m2/repository/io/netty/netty-common/4.1.30.Final/netty-common-4.1.30.Final.jar:/home/user/.m2/repository/io/netty/netty-buffer/4.1.30.Final/netty-buffer-4.1.30.Final.jar:/home/user/.m2/repository/io/netty/netty-transport/4.1.30.Final/netty-transport-4.1.30.Final.jar:/home/user/.m2/repository/io/netty/netty-resolver/4.1.30.Final/netty-resolver-4.1.30.Final.jar:/home/user/.m2/repository/io/netty/netty-transport-native-unix-common/4.1.30.Final/netty-transport-native-unix-common-4.1.30.Final.jar:/home/user/.m2/repository/io/grpc/grpc-protobuf/1.17.1/grpc-protobuf-1.17.1.jar:/home/user/.m2/repository/com/google/api/grpc/proto-google-common-protos/1.0.0/proto-google-common-protos-1.0.0.jar:/home/user/.m2/repository/io/grpc/grpc-protobuf-lite/1.17.1/grpc-protobuf-lite-1.17.1.jar:/home/user/.m2/repository/io/grpc/grpc-stub/1.17.1/grpc-stub-1.17.1.jar:/tmp/workdir/hadoop-ozone/ozone-recon/target/classes:/tmp/workdir/hadoop-ozone/ozone-recon-codegen/target/classes:/home/user/.m2/repository/com/google/inject/extensions/guice-multibindings/4.0/guice-multibindings-4.0.jar:/home/user/.m2/repository/com/google/inject/guice/4.0/guice-4.0.jar:/home/user/.m2/repository/aopalliance/aopalliance/1.0/aopalliance-1.0.jar:/home/user/.m2/repository/com/google/inject/extensions/guice-servlet/4.0/guice-servlet-4.0.jar:/home/user/.m2/repository/org/glassfish/jersey/containers/jersey-container-servlet/2.27/jersey-container-servlet-2.27.jar:/home/user/.m2/repository/org/glassfish/hk2/guice-bridge/2.5.0/guice-bridge-2.5.0.jar:/home/user/.m2/repository/org/glassfish/jersey/core/jersey-server/2.27/jersey-server-2.27.jar:/home/user/.m2/repository/org/glassfish/jersey/core/jersey-client/2.27/jersey-client-2.27.jar:/home/user/.m2/repository/org/glassfish/jersey/media/jersey-media-jaxb/2.27/jersey-media-jaxb-2.27.jar:/home/user/.m2/repository/javax/validation/validation-api/1.1.0.Final/validation-api-1.1.0.Final.jar:/home/user/.m2/repository/org/glassfish/jersey/media/jersey-media-json-jackson/2.27/jersey-media-json-jackson-2.27.jar:/home/user/.m2/repository/org/glassfish/jersey/ext/jersey-entity-filtering/2.27/jersey-entity-filtering-2.27.jar:/home/user/.m2/repository/com/google/inject/extensions/guice-assistedinject/4.0/guice-assistedinject-4.0.jar:/home/user/.m2/repository/org/jooq/jooq/3.11.10/jooq-3.11.10.jar:/home/user/.m2/repository/org/jooq/jooq-meta/3.11.10/jooq-meta-3.11.10.jar:/home/user/.m2/repository/org/jooq/jooq-codegen/3.11.10/jooq-codegen-3.11.10.jar:/home/user/.m2/repository/com/jolbox/bonecp/0.8.0.RELEASE/bonecp-0.8.0.RELEASE.jar:/home/user/.m2/repository/org/springframework/spring-jdbc/5.1.3.RELEASE/spring-jdbc-5.1.3.RELEASE.jar:/home/user/.m2/repository/org/springframework/spring-beans/5.1.3.RELEASE/spring-beans-5.1.3.RELEASE.jar:/home/user/.m2/repository/org/springframework/spring-core/5.1.3.RELEASE/spring-core-5.1.3.RELEASE.jar:/home/user/.m2/repository/org/springframework/spring-jcl/5.1.3.RELEASE/spring-jcl-5.1.3.RELEASE.jar:/home/user/.m2/repository/org/springframework/spring-tx/5.1.3.RELEASE/spring-tx-5.1.3.RELEASE.jar:/home/user/.m2/repository/org/mockito/mockito-core/2.15.0/mockito-core-2.15.0.jar:/home/user/.m2/repository/net/bytebuddy/byte-buddy/1.7.9/byte-buddy-1.7.9.jar:/home/user/.m2/repository/net/bytebuddy/byte-buddy-agent/1.7.9/byte-buddy-agent-1.7.9.jar:/home/user/.m2/repository/org/objenesis/objenesis/1.0/objenesis-1.0.jar:"/>
    <property name="sun.cpu.endian" value="little"/>
    <property name="user.home" value="/home/user"/>
    <property name="user.language" value="en"/>
    <property name="java.specification.vendor" value="Oracle Corporation"/>
    <property name="java.home" value="/usr/lib/jvm/java-1.8-openjdk/jre"/>
    <property name="java.security.krb5.conf" value="/tmp/workdir/hadoop-ozone/tools/target/test-classes/krb5.conf"/>
    <property name="basedir" value="/tmp/workdir/hadoop-ozone/tools"/>
    <property name="file.separator" value="/"/>
    <property name="line.separator" value="&#10;"/>
    <property name="java.vm.specification.vendor" value="Oracle Corporation"/>
    <property name="java.specification.name" value="Java Platform API Specification"/>
    <property name="java.awt.graphicsenv" value="sun.awt.X11GraphicsEnvironment"/>
    <property name="surefire.real.class.path" value="/tmp/workdir/hadoop-ozone/tools/target/surefire/surefirebooter1790182245544982698.jar"/>
    <property name="hadoop.log.dir" value="/tmp/workdir/hadoop-ozone/tools/target/log"/>
    <property name="sun.boot.class.path" value="/usr/lib/jvm/java-1.8-openjdk/jre/lib/resources.jar:/usr/lib/jvm/java-1.8-openjdk/jre/lib/rt.jar:/usr/lib/jvm/java-1.8-openjdk/jre/lib/sunrsasign.jar:/usr/lib/jvm/java-1.8-openjdk/jre/lib/jsse.jar:/usr/lib/jvm/java-1.8-openjdk/jre/lib/jce.jar:/usr/lib/jvm/java-1.8-openjdk/jre/lib/charsets.jar:/usr/lib/jvm/java-1.8-openjdk/jre/lib/jfr.jar:/usr/lib/jvm/java-1.8-openjdk/jre/classes"/>
    <property name="sun.management.compiler" value="HotSpot 64-Bit Tiered Compilers"/>
    <property name="java.runtime.version" value="1.8.0_212-b04"/>
    <property name="java.net.preferIPv4Stack" value="true"/>
    <property name="user.name" value="jenkins1000"/>
    <property name="path.separator" value=":"/>
    <property name="java.security.egd" value="file:///dev/urandom"/>
    <property name="os.version" value="3.10.0-957.12.2.el7.x86_64"/>
    <property name="java.endorsed.dirs" value="/usr/lib/jvm/java-1.8-openjdk/jre/lib/endorsed"/>
    <property name="java.runtime.name" value="OpenJDK Runtime Environment"/>
    <property name="file.encoding" value="UTF-8"/>
    <property name="java.vm.name" value="OpenJDK 64-Bit Server VM"/>
    <property name="test.build.webapps" value=""/>
    <property name="localRepository" value="/home/user/.m2/repository"/>
    <property name="java.vendor.url.bug" value="https://icedtea.classpath.org/bugzilla"/>
    <property name="java.io.tmpdir" value="/tmp"/>
    <property name="require.test.libhadoop" value=""/>
    <property name="java.version" value="1.8.0_212"/>
    <property name="user.dir" value="/tmp/workdir/hadoop-ozone/tools"/>
    <property name="os.arch" value="amd64"/>
    <property name="java.vm.specification.name" value="Java Virtual Machine Specification"/>
    <property name="test.build.classes" value="/tmp/workdir/hadoop-ozone/tools/target/test-classes"/>
    <property name="java.awt.printerjob" value="sun.print.PSPrinterJob"/>
    <property name="sun.os.patch.level" value="unknown"/>
    <property name="hadoop.tmp.dir" value="/tmp/workdir/hadoop-ozone/tools/target/tmp"/>
    <property name="java.library.path" value="/usr/lib/jvm/java-1.8-openjdk/jre/lib/amd64/server:/usr/lib/jvm/java-1.8-openjdk/jre/lib/amd64:/usr/lib/jvm/java-1.8-openjdk/jre/../lib/amd64:/tmp/workdir/hadoop-ozone/tools/target/native/target/usr/local/lib:/tmp/workdir/hadoop-ozone/tools/../../hadoop-common-project/hadoop-common/target/native/target/usr/local/lib:/usr/java/packages/lib/amd64:/usr/lib64:/lib64:/lib:/usr/lib"/>
    <property name="java.vm.info" value="mixed mode"/>
    <property name="java.vendor" value="IcedTea"/>
    <property name="java.vm.version" value="25.212-b04"/>
    <property name="java.ext.dirs" value="/usr/lib/jvm/java-1.8-openjdk/jre/lib/ext:/usr/java/packages/lib/ext"/>
    <property name="sun.io.unicode.encoding" value="UnicodeLittle"/>
    <property name="java.class.version" value="52.0"/>
  </properties>
  <testcase name="ratisTest3" classname="org.apache.hadoop.ozone.freon.TestRandomKeyGenerator" time="5.369"/>
  <testcase name="testThreadPoolSize" classname="org.apache.hadoop.ozone.freon.TestRandomKeyGenerator" time="5.06"/>
  <testcase name="defaultTest" classname="org.apache.hadoop.ozone.freon.TestRandomKeyGenerator" time="5.027"/>
  <testcase name="bigFileThan2GB" classname="org.apache.hadoop.ozone.freon.TestRandomKeyGenerator" time="92.244">
    <error message="Allocated 0 blocks. Requested 1 blocks" type="INTERNAL_ERROR org.apache.hadoop.ozone.om.exceptions.OMException">INTERNAL_ERROR org.apache.hadoop.ozone.om.exceptions.OMException: Allocated 0 blocks. Requested 1 blocks
	at org.apache.hadoop.ozone.om.protocolPB.OzoneManagerProtocolClientSideTranslatorPB.handleError(OzoneManagerProtocolClientSideTranslatorPB.java:720)
	at org.apache.hadoop.ozone.om.protocolPB.OzoneManagerProtocolClientSideTranslatorPB.allocateBlock(OzoneManagerProtocolClientSideTranslatorPB.java:752)
	at org.apache.hadoop.ozone.client.io.BlockOutputStreamEntryPool.allocateNewBlock(BlockOutputStreamEntryPool.java:248)
	at org.apache.hadoop.ozone.client.io.BlockOutputStreamEntryPool.allocateBlockIfNeeded(BlockOutputStreamEntryPool.java:296)
	at org.apache.hadoop.ozone.client.io.KeyOutputStream.handleWrite(KeyOutputStream.java:201)
	at org.apache.hadoop.ozone.client.io.KeyOutputStream.write(KeyOutputStream.java:193)
	at org.apache.hadoop.ozone.client.io.OzoneOutputStream.write(OzoneOutputStream.java:49)
	at org.apache.hadoop.ozone.freon.RandomKeyGenerator$KeyProcessor.run(RandomKeyGenerator.java:693)
	at java.util.concurrent.Executors$RunnableAdapter.call(Executors.java:511)
	at java.util.concurrent.FutureTask.run(FutureTask.java:266)
	at java.util.concurrent.ThreadPoolExecutor.runWorker(ThreadPoolExecutor.java:1149)
	at java.util.concurrent.ThreadPoolExecutor$Worker.run(ThreadPoolExecutor.java:624)
	at java.lang.Thread.run(Thread.java:748)
</error>
    <system-out><![CDATA[2019-07-08 20:09:14,317 WARN  client.GrpcClientProtocolService (LogUtils.java:warn(134)) - 9-UnorderedRequestStreamObserver9: onError: org.apache.ratis.thirdparty.io.grpc.StatusRuntimeException: CANCELLED: cancelled before receiving half close
2019-07-08 20:09:21,072 INFO  freon.RandomKeyGenerator (RandomKeyGenerator.java:call(262)) - Number of Threads: 1
2019-07-08 20:09:21,072 INFO  freon.RandomKeyGenerator (RandomKeyGenerator.java:call(267)) - Number of Volumes: 1.
2019-07-08 20:09:21,072 INFO  freon.RandomKeyGenerator (RandomKeyGenerator.java:call(268)) - Number of Buckets per Volume: 1.
2019-07-08 20:09:21,072 INFO  freon.RandomKeyGenerator (RandomKeyGenerator.java:call(269)) - Number of Keys per Bucket: 1.
2019-07-08 20:09:21,072 INFO  freon.RandomKeyGenerator (RandomKeyGenerator.java:call(270)) - Key size: 2147483657 bytes
2019-07-08 20:09:21,072 INFO  freon.RandomKeyGenerator (RandomKeyGenerator.java:call(271)) - Buffer size: 4096 bytes
2019-07-08 20:09:21,074 INFO  freon.RandomKeyGenerator (RandomKeyGenerator.java:call(286)) - Data validation is enabled.
2019-07-08 20:09:21,074 INFO  freon.RandomKeyGenerator (RandomKeyGenerator.java:call(299)) - Starting progress bar Thread.

 0.00% |█                                                                                                    |  0/1 Time: 0:00:002019-07-08 20:09:21,075 INFO  rpc.RpcClient (RpcClient.java:createVolume(289)) - Creating Volume: vol-0-04424, with jenkins1000 as owner.
2019-07-08 20:09:21,092 INFO  rpc.RpcClient (RpcClient.java:createBucket(426)) - Creating Bucket: vol-0-04424/bucket-0-74885, with Versioning false and Storage Type set to DISK and Encryption set to false 
2019-07-08 20:09:21,172 INFO  client.GrpcClientProtocolClient (GrpcClientProtocolClient.java:onNext(255)) - client-83AFC0B42279->dfee02f7-0d20-4e08-8ecd-ebe087394a07: receive RaftClientReply:client-83AFC0B42279->dfee02f7-0d20-4e08-8ecd-ebe087394a07@group-E2152A48AE85, cid=600, FAILED org.apache.ratis.protocol.NotLeaderException: Server dfee02f7-0d20-4e08-8ecd-ebe087394a07 is not the leader (fd4515e9-84f2-4741-b1f5-a9247145a2ac:192.168.69.103:40680). Request must be sent to leader., logIndex=0, commits[dfee02f7-0d20-4e08-8ecd-ebe087394a07:c689, fd4515e9-84f2-4741-b1f5-a9247145a2ac:c689, 2e3e112c-ad01-4834-a07e-d6d8a7947632:c689]
2019-07-08 20:09:21,230 INFO  client.GrpcClientProtocolClient (GrpcClientProtocolClient.java:onNext(255)) - client-83AFC0B42279->fd4515e9-84f2-4741-b1f5-a9247145a2ac: receive RaftClientReply:client-83AFC0B42279->fd4515e9-84f2-4741-b1f5-a9247145a2ac@group-E2152A48AE85, cid=600, SUCCESS, logIndex=690, commits[fd4515e9-84f2-4741-b1f5-a9247145a2ac:c690, 2e3e112c-ad01-4834-a07e-d6d8a7947632:c689, dfee02f7-0d20-4e08-8ecd-ebe087394a07:c689]
2019-07-08 20:09:21,253 INFO  client.GrpcClientProtocolClient (GrpcClientProtocolClient.java:onNext(255)) - client-83AFC0B42279->fd4515e9-84f2-4741-b1f5-a9247145a2ac: receive RaftClientReply:client-83AFC0B42279->fd4515e9-84f2-4741-b1f5-a9247145a2ac@group-E2152A48AE85, cid=601, SUCCESS, logIndex=692, commits[fd4515e9-84f2-4741-b1f5-a9247145a2ac:c692, 2e3e112c-ad01-4834-a07e-d6d8a7947632:c690, dfee02f7-0d20-4e08-8ecd-ebe087394a07:c690]
2019-07-08 20:09:21,263 INFO  client.GrpcClientProtocolClient (GrpcClientProtocolClient.java:onNext(255)) - client-83AFC0B42279->fd4515e9-84f2-4741-b1f5-a9247145a2ac: receive RaftClientReply:client-83AFC0B42279->fd4515e9-84f2-4741-b1f5-a9247145a2ac@group-E2152A48AE85, cid=602, SUCCESS, logIndex=693, commits[fd4515e9-84f2-4741-b1f5-a9247145a2ac:c695, 2e3e112c-ad01-4834-a07e-d6d8a7947632:c692, dfee02f7-0d20-4e08-8ecd-ebe087394a07:c692]
2019-07-08 20:09:21,264 INFO  client.GrpcClientProtocolClient (GrpcClientProtocolClient.java:onNext(255)) - client-83AFC0B42279->fd4515e9-84f2-4741-b1f5-a9247145a2ac: receive RaftClientReply:client-83AFC0B42279->fd4515e9-84f2-4741-b1f5-a9247145a2ac@group-E2152A48AE85, cid=603, SUCCESS, logIndex=694, commits[fd4515e9-84f2-4741-b1f5-a9247145a2ac:c695, 2e3e112c-ad01-4834-a07e-d6d8a7947632:c692, dfee02f7-0d20-4e08-8ecd-ebe087394a07:c692]
2019-07-08 20:09:21,292 INFO  client.GrpcClientProtocolClient (GrpcClientProtocolClient.java:onNext(255)) - client-83AFC0B42279->fd4515e9-84f2-4741-b1f5-a9247145a2ac: receive RaftClientReply:client-83AFC0B42279->fd4515e9-84f2-4741-b1f5-a9247145a2ac@group-E2152A48AE85, cid=604, SUCCESS, logIndex=698, commits[fd4515e9-84f2-4741-b1f5-a9247145a2ac:c699, 2e3e112c-ad01-4834-a07e-d6d8a7947632:c695, dfee02f7-0d20-4e08-8ecd-ebe087394a07:c695]
2019-07-08 20:09:21,292 INFO  client.GrpcClientProtocolClient (GrpcClientProtocolClient.java:onNext(255)) - client-83AFC0B42279->fd4515e9-84f2-4741-b1f5-a9247145a2ac: receive RaftClientReply:client-83AFC0B42279->fd4515e9-84f2-4741-b1f5-a9247145a2ac@group-E2152A48AE85, cid=605, SUCCESS, logIndex=699, commits[fd4515e9-84f2-4741-b1f5-a9247145a2ac:c699, 2e3e112c-ad01-4834-a07e-d6d8a7947632:c695, dfee02f7-0d20-4e08-8ecd-ebe087394a07:c695]
2019-07-08 20:09:21,321 INFO  client.GrpcClientProtocolClient (GrpcClientProtocolClient.java:onNext(255)) - client-83AFC0B42279->fd4515e9-84f2-4741-b1f5-a9247145a2ac: receive RaftClientReply:client-83AFC0B42279->fd4515e9-84f2-4741-b1f5-a9247145a2ac@group-E2152A48AE85, cid=606, SUCCESS, logIndex=702, commits[fd4515e9-84f2-4741-b1f5-a9247145a2ac:c703, 2e3e112c-ad01-4834-a07e-d6d8a7947632:c699, dfee02f7-0d20-4e08-8ecd-ebe087394a07:c699]
2019-07-08 20:09:21,321 INFO  client.GrpcClientProtocolClient (GrpcClientProtocolClient.java:onNext(255)) - client-83AFC0B42279->fd4515e9-84f2-4741-b1f5-a9247145a2ac: receive RaftClientReply:client-83AFC0B42279->fd4515e9-84f2-4741-b1f5-a9247145a2ac@group-E2152A48AE85, cid=607, SUCCESS, logIndex=703, commits[fd4515e9-84f2-4741-b1f5-a9247145a2ac:c703, 2e3e112c-ad01-4834-a07e-d6d8a7947632:c699, dfee02f7-0d20-4e08-8ecd-ebe087394a07:c699]
2019-07-08 20:09:21,335 INFO  client.GrpcClientProtocolClient (GrpcClientProtocolClient.java:onNext(255)) - client-83AFC0B42279->fd4515e9-84f2-4741-b1f5-a9247145a2ac: receive RaftClientReply:client-83AFC0B42279->fd4515e9-84f2-4741-b1f5-a9247145a2ac@group-E2152A48AE85, cid=608, SUCCESS, logIndex=0, commits[fd4515e9-84f2-4741-b1f5-a9247145a2ac:c704, 2e3e112c-ad01-4834-a07e-d6d8a7947632:c703, dfee02f7-0d20-4e08-8ecd-ebe087394a07:c703]
2019-07-08 20:09:21,360 INFO  client.GrpcClientProtocolClient (GrpcClientProtocolClient.java:onNext(255)) - client-83AFC0B42279->fd4515e9-84f2-4741-b1f5-a9247145a2ac: receive RaftClientReply:client-83AFC0B42279->fd4515e9-84f2-4741-b1f5-a9247145a2ac@group-E2152A48AE85, cid=609, SUCCESS, logIndex=706, commits[fd4515e9-84f2-4741-b1f5-a9247145a2ac:c707, 2e3e112c-ad01-4834-a07e-d6d8a7947632:c705, dfee02f7-0d20-4e08-8ecd-ebe087394a07:c705]
2019-07-08 20:09:21,360 INFO  client.GrpcClientProtocolClient (GrpcClientProtocolClient.java:onNext(255)) - client-83AFC0B42279->fd4515e9-84f2-4741-b1f5-a9247145a2ac: receive RaftClientReply:client-83AFC0B42279->fd4515e9-84f2-4741-b1f5-a9247145a2ac@group-E2152A48AE85, cid=610, SUCCESS, logIndex=707, commits[fd4515e9-84f2-4741-b1f5-a9247145a2ac:c709, 2e3e112c-ad01-4834-a07e-d6d8a7947632:c705, dfee02f7-0d20-4e08-8ecd-ebe087394a07:c705]
2019-07-08 20:09:21,361 INFO  client.GrpcClientProtocolClient (GrpcClientProtocolClient.java:onNext(255)) - client-83AFC0B42279->fd4515e9-84f2-4741-b1f5-a9247145a2ac: receive RaftClientReply:client-83AFC0B42279->fd4515e9-84f2-4741-b1f5-a9247145a2ac@group-E2152A48AE85, cid=611, SUCCESS, logIndex=708, commits[fd4515e9-84f2-4741-b1f5-a9247145a2ac:c709, 2e3e112c-ad01-4834-a07e-d6d8a7947632:c705, dfee02f7-0d20-4e08-8ecd-ebe087394a07:c705]
2019-07-08 20:09:21,361 INFO  client.GrpcClientProtocolClient (GrpcClientProtocolClient.java:onNext(255)) - client-83AFC0B42279->fd4515e9-84f2-4741-b1f5-a9247145a2ac: receive RaftClientReply:client-83AFC0B42279->fd4515e9-84f2-4741-b1f5-a9247145a2ac@group-E2152A48AE85, cid=612, SUCCESS, logIndex=709, commits[fd4515e9-84f2-4741-b1f5-a9247145a2ac:c709, 2e3e112c-ad01-4834-a07e-d6d8a7947632:c705, dfee02f7-0d20-4e08-8ecd-ebe087394a07:c705]
2019-07-08 20:09:21,363 INFO  client.GrpcClientProtocolClient (GrpcClientProtocolClient.java:onNext(255)) - client-83AFC0B42279->fd4515e9-84f2-4741-b1f5-a9247145a2ac: receive RaftClientReply:client-83AFC0B42279->fd4515e9-84f2-4741-b1f5-a9247145a2ac@group-E2152A48AE85, cid=613, SUCCESS, logIndex=0, commits[fd4515e9-84f2-4741-b1f5-a9247145a2ac:c710, 2e3e112c-ad01-4834-a07e-d6d8a7947632:c707, dfee02f7-0d20-4e08-8ecd-ebe087394a07:c707]
2019-07-08 20:09:21,593 INFO  client.GrpcClientProtocolClient (GrpcClientProtocolClient.java:onNext(255)) - client-83AFC0B42279->fd4515e9-84f2-4741-b1f5-a9247145a2ac: receive RaftClientReply:client-83AFC0B42279->fd4515e9-84f2-4741-b1f5-a9247145a2ac@group-E2152A48AE85, cid=614, SUCCESS, logIndex=714, commits[fd4515e9-84f2-4741-b1f5-a9247145a2ac:c715, 2e3e112c-ad01-4834-a07e-d6d8a7947632:c713, dfee02f7-0d20-4e08-8ecd-ebe087394a07:c713]
2019-07-08 20:09:21,594 INFO  client.GrpcClientProtocolClient (GrpcClientProtocolClient.java:onNext(255)) - client-83AFC0B42279->fd4515e9-84f2-4741-b1f5-a9247145a2ac: receive RaftClientReply:client-83AFC0B42279->fd4515e9-84f2-4741-b1f5-a9247145a2ac@group-E2152A48AE85, cid=615, SUCCESS, logIndex=715, commits[fd4515e9-84f2-4741-b1f5-a9247145a2ac:c715, 2e3e112c-ad01-4834-a07e-d6d8a7947632:c713, dfee02f7-0d20-4e08-8ecd-ebe087394a07:c713]
2019-07-08 20:09:21,623 INFO  client.GrpcClientProtocolClient (GrpcClientProtocolClient.java:onNext(255)) - client-83AFC0B42279->fd4515e9-84f2-4741-b1f5-a9247145a2ac: receive RaftClientReply:client-83AFC0B42279->fd4515e9-84f2-4741-b1f5-a9247145a2ac@group-E2152A48AE85, cid=616, SUCCESS, logIndex=718, commits[fd4515e9-84f2-4741-b1f5-a9247145a2ac:c719, 2e3e112c-ad01-4834-a07e-d6d8a7947632:c716, dfee02f7-0d20-4e08-8ecd-ebe087394a07:c716]
2019-07-08 20:09:21,623 INFO  client.GrpcClientProtocolClient (GrpcClientProtocolClient.java:onNext(255)) - client-83AFC0B42279->fd4515e9-84f2-4741-b1f5-a9247145a2ac: receive RaftClientReply:client-83AFC0B42279->fd4515e9-84f2-4741-b1f5-a9247145a2ac@group-E2152A48AE85, cid=617, SUCCESS, logIndex=719, commits[fd4515e9-84f2-4741-b1f5-a9247145a2ac:c719, 2e3e112c-ad01-4834-a07e-d6d8a7947632:c716, dfee02f7-0d20-4e08-8ecd-ebe087394a07:c716]
2019-07-08 20:09:21,636 INFO  client.GrpcClientProtocolClient (GrpcClientProtocolClient.java:onNext(255)) - client-83AFC0B42279->fd4515e9-84f2-4741-b1f5-a9247145a2ac: receive RaftClientReply:client-83AFC0B42279->fd4515e9-84f2-4741-b1f5-a9247145a2ac@group-E2152A48AE85, cid=618, SUCCESS, logIndex=0, commits[fd4515e9-84f2-4741-b1f5-a9247145a2ac:c721, 2e3e112c-ad01-4834-a07e-d6d8a7947632:c719, dfee02f7-0d20-4e08-8ecd-ebe087394a07:c719]
2019-07-08 20:09:21,663 INFO  client.GrpcClientProtocolClient (GrpcClientProtocolClient.java:onNext(255)) - client-83AFC0B42279->fd4515e9-84f2-4741-b1f5-a9247145a2ac: receive RaftClientReply:client-83AFC0B42279->fd4515e9-84f2-4741-b1f5-a9247145a2ac@group-E2152A48AE85, cid=619, SUCCESS, logIndex=722, commits[fd4515e9-84f2-4741-b1f5-a9247145a2ac:c723, 2e3e112c-ad01-4834-a07e-d6d8a7947632:c721, dfee02f7-0d20-4e08-8ecd-ebe087394a07:c721]
2019-07-08 20:09:21,664 INFO  client.GrpcClientProtocolClient (GrpcClientProtocolClient.java:onNext(255)) - client-83AFC0B42279->fd4515e9-84f2-4741-b1f5-a9247145a2ac: receive RaftClientReply:client-83AFC0B42279->fd4515e9-84f2-4741-b1f5-a9247145a2ac@group-E2152A48AE85, cid=620, SUCCESS, logIndex=723, commits[fd4515e9-84f2-4741-b1f5-a9247145a2ac:c725, 2e3e112c-ad01-4834-a07e-d6d8a7947632:c721, dfee02f7-0d20-4e08-8ecd-ebe087394a07:c721]
2019-07-08 20:09:21,665 INFO  client.GrpcClientProtocolClient (GrpcClientProtocolClient.java:onNext(255)) - client-83AFC0B42279->fd4515e9-84f2-4741-b1f5-a9247145a2ac: receive RaftClientReply:client-83AFC0B42279->fd4515e9-84f2-4741-b1f5-a9247145a2ac@group-E2152A48AE85, cid=621, SUCCESS, logIndex=724, commits[fd4515e9-84f2-4741-b1f5-a9247145a2ac:c725, 2e3e112c-ad01-4834-a07e-d6d8a7947632:c721, dfee02f7-0d20-4e08-8ecd-ebe087394a07:c721]
2019-07-08 20:09:21,665 INFO  client.GrpcClientProtocolClient (GrpcClientProtocolClient.java:onNext(255)) - client-83AFC0B42279->fd4515e9-84f2-4741-b1f5-a9247145a2ac: receive RaftClientReply:client-83AFC0B42279->fd4515e9-84f2-4741-b1f5-a9247145a2ac@group-E2152A48AE85, cid=622, SUCCESS, logIndex=725, commits[fd4515e9-84f2-4741-b1f5-a9247145a2ac:c725, 2e3e112c-ad01-4834-a07e-d6d8a7947632:c721, dfee02f7-0d20-4e08-8ecd-ebe087394a07:c721]
2019-07-08 20:09:21,667 INFO  client.GrpcClientProtocolClient (GrpcClientProtocolClient.java:onNext(255)) - client-83AFC0B42279->fd4515e9-84f2-4741-b1f5-a9247145a2ac: receive RaftClientReply:client-83AFC0B42279->fd4515e9-84f2-4741-b1f5-a9247145a2ac@group-E2152A48AE85, cid=623, SUCCESS, logIndex=0, commits[fd4515e9-84f2-4741-b1f5-a9247145a2ac:c729, 2e3e112c-ad01-4834-a07e-d6d8a7947632:c725, dfee02f7-0d20-4e08-8ecd-ebe087394a07:c725]
2019-07-08 20:09:21,692 INFO  client.GrpcClientProtocolClient (GrpcClientProtocolClient.java:onNext(255)) - client-83AFC0B42279->fd4515e9-84f2-4741-b1f5-a9247145a2ac: receive RaftClientReply:client-83AFC0B42279->fd4515e9-84f2-4741-b1f5-a9247145a2ac@group-E2152A48AE85, cid=624, SUCCESS, logIndex=730, commits[fd4515e9-84f2-4741-b1f5-a9247145a2ac:c731, 2e3e112c-ad01-4834-a07e-d6d8a7947632:c729, dfee02f7-0d20-4e08-8ecd-ebe087394a07:c729]
2019-07-08 20:09:21,692 INFO  client.GrpcClientProtocolClient (GrpcClientProtocolClient.java:onNext(255)) - client-83AFC0B42279->fd4515e9-84f2-4741-b1f5-a9247145a2ac: receive RaftClientReply:client-83AFC0B42279->fd4515e9-84f2-4741-b1f5-a9247145a2ac@group-E2152A48AE85, cid=625, SUCCESS, logIndex=731, commits[fd4515e9-84f2-4741-b1f5-a9247145a2ac:c731, 2e3e112c-ad01-4834-a07e-d6d8a7947632:c729, dfee02f7-0d20-4e08-8ecd-ebe087394a07:c729]
2019-07-08 20:09:21,722 INFO  client.GrpcClientProtocolClient (GrpcClientProtocolClient.java:onNext(255)) - client-83AFC0B42279->fd4515e9-84f2-4741-b1f5-a9247145a2ac: receive RaftClientReply:client-83AFC0B42279->fd4515e9-84f2-4741-b1f5-a9247145a2ac@group-E2152A48AE85, cid=626, SUCCESS, logIndex=734, commits[fd4515e9-84f2-4741-b1f5-a9247145a2ac:c734, 2e3e112c-ad01-4834-a07e-d6d8a7947632:c731, dfee02f7-0d20-4e08-8ecd-ebe087394a07:c731]
2019-07-08 20:09:21,723 INFO  client.GrpcClientProtocolClient (GrpcClientProtocolClient.java:onNext(255)) - client-83AFC0B42279->fd4515e9-84f2-4741-b1f5-a9247145a2ac: receive RaftClientReply:client-83AFC0B42279->fd4515e9-84f2-4741-b1f5-a9247145a2ac@group-E2152A48AE85, cid=627, SUCCESS, logIndex=735, commits[fd4515e9-84f2-4741-b1f5-a9247145a2ac:c735, 2e3e112c-ad01-4834-a07e-d6d8a7947632:c731, dfee02f7-0d20-4e08-8ecd-ebe087394a07:c731]
2019-07-08 20:09:21,735 INFO  client.GrpcClientProtocolClient (GrpcClientProtocolClient.java:onNext(255)) - client-83AFC0B42279->fd4515e9-84f2-4741-b1f5-a9247145a2ac: receive RaftClientReply:client-83AFC0B42279->fd4515e9-84f2-4741-b1f5-a9247145a2ac@group-E2152A48AE85, cid=628, SUCCESS, logIndex=0, commits[fd4515e9-84f2-4741-b1f5-a9247145a2ac:c737, 2e3e112c-ad01-4834-a07e-d6d8a7947632:c735, dfee02f7-0d20-4e08-8ecd-ebe087394a07:c735]
2019-07-08 20:09:21,760 INFO  client.GrpcClientProtocolClient (GrpcClientProtocolClient.java:onNext(255)) - client-83AFC0B42279->fd4515e9-84f2-4741-b1f5-a9247145a2ac: receive RaftClientReply:client-83AFC0B42279->fd4515e9-84f2-4741-b1f5-a9247145a2ac@group-E2152A48AE85, cid=629, SUCCESS, logIndex=738, commits[fd4515e9-84f2-4741-b1f5-a9247145a2ac:c740, 2e3e112c-ad01-4834-a07e-d6d8a7947632:c737, dfee02f7-0d20-4e08-8ecd-ebe087394a07:c737]
2019-07-08 20:09:21,761 INFO  client.GrpcClientProtocolClient (GrpcClientProtocolClient.java:onNext(255)) - client-83AFC0B42279->fd4515e9-84f2-4741-b1f5-a9247145a2ac: receive RaftClientReply:client-83AFC0B42279->fd4515e9-84f2-4741-b1f5-a9247145a2ac@group-E2152A48AE85, cid=630, SUCCESS, logIndex=739, commits[fd4515e9-84f2-4741-b1f5-a9247145a2ac:c741, 2e3e112c-ad01-4834-a07e-d6d8a7947632:c737, dfee02f7-0d20-4e08-8ecd-ebe087394a07:c737]
2019-07-08 20:09:21,762 INFO  client.GrpcClientProtocolClient (GrpcClientProtocolClient.java:onNext(255)) - client-83AFC0B42279->fd4515e9-84f2-4741-b1f5-a9247145a2ac: receive RaftClientReply:client-83AFC0B42279->fd4515e9-84f2-4741-b1f5-a9247145a2ac@group-E2152A48AE85, cid=631, SUCCESS, logIndex=740, commits[fd4515e9-84f2-4741-b1f5-a9247145a2ac:c741, 2e3e112c-ad01-4834-a07e-d6d8a7947632:c737, dfee02f7-0d20-4e08-8ecd-ebe087394a07:c737]
2019-07-08 20:09:21,762 INFO  client.GrpcClientProtocolClient (GrpcClientProtocolClient.java:onNext(255)) - client-83AFC0B42279->fd4515e9-84f2-4741-b1f5-a9247145a2ac: receive RaftClientReply:client-83AFC0B42279->fd4515e9-84f2-4741-b1f5-a9247145a2ac@group-E2152A48AE85, cid=632, SUCCESS, logIndex=741, commits[fd4515e9-84f2-4741-b1f5-a9247145a2ac:c741, 2e3e112c-ad01-4834-a07e-d6d8a7947632:c737, dfee02f7-0d20-4e08-8ecd-ebe087394a07:c737]
2019-07-08 20:09:21,773 INFO  client.GrpcClientProtocolClient (GrpcClientProtocolClient.java:onNext(255)) - client-83AFC0B42279->fd4515e9-84f2-4741-b1f5-a9247145a2ac: receive RaftClientReply:client-83AFC0B42279->fd4515e9-84f2-4741-b1f5-a9247145a2ac@group-E2152A48AE85, cid=633, SUCCESS, logIndex=0, commits[fd4515e9-84f2-4741-b1f5-a9247145a2ac:c743, 2e3e112c-ad01-4834-a07e-d6d8a7947632:c739, dfee02f7-0d20-4e08-8ecd-ebe087394a07:c739]
2019-07-08 20:09:21,791 INFO  client.GrpcClientProtocolClient (GrpcClientProtocolClient.java:onNext(255)) - client-83AFC0B42279->fd4515e9-84f2-4741-b1f5-a9247145a2ac: receive RaftClientReply:client-83AFC0B42279->fd4515e9-84f2-4741-b1f5-a9247145a2ac@group-E2152A48AE85, cid=634, SUCCESS, logIndex=746, commits[fd4515e9-84f2-4741-b1f5-a9247145a2ac:c747, 2e3e112c-ad01-4834-a07e-d6d8a7947632:c745, dfee02f7-0d20-4e08-8ecd-ebe087394a07:c741]
2019-07-08 20:09:21,792 INFO  client.GrpcClientProtocolClient (GrpcClientProtocolClient.java:onNext(255)) - client-83AFC0B42279->fd4515e9-84f2-4741-b1f5-a9247145a2ac: receive RaftClientReply:client-83AFC0B42279->fd4515e9-84f2-4741-b1f5-a9247145a2ac@group-E2152A48AE85, cid=635, SUCCESS, logIndex=747, commits[fd4515e9-84f2-4741-b1f5-a9247145a2ac:c747, 2e3e112c-ad01-4834-a07e-d6d8a7947632:c745, dfee02f7-0d20-4e08-8ecd-ebe087394a07:c745]
2019-07-08 20:09:21,809 INFO  client.GrpcClientProtocolClient (GrpcClientProtocolClient.java:onNext(255)) - client-83AFC0B42279->fd4515e9-84f2-4741-b1f5-a9247145a2ac: receive RaftClientReply:client-83AFC0B42279->fd4515e9-84f2-4741-b1f5-a9247145a2ac@group-E2152A48AE85, cid=636, SUCCESS, logIndex=750, commits[fd4515e9-84f2-4741-b1f5-a9247145a2ac:c751, 2e3e112c-ad01-4834-a07e-d6d8a7947632:c747, dfee02f7-0d20-4e08-8ecd-ebe087394a07:c749]
2019-07-08 20:09:21,810 INFO  client.GrpcClientProtocolClient (GrpcClientProtocolClient.java:onNext(255)) - client-83AFC0B42279->fd4515e9-84f2-4741-b1f5-a9247145a2ac: receive RaftClientReply:client-83AFC0B42279->fd4515e9-84f2-4741-b1f5-a9247145a2ac@group-E2152A48AE85, cid=637, SUCCESS, logIndex=751, commits[fd4515e9-84f2-4741-b1f5-a9247145a2ac:c751, 2e3e112c-ad01-4834-a07e-d6d8a7947632:c749, dfee02f7-0d20-4e08-8ecd-ebe087394a07:c749]
2019-07-08 20:09:21,812 INFO  client.GrpcClientProtocolClient (GrpcClientProtocolClient.java:onNext(255)) - client-83AFC0B42279->fd4515e9-84f2-4741-b1f5-a9247145a2ac: receive RaftClientReply:client-83AFC0B42279->fd4515e9-84f2-4741-b1f5-a9247145a2ac@group-E2152A48AE85, cid=638, SUCCESS, logIndex=0, commits[fd4515e9-84f2-4741-b1f5-a9247145a2ac:c753, 2e3e112c-ad01-4834-a07e-d6d8a7947632:c751, dfee02f7-0d20-4e08-8ecd-ebe087394a07:c751]
2019-07-08 20:09:21,831 INFO  client.GrpcClientProtocolClient (GrpcClientProtocolClient.java:onNext(255)) - client-83AFC0B42279->fd4515e9-84f2-4741-b1f5-a9247145a2ac: receive RaftClientReply:client-83AFC0B42279->fd4515e9-84f2-4741-b1f5-a9247145a2ac@group-E2152A48AE85, cid=639, SUCCESS, logIndex=754, commits[fd4515e9-84f2-4741-b1f5-a9247145a2ac:c755, 2e3e112c-ad01-4834-a07e-d6d8a7947632:c751, dfee02f7-0d20-4e08-8ecd-ebe087394a07:c753]
2019-07-08 20:09:21,832 INFO  client.GrpcClientProtocolClient (GrpcClientProtocolClient.java:onNext(255)) - client-83AFC0B42279->fd4515e9-84f2-4741-b1f5-a9247145a2ac: receive RaftClientReply:client-83AFC0B42279->fd4515e9-84f2-4741-b1f5-a9247145a2ac@group-E2152A48AE85, cid=640, SUCCESS, logIndex=755, commits[fd4515e9-84f2-4741-b1f5-a9247145a2ac:c755, 2e3e112c-ad01-4834-a07e-d6d8a7947632:c751, dfee02f7-0d20-4e08-8ecd-ebe087394a07:c753]
2019-07-08 20:09:21,834 INFO  client.GrpcClientProtocolClient (GrpcClientProtocolClient.java:onNext(255)) - client-83AFC0B42279->fd4515e9-84f2-4741-b1f5-a9247145a2ac: receive RaftClientReply:client-83AFC0B42279->fd4515e9-84f2-4741-b1f5-a9247145a2ac@group-E2152A48AE85, cid=641, SUCCESS, logIndex=756, commits[fd4515e9-84f2-4741-b1f5-a9247145a2ac:c758, 2e3e112c-ad01-4834-a07e-d6d8a7947632:c751, dfee02f7-0d20-4e08-8ecd-ebe087394a07:c755]
2019-07-08 20:09:21,835 INFO  client.GrpcClientProtocolClient (GrpcClientProtocolClient.java:onNext(255)) - client-83AFC0B42279->fd4515e9-84f2-4741-b1f5-a9247145a2ac: receive RaftClientReply:client-83AFC0B42279->fd4515e9-84f2-4741-b1f5-a9247145a2ac@group-E2152A48AE85, cid=642, SUCCESS, logIndex=757, commits[fd4515e9-84f2-4741-b1f5-a9247145a2ac:c759, 2e3e112c-ad01-4834-a07e-d6d8a7947632:c753, dfee02f7-0d20-4e08-8ecd-ebe087394a07:c755]
2019-07-08 20:09:21,836 INFO  client.GrpcClientProtocolClient (GrpcClientProtocolClient.java:onNext(255)) - client-83AFC0B42279->fd4515e9-84f2-4741-b1f5-a9247145a2ac: receive RaftClientReply:client-83AFC0B42279->fd4515e9-84f2-4741-b1f5-a9247145a2ac@group-E2152A48AE85, cid=643, SUCCESS, logIndex=0, commits[fd4515e9-84f2-4741-b1f5-a9247145a2ac:c759, 2e3e112c-ad01-4834-a07e-d6d8a7947632:c755, dfee02f7-0d20-4e08-8ecd-ebe087394a07:c755]
2019-07-08 20:09:21,869 INFO  client.GrpcClientProtocolClient (GrpcClientProtocolClient.java:onNext(255)) - client-83AFC0B42279->fd4515e9-84f2-4741-b1f5-a9247145a2ac: receive RaftClientReply:client-83AFC0B42279->fd4515e9-84f2-4741-b1f5-a9247145a2ac@group-E2152A48AE85, cid=644, SUCCESS, logIndex=762, commits[fd4515e9-84f2-4741-b1f5-a9247145a2ac:c763, 2e3e112c-ad01-4834-a07e-d6d8a7947632:c761, dfee02f7-0d20-4e08-8ecd-ebe087394a07:c761]
2019-07-08 20:09:21,869 INFO  client.GrpcClientProtocolClient (GrpcClientProtocolClient.java:onNext(255)) - client-83AFC0B42279->fd4515e9-84f2-4741-b1f5-a9247145a2ac: receive RaftClientReply:client-83AFC0B42279->fd4515e9-84f2-4741-b1f5-a9247145a2ac@group-E2152A48AE85, cid=645, SUCCESS, logIndex=763, commits[fd4515e9-84f2-4741-b1f5-a9247145a2ac:c763, 2e3e112c-ad01-4834-a07e-d6d8a7947632:c761, dfee02f7-0d20-4e08-8ecd-ebe087394a07:c761]
2019-07-08 20:09:21,893 INFO  client.GrpcClientProtocolClient (GrpcClientProtocolClient.java:onNext(255)) - client-83AFC0B42279->fd4515e9-84f2-4741-b1f5-a9247145a2ac: receive RaftClientReply:client-83AFC0B42279->fd4515e9-84f2-4741-b1f5-a9247145a2ac@group-E2152A48AE85, cid=646, SUCCESS, logIndex=766, commits[fd4515e9-84f2-4741-b1f5-a9247145a2ac:c767, 2e3e112c-ad01-4834-a07e-d6d8a7947632:c764, dfee02f7-0d20-4e08-8ecd-ebe087394a07:c764]
2019-07-08 20:09:21,894 INFO  client.GrpcClientProtocolClient (GrpcClientProtocolClient.java:onNext(255)) - client-83AFC0B42279->fd4515e9-84f2-4741-b1f5-a9247145a2ac: receive RaftClientReply:client-83AFC0B42279->fd4515e9-84f2-4741-b1f5-a9247145a2ac@group-E2152A48AE85, cid=647, SUCCESS, logIndex=767, commits[fd4515e9-84f2-4741-b1f5-a9247145a2ac:c767, 2e3e112c-ad01-4834-a07e-d6d8a7947632:c764, dfee02f7-0d20-4e08-8ecd-ebe087394a07:c764]
2019-07-08 20:09:21,905 INFO  client.GrpcClientProtocolClient (GrpcClientProtocolClient.java:onNext(255)) - client-83AFC0B42279->fd4515e9-84f2-4741-b1f5-a9247145a2ac: receive RaftClientReply:client-83AFC0B42279->fd4515e9-84f2-4741-b1f5-a9247145a2ac@group-E2152A48AE85, cid=648, SUCCESS, logIndex=0, commits[fd4515e9-84f2-4741-b1f5-a9247145a2ac:c768, 2e3e112c-ad01-4834-a07e-d6d8a7947632:c767, dfee02f7-0d20-4e08-8ecd-ebe087394a07:c767]
2019-07-08 20:09:21,929 INFO  client.GrpcClientProtocolClient (GrpcClientProtocolClient.java:onNext(255)) - client-83AFC0B42279->fd4515e9-84f2-4741-b1f5-a9247145a2ac: receive RaftClientReply:client-83AFC0B42279->fd4515e9-84f2-4741-b1f5-a9247145a2ac@group-E2152A48AE85, cid=649, SUCCESS, logIndex=770, commits[fd4515e9-84f2-4741-b1f5-a9247145a2ac:c771, 2e3e112c-ad01-4834-a07e-d6d8a7947632:c769, dfee02f7-0d20-4e08-8ecd-ebe087394a07:c769]
2019-07-08 20:09:21,930 INFO  client.GrpcClientProtocolClient (GrpcClientProtocolClient.java:onNext(255)) - client-83AFC0B42279->fd4515e9-84f2-4741-b1f5-a9247145a2ac: receive RaftClientReply:client-83AFC0B42279->fd4515e9-84f2-4741-b1f5-a9247145a2ac@group-E2152A48AE85, cid=650, SUCCESS, logIndex=771, commits[fd4515e9-84f2-4741-b1f5-a9247145a2ac:c773, 2e3e112c-ad01-4834-a07e-d6d8a7947632:c769, dfee02f7-0d20-4e08-8ecd-ebe087394a07:c769]
2019-07-08 20:09:21,930 INFO  client.GrpcClientProtocolClient (GrpcClientProtocolClient.java:onNext(255)) - client-83AFC0B42279->fd4515e9-84f2-4741-b1f5-a9247145a2ac: receive RaftClientReply:client-83AFC0B42279->fd4515e9-84f2-4741-b1f5-a9247145a2ac@group-E2152A48AE85, cid=651, SUCCESS, logIndex=772, commits[fd4515e9-84f2-4741-b1f5-a9247145a2ac:c773, 2e3e112c-ad01-4834-a07e-d6d8a7947632:c769, dfee02f7-0d20-4e08-8ecd-ebe087394a07:c769]
2019-07-08 20:09:21,931 INFO  client.GrpcClientProtocolClient (GrpcClientProtocolClient.java:onNext(255)) - client-83AFC0B42279->fd4515e9-84f2-4741-b1f5-a9247145a2ac: receive RaftClientReply:client-83AFC0B42279->fd4515e9-84f2-4741-b1f5-a9247145a2ac@group-E2152A48AE85, cid=652, SUCCESS, logIndex=773, commits[fd4515e9-84f2-4741-b1f5-a9247145a2ac:c774, 2e3e112c-ad01-4834-a07e-d6d8a7947632:c770, dfee02f7-0d20-4e08-8ecd-ebe087394a07:c769]
2019-07-08 20:09:21,932 INFO  client.GrpcClientProtocolClient (GrpcClientProtocolClient.java:onNext(255)) - client-83AFC0B42279->fd4515e9-84f2-4741-b1f5-a9247145a2ac: receive RaftClientReply:client-83AFC0B42279->fd4515e9-84f2-4741-b1f5-a9247145a2ac@group-E2152A48AE85, cid=653, SUCCESS, logIndex=0, commits[fd4515e9-84f2-4741-b1f5-a9247145a2ac:c777, 2e3e112c-ad01-4834-a07e-d6d8a7947632:c773, dfee02f7-0d20-4e08-8ecd-ebe087394a07:c773]
2019-07-08 20:09:21,957 INFO  client.GrpcClientProtocolClient (GrpcClientProtocolClient.java:onNext(255)) - client-83AFC0B42279->fd4515e9-84f2-4741-b1f5-a9247145a2ac: receive RaftClientReply:client-83AFC0B42279->fd4515e9-84f2-4741-b1f5-a9247145a2ac@group-E2152A48AE85, cid=654, SUCCESS, logIndex=778, commits[fd4515e9-84f2-4741-b1f5-a9247145a2ac:c779, 2e3e112c-ad01-4834-a07e-d6d8a7947632:c777, dfee02f7-0d20-4e08-8ecd-ebe087394a07:c777]
2019-07-08 20:09:21,957 INFO  client.GrpcClientProtocolClient (GrpcClientProtocolClient.java:onNext(255)) - client-83AFC0B42279->fd4515e9-84f2-4741-b1f5-a9247145a2ac: receive RaftClientReply:client-83AFC0B42279->fd4515e9-84f2-4741-b1f5-a9247145a2ac@group-E2152A48AE85, cid=655, SUCCESS, logIndex=779, commits[fd4515e9-84f2-4741-b1f5-a9247145a2ac:c779, 2e3e112c-ad01-4834-a07e-d6d8a7947632:c777, dfee02f7-0d20-4e08-8ecd-ebe087394a07:c777]
2019-07-08 20:09:21,984 INFO  client.GrpcClientProtocolClient (GrpcClientProtocolClient.java:onNext(255)) - client-83AFC0B42279->fd4515e9-84f2-4741-b1f5-a9247145a2ac: receive RaftClientReply:client-83AFC0B42279->fd4515e9-84f2-4741-b1f5-a9247145a2ac@group-E2152A48AE85, cid=656, SUCCESS, logIndex=782, commits[fd4515e9-84f2-4741-b1f5-a9247145a2ac:c783, 2e3e112c-ad01-4834-a07e-d6d8a7947632:c779, dfee02f7-0d20-4e08-8ecd-ebe087394a07:c779]
2019-07-08 20:09:21,985 INFO  client.GrpcClientProtocolClient (GrpcClientProtocolClient.java:onNext(255)) - client-83AFC0B42279->fd4515e9-84f2-4741-b1f5-a9247145a2ac: receive RaftClientReply:client-83AFC0B42279->fd4515e9-84f2-4741-b1f5-a9247145a2ac@group-E2152A48AE85, cid=657, SUCCESS, logIndex=783, commits[fd4515e9-84f2-4741-b1f5-a9247145a2ac:c783, 2e3e112c-ad01-4834-a07e-d6d8a7947632:c779, dfee02f7-0d20-4e08-8ecd-ebe087394a07:c779]
2019-07-08 20:09:21,996 INFO  client.GrpcClientProtocolClient (GrpcClientProtocolClient.java:onNext(255)) - client-83AFC0B42279->fd4515e9-84f2-4741-b1f5-a9247145a2ac: receive RaftClientReply:client-83AFC0B42279->fd4515e9-84f2-4741-b1f5-a9247145a2ac@group-E2152A48AE85, cid=658, SUCCESS, logIndex=0, commits[fd4515e9-84f2-4741-b1f5-a9247145a2ac:c784, 2e3e112c-ad01-4834-a07e-d6d8a7947632:c783, dfee02f7-0d20-4e08-8ecd-ebe087394a07:c783]
2019-07-08 20:09:22,019 INFO  client.GrpcClientProtocolClient (GrpcClientProtocolClient.java:onNext(255)) - client-83AFC0B42279->fd4515e9-84f2-4741-b1f5-a9247145a2ac: receive RaftClientReply:client-83AFC0B42279->fd4515e9-84f2-4741-b1f5-a9247145a2ac@group-E2152A48AE85, cid=659, SUCCESS, logIndex=786, commits[fd4515e9-84f2-4741-b1f5-a9247145a2ac:c787, 2e3e112c-ad01-4834-a07e-d6d8a7947632:c785, dfee02f7-0d20-4e08-8ecd-ebe087394a07:c785]
2019-07-08 20:09:22,020 INFO  client.GrpcClientProtocolClient (GrpcClientProtocolClient.java:onNext(255)) - client-83AFC0B42279->fd4515e9-84f2-4741-b1f5-a9247145a2ac: receive RaftClientReply:client-83AFC0B42279->fd4515e9-84f2-4741-b1f5-a9247145a2ac@group-E2152A48AE85, cid=660, SUCCESS, logIndex=787, commits[fd4515e9-84f2-4741-b1f5-a9247145a2ac:c787, 2e3e112c-ad01-4834-a07e-d6d8a7947632:c785, dfee02f7-0d20-4e08-8ecd-ebe087394a07:c785]
2019-07-08 20:09:22,020 INFO  client.GrpcClientProtocolClient (GrpcClientProtocolClient.java:onNext(255)) - client-83AFC0B42279->fd4515e9-84f2-4741-b1f5-a9247145a2ac: receive RaftClientReply:client-83AFC0B42279->fd4515e9-84f2-4741-b1f5-a9247145a2ac@group-E2152A48AE85, cid=661, SUCCESS, logIndex=788, commits[fd4515e9-84f2-4741-b1f5-a9247145a2ac:c789, 2e3e112c-ad01-4834-a07e-d6d8a7947632:c785, dfee02f7-0d20-4e08-8ecd-ebe087394a07:c785]
2019-07-08 20:09:22,021 INFO  client.GrpcClientProtocolClient (GrpcClientProtocolClient.java:onNext(255)) - client-83AFC0B42279->fd4515e9-84f2-4741-b1f5-a9247145a2ac: receive RaftClientReply:client-83AFC0B42279->fd4515e9-84f2-4741-b1f5-a9247145a2ac@group-E2152A48AE85, cid=662, SUCCESS, logIndex=789, commits[fd4515e9-84f2-4741-b1f5-a9247145a2ac:c791, 2e3e112c-ad01-4834-a07e-d6d8a7947632:c785, dfee02f7-0d20-4e08-8ecd-ebe087394a07:c787]
2019-07-08 20:09:22,022 INFO  client.GrpcClientProtocolClient (GrpcClientProtocolClient.java:onNext(255)) - client-83AFC0B42279->fd4515e9-84f2-4741-b1f5-a9247145a2ac: receive RaftClientReply:client-83AFC0B42279->fd4515e9-84f2-4741-b1f5-a9247145a2ac@group-E2152A48AE85, cid=663, SUCCESS, logIndex=0, commits[fd4515e9-84f2-4741-b1f5-a9247145a2ac:c793, 2e3e112c-ad01-4834-a07e-d6d8a7947632:c788, dfee02f7-0d20-4e08-8ecd-ebe087394a07:c789]
2019-07-08 20:09:22,045 INFO  client.GrpcClientProtocolClient (GrpcClientProtocolClient.java:onNext(255)) - client-83AFC0B42279->fd4515e9-84f2-4741-b1f5-a9247145a2ac: receive RaftClientReply:client-83AFC0B42279->fd4515e9-84f2-4741-b1f5-a9247145a2ac@group-E2152A48AE85, cid=664, SUCCESS, logIndex=794, commits[fd4515e9-84f2-4741-b1f5-a9247145a2ac:c795, 2e3e112c-ad01-4834-a07e-d6d8a7947632:c793, dfee02f7-0d20-4e08-8ecd-ebe087394a07:c793]
2019-07-08 20:09:22,045 INFO  client.GrpcClientProtocolClient (GrpcClientProtocolClient.java:onNext(255)) - client-83AFC0B42279->fd4515e9-84f2-4741-b1f5-a9247145a2ac: receive RaftClientReply:client-83AFC0B42279->fd4515e9-84f2-4741-b1f5-a9247145a2ac@group-E2152A48AE85, cid=665, SUCCESS, logIndex=795, commits[fd4515e9-84f2-4741-b1f5-a9247145a2ac:c795, 2e3e112c-ad01-4834-a07e-d6d8a7947632:c793, dfee02f7-0d20-4e08-8ecd-ebe087394a07:c793]
2019-07-08 20:09:22,071 INFO  client.GrpcClientProtocolClient (GrpcClientProtocolClient.java:onNext(255)) - client-83AFC0B42279->fd4515e9-84f2-4741-b1f5-a9247145a2ac: receive RaftClientReply:client-83AFC0B42279->fd4515e9-84f2-4741-b1f5-a9247145a2ac@group-E2152A48AE85, cid=666, SUCCESS, logIndex=798, commits[fd4515e9-84f2-4741-b1f5-a9247145a2ac:c799, 2e3e112c-ad01-4834-a07e-d6d8a7947632:c795, dfee02f7-0d20-4e08-8ecd-ebe087394a07:c794]
2019-07-08 20:09:22,072 INFO  client.GrpcClientProtocolClient (GrpcClientProtocolClient.java:onNext(255)) - client-83AFC0B42279->fd4515e9-84f2-4741-b1f5-a9247145a2ac: receive RaftClientReply:client-83AFC0B42279->fd4515e9-84f2-4741-b1f5-a9247145a2ac@group-E2152A48AE85, cid=667, SUCCESS, logIndex=799, commits[fd4515e9-84f2-4741-b1f5-a9247145a2ac:c799, 2e3e112c-ad01-4834-a07e-d6d8a7947632:c795, dfee02f7-0d20-4e08-8ecd-ebe087394a07:c795]
 0.00% |█                                                                                                    |  0/1 Time: 0:00:012019-07-08 20:09:22,083 INFO  client.GrpcClientProtocolClient (GrpcClientProtocolClient.java:onNext(255)) - client-83AFC0B42279->fd4515e9-84f2-4741-b1f5-a9247145a2ac: receive RaftClientReply:client-83AFC0B42279->fd4515e9-84f2-4741-b1f5-a9247145a2ac@group-E2152A48AE85, cid=668, SUCCESS, logIndex=0, commits[fd4515e9-84f2-4741-b1f5-a9247145a2ac:c800, 2e3e112c-ad01-4834-a07e-d6d8a7947632:c799, dfee02f7-0d20-4e08-8ecd-ebe087394a07:c799]
2019-07-08 20:09:22,122 INFO  client.GrpcClientProtocolClient (GrpcClientProtocolClient.java:onNext(255)) - client-83AFC0B42279->fd4515e9-84f2-4741-b1f5-a9247145a2ac: receive RaftClientReply:client-83AFC0B42279->fd4515e9-84f2-4741-b1f5-a9247145a2ac@group-E2152A48AE85, cid=669, SUCCESS, logIndex=802, commits[fd4515e9-84f2-4741-b1f5-a9247145a2ac:c804, 2e3e112c-ad01-4834-a07e-d6d8a7947632:c799, dfee02f7-0d20-4e08-8ecd-ebe087394a07:c801]
2019-07-08 20:09:22,122 INFO  client.GrpcClientProtocolClient (GrpcClientProtocolClient.java:onNext(255)) - client-83AFC0B42279->fd4515e9-84f2-4741-b1f5-a9247145a2ac: receive RaftClientReply:client-83AFC0B42279->fd4515e9-84f2-4741-b1f5-a9247145a2ac@group-E2152A48AE85, cid=670, SUCCESS, logIndex=803, commits[fd4515e9-84f2-4741-b1f5-a9247145a2ac:c805, 2e3e112c-ad01-4834-a07e-d6d8a7947632:c801, dfee02f7-0d20-4e08-8ecd-ebe087394a07:c801]
2019-07-08 20:09:22,123 INFO  client.GrpcClientProtocolClient (GrpcClientProtocolClient.java:onNext(255)) - client-83AFC0B42279->fd4515e9-84f2-4741-b1f5-a9247145a2ac: receive RaftClientReply:client-83AFC0B42279->fd4515e9-84f2-4741-b1f5-a9247145a2ac@group-E2152A48AE85, cid=671, SUCCESS, logIndex=804, commits[fd4515e9-84f2-4741-b1f5-a9247145a2ac:c805, 2e3e112c-ad01-4834-a07e-d6d8a7947632:c801, dfee02f7-0d20-4e08-8ecd-ebe087394a07:c801]
2019-07-08 20:09:22,123 INFO  client.GrpcClientProtocolClient (GrpcClientProtocolClient.java:onNext(255)) - client-83AFC0B42279->fd4515e9-84f2-4741-b1f5-a9247145a2ac: receive RaftClientReply:client-83AFC0B42279->fd4515e9-84f2-4741-b1f5-a9247145a2ac@group-E2152A48AE85, cid=672, SUCCESS, logIndex=805, commits[fd4515e9-84f2-4741-b1f5-a9247145a2ac:c806, 2e3e112c-ad01-4834-a07e-d6d8a7947632:c801, dfee02f7-0d20-4e08-8ecd-ebe087394a07:c802]
2019-07-08 20:09:22,125 INFO  client.GrpcClientProtocolClient (GrpcClientProtocolClient.java:onNext(255)) - client-83AFC0B42279->fd4515e9-84f2-4741-b1f5-a9247145a2ac: receive RaftClientReply:client-83AFC0B42279->fd4515e9-84f2-4741-b1f5-a9247145a2ac@group-E2152A48AE85, cid=673, SUCCESS, logIndex=0, commits[fd4515e9-84f2-4741-b1f5-a9247145a2ac:c807, 2e3e112c-ad01-4834-a07e-d6d8a7947632:c804, dfee02f7-0d20-4e08-8ecd-ebe087394a07:c804]
2019-07-08 20:09:22,149 INFO  client.GrpcClientProtocolClient (GrpcClientProtocolClient.java:onNext(255)) - client-83AFC0B42279->fd4515e9-84f2-4741-b1f5-a9247145a2ac: receive RaftClientReply:client-83AFC0B42279->fd4515e9-84f2-4741-b1f5-a9247145a2ac@group-E2152A48AE85, cid=674, SUCCESS, logIndex=809, commits[fd4515e9-84f2-4741-b1f5-a9247145a2ac:c810, 2e3e112c-ad01-4834-a07e-d6d8a7947632:c808, dfee02f7-0d20-4e08-8ecd-ebe087394a07:c808]
2019-07-08 20:09:22,149 INFO  client.GrpcClientProtocolClient (GrpcClientProtocolClient.java:onNext(255)) - client-83AFC0B42279->fd4515e9-84f2-4741-b1f5-a9247145a2ac: receive RaftClientReply:client-83AFC0B42279->fd4515e9-84f2-4741-b1f5-a9247145a2ac@group-E2152A48AE85, cid=675, SUCCESS, logIndex=810, commits[fd4515e9-84f2-4741-b1f5-a9247145a2ac:c810, 2e3e112c-ad01-4834-a07e-d6d8a7947632:c808, dfee02f7-0d20-4e08-8ecd-ebe087394a07:c808]
2019-07-08 20:09:22,162 INFO  client.GrpcClientProtocolClient (GrpcClientProtocolClient.java:onNext(255)) - client-83AFC0B42279->fd4515e9-84f2-4741-b1f5-a9247145a2ac: receive RaftClientReply:client-83AFC0B42279->fd4515e9-84f2-4741-b1f5-a9247145a2ac@group-E2152A48AE85, cid=676, SUCCESS, logIndex=813, commits[fd4515e9-84f2-4741-b1f5-a9247145a2ac:c814, 2e3e112c-ad01-4834-a07e-d6d8a7947632:c809, dfee02f7-0d20-4e08-8ecd-ebe087394a07:c810]
2019-07-08 20:09:22,162 INFO  client.GrpcClientProtocolClient (GrpcClientProtocolClient.java:onNext(255)) - client-83AFC0B42279->fd4515e9-84f2-4741-b1f5-a9247145a2ac: receive RaftClientReply:client-83AFC0B42279->fd4515e9-84f2-4741-b1f5-a9247145a2ac@group-E2152A48AE85, cid=677, SUCCESS, logIndex=814, commits[fd4515e9-84f2-4741-b1f5-a9247145a2ac:c814, 2e3e112c-ad01-4834-a07e-d6d8a7947632:c809, dfee02f7-0d20-4e08-8ecd-ebe087394a07:c810]
2019-07-08 20:09:22,174 INFO  client.GrpcClientProtocolClient (GrpcClientProtocolClient.java:onNext(255)) - client-83AFC0B42279->fd4515e9-84f2-4741-b1f5-a9247145a2ac: receive RaftClientReply:client-83AFC0B42279->fd4515e9-84f2-4741-b1f5-a9247145a2ac@group-E2152A48AE85, cid=678, SUCCESS, logIndex=0, commits[fd4515e9-84f2-4741-b1f5-a9247145a2ac:c815, 2e3e112c-ad01-4834-a07e-d6d8a7947632:c810, dfee02f7-0d20-4e08-8ecd-ebe087394a07:c814]
2019-07-08 20:09:22,175 INFO  client.GrpcClientProtocolClient (GrpcClientProtocolClient.java:onNext(255)) - client-83AFC0B42279->fd4515e9-84f2-4741-b1f5-a9247145a2ac: receive RaftClientReply:client-83AFC0B42279->fd4515e9-84f2-4741-b1f5-a9247145a2ac@group-E2152A48AE85, cid=679, SUCCESS, logIndex=0, commits[fd4515e9-84f2-4741-b1f5-a9247145a2ac:c816, 2e3e112c-ad01-4834-a07e-d6d8a7947632:c814, dfee02f7-0d20-4e08-8ecd-ebe087394a07:c814]
2019-07-08 20:09:22,199 INFO  client.GrpcClientProtocolClient (GrpcClientProtocolClient.java:onNext(255)) - client-83AFC0B42279->fd4515e9-84f2-4741-b1f5-a9247145a2ac: receive RaftClientReply:client-83AFC0B42279->fd4515e9-84f2-4741-b1f5-a9247145a2ac@group-E2152A48AE85, cid=680, SUCCESS, logIndex=817, commits[fd4515e9-84f2-4741-b1f5-a9247145a2ac:c819, 2e3e112c-ad01-4834-a07e-d6d8a7947632:c816, dfee02f7-0d20-4e08-8ecd-ebe087394a07:c816]
2019-07-08 20:09:22,200 INFO  client.GrpcClientProtocolClient (GrpcClientProtocolClient.java:onNext(255)) - client-83AFC0B42279->fd4515e9-84f2-4741-b1f5-a9247145a2ac: receive RaftClientReply:client-83AFC0B42279->fd4515e9-84f2-4741-b1f5-a9247145a2ac@group-E2152A48AE85, cid=681, SUCCESS, logIndex=818, commits[fd4515e9-84f2-4741-b1f5-a9247145a2ac:c820, 2e3e112c-ad01-4834-a07e-d6d8a7947632:c816, dfee02f7-0d20-4e08-8ecd-ebe087394a07:c816]
2019-07-08 20:09:22,200 INFO  client.GrpcClientProtocolClient (GrpcClientProtocolClient.java:onNext(255)) - client-83AFC0B42279->fd4515e9-84f2-4741-b1f5-a9247145a2ac: receive RaftClientReply:client-83AFC0B42279->fd4515e9-84f2-4741-b1f5-a9247145a2ac@group-E2152A48AE85, cid=682, SUCCESS, logIndex=819, commits[fd4515e9-84f2-4741-b1f5-a9247145a2ac:c820, 2e3e112c-ad01-4834-a07e-d6d8a7947632:c816, dfee02f7-0d20-4e08-8ecd-ebe087394a07:c816]
2019-07-08 20:09:22,201 INFO  client.GrpcClientProtocolClient (GrpcClientProtocolClient.java:onNext(255)) - client-83AFC0B42279->fd4515e9-84f2-4741-b1f5-a9247145a2ac: receive RaftClientReply:client-83AFC0B42279->fd4515e9-84f2-4741-b1f5-a9247145a2ac@group-E2152A48AE85, cid=683, SUCCESS, logIndex=820, commits[fd4515e9-84f2-4741-b1f5-a9247145a2ac:c820, 2e3e112c-ad01-4834-a07e-d6d8a7947632:c816, dfee02f7-0d20-4e08-8ecd-ebe087394a07:c816]
2019-07-08 20:09:22,203 INFO  client.GrpcClientProtocolClient (GrpcClientProtocolClient.java:onNext(255)) - client-83AFC0B42279->fd4515e9-84f2-4741-b1f5-a9247145a2ac: receive RaftClientReply:client-83AFC0B42279->fd4515e9-84f2-4741-b1f5-a9247145a2ac@group-E2152A48AE85, cid=684, SUCCESS, logIndex=0, commits[fd4515e9-84f2-4741-b1f5-a9247145a2ac:c824, 2e3e112c-ad01-4834-a07e-d6d8a7947632:c820, dfee02f7-0d20-4e08-8ecd-ebe087394a07:c818]
2019-07-08 20:09:22,227 INFO  client.GrpcClientProtocolClient (GrpcClientProtocolClient.java:onNext(255)) - client-83AFC0B42279->fd4515e9-84f2-4741-b1f5-a9247145a2ac: receive RaftClientReply:client-83AFC0B42279->fd4515e9-84f2-4741-b1f5-a9247145a2ac@group-E2152A48AE85, cid=685, SUCCESS, logIndex=825, commits[fd4515e9-84f2-4741-b1f5-a9247145a2ac:c826, 2e3e112c-ad01-4834-a07e-d6d8a7947632:c824, dfee02f7-0d20-4e08-8ecd-ebe087394a07:c824]
2019-07-08 20:09:22,227 INFO  client.GrpcClientProtocolClient (GrpcClientProtocolClient.java:onNext(255)) - client-83AFC0B42279->fd4515e9-84f2-4741-b1f5-a9247145a2ac: receive RaftClientReply:client-83AFC0B42279->fd4515e9-84f2-4741-b1f5-a9247145a2ac@group-E2152A48AE85, cid=686, SUCCESS, logIndex=826, commits[fd4515e9-84f2-4741-b1f5-a9247145a2ac:c826, 2e3e112c-ad01-4834-a07e-d6d8a7947632:c824, dfee02f7-0d20-4e08-8ecd-ebe087394a07:c824]
2019-07-08 20:09:22,240 INFO  client.GrpcClientProtocolClient (GrpcClientProtocolClient.java:onNext(255)) - client-83AFC0B42279->fd4515e9-84f2-4741-b1f5-a9247145a2ac: receive RaftClientReply:client-83AFC0B42279->fd4515e9-84f2-4741-b1f5-a9247145a2ac@group-E2152A48AE85, cid=687, SUCCESS, logIndex=829, commits[fd4515e9-84f2-4741-b1f5-a9247145a2ac:c830, 2e3e112c-ad01-4834-a07e-d6d8a7947632:c826, dfee02f7-0d20-4e08-8ecd-ebe087394a07:c826]
2019-07-08 20:09:22,240 INFO  client.GrpcClientProtocolClient (GrpcClientProtocolClient.java:onNext(255)) - client-83AFC0B42279->fd4515e9-84f2-4741-b1f5-a9247145a2ac: receive RaftClientReply:client-83AFC0B42279->fd4515e9-84f2-4741-b1f5-a9247145a2ac@group-E2152A48AE85, cid=688, SUCCESS, logIndex=830, commits[fd4515e9-84f2-4741-b1f5-a9247145a2ac:c830, 2e3e112c-ad01-4834-a07e-d6d8a7947632:c826, dfee02f7-0d20-4e08-8ecd-ebe087394a07:c826]
2019-07-08 20:09:22,252 INFO  client.GrpcClientProtocolClient (GrpcClientProtocolClient.java:onNext(255)) - client-83AFC0B42279->fd4515e9-84f2-4741-b1f5-a9247145a2ac: receive RaftClientReply:client-83AFC0B42279->fd4515e9-84f2-4741-b1f5-a9247145a2ac@group-E2152A48AE85, cid=689, SUCCESS, logIndex=0, commits[fd4515e9-84f2-4741-b1f5-a9247145a2ac:c831, 2e3e112c-ad01-4834-a07e-d6d8a7947632:c830, dfee02f7-0d20-4e08-8ecd-ebe087394a07:c830]
2019-07-08 20:09:22,274 INFO  client.GrpcClientProtocolClient (GrpcClientProtocolClient.java:onNext(255)) - client-83AFC0B42279->fd4515e9-84f2-4741-b1f5-a9247145a2ac: receive RaftClientReply:client-83AFC0B42279->fd4515e9-84f2-4741-b1f5-a9247145a2ac@group-E2152A48AE85, cid=690, SUCCESS, logIndex=833, commits[fd4515e9-84f2-4741-b1f5-a9247145a2ac:c834, 2e3e112c-ad01-4834-a07e-d6d8a7947632:c832, dfee02f7-0d20-4e08-8ecd-ebe087394a07:c832]
2019-07-08 20:09:22,275 INFO  client.GrpcClientProtocolClient (GrpcClientProtocolClient.java:onNext(255)) - client-83AFC0B42279->fd4515e9-84f2-4741-b1f5-a9247145a2ac: receive RaftClientReply:client-83AFC0B42279->fd4515e9-84f2-4741-b1f5-a9247145a2ac@group-E2152A48AE85, cid=691, SUCCESS, logIndex=834, commits[fd4515e9-84f2-4741-b1f5-a9247145a2ac:c836, 2e3e112c-ad01-4834-a07e-d6d8a7947632:c832, dfee02f7-0d20-4e08-8ecd-ebe087394a07:c832]
2019-07-08 20:09:22,276 INFO  client.GrpcClientProtocolClient (GrpcClientProtocolClient.java:onNext(255)) - client-83AFC0B42279->fd4515e9-84f2-4741-b1f5-a9247145a2ac: receive RaftClientReply:client-83AFC0B42279->fd4515e9-84f2-4741-b1f5-a9247145a2ac@group-E2152A48AE85, cid=692, SUCCESS, logIndex=835, commits[fd4515e9-84f2-4741-b1f5-a9247145a2ac:c836, 2e3e112c-ad01-4834-a07e-d6d8a7947632:c832, dfee02f7-0d20-4e08-8ecd-ebe087394a07:c832]
2019-07-08 20:09:22,276 INFO  client.GrpcClientProtocolClient (GrpcClientProtocolClient.java:onNext(255)) - client-83AFC0B42279->fd4515e9-84f2-4741-b1f5-a9247145a2ac: receive RaftClientReply:client-83AFC0B42279->fd4515e9-84f2-4741-b1f5-a9247145a2ac@group-E2152A48AE85, cid=693, SUCCESS, logIndex=836, commits[fd4515e9-84f2-4741-b1f5-a9247145a2ac:c836, 2e3e112c-ad01-4834-a07e-d6d8a7947632:c832, dfee02f7-0d20-4e08-8ecd-ebe087394a07:c832]
2019-07-08 20:09:22,277 INFO  client.GrpcClientProtocolClient (GrpcClientProtocolClient.java:onNext(255)) - client-83AFC0B42279->fd4515e9-84f2-4741-b1f5-a9247145a2ac: receive RaftClientReply:client-83AFC0B42279->fd4515e9-84f2-4741-b1f5-a9247145a2ac@group-E2152A48AE85, cid=694, SUCCESS, logIndex=0, commits[fd4515e9-84f2-4741-b1f5-a9247145a2ac:c840, 2e3e112c-ad01-4834-a07e-d6d8a7947632:c836, dfee02f7-0d20-4e08-8ecd-ebe087394a07:c834]
2019-07-08 20:09:22,300 INFO  client.GrpcClientProtocolClient (GrpcClientProtocolClient.java:onNext(255)) - client-83AFC0B42279->fd4515e9-84f2-4741-b1f5-a9247145a2ac: receive RaftClientReply:client-83AFC0B42279->fd4515e9-84f2-4741-b1f5-a9247145a2ac@group-E2152A48AE85, cid=695, SUCCESS, logIndex=841, commits[fd4515e9-84f2-4741-b1f5-a9247145a2ac:c842, 2e3e112c-ad01-4834-a07e-d6d8a7947632:c840, dfee02f7-0d20-4e08-8ecd-ebe087394a07:c840]
2019-07-08 20:09:22,301 INFO  client.GrpcClientProtocolClient (GrpcClientProtocolClient.java:onNext(255)) - client-83AFC0B42279->fd4515e9-84f2-4741-b1f5-a9247145a2ac: receive RaftClientReply:client-83AFC0B42279->fd4515e9-84f2-4741-b1f5-a9247145a2ac@group-E2152A48AE85, cid=696, SUCCESS, logIndex=842, commits[fd4515e9-84f2-4741-b1f5-a9247145a2ac:c842, 2e3e112c-ad01-4834-a07e-d6d8a7947632:c840, dfee02f7-0d20-4e08-8ecd-ebe087394a07:c840]
2019-07-08 20:09:22,421 INFO  client.GrpcClientProtocolClient (GrpcClientProtocolClient.java:onNext(255)) - client-83AFC0B42279->fd4515e9-84f2-4741-b1f5-a9247145a2ac: receive RaftClientReply:client-83AFC0B42279->fd4515e9-84f2-4741-b1f5-a9247145a2ac@group-E2152A48AE85, cid=697, SUCCESS, logIndex=845, commits[fd4515e9-84f2-4741-b1f5-a9247145a2ac:c846, 2e3e112c-ad01-4834-a07e-d6d8a7947632:c842, dfee02f7-0d20-4e08-8ecd-ebe087394a07:c841]
2019-07-08 20:09:22,421 INFO  client.GrpcClientProtocolClient (GrpcClientProtocolClient.java:onNext(255)) - client-83AFC0B42279->fd4515e9-84f2-4741-b1f5-a9247145a2ac: receive RaftClientReply:client-83AFC0B42279->fd4515e9-84f2-4741-b1f5-a9247145a2ac@group-E2152A48AE85, cid=698, SUCCESS, logIndex=846, commits[fd4515e9-84f2-4741-b1f5-a9247145a2ac:c846, 2e3e112c-ad01-4834-a07e-d6d8a7947632:c842, dfee02f7-0d20-4e08-8ecd-ebe087394a07:c842]
2019-07-08 20:09:22,433 INFO  client.GrpcClientProtocolClient (GrpcClientProtocolClient.java:onNext(255)) - client-83AFC0B42279->fd4515e9-84f2-4741-b1f5-a9247145a2ac: receive RaftClientReply:client-83AFC0B42279->fd4515e9-84f2-4741-b1f5-a9247145a2ac@group-E2152A48AE85, cid=699, SUCCESS, logIndex=0, commits[fd4515e9-84f2-4741-b1f5-a9247145a2ac:c847, 2e3e112c-ad01-4834-a07e-d6d8a7947632:c846, dfee02f7-0d20-4e08-8ecd-ebe087394a07:c846]
2019-07-08 20:09:22,460 INFO  client.GrpcClientProtocolClient (GrpcClientProtocolClient.java:onNext(255)) - client-83AFC0B42279->fd4515e9-84f2-4741-b1f5-a9247145a2ac: receive RaftClientReply:client-83AFC0B42279->fd4515e9-84f2-4741-b1f5-a9247145a2ac@group-E2152A48AE85, cid=700, SUCCESS, logIndex=849, commits[fd4515e9-84f2-4741-b1f5-a9247145a2ac:c850, 2e3e112c-ad01-4834-a07e-d6d8a7947632:c848, dfee02f7-0d20-4e08-8ecd-ebe087394a07:c848]
2019-07-08 20:09:22,461 INFO  client.GrpcClientProtocolClient (GrpcClientProtocolClient.java:onNext(255)) - client-83AFC0B42279->fd4515e9-84f2-4741-b1f5-a9247145a2ac: receive RaftClientReply:client-83AFC0B42279->fd4515e9-84f2-4741-b1f5-a9247145a2ac@group-E2152A48AE85, cid=701, SUCCESS, logIndex=850, commits[fd4515e9-84f2-4741-b1f5-a9247145a2ac:c851, 2e3e112c-ad01-4834-a07e-d6d8a7947632:c848, dfee02f7-0d20-4e08-8ecd-ebe087394a07:c848]
2019-07-08 20:09:22,461 INFO  client.GrpcClientProtocolClient (GrpcClientProtocolClient.java:onNext(255)) - client-83AFC0B42279->fd4515e9-84f2-4741-b1f5-a9247145a2ac: receive RaftClientReply:client-83AFC0B42279->fd4515e9-84f2-4741-b1f5-a9247145a2ac@group-E2152A48AE85, cid=702, SUCCESS, logIndex=851, commits[fd4515e9-84f2-4741-b1f5-a9247145a2ac:c852, 2e3e112c-ad01-4834-a07e-d6d8a7947632:c848, dfee02f7-0d20-4e08-8ecd-ebe087394a07:c848]
2019-07-08 20:09:22,462 INFO  client.GrpcClientProtocolClient (GrpcClientProtocolClient.java:onNext(255)) - client-83AFC0B42279->fd4515e9-84f2-4741-b1f5-a9247145a2ac: receive RaftClientReply:client-83AFC0B42279->fd4515e9-84f2-4741-b1f5-a9247145a2ac@group-E2152A48AE85, cid=703, SUCCESS, logIndex=852, commits[fd4515e9-84f2-4741-b1f5-a9247145a2ac:c852, 2e3e112c-ad01-4834-a07e-d6d8a7947632:c848, dfee02f7-0d20-4e08-8ecd-ebe087394a07:c848]
2019-07-08 20:09:22,474 INFO  client.GrpcClientProtocolClient (GrpcClientProtocolClient.java:onNext(255)) - client-83AFC0B42279->fd4515e9-84f2-4741-b1f5-a9247145a2ac: receive RaftClientReply:client-83AFC0B42279->fd4515e9-84f2-4741-b1f5-a9247145a2ac@group-E2152A48AE85, cid=704, SUCCESS, logIndex=0, commits[fd4515e9-84f2-4741-b1f5-a9247145a2ac:c854, 2e3e112c-ad01-4834-a07e-d6d8a7947632:c850, dfee02f7-0d20-4e08-8ecd-ebe087394a07:c850]
2019-07-08 20:09:22,496 INFO  client.GrpcClientProtocolClient (GrpcClientProtocolClient.java:onNext(255)) - client-83AFC0B42279->fd4515e9-84f2-4741-b1f5-a9247145a2ac: receive RaftClientReply:client-83AFC0B42279->fd4515e9-84f2-4741-b1f5-a9247145a2ac@group-E2152A48AE85, cid=705, SUCCESS, logIndex=857, commits[fd4515e9-84f2-4741-b1f5-a9247145a2ac:c858, 2e3e112c-ad01-4834-a07e-d6d8a7947632:c856, dfee02f7-0d20-4e08-8ecd-ebe087394a07:c856]
2019-07-08 20:09:22,496 INFO  client.GrpcClientProtocolClient (GrpcClientProtocolClient.java:onNext(255)) - client-83AFC0B42279->fd4515e9-84f2-4741-b1f5-a9247145a2ac: receive RaftClientReply:client-83AFC0B42279->fd4515e9-84f2-4741-b1f5-a9247145a2ac@group-E2152A48AE85, cid=706, SUCCESS, logIndex=858, commits[fd4515e9-84f2-4741-b1f5-a9247145a2ac:c858, 2e3e112c-ad01-4834-a07e-d6d8a7947632:c856, dfee02f7-0d20-4e08-8ecd-ebe087394a07:c856]
2019-07-08 20:09:22,522 INFO  client.GrpcClientProtocolClient (GrpcClientProtocolClient.java:onNext(255)) - client-83AFC0B42279->fd4515e9-84f2-4741-b1f5-a9247145a2ac: receive RaftClientReply:client-83AFC0B42279->fd4515e9-84f2-4741-b1f5-a9247145a2ac@group-E2152A48AE85, cid=707, SUCCESS, logIndex=861, commits[fd4515e9-84f2-4741-b1f5-a9247145a2ac:c862, 2e3e112c-ad01-4834-a07e-d6d8a7947632:c858, dfee02f7-0d20-4e08-8ecd-ebe087394a07:c858]
2019-07-08 20:09:22,522 INFO  client.GrpcClientProtocolClient (GrpcClientProtocolClient.java:onNext(255)) - client-83AFC0B42279->fd4515e9-84f2-4741-b1f5-a9247145a2ac: receive RaftClientReply:client-83AFC0B42279->fd4515e9-84f2-4741-b1f5-a9247145a2ac@group-E2152A48AE85, cid=708, SUCCESS, logIndex=862, commits[fd4515e9-84f2-4741-b1f5-a9247145a2ac:c862, 2e3e112c-ad01-4834-a07e-d6d8a7947632:c858, dfee02f7-0d20-4e08-8ecd-ebe087394a07:c858]
2019-07-08 20:09:22,535 INFO  client.GrpcClientProtocolClient (GrpcClientProtocolClient.java:onNext(255)) - client-83AFC0B42279->fd4515e9-84f2-4741-b1f5-a9247145a2ac: receive RaftClientReply:client-83AFC0B42279->fd4515e9-84f2-4741-b1f5-a9247145a2ac@group-E2152A48AE85, cid=709, SUCCESS, logIndex=0, commits[fd4515e9-84f2-4741-b1f5-a9247145a2ac:c864, 2e3e112c-ad01-4834-a07e-d6d8a7947632:c862, dfee02f7-0d20-4e08-8ecd-ebe087394a07:c862]
2019-07-08 20:09:22,556 INFO  client.GrpcClientProtocolClient (GrpcClientProtocolClient.java:onNext(255)) - client-83AFC0B42279->fd4515e9-84f2-4741-b1f5-a9247145a2ac: receive RaftClientReply:client-83AFC0B42279->fd4515e9-84f2-4741-b1f5-a9247145a2ac@group-E2152A48AE85, cid=710, SUCCESS, logIndex=865, commits[fd4515e9-84f2-4741-b1f5-a9247145a2ac:c867, 2e3e112c-ad01-4834-a07e-d6d8a7947632:c864, dfee02f7-0d20-4e08-8ecd-ebe087394a07:c864]
2019-07-08 20:09:22,557 INFO  client.GrpcClientProtocolClient (GrpcClientProtocolClient.java:onNext(255)) - client-83AFC0B42279->fd4515e9-84f2-4741-b1f5-a9247145a2ac: receive RaftClientReply:client-83AFC0B42279->fd4515e9-84f2-4741-b1f5-a9247145a2ac@group-E2152A48AE85, cid=711, SUCCESS, logIndex=866, commits[fd4515e9-84f2-4741-b1f5-a9247145a2ac:c868, 2e3e112c-ad01-4834-a07e-d6d8a7947632:c864, dfee02f7-0d20-4e08-8ecd-ebe087394a07:c864]
2019-07-08 20:09:22,558 INFO  client.GrpcClientProtocolClient (GrpcClientProtocolClient.java:onNext(255)) - client-83AFC0B42279->fd4515e9-84f2-4741-b1f5-a9247145a2ac: receive RaftClientReply:client-83AFC0B42279->fd4515e9-84f2-4741-b1f5-a9247145a2ac@group-E2152A48AE85, cid=712, SUCCESS, logIndex=867, commits[fd4515e9-84f2-4741-b1f5-a9247145a2ac:c868, 2e3e112c-ad01-4834-a07e-d6d8a7947632:c864, dfee02f7-0d20-4e08-8ecd-ebe087394a07:c864]
2019-07-08 20:09:22,558 INFO  client.GrpcClientProtocolClient (GrpcClientProtocolClient.java:onNext(255)) - client-83AFC0B42279->fd4515e9-84f2-4741-b1f5-a9247145a2ac: receive RaftClientReply:client-83AFC0B42279->fd4515e9-84f2-4741-b1f5-a9247145a2ac@group-E2152A48AE85, cid=713, SUCCESS, logIndex=868, commits[fd4515e9-84f2-4741-b1f5-a9247145a2ac:c869, 2e3e112c-ad01-4834-a07e-d6d8a7947632:c864, dfee02f7-0d20-4e08-8ecd-ebe087394a07:c865]
2019-07-08 20:09:22,560 INFO  client.GrpcClientProtocolClient (GrpcClientProtocolClient.java:onNext(255)) - client-83AFC0B42279->fd4515e9-84f2-4741-b1f5-a9247145a2ac: receive RaftClientReply:client-83AFC0B42279->fd4515e9-84f2-4741-b1f5-a9247145a2ac@group-E2152A48AE85, cid=714, SUCCESS, logIndex=0, commits[fd4515e9-84f2-4741-b1f5-a9247145a2ac:c871, 2e3e112c-ad01-4834-a07e-d6d8a7947632:c866, dfee02f7-0d20-4e08-8ecd-ebe087394a07:c867]
2019-07-08 20:09:22,583 INFO  client.GrpcClientProtocolClient (GrpcClientProtocolClient.java:onNext(255)) - client-83AFC0B42279->fd4515e9-84f2-4741-b1f5-a9247145a2ac: receive RaftClientReply:client-83AFC0B42279->fd4515e9-84f2-4741-b1f5-a9247145a2ac@group-E2152A48AE85, cid=715, SUCCESS, logIndex=873, commits[fd4515e9-84f2-4741-b1f5-a9247145a2ac:c874, 2e3e112c-ad01-4834-a07e-d6d8a7947632:c872, dfee02f7-0d20-4e08-8ecd-ebe087394a07:c872]
2019-07-08 20:09:22,583 INFO  client.GrpcClientProtocolClient (GrpcClientProtocolClient.java:onNext(255)) - client-83AFC0B42279->fd4515e9-84f2-4741-b1f5-a9247145a2ac: receive RaftClientReply:client-83AFC0B42279->fd4515e9-84f2-4741-b1f5-a9247145a2ac@group-E2152A48AE85, cid=716, SUCCESS, logIndex=874, commits[fd4515e9-84f2-4741-b1f5-a9247145a2ac:c874, 2e3e112c-ad01-4834-a07e-d6d8a7947632:c872, dfee02f7-0d20-4e08-8ecd-ebe087394a07:c872]
2019-07-08 20:09:22,611 INFO  client.GrpcClientProtocolClient (GrpcClientProtocolClient.java:onNext(255)) - client-83AFC0B42279->fd4515e9-84f2-4741-b1f5-a9247145a2ac: receive RaftClientReply:client-83AFC0B42279->fd4515e9-84f2-4741-b1f5-a9247145a2ac@group-E2152A48AE85, cid=717, SUCCESS, logIndex=877, commits[fd4515e9-84f2-4741-b1f5-a9247145a2ac:c878, 2e3e112c-ad01-4834-a07e-d6d8a7947632:c874, dfee02f7-0d20-4e08-8ecd-ebe087394a07:c874]
2019-07-08 20:09:22,611 INFO  client.GrpcClientProtocolClient (GrpcClientProtocolClient.java:onNext(255)) - client-83AFC0B42279->fd4515e9-84f2-4741-b1f5-a9247145a2ac: receive RaftClientReply:client-83AFC0B42279->fd4515e9-84f2-4741-b1f5-a9247145a2ac@group-E2152A48AE85, cid=718, SUCCESS, logIndex=878, commits[fd4515e9-84f2-4741-b1f5-a9247145a2ac:c878, 2e3e112c-ad01-4834-a07e-d6d8a7947632:c874, dfee02f7-0d20-4e08-8ecd-ebe087394a07:c874]
2019-07-08 20:09:22,613 INFO  client.GrpcClientProtocolClient (GrpcClientProtocolClient.java:onNext(255)) - client-83AFC0B42279->fd4515e9-84f2-4741-b1f5-a9247145a2ac: receive RaftClientReply:client-83AFC0B42279->fd4515e9-84f2-4741-b1f5-a9247145a2ac@group-E2152A48AE85, cid=719, SUCCESS, logIndex=0, commits[fd4515e9-84f2-4741-b1f5-a9247145a2ac:c879, 2e3e112c-ad01-4834-a07e-d6d8a7947632:c878, dfee02f7-0d20-4e08-8ecd-ebe087394a07:c878]
2019-07-08 20:09:22,637 INFO  client.GrpcClientProtocolClient (GrpcClientProtocolClient.java:onNext(255)) - client-83AFC0B42279->fd4515e9-84f2-4741-b1f5-a9247145a2ac: receive RaftClientReply:client-83AFC0B42279->fd4515e9-84f2-4741-b1f5-a9247145a2ac@group-E2152A48AE85, cid=720, SUCCESS, logIndex=881, commits[fd4515e9-84f2-4741-b1f5-a9247145a2ac:c883, 2e3e112c-ad01-4834-a07e-d6d8a7947632:c880, dfee02f7-0d20-4e08-8ecd-ebe087394a07:c880]
2019-07-08 20:09:22,637 INFO  client.GrpcClientProtocolClient (GrpcClientProtocolClient.java:onNext(255)) - client-83AFC0B42279->fd4515e9-84f2-4741-b1f5-a9247145a2ac: receive RaftClientReply:client-83AFC0B42279->fd4515e9-84f2-4741-b1f5-a9247145a2ac@group-E2152A48AE85, cid=721, SUCCESS, logIndex=882, commits[fd4515e9-84f2-4741-b1f5-a9247145a2ac:c884, 2e3e112c-ad01-4834-a07e-d6d8a7947632:c880, dfee02f7-0d20-4e08-8ecd-ebe087394a07:c880]
2019-07-08 20:09:22,638 INFO  client.GrpcClientProtocolClient (GrpcClientProtocolClient.java:onNext(255)) - client-83AFC0B42279->fd4515e9-84f2-4741-b1f5-a9247145a2ac: receive RaftClientReply:client-83AFC0B42279->fd4515e9-84f2-4741-b1f5-a9247145a2ac@group-E2152A48AE85, cid=722, SUCCESS, logIndex=883, commits[fd4515e9-84f2-4741-b1f5-a9247145a2ac:c884, 2e3e112c-ad01-4834-a07e-d6d8a7947632:c880, dfee02f7-0d20-4e08-8ecd-ebe087394a07:c880]
2019-07-08 20:09:22,638 INFO  client.GrpcClientProtocolClient (GrpcClientProtocolClient.java:onNext(255)) - client-83AFC0B42279->fd4515e9-84f2-4741-b1f5-a9247145a2ac: receive RaftClientReply:client-83AFC0B42279->fd4515e9-84f2-4741-b1f5-a9247145a2ac@group-E2152A48AE85, cid=723, SUCCESS, logIndex=884, commits[fd4515e9-84f2-4741-b1f5-a9247145a2ac:c884, 2e3e112c-ad01-4834-a07e-d6d8a7947632:c880, dfee02f7-0d20-4e08-8ecd-ebe087394a07:c880]
2019-07-08 20:09:22,640 INFO  client.GrpcClientProtocolClient (GrpcClientProtocolClient.java:onNext(255)) - client-83AFC0B42279->fd4515e9-84f2-4741-b1f5-a9247145a2ac: receive RaftClientReply:client-83AFC0B42279->fd4515e9-84f2-4741-b1f5-a9247145a2ac@group-E2152A48AE85, cid=724, SUCCESS, logIndex=0, commits[fd4515e9-84f2-4741-b1f5-a9247145a2ac:c885, 2e3e112c-ad01-4834-a07e-d6d8a7947632:c882, dfee02f7-0d20-4e08-8ecd-ebe087394a07:c882]
2019-07-08 20:09:22,682 INFO  client.GrpcClientProtocolClient (GrpcClientProtocolClient.java:onNext(255)) - client-83AFC0B42279->fd4515e9-84f2-4741-b1f5-a9247145a2ac: receive RaftClientReply:client-83AFC0B42279->fd4515e9-84f2-4741-b1f5-a9247145a2ac@group-E2152A48AE85, cid=725, SUCCESS, logIndex=889, commits[fd4515e9-84f2-4741-b1f5-a9247145a2ac:c890, 2e3e112c-ad01-4834-a07e-d6d8a7947632:c888, dfee02f7-0d20-4e08-8ecd-ebe087394a07:c888]
2019-07-08 20:09:22,682 INFO  client.GrpcClientProtocolClient (GrpcClientProtocolClient.java:onNext(255)) - client-83AFC0B42279->fd4515e9-84f2-4741-b1f5-a9247145a2ac: receive RaftClientReply:client-83AFC0B42279->fd4515e9-84f2-4741-b1f5-a9247145a2ac@group-E2152A48AE85, cid=726, SUCCESS, logIndex=890, commits[fd4515e9-84f2-4741-b1f5-a9247145a2ac:c890, 2e3e112c-ad01-4834-a07e-d6d8a7947632:c888, dfee02f7-0d20-4e08-8ecd-ebe087394a07:c888]
2019-07-08 20:09:22,699 INFO  client.GrpcClientProtocolClient (GrpcClientProtocolClient.java:onNext(255)) - client-83AFC0B42279->fd4515e9-84f2-4741-b1f5-a9247145a2ac: receive RaftClientReply:client-83AFC0B42279->fd4515e9-84f2-4741-b1f5-a9247145a2ac@group-E2152A48AE85, cid=727, SUCCESS, logIndex=893, commits[fd4515e9-84f2-4741-b1f5-a9247145a2ac:c894, 2e3e112c-ad01-4834-a07e-d6d8a7947632:c890, dfee02f7-0d20-4e08-8ecd-ebe087394a07:c890]
2019-07-08 20:09:22,699 INFO  client.GrpcClientProtocolClient (GrpcClientProtocolClient.java:onNext(255)) - client-83AFC0B42279->fd4515e9-84f2-4741-b1f5-a9247145a2ac: receive RaftClientReply:client-83AFC0B42279->fd4515e9-84f2-4741-b1f5-a9247145a2ac@group-E2152A48AE85, cid=728, SUCCESS, logIndex=894, commits[fd4515e9-84f2-4741-b1f5-a9247145a2ac:c894, 2e3e112c-ad01-4834-a07e-d6d8a7947632:c890, dfee02f7-0d20-4e08-8ecd-ebe087394a07:c890]
2019-07-08 20:09:22,711 INFO  client.GrpcClientProtocolClient (GrpcClientProtocolClient.java:onNext(255)) - client-83AFC0B42279->fd4515e9-84f2-4741-b1f5-a9247145a2ac: receive RaftClientReply:client-83AFC0B42279->fd4515e9-84f2-4741-b1f5-a9247145a2ac@group-E2152A48AE85, cid=729, SUCCESS, logIndex=0, commits[fd4515e9-84f2-4741-b1f5-a9247145a2ac:c896, 2e3e112c-ad01-4834-a07e-d6d8a7947632:c894, dfee02f7-0d20-4e08-8ecd-ebe087394a07:c894]
2019-07-08 20:09:22,735 INFO  client.GrpcClientProtocolClient (GrpcClientProtocolClient.java:onNext(255)) - client-83AFC0B42279->fd4515e9-84f2-4741-b1f5-a9247145a2ac: receive RaftClientReply:client-83AFC0B42279->fd4515e9-84f2-4741-b1f5-a9247145a2ac@group-E2152A48AE85, cid=730, SUCCESS, logIndex=897, commits[fd4515e9-84f2-4741-b1f5-a9247145a2ac:c898, 2e3e112c-ad01-4834-a07e-d6d8a7947632:c896, dfee02f7-0d20-4e08-8ecd-ebe087394a07:c896]
2019-07-08 20:09:22,736 INFO  client.GrpcClientProtocolClient (GrpcClientProtocolClient.java:onNext(255)) - client-83AFC0B42279->fd4515e9-84f2-4741-b1f5-a9247145a2ac: receive RaftClientReply:client-83AFC0B42279->fd4515e9-84f2-4741-b1f5-a9247145a2ac@group-E2152A48AE85, cid=731, SUCCESS, logIndex=898, commits[fd4515e9-84f2-4741-b1f5-a9247145a2ac:c898, 2e3e112c-ad01-4834-a07e-d6d8a7947632:c896, dfee02f7-0d20-4e08-8ecd-ebe087394a07:c896]
2019-07-08 20:09:22,736 INFO  client.GrpcClientProtocolClient (GrpcClientProtocolClient.java:onNext(255)) - client-83AFC0B42279->fd4515e9-84f2-4741-b1f5-a9247145a2ac: receive RaftClientReply:client-83AFC0B42279->fd4515e9-84f2-4741-b1f5-a9247145a2ac@group-E2152A48AE85, cid=732, SUCCESS, logIndex=899, commits[fd4515e9-84f2-4741-b1f5-a9247145a2ac:c900, 2e3e112c-ad01-4834-a07e-d6d8a7947632:c896, dfee02f7-0d20-4e08-8ecd-ebe087394a07:c896]
2019-07-08 20:09:22,737 INFO  client.GrpcClientProtocolClient (GrpcClientProtocolClient.java:onNext(255)) - client-83AFC0B42279->fd4515e9-84f2-4741-b1f5-a9247145a2ac: receive RaftClientReply:client-83AFC0B42279->fd4515e9-84f2-4741-b1f5-a9247145a2ac@group-E2152A48AE85, cid=733, SUCCESS, logIndex=900, commits[fd4515e9-84f2-4741-b1f5-a9247145a2ac:c900, 2e3e112c-ad01-4834-a07e-d6d8a7947632:c896, dfee02f7-0d20-4e08-8ecd-ebe087394a07:c896]
2019-07-08 20:09:22,739 INFO  client.GrpcClientProtocolClient (GrpcClientProtocolClient.java:onNext(255)) - client-83AFC0B42279->fd4515e9-84f2-4741-b1f5-a9247145a2ac: receive RaftClientReply:client-83AFC0B42279->fd4515e9-84f2-4741-b1f5-a9247145a2ac@group-E2152A48AE85, cid=734, SUCCESS, logIndex=0, commits[fd4515e9-84f2-4741-b1f5-a9247145a2ac:c903, 2e3e112c-ad01-4834-a07e-d6d8a7947632:c900, dfee02f7-0d20-4e08-8ecd-ebe087394a07:c898]
2019-07-08 20:09:22,761 INFO  client.GrpcClientProtocolClient (GrpcClientProtocolClient.java:onNext(255)) - client-83AFC0B42279->fd4515e9-84f2-4741-b1f5-a9247145a2ac: receive RaftClientReply:client-83AFC0B42279->fd4515e9-84f2-4741-b1f5-a9247145a2ac@group-E2152A48AE85, cid=735, SUCCESS, logIndex=905, commits[fd4515e9-84f2-4741-b1f5-a9247145a2ac:c906, 2e3e112c-ad01-4834-a07e-d6d8a7947632:c904, dfee02f7-0d20-4e08-8ecd-ebe087394a07:c904]
2019-07-08 20:09:22,762 INFO  client.GrpcClientProtocolClient (GrpcClientProtocolClient.java:onNext(255)) - client-83AFC0B42279->fd4515e9-84f2-4741-b1f5-a9247145a2ac: receive RaftClientReply:client-83AFC0B42279->fd4515e9-84f2-4741-b1f5-a9247145a2ac@group-E2152A48AE85, cid=736, SUCCESS, logIndex=906, commits[fd4515e9-84f2-4741-b1f5-a9247145a2ac:c906, 2e3e112c-ad01-4834-a07e-d6d8a7947632:c904, dfee02f7-0d20-4e08-8ecd-ebe087394a07:c904]
2019-07-08 20:09:22,787 INFO  client.GrpcClientProtocolClient (GrpcClientProtocolClient.java:onNext(255)) - client-83AFC0B42279->fd4515e9-84f2-4741-b1f5-a9247145a2ac: receive RaftClientReply:client-83AFC0B42279->fd4515e9-84f2-4741-b1f5-a9247145a2ac@group-E2152A48AE85, cid=737, SUCCESS, logIndex=909, commits[fd4515e9-84f2-4741-b1f5-a9247145a2ac:c910, 2e3e112c-ad01-4834-a07e-d6d8a7947632:c906, dfee02f7-0d20-4e08-8ecd-ebe087394a07:c906]
2019-07-08 20:09:22,787 INFO  client.GrpcClientProtocolClient (GrpcClientProtocolClient.java:onNext(255)) - client-83AFC0B42279->fd4515e9-84f2-4741-b1f5-a9247145a2ac: receive RaftClientReply:client-83AFC0B42279->fd4515e9-84f2-4741-b1f5-a9247145a2ac@group-E2152A48AE85, cid=738, SUCCESS, logIndex=910, commits[fd4515e9-84f2-4741-b1f5-a9247145a2ac:c910, 2e3e112c-ad01-4834-a07e-d6d8a7947632:c906, dfee02f7-0d20-4e08-8ecd-ebe087394a07:c906]
2019-07-08 20:09:22,799 INFO  client.GrpcClientProtocolClient (GrpcClientProtocolClient.java:onNext(255)) - client-83AFC0B42279->fd4515e9-84f2-4741-b1f5-a9247145a2ac: receive RaftClientReply:client-83AFC0B42279->fd4515e9-84f2-4741-b1f5-a9247145a2ac@group-E2152A48AE85, cid=739, SUCCESS, logIndex=0, commits[fd4515e9-84f2-4741-b1f5-a9247145a2ac:c911, 2e3e112c-ad01-4834-a07e-d6d8a7947632:c910, dfee02f7-0d20-4e08-8ecd-ebe087394a07:c910]
2019-07-08 20:09:22,820 INFO  client.GrpcClientProtocolClient (GrpcClientProtocolClient.java:onNext(255)) - client-83AFC0B42279->fd4515e9-84f2-4741-b1f5-a9247145a2ac: receive RaftClientReply:client-83AFC0B42279->fd4515e9-84f2-4741-b1f5-a9247145a2ac@group-E2152A48AE85, cid=740, SUCCESS, logIndex=913, commits[fd4515e9-84f2-4741-b1f5-a9247145a2ac:c913, 2e3e112c-ad01-4834-a07e-d6d8a7947632:c912, dfee02f7-0d20-4e08-8ecd-ebe087394a07:c912]
2019-07-08 20:09:22,821 INFO  client.GrpcClientProtocolClient (GrpcClientProtocolClient.java:onNext(255)) - client-83AFC0B42279->fd4515e9-84f2-4741-b1f5-a9247145a2ac: receive RaftClientReply:client-83AFC0B42279->fd4515e9-84f2-4741-b1f5-a9247145a2ac@group-E2152A48AE85, cid=741, SUCCESS, logIndex=914, commits[fd4515e9-84f2-4741-b1f5-a9247145a2ac:c916, 2e3e112c-ad01-4834-a07e-d6d8a7947632:c912, dfee02f7-0d20-4e08-8ecd-ebe087394a07:c912]
2019-07-08 20:09:22,822 INFO  client.GrpcClientProtocolClient (GrpcClientProtocolClient.java:onNext(255)) - client-83AFC0B42279->fd4515e9-84f2-4741-b1f5-a9247145a2ac: receive RaftClientReply:client-83AFC0B42279->fd4515e9-84f2-4741-b1f5-a9247145a2ac@group-E2152A48AE85, cid=742, SUCCESS, logIndex=915, commits[fd4515e9-84f2-4741-b1f5-a9247145a2ac:c917, 2e3e112c-ad01-4834-a07e-d6d8a7947632:c912, dfee02f7-0d20-4e08-8ecd-ebe087394a07:c913]
2019-07-08 20:09:22,822 INFO  client.GrpcClientProtocolClient (GrpcClientProtocolClient.java:onNext(255)) - client-83AFC0B42279->fd4515e9-84f2-4741-b1f5-a9247145a2ac: receive RaftClientReply:client-83AFC0B42279->fd4515e9-84f2-4741-b1f5-a9247145a2ac@group-E2152A48AE85, cid=743, SUCCESS, logIndex=916, commits[fd4515e9-84f2-4741-b1f5-a9247145a2ac:c917, 2e3e112c-ad01-4834-a07e-d6d8a7947632:c913, dfee02f7-0d20-4e08-8ecd-ebe087394a07:c913]
2019-07-08 20:09:22,824 INFO  client.GrpcClientProtocolClient (GrpcClientProtocolClient.java:onNext(255)) - client-83AFC0B42279->fd4515e9-84f2-4741-b1f5-a9247145a2ac: receive RaftClientReply:client-83AFC0B42279->fd4515e9-84f2-4741-b1f5-a9247145a2ac@group-E2152A48AE85, cid=744, SUCCESS, logIndex=0, commits[fd4515e9-84f2-4741-b1f5-a9247145a2ac:c920, 2e3e112c-ad01-4834-a07e-d6d8a7947632:c916, dfee02f7-0d20-4e08-8ecd-ebe087394a07:c916]
2019-07-08 20:09:22,846 INFO  client.GrpcClientProtocolClient (GrpcClientProtocolClient.java:onNext(255)) - client-83AFC0B42279->fd4515e9-84f2-4741-b1f5-a9247145a2ac: receive RaftClientReply:client-83AFC0B42279->fd4515e9-84f2-4741-b1f5-a9247145a2ac@group-E2152A48AE85, cid=745, SUCCESS, logIndex=921, commits[fd4515e9-84f2-4741-b1f5-a9247145a2ac:c922, 2e3e112c-ad01-4834-a07e-d6d8a7947632:c920, dfee02f7-0d20-4e08-8ecd-ebe087394a07:c920]
2019-07-08 20:09:22,846 INFO  client.GrpcClientProtocolClient (GrpcClientProtocolClient.java:onNext(255)) - client-83AFC0B42279->fd4515e9-84f2-4741-b1f5-a9247145a2ac: receive RaftClientReply:client-83AFC0B42279->fd4515e9-84f2-4741-b1f5-a9247145a2ac@group-E2152A48AE85, cid=746, SUCCESS, logIndex=922, commits[fd4515e9-84f2-4741-b1f5-a9247145a2ac:c922, 2e3e112c-ad01-4834-a07e-d6d8a7947632:c920, dfee02f7-0d20-4e08-8ecd-ebe087394a07:c920]
2019-07-08 20:09:22,860 INFO  client.GrpcClientProtocolClient (GrpcClientProtocolClient.java:onNext(255)) - client-83AFC0B42279->fd4515e9-84f2-4741-b1f5-a9247145a2ac: receive RaftClientReply:client-83AFC0B42279->fd4515e9-84f2-4741-b1f5-a9247145a2ac@group-E2152A48AE85, cid=747, SUCCESS, logIndex=925, commits[fd4515e9-84f2-4741-b1f5-a9247145a2ac:c926, 2e3e112c-ad01-4834-a07e-d6d8a7947632:c921, dfee02f7-0d20-4e08-8ecd-ebe087394a07:c922]
2019-07-08 20:09:22,860 INFO  client.GrpcClientProtocolClient (GrpcClientProtocolClient.java:onNext(255)) - client-83AFC0B42279->fd4515e9-84f2-4741-b1f5-a9247145a2ac: receive RaftClientReply:client-83AFC0B42279->fd4515e9-84f2-4741-b1f5-a9247145a2ac@group-E2152A48AE85, cid=748, SUCCESS, logIndex=926, commits[fd4515e9-84f2-4741-b1f5-a9247145a2ac:c926, 2e3e112c-ad01-4834-a07e-d6d8a7947632:c921, dfee02f7-0d20-4e08-8ecd-ebe087394a07:c922]
2019-07-08 20:09:22,871 INFO  client.GrpcClientProtocolClient (GrpcClientProtocolClient.java:onNext(255)) - client-83AFC0B42279->fd4515e9-84f2-4741-b1f5-a9247145a2ac: receive RaftClientReply:client-83AFC0B42279->fd4515e9-84f2-4741-b1f5-a9247145a2ac@group-E2152A48AE85, cid=749, SUCCESS, logIndex=0, commits[fd4515e9-84f2-4741-b1f5-a9247145a2ac:c926, 2e3e112c-ad01-4834-a07e-d6d8a7947632:c922, dfee02f7-0d20-4e08-8ecd-ebe087394a07:c922]
2019-07-08 20:09:22,873 INFO  client.GrpcClientProtocolClient (GrpcClientProtocolClient.java:onNext(255)) - client-83AFC0B42279->fd4515e9-84f2-4741-b1f5-a9247145a2ac: receive RaftClientReply:client-83AFC0B42279->fd4515e9-84f2-4741-b1f5-a9247145a2ac@group-E2152A48AE85, cid=750, SUCCESS, logIndex=0, commits[fd4515e9-84f2-4741-b1f5-a9247145a2ac:c928, 2e3e112c-ad01-4834-a07e-d6d8a7947632:c926, dfee02f7-0d20-4e08-8ecd-ebe087394a07:c926]
2019-07-08 20:09:22,895 INFO  client.GrpcClientProtocolClient (GrpcClientProtocolClient.java:onNext(255)) - client-83AFC0B42279->fd4515e9-84f2-4741-b1f5-a9247145a2ac: receive RaftClientReply:client-83AFC0B42279->fd4515e9-84f2-4741-b1f5-a9247145a2ac@group-E2152A48AE85, cid=751, SUCCESS, logIndex=929, commits[fd4515e9-84f2-4741-b1f5-a9247145a2ac:c930, 2e3e112c-ad01-4834-a07e-d6d8a7947632:c928, dfee02f7-0d20-4e08-8ecd-ebe087394a07:c928]
2019-07-08 20:09:22,895 INFO  client.GrpcClientProtocolClient (GrpcClientProtocolClient.java:onNext(255)) - client-83AFC0B42279->fd4515e9-84f2-4741-b1f5-a9247145a2ac: receive RaftClientReply:client-83AFC0B42279->fd4515e9-84f2-4741-b1f5-a9247145a2ac@group-E2152A48AE85, cid=752, SUCCESS, logIndex=930, commits[fd4515e9-84f2-4741-b1f5-a9247145a2ac:c931, 2e3e112c-ad01-4834-a07e-d6d8a7947632:c928, dfee02f7-0d20-4e08-8ecd-ebe087394a07:c928]
2019-07-08 20:09:22,896 INFO  client.GrpcClientProtocolClient (GrpcClientProtocolClient.java:onNext(255)) - client-83AFC0B42279->fd4515e9-84f2-4741-b1f5-a9247145a2ac: receive RaftClientReply:client-83AFC0B42279->fd4515e9-84f2-4741-b1f5-a9247145a2ac@group-E2152A48AE85, cid=753, SUCCESS, logIndex=931, commits[fd4515e9-84f2-4741-b1f5-a9247145a2ac:c932, 2e3e112c-ad01-4834-a07e-d6d8a7947632:c928, dfee02f7-0d20-4e08-8ecd-ebe087394a07:c928]
2019-07-08 20:09:22,896 INFO  client.GrpcClientProtocolClient (GrpcClientProtocolClient.java:onNext(255)) - client-83AFC0B42279->fd4515e9-84f2-4741-b1f5-a9247145a2ac: receive RaftClientReply:client-83AFC0B42279->fd4515e9-84f2-4741-b1f5-a9247145a2ac@group-E2152A48AE85, cid=754, SUCCESS, logIndex=932, commits[fd4515e9-84f2-4741-b1f5-a9247145a2ac:c932, 2e3e112c-ad01-4834-a07e-d6d8a7947632:c928, dfee02f7-0d20-4e08-8ecd-ebe087394a07:c928]
2019-07-08 20:09:22,897 INFO  client.GrpcClientProtocolClient (GrpcClientProtocolClient.java:onNext(255)) - client-83AFC0B42279->fd4515e9-84f2-4741-b1f5-a9247145a2ac: receive RaftClientReply:client-83AFC0B42279->fd4515e9-84f2-4741-b1f5-a9247145a2ac@group-E2152A48AE85, cid=755, SUCCESS, logIndex=0, commits[fd4515e9-84f2-4741-b1f5-a9247145a2ac:c936, 2e3e112c-ad01-4834-a07e-d6d8a7947632:c931, dfee02f7-0d20-4e08-8ecd-ebe087394a07:c932]
2019-07-08 20:09:22,919 INFO  client.GrpcClientProtocolClient (GrpcClientProtocolClient.java:onNext(255)) - client-83AFC0B42279->fd4515e9-84f2-4741-b1f5-a9247145a2ac: receive RaftClientReply:client-83AFC0B42279->fd4515e9-84f2-4741-b1f5-a9247145a2ac@group-E2152A48AE85, cid=756, SUCCESS, logIndex=937, commits[fd4515e9-84f2-4741-b1f5-a9247145a2ac:c938, 2e3e112c-ad01-4834-a07e-d6d8a7947632:c936, dfee02f7-0d20-4e08-8ecd-ebe087394a07:c936]
2019-07-08 20:09:22,920 INFO  client.GrpcClientProtocolClient (GrpcClientProtocolClient.java:onNext(255)) - client-83AFC0B42279->fd4515e9-84f2-4741-b1f5-a9247145a2ac: receive RaftClientReply:client-83AFC0B42279->fd4515e9-84f2-4741-b1f5-a9247145a2ac@group-E2152A48AE85, cid=757, SUCCESS, logIndex=938, commits[fd4515e9-84f2-4741-b1f5-a9247145a2ac:c938, 2e3e112c-ad01-4834-a07e-d6d8a7947632:c936, dfee02f7-0d20-4e08-8ecd-ebe087394a07:c936]
2019-07-08 20:09:22,933 INFO  client.GrpcClientProtocolClient (GrpcClientProtocolClient.java:onNext(255)) - client-83AFC0B42279->fd4515e9-84f2-4741-b1f5-a9247145a2ac: receive RaftClientReply:client-83AFC0B42279->fd4515e9-84f2-4741-b1f5-a9247145a2ac@group-E2152A48AE85, cid=758, SUCCESS, logIndex=941, commits[fd4515e9-84f2-4741-b1f5-a9247145a2ac:c942, 2e3e112c-ad01-4834-a07e-d6d8a7947632:c940, dfee02f7-0d20-4e08-8ecd-ebe087394a07:c938]
2019-07-08 20:09:22,934 INFO  client.GrpcClientProtocolClient (GrpcClientProtocolClient.java:onNext(255)) - client-83AFC0B42279->fd4515e9-84f2-4741-b1f5-a9247145a2ac: receive RaftClientReply:client-83AFC0B42279->fd4515e9-84f2-4741-b1f5-a9247145a2ac@group-E2152A48AE85, cid=759, SUCCESS, logIndex=942, commits[fd4515e9-84f2-4741-b1f5-a9247145a2ac:c942, 2e3e112c-ad01-4834-a07e-d6d8a7947632:c940, dfee02f7-0d20-4e08-8ecd-ebe087394a07:c940]
2019-07-08 20:09:22,936 INFO  client.GrpcClientProtocolClient (GrpcClientProtocolClient.java:onNext(255)) - client-83AFC0B42279->fd4515e9-84f2-4741-b1f5-a9247145a2ac: receive RaftClientReply:client-83AFC0B42279->fd4515e9-84f2-4741-b1f5-a9247145a2ac@group-E2152A48AE85, cid=760, SUCCESS, logIndex=0, commits[fd4515e9-84f2-4741-b1f5-a9247145a2ac:c944, 2e3e112c-ad01-4834-a07e-d6d8a7947632:c942, dfee02f7-0d20-4e08-8ecd-ebe087394a07:c942]
2019-07-08 20:09:22,960 INFO  client.GrpcClientProtocolClient (GrpcClientProtocolClient.java:onNext(255)) - client-83AFC0B42279->fd4515e9-84f2-4741-b1f5-a9247145a2ac: receive RaftClientReply:client-83AFC0B42279->fd4515e9-84f2-4741-b1f5-a9247145a2ac@group-E2152A48AE85, cid=761, SUCCESS, logIndex=945, commits[fd4515e9-84f2-4741-b1f5-a9247145a2ac:c946, 2e3e112c-ad01-4834-a07e-d6d8a7947632:c944, dfee02f7-0d20-4e08-8ecd-ebe087394a07:c944]
2019-07-08 20:09:22,961 INFO  client.GrpcClientProtocolClient (GrpcClientProtocolClient.java:onNext(255)) - client-83AFC0B42279->fd4515e9-84f2-4741-b1f5-a9247145a2ac: receive RaftClientReply:client-83AFC0B42279->fd4515e9-84f2-4741-b1f5-a9247145a2ac@group-E2152A48AE85, cid=762, SUCCESS, logIndex=946, commits[fd4515e9-84f2-4741-b1f5-a9247145a2ac:c946, 2e3e112c-ad01-4834-a07e-d6d8a7947632:c944, dfee02f7-0d20-4e08-8ecd-ebe087394a07:c944]
2019-07-08 20:09:22,962 INFO  client.GrpcClientProtocolClient (GrpcClientProtocolClient.java:onNext(255)) - client-83AFC0B42279->fd4515e9-84f2-4741-b1f5-a9247145a2ac: receive RaftClientReply:client-83AFC0B42279->fd4515e9-84f2-4741-b1f5-a9247145a2ac@group-E2152A48AE85, cid=763, SUCCESS, logIndex=947, commits[fd4515e9-84f2-4741-b1f5-a9247145a2ac:c948, 2e3e112c-ad01-4834-a07e-d6d8a7947632:c944, dfee02f7-0d20-4e08-8ecd-ebe087394a07:c944]
2019-07-08 20:09:22,962 INFO  client.GrpcClientProtocolClient (GrpcClientProtocolClient.java:onNext(255)) - client-83AFC0B42279->fd4515e9-84f2-4741-b1f5-a9247145a2ac: receive RaftClientReply:client-83AFC0B42279->fd4515e9-84f2-4741-b1f5-a9247145a2ac@group-E2152A48AE85, cid=764, SUCCESS, logIndex=948, commits[fd4515e9-84f2-4741-b1f5-a9247145a2ac:c948, 2e3e112c-ad01-4834-a07e-d6d8a7947632:c944, dfee02f7-0d20-4e08-8ecd-ebe087394a07:c944]
2019-07-08 20:09:22,964 INFO  client.GrpcClientProtocolClient (GrpcClientProtocolClient.java:onNext(255)) - client-83AFC0B42279->fd4515e9-84f2-4741-b1f5-a9247145a2ac: receive RaftClientReply:client-83AFC0B42279->fd4515e9-84f2-4741-b1f5-a9247145a2ac@group-E2152A48AE85, cid=765, SUCCESS, logIndex=0, commits[fd4515e9-84f2-4741-b1f5-a9247145a2ac:c950, 2e3e112c-ad01-4834-a07e-d6d8a7947632:c946, dfee02f7-0d20-4e08-8ecd-ebe087394a07:c946]
2019-07-08 20:09:22,990 INFO  client.GrpcClientProtocolClient (GrpcClientProtocolClient.java:onNext(255)) - client-83AFC0B42279->fd4515e9-84f2-4741-b1f5-a9247145a2ac: receive RaftClientReply:client-83AFC0B42279->fd4515e9-84f2-4741-b1f5-a9247145a2ac@group-E2152A48AE85, cid=766, SUCCESS, logIndex=953, commits[fd4515e9-84f2-4741-b1f5-a9247145a2ac:c954, 2e3e112c-ad01-4834-a07e-d6d8a7947632:c952, dfee02f7-0d20-4e08-8ecd-ebe087394a07:c952]
2019-07-08 20:09:22,991 INFO  client.GrpcClientProtocolClient (GrpcClientProtocolClient.java:onNext(255)) - client-83AFC0B42279->fd4515e9-84f2-4741-b1f5-a9247145a2ac: receive RaftClientReply:client-83AFC0B42279->fd4515e9-84f2-4741-b1f5-a9247145a2ac@group-E2152A48AE85, cid=767, SUCCESS, logIndex=954, commits[fd4515e9-84f2-4741-b1f5-a9247145a2ac:c954, 2e3e112c-ad01-4834-a07e-d6d8a7947632:c952, dfee02f7-0d20-4e08-8ecd-ebe087394a07:c952]
2019-07-08 20:09:23,004 INFO  client.GrpcClientProtocolClient (GrpcClientProtocolClient.java:onNext(255)) - client-83AFC0B42279->fd4515e9-84f2-4741-b1f5-a9247145a2ac: receive RaftClientReply:client-83AFC0B42279->fd4515e9-84f2-4741-b1f5-a9247145a2ac@group-E2152A48AE85, cid=768, SUCCESS, logIndex=957, commits[fd4515e9-84f2-4741-b1f5-a9247145a2ac:c958, 2e3e112c-ad01-4834-a07e-d6d8a7947632:c953, dfee02f7-0d20-4e08-8ecd-ebe087394a07:c954]
2019-07-08 20:09:23,004 INFO  client.GrpcClientProtocolClient (GrpcClientProtocolClient.java:onNext(255)) - client-83AFC0B42279->fd4515e9-84f2-4741-b1f5-a9247145a2ac: receive RaftClientReply:client-83AFC0B42279->fd4515e9-84f2-4741-b1f5-a9247145a2ac@group-E2152A48AE85, cid=769, SUCCESS, logIndex=958, commits[fd4515e9-84f2-4741-b1f5-a9247145a2ac:c958, 2e3e112c-ad01-4834-a07e-d6d8a7947632:c954, dfee02f7-0d20-4e08-8ecd-ebe087394a07:c954]
2019-07-08 20:09:23,007 INFO  client.GrpcClientProtocolClient (GrpcClientProtocolClient.java:onNext(255)) - client-83AFC0B42279->fd4515e9-84f2-4741-b1f5-a9247145a2ac: receive RaftClientReply:client-83AFC0B42279->fd4515e9-84f2-4741-b1f5-a9247145a2ac@group-E2152A48AE85, cid=770, SUCCESS, logIndex=0, commits[fd4515e9-84f2-4741-b1f5-a9247145a2ac:c959, 2e3e112c-ad01-4834-a07e-d6d8a7947632:c958, dfee02f7-0d20-4e08-8ecd-ebe087394a07:c958]
2019-07-08 20:09:23,030 INFO  client.GrpcClientProtocolClient (GrpcClientProtocolClient.java:onNext(255)) - client-83AFC0B42279->fd4515e9-84f2-4741-b1f5-a9247145a2ac: receive RaftClientReply:client-83AFC0B42279->fd4515e9-84f2-4741-b1f5-a9247145a2ac@group-E2152A48AE85, cid=771, SUCCESS, logIndex=961, commits[fd4515e9-84f2-4741-b1f5-a9247145a2ac:c962, 2e3e112c-ad01-4834-a07e-d6d8a7947632:c960, dfee02f7-0d20-4e08-8ecd-ebe087394a07:c960]
2019-07-08 20:09:23,031 INFO  client.GrpcClientProtocolClient (GrpcClientProtocolClient.java:onNext(255)) - client-83AFC0B42279->fd4515e9-84f2-4741-b1f5-a9247145a2ac: receive RaftClientReply:client-83AFC0B42279->fd4515e9-84f2-4741-b1f5-a9247145a2ac@group-E2152A48AE85, cid=772, SUCCESS, logIndex=962, commits[fd4515e9-84f2-4741-b1f5-a9247145a2ac:c962, 2e3e112c-ad01-4834-a07e-d6d8a7947632:c960, dfee02f7-0d20-4e08-8ecd-ebe087394a07:c960]
2019-07-08 20:09:23,031 INFO  client.GrpcClientProtocolClient (GrpcClientProtocolClient.java:onNext(255)) - client-83AFC0B42279->fd4515e9-84f2-4741-b1f5-a9247145a2ac: receive RaftClientReply:client-83AFC0B42279->fd4515e9-84f2-4741-b1f5-a9247145a2ac@group-E2152A48AE85, cid=773, SUCCESS, logIndex=963, commits[fd4515e9-84f2-4741-b1f5-a9247145a2ac:c964, 2e3e112c-ad01-4834-a07e-d6d8a7947632:c960, dfee02f7-0d20-4e08-8ecd-ebe087394a07:c960]
2019-07-08 20:09:23,032 INFO  client.GrpcClientProtocolClient (GrpcClientProtocolClient.java:onNext(255)) - client-83AFC0B42279->fd4515e9-84f2-4741-b1f5-a9247145a2ac: receive RaftClientReply:client-83AFC0B42279->fd4515e9-84f2-4741-b1f5-a9247145a2ac@group-E2152A48AE85, cid=774, SUCCESS, logIndex=964, commits[fd4515e9-84f2-4741-b1f5-a9247145a2ac:c964, 2e3e112c-ad01-4834-a07e-d6d8a7947632:c960, dfee02f7-0d20-4e08-8ecd-ebe087394a07:c960]
2019-07-08 20:09:23,033 INFO  client.GrpcClientProtocolClient (GrpcClientProtocolClient.java:onNext(255)) - client-83AFC0B42279->fd4515e9-84f2-4741-b1f5-a9247145a2ac: receive RaftClientReply:client-83AFC0B42279->fd4515e9-84f2-4741-b1f5-a9247145a2ac@group-E2152A48AE85, cid=775, SUCCESS, logIndex=0, commits[fd4515e9-84f2-4741-b1f5-a9247145a2ac:c968, 2e3e112c-ad01-4834-a07e-d6d8a7947632:c964, dfee02f7-0d20-4e08-8ecd-ebe087394a07:c962]
2019-07-08 20:09:23,055 INFO  client.GrpcClientProtocolClient (GrpcClientProtocolClient.java:onNext(255)) - client-83AFC0B42279->fd4515e9-84f2-4741-b1f5-a9247145a2ac: receive RaftClientReply:client-83AFC0B42279->fd4515e9-84f2-4741-b1f5-a9247145a2ac@group-E2152A48AE85, cid=776, SUCCESS, logIndex=969, commits[fd4515e9-84f2-4741-b1f5-a9247145a2ac:c970, 2e3e112c-ad01-4834-a07e-d6d8a7947632:c968, dfee02f7-0d20-4e08-8ecd-ebe087394a07:c968]
2019-07-08 20:09:23,055 INFO  client.GrpcClientProtocolClient (GrpcClientProtocolClient.java:onNext(255)) - client-83AFC0B42279->fd4515e9-84f2-4741-b1f5-a9247145a2ac: receive RaftClientReply:client-83AFC0B42279->fd4515e9-84f2-4741-b1f5-a9247145a2ac@group-E2152A48AE85, cid=777, SUCCESS, logIndex=970, commits[fd4515e9-84f2-4741-b1f5-a9247145a2ac:c970, 2e3e112c-ad01-4834-a07e-d6d8a7947632:c968, dfee02f7-0d20-4e08-8ecd-ebe087394a07:c968]
2019-07-08 20:09:23,069 INFO  client.GrpcClientProtocolClient (GrpcClientProtocolClient.java:onNext(255)) - client-83AFC0B42279->fd4515e9-84f2-4741-b1f5-a9247145a2ac: receive RaftClientReply:client-83AFC0B42279->fd4515e9-84f2-4741-b1f5-a9247145a2ac@group-E2152A48AE85, cid=778, SUCCESS, logIndex=973, commits[fd4515e9-84f2-4741-b1f5-a9247145a2ac:c974, 2e3e112c-ad01-4834-a07e-d6d8a7947632:c970, dfee02f7-0d20-4e08-8ecd-ebe087394a07:c970]
2019-07-08 20:09:23,069 INFO  client.GrpcClientProtocolClient (GrpcClientProtocolClient.java:onNext(255)) - client-83AFC0B42279->fd4515e9-84f2-4741-b1f5-a9247145a2ac: receive RaftClientReply:client-83AFC0B42279->fd4515e9-84f2-4741-b1f5-a9247145a2ac@group-E2152A48AE85, cid=779, SUCCESS, logIndex=974, commits[fd4515e9-84f2-4741-b1f5-a9247145a2ac:c974, 2e3e112c-ad01-4834-a07e-d6d8a7947632:c970, dfee02f7-0d20-4e08-8ecd-ebe087394a07:c970]
 0.00% |█                                                                                                    |  0/1 Time: 0:00:022019-07-08 20:09:23,082 INFO  client.GrpcClientProtocolClient (GrpcClientProtocolClient.java:onNext(255)) - client-83AFC0B42279->fd4515e9-84f2-4741-b1f5-a9247145a2ac: receive RaftClientReply:client-83AFC0B42279->fd4515e9-84f2-4741-b1f5-a9247145a2ac@group-E2152A48AE85, cid=780, SUCCESS, logIndex=0, commits[fd4515e9-84f2-4741-b1f5-a9247145a2ac:c976, 2e3e112c-ad01-4834-a07e-d6d8a7947632:c974, dfee02f7-0d20-4e08-8ecd-ebe087394a07:c974]
2019-07-08 20:09:23,105 INFO  client.GrpcClientProtocolClient (GrpcClientProtocolClient.java:onNext(255)) - client-83AFC0B42279->fd4515e9-84f2-4741-b1f5-a9247145a2ac: receive RaftClientReply:client-83AFC0B42279->fd4515e9-84f2-4741-b1f5-a9247145a2ac@group-E2152A48AE85, cid=781, SUCCESS, logIndex=977, commits[fd4515e9-84f2-4741-b1f5-a9247145a2ac:c978, 2e3e112c-ad01-4834-a07e-d6d8a7947632:c976, dfee02f7-0d20-4e08-8ecd-ebe087394a07:c976]
2019-07-08 20:09:23,105 INFO  client.GrpcClientProtocolClient (GrpcClientProtocolClient.java:onNext(255)) - client-83AFC0B42279->fd4515e9-84f2-4741-b1f5-a9247145a2ac: receive RaftClientReply:client-83AFC0B42279->fd4515e9-84f2-4741-b1f5-a9247145a2ac@group-E2152A48AE85, cid=782, SUCCESS, logIndex=978, commits[fd4515e9-84f2-4741-b1f5-a9247145a2ac:c978, 2e3e112c-ad01-4834-a07e-d6d8a7947632:c976, dfee02f7-0d20-4e08-8ecd-ebe087394a07:c976]
2019-07-08 20:09:23,106 INFO  client.GrpcClientProtocolClient (GrpcClientProtocolClient.java:onNext(255)) - client-83AFC0B42279->fd4515e9-84f2-4741-b1f5-a9247145a2ac: receive RaftClientReply:client-83AFC0B42279->fd4515e9-84f2-4741-b1f5-a9247145a2ac@group-E2152A48AE85, cid=783, SUCCESS, logIndex=979, commits[fd4515e9-84f2-4741-b1f5-a9247145a2ac:c980, 2e3e112c-ad01-4834-a07e-d6d8a7947632:c976, dfee02f7-0d20-4e08-8ecd-ebe087394a07:c976]
2019-07-08 20:09:23,217 INFO  client.GrpcClientProtocolClient (GrpcClientProtocolClient.java:onNext(255)) - client-83AFC0B42279->fd4515e9-84f2-4741-b1f5-a9247145a2ac: receive RaftClientReply:client-83AFC0B42279->fd4515e9-84f2-4741-b1f5-a9247145a2ac@group-E2152A48AE85, cid=784, SUCCESS, logIndex=980, commits[fd4515e9-84f2-4741-b1f5-a9247145a2ac:c980, 2e3e112c-ad01-4834-a07e-d6d8a7947632:c976, dfee02f7-0d20-4e08-8ecd-ebe087394a07:c976]
2019-07-08 20:09:23,219 INFO  client.GrpcClientProtocolClient (GrpcClientProtocolClient.java:onNext(255)) - client-83AFC0B42279->fd4515e9-84f2-4741-b1f5-a9247145a2ac: receive RaftClientReply:client-83AFC0B42279->fd4515e9-84f2-4741-b1f5-a9247145a2ac@group-E2152A48AE85, cid=785, SUCCESS, logIndex=0, commits[fd4515e9-84f2-4741-b1f5-a9247145a2ac:c983, 2e3e112c-ad01-4834-a07e-d6d8a7947632:c980, dfee02f7-0d20-4e08-8ecd-ebe087394a07:c978]
2019-07-08 20:09:23,243 INFO  client.GrpcClientProtocolClient (GrpcClientProtocolClient.java:onNext(255)) - client-83AFC0B42279->fd4515e9-84f2-4741-b1f5-a9247145a2ac: receive RaftClientReply:client-83AFC0B42279->fd4515e9-84f2-4741-b1f5-a9247145a2ac@group-E2152A48AE85, cid=786, SUCCESS, logIndex=985, commits[fd4515e9-84f2-4741-b1f5-a9247145a2ac:c986, 2e3e112c-ad01-4834-a07e-d6d8a7947632:c983, dfee02f7-0d20-4e08-8ecd-ebe087394a07:c983]
2019-07-08 20:09:23,243 INFO  client.GrpcClientProtocolClient (GrpcClientProtocolClient.java:onNext(255)) - client-83AFC0B42279->fd4515e9-84f2-4741-b1f5-a9247145a2ac: receive RaftClientReply:client-83AFC0B42279->fd4515e9-84f2-4741-b1f5-a9247145a2ac@group-E2152A48AE85, cid=787, SUCCESS, logIndex=986, commits[fd4515e9-84f2-4741-b1f5-a9247145a2ac:c986, 2e3e112c-ad01-4834-a07e-d6d8a7947632:c983, dfee02f7-0d20-4e08-8ecd-ebe087394a07:c983]
2019-07-08 20:09:23,268 INFO  client.GrpcClientProtocolClient (GrpcClientProtocolClient.java:onNext(255)) - client-83AFC0B42279->fd4515e9-84f2-4741-b1f5-a9247145a2ac: receive RaftClientReply:client-83AFC0B42279->fd4515e9-84f2-4741-b1f5-a9247145a2ac@group-E2152A48AE85, cid=788, SUCCESS, logIndex=989, commits[fd4515e9-84f2-4741-b1f5-a9247145a2ac:c990, 2e3e112c-ad01-4834-a07e-d6d8a7947632:c986, dfee02f7-0d20-4e08-8ecd-ebe087394a07:c986]
2019-07-08 20:09:23,269 INFO  client.GrpcClientProtocolClient (GrpcClientProtocolClient.java:onNext(255)) - client-83AFC0B42279->fd4515e9-84f2-4741-b1f5-a9247145a2ac: receive RaftClientReply:client-83AFC0B42279->fd4515e9-84f2-4741-b1f5-a9247145a2ac@group-E2152A48AE85, cid=789, SUCCESS, logIndex=990, commits[fd4515e9-84f2-4741-b1f5-a9247145a2ac:c990, 2e3e112c-ad01-4834-a07e-d6d8a7947632:c986, dfee02f7-0d20-4e08-8ecd-ebe087394a07:c986]
2019-07-08 20:09:23,270 INFO  client.GrpcClientProtocolClient (GrpcClientProtocolClient.java:onNext(255)) - client-83AFC0B42279->fd4515e9-84f2-4741-b1f5-a9247145a2ac: receive RaftClientReply:client-83AFC0B42279->fd4515e9-84f2-4741-b1f5-a9247145a2ac@group-E2152A48AE85, cid=790, SUCCESS, logIndex=0, commits[fd4515e9-84f2-4741-b1f5-a9247145a2ac:c991, 2e3e112c-ad01-4834-a07e-d6d8a7947632:c990, dfee02f7-0d20-4e08-8ecd-ebe087394a07:c990]
2019-07-08 20:09:23,293 INFO  client.GrpcClientProtocolClient (GrpcClientProtocolClient.java:onNext(255)) - client-83AFC0B42279->fd4515e9-84f2-4741-b1f5-a9247145a2ac: receive RaftClientReply:client-83AFC0B42279->fd4515e9-84f2-4741-b1f5-a9247145a2ac@group-E2152A48AE85, cid=791, SUCCESS, logIndex=993, commits[fd4515e9-84f2-4741-b1f5-a9247145a2ac:c994, 2e3e112c-ad01-4834-a07e-d6d8a7947632:c992, dfee02f7-0d20-4e08-8ecd-ebe087394a07:c992]
2019-07-08 20:09:23,294 INFO  client.GrpcClientProtocolClient (GrpcClientProtocolClient.java:onNext(255)) - client-83AFC0B42279->fd4515e9-84f2-4741-b1f5-a9247145a2ac: receive RaftClientReply:client-83AFC0B42279->fd4515e9-84f2-4741-b1f5-a9247145a2ac@group-E2152A48AE85, cid=792, SUCCESS, logIndex=994, commits[fd4515e9-84f2-4741-b1f5-a9247145a2ac:c996, 2e3e112c-ad01-4834-a07e-d6d8a7947632:c992, dfee02f7-0d20-4e08-8ecd-ebe087394a07:c992]
2019-07-08 20:09:23,294 INFO  client.GrpcClientProtocolClient (GrpcClientProtocolClient.java:onNext(255)) - client-83AFC0B42279->fd4515e9-84f2-4741-b1f5-a9247145a2ac: receive RaftClientReply:client-83AFC0B42279->fd4515e9-84f2-4741-b1f5-a9247145a2ac@group-E2152A48AE85, cid=793, SUCCESS, logIndex=995, commits[fd4515e9-84f2-4741-b1f5-a9247145a2ac:c996, 2e3e112c-ad01-4834-a07e-d6d8a7947632:c992, dfee02f7-0d20-4e08-8ecd-ebe087394a07:c992]
2019-07-08 20:09:23,295 INFO  client.GrpcClientProtocolClient (GrpcClientProtocolClient.java:onNext(255)) - client-83AFC0B42279->fd4515e9-84f2-4741-b1f5-a9247145a2ac: receive RaftClientReply:client-83AFC0B42279->fd4515e9-84f2-4741-b1f5-a9247145a2ac@group-E2152A48AE85, cid=794, SUCCESS, logIndex=996, commits[fd4515e9-84f2-4741-b1f5-a9247145a2ac:c996, 2e3e112c-ad01-4834-a07e-d6d8a7947632:c992, dfee02f7-0d20-4e08-8ecd-ebe087394a07:c992]
2019-07-08 20:09:23,296 INFO  client.GrpcClientProtocolClient (GrpcClientProtocolClient.java:onNext(255)) - client-83AFC0B42279->fd4515e9-84f2-4741-b1f5-a9247145a2ac: receive RaftClientReply:client-83AFC0B42279->fd4515e9-84f2-4741-b1f5-a9247145a2ac@group-E2152A48AE85, cid=795, SUCCESS, logIndex=0, commits[fd4515e9-84f2-4741-b1f5-a9247145a2ac:c1000, 2e3e112c-ad01-4834-a07e-d6d8a7947632:c994, dfee02f7-0d20-4e08-8ecd-ebe087394a07:c996]
2019-07-08 20:09:23,316 INFO  client.GrpcClientProtocolClient (GrpcClientProtocolClient.java:onNext(255)) - client-83AFC0B42279->fd4515e9-84f2-4741-b1f5-a9247145a2ac: receive RaftClientReply:client-83AFC0B42279->fd4515e9-84f2-4741-b1f5-a9247145a2ac@group-E2152A48AE85, cid=796, SUCCESS, logIndex=1001, commits[fd4515e9-84f2-4741-b1f5-a9247145a2ac:c1002, 2e3e112c-ad01-4834-a07e-d6d8a7947632:c1000, dfee02f7-0d20-4e08-8ecd-ebe087394a07:c1000]
2019-07-08 20:09:23,317 INFO  client.GrpcClientProtocolClient (GrpcClientProtocolClient.java:onNext(255)) - client-83AFC0B42279->fd4515e9-84f2-4741-b1f5-a9247145a2ac: receive RaftClientReply:client-83AFC0B42279->fd4515e9-84f2-4741-b1f5-a9247145a2ac@group-E2152A48AE85, cid=797, SUCCESS, logIndex=1002, commits[fd4515e9-84f2-4741-b1f5-a9247145a2ac:c1002, 2e3e112c-ad01-4834-a07e-d6d8a7947632:c1000, dfee02f7-0d20-4e08-8ecd-ebe087394a07:c1000]
2019-07-08 20:09:23,340 INFO  client.GrpcClientProtocolClient (GrpcClientProtocolClient.java:onNext(255)) - client-83AFC0B42279->fd4515e9-84f2-4741-b1f5-a9247145a2ac: receive RaftClientReply:client-83AFC0B42279->fd4515e9-84f2-4741-b1f5-a9247145a2ac@group-E2152A48AE85, cid=798, SUCCESS, logIndex=1005, commits[fd4515e9-84f2-4741-b1f5-a9247145a2ac:c1006, 2e3e112c-ad01-4834-a07e-d6d8a7947632:c1002, dfee02f7-0d20-4e08-8ecd-ebe087394a07:c1002]
2019-07-08 20:09:23,341 INFO  client.GrpcClientProtocolClient (GrpcClientProtocolClient.java:onNext(255)) - client-83AFC0B42279->fd4515e9-84f2-4741-b1f5-a9247145a2ac: receive RaftClientReply:client-83AFC0B42279->fd4515e9-84f2-4741-b1f5-a9247145a2ac@group-E2152A48AE85, cid=799, SUCCESS, logIndex=1006, commits[fd4515e9-84f2-4741-b1f5-a9247145a2ac:c1006, 2e3e112c-ad01-4834-a07e-d6d8a7947632:c1002, dfee02f7-0d20-4e08-8ecd-ebe087394a07:c1002]
2019-07-08 20:09:23,353 INFO  client.GrpcClientProtocolClient (GrpcClientProtocolClient.java:onNext(255)) - client-83AFC0B42279->fd4515e9-84f2-4741-b1f5-a9247145a2ac: receive RaftClientReply:client-83AFC0B42279->fd4515e9-84f2-4741-b1f5-a9247145a2ac@group-E2152A48AE85, cid=800, SUCCESS, logIndex=0, commits[fd4515e9-84f2-4741-b1f5-a9247145a2ac:c1008, 2e3e112c-ad01-4834-a07e-d6d8a7947632:c1006, dfee02f7-0d20-4e08-8ecd-ebe087394a07:c1006]
2019-07-08 20:09:23,375 INFO  client.GrpcClientProtocolClient (GrpcClientProtocolClient.java:onNext(255)) - client-83AFC0B42279->fd4515e9-84f2-4741-b1f5-a9247145a2ac: receive RaftClientReply:client-83AFC0B42279->fd4515e9-84f2-4741-b1f5-a9247145a2ac@group-E2152A48AE85, cid=801, SUCCESS, logIndex=1009, commits[fd4515e9-84f2-4741-b1f5-a9247145a2ac:c1010, 2e3e112c-ad01-4834-a07e-d6d8a7947632:c1008, dfee02f7-0d20-4e08-8ecd-ebe087394a07:c1008]
2019-07-08 20:09:23,376 INFO  client.GrpcClientProtocolClient (GrpcClientProtocolClient.java:onNext(255)) - client-83AFC0B42279->fd4515e9-84f2-4741-b1f5-a9247145a2ac: receive RaftClientReply:client-83AFC0B42279->fd4515e9-84f2-4741-b1f5-a9247145a2ac@group-E2152A48AE85, cid=802, SUCCESS, logIndex=1010, commits[fd4515e9-84f2-4741-b1f5-a9247145a2ac:c1012, 2e3e112c-ad01-4834-a07e-d6d8a7947632:c1008, dfee02f7-0d20-4e08-8ecd-ebe087394a07:c1008]
2019-07-08 20:09:23,376 INFO  client.GrpcClientProtocolClient (GrpcClientProtocolClient.java:onNext(255)) - client-83AFC0B42279->fd4515e9-84f2-4741-b1f5-a9247145a2ac: receive RaftClientReply:client-83AFC0B42279->fd4515e9-84f2-4741-b1f5-a9247145a2ac@group-E2152A48AE85, cid=803, SUCCESS, logIndex=1011, commits[fd4515e9-84f2-4741-b1f5-a9247145a2ac:c1012, 2e3e112c-ad01-4834-a07e-d6d8a7947632:c1008, dfee02f7-0d20-4e08-8ecd-ebe087394a07:c1008]
2019-07-08 20:09:23,376 INFO  client.GrpcClientProtocolClient (GrpcClientProtocolClient.java:onNext(255)) - client-83AFC0B42279->fd4515e9-84f2-4741-b1f5-a9247145a2ac: receive RaftClientReply:client-83AFC0B42279->fd4515e9-84f2-4741-b1f5-a9247145a2ac@group-E2152A48AE85, cid=804, SUCCESS, logIndex=1012, commits[fd4515e9-84f2-4741-b1f5-a9247145a2ac:c1012, 2e3e112c-ad01-4834-a07e-d6d8a7947632:c1008, dfee02f7-0d20-4e08-8ecd-ebe087394a07:c1008]
2019-07-08 20:09:23,378 INFO  client.GrpcClientProtocolClient (GrpcClientProtocolClient.java:onNext(255)) - client-83AFC0B42279->fd4515e9-84f2-4741-b1f5-a9247145a2ac: receive RaftClientReply:client-83AFC0B42279->fd4515e9-84f2-4741-b1f5-a9247145a2ac@group-E2152A48AE85, cid=805, SUCCESS, logIndex=0, commits[fd4515e9-84f2-4741-b1f5-a9247145a2ac:c1014, 2e3e112c-ad01-4834-a07e-d6d8a7947632:c1010, dfee02f7-0d20-4e08-8ecd-ebe087394a07:c1010]
2019-07-08 20:09:23,399 INFO  client.GrpcClientProtocolClient (GrpcClientProtocolClient.java:onNext(255)) - client-83AFC0B42279->fd4515e9-84f2-4741-b1f5-a9247145a2ac: receive RaftClientReply:client-83AFC0B42279->fd4515e9-84f2-4741-b1f5-a9247145a2ac@group-E2152A48AE85, cid=806, SUCCESS, logIndex=1016, commits[fd4515e9-84f2-4741-b1f5-a9247145a2ac:c1016, 2e3e112c-ad01-4834-a07e-d6d8a7947632:c1015, dfee02f7-0d20-4e08-8ecd-ebe087394a07:c1015]
2019-07-08 20:09:23,400 INFO  client.GrpcClientProtocolClient (GrpcClientProtocolClient.java:onNext(255)) - client-83AFC0B42279->fd4515e9-84f2-4741-b1f5-a9247145a2ac: receive RaftClientReply:client-83AFC0B42279->fd4515e9-84f2-4741-b1f5-a9247145a2ac@group-E2152A48AE85, cid=807, SUCCESS, logIndex=1017, commits[fd4515e9-84f2-4741-b1f5-a9247145a2ac:c1017, 2e3e112c-ad01-4834-a07e-d6d8a7947632:c1015, dfee02f7-0d20-4e08-8ecd-ebe087394a07:c1015]
2019-07-08 20:09:23,413 INFO  client.GrpcClientProtocolClient (GrpcClientProtocolClient.java:onNext(255)) - client-83AFC0B42279->fd4515e9-84f2-4741-b1f5-a9247145a2ac: receive RaftClientReply:client-83AFC0B42279->fd4515e9-84f2-4741-b1f5-a9247145a2ac@group-E2152A48AE85, cid=808, SUCCESS, logIndex=1020, commits[fd4515e9-84f2-4741-b1f5-a9247145a2ac:c1021, 2e3e112c-ad01-4834-a07e-d6d8a7947632:c1019, dfee02f7-0d20-4e08-8ecd-ebe087394a07:c1019]
2019-07-08 20:09:23,414 INFO  client.GrpcClientProtocolClient (GrpcClientProtocolClient.java:onNext(255)) - client-83AFC0B42279->fd4515e9-84f2-4741-b1f5-a9247145a2ac: receive RaftClientReply:client-83AFC0B42279->fd4515e9-84f2-4741-b1f5-a9247145a2ac@group-E2152A48AE85, cid=809, SUCCESS, logIndex=1021, commits[fd4515e9-84f2-4741-b1f5-a9247145a2ac:c1021, 2e3e112c-ad01-4834-a07e-d6d8a7947632:c1019, dfee02f7-0d20-4e08-8ecd-ebe087394a07:c1019]
2019-07-08 20:09:23,417 INFO  client.GrpcClientProtocolClient (GrpcClientProtocolClient.java:onNext(255)) - client-83AFC0B42279->fd4515e9-84f2-4741-b1f5-a9247145a2ac: receive RaftClientReply:client-83AFC0B42279->fd4515e9-84f2-4741-b1f5-a9247145a2ac@group-E2152A48AE85, cid=810, SUCCESS, logIndex=0, commits[fd4515e9-84f2-4741-b1f5-a9247145a2ac:c1023, 2e3e112c-ad01-4834-a07e-d6d8a7947632:c1021, dfee02f7-0d20-4e08-8ecd-ebe087394a07:c1021]
2019-07-08 20:09:23,434 INFO  client.GrpcClientProtocolClient (GrpcClientProtocolClient.java:onNext(255)) - client-83AFC0B42279->fd4515e9-84f2-4741-b1f5-a9247145a2ac: receive RaftClientReply:client-83AFC0B42279->fd4515e9-84f2-4741-b1f5-a9247145a2ac@group-E2152A48AE85, cid=811, SUCCESS, logIndex=1024, commits[fd4515e9-84f2-4741-b1f5-a9247145a2ac:c1025, 2e3e112c-ad01-4834-a07e-d6d8a7947632:c1023, dfee02f7-0d20-4e08-8ecd-ebe087394a07:c1023]
2019-07-08 20:09:23,434 INFO  client.GrpcClientProtocolClient (GrpcClientProtocolClient.java:onNext(255)) - client-83AFC0B42279->fd4515e9-84f2-4741-b1f5-a9247145a2ac: receive RaftClientReply:client-83AFC0B42279->fd4515e9-84f2-4741-b1f5-a9247145a2ac@group-E2152A48AE85, cid=812, SUCCESS, logIndex=1025, commits[fd4515e9-84f2-4741-b1f5-a9247145a2ac:c1025, 2e3e112c-ad01-4834-a07e-d6d8a7947632:c1023, dfee02f7-0d20-4e08-8ecd-ebe087394a07:c1023]
2019-07-08 20:09:23,435 INFO  client.GrpcClientProtocolClient (GrpcClientProtocolClient.java:onNext(255)) - client-83AFC0B42279->fd4515e9-84f2-4741-b1f5-a9247145a2ac: receive RaftClientReply:client-83AFC0B42279->fd4515e9-84f2-4741-b1f5-a9247145a2ac@group-E2152A48AE85, cid=813, SUCCESS, logIndex=1026, commits[fd4515e9-84f2-4741-b1f5-a9247145a2ac:c1027, 2e3e112c-ad01-4834-a07e-d6d8a7947632:c1023, dfee02f7-0d20-4e08-8ecd-ebe087394a07:c1023]
2019-07-08 20:09:23,436 INFO  client.GrpcClientProtocolClient (GrpcClientProtocolClient.java:onNext(255)) - client-83AFC0B42279->fd4515e9-84f2-4741-b1f5-a9247145a2ac: receive RaftClientReply:client-83AFC0B42279->fd4515e9-84f2-4741-b1f5-a9247145a2ac@group-E2152A48AE85, cid=814, SUCCESS, logIndex=1027, commits[fd4515e9-84f2-4741-b1f5-a9247145a2ac:c1027, 2e3e112c-ad01-4834-a07e-d6d8a7947632:c1023, dfee02f7-0d20-4e08-8ecd-ebe087394a07:c1023]
2019-07-08 20:09:23,437 INFO  client.GrpcClientProtocolClient (GrpcClientProtocolClient.java:onNext(255)) - client-83AFC0B42279->fd4515e9-84f2-4741-b1f5-a9247145a2ac: receive RaftClientReply:client-83AFC0B42279->fd4515e9-84f2-4741-b1f5-a9247145a2ac@group-E2152A48AE85, cid=815, SUCCESS, logIndex=0, commits[fd4515e9-84f2-4741-b1f5-a9247145a2ac:c1029, 2e3e112c-ad01-4834-a07e-d6d8a7947632:c1025, dfee02f7-0d20-4e08-8ecd-ebe087394a07:c1025]
2019-07-08 20:09:23,470 INFO  client.GrpcClientProtocolClient (GrpcClientProtocolClient.java:onNext(255)) - client-83AFC0B42279->fd4515e9-84f2-4741-b1f5-a9247145a2ac: receive RaftClientReply:client-83AFC0B42279->fd4515e9-84f2-4741-b1f5-a9247145a2ac@group-E2152A48AE85, cid=816, SUCCESS, logIndex=1032, commits[fd4515e9-84f2-4741-b1f5-a9247145a2ac:c1033, 2e3e112c-ad01-4834-a07e-d6d8a7947632:c1031, dfee02f7-0d20-4e08-8ecd-ebe087394a07:c1031]
2019-07-08 20:09:23,470 INFO  client.GrpcClientProtocolClient (GrpcClientProtocolClient.java:onNext(255)) - client-83AFC0B42279->fd4515e9-84f2-4741-b1f5-a9247145a2ac: receive RaftClientReply:client-83AFC0B42279->fd4515e9-84f2-4741-b1f5-a9247145a2ac@group-E2152A48AE85, cid=817, SUCCESS, logIndex=1033, commits[fd4515e9-84f2-4741-b1f5-a9247145a2ac:c1033, 2e3e112c-ad01-4834-a07e-d6d8a7947632:c1031, dfee02f7-0d20-4e08-8ecd-ebe087394a07:c1031]
2019-07-08 20:09:23,495 INFO  client.GrpcClientProtocolClient (GrpcClientProtocolClient.java:onNext(255)) - client-83AFC0B42279->fd4515e9-84f2-4741-b1f5-a9247145a2ac: receive RaftClientReply:client-83AFC0B42279->fd4515e9-84f2-4741-b1f5-a9247145a2ac@group-E2152A48AE85, cid=818, SUCCESS, logIndex=1036, commits[fd4515e9-84f2-4741-b1f5-a9247145a2ac:c1037, 2e3e112c-ad01-4834-a07e-d6d8a7947632:c1033, dfee02f7-0d20-4e08-8ecd-ebe087394a07:c1033]
2019-07-08 20:09:23,495 INFO  client.GrpcClientProtocolClient (GrpcClientProtocolClient.java:onNext(255)) - client-83AFC0B42279->fd4515e9-84f2-4741-b1f5-a9247145a2ac: receive RaftClientReply:client-83AFC0B42279->fd4515e9-84f2-4741-b1f5-a9247145a2ac@group-E2152A48AE85, cid=819, SUCCESS, logIndex=1037, commits[fd4515e9-84f2-4741-b1f5-a9247145a2ac:c1037, 2e3e112c-ad01-4834-a07e-d6d8a7947632:c1033, dfee02f7-0d20-4e08-8ecd-ebe087394a07:c1033]
2019-07-08 20:09:23,508 INFO  client.GrpcClientProtocolClient (GrpcClientProtocolClient.java:onNext(255)) - client-83AFC0B42279->fd4515e9-84f2-4741-b1f5-a9247145a2ac: receive RaftClientReply:client-83AFC0B42279->fd4515e9-84f2-4741-b1f5-a9247145a2ac@group-E2152A48AE85, cid=820, SUCCESS, logIndex=0, commits[fd4515e9-84f2-4741-b1f5-a9247145a2ac:c1039, 2e3e112c-ad01-4834-a07e-d6d8a7947632:c1037, dfee02f7-0d20-4e08-8ecd-ebe087394a07:c1037]
2019-07-08 20:09:23,539 INFO  client.GrpcClientProtocolClient (GrpcClientProtocolClient.java:onNext(255)) - client-83AFC0B42279->fd4515e9-84f2-4741-b1f5-a9247145a2ac: receive RaftClientReply:client-83AFC0B42279->fd4515e9-84f2-4741-b1f5-a9247145a2ac@group-E2152A48AE85, cid=821, SUCCESS, logIndex=1040, commits[fd4515e9-84f2-4741-b1f5-a9247145a2ac:c1041, 2e3e112c-ad01-4834-a07e-d6d8a7947632:c1039, dfee02f7-0d20-4e08-8ecd-ebe087394a07:c1039]
2019-07-08 20:09:23,540 INFO  client.GrpcClientProtocolClient (GrpcClientProtocolClient.java:onNext(255)) - client-83AFC0B42279->fd4515e9-84f2-4741-b1f5-a9247145a2ac: receive RaftClientReply:client-83AFC0B42279->fd4515e9-84f2-4741-b1f5-a9247145a2ac@group-E2152A48AE85, cid=822, SUCCESS, logIndex=1041, commits[fd4515e9-84f2-4741-b1f5-a9247145a2ac:c1041, 2e3e112c-ad01-4834-a07e-d6d8a7947632:c1039, dfee02f7-0d20-4e08-8ecd-ebe087394a07:c1039]
2019-07-08 20:09:23,540 INFO  client.GrpcClientProtocolClient (GrpcClientProtocolClient.java:onNext(255)) - client-83AFC0B42279->fd4515e9-84f2-4741-b1f5-a9247145a2ac: receive RaftClientReply:client-83AFC0B42279->fd4515e9-84f2-4741-b1f5-a9247145a2ac@group-E2152A48AE85, cid=823, SUCCESS, logIndex=1042, commits[fd4515e9-84f2-4741-b1f5-a9247145a2ac:c1042, 2e3e112c-ad01-4834-a07e-d6d8a7947632:c1039, dfee02f7-0d20-4e08-8ecd-ebe087394a07:c1039]
2019-07-08 20:09:23,541 INFO  client.GrpcClientProtocolClient (GrpcClientProtocolClient.java:onNext(255)) - client-83AFC0B42279->fd4515e9-84f2-4741-b1f5-a9247145a2ac: receive RaftClientReply:client-83AFC0B42279->fd4515e9-84f2-4741-b1f5-a9247145a2ac@group-E2152A48AE85, cid=824, SUCCESS, logIndex=1043, commits[fd4515e9-84f2-4741-b1f5-a9247145a2ac:c1043, 2e3e112c-ad01-4834-a07e-d6d8a7947632:c1039, dfee02f7-0d20-4e08-8ecd-ebe087394a07:c1039]
2019-07-08 20:09:23,543 INFO  client.GrpcClientProtocolClient (GrpcClientProtocolClient.java:onNext(255)) - client-83AFC0B42279->fd4515e9-84f2-4741-b1f5-a9247145a2ac: receive RaftClientReply:client-83AFC0B42279->fd4515e9-84f2-4741-b1f5-a9247145a2ac@group-E2152A48AE85, cid=825, SUCCESS, logIndex=0, commits[fd4515e9-84f2-4741-b1f5-a9247145a2ac:c1046, 2e3e112c-ad01-4834-a07e-d6d8a7947632:c1041, dfee02f7-0d20-4e08-8ecd-ebe087394a07:c1042]
2019-07-08 20:09:23,565 INFO  client.GrpcClientProtocolClient (GrpcClientProtocolClient.java:onNext(255)) - client-83AFC0B42279->fd4515e9-84f2-4741-b1f5-a9247145a2ac: receive RaftClientReply:client-83AFC0B42279->fd4515e9-84f2-4741-b1f5-a9247145a2ac@group-E2152A48AE85, cid=826, SUCCESS, logIndex=1048, commits[fd4515e9-84f2-4741-b1f5-a9247145a2ac:c1049, 2e3e112c-ad01-4834-a07e-d6d8a7947632:c1047, dfee02f7-0d20-4e08-8ecd-ebe087394a07:c1047]
2019-07-08 20:09:23,565 INFO  client.GrpcClientProtocolClient (GrpcClientProtocolClient.java:onNext(255)) - client-83AFC0B42279->fd4515e9-84f2-4741-b1f5-a9247145a2ac: receive RaftClientReply:client-83AFC0B42279->fd4515e9-84f2-4741-b1f5-a9247145a2ac@group-E2152A48AE85, cid=827, SUCCESS, logIndex=1049, commits[fd4515e9-84f2-4741-b1f5-a9247145a2ac:c1049, 2e3e112c-ad01-4834-a07e-d6d8a7947632:c1047, dfee02f7-0d20-4e08-8ecd-ebe087394a07:c1047]
2019-07-08 20:09:23,589 INFO  client.GrpcClientProtocolClient (GrpcClientProtocolClient.java:onNext(255)) - client-83AFC0B42279->fd4515e9-84f2-4741-b1f5-a9247145a2ac: receive RaftClientReply:client-83AFC0B42279->fd4515e9-84f2-4741-b1f5-a9247145a2ac@group-E2152A48AE85, cid=828, SUCCESS, logIndex=1052, commits[fd4515e9-84f2-4741-b1f5-a9247145a2ac:c1053, 2e3e112c-ad01-4834-a07e-d6d8a7947632:c1049, dfee02f7-0d20-4e08-8ecd-ebe087394a07:c1049]
2019-07-08 20:09:23,590 INFO  client.GrpcClientProtocolClient (GrpcClientProtocolClient.java:onNext(255)) - client-83AFC0B42279->fd4515e9-84f2-4741-b1f5-a9247145a2ac: receive RaftClientReply:client-83AFC0B42279->fd4515e9-84f2-4741-b1f5-a9247145a2ac@group-E2152A48AE85, cid=829, SUCCESS, logIndex=1053, commits[fd4515e9-84f2-4741-b1f5-a9247145a2ac:c1053, 2e3e112c-ad01-4834-a07e-d6d8a7947632:c1049, dfee02f7-0d20-4e08-8ecd-ebe087394a07:c1049]
2019-07-08 20:09:23,591 INFO  client.GrpcClientProtocolClient (GrpcClientProtocolClient.java:onNext(255)) - client-83AFC0B42279->fd4515e9-84f2-4741-b1f5-a9247145a2ac: receive RaftClientReply:client-83AFC0B42279->fd4515e9-84f2-4741-b1f5-a9247145a2ac@group-E2152A48AE85, cid=830, SUCCESS, logIndex=0, commits[fd4515e9-84f2-4741-b1f5-a9247145a2ac:c1054, 2e3e112c-ad01-4834-a07e-d6d8a7947632:c1053, dfee02f7-0d20-4e08-8ecd-ebe087394a07:c1053]
2019-07-08 20:09:23,613 INFO  client.GrpcClientProtocolClient (GrpcClientProtocolClient.java:onNext(255)) - client-83AFC0B42279->fd4515e9-84f2-4741-b1f5-a9247145a2ac: receive RaftClientReply:client-83AFC0B42279->fd4515e9-84f2-4741-b1f5-a9247145a2ac@group-E2152A48AE85, cid=831, SUCCESS, logIndex=1056, commits[fd4515e9-84f2-4741-b1f5-a9247145a2ac:c1057, 2e3e112c-ad01-4834-a07e-d6d8a7947632:c1055, dfee02f7-0d20-4e08-8ecd-ebe087394a07:c1055]
2019-07-08 20:09:23,613 INFO  client.GrpcClientProtocolClient (GrpcClientProtocolClient.java:onNext(255)) - client-83AFC0B42279->fd4515e9-84f2-4741-b1f5-a9247145a2ac: receive RaftClientReply:client-83AFC0B42279->fd4515e9-84f2-4741-b1f5-a9247145a2ac@group-E2152A48AE85, cid=832, SUCCESS, logIndex=1057, commits[fd4515e9-84f2-4741-b1f5-a9247145a2ac:c1057, 2e3e112c-ad01-4834-a07e-d6d8a7947632:c1055, dfee02f7-0d20-4e08-8ecd-ebe087394a07:c1055]
2019-07-08 20:09:23,624 INFO  client.GrpcClientProtocolClient (GrpcClientProtocolClient.java:onNext(255)) - client-83AFC0B42279->fd4515e9-84f2-4741-b1f5-a9247145a2ac: receive RaftClientReply:client-83AFC0B42279->fd4515e9-84f2-4741-b1f5-a9247145a2ac@group-E2152A48AE85, cid=833, SUCCESS, logIndex=1058, commits[fd4515e9-84f2-4741-b1f5-a9247145a2ac:c1059, 2e3e112c-ad01-4834-a07e-d6d8a7947632:c1055, dfee02f7-0d20-4e08-8ecd-ebe087394a07:c1055]
2019-07-08 20:09:23,624 INFO  client.GrpcClientProtocolClient (GrpcClientProtocolClient.java:onNext(255)) - client-83AFC0B42279->fd4515e9-84f2-4741-b1f5-a9247145a2ac: receive RaftClientReply:client-83AFC0B42279->fd4515e9-84f2-4741-b1f5-a9247145a2ac@group-E2152A48AE85, cid=834, SUCCESS, logIndex=1059, commits[fd4515e9-84f2-4741-b1f5-a9247145a2ac:c1060, 2e3e112c-ad01-4834-a07e-d6d8a7947632:c1055, dfee02f7-0d20-4e08-8ecd-ebe087394a07:c1056]
2019-07-08 20:09:23,626 INFO  client.GrpcClientProtocolClient (GrpcClientProtocolClient.java:onNext(255)) - client-83AFC0B42279->fd4515e9-84f2-4741-b1f5-a9247145a2ac: receive RaftClientReply:client-83AFC0B42279->fd4515e9-84f2-4741-b1f5-a9247145a2ac@group-E2152A48AE85, cid=835, SUCCESS, logIndex=0, commits[fd4515e9-84f2-4741-b1f5-a9247145a2ac:c1063, 2e3e112c-ad01-4834-a07e-d6d8a7947632:c1057, dfee02f7-0d20-4e08-8ecd-ebe087394a07:c1059]
2019-07-08 20:09:23,649 INFO  client.GrpcClientProtocolClient (GrpcClientProtocolClient.java:onNext(255)) - client-83AFC0B42279->fd4515e9-84f2-4741-b1f5-a9247145a2ac: receive RaftClientReply:client-83AFC0B42279->fd4515e9-84f2-4741-b1f5-a9247145a2ac@group-E2152A48AE85, cid=836, SUCCESS, logIndex=1064, commits[fd4515e9-84f2-4741-b1f5-a9247145a2ac:c1065, 2e3e112c-ad01-4834-a07e-d6d8a7947632:c1063, dfee02f7-0d20-4e08-8ecd-ebe087394a07:c1063]
2019-07-08 20:09:23,649 INFO  client.GrpcClientProtocolClient (GrpcClientProtocolClient.java:onNext(255)) - client-83AFC0B42279->fd4515e9-84f2-4741-b1f5-a9247145a2ac: receive RaftClientReply:client-83AFC0B42279->fd4515e9-84f2-4741-b1f5-a9247145a2ac@group-E2152A48AE85, cid=837, SUCCESS, logIndex=1065, commits[fd4515e9-84f2-4741-b1f5-a9247145a2ac:c1065, 2e3e112c-ad01-4834-a07e-d6d8a7947632:c1063, dfee02f7-0d20-4e08-8ecd-ebe087394a07:c1063]
2019-07-08 20:09:23,661 INFO  client.GrpcClientProtocolClient (GrpcClientProtocolClient.java:onNext(255)) - client-83AFC0B42279->fd4515e9-84f2-4741-b1f5-a9247145a2ac: receive RaftClientReply:client-83AFC0B42279->fd4515e9-84f2-4741-b1f5-a9247145a2ac@group-E2152A48AE85, cid=838, SUCCESS, logIndex=1068, commits[fd4515e9-84f2-4741-b1f5-a9247145a2ac:c1069, 2e3e112c-ad01-4834-a07e-d6d8a7947632:c1065, dfee02f7-0d20-4e08-8ecd-ebe087394a07:c1065]
2019-07-08 20:09:23,662 INFO  client.GrpcClientProtocolClient (GrpcClientProtocolClient.java:onNext(255)) - client-83AFC0B42279->fd4515e9-84f2-4741-b1f5-a9247145a2ac: receive RaftClientReply:client-83AFC0B42279->fd4515e9-84f2-4741-b1f5-a9247145a2ac@group-E2152A48AE85, cid=839, SUCCESS, logIndex=1069, commits[fd4515e9-84f2-4741-b1f5-a9247145a2ac:c1069, 2e3e112c-ad01-4834-a07e-d6d8a7947632:c1065, dfee02f7-0d20-4e08-8ecd-ebe087394a07:c1065]
2019-07-08 20:09:23,674 INFO  client.GrpcClientProtocolClient (GrpcClientProtocolClient.java:onNext(255)) - client-83AFC0B42279->fd4515e9-84f2-4741-b1f5-a9247145a2ac: receive RaftClientReply:client-83AFC0B42279->fd4515e9-84f2-4741-b1f5-a9247145a2ac@group-E2152A48AE85, cid=840, SUCCESS, logIndex=0, commits[fd4515e9-84f2-4741-b1f5-a9247145a2ac:c1071, 2e3e112c-ad01-4834-a07e-d6d8a7947632:c1069, dfee02f7-0d20-4e08-8ecd-ebe087394a07:c1069]
2019-07-08 20:09:23,696 INFO  client.GrpcClientProtocolClient (GrpcClientProtocolClient.java:onNext(255)) - client-83AFC0B42279->fd4515e9-84f2-4741-b1f5-a9247145a2ac: receive RaftClientReply:client-83AFC0B42279->fd4515e9-84f2-4741-b1f5-a9247145a2ac@group-E2152A48AE85, cid=841, SUCCESS, logIndex=1072, commits[fd4515e9-84f2-4741-b1f5-a9247145a2ac:c1073, 2e3e112c-ad01-4834-a07e-d6d8a7947632:c1071, dfee02f7-0d20-4e08-8ecd-ebe087394a07:c1071]
2019-07-08 20:09:23,697 INFO  client.GrpcClientProtocolClient (GrpcClientProtocolClient.java:onNext(255)) - client-83AFC0B42279->fd4515e9-84f2-4741-b1f5-a9247145a2ac: receive RaftClientReply:client-83AFC0B42279->fd4515e9-84f2-4741-b1f5-a9247145a2ac@group-E2152A48AE85, cid=842, SUCCESS, logIndex=1073, commits[fd4515e9-84f2-4741-b1f5-a9247145a2ac:c1074, 2e3e112c-ad01-4834-a07e-d6d8a7947632:c1071, dfee02f7-0d20-4e08-8ecd-ebe087394a07:c1071]
2019-07-08 20:09:23,697 INFO  client.GrpcClientProtocolClient (GrpcClientProtocolClient.java:onNext(255)) - client-83AFC0B42279->fd4515e9-84f2-4741-b1f5-a9247145a2ac: receive RaftClientReply:client-83AFC0B42279->fd4515e9-84f2-4741-b1f5-a9247145a2ac@group-E2152A48AE85, cid=843, SUCCESS, logIndex=1074, commits[fd4515e9-84f2-4741-b1f5-a9247145a2ac:c1075, 2e3e112c-ad01-4834-a07e-d6d8a7947632:c1071, dfee02f7-0d20-4e08-8ecd-ebe087394a07:c1071]
2019-07-08 20:09:23,697 INFO  client.GrpcClientProtocolClient (GrpcClientProtocolClient.java:onNext(255)) - client-83AFC0B42279->fd4515e9-84f2-4741-b1f5-a9247145a2ac: receive RaftClientReply:client-83AFC0B42279->fd4515e9-84f2-4741-b1f5-a9247145a2ac@group-E2152A48AE85, cid=844, SUCCESS, logIndex=1075, commits[fd4515e9-84f2-4741-b1f5-a9247145a2ac:c1075, 2e3e112c-ad01-4834-a07e-d6d8a7947632:c1071, dfee02f7-0d20-4e08-8ecd-ebe087394a07:c1071]
2019-07-08 20:09:23,699 INFO  client.GrpcClientProtocolClient (GrpcClientProtocolClient.java:onNext(255)) - client-83AFC0B42279->fd4515e9-84f2-4741-b1f5-a9247145a2ac: receive RaftClientReply:client-83AFC0B42279->fd4515e9-84f2-4741-b1f5-a9247145a2ac@group-E2152A48AE85, cid=845, SUCCESS, logIndex=0, commits[fd4515e9-84f2-4741-b1f5-a9247145a2ac:c1079, 2e3e112c-ad01-4834-a07e-d6d8a7947632:c1073, dfee02f7-0d20-4e08-8ecd-ebe087394a07:c1075]
2019-07-08 20:09:23,722 INFO  client.GrpcClientProtocolClient (GrpcClientProtocolClient.java:onNext(255)) - client-83AFC0B42279->fd4515e9-84f2-4741-b1f5-a9247145a2ac: receive RaftClientReply:client-83AFC0B42279->fd4515e9-84f2-4741-b1f5-a9247145a2ac@group-E2152A48AE85, cid=846, SUCCESS, logIndex=1080, commits[fd4515e9-84f2-4741-b1f5-a9247145a2ac:c1081, 2e3e112c-ad01-4834-a07e-d6d8a7947632:c1079, dfee02f7-0d20-4e08-8ecd-ebe087394a07:c1079]
2019-07-08 20:09:23,723 INFO  client.GrpcClientProtocolClient (GrpcClientProtocolClient.java:onNext(255)) - client-83AFC0B42279->fd4515e9-84f2-4741-b1f5-a9247145a2ac: receive RaftClientReply:client-83AFC0B42279->fd4515e9-84f2-4741-b1f5-a9247145a2ac@group-E2152A48AE85, cid=847, SUCCESS, logIndex=1081, commits[fd4515e9-84f2-4741-b1f5-a9247145a2ac:c1081, 2e3e112c-ad01-4834-a07e-d6d8a7947632:c1079, dfee02f7-0d20-4e08-8ecd-ebe087394a07:c1079]
2019-07-08 20:09:23,740 INFO  client.GrpcClientProtocolClient (GrpcClientProtocolClient.java:onNext(255)) - client-83AFC0B42279->fd4515e9-84f2-4741-b1f5-a9247145a2ac: receive RaftClientReply:client-83AFC0B42279->fd4515e9-84f2-4741-b1f5-a9247145a2ac@group-E2152A48AE85, cid=848, SUCCESS, logIndex=1084, commits[fd4515e9-84f2-4741-b1f5-a9247145a2ac:c1085, 2e3e112c-ad01-4834-a07e-d6d8a7947632:c1080, dfee02f7-0d20-4e08-8ecd-ebe087394a07:c1081]
2019-07-08 20:09:23,740 INFO  client.GrpcClientProtocolClient (GrpcClientProtocolClient.java:onNext(255)) - client-83AFC0B42279->fd4515e9-84f2-4741-b1f5-a9247145a2ac: receive RaftClientReply:client-83AFC0B42279->fd4515e9-84f2-4741-b1f5-a9247145a2ac@group-E2152A48AE85, cid=849, SUCCESS, logIndex=1085, commits[fd4515e9-84f2-4741-b1f5-a9247145a2ac:c1085, 2e3e112c-ad01-4834-a07e-d6d8a7947632:c1081, dfee02f7-0d20-4e08-8ecd-ebe087394a07:c1081]
2019-07-08 20:09:23,743 INFO  client.GrpcClientProtocolClient (GrpcClientProtocolClient.java:onNext(255)) - client-83AFC0B42279->fd4515e9-84f2-4741-b1f5-a9247145a2ac: receive RaftClientReply:client-83AFC0B42279->fd4515e9-84f2-4741-b1f5-a9247145a2ac@group-E2152A48AE85, cid=850, SUCCESS, logIndex=0, commits[fd4515e9-84f2-4741-b1f5-a9247145a2ac:c1087, 2e3e112c-ad01-4834-a07e-d6d8a7947632:c1085, dfee02f7-0d20-4e08-8ecd-ebe087394a07:c1085]
2019-07-08 20:09:23,763 INFO  client.GrpcClientProtocolClient (GrpcClientProtocolClient.java:onNext(255)) - client-83AFC0B42279->fd4515e9-84f2-4741-b1f5-a9247145a2ac: receive RaftClientReply:client-83AFC0B42279->fd4515e9-84f2-4741-b1f5-a9247145a2ac@group-E2152A48AE85, cid=851, SUCCESS, logIndex=1088, commits[fd4515e9-84f2-4741-b1f5-a9247145a2ac:c1089, 2e3e112c-ad01-4834-a07e-d6d8a7947632:c1087, dfee02f7-0d20-4e08-8ecd-ebe087394a07:c1087]
2019-07-08 20:09:23,764 INFO  client.GrpcClientProtocolClient (GrpcClientProtocolClient.java:onNext(255)) - client-83AFC0B42279->fd4515e9-84f2-4741-b1f5-a9247145a2ac: receive RaftClientReply:client-83AFC0B42279->fd4515e9-84f2-4741-b1f5-a9247145a2ac@group-E2152A48AE85, cid=852, SUCCESS, logIndex=1089, commits[fd4515e9-84f2-4741-b1f5-a9247145a2ac:c1089, 2e3e112c-ad01-4834-a07e-d6d8a7947632:c1087, dfee02f7-0d20-4e08-8ecd-ebe087394a07:c1087]
2019-07-08 20:09:23,765 INFO  client.GrpcClientProtocolClient (GrpcClientProtocolClient.java:onNext(255)) - client-83AFC0B42279->fd4515e9-84f2-4741-b1f5-a9247145a2ac: receive RaftClientReply:client-83AFC0B42279->fd4515e9-84f2-4741-b1f5-a9247145a2ac@group-E2152A48AE85, cid=853, SUCCESS, logIndex=1090, commits[fd4515e9-84f2-4741-b1f5-a9247145a2ac:c1091, 2e3e112c-ad01-4834-a07e-d6d8a7947632:c1087, dfee02f7-0d20-4e08-8ecd-ebe087394a07:c1087]
2019-07-08 20:09:23,765 INFO  client.GrpcClientProtocolClient (GrpcClientProtocolClient.java:onNext(255)) - client-83AFC0B42279->fd4515e9-84f2-4741-b1f5-a9247145a2ac: receive RaftClientReply:client-83AFC0B42279->fd4515e9-84f2-4741-b1f5-a9247145a2ac@group-E2152A48AE85, cid=854, SUCCESS, logIndex=1091, commits[fd4515e9-84f2-4741-b1f5-a9247145a2ac:c1091, 2e3e112c-ad01-4834-a07e-d6d8a7947632:c1087, dfee02f7-0d20-4e08-8ecd-ebe087394a07:c1087]
2019-07-08 20:09:23,767 INFO  client.GrpcClientProtocolClient (GrpcClientProtocolClient.java:onNext(255)) - client-83AFC0B42279->fd4515e9-84f2-4741-b1f5-a9247145a2ac: receive RaftClientReply:client-83AFC0B42279->fd4515e9-84f2-4741-b1f5-a9247145a2ac@group-E2152A48AE85, cid=855, SUCCESS, logIndex=0, commits[fd4515e9-84f2-4741-b1f5-a9247145a2ac:c1093, 2e3e112c-ad01-4834-a07e-d6d8a7947632:c1089, dfee02f7-0d20-4e08-8ecd-ebe087394a07:c1089]
2019-07-08 20:09:23,896 INFO  client.GrpcClientProtocolClient (GrpcClientProtocolClient.java:onNext(255)) - client-83AFC0B42279->fd4515e9-84f2-4741-b1f5-a9247145a2ac: receive RaftClientReply:client-83AFC0B42279->fd4515e9-84f2-4741-b1f5-a9247145a2ac@group-E2152A48AE85, cid=856, SUCCESS, logIndex=1096, commits[fd4515e9-84f2-4741-b1f5-a9247145a2ac:c1097, 2e3e112c-ad01-4834-a07e-d6d8a7947632:c1095, dfee02f7-0d20-4e08-8ecd-ebe087394a07:c1095]
2019-07-08 20:09:23,897 INFO  client.GrpcClientProtocolClient (GrpcClientProtocolClient.java:onNext(255)) - client-83AFC0B42279->fd4515e9-84f2-4741-b1f5-a9247145a2ac: receive RaftClientReply:client-83AFC0B42279->fd4515e9-84f2-4741-b1f5-a9247145a2ac@group-E2152A48AE85, cid=857, SUCCESS, logIndex=1097, commits[fd4515e9-84f2-4741-b1f5-a9247145a2ac:c1097, 2e3e112c-ad01-4834-a07e-d6d8a7947632:c1095, dfee02f7-0d20-4e08-8ecd-ebe087394a07:c1095]
2019-07-08 20:09:23,910 INFO  client.GrpcClientProtocolClient (GrpcClientProtocolClient.java:onNext(255)) - client-83AFC0B42279->fd4515e9-84f2-4741-b1f5-a9247145a2ac: receive RaftClientReply:client-83AFC0B42279->fd4515e9-84f2-4741-b1f5-a9247145a2ac@group-E2152A48AE85, cid=858, SUCCESS, logIndex=1100, commits[fd4515e9-84f2-4741-b1f5-a9247145a2ac:c1101, 2e3e112c-ad01-4834-a07e-d6d8a7947632:c1097, dfee02f7-0d20-4e08-8ecd-ebe087394a07:c1097]
2019-07-08 20:09:23,911 INFO  client.GrpcClientProtocolClient (GrpcClientProtocolClient.java:onNext(255)) - client-83AFC0B42279->fd4515e9-84f2-4741-b1f5-a9247145a2ac: receive RaftClientReply:client-83AFC0B42279->fd4515e9-84f2-4741-b1f5-a9247145a2ac@group-E2152A48AE85, cid=859, SUCCESS, logIndex=1101, commits[fd4515e9-84f2-4741-b1f5-a9247145a2ac:c1101, 2e3e112c-ad01-4834-a07e-d6d8a7947632:c1097, dfee02f7-0d20-4e08-8ecd-ebe087394a07:c1097]
2019-07-08 20:09:23,913 INFO  client.GrpcClientProtocolClient (GrpcClientProtocolClient.java:onNext(255)) - client-83AFC0B42279->fd4515e9-84f2-4741-b1f5-a9247145a2ac: receive RaftClientReply:client-83AFC0B42279->fd4515e9-84f2-4741-b1f5-a9247145a2ac@group-E2152A48AE85, cid=860, SUCCESS, logIndex=0, commits[fd4515e9-84f2-4741-b1f5-a9247145a2ac:c1103, 2e3e112c-ad01-4834-a07e-d6d8a7947632:c1101, dfee02f7-0d20-4e08-8ecd-ebe087394a07:c1101]
2019-07-08 20:09:23,934 INFO  client.GrpcClientProtocolClient (GrpcClientProtocolClient.java:onNext(255)) - client-83AFC0B42279->fd4515e9-84f2-4741-b1f5-a9247145a2ac: receive RaftClientReply:client-83AFC0B42279->fd4515e9-84f2-4741-b1f5-a9247145a2ac@group-E2152A48AE85, cid=861, SUCCESS, logIndex=1104, commits[fd4515e9-84f2-4741-b1f5-a9247145a2ac:c1105, 2e3e112c-ad01-4834-a07e-d6d8a7947632:c1103, dfee02f7-0d20-4e08-8ecd-ebe087394a07:c1103]
2019-07-08 20:09:23,934 INFO  client.GrpcClientProtocolClient (GrpcClientProtocolClient.java:onNext(255)) - client-83AFC0B42279->fd4515e9-84f2-4741-b1f5-a9247145a2ac: receive RaftClientReply:client-83AFC0B42279->fd4515e9-84f2-4741-b1f5-a9247145a2ac@group-E2152A48AE85, cid=862, SUCCESS, logIndex=1105, commits[fd4515e9-84f2-4741-b1f5-a9247145a2ac:c1105, 2e3e112c-ad01-4834-a07e-d6d8a7947632:c1103, dfee02f7-0d20-4e08-8ecd-ebe087394a07:c1103]
2019-07-08 20:09:23,935 INFO  client.GrpcClientProtocolClient (GrpcClientProtocolClient.java:onNext(255)) - client-83AFC0B42279->fd4515e9-84f2-4741-b1f5-a9247145a2ac: receive RaftClientReply:client-83AFC0B42279->fd4515e9-84f2-4741-b1f5-a9247145a2ac@group-E2152A48AE85, cid=863, SUCCESS, logIndex=1106, commits[fd4515e9-84f2-4741-b1f5-a9247145a2ac:c1107, 2e3e112c-ad01-4834-a07e-d6d8a7947632:c1103, dfee02f7-0d20-4e08-8ecd-ebe087394a07:c1103]
2019-07-08 20:09:23,936 INFO  client.GrpcClientProtocolClient (GrpcClientProtocolClient.java:onNext(255)) - client-83AFC0B42279->fd4515e9-84f2-4741-b1f5-a9247145a2ac: receive RaftClientReply:client-83AFC0B42279->fd4515e9-84f2-4741-b1f5-a9247145a2ac@group-E2152A48AE85, cid=864, SUCCESS, logIndex=1107, commits[fd4515e9-84f2-4741-b1f5-a9247145a2ac:c1107, 2e3e112c-ad01-4834-a07e-d6d8a7947632:c1103, dfee02f7-0d20-4e08-8ecd-ebe087394a07:c1103]
2019-07-08 20:09:23,937 INFO  client.GrpcClientProtocolClient (GrpcClientProtocolClient.java:onNext(255)) - client-83AFC0B42279->fd4515e9-84f2-4741-b1f5-a9247145a2ac: receive RaftClientReply:client-83AFC0B42279->fd4515e9-84f2-4741-b1f5-a9247145a2ac@group-E2152A48AE85, cid=865, SUCCESS, logIndex=0, commits[fd4515e9-84f2-4741-b1f5-a9247145a2ac:c1111, 2e3e112c-ad01-4834-a07e-d6d8a7947632:c1105, dfee02f7-0d20-4e08-8ecd-ebe087394a07:c1107]
2019-07-08 20:09:23,958 INFO  client.GrpcClientProtocolClient (GrpcClientProtocolClient.java:onNext(255)) - client-83AFC0B42279->fd4515e9-84f2-4741-b1f5-a9247145a2ac: receive RaftClientReply:client-83AFC0B42279->fd4515e9-84f2-4741-b1f5-a9247145a2ac@group-E2152A48AE85, cid=866, SUCCESS, logIndex=1112, commits[fd4515e9-84f2-4741-b1f5-a9247145a2ac:c1113, 2e3e112c-ad01-4834-a07e-d6d8a7947632:c1111, dfee02f7-0d20-4e08-8ecd-ebe087394a07:c1111]
2019-07-08 20:09:23,958 INFO  client.GrpcClientProtocolClient (GrpcClientProtocolClient.java:onNext(255)) - client-83AFC0B42279->fd4515e9-84f2-4741-b1f5-a9247145a2ac: receive RaftClientReply:client-83AFC0B42279->fd4515e9-84f2-4741-b1f5-a9247145a2ac@group-E2152A48AE85, cid=867, SUCCESS, logIndex=1113, commits[fd4515e9-84f2-4741-b1f5-a9247145a2ac:c1113, 2e3e112c-ad01-4834-a07e-d6d8a7947632:c1111, dfee02f7-0d20-4e08-8ecd-ebe087394a07:c1111]
2019-07-08 20:09:23,990 INFO  client.GrpcClientProtocolClient (GrpcClientProtocolClient.java:onNext(255)) - client-83AFC0B42279->fd4515e9-84f2-4741-b1f5-a9247145a2ac: receive RaftClientReply:client-83AFC0B42279->fd4515e9-84f2-4741-b1f5-a9247145a2ac@group-E2152A48AE85, cid=868, SUCCESS, logIndex=1116, commits[fd4515e9-84f2-4741-b1f5-a9247145a2ac:c1117, 2e3e112c-ad01-4834-a07e-d6d8a7947632:c1112, dfee02f7-0d20-4e08-8ecd-ebe087394a07:c1113]
2019-07-08 20:09:23,990 INFO  client.GrpcClientProtocolClient (GrpcClientProtocolClient.java:onNext(255)) - client-83AFC0B42279->fd4515e9-84f2-4741-b1f5-a9247145a2ac: receive RaftClientReply:client-83AFC0B42279->fd4515e9-84f2-4741-b1f5-a9247145a2ac@group-E2152A48AE85, cid=869, SUCCESS, logIndex=1117, commits[fd4515e9-84f2-4741-b1f5-a9247145a2ac:c1117, 2e3e112c-ad01-4834-a07e-d6d8a7947632:c1112, dfee02f7-0d20-4e08-8ecd-ebe087394a07:c1113]
2019-07-08 20:09:23,992 INFO  client.GrpcClientProtocolClient (GrpcClientProtocolClient.java:onNext(255)) - client-83AFC0B42279->fd4515e9-84f2-4741-b1f5-a9247145a2ac: receive RaftClientReply:client-83AFC0B42279->fd4515e9-84f2-4741-b1f5-a9247145a2ac@group-E2152A48AE85, cid=870, SUCCESS, logIndex=0, commits[fd4515e9-84f2-4741-b1f5-a9247145a2ac:c1118, 2e3e112c-ad01-4834-a07e-d6d8a7947632:c1113, dfee02f7-0d20-4e08-8ecd-ebe087394a07:c1116]
2019-07-08 20:09:23,993 INFO  client.GrpcClientProtocolClient (GrpcClientProtocolClient.java:onNext(255)) - client-83AFC0B42279->fd4515e9-84f2-4741-b1f5-a9247145a2ac: receive RaftClientReply:client-83AFC0B42279->fd4515e9-84f2-4741-b1f5-a9247145a2ac@group-E2152A48AE85, cid=871, SUCCESS, logIndex=0, commits[fd4515e9-84f2-4741-b1f5-a9247145a2ac:c1119, 2e3e112c-ad01-4834-a07e-d6d8a7947632:c1117, dfee02f7-0d20-4e08-8ecd-ebe087394a07:c1117]
2019-07-08 20:09:24,018 INFO  client.GrpcClientProtocolClient (GrpcClientProtocolClient.java:onNext(255)) - client-83AFC0B42279->fd4515e9-84f2-4741-b1f5-a9247145a2ac: receive RaftClientReply:client-83AFC0B42279->fd4515e9-84f2-4741-b1f5-a9247145a2ac@group-E2152A48AE85, cid=872, SUCCESS, logIndex=1120, commits[fd4515e9-84f2-4741-b1f5-a9247145a2ac:c1121, 2e3e112c-ad01-4834-a07e-d6d8a7947632:c1119, dfee02f7-0d20-4e08-8ecd-ebe087394a07:c1119]
2019-07-08 20:09:24,019 INFO  client.GrpcClientProtocolClient (GrpcClientProtocolClient.java:onNext(255)) - client-83AFC0B42279->fd4515e9-84f2-4741-b1f5-a9247145a2ac: receive RaftClientReply:client-83AFC0B42279->fd4515e9-84f2-4741-b1f5-a9247145a2ac@group-E2152A48AE85, cid=873, SUCCESS, logIndex=1121, commits[fd4515e9-84f2-4741-b1f5-a9247145a2ac:c1121, 2e3e112c-ad01-4834-a07e-d6d8a7947632:c1119, dfee02f7-0d20-4e08-8ecd-ebe087394a07:c1119]
2019-07-08 20:09:24,019 INFO  client.GrpcClientProtocolClient (GrpcClientProtocolClient.java:onNext(255)) - client-83AFC0B42279->fd4515e9-84f2-4741-b1f5-a9247145a2ac: receive RaftClientReply:client-83AFC0B42279->fd4515e9-84f2-4741-b1f5-a9247145a2ac@group-E2152A48AE85, cid=874, SUCCESS, logIndex=1122, commits[fd4515e9-84f2-4741-b1f5-a9247145a2ac:c1123, 2e3e112c-ad01-4834-a07e-d6d8a7947632:c1119, dfee02f7-0d20-4e08-8ecd-ebe087394a07:c1119]
2019-07-08 20:09:24,019 INFO  client.GrpcClientProtocolClient (GrpcClientProtocolClient.java:onNext(255)) - client-83AFC0B42279->fd4515e9-84f2-4741-b1f5-a9247145a2ac: receive RaftClientReply:client-83AFC0B42279->fd4515e9-84f2-4741-b1f5-a9247145a2ac@group-E2152A48AE85, cid=875, SUCCESS, logIndex=1123, commits[fd4515e9-84f2-4741-b1f5-a9247145a2ac:c1123, 2e3e112c-ad01-4834-a07e-d6d8a7947632:c1119, dfee02f7-0d20-4e08-8ecd-ebe087394a07:c1119]
2019-07-08 20:09:24,021 INFO  client.GrpcClientProtocolClient (GrpcClientProtocolClient.java:onNext(255)) - client-83AFC0B42279->fd4515e9-84f2-4741-b1f5-a9247145a2ac: receive RaftClientReply:client-83AFC0B42279->fd4515e9-84f2-4741-b1f5-a9247145a2ac@group-E2152A48AE85, cid=876, SUCCESS, logIndex=0, commits[fd4515e9-84f2-4741-b1f5-a9247145a2ac:c1125, 2e3e112c-ad01-4834-a07e-d6d8a7947632:c1121, dfee02f7-0d20-4e08-8ecd-ebe087394a07:c1121]
2019-07-08 20:09:24,042 INFO  client.GrpcClientProtocolClient (GrpcClientProtocolClient.java:onNext(255)) - client-83AFC0B42279->fd4515e9-84f2-4741-b1f5-a9247145a2ac: receive RaftClientReply:client-83AFC0B42279->fd4515e9-84f2-4741-b1f5-a9247145a2ac@group-E2152A48AE85, cid=877, SUCCESS, logIndex=1128, commits[fd4515e9-84f2-4741-b1f5-a9247145a2ac:c1129, 2e3e112c-ad01-4834-a07e-d6d8a7947632:c1127, dfee02f7-0d20-4e08-8ecd-ebe087394a07:c1127]
2019-07-08 20:09:24,042 INFO  client.GrpcClientProtocolClient (GrpcClientProtocolClient.java:onNext(255)) - client-83AFC0B42279->fd4515e9-84f2-4741-b1f5-a9247145a2ac: receive RaftClientReply:client-83AFC0B42279->fd4515e9-84f2-4741-b1f5-a9247145a2ac@group-E2152A48AE85, cid=878, SUCCESS, logIndex=1129, commits[fd4515e9-84f2-4741-b1f5-a9247145a2ac:c1129, 2e3e112c-ad01-4834-a07e-d6d8a7947632:c1127, dfee02f7-0d20-4e08-8ecd-ebe087394a07:c1127]
2019-07-08 20:09:24,055 INFO  client.GrpcClientProtocolClient (GrpcClientProtocolClient.java:onNext(255)) - client-83AFC0B42279->fd4515e9-84f2-4741-b1f5-a9247145a2ac: receive RaftClientReply:client-83AFC0B42279->fd4515e9-84f2-4741-b1f5-a9247145a2ac@group-E2152A48AE85, cid=879, SUCCESS, logIndex=1132, commits[fd4515e9-84f2-4741-b1f5-a9247145a2ac:c1133, 2e3e112c-ad01-4834-a07e-d6d8a7947632:c1128, dfee02f7-0d20-4e08-8ecd-ebe087394a07:c1129]
2019-07-08 20:09:24,056 INFO  client.GrpcClientProtocolClient (GrpcClientProtocolClient.java:onNext(255)) - client-83AFC0B42279->fd4515e9-84f2-4741-b1f5-a9247145a2ac: receive RaftClientReply:client-83AFC0B42279->fd4515e9-84f2-4741-b1f5-a9247145a2ac@group-E2152A48AE85, cid=880, SUCCESS, logIndex=1133, commits[fd4515e9-84f2-4741-b1f5-a9247145a2ac:c1133, 2e3e112c-ad01-4834-a07e-d6d8a7947632:c1129, dfee02f7-0d20-4e08-8ecd-ebe087394a07:c1129]
2019-07-08 20:09:24,058 INFO  client.GrpcClientProtocolClient (GrpcClientProtocolClient.java:onNext(255)) - client-83AFC0B42279->fd4515e9-84f2-4741-b1f5-a9247145a2ac: receive RaftClientReply:client-83AFC0B42279->fd4515e9-84f2-4741-b1f5-a9247145a2ac@group-E2152A48AE85, cid=881, SUCCESS, logIndex=0, commits[fd4515e9-84f2-4741-b1f5-a9247145a2ac:c1135, 2e3e112c-ad01-4834-a07e-d6d8a7947632:c1133, dfee02f7-0d20-4e08-8ecd-ebe087394a07:c1133]
 0.00% |█                                                                                                    |  0/1 Time: 0:00:032019-07-08 20:09:24,080 INFO  client.GrpcClientProtocolClient (GrpcClientProtocolClient.java:onNext(255)) - client-83AFC0B42279->fd4515e9-84f2-4741-b1f5-a9247145a2ac: receive RaftClientReply:client-83AFC0B42279->fd4515e9-84f2-4741-b1f5-a9247145a2ac@group-E2152A48AE85, cid=882, SUCCESS, logIndex=1136, commits[fd4515e9-84f2-4741-b1f5-a9247145a2ac:c1137, 2e3e112c-ad01-4834-a07e-d6d8a7947632:c1135, dfee02f7-0d20-4e08-8ecd-ebe087394a07:c1135]
2019-07-08 20:09:24,080 INFO  client.GrpcClientProtocolClient (GrpcClientProtocolClient.java:onNext(255)) - client-83AFC0B42279->fd4515e9-84f2-4741-b1f5-a9247145a2ac: receive RaftClientReply:client-83AFC0B42279->fd4515e9-84f2-4741-b1f5-a9247145a2ac@group-E2152A48AE85, cid=883, SUCCESS, logIndex=1137, commits[fd4515e9-84f2-4741-b1f5-a9247145a2ac:c1137, 2e3e112c-ad01-4834-a07e-d6d8a7947632:c1135, dfee02f7-0d20-4e08-8ecd-ebe087394a07:c1135]
2019-07-08 20:09:24,081 INFO  client.GrpcClientProtocolClient (GrpcClientProtocolClient.java:onNext(255)) - client-83AFC0B42279->fd4515e9-84f2-4741-b1f5-a9247145a2ac: receive RaftClientReply:client-83AFC0B42279->fd4515e9-84f2-4741-b1f5-a9247145a2ac@group-E2152A48AE85, cid=884, SUCCESS, logIndex=1138, commits[fd4515e9-84f2-4741-b1f5-a9247145a2ac:c1139, 2e3e112c-ad01-4834-a07e-d6d8a7947632:c1135, dfee02f7-0d20-4e08-8ecd-ebe087394a07:c1135]
2019-07-08 20:09:24,081 INFO  client.GrpcClientProtocolClient (GrpcClientProtocolClient.java:onNext(255)) - client-83AFC0B42279->fd4515e9-84f2-4741-b1f5-a9247145a2ac: receive RaftClientReply:client-83AFC0B42279->fd4515e9-84f2-4741-b1f5-a9247145a2ac@group-E2152A48AE85, cid=885, SUCCESS, logIndex=1139, commits[fd4515e9-84f2-4741-b1f5-a9247145a2ac:c1139, 2e3e112c-ad01-4834-a07e-d6d8a7947632:c1135, dfee02f7-0d20-4e08-8ecd-ebe087394a07:c1135]
2019-07-08 20:09:24,083 INFO  client.GrpcClientProtocolClient (GrpcClientProtocolClient.java:onNext(255)) - client-83AFC0B42279->fd4515e9-84f2-4741-b1f5-a9247145a2ac: receive RaftClientReply:client-83AFC0B42279->fd4515e9-84f2-4741-b1f5-a9247145a2ac@group-E2152A48AE85, cid=886, SUCCESS, logIndex=0, commits[fd4515e9-84f2-4741-b1f5-a9247145a2ac:c1142, 2e3e112c-ad01-4834-a07e-d6d8a7947632:c1137, dfee02f7-0d20-4e08-8ecd-ebe087394a07:c1139]
2019-07-08 20:09:24,103 INFO  client.GrpcClientProtocolClient (GrpcClientProtocolClient.java:onNext(255)) - client-83AFC0B42279->fd4515e9-84f2-4741-b1f5-a9247145a2ac: receive RaftClientReply:client-83AFC0B42279->fd4515e9-84f2-4741-b1f5-a9247145a2ac@group-E2152A48AE85, cid=887, SUCCESS, logIndex=1144, commits[fd4515e9-84f2-4741-b1f5-a9247145a2ac:c1145, 2e3e112c-ad01-4834-a07e-d6d8a7947632:c1143, dfee02f7-0d20-4e08-8ecd-ebe087394a07:c1143]
2019-07-08 20:09:24,104 INFO  client.GrpcClientProtocolClient (GrpcClientProtocolClient.java:onNext(255)) - client-83AFC0B42279->fd4515e9-84f2-4741-b1f5-a9247145a2ac: receive RaftClientReply:client-83AFC0B42279->fd4515e9-84f2-4741-b1f5-a9247145a2ac@group-E2152A48AE85, cid=888, SUCCESS, logIndex=1145, commits[fd4515e9-84f2-4741-b1f5-a9247145a2ac:c1145, 2e3e112c-ad01-4834-a07e-d6d8a7947632:c1143, dfee02f7-0d20-4e08-8ecd-ebe087394a07:c1143]
2019-07-08 20:09:24,120 INFO  client.GrpcClientProtocolClient (GrpcClientProtocolClient.java:onNext(255)) - client-83AFC0B42279->fd4515e9-84f2-4741-b1f5-a9247145a2ac: receive RaftClientReply:client-83AFC0B42279->fd4515e9-84f2-4741-b1f5-a9247145a2ac@group-E2152A48AE85, cid=889, SUCCESS, logIndex=1148, commits[fd4515e9-84f2-4741-b1f5-a9247145a2ac:c1149, 2e3e112c-ad01-4834-a07e-d6d8a7947632:c1145, dfee02f7-0d20-4e08-8ecd-ebe087394a07:c1145]
2019-07-08 20:09:24,120 INFO  client.GrpcClientProtocolClient (GrpcClientProtocolClient.java:onNext(255)) - client-83AFC0B42279->fd4515e9-84f2-4741-b1f5-a9247145a2ac: receive RaftClientReply:client-83AFC0B42279->fd4515e9-84f2-4741-b1f5-a9247145a2ac@group-E2152A48AE85, cid=890, SUCCESS, logIndex=1149, commits[fd4515e9-84f2-4741-b1f5-a9247145a2ac:c1149, 2e3e112c-ad01-4834-a07e-d6d8a7947632:c1145, dfee02f7-0d20-4e08-8ecd-ebe087394a07:c1145]
2019-07-08 20:09:24,133 INFO  client.GrpcClientProtocolClient (GrpcClientProtocolClient.java:onNext(255)) - client-83AFC0B42279->fd4515e9-84f2-4741-b1f5-a9247145a2ac: receive RaftClientReply:client-83AFC0B42279->fd4515e9-84f2-4741-b1f5-a9247145a2ac@group-E2152A48AE85, cid=891, SUCCESS, logIndex=0, commits[fd4515e9-84f2-4741-b1f5-a9247145a2ac:c1151, 2e3e112c-ad01-4834-a07e-d6d8a7947632:c1149, dfee02f7-0d20-4e08-8ecd-ebe087394a07:c1149]
2019-07-08 20:09:24,154 INFO  client.GrpcClientProtocolClient (GrpcClientProtocolClient.java:onNext(255)) - client-83AFC0B42279->fd4515e9-84f2-4741-b1f5-a9247145a2ac: receive RaftClientReply:client-83AFC0B42279->fd4515e9-84f2-4741-b1f5-a9247145a2ac@group-E2152A48AE85, cid=892, SUCCESS, logIndex=1152, commits[fd4515e9-84f2-4741-b1f5-a9247145a2ac:c1153, 2e3e112c-ad01-4834-a07e-d6d8a7947632:c1151, dfee02f7-0d20-4e08-8ecd-ebe087394a07:c1151]
2019-07-08 20:09:24,155 INFO  client.GrpcClientProtocolClient (GrpcClientProtocolClient.java:onNext(255)) - client-83AFC0B42279->fd4515e9-84f2-4741-b1f5-a9247145a2ac: receive RaftClientReply:client-83AFC0B42279->fd4515e9-84f2-4741-b1f5-a9247145a2ac@group-E2152A48AE85, cid=893, SUCCESS, logIndex=1153, commits[fd4515e9-84f2-4741-b1f5-a9247145a2ac:c1153, 2e3e112c-ad01-4834-a07e-d6d8a7947632:c1151, dfee02f7-0d20-4e08-8ecd-ebe087394a07:c1151]
2019-07-08 20:09:24,155 INFO  client.GrpcClientProtocolClient (GrpcClientProtocolClient.java:onNext(255)) - client-83AFC0B42279->fd4515e9-84f2-4741-b1f5-a9247145a2ac: receive RaftClientReply:client-83AFC0B42279->fd4515e9-84f2-4741-b1f5-a9247145a2ac@group-E2152A48AE85, cid=894, SUCCESS, logIndex=1154, commits[fd4515e9-84f2-4741-b1f5-a9247145a2ac:c1155, 2e3e112c-ad01-4834-a07e-d6d8a7947632:c1151, dfee02f7-0d20-4e08-8ecd-ebe087394a07:c1151]
2019-07-08 20:09:24,158 INFO  client.GrpcClientProtocolClient (GrpcClientProtocolClient.java:onNext(255)) - client-83AFC0B42279->fd4515e9-84f2-4741-b1f5-a9247145a2ac: receive RaftClientReply:client-83AFC0B42279->fd4515e9-84f2-4741-b1f5-a9247145a2ac@group-E2152A48AE85, cid=895, SUCCESS, logIndex=1155, commits[fd4515e9-84f2-4741-b1f5-a9247145a2ac:c1155, 2e3e112c-ad01-4834-a07e-d6d8a7947632:c1151, dfee02f7-0d20-4e08-8ecd-ebe087394a07:c1151]
2019-07-08 20:09:24,159 INFO  client.GrpcClientProtocolClient (GrpcClientProtocolClient.java:onNext(255)) - client-83AFC0B42279->fd4515e9-84f2-4741-b1f5-a9247145a2ac: receive RaftClientReply:client-83AFC0B42279->fd4515e9-84f2-4741-b1f5-a9247145a2ac@group-E2152A48AE85, cid=896, SUCCESS, logIndex=0, commits[fd4515e9-84f2-4741-b1f5-a9247145a2ac:c1158, 2e3e112c-ad01-4834-a07e-d6d8a7947632:c1153, dfee02f7-0d20-4e08-8ecd-ebe087394a07:c1155]
2019-07-08 20:09:24,171 INFO  client.GrpcClientProtocolClient (GrpcClientProtocolClient.java:onNext(255)) - client-83AFC0B42279->fd4515e9-84f2-4741-b1f5-a9247145a2ac: receive RaftClientReply:client-83AFC0B42279->fd4515e9-84f2-4741-b1f5-a9247145a2ac@group-E2152A48AE85, cid=897, SUCCESS, logIndex=1160, commits[fd4515e9-84f2-4741-b1f5-a9247145a2ac:c1161, 2e3e112c-ad01-4834-a07e-d6d8a7947632:c1155, dfee02f7-0d20-4e08-8ecd-ebe087394a07:c1158]
2019-07-08 20:09:24,172 INFO  client.GrpcClientProtocolClient (GrpcClientProtocolClient.java:onNext(255)) - client-83AFC0B42279->fd4515e9-84f2-4741-b1f5-a9247145a2ac: receive RaftClientReply:client-83AFC0B42279->fd4515e9-84f2-4741-b1f5-a9247145a2ac@group-E2152A48AE85, cid=898, SUCCESS, logIndex=1161, commits[fd4515e9-84f2-4741-b1f5-a9247145a2ac:c1161, 2e3e112c-ad01-4834-a07e-d6d8a7947632:c1155, dfee02f7-0d20-4e08-8ecd-ebe087394a07:c1158]
2019-07-08 20:09:24,190 INFO  client.GrpcClientProtocolClient (GrpcClientProtocolClient.java:onNext(255)) - client-83AFC0B42279->fd4515e9-84f2-4741-b1f5-a9247145a2ac: receive RaftClientReply:client-83AFC0B42279->fd4515e9-84f2-4741-b1f5-a9247145a2ac@group-E2152A48AE85, cid=899, SUCCESS, logIndex=1164, commits[fd4515e9-84f2-4741-b1f5-a9247145a2ac:c1165, 2e3e112c-ad01-4834-a07e-d6d8a7947632:c1163, dfee02f7-0d20-4e08-8ecd-ebe087394a07:c1163]
2019-07-08 20:09:24,191 INFO  client.GrpcClientProtocolClient (GrpcClientProtocolClient.java:onNext(255)) - client-83AFC0B42279->fd4515e9-84f2-4741-b1f5-a9247145a2ac: receive RaftClientReply:client-83AFC0B42279->fd4515e9-84f2-4741-b1f5-a9247145a2ac@group-E2152A48AE85, cid=900, SUCCESS, logIndex=1165, commits[fd4515e9-84f2-4741-b1f5-a9247145a2ac:c1165, 2e3e112c-ad01-4834-a07e-d6d8a7947632:c1163, dfee02f7-0d20-4e08-8ecd-ebe087394a07:c1163]
2019-07-08 20:09:24,203 INFO  client.GrpcClientProtocolClient (GrpcClientProtocolClient.java:onNext(255)) - client-83AFC0B42279->fd4515e9-84f2-4741-b1f5-a9247145a2ac: receive RaftClientReply:client-83AFC0B42279->fd4515e9-84f2-4741-b1f5-a9247145a2ac@group-E2152A48AE85, cid=901, SUCCESS, logIndex=0, commits[fd4515e9-84f2-4741-b1f5-a9247145a2ac:c1167, 2e3e112c-ad01-4834-a07e-d6d8a7947632:c1165, dfee02f7-0d20-4e08-8ecd-ebe087394a07:c1165]
2019-07-08 20:09:24,223 INFO  client.GrpcClientProtocolClient (GrpcClientProtocolClient.java:onNext(255)) - client-83AFC0B42279->fd4515e9-84f2-4741-b1f5-a9247145a2ac: receive RaftClientReply:client-83AFC0B42279->fd4515e9-84f2-4741-b1f5-a9247145a2ac@group-E2152A48AE85, cid=902, SUCCESS, logIndex=1168, commits[fd4515e9-84f2-4741-b1f5-a9247145a2ac:c1169, 2e3e112c-ad01-4834-a07e-d6d8a7947632:c1167, dfee02f7-0d20-4e08-8ecd-ebe087394a07:c1167]
2019-07-08 20:09:24,224 INFO  client.GrpcClientProtocolClient (GrpcClientProtocolClient.java:onNext(255)) - client-83AFC0B42279->fd4515e9-84f2-4741-b1f5-a9247145a2ac: receive RaftClientReply:client-83AFC0B42279->fd4515e9-84f2-4741-b1f5-a9247145a2ac@group-E2152A48AE85, cid=903, SUCCESS, logIndex=1169, commits[fd4515e9-84f2-4741-b1f5-a9247145a2ac:c1169, 2e3e112c-ad01-4834-a07e-d6d8a7947632:c1167, dfee02f7-0d20-4e08-8ecd-ebe087394a07:c1167]
2019-07-08 20:09:24,224 INFO  client.GrpcClientProtocolClient (GrpcClientProtocolClient.java:onNext(255)) - client-83AFC0B42279->fd4515e9-84f2-4741-b1f5-a9247145a2ac: receive RaftClientReply:client-83AFC0B42279->fd4515e9-84f2-4741-b1f5-a9247145a2ac@group-E2152A48AE85, cid=904, SUCCESS, logIndex=1170, commits[fd4515e9-84f2-4741-b1f5-a9247145a2ac:c1171, 2e3e112c-ad01-4834-a07e-d6d8a7947632:c1167, dfee02f7-0d20-4e08-8ecd-ebe087394a07:c1167]
2019-07-08 20:09:24,224 INFO  client.GrpcClientProtocolClient (GrpcClientProtocolClient.java:onNext(255)) - client-83AFC0B42279->fd4515e9-84f2-4741-b1f5-a9247145a2ac: receive RaftClientReply:client-83AFC0B42279->fd4515e9-84f2-4741-b1f5-a9247145a2ac@group-E2152A48AE85, cid=905, SUCCESS, logIndex=1171, commits[fd4515e9-84f2-4741-b1f5-a9247145a2ac:c1171, 2e3e112c-ad01-4834-a07e-d6d8a7947632:c1167, dfee02f7-0d20-4e08-8ecd-ebe087394a07:c1167]
2019-07-08 20:09:24,226 INFO  client.GrpcClientProtocolClient (GrpcClientProtocolClient.java:onNext(255)) - client-83AFC0B42279->fd4515e9-84f2-4741-b1f5-a9247145a2ac: receive RaftClientReply:client-83AFC0B42279->fd4515e9-84f2-4741-b1f5-a9247145a2ac@group-E2152A48AE85, cid=906, SUCCESS, logIndex=0, commits[fd4515e9-84f2-4741-b1f5-a9247145a2ac:c1173, 2e3e112c-ad01-4834-a07e-d6d8a7947632:c1169, dfee02f7-0d20-4e08-8ecd-ebe087394a07:c1169]
2019-07-08 20:09:24,237 INFO  client.GrpcClientProtocolClient (GrpcClientProtocolClient.java:onNext(255)) - client-83AFC0B42279->fd4515e9-84f2-4741-b1f5-a9247145a2ac: receive RaftClientReply:client-83AFC0B42279->fd4515e9-84f2-4741-b1f5-a9247145a2ac@group-E2152A48AE85, cid=907, SUCCESS, logIndex=1176, commits[fd4515e9-84f2-4741-b1f5-a9247145a2ac:c1177, 2e3e112c-ad01-4834-a07e-d6d8a7947632:c1171, dfee02f7-0d20-4e08-8ecd-ebe087394a07:c1175]
2019-07-08 20:09:24,237 INFO  client.GrpcClientProtocolClient (GrpcClientProtocolClient.java:onNext(255)) - client-83AFC0B42279->fd4515e9-84f2-4741-b1f5-a9247145a2ac: receive RaftClientReply:client-83AFC0B42279->fd4515e9-84f2-4741-b1f5-a9247145a2ac@group-E2152A48AE85, cid=908, SUCCESS, logIndex=1177, commits[fd4515e9-84f2-4741-b1f5-a9247145a2ac:c1177, 2e3e112c-ad01-4834-a07e-d6d8a7947632:c1175, dfee02f7-0d20-4e08-8ecd-ebe087394a07:c1175]
2019-07-08 20:09:24,248 INFO  client.GrpcClientProtocolClient (GrpcClientProtocolClient.java:onNext(255)) - client-83AFC0B42279->fd4515e9-84f2-4741-b1f5-a9247145a2ac: receive RaftClientReply:client-83AFC0B42279->fd4515e9-84f2-4741-b1f5-a9247145a2ac@group-E2152A48AE85, cid=909, SUCCESS, logIndex=1180, commits[fd4515e9-84f2-4741-b1f5-a9247145a2ac:c1181, 2e3e112c-ad01-4834-a07e-d6d8a7947632:c1177, dfee02f7-0d20-4e08-8ecd-ebe087394a07:c1179]
2019-07-08 20:09:24,248 INFO  client.GrpcClientProtocolClient (GrpcClientProtocolClient.java:onNext(255)) - client-83AFC0B42279->fd4515e9-84f2-4741-b1f5-a9247145a2ac: receive RaftClientReply:client-83AFC0B42279->fd4515e9-84f2-4741-b1f5-a9247145a2ac@group-E2152A48AE85, cid=910, SUCCESS, logIndex=1181, commits[fd4515e9-84f2-4741-b1f5-a9247145a2ac:c1181, 2e3e112c-ad01-4834-a07e-d6d8a7947632:c1179, dfee02f7-0d20-4e08-8ecd-ebe087394a07:c1179]
2019-07-08 20:09:24,251 INFO  client.GrpcClientProtocolClient (GrpcClientProtocolClient.java:onNext(255)) - client-83AFC0B42279->fd4515e9-84f2-4741-b1f5-a9247145a2ac: receive RaftClientReply:client-83AFC0B42279->fd4515e9-84f2-4741-b1f5-a9247145a2ac@group-E2152A48AE85, cid=911, SUCCESS, logIndex=0, commits[fd4515e9-84f2-4741-b1f5-a9247145a2ac:c1182, 2e3e112c-ad01-4834-a07e-d6d8a7947632:c1181, dfee02f7-0d20-4e08-8ecd-ebe087394a07:c1181]
2019-07-08 20:09:24,274 INFO  client.GrpcClientProtocolClient (GrpcClientProtocolClient.java:onNext(255)) - client-83AFC0B42279->fd4515e9-84f2-4741-b1f5-a9247145a2ac: receive RaftClientReply:client-83AFC0B42279->fd4515e9-84f2-4741-b1f5-a9247145a2ac@group-E2152A48AE85, cid=912, SUCCESS, logIndex=1184, commits[fd4515e9-84f2-4741-b1f5-a9247145a2ac:c1185, 2e3e112c-ad01-4834-a07e-d6d8a7947632:c1183, dfee02f7-0d20-4e08-8ecd-ebe087394a07:c1183]
2019-07-08 20:09:24,275 INFO  client.GrpcClientProtocolClient (GrpcClientProtocolClient.java:onNext(255)) - client-83AFC0B42279->fd4515e9-84f2-4741-b1f5-a9247145a2ac: receive RaftClientReply:client-83AFC0B42279->fd4515e9-84f2-4741-b1f5-a9247145a2ac@group-E2152A48AE85, cid=913, SUCCESS, logIndex=1185, commits[fd4515e9-84f2-4741-b1f5-a9247145a2ac:c1185, 2e3e112c-ad01-4834-a07e-d6d8a7947632:c1183, dfee02f7-0d20-4e08-8ecd-ebe087394a07:c1183]
2019-07-08 20:09:24,275 INFO  client.GrpcClientProtocolClient (GrpcClientProtocolClient.java:onNext(255)) - client-83AFC0B42279->fd4515e9-84f2-4741-b1f5-a9247145a2ac: receive RaftClientReply:client-83AFC0B42279->fd4515e9-84f2-4741-b1f5-a9247145a2ac@group-E2152A48AE85, cid=914, SUCCESS, logIndex=1186, commits[fd4515e9-84f2-4741-b1f5-a9247145a2ac:c1187, 2e3e112c-ad01-4834-a07e-d6d8a7947632:c1183, dfee02f7-0d20-4e08-8ecd-ebe087394a07:c1183]
2019-07-08 20:09:24,275 INFO  client.GrpcClientProtocolClient (GrpcClientProtocolClient.java:onNext(255)) - client-83AFC0B42279->fd4515e9-84f2-4741-b1f5-a9247145a2ac: receive RaftClientReply:client-83AFC0B42279->fd4515e9-84f2-4741-b1f5-a9247145a2ac@group-E2152A48AE85, cid=915, SUCCESS, logIndex=1187, commits[fd4515e9-84f2-4741-b1f5-a9247145a2ac:c1187, 2e3e112c-ad01-4834-a07e-d6d8a7947632:c1183, dfee02f7-0d20-4e08-8ecd-ebe087394a07:c1183]
2019-07-08 20:09:24,278 INFO  client.GrpcClientProtocolClient (GrpcClientProtocolClient.java:onNext(255)) - client-83AFC0B42279->fd4515e9-84f2-4741-b1f5-a9247145a2ac: receive RaftClientReply:client-83AFC0B42279->fd4515e9-84f2-4741-b1f5-a9247145a2ac@group-E2152A48AE85, cid=916, SUCCESS, logIndex=0, commits[fd4515e9-84f2-4741-b1f5-a9247145a2ac:c1189, 2e3e112c-ad01-4834-a07e-d6d8a7947632:c1185, dfee02f7-0d20-4e08-8ecd-ebe087394a07:c1185]
2019-07-08 20:09:24,297 INFO  client.GrpcClientProtocolClient (GrpcClientProtocolClient.java:onNext(255)) - client-83AFC0B42279->fd4515e9-84f2-4741-b1f5-a9247145a2ac: receive RaftClientReply:client-83AFC0B42279->fd4515e9-84f2-4741-b1f5-a9247145a2ac@group-E2152A48AE85, cid=917, SUCCESS, logIndex=1192, commits[fd4515e9-84f2-4741-b1f5-a9247145a2ac:c1193, 2e3e112c-ad01-4834-a07e-d6d8a7947632:c1191, dfee02f7-0d20-4e08-8ecd-ebe087394a07:c1191]
2019-07-08 20:09:24,298 INFO  client.GrpcClientProtocolClient (GrpcClientProtocolClient.java:onNext(255)) - client-83AFC0B42279->fd4515e9-84f2-4741-b1f5-a9247145a2ac: receive RaftClientReply:client-83AFC0B42279->fd4515e9-84f2-4741-b1f5-a9247145a2ac@group-E2152A48AE85, cid=918, SUCCESS, logIndex=1193, commits[fd4515e9-84f2-4741-b1f5-a9247145a2ac:c1193, 2e3e112c-ad01-4834-a07e-d6d8a7947632:c1191, dfee02f7-0d20-4e08-8ecd-ebe087394a07:c1191]
2019-07-08 20:09:24,310 INFO  client.GrpcClientProtocolClient (GrpcClientProtocolClient.java:onNext(255)) - client-83AFC0B42279->fd4515e9-84f2-4741-b1f5-a9247145a2ac: receive RaftClientReply:client-83AFC0B42279->fd4515e9-84f2-4741-b1f5-a9247145a2ac@group-E2152A48AE85, cid=919, SUCCESS, logIndex=1196, commits[fd4515e9-84f2-4741-b1f5-a9247145a2ac:c1197, 2e3e112c-ad01-4834-a07e-d6d8a7947632:c1193, dfee02f7-0d20-4e08-8ecd-ebe087394a07:c1193]
2019-07-08 20:09:24,311 INFO  client.GrpcClientProtocolClient (GrpcClientProtocolClient.java:onNext(255)) - client-83AFC0B42279->fd4515e9-84f2-4741-b1f5-a9247145a2ac: receive RaftClientReply:client-83AFC0B42279->fd4515e9-84f2-4741-b1f5-a9247145a2ac@group-E2152A48AE85, cid=920, SUCCESS, logIndex=1197, commits[fd4515e9-84f2-4741-b1f5-a9247145a2ac:c1197, 2e3e112c-ad01-4834-a07e-d6d8a7947632:c1193, dfee02f7-0d20-4e08-8ecd-ebe087394a07:c1193]
2019-07-08 20:09:24,324 INFO  client.GrpcClientProtocolClient (GrpcClientProtocolClient.java:onNext(255)) - client-83AFC0B42279->fd4515e9-84f2-4741-b1f5-a9247145a2ac: receive RaftClientReply:client-83AFC0B42279->fd4515e9-84f2-4741-b1f5-a9247145a2ac@group-E2152A48AE85, cid=921, SUCCESS, logIndex=0, commits[fd4515e9-84f2-4741-b1f5-a9247145a2ac:c1199, 2e3e112c-ad01-4834-a07e-d6d8a7947632:c1197, dfee02f7-0d20-4e08-8ecd-ebe087394a07:c1197]
2019-07-08 20:09:24,438 INFO  client.GrpcClientProtocolClient (GrpcClientProtocolClient.java:onNext(255)) - client-83AFC0B42279->fd4515e9-84f2-4741-b1f5-a9247145a2ac: receive RaftClientReply:client-83AFC0B42279->fd4515e9-84f2-4741-b1f5-a9247145a2ac@group-E2152A48AE85, cid=922, SUCCESS, logIndex=1200, commits[fd4515e9-84f2-4741-b1f5-a9247145a2ac:c1201, 2e3e112c-ad01-4834-a07e-d6d8a7947632:c1199, dfee02f7-0d20-4e08-8ecd-ebe087394a07:c1199]
2019-07-08 20:09:24,440 INFO  client.GrpcClientProtocolClient (GrpcClientProtocolClient.java:onNext(255)) - client-83AFC0B42279->fd4515e9-84f2-4741-b1f5-a9247145a2ac: receive RaftClientReply:client-83AFC0B42279->fd4515e9-84f2-4741-b1f5-a9247145a2ac@group-E2152A48AE85, cid=923, SUCCESS, logIndex=1201, commits[fd4515e9-84f2-4741-b1f5-a9247145a2ac:c1201, 2e3e112c-ad01-4834-a07e-d6d8a7947632:c1199, dfee02f7-0d20-4e08-8ecd-ebe087394a07:c1199]
2019-07-08 20:09:24,440 INFO  client.GrpcClientProtocolClient (GrpcClientProtocolClient.java:onNext(255)) - client-83AFC0B42279->fd4515e9-84f2-4741-b1f5-a9247145a2ac: receive RaftClientReply:client-83AFC0B42279->fd4515e9-84f2-4741-b1f5-a9247145a2ac@group-E2152A48AE85, cid=924, SUCCESS, logIndex=1202, commits[fd4515e9-84f2-4741-b1f5-a9247145a2ac:c1203, 2e3e112c-ad01-4834-a07e-d6d8a7947632:c1199, dfee02f7-0d20-4e08-8ecd-ebe087394a07:c1199]
2019-07-08 20:09:24,440 INFO  client.GrpcClientProtocolClient (GrpcClientProtocolClient.java:onNext(255)) - client-83AFC0B42279->fd4515e9-84f2-4741-b1f5-a9247145a2ac: receive RaftClientReply:client-83AFC0B42279->fd4515e9-84f2-4741-b1f5-a9247145a2ac@group-E2152A48AE85, cid=925, SUCCESS, logIndex=1203, commits[fd4515e9-84f2-4741-b1f5-a9247145a2ac:c1203, 2e3e112c-ad01-4834-a07e-d6d8a7947632:c1199, dfee02f7-0d20-4e08-8ecd-ebe087394a07:c1199]
2019-07-08 20:09:24,452 INFO  client.GrpcClientProtocolClient (GrpcClientProtocolClient.java:onNext(255)) - client-83AFC0B42279->fd4515e9-84f2-4741-b1f5-a9247145a2ac: receive RaftClientReply:client-83AFC0B42279->fd4515e9-84f2-4741-b1f5-a9247145a2ac@group-E2152A48AE85, cid=926, SUCCESS, logIndex=0, commits[fd4515e9-84f2-4741-b1f5-a9247145a2ac:c1206, 2e3e112c-ad01-4834-a07e-d6d8a7947632:c1201, dfee02f7-0d20-4e08-8ecd-ebe087394a07:c1203]
2019-07-08 20:09:24,473 INFO  client.GrpcClientProtocolClient (GrpcClientProtocolClient.java:onNext(255)) - client-83AFC0B42279->fd4515e9-84f2-4741-b1f5-a9247145a2ac: receive RaftClientReply:client-83AFC0B42279->fd4515e9-84f2-4741-b1f5-a9247145a2ac@group-E2152A48AE85, cid=927, SUCCESS, logIndex=1208, commits[fd4515e9-84f2-4741-b1f5-a9247145a2ac:c1209, 2e3e112c-ad01-4834-a07e-d6d8a7947632:c1207, dfee02f7-0d20-4e08-8ecd-ebe087394a07:c1207]
2019-07-08 20:09:24,473 INFO  client.GrpcClientProtocolClient (GrpcClientProtocolClient.java:onNext(255)) - client-83AFC0B42279->fd4515e9-84f2-4741-b1f5-a9247145a2ac: receive RaftClientReply:client-83AFC0B42279->fd4515e9-84f2-4741-b1f5-a9247145a2ac@group-E2152A48AE85, cid=928, SUCCESS, logIndex=1209, commits[fd4515e9-84f2-4741-b1f5-a9247145a2ac:c1209, 2e3e112c-ad01-4834-a07e-d6d8a7947632:c1207, dfee02f7-0d20-4e08-8ecd-ebe087394a07:c1207]
2019-07-08 20:09:24,496 INFO  client.GrpcClientProtocolClient (GrpcClientProtocolClient.java:onNext(255)) - client-83AFC0B42279->fd4515e9-84f2-4741-b1f5-a9247145a2ac: receive RaftClientReply:client-83AFC0B42279->fd4515e9-84f2-4741-b1f5-a9247145a2ac@group-E2152A48AE85, cid=929, SUCCESS, logIndex=1212, commits[fd4515e9-84f2-4741-b1f5-a9247145a2ac:c1213, 2e3e112c-ad01-4834-a07e-d6d8a7947632:c1208, dfee02f7-0d20-4e08-8ecd-ebe087394a07:c1209]
2019-07-08 20:09:24,497 INFO  client.GrpcClientProtocolClient (GrpcClientProtocolClient.java:onNext(255)) - client-83AFC0B42279->fd4515e9-84f2-4741-b1f5-a9247145a2ac: receive RaftClientReply:client-83AFC0B42279->fd4515e9-84f2-4741-b1f5-a9247145a2ac@group-E2152A48AE85, cid=930, SUCCESS, logIndex=1213, commits[fd4515e9-84f2-4741-b1f5-a9247145a2ac:c1213, 2e3e112c-ad01-4834-a07e-d6d8a7947632:c1209, dfee02f7-0d20-4e08-8ecd-ebe087394a07:c1209]
2019-07-08 20:09:24,508 INFO  client.GrpcClientProtocolClient (GrpcClientProtocolClient.java:onNext(255)) - client-83AFC0B42279->fd4515e9-84f2-4741-b1f5-a9247145a2ac: receive RaftClientReply:client-83AFC0B42279->fd4515e9-84f2-4741-b1f5-a9247145a2ac@group-E2152A48AE85, cid=931, SUCCESS, logIndex=0, commits[fd4515e9-84f2-4741-b1f5-a9247145a2ac:c1214, 2e3e112c-ad01-4834-a07e-d6d8a7947632:c1213, dfee02f7-0d20-4e08-8ecd-ebe087394a07:c1213]
2019-07-08 20:09:24,532 INFO  client.GrpcClientProtocolClient (GrpcClientProtocolClient.java:onNext(255)) - client-83AFC0B42279->fd4515e9-84f2-4741-b1f5-a9247145a2ac: receive RaftClientReply:client-83AFC0B42279->fd4515e9-84f2-4741-b1f5-a9247145a2ac@group-E2152A48AE85, cid=932, SUCCESS, logIndex=1216, commits[fd4515e9-84f2-4741-b1f5-a9247145a2ac:c1217, 2e3e112c-ad01-4834-a07e-d6d8a7947632:c1213, dfee02f7-0d20-4e08-8ecd-ebe087394a07:c1215]
2019-07-08 20:09:24,533 INFO  client.GrpcClientProtocolClient (GrpcClientProtocolClient.java:onNext(255)) - client-83AFC0B42279->fd4515e9-84f2-4741-b1f5-a9247145a2ac: receive RaftClientReply:client-83AFC0B42279->fd4515e9-84f2-4741-b1f5-a9247145a2ac@group-E2152A48AE85, cid=933, SUCCESS, logIndex=1217, commits[fd4515e9-84f2-4741-b1f5-a9247145a2ac:c1218, 2e3e112c-ad01-4834-a07e-d6d8a7947632:c1215, dfee02f7-0d20-4e08-8ecd-ebe087394a07:c1215]
2019-07-08 20:09:24,533 INFO  client.GrpcClientProtocolClient (GrpcClientProtocolClient.java:onNext(255)) - client-83AFC0B42279->fd4515e9-84f2-4741-b1f5-a9247145a2ac: receive RaftClientReply:client-83AFC0B42279->fd4515e9-84f2-4741-b1f5-a9247145a2ac@group-E2152A48AE85, cid=934, SUCCESS, logIndex=1218, commits[fd4515e9-84f2-4741-b1f5-a9247145a2ac:c1218, 2e3e112c-ad01-4834-a07e-d6d8a7947632:c1215, dfee02f7-0d20-4e08-8ecd-ebe087394a07:c1215]
2019-07-08 20:09:24,534 INFO  client.GrpcClientProtocolClient (GrpcClientProtocolClient.java:onNext(255)) - client-83AFC0B42279->fd4515e9-84f2-4741-b1f5-a9247145a2ac: receive RaftClientReply:client-83AFC0B42279->fd4515e9-84f2-4741-b1f5-a9247145a2ac@group-E2152A48AE85, cid=935, SUCCESS, logIndex=1219, commits[fd4515e9-84f2-4741-b1f5-a9247145a2ac:c1219, 2e3e112c-ad01-4834-a07e-d6d8a7947632:c1215, dfee02f7-0d20-4e08-8ecd-ebe087394a07:c1215]
2019-07-08 20:09:24,535 INFO  client.GrpcClientProtocolClient (GrpcClientProtocolClient.java:onNext(255)) - client-83AFC0B42279->fd4515e9-84f2-4741-b1f5-a9247145a2ac: receive RaftClientReply:client-83AFC0B42279->fd4515e9-84f2-4741-b1f5-a9247145a2ac@group-E2152A48AE85, cid=936, SUCCESS, logIndex=0, commits[fd4515e9-84f2-4741-b1f5-a9247145a2ac:c1221, 2e3e112c-ad01-4834-a07e-d6d8a7947632:c1217, dfee02f7-0d20-4e08-8ecd-ebe087394a07:c1217]
2019-07-08 20:09:24,556 INFO  client.GrpcClientProtocolClient (GrpcClientProtocolClient.java:onNext(255)) - client-83AFC0B42279->fd4515e9-84f2-4741-b1f5-a9247145a2ac: receive RaftClientReply:client-83AFC0B42279->fd4515e9-84f2-4741-b1f5-a9247145a2ac@group-E2152A48AE85, cid=937, SUCCESS, logIndex=1224, commits[fd4515e9-84f2-4741-b1f5-a9247145a2ac:c1225, 2e3e112c-ad01-4834-a07e-d6d8a7947632:c1223, dfee02f7-0d20-4e08-8ecd-ebe087394a07:c1223]
2019-07-08 20:09:24,556 INFO  client.GrpcClientProtocolClient (GrpcClientProtocolClient.java:onNext(255)) - client-83AFC0B42279->fd4515e9-84f2-4741-b1f5-a9247145a2ac: receive RaftClientReply:client-83AFC0B42279->fd4515e9-84f2-4741-b1f5-a9247145a2ac@group-E2152A48AE85, cid=938, SUCCESS, logIndex=1225, commits[fd4515e9-84f2-4741-b1f5-a9247145a2ac:c1225, 2e3e112c-ad01-4834-a07e-d6d8a7947632:c1223, dfee02f7-0d20-4e08-8ecd-ebe087394a07:c1223]
2019-07-08 20:09:24,573 INFO  client.GrpcClientProtocolClient (GrpcClientProtocolClient.java:onNext(255)) - client-83AFC0B42279->fd4515e9-84f2-4741-b1f5-a9247145a2ac: receive RaftClientReply:client-83AFC0B42279->fd4515e9-84f2-4741-b1f5-a9247145a2ac@group-E2152A48AE85, cid=939, SUCCESS, logIndex=1228, commits[fd4515e9-84f2-4741-b1f5-a9247145a2ac:c1229, 2e3e112c-ad01-4834-a07e-d6d8a7947632:c1225, dfee02f7-0d20-4e08-8ecd-ebe087394a07:c1225]
2019-07-08 20:09:24,574 INFO  client.GrpcClientProtocolClient (GrpcClientProtocolClient.java:onNext(255)) - client-83AFC0B42279->fd4515e9-84f2-4741-b1f5-a9247145a2ac: receive RaftClientReply:client-83AFC0B42279->fd4515e9-84f2-4741-b1f5-a9247145a2ac@group-E2152A48AE85, cid=940, SUCCESS, logIndex=1229, commits[fd4515e9-84f2-4741-b1f5-a9247145a2ac:c1229, 2e3e112c-ad01-4834-a07e-d6d8a7947632:c1225, dfee02f7-0d20-4e08-8ecd-ebe087394a07:c1225]
2019-07-08 20:09:24,585 INFO  client.GrpcClientProtocolClient (GrpcClientProtocolClient.java:onNext(255)) - client-83AFC0B42279->fd4515e9-84f2-4741-b1f5-a9247145a2ac: receive RaftClientReply:client-83AFC0B42279->fd4515e9-84f2-4741-b1f5-a9247145a2ac@group-E2152A48AE85, cid=941, SUCCESS, logIndex=0, commits[fd4515e9-84f2-4741-b1f5-a9247145a2ac:c1230, 2e3e112c-ad01-4834-a07e-d6d8a7947632:c1229, dfee02f7-0d20-4e08-8ecd-ebe087394a07:c1229]
2019-07-08 20:09:24,605 INFO  client.GrpcClientProtocolClient (GrpcClientProtocolClient.java:onNext(255)) - client-83AFC0B42279->fd4515e9-84f2-4741-b1f5-a9247145a2ac: receive RaftClientReply:client-83AFC0B42279->fd4515e9-84f2-4741-b1f5-a9247145a2ac@group-E2152A48AE85, cid=942, SUCCESS, logIndex=1232, commits[fd4515e9-84f2-4741-b1f5-a9247145a2ac:c1233, 2e3e112c-ad01-4834-a07e-d6d8a7947632:c1231, dfee02f7-0d20-4e08-8ecd-ebe087394a07:c1231]
2019-07-08 20:09:24,606 INFO  client.GrpcClientProtocolClient (GrpcClientProtocolClient.java:onNext(255)) - client-83AFC0B42279->fd4515e9-84f2-4741-b1f5-a9247145a2ac: receive RaftClientReply:client-83AFC0B42279->fd4515e9-84f2-4741-b1f5-a9247145a2ac@group-E2152A48AE85, cid=943, SUCCESS, logIndex=1233, commits[fd4515e9-84f2-4741-b1f5-a9247145a2ac:c1233, 2e3e112c-ad01-4834-a07e-d6d8a7947632:c1231, dfee02f7-0d20-4e08-8ecd-ebe087394a07:c1231]
2019-07-08 20:09:24,606 INFO  client.GrpcClientProtocolClient (GrpcClientProtocolClient.java:onNext(255)) - client-83AFC0B42279->fd4515e9-84f2-4741-b1f5-a9247145a2ac: receive RaftClientReply:client-83AFC0B42279->fd4515e9-84f2-4741-b1f5-a9247145a2ac@group-E2152A48AE85, cid=944, SUCCESS, logIndex=1234, commits[fd4515e9-84f2-4741-b1f5-a9247145a2ac:c1235, 2e3e112c-ad01-4834-a07e-d6d8a7947632:c1231, dfee02f7-0d20-4e08-8ecd-ebe087394a07:c1231]
2019-07-08 20:09:24,607 INFO  client.GrpcClientProtocolClient (GrpcClientProtocolClient.java:onNext(255)) - client-83AFC0B42279->fd4515e9-84f2-4741-b1f5-a9247145a2ac: receive RaftClientReply:client-83AFC0B42279->fd4515e9-84f2-4741-b1f5-a9247145a2ac@group-E2152A48AE85, cid=945, SUCCESS, logIndex=1235, commits[fd4515e9-84f2-4741-b1f5-a9247145a2ac:c1235, 2e3e112c-ad01-4834-a07e-d6d8a7947632:c1231, dfee02f7-0d20-4e08-8ecd-ebe087394a07:c1231]
2019-07-08 20:09:24,608 INFO  client.GrpcClientProtocolClient (GrpcClientProtocolClient.java:onNext(255)) - client-83AFC0B42279->fd4515e9-84f2-4741-b1f5-a9247145a2ac: receive RaftClientReply:client-83AFC0B42279->fd4515e9-84f2-4741-b1f5-a9247145a2ac@group-E2152A48AE85, cid=946, SUCCESS, logIndex=0, commits[fd4515e9-84f2-4741-b1f5-a9247145a2ac:c1238, 2e3e112c-ad01-4834-a07e-d6d8a7947632:c1234, dfee02f7-0d20-4e08-8ecd-ebe087394a07:c1233]
2019-07-08 20:09:24,637 INFO  client.GrpcClientProtocolClient (GrpcClientProtocolClient.java:onNext(255)) - client-83AFC0B42279->fd4515e9-84f2-4741-b1f5-a9247145a2ac: receive RaftClientReply:client-83AFC0B42279->fd4515e9-84f2-4741-b1f5-a9247145a2ac@group-E2152A48AE85, cid=947, SUCCESS, logIndex=1240, commits[fd4515e9-84f2-4741-b1f5-a9247145a2ac:c1241, 2e3e112c-ad01-4834-a07e-d6d8a7947632:c1239, dfee02f7-0d20-4e08-8ecd-ebe087394a07:c1239]
2019-07-08 20:09:24,638 INFO  client.GrpcClientProtocolClient (GrpcClientProtocolClient.java:onNext(255)) - client-83AFC0B42279->fd4515e9-84f2-4741-b1f5-a9247145a2ac: receive RaftClientReply:client-83AFC0B42279->fd4515e9-84f2-4741-b1f5-a9247145a2ac@group-E2152A48AE85, cid=948, SUCCESS, logIndex=1241, commits[fd4515e9-84f2-4741-b1f5-a9247145a2ac:c1241, 2e3e112c-ad01-4834-a07e-d6d8a7947632:c1239, dfee02f7-0d20-4e08-8ecd-ebe087394a07:c1239]
2019-07-08 20:09:24,651 INFO  client.GrpcClientProtocolClient (GrpcClientProtocolClient.java:onNext(255)) - client-83AFC0B42279->fd4515e9-84f2-4741-b1f5-a9247145a2ac: receive RaftClientReply:client-83AFC0B42279->fd4515e9-84f2-4741-b1f5-a9247145a2ac@group-E2152A48AE85, cid=949, SUCCESS, logIndex=1244, commits[fd4515e9-84f2-4741-b1f5-a9247145a2ac:c1245, 2e3e112c-ad01-4834-a07e-d6d8a7947632:c1241, dfee02f7-0d20-4e08-8ecd-ebe087394a07:c1240]
2019-07-08 20:09:24,652 INFO  client.GrpcClientProtocolClient (GrpcClientProtocolClient.java:onNext(255)) - client-83AFC0B42279->fd4515e9-84f2-4741-b1f5-a9247145a2ac: receive RaftClientReply:client-83AFC0B42279->fd4515e9-84f2-4741-b1f5-a9247145a2ac@group-E2152A48AE85, cid=950, SUCCESS, logIndex=1245, commits[fd4515e9-84f2-4741-b1f5-a9247145a2ac:c1245, 2e3e112c-ad01-4834-a07e-d6d8a7947632:c1241, dfee02f7-0d20-4e08-8ecd-ebe087394a07:c1240]
2019-07-08 20:09:24,663 INFO  client.GrpcClientProtocolClient (GrpcClientProtocolClient.java:onNext(255)) - client-83AFC0B42279->fd4515e9-84f2-4741-b1f5-a9247145a2ac: receive RaftClientReply:client-83AFC0B42279->fd4515e9-84f2-4741-b1f5-a9247145a2ac@group-E2152A48AE85, cid=951, SUCCESS, logIndex=0, commits[fd4515e9-84f2-4741-b1f5-a9247145a2ac:c1245, 2e3e112c-ad01-4834-a07e-d6d8a7947632:c1241, dfee02f7-0d20-4e08-8ecd-ebe087394a07:c1241]
2019-07-08 20:09:24,665 INFO  client.GrpcClientProtocolClient (GrpcClientProtocolClient.java:onNext(255)) - client-83AFC0B42279->fd4515e9-84f2-4741-b1f5-a9247145a2ac: receive RaftClientReply:client-83AFC0B42279->fd4515e9-84f2-4741-b1f5-a9247145a2ac@group-E2152A48AE85, cid=952, SUCCESS, logIndex=0, commits[fd4515e9-84f2-4741-b1f5-a9247145a2ac:c1247, 2e3e112c-ad01-4834-a07e-d6d8a7947632:c1245, dfee02f7-0d20-4e08-8ecd-ebe087394a07:c1245]
2019-07-08 20:09:24,686 INFO  client.GrpcClientProtocolClient (GrpcClientProtocolClient.java:onNext(255)) - client-83AFC0B42279->fd4515e9-84f2-4741-b1f5-a9247145a2ac: receive RaftClientReply:client-83AFC0B42279->fd4515e9-84f2-4741-b1f5-a9247145a2ac@group-E2152A48AE85, cid=953, SUCCESS, logIndex=1248, commits[fd4515e9-84f2-4741-b1f5-a9247145a2ac:c1249, 2e3e112c-ad01-4834-a07e-d6d8a7947632:c1247, dfee02f7-0d20-4e08-8ecd-ebe087394a07:c1247]
2019-07-08 20:09:24,687 INFO  client.GrpcClientProtocolClient (GrpcClientProtocolClient.java:onNext(255)) - client-83AFC0B42279->fd4515e9-84f2-4741-b1f5-a9247145a2ac: receive RaftClientReply:client-83AFC0B42279->fd4515e9-84f2-4741-b1f5-a9247145a2ac@group-E2152A48AE85, cid=954, SUCCESS, logIndex=1249, commits[fd4515e9-84f2-4741-b1f5-a9247145a2ac:c1249, 2e3e112c-ad01-4834-a07e-d6d8a7947632:c1247, dfee02f7-0d20-4e08-8ecd-ebe087394a07:c1247]
2019-07-08 20:09:24,698 INFO  client.GrpcClientProtocolClient (GrpcClientProtocolClient.java:onNext(255)) - client-83AFC0B42279->fd4515e9-84f2-4741-b1f5-a9247145a2ac: receive RaftClientReply:client-83AFC0B42279->fd4515e9-84f2-4741-b1f5-a9247145a2ac@group-E2152A48AE85, cid=955, SUCCESS, logIndex=1250, commits[fd4515e9-84f2-4741-b1f5-a9247145a2ac:c1251, 2e3e112c-ad01-4834-a07e-d6d8a7947632:c1247, dfee02f7-0d20-4e08-8ecd-ebe087394a07:c1247]
2019-07-08 20:09:24,698 INFO  client.GrpcClientProtocolClient (GrpcClientProtocolClient.java:onNext(255)) - client-83AFC0B42279->fd4515e9-84f2-4741-b1f5-a9247145a2ac: receive RaftClientReply:client-83AFC0B42279->fd4515e9-84f2-4741-b1f5-a9247145a2ac@group-E2152A48AE85, cid=956, SUCCESS, logIndex=1251, commits[fd4515e9-84f2-4741-b1f5-a9247145a2ac:c1252, 2e3e112c-ad01-4834-a07e-d6d8a7947632:c1247, dfee02f7-0d20-4e08-8ecd-ebe087394a07:c1249]
2019-07-08 20:09:24,700 INFO  client.GrpcClientProtocolClient (GrpcClientProtocolClient.java:onNext(255)) - client-83AFC0B42279->fd4515e9-84f2-4741-b1f5-a9247145a2ac: receive RaftClientReply:client-83AFC0B42279->fd4515e9-84f2-4741-b1f5-a9247145a2ac@group-E2152A48AE85, cid=957, SUCCESS, logIndex=0, commits[fd4515e9-84f2-4741-b1f5-a9247145a2ac:c1255, 2e3e112c-ad01-4834-a07e-d6d8a7947632:c1249, dfee02f7-0d20-4e08-8ecd-ebe087394a07:c1251]
2019-07-08 20:09:24,720 INFO  client.GrpcClientProtocolClient (GrpcClientProtocolClient.java:onNext(255)) - client-83AFC0B42279->fd4515e9-84f2-4741-b1f5-a9247145a2ac: receive RaftClientReply:client-83AFC0B42279->fd4515e9-84f2-4741-b1f5-a9247145a2ac@group-E2152A48AE85, cid=958, SUCCESS, logIndex=1256, commits[fd4515e9-84f2-4741-b1f5-a9247145a2ac:c1257, 2e3e112c-ad01-4834-a07e-d6d8a7947632:c1255, dfee02f7-0d20-4e08-8ecd-ebe087394a07:c1255]
2019-07-08 20:09:24,720 INFO  client.GrpcClientProtocolClient (GrpcClientProtocolClient.java:onNext(255)) - client-83AFC0B42279->fd4515e9-84f2-4741-b1f5-a9247145a2ac: receive RaftClientReply:client-83AFC0B42279->fd4515e9-84f2-4741-b1f5-a9247145a2ac@group-E2152A48AE85, cid=959, SUCCESS, logIndex=1257, commits[fd4515e9-84f2-4741-b1f5-a9247145a2ac:c1257, 2e3e112c-ad01-4834-a07e-d6d8a7947632:c1255, dfee02f7-0d20-4e08-8ecd-ebe087394a07:c1255]
2019-07-08 20:09:24,734 INFO  client.GrpcClientProtocolClient (GrpcClientProtocolClient.java:onNext(255)) - client-83AFC0B42279->fd4515e9-84f2-4741-b1f5-a9247145a2ac: receive RaftClientReply:client-83AFC0B42279->fd4515e9-84f2-4741-b1f5-a9247145a2ac@group-E2152A48AE85, cid=960, SUCCESS, logIndex=1260, commits[fd4515e9-84f2-4741-b1f5-a9247145a2ac:c1261, 2e3e112c-ad01-4834-a07e-d6d8a7947632:c1257, dfee02f7-0d20-4e08-8ecd-ebe087394a07:c1257]
2019-07-08 20:09:24,734 INFO  client.GrpcClientProtocolClient (GrpcClientProtocolClient.java:onNext(255)) - client-83AFC0B42279->fd4515e9-84f2-4741-b1f5-a9247145a2ac: receive RaftClientReply:client-83AFC0B42279->fd4515e9-84f2-4741-b1f5-a9247145a2ac@group-E2152A48AE85, cid=961, SUCCESS, logIndex=1261, commits[fd4515e9-84f2-4741-b1f5-a9247145a2ac:c1261, 2e3e112c-ad01-4834-a07e-d6d8a7947632:c1257, dfee02f7-0d20-4e08-8ecd-ebe087394a07:c1257]
2019-07-08 20:09:24,738 INFO  client.GrpcClientProtocolClient (GrpcClientProtocolClient.java:onNext(255)) - client-83AFC0B42279->fd4515e9-84f2-4741-b1f5-a9247145a2ac: receive RaftClientReply:client-83AFC0B42279->fd4515e9-84f2-4741-b1f5-a9247145a2ac@group-E2152A48AE85, cid=962, SUCCESS, logIndex=0, commits[fd4515e9-84f2-4741-b1f5-a9247145a2ac:c1263, 2e3e112c-ad01-4834-a07e-d6d8a7947632:c1261, dfee02f7-0d20-4e08-8ecd-ebe087394a07:c1261]
2019-07-08 20:09:24,750 INFO  client.GrpcClientProtocolClient (GrpcClientProtocolClient.java:onNext(255)) - client-83AFC0B42279->fd4515e9-84f2-4741-b1f5-a9247145a2ac: receive RaftClientReply:client-83AFC0B42279->fd4515e9-84f2-4741-b1f5-a9247145a2ac@group-E2152A48AE85, cid=963, SUCCESS, logIndex=1264, commits[fd4515e9-84f2-4741-b1f5-a9247145a2ac:c1265, 2e3e112c-ad01-4834-a07e-d6d8a7947632:c1261, dfee02f7-0d20-4e08-8ecd-ebe087394a07:c1263]
2019-07-08 20:09:24,751 INFO  client.GrpcClientProtocolClient (GrpcClientProtocolClient.java:onNext(255)) - client-83AFC0B42279->fd4515e9-84f2-4741-b1f5-a9247145a2ac: receive RaftClientReply:client-83AFC0B42279->fd4515e9-84f2-4741-b1f5-a9247145a2ac@group-E2152A48AE85, cid=964, SUCCESS, logIndex=1265, commits[fd4515e9-84f2-4741-b1f5-a9247145a2ac:c1265, 2e3e112c-ad01-4834-a07e-d6d8a7947632:c1261, dfee02f7-0d20-4e08-8ecd-ebe087394a07:c1263]
2019-07-08 20:09:24,754 INFO  client.GrpcClientProtocolClient (GrpcClientProtocolClient.java:onNext(255)) - client-83AFC0B42279->fd4515e9-84f2-4741-b1f5-a9247145a2ac: receive RaftClientReply:client-83AFC0B42279->fd4515e9-84f2-4741-b1f5-a9247145a2ac@group-E2152A48AE85, cid=965, SUCCESS, logIndex=1266, commits[fd4515e9-84f2-4741-b1f5-a9247145a2ac:c1267, 2e3e112c-ad01-4834-a07e-d6d8a7947632:c1263, dfee02f7-0d20-4e08-8ecd-ebe087394a07:c1263]
2019-07-08 20:09:24,754 INFO  client.GrpcClientProtocolClient (GrpcClientProtocolClient.java:onNext(255)) - client-83AFC0B42279->fd4515e9-84f2-4741-b1f5-a9247145a2ac: receive RaftClientReply:client-83AFC0B42279->fd4515e9-84f2-4741-b1f5-a9247145a2ac@group-E2152A48AE85, cid=966, SUCCESS, logIndex=1267, commits[fd4515e9-84f2-4741-b1f5-a9247145a2ac:c1269, 2e3e112c-ad01-4834-a07e-d6d8a7947632:c1265, dfee02f7-0d20-4e08-8ecd-ebe087394a07:c1265]
2019-07-08 20:09:24,766 INFO  client.GrpcClientProtocolClient (GrpcClientProtocolClient.java:onNext(255)) - client-83AFC0B42279->fd4515e9-84f2-4741-b1f5-a9247145a2ac: receive RaftClientReply:client-83AFC0B42279->fd4515e9-84f2-4741-b1f5-a9247145a2ac@group-E2152A48AE85, cid=967, SUCCESS, logIndex=1272, commits[fd4515e9-84f2-4741-b1f5-a9247145a2ac:c1273, 2e3e112c-ad01-4834-a07e-d6d8a7947632:c1271, dfee02f7-0d20-4e08-8ecd-ebe087394a07:c1271]
2019-07-08 20:09:24,766 INFO  client.GrpcClientProtocolClient (GrpcClientProtocolClient.java:onNext(255)) - client-83AFC0B42279->fd4515e9-84f2-4741-b1f5-a9247145a2ac: receive RaftClientReply:client-83AFC0B42279->fd4515e9-84f2-4741-b1f5-a9247145a2ac@group-E2152A48AE85, cid=968, SUCCESS, logIndex=1273, commits[fd4515e9-84f2-4741-b1f5-a9247145a2ac:c1273, 2e3e112c-ad01-4834-a07e-d6d8a7947632:c1271, dfee02f7-0d20-4e08-8ecd-ebe087394a07:c1271]
2019-07-08 20:09:24,778 INFO  client.GrpcClientProtocolClient (GrpcClientProtocolClient.java:onNext(255)) - client-83AFC0B42279->fd4515e9-84f2-4741-b1f5-a9247145a2ac: receive RaftClientReply:client-83AFC0B42279->fd4515e9-84f2-4741-b1f5-a9247145a2ac@group-E2152A48AE85, cid=969, SUCCESS, logIndex=1276, commits[fd4515e9-84f2-4741-b1f5-a9247145a2ac:c1277, 2e3e112c-ad01-4834-a07e-d6d8a7947632:c1273, dfee02f7-0d20-4e08-8ecd-ebe087394a07:c1275]
2019-07-08 20:09:24,779 INFO  client.GrpcClientProtocolClient (GrpcClientProtocolClient.java:onNext(255)) - client-83AFC0B42279->fd4515e9-84f2-4741-b1f5-a9247145a2ac: receive RaftClientReply:client-83AFC0B42279->fd4515e9-84f2-4741-b1f5-a9247145a2ac@group-E2152A48AE85, cid=970, SUCCESS, logIndex=1277, commits[fd4515e9-84f2-4741-b1f5-a9247145a2ac:c1277, 2e3e112c-ad01-4834-a07e-d6d8a7947632:c1275, dfee02f7-0d20-4e08-8ecd-ebe087394a07:c1275]
2019-07-08 20:09:24,781 INFO  client.GrpcClientProtocolClient (GrpcClientProtocolClient.java:onNext(255)) - client-83AFC0B42279->fd4515e9-84f2-4741-b1f5-a9247145a2ac: receive RaftClientReply:client-83AFC0B42279->fd4515e9-84f2-4741-b1f5-a9247145a2ac@group-E2152A48AE85, cid=971, SUCCESS, logIndex=0, commits[fd4515e9-84f2-4741-b1f5-a9247145a2ac:c1278, 2e3e112c-ad01-4834-a07e-d6d8a7947632:c1277, dfee02f7-0d20-4e08-8ecd-ebe087394a07:c1277]
2019-07-08 20:09:24,792 INFO  client.GrpcClientProtocolClient (GrpcClientProtocolClient.java:onNext(255)) - client-83AFC0B42279->fd4515e9-84f2-4741-b1f5-a9247145a2ac: receive RaftClientReply:client-83AFC0B42279->fd4515e9-84f2-4741-b1f5-a9247145a2ac@group-E2152A48AE85, cid=972, SUCCESS, logIndex=1280, commits[fd4515e9-84f2-4741-b1f5-a9247145a2ac:c1281, 2e3e112c-ad01-4834-a07e-d6d8a7947632:c1277, dfee02f7-0d20-4e08-8ecd-ebe087394a07:c1279]
2019-07-08 20:09:24,793 INFO  client.GrpcClientProtocolClient (GrpcClientProtocolClient.java:onNext(255)) - client-83AFC0B42279->fd4515e9-84f2-4741-b1f5-a9247145a2ac: receive RaftClientReply:client-83AFC0B42279->fd4515e9-84f2-4741-b1f5-a9247145a2ac@group-E2152A48AE85, cid=973, SUCCESS, logIndex=1281, commits[fd4515e9-84f2-4741-b1f5-a9247145a2ac:c1281, 2e3e112c-ad01-4834-a07e-d6d8a7947632:c1277, dfee02f7-0d20-4e08-8ecd-ebe087394a07:c1279]
2019-07-08 20:09:24,831 INFO  client.GrpcClientProtocolClient (GrpcClientProtocolClient.java:onNext(255)) - client-83AFC0B42279->fd4515e9-84f2-4741-b1f5-a9247145a2ac: receive RaftClientReply:client-83AFC0B42279->fd4515e9-84f2-4741-b1f5-a9247145a2ac@group-E2152A48AE85, cid=974, SUCCESS, logIndex=1282, commits[fd4515e9-84f2-4741-b1f5-a9247145a2ac:c1285, 2e3e112c-ad01-4834-a07e-d6d8a7947632:c1279, dfee02f7-0d20-4e08-8ecd-ebe087394a07:c1281]
2019-07-08 20:09:24,832 INFO  client.GrpcClientProtocolClient (GrpcClientProtocolClient.java:onNext(255)) - client-83AFC0B42279->fd4515e9-84f2-4741-b1f5-a9247145a2ac: receive RaftClientReply:client-83AFC0B42279->fd4515e9-84f2-4741-b1f5-a9247145a2ac@group-E2152A48AE85, cid=975, SUCCESS, logIndex=1283, commits[fd4515e9-84f2-4741-b1f5-a9247145a2ac:c1285, 2e3e112c-ad01-4834-a07e-d6d8a7947632:c1281, dfee02f7-0d20-4e08-8ecd-ebe087394a07:c1281]
2019-07-08 20:09:24,853 INFO  client.GrpcClientProtocolClient (GrpcClientProtocolClient.java:onNext(255)) - client-83AFC0B42279->fd4515e9-84f2-4741-b1f5-a9247145a2ac: receive RaftClientReply:client-83AFC0B42279->fd4515e9-84f2-4741-b1f5-a9247145a2ac@group-E2152A48AE85, cid=976, SUCCESS, logIndex=1288, commits[fd4515e9-84f2-4741-b1f5-a9247145a2ac:c1289, 2e3e112c-ad01-4834-a07e-d6d8a7947632:c1287, dfee02f7-0d20-4e08-8ecd-ebe087394a07:c1287]
2019-07-08 20:09:24,853 INFO  client.GrpcClientProtocolClient (GrpcClientProtocolClient.java:onNext(255)) - client-83AFC0B42279->fd4515e9-84f2-4741-b1f5-a9247145a2ac: receive RaftClientReply:client-83AFC0B42279->fd4515e9-84f2-4741-b1f5-a9247145a2ac@group-E2152A48AE85, cid=977, SUCCESS, logIndex=1289, commits[fd4515e9-84f2-4741-b1f5-a9247145a2ac:c1289, 2e3e112c-ad01-4834-a07e-d6d8a7947632:c1287, dfee02f7-0d20-4e08-8ecd-ebe087394a07:c1287]
2019-07-08 20:09:24,878 INFO  client.GrpcClientProtocolClient (GrpcClientProtocolClient.java:onNext(255)) - client-83AFC0B42279->fd4515e9-84f2-4741-b1f5-a9247145a2ac: receive RaftClientReply:client-83AFC0B42279->fd4515e9-84f2-4741-b1f5-a9247145a2ac@group-E2152A48AE85, cid=978, SUCCESS, logIndex=1292, commits[fd4515e9-84f2-4741-b1f5-a9247145a2ac:c1293, 2e3e112c-ad01-4834-a07e-d6d8a7947632:c1289, dfee02f7-0d20-4e08-8ecd-ebe087394a07:c1289]
2019-07-08 20:09:24,879 INFO  client.GrpcClientProtocolClient (GrpcClientProtocolClient.java:onNext(255)) - client-83AFC0B42279->fd4515e9-84f2-4741-b1f5-a9247145a2ac: receive RaftClientReply:client-83AFC0B42279->fd4515e9-84f2-4741-b1f5-a9247145a2ac@group-E2152A48AE85, cid=979, SUCCESS, logIndex=1293, commits[fd4515e9-84f2-4741-b1f5-a9247145a2ac:c1293, 2e3e112c-ad01-4834-a07e-d6d8a7947632:c1289, dfee02f7-0d20-4e08-8ecd-ebe087394a07:c1289]
2019-07-08 20:09:24,891 INFO  client.GrpcClientProtocolClient (GrpcClientProtocolClient.java:onNext(255)) - client-83AFC0B42279->fd4515e9-84f2-4741-b1f5-a9247145a2ac: receive RaftClientReply:client-83AFC0B42279->fd4515e9-84f2-4741-b1f5-a9247145a2ac@group-E2152A48AE85, cid=980, SUCCESS, logIndex=0, commits[fd4515e9-84f2-4741-b1f5-a9247145a2ac:c1294, 2e3e112c-ad01-4834-a07e-d6d8a7947632:c1293, dfee02f7-0d20-4e08-8ecd-ebe087394a07:c1293]
2019-07-08 20:09:24,913 INFO  client.GrpcClientProtocolClient (GrpcClientProtocolClient.java:onNext(255)) - client-83AFC0B42279->fd4515e9-84f2-4741-b1f5-a9247145a2ac: receive RaftClientReply:client-83AFC0B42279->fd4515e9-84f2-4741-b1f5-a9247145a2ac@group-E2152A48AE85, cid=981, SUCCESS, logIndex=1296, commits[fd4515e9-84f2-4741-b1f5-a9247145a2ac:c1297, 2e3e112c-ad01-4834-a07e-d6d8a7947632:c1295, dfee02f7-0d20-4e08-8ecd-ebe087394a07:c1295]
2019-07-08 20:09:24,913 INFO  client.GrpcClientProtocolClient (GrpcClientProtocolClient.java:onNext(255)) - client-83AFC0B42279->fd4515e9-84f2-4741-b1f5-a9247145a2ac: receive RaftClientReply:client-83AFC0B42279->fd4515e9-84f2-4741-b1f5-a9247145a2ac@group-E2152A48AE85, cid=982, SUCCESS, logIndex=1297, commits[fd4515e9-84f2-4741-b1f5-a9247145a2ac:c1298, 2e3e112c-ad01-4834-a07e-d6d8a7947632:c1295, dfee02f7-0d20-4e08-8ecd-ebe087394a07:c1295]
2019-07-08 20:09:24,914 INFO  client.GrpcClientProtocolClient (GrpcClientProtocolClient.java:onNext(255)) - client-83AFC0B42279->fd4515e9-84f2-4741-b1f5-a9247145a2ac: receive RaftClientReply:client-83AFC0B42279->fd4515e9-84f2-4741-b1f5-a9247145a2ac@group-E2152A48AE85, cid=983, SUCCESS, logIndex=1298, commits[fd4515e9-84f2-4741-b1f5-a9247145a2ac:c1299, 2e3e112c-ad01-4834-a07e-d6d8a7947632:c1295, dfee02f7-0d20-4e08-8ecd-ebe087394a07:c1295]
2019-07-08 20:09:24,914 INFO  client.GrpcClientProtocolClient (GrpcClientProtocolClient.java:onNext(255)) - client-83AFC0B42279->fd4515e9-84f2-4741-b1f5-a9247145a2ac: receive RaftClientReply:client-83AFC0B42279->fd4515e9-84f2-4741-b1f5-a9247145a2ac@group-E2152A48AE85, cid=984, SUCCESS, logIndex=1299, commits[fd4515e9-84f2-4741-b1f5-a9247145a2ac:c1299, 2e3e112c-ad01-4834-a07e-d6d8a7947632:c1295, dfee02f7-0d20-4e08-8ecd-ebe087394a07:c1295]
2019-07-08 20:09:24,916 INFO  client.GrpcClientProtocolClient (GrpcClientProtocolClient.java:onNext(255)) - client-83AFC0B42279->fd4515e9-84f2-4741-b1f5-a9247145a2ac: receive RaftClientReply:client-83AFC0B42279->fd4515e9-84f2-4741-b1f5-a9247145a2ac@group-E2152A48AE85, cid=985, SUCCESS, logIndex=0, commits[fd4515e9-84f2-4741-b1f5-a9247145a2ac:c1303, 2e3e112c-ad01-4834-a07e-d6d8a7947632:c1297, dfee02f7-0d20-4e08-8ecd-ebe087394a07:c1299]
2019-07-08 20:09:24,937 INFO  client.GrpcClientProtocolClient (GrpcClientProtocolClient.java:onNext(255)) - client-83AFC0B42279->fd4515e9-84f2-4741-b1f5-a9247145a2ac: receive RaftClientReply:client-83AFC0B42279->fd4515e9-84f2-4741-b1f5-a9247145a2ac@group-E2152A48AE85, cid=986, SUCCESS, logIndex=1304, commits[fd4515e9-84f2-4741-b1f5-a9247145a2ac:c1305, 2e3e112c-ad01-4834-a07e-d6d8a7947632:c1303, dfee02f7-0d20-4e08-8ecd-ebe087394a07:c1303]
2019-07-08 20:09:24,937 INFO  client.GrpcClientProtocolClient (GrpcClientProtocolClient.java:onNext(255)) - client-83AFC0B42279->fd4515e9-84f2-4741-b1f5-a9247145a2ac: receive RaftClientReply:client-83AFC0B42279->fd4515e9-84f2-4741-b1f5-a9247145a2ac@group-E2152A48AE85, cid=987, SUCCESS, logIndex=1305, commits[fd4515e9-84f2-4741-b1f5-a9247145a2ac:c1305, 2e3e112c-ad01-4834-a07e-d6d8a7947632:c1303, dfee02f7-0d20-4e08-8ecd-ebe087394a07:c1303]
2019-07-08 20:09:24,951 INFO  client.GrpcClientProtocolClient (GrpcClientProtocolClient.java:onNext(255)) - client-83AFC0B42279->fd4515e9-84f2-4741-b1f5-a9247145a2ac: receive RaftClientReply:client-83AFC0B42279->fd4515e9-84f2-4741-b1f5-a9247145a2ac@group-E2152A48AE85, cid=988, SUCCESS, logIndex=1308, commits[fd4515e9-84f2-4741-b1f5-a9247145a2ac:c1309, 2e3e112c-ad01-4834-a07e-d6d8a7947632:c1305, dfee02f7-0d20-4e08-8ecd-ebe087394a07:c1305]
2019-07-08 20:09:24,951 INFO  client.GrpcClientProtocolClient (GrpcClientProtocolClient.java:onNext(255)) - client-83AFC0B42279->fd4515e9-84f2-4741-b1f5-a9247145a2ac: receive RaftClientReply:client-83AFC0B42279->fd4515e9-84f2-4741-b1f5-a9247145a2ac@group-E2152A48AE85, cid=989, SUCCESS, logIndex=1309, commits[fd4515e9-84f2-4741-b1f5-a9247145a2ac:c1309, 2e3e112c-ad01-4834-a07e-d6d8a7947632:c1305, dfee02f7-0d20-4e08-8ecd-ebe087394a07:c1305]
2019-07-08 20:09:24,952 INFO  client.GrpcClientProtocolClient (GrpcClientProtocolClient.java:onNext(255)) - client-83AFC0B42279->fd4515e9-84f2-4741-b1f5-a9247145a2ac: receive RaftClientReply:client-83AFC0B42279->fd4515e9-84f2-4741-b1f5-a9247145a2ac@group-E2152A48AE85, cid=990, SUCCESS, logIndex=0, commits[fd4515e9-84f2-4741-b1f5-a9247145a2ac:c1310, 2e3e112c-ad01-4834-a07e-d6d8a7947632:c1309, dfee02f7-0d20-4e08-8ecd-ebe087394a07:c1309]
2019-07-08 20:09:24,976 INFO  client.GrpcClientProtocolClient (GrpcClientProtocolClient.java:onNext(255)) - client-83AFC0B42279->fd4515e9-84f2-4741-b1f5-a9247145a2ac: receive RaftClientReply:client-83AFC0B42279->fd4515e9-84f2-4741-b1f5-a9247145a2ac@group-E2152A48AE85, cid=991, SUCCESS, logIndex=1312, commits[fd4515e9-84f2-4741-b1f5-a9247145a2ac:c1313, 2e3e112c-ad01-4834-a07e-d6d8a7947632:c1309, dfee02f7-0d20-4e08-8ecd-ebe087394a07:c1311]
2019-07-08 20:09:24,977 INFO  client.GrpcClientProtocolClient (GrpcClientProtocolClient.java:onNext(255)) - client-83AFC0B42279->fd4515e9-84f2-4741-b1f5-a9247145a2ac: receive RaftClientReply:client-83AFC0B42279->fd4515e9-84f2-4741-b1f5-a9247145a2ac@group-E2152A48AE85, cid=992, SUCCESS, logIndex=1313, commits[fd4515e9-84f2-4741-b1f5-a9247145a2ac:c1313, 2e3e112c-ad01-4834-a07e-d6d8a7947632:c1311, dfee02f7-0d20-4e08-8ecd-ebe087394a07:c1311]
2019-07-08 20:09:24,978 INFO  client.GrpcClientProtocolClient (GrpcClientProtocolClient.java:onNext(255)) - client-83AFC0B42279->fd4515e9-84f2-4741-b1f5-a9247145a2ac: receive RaftClientReply:client-83AFC0B42279->fd4515e9-84f2-4741-b1f5-a9247145a2ac@group-E2152A48AE85, cid=993, SUCCESS, logIndex=1314, commits[fd4515e9-84f2-4741-b1f5-a9247145a2ac:c1315, 2e3e112c-ad01-4834-a07e-d6d8a7947632:c1311, dfee02f7-0d20-4e08-8ecd-ebe087394a07:c1311]
2019-07-08 20:09:24,978 INFO  client.GrpcClientProtocolClient (GrpcClientProtocolClient.java:onNext(255)) - client-83AFC0B42279->fd4515e9-84f2-4741-b1f5-a9247145a2ac: receive RaftClientReply:client-83AFC0B42279->fd4515e9-84f2-4741-b1f5-a9247145a2ac@group-E2152A48AE85, cid=994, SUCCESS, logIndex=1315, commits[fd4515e9-84f2-4741-b1f5-a9247145a2ac:c1315, 2e3e112c-ad01-4834-a07e-d6d8a7947632:c1311, dfee02f7-0d20-4e08-8ecd-ebe087394a07:c1311]
2019-07-08 20:09:24,979 INFO  client.GrpcClientProtocolClient (GrpcClientProtocolClient.java:onNext(255)) - client-83AFC0B42279->fd4515e9-84f2-4741-b1f5-a9247145a2ac: receive RaftClientReply:client-83AFC0B42279->fd4515e9-84f2-4741-b1f5-a9247145a2ac@group-E2152A48AE85, cid=995, SUCCESS, logIndex=0, commits[fd4515e9-84f2-4741-b1f5-a9247145a2ac:c1317, 2e3e112c-ad01-4834-a07e-d6d8a7947632:c1313, dfee02f7-0d20-4e08-8ecd-ebe087394a07:c1313]
 0.00% |█                                                                                                    |  0/1 Time: 0:00:042019-07-08 20:09:25,129 INFO  client.GrpcClientProtocolClient (GrpcClientProtocolClient.java:onNext(255)) - client-83AFC0B42279->fd4515e9-84f2-4741-b1f5-a9247145a2ac: receive RaftClientReply:client-83AFC0B42279->fd4515e9-84f2-4741-b1f5-a9247145a2ac@group-E2152A48AE85, cid=996, SUCCESS, logIndex=1320, commits[fd4515e9-84f2-4741-b1f5-a9247145a2ac:c1321, 2e3e112c-ad01-4834-a07e-d6d8a7947632:c1319, dfee02f7-0d20-4e08-8ecd-ebe087394a07:c1319]
2019-07-08 20:09:25,130 INFO  client.GrpcClientProtocolClient (GrpcClientProtocolClient.java:onNext(255)) - client-83AFC0B42279->fd4515e9-84f2-4741-b1f5-a9247145a2ac: receive RaftClientReply:client-83AFC0B42279->fd4515e9-84f2-4741-b1f5-a9247145a2ac@group-E2152A48AE85, cid=997, SUCCESS, logIndex=1321, commits[fd4515e9-84f2-4741-b1f5-a9247145a2ac:c1321, 2e3e112c-ad01-4834-a07e-d6d8a7947632:c1319, dfee02f7-0d20-4e08-8ecd-ebe087394a07:c1319]
2019-07-08 20:09:25,156 INFO  client.GrpcClientProtocolClient (GrpcClientProtocolClient.java:onNext(255)) - client-83AFC0B42279->fd4515e9-84f2-4741-b1f5-a9247145a2ac: receive RaftClientReply:client-83AFC0B42279->fd4515e9-84f2-4741-b1f5-a9247145a2ac@group-E2152A48AE85, cid=998, SUCCESS, logIndex=1324, commits[fd4515e9-84f2-4741-b1f5-a9247145a2ac:c1325, 2e3e112c-ad01-4834-a07e-d6d8a7947632:c1321, dfee02f7-0d20-4e08-8ecd-ebe087394a07:c1321]
2019-07-08 20:09:25,157 INFO  client.GrpcClientProtocolClient (GrpcClientProtocolClient.java:onNext(255)) - client-83AFC0B42279->fd4515e9-84f2-4741-b1f5-a9247145a2ac: receive RaftClientReply:client-83AFC0B42279->fd4515e9-84f2-4741-b1f5-a9247145a2ac@group-E2152A48AE85, cid=999, SUCCESS, logIndex=1325, commits[fd4515e9-84f2-4741-b1f5-a9247145a2ac:c1325, 2e3e112c-ad01-4834-a07e-d6d8a7947632:c1321, dfee02f7-0d20-4e08-8ecd-ebe087394a07:c1321]
2019-07-08 20:09:25,168 INFO  client.GrpcClientProtocolClient (GrpcClientProtocolClient.java:onNext(255)) - client-83AFC0B42279->fd4515e9-84f2-4741-b1f5-a9247145a2ac: receive RaftClientReply:client-83AFC0B42279->fd4515e9-84f2-4741-b1f5-a9247145a2ac@group-E2152A48AE85, cid=1000, SUCCESS, logIndex=0, commits[fd4515e9-84f2-4741-b1f5-a9247145a2ac:c1326, 2e3e112c-ad01-4834-a07e-d6d8a7947632:c1325, dfee02f7-0d20-4e08-8ecd-ebe087394a07:c1325]
2019-07-08 20:09:25,191 INFO  client.GrpcClientProtocolClient (GrpcClientProtocolClient.java:onNext(255)) - client-83AFC0B42279->fd4515e9-84f2-4741-b1f5-a9247145a2ac: receive RaftClientReply:client-83AFC0B42279->fd4515e9-84f2-4741-b1f5-a9247145a2ac@group-E2152A48AE85, cid=1001, SUCCESS, logIndex=1328, commits[fd4515e9-84f2-4741-b1f5-a9247145a2ac:c1329, 2e3e112c-ad01-4834-a07e-d6d8a7947632:c1327, dfee02f7-0d20-4e08-8ecd-ebe087394a07:c1327]
2019-07-08 20:09:25,192 INFO  client.GrpcClientProtocolClient (GrpcClientProtocolClient.java:onNext(255)) - client-83AFC0B42279->fd4515e9-84f2-4741-b1f5-a9247145a2ac: receive RaftClientReply:client-83AFC0B42279->fd4515e9-84f2-4741-b1f5-a9247145a2ac@group-E2152A48AE85, cid=1002, SUCCESS, logIndex=1329, commits[fd4515e9-84f2-4741-b1f5-a9247145a2ac:c1331, 2e3e112c-ad01-4834-a07e-d6d8a7947632:c1327, dfee02f7-0d20-4e08-8ecd-ebe087394a07:c1327]
2019-07-08 20:09:25,192 INFO  client.GrpcClientProtocolClient (GrpcClientProtocolClient.java:onNext(255)) - client-83AFC0B42279->fd4515e9-84f2-4741-b1f5-a9247145a2ac: receive RaftClientReply:client-83AFC0B42279->fd4515e9-84f2-4741-b1f5-a9247145a2ac@group-E2152A48AE85, cid=1003, SUCCESS, logIndex=1330, commits[fd4515e9-84f2-4741-b1f5-a9247145a2ac:c1331, 2e3e112c-ad01-4834-a07e-d6d8a7947632:c1327, dfee02f7-0d20-4e08-8ecd-ebe087394a07:c1327]
2019-07-08 20:09:25,193 INFO  client.GrpcClientProtocolClient (GrpcClientProtocolClient.java:onNext(255)) - client-83AFC0B42279->fd4515e9-84f2-4741-b1f5-a9247145a2ac: receive RaftClientReply:client-83AFC0B42279->fd4515e9-84f2-4741-b1f5-a9247145a2ac@group-E2152A48AE85, cid=1004, SUCCESS, logIndex=1331, commits[fd4515e9-84f2-4741-b1f5-a9247145a2ac:c1331, 2e3e112c-ad01-4834-a07e-d6d8a7947632:c1327, dfee02f7-0d20-4e08-8ecd-ebe087394a07:c1327]
2019-07-08 20:09:25,194 INFO  client.GrpcClientProtocolClient (GrpcClientProtocolClient.java:onNext(255)) - client-83AFC0B42279->fd4515e9-84f2-4741-b1f5-a9247145a2ac: receive RaftClientReply:client-83AFC0B42279->fd4515e9-84f2-4741-b1f5-a9247145a2ac@group-E2152A48AE85, cid=1005, SUCCESS, logIndex=0, commits[fd4515e9-84f2-4741-b1f5-a9247145a2ac:c1334, 2e3e112c-ad01-4834-a07e-d6d8a7947632:c1331, dfee02f7-0d20-4e08-8ecd-ebe087394a07:c1329]
2019-07-08 20:09:25,216 INFO  client.GrpcClientProtocolClient (GrpcClientProtocolClient.java:onNext(255)) - client-83AFC0B42279->fd4515e9-84f2-4741-b1f5-a9247145a2ac: receive RaftClientReply:client-83AFC0B42279->fd4515e9-84f2-4741-b1f5-a9247145a2ac@group-E2152A48AE85, cid=1006, SUCCESS, logIndex=1335, commits[fd4515e9-84f2-4741-b1f5-a9247145a2ac:c1336, 2e3e112c-ad01-4834-a07e-d6d8a7947632:c1334, dfee02f7-0d20-4e08-8ecd-ebe087394a07:c1334]
2019-07-08 20:09:25,216 INFO  client.GrpcClientProtocolClient (GrpcClientProtocolClient.java:onNext(255)) - client-83AFC0B42279->fd4515e9-84f2-4741-b1f5-a9247145a2ac: receive RaftClientReply:client-83AFC0B42279->fd4515e9-84f2-4741-b1f5-a9247145a2ac@group-E2152A48AE85, cid=1007, SUCCESS, logIndex=1336, commits[fd4515e9-84f2-4741-b1f5-a9247145a2ac:c1336, 2e3e112c-ad01-4834-a07e-d6d8a7947632:c1334, dfee02f7-0d20-4e08-8ecd-ebe087394a07:c1334]
2019-07-08 20:09:25,229 INFO  client.GrpcClientProtocolClient (GrpcClientProtocolClient.java:onNext(255)) - client-83AFC0B42279->fd4515e9-84f2-4741-b1f5-a9247145a2ac: receive RaftClientReply:client-83AFC0B42279->fd4515e9-84f2-4741-b1f5-a9247145a2ac@group-E2152A48AE85, cid=1008, SUCCESS, logIndex=1339, commits[fd4515e9-84f2-4741-b1f5-a9247145a2ac:c1340, 2e3e112c-ad01-4834-a07e-d6d8a7947632:c1336, dfee02f7-0d20-4e08-8ecd-ebe087394a07:c1336]
2019-07-08 20:09:25,229 INFO  client.GrpcClientProtocolClient (GrpcClientProtocolClient.java:onNext(255)) - client-83AFC0B42279->fd4515e9-84f2-4741-b1f5-a9247145a2ac: receive RaftClientReply:client-83AFC0B42279->fd4515e9-84f2-4741-b1f5-a9247145a2ac@group-E2152A48AE85, cid=1009, SUCCESS, logIndex=1340, commits[fd4515e9-84f2-4741-b1f5-a9247145a2ac:c1340, 2e3e112c-ad01-4834-a07e-d6d8a7947632:c1336, dfee02f7-0d20-4e08-8ecd-ebe087394a07:c1336]
2019-07-08 20:09:25,231 INFO  client.GrpcClientProtocolClient (GrpcClientProtocolClient.java:onNext(255)) - client-83AFC0B42279->fd4515e9-84f2-4741-b1f5-a9247145a2ac: receive RaftClientReply:client-83AFC0B42279->fd4515e9-84f2-4741-b1f5-a9247145a2ac@group-E2152A48AE85, cid=1010, SUCCESS, logIndex=0, commits[fd4515e9-84f2-4741-b1f5-a9247145a2ac:c1341, 2e3e112c-ad01-4834-a07e-d6d8a7947632:c1340, dfee02f7-0d20-4e08-8ecd-ebe087394a07:c1340]
2019-07-08 20:09:25,251 INFO  client.GrpcClientProtocolClient (GrpcClientProtocolClient.java:onNext(255)) - client-83AFC0B42279->fd4515e9-84f2-4741-b1f5-a9247145a2ac: receive RaftClientReply:client-83AFC0B42279->fd4515e9-84f2-4741-b1f5-a9247145a2ac@group-E2152A48AE85, cid=1011, SUCCESS, logIndex=1343, commits[fd4515e9-84f2-4741-b1f5-a9247145a2ac:c1344, 2e3e112c-ad01-4834-a07e-d6d8a7947632:c1342, dfee02f7-0d20-4e08-8ecd-ebe087394a07:c1342]
2019-07-08 20:09:25,252 INFO  client.GrpcClientProtocolClient (GrpcClientProtocolClient.java:onNext(255)) - client-83AFC0B42279->fd4515e9-84f2-4741-b1f5-a9247145a2ac: receive RaftClientReply:client-83AFC0B42279->fd4515e9-84f2-4741-b1f5-a9247145a2ac@group-E2152A48AE85, cid=1012, SUCCESS, logIndex=1344, commits[fd4515e9-84f2-4741-b1f5-a9247145a2ac:c1346, 2e3e112c-ad01-4834-a07e-d6d8a7947632:c1342, dfee02f7-0d20-4e08-8ecd-ebe087394a07:c1342]
2019-07-08 20:09:25,252 INFO  client.GrpcClientProtocolClient (GrpcClientProtocolClient.java:onNext(255)) - client-83AFC0B42279->fd4515e9-84f2-4741-b1f5-a9247145a2ac: receive RaftClientReply:client-83AFC0B42279->fd4515e9-84f2-4741-b1f5-a9247145a2ac@group-E2152A48AE85, cid=1013, SUCCESS, logIndex=1345, commits[fd4515e9-84f2-4741-b1f5-a9247145a2ac:c1346, 2e3e112c-ad01-4834-a07e-d6d8a7947632:c1342, dfee02f7-0d20-4e08-8ecd-ebe087394a07:c1342]
2019-07-08 20:09:25,253 INFO  client.GrpcClientProtocolClient (GrpcClientProtocolClient.java:onNext(255)) - client-83AFC0B42279->fd4515e9-84f2-4741-b1f5-a9247145a2ac: receive RaftClientReply:client-83AFC0B42279->fd4515e9-84f2-4741-b1f5-a9247145a2ac@group-E2152A48AE85, cid=1014, SUCCESS, logIndex=1346, commits[fd4515e9-84f2-4741-b1f5-a9247145a2ac:c1346, 2e3e112c-ad01-4834-a07e-d6d8a7947632:c1342, dfee02f7-0d20-4e08-8ecd-ebe087394a07:c1342]
2019-07-08 20:09:25,254 INFO  client.GrpcClientProtocolClient (GrpcClientProtocolClient.java:onNext(255)) - client-83AFC0B42279->fd4515e9-84f2-4741-b1f5-a9247145a2ac: receive RaftClientReply:client-83AFC0B42279->fd4515e9-84f2-4741-b1f5-a9247145a2ac@group-E2152A48AE85, cid=1015, SUCCESS, logIndex=0, commits[fd4515e9-84f2-4741-b1f5-a9247145a2ac:c1348, 2e3e112c-ad01-4834-a07e-d6d8a7947632:c1344, dfee02f7-0d20-4e08-8ecd-ebe087394a07:c1344]
2019-07-08 20:09:25,274 INFO  client.GrpcClientProtocolClient (GrpcClientProtocolClient.java:onNext(255)) - client-83AFC0B42279->fd4515e9-84f2-4741-b1f5-a9247145a2ac: receive RaftClientReply:client-83AFC0B42279->fd4515e9-84f2-4741-b1f5-a9247145a2ac@group-E2152A48AE85, cid=1016, SUCCESS, logIndex=1350, commits[fd4515e9-84f2-4741-b1f5-a9247145a2ac:c1351, 2e3e112c-ad01-4834-a07e-d6d8a7947632:c1349, dfee02f7-0d20-4e08-8ecd-ebe087394a07:c1349]
2019-07-08 20:09:25,274 INFO  client.GrpcClientProtocolClient (GrpcClientProtocolClient.java:onNext(255)) - client-83AFC0B42279->fd4515e9-84f2-4741-b1f5-a9247145a2ac: receive RaftClientReply:client-83AFC0B42279->fd4515e9-84f2-4741-b1f5-a9247145a2ac@group-E2152A48AE85, cid=1017, SUCCESS, logIndex=1351, commits[fd4515e9-84f2-4741-b1f5-a9247145a2ac:c1351, 2e3e112c-ad01-4834-a07e-d6d8a7947632:c1349, dfee02f7-0d20-4e08-8ecd-ebe087394a07:c1349]
2019-07-08 20:09:25,287 INFO  client.GrpcClientProtocolClient (GrpcClientProtocolClient.java:onNext(255)) - client-83AFC0B42279->fd4515e9-84f2-4741-b1f5-a9247145a2ac: receive RaftClientReply:client-83AFC0B42279->fd4515e9-84f2-4741-b1f5-a9247145a2ac@group-E2152A48AE85, cid=1018, SUCCESS, logIndex=1354, commits[fd4515e9-84f2-4741-b1f5-a9247145a2ac:c1355, 2e3e112c-ad01-4834-a07e-d6d8a7947632:c1351, dfee02f7-0d20-4e08-8ecd-ebe087394a07:c1351]
2019-07-08 20:09:25,288 INFO  client.GrpcClientProtocolClient (GrpcClientProtocolClient.java:onNext(255)) - client-83AFC0B42279->fd4515e9-84f2-4741-b1f5-a9247145a2ac: receive RaftClientReply:client-83AFC0B42279->fd4515e9-84f2-4741-b1f5-a9247145a2ac@group-E2152A48AE85, cid=1019, SUCCESS, logIndex=1355, commits[fd4515e9-84f2-4741-b1f5-a9247145a2ac:c1355, 2e3e112c-ad01-4834-a07e-d6d8a7947632:c1351, dfee02f7-0d20-4e08-8ecd-ebe087394a07:c1351]
2019-07-08 20:09:25,300 INFO  client.GrpcClientProtocolClient (GrpcClientProtocolClient.java:onNext(255)) - client-83AFC0B42279->fd4515e9-84f2-4741-b1f5-a9247145a2ac: receive RaftClientReply:client-83AFC0B42279->fd4515e9-84f2-4741-b1f5-a9247145a2ac@group-E2152A48AE85, cid=1020, SUCCESS, logIndex=0, commits[fd4515e9-84f2-4741-b1f5-a9247145a2ac:c1357, 2e3e112c-ad01-4834-a07e-d6d8a7947632:c1355, dfee02f7-0d20-4e08-8ecd-ebe087394a07:c1355]
2019-07-08 20:09:25,321 INFO  client.GrpcClientProtocolClient (GrpcClientProtocolClient.java:onNext(255)) - client-83AFC0B42279->fd4515e9-84f2-4741-b1f5-a9247145a2ac: receive RaftClientReply:client-83AFC0B42279->fd4515e9-84f2-4741-b1f5-a9247145a2ac@group-E2152A48AE85, cid=1021, SUCCESS, logIndex=1358, commits[fd4515e9-84f2-4741-b1f5-a9247145a2ac:c1359, 2e3e112c-ad01-4834-a07e-d6d8a7947632:c1357, dfee02f7-0d20-4e08-8ecd-ebe087394a07:c1357]
2019-07-08 20:09:25,322 INFO  client.GrpcClientProtocolClient (GrpcClientProtocolClient.java:onNext(255)) - client-83AFC0B42279->fd4515e9-84f2-4741-b1f5-a9247145a2ac: receive RaftClientReply:client-83AFC0B42279->fd4515e9-84f2-4741-b1f5-a9247145a2ac@group-E2152A48AE85, cid=1022, SUCCESS, logIndex=1359, commits[fd4515e9-84f2-4741-b1f5-a9247145a2ac:c1359, 2e3e112c-ad01-4834-a07e-d6d8a7947632:c1357, dfee02f7-0d20-4e08-8ecd-ebe087394a07:c1357]
2019-07-08 20:09:25,332 INFO  client.GrpcClientProtocolClient (GrpcClientProtocolClient.java:onNext(255)) - client-83AFC0B42279->fd4515e9-84f2-4741-b1f5-a9247145a2ac: receive RaftClientReply:client-83AFC0B42279->fd4515e9-84f2-4741-b1f5-a9247145a2ac@group-E2152A48AE85, cid=1023, SUCCESS, logIndex=1360, commits[fd4515e9-84f2-4741-b1f5-a9247145a2ac:c1361, 2e3e112c-ad01-4834-a07e-d6d8a7947632:c1357, dfee02f7-0d20-4e08-8ecd-ebe087394a07:c1357]
2019-07-08 20:09:25,333 INFO  client.GrpcClientProtocolClient (GrpcClientProtocolClient.java:onNext(255)) - client-83AFC0B42279->fd4515e9-84f2-4741-b1f5-a9247145a2ac: receive RaftClientReply:client-83AFC0B42279->fd4515e9-84f2-4741-b1f5-a9247145a2ac@group-E2152A48AE85, cid=1024, SUCCESS, logIndex=1361, commits[fd4515e9-84f2-4741-b1f5-a9247145a2ac:c1361, 2e3e112c-ad01-4834-a07e-d6d8a7947632:c1357, dfee02f7-0d20-4e08-8ecd-ebe087394a07:c1357]
2019-07-08 20:09:25,334 INFO  client.GrpcClientProtocolClient (GrpcClientProtocolClient.java:onNext(255)) - client-83AFC0B42279->fd4515e9-84f2-4741-b1f5-a9247145a2ac: receive RaftClientReply:client-83AFC0B42279->fd4515e9-84f2-4741-b1f5-a9247145a2ac@group-E2152A48AE85, cid=1025, SUCCESS, logIndex=0, commits[fd4515e9-84f2-4741-b1f5-a9247145a2ac:c1363, 2e3e112c-ad01-4834-a07e-d6d8a7947632:c1359, dfee02f7-0d20-4e08-8ecd-ebe087394a07:c1359]
2019-07-08 20:09:25,355 INFO  client.GrpcClientProtocolClient (GrpcClientProtocolClient.java:onNext(255)) - client-83AFC0B42279->fd4515e9-84f2-4741-b1f5-a9247145a2ac: receive RaftClientReply:client-83AFC0B42279->fd4515e9-84f2-4741-b1f5-a9247145a2ac@group-E2152A48AE85, cid=1026, SUCCESS, logIndex=1366, commits[fd4515e9-84f2-4741-b1f5-a9247145a2ac:c1367, 2e3e112c-ad01-4834-a07e-d6d8a7947632:c1365, dfee02f7-0d20-4e08-8ecd-ebe087394a07:c1365]
2019-07-08 20:09:25,355 INFO  client.GrpcClientProtocolClient (GrpcClientProtocolClient.java:onNext(255)) - client-83AFC0B42279->fd4515e9-84f2-4741-b1f5-a9247145a2ac: receive RaftClientReply:client-83AFC0B42279->fd4515e9-84f2-4741-b1f5-a9247145a2ac@group-E2152A48AE85, cid=1027, SUCCESS, logIndex=1367, commits[fd4515e9-84f2-4741-b1f5-a9247145a2ac:c1367, 2e3e112c-ad01-4834-a07e-d6d8a7947632:c1365, dfee02f7-0d20-4e08-8ecd-ebe087394a07:c1365]
2019-07-08 20:09:25,368 INFO  client.GrpcClientProtocolClient (GrpcClientProtocolClient.java:onNext(255)) - client-83AFC0B42279->fd4515e9-84f2-4741-b1f5-a9247145a2ac: receive RaftClientReply:client-83AFC0B42279->fd4515e9-84f2-4741-b1f5-a9247145a2ac@group-E2152A48AE85, cid=1028, SUCCESS, logIndex=1370, commits[fd4515e9-84f2-4741-b1f5-a9247145a2ac:c1371, 2e3e112c-ad01-4834-a07e-d6d8a7947632:c1367, dfee02f7-0d20-4e08-8ecd-ebe087394a07:c1367]
2019-07-08 20:09:25,368 INFO  client.GrpcClientProtocolClient (GrpcClientProtocolClient.java:onNext(255)) - client-83AFC0B42279->fd4515e9-84f2-4741-b1f5-a9247145a2ac: receive RaftClientReply:client-83AFC0B42279->fd4515e9-84f2-4741-b1f5-a9247145a2ac@group-E2152A48AE85, cid=1029, SUCCESS, logIndex=1371, commits[fd4515e9-84f2-4741-b1f5-a9247145a2ac:c1371, 2e3e112c-ad01-4834-a07e-d6d8a7947632:c1367, dfee02f7-0d20-4e08-8ecd-ebe087394a07:c1367]
2019-07-08 20:09:25,382 INFO  client.GrpcClientProtocolClient (GrpcClientProtocolClient.java:onNext(255)) - client-83AFC0B42279->fd4515e9-84f2-4741-b1f5-a9247145a2ac: receive RaftClientReply:client-83AFC0B42279->fd4515e9-84f2-4741-b1f5-a9247145a2ac@group-E2152A48AE85, cid=1030, SUCCESS, logIndex=0, commits[fd4515e9-84f2-4741-b1f5-a9247145a2ac:c1373, 2e3e112c-ad01-4834-a07e-d6d8a7947632:c1371, dfee02f7-0d20-4e08-8ecd-ebe087394a07:c1371]
2019-07-08 20:09:25,402 INFO  client.GrpcClientProtocolClient (GrpcClientProtocolClient.java:onNext(255)) - client-83AFC0B42279->fd4515e9-84f2-4741-b1f5-a9247145a2ac: receive RaftClientReply:client-83AFC0B42279->fd4515e9-84f2-4741-b1f5-a9247145a2ac@group-E2152A48AE85, cid=1031, SUCCESS, logIndex=1374, commits[fd4515e9-84f2-4741-b1f5-a9247145a2ac:c1375, 2e3e112c-ad01-4834-a07e-d6d8a7947632:c1373, dfee02f7-0d20-4e08-8ecd-ebe087394a07:c1373]
2019-07-08 20:09:25,403 INFO  client.GrpcClientProtocolClient (GrpcClientProtocolClient.java:onNext(255)) - client-83AFC0B42279->fd4515e9-84f2-4741-b1f5-a9247145a2ac: receive RaftClientReply:client-83AFC0B42279->fd4515e9-84f2-4741-b1f5-a9247145a2ac@group-E2152A48AE85, cid=1032, SUCCESS, logIndex=1375, commits[fd4515e9-84f2-4741-b1f5-a9247145a2ac:c1375, 2e3e112c-ad01-4834-a07e-d6d8a7947632:c1373, dfee02f7-0d20-4e08-8ecd-ebe087394a07:c1373]
2019-07-08 20:09:25,403 INFO  client.GrpcClientProtocolClient (GrpcClientProtocolClient.java:onNext(255)) - client-83AFC0B42279->fd4515e9-84f2-4741-b1f5-a9247145a2ac: receive RaftClientReply:client-83AFC0B42279->fd4515e9-84f2-4741-b1f5-a9247145a2ac@group-E2152A48AE85, cid=1033, SUCCESS, logIndex=1376, commits[fd4515e9-84f2-4741-b1f5-a9247145a2ac:c1377, 2e3e112c-ad01-4834-a07e-d6d8a7947632:c1373, dfee02f7-0d20-4e08-8ecd-ebe087394a07:c1373]
2019-07-08 20:09:25,404 INFO  client.GrpcClientProtocolClient (GrpcClientProtocolClient.java:onNext(255)) - client-83AFC0B42279->fd4515e9-84f2-4741-b1f5-a9247145a2ac: receive RaftClientReply:client-83AFC0B42279->fd4515e9-84f2-4741-b1f5-a9247145a2ac@group-E2152A48AE85, cid=1034, SUCCESS, logIndex=1377, commits[fd4515e9-84f2-4741-b1f5-a9247145a2ac:c1377, 2e3e112c-ad01-4834-a07e-d6d8a7947632:c1373, dfee02f7-0d20-4e08-8ecd-ebe087394a07:c1373]
2019-07-08 20:09:25,405 INFO  client.GrpcClientProtocolClient (GrpcClientProtocolClient.java:onNext(255)) - client-83AFC0B42279->fd4515e9-84f2-4741-b1f5-a9247145a2ac: receive RaftClientReply:client-83AFC0B42279->fd4515e9-84f2-4741-b1f5-a9247145a2ac@group-E2152A48AE85, cid=1035, SUCCESS, logIndex=0, commits[fd4515e9-84f2-4741-b1f5-a9247145a2ac:c1379, 2e3e112c-ad01-4834-a07e-d6d8a7947632:c1376, dfee02f7-0d20-4e08-8ecd-ebe087394a07:c1375]
2019-07-08 20:09:25,425 INFO  client.GrpcClientProtocolClient (GrpcClientProtocolClient.java:onNext(255)) - client-83AFC0B42279->fd4515e9-84f2-4741-b1f5-a9247145a2ac: receive RaftClientReply:client-83AFC0B42279->fd4515e9-84f2-4741-b1f5-a9247145a2ac@group-E2152A48AE85, cid=1036, SUCCESS, logIndex=1382, commits[fd4515e9-84f2-4741-b1f5-a9247145a2ac:c1383, 2e3e112c-ad01-4834-a07e-d6d8a7947632:c1381, dfee02f7-0d20-4e08-8ecd-ebe087394a07:c1381]
2019-07-08 20:09:25,425 INFO  client.GrpcClientProtocolClient (GrpcClientProtocolClient.java:onNext(255)) - client-83AFC0B42279->fd4515e9-84f2-4741-b1f5-a9247145a2ac: receive RaftClientReply:client-83AFC0B42279->fd4515e9-84f2-4741-b1f5-a9247145a2ac@group-E2152A48AE85, cid=1037, SUCCESS, logIndex=1383, commits[fd4515e9-84f2-4741-b1f5-a9247145a2ac:c1383, 2e3e112c-ad01-4834-a07e-d6d8a7947632:c1381, dfee02f7-0d20-4e08-8ecd-ebe087394a07:c1381]
2019-07-08 20:09:25,438 INFO  client.GrpcClientProtocolClient (GrpcClientProtocolClient.java:onNext(255)) - client-83AFC0B42279->fd4515e9-84f2-4741-b1f5-a9247145a2ac: receive RaftClientReply:client-83AFC0B42279->fd4515e9-84f2-4741-b1f5-a9247145a2ac@group-E2152A48AE85, cid=1038, SUCCESS, logIndex=1386, commits[fd4515e9-84f2-4741-b1f5-a9247145a2ac:c1387, 2e3e112c-ad01-4834-a07e-d6d8a7947632:c1383, dfee02f7-0d20-4e08-8ecd-ebe087394a07:c1383]
2019-07-08 20:09:25,439 INFO  client.GrpcClientProtocolClient (GrpcClientProtocolClient.java:onNext(255)) - client-83AFC0B42279->fd4515e9-84f2-4741-b1f5-a9247145a2ac: receive RaftClientReply:client-83AFC0B42279->fd4515e9-84f2-4741-b1f5-a9247145a2ac@group-E2152A48AE85, cid=1039, SUCCESS, logIndex=1387, commits[fd4515e9-84f2-4741-b1f5-a9247145a2ac:c1387, 2e3e112c-ad01-4834-a07e-d6d8a7947632:c1383, dfee02f7-0d20-4e08-8ecd-ebe087394a07:c1383]
2019-07-08 20:09:25,451 INFO  client.GrpcClientProtocolClient (GrpcClientProtocolClient.java:onNext(255)) - client-83AFC0B42279->fd4515e9-84f2-4741-b1f5-a9247145a2ac: receive RaftClientReply:client-83AFC0B42279->fd4515e9-84f2-4741-b1f5-a9247145a2ac@group-E2152A48AE85, cid=1040, SUCCESS, logIndex=0, commits[fd4515e9-84f2-4741-b1f5-a9247145a2ac:c1389, 2e3e112c-ad01-4834-a07e-d6d8a7947632:c1387, dfee02f7-0d20-4e08-8ecd-ebe087394a07:c1387]
2019-07-08 20:09:25,473 INFO  client.GrpcClientProtocolClient (GrpcClientProtocolClient.java:onNext(255)) - client-83AFC0B42279->fd4515e9-84f2-4741-b1f5-a9247145a2ac: receive RaftClientReply:client-83AFC0B42279->fd4515e9-84f2-4741-b1f5-a9247145a2ac@group-E2152A48AE85, cid=1041, SUCCESS, logIndex=1390, commits[fd4515e9-84f2-4741-b1f5-a9247145a2ac:c1391, 2e3e112c-ad01-4834-a07e-d6d8a7947632:c1389, dfee02f7-0d20-4e08-8ecd-ebe087394a07:c1389]
2019-07-08 20:09:25,474 INFO  client.GrpcClientProtocolClient (GrpcClientProtocolClient.java:onNext(255)) - client-83AFC0B42279->fd4515e9-84f2-4741-b1f5-a9247145a2ac: receive RaftClientReply:client-83AFC0B42279->fd4515e9-84f2-4741-b1f5-a9247145a2ac@group-E2152A48AE85, cid=1042, SUCCESS, logIndex=1391, commits[fd4515e9-84f2-4741-b1f5-a9247145a2ac:c1391, 2e3e112c-ad01-4834-a07e-d6d8a7947632:c1389, dfee02f7-0d20-4e08-8ecd-ebe087394a07:c1389]
2019-07-08 20:09:25,474 INFO  client.GrpcClientProtocolClient (GrpcClientProtocolClient.java:onNext(255)) - client-83AFC0B42279->fd4515e9-84f2-4741-b1f5-a9247145a2ac: receive RaftClientReply:client-83AFC0B42279->fd4515e9-84f2-4741-b1f5-a9247145a2ac@group-E2152A48AE85, cid=1043, SUCCESS, logIndex=1392, commits[fd4515e9-84f2-4741-b1f5-a9247145a2ac:c1393, 2e3e112c-ad01-4834-a07e-d6d8a7947632:c1389, dfee02f7-0d20-4e08-8ecd-ebe087394a07:c1389]
2019-07-08 20:09:25,476 INFO  client.GrpcClientProtocolClient (GrpcClientProtocolClient.java:onNext(255)) - client-83AFC0B42279->fd4515e9-84f2-4741-b1f5-a9247145a2ac: receive RaftClientReply:client-83AFC0B42279->fd4515e9-84f2-4741-b1f5-a9247145a2ac@group-E2152A48AE85, cid=1044, SUCCESS, logIndex=1393, commits[fd4515e9-84f2-4741-b1f5-a9247145a2ac:c1395, 2e3e112c-ad01-4834-a07e-d6d8a7947632:c1389, dfee02f7-0d20-4e08-8ecd-ebe087394a07:c1391]
2019-07-08 20:09:25,478 INFO  client.GrpcClientProtocolClient (GrpcClientProtocolClient.java:onNext(255)) - client-83AFC0B42279->fd4515e9-84f2-4741-b1f5-a9247145a2ac: receive RaftClientReply:client-83AFC0B42279->fd4515e9-84f2-4741-b1f5-a9247145a2ac@group-E2152A48AE85, cid=1045, SUCCESS, logIndex=0, commits[fd4515e9-84f2-4741-b1f5-a9247145a2ac:c1395, 2e3e112c-ad01-4834-a07e-d6d8a7947632:c1391, dfee02f7-0d20-4e08-8ecd-ebe087394a07:c1391]
2019-07-08 20:09:25,497 INFO  client.GrpcClientProtocolClient (GrpcClientProtocolClient.java:onNext(255)) - client-83AFC0B42279->fd4515e9-84f2-4741-b1f5-a9247145a2ac: receive RaftClientReply:client-83AFC0B42279->fd4515e9-84f2-4741-b1f5-a9247145a2ac@group-E2152A48AE85, cid=1046, SUCCESS, logIndex=1398, commits[fd4515e9-84f2-4741-b1f5-a9247145a2ac:c1398, 2e3e112c-ad01-4834-a07e-d6d8a7947632:c1397, dfee02f7-0d20-4e08-8ecd-ebe087394a07:c1397]
2019-07-08 20:09:25,498 INFO  client.GrpcClientProtocolClient (GrpcClientProtocolClient.java:onNext(255)) - client-83AFC0B42279->fd4515e9-84f2-4741-b1f5-a9247145a2ac: receive RaftClientReply:client-83AFC0B42279->fd4515e9-84f2-4741-b1f5-a9247145a2ac@group-E2152A48AE85, cid=1047, SUCCESS, logIndex=1399, commits[fd4515e9-84f2-4741-b1f5-a9247145a2ac:c1399, 2e3e112c-ad01-4834-a07e-d6d8a7947632:c1397, dfee02f7-0d20-4e08-8ecd-ebe087394a07:c1397]
2019-07-08 20:09:25,512 INFO  client.GrpcClientProtocolClient (GrpcClientProtocolClient.java:onNext(255)) - client-83AFC0B42279->fd4515e9-84f2-4741-b1f5-a9247145a2ac: receive RaftClientReply:client-83AFC0B42279->fd4515e9-84f2-4741-b1f5-a9247145a2ac@group-E2152A48AE85, cid=1048, SUCCESS, logIndex=1402, commits[fd4515e9-84f2-4741-b1f5-a9247145a2ac:c1403, 2e3e112c-ad01-4834-a07e-d6d8a7947632:c1399, dfee02f7-0d20-4e08-8ecd-ebe087394a07:c1399]
2019-07-08 20:09:25,512 INFO  client.GrpcClientProtocolClient (GrpcClientProtocolClient.java:onNext(255)) - client-83AFC0B42279->fd4515e9-84f2-4741-b1f5-a9247145a2ac: receive RaftClientReply:client-83AFC0B42279->fd4515e9-84f2-4741-b1f5-a9247145a2ac@group-E2152A48AE85, cid=1049, SUCCESS, logIndex=1403, commits[fd4515e9-84f2-4741-b1f5-a9247145a2ac:c1403, 2e3e112c-ad01-4834-a07e-d6d8a7947632:c1399, dfee02f7-0d20-4e08-8ecd-ebe087394a07:c1399]
2019-07-08 20:09:25,525 INFO  client.GrpcClientProtocolClient (GrpcClientProtocolClient.java:onNext(255)) - client-83AFC0B42279->fd4515e9-84f2-4741-b1f5-a9247145a2ac: receive RaftClientReply:client-83AFC0B42279->fd4515e9-84f2-4741-b1f5-a9247145a2ac@group-E2152A48AE85, cid=1050, SUCCESS, logIndex=0, commits[fd4515e9-84f2-4741-b1f5-a9247145a2ac:c1405, 2e3e112c-ad01-4834-a07e-d6d8a7947632:c1403, dfee02f7-0d20-4e08-8ecd-ebe087394a07:c1403]
2019-07-08 20:09:25,537 INFO  client.GrpcClientProtocolClient (GrpcClientProtocolClient.java:onNext(255)) - client-83AFC0B42279->fd4515e9-84f2-4741-b1f5-a9247145a2ac: receive RaftClientReply:client-83AFC0B42279->fd4515e9-84f2-4741-b1f5-a9247145a2ac@group-E2152A48AE85, cid=1051, SUCCESS, logIndex=1406, commits[fd4515e9-84f2-4741-b1f5-a9247145a2ac:c1406, 2e3e112c-ad01-4834-a07e-d6d8a7947632:c1403, dfee02f7-0d20-4e08-8ecd-ebe087394a07:c1405]
2019-07-08 20:09:25,538 INFO  client.GrpcClientProtocolClient (GrpcClientProtocolClient.java:onNext(255)) - client-83AFC0B42279->fd4515e9-84f2-4741-b1f5-a9247145a2ac: receive RaftClientReply:client-83AFC0B42279->fd4515e9-84f2-4741-b1f5-a9247145a2ac@group-E2152A48AE85, cid=1052, SUCCESS, logIndex=1407, commits[fd4515e9-84f2-4741-b1f5-a9247145a2ac:c1407, 2e3e112c-ad01-4834-a07e-d6d8a7947632:c1403, dfee02f7-0d20-4e08-8ecd-ebe087394a07:c1405]
2019-07-08 20:09:25,541 INFO  client.GrpcClientProtocolClient (GrpcClientProtocolClient.java:onNext(255)) - client-83AFC0B42279->fd4515e9-84f2-4741-b1f5-a9247145a2ac: receive RaftClientReply:client-83AFC0B42279->fd4515e9-84f2-4741-b1f5-a9247145a2ac@group-E2152A48AE85, cid=1053, SUCCESS, logIndex=1408, commits[fd4515e9-84f2-4741-b1f5-a9247145a2ac:c1409, 2e3e112c-ad01-4834-a07e-d6d8a7947632:c1405, dfee02f7-0d20-4e08-8ecd-ebe087394a07:c1406]
2019-07-08 20:09:25,542 INFO  client.GrpcClientProtocolClient (GrpcClientProtocolClient.java:onNext(255)) - client-83AFC0B42279->fd4515e9-84f2-4741-b1f5-a9247145a2ac: receive RaftClientReply:client-83AFC0B42279->fd4515e9-84f2-4741-b1f5-a9247145a2ac@group-E2152A48AE85, cid=1054, SUCCESS, logIndex=1409, commits[fd4515e9-84f2-4741-b1f5-a9247145a2ac:c1411, 2e3e112c-ad01-4834-a07e-d6d8a7947632:c1405, dfee02f7-0d20-4e08-8ecd-ebe087394a07:c1407]
2019-07-08 20:09:25,543 INFO  client.GrpcClientProtocolClient (GrpcClientProtocolClient.java:onNext(255)) - client-83AFC0B42279->fd4515e9-84f2-4741-b1f5-a9247145a2ac: receive RaftClientReply:client-83AFC0B42279->fd4515e9-84f2-4741-b1f5-a9247145a2ac@group-E2152A48AE85, cid=1055, SUCCESS, logIndex=0, commits[fd4515e9-84f2-4741-b1f5-a9247145a2ac:c1412, 2e3e112c-ad01-4834-a07e-d6d8a7947632:c1407, dfee02f7-0d20-4e08-8ecd-ebe087394a07:c1408]
2019-07-08 20:09:25,555 INFO  client.GrpcClientProtocolClient (GrpcClientProtocolClient.java:onNext(255)) - client-83AFC0B42279->fd4515e9-84f2-4741-b1f5-a9247145a2ac: receive RaftClientReply:client-83AFC0B42279->fd4515e9-84f2-4741-b1f5-a9247145a2ac@group-E2152A48AE85, cid=1056, SUCCESS, logIndex=1414, commits[fd4515e9-84f2-4741-b1f5-a9247145a2ac:c1415, 2e3e112c-ad01-4834-a07e-d6d8a7947632:c1409, dfee02f7-0d20-4e08-8ecd-ebe087394a07:c1413]
2019-07-08 20:09:25,555 INFO  client.GrpcClientProtocolClient (GrpcClientProtocolClient.java:onNext(255)) - client-83AFC0B42279->fd4515e9-84f2-4741-b1f5-a9247145a2ac: receive RaftClientReply:client-83AFC0B42279->fd4515e9-84f2-4741-b1f5-a9247145a2ac@group-E2152A48AE85, cid=1057, SUCCESS, logIndex=1415, commits[fd4515e9-84f2-4741-b1f5-a9247145a2ac:c1415, 2e3e112c-ad01-4834-a07e-d6d8a7947632:c1409, dfee02f7-0d20-4e08-8ecd-ebe087394a07:c1413]
2019-07-08 20:09:25,579 INFO  client.GrpcClientProtocolClient (GrpcClientProtocolClient.java:onNext(255)) - client-83AFC0B42279->fd4515e9-84f2-4741-b1f5-a9247145a2ac: receive RaftClientReply:client-83AFC0B42279->fd4515e9-84f2-4741-b1f5-a9247145a2ac@group-E2152A48AE85, cid=1058, SUCCESS, logIndex=1418, commits[fd4515e9-84f2-4741-b1f5-a9247145a2ac:c1419, 2e3e112c-ad01-4834-a07e-d6d8a7947632:c1417, dfee02f7-0d20-4e08-8ecd-ebe087394a07:c1417]
2019-07-08 20:09:25,580 INFO  client.GrpcClientProtocolClient (GrpcClientProtocolClient.java:onNext(255)) - client-83AFC0B42279->fd4515e9-84f2-4741-b1f5-a9247145a2ac: receive RaftClientReply:client-83AFC0B42279->fd4515e9-84f2-4741-b1f5-a9247145a2ac@group-E2152A48AE85, cid=1059, SUCCESS, logIndex=1419, commits[fd4515e9-84f2-4741-b1f5-a9247145a2ac:c1419, 2e3e112c-ad01-4834-a07e-d6d8a7947632:c1417, dfee02f7-0d20-4e08-8ecd-ebe087394a07:c1417]
2019-07-08 20:09:25,592 INFO  client.GrpcClientProtocolClient (GrpcClientProtocolClient.java:onNext(255)) - client-83AFC0B42279->fd4515e9-84f2-4741-b1f5-a9247145a2ac: receive RaftClientReply:client-83AFC0B42279->fd4515e9-84f2-4741-b1f5-a9247145a2ac@group-E2152A48AE85, cid=1060, SUCCESS, logIndex=0, commits[fd4515e9-84f2-4741-b1f5-a9247145a2ac:c1421, 2e3e112c-ad01-4834-a07e-d6d8a7947632:c1419, dfee02f7-0d20-4e08-8ecd-ebe087394a07:c1419]
2019-07-08 20:09:25,605 INFO  client.GrpcClientProtocolClient (GrpcClientProtocolClient.java:onNext(255)) - client-83AFC0B42279->fd4515e9-84f2-4741-b1f5-a9247145a2ac: receive RaftClientReply:client-83AFC0B42279->fd4515e9-84f2-4741-b1f5-a9247145a2ac@group-E2152A48AE85, cid=1061, SUCCESS, logIndex=1422, commits[fd4515e9-84f2-4741-b1f5-a9247145a2ac:c1423, 2e3e112c-ad01-4834-a07e-d6d8a7947632:c1419, dfee02f7-0d20-4e08-8ecd-ebe087394a07:c1421]
2019-07-08 20:09:25,606 INFO  client.GrpcClientProtocolClient (GrpcClientProtocolClient.java:onNext(255)) - client-83AFC0B42279->fd4515e9-84f2-4741-b1f5-a9247145a2ac: receive RaftClientReply:client-83AFC0B42279->fd4515e9-84f2-4741-b1f5-a9247145a2ac@group-E2152A48AE85, cid=1062, SUCCESS, logIndex=1423, commits[fd4515e9-84f2-4741-b1f5-a9247145a2ac:c1423, 2e3e112c-ad01-4834-a07e-d6d8a7947632:c1419, dfee02f7-0d20-4e08-8ecd-ebe087394a07:c1421]
2019-07-08 20:09:25,618 INFO  client.GrpcClientProtocolClient (GrpcClientProtocolClient.java:onNext(255)) - client-83AFC0B42279->fd4515e9-84f2-4741-b1f5-a9247145a2ac: receive RaftClientReply:client-83AFC0B42279->fd4515e9-84f2-4741-b1f5-a9247145a2ac@group-E2152A48AE85, cid=1063, SUCCESS, logIndex=1424, commits[fd4515e9-84f2-4741-b1f5-a9247145a2ac:c1425, 2e3e112c-ad01-4834-a07e-d6d8a7947632:c1421, dfee02f7-0d20-4e08-8ecd-ebe087394a07:c1423]
2019-07-08 20:09:25,618 INFO  client.GrpcClientProtocolClient (GrpcClientProtocolClient.java:onNext(255)) - client-83AFC0B42279->fd4515e9-84f2-4741-b1f5-a9247145a2ac: receive RaftClientReply:client-83AFC0B42279->fd4515e9-84f2-4741-b1f5-a9247145a2ac@group-E2152A48AE85, cid=1064, SUCCESS, logIndex=1425, commits[fd4515e9-84f2-4741-b1f5-a9247145a2ac:c1427, 2e3e112c-ad01-4834-a07e-d6d8a7947632:c1421, dfee02f7-0d20-4e08-8ecd-ebe087394a07:c1423]
2019-07-08 20:09:25,619 INFO  client.GrpcClientProtocolClient (GrpcClientProtocolClient.java:onNext(255)) - client-83AFC0B42279->fd4515e9-84f2-4741-b1f5-a9247145a2ac: receive RaftClientReply:client-83AFC0B42279->fd4515e9-84f2-4741-b1f5-a9247145a2ac@group-E2152A48AE85, cid=1065, SUCCESS, logIndex=0, commits[fd4515e9-84f2-4741-b1f5-a9247145a2ac:c1427, 2e3e112c-ad01-4834-a07e-d6d8a7947632:c1423, dfee02f7-0d20-4e08-8ecd-ebe087394a07:c1423]
2019-07-08 20:09:25,727 INFO  client.GrpcClientProtocolClient (GrpcClientProtocolClient.java:onNext(255)) - client-83AFC0B42279->fd4515e9-84f2-4741-b1f5-a9247145a2ac: receive RaftClientReply:client-83AFC0B42279->fd4515e9-84f2-4741-b1f5-a9247145a2ac@group-E2152A48AE85, cid=1066, SUCCESS, logIndex=1430, commits[fd4515e9-84f2-4741-b1f5-a9247145a2ac:c1431, 2e3e112c-ad01-4834-a07e-d6d8a7947632:c1427, dfee02f7-0d20-4e08-8ecd-ebe087394a07:c1427]
2019-07-08 20:09:25,728 INFO  client.GrpcClientProtocolClient (GrpcClientProtocolClient.java:onNext(255)) - client-83AFC0B42279->fd4515e9-84f2-4741-b1f5-a9247145a2ac: receive RaftClientReply:client-83AFC0B42279->fd4515e9-84f2-4741-b1f5-a9247145a2ac@group-E2152A48AE85, cid=1067, SUCCESS, logIndex=1431, commits[fd4515e9-84f2-4741-b1f5-a9247145a2ac:c1431, 2e3e112c-ad01-4834-a07e-d6d8a7947632:c1427, dfee02f7-0d20-4e08-8ecd-ebe087394a07:c1427]
2019-07-08 20:09:25,752 INFO  client.GrpcClientProtocolClient (GrpcClientProtocolClient.java:onNext(255)) - client-83AFC0B42279->fd4515e9-84f2-4741-b1f5-a9247145a2ac: receive RaftClientReply:client-83AFC0B42279->fd4515e9-84f2-4741-b1f5-a9247145a2ac@group-E2152A48AE85, cid=1068, SUCCESS, logIndex=1434, commits[fd4515e9-84f2-4741-b1f5-a9247145a2ac:c1435, 2e3e112c-ad01-4834-a07e-d6d8a7947632:c1431, dfee02f7-0d20-4e08-8ecd-ebe087394a07:c1431]
2019-07-08 20:09:25,752 INFO  client.GrpcClientProtocolClient (GrpcClientProtocolClient.java:onNext(255)) - client-83AFC0B42279->fd4515e9-84f2-4741-b1f5-a9247145a2ac: receive RaftClientReply:client-83AFC0B42279->fd4515e9-84f2-4741-b1f5-a9247145a2ac@group-E2152A48AE85, cid=1069, SUCCESS, logIndex=1435, commits[fd4515e9-84f2-4741-b1f5-a9247145a2ac:c1435, 2e3e112c-ad01-4834-a07e-d6d8a7947632:c1431, dfee02f7-0d20-4e08-8ecd-ebe087394a07:c1431]
2019-07-08 20:09:25,755 INFO  client.GrpcClientProtocolClient (GrpcClientProtocolClient.java:onNext(255)) - client-83AFC0B42279->fd4515e9-84f2-4741-b1f5-a9247145a2ac: receive RaftClientReply:client-83AFC0B42279->fd4515e9-84f2-4741-b1f5-a9247145a2ac@group-E2152A48AE85, cid=1070, SUCCESS, logIndex=0, commits[fd4515e9-84f2-4741-b1f5-a9247145a2ac:c1437, 2e3e112c-ad01-4834-a07e-d6d8a7947632:c1435, dfee02f7-0d20-4e08-8ecd-ebe087394a07:c1435]
2019-07-08 20:09:25,778 INFO  client.GrpcClientProtocolClient (GrpcClientProtocolClient.java:onNext(255)) - client-83AFC0B42279->fd4515e9-84f2-4741-b1f5-a9247145a2ac: receive RaftClientReply:client-83AFC0B42279->fd4515e9-84f2-4741-b1f5-a9247145a2ac@group-E2152A48AE85, cid=1071, SUCCESS, logIndex=1438, commits[fd4515e9-84f2-4741-b1f5-a9247145a2ac:c1439, 2e3e112c-ad01-4834-a07e-d6d8a7947632:c1437, dfee02f7-0d20-4e08-8ecd-ebe087394a07:c1437]
2019-07-08 20:09:25,778 INFO  client.GrpcClientProtocolClient (GrpcClientProtocolClient.java:onNext(255)) - client-83AFC0B42279->fd4515e9-84f2-4741-b1f5-a9247145a2ac: receive RaftClientReply:client-83AFC0B42279->fd4515e9-84f2-4741-b1f5-a9247145a2ac@group-E2152A48AE85, cid=1072, SUCCESS, logIndex=1439, commits[fd4515e9-84f2-4741-b1f5-a9247145a2ac:c1440, 2e3e112c-ad01-4834-a07e-d6d8a7947632:c1437, dfee02f7-0d20-4e08-8ecd-ebe087394a07:c1437]
2019-07-08 20:09:25,779 INFO  client.GrpcClientProtocolClient (GrpcClientProtocolClient.java:onNext(255)) - client-83AFC0B42279->fd4515e9-84f2-4741-b1f5-a9247145a2ac: receive RaftClientReply:client-83AFC0B42279->fd4515e9-84f2-4741-b1f5-a9247145a2ac@group-E2152A48AE85, cid=1073, SUCCESS, logIndex=1440, commits[fd4515e9-84f2-4741-b1f5-a9247145a2ac:c1441, 2e3e112c-ad01-4834-a07e-d6d8a7947632:c1437, dfee02f7-0d20-4e08-8ecd-ebe087394a07:c1437]
2019-07-08 20:09:25,780 INFO  client.GrpcClientProtocolClient (GrpcClientProtocolClient.java:onNext(255)) - client-83AFC0B42279->fd4515e9-84f2-4741-b1f5-a9247145a2ac: receive RaftClientReply:client-83AFC0B42279->fd4515e9-84f2-4741-b1f5-a9247145a2ac@group-E2152A48AE85, cid=1074, SUCCESS, logIndex=1441, commits[fd4515e9-84f2-4741-b1f5-a9247145a2ac:c1441, 2e3e112c-ad01-4834-a07e-d6d8a7947632:c1437, dfee02f7-0d20-4e08-8ecd-ebe087394a07:c1437]
2019-07-08 20:09:25,781 INFO  client.GrpcClientProtocolClient (GrpcClientProtocolClient.java:onNext(255)) - client-83AFC0B42279->fd4515e9-84f2-4741-b1f5-a9247145a2ac: receive RaftClientReply:client-83AFC0B42279->fd4515e9-84f2-4741-b1f5-a9247145a2ac@group-E2152A48AE85, cid=1075, SUCCESS, logIndex=0, commits[fd4515e9-84f2-4741-b1f5-a9247145a2ac:c1445, 2e3e112c-ad01-4834-a07e-d6d8a7947632:c1441, dfee02f7-0d20-4e08-8ecd-ebe087394a07:c1440]
2019-07-08 20:09:25,801 INFO  client.GrpcClientProtocolClient (GrpcClientProtocolClient.java:onNext(255)) - client-83AFC0B42279->fd4515e9-84f2-4741-b1f5-a9247145a2ac: receive RaftClientReply:client-83AFC0B42279->fd4515e9-84f2-4741-b1f5-a9247145a2ac@group-E2152A48AE85, cid=1076, SUCCESS, logIndex=1446, commits[fd4515e9-84f2-4741-b1f5-a9247145a2ac:c1447, 2e3e112c-ad01-4834-a07e-d6d8a7947632:c1445, dfee02f7-0d20-4e08-8ecd-ebe087394a07:c1445]
2019-07-08 20:09:25,802 INFO  client.GrpcClientProtocolClient (GrpcClientProtocolClient.java:onNext(255)) - client-83AFC0B42279->fd4515e9-84f2-4741-b1f5-a9247145a2ac: receive RaftClientReply:client-83AFC0B42279->fd4515e9-84f2-4741-b1f5-a9247145a2ac@group-E2152A48AE85, cid=1077, SUCCESS, logIndex=1447, commits[fd4515e9-84f2-4741-b1f5-a9247145a2ac:c1447, 2e3e112c-ad01-4834-a07e-d6d8a7947632:c1445, dfee02f7-0d20-4e08-8ecd-ebe087394a07:c1445]
2019-07-08 20:09:25,815 INFO  client.GrpcClientProtocolClient (GrpcClientProtocolClient.java:onNext(255)) - client-83AFC0B42279->fd4515e9-84f2-4741-b1f5-a9247145a2ac: receive RaftClientReply:client-83AFC0B42279->fd4515e9-84f2-4741-b1f5-a9247145a2ac@group-E2152A48AE85, cid=1078, SUCCESS, logIndex=1450, commits[fd4515e9-84f2-4741-b1f5-a9247145a2ac:c1450, 2e3e112c-ad01-4834-a07e-d6d8a7947632:c1447, dfee02f7-0d20-4e08-8ecd-ebe087394a07:c1447]
2019-07-08 20:09:25,815 INFO  client.GrpcClientProtocolClient (GrpcClientProtocolClient.java:onNext(255)) - client-83AFC0B42279->fd4515e9-84f2-4741-b1f5-a9247145a2ac: receive RaftClientReply:client-83AFC0B42279->fd4515e9-84f2-4741-b1f5-a9247145a2ac@group-E2152A48AE85, cid=1079, SUCCESS, logIndex=1451, commits[fd4515e9-84f2-4741-b1f5-a9247145a2ac:c1451, 2e3e112c-ad01-4834-a07e-d6d8a7947632:c1447, dfee02f7-0d20-4e08-8ecd-ebe087394a07:c1447]
2019-07-08 20:09:25,827 INFO  client.GrpcClientProtocolClient (GrpcClientProtocolClient.java:onNext(255)) - client-83AFC0B42279->fd4515e9-84f2-4741-b1f5-a9247145a2ac: receive RaftClientReply:client-83AFC0B42279->fd4515e9-84f2-4741-b1f5-a9247145a2ac@group-E2152A48AE85, cid=1080, SUCCESS, logIndex=0, commits[fd4515e9-84f2-4741-b1f5-a9247145a2ac:c1453, 2e3e112c-ad01-4834-a07e-d6d8a7947632:c1451, dfee02f7-0d20-4e08-8ecd-ebe087394a07:c1451]
2019-07-08 20:09:25,852 INFO  client.GrpcClientProtocolClient (GrpcClientProtocolClient.java:onNext(255)) - client-83AFC0B42279->fd4515e9-84f2-4741-b1f5-a9247145a2ac: receive RaftClientReply:client-83AFC0B42279->fd4515e9-84f2-4741-b1f5-a9247145a2ac@group-E2152A48AE85, cid=1081, SUCCESS, logIndex=1454, commits[fd4515e9-84f2-4741-b1f5-a9247145a2ac:c1457, 2e3e112c-ad01-4834-a07e-d6d8a7947632:c1453, dfee02f7-0d20-4e08-8ecd-ebe087394a07:c1453]
2019-07-08 20:09:25,854 INFO  client.GrpcClientProtocolClient (GrpcClientProtocolClient.java:onNext(255)) - client-83AFC0B42279->fd4515e9-84f2-4741-b1f5-a9247145a2ac: receive RaftClientReply:client-83AFC0B42279->fd4515e9-84f2-4741-b1f5-a9247145a2ac@group-E2152A48AE85, cid=1082, SUCCESS, logIndex=1455, commits[fd4515e9-84f2-4741-b1f5-a9247145a2ac:c1457, 2e3e112c-ad01-4834-a07e-d6d8a7947632:c1453, dfee02f7-0d20-4e08-8ecd-ebe087394a07:c1453]
2019-07-08 20:09:25,854 INFO  client.GrpcClientProtocolClient (GrpcClientProtocolClient.java:onNext(255)) - client-83AFC0B42279->fd4515e9-84f2-4741-b1f5-a9247145a2ac: receive RaftClientReply:client-83AFC0B42279->fd4515e9-84f2-4741-b1f5-a9247145a2ac@group-E2152A48AE85, cid=1083, SUCCESS, logIndex=1456, commits[fd4515e9-84f2-4741-b1f5-a9247145a2ac:c1457, 2e3e112c-ad01-4834-a07e-d6d8a7947632:c1453, dfee02f7-0d20-4e08-8ecd-ebe087394a07:c1453]
2019-07-08 20:09:25,854 INFO  client.GrpcClientProtocolClient (GrpcClientProtocolClient.java:onNext(255)) - client-83AFC0B42279->fd4515e9-84f2-4741-b1f5-a9247145a2ac: receive RaftClientReply:client-83AFC0B42279->fd4515e9-84f2-4741-b1f5-a9247145a2ac@group-E2152A48AE85, cid=1084, SUCCESS, logIndex=1457, commits[fd4515e9-84f2-4741-b1f5-a9247145a2ac:c1458, 2e3e112c-ad01-4834-a07e-d6d8a7947632:c1453, dfee02f7-0d20-4e08-8ecd-ebe087394a07:c1455]
2019-07-08 20:09:25,856 INFO  client.GrpcClientProtocolClient (GrpcClientProtocolClient.java:onNext(255)) - client-83AFC0B42279->fd4515e9-84f2-4741-b1f5-a9247145a2ac: receive RaftClientReply:client-83AFC0B42279->fd4515e9-84f2-4741-b1f5-a9247145a2ac@group-E2152A48AE85, cid=1085, SUCCESS, logIndex=0, commits[fd4515e9-84f2-4741-b1f5-a9247145a2ac:c1461, 2e3e112c-ad01-4834-a07e-d6d8a7947632:c1457, dfee02f7-0d20-4e08-8ecd-ebe087394a07:c1457]
2019-07-08 20:09:25,876 INFO  client.GrpcClientProtocolClient (GrpcClientProtocolClient.java:onNext(255)) - client-83AFC0B42279->fd4515e9-84f2-4741-b1f5-a9247145a2ac: receive RaftClientReply:client-83AFC0B42279->fd4515e9-84f2-4741-b1f5-a9247145a2ac@group-E2152A48AE85, cid=1086, SUCCESS, logIndex=1462, commits[fd4515e9-84f2-4741-b1f5-a9247145a2ac:c1463, 2e3e112c-ad01-4834-a07e-d6d8a7947632:c1461, dfee02f7-0d20-4e08-8ecd-ebe087394a07:c1461]
2019-07-08 20:09:25,877 INFO  client.GrpcClientProtocolClient (GrpcClientProtocolClient.java:onNext(255)) - client-83AFC0B42279->fd4515e9-84f2-4741-b1f5-a9247145a2ac: receive RaftClientReply:client-83AFC0B42279->fd4515e9-84f2-4741-b1f5-a9247145a2ac@group-E2152A48AE85, cid=1087, SUCCESS, logIndex=1463, commits[fd4515e9-84f2-4741-b1f5-a9247145a2ac:c1463, 2e3e112c-ad01-4834-a07e-d6d8a7947632:c1461, dfee02f7-0d20-4e08-8ecd-ebe087394a07:c1461]
2019-07-08 20:09:25,890 INFO  client.GrpcClientProtocolClient (GrpcClientProtocolClient.java:onNext(255)) - client-83AFC0B42279->fd4515e9-84f2-4741-b1f5-a9247145a2ac: receive RaftClientReply:client-83AFC0B42279->fd4515e9-84f2-4741-b1f5-a9247145a2ac@group-E2152A48AE85, cid=1088, SUCCESS, logIndex=1466, commits[fd4515e9-84f2-4741-b1f5-a9247145a2ac:c1467, 2e3e112c-ad01-4834-a07e-d6d8a7947632:c1462, dfee02f7-0d20-4e08-8ecd-ebe087394a07:c1463]
2019-07-08 20:09:25,891 INFO  client.GrpcClientProtocolClient (GrpcClientProtocolClient.java:onNext(255)) - client-83AFC0B42279->fd4515e9-84f2-4741-b1f5-a9247145a2ac: receive RaftClientReply:client-83AFC0B42279->fd4515e9-84f2-4741-b1f5-a9247145a2ac@group-E2152A48AE85, cid=1089, SUCCESS, logIndex=1467, commits[fd4515e9-84f2-4741-b1f5-a9247145a2ac:c1467, 2e3e112c-ad01-4834-a07e-d6d8a7947632:c1463, dfee02f7-0d20-4e08-8ecd-ebe087394a07:c1463]
2019-07-08 20:09:25,892 INFO  client.GrpcClientProtocolClient (GrpcClientProtocolClient.java:onNext(255)) - client-83AFC0B42279->fd4515e9-84f2-4741-b1f5-a9247145a2ac: receive RaftClientReply:client-83AFC0B42279->fd4515e9-84f2-4741-b1f5-a9247145a2ac@group-E2152A48AE85, cid=1090, SUCCESS, logIndex=0, commits[fd4515e9-84f2-4741-b1f5-a9247145a2ac:c1468, 2e3e112c-ad01-4834-a07e-d6d8a7947632:c1467, dfee02f7-0d20-4e08-8ecd-ebe087394a07:c1467]
2019-07-08 20:09:25,912 INFO  client.GrpcClientProtocolClient (GrpcClientProtocolClient.java:onNext(255)) - client-83AFC0B42279->fd4515e9-84f2-4741-b1f5-a9247145a2ac: receive RaftClientReply:client-83AFC0B42279->fd4515e9-84f2-4741-b1f5-a9247145a2ac@group-E2152A48AE85, cid=1091, SUCCESS, logIndex=1470, commits[fd4515e9-84f2-4741-b1f5-a9247145a2ac:c1471, 2e3e112c-ad01-4834-a07e-d6d8a7947632:c1469, dfee02f7-0d20-4e08-8ecd-ebe087394a07:c1469]
2019-07-08 20:09:25,913 INFO  client.GrpcClientProtocolClient (GrpcClientProtocolClient.java:onNext(255)) - client-83AFC0B42279->fd4515e9-84f2-4741-b1f5-a9247145a2ac: receive RaftClientReply:client-83AFC0B42279->fd4515e9-84f2-4741-b1f5-a9247145a2ac@group-E2152A48AE85, cid=1092, SUCCESS, logIndex=1471, commits[fd4515e9-84f2-4741-b1f5-a9247145a2ac:c1473, 2e3e112c-ad01-4834-a07e-d6d8a7947632:c1469, dfee02f7-0d20-4e08-8ecd-ebe087394a07:c1469]
2019-07-08 20:09:25,914 INFO  client.GrpcClientProtocolClient (GrpcClientProtocolClient.java:onNext(255)) - client-83AFC0B42279->fd4515e9-84f2-4741-b1f5-a9247145a2ac: receive RaftClientReply:client-83AFC0B42279->fd4515e9-84f2-4741-b1f5-a9247145a2ac@group-E2152A48AE85, cid=1093, SUCCESS, logIndex=1472, commits[fd4515e9-84f2-4741-b1f5-a9247145a2ac:c1473, 2e3e112c-ad01-4834-a07e-d6d8a7947632:c1469, dfee02f7-0d20-4e08-8ecd-ebe087394a07:c1469]
2019-07-08 20:09:25,914 INFO  client.GrpcClientProtocolClient (GrpcClientProtocolClient.java:onNext(255)) - client-83AFC0B42279->fd4515e9-84f2-4741-b1f5-a9247145a2ac: receive RaftClientReply:client-83AFC0B42279->fd4515e9-84f2-4741-b1f5-a9247145a2ac@group-E2152A48AE85, cid=1094, SUCCESS, logIndex=1473, commits[fd4515e9-84f2-4741-b1f5-a9247145a2ac:c1473, 2e3e112c-ad01-4834-a07e-d6d8a7947632:c1469, dfee02f7-0d20-4e08-8ecd-ebe087394a07:c1469]
2019-07-08 20:09:25,916 INFO  client.GrpcClientProtocolClient (GrpcClientProtocolClient.java:onNext(255)) - client-83AFC0B42279->fd4515e9-84f2-4741-b1f5-a9247145a2ac: receive RaftClientReply:client-83AFC0B42279->fd4515e9-84f2-4741-b1f5-a9247145a2ac@group-E2152A48AE85, cid=1095, SUCCESS, logIndex=0, commits[fd4515e9-84f2-4741-b1f5-a9247145a2ac:c1477, 2e3e112c-ad01-4834-a07e-d6d8a7947632:c1471, dfee02f7-0d20-4e08-8ecd-ebe087394a07:c1473]
2019-07-08 20:09:25,938 INFO  client.GrpcClientProtocolClient (GrpcClientProtocolClient.java:onNext(255)) - client-83AFC0B42279->fd4515e9-84f2-4741-b1f5-a9247145a2ac: receive RaftClientReply:client-83AFC0B42279->fd4515e9-84f2-4741-b1f5-a9247145a2ac@group-E2152A48AE85, cid=1096, SUCCESS, logIndex=1478, commits[fd4515e9-84f2-4741-b1f5-a9247145a2ac:c1479, 2e3e112c-ad01-4834-a07e-d6d8a7947632:c1477, dfee02f7-0d20-4e08-8ecd-ebe087394a07:c1477]
2019-07-08 20:09:25,939 INFO  client.GrpcClientProtocolClient (GrpcClientProtocolClient.java:onNext(255)) - client-83AFC0B42279->fd4515e9-84f2-4741-b1f5-a9247145a2ac: receive RaftClientReply:client-83AFC0B42279->fd4515e9-84f2-4741-b1f5-a9247145a2ac@group-E2152A48AE85, cid=1097, SUCCESS, logIndex=1479, commits[fd4515e9-84f2-4741-b1f5-a9247145a2ac:c1479, 2e3e112c-ad01-4834-a07e-d6d8a7947632:c1477, dfee02f7-0d20-4e08-8ecd-ebe087394a07:c1477]
2019-07-08 20:09:25,951 INFO  client.GrpcClientProtocolClient (GrpcClientProtocolClient.java:onNext(255)) - client-83AFC0B42279->fd4515e9-84f2-4741-b1f5-a9247145a2ac: receive RaftClientReply:client-83AFC0B42279->fd4515e9-84f2-4741-b1f5-a9247145a2ac@group-E2152A48AE85, cid=1098, SUCCESS, logIndex=1482, commits[fd4515e9-84f2-4741-b1f5-a9247145a2ac:c1483, 2e3e112c-ad01-4834-a07e-d6d8a7947632:c1479, dfee02f7-0d20-4e08-8ecd-ebe087394a07:c1479]
2019-07-08 20:09:25,952 INFO  client.GrpcClientProtocolClient (GrpcClientProtocolClient.java:onNext(255)) - client-83AFC0B42279->fd4515e9-84f2-4741-b1f5-a9247145a2ac: receive RaftClientReply:client-83AFC0B42279->fd4515e9-84f2-4741-b1f5-a9247145a2ac@group-E2152A48AE85, cid=1099, SUCCESS, logIndex=1483, commits[fd4515e9-84f2-4741-b1f5-a9247145a2ac:c1483, 2e3e112c-ad01-4834-a07e-d6d8a7947632:c1479, dfee02f7-0d20-4e08-8ecd-ebe087394a07:c1479]
2019-07-08 20:09:25,964 INFO  client.GrpcClientProtocolClient (GrpcClientProtocolClient.java:onNext(255)) - client-83AFC0B42279->fd4515e9-84f2-4741-b1f5-a9247145a2ac: receive RaftClientReply:client-83AFC0B42279->fd4515e9-84f2-4741-b1f5-a9247145a2ac@group-E2152A48AE85, cid=1100, SUCCESS, logIndex=0, commits[fd4515e9-84f2-4741-b1f5-a9247145a2ac:c1485, 2e3e112c-ad01-4834-a07e-d6d8a7947632:c1483, dfee02f7-0d20-4e08-8ecd-ebe087394a07:c1483]
2019-07-08 20:09:25,984 INFO  client.GrpcClientProtocolClient (GrpcClientProtocolClient.java:onNext(255)) - client-83AFC0B42279->fd4515e9-84f2-4741-b1f5-a9247145a2ac: receive RaftClientReply:client-83AFC0B42279->fd4515e9-84f2-4741-b1f5-a9247145a2ac@group-E2152A48AE85, cid=1101, SUCCESS, logIndex=1486, commits[fd4515e9-84f2-4741-b1f5-a9247145a2ac:c1487, 2e3e112c-ad01-4834-a07e-d6d8a7947632:c1485, dfee02f7-0d20-4e08-8ecd-ebe087394a07:c1485]
2019-07-08 20:09:25,985 INFO  client.GrpcClientProtocolClient (GrpcClientProtocolClient.java:onNext(255)) - client-83AFC0B42279->fd4515e9-84f2-4741-b1f5-a9247145a2ac: receive RaftClientReply:client-83AFC0B42279->fd4515e9-84f2-4741-b1f5-a9247145a2ac@group-E2152A48AE85, cid=1102, SUCCESS, logIndex=1487, commits[fd4515e9-84f2-4741-b1f5-a9247145a2ac:c1487, 2e3e112c-ad01-4834-a07e-d6d8a7947632:c1485, dfee02f7-0d20-4e08-8ecd-ebe087394a07:c1485]
2019-07-08 20:09:25,985 INFO  client.GrpcClientProtocolClient (GrpcClientProtocolClient.java:onNext(255)) - client-83AFC0B42279->fd4515e9-84f2-4741-b1f5-a9247145a2ac: receive RaftClientReply:client-83AFC0B42279->fd4515e9-84f2-4741-b1f5-a9247145a2ac@group-E2152A48AE85, cid=1103, SUCCESS, logIndex=1488, commits[fd4515e9-84f2-4741-b1f5-a9247145a2ac:c1489, 2e3e112c-ad01-4834-a07e-d6d8a7947632:c1485, dfee02f7-0d20-4e08-8ecd-ebe087394a07:c1485]
2019-07-08 20:09:25,986 INFO  client.GrpcClientProtocolClient (GrpcClientProtocolClient.java:onNext(255)) - client-83AFC0B42279->fd4515e9-84f2-4741-b1f5-a9247145a2ac: receive RaftClientReply:client-83AFC0B42279->fd4515e9-84f2-4741-b1f5-a9247145a2ac@group-E2152A48AE85, cid=1104, SUCCESS, logIndex=1489, commits[fd4515e9-84f2-4741-b1f5-a9247145a2ac:c1489, 2e3e112c-ad01-4834-a07e-d6d8a7947632:c1485, dfee02f7-0d20-4e08-8ecd-ebe087394a07:c1485]
2019-07-08 20:09:25,987 INFO  client.GrpcClientProtocolClient (GrpcClientProtocolClient.java:onNext(255)) - client-83AFC0B42279->fd4515e9-84f2-4741-b1f5-a9247145a2ac: receive RaftClientReply:client-83AFC0B42279->fd4515e9-84f2-4741-b1f5-a9247145a2ac@group-E2152A48AE85, cid=1105, SUCCESS, logIndex=0, commits[fd4515e9-84f2-4741-b1f5-a9247145a2ac:c1491, 2e3e112c-ad01-4834-a07e-d6d8a7947632:c1487, dfee02f7-0d20-4e08-8ecd-ebe087394a07:c1487]
2019-07-08 20:09:26,005 INFO  client.GrpcClientProtocolClient (GrpcClientProtocolClient.java:onNext(255)) - client-83AFC0B42279->fd4515e9-84f2-4741-b1f5-a9247145a2ac: receive RaftClientReply:client-83AFC0B42279->fd4515e9-84f2-4741-b1f5-a9247145a2ac@group-E2152A48AE85, cid=1106, SUCCESS, logIndex=1494, commits[fd4515e9-84f2-4741-b1f5-a9247145a2ac:c1495, 2e3e112c-ad01-4834-a07e-d6d8a7947632:c1493, dfee02f7-0d20-4e08-8ecd-ebe087394a07:c1493]
2019-07-08 20:09:26,006 INFO  client.GrpcClientProtocolClient (GrpcClientProtocolClient.java:onNext(255)) - client-83AFC0B42279->fd4515e9-84f2-4741-b1f5-a9247145a2ac: receive RaftClientReply:client-83AFC0B42279->fd4515e9-84f2-4741-b1f5-a9247145a2ac@group-E2152A48AE85, cid=1107, SUCCESS, logIndex=1495, commits[fd4515e9-84f2-4741-b1f5-a9247145a2ac:c1495, 2e3e112c-ad01-4834-a07e-d6d8a7947632:c1493, dfee02f7-0d20-4e08-8ecd-ebe087394a07:c1493]
2019-07-08 20:09:26,019 INFO  client.GrpcClientProtocolClient (GrpcClientProtocolClient.java:onNext(255)) - client-83AFC0B42279->fd4515e9-84f2-4741-b1f5-a9247145a2ac: receive RaftClientReply:client-83AFC0B42279->fd4515e9-84f2-4741-b1f5-a9247145a2ac@group-E2152A48AE85, cid=1108, SUCCESS, logIndex=1498, commits[fd4515e9-84f2-4741-b1f5-a9247145a2ac:c1499, 2e3e112c-ad01-4834-a07e-d6d8a7947632:c1495, dfee02f7-0d20-4e08-8ecd-ebe087394a07:c1495]
2019-07-08 20:09:26,019 INFO  client.GrpcClientProtocolClient (GrpcClientProtocolClient.java:onNext(255)) - client-83AFC0B42279->fd4515e9-84f2-4741-b1f5-a9247145a2ac: receive RaftClientReply:client-83AFC0B42279->fd4515e9-84f2-4741-b1f5-a9247145a2ac@group-E2152A48AE85, cid=1109, SUCCESS, logIndex=1499, commits[fd4515e9-84f2-4741-b1f5-a9247145a2ac:c1499, 2e3e112c-ad01-4834-a07e-d6d8a7947632:c1495, dfee02f7-0d20-4e08-8ecd-ebe087394a07:c1495]
2019-07-08 20:09:26,032 INFO  client.GrpcClientProtocolClient (GrpcClientProtocolClient.java:onNext(255)) - client-83AFC0B42279->fd4515e9-84f2-4741-b1f5-a9247145a2ac: receive RaftClientReply:client-83AFC0B42279->fd4515e9-84f2-4741-b1f5-a9247145a2ac@group-E2152A48AE85, cid=1110, SUCCESS, logIndex=0, commits[fd4515e9-84f2-4741-b1f5-a9247145a2ac:c1501, 2e3e112c-ad01-4834-a07e-d6d8a7947632:c1499, dfee02f7-0d20-4e08-8ecd-ebe087394a07:c1499]
2019-07-08 20:09:26,052 INFO  client.GrpcClientProtocolClient (GrpcClientProtocolClient.java:onNext(255)) - client-83AFC0B42279->fd4515e9-84f2-4741-b1f5-a9247145a2ac: receive RaftClientReply:client-83AFC0B42279->fd4515e9-84f2-4741-b1f5-a9247145a2ac@group-E2152A48AE85, cid=1111, SUCCESS, logIndex=1502, commits[fd4515e9-84f2-4741-b1f5-a9247145a2ac:c1503, 2e3e112c-ad01-4834-a07e-d6d8a7947632:c1501, dfee02f7-0d20-4e08-8ecd-ebe087394a07:c1501]
2019-07-08 20:09:26,053 INFO  client.GrpcClientProtocolClient (GrpcClientProtocolClient.java:onNext(255)) - client-83AFC0B42279->fd4515e9-84f2-4741-b1f5-a9247145a2ac: receive RaftClientReply:client-83AFC0B42279->fd4515e9-84f2-4741-b1f5-a9247145a2ac@group-E2152A48AE85, cid=1112, SUCCESS, logIndex=1503, commits[fd4515e9-84f2-4741-b1f5-a9247145a2ac:c1503, 2e3e112c-ad01-4834-a07e-d6d8a7947632:c1501, dfee02f7-0d20-4e08-8ecd-ebe087394a07:c1501]
2019-07-08 20:09:26,053 INFO  client.GrpcClientProtocolClient (GrpcClientProtocolClient.java:onNext(255)) - client-83AFC0B42279->fd4515e9-84f2-4741-b1f5-a9247145a2ac: receive RaftClientReply:client-83AFC0B42279->fd4515e9-84f2-4741-b1f5-a9247145a2ac@group-E2152A48AE85, cid=1113, SUCCESS, logIndex=1504, commits[fd4515e9-84f2-4741-b1f5-a9247145a2ac:c1505, 2e3e112c-ad01-4834-a07e-d6d8a7947632:c1501, dfee02f7-0d20-4e08-8ecd-ebe087394a07:c1501]
2019-07-08 20:09:26,053 INFO  client.GrpcClientProtocolClient (GrpcClientProtocolClient.java:onNext(255)) - client-83AFC0B42279->fd4515e9-84f2-4741-b1f5-a9247145a2ac: receive RaftClientReply:client-83AFC0B42279->fd4515e9-84f2-4741-b1f5-a9247145a2ac@group-E2152A48AE85, cid=1114, SUCCESS, logIndex=1505, commits[fd4515e9-84f2-4741-b1f5-a9247145a2ac:c1505, 2e3e112c-ad01-4834-a07e-d6d8a7947632:c1501, dfee02f7-0d20-4e08-8ecd-ebe087394a07:c1501]
2019-07-08 20:09:26,055 INFO  client.GrpcClientProtocolClient (GrpcClientProtocolClient.java:onNext(255)) - client-83AFC0B42279->fd4515e9-84f2-4741-b1f5-a9247145a2ac: receive RaftClientReply:client-83AFC0B42279->fd4515e9-84f2-4741-b1f5-a9247145a2ac@group-E2152A48AE85, cid=1115, SUCCESS, logIndex=0, commits[fd4515e9-84f2-4741-b1f5-a9247145a2ac:c1507, 2e3e112c-ad01-4834-a07e-d6d8a7947632:c1503, dfee02f7-0d20-4e08-8ecd-ebe087394a07:c1503]
2019-07-08 20:09:26,085 INFO  client.GrpcClientProtocolClient (GrpcClientProtocolClient.java:onNext(255)) - client-83AFC0B42279->fd4515e9-84f2-4741-b1f5-a9247145a2ac: receive RaftClientReply:client-83AFC0B42279->fd4515e9-84f2-4741-b1f5-a9247145a2ac@group-E2152A48AE85, cid=1116, SUCCESS, logIndex=1510, commits[fd4515e9-84f2-4741-b1f5-a9247145a2ac:c1511, 2e3e112c-ad01-4834-a07e-d6d8a7947632:c1509, dfee02f7-0d20-4e08-8ecd-ebe087394a07:c1509]
2019-07-08 20:09:26,085 INFO  client.GrpcClientProtocolClient (GrpcClientProtocolClient.java:onNext(255)) - client-83AFC0B42279->fd4515e9-84f2-4741-b1f5-a9247145a2ac: receive RaftClientReply:client-83AFC0B42279->fd4515e9-84f2-4741-b1f5-a9247145a2ac@group-E2152A48AE85, cid=1117, SUCCESS, logIndex=1511, commits[fd4515e9-84f2-4741-b1f5-a9247145a2ac:c1511, 2e3e112c-ad01-4834-a07e-d6d8a7947632:c1509, dfee02f7-0d20-4e08-8ecd-ebe087394a07:c1509]
2019-07-08 20:09:26,099 INFO  client.GrpcClientProtocolClient (GrpcClientProtocolClient.java:onNext(255)) - client-83AFC0B42279->fd4515e9-84f2-4741-b1f5-a9247145a2ac: receive RaftClientReply:client-83AFC0B42279->fd4515e9-84f2-4741-b1f5-a9247145a2ac@group-E2152A48AE85, cid=1118, SUCCESS, logIndex=1514, commits[fd4515e9-84f2-4741-b1f5-a9247145a2ac:c1515, 2e3e112c-ad01-4834-a07e-d6d8a7947632:c1511, dfee02f7-0d20-4e08-8ecd-ebe087394a07:c1511]
2019-07-08 20:09:26,099 INFO  client.GrpcClientProtocolClient (GrpcClientProtocolClient.java:onNext(255)) - client-83AFC0B42279->fd4515e9-84f2-4741-b1f5-a9247145a2ac: receive RaftClientReply:client-83AFC0B42279->fd4515e9-84f2-4741-b1f5-a9247145a2ac@group-E2152A48AE85, cid=1119, SUCCESS, logIndex=1515, commits[fd4515e9-84f2-4741-b1f5-a9247145a2ac:c1515, 2e3e112c-ad01-4834-a07e-d6d8a7947632:c1511, dfee02f7-0d20-4e08-8ecd-ebe087394a07:c1511]
 0.00% |█                                                                                                    |  0/1 Time: 0:00:052019-07-08 20:09:26,115 INFO  client.GrpcClientProtocolClient (GrpcClientProtocolClient.java:onNext(255)) - client-83AFC0B42279->fd4515e9-84f2-4741-b1f5-a9247145a2ac: receive RaftClientReply:client-83AFC0B42279->fd4515e9-84f2-4741-b1f5-a9247145a2ac@group-E2152A48AE85, cid=1120, SUCCESS, logIndex=0, commits[fd4515e9-84f2-4741-b1f5-a9247145a2ac:c1516, 2e3e112c-ad01-4834-a07e-d6d8a7947632:c1515, dfee02f7-0d20-4e08-8ecd-ebe087394a07:c1515]
2019-07-08 20:09:26,135 INFO  client.GrpcClientProtocolClient (GrpcClientProtocolClient.java:onNext(255)) - client-83AFC0B42279->fd4515e9-84f2-4741-b1f5-a9247145a2ac: receive RaftClientReply:client-83AFC0B42279->fd4515e9-84f2-4741-b1f5-a9247145a2ac@group-E2152A48AE85, cid=1121, SUCCESS, logIndex=1518, commits[fd4515e9-84f2-4741-b1f5-a9247145a2ac:c1519, 2e3e112c-ad01-4834-a07e-d6d8a7947632:c1517, dfee02f7-0d20-4e08-8ecd-ebe087394a07:c1517]
2019-07-08 20:09:26,136 INFO  client.GrpcClientProtocolClient (GrpcClientProtocolClient.java:onNext(255)) - client-83AFC0B42279->fd4515e9-84f2-4741-b1f5-a9247145a2ac: receive RaftClientReply:client-83AFC0B42279->fd4515e9-84f2-4741-b1f5-a9247145a2ac@group-E2152A48AE85, cid=1122, SUCCESS, logIndex=1519, commits[fd4515e9-84f2-4741-b1f5-a9247145a2ac:c1519, 2e3e112c-ad01-4834-a07e-d6d8a7947632:c1517, dfee02f7-0d20-4e08-8ecd-ebe087394a07:c1517]
2019-07-08 20:09:26,136 INFO  client.GrpcClientProtocolClient (GrpcClientProtocolClient.java:onNext(255)) - client-83AFC0B42279->fd4515e9-84f2-4741-b1f5-a9247145a2ac: receive RaftClientReply:client-83AFC0B42279->fd4515e9-84f2-4741-b1f5-a9247145a2ac@group-E2152A48AE85, cid=1123, SUCCESS, logIndex=1520, commits[fd4515e9-84f2-4741-b1f5-a9247145a2ac:c1521, 2e3e112c-ad01-4834-a07e-d6d8a7947632:c1517, dfee02f7-0d20-4e08-8ecd-ebe087394a07:c1517]
2019-07-08 20:09:26,137 INFO  client.GrpcClientProtocolClient (GrpcClientProtocolClient.java:onNext(255)) - client-83AFC0B42279->fd4515e9-84f2-4741-b1f5-a9247145a2ac: receive RaftClientReply:client-83AFC0B42279->fd4515e9-84f2-4741-b1f5-a9247145a2ac@group-E2152A48AE85, cid=1124, SUCCESS, logIndex=1521, commits[fd4515e9-84f2-4741-b1f5-a9247145a2ac:c1521, 2e3e112c-ad01-4834-a07e-d6d8a7947632:c1517, dfee02f7-0d20-4e08-8ecd-ebe087394a07:c1517]
2019-07-08 20:09:26,138 INFO  client.GrpcClientProtocolClient (GrpcClientProtocolClient.java:onNext(255)) - client-83AFC0B42279->fd4515e9-84f2-4741-b1f5-a9247145a2ac: receive RaftClientReply:client-83AFC0B42279->fd4515e9-84f2-4741-b1f5-a9247145a2ac@group-E2152A48AE85, cid=1125, SUCCESS, logIndex=0, commits[fd4515e9-84f2-4741-b1f5-a9247145a2ac:c1523, 2e3e112c-ad01-4834-a07e-d6d8a7947632:c1519, dfee02f7-0d20-4e08-8ecd-ebe087394a07:c1519]
2019-07-08 20:09:26,159 INFO  client.GrpcClientProtocolClient (GrpcClientProtocolClient.java:onNext(255)) - client-83AFC0B42279->fd4515e9-84f2-4741-b1f5-a9247145a2ac: receive RaftClientReply:client-83AFC0B42279->fd4515e9-84f2-4741-b1f5-a9247145a2ac@group-E2152A48AE85, cid=1126, SUCCESS, logIndex=1526, commits[fd4515e9-84f2-4741-b1f5-a9247145a2ac:c1527, 2e3e112c-ad01-4834-a07e-d6d8a7947632:c1525, dfee02f7-0d20-4e08-8ecd-ebe087394a07:c1525]
2019-07-08 20:09:26,159 INFO  client.GrpcClientProtocolClient (GrpcClientProtocolClient.java:onNext(255)) - client-83AFC0B42279->fd4515e9-84f2-4741-b1f5-a9247145a2ac: receive RaftClientReply:client-83AFC0B42279->fd4515e9-84f2-4741-b1f5-a9247145a2ac@group-E2152A48AE85, cid=1127, SUCCESS, logIndex=1527, commits[fd4515e9-84f2-4741-b1f5-a9247145a2ac:c1527, 2e3e112c-ad01-4834-a07e-d6d8a7947632:c1525, dfee02f7-0d20-4e08-8ecd-ebe087394a07:c1525]
2019-07-08 20:09:26,174 INFO  client.GrpcClientProtocolClient (GrpcClientProtocolClient.java:onNext(255)) - client-83AFC0B42279->fd4515e9-84f2-4741-b1f5-a9247145a2ac: receive RaftClientReply:client-83AFC0B42279->fd4515e9-84f2-4741-b1f5-a9247145a2ac@group-E2152A48AE85, cid=1128, SUCCESS, logIndex=1530, commits[fd4515e9-84f2-4741-b1f5-a9247145a2ac:c1531, 2e3e112c-ad01-4834-a07e-d6d8a7947632:c1527, dfee02f7-0d20-4e08-8ecd-ebe087394a07:c1527]
2019-07-08 20:09:26,174 INFO  client.GrpcClientProtocolClient (GrpcClientProtocolClient.java:onNext(255)) - client-83AFC0B42279->fd4515e9-84f2-4741-b1f5-a9247145a2ac: receive RaftClientReply:client-83AFC0B42279->fd4515e9-84f2-4741-b1f5-a9247145a2ac@group-E2152A48AE85, cid=1129, SUCCESS, logIndex=1531, commits[fd4515e9-84f2-4741-b1f5-a9247145a2ac:c1531, 2e3e112c-ad01-4834-a07e-d6d8a7947632:c1527, dfee02f7-0d20-4e08-8ecd-ebe087394a07:c1527]
2019-07-08 20:09:26,175 INFO  client.GrpcClientProtocolClient (GrpcClientProtocolClient.java:onNext(255)) - client-83AFC0B42279->fd4515e9-84f2-4741-b1f5-a9247145a2ac: receive RaftClientReply:client-83AFC0B42279->fd4515e9-84f2-4741-b1f5-a9247145a2ac@group-E2152A48AE85, cid=1130, SUCCESS, logIndex=0, commits[fd4515e9-84f2-4741-b1f5-a9247145a2ac:c1532, 2e3e112c-ad01-4834-a07e-d6d8a7947632:c1531, dfee02f7-0d20-4e08-8ecd-ebe087394a07:c1531]
2019-07-08 20:09:26,196 INFO  client.GrpcClientProtocolClient (GrpcClientProtocolClient.java:onNext(255)) - client-83AFC0B42279->fd4515e9-84f2-4741-b1f5-a9247145a2ac: receive RaftClientReply:client-83AFC0B42279->fd4515e9-84f2-4741-b1f5-a9247145a2ac@group-E2152A48AE85, cid=1131, SUCCESS, logIndex=1534, commits[fd4515e9-84f2-4741-b1f5-a9247145a2ac:c1535, 2e3e112c-ad01-4834-a07e-d6d8a7947632:c1533, dfee02f7-0d20-4e08-8ecd-ebe087394a07:c1533]
2019-07-08 20:09:26,197 INFO  client.GrpcClientProtocolClient (GrpcClientProtocolClient.java:onNext(255)) - client-83AFC0B42279->fd4515e9-84f2-4741-b1f5-a9247145a2ac: receive RaftClientReply:client-83AFC0B42279->fd4515e9-84f2-4741-b1f5-a9247145a2ac@group-E2152A48AE85, cid=1132, SUCCESS, logIndex=1535, commits[fd4515e9-84f2-4741-b1f5-a9247145a2ac:c1535, 2e3e112c-ad01-4834-a07e-d6d8a7947632:c1533, dfee02f7-0d20-4e08-8ecd-ebe087394a07:c1533]
2019-07-08 20:09:26,197 INFO  client.GrpcClientProtocolClient (GrpcClientProtocolClient.java:onNext(255)) - client-83AFC0B42279->fd4515e9-84f2-4741-b1f5-a9247145a2ac: receive RaftClientReply:client-83AFC0B42279->fd4515e9-84f2-4741-b1f5-a9247145a2ac@group-E2152A48AE85, cid=1133, SUCCESS, logIndex=1536, commits[fd4515e9-84f2-4741-b1f5-a9247145a2ac:c1536, 2e3e112c-ad01-4834-a07e-d6d8a7947632:c1533, dfee02f7-0d20-4e08-8ecd-ebe087394a07:c1533]
2019-07-08 20:09:26,198 INFO  client.GrpcClientProtocolClient (GrpcClientProtocolClient.java:onNext(255)) - client-83AFC0B42279->fd4515e9-84f2-4741-b1f5-a9247145a2ac: receive RaftClientReply:client-83AFC0B42279->fd4515e9-84f2-4741-b1f5-a9247145a2ac@group-E2152A48AE85, cid=1134, SUCCESS, logIndex=1537, commits[fd4515e9-84f2-4741-b1f5-a9247145a2ac:c1537, 2e3e112c-ad01-4834-a07e-d6d8a7947632:c1533, dfee02f7-0d20-4e08-8ecd-ebe087394a07:c1533]
2019-07-08 20:09:26,199 INFO  client.GrpcClientProtocolClient (GrpcClientProtocolClient.java:onNext(255)) - client-83AFC0B42279->fd4515e9-84f2-4741-b1f5-a9247145a2ac: receive RaftClientReply:client-83AFC0B42279->fd4515e9-84f2-4741-b1f5-a9247145a2ac@group-E2152A48AE85, cid=1135, SUCCESS, logIndex=0, commits[fd4515e9-84f2-4741-b1f5-a9247145a2ac:c1539, 2e3e112c-ad01-4834-a07e-d6d8a7947632:c1535, dfee02f7-0d20-4e08-8ecd-ebe087394a07:c1535]
2019-07-08 20:09:26,220 INFO  client.GrpcClientProtocolClient (GrpcClientProtocolClient.java:onNext(255)) - client-83AFC0B42279->fd4515e9-84f2-4741-b1f5-a9247145a2ac: receive RaftClientReply:client-83AFC0B42279->fd4515e9-84f2-4741-b1f5-a9247145a2ac@group-E2152A48AE85, cid=1136, SUCCESS, logIndex=1542, commits[fd4515e9-84f2-4741-b1f5-a9247145a2ac:c1543, 2e3e112c-ad01-4834-a07e-d6d8a7947632:c1541, dfee02f7-0d20-4e08-8ecd-ebe087394a07:c1541]
2019-07-08 20:09:26,221 INFO  client.GrpcClientProtocolClient (GrpcClientProtocolClient.java:onNext(255)) - client-83AFC0B42279->fd4515e9-84f2-4741-b1f5-a9247145a2ac: receive RaftClientReply:client-83AFC0B42279->fd4515e9-84f2-4741-b1f5-a9247145a2ac@group-E2152A48AE85, cid=1137, SUCCESS, logIndex=1543, commits[fd4515e9-84f2-4741-b1f5-a9247145a2ac:c1543, 2e3e112c-ad01-4834-a07e-d6d8a7947632:c1541, dfee02f7-0d20-4e08-8ecd-ebe087394a07:c1541]
2019-07-08 20:09:26,340 INFO  client.GrpcClientProtocolClient (GrpcClientProtocolClient.java:onNext(255)) - client-83AFC0B42279->fd4515e9-84f2-4741-b1f5-a9247145a2ac: receive RaftClientReply:client-83AFC0B42279->fd4515e9-84f2-4741-b1f5-a9247145a2ac@group-E2152A48AE85, cid=1138, SUCCESS, logIndex=1546, commits[fd4515e9-84f2-4741-b1f5-a9247145a2ac:c1547, 2e3e112c-ad01-4834-a07e-d6d8a7947632:c1543, dfee02f7-0d20-4e08-8ecd-ebe087394a07:c1543]
2019-07-08 20:09:26,341 INFO  client.GrpcClientProtocolClient (GrpcClientProtocolClient.java:onNext(255)) - client-83AFC0B42279->fd4515e9-84f2-4741-b1f5-a9247145a2ac: receive RaftClientReply:client-83AFC0B42279->fd4515e9-84f2-4741-b1f5-a9247145a2ac@group-E2152A48AE85, cid=1139, SUCCESS, logIndex=1547, commits[fd4515e9-84f2-4741-b1f5-a9247145a2ac:c1547, 2e3e112c-ad01-4834-a07e-d6d8a7947632:c1543, dfee02f7-0d20-4e08-8ecd-ebe087394a07:c1543]
2019-07-08 20:09:26,343 INFO  client.GrpcClientProtocolClient (GrpcClientProtocolClient.java:onNext(255)) - client-83AFC0B42279->fd4515e9-84f2-4741-b1f5-a9247145a2ac: receive RaftClientReply:client-83AFC0B42279->fd4515e9-84f2-4741-b1f5-a9247145a2ac@group-E2152A48AE85, cid=1140, SUCCESS, logIndex=0, commits[fd4515e9-84f2-4741-b1f5-a9247145a2ac:c1548, 2e3e112c-ad01-4834-a07e-d6d8a7947632:c1547, dfee02f7-0d20-4e08-8ecd-ebe087394a07:c1547]
2019-07-08 20:09:26,364 INFO  client.GrpcClientProtocolClient (GrpcClientProtocolClient.java:onNext(255)) - client-83AFC0B42279->fd4515e9-84f2-4741-b1f5-a9247145a2ac: receive RaftClientReply:client-83AFC0B42279->fd4515e9-84f2-4741-b1f5-a9247145a2ac@group-E2152A48AE85, cid=1141, SUCCESS, logIndex=1550, commits[fd4515e9-84f2-4741-b1f5-a9247145a2ac:c1551, 2e3e112c-ad01-4834-a07e-d6d8a7947632:c1549, dfee02f7-0d20-4e08-8ecd-ebe087394a07:c1549]
2019-07-08 20:09:26,365 INFO  client.GrpcClientProtocolClient (GrpcClientProtocolClient.java:onNext(255)) - client-83AFC0B42279->fd4515e9-84f2-4741-b1f5-a9247145a2ac: receive RaftClientReply:client-83AFC0B42279->fd4515e9-84f2-4741-b1f5-a9247145a2ac@group-E2152A48AE85, cid=1142, SUCCESS, logIndex=1551, commits[fd4515e9-84f2-4741-b1f5-a9247145a2ac:c1551, 2e3e112c-ad01-4834-a07e-d6d8a7947632:c1549, dfee02f7-0d20-4e08-8ecd-ebe087394a07:c1549]
2019-07-08 20:09:26,366 INFO  client.GrpcClientProtocolClient (GrpcClientProtocolClient.java:onNext(255)) - client-83AFC0B42279->fd4515e9-84f2-4741-b1f5-a9247145a2ac: receive RaftClientReply:client-83AFC0B42279->fd4515e9-84f2-4741-b1f5-a9247145a2ac@group-E2152A48AE85, cid=1143, SUCCESS, logIndex=1552, commits[fd4515e9-84f2-4741-b1f5-a9247145a2ac:c1553, 2e3e112c-ad01-4834-a07e-d6d8a7947632:c1549, dfee02f7-0d20-4e08-8ecd-ebe087394a07:c1549]
2019-07-08 20:09:26,366 INFO  client.GrpcClientProtocolClient (GrpcClientProtocolClient.java:onNext(255)) - client-83AFC0B42279->fd4515e9-84f2-4741-b1f5-a9247145a2ac: receive RaftClientReply:client-83AFC0B42279->fd4515e9-84f2-4741-b1f5-a9247145a2ac@group-E2152A48AE85, cid=1144, SUCCESS, logIndex=1553, commits[fd4515e9-84f2-4741-b1f5-a9247145a2ac:c1553, 2e3e112c-ad01-4834-a07e-d6d8a7947632:c1550, dfee02f7-0d20-4e08-8ecd-ebe087394a07:c1549]
2019-07-08 20:09:26,368 INFO  client.GrpcClientProtocolClient (GrpcClientProtocolClient.java:onNext(255)) - client-83AFC0B42279->fd4515e9-84f2-4741-b1f5-a9247145a2ac: receive RaftClientReply:client-83AFC0B42279->fd4515e9-84f2-4741-b1f5-a9247145a2ac@group-E2152A48AE85, cid=1145, SUCCESS, logIndex=0, commits[fd4515e9-84f2-4741-b1f5-a9247145a2ac:c1555, 2e3e112c-ad01-4834-a07e-d6d8a7947632:c1551, dfee02f7-0d20-4e08-8ecd-ebe087394a07:c1551]
2019-07-08 20:09:26,391 INFO  client.GrpcClientProtocolClient (GrpcClientProtocolClient.java:onNext(255)) - client-83AFC0B42279->fd4515e9-84f2-4741-b1f5-a9247145a2ac: receive RaftClientReply:client-83AFC0B42279->fd4515e9-84f2-4741-b1f5-a9247145a2ac@group-E2152A48AE85, cid=1146, SUCCESS, logIndex=1558, commits[fd4515e9-84f2-4741-b1f5-a9247145a2ac:c1559, 2e3e112c-ad01-4834-a07e-d6d8a7947632:c1557, dfee02f7-0d20-4e08-8ecd-ebe087394a07:c1557]
2019-07-08 20:09:26,392 INFO  client.GrpcClientProtocolClient (GrpcClientProtocolClient.java:onNext(255)) - client-83AFC0B42279->fd4515e9-84f2-4741-b1f5-a9247145a2ac: receive RaftClientReply:client-83AFC0B42279->fd4515e9-84f2-4741-b1f5-a9247145a2ac@group-E2152A48AE85, cid=1147, SUCCESS, logIndex=1559, commits[fd4515e9-84f2-4741-b1f5-a9247145a2ac:c1559, 2e3e112c-ad01-4834-a07e-d6d8a7947632:c1557, dfee02f7-0d20-4e08-8ecd-ebe087394a07:c1557]
2019-07-08 20:09:26,421 INFO  client.GrpcClientProtocolClient (GrpcClientProtocolClient.java:onNext(255)) - client-83AFC0B42279->fd4515e9-84f2-4741-b1f5-a9247145a2ac: receive RaftClientReply:client-83AFC0B42279->fd4515e9-84f2-4741-b1f5-a9247145a2ac@group-E2152A48AE85, cid=1148, SUCCESS, logIndex=1562, commits[fd4515e9-84f2-4741-b1f5-a9247145a2ac:c1563, 2e3e112c-ad01-4834-a07e-d6d8a7947632:c1559, dfee02f7-0d20-4e08-8ecd-ebe087394a07:c1558]
2019-07-08 20:09:26,421 INFO  client.GrpcClientProtocolClient (GrpcClientProtocolClient.java:onNext(255)) - client-83AFC0B42279->fd4515e9-84f2-4741-b1f5-a9247145a2ac: receive RaftClientReply:client-83AFC0B42279->fd4515e9-84f2-4741-b1f5-a9247145a2ac@group-E2152A48AE85, cid=1149, SUCCESS, logIndex=1563, commits[fd4515e9-84f2-4741-b1f5-a9247145a2ac:c1563, 2e3e112c-ad01-4834-a07e-d6d8a7947632:c1559, dfee02f7-0d20-4e08-8ecd-ebe087394a07:c1559]
2019-07-08 20:09:26,432 INFO  client.GrpcClientProtocolClient (GrpcClientProtocolClient.java:onNext(255)) - client-83AFC0B42279->fd4515e9-84f2-4741-b1f5-a9247145a2ac: receive RaftClientReply:client-83AFC0B42279->fd4515e9-84f2-4741-b1f5-a9247145a2ac@group-E2152A48AE85, cid=1150, SUCCESS, logIndex=0, commits[fd4515e9-84f2-4741-b1f5-a9247145a2ac:c1564, 2e3e112c-ad01-4834-a07e-d6d8a7947632:c1563, dfee02f7-0d20-4e08-8ecd-ebe087394a07:c1563]
2019-07-08 20:09:26,453 INFO  client.GrpcClientProtocolClient (GrpcClientProtocolClient.java:onNext(255)) - client-83AFC0B42279->fd4515e9-84f2-4741-b1f5-a9247145a2ac: receive RaftClientReply:client-83AFC0B42279->fd4515e9-84f2-4741-b1f5-a9247145a2ac@group-E2152A48AE85, cid=1151, SUCCESS, logIndex=1566, commits[fd4515e9-84f2-4741-b1f5-a9247145a2ac:c1567, 2e3e112c-ad01-4834-a07e-d6d8a7947632:c1565, dfee02f7-0d20-4e08-8ecd-ebe087394a07:c1565]
2019-07-08 20:09:26,454 INFO  client.GrpcClientProtocolClient (GrpcClientProtocolClient.java:onNext(255)) - client-83AFC0B42279->fd4515e9-84f2-4741-b1f5-a9247145a2ac: receive RaftClientReply:client-83AFC0B42279->fd4515e9-84f2-4741-b1f5-a9247145a2ac@group-E2152A48AE85, cid=1152, SUCCESS, logIndex=1567, commits[fd4515e9-84f2-4741-b1f5-a9247145a2ac:c1567, 2e3e112c-ad01-4834-a07e-d6d8a7947632:c1565, dfee02f7-0d20-4e08-8ecd-ebe087394a07:c1565]
2019-07-08 20:09:26,455 INFO  client.GrpcClientProtocolClient (GrpcClientProtocolClient.java:onNext(255)) - client-83AFC0B42279->fd4515e9-84f2-4741-b1f5-a9247145a2ac: receive RaftClientReply:client-83AFC0B42279->fd4515e9-84f2-4741-b1f5-a9247145a2ac@group-E2152A48AE85, cid=1153, SUCCESS, logIndex=1568, commits[fd4515e9-84f2-4741-b1f5-a9247145a2ac:c1569, 2e3e112c-ad01-4834-a07e-d6d8a7947632:c1565, dfee02f7-0d20-4e08-8ecd-ebe087394a07:c1565]
2019-07-08 20:09:26,455 INFO  client.GrpcClientProtocolClient (GrpcClientProtocolClient.java:onNext(255)) - client-83AFC0B42279->fd4515e9-84f2-4741-b1f5-a9247145a2ac: receive RaftClientReply:client-83AFC0B42279->fd4515e9-84f2-4741-b1f5-a9247145a2ac@group-E2152A48AE85, cid=1154, SUCCESS, logIndex=1569, commits[fd4515e9-84f2-4741-b1f5-a9247145a2ac:c1569, 2e3e112c-ad01-4834-a07e-d6d8a7947632:c1565, dfee02f7-0d20-4e08-8ecd-ebe087394a07:c1565]
2019-07-08 20:09:26,456 INFO  client.GrpcClientProtocolClient (GrpcClientProtocolClient.java:onNext(255)) - client-83AFC0B42279->fd4515e9-84f2-4741-b1f5-a9247145a2ac: receive RaftClientReply:client-83AFC0B42279->fd4515e9-84f2-4741-b1f5-a9247145a2ac@group-E2152A48AE85, cid=1155, SUCCESS, logIndex=0, commits[fd4515e9-84f2-4741-b1f5-a9247145a2ac:c1571, 2e3e112c-ad01-4834-a07e-d6d8a7947632:c1567, dfee02f7-0d20-4e08-8ecd-ebe087394a07:c1567]
2019-07-08 20:09:26,476 INFO  client.GrpcClientProtocolClient (GrpcClientProtocolClient.java:onNext(255)) - client-83AFC0B42279->fd4515e9-84f2-4741-b1f5-a9247145a2ac: receive RaftClientReply:client-83AFC0B42279->fd4515e9-84f2-4741-b1f5-a9247145a2ac@group-E2152A48AE85, cid=1156, SUCCESS, logIndex=1574, commits[fd4515e9-84f2-4741-b1f5-a9247145a2ac:c1575, 2e3e112c-ad01-4834-a07e-d6d8a7947632:c1573, dfee02f7-0d20-4e08-8ecd-ebe087394a07:c1573]
2019-07-08 20:09:26,477 INFO  client.GrpcClientProtocolClient (GrpcClientProtocolClient.java:onNext(255)) - client-83AFC0B42279->fd4515e9-84f2-4741-b1f5-a9247145a2ac: receive RaftClientReply:client-83AFC0B42279->fd4515e9-84f2-4741-b1f5-a9247145a2ac@group-E2152A48AE85, cid=1157, SUCCESS, logIndex=1575, commits[fd4515e9-84f2-4741-b1f5-a9247145a2ac:c1575, 2e3e112c-ad01-4834-a07e-d6d8a7947632:c1573, dfee02f7-0d20-4e08-8ecd-ebe087394a07:c1573]
2019-07-08 20:09:26,490 INFO  client.GrpcClientProtocolClient (GrpcClientProtocolClient.java:onNext(255)) - client-83AFC0B42279->fd4515e9-84f2-4741-b1f5-a9247145a2ac: receive RaftClientReply:client-83AFC0B42279->fd4515e9-84f2-4741-b1f5-a9247145a2ac@group-E2152A48AE85, cid=1158, SUCCESS, logIndex=1578, commits[fd4515e9-84f2-4741-b1f5-a9247145a2ac:c1579, 2e3e112c-ad01-4834-a07e-d6d8a7947632:c1575, dfee02f7-0d20-4e08-8ecd-ebe087394a07:c1575]
2019-07-08 20:09:26,490 INFO  client.GrpcClientProtocolClient (GrpcClientProtocolClient.java:onNext(255)) - client-83AFC0B42279->fd4515e9-84f2-4741-b1f5-a9247145a2ac: receive RaftClientReply:client-83AFC0B42279->fd4515e9-84f2-4741-b1f5-a9247145a2ac@group-E2152A48AE85, cid=1159, SUCCESS, logIndex=1579, commits[fd4515e9-84f2-4741-b1f5-a9247145a2ac:c1579, 2e3e112c-ad01-4834-a07e-d6d8a7947632:c1575, dfee02f7-0d20-4e08-8ecd-ebe087394a07:c1575]
2019-07-08 20:09:26,502 INFO  client.GrpcClientProtocolClient (GrpcClientProtocolClient.java:onNext(255)) - client-83AFC0B42279->fd4515e9-84f2-4741-b1f5-a9247145a2ac: receive RaftClientReply:client-83AFC0B42279->fd4515e9-84f2-4741-b1f5-a9247145a2ac@group-E2152A48AE85, cid=1160, SUCCESS, logIndex=0, commits[fd4515e9-84f2-4741-b1f5-a9247145a2ac:c1581, 2e3e112c-ad01-4834-a07e-d6d8a7947632:c1579, dfee02f7-0d20-4e08-8ecd-ebe087394a07:c1579]
2019-07-08 20:09:26,522 INFO  client.GrpcClientProtocolClient (GrpcClientProtocolClient.java:onNext(255)) - client-83AFC0B42279->fd4515e9-84f2-4741-b1f5-a9247145a2ac: receive RaftClientReply:client-83AFC0B42279->fd4515e9-84f2-4741-b1f5-a9247145a2ac@group-E2152A48AE85, cid=1161, SUCCESS, logIndex=1582, commits[fd4515e9-84f2-4741-b1f5-a9247145a2ac:c1583, 2e3e112c-ad01-4834-a07e-d6d8a7947632:c1581, dfee02f7-0d20-4e08-8ecd-ebe087394a07:c1581]
2019-07-08 20:09:26,523 INFO  client.GrpcClientProtocolClient (GrpcClientProtocolClient.java:onNext(255)) - client-83AFC0B42279->fd4515e9-84f2-4741-b1f5-a9247145a2ac: receive RaftClientReply:client-83AFC0B42279->fd4515e9-84f2-4741-b1f5-a9247145a2ac@group-E2152A48AE85, cid=1162, SUCCESS, logIndex=1583, commits[fd4515e9-84f2-4741-b1f5-a9247145a2ac:c1583, 2e3e112c-ad01-4834-a07e-d6d8a7947632:c1581, dfee02f7-0d20-4e08-8ecd-ebe087394a07:c1581]
2019-07-08 20:09:26,523 INFO  client.GrpcClientProtocolClient (GrpcClientProtocolClient.java:onNext(255)) - client-83AFC0B42279->fd4515e9-84f2-4741-b1f5-a9247145a2ac: receive RaftClientReply:client-83AFC0B42279->fd4515e9-84f2-4741-b1f5-a9247145a2ac@group-E2152A48AE85, cid=1163, SUCCESS, logIndex=1584, commits[fd4515e9-84f2-4741-b1f5-a9247145a2ac:c1585, 2e3e112c-ad01-4834-a07e-d6d8a7947632:c1581, dfee02f7-0d20-4e08-8ecd-ebe087394a07:c1581]
2019-07-08 20:09:26,524 INFO  client.GrpcClientProtocolClient (GrpcClientProtocolClient.java:onNext(255)) - client-83AFC0B42279->fd4515e9-84f2-4741-b1f5-a9247145a2ac: receive RaftClientReply:client-83AFC0B42279->fd4515e9-84f2-4741-b1f5-a9247145a2ac@group-E2152A48AE85, cid=1164, SUCCESS, logIndex=1585, commits[fd4515e9-84f2-4741-b1f5-a9247145a2ac:c1585, 2e3e112c-ad01-4834-a07e-d6d8a7947632:c1581, dfee02f7-0d20-4e08-8ecd-ebe087394a07:c1581]
2019-07-08 20:09:26,525 INFO  client.GrpcClientProtocolClient (GrpcClientProtocolClient.java:onNext(255)) - client-83AFC0B42279->fd4515e9-84f2-4741-b1f5-a9247145a2ac: receive RaftClientReply:client-83AFC0B42279->fd4515e9-84f2-4741-b1f5-a9247145a2ac@group-E2152A48AE85, cid=1165, SUCCESS, logIndex=0, commits[fd4515e9-84f2-4741-b1f5-a9247145a2ac:c1587, 2e3e112c-ad01-4834-a07e-d6d8a7947632:c1584, dfee02f7-0d20-4e08-8ecd-ebe087394a07:c1583]
2019-07-08 20:09:26,545 INFO  client.GrpcClientProtocolClient (GrpcClientProtocolClient.java:onNext(255)) - client-83AFC0B42279->fd4515e9-84f2-4741-b1f5-a9247145a2ac: receive RaftClientReply:client-83AFC0B42279->fd4515e9-84f2-4741-b1f5-a9247145a2ac@group-E2152A48AE85, cid=1166, SUCCESS, logIndex=1590, commits[fd4515e9-84f2-4741-b1f5-a9247145a2ac:c1591, 2e3e112c-ad01-4834-a07e-d6d8a7947632:c1589, dfee02f7-0d20-4e08-8ecd-ebe087394a07:c1589]
2019-07-08 20:09:26,546 INFO  client.GrpcClientProtocolClient (GrpcClientProtocolClient.java:onNext(255)) - client-83AFC0B42279->fd4515e9-84f2-4741-b1f5-a9247145a2ac: receive RaftClientReply:client-83AFC0B42279->fd4515e9-84f2-4741-b1f5-a9247145a2ac@group-E2152A48AE85, cid=1167, SUCCESS, logIndex=1591, commits[fd4515e9-84f2-4741-b1f5-a9247145a2ac:c1591, 2e3e112c-ad01-4834-a07e-d6d8a7947632:c1589, dfee02f7-0d20-4e08-8ecd-ebe087394a07:c1589]
2019-07-08 20:09:26,559 INFO  client.GrpcClientProtocolClient (GrpcClientProtocolClient.java:onNext(255)) - client-83AFC0B42279->fd4515e9-84f2-4741-b1f5-a9247145a2ac: receive RaftClientReply:client-83AFC0B42279->fd4515e9-84f2-4741-b1f5-a9247145a2ac@group-E2152A48AE85, cid=1168, SUCCESS, logIndex=1594, commits[fd4515e9-84f2-4741-b1f5-a9247145a2ac:c1595, 2e3e112c-ad01-4834-a07e-d6d8a7947632:c1591, dfee02f7-0d20-4e08-8ecd-ebe087394a07:c1591]
2019-07-08 20:09:26,559 INFO  client.GrpcClientProtocolClient (GrpcClientProtocolClient.java:onNext(255)) - client-83AFC0B42279->fd4515e9-84f2-4741-b1f5-a9247145a2ac: receive RaftClientReply:client-83AFC0B42279->fd4515e9-84f2-4741-b1f5-a9247145a2ac@group-E2152A48AE85, cid=1169, SUCCESS, logIndex=1595, commits[fd4515e9-84f2-4741-b1f5-a9247145a2ac:c1595, 2e3e112c-ad01-4834-a07e-d6d8a7947632:c1591, dfee02f7-0d20-4e08-8ecd-ebe087394a07:c1591]
2019-07-08 20:09:26,563 INFO  client.GrpcClientProtocolClient (GrpcClientProtocolClient.java:onNext(255)) - client-83AFC0B42279->fd4515e9-84f2-4741-b1f5-a9247145a2ac: receive RaftClientReply:client-83AFC0B42279->fd4515e9-84f2-4741-b1f5-a9247145a2ac@group-E2152A48AE85, cid=1170, SUCCESS, logIndex=0, commits[fd4515e9-84f2-4741-b1f5-a9247145a2ac:c1597, 2e3e112c-ad01-4834-a07e-d6d8a7947632:c1595, dfee02f7-0d20-4e08-8ecd-ebe087394a07:c1595]
2019-07-08 20:09:26,574 INFO  client.GrpcClientProtocolClient (GrpcClientProtocolClient.java:onNext(255)) - client-83AFC0B42279->fd4515e9-84f2-4741-b1f5-a9247145a2ac: receive RaftClientReply:client-83AFC0B42279->fd4515e9-84f2-4741-b1f5-a9247145a2ac@group-E2152A48AE85, cid=1171, SUCCESS, logIndex=1598, commits[fd4515e9-84f2-4741-b1f5-a9247145a2ac:c1599, 2e3e112c-ad01-4834-a07e-d6d8a7947632:c1597, dfee02f7-0d20-4e08-8ecd-ebe087394a07:c1597]
2019-07-08 20:09:26,575 INFO  client.GrpcClientProtocolClient (GrpcClientProtocolClient.java:onNext(255)) - client-83AFC0B42279->fd4515e9-84f2-4741-b1f5-a9247145a2ac: receive RaftClientReply:client-83AFC0B42279->fd4515e9-84f2-4741-b1f5-a9247145a2ac@group-E2152A48AE85, cid=1172, SUCCESS, logIndex=1599, commits[fd4515e9-84f2-4741-b1f5-a9247145a2ac:c1599, 2e3e112c-ad01-4834-a07e-d6d8a7947632:c1597, dfee02f7-0d20-4e08-8ecd-ebe087394a07:c1597]
2019-07-08 20:09:26,577 INFO  client.GrpcClientProtocolClient (GrpcClientProtocolClient.java:onNext(255)) - client-83AFC0B42279->fd4515e9-84f2-4741-b1f5-a9247145a2ac: receive RaftClientReply:client-83AFC0B42279->fd4515e9-84f2-4741-b1f5-a9247145a2ac@group-E2152A48AE85, cid=1173, SUCCESS, logIndex=1600, commits[fd4515e9-84f2-4741-b1f5-a9247145a2ac:c1603, 2e3e112c-ad01-4834-a07e-d6d8a7947632:c1599, dfee02f7-0d20-4e08-8ecd-ebe087394a07:c1597]
2019-07-08 20:09:26,577 INFO  client.GrpcClientProtocolClient (GrpcClientProtocolClient.java:onNext(255)) - client-83AFC0B42279->fd4515e9-84f2-4741-b1f5-a9247145a2ac: receive RaftClientReply:client-83AFC0B42279->fd4515e9-84f2-4741-b1f5-a9247145a2ac@group-E2152A48AE85, cid=1174, SUCCESS, logIndex=1601, commits[fd4515e9-84f2-4741-b1f5-a9247145a2ac:c1603, 2e3e112c-ad01-4834-a07e-d6d8a7947632:c1599, dfee02f7-0d20-4e08-8ecd-ebe087394a07:c1597]
2019-07-08 20:09:26,579 INFO  client.GrpcClientProtocolClient (GrpcClientProtocolClient.java:onNext(255)) - client-83AFC0B42279->fd4515e9-84f2-4741-b1f5-a9247145a2ac: receive RaftClientReply:client-83AFC0B42279->fd4515e9-84f2-4741-b1f5-a9247145a2ac@group-E2152A48AE85, cid=1175, SUCCESS, logIndex=0, commits[fd4515e9-84f2-4741-b1f5-a9247145a2ac:c1603, 2e3e112c-ad01-4834-a07e-d6d8a7947632:c1599, dfee02f7-0d20-4e08-8ecd-ebe087394a07:c1599]
2019-07-08 20:09:26,605 INFO  client.GrpcClientProtocolClient (GrpcClientProtocolClient.java:onNext(255)) - client-83AFC0B42279->fd4515e9-84f2-4741-b1f5-a9247145a2ac: receive RaftClientReply:client-83AFC0B42279->fd4515e9-84f2-4741-b1f5-a9247145a2ac@group-E2152A48AE85, cid=1176, SUCCESS, logIndex=1606, commits[fd4515e9-84f2-4741-b1f5-a9247145a2ac:c1607, 2e3e112c-ad01-4834-a07e-d6d8a7947632:c1605, dfee02f7-0d20-4e08-8ecd-ebe087394a07:c1605]
2019-07-08 20:09:26,605 INFO  client.GrpcClientProtocolClient (GrpcClientProtocolClient.java:onNext(255)) - client-83AFC0B42279->fd4515e9-84f2-4741-b1f5-a9247145a2ac: receive RaftClientReply:client-83AFC0B42279->fd4515e9-84f2-4741-b1f5-a9247145a2ac@group-E2152A48AE85, cid=1177, SUCCESS, logIndex=1607, commits[fd4515e9-84f2-4741-b1f5-a9247145a2ac:c1607, 2e3e112c-ad01-4834-a07e-d6d8a7947632:c1605, dfee02f7-0d20-4e08-8ecd-ebe087394a07:c1605]
2019-07-08 20:09:26,619 INFO  client.GrpcClientProtocolClient (GrpcClientProtocolClient.java:onNext(255)) - client-83AFC0B42279->fd4515e9-84f2-4741-b1f5-a9247145a2ac: receive RaftClientReply:client-83AFC0B42279->fd4515e9-84f2-4741-b1f5-a9247145a2ac@group-E2152A48AE85, cid=1178, SUCCESS, logIndex=1610, commits[fd4515e9-84f2-4741-b1f5-a9247145a2ac:c1611, 2e3e112c-ad01-4834-a07e-d6d8a7947632:c1607, dfee02f7-0d20-4e08-8ecd-ebe087394a07:c1607]
2019-07-08 20:09:26,619 INFO  client.GrpcClientProtocolClient (GrpcClientProtocolClient.java:onNext(255)) - client-83AFC0B42279->fd4515e9-84f2-4741-b1f5-a9247145a2ac: receive RaftClientReply:client-83AFC0B42279->fd4515e9-84f2-4741-b1f5-a9247145a2ac@group-E2152A48AE85, cid=1179, SUCCESS, logIndex=1611, commits[fd4515e9-84f2-4741-b1f5-a9247145a2ac:c1611, 2e3e112c-ad01-4834-a07e-d6d8a7947632:c1607, dfee02f7-0d20-4e08-8ecd-ebe087394a07:c1607]
2019-07-08 20:09:26,632 INFO  client.GrpcClientProtocolClient (GrpcClientProtocolClient.java:onNext(255)) - client-83AFC0B42279->fd4515e9-84f2-4741-b1f5-a9247145a2ac: receive RaftClientReply:client-83AFC0B42279->fd4515e9-84f2-4741-b1f5-a9247145a2ac@group-E2152A48AE85, cid=1180, SUCCESS, logIndex=0, commits[fd4515e9-84f2-4741-b1f5-a9247145a2ac:c1613, 2e3e112c-ad01-4834-a07e-d6d8a7947632:c1611, dfee02f7-0d20-4e08-8ecd-ebe087394a07:c1611]
2019-07-08 20:09:26,652 INFO  client.GrpcClientProtocolClient (GrpcClientProtocolClient.java:onNext(255)) - client-83AFC0B42279->fd4515e9-84f2-4741-b1f5-a9247145a2ac: receive RaftClientReply:client-83AFC0B42279->fd4515e9-84f2-4741-b1f5-a9247145a2ac@group-E2152A48AE85, cid=1181, SUCCESS, logIndex=1614, commits[fd4515e9-84f2-4741-b1f5-a9247145a2ac:c1615, 2e3e112c-ad01-4834-a07e-d6d8a7947632:c1613, dfee02f7-0d20-4e08-8ecd-ebe087394a07:c1613]
2019-07-08 20:09:26,653 INFO  client.GrpcClientProtocolClient (GrpcClientProtocolClient.java:onNext(255)) - client-83AFC0B42279->fd4515e9-84f2-4741-b1f5-a9247145a2ac: receive RaftClientReply:client-83AFC0B42279->fd4515e9-84f2-4741-b1f5-a9247145a2ac@group-E2152A48AE85, cid=1182, SUCCESS, logIndex=1615, commits[fd4515e9-84f2-4741-b1f5-a9247145a2ac:c1615, 2e3e112c-ad01-4834-a07e-d6d8a7947632:c1613, dfee02f7-0d20-4e08-8ecd-ebe087394a07:c1613]
2019-07-08 20:09:26,654 INFO  client.GrpcClientProtocolClient (GrpcClientProtocolClient.java:onNext(255)) - client-83AFC0B42279->fd4515e9-84f2-4741-b1f5-a9247145a2ac: receive RaftClientReply:client-83AFC0B42279->fd4515e9-84f2-4741-b1f5-a9247145a2ac@group-E2152A48AE85, cid=1183, SUCCESS, logIndex=1616, commits[fd4515e9-84f2-4741-b1f5-a9247145a2ac:c1617, 2e3e112c-ad01-4834-a07e-d6d8a7947632:c1613, dfee02f7-0d20-4e08-8ecd-ebe087394a07:c1613]
2019-07-08 20:09:26,654 INFO  client.GrpcClientProtocolClient (GrpcClientProtocolClient.java:onNext(255)) - client-83AFC0B42279->fd4515e9-84f2-4741-b1f5-a9247145a2ac: receive RaftClientReply:client-83AFC0B42279->fd4515e9-84f2-4741-b1f5-a9247145a2ac@group-E2152A48AE85, cid=1184, SUCCESS, logIndex=1617, commits[fd4515e9-84f2-4741-b1f5-a9247145a2ac:c1617, 2e3e112c-ad01-4834-a07e-d6d8a7947632:c1613, dfee02f7-0d20-4e08-8ecd-ebe087394a07:c1613]
2019-07-08 20:09:26,656 INFO  client.GrpcClientProtocolClient (GrpcClientProtocolClient.java:onNext(255)) - client-83AFC0B42279->fd4515e9-84f2-4741-b1f5-a9247145a2ac: receive RaftClientReply:client-83AFC0B42279->fd4515e9-84f2-4741-b1f5-a9247145a2ac@group-E2152A48AE85, cid=1185, SUCCESS, logIndex=0, commits[fd4515e9-84f2-4741-b1f5-a9247145a2ac:c1620, 2e3e112c-ad01-4834-a07e-d6d8a7947632:c1616, dfee02f7-0d20-4e08-8ecd-ebe087394a07:c1615]
2019-07-08 20:09:26,675 INFO  client.GrpcClientProtocolClient (GrpcClientProtocolClient.java:onNext(255)) - client-83AFC0B42279->fd4515e9-84f2-4741-b1f5-a9247145a2ac: receive RaftClientReply:client-83AFC0B42279->fd4515e9-84f2-4741-b1f5-a9247145a2ac@group-E2152A48AE85, cid=1186, SUCCESS, logIndex=1622, commits[fd4515e9-84f2-4741-b1f5-a9247145a2ac:c1623, 2e3e112c-ad01-4834-a07e-d6d8a7947632:c1621, dfee02f7-0d20-4e08-8ecd-ebe087394a07:c1621]
2019-07-08 20:09:26,676 INFO  client.GrpcClientProtocolClient (GrpcClientProtocolClient.java:onNext(255)) - client-83AFC0B42279->fd4515e9-84f2-4741-b1f5-a9247145a2ac: receive RaftClientReply:client-83AFC0B42279->fd4515e9-84f2-4741-b1f5-a9247145a2ac@group-E2152A48AE85, cid=1187, SUCCESS, logIndex=1623, commits[fd4515e9-84f2-4741-b1f5-a9247145a2ac:c1623, 2e3e112c-ad01-4834-a07e-d6d8a7947632:c1621, dfee02f7-0d20-4e08-8ecd-ebe087394a07:c1621]
2019-07-08 20:09:26,689 INFO  client.GrpcClientProtocolClient (GrpcClientProtocolClient.java:onNext(255)) - client-83AFC0B42279->fd4515e9-84f2-4741-b1f5-a9247145a2ac: receive RaftClientReply:client-83AFC0B42279->fd4515e9-84f2-4741-b1f5-a9247145a2ac@group-E2152A48AE85, cid=1188, SUCCESS, logIndex=1626, commits[fd4515e9-84f2-4741-b1f5-a9247145a2ac:c1627, 2e3e112c-ad01-4834-a07e-d6d8a7947632:c1623, dfee02f7-0d20-4e08-8ecd-ebe087394a07:c1623]
2019-07-08 20:09:26,689 INFO  client.GrpcClientProtocolClient (GrpcClientProtocolClient.java:onNext(255)) - client-83AFC0B42279->fd4515e9-84f2-4741-b1f5-a9247145a2ac: receive RaftClientReply:client-83AFC0B42279->fd4515e9-84f2-4741-b1f5-a9247145a2ac@group-E2152A48AE85, cid=1189, SUCCESS, logIndex=1627, commits[fd4515e9-84f2-4741-b1f5-a9247145a2ac:c1627, 2e3e112c-ad01-4834-a07e-d6d8a7947632:c1623, dfee02f7-0d20-4e08-8ecd-ebe087394a07:c1623]
2019-07-08 20:09:26,702 INFO  client.GrpcClientProtocolClient (GrpcClientProtocolClient.java:onNext(255)) - client-83AFC0B42279->fd4515e9-84f2-4741-b1f5-a9247145a2ac: receive RaftClientReply:client-83AFC0B42279->fd4515e9-84f2-4741-b1f5-a9247145a2ac@group-E2152A48AE85, cid=1190, SUCCESS, logIndex=0, commits[fd4515e9-84f2-4741-b1f5-a9247145a2ac:c1629, 2e3e112c-ad01-4834-a07e-d6d8a7947632:c1627, dfee02f7-0d20-4e08-8ecd-ebe087394a07:c1627]
2019-07-08 20:09:26,721 INFO  client.GrpcClientProtocolClient (GrpcClientProtocolClient.java:onNext(255)) - client-83AFC0B42279->fd4515e9-84f2-4741-b1f5-a9247145a2ac: receive RaftClientReply:client-83AFC0B42279->fd4515e9-84f2-4741-b1f5-a9247145a2ac@group-E2152A48AE85, cid=1191, SUCCESS, logIndex=1630, commits[fd4515e9-84f2-4741-b1f5-a9247145a2ac:c1631, 2e3e112c-ad01-4834-a07e-d6d8a7947632:c1629, dfee02f7-0d20-4e08-8ecd-ebe087394a07:c1629]
2019-07-08 20:09:26,722 INFO  client.GrpcClientProtocolClient (GrpcClientProtocolClient.java:onNext(255)) - client-83AFC0B42279->fd4515e9-84f2-4741-b1f5-a9247145a2ac: receive RaftClientReply:client-83AFC0B42279->fd4515e9-84f2-4741-b1f5-a9247145a2ac@group-E2152A48AE85, cid=1192, SUCCESS, logIndex=1631, commits[fd4515e9-84f2-4741-b1f5-a9247145a2ac:c1631, 2e3e112c-ad01-4834-a07e-d6d8a7947632:c1629, dfee02f7-0d20-4e08-8ecd-ebe087394a07:c1629]
2019-07-08 20:09:26,722 INFO  client.GrpcClientProtocolClient (GrpcClientProtocolClient.java:onNext(255)) - client-83AFC0B42279->fd4515e9-84f2-4741-b1f5-a9247145a2ac: receive RaftClientReply:client-83AFC0B42279->fd4515e9-84f2-4741-b1f5-a9247145a2ac@group-E2152A48AE85, cid=1193, SUCCESS, logIndex=1632, commits[fd4515e9-84f2-4741-b1f5-a9247145a2ac:c1632, 2e3e112c-ad01-4834-a07e-d6d8a7947632:c1629, dfee02f7-0d20-4e08-8ecd-ebe087394a07:c1629]
2019-07-08 20:09:26,722 INFO  client.GrpcClientProtocolClient (GrpcClientProtocolClient.java:onNext(255)) - client-83AFC0B42279->fd4515e9-84f2-4741-b1f5-a9247145a2ac: receive RaftClientReply:client-83AFC0B42279->fd4515e9-84f2-4741-b1f5-a9247145a2ac@group-E2152A48AE85, cid=1194, SUCCESS, logIndex=1633, commits[fd4515e9-84f2-4741-b1f5-a9247145a2ac:c1633, 2e3e112c-ad01-4834-a07e-d6d8a7947632:c1629, dfee02f7-0d20-4e08-8ecd-ebe087394a07:c1629]
2019-07-08 20:09:26,724 INFO  client.GrpcClientProtocolClient (GrpcClientProtocolClient.java:onNext(255)) - client-83AFC0B42279->fd4515e9-84f2-4741-b1f5-a9247145a2ac: receive RaftClientReply:client-83AFC0B42279->fd4515e9-84f2-4741-b1f5-a9247145a2ac@group-E2152A48AE85, cid=1195, SUCCESS, logIndex=0, commits[fd4515e9-84f2-4741-b1f5-a9247145a2ac:c1635, 2e3e112c-ad01-4834-a07e-d6d8a7947632:c1631, dfee02f7-0d20-4e08-8ecd-ebe087394a07:c1631]
2019-07-08 20:09:26,743 INFO  client.GrpcClientProtocolClient (GrpcClientProtocolClient.java:onNext(255)) - client-83AFC0B42279->fd4515e9-84f2-4741-b1f5-a9247145a2ac: receive RaftClientReply:client-83AFC0B42279->fd4515e9-84f2-4741-b1f5-a9247145a2ac@group-E2152A48AE85, cid=1196, SUCCESS, logIndex=1638, commits[fd4515e9-84f2-4741-b1f5-a9247145a2ac:c1639, 2e3e112c-ad01-4834-a07e-d6d8a7947632:c1637, dfee02f7-0d20-4e08-8ecd-ebe087394a07:c1637]
2019-07-08 20:09:26,743 INFO  client.GrpcClientProtocolClient (GrpcClientProtocolClient.java:onNext(255)) - client-83AFC0B42279->fd4515e9-84f2-4741-b1f5-a9247145a2ac: receive RaftClientReply:client-83AFC0B42279->fd4515e9-84f2-4741-b1f5-a9247145a2ac@group-E2152A48AE85, cid=1197, SUCCESS, logIndex=1639, commits[fd4515e9-84f2-4741-b1f5-a9247145a2ac:c1639, 2e3e112c-ad01-4834-a07e-d6d8a7947632:c1637, dfee02f7-0d20-4e08-8ecd-ebe087394a07:c1637]
2019-07-08 20:09:26,759 INFO  client.GrpcClientProtocolClient (GrpcClientProtocolClient.java:onNext(255)) - client-83AFC0B42279->fd4515e9-84f2-4741-b1f5-a9247145a2ac: receive RaftClientReply:client-83AFC0B42279->fd4515e9-84f2-4741-b1f5-a9247145a2ac@group-E2152A48AE85, cid=1198, SUCCESS, logIndex=1642, commits[fd4515e9-84f2-4741-b1f5-a9247145a2ac:c1643, 2e3e112c-ad01-4834-a07e-d6d8a7947632:c1639, dfee02f7-0d20-4e08-8ecd-ebe087394a07:c1639]
2019-07-08 20:09:26,759 INFO  client.GrpcClientProtocolClient (GrpcClientProtocolClient.java:onNext(255)) - client-83AFC0B42279->fd4515e9-84f2-4741-b1f5-a9247145a2ac: receive RaftClientReply:client-83AFC0B42279->fd4515e9-84f2-4741-b1f5-a9247145a2ac@group-E2152A48AE85, cid=1199, SUCCESS, logIndex=1643, commits[fd4515e9-84f2-4741-b1f5-a9247145a2ac:c1643, 2e3e112c-ad01-4834-a07e-d6d8a7947632:c1639, dfee02f7-0d20-4e08-8ecd-ebe087394a07:c1639]
2019-07-08 20:09:26,772 INFO  client.GrpcClientProtocolClient (GrpcClientProtocolClient.java:onNext(255)) - client-83AFC0B42279->fd4515e9-84f2-4741-b1f5-a9247145a2ac: receive RaftClientReply:client-83AFC0B42279->fd4515e9-84f2-4741-b1f5-a9247145a2ac@group-E2152A48AE85, cid=1200, SUCCESS, logIndex=0, commits[fd4515e9-84f2-4741-b1f5-a9247145a2ac:c1645, 2e3e112c-ad01-4834-a07e-d6d8a7947632:c1643, dfee02f7-0d20-4e08-8ecd-ebe087394a07:c1643]
2019-07-08 20:09:26,792 INFO  client.GrpcClientProtocolClient (GrpcClientProtocolClient.java:onNext(255)) - client-83AFC0B42279->fd4515e9-84f2-4741-b1f5-a9247145a2ac: receive RaftClientReply:client-83AFC0B42279->fd4515e9-84f2-4741-b1f5-a9247145a2ac@group-E2152A48AE85, cid=1201, SUCCESS, logIndex=1646, commits[fd4515e9-84f2-4741-b1f5-a9247145a2ac:c1647, 2e3e112c-ad01-4834-a07e-d6d8a7947632:c1645, dfee02f7-0d20-4e08-8ecd-ebe087394a07:c1645]
2019-07-08 20:09:26,792 INFO  client.GrpcClientProtocolClient (GrpcClientProtocolClient.java:onNext(255)) - client-83AFC0B42279->fd4515e9-84f2-4741-b1f5-a9247145a2ac: receive RaftClientReply:client-83AFC0B42279->fd4515e9-84f2-4741-b1f5-a9247145a2ac@group-E2152A48AE85, cid=1202, SUCCESS, logIndex=1647, commits[fd4515e9-84f2-4741-b1f5-a9247145a2ac:c1647, 2e3e112c-ad01-4834-a07e-d6d8a7947632:c1645, dfee02f7-0d20-4e08-8ecd-ebe087394a07:c1645]
2019-07-08 20:09:26,793 INFO  client.GrpcClientProtocolClient (GrpcClientProtocolClient.java:onNext(255)) - client-83AFC0B42279->fd4515e9-84f2-4741-b1f5-a9247145a2ac: receive RaftClientReply:client-83AFC0B42279->fd4515e9-84f2-4741-b1f5-a9247145a2ac@group-E2152A48AE85, cid=1203, SUCCESS, logIndex=1648, commits[fd4515e9-84f2-4741-b1f5-a9247145a2ac:c1649, 2e3e112c-ad01-4834-a07e-d6d8a7947632:c1645, dfee02f7-0d20-4e08-8ecd-ebe087394a07:c1645]
2019-07-08 20:09:26,794 INFO  client.GrpcClientProtocolClient (GrpcClientProtocolClient.java:onNext(255)) - client-83AFC0B42279->fd4515e9-84f2-4741-b1f5-a9247145a2ac: receive RaftClientReply:client-83AFC0B42279->fd4515e9-84f2-4741-b1f5-a9247145a2ac@group-E2152A48AE85, cid=1204, SUCCESS, logIndex=1649, commits[fd4515e9-84f2-4741-b1f5-a9247145a2ac:c1649, 2e3e112c-ad01-4834-a07e-d6d8a7947632:c1645, dfee02f7-0d20-4e08-8ecd-ebe087394a07:c1645]
2019-07-08 20:09:26,795 INFO  client.GrpcClientProtocolClient (GrpcClientProtocolClient.java:onNext(255)) - client-83AFC0B42279->fd4515e9-84f2-4741-b1f5-a9247145a2ac: receive RaftClientReply:client-83AFC0B42279->fd4515e9-84f2-4741-b1f5-a9247145a2ac@group-E2152A48AE85, cid=1205, SUCCESS, logIndex=0, commits[fd4515e9-84f2-4741-b1f5-a9247145a2ac:c1651, 2e3e112c-ad01-4834-a07e-d6d8a7947632:c1647, dfee02f7-0d20-4e08-8ecd-ebe087394a07:c1647]
2019-07-08 20:09:26,815 INFO  client.GrpcClientProtocolClient (GrpcClientProtocolClient.java:onNext(255)) - client-83AFC0B42279->fd4515e9-84f2-4741-b1f5-a9247145a2ac: receive RaftClientReply:client-83AFC0B42279->fd4515e9-84f2-4741-b1f5-a9247145a2ac@group-E2152A48AE85, cid=1206, SUCCESS, logIndex=1654, commits[fd4515e9-84f2-4741-b1f5-a9247145a2ac:c1655, 2e3e112c-ad01-4834-a07e-d6d8a7947632:c1653, dfee02f7-0d20-4e08-8ecd-ebe087394a07:c1653]
2019-07-08 20:09:26,815 INFO  client.GrpcClientProtocolClient (GrpcClientProtocolClient.java:onNext(255)) - client-83AFC0B42279->fd4515e9-84f2-4741-b1f5-a9247145a2ac: receive RaftClientReply:client-83AFC0B42279->fd4515e9-84f2-4741-b1f5-a9247145a2ac@group-E2152A48AE85, cid=1207, SUCCESS, logIndex=1655, commits[fd4515e9-84f2-4741-b1f5-a9247145a2ac:c1655, 2e3e112c-ad01-4834-a07e-d6d8a7947632:c1653, dfee02f7-0d20-4e08-8ecd-ebe087394a07:c1653]
2019-07-08 20:09:26,828 INFO  client.GrpcClientProtocolClient (GrpcClientProtocolClient.java:onNext(255)) - client-83AFC0B42279->fd4515e9-84f2-4741-b1f5-a9247145a2ac: receive RaftClientReply:client-83AFC0B42279->fd4515e9-84f2-4741-b1f5-a9247145a2ac@group-E2152A48AE85, cid=1208, SUCCESS, logIndex=1658, commits[fd4515e9-84f2-4741-b1f5-a9247145a2ac:c1658, 2e3e112c-ad01-4834-a07e-d6d8a7947632:c1655, dfee02f7-0d20-4e08-8ecd-ebe087394a07:c1655]
2019-07-08 20:09:26,926 INFO  client.GrpcClientProtocolClient (GrpcClientProtocolClient.java:onNext(255)) - client-83AFC0B42279->fd4515e9-84f2-4741-b1f5-a9247145a2ac: receive RaftClientReply:client-83AFC0B42279->fd4515e9-84f2-4741-b1f5-a9247145a2ac@group-E2152A48AE85, cid=1209, SUCCESS, logIndex=1659, commits[fd4515e9-84f2-4741-b1f5-a9247145a2ac:c1659, 2e3e112c-ad01-4834-a07e-d6d8a7947632:c1655, dfee02f7-0d20-4e08-8ecd-ebe087394a07:c1655]
2019-07-08 20:09:26,938 INFO  client.GrpcClientProtocolClient (GrpcClientProtocolClient.java:onNext(255)) - client-83AFC0B42279->fd4515e9-84f2-4741-b1f5-a9247145a2ac: receive RaftClientReply:client-83AFC0B42279->fd4515e9-84f2-4741-b1f5-a9247145a2ac@group-E2152A48AE85, cid=1210, SUCCESS, logIndex=0, commits[fd4515e9-84f2-4741-b1f5-a9247145a2ac:c1661, 2e3e112c-ad01-4834-a07e-d6d8a7947632:c1659, dfee02f7-0d20-4e08-8ecd-ebe087394a07:c1659]
2019-07-08 20:09:26,965 INFO  client.GrpcClientProtocolClient (GrpcClientProtocolClient.java:onNext(255)) - client-83AFC0B42279->fd4515e9-84f2-4741-b1f5-a9247145a2ac: receive RaftClientReply:client-83AFC0B42279->fd4515e9-84f2-4741-b1f5-a9247145a2ac@group-E2152A48AE85, cid=1211, SUCCESS, logIndex=1662, commits[fd4515e9-84f2-4741-b1f5-a9247145a2ac:c1663, 2e3e112c-ad01-4834-a07e-d6d8a7947632:c1661, dfee02f7-0d20-4e08-8ecd-ebe087394a07:c1659]
2019-07-08 20:09:26,965 INFO  client.GrpcClientProtocolClient (GrpcClientProtocolClient.java:onNext(255)) - client-83AFC0B42279->fd4515e9-84f2-4741-b1f5-a9247145a2ac: receive RaftClientReply:client-83AFC0B42279->fd4515e9-84f2-4741-b1f5-a9247145a2ac@group-E2152A48AE85, cid=1212, SUCCESS, logIndex=1663, commits[fd4515e9-84f2-4741-b1f5-a9247145a2ac:c1665, 2e3e112c-ad01-4834-a07e-d6d8a7947632:c1661, dfee02f7-0d20-4e08-8ecd-ebe087394a07:c1661]
2019-07-08 20:09:26,966 INFO  client.GrpcClientProtocolClient (GrpcClientProtocolClient.java:onNext(255)) - client-83AFC0B42279->fd4515e9-84f2-4741-b1f5-a9247145a2ac: receive RaftClientReply:client-83AFC0B42279->fd4515e9-84f2-4741-b1f5-a9247145a2ac@group-E2152A48AE85, cid=1213, SUCCESS, logIndex=1664, commits[fd4515e9-84f2-4741-b1f5-a9247145a2ac:c1665, 2e3e112c-ad01-4834-a07e-d6d8a7947632:c1661, dfee02f7-0d20-4e08-8ecd-ebe087394a07:c1661]
2019-07-08 20:09:26,966 INFO  client.GrpcClientProtocolClient (GrpcClientProtocolClient.java:onNext(255)) - client-83AFC0B42279->fd4515e9-84f2-4741-b1f5-a9247145a2ac: receive RaftClientReply:client-83AFC0B42279->fd4515e9-84f2-4741-b1f5-a9247145a2ac@group-E2152A48AE85, cid=1214, SUCCESS, logIndex=1665, commits[fd4515e9-84f2-4741-b1f5-a9247145a2ac:c1665, 2e3e112c-ad01-4834-a07e-d6d8a7947632:c1661, dfee02f7-0d20-4e08-8ecd-ebe087394a07:c1661]
2019-07-08 20:09:26,977 INFO  client.GrpcClientProtocolClient (GrpcClientProtocolClient.java:onNext(255)) - client-83AFC0B42279->fd4515e9-84f2-4741-b1f5-a9247145a2ac: receive RaftClientReply:client-83AFC0B42279->fd4515e9-84f2-4741-b1f5-a9247145a2ac@group-E2152A48AE85, cid=1215, SUCCESS, logIndex=0, commits[fd4515e9-84f2-4741-b1f5-a9247145a2ac:c1667, 2e3e112c-ad01-4834-a07e-d6d8a7947632:c1663, dfee02f7-0d20-4e08-8ecd-ebe087394a07:c1663]
2019-07-08 20:09:27,000 INFO  client.GrpcClientProtocolClient (GrpcClientProtocolClient.java:onNext(255)) - client-83AFC0B42279->fd4515e9-84f2-4741-b1f5-a9247145a2ac: receive RaftClientReply:client-83AFC0B42279->fd4515e9-84f2-4741-b1f5-a9247145a2ac@group-E2152A48AE85, cid=1216, SUCCESS, logIndex=1670, commits[fd4515e9-84f2-4741-b1f5-a9247145a2ac:c1671, 2e3e112c-ad01-4834-a07e-d6d8a7947632:c1669, dfee02f7-0d20-4e08-8ecd-ebe087394a07:c1669]
2019-07-08 20:09:27,001 INFO  client.GrpcClientProtocolClient (GrpcClientProtocolClient.java:onNext(255)) - client-83AFC0B42279->fd4515e9-84f2-4741-b1f5-a9247145a2ac: receive RaftClientReply:client-83AFC0B42279->fd4515e9-84f2-4741-b1f5-a9247145a2ac@group-E2152A48AE85, cid=1217, SUCCESS, logIndex=1671, commits[fd4515e9-84f2-4741-b1f5-a9247145a2ac:c1671, 2e3e112c-ad01-4834-a07e-d6d8a7947632:c1669, dfee02f7-0d20-4e08-8ecd-ebe087394a07:c1669]
2019-07-08 20:09:27,025 INFO  client.GrpcClientProtocolClient (GrpcClientProtocolClient.java:onNext(255)) - client-83AFC0B42279->fd4515e9-84f2-4741-b1f5-a9247145a2ac: receive RaftClientReply:client-83AFC0B42279->fd4515e9-84f2-4741-b1f5-a9247145a2ac@group-E2152A48AE85, cid=1218, SUCCESS, logIndex=1674, commits[fd4515e9-84f2-4741-b1f5-a9247145a2ac:c1675, 2e3e112c-ad01-4834-a07e-d6d8a7947632:c1671, dfee02f7-0d20-4e08-8ecd-ebe087394a07:c1671]
2019-07-08 20:09:27,026 INFO  client.GrpcClientProtocolClient (GrpcClientProtocolClient.java:onNext(255)) - client-83AFC0B42279->fd4515e9-84f2-4741-b1f5-a9247145a2ac: receive RaftClientReply:client-83AFC0B42279->fd4515e9-84f2-4741-b1f5-a9247145a2ac@group-E2152A48AE85, cid=1219, SUCCESS, logIndex=1675, commits[fd4515e9-84f2-4741-b1f5-a9247145a2ac:c1675, 2e3e112c-ad01-4834-a07e-d6d8a7947632:c1671, dfee02f7-0d20-4e08-8ecd-ebe087394a07:c1671]
2019-07-08 20:09:27,027 INFO  client.GrpcClientProtocolClient (GrpcClientProtocolClient.java:onNext(255)) - client-83AFC0B42279->fd4515e9-84f2-4741-b1f5-a9247145a2ac: receive RaftClientReply:client-83AFC0B42279->fd4515e9-84f2-4741-b1f5-a9247145a2ac@group-E2152A48AE85, cid=1220, SUCCESS, logIndex=0, commits[fd4515e9-84f2-4741-b1f5-a9247145a2ac:c1676, 2e3e112c-ad01-4834-a07e-d6d8a7947632:c1675, dfee02f7-0d20-4e08-8ecd-ebe087394a07:c1675]
2019-07-08 20:09:27,049 INFO  client.GrpcClientProtocolClient (GrpcClientProtocolClient.java:onNext(255)) - client-83AFC0B42279->fd4515e9-84f2-4741-b1f5-a9247145a2ac: receive RaftClientReply:client-83AFC0B42279->fd4515e9-84f2-4741-b1f5-a9247145a2ac@group-E2152A48AE85, cid=1221, SUCCESS, logIndex=1678, commits[fd4515e9-84f2-4741-b1f5-a9247145a2ac:c1680, 2e3e112c-ad01-4834-a07e-d6d8a7947632:c1677, dfee02f7-0d20-4e08-8ecd-ebe087394a07:c1677]
2019-07-08 20:09:27,050 INFO  client.GrpcClientProtocolClient (GrpcClientProtocolClient.java:onNext(255)) - client-83AFC0B42279->fd4515e9-84f2-4741-b1f5-a9247145a2ac: receive RaftClientReply:client-83AFC0B42279->fd4515e9-84f2-4741-b1f5-a9247145a2ac@group-E2152A48AE85, cid=1222, SUCCESS, logIndex=1679, commits[fd4515e9-84f2-4741-b1f5-a9247145a2ac:c1681, 2e3e112c-ad01-4834-a07e-d6d8a7947632:c1677, dfee02f7-0d20-4e08-8ecd-ebe087394a07:c1677]
2019-07-08 20:09:27,050 INFO  client.GrpcClientProtocolClient (GrpcClientProtocolClient.java:onNext(255)) - client-83AFC0B42279->fd4515e9-84f2-4741-b1f5-a9247145a2ac: receive RaftClientReply:client-83AFC0B42279->fd4515e9-84f2-4741-b1f5-a9247145a2ac@group-E2152A48AE85, cid=1223, SUCCESS, logIndex=1680, commits[fd4515e9-84f2-4741-b1f5-a9247145a2ac:c1681, 2e3e112c-ad01-4834-a07e-d6d8a7947632:c1677, dfee02f7-0d20-4e08-8ecd-ebe087394a07:c1677]
2019-07-08 20:09:27,051 INFO  client.GrpcClientProtocolClient (GrpcClientProtocolClient.java:onNext(255)) - client-83AFC0B42279->fd4515e9-84f2-4741-b1f5-a9247145a2ac: receive RaftClientReply:client-83AFC0B42279->fd4515e9-84f2-4741-b1f5-a9247145a2ac@group-E2152A48AE85, cid=1224, SUCCESS, logIndex=1681, commits[fd4515e9-84f2-4741-b1f5-a9247145a2ac:c1681, 2e3e112c-ad01-4834-a07e-d6d8a7947632:c1677, dfee02f7-0d20-4e08-8ecd-ebe087394a07:c1677]
2019-07-08 20:09:27,052 INFO  client.GrpcClientProtocolClient (GrpcClientProtocolClient.java:onNext(255)) - client-83AFC0B42279->fd4515e9-84f2-4741-b1f5-a9247145a2ac: receive RaftClientReply:client-83AFC0B42279->fd4515e9-84f2-4741-b1f5-a9247145a2ac@group-E2152A48AE85, cid=1225, SUCCESS, logIndex=0, commits[fd4515e9-84f2-4741-b1f5-a9247145a2ac:c1684, 2e3e112c-ad01-4834-a07e-d6d8a7947632:c1679, dfee02f7-0d20-4e08-8ecd-ebe087394a07:c1680]
2019-07-08 20:09:27,071 INFO  client.GrpcClientProtocolClient (GrpcClientProtocolClient.java:onNext(255)) - client-83AFC0B42279->fd4515e9-84f2-4741-b1f5-a9247145a2ac: receive RaftClientReply:client-83AFC0B42279->fd4515e9-84f2-4741-b1f5-a9247145a2ac@group-E2152A48AE85, cid=1226, SUCCESS, logIndex=1686, commits[fd4515e9-84f2-4741-b1f5-a9247145a2ac:c1687, 2e3e112c-ad01-4834-a07e-d6d8a7947632:c1685, dfee02f7-0d20-4e08-8ecd-ebe087394a07:c1685]
2019-07-08 20:09:27,072 INFO  client.GrpcClientProtocolClient (GrpcClientProtocolClient.java:onNext(255)) - client-83AFC0B42279->fd4515e9-84f2-4741-b1f5-a9247145a2ac: receive RaftClientReply:client-83AFC0B42279->fd4515e9-84f2-4741-b1f5-a9247145a2ac@group-E2152A48AE85, cid=1227, SUCCESS, logIndex=1687, commits[fd4515e9-84f2-4741-b1f5-a9247145a2ac:c1687, 2e3e112c-ad01-4834-a07e-d6d8a7947632:c1685, dfee02f7-0d20-4e08-8ecd-ebe087394a07:c1685]
2019-07-08 20:09:27,085 INFO  client.GrpcClientProtocolClient (GrpcClientProtocolClient.java:onNext(255)) - client-83AFC0B42279->fd4515e9-84f2-4741-b1f5-a9247145a2ac: receive RaftClientReply:client-83AFC0B42279->fd4515e9-84f2-4741-b1f5-a9247145a2ac@group-E2152A48AE85, cid=1228, SUCCESS, logIndex=1690, commits[fd4515e9-84f2-4741-b1f5-a9247145a2ac:c1690, 2e3e112c-ad01-4834-a07e-d6d8a7947632:c1687, dfee02f7-0d20-4e08-8ecd-ebe087394a07:c1687]
2019-07-08 20:09:27,085 INFO  client.GrpcClientProtocolClient (GrpcClientProtocolClient.java:onNext(255)) - client-83AFC0B42279->fd4515e9-84f2-4741-b1f5-a9247145a2ac: receive RaftClientReply:client-83AFC0B42279->fd4515e9-84f2-4741-b1f5-a9247145a2ac@group-E2152A48AE85, cid=1229, SUCCESS, logIndex=1691, commits[fd4515e9-84f2-4741-b1f5-a9247145a2ac:c1691, 2e3e112c-ad01-4834-a07e-d6d8a7947632:c1687, dfee02f7-0d20-4e08-8ecd-ebe087394a07:c1687]
2019-07-08 20:09:27,108 INFO  client.GrpcClientProtocolClient (GrpcClientProtocolClient.java:onNext(255)) - client-83AFC0B42279->fd4515e9-84f2-4741-b1f5-a9247145a2ac: receive RaftClientReply:client-83AFC0B42279->fd4515e9-84f2-4741-b1f5-a9247145a2ac@group-E2152A48AE85, cid=1230, SUCCESS, logIndex=0, commits[fd4515e9-84f2-4741-b1f5-a9247145a2ac:c1693, 2e3e112c-ad01-4834-a07e-d6d8a7947632:c1691, dfee02f7-0d20-4e08-8ecd-ebe087394a07:c1691]
 0.00% |█                                                                                                    |  0/1 Time: 0:00:062019-07-08 20:09:27,130 INFO  client.GrpcClientProtocolClient (GrpcClientProtocolClient.java:onNext(255)) - client-83AFC0B42279->fd4515e9-84f2-4741-b1f5-a9247145a2ac: receive RaftClientReply:client-83AFC0B42279->fd4515e9-84f2-4741-b1f5-a9247145a2ac@group-E2152A48AE85, cid=1231, SUCCESS, logIndex=1694, commits[fd4515e9-84f2-4741-b1f5-a9247145a2ac:c1695, 2e3e112c-ad01-4834-a07e-d6d8a7947632:c1693, dfee02f7-0d20-4e08-8ecd-ebe087394a07:c1693]
2019-07-08 20:09:27,130 INFO  client.GrpcClientProtocolClient (GrpcClientProtocolClient.java:onNext(255)) - client-83AFC0B42279->fd4515e9-84f2-4741-b1f5-a9247145a2ac: receive RaftClientReply:client-83AFC0B42279->fd4515e9-84f2-4741-b1f5-a9247145a2ac@group-E2152A48AE85, cid=1232, SUCCESS, logIndex=1695, commits[fd4515e9-84f2-4741-b1f5-a9247145a2ac:c1696, 2e3e112c-ad01-4834-a07e-d6d8a7947632:c1693, dfee02f7-0d20-4e08-8ecd-ebe087394a07:c1693]
2019-07-08 20:09:27,131 INFO  client.GrpcClientProtocolClient (GrpcClientProtocolClient.java:onNext(255)) - client-83AFC0B42279->fd4515e9-84f2-4741-b1f5-a9247145a2ac: receive RaftClientReply:client-83AFC0B42279->fd4515e9-84f2-4741-b1f5-a9247145a2ac@group-E2152A48AE85, cid=1233, SUCCESS, logIndex=1696, commits[fd4515e9-84f2-4741-b1f5-a9247145a2ac:c1697, 2e3e112c-ad01-4834-a07e-d6d8a7947632:c1693, dfee02f7-0d20-4e08-8ecd-ebe087394a07:c1693]
2019-07-08 20:09:27,131 INFO  client.GrpcClientProtocolClient (GrpcClientProtocolClient.java:onNext(255)) - client-83AFC0B42279->fd4515e9-84f2-4741-b1f5-a9247145a2ac: receive RaftClientReply:client-83AFC0B42279->fd4515e9-84f2-4741-b1f5-a9247145a2ac@group-E2152A48AE85, cid=1234, SUCCESS, logIndex=1697, commits[fd4515e9-84f2-4741-b1f5-a9247145a2ac:c1697, 2e3e112c-ad01-4834-a07e-d6d8a7947632:c1693, dfee02f7-0d20-4e08-8ecd-ebe087394a07:c1693]
2019-07-08 20:09:27,133 INFO  client.GrpcClientProtocolClient (GrpcClientProtocolClient.java:onNext(255)) - client-83AFC0B42279->fd4515e9-84f2-4741-b1f5-a9247145a2ac: receive RaftClientReply:client-83AFC0B42279->fd4515e9-84f2-4741-b1f5-a9247145a2ac@group-E2152A48AE85, cid=1235, SUCCESS, logIndex=0, commits[fd4515e9-84f2-4741-b1f5-a9247145a2ac:c1699, 2e3e112c-ad01-4834-a07e-d6d8a7947632:c1695, dfee02f7-0d20-4e08-8ecd-ebe087394a07:c1695]
2019-07-08 20:09:27,153 INFO  client.GrpcClientProtocolClient (GrpcClientProtocolClient.java:onNext(255)) - client-83AFC0B42279->fd4515e9-84f2-4741-b1f5-a9247145a2ac: receive RaftClientReply:client-83AFC0B42279->fd4515e9-84f2-4741-b1f5-a9247145a2ac@group-E2152A48AE85, cid=1236, SUCCESS, logIndex=1702, commits[fd4515e9-84f2-4741-b1f5-a9247145a2ac:c1703, 2e3e112c-ad01-4834-a07e-d6d8a7947632:c1701, dfee02f7-0d20-4e08-8ecd-ebe087394a07:c1701]
2019-07-08 20:09:27,153 INFO  client.GrpcClientProtocolClient (GrpcClientProtocolClient.java:onNext(255)) - client-83AFC0B42279->fd4515e9-84f2-4741-b1f5-a9247145a2ac: receive RaftClientReply:client-83AFC0B42279->fd4515e9-84f2-4741-b1f5-a9247145a2ac@group-E2152A48AE85, cid=1237, SUCCESS, logIndex=1703, commits[fd4515e9-84f2-4741-b1f5-a9247145a2ac:c1703, 2e3e112c-ad01-4834-a07e-d6d8a7947632:c1701, dfee02f7-0d20-4e08-8ecd-ebe087394a07:c1701]
2019-07-08 20:09:27,166 INFO  client.GrpcClientProtocolClient (GrpcClientProtocolClient.java:onNext(255)) - client-83AFC0B42279->fd4515e9-84f2-4741-b1f5-a9247145a2ac: receive RaftClientReply:client-83AFC0B42279->fd4515e9-84f2-4741-b1f5-a9247145a2ac@group-E2152A48AE85, cid=1238, SUCCESS, logIndex=1706, commits[fd4515e9-84f2-4741-b1f5-a9247145a2ac:c1707, 2e3e112c-ad01-4834-a07e-d6d8a7947632:c1703, dfee02f7-0d20-4e08-8ecd-ebe087394a07:c1703]
2019-07-08 20:09:27,167 INFO  client.GrpcClientProtocolClient (GrpcClientProtocolClient.java:onNext(255)) - client-83AFC0B42279->fd4515e9-84f2-4741-b1f5-a9247145a2ac: receive RaftClientReply:client-83AFC0B42279->fd4515e9-84f2-4741-b1f5-a9247145a2ac@group-E2152A48AE85, cid=1239, SUCCESS, logIndex=1707, commits[fd4515e9-84f2-4741-b1f5-a9247145a2ac:c1707, 2e3e112c-ad01-4834-a07e-d6d8a7947632:c1703, dfee02f7-0d20-4e08-8ecd-ebe087394a07:c1703]
2019-07-08 20:09:27,168 INFO  client.GrpcClientProtocolClient (GrpcClientProtocolClient.java:onNext(255)) - client-83AFC0B42279->fd4515e9-84f2-4741-b1f5-a9247145a2ac: receive RaftClientReply:client-83AFC0B42279->fd4515e9-84f2-4741-b1f5-a9247145a2ac@group-E2152A48AE85, cid=1240, SUCCESS, logIndex=0, commits[fd4515e9-84f2-4741-b1f5-a9247145a2ac:c1708, 2e3e112c-ad01-4834-a07e-d6d8a7947632:c1707, dfee02f7-0d20-4e08-8ecd-ebe087394a07:c1707]
2019-07-08 20:09:27,207 INFO  client.GrpcClientProtocolClient (GrpcClientProtocolClient.java:onNext(255)) - client-83AFC0B42279->fd4515e9-84f2-4741-b1f5-a9247145a2ac: receive RaftClientReply:client-83AFC0B42279->fd4515e9-84f2-4741-b1f5-a9247145a2ac@group-E2152A48AE85, cid=1241, SUCCESS, logIndex=1710, commits[fd4515e9-84f2-4741-b1f5-a9247145a2ac:c1711, 2e3e112c-ad01-4834-a07e-d6d8a7947632:c1709, dfee02f7-0d20-4e08-8ecd-ebe087394a07:c1709]
2019-07-08 20:09:27,208 INFO  client.GrpcClientProtocolClient (GrpcClientProtocolClient.java:onNext(255)) - client-83AFC0B42279->fd4515e9-84f2-4741-b1f5-a9247145a2ac: receive RaftClientReply:client-83AFC0B42279->fd4515e9-84f2-4741-b1f5-a9247145a2ac@group-E2152A48AE85, cid=1242, SUCCESS, logIndex=1711, commits[fd4515e9-84f2-4741-b1f5-a9247145a2ac:c1711, 2e3e112c-ad01-4834-a07e-d6d8a7947632:c1709, dfee02f7-0d20-4e08-8ecd-ebe087394a07:c1709]
2019-07-08 20:09:27,210 INFO  client.GrpcClientProtocolClient (GrpcClientProtocolClient.java:onNext(255)) - client-83AFC0B42279->fd4515e9-84f2-4741-b1f5-a9247145a2ac: receive RaftClientReply:client-83AFC0B42279->fd4515e9-84f2-4741-b1f5-a9247145a2ac@group-E2152A48AE85, cid=1243, SUCCESS, logIndex=1712, commits[fd4515e9-84f2-4741-b1f5-a9247145a2ac:c1712, 2e3e112c-ad01-4834-a07e-d6d8a7947632:c1709, dfee02f7-0d20-4e08-8ecd-ebe087394a07:c1709]
2019-07-08 20:09:27,211 INFO  client.GrpcClientProtocolClient (GrpcClientProtocolClient.java:onNext(255)) - client-83AFC0B42279->fd4515e9-84f2-4741-b1f5-a9247145a2ac: receive RaftClientReply:client-83AFC0B42279->fd4515e9-84f2-4741-b1f5-a9247145a2ac@group-E2152A48AE85, cid=1244, SUCCESS, logIndex=1713, commits[fd4515e9-84f2-4741-b1f5-a9247145a2ac:c1713, 2e3e112c-ad01-4834-a07e-d6d8a7947632:c1709, dfee02f7-0d20-4e08-8ecd-ebe087394a07:c1709]
2019-07-08 20:09:27,212 INFO  client.GrpcClientProtocolClient (GrpcClientProtocolClient.java:onNext(255)) - client-83AFC0B42279->fd4515e9-84f2-4741-b1f5-a9247145a2ac: receive RaftClientReply:client-83AFC0B42279->fd4515e9-84f2-4741-b1f5-a9247145a2ac@group-E2152A48AE85, cid=1245, SUCCESS, logIndex=0, commits[fd4515e9-84f2-4741-b1f5-a9247145a2ac:c1715, 2e3e112c-ad01-4834-a07e-d6d8a7947632:c1711, dfee02f7-0d20-4e08-8ecd-ebe087394a07:c1711]
2019-07-08 20:09:27,224 INFO  client.GrpcClientProtocolClient (GrpcClientProtocolClient.java:onNext(255)) - client-83AFC0B42279->fd4515e9-84f2-4741-b1f5-a9247145a2ac: receive RaftClientReply:client-83AFC0B42279->fd4515e9-84f2-4741-b1f5-a9247145a2ac@group-E2152A48AE85, cid=1246, SUCCESS, logIndex=1718, commits[fd4515e9-84f2-4741-b1f5-a9247145a2ac:c1719, 2e3e112c-ad01-4834-a07e-d6d8a7947632:c1713, dfee02f7-0d20-4e08-8ecd-ebe087394a07:c1715]
2019-07-08 20:09:27,224 INFO  client.GrpcClientProtocolClient (GrpcClientProtocolClient.java:onNext(255)) - client-83AFC0B42279->fd4515e9-84f2-4741-b1f5-a9247145a2ac: receive RaftClientReply:client-83AFC0B42279->fd4515e9-84f2-4741-b1f5-a9247145a2ac@group-E2152A48AE85, cid=1247, SUCCESS, logIndex=1719, commits[fd4515e9-84f2-4741-b1f5-a9247145a2ac:c1719, 2e3e112c-ad01-4834-a07e-d6d8a7947632:c1715, dfee02f7-0d20-4e08-8ecd-ebe087394a07:c1715]
2019-07-08 20:09:27,245 INFO  client.GrpcClientProtocolClient (GrpcClientProtocolClient.java:onNext(255)) - client-83AFC0B42279->fd4515e9-84f2-4741-b1f5-a9247145a2ac: receive RaftClientReply:client-83AFC0B42279->fd4515e9-84f2-4741-b1f5-a9247145a2ac@group-E2152A48AE85, cid=1248, SUCCESS, logIndex=1722, commits[fd4515e9-84f2-4741-b1f5-a9247145a2ac:c1723, 2e3e112c-ad01-4834-a07e-d6d8a7947632:c1721, dfee02f7-0d20-4e08-8ecd-ebe087394a07:c1721]
2019-07-08 20:09:27,245 INFO  client.GrpcClientProtocolClient (GrpcClientProtocolClient.java:onNext(255)) - client-83AFC0B42279->fd4515e9-84f2-4741-b1f5-a9247145a2ac: receive RaftClientReply:client-83AFC0B42279->fd4515e9-84f2-4741-b1f5-a9247145a2ac@group-E2152A48AE85, cid=1249, SUCCESS, logIndex=1723, commits[fd4515e9-84f2-4741-b1f5-a9247145a2ac:c1723, 2e3e112c-ad01-4834-a07e-d6d8a7947632:c1721, dfee02f7-0d20-4e08-8ecd-ebe087394a07:c1721]
2019-07-08 20:09:27,258 INFO  client.GrpcClientProtocolClient (GrpcClientProtocolClient.java:onNext(255)) - client-83AFC0B42279->fd4515e9-84f2-4741-b1f5-a9247145a2ac: receive RaftClientReply:client-83AFC0B42279->fd4515e9-84f2-4741-b1f5-a9247145a2ac@group-E2152A48AE85, cid=1250, SUCCESS, logIndex=0, commits[fd4515e9-84f2-4741-b1f5-a9247145a2ac:c1725, 2e3e112c-ad01-4834-a07e-d6d8a7947632:c1723, dfee02f7-0d20-4e08-8ecd-ebe087394a07:c1723]
2019-07-08 20:09:27,295 INFO  client.GrpcClientProtocolClient (GrpcClientProtocolClient.java:onNext(255)) - client-83AFC0B42279->fd4515e9-84f2-4741-b1f5-a9247145a2ac: receive RaftClientReply:client-83AFC0B42279->fd4515e9-84f2-4741-b1f5-a9247145a2ac@group-E2152A48AE85, cid=1251, SUCCESS, logIndex=1726, commits[fd4515e9-84f2-4741-b1f5-a9247145a2ac:c1727, 2e3e112c-ad01-4834-a07e-d6d8a7947632:c1725, dfee02f7-0d20-4e08-8ecd-ebe087394a07:c1725]
2019-07-08 20:09:27,296 INFO  client.GrpcClientProtocolClient (GrpcClientProtocolClient.java:onNext(255)) - client-83AFC0B42279->fd4515e9-84f2-4741-b1f5-a9247145a2ac: receive RaftClientReply:client-83AFC0B42279->fd4515e9-84f2-4741-b1f5-a9247145a2ac@group-E2152A48AE85, cid=1252, SUCCESS, logIndex=1727, commits[fd4515e9-84f2-4741-b1f5-a9247145a2ac:c1729, 2e3e112c-ad01-4834-a07e-d6d8a7947632:c1725, dfee02f7-0d20-4e08-8ecd-ebe087394a07:c1725]
2019-07-08 20:09:27,296 INFO  client.GrpcClientProtocolClient (GrpcClientProtocolClient.java:onNext(255)) - client-83AFC0B42279->fd4515e9-84f2-4741-b1f5-a9247145a2ac: receive RaftClientReply:client-83AFC0B42279->fd4515e9-84f2-4741-b1f5-a9247145a2ac@group-E2152A48AE85, cid=1253, SUCCESS, logIndex=1728, commits[fd4515e9-84f2-4741-b1f5-a9247145a2ac:c1729, 2e3e112c-ad01-4834-a07e-d6d8a7947632:c1725, dfee02f7-0d20-4e08-8ecd-ebe087394a07:c1725]
2019-07-08 20:09:27,297 INFO  client.GrpcClientProtocolClient (GrpcClientProtocolClient.java:onNext(255)) - client-83AFC0B42279->fd4515e9-84f2-4741-b1f5-a9247145a2ac: receive RaftClientReply:client-83AFC0B42279->fd4515e9-84f2-4741-b1f5-a9247145a2ac@group-E2152A48AE85, cid=1254, SUCCESS, logIndex=1729, commits[fd4515e9-84f2-4741-b1f5-a9247145a2ac:c1729, 2e3e112c-ad01-4834-a07e-d6d8a7947632:c1725, dfee02f7-0d20-4e08-8ecd-ebe087394a07:c1725]
2019-07-08 20:09:27,298 INFO  client.GrpcClientProtocolClient (GrpcClientProtocolClient.java:onNext(255)) - client-83AFC0B42279->fd4515e9-84f2-4741-b1f5-a9247145a2ac: receive RaftClientReply:client-83AFC0B42279->fd4515e9-84f2-4741-b1f5-a9247145a2ac@group-E2152A48AE85, cid=1255, SUCCESS, logIndex=0, commits[fd4515e9-84f2-4741-b1f5-a9247145a2ac:c1733, 2e3e112c-ad01-4834-a07e-d6d8a7947632:c1729, dfee02f7-0d20-4e08-8ecd-ebe087394a07:c1727]
2019-07-08 20:09:27,319 INFO  client.GrpcClientProtocolClient (GrpcClientProtocolClient.java:onNext(255)) - client-83AFC0B42279->fd4515e9-84f2-4741-b1f5-a9247145a2ac: receive RaftClientReply:client-83AFC0B42279->fd4515e9-84f2-4741-b1f5-a9247145a2ac@group-E2152A48AE85, cid=1256, SUCCESS, logIndex=1734, commits[fd4515e9-84f2-4741-b1f5-a9247145a2ac:c1735, 2e3e112c-ad01-4834-a07e-d6d8a7947632:c1733, dfee02f7-0d20-4e08-8ecd-ebe087394a07:c1733]
2019-07-08 20:09:27,319 INFO  client.GrpcClientProtocolClient (GrpcClientProtocolClient.java:onNext(255)) - client-83AFC0B42279->fd4515e9-84f2-4741-b1f5-a9247145a2ac: receive RaftClientReply:client-83AFC0B42279->fd4515e9-84f2-4741-b1f5-a9247145a2ac@group-E2152A48AE85, cid=1257, SUCCESS, logIndex=1735, commits[fd4515e9-84f2-4741-b1f5-a9247145a2ac:c1735, 2e3e112c-ad01-4834-a07e-d6d8a7947632:c1733, dfee02f7-0d20-4e08-8ecd-ebe087394a07:c1733]
2019-07-08 20:09:27,332 INFO  client.GrpcClientProtocolClient (GrpcClientProtocolClient.java:onNext(255)) - client-83AFC0B42279->fd4515e9-84f2-4741-b1f5-a9247145a2ac: receive RaftClientReply:client-83AFC0B42279->fd4515e9-84f2-4741-b1f5-a9247145a2ac@group-E2152A48AE85, cid=1258, SUCCESS, logIndex=1738, commits[fd4515e9-84f2-4741-b1f5-a9247145a2ac:c1738, 2e3e112c-ad01-4834-a07e-d6d8a7947632:c1735, dfee02f7-0d20-4e08-8ecd-ebe087394a07:c1735]
2019-07-08 20:09:27,333 INFO  client.GrpcClientProtocolClient (GrpcClientProtocolClient.java:onNext(255)) - client-83AFC0B42279->fd4515e9-84f2-4741-b1f5-a9247145a2ac: receive RaftClientReply:client-83AFC0B42279->fd4515e9-84f2-4741-b1f5-a9247145a2ac@group-E2152A48AE85, cid=1259, SUCCESS, logIndex=1739, commits[fd4515e9-84f2-4741-b1f5-a9247145a2ac:c1739, 2e3e112c-ad01-4834-a07e-d6d8a7947632:c1735, dfee02f7-0d20-4e08-8ecd-ebe087394a07:c1735]
2019-07-08 20:09:27,346 INFO  client.GrpcClientProtocolClient (GrpcClientProtocolClient.java:onNext(255)) - client-83AFC0B42279->fd4515e9-84f2-4741-b1f5-a9247145a2ac: receive RaftClientReply:client-83AFC0B42279->fd4515e9-84f2-4741-b1f5-a9247145a2ac@group-E2152A48AE85, cid=1260, SUCCESS, logIndex=0, commits[fd4515e9-84f2-4741-b1f5-a9247145a2ac:c1741, 2e3e112c-ad01-4834-a07e-d6d8a7947632:c1739, dfee02f7-0d20-4e08-8ecd-ebe087394a07:c1739]
2019-07-08 20:09:27,369 INFO  client.GrpcClientProtocolClient (GrpcClientProtocolClient.java:onNext(255)) - client-83AFC0B42279->fd4515e9-84f2-4741-b1f5-a9247145a2ac: receive RaftClientReply:client-83AFC0B42279->fd4515e9-84f2-4741-b1f5-a9247145a2ac@group-E2152A48AE85, cid=1261, SUCCESS, logIndex=1742, commits[fd4515e9-84f2-4741-b1f5-a9247145a2ac:c1743, 2e3e112c-ad01-4834-a07e-d6d8a7947632:c1739, dfee02f7-0d20-4e08-8ecd-ebe087394a07:c1741]
2019-07-08 20:09:27,369 INFO  client.GrpcClientProtocolClient (GrpcClientProtocolClient.java:onNext(255)) - client-83AFC0B42279->fd4515e9-84f2-4741-b1f5-a9247145a2ac: receive RaftClientReply:client-83AFC0B42279->fd4515e9-84f2-4741-b1f5-a9247145a2ac@group-E2152A48AE85, cid=1262, SUCCESS, logIndex=1743, commits[fd4515e9-84f2-4741-b1f5-a9247145a2ac:c1743, 2e3e112c-ad01-4834-a07e-d6d8a7947632:c1741, dfee02f7-0d20-4e08-8ecd-ebe087394a07:c1741]
2019-07-08 20:09:27,371 INFO  client.GrpcClientProtocolClient (GrpcClientProtocolClient.java:onNext(255)) - client-83AFC0B42279->fd4515e9-84f2-4741-b1f5-a9247145a2ac: receive RaftClientReply:client-83AFC0B42279->fd4515e9-84f2-4741-b1f5-a9247145a2ac@group-E2152A48AE85, cid=1263, SUCCESS, logIndex=1744, commits[fd4515e9-84f2-4741-b1f5-a9247145a2ac:c1745, 2e3e112c-ad01-4834-a07e-d6d8a7947632:c1741, dfee02f7-0d20-4e08-8ecd-ebe087394a07:c1741]
2019-07-08 20:09:27,371 INFO  client.GrpcClientProtocolClient (GrpcClientProtocolClient.java:onNext(255)) - client-83AFC0B42279->fd4515e9-84f2-4741-b1f5-a9247145a2ac: receive RaftClientReply:client-83AFC0B42279->fd4515e9-84f2-4741-b1f5-a9247145a2ac@group-E2152A48AE85, cid=1264, SUCCESS, logIndex=1745, commits[fd4515e9-84f2-4741-b1f5-a9247145a2ac:c1747, 2e3e112c-ad01-4834-a07e-d6d8a7947632:c1741, dfee02f7-0d20-4e08-8ecd-ebe087394a07:c1743]
2019-07-08 20:09:27,372 INFO  client.GrpcClientProtocolClient (GrpcClientProtocolClient.java:onNext(255)) - client-83AFC0B42279->fd4515e9-84f2-4741-b1f5-a9247145a2ac: receive RaftClientReply:client-83AFC0B42279->fd4515e9-84f2-4741-b1f5-a9247145a2ac@group-E2152A48AE85, cid=1265, SUCCESS, logIndex=0, commits[fd4515e9-84f2-4741-b1f5-a9247145a2ac:c1748, 2e3e112c-ad01-4834-a07e-d6d8a7947632:c1745, dfee02f7-0d20-4e08-8ecd-ebe087394a07:c1745]
2019-07-08 20:09:27,392 INFO  client.GrpcClientProtocolClient (GrpcClientProtocolClient.java:onNext(255)) - client-83AFC0B42279->fd4515e9-84f2-4741-b1f5-a9247145a2ac: receive RaftClientReply:client-83AFC0B42279->fd4515e9-84f2-4741-b1f5-a9247145a2ac@group-E2152A48AE85, cid=1266, SUCCESS, logIndex=1750, commits[fd4515e9-84f2-4741-b1f5-a9247145a2ac:c1751, 2e3e112c-ad01-4834-a07e-d6d8a7947632:c1749, dfee02f7-0d20-4e08-8ecd-ebe087394a07:c1749]
2019-07-08 20:09:27,393 INFO  client.GrpcClientProtocolClient (GrpcClientProtocolClient.java:onNext(255)) - client-83AFC0B42279->fd4515e9-84f2-4741-b1f5-a9247145a2ac: receive RaftClientReply:client-83AFC0B42279->fd4515e9-84f2-4741-b1f5-a9247145a2ac@group-E2152A48AE85, cid=1267, SUCCESS, logIndex=1751, commits[fd4515e9-84f2-4741-b1f5-a9247145a2ac:c1751, 2e3e112c-ad01-4834-a07e-d6d8a7947632:c1749, dfee02f7-0d20-4e08-8ecd-ebe087394a07:c1749]
2019-07-08 20:09:27,405 INFO  client.GrpcClientProtocolClient (GrpcClientProtocolClient.java:onNext(255)) - client-83AFC0B42279->fd4515e9-84f2-4741-b1f5-a9247145a2ac: receive RaftClientReply:client-83AFC0B42279->fd4515e9-84f2-4741-b1f5-a9247145a2ac@group-E2152A48AE85, cid=1268, SUCCESS, logIndex=1754, commits[fd4515e9-84f2-4741-b1f5-a9247145a2ac:c1754, 2e3e112c-ad01-4834-a07e-d6d8a7947632:c1751, dfee02f7-0d20-4e08-8ecd-ebe087394a07:c1751]
2019-07-08 20:09:27,406 INFO  client.GrpcClientProtocolClient (GrpcClientProtocolClient.java:onNext(255)) - client-83AFC0B42279->fd4515e9-84f2-4741-b1f5-a9247145a2ac: receive RaftClientReply:client-83AFC0B42279->fd4515e9-84f2-4741-b1f5-a9247145a2ac@group-E2152A48AE85, cid=1269, SUCCESS, logIndex=1755, commits[fd4515e9-84f2-4741-b1f5-a9247145a2ac:c1755, 2e3e112c-ad01-4834-a07e-d6d8a7947632:c1751, dfee02f7-0d20-4e08-8ecd-ebe087394a07:c1751]
2019-07-08 20:09:27,418 INFO  client.GrpcClientProtocolClient (GrpcClientProtocolClient.java:onNext(255)) - client-83AFC0B42279->fd4515e9-84f2-4741-b1f5-a9247145a2ac: receive RaftClientReply:client-83AFC0B42279->fd4515e9-84f2-4741-b1f5-a9247145a2ac@group-E2152A48AE85, cid=1270, SUCCESS, logIndex=0, commits[fd4515e9-84f2-4741-b1f5-a9247145a2ac:c1757, 2e3e112c-ad01-4834-a07e-d6d8a7947632:c1755, dfee02f7-0d20-4e08-8ecd-ebe087394a07:c1755]
2019-07-08 20:09:27,446 INFO  client.GrpcClientProtocolClient (GrpcClientProtocolClient.java:onNext(255)) - client-83AFC0B42279->fd4515e9-84f2-4741-b1f5-a9247145a2ac: receive RaftClientReply:client-83AFC0B42279->fd4515e9-84f2-4741-b1f5-a9247145a2ac@group-E2152A48AE85, cid=1271, SUCCESS, logIndex=1758, commits[fd4515e9-84f2-4741-b1f5-a9247145a2ac:c1759, 2e3e112c-ad01-4834-a07e-d6d8a7947632:c1757, dfee02f7-0d20-4e08-8ecd-ebe087394a07:c1757]
2019-07-08 20:09:27,446 INFO  client.GrpcClientProtocolClient (GrpcClientProtocolClient.java:onNext(255)) - client-83AFC0B42279->fd4515e9-84f2-4741-b1f5-a9247145a2ac: receive RaftClientReply:client-83AFC0B42279->fd4515e9-84f2-4741-b1f5-a9247145a2ac@group-E2152A48AE85, cid=1272, SUCCESS, logIndex=1759, commits[fd4515e9-84f2-4741-b1f5-a9247145a2ac:c1759, 2e3e112c-ad01-4834-a07e-d6d8a7947632:c1757, dfee02f7-0d20-4e08-8ecd-ebe087394a07:c1757]
2019-07-08 20:09:27,457 INFO  client.GrpcClientProtocolClient (GrpcClientProtocolClient.java:onNext(255)) - client-83AFC0B42279->fd4515e9-84f2-4741-b1f5-a9247145a2ac: receive RaftClientReply:client-83AFC0B42279->fd4515e9-84f2-4741-b1f5-a9247145a2ac@group-E2152A48AE85, cid=1273, SUCCESS, logIndex=1760, commits[fd4515e9-84f2-4741-b1f5-a9247145a2ac:c1761, 2e3e112c-ad01-4834-a07e-d6d8a7947632:c1757, dfee02f7-0d20-4e08-8ecd-ebe087394a07:c1757]
2019-07-08 20:09:27,457 INFO  client.GrpcClientProtocolClient (GrpcClientProtocolClient.java:onNext(255)) - client-83AFC0B42279->fd4515e9-84f2-4741-b1f5-a9247145a2ac: receive RaftClientReply:client-83AFC0B42279->fd4515e9-84f2-4741-b1f5-a9247145a2ac@group-E2152A48AE85, cid=1274, SUCCESS, logIndex=1761, commits[fd4515e9-84f2-4741-b1f5-a9247145a2ac:c1761, 2e3e112c-ad01-4834-a07e-d6d8a7947632:c1757, dfee02f7-0d20-4e08-8ecd-ebe087394a07:c1757]
2019-07-08 20:09:27,458 INFO  client.GrpcClientProtocolClient (GrpcClientProtocolClient.java:onNext(255)) - client-83AFC0B42279->fd4515e9-84f2-4741-b1f5-a9247145a2ac: receive RaftClientReply:client-83AFC0B42279->fd4515e9-84f2-4741-b1f5-a9247145a2ac@group-E2152A48AE85, cid=1275, SUCCESS, logIndex=0, commits[fd4515e9-84f2-4741-b1f5-a9247145a2ac:c1764, 2e3e112c-ad01-4834-a07e-d6d8a7947632:c1759, dfee02f7-0d20-4e08-8ecd-ebe087394a07:c1761]
2019-07-08 20:09:27,478 INFO  client.GrpcClientProtocolClient (GrpcClientProtocolClient.java:onNext(255)) - client-83AFC0B42279->fd4515e9-84f2-4741-b1f5-a9247145a2ac: receive RaftClientReply:client-83AFC0B42279->fd4515e9-84f2-4741-b1f5-a9247145a2ac@group-E2152A48AE85, cid=1276, SUCCESS, logIndex=1766, commits[fd4515e9-84f2-4741-b1f5-a9247145a2ac:c1767, 2e3e112c-ad01-4834-a07e-d6d8a7947632:c1765, dfee02f7-0d20-4e08-8ecd-ebe087394a07:c1765]
2019-07-08 20:09:27,479 INFO  client.GrpcClientProtocolClient (GrpcClientProtocolClient.java:onNext(255)) - client-83AFC0B42279->fd4515e9-84f2-4741-b1f5-a9247145a2ac: receive RaftClientReply:client-83AFC0B42279->fd4515e9-84f2-4741-b1f5-a9247145a2ac@group-E2152A48AE85, cid=1277, SUCCESS, logIndex=1767, commits[fd4515e9-84f2-4741-b1f5-a9247145a2ac:c1767, 2e3e112c-ad01-4834-a07e-d6d8a7947632:c1765, dfee02f7-0d20-4e08-8ecd-ebe087394a07:c1765]
2019-07-08 20:09:27,592 INFO  client.GrpcClientProtocolClient (GrpcClientProtocolClient.java:onNext(255)) - client-83AFC0B42279->fd4515e9-84f2-4741-b1f5-a9247145a2ac: receive RaftClientReply:client-83AFC0B42279->fd4515e9-84f2-4741-b1f5-a9247145a2ac@group-E2152A48AE85, cid=1278, SUCCESS, logIndex=1770, commits[fd4515e9-84f2-4741-b1f5-a9247145a2ac:c1771, 2e3e112c-ad01-4834-a07e-d6d8a7947632:c1768, dfee02f7-0d20-4e08-8ecd-ebe087394a07:c1768]
2019-07-08 20:09:27,593 INFO  client.GrpcClientProtocolClient (GrpcClientProtocolClient.java:onNext(255)) - client-83AFC0B42279->fd4515e9-84f2-4741-b1f5-a9247145a2ac: receive RaftClientReply:client-83AFC0B42279->fd4515e9-84f2-4741-b1f5-a9247145a2ac@group-E2152A48AE85, cid=1279, SUCCESS, logIndex=1771, commits[fd4515e9-84f2-4741-b1f5-a9247145a2ac:c1771, 2e3e112c-ad01-4834-a07e-d6d8a7947632:c1768, dfee02f7-0d20-4e08-8ecd-ebe087394a07:c1768]
2019-07-08 20:09:27,606 INFO  client.GrpcClientProtocolClient (GrpcClientProtocolClient.java:onNext(255)) - client-83AFC0B42279->fd4515e9-84f2-4741-b1f5-a9247145a2ac: receive RaftClientReply:client-83AFC0B42279->fd4515e9-84f2-4741-b1f5-a9247145a2ac@group-E2152A48AE85, cid=1280, SUCCESS, logIndex=0, commits[fd4515e9-84f2-4741-b1f5-a9247145a2ac:c1773, 2e3e112c-ad01-4834-a07e-d6d8a7947632:c1771, dfee02f7-0d20-4e08-8ecd-ebe087394a07:c1771]
2019-07-08 20:09:27,641 INFO  client.GrpcClientProtocolClient (GrpcClientProtocolClient.java:onNext(255)) - client-83AFC0B42279->fd4515e9-84f2-4741-b1f5-a9247145a2ac: receive RaftClientReply:client-83AFC0B42279->fd4515e9-84f2-4741-b1f5-a9247145a2ac@group-E2152A48AE85, cid=1281, SUCCESS, logIndex=1774, commits[fd4515e9-84f2-4741-b1f5-a9247145a2ac:c1775, 2e3e112c-ad01-4834-a07e-d6d8a7947632:c1773, dfee02f7-0d20-4e08-8ecd-ebe087394a07:c1773]
2019-07-08 20:09:27,642 INFO  client.GrpcClientProtocolClient (GrpcClientProtocolClient.java:onNext(255)) - client-83AFC0B42279->fd4515e9-84f2-4741-b1f5-a9247145a2ac: receive RaftClientReply:client-83AFC0B42279->fd4515e9-84f2-4741-b1f5-a9247145a2ac@group-E2152A48AE85, cid=1282, SUCCESS, logIndex=1775, commits[fd4515e9-84f2-4741-b1f5-a9247145a2ac:c1776, 2e3e112c-ad01-4834-a07e-d6d8a7947632:c1773, dfee02f7-0d20-4e08-8ecd-ebe087394a07:c1773]
2019-07-08 20:09:27,642 INFO  client.GrpcClientProtocolClient (GrpcClientProtocolClient.java:onNext(255)) - client-83AFC0B42279->fd4515e9-84f2-4741-b1f5-a9247145a2ac: receive RaftClientReply:client-83AFC0B42279->fd4515e9-84f2-4741-b1f5-a9247145a2ac@group-E2152A48AE85, cid=1283, SUCCESS, logIndex=1776, commits[fd4515e9-84f2-4741-b1f5-a9247145a2ac:c1777, 2e3e112c-ad01-4834-a07e-d6d8a7947632:c1773, dfee02f7-0d20-4e08-8ecd-ebe087394a07:c1773]
2019-07-08 20:09:27,643 INFO  client.GrpcClientProtocolClient (GrpcClientProtocolClient.java:onNext(255)) - client-83AFC0B42279->fd4515e9-84f2-4741-b1f5-a9247145a2ac: receive RaftClientReply:client-83AFC0B42279->fd4515e9-84f2-4741-b1f5-a9247145a2ac@group-E2152A48AE85, cid=1284, SUCCESS, logIndex=1777, commits[fd4515e9-84f2-4741-b1f5-a9247145a2ac:c1777, 2e3e112c-ad01-4834-a07e-d6d8a7947632:c1773, dfee02f7-0d20-4e08-8ecd-ebe087394a07:c1773]
2019-07-08 20:09:27,645 INFO  client.GrpcClientProtocolClient (GrpcClientProtocolClient.java:onNext(255)) - client-83AFC0B42279->fd4515e9-84f2-4741-b1f5-a9247145a2ac: receive RaftClientReply:client-83AFC0B42279->fd4515e9-84f2-4741-b1f5-a9247145a2ac@group-E2152A48AE85, cid=1285, SUCCESS, logIndex=0, commits[fd4515e9-84f2-4741-b1f5-a9247145a2ac:c1781, 2e3e112c-ad01-4834-a07e-d6d8a7947632:c1776, dfee02f7-0d20-4e08-8ecd-ebe087394a07:c1777]
2019-07-08 20:09:27,666 INFO  client.GrpcClientProtocolClient (GrpcClientProtocolClient.java:onNext(255)) - client-83AFC0B42279->fd4515e9-84f2-4741-b1f5-a9247145a2ac: receive RaftClientReply:client-83AFC0B42279->fd4515e9-84f2-4741-b1f5-a9247145a2ac@group-E2152A48AE85, cid=1286, SUCCESS, logIndex=1782, commits[fd4515e9-84f2-4741-b1f5-a9247145a2ac:c1783, 2e3e112c-ad01-4834-a07e-d6d8a7947632:c1781, dfee02f7-0d20-4e08-8ecd-ebe087394a07:c1781]
2019-07-08 20:09:27,666 INFO  client.GrpcClientProtocolClient (GrpcClientProtocolClient.java:onNext(255)) - client-83AFC0B42279->fd4515e9-84f2-4741-b1f5-a9247145a2ac: receive RaftClientReply:client-83AFC0B42279->fd4515e9-84f2-4741-b1f5-a9247145a2ac@group-E2152A48AE85, cid=1287, SUCCESS, logIndex=1783, commits[fd4515e9-84f2-4741-b1f5-a9247145a2ac:c1783, 2e3e112c-ad01-4834-a07e-d6d8a7947632:c1781, dfee02f7-0d20-4e08-8ecd-ebe087394a07:c1781]
2019-07-08 20:09:27,679 INFO  client.GrpcClientProtocolClient (GrpcClientProtocolClient.java:onNext(255)) - client-83AFC0B42279->fd4515e9-84f2-4741-b1f5-a9247145a2ac: receive RaftClientReply:client-83AFC0B42279->fd4515e9-84f2-4741-b1f5-a9247145a2ac@group-E2152A48AE85, cid=1288, SUCCESS, logIndex=1786, commits[fd4515e9-84f2-4741-b1f5-a9247145a2ac:c1787, 2e3e112c-ad01-4834-a07e-d6d8a7947632:c1783, dfee02f7-0d20-4e08-8ecd-ebe087394a07:c1783]
2019-07-08 20:09:27,680 INFO  client.GrpcClientProtocolClient (GrpcClientProtocolClient.java:onNext(255)) - client-83AFC0B42279->fd4515e9-84f2-4741-b1f5-a9247145a2ac: receive RaftClientReply:client-83AFC0B42279->fd4515e9-84f2-4741-b1f5-a9247145a2ac@group-E2152A48AE85, cid=1289, SUCCESS, logIndex=1787, commits[fd4515e9-84f2-4741-b1f5-a9247145a2ac:c1787, 2e3e112c-ad01-4834-a07e-d6d8a7947632:c1783, dfee02f7-0d20-4e08-8ecd-ebe087394a07:c1783]
2019-07-08 20:09:27,693 INFO  client.GrpcClientProtocolClient (GrpcClientProtocolClient.java:onNext(255)) - client-83AFC0B42279->fd4515e9-84f2-4741-b1f5-a9247145a2ac: receive RaftClientReply:client-83AFC0B42279->fd4515e9-84f2-4741-b1f5-a9247145a2ac@group-E2152A48AE85, cid=1290, SUCCESS, logIndex=0, commits[fd4515e9-84f2-4741-b1f5-a9247145a2ac:c1789, 2e3e112c-ad01-4834-a07e-d6d8a7947632:c1787, dfee02f7-0d20-4e08-8ecd-ebe087394a07:c1787]
2019-07-08 20:09:27,722 INFO  client.GrpcClientProtocolClient (GrpcClientProtocolClient.java:onNext(255)) - client-83AFC0B42279->fd4515e9-84f2-4741-b1f5-a9247145a2ac: receive RaftClientReply:client-83AFC0B42279->fd4515e9-84f2-4741-b1f5-a9247145a2ac@group-E2152A48AE85, cid=1291, SUCCESS, logIndex=1790, commits[fd4515e9-84f2-4741-b1f5-a9247145a2ac:c1791, 2e3e112c-ad01-4834-a07e-d6d8a7947632:c1789, dfee02f7-0d20-4e08-8ecd-ebe087394a07:c1789]
2019-07-08 20:09:27,723 INFO  client.GrpcClientProtocolClient (GrpcClientProtocolClient.java:onNext(255)) - client-83AFC0B42279->fd4515e9-84f2-4741-b1f5-a9247145a2ac: receive RaftClientReply:client-83AFC0B42279->fd4515e9-84f2-4741-b1f5-a9247145a2ac@group-E2152A48AE85, cid=1292, SUCCESS, logIndex=1791, commits[fd4515e9-84f2-4741-b1f5-a9247145a2ac:c1791, 2e3e112c-ad01-4834-a07e-d6d8a7947632:c1789, dfee02f7-0d20-4e08-8ecd-ebe087394a07:c1789]
2019-07-08 20:09:27,724 INFO  client.GrpcClientProtocolClient (GrpcClientProtocolClient.java:onNext(255)) - client-83AFC0B42279->fd4515e9-84f2-4741-b1f5-a9247145a2ac: receive RaftClientReply:client-83AFC0B42279->fd4515e9-84f2-4741-b1f5-a9247145a2ac@group-E2152A48AE85, cid=1293, SUCCESS, logIndex=1792, commits[fd4515e9-84f2-4741-b1f5-a9247145a2ac:c1793, 2e3e112c-ad01-4834-a07e-d6d8a7947632:c1789, dfee02f7-0d20-4e08-8ecd-ebe087394a07:c1789]
2019-07-08 20:09:27,724 INFO  client.GrpcClientProtocolClient (GrpcClientProtocolClient.java:onNext(255)) - client-83AFC0B42279->fd4515e9-84f2-4741-b1f5-a9247145a2ac: receive RaftClientReply:client-83AFC0B42279->fd4515e9-84f2-4741-b1f5-a9247145a2ac@group-E2152A48AE85, cid=1294, SUCCESS, logIndex=1793, commits[fd4515e9-84f2-4741-b1f5-a9247145a2ac:c1793, 2e3e112c-ad01-4834-a07e-d6d8a7947632:c1789, dfee02f7-0d20-4e08-8ecd-ebe087394a07:c1789]
2019-07-08 20:09:27,725 INFO  client.GrpcClientProtocolClient (GrpcClientProtocolClient.java:onNext(255)) - client-83AFC0B42279->fd4515e9-84f2-4741-b1f5-a9247145a2ac: receive RaftClientReply:client-83AFC0B42279->fd4515e9-84f2-4741-b1f5-a9247145a2ac@group-E2152A48AE85, cid=1295, SUCCESS, logIndex=0, commits[fd4515e9-84f2-4741-b1f5-a9247145a2ac:c1795, 2e3e112c-ad01-4834-a07e-d6d8a7947632:c1791, dfee02f7-0d20-4e08-8ecd-ebe087394a07:c1791]
2019-07-08 20:09:27,746 INFO  client.GrpcClientProtocolClient (GrpcClientProtocolClient.java:onNext(255)) - client-83AFC0B42279->fd4515e9-84f2-4741-b1f5-a9247145a2ac: receive RaftClientReply:client-83AFC0B42279->fd4515e9-84f2-4741-b1f5-a9247145a2ac@group-E2152A48AE85, cid=1296, SUCCESS, logIndex=1798, commits[fd4515e9-84f2-4741-b1f5-a9247145a2ac:c1799, 2e3e112c-ad01-4834-a07e-d6d8a7947632:c1797, dfee02f7-0d20-4e08-8ecd-ebe087394a07:c1797]
2019-07-08 20:09:27,746 INFO  client.GrpcClientProtocolClient (GrpcClientProtocolClient.java:onNext(255)) - client-83AFC0B42279->fd4515e9-84f2-4741-b1f5-a9247145a2ac: receive RaftClientReply:client-83AFC0B42279->fd4515e9-84f2-4741-b1f5-a9247145a2ac@group-E2152A48AE85, cid=1297, SUCCESS, logIndex=1799, commits[fd4515e9-84f2-4741-b1f5-a9247145a2ac:c1799, 2e3e112c-ad01-4834-a07e-d6d8a7947632:c1797, dfee02f7-0d20-4e08-8ecd-ebe087394a07:c1797]
2019-07-08 20:09:27,760 INFO  client.GrpcClientProtocolClient (GrpcClientProtocolClient.java:onNext(255)) - client-83AFC0B42279->fd4515e9-84f2-4741-b1f5-a9247145a2ac: receive RaftClientReply:client-83AFC0B42279->fd4515e9-84f2-4741-b1f5-a9247145a2ac@group-E2152A48AE85, cid=1298, SUCCESS, logIndex=1802, commits[fd4515e9-84f2-4741-b1f5-a9247145a2ac:c1803, 2e3e112c-ad01-4834-a07e-d6d8a7947632:c1799, dfee02f7-0d20-4e08-8ecd-ebe087394a07:c1799]
2019-07-08 20:09:27,760 INFO  client.GrpcClientProtocolClient (GrpcClientProtocolClient.java:onNext(255)) - client-83AFC0B42279->fd4515e9-84f2-4741-b1f5-a9247145a2ac: receive RaftClientReply:client-83AFC0B42279->fd4515e9-84f2-4741-b1f5-a9247145a2ac@group-E2152A48AE85, cid=1299, SUCCESS, logIndex=1803, commits[fd4515e9-84f2-4741-b1f5-a9247145a2ac:c1803, 2e3e112c-ad01-4834-a07e-d6d8a7947632:c1799, dfee02f7-0d20-4e08-8ecd-ebe087394a07:c1799]
2019-07-08 20:09:27,771 INFO  client.GrpcClientProtocolClient (GrpcClientProtocolClient.java:onNext(255)) - client-83AFC0B42279->fd4515e9-84f2-4741-b1f5-a9247145a2ac: receive RaftClientReply:client-83AFC0B42279->fd4515e9-84f2-4741-b1f5-a9247145a2ac@group-E2152A48AE85, cid=1300, SUCCESS, logIndex=0, commits[fd4515e9-84f2-4741-b1f5-a9247145a2ac:c1805, 2e3e112c-ad01-4834-a07e-d6d8a7947632:c1803, dfee02f7-0d20-4e08-8ecd-ebe087394a07:c1803]
2019-07-08 20:09:27,801 INFO  client.GrpcClientProtocolClient (GrpcClientProtocolClient.java:onNext(255)) - client-83AFC0B42279->fd4515e9-84f2-4741-b1f5-a9247145a2ac: receive RaftClientReply:client-83AFC0B42279->fd4515e9-84f2-4741-b1f5-a9247145a2ac@group-E2152A48AE85, cid=1301, SUCCESS, logIndex=1806, commits[fd4515e9-84f2-4741-b1f5-a9247145a2ac:c1809, 2e3e112c-ad01-4834-a07e-d6d8a7947632:c1803, dfee02f7-0d20-4e08-8ecd-ebe087394a07:c1805]
2019-07-08 20:09:27,802 INFO  client.GrpcClientProtocolClient (GrpcClientProtocolClient.java:onNext(255)) - client-83AFC0B42279->fd4515e9-84f2-4741-b1f5-a9247145a2ac: receive RaftClientReply:client-83AFC0B42279->fd4515e9-84f2-4741-b1f5-a9247145a2ac@group-E2152A48AE85, cid=1302, SUCCESS, logIndex=1807, commits[fd4515e9-84f2-4741-b1f5-a9247145a2ac:c1809, 2e3e112c-ad01-4834-a07e-d6d8a7947632:c1805, dfee02f7-0d20-4e08-8ecd-ebe087394a07:c1805]
2019-07-08 20:09:27,802 INFO  client.GrpcClientProtocolClient (GrpcClientProtocolClient.java:onNext(255)) - client-83AFC0B42279->fd4515e9-84f2-4741-b1f5-a9247145a2ac: receive RaftClientReply:client-83AFC0B42279->fd4515e9-84f2-4741-b1f5-a9247145a2ac@group-E2152A48AE85, cid=1303, SUCCESS, logIndex=1808, commits[fd4515e9-84f2-4741-b1f5-a9247145a2ac:c1809, 2e3e112c-ad01-4834-a07e-d6d8a7947632:c1805, dfee02f7-0d20-4e08-8ecd-ebe087394a07:c1805]
2019-07-08 20:09:27,803 INFO  client.GrpcClientProtocolClient (GrpcClientProtocolClient.java:onNext(255)) - client-83AFC0B42279->fd4515e9-84f2-4741-b1f5-a9247145a2ac: receive RaftClientReply:client-83AFC0B42279->fd4515e9-84f2-4741-b1f5-a9247145a2ac@group-E2152A48AE85, cid=1304, SUCCESS, logIndex=1809, commits[fd4515e9-84f2-4741-b1f5-a9247145a2ac:c1809, 2e3e112c-ad01-4834-a07e-d6d8a7947632:c1805, dfee02f7-0d20-4e08-8ecd-ebe087394a07:c1805]
2019-07-08 20:09:27,813 INFO  client.GrpcClientProtocolClient (GrpcClientProtocolClient.java:onNext(255)) - client-83AFC0B42279->fd4515e9-84f2-4741-b1f5-a9247145a2ac: receive RaftClientReply:client-83AFC0B42279->fd4515e9-84f2-4741-b1f5-a9247145a2ac@group-E2152A48AE85, cid=1305, SUCCESS, logIndex=0, commits[fd4515e9-84f2-4741-b1f5-a9247145a2ac:c1810, 2e3e112c-ad01-4834-a07e-d6d8a7947632:c1808, dfee02f7-0d20-4e08-8ecd-ebe087394a07:c1807]
2019-07-08 20:09:27,832 INFO  client.GrpcClientProtocolClient (GrpcClientProtocolClient.java:onNext(255)) - client-83AFC0B42279->fd4515e9-84f2-4741-b1f5-a9247145a2ac: receive RaftClientReply:client-83AFC0B42279->fd4515e9-84f2-4741-b1f5-a9247145a2ac@group-E2152A48AE85, cid=1306, SUCCESS, logIndex=1814, commits[fd4515e9-84f2-4741-b1f5-a9247145a2ac:c1815, 2e3e112c-ad01-4834-a07e-d6d8a7947632:c1813, dfee02f7-0d20-4e08-8ecd-ebe087394a07:c1813]
2019-07-08 20:09:27,833 INFO  client.GrpcClientProtocolClient (GrpcClientProtocolClient.java:onNext(255)) - client-83AFC0B42279->fd4515e9-84f2-4741-b1f5-a9247145a2ac: receive RaftClientReply:client-83AFC0B42279->fd4515e9-84f2-4741-b1f5-a9247145a2ac@group-E2152A48AE85, cid=1307, SUCCESS, logIndex=1815, commits[fd4515e9-84f2-4741-b1f5-a9247145a2ac:c1815, 2e3e112c-ad01-4834-a07e-d6d8a7947632:c1813, dfee02f7-0d20-4e08-8ecd-ebe087394a07:c1813]
2019-07-08 20:09:27,863 INFO  client.GrpcClientProtocolClient (GrpcClientProtocolClient.java:onNext(255)) - client-83AFC0B42279->fd4515e9-84f2-4741-b1f5-a9247145a2ac: receive RaftClientReply:client-83AFC0B42279->fd4515e9-84f2-4741-b1f5-a9247145a2ac@group-E2152A48AE85, cid=1308, SUCCESS, logIndex=1818, commits[fd4515e9-84f2-4741-b1f5-a9247145a2ac:c1819, 2e3e112c-ad01-4834-a07e-d6d8a7947632:c1817, dfee02f7-0d20-4e08-8ecd-ebe087394a07:c1817]
2019-07-08 20:09:27,863 INFO  client.GrpcClientProtocolClient (GrpcClientProtocolClient.java:onNext(255)) - client-83AFC0B42279->fd4515e9-84f2-4741-b1f5-a9247145a2ac: receive RaftClientReply:client-83AFC0B42279->fd4515e9-84f2-4741-b1f5-a9247145a2ac@group-E2152A48AE85, cid=1309, SUCCESS, logIndex=1819, commits[fd4515e9-84f2-4741-b1f5-a9247145a2ac:c1819, 2e3e112c-ad01-4834-a07e-d6d8a7947632:c1817, dfee02f7-0d20-4e08-8ecd-ebe087394a07:c1817]
2019-07-08 20:09:27,877 INFO  client.GrpcClientProtocolClient (GrpcClientProtocolClient.java:onNext(255)) - client-83AFC0B42279->fd4515e9-84f2-4741-b1f5-a9247145a2ac: receive RaftClientReply:client-83AFC0B42279->fd4515e9-84f2-4741-b1f5-a9247145a2ac@group-E2152A48AE85, cid=1310, SUCCESS, logIndex=0, commits[fd4515e9-84f2-4741-b1f5-a9247145a2ac:c1821, 2e3e112c-ad01-4834-a07e-d6d8a7947632:c1819, dfee02f7-0d20-4e08-8ecd-ebe087394a07:c1819]
2019-07-08 20:09:27,904 INFO  client.GrpcClientProtocolClient (GrpcClientProtocolClient.java:onNext(255)) - client-83AFC0B42279->fd4515e9-84f2-4741-b1f5-a9247145a2ac: receive RaftClientReply:client-83AFC0B42279->fd4515e9-84f2-4741-b1f5-a9247145a2ac@group-E2152A48AE85, cid=1311, SUCCESS, logIndex=1822, commits[fd4515e9-84f2-4741-b1f5-a9247145a2ac:c1824, 2e3e112c-ad01-4834-a07e-d6d8a7947632:c1821, dfee02f7-0d20-4e08-8ecd-ebe087394a07:c1821]
2019-07-08 20:09:27,905 INFO  client.GrpcClientProtocolClient (GrpcClientProtocolClient.java:onNext(255)) - client-83AFC0B42279->fd4515e9-84f2-4741-b1f5-a9247145a2ac: receive RaftClientReply:client-83AFC0B42279->fd4515e9-84f2-4741-b1f5-a9247145a2ac@group-E2152A48AE85, cid=1312, SUCCESS, logIndex=1823, commits[fd4515e9-84f2-4741-b1f5-a9247145a2ac:c1825, 2e3e112c-ad01-4834-a07e-d6d8a7947632:c1821, dfee02f7-0d20-4e08-8ecd-ebe087394a07:c1821]
2019-07-08 20:09:27,905 INFO  client.GrpcClientProtocolClient (GrpcClientProtocolClient.java:onNext(255)) - client-83AFC0B42279->fd4515e9-84f2-4741-b1f5-a9247145a2ac: receive RaftClientReply:client-83AFC0B42279->fd4515e9-84f2-4741-b1f5-a9247145a2ac@group-E2152A48AE85, cid=1313, SUCCESS, logIndex=1824, commits[fd4515e9-84f2-4741-b1f5-a9247145a2ac:c1825, 2e3e112c-ad01-4834-a07e-d6d8a7947632:c1821, dfee02f7-0d20-4e08-8ecd-ebe087394a07:c1821]
2019-07-08 20:09:27,905 INFO  client.GrpcClientProtocolClient (GrpcClientProtocolClient.java:onNext(255)) - client-83AFC0B42279->fd4515e9-84f2-4741-b1f5-a9247145a2ac: receive RaftClientReply:client-83AFC0B42279->fd4515e9-84f2-4741-b1f5-a9247145a2ac@group-E2152A48AE85, cid=1314, SUCCESS, logIndex=1825, commits[fd4515e9-84f2-4741-b1f5-a9247145a2ac:c1825, 2e3e112c-ad01-4834-a07e-d6d8a7947632:c1821, dfee02f7-0d20-4e08-8ecd-ebe087394a07:c1821]
2019-07-08 20:09:27,917 INFO  client.GrpcClientProtocolClient (GrpcClientProtocolClient.java:onNext(255)) - client-83AFC0B42279->fd4515e9-84f2-4741-b1f5-a9247145a2ac: receive RaftClientReply:client-83AFC0B42279->fd4515e9-84f2-4741-b1f5-a9247145a2ac@group-E2152A48AE85, cid=1315, SUCCESS, logIndex=0, commits[fd4515e9-84f2-4741-b1f5-a9247145a2ac:c1826, 2e3e112c-ad01-4834-a07e-d6d8a7947632:c1823, dfee02f7-0d20-4e08-8ecd-ebe087394a07:c1823]
2019-07-08 20:09:27,936 INFO  client.GrpcClientProtocolClient (GrpcClientProtocolClient.java:onNext(255)) - client-83AFC0B42279->fd4515e9-84f2-4741-b1f5-a9247145a2ac: receive RaftClientReply:client-83AFC0B42279->fd4515e9-84f2-4741-b1f5-a9247145a2ac@group-E2152A48AE85, cid=1316, SUCCESS, logIndex=1830, commits[fd4515e9-84f2-4741-b1f5-a9247145a2ac:c1831, 2e3e112c-ad01-4834-a07e-d6d8a7947632:c1829, dfee02f7-0d20-4e08-8ecd-ebe087394a07:c1829]
2019-07-08 20:09:27,937 INFO  client.GrpcClientProtocolClient (GrpcClientProtocolClient.java:onNext(255)) - client-83AFC0B42279->fd4515e9-84f2-4741-b1f5-a9247145a2ac: receive RaftClientReply:client-83AFC0B42279->fd4515e9-84f2-4741-b1f5-a9247145a2ac@group-E2152A48AE85, cid=1317, SUCCESS, logIndex=1831, commits[fd4515e9-84f2-4741-b1f5-a9247145a2ac:c1831, 2e3e112c-ad01-4834-a07e-d6d8a7947632:c1829, dfee02f7-0d20-4e08-8ecd-ebe087394a07:c1829]
2019-07-08 20:09:27,950 INFO  client.GrpcClientProtocolClient (GrpcClientProtocolClient.java:onNext(255)) - client-83AFC0B42279->fd4515e9-84f2-4741-b1f5-a9247145a2ac: receive RaftClientReply:client-83AFC0B42279->fd4515e9-84f2-4741-b1f5-a9247145a2ac@group-E2152A48AE85, cid=1318, SUCCESS, logIndex=1834, commits[fd4515e9-84f2-4741-b1f5-a9247145a2ac:c1835, 2e3e112c-ad01-4834-a07e-d6d8a7947632:c1831, dfee02f7-0d20-4e08-8ecd-ebe087394a07:c1831]
2019-07-08 20:09:27,951 INFO  client.GrpcClientProtocolClient (GrpcClientProtocolClient.java:onNext(255)) - client-83AFC0B42279->fd4515e9-84f2-4741-b1f5-a9247145a2ac: receive RaftClientReply:client-83AFC0B42279->fd4515e9-84f2-4741-b1f5-a9247145a2ac@group-E2152A48AE85, cid=1319, SUCCESS, logIndex=1835, commits[fd4515e9-84f2-4741-b1f5-a9247145a2ac:c1835, 2e3e112c-ad01-4834-a07e-d6d8a7947632:c1831, dfee02f7-0d20-4e08-8ecd-ebe087394a07:c1831]
2019-07-08 20:09:27,965 INFO  client.GrpcClientProtocolClient (GrpcClientProtocolClient.java:onNext(255)) - client-83AFC0B42279->fd4515e9-84f2-4741-b1f5-a9247145a2ac: receive RaftClientReply:client-83AFC0B42279->fd4515e9-84f2-4741-b1f5-a9247145a2ac@group-E2152A48AE85, cid=1320, SUCCESS, logIndex=0, commits[fd4515e9-84f2-4741-b1f5-a9247145a2ac:c1837, 2e3e112c-ad01-4834-a07e-d6d8a7947632:c1835, dfee02f7-0d20-4e08-8ecd-ebe087394a07:c1835]
2019-07-08 20:09:27,991 INFO  client.GrpcClientProtocolClient (GrpcClientProtocolClient.java:onNext(255)) - client-83AFC0B42279->fd4515e9-84f2-4741-b1f5-a9247145a2ac: receive RaftClientReply:client-83AFC0B42279->fd4515e9-84f2-4741-b1f5-a9247145a2ac@group-E2152A48AE85, cid=1321, SUCCESS, logIndex=1838, commits[fd4515e9-84f2-4741-b1f5-a9247145a2ac:c1839, 2e3e112c-ad01-4834-a07e-d6d8a7947632:c1837, dfee02f7-0d20-4e08-8ecd-ebe087394a07:c1837]
2019-07-08 20:09:27,992 INFO  client.GrpcClientProtocolClient (GrpcClientProtocolClient.java:onNext(255)) - client-83AFC0B42279->fd4515e9-84f2-4741-b1f5-a9247145a2ac: receive RaftClientReply:client-83AFC0B42279->fd4515e9-84f2-4741-b1f5-a9247145a2ac@group-E2152A48AE85, cid=1322, SUCCESS, logIndex=1839, commits[fd4515e9-84f2-4741-b1f5-a9247145a2ac:c1841, 2e3e112c-ad01-4834-a07e-d6d8a7947632:c1837, dfee02f7-0d20-4e08-8ecd-ebe087394a07:c1837]
2019-07-08 20:09:27,992 INFO  client.GrpcClientProtocolClient (GrpcClientProtocolClient.java:onNext(255)) - client-83AFC0B42279->fd4515e9-84f2-4741-b1f5-a9247145a2ac: receive RaftClientReply:client-83AFC0B42279->fd4515e9-84f2-4741-b1f5-a9247145a2ac@group-E2152A48AE85, cid=1323, SUCCESS, logIndex=1840, commits[fd4515e9-84f2-4741-b1f5-a9247145a2ac:c1841, 2e3e112c-ad01-4834-a07e-d6d8a7947632:c1837, dfee02f7-0d20-4e08-8ecd-ebe087394a07:c1837]
2019-07-08 20:09:27,993 INFO  client.GrpcClientProtocolClient (GrpcClientProtocolClient.java:onNext(255)) - client-83AFC0B42279->fd4515e9-84f2-4741-b1f5-a9247145a2ac: receive RaftClientReply:client-83AFC0B42279->fd4515e9-84f2-4741-b1f5-a9247145a2ac@group-E2152A48AE85, cid=1324, SUCCESS, logIndex=1841, commits[fd4515e9-84f2-4741-b1f5-a9247145a2ac:c1841, 2e3e112c-ad01-4834-a07e-d6d8a7947632:c1837, dfee02f7-0d20-4e08-8ecd-ebe087394a07:c1837]
2019-07-08 20:09:27,994 INFO  client.GrpcClientProtocolClient (GrpcClientProtocolClient.java:onNext(255)) - client-83AFC0B42279->fd4515e9-84f2-4741-b1f5-a9247145a2ac: receive RaftClientReply:client-83AFC0B42279->fd4515e9-84f2-4741-b1f5-a9247145a2ac@group-E2152A48AE85, cid=1325, SUCCESS, logIndex=0, commits[fd4515e9-84f2-4741-b1f5-a9247145a2ac:c1844, 2e3e112c-ad01-4834-a07e-d6d8a7947632:c1839, dfee02f7-0d20-4e08-8ecd-ebe087394a07:c1841]
2019-07-08 20:09:28,013 INFO  client.GrpcClientProtocolClient (GrpcClientProtocolClient.java:onNext(255)) - client-83AFC0B42279->fd4515e9-84f2-4741-b1f5-a9247145a2ac: receive RaftClientReply:client-83AFC0B42279->fd4515e9-84f2-4741-b1f5-a9247145a2ac@group-E2152A48AE85, cid=1326, SUCCESS, logIndex=1846, commits[fd4515e9-84f2-4741-b1f5-a9247145a2ac:c1847, 2e3e112c-ad01-4834-a07e-d6d8a7947632:c1845, dfee02f7-0d20-4e08-8ecd-ebe087394a07:c1845]
2019-07-08 20:09:28,013 INFO  client.GrpcClientProtocolClient (GrpcClientProtocolClient.java:onNext(255)) - client-83AFC0B42279->fd4515e9-84f2-4741-b1f5-a9247145a2ac: receive RaftClientReply:client-83AFC0B42279->fd4515e9-84f2-4741-b1f5-a9247145a2ac@group-E2152A48AE85, cid=1327, SUCCESS, logIndex=1847, commits[fd4515e9-84f2-4741-b1f5-a9247145a2ac:c1847, 2e3e112c-ad01-4834-a07e-d6d8a7947632:c1845, dfee02f7-0d20-4e08-8ecd-ebe087394a07:c1845]
2019-07-08 20:09:28,030 INFO  client.GrpcClientProtocolClient (GrpcClientProtocolClient.java:onNext(255)) - client-83AFC0B42279->fd4515e9-84f2-4741-b1f5-a9247145a2ac: receive RaftClientReply:client-83AFC0B42279->fd4515e9-84f2-4741-b1f5-a9247145a2ac@group-E2152A48AE85, cid=1328, SUCCESS, logIndex=1850, commits[fd4515e9-84f2-4741-b1f5-a9247145a2ac:c1851, 2e3e112c-ad01-4834-a07e-d6d8a7947632:c1847, dfee02f7-0d20-4e08-8ecd-ebe087394a07:c1847]
2019-07-08 20:09:28,031 INFO  client.GrpcClientProtocolClient (GrpcClientProtocolClient.java:onNext(255)) - client-83AFC0B42279->fd4515e9-84f2-4741-b1f5-a9247145a2ac: receive RaftClientReply:client-83AFC0B42279->fd4515e9-84f2-4741-b1f5-a9247145a2ac@group-E2152A48AE85, cid=1329, SUCCESS, logIndex=1851, commits[fd4515e9-84f2-4741-b1f5-a9247145a2ac:c1851, 2e3e112c-ad01-4834-a07e-d6d8a7947632:c1847, dfee02f7-0d20-4e08-8ecd-ebe087394a07:c1847]
2019-07-08 20:09:28,042 INFO  client.GrpcClientProtocolClient (GrpcClientProtocolClient.java:onNext(255)) - client-83AFC0B42279->fd4515e9-84f2-4741-b1f5-a9247145a2ac: receive RaftClientReply:client-83AFC0B42279->fd4515e9-84f2-4741-b1f5-a9247145a2ac@group-E2152A48AE85, cid=1330, SUCCESS, logIndex=0, commits[fd4515e9-84f2-4741-b1f5-a9247145a2ac:c1852, 2e3e112c-ad01-4834-a07e-d6d8a7947632:c1851, dfee02f7-0d20-4e08-8ecd-ebe087394a07:c1851]
2019-07-08 20:09:28,065 INFO  client.GrpcClientProtocolClient (GrpcClientProtocolClient.java:onNext(255)) - client-83AFC0B42279->fd4515e9-84f2-4741-b1f5-a9247145a2ac: receive RaftClientReply:client-83AFC0B42279->fd4515e9-84f2-4741-b1f5-a9247145a2ac@group-E2152A48AE85, cid=1331, SUCCESS, logIndex=1854, commits[fd4515e9-84f2-4741-b1f5-a9247145a2ac:c1857, 2e3e112c-ad01-4834-a07e-d6d8a7947632:c1853, dfee02f7-0d20-4e08-8ecd-ebe087394a07:c1851]
2019-07-08 20:09:28,066 INFO  client.GrpcClientProtocolClient (GrpcClientProtocolClient.java:onNext(255)) - client-83AFC0B42279->fd4515e9-84f2-4741-b1f5-a9247145a2ac: receive RaftClientReply:client-83AFC0B42279->fd4515e9-84f2-4741-b1f5-a9247145a2ac@group-E2152A48AE85, cid=1332, SUCCESS, logIndex=1855, commits[fd4515e9-84f2-4741-b1f5-a9247145a2ac:c1857, 2e3e112c-ad01-4834-a07e-d6d8a7947632:c1853, dfee02f7-0d20-4e08-8ecd-ebe087394a07:c1853]
2019-07-08 20:09:28,066 INFO  client.GrpcClientProtocolClient (GrpcClientProtocolClient.java:onNext(255)) - client-83AFC0B42279->fd4515e9-84f2-4741-b1f5-a9247145a2ac: receive RaftClientReply:client-83AFC0B42279->fd4515e9-84f2-4741-b1f5-a9247145a2ac@group-E2152A48AE85, cid=1333, SUCCESS, logIndex=1856, commits[fd4515e9-84f2-4741-b1f5-a9247145a2ac:c1857, 2e3e112c-ad01-4834-a07e-d6d8a7947632:c1853, dfee02f7-0d20-4e08-8ecd-ebe087394a07:c1853]
2019-07-08 20:09:28,066 INFO  client.GrpcClientProtocolClient (GrpcClientProtocolClient.java:onNext(255)) - client-83AFC0B42279->fd4515e9-84f2-4741-b1f5-a9247145a2ac: receive RaftClientReply:client-83AFC0B42279->fd4515e9-84f2-4741-b1f5-a9247145a2ac@group-E2152A48AE85, cid=1334, SUCCESS, logIndex=1857, commits[fd4515e9-84f2-4741-b1f5-a9247145a2ac:c1857, 2e3e112c-ad01-4834-a07e-d6d8a7947632:c1853, dfee02f7-0d20-4e08-8ecd-ebe087394a07:c1853]
2019-07-08 20:09:28,068 INFO  client.GrpcClientProtocolClient (GrpcClientProtocolClient.java:onNext(255)) - client-83AFC0B42279->fd4515e9-84f2-4741-b1f5-a9247145a2ac: receive RaftClientReply:client-83AFC0B42279->fd4515e9-84f2-4741-b1f5-a9247145a2ac@group-E2152A48AE85, cid=1335, SUCCESS, logIndex=0, commits[fd4515e9-84f2-4741-b1f5-a9247145a2ac:c1858, 2e3e112c-ad01-4834-a07e-d6d8a7947632:c1855, dfee02f7-0d20-4e08-8ecd-ebe087394a07:c1855]
2019-07-08 20:09:28,087 INFO  client.GrpcClientProtocolClient (GrpcClientProtocolClient.java:onNext(255)) - client-83AFC0B42279->fd4515e9-84f2-4741-b1f5-a9247145a2ac: receive RaftClientReply:client-83AFC0B42279->fd4515e9-84f2-4741-b1f5-a9247145a2ac@group-E2152A48AE85, cid=1336, SUCCESS, logIndex=1862, commits[fd4515e9-84f2-4741-b1f5-a9247145a2ac:c1863, 2e3e112c-ad01-4834-a07e-d6d8a7947632:c1861, dfee02f7-0d20-4e08-8ecd-ebe087394a07:c1861]
2019-07-08 20:09:28,087 INFO  client.GrpcClientProtocolClient (GrpcClientProtocolClient.java:onNext(255)) - client-83AFC0B42279->fd4515e9-84f2-4741-b1f5-a9247145a2ac: receive RaftClientReply:client-83AFC0B42279->fd4515e9-84f2-4741-b1f5-a9247145a2ac@group-E2152A48AE85, cid=1337, SUCCESS, logIndex=1863, commits[fd4515e9-84f2-4741-b1f5-a9247145a2ac:c1863, 2e3e112c-ad01-4834-a07e-d6d8a7947632:c1861, dfee02f7-0d20-4e08-8ecd-ebe087394a07:c1861]
2019-07-08 20:09:28,100 INFO  client.GrpcClientProtocolClient (GrpcClientProtocolClient.java:onNext(255)) - client-83AFC0B42279->fd4515e9-84f2-4741-b1f5-a9247145a2ac: receive RaftClientReply:client-83AFC0B42279->fd4515e9-84f2-4741-b1f5-a9247145a2ac@group-E2152A48AE85, cid=1338, SUCCESS, logIndex=1866, commits[fd4515e9-84f2-4741-b1f5-a9247145a2ac:c1867, 2e3e112c-ad01-4834-a07e-d6d8a7947632:c1863, dfee02f7-0d20-4e08-8ecd-ebe087394a07:c1863]
2019-07-08 20:09:28,101 INFO  client.GrpcClientProtocolClient (GrpcClientProtocolClient.java:onNext(255)) - client-83AFC0B42279->fd4515e9-84f2-4741-b1f5-a9247145a2ac: receive RaftClientReply:client-83AFC0B42279->fd4515e9-84f2-4741-b1f5-a9247145a2ac@group-E2152A48AE85, cid=1339, SUCCESS, logIndex=1867, commits[fd4515e9-84f2-4741-b1f5-a9247145a2ac:c1867, 2e3e112c-ad01-4834-a07e-d6d8a7947632:c1863, dfee02f7-0d20-4e08-8ecd-ebe087394a07:c1863]
 0.00% |█                                                                                                    |  0/1 Time: 0:00:072019-07-08 20:09:28,124 INFO  client.GrpcClientProtocolClient (GrpcClientProtocolClient.java:onNext(255)) - client-83AFC0B42279->fd4515e9-84f2-4741-b1f5-a9247145a2ac: receive RaftClientReply:client-83AFC0B42279->fd4515e9-84f2-4741-b1f5-a9247145a2ac@group-E2152A48AE85, cid=1340, SUCCESS, logIndex=0, commits[fd4515e9-84f2-4741-b1f5-a9247145a2ac:c1869, 2e3e112c-ad01-4834-a07e-d6d8a7947632:c1867, dfee02f7-0d20-4e08-8ecd-ebe087394a07:c1867]
2019-07-08 20:09:28,149 INFO  client.GrpcClientProtocolClient (GrpcClientProtocolClient.java:onNext(255)) - client-83AFC0B42279->fd4515e9-84f2-4741-b1f5-a9247145a2ac: receive RaftClientReply:client-83AFC0B42279->fd4515e9-84f2-4741-b1f5-a9247145a2ac@group-E2152A48AE85, cid=1341, SUCCESS, logIndex=1870, commits[fd4515e9-84f2-4741-b1f5-a9247145a2ac:c1871, 2e3e112c-ad01-4834-a07e-d6d8a7947632:c1869, dfee02f7-0d20-4e08-8ecd-ebe087394a07:c1869]
2019-07-08 20:09:28,149 INFO  client.GrpcClientProtocolClient (GrpcClientProtocolClient.java:onNext(255)) - client-83AFC0B42279->fd4515e9-84f2-4741-b1f5-a9247145a2ac: receive RaftClientReply:client-83AFC0B42279->fd4515e9-84f2-4741-b1f5-a9247145a2ac@group-E2152A48AE85, cid=1342, SUCCESS, logIndex=1871, commits[fd4515e9-84f2-4741-b1f5-a9247145a2ac:c1873, 2e3e112c-ad01-4834-a07e-d6d8a7947632:c1869, dfee02f7-0d20-4e08-8ecd-ebe087394a07:c1869]
2019-07-08 20:09:28,149 INFO  client.GrpcClientProtocolClient (GrpcClientProtocolClient.java:onNext(255)) - client-83AFC0B42279->fd4515e9-84f2-4741-b1f5-a9247145a2ac: receive RaftClientReply:client-83AFC0B42279->fd4515e9-84f2-4741-b1f5-a9247145a2ac@group-E2152A48AE85, cid=1343, SUCCESS, logIndex=1872, commits[fd4515e9-84f2-4741-b1f5-a9247145a2ac:c1873, 2e3e112c-ad01-4834-a07e-d6d8a7947632:c1869, dfee02f7-0d20-4e08-8ecd-ebe087394a07:c1869]
2019-07-08 20:09:28,150 INFO  client.GrpcClientProtocolClient (GrpcClientProtocolClient.java:onNext(255)) - client-83AFC0B42279->fd4515e9-84f2-4741-b1f5-a9247145a2ac: receive RaftClientReply:client-83AFC0B42279->fd4515e9-84f2-4741-b1f5-a9247145a2ac@group-E2152A48AE85, cid=1344, SUCCESS, logIndex=1873, commits[fd4515e9-84f2-4741-b1f5-a9247145a2ac:c1873, 2e3e112c-ad01-4834-a07e-d6d8a7947632:c1869, dfee02f7-0d20-4e08-8ecd-ebe087394a07:c1869]
2019-07-08 20:09:28,162 INFO  client.GrpcClientProtocolClient (GrpcClientProtocolClient.java:onNext(255)) - client-83AFC0B42279->fd4515e9-84f2-4741-b1f5-a9247145a2ac: receive RaftClientReply:client-83AFC0B42279->fd4515e9-84f2-4741-b1f5-a9247145a2ac@group-E2152A48AE85, cid=1345, SUCCESS, logIndex=0, commits[fd4515e9-84f2-4741-b1f5-a9247145a2ac:c1877, 2e3e112c-ad01-4834-a07e-d6d8a7947632:c1871, dfee02f7-0d20-4e08-8ecd-ebe087394a07:c1873]
2019-07-08 20:09:28,270 INFO  client.GrpcClientProtocolClient (GrpcClientProtocolClient.java:onNext(255)) - client-83AFC0B42279->fd4515e9-84f2-4741-b1f5-a9247145a2ac: receive RaftClientReply:client-83AFC0B42279->fd4515e9-84f2-4741-b1f5-a9247145a2ac@group-E2152A48AE85, cid=1346, SUCCESS, logIndex=1878, commits[fd4515e9-84f2-4741-b1f5-a9247145a2ac:c1879, 2e3e112c-ad01-4834-a07e-d6d8a7947632:c1877, dfee02f7-0d20-4e08-8ecd-ebe087394a07:c1877]
2019-07-08 20:09:28,271 INFO  client.GrpcClientProtocolClient (GrpcClientProtocolClient.java:onNext(255)) - client-83AFC0B42279->fd4515e9-84f2-4741-b1f5-a9247145a2ac: receive RaftClientReply:client-83AFC0B42279->fd4515e9-84f2-4741-b1f5-a9247145a2ac@group-E2152A48AE85, cid=1347, SUCCESS, logIndex=1879, commits[fd4515e9-84f2-4741-b1f5-a9247145a2ac:c1879, 2e3e112c-ad01-4834-a07e-d6d8a7947632:c1877, dfee02f7-0d20-4e08-8ecd-ebe087394a07:c1877]
2019-07-08 20:09:28,292 INFO  client.GrpcClientProtocolClient (GrpcClientProtocolClient.java:onNext(255)) - client-83AFC0B42279->fd4515e9-84f2-4741-b1f5-a9247145a2ac: receive RaftClientReply:client-83AFC0B42279->fd4515e9-84f2-4741-b1f5-a9247145a2ac@group-E2152A48AE85, cid=1348, SUCCESS, logIndex=1882, commits[fd4515e9-84f2-4741-b1f5-a9247145a2ac:c1883, 2e3e112c-ad01-4834-a07e-d6d8a7947632:c1881, dfee02f7-0d20-4e08-8ecd-ebe087394a07:c1881]
2019-07-08 20:09:28,293 INFO  client.GrpcClientProtocolClient (GrpcClientProtocolClient.java:onNext(255)) - client-83AFC0B42279->fd4515e9-84f2-4741-b1f5-a9247145a2ac: receive RaftClientReply:client-83AFC0B42279->fd4515e9-84f2-4741-b1f5-a9247145a2ac@group-E2152A48AE85, cid=1349, SUCCESS, logIndex=1883, commits[fd4515e9-84f2-4741-b1f5-a9247145a2ac:c1883, 2e3e112c-ad01-4834-a07e-d6d8a7947632:c1881, dfee02f7-0d20-4e08-8ecd-ebe087394a07:c1881]
2019-07-08 20:09:28,307 INFO  client.GrpcClientProtocolClient (GrpcClientProtocolClient.java:onNext(255)) - client-83AFC0B42279->fd4515e9-84f2-4741-b1f5-a9247145a2ac: receive RaftClientReply:client-83AFC0B42279->fd4515e9-84f2-4741-b1f5-a9247145a2ac@group-E2152A48AE85, cid=1350, SUCCESS, logIndex=0, commits[fd4515e9-84f2-4741-b1f5-a9247145a2ac:c1885, 2e3e112c-ad01-4834-a07e-d6d8a7947632:c1883, dfee02f7-0d20-4e08-8ecd-ebe087394a07:c1883]
2019-07-08 20:09:28,335 INFO  client.GrpcClientProtocolClient (GrpcClientProtocolClient.java:onNext(255)) - client-83AFC0B42279->fd4515e9-84f2-4741-b1f5-a9247145a2ac: receive RaftClientReply:client-83AFC0B42279->fd4515e9-84f2-4741-b1f5-a9247145a2ac@group-E2152A48AE85, cid=1351, SUCCESS, logIndex=1886, commits[fd4515e9-84f2-4741-b1f5-a9247145a2ac:c1888, 2e3e112c-ad01-4834-a07e-d6d8a7947632:c1885, dfee02f7-0d20-4e08-8ecd-ebe087394a07:c1885]
2019-07-08 20:09:28,336 INFO  client.GrpcClientProtocolClient (GrpcClientProtocolClient.java:onNext(255)) - client-83AFC0B42279->fd4515e9-84f2-4741-b1f5-a9247145a2ac: receive RaftClientReply:client-83AFC0B42279->fd4515e9-84f2-4741-b1f5-a9247145a2ac@group-E2152A48AE85, cid=1352, SUCCESS, logIndex=1887, commits[fd4515e9-84f2-4741-b1f5-a9247145a2ac:c1889, 2e3e112c-ad01-4834-a07e-d6d8a7947632:c1885, dfee02f7-0d20-4e08-8ecd-ebe087394a07:c1885]
2019-07-08 20:09:28,337 INFO  client.GrpcClientProtocolClient (GrpcClientProtocolClient.java:onNext(255)) - client-83AFC0B42279->fd4515e9-84f2-4741-b1f5-a9247145a2ac: receive RaftClientReply:client-83AFC0B42279->fd4515e9-84f2-4741-b1f5-a9247145a2ac@group-E2152A48AE85, cid=1353, SUCCESS, logIndex=1888, commits[fd4515e9-84f2-4741-b1f5-a9247145a2ac:c1889, 2e3e112c-ad01-4834-a07e-d6d8a7947632:c1885, dfee02f7-0d20-4e08-8ecd-ebe087394a07:c1885]
2019-07-08 20:09:28,337 INFO  client.GrpcClientProtocolClient (GrpcClientProtocolClient.java:onNext(255)) - client-83AFC0B42279->fd4515e9-84f2-4741-b1f5-a9247145a2ac: receive RaftClientReply:client-83AFC0B42279->fd4515e9-84f2-4741-b1f5-a9247145a2ac@group-E2152A48AE85, cid=1354, SUCCESS, logIndex=1889, commits[fd4515e9-84f2-4741-b1f5-a9247145a2ac:c1889, 2e3e112c-ad01-4834-a07e-d6d8a7947632:c1885, dfee02f7-0d20-4e08-8ecd-ebe087394a07:c1885]
2019-07-08 20:09:28,350 INFO  client.GrpcClientProtocolClient (GrpcClientProtocolClient.java:onNext(255)) - client-83AFC0B42279->fd4515e9-84f2-4741-b1f5-a9247145a2ac: receive RaftClientReply:client-83AFC0B42279->fd4515e9-84f2-4741-b1f5-a9247145a2ac@group-E2152A48AE85, cid=1355, SUCCESS, logIndex=0, commits[fd4515e9-84f2-4741-b1f5-a9247145a2ac:c1893, 2e3e112c-ad01-4834-a07e-d6d8a7947632:c1887, dfee02f7-0d20-4e08-8ecd-ebe087394a07:c1889]
2019-07-08 20:09:28,373 INFO  client.GrpcClientProtocolClient (GrpcClientProtocolClient.java:onNext(255)) - client-83AFC0B42279->fd4515e9-84f2-4741-b1f5-a9247145a2ac: receive RaftClientReply:client-83AFC0B42279->fd4515e9-84f2-4741-b1f5-a9247145a2ac@group-E2152A48AE85, cid=1356, SUCCESS, logIndex=1894, commits[fd4515e9-84f2-4741-b1f5-a9247145a2ac:c1894, 2e3e112c-ad01-4834-a07e-d6d8a7947632:c1893, dfee02f7-0d20-4e08-8ecd-ebe087394a07:c1893]
2019-07-08 20:09:28,373 INFO  client.GrpcClientProtocolClient (GrpcClientProtocolClient.java:onNext(255)) - client-83AFC0B42279->fd4515e9-84f2-4741-b1f5-a9247145a2ac: receive RaftClientReply:client-83AFC0B42279->fd4515e9-84f2-4741-b1f5-a9247145a2ac@group-E2152A48AE85, cid=1357, SUCCESS, logIndex=1895, commits[fd4515e9-84f2-4741-b1f5-a9247145a2ac:c1895, 2e3e112c-ad01-4834-a07e-d6d8a7947632:c1893, dfee02f7-0d20-4e08-8ecd-ebe087394a07:c1893]
2019-07-08 20:09:28,400 INFO  client.GrpcClientProtocolClient (GrpcClientProtocolClient.java:onNext(255)) - client-83AFC0B42279->fd4515e9-84f2-4741-b1f5-a9247145a2ac: receive RaftClientReply:client-83AFC0B42279->fd4515e9-84f2-4741-b1f5-a9247145a2ac@group-E2152A48AE85, cid=1358, SUCCESS, logIndex=1898, commits[fd4515e9-84f2-4741-b1f5-a9247145a2ac:c1899, 2e3e112c-ad01-4834-a07e-d6d8a7947632:c1895, dfee02f7-0d20-4e08-8ecd-ebe087394a07:c1895]
2019-07-08 20:09:28,400 INFO  client.GrpcClientProtocolClient (GrpcClientProtocolClient.java:onNext(255)) - client-83AFC0B42279->fd4515e9-84f2-4741-b1f5-a9247145a2ac: receive RaftClientReply:client-83AFC0B42279->fd4515e9-84f2-4741-b1f5-a9247145a2ac@group-E2152A48AE85, cid=1359, SUCCESS, logIndex=1899, commits[fd4515e9-84f2-4741-b1f5-a9247145a2ac:c1899, 2e3e112c-ad01-4834-a07e-d6d8a7947632:c1895, dfee02f7-0d20-4e08-8ecd-ebe087394a07:c1895]
2019-07-08 20:09:28,407 INFO  client.GrpcClientProtocolClient (GrpcClientProtocolClient.java:onNext(255)) - client-83AFC0B42279->fd4515e9-84f2-4741-b1f5-a9247145a2ac: receive RaftClientReply:client-83AFC0B42279->fd4515e9-84f2-4741-b1f5-a9247145a2ac@group-E2152A48AE85, cid=1360, SUCCESS, logIndex=0, commits[fd4515e9-84f2-4741-b1f5-a9247145a2ac:c1901, 2e3e112c-ad01-4834-a07e-d6d8a7947632:c1899, dfee02f7-0d20-4e08-8ecd-ebe087394a07:c1899]
2019-07-08 20:09:28,436 INFO  client.GrpcClientProtocolClient (GrpcClientProtocolClient.java:onNext(255)) - client-83AFC0B42279->fd4515e9-84f2-4741-b1f5-a9247145a2ac: receive RaftClientReply:client-83AFC0B42279->fd4515e9-84f2-4741-b1f5-a9247145a2ac@group-E2152A48AE85, cid=1361, SUCCESS, logIndex=1902, commits[fd4515e9-84f2-4741-b1f5-a9247145a2ac:c1903, 2e3e112c-ad01-4834-a07e-d6d8a7947632:c1901, dfee02f7-0d20-4e08-8ecd-ebe087394a07:c1901]
2019-07-08 20:09:28,437 INFO  client.GrpcClientProtocolClient (GrpcClientProtocolClient.java:onNext(255)) - client-83AFC0B42279->fd4515e9-84f2-4741-b1f5-a9247145a2ac: receive RaftClientReply:client-83AFC0B42279->fd4515e9-84f2-4741-b1f5-a9247145a2ac@group-E2152A48AE85, cid=1362, SUCCESS, logIndex=1903, commits[fd4515e9-84f2-4741-b1f5-a9247145a2ac:c1905, 2e3e112c-ad01-4834-a07e-d6d8a7947632:c1901, dfee02f7-0d20-4e08-8ecd-ebe087394a07:c1901]
2019-07-08 20:09:28,437 INFO  client.GrpcClientProtocolClient (GrpcClientProtocolClient.java:onNext(255)) - client-83AFC0B42279->fd4515e9-84f2-4741-b1f5-a9247145a2ac: receive RaftClientReply:client-83AFC0B42279->fd4515e9-84f2-4741-b1f5-a9247145a2ac@group-E2152A48AE85, cid=1363, SUCCESS, logIndex=1904, commits[fd4515e9-84f2-4741-b1f5-a9247145a2ac:c1905, 2e3e112c-ad01-4834-a07e-d6d8a7947632:c1901, dfee02f7-0d20-4e08-8ecd-ebe087394a07:c1901]
2019-07-08 20:09:28,438 INFO  client.GrpcClientProtocolClient (GrpcClientProtocolClient.java:onNext(255)) - client-83AFC0B42279->fd4515e9-84f2-4741-b1f5-a9247145a2ac: receive RaftClientReply:client-83AFC0B42279->fd4515e9-84f2-4741-b1f5-a9247145a2ac@group-E2152A48AE85, cid=1364, SUCCESS, logIndex=1905, commits[fd4515e9-84f2-4741-b1f5-a9247145a2ac:c1905, 2e3e112c-ad01-4834-a07e-d6d8a7947632:c1901, dfee02f7-0d20-4e08-8ecd-ebe087394a07:c1901]
2019-07-08 20:09:28,439 INFO  client.GrpcClientProtocolClient (GrpcClientProtocolClient.java:onNext(255)) - client-83AFC0B42279->fd4515e9-84f2-4741-b1f5-a9247145a2ac: receive RaftClientReply:client-83AFC0B42279->fd4515e9-84f2-4741-b1f5-a9247145a2ac@group-E2152A48AE85, cid=1365, SUCCESS, logIndex=0, commits[fd4515e9-84f2-4741-b1f5-a9247145a2ac:c1909, 2e3e112c-ad01-4834-a07e-d6d8a7947632:c1903, dfee02f7-0d20-4e08-8ecd-ebe087394a07:c1905]
2019-07-08 20:09:28,459 INFO  client.GrpcClientProtocolClient (GrpcClientProtocolClient.java:onNext(255)) - client-83AFC0B42279->fd4515e9-84f2-4741-b1f5-a9247145a2ac: receive RaftClientReply:client-83AFC0B42279->fd4515e9-84f2-4741-b1f5-a9247145a2ac@group-E2152A48AE85, cid=1366, SUCCESS, logIndex=1910, commits[fd4515e9-84f2-4741-b1f5-a9247145a2ac:c1911, 2e3e112c-ad01-4834-a07e-d6d8a7947632:c1909, dfee02f7-0d20-4e08-8ecd-ebe087394a07:c1909]
2019-07-08 20:09:28,459 INFO  client.GrpcClientProtocolClient (GrpcClientProtocolClient.java:onNext(255)) - client-83AFC0B42279->fd4515e9-84f2-4741-b1f5-a9247145a2ac: receive RaftClientReply:client-83AFC0B42279->fd4515e9-84f2-4741-b1f5-a9247145a2ac@group-E2152A48AE85, cid=1367, SUCCESS, logIndex=1911, commits[fd4515e9-84f2-4741-b1f5-a9247145a2ac:c1911, 2e3e112c-ad01-4834-a07e-d6d8a7947632:c1909, dfee02f7-0d20-4e08-8ecd-ebe087394a07:c1909]
2019-07-08 20:09:28,472 INFO  client.GrpcClientProtocolClient (GrpcClientProtocolClient.java:onNext(255)) - client-83AFC0B42279->fd4515e9-84f2-4741-b1f5-a9247145a2ac: receive RaftClientReply:client-83AFC0B42279->fd4515e9-84f2-4741-b1f5-a9247145a2ac@group-E2152A48AE85, cid=1368, SUCCESS, logIndex=1914, commits[fd4515e9-84f2-4741-b1f5-a9247145a2ac:c1915, 2e3e112c-ad01-4834-a07e-d6d8a7947632:c1911, dfee02f7-0d20-4e08-8ecd-ebe087394a07:c1911]
2019-07-08 20:09:28,473 INFO  client.GrpcClientProtocolClient (GrpcClientProtocolClient.java:onNext(255)) - client-83AFC0B42279->fd4515e9-84f2-4741-b1f5-a9247145a2ac: receive RaftClientReply:client-83AFC0B42279->fd4515e9-84f2-4741-b1f5-a9247145a2ac@group-E2152A48AE85, cid=1369, SUCCESS, logIndex=1915, commits[fd4515e9-84f2-4741-b1f5-a9247145a2ac:c1915, 2e3e112c-ad01-4834-a07e-d6d8a7947632:c1911, dfee02f7-0d20-4e08-8ecd-ebe087394a07:c1911]
2019-07-08 20:09:28,484 INFO  client.GrpcClientProtocolClient (GrpcClientProtocolClient.java:onNext(255)) - client-83AFC0B42279->fd4515e9-84f2-4741-b1f5-a9247145a2ac: receive RaftClientReply:client-83AFC0B42279->fd4515e9-84f2-4741-b1f5-a9247145a2ac@group-E2152A48AE85, cid=1370, SUCCESS, logIndex=0, commits[fd4515e9-84f2-4741-b1f5-a9247145a2ac:c1916, 2e3e112c-ad01-4834-a07e-d6d8a7947632:c1915, dfee02f7-0d20-4e08-8ecd-ebe087394a07:c1915]
2019-07-08 20:09:28,513 INFO  client.GrpcClientProtocolClient (GrpcClientProtocolClient.java:onNext(255)) - client-83AFC0B42279->fd4515e9-84f2-4741-b1f5-a9247145a2ac: receive RaftClientReply:client-83AFC0B42279->fd4515e9-84f2-4741-b1f5-a9247145a2ac@group-E2152A48AE85, cid=1371, SUCCESS, logIndex=1918, commits[fd4515e9-84f2-4741-b1f5-a9247145a2ac:c1920, 2e3e112c-ad01-4834-a07e-d6d8a7947632:c1917, dfee02f7-0d20-4e08-8ecd-ebe087394a07:c1917]
2019-07-08 20:09:28,514 INFO  client.GrpcClientProtocolClient (GrpcClientProtocolClient.java:onNext(255)) - client-83AFC0B42279->fd4515e9-84f2-4741-b1f5-a9247145a2ac: receive RaftClientReply:client-83AFC0B42279->fd4515e9-84f2-4741-b1f5-a9247145a2ac@group-E2152A48AE85, cid=1372, SUCCESS, logIndex=1919, commits[fd4515e9-84f2-4741-b1f5-a9247145a2ac:c1921, 2e3e112c-ad01-4834-a07e-d6d8a7947632:c1917, dfee02f7-0d20-4e08-8ecd-ebe087394a07:c1917]
2019-07-08 20:09:28,514 INFO  client.GrpcClientProtocolClient (GrpcClientProtocolClient.java:onNext(255)) - client-83AFC0B42279->fd4515e9-84f2-4741-b1f5-a9247145a2ac: receive RaftClientReply:client-83AFC0B42279->fd4515e9-84f2-4741-b1f5-a9247145a2ac@group-E2152A48AE85, cid=1373, SUCCESS, logIndex=1920, commits[fd4515e9-84f2-4741-b1f5-a9247145a2ac:c1921, 2e3e112c-ad01-4834-a07e-d6d8a7947632:c1917, dfee02f7-0d20-4e08-8ecd-ebe087394a07:c1917]
2019-07-08 20:09:28,514 INFO  client.GrpcClientProtocolClient (GrpcClientProtocolClient.java:onNext(255)) - client-83AFC0B42279->fd4515e9-84f2-4741-b1f5-a9247145a2ac: receive RaftClientReply:client-83AFC0B42279->fd4515e9-84f2-4741-b1f5-a9247145a2ac@group-E2152A48AE85, cid=1374, SUCCESS, logIndex=1921, commits[fd4515e9-84f2-4741-b1f5-a9247145a2ac:c1921, 2e3e112c-ad01-4834-a07e-d6d8a7947632:c1917, dfee02f7-0d20-4e08-8ecd-ebe087394a07:c1917]
2019-07-08 20:09:28,525 INFO  client.GrpcClientProtocolClient (GrpcClientProtocolClient.java:onNext(255)) - client-83AFC0B42279->fd4515e9-84f2-4741-b1f5-a9247145a2ac: receive RaftClientReply:client-83AFC0B42279->fd4515e9-84f2-4741-b1f5-a9247145a2ac@group-E2152A48AE85, cid=1375, SUCCESS, logIndex=0, commits[fd4515e9-84f2-4741-b1f5-a9247145a2ac:c1922, 2e3e112c-ad01-4834-a07e-d6d8a7947632:c1919, dfee02f7-0d20-4e08-8ecd-ebe087394a07:c1919]
2019-07-08 20:09:28,547 INFO  client.GrpcClientProtocolClient (GrpcClientProtocolClient.java:onNext(255)) - client-83AFC0B42279->fd4515e9-84f2-4741-b1f5-a9247145a2ac: receive RaftClientReply:client-83AFC0B42279->fd4515e9-84f2-4741-b1f5-a9247145a2ac@group-E2152A48AE85, cid=1376, SUCCESS, logIndex=1926, commits[fd4515e9-84f2-4741-b1f5-a9247145a2ac:c1927, 2e3e112c-ad01-4834-a07e-d6d8a7947632:c1925, dfee02f7-0d20-4e08-8ecd-ebe087394a07:c1925]
2019-07-08 20:09:28,547 INFO  client.GrpcClientProtocolClient (GrpcClientProtocolClient.java:onNext(255)) - client-83AFC0B42279->fd4515e9-84f2-4741-b1f5-a9247145a2ac: receive RaftClientReply:client-83AFC0B42279->fd4515e9-84f2-4741-b1f5-a9247145a2ac@group-E2152A48AE85, cid=1377, SUCCESS, logIndex=1927, commits[fd4515e9-84f2-4741-b1f5-a9247145a2ac:c1927, 2e3e112c-ad01-4834-a07e-d6d8a7947632:c1925, dfee02f7-0d20-4e08-8ecd-ebe087394a07:c1925]
2019-07-08 20:09:28,571 INFO  client.GrpcClientProtocolClient (GrpcClientProtocolClient.java:onNext(255)) - client-83AFC0B42279->fd4515e9-84f2-4741-b1f5-a9247145a2ac: receive RaftClientReply:client-83AFC0B42279->fd4515e9-84f2-4741-b1f5-a9247145a2ac@group-E2152A48AE85, cid=1378, SUCCESS, logIndex=1930, commits[fd4515e9-84f2-4741-b1f5-a9247145a2ac:c1931, 2e3e112c-ad01-4834-a07e-d6d8a7947632:c1927, dfee02f7-0d20-4e08-8ecd-ebe087394a07:c1927]
2019-07-08 20:09:28,571 INFO  client.GrpcClientProtocolClient (GrpcClientProtocolClient.java:onNext(255)) - client-83AFC0B42279->fd4515e9-84f2-4741-b1f5-a9247145a2ac: receive RaftClientReply:client-83AFC0B42279->fd4515e9-84f2-4741-b1f5-a9247145a2ac@group-E2152A48AE85, cid=1379, SUCCESS, logIndex=1931, commits[fd4515e9-84f2-4741-b1f5-a9247145a2ac:c1931, 2e3e112c-ad01-4834-a07e-d6d8a7947632:c1927, dfee02f7-0d20-4e08-8ecd-ebe087394a07:c1927]
2019-07-08 20:09:28,583 INFO  client.GrpcClientProtocolClient (GrpcClientProtocolClient.java:onNext(255)) - client-83AFC0B42279->fd4515e9-84f2-4741-b1f5-a9247145a2ac: receive RaftClientReply:client-83AFC0B42279->fd4515e9-84f2-4741-b1f5-a9247145a2ac@group-E2152A48AE85, cid=1380, SUCCESS, logIndex=0, commits[fd4515e9-84f2-4741-b1f5-a9247145a2ac:c1932, 2e3e112c-ad01-4834-a07e-d6d8a7947632:c1931, dfee02f7-0d20-4e08-8ecd-ebe087394a07:c1931]
2019-07-08 20:09:28,616 INFO  client.GrpcClientProtocolClient (GrpcClientProtocolClient.java:onNext(255)) - client-83AFC0B42279->fd4515e9-84f2-4741-b1f5-a9247145a2ac: receive RaftClientReply:client-83AFC0B42279->fd4515e9-84f2-4741-b1f5-a9247145a2ac@group-E2152A48AE85, cid=1381, SUCCESS, logIndex=1934, commits[fd4515e9-84f2-4741-b1f5-a9247145a2ac:c1935, 2e3e112c-ad01-4834-a07e-d6d8a7947632:c1931, dfee02f7-0d20-4e08-8ecd-ebe087394a07:c1933]
2019-07-08 20:09:28,616 INFO  client.GrpcClientProtocolClient (GrpcClientProtocolClient.java:onNext(255)) - client-83AFC0B42279->fd4515e9-84f2-4741-b1f5-a9247145a2ac: receive RaftClientReply:client-83AFC0B42279->fd4515e9-84f2-4741-b1f5-a9247145a2ac@group-E2152A48AE85, cid=1382, SUCCESS, logIndex=1935, commits[fd4515e9-84f2-4741-b1f5-a9247145a2ac:c1937, 2e3e112c-ad01-4834-a07e-d6d8a7947632:c1933, dfee02f7-0d20-4e08-8ecd-ebe087394a07:c1933]
2019-07-08 20:09:28,617 INFO  client.GrpcClientProtocolClient (GrpcClientProtocolClient.java:onNext(255)) - client-83AFC0B42279->fd4515e9-84f2-4741-b1f5-a9247145a2ac: receive RaftClientReply:client-83AFC0B42279->fd4515e9-84f2-4741-b1f5-a9247145a2ac@group-E2152A48AE85, cid=1383, SUCCESS, logIndex=1936, commits[fd4515e9-84f2-4741-b1f5-a9247145a2ac:c1937, 2e3e112c-ad01-4834-a07e-d6d8a7947632:c1933, dfee02f7-0d20-4e08-8ecd-ebe087394a07:c1933]
2019-07-08 20:09:28,617 INFO  client.GrpcClientProtocolClient (GrpcClientProtocolClient.java:onNext(255)) - client-83AFC0B42279->fd4515e9-84f2-4741-b1f5-a9247145a2ac: receive RaftClientReply:client-83AFC0B42279->fd4515e9-84f2-4741-b1f5-a9247145a2ac@group-E2152A48AE85, cid=1384, SUCCESS, logIndex=1937, commits[fd4515e9-84f2-4741-b1f5-a9247145a2ac:c1937, 2e3e112c-ad01-4834-a07e-d6d8a7947632:c1933, dfee02f7-0d20-4e08-8ecd-ebe087394a07:c1933]
2019-07-08 20:09:28,619 INFO  client.GrpcClientProtocolClient (GrpcClientProtocolClient.java:onNext(255)) - client-83AFC0B42279->fd4515e9-84f2-4741-b1f5-a9247145a2ac: receive RaftClientReply:client-83AFC0B42279->fd4515e9-84f2-4741-b1f5-a9247145a2ac@group-E2152A48AE85, cid=1385, SUCCESS, logIndex=0, commits[fd4515e9-84f2-4741-b1f5-a9247145a2ac:c1941, 2e3e112c-ad01-4834-a07e-d6d8a7947632:c1935, dfee02f7-0d20-4e08-8ecd-ebe087394a07:c1937]
2019-07-08 20:09:28,646 INFO  client.GrpcClientProtocolClient (GrpcClientProtocolClient.java:onNext(255)) - client-83AFC0B42279->fd4515e9-84f2-4741-b1f5-a9247145a2ac: receive RaftClientReply:client-83AFC0B42279->fd4515e9-84f2-4741-b1f5-a9247145a2ac@group-E2152A48AE85, cid=1386, SUCCESS, logIndex=1942, commits[fd4515e9-84f2-4741-b1f5-a9247145a2ac:c1943, 2e3e112c-ad01-4834-a07e-d6d8a7947632:c1941, dfee02f7-0d20-4e08-8ecd-ebe087394a07:c1937]
2019-07-08 20:09:28,647 INFO  client.GrpcClientProtocolClient (GrpcClientProtocolClient.java:onNext(255)) - client-83AFC0B42279->fd4515e9-84f2-4741-b1f5-a9247145a2ac: receive RaftClientReply:client-83AFC0B42279->fd4515e9-84f2-4741-b1f5-a9247145a2ac@group-E2152A48AE85, cid=1387, SUCCESS, logIndex=1943, commits[fd4515e9-84f2-4741-b1f5-a9247145a2ac:c1943, 2e3e112c-ad01-4834-a07e-d6d8a7947632:c1941, dfee02f7-0d20-4e08-8ecd-ebe087394a07:c1937]
2019-07-08 20:09:28,670 INFO  client.GrpcClientProtocolClient (GrpcClientProtocolClient.java:onNext(255)) - client-83AFC0B42279->fd4515e9-84f2-4741-b1f5-a9247145a2ac: receive RaftClientReply:client-83AFC0B42279->fd4515e9-84f2-4741-b1f5-a9247145a2ac@group-E2152A48AE85, cid=1388, SUCCESS, logIndex=1946, commits[fd4515e9-84f2-4741-b1f5-a9247145a2ac:c1947, 2e3e112c-ad01-4834-a07e-d6d8a7947632:c1943, dfee02f7-0d20-4e08-8ecd-ebe087394a07:c1943]
2019-07-08 20:09:28,670 INFO  client.GrpcClientProtocolClient (GrpcClientProtocolClient.java:onNext(255)) - client-83AFC0B42279->fd4515e9-84f2-4741-b1f5-a9247145a2ac: receive RaftClientReply:client-83AFC0B42279->fd4515e9-84f2-4741-b1f5-a9247145a2ac@group-E2152A48AE85, cid=1389, SUCCESS, logIndex=1947, commits[fd4515e9-84f2-4741-b1f5-a9247145a2ac:c1947, 2e3e112c-ad01-4834-a07e-d6d8a7947632:c1943, dfee02f7-0d20-4e08-8ecd-ebe087394a07:c1943]
2019-07-08 20:09:28,685 INFO  client.GrpcClientProtocolClient (GrpcClientProtocolClient.java:onNext(255)) - client-83AFC0B42279->fd4515e9-84f2-4741-b1f5-a9247145a2ac: receive RaftClientReply:client-83AFC0B42279->fd4515e9-84f2-4741-b1f5-a9247145a2ac@group-E2152A48AE85, cid=1390, SUCCESS, logIndex=0, commits[fd4515e9-84f2-4741-b1f5-a9247145a2ac:c1949, 2e3e112c-ad01-4834-a07e-d6d8a7947632:c1947, dfee02f7-0d20-4e08-8ecd-ebe087394a07:c1947]
2019-07-08 20:09:28,713 INFO  client.GrpcClientProtocolClient (GrpcClientProtocolClient.java:onNext(255)) - client-83AFC0B42279->fd4515e9-84f2-4741-b1f5-a9247145a2ac: receive RaftClientReply:client-83AFC0B42279->fd4515e9-84f2-4741-b1f5-a9247145a2ac@group-E2152A48AE85, cid=1391, SUCCESS, logIndex=1950, commits[fd4515e9-84f2-4741-b1f5-a9247145a2ac:c1951, 2e3e112c-ad01-4834-a07e-d6d8a7947632:c1949, dfee02f7-0d20-4e08-8ecd-ebe087394a07:c1949]
2019-07-08 20:09:28,713 INFO  client.GrpcClientProtocolClient (GrpcClientProtocolClient.java:onNext(255)) - client-83AFC0B42279->fd4515e9-84f2-4741-b1f5-a9247145a2ac: receive RaftClientReply:client-83AFC0B42279->fd4515e9-84f2-4741-b1f5-a9247145a2ac@group-E2152A48AE85, cid=1392, SUCCESS, logIndex=1951, commits[fd4515e9-84f2-4741-b1f5-a9247145a2ac:c1953, 2e3e112c-ad01-4834-a07e-d6d8a7947632:c1949, dfee02f7-0d20-4e08-8ecd-ebe087394a07:c1949]
2019-07-08 20:09:28,714 INFO  client.GrpcClientProtocolClient (GrpcClientProtocolClient.java:onNext(255)) - client-83AFC0B42279->fd4515e9-84f2-4741-b1f5-a9247145a2ac: receive RaftClientReply:client-83AFC0B42279->fd4515e9-84f2-4741-b1f5-a9247145a2ac@group-E2152A48AE85, cid=1393, SUCCESS, logIndex=1952, commits[fd4515e9-84f2-4741-b1f5-a9247145a2ac:c1953, 2e3e112c-ad01-4834-a07e-d6d8a7947632:c1949, dfee02f7-0d20-4e08-8ecd-ebe087394a07:c1949]
2019-07-08 20:09:28,714 INFO  client.GrpcClientProtocolClient (GrpcClientProtocolClient.java:onNext(255)) - client-83AFC0B42279->fd4515e9-84f2-4741-b1f5-a9247145a2ac: receive RaftClientReply:client-83AFC0B42279->fd4515e9-84f2-4741-b1f5-a9247145a2ac@group-E2152A48AE85, cid=1394, SUCCESS, logIndex=1953, commits[fd4515e9-84f2-4741-b1f5-a9247145a2ac:c1953, 2e3e112c-ad01-4834-a07e-d6d8a7947632:c1949, dfee02f7-0d20-4e08-8ecd-ebe087394a07:c1949]
2019-07-08 20:09:28,716 INFO  client.GrpcClientProtocolClient (GrpcClientProtocolClient.java:onNext(255)) - client-83AFC0B42279->fd4515e9-84f2-4741-b1f5-a9247145a2ac: receive RaftClientReply:client-83AFC0B42279->fd4515e9-84f2-4741-b1f5-a9247145a2ac@group-E2152A48AE85, cid=1395, SUCCESS, logIndex=0, commits[fd4515e9-84f2-4741-b1f5-a9247145a2ac:c1956, 2e3e112c-ad01-4834-a07e-d6d8a7947632:c1953, dfee02f7-0d20-4e08-8ecd-ebe087394a07:c1951]
2019-07-08 20:09:28,737 INFO  client.GrpcClientProtocolClient (GrpcClientProtocolClient.java:onNext(255)) - client-83AFC0B42279->fd4515e9-84f2-4741-b1f5-a9247145a2ac: receive RaftClientReply:client-83AFC0B42279->fd4515e9-84f2-4741-b1f5-a9247145a2ac@group-E2152A48AE85, cid=1396, SUCCESS, logIndex=1957, commits[fd4515e9-84f2-4741-b1f5-a9247145a2ac:c1958, 2e3e112c-ad01-4834-a07e-d6d8a7947632:c1956, dfee02f7-0d20-4e08-8ecd-ebe087394a07:c1956]
2019-07-08 20:09:28,737 INFO  client.GrpcClientProtocolClient (GrpcClientProtocolClient.java:onNext(255)) - client-83AFC0B42279->fd4515e9-84f2-4741-b1f5-a9247145a2ac: receive RaftClientReply:client-83AFC0B42279->fd4515e9-84f2-4741-b1f5-a9247145a2ac@group-E2152A48AE85, cid=1397, SUCCESS, logIndex=1958, commits[fd4515e9-84f2-4741-b1f5-a9247145a2ac:c1958, 2e3e112c-ad01-4834-a07e-d6d8a7947632:c1956, dfee02f7-0d20-4e08-8ecd-ebe087394a07:c1956]
2019-07-08 20:09:28,762 INFO  client.GrpcClientProtocolClient (GrpcClientProtocolClient.java:onNext(255)) - client-83AFC0B42279->fd4515e9-84f2-4741-b1f5-a9247145a2ac: receive RaftClientReply:client-83AFC0B42279->fd4515e9-84f2-4741-b1f5-a9247145a2ac@group-E2152A48AE85, cid=1398, SUCCESS, logIndex=1961, commits[fd4515e9-84f2-4741-b1f5-a9247145a2ac:c1962, 2e3e112c-ad01-4834-a07e-d6d8a7947632:c1958, dfee02f7-0d20-4e08-8ecd-ebe087394a07:c1958]
2019-07-08 20:09:28,763 INFO  client.GrpcClientProtocolClient (GrpcClientProtocolClient.java:onNext(255)) - client-83AFC0B42279->fd4515e9-84f2-4741-b1f5-a9247145a2ac: receive RaftClientReply:client-83AFC0B42279->fd4515e9-84f2-4741-b1f5-a9247145a2ac@group-E2152A48AE85, cid=1399, SUCCESS, logIndex=1962, commits[fd4515e9-84f2-4741-b1f5-a9247145a2ac:c1962, 2e3e112c-ad01-4834-a07e-d6d8a7947632:c1958, dfee02f7-0d20-4e08-8ecd-ebe087394a07:c1958]
2019-07-08 20:09:28,766 INFO  client.GrpcClientProtocolClient (GrpcClientProtocolClient.java:onNext(255)) - client-83AFC0B42279->fd4515e9-84f2-4741-b1f5-a9247145a2ac: receive RaftClientReply:client-83AFC0B42279->fd4515e9-84f2-4741-b1f5-a9247145a2ac@group-E2152A48AE85, cid=1400, SUCCESS, logIndex=0, commits[fd4515e9-84f2-4741-b1f5-a9247145a2ac:c1964, 2e3e112c-ad01-4834-a07e-d6d8a7947632:c1962, dfee02f7-0d20-4e08-8ecd-ebe087394a07:c1962]
2019-07-08 20:09:28,795 INFO  client.GrpcClientProtocolClient (GrpcClientProtocolClient.java:onNext(255)) - client-83AFC0B42279->fd4515e9-84f2-4741-b1f5-a9247145a2ac: receive RaftClientReply:client-83AFC0B42279->fd4515e9-84f2-4741-b1f5-a9247145a2ac@group-E2152A48AE85, cid=1401, SUCCESS, logIndex=1965, commits[fd4515e9-84f2-4741-b1f5-a9247145a2ac:c1967, 2e3e112c-ad01-4834-a07e-d6d8a7947632:c1964, dfee02f7-0d20-4e08-8ecd-ebe087394a07:c1964]
2019-07-08 20:09:28,796 INFO  client.GrpcClientProtocolClient (GrpcClientProtocolClient.java:onNext(255)) - client-83AFC0B42279->fd4515e9-84f2-4741-b1f5-a9247145a2ac: receive RaftClientReply:client-83AFC0B42279->fd4515e9-84f2-4741-b1f5-a9247145a2ac@group-E2152A48AE85, cid=1402, SUCCESS, logIndex=1966, commits[fd4515e9-84f2-4741-b1f5-a9247145a2ac:c1968, 2e3e112c-ad01-4834-a07e-d6d8a7947632:c1964, dfee02f7-0d20-4e08-8ecd-ebe087394a07:c1964]
2019-07-08 20:09:28,796 INFO  client.GrpcClientProtocolClient (GrpcClientProtocolClient.java:onNext(255)) - client-83AFC0B42279->fd4515e9-84f2-4741-b1f5-a9247145a2ac: receive RaftClientReply:client-83AFC0B42279->fd4515e9-84f2-4741-b1f5-a9247145a2ac@group-E2152A48AE85, cid=1403, SUCCESS, logIndex=1967, commits[fd4515e9-84f2-4741-b1f5-a9247145a2ac:c1968, 2e3e112c-ad01-4834-a07e-d6d8a7947632:c1964, dfee02f7-0d20-4e08-8ecd-ebe087394a07:c1964]
2019-07-08 20:09:28,796 INFO  client.GrpcClientProtocolClient (GrpcClientProtocolClient.java:onNext(255)) - client-83AFC0B42279->fd4515e9-84f2-4741-b1f5-a9247145a2ac: receive RaftClientReply:client-83AFC0B42279->fd4515e9-84f2-4741-b1f5-a9247145a2ac@group-E2152A48AE85, cid=1404, SUCCESS, logIndex=1968, commits[fd4515e9-84f2-4741-b1f5-a9247145a2ac:c1969, 2e3e112c-ad01-4834-a07e-d6d8a7947632:c1966, dfee02f7-0d20-4e08-8ecd-ebe087394a07:c1964]
2019-07-08 20:09:28,799 INFO  client.GrpcClientProtocolClient (GrpcClientProtocolClient.java:onNext(255)) - client-83AFC0B42279->fd4515e9-84f2-4741-b1f5-a9247145a2ac: receive RaftClientReply:client-83AFC0B42279->fd4515e9-84f2-4741-b1f5-a9247145a2ac@group-E2152A48AE85, cid=1405, SUCCESS, logIndex=0, commits[fd4515e9-84f2-4741-b1f5-a9247145a2ac:c1972, 2e3e112c-ad01-4834-a07e-d6d8a7947632:c1968, dfee02f7-0d20-4e08-8ecd-ebe087394a07:c1966]
2019-07-08 20:09:28,822 INFO  client.GrpcClientProtocolClient (GrpcClientProtocolClient.java:onNext(255)) - client-83AFC0B42279->fd4515e9-84f2-4741-b1f5-a9247145a2ac: receive RaftClientReply:client-83AFC0B42279->fd4515e9-84f2-4741-b1f5-a9247145a2ac@group-E2152A48AE85, cid=1406, SUCCESS, logIndex=1973, commits[fd4515e9-84f2-4741-b1f5-a9247145a2ac:c1974, 2e3e112c-ad01-4834-a07e-d6d8a7947632:c1972, dfee02f7-0d20-4e08-8ecd-ebe087394a07:c1972]
2019-07-08 20:09:28,822 INFO  client.GrpcClientProtocolClient (GrpcClientProtocolClient.java:onNext(255)) - client-83AFC0B42279->fd4515e9-84f2-4741-b1f5-a9247145a2ac: receive RaftClientReply:client-83AFC0B42279->fd4515e9-84f2-4741-b1f5-a9247145a2ac@group-E2152A48AE85, cid=1407, SUCCESS, logIndex=1974, commits[fd4515e9-84f2-4741-b1f5-a9247145a2ac:c1974, 2e3e112c-ad01-4834-a07e-d6d8a7947632:c1972, dfee02f7-0d20-4e08-8ecd-ebe087394a07:c1972]
2019-07-08 20:09:28,837 INFO  client.GrpcClientProtocolClient (GrpcClientProtocolClient.java:onNext(255)) - client-83AFC0B42279->fd4515e9-84f2-4741-b1f5-a9247145a2ac: receive RaftClientReply:client-83AFC0B42279->fd4515e9-84f2-4741-b1f5-a9247145a2ac@group-E2152A48AE85, cid=1408, SUCCESS, logIndex=1977, commits[fd4515e9-84f2-4741-b1f5-a9247145a2ac:c1978, 2e3e112c-ad01-4834-a07e-d6d8a7947632:c1974, dfee02f7-0d20-4e08-8ecd-ebe087394a07:c1974]
2019-07-08 20:09:28,838 INFO  client.GrpcClientProtocolClient (GrpcClientProtocolClient.java:onNext(255)) - client-83AFC0B42279->fd4515e9-84f2-4741-b1f5-a9247145a2ac: receive RaftClientReply:client-83AFC0B42279->fd4515e9-84f2-4741-b1f5-a9247145a2ac@group-E2152A48AE85, cid=1409, SUCCESS, logIndex=1978, commits[fd4515e9-84f2-4741-b1f5-a9247145a2ac:c1978, 2e3e112c-ad01-4834-a07e-d6d8a7947632:c1974, dfee02f7-0d20-4e08-8ecd-ebe087394a07:c1974]
2019-07-08 20:09:28,851 INFO  client.GrpcClientProtocolClient (GrpcClientProtocolClient.java:onNext(255)) - client-83AFC0B42279->fd4515e9-84f2-4741-b1f5-a9247145a2ac: receive RaftClientReply:client-83AFC0B42279->fd4515e9-84f2-4741-b1f5-a9247145a2ac@group-E2152A48AE85, cid=1410, SUCCESS, logIndex=0, commits[fd4515e9-84f2-4741-b1f5-a9247145a2ac:c1979, 2e3e112c-ad01-4834-a07e-d6d8a7947632:c1978, dfee02f7-0d20-4e08-8ecd-ebe087394a07:c1978]
2019-07-08 20:09:28,879 INFO  client.GrpcClientProtocolClient (GrpcClientProtocolClient.java:onNext(255)) - client-83AFC0B42279->fd4515e9-84f2-4741-b1f5-a9247145a2ac: receive RaftClientReply:client-83AFC0B42279->fd4515e9-84f2-4741-b1f5-a9247145a2ac@group-E2152A48AE85, cid=1411, SUCCESS, logIndex=1981, commits[fd4515e9-84f2-4741-b1f5-a9247145a2ac:c1984, 2e3e112c-ad01-4834-a07e-d6d8a7947632:c1980, dfee02f7-0d20-4e08-8ecd-ebe087394a07:c1980]
2019-07-08 20:09:28,880 INFO  client.GrpcClientProtocolClient (GrpcClientProtocolClient.java:onNext(255)) - client-83AFC0B42279->fd4515e9-84f2-4741-b1f5-a9247145a2ac: receive RaftClientReply:client-83AFC0B42279->fd4515e9-84f2-4741-b1f5-a9247145a2ac@group-E2152A48AE85, cid=1412, SUCCESS, logIndex=1982, commits[fd4515e9-84f2-4741-b1f5-a9247145a2ac:c1984, 2e3e112c-ad01-4834-a07e-d6d8a7947632:c1980, dfee02f7-0d20-4e08-8ecd-ebe087394a07:c1980]
2019-07-08 20:09:28,880 INFO  client.GrpcClientProtocolClient (GrpcClientProtocolClient.java:onNext(255)) - client-83AFC0B42279->fd4515e9-84f2-4741-b1f5-a9247145a2ac: receive RaftClientReply:client-83AFC0B42279->fd4515e9-84f2-4741-b1f5-a9247145a2ac@group-E2152A48AE85, cid=1413, SUCCESS, logIndex=1983, commits[fd4515e9-84f2-4741-b1f5-a9247145a2ac:c1984, 2e3e112c-ad01-4834-a07e-d6d8a7947632:c1980, dfee02f7-0d20-4e08-8ecd-ebe087394a07:c1980]
2019-07-08 20:09:28,880 INFO  client.GrpcClientProtocolClient (GrpcClientProtocolClient.java:onNext(255)) - client-83AFC0B42279->fd4515e9-84f2-4741-b1f5-a9247145a2ac: receive RaftClientReply:client-83AFC0B42279->fd4515e9-84f2-4741-b1f5-a9247145a2ac@group-E2152A48AE85, cid=1414, SUCCESS, logIndex=1984, commits[fd4515e9-84f2-4741-b1f5-a9247145a2ac:c1984, 2e3e112c-ad01-4834-a07e-d6d8a7947632:c1980, dfee02f7-0d20-4e08-8ecd-ebe087394a07:c1980]
2019-07-08 20:09:28,976 INFO  client.GrpcClientProtocolClient (GrpcClientProtocolClient.java:onNext(255)) - client-83AFC0B42279->fd4515e9-84f2-4741-b1f5-a9247145a2ac: receive RaftClientReply:client-83AFC0B42279->fd4515e9-84f2-4741-b1f5-a9247145a2ac@group-E2152A48AE85, cid=1415, SUCCESS, logIndex=0, commits[fd4515e9-84f2-4741-b1f5-a9247145a2ac:c1988, 2e3e112c-ad01-4834-a07e-d6d8a7947632:c1984, dfee02f7-0d20-4e08-8ecd-ebe087394a07:c1982]
2019-07-08 20:09:28,998 INFO  client.GrpcClientProtocolClient (GrpcClientProtocolClient.java:onNext(255)) - client-83AFC0B42279->fd4515e9-84f2-4741-b1f5-a9247145a2ac: receive RaftClientReply:client-83AFC0B42279->fd4515e9-84f2-4741-b1f5-a9247145a2ac@group-E2152A48AE85, cid=1416, SUCCESS, logIndex=1989, commits[fd4515e9-84f2-4741-b1f5-a9247145a2ac:c1990, 2e3e112c-ad01-4834-a07e-d6d8a7947632:c1988, dfee02f7-0d20-4e08-8ecd-ebe087394a07:c1988]
2019-07-08 20:09:28,998 INFO  client.GrpcClientProtocolClient (GrpcClientProtocolClient.java:onNext(255)) - client-83AFC0B42279->fd4515e9-84f2-4741-b1f5-a9247145a2ac: receive RaftClientReply:client-83AFC0B42279->fd4515e9-84f2-4741-b1f5-a9247145a2ac@group-E2152A48AE85, cid=1417, SUCCESS, logIndex=1990, commits[fd4515e9-84f2-4741-b1f5-a9247145a2ac:c1990, 2e3e112c-ad01-4834-a07e-d6d8a7947632:c1988, dfee02f7-0d20-4e08-8ecd-ebe087394a07:c1988]
2019-07-08 20:09:29,011 INFO  client.GrpcClientProtocolClient (GrpcClientProtocolClient.java:onNext(255)) - client-83AFC0B42279->fd4515e9-84f2-4741-b1f5-a9247145a2ac: receive RaftClientReply:client-83AFC0B42279->fd4515e9-84f2-4741-b1f5-a9247145a2ac@group-E2152A48AE85, cid=1418, SUCCESS, logIndex=1993, commits[fd4515e9-84f2-4741-b1f5-a9247145a2ac:c1994, 2e3e112c-ad01-4834-a07e-d6d8a7947632:c1990, dfee02f7-0d20-4e08-8ecd-ebe087394a07:c1990]
2019-07-08 20:09:29,012 INFO  client.GrpcClientProtocolClient (GrpcClientProtocolClient.java:onNext(255)) - client-83AFC0B42279->fd4515e9-84f2-4741-b1f5-a9247145a2ac: receive RaftClientReply:client-83AFC0B42279->fd4515e9-84f2-4741-b1f5-a9247145a2ac@group-E2152A48AE85, cid=1419, SUCCESS, logIndex=1994, commits[fd4515e9-84f2-4741-b1f5-a9247145a2ac:c1994, 2e3e112c-ad01-4834-a07e-d6d8a7947632:c1990, dfee02f7-0d20-4e08-8ecd-ebe087394a07:c1990]
2019-07-08 20:09:29,013 INFO  client.GrpcClientProtocolClient (GrpcClientProtocolClient.java:onNext(255)) - client-83AFC0B42279->fd4515e9-84f2-4741-b1f5-a9247145a2ac: receive RaftClientReply:client-83AFC0B42279->fd4515e9-84f2-4741-b1f5-a9247145a2ac@group-E2152A48AE85, cid=1420, SUCCESS, logIndex=0, commits[fd4515e9-84f2-4741-b1f5-a9247145a2ac:c1995, 2e3e112c-ad01-4834-a07e-d6d8a7947632:c1994, dfee02f7-0d20-4e08-8ecd-ebe087394a07:c1994]
2019-07-08 20:09:29,044 INFO  client.GrpcClientProtocolClient (GrpcClientProtocolClient.java:onNext(255)) - client-83AFC0B42279->fd4515e9-84f2-4741-b1f5-a9247145a2ac: receive RaftClientReply:client-83AFC0B42279->fd4515e9-84f2-4741-b1f5-a9247145a2ac@group-E2152A48AE85, cid=1421, SUCCESS, logIndex=1997, commits[fd4515e9-84f2-4741-b1f5-a9247145a2ac:c2000, 2e3e112c-ad01-4834-a07e-d6d8a7947632:c1996, dfee02f7-0d20-4e08-8ecd-ebe087394a07:c1996]
2019-07-08 20:09:29,047 INFO  client.GrpcClientProtocolClient (GrpcClientProtocolClient.java:onNext(255)) - client-83AFC0B42279->fd4515e9-84f2-4741-b1f5-a9247145a2ac: receive RaftClientReply:client-83AFC0B42279->fd4515e9-84f2-4741-b1f5-a9247145a2ac@group-E2152A48AE85, cid=1422, SUCCESS, logIndex=1998, commits[fd4515e9-84f2-4741-b1f5-a9247145a2ac:c2000, 2e3e112c-ad01-4834-a07e-d6d8a7947632:c1996, dfee02f7-0d20-4e08-8ecd-ebe087394a07:c1996]
2019-07-08 20:09:29,047 INFO  client.GrpcClientProtocolClient (GrpcClientProtocolClient.java:onNext(255)) - client-83AFC0B42279->fd4515e9-84f2-4741-b1f5-a9247145a2ac: receive RaftClientReply:client-83AFC0B42279->fd4515e9-84f2-4741-b1f5-a9247145a2ac@group-E2152A48AE85, cid=1423, SUCCESS, logIndex=1999, commits[fd4515e9-84f2-4741-b1f5-a9247145a2ac:c2000, 2e3e112c-ad01-4834-a07e-d6d8a7947632:c1996, dfee02f7-0d20-4e08-8ecd-ebe087394a07:c1996]
2019-07-08 20:09:29,047 INFO  client.GrpcClientProtocolClient (GrpcClientProtocolClient.java:onNext(255)) - client-83AFC0B42279->fd4515e9-84f2-4741-b1f5-a9247145a2ac: receive RaftClientReply:client-83AFC0B42279->fd4515e9-84f2-4741-b1f5-a9247145a2ac@group-E2152A48AE85, cid=1424, SUCCESS, logIndex=2000, commits[fd4515e9-84f2-4741-b1f5-a9247145a2ac:c2000, 2e3e112c-ad01-4834-a07e-d6d8a7947632:c1996, dfee02f7-0d20-4e08-8ecd-ebe087394a07:c1996]
2019-07-08 20:09:29,059 INFO  client.GrpcClientProtocolClient (GrpcClientProtocolClient.java:onNext(255)) - client-83AFC0B42279->fd4515e9-84f2-4741-b1f5-a9247145a2ac: receive RaftClientReply:client-83AFC0B42279->fd4515e9-84f2-4741-b1f5-a9247145a2ac@group-E2152A48AE85, cid=1425, SUCCESS, logIndex=0, commits[fd4515e9-84f2-4741-b1f5-a9247145a2ac:c2002, 2e3e112c-ad01-4834-a07e-d6d8a7947632:c1999, dfee02f7-0d20-4e08-8ecd-ebe087394a07:c1999]
2019-07-08 20:09:29,073 INFO  client.GrpcClientProtocolClient (GrpcClientProtocolClient.java:onNext(255)) - client-83AFC0B42279->fd4515e9-84f2-4741-b1f5-a9247145a2ac: receive RaftClientReply:client-83AFC0B42279->fd4515e9-84f2-4741-b1f5-a9247145a2ac@group-E2152A48AE85, cid=1426, SUCCESS, logIndex=2005, commits[fd4515e9-84f2-4741-b1f5-a9247145a2ac:c2006, 2e3e112c-ad01-4834-a07e-d6d8a7947632:c2004, dfee02f7-0d20-4e08-8ecd-ebe087394a07:c2004]
2019-07-08 20:09:29,074 INFO  client.GrpcClientProtocolClient (GrpcClientProtocolClient.java:onNext(255)) - client-83AFC0B42279->fd4515e9-84f2-4741-b1f5-a9247145a2ac: receive RaftClientReply:client-83AFC0B42279->fd4515e9-84f2-4741-b1f5-a9247145a2ac@group-E2152A48AE85, cid=1427, SUCCESS, logIndex=2006, commits[fd4515e9-84f2-4741-b1f5-a9247145a2ac:c2006, 2e3e112c-ad01-4834-a07e-d6d8a7947632:c2004, dfee02f7-0d20-4e08-8ecd-ebe087394a07:c2004]
2019-07-08 20:09:29,087 INFO  client.GrpcClientProtocolClient (GrpcClientProtocolClient.java:onNext(255)) - client-83AFC0B42279->fd4515e9-84f2-4741-b1f5-a9247145a2ac: receive RaftClientReply:client-83AFC0B42279->fd4515e9-84f2-4741-b1f5-a9247145a2ac@group-E2152A48AE85, cid=1428, SUCCESS, logIndex=2009, commits[fd4515e9-84f2-4741-b1f5-a9247145a2ac:c2010, 2e3e112c-ad01-4834-a07e-d6d8a7947632:c2008, dfee02f7-0d20-4e08-8ecd-ebe087394a07:c2008]
2019-07-08 20:09:29,088 INFO  client.GrpcClientProtocolClient (GrpcClientProtocolClient.java:onNext(255)) - client-83AFC0B42279->fd4515e9-84f2-4741-b1f5-a9247145a2ac: receive RaftClientReply:client-83AFC0B42279->fd4515e9-84f2-4741-b1f5-a9247145a2ac@group-E2152A48AE85, cid=1429, SUCCESS, logIndex=2010, commits[fd4515e9-84f2-4741-b1f5-a9247145a2ac:c2010, 2e3e112c-ad01-4834-a07e-d6d8a7947632:c2008, dfee02f7-0d20-4e08-8ecd-ebe087394a07:c2008]
2019-07-08 20:09:29,090 INFO  client.GrpcClientProtocolClient (GrpcClientProtocolClient.java:onNext(255)) - client-83AFC0B42279->fd4515e9-84f2-4741-b1f5-a9247145a2ac: receive RaftClientReply:client-83AFC0B42279->fd4515e9-84f2-4741-b1f5-a9247145a2ac@group-E2152A48AE85, cid=1430, SUCCESS, logIndex=0, commits[fd4515e9-84f2-4741-b1f5-a9247145a2ac:c2010, 2e3e112c-ad01-4834-a07e-d6d8a7947632:c2010, dfee02f7-0d20-4e08-8ecd-ebe087394a07:c2010]
 0.00% |█                                                                                                    |  0/1 Time: 0:00:082019-07-08 20:09:29,115 INFO  client.GrpcClientProtocolClient (GrpcClientProtocolClient.java:onNext(255)) - client-83AFC0B42279->fd4515e9-84f2-4741-b1f5-a9247145a2ac: receive RaftClientReply:client-83AFC0B42279->fd4515e9-84f2-4741-b1f5-a9247145a2ac@group-E2152A48AE85, cid=1431, SUCCESS, logIndex=2013, commits[fd4515e9-84f2-4741-b1f5-a9247145a2ac:c2014, 2e3e112c-ad01-4834-a07e-d6d8a7947632:c2010, dfee02f7-0d20-4e08-8ecd-ebe087394a07:c2012]
2019-07-08 20:09:29,116 INFO  client.GrpcClientProtocolClient (GrpcClientProtocolClient.java:onNext(255)) - client-83AFC0B42279->fd4515e9-84f2-4741-b1f5-a9247145a2ac: receive RaftClientReply:client-83AFC0B42279->fd4515e9-84f2-4741-b1f5-a9247145a2ac@group-E2152A48AE85, cid=1432, SUCCESS, logIndex=2014, commits[fd4515e9-84f2-4741-b1f5-a9247145a2ac:c2016, 2e3e112c-ad01-4834-a07e-d6d8a7947632:c2010, dfee02f7-0d20-4e08-8ecd-ebe087394a07:c2012]
2019-07-08 20:09:29,116 INFO  client.GrpcClientProtocolClient (GrpcClientProtocolClient.java:onNext(255)) - client-83AFC0B42279->fd4515e9-84f2-4741-b1f5-a9247145a2ac: receive RaftClientReply:client-83AFC0B42279->fd4515e9-84f2-4741-b1f5-a9247145a2ac@group-E2152A48AE85, cid=1433, SUCCESS, logIndex=2015, commits[fd4515e9-84f2-4741-b1f5-a9247145a2ac:c2016, 2e3e112c-ad01-4834-a07e-d6d8a7947632:c2012, dfee02f7-0d20-4e08-8ecd-ebe087394a07:c2012]
2019-07-08 20:09:29,117 INFO  client.GrpcClientProtocolClient (GrpcClientProtocolClient.java:onNext(255)) - client-83AFC0B42279->fd4515e9-84f2-4741-b1f5-a9247145a2ac: receive RaftClientReply:client-83AFC0B42279->fd4515e9-84f2-4741-b1f5-a9247145a2ac@group-E2152A48AE85, cid=1434, SUCCESS, logIndex=2016, commits[fd4515e9-84f2-4741-b1f5-a9247145a2ac:c2016, 2e3e112c-ad01-4834-a07e-d6d8a7947632:c2012, dfee02f7-0d20-4e08-8ecd-ebe087394a07:c2012]
2019-07-08 20:09:29,118 INFO  client.GrpcClientProtocolClient (GrpcClientProtocolClient.java:onNext(255)) - client-83AFC0B42279->fd4515e9-84f2-4741-b1f5-a9247145a2ac: receive RaftClientReply:client-83AFC0B42279->fd4515e9-84f2-4741-b1f5-a9247145a2ac@group-E2152A48AE85, cid=1435, SUCCESS, logIndex=0, commits[fd4515e9-84f2-4741-b1f5-a9247145a2ac:c2017, 2e3e112c-ad01-4834-a07e-d6d8a7947632:c2016, dfee02f7-0d20-4e08-8ecd-ebe087394a07:c2014]
2019-07-08 20:09:29,131 INFO  client.GrpcClientProtocolClient (GrpcClientProtocolClient.java:onNext(255)) - client-83AFC0B42279->fd4515e9-84f2-4741-b1f5-a9247145a2ac: receive RaftClientReply:client-83AFC0B42279->fd4515e9-84f2-4741-b1f5-a9247145a2ac@group-E2152A48AE85, cid=1436, SUCCESS, logIndex=2021, commits[fd4515e9-84f2-4741-b1f5-a9247145a2ac:c2022, 2e3e112c-ad01-4834-a07e-d6d8a7947632:c2020, dfee02f7-0d20-4e08-8ecd-ebe087394a07:c2020]
2019-07-08 20:09:29,131 INFO  client.GrpcClientProtocolClient (GrpcClientProtocolClient.java:onNext(255)) - client-83AFC0B42279->fd4515e9-84f2-4741-b1f5-a9247145a2ac: receive RaftClientReply:client-83AFC0B42279->fd4515e9-84f2-4741-b1f5-a9247145a2ac@group-E2152A48AE85, cid=1437, SUCCESS, logIndex=2022, commits[fd4515e9-84f2-4741-b1f5-a9247145a2ac:c2022, 2e3e112c-ad01-4834-a07e-d6d8a7947632:c2020, dfee02f7-0d20-4e08-8ecd-ebe087394a07:c2020]
2019-07-08 20:09:29,156 INFO  client.GrpcClientProtocolClient (GrpcClientProtocolClient.java:onNext(255)) - client-83AFC0B42279->fd4515e9-84f2-4741-b1f5-a9247145a2ac: receive RaftClientReply:client-83AFC0B42279->fd4515e9-84f2-4741-b1f5-a9247145a2ac@group-E2152A48AE85, cid=1438, SUCCESS, logIndex=2025, commits[fd4515e9-84f2-4741-b1f5-a9247145a2ac:c2026, 2e3e112c-ad01-4834-a07e-d6d8a7947632:c2024, dfee02f7-0d20-4e08-8ecd-ebe087394a07:c2024]
2019-07-08 20:09:29,157 INFO  client.GrpcClientProtocolClient (GrpcClientProtocolClient.java:onNext(255)) - client-83AFC0B42279->fd4515e9-84f2-4741-b1f5-a9247145a2ac: receive RaftClientReply:client-83AFC0B42279->fd4515e9-84f2-4741-b1f5-a9247145a2ac@group-E2152A48AE85, cid=1439, SUCCESS, logIndex=2026, commits[fd4515e9-84f2-4741-b1f5-a9247145a2ac:c2026, 2e3e112c-ad01-4834-a07e-d6d8a7947632:c2024, dfee02f7-0d20-4e08-8ecd-ebe087394a07:c2024]
2019-07-08 20:09:29,171 INFO  client.GrpcClientProtocolClient (GrpcClientProtocolClient.java:onNext(255)) - client-83AFC0B42279->fd4515e9-84f2-4741-b1f5-a9247145a2ac: receive RaftClientReply:client-83AFC0B42279->fd4515e9-84f2-4741-b1f5-a9247145a2ac@group-E2152A48AE85, cid=1440, SUCCESS, logIndex=0, commits[fd4515e9-84f2-4741-b1f5-a9247145a2ac:c2027, 2e3e112c-ad01-4834-a07e-d6d8a7947632:c2026, dfee02f7-0d20-4e08-8ecd-ebe087394a07:c2026]
2019-07-08 20:09:29,204 INFO  client.GrpcClientProtocolClient (GrpcClientProtocolClient.java:onNext(255)) - client-83AFC0B42279->fd4515e9-84f2-4741-b1f5-a9247145a2ac: receive RaftClientReply:client-83AFC0B42279->fd4515e9-84f2-4741-b1f5-a9247145a2ac@group-E2152A48AE85, cid=1441, SUCCESS, logIndex=2029, commits[fd4515e9-84f2-4741-b1f5-a9247145a2ac:c2030, 2e3e112c-ad01-4834-a07e-d6d8a7947632:c2028, dfee02f7-0d20-4e08-8ecd-ebe087394a07:c2028]
2019-07-08 20:09:29,204 INFO  client.GrpcClientProtocolClient (GrpcClientProtocolClient.java:onNext(255)) - client-83AFC0B42279->fd4515e9-84f2-4741-b1f5-a9247145a2ac: receive RaftClientReply:client-83AFC0B42279->fd4515e9-84f2-4741-b1f5-a9247145a2ac@group-E2152A48AE85, cid=1442, SUCCESS, logIndex=2030, commits[fd4515e9-84f2-4741-b1f5-a9247145a2ac:c2032, 2e3e112c-ad01-4834-a07e-d6d8a7947632:c2028, dfee02f7-0d20-4e08-8ecd-ebe087394a07:c2028]
2019-07-08 20:09:29,205 INFO  client.GrpcClientProtocolClient (GrpcClientProtocolClient.java:onNext(255)) - client-83AFC0B42279->fd4515e9-84f2-4741-b1f5-a9247145a2ac: receive RaftClientReply:client-83AFC0B42279->fd4515e9-84f2-4741-b1f5-a9247145a2ac@group-E2152A48AE85, cid=1443, SUCCESS, logIndex=2031, commits[fd4515e9-84f2-4741-b1f5-a9247145a2ac:c2032, 2e3e112c-ad01-4834-a07e-d6d8a7947632:c2028, dfee02f7-0d20-4e08-8ecd-ebe087394a07:c2028]
2019-07-08 20:09:29,206 INFO  client.GrpcClientProtocolClient (GrpcClientProtocolClient.java:onNext(255)) - client-83AFC0B42279->fd4515e9-84f2-4741-b1f5-a9247145a2ac: receive RaftClientReply:client-83AFC0B42279->fd4515e9-84f2-4741-b1f5-a9247145a2ac@group-E2152A48AE85, cid=1444, SUCCESS, logIndex=2032, commits[fd4515e9-84f2-4741-b1f5-a9247145a2ac:c2032, 2e3e112c-ad01-4834-a07e-d6d8a7947632:c2028, dfee02f7-0d20-4e08-8ecd-ebe087394a07:c2028]
2019-07-08 20:09:29,219 INFO  client.GrpcClientProtocolClient (GrpcClientProtocolClient.java:onNext(255)) - client-83AFC0B42279->fd4515e9-84f2-4741-b1f5-a9247145a2ac: receive RaftClientReply:client-83AFC0B42279->fd4515e9-84f2-4741-b1f5-a9247145a2ac@group-E2152A48AE85, cid=1445, SUCCESS, logIndex=0, commits[fd4515e9-84f2-4741-b1f5-a9247145a2ac:c2034, 2e3e112c-ad01-4834-a07e-d6d8a7947632:c2030, dfee02f7-0d20-4e08-8ecd-ebe087394a07:c2030]
2019-07-08 20:09:29,241 INFO  client.GrpcClientProtocolClient (GrpcClientProtocolClient.java:onNext(255)) - client-83AFC0B42279->fd4515e9-84f2-4741-b1f5-a9247145a2ac: receive RaftClientReply:client-83AFC0B42279->fd4515e9-84f2-4741-b1f5-a9247145a2ac@group-E2152A48AE85, cid=1446, SUCCESS, logIndex=2037, commits[fd4515e9-84f2-4741-b1f5-a9247145a2ac:c2038, 2e3e112c-ad01-4834-a07e-d6d8a7947632:c2036, dfee02f7-0d20-4e08-8ecd-ebe087394a07:c2036]
2019-07-08 20:09:29,241 INFO  client.GrpcClientProtocolClient (GrpcClientProtocolClient.java:onNext(255)) - client-83AFC0B42279->fd4515e9-84f2-4741-b1f5-a9247145a2ac: receive RaftClientReply:client-83AFC0B42279->fd4515e9-84f2-4741-b1f5-a9247145a2ac@group-E2152A48AE85, cid=1447, SUCCESS, logIndex=2038, commits[fd4515e9-84f2-4741-b1f5-a9247145a2ac:c2038, 2e3e112c-ad01-4834-a07e-d6d8a7947632:c2036, dfee02f7-0d20-4e08-8ecd-ebe087394a07:c2036]
2019-07-08 20:09:29,257 INFO  client.GrpcClientProtocolClient (GrpcClientProtocolClient.java:onNext(255)) - client-83AFC0B42279->fd4515e9-84f2-4741-b1f5-a9247145a2ac: receive RaftClientReply:client-83AFC0B42279->fd4515e9-84f2-4741-b1f5-a9247145a2ac@group-E2152A48AE85, cid=1448, SUCCESS, logIndex=2041, commits[fd4515e9-84f2-4741-b1f5-a9247145a2ac:c2042, 2e3e112c-ad01-4834-a07e-d6d8a7947632:c2038, dfee02f7-0d20-4e08-8ecd-ebe087394a07:c2038]
2019-07-08 20:09:29,257 INFO  client.GrpcClientProtocolClient (GrpcClientProtocolClient.java:onNext(255)) - client-83AFC0B42279->fd4515e9-84f2-4741-b1f5-a9247145a2ac: receive RaftClientReply:client-83AFC0B42279->fd4515e9-84f2-4741-b1f5-a9247145a2ac@group-E2152A48AE85, cid=1449, SUCCESS, logIndex=2042, commits[fd4515e9-84f2-4741-b1f5-a9247145a2ac:c2042, 2e3e112c-ad01-4834-a07e-d6d8a7947632:c2038, dfee02f7-0d20-4e08-8ecd-ebe087394a07:c2038]
2019-07-08 20:09:29,271 INFO  client.GrpcClientProtocolClient (GrpcClientProtocolClient.java:onNext(255)) - client-83AFC0B42279->fd4515e9-84f2-4741-b1f5-a9247145a2ac: receive RaftClientReply:client-83AFC0B42279->fd4515e9-84f2-4741-b1f5-a9247145a2ac@group-E2152A48AE85, cid=1450, SUCCESS, logIndex=0, commits[fd4515e9-84f2-4741-b1f5-a9247145a2ac:c2044, 2e3e112c-ad01-4834-a07e-d6d8a7947632:c2042, dfee02f7-0d20-4e08-8ecd-ebe087394a07:c2042]
2019-07-08 20:09:29,297 INFO  client.GrpcClientProtocolClient (GrpcClientProtocolClient.java:onNext(255)) - client-83AFC0B42279->fd4515e9-84f2-4741-b1f5-a9247145a2ac: receive RaftClientReply:client-83AFC0B42279->fd4515e9-84f2-4741-b1f5-a9247145a2ac@group-E2152A48AE85, cid=1451, SUCCESS, logIndex=2045, commits[fd4515e9-84f2-4741-b1f5-a9247145a2ac:c2047, 2e3e112c-ad01-4834-a07e-d6d8a7947632:c2044, dfee02f7-0d20-4e08-8ecd-ebe087394a07:c2044]
2019-07-08 20:09:29,298 INFO  client.GrpcClientProtocolClient (GrpcClientProtocolClient.java:onNext(255)) - client-83AFC0B42279->fd4515e9-84f2-4741-b1f5-a9247145a2ac: receive RaftClientReply:client-83AFC0B42279->fd4515e9-84f2-4741-b1f5-a9247145a2ac@group-E2152A48AE85, cid=1452, SUCCESS, logIndex=2046, commits[fd4515e9-84f2-4741-b1f5-a9247145a2ac:c2048, 2e3e112c-ad01-4834-a07e-d6d8a7947632:c2044, dfee02f7-0d20-4e08-8ecd-ebe087394a07:c2044]
2019-07-08 20:09:29,298 INFO  client.GrpcClientProtocolClient (GrpcClientProtocolClient.java:onNext(255)) - client-83AFC0B42279->fd4515e9-84f2-4741-b1f5-a9247145a2ac: receive RaftClientReply:client-83AFC0B42279->fd4515e9-84f2-4741-b1f5-a9247145a2ac@group-E2152A48AE85, cid=1453, SUCCESS, logIndex=2047, commits[fd4515e9-84f2-4741-b1f5-a9247145a2ac:c2048, 2e3e112c-ad01-4834-a07e-d6d8a7947632:c2044, dfee02f7-0d20-4e08-8ecd-ebe087394a07:c2044]
2019-07-08 20:09:29,298 INFO  client.GrpcClientProtocolClient (GrpcClientProtocolClient.java:onNext(255)) - client-83AFC0B42279->fd4515e9-84f2-4741-b1f5-a9247145a2ac: receive RaftClientReply:client-83AFC0B42279->fd4515e9-84f2-4741-b1f5-a9247145a2ac@group-E2152A48AE85, cid=1454, SUCCESS, logIndex=2048, commits[fd4515e9-84f2-4741-b1f5-a9247145a2ac:c2049, 2e3e112c-ad01-4834-a07e-d6d8a7947632:c2045, dfee02f7-0d20-4e08-8ecd-ebe087394a07:c2045]
2019-07-08 20:09:29,302 INFO  client.GrpcClientProtocolClient (GrpcClientProtocolClient.java:onNext(255)) - client-83AFC0B42279->fd4515e9-84f2-4741-b1f5-a9247145a2ac: receive RaftClientReply:client-83AFC0B42279->fd4515e9-84f2-4741-b1f5-a9247145a2ac@group-E2152A48AE85, cid=1455, SUCCESS, logIndex=0, commits[fd4515e9-84f2-4741-b1f5-a9247145a2ac:c2050, 2e3e112c-ad01-4834-a07e-d6d8a7947632:c2046, dfee02f7-0d20-4e08-8ecd-ebe087394a07:c2046]
2019-07-08 20:09:29,314 INFO  client.GrpcClientProtocolClient (GrpcClientProtocolClient.java:onNext(255)) - client-83AFC0B42279->fd4515e9-84f2-4741-b1f5-a9247145a2ac: receive RaftClientReply:client-83AFC0B42279->fd4515e9-84f2-4741-b1f5-a9247145a2ac@group-E2152A48AE85, cid=1456, SUCCESS, logIndex=2053, commits[fd4515e9-84f2-4741-b1f5-a9247145a2ac:c2054, 2e3e112c-ad01-4834-a07e-d6d8a7947632:c2048, dfee02f7-0d20-4e08-8ecd-ebe087394a07:c2051]
2019-07-08 20:09:29,314 INFO  client.GrpcClientProtocolClient (GrpcClientProtocolClient.java:onNext(255)) - client-83AFC0B42279->fd4515e9-84f2-4741-b1f5-a9247145a2ac: receive RaftClientReply:client-83AFC0B42279->fd4515e9-84f2-4741-b1f5-a9247145a2ac@group-E2152A48AE85, cid=1457, SUCCESS, logIndex=2054, commits[fd4515e9-84f2-4741-b1f5-a9247145a2ac:c2054, 2e3e112c-ad01-4834-a07e-d6d8a7947632:c2051, dfee02f7-0d20-4e08-8ecd-ebe087394a07:c2051]
2019-07-08 20:09:29,336 INFO  client.GrpcClientProtocolClient (GrpcClientProtocolClient.java:onNext(255)) - client-83AFC0B42279->fd4515e9-84f2-4741-b1f5-a9247145a2ac: receive RaftClientReply:client-83AFC0B42279->fd4515e9-84f2-4741-b1f5-a9247145a2ac@group-E2152A48AE85, cid=1458, SUCCESS, logIndex=2057, commits[fd4515e9-84f2-4741-b1f5-a9247145a2ac:c2058, 2e3e112c-ad01-4834-a07e-d6d8a7947632:c2056, dfee02f7-0d20-4e08-8ecd-ebe087394a07:c2056]
2019-07-08 20:09:29,336 INFO  client.GrpcClientProtocolClient (GrpcClientProtocolClient.java:onNext(255)) - client-83AFC0B42279->fd4515e9-84f2-4741-b1f5-a9247145a2ac: receive RaftClientReply:client-83AFC0B42279->fd4515e9-84f2-4741-b1f5-a9247145a2ac@group-E2152A48AE85, cid=1459, SUCCESS, logIndex=2058, commits[fd4515e9-84f2-4741-b1f5-a9247145a2ac:c2058, 2e3e112c-ad01-4834-a07e-d6d8a7947632:c2056, dfee02f7-0d20-4e08-8ecd-ebe087394a07:c2056]
2019-07-08 20:09:29,348 INFO  client.GrpcClientProtocolClient (GrpcClientProtocolClient.java:onNext(255)) - client-83AFC0B42279->fd4515e9-84f2-4741-b1f5-a9247145a2ac: receive RaftClientReply:client-83AFC0B42279->fd4515e9-84f2-4741-b1f5-a9247145a2ac@group-E2152A48AE85, cid=1460, SUCCESS, logIndex=0, commits[fd4515e9-84f2-4741-b1f5-a9247145a2ac:c2059, 2e3e112c-ad01-4834-a07e-d6d8a7947632:c2058, dfee02f7-0d20-4e08-8ecd-ebe087394a07:c2058]
2019-07-08 20:09:29,375 INFO  client.GrpcClientProtocolClient (GrpcClientProtocolClient.java:onNext(255)) - client-83AFC0B42279->fd4515e9-84f2-4741-b1f5-a9247145a2ac: receive RaftClientReply:client-83AFC0B42279->fd4515e9-84f2-4741-b1f5-a9247145a2ac@group-E2152A48AE85, cid=1461, SUCCESS, logIndex=2061, commits[fd4515e9-84f2-4741-b1f5-a9247145a2ac:c2061, 2e3e112c-ad01-4834-a07e-d6d8a7947632:c2060, dfee02f7-0d20-4e08-8ecd-ebe087394a07:c2060]
2019-07-08 20:09:29,375 INFO  client.GrpcClientProtocolClient (GrpcClientProtocolClient.java:onNext(255)) - client-83AFC0B42279->fd4515e9-84f2-4741-b1f5-a9247145a2ac: receive RaftClientReply:client-83AFC0B42279->fd4515e9-84f2-4741-b1f5-a9247145a2ac@group-E2152A48AE85, cid=1462, SUCCESS, logIndex=2062, commits[fd4515e9-84f2-4741-b1f5-a9247145a2ac:c2064, 2e3e112c-ad01-4834-a07e-d6d8a7947632:c2060, dfee02f7-0d20-4e08-8ecd-ebe087394a07:c2060]
2019-07-08 20:09:29,376 INFO  client.GrpcClientProtocolClient (GrpcClientProtocolClient.java:onNext(255)) - client-83AFC0B42279->fd4515e9-84f2-4741-b1f5-a9247145a2ac: receive RaftClientReply:client-83AFC0B42279->fd4515e9-84f2-4741-b1f5-a9247145a2ac@group-E2152A48AE85, cid=1463, SUCCESS, logIndex=2063, commits[fd4515e9-84f2-4741-b1f5-a9247145a2ac:c2064, 2e3e112c-ad01-4834-a07e-d6d8a7947632:c2060, dfee02f7-0d20-4e08-8ecd-ebe087394a07:c2060]
2019-07-08 20:09:29,376 INFO  client.GrpcClientProtocolClient (GrpcClientProtocolClient.java:onNext(255)) - client-83AFC0B42279->fd4515e9-84f2-4741-b1f5-a9247145a2ac: receive RaftClientReply:client-83AFC0B42279->fd4515e9-84f2-4741-b1f5-a9247145a2ac@group-E2152A48AE85, cid=1464, SUCCESS, logIndex=2064, commits[fd4515e9-84f2-4741-b1f5-a9247145a2ac:c2064, 2e3e112c-ad01-4834-a07e-d6d8a7947632:c2060, dfee02f7-0d20-4e08-8ecd-ebe087394a07:c2060]
2019-07-08 20:09:29,390 INFO  client.GrpcClientProtocolClient (GrpcClientProtocolClient.java:onNext(255)) - client-83AFC0B42279->fd4515e9-84f2-4741-b1f5-a9247145a2ac: receive RaftClientReply:client-83AFC0B42279->fd4515e9-84f2-4741-b1f5-a9247145a2ac@group-E2152A48AE85, cid=1465, SUCCESS, logIndex=0, commits[fd4515e9-84f2-4741-b1f5-a9247145a2ac:c2067, 2e3e112c-ad01-4834-a07e-d6d8a7947632:c2064, dfee02f7-0d20-4e08-8ecd-ebe087394a07:c2064]
2019-07-08 20:09:29,415 INFO  client.GrpcClientProtocolClient (GrpcClientProtocolClient.java:onNext(255)) - client-83AFC0B42279->fd4515e9-84f2-4741-b1f5-a9247145a2ac: receive RaftClientReply:client-83AFC0B42279->fd4515e9-84f2-4741-b1f5-a9247145a2ac@group-E2152A48AE85, cid=1466, SUCCESS, logIndex=2068, commits[fd4515e9-84f2-4741-b1f5-a9247145a2ac:c2069, 2e3e112c-ad01-4834-a07e-d6d8a7947632:c2067, dfee02f7-0d20-4e08-8ecd-ebe087394a07:c2067]
2019-07-08 20:09:29,416 INFO  client.GrpcClientProtocolClient (GrpcClientProtocolClient.java:onNext(255)) - client-83AFC0B42279->fd4515e9-84f2-4741-b1f5-a9247145a2ac: receive RaftClientReply:client-83AFC0B42279->fd4515e9-84f2-4741-b1f5-a9247145a2ac@group-E2152A48AE85, cid=1467, SUCCESS, logIndex=2069, commits[fd4515e9-84f2-4741-b1f5-a9247145a2ac:c2069, 2e3e112c-ad01-4834-a07e-d6d8a7947632:c2067, dfee02f7-0d20-4e08-8ecd-ebe087394a07:c2067]
2019-07-08 20:09:29,429 INFO  client.GrpcClientProtocolClient (GrpcClientProtocolClient.java:onNext(255)) - client-83AFC0B42279->fd4515e9-84f2-4741-b1f5-a9247145a2ac: receive RaftClientReply:client-83AFC0B42279->fd4515e9-84f2-4741-b1f5-a9247145a2ac@group-E2152A48AE85, cid=1468, SUCCESS, logIndex=2072, commits[fd4515e9-84f2-4741-b1f5-a9247145a2ac:c2073, 2e3e112c-ad01-4834-a07e-d6d8a7947632:c2068, dfee02f7-0d20-4e08-8ecd-ebe087394a07:c2069]
2019-07-08 20:09:29,429 INFO  client.GrpcClientProtocolClient (GrpcClientProtocolClient.java:onNext(255)) - client-83AFC0B42279->fd4515e9-84f2-4741-b1f5-a9247145a2ac: receive RaftClientReply:client-83AFC0B42279->fd4515e9-84f2-4741-b1f5-a9247145a2ac@group-E2152A48AE85, cid=1469, SUCCESS, logIndex=2073, commits[fd4515e9-84f2-4741-b1f5-a9247145a2ac:c2073, 2e3e112c-ad01-4834-a07e-d6d8a7947632:c2069, dfee02f7-0d20-4e08-8ecd-ebe087394a07:c2069]
2019-07-08 20:09:29,432 INFO  client.GrpcClientProtocolClient (GrpcClientProtocolClient.java:onNext(255)) - client-83AFC0B42279->fd4515e9-84f2-4741-b1f5-a9247145a2ac: receive RaftClientReply:client-83AFC0B42279->fd4515e9-84f2-4741-b1f5-a9247145a2ac@group-E2152A48AE85, cid=1470, SUCCESS, logIndex=0, commits[fd4515e9-84f2-4741-b1f5-a9247145a2ac:c2075, 2e3e112c-ad01-4834-a07e-d6d8a7947632:c2073, dfee02f7-0d20-4e08-8ecd-ebe087394a07:c2073]
2019-07-08 20:09:29,463 INFO  client.GrpcClientProtocolClient (GrpcClientProtocolClient.java:onNext(255)) - client-83AFC0B42279->fd4515e9-84f2-4741-b1f5-a9247145a2ac: receive RaftClientReply:client-83AFC0B42279->fd4515e9-84f2-4741-b1f5-a9247145a2ac@group-E2152A48AE85, cid=1471, SUCCESS, logIndex=2076, commits[fd4515e9-84f2-4741-b1f5-a9247145a2ac:c2077, 2e3e112c-ad01-4834-a07e-d6d8a7947632:c2075, dfee02f7-0d20-4e08-8ecd-ebe087394a07:c2075]
2019-07-08 20:09:29,464 INFO  client.GrpcClientProtocolClient (GrpcClientProtocolClient.java:onNext(255)) - client-83AFC0B42279->fd4515e9-84f2-4741-b1f5-a9247145a2ac: receive RaftClientReply:client-83AFC0B42279->fd4515e9-84f2-4741-b1f5-a9247145a2ac@group-E2152A48AE85, cid=1472, SUCCESS, logIndex=2077, commits[fd4515e9-84f2-4741-b1f5-a9247145a2ac:c2078, 2e3e112c-ad01-4834-a07e-d6d8a7947632:c2075, dfee02f7-0d20-4e08-8ecd-ebe087394a07:c2075]
2019-07-08 20:09:29,464 INFO  client.GrpcClientProtocolClient (GrpcClientProtocolClient.java:onNext(255)) - client-83AFC0B42279->fd4515e9-84f2-4741-b1f5-a9247145a2ac: receive RaftClientReply:client-83AFC0B42279->fd4515e9-84f2-4741-b1f5-a9247145a2ac@group-E2152A48AE85, cid=1473, SUCCESS, logIndex=2078, commits[fd4515e9-84f2-4741-b1f5-a9247145a2ac:c2079, 2e3e112c-ad01-4834-a07e-d6d8a7947632:c2075, dfee02f7-0d20-4e08-8ecd-ebe087394a07:c2075]
2019-07-08 20:09:29,465 INFO  client.GrpcClientProtocolClient (GrpcClientProtocolClient.java:onNext(255)) - client-83AFC0B42279->fd4515e9-84f2-4741-b1f5-a9247145a2ac: receive RaftClientReply:client-83AFC0B42279->fd4515e9-84f2-4741-b1f5-a9247145a2ac@group-E2152A48AE85, cid=1474, SUCCESS, logIndex=2079, commits[fd4515e9-84f2-4741-b1f5-a9247145a2ac:c2079, 2e3e112c-ad01-4834-a07e-d6d8a7947632:c2075, dfee02f7-0d20-4e08-8ecd-ebe087394a07:c2075]
2019-07-08 20:09:29,466 INFO  client.GrpcClientProtocolClient (GrpcClientProtocolClient.java:onNext(255)) - client-83AFC0B42279->fd4515e9-84f2-4741-b1f5-a9247145a2ac: receive RaftClientReply:client-83AFC0B42279->fd4515e9-84f2-4741-b1f5-a9247145a2ac@group-E2152A48AE85, cid=1475, SUCCESS, logIndex=0, commits[fd4515e9-84f2-4741-b1f5-a9247145a2ac:c2082, 2e3e112c-ad01-4834-a07e-d6d8a7947632:c2077, dfee02f7-0d20-4e08-8ecd-ebe087394a07:c2078]
2019-07-08 20:09:29,480 INFO  client.GrpcClientProtocolClient (GrpcClientProtocolClient.java:onNext(255)) - client-83AFC0B42279->fd4515e9-84f2-4741-b1f5-a9247145a2ac: receive RaftClientReply:client-83AFC0B42279->fd4515e9-84f2-4741-b1f5-a9247145a2ac@group-E2152A48AE85, cid=1476, SUCCESS, logIndex=2084, commits[fd4515e9-84f2-4741-b1f5-a9247145a2ac:c2085, 2e3e112c-ad01-4834-a07e-d6d8a7947632:c2079, dfee02f7-0d20-4e08-8ecd-ebe087394a07:c2082]
2019-07-08 20:09:29,480 INFO  client.GrpcClientProtocolClient (GrpcClientProtocolClient.java:onNext(255)) - client-83AFC0B42279->fd4515e9-84f2-4741-b1f5-a9247145a2ac: receive RaftClientReply:client-83AFC0B42279->fd4515e9-84f2-4741-b1f5-a9247145a2ac@group-E2152A48AE85, cid=1477, SUCCESS, logIndex=2085, commits[fd4515e9-84f2-4741-b1f5-a9247145a2ac:c2085, 2e3e112c-ad01-4834-a07e-d6d8a7947632:c2082, dfee02f7-0d20-4e08-8ecd-ebe087394a07:c2082]
2019-07-08 20:09:29,501 INFO  client.GrpcClientProtocolClient (GrpcClientProtocolClient.java:onNext(255)) - client-83AFC0B42279->fd4515e9-84f2-4741-b1f5-a9247145a2ac: receive RaftClientReply:client-83AFC0B42279->fd4515e9-84f2-4741-b1f5-a9247145a2ac@group-E2152A48AE85, cid=1478, SUCCESS, logIndex=2088, commits[fd4515e9-84f2-4741-b1f5-a9247145a2ac:c2089, 2e3e112c-ad01-4834-a07e-d6d8a7947632:c2087, dfee02f7-0d20-4e08-8ecd-ebe087394a07:c2087]
2019-07-08 20:09:29,501 INFO  client.GrpcClientProtocolClient (GrpcClientProtocolClient.java:onNext(255)) - client-83AFC0B42279->fd4515e9-84f2-4741-b1f5-a9247145a2ac: receive RaftClientReply:client-83AFC0B42279->fd4515e9-84f2-4741-b1f5-a9247145a2ac@group-E2152A48AE85, cid=1479, SUCCESS, logIndex=2089, commits[fd4515e9-84f2-4741-b1f5-a9247145a2ac:c2089, 2e3e112c-ad01-4834-a07e-d6d8a7947632:c2087, dfee02f7-0d20-4e08-8ecd-ebe087394a07:c2087]
2019-07-08 20:09:29,515 INFO  client.GrpcClientProtocolClient (GrpcClientProtocolClient.java:onNext(255)) - client-83AFC0B42279->fd4515e9-84f2-4741-b1f5-a9247145a2ac: receive RaftClientReply:client-83AFC0B42279->fd4515e9-84f2-4741-b1f5-a9247145a2ac@group-E2152A48AE85, cid=1480, SUCCESS, logIndex=0, commits[fd4515e9-84f2-4741-b1f5-a9247145a2ac:c2091, 2e3e112c-ad01-4834-a07e-d6d8a7947632:c2089, dfee02f7-0d20-4e08-8ecd-ebe087394a07:c2089]
2019-07-08 20:09:29,628 INFO  client.GrpcClientProtocolClient (GrpcClientProtocolClient.java:onNext(255)) - client-83AFC0B42279->fd4515e9-84f2-4741-b1f5-a9247145a2ac: receive RaftClientReply:client-83AFC0B42279->fd4515e9-84f2-4741-b1f5-a9247145a2ac@group-E2152A48AE85, cid=1481, SUCCESS, logIndex=2092, commits[fd4515e9-84f2-4741-b1f5-a9247145a2ac:c2093, 2e3e112c-ad01-4834-a07e-d6d8a7947632:c2089, dfee02f7-0d20-4e08-8ecd-ebe087394a07:c2091]
2019-07-08 20:09:29,628 INFO  client.GrpcClientProtocolClient (GrpcClientProtocolClient.java:onNext(255)) - client-83AFC0B42279->fd4515e9-84f2-4741-b1f5-a9247145a2ac: receive RaftClientReply:client-83AFC0B42279->fd4515e9-84f2-4741-b1f5-a9247145a2ac@group-E2152A48AE85, cid=1482, SUCCESS, logIndex=2093, commits[fd4515e9-84f2-4741-b1f5-a9247145a2ac:c2093, 2e3e112c-ad01-4834-a07e-d6d8a7947632:c2089, dfee02f7-0d20-4e08-8ecd-ebe087394a07:c2091]
2019-07-08 20:09:29,639 INFO  client.GrpcClientProtocolClient (GrpcClientProtocolClient.java:onNext(255)) - client-83AFC0B42279->fd4515e9-84f2-4741-b1f5-a9247145a2ac: receive RaftClientReply:client-83AFC0B42279->fd4515e9-84f2-4741-b1f5-a9247145a2ac@group-E2152A48AE85, cid=1483, SUCCESS, logIndex=2094, commits[fd4515e9-84f2-4741-b1f5-a9247145a2ac:c2094, 2e3e112c-ad01-4834-a07e-d6d8a7947632:c2091, dfee02f7-0d20-4e08-8ecd-ebe087394a07:c2091]
2019-07-08 20:09:29,640 INFO  client.GrpcClientProtocolClient (GrpcClientProtocolClient.java:onNext(255)) - client-83AFC0B42279->fd4515e9-84f2-4741-b1f5-a9247145a2ac: receive RaftClientReply:client-83AFC0B42279->fd4515e9-84f2-4741-b1f5-a9247145a2ac@group-E2152A48AE85, cid=1484, SUCCESS, logIndex=2095, commits[fd4515e9-84f2-4741-b1f5-a9247145a2ac:c2096, 2e3e112c-ad01-4834-a07e-d6d8a7947632:c2091, dfee02f7-0d20-4e08-8ecd-ebe087394a07:c2092]
2019-07-08 20:09:29,641 INFO  client.GrpcClientProtocolClient (GrpcClientProtocolClient.java:onNext(255)) - client-83AFC0B42279->fd4515e9-84f2-4741-b1f5-a9247145a2ac: receive RaftClientReply:client-83AFC0B42279->fd4515e9-84f2-4741-b1f5-a9247145a2ac@group-E2152A48AE85, cid=1485, SUCCESS, logIndex=0, commits[fd4515e9-84f2-4741-b1f5-a9247145a2ac:c2097, 2e3e112c-ad01-4834-a07e-d6d8a7947632:c2093, dfee02f7-0d20-4e08-8ecd-ebe087394a07:c2093]
2019-07-08 20:09:29,674 INFO  client.GrpcClientProtocolClient (GrpcClientProtocolClient.java:onNext(255)) - client-83AFC0B42279->fd4515e9-84f2-4741-b1f5-a9247145a2ac: receive RaftClientReply:client-83AFC0B42279->fd4515e9-84f2-4741-b1f5-a9247145a2ac@group-E2152A48AE85, cid=1486, SUCCESS, logIndex=2100, commits[fd4515e9-84f2-4741-b1f5-a9247145a2ac:c2101, 2e3e112c-ad01-4834-a07e-d6d8a7947632:c2097, dfee02f7-0d20-4e08-8ecd-ebe087394a07:c2097]
2019-07-08 20:09:29,674 INFO  client.GrpcClientProtocolClient (GrpcClientProtocolClient.java:onNext(255)) - client-83AFC0B42279->fd4515e9-84f2-4741-b1f5-a9247145a2ac: receive RaftClientReply:client-83AFC0B42279->fd4515e9-84f2-4741-b1f5-a9247145a2ac@group-E2152A48AE85, cid=1487, SUCCESS, logIndex=2101, commits[fd4515e9-84f2-4741-b1f5-a9247145a2ac:c2101, 2e3e112c-ad01-4834-a07e-d6d8a7947632:c2097, dfee02f7-0d20-4e08-8ecd-ebe087394a07:c2097]
2019-07-08 20:09:29,698 INFO  client.GrpcClientProtocolClient (GrpcClientProtocolClient.java:onNext(255)) - client-83AFC0B42279->fd4515e9-84f2-4741-b1f5-a9247145a2ac: receive RaftClientReply:client-83AFC0B42279->fd4515e9-84f2-4741-b1f5-a9247145a2ac@group-E2152A48AE85, cid=1488, SUCCESS, logIndex=2104, commits[fd4515e9-84f2-4741-b1f5-a9247145a2ac:c2105, 2e3e112c-ad01-4834-a07e-d6d8a7947632:c2101, dfee02f7-0d20-4e08-8ecd-ebe087394a07:c2101]
2019-07-08 20:09:29,699 INFO  client.GrpcClientProtocolClient (GrpcClientProtocolClient.java:onNext(255)) - client-83AFC0B42279->fd4515e9-84f2-4741-b1f5-a9247145a2ac: receive RaftClientReply:client-83AFC0B42279->fd4515e9-84f2-4741-b1f5-a9247145a2ac@group-E2152A48AE85, cid=1489, SUCCESS, logIndex=2105, commits[fd4515e9-84f2-4741-b1f5-a9247145a2ac:c2105, 2e3e112c-ad01-4834-a07e-d6d8a7947632:c2101, dfee02f7-0d20-4e08-8ecd-ebe087394a07:c2101]
2019-07-08 20:09:29,701 INFO  client.GrpcClientProtocolClient (GrpcClientProtocolClient.java:onNext(255)) - client-83AFC0B42279->fd4515e9-84f2-4741-b1f5-a9247145a2ac: receive RaftClientReply:client-83AFC0B42279->fd4515e9-84f2-4741-b1f5-a9247145a2ac@group-E2152A48AE85, cid=1490, SUCCESS, logIndex=0, commits[fd4515e9-84f2-4741-b1f5-a9247145a2ac:c2107, 2e3e112c-ad01-4834-a07e-d6d8a7947632:c2105, dfee02f7-0d20-4e08-8ecd-ebe087394a07:c2105]
2019-07-08 20:09:29,730 INFO  client.GrpcClientProtocolClient (GrpcClientProtocolClient.java:onNext(255)) - client-83AFC0B42279->fd4515e9-84f2-4741-b1f5-a9247145a2ac: receive RaftClientReply:client-83AFC0B42279->fd4515e9-84f2-4741-b1f5-a9247145a2ac@group-E2152A48AE85, cid=1491, SUCCESS, logIndex=2108, commits[fd4515e9-84f2-4741-b1f5-a9247145a2ac:c2109, 2e3e112c-ad01-4834-a07e-d6d8a7947632:c2107, dfee02f7-0d20-4e08-8ecd-ebe087394a07:c2107]
2019-07-08 20:09:29,730 INFO  client.GrpcClientProtocolClient (GrpcClientProtocolClient.java:onNext(255)) - client-83AFC0B42279->fd4515e9-84f2-4741-b1f5-a9247145a2ac: receive RaftClientReply:client-83AFC0B42279->fd4515e9-84f2-4741-b1f5-a9247145a2ac@group-E2152A48AE85, cid=1492, SUCCESS, logIndex=2109, commits[fd4515e9-84f2-4741-b1f5-a9247145a2ac:c2111, 2e3e112c-ad01-4834-a07e-d6d8a7947632:c2107, dfee02f7-0d20-4e08-8ecd-ebe087394a07:c2107]
2019-07-08 20:09:29,731 INFO  client.GrpcClientProtocolClient (GrpcClientProtocolClient.java:onNext(255)) - client-83AFC0B42279->fd4515e9-84f2-4741-b1f5-a9247145a2ac: receive RaftClientReply:client-83AFC0B42279->fd4515e9-84f2-4741-b1f5-a9247145a2ac@group-E2152A48AE85, cid=1493, SUCCESS, logIndex=2110, commits[fd4515e9-84f2-4741-b1f5-a9247145a2ac:c2111, 2e3e112c-ad01-4834-a07e-d6d8a7947632:c2107, dfee02f7-0d20-4e08-8ecd-ebe087394a07:c2107]
2019-07-08 20:09:29,731 INFO  client.GrpcClientProtocolClient (GrpcClientProtocolClient.java:onNext(255)) - client-83AFC0B42279->fd4515e9-84f2-4741-b1f5-a9247145a2ac: receive RaftClientReply:client-83AFC0B42279->fd4515e9-84f2-4741-b1f5-a9247145a2ac@group-E2152A48AE85, cid=1494, SUCCESS, logIndex=2111, commits[fd4515e9-84f2-4741-b1f5-a9247145a2ac:c2111, 2e3e112c-ad01-4834-a07e-d6d8a7947632:c2107, dfee02f7-0d20-4e08-8ecd-ebe087394a07:c2109]
2019-07-08 20:09:29,732 INFO  client.GrpcClientProtocolClient (GrpcClientProtocolClient.java:onNext(255)) - client-83AFC0B42279->fd4515e9-84f2-4741-b1f5-a9247145a2ac: receive RaftClientReply:client-83AFC0B42279->fd4515e9-84f2-4741-b1f5-a9247145a2ac@group-E2152A48AE85, cid=1495, SUCCESS, logIndex=0, commits[fd4515e9-84f2-4741-b1f5-a9247145a2ac:c2112, 2e3e112c-ad01-4834-a07e-d6d8a7947632:c2109, dfee02f7-0d20-4e08-8ecd-ebe087394a07:c2109]
2019-07-08 20:09:29,745 INFO  client.GrpcClientProtocolClient (GrpcClientProtocolClient.java:onNext(255)) - client-83AFC0B42279->fd4515e9-84f2-4741-b1f5-a9247145a2ac: receive RaftClientReply:client-83AFC0B42279->fd4515e9-84f2-4741-b1f5-a9247145a2ac@group-E2152A48AE85, cid=1496, SUCCESS, logIndex=2116, commits[fd4515e9-84f2-4741-b1f5-a9247145a2ac:c2117, 2e3e112c-ad01-4834-a07e-d6d8a7947632:c2111, dfee02f7-0d20-4e08-8ecd-ebe087394a07:c2112]
2019-07-08 20:09:29,746 INFO  client.GrpcClientProtocolClient (GrpcClientProtocolClient.java:onNext(255)) - client-83AFC0B42279->fd4515e9-84f2-4741-b1f5-a9247145a2ac: receive RaftClientReply:client-83AFC0B42279->fd4515e9-84f2-4741-b1f5-a9247145a2ac@group-E2152A48AE85, cid=1497, SUCCESS, logIndex=2117, commits[fd4515e9-84f2-4741-b1f5-a9247145a2ac:c2117, 2e3e112c-ad01-4834-a07e-d6d8a7947632:c2111, dfee02f7-0d20-4e08-8ecd-ebe087394a07:c2112]
2019-07-08 20:09:29,758 INFO  client.GrpcClientProtocolClient (GrpcClientProtocolClient.java:onNext(255)) - client-83AFC0B42279->fd4515e9-84f2-4741-b1f5-a9247145a2ac: receive RaftClientReply:client-83AFC0B42279->fd4515e9-84f2-4741-b1f5-a9247145a2ac@group-E2152A48AE85, cid=1498, SUCCESS, logIndex=2120, commits[fd4515e9-84f2-4741-b1f5-a9247145a2ac:c2120, 2e3e112c-ad01-4834-a07e-d6d8a7947632:c2117, dfee02f7-0d20-4e08-8ecd-ebe087394a07:c2116]
2019-07-08 20:09:29,758 INFO  client.GrpcClientProtocolClient (GrpcClientProtocolClient.java:onNext(255)) - client-83AFC0B42279->fd4515e9-84f2-4741-b1f5-a9247145a2ac: receive RaftClientReply:client-83AFC0B42279->fd4515e9-84f2-4741-b1f5-a9247145a2ac@group-E2152A48AE85, cid=1499, SUCCESS, logIndex=2121, commits[fd4515e9-84f2-4741-b1f5-a9247145a2ac:c2121, 2e3e112c-ad01-4834-a07e-d6d8a7947632:c2117, dfee02f7-0d20-4e08-8ecd-ebe087394a07:c2117]
2019-07-08 20:09:29,760 INFO  client.GrpcClientProtocolClient (GrpcClientProtocolClient.java:onNext(255)) - client-83AFC0B42279->fd4515e9-84f2-4741-b1f5-a9247145a2ac: receive RaftClientReply:client-83AFC0B42279->fd4515e9-84f2-4741-b1f5-a9247145a2ac@group-E2152A48AE85, cid=1500, SUCCESS, logIndex=0, commits[fd4515e9-84f2-4741-b1f5-a9247145a2ac:c2123, 2e3e112c-ad01-4834-a07e-d6d8a7947632:c2121, dfee02f7-0d20-4e08-8ecd-ebe087394a07:c2121]
2019-07-08 20:09:29,791 INFO  client.GrpcClientProtocolClient (GrpcClientProtocolClient.java:onNext(255)) - client-83AFC0B42279->fd4515e9-84f2-4741-b1f5-a9247145a2ac: receive RaftClientReply:client-83AFC0B42279->fd4515e9-84f2-4741-b1f5-a9247145a2ac@group-E2152A48AE85, cid=1501, SUCCESS, logIndex=2124, commits[fd4515e9-84f2-4741-b1f5-a9247145a2ac:c2126, 2e3e112c-ad01-4834-a07e-d6d8a7947632:c2123, dfee02f7-0d20-4e08-8ecd-ebe087394a07:c2123]
2019-07-08 20:09:29,792 INFO  client.GrpcClientProtocolClient (GrpcClientProtocolClient.java:onNext(255)) - client-83AFC0B42279->fd4515e9-84f2-4741-b1f5-a9247145a2ac: receive RaftClientReply:client-83AFC0B42279->fd4515e9-84f2-4741-b1f5-a9247145a2ac@group-E2152A48AE85, cid=1502, SUCCESS, logIndex=2125, commits[fd4515e9-84f2-4741-b1f5-a9247145a2ac:c2127, 2e3e112c-ad01-4834-a07e-d6d8a7947632:c2123, dfee02f7-0d20-4e08-8ecd-ebe087394a07:c2123]
2019-07-08 20:09:29,792 INFO  client.GrpcClientProtocolClient (GrpcClientProtocolClient.java:onNext(255)) - client-83AFC0B42279->fd4515e9-84f2-4741-b1f5-a9247145a2ac: receive RaftClientReply:client-83AFC0B42279->fd4515e9-84f2-4741-b1f5-a9247145a2ac@group-E2152A48AE85, cid=1503, SUCCESS, logIndex=2126, commits[fd4515e9-84f2-4741-b1f5-a9247145a2ac:c2127, 2e3e112c-ad01-4834-a07e-d6d8a7947632:c2123, dfee02f7-0d20-4e08-8ecd-ebe087394a07:c2123]
2019-07-08 20:09:29,793 INFO  client.GrpcClientProtocolClient (GrpcClientProtocolClient.java:onNext(255)) - client-83AFC0B42279->fd4515e9-84f2-4741-b1f5-a9247145a2ac: receive RaftClientReply:client-83AFC0B42279->fd4515e9-84f2-4741-b1f5-a9247145a2ac@group-E2152A48AE85, cid=1504, SUCCESS, logIndex=2127, commits[fd4515e9-84f2-4741-b1f5-a9247145a2ac:c2127, 2e3e112c-ad01-4834-a07e-d6d8a7947632:c2123, dfee02f7-0d20-4e08-8ecd-ebe087394a07:c2123]
2019-07-08 20:09:29,805 INFO  client.GrpcClientProtocolClient (GrpcClientProtocolClient.java:onNext(255)) - client-83AFC0B42279->fd4515e9-84f2-4741-b1f5-a9247145a2ac: receive RaftClientReply:client-83AFC0B42279->fd4515e9-84f2-4741-b1f5-a9247145a2ac@group-E2152A48AE85, cid=1505, SUCCESS, logIndex=0, commits[fd4515e9-84f2-4741-b1f5-a9247145a2ac:c2130, 2e3e112c-ad01-4834-a07e-d6d8a7947632:c2127, dfee02f7-0d20-4e08-8ecd-ebe087394a07:c2125]
2019-07-08 20:09:29,825 INFO  client.GrpcClientProtocolClient (GrpcClientProtocolClient.java:onNext(255)) - client-83AFC0B42279->fd4515e9-84f2-4741-b1f5-a9247145a2ac: receive RaftClientReply:client-83AFC0B42279->fd4515e9-84f2-4741-b1f5-a9247145a2ac@group-E2152A48AE85, cid=1506, SUCCESS, logIndex=2132, commits[fd4515e9-84f2-4741-b1f5-a9247145a2ac:c2133, 2e3e112c-ad01-4834-a07e-d6d8a7947632:c2131, dfee02f7-0d20-4e08-8ecd-ebe087394a07:c2131]
2019-07-08 20:09:29,826 INFO  client.GrpcClientProtocolClient (GrpcClientProtocolClient.java:onNext(255)) - client-83AFC0B42279->fd4515e9-84f2-4741-b1f5-a9247145a2ac: receive RaftClientReply:client-83AFC0B42279->fd4515e9-84f2-4741-b1f5-a9247145a2ac@group-E2152A48AE85, cid=1507, SUCCESS, logIndex=2133, commits[fd4515e9-84f2-4741-b1f5-a9247145a2ac:c2133, 2e3e112c-ad01-4834-a07e-d6d8a7947632:c2131, dfee02f7-0d20-4e08-8ecd-ebe087394a07:c2131]
2019-07-08 20:09:29,840 INFO  client.GrpcClientProtocolClient (GrpcClientProtocolClient.java:onNext(255)) - client-83AFC0B42279->fd4515e9-84f2-4741-b1f5-a9247145a2ac: receive RaftClientReply:client-83AFC0B42279->fd4515e9-84f2-4741-b1f5-a9247145a2ac@group-E2152A48AE85, cid=1508, SUCCESS, logIndex=2136, commits[fd4515e9-84f2-4741-b1f5-a9247145a2ac:c2137, 2e3e112c-ad01-4834-a07e-d6d8a7947632:c2133, dfee02f7-0d20-4e08-8ecd-ebe087394a07:c2133]
2019-07-08 20:09:29,841 INFO  client.GrpcClientProtocolClient (GrpcClientProtocolClient.java:onNext(255)) - client-83AFC0B42279->fd4515e9-84f2-4741-b1f5-a9247145a2ac: receive RaftClientReply:client-83AFC0B42279->fd4515e9-84f2-4741-b1f5-a9247145a2ac@group-E2152A48AE85, cid=1509, SUCCESS, logIndex=2137, commits[fd4515e9-84f2-4741-b1f5-a9247145a2ac:c2137, 2e3e112c-ad01-4834-a07e-d6d8a7947632:c2133, dfee02f7-0d20-4e08-8ecd-ebe087394a07:c2133]
2019-07-08 20:09:29,852 INFO  client.GrpcClientProtocolClient (GrpcClientProtocolClient.java:onNext(255)) - client-83AFC0B42279->fd4515e9-84f2-4741-b1f5-a9247145a2ac: receive RaftClientReply:client-83AFC0B42279->fd4515e9-84f2-4741-b1f5-a9247145a2ac@group-E2152A48AE85, cid=1510, SUCCESS, logIndex=0, commits[fd4515e9-84f2-4741-b1f5-a9247145a2ac:c2138, 2e3e112c-ad01-4834-a07e-d6d8a7947632:c2137, dfee02f7-0d20-4e08-8ecd-ebe087394a07:c2137]
2019-07-08 20:09:29,885 INFO  client.GrpcClientProtocolClient (GrpcClientProtocolClient.java:onNext(255)) - client-83AFC0B42279->fd4515e9-84f2-4741-b1f5-a9247145a2ac: receive RaftClientReply:client-83AFC0B42279->fd4515e9-84f2-4741-b1f5-a9247145a2ac@group-E2152A48AE85, cid=1511, SUCCESS, logIndex=2140, commits[fd4515e9-84f2-4741-b1f5-a9247145a2ac:c2142, 2e3e112c-ad01-4834-a07e-d6d8a7947632:c2139, dfee02f7-0d20-4e08-8ecd-ebe087394a07:c2139]
2019-07-08 20:09:29,885 INFO  client.GrpcClientProtocolClient (GrpcClientProtocolClient.java:onNext(255)) - client-83AFC0B42279->fd4515e9-84f2-4741-b1f5-a9247145a2ac: receive RaftClientReply:client-83AFC0B42279->fd4515e9-84f2-4741-b1f5-a9247145a2ac@group-E2152A48AE85, cid=1512, SUCCESS, logIndex=2141, commits[fd4515e9-84f2-4741-b1f5-a9247145a2ac:c2143, 2e3e112c-ad01-4834-a07e-d6d8a7947632:c2139, dfee02f7-0d20-4e08-8ecd-ebe087394a07:c2139]
2019-07-08 20:09:29,886 INFO  client.GrpcClientProtocolClient (GrpcClientProtocolClient.java:onNext(255)) - client-83AFC0B42279->fd4515e9-84f2-4741-b1f5-a9247145a2ac: receive RaftClientReply:client-83AFC0B42279->fd4515e9-84f2-4741-b1f5-a9247145a2ac@group-E2152A48AE85, cid=1513, SUCCESS, logIndex=2142, commits[fd4515e9-84f2-4741-b1f5-a9247145a2ac:c2143, 2e3e112c-ad01-4834-a07e-d6d8a7947632:c2139, dfee02f7-0d20-4e08-8ecd-ebe087394a07:c2139]
2019-07-08 20:09:29,886 INFO  client.GrpcClientProtocolClient (GrpcClientProtocolClient.java:onNext(255)) - client-83AFC0B42279->fd4515e9-84f2-4741-b1f5-a9247145a2ac: receive RaftClientReply:client-83AFC0B42279->fd4515e9-84f2-4741-b1f5-a9247145a2ac@group-E2152A48AE85, cid=1514, SUCCESS, logIndex=2143, commits[fd4515e9-84f2-4741-b1f5-a9247145a2ac:c2143, 2e3e112c-ad01-4834-a07e-d6d8a7947632:c2139, dfee02f7-0d20-4e08-8ecd-ebe087394a07:c2139]
2019-07-08 20:09:29,899 INFO  client.GrpcClientProtocolClient (GrpcClientProtocolClient.java:onNext(255)) - client-83AFC0B42279->fd4515e9-84f2-4741-b1f5-a9247145a2ac: receive RaftClientReply:client-83AFC0B42279->fd4515e9-84f2-4741-b1f5-a9247145a2ac@group-E2152A48AE85, cid=1515, SUCCESS, logIndex=0, commits[fd4515e9-84f2-4741-b1f5-a9247145a2ac:c2146, 2e3e112c-ad01-4834-a07e-d6d8a7947632:c2142, dfee02f7-0d20-4e08-8ecd-ebe087394a07:c2141]
2019-07-08 20:09:29,924 INFO  client.GrpcClientProtocolClient (GrpcClientProtocolClient.java:onNext(255)) - client-83AFC0B42279->fd4515e9-84f2-4741-b1f5-a9247145a2ac: receive RaftClientReply:client-83AFC0B42279->fd4515e9-84f2-4741-b1f5-a9247145a2ac@group-E2152A48AE85, cid=1516, SUCCESS, logIndex=2148, commits[fd4515e9-84f2-4741-b1f5-a9247145a2ac:c2149, 2e3e112c-ad01-4834-a07e-d6d8a7947632:c2147, dfee02f7-0d20-4e08-8ecd-ebe087394a07:c2147]
2019-07-08 20:09:29,925 INFO  client.GrpcClientProtocolClient (GrpcClientProtocolClient.java:onNext(255)) - client-83AFC0B42279->fd4515e9-84f2-4741-b1f5-a9247145a2ac: receive RaftClientReply:client-83AFC0B42279->fd4515e9-84f2-4741-b1f5-a9247145a2ac@group-E2152A48AE85, cid=1517, SUCCESS, logIndex=2149, commits[fd4515e9-84f2-4741-b1f5-a9247145a2ac:c2149, 2e3e112c-ad01-4834-a07e-d6d8a7947632:c2147, dfee02f7-0d20-4e08-8ecd-ebe087394a07:c2147]
2019-07-08 20:09:29,938 INFO  client.GrpcClientProtocolClient (GrpcClientProtocolClient.java:onNext(255)) - client-83AFC0B42279->fd4515e9-84f2-4741-b1f5-a9247145a2ac: receive RaftClientReply:client-83AFC0B42279->fd4515e9-84f2-4741-b1f5-a9247145a2ac@group-E2152A48AE85, cid=1518, SUCCESS, logIndex=2152, commits[fd4515e9-84f2-4741-b1f5-a9247145a2ac:c2153, 2e3e112c-ad01-4834-a07e-d6d8a7947632:c2149, dfee02f7-0d20-4e08-8ecd-ebe087394a07:c2149]
2019-07-08 20:09:29,938 INFO  client.GrpcClientProtocolClient (GrpcClientProtocolClient.java:onNext(255)) - client-83AFC0B42279->fd4515e9-84f2-4741-b1f5-a9247145a2ac: receive RaftClientReply:client-83AFC0B42279->fd4515e9-84f2-4741-b1f5-a9247145a2ac@group-E2152A48AE85, cid=1519, SUCCESS, logIndex=2153, commits[fd4515e9-84f2-4741-b1f5-a9247145a2ac:c2153, 2e3e112c-ad01-4834-a07e-d6d8a7947632:c2149, dfee02f7-0d20-4e08-8ecd-ebe087394a07:c2149]
2019-07-08 20:09:29,950 INFO  client.GrpcClientProtocolClient (GrpcClientProtocolClient.java:onNext(255)) - client-83AFC0B42279->fd4515e9-84f2-4741-b1f5-a9247145a2ac: receive RaftClientReply:client-83AFC0B42279->fd4515e9-84f2-4741-b1f5-a9247145a2ac@group-E2152A48AE85, cid=1520, SUCCESS, logIndex=0, commits[fd4515e9-84f2-4741-b1f5-a9247145a2ac:c2155, 2e3e112c-ad01-4834-a07e-d6d8a7947632:c2153, dfee02f7-0d20-4e08-8ecd-ebe087394a07:c2153]
2019-07-08 20:09:29,977 INFO  client.GrpcClientProtocolClient (GrpcClientProtocolClient.java:onNext(255)) - client-83AFC0B42279->fd4515e9-84f2-4741-b1f5-a9247145a2ac: receive RaftClientReply:client-83AFC0B42279->fd4515e9-84f2-4741-b1f5-a9247145a2ac@group-E2152A48AE85, cid=1521, SUCCESS, logIndex=2156, commits[fd4515e9-84f2-4741-b1f5-a9247145a2ac:c2157, 2e3e112c-ad01-4834-a07e-d6d8a7947632:c2155, dfee02f7-0d20-4e08-8ecd-ebe087394a07:c2155]
2019-07-08 20:09:29,977 INFO  client.GrpcClientProtocolClient (GrpcClientProtocolClient.java:onNext(255)) - client-83AFC0B42279->fd4515e9-84f2-4741-b1f5-a9247145a2ac: receive RaftClientReply:client-83AFC0B42279->fd4515e9-84f2-4741-b1f5-a9247145a2ac@group-E2152A48AE85, cid=1522, SUCCESS, logIndex=2157, commits[fd4515e9-84f2-4741-b1f5-a9247145a2ac:c2157, 2e3e112c-ad01-4834-a07e-d6d8a7947632:c2155, dfee02f7-0d20-4e08-8ecd-ebe087394a07:c2155]
2019-07-08 20:09:29,978 INFO  client.GrpcClientProtocolClient (GrpcClientProtocolClient.java:onNext(255)) - client-83AFC0B42279->fd4515e9-84f2-4741-b1f5-a9247145a2ac: receive RaftClientReply:client-83AFC0B42279->fd4515e9-84f2-4741-b1f5-a9247145a2ac@group-E2152A48AE85, cid=1523, SUCCESS, logIndex=2158, commits[fd4515e9-84f2-4741-b1f5-a9247145a2ac:c2159, 2e3e112c-ad01-4834-a07e-d6d8a7947632:c2155, dfee02f7-0d20-4e08-8ecd-ebe087394a07:c2155]
2019-07-08 20:09:29,979 INFO  client.GrpcClientProtocolClient (GrpcClientProtocolClient.java:onNext(255)) - client-83AFC0B42279->fd4515e9-84f2-4741-b1f5-a9247145a2ac: receive RaftClientReply:client-83AFC0B42279->fd4515e9-84f2-4741-b1f5-a9247145a2ac@group-E2152A48AE85, cid=1524, SUCCESS, logIndex=2159, commits[fd4515e9-84f2-4741-b1f5-a9247145a2ac:c2159, 2e3e112c-ad01-4834-a07e-d6d8a7947632:c2155, dfee02f7-0d20-4e08-8ecd-ebe087394a07:c2155]
2019-07-08 20:09:29,980 INFO  client.GrpcClientProtocolClient (GrpcClientProtocolClient.java:onNext(255)) - client-83AFC0B42279->fd4515e9-84f2-4741-b1f5-a9247145a2ac: receive RaftClientReply:client-83AFC0B42279->fd4515e9-84f2-4741-b1f5-a9247145a2ac@group-E2152A48AE85, cid=1525, SUCCESS, logIndex=0, commits[fd4515e9-84f2-4741-b1f5-a9247145a2ac:c2160, 2e3e112c-ad01-4834-a07e-d6d8a7947632:c2157, dfee02f7-0d20-4e08-8ecd-ebe087394a07:c2157]
2019-07-08 20:09:29,999 INFO  client.GrpcClientProtocolClient (GrpcClientProtocolClient.java:onNext(255)) - client-83AFC0B42279->fd4515e9-84f2-4741-b1f5-a9247145a2ac: receive RaftClientReply:client-83AFC0B42279->fd4515e9-84f2-4741-b1f5-a9247145a2ac@group-E2152A48AE85, cid=1526, SUCCESS, logIndex=2164, commits[fd4515e9-84f2-4741-b1f5-a9247145a2ac:c2165, 2e3e112c-ad01-4834-a07e-d6d8a7947632:c2163, dfee02f7-0d20-4e08-8ecd-ebe087394a07:c2163]
2019-07-08 20:09:29,999 INFO  client.GrpcClientProtocolClient (GrpcClientProtocolClient.java:onNext(255)) - client-83AFC0B42279->fd4515e9-84f2-4741-b1f5-a9247145a2ac: receive RaftClientReply:client-83AFC0B42279->fd4515e9-84f2-4741-b1f5-a9247145a2ac@group-E2152A48AE85, cid=1527, SUCCESS, logIndex=2165, commits[fd4515e9-84f2-4741-b1f5-a9247145a2ac:c2165, 2e3e112c-ad01-4834-a07e-d6d8a7947632:c2163, dfee02f7-0d20-4e08-8ecd-ebe087394a07:c2163]
2019-07-08 20:09:30,014 INFO  client.GrpcClientProtocolClient (GrpcClientProtocolClient.java:onNext(255)) - client-83AFC0B42279->fd4515e9-84f2-4741-b1f5-a9247145a2ac: receive RaftClientReply:client-83AFC0B42279->fd4515e9-84f2-4741-b1f5-a9247145a2ac@group-E2152A48AE85, cid=1528, SUCCESS, logIndex=2168, commits[fd4515e9-84f2-4741-b1f5-a9247145a2ac:c2169, 2e3e112c-ad01-4834-a07e-d6d8a7947632:c2165, dfee02f7-0d20-4e08-8ecd-ebe087394a07:c2165]
2019-07-08 20:09:30,014 INFO  client.GrpcClientProtocolClient (GrpcClientProtocolClient.java:onNext(255)) - client-83AFC0B42279->fd4515e9-84f2-4741-b1f5-a9247145a2ac: receive RaftClientReply:client-83AFC0B42279->fd4515e9-84f2-4741-b1f5-a9247145a2ac@group-E2152A48AE85, cid=1529, SUCCESS, logIndex=2169, commits[fd4515e9-84f2-4741-b1f5-a9247145a2ac:c2169, 2e3e112c-ad01-4834-a07e-d6d8a7947632:c2165, dfee02f7-0d20-4e08-8ecd-ebe087394a07:c2165]
2019-07-08 20:09:30,029 INFO  client.GrpcClientProtocolClient (GrpcClientProtocolClient.java:onNext(255)) - client-83AFC0B42279->fd4515e9-84f2-4741-b1f5-a9247145a2ac: receive RaftClientReply:client-83AFC0B42279->fd4515e9-84f2-4741-b1f5-a9247145a2ac@group-E2152A48AE85, cid=1530, SUCCESS, logIndex=0, commits[fd4515e9-84f2-4741-b1f5-a9247145a2ac:c2171, 2e3e112c-ad01-4834-a07e-d6d8a7947632:c2169, dfee02f7-0d20-4e08-8ecd-ebe087394a07:c2169]
2019-07-08 20:09:30,053 INFO  client.GrpcClientProtocolClient (GrpcClientProtocolClient.java:onNext(255)) - client-83AFC0B42279->fd4515e9-84f2-4741-b1f5-a9247145a2ac: receive RaftClientReply:client-83AFC0B42279->fd4515e9-84f2-4741-b1f5-a9247145a2ac@group-E2152A48AE85, cid=1531, SUCCESS, logIndex=2172, commits[fd4515e9-84f2-4741-b1f5-a9247145a2ac:c2173, 2e3e112c-ad01-4834-a07e-d6d8a7947632:c2171, dfee02f7-0d20-4e08-8ecd-ebe087394a07:c2171]
2019-07-08 20:09:30,054 INFO  client.GrpcClientProtocolClient (GrpcClientProtocolClient.java:onNext(255)) - client-83AFC0B42279->fd4515e9-84f2-4741-b1f5-a9247145a2ac: receive RaftClientReply:client-83AFC0B42279->fd4515e9-84f2-4741-b1f5-a9247145a2ac@group-E2152A48AE85, cid=1532, SUCCESS, logIndex=2173, commits[fd4515e9-84f2-4741-b1f5-a9247145a2ac:c2175, 2e3e112c-ad01-4834-a07e-d6d8a7947632:c2171, dfee02f7-0d20-4e08-8ecd-ebe087394a07:c2171]
2019-07-08 20:09:30,054 INFO  client.GrpcClientProtocolClient (GrpcClientProtocolClient.java:onNext(255)) - client-83AFC0B42279->fd4515e9-84f2-4741-b1f5-a9247145a2ac: receive RaftClientReply:client-83AFC0B42279->fd4515e9-84f2-4741-b1f5-a9247145a2ac@group-E2152A48AE85, cid=1533, SUCCESS, logIndex=2174, commits[fd4515e9-84f2-4741-b1f5-a9247145a2ac:c2175, 2e3e112c-ad01-4834-a07e-d6d8a7947632:c2171, dfee02f7-0d20-4e08-8ecd-ebe087394a07:c2171]
2019-07-08 20:09:30,054 INFO  client.GrpcClientProtocolClient (GrpcClientProtocolClient.java:onNext(255)) - client-83AFC0B42279->fd4515e9-84f2-4741-b1f5-a9247145a2ac: receive RaftClientReply:client-83AFC0B42279->fd4515e9-84f2-4741-b1f5-a9247145a2ac@group-E2152A48AE85, cid=1534, SUCCESS, logIndex=2175, commits[fd4515e9-84f2-4741-b1f5-a9247145a2ac:c2175, 2e3e112c-ad01-4834-a07e-d6d8a7947632:c2171, dfee02f7-0d20-4e08-8ecd-ebe087394a07:c2171]
2019-07-08 20:09:30,068 INFO  client.GrpcClientProtocolClient (GrpcClientProtocolClient.java:onNext(255)) - client-83AFC0B42279->fd4515e9-84f2-4741-b1f5-a9247145a2ac: receive RaftClientReply:client-83AFC0B42279->fd4515e9-84f2-4741-b1f5-a9247145a2ac@group-E2152A48AE85, cid=1535, SUCCESS, logIndex=0, commits[fd4515e9-84f2-4741-b1f5-a9247145a2ac:c2177, 2e3e112c-ad01-4834-a07e-d6d8a7947632:c2173, dfee02f7-0d20-4e08-8ecd-ebe087394a07:c2173]
2019-07-08 20:09:30,086 INFO  client.GrpcClientProtocolClient (GrpcClientProtocolClient.java:onNext(255)) - client-83AFC0B42279->fd4515e9-84f2-4741-b1f5-a9247145a2ac: receive RaftClientReply:client-83AFC0B42279->fd4515e9-84f2-4741-b1f5-a9247145a2ac@group-E2152A48AE85, cid=1536, SUCCESS, logIndex=2180, commits[fd4515e9-84f2-4741-b1f5-a9247145a2ac:c2180, 2e3e112c-ad01-4834-a07e-d6d8a7947632:c2179, dfee02f7-0d20-4e08-8ecd-ebe087394a07:c2179]
2019-07-08 20:09:30,087 INFO  client.GrpcClientProtocolClient (GrpcClientProtocolClient.java:onNext(255)) - client-83AFC0B42279->fd4515e9-84f2-4741-b1f5-a9247145a2ac: receive RaftClientReply:client-83AFC0B42279->fd4515e9-84f2-4741-b1f5-a9247145a2ac@group-E2152A48AE85, cid=1537, SUCCESS, logIndex=2181, commits[fd4515e9-84f2-4741-b1f5-a9247145a2ac:c2181, 2e3e112c-ad01-4834-a07e-d6d8a7947632:c2179, dfee02f7-0d20-4e08-8ecd-ebe087394a07:c2179]
2019-07-08 20:09:30,101 INFO  client.GrpcClientProtocolClient (GrpcClientProtocolClient.java:onNext(255)) - client-83AFC0B42279->fd4515e9-84f2-4741-b1f5-a9247145a2ac: receive RaftClientReply:client-83AFC0B42279->fd4515e9-84f2-4741-b1f5-a9247145a2ac@group-E2152A48AE85, cid=1538, SUCCESS, logIndex=2184, commits[fd4515e9-84f2-4741-b1f5-a9247145a2ac:c2184, 2e3e112c-ad01-4834-a07e-d6d8a7947632:c2181, dfee02f7-0d20-4e08-8ecd-ebe087394a07:c2181]
2019-07-08 20:09:30,101 INFO  client.GrpcClientProtocolClient (GrpcClientProtocolClient.java:onNext(255)) - client-83AFC0B42279->fd4515e9-84f2-4741-b1f5-a9247145a2ac: receive RaftClientReply:client-83AFC0B42279->fd4515e9-84f2-4741-b1f5-a9247145a2ac@group-E2152A48AE85, cid=1539, SUCCESS, logIndex=2185, commits[fd4515e9-84f2-4741-b1f5-a9247145a2ac:c2185, 2e3e112c-ad01-4834-a07e-d6d8a7947632:c2181, dfee02f7-0d20-4e08-8ecd-ebe087394a07:c2181]
 0.00% |█                                                                                                    |  0/1 Time: 0:00:092019-07-08 20:09:30,116 INFO  client.GrpcClientProtocolClient (GrpcClientProtocolClient.java:onNext(255)) - client-83AFC0B42279->fd4515e9-84f2-4741-b1f5-a9247145a2ac: receive RaftClientReply:client-83AFC0B42279->fd4515e9-84f2-4741-b1f5-a9247145a2ac@group-E2152A48AE85, cid=1540, SUCCESS, logIndex=0, commits[fd4515e9-84f2-4741-b1f5-a9247145a2ac:c2187, 2e3e112c-ad01-4834-a07e-d6d8a7947632:c2185, dfee02f7-0d20-4e08-8ecd-ebe087394a07:c2185]
2019-07-08 20:09:30,142 INFO  client.GrpcClientProtocolClient (GrpcClientProtocolClient.java:onNext(255)) - client-83AFC0B42279->fd4515e9-84f2-4741-b1f5-a9247145a2ac: receive RaftClientReply:client-83AFC0B42279->fd4515e9-84f2-4741-b1f5-a9247145a2ac@group-E2152A48AE85, cid=1541, SUCCESS, logIndex=2188, commits[fd4515e9-84f2-4741-b1f5-a9247145a2ac:c2189, 2e3e112c-ad01-4834-a07e-d6d8a7947632:c2187, dfee02f7-0d20-4e08-8ecd-ebe087394a07:c2187]
2019-07-08 20:09:30,143 INFO  client.GrpcClientProtocolClient (GrpcClientProtocolClient.java:onNext(255)) - client-83AFC0B42279->fd4515e9-84f2-4741-b1f5-a9247145a2ac: receive RaftClientReply:client-83AFC0B42279->fd4515e9-84f2-4741-b1f5-a9247145a2ac@group-E2152A48AE85, cid=1542, SUCCESS, logIndex=2189, commits[fd4515e9-84f2-4741-b1f5-a9247145a2ac:c2189, 2e3e112c-ad01-4834-a07e-d6d8a7947632:c2187, dfee02f7-0d20-4e08-8ecd-ebe087394a07:c2187]
2019-07-08 20:09:30,143 INFO  client.GrpcClientProtocolClient (GrpcClientProtocolClient.java:onNext(255)) - client-83AFC0B42279->fd4515e9-84f2-4741-b1f5-a9247145a2ac: receive RaftClientReply:client-83AFC0B42279->fd4515e9-84f2-4741-b1f5-a9247145a2ac@group-E2152A48AE85, cid=1543, SUCCESS, logIndex=2190, commits[fd4515e9-84f2-4741-b1f5-a9247145a2ac:c2190, 2e3e112c-ad01-4834-a07e-d6d8a7947632:c2187, dfee02f7-0d20-4e08-8ecd-ebe087394a07:c2187]
2019-07-08 20:09:30,143 INFO  client.GrpcClientProtocolClient (GrpcClientProtocolClient.java:onNext(255)) - client-83AFC0B42279->fd4515e9-84f2-4741-b1f5-a9247145a2ac: receive RaftClientReply:client-83AFC0B42279->fd4515e9-84f2-4741-b1f5-a9247145a2ac@group-E2152A48AE85, cid=1544, SUCCESS, logIndex=2191, commits[fd4515e9-84f2-4741-b1f5-a9247145a2ac:c2191, 2e3e112c-ad01-4834-a07e-d6d8a7947632:c2187, dfee02f7-0d20-4e08-8ecd-ebe087394a07:c2187]
2019-07-08 20:09:30,157 INFO  client.GrpcClientProtocolClient (GrpcClientProtocolClient.java:onNext(255)) - client-83AFC0B42279->fd4515e9-84f2-4741-b1f5-a9247145a2ac: receive RaftClientReply:client-83AFC0B42279->fd4515e9-84f2-4741-b1f5-a9247145a2ac@group-E2152A48AE85, cid=1545, SUCCESS, logIndex=0, commits[fd4515e9-84f2-4741-b1f5-a9247145a2ac:c2193, 2e3e112c-ad01-4834-a07e-d6d8a7947632:c2189, dfee02f7-0d20-4e08-8ecd-ebe087394a07:c2189]
2019-07-08 20:09:30,186 INFO  client.GrpcClientProtocolClient (GrpcClientProtocolClient.java:onNext(255)) - client-83AFC0B42279->fd4515e9-84f2-4741-b1f5-a9247145a2ac: receive RaftClientReply:client-83AFC0B42279->fd4515e9-84f2-4741-b1f5-a9247145a2ac@group-E2152A48AE85, cid=1546, SUCCESS, logIndex=2196, commits[fd4515e9-84f2-4741-b1f5-a9247145a2ac:c2197, 2e3e112c-ad01-4834-a07e-d6d8a7947632:c2195, dfee02f7-0d20-4e08-8ecd-ebe087394a07:c2195]
2019-07-08 20:09:30,186 INFO  client.GrpcClientProtocolClient (GrpcClientProtocolClient.java:onNext(255)) - client-83AFC0B42279->fd4515e9-84f2-4741-b1f5-a9247145a2ac: receive RaftClientReply:client-83AFC0B42279->fd4515e9-84f2-4741-b1f5-a9247145a2ac@group-E2152A48AE85, cid=1547, SUCCESS, logIndex=2197, commits[fd4515e9-84f2-4741-b1f5-a9247145a2ac:c2197, 2e3e112c-ad01-4834-a07e-d6d8a7947632:c2195, dfee02f7-0d20-4e08-8ecd-ebe087394a07:c2195]
2019-07-08 20:09:30,199 INFO  client.GrpcClientProtocolClient (GrpcClientProtocolClient.java:onNext(255)) - client-83AFC0B42279->fd4515e9-84f2-4741-b1f5-a9247145a2ac: receive RaftClientReply:client-83AFC0B42279->fd4515e9-84f2-4741-b1f5-a9247145a2ac@group-E2152A48AE85, cid=1548, SUCCESS, logIndex=2200, commits[fd4515e9-84f2-4741-b1f5-a9247145a2ac:c2201, 2e3e112c-ad01-4834-a07e-d6d8a7947632:c2197, dfee02f7-0d20-4e08-8ecd-ebe087394a07:c2197]
2019-07-08 20:09:30,199 INFO  client.GrpcClientProtocolClient (GrpcClientProtocolClient.java:onNext(255)) - client-83AFC0B42279->fd4515e9-84f2-4741-b1f5-a9247145a2ac: receive RaftClientReply:client-83AFC0B42279->fd4515e9-84f2-4741-b1f5-a9247145a2ac@group-E2152A48AE85, cid=1549, SUCCESS, logIndex=2201, commits[fd4515e9-84f2-4741-b1f5-a9247145a2ac:c2201, 2e3e112c-ad01-4834-a07e-d6d8a7947632:c2197, dfee02f7-0d20-4e08-8ecd-ebe087394a07:c2197]
2019-07-08 20:09:30,218 INFO  client.GrpcClientProtocolClient (GrpcClientProtocolClient.java:onNext(255)) - client-83AFC0B42279->fd4515e9-84f2-4741-b1f5-a9247145a2ac: receive RaftClientReply:client-83AFC0B42279->fd4515e9-84f2-4741-b1f5-a9247145a2ac@group-E2152A48AE85, cid=1550, SUCCESS, logIndex=0, commits[fd4515e9-84f2-4741-b1f5-a9247145a2ac:c2203, 2e3e112c-ad01-4834-a07e-d6d8a7947632:c2201, dfee02f7-0d20-4e08-8ecd-ebe087394a07:c2201]
2019-07-08 20:09:30,340 INFO  client.GrpcClientProtocolClient (GrpcClientProtocolClient.java:onNext(255)) - client-83AFC0B42279->fd4515e9-84f2-4741-b1f5-a9247145a2ac: receive RaftClientReply:client-83AFC0B42279->fd4515e9-84f2-4741-b1f5-a9247145a2ac@group-E2152A48AE85, cid=1551, SUCCESS, logIndex=2204, commits[fd4515e9-84f2-4741-b1f5-a9247145a2ac:c2205, 2e3e112c-ad01-4834-a07e-d6d8a7947632:c2203, dfee02f7-0d20-4e08-8ecd-ebe087394a07:c2203]
2019-07-08 20:09:30,340 INFO  client.GrpcClientProtocolClient (GrpcClientProtocolClient.java:onNext(255)) - client-83AFC0B42279->fd4515e9-84f2-4741-b1f5-a9247145a2ac: receive RaftClientReply:client-83AFC0B42279->fd4515e9-84f2-4741-b1f5-a9247145a2ac@group-E2152A48AE85, cid=1552, SUCCESS, logIndex=2205, commits[fd4515e9-84f2-4741-b1f5-a9247145a2ac:c2207, 2e3e112c-ad01-4834-a07e-d6d8a7947632:c2203, dfee02f7-0d20-4e08-8ecd-ebe087394a07:c2203]
2019-07-08 20:09:30,341 INFO  client.GrpcClientProtocolClient (GrpcClientProtocolClient.java:onNext(255)) - client-83AFC0B42279->fd4515e9-84f2-4741-b1f5-a9247145a2ac: receive RaftClientReply:client-83AFC0B42279->fd4515e9-84f2-4741-b1f5-a9247145a2ac@group-E2152A48AE85, cid=1553, SUCCESS, logIndex=2206, commits[fd4515e9-84f2-4741-b1f5-a9247145a2ac:c2207, 2e3e112c-ad01-4834-a07e-d6d8a7947632:c2203, dfee02f7-0d20-4e08-8ecd-ebe087394a07:c2203]
2019-07-08 20:09:30,341 INFO  client.GrpcClientProtocolClient (GrpcClientProtocolClient.java:onNext(255)) - client-83AFC0B42279->fd4515e9-84f2-4741-b1f5-a9247145a2ac: receive RaftClientReply:client-83AFC0B42279->fd4515e9-84f2-4741-b1f5-a9247145a2ac@group-E2152A48AE85, cid=1554, SUCCESS, logIndex=2207, commits[fd4515e9-84f2-4741-b1f5-a9247145a2ac:c2207, 2e3e112c-ad01-4834-a07e-d6d8a7947632:c2203, dfee02f7-0d20-4e08-8ecd-ebe087394a07:c2203]
2019-07-08 20:09:30,346 INFO  client.GrpcClientProtocolClient (GrpcClientProtocolClient.java:onNext(255)) - client-83AFC0B42279->fd4515e9-84f2-4741-b1f5-a9247145a2ac: receive RaftClientReply:client-83AFC0B42279->fd4515e9-84f2-4741-b1f5-a9247145a2ac@group-E2152A48AE85, cid=1555, SUCCESS, logIndex=0, commits[fd4515e9-84f2-4741-b1f5-a9247145a2ac:c2211, 2e3e112c-ad01-4834-a07e-d6d8a7947632:c2207, dfee02f7-0d20-4e08-8ecd-ebe087394a07:c2205]
2019-07-08 20:09:30,367 INFO  client.GrpcClientProtocolClient (GrpcClientProtocolClient.java:onNext(255)) - client-83AFC0B42279->fd4515e9-84f2-4741-b1f5-a9247145a2ac: receive RaftClientReply:client-83AFC0B42279->fd4515e9-84f2-4741-b1f5-a9247145a2ac@group-E2152A48AE85, cid=1556, SUCCESS, logIndex=2212, commits[fd4515e9-84f2-4741-b1f5-a9247145a2ac:c2213, 2e3e112c-ad01-4834-a07e-d6d8a7947632:c2211, dfee02f7-0d20-4e08-8ecd-ebe087394a07:c2211]
2019-07-08 20:09:30,368 INFO  client.GrpcClientProtocolClient (GrpcClientProtocolClient.java:onNext(255)) - client-83AFC0B42279->fd4515e9-84f2-4741-b1f5-a9247145a2ac: receive RaftClientReply:client-83AFC0B42279->fd4515e9-84f2-4741-b1f5-a9247145a2ac@group-E2152A48AE85, cid=1557, SUCCESS, logIndex=2213, commits[fd4515e9-84f2-4741-b1f5-a9247145a2ac:c2213, 2e3e112c-ad01-4834-a07e-d6d8a7947632:c2211, dfee02f7-0d20-4e08-8ecd-ebe087394a07:c2211]
2019-07-08 20:09:30,383 INFO  client.GrpcClientProtocolClient (GrpcClientProtocolClient.java:onNext(255)) - client-83AFC0B42279->fd4515e9-84f2-4741-b1f5-a9247145a2ac: receive RaftClientReply:client-83AFC0B42279->fd4515e9-84f2-4741-b1f5-a9247145a2ac@group-E2152A48AE85, cid=1558, SUCCESS, logIndex=2216, commits[fd4515e9-84f2-4741-b1f5-a9247145a2ac:c2217, 2e3e112c-ad01-4834-a07e-d6d8a7947632:c2213, dfee02f7-0d20-4e08-8ecd-ebe087394a07:c2212]
2019-07-08 20:09:30,383 INFO  client.GrpcClientProtocolClient (GrpcClientProtocolClient.java:onNext(255)) - client-83AFC0B42279->fd4515e9-84f2-4741-b1f5-a9247145a2ac: receive RaftClientReply:client-83AFC0B42279->fd4515e9-84f2-4741-b1f5-a9247145a2ac@group-E2152A48AE85, cid=1559, SUCCESS, logIndex=2217, commits[fd4515e9-84f2-4741-b1f5-a9247145a2ac:c2217, 2e3e112c-ad01-4834-a07e-d6d8a7947632:c2213, dfee02f7-0d20-4e08-8ecd-ebe087394a07:c2213]
2019-07-08 20:09:30,387 INFO  client.GrpcClientProtocolClient (GrpcClientProtocolClient.java:onNext(255)) - client-83AFC0B42279->fd4515e9-84f2-4741-b1f5-a9247145a2ac: receive RaftClientReply:client-83AFC0B42279->fd4515e9-84f2-4741-b1f5-a9247145a2ac@group-E2152A48AE85, cid=1560, SUCCESS, logIndex=0, commits[fd4515e9-84f2-4741-b1f5-a9247145a2ac:c2219, 2e3e112c-ad01-4834-a07e-d6d8a7947632:c2217, dfee02f7-0d20-4e08-8ecd-ebe087394a07:c2217]
2019-07-08 20:09:30,421 INFO  client.GrpcClientProtocolClient (GrpcClientProtocolClient.java:onNext(255)) - client-83AFC0B42279->fd4515e9-84f2-4741-b1f5-a9247145a2ac: receive RaftClientReply:client-83AFC0B42279->fd4515e9-84f2-4741-b1f5-a9247145a2ac@group-E2152A48AE85, cid=1561, SUCCESS, logIndex=2220, commits[fd4515e9-84f2-4741-b1f5-a9247145a2ac:c2221, 2e3e112c-ad01-4834-a07e-d6d8a7947632:c2219, dfee02f7-0d20-4e08-8ecd-ebe087394a07:c2219]
2019-07-08 20:09:30,421 INFO  client.GrpcClientProtocolClient (GrpcClientProtocolClient.java:onNext(255)) - client-83AFC0B42279->fd4515e9-84f2-4741-b1f5-a9247145a2ac: receive RaftClientReply:client-83AFC0B42279->fd4515e9-84f2-4741-b1f5-a9247145a2ac@group-E2152A48AE85, cid=1562, SUCCESS, logIndex=2221, commits[fd4515e9-84f2-4741-b1f5-a9247145a2ac:c2221, 2e3e112c-ad01-4834-a07e-d6d8a7947632:c2219, dfee02f7-0d20-4e08-8ecd-ebe087394a07:c2219]
2019-07-08 20:09:30,422 INFO  client.GrpcClientProtocolClient (GrpcClientProtocolClient.java:onNext(255)) - client-83AFC0B42279->fd4515e9-84f2-4741-b1f5-a9247145a2ac: receive RaftClientReply:client-83AFC0B42279->fd4515e9-84f2-4741-b1f5-a9247145a2ac@group-E2152A48AE85, cid=1563, SUCCESS, logIndex=2222, commits[fd4515e9-84f2-4741-b1f5-a9247145a2ac:c2222, 2e3e112c-ad01-4834-a07e-d6d8a7947632:c2219, dfee02f7-0d20-4e08-8ecd-ebe087394a07:c2219]
2019-07-08 20:09:30,423 INFO  client.GrpcClientProtocolClient (GrpcClientProtocolClient.java:onNext(255)) - client-83AFC0B42279->fd4515e9-84f2-4741-b1f5-a9247145a2ac: receive RaftClientReply:client-83AFC0B42279->fd4515e9-84f2-4741-b1f5-a9247145a2ac@group-E2152A48AE85, cid=1564, SUCCESS, logIndex=2223, commits[fd4515e9-84f2-4741-b1f5-a9247145a2ac:c2223, 2e3e112c-ad01-4834-a07e-d6d8a7947632:c2219, dfee02f7-0d20-4e08-8ecd-ebe087394a07:c2219]
2019-07-08 20:09:30,425 INFO  client.GrpcClientProtocolClient (GrpcClientProtocolClient.java:onNext(255)) - client-83AFC0B42279->fd4515e9-84f2-4741-b1f5-a9247145a2ac: receive RaftClientReply:client-83AFC0B42279->fd4515e9-84f2-4741-b1f5-a9247145a2ac@group-E2152A48AE85, cid=1565, SUCCESS, logIndex=0, commits[fd4515e9-84f2-4741-b1f5-a9247145a2ac:c2225, 2e3e112c-ad01-4834-a07e-d6d8a7947632:c2221, dfee02f7-0d20-4e08-8ecd-ebe087394a07:c2221]
2019-07-08 20:09:30,437 INFO  client.GrpcClientProtocolClient (GrpcClientProtocolClient.java:onNext(255)) - client-83AFC0B42279->fd4515e9-84f2-4741-b1f5-a9247145a2ac: receive RaftClientReply:client-83AFC0B42279->fd4515e9-84f2-4741-b1f5-a9247145a2ac@group-E2152A48AE85, cid=1566, SUCCESS, logIndex=2228, commits[fd4515e9-84f2-4741-b1f5-a9247145a2ac:c2229, 2e3e112c-ad01-4834-a07e-d6d8a7947632:c2227, dfee02f7-0d20-4e08-8ecd-ebe087394a07:c2223]
2019-07-08 20:09:30,437 INFO  client.GrpcClientProtocolClient (GrpcClientProtocolClient.java:onNext(255)) - client-83AFC0B42279->fd4515e9-84f2-4741-b1f5-a9247145a2ac: receive RaftClientReply:client-83AFC0B42279->fd4515e9-84f2-4741-b1f5-a9247145a2ac@group-E2152A48AE85, cid=1567, SUCCESS, logIndex=2229, commits[fd4515e9-84f2-4741-b1f5-a9247145a2ac:c2229, 2e3e112c-ad01-4834-a07e-d6d8a7947632:c2227, dfee02f7-0d20-4e08-8ecd-ebe087394a07:c2227]
2019-07-08 20:09:30,459 INFO  client.GrpcClientProtocolClient (GrpcClientProtocolClient.java:onNext(255)) - client-83AFC0B42279->fd4515e9-84f2-4741-b1f5-a9247145a2ac: receive RaftClientReply:client-83AFC0B42279->fd4515e9-84f2-4741-b1f5-a9247145a2ac@group-E2152A48AE85, cid=1568, SUCCESS, logIndex=2232, commits[fd4515e9-84f2-4741-b1f5-a9247145a2ac:c2233, 2e3e112c-ad01-4834-a07e-d6d8a7947632:c2231, dfee02f7-0d20-4e08-8ecd-ebe087394a07:c2231]
2019-07-08 20:09:30,460 INFO  client.GrpcClientProtocolClient (GrpcClientProtocolClient.java:onNext(255)) - client-83AFC0B42279->fd4515e9-84f2-4741-b1f5-a9247145a2ac: receive RaftClientReply:client-83AFC0B42279->fd4515e9-84f2-4741-b1f5-a9247145a2ac@group-E2152A48AE85, cid=1569, SUCCESS, logIndex=2233, commits[fd4515e9-84f2-4741-b1f5-a9247145a2ac:c2233, 2e3e112c-ad01-4834-a07e-d6d8a7947632:c2231, dfee02f7-0d20-4e08-8ecd-ebe087394a07:c2231]
2019-07-08 20:09:30,471 INFO  client.GrpcClientProtocolClient (GrpcClientProtocolClient.java:onNext(255)) - client-83AFC0B42279->fd4515e9-84f2-4741-b1f5-a9247145a2ac: receive RaftClientReply:client-83AFC0B42279->fd4515e9-84f2-4741-b1f5-a9247145a2ac@group-E2152A48AE85, cid=1570, SUCCESS, logIndex=0, commits[fd4515e9-84f2-4741-b1f5-a9247145a2ac:c2235, 2e3e112c-ad01-4834-a07e-d6d8a7947632:c2233, dfee02f7-0d20-4e08-8ecd-ebe087394a07:c2233]
2019-07-08 20:09:30,499 INFO  client.GrpcClientProtocolClient (GrpcClientProtocolClient.java:onNext(255)) - client-83AFC0B42279->fd4515e9-84f2-4741-b1f5-a9247145a2ac: receive RaftClientReply:client-83AFC0B42279->fd4515e9-84f2-4741-b1f5-a9247145a2ac@group-E2152A48AE85, cid=1571, SUCCESS, logIndex=2236, commits[fd4515e9-84f2-4741-b1f5-a9247145a2ac:c2237, 2e3e112c-ad01-4834-a07e-d6d8a7947632:c2235, dfee02f7-0d20-4e08-8ecd-ebe087394a07:c2235]
2019-07-08 20:09:30,500 INFO  client.GrpcClientProtocolClient (GrpcClientProtocolClient.java:onNext(255)) - client-83AFC0B42279->fd4515e9-84f2-4741-b1f5-a9247145a2ac: receive RaftClientReply:client-83AFC0B42279->fd4515e9-84f2-4741-b1f5-a9247145a2ac@group-E2152A48AE85, cid=1572, SUCCESS, logIndex=2237, commits[fd4515e9-84f2-4741-b1f5-a9247145a2ac:c2237, 2e3e112c-ad01-4834-a07e-d6d8a7947632:c2235, dfee02f7-0d20-4e08-8ecd-ebe087394a07:c2235]
2019-07-08 20:09:30,500 INFO  client.GrpcClientProtocolClient (GrpcClientProtocolClient.java:onNext(255)) - client-83AFC0B42279->fd4515e9-84f2-4741-b1f5-a9247145a2ac: receive RaftClientReply:client-83AFC0B42279->fd4515e9-84f2-4741-b1f5-a9247145a2ac@group-E2152A48AE85, cid=1573, SUCCESS, logIndex=2238, commits[fd4515e9-84f2-4741-b1f5-a9247145a2ac:c2239, 2e3e112c-ad01-4834-a07e-d6d8a7947632:c2235, dfee02f7-0d20-4e08-8ecd-ebe087394a07:c2235]
2019-07-08 20:09:30,500 INFO  client.GrpcClientProtocolClient (GrpcClientProtocolClient.java:onNext(255)) - client-83AFC0B42279->fd4515e9-84f2-4741-b1f5-a9247145a2ac: receive RaftClientReply:client-83AFC0B42279->fd4515e9-84f2-4741-b1f5-a9247145a2ac@group-E2152A48AE85, cid=1574, SUCCESS, logIndex=2239, commits[fd4515e9-84f2-4741-b1f5-a9247145a2ac:c2239, 2e3e112c-ad01-4834-a07e-d6d8a7947632:c2235, dfee02f7-0d20-4e08-8ecd-ebe087394a07:c2235]
2019-07-08 20:09:30,514 INFO  client.GrpcClientProtocolClient (GrpcClientProtocolClient.java:onNext(255)) - client-83AFC0B42279->fd4515e9-84f2-4741-b1f5-a9247145a2ac: receive RaftClientReply:client-83AFC0B42279->fd4515e9-84f2-4741-b1f5-a9247145a2ac@group-E2152A48AE85, cid=1575, SUCCESS, logIndex=0, commits[fd4515e9-84f2-4741-b1f5-a9247145a2ac:c2241, 2e3e112c-ad01-4834-a07e-d6d8a7947632:c2237, dfee02f7-0d20-4e08-8ecd-ebe087394a07:c2237]
2019-07-08 20:09:30,535 INFO  client.GrpcClientProtocolClient (GrpcClientProtocolClient.java:onNext(255)) - client-83AFC0B42279->fd4515e9-84f2-4741-b1f5-a9247145a2ac: receive RaftClientReply:client-83AFC0B42279->fd4515e9-84f2-4741-b1f5-a9247145a2ac@group-E2152A48AE85, cid=1576, SUCCESS, logIndex=2244, commits[fd4515e9-84f2-4741-b1f5-a9247145a2ac:c2245, 2e3e112c-ad01-4834-a07e-d6d8a7947632:c2243, dfee02f7-0d20-4e08-8ecd-ebe087394a07:c2243]
2019-07-08 20:09:30,535 INFO  client.GrpcClientProtocolClient (GrpcClientProtocolClient.java:onNext(255)) - client-83AFC0B42279->fd4515e9-84f2-4741-b1f5-a9247145a2ac: receive RaftClientReply:client-83AFC0B42279->fd4515e9-84f2-4741-b1f5-a9247145a2ac@group-E2152A48AE85, cid=1577, SUCCESS, logIndex=2245, commits[fd4515e9-84f2-4741-b1f5-a9247145a2ac:c2245, 2e3e112c-ad01-4834-a07e-d6d8a7947632:c2243, dfee02f7-0d20-4e08-8ecd-ebe087394a07:c2243]
2019-07-08 20:09:30,549 INFO  client.GrpcClientProtocolClient (GrpcClientProtocolClient.java:onNext(255)) - client-83AFC0B42279->fd4515e9-84f2-4741-b1f5-a9247145a2ac: receive RaftClientReply:client-83AFC0B42279->fd4515e9-84f2-4741-b1f5-a9247145a2ac@group-E2152A48AE85, cid=1578, SUCCESS, logIndex=2248, commits[fd4515e9-84f2-4741-b1f5-a9247145a2ac:c2249, 2e3e112c-ad01-4834-a07e-d6d8a7947632:c2245, dfee02f7-0d20-4e08-8ecd-ebe087394a07:c2245]
2019-07-08 20:09:30,550 INFO  client.GrpcClientProtocolClient (GrpcClientProtocolClient.java:onNext(255)) - client-83AFC0B42279->fd4515e9-84f2-4741-b1f5-a9247145a2ac: receive RaftClientReply:client-83AFC0B42279->fd4515e9-84f2-4741-b1f5-a9247145a2ac@group-E2152A48AE85, cid=1579, SUCCESS, logIndex=2249, commits[fd4515e9-84f2-4741-b1f5-a9247145a2ac:c2249, 2e3e112c-ad01-4834-a07e-d6d8a7947632:c2245, dfee02f7-0d20-4e08-8ecd-ebe087394a07:c2245]
2019-07-08 20:09:30,564 INFO  client.GrpcClientProtocolClient (GrpcClientProtocolClient.java:onNext(255)) - client-83AFC0B42279->fd4515e9-84f2-4741-b1f5-a9247145a2ac: receive RaftClientReply:client-83AFC0B42279->fd4515e9-84f2-4741-b1f5-a9247145a2ac@group-E2152A48AE85, cid=1580, SUCCESS, logIndex=0, commits[fd4515e9-84f2-4741-b1f5-a9247145a2ac:c2250, 2e3e112c-ad01-4834-a07e-d6d8a7947632:c2249, dfee02f7-0d20-4e08-8ecd-ebe087394a07:c2249]
2019-07-08 20:09:30,592 INFO  client.GrpcClientProtocolClient (GrpcClientProtocolClient.java:onNext(255)) - client-83AFC0B42279->fd4515e9-84f2-4741-b1f5-a9247145a2ac: receive RaftClientReply:client-83AFC0B42279->fd4515e9-84f2-4741-b1f5-a9247145a2ac@group-E2152A48AE85, cid=1581, SUCCESS, logIndex=2252, commits[fd4515e9-84f2-4741-b1f5-a9247145a2ac:c2253, 2e3e112c-ad01-4834-a07e-d6d8a7947632:c2251, dfee02f7-0d20-4e08-8ecd-ebe087394a07:c2251]
2019-07-08 20:09:30,592 INFO  client.GrpcClientProtocolClient (GrpcClientProtocolClient.java:onNext(255)) - client-83AFC0B42279->fd4515e9-84f2-4741-b1f5-a9247145a2ac: receive RaftClientReply:client-83AFC0B42279->fd4515e9-84f2-4741-b1f5-a9247145a2ac@group-E2152A48AE85, cid=1582, SUCCESS, logIndex=2253, commits[fd4515e9-84f2-4741-b1f5-a9247145a2ac:c2253, 2e3e112c-ad01-4834-a07e-d6d8a7947632:c2251, dfee02f7-0d20-4e08-8ecd-ebe087394a07:c2251]
2019-07-08 20:09:30,593 INFO  client.GrpcClientProtocolClient (GrpcClientProtocolClient.java:onNext(255)) - client-83AFC0B42279->fd4515e9-84f2-4741-b1f5-a9247145a2ac: receive RaftClientReply:client-83AFC0B42279->fd4515e9-84f2-4741-b1f5-a9247145a2ac@group-E2152A48AE85, cid=1583, SUCCESS, logIndex=2254, commits[fd4515e9-84f2-4741-b1f5-a9247145a2ac:c2254, 2e3e112c-ad01-4834-a07e-d6d8a7947632:c2251, dfee02f7-0d20-4e08-8ecd-ebe087394a07:c2251]
2019-07-08 20:09:30,593 INFO  client.GrpcClientProtocolClient (GrpcClientProtocolClient.java:onNext(255)) - client-83AFC0B42279->fd4515e9-84f2-4741-b1f5-a9247145a2ac: receive RaftClientReply:client-83AFC0B42279->fd4515e9-84f2-4741-b1f5-a9247145a2ac@group-E2152A48AE85, cid=1584, SUCCESS, logIndex=2255, commits[fd4515e9-84f2-4741-b1f5-a9247145a2ac:c2255, 2e3e112c-ad01-4834-a07e-d6d8a7947632:c2251, dfee02f7-0d20-4e08-8ecd-ebe087394a07:c2251]
2019-07-08 20:09:30,606 INFO  client.GrpcClientProtocolClient (GrpcClientProtocolClient.java:onNext(255)) - client-83AFC0B42279->fd4515e9-84f2-4741-b1f5-a9247145a2ac: receive RaftClientReply:client-83AFC0B42279->fd4515e9-84f2-4741-b1f5-a9247145a2ac@group-E2152A48AE85, cid=1585, SUCCESS, logIndex=0, commits[fd4515e9-84f2-4741-b1f5-a9247145a2ac:c2257, 2e3e112c-ad01-4834-a07e-d6d8a7947632:c2253, dfee02f7-0d20-4e08-8ecd-ebe087394a07:c2253]
2019-07-08 20:09:30,620 INFO  client.GrpcClientProtocolClient (GrpcClientProtocolClient.java:onNext(255)) - client-83AFC0B42279->fd4515e9-84f2-4741-b1f5-a9247145a2ac: receive RaftClientReply:client-83AFC0B42279->fd4515e9-84f2-4741-b1f5-a9247145a2ac@group-E2152A48AE85, cid=1586, SUCCESS, logIndex=2260, commits[fd4515e9-84f2-4741-b1f5-a9247145a2ac:c2260, 2e3e112c-ad01-4834-a07e-d6d8a7947632:c2259, dfee02f7-0d20-4e08-8ecd-ebe087394a07:c2259]
2019-07-08 20:09:30,620 INFO  client.GrpcClientProtocolClient (GrpcClientProtocolClient.java:onNext(255)) - client-83AFC0B42279->fd4515e9-84f2-4741-b1f5-a9247145a2ac: receive RaftClientReply:client-83AFC0B42279->fd4515e9-84f2-4741-b1f5-a9247145a2ac@group-E2152A48AE85, cid=1587, SUCCESS, logIndex=2261, commits[fd4515e9-84f2-4741-b1f5-a9247145a2ac:c2261, 2e3e112c-ad01-4834-a07e-d6d8a7947632:c2259, dfee02f7-0d20-4e08-8ecd-ebe087394a07:c2259]
2019-07-08 20:09:30,634 INFO  client.GrpcClientProtocolClient (GrpcClientProtocolClient.java:onNext(255)) - client-83AFC0B42279->fd4515e9-84f2-4741-b1f5-a9247145a2ac: receive RaftClientReply:client-83AFC0B42279->fd4515e9-84f2-4741-b1f5-a9247145a2ac@group-E2152A48AE85, cid=1588, SUCCESS, logIndex=2264, commits[fd4515e9-84f2-4741-b1f5-a9247145a2ac:c2265, 2e3e112c-ad01-4834-a07e-d6d8a7947632:c2261, dfee02f7-0d20-4e08-8ecd-ebe087394a07:c2261]
2019-07-08 20:09:30,634 INFO  client.GrpcClientProtocolClient (GrpcClientProtocolClient.java:onNext(255)) - client-83AFC0B42279->fd4515e9-84f2-4741-b1f5-a9247145a2ac: receive RaftClientReply:client-83AFC0B42279->fd4515e9-84f2-4741-b1f5-a9247145a2ac@group-E2152A48AE85, cid=1589, SUCCESS, logIndex=2265, commits[fd4515e9-84f2-4741-b1f5-a9247145a2ac:c2265, 2e3e112c-ad01-4834-a07e-d6d8a7947632:c2261, dfee02f7-0d20-4e08-8ecd-ebe087394a07:c2261]
2019-07-08 20:09:30,648 INFO  client.GrpcClientProtocolClient (GrpcClientProtocolClient.java:onNext(255)) - client-83AFC0B42279->fd4515e9-84f2-4741-b1f5-a9247145a2ac: receive RaftClientReply:client-83AFC0B42279->fd4515e9-84f2-4741-b1f5-a9247145a2ac@group-E2152A48AE85, cid=1590, SUCCESS, logIndex=0, commits[fd4515e9-84f2-4741-b1f5-a9247145a2ac:c2266, 2e3e112c-ad01-4834-a07e-d6d8a7947632:c2265, dfee02f7-0d20-4e08-8ecd-ebe087394a07:c2265]
2019-07-08 20:09:30,677 INFO  client.GrpcClientProtocolClient (GrpcClientProtocolClient.java:onNext(255)) - client-83AFC0B42279->fd4515e9-84f2-4741-b1f5-a9247145a2ac: receive RaftClientReply:client-83AFC0B42279->fd4515e9-84f2-4741-b1f5-a9247145a2ac@group-E2152A48AE85, cid=1591, SUCCESS, logIndex=2268, commits[fd4515e9-84f2-4741-b1f5-a9247145a2ac:c2269, 2e3e112c-ad01-4834-a07e-d6d8a7947632:c2267, dfee02f7-0d20-4e08-8ecd-ebe087394a07:c2267]
2019-07-08 20:09:30,678 INFO  client.GrpcClientProtocolClient (GrpcClientProtocolClient.java:onNext(255)) - client-83AFC0B42279->fd4515e9-84f2-4741-b1f5-a9247145a2ac: receive RaftClientReply:client-83AFC0B42279->fd4515e9-84f2-4741-b1f5-a9247145a2ac@group-E2152A48AE85, cid=1592, SUCCESS, logIndex=2269, commits[fd4515e9-84f2-4741-b1f5-a9247145a2ac:c2269, 2e3e112c-ad01-4834-a07e-d6d8a7947632:c2267, dfee02f7-0d20-4e08-8ecd-ebe087394a07:c2267]
2019-07-08 20:09:30,678 INFO  client.GrpcClientProtocolClient (GrpcClientProtocolClient.java:onNext(255)) - client-83AFC0B42279->fd4515e9-84f2-4741-b1f5-a9247145a2ac: receive RaftClientReply:client-83AFC0B42279->fd4515e9-84f2-4741-b1f5-a9247145a2ac@group-E2152A48AE85, cid=1593, SUCCESS, logIndex=2270, commits[fd4515e9-84f2-4741-b1f5-a9247145a2ac:c2271, 2e3e112c-ad01-4834-a07e-d6d8a7947632:c2267, dfee02f7-0d20-4e08-8ecd-ebe087394a07:c2267]
2019-07-08 20:09:30,678 INFO  client.GrpcClientProtocolClient (GrpcClientProtocolClient.java:onNext(255)) - client-83AFC0B42279->fd4515e9-84f2-4741-b1f5-a9247145a2ac: receive RaftClientReply:client-83AFC0B42279->fd4515e9-84f2-4741-b1f5-a9247145a2ac@group-E2152A48AE85, cid=1594, SUCCESS, logIndex=2271, commits[fd4515e9-84f2-4741-b1f5-a9247145a2ac:c2271, 2e3e112c-ad01-4834-a07e-d6d8a7947632:c2267, dfee02f7-0d20-4e08-8ecd-ebe087394a07:c2267]
2019-07-08 20:09:30,682 INFO  client.GrpcClientProtocolClient (GrpcClientProtocolClient.java:onNext(255)) - client-83AFC0B42279->fd4515e9-84f2-4741-b1f5-a9247145a2ac: receive RaftClientReply:client-83AFC0B42279->fd4515e9-84f2-4741-b1f5-a9247145a2ac@group-E2152A48AE85, cid=1595, SUCCESS, logIndex=0, commits[fd4515e9-84f2-4741-b1f5-a9247145a2ac:c2273, 2e3e112c-ad01-4834-a07e-d6d8a7947632:c2269, dfee02f7-0d20-4e08-8ecd-ebe087394a07:c2269]
2019-07-08 20:09:30,705 INFO  client.GrpcClientProtocolClient (GrpcClientProtocolClient.java:onNext(255)) - client-83AFC0B42279->fd4515e9-84f2-4741-b1f5-a9247145a2ac: receive RaftClientReply:client-83AFC0B42279->fd4515e9-84f2-4741-b1f5-a9247145a2ac@group-E2152A48AE85, cid=1596, SUCCESS, logIndex=2276, commits[fd4515e9-84f2-4741-b1f5-a9247145a2ac:c2277, 2e3e112c-ad01-4834-a07e-d6d8a7947632:c2275, dfee02f7-0d20-4e08-8ecd-ebe087394a07:c2275]
2019-07-08 20:09:30,706 INFO  client.GrpcClientProtocolClient (GrpcClientProtocolClient.java:onNext(255)) - client-83AFC0B42279->fd4515e9-84f2-4741-b1f5-a9247145a2ac: receive RaftClientReply:client-83AFC0B42279->fd4515e9-84f2-4741-b1f5-a9247145a2ac@group-E2152A48AE85, cid=1597, SUCCESS, logIndex=2277, commits[fd4515e9-84f2-4741-b1f5-a9247145a2ac:c2277, 2e3e112c-ad01-4834-a07e-d6d8a7947632:c2275, dfee02f7-0d20-4e08-8ecd-ebe087394a07:c2275]
2019-07-08 20:09:30,718 INFO  client.GrpcClientProtocolClient (GrpcClientProtocolClient.java:onNext(255)) - client-83AFC0B42279->fd4515e9-84f2-4741-b1f5-a9247145a2ac: receive RaftClientReply:client-83AFC0B42279->fd4515e9-84f2-4741-b1f5-a9247145a2ac@group-E2152A48AE85, cid=1598, SUCCESS, logIndex=2280, commits[fd4515e9-84f2-4741-b1f5-a9247145a2ac:c2281, 2e3e112c-ad01-4834-a07e-d6d8a7947632:c2277, dfee02f7-0d20-4e08-8ecd-ebe087394a07:c2277]
2019-07-08 20:09:30,718 INFO  client.GrpcClientProtocolClient (GrpcClientProtocolClient.java:onNext(255)) - client-83AFC0B42279->fd4515e9-84f2-4741-b1f5-a9247145a2ac: receive RaftClientReply:client-83AFC0B42279->fd4515e9-84f2-4741-b1f5-a9247145a2ac@group-E2152A48AE85, cid=1599, SUCCESS, logIndex=2281, commits[fd4515e9-84f2-4741-b1f5-a9247145a2ac:c2281, 2e3e112c-ad01-4834-a07e-d6d8a7947632:c2277, dfee02f7-0d20-4e08-8ecd-ebe087394a07:c2277]
2019-07-08 20:09:30,730 INFO  client.GrpcClientProtocolClient (GrpcClientProtocolClient.java:onNext(255)) - client-83AFC0B42279->fd4515e9-84f2-4741-b1f5-a9247145a2ac: receive RaftClientReply:client-83AFC0B42279->fd4515e9-84f2-4741-b1f5-a9247145a2ac@group-E2152A48AE85, cid=1600, SUCCESS, logIndex=0, commits[fd4515e9-84f2-4741-b1f5-a9247145a2ac:c2282, 2e3e112c-ad01-4834-a07e-d6d8a7947632:c2281, dfee02f7-0d20-4e08-8ecd-ebe087394a07:c2281]
2019-07-08 20:09:30,757 INFO  client.GrpcClientProtocolClient (GrpcClientProtocolClient.java:onNext(255)) - client-83AFC0B42279->fd4515e9-84f2-4741-b1f5-a9247145a2ac: receive RaftClientReply:client-83AFC0B42279->fd4515e9-84f2-4741-b1f5-a9247145a2ac@group-E2152A48AE85, cid=1601, SUCCESS, logIndex=2284, commits[fd4515e9-84f2-4741-b1f5-a9247145a2ac:c2285, 2e3e112c-ad01-4834-a07e-d6d8a7947632:c2283, dfee02f7-0d20-4e08-8ecd-ebe087394a07:c2283]
2019-07-08 20:09:30,758 INFO  client.GrpcClientProtocolClient (GrpcClientProtocolClient.java:onNext(255)) - client-83AFC0B42279->fd4515e9-84f2-4741-b1f5-a9247145a2ac: receive RaftClientReply:client-83AFC0B42279->fd4515e9-84f2-4741-b1f5-a9247145a2ac@group-E2152A48AE85, cid=1602, SUCCESS, logIndex=2285, commits[fd4515e9-84f2-4741-b1f5-a9247145a2ac:c2285, 2e3e112c-ad01-4834-a07e-d6d8a7947632:c2283, dfee02f7-0d20-4e08-8ecd-ebe087394a07:c2283]
2019-07-08 20:09:30,758 INFO  client.GrpcClientProtocolClient (GrpcClientProtocolClient.java:onNext(255)) - client-83AFC0B42279->fd4515e9-84f2-4741-b1f5-a9247145a2ac: receive RaftClientReply:client-83AFC0B42279->fd4515e9-84f2-4741-b1f5-a9247145a2ac@group-E2152A48AE85, cid=1603, SUCCESS, logIndex=2286, commits[fd4515e9-84f2-4741-b1f5-a9247145a2ac:c2287, 2e3e112c-ad01-4834-a07e-d6d8a7947632:c2283, dfee02f7-0d20-4e08-8ecd-ebe087394a07:c2283]
2019-07-08 20:09:30,759 INFO  client.GrpcClientProtocolClient (GrpcClientProtocolClient.java:onNext(255)) - client-83AFC0B42279->fd4515e9-84f2-4741-b1f5-a9247145a2ac: receive RaftClientReply:client-83AFC0B42279->fd4515e9-84f2-4741-b1f5-a9247145a2ac@group-E2152A48AE85, cid=1604, SUCCESS, logIndex=2287, commits[fd4515e9-84f2-4741-b1f5-a9247145a2ac:c2287, 2e3e112c-ad01-4834-a07e-d6d8a7947632:c2283, dfee02f7-0d20-4e08-8ecd-ebe087394a07:c2283]
2019-07-08 20:09:30,760 INFO  client.GrpcClientProtocolClient (GrpcClientProtocolClient.java:onNext(255)) - client-83AFC0B42279->fd4515e9-84f2-4741-b1f5-a9247145a2ac: receive RaftClientReply:client-83AFC0B42279->fd4515e9-84f2-4741-b1f5-a9247145a2ac@group-E2152A48AE85, cid=1605, SUCCESS, logIndex=0, commits[fd4515e9-84f2-4741-b1f5-a9247145a2ac:c2289, 2e3e112c-ad01-4834-a07e-d6d8a7947632:c2285, dfee02f7-0d20-4e08-8ecd-ebe087394a07:c2285]
2019-07-08 20:09:30,780 INFO  client.GrpcClientProtocolClient (GrpcClientProtocolClient.java:onNext(255)) - client-83AFC0B42279->fd4515e9-84f2-4741-b1f5-a9247145a2ac: receive RaftClientReply:client-83AFC0B42279->fd4515e9-84f2-4741-b1f5-a9247145a2ac@group-E2152A48AE85, cid=1606, SUCCESS, logIndex=2292, commits[fd4515e9-84f2-4741-b1f5-a9247145a2ac:c2293, 2e3e112c-ad01-4834-a07e-d6d8a7947632:c2291, dfee02f7-0d20-4e08-8ecd-ebe087394a07:c2291]
2019-07-08 20:09:30,781 INFO  client.GrpcClientProtocolClient (GrpcClientProtocolClient.java:onNext(255)) - client-83AFC0B42279->fd4515e9-84f2-4741-b1f5-a9247145a2ac: receive RaftClientReply:client-83AFC0B42279->fd4515e9-84f2-4741-b1f5-a9247145a2ac@group-E2152A48AE85, cid=1607, SUCCESS, logIndex=2293, commits[fd4515e9-84f2-4741-b1f5-a9247145a2ac:c2293, 2e3e112c-ad01-4834-a07e-d6d8a7947632:c2291, dfee02f7-0d20-4e08-8ecd-ebe087394a07:c2291]
2019-07-08 20:09:30,794 INFO  client.GrpcClientProtocolClient (GrpcClientProtocolClient.java:onNext(255)) - client-83AFC0B42279->fd4515e9-84f2-4741-b1f5-a9247145a2ac: receive RaftClientReply:client-83AFC0B42279->fd4515e9-84f2-4741-b1f5-a9247145a2ac@group-E2152A48AE85, cid=1608, SUCCESS, logIndex=2296, commits[fd4515e9-84f2-4741-b1f5-a9247145a2ac:c2296, 2e3e112c-ad01-4834-a07e-d6d8a7947632:c2293, dfee02f7-0d20-4e08-8ecd-ebe087394a07:c2293]
2019-07-08 20:09:30,794 INFO  client.GrpcClientProtocolClient (GrpcClientProtocolClient.java:onNext(255)) - client-83AFC0B42279->fd4515e9-84f2-4741-b1f5-a9247145a2ac: receive RaftClientReply:client-83AFC0B42279->fd4515e9-84f2-4741-b1f5-a9247145a2ac@group-E2152A48AE85, cid=1609, SUCCESS, logIndex=2297, commits[fd4515e9-84f2-4741-b1f5-a9247145a2ac:c2297, 2e3e112c-ad01-4834-a07e-d6d8a7947632:c2293, dfee02f7-0d20-4e08-8ecd-ebe087394a07:c2293]
2019-07-08 20:09:30,808 INFO  client.GrpcClientProtocolClient (GrpcClientProtocolClient.java:onNext(255)) - client-83AFC0B42279->fd4515e9-84f2-4741-b1f5-a9247145a2ac: receive RaftClientReply:client-83AFC0B42279->fd4515e9-84f2-4741-b1f5-a9247145a2ac@group-E2152A48AE85, cid=1610, SUCCESS, logIndex=0, commits[fd4515e9-84f2-4741-b1f5-a9247145a2ac:c2299, 2e3e112c-ad01-4834-a07e-d6d8a7947632:c2297, dfee02f7-0d20-4e08-8ecd-ebe087394a07:c2297]
2019-07-08 20:09:30,836 INFO  client.GrpcClientProtocolClient (GrpcClientProtocolClient.java:onNext(255)) - client-83AFC0B42279->fd4515e9-84f2-4741-b1f5-a9247145a2ac: receive RaftClientReply:client-83AFC0B42279->fd4515e9-84f2-4741-b1f5-a9247145a2ac@group-E2152A48AE85, cid=1611, SUCCESS, logIndex=2300, commits[fd4515e9-84f2-4741-b1f5-a9247145a2ac:c2302, 2e3e112c-ad01-4834-a07e-d6d8a7947632:c2299, dfee02f7-0d20-4e08-8ecd-ebe087394a07:c2299]
2019-07-08 20:09:30,837 INFO  client.GrpcClientProtocolClient (GrpcClientProtocolClient.java:onNext(255)) - client-83AFC0B42279->fd4515e9-84f2-4741-b1f5-a9247145a2ac: receive RaftClientReply:client-83AFC0B42279->fd4515e9-84f2-4741-b1f5-a9247145a2ac@group-E2152A48AE85, cid=1612, SUCCESS, logIndex=2301, commits[fd4515e9-84f2-4741-b1f5-a9247145a2ac:c2303, 2e3e112c-ad01-4834-a07e-d6d8a7947632:c2299, dfee02f7-0d20-4e08-8ecd-ebe087394a07:c2299]
2019-07-08 20:09:30,837 INFO  client.GrpcClientProtocolClient (GrpcClientProtocolClient.java:onNext(255)) - client-83AFC0B42279->fd4515e9-84f2-4741-b1f5-a9247145a2ac: receive RaftClientReply:client-83AFC0B42279->fd4515e9-84f2-4741-b1f5-a9247145a2ac@group-E2152A48AE85, cid=1613, SUCCESS, logIndex=2302, commits[fd4515e9-84f2-4741-b1f5-a9247145a2ac:c2303, 2e3e112c-ad01-4834-a07e-d6d8a7947632:c2299, dfee02f7-0d20-4e08-8ecd-ebe087394a07:c2299]
2019-07-08 20:09:30,837 INFO  client.GrpcClientProtocolClient (GrpcClientProtocolClient.java:onNext(255)) - client-83AFC0B42279->fd4515e9-84f2-4741-b1f5-a9247145a2ac: receive RaftClientReply:client-83AFC0B42279->fd4515e9-84f2-4741-b1f5-a9247145a2ac@group-E2152A48AE85, cid=1614, SUCCESS, logIndex=2303, commits[fd4515e9-84f2-4741-b1f5-a9247145a2ac:c2303, 2e3e112c-ad01-4834-a07e-d6d8a7947632:c2299, dfee02f7-0d20-4e08-8ecd-ebe087394a07:c2299]
2019-07-08 20:09:30,850 INFO  client.GrpcClientProtocolClient (GrpcClientProtocolClient.java:onNext(255)) - client-83AFC0B42279->fd4515e9-84f2-4741-b1f5-a9247145a2ac: receive RaftClientReply:client-83AFC0B42279->fd4515e9-84f2-4741-b1f5-a9247145a2ac@group-E2152A48AE85, cid=1615, SUCCESS, logIndex=0, commits[fd4515e9-84f2-4741-b1f5-a9247145a2ac:c2307, 2e3e112c-ad01-4834-a07e-d6d8a7947632:c2301, dfee02f7-0d20-4e08-8ecd-ebe087394a07:c2303]
2019-07-08 20:09:30,872 INFO  client.GrpcClientProtocolClient (GrpcClientProtocolClient.java:onNext(255)) - client-83AFC0B42279->fd4515e9-84f2-4741-b1f5-a9247145a2ac: receive RaftClientReply:client-83AFC0B42279->fd4515e9-84f2-4741-b1f5-a9247145a2ac@group-E2152A48AE85, cid=1616, SUCCESS, logIndex=2308, commits[fd4515e9-84f2-4741-b1f5-a9247145a2ac:c2309, 2e3e112c-ad01-4834-a07e-d6d8a7947632:c2307, dfee02f7-0d20-4e08-8ecd-ebe087394a07:c2307]
2019-07-08 20:09:30,873 INFO  client.GrpcClientProtocolClient (GrpcClientProtocolClient.java:onNext(255)) - client-83AFC0B42279->fd4515e9-84f2-4741-b1f5-a9247145a2ac: receive RaftClientReply:client-83AFC0B42279->fd4515e9-84f2-4741-b1f5-a9247145a2ac@group-E2152A48AE85, cid=1617, SUCCESS, logIndex=2309, commits[fd4515e9-84f2-4741-b1f5-a9247145a2ac:c2309, 2e3e112c-ad01-4834-a07e-d6d8a7947632:c2307, dfee02f7-0d20-4e08-8ecd-ebe087394a07:c2307]
2019-07-08 20:09:30,979 INFO  client.GrpcClientProtocolClient (GrpcClientProtocolClient.java:onNext(255)) - client-83AFC0B42279->fd4515e9-84f2-4741-b1f5-a9247145a2ac: receive RaftClientReply:client-83AFC0B42279->fd4515e9-84f2-4741-b1f5-a9247145a2ac@group-E2152A48AE85, cid=1618, SUCCESS, logIndex=2312, commits[fd4515e9-84f2-4741-b1f5-a9247145a2ac:c2313, 2e3e112c-ad01-4834-a07e-d6d8a7947632:c2309, dfee02f7-0d20-4e08-8ecd-ebe087394a07:c2308]
2019-07-08 20:09:30,980 INFO  client.GrpcClientProtocolClient (GrpcClientProtocolClient.java:onNext(255)) - client-83AFC0B42279->fd4515e9-84f2-4741-b1f5-a9247145a2ac: receive RaftClientReply:client-83AFC0B42279->fd4515e9-84f2-4741-b1f5-a9247145a2ac@group-E2152A48AE85, cid=1619, SUCCESS, logIndex=2313, commits[fd4515e9-84f2-4741-b1f5-a9247145a2ac:c2313, 2e3e112c-ad01-4834-a07e-d6d8a7947632:c2309, dfee02f7-0d20-4e08-8ecd-ebe087394a07:c2308]
2019-07-08 20:09:30,989 INFO  client.GrpcClientProtocolClient (GrpcClientProtocolClient.java:onNext(255)) - client-83AFC0B42279->fd4515e9-84f2-4741-b1f5-a9247145a2ac: receive RaftClientReply:client-83AFC0B42279->fd4515e9-84f2-4741-b1f5-a9247145a2ac@group-E2152A48AE85, cid=1620, SUCCESS, logIndex=0, commits[fd4515e9-84f2-4741-b1f5-a9247145a2ac:c2313, 2e3e112c-ad01-4834-a07e-d6d8a7947632:c2309, dfee02f7-0d20-4e08-8ecd-ebe087394a07:c2309]
2019-07-08 20:09:31,003 INFO  client.GrpcClientProtocolClient (GrpcClientProtocolClient.java:onNext(255)) - client-83AFC0B42279->fd4515e9-84f2-4741-b1f5-a9247145a2ac: receive RaftClientReply:client-83AFC0B42279->fd4515e9-84f2-4741-b1f5-a9247145a2ac@group-E2152A48AE85, cid=1621, SUCCESS, logIndex=0, commits[fd4515e9-84f2-4741-b1f5-a9247145a2ac:c2315, 2e3e112c-ad01-4834-a07e-d6d8a7947632:c2313, dfee02f7-0d20-4e08-8ecd-ebe087394a07:c2313]
2019-07-08 20:09:31,034 INFO  client.GrpcClientProtocolClient (GrpcClientProtocolClient.java:onNext(255)) - client-83AFC0B42279->fd4515e9-84f2-4741-b1f5-a9247145a2ac: receive RaftClientReply:client-83AFC0B42279->fd4515e9-84f2-4741-b1f5-a9247145a2ac@group-E2152A48AE85, cid=1622, SUCCESS, logIndex=2316, commits[fd4515e9-84f2-4741-b1f5-a9247145a2ac:c2317, 2e3e112c-ad01-4834-a07e-d6d8a7947632:c2315, dfee02f7-0d20-4e08-8ecd-ebe087394a07:c2315]
2019-07-08 20:09:31,034 INFO  client.GrpcClientProtocolClient (GrpcClientProtocolClient.java:onNext(255)) - client-83AFC0B42279->fd4515e9-84f2-4741-b1f5-a9247145a2ac: receive RaftClientReply:client-83AFC0B42279->fd4515e9-84f2-4741-b1f5-a9247145a2ac@group-E2152A48AE85, cid=1623, SUCCESS, logIndex=2317, commits[fd4515e9-84f2-4741-b1f5-a9247145a2ac:c2317, 2e3e112c-ad01-4834-a07e-d6d8a7947632:c2315, dfee02f7-0d20-4e08-8ecd-ebe087394a07:c2315]
2019-07-08 20:09:31,035 INFO  client.GrpcClientProtocolClient (GrpcClientProtocolClient.java:onNext(255)) - client-83AFC0B42279->fd4515e9-84f2-4741-b1f5-a9247145a2ac: receive RaftClientReply:client-83AFC0B42279->fd4515e9-84f2-4741-b1f5-a9247145a2ac@group-E2152A48AE85, cid=1624, SUCCESS, logIndex=2318, commits[fd4515e9-84f2-4741-b1f5-a9247145a2ac:c2318, 2e3e112c-ad01-4834-a07e-d6d8a7947632:c2315, dfee02f7-0d20-4e08-8ecd-ebe087394a07:c2315]
2019-07-08 20:09:31,035 INFO  client.GrpcClientProtocolClient (GrpcClientProtocolClient.java:onNext(255)) - client-83AFC0B42279->fd4515e9-84f2-4741-b1f5-a9247145a2ac: receive RaftClientReply:client-83AFC0B42279->fd4515e9-84f2-4741-b1f5-a9247145a2ac@group-E2152A48AE85, cid=1625, SUCCESS, logIndex=2319, commits[fd4515e9-84f2-4741-b1f5-a9247145a2ac:c2319, 2e3e112c-ad01-4834-a07e-d6d8a7947632:c2315, dfee02f7-0d20-4e08-8ecd-ebe087394a07:c2315]
2019-07-08 20:09:31,037 INFO  client.GrpcClientProtocolClient (GrpcClientProtocolClient.java:onNext(255)) - client-83AFC0B42279->fd4515e9-84f2-4741-b1f5-a9247145a2ac: receive RaftClientReply:client-83AFC0B42279->fd4515e9-84f2-4741-b1f5-a9247145a2ac@group-E2152A48AE85, cid=1626, SUCCESS, logIndex=0, commits[fd4515e9-84f2-4741-b1f5-a9247145a2ac:c2321, 2e3e112c-ad01-4834-a07e-d6d8a7947632:c2317, dfee02f7-0d20-4e08-8ecd-ebe087394a07:c2317]
2019-07-08 20:09:31,064 INFO  client.GrpcClientProtocolClient (GrpcClientProtocolClient.java:onNext(255)) - client-83AFC0B42279->fd4515e9-84f2-4741-b1f5-a9247145a2ac: receive RaftClientReply:client-83AFC0B42279->fd4515e9-84f2-4741-b1f5-a9247145a2ac@group-E2152A48AE85, cid=1627, SUCCESS, logIndex=2324, commits[fd4515e9-84f2-4741-b1f5-a9247145a2ac:c2324, 2e3e112c-ad01-4834-a07e-d6d8a7947632:c2319, dfee02f7-0d20-4e08-8ecd-ebe087394a07:c2323]
2019-07-08 20:09:31,067 INFO  client.GrpcClientProtocolClient (GrpcClientProtocolClient.java:onNext(255)) - client-83AFC0B42279->fd4515e9-84f2-4741-b1f5-a9247145a2ac: receive RaftClientReply:client-83AFC0B42279->fd4515e9-84f2-4741-b1f5-a9247145a2ac@group-E2152A48AE85, cid=1628, SUCCESS, logIndex=2325, commits[fd4515e9-84f2-4741-b1f5-a9247145a2ac:c2325, 2e3e112c-ad01-4834-a07e-d6d8a7947632:c2319, dfee02f7-0d20-4e08-8ecd-ebe087394a07:c2323]
2019-07-08 20:09:31,088 INFO  client.GrpcClientProtocolClient (GrpcClientProtocolClient.java:onNext(255)) - client-83AFC0B42279->fd4515e9-84f2-4741-b1f5-a9247145a2ac: receive RaftClientReply:client-83AFC0B42279->fd4515e9-84f2-4741-b1f5-a9247145a2ac@group-E2152A48AE85, cid=1629, SUCCESS, logIndex=2328, commits[fd4515e9-84f2-4741-b1f5-a9247145a2ac:c2329, 2e3e112c-ad01-4834-a07e-d6d8a7947632:c2326, dfee02f7-0d20-4e08-8ecd-ebe087394a07:c2326]
2019-07-08 20:09:31,088 INFO  client.GrpcClientProtocolClient (GrpcClientProtocolClient.java:onNext(255)) - client-83AFC0B42279->fd4515e9-84f2-4741-b1f5-a9247145a2ac: receive RaftClientReply:client-83AFC0B42279->fd4515e9-84f2-4741-b1f5-a9247145a2ac@group-E2152A48AE85, cid=1630, SUCCESS, logIndex=2329, commits[fd4515e9-84f2-4741-b1f5-a9247145a2ac:c2329, 2e3e112c-ad01-4834-a07e-d6d8a7947632:c2326, dfee02f7-0d20-4e08-8ecd-ebe087394a07:c2326]
2019-07-08 20:09:31,101 INFO  client.GrpcClientProtocolClient (GrpcClientProtocolClient.java:onNext(255)) - client-83AFC0B42279->fd4515e9-84f2-4741-b1f5-a9247145a2ac: receive RaftClientReply:client-83AFC0B42279->fd4515e9-84f2-4741-b1f5-a9247145a2ac@group-E2152A48AE85, cid=1631, SUCCESS, logIndex=0, commits[fd4515e9-84f2-4741-b1f5-a9247145a2ac:c2331, 2e3e112c-ad01-4834-a07e-d6d8a7947632:c2329, dfee02f7-0d20-4e08-8ecd-ebe087394a07:c2329]
 0.00% |█                                                                                                    |  0/1 Time: 0:00:102019-07-08 20:09:31,129 INFO  client.GrpcClientProtocolClient (GrpcClientProtocolClient.java:onNext(255)) - client-83AFC0B42279->fd4515e9-84f2-4741-b1f5-a9247145a2ac: receive RaftClientReply:client-83AFC0B42279->fd4515e9-84f2-4741-b1f5-a9247145a2ac@group-E2152A48AE85, cid=1632, SUCCESS, logIndex=2332, commits[fd4515e9-84f2-4741-b1f5-a9247145a2ac:c2332, 2e3e112c-ad01-4834-a07e-d6d8a7947632:c2331, dfee02f7-0d20-4e08-8ecd-ebe087394a07:c2331]
2019-07-08 20:09:31,130 INFO  client.GrpcClientProtocolClient (GrpcClientProtocolClient.java:onNext(255)) - client-83AFC0B42279->fd4515e9-84f2-4741-b1f5-a9247145a2ac: receive RaftClientReply:client-83AFC0B42279->fd4515e9-84f2-4741-b1f5-a9247145a2ac@group-E2152A48AE85, cid=1633, SUCCESS, logIndex=2333, commits[fd4515e9-84f2-4741-b1f5-a9247145a2ac:c2335, 2e3e112c-ad01-4834-a07e-d6d8a7947632:c2331, dfee02f7-0d20-4e08-8ecd-ebe087394a07:c2331]
2019-07-08 20:09:31,130 INFO  client.GrpcClientProtocolClient (GrpcClientProtocolClient.java:onNext(255)) - client-83AFC0B42279->fd4515e9-84f2-4741-b1f5-a9247145a2ac: receive RaftClientReply:client-83AFC0B42279->fd4515e9-84f2-4741-b1f5-a9247145a2ac@group-E2152A48AE85, cid=1634, SUCCESS, logIndex=2334, commits[fd4515e9-84f2-4741-b1f5-a9247145a2ac:c2335, 2e3e112c-ad01-4834-a07e-d6d8a7947632:c2331, dfee02f7-0d20-4e08-8ecd-ebe087394a07:c2331]
2019-07-08 20:09:31,131 INFO  client.GrpcClientProtocolClient (GrpcClientProtocolClient.java:onNext(255)) - client-83AFC0B42279->fd4515e9-84f2-4741-b1f5-a9247145a2ac: receive RaftClientReply:client-83AFC0B42279->fd4515e9-84f2-4741-b1f5-a9247145a2ac@group-E2152A48AE85, cid=1635, SUCCESS, logIndex=2335, commits[fd4515e9-84f2-4741-b1f5-a9247145a2ac:c2335, 2e3e112c-ad01-4834-a07e-d6d8a7947632:c2331, dfee02f7-0d20-4e08-8ecd-ebe087394a07:c2331]
2019-07-08 20:09:31,133 INFO  client.GrpcClientProtocolClient (GrpcClientProtocolClient.java:onNext(255)) - client-83AFC0B42279->fd4515e9-84f2-4741-b1f5-a9247145a2ac: receive RaftClientReply:client-83AFC0B42279->fd4515e9-84f2-4741-b1f5-a9247145a2ac@group-E2152A48AE85, cid=1636, SUCCESS, logIndex=0, commits[fd4515e9-84f2-4741-b1f5-a9247145a2ac:c2339, 2e3e112c-ad01-4834-a07e-d6d8a7947632:c2335, dfee02f7-0d20-4e08-8ecd-ebe087394a07:c2334]
2019-07-08 20:09:31,153 INFO  client.GrpcClientProtocolClient (GrpcClientProtocolClient.java:onNext(255)) - client-83AFC0B42279->fd4515e9-84f2-4741-b1f5-a9247145a2ac: receive RaftClientReply:client-83AFC0B42279->fd4515e9-84f2-4741-b1f5-a9247145a2ac@group-E2152A48AE85, cid=1637, SUCCESS, logIndex=2340, commits[fd4515e9-84f2-4741-b1f5-a9247145a2ac:c2341, 2e3e112c-ad01-4834-a07e-d6d8a7947632:c2339, dfee02f7-0d20-4e08-8ecd-ebe087394a07:c2339]
2019-07-08 20:09:31,153 INFO  client.GrpcClientProtocolClient (GrpcClientProtocolClient.java:onNext(255)) - client-83AFC0B42279->fd4515e9-84f2-4741-b1f5-a9247145a2ac: receive RaftClientReply:client-83AFC0B42279->fd4515e9-84f2-4741-b1f5-a9247145a2ac@group-E2152A48AE85, cid=1638, SUCCESS, logIndex=2341, commits[fd4515e9-84f2-4741-b1f5-a9247145a2ac:c2341, 2e3e112c-ad01-4834-a07e-d6d8a7947632:c2339, dfee02f7-0d20-4e08-8ecd-ebe087394a07:c2339]
2019-07-08 20:09:31,167 INFO  client.GrpcClientProtocolClient (GrpcClientProtocolClient.java:onNext(255)) - client-83AFC0B42279->fd4515e9-84f2-4741-b1f5-a9247145a2ac: receive RaftClientReply:client-83AFC0B42279->fd4515e9-84f2-4741-b1f5-a9247145a2ac@group-E2152A48AE85, cid=1639, SUCCESS, logIndex=2344, commits[fd4515e9-84f2-4741-b1f5-a9247145a2ac:c2344, 2e3e112c-ad01-4834-a07e-d6d8a7947632:c2341, dfee02f7-0d20-4e08-8ecd-ebe087394a07:c2341]
2019-07-08 20:09:31,168 INFO  client.GrpcClientProtocolClient (GrpcClientProtocolClient.java:onNext(255)) - client-83AFC0B42279->fd4515e9-84f2-4741-b1f5-a9247145a2ac: receive RaftClientReply:client-83AFC0B42279->fd4515e9-84f2-4741-b1f5-a9247145a2ac@group-E2152A48AE85, cid=1640, SUCCESS, logIndex=2345, commits[fd4515e9-84f2-4741-b1f5-a9247145a2ac:c2345, 2e3e112c-ad01-4834-a07e-d6d8a7947632:c2341, dfee02f7-0d20-4e08-8ecd-ebe087394a07:c2341]
2019-07-08 20:09:31,181 INFO  client.GrpcClientProtocolClient (GrpcClientProtocolClient.java:onNext(255)) - client-83AFC0B42279->fd4515e9-84f2-4741-b1f5-a9247145a2ac: receive RaftClientReply:client-83AFC0B42279->fd4515e9-84f2-4741-b1f5-a9247145a2ac@group-E2152A48AE85, cid=1641, SUCCESS, logIndex=0, commits[fd4515e9-84f2-4741-b1f5-a9247145a2ac:c2347, 2e3e112c-ad01-4834-a07e-d6d8a7947632:c2345, dfee02f7-0d20-4e08-8ecd-ebe087394a07:c2345]
2019-07-08 20:09:31,217 INFO  client.GrpcClientProtocolClient (GrpcClientProtocolClient.java:onNext(255)) - client-83AFC0B42279->fd4515e9-84f2-4741-b1f5-a9247145a2ac: receive RaftClientReply:client-83AFC0B42279->fd4515e9-84f2-4741-b1f5-a9247145a2ac@group-E2152A48AE85, cid=1642, SUCCESS, logIndex=2348, commits[fd4515e9-84f2-4741-b1f5-a9247145a2ac:c2349, 2e3e112c-ad01-4834-a07e-d6d8a7947632:c2347, dfee02f7-0d20-4e08-8ecd-ebe087394a07:c2347]
2019-07-08 20:09:31,217 INFO  client.GrpcClientProtocolClient (GrpcClientProtocolClient.java:onNext(255)) - client-83AFC0B42279->fd4515e9-84f2-4741-b1f5-a9247145a2ac: receive RaftClientReply:client-83AFC0B42279->fd4515e9-84f2-4741-b1f5-a9247145a2ac@group-E2152A48AE85, cid=1643, SUCCESS, logIndex=2349, commits[fd4515e9-84f2-4741-b1f5-a9247145a2ac:c2351, 2e3e112c-ad01-4834-a07e-d6d8a7947632:c2347, dfee02f7-0d20-4e08-8ecd-ebe087394a07:c2347]
2019-07-08 20:09:31,218 INFO  client.GrpcClientProtocolClient (GrpcClientProtocolClient.java:onNext(255)) - client-83AFC0B42279->fd4515e9-84f2-4741-b1f5-a9247145a2ac: receive RaftClientReply:client-83AFC0B42279->fd4515e9-84f2-4741-b1f5-a9247145a2ac@group-E2152A48AE85, cid=1644, SUCCESS, logIndex=2350, commits[fd4515e9-84f2-4741-b1f5-a9247145a2ac:c2351, 2e3e112c-ad01-4834-a07e-d6d8a7947632:c2347, dfee02f7-0d20-4e08-8ecd-ebe087394a07:c2347]
2019-07-08 20:09:31,218 INFO  client.GrpcClientProtocolClient (GrpcClientProtocolClient.java:onNext(255)) - client-83AFC0B42279->fd4515e9-84f2-4741-b1f5-a9247145a2ac: receive RaftClientReply:client-83AFC0B42279->fd4515e9-84f2-4741-b1f5-a9247145a2ac@group-E2152A48AE85, cid=1645, SUCCESS, logIndex=2351, commits[fd4515e9-84f2-4741-b1f5-a9247145a2ac:c2351, 2e3e112c-ad01-4834-a07e-d6d8a7947632:c2347, dfee02f7-0d20-4e08-8ecd-ebe087394a07:c2347]
2019-07-08 20:09:31,220 INFO  client.GrpcClientProtocolClient (GrpcClientProtocolClient.java:onNext(255)) - client-83AFC0B42279->fd4515e9-84f2-4741-b1f5-a9247145a2ac: receive RaftClientReply:client-83AFC0B42279->fd4515e9-84f2-4741-b1f5-a9247145a2ac@group-E2152A48AE85, cid=1646, SUCCESS, logIndex=0, commits[fd4515e9-84f2-4741-b1f5-a9247145a2ac:c2353, 2e3e112c-ad01-4834-a07e-d6d8a7947632:c2349, dfee02f7-0d20-4e08-8ecd-ebe087394a07:c2349]
2019-07-08 20:09:31,233 INFO  client.GrpcClientProtocolClient (GrpcClientProtocolClient.java:onNext(255)) - client-83AFC0B42279->fd4515e9-84f2-4741-b1f5-a9247145a2ac: receive RaftClientReply:client-83AFC0B42279->fd4515e9-84f2-4741-b1f5-a9247145a2ac@group-E2152A48AE85, cid=1647, SUCCESS, logIndex=2356, commits[fd4515e9-84f2-4741-b1f5-a9247145a2ac:c2357, 2e3e112c-ad01-4834-a07e-d6d8a7947632:c2355, dfee02f7-0d20-4e08-8ecd-ebe087394a07:c2355]
2019-07-08 20:09:31,233 INFO  client.GrpcClientProtocolClient (GrpcClientProtocolClient.java:onNext(255)) - client-83AFC0B42279->fd4515e9-84f2-4741-b1f5-a9247145a2ac: receive RaftClientReply:client-83AFC0B42279->fd4515e9-84f2-4741-b1f5-a9247145a2ac@group-E2152A48AE85, cid=1648, SUCCESS, logIndex=2357, commits[fd4515e9-84f2-4741-b1f5-a9247145a2ac:c2357, 2e3e112c-ad01-4834-a07e-d6d8a7947632:c2355, dfee02f7-0d20-4e08-8ecd-ebe087394a07:c2355]
2019-07-08 20:09:31,247 INFO  client.GrpcClientProtocolClient (GrpcClientProtocolClient.java:onNext(255)) - client-83AFC0B42279->fd4515e9-84f2-4741-b1f5-a9247145a2ac: receive RaftClientReply:client-83AFC0B42279->fd4515e9-84f2-4741-b1f5-a9247145a2ac@group-E2152A48AE85, cid=1649, SUCCESS, logIndex=2360, commits[fd4515e9-84f2-4741-b1f5-a9247145a2ac:c2361, 2e3e112c-ad01-4834-a07e-d6d8a7947632:c2357, dfee02f7-0d20-4e08-8ecd-ebe087394a07:c2357]
2019-07-08 20:09:31,248 INFO  client.GrpcClientProtocolClient (GrpcClientProtocolClient.java:onNext(255)) - client-83AFC0B42279->fd4515e9-84f2-4741-b1f5-a9247145a2ac: receive RaftClientReply:client-83AFC0B42279->fd4515e9-84f2-4741-b1f5-a9247145a2ac@group-E2152A48AE85, cid=1650, SUCCESS, logIndex=2361, commits[fd4515e9-84f2-4741-b1f5-a9247145a2ac:c2361, 2e3e112c-ad01-4834-a07e-d6d8a7947632:c2357, dfee02f7-0d20-4e08-8ecd-ebe087394a07:c2357]
2019-07-08 20:09:31,259 INFO  client.GrpcClientProtocolClient (GrpcClientProtocolClient.java:onNext(255)) - client-83AFC0B42279->fd4515e9-84f2-4741-b1f5-a9247145a2ac: receive RaftClientReply:client-83AFC0B42279->fd4515e9-84f2-4741-b1f5-a9247145a2ac@group-E2152A48AE85, cid=1651, SUCCESS, logIndex=0, commits[fd4515e9-84f2-4741-b1f5-a9247145a2ac:c2362, 2e3e112c-ad01-4834-a07e-d6d8a7947632:c2361, dfee02f7-0d20-4e08-8ecd-ebe087394a07:c2361]
2019-07-08 20:09:31,287 INFO  client.GrpcClientProtocolClient (GrpcClientProtocolClient.java:onNext(255)) - client-83AFC0B42279->fd4515e9-84f2-4741-b1f5-a9247145a2ac: receive RaftClientReply:client-83AFC0B42279->fd4515e9-84f2-4741-b1f5-a9247145a2ac@group-E2152A48AE85, cid=1652, SUCCESS, logIndex=2364, commits[fd4515e9-84f2-4741-b1f5-a9247145a2ac:c2365, 2e3e112c-ad01-4834-a07e-d6d8a7947632:c2363, dfee02f7-0d20-4e08-8ecd-ebe087394a07:c2363]
2019-07-08 20:09:31,288 INFO  client.GrpcClientProtocolClient (GrpcClientProtocolClient.java:onNext(255)) - client-83AFC0B42279->fd4515e9-84f2-4741-b1f5-a9247145a2ac: receive RaftClientReply:client-83AFC0B42279->fd4515e9-84f2-4741-b1f5-a9247145a2ac@group-E2152A48AE85, cid=1653, SUCCESS, logIndex=2365, commits[fd4515e9-84f2-4741-b1f5-a9247145a2ac:c2365, 2e3e112c-ad01-4834-a07e-d6d8a7947632:c2363, dfee02f7-0d20-4e08-8ecd-ebe087394a07:c2363]
2019-07-08 20:09:31,288 INFO  client.GrpcClientProtocolClient (GrpcClientProtocolClient.java:onNext(255)) - client-83AFC0B42279->fd4515e9-84f2-4741-b1f5-a9247145a2ac: receive RaftClientReply:client-83AFC0B42279->fd4515e9-84f2-4741-b1f5-a9247145a2ac@group-E2152A48AE85, cid=1654, SUCCESS, logIndex=2366, commits[fd4515e9-84f2-4741-b1f5-a9247145a2ac:c2367, 2e3e112c-ad01-4834-a07e-d6d8a7947632:c2363, dfee02f7-0d20-4e08-8ecd-ebe087394a07:c2363]
2019-07-08 20:09:31,289 INFO  client.GrpcClientProtocolClient (GrpcClientProtocolClient.java:onNext(255)) - client-83AFC0B42279->fd4515e9-84f2-4741-b1f5-a9247145a2ac: receive RaftClientReply:client-83AFC0B42279->fd4515e9-84f2-4741-b1f5-a9247145a2ac@group-E2152A48AE85, cid=1655, SUCCESS, logIndex=2367, commits[fd4515e9-84f2-4741-b1f5-a9247145a2ac:c2367, 2e3e112c-ad01-4834-a07e-d6d8a7947632:c2363, dfee02f7-0d20-4e08-8ecd-ebe087394a07:c2363]
2019-07-08 20:09:31,290 INFO  client.GrpcClientProtocolClient (GrpcClientProtocolClient.java:onNext(255)) - client-83AFC0B42279->fd4515e9-84f2-4741-b1f5-a9247145a2ac: receive RaftClientReply:client-83AFC0B42279->fd4515e9-84f2-4741-b1f5-a9247145a2ac@group-E2152A48AE85, cid=1656, SUCCESS, logIndex=0, commits[fd4515e9-84f2-4741-b1f5-a9247145a2ac:c2369, 2e3e112c-ad01-4834-a07e-d6d8a7947632:c2365, dfee02f7-0d20-4e08-8ecd-ebe087394a07:c2365]
2019-07-08 20:09:31,310 INFO  client.GrpcClientProtocolClient (GrpcClientProtocolClient.java:onNext(255)) - client-83AFC0B42279->fd4515e9-84f2-4741-b1f5-a9247145a2ac: receive RaftClientReply:client-83AFC0B42279->fd4515e9-84f2-4741-b1f5-a9247145a2ac@group-E2152A48AE85, cid=1657, SUCCESS, logIndex=2372, commits[fd4515e9-84f2-4741-b1f5-a9247145a2ac:c2373, 2e3e112c-ad01-4834-a07e-d6d8a7947632:c2371, dfee02f7-0d20-4e08-8ecd-ebe087394a07:c2371]
2019-07-08 20:09:31,311 INFO  client.GrpcClientProtocolClient (GrpcClientProtocolClient.java:onNext(255)) - client-83AFC0B42279->fd4515e9-84f2-4741-b1f5-a9247145a2ac: receive RaftClientReply:client-83AFC0B42279->fd4515e9-84f2-4741-b1f5-a9247145a2ac@group-E2152A48AE85, cid=1658, SUCCESS, logIndex=2373, commits[fd4515e9-84f2-4741-b1f5-a9247145a2ac:c2373, 2e3e112c-ad01-4834-a07e-d6d8a7947632:c2371, dfee02f7-0d20-4e08-8ecd-ebe087394a07:c2371]
2019-07-08 20:09:31,324 INFO  client.GrpcClientProtocolClient (GrpcClientProtocolClient.java:onNext(255)) - client-83AFC0B42279->fd4515e9-84f2-4741-b1f5-a9247145a2ac: receive RaftClientReply:client-83AFC0B42279->fd4515e9-84f2-4741-b1f5-a9247145a2ac@group-E2152A48AE85, cid=1659, SUCCESS, logIndex=2376, commits[fd4515e9-84f2-4741-b1f5-a9247145a2ac:c2377, 2e3e112c-ad01-4834-a07e-d6d8a7947632:c2373, dfee02f7-0d20-4e08-8ecd-ebe087394a07:c2373]
2019-07-08 20:09:31,324 INFO  client.GrpcClientProtocolClient (GrpcClientProtocolClient.java:onNext(255)) - client-83AFC0B42279->fd4515e9-84f2-4741-b1f5-a9247145a2ac: receive RaftClientReply:client-83AFC0B42279->fd4515e9-84f2-4741-b1f5-a9247145a2ac@group-E2152A48AE85, cid=1660, SUCCESS, logIndex=2377, commits[fd4515e9-84f2-4741-b1f5-a9247145a2ac:c2377, 2e3e112c-ad01-4834-a07e-d6d8a7947632:c2373, dfee02f7-0d20-4e08-8ecd-ebe087394a07:c2373]
2019-07-08 20:09:31,339 INFO  client.GrpcClientProtocolClient (GrpcClientProtocolClient.java:onNext(255)) - client-83AFC0B42279->fd4515e9-84f2-4741-b1f5-a9247145a2ac: receive RaftClientReply:client-83AFC0B42279->fd4515e9-84f2-4741-b1f5-a9247145a2ac@group-E2152A48AE85, cid=1661, SUCCESS, logIndex=0, commits[fd4515e9-84f2-4741-b1f5-a9247145a2ac:c2379, 2e3e112c-ad01-4834-a07e-d6d8a7947632:c2377, dfee02f7-0d20-4e08-8ecd-ebe087394a07:c2377]
2019-07-08 20:09:31,367 INFO  client.GrpcClientProtocolClient (GrpcClientProtocolClient.java:onNext(255)) - client-83AFC0B42279->fd4515e9-84f2-4741-b1f5-a9247145a2ac: receive RaftClientReply:client-83AFC0B42279->fd4515e9-84f2-4741-b1f5-a9247145a2ac@group-E2152A48AE85, cid=1662, SUCCESS, logIndex=2380, commits[fd4515e9-84f2-4741-b1f5-a9247145a2ac:c2381, 2e3e112c-ad01-4834-a07e-d6d8a7947632:c2379, dfee02f7-0d20-4e08-8ecd-ebe087394a07:c2379]
2019-07-08 20:09:31,368 INFO  client.GrpcClientProtocolClient (GrpcClientProtocolClient.java:onNext(255)) - client-83AFC0B42279->fd4515e9-84f2-4741-b1f5-a9247145a2ac: receive RaftClientReply:client-83AFC0B42279->fd4515e9-84f2-4741-b1f5-a9247145a2ac@group-E2152A48AE85, cid=1663, SUCCESS, logIndex=2381, commits[fd4515e9-84f2-4741-b1f5-a9247145a2ac:c2381, 2e3e112c-ad01-4834-a07e-d6d8a7947632:c2379, dfee02f7-0d20-4e08-8ecd-ebe087394a07:c2379]
2019-07-08 20:09:31,368 INFO  client.GrpcClientProtocolClient (GrpcClientProtocolClient.java:onNext(255)) - client-83AFC0B42279->fd4515e9-84f2-4741-b1f5-a9247145a2ac: receive RaftClientReply:client-83AFC0B42279->fd4515e9-84f2-4741-b1f5-a9247145a2ac@group-E2152A48AE85, cid=1664, SUCCESS, logIndex=2382, commits[fd4515e9-84f2-4741-b1f5-a9247145a2ac:c2382, 2e3e112c-ad01-4834-a07e-d6d8a7947632:c2379, dfee02f7-0d20-4e08-8ecd-ebe087394a07:c2379]
2019-07-08 20:09:31,369 INFO  client.GrpcClientProtocolClient (GrpcClientProtocolClient.java:onNext(255)) - client-83AFC0B42279->fd4515e9-84f2-4741-b1f5-a9247145a2ac: receive RaftClientReply:client-83AFC0B42279->fd4515e9-84f2-4741-b1f5-a9247145a2ac@group-E2152A48AE85, cid=1665, SUCCESS, logIndex=2383, commits[fd4515e9-84f2-4741-b1f5-a9247145a2ac:c2383, 2e3e112c-ad01-4834-a07e-d6d8a7947632:c2379, dfee02f7-0d20-4e08-8ecd-ebe087394a07:c2379]
2019-07-08 20:09:31,380 INFO  client.GrpcClientProtocolClient (GrpcClientProtocolClient.java:onNext(255)) - client-83AFC0B42279->fd4515e9-84f2-4741-b1f5-a9247145a2ac: receive RaftClientReply:client-83AFC0B42279->fd4515e9-84f2-4741-b1f5-a9247145a2ac@group-E2152A48AE85, cid=1666, SUCCESS, logIndex=0, commits[fd4515e9-84f2-4741-b1f5-a9247145a2ac:c2385, 2e3e112c-ad01-4834-a07e-d6d8a7947632:c2381, dfee02f7-0d20-4e08-8ecd-ebe087394a07:c2381]
2019-07-08 20:09:31,415 INFO  client.GrpcClientProtocolClient (GrpcClientProtocolClient.java:onNext(255)) - client-83AFC0B42279->fd4515e9-84f2-4741-b1f5-a9247145a2ac: receive RaftClientReply:client-83AFC0B42279->fd4515e9-84f2-4741-b1f5-a9247145a2ac@group-E2152A48AE85, cid=1667, SUCCESS, logIndex=2388, commits[fd4515e9-84f2-4741-b1f5-a9247145a2ac:c2389, 2e3e112c-ad01-4834-a07e-d6d8a7947632:c2387, dfee02f7-0d20-4e08-8ecd-ebe087394a07:c2387]
2019-07-08 20:09:31,415 INFO  client.GrpcClientProtocolClient (GrpcClientProtocolClient.java:onNext(255)) - client-83AFC0B42279->fd4515e9-84f2-4741-b1f5-a9247145a2ac: receive RaftClientReply:client-83AFC0B42279->fd4515e9-84f2-4741-b1f5-a9247145a2ac@group-E2152A48AE85, cid=1668, SUCCESS, logIndex=2389, commits[fd4515e9-84f2-4741-b1f5-a9247145a2ac:c2389, 2e3e112c-ad01-4834-a07e-d6d8a7947632:c2387, dfee02f7-0d20-4e08-8ecd-ebe087394a07:c2387]
2019-07-08 20:09:31,439 INFO  client.GrpcClientProtocolClient (GrpcClientProtocolClient.java:onNext(255)) - client-83AFC0B42279->fd4515e9-84f2-4741-b1f5-a9247145a2ac: receive RaftClientReply:client-83AFC0B42279->fd4515e9-84f2-4741-b1f5-a9247145a2ac@group-E2152A48AE85, cid=1669, SUCCESS, logIndex=2392, commits[fd4515e9-84f2-4741-b1f5-a9247145a2ac:c2393, 2e3e112c-ad01-4834-a07e-d6d8a7947632:c2389, dfee02f7-0d20-4e08-8ecd-ebe087394a07:c2389]
2019-07-08 20:09:31,440 INFO  client.GrpcClientProtocolClient (GrpcClientProtocolClient.java:onNext(255)) - client-83AFC0B42279->fd4515e9-84f2-4741-b1f5-a9247145a2ac: receive RaftClientReply:client-83AFC0B42279->fd4515e9-84f2-4741-b1f5-a9247145a2ac@group-E2152A48AE85, cid=1670, SUCCESS, logIndex=2393, commits[fd4515e9-84f2-4741-b1f5-a9247145a2ac:c2393, 2e3e112c-ad01-4834-a07e-d6d8a7947632:c2389, dfee02f7-0d20-4e08-8ecd-ebe087394a07:c2389]
2019-07-08 20:09:31,442 INFO  client.GrpcClientProtocolClient (GrpcClientProtocolClient.java:onNext(255)) - client-83AFC0B42279->fd4515e9-84f2-4741-b1f5-a9247145a2ac: receive RaftClientReply:client-83AFC0B42279->fd4515e9-84f2-4741-b1f5-a9247145a2ac@group-E2152A48AE85, cid=1671, SUCCESS, logIndex=0, commits[fd4515e9-84f2-4741-b1f5-a9247145a2ac:c2395, 2e3e112c-ad01-4834-a07e-d6d8a7947632:c2393, dfee02f7-0d20-4e08-8ecd-ebe087394a07:c2393]
2019-07-08 20:09:31,484 INFO  client.GrpcClientProtocolClient (GrpcClientProtocolClient.java:onNext(255)) - client-83AFC0B42279->fd4515e9-84f2-4741-b1f5-a9247145a2ac: receive RaftClientReply:client-83AFC0B42279->fd4515e9-84f2-4741-b1f5-a9247145a2ac@group-E2152A48AE85, cid=1672, SUCCESS, logIndex=2396, commits[fd4515e9-84f2-4741-b1f5-a9247145a2ac:c2399, 2e3e112c-ad01-4834-a07e-d6d8a7947632:c2395, dfee02f7-0d20-4e08-8ecd-ebe087394a07:c2395]
2019-07-08 20:09:31,485 INFO  client.GrpcClientProtocolClient (GrpcClientProtocolClient.java:onNext(255)) - client-83AFC0B42279->fd4515e9-84f2-4741-b1f5-a9247145a2ac: receive RaftClientReply:client-83AFC0B42279->fd4515e9-84f2-4741-b1f5-a9247145a2ac@group-E2152A48AE85, cid=1673, SUCCESS, logIndex=2397, commits[fd4515e9-84f2-4741-b1f5-a9247145a2ac:c2399, 2e3e112c-ad01-4834-a07e-d6d8a7947632:c2395, dfee02f7-0d20-4e08-8ecd-ebe087394a07:c2395]
2019-07-08 20:09:31,485 INFO  client.GrpcClientProtocolClient (GrpcClientProtocolClient.java:onNext(255)) - client-83AFC0B42279->fd4515e9-84f2-4741-b1f5-a9247145a2ac: receive RaftClientReply:client-83AFC0B42279->fd4515e9-84f2-4741-b1f5-a9247145a2ac@group-E2152A48AE85, cid=1674, SUCCESS, logIndex=2398, commits[fd4515e9-84f2-4741-b1f5-a9247145a2ac:c2399, 2e3e112c-ad01-4834-a07e-d6d8a7947632:c2395, dfee02f7-0d20-4e08-8ecd-ebe087394a07:c2395]
2019-07-08 20:09:31,485 INFO  client.GrpcClientProtocolClient (GrpcClientProtocolClient.java:onNext(255)) - client-83AFC0B42279->fd4515e9-84f2-4741-b1f5-a9247145a2ac: receive RaftClientReply:client-83AFC0B42279->fd4515e9-84f2-4741-b1f5-a9247145a2ac@group-E2152A48AE85, cid=1675, SUCCESS, logIndex=2399, commits[fd4515e9-84f2-4741-b1f5-a9247145a2ac:c2400, 2e3e112c-ad01-4834-a07e-d6d8a7947632:c2397, dfee02f7-0d20-4e08-8ecd-ebe087394a07:c2397]
2019-07-08 20:09:31,504 INFO  client.GrpcClientProtocolClient (GrpcClientProtocolClient.java:onNext(255)) - client-83AFC0B42279->fd4515e9-84f2-4741-b1f5-a9247145a2ac: receive RaftClientReply:client-83AFC0B42279->fd4515e9-84f2-4741-b1f5-a9247145a2ac@group-E2152A48AE85, cid=1676, SUCCESS, logIndex=2404, commits[fd4515e9-84f2-4741-b1f5-a9247145a2ac:c2405, 2e3e112c-ad01-4834-a07e-d6d8a7947632:c2403, dfee02f7-0d20-4e08-8ecd-ebe087394a07:c2403]
2019-07-08 20:09:31,504 INFO  client.GrpcClientProtocolClient (GrpcClientProtocolClient.java:onNext(255)) - client-83AFC0B42279->fd4515e9-84f2-4741-b1f5-a9247145a2ac: receive RaftClientReply:client-83AFC0B42279->fd4515e9-84f2-4741-b1f5-a9247145a2ac@group-E2152A48AE85, cid=1677, SUCCESS, logIndex=2405, commits[fd4515e9-84f2-4741-b1f5-a9247145a2ac:c2405, 2e3e112c-ad01-4834-a07e-d6d8a7947632:c2403, dfee02f7-0d20-4e08-8ecd-ebe087394a07:c2403]
2019-07-08 20:09:31,518 INFO  client.GrpcClientProtocolClient (GrpcClientProtocolClient.java:onNext(255)) - client-83AFC0B42279->fd4515e9-84f2-4741-b1f5-a9247145a2ac: receive RaftClientReply:client-83AFC0B42279->fd4515e9-84f2-4741-b1f5-a9247145a2ac@group-E2152A48AE85, cid=1678, SUCCESS, logIndex=2408, commits[fd4515e9-84f2-4741-b1f5-a9247145a2ac:c2409, 2e3e112c-ad01-4834-a07e-d6d8a7947632:c2405, dfee02f7-0d20-4e08-8ecd-ebe087394a07:c2405]
2019-07-08 20:09:31,518 INFO  client.GrpcClientProtocolClient (GrpcClientProtocolClient.java:onNext(255)) - client-83AFC0B42279->fd4515e9-84f2-4741-b1f5-a9247145a2ac: receive RaftClientReply:client-83AFC0B42279->fd4515e9-84f2-4741-b1f5-a9247145a2ac@group-E2152A48AE85, cid=1679, SUCCESS, logIndex=2409, commits[fd4515e9-84f2-4741-b1f5-a9247145a2ac:c2409, 2e3e112c-ad01-4834-a07e-d6d8a7947632:c2405, dfee02f7-0d20-4e08-8ecd-ebe087394a07:c2405]
2019-07-08 20:09:31,530 INFO  client.GrpcClientProtocolClient (GrpcClientProtocolClient.java:onNext(255)) - client-83AFC0B42279->fd4515e9-84f2-4741-b1f5-a9247145a2ac: receive RaftClientReply:client-83AFC0B42279->fd4515e9-84f2-4741-b1f5-a9247145a2ac@group-E2152A48AE85, cid=1680, SUCCESS, logIndex=0, commits[fd4515e9-84f2-4741-b1f5-a9247145a2ac:c2410, 2e3e112c-ad01-4834-a07e-d6d8a7947632:c2409, dfee02f7-0d20-4e08-8ecd-ebe087394a07:c2409]
2019-07-08 20:09:31,559 INFO  client.GrpcClientProtocolClient (GrpcClientProtocolClient.java:onNext(255)) - client-83AFC0B42279->fd4515e9-84f2-4741-b1f5-a9247145a2ac: receive RaftClientReply:client-83AFC0B42279->fd4515e9-84f2-4741-b1f5-a9247145a2ac@group-E2152A48AE85, cid=1681, SUCCESS, logIndex=2412, commits[fd4515e9-84f2-4741-b1f5-a9247145a2ac:c2413, 2e3e112c-ad01-4834-a07e-d6d8a7947632:c2411, dfee02f7-0d20-4e08-8ecd-ebe087394a07:c2411]
2019-07-08 20:09:31,560 INFO  client.GrpcClientProtocolClient (GrpcClientProtocolClient.java:onNext(255)) - client-83AFC0B42279->fd4515e9-84f2-4741-b1f5-a9247145a2ac: receive RaftClientReply:client-83AFC0B42279->fd4515e9-84f2-4741-b1f5-a9247145a2ac@group-E2152A48AE85, cid=1682, SUCCESS, logIndex=2413, commits[fd4515e9-84f2-4741-b1f5-a9247145a2ac:c2414, 2e3e112c-ad01-4834-a07e-d6d8a7947632:c2411, dfee02f7-0d20-4e08-8ecd-ebe087394a07:c2411]
2019-07-08 20:09:31,560 INFO  client.GrpcClientProtocolClient (GrpcClientProtocolClient.java:onNext(255)) - client-83AFC0B42279->fd4515e9-84f2-4741-b1f5-a9247145a2ac: receive RaftClientReply:client-83AFC0B42279->fd4515e9-84f2-4741-b1f5-a9247145a2ac@group-E2152A48AE85, cid=1683, SUCCESS, logIndex=2414, commits[fd4515e9-84f2-4741-b1f5-a9247145a2ac:c2415, 2e3e112c-ad01-4834-a07e-d6d8a7947632:c2411, dfee02f7-0d20-4e08-8ecd-ebe087394a07:c2411]
2019-07-08 20:09:31,560 INFO  client.GrpcClientProtocolClient (GrpcClientProtocolClient.java:onNext(255)) - client-83AFC0B42279->fd4515e9-84f2-4741-b1f5-a9247145a2ac: receive RaftClientReply:client-83AFC0B42279->fd4515e9-84f2-4741-b1f5-a9247145a2ac@group-E2152A48AE85, cid=1684, SUCCESS, logIndex=2415, commits[fd4515e9-84f2-4741-b1f5-a9247145a2ac:c2415, 2e3e112c-ad01-4834-a07e-d6d8a7947632:c2411, dfee02f7-0d20-4e08-8ecd-ebe087394a07:c2411]
2019-07-08 20:09:31,562 INFO  client.GrpcClientProtocolClient (GrpcClientProtocolClient.java:onNext(255)) - client-83AFC0B42279->fd4515e9-84f2-4741-b1f5-a9247145a2ac: receive RaftClientReply:client-83AFC0B42279->fd4515e9-84f2-4741-b1f5-a9247145a2ac@group-E2152A48AE85, cid=1685, SUCCESS, logIndex=0, commits[fd4515e9-84f2-4741-b1f5-a9247145a2ac:c2418, 2e3e112c-ad01-4834-a07e-d6d8a7947632:c2414, dfee02f7-0d20-4e08-8ecd-ebe087394a07:c2413]
2019-07-08 20:09:31,687 INFO  client.GrpcClientProtocolClient (GrpcClientProtocolClient.java:onNext(255)) - client-83AFC0B42279->fd4515e9-84f2-4741-b1f5-a9247145a2ac: receive RaftClientReply:client-83AFC0B42279->fd4515e9-84f2-4741-b1f5-a9247145a2ac@group-E2152A48AE85, cid=1686, SUCCESS, logIndex=2420, commits[fd4515e9-84f2-4741-b1f5-a9247145a2ac:c2421, 2e3e112c-ad01-4834-a07e-d6d8a7947632:c2419, dfee02f7-0d20-4e08-8ecd-ebe087394a07:c2419]
2019-07-08 20:09:31,687 INFO  client.GrpcClientProtocolClient (GrpcClientProtocolClient.java:onNext(255)) - client-83AFC0B42279->fd4515e9-84f2-4741-b1f5-a9247145a2ac: receive RaftClientReply:client-83AFC0B42279->fd4515e9-84f2-4741-b1f5-a9247145a2ac@group-E2152A48AE85, cid=1687, SUCCESS, logIndex=2421, commits[fd4515e9-84f2-4741-b1f5-a9247145a2ac:c2421, 2e3e112c-ad01-4834-a07e-d6d8a7947632:c2419, dfee02f7-0d20-4e08-8ecd-ebe087394a07:c2419]
2019-07-08 20:09:31,712 INFO  client.GrpcClientProtocolClient (GrpcClientProtocolClient.java:onNext(255)) - client-83AFC0B42279->fd4515e9-84f2-4741-b1f5-a9247145a2ac: receive RaftClientReply:client-83AFC0B42279->fd4515e9-84f2-4741-b1f5-a9247145a2ac@group-E2152A48AE85, cid=1688, SUCCESS, logIndex=2424, commits[fd4515e9-84f2-4741-b1f5-a9247145a2ac:c2425, 2e3e112c-ad01-4834-a07e-d6d8a7947632:c2421, dfee02f7-0d20-4e08-8ecd-ebe087394a07:c2420]
2019-07-08 20:09:31,713 INFO  client.GrpcClientProtocolClient (GrpcClientProtocolClient.java:onNext(255)) - client-83AFC0B42279->fd4515e9-84f2-4741-b1f5-a9247145a2ac: receive RaftClientReply:client-83AFC0B42279->fd4515e9-84f2-4741-b1f5-a9247145a2ac@group-E2152A48AE85, cid=1689, SUCCESS, logIndex=2425, commits[fd4515e9-84f2-4741-b1f5-a9247145a2ac:c2425, 2e3e112c-ad01-4834-a07e-d6d8a7947632:c2421, dfee02f7-0d20-4e08-8ecd-ebe087394a07:c2421]
2019-07-08 20:09:31,727 INFO  client.GrpcClientProtocolClient (GrpcClientProtocolClient.java:onNext(255)) - client-83AFC0B42279->fd4515e9-84f2-4741-b1f5-a9247145a2ac: receive RaftClientReply:client-83AFC0B42279->fd4515e9-84f2-4741-b1f5-a9247145a2ac@group-E2152A48AE85, cid=1690, SUCCESS, logIndex=0, commits[fd4515e9-84f2-4741-b1f5-a9247145a2ac:c2427, 2e3e112c-ad01-4834-a07e-d6d8a7947632:c2425, dfee02f7-0d20-4e08-8ecd-ebe087394a07:c2425]
2019-07-08 20:09:31,760 INFO  client.GrpcClientProtocolClient (GrpcClientProtocolClient.java:onNext(255)) - client-83AFC0B42279->fd4515e9-84f2-4741-b1f5-a9247145a2ac: receive RaftClientReply:client-83AFC0B42279->fd4515e9-84f2-4741-b1f5-a9247145a2ac@group-E2152A48AE85, cid=1691, SUCCESS, logIndex=2428, commits[fd4515e9-84f2-4741-b1f5-a9247145a2ac:c2431, 2e3e112c-ad01-4834-a07e-d6d8a7947632:c2425, dfee02f7-0d20-4e08-8ecd-ebe087394a07:c2427]
2019-07-08 20:09:31,761 INFO  client.GrpcClientProtocolClient (GrpcClientProtocolClient.java:onNext(255)) - client-83AFC0B42279->fd4515e9-84f2-4741-b1f5-a9247145a2ac: receive RaftClientReply:client-83AFC0B42279->fd4515e9-84f2-4741-b1f5-a9247145a2ac@group-E2152A48AE85, cid=1692, SUCCESS, logIndex=2429, commits[fd4515e9-84f2-4741-b1f5-a9247145a2ac:c2431, 2e3e112c-ad01-4834-a07e-d6d8a7947632:c2427, dfee02f7-0d20-4e08-8ecd-ebe087394a07:c2427]
2019-07-08 20:09:31,761 INFO  client.GrpcClientProtocolClient (GrpcClientProtocolClient.java:onNext(255)) - client-83AFC0B42279->fd4515e9-84f2-4741-b1f5-a9247145a2ac: receive RaftClientReply:client-83AFC0B42279->fd4515e9-84f2-4741-b1f5-a9247145a2ac@group-E2152A48AE85, cid=1693, SUCCESS, logIndex=2430, commits[fd4515e9-84f2-4741-b1f5-a9247145a2ac:c2431, 2e3e112c-ad01-4834-a07e-d6d8a7947632:c2427, dfee02f7-0d20-4e08-8ecd-ebe087394a07:c2427]
2019-07-08 20:09:31,762 INFO  client.GrpcClientProtocolClient (GrpcClientProtocolClient.java:onNext(255)) - client-83AFC0B42279->fd4515e9-84f2-4741-b1f5-a9247145a2ac: receive RaftClientReply:client-83AFC0B42279->fd4515e9-84f2-4741-b1f5-a9247145a2ac@group-E2152A48AE85, cid=1694, SUCCESS, logIndex=2431, commits[fd4515e9-84f2-4741-b1f5-a9247145a2ac:c2431, 2e3e112c-ad01-4834-a07e-d6d8a7947632:c2427, dfee02f7-0d20-4e08-8ecd-ebe087394a07:c2427]
2019-07-08 20:09:31,772 INFO  client.GrpcClientProtocolClient (GrpcClientProtocolClient.java:onNext(255)) - client-83AFC0B42279->fd4515e9-84f2-4741-b1f5-a9247145a2ac: receive RaftClientReply:client-83AFC0B42279->fd4515e9-84f2-4741-b1f5-a9247145a2ac@group-E2152A48AE85, cid=1695, SUCCESS, logIndex=0, commits[fd4515e9-84f2-4741-b1f5-a9247145a2ac:c2432, 2e3e112c-ad01-4834-a07e-d6d8a7947632:c2431, dfee02f7-0d20-4e08-8ecd-ebe087394a07:c2431]
2019-07-08 20:09:31,792 INFO  client.GrpcClientProtocolClient (GrpcClientProtocolClient.java:onNext(255)) - client-83AFC0B42279->fd4515e9-84f2-4741-b1f5-a9247145a2ac: receive RaftClientReply:client-83AFC0B42279->fd4515e9-84f2-4741-b1f5-a9247145a2ac@group-E2152A48AE85, cid=1696, SUCCESS, logIndex=2433, commits[fd4515e9-84f2-4741-b1f5-a9247145a2ac:c2434, 2e3e112c-ad01-4834-a07e-d6d8a7947632:c2432, dfee02f7-0d20-4e08-8ecd-ebe087394a07:c2432]
2019-07-08 20:09:31,792 INFO  client.GrpcClientProtocolClient (GrpcClientProtocolClient.java:onNext(255)) - client-83AFC0B42279->fd4515e9-84f2-4741-b1f5-a9247145a2ac: receive RaftClientReply:client-83AFC0B42279->fd4515e9-84f2-4741-b1f5-a9247145a2ac@group-E2152A48AE85, cid=1697, SUCCESS, logIndex=2434, commits[fd4515e9-84f2-4741-b1f5-a9247145a2ac:c2434, 2e3e112c-ad01-4834-a07e-d6d8a7947632:c2432, dfee02f7-0d20-4e08-8ecd-ebe087394a07:c2432]
2019-07-08 20:09:31,806 INFO  client.GrpcClientProtocolClient (GrpcClientProtocolClient.java:onNext(255)) - client-83AFC0B42279->fd4515e9-84f2-4741-b1f5-a9247145a2ac: receive RaftClientReply:client-83AFC0B42279->fd4515e9-84f2-4741-b1f5-a9247145a2ac@group-E2152A48AE85, cid=1698, SUCCESS, logIndex=2437, commits[fd4515e9-84f2-4741-b1f5-a9247145a2ac:c2438, 2e3e112c-ad01-4834-a07e-d6d8a7947632:c2434, dfee02f7-0d20-4e08-8ecd-ebe087394a07:c2434]
2019-07-08 20:09:31,806 INFO  client.GrpcClientProtocolClient (GrpcClientProtocolClient.java:onNext(255)) - client-83AFC0B42279->fd4515e9-84f2-4741-b1f5-a9247145a2ac: receive RaftClientReply:client-83AFC0B42279->fd4515e9-84f2-4741-b1f5-a9247145a2ac@group-E2152A48AE85, cid=1699, SUCCESS, logIndex=2438, commits[fd4515e9-84f2-4741-b1f5-a9247145a2ac:c2438, 2e3e112c-ad01-4834-a07e-d6d8a7947632:c2434, dfee02f7-0d20-4e08-8ecd-ebe087394a07:c2434]
2019-07-08 20:09:31,821 INFO  client.GrpcClientProtocolClient (GrpcClientProtocolClient.java:onNext(255)) - client-83AFC0B42279->fd4515e9-84f2-4741-b1f5-a9247145a2ac: receive RaftClientReply:client-83AFC0B42279->fd4515e9-84f2-4741-b1f5-a9247145a2ac@group-E2152A48AE85, cid=1700, SUCCESS, logIndex=0, commits[fd4515e9-84f2-4741-b1f5-a9247145a2ac:c2439, 2e3e112c-ad01-4834-a07e-d6d8a7947632:c2438, dfee02f7-0d20-4e08-8ecd-ebe087394a07:c2438]
2019-07-08 20:09:31,848 INFO  client.GrpcClientProtocolClient (GrpcClientProtocolClient.java:onNext(255)) - client-83AFC0B42279->fd4515e9-84f2-4741-b1f5-a9247145a2ac: receive RaftClientReply:client-83AFC0B42279->fd4515e9-84f2-4741-b1f5-a9247145a2ac@group-E2152A48AE85, cid=1701, SUCCESS, logIndex=2441, commits[fd4515e9-84f2-4741-b1f5-a9247145a2ac:c2441, 2e3e112c-ad01-4834-a07e-d6d8a7947632:c2440, dfee02f7-0d20-4e08-8ecd-ebe087394a07:c2440]
2019-07-08 20:09:31,849 INFO  client.GrpcClientProtocolClient (GrpcClientProtocolClient.java:onNext(255)) - client-83AFC0B42279->fd4515e9-84f2-4741-b1f5-a9247145a2ac: receive RaftClientReply:client-83AFC0B42279->fd4515e9-84f2-4741-b1f5-a9247145a2ac@group-E2152A48AE85, cid=1702, SUCCESS, logIndex=2442, commits[fd4515e9-84f2-4741-b1f5-a9247145a2ac:c2443, 2e3e112c-ad01-4834-a07e-d6d8a7947632:c2440, dfee02f7-0d20-4e08-8ecd-ebe087394a07:c2440]
2019-07-08 20:09:31,850 INFO  client.GrpcClientProtocolClient (GrpcClientProtocolClient.java:onNext(255)) - client-83AFC0B42279->fd4515e9-84f2-4741-b1f5-a9247145a2ac: receive RaftClientReply:client-83AFC0B42279->fd4515e9-84f2-4741-b1f5-a9247145a2ac@group-E2152A48AE85, cid=1703, SUCCESS, logIndex=2443, commits[fd4515e9-84f2-4741-b1f5-a9247145a2ac:c2444, 2e3e112c-ad01-4834-a07e-d6d8a7947632:c2440, dfee02f7-0d20-4e08-8ecd-ebe087394a07:c2440]
2019-07-08 20:09:31,850 INFO  client.GrpcClientProtocolClient (GrpcClientProtocolClient.java:onNext(255)) - client-83AFC0B42279->fd4515e9-84f2-4741-b1f5-a9247145a2ac: receive RaftClientReply:client-83AFC0B42279->fd4515e9-84f2-4741-b1f5-a9247145a2ac@group-E2152A48AE85, cid=1704, SUCCESS, logIndex=2444, commits[fd4515e9-84f2-4741-b1f5-a9247145a2ac:c2445, 2e3e112c-ad01-4834-a07e-d6d8a7947632:c2440, dfee02f7-0d20-4e08-8ecd-ebe087394a07:c2441]
2019-07-08 20:09:31,851 INFO  client.GrpcClientProtocolClient (GrpcClientProtocolClient.java:onNext(255)) - client-83AFC0B42279->fd4515e9-84f2-4741-b1f5-a9247145a2ac: receive RaftClientReply:client-83AFC0B42279->fd4515e9-84f2-4741-b1f5-a9247145a2ac@group-E2152A48AE85, cid=1705, SUCCESS, logIndex=0, commits[fd4515e9-84f2-4741-b1f5-a9247145a2ac:c2446, 2e3e112c-ad01-4834-a07e-d6d8a7947632:c2442, dfee02f7-0d20-4e08-8ecd-ebe087394a07:c2442]
2019-07-08 20:09:31,870 INFO  client.GrpcClientProtocolClient (GrpcClientProtocolClient.java:onNext(255)) - client-83AFC0B42279->fd4515e9-84f2-4741-b1f5-a9247145a2ac: receive RaftClientReply:client-83AFC0B42279->fd4515e9-84f2-4741-b1f5-a9247145a2ac@group-E2152A48AE85, cid=1706, SUCCESS, logIndex=2449, commits[fd4515e9-84f2-4741-b1f5-a9247145a2ac:c2450, 2e3e112c-ad01-4834-a07e-d6d8a7947632:c2448, dfee02f7-0d20-4e08-8ecd-ebe087394a07:c2448]
2019-07-08 20:09:31,871 INFO  client.GrpcClientProtocolClient (GrpcClientProtocolClient.java:onNext(255)) - client-83AFC0B42279->fd4515e9-84f2-4741-b1f5-a9247145a2ac: receive RaftClientReply:client-83AFC0B42279->fd4515e9-84f2-4741-b1f5-a9247145a2ac@group-E2152A48AE85, cid=1707, SUCCESS, logIndex=2450, commits[fd4515e9-84f2-4741-b1f5-a9247145a2ac:c2450, 2e3e112c-ad01-4834-a07e-d6d8a7947632:c2448, dfee02f7-0d20-4e08-8ecd-ebe087394a07:c2448]
2019-07-08 20:09:31,883 INFO  client.GrpcClientProtocolClient (GrpcClientProtocolClient.java:onNext(255)) - client-83AFC0B42279->fd4515e9-84f2-4741-b1f5-a9247145a2ac: receive RaftClientReply:client-83AFC0B42279->fd4515e9-84f2-4741-b1f5-a9247145a2ac@group-E2152A48AE85, cid=1708, SUCCESS, logIndex=2453, commits[fd4515e9-84f2-4741-b1f5-a9247145a2ac:c2454, 2e3e112c-ad01-4834-a07e-d6d8a7947632:c2450, dfee02f7-0d20-4e08-8ecd-ebe087394a07:c2450]
2019-07-08 20:09:31,884 INFO  client.GrpcClientProtocolClient (GrpcClientProtocolClient.java:onNext(255)) - client-83AFC0B42279->fd4515e9-84f2-4741-b1f5-a9247145a2ac: receive RaftClientReply:client-83AFC0B42279->fd4515e9-84f2-4741-b1f5-a9247145a2ac@group-E2152A48AE85, cid=1709, SUCCESS, logIndex=2454, commits[fd4515e9-84f2-4741-b1f5-a9247145a2ac:c2454, 2e3e112c-ad01-4834-a07e-d6d8a7947632:c2450, dfee02f7-0d20-4e08-8ecd-ebe087394a07:c2450]
2019-07-08 20:09:31,897 INFO  client.GrpcClientProtocolClient (GrpcClientProtocolClient.java:onNext(255)) - client-83AFC0B42279->fd4515e9-84f2-4741-b1f5-a9247145a2ac: receive RaftClientReply:client-83AFC0B42279->fd4515e9-84f2-4741-b1f5-a9247145a2ac@group-E2152A48AE85, cid=1710, SUCCESS, logIndex=0, commits[fd4515e9-84f2-4741-b1f5-a9247145a2ac:c2456, 2e3e112c-ad01-4834-a07e-d6d8a7947632:c2454, dfee02f7-0d20-4e08-8ecd-ebe087394a07:c2454]
2019-07-08 20:09:31,923 INFO  client.GrpcClientProtocolClient (GrpcClientProtocolClient.java:onNext(255)) - client-83AFC0B42279->fd4515e9-84f2-4741-b1f5-a9247145a2ac: receive RaftClientReply:client-83AFC0B42279->fd4515e9-84f2-4741-b1f5-a9247145a2ac@group-E2152A48AE85, cid=1711, SUCCESS, logIndex=2457, commits[fd4515e9-84f2-4741-b1f5-a9247145a2ac:c2458, 2e3e112c-ad01-4834-a07e-d6d8a7947632:c2456, dfee02f7-0d20-4e08-8ecd-ebe087394a07:c2456]
2019-07-08 20:09:31,924 INFO  client.GrpcClientProtocolClient (GrpcClientProtocolClient.java:onNext(255)) - client-83AFC0B42279->fd4515e9-84f2-4741-b1f5-a9247145a2ac: receive RaftClientReply:client-83AFC0B42279->fd4515e9-84f2-4741-b1f5-a9247145a2ac@group-E2152A48AE85, cid=1712, SUCCESS, logIndex=2458, commits[fd4515e9-84f2-4741-b1f5-a9247145a2ac:c2458, 2e3e112c-ad01-4834-a07e-d6d8a7947632:c2456, dfee02f7-0d20-4e08-8ecd-ebe087394a07:c2456]
2019-07-08 20:09:31,925 INFO  client.GrpcClientProtocolClient (GrpcClientProtocolClient.java:onNext(255)) - client-83AFC0B42279->fd4515e9-84f2-4741-b1f5-a9247145a2ac: receive RaftClientReply:client-83AFC0B42279->fd4515e9-84f2-4741-b1f5-a9247145a2ac@group-E2152A48AE85, cid=1713, SUCCESS, logIndex=2459, commits[fd4515e9-84f2-4741-b1f5-a9247145a2ac:c2460, 2e3e112c-ad01-4834-a07e-d6d8a7947632:c2456, dfee02f7-0d20-4e08-8ecd-ebe087394a07:c2456]
2019-07-08 20:09:31,925 INFO  client.GrpcClientProtocolClient (GrpcClientProtocolClient.java:onNext(255)) - client-83AFC0B42279->fd4515e9-84f2-4741-b1f5-a9247145a2ac: receive RaftClientReply:client-83AFC0B42279->fd4515e9-84f2-4741-b1f5-a9247145a2ac@group-E2152A48AE85, cid=1714, SUCCESS, logIndex=2460, commits[fd4515e9-84f2-4741-b1f5-a9247145a2ac:c2460, 2e3e112c-ad01-4834-a07e-d6d8a7947632:c2456, dfee02f7-0d20-4e08-8ecd-ebe087394a07:c2456]
2019-07-08 20:09:31,926 INFO  client.GrpcClientProtocolClient (GrpcClientProtocolClient.java:onNext(255)) - client-83AFC0B42279->fd4515e9-84f2-4741-b1f5-a9247145a2ac: receive RaftClientReply:client-83AFC0B42279->fd4515e9-84f2-4741-b1f5-a9247145a2ac@group-E2152A48AE85, cid=1715, SUCCESS, logIndex=0, commits[fd4515e9-84f2-4741-b1f5-a9247145a2ac:c2462, 2e3e112c-ad01-4834-a07e-d6d8a7947632:c2458, dfee02f7-0d20-4e08-8ecd-ebe087394a07:c2458]
2019-07-08 20:09:31,946 INFO  client.GrpcClientProtocolClient (GrpcClientProtocolClient.java:onNext(255)) - client-83AFC0B42279->fd4515e9-84f2-4741-b1f5-a9247145a2ac: receive RaftClientReply:client-83AFC0B42279->fd4515e9-84f2-4741-b1f5-a9247145a2ac@group-E2152A48AE85, cid=1716, SUCCESS, logIndex=2465, commits[fd4515e9-84f2-4741-b1f5-a9247145a2ac:c2466, 2e3e112c-ad01-4834-a07e-d6d8a7947632:c2464, dfee02f7-0d20-4e08-8ecd-ebe087394a07:c2464]
2019-07-08 20:09:31,947 INFO  client.GrpcClientProtocolClient (GrpcClientProtocolClient.java:onNext(255)) - client-83AFC0B42279->fd4515e9-84f2-4741-b1f5-a9247145a2ac: receive RaftClientReply:client-83AFC0B42279->fd4515e9-84f2-4741-b1f5-a9247145a2ac@group-E2152A48AE85, cid=1717, SUCCESS, logIndex=2466, commits[fd4515e9-84f2-4741-b1f5-a9247145a2ac:c2466, 2e3e112c-ad01-4834-a07e-d6d8a7947632:c2464, dfee02f7-0d20-4e08-8ecd-ebe087394a07:c2464]
2019-07-08 20:09:31,962 INFO  client.GrpcClientProtocolClient (GrpcClientProtocolClient.java:onNext(255)) - client-83AFC0B42279->fd4515e9-84f2-4741-b1f5-a9247145a2ac: receive RaftClientReply:client-83AFC0B42279->fd4515e9-84f2-4741-b1f5-a9247145a2ac@group-E2152A48AE85, cid=1718, SUCCESS, logIndex=2469, commits[fd4515e9-84f2-4741-b1f5-a9247145a2ac:c2469, 2e3e112c-ad01-4834-a07e-d6d8a7947632:c2466, dfee02f7-0d20-4e08-8ecd-ebe087394a07:c2466]
2019-07-08 20:09:31,962 INFO  client.GrpcClientProtocolClient (GrpcClientProtocolClient.java:onNext(255)) - client-83AFC0B42279->fd4515e9-84f2-4741-b1f5-a9247145a2ac: receive RaftClientReply:client-83AFC0B42279->fd4515e9-84f2-4741-b1f5-a9247145a2ac@group-E2152A48AE85, cid=1719, SUCCESS, logIndex=2470, commits[fd4515e9-84f2-4741-b1f5-a9247145a2ac:c2470, 2e3e112c-ad01-4834-a07e-d6d8a7947632:c2466, dfee02f7-0d20-4e08-8ecd-ebe087394a07:c2466]
2019-07-08 20:09:31,975 INFO  client.GrpcClientProtocolClient (GrpcClientProtocolClient.java:onNext(255)) - client-83AFC0B42279->fd4515e9-84f2-4741-b1f5-a9247145a2ac: receive RaftClientReply:client-83AFC0B42279->fd4515e9-84f2-4741-b1f5-a9247145a2ac@group-E2152A48AE85, cid=1720, SUCCESS, logIndex=0, commits[fd4515e9-84f2-4741-b1f5-a9247145a2ac:c2472, 2e3e112c-ad01-4834-a07e-d6d8a7947632:c2470, dfee02f7-0d20-4e08-8ecd-ebe087394a07:c2470]
2019-07-08 20:09:32,000 INFO  client.GrpcClientProtocolClient (GrpcClientProtocolClient.java:onNext(255)) - client-83AFC0B42279->fd4515e9-84f2-4741-b1f5-a9247145a2ac: receive RaftClientReply:client-83AFC0B42279->fd4515e9-84f2-4741-b1f5-a9247145a2ac@group-E2152A48AE85, cid=1721, SUCCESS, logIndex=2473, commits[fd4515e9-84f2-4741-b1f5-a9247145a2ac:c2474, 2e3e112c-ad01-4834-a07e-d6d8a7947632:c2472, dfee02f7-0d20-4e08-8ecd-ebe087394a07:c2472]
2019-07-08 20:09:32,000 INFO  client.GrpcClientProtocolClient (GrpcClientProtocolClient.java:onNext(255)) - client-83AFC0B42279->fd4515e9-84f2-4741-b1f5-a9247145a2ac: receive RaftClientReply:client-83AFC0B42279->fd4515e9-84f2-4741-b1f5-a9247145a2ac@group-E2152A48AE85, cid=1722, SUCCESS, logIndex=2474, commits[fd4515e9-84f2-4741-b1f5-a9247145a2ac:c2474, 2e3e112c-ad01-4834-a07e-d6d8a7947632:c2472, dfee02f7-0d20-4e08-8ecd-ebe087394a07:c2472]
2019-07-08 20:09:32,001 INFO  client.GrpcClientProtocolClient (GrpcClientProtocolClient.java:onNext(255)) - client-83AFC0B42279->fd4515e9-84f2-4741-b1f5-a9247145a2ac: receive RaftClientReply:client-83AFC0B42279->fd4515e9-84f2-4741-b1f5-a9247145a2ac@group-E2152A48AE85, cid=1723, SUCCESS, logIndex=2475, commits[fd4515e9-84f2-4741-b1f5-a9247145a2ac:c2476, 2e3e112c-ad01-4834-a07e-d6d8a7947632:c2472, dfee02f7-0d20-4e08-8ecd-ebe087394a07:c2472]
2019-07-08 20:09:32,001 INFO  client.GrpcClientProtocolClient (GrpcClientProtocolClient.java:onNext(255)) - client-83AFC0B42279->fd4515e9-84f2-4741-b1f5-a9247145a2ac: receive RaftClientReply:client-83AFC0B42279->fd4515e9-84f2-4741-b1f5-a9247145a2ac@group-E2152A48AE85, cid=1724, SUCCESS, logIndex=2476, commits[fd4515e9-84f2-4741-b1f5-a9247145a2ac:c2476, 2e3e112c-ad01-4834-a07e-d6d8a7947632:c2472, dfee02f7-0d20-4e08-8ecd-ebe087394a07:c2472]
2019-07-08 20:09:32,003 INFO  client.GrpcClientProtocolClient (GrpcClientProtocolClient.java:onNext(255)) - client-83AFC0B42279->fd4515e9-84f2-4741-b1f5-a9247145a2ac: receive RaftClientReply:client-83AFC0B42279->fd4515e9-84f2-4741-b1f5-a9247145a2ac@group-E2152A48AE85, cid=1725, SUCCESS, logIndex=0, commits[fd4515e9-84f2-4741-b1f5-a9247145a2ac:c2480, 2e3e112c-ad01-4834-a07e-d6d8a7947632:c2476, dfee02f7-0d20-4e08-8ecd-ebe087394a07:c2474]
2019-07-08 20:09:32,017 INFO  client.GrpcClientProtocolClient (GrpcClientProtocolClient.java:onNext(255)) - client-83AFC0B42279->fd4515e9-84f2-4741-b1f5-a9247145a2ac: receive RaftClientReply:client-83AFC0B42279->fd4515e9-84f2-4741-b1f5-a9247145a2ac@group-E2152A48AE85, cid=1726, SUCCESS, logIndex=2481, commits[fd4515e9-84f2-4741-b1f5-a9247145a2ac:c2482, 2e3e112c-ad01-4834-a07e-d6d8a7947632:c2480, dfee02f7-0d20-4e08-8ecd-ebe087394a07:c2480]
2019-07-08 20:09:32,017 INFO  client.GrpcClientProtocolClient (GrpcClientProtocolClient.java:onNext(255)) - client-83AFC0B42279->fd4515e9-84f2-4741-b1f5-a9247145a2ac: receive RaftClientReply:client-83AFC0B42279->fd4515e9-84f2-4741-b1f5-a9247145a2ac@group-E2152A48AE85, cid=1727, SUCCESS, logIndex=2482, commits[fd4515e9-84f2-4741-b1f5-a9247145a2ac:c2482, 2e3e112c-ad01-4834-a07e-d6d8a7947632:c2480, dfee02f7-0d20-4e08-8ecd-ebe087394a07:c2480]
2019-07-08 20:09:32,037 INFO  client.GrpcClientProtocolClient (GrpcClientProtocolClient.java:onNext(255)) - client-83AFC0B42279->fd4515e9-84f2-4741-b1f5-a9247145a2ac: receive RaftClientReply:client-83AFC0B42279->fd4515e9-84f2-4741-b1f5-a9247145a2ac@group-E2152A48AE85, cid=1728, SUCCESS, logIndex=2485, commits[fd4515e9-84f2-4741-b1f5-a9247145a2ac:c2486, 2e3e112c-ad01-4834-a07e-d6d8a7947632:c2484, dfee02f7-0d20-4e08-8ecd-ebe087394a07:c2484]
2019-07-08 20:09:32,037 INFO  client.GrpcClientProtocolClient (GrpcClientProtocolClient.java:onNext(255)) - client-83AFC0B42279->fd4515e9-84f2-4741-b1f5-a9247145a2ac: receive RaftClientReply:client-83AFC0B42279->fd4515e9-84f2-4741-b1f5-a9247145a2ac@group-E2152A48AE85, cid=1729, SUCCESS, logIndex=2486, commits[fd4515e9-84f2-4741-b1f5-a9247145a2ac:c2486, 2e3e112c-ad01-4834-a07e-d6d8a7947632:c2484, dfee02f7-0d20-4e08-8ecd-ebe087394a07:c2484]
2019-07-08 20:09:32,050 INFO  client.GrpcClientProtocolClient (GrpcClientProtocolClient.java:onNext(255)) - client-83AFC0B42279->fd4515e9-84f2-4741-b1f5-a9247145a2ac: receive RaftClientReply:client-83AFC0B42279->fd4515e9-84f2-4741-b1f5-a9247145a2ac@group-E2152A48AE85, cid=1730, SUCCESS, logIndex=0, commits[fd4515e9-84f2-4741-b1f5-a9247145a2ac:c2488, 2e3e112c-ad01-4834-a07e-d6d8a7947632:c2486, dfee02f7-0d20-4e08-8ecd-ebe087394a07:c2486]
2019-07-08 20:09:32,078 INFO  client.GrpcClientProtocolClient (GrpcClientProtocolClient.java:onNext(255)) - client-83AFC0B42279->fd4515e9-84f2-4741-b1f5-a9247145a2ac: receive RaftClientReply:client-83AFC0B42279->fd4515e9-84f2-4741-b1f5-a9247145a2ac@group-E2152A48AE85, cid=1731, SUCCESS, logIndex=2489, commits[fd4515e9-84f2-4741-b1f5-a9247145a2ac:c2490, 2e3e112c-ad01-4834-a07e-d6d8a7947632:c2488, dfee02f7-0d20-4e08-8ecd-ebe087394a07:c2488]
2019-07-08 20:09:32,079 INFO  client.GrpcClientProtocolClient (GrpcClientProtocolClient.java:onNext(255)) - client-83AFC0B42279->fd4515e9-84f2-4741-b1f5-a9247145a2ac: receive RaftClientReply:client-83AFC0B42279->fd4515e9-84f2-4741-b1f5-a9247145a2ac@group-E2152A48AE85, cid=1732, SUCCESS, logIndex=2490, commits[fd4515e9-84f2-4741-b1f5-a9247145a2ac:c2490, 2e3e112c-ad01-4834-a07e-d6d8a7947632:c2488, dfee02f7-0d20-4e08-8ecd-ebe087394a07:c2488]
2019-07-08 20:09:32,079 INFO  client.GrpcClientProtocolClient (GrpcClientProtocolClient.java:onNext(255)) - client-83AFC0B42279->fd4515e9-84f2-4741-b1f5-a9247145a2ac: receive RaftClientReply:client-83AFC0B42279->fd4515e9-84f2-4741-b1f5-a9247145a2ac@group-E2152A48AE85, cid=1733, SUCCESS, logIndex=2491, commits[fd4515e9-84f2-4741-b1f5-a9247145a2ac:c2492, 2e3e112c-ad01-4834-a07e-d6d8a7947632:c2488, dfee02f7-0d20-4e08-8ecd-ebe087394a07:c2488]
2019-07-08 20:09:32,080 INFO  client.GrpcClientProtocolClient (GrpcClientProtocolClient.java:onNext(255)) - client-83AFC0B42279->fd4515e9-84f2-4741-b1f5-a9247145a2ac: receive RaftClientReply:client-83AFC0B42279->fd4515e9-84f2-4741-b1f5-a9247145a2ac@group-E2152A48AE85, cid=1734, SUCCESS, logIndex=2492, commits[fd4515e9-84f2-4741-b1f5-a9247145a2ac:c2492, 2e3e112c-ad01-4834-a07e-d6d8a7947632:c2488, dfee02f7-0d20-4e08-8ecd-ebe087394a07:c2488]
2019-07-08 20:09:32,081 INFO  client.GrpcClientProtocolClient (GrpcClientProtocolClient.java:onNext(255)) - client-83AFC0B42279->fd4515e9-84f2-4741-b1f5-a9247145a2ac: receive RaftClientReply:client-83AFC0B42279->fd4515e9-84f2-4741-b1f5-a9247145a2ac@group-E2152A48AE85, cid=1735, SUCCESS, logIndex=0, commits[fd4515e9-84f2-4741-b1f5-a9247145a2ac:c2494, 2e3e112c-ad01-4834-a07e-d6d8a7947632:c2490, dfee02f7-0d20-4e08-8ecd-ebe087394a07:c2490]
2019-07-08 20:09:32,101 INFO  client.GrpcClientProtocolClient (GrpcClientProtocolClient.java:onNext(255)) - client-83AFC0B42279->fd4515e9-84f2-4741-b1f5-a9247145a2ac: receive RaftClientReply:client-83AFC0B42279->fd4515e9-84f2-4741-b1f5-a9247145a2ac@group-E2152A48AE85, cid=1736, SUCCESS, logIndex=2497, commits[fd4515e9-84f2-4741-b1f5-a9247145a2ac:c2498, 2e3e112c-ad01-4834-a07e-d6d8a7947632:c2496, dfee02f7-0d20-4e08-8ecd-ebe087394a07:c2496]
2019-07-08 20:09:32,102 INFO  client.GrpcClientProtocolClient (GrpcClientProtocolClient.java:onNext(255)) - client-83AFC0B42279->fd4515e9-84f2-4741-b1f5-a9247145a2ac: receive RaftClientReply:client-83AFC0B42279->fd4515e9-84f2-4741-b1f5-a9247145a2ac@group-E2152A48AE85, cid=1737, SUCCESS, logIndex=2498, commits[fd4515e9-84f2-4741-b1f5-a9247145a2ac:c2498, 2e3e112c-ad01-4834-a07e-d6d8a7947632:c2496, dfee02f7-0d20-4e08-8ecd-ebe087394a07:c2496]
 0.00% |█                                                                                                    |  0/1 Time: 0:00:112019-07-08 20:09:32,115 INFO  client.GrpcClientProtocolClient (GrpcClientProtocolClient.java:onNext(255)) - client-83AFC0B42279->fd4515e9-84f2-4741-b1f5-a9247145a2ac: receive RaftClientReply:client-83AFC0B42279->fd4515e9-84f2-4741-b1f5-a9247145a2ac@group-E2152A48AE85, cid=1738, SUCCESS, logIndex=2501, commits[fd4515e9-84f2-4741-b1f5-a9247145a2ac:c2501, 2e3e112c-ad01-4834-a07e-d6d8a7947632:c2498, dfee02f7-0d20-4e08-8ecd-ebe087394a07:c2498]
2019-07-08 20:09:32,116 INFO  client.GrpcClientProtocolClient (GrpcClientProtocolClient.java:onNext(255)) - client-83AFC0B42279->fd4515e9-84f2-4741-b1f5-a9247145a2ac: receive RaftClientReply:client-83AFC0B42279->fd4515e9-84f2-4741-b1f5-a9247145a2ac@group-E2152A48AE85, cid=1739, SUCCESS, logIndex=2502, commits[fd4515e9-84f2-4741-b1f5-a9247145a2ac:c2502, 2e3e112c-ad01-4834-a07e-d6d8a7947632:c2498, dfee02f7-0d20-4e08-8ecd-ebe087394a07:c2498]
2019-07-08 20:09:32,128 INFO  client.GrpcClientProtocolClient (GrpcClientProtocolClient.java:onNext(255)) - client-83AFC0B42279->fd4515e9-84f2-4741-b1f5-a9247145a2ac: receive RaftClientReply:client-83AFC0B42279->fd4515e9-84f2-4741-b1f5-a9247145a2ac@group-E2152A48AE85, cid=1740, SUCCESS, logIndex=0, commits[fd4515e9-84f2-4741-b1f5-a9247145a2ac:c2504, 2e3e112c-ad01-4834-a07e-d6d8a7947632:c2502, dfee02f7-0d20-4e08-8ecd-ebe087394a07:c2502]
2019-07-08 20:09:32,155 INFO  client.GrpcClientProtocolClient (GrpcClientProtocolClient.java:onNext(255)) - client-83AFC0B42279->fd4515e9-84f2-4741-b1f5-a9247145a2ac: receive RaftClientReply:client-83AFC0B42279->fd4515e9-84f2-4741-b1f5-a9247145a2ac@group-E2152A48AE85, cid=1741, SUCCESS, logIndex=2505, commits[fd4515e9-84f2-4741-b1f5-a9247145a2ac:c2507, 2e3e112c-ad01-4834-a07e-d6d8a7947632:c2504, dfee02f7-0d20-4e08-8ecd-ebe087394a07:c2504]
2019-07-08 20:09:32,156 INFO  client.GrpcClientProtocolClient (GrpcClientProtocolClient.java:onNext(255)) - client-83AFC0B42279->fd4515e9-84f2-4741-b1f5-a9247145a2ac: receive RaftClientReply:client-83AFC0B42279->fd4515e9-84f2-4741-b1f5-a9247145a2ac@group-E2152A48AE85, cid=1742, SUCCESS, logIndex=2506, commits[fd4515e9-84f2-4741-b1f5-a9247145a2ac:c2508, 2e3e112c-ad01-4834-a07e-d6d8a7947632:c2504, dfee02f7-0d20-4e08-8ecd-ebe087394a07:c2504]
2019-07-08 20:09:32,156 INFO  client.GrpcClientProtocolClient (GrpcClientProtocolClient.java:onNext(255)) - client-83AFC0B42279->fd4515e9-84f2-4741-b1f5-a9247145a2ac: receive RaftClientReply:client-83AFC0B42279->fd4515e9-84f2-4741-b1f5-a9247145a2ac@group-E2152A48AE85, cid=1743, SUCCESS, logIndex=2507, commits[fd4515e9-84f2-4741-b1f5-a9247145a2ac:c2508, 2e3e112c-ad01-4834-a07e-d6d8a7947632:c2504, dfee02f7-0d20-4e08-8ecd-ebe087394a07:c2504]
2019-07-08 20:09:32,156 INFO  client.GrpcClientProtocolClient (GrpcClientProtocolClient.java:onNext(255)) - client-83AFC0B42279->fd4515e9-84f2-4741-b1f5-a9247145a2ac: receive RaftClientReply:client-83AFC0B42279->fd4515e9-84f2-4741-b1f5-a9247145a2ac@group-E2152A48AE85, cid=1744, SUCCESS, logIndex=2508, commits[fd4515e9-84f2-4741-b1f5-a9247145a2ac:c2508, 2e3e112c-ad01-4834-a07e-d6d8a7947632:c2504, dfee02f7-0d20-4e08-8ecd-ebe087394a07:c2504]
2019-07-08 20:09:32,168 INFO  client.GrpcClientProtocolClient (GrpcClientProtocolClient.java:onNext(255)) - client-83AFC0B42279->fd4515e9-84f2-4741-b1f5-a9247145a2ac: receive RaftClientReply:client-83AFC0B42279->fd4515e9-84f2-4741-b1f5-a9247145a2ac@group-E2152A48AE85, cid=1745, SUCCESS, logIndex=0, commits[fd4515e9-84f2-4741-b1f5-a9247145a2ac:c2511, 2e3e112c-ad01-4834-a07e-d6d8a7947632:c2508, dfee02f7-0d20-4e08-8ecd-ebe087394a07:c2506]
2019-07-08 20:09:32,188 INFO  client.GrpcClientProtocolClient (GrpcClientProtocolClient.java:onNext(255)) - client-83AFC0B42279->fd4515e9-84f2-4741-b1f5-a9247145a2ac: receive RaftClientReply:client-83AFC0B42279->fd4515e9-84f2-4741-b1f5-a9247145a2ac@group-E2152A48AE85, cid=1746, SUCCESS, logIndex=2513, commits[fd4515e9-84f2-4741-b1f5-a9247145a2ac:c2514, 2e3e112c-ad01-4834-a07e-d6d8a7947632:c2512, dfee02f7-0d20-4e08-8ecd-ebe087394a07:c2512]
2019-07-08 20:09:32,188 INFO  client.GrpcClientProtocolClient (GrpcClientProtocolClient.java:onNext(255)) - client-83AFC0B42279->fd4515e9-84f2-4741-b1f5-a9247145a2ac: receive RaftClientReply:client-83AFC0B42279->fd4515e9-84f2-4741-b1f5-a9247145a2ac@group-E2152A48AE85, cid=1747, SUCCESS, logIndex=2514, commits[fd4515e9-84f2-4741-b1f5-a9247145a2ac:c2514, 2e3e112c-ad01-4834-a07e-d6d8a7947632:c2512, dfee02f7-0d20-4e08-8ecd-ebe087394a07:c2512]
2019-07-08 20:09:32,202 INFO  client.GrpcClientProtocolClient (GrpcClientProtocolClient.java:onNext(255)) - client-83AFC0B42279->fd4515e9-84f2-4741-b1f5-a9247145a2ac: receive RaftClientReply:client-83AFC0B42279->fd4515e9-84f2-4741-b1f5-a9247145a2ac@group-E2152A48AE85, cid=1748, SUCCESS, logIndex=2517, commits[fd4515e9-84f2-4741-b1f5-a9247145a2ac:c2518, 2e3e112c-ad01-4834-a07e-d6d8a7947632:c2514, dfee02f7-0d20-4e08-8ecd-ebe087394a07:c2514]
2019-07-08 20:09:32,202 INFO  client.GrpcClientProtocolClient (GrpcClientProtocolClient.java:onNext(255)) - client-83AFC0B42279->fd4515e9-84f2-4741-b1f5-a9247145a2ac: receive RaftClientReply:client-83AFC0B42279->fd4515e9-84f2-4741-b1f5-a9247145a2ac@group-E2152A48AE85, cid=1749, SUCCESS, logIndex=2518, commits[fd4515e9-84f2-4741-b1f5-a9247145a2ac:c2518, 2e3e112c-ad01-4834-a07e-d6d8a7947632:c2514, dfee02f7-0d20-4e08-8ecd-ebe087394a07:c2514]
2019-07-08 20:09:32,215 INFO  client.GrpcClientProtocolClient (GrpcClientProtocolClient.java:onNext(255)) - client-83AFC0B42279->fd4515e9-84f2-4741-b1f5-a9247145a2ac: receive RaftClientReply:client-83AFC0B42279->fd4515e9-84f2-4741-b1f5-a9247145a2ac@group-E2152A48AE85, cid=1750, SUCCESS, logIndex=0, commits[fd4515e9-84f2-4741-b1f5-a9247145a2ac:c2520, 2e3e112c-ad01-4834-a07e-d6d8a7947632:c2518, dfee02f7-0d20-4e08-8ecd-ebe087394a07:c2518]
2019-07-08 20:09:32,353 INFO  client.GrpcClientProtocolClient (GrpcClientProtocolClient.java:onNext(255)) - client-83AFC0B42279->fd4515e9-84f2-4741-b1f5-a9247145a2ac: receive RaftClientReply:client-83AFC0B42279->fd4515e9-84f2-4741-b1f5-a9247145a2ac@group-E2152A48AE85, cid=1751, SUCCESS, logIndex=2521, commits[fd4515e9-84f2-4741-b1f5-a9247145a2ac:c2522, 2e3e112c-ad01-4834-a07e-d6d8a7947632:c2520, dfee02f7-0d20-4e08-8ecd-ebe087394a07:c2520]
2019-07-08 20:09:32,354 INFO  client.GrpcClientProtocolClient (GrpcClientProtocolClient.java:onNext(255)) - client-83AFC0B42279->fd4515e9-84f2-4741-b1f5-a9247145a2ac: receive RaftClientReply:client-83AFC0B42279->fd4515e9-84f2-4741-b1f5-a9247145a2ac@group-E2152A48AE85, cid=1752, SUCCESS, logIndex=2522, commits[fd4515e9-84f2-4741-b1f5-a9247145a2ac:c2524, 2e3e112c-ad01-4834-a07e-d6d8a7947632:c2520, dfee02f7-0d20-4e08-8ecd-ebe087394a07:c2520]
2019-07-08 20:09:32,354 INFO  client.GrpcClientProtocolClient (GrpcClientProtocolClient.java:onNext(255)) - client-83AFC0B42279->fd4515e9-84f2-4741-b1f5-a9247145a2ac: receive RaftClientReply:client-83AFC0B42279->fd4515e9-84f2-4741-b1f5-a9247145a2ac@group-E2152A48AE85, cid=1753, SUCCESS, logIndex=2523, commits[fd4515e9-84f2-4741-b1f5-a9247145a2ac:c2524, 2e3e112c-ad01-4834-a07e-d6d8a7947632:c2520, dfee02f7-0d20-4e08-8ecd-ebe087394a07:c2520]
2019-07-08 20:09:32,355 INFO  client.GrpcClientProtocolClient (GrpcClientProtocolClient.java:onNext(255)) - client-83AFC0B42279->fd4515e9-84f2-4741-b1f5-a9247145a2ac: receive RaftClientReply:client-83AFC0B42279->fd4515e9-84f2-4741-b1f5-a9247145a2ac@group-E2152A48AE85, cid=1754, SUCCESS, logIndex=2524, commits[fd4515e9-84f2-4741-b1f5-a9247145a2ac:c2524, 2e3e112c-ad01-4834-a07e-d6d8a7947632:c2521, dfee02f7-0d20-4e08-8ecd-ebe087394a07:c2520]
2019-07-08 20:09:32,356 INFO  client.GrpcClientProtocolClient (GrpcClientProtocolClient.java:onNext(255)) - client-83AFC0B42279->fd4515e9-84f2-4741-b1f5-a9247145a2ac: receive RaftClientReply:client-83AFC0B42279->fd4515e9-84f2-4741-b1f5-a9247145a2ac@group-E2152A48AE85, cid=1755, SUCCESS, logIndex=0, commits[fd4515e9-84f2-4741-b1f5-a9247145a2ac:c2526, 2e3e112c-ad01-4834-a07e-d6d8a7947632:c2522, dfee02f7-0d20-4e08-8ecd-ebe087394a07:c2522]
2019-07-08 20:09:32,377 INFO  client.GrpcClientProtocolClient (GrpcClientProtocolClient.java:onNext(255)) - client-83AFC0B42279->fd4515e9-84f2-4741-b1f5-a9247145a2ac: receive RaftClientReply:client-83AFC0B42279->fd4515e9-84f2-4741-b1f5-a9247145a2ac@group-E2152A48AE85, cid=1756, SUCCESS, logIndex=2528, commits[fd4515e9-84f2-4741-b1f5-a9247145a2ac:c2529, 2e3e112c-ad01-4834-a07e-d6d8a7947632:c2527, dfee02f7-0d20-4e08-8ecd-ebe087394a07:c2527]
2019-07-08 20:09:32,377 INFO  client.GrpcClientProtocolClient (GrpcClientProtocolClient.java:onNext(255)) - client-83AFC0B42279->fd4515e9-84f2-4741-b1f5-a9247145a2ac: receive RaftClientReply:client-83AFC0B42279->fd4515e9-84f2-4741-b1f5-a9247145a2ac@group-E2152A48AE85, cid=1757, SUCCESS, logIndex=2529, commits[fd4515e9-84f2-4741-b1f5-a9247145a2ac:c2529, 2e3e112c-ad01-4834-a07e-d6d8a7947632:c2527, dfee02f7-0d20-4e08-8ecd-ebe087394a07:c2527]
2019-07-08 20:09:32,391 INFO  client.GrpcClientProtocolClient (GrpcClientProtocolClient.java:onNext(255)) - client-83AFC0B42279->fd4515e9-84f2-4741-b1f5-a9247145a2ac: receive RaftClientReply:client-83AFC0B42279->fd4515e9-84f2-4741-b1f5-a9247145a2ac@group-E2152A48AE85, cid=1758, SUCCESS, logIndex=2532, commits[fd4515e9-84f2-4741-b1f5-a9247145a2ac:c2533, 2e3e112c-ad01-4834-a07e-d6d8a7947632:c2529, dfee02f7-0d20-4e08-8ecd-ebe087394a07:c2529]
2019-07-08 20:09:32,391 INFO  client.GrpcClientProtocolClient (GrpcClientProtocolClient.java:onNext(255)) - client-83AFC0B42279->fd4515e9-84f2-4741-b1f5-a9247145a2ac: receive RaftClientReply:client-83AFC0B42279->fd4515e9-84f2-4741-b1f5-a9247145a2ac@group-E2152A48AE85, cid=1759, SUCCESS, logIndex=2533, commits[fd4515e9-84f2-4741-b1f5-a9247145a2ac:c2533, 2e3e112c-ad01-4834-a07e-d6d8a7947632:c2529, dfee02f7-0d20-4e08-8ecd-ebe087394a07:c2529]
2019-07-08 20:09:32,403 INFO  client.GrpcClientProtocolClient (GrpcClientProtocolClient.java:onNext(255)) - client-83AFC0B42279->fd4515e9-84f2-4741-b1f5-a9247145a2ac: receive RaftClientReply:client-83AFC0B42279->fd4515e9-84f2-4741-b1f5-a9247145a2ac@group-E2152A48AE85, cid=1760, SUCCESS, logIndex=0, commits[fd4515e9-84f2-4741-b1f5-a9247145a2ac:c2534, 2e3e112c-ad01-4834-a07e-d6d8a7947632:c2533, dfee02f7-0d20-4e08-8ecd-ebe087394a07:c2533]
2019-07-08 20:09:32,432 INFO  client.GrpcClientProtocolClient (GrpcClientProtocolClient.java:onNext(255)) - client-83AFC0B42279->fd4515e9-84f2-4741-b1f5-a9247145a2ac: receive RaftClientReply:client-83AFC0B42279->fd4515e9-84f2-4741-b1f5-a9247145a2ac@group-E2152A48AE85, cid=1761, SUCCESS, logIndex=2536, commits[fd4515e9-84f2-4741-b1f5-a9247145a2ac:c2538, 2e3e112c-ad01-4834-a07e-d6d8a7947632:c2535, dfee02f7-0d20-4e08-8ecd-ebe087394a07:c2535]
2019-07-08 20:09:32,432 INFO  client.GrpcClientProtocolClient (GrpcClientProtocolClient.java:onNext(255)) - client-83AFC0B42279->fd4515e9-84f2-4741-b1f5-a9247145a2ac: receive RaftClientReply:client-83AFC0B42279->fd4515e9-84f2-4741-b1f5-a9247145a2ac@group-E2152A48AE85, cid=1762, SUCCESS, logIndex=2537, commits[fd4515e9-84f2-4741-b1f5-a9247145a2ac:c2539, 2e3e112c-ad01-4834-a07e-d6d8a7947632:c2535, dfee02f7-0d20-4e08-8ecd-ebe087394a07:c2535]
2019-07-08 20:09:32,433 INFO  client.GrpcClientProtocolClient (GrpcClientProtocolClient.java:onNext(255)) - client-83AFC0B42279->fd4515e9-84f2-4741-b1f5-a9247145a2ac: receive RaftClientReply:client-83AFC0B42279->fd4515e9-84f2-4741-b1f5-a9247145a2ac@group-E2152A48AE85, cid=1763, SUCCESS, logIndex=2538, commits[fd4515e9-84f2-4741-b1f5-a9247145a2ac:c2540, 2e3e112c-ad01-4834-a07e-d6d8a7947632:c2535, dfee02f7-0d20-4e08-8ecd-ebe087394a07:c2536]
2019-07-08 20:09:32,433 INFO  client.GrpcClientProtocolClient (GrpcClientProtocolClient.java:onNext(255)) - client-83AFC0B42279->fd4515e9-84f2-4741-b1f5-a9247145a2ac: receive RaftClientReply:client-83AFC0B42279->fd4515e9-84f2-4741-b1f5-a9247145a2ac@group-E2152A48AE85, cid=1764, SUCCESS, logIndex=2539, commits[fd4515e9-84f2-4741-b1f5-a9247145a2ac:c2540, 2e3e112c-ad01-4834-a07e-d6d8a7947632:c2535, dfee02f7-0d20-4e08-8ecd-ebe087394a07:c2536]
2019-07-08 20:09:32,446 INFO  client.GrpcClientProtocolClient (GrpcClientProtocolClient.java:onNext(255)) - client-83AFC0B42279->fd4515e9-84f2-4741-b1f5-a9247145a2ac: receive RaftClientReply:client-83AFC0B42279->fd4515e9-84f2-4741-b1f5-a9247145a2ac@group-E2152A48AE85, cid=1765, SUCCESS, logIndex=0, commits[fd4515e9-84f2-4741-b1f5-a9247145a2ac:c2541, 2e3e112c-ad01-4834-a07e-d6d8a7947632:c2537, dfee02f7-0d20-4e08-8ecd-ebe087394a07:c2537]
2019-07-08 20:09:32,469 INFO  client.GrpcClientProtocolClient (GrpcClientProtocolClient.java:onNext(255)) - client-83AFC0B42279->fd4515e9-84f2-4741-b1f5-a9247145a2ac: receive RaftClientReply:client-83AFC0B42279->fd4515e9-84f2-4741-b1f5-a9247145a2ac@group-E2152A48AE85, cid=1766, SUCCESS, logIndex=2544, commits[fd4515e9-84f2-4741-b1f5-a9247145a2ac:c2545, 2e3e112c-ad01-4834-a07e-d6d8a7947632:c2543, dfee02f7-0d20-4e08-8ecd-ebe087394a07:c2539]
2019-07-08 20:09:32,470 INFO  client.GrpcClientProtocolClient (GrpcClientProtocolClient.java:onNext(255)) - client-83AFC0B42279->fd4515e9-84f2-4741-b1f5-a9247145a2ac: receive RaftClientReply:client-83AFC0B42279->fd4515e9-84f2-4741-b1f5-a9247145a2ac@group-E2152A48AE85, cid=1767, SUCCESS, logIndex=2545, commits[fd4515e9-84f2-4741-b1f5-a9247145a2ac:c2545, 2e3e112c-ad01-4834-a07e-d6d8a7947632:c2543, dfee02f7-0d20-4e08-8ecd-ebe087394a07:c2543]
2019-07-08 20:09:32,493 INFO  client.GrpcClientProtocolClient (GrpcClientProtocolClient.java:onNext(255)) - client-83AFC0B42279->fd4515e9-84f2-4741-b1f5-a9247145a2ac: receive RaftClientReply:client-83AFC0B42279->fd4515e9-84f2-4741-b1f5-a9247145a2ac@group-E2152A48AE85, cid=1768, SUCCESS, logIndex=2548, commits[fd4515e9-84f2-4741-b1f5-a9247145a2ac:c2549, 2e3e112c-ad01-4834-a07e-d6d8a7947632:c2545, dfee02f7-0d20-4e08-8ecd-ebe087394a07:c2545]
2019-07-08 20:09:32,493 INFO  client.GrpcClientProtocolClient (GrpcClientProtocolClient.java:onNext(255)) - client-83AFC0B42279->fd4515e9-84f2-4741-b1f5-a9247145a2ac: receive RaftClientReply:client-83AFC0B42279->fd4515e9-84f2-4741-b1f5-a9247145a2ac@group-E2152A48AE85, cid=1769, SUCCESS, logIndex=2549, commits[fd4515e9-84f2-4741-b1f5-a9247145a2ac:c2549, 2e3e112c-ad01-4834-a07e-d6d8a7947632:c2545, dfee02f7-0d20-4e08-8ecd-ebe087394a07:c2545]
2019-07-08 20:09:32,500 INFO  client.GrpcClientProtocolClient (GrpcClientProtocolClient.java:onNext(255)) - client-83AFC0B42279->fd4515e9-84f2-4741-b1f5-a9247145a2ac: receive RaftClientReply:client-83AFC0B42279->fd4515e9-84f2-4741-b1f5-a9247145a2ac@group-E2152A48AE85, cid=1770, SUCCESS, logIndex=0, commits[fd4515e9-84f2-4741-b1f5-a9247145a2ac:c2550, 2e3e112c-ad01-4834-a07e-d6d8a7947632:c2549, dfee02f7-0d20-4e08-8ecd-ebe087394a07:c2549]
2019-07-08 20:09:32,534 INFO  client.GrpcClientProtocolClient (GrpcClientProtocolClient.java:onNext(255)) - client-83AFC0B42279->fd4515e9-84f2-4741-b1f5-a9247145a2ac: receive RaftClientReply:client-83AFC0B42279->fd4515e9-84f2-4741-b1f5-a9247145a2ac@group-E2152A48AE85, cid=1771, SUCCESS, logIndex=2552, commits[fd4515e9-84f2-4741-b1f5-a9247145a2ac:c2555, 2e3e112c-ad01-4834-a07e-d6d8a7947632:c2551, dfee02f7-0d20-4e08-8ecd-ebe087394a07:c2551]
2019-07-08 20:09:32,535 INFO  client.GrpcClientProtocolClient (GrpcClientProtocolClient.java:onNext(255)) - client-83AFC0B42279->fd4515e9-84f2-4741-b1f5-a9247145a2ac: receive RaftClientReply:client-83AFC0B42279->fd4515e9-84f2-4741-b1f5-a9247145a2ac@group-E2152A48AE85, cid=1772, SUCCESS, logIndex=2553, commits[fd4515e9-84f2-4741-b1f5-a9247145a2ac:c2555, 2e3e112c-ad01-4834-a07e-d6d8a7947632:c2551, dfee02f7-0d20-4e08-8ecd-ebe087394a07:c2551]
2019-07-08 20:09:32,535 INFO  client.GrpcClientProtocolClient (GrpcClientProtocolClient.java:onNext(255)) - client-83AFC0B42279->fd4515e9-84f2-4741-b1f5-a9247145a2ac: receive RaftClientReply:client-83AFC0B42279->fd4515e9-84f2-4741-b1f5-a9247145a2ac@group-E2152A48AE85, cid=1773, SUCCESS, logIndex=2554, commits[fd4515e9-84f2-4741-b1f5-a9247145a2ac:c2555, 2e3e112c-ad01-4834-a07e-d6d8a7947632:c2551, dfee02f7-0d20-4e08-8ecd-ebe087394a07:c2551]
2019-07-08 20:09:32,535 INFO  client.GrpcClientProtocolClient (GrpcClientProtocolClient.java:onNext(255)) - client-83AFC0B42279->fd4515e9-84f2-4741-b1f5-a9247145a2ac: receive RaftClientReply:client-83AFC0B42279->fd4515e9-84f2-4741-b1f5-a9247145a2ac@group-E2152A48AE85, cid=1774, SUCCESS, logIndex=2555, commits[fd4515e9-84f2-4741-b1f5-a9247145a2ac:c2555, 2e3e112c-ad01-4834-a07e-d6d8a7947632:c2551, dfee02f7-0d20-4e08-8ecd-ebe087394a07:c2551]
2019-07-08 20:09:32,538 INFO  client.GrpcClientProtocolClient (GrpcClientProtocolClient.java:onNext(255)) - client-83AFC0B42279->fd4515e9-84f2-4741-b1f5-a9247145a2ac: receive RaftClientReply:client-83AFC0B42279->fd4515e9-84f2-4741-b1f5-a9247145a2ac@group-E2152A48AE85, cid=1775, SUCCESS, logIndex=0, commits[fd4515e9-84f2-4741-b1f5-a9247145a2ac:c2557, 2e3e112c-ad01-4834-a07e-d6d8a7947632:c2553, dfee02f7-0d20-4e08-8ecd-ebe087394a07:c2553]
2019-07-08 20:09:32,559 INFO  client.GrpcClientProtocolClient (GrpcClientProtocolClient.java:onNext(255)) - client-83AFC0B42279->fd4515e9-84f2-4741-b1f5-a9247145a2ac: receive RaftClientReply:client-83AFC0B42279->fd4515e9-84f2-4741-b1f5-a9247145a2ac@group-E2152A48AE85, cid=1776, SUCCESS, logIndex=2560, commits[fd4515e9-84f2-4741-b1f5-a9247145a2ac:c2561, 2e3e112c-ad01-4834-a07e-d6d8a7947632:c2559, dfee02f7-0d20-4e08-8ecd-ebe087394a07:c2559]
2019-07-08 20:09:32,559 INFO  client.GrpcClientProtocolClient (GrpcClientProtocolClient.java:onNext(255)) - client-83AFC0B42279->fd4515e9-84f2-4741-b1f5-a9247145a2ac: receive RaftClientReply:client-83AFC0B42279->fd4515e9-84f2-4741-b1f5-a9247145a2ac@group-E2152A48AE85, cid=1777, SUCCESS, logIndex=2561, commits[fd4515e9-84f2-4741-b1f5-a9247145a2ac:c2561, 2e3e112c-ad01-4834-a07e-d6d8a7947632:c2559, dfee02f7-0d20-4e08-8ecd-ebe087394a07:c2559]
2019-07-08 20:09:32,572 INFO  client.GrpcClientProtocolClient (GrpcClientProtocolClient.java:onNext(255)) - client-83AFC0B42279->fd4515e9-84f2-4741-b1f5-a9247145a2ac: receive RaftClientReply:client-83AFC0B42279->fd4515e9-84f2-4741-b1f5-a9247145a2ac@group-E2152A48AE85, cid=1778, SUCCESS, logIndex=2564, commits[fd4515e9-84f2-4741-b1f5-a9247145a2ac:c2565, 2e3e112c-ad01-4834-a07e-d6d8a7947632:c2561, dfee02f7-0d20-4e08-8ecd-ebe087394a07:c2561]
2019-07-08 20:09:32,573 INFO  client.GrpcClientProtocolClient (GrpcClientProtocolClient.java:onNext(255)) - client-83AFC0B42279->fd4515e9-84f2-4741-b1f5-a9247145a2ac: receive RaftClientReply:client-83AFC0B42279->fd4515e9-84f2-4741-b1f5-a9247145a2ac@group-E2152A48AE85, cid=1779, SUCCESS, logIndex=2565, commits[fd4515e9-84f2-4741-b1f5-a9247145a2ac:c2565, 2e3e112c-ad01-4834-a07e-d6d8a7947632:c2561, dfee02f7-0d20-4e08-8ecd-ebe087394a07:c2561]
2019-07-08 20:09:32,585 INFO  client.GrpcClientProtocolClient (GrpcClientProtocolClient.java:onNext(255)) - client-83AFC0B42279->fd4515e9-84f2-4741-b1f5-a9247145a2ac: receive RaftClientReply:client-83AFC0B42279->fd4515e9-84f2-4741-b1f5-a9247145a2ac@group-E2152A48AE85, cid=1780, SUCCESS, logIndex=0, commits[fd4515e9-84f2-4741-b1f5-a9247145a2ac:c2567, 2e3e112c-ad01-4834-a07e-d6d8a7947632:c2565, dfee02f7-0d20-4e08-8ecd-ebe087394a07:c2565]
2019-07-08 20:09:32,612 INFO  client.GrpcClientProtocolClient (GrpcClientProtocolClient.java:onNext(255)) - client-83AFC0B42279->fd4515e9-84f2-4741-b1f5-a9247145a2ac: receive RaftClientReply:client-83AFC0B42279->fd4515e9-84f2-4741-b1f5-a9247145a2ac@group-E2152A48AE85, cid=1781, SUCCESS, logIndex=2568, commits[fd4515e9-84f2-4741-b1f5-a9247145a2ac:c2569, 2e3e112c-ad01-4834-a07e-d6d8a7947632:c2567, dfee02f7-0d20-4e08-8ecd-ebe087394a07:c2567]
2019-07-08 20:09:32,613 INFO  client.GrpcClientProtocolClient (GrpcClientProtocolClient.java:onNext(255)) - client-83AFC0B42279->fd4515e9-84f2-4741-b1f5-a9247145a2ac: receive RaftClientReply:client-83AFC0B42279->fd4515e9-84f2-4741-b1f5-a9247145a2ac@group-E2152A48AE85, cid=1782, SUCCESS, logIndex=2569, commits[fd4515e9-84f2-4741-b1f5-a9247145a2ac:c2569, 2e3e112c-ad01-4834-a07e-d6d8a7947632:c2567, dfee02f7-0d20-4e08-8ecd-ebe087394a07:c2567]
2019-07-08 20:09:32,613 INFO  client.GrpcClientProtocolClient (GrpcClientProtocolClient.java:onNext(255)) - client-83AFC0B42279->fd4515e9-84f2-4741-b1f5-a9247145a2ac: receive RaftClientReply:client-83AFC0B42279->fd4515e9-84f2-4741-b1f5-a9247145a2ac@group-E2152A48AE85, cid=1783, SUCCESS, logIndex=2570, commits[fd4515e9-84f2-4741-b1f5-a9247145a2ac:c2571, 2e3e112c-ad01-4834-a07e-d6d8a7947632:c2567, dfee02f7-0d20-4e08-8ecd-ebe087394a07:c2567]
2019-07-08 20:09:32,614 INFO  client.GrpcClientProtocolClient (GrpcClientProtocolClient.java:onNext(255)) - client-83AFC0B42279->fd4515e9-84f2-4741-b1f5-a9247145a2ac: receive RaftClientReply:client-83AFC0B42279->fd4515e9-84f2-4741-b1f5-a9247145a2ac@group-E2152A48AE85, cid=1784, SUCCESS, logIndex=2571, commits[fd4515e9-84f2-4741-b1f5-a9247145a2ac:c2571, 2e3e112c-ad01-4834-a07e-d6d8a7947632:c2567, dfee02f7-0d20-4e08-8ecd-ebe087394a07:c2567]
2019-07-08 20:09:32,615 INFO  client.GrpcClientProtocolClient (GrpcClientProtocolClient.java:onNext(255)) - client-83AFC0B42279->fd4515e9-84f2-4741-b1f5-a9247145a2ac: receive RaftClientReply:client-83AFC0B42279->fd4515e9-84f2-4741-b1f5-a9247145a2ac@group-E2152A48AE85, cid=1785, SUCCESS, logIndex=0, commits[fd4515e9-84f2-4741-b1f5-a9247145a2ac:c2573, 2e3e112c-ad01-4834-a07e-d6d8a7947632:c2569, dfee02f7-0d20-4e08-8ecd-ebe087394a07:c2569]
2019-07-08 20:09:32,628 INFO  client.GrpcClientProtocolClient (GrpcClientProtocolClient.java:onNext(255)) - client-83AFC0B42279->fd4515e9-84f2-4741-b1f5-a9247145a2ac: receive RaftClientReply:client-83AFC0B42279->fd4515e9-84f2-4741-b1f5-a9247145a2ac@group-E2152A48AE85, cid=1786, SUCCESS, logIndex=2576, commits[fd4515e9-84f2-4741-b1f5-a9247145a2ac:c2577, 2e3e112c-ad01-4834-a07e-d6d8a7947632:c2573, dfee02f7-0d20-4e08-8ecd-ebe087394a07:c2571]
2019-07-08 20:09:32,628 INFO  client.GrpcClientProtocolClient (GrpcClientProtocolClient.java:onNext(255)) - client-83AFC0B42279->fd4515e9-84f2-4741-b1f5-a9247145a2ac: receive RaftClientReply:client-83AFC0B42279->fd4515e9-84f2-4741-b1f5-a9247145a2ac@group-E2152A48AE85, cid=1787, SUCCESS, logIndex=2577, commits[fd4515e9-84f2-4741-b1f5-a9247145a2ac:c2577, 2e3e112c-ad01-4834-a07e-d6d8a7947632:c2573, dfee02f7-0d20-4e08-8ecd-ebe087394a07:c2573]
2019-07-08 20:09:32,648 INFO  client.GrpcClientProtocolClient (GrpcClientProtocolClient.java:onNext(255)) - client-83AFC0B42279->fd4515e9-84f2-4741-b1f5-a9247145a2ac: receive RaftClientReply:client-83AFC0B42279->fd4515e9-84f2-4741-b1f5-a9247145a2ac@group-E2152A48AE85, cid=1788, SUCCESS, logIndex=2580, commits[fd4515e9-84f2-4741-b1f5-a9247145a2ac:c2581, 2e3e112c-ad01-4834-a07e-d6d8a7947632:c2579, dfee02f7-0d20-4e08-8ecd-ebe087394a07:c2579]
2019-07-08 20:09:32,648 INFO  client.GrpcClientProtocolClient (GrpcClientProtocolClient.java:onNext(255)) - client-83AFC0B42279->fd4515e9-84f2-4741-b1f5-a9247145a2ac: receive RaftClientReply:client-83AFC0B42279->fd4515e9-84f2-4741-b1f5-a9247145a2ac@group-E2152A48AE85, cid=1789, SUCCESS, logIndex=2581, commits[fd4515e9-84f2-4741-b1f5-a9247145a2ac:c2581, 2e3e112c-ad01-4834-a07e-d6d8a7947632:c2579, dfee02f7-0d20-4e08-8ecd-ebe087394a07:c2579]
2019-07-08 20:09:32,661 INFO  client.GrpcClientProtocolClient (GrpcClientProtocolClient.java:onNext(255)) - client-83AFC0B42279->fd4515e9-84f2-4741-b1f5-a9247145a2ac: receive RaftClientReply:client-83AFC0B42279->fd4515e9-84f2-4741-b1f5-a9247145a2ac@group-E2152A48AE85, cid=1790, SUCCESS, logIndex=0, commits[fd4515e9-84f2-4741-b1f5-a9247145a2ac:c2583, 2e3e112c-ad01-4834-a07e-d6d8a7947632:c2581, dfee02f7-0d20-4e08-8ecd-ebe087394a07:c2581]
2019-07-08 20:09:32,688 INFO  client.GrpcClientProtocolClient (GrpcClientProtocolClient.java:onNext(255)) - client-83AFC0B42279->fd4515e9-84f2-4741-b1f5-a9247145a2ac: receive RaftClientReply:client-83AFC0B42279->fd4515e9-84f2-4741-b1f5-a9247145a2ac@group-E2152A48AE85, cid=1791, SUCCESS, logIndex=2584, commits[fd4515e9-84f2-4741-b1f5-a9247145a2ac:c2585, 2e3e112c-ad01-4834-a07e-d6d8a7947632:c2583, dfee02f7-0d20-4e08-8ecd-ebe087394a07:c2583]
2019-07-08 20:09:32,689 INFO  client.GrpcClientProtocolClient (GrpcClientProtocolClient.java:onNext(255)) - client-83AFC0B42279->fd4515e9-84f2-4741-b1f5-a9247145a2ac: receive RaftClientReply:client-83AFC0B42279->fd4515e9-84f2-4741-b1f5-a9247145a2ac@group-E2152A48AE85, cid=1792, SUCCESS, logIndex=2585, commits[fd4515e9-84f2-4741-b1f5-a9247145a2ac:c2587, 2e3e112c-ad01-4834-a07e-d6d8a7947632:c2583, dfee02f7-0d20-4e08-8ecd-ebe087394a07:c2583]
2019-07-08 20:09:32,689 INFO  client.GrpcClientProtocolClient (GrpcClientProtocolClient.java:onNext(255)) - client-83AFC0B42279->fd4515e9-84f2-4741-b1f5-a9247145a2ac: receive RaftClientReply:client-83AFC0B42279->fd4515e9-84f2-4741-b1f5-a9247145a2ac@group-E2152A48AE85, cid=1793, SUCCESS, logIndex=2586, commits[fd4515e9-84f2-4741-b1f5-a9247145a2ac:c2587, 2e3e112c-ad01-4834-a07e-d6d8a7947632:c2583, dfee02f7-0d20-4e08-8ecd-ebe087394a07:c2583]
2019-07-08 20:09:32,689 INFO  client.GrpcClientProtocolClient (GrpcClientProtocolClient.java:onNext(255)) - client-83AFC0B42279->fd4515e9-84f2-4741-b1f5-a9247145a2ac: receive RaftClientReply:client-83AFC0B42279->fd4515e9-84f2-4741-b1f5-a9247145a2ac@group-E2152A48AE85, cid=1794, SUCCESS, logIndex=2587, commits[fd4515e9-84f2-4741-b1f5-a9247145a2ac:c2587, 2e3e112c-ad01-4834-a07e-d6d8a7947632:c2583, dfee02f7-0d20-4e08-8ecd-ebe087394a07:c2583]
2019-07-08 20:09:32,700 INFO  client.GrpcClientProtocolClient (GrpcClientProtocolClient.java:onNext(255)) - client-83AFC0B42279->fd4515e9-84f2-4741-b1f5-a9247145a2ac: receive RaftClientReply:client-83AFC0B42279->fd4515e9-84f2-4741-b1f5-a9247145a2ac@group-E2152A48AE85, cid=1795, SUCCESS, logIndex=0, commits[fd4515e9-84f2-4741-b1f5-a9247145a2ac:c2587, 2e3e112c-ad01-4834-a07e-d6d8a7947632:c2585, dfee02f7-0d20-4e08-8ecd-ebe087394a07:c2585]
2019-07-08 20:09:32,720 INFO  client.GrpcClientProtocolClient (GrpcClientProtocolClient.java:onNext(255)) - client-83AFC0B42279->fd4515e9-84f2-4741-b1f5-a9247145a2ac: receive RaftClientReply:client-83AFC0B42279->fd4515e9-84f2-4741-b1f5-a9247145a2ac@group-E2152A48AE85, cid=1796, SUCCESS, logIndex=2591, commits[fd4515e9-84f2-4741-b1f5-a9247145a2ac:c2592, 2e3e112c-ad01-4834-a07e-d6d8a7947632:c2590, dfee02f7-0d20-4e08-8ecd-ebe087394a07:c2590]
2019-07-08 20:09:32,721 INFO  client.GrpcClientProtocolClient (GrpcClientProtocolClient.java:onNext(255)) - client-83AFC0B42279->fd4515e9-84f2-4741-b1f5-a9247145a2ac: receive RaftClientReply:client-83AFC0B42279->fd4515e9-84f2-4741-b1f5-a9247145a2ac@group-E2152A48AE85, cid=1797, SUCCESS, logIndex=2592, commits[fd4515e9-84f2-4741-b1f5-a9247145a2ac:c2592, 2e3e112c-ad01-4834-a07e-d6d8a7947632:c2590, dfee02f7-0d20-4e08-8ecd-ebe087394a07:c2590]
2019-07-08 20:09:32,746 INFO  client.GrpcClientProtocolClient (GrpcClientProtocolClient.java:onNext(255)) - client-83AFC0B42279->fd4515e9-84f2-4741-b1f5-a9247145a2ac: receive RaftClientReply:client-83AFC0B42279->fd4515e9-84f2-4741-b1f5-a9247145a2ac@group-E2152A48AE85, cid=1798, SUCCESS, logIndex=2595, commits[fd4515e9-84f2-4741-b1f5-a9247145a2ac:c2596, 2e3e112c-ad01-4834-a07e-d6d8a7947632:c2592, dfee02f7-0d20-4e08-8ecd-ebe087394a07:c2592]
2019-07-08 20:09:32,746 INFO  client.GrpcClientProtocolClient (GrpcClientProtocolClient.java:onNext(255)) - client-83AFC0B42279->fd4515e9-84f2-4741-b1f5-a9247145a2ac: receive RaftClientReply:client-83AFC0B42279->fd4515e9-84f2-4741-b1f5-a9247145a2ac@group-E2152A48AE85, cid=1799, SUCCESS, logIndex=2596, commits[fd4515e9-84f2-4741-b1f5-a9247145a2ac:c2596, 2e3e112c-ad01-4834-a07e-d6d8a7947632:c2592, dfee02f7-0d20-4e08-8ecd-ebe087394a07:c2592]
2019-07-08 20:09:32,760 INFO  client.GrpcClientProtocolClient (GrpcClientProtocolClient.java:onNext(255)) - client-83AFC0B42279->fd4515e9-84f2-4741-b1f5-a9247145a2ac: receive RaftClientReply:client-83AFC0B42279->fd4515e9-84f2-4741-b1f5-a9247145a2ac@group-E2152A48AE85, cid=1800, SUCCESS, logIndex=0, commits[fd4515e9-84f2-4741-b1f5-a9247145a2ac:c2598, 2e3e112c-ad01-4834-a07e-d6d8a7947632:c2596, dfee02f7-0d20-4e08-8ecd-ebe087394a07:c2596]
2019-07-08 20:09:32,790 INFO  client.GrpcClientProtocolClient (GrpcClientProtocolClient.java:onNext(255)) - client-83AFC0B42279->fd4515e9-84f2-4741-b1f5-a9247145a2ac: receive RaftClientReply:client-83AFC0B42279->fd4515e9-84f2-4741-b1f5-a9247145a2ac@group-E2152A48AE85, cid=1801, SUCCESS, logIndex=2599, commits[fd4515e9-84f2-4741-b1f5-a9247145a2ac:c2600, 2e3e112c-ad01-4834-a07e-d6d8a7947632:c2598, dfee02f7-0d20-4e08-8ecd-ebe087394a07:c2598]
2019-07-08 20:09:32,791 INFO  client.GrpcClientProtocolClient (GrpcClientProtocolClient.java:onNext(255)) - client-83AFC0B42279->fd4515e9-84f2-4741-b1f5-a9247145a2ac: receive RaftClientReply:client-83AFC0B42279->fd4515e9-84f2-4741-b1f5-a9247145a2ac@group-E2152A48AE85, cid=1802, SUCCESS, logIndex=2600, commits[fd4515e9-84f2-4741-b1f5-a9247145a2ac:c2602, 2e3e112c-ad01-4834-a07e-d6d8a7947632:c2598, dfee02f7-0d20-4e08-8ecd-ebe087394a07:c2598]
2019-07-08 20:09:32,792 INFO  client.GrpcClientProtocolClient (GrpcClientProtocolClient.java:onNext(255)) - client-83AFC0B42279->fd4515e9-84f2-4741-b1f5-a9247145a2ac: receive RaftClientReply:client-83AFC0B42279->fd4515e9-84f2-4741-b1f5-a9247145a2ac@group-E2152A48AE85, cid=1803, SUCCESS, logIndex=2601, commits[fd4515e9-84f2-4741-b1f5-a9247145a2ac:c2602, 2e3e112c-ad01-4834-a07e-d6d8a7947632:c2598, dfee02f7-0d20-4e08-8ecd-ebe087394a07:c2598]
2019-07-08 20:09:32,792 INFO  client.GrpcClientProtocolClient (GrpcClientProtocolClient.java:onNext(255)) - client-83AFC0B42279->fd4515e9-84f2-4741-b1f5-a9247145a2ac: receive RaftClientReply:client-83AFC0B42279->fd4515e9-84f2-4741-b1f5-a9247145a2ac@group-E2152A48AE85, cid=1804, SUCCESS, logIndex=2602, commits[fd4515e9-84f2-4741-b1f5-a9247145a2ac:c2603, 2e3e112c-ad01-4834-a07e-d6d8a7947632:c2598, dfee02f7-0d20-4e08-8ecd-ebe087394a07:c2600]
2019-07-08 20:09:32,794 INFO  client.GrpcClientProtocolClient (GrpcClientProtocolClient.java:onNext(255)) - client-83AFC0B42279->fd4515e9-84f2-4741-b1f5-a9247145a2ac: receive RaftClientReply:client-83AFC0B42279->fd4515e9-84f2-4741-b1f5-a9247145a2ac@group-E2152A48AE85, cid=1805, SUCCESS, logIndex=0, commits[fd4515e9-84f2-4741-b1f5-a9247145a2ac:c2605, 2e3e112c-ad01-4834-a07e-d6d8a7947632:c2602, dfee02f7-0d20-4e08-8ecd-ebe087394a07:c2600]
2019-07-08 20:09:32,815 INFO  client.GrpcClientProtocolClient (GrpcClientProtocolClient.java:onNext(255)) - client-83AFC0B42279->fd4515e9-84f2-4741-b1f5-a9247145a2ac: receive RaftClientReply:client-83AFC0B42279->fd4515e9-84f2-4741-b1f5-a9247145a2ac@group-E2152A48AE85, cid=1806, SUCCESS, logIndex=2607, commits[fd4515e9-84f2-4741-b1f5-a9247145a2ac:c2608, 2e3e112c-ad01-4834-a07e-d6d8a7947632:c2606, dfee02f7-0d20-4e08-8ecd-ebe087394a07:c2606]
2019-07-08 20:09:32,816 INFO  client.GrpcClientProtocolClient (GrpcClientProtocolClient.java:onNext(255)) - client-83AFC0B42279->fd4515e9-84f2-4741-b1f5-a9247145a2ac: receive RaftClientReply:client-83AFC0B42279->fd4515e9-84f2-4741-b1f5-a9247145a2ac@group-E2152A48AE85, cid=1807, SUCCESS, logIndex=2608, commits[fd4515e9-84f2-4741-b1f5-a9247145a2ac:c2608, 2e3e112c-ad01-4834-a07e-d6d8a7947632:c2606, dfee02f7-0d20-4e08-8ecd-ebe087394a07:c2606]
2019-07-08 20:09:32,829 INFO  client.GrpcClientProtocolClient (GrpcClientProtocolClient.java:onNext(255)) - client-83AFC0B42279->fd4515e9-84f2-4741-b1f5-a9247145a2ac: receive RaftClientReply:client-83AFC0B42279->fd4515e9-84f2-4741-b1f5-a9247145a2ac@group-E2152A48AE85, cid=1808, SUCCESS, logIndex=2611, commits[fd4515e9-84f2-4741-b1f5-a9247145a2ac:c2612, 2e3e112c-ad01-4834-a07e-d6d8a7947632:c2607, dfee02f7-0d20-4e08-8ecd-ebe087394a07:c2608]
2019-07-08 20:09:32,829 INFO  client.GrpcClientProtocolClient (GrpcClientProtocolClient.java:onNext(255)) - client-83AFC0B42279->fd4515e9-84f2-4741-b1f5-a9247145a2ac: receive RaftClientReply:client-83AFC0B42279->fd4515e9-84f2-4741-b1f5-a9247145a2ac@group-E2152A48AE85, cid=1809, SUCCESS, logIndex=2612, commits[fd4515e9-84f2-4741-b1f5-a9247145a2ac:c2612, 2e3e112c-ad01-4834-a07e-d6d8a7947632:c2608, dfee02f7-0d20-4e08-8ecd-ebe087394a07:c2608]
2019-07-08 20:09:32,832 INFO  client.GrpcClientProtocolClient (GrpcClientProtocolClient.java:onNext(255)) - client-83AFC0B42279->fd4515e9-84f2-4741-b1f5-a9247145a2ac: receive RaftClientReply:client-83AFC0B42279->fd4515e9-84f2-4741-b1f5-a9247145a2ac@group-E2152A48AE85, cid=1810, SUCCESS, logIndex=0, commits[fd4515e9-84f2-4741-b1f5-a9247145a2ac:c2613, 2e3e112c-ad01-4834-a07e-d6d8a7947632:c2612, dfee02f7-0d20-4e08-8ecd-ebe087394a07:c2612]
2019-07-08 20:09:32,860 INFO  client.GrpcClientProtocolClient (GrpcClientProtocolClient.java:onNext(255)) - client-83AFC0B42279->fd4515e9-84f2-4741-b1f5-a9247145a2ac: receive RaftClientReply:client-83AFC0B42279->fd4515e9-84f2-4741-b1f5-a9247145a2ac@group-E2152A48AE85, cid=1811, SUCCESS, logIndex=2615, commits[fd4515e9-84f2-4741-b1f5-a9247145a2ac:c2616, 2e3e112c-ad01-4834-a07e-d6d8a7947632:c2614, dfee02f7-0d20-4e08-8ecd-ebe087394a07:c2614]
2019-07-08 20:09:32,861 INFO  client.GrpcClientProtocolClient (GrpcClientProtocolClient.java:onNext(255)) - client-83AFC0B42279->fd4515e9-84f2-4741-b1f5-a9247145a2ac: receive RaftClientReply:client-83AFC0B42279->fd4515e9-84f2-4741-b1f5-a9247145a2ac@group-E2152A48AE85, cid=1812, SUCCESS, logIndex=2616, commits[fd4515e9-84f2-4741-b1f5-a9247145a2ac:c2617, 2e3e112c-ad01-4834-a07e-d6d8a7947632:c2614, dfee02f7-0d20-4e08-8ecd-ebe087394a07:c2614]
2019-07-08 20:09:32,861 INFO  client.GrpcClientProtocolClient (GrpcClientProtocolClient.java:onNext(255)) - client-83AFC0B42279->fd4515e9-84f2-4741-b1f5-a9247145a2ac: receive RaftClientReply:client-83AFC0B42279->fd4515e9-84f2-4741-b1f5-a9247145a2ac@group-E2152A48AE85, cid=1813, SUCCESS, logIndex=2617, commits[fd4515e9-84f2-4741-b1f5-a9247145a2ac:c2618, 2e3e112c-ad01-4834-a07e-d6d8a7947632:c2614, dfee02f7-0d20-4e08-8ecd-ebe087394a07:c2614]
2019-07-08 20:09:32,862 INFO  client.GrpcClientProtocolClient (GrpcClientProtocolClient.java:onNext(255)) - client-83AFC0B42279->fd4515e9-84f2-4741-b1f5-a9247145a2ac: receive RaftClientReply:client-83AFC0B42279->fd4515e9-84f2-4741-b1f5-a9247145a2ac@group-E2152A48AE85, cid=1814, SUCCESS, logIndex=2618, commits[fd4515e9-84f2-4741-b1f5-a9247145a2ac:c2618, 2e3e112c-ad01-4834-a07e-d6d8a7947632:c2614, dfee02f7-0d20-4e08-8ecd-ebe087394a07:c2614]
2019-07-08 20:09:32,873 INFO  client.GrpcClientProtocolClient (GrpcClientProtocolClient.java:onNext(255)) - client-83AFC0B42279->fd4515e9-84f2-4741-b1f5-a9247145a2ac: receive RaftClientReply:client-83AFC0B42279->fd4515e9-84f2-4741-b1f5-a9247145a2ac@group-E2152A48AE85, cid=1815, SUCCESS, logIndex=0, commits[fd4515e9-84f2-4741-b1f5-a9247145a2ac:c2621, 2e3e112c-ad01-4834-a07e-d6d8a7947632:c2618, dfee02f7-0d20-4e08-8ecd-ebe087394a07:c2616]
2019-07-08 20:09:32,896 INFO  client.GrpcClientProtocolClient (GrpcClientProtocolClient.java:onNext(255)) - client-83AFC0B42279->fd4515e9-84f2-4741-b1f5-a9247145a2ac: receive RaftClientReply:client-83AFC0B42279->fd4515e9-84f2-4741-b1f5-a9247145a2ac@group-E2152A48AE85, cid=1816, SUCCESS, logIndex=2623, commits[fd4515e9-84f2-4741-b1f5-a9247145a2ac:c2624, 2e3e112c-ad01-4834-a07e-d6d8a7947632:c2618, dfee02f7-0d20-4e08-8ecd-ebe087394a07:c2622]
2019-07-08 20:09:32,897 INFO  client.GrpcClientProtocolClient (GrpcClientProtocolClient.java:onNext(255)) - client-83AFC0B42279->fd4515e9-84f2-4741-b1f5-a9247145a2ac: receive RaftClientReply:client-83AFC0B42279->fd4515e9-84f2-4741-b1f5-a9247145a2ac@group-E2152A48AE85, cid=1817, SUCCESS, logIndex=2624, commits[fd4515e9-84f2-4741-b1f5-a9247145a2ac:c2624, 2e3e112c-ad01-4834-a07e-d6d8a7947632:c2622, dfee02f7-0d20-4e08-8ecd-ebe087394a07:c2622]
2019-07-08 20:09:32,917 INFO  client.GrpcClientProtocolClient (GrpcClientProtocolClient.java:onNext(255)) - client-83AFC0B42279->fd4515e9-84f2-4741-b1f5-a9247145a2ac: receive RaftClientReply:client-83AFC0B42279->fd4515e9-84f2-4741-b1f5-a9247145a2ac@group-E2152A48AE85, cid=1818, SUCCESS, logIndex=2626, commits[fd4515e9-84f2-4741-b1f5-a9247145a2ac:c2626, 2e3e112c-ad01-4834-a07e-d6d8a7947632:c2625, dfee02f7-0d20-4e08-8ecd-ebe087394a07:c2625]
2019-07-08 20:09:32,917 INFO  client.GrpcClientProtocolClient (GrpcClientProtocolClient.java:onNext(255)) - client-83AFC0B42279->fd4515e9-84f2-4741-b1f5-a9247145a2ac: receive RaftClientReply:client-83AFC0B42279->fd4515e9-84f2-4741-b1f5-a9247145a2ac@group-E2152A48AE85, cid=1819, SUCCESS, logIndex=2627, commits[fd4515e9-84f2-4741-b1f5-a9247145a2ac:c2627, 2e3e112c-ad01-4834-a07e-d6d8a7947632:c2625, dfee02f7-0d20-4e08-8ecd-ebe087394a07:c2625]
2019-07-08 20:09:32,929 INFO  client.GrpcClientProtocolClient (GrpcClientProtocolClient.java:onNext(255)) - client-83AFC0B42279->fd4515e9-84f2-4741-b1f5-a9247145a2ac: receive RaftClientReply:client-83AFC0B42279->fd4515e9-84f2-4741-b1f5-a9247145a2ac@group-E2152A48AE85, cid=1820, SUCCESS, logIndex=0, commits[fd4515e9-84f2-4741-b1f5-a9247145a2ac:c2629, 2e3e112c-ad01-4834-a07e-d6d8a7947632:c2627, dfee02f7-0d20-4e08-8ecd-ebe087394a07:c2627]
2019-07-08 20:09:33,061 INFO  client.GrpcClientProtocolClient (GrpcClientProtocolClient.java:onNext(255)) - client-83AFC0B42279->fd4515e9-84f2-4741-b1f5-a9247145a2ac: receive RaftClientReply:client-83AFC0B42279->fd4515e9-84f2-4741-b1f5-a9247145a2ac@group-E2152A48AE85, cid=1821, SUCCESS, logIndex=2630, commits[fd4515e9-84f2-4741-b1f5-a9247145a2ac:c2632, 2e3e112c-ad01-4834-a07e-d6d8a7947632:c2629, dfee02f7-0d20-4e08-8ecd-ebe087394a07:c2629]
2019-07-08 20:09:33,062 INFO  client.GrpcClientProtocolClient (GrpcClientProtocolClient.java:onNext(255)) - client-83AFC0B42279->fd4515e9-84f2-4741-b1f5-a9247145a2ac: receive RaftClientReply:client-83AFC0B42279->fd4515e9-84f2-4741-b1f5-a9247145a2ac@group-E2152A48AE85, cid=1822, SUCCESS, logIndex=2631, commits[fd4515e9-84f2-4741-b1f5-a9247145a2ac:c2633, 2e3e112c-ad01-4834-a07e-d6d8a7947632:c2629, dfee02f7-0d20-4e08-8ecd-ebe087394a07:c2629]
2019-07-08 20:09:33,062 INFO  client.GrpcClientProtocolClient (GrpcClientProtocolClient.java:onNext(255)) - client-83AFC0B42279->fd4515e9-84f2-4741-b1f5-a9247145a2ac: receive RaftClientReply:client-83AFC0B42279->fd4515e9-84f2-4741-b1f5-a9247145a2ac@group-E2152A48AE85, cid=1823, SUCCESS, logIndex=2632, commits[fd4515e9-84f2-4741-b1f5-a9247145a2ac:c2633, 2e3e112c-ad01-4834-a07e-d6d8a7947632:c2629, dfee02f7-0d20-4e08-8ecd-ebe087394a07:c2629]
2019-07-08 20:09:33,063 INFO  client.GrpcClientProtocolClient (GrpcClientProtocolClient.java:onNext(255)) - client-83AFC0B42279->fd4515e9-84f2-4741-b1f5-a9247145a2ac: receive RaftClientReply:client-83AFC0B42279->fd4515e9-84f2-4741-b1f5-a9247145a2ac@group-E2152A48AE85, cid=1824, SUCCESS, logIndex=2633, commits[fd4515e9-84f2-4741-b1f5-a9247145a2ac:c2633, 2e3e112c-ad01-4834-a07e-d6d8a7947632:c2629, dfee02f7-0d20-4e08-8ecd-ebe087394a07:c2629]
2019-07-08 20:09:33,073 INFO  client.GrpcClientProtocolClient (GrpcClientProtocolClient.java:onNext(255)) - client-83AFC0B42279->fd4515e9-84f2-4741-b1f5-a9247145a2ac: receive RaftClientReply:client-83AFC0B42279->fd4515e9-84f2-4741-b1f5-a9247145a2ac@group-E2152A48AE85, cid=1825, SUCCESS, logIndex=0, commits[fd4515e9-84f2-4741-b1f5-a9247145a2ac:c2634, 2e3e112c-ad01-4834-a07e-d6d8a7947632:c2631, dfee02f7-0d20-4e08-8ecd-ebe087394a07:c2631]
2019-07-08 20:09:33,095 INFO  client.GrpcClientProtocolClient (GrpcClientProtocolClient.java:onNext(255)) - client-83AFC0B42279->fd4515e9-84f2-4741-b1f5-a9247145a2ac: receive RaftClientReply:client-83AFC0B42279->fd4515e9-84f2-4741-b1f5-a9247145a2ac@group-E2152A48AE85, cid=1826, SUCCESS, logIndex=2638, commits[fd4515e9-84f2-4741-b1f5-a9247145a2ac:c2639, 2e3e112c-ad01-4834-a07e-d6d8a7947632:c2637, dfee02f7-0d20-4e08-8ecd-ebe087394a07:c2637]
2019-07-08 20:09:33,095 INFO  client.GrpcClientProtocolClient (GrpcClientProtocolClient.java:onNext(255)) - client-83AFC0B42279->fd4515e9-84f2-4741-b1f5-a9247145a2ac: receive RaftClientReply:client-83AFC0B42279->fd4515e9-84f2-4741-b1f5-a9247145a2ac@group-E2152A48AE85, cid=1827, SUCCESS, logIndex=2639, commits[fd4515e9-84f2-4741-b1f5-a9247145a2ac:c2639, 2e3e112c-ad01-4834-a07e-d6d8a7947632:c2637, dfee02f7-0d20-4e08-8ecd-ebe087394a07:c2637]
 0.00% |█                                                                                                    |  0/1 Time: 0:00:122019-07-08 20:09:33,120 INFO  client.GrpcClientProtocolClient (GrpcClientProtocolClient.java:onNext(255)) - client-83AFC0B42279->fd4515e9-84f2-4741-b1f5-a9247145a2ac: receive RaftClientReply:client-83AFC0B42279->fd4515e9-84f2-4741-b1f5-a9247145a2ac@group-E2152A48AE85, cid=1828, SUCCESS, logIndex=2642, commits[fd4515e9-84f2-4741-b1f5-a9247145a2ac:c2643, 2e3e112c-ad01-4834-a07e-d6d8a7947632:c2639, dfee02f7-0d20-4e08-8ecd-ebe087394a07:c2639]
2019-07-08 20:09:33,120 INFO  client.GrpcClientProtocolClient (GrpcClientProtocolClient.java:onNext(255)) - client-83AFC0B42279->fd4515e9-84f2-4741-b1f5-a9247145a2ac: receive RaftClientReply:client-83AFC0B42279->fd4515e9-84f2-4741-b1f5-a9247145a2ac@group-E2152A48AE85, cid=1829, SUCCESS, logIndex=2643, commits[fd4515e9-84f2-4741-b1f5-a9247145a2ac:c2643, 2e3e112c-ad01-4834-a07e-d6d8a7947632:c2639, dfee02f7-0d20-4e08-8ecd-ebe087394a07:c2639]
2019-07-08 20:09:33,134 INFO  client.GrpcClientProtocolClient (GrpcClientProtocolClient.java:onNext(255)) - client-83AFC0B42279->fd4515e9-84f2-4741-b1f5-a9247145a2ac: receive RaftClientReply:client-83AFC0B42279->fd4515e9-84f2-4741-b1f5-a9247145a2ac@group-E2152A48AE85, cid=1830, SUCCESS, logIndex=0, commits[fd4515e9-84f2-4741-b1f5-a9247145a2ac:c2645, 2e3e112c-ad01-4834-a07e-d6d8a7947632:c2643, dfee02f7-0d20-4e08-8ecd-ebe087394a07:c2643]
2019-07-08 20:09:33,164 INFO  client.GrpcClientProtocolClient (GrpcClientProtocolClient.java:onNext(255)) - client-83AFC0B42279->fd4515e9-84f2-4741-b1f5-a9247145a2ac: receive RaftClientReply:client-83AFC0B42279->fd4515e9-84f2-4741-b1f5-a9247145a2ac@group-E2152A48AE85, cid=1831, SUCCESS, logIndex=2646, commits[fd4515e9-84f2-4741-b1f5-a9247145a2ac:c2648, 2e3e112c-ad01-4834-a07e-d6d8a7947632:c2645, dfee02f7-0d20-4e08-8ecd-ebe087394a07:c2645]
2019-07-08 20:09:33,165 INFO  client.GrpcClientProtocolClient (GrpcClientProtocolClient.java:onNext(255)) - client-83AFC0B42279->fd4515e9-84f2-4741-b1f5-a9247145a2ac: receive RaftClientReply:client-83AFC0B42279->fd4515e9-84f2-4741-b1f5-a9247145a2ac@group-E2152A48AE85, cid=1832, SUCCESS, logIndex=2647, commits[fd4515e9-84f2-4741-b1f5-a9247145a2ac:c2649, 2e3e112c-ad01-4834-a07e-d6d8a7947632:c2645, dfee02f7-0d20-4e08-8ecd-ebe087394a07:c2645]
2019-07-08 20:09:33,165 INFO  client.GrpcClientProtocolClient (GrpcClientProtocolClient.java:onNext(255)) - client-83AFC0B42279->fd4515e9-84f2-4741-b1f5-a9247145a2ac: receive RaftClientReply:client-83AFC0B42279->fd4515e9-84f2-4741-b1f5-a9247145a2ac@group-E2152A48AE85, cid=1833, SUCCESS, logIndex=2648, commits[fd4515e9-84f2-4741-b1f5-a9247145a2ac:c2649, 2e3e112c-ad01-4834-a07e-d6d8a7947632:c2645, dfee02f7-0d20-4e08-8ecd-ebe087394a07:c2645]
2019-07-08 20:09:33,166 INFO  client.GrpcClientProtocolClient (GrpcClientProtocolClient.java:onNext(255)) - client-83AFC0B42279->fd4515e9-84f2-4741-b1f5-a9247145a2ac: receive RaftClientReply:client-83AFC0B42279->fd4515e9-84f2-4741-b1f5-a9247145a2ac@group-E2152A48AE85, cid=1834, SUCCESS, logIndex=2649, commits[fd4515e9-84f2-4741-b1f5-a9247145a2ac:c2649, 2e3e112c-ad01-4834-a07e-d6d8a7947632:c2645, dfee02f7-0d20-4e08-8ecd-ebe087394a07:c2645]
2019-07-08 20:09:33,179 INFO  client.GrpcClientProtocolClient (GrpcClientProtocolClient.java:onNext(255)) - client-83AFC0B42279->fd4515e9-84f2-4741-b1f5-a9247145a2ac: receive RaftClientReply:client-83AFC0B42279->fd4515e9-84f2-4741-b1f5-a9247145a2ac@group-E2152A48AE85, cid=1835, SUCCESS, logIndex=0, commits[fd4515e9-84f2-4741-b1f5-a9247145a2ac:c2651, 2e3e112c-ad01-4834-a07e-d6d8a7947632:c2647, dfee02f7-0d20-4e08-8ecd-ebe087394a07:c2647]
2019-07-08 20:09:33,200 INFO  client.GrpcClientProtocolClient (GrpcClientProtocolClient.java:onNext(255)) - client-83AFC0B42279->fd4515e9-84f2-4741-b1f5-a9247145a2ac: receive RaftClientReply:client-83AFC0B42279->fd4515e9-84f2-4741-b1f5-a9247145a2ac@group-E2152A48AE85, cid=1836, SUCCESS, logIndex=2654, commits[fd4515e9-84f2-4741-b1f5-a9247145a2ac:c2655, 2e3e112c-ad01-4834-a07e-d6d8a7947632:c2653, dfee02f7-0d20-4e08-8ecd-ebe087394a07:c2649]
2019-07-08 20:09:33,200 INFO  client.GrpcClientProtocolClient (GrpcClientProtocolClient.java:onNext(255)) - client-83AFC0B42279->fd4515e9-84f2-4741-b1f5-a9247145a2ac: receive RaftClientReply:client-83AFC0B42279->fd4515e9-84f2-4741-b1f5-a9247145a2ac@group-E2152A48AE85, cid=1837, SUCCESS, logIndex=2655, commits[fd4515e9-84f2-4741-b1f5-a9247145a2ac:c2655, 2e3e112c-ad01-4834-a07e-d6d8a7947632:c2653, dfee02f7-0d20-4e08-8ecd-ebe087394a07:c2653]
2019-07-08 20:09:33,234 INFO  client.GrpcClientProtocolClient (GrpcClientProtocolClient.java:onNext(255)) - client-83AFC0B42279->fd4515e9-84f2-4741-b1f5-a9247145a2ac: receive RaftClientReply:client-83AFC0B42279->fd4515e9-84f2-4741-b1f5-a9247145a2ac@group-E2152A48AE85, cid=1838, SUCCESS, logIndex=2658, commits[fd4515e9-84f2-4741-b1f5-a9247145a2ac:c2659, 2e3e112c-ad01-4834-a07e-d6d8a7947632:c2655, dfee02f7-0d20-4e08-8ecd-ebe087394a07:c2655]
2019-07-08 20:09:33,234 INFO  client.GrpcClientProtocolClient (GrpcClientProtocolClient.java:onNext(255)) - client-83AFC0B42279->fd4515e9-84f2-4741-b1f5-a9247145a2ac: receive RaftClientReply:client-83AFC0B42279->fd4515e9-84f2-4741-b1f5-a9247145a2ac@group-E2152A48AE85, cid=1839, SUCCESS, logIndex=2659, commits[fd4515e9-84f2-4741-b1f5-a9247145a2ac:c2659, 2e3e112c-ad01-4834-a07e-d6d8a7947632:c2655, dfee02f7-0d20-4e08-8ecd-ebe087394a07:c2655]
2019-07-08 20:09:33,237 INFO  client.GrpcClientProtocolClient (GrpcClientProtocolClient.java:onNext(255)) - client-83AFC0B42279->fd4515e9-84f2-4741-b1f5-a9247145a2ac: receive RaftClientReply:client-83AFC0B42279->fd4515e9-84f2-4741-b1f5-a9247145a2ac@group-E2152A48AE85, cid=1840, SUCCESS, logIndex=0, commits[fd4515e9-84f2-4741-b1f5-a9247145a2ac:c2661, 2e3e112c-ad01-4834-a07e-d6d8a7947632:c2659, dfee02f7-0d20-4e08-8ecd-ebe087394a07:c2659]
2019-07-08 20:09:33,281 INFO  client.GrpcClientProtocolClient (GrpcClientProtocolClient.java:onNext(255)) - client-83AFC0B42279->fd4515e9-84f2-4741-b1f5-a9247145a2ac: receive RaftClientReply:client-83AFC0B42279->fd4515e9-84f2-4741-b1f5-a9247145a2ac@group-E2152A48AE85, cid=1841, SUCCESS, logIndex=2662, commits[fd4515e9-84f2-4741-b1f5-a9247145a2ac:c2663, 2e3e112c-ad01-4834-a07e-d6d8a7947632:c2661, dfee02f7-0d20-4e08-8ecd-ebe087394a07:c2661]
2019-07-08 20:09:33,282 INFO  client.GrpcClientProtocolClient (GrpcClientProtocolClient.java:onNext(255)) - client-83AFC0B42279->fd4515e9-84f2-4741-b1f5-a9247145a2ac: receive RaftClientReply:client-83AFC0B42279->fd4515e9-84f2-4741-b1f5-a9247145a2ac@group-E2152A48AE85, cid=1842, SUCCESS, logIndex=2663, commits[fd4515e9-84f2-4741-b1f5-a9247145a2ac:c2665, 2e3e112c-ad01-4834-a07e-d6d8a7947632:c2661, dfee02f7-0d20-4e08-8ecd-ebe087394a07:c2661]
2019-07-08 20:09:33,282 INFO  client.GrpcClientProtocolClient (GrpcClientProtocolClient.java:onNext(255)) - client-83AFC0B42279->fd4515e9-84f2-4741-b1f5-a9247145a2ac: receive RaftClientReply:client-83AFC0B42279->fd4515e9-84f2-4741-b1f5-a9247145a2ac@group-E2152A48AE85, cid=1843, SUCCESS, logIndex=2664, commits[fd4515e9-84f2-4741-b1f5-a9247145a2ac:c2665, 2e3e112c-ad01-4834-a07e-d6d8a7947632:c2661, dfee02f7-0d20-4e08-8ecd-ebe087394a07:c2661]
2019-07-08 20:09:33,283 INFO  client.GrpcClientProtocolClient (GrpcClientProtocolClient.java:onNext(255)) - client-83AFC0B42279->fd4515e9-84f2-4741-b1f5-a9247145a2ac: receive RaftClientReply:client-83AFC0B42279->fd4515e9-84f2-4741-b1f5-a9247145a2ac@group-E2152A48AE85, cid=1844, SUCCESS, logIndex=2665, commits[fd4515e9-84f2-4741-b1f5-a9247145a2ac:c2666, 2e3e112c-ad01-4834-a07e-d6d8a7947632:c2662, dfee02f7-0d20-4e08-8ecd-ebe087394a07:c2661]
2019-07-08 20:09:33,284 INFO  client.GrpcClientProtocolClient (GrpcClientProtocolClient.java:onNext(255)) - client-83AFC0B42279->fd4515e9-84f2-4741-b1f5-a9247145a2ac: receive RaftClientReply:client-83AFC0B42279->fd4515e9-84f2-4741-b1f5-a9247145a2ac@group-E2152A48AE85, cid=1845, SUCCESS, logIndex=0, commits[fd4515e9-84f2-4741-b1f5-a9247145a2ac:c2668, 2e3e112c-ad01-4834-a07e-d6d8a7947632:c2665, dfee02f7-0d20-4e08-8ecd-ebe087394a07:c2663]
2019-07-08 20:09:33,307 INFO  client.GrpcClientProtocolClient (GrpcClientProtocolClient.java:onNext(255)) - client-83AFC0B42279->fd4515e9-84f2-4741-b1f5-a9247145a2ac: receive RaftClientReply:client-83AFC0B42279->fd4515e9-84f2-4741-b1f5-a9247145a2ac@group-E2152A48AE85, cid=1846, SUCCESS, logIndex=2669, commits[fd4515e9-84f2-4741-b1f5-a9247145a2ac:c2669, 2e3e112c-ad01-4834-a07e-d6d8a7947632:c2668, dfee02f7-0d20-4e08-8ecd-ebe087394a07:c2668]
2019-07-08 20:09:33,307 INFO  client.GrpcClientProtocolClient (GrpcClientProtocolClient.java:onNext(255)) - client-83AFC0B42279->fd4515e9-84f2-4741-b1f5-a9247145a2ac: receive RaftClientReply:client-83AFC0B42279->fd4515e9-84f2-4741-b1f5-a9247145a2ac@group-E2152A48AE85, cid=1847, SUCCESS, logIndex=2670, commits[fd4515e9-84f2-4741-b1f5-a9247145a2ac:c2670, 2e3e112c-ad01-4834-a07e-d6d8a7947632:c2668, dfee02f7-0d20-4e08-8ecd-ebe087394a07:c2668]
2019-07-08 20:09:33,331 INFO  client.GrpcClientProtocolClient (GrpcClientProtocolClient.java:onNext(255)) - client-83AFC0B42279->fd4515e9-84f2-4741-b1f5-a9247145a2ac: receive RaftClientReply:client-83AFC0B42279->fd4515e9-84f2-4741-b1f5-a9247145a2ac@group-E2152A48AE85, cid=1848, SUCCESS, logIndex=2673, commits[fd4515e9-84f2-4741-b1f5-a9247145a2ac:c2674, 2e3e112c-ad01-4834-a07e-d6d8a7947632:c2669, dfee02f7-0d20-4e08-8ecd-ebe087394a07:c2670]
2019-07-08 20:09:33,331 INFO  client.GrpcClientProtocolClient (GrpcClientProtocolClient.java:onNext(255)) - client-83AFC0B42279->fd4515e9-84f2-4741-b1f5-a9247145a2ac: receive RaftClientReply:client-83AFC0B42279->fd4515e9-84f2-4741-b1f5-a9247145a2ac@group-E2152A48AE85, cid=1849, SUCCESS, logIndex=2674, commits[fd4515e9-84f2-4741-b1f5-a9247145a2ac:c2674, 2e3e112c-ad01-4834-a07e-d6d8a7947632:c2670, dfee02f7-0d20-4e08-8ecd-ebe087394a07:c2670]
2019-07-08 20:09:33,343 INFO  client.GrpcClientProtocolClient (GrpcClientProtocolClient.java:onNext(255)) - client-83AFC0B42279->fd4515e9-84f2-4741-b1f5-a9247145a2ac: receive RaftClientReply:client-83AFC0B42279->fd4515e9-84f2-4741-b1f5-a9247145a2ac@group-E2152A48AE85, cid=1850, SUCCESS, logIndex=0, commits[fd4515e9-84f2-4741-b1f5-a9247145a2ac:c2675, 2e3e112c-ad01-4834-a07e-d6d8a7947632:c2674, dfee02f7-0d20-4e08-8ecd-ebe087394a07:c2674]
2019-07-08 20:09:33,373 INFO  client.GrpcClientProtocolClient (GrpcClientProtocolClient.java:onNext(255)) - client-83AFC0B42279->fd4515e9-84f2-4741-b1f5-a9247145a2ac: receive RaftClientReply:client-83AFC0B42279->fd4515e9-84f2-4741-b1f5-a9247145a2ac@group-E2152A48AE85, cid=1851, SUCCESS, logIndex=2677, commits[fd4515e9-84f2-4741-b1f5-a9247145a2ac:c2678, 2e3e112c-ad01-4834-a07e-d6d8a7947632:c2676, dfee02f7-0d20-4e08-8ecd-ebe087394a07:c2676]
2019-07-08 20:09:33,374 INFO  client.GrpcClientProtocolClient (GrpcClientProtocolClient.java:onNext(255)) - client-83AFC0B42279->fd4515e9-84f2-4741-b1f5-a9247145a2ac: receive RaftClientReply:client-83AFC0B42279->fd4515e9-84f2-4741-b1f5-a9247145a2ac@group-E2152A48AE85, cid=1852, SUCCESS, logIndex=2678, commits[fd4515e9-84f2-4741-b1f5-a9247145a2ac:c2678, 2e3e112c-ad01-4834-a07e-d6d8a7947632:c2676, dfee02f7-0d20-4e08-8ecd-ebe087394a07:c2676]
2019-07-08 20:09:33,374 INFO  client.GrpcClientProtocolClient (GrpcClientProtocolClient.java:onNext(255)) - client-83AFC0B42279->fd4515e9-84f2-4741-b1f5-a9247145a2ac: receive RaftClientReply:client-83AFC0B42279->fd4515e9-84f2-4741-b1f5-a9247145a2ac@group-E2152A48AE85, cid=1853, SUCCESS, logIndex=2679, commits[fd4515e9-84f2-4741-b1f5-a9247145a2ac:c2680, 2e3e112c-ad01-4834-a07e-d6d8a7947632:c2676, dfee02f7-0d20-4e08-8ecd-ebe087394a07:c2676]
2019-07-08 20:09:33,375 INFO  client.GrpcClientProtocolClient (GrpcClientProtocolClient.java:onNext(255)) - client-83AFC0B42279->fd4515e9-84f2-4741-b1f5-a9247145a2ac: receive RaftClientReply:client-83AFC0B42279->fd4515e9-84f2-4741-b1f5-a9247145a2ac@group-E2152A48AE85, cid=1854, SUCCESS, logIndex=2680, commits[fd4515e9-84f2-4741-b1f5-a9247145a2ac:c2680, 2e3e112c-ad01-4834-a07e-d6d8a7947632:c2676, dfee02f7-0d20-4e08-8ecd-ebe087394a07:c2676]
2019-07-08 20:09:33,388 INFO  client.GrpcClientProtocolClient (GrpcClientProtocolClient.java:onNext(255)) - client-83AFC0B42279->fd4515e9-84f2-4741-b1f5-a9247145a2ac: receive RaftClientReply:client-83AFC0B42279->fd4515e9-84f2-4741-b1f5-a9247145a2ac@group-E2152A48AE85, cid=1855, SUCCESS, logIndex=0, commits[fd4515e9-84f2-4741-b1f5-a9247145a2ac:c2682, 2e3e112c-ad01-4834-a07e-d6d8a7947632:c2678, dfee02f7-0d20-4e08-8ecd-ebe087394a07:c2678]
2019-07-08 20:09:33,410 INFO  client.GrpcClientProtocolClient (GrpcClientProtocolClient.java:onNext(255)) - client-83AFC0B42279->fd4515e9-84f2-4741-b1f5-a9247145a2ac: receive RaftClientReply:client-83AFC0B42279->fd4515e9-84f2-4741-b1f5-a9247145a2ac@group-E2152A48AE85, cid=1856, SUCCESS, logIndex=2685, commits[fd4515e9-84f2-4741-b1f5-a9247145a2ac:c2686, 2e3e112c-ad01-4834-a07e-d6d8a7947632:c2684, dfee02f7-0d20-4e08-8ecd-ebe087394a07:c2684]
2019-07-08 20:09:33,410 INFO  client.GrpcClientProtocolClient (GrpcClientProtocolClient.java:onNext(255)) - client-83AFC0B42279->fd4515e9-84f2-4741-b1f5-a9247145a2ac: receive RaftClientReply:client-83AFC0B42279->fd4515e9-84f2-4741-b1f5-a9247145a2ac@group-E2152A48AE85, cid=1857, SUCCESS, logIndex=2686, commits[fd4515e9-84f2-4741-b1f5-a9247145a2ac:c2686, 2e3e112c-ad01-4834-a07e-d6d8a7947632:c2684, dfee02f7-0d20-4e08-8ecd-ebe087394a07:c2684]
2019-07-08 20:09:33,424 INFO  client.GrpcClientProtocolClient (GrpcClientProtocolClient.java:onNext(255)) - client-83AFC0B42279->fd4515e9-84f2-4741-b1f5-a9247145a2ac: receive RaftClientReply:client-83AFC0B42279->fd4515e9-84f2-4741-b1f5-a9247145a2ac@group-E2152A48AE85, cid=1858, SUCCESS, logIndex=2689, commits[fd4515e9-84f2-4741-b1f5-a9247145a2ac:c2690, 2e3e112c-ad01-4834-a07e-d6d8a7947632:c2685, dfee02f7-0d20-4e08-8ecd-ebe087394a07:c2686]
2019-07-08 20:09:33,424 INFO  client.GrpcClientProtocolClient (GrpcClientProtocolClient.java:onNext(255)) - client-83AFC0B42279->fd4515e9-84f2-4741-b1f5-a9247145a2ac: receive RaftClientReply:client-83AFC0B42279->fd4515e9-84f2-4741-b1f5-a9247145a2ac@group-E2152A48AE85, cid=1859, SUCCESS, logIndex=2690, commits[fd4515e9-84f2-4741-b1f5-a9247145a2ac:c2690, 2e3e112c-ad01-4834-a07e-d6d8a7947632:c2686, dfee02f7-0d20-4e08-8ecd-ebe087394a07:c2686]
2019-07-08 20:09:33,425 INFO  client.GrpcClientProtocolClient (GrpcClientProtocolClient.java:onNext(255)) - client-83AFC0B42279->fd4515e9-84f2-4741-b1f5-a9247145a2ac: receive RaftClientReply:client-83AFC0B42279->fd4515e9-84f2-4741-b1f5-a9247145a2ac@group-E2152A48AE85, cid=1860, SUCCESS, logIndex=0, commits[fd4515e9-84f2-4741-b1f5-a9247145a2ac:c2690, 2e3e112c-ad01-4834-a07e-d6d8a7947632:c2690, dfee02f7-0d20-4e08-8ecd-ebe087394a07:c2690]
2019-07-08 20:09:33,455 INFO  client.GrpcClientProtocolClient (GrpcClientProtocolClient.java:onNext(255)) - client-83AFC0B42279->fd4515e9-84f2-4741-b1f5-a9247145a2ac: receive RaftClientReply:client-83AFC0B42279->fd4515e9-84f2-4741-b1f5-a9247145a2ac@group-E2152A48AE85, cid=1861, SUCCESS, logIndex=2693, commits[fd4515e9-84f2-4741-b1f5-a9247145a2ac:c2694, 2e3e112c-ad01-4834-a07e-d6d8a7947632:c2692, dfee02f7-0d20-4e08-8ecd-ebe087394a07:c2692]
2019-07-08 20:09:33,456 INFO  client.GrpcClientProtocolClient (GrpcClientProtocolClient.java:onNext(255)) - client-83AFC0B42279->fd4515e9-84f2-4741-b1f5-a9247145a2ac: receive RaftClientReply:client-83AFC0B42279->fd4515e9-84f2-4741-b1f5-a9247145a2ac@group-E2152A48AE85, cid=1862, SUCCESS, logIndex=2694, commits[fd4515e9-84f2-4741-b1f5-a9247145a2ac:c2695, 2e3e112c-ad01-4834-a07e-d6d8a7947632:c2692, dfee02f7-0d20-4e08-8ecd-ebe087394a07:c2692]
2019-07-08 20:09:33,457 INFO  client.GrpcClientProtocolClient (GrpcClientProtocolClient.java:onNext(255)) - client-83AFC0B42279->fd4515e9-84f2-4741-b1f5-a9247145a2ac: receive RaftClientReply:client-83AFC0B42279->fd4515e9-84f2-4741-b1f5-a9247145a2ac@group-E2152A48AE85, cid=1863, SUCCESS, logIndex=2695, commits[fd4515e9-84f2-4741-b1f5-a9247145a2ac:c2696, 2e3e112c-ad01-4834-a07e-d6d8a7947632:c2692, dfee02f7-0d20-4e08-8ecd-ebe087394a07:c2692]
2019-07-08 20:09:33,457 INFO  client.GrpcClientProtocolClient (GrpcClientProtocolClient.java:onNext(255)) - client-83AFC0B42279->fd4515e9-84f2-4741-b1f5-a9247145a2ac: receive RaftClientReply:client-83AFC0B42279->fd4515e9-84f2-4741-b1f5-a9247145a2ac@group-E2152A48AE85, cid=1864, SUCCESS, logIndex=2696, commits[fd4515e9-84f2-4741-b1f5-a9247145a2ac:c2696, 2e3e112c-ad01-4834-a07e-d6d8a7947632:c2692, dfee02f7-0d20-4e08-8ecd-ebe087394a07:c2692]
2019-07-08 20:09:33,459 INFO  client.GrpcClientProtocolClient (GrpcClientProtocolClient.java:onNext(255)) - client-83AFC0B42279->fd4515e9-84f2-4741-b1f5-a9247145a2ac: receive RaftClientReply:client-83AFC0B42279->fd4515e9-84f2-4741-b1f5-a9247145a2ac@group-E2152A48AE85, cid=1865, SUCCESS, logIndex=0, commits[fd4515e9-84f2-4741-b1f5-a9247145a2ac:c2698, 2e3e112c-ad01-4834-a07e-d6d8a7947632:c2694, dfee02f7-0d20-4e08-8ecd-ebe087394a07:c2694]
2019-07-08 20:09:33,479 INFO  client.GrpcClientProtocolClient (GrpcClientProtocolClient.java:onNext(255)) - client-83AFC0B42279->fd4515e9-84f2-4741-b1f5-a9247145a2ac: receive RaftClientReply:client-83AFC0B42279->fd4515e9-84f2-4741-b1f5-a9247145a2ac@group-E2152A48AE85, cid=1866, SUCCESS, logIndex=2701, commits[fd4515e9-84f2-4741-b1f5-a9247145a2ac:c2702, 2e3e112c-ad01-4834-a07e-d6d8a7947632:c2700, dfee02f7-0d20-4e08-8ecd-ebe087394a07:c2700]
2019-07-08 20:09:33,480 INFO  client.GrpcClientProtocolClient (GrpcClientProtocolClient.java:onNext(255)) - client-83AFC0B42279->fd4515e9-84f2-4741-b1f5-a9247145a2ac: receive RaftClientReply:client-83AFC0B42279->fd4515e9-84f2-4741-b1f5-a9247145a2ac@group-E2152A48AE85, cid=1867, SUCCESS, logIndex=2702, commits[fd4515e9-84f2-4741-b1f5-a9247145a2ac:c2702, 2e3e112c-ad01-4834-a07e-d6d8a7947632:c2700, dfee02f7-0d20-4e08-8ecd-ebe087394a07:c2700]
2019-07-08 20:09:33,493 INFO  client.GrpcClientProtocolClient (GrpcClientProtocolClient.java:onNext(255)) - client-83AFC0B42279->fd4515e9-84f2-4741-b1f5-a9247145a2ac: receive RaftClientReply:client-83AFC0B42279->fd4515e9-84f2-4741-b1f5-a9247145a2ac@group-E2152A48AE85, cid=1868, SUCCESS, logIndex=2705, commits[fd4515e9-84f2-4741-b1f5-a9247145a2ac:c2706, 2e3e112c-ad01-4834-a07e-d6d8a7947632:c2702, dfee02f7-0d20-4e08-8ecd-ebe087394a07:c2702]
2019-07-08 20:09:33,493 INFO  client.GrpcClientProtocolClient (GrpcClientProtocolClient.java:onNext(255)) - client-83AFC0B42279->fd4515e9-84f2-4741-b1f5-a9247145a2ac: receive RaftClientReply:client-83AFC0B42279->fd4515e9-84f2-4741-b1f5-a9247145a2ac@group-E2152A48AE85, cid=1869, SUCCESS, logIndex=2706, commits[fd4515e9-84f2-4741-b1f5-a9247145a2ac:c2706, 2e3e112c-ad01-4834-a07e-d6d8a7947632:c2702, dfee02f7-0d20-4e08-8ecd-ebe087394a07:c2702]
2019-07-08 20:09:33,496 INFO  client.GrpcClientProtocolClient (GrpcClientProtocolClient.java:onNext(255)) - client-83AFC0B42279->fd4515e9-84f2-4741-b1f5-a9247145a2ac: receive RaftClientReply:client-83AFC0B42279->fd4515e9-84f2-4741-b1f5-a9247145a2ac@group-E2152A48AE85, cid=1870, SUCCESS, logIndex=0, commits[fd4515e9-84f2-4741-b1f5-a9247145a2ac:c2708, 2e3e112c-ad01-4834-a07e-d6d8a7947632:c2706, dfee02f7-0d20-4e08-8ecd-ebe087394a07:c2706]
2019-07-08 20:09:33,542 INFO  client.GrpcClientProtocolClient (GrpcClientProtocolClient.java:onNext(255)) - client-83AFC0B42279->fd4515e9-84f2-4741-b1f5-a9247145a2ac: receive RaftClientReply:client-83AFC0B42279->fd4515e9-84f2-4741-b1f5-a9247145a2ac@group-E2152A48AE85, cid=1871, SUCCESS, logIndex=2709, commits[fd4515e9-84f2-4741-b1f5-a9247145a2ac:c2710, 2e3e112c-ad01-4834-a07e-d6d8a7947632:c2708, dfee02f7-0d20-4e08-8ecd-ebe087394a07:c2708]
2019-07-08 20:09:33,542 INFO  client.GrpcClientProtocolClient (GrpcClientProtocolClient.java:onNext(255)) - client-83AFC0B42279->fd4515e9-84f2-4741-b1f5-a9247145a2ac: receive RaftClientReply:client-83AFC0B42279->fd4515e9-84f2-4741-b1f5-a9247145a2ac@group-E2152A48AE85, cid=1872, SUCCESS, logIndex=2710, commits[fd4515e9-84f2-4741-b1f5-a9247145a2ac:c2712, 2e3e112c-ad01-4834-a07e-d6d8a7947632:c2708, dfee02f7-0d20-4e08-8ecd-ebe087394a07:c2708]
2019-07-08 20:09:33,543 INFO  client.GrpcClientProtocolClient (GrpcClientProtocolClient.java:onNext(255)) - client-83AFC0B42279->fd4515e9-84f2-4741-b1f5-a9247145a2ac: receive RaftClientReply:client-83AFC0B42279->fd4515e9-84f2-4741-b1f5-a9247145a2ac@group-E2152A48AE85, cid=1873, SUCCESS, logIndex=2711, commits[fd4515e9-84f2-4741-b1f5-a9247145a2ac:c2712, 2e3e112c-ad01-4834-a07e-d6d8a7947632:c2708, dfee02f7-0d20-4e08-8ecd-ebe087394a07:c2708]
2019-07-08 20:09:33,543 INFO  client.GrpcClientProtocolClient (GrpcClientProtocolClient.java:onNext(255)) - client-83AFC0B42279->fd4515e9-84f2-4741-b1f5-a9247145a2ac: receive RaftClientReply:client-83AFC0B42279->fd4515e9-84f2-4741-b1f5-a9247145a2ac@group-E2152A48AE85, cid=1874, SUCCESS, logIndex=2712, commits[fd4515e9-84f2-4741-b1f5-a9247145a2ac:c2713, 2e3e112c-ad01-4834-a07e-d6d8a7947632:c2708, dfee02f7-0d20-4e08-8ecd-ebe087394a07:c2710]
2019-07-08 20:09:33,544 INFO  client.GrpcClientProtocolClient (GrpcClientProtocolClient.java:onNext(255)) - client-83AFC0B42279->fd4515e9-84f2-4741-b1f5-a9247145a2ac: receive RaftClientReply:client-83AFC0B42279->fd4515e9-84f2-4741-b1f5-a9247145a2ac@group-E2152A48AE85, cid=1875, SUCCESS, logIndex=0, commits[fd4515e9-84f2-4741-b1f5-a9247145a2ac:c2713, 2e3e112c-ad01-4834-a07e-d6d8a7947632:c2710, dfee02f7-0d20-4e08-8ecd-ebe087394a07:c2710]
2019-07-08 20:09:33,565 INFO  client.GrpcClientProtocolClient (GrpcClientProtocolClient.java:onNext(255)) - client-83AFC0B42279->fd4515e9-84f2-4741-b1f5-a9247145a2ac: receive RaftClientReply:client-83AFC0B42279->fd4515e9-84f2-4741-b1f5-a9247145a2ac@group-E2152A48AE85, cid=1876, SUCCESS, logIndex=2717, commits[fd4515e9-84f2-4741-b1f5-a9247145a2ac:c2717, 2e3e112c-ad01-4834-a07e-d6d8a7947632:c2711, dfee02f7-0d20-4e08-8ecd-ebe087394a07:c2713]
2019-07-08 20:09:33,566 INFO  client.GrpcClientProtocolClient (GrpcClientProtocolClient.java:onNext(255)) - client-83AFC0B42279->fd4515e9-84f2-4741-b1f5-a9247145a2ac: receive RaftClientReply:client-83AFC0B42279->fd4515e9-84f2-4741-b1f5-a9247145a2ac@group-E2152A48AE85, cid=1877, SUCCESS, logIndex=2718, commits[fd4515e9-84f2-4741-b1f5-a9247145a2ac:c2718, 2e3e112c-ad01-4834-a07e-d6d8a7947632:c2712, dfee02f7-0d20-4e08-8ecd-ebe087394a07:c2713]
2019-07-08 20:09:33,601 INFO  client.GrpcClientProtocolClient (GrpcClientProtocolClient.java:onNext(255)) - client-83AFC0B42279->fd4515e9-84f2-4741-b1f5-a9247145a2ac: receive RaftClientReply:client-83AFC0B42279->fd4515e9-84f2-4741-b1f5-a9247145a2ac@group-E2152A48AE85, cid=1878, SUCCESS, logIndex=2721, commits[fd4515e9-84f2-4741-b1f5-a9247145a2ac:c2722, 2e3e112c-ad01-4834-a07e-d6d8a7947632:c2718, dfee02f7-0d20-4e08-8ecd-ebe087394a07:c2717]
2019-07-08 20:09:33,602 INFO  client.GrpcClientProtocolClient (GrpcClientProtocolClient.java:onNext(255)) - client-83AFC0B42279->fd4515e9-84f2-4741-b1f5-a9247145a2ac: receive RaftClientReply:client-83AFC0B42279->fd4515e9-84f2-4741-b1f5-a9247145a2ac@group-E2152A48AE85, cid=1879, SUCCESS, logIndex=2722, commits[fd4515e9-84f2-4741-b1f5-a9247145a2ac:c2722, 2e3e112c-ad01-4834-a07e-d6d8a7947632:c2718, dfee02f7-0d20-4e08-8ecd-ebe087394a07:c2718]
2019-07-08 20:09:33,603 INFO  client.GrpcClientProtocolClient (GrpcClientProtocolClient.java:onNext(255)) - client-83AFC0B42279->fd4515e9-84f2-4741-b1f5-a9247145a2ac: receive RaftClientReply:client-83AFC0B42279->fd4515e9-84f2-4741-b1f5-a9247145a2ac@group-E2152A48AE85, cid=1880, SUCCESS, logIndex=0, commits[fd4515e9-84f2-4741-b1f5-a9247145a2ac:c2723, 2e3e112c-ad01-4834-a07e-d6d8a7947632:c2722, dfee02f7-0d20-4e08-8ecd-ebe087394a07:c2722]
2019-07-08 20:09:33,633 INFO  client.GrpcClientProtocolClient (GrpcClientProtocolClient.java:onNext(255)) - client-83AFC0B42279->fd4515e9-84f2-4741-b1f5-a9247145a2ac: receive RaftClientReply:client-83AFC0B42279->fd4515e9-84f2-4741-b1f5-a9247145a2ac@group-E2152A48AE85, cid=1881, SUCCESS, logIndex=2725, commits[fd4515e9-84f2-4741-b1f5-a9247145a2ac:c2726, 2e3e112c-ad01-4834-a07e-d6d8a7947632:c2724, dfee02f7-0d20-4e08-8ecd-ebe087394a07:c2724]
2019-07-08 20:09:33,633 INFO  client.GrpcClientProtocolClient (GrpcClientProtocolClient.java:onNext(255)) - client-83AFC0B42279->fd4515e9-84f2-4741-b1f5-a9247145a2ac: receive RaftClientReply:client-83AFC0B42279->fd4515e9-84f2-4741-b1f5-a9247145a2ac@group-E2152A48AE85, cid=1882, SUCCESS, logIndex=2726, commits[fd4515e9-84f2-4741-b1f5-a9247145a2ac:c2728, 2e3e112c-ad01-4834-a07e-d6d8a7947632:c2724, dfee02f7-0d20-4e08-8ecd-ebe087394a07:c2724]
2019-07-08 20:09:33,633 INFO  client.GrpcClientProtocolClient (GrpcClientProtocolClient.java:onNext(255)) - client-83AFC0B42279->fd4515e9-84f2-4741-b1f5-a9247145a2ac: receive RaftClientReply:client-83AFC0B42279->fd4515e9-84f2-4741-b1f5-a9247145a2ac@group-E2152A48AE85, cid=1883, SUCCESS, logIndex=2727, commits[fd4515e9-84f2-4741-b1f5-a9247145a2ac:c2728, 2e3e112c-ad01-4834-a07e-d6d8a7947632:c2724, dfee02f7-0d20-4e08-8ecd-ebe087394a07:c2724]
2019-07-08 20:09:33,634 INFO  client.GrpcClientProtocolClient (GrpcClientProtocolClient.java:onNext(255)) - client-83AFC0B42279->fd4515e9-84f2-4741-b1f5-a9247145a2ac: receive RaftClientReply:client-83AFC0B42279->fd4515e9-84f2-4741-b1f5-a9247145a2ac@group-E2152A48AE85, cid=1884, SUCCESS, logIndex=2728, commits[fd4515e9-84f2-4741-b1f5-a9247145a2ac:c2729, 2e3e112c-ad01-4834-a07e-d6d8a7947632:c2725, dfee02f7-0d20-4e08-8ecd-ebe087394a07:c2724]
2019-07-08 20:09:33,635 INFO  client.GrpcClientProtocolClient (GrpcClientProtocolClient.java:onNext(255)) - client-83AFC0B42279->fd4515e9-84f2-4741-b1f5-a9247145a2ac: receive RaftClientReply:client-83AFC0B42279->fd4515e9-84f2-4741-b1f5-a9247145a2ac@group-E2152A48AE85, cid=1885, SUCCESS, logIndex=0, commits[fd4515e9-84f2-4741-b1f5-a9247145a2ac:c2731, 2e3e112c-ad01-4834-a07e-d6d8a7947632:c2728, dfee02f7-0d20-4e08-8ecd-ebe087394a07:c2726]
2019-07-08 20:09:33,655 INFO  client.GrpcClientProtocolClient (GrpcClientProtocolClient.java:onNext(255)) - client-83AFC0B42279->fd4515e9-84f2-4741-b1f5-a9247145a2ac: receive RaftClientReply:client-83AFC0B42279->fd4515e9-84f2-4741-b1f5-a9247145a2ac@group-E2152A48AE85, cid=1886, SUCCESS, logIndex=2732, commits[fd4515e9-84f2-4741-b1f5-a9247145a2ac:c2733, 2e3e112c-ad01-4834-a07e-d6d8a7947632:c2731, dfee02f7-0d20-4e08-8ecd-ebe087394a07:c2731]
2019-07-08 20:09:33,656 INFO  client.GrpcClientProtocolClient (GrpcClientProtocolClient.java:onNext(255)) - client-83AFC0B42279->fd4515e9-84f2-4741-b1f5-a9247145a2ac: receive RaftClientReply:client-83AFC0B42279->fd4515e9-84f2-4741-b1f5-a9247145a2ac@group-E2152A48AE85, cid=1887, SUCCESS, logIndex=2733, commits[fd4515e9-84f2-4741-b1f5-a9247145a2ac:c2733, 2e3e112c-ad01-4834-a07e-d6d8a7947632:c2731, dfee02f7-0d20-4e08-8ecd-ebe087394a07:c2731]
2019-07-08 20:09:33,768 INFO  client.GrpcClientProtocolClient (GrpcClientProtocolClient.java:onNext(255)) - client-83AFC0B42279->fd4515e9-84f2-4741-b1f5-a9247145a2ac: receive RaftClientReply:client-83AFC0B42279->fd4515e9-84f2-4741-b1f5-a9247145a2ac@group-E2152A48AE85, cid=1888, SUCCESS, logIndex=2736, commits[fd4515e9-84f2-4741-b1f5-a9247145a2ac:c2737, 2e3e112c-ad01-4834-a07e-d6d8a7947632:c2733, dfee02f7-0d20-4e08-8ecd-ebe087394a07:c2733]
2019-07-08 20:09:33,769 INFO  client.GrpcClientProtocolClient (GrpcClientProtocolClient.java:onNext(255)) - client-83AFC0B42279->fd4515e9-84f2-4741-b1f5-a9247145a2ac: receive RaftClientReply:client-83AFC0B42279->fd4515e9-84f2-4741-b1f5-a9247145a2ac@group-E2152A48AE85, cid=1889, SUCCESS, logIndex=2737, commits[fd4515e9-84f2-4741-b1f5-a9247145a2ac:c2737, 2e3e112c-ad01-4834-a07e-d6d8a7947632:c2733, dfee02f7-0d20-4e08-8ecd-ebe087394a07:c2733]
2019-07-08 20:09:33,781 INFO  client.GrpcClientProtocolClient (GrpcClientProtocolClient.java:onNext(255)) - client-83AFC0B42279->fd4515e9-84f2-4741-b1f5-a9247145a2ac: receive RaftClientReply:client-83AFC0B42279->fd4515e9-84f2-4741-b1f5-a9247145a2ac@group-E2152A48AE85, cid=1890, SUCCESS, logIndex=0, commits[fd4515e9-84f2-4741-b1f5-a9247145a2ac:c2737, 2e3e112c-ad01-4834-a07e-d6d8a7947632:c2737, dfee02f7-0d20-4e08-8ecd-ebe087394a07:c2737]
2019-07-08 20:09:33,814 INFO  client.GrpcClientProtocolClient (GrpcClientProtocolClient.java:onNext(255)) - client-83AFC0B42279->fd4515e9-84f2-4741-b1f5-a9247145a2ac: receive RaftClientReply:client-83AFC0B42279->fd4515e9-84f2-4741-b1f5-a9247145a2ac@group-E2152A48AE85, cid=1891, SUCCESS, logIndex=2740, commits[fd4515e9-84f2-4741-b1f5-a9247145a2ac:c2743, 2e3e112c-ad01-4834-a07e-d6d8a7947632:c2739, dfee02f7-0d20-4e08-8ecd-ebe087394a07:c2739]
2019-07-08 20:09:33,815 INFO  client.GrpcClientProtocolClient (GrpcClientProtocolClient.java:onNext(255)) - client-83AFC0B42279->fd4515e9-84f2-4741-b1f5-a9247145a2ac: receive RaftClientReply:client-83AFC0B42279->fd4515e9-84f2-4741-b1f5-a9247145a2ac@group-E2152A48AE85, cid=1892, SUCCESS, logIndex=2741, commits[fd4515e9-84f2-4741-b1f5-a9247145a2ac:c2743, 2e3e112c-ad01-4834-a07e-d6d8a7947632:c2739, dfee02f7-0d20-4e08-8ecd-ebe087394a07:c2739]
2019-07-08 20:09:33,815 INFO  client.GrpcClientProtocolClient (GrpcClientProtocolClient.java:onNext(255)) - client-83AFC0B42279->fd4515e9-84f2-4741-b1f5-a9247145a2ac: receive RaftClientReply:client-83AFC0B42279->fd4515e9-84f2-4741-b1f5-a9247145a2ac@group-E2152A48AE85, cid=1893, SUCCESS, logIndex=2742, commits[fd4515e9-84f2-4741-b1f5-a9247145a2ac:c2743, 2e3e112c-ad01-4834-a07e-d6d8a7947632:c2739, dfee02f7-0d20-4e08-8ecd-ebe087394a07:c2739]
2019-07-08 20:09:33,816 INFO  client.GrpcClientProtocolClient (GrpcClientProtocolClient.java:onNext(255)) - client-83AFC0B42279->fd4515e9-84f2-4741-b1f5-a9247145a2ac: receive RaftClientReply:client-83AFC0B42279->fd4515e9-84f2-4741-b1f5-a9247145a2ac@group-E2152A48AE85, cid=1894, SUCCESS, logIndex=2743, commits[fd4515e9-84f2-4741-b1f5-a9247145a2ac:c2743, 2e3e112c-ad01-4834-a07e-d6d8a7947632:c2739, dfee02f7-0d20-4e08-8ecd-ebe087394a07:c2739]
2019-07-08 20:09:33,843 INFO  client.GrpcClientProtocolClient (GrpcClientProtocolClient.java:onNext(255)) - client-83AFC0B42279->fd4515e9-84f2-4741-b1f5-a9247145a2ac: receive RaftClientReply:client-83AFC0B42279->fd4515e9-84f2-4741-b1f5-a9247145a2ac@group-E2152A48AE85, cid=1895, SUCCESS, logIndex=0, commits[fd4515e9-84f2-4741-b1f5-a9247145a2ac:c2744, 2e3e112c-ad01-4834-a07e-d6d8a7947632:c2741, dfee02f7-0d20-4e08-8ecd-ebe087394a07:c2741]
2019-07-08 20:09:33,864 INFO  client.GrpcClientProtocolClient (GrpcClientProtocolClient.java:onNext(255)) - client-83AFC0B42279->fd4515e9-84f2-4741-b1f5-a9247145a2ac: receive RaftClientReply:client-83AFC0B42279->fd4515e9-84f2-4741-b1f5-a9247145a2ac@group-E2152A48AE85, cid=1896, SUCCESS, logIndex=2748, commits[fd4515e9-84f2-4741-b1f5-a9247145a2ac:c2749, 2e3e112c-ad01-4834-a07e-d6d8a7947632:c2747, dfee02f7-0d20-4e08-8ecd-ebe087394a07:c2747]
2019-07-08 20:09:33,865 INFO  client.GrpcClientProtocolClient (GrpcClientProtocolClient.java:onNext(255)) - client-83AFC0B42279->fd4515e9-84f2-4741-b1f5-a9247145a2ac: receive RaftClientReply:client-83AFC0B42279->fd4515e9-84f2-4741-b1f5-a9247145a2ac@group-E2152A48AE85, cid=1897, SUCCESS, logIndex=2749, commits[fd4515e9-84f2-4741-b1f5-a9247145a2ac:c2749, 2e3e112c-ad01-4834-a07e-d6d8a7947632:c2747, dfee02f7-0d20-4e08-8ecd-ebe087394a07:c2747]
2019-07-08 20:09:33,882 INFO  client.GrpcClientProtocolClient (GrpcClientProtocolClient.java:onNext(255)) - client-83AFC0B42279->fd4515e9-84f2-4741-b1f5-a9247145a2ac: receive RaftClientReply:client-83AFC0B42279->fd4515e9-84f2-4741-b1f5-a9247145a2ac@group-E2152A48AE85, cid=1898, SUCCESS, logIndex=2752, commits[fd4515e9-84f2-4741-b1f5-a9247145a2ac:c2753, 2e3e112c-ad01-4834-a07e-d6d8a7947632:c2749, dfee02f7-0d20-4e08-8ecd-ebe087394a07:c2749]
2019-07-08 20:09:33,883 INFO  client.GrpcClientProtocolClient (GrpcClientProtocolClient.java:onNext(255)) - client-83AFC0B42279->fd4515e9-84f2-4741-b1f5-a9247145a2ac: receive RaftClientReply:client-83AFC0B42279->fd4515e9-84f2-4741-b1f5-a9247145a2ac@group-E2152A48AE85, cid=1899, SUCCESS, logIndex=2753, commits[fd4515e9-84f2-4741-b1f5-a9247145a2ac:c2753, 2e3e112c-ad01-4834-a07e-d6d8a7947632:c2749, dfee02f7-0d20-4e08-8ecd-ebe087394a07:c2749]
2019-07-08 20:09:33,892 INFO  client.GrpcClientProtocolClient (GrpcClientProtocolClient.java:onNext(255)) - client-83AFC0B42279->fd4515e9-84f2-4741-b1f5-a9247145a2ac: receive RaftClientReply:client-83AFC0B42279->fd4515e9-84f2-4741-b1f5-a9247145a2ac@group-E2152A48AE85, cid=1900, SUCCESS, logIndex=0, commits[fd4515e9-84f2-4741-b1f5-a9247145a2ac:c2755, 2e3e112c-ad01-4834-a07e-d6d8a7947632:c2753, dfee02f7-0d20-4e08-8ecd-ebe087394a07:c2753]
2019-07-08 20:09:33,928 INFO  client.GrpcClientProtocolClient (GrpcClientProtocolClient.java:onNext(255)) - client-83AFC0B42279->fd4515e9-84f2-4741-b1f5-a9247145a2ac: receive RaftClientReply:client-83AFC0B42279->fd4515e9-84f2-4741-b1f5-a9247145a2ac@group-E2152A48AE85, cid=1901, SUCCESS, logIndex=2756, commits[fd4515e9-84f2-4741-b1f5-a9247145a2ac:c2759, 2e3e112c-ad01-4834-a07e-d6d8a7947632:c2755, dfee02f7-0d20-4e08-8ecd-ebe087394a07:c2753]
2019-07-08 20:09:33,929 INFO  client.GrpcClientProtocolClient (GrpcClientProtocolClient.java:onNext(255)) - client-83AFC0B42279->fd4515e9-84f2-4741-b1f5-a9247145a2ac: receive RaftClientReply:client-83AFC0B42279->fd4515e9-84f2-4741-b1f5-a9247145a2ac@group-E2152A48AE85, cid=1902, SUCCESS, logIndex=2757, commits[fd4515e9-84f2-4741-b1f5-a9247145a2ac:c2759, 2e3e112c-ad01-4834-a07e-d6d8a7947632:c2755, dfee02f7-0d20-4e08-8ecd-ebe087394a07:c2755]
2019-07-08 20:09:33,930 INFO  client.GrpcClientProtocolClient (GrpcClientProtocolClient.java:onNext(255)) - client-83AFC0B42279->fd4515e9-84f2-4741-b1f5-a9247145a2ac: receive RaftClientReply:client-83AFC0B42279->fd4515e9-84f2-4741-b1f5-a9247145a2ac@group-E2152A48AE85, cid=1903, SUCCESS, logIndex=2758, commits[fd4515e9-84f2-4741-b1f5-a9247145a2ac:c2759, 2e3e112c-ad01-4834-a07e-d6d8a7947632:c2755, dfee02f7-0d20-4e08-8ecd-ebe087394a07:c2755]
2019-07-08 20:09:33,930 INFO  client.GrpcClientProtocolClient (GrpcClientProtocolClient.java:onNext(255)) - client-83AFC0B42279->fd4515e9-84f2-4741-b1f5-a9247145a2ac: receive RaftClientReply:client-83AFC0B42279->fd4515e9-84f2-4741-b1f5-a9247145a2ac@group-E2152A48AE85, cid=1904, SUCCESS, logIndex=2759, commits[fd4515e9-84f2-4741-b1f5-a9247145a2ac:c2759, 2e3e112c-ad01-4834-a07e-d6d8a7947632:c2755, dfee02f7-0d20-4e08-8ecd-ebe087394a07:c2755]
2019-07-08 20:09:33,940 INFO  client.GrpcClientProtocolClient (GrpcClientProtocolClient.java:onNext(255)) - client-83AFC0B42279->fd4515e9-84f2-4741-b1f5-a9247145a2ac: receive RaftClientReply:client-83AFC0B42279->fd4515e9-84f2-4741-b1f5-a9247145a2ac@group-E2152A48AE85, cid=1905, SUCCESS, logIndex=0, commits[fd4515e9-84f2-4741-b1f5-a9247145a2ac:c2760, 2e3e112c-ad01-4834-a07e-d6d8a7947632:c2758, dfee02f7-0d20-4e08-8ecd-ebe087394a07:c2758]
2019-07-08 20:09:33,960 INFO  client.GrpcClientProtocolClient (GrpcClientProtocolClient.java:onNext(255)) - client-83AFC0B42279->fd4515e9-84f2-4741-b1f5-a9247145a2ac: receive RaftClientReply:client-83AFC0B42279->fd4515e9-84f2-4741-b1f5-a9247145a2ac@group-E2152A48AE85, cid=1906, SUCCESS, logIndex=2763, commits[fd4515e9-84f2-4741-b1f5-a9247145a2ac:c2763, 2e3e112c-ad01-4834-a07e-d6d8a7947632:c2762, dfee02f7-0d20-4e08-8ecd-ebe087394a07:c2762]
2019-07-08 20:09:33,961 INFO  client.GrpcClientProtocolClient (GrpcClientProtocolClient.java:onNext(255)) - client-83AFC0B42279->fd4515e9-84f2-4741-b1f5-a9247145a2ac: receive RaftClientReply:client-83AFC0B42279->fd4515e9-84f2-4741-b1f5-a9247145a2ac@group-E2152A48AE85, cid=1907, SUCCESS, logIndex=2764, commits[fd4515e9-84f2-4741-b1f5-a9247145a2ac:c2764, 2e3e112c-ad01-4834-a07e-d6d8a7947632:c2762, dfee02f7-0d20-4e08-8ecd-ebe087394a07:c2762]
2019-07-08 20:09:33,973 INFO  client.GrpcClientProtocolClient (GrpcClientProtocolClient.java:onNext(255)) - client-83AFC0B42279->fd4515e9-84f2-4741-b1f5-a9247145a2ac: receive RaftClientReply:client-83AFC0B42279->fd4515e9-84f2-4741-b1f5-a9247145a2ac@group-E2152A48AE85, cid=1908, SUCCESS, logIndex=2767, commits[fd4515e9-84f2-4741-b1f5-a9247145a2ac:c2768, 2e3e112c-ad01-4834-a07e-d6d8a7947632:c2764, dfee02f7-0d20-4e08-8ecd-ebe087394a07:c2764]
2019-07-08 20:09:33,974 INFO  client.GrpcClientProtocolClient (GrpcClientProtocolClient.java:onNext(255)) - client-83AFC0B42279->fd4515e9-84f2-4741-b1f5-a9247145a2ac: receive RaftClientReply:client-83AFC0B42279->fd4515e9-84f2-4741-b1f5-a9247145a2ac@group-E2152A48AE85, cid=1909, SUCCESS, logIndex=2768, commits[fd4515e9-84f2-4741-b1f5-a9247145a2ac:c2768, 2e3e112c-ad01-4834-a07e-d6d8a7947632:c2764, dfee02f7-0d20-4e08-8ecd-ebe087394a07:c2764]
2019-07-08 20:09:33,988 INFO  client.GrpcClientProtocolClient (GrpcClientProtocolClient.java:onNext(255)) - client-83AFC0B42279->fd4515e9-84f2-4741-b1f5-a9247145a2ac: receive RaftClientReply:client-83AFC0B42279->fd4515e9-84f2-4741-b1f5-a9247145a2ac@group-E2152A48AE85, cid=1910, SUCCESS, logIndex=0, commits[fd4515e9-84f2-4741-b1f5-a9247145a2ac:c2770, 2e3e112c-ad01-4834-a07e-d6d8a7947632:c2768, dfee02f7-0d20-4e08-8ecd-ebe087394a07:c2768]
2019-07-08 20:09:34,018 INFO  client.GrpcClientProtocolClient (GrpcClientProtocolClient.java:onNext(255)) - client-83AFC0B42279->fd4515e9-84f2-4741-b1f5-a9247145a2ac: receive RaftClientReply:client-83AFC0B42279->fd4515e9-84f2-4741-b1f5-a9247145a2ac@group-E2152A48AE85, cid=1911, SUCCESS, logIndex=2771, commits[fd4515e9-84f2-4741-b1f5-a9247145a2ac:c2772, 2e3e112c-ad01-4834-a07e-d6d8a7947632:c2770, dfee02f7-0d20-4e08-8ecd-ebe087394a07:c2770]
2019-07-08 20:09:34,019 INFO  client.GrpcClientProtocolClient (GrpcClientProtocolClient.java:onNext(255)) - client-83AFC0B42279->fd4515e9-84f2-4741-b1f5-a9247145a2ac: receive RaftClientReply:client-83AFC0B42279->fd4515e9-84f2-4741-b1f5-a9247145a2ac@group-E2152A48AE85, cid=1912, SUCCESS, logIndex=2772, commits[fd4515e9-84f2-4741-b1f5-a9247145a2ac:c2774, 2e3e112c-ad01-4834-a07e-d6d8a7947632:c2770, dfee02f7-0d20-4e08-8ecd-ebe087394a07:c2770]
2019-07-08 20:09:34,019 INFO  client.GrpcClientProtocolClient (GrpcClientProtocolClient.java:onNext(255)) - client-83AFC0B42279->fd4515e9-84f2-4741-b1f5-a9247145a2ac: receive RaftClientReply:client-83AFC0B42279->fd4515e9-84f2-4741-b1f5-a9247145a2ac@group-E2152A48AE85, cid=1913, SUCCESS, logIndex=2773, commits[fd4515e9-84f2-4741-b1f5-a9247145a2ac:c2774, 2e3e112c-ad01-4834-a07e-d6d8a7947632:c2770, dfee02f7-0d20-4e08-8ecd-ebe087394a07:c2770]
2019-07-08 20:09:34,020 INFO  client.GrpcClientProtocolClient (GrpcClientProtocolClient.java:onNext(255)) - client-83AFC0B42279->fd4515e9-84f2-4741-b1f5-a9247145a2ac: receive RaftClientReply:client-83AFC0B42279->fd4515e9-84f2-4741-b1f5-a9247145a2ac@group-E2152A48AE85, cid=1914, SUCCESS, logIndex=2774, commits[fd4515e9-84f2-4741-b1f5-a9247145a2ac:c2774, 2e3e112c-ad01-4834-a07e-d6d8a7947632:c2770, dfee02f7-0d20-4e08-8ecd-ebe087394a07:c2771]
2019-07-08 20:09:34,021 INFO  client.GrpcClientProtocolClient (GrpcClientProtocolClient.java:onNext(255)) - client-83AFC0B42279->fd4515e9-84f2-4741-b1f5-a9247145a2ac: receive RaftClientReply:client-83AFC0B42279->fd4515e9-84f2-4741-b1f5-a9247145a2ac@group-E2152A48AE85, cid=1915, SUCCESS, logIndex=0, commits[fd4515e9-84f2-4741-b1f5-a9247145a2ac:c2778, 2e3e112c-ad01-4834-a07e-d6d8a7947632:c2773, dfee02f7-0d20-4e08-8ecd-ebe087394a07:c2774]
2019-07-08 20:09:34,042 INFO  client.GrpcClientProtocolClient (GrpcClientProtocolClient.java:onNext(255)) - client-83AFC0B42279->fd4515e9-84f2-4741-b1f5-a9247145a2ac: receive RaftClientReply:client-83AFC0B42279->fd4515e9-84f2-4741-b1f5-a9247145a2ac@group-E2152A48AE85, cid=1916, SUCCESS, logIndex=2779, commits[fd4515e9-84f2-4741-b1f5-a9247145a2ac:c2780, 2e3e112c-ad01-4834-a07e-d6d8a7947632:c2778, dfee02f7-0d20-4e08-8ecd-ebe087394a07:c2778]
2019-07-08 20:09:34,042 INFO  client.GrpcClientProtocolClient (GrpcClientProtocolClient.java:onNext(255)) - client-83AFC0B42279->fd4515e9-84f2-4741-b1f5-a9247145a2ac: receive RaftClientReply:client-83AFC0B42279->fd4515e9-84f2-4741-b1f5-a9247145a2ac@group-E2152A48AE85, cid=1917, SUCCESS, logIndex=2780, commits[fd4515e9-84f2-4741-b1f5-a9247145a2ac:c2780, 2e3e112c-ad01-4834-a07e-d6d8a7947632:c2778, dfee02f7-0d20-4e08-8ecd-ebe087394a07:c2778]
2019-07-08 20:09:34,056 INFO  client.GrpcClientProtocolClient (GrpcClientProtocolClient.java:onNext(255)) - client-83AFC0B42279->fd4515e9-84f2-4741-b1f5-a9247145a2ac: receive RaftClientReply:client-83AFC0B42279->fd4515e9-84f2-4741-b1f5-a9247145a2ac@group-E2152A48AE85, cid=1918, SUCCESS, logIndex=2783, commits[fd4515e9-84f2-4741-b1f5-a9247145a2ac:c2784, 2e3e112c-ad01-4834-a07e-d6d8a7947632:c2780, dfee02f7-0d20-4e08-8ecd-ebe087394a07:c2780]
2019-07-08 20:09:34,057 INFO  client.GrpcClientProtocolClient (GrpcClientProtocolClient.java:onNext(255)) - client-83AFC0B42279->fd4515e9-84f2-4741-b1f5-a9247145a2ac: receive RaftClientReply:client-83AFC0B42279->fd4515e9-84f2-4741-b1f5-a9247145a2ac@group-E2152A48AE85, cid=1919, SUCCESS, logIndex=2784, commits[fd4515e9-84f2-4741-b1f5-a9247145a2ac:c2784, 2e3e112c-ad01-4834-a07e-d6d8a7947632:c2780, dfee02f7-0d20-4e08-8ecd-ebe087394a07:c2780]
2019-07-08 20:09:34,078 INFO  client.GrpcClientProtocolClient (GrpcClientProtocolClient.java:onNext(255)) - client-83AFC0B42279->fd4515e9-84f2-4741-b1f5-a9247145a2ac: receive RaftClientReply:client-83AFC0B42279->fd4515e9-84f2-4741-b1f5-a9247145a2ac@group-E2152A48AE85, cid=1920, SUCCESS, logIndex=0, commits[fd4515e9-84f2-4741-b1f5-a9247145a2ac:c2785, 2e3e112c-ad01-4834-a07e-d6d8a7947632:c2784, dfee02f7-0d20-4e08-8ecd-ebe087394a07:c2784]
2019-07-08 20:09:34,107 INFO  client.GrpcClientProtocolClient (GrpcClientProtocolClient.java:onNext(255)) - client-83AFC0B42279->fd4515e9-84f2-4741-b1f5-a9247145a2ac: receive RaftClientReply:client-83AFC0B42279->fd4515e9-84f2-4741-b1f5-a9247145a2ac@group-E2152A48AE85, cid=1921, SUCCESS, logIndex=2787, commits[fd4515e9-84f2-4741-b1f5-a9247145a2ac:c2788, 2e3e112c-ad01-4834-a07e-d6d8a7947632:c2786, dfee02f7-0d20-4e08-8ecd-ebe087394a07:c2786]
2019-07-08 20:09:34,108 INFO  client.GrpcClientProtocolClient (GrpcClientProtocolClient.java:onNext(255)) - client-83AFC0B42279->fd4515e9-84f2-4741-b1f5-a9247145a2ac: receive RaftClientReply:client-83AFC0B42279->fd4515e9-84f2-4741-b1f5-a9247145a2ac@group-E2152A48AE85, cid=1922, SUCCESS, logIndex=2788, commits[fd4515e9-84f2-4741-b1f5-a9247145a2ac:c2788, 2e3e112c-ad01-4834-a07e-d6d8a7947632:c2786, dfee02f7-0d20-4e08-8ecd-ebe087394a07:c2786]
2019-07-08 20:09:34,109 INFO  client.GrpcClientProtocolClient (GrpcClientProtocolClient.java:onNext(255)) - client-83AFC0B42279->fd4515e9-84f2-4741-b1f5-a9247145a2ac: receive RaftClientReply:client-83AFC0B42279->fd4515e9-84f2-4741-b1f5-a9247145a2ac@group-E2152A48AE85, cid=1923, SUCCESS, logIndex=2789, commits[fd4515e9-84f2-4741-b1f5-a9247145a2ac:c2790, 2e3e112c-ad01-4834-a07e-d6d8a7947632:c2786, dfee02f7-0d20-4e08-8ecd-ebe087394a07:c2786]
2019-07-08 20:09:34,109 INFO  client.GrpcClientProtocolClient (GrpcClientProtocolClient.java:onNext(255)) - client-83AFC0B42279->fd4515e9-84f2-4741-b1f5-a9247145a2ac: receive RaftClientReply:client-83AFC0B42279->fd4515e9-84f2-4741-b1f5-a9247145a2ac@group-E2152A48AE85, cid=1924, SUCCESS, logIndex=2790, commits[fd4515e9-84f2-4741-b1f5-a9247145a2ac:c2790, 2e3e112c-ad01-4834-a07e-d6d8a7947632:c2786, dfee02f7-0d20-4e08-8ecd-ebe087394a07:c2786]
2019-07-08 20:09:34,110 INFO  client.GrpcClientProtocolClient (GrpcClientProtocolClient.java:onNext(255)) - client-83AFC0B42279->fd4515e9-84f2-4741-b1f5-a9247145a2ac: receive RaftClientReply:client-83AFC0B42279->fd4515e9-84f2-4741-b1f5-a9247145a2ac@group-E2152A48AE85, cid=1925, SUCCESS, logIndex=0, commits[fd4515e9-84f2-4741-b1f5-a9247145a2ac:c2793, 2e3e112c-ad01-4834-a07e-d6d8a7947632:c2789, dfee02f7-0d20-4e08-8ecd-ebe087394a07:c2788]
 0.00% |█                                                                                                    |  0/1 Time: 0:00:132019-07-08 20:09:34,147 INFO  client.GrpcClientProtocolClient (GrpcClientProtocolClient.java:onNext(255)) - client-83AFC0B42279->fd4515e9-84f2-4741-b1f5-a9247145a2ac: receive RaftClientReply:client-83AFC0B42279->fd4515e9-84f2-4741-b1f5-a9247145a2ac@group-E2152A48AE85, cid=1926, SUCCESS, logIndex=2795, commits[fd4515e9-84f2-4741-b1f5-a9247145a2ac:c2796, 2e3e112c-ad01-4834-a07e-d6d8a7947632:c2794, dfee02f7-0d20-4e08-8ecd-ebe087394a07:c2794]
2019-07-08 20:09:34,148 INFO  client.GrpcClientProtocolClient (GrpcClientProtocolClient.java:onNext(255)) - client-83AFC0B42279->fd4515e9-84f2-4741-b1f5-a9247145a2ac: receive RaftClientReply:client-83AFC0B42279->fd4515e9-84f2-4741-b1f5-a9247145a2ac@group-E2152A48AE85, cid=1927, SUCCESS, logIndex=2796, commits[fd4515e9-84f2-4741-b1f5-a9247145a2ac:c2796, 2e3e112c-ad01-4834-a07e-d6d8a7947632:c2794, dfee02f7-0d20-4e08-8ecd-ebe087394a07:c2794]
2019-07-08 20:09:34,174 INFO  client.GrpcClientProtocolClient (GrpcClientProtocolClient.java:onNext(255)) - client-83AFC0B42279->fd4515e9-84f2-4741-b1f5-a9247145a2ac: receive RaftClientReply:client-83AFC0B42279->fd4515e9-84f2-4741-b1f5-a9247145a2ac@group-E2152A48AE85, cid=1928, SUCCESS, logIndex=2799, commits[fd4515e9-84f2-4741-b1f5-a9247145a2ac:c2800, 2e3e112c-ad01-4834-a07e-d6d8a7947632:c2796, dfee02f7-0d20-4e08-8ecd-ebe087394a07:c2796]
2019-07-08 20:09:34,174 INFO  client.GrpcClientProtocolClient (GrpcClientProtocolClient.java:onNext(255)) - client-83AFC0B42279->fd4515e9-84f2-4741-b1f5-a9247145a2ac: receive RaftClientReply:client-83AFC0B42279->fd4515e9-84f2-4741-b1f5-a9247145a2ac@group-E2152A48AE85, cid=1929, SUCCESS, logIndex=2800, commits[fd4515e9-84f2-4741-b1f5-a9247145a2ac:c2800, 2e3e112c-ad01-4834-a07e-d6d8a7947632:c2796, dfee02f7-0d20-4e08-8ecd-ebe087394a07:c2796]
2019-07-08 20:09:34,176 INFO  client.GrpcClientProtocolClient (GrpcClientProtocolClient.java:onNext(255)) - client-83AFC0B42279->fd4515e9-84f2-4741-b1f5-a9247145a2ac: receive RaftClientReply:client-83AFC0B42279->fd4515e9-84f2-4741-b1f5-a9247145a2ac@group-E2152A48AE85, cid=1930, SUCCESS, logIndex=0, commits[fd4515e9-84f2-4741-b1f5-a9247145a2ac:c2801, 2e3e112c-ad01-4834-a07e-d6d8a7947632:c2800, dfee02f7-0d20-4e08-8ecd-ebe087394a07:c2800]
2019-07-08 20:09:34,204 INFO  client.GrpcClientProtocolClient (GrpcClientProtocolClient.java:onNext(255)) - client-83AFC0B42279->fd4515e9-84f2-4741-b1f5-a9247145a2ac: receive RaftClientReply:client-83AFC0B42279->fd4515e9-84f2-4741-b1f5-a9247145a2ac@group-E2152A48AE85, cid=1931, SUCCESS, logIndex=2803, commits[fd4515e9-84f2-4741-b1f5-a9247145a2ac:c2804, 2e3e112c-ad01-4834-a07e-d6d8a7947632:c2802, dfee02f7-0d20-4e08-8ecd-ebe087394a07:c2802]
2019-07-08 20:09:34,205 INFO  client.GrpcClientProtocolClient (GrpcClientProtocolClient.java:onNext(255)) - client-83AFC0B42279->fd4515e9-84f2-4741-b1f5-a9247145a2ac: receive RaftClientReply:client-83AFC0B42279->fd4515e9-84f2-4741-b1f5-a9247145a2ac@group-E2152A48AE85, cid=1932, SUCCESS, logIndex=2804, commits[fd4515e9-84f2-4741-b1f5-a9247145a2ac:c2804, 2e3e112c-ad01-4834-a07e-d6d8a7947632:c2802, dfee02f7-0d20-4e08-8ecd-ebe087394a07:c2802]
2019-07-08 20:09:34,206 INFO  client.GrpcClientProtocolClient (GrpcClientProtocolClient.java:onNext(255)) - client-83AFC0B42279->fd4515e9-84f2-4741-b1f5-a9247145a2ac: receive RaftClientReply:client-83AFC0B42279->fd4515e9-84f2-4741-b1f5-a9247145a2ac@group-E2152A48AE85, cid=1933, SUCCESS, logIndex=2805, commits[fd4515e9-84f2-4741-b1f5-a9247145a2ac:c2806, 2e3e112c-ad01-4834-a07e-d6d8a7947632:c2802, dfee02f7-0d20-4e08-8ecd-ebe087394a07:c2802]
2019-07-08 20:09:34,206 INFO  client.GrpcClientProtocolClient (GrpcClientProtocolClient.java:onNext(255)) - client-83AFC0B42279->fd4515e9-84f2-4741-b1f5-a9247145a2ac: receive RaftClientReply:client-83AFC0B42279->fd4515e9-84f2-4741-b1f5-a9247145a2ac@group-E2152A48AE85, cid=1934, SUCCESS, logIndex=2806, commits[fd4515e9-84f2-4741-b1f5-a9247145a2ac:c2806, 2e3e112c-ad01-4834-a07e-d6d8a7947632:c2802, dfee02f7-0d20-4e08-8ecd-ebe087394a07:c2802]
2019-07-08 20:09:34,219 INFO  client.GrpcClientProtocolClient (GrpcClientProtocolClient.java:onNext(255)) - client-83AFC0B42279->fd4515e9-84f2-4741-b1f5-a9247145a2ac: receive RaftClientReply:client-83AFC0B42279->fd4515e9-84f2-4741-b1f5-a9247145a2ac@group-E2152A48AE85, cid=1935, SUCCESS, logIndex=0, commits[fd4515e9-84f2-4741-b1f5-a9247145a2ac:c2808, 2e3e112c-ad01-4834-a07e-d6d8a7947632:c2804, dfee02f7-0d20-4e08-8ecd-ebe087394a07:c2804]
2019-07-08 20:09:34,239 INFO  client.GrpcClientProtocolClient (GrpcClientProtocolClient.java:onNext(255)) - client-83AFC0B42279->fd4515e9-84f2-4741-b1f5-a9247145a2ac: receive RaftClientReply:client-83AFC0B42279->fd4515e9-84f2-4741-b1f5-a9247145a2ac@group-E2152A48AE85, cid=1936, SUCCESS, logIndex=2811, commits[fd4515e9-84f2-4741-b1f5-a9247145a2ac:c2812, 2e3e112c-ad01-4834-a07e-d6d8a7947632:c2810, dfee02f7-0d20-4e08-8ecd-ebe087394a07:c2810]
2019-07-08 20:09:34,239 INFO  client.GrpcClientProtocolClient (GrpcClientProtocolClient.java:onNext(255)) - client-83AFC0B42279->fd4515e9-84f2-4741-b1f5-a9247145a2ac: receive RaftClientReply:client-83AFC0B42279->fd4515e9-84f2-4741-b1f5-a9247145a2ac@group-E2152A48AE85, cid=1937, SUCCESS, logIndex=2812, commits[fd4515e9-84f2-4741-b1f5-a9247145a2ac:c2812, 2e3e112c-ad01-4834-a07e-d6d8a7947632:c2810, dfee02f7-0d20-4e08-8ecd-ebe087394a07:c2810]
2019-07-08 20:09:34,253 INFO  client.GrpcClientProtocolClient (GrpcClientProtocolClient.java:onNext(255)) - client-83AFC0B42279->fd4515e9-84f2-4741-b1f5-a9247145a2ac: receive RaftClientReply:client-83AFC0B42279->fd4515e9-84f2-4741-b1f5-a9247145a2ac@group-E2152A48AE85, cid=1938, SUCCESS, logIndex=2815, commits[fd4515e9-84f2-4741-b1f5-a9247145a2ac:c2815, 2e3e112c-ad01-4834-a07e-d6d8a7947632:c2812, dfee02f7-0d20-4e08-8ecd-ebe087394a07:c2812]
2019-07-08 20:09:34,254 INFO  client.GrpcClientProtocolClient (GrpcClientProtocolClient.java:onNext(255)) - client-83AFC0B42279->fd4515e9-84f2-4741-b1f5-a9247145a2ac: receive RaftClientReply:client-83AFC0B42279->fd4515e9-84f2-4741-b1f5-a9247145a2ac@group-E2152A48AE85, cid=1939, SUCCESS, logIndex=2816, commits[fd4515e9-84f2-4741-b1f5-a9247145a2ac:c2816, 2e3e112c-ad01-4834-a07e-d6d8a7947632:c2812, dfee02f7-0d20-4e08-8ecd-ebe087394a07:c2812]
2019-07-08 20:09:34,268 INFO  client.GrpcClientProtocolClient (GrpcClientProtocolClient.java:onNext(255)) - client-83AFC0B42279->fd4515e9-84f2-4741-b1f5-a9247145a2ac: receive RaftClientReply:client-83AFC0B42279->fd4515e9-84f2-4741-b1f5-a9247145a2ac@group-E2152A48AE85, cid=1940, SUCCESS, logIndex=0, commits[fd4515e9-84f2-4741-b1f5-a9247145a2ac:c2818, 2e3e112c-ad01-4834-a07e-d6d8a7947632:c2816, dfee02f7-0d20-4e08-8ecd-ebe087394a07:c2816]
2019-07-08 20:09:34,295 INFO  client.GrpcClientProtocolClient (GrpcClientProtocolClient.java:onNext(255)) - client-83AFC0B42279->fd4515e9-84f2-4741-b1f5-a9247145a2ac: receive RaftClientReply:client-83AFC0B42279->fd4515e9-84f2-4741-b1f5-a9247145a2ac@group-E2152A48AE85, cid=1941, SUCCESS, logIndex=2819, commits[fd4515e9-84f2-4741-b1f5-a9247145a2ac:c2820, 2e3e112c-ad01-4834-a07e-d6d8a7947632:c2818, dfee02f7-0d20-4e08-8ecd-ebe087394a07:c2818]
2019-07-08 20:09:34,295 INFO  client.GrpcClientProtocolClient (GrpcClientProtocolClient.java:onNext(255)) - client-83AFC0B42279->fd4515e9-84f2-4741-b1f5-a9247145a2ac: receive RaftClientReply:client-83AFC0B42279->fd4515e9-84f2-4741-b1f5-a9247145a2ac@group-E2152A48AE85, cid=1942, SUCCESS, logIndex=2820, commits[fd4515e9-84f2-4741-b1f5-a9247145a2ac:c2820, 2e3e112c-ad01-4834-a07e-d6d8a7947632:c2818, dfee02f7-0d20-4e08-8ecd-ebe087394a07:c2818]
2019-07-08 20:09:34,296 INFO  client.GrpcClientProtocolClient (GrpcClientProtocolClient.java:onNext(255)) - client-83AFC0B42279->fd4515e9-84f2-4741-b1f5-a9247145a2ac: receive RaftClientReply:client-83AFC0B42279->fd4515e9-84f2-4741-b1f5-a9247145a2ac@group-E2152A48AE85, cid=1943, SUCCESS, logIndex=2821, commits[fd4515e9-84f2-4741-b1f5-a9247145a2ac:c2822, 2e3e112c-ad01-4834-a07e-d6d8a7947632:c2818, dfee02f7-0d20-4e08-8ecd-ebe087394a07:c2818]
2019-07-08 20:09:34,296 INFO  client.GrpcClientProtocolClient (GrpcClientProtocolClient.java:onNext(255)) - client-83AFC0B42279->fd4515e9-84f2-4741-b1f5-a9247145a2ac: receive RaftClientReply:client-83AFC0B42279->fd4515e9-84f2-4741-b1f5-a9247145a2ac@group-E2152A48AE85, cid=1944, SUCCESS, logIndex=2822, commits[fd4515e9-84f2-4741-b1f5-a9247145a2ac:c2822, 2e3e112c-ad01-4834-a07e-d6d8a7947632:c2818, dfee02f7-0d20-4e08-8ecd-ebe087394a07:c2818]
2019-07-08 20:09:34,309 INFO  client.GrpcClientProtocolClient (GrpcClientProtocolClient.java:onNext(255)) - client-83AFC0B42279->fd4515e9-84f2-4741-b1f5-a9247145a2ac: receive RaftClientReply:client-83AFC0B42279->fd4515e9-84f2-4741-b1f5-a9247145a2ac@group-E2152A48AE85, cid=1945, SUCCESS, logIndex=0, commits[fd4515e9-84f2-4741-b1f5-a9247145a2ac:c2824, 2e3e112c-ad01-4834-a07e-d6d8a7947632:c2820, dfee02f7-0d20-4e08-8ecd-ebe087394a07:c2820]
2019-07-08 20:09:34,338 INFO  client.GrpcClientProtocolClient (GrpcClientProtocolClient.java:onNext(255)) - client-83AFC0B42279->fd4515e9-84f2-4741-b1f5-a9247145a2ac: receive RaftClientReply:client-83AFC0B42279->fd4515e9-84f2-4741-b1f5-a9247145a2ac@group-E2152A48AE85, cid=1946, SUCCESS, logIndex=2827, commits[fd4515e9-84f2-4741-b1f5-a9247145a2ac:c2828, 2e3e112c-ad01-4834-a07e-d6d8a7947632:c2826, dfee02f7-0d20-4e08-8ecd-ebe087394a07:c2826]
2019-07-08 20:09:34,338 INFO  client.GrpcClientProtocolClient (GrpcClientProtocolClient.java:onNext(255)) - client-83AFC0B42279->fd4515e9-84f2-4741-b1f5-a9247145a2ac: receive RaftClientReply:client-83AFC0B42279->fd4515e9-84f2-4741-b1f5-a9247145a2ac@group-E2152A48AE85, cid=1947, SUCCESS, logIndex=2828, commits[fd4515e9-84f2-4741-b1f5-a9247145a2ac:c2828, 2e3e112c-ad01-4834-a07e-d6d8a7947632:c2826, dfee02f7-0d20-4e08-8ecd-ebe087394a07:c2826]
2019-07-08 20:09:34,351 INFO  client.GrpcClientProtocolClient (GrpcClientProtocolClient.java:onNext(255)) - client-83AFC0B42279->fd4515e9-84f2-4741-b1f5-a9247145a2ac: receive RaftClientReply:client-83AFC0B42279->fd4515e9-84f2-4741-b1f5-a9247145a2ac@group-E2152A48AE85, cid=1948, SUCCESS, logIndex=2831, commits[fd4515e9-84f2-4741-b1f5-a9247145a2ac:c2832, 2e3e112c-ad01-4834-a07e-d6d8a7947632:c2828, dfee02f7-0d20-4e08-8ecd-ebe087394a07:c2828]
2019-07-08 20:09:34,352 INFO  client.GrpcClientProtocolClient (GrpcClientProtocolClient.java:onNext(255)) - client-83AFC0B42279->fd4515e9-84f2-4741-b1f5-a9247145a2ac: receive RaftClientReply:client-83AFC0B42279->fd4515e9-84f2-4741-b1f5-a9247145a2ac@group-E2152A48AE85, cid=1949, SUCCESS, logIndex=2832, commits[fd4515e9-84f2-4741-b1f5-a9247145a2ac:c2832, 2e3e112c-ad01-4834-a07e-d6d8a7947632:c2828, dfee02f7-0d20-4e08-8ecd-ebe087394a07:c2828]
2019-07-08 20:09:34,362 INFO  client.GrpcClientProtocolClient (GrpcClientProtocolClient.java:onNext(255)) - client-83AFC0B42279->fd4515e9-84f2-4741-b1f5-a9247145a2ac: receive RaftClientReply:client-83AFC0B42279->fd4515e9-84f2-4741-b1f5-a9247145a2ac@group-E2152A48AE85, cid=1950, SUCCESS, logIndex=0, commits[fd4515e9-84f2-4741-b1f5-a9247145a2ac:c2834, 2e3e112c-ad01-4834-a07e-d6d8a7947632:c2832, dfee02f7-0d20-4e08-8ecd-ebe087394a07:c2832]
2019-07-08 20:09:34,392 INFO  client.GrpcClientProtocolClient (GrpcClientProtocolClient.java:onNext(255)) - client-83AFC0B42279->fd4515e9-84f2-4741-b1f5-a9247145a2ac: receive RaftClientReply:client-83AFC0B42279->fd4515e9-84f2-4741-b1f5-a9247145a2ac@group-E2152A48AE85, cid=1951, SUCCESS, logIndex=2835, commits[fd4515e9-84f2-4741-b1f5-a9247145a2ac:c2836, 2e3e112c-ad01-4834-a07e-d6d8a7947632:c2834, dfee02f7-0d20-4e08-8ecd-ebe087394a07:c2834]
2019-07-08 20:09:34,392 INFO  client.GrpcClientProtocolClient (GrpcClientProtocolClient.java:onNext(255)) - client-83AFC0B42279->fd4515e9-84f2-4741-b1f5-a9247145a2ac: receive RaftClientReply:client-83AFC0B42279->fd4515e9-84f2-4741-b1f5-a9247145a2ac@group-E2152A48AE85, cid=1952, SUCCESS, logIndex=2836, commits[fd4515e9-84f2-4741-b1f5-a9247145a2ac:c2838, 2e3e112c-ad01-4834-a07e-d6d8a7947632:c2834, dfee02f7-0d20-4e08-8ecd-ebe087394a07:c2834]
2019-07-08 20:09:34,393 INFO  client.GrpcClientProtocolClient (GrpcClientProtocolClient.java:onNext(255)) - client-83AFC0B42279->fd4515e9-84f2-4741-b1f5-a9247145a2ac: receive RaftClientReply:client-83AFC0B42279->fd4515e9-84f2-4741-b1f5-a9247145a2ac@group-E2152A48AE85, cid=1953, SUCCESS, logIndex=2837, commits[fd4515e9-84f2-4741-b1f5-a9247145a2ac:c2838, 2e3e112c-ad01-4834-a07e-d6d8a7947632:c2834, dfee02f7-0d20-4e08-8ecd-ebe087394a07:c2834]
2019-07-08 20:09:34,393 INFO  client.GrpcClientProtocolClient (GrpcClientProtocolClient.java:onNext(255)) - client-83AFC0B42279->fd4515e9-84f2-4741-b1f5-a9247145a2ac: receive RaftClientReply:client-83AFC0B42279->fd4515e9-84f2-4741-b1f5-a9247145a2ac@group-E2152A48AE85, cid=1954, SUCCESS, logIndex=2838, commits[fd4515e9-84f2-4741-b1f5-a9247145a2ac:c2838, 2e3e112c-ad01-4834-a07e-d6d8a7947632:c2834, dfee02f7-0d20-4e08-8ecd-ebe087394a07:c2834]
2019-07-08 20:09:34,395 INFO  client.GrpcClientProtocolClient (GrpcClientProtocolClient.java:onNext(255)) - client-83AFC0B42279->fd4515e9-84f2-4741-b1f5-a9247145a2ac: receive RaftClientReply:client-83AFC0B42279->fd4515e9-84f2-4741-b1f5-a9247145a2ac@group-E2152A48AE85, cid=1955, SUCCESS, logIndex=0, commits[fd4515e9-84f2-4741-b1f5-a9247145a2ac:c2841, 2e3e112c-ad01-4834-a07e-d6d8a7947632:c2836, dfee02f7-0d20-4e08-8ecd-ebe087394a07:c2838]
2019-07-08 20:09:34,415 INFO  client.GrpcClientProtocolClient (GrpcClientProtocolClient.java:onNext(255)) - client-83AFC0B42279->fd4515e9-84f2-4741-b1f5-a9247145a2ac: receive RaftClientReply:client-83AFC0B42279->fd4515e9-84f2-4741-b1f5-a9247145a2ac@group-E2152A48AE85, cid=1956, SUCCESS, logIndex=2843, commits[fd4515e9-84f2-4741-b1f5-a9247145a2ac:c2844, 2e3e112c-ad01-4834-a07e-d6d8a7947632:c2842, dfee02f7-0d20-4e08-8ecd-ebe087394a07:c2842]
2019-07-08 20:09:34,415 INFO  client.GrpcClientProtocolClient (GrpcClientProtocolClient.java:onNext(255)) - client-83AFC0B42279->fd4515e9-84f2-4741-b1f5-a9247145a2ac: receive RaftClientReply:client-83AFC0B42279->fd4515e9-84f2-4741-b1f5-a9247145a2ac@group-E2152A48AE85, cid=1957, SUCCESS, logIndex=2844, commits[fd4515e9-84f2-4741-b1f5-a9247145a2ac:c2844, 2e3e112c-ad01-4834-a07e-d6d8a7947632:c2842, dfee02f7-0d20-4e08-8ecd-ebe087394a07:c2842]
2019-07-08 20:09:34,429 INFO  client.GrpcClientProtocolClient (GrpcClientProtocolClient.java:onNext(255)) - client-83AFC0B42279->fd4515e9-84f2-4741-b1f5-a9247145a2ac: receive RaftClientReply:client-83AFC0B42279->fd4515e9-84f2-4741-b1f5-a9247145a2ac@group-E2152A48AE85, cid=1958, SUCCESS, logIndex=2847, commits[fd4515e9-84f2-4741-b1f5-a9247145a2ac:c2848, 2e3e112c-ad01-4834-a07e-d6d8a7947632:c2844, dfee02f7-0d20-4e08-8ecd-ebe087394a07:c2844]
2019-07-08 20:09:34,429 INFO  client.GrpcClientProtocolClient (GrpcClientProtocolClient.java:onNext(255)) - client-83AFC0B42279->fd4515e9-84f2-4741-b1f5-a9247145a2ac: receive RaftClientReply:client-83AFC0B42279->fd4515e9-84f2-4741-b1f5-a9247145a2ac@group-E2152A48AE85, cid=1959, SUCCESS, logIndex=2848, commits[fd4515e9-84f2-4741-b1f5-a9247145a2ac:c2848, 2e3e112c-ad01-4834-a07e-d6d8a7947632:c2844, dfee02f7-0d20-4e08-8ecd-ebe087394a07:c2844]
2019-07-08 20:09:34,443 INFO  client.GrpcClientProtocolClient (GrpcClientProtocolClient.java:onNext(255)) - client-83AFC0B42279->fd4515e9-84f2-4741-b1f5-a9247145a2ac: receive RaftClientReply:client-83AFC0B42279->fd4515e9-84f2-4741-b1f5-a9247145a2ac@group-E2152A48AE85, cid=1960, SUCCESS, logIndex=0, commits[fd4515e9-84f2-4741-b1f5-a9247145a2ac:c2850, 2e3e112c-ad01-4834-a07e-d6d8a7947632:c2848, dfee02f7-0d20-4e08-8ecd-ebe087394a07:c2848]
2019-07-08 20:09:34,981 INFO  client.GrpcClientProtocolClient (GrpcClientProtocolClient.java:onNext(255)) - client-83AFC0B42279->fd4515e9-84f2-4741-b1f5-a9247145a2ac: receive RaftClientReply:client-83AFC0B42279->fd4515e9-84f2-4741-b1f5-a9247145a2ac@group-E2152A48AE85, cid=1961, SUCCESS, logIndex=2851, commits[fd4515e9-84f2-4741-b1f5-a9247145a2ac:c2854, 2e3e112c-ad01-4834-a07e-d6d8a7947632:c2850, dfee02f7-0d20-4e08-8ecd-ebe087394a07:c2850]
2019-07-08 20:09:34,982 INFO  client.GrpcClientProtocolClient (GrpcClientProtocolClient.java:onNext(255)) - client-83AFC0B42279->fd4515e9-84f2-4741-b1f5-a9247145a2ac: receive RaftClientReply:client-83AFC0B42279->fd4515e9-84f2-4741-b1f5-a9247145a2ac@group-E2152A48AE85, cid=1962, SUCCESS, logIndex=2852, commits[fd4515e9-84f2-4741-b1f5-a9247145a2ac:c2854, 2e3e112c-ad01-4834-a07e-d6d8a7947632:c2850, dfee02f7-0d20-4e08-8ecd-ebe087394a07:c2850]
2019-07-08 20:09:34,982 INFO  client.GrpcClientProtocolClient (GrpcClientProtocolClient.java:onNext(255)) - client-83AFC0B42279->fd4515e9-84f2-4741-b1f5-a9247145a2ac: receive RaftClientReply:client-83AFC0B42279->fd4515e9-84f2-4741-b1f5-a9247145a2ac@group-E2152A48AE85, cid=1963, SUCCESS, logIndex=2853, commits[fd4515e9-84f2-4741-b1f5-a9247145a2ac:c2854, 2e3e112c-ad01-4834-a07e-d6d8a7947632:c2850, dfee02f7-0d20-4e08-8ecd-ebe087394a07:c2850]
2019-07-08 20:09:34,982 INFO  client.GrpcClientProtocolClient (GrpcClientProtocolClient.java:onNext(255)) - client-83AFC0B42279->fd4515e9-84f2-4741-b1f5-a9247145a2ac: receive RaftClientReply:client-83AFC0B42279->fd4515e9-84f2-4741-b1f5-a9247145a2ac@group-E2152A48AE85, cid=1964, SUCCESS, logIndex=2854, commits[fd4515e9-84f2-4741-b1f5-a9247145a2ac:c2854, 2e3e112c-ad01-4834-a07e-d6d8a7947632:c2850, dfee02f7-0d20-4e08-8ecd-ebe087394a07:c2850]
2019-07-08 20:09:34,995 INFO  client.GrpcClientProtocolClient (GrpcClientProtocolClient.java:onNext(255)) - client-83AFC0B42279->fd4515e9-84f2-4741-b1f5-a9247145a2ac: receive RaftClientReply:client-83AFC0B42279->fd4515e9-84f2-4741-b1f5-a9247145a2ac@group-E2152A48AE85, cid=1965, SUCCESS, logIndex=0, commits[fd4515e9-84f2-4741-b1f5-a9247145a2ac:c2858, 2e3e112c-ad01-4834-a07e-d6d8a7947632:c2852, dfee02f7-0d20-4e08-8ecd-ebe087394a07:c2854]
2019-07-08 20:09:35,017 INFO  client.GrpcClientProtocolClient (GrpcClientProtocolClient.java:onNext(255)) - client-83AFC0B42279->fd4515e9-84f2-4741-b1f5-a9247145a2ac: receive RaftClientReply:client-83AFC0B42279->fd4515e9-84f2-4741-b1f5-a9247145a2ac@group-E2152A48AE85, cid=1966, SUCCESS, logIndex=2859, commits[fd4515e9-84f2-4741-b1f5-a9247145a2ac:c2860, 2e3e112c-ad01-4834-a07e-d6d8a7947632:c2854, dfee02f7-0d20-4e08-8ecd-ebe087394a07:c2858]
2019-07-08 20:09:35,018 INFO  client.GrpcClientProtocolClient (GrpcClientProtocolClient.java:onNext(255)) - client-83AFC0B42279->fd4515e9-84f2-4741-b1f5-a9247145a2ac: receive RaftClientReply:client-83AFC0B42279->fd4515e9-84f2-4741-b1f5-a9247145a2ac@group-E2152A48AE85, cid=1967, SUCCESS, logIndex=2860, commits[fd4515e9-84f2-4741-b1f5-a9247145a2ac:c2860, 2e3e112c-ad01-4834-a07e-d6d8a7947632:c2858, dfee02f7-0d20-4e08-8ecd-ebe087394a07:c2858]
2019-07-08 20:09:35,037 INFO  client.GrpcClientProtocolClient (GrpcClientProtocolClient.java:onNext(255)) - client-83AFC0B42279->fd4515e9-84f2-4741-b1f5-a9247145a2ac: receive RaftClientReply:client-83AFC0B42279->fd4515e9-84f2-4741-b1f5-a9247145a2ac@group-E2152A48AE85, cid=1968, SUCCESS, logIndex=2863, commits[fd4515e9-84f2-4741-b1f5-a9247145a2ac:c2864, 2e3e112c-ad01-4834-a07e-d6d8a7947632:c2862, dfee02f7-0d20-4e08-8ecd-ebe087394a07:c2862]
2019-07-08 20:09:35,037 INFO  client.GrpcClientProtocolClient (GrpcClientProtocolClient.java:onNext(255)) - client-83AFC0B42279->fd4515e9-84f2-4741-b1f5-a9247145a2ac: receive RaftClientReply:client-83AFC0B42279->fd4515e9-84f2-4741-b1f5-a9247145a2ac@group-E2152A48AE85, cid=1969, SUCCESS, logIndex=2864, commits[fd4515e9-84f2-4741-b1f5-a9247145a2ac:c2864, 2e3e112c-ad01-4834-a07e-d6d8a7947632:c2862, dfee02f7-0d20-4e08-8ecd-ebe087394a07:c2862]
2019-07-08 20:09:35,050 INFO  client.GrpcClientProtocolClient (GrpcClientProtocolClient.java:onNext(255)) - client-83AFC0B42279->fd4515e9-84f2-4741-b1f5-a9247145a2ac: receive RaftClientReply:client-83AFC0B42279->fd4515e9-84f2-4741-b1f5-a9247145a2ac@group-E2152A48AE85, cid=1970, SUCCESS, logIndex=0, commits[fd4515e9-84f2-4741-b1f5-a9247145a2ac:c2866, 2e3e112c-ad01-4834-a07e-d6d8a7947632:c2864, dfee02f7-0d20-4e08-8ecd-ebe087394a07:c2864]
2019-07-08 20:09:35,076 INFO  client.GrpcClientProtocolClient (GrpcClientProtocolClient.java:onNext(255)) - client-83AFC0B42279->fd4515e9-84f2-4741-b1f5-a9247145a2ac: receive RaftClientReply:client-83AFC0B42279->fd4515e9-84f2-4741-b1f5-a9247145a2ac@group-E2152A48AE85, cid=1971, SUCCESS, logIndex=2867, commits[fd4515e9-84f2-4741-b1f5-a9247145a2ac:c2870, 2e3e112c-ad01-4834-a07e-d6d8a7947632:c2866, dfee02f7-0d20-4e08-8ecd-ebe087394a07:c2866]
2019-07-08 20:09:35,076 INFO  client.GrpcClientProtocolClient (GrpcClientProtocolClient.java:onNext(255)) - client-83AFC0B42279->fd4515e9-84f2-4741-b1f5-a9247145a2ac: receive RaftClientReply:client-83AFC0B42279->fd4515e9-84f2-4741-b1f5-a9247145a2ac@group-E2152A48AE85, cid=1972, SUCCESS, logIndex=2868, commits[fd4515e9-84f2-4741-b1f5-a9247145a2ac:c2870, 2e3e112c-ad01-4834-a07e-d6d8a7947632:c2866, dfee02f7-0d20-4e08-8ecd-ebe087394a07:c2866]
2019-07-08 20:09:35,077 INFO  client.GrpcClientProtocolClient (GrpcClientProtocolClient.java:onNext(255)) - client-83AFC0B42279->fd4515e9-84f2-4741-b1f5-a9247145a2ac: receive RaftClientReply:client-83AFC0B42279->fd4515e9-84f2-4741-b1f5-a9247145a2ac@group-E2152A48AE85, cid=1973, SUCCESS, logIndex=2869, commits[fd4515e9-84f2-4741-b1f5-a9247145a2ac:c2870, 2e3e112c-ad01-4834-a07e-d6d8a7947632:c2866, dfee02f7-0d20-4e08-8ecd-ebe087394a07:c2866]
2019-07-08 20:09:35,077 INFO  client.GrpcClientProtocolClient (GrpcClientProtocolClient.java:onNext(255)) - client-83AFC0B42279->fd4515e9-84f2-4741-b1f5-a9247145a2ac: receive RaftClientReply:client-83AFC0B42279->fd4515e9-84f2-4741-b1f5-a9247145a2ac@group-E2152A48AE85, cid=1974, SUCCESS, logIndex=2870, commits[fd4515e9-84f2-4741-b1f5-a9247145a2ac:c2870, 2e3e112c-ad01-4834-a07e-d6d8a7947632:c2866, dfee02f7-0d20-4e08-8ecd-ebe087394a07:c2866]
2019-07-08 20:09:35,078 INFO  client.GrpcClientProtocolClient (GrpcClientProtocolClient.java:onNext(255)) - client-83AFC0B42279->fd4515e9-84f2-4741-b1f5-a9247145a2ac: receive RaftClientReply:client-83AFC0B42279->fd4515e9-84f2-4741-b1f5-a9247145a2ac@group-E2152A48AE85, cid=1975, SUCCESS, logIndex=0, commits[fd4515e9-84f2-4741-b1f5-a9247145a2ac:c2871, 2e3e112c-ad01-4834-a07e-d6d8a7947632:c2868, dfee02f7-0d20-4e08-8ecd-ebe087394a07:c2868]
2019-07-08 20:09:35,097 INFO  client.GrpcClientProtocolClient (GrpcClientProtocolClient.java:onNext(255)) - client-83AFC0B42279->fd4515e9-84f2-4741-b1f5-a9247145a2ac: receive RaftClientReply:client-83AFC0B42279->fd4515e9-84f2-4741-b1f5-a9247145a2ac@group-E2152A48AE85, cid=1976, SUCCESS, logIndex=2874, commits[fd4515e9-84f2-4741-b1f5-a9247145a2ac:c2875, 2e3e112c-ad01-4834-a07e-d6d8a7947632:c2873, dfee02f7-0d20-4e08-8ecd-ebe087394a07:c2873]
2019-07-08 20:09:35,097 INFO  client.GrpcClientProtocolClient (GrpcClientProtocolClient.java:onNext(255)) - client-83AFC0B42279->fd4515e9-84f2-4741-b1f5-a9247145a2ac: receive RaftClientReply:client-83AFC0B42279->fd4515e9-84f2-4741-b1f5-a9247145a2ac@group-E2152A48AE85, cid=1977, SUCCESS, logIndex=2875, commits[fd4515e9-84f2-4741-b1f5-a9247145a2ac:c2875, 2e3e112c-ad01-4834-a07e-d6d8a7947632:c2873, dfee02f7-0d20-4e08-8ecd-ebe087394a07:c2873]
2019-07-08 20:09:35,112 INFO  client.GrpcClientProtocolClient (GrpcClientProtocolClient.java:onNext(255)) - client-83AFC0B42279->fd4515e9-84f2-4741-b1f5-a9247145a2ac: receive RaftClientReply:client-83AFC0B42279->fd4515e9-84f2-4741-b1f5-a9247145a2ac@group-E2152A48AE85, cid=1978, SUCCESS, logIndex=2878, commits[fd4515e9-84f2-4741-b1f5-a9247145a2ac:c2879, 2e3e112c-ad01-4834-a07e-d6d8a7947632:c2875, dfee02f7-0d20-4e08-8ecd-ebe087394a07:c2875]
 0.00% |█                                                                                                    |  0/1 Time: 0:00:142019-07-08 20:09:35,112 INFO  client.GrpcClientProtocolClient (GrpcClientProtocolClient.java:onNext(255)) - client-83AFC0B42279->fd4515e9-84f2-4741-b1f5-a9247145a2ac: receive RaftClientReply:client-83AFC0B42279->fd4515e9-84f2-4741-b1f5-a9247145a2ac@group-E2152A48AE85, cid=1979, SUCCESS, logIndex=2879, commits[fd4515e9-84f2-4741-b1f5-a9247145a2ac:c2879, 2e3e112c-ad01-4834-a07e-d6d8a7947632:c2875, dfee02f7-0d20-4e08-8ecd-ebe087394a07:c2875]
2019-07-08 20:09:35,124 INFO  client.GrpcClientProtocolClient (GrpcClientProtocolClient.java:onNext(255)) - client-83AFC0B42279->fd4515e9-84f2-4741-b1f5-a9247145a2ac: receive RaftClientReply:client-83AFC0B42279->fd4515e9-84f2-4741-b1f5-a9247145a2ac@group-E2152A48AE85, cid=1980, SUCCESS, logIndex=0, commits[fd4515e9-84f2-4741-b1f5-a9247145a2ac:c2880, 2e3e112c-ad01-4834-a07e-d6d8a7947632:c2879, dfee02f7-0d20-4e08-8ecd-ebe087394a07:c2879]
2019-07-08 20:09:35,148 INFO  client.GrpcClientProtocolClient (GrpcClientProtocolClient.java:onNext(255)) - client-83AFC0B42279->fd4515e9-84f2-4741-b1f5-a9247145a2ac: receive RaftClientReply:client-83AFC0B42279->fd4515e9-84f2-4741-b1f5-a9247145a2ac@group-E2152A48AE85, cid=1981, SUCCESS, logIndex=2882, commits[fd4515e9-84f2-4741-b1f5-a9247145a2ac:c2883, 2e3e112c-ad01-4834-a07e-d6d8a7947632:c2881, dfee02f7-0d20-4e08-8ecd-ebe087394a07:c2881]
2019-07-08 20:09:35,149 INFO  client.GrpcClientProtocolClient (GrpcClientProtocolClient.java:onNext(255)) - client-83AFC0B42279->fd4515e9-84f2-4741-b1f5-a9247145a2ac: receive RaftClientReply:client-83AFC0B42279->fd4515e9-84f2-4741-b1f5-a9247145a2ac@group-E2152A48AE85, cid=1982, SUCCESS, logIndex=2883, commits[fd4515e9-84f2-4741-b1f5-a9247145a2ac:c2885, 2e3e112c-ad01-4834-a07e-d6d8a7947632:c2881, dfee02f7-0d20-4e08-8ecd-ebe087394a07:c2881]
2019-07-08 20:09:35,149 INFO  client.GrpcClientProtocolClient (GrpcClientProtocolClient.java:onNext(255)) - client-83AFC0B42279->fd4515e9-84f2-4741-b1f5-a9247145a2ac: receive RaftClientReply:client-83AFC0B42279->fd4515e9-84f2-4741-b1f5-a9247145a2ac@group-E2152A48AE85, cid=1983, SUCCESS, logIndex=2884, commits[fd4515e9-84f2-4741-b1f5-a9247145a2ac:c2885, 2e3e112c-ad01-4834-a07e-d6d8a7947632:c2881, dfee02f7-0d20-4e08-8ecd-ebe087394a07:c2881]
2019-07-08 20:09:35,150 INFO  client.GrpcClientProtocolClient (GrpcClientProtocolClient.java:onNext(255)) - client-83AFC0B42279->fd4515e9-84f2-4741-b1f5-a9247145a2ac: receive RaftClientReply:client-83AFC0B42279->fd4515e9-84f2-4741-b1f5-a9247145a2ac@group-E2152A48AE85, cid=1984, SUCCESS, logIndex=2885, commits[fd4515e9-84f2-4741-b1f5-a9247145a2ac:c2885, 2e3e112c-ad01-4834-a07e-d6d8a7947632:c2881, dfee02f7-0d20-4e08-8ecd-ebe087394a07:c2881]
2019-07-08 20:09:35,151 INFO  client.GrpcClientProtocolClient (GrpcClientProtocolClient.java:onNext(255)) - client-83AFC0B42279->fd4515e9-84f2-4741-b1f5-a9247145a2ac: receive RaftClientReply:client-83AFC0B42279->fd4515e9-84f2-4741-b1f5-a9247145a2ac@group-E2152A48AE85, cid=1985, SUCCESS, logIndex=0, commits[fd4515e9-84f2-4741-b1f5-a9247145a2ac:c2887, 2e3e112c-ad01-4834-a07e-d6d8a7947632:c2883, dfee02f7-0d20-4e08-8ecd-ebe087394a07:c2883]
2019-07-08 20:09:35,162 INFO  client.GrpcClientProtocolClient (GrpcClientProtocolClient.java:onNext(255)) - client-83AFC0B42279->fd4515e9-84f2-4741-b1f5-a9247145a2ac: receive RaftClientReply:client-83AFC0B42279->fd4515e9-84f2-4741-b1f5-a9247145a2ac@group-E2152A48AE85, cid=1986, SUCCESS, logIndex=2889, commits[fd4515e9-84f2-4741-b1f5-a9247145a2ac:c2890, 2e3e112c-ad01-4834-a07e-d6d8a7947632:c2888, dfee02f7-0d20-4e08-8ecd-ebe087394a07:c2888]
2019-07-08 20:09:35,163 INFO  client.GrpcClientProtocolClient (GrpcClientProtocolClient.java:onNext(255)) - client-83AFC0B42279->fd4515e9-84f2-4741-b1f5-a9247145a2ac: receive RaftClientReply:client-83AFC0B42279->fd4515e9-84f2-4741-b1f5-a9247145a2ac@group-E2152A48AE85, cid=1987, SUCCESS, logIndex=2890, commits[fd4515e9-84f2-4741-b1f5-a9247145a2ac:c2890, 2e3e112c-ad01-4834-a07e-d6d8a7947632:c2888, dfee02f7-0d20-4e08-8ecd-ebe087394a07:c2888]
2019-07-08 20:09:35,175 INFO  client.GrpcClientProtocolClient (GrpcClientProtocolClient.java:onNext(255)) - client-83AFC0B42279->fd4515e9-84f2-4741-b1f5-a9247145a2ac: receive RaftClientReply:client-83AFC0B42279->fd4515e9-84f2-4741-b1f5-a9247145a2ac@group-E2152A48AE85, cid=1988, SUCCESS, logIndex=2893, commits[fd4515e9-84f2-4741-b1f5-a9247145a2ac:c2893, 2e3e112c-ad01-4834-a07e-d6d8a7947632:c2890, dfee02f7-0d20-4e08-8ecd-ebe087394a07:c2890]
2019-07-08 20:09:35,176 INFO  client.GrpcClientProtocolClient (GrpcClientProtocolClient.java:onNext(255)) - client-83AFC0B42279->fd4515e9-84f2-4741-b1f5-a9247145a2ac: receive RaftClientReply:client-83AFC0B42279->fd4515e9-84f2-4741-b1f5-a9247145a2ac@group-E2152A48AE85, cid=1989, SUCCESS, logIndex=2894, commits[fd4515e9-84f2-4741-b1f5-a9247145a2ac:c2894, 2e3e112c-ad01-4834-a07e-d6d8a7947632:c2890, dfee02f7-0d20-4e08-8ecd-ebe087394a07:c2890]
2019-07-08 20:09:35,190 INFO  client.GrpcClientProtocolClient (GrpcClientProtocolClient.java:onNext(255)) - client-83AFC0B42279->fd4515e9-84f2-4741-b1f5-a9247145a2ac: receive RaftClientReply:client-83AFC0B42279->fd4515e9-84f2-4741-b1f5-a9247145a2ac@group-E2152A48AE85, cid=1990, SUCCESS, logIndex=0, commits[fd4515e9-84f2-4741-b1f5-a9247145a2ac:c2896, 2e3e112c-ad01-4834-a07e-d6d8a7947632:c2894, dfee02f7-0d20-4e08-8ecd-ebe087394a07:c2894]
2019-07-08 20:09:35,215 INFO  client.GrpcClientProtocolClient (GrpcClientProtocolClient.java:onNext(255)) - client-83AFC0B42279->fd4515e9-84f2-4741-b1f5-a9247145a2ac: receive RaftClientReply:client-83AFC0B42279->fd4515e9-84f2-4741-b1f5-a9247145a2ac@group-E2152A48AE85, cid=1991, SUCCESS, logIndex=2897, commits[fd4515e9-84f2-4741-b1f5-a9247145a2ac:c2899, 2e3e112c-ad01-4834-a07e-d6d8a7947632:c2896, dfee02f7-0d20-4e08-8ecd-ebe087394a07:c2896]
2019-07-08 20:09:35,216 INFO  client.GrpcClientProtocolClient (GrpcClientProtocolClient.java:onNext(255)) - client-83AFC0B42279->fd4515e9-84f2-4741-b1f5-a9247145a2ac: receive RaftClientReply:client-83AFC0B42279->fd4515e9-84f2-4741-b1f5-a9247145a2ac@group-E2152A48AE85, cid=1992, SUCCESS, logIndex=2898, commits[fd4515e9-84f2-4741-b1f5-a9247145a2ac:c2900, 2e3e112c-ad01-4834-a07e-d6d8a7947632:c2896, dfee02f7-0d20-4e08-8ecd-ebe087394a07:c2896]
2019-07-08 20:09:35,216 INFO  client.GrpcClientProtocolClient (GrpcClientProtocolClient.java:onNext(255)) - client-83AFC0B42279->fd4515e9-84f2-4741-b1f5-a9247145a2ac: receive RaftClientReply:client-83AFC0B42279->fd4515e9-84f2-4741-b1f5-a9247145a2ac@group-E2152A48AE85, cid=1993, SUCCESS, logIndex=2899, commits[fd4515e9-84f2-4741-b1f5-a9247145a2ac:c2900, 2e3e112c-ad01-4834-a07e-d6d8a7947632:c2896, dfee02f7-0d20-4e08-8ecd-ebe087394a07:c2896]
2019-07-08 20:09:35,216 INFO  client.GrpcClientProtocolClient (GrpcClientProtocolClient.java:onNext(255)) - client-83AFC0B42279->fd4515e9-84f2-4741-b1f5-a9247145a2ac: receive RaftClientReply:client-83AFC0B42279->fd4515e9-84f2-4741-b1f5-a9247145a2ac@group-E2152A48AE85, cid=1994, SUCCESS, logIndex=2900, commits[fd4515e9-84f2-4741-b1f5-a9247145a2ac:c2900, 2e3e112c-ad01-4834-a07e-d6d8a7947632:c2896, dfee02f7-0d20-4e08-8ecd-ebe087394a07:c2896]
2019-07-08 20:09:35,217 INFO  client.GrpcClientProtocolClient (GrpcClientProtocolClient.java:onNext(255)) - client-83AFC0B42279->fd4515e9-84f2-4741-b1f5-a9247145a2ac: receive RaftClientReply:client-83AFC0B42279->fd4515e9-84f2-4741-b1f5-a9247145a2ac@group-E2152A48AE85, cid=1995, SUCCESS, logIndex=0, commits[fd4515e9-84f2-4741-b1f5-a9247145a2ac:c2903, 2e3e112c-ad01-4834-a07e-d6d8a7947632:c2898, dfee02f7-0d20-4e08-8ecd-ebe087394a07:c2899]
2019-07-08 20:09:35,237 INFO  client.GrpcClientProtocolClient (GrpcClientProtocolClient.java:onNext(255)) - client-83AFC0B42279->fd4515e9-84f2-4741-b1f5-a9247145a2ac: receive RaftClientReply:client-83AFC0B42279->fd4515e9-84f2-4741-b1f5-a9247145a2ac@group-E2152A48AE85, cid=1996, SUCCESS, logIndex=2905, commits[fd4515e9-84f2-4741-b1f5-a9247145a2ac:c2906, 2e3e112c-ad01-4834-a07e-d6d8a7947632:c2904, dfee02f7-0d20-4e08-8ecd-ebe087394a07:c2904]
2019-07-08 20:09:35,237 INFO  client.GrpcClientProtocolClient (GrpcClientProtocolClient.java:onNext(255)) - client-83AFC0B42279->fd4515e9-84f2-4741-b1f5-a9247145a2ac: receive RaftClientReply:client-83AFC0B42279->fd4515e9-84f2-4741-b1f5-a9247145a2ac@group-E2152A48AE85, cid=1997, SUCCESS, logIndex=2906, commits[fd4515e9-84f2-4741-b1f5-a9247145a2ac:c2906, 2e3e112c-ad01-4834-a07e-d6d8a7947632:c2904, dfee02f7-0d20-4e08-8ecd-ebe087394a07:c2904]
2019-07-08 20:09:35,252 INFO  client.GrpcClientProtocolClient (GrpcClientProtocolClient.java:onNext(255)) - client-83AFC0B42279->fd4515e9-84f2-4741-b1f5-a9247145a2ac: receive RaftClientReply:client-83AFC0B42279->fd4515e9-84f2-4741-b1f5-a9247145a2ac@group-E2152A48AE85, cid=1998, SUCCESS, logIndex=2909, commits[fd4515e9-84f2-4741-b1f5-a9247145a2ac:c2910, 2e3e112c-ad01-4834-a07e-d6d8a7947632:c2906, dfee02f7-0d20-4e08-8ecd-ebe087394a07:c2906]
2019-07-08 20:09:35,252 INFO  client.GrpcClientProtocolClient (GrpcClientProtocolClient.java:onNext(255)) - client-83AFC0B42279->fd4515e9-84f2-4741-b1f5-a9247145a2ac: receive RaftClientReply:client-83AFC0B42279->fd4515e9-84f2-4741-b1f5-a9247145a2ac@group-E2152A48AE85, cid=1999, SUCCESS, logIndex=2910, commits[fd4515e9-84f2-4741-b1f5-a9247145a2ac:c2910, 2e3e112c-ad01-4834-a07e-d6d8a7947632:c2906, dfee02f7-0d20-4e08-8ecd-ebe087394a07:c2906]
2019-07-08 20:09:35,266 INFO  client.GrpcClientProtocolClient (GrpcClientProtocolClient.java:onNext(255)) - client-83AFC0B42279->fd4515e9-84f2-4741-b1f5-a9247145a2ac: receive RaftClientReply:client-83AFC0B42279->fd4515e9-84f2-4741-b1f5-a9247145a2ac@group-E2152A48AE85, cid=2000, SUCCESS, logIndex=0, commits[fd4515e9-84f2-4741-b1f5-a9247145a2ac:c2912, 2e3e112c-ad01-4834-a07e-d6d8a7947632:c2910, dfee02f7-0d20-4e08-8ecd-ebe087394a07:c2910]
2019-07-08 20:09:35,292 INFO  client.GrpcClientProtocolClient (GrpcClientProtocolClient.java:onNext(255)) - client-83AFC0B42279->fd4515e9-84f2-4741-b1f5-a9247145a2ac: receive RaftClientReply:client-83AFC0B42279->fd4515e9-84f2-4741-b1f5-a9247145a2ac@group-E2152A48AE85, cid=2001, SUCCESS, logIndex=2913, commits[fd4515e9-84f2-4741-b1f5-a9247145a2ac:c2914, 2e3e112c-ad01-4834-a07e-d6d8a7947632:c2912, dfee02f7-0d20-4e08-8ecd-ebe087394a07:c2912]
2019-07-08 20:09:35,292 INFO  client.GrpcClientProtocolClient (GrpcClientProtocolClient.java:onNext(255)) - client-83AFC0B42279->fd4515e9-84f2-4741-b1f5-a9247145a2ac: receive RaftClientReply:client-83AFC0B42279->fd4515e9-84f2-4741-b1f5-a9247145a2ac@group-E2152A48AE85, cid=2002, SUCCESS, logIndex=2914, commits[fd4515e9-84f2-4741-b1f5-a9247145a2ac:c2914, 2e3e112c-ad01-4834-a07e-d6d8a7947632:c2912, dfee02f7-0d20-4e08-8ecd-ebe087394a07:c2912]
2019-07-08 20:09:35,293 INFO  client.GrpcClientProtocolClient (GrpcClientProtocolClient.java:onNext(255)) - client-83AFC0B42279->fd4515e9-84f2-4741-b1f5-a9247145a2ac: receive RaftClientReply:client-83AFC0B42279->fd4515e9-84f2-4741-b1f5-a9247145a2ac@group-E2152A48AE85, cid=2003, SUCCESS, logIndex=2915, commits[fd4515e9-84f2-4741-b1f5-a9247145a2ac:c2916, 2e3e112c-ad01-4834-a07e-d6d8a7947632:c2912, dfee02f7-0d20-4e08-8ecd-ebe087394a07:c2912]
2019-07-08 20:09:35,293 INFO  client.GrpcClientProtocolClient (GrpcClientProtocolClient.java:onNext(255)) - client-83AFC0B42279->fd4515e9-84f2-4741-b1f5-a9247145a2ac: receive RaftClientReply:client-83AFC0B42279->fd4515e9-84f2-4741-b1f5-a9247145a2ac@group-E2152A48AE85, cid=2004, SUCCESS, logIndex=2916, commits[fd4515e9-84f2-4741-b1f5-a9247145a2ac:c2916, 2e3e112c-ad01-4834-a07e-d6d8a7947632:c2912, dfee02f7-0d20-4e08-8ecd-ebe087394a07:c2912]
2019-07-08 20:09:35,295 INFO  client.GrpcClientProtocolClient (GrpcClientProtocolClient.java:onNext(255)) - client-83AFC0B42279->fd4515e9-84f2-4741-b1f5-a9247145a2ac: receive RaftClientReply:client-83AFC0B42279->fd4515e9-84f2-4741-b1f5-a9247145a2ac@group-E2152A48AE85, cid=2005, SUCCESS, logIndex=0, commits[fd4515e9-84f2-4741-b1f5-a9247145a2ac:c2920, 2e3e112c-ad01-4834-a07e-d6d8a7947632:c2914, dfee02f7-0d20-4e08-8ecd-ebe087394a07:c2916]
2019-07-08 20:09:35,313 INFO  client.GrpcClientProtocolClient (GrpcClientProtocolClient.java:onNext(255)) - client-83AFC0B42279->fd4515e9-84f2-4741-b1f5-a9247145a2ac: receive RaftClientReply:client-83AFC0B42279->fd4515e9-84f2-4741-b1f5-a9247145a2ac@group-E2152A48AE85, cid=2006, SUCCESS, logIndex=2921, commits[fd4515e9-84f2-4741-b1f5-a9247145a2ac:c2922, 2e3e112c-ad01-4834-a07e-d6d8a7947632:c2920, dfee02f7-0d20-4e08-8ecd-ebe087394a07:c2920]
2019-07-08 20:09:35,313 INFO  client.GrpcClientProtocolClient (GrpcClientProtocolClient.java:onNext(255)) - client-83AFC0B42279->fd4515e9-84f2-4741-b1f5-a9247145a2ac: receive RaftClientReply:client-83AFC0B42279->fd4515e9-84f2-4741-b1f5-a9247145a2ac@group-E2152A48AE85, cid=2007, SUCCESS, logIndex=2922, commits[fd4515e9-84f2-4741-b1f5-a9247145a2ac:c2922, 2e3e112c-ad01-4834-a07e-d6d8a7947632:c2920, dfee02f7-0d20-4e08-8ecd-ebe087394a07:c2920]
2019-07-08 20:09:35,326 INFO  client.GrpcClientProtocolClient (GrpcClientProtocolClient.java:onNext(255)) - client-83AFC0B42279->fd4515e9-84f2-4741-b1f5-a9247145a2ac: receive RaftClientReply:client-83AFC0B42279->fd4515e9-84f2-4741-b1f5-a9247145a2ac@group-E2152A48AE85, cid=2008, SUCCESS, logIndex=2925, commits[fd4515e9-84f2-4741-b1f5-a9247145a2ac:c2926, 2e3e112c-ad01-4834-a07e-d6d8a7947632:c2922, dfee02f7-0d20-4e08-8ecd-ebe087394a07:c2922]
2019-07-08 20:09:35,327 INFO  client.GrpcClientProtocolClient (GrpcClientProtocolClient.java:onNext(255)) - client-83AFC0B42279->fd4515e9-84f2-4741-b1f5-a9247145a2ac: receive RaftClientReply:client-83AFC0B42279->fd4515e9-84f2-4741-b1f5-a9247145a2ac@group-E2152A48AE85, cid=2009, SUCCESS, logIndex=2926, commits[fd4515e9-84f2-4741-b1f5-a9247145a2ac:c2926, 2e3e112c-ad01-4834-a07e-d6d8a7947632:c2922, dfee02f7-0d20-4e08-8ecd-ebe087394a07:c2922]
2019-07-08 20:09:35,341 INFO  client.GrpcClientProtocolClient (GrpcClientProtocolClient.java:onNext(255)) - client-83AFC0B42279->fd4515e9-84f2-4741-b1f5-a9247145a2ac: receive RaftClientReply:client-83AFC0B42279->fd4515e9-84f2-4741-b1f5-a9247145a2ac@group-E2152A48AE85, cid=2010, SUCCESS, logIndex=0, commits[fd4515e9-84f2-4741-b1f5-a9247145a2ac:c2928, 2e3e112c-ad01-4834-a07e-d6d8a7947632:c2926, dfee02f7-0d20-4e08-8ecd-ebe087394a07:c2926]
2019-07-08 20:09:35,367 INFO  client.GrpcClientProtocolClient (GrpcClientProtocolClient.java:onNext(255)) - client-83AFC0B42279->fd4515e9-84f2-4741-b1f5-a9247145a2ac: receive RaftClientReply:client-83AFC0B42279->fd4515e9-84f2-4741-b1f5-a9247145a2ac@group-E2152A48AE85, cid=2011, SUCCESS, logIndex=2929, commits[fd4515e9-84f2-4741-b1f5-a9247145a2ac:c2930, 2e3e112c-ad01-4834-a07e-d6d8a7947632:c2928, dfee02f7-0d20-4e08-8ecd-ebe087394a07:c2928]
2019-07-08 20:09:35,367 INFO  client.GrpcClientProtocolClient (GrpcClientProtocolClient.java:onNext(255)) - client-83AFC0B42279->fd4515e9-84f2-4741-b1f5-a9247145a2ac: receive RaftClientReply:client-83AFC0B42279->fd4515e9-84f2-4741-b1f5-a9247145a2ac@group-E2152A48AE85, cid=2012, SUCCESS, logIndex=2930, commits[fd4515e9-84f2-4741-b1f5-a9247145a2ac:c2932, 2e3e112c-ad01-4834-a07e-d6d8a7947632:c2928, dfee02f7-0d20-4e08-8ecd-ebe087394a07:c2928]
2019-07-08 20:09:35,368 INFO  client.GrpcClientProtocolClient (GrpcClientProtocolClient.java:onNext(255)) - client-83AFC0B42279->fd4515e9-84f2-4741-b1f5-a9247145a2ac: receive RaftClientReply:client-83AFC0B42279->fd4515e9-84f2-4741-b1f5-a9247145a2ac@group-E2152A48AE85, cid=2013, SUCCESS, logIndex=2931, commits[fd4515e9-84f2-4741-b1f5-a9247145a2ac:c2932, 2e3e112c-ad01-4834-a07e-d6d8a7947632:c2928, dfee02f7-0d20-4e08-8ecd-ebe087394a07:c2928]
2019-07-08 20:09:35,368 INFO  client.GrpcClientProtocolClient (GrpcClientProtocolClient.java:onNext(255)) - client-83AFC0B42279->fd4515e9-84f2-4741-b1f5-a9247145a2ac: receive RaftClientReply:client-83AFC0B42279->fd4515e9-84f2-4741-b1f5-a9247145a2ac@group-E2152A48AE85, cid=2014, SUCCESS, logIndex=2932, commits[fd4515e9-84f2-4741-b1f5-a9247145a2ac:c2933, 2e3e112c-ad01-4834-a07e-d6d8a7947632:c2928, dfee02f7-0d20-4e08-8ecd-ebe087394a07:c2930]
2019-07-08 20:09:35,369 INFO  client.GrpcClientProtocolClient (GrpcClientProtocolClient.java:onNext(255)) - client-83AFC0B42279->fd4515e9-84f2-4741-b1f5-a9247145a2ac: receive RaftClientReply:client-83AFC0B42279->fd4515e9-84f2-4741-b1f5-a9247145a2ac@group-E2152A48AE85, cid=2015, SUCCESS, logIndex=0, commits[fd4515e9-84f2-4741-b1f5-a9247145a2ac:c2936, 2e3e112c-ad01-4834-a07e-d6d8a7947632:c2932, dfee02f7-0d20-4e08-8ecd-ebe087394a07:c2932]
2019-07-08 20:09:35,387 INFO  client.GrpcClientProtocolClient (GrpcClientProtocolClient.java:onNext(255)) - client-83AFC0B42279->fd4515e9-84f2-4741-b1f5-a9247145a2ac: receive RaftClientReply:client-83AFC0B42279->fd4515e9-84f2-4741-b1f5-a9247145a2ac@group-E2152A48AE85, cid=2016, SUCCESS, logIndex=2937, commits[fd4515e9-84f2-4741-b1f5-a9247145a2ac:c2938, 2e3e112c-ad01-4834-a07e-d6d8a7947632:c2936, dfee02f7-0d20-4e08-8ecd-ebe087394a07:c2936]
2019-07-08 20:09:35,388 INFO  client.GrpcClientProtocolClient (GrpcClientProtocolClient.java:onNext(255)) - client-83AFC0B42279->fd4515e9-84f2-4741-b1f5-a9247145a2ac: receive RaftClientReply:client-83AFC0B42279->fd4515e9-84f2-4741-b1f5-a9247145a2ac@group-E2152A48AE85, cid=2017, SUCCESS, logIndex=2938, commits[fd4515e9-84f2-4741-b1f5-a9247145a2ac:c2938, 2e3e112c-ad01-4834-a07e-d6d8a7947632:c2936, dfee02f7-0d20-4e08-8ecd-ebe087394a07:c2936]
2019-07-08 20:09:35,421 INFO  client.GrpcClientProtocolClient (GrpcClientProtocolClient.java:onNext(255)) - client-83AFC0B42279->fd4515e9-84f2-4741-b1f5-a9247145a2ac: receive RaftClientReply:client-83AFC0B42279->fd4515e9-84f2-4741-b1f5-a9247145a2ac@group-E2152A48AE85, cid=2018, SUCCESS, logIndex=2941, commits[fd4515e9-84f2-4741-b1f5-a9247145a2ac:c2942, 2e3e112c-ad01-4834-a07e-d6d8a7947632:c2938, dfee02f7-0d20-4e08-8ecd-ebe087394a07:c2938]
2019-07-08 20:09:35,421 INFO  client.GrpcClientProtocolClient (GrpcClientProtocolClient.java:onNext(255)) - client-83AFC0B42279->fd4515e9-84f2-4741-b1f5-a9247145a2ac: receive RaftClientReply:client-83AFC0B42279->fd4515e9-84f2-4741-b1f5-a9247145a2ac@group-E2152A48AE85, cid=2019, SUCCESS, logIndex=2942, commits[fd4515e9-84f2-4741-b1f5-a9247145a2ac:c2942, 2e3e112c-ad01-4834-a07e-d6d8a7947632:c2938, dfee02f7-0d20-4e08-8ecd-ebe087394a07:c2938]
2019-07-08 20:09:35,432 INFO  client.GrpcClientProtocolClient (GrpcClientProtocolClient.java:onNext(255)) - client-83AFC0B42279->fd4515e9-84f2-4741-b1f5-a9247145a2ac: receive RaftClientReply:client-83AFC0B42279->fd4515e9-84f2-4741-b1f5-a9247145a2ac@group-E2152A48AE85, cid=2020, SUCCESS, logIndex=0, commits[fd4515e9-84f2-4741-b1f5-a9247145a2ac:c2944, 2e3e112c-ad01-4834-a07e-d6d8a7947632:c2942, dfee02f7-0d20-4e08-8ecd-ebe087394a07:c2942]
2019-07-08 20:09:35,461 INFO  client.GrpcClientProtocolClient (GrpcClientProtocolClient.java:onNext(255)) - client-83AFC0B42279->fd4515e9-84f2-4741-b1f5-a9247145a2ac: receive RaftClientReply:client-83AFC0B42279->fd4515e9-84f2-4741-b1f5-a9247145a2ac@group-E2152A48AE85, cid=2021, SUCCESS, logIndex=2945, commits[fd4515e9-84f2-4741-b1f5-a9247145a2ac:c2946, 2e3e112c-ad01-4834-a07e-d6d8a7947632:c2944, dfee02f7-0d20-4e08-8ecd-ebe087394a07:c2944]
2019-07-08 20:09:35,462 INFO  client.GrpcClientProtocolClient (GrpcClientProtocolClient.java:onNext(255)) - client-83AFC0B42279->fd4515e9-84f2-4741-b1f5-a9247145a2ac: receive RaftClientReply:client-83AFC0B42279->fd4515e9-84f2-4741-b1f5-a9247145a2ac@group-E2152A48AE85, cid=2022, SUCCESS, logIndex=2946, commits[fd4515e9-84f2-4741-b1f5-a9247145a2ac:c2947, 2e3e112c-ad01-4834-a07e-d6d8a7947632:c2944, dfee02f7-0d20-4e08-8ecd-ebe087394a07:c2944]
2019-07-08 20:09:35,462 INFO  client.GrpcClientProtocolClient (GrpcClientProtocolClient.java:onNext(255)) - client-83AFC0B42279->fd4515e9-84f2-4741-b1f5-a9247145a2ac: receive RaftClientReply:client-83AFC0B42279->fd4515e9-84f2-4741-b1f5-a9247145a2ac@group-E2152A48AE85, cid=2023, SUCCESS, logIndex=2947, commits[fd4515e9-84f2-4741-b1f5-a9247145a2ac:c2948, 2e3e112c-ad01-4834-a07e-d6d8a7947632:c2944, dfee02f7-0d20-4e08-8ecd-ebe087394a07:c2944]
2019-07-08 20:09:35,463 INFO  client.GrpcClientProtocolClient (GrpcClientProtocolClient.java:onNext(255)) - client-83AFC0B42279->fd4515e9-84f2-4741-b1f5-a9247145a2ac: receive RaftClientReply:client-83AFC0B42279->fd4515e9-84f2-4741-b1f5-a9247145a2ac@group-E2152A48AE85, cid=2024, SUCCESS, logIndex=2948, commits[fd4515e9-84f2-4741-b1f5-a9247145a2ac:c2948, 2e3e112c-ad01-4834-a07e-d6d8a7947632:c2944, dfee02f7-0d20-4e08-8ecd-ebe087394a07:c2944]
2019-07-08 20:09:35,464 INFO  client.GrpcClientProtocolClient (GrpcClientProtocolClient.java:onNext(255)) - client-83AFC0B42279->fd4515e9-84f2-4741-b1f5-a9247145a2ac: receive RaftClientReply:client-83AFC0B42279->fd4515e9-84f2-4741-b1f5-a9247145a2ac@group-E2152A48AE85, cid=2025, SUCCESS, logIndex=0, commits[fd4515e9-84f2-4741-b1f5-a9247145a2ac:c2951, 2e3e112c-ad01-4834-a07e-d6d8a7947632:c2946, dfee02f7-0d20-4e08-8ecd-ebe087394a07:c2947]
2019-07-08 20:09:35,484 INFO  client.GrpcClientProtocolClient (GrpcClientProtocolClient.java:onNext(255)) - client-83AFC0B42279->fd4515e9-84f2-4741-b1f5-a9247145a2ac: receive RaftClientReply:client-83AFC0B42279->fd4515e9-84f2-4741-b1f5-a9247145a2ac@group-E2152A48AE85, cid=2026, SUCCESS, logIndex=2953, commits[fd4515e9-84f2-4741-b1f5-a9247145a2ac:c2954, 2e3e112c-ad01-4834-a07e-d6d8a7947632:c2952, dfee02f7-0d20-4e08-8ecd-ebe087394a07:c2952]
2019-07-08 20:09:35,484 INFO  client.GrpcClientProtocolClient (GrpcClientProtocolClient.java:onNext(255)) - client-83AFC0B42279->fd4515e9-84f2-4741-b1f5-a9247145a2ac: receive RaftClientReply:client-83AFC0B42279->fd4515e9-84f2-4741-b1f5-a9247145a2ac@group-E2152A48AE85, cid=2027, SUCCESS, logIndex=2954, commits[fd4515e9-84f2-4741-b1f5-a9247145a2ac:c2954, 2e3e112c-ad01-4834-a07e-d6d8a7947632:c2952, dfee02f7-0d20-4e08-8ecd-ebe087394a07:c2952]
2019-07-08 20:09:35,499 INFO  client.GrpcClientProtocolClient (GrpcClientProtocolClient.java:onNext(255)) - client-83AFC0B42279->fd4515e9-84f2-4741-b1f5-a9247145a2ac: receive RaftClientReply:client-83AFC0B42279->fd4515e9-84f2-4741-b1f5-a9247145a2ac@group-E2152A48AE85, cid=2028, SUCCESS, logIndex=2957, commits[fd4515e9-84f2-4741-b1f5-a9247145a2ac:c2958, 2e3e112c-ad01-4834-a07e-d6d8a7947632:c2954, dfee02f7-0d20-4e08-8ecd-ebe087394a07:c2954]
2019-07-08 20:09:35,500 INFO  client.GrpcClientProtocolClient (GrpcClientProtocolClient.java:onNext(255)) - client-83AFC0B42279->fd4515e9-84f2-4741-b1f5-a9247145a2ac: receive RaftClientReply:client-83AFC0B42279->fd4515e9-84f2-4741-b1f5-a9247145a2ac@group-E2152A48AE85, cid=2029, SUCCESS, logIndex=2958, commits[fd4515e9-84f2-4741-b1f5-a9247145a2ac:c2958, 2e3e112c-ad01-4834-a07e-d6d8a7947632:c2954, dfee02f7-0d20-4e08-8ecd-ebe087394a07:c2954]
2019-07-08 20:09:35,514 INFO  client.GrpcClientProtocolClient (GrpcClientProtocolClient.java:onNext(255)) - client-83AFC0B42279->fd4515e9-84f2-4741-b1f5-a9247145a2ac: receive RaftClientReply:client-83AFC0B42279->fd4515e9-84f2-4741-b1f5-a9247145a2ac@group-E2152A48AE85, cid=2030, SUCCESS, logIndex=0, commits[fd4515e9-84f2-4741-b1f5-a9247145a2ac:c2960, 2e3e112c-ad01-4834-a07e-d6d8a7947632:c2958, dfee02f7-0d20-4e08-8ecd-ebe087394a07:c2958]
2019-07-08 20:09:35,557 INFO  client.GrpcClientProtocolClient (GrpcClientProtocolClient.java:onNext(255)) - client-83AFC0B42279->fd4515e9-84f2-4741-b1f5-a9247145a2ac: receive RaftClientReply:client-83AFC0B42279->fd4515e9-84f2-4741-b1f5-a9247145a2ac@group-E2152A48AE85, cid=2031, SUCCESS, logIndex=2961, commits[fd4515e9-84f2-4741-b1f5-a9247145a2ac:c2962, 2e3e112c-ad01-4834-a07e-d6d8a7947632:c2960, dfee02f7-0d20-4e08-8ecd-ebe087394a07:c2960]
2019-07-08 20:09:35,558 INFO  client.GrpcClientProtocolClient (GrpcClientProtocolClient.java:onNext(255)) - client-83AFC0B42279->fd4515e9-84f2-4741-b1f5-a9247145a2ac: receive RaftClientReply:client-83AFC0B42279->fd4515e9-84f2-4741-b1f5-a9247145a2ac@group-E2152A48AE85, cid=2032, SUCCESS, logIndex=2962, commits[fd4515e9-84f2-4741-b1f5-a9247145a2ac:c2964, 2e3e112c-ad01-4834-a07e-d6d8a7947632:c2960, dfee02f7-0d20-4e08-8ecd-ebe087394a07:c2960]
2019-07-08 20:09:35,559 INFO  client.GrpcClientProtocolClient (GrpcClientProtocolClient.java:onNext(255)) - client-83AFC0B42279->fd4515e9-84f2-4741-b1f5-a9247145a2ac: receive RaftClientReply:client-83AFC0B42279->fd4515e9-84f2-4741-b1f5-a9247145a2ac@group-E2152A48AE85, cid=2033, SUCCESS, logIndex=2963, commits[fd4515e9-84f2-4741-b1f5-a9247145a2ac:c2964, 2e3e112c-ad01-4834-a07e-d6d8a7947632:c2960, dfee02f7-0d20-4e08-8ecd-ebe087394a07:c2960]
2019-07-08 20:09:35,559 INFO  client.GrpcClientProtocolClient (GrpcClientProtocolClient.java:onNext(255)) - client-83AFC0B42279->fd4515e9-84f2-4741-b1f5-a9247145a2ac: receive RaftClientReply:client-83AFC0B42279->fd4515e9-84f2-4741-b1f5-a9247145a2ac@group-E2152A48AE85, cid=2034, SUCCESS, logIndex=2964, commits[fd4515e9-84f2-4741-b1f5-a9247145a2ac:c2965, 2e3e112c-ad01-4834-a07e-d6d8a7947632:c2961, dfee02f7-0d20-4e08-8ecd-ebe087394a07:c2960]
2019-07-08 20:09:35,642 INFO  client.GrpcClientProtocolClient (GrpcClientProtocolClient.java:onNext(255)) - client-83AFC0B42279->fd4515e9-84f2-4741-b1f5-a9247145a2ac: receive RaftClientReply:client-83AFC0B42279->fd4515e9-84f2-4741-b1f5-a9247145a2ac@group-E2152A48AE85, cid=2035, SUCCESS, logIndex=0, commits[fd4515e9-84f2-4741-b1f5-a9247145a2ac:c2967, 2e3e112c-ad01-4834-a07e-d6d8a7947632:c2964, dfee02f7-0d20-4e08-8ecd-ebe087394a07:c2962]
2019-07-08 20:09:35,669 INFO  client.GrpcClientProtocolClient (GrpcClientProtocolClient.java:onNext(255)) - client-83AFC0B42279->fd4515e9-84f2-4741-b1f5-a9247145a2ac: receive RaftClientReply:client-83AFC0B42279->fd4515e9-84f2-4741-b1f5-a9247145a2ac@group-E2152A48AE85, cid=2036, SUCCESS, logIndex=2968, commits[fd4515e9-84f2-4741-b1f5-a9247145a2ac:c2969, 2e3e112c-ad01-4834-a07e-d6d8a7947632:c2967, dfee02f7-0d20-4e08-8ecd-ebe087394a07:c2964]
2019-07-08 20:09:35,670 INFO  client.GrpcClientProtocolClient (GrpcClientProtocolClient.java:onNext(255)) - client-83AFC0B42279->fd4515e9-84f2-4741-b1f5-a9247145a2ac: receive RaftClientReply:client-83AFC0B42279->fd4515e9-84f2-4741-b1f5-a9247145a2ac@group-E2152A48AE85, cid=2037, SUCCESS, logIndex=2969, commits[fd4515e9-84f2-4741-b1f5-a9247145a2ac:c2969, 2e3e112c-ad01-4834-a07e-d6d8a7947632:c2967, dfee02f7-0d20-4e08-8ecd-ebe087394a07:c2967]
2019-07-08 20:09:35,685 INFO  client.GrpcClientProtocolClient (GrpcClientProtocolClient.java:onNext(255)) - client-83AFC0B42279->fd4515e9-84f2-4741-b1f5-a9247145a2ac: receive RaftClientReply:client-83AFC0B42279->fd4515e9-84f2-4741-b1f5-a9247145a2ac@group-E2152A48AE85, cid=2038, SUCCESS, logIndex=2972, commits[fd4515e9-84f2-4741-b1f5-a9247145a2ac:c2973, 2e3e112c-ad01-4834-a07e-d6d8a7947632:c2970, dfee02f7-0d20-4e08-8ecd-ebe087394a07:c2969]
2019-07-08 20:09:35,686 INFO  client.GrpcClientProtocolClient (GrpcClientProtocolClient.java:onNext(255)) - client-83AFC0B42279->fd4515e9-84f2-4741-b1f5-a9247145a2ac: receive RaftClientReply:client-83AFC0B42279->fd4515e9-84f2-4741-b1f5-a9247145a2ac@group-E2152A48AE85, cid=2039, SUCCESS, logIndex=2973, commits[fd4515e9-84f2-4741-b1f5-a9247145a2ac:c2973, 2e3e112c-ad01-4834-a07e-d6d8a7947632:c2970, dfee02f7-0d20-4e08-8ecd-ebe087394a07:c2970]
2019-07-08 20:09:35,688 INFO  client.GrpcClientProtocolClient (GrpcClientProtocolClient.java:onNext(255)) - client-83AFC0B42279->fd4515e9-84f2-4741-b1f5-a9247145a2ac: receive RaftClientReply:client-83AFC0B42279->fd4515e9-84f2-4741-b1f5-a9247145a2ac@group-E2152A48AE85, cid=2040, SUCCESS, logIndex=0, commits[fd4515e9-84f2-4741-b1f5-a9247145a2ac:c2974, 2e3e112c-ad01-4834-a07e-d6d8a7947632:c2973, dfee02f7-0d20-4e08-8ecd-ebe087394a07:c2973]
2019-07-08 20:09:35,717 INFO  client.GrpcClientProtocolClient (GrpcClientProtocolClient.java:onNext(255)) - client-83AFC0B42279->fd4515e9-84f2-4741-b1f5-a9247145a2ac: receive RaftClientReply:client-83AFC0B42279->fd4515e9-84f2-4741-b1f5-a9247145a2ac@group-E2152A48AE85, cid=2041, SUCCESS, logIndex=2976, commits[fd4515e9-84f2-4741-b1f5-a9247145a2ac:c2977, 2e3e112c-ad01-4834-a07e-d6d8a7947632:c2975, dfee02f7-0d20-4e08-8ecd-ebe087394a07:c2975]
2019-07-08 20:09:35,717 INFO  client.GrpcClientProtocolClient (GrpcClientProtocolClient.java:onNext(255)) - client-83AFC0B42279->fd4515e9-84f2-4741-b1f5-a9247145a2ac: receive RaftClientReply:client-83AFC0B42279->fd4515e9-84f2-4741-b1f5-a9247145a2ac@group-E2152A48AE85, cid=2042, SUCCESS, logIndex=2977, commits[fd4515e9-84f2-4741-b1f5-a9247145a2ac:c2979, 2e3e112c-ad01-4834-a07e-d6d8a7947632:c2975, dfee02f7-0d20-4e08-8ecd-ebe087394a07:c2975]
2019-07-08 20:09:35,718 INFO  client.GrpcClientProtocolClient (GrpcClientProtocolClient.java:onNext(255)) - client-83AFC0B42279->fd4515e9-84f2-4741-b1f5-a9247145a2ac: receive RaftClientReply:client-83AFC0B42279->fd4515e9-84f2-4741-b1f5-a9247145a2ac@group-E2152A48AE85, cid=2043, SUCCESS, logIndex=2978, commits[fd4515e9-84f2-4741-b1f5-a9247145a2ac:c2979, 2e3e112c-ad01-4834-a07e-d6d8a7947632:c2975, dfee02f7-0d20-4e08-8ecd-ebe087394a07:c2975]
2019-07-08 20:09:35,718 INFO  client.GrpcClientProtocolClient (GrpcClientProtocolClient.java:onNext(255)) - client-83AFC0B42279->fd4515e9-84f2-4741-b1f5-a9247145a2ac: receive RaftClientReply:client-83AFC0B42279->fd4515e9-84f2-4741-b1f5-a9247145a2ac@group-E2152A48AE85, cid=2044, SUCCESS, logIndex=2979, commits[fd4515e9-84f2-4741-b1f5-a9247145a2ac:c2979, 2e3e112c-ad01-4834-a07e-d6d8a7947632:c2975, dfee02f7-0d20-4e08-8ecd-ebe087394a07:c2975]
2019-07-08 20:09:35,732 INFO  client.GrpcClientProtocolClient (GrpcClientProtocolClient.java:onNext(255)) - client-83AFC0B42279->fd4515e9-84f2-4741-b1f5-a9247145a2ac: receive RaftClientReply:client-83AFC0B42279->fd4515e9-84f2-4741-b1f5-a9247145a2ac@group-E2152A48AE85, cid=2045, SUCCESS, logIndex=0, commits[fd4515e9-84f2-4741-b1f5-a9247145a2ac:c2982, 2e3e112c-ad01-4834-a07e-d6d8a7947632:c2977, dfee02f7-0d20-4e08-8ecd-ebe087394a07:c2979]
2019-07-08 20:09:35,752 INFO  client.GrpcClientProtocolClient (GrpcClientProtocolClient.java:onNext(255)) - client-83AFC0B42279->fd4515e9-84f2-4741-b1f5-a9247145a2ac: receive RaftClientReply:client-83AFC0B42279->fd4515e9-84f2-4741-b1f5-a9247145a2ac@group-E2152A48AE85, cid=2046, SUCCESS, logIndex=2984, commits[fd4515e9-84f2-4741-b1f5-a9247145a2ac:c2985, 2e3e112c-ad01-4834-a07e-d6d8a7947632:c2983, dfee02f7-0d20-4e08-8ecd-ebe087394a07:c2983]
2019-07-08 20:09:35,753 INFO  client.GrpcClientProtocolClient (GrpcClientProtocolClient.java:onNext(255)) - client-83AFC0B42279->fd4515e9-84f2-4741-b1f5-a9247145a2ac: receive RaftClientReply:client-83AFC0B42279->fd4515e9-84f2-4741-b1f5-a9247145a2ac@group-E2152A48AE85, cid=2047, SUCCESS, logIndex=2985, commits[fd4515e9-84f2-4741-b1f5-a9247145a2ac:c2985, 2e3e112c-ad01-4834-a07e-d6d8a7947632:c2983, dfee02f7-0d20-4e08-8ecd-ebe087394a07:c2983]
2019-07-08 20:09:35,768 INFO  client.GrpcClientProtocolClient (GrpcClientProtocolClient.java:onNext(255)) - client-83AFC0B42279->fd4515e9-84f2-4741-b1f5-a9247145a2ac: receive RaftClientReply:client-83AFC0B42279->fd4515e9-84f2-4741-b1f5-a9247145a2ac@group-E2152A48AE85, cid=2048, SUCCESS, logIndex=2988, commits[fd4515e9-84f2-4741-b1f5-a9247145a2ac:c2988, 2e3e112c-ad01-4834-a07e-d6d8a7947632:c2985, dfee02f7-0d20-4e08-8ecd-ebe087394a07:c2985]
2019-07-08 20:09:35,768 INFO  client.GrpcClientProtocolClient (GrpcClientProtocolClient.java:onNext(255)) - client-83AFC0B42279->fd4515e9-84f2-4741-b1f5-a9247145a2ac: receive RaftClientReply:client-83AFC0B42279->fd4515e9-84f2-4741-b1f5-a9247145a2ac@group-E2152A48AE85, cid=2049, SUCCESS, logIndex=2989, commits[fd4515e9-84f2-4741-b1f5-a9247145a2ac:c2989, 2e3e112c-ad01-4834-a07e-d6d8a7947632:c2985, dfee02f7-0d20-4e08-8ecd-ebe087394a07:c2985]
2019-07-08 20:09:35,781 INFO  client.GrpcClientProtocolClient (GrpcClientProtocolClient.java:onNext(255)) - client-83AFC0B42279->fd4515e9-84f2-4741-b1f5-a9247145a2ac: receive RaftClientReply:client-83AFC0B42279->fd4515e9-84f2-4741-b1f5-a9247145a2ac@group-E2152A48AE85, cid=2050, SUCCESS, logIndex=0, commits[fd4515e9-84f2-4741-b1f5-a9247145a2ac:c2991, 2e3e112c-ad01-4834-a07e-d6d8a7947632:c2989, dfee02f7-0d20-4e08-8ecd-ebe087394a07:c2989]
2019-07-08 20:09:35,811 INFO  client.GrpcClientProtocolClient (GrpcClientProtocolClient.java:onNext(255)) - client-83AFC0B42279->fd4515e9-84f2-4741-b1f5-a9247145a2ac: receive RaftClientReply:client-83AFC0B42279->fd4515e9-84f2-4741-b1f5-a9247145a2ac@group-E2152A48AE85, cid=2051, SUCCESS, logIndex=2992, commits[fd4515e9-84f2-4741-b1f5-a9247145a2ac:c2994, 2e3e112c-ad01-4834-a07e-d6d8a7947632:c2991, dfee02f7-0d20-4e08-8ecd-ebe087394a07:c2991]
2019-07-08 20:09:35,811 INFO  client.GrpcClientProtocolClient (GrpcClientProtocolClient.java:onNext(255)) - client-83AFC0B42279->fd4515e9-84f2-4741-b1f5-a9247145a2ac: receive RaftClientReply:client-83AFC0B42279->fd4515e9-84f2-4741-b1f5-a9247145a2ac@group-E2152A48AE85, cid=2052, SUCCESS, logIndex=2993, commits[fd4515e9-84f2-4741-b1f5-a9247145a2ac:c2995, 2e3e112c-ad01-4834-a07e-d6d8a7947632:c2991, dfee02f7-0d20-4e08-8ecd-ebe087394a07:c2991]
2019-07-08 20:09:35,812 INFO  client.GrpcClientProtocolClient (GrpcClientProtocolClient.java:onNext(255)) - client-83AFC0B42279->fd4515e9-84f2-4741-b1f5-a9247145a2ac: receive RaftClientReply:client-83AFC0B42279->fd4515e9-84f2-4741-b1f5-a9247145a2ac@group-E2152A48AE85, cid=2053, SUCCESS, logIndex=2994, commits[fd4515e9-84f2-4741-b1f5-a9247145a2ac:c2995, 2e3e112c-ad01-4834-a07e-d6d8a7947632:c2991, dfee02f7-0d20-4e08-8ecd-ebe087394a07:c2991]
2019-07-08 20:09:35,812 INFO  client.GrpcClientProtocolClient (GrpcClientProtocolClient.java:onNext(255)) - client-83AFC0B42279->fd4515e9-84f2-4741-b1f5-a9247145a2ac: receive RaftClientReply:client-83AFC0B42279->fd4515e9-84f2-4741-b1f5-a9247145a2ac@group-E2152A48AE85, cid=2054, SUCCESS, logIndex=2995, commits[fd4515e9-84f2-4741-b1f5-a9247145a2ac:c2995, 2e3e112c-ad01-4834-a07e-d6d8a7947632:c2991, dfee02f7-0d20-4e08-8ecd-ebe087394a07:c2991]
2019-07-08 20:09:35,825 INFO  client.GrpcClientProtocolClient (GrpcClientProtocolClient.java:onNext(255)) - client-83AFC0B42279->fd4515e9-84f2-4741-b1f5-a9247145a2ac: receive RaftClientReply:client-83AFC0B42279->fd4515e9-84f2-4741-b1f5-a9247145a2ac@group-E2152A48AE85, cid=2055, SUCCESS, logIndex=0, commits[fd4515e9-84f2-4741-b1f5-a9247145a2ac:c2999, 2e3e112c-ad01-4834-a07e-d6d8a7947632:c2993, dfee02f7-0d20-4e08-8ecd-ebe087394a07:c2995]
2019-07-08 20:09:35,844 INFO  client.GrpcClientProtocolClient (GrpcClientProtocolClient.java:onNext(255)) - client-83AFC0B42279->fd4515e9-84f2-4741-b1f5-a9247145a2ac: receive RaftClientReply:client-83AFC0B42279->fd4515e9-84f2-4741-b1f5-a9247145a2ac@group-E2152A48AE85, cid=2056, SUCCESS, logIndex=3000, commits[fd4515e9-84f2-4741-b1f5-a9247145a2ac:c3001, 2e3e112c-ad01-4834-a07e-d6d8a7947632:c2999, dfee02f7-0d20-4e08-8ecd-ebe087394a07:c2999]
2019-07-08 20:09:35,844 INFO  client.GrpcClientProtocolClient (GrpcClientProtocolClient.java:onNext(255)) - client-83AFC0B42279->fd4515e9-84f2-4741-b1f5-a9247145a2ac: receive RaftClientReply:client-83AFC0B42279->fd4515e9-84f2-4741-b1f5-a9247145a2ac@group-E2152A48AE85, cid=2057, SUCCESS, logIndex=3001, commits[fd4515e9-84f2-4741-b1f5-a9247145a2ac:c3001, 2e3e112c-ad01-4834-a07e-d6d8a7947632:c2999, dfee02f7-0d20-4e08-8ecd-ebe087394a07:c2999]
2019-07-08 20:09:35,857 INFO  client.GrpcClientProtocolClient (GrpcClientProtocolClient.java:onNext(255)) - client-83AFC0B42279->fd4515e9-84f2-4741-b1f5-a9247145a2ac: receive RaftClientReply:client-83AFC0B42279->fd4515e9-84f2-4741-b1f5-a9247145a2ac@group-E2152A48AE85, cid=2058, SUCCESS, logIndex=3004, commits[fd4515e9-84f2-4741-b1f5-a9247145a2ac:c3005, 2e3e112c-ad01-4834-a07e-d6d8a7947632:c3001, dfee02f7-0d20-4e08-8ecd-ebe087394a07:c3001]
2019-07-08 20:09:35,857 INFO  client.GrpcClientProtocolClient (GrpcClientProtocolClient.java:onNext(255)) - client-83AFC0B42279->fd4515e9-84f2-4741-b1f5-a9247145a2ac: receive RaftClientReply:client-83AFC0B42279->fd4515e9-84f2-4741-b1f5-a9247145a2ac@group-E2152A48AE85, cid=2059, SUCCESS, logIndex=3005, commits[fd4515e9-84f2-4741-b1f5-a9247145a2ac:c3005, 2e3e112c-ad01-4834-a07e-d6d8a7947632:c3001, dfee02f7-0d20-4e08-8ecd-ebe087394a07:c3001]
2019-07-08 20:09:35,869 INFO  client.GrpcClientProtocolClient (GrpcClientProtocolClient.java:onNext(255)) - client-83AFC0B42279->fd4515e9-84f2-4741-b1f5-a9247145a2ac: receive RaftClientReply:client-83AFC0B42279->fd4515e9-84f2-4741-b1f5-a9247145a2ac@group-E2152A48AE85, cid=2060, SUCCESS, logIndex=0, commits[fd4515e9-84f2-4741-b1f5-a9247145a2ac:c3005, 2e3e112c-ad01-4834-a07e-d6d8a7947632:c3005, dfee02f7-0d20-4e08-8ecd-ebe087394a07:c3005]
2019-07-08 20:09:35,891 INFO  client.GrpcClientProtocolClient (GrpcClientProtocolClient.java:onNext(255)) - client-83AFC0B42279->fd4515e9-84f2-4741-b1f5-a9247145a2ac: receive RaftClientReply:client-83AFC0B42279->fd4515e9-84f2-4741-b1f5-a9247145a2ac@group-E2152A48AE85, cid=2061, SUCCESS, logIndex=3008, commits[fd4515e9-84f2-4741-b1f5-a9247145a2ac:c3009, 2e3e112c-ad01-4834-a07e-d6d8a7947632:c3005, dfee02f7-0d20-4e08-8ecd-ebe087394a07:c3007]
2019-07-08 20:09:35,891 INFO  client.GrpcClientProtocolClient (GrpcClientProtocolClient.java:onNext(255)) - client-83AFC0B42279->fd4515e9-84f2-4741-b1f5-a9247145a2ac: receive RaftClientReply:client-83AFC0B42279->fd4515e9-84f2-4741-b1f5-a9247145a2ac@group-E2152A48AE85, cid=2062, SUCCESS, logIndex=3009, commits[fd4515e9-84f2-4741-b1f5-a9247145a2ac:c3011, 2e3e112c-ad01-4834-a07e-d6d8a7947632:c3005, dfee02f7-0d20-4e08-8ecd-ebe087394a07:c3007]
2019-07-08 20:09:35,891 INFO  client.GrpcClientProtocolClient (GrpcClientProtocolClient.java:onNext(255)) - client-83AFC0B42279->fd4515e9-84f2-4741-b1f5-a9247145a2ac: receive RaftClientReply:client-83AFC0B42279->fd4515e9-84f2-4741-b1f5-a9247145a2ac@group-E2152A48AE85, cid=2063, SUCCESS, logIndex=3010, commits[fd4515e9-84f2-4741-b1f5-a9247145a2ac:c3011, 2e3e112c-ad01-4834-a07e-d6d8a7947632:c3005, dfee02f7-0d20-4e08-8ecd-ebe087394a07:c3007]
2019-07-08 20:09:35,891 INFO  client.GrpcClientProtocolClient (GrpcClientProtocolClient.java:onNext(255)) - client-83AFC0B42279->fd4515e9-84f2-4741-b1f5-a9247145a2ac: receive RaftClientReply:client-83AFC0B42279->fd4515e9-84f2-4741-b1f5-a9247145a2ac@group-E2152A48AE85, cid=2064, SUCCESS, logIndex=3011, commits[fd4515e9-84f2-4741-b1f5-a9247145a2ac:c3011, 2e3e112c-ad01-4834-a07e-d6d8a7947632:c3005, dfee02f7-0d20-4e08-8ecd-ebe087394a07:c3007]
2019-07-08 20:09:35,895 INFO  client.GrpcClientProtocolClient (GrpcClientProtocolClient.java:onNext(255)) - client-83AFC0B42279->fd4515e9-84f2-4741-b1f5-a9247145a2ac: receive RaftClientReply:client-83AFC0B42279->fd4515e9-84f2-4741-b1f5-a9247145a2ac@group-E2152A48AE85, cid=2065, SUCCESS, logIndex=0, commits[fd4515e9-84f2-4741-b1f5-a9247145a2ac:c3012, 2e3e112c-ad01-4834-a07e-d6d8a7947632:c3009, dfee02f7-0d20-4e08-8ecd-ebe087394a07:c3009]
2019-07-08 20:09:35,917 INFO  client.GrpcClientProtocolClient (GrpcClientProtocolClient.java:onNext(255)) - client-83AFC0B42279->fd4515e9-84f2-4741-b1f5-a9247145a2ac: receive RaftClientReply:client-83AFC0B42279->fd4515e9-84f2-4741-b1f5-a9247145a2ac@group-E2152A48AE85, cid=2066, SUCCESS, logIndex=3016, commits[fd4515e9-84f2-4741-b1f5-a9247145a2ac:c3017, 2e3e112c-ad01-4834-a07e-d6d8a7947632:c3015, dfee02f7-0d20-4e08-8ecd-ebe087394a07:c3015]
2019-07-08 20:09:35,917 INFO  client.GrpcClientProtocolClient (GrpcClientProtocolClient.java:onNext(255)) - client-83AFC0B42279->fd4515e9-84f2-4741-b1f5-a9247145a2ac: receive RaftClientReply:client-83AFC0B42279->fd4515e9-84f2-4741-b1f5-a9247145a2ac@group-E2152A48AE85, cid=2067, SUCCESS, logIndex=3017, commits[fd4515e9-84f2-4741-b1f5-a9247145a2ac:c3017, 2e3e112c-ad01-4834-a07e-d6d8a7947632:c3015, dfee02f7-0d20-4e08-8ecd-ebe087394a07:c3015]
2019-07-08 20:09:35,931 INFO  client.GrpcClientProtocolClient (GrpcClientProtocolClient.java:onNext(255)) - client-83AFC0B42279->fd4515e9-84f2-4741-b1f5-a9247145a2ac: receive RaftClientReply:client-83AFC0B42279->fd4515e9-84f2-4741-b1f5-a9247145a2ac@group-E2152A48AE85, cid=2068, SUCCESS, logIndex=3020, commits[fd4515e9-84f2-4741-b1f5-a9247145a2ac:c3020, 2e3e112c-ad01-4834-a07e-d6d8a7947632:c3017, dfee02f7-0d20-4e08-8ecd-ebe087394a07:c3017]
2019-07-08 20:09:35,931 INFO  client.GrpcClientProtocolClient (GrpcClientProtocolClient.java:onNext(255)) - client-83AFC0B42279->fd4515e9-84f2-4741-b1f5-a9247145a2ac: receive RaftClientReply:client-83AFC0B42279->fd4515e9-84f2-4741-b1f5-a9247145a2ac@group-E2152A48AE85, cid=2069, SUCCESS, logIndex=3021, commits[fd4515e9-84f2-4741-b1f5-a9247145a2ac:c3021, 2e3e112c-ad01-4834-a07e-d6d8a7947632:c3017, dfee02f7-0d20-4e08-8ecd-ebe087394a07:c3017]
2019-07-08 20:09:35,945 INFO  client.GrpcClientProtocolClient (GrpcClientProtocolClient.java:onNext(255)) - client-83AFC0B42279->fd4515e9-84f2-4741-b1f5-a9247145a2ac: receive RaftClientReply:client-83AFC0B42279->fd4515e9-84f2-4741-b1f5-a9247145a2ac@group-E2152A48AE85, cid=2070, SUCCESS, logIndex=0, commits[fd4515e9-84f2-4741-b1f5-a9247145a2ac:c3023, 2e3e112c-ad01-4834-a07e-d6d8a7947632:c3021, dfee02f7-0d20-4e08-8ecd-ebe087394a07:c3021]
2019-07-08 20:09:35,962 INFO  client.GrpcClientProtocolClient (GrpcClientProtocolClient.java:onNext(255)) - client-83AFC0B42279->fd4515e9-84f2-4741-b1f5-a9247145a2ac: receive RaftClientReply:client-83AFC0B42279->fd4515e9-84f2-4741-b1f5-a9247145a2ac@group-E2152A48AE85, cid=2071, SUCCESS, logIndex=3024, commits[fd4515e9-84f2-4741-b1f5-a9247145a2ac:c3025, 2e3e112c-ad01-4834-a07e-d6d8a7947632:c3023, dfee02f7-0d20-4e08-8ecd-ebe087394a07:c3021]
2019-07-08 20:09:35,963 INFO  client.GrpcClientProtocolClient (GrpcClientProtocolClient.java:onNext(255)) - client-83AFC0B42279->fd4515e9-84f2-4741-b1f5-a9247145a2ac: receive RaftClientReply:client-83AFC0B42279->fd4515e9-84f2-4741-b1f5-a9247145a2ac@group-E2152A48AE85, cid=2072, SUCCESS, logIndex=3025, commits[fd4515e9-84f2-4741-b1f5-a9247145a2ac:c3025, 2e3e112c-ad01-4834-a07e-d6d8a7947632:c3023, dfee02f7-0d20-4e08-8ecd-ebe087394a07:c3021]
2019-07-08 20:09:35,965 INFO  client.GrpcClientProtocolClient (GrpcClientProtocolClient.java:onNext(255)) - client-83AFC0B42279->fd4515e9-84f2-4741-b1f5-a9247145a2ac: receive RaftClientReply:client-83AFC0B42279->fd4515e9-84f2-4741-b1f5-a9247145a2ac@group-E2152A48AE85, cid=2073, SUCCESS, logIndex=3026, commits[fd4515e9-84f2-4741-b1f5-a9247145a2ac:c3026, 2e3e112c-ad01-4834-a07e-d6d8a7947632:c3023, dfee02f7-0d20-4e08-8ecd-ebe087394a07:c3023]
2019-07-08 20:09:35,966 INFO  client.GrpcClientProtocolClient (GrpcClientProtocolClient.java:onNext(255)) - client-83AFC0B42279->fd4515e9-84f2-4741-b1f5-a9247145a2ac: receive RaftClientReply:client-83AFC0B42279->fd4515e9-84f2-4741-b1f5-a9247145a2ac@group-E2152A48AE85, cid=2074, SUCCESS, logIndex=3027, commits[fd4515e9-84f2-4741-b1f5-a9247145a2ac:c3029, 2e3e112c-ad01-4834-a07e-d6d8a7947632:c3025, dfee02f7-0d20-4e08-8ecd-ebe087394a07:c3023]
2019-07-08 20:09:35,967 INFO  client.GrpcClientProtocolClient (GrpcClientProtocolClient.java:onNext(255)) - client-83AFC0B42279->fd4515e9-84f2-4741-b1f5-a9247145a2ac: receive RaftClientReply:client-83AFC0B42279->fd4515e9-84f2-4741-b1f5-a9247145a2ac@group-E2152A48AE85, cid=2075, SUCCESS, logIndex=0, commits[fd4515e9-84f2-4741-b1f5-a9247145a2ac:c3029, 2e3e112c-ad01-4834-a07e-d6d8a7947632:c3025, dfee02f7-0d20-4e08-8ecd-ebe087394a07:c3025]
2019-07-08 20:09:35,978 INFO  client.GrpcClientProtocolClient (GrpcClientProtocolClient.java:onNext(255)) - client-83AFC0B42279->fd4515e9-84f2-4741-b1f5-a9247145a2ac: receive RaftClientReply:client-83AFC0B42279->fd4515e9-84f2-4741-b1f5-a9247145a2ac@group-E2152A48AE85, cid=2076, SUCCESS, logIndex=3031, commits[fd4515e9-84f2-4741-b1f5-a9247145a2ac:c3032, 2e3e112c-ad01-4834-a07e-d6d8a7947632:c3029, dfee02f7-0d20-4e08-8ecd-ebe087394a07:c3029]
2019-07-08 20:09:35,979 INFO  client.GrpcClientProtocolClient (GrpcClientProtocolClient.java:onNext(255)) - client-83AFC0B42279->fd4515e9-84f2-4741-b1f5-a9247145a2ac: receive RaftClientReply:client-83AFC0B42279->fd4515e9-84f2-4741-b1f5-a9247145a2ac@group-E2152A48AE85, cid=2077, SUCCESS, logIndex=3032, commits[fd4515e9-84f2-4741-b1f5-a9247145a2ac:c3032, 2e3e112c-ad01-4834-a07e-d6d8a7947632:c3029, dfee02f7-0d20-4e08-8ecd-ebe087394a07:c3029]
2019-07-08 20:09:35,993 INFO  client.GrpcClientProtocolClient (GrpcClientProtocolClient.java:onNext(255)) - client-83AFC0B42279->fd4515e9-84f2-4741-b1f5-a9247145a2ac: receive RaftClientReply:client-83AFC0B42279->fd4515e9-84f2-4741-b1f5-a9247145a2ac@group-E2152A48AE85, cid=2078, SUCCESS, logIndex=3035, commits[fd4515e9-84f2-4741-b1f5-a9247145a2ac:c3036, 2e3e112c-ad01-4834-a07e-d6d8a7947632:c3032, dfee02f7-0d20-4e08-8ecd-ebe087394a07:c3032]
2019-07-08 20:09:35,994 INFO  client.GrpcClientProtocolClient (GrpcClientProtocolClient.java:onNext(255)) - client-83AFC0B42279->fd4515e9-84f2-4741-b1f5-a9247145a2ac: receive RaftClientReply:client-83AFC0B42279->fd4515e9-84f2-4741-b1f5-a9247145a2ac@group-E2152A48AE85, cid=2079, SUCCESS, logIndex=3036, commits[fd4515e9-84f2-4741-b1f5-a9247145a2ac:c3036, 2e3e112c-ad01-4834-a07e-d6d8a7947632:c3032, dfee02f7-0d20-4e08-8ecd-ebe087394a07:c3032]
2019-07-08 20:09:36,009 INFO  client.GrpcClientProtocolClient (GrpcClientProtocolClient.java:onNext(255)) - client-83AFC0B42279->fd4515e9-84f2-4741-b1f5-a9247145a2ac: receive RaftClientReply:client-83AFC0B42279->fd4515e9-84f2-4741-b1f5-a9247145a2ac@group-E2152A48AE85, cid=2080, SUCCESS, logIndex=0, commits[fd4515e9-84f2-4741-b1f5-a9247145a2ac:c3037, 2e3e112c-ad01-4834-a07e-d6d8a7947632:c3036, dfee02f7-0d20-4e08-8ecd-ebe087394a07:c3036]
2019-07-08 20:09:36,041 INFO  client.GrpcClientProtocolClient (GrpcClientProtocolClient.java:onNext(255)) - client-83AFC0B42279->fd4515e9-84f2-4741-b1f5-a9247145a2ac: receive RaftClientReply:client-83AFC0B42279->fd4515e9-84f2-4741-b1f5-a9247145a2ac@group-E2152A48AE85, cid=2081, SUCCESS, logIndex=3039, commits[fd4515e9-84f2-4741-b1f5-a9247145a2ac:c3040, 2e3e112c-ad01-4834-a07e-d6d8a7947632:c3038, dfee02f7-0d20-4e08-8ecd-ebe087394a07:c3038]
2019-07-08 20:09:36,042 INFO  client.GrpcClientProtocolClient (GrpcClientProtocolClient.java:onNext(255)) - client-83AFC0B42279->fd4515e9-84f2-4741-b1f5-a9247145a2ac: receive RaftClientReply:client-83AFC0B42279->fd4515e9-84f2-4741-b1f5-a9247145a2ac@group-E2152A48AE85, cid=2082, SUCCESS, logIndex=3040, commits[fd4515e9-84f2-4741-b1f5-a9247145a2ac:c3040, 2e3e112c-ad01-4834-a07e-d6d8a7947632:c3038, dfee02f7-0d20-4e08-8ecd-ebe087394a07:c3038]
2019-07-08 20:09:36,042 INFO  client.GrpcClientProtocolClient (GrpcClientProtocolClient.java:onNext(255)) - client-83AFC0B42279->fd4515e9-84f2-4741-b1f5-a9247145a2ac: receive RaftClientReply:client-83AFC0B42279->fd4515e9-84f2-4741-b1f5-a9247145a2ac@group-E2152A48AE85, cid=2083, SUCCESS, logIndex=3041, commits[fd4515e9-84f2-4741-b1f5-a9247145a2ac:c3042, 2e3e112c-ad01-4834-a07e-d6d8a7947632:c3038, dfee02f7-0d20-4e08-8ecd-ebe087394a07:c3038]
2019-07-08 20:09:36,043 INFO  client.GrpcClientProtocolClient (GrpcClientProtocolClient.java:onNext(255)) - client-83AFC0B42279->fd4515e9-84f2-4741-b1f5-a9247145a2ac: receive RaftClientReply:client-83AFC0B42279->fd4515e9-84f2-4741-b1f5-a9247145a2ac@group-E2152A48AE85, cid=2084, SUCCESS, logIndex=3042, commits[fd4515e9-84f2-4741-b1f5-a9247145a2ac:c3042, 2e3e112c-ad01-4834-a07e-d6d8a7947632:c3038, dfee02f7-0d20-4e08-8ecd-ebe087394a07:c3038]
2019-07-08 20:09:36,044 INFO  client.GrpcClientProtocolClient (GrpcClientProtocolClient.java:onNext(255)) - client-83AFC0B42279->fd4515e9-84f2-4741-b1f5-a9247145a2ac: receive RaftClientReply:client-83AFC0B42279->fd4515e9-84f2-4741-b1f5-a9247145a2ac@group-E2152A48AE85, cid=2085, SUCCESS, logIndex=0, commits[fd4515e9-84f2-4741-b1f5-a9247145a2ac:c3044, 2e3e112c-ad01-4834-a07e-d6d8a7947632:c3040, dfee02f7-0d20-4e08-8ecd-ebe087394a07:c3040]
2019-07-08 20:09:36,057 INFO  client.GrpcClientProtocolClient (GrpcClientProtocolClient.java:onNext(255)) - client-83AFC0B42279->fd4515e9-84f2-4741-b1f5-a9247145a2ac: receive RaftClientReply:client-83AFC0B42279->fd4515e9-84f2-4741-b1f5-a9247145a2ac@group-E2152A48AE85, cid=2086, SUCCESS, logIndex=3047, commits[fd4515e9-84f2-4741-b1f5-a9247145a2ac:c3048, 2e3e112c-ad01-4834-a07e-d6d8a7947632:c3046, dfee02f7-0d20-4e08-8ecd-ebe087394a07:c3042]
2019-07-08 20:09:36,058 INFO  client.GrpcClientProtocolClient (GrpcClientProtocolClient.java:onNext(255)) - client-83AFC0B42279->fd4515e9-84f2-4741-b1f5-a9247145a2ac: receive RaftClientReply:client-83AFC0B42279->fd4515e9-84f2-4741-b1f5-a9247145a2ac@group-E2152A48AE85, cid=2087, SUCCESS, logIndex=3048, commits[fd4515e9-84f2-4741-b1f5-a9247145a2ac:c3048, 2e3e112c-ad01-4834-a07e-d6d8a7947632:c3046, dfee02f7-0d20-4e08-8ecd-ebe087394a07:c3046]
2019-07-08 20:09:36,077 INFO  client.GrpcClientProtocolClient (GrpcClientProtocolClient.java:onNext(255)) - client-83AFC0B42279->fd4515e9-84f2-4741-b1f5-a9247145a2ac: receive RaftClientReply:client-83AFC0B42279->fd4515e9-84f2-4741-b1f5-a9247145a2ac@group-E2152A48AE85, cid=2088, SUCCESS, logIndex=3051, commits[fd4515e9-84f2-4741-b1f5-a9247145a2ac:c3052, 2e3e112c-ad01-4834-a07e-d6d8a7947632:c3050, dfee02f7-0d20-4e08-8ecd-ebe087394a07:c3050]
2019-07-08 20:09:36,077 INFO  client.GrpcClientProtocolClient (GrpcClientProtocolClient.java:onNext(255)) - client-83AFC0B42279->fd4515e9-84f2-4741-b1f5-a9247145a2ac: receive RaftClientReply:client-83AFC0B42279->fd4515e9-84f2-4741-b1f5-a9247145a2ac@group-E2152A48AE85, cid=2089, SUCCESS, logIndex=3052, commits[fd4515e9-84f2-4741-b1f5-a9247145a2ac:c3052, 2e3e112c-ad01-4834-a07e-d6d8a7947632:c3050, dfee02f7-0d20-4e08-8ecd-ebe087394a07:c3050]
2019-07-08 20:09:36,088 INFO  client.GrpcClientProtocolClient (GrpcClientProtocolClient.java:onNext(255)) - client-83AFC0B42279->fd4515e9-84f2-4741-b1f5-a9247145a2ac: receive RaftClientReply:client-83AFC0B42279->fd4515e9-84f2-4741-b1f5-a9247145a2ac@group-E2152A48AE85, cid=2090, SUCCESS, logIndex=0, commits[fd4515e9-84f2-4741-b1f5-a9247145a2ac:c3053, 2e3e112c-ad01-4834-a07e-d6d8a7947632:c3052, dfee02f7-0d20-4e08-8ecd-ebe087394a07:c3052]
 0.00% |█                                                                                                    |  0/1 Time: 0:00:152019-07-08 20:09:36,116 INFO  client.GrpcClientProtocolClient (GrpcClientProtocolClient.java:onNext(255)) - client-83AFC0B42279->fd4515e9-84f2-4741-b1f5-a9247145a2ac: receive RaftClientReply:client-83AFC0B42279->fd4515e9-84f2-4741-b1f5-a9247145a2ac@group-E2152A48AE85, cid=2091, SUCCESS, logIndex=3055, commits[fd4515e9-84f2-4741-b1f5-a9247145a2ac:c3056, 2e3e112c-ad01-4834-a07e-d6d8a7947632:c3054, dfee02f7-0d20-4e08-8ecd-ebe087394a07:c3054]
2019-07-08 20:09:36,116 INFO  client.GrpcClientProtocolClient (GrpcClientProtocolClient.java:onNext(255)) - client-83AFC0B42279->fd4515e9-84f2-4741-b1f5-a9247145a2ac: receive RaftClientReply:client-83AFC0B42279->fd4515e9-84f2-4741-b1f5-a9247145a2ac@group-E2152A48AE85, cid=2092, SUCCESS, logIndex=3056, commits[fd4515e9-84f2-4741-b1f5-a9247145a2ac:c3056, 2e3e112c-ad01-4834-a07e-d6d8a7947632:c3054, dfee02f7-0d20-4e08-8ecd-ebe087394a07:c3054]
2019-07-08 20:09:36,117 INFO  client.GrpcClientProtocolClient (GrpcClientProtocolClient.java:onNext(255)) - client-83AFC0B42279->fd4515e9-84f2-4741-b1f5-a9247145a2ac: receive RaftClientReply:client-83AFC0B42279->fd4515e9-84f2-4741-b1f5-a9247145a2ac@group-E2152A48AE85, cid=2093, SUCCESS, logIndex=3057, commits[fd4515e9-84f2-4741-b1f5-a9247145a2ac:c3058, 2e3e112c-ad01-4834-a07e-d6d8a7947632:c3054, dfee02f7-0d20-4e08-8ecd-ebe087394a07:c3054]
2019-07-08 20:09:36,117 INFO  client.GrpcClientProtocolClient (GrpcClientProtocolClient.java:onNext(255)) - client-83AFC0B42279->fd4515e9-84f2-4741-b1f5-a9247145a2ac: receive RaftClientReply:client-83AFC0B42279->fd4515e9-84f2-4741-b1f5-a9247145a2ac@group-E2152A48AE85, cid=2094, SUCCESS, logIndex=3058, commits[fd4515e9-84f2-4741-b1f5-a9247145a2ac:c3058, 2e3e112c-ad01-4834-a07e-d6d8a7947632:c3054, dfee02f7-0d20-4e08-8ecd-ebe087394a07:c3054]
2019-07-08 20:09:36,130 INFO  client.GrpcClientProtocolClient (GrpcClientProtocolClient.java:onNext(255)) - client-83AFC0B42279->fd4515e9-84f2-4741-b1f5-a9247145a2ac: receive RaftClientReply:client-83AFC0B42279->fd4515e9-84f2-4741-b1f5-a9247145a2ac@group-E2152A48AE85, cid=2095, SUCCESS, logIndex=0, commits[fd4515e9-84f2-4741-b1f5-a9247145a2ac:c3060, 2e3e112c-ad01-4834-a07e-d6d8a7947632:c3056, dfee02f7-0d20-4e08-8ecd-ebe087394a07:c3056]
2019-07-08 20:09:36,150 INFO  client.GrpcClientProtocolClient (GrpcClientProtocolClient.java:onNext(255)) - client-83AFC0B42279->fd4515e9-84f2-4741-b1f5-a9247145a2ac: receive RaftClientReply:client-83AFC0B42279->fd4515e9-84f2-4741-b1f5-a9247145a2ac@group-E2152A48AE85, cid=2096, SUCCESS, logIndex=3063, commits[fd4515e9-84f2-4741-b1f5-a9247145a2ac:c3064, 2e3e112c-ad01-4834-a07e-d6d8a7947632:c3062, dfee02f7-0d20-4e08-8ecd-ebe087394a07:c3062]
2019-07-08 20:09:36,150 INFO  client.GrpcClientProtocolClient (GrpcClientProtocolClient.java:onNext(255)) - client-83AFC0B42279->fd4515e9-84f2-4741-b1f5-a9247145a2ac: receive RaftClientReply:client-83AFC0B42279->fd4515e9-84f2-4741-b1f5-a9247145a2ac@group-E2152A48AE85, cid=2097, SUCCESS, logIndex=3064, commits[fd4515e9-84f2-4741-b1f5-a9247145a2ac:c3064, 2e3e112c-ad01-4834-a07e-d6d8a7947632:c3062, dfee02f7-0d20-4e08-8ecd-ebe087394a07:c3062]
2019-07-08 20:09:36,164 INFO  client.GrpcClientProtocolClient (GrpcClientProtocolClient.java:onNext(255)) - client-83AFC0B42279->fd4515e9-84f2-4741-b1f5-a9247145a2ac: receive RaftClientReply:client-83AFC0B42279->fd4515e9-84f2-4741-b1f5-a9247145a2ac@group-E2152A48AE85, cid=2098, SUCCESS, logIndex=3067, commits[fd4515e9-84f2-4741-b1f5-a9247145a2ac:c3068, 2e3e112c-ad01-4834-a07e-d6d8a7947632:c3064, dfee02f7-0d20-4e08-8ecd-ebe087394a07:c3064]
2019-07-08 20:09:36,165 INFO  client.GrpcClientProtocolClient (GrpcClientProtocolClient.java:onNext(255)) - client-83AFC0B42279->fd4515e9-84f2-4741-b1f5-a9247145a2ac: receive RaftClientReply:client-83AFC0B42279->fd4515e9-84f2-4741-b1f5-a9247145a2ac@group-E2152A48AE85, cid=2099, SUCCESS, logIndex=3068, commits[fd4515e9-84f2-4741-b1f5-a9247145a2ac:c3068, 2e3e112c-ad01-4834-a07e-d6d8a7947632:c3064, dfee02f7-0d20-4e08-8ecd-ebe087394a07:c3064]
2019-07-08 20:09:36,195 INFO  client.GrpcClientProtocolClient (GrpcClientProtocolClient.java:onNext(255)) - client-83AFC0B42279->fd4515e9-84f2-4741-b1f5-a9247145a2ac: receive RaftClientReply:client-83AFC0B42279->fd4515e9-84f2-4741-b1f5-a9247145a2ac@group-E2152A48AE85, cid=2100, SUCCESS, logIndex=0, commits[fd4515e9-84f2-4741-b1f5-a9247145a2ac:c3070, 2e3e112c-ad01-4834-a07e-d6d8a7947632:c3068, dfee02f7-0d20-4e08-8ecd-ebe087394a07:c3068]
2019-07-08 20:09:36,225 INFO  client.GrpcClientProtocolClient (GrpcClientProtocolClient.java:onNext(255)) - client-83AFC0B42279->fd4515e9-84f2-4741-b1f5-a9247145a2ac: receive RaftClientReply:client-83AFC0B42279->fd4515e9-84f2-4741-b1f5-a9247145a2ac@group-E2152A48AE85, cid=2101, SUCCESS, logIndex=3071, commits[fd4515e9-84f2-4741-b1f5-a9247145a2ac:c3072, 2e3e112c-ad01-4834-a07e-d6d8a7947632:c3070, dfee02f7-0d20-4e08-8ecd-ebe087394a07:c3070]
2019-07-08 20:09:36,225 INFO  client.GrpcClientProtocolClient (GrpcClientProtocolClient.java:onNext(255)) - client-83AFC0B42279->fd4515e9-84f2-4741-b1f5-a9247145a2ac: receive RaftClientReply:client-83AFC0B42279->fd4515e9-84f2-4741-b1f5-a9247145a2ac@group-E2152A48AE85, cid=2102, SUCCESS, logIndex=3072, commits[fd4515e9-84f2-4741-b1f5-a9247145a2ac:c3072, 2e3e112c-ad01-4834-a07e-d6d8a7947632:c3070, dfee02f7-0d20-4e08-8ecd-ebe087394a07:c3070]
2019-07-08 20:09:36,226 INFO  client.GrpcClientProtocolClient (GrpcClientProtocolClient.java:onNext(255)) - client-83AFC0B42279->fd4515e9-84f2-4741-b1f5-a9247145a2ac: receive RaftClientReply:client-83AFC0B42279->fd4515e9-84f2-4741-b1f5-a9247145a2ac@group-E2152A48AE85, cid=2103, SUCCESS, logIndex=3073, commits[fd4515e9-84f2-4741-b1f5-a9247145a2ac:c3074, 2e3e112c-ad01-4834-a07e-d6d8a7947632:c3070, dfee02f7-0d20-4e08-8ecd-ebe087394a07:c3070]
2019-07-08 20:09:36,226 INFO  client.GrpcClientProtocolClient (GrpcClientProtocolClient.java:onNext(255)) - client-83AFC0B42279->fd4515e9-84f2-4741-b1f5-a9247145a2ac: receive RaftClientReply:client-83AFC0B42279->fd4515e9-84f2-4741-b1f5-a9247145a2ac@group-E2152A48AE85, cid=2104, SUCCESS, logIndex=3074, commits[fd4515e9-84f2-4741-b1f5-a9247145a2ac:c3074, 2e3e112c-ad01-4834-a07e-d6d8a7947632:c3070, dfee02f7-0d20-4e08-8ecd-ebe087394a07:c3070]
2019-07-08 20:09:36,240 INFO  client.GrpcClientProtocolClient (GrpcClientProtocolClient.java:onNext(255)) - client-83AFC0B42279->fd4515e9-84f2-4741-b1f5-a9247145a2ac: receive RaftClientReply:client-83AFC0B42279->fd4515e9-84f2-4741-b1f5-a9247145a2ac@group-E2152A48AE85, cid=2105, SUCCESS, logIndex=0, commits[fd4515e9-84f2-4741-b1f5-a9247145a2ac:c3076, 2e3e112c-ad01-4834-a07e-d6d8a7947632:c3072, dfee02f7-0d20-4e08-8ecd-ebe087394a07:c3072]
2019-07-08 20:09:36,260 INFO  client.GrpcClientProtocolClient (GrpcClientProtocolClient.java:onNext(255)) - client-83AFC0B42279->fd4515e9-84f2-4741-b1f5-a9247145a2ac: receive RaftClientReply:client-83AFC0B42279->fd4515e9-84f2-4741-b1f5-a9247145a2ac@group-E2152A48AE85, cid=2106, SUCCESS, logIndex=3079, commits[fd4515e9-84f2-4741-b1f5-a9247145a2ac:c3080, 2e3e112c-ad01-4834-a07e-d6d8a7947632:c3078, dfee02f7-0d20-4e08-8ecd-ebe087394a07:c3078]
2019-07-08 20:09:36,261 INFO  client.GrpcClientProtocolClient (GrpcClientProtocolClient.java:onNext(255)) - client-83AFC0B42279->fd4515e9-84f2-4741-b1f5-a9247145a2ac: receive RaftClientReply:client-83AFC0B42279->fd4515e9-84f2-4741-b1f5-a9247145a2ac@group-E2152A48AE85, cid=2107, SUCCESS, logIndex=3080, commits[fd4515e9-84f2-4741-b1f5-a9247145a2ac:c3080, 2e3e112c-ad01-4834-a07e-d6d8a7947632:c3078, dfee02f7-0d20-4e08-8ecd-ebe087394a07:c3078]
2019-07-08 20:09:36,275 INFO  client.GrpcClientProtocolClient (GrpcClientProtocolClient.java:onNext(255)) - client-83AFC0B42279->fd4515e9-84f2-4741-b1f5-a9247145a2ac: receive RaftClientReply:client-83AFC0B42279->fd4515e9-84f2-4741-b1f5-a9247145a2ac@group-E2152A48AE85, cid=2108, SUCCESS, logIndex=3083, commits[fd4515e9-84f2-4741-b1f5-a9247145a2ac:c3084, 2e3e112c-ad01-4834-a07e-d6d8a7947632:c3080, dfee02f7-0d20-4e08-8ecd-ebe087394a07:c3080]
2019-07-08 20:09:36,275 INFO  client.GrpcClientProtocolClient (GrpcClientProtocolClient.java:onNext(255)) - client-83AFC0B42279->fd4515e9-84f2-4741-b1f5-a9247145a2ac: receive RaftClientReply:client-83AFC0B42279->fd4515e9-84f2-4741-b1f5-a9247145a2ac@group-E2152A48AE85, cid=2109, SUCCESS, logIndex=3084, commits[fd4515e9-84f2-4741-b1f5-a9247145a2ac:c3084, 2e3e112c-ad01-4834-a07e-d6d8a7947632:c3080, dfee02f7-0d20-4e08-8ecd-ebe087394a07:c3080]
2019-07-08 20:09:36,290 INFO  client.GrpcClientProtocolClient (GrpcClientProtocolClient.java:onNext(255)) - client-83AFC0B42279->fd4515e9-84f2-4741-b1f5-a9247145a2ac: receive RaftClientReply:client-83AFC0B42279->fd4515e9-84f2-4741-b1f5-a9247145a2ac@group-E2152A48AE85, cid=2110, SUCCESS, logIndex=0, commits[fd4515e9-84f2-4741-b1f5-a9247145a2ac:c3086, 2e3e112c-ad01-4834-a07e-d6d8a7947632:c3084, dfee02f7-0d20-4e08-8ecd-ebe087394a07:c3084]
2019-07-08 20:09:36,320 INFO  client.GrpcClientProtocolClient (GrpcClientProtocolClient.java:onNext(255)) - client-83AFC0B42279->fd4515e9-84f2-4741-b1f5-a9247145a2ac: receive RaftClientReply:client-83AFC0B42279->fd4515e9-84f2-4741-b1f5-a9247145a2ac@group-E2152A48AE85, cid=2111, SUCCESS, logIndex=3087, commits[fd4515e9-84f2-4741-b1f5-a9247145a2ac:c3088, 2e3e112c-ad01-4834-a07e-d6d8a7947632:c3086, dfee02f7-0d20-4e08-8ecd-ebe087394a07:c3086]
2019-07-08 20:09:36,321 INFO  client.GrpcClientProtocolClient (GrpcClientProtocolClient.java:onNext(255)) - client-83AFC0B42279->fd4515e9-84f2-4741-b1f5-a9247145a2ac: receive RaftClientReply:client-83AFC0B42279->fd4515e9-84f2-4741-b1f5-a9247145a2ac@group-E2152A48AE85, cid=2112, SUCCESS, logIndex=3088, commits[fd4515e9-84f2-4741-b1f5-a9247145a2ac:c3088, 2e3e112c-ad01-4834-a07e-d6d8a7947632:c3086, dfee02f7-0d20-4e08-8ecd-ebe087394a07:c3086]
2019-07-08 20:09:36,331 INFO  client.GrpcClientProtocolClient (GrpcClientProtocolClient.java:onNext(255)) - client-83AFC0B42279->fd4515e9-84f2-4741-b1f5-a9247145a2ac: receive RaftClientReply:client-83AFC0B42279->fd4515e9-84f2-4741-b1f5-a9247145a2ac@group-E2152A48AE85, cid=2113, SUCCESS, logIndex=3089, commits[fd4515e9-84f2-4741-b1f5-a9247145a2ac:c3090, 2e3e112c-ad01-4834-a07e-d6d8a7947632:c3086, dfee02f7-0d20-4e08-8ecd-ebe087394a07:c3086]
2019-07-08 20:09:36,332 INFO  client.GrpcClientProtocolClient (GrpcClientProtocolClient.java:onNext(255)) - client-83AFC0B42279->fd4515e9-84f2-4741-b1f5-a9247145a2ac: receive RaftClientReply:client-83AFC0B42279->fd4515e9-84f2-4741-b1f5-a9247145a2ac@group-E2152A48AE85, cid=2114, SUCCESS, logIndex=3090, commits[fd4515e9-84f2-4741-b1f5-a9247145a2ac:c3090, 2e3e112c-ad01-4834-a07e-d6d8a7947632:c3086, dfee02f7-0d20-4e08-8ecd-ebe087394a07:c3086]
2019-07-08 20:09:36,334 INFO  client.GrpcClientProtocolClient (GrpcClientProtocolClient.java:onNext(255)) - client-83AFC0B42279->fd4515e9-84f2-4741-b1f5-a9247145a2ac: receive RaftClientReply:client-83AFC0B42279->fd4515e9-84f2-4741-b1f5-a9247145a2ac@group-E2152A48AE85, cid=2115, SUCCESS, logIndex=0, commits[fd4515e9-84f2-4741-b1f5-a9247145a2ac:c3092, 2e3e112c-ad01-4834-a07e-d6d8a7947632:c3088, dfee02f7-0d20-4e08-8ecd-ebe087394a07:c3088]
2019-07-08 20:09:36,359 INFO  client.GrpcClientProtocolClient (GrpcClientProtocolClient.java:onNext(255)) - client-83AFC0B42279->fd4515e9-84f2-4741-b1f5-a9247145a2ac: receive RaftClientReply:client-83AFC0B42279->fd4515e9-84f2-4741-b1f5-a9247145a2ac@group-E2152A48AE85, cid=2116, SUCCESS, logIndex=3095, commits[fd4515e9-84f2-4741-b1f5-a9247145a2ac:c3096, 2e3e112c-ad01-4834-a07e-d6d8a7947632:c3090, dfee02f7-0d20-4e08-8ecd-ebe087394a07:c3092]
2019-07-08 20:09:36,359 INFO  client.GrpcClientProtocolClient (GrpcClientProtocolClient.java:onNext(255)) - client-83AFC0B42279->fd4515e9-84f2-4741-b1f5-a9247145a2ac: receive RaftClientReply:client-83AFC0B42279->fd4515e9-84f2-4741-b1f5-a9247145a2ac@group-E2152A48AE85, cid=2117, SUCCESS, logIndex=3096, commits[fd4515e9-84f2-4741-b1f5-a9247145a2ac:c3096, 2e3e112c-ad01-4834-a07e-d6d8a7947632:c3092, dfee02f7-0d20-4e08-8ecd-ebe087394a07:c3092]
2019-07-08 20:09:36,480 INFO  client.GrpcClientProtocolClient (GrpcClientProtocolClient.java:onNext(255)) - client-83AFC0B42279->fd4515e9-84f2-4741-b1f5-a9247145a2ac: receive RaftClientReply:client-83AFC0B42279->fd4515e9-84f2-4741-b1f5-a9247145a2ac@group-E2152A48AE85, cid=2118, SUCCESS, logIndex=3098, commits[fd4515e9-84f2-4741-b1f5-a9247145a2ac:c3099, 2e3e112c-ad01-4834-a07e-d6d8a7947632:c3097, dfee02f7-0d20-4e08-8ecd-ebe087394a07:c3097]
2019-07-08 20:09:36,480 INFO  client.GrpcClientProtocolClient (GrpcClientProtocolClient.java:onNext(255)) - client-83AFC0B42279->fd4515e9-84f2-4741-b1f5-a9247145a2ac: receive RaftClientReply:client-83AFC0B42279->fd4515e9-84f2-4741-b1f5-a9247145a2ac@group-E2152A48AE85, cid=2119, SUCCESS, logIndex=3099, commits[fd4515e9-84f2-4741-b1f5-a9247145a2ac:c3099, 2e3e112c-ad01-4834-a07e-d6d8a7947632:c3097, dfee02f7-0d20-4e08-8ecd-ebe087394a07:c3097]
2019-07-08 20:09:36,494 INFO  client.GrpcClientProtocolClient (GrpcClientProtocolClient.java:onNext(255)) - client-83AFC0B42279->fd4515e9-84f2-4741-b1f5-a9247145a2ac: receive RaftClientReply:client-83AFC0B42279->fd4515e9-84f2-4741-b1f5-a9247145a2ac@group-E2152A48AE85, cid=2120, SUCCESS, logIndex=0, commits[fd4515e9-84f2-4741-b1f5-a9247145a2ac:c3101, 2e3e112c-ad01-4834-a07e-d6d8a7947632:c3099, dfee02f7-0d20-4e08-8ecd-ebe087394a07:c3099]
2019-07-08 20:09:36,523 INFO  client.GrpcClientProtocolClient (GrpcClientProtocolClient.java:onNext(255)) - client-83AFC0B42279->fd4515e9-84f2-4741-b1f5-a9247145a2ac: receive RaftClientReply:client-83AFC0B42279->fd4515e9-84f2-4741-b1f5-a9247145a2ac@group-E2152A48AE85, cid=2121, SUCCESS, logIndex=3102, commits[fd4515e9-84f2-4741-b1f5-a9247145a2ac:c3103, 2e3e112c-ad01-4834-a07e-d6d8a7947632:c3101, dfee02f7-0d20-4e08-8ecd-ebe087394a07:c3101]
2019-07-08 20:09:36,524 INFO  client.GrpcClientProtocolClient (GrpcClientProtocolClient.java:onNext(255)) - client-83AFC0B42279->fd4515e9-84f2-4741-b1f5-a9247145a2ac: receive RaftClientReply:client-83AFC0B42279->fd4515e9-84f2-4741-b1f5-a9247145a2ac@group-E2152A48AE85, cid=2122, SUCCESS, logIndex=3103, commits[fd4515e9-84f2-4741-b1f5-a9247145a2ac:c3103, 2e3e112c-ad01-4834-a07e-d6d8a7947632:c3101, dfee02f7-0d20-4e08-8ecd-ebe087394a07:c3101]
2019-07-08 20:09:36,524 INFO  client.GrpcClientProtocolClient (GrpcClientProtocolClient.java:onNext(255)) - client-83AFC0B42279->fd4515e9-84f2-4741-b1f5-a9247145a2ac: receive RaftClientReply:client-83AFC0B42279->fd4515e9-84f2-4741-b1f5-a9247145a2ac@group-E2152A48AE85, cid=2123, SUCCESS, logIndex=3104, commits[fd4515e9-84f2-4741-b1f5-a9247145a2ac:c3105, 2e3e112c-ad01-4834-a07e-d6d8a7947632:c3101, dfee02f7-0d20-4e08-8ecd-ebe087394a07:c3101]
2019-07-08 20:09:36,524 INFO  client.GrpcClientProtocolClient (GrpcClientProtocolClient.java:onNext(255)) - client-83AFC0B42279->fd4515e9-84f2-4741-b1f5-a9247145a2ac: receive RaftClientReply:client-83AFC0B42279->fd4515e9-84f2-4741-b1f5-a9247145a2ac@group-E2152A48AE85, cid=2124, SUCCESS, logIndex=3105, commits[fd4515e9-84f2-4741-b1f5-a9247145a2ac:c3105, 2e3e112c-ad01-4834-a07e-d6d8a7947632:c3101, dfee02f7-0d20-4e08-8ecd-ebe087394a07:c3101]
2019-07-08 20:09:36,539 INFO  client.GrpcClientProtocolClient (GrpcClientProtocolClient.java:onNext(255)) - client-83AFC0B42279->fd4515e9-84f2-4741-b1f5-a9247145a2ac: receive RaftClientReply:client-83AFC0B42279->fd4515e9-84f2-4741-b1f5-a9247145a2ac@group-E2152A48AE85, cid=2125, SUCCESS, logIndex=0, commits[fd4515e9-84f2-4741-b1f5-a9247145a2ac:c3107, 2e3e112c-ad01-4834-a07e-d6d8a7947632:c3103, dfee02f7-0d20-4e08-8ecd-ebe087394a07:c3103]
2019-07-08 20:09:36,551 INFO  client.GrpcClientProtocolClient (GrpcClientProtocolClient.java:onNext(255)) - client-83AFC0B42279->fd4515e9-84f2-4741-b1f5-a9247145a2ac: receive RaftClientReply:client-83AFC0B42279->fd4515e9-84f2-4741-b1f5-a9247145a2ac@group-E2152A48AE85, cid=2126, SUCCESS, logIndex=3109, commits[fd4515e9-84f2-4741-b1f5-a9247145a2ac:c3110, 2e3e112c-ad01-4834-a07e-d6d8a7947632:c3105, dfee02f7-0d20-4e08-8ecd-ebe087394a07:c3108]
2019-07-08 20:09:36,551 INFO  client.GrpcClientProtocolClient (GrpcClientProtocolClient.java:onNext(255)) - client-83AFC0B42279->fd4515e9-84f2-4741-b1f5-a9247145a2ac: receive RaftClientReply:client-83AFC0B42279->fd4515e9-84f2-4741-b1f5-a9247145a2ac@group-E2152A48AE85, cid=2127, SUCCESS, logIndex=3110, commits[fd4515e9-84f2-4741-b1f5-a9247145a2ac:c3110, 2e3e112c-ad01-4834-a07e-d6d8a7947632:c3105, dfee02f7-0d20-4e08-8ecd-ebe087394a07:c3108]
2019-07-08 20:09:36,579 INFO  client.GrpcClientProtocolClient (GrpcClientProtocolClient.java:onNext(255)) - client-83AFC0B42279->fd4515e9-84f2-4741-b1f5-a9247145a2ac: receive RaftClientReply:client-83AFC0B42279->fd4515e9-84f2-4741-b1f5-a9247145a2ac@group-E2152A48AE85, cid=2128, SUCCESS, logIndex=3113, commits[fd4515e9-84f2-4741-b1f5-a9247145a2ac:c3114, 2e3e112c-ad01-4834-a07e-d6d8a7947632:c3110, dfee02f7-0d20-4e08-8ecd-ebe087394a07:c3110]
2019-07-08 20:09:36,579 INFO  client.GrpcClientProtocolClient (GrpcClientProtocolClient.java:onNext(255)) - client-83AFC0B42279->fd4515e9-84f2-4741-b1f5-a9247145a2ac: receive RaftClientReply:client-83AFC0B42279->fd4515e9-84f2-4741-b1f5-a9247145a2ac@group-E2152A48AE85, cid=2129, SUCCESS, logIndex=3114, commits[fd4515e9-84f2-4741-b1f5-a9247145a2ac:c3114, 2e3e112c-ad01-4834-a07e-d6d8a7947632:c3110, dfee02f7-0d20-4e08-8ecd-ebe087394a07:c3110]
2019-07-08 20:09:36,605 INFO  client.GrpcClientProtocolClient (GrpcClientProtocolClient.java:onNext(255)) - client-83AFC0B42279->fd4515e9-84f2-4741-b1f5-a9247145a2ac: receive RaftClientReply:client-83AFC0B42279->fd4515e9-84f2-4741-b1f5-a9247145a2ac@group-E2152A48AE85, cid=2130, SUCCESS, logIndex=0, commits[fd4515e9-84f2-4741-b1f5-a9247145a2ac:c3116, 2e3e112c-ad01-4834-a07e-d6d8a7947632:c3114, dfee02f7-0d20-4e08-8ecd-ebe087394a07:c3114]
2019-07-08 20:09:36,637 INFO  client.GrpcClientProtocolClient (GrpcClientProtocolClient.java:onNext(255)) - client-83AFC0B42279->fd4515e9-84f2-4741-b1f5-a9247145a2ac: receive RaftClientReply:client-83AFC0B42279->fd4515e9-84f2-4741-b1f5-a9247145a2ac@group-E2152A48AE85, cid=2131, SUCCESS, logIndex=3117, commits[fd4515e9-84f2-4741-b1f5-a9247145a2ac:c3118, 2e3e112c-ad01-4834-a07e-d6d8a7947632:c3116, dfee02f7-0d20-4e08-8ecd-ebe087394a07:c3116]
2019-07-08 20:09:36,637 INFO  client.GrpcClientProtocolClient (GrpcClientProtocolClient.java:onNext(255)) - client-83AFC0B42279->fd4515e9-84f2-4741-b1f5-a9247145a2ac: receive RaftClientReply:client-83AFC0B42279->fd4515e9-84f2-4741-b1f5-a9247145a2ac@group-E2152A48AE85, cid=2132, SUCCESS, logIndex=3118, commits[fd4515e9-84f2-4741-b1f5-a9247145a2ac:c3118, 2e3e112c-ad01-4834-a07e-d6d8a7947632:c3116, dfee02f7-0d20-4e08-8ecd-ebe087394a07:c3116]
2019-07-08 20:09:36,651 INFO  client.GrpcClientProtocolClient (GrpcClientProtocolClient.java:onNext(255)) - client-83AFC0B42279->fd4515e9-84f2-4741-b1f5-a9247145a2ac: receive RaftClientReply:client-83AFC0B42279->fd4515e9-84f2-4741-b1f5-a9247145a2ac@group-E2152A48AE85, cid=2133, SUCCESS, logIndex=3119, commits[fd4515e9-84f2-4741-b1f5-a9247145a2ac:c3120, 2e3e112c-ad01-4834-a07e-d6d8a7947632:c3116, dfee02f7-0d20-4e08-8ecd-ebe087394a07:c3116]
2019-07-08 20:09:36,651 INFO  client.GrpcClientProtocolClient (GrpcClientProtocolClient.java:onNext(255)) - client-83AFC0B42279->fd4515e9-84f2-4741-b1f5-a9247145a2ac: receive RaftClientReply:client-83AFC0B42279->fd4515e9-84f2-4741-b1f5-a9247145a2ac@group-E2152A48AE85, cid=2134, SUCCESS, logIndex=3120, commits[fd4515e9-84f2-4741-b1f5-a9247145a2ac:c3120, 2e3e112c-ad01-4834-a07e-d6d8a7947632:c3116, dfee02f7-0d20-4e08-8ecd-ebe087394a07:c3116]
2019-07-08 20:09:36,653 INFO  client.GrpcClientProtocolClient (GrpcClientProtocolClient.java:onNext(255)) - client-83AFC0B42279->fd4515e9-84f2-4741-b1f5-a9247145a2ac: receive RaftClientReply:client-83AFC0B42279->fd4515e9-84f2-4741-b1f5-a9247145a2ac@group-E2152A48AE85, cid=2135, SUCCESS, logIndex=0, commits[fd4515e9-84f2-4741-b1f5-a9247145a2ac:c3122, 2e3e112c-ad01-4834-a07e-d6d8a7947632:c3118, dfee02f7-0d20-4e08-8ecd-ebe087394a07:c3118]
2019-07-08 20:09:36,664 INFO  client.GrpcClientProtocolClient (GrpcClientProtocolClient.java:onNext(255)) - client-83AFC0B42279->fd4515e9-84f2-4741-b1f5-a9247145a2ac: receive RaftClientReply:client-83AFC0B42279->fd4515e9-84f2-4741-b1f5-a9247145a2ac@group-E2152A48AE85, cid=2136, SUCCESS, logIndex=3125, commits[fd4515e9-84f2-4741-b1f5-a9247145a2ac:c3126, 2e3e112c-ad01-4834-a07e-d6d8a7947632:c3120, dfee02f7-0d20-4e08-8ecd-ebe087394a07:c3124]
2019-07-08 20:09:36,665 INFO  client.GrpcClientProtocolClient (GrpcClientProtocolClient.java:onNext(255)) - client-83AFC0B42279->fd4515e9-84f2-4741-b1f5-a9247145a2ac: receive RaftClientReply:client-83AFC0B42279->fd4515e9-84f2-4741-b1f5-a9247145a2ac@group-E2152A48AE85, cid=2137, SUCCESS, logIndex=3126, commits[fd4515e9-84f2-4741-b1f5-a9247145a2ac:c3126, 2e3e112c-ad01-4834-a07e-d6d8a7947632:c3124, dfee02f7-0d20-4e08-8ecd-ebe087394a07:c3124]
2019-07-08 20:09:36,675 INFO  client.GrpcClientProtocolClient (GrpcClientProtocolClient.java:onNext(255)) - client-83AFC0B42279->fd4515e9-84f2-4741-b1f5-a9247145a2ac: receive RaftClientReply:client-83AFC0B42279->fd4515e9-84f2-4741-b1f5-a9247145a2ac@group-E2152A48AE85, cid=2138, SUCCESS, logIndex=3129, commits[fd4515e9-84f2-4741-b1f5-a9247145a2ac:c3130, 2e3e112c-ad01-4834-a07e-d6d8a7947632:c3127, dfee02f7-0d20-4e08-8ecd-ebe087394a07:c3126]
2019-07-08 20:09:36,676 INFO  client.GrpcClientProtocolClient (GrpcClientProtocolClient.java:onNext(255)) - client-83AFC0B42279->fd4515e9-84f2-4741-b1f5-a9247145a2ac: receive RaftClientReply:client-83AFC0B42279->fd4515e9-84f2-4741-b1f5-a9247145a2ac@group-E2152A48AE85, cid=2139, SUCCESS, logIndex=3130, commits[fd4515e9-84f2-4741-b1f5-a9247145a2ac:c3130, 2e3e112c-ad01-4834-a07e-d6d8a7947632:c3127, dfee02f7-0d20-4e08-8ecd-ebe087394a07:c3126]
2019-07-08 20:09:36,678 INFO  client.GrpcClientProtocolClient (GrpcClientProtocolClient.java:onNext(255)) - client-83AFC0B42279->fd4515e9-84f2-4741-b1f5-a9247145a2ac: receive RaftClientReply:client-83AFC0B42279->fd4515e9-84f2-4741-b1f5-a9247145a2ac@group-E2152A48AE85, cid=2140, SUCCESS, logIndex=0, commits[fd4515e9-84f2-4741-b1f5-a9247145a2ac:c3131, 2e3e112c-ad01-4834-a07e-d6d8a7947632:c3130, dfee02f7-0d20-4e08-8ecd-ebe087394a07:c3130]
2019-07-08 20:09:36,698 INFO  client.GrpcClientProtocolClient (GrpcClientProtocolClient.java:onNext(255)) - client-83AFC0B42279->fd4515e9-84f2-4741-b1f5-a9247145a2ac: receive RaftClientReply:client-83AFC0B42279->fd4515e9-84f2-4741-b1f5-a9247145a2ac@group-E2152A48AE85, cid=2141, SUCCESS, logIndex=3133, commits[fd4515e9-84f2-4741-b1f5-a9247145a2ac:c3135, 2e3e112c-ad01-4834-a07e-d6d8a7947632:c3132, dfee02f7-0d20-4e08-8ecd-ebe087394a07:c3130]
2019-07-08 20:09:36,699 INFO  client.GrpcClientProtocolClient (GrpcClientProtocolClient.java:onNext(255)) - client-83AFC0B42279->fd4515e9-84f2-4741-b1f5-a9247145a2ac: receive RaftClientReply:client-83AFC0B42279->fd4515e9-84f2-4741-b1f5-a9247145a2ac@group-E2152A48AE85, cid=2142, SUCCESS, logIndex=3134, commits[fd4515e9-84f2-4741-b1f5-a9247145a2ac:c3136, 2e3e112c-ad01-4834-a07e-d6d8a7947632:c3132, dfee02f7-0d20-4e08-8ecd-ebe087394a07:c3130]
2019-07-08 20:09:36,699 INFO  client.GrpcClientProtocolClient (GrpcClientProtocolClient.java:onNext(255)) - client-83AFC0B42279->fd4515e9-84f2-4741-b1f5-a9247145a2ac: receive RaftClientReply:client-83AFC0B42279->fd4515e9-84f2-4741-b1f5-a9247145a2ac@group-E2152A48AE85, cid=2143, SUCCESS, logIndex=3135, commits[fd4515e9-84f2-4741-b1f5-a9247145a2ac:c3136, 2e3e112c-ad01-4834-a07e-d6d8a7947632:c3132, dfee02f7-0d20-4e08-8ecd-ebe087394a07:c3130]
2019-07-08 20:09:36,699 INFO  client.GrpcClientProtocolClient (GrpcClientProtocolClient.java:onNext(255)) - client-83AFC0B42279->fd4515e9-84f2-4741-b1f5-a9247145a2ac: receive RaftClientReply:client-83AFC0B42279->fd4515e9-84f2-4741-b1f5-a9247145a2ac@group-E2152A48AE85, cid=2144, SUCCESS, logIndex=3136, commits[fd4515e9-84f2-4741-b1f5-a9247145a2ac:c3136, 2e3e112c-ad01-4834-a07e-d6d8a7947632:c3132, dfee02f7-0d20-4e08-8ecd-ebe087394a07:c3130]
2019-07-08 20:09:36,703 INFO  client.GrpcClientProtocolClient (GrpcClientProtocolClient.java:onNext(255)) - client-83AFC0B42279->fd4515e9-84f2-4741-b1f5-a9247145a2ac: receive RaftClientReply:client-83AFC0B42279->fd4515e9-84f2-4741-b1f5-a9247145a2ac@group-E2152A48AE85, cid=2145, SUCCESS, logIndex=0, commits[fd4515e9-84f2-4741-b1f5-a9247145a2ac:c3137, 2e3e112c-ad01-4834-a07e-d6d8a7947632:c3134, dfee02f7-0d20-4e08-8ecd-ebe087394a07:c3134]
2019-07-08 20:09:36,730 INFO  client.GrpcClientProtocolClient (GrpcClientProtocolClient.java:onNext(255)) - client-83AFC0B42279->fd4515e9-84f2-4741-b1f5-a9247145a2ac: receive RaftClientReply:client-83AFC0B42279->fd4515e9-84f2-4741-b1f5-a9247145a2ac@group-E2152A48AE85, cid=2146, SUCCESS, logIndex=3141, commits[fd4515e9-84f2-4741-b1f5-a9247145a2ac:c3142, 2e3e112c-ad01-4834-a07e-d6d8a7947632:c3140, dfee02f7-0d20-4e08-8ecd-ebe087394a07:c3140]
2019-07-08 20:09:36,731 INFO  client.GrpcClientProtocolClient (GrpcClientProtocolClient.java:onNext(255)) - client-83AFC0B42279->fd4515e9-84f2-4741-b1f5-a9247145a2ac: receive RaftClientReply:client-83AFC0B42279->fd4515e9-84f2-4741-b1f5-a9247145a2ac@group-E2152A48AE85, cid=2147, SUCCESS, logIndex=3142, commits[fd4515e9-84f2-4741-b1f5-a9247145a2ac:c3142, 2e3e112c-ad01-4834-a07e-d6d8a7947632:c3140, dfee02f7-0d20-4e08-8ecd-ebe087394a07:c3140]
2019-07-08 20:09:36,751 INFO  client.GrpcClientProtocolClient (GrpcClientProtocolClient.java:onNext(255)) - client-83AFC0B42279->fd4515e9-84f2-4741-b1f5-a9247145a2ac: receive RaftClientReply:client-83AFC0B42279->fd4515e9-84f2-4741-b1f5-a9247145a2ac@group-E2152A48AE85, cid=2148, SUCCESS, logIndex=3145, commits[fd4515e9-84f2-4741-b1f5-a9247145a2ac:c3146, 2e3e112c-ad01-4834-a07e-d6d8a7947632:c3143, dfee02f7-0d20-4e08-8ecd-ebe087394a07:c3143]
2019-07-08 20:09:36,751 INFO  client.GrpcClientProtocolClient (GrpcClientProtocolClient.java:onNext(255)) - client-83AFC0B42279->fd4515e9-84f2-4741-b1f5-a9247145a2ac: receive RaftClientReply:client-83AFC0B42279->fd4515e9-84f2-4741-b1f5-a9247145a2ac@group-E2152A48AE85, cid=2149, SUCCESS, logIndex=3146, commits[fd4515e9-84f2-4741-b1f5-a9247145a2ac:c3146, 2e3e112c-ad01-4834-a07e-d6d8a7947632:c3143, dfee02f7-0d20-4e08-8ecd-ebe087394a07:c3143]
2019-07-08 20:09:36,777 INFO  client.GrpcClientProtocolClient (GrpcClientProtocolClient.java:onNext(255)) - client-83AFC0B42279->fd4515e9-84f2-4741-b1f5-a9247145a2ac: receive RaftClientReply:client-83AFC0B42279->fd4515e9-84f2-4741-b1f5-a9247145a2ac@group-E2152A48AE85, cid=2150, SUCCESS, logIndex=0, commits[fd4515e9-84f2-4741-b1f5-a9247145a2ac:c3148, 2e3e112c-ad01-4834-a07e-d6d8a7947632:c3146, dfee02f7-0d20-4e08-8ecd-ebe087394a07:c3146]
2019-07-08 20:09:36,806 INFO  client.GrpcClientProtocolClient (GrpcClientProtocolClient.java:onNext(255)) - client-83AFC0B42279->fd4515e9-84f2-4741-b1f5-a9247145a2ac: receive RaftClientReply:client-83AFC0B42279->fd4515e9-84f2-4741-b1f5-a9247145a2ac@group-E2152A48AE85, cid=2151, SUCCESS, logIndex=3149, commits[fd4515e9-84f2-4741-b1f5-a9247145a2ac:c3150, 2e3e112c-ad01-4834-a07e-d6d8a7947632:c3148, dfee02f7-0d20-4e08-8ecd-ebe087394a07:c3148]
2019-07-08 20:09:36,807 INFO  client.GrpcClientProtocolClient (GrpcClientProtocolClient.java:onNext(255)) - client-83AFC0B42279->fd4515e9-84f2-4741-b1f5-a9247145a2ac: receive RaftClientReply:client-83AFC0B42279->fd4515e9-84f2-4741-b1f5-a9247145a2ac@group-E2152A48AE85, cid=2152, SUCCESS, logIndex=3150, commits[fd4515e9-84f2-4741-b1f5-a9247145a2ac:c3150, 2e3e112c-ad01-4834-a07e-d6d8a7947632:c3148, dfee02f7-0d20-4e08-8ecd-ebe087394a07:c3148]
2019-07-08 20:09:36,818 INFO  client.GrpcClientProtocolClient (GrpcClientProtocolClient.java:onNext(255)) - client-83AFC0B42279->fd4515e9-84f2-4741-b1f5-a9247145a2ac: receive RaftClientReply:client-83AFC0B42279->fd4515e9-84f2-4741-b1f5-a9247145a2ac@group-E2152A48AE85, cid=2153, SUCCESS, logIndex=3151, commits[fd4515e9-84f2-4741-b1f5-a9247145a2ac:c3151, 2e3e112c-ad01-4834-a07e-d6d8a7947632:c3148, dfee02f7-0d20-4e08-8ecd-ebe087394a07:c3148]
2019-07-08 20:09:36,818 INFO  client.GrpcClientProtocolClient (GrpcClientProtocolClient.java:onNext(255)) - client-83AFC0B42279->fd4515e9-84f2-4741-b1f5-a9247145a2ac: receive RaftClientReply:client-83AFC0B42279->fd4515e9-84f2-4741-b1f5-a9247145a2ac@group-E2152A48AE85, cid=2154, SUCCESS, logIndex=3152, commits[fd4515e9-84f2-4741-b1f5-a9247145a2ac:c3152, 2e3e112c-ad01-4834-a07e-d6d8a7947632:c3148, dfee02f7-0d20-4e08-8ecd-ebe087394a07:c3148]
2019-07-08 20:09:36,821 INFO  client.GrpcClientProtocolClient (GrpcClientProtocolClient.java:onNext(255)) - client-83AFC0B42279->fd4515e9-84f2-4741-b1f5-a9247145a2ac: receive RaftClientReply:client-83AFC0B42279->fd4515e9-84f2-4741-b1f5-a9247145a2ac@group-E2152A48AE85, cid=2155, SUCCESS, logIndex=0, commits[fd4515e9-84f2-4741-b1f5-a9247145a2ac:c3154, 2e3e112c-ad01-4834-a07e-d6d8a7947632:c3150, dfee02f7-0d20-4e08-8ecd-ebe087394a07:c3150]
2019-07-08 20:09:36,835 INFO  client.GrpcClientProtocolClient (GrpcClientProtocolClient.java:onNext(255)) - client-83AFC0B42279->fd4515e9-84f2-4741-b1f5-a9247145a2ac: receive RaftClientReply:client-83AFC0B42279->fd4515e9-84f2-4741-b1f5-a9247145a2ac@group-E2152A48AE85, cid=2156, SUCCESS, logIndex=3157, commits[fd4515e9-84f2-4741-b1f5-a9247145a2ac:c3158, 2e3e112c-ad01-4834-a07e-d6d8a7947632:c3154, dfee02f7-0d20-4e08-8ecd-ebe087394a07:c3152]
2019-07-08 20:09:36,835 INFO  client.GrpcClientProtocolClient (GrpcClientProtocolClient.java:onNext(255)) - client-83AFC0B42279->fd4515e9-84f2-4741-b1f5-a9247145a2ac: receive RaftClientReply:client-83AFC0B42279->fd4515e9-84f2-4741-b1f5-a9247145a2ac@group-E2152A48AE85, cid=2157, SUCCESS, logIndex=3158, commits[fd4515e9-84f2-4741-b1f5-a9247145a2ac:c3158, 2e3e112c-ad01-4834-a07e-d6d8a7947632:c3154, dfee02f7-0d20-4e08-8ecd-ebe087394a07:c3154]
2019-07-08 20:09:36,861 INFO  client.GrpcClientProtocolClient (GrpcClientProtocolClient.java:onNext(255)) - client-83AFC0B42279->fd4515e9-84f2-4741-b1f5-a9247145a2ac: receive RaftClientReply:client-83AFC0B42279->fd4515e9-84f2-4741-b1f5-a9247145a2ac@group-E2152A48AE85, cid=2158, SUCCESS, logIndex=3160, commits[fd4515e9-84f2-4741-b1f5-a9247145a2ac:c3161, 2e3e112c-ad01-4834-a07e-d6d8a7947632:c3158, dfee02f7-0d20-4e08-8ecd-ebe087394a07:c3158]
2019-07-08 20:09:36,861 INFO  client.GrpcClientProtocolClient (GrpcClientProtocolClient.java:onNext(255)) - client-83AFC0B42279->fd4515e9-84f2-4741-b1f5-a9247145a2ac: receive RaftClientReply:client-83AFC0B42279->fd4515e9-84f2-4741-b1f5-a9247145a2ac@group-E2152A48AE85, cid=2159, SUCCESS, logIndex=3161, commits[fd4515e9-84f2-4741-b1f5-a9247145a2ac:c3161, 2e3e112c-ad01-4834-a07e-d6d8a7947632:c3158, dfee02f7-0d20-4e08-8ecd-ebe087394a07:c3158]
2019-07-08 20:09:36,887 INFO  client.GrpcClientProtocolClient (GrpcClientProtocolClient.java:onNext(255)) - client-83AFC0B42279->fd4515e9-84f2-4741-b1f5-a9247145a2ac: receive RaftClientReply:client-83AFC0B42279->fd4515e9-84f2-4741-b1f5-a9247145a2ac@group-E2152A48AE85, cid=2160, SUCCESS, logIndex=0, commits[fd4515e9-84f2-4741-b1f5-a9247145a2ac:c3163, 2e3e112c-ad01-4834-a07e-d6d8a7947632:c3161, dfee02f7-0d20-4e08-8ecd-ebe087394a07:c3161]
2019-07-08 20:09:36,917 INFO  client.GrpcClientProtocolClient (GrpcClientProtocolClient.java:onNext(255)) - client-83AFC0B42279->fd4515e9-84f2-4741-b1f5-a9247145a2ac: receive RaftClientReply:client-83AFC0B42279->fd4515e9-84f2-4741-b1f5-a9247145a2ac@group-E2152A48AE85, cid=2161, SUCCESS, logIndex=3164, commits[fd4515e9-84f2-4741-b1f5-a9247145a2ac:c3166, 2e3e112c-ad01-4834-a07e-d6d8a7947632:c3163, dfee02f7-0d20-4e08-8ecd-ebe087394a07:c3163]
2019-07-08 20:09:36,917 INFO  client.GrpcClientProtocolClient (GrpcClientProtocolClient.java:onNext(255)) - client-83AFC0B42279->fd4515e9-84f2-4741-b1f5-a9247145a2ac: receive RaftClientReply:client-83AFC0B42279->fd4515e9-84f2-4741-b1f5-a9247145a2ac@group-E2152A48AE85, cid=2162, SUCCESS, logIndex=3165, commits[fd4515e9-84f2-4741-b1f5-a9247145a2ac:c3167, 2e3e112c-ad01-4834-a07e-d6d8a7947632:c3163, dfee02f7-0d20-4e08-8ecd-ebe087394a07:c3163]
2019-07-08 20:09:36,918 INFO  client.GrpcClientProtocolClient (GrpcClientProtocolClient.java:onNext(255)) - client-83AFC0B42279->fd4515e9-84f2-4741-b1f5-a9247145a2ac: receive RaftClientReply:client-83AFC0B42279->fd4515e9-84f2-4741-b1f5-a9247145a2ac@group-E2152A48AE85, cid=2163, SUCCESS, logIndex=3166, commits[fd4515e9-84f2-4741-b1f5-a9247145a2ac:c3167, 2e3e112c-ad01-4834-a07e-d6d8a7947632:c3163, dfee02f7-0d20-4e08-8ecd-ebe087394a07:c3163]
2019-07-08 20:09:36,918 INFO  client.GrpcClientProtocolClient (GrpcClientProtocolClient.java:onNext(255)) - client-83AFC0B42279->fd4515e9-84f2-4741-b1f5-a9247145a2ac: receive RaftClientReply:client-83AFC0B42279->fd4515e9-84f2-4741-b1f5-a9247145a2ac@group-E2152A48AE85, cid=2164, SUCCESS, logIndex=3167, commits[fd4515e9-84f2-4741-b1f5-a9247145a2ac:c3167, 2e3e112c-ad01-4834-a07e-d6d8a7947632:c3163, dfee02f7-0d20-4e08-8ecd-ebe087394a07:c3163]
2019-07-08 20:09:36,920 INFO  client.GrpcClientProtocolClient (GrpcClientProtocolClient.java:onNext(255)) - client-83AFC0B42279->fd4515e9-84f2-4741-b1f5-a9247145a2ac: receive RaftClientReply:client-83AFC0B42279->fd4515e9-84f2-4741-b1f5-a9247145a2ac@group-E2152A48AE85, cid=2165, SUCCESS, logIndex=0, commits[fd4515e9-84f2-4741-b1f5-a9247145a2ac:c3168, 2e3e112c-ad01-4834-a07e-d6d8a7947632:c3165, dfee02f7-0d20-4e08-8ecd-ebe087394a07:c3165]
2019-07-08 20:09:36,937 INFO  client.GrpcClientProtocolClient (GrpcClientProtocolClient.java:onNext(255)) - client-83AFC0B42279->fd4515e9-84f2-4741-b1f5-a9247145a2ac: receive RaftClientReply:client-83AFC0B42279->fd4515e9-84f2-4741-b1f5-a9247145a2ac@group-E2152A48AE85, cid=2166, SUCCESS, logIndex=3172, commits[fd4515e9-84f2-4741-b1f5-a9247145a2ac:c3172, 2e3e112c-ad01-4834-a07e-d6d8a7947632:c3168, dfee02f7-0d20-4e08-8ecd-ebe087394a07:c3168]
2019-07-08 20:09:36,937 INFO  client.GrpcClientProtocolClient (GrpcClientProtocolClient.java:onNext(255)) - client-83AFC0B42279->fd4515e9-84f2-4741-b1f5-a9247145a2ac: receive RaftClientReply:client-83AFC0B42279->fd4515e9-84f2-4741-b1f5-a9247145a2ac@group-E2152A48AE85, cid=2167, SUCCESS, logIndex=3173, commits[fd4515e9-84f2-4741-b1f5-a9247145a2ac:c3173, 2e3e112c-ad01-4834-a07e-d6d8a7947632:c3168, dfee02f7-0d20-4e08-8ecd-ebe087394a07:c3168]
2019-07-08 20:09:36,949 INFO  client.GrpcClientProtocolClient (GrpcClientProtocolClient.java:onNext(255)) - client-83AFC0B42279->fd4515e9-84f2-4741-b1f5-a9247145a2ac: receive RaftClientReply:client-83AFC0B42279->fd4515e9-84f2-4741-b1f5-a9247145a2ac@group-E2152A48AE85, cid=2168, SUCCESS, logIndex=3176, commits[fd4515e9-84f2-4741-b1f5-a9247145a2ac:c3177, 2e3e112c-ad01-4834-a07e-d6d8a7947632:c3174, dfee02f7-0d20-4e08-8ecd-ebe087394a07:c3173]
2019-07-08 20:09:36,949 INFO  client.GrpcClientProtocolClient (GrpcClientProtocolClient.java:onNext(255)) - client-83AFC0B42279->fd4515e9-84f2-4741-b1f5-a9247145a2ac: receive RaftClientReply:client-83AFC0B42279->fd4515e9-84f2-4741-b1f5-a9247145a2ac@group-E2152A48AE85, cid=2169, SUCCESS, logIndex=3177, commits[fd4515e9-84f2-4741-b1f5-a9247145a2ac:c3177, 2e3e112c-ad01-4834-a07e-d6d8a7947632:c3174, dfee02f7-0d20-4e08-8ecd-ebe087394a07:c3174]
2019-07-08 20:09:36,950 INFO  client.GrpcClientProtocolClient (GrpcClientProtocolClient.java:onNext(255)) - client-83AFC0B42279->fd4515e9-84f2-4741-b1f5-a9247145a2ac: receive RaftClientReply:client-83AFC0B42279->fd4515e9-84f2-4741-b1f5-a9247145a2ac@group-E2152A48AE85, cid=2170, SUCCESS, logIndex=0, commits[fd4515e9-84f2-4741-b1f5-a9247145a2ac:c3178, 2e3e112c-ad01-4834-a07e-d6d8a7947632:c3177, dfee02f7-0d20-4e08-8ecd-ebe087394a07:c3177]
2019-07-08 20:09:36,971 INFO  client.GrpcClientProtocolClient (GrpcClientProtocolClient.java:onNext(255)) - client-83AFC0B42279->fd4515e9-84f2-4741-b1f5-a9247145a2ac: receive RaftClientReply:client-83AFC0B42279->fd4515e9-84f2-4741-b1f5-a9247145a2ac@group-E2152A48AE85, cid=2171, SUCCESS, logIndex=3180, commits[fd4515e9-84f2-4741-b1f5-a9247145a2ac:c3180, 2e3e112c-ad01-4834-a07e-d6d8a7947632:c3179, dfee02f7-0d20-4e08-8ecd-ebe087394a07:c3179]
2019-07-08 20:09:36,972 INFO  client.GrpcClientProtocolClient (GrpcClientProtocolClient.java:onNext(255)) - client-83AFC0B42279->fd4515e9-84f2-4741-b1f5-a9247145a2ac: receive RaftClientReply:client-83AFC0B42279->fd4515e9-84f2-4741-b1f5-a9247145a2ac@group-E2152A48AE85, cid=2172, SUCCESS, logIndex=3181, commits[fd4515e9-84f2-4741-b1f5-a9247145a2ac:c3181, 2e3e112c-ad01-4834-a07e-d6d8a7947632:c3179, dfee02f7-0d20-4e08-8ecd-ebe087394a07:c3179]
2019-07-08 20:09:36,973 INFO  client.GrpcClientProtocolClient (GrpcClientProtocolClient.java:onNext(255)) - client-83AFC0B42279->fd4515e9-84f2-4741-b1f5-a9247145a2ac: receive RaftClientReply:client-83AFC0B42279->fd4515e9-84f2-4741-b1f5-a9247145a2ac@group-E2152A48AE85, cid=2173, SUCCESS, logIndex=3182, commits[fd4515e9-84f2-4741-b1f5-a9247145a2ac:c3183, 2e3e112c-ad01-4834-a07e-d6d8a7947632:c3179, dfee02f7-0d20-4e08-8ecd-ebe087394a07:c3179]
2019-07-08 20:09:36,974 INFO  client.GrpcClientProtocolClient (GrpcClientProtocolClient.java:onNext(255)) - client-83AFC0B42279->fd4515e9-84f2-4741-b1f5-a9247145a2ac: receive RaftClientReply:client-83AFC0B42279->fd4515e9-84f2-4741-b1f5-a9247145a2ac@group-E2152A48AE85, cid=2174, SUCCESS, logIndex=3183, commits[fd4515e9-84f2-4741-b1f5-a9247145a2ac:c3183, 2e3e112c-ad01-4834-a07e-d6d8a7947632:c3179, dfee02f7-0d20-4e08-8ecd-ebe087394a07:c3179]
2019-07-08 20:09:36,975 INFO  client.GrpcClientProtocolClient (GrpcClientProtocolClient.java:onNext(255)) - client-83AFC0B42279->fd4515e9-84f2-4741-b1f5-a9247145a2ac: receive RaftClientReply:client-83AFC0B42279->fd4515e9-84f2-4741-b1f5-a9247145a2ac@group-E2152A48AE85, cid=2175, SUCCESS, logIndex=0, commits[fd4515e9-84f2-4741-b1f5-a9247145a2ac:c3185, 2e3e112c-ad01-4834-a07e-d6d8a7947632:c3181, dfee02f7-0d20-4e08-8ecd-ebe087394a07:c3181]
2019-07-08 20:09:36,990 INFO  client.GrpcClientProtocolClient (GrpcClientProtocolClient.java:onNext(255)) - client-83AFC0B42279->fd4515e9-84f2-4741-b1f5-a9247145a2ac: receive RaftClientReply:client-83AFC0B42279->fd4515e9-84f2-4741-b1f5-a9247145a2ac@group-E2152A48AE85, cid=2176, SUCCESS, logIndex=3188, commits[fd4515e9-84f2-4741-b1f5-a9247145a2ac:c3189, 2e3e112c-ad01-4834-a07e-d6d8a7947632:c3185, dfee02f7-0d20-4e08-8ecd-ebe087394a07:c3185]
2019-07-08 20:09:36,990 INFO  client.GrpcClientProtocolClient (GrpcClientProtocolClient.java:onNext(255)) - client-83AFC0B42279->fd4515e9-84f2-4741-b1f5-a9247145a2ac: receive RaftClientReply:client-83AFC0B42279->fd4515e9-84f2-4741-b1f5-a9247145a2ac@group-E2152A48AE85, cid=2177, SUCCESS, logIndex=3189, commits[fd4515e9-84f2-4741-b1f5-a9247145a2ac:c3189, 2e3e112c-ad01-4834-a07e-d6d8a7947632:c3185, dfee02f7-0d20-4e08-8ecd-ebe087394a07:c3185]
2019-07-08 20:09:37,004 INFO  client.GrpcClientProtocolClient (GrpcClientProtocolClient.java:onNext(255)) - client-83AFC0B42279->fd4515e9-84f2-4741-b1f5-a9247145a2ac: receive RaftClientReply:client-83AFC0B42279->fd4515e9-84f2-4741-b1f5-a9247145a2ac@group-E2152A48AE85, cid=2178, SUCCESS, logIndex=3191, commits[fd4515e9-84f2-4741-b1f5-a9247145a2ac:c3192, 2e3e112c-ad01-4834-a07e-d6d8a7947632:c3189, dfee02f7-0d20-4e08-8ecd-ebe087394a07:c3189]
2019-07-08 20:09:37,004 INFO  client.GrpcClientProtocolClient (GrpcClientProtocolClient.java:onNext(255)) - client-83AFC0B42279->fd4515e9-84f2-4741-b1f5-a9247145a2ac: receive RaftClientReply:client-83AFC0B42279->fd4515e9-84f2-4741-b1f5-a9247145a2ac@group-E2152A48AE85, cid=2179, SUCCESS, logIndex=3192, commits[fd4515e9-84f2-4741-b1f5-a9247145a2ac:c3192, 2e3e112c-ad01-4834-a07e-d6d8a7947632:c3189, dfee02f7-0d20-4e08-8ecd-ebe087394a07:c3189]
2019-07-08 20:09:37,019 INFO  client.GrpcClientProtocolClient (GrpcClientProtocolClient.java:onNext(255)) - client-83AFC0B42279->fd4515e9-84f2-4741-b1f5-a9247145a2ac: receive RaftClientReply:client-83AFC0B42279->fd4515e9-84f2-4741-b1f5-a9247145a2ac@group-E2152A48AE85, cid=2180, SUCCESS, logIndex=0, commits[fd4515e9-84f2-4741-b1f5-a9247145a2ac:c3193, 2e3e112c-ad01-4834-a07e-d6d8a7947632:c3192, dfee02f7-0d20-4e08-8ecd-ebe087394a07:c3192]
2019-07-08 20:09:37,050 INFO  client.GrpcClientProtocolClient (GrpcClientProtocolClient.java:onNext(255)) - client-83AFC0B42279->fd4515e9-84f2-4741-b1f5-a9247145a2ac: receive RaftClientReply:client-83AFC0B42279->fd4515e9-84f2-4741-b1f5-a9247145a2ac@group-E2152A48AE85, cid=2181, SUCCESS, logIndex=3195, commits[fd4515e9-84f2-4741-b1f5-a9247145a2ac:c3198, 2e3e112c-ad01-4834-a07e-d6d8a7947632:c3194, dfee02f7-0d20-4e08-8ecd-ebe087394a07:c3194]
2019-07-08 20:09:37,050 INFO  client.GrpcClientProtocolClient (GrpcClientProtocolClient.java:onNext(255)) - client-83AFC0B42279->fd4515e9-84f2-4741-b1f5-a9247145a2ac: receive RaftClientReply:client-83AFC0B42279->fd4515e9-84f2-4741-b1f5-a9247145a2ac@group-E2152A48AE85, cid=2182, SUCCESS, logIndex=3196, commits[fd4515e9-84f2-4741-b1f5-a9247145a2ac:c3198, 2e3e112c-ad01-4834-a07e-d6d8a7947632:c3194, dfee02f7-0d20-4e08-8ecd-ebe087394a07:c3194]
2019-07-08 20:09:37,051 INFO  client.GrpcClientProtocolClient (GrpcClientProtocolClient.java:onNext(255)) - client-83AFC0B42279->fd4515e9-84f2-4741-b1f5-a9247145a2ac: receive RaftClientReply:client-83AFC0B42279->fd4515e9-84f2-4741-b1f5-a9247145a2ac@group-E2152A48AE85, cid=2183, SUCCESS, logIndex=3197, commits[fd4515e9-84f2-4741-b1f5-a9247145a2ac:c3198, 2e3e112c-ad01-4834-a07e-d6d8a7947632:c3194, dfee02f7-0d20-4e08-8ecd-ebe087394a07:c3194]
2019-07-08 20:09:37,051 INFO  client.GrpcClientProtocolClient (GrpcClientProtocolClient.java:onNext(255)) - client-83AFC0B42279->fd4515e9-84f2-4741-b1f5-a9247145a2ac: receive RaftClientReply:client-83AFC0B42279->fd4515e9-84f2-4741-b1f5-a9247145a2ac@group-E2152A48AE85, cid=2184, SUCCESS, logIndex=3198, commits[fd4515e9-84f2-4741-b1f5-a9247145a2ac:c3198, 2e3e112c-ad01-4834-a07e-d6d8a7947632:c3194, dfee02f7-0d20-4e08-8ecd-ebe087394a07:c3194]
2019-07-08 20:09:37,063 INFO  client.GrpcClientProtocolClient (GrpcClientProtocolClient.java:onNext(255)) - client-83AFC0B42279->fd4515e9-84f2-4741-b1f5-a9247145a2ac: receive RaftClientReply:client-83AFC0B42279->fd4515e9-84f2-4741-b1f5-a9247145a2ac@group-E2152A48AE85, cid=2185, SUCCESS, logIndex=0, commits[fd4515e9-84f2-4741-b1f5-a9247145a2ac:c3199, 2e3e112c-ad01-4834-a07e-d6d8a7947632:c3196, dfee02f7-0d20-4e08-8ecd-ebe087394a07:c3196]
2019-07-08 20:09:37,100 INFO  client.GrpcClientProtocolClient (GrpcClientProtocolClient.java:onNext(255)) - client-83AFC0B42279->fd4515e9-84f2-4741-b1f5-a9247145a2ac: receive RaftClientReply:client-83AFC0B42279->fd4515e9-84f2-4741-b1f5-a9247145a2ac@group-E2152A48AE85, cid=2186, SUCCESS, logIndex=3203, commits[fd4515e9-84f2-4741-b1f5-a9247145a2ac:c3204, 2e3e112c-ad01-4834-a07e-d6d8a7947632:c3202, dfee02f7-0d20-4e08-8ecd-ebe087394a07:c3202]
2019-07-08 20:09:37,101 INFO  client.GrpcClientProtocolClient (GrpcClientProtocolClient.java:onNext(255)) - client-83AFC0B42279->fd4515e9-84f2-4741-b1f5-a9247145a2ac: receive RaftClientReply:client-83AFC0B42279->fd4515e9-84f2-4741-b1f5-a9247145a2ac@group-E2152A48AE85, cid=2187, SUCCESS, logIndex=3204, commits[fd4515e9-84f2-4741-b1f5-a9247145a2ac:c3204, 2e3e112c-ad01-4834-a07e-d6d8a7947632:c3202, dfee02f7-0d20-4e08-8ecd-ebe087394a07:c3202]
 0.00% |█                                                                                                    |  0/1 Time: 0:00:162019-07-08 20:09:37,127 INFO  client.GrpcClientProtocolClient (GrpcClientProtocolClient.java:onNext(255)) - client-83AFC0B42279->fd4515e9-84f2-4741-b1f5-a9247145a2ac: receive RaftClientReply:client-83AFC0B42279->fd4515e9-84f2-4741-b1f5-a9247145a2ac@group-E2152A48AE85, cid=2188, SUCCESS, logIndex=3207, commits[fd4515e9-84f2-4741-b1f5-a9247145a2ac:c3208, 2e3e112c-ad01-4834-a07e-d6d8a7947632:c3204, dfee02f7-0d20-4e08-8ecd-ebe087394a07:c3204]
2019-07-08 20:09:37,128 INFO  client.GrpcClientProtocolClient (GrpcClientProtocolClient.java:onNext(255)) - client-83AFC0B42279->fd4515e9-84f2-4741-b1f5-a9247145a2ac: receive RaftClientReply:client-83AFC0B42279->fd4515e9-84f2-4741-b1f5-a9247145a2ac@group-E2152A48AE85, cid=2189, SUCCESS, logIndex=3208, commits[fd4515e9-84f2-4741-b1f5-a9247145a2ac:c3208, 2e3e112c-ad01-4834-a07e-d6d8a7947632:c3204, dfee02f7-0d20-4e08-8ecd-ebe087394a07:c3204]
2019-07-08 20:09:37,142 INFO  client.GrpcClientProtocolClient (GrpcClientProtocolClient.java:onNext(255)) - client-83AFC0B42279->fd4515e9-84f2-4741-b1f5-a9247145a2ac: receive RaftClientReply:client-83AFC0B42279->fd4515e9-84f2-4741-b1f5-a9247145a2ac@group-E2152A48AE85, cid=2190, SUCCESS, logIndex=0, commits[fd4515e9-84f2-4741-b1f5-a9247145a2ac:c3209, 2e3e112c-ad01-4834-a07e-d6d8a7947632:c3208, dfee02f7-0d20-4e08-8ecd-ebe087394a07:c3208]
2019-07-08 20:09:37,191 INFO  client.GrpcClientProtocolClient (GrpcClientProtocolClient.java:onNext(255)) - client-83AFC0B42279->fd4515e9-84f2-4741-b1f5-a9247145a2ac: receive RaftClientReply:client-83AFC0B42279->fd4515e9-84f2-4741-b1f5-a9247145a2ac@group-E2152A48AE85, cid=2191, SUCCESS, logIndex=3211, commits[fd4515e9-84f2-4741-b1f5-a9247145a2ac:c3212, 2e3e112c-ad01-4834-a07e-d6d8a7947632:c3210, dfee02f7-0d20-4e08-8ecd-ebe087394a07:c3210]
2019-07-08 20:09:37,191 INFO  client.GrpcClientProtocolClient (GrpcClientProtocolClient.java:onNext(255)) - client-83AFC0B42279->fd4515e9-84f2-4741-b1f5-a9247145a2ac: receive RaftClientReply:client-83AFC0B42279->fd4515e9-84f2-4741-b1f5-a9247145a2ac@group-E2152A48AE85, cid=2192, SUCCESS, logIndex=3212, commits[fd4515e9-84f2-4741-b1f5-a9247145a2ac:c3212, 2e3e112c-ad01-4834-a07e-d6d8a7947632:c3210, dfee02f7-0d20-4e08-8ecd-ebe087394a07:c3210]
2019-07-08 20:09:37,193 INFO  client.GrpcClientProtocolClient (GrpcClientProtocolClient.java:onNext(255)) - client-83AFC0B42279->fd4515e9-84f2-4741-b1f5-a9247145a2ac: receive RaftClientReply:client-83AFC0B42279->fd4515e9-84f2-4741-b1f5-a9247145a2ac@group-E2152A48AE85, cid=2193, SUCCESS, logIndex=3213, commits[fd4515e9-84f2-4741-b1f5-a9247145a2ac:c3214, 2e3e112c-ad01-4834-a07e-d6d8a7947632:c3210, dfee02f7-0d20-4e08-8ecd-ebe087394a07:c3210]
2019-07-08 20:09:37,194 INFO  client.GrpcClientProtocolClient (GrpcClientProtocolClient.java:onNext(255)) - client-83AFC0B42279->fd4515e9-84f2-4741-b1f5-a9247145a2ac: receive RaftClientReply:client-83AFC0B42279->fd4515e9-84f2-4741-b1f5-a9247145a2ac@group-E2152A48AE85, cid=2194, SUCCESS, logIndex=3214, commits[fd4515e9-84f2-4741-b1f5-a9247145a2ac:c3214, 2e3e112c-ad01-4834-a07e-d6d8a7947632:c3210, dfee02f7-0d20-4e08-8ecd-ebe087394a07:c3210]
2019-07-08 20:09:37,197 INFO  client.GrpcClientProtocolClient (GrpcClientProtocolClient.java:onNext(255)) - client-83AFC0B42279->fd4515e9-84f2-4741-b1f5-a9247145a2ac: receive RaftClientReply:client-83AFC0B42279->fd4515e9-84f2-4741-b1f5-a9247145a2ac@group-E2152A48AE85, cid=2195, SUCCESS, logIndex=0, commits[fd4515e9-84f2-4741-b1f5-a9247145a2ac:c3215, 2e3e112c-ad01-4834-a07e-d6d8a7947632:c3212, dfee02f7-0d20-4e08-8ecd-ebe087394a07:c3212]
2019-07-08 20:09:37,235 INFO  client.GrpcClientProtocolClient (GrpcClientProtocolClient.java:onNext(255)) - client-83AFC0B42279->fd4515e9-84f2-4741-b1f5-a9247145a2ac: receive RaftClientReply:client-83AFC0B42279->fd4515e9-84f2-4741-b1f5-a9247145a2ac@group-E2152A48AE85, cid=2196, SUCCESS, logIndex=3219, commits[fd4515e9-84f2-4741-b1f5-a9247145a2ac:c3220, 2e3e112c-ad01-4834-a07e-d6d8a7947632:c3218, dfee02f7-0d20-4e08-8ecd-ebe087394a07:c3218]
2019-07-08 20:09:37,236 INFO  client.GrpcClientProtocolClient (GrpcClientProtocolClient.java:onNext(255)) - client-83AFC0B42279->fd4515e9-84f2-4741-b1f5-a9247145a2ac: receive RaftClientReply:client-83AFC0B42279->fd4515e9-84f2-4741-b1f5-a9247145a2ac@group-E2152A48AE85, cid=2197, SUCCESS, logIndex=3220, commits[fd4515e9-84f2-4741-b1f5-a9247145a2ac:c3220, 2e3e112c-ad01-4834-a07e-d6d8a7947632:c3218, dfee02f7-0d20-4e08-8ecd-ebe087394a07:c3218]
2019-07-08 20:09:37,363 INFO  client.GrpcClientProtocolClient (GrpcClientProtocolClient.java:onNext(255)) - client-83AFC0B42279->fd4515e9-84f2-4741-b1f5-a9247145a2ac: receive RaftClientReply:client-83AFC0B42279->fd4515e9-84f2-4741-b1f5-a9247145a2ac@group-E2152A48AE85, cid=2198, SUCCESS, logIndex=3223, commits[fd4515e9-84f2-4741-b1f5-a9247145a2ac:c3224, 2e3e112c-ad01-4834-a07e-d6d8a7947632:c3220, dfee02f7-0d20-4e08-8ecd-ebe087394a07:c3220]
2019-07-08 20:09:37,364 INFO  client.GrpcClientProtocolClient (GrpcClientProtocolClient.java:onNext(255)) - client-83AFC0B42279->fd4515e9-84f2-4741-b1f5-a9247145a2ac: receive RaftClientReply:client-83AFC0B42279->fd4515e9-84f2-4741-b1f5-a9247145a2ac@group-E2152A48AE85, cid=2199, SUCCESS, logIndex=3224, commits[fd4515e9-84f2-4741-b1f5-a9247145a2ac:c3224, 2e3e112c-ad01-4834-a07e-d6d8a7947632:c3220, dfee02f7-0d20-4e08-8ecd-ebe087394a07:c3220]
2019-07-08 20:09:37,365 INFO  client.GrpcClientProtocolClient (GrpcClientProtocolClient.java:onNext(255)) - client-83AFC0B42279->fd4515e9-84f2-4741-b1f5-a9247145a2ac: receive RaftClientReply:client-83AFC0B42279->fd4515e9-84f2-4741-b1f5-a9247145a2ac@group-E2152A48AE85, cid=2200, SUCCESS, logIndex=0, commits[fd4515e9-84f2-4741-b1f5-a9247145a2ac:c3225, 2e3e112c-ad01-4834-a07e-d6d8a7947632:c3224, dfee02f7-0d20-4e08-8ecd-ebe087394a07:c3224]
2019-07-08 20:09:37,396 INFO  client.GrpcClientProtocolClient (GrpcClientProtocolClient.java:onNext(255)) - client-83AFC0B42279->fd4515e9-84f2-4741-b1f5-a9247145a2ac: receive RaftClientReply:client-83AFC0B42279->fd4515e9-84f2-4741-b1f5-a9247145a2ac@group-E2152A48AE85, cid=2201, SUCCESS, logIndex=3227, commits[fd4515e9-84f2-4741-b1f5-a9247145a2ac:c3228, 2e3e112c-ad01-4834-a07e-d6d8a7947632:c3226, dfee02f7-0d20-4e08-8ecd-ebe087394a07:c3226]
2019-07-08 20:09:37,396 INFO  client.GrpcClientProtocolClient (GrpcClientProtocolClient.java:onNext(255)) - client-83AFC0B42279->fd4515e9-84f2-4741-b1f5-a9247145a2ac: receive RaftClientReply:client-83AFC0B42279->fd4515e9-84f2-4741-b1f5-a9247145a2ac@group-E2152A48AE85, cid=2202, SUCCESS, logIndex=3228, commits[fd4515e9-84f2-4741-b1f5-a9247145a2ac:c3230, 2e3e112c-ad01-4834-a07e-d6d8a7947632:c3226, dfee02f7-0d20-4e08-8ecd-ebe087394a07:c3226]
2019-07-08 20:09:37,397 INFO  client.GrpcClientProtocolClient (GrpcClientProtocolClient.java:onNext(255)) - client-83AFC0B42279->fd4515e9-84f2-4741-b1f5-a9247145a2ac: receive RaftClientReply:client-83AFC0B42279->fd4515e9-84f2-4741-b1f5-a9247145a2ac@group-E2152A48AE85, cid=2203, SUCCESS, logIndex=3229, commits[fd4515e9-84f2-4741-b1f5-a9247145a2ac:c3230, 2e3e112c-ad01-4834-a07e-d6d8a7947632:c3226, dfee02f7-0d20-4e08-8ecd-ebe087394a07:c3226]
2019-07-08 20:09:37,397 INFO  client.GrpcClientProtocolClient (GrpcClientProtocolClient.java:onNext(255)) - client-83AFC0B42279->fd4515e9-84f2-4741-b1f5-a9247145a2ac: receive RaftClientReply:client-83AFC0B42279->fd4515e9-84f2-4741-b1f5-a9247145a2ac@group-E2152A48AE85, cid=2204, SUCCESS, logIndex=3230, commits[fd4515e9-84f2-4741-b1f5-a9247145a2ac:c3231, 2e3e112c-ad01-4834-a07e-d6d8a7947632:c3227, dfee02f7-0d20-4e08-8ecd-ebe087394a07:c3227]
2019-07-08 20:09:37,400 INFO  client.GrpcClientProtocolClient (GrpcClientProtocolClient.java:onNext(255)) - client-83AFC0B42279->fd4515e9-84f2-4741-b1f5-a9247145a2ac: receive RaftClientReply:client-83AFC0B42279->fd4515e9-84f2-4741-b1f5-a9247145a2ac@group-E2152A48AE85, cid=2205, SUCCESS, logIndex=0, commits[fd4515e9-84f2-4741-b1f5-a9247145a2ac:c3232, 2e3e112c-ad01-4834-a07e-d6d8a7947632:c3228, dfee02f7-0d20-4e08-8ecd-ebe087394a07:c3228]
2019-07-08 20:09:37,421 INFO  client.GrpcClientProtocolClient (GrpcClientProtocolClient.java:onNext(255)) - client-83AFC0B42279->fd4515e9-84f2-4741-b1f5-a9247145a2ac: receive RaftClientReply:client-83AFC0B42279->fd4515e9-84f2-4741-b1f5-a9247145a2ac@group-E2152A48AE85, cid=2206, SUCCESS, logIndex=3234, commits[fd4515e9-84f2-4741-b1f5-a9247145a2ac:c3234, 2e3e112c-ad01-4834-a07e-d6d8a7947632:c3233, dfee02f7-0d20-4e08-8ecd-ebe087394a07:c3233]
2019-07-08 20:09:37,421 INFO  client.GrpcClientProtocolClient (GrpcClientProtocolClient.java:onNext(255)) - client-83AFC0B42279->fd4515e9-84f2-4741-b1f5-a9247145a2ac: receive RaftClientReply:client-83AFC0B42279->fd4515e9-84f2-4741-b1f5-a9247145a2ac@group-E2152A48AE85, cid=2207, SUCCESS, logIndex=3235, commits[fd4515e9-84f2-4741-b1f5-a9247145a2ac:c3235, 2e3e112c-ad01-4834-a07e-d6d8a7947632:c3233, dfee02f7-0d20-4e08-8ecd-ebe087394a07:c3233]
2019-07-08 20:09:37,448 INFO  client.GrpcClientProtocolClient (GrpcClientProtocolClient.java:onNext(255)) - client-83AFC0B42279->fd4515e9-84f2-4741-b1f5-a9247145a2ac: receive RaftClientReply:client-83AFC0B42279->fd4515e9-84f2-4741-b1f5-a9247145a2ac@group-E2152A48AE85, cid=2208, SUCCESS, logIndex=3238, commits[fd4515e9-84f2-4741-b1f5-a9247145a2ac:c3239, 2e3e112c-ad01-4834-a07e-d6d8a7947632:c3235, dfee02f7-0d20-4e08-8ecd-ebe087394a07:c3235]
2019-07-08 20:09:37,448 INFO  client.GrpcClientProtocolClient (GrpcClientProtocolClient.java:onNext(255)) - client-83AFC0B42279->fd4515e9-84f2-4741-b1f5-a9247145a2ac: receive RaftClientReply:client-83AFC0B42279->fd4515e9-84f2-4741-b1f5-a9247145a2ac@group-E2152A48AE85, cid=2209, SUCCESS, logIndex=3239, commits[fd4515e9-84f2-4741-b1f5-a9247145a2ac:c3239, 2e3e112c-ad01-4834-a07e-d6d8a7947632:c3235, dfee02f7-0d20-4e08-8ecd-ebe087394a07:c3235]
2019-07-08 20:09:37,474 INFO  client.GrpcClientProtocolClient (GrpcClientProtocolClient.java:onNext(255)) - client-83AFC0B42279->fd4515e9-84f2-4741-b1f5-a9247145a2ac: receive RaftClientReply:client-83AFC0B42279->fd4515e9-84f2-4741-b1f5-a9247145a2ac@group-E2152A48AE85, cid=2210, SUCCESS, logIndex=0, commits[fd4515e9-84f2-4741-b1f5-a9247145a2ac:c3241, 2e3e112c-ad01-4834-a07e-d6d8a7947632:c3239, dfee02f7-0d20-4e08-8ecd-ebe087394a07:c3239]
2019-07-08 20:09:37,503 INFO  client.GrpcClientProtocolClient (GrpcClientProtocolClient.java:onNext(255)) - client-83AFC0B42279->fd4515e9-84f2-4741-b1f5-a9247145a2ac: receive RaftClientReply:client-83AFC0B42279->fd4515e9-84f2-4741-b1f5-a9247145a2ac@group-E2152A48AE85, cid=2211, SUCCESS, logIndex=3242, commits[fd4515e9-84f2-4741-b1f5-a9247145a2ac:c3243, 2e3e112c-ad01-4834-a07e-d6d8a7947632:c3241, dfee02f7-0d20-4e08-8ecd-ebe087394a07:c3241]
2019-07-08 20:09:37,504 INFO  client.GrpcClientProtocolClient (GrpcClientProtocolClient.java:onNext(255)) - client-83AFC0B42279->fd4515e9-84f2-4741-b1f5-a9247145a2ac: receive RaftClientReply:client-83AFC0B42279->fd4515e9-84f2-4741-b1f5-a9247145a2ac@group-E2152A48AE85, cid=2212, SUCCESS, logIndex=3243, commits[fd4515e9-84f2-4741-b1f5-a9247145a2ac:c3245, 2e3e112c-ad01-4834-a07e-d6d8a7947632:c3241, dfee02f7-0d20-4e08-8ecd-ebe087394a07:c3241]
2019-07-08 20:09:37,504 INFO  client.GrpcClientProtocolClient (GrpcClientProtocolClient.java:onNext(255)) - client-83AFC0B42279->fd4515e9-84f2-4741-b1f5-a9247145a2ac: receive RaftClientReply:client-83AFC0B42279->fd4515e9-84f2-4741-b1f5-a9247145a2ac@group-E2152A48AE85, cid=2213, SUCCESS, logIndex=3244, commits[fd4515e9-84f2-4741-b1f5-a9247145a2ac:c3245, 2e3e112c-ad01-4834-a07e-d6d8a7947632:c3241, dfee02f7-0d20-4e08-8ecd-ebe087394a07:c3241]
2019-07-08 20:09:37,504 INFO  client.GrpcClientProtocolClient (GrpcClientProtocolClient.java:onNext(255)) - client-83AFC0B42279->fd4515e9-84f2-4741-b1f5-a9247145a2ac: receive RaftClientReply:client-83AFC0B42279->fd4515e9-84f2-4741-b1f5-a9247145a2ac@group-E2152A48AE85, cid=2214, SUCCESS, logIndex=3245, commits[fd4515e9-84f2-4741-b1f5-a9247145a2ac:c3245, 2e3e112c-ad01-4834-a07e-d6d8a7947632:c3241, dfee02f7-0d20-4e08-8ecd-ebe087394a07:c3241]
2019-07-08 20:09:37,517 INFO  client.GrpcClientProtocolClient (GrpcClientProtocolClient.java:onNext(255)) - client-83AFC0B42279->fd4515e9-84f2-4741-b1f5-a9247145a2ac: receive RaftClientReply:client-83AFC0B42279->fd4515e9-84f2-4741-b1f5-a9247145a2ac@group-E2152A48AE85, cid=2215, SUCCESS, logIndex=0, commits[fd4515e9-84f2-4741-b1f5-a9247145a2ac:c3249, 2e3e112c-ad01-4834-a07e-d6d8a7947632:c3243, dfee02f7-0d20-4e08-8ecd-ebe087394a07:c3245]
2019-07-08 20:09:37,537 INFO  client.GrpcClientProtocolClient (GrpcClientProtocolClient.java:onNext(255)) - client-83AFC0B42279->fd4515e9-84f2-4741-b1f5-a9247145a2ac: receive RaftClientReply:client-83AFC0B42279->fd4515e9-84f2-4741-b1f5-a9247145a2ac@group-E2152A48AE85, cid=2216, SUCCESS, logIndex=3250, commits[fd4515e9-84f2-4741-b1f5-a9247145a2ac:c3251, 2e3e112c-ad01-4834-a07e-d6d8a7947632:c3249, dfee02f7-0d20-4e08-8ecd-ebe087394a07:c3249]
2019-07-08 20:09:37,537 INFO  client.GrpcClientProtocolClient (GrpcClientProtocolClient.java:onNext(255)) - client-83AFC0B42279->fd4515e9-84f2-4741-b1f5-a9247145a2ac: receive RaftClientReply:client-83AFC0B42279->fd4515e9-84f2-4741-b1f5-a9247145a2ac@group-E2152A48AE85, cid=2217, SUCCESS, logIndex=3251, commits[fd4515e9-84f2-4741-b1f5-a9247145a2ac:c3251, 2e3e112c-ad01-4834-a07e-d6d8a7947632:c3249, dfee02f7-0d20-4e08-8ecd-ebe087394a07:c3249]
2019-07-08 20:09:37,564 INFO  client.GrpcClientProtocolClient (GrpcClientProtocolClient.java:onNext(255)) - client-83AFC0B42279->fd4515e9-84f2-4741-b1f5-a9247145a2ac: receive RaftClientReply:client-83AFC0B42279->fd4515e9-84f2-4741-b1f5-a9247145a2ac@group-E2152A48AE85, cid=2218, SUCCESS, logIndex=3254, commits[fd4515e9-84f2-4741-b1f5-a9247145a2ac:c3254, 2e3e112c-ad01-4834-a07e-d6d8a7947632:c3251, dfee02f7-0d20-4e08-8ecd-ebe087394a07:c3251]
2019-07-08 20:09:37,565 INFO  client.GrpcClientProtocolClient (GrpcClientProtocolClient.java:onNext(255)) - client-83AFC0B42279->fd4515e9-84f2-4741-b1f5-a9247145a2ac: receive RaftClientReply:client-83AFC0B42279->fd4515e9-84f2-4741-b1f5-a9247145a2ac@group-E2152A48AE85, cid=2219, SUCCESS, logIndex=3255, commits[fd4515e9-84f2-4741-b1f5-a9247145a2ac:c3255, 2e3e112c-ad01-4834-a07e-d6d8a7947632:c3251, dfee02f7-0d20-4e08-8ecd-ebe087394a07:c3251]
2019-07-08 20:09:37,579 INFO  client.GrpcClientProtocolClient (GrpcClientProtocolClient.java:onNext(255)) - client-83AFC0B42279->fd4515e9-84f2-4741-b1f5-a9247145a2ac: receive RaftClientReply:client-83AFC0B42279->fd4515e9-84f2-4741-b1f5-a9247145a2ac@group-E2152A48AE85, cid=2220, SUCCESS, logIndex=0, commits[fd4515e9-84f2-4741-b1f5-a9247145a2ac:c3256, 2e3e112c-ad01-4834-a07e-d6d8a7947632:c3255, dfee02f7-0d20-4e08-8ecd-ebe087394a07:c3255]
2019-07-08 20:09:37,608 INFO  client.GrpcClientProtocolClient (GrpcClientProtocolClient.java:onNext(255)) - client-83AFC0B42279->fd4515e9-84f2-4741-b1f5-a9247145a2ac: receive RaftClientReply:client-83AFC0B42279->fd4515e9-84f2-4741-b1f5-a9247145a2ac@group-E2152A48AE85, cid=2221, SUCCESS, logIndex=3258, commits[fd4515e9-84f2-4741-b1f5-a9247145a2ac:c3259, 2e3e112c-ad01-4834-a07e-d6d8a7947632:c3257, dfee02f7-0d20-4e08-8ecd-ebe087394a07:c3257]
2019-07-08 20:09:37,608 INFO  client.GrpcClientProtocolClient (GrpcClientProtocolClient.java:onNext(255)) - client-83AFC0B42279->fd4515e9-84f2-4741-b1f5-a9247145a2ac: receive RaftClientReply:client-83AFC0B42279->fd4515e9-84f2-4741-b1f5-a9247145a2ac@group-E2152A48AE85, cid=2222, SUCCESS, logIndex=3259, commits[fd4515e9-84f2-4741-b1f5-a9247145a2ac:c3259, 2e3e112c-ad01-4834-a07e-d6d8a7947632:c3257, dfee02f7-0d20-4e08-8ecd-ebe087394a07:c3257]
2019-07-08 20:09:37,620 INFO  client.GrpcClientProtocolClient (GrpcClientProtocolClient.java:onNext(255)) - client-83AFC0B42279->fd4515e9-84f2-4741-b1f5-a9247145a2ac: receive RaftClientReply:client-83AFC0B42279->fd4515e9-84f2-4741-b1f5-a9247145a2ac@group-E2152A48AE85, cid=2223, SUCCESS, logIndex=3260, commits[fd4515e9-84f2-4741-b1f5-a9247145a2ac:c3261, 2e3e112c-ad01-4834-a07e-d6d8a7947632:c3257, dfee02f7-0d20-4e08-8ecd-ebe087394a07:c3257]
2019-07-08 20:09:37,620 INFO  client.GrpcClientProtocolClient (GrpcClientProtocolClient.java:onNext(255)) - client-83AFC0B42279->fd4515e9-84f2-4741-b1f5-a9247145a2ac: receive RaftClientReply:client-83AFC0B42279->fd4515e9-84f2-4741-b1f5-a9247145a2ac@group-E2152A48AE85, cid=2224, SUCCESS, logIndex=3261, commits[fd4515e9-84f2-4741-b1f5-a9247145a2ac:c3261, 2e3e112c-ad01-4834-a07e-d6d8a7947632:c3257, dfee02f7-0d20-4e08-8ecd-ebe087394a07:c3257]
2019-07-08 20:09:37,633 INFO  client.GrpcClientProtocolClient (GrpcClientProtocolClient.java:onNext(255)) - client-83AFC0B42279->fd4515e9-84f2-4741-b1f5-a9247145a2ac: receive RaftClientReply:client-83AFC0B42279->fd4515e9-84f2-4741-b1f5-a9247145a2ac@group-E2152A48AE85, cid=2225, SUCCESS, logIndex=0, commits[fd4515e9-84f2-4741-b1f5-a9247145a2ac:c3263, 2e3e112c-ad01-4834-a07e-d6d8a7947632:c3259, dfee02f7-0d20-4e08-8ecd-ebe087394a07:c3259]
2019-07-08 20:09:37,658 INFO  client.GrpcClientProtocolClient (GrpcClientProtocolClient.java:onNext(255)) - client-83AFC0B42279->fd4515e9-84f2-4741-b1f5-a9247145a2ac: receive RaftClientReply:client-83AFC0B42279->fd4515e9-84f2-4741-b1f5-a9247145a2ac@group-E2152A48AE85, cid=2226, SUCCESS, logIndex=3266, commits[fd4515e9-84f2-4741-b1f5-a9247145a2ac:c3267, 2e3e112c-ad01-4834-a07e-d6d8a7947632:c3263, dfee02f7-0d20-4e08-8ecd-ebe087394a07:c3263]
2019-07-08 20:09:37,658 INFO  client.GrpcClientProtocolClient (GrpcClientProtocolClient.java:onNext(255)) - client-83AFC0B42279->fd4515e9-84f2-4741-b1f5-a9247145a2ac: receive RaftClientReply:client-83AFC0B42279->fd4515e9-84f2-4741-b1f5-a9247145a2ac@group-E2152A48AE85, cid=2227, SUCCESS, logIndex=3267, commits[fd4515e9-84f2-4741-b1f5-a9247145a2ac:c3267, 2e3e112c-ad01-4834-a07e-d6d8a7947632:c3263, dfee02f7-0d20-4e08-8ecd-ebe087394a07:c3263]
2019-07-08 20:09:37,673 INFO  client.GrpcClientProtocolClient (GrpcClientProtocolClient.java:onNext(255)) - client-83AFC0B42279->fd4515e9-84f2-4741-b1f5-a9247145a2ac: receive RaftClientReply:client-83AFC0B42279->fd4515e9-84f2-4741-b1f5-a9247145a2ac@group-E2152A48AE85, cid=2228, SUCCESS, logIndex=3270, commits[fd4515e9-84f2-4741-b1f5-a9247145a2ac:c3271, 2e3e112c-ad01-4834-a07e-d6d8a7947632:c3267, dfee02f7-0d20-4e08-8ecd-ebe087394a07:c3267]
2019-07-08 20:09:37,674 INFO  client.GrpcClientProtocolClient (GrpcClientProtocolClient.java:onNext(255)) - client-83AFC0B42279->fd4515e9-84f2-4741-b1f5-a9247145a2ac: receive RaftClientReply:client-83AFC0B42279->fd4515e9-84f2-4741-b1f5-a9247145a2ac@group-E2152A48AE85, cid=2229, SUCCESS, logIndex=3271, commits[fd4515e9-84f2-4741-b1f5-a9247145a2ac:c3271, 2e3e112c-ad01-4834-a07e-d6d8a7947632:c3267, dfee02f7-0d20-4e08-8ecd-ebe087394a07:c3267]
2019-07-08 20:09:37,678 INFO  client.GrpcClientProtocolClient (GrpcClientProtocolClient.java:onNext(255)) - client-83AFC0B42279->fd4515e9-84f2-4741-b1f5-a9247145a2ac: receive RaftClientReply:client-83AFC0B42279->fd4515e9-84f2-4741-b1f5-a9247145a2ac@group-E2152A48AE85, cid=2230, SUCCESS, logIndex=0, commits[fd4515e9-84f2-4741-b1f5-a9247145a2ac:c3273, 2e3e112c-ad01-4834-a07e-d6d8a7947632:c3271, dfee02f7-0d20-4e08-8ecd-ebe087394a07:c3271]
2019-07-08 20:09:37,702 INFO  client.GrpcClientProtocolClient (GrpcClientProtocolClient.java:onNext(255)) - client-83AFC0B42279->fd4515e9-84f2-4741-b1f5-a9247145a2ac: receive RaftClientReply:client-83AFC0B42279->fd4515e9-84f2-4741-b1f5-a9247145a2ac@group-E2152A48AE85, cid=2231, SUCCESS, logIndex=3274, commits[fd4515e9-84f2-4741-b1f5-a9247145a2ac:c3277, 2e3e112c-ad01-4834-a07e-d6d8a7947632:c3273, dfee02f7-0d20-4e08-8ecd-ebe087394a07:c3273]
2019-07-08 20:09:37,702 INFO  client.GrpcClientProtocolClient (GrpcClientProtocolClient.java:onNext(255)) - client-83AFC0B42279->fd4515e9-84f2-4741-b1f5-a9247145a2ac: receive RaftClientReply:client-83AFC0B42279->fd4515e9-84f2-4741-b1f5-a9247145a2ac@group-E2152A48AE85, cid=2232, SUCCESS, logIndex=3275, commits[fd4515e9-84f2-4741-b1f5-a9247145a2ac:c3277, 2e3e112c-ad01-4834-a07e-d6d8a7947632:c3273, dfee02f7-0d20-4e08-8ecd-ebe087394a07:c3273]
2019-07-08 20:09:37,702 INFO  client.GrpcClientProtocolClient (GrpcClientProtocolClient.java:onNext(255)) - client-83AFC0B42279->fd4515e9-84f2-4741-b1f5-a9247145a2ac: receive RaftClientReply:client-83AFC0B42279->fd4515e9-84f2-4741-b1f5-a9247145a2ac@group-E2152A48AE85, cid=2233, SUCCESS, logIndex=3276, commits[fd4515e9-84f2-4741-b1f5-a9247145a2ac:c3277, 2e3e112c-ad01-4834-a07e-d6d8a7947632:c3273, dfee02f7-0d20-4e08-8ecd-ebe087394a07:c3273]
2019-07-08 20:09:37,703 INFO  client.GrpcClientProtocolClient (GrpcClientProtocolClient.java:onNext(255)) - client-83AFC0B42279->fd4515e9-84f2-4741-b1f5-a9247145a2ac: receive RaftClientReply:client-83AFC0B42279->fd4515e9-84f2-4741-b1f5-a9247145a2ac@group-E2152A48AE85, cid=2234, SUCCESS, logIndex=3277, commits[fd4515e9-84f2-4741-b1f5-a9247145a2ac:c3277, 2e3e112c-ad01-4834-a07e-d6d8a7947632:c3273, dfee02f7-0d20-4e08-8ecd-ebe087394a07:c3273]
2019-07-08 20:09:37,704 INFO  client.GrpcClientProtocolClient (GrpcClientProtocolClient.java:onNext(255)) - client-83AFC0B42279->fd4515e9-84f2-4741-b1f5-a9247145a2ac: receive RaftClientReply:client-83AFC0B42279->fd4515e9-84f2-4741-b1f5-a9247145a2ac@group-E2152A48AE85, cid=2235, SUCCESS, logIndex=0, commits[fd4515e9-84f2-4741-b1f5-a9247145a2ac:c3278, 2e3e112c-ad01-4834-a07e-d6d8a7947632:c3275, dfee02f7-0d20-4e08-8ecd-ebe087394a07:c3275]
2019-07-08 20:09:37,730 INFO  client.GrpcClientProtocolClient (GrpcClientProtocolClient.java:onNext(255)) - client-83AFC0B42279->fd4515e9-84f2-4741-b1f5-a9247145a2ac: receive RaftClientReply:client-83AFC0B42279->fd4515e9-84f2-4741-b1f5-a9247145a2ac@group-E2152A48AE85, cid=2236, SUCCESS, logIndex=3282, commits[fd4515e9-84f2-4741-b1f5-a9247145a2ac:c3283, 2e3e112c-ad01-4834-a07e-d6d8a7947632:c3281, dfee02f7-0d20-4e08-8ecd-ebe087394a07:c3281]
2019-07-08 20:09:37,730 INFO  client.GrpcClientProtocolClient (GrpcClientProtocolClient.java:onNext(255)) - client-83AFC0B42279->fd4515e9-84f2-4741-b1f5-a9247145a2ac: receive RaftClientReply:client-83AFC0B42279->fd4515e9-84f2-4741-b1f5-a9247145a2ac@group-E2152A48AE85, cid=2237, SUCCESS, logIndex=3283, commits[fd4515e9-84f2-4741-b1f5-a9247145a2ac:c3283, 2e3e112c-ad01-4834-a07e-d6d8a7947632:c3281, dfee02f7-0d20-4e08-8ecd-ebe087394a07:c3281]
2019-07-08 20:09:37,759 INFO  client.GrpcClientProtocolClient (GrpcClientProtocolClient.java:onNext(255)) - client-83AFC0B42279->fd4515e9-84f2-4741-b1f5-a9247145a2ac: receive RaftClientReply:client-83AFC0B42279->fd4515e9-84f2-4741-b1f5-a9247145a2ac@group-E2152A48AE85, cid=2238, SUCCESS, logIndex=3286, commits[fd4515e9-84f2-4741-b1f5-a9247145a2ac:c3287, 2e3e112c-ad01-4834-a07e-d6d8a7947632:c3283, dfee02f7-0d20-4e08-8ecd-ebe087394a07:c3283]
2019-07-08 20:09:37,760 INFO  client.GrpcClientProtocolClient (GrpcClientProtocolClient.java:onNext(255)) - client-83AFC0B42279->fd4515e9-84f2-4741-b1f5-a9247145a2ac: receive RaftClientReply:client-83AFC0B42279->fd4515e9-84f2-4741-b1f5-a9247145a2ac@group-E2152A48AE85, cid=2239, SUCCESS, logIndex=3287, commits[fd4515e9-84f2-4741-b1f5-a9247145a2ac:c3287, 2e3e112c-ad01-4834-a07e-d6d8a7947632:c3283, dfee02f7-0d20-4e08-8ecd-ebe087394a07:c3283]
2019-07-08 20:09:37,784 INFO  client.GrpcClientProtocolClient (GrpcClientProtocolClient.java:onNext(255)) - client-83AFC0B42279->fd4515e9-84f2-4741-b1f5-a9247145a2ac: receive RaftClientReply:client-83AFC0B42279->fd4515e9-84f2-4741-b1f5-a9247145a2ac@group-E2152A48AE85, cid=2240, SUCCESS, logIndex=0, commits[fd4515e9-84f2-4741-b1f5-a9247145a2ac:c3288, 2e3e112c-ad01-4834-a07e-d6d8a7947632:c3287, dfee02f7-0d20-4e08-8ecd-ebe087394a07:c3287]
2019-07-08 20:09:37,813 INFO  client.GrpcClientProtocolClient (GrpcClientProtocolClient.java:onNext(255)) - client-83AFC0B42279->fd4515e9-84f2-4741-b1f5-a9247145a2ac: receive RaftClientReply:client-83AFC0B42279->fd4515e9-84f2-4741-b1f5-a9247145a2ac@group-E2152A48AE85, cid=2241, SUCCESS, logIndex=3290, commits[fd4515e9-84f2-4741-b1f5-a9247145a2ac:c3291, 2e3e112c-ad01-4834-a07e-d6d8a7947632:c3289, dfee02f7-0d20-4e08-8ecd-ebe087394a07:c3289]
2019-07-08 20:09:37,814 INFO  client.GrpcClientProtocolClient (GrpcClientProtocolClient.java:onNext(255)) - client-83AFC0B42279->fd4515e9-84f2-4741-b1f5-a9247145a2ac: receive RaftClientReply:client-83AFC0B42279->fd4515e9-84f2-4741-b1f5-a9247145a2ac@group-E2152A48AE85, cid=2242, SUCCESS, logIndex=3291, commits[fd4515e9-84f2-4741-b1f5-a9247145a2ac:c3291, 2e3e112c-ad01-4834-a07e-d6d8a7947632:c3289, dfee02f7-0d20-4e08-8ecd-ebe087394a07:c3289]
2019-07-08 20:09:37,824 INFO  client.GrpcClientProtocolClient (GrpcClientProtocolClient.java:onNext(255)) - client-83AFC0B42279->fd4515e9-84f2-4741-b1f5-a9247145a2ac: receive RaftClientReply:client-83AFC0B42279->fd4515e9-84f2-4741-b1f5-a9247145a2ac@group-E2152A48AE85, cid=2243, SUCCESS, logIndex=3292, commits[fd4515e9-84f2-4741-b1f5-a9247145a2ac:c3293, 2e3e112c-ad01-4834-a07e-d6d8a7947632:c3289, dfee02f7-0d20-4e08-8ecd-ebe087394a07:c3289]
2019-07-08 20:09:37,825 INFO  client.GrpcClientProtocolClient (GrpcClientProtocolClient.java:onNext(255)) - client-83AFC0B42279->fd4515e9-84f2-4741-b1f5-a9247145a2ac: receive RaftClientReply:client-83AFC0B42279->fd4515e9-84f2-4741-b1f5-a9247145a2ac@group-E2152A48AE85, cid=2244, SUCCESS, logIndex=3293, commits[fd4515e9-84f2-4741-b1f5-a9247145a2ac:c3294, 2e3e112c-ad01-4834-a07e-d6d8a7947632:c3289, dfee02f7-0d20-4e08-8ecd-ebe087394a07:c3290]
2019-07-08 20:09:37,827 INFO  client.GrpcClientProtocolClient (GrpcClientProtocolClient.java:onNext(255)) - client-83AFC0B42279->fd4515e9-84f2-4741-b1f5-a9247145a2ac: receive RaftClientReply:client-83AFC0B42279->fd4515e9-84f2-4741-b1f5-a9247145a2ac@group-E2152A48AE85, cid=2245, SUCCESS, logIndex=0, commits[fd4515e9-84f2-4741-b1f5-a9247145a2ac:c3295, 2e3e112c-ad01-4834-a07e-d6d8a7947632:c3291, dfee02f7-0d20-4e08-8ecd-ebe087394a07:c3291]
2019-07-08 20:09:37,852 INFO  client.GrpcClientProtocolClient (GrpcClientProtocolClient.java:onNext(255)) - client-83AFC0B42279->fd4515e9-84f2-4741-b1f5-a9247145a2ac: receive RaftClientReply:client-83AFC0B42279->fd4515e9-84f2-4741-b1f5-a9247145a2ac@group-E2152A48AE85, cid=2246, SUCCESS, logIndex=3298, commits[fd4515e9-84f2-4741-b1f5-a9247145a2ac:c3299, 2e3e112c-ad01-4834-a07e-d6d8a7947632:c3295, dfee02f7-0d20-4e08-8ecd-ebe087394a07:c3295]
2019-07-08 20:09:37,852 INFO  client.GrpcClientProtocolClient (GrpcClientProtocolClient.java:onNext(255)) - client-83AFC0B42279->fd4515e9-84f2-4741-b1f5-a9247145a2ac: receive RaftClientReply:client-83AFC0B42279->fd4515e9-84f2-4741-b1f5-a9247145a2ac@group-E2152A48AE85, cid=2247, SUCCESS, logIndex=3299, commits[fd4515e9-84f2-4741-b1f5-a9247145a2ac:c3299, 2e3e112c-ad01-4834-a07e-d6d8a7947632:c3295, dfee02f7-0d20-4e08-8ecd-ebe087394a07:c3295]
2019-07-08 20:09:37,873 INFO  client.GrpcClientProtocolClient (GrpcClientProtocolClient.java:onNext(255)) - client-83AFC0B42279->fd4515e9-84f2-4741-b1f5-a9247145a2ac: receive RaftClientReply:client-83AFC0B42279->fd4515e9-84f2-4741-b1f5-a9247145a2ac@group-E2152A48AE85, cid=2248, SUCCESS, logIndex=3302, commits[fd4515e9-84f2-4741-b1f5-a9247145a2ac:c3303, 2e3e112c-ad01-4834-a07e-d6d8a7947632:c3301, dfee02f7-0d20-4e08-8ecd-ebe087394a07:c3301]
2019-07-08 20:09:37,874 INFO  client.GrpcClientProtocolClient (GrpcClientProtocolClient.java:onNext(255)) - client-83AFC0B42279->fd4515e9-84f2-4741-b1f5-a9247145a2ac: receive RaftClientReply:client-83AFC0B42279->fd4515e9-84f2-4741-b1f5-a9247145a2ac@group-E2152A48AE85, cid=2249, SUCCESS, logIndex=3303, commits[fd4515e9-84f2-4741-b1f5-a9247145a2ac:c3303, 2e3e112c-ad01-4834-a07e-d6d8a7947632:c3301, dfee02f7-0d20-4e08-8ecd-ebe087394a07:c3301]
2019-07-08 20:09:37,899 INFO  client.GrpcClientProtocolClient (GrpcClientProtocolClient.java:onNext(255)) - client-83AFC0B42279->fd4515e9-84f2-4741-b1f5-a9247145a2ac: receive RaftClientReply:client-83AFC0B42279->fd4515e9-84f2-4741-b1f5-a9247145a2ac@group-E2152A48AE85, cid=2250, SUCCESS, logIndex=0, commits[fd4515e9-84f2-4741-b1f5-a9247145a2ac:c3305, 2e3e112c-ad01-4834-a07e-d6d8a7947632:c3303, dfee02f7-0d20-4e08-8ecd-ebe087394a07:c3303]
2019-07-08 20:09:37,929 INFO  client.GrpcClientProtocolClient (GrpcClientProtocolClient.java:onNext(255)) - client-83AFC0B42279->fd4515e9-84f2-4741-b1f5-a9247145a2ac: receive RaftClientReply:client-83AFC0B42279->fd4515e9-84f2-4741-b1f5-a9247145a2ac@group-E2152A48AE85, cid=2251, SUCCESS, logIndex=3306, commits[fd4515e9-84f2-4741-b1f5-a9247145a2ac:c3307, 2e3e112c-ad01-4834-a07e-d6d8a7947632:c3305, dfee02f7-0d20-4e08-8ecd-ebe087394a07:c3305]
2019-07-08 20:09:37,929 INFO  client.GrpcClientProtocolClient (GrpcClientProtocolClient.java:onNext(255)) - client-83AFC0B42279->fd4515e9-84f2-4741-b1f5-a9247145a2ac: receive RaftClientReply:client-83AFC0B42279->fd4515e9-84f2-4741-b1f5-a9247145a2ac@group-E2152A48AE85, cid=2252, SUCCESS, logIndex=3307, commits[fd4515e9-84f2-4741-b1f5-a9247145a2ac:c3307, 2e3e112c-ad01-4834-a07e-d6d8a7947632:c3305, dfee02f7-0d20-4e08-8ecd-ebe087394a07:c3305]
2019-07-08 20:09:37,940 INFO  client.GrpcClientProtocolClient (GrpcClientProtocolClient.java:onNext(255)) - client-83AFC0B42279->fd4515e9-84f2-4741-b1f5-a9247145a2ac: receive RaftClientReply:client-83AFC0B42279->fd4515e9-84f2-4741-b1f5-a9247145a2ac@group-E2152A48AE85, cid=2253, SUCCESS, logIndex=3308, commits[fd4515e9-84f2-4741-b1f5-a9247145a2ac:c3309, 2e3e112c-ad01-4834-a07e-d6d8a7947632:c3305, dfee02f7-0d20-4e08-8ecd-ebe087394a07:c3305]
2019-07-08 20:09:37,940 INFO  client.GrpcClientProtocolClient (GrpcClientProtocolClient.java:onNext(255)) - client-83AFC0B42279->fd4515e9-84f2-4741-b1f5-a9247145a2ac: receive RaftClientReply:client-83AFC0B42279->fd4515e9-84f2-4741-b1f5-a9247145a2ac@group-E2152A48AE85, cid=2254, SUCCESS, logIndex=3309, commits[fd4515e9-84f2-4741-b1f5-a9247145a2ac:c3309, 2e3e112c-ad01-4834-a07e-d6d8a7947632:c3305, dfee02f7-0d20-4e08-8ecd-ebe087394a07:c3305]
2019-07-08 20:09:37,944 INFO  client.GrpcClientProtocolClient (GrpcClientProtocolClient.java:onNext(255)) - client-83AFC0B42279->fd4515e9-84f2-4741-b1f5-a9247145a2ac: receive RaftClientReply:client-83AFC0B42279->fd4515e9-84f2-4741-b1f5-a9247145a2ac@group-E2152A48AE85, cid=2255, SUCCESS, logIndex=0, commits[fd4515e9-84f2-4741-b1f5-a9247145a2ac:c3312, 2e3e112c-ad01-4834-a07e-d6d8a7947632:c3309, dfee02f7-0d20-4e08-8ecd-ebe087394a07:c3307]
2019-07-08 20:09:37,965 INFO  client.GrpcClientProtocolClient (GrpcClientProtocolClient.java:onNext(255)) - client-83AFC0B42279->fd4515e9-84f2-4741-b1f5-a9247145a2ac: receive RaftClientReply:client-83AFC0B42279->fd4515e9-84f2-4741-b1f5-a9247145a2ac@group-E2152A48AE85, cid=2256, SUCCESS, logIndex=3313, commits[fd4515e9-84f2-4741-b1f5-a9247145a2ac:c3314, 2e3e112c-ad01-4834-a07e-d6d8a7947632:c3312, dfee02f7-0d20-4e08-8ecd-ebe087394a07:c3312]
2019-07-08 20:09:37,965 INFO  client.GrpcClientProtocolClient (GrpcClientProtocolClient.java:onNext(255)) - client-83AFC0B42279->fd4515e9-84f2-4741-b1f5-a9247145a2ac: receive RaftClientReply:client-83AFC0B42279->fd4515e9-84f2-4741-b1f5-a9247145a2ac@group-E2152A48AE85, cid=2257, SUCCESS, logIndex=3314, commits[fd4515e9-84f2-4741-b1f5-a9247145a2ac:c3314, 2e3e112c-ad01-4834-a07e-d6d8a7947632:c3312, dfee02f7-0d20-4e08-8ecd-ebe087394a07:c3312]
2019-07-08 20:09:37,991 INFO  client.GrpcClientProtocolClient (GrpcClientProtocolClient.java:onNext(255)) - client-83AFC0B42279->fd4515e9-84f2-4741-b1f5-a9247145a2ac: receive RaftClientReply:client-83AFC0B42279->fd4515e9-84f2-4741-b1f5-a9247145a2ac@group-E2152A48AE85, cid=2258, SUCCESS, logIndex=3317, commits[fd4515e9-84f2-4741-b1f5-a9247145a2ac:c3317, 2e3e112c-ad01-4834-a07e-d6d8a7947632:c3314, dfee02f7-0d20-4e08-8ecd-ebe087394a07:c3314]
2019-07-08 20:09:37,991 INFO  client.GrpcClientProtocolClient (GrpcClientProtocolClient.java:onNext(255)) - client-83AFC0B42279->fd4515e9-84f2-4741-b1f5-a9247145a2ac: receive RaftClientReply:client-83AFC0B42279->fd4515e9-84f2-4741-b1f5-a9247145a2ac@group-E2152A48AE85, cid=2259, SUCCESS, logIndex=3318, commits[fd4515e9-84f2-4741-b1f5-a9247145a2ac:c3318, 2e3e112c-ad01-4834-a07e-d6d8a7947632:c3314, dfee02f7-0d20-4e08-8ecd-ebe087394a07:c3314]
2019-07-08 20:09:38,003 INFO  client.GrpcClientProtocolClient (GrpcClientProtocolClient.java:onNext(255)) - client-83AFC0B42279->fd4515e9-84f2-4741-b1f5-a9247145a2ac: receive RaftClientReply:client-83AFC0B42279->fd4515e9-84f2-4741-b1f5-a9247145a2ac@group-E2152A48AE85, cid=2260, SUCCESS, logIndex=0, commits[fd4515e9-84f2-4741-b1f5-a9247145a2ac:c3319, 2e3e112c-ad01-4834-a07e-d6d8a7947632:c3318, dfee02f7-0d20-4e08-8ecd-ebe087394a07:c3318]
2019-07-08 20:09:38,032 INFO  client.GrpcClientProtocolClient (GrpcClientProtocolClient.java:onNext(255)) - client-83AFC0B42279->fd4515e9-84f2-4741-b1f5-a9247145a2ac: receive RaftClientReply:client-83AFC0B42279->fd4515e9-84f2-4741-b1f5-a9247145a2ac@group-E2152A48AE85, cid=2261, SUCCESS, logIndex=3321, commits[fd4515e9-84f2-4741-b1f5-a9247145a2ac:c3322, 2e3e112c-ad01-4834-a07e-d6d8a7947632:c3320, dfee02f7-0d20-4e08-8ecd-ebe087394a07:c3320]
2019-07-08 20:09:38,033 INFO  client.GrpcClientProtocolClient (GrpcClientProtocolClient.java:onNext(255)) - client-83AFC0B42279->fd4515e9-84f2-4741-b1f5-a9247145a2ac: receive RaftClientReply:client-83AFC0B42279->fd4515e9-84f2-4741-b1f5-a9247145a2ac@group-E2152A48AE85, cid=2262, SUCCESS, logIndex=3322, commits[fd4515e9-84f2-4741-b1f5-a9247145a2ac:c3324, 2e3e112c-ad01-4834-a07e-d6d8a7947632:c3320, dfee02f7-0d20-4e08-8ecd-ebe087394a07:c3320]
2019-07-08 20:09:38,033 INFO  client.GrpcClientProtocolClient (GrpcClientProtocolClient.java:onNext(255)) - client-83AFC0B42279->fd4515e9-84f2-4741-b1f5-a9247145a2ac: receive RaftClientReply:client-83AFC0B42279->fd4515e9-84f2-4741-b1f5-a9247145a2ac@group-E2152A48AE85, cid=2263, SUCCESS, logIndex=3323, commits[fd4515e9-84f2-4741-b1f5-a9247145a2ac:c3324, 2e3e112c-ad01-4834-a07e-d6d8a7947632:c3320, dfee02f7-0d20-4e08-8ecd-ebe087394a07:c3320]
2019-07-08 20:09:38,033 INFO  client.GrpcClientProtocolClient (GrpcClientProtocolClient.java:onNext(255)) - client-83AFC0B42279->fd4515e9-84f2-4741-b1f5-a9247145a2ac: receive RaftClientReply:client-83AFC0B42279->fd4515e9-84f2-4741-b1f5-a9247145a2ac@group-E2152A48AE85, cid=2264, SUCCESS, logIndex=3324, commits[fd4515e9-84f2-4741-b1f5-a9247145a2ac:c3324, 2e3e112c-ad01-4834-a07e-d6d8a7947632:c3320, dfee02f7-0d20-4e08-8ecd-ebe087394a07:c3320]
2019-07-08 20:09:38,046 INFO  client.GrpcClientProtocolClient (GrpcClientProtocolClient.java:onNext(255)) - client-83AFC0B42279->fd4515e9-84f2-4741-b1f5-a9247145a2ac: receive RaftClientReply:client-83AFC0B42279->fd4515e9-84f2-4741-b1f5-a9247145a2ac@group-E2152A48AE85, cid=2265, SUCCESS, logIndex=0, commits[fd4515e9-84f2-4741-b1f5-a9247145a2ac:c3325, 2e3e112c-ad01-4834-a07e-d6d8a7947632:c3322, dfee02f7-0d20-4e08-8ecd-ebe087394a07:c3322]
2019-07-08 20:09:38,065 INFO  client.GrpcClientProtocolClient (GrpcClientProtocolClient.java:onNext(255)) - client-83AFC0B42279->fd4515e9-84f2-4741-b1f5-a9247145a2ac: receive RaftClientReply:client-83AFC0B42279->fd4515e9-84f2-4741-b1f5-a9247145a2ac@group-E2152A48AE85, cid=2266, SUCCESS, logIndex=3329, commits[fd4515e9-84f2-4741-b1f5-a9247145a2ac:c3329, 2e3e112c-ad01-4834-a07e-d6d8a7947632:c3328, dfee02f7-0d20-4e08-8ecd-ebe087394a07:c3328]
2019-07-08 20:09:38,066 INFO  client.GrpcClientProtocolClient (GrpcClientProtocolClient.java:onNext(255)) - client-83AFC0B42279->fd4515e9-84f2-4741-b1f5-a9247145a2ac: receive RaftClientReply:client-83AFC0B42279->fd4515e9-84f2-4741-b1f5-a9247145a2ac@group-E2152A48AE85, cid=2267, SUCCESS, logIndex=3330, commits[fd4515e9-84f2-4741-b1f5-a9247145a2ac:c3330, 2e3e112c-ad01-4834-a07e-d6d8a7947632:c3328, dfee02f7-0d20-4e08-8ecd-ebe087394a07:c3328]
2019-07-08 20:09:38,092 INFO  client.GrpcClientProtocolClient (GrpcClientProtocolClient.java:onNext(255)) - client-83AFC0B42279->fd4515e9-84f2-4741-b1f5-a9247145a2ac: receive RaftClientReply:client-83AFC0B42279->fd4515e9-84f2-4741-b1f5-a9247145a2ac@group-E2152A48AE85, cid=2268, SUCCESS, logIndex=3333, commits[fd4515e9-84f2-4741-b1f5-a9247145a2ac:c3334, 2e3e112c-ad01-4834-a07e-d6d8a7947632:c3330, dfee02f7-0d20-4e08-8ecd-ebe087394a07:c3330]
2019-07-08 20:09:38,092 INFO  client.GrpcClientProtocolClient (GrpcClientProtocolClient.java:onNext(255)) - client-83AFC0B42279->fd4515e9-84f2-4741-b1f5-a9247145a2ac: receive RaftClientReply:client-83AFC0B42279->fd4515e9-84f2-4741-b1f5-a9247145a2ac@group-E2152A48AE85, cid=2269, SUCCESS, logIndex=3334, commits[fd4515e9-84f2-4741-b1f5-a9247145a2ac:c3334, 2e3e112c-ad01-4834-a07e-d6d8a7947632:c3330, dfee02f7-0d20-4e08-8ecd-ebe087394a07:c3330]
2019-07-08 20:09:38,105 INFO  client.GrpcClientProtocolClient (GrpcClientProtocolClient.java:onNext(255)) - client-83AFC0B42279->fd4515e9-84f2-4741-b1f5-a9247145a2ac: receive RaftClientReply:client-83AFC0B42279->fd4515e9-84f2-4741-b1f5-a9247145a2ac@group-E2152A48AE85, cid=2270, SUCCESS, logIndex=0, commits[fd4515e9-84f2-4741-b1f5-a9247145a2ac:c3335, 2e3e112c-ad01-4834-a07e-d6d8a7947632:c3334, dfee02f7-0d20-4e08-8ecd-ebe087394a07:c3334]
 0.00% |█                                                                                                    |  0/1 Time: 0:00:172019-07-08 20:09:38,133 INFO  client.GrpcClientProtocolClient (GrpcClientProtocolClient.java:onNext(255)) - client-83AFC0B42279->fd4515e9-84f2-4741-b1f5-a9247145a2ac: receive RaftClientReply:client-83AFC0B42279->fd4515e9-84f2-4741-b1f5-a9247145a2ac@group-E2152A48AE85, cid=2271, SUCCESS, logIndex=3337, commits[fd4515e9-84f2-4741-b1f5-a9247145a2ac:c3338, 2e3e112c-ad01-4834-a07e-d6d8a7947632:c3336, dfee02f7-0d20-4e08-8ecd-ebe087394a07:c3336]
2019-07-08 20:09:38,134 INFO  client.GrpcClientProtocolClient (GrpcClientProtocolClient.java:onNext(255)) - client-83AFC0B42279->fd4515e9-84f2-4741-b1f5-a9247145a2ac: receive RaftClientReply:client-83AFC0B42279->fd4515e9-84f2-4741-b1f5-a9247145a2ac@group-E2152A48AE85, cid=2272, SUCCESS, logIndex=3338, commits[fd4515e9-84f2-4741-b1f5-a9247145a2ac:c3338, 2e3e112c-ad01-4834-a07e-d6d8a7947632:c3336, dfee02f7-0d20-4e08-8ecd-ebe087394a07:c3336]
2019-07-08 20:09:38,143 INFO  client.GrpcClientProtocolClient (GrpcClientProtocolClient.java:onNext(255)) - client-83AFC0B42279->fd4515e9-84f2-4741-b1f5-a9247145a2ac: receive RaftClientReply:client-83AFC0B42279->fd4515e9-84f2-4741-b1f5-a9247145a2ac@group-E2152A48AE85, cid=2273, SUCCESS, logIndex=3339, commits[fd4515e9-84f2-4741-b1f5-a9247145a2ac:c3340, 2e3e112c-ad01-4834-a07e-d6d8a7947632:c3336, dfee02f7-0d20-4e08-8ecd-ebe087394a07:c3336]
2019-07-08 20:09:38,144 INFO  client.GrpcClientProtocolClient (GrpcClientProtocolClient.java:onNext(255)) - client-83AFC0B42279->fd4515e9-84f2-4741-b1f5-a9247145a2ac: receive RaftClientReply:client-83AFC0B42279->fd4515e9-84f2-4741-b1f5-a9247145a2ac@group-E2152A48AE85, cid=2274, SUCCESS, logIndex=3340, commits[fd4515e9-84f2-4741-b1f5-a9247145a2ac:c3340, 2e3e112c-ad01-4834-a07e-d6d8a7947632:c3336, dfee02f7-0d20-4e08-8ecd-ebe087394a07:c3336]
2019-07-08 20:09:38,159 INFO  client.GrpcClientProtocolClient (GrpcClientProtocolClient.java:onNext(255)) - client-83AFC0B42279->fd4515e9-84f2-4741-b1f5-a9247145a2ac: receive RaftClientReply:client-83AFC0B42279->fd4515e9-84f2-4741-b1f5-a9247145a2ac@group-E2152A48AE85, cid=2275, SUCCESS, logIndex=0, commits[fd4515e9-84f2-4741-b1f5-a9247145a2ac:c3343, 2e3e112c-ad01-4834-a07e-d6d8a7947632:c3338, dfee02f7-0d20-4e08-8ecd-ebe087394a07:c3338]
2019-07-08 20:09:38,178 INFO  client.GrpcClientProtocolClient (GrpcClientProtocolClient.java:onNext(255)) - client-83AFC0B42279->fd4515e9-84f2-4741-b1f5-a9247145a2ac: receive RaftClientReply:client-83AFC0B42279->fd4515e9-84f2-4741-b1f5-a9247145a2ac@group-E2152A48AE85, cid=2276, SUCCESS, logIndex=3345, commits[fd4515e9-84f2-4741-b1f5-a9247145a2ac:c3346, 2e3e112c-ad01-4834-a07e-d6d8a7947632:c3344, dfee02f7-0d20-4e08-8ecd-ebe087394a07:c3344]
2019-07-08 20:09:38,178 INFO  client.GrpcClientProtocolClient (GrpcClientProtocolClient.java:onNext(255)) - client-83AFC0B42279->fd4515e9-84f2-4741-b1f5-a9247145a2ac: receive RaftClientReply:client-83AFC0B42279->fd4515e9-84f2-4741-b1f5-a9247145a2ac@group-E2152A48AE85, cid=2277, SUCCESS, logIndex=3346, commits[fd4515e9-84f2-4741-b1f5-a9247145a2ac:c3346, 2e3e112c-ad01-4834-a07e-d6d8a7947632:c3344, dfee02f7-0d20-4e08-8ecd-ebe087394a07:c3344]
2019-07-08 20:09:38,193 INFO  client.GrpcClientProtocolClient (GrpcClientProtocolClient.java:onNext(255)) - client-83AFC0B42279->fd4515e9-84f2-4741-b1f5-a9247145a2ac: receive RaftClientReply:client-83AFC0B42279->fd4515e9-84f2-4741-b1f5-a9247145a2ac@group-E2152A48AE85, cid=2278, SUCCESS, logIndex=3349, commits[fd4515e9-84f2-4741-b1f5-a9247145a2ac:c3350, 2e3e112c-ad01-4834-a07e-d6d8a7947632:c3346, dfee02f7-0d20-4e08-8ecd-ebe087394a07:c3346]
2019-07-08 20:09:38,193 INFO  client.GrpcClientProtocolClient (GrpcClientProtocolClient.java:onNext(255)) - client-83AFC0B42279->fd4515e9-84f2-4741-b1f5-a9247145a2ac: receive RaftClientReply:client-83AFC0B42279->fd4515e9-84f2-4741-b1f5-a9247145a2ac@group-E2152A48AE85, cid=2279, SUCCESS, logIndex=3350, commits[fd4515e9-84f2-4741-b1f5-a9247145a2ac:c3350, 2e3e112c-ad01-4834-a07e-d6d8a7947632:c3346, dfee02f7-0d20-4e08-8ecd-ebe087394a07:c3346]
2019-07-08 20:09:38,198 INFO  client.GrpcClientProtocolClient (GrpcClientProtocolClient.java:onNext(255)) - client-83AFC0B42279->fd4515e9-84f2-4741-b1f5-a9247145a2ac: receive RaftClientReply:client-83AFC0B42279->fd4515e9-84f2-4741-b1f5-a9247145a2ac@group-E2152A48AE85, cid=2280, SUCCESS, logIndex=0, commits[fd4515e9-84f2-4741-b1f5-a9247145a2ac:c3351, 2e3e112c-ad01-4834-a07e-d6d8a7947632:c3350, dfee02f7-0d20-4e08-8ecd-ebe087394a07:c3350]
2019-07-08 20:09:38,238 INFO  client.GrpcClientProtocolClient (GrpcClientProtocolClient.java:onNext(255)) - client-83AFC0B42279->fd4515e9-84f2-4741-b1f5-a9247145a2ac: receive RaftClientReply:client-83AFC0B42279->fd4515e9-84f2-4741-b1f5-a9247145a2ac@group-E2152A48AE85, cid=2281, SUCCESS, logIndex=3353, commits[fd4515e9-84f2-4741-b1f5-a9247145a2ac:c3354, 2e3e112c-ad01-4834-a07e-d6d8a7947632:c3352, dfee02f7-0d20-4e08-8ecd-ebe087394a07:c3352]
2019-07-08 20:09:38,239 INFO  client.GrpcClientProtocolClient (GrpcClientProtocolClient.java:onNext(255)) - client-83AFC0B42279->fd4515e9-84f2-4741-b1f5-a9247145a2ac: receive RaftClientReply:client-83AFC0B42279->fd4515e9-84f2-4741-b1f5-a9247145a2ac@group-E2152A48AE85, cid=2282, SUCCESS, logIndex=3354, commits[fd4515e9-84f2-4741-b1f5-a9247145a2ac:c3356, 2e3e112c-ad01-4834-a07e-d6d8a7947632:c3352, dfee02f7-0d20-4e08-8ecd-ebe087394a07:c3352]
2019-07-08 20:09:38,239 INFO  client.GrpcClientProtocolClient (GrpcClientProtocolClient.java:onNext(255)) - client-83AFC0B42279->fd4515e9-84f2-4741-b1f5-a9247145a2ac: receive RaftClientReply:client-83AFC0B42279->fd4515e9-84f2-4741-b1f5-a9247145a2ac@group-E2152A48AE85, cid=2283, SUCCESS, logIndex=3355, commits[fd4515e9-84f2-4741-b1f5-a9247145a2ac:c3356, 2e3e112c-ad01-4834-a07e-d6d8a7947632:c3352, dfee02f7-0d20-4e08-8ecd-ebe087394a07:c3352]
2019-07-08 20:09:38,239 INFO  client.GrpcClientProtocolClient (GrpcClientProtocolClient.java:onNext(255)) - client-83AFC0B42279->fd4515e9-84f2-4741-b1f5-a9247145a2ac: receive RaftClientReply:client-83AFC0B42279->fd4515e9-84f2-4741-b1f5-a9247145a2ac@group-E2152A48AE85, cid=2284, SUCCESS, logIndex=3356, commits[fd4515e9-84f2-4741-b1f5-a9247145a2ac:c3356, 2e3e112c-ad01-4834-a07e-d6d8a7947632:c3352, dfee02f7-0d20-4e08-8ecd-ebe087394a07:c3352]
2019-07-08 20:09:38,249 INFO  client.GrpcClientProtocolClient (GrpcClientProtocolClient.java:onNext(255)) - client-83AFC0B42279->fd4515e9-84f2-4741-b1f5-a9247145a2ac: receive RaftClientReply:client-83AFC0B42279->fd4515e9-84f2-4741-b1f5-a9247145a2ac@group-E2152A48AE85, cid=2285, SUCCESS, logIndex=0, commits[fd4515e9-84f2-4741-b1f5-a9247145a2ac:c3357, 2e3e112c-ad01-4834-a07e-d6d8a7947632:c3354, dfee02f7-0d20-4e08-8ecd-ebe087394a07:c3354]
2019-07-08 20:09:38,370 INFO  client.GrpcClientProtocolClient (GrpcClientProtocolClient.java:onNext(255)) - client-83AFC0B42279->fd4515e9-84f2-4741-b1f5-a9247145a2ac: receive RaftClientReply:client-83AFC0B42279->fd4515e9-84f2-4741-b1f5-a9247145a2ac@group-E2152A48AE85, cid=2286, SUCCESS, logIndex=3361, commits[fd4515e9-84f2-4741-b1f5-a9247145a2ac:c3362, 2e3e112c-ad01-4834-a07e-d6d8a7947632:c3360, dfee02f7-0d20-4e08-8ecd-ebe087394a07:c3360]
2019-07-08 20:09:38,371 INFO  client.GrpcClientProtocolClient (GrpcClientProtocolClient.java:onNext(255)) - client-83AFC0B42279->fd4515e9-84f2-4741-b1f5-a9247145a2ac: receive RaftClientReply:client-83AFC0B42279->fd4515e9-84f2-4741-b1f5-a9247145a2ac@group-E2152A48AE85, cid=2287, SUCCESS, logIndex=3362, commits[fd4515e9-84f2-4741-b1f5-a9247145a2ac:c3362, 2e3e112c-ad01-4834-a07e-d6d8a7947632:c3360, dfee02f7-0d20-4e08-8ecd-ebe087394a07:c3360]
2019-07-08 20:09:38,413 INFO  client.GrpcClientProtocolClient (GrpcClientProtocolClient.java:onNext(255)) - client-83AFC0B42279->fd4515e9-84f2-4741-b1f5-a9247145a2ac: receive RaftClientReply:client-83AFC0B42279->fd4515e9-84f2-4741-b1f5-a9247145a2ac@group-E2152A48AE85, cid=2288, SUCCESS, logIndex=3365, commits[fd4515e9-84f2-4741-b1f5-a9247145a2ac:c3365, 2e3e112c-ad01-4834-a07e-d6d8a7947632:c3362, dfee02f7-0d20-4e08-8ecd-ebe087394a07:c3362]
2019-07-08 20:09:38,414 INFO  client.GrpcClientProtocolClient (GrpcClientProtocolClient.java:onNext(255)) - client-83AFC0B42279->fd4515e9-84f2-4741-b1f5-a9247145a2ac: receive RaftClientReply:client-83AFC0B42279->fd4515e9-84f2-4741-b1f5-a9247145a2ac@group-E2152A48AE85, cid=2289, SUCCESS, logIndex=3366, commits[fd4515e9-84f2-4741-b1f5-a9247145a2ac:c3366, 2e3e112c-ad01-4834-a07e-d6d8a7947632:c3362, dfee02f7-0d20-4e08-8ecd-ebe087394a07:c3362]
2019-07-08 20:09:38,440 INFO  client.GrpcClientProtocolClient (GrpcClientProtocolClient.java:onNext(255)) - client-83AFC0B42279->fd4515e9-84f2-4741-b1f5-a9247145a2ac: receive RaftClientReply:client-83AFC0B42279->fd4515e9-84f2-4741-b1f5-a9247145a2ac@group-E2152A48AE85, cid=2290, SUCCESS, logIndex=0, commits[fd4515e9-84f2-4741-b1f5-a9247145a2ac:c3368, 2e3e112c-ad01-4834-a07e-d6d8a7947632:c3366, dfee02f7-0d20-4e08-8ecd-ebe087394a07:c3366]
2019-07-08 20:09:38,470 INFO  client.GrpcClientProtocolClient (GrpcClientProtocolClient.java:onNext(255)) - client-83AFC0B42279->fd4515e9-84f2-4741-b1f5-a9247145a2ac: receive RaftClientReply:client-83AFC0B42279->fd4515e9-84f2-4741-b1f5-a9247145a2ac@group-E2152A48AE85, cid=2291, SUCCESS, logIndex=3369, commits[fd4515e9-84f2-4741-b1f5-a9247145a2ac:c3370, 2e3e112c-ad01-4834-a07e-d6d8a7947632:c3368, dfee02f7-0d20-4e08-8ecd-ebe087394a07:c3368]
2019-07-08 20:09:38,471 INFO  client.GrpcClientProtocolClient (GrpcClientProtocolClient.java:onNext(255)) - client-83AFC0B42279->fd4515e9-84f2-4741-b1f5-a9247145a2ac: receive RaftClientReply:client-83AFC0B42279->fd4515e9-84f2-4741-b1f5-a9247145a2ac@group-E2152A48AE85, cid=2292, SUCCESS, logIndex=3370, commits[fd4515e9-84f2-4741-b1f5-a9247145a2ac:c3370, 2e3e112c-ad01-4834-a07e-d6d8a7947632:c3368, dfee02f7-0d20-4e08-8ecd-ebe087394a07:c3368]
2019-07-08 20:09:38,479 INFO  client.GrpcClientProtocolClient (GrpcClientProtocolClient.java:onNext(255)) - client-83AFC0B42279->fd4515e9-84f2-4741-b1f5-a9247145a2ac: receive RaftClientReply:client-83AFC0B42279->fd4515e9-84f2-4741-b1f5-a9247145a2ac@group-E2152A48AE85, cid=2293, SUCCESS, logIndex=3371, commits[fd4515e9-84f2-4741-b1f5-a9247145a2ac:c3372, 2e3e112c-ad01-4834-a07e-d6d8a7947632:c3368, dfee02f7-0d20-4e08-8ecd-ebe087394a07:c3368]
2019-07-08 20:09:38,480 INFO  client.GrpcClientProtocolClient (GrpcClientProtocolClient.java:onNext(255)) - client-83AFC0B42279->fd4515e9-84f2-4741-b1f5-a9247145a2ac: receive RaftClientReply:client-83AFC0B42279->fd4515e9-84f2-4741-b1f5-a9247145a2ac@group-E2152A48AE85, cid=2294, SUCCESS, logIndex=3372, commits[fd4515e9-84f2-4741-b1f5-a9247145a2ac:c3372, 2e3e112c-ad01-4834-a07e-d6d8a7947632:c3368, dfee02f7-0d20-4e08-8ecd-ebe087394a07:c3368]
2019-07-08 20:09:38,495 INFO  client.GrpcClientProtocolClient (GrpcClientProtocolClient.java:onNext(255)) - client-83AFC0B42279->fd4515e9-84f2-4741-b1f5-a9247145a2ac: receive RaftClientReply:client-83AFC0B42279->fd4515e9-84f2-4741-b1f5-a9247145a2ac@group-E2152A48AE85, cid=2295, SUCCESS, logIndex=0, commits[fd4515e9-84f2-4741-b1f5-a9247145a2ac:c3373, 2e3e112c-ad01-4834-a07e-d6d8a7947632:c3370, dfee02f7-0d20-4e08-8ecd-ebe087394a07:c3370]
2019-07-08 20:09:38,518 INFO  client.GrpcClientProtocolClient (GrpcClientProtocolClient.java:onNext(255)) - client-83AFC0B42279->fd4515e9-84f2-4741-b1f5-a9247145a2ac: receive RaftClientReply:client-83AFC0B42279->fd4515e9-84f2-4741-b1f5-a9247145a2ac@group-E2152A48AE85, cid=2296, SUCCESS, logIndex=3376, commits[fd4515e9-84f2-4741-b1f5-a9247145a2ac:c3377, 2e3e112c-ad01-4834-a07e-d6d8a7947632:c3374, dfee02f7-0d20-4e08-8ecd-ebe087394a07:c3374]
2019-07-08 20:09:38,519 INFO  client.GrpcClientProtocolClient (GrpcClientProtocolClient.java:onNext(255)) - client-83AFC0B42279->fd4515e9-84f2-4741-b1f5-a9247145a2ac: receive RaftClientReply:client-83AFC0B42279->fd4515e9-84f2-4741-b1f5-a9247145a2ac@group-E2152A48AE85, cid=2297, SUCCESS, logIndex=3377, commits[fd4515e9-84f2-4741-b1f5-a9247145a2ac:c3377, 2e3e112c-ad01-4834-a07e-d6d8a7947632:c3374, dfee02f7-0d20-4e08-8ecd-ebe087394a07:c3374]
2019-07-08 20:09:38,536 INFO  client.GrpcClientProtocolClient (GrpcClientProtocolClient.java:onNext(255)) - client-83AFC0B42279->fd4515e9-84f2-4741-b1f5-a9247145a2ac: receive RaftClientReply:client-83AFC0B42279->fd4515e9-84f2-4741-b1f5-a9247145a2ac@group-E2152A48AE85, cid=2298, SUCCESS, logIndex=3380, commits[fd4515e9-84f2-4741-b1f5-a9247145a2ac:c3381, 2e3e112c-ad01-4834-a07e-d6d8a7947632:c3377, dfee02f7-0d20-4e08-8ecd-ebe087394a07:c3379]
2019-07-08 20:09:38,536 INFO  client.GrpcClientProtocolClient (GrpcClientProtocolClient.java:onNext(255)) - client-83AFC0B42279->fd4515e9-84f2-4741-b1f5-a9247145a2ac: receive RaftClientReply:client-83AFC0B42279->fd4515e9-84f2-4741-b1f5-a9247145a2ac@group-E2152A48AE85, cid=2299, SUCCESS, logIndex=3381, commits[fd4515e9-84f2-4741-b1f5-a9247145a2ac:c3381, 2e3e112c-ad01-4834-a07e-d6d8a7947632:c3377, dfee02f7-0d20-4e08-8ecd-ebe087394a07:c3379]
2019-07-08 20:09:38,538 INFO  client.GrpcClientProtocolClient (GrpcClientProtocolClient.java:onNext(255)) - client-83AFC0B42279->fd4515e9-84f2-4741-b1f5-a9247145a2ac: receive RaftClientReply:client-83AFC0B42279->fd4515e9-84f2-4741-b1f5-a9247145a2ac@group-E2152A48AE85, cid=2300, SUCCESS, logIndex=0, commits[fd4515e9-84f2-4741-b1f5-a9247145a2ac:c3382, 2e3e112c-ad01-4834-a07e-d6d8a7947632:c3381, dfee02f7-0d20-4e08-8ecd-ebe087394a07:c3381]
2019-07-08 20:09:38,577 INFO  client.GrpcClientProtocolClient (GrpcClientProtocolClient.java:onNext(255)) - client-83AFC0B42279->fd4515e9-84f2-4741-b1f5-a9247145a2ac: receive RaftClientReply:client-83AFC0B42279->fd4515e9-84f2-4741-b1f5-a9247145a2ac@group-E2152A48AE85, cid=2301, SUCCESS, logIndex=3384, commits[fd4515e9-84f2-4741-b1f5-a9247145a2ac:c3387, 2e3e112c-ad01-4834-a07e-d6d8a7947632:c3383, dfee02f7-0d20-4e08-8ecd-ebe087394a07:c3383]
2019-07-08 20:09:38,578 INFO  client.GrpcClientProtocolClient (GrpcClientProtocolClient.java:onNext(255)) - client-83AFC0B42279->fd4515e9-84f2-4741-b1f5-a9247145a2ac: receive RaftClientReply:client-83AFC0B42279->fd4515e9-84f2-4741-b1f5-a9247145a2ac@group-E2152A48AE85, cid=2302, SUCCESS, logIndex=3385, commits[fd4515e9-84f2-4741-b1f5-a9247145a2ac:c3387, 2e3e112c-ad01-4834-a07e-d6d8a7947632:c3383, dfee02f7-0d20-4e08-8ecd-ebe087394a07:c3383]
2019-07-08 20:09:38,578 INFO  client.GrpcClientProtocolClient (GrpcClientProtocolClient.java:onNext(255)) - client-83AFC0B42279->fd4515e9-84f2-4741-b1f5-a9247145a2ac: receive RaftClientReply:client-83AFC0B42279->fd4515e9-84f2-4741-b1f5-a9247145a2ac@group-E2152A48AE85, cid=2303, SUCCESS, logIndex=3386, commits[fd4515e9-84f2-4741-b1f5-a9247145a2ac:c3387, 2e3e112c-ad01-4834-a07e-d6d8a7947632:c3383, dfee02f7-0d20-4e08-8ecd-ebe087394a07:c3383]
2019-07-08 20:09:38,578 INFO  client.GrpcClientProtocolClient (GrpcClientProtocolClient.java:onNext(255)) - client-83AFC0B42279->fd4515e9-84f2-4741-b1f5-a9247145a2ac: receive RaftClientReply:client-83AFC0B42279->fd4515e9-84f2-4741-b1f5-a9247145a2ac@group-E2152A48AE85, cid=2304, SUCCESS, logIndex=3387, commits[fd4515e9-84f2-4741-b1f5-a9247145a2ac:c3387, 2e3e112c-ad01-4834-a07e-d6d8a7947632:c3383, dfee02f7-0d20-4e08-8ecd-ebe087394a07:c3383]
2019-07-08 20:09:38,580 INFO  client.GrpcClientProtocolClient (GrpcClientProtocolClient.java:onNext(255)) - client-83AFC0B42279->fd4515e9-84f2-4741-b1f5-a9247145a2ac: receive RaftClientReply:client-83AFC0B42279->fd4515e9-84f2-4741-b1f5-a9247145a2ac@group-E2152A48AE85, cid=2305, SUCCESS, logIndex=0, commits[fd4515e9-84f2-4741-b1f5-a9247145a2ac:c3391, 2e3e112c-ad01-4834-a07e-d6d8a7947632:c3385, dfee02f7-0d20-4e08-8ecd-ebe087394a07:c3387]
2019-07-08 20:09:38,600 INFO  client.GrpcClientProtocolClient (GrpcClientProtocolClient.java:onNext(255)) - client-83AFC0B42279->fd4515e9-84f2-4741-b1f5-a9247145a2ac: receive RaftClientReply:client-83AFC0B42279->fd4515e9-84f2-4741-b1f5-a9247145a2ac@group-E2152A48AE85, cid=2306, SUCCESS, logIndex=3392, commits[fd4515e9-84f2-4741-b1f5-a9247145a2ac:c3393, 2e3e112c-ad01-4834-a07e-d6d8a7947632:c3391, dfee02f7-0d20-4e08-8ecd-ebe087394a07:c3391]
2019-07-08 20:09:38,601 INFO  client.GrpcClientProtocolClient (GrpcClientProtocolClient.java:onNext(255)) - client-83AFC0B42279->fd4515e9-84f2-4741-b1f5-a9247145a2ac: receive RaftClientReply:client-83AFC0B42279->fd4515e9-84f2-4741-b1f5-a9247145a2ac@group-E2152A48AE85, cid=2307, SUCCESS, logIndex=3393, commits[fd4515e9-84f2-4741-b1f5-a9247145a2ac:c3393, 2e3e112c-ad01-4834-a07e-d6d8a7947632:c3391, dfee02f7-0d20-4e08-8ecd-ebe087394a07:c3391]
2019-07-08 20:09:38,616 INFO  client.GrpcClientProtocolClient (GrpcClientProtocolClient.java:onNext(255)) - client-83AFC0B42279->fd4515e9-84f2-4741-b1f5-a9247145a2ac: receive RaftClientReply:client-83AFC0B42279->fd4515e9-84f2-4741-b1f5-a9247145a2ac@group-E2152A48AE85, cid=2308, SUCCESS, logIndex=3396, commits[fd4515e9-84f2-4741-b1f5-a9247145a2ac:c3397, 2e3e112c-ad01-4834-a07e-d6d8a7947632:c3393, dfee02f7-0d20-4e08-8ecd-ebe087394a07:c3393]
2019-07-08 20:09:38,616 INFO  client.GrpcClientProtocolClient (GrpcClientProtocolClient.java:onNext(255)) - client-83AFC0B42279->fd4515e9-84f2-4741-b1f5-a9247145a2ac: receive RaftClientReply:client-83AFC0B42279->fd4515e9-84f2-4741-b1f5-a9247145a2ac@group-E2152A48AE85, cid=2309, SUCCESS, logIndex=3397, commits[fd4515e9-84f2-4741-b1f5-a9247145a2ac:c3397, 2e3e112c-ad01-4834-a07e-d6d8a7947632:c3393, dfee02f7-0d20-4e08-8ecd-ebe087394a07:c3393]
2019-07-08 20:09:38,630 INFO  client.GrpcClientProtocolClient (GrpcClientProtocolClient.java:onNext(255)) - client-83AFC0B42279->fd4515e9-84f2-4741-b1f5-a9247145a2ac: receive RaftClientReply:client-83AFC0B42279->fd4515e9-84f2-4741-b1f5-a9247145a2ac@group-E2152A48AE85, cid=2310, SUCCESS, logIndex=0, commits[fd4515e9-84f2-4741-b1f5-a9247145a2ac:c3398, 2e3e112c-ad01-4834-a07e-d6d8a7947632:c3397, dfee02f7-0d20-4e08-8ecd-ebe087394a07:c3397]
2019-07-08 20:09:38,661 INFO  client.GrpcClientProtocolClient (GrpcClientProtocolClient.java:onNext(255)) - client-83AFC0B42279->fd4515e9-84f2-4741-b1f5-a9247145a2ac: receive RaftClientReply:client-83AFC0B42279->fd4515e9-84f2-4741-b1f5-a9247145a2ac@group-E2152A48AE85, cid=2311, SUCCESS, logIndex=3400, commits[fd4515e9-84f2-4741-b1f5-a9247145a2ac:c3401, 2e3e112c-ad01-4834-a07e-d6d8a7947632:c3399, dfee02f7-0d20-4e08-8ecd-ebe087394a07:c3399]
2019-07-08 20:09:38,662 INFO  client.GrpcClientProtocolClient (GrpcClientProtocolClient.java:onNext(255)) - client-83AFC0B42279->fd4515e9-84f2-4741-b1f5-a9247145a2ac: receive RaftClientReply:client-83AFC0B42279->fd4515e9-84f2-4741-b1f5-a9247145a2ac@group-E2152A48AE85, cid=2312, SUCCESS, logIndex=3401, commits[fd4515e9-84f2-4741-b1f5-a9247145a2ac:c3401, 2e3e112c-ad01-4834-a07e-d6d8a7947632:c3399, dfee02f7-0d20-4e08-8ecd-ebe087394a07:c3399]
2019-07-08 20:09:38,674 INFO  client.GrpcClientProtocolClient (GrpcClientProtocolClient.java:onNext(255)) - client-83AFC0B42279->fd4515e9-84f2-4741-b1f5-a9247145a2ac: receive RaftClientReply:client-83AFC0B42279->fd4515e9-84f2-4741-b1f5-a9247145a2ac@group-E2152A48AE85, cid=2313, SUCCESS, logIndex=3402, commits[fd4515e9-84f2-4741-b1f5-a9247145a2ac:c3403, 2e3e112c-ad01-4834-a07e-d6d8a7947632:c3399, dfee02f7-0d20-4e08-8ecd-ebe087394a07:c3399]
2019-07-08 20:09:38,674 INFO  client.GrpcClientProtocolClient (GrpcClientProtocolClient.java:onNext(255)) - client-83AFC0B42279->fd4515e9-84f2-4741-b1f5-a9247145a2ac: receive RaftClientReply:client-83AFC0B42279->fd4515e9-84f2-4741-b1f5-a9247145a2ac@group-E2152A48AE85, cid=2314, SUCCESS, logIndex=3403, commits[fd4515e9-84f2-4741-b1f5-a9247145a2ac:c3403, 2e3e112c-ad01-4834-a07e-d6d8a7947632:c3399, dfee02f7-0d20-4e08-8ecd-ebe087394a07:c3399]
2019-07-08 20:09:38,687 INFO  client.GrpcClientProtocolClient (GrpcClientProtocolClient.java:onNext(255)) - client-83AFC0B42279->fd4515e9-84f2-4741-b1f5-a9247145a2ac: receive RaftClientReply:client-83AFC0B42279->fd4515e9-84f2-4741-b1f5-a9247145a2ac@group-E2152A48AE85, cid=2315, SUCCESS, logIndex=0, commits[fd4515e9-84f2-4741-b1f5-a9247145a2ac:c3405, 2e3e112c-ad01-4834-a07e-d6d8a7947632:c3401, dfee02f7-0d20-4e08-8ecd-ebe087394a07:c3401]
2019-07-08 20:09:38,711 INFO  client.GrpcClientProtocolClient (GrpcClientProtocolClient.java:onNext(255)) - client-83AFC0B42279->fd4515e9-84f2-4741-b1f5-a9247145a2ac: receive RaftClientReply:client-83AFC0B42279->fd4515e9-84f2-4741-b1f5-a9247145a2ac@group-E2152A48AE85, cid=2316, SUCCESS, logIndex=3408, commits[fd4515e9-84f2-4741-b1f5-a9247145a2ac:c3409, 2e3e112c-ad01-4834-a07e-d6d8a7947632:c3405, dfee02f7-0d20-4e08-8ecd-ebe087394a07:c3405]
2019-07-08 20:09:38,711 INFO  client.GrpcClientProtocolClient (GrpcClientProtocolClient.java:onNext(255)) - client-83AFC0B42279->fd4515e9-84f2-4741-b1f5-a9247145a2ac: receive RaftClientReply:client-83AFC0B42279->fd4515e9-84f2-4741-b1f5-a9247145a2ac@group-E2152A48AE85, cid=2317, SUCCESS, logIndex=3409, commits[fd4515e9-84f2-4741-b1f5-a9247145a2ac:c3409, 2e3e112c-ad01-4834-a07e-d6d8a7947632:c3405, dfee02f7-0d20-4e08-8ecd-ebe087394a07:c3405]
2019-07-08 20:09:38,738 INFO  client.GrpcClientProtocolClient (GrpcClientProtocolClient.java:onNext(255)) - client-83AFC0B42279->fd4515e9-84f2-4741-b1f5-a9247145a2ac: receive RaftClientReply:client-83AFC0B42279->fd4515e9-84f2-4741-b1f5-a9247145a2ac@group-E2152A48AE85, cid=2318, SUCCESS, logIndex=3412, commits[fd4515e9-84f2-4741-b1f5-a9247145a2ac:c3412, 2e3e112c-ad01-4834-a07e-d6d8a7947632:c3409, dfee02f7-0d20-4e08-8ecd-ebe087394a07:c3409]
2019-07-08 20:09:38,738 INFO  client.GrpcClientProtocolClient (GrpcClientProtocolClient.java:onNext(255)) - client-83AFC0B42279->fd4515e9-84f2-4741-b1f5-a9247145a2ac: receive RaftClientReply:client-83AFC0B42279->fd4515e9-84f2-4741-b1f5-a9247145a2ac@group-E2152A48AE85, cid=2319, SUCCESS, logIndex=3413, commits[fd4515e9-84f2-4741-b1f5-a9247145a2ac:c3413, 2e3e112c-ad01-4834-a07e-d6d8a7947632:c3409, dfee02f7-0d20-4e08-8ecd-ebe087394a07:c3409]
2019-07-08 20:09:38,757 INFO  client.GrpcClientProtocolClient (GrpcClientProtocolClient.java:onNext(255)) - client-83AFC0B42279->fd4515e9-84f2-4741-b1f5-a9247145a2ac: receive RaftClientReply:client-83AFC0B42279->fd4515e9-84f2-4741-b1f5-a9247145a2ac@group-E2152A48AE85, cid=2320, SUCCESS, logIndex=0, commits[fd4515e9-84f2-4741-b1f5-a9247145a2ac:c3415, 2e3e112c-ad01-4834-a07e-d6d8a7947632:c3413, dfee02f7-0d20-4e08-8ecd-ebe087394a07:c3413]
2019-07-08 20:09:38,785 INFO  client.GrpcClientProtocolClient (GrpcClientProtocolClient.java:onNext(255)) - client-83AFC0B42279->fd4515e9-84f2-4741-b1f5-a9247145a2ac: receive RaftClientReply:client-83AFC0B42279->fd4515e9-84f2-4741-b1f5-a9247145a2ac@group-E2152A48AE85, cid=2321, SUCCESS, logIndex=3416, commits[fd4515e9-84f2-4741-b1f5-a9247145a2ac:c3417, 2e3e112c-ad01-4834-a07e-d6d8a7947632:c3415, dfee02f7-0d20-4e08-8ecd-ebe087394a07:c3415]
2019-07-08 20:09:38,785 INFO  client.GrpcClientProtocolClient (GrpcClientProtocolClient.java:onNext(255)) - client-83AFC0B42279->fd4515e9-84f2-4741-b1f5-a9247145a2ac: receive RaftClientReply:client-83AFC0B42279->fd4515e9-84f2-4741-b1f5-a9247145a2ac@group-E2152A48AE85, cid=2322, SUCCESS, logIndex=3417, commits[fd4515e9-84f2-4741-b1f5-a9247145a2ac:c3419, 2e3e112c-ad01-4834-a07e-d6d8a7947632:c3415, dfee02f7-0d20-4e08-8ecd-ebe087394a07:c3415]
2019-07-08 20:09:38,785 INFO  client.GrpcClientProtocolClient (GrpcClientProtocolClient.java:onNext(255)) - client-83AFC0B42279->fd4515e9-84f2-4741-b1f5-a9247145a2ac: receive RaftClientReply:client-83AFC0B42279->fd4515e9-84f2-4741-b1f5-a9247145a2ac@group-E2152A48AE85, cid=2323, SUCCESS, logIndex=3418, commits[fd4515e9-84f2-4741-b1f5-a9247145a2ac:c3419, 2e3e112c-ad01-4834-a07e-d6d8a7947632:c3415, dfee02f7-0d20-4e08-8ecd-ebe087394a07:c3415]
2019-07-08 20:09:38,786 INFO  client.GrpcClientProtocolClient (GrpcClientProtocolClient.java:onNext(255)) - client-83AFC0B42279->fd4515e9-84f2-4741-b1f5-a9247145a2ac: receive RaftClientReply:client-83AFC0B42279->fd4515e9-84f2-4741-b1f5-a9247145a2ac@group-E2152A48AE85, cid=2324, SUCCESS, logIndex=3419, commits[fd4515e9-84f2-4741-b1f5-a9247145a2ac:c3419, 2e3e112c-ad01-4834-a07e-d6d8a7947632:c3415, dfee02f7-0d20-4e08-8ecd-ebe087394a07:c3415]
2019-07-08 20:09:38,800 INFO  client.GrpcClientProtocolClient (GrpcClientProtocolClient.java:onNext(255)) - client-83AFC0B42279->fd4515e9-84f2-4741-b1f5-a9247145a2ac: receive RaftClientReply:client-83AFC0B42279->fd4515e9-84f2-4741-b1f5-a9247145a2ac@group-E2152A48AE85, cid=2325, SUCCESS, logIndex=0, commits[fd4515e9-84f2-4741-b1f5-a9247145a2ac:c3422, 2e3e112c-ad01-4834-a07e-d6d8a7947632:c3419, dfee02f7-0d20-4e08-8ecd-ebe087394a07:c3417]
2019-07-08 20:09:38,819 INFO  client.GrpcClientProtocolClient (GrpcClientProtocolClient.java:onNext(255)) - client-83AFC0B42279->fd4515e9-84f2-4741-b1f5-a9247145a2ac: receive RaftClientReply:client-83AFC0B42279->fd4515e9-84f2-4741-b1f5-a9247145a2ac@group-E2152A48AE85, cid=2326, SUCCESS, logIndex=3423, commits[fd4515e9-84f2-4741-b1f5-a9247145a2ac:c3424, 2e3e112c-ad01-4834-a07e-d6d8a7947632:c3422, dfee02f7-0d20-4e08-8ecd-ebe087394a07:c3422]
2019-07-08 20:09:38,820 INFO  client.GrpcClientProtocolClient (GrpcClientProtocolClient.java:onNext(255)) - client-83AFC0B42279->fd4515e9-84f2-4741-b1f5-a9247145a2ac: receive RaftClientReply:client-83AFC0B42279->fd4515e9-84f2-4741-b1f5-a9247145a2ac@group-E2152A48AE85, cid=2327, SUCCESS, logIndex=3424, commits[fd4515e9-84f2-4741-b1f5-a9247145a2ac:c3424, 2e3e112c-ad01-4834-a07e-d6d8a7947632:c3422, dfee02f7-0d20-4e08-8ecd-ebe087394a07:c3422]
2019-07-08 20:09:38,844 INFO  client.GrpcClientProtocolClient (GrpcClientProtocolClient.java:onNext(255)) - client-83AFC0B42279->fd4515e9-84f2-4741-b1f5-a9247145a2ac: receive RaftClientReply:client-83AFC0B42279->fd4515e9-84f2-4741-b1f5-a9247145a2ac@group-E2152A48AE85, cid=2328, SUCCESS, logIndex=3427, commits[fd4515e9-84f2-4741-b1f5-a9247145a2ac:c3428, 2e3e112c-ad01-4834-a07e-d6d8a7947632:c3424, dfee02f7-0d20-4e08-8ecd-ebe087394a07:c3424]
2019-07-08 20:09:38,845 INFO  client.GrpcClientProtocolClient (GrpcClientProtocolClient.java:onNext(255)) - client-83AFC0B42279->fd4515e9-84f2-4741-b1f5-a9247145a2ac: receive RaftClientReply:client-83AFC0B42279->fd4515e9-84f2-4741-b1f5-a9247145a2ac@group-E2152A48AE85, cid=2329, SUCCESS, logIndex=3428, commits[fd4515e9-84f2-4741-b1f5-a9247145a2ac:c3428, 2e3e112c-ad01-4834-a07e-d6d8a7947632:c3424, dfee02f7-0d20-4e08-8ecd-ebe087394a07:c3424]
2019-07-08 20:09:38,870 INFO  client.GrpcClientProtocolClient (GrpcClientProtocolClient.java:onNext(255)) - client-83AFC0B42279->fd4515e9-84f2-4741-b1f5-a9247145a2ac: receive RaftClientReply:client-83AFC0B42279->fd4515e9-84f2-4741-b1f5-a9247145a2ac@group-E2152A48AE85, cid=2330, SUCCESS, logIndex=0, commits[fd4515e9-84f2-4741-b1f5-a9247145a2ac:c3430, 2e3e112c-ad01-4834-a07e-d6d8a7947632:c3428, dfee02f7-0d20-4e08-8ecd-ebe087394a07:c3428]
2019-07-08 20:09:38,902 INFO  client.GrpcClientProtocolClient (GrpcClientProtocolClient.java:onNext(255)) - client-83AFC0B42279->fd4515e9-84f2-4741-b1f5-a9247145a2ac: receive RaftClientReply:client-83AFC0B42279->fd4515e9-84f2-4741-b1f5-a9247145a2ac@group-E2152A48AE85, cid=2331, SUCCESS, logIndex=3431, commits[fd4515e9-84f2-4741-b1f5-a9247145a2ac:c3432, 2e3e112c-ad01-4834-a07e-d6d8a7947632:c3430, dfee02f7-0d20-4e08-8ecd-ebe087394a07:c3430]
2019-07-08 20:09:38,903 INFO  client.GrpcClientProtocolClient (GrpcClientProtocolClient.java:onNext(255)) - client-83AFC0B42279->fd4515e9-84f2-4741-b1f5-a9247145a2ac: receive RaftClientReply:client-83AFC0B42279->fd4515e9-84f2-4741-b1f5-a9247145a2ac@group-E2152A48AE85, cid=2332, SUCCESS, logIndex=3432, commits[fd4515e9-84f2-4741-b1f5-a9247145a2ac:c3432, 2e3e112c-ad01-4834-a07e-d6d8a7947632:c3430, dfee02f7-0d20-4e08-8ecd-ebe087394a07:c3430]
2019-07-08 20:09:38,915 INFO  client.GrpcClientProtocolClient (GrpcClientProtocolClient.java:onNext(255)) - client-83AFC0B42279->fd4515e9-84f2-4741-b1f5-a9247145a2ac: receive RaftClientReply:client-83AFC0B42279->fd4515e9-84f2-4741-b1f5-a9247145a2ac@group-E2152A48AE85, cid=2333, SUCCESS, logIndex=3433, commits[fd4515e9-84f2-4741-b1f5-a9247145a2ac:c3434, 2e3e112c-ad01-4834-a07e-d6d8a7947632:c3430, dfee02f7-0d20-4e08-8ecd-ebe087394a07:c3430]
2019-07-08 20:09:38,915 INFO  client.GrpcClientProtocolClient (GrpcClientProtocolClient.java:onNext(255)) - client-83AFC0B42279->fd4515e9-84f2-4741-b1f5-a9247145a2ac: receive RaftClientReply:client-83AFC0B42279->fd4515e9-84f2-4741-b1f5-a9247145a2ac@group-E2152A48AE85, cid=2334, SUCCESS, logIndex=3434, commits[fd4515e9-84f2-4741-b1f5-a9247145a2ac:c3434, 2e3e112c-ad01-4834-a07e-d6d8a7947632:c3430, dfee02f7-0d20-4e08-8ecd-ebe087394a07:c3430]
2019-07-08 20:09:38,928 INFO  client.GrpcClientProtocolClient (GrpcClientProtocolClient.java:onNext(255)) - client-83AFC0B42279->fd4515e9-84f2-4741-b1f5-a9247145a2ac: receive RaftClientReply:client-83AFC0B42279->fd4515e9-84f2-4741-b1f5-a9247145a2ac@group-E2152A48AE85, cid=2335, SUCCESS, logIndex=0, commits[fd4515e9-84f2-4741-b1f5-a9247145a2ac:c3435, 2e3e112c-ad01-4834-a07e-d6d8a7947632:c3432, dfee02f7-0d20-4e08-8ecd-ebe087394a07:c3432]
2019-07-08 20:09:38,944 INFO  client.GrpcClientProtocolClient (GrpcClientProtocolClient.java:onNext(255)) - client-83AFC0B42279->fd4515e9-84f2-4741-b1f5-a9247145a2ac: receive RaftClientReply:client-83AFC0B42279->fd4515e9-84f2-4741-b1f5-a9247145a2ac@group-E2152A48AE85, cid=2336, SUCCESS, logIndex=3439, commits[fd4515e9-84f2-4741-b1f5-a9247145a2ac:c3440, 2e3e112c-ad01-4834-a07e-d6d8a7947632:c3436, dfee02f7-0d20-4e08-8ecd-ebe087394a07:c3436]
2019-07-08 20:09:38,944 INFO  client.GrpcClientProtocolClient (GrpcClientProtocolClient.java:onNext(255)) - client-83AFC0B42279->fd4515e9-84f2-4741-b1f5-a9247145a2ac: receive RaftClientReply:client-83AFC0B42279->fd4515e9-84f2-4741-b1f5-a9247145a2ac@group-E2152A48AE85, cid=2337, SUCCESS, logIndex=3440, commits[fd4515e9-84f2-4741-b1f5-a9247145a2ac:c3440, 2e3e112c-ad01-4834-a07e-d6d8a7947632:c3436, dfee02f7-0d20-4e08-8ecd-ebe087394a07:c3436]
2019-07-08 20:09:38,957 INFO  client.GrpcClientProtocolClient (GrpcClientProtocolClient.java:onNext(255)) - client-83AFC0B42279->fd4515e9-84f2-4741-b1f5-a9247145a2ac: receive RaftClientReply:client-83AFC0B42279->fd4515e9-84f2-4741-b1f5-a9247145a2ac@group-E2152A48AE85, cid=2338, SUCCESS, logIndex=3443, commits[fd4515e9-84f2-4741-b1f5-a9247145a2ac:c3444, 2e3e112c-ad01-4834-a07e-d6d8a7947632:c3442, dfee02f7-0d20-4e08-8ecd-ebe087394a07:c3442]
2019-07-08 20:09:38,957 INFO  client.GrpcClientProtocolClient (GrpcClientProtocolClient.java:onNext(255)) - client-83AFC0B42279->fd4515e9-84f2-4741-b1f5-a9247145a2ac: receive RaftClientReply:client-83AFC0B42279->fd4515e9-84f2-4741-b1f5-a9247145a2ac@group-E2152A48AE85, cid=2339, SUCCESS, logIndex=3444, commits[fd4515e9-84f2-4741-b1f5-a9247145a2ac:c3444, 2e3e112c-ad01-4834-a07e-d6d8a7947632:c3442, dfee02f7-0d20-4e08-8ecd-ebe087394a07:c3442]
2019-07-08 20:09:38,962 INFO  client.GrpcClientProtocolClient (GrpcClientProtocolClient.java:onNext(255)) - client-83AFC0B42279->fd4515e9-84f2-4741-b1f5-a9247145a2ac: receive RaftClientReply:client-83AFC0B42279->fd4515e9-84f2-4741-b1f5-a9247145a2ac@group-E2152A48AE85, cid=2340, SUCCESS, logIndex=0, commits[fd4515e9-84f2-4741-b1f5-a9247145a2ac:c3445, 2e3e112c-ad01-4834-a07e-d6d8a7947632:c3444, dfee02f7-0d20-4e08-8ecd-ebe087394a07:c3444]
2019-07-08 20:09:39,008 INFO  client.GrpcClientProtocolClient (GrpcClientProtocolClient.java:onNext(255)) - client-83AFC0B42279->fd4515e9-84f2-4741-b1f5-a9247145a2ac: receive RaftClientReply:client-83AFC0B42279->fd4515e9-84f2-4741-b1f5-a9247145a2ac@group-E2152A48AE85, cid=2341, SUCCESS, logIndex=3447, commits[fd4515e9-84f2-4741-b1f5-a9247145a2ac:c3449, 2e3e112c-ad01-4834-a07e-d6d8a7947632:c3446, dfee02f7-0d20-4e08-8ecd-ebe087394a07:c3446]
2019-07-08 20:09:39,009 INFO  client.GrpcClientProtocolClient (GrpcClientProtocolClient.java:onNext(255)) - client-83AFC0B42279->fd4515e9-84f2-4741-b1f5-a9247145a2ac: receive RaftClientReply:client-83AFC0B42279->fd4515e9-84f2-4741-b1f5-a9247145a2ac@group-E2152A48AE85, cid=2342, SUCCESS, logIndex=3448, commits[fd4515e9-84f2-4741-b1f5-a9247145a2ac:c3450, 2e3e112c-ad01-4834-a07e-d6d8a7947632:c3446, dfee02f7-0d20-4e08-8ecd-ebe087394a07:c3446]
2019-07-08 20:09:39,009 INFO  client.GrpcClientProtocolClient (GrpcClientProtocolClient.java:onNext(255)) - client-83AFC0B42279->fd4515e9-84f2-4741-b1f5-a9247145a2ac: receive RaftClientReply:client-83AFC0B42279->fd4515e9-84f2-4741-b1f5-a9247145a2ac@group-E2152A48AE85, cid=2343, SUCCESS, logIndex=3449, commits[fd4515e9-84f2-4741-b1f5-a9247145a2ac:c3450, 2e3e112c-ad01-4834-a07e-d6d8a7947632:c3446, dfee02f7-0d20-4e08-8ecd-ebe087394a07:c3446]
2019-07-08 20:09:39,010 INFO  client.GrpcClientProtocolClient (GrpcClientProtocolClient.java:onNext(255)) - client-83AFC0B42279->fd4515e9-84f2-4741-b1f5-a9247145a2ac: receive RaftClientReply:client-83AFC0B42279->fd4515e9-84f2-4741-b1f5-a9247145a2ac@group-E2152A48AE85, cid=2344, SUCCESS, logIndex=3450, commits[fd4515e9-84f2-4741-b1f5-a9247145a2ac:c3450, 2e3e112c-ad01-4834-a07e-d6d8a7947632:c3446, dfee02f7-0d20-4e08-8ecd-ebe087394a07:c3446]
2019-07-08 20:09:39,020 INFO  client.GrpcClientProtocolClient (GrpcClientProtocolClient.java:onNext(255)) - client-83AFC0B42279->fd4515e9-84f2-4741-b1f5-a9247145a2ac: receive RaftClientReply:client-83AFC0B42279->fd4515e9-84f2-4741-b1f5-a9247145a2ac@group-E2152A48AE85, cid=2345, SUCCESS, logIndex=0, commits[fd4515e9-84f2-4741-b1f5-a9247145a2ac:c3454, 2e3e112c-ad01-4834-a07e-d6d8a7947632:c3450, dfee02f7-0d20-4e08-8ecd-ebe087394a07:c3448]
2019-07-08 20:09:39,042 INFO  client.GrpcClientProtocolClient (GrpcClientProtocolClient.java:onNext(255)) - client-83AFC0B42279->fd4515e9-84f2-4741-b1f5-a9247145a2ac: receive RaftClientReply:client-83AFC0B42279->fd4515e9-84f2-4741-b1f5-a9247145a2ac@group-E2152A48AE85, cid=2346, SUCCESS, logIndex=3455, commits[fd4515e9-84f2-4741-b1f5-a9247145a2ac:c3456, 2e3e112c-ad01-4834-a07e-d6d8a7947632:c3454, dfee02f7-0d20-4e08-8ecd-ebe087394a07:c3454]
2019-07-08 20:09:39,042 INFO  client.GrpcClientProtocolClient (GrpcClientProtocolClient.java:onNext(255)) - client-83AFC0B42279->fd4515e9-84f2-4741-b1f5-a9247145a2ac: receive RaftClientReply:client-83AFC0B42279->fd4515e9-84f2-4741-b1f5-a9247145a2ac@group-E2152A48AE85, cid=2347, SUCCESS, logIndex=3456, commits[fd4515e9-84f2-4741-b1f5-a9247145a2ac:c3456, 2e3e112c-ad01-4834-a07e-d6d8a7947632:c3454, dfee02f7-0d20-4e08-8ecd-ebe087394a07:c3454]
2019-07-08 20:09:39,056 INFO  client.GrpcClientProtocolClient (GrpcClientProtocolClient.java:onNext(255)) - client-83AFC0B42279->fd4515e9-84f2-4741-b1f5-a9247145a2ac: receive RaftClientReply:client-83AFC0B42279->fd4515e9-84f2-4741-b1f5-a9247145a2ac@group-E2152A48AE85, cid=2348, SUCCESS, logIndex=3459, commits[fd4515e9-84f2-4741-b1f5-a9247145a2ac:c3460, 2e3e112c-ad01-4834-a07e-d6d8a7947632:c3456, dfee02f7-0d20-4e08-8ecd-ebe087394a07:c3456]
2019-07-08 20:09:39,057 INFO  client.GrpcClientProtocolClient (GrpcClientProtocolClient.java:onNext(255)) - client-83AFC0B42279->fd4515e9-84f2-4741-b1f5-a9247145a2ac: receive RaftClientReply:client-83AFC0B42279->fd4515e9-84f2-4741-b1f5-a9247145a2ac@group-E2152A48AE85, cid=2349, SUCCESS, logIndex=3460, commits[fd4515e9-84f2-4741-b1f5-a9247145a2ac:c3460, 2e3e112c-ad01-4834-a07e-d6d8a7947632:c3456, dfee02f7-0d20-4e08-8ecd-ebe087394a07:c3456]
2019-07-08 20:09:39,069 INFO  client.GrpcClientProtocolClient (GrpcClientProtocolClient.java:onNext(255)) - client-83AFC0B42279->fd4515e9-84f2-4741-b1f5-a9247145a2ac: receive RaftClientReply:client-83AFC0B42279->fd4515e9-84f2-4741-b1f5-a9247145a2ac@group-E2152A48AE85, cid=2350, SUCCESS, logIndex=0, commits[fd4515e9-84f2-4741-b1f5-a9247145a2ac:c3461, 2e3e112c-ad01-4834-a07e-d6d8a7947632:c3460, dfee02f7-0d20-4e08-8ecd-ebe087394a07:c3460]
2019-07-08 20:09:39,099 INFO  client.GrpcClientProtocolClient (GrpcClientProtocolClient.java:onNext(255)) - client-83AFC0B42279->fd4515e9-84f2-4741-b1f5-a9247145a2ac: receive RaftClientReply:client-83AFC0B42279->fd4515e9-84f2-4741-b1f5-a9247145a2ac@group-E2152A48AE85, cid=2351, SUCCESS, logIndex=3463, commits[fd4515e9-84f2-4741-b1f5-a9247145a2ac:c3464, 2e3e112c-ad01-4834-a07e-d6d8a7947632:c3462, dfee02f7-0d20-4e08-8ecd-ebe087394a07:c3462]
2019-07-08 20:09:39,099 INFO  client.GrpcClientProtocolClient (GrpcClientProtocolClient.java:onNext(255)) - client-83AFC0B42279->fd4515e9-84f2-4741-b1f5-a9247145a2ac: receive RaftClientReply:client-83AFC0B42279->fd4515e9-84f2-4741-b1f5-a9247145a2ac@group-E2152A48AE85, cid=2352, SUCCESS, logIndex=3464, commits[fd4515e9-84f2-4741-b1f5-a9247145a2ac:c3464, 2e3e112c-ad01-4834-a07e-d6d8a7947632:c3462, dfee02f7-0d20-4e08-8ecd-ebe087394a07:c3462]
2019-07-08 20:09:39,101 INFO  client.GrpcClientProtocolClient (GrpcClientProtocolClient.java:onNext(255)) - client-83AFC0B42279->fd4515e9-84f2-4741-b1f5-a9247145a2ac: receive RaftClientReply:client-83AFC0B42279->fd4515e9-84f2-4741-b1f5-a9247145a2ac@group-E2152A48AE85, cid=2353, SUCCESS, logIndex=3465, commits[fd4515e9-84f2-4741-b1f5-a9247145a2ac:c3466, 2e3e112c-ad01-4834-a07e-d6d8a7947632:c3462, dfee02f7-0d20-4e08-8ecd-ebe087394a07:c3462]
2019-07-08 20:09:39,101 INFO  client.GrpcClientProtocolClient (GrpcClientProtocolClient.java:onNext(255)) - client-83AFC0B42279->fd4515e9-84f2-4741-b1f5-a9247145a2ac: receive RaftClientReply:client-83AFC0B42279->fd4515e9-84f2-4741-b1f5-a9247145a2ac@group-E2152A48AE85, cid=2354, SUCCESS, logIndex=3466, commits[fd4515e9-84f2-4741-b1f5-a9247145a2ac:c3466, 2e3e112c-ad01-4834-a07e-d6d8a7947632:c3462, dfee02f7-0d20-4e08-8ecd-ebe087394a07:c3462]
 0.00% |█                                                                                                    |  0/1 Time: 0:00:182019-07-08 20:09:39,125 INFO  client.GrpcClientProtocolClient (GrpcClientProtocolClient.java:onNext(255)) - client-83AFC0B42279->fd4515e9-84f2-4741-b1f5-a9247145a2ac: receive RaftClientReply:client-83AFC0B42279->fd4515e9-84f2-4741-b1f5-a9247145a2ac@group-E2152A48AE85, cid=2355, SUCCESS, logIndex=0, commits[fd4515e9-84f2-4741-b1f5-a9247145a2ac:c3467, 2e3e112c-ad01-4834-a07e-d6d8a7947632:c3464, dfee02f7-0d20-4e08-8ecd-ebe087394a07:c3464]
2019-07-08 20:09:39,146 INFO  client.GrpcClientProtocolClient (GrpcClientProtocolClient.java:onNext(255)) - client-83AFC0B42279->fd4515e9-84f2-4741-b1f5-a9247145a2ac: receive RaftClientReply:client-83AFC0B42279->fd4515e9-84f2-4741-b1f5-a9247145a2ac@group-E2152A48AE85, cid=2356, SUCCESS, logIndex=3471, commits[fd4515e9-84f2-4741-b1f5-a9247145a2ac:c3471, 2e3e112c-ad01-4834-a07e-d6d8a7947632:c3470, dfee02f7-0d20-4e08-8ecd-ebe087394a07:c3470]
2019-07-08 20:09:39,146 INFO  client.GrpcClientProtocolClient (GrpcClientProtocolClient.java:onNext(255)) - client-83AFC0B42279->fd4515e9-84f2-4741-b1f5-a9247145a2ac: receive RaftClientReply:client-83AFC0B42279->fd4515e9-84f2-4741-b1f5-a9247145a2ac@group-E2152A48AE85, cid=2357, SUCCESS, logIndex=3472, commits[fd4515e9-84f2-4741-b1f5-a9247145a2ac:c3472, 2e3e112c-ad01-4834-a07e-d6d8a7947632:c3470, dfee02f7-0d20-4e08-8ecd-ebe087394a07:c3470]
2019-07-08 20:09:39,173 INFO  client.GrpcClientProtocolClient (GrpcClientProtocolClient.java:onNext(255)) - client-83AFC0B42279->fd4515e9-84f2-4741-b1f5-a9247145a2ac: receive RaftClientReply:client-83AFC0B42279->fd4515e9-84f2-4741-b1f5-a9247145a2ac@group-E2152A48AE85, cid=2358, SUCCESS, logIndex=3475, commits[fd4515e9-84f2-4741-b1f5-a9247145a2ac:c3476, 2e3e112c-ad01-4834-a07e-d6d8a7947632:c3472, dfee02f7-0d20-4e08-8ecd-ebe087394a07:c3472]
2019-07-08 20:09:39,173 INFO  client.GrpcClientProtocolClient (GrpcClientProtocolClient.java:onNext(255)) - client-83AFC0B42279->fd4515e9-84f2-4741-b1f5-a9247145a2ac: receive RaftClientReply:client-83AFC0B42279->fd4515e9-84f2-4741-b1f5-a9247145a2ac@group-E2152A48AE85, cid=2359, SUCCESS, logIndex=3476, commits[fd4515e9-84f2-4741-b1f5-a9247145a2ac:c3476, 2e3e112c-ad01-4834-a07e-d6d8a7947632:c3472, dfee02f7-0d20-4e08-8ecd-ebe087394a07:c3472]
2019-07-08 20:09:39,186 INFO  client.GrpcClientProtocolClient (GrpcClientProtocolClient.java:onNext(255)) - client-83AFC0B42279->fd4515e9-84f2-4741-b1f5-a9247145a2ac: receive RaftClientReply:client-83AFC0B42279->fd4515e9-84f2-4741-b1f5-a9247145a2ac@group-E2152A48AE85, cid=2360, SUCCESS, logIndex=0, commits[fd4515e9-84f2-4741-b1f5-a9247145a2ac:c3477, 2e3e112c-ad01-4834-a07e-d6d8a7947632:c3476, dfee02f7-0d20-4e08-8ecd-ebe087394a07:c3476]
2019-07-08 20:09:39,218 INFO  client.GrpcClientProtocolClient (GrpcClientProtocolClient.java:onNext(255)) - client-83AFC0B42279->fd4515e9-84f2-4741-b1f5-a9247145a2ac: receive RaftClientReply:client-83AFC0B42279->fd4515e9-84f2-4741-b1f5-a9247145a2ac@group-E2152A48AE85, cid=2361, SUCCESS, logIndex=3479, commits[fd4515e9-84f2-4741-b1f5-a9247145a2ac:c3480, 2e3e112c-ad01-4834-a07e-d6d8a7947632:c3478, dfee02f7-0d20-4e08-8ecd-ebe087394a07:c3478]
2019-07-08 20:09:39,218 INFO  client.GrpcClientProtocolClient (GrpcClientProtocolClient.java:onNext(255)) - client-83AFC0B42279->fd4515e9-84f2-4741-b1f5-a9247145a2ac: receive RaftClientReply:client-83AFC0B42279->fd4515e9-84f2-4741-b1f5-a9247145a2ac@group-E2152A48AE85, cid=2362, SUCCESS, logIndex=3480, commits[fd4515e9-84f2-4741-b1f5-a9247145a2ac:c3482, 2e3e112c-ad01-4834-a07e-d6d8a7947632:c3478, dfee02f7-0d20-4e08-8ecd-ebe087394a07:c3478]
2019-07-08 20:09:39,219 INFO  client.GrpcClientProtocolClient (GrpcClientProtocolClient.java:onNext(255)) - client-83AFC0B42279->fd4515e9-84f2-4741-b1f5-a9247145a2ac: receive RaftClientReply:client-83AFC0B42279->fd4515e9-84f2-4741-b1f5-a9247145a2ac@group-E2152A48AE85, cid=2363, SUCCESS, logIndex=3481, commits[fd4515e9-84f2-4741-b1f5-a9247145a2ac:c3482, 2e3e112c-ad01-4834-a07e-d6d8a7947632:c3478, dfee02f7-0d20-4e08-8ecd-ebe087394a07:c3478]
2019-07-08 20:09:39,219 INFO  client.GrpcClientProtocolClient (GrpcClientProtocolClient.java:onNext(255)) - client-83AFC0B42279->fd4515e9-84f2-4741-b1f5-a9247145a2ac: receive RaftClientReply:client-83AFC0B42279->fd4515e9-84f2-4741-b1f5-a9247145a2ac@group-E2152A48AE85, cid=2364, SUCCESS, logIndex=3482, commits[fd4515e9-84f2-4741-b1f5-a9247145a2ac:c3482, 2e3e112c-ad01-4834-a07e-d6d8a7947632:c3478, dfee02f7-0d20-4e08-8ecd-ebe087394a07:c3478]
2019-07-08 20:09:39,223 INFO  client.GrpcClientProtocolClient (GrpcClientProtocolClient.java:onNext(255)) - client-83AFC0B42279->fd4515e9-84f2-4741-b1f5-a9247145a2ac: receive RaftClientReply:client-83AFC0B42279->fd4515e9-84f2-4741-b1f5-a9247145a2ac@group-E2152A48AE85, cid=2365, SUCCESS, logIndex=0, commits[fd4515e9-84f2-4741-b1f5-a9247145a2ac:c3486, 2e3e112c-ad01-4834-a07e-d6d8a7947632:c3480, dfee02f7-0d20-4e08-8ecd-ebe087394a07:c3482]
2019-07-08 20:09:39,254 INFO  client.GrpcClientProtocolClient (GrpcClientProtocolClient.java:onNext(255)) - client-83AFC0B42279->fd4515e9-84f2-4741-b1f5-a9247145a2ac: receive RaftClientReply:client-83AFC0B42279->fd4515e9-84f2-4741-b1f5-a9247145a2ac@group-E2152A48AE85, cid=2366, SUCCESS, logIndex=3487, commits[fd4515e9-84f2-4741-b1f5-a9247145a2ac:c3488, 2e3e112c-ad01-4834-a07e-d6d8a7947632:c3486, dfee02f7-0d20-4e08-8ecd-ebe087394a07:c3486]
2019-07-08 20:09:39,254 INFO  client.GrpcClientProtocolClient (GrpcClientProtocolClient.java:onNext(255)) - client-83AFC0B42279->fd4515e9-84f2-4741-b1f5-a9247145a2ac: receive RaftClientReply:client-83AFC0B42279->fd4515e9-84f2-4741-b1f5-a9247145a2ac@group-E2152A48AE85, cid=2367, SUCCESS, logIndex=3488, commits[fd4515e9-84f2-4741-b1f5-a9247145a2ac:c3488, 2e3e112c-ad01-4834-a07e-d6d8a7947632:c3486, dfee02f7-0d20-4e08-8ecd-ebe087394a07:c3486]
2019-07-08 20:09:39,277 INFO  client.GrpcClientProtocolClient (GrpcClientProtocolClient.java:onNext(255)) - client-83AFC0B42279->fd4515e9-84f2-4741-b1f5-a9247145a2ac: receive RaftClientReply:client-83AFC0B42279->fd4515e9-84f2-4741-b1f5-a9247145a2ac@group-E2152A48AE85, cid=2368, SUCCESS, logIndex=3491, commits[fd4515e9-84f2-4741-b1f5-a9247145a2ac:c3492, 2e3e112c-ad01-4834-a07e-d6d8a7947632:c3488, dfee02f7-0d20-4e08-8ecd-ebe087394a07:c3488]
2019-07-08 20:09:39,277 INFO  client.GrpcClientProtocolClient (GrpcClientProtocolClient.java:onNext(255)) - client-83AFC0B42279->fd4515e9-84f2-4741-b1f5-a9247145a2ac: receive RaftClientReply:client-83AFC0B42279->fd4515e9-84f2-4741-b1f5-a9247145a2ac@group-E2152A48AE85, cid=2369, SUCCESS, logIndex=3492, commits[fd4515e9-84f2-4741-b1f5-a9247145a2ac:c3492, 2e3e112c-ad01-4834-a07e-d6d8a7947632:c3488, dfee02f7-0d20-4e08-8ecd-ebe087394a07:c3488]
2019-07-08 20:09:39,289 INFO  client.GrpcClientProtocolClient (GrpcClientProtocolClient.java:onNext(255)) - client-83AFC0B42279->fd4515e9-84f2-4741-b1f5-a9247145a2ac: receive RaftClientReply:client-83AFC0B42279->fd4515e9-84f2-4741-b1f5-a9247145a2ac@group-E2152A48AE85, cid=2370, SUCCESS, logIndex=0, commits[fd4515e9-84f2-4741-b1f5-a9247145a2ac:c3493, 2e3e112c-ad01-4834-a07e-d6d8a7947632:c3492, dfee02f7-0d20-4e08-8ecd-ebe087394a07:c3492]
2019-07-08 20:09:39,431 INFO  client.GrpcClientProtocolClient (GrpcClientProtocolClient.java:onNext(255)) - client-83AFC0B42279->fd4515e9-84f2-4741-b1f5-a9247145a2ac: receive RaftClientReply:client-83AFC0B42279->fd4515e9-84f2-4741-b1f5-a9247145a2ac@group-E2152A48AE85, cid=2371, SUCCESS, logIndex=3495, commits[fd4515e9-84f2-4741-b1f5-a9247145a2ac:c3496, 2e3e112c-ad01-4834-a07e-d6d8a7947632:c3494, dfee02f7-0d20-4e08-8ecd-ebe087394a07:c3494]
2019-07-08 20:09:39,432 INFO  client.GrpcClientProtocolClient (GrpcClientProtocolClient.java:onNext(255)) - client-83AFC0B42279->fd4515e9-84f2-4741-b1f5-a9247145a2ac: receive RaftClientReply:client-83AFC0B42279->fd4515e9-84f2-4741-b1f5-a9247145a2ac@group-E2152A48AE85, cid=2372, SUCCESS, logIndex=3496, commits[fd4515e9-84f2-4741-b1f5-a9247145a2ac:c3496, 2e3e112c-ad01-4834-a07e-d6d8a7947632:c3494, dfee02f7-0d20-4e08-8ecd-ebe087394a07:c3494]
2019-07-08 20:09:39,442 INFO  client.GrpcClientProtocolClient (GrpcClientProtocolClient.java:onNext(255)) - client-83AFC0B42279->fd4515e9-84f2-4741-b1f5-a9247145a2ac: receive RaftClientReply:client-83AFC0B42279->fd4515e9-84f2-4741-b1f5-a9247145a2ac@group-E2152A48AE85, cid=2373, SUCCESS, logIndex=3497, commits[fd4515e9-84f2-4741-b1f5-a9247145a2ac:c3498, 2e3e112c-ad01-4834-a07e-d6d8a7947632:c3494, dfee02f7-0d20-4e08-8ecd-ebe087394a07:c3494]
2019-07-08 20:09:39,442 INFO  client.GrpcClientProtocolClient (GrpcClientProtocolClient.java:onNext(255)) - client-83AFC0B42279->fd4515e9-84f2-4741-b1f5-a9247145a2ac: receive RaftClientReply:client-83AFC0B42279->fd4515e9-84f2-4741-b1f5-a9247145a2ac@group-E2152A48AE85, cid=2374, SUCCESS, logIndex=3498, commits[fd4515e9-84f2-4741-b1f5-a9247145a2ac:c3498, 2e3e112c-ad01-4834-a07e-d6d8a7947632:c3494, dfee02f7-0d20-4e08-8ecd-ebe087394a07:c3494]
2019-07-08 20:09:39,457 INFO  client.GrpcClientProtocolClient (GrpcClientProtocolClient.java:onNext(255)) - client-83AFC0B42279->fd4515e9-84f2-4741-b1f5-a9247145a2ac: receive RaftClientReply:client-83AFC0B42279->fd4515e9-84f2-4741-b1f5-a9247145a2ac@group-E2152A48AE85, cid=2375, SUCCESS, logIndex=0, commits[fd4515e9-84f2-4741-b1f5-a9247145a2ac:c3500, 2e3e112c-ad01-4834-a07e-d6d8a7947632:c3496, dfee02f7-0d20-4e08-8ecd-ebe087394a07:c3496]
2019-07-08 20:09:39,480 INFO  client.GrpcClientProtocolClient (GrpcClientProtocolClient.java:onNext(255)) - client-83AFC0B42279->fd4515e9-84f2-4741-b1f5-a9247145a2ac: receive RaftClientReply:client-83AFC0B42279->fd4515e9-84f2-4741-b1f5-a9247145a2ac@group-E2152A48AE85, cid=2376, SUCCESS, logIndex=3503, commits[fd4515e9-84f2-4741-b1f5-a9247145a2ac:c3504, 2e3e112c-ad01-4834-a07e-d6d8a7947632:c3502, dfee02f7-0d20-4e08-8ecd-ebe087394a07:c3502]
2019-07-08 20:09:39,481 INFO  client.GrpcClientProtocolClient (GrpcClientProtocolClient.java:onNext(255)) - client-83AFC0B42279->fd4515e9-84f2-4741-b1f5-a9247145a2ac: receive RaftClientReply:client-83AFC0B42279->fd4515e9-84f2-4741-b1f5-a9247145a2ac@group-E2152A48AE85, cid=2377, SUCCESS, logIndex=3504, commits[fd4515e9-84f2-4741-b1f5-a9247145a2ac:c3504, 2e3e112c-ad01-4834-a07e-d6d8a7947632:c3502, dfee02f7-0d20-4e08-8ecd-ebe087394a07:c3502]
2019-07-08 20:09:39,515 INFO  client.GrpcClientProtocolClient (GrpcClientProtocolClient.java:onNext(255)) - client-83AFC0B42279->fd4515e9-84f2-4741-b1f5-a9247145a2ac: receive RaftClientReply:client-83AFC0B42279->fd4515e9-84f2-4741-b1f5-a9247145a2ac@group-E2152A48AE85, cid=2378, SUCCESS, logIndex=3507, commits[fd4515e9-84f2-4741-b1f5-a9247145a2ac:c3508, 2e3e112c-ad01-4834-a07e-d6d8a7947632:c3504, dfee02f7-0d20-4e08-8ecd-ebe087394a07:c3504]
2019-07-08 20:09:39,516 INFO  client.GrpcClientProtocolClient (GrpcClientProtocolClient.java:onNext(255)) - client-83AFC0B42279->fd4515e9-84f2-4741-b1f5-a9247145a2ac: receive RaftClientReply:client-83AFC0B42279->fd4515e9-84f2-4741-b1f5-a9247145a2ac@group-E2152A48AE85, cid=2379, SUCCESS, logIndex=3508, commits[fd4515e9-84f2-4741-b1f5-a9247145a2ac:c3508, 2e3e112c-ad01-4834-a07e-d6d8a7947632:c3504, dfee02f7-0d20-4e08-8ecd-ebe087394a07:c3504]
2019-07-08 20:09:39,528 INFO  client.GrpcClientProtocolClient (GrpcClientProtocolClient.java:onNext(255)) - client-83AFC0B42279->fd4515e9-84f2-4741-b1f5-a9247145a2ac: receive RaftClientReply:client-83AFC0B42279->fd4515e9-84f2-4741-b1f5-a9247145a2ac@group-E2152A48AE85, cid=2380, SUCCESS, logIndex=0, commits[fd4515e9-84f2-4741-b1f5-a9247145a2ac:c3509, 2e3e112c-ad01-4834-a07e-d6d8a7947632:c3508, dfee02f7-0d20-4e08-8ecd-ebe087394a07:c3508]
2019-07-08 20:09:39,590 INFO  client.GrpcClientProtocolClient (GrpcClientProtocolClient.java:onNext(255)) - client-83AFC0B42279->fd4515e9-84f2-4741-b1f5-a9247145a2ac: receive RaftClientReply:client-83AFC0B42279->fd4515e9-84f2-4741-b1f5-a9247145a2ac@group-E2152A48AE85, cid=2381, SUCCESS, logIndex=3511, commits[fd4515e9-84f2-4741-b1f5-a9247145a2ac:c3512, 2e3e112c-ad01-4834-a07e-d6d8a7947632:c3510, dfee02f7-0d20-4e08-8ecd-ebe087394a07:c3508]
2019-07-08 20:09:39,591 INFO  client.GrpcClientProtocolClient (GrpcClientProtocolClient.java:onNext(255)) - client-83AFC0B42279->fd4515e9-84f2-4741-b1f5-a9247145a2ac: receive RaftClientReply:client-83AFC0B42279->fd4515e9-84f2-4741-b1f5-a9247145a2ac@group-E2152A48AE85, cid=2382, SUCCESS, logIndex=3512, commits[fd4515e9-84f2-4741-b1f5-a9247145a2ac:c3512, 2e3e112c-ad01-4834-a07e-d6d8a7947632:c3510, dfee02f7-0d20-4e08-8ecd-ebe087394a07:c3510]
2019-07-08 20:09:39,601 INFO  client.GrpcClientProtocolClient (GrpcClientProtocolClient.java:onNext(255)) - client-83AFC0B42279->fd4515e9-84f2-4741-b1f5-a9247145a2ac: receive RaftClientReply:client-83AFC0B42279->fd4515e9-84f2-4741-b1f5-a9247145a2ac@group-E2152A48AE85, cid=2383, SUCCESS, logIndex=3513, commits[fd4515e9-84f2-4741-b1f5-a9247145a2ac:c3514, 2e3e112c-ad01-4834-a07e-d6d8a7947632:c3510, dfee02f7-0d20-4e08-8ecd-ebe087394a07:c3510]
2019-07-08 20:09:39,602 INFO  client.GrpcClientProtocolClient (GrpcClientProtocolClient.java:onNext(255)) - client-83AFC0B42279->fd4515e9-84f2-4741-b1f5-a9247145a2ac: receive RaftClientReply:client-83AFC0B42279->fd4515e9-84f2-4741-b1f5-a9247145a2ac@group-E2152A48AE85, cid=2384, SUCCESS, logIndex=3514, commits[fd4515e9-84f2-4741-b1f5-a9247145a2ac:c3515, 2e3e112c-ad01-4834-a07e-d6d8a7947632:c3512, dfee02f7-0d20-4e08-8ecd-ebe087394a07:c3510]
2019-07-08 20:09:39,605 INFO  client.GrpcClientProtocolClient (GrpcClientProtocolClient.java:onNext(255)) - client-83AFC0B42279->fd4515e9-84f2-4741-b1f5-a9247145a2ac: receive RaftClientReply:client-83AFC0B42279->fd4515e9-84f2-4741-b1f5-a9247145a2ac@group-E2152A48AE85, cid=2385, SUCCESS, logIndex=0, commits[fd4515e9-84f2-4741-b1f5-a9247145a2ac:c3516, 2e3e112c-ad01-4834-a07e-d6d8a7947632:c3514, dfee02f7-0d20-4e08-8ecd-ebe087394a07:c3512]
2019-07-08 20:09:39,626 INFO  client.GrpcClientProtocolClient (GrpcClientProtocolClient.java:onNext(255)) - client-83AFC0B42279->fd4515e9-84f2-4741-b1f5-a9247145a2ac: receive RaftClientReply:client-83AFC0B42279->fd4515e9-84f2-4741-b1f5-a9247145a2ac@group-E2152A48AE85, cid=2386, SUCCESS, logIndex=3517, commits[fd4515e9-84f2-4741-b1f5-a9247145a2ac:c3518, 2e3e112c-ad01-4834-a07e-d6d8a7947632:c3516, dfee02f7-0d20-4e08-8ecd-ebe087394a07:c3516]
2019-07-08 20:09:39,627 INFO  client.GrpcClientProtocolClient (GrpcClientProtocolClient.java:onNext(255)) - client-83AFC0B42279->fd4515e9-84f2-4741-b1f5-a9247145a2ac: receive RaftClientReply:client-83AFC0B42279->fd4515e9-84f2-4741-b1f5-a9247145a2ac@group-E2152A48AE85, cid=2387, SUCCESS, logIndex=3518, commits[fd4515e9-84f2-4741-b1f5-a9247145a2ac:c3518, 2e3e112c-ad01-4834-a07e-d6d8a7947632:c3516, dfee02f7-0d20-4e08-8ecd-ebe087394a07:c3516]
2019-07-08 20:09:39,665 INFO  client.GrpcClientProtocolClient (GrpcClientProtocolClient.java:onNext(255)) - client-83AFC0B42279->fd4515e9-84f2-4741-b1f5-a9247145a2ac: receive RaftClientReply:client-83AFC0B42279->fd4515e9-84f2-4741-b1f5-a9247145a2ac@group-E2152A48AE85, cid=2388, SUCCESS, logIndex=3521, commits[fd4515e9-84f2-4741-b1f5-a9247145a2ac:c3521, 2e3e112c-ad01-4834-a07e-d6d8a7947632:c3518, dfee02f7-0d20-4e08-8ecd-ebe087394a07:c3517]
2019-07-08 20:09:39,666 INFO  client.GrpcClientProtocolClient (GrpcClientProtocolClient.java:onNext(255)) - client-83AFC0B42279->fd4515e9-84f2-4741-b1f5-a9247145a2ac: receive RaftClientReply:client-83AFC0B42279->fd4515e9-84f2-4741-b1f5-a9247145a2ac@group-E2152A48AE85, cid=2389, SUCCESS, logIndex=3522, commits[fd4515e9-84f2-4741-b1f5-a9247145a2ac:c3522, 2e3e112c-ad01-4834-a07e-d6d8a7947632:c3518, dfee02f7-0d20-4e08-8ecd-ebe087394a07:c3518]
2019-07-08 20:09:39,669 INFO  client.GrpcClientProtocolClient (GrpcClientProtocolClient.java:onNext(255)) - client-83AFC0B42279->fd4515e9-84f2-4741-b1f5-a9247145a2ac: receive RaftClientReply:client-83AFC0B42279->fd4515e9-84f2-4741-b1f5-a9247145a2ac@group-E2152A48AE85, cid=2390, SUCCESS, logIndex=0, commits[fd4515e9-84f2-4741-b1f5-a9247145a2ac:c3523, 2e3e112c-ad01-4834-a07e-d6d8a7947632:c3522, dfee02f7-0d20-4e08-8ecd-ebe087394a07:c3522]
2019-07-08 20:09:39,703 INFO  client.GrpcClientProtocolClient (GrpcClientProtocolClient.java:onNext(255)) - client-83AFC0B42279->fd4515e9-84f2-4741-b1f5-a9247145a2ac: receive RaftClientReply:client-83AFC0B42279->fd4515e9-84f2-4741-b1f5-a9247145a2ac@group-E2152A48AE85, cid=2391, SUCCESS, logIndex=3525, commits[fd4515e9-84f2-4741-b1f5-a9247145a2ac:c3527, 2e3e112c-ad01-4834-a07e-d6d8a7947632:c3524, dfee02f7-0d20-4e08-8ecd-ebe087394a07:c3524]
2019-07-08 20:09:39,704 INFO  client.GrpcClientProtocolClient (GrpcClientProtocolClient.java:onNext(255)) - client-83AFC0B42279->fd4515e9-84f2-4741-b1f5-a9247145a2ac: receive RaftClientReply:client-83AFC0B42279->fd4515e9-84f2-4741-b1f5-a9247145a2ac@group-E2152A48AE85, cid=2392, SUCCESS, logIndex=3526, commits[fd4515e9-84f2-4741-b1f5-a9247145a2ac:c3528, 2e3e112c-ad01-4834-a07e-d6d8a7947632:c3524, dfee02f7-0d20-4e08-8ecd-ebe087394a07:c3524]
2019-07-08 20:09:39,704 INFO  client.GrpcClientProtocolClient (GrpcClientProtocolClient.java:onNext(255)) - client-83AFC0B42279->fd4515e9-84f2-4741-b1f5-a9247145a2ac: receive RaftClientReply:client-83AFC0B42279->fd4515e9-84f2-4741-b1f5-a9247145a2ac@group-E2152A48AE85, cid=2393, SUCCESS, logIndex=3527, commits[fd4515e9-84f2-4741-b1f5-a9247145a2ac:c3528, 2e3e112c-ad01-4834-a07e-d6d8a7947632:c3524, dfee02f7-0d20-4e08-8ecd-ebe087394a07:c3524]
2019-07-08 20:09:39,705 INFO  client.GrpcClientProtocolClient (GrpcClientProtocolClient.java:onNext(255)) - client-83AFC0B42279->fd4515e9-84f2-4741-b1f5-a9247145a2ac: receive RaftClientReply:client-83AFC0B42279->fd4515e9-84f2-4741-b1f5-a9247145a2ac@group-E2152A48AE85, cid=2394, SUCCESS, logIndex=3528, commits[fd4515e9-84f2-4741-b1f5-a9247145a2ac:c3528, 2e3e112c-ad01-4834-a07e-d6d8a7947632:c3524, dfee02f7-0d20-4e08-8ecd-ebe087394a07:c3524]
2019-07-08 20:09:39,719 INFO  client.GrpcClientProtocolClient (GrpcClientProtocolClient.java:onNext(255)) - client-83AFC0B42279->fd4515e9-84f2-4741-b1f5-a9247145a2ac: receive RaftClientReply:client-83AFC0B42279->fd4515e9-84f2-4741-b1f5-a9247145a2ac@group-E2152A48AE85, cid=2395, SUCCESS, logIndex=0, commits[fd4515e9-84f2-4741-b1f5-a9247145a2ac:c3530, 2e3e112c-ad01-4834-a07e-d6d8a7947632:c3526, dfee02f7-0d20-4e08-8ecd-ebe087394a07:c3526]
2019-07-08 20:09:39,740 INFO  client.GrpcClientProtocolClient (GrpcClientProtocolClient.java:onNext(255)) - client-83AFC0B42279->fd4515e9-84f2-4741-b1f5-a9247145a2ac: receive RaftClientReply:client-83AFC0B42279->fd4515e9-84f2-4741-b1f5-a9247145a2ac@group-E2152A48AE85, cid=2396, SUCCESS, logIndex=3533, commits[fd4515e9-84f2-4741-b1f5-a9247145a2ac:c3534, 2e3e112c-ad01-4834-a07e-d6d8a7947632:c3532, dfee02f7-0d20-4e08-8ecd-ebe087394a07:c3532]
2019-07-08 20:09:39,740 INFO  client.GrpcClientProtocolClient (GrpcClientProtocolClient.java:onNext(255)) - client-83AFC0B42279->fd4515e9-84f2-4741-b1f5-a9247145a2ac: receive RaftClientReply:client-83AFC0B42279->fd4515e9-84f2-4741-b1f5-a9247145a2ac@group-E2152A48AE85, cid=2397, SUCCESS, logIndex=3534, commits[fd4515e9-84f2-4741-b1f5-a9247145a2ac:c3534, 2e3e112c-ad01-4834-a07e-d6d8a7947632:c3532, dfee02f7-0d20-4e08-8ecd-ebe087394a07:c3532]
2019-07-08 20:09:39,754 INFO  client.GrpcClientProtocolClient (GrpcClientProtocolClient.java:onNext(255)) - client-83AFC0B42279->fd4515e9-84f2-4741-b1f5-a9247145a2ac: receive RaftClientReply:client-83AFC0B42279->fd4515e9-84f2-4741-b1f5-a9247145a2ac@group-E2152A48AE85, cid=2398, SUCCESS, logIndex=3537, commits[fd4515e9-84f2-4741-b1f5-a9247145a2ac:c3538, 2e3e112c-ad01-4834-a07e-d6d8a7947632:c3534, dfee02f7-0d20-4e08-8ecd-ebe087394a07:c3534]
2019-07-08 20:09:39,755 INFO  client.GrpcClientProtocolClient (GrpcClientProtocolClient.java:onNext(255)) - client-83AFC0B42279->fd4515e9-84f2-4741-b1f5-a9247145a2ac: receive RaftClientReply:client-83AFC0B42279->fd4515e9-84f2-4741-b1f5-a9247145a2ac@group-E2152A48AE85, cid=2399, SUCCESS, logIndex=3538, commits[fd4515e9-84f2-4741-b1f5-a9247145a2ac:c3538, 2e3e112c-ad01-4834-a07e-d6d8a7947632:c3534, dfee02f7-0d20-4e08-8ecd-ebe087394a07:c3534]
2019-07-08 20:09:39,778 INFO  client.GrpcClientProtocolClient (GrpcClientProtocolClient.java:onNext(255)) - client-83AFC0B42279->fd4515e9-84f2-4741-b1f5-a9247145a2ac: receive RaftClientReply:client-83AFC0B42279->fd4515e9-84f2-4741-b1f5-a9247145a2ac@group-E2152A48AE85, cid=2400, SUCCESS, logIndex=0, commits[fd4515e9-84f2-4741-b1f5-a9247145a2ac:c3540, 2e3e112c-ad01-4834-a07e-d6d8a7947632:c3538, dfee02f7-0d20-4e08-8ecd-ebe087394a07:c3538]
2019-07-08 20:09:39,812 INFO  client.GrpcClientProtocolClient (GrpcClientProtocolClient.java:onNext(255)) - client-83AFC0B42279->fd4515e9-84f2-4741-b1f5-a9247145a2ac: receive RaftClientReply:client-83AFC0B42279->fd4515e9-84f2-4741-b1f5-a9247145a2ac@group-E2152A48AE85, cid=2401, SUCCESS, logIndex=3541, commits[fd4515e9-84f2-4741-b1f5-a9247145a2ac:c3542, 2e3e112c-ad01-4834-a07e-d6d8a7947632:c3540, dfee02f7-0d20-4e08-8ecd-ebe087394a07:c3540]
2019-07-08 20:09:39,813 INFO  client.GrpcClientProtocolClient (GrpcClientProtocolClient.java:onNext(255)) - client-83AFC0B42279->fd4515e9-84f2-4741-b1f5-a9247145a2ac: receive RaftClientReply:client-83AFC0B42279->fd4515e9-84f2-4741-b1f5-a9247145a2ac@group-E2152A48AE85, cid=2402, SUCCESS, logIndex=3542, commits[fd4515e9-84f2-4741-b1f5-a9247145a2ac:c3544, 2e3e112c-ad01-4834-a07e-d6d8a7947632:c3540, dfee02f7-0d20-4e08-8ecd-ebe087394a07:c3540]
2019-07-08 20:09:39,813 INFO  client.GrpcClientProtocolClient (GrpcClientProtocolClient.java:onNext(255)) - client-83AFC0B42279->fd4515e9-84f2-4741-b1f5-a9247145a2ac: receive RaftClientReply:client-83AFC0B42279->fd4515e9-84f2-4741-b1f5-a9247145a2ac@group-E2152A48AE85, cid=2403, SUCCESS, logIndex=3543, commits[fd4515e9-84f2-4741-b1f5-a9247145a2ac:c3544, 2e3e112c-ad01-4834-a07e-d6d8a7947632:c3540, dfee02f7-0d20-4e08-8ecd-ebe087394a07:c3540]
2019-07-08 20:09:39,813 INFO  client.GrpcClientProtocolClient (GrpcClientProtocolClient.java:onNext(255)) - client-83AFC0B42279->fd4515e9-84f2-4741-b1f5-a9247145a2ac: receive RaftClientReply:client-83AFC0B42279->fd4515e9-84f2-4741-b1f5-a9247145a2ac@group-E2152A48AE85, cid=2404, SUCCESS, logIndex=3544, commits[fd4515e9-84f2-4741-b1f5-a9247145a2ac:c3544, 2e3e112c-ad01-4834-a07e-d6d8a7947632:c3540, dfee02f7-0d20-4e08-8ecd-ebe087394a07:c3540]
2019-07-08 20:09:39,823 INFO  client.GrpcClientProtocolClient (GrpcClientProtocolClient.java:onNext(255)) - client-83AFC0B42279->fd4515e9-84f2-4741-b1f5-a9247145a2ac: receive RaftClientReply:client-83AFC0B42279->fd4515e9-84f2-4741-b1f5-a9247145a2ac@group-E2152A48AE85, cid=2405, SUCCESS, logIndex=0, commits[fd4515e9-84f2-4741-b1f5-a9247145a2ac:c3545, 2e3e112c-ad01-4834-a07e-d6d8a7947632:c3542, dfee02f7-0d20-4e08-8ecd-ebe087394a07:c3542]
2019-07-08 20:09:39,845 INFO  client.GrpcClientProtocolClient (GrpcClientProtocolClient.java:onNext(255)) - client-83AFC0B42279->fd4515e9-84f2-4741-b1f5-a9247145a2ac: receive RaftClientReply:client-83AFC0B42279->fd4515e9-84f2-4741-b1f5-a9247145a2ac@group-E2152A48AE85, cid=2406, SUCCESS, logIndex=3549, commits[fd4515e9-84f2-4741-b1f5-a9247145a2ac:c3550, 2e3e112c-ad01-4834-a07e-d6d8a7947632:c3548, dfee02f7-0d20-4e08-8ecd-ebe087394a07:c3548]
2019-07-08 20:09:39,846 INFO  client.GrpcClientProtocolClient (GrpcClientProtocolClient.java:onNext(255)) - client-83AFC0B42279->fd4515e9-84f2-4741-b1f5-a9247145a2ac: receive RaftClientReply:client-83AFC0B42279->fd4515e9-84f2-4741-b1f5-a9247145a2ac@group-E2152A48AE85, cid=2407, SUCCESS, logIndex=3550, commits[fd4515e9-84f2-4741-b1f5-a9247145a2ac:c3550, 2e3e112c-ad01-4834-a07e-d6d8a7947632:c3548, dfee02f7-0d20-4e08-8ecd-ebe087394a07:c3548]
2019-07-08 20:09:39,869 INFO  client.GrpcClientProtocolClient (GrpcClientProtocolClient.java:onNext(255)) - client-83AFC0B42279->fd4515e9-84f2-4741-b1f5-a9247145a2ac: receive RaftClientReply:client-83AFC0B42279->fd4515e9-84f2-4741-b1f5-a9247145a2ac@group-E2152A48AE85, cid=2408, SUCCESS, logIndex=3553, commits[fd4515e9-84f2-4741-b1f5-a9247145a2ac:c3554, 2e3e112c-ad01-4834-a07e-d6d8a7947632:c3550, dfee02f7-0d20-4e08-8ecd-ebe087394a07:c3550]
2019-07-08 20:09:39,870 INFO  client.GrpcClientProtocolClient (GrpcClientProtocolClient.java:onNext(255)) - client-83AFC0B42279->fd4515e9-84f2-4741-b1f5-a9247145a2ac: receive RaftClientReply:client-83AFC0B42279->fd4515e9-84f2-4741-b1f5-a9247145a2ac@group-E2152A48AE85, cid=2409, SUCCESS, logIndex=3554, commits[fd4515e9-84f2-4741-b1f5-a9247145a2ac:c3554, 2e3e112c-ad01-4834-a07e-d6d8a7947632:c3550, dfee02f7-0d20-4e08-8ecd-ebe087394a07:c3550]
2019-07-08 20:09:39,872 INFO  client.GrpcClientProtocolClient (GrpcClientProtocolClient.java:onNext(255)) - client-83AFC0B42279->fd4515e9-84f2-4741-b1f5-a9247145a2ac: receive RaftClientReply:client-83AFC0B42279->fd4515e9-84f2-4741-b1f5-a9247145a2ac@group-E2152A48AE85, cid=2410, SUCCESS, logIndex=0, commits[fd4515e9-84f2-4741-b1f5-a9247145a2ac:c3555, 2e3e112c-ad01-4834-a07e-d6d8a7947632:c3554, dfee02f7-0d20-4e08-8ecd-ebe087394a07:c3554]
2019-07-08 20:09:39,900 INFO  client.GrpcClientProtocolClient (GrpcClientProtocolClient.java:onNext(255)) - client-83AFC0B42279->fd4515e9-84f2-4741-b1f5-a9247145a2ac: receive RaftClientReply:client-83AFC0B42279->fd4515e9-84f2-4741-b1f5-a9247145a2ac@group-E2152A48AE85, cid=2411, SUCCESS, logIndex=3557, commits[fd4515e9-84f2-4741-b1f5-a9247145a2ac:c3558, 2e3e112c-ad01-4834-a07e-d6d8a7947632:c3556, dfee02f7-0d20-4e08-8ecd-ebe087394a07:c3556]
2019-07-08 20:09:39,901 INFO  client.GrpcClientProtocolClient (GrpcClientProtocolClient.java:onNext(255)) - client-83AFC0B42279->fd4515e9-84f2-4741-b1f5-a9247145a2ac: receive RaftClientReply:client-83AFC0B42279->fd4515e9-84f2-4741-b1f5-a9247145a2ac@group-E2152A48AE85, cid=2412, SUCCESS, logIndex=3558, commits[fd4515e9-84f2-4741-b1f5-a9247145a2ac:c3560, 2e3e112c-ad01-4834-a07e-d6d8a7947632:c3556, dfee02f7-0d20-4e08-8ecd-ebe087394a07:c3556]
2019-07-08 20:09:39,901 INFO  client.GrpcClientProtocolClient (GrpcClientProtocolClient.java:onNext(255)) - client-83AFC0B42279->fd4515e9-84f2-4741-b1f5-a9247145a2ac: receive RaftClientReply:client-83AFC0B42279->fd4515e9-84f2-4741-b1f5-a9247145a2ac@group-E2152A48AE85, cid=2413, SUCCESS, logIndex=3559, commits[fd4515e9-84f2-4741-b1f5-a9247145a2ac:c3561, 2e3e112c-ad01-4834-a07e-d6d8a7947632:c3556, dfee02f7-0d20-4e08-8ecd-ebe087394a07:c3557]
2019-07-08 20:09:39,902 INFO  client.GrpcClientProtocolClient (GrpcClientProtocolClient.java:onNext(255)) - client-83AFC0B42279->fd4515e9-84f2-4741-b1f5-a9247145a2ac: receive RaftClientReply:client-83AFC0B42279->fd4515e9-84f2-4741-b1f5-a9247145a2ac@group-E2152A48AE85, cid=2414, SUCCESS, logIndex=3560, commits[fd4515e9-84f2-4741-b1f5-a9247145a2ac:c3561, 2e3e112c-ad01-4834-a07e-d6d8a7947632:c3556, dfee02f7-0d20-4e08-8ecd-ebe087394a07:c3557]
2019-07-08 20:09:39,914 INFO  client.GrpcClientProtocolClient (GrpcClientProtocolClient.java:onNext(255)) - client-83AFC0B42279->fd4515e9-84f2-4741-b1f5-a9247145a2ac: receive RaftClientReply:client-83AFC0B42279->fd4515e9-84f2-4741-b1f5-a9247145a2ac@group-E2152A48AE85, cid=2415, SUCCESS, logIndex=0, commits[fd4515e9-84f2-4741-b1f5-a9247145a2ac:c3562, 2e3e112c-ad01-4834-a07e-d6d8a7947632:c3558, dfee02f7-0d20-4e08-8ecd-ebe087394a07:c3558]
2019-07-08 20:09:39,938 INFO  client.GrpcClientProtocolClient (GrpcClientProtocolClient.java:onNext(255)) - client-83AFC0B42279->fd4515e9-84f2-4741-b1f5-a9247145a2ac: receive RaftClientReply:client-83AFC0B42279->fd4515e9-84f2-4741-b1f5-a9247145a2ac@group-E2152A48AE85, cid=2416, SUCCESS, logIndex=3565, commits[fd4515e9-84f2-4741-b1f5-a9247145a2ac:c3566, 2e3e112c-ad01-4834-a07e-d6d8a7947632:c3564, dfee02f7-0d20-4e08-8ecd-ebe087394a07:c3564]
2019-07-08 20:09:39,938 INFO  client.GrpcClientProtocolClient (GrpcClientProtocolClient.java:onNext(255)) - client-83AFC0B42279->fd4515e9-84f2-4741-b1f5-a9247145a2ac: receive RaftClientReply:client-83AFC0B42279->fd4515e9-84f2-4741-b1f5-a9247145a2ac@group-E2152A48AE85, cid=2417, SUCCESS, logIndex=3566, commits[fd4515e9-84f2-4741-b1f5-a9247145a2ac:c3566, 2e3e112c-ad01-4834-a07e-d6d8a7947632:c3564, dfee02f7-0d20-4e08-8ecd-ebe087394a07:c3564]
2019-07-08 20:09:39,952 INFO  client.GrpcClientProtocolClient (GrpcClientProtocolClient.java:onNext(255)) - client-83AFC0B42279->fd4515e9-84f2-4741-b1f5-a9247145a2ac: receive RaftClientReply:client-83AFC0B42279->fd4515e9-84f2-4741-b1f5-a9247145a2ac@group-E2152A48AE85, cid=2418, SUCCESS, logIndex=3569, commits[fd4515e9-84f2-4741-b1f5-a9247145a2ac:c3570, 2e3e112c-ad01-4834-a07e-d6d8a7947632:c3566, dfee02f7-0d20-4e08-8ecd-ebe087394a07:c3566]
2019-07-08 20:09:39,953 INFO  client.GrpcClientProtocolClient (GrpcClientProtocolClient.java:onNext(255)) - client-83AFC0B42279->fd4515e9-84f2-4741-b1f5-a9247145a2ac: receive RaftClientReply:client-83AFC0B42279->fd4515e9-84f2-4741-b1f5-a9247145a2ac@group-E2152A48AE85, cid=2419, SUCCESS, logIndex=3570, commits[fd4515e9-84f2-4741-b1f5-a9247145a2ac:c3570, 2e3e112c-ad01-4834-a07e-d6d8a7947632:c3566, dfee02f7-0d20-4e08-8ecd-ebe087394a07:c3566]
2019-07-08 20:09:39,969 INFO  client.GrpcClientProtocolClient (GrpcClientProtocolClient.java:onNext(255)) - client-83AFC0B42279->fd4515e9-84f2-4741-b1f5-a9247145a2ac: receive RaftClientReply:client-83AFC0B42279->fd4515e9-84f2-4741-b1f5-a9247145a2ac@group-E2152A48AE85, cid=2420, SUCCESS, logIndex=0, commits[fd4515e9-84f2-4741-b1f5-a9247145a2ac:c3572, 2e3e112c-ad01-4834-a07e-d6d8a7947632:c3570, dfee02f7-0d20-4e08-8ecd-ebe087394a07:c3570]
2019-07-08 20:09:39,992 INFO  client.GrpcClientProtocolClient (GrpcClientProtocolClient.java:onNext(255)) - client-83AFC0B42279->fd4515e9-84f2-4741-b1f5-a9247145a2ac: receive RaftClientReply:client-83AFC0B42279->fd4515e9-84f2-4741-b1f5-a9247145a2ac@group-E2152A48AE85, cid=2421, SUCCESS, logIndex=3573, commits[fd4515e9-84f2-4741-b1f5-a9247145a2ac:c3574, 2e3e112c-ad01-4834-a07e-d6d8a7947632:c3570, dfee02f7-0d20-4e08-8ecd-ebe087394a07:c3572]
2019-07-08 20:09:39,993 INFO  client.GrpcClientProtocolClient (GrpcClientProtocolClient.java:onNext(255)) - client-83AFC0B42279->fd4515e9-84f2-4741-b1f5-a9247145a2ac: receive RaftClientReply:client-83AFC0B42279->fd4515e9-84f2-4741-b1f5-a9247145a2ac@group-E2152A48AE85, cid=2422, SUCCESS, logIndex=3574, commits[fd4515e9-84f2-4741-b1f5-a9247145a2ac:c3574, 2e3e112c-ad01-4834-a07e-d6d8a7947632:c3570, dfee02f7-0d20-4e08-8ecd-ebe087394a07:c3572]
2019-07-08 20:09:39,993 INFO  client.GrpcClientProtocolClient (GrpcClientProtocolClient.java:onNext(255)) - client-83AFC0B42279->fd4515e9-84f2-4741-b1f5-a9247145a2ac: receive RaftClientReply:client-83AFC0B42279->fd4515e9-84f2-4741-b1f5-a9247145a2ac@group-E2152A48AE85, cid=2423, SUCCESS, logIndex=3575, commits[fd4515e9-84f2-4741-b1f5-a9247145a2ac:c3575, 2e3e112c-ad01-4834-a07e-d6d8a7947632:c3572, dfee02f7-0d20-4e08-8ecd-ebe087394a07:c3572]
2019-07-08 20:09:39,994 INFO  client.GrpcClientProtocolClient (GrpcClientProtocolClient.java:onNext(255)) - client-83AFC0B42279->fd4515e9-84f2-4741-b1f5-a9247145a2ac: receive RaftClientReply:client-83AFC0B42279->fd4515e9-84f2-4741-b1f5-a9247145a2ac@group-E2152A48AE85, cid=2424, SUCCESS, logIndex=3576, commits[fd4515e9-84f2-4741-b1f5-a9247145a2ac:c3576, 2e3e112c-ad01-4834-a07e-d6d8a7947632:c3572, dfee02f7-0d20-4e08-8ecd-ebe087394a07:c3572]
2019-07-08 20:09:39,998 INFO  client.GrpcClientProtocolClient (GrpcClientProtocolClient.java:onNext(255)) - client-83AFC0B42279->fd4515e9-84f2-4741-b1f5-a9247145a2ac: receive RaftClientReply:client-83AFC0B42279->fd4515e9-84f2-4741-b1f5-a9247145a2ac@group-E2152A48AE85, cid=2425, SUCCESS, logIndex=0, commits[fd4515e9-84f2-4741-b1f5-a9247145a2ac:c3578, 2e3e112c-ad01-4834-a07e-d6d8a7947632:c3574, dfee02f7-0d20-4e08-8ecd-ebe087394a07:c3574]
2019-07-08 20:09:40,028 INFO  client.GrpcClientProtocolClient (GrpcClientProtocolClient.java:onNext(255)) - client-83AFC0B42279->fd4515e9-84f2-4741-b1f5-a9247145a2ac: receive RaftClientReply:client-83AFC0B42279->fd4515e9-84f2-4741-b1f5-a9247145a2ac@group-E2152A48AE85, cid=2426, SUCCESS, logIndex=3581, commits[fd4515e9-84f2-4741-b1f5-a9247145a2ac:c3582, 2e3e112c-ad01-4834-a07e-d6d8a7947632:c3580, dfee02f7-0d20-4e08-8ecd-ebe087394a07:c3580]
2019-07-08 20:09:40,029 INFO  client.GrpcClientProtocolClient (GrpcClientProtocolClient.java:onNext(255)) - client-83AFC0B42279->fd4515e9-84f2-4741-b1f5-a9247145a2ac: receive RaftClientReply:client-83AFC0B42279->fd4515e9-84f2-4741-b1f5-a9247145a2ac@group-E2152A48AE85, cid=2427, SUCCESS, logIndex=3582, commits[fd4515e9-84f2-4741-b1f5-a9247145a2ac:c3582, 2e3e112c-ad01-4834-a07e-d6d8a7947632:c3580, dfee02f7-0d20-4e08-8ecd-ebe087394a07:c3580]
2019-07-08 20:09:40,049 INFO  client.GrpcClientProtocolClient (GrpcClientProtocolClient.java:onNext(255)) - client-83AFC0B42279->fd4515e9-84f2-4741-b1f5-a9247145a2ac: receive RaftClientReply:client-83AFC0B42279->fd4515e9-84f2-4741-b1f5-a9247145a2ac@group-E2152A48AE85, cid=2428, SUCCESS, logIndex=3585, commits[fd4515e9-84f2-4741-b1f5-a9247145a2ac:c3586, 2e3e112c-ad01-4834-a07e-d6d8a7947632:c3584, dfee02f7-0d20-4e08-8ecd-ebe087394a07:c3584]
2019-07-08 20:09:40,049 INFO  client.GrpcClientProtocolClient (GrpcClientProtocolClient.java:onNext(255)) - client-83AFC0B42279->fd4515e9-84f2-4741-b1f5-a9247145a2ac: receive RaftClientReply:client-83AFC0B42279->fd4515e9-84f2-4741-b1f5-a9247145a2ac@group-E2152A48AE85, cid=2429, SUCCESS, logIndex=3586, commits[fd4515e9-84f2-4741-b1f5-a9247145a2ac:c3586, 2e3e112c-ad01-4834-a07e-d6d8a7947632:c3584, dfee02f7-0d20-4e08-8ecd-ebe087394a07:c3584]
2019-07-08 20:09:40,061 INFO  client.GrpcClientProtocolClient (GrpcClientProtocolClient.java:onNext(255)) - client-83AFC0B42279->fd4515e9-84f2-4741-b1f5-a9247145a2ac: receive RaftClientReply:client-83AFC0B42279->fd4515e9-84f2-4741-b1f5-a9247145a2ac@group-E2152A48AE85, cid=2430, SUCCESS, logIndex=0, commits[fd4515e9-84f2-4741-b1f5-a9247145a2ac:c3587, 2e3e112c-ad01-4834-a07e-d6d8a7947632:c3586, dfee02f7-0d20-4e08-8ecd-ebe087394a07:c3586]
2019-07-08 20:09:40,090 INFO  client.GrpcClientProtocolClient (GrpcClientProtocolClient.java:onNext(255)) - client-83AFC0B42279->fd4515e9-84f2-4741-b1f5-a9247145a2ac: receive RaftClientReply:client-83AFC0B42279->fd4515e9-84f2-4741-b1f5-a9247145a2ac@group-E2152A48AE85, cid=2431, SUCCESS, logIndex=3589, commits[fd4515e9-84f2-4741-b1f5-a9247145a2ac:c3590, 2e3e112c-ad01-4834-a07e-d6d8a7947632:c3588, dfee02f7-0d20-4e08-8ecd-ebe087394a07:c3588]
2019-07-08 20:09:40,090 INFO  client.GrpcClientProtocolClient (GrpcClientProtocolClient.java:onNext(255)) - client-83AFC0B42279->fd4515e9-84f2-4741-b1f5-a9247145a2ac: receive RaftClientReply:client-83AFC0B42279->fd4515e9-84f2-4741-b1f5-a9247145a2ac@group-E2152A48AE85, cid=2432, SUCCESS, logIndex=3590, commits[fd4515e9-84f2-4741-b1f5-a9247145a2ac:c3590, 2e3e112c-ad01-4834-a07e-d6d8a7947632:c3588, dfee02f7-0d20-4e08-8ecd-ebe087394a07:c3588]
2019-07-08 20:09:40,091 INFO  client.GrpcClientProtocolClient (GrpcClientProtocolClient.java:onNext(255)) - client-83AFC0B42279->fd4515e9-84f2-4741-b1f5-a9247145a2ac: receive RaftClientReply:client-83AFC0B42279->fd4515e9-84f2-4741-b1f5-a9247145a2ac@group-E2152A48AE85, cid=2433, SUCCESS, logIndex=3591, commits[fd4515e9-84f2-4741-b1f5-a9247145a2ac:c3592, 2e3e112c-ad01-4834-a07e-d6d8a7947632:c3588, dfee02f7-0d20-4e08-8ecd-ebe087394a07:c3588]
2019-07-08 20:09:40,091 INFO  client.GrpcClientProtocolClient (GrpcClientProtocolClient.java:onNext(255)) - client-83AFC0B42279->fd4515e9-84f2-4741-b1f5-a9247145a2ac: receive RaftClientReply:client-83AFC0B42279->fd4515e9-84f2-4741-b1f5-a9247145a2ac@group-E2152A48AE85, cid=2434, SUCCESS, logIndex=3592, commits[fd4515e9-84f2-4741-b1f5-a9247145a2ac:c3592, 2e3e112c-ad01-4834-a07e-d6d8a7947632:c3588, dfee02f7-0d20-4e08-8ecd-ebe087394a07:c3588]
2019-07-08 20:09:40,092 INFO  client.GrpcClientProtocolClient (GrpcClientProtocolClient.java:onNext(255)) - client-83AFC0B42279->fd4515e9-84f2-4741-b1f5-a9247145a2ac: receive RaftClientReply:client-83AFC0B42279->fd4515e9-84f2-4741-b1f5-a9247145a2ac@group-E2152A48AE85, cid=2435, SUCCESS, logIndex=0, commits[fd4515e9-84f2-4741-b1f5-a9247145a2ac:c3594, 2e3e112c-ad01-4834-a07e-d6d8a7947632:c3590, dfee02f7-0d20-4e08-8ecd-ebe087394a07:c3590]
2019-07-08 20:09:40,113 INFO  client.GrpcClientProtocolClient (GrpcClientProtocolClient.java:onNext(255)) - client-83AFC0B42279->fd4515e9-84f2-4741-b1f5-a9247145a2ac: receive RaftClientReply:client-83AFC0B42279->fd4515e9-84f2-4741-b1f5-a9247145a2ac@group-E2152A48AE85, cid=2436, SUCCESS, logIndex=3597, commits[fd4515e9-84f2-4741-b1f5-a9247145a2ac:c3598, 2e3e112c-ad01-4834-a07e-d6d8a7947632:c3596, dfee02f7-0d20-4e08-8ecd-ebe087394a07:c3596]
2019-07-08 20:09:40,113 INFO  client.GrpcClientProtocolClient (GrpcClientProtocolClient.java:onNext(255)) - client-83AFC0B42279->fd4515e9-84f2-4741-b1f5-a9247145a2ac: receive RaftClientReply:client-83AFC0B42279->fd4515e9-84f2-4741-b1f5-a9247145a2ac@group-E2152A48AE85, cid=2437, SUCCESS, logIndex=3598, commits[fd4515e9-84f2-4741-b1f5-a9247145a2ac:c3598, 2e3e112c-ad01-4834-a07e-d6d8a7947632:c3596, dfee02f7-0d20-4e08-8ecd-ebe087394a07:c3596]
 0.00% |█                                                                                                    |  0/1 Time: 0:00:192019-07-08 20:09:40,129 INFO  client.GrpcClientProtocolClient (GrpcClientProtocolClient.java:onNext(255)) - client-83AFC0B42279->fd4515e9-84f2-4741-b1f5-a9247145a2ac: receive RaftClientReply:client-83AFC0B42279->fd4515e9-84f2-4741-b1f5-a9247145a2ac@group-E2152A48AE85, cid=2438, SUCCESS, logIndex=3601, commits[fd4515e9-84f2-4741-b1f5-a9247145a2ac:c3602, 2e3e112c-ad01-4834-a07e-d6d8a7947632:c3598, dfee02f7-0d20-4e08-8ecd-ebe087394a07:c3598]
2019-07-08 20:09:40,129 INFO  client.GrpcClientProtocolClient (GrpcClientProtocolClient.java:onNext(255)) - client-83AFC0B42279->fd4515e9-84f2-4741-b1f5-a9247145a2ac: receive RaftClientReply:client-83AFC0B42279->fd4515e9-84f2-4741-b1f5-a9247145a2ac@group-E2152A48AE85, cid=2439, SUCCESS, logIndex=3602, commits[fd4515e9-84f2-4741-b1f5-a9247145a2ac:c3602, 2e3e112c-ad01-4834-a07e-d6d8a7947632:c3598, dfee02f7-0d20-4e08-8ecd-ebe087394a07:c3598]
2019-07-08 20:09:40,139 INFO  client.GrpcClientProtocolClient (GrpcClientProtocolClient.java:onNext(255)) - client-83AFC0B42279->fd4515e9-84f2-4741-b1f5-a9247145a2ac: receive RaftClientReply:client-83AFC0B42279->fd4515e9-84f2-4741-b1f5-a9247145a2ac@group-E2152A48AE85, cid=2440, SUCCESS, logIndex=0, commits[fd4515e9-84f2-4741-b1f5-a9247145a2ac:c3603, 2e3e112c-ad01-4834-a07e-d6d8a7947632:c3602, dfee02f7-0d20-4e08-8ecd-ebe087394a07:c3602]
2019-07-08 20:09:40,166 INFO  client.GrpcClientProtocolClient (GrpcClientProtocolClient.java:onNext(255)) - client-83AFC0B42279->fd4515e9-84f2-4741-b1f5-a9247145a2ac: receive RaftClientReply:client-83AFC0B42279->fd4515e9-84f2-4741-b1f5-a9247145a2ac@group-E2152A48AE85, cid=2441, SUCCESS, logIndex=3605, commits[fd4515e9-84f2-4741-b1f5-a9247145a2ac:c3606, 2e3e112c-ad01-4834-a07e-d6d8a7947632:c3604, dfee02f7-0d20-4e08-8ecd-ebe087394a07:c3604]
2019-07-08 20:09:40,167 INFO  client.GrpcClientProtocolClient (GrpcClientProtocolClient.java:onNext(255)) - client-83AFC0B42279->fd4515e9-84f2-4741-b1f5-a9247145a2ac: receive RaftClientReply:client-83AFC0B42279->fd4515e9-84f2-4741-b1f5-a9247145a2ac@group-E2152A48AE85, cid=2442, SUCCESS, logIndex=3606, commits[fd4515e9-84f2-4741-b1f5-a9247145a2ac:c3608, 2e3e112c-ad01-4834-a07e-d6d8a7947632:c3604, dfee02f7-0d20-4e08-8ecd-ebe087394a07:c3604]
2019-07-08 20:09:40,167 INFO  client.GrpcClientProtocolClient (GrpcClientProtocolClient.java:onNext(255)) - client-83AFC0B42279->fd4515e9-84f2-4741-b1f5-a9247145a2ac: receive RaftClientReply:client-83AFC0B42279->fd4515e9-84f2-4741-b1f5-a9247145a2ac@group-E2152A48AE85, cid=2443, SUCCESS, logIndex=3607, commits[fd4515e9-84f2-4741-b1f5-a9247145a2ac:c3608, 2e3e112c-ad01-4834-a07e-d6d8a7947632:c3604, dfee02f7-0d20-4e08-8ecd-ebe087394a07:c3604]
2019-07-08 20:09:40,167 INFO  client.GrpcClientProtocolClient (GrpcClientProtocolClient.java:onNext(255)) - client-83AFC0B42279->fd4515e9-84f2-4741-b1f5-a9247145a2ac: receive RaftClientReply:client-83AFC0B42279->fd4515e9-84f2-4741-b1f5-a9247145a2ac@group-E2152A48AE85, cid=2444, SUCCESS, logIndex=3608, commits[fd4515e9-84f2-4741-b1f5-a9247145a2ac:c3608, 2e3e112c-ad01-4834-a07e-d6d8a7947632:c3604, dfee02f7-0d20-4e08-8ecd-ebe087394a07:c3604]
2019-07-08 20:09:40,180 INFO  client.GrpcClientProtocolClient (GrpcClientProtocolClient.java:onNext(255)) - client-83AFC0B42279->fd4515e9-84f2-4741-b1f5-a9247145a2ac: receive RaftClientReply:client-83AFC0B42279->fd4515e9-84f2-4741-b1f5-a9247145a2ac@group-E2152A48AE85, cid=2445, SUCCESS, logIndex=0, commits[fd4515e9-84f2-4741-b1f5-a9247145a2ac:c3612, 2e3e112c-ad01-4834-a07e-d6d8a7947632:c3606, dfee02f7-0d20-4e08-8ecd-ebe087394a07:c3608]
2019-07-08 20:09:40,201 INFO  client.GrpcClientProtocolClient (GrpcClientProtocolClient.java:onNext(255)) - client-83AFC0B42279->fd4515e9-84f2-4741-b1f5-a9247145a2ac: receive RaftClientReply:client-83AFC0B42279->fd4515e9-84f2-4741-b1f5-a9247145a2ac@group-E2152A48AE85, cid=2446, SUCCESS, logIndex=3613, commits[fd4515e9-84f2-4741-b1f5-a9247145a2ac:c3614, 2e3e112c-ad01-4834-a07e-d6d8a7947632:c3612, dfee02f7-0d20-4e08-8ecd-ebe087394a07:c3612]
2019-07-08 20:09:40,202 INFO  client.GrpcClientProtocolClient (GrpcClientProtocolClient.java:onNext(255)) - client-83AFC0B42279->fd4515e9-84f2-4741-b1f5-a9247145a2ac: receive RaftClientReply:client-83AFC0B42279->fd4515e9-84f2-4741-b1f5-a9247145a2ac@group-E2152A48AE85, cid=2447, SUCCESS, logIndex=3614, commits[fd4515e9-84f2-4741-b1f5-a9247145a2ac:c3614, 2e3e112c-ad01-4834-a07e-d6d8a7947632:c3612, dfee02f7-0d20-4e08-8ecd-ebe087394a07:c3612]
2019-07-08 20:09:40,216 INFO  client.GrpcClientProtocolClient (GrpcClientProtocolClient.java:onNext(255)) - client-83AFC0B42279->fd4515e9-84f2-4741-b1f5-a9247145a2ac: receive RaftClientReply:client-83AFC0B42279->fd4515e9-84f2-4741-b1f5-a9247145a2ac@group-E2152A48AE85, cid=2448, SUCCESS, logIndex=3617, commits[fd4515e9-84f2-4741-b1f5-a9247145a2ac:c3618, 2e3e112c-ad01-4834-a07e-d6d8a7947632:c3614, dfee02f7-0d20-4e08-8ecd-ebe087394a07:c3614]
2019-07-08 20:09:40,216 INFO  client.GrpcClientProtocolClient (GrpcClientProtocolClient.java:onNext(255)) - client-83AFC0B42279->fd4515e9-84f2-4741-b1f5-a9247145a2ac: receive RaftClientReply:client-83AFC0B42279->fd4515e9-84f2-4741-b1f5-a9247145a2ac@group-E2152A48AE85, cid=2449, SUCCESS, logIndex=3618, commits[fd4515e9-84f2-4741-b1f5-a9247145a2ac:c3618, 2e3e112c-ad01-4834-a07e-d6d8a7947632:c3614, dfee02f7-0d20-4e08-8ecd-ebe087394a07:c3614]
2019-07-08 20:09:40,228 INFO  client.GrpcClientProtocolClient (GrpcClientProtocolClient.java:onNext(255)) - client-83AFC0B42279->fd4515e9-84f2-4741-b1f5-a9247145a2ac: receive RaftClientReply:client-83AFC0B42279->fd4515e9-84f2-4741-b1f5-a9247145a2ac@group-E2152A48AE85, cid=2450, SUCCESS, logIndex=0, commits[fd4515e9-84f2-4741-b1f5-a9247145a2ac:c3619, 2e3e112c-ad01-4834-a07e-d6d8a7947632:c3618, dfee02f7-0d20-4e08-8ecd-ebe087394a07:c3618]
2019-07-08 20:09:40,248 INFO  client.GrpcClientProtocolClient (GrpcClientProtocolClient.java:onNext(255)) - client-83AFC0B42279->fd4515e9-84f2-4741-b1f5-a9247145a2ac: receive RaftClientReply:client-83AFC0B42279->fd4515e9-84f2-4741-b1f5-a9247145a2ac@group-E2152A48AE85, cid=2451, SUCCESS, logIndex=3621, commits[fd4515e9-84f2-4741-b1f5-a9247145a2ac:c3624, 2e3e112c-ad01-4834-a07e-d6d8a7947632:c3618, dfee02f7-0d20-4e08-8ecd-ebe087394a07:c3620]
2019-07-08 20:09:40,248 INFO  client.GrpcClientProtocolClient (GrpcClientProtocolClient.java:onNext(255)) - client-83AFC0B42279->fd4515e9-84f2-4741-b1f5-a9247145a2ac: receive RaftClientReply:client-83AFC0B42279->fd4515e9-84f2-4741-b1f5-a9247145a2ac@group-E2152A48AE85, cid=2452, SUCCESS, logIndex=3622, commits[fd4515e9-84f2-4741-b1f5-a9247145a2ac:c3624, 2e3e112c-ad01-4834-a07e-d6d8a7947632:c3620, dfee02f7-0d20-4e08-8ecd-ebe087394a07:c3620]
2019-07-08 20:09:40,248 INFO  client.GrpcClientProtocolClient (GrpcClientProtocolClient.java:onNext(255)) - client-83AFC0B42279->fd4515e9-84f2-4741-b1f5-a9247145a2ac: receive RaftClientReply:client-83AFC0B42279->fd4515e9-84f2-4741-b1f5-a9247145a2ac@group-E2152A48AE85, cid=2453, SUCCESS, logIndex=3623, commits[fd4515e9-84f2-4741-b1f5-a9247145a2ac:c3624, 2e3e112c-ad01-4834-a07e-d6d8a7947632:c3620, dfee02f7-0d20-4e08-8ecd-ebe087394a07:c3620]
2019-07-08 20:09:40,249 INFO  client.GrpcClientProtocolClient (GrpcClientProtocolClient.java:onNext(255)) - client-83AFC0B42279->fd4515e9-84f2-4741-b1f5-a9247145a2ac: receive RaftClientReply:client-83AFC0B42279->fd4515e9-84f2-4741-b1f5-a9247145a2ac@group-E2152A48AE85, cid=2454, SUCCESS, logIndex=3624, commits[fd4515e9-84f2-4741-b1f5-a9247145a2ac:c3624, 2e3e112c-ad01-4834-a07e-d6d8a7947632:c3620, dfee02f7-0d20-4e08-8ecd-ebe087394a07:c3620]
2019-07-08 20:09:40,249 INFO  client.GrpcClientProtocolClient (GrpcClientProtocolClient.java:onNext(255)) - client-83AFC0B42279->fd4515e9-84f2-4741-b1f5-a9247145a2ac: receive RaftClientReply:client-83AFC0B42279->fd4515e9-84f2-4741-b1f5-a9247145a2ac@group-E2152A48AE85, cid=2455, SUCCESS, logIndex=0, commits[fd4515e9-84f2-4741-b1f5-a9247145a2ac:c3625, 2e3e112c-ad01-4834-a07e-d6d8a7947632:c3622, dfee02f7-0d20-4e08-8ecd-ebe087394a07:c3622]
2019-07-08 20:09:40,260 INFO  client.GrpcClientProtocolClient (GrpcClientProtocolClient.java:onNext(255)) - client-83AFC0B42279->fd4515e9-84f2-4741-b1f5-a9247145a2ac: receive RaftClientReply:client-83AFC0B42279->fd4515e9-84f2-4741-b1f5-a9247145a2ac@group-E2152A48AE85, cid=2456, SUCCESS, logIndex=3628, commits[fd4515e9-84f2-4741-b1f5-a9247145a2ac:c3629, 2e3e112c-ad01-4834-a07e-d6d8a7947632:c3627, dfee02f7-0d20-4e08-8ecd-ebe087394a07:c3624]
2019-07-08 20:09:40,260 INFO  client.GrpcClientProtocolClient (GrpcClientProtocolClient.java:onNext(255)) - client-83AFC0B42279->fd4515e9-84f2-4741-b1f5-a9247145a2ac: receive RaftClientReply:client-83AFC0B42279->fd4515e9-84f2-4741-b1f5-a9247145a2ac@group-E2152A48AE85, cid=2457, SUCCESS, logIndex=3629, commits[fd4515e9-84f2-4741-b1f5-a9247145a2ac:c3629, 2e3e112c-ad01-4834-a07e-d6d8a7947632:c3627, dfee02f7-0d20-4e08-8ecd-ebe087394a07:c3627]
2019-07-08 20:09:40,296 INFO  client.GrpcClientProtocolClient (GrpcClientProtocolClient.java:onNext(255)) - client-83AFC0B42279->fd4515e9-84f2-4741-b1f5-a9247145a2ac: receive RaftClientReply:client-83AFC0B42279->fd4515e9-84f2-4741-b1f5-a9247145a2ac@group-E2152A48AE85, cid=2458, SUCCESS, logIndex=3632, commits[fd4515e9-84f2-4741-b1f5-a9247145a2ac:c3633, 2e3e112c-ad01-4834-a07e-d6d8a7947632:c3631, dfee02f7-0d20-4e08-8ecd-ebe087394a07:c3631]
2019-07-08 20:09:40,297 INFO  client.GrpcClientProtocolClient (GrpcClientProtocolClient.java:onNext(255)) - client-83AFC0B42279->fd4515e9-84f2-4741-b1f5-a9247145a2ac: receive RaftClientReply:client-83AFC0B42279->fd4515e9-84f2-4741-b1f5-a9247145a2ac@group-E2152A48AE85, cid=2459, SUCCESS, logIndex=3633, commits[fd4515e9-84f2-4741-b1f5-a9247145a2ac:c3633, 2e3e112c-ad01-4834-a07e-d6d8a7947632:c3631, dfee02f7-0d20-4e08-8ecd-ebe087394a07:c3631]
2019-07-08 20:09:40,309 INFO  client.GrpcClientProtocolClient (GrpcClientProtocolClient.java:onNext(255)) - client-83AFC0B42279->fd4515e9-84f2-4741-b1f5-a9247145a2ac: receive RaftClientReply:client-83AFC0B42279->fd4515e9-84f2-4741-b1f5-a9247145a2ac@group-E2152A48AE85, cid=2460, SUCCESS, logIndex=0, commits[fd4515e9-84f2-4741-b1f5-a9247145a2ac:c3635, 2e3e112c-ad01-4834-a07e-d6d8a7947632:c3633, dfee02f7-0d20-4e08-8ecd-ebe087394a07:c3633]
2019-07-08 20:09:40,447 INFO  client.GrpcClientProtocolClient (GrpcClientProtocolClient.java:onNext(255)) - client-83AFC0B42279->fd4515e9-84f2-4741-b1f5-a9247145a2ac: receive RaftClientReply:client-83AFC0B42279->fd4515e9-84f2-4741-b1f5-a9247145a2ac@group-E2152A48AE85, cid=2461, SUCCESS, logIndex=3636, commits[fd4515e9-84f2-4741-b1f5-a9247145a2ac:c3637, 2e3e112c-ad01-4834-a07e-d6d8a7947632:c3633, dfee02f7-0d20-4e08-8ecd-ebe087394a07:c3635]
2019-07-08 20:09:40,448 INFO  client.GrpcClientProtocolClient (GrpcClientProtocolClient.java:onNext(255)) - client-83AFC0B42279->fd4515e9-84f2-4741-b1f5-a9247145a2ac: receive RaftClientReply:client-83AFC0B42279->fd4515e9-84f2-4741-b1f5-a9247145a2ac@group-E2152A48AE85, cid=2462, SUCCESS, logIndex=3637, commits[fd4515e9-84f2-4741-b1f5-a9247145a2ac:c3637, 2e3e112c-ad01-4834-a07e-d6d8a7947632:c3633, dfee02f7-0d20-4e08-8ecd-ebe087394a07:c3635]
2019-07-08 20:09:40,459 INFO  client.GrpcClientProtocolClient (GrpcClientProtocolClient.java:onNext(255)) - client-83AFC0B42279->fd4515e9-84f2-4741-b1f5-a9247145a2ac: receive RaftClientReply:client-83AFC0B42279->fd4515e9-84f2-4741-b1f5-a9247145a2ac@group-E2152A48AE85, cid=2463, SUCCESS, logIndex=3638, commits[fd4515e9-84f2-4741-b1f5-a9247145a2ac:c3639, 2e3e112c-ad01-4834-a07e-d6d8a7947632:c3635, dfee02f7-0d20-4e08-8ecd-ebe087394a07:c3635]
2019-07-08 20:09:40,459 INFO  client.GrpcClientProtocolClient (GrpcClientProtocolClient.java:onNext(255)) - client-83AFC0B42279->fd4515e9-84f2-4741-b1f5-a9247145a2ac: receive RaftClientReply:client-83AFC0B42279->fd4515e9-84f2-4741-b1f5-a9247145a2ac@group-E2152A48AE85, cid=2464, SUCCESS, logIndex=3639, commits[fd4515e9-84f2-4741-b1f5-a9247145a2ac:c3639, 2e3e112c-ad01-4834-a07e-d6d8a7947632:c3637, dfee02f7-0d20-4e08-8ecd-ebe087394a07:c3635]
2019-07-08 20:09:40,460 INFO  client.GrpcClientProtocolClient (GrpcClientProtocolClient.java:onNext(255)) - client-83AFC0B42279->fd4515e9-84f2-4741-b1f5-a9247145a2ac: receive RaftClientReply:client-83AFC0B42279->fd4515e9-84f2-4741-b1f5-a9247145a2ac@group-E2152A48AE85, cid=2465, SUCCESS, logIndex=0, commits[fd4515e9-84f2-4741-b1f5-a9247145a2ac:c3641, 2e3e112c-ad01-4834-a07e-d6d8a7947632:c3637, dfee02f7-0d20-4e08-8ecd-ebe087394a07:c3637]
2019-07-08 20:09:40,474 INFO  client.GrpcClientProtocolClient (GrpcClientProtocolClient.java:onNext(255)) - client-83AFC0B42279->fd4515e9-84f2-4741-b1f5-a9247145a2ac: receive RaftClientReply:client-83AFC0B42279->fd4515e9-84f2-4741-b1f5-a9247145a2ac@group-E2152A48AE85, cid=2466, SUCCESS, logIndex=3644, commits[fd4515e9-84f2-4741-b1f5-a9247145a2ac:c3645, 2e3e112c-ad01-4834-a07e-d6d8a7947632:c3641, dfee02f7-0d20-4e08-8ecd-ebe087394a07:c3639]
2019-07-08 20:09:40,474 INFO  client.GrpcClientProtocolClient (GrpcClientProtocolClient.java:onNext(255)) - client-83AFC0B42279->fd4515e9-84f2-4741-b1f5-a9247145a2ac: receive RaftClientReply:client-83AFC0B42279->fd4515e9-84f2-4741-b1f5-a9247145a2ac@group-E2152A48AE85, cid=2467, SUCCESS, logIndex=3645, commits[fd4515e9-84f2-4741-b1f5-a9247145a2ac:c3645, 2e3e112c-ad01-4834-a07e-d6d8a7947632:c3641, dfee02f7-0d20-4e08-8ecd-ebe087394a07:c3641]
2019-07-08 20:09:40,501 INFO  client.GrpcClientProtocolClient (GrpcClientProtocolClient.java:onNext(255)) - client-83AFC0B42279->fd4515e9-84f2-4741-b1f5-a9247145a2ac: receive RaftClientReply:client-83AFC0B42279->fd4515e9-84f2-4741-b1f5-a9247145a2ac@group-E2152A48AE85, cid=2468, SUCCESS, logIndex=3648, commits[fd4515e9-84f2-4741-b1f5-a9247145a2ac:c3649, 2e3e112c-ad01-4834-a07e-d6d8a7947632:c3646, dfee02f7-0d20-4e08-8ecd-ebe087394a07:c3645]
2019-07-08 20:09:40,501 INFO  client.GrpcClientProtocolClient (GrpcClientProtocolClient.java:onNext(255)) - client-83AFC0B42279->fd4515e9-84f2-4741-b1f5-a9247145a2ac: receive RaftClientReply:client-83AFC0B42279->fd4515e9-84f2-4741-b1f5-a9247145a2ac@group-E2152A48AE85, cid=2469, SUCCESS, logIndex=3649, commits[fd4515e9-84f2-4741-b1f5-a9247145a2ac:c3649, 2e3e112c-ad01-4834-a07e-d6d8a7947632:c3646, dfee02f7-0d20-4e08-8ecd-ebe087394a07:c3646]
2019-07-08 20:09:40,516 INFO  client.GrpcClientProtocolClient (GrpcClientProtocolClient.java:onNext(255)) - client-83AFC0B42279->fd4515e9-84f2-4741-b1f5-a9247145a2ac: receive RaftClientReply:client-83AFC0B42279->fd4515e9-84f2-4741-b1f5-a9247145a2ac@group-E2152A48AE85, cid=2470, SUCCESS, logIndex=0, commits[fd4515e9-84f2-4741-b1f5-a9247145a2ac:c3651, 2e3e112c-ad01-4834-a07e-d6d8a7947632:c3649, dfee02f7-0d20-4e08-8ecd-ebe087394a07:c3649]
2019-07-08 20:09:40,540 INFO  client.GrpcClientProtocolClient (GrpcClientProtocolClient.java:onNext(255)) - client-83AFC0B42279->fd4515e9-84f2-4741-b1f5-a9247145a2ac: receive RaftClientReply:client-83AFC0B42279->fd4515e9-84f2-4741-b1f5-a9247145a2ac@group-E2152A48AE85, cid=2471, SUCCESS, logIndex=3652, commits[fd4515e9-84f2-4741-b1f5-a9247145a2ac:c3653, 2e3e112c-ad01-4834-a07e-d6d8a7947632:c3651, dfee02f7-0d20-4e08-8ecd-ebe087394a07:c3649]
2019-07-08 20:09:40,541 INFO  client.GrpcClientProtocolClient (GrpcClientProtocolClient.java:onNext(255)) - client-83AFC0B42279->fd4515e9-84f2-4741-b1f5-a9247145a2ac: receive RaftClientReply:client-83AFC0B42279->fd4515e9-84f2-4741-b1f5-a9247145a2ac@group-E2152A48AE85, cid=2472, SUCCESS, logIndex=3653, commits[fd4515e9-84f2-4741-b1f5-a9247145a2ac:c3654, 2e3e112c-ad01-4834-a07e-d6d8a7947632:c3651, dfee02f7-0d20-4e08-8ecd-ebe087394a07:c3651]
2019-07-08 20:09:40,541 INFO  client.GrpcClientProtocolClient (GrpcClientProtocolClient.java:onNext(255)) - client-83AFC0B42279->fd4515e9-84f2-4741-b1f5-a9247145a2ac: receive RaftClientReply:client-83AFC0B42279->fd4515e9-84f2-4741-b1f5-a9247145a2ac@group-E2152A48AE85, cid=2473, SUCCESS, logIndex=3654, commits[fd4515e9-84f2-4741-b1f5-a9247145a2ac:c3655, 2e3e112c-ad01-4834-a07e-d6d8a7947632:c3651, dfee02f7-0d20-4e08-8ecd-ebe087394a07:c3651]
2019-07-08 20:09:40,541 INFO  client.GrpcClientProtocolClient (GrpcClientProtocolClient.java:onNext(255)) - client-83AFC0B42279->fd4515e9-84f2-4741-b1f5-a9247145a2ac: receive RaftClientReply:client-83AFC0B42279->fd4515e9-84f2-4741-b1f5-a9247145a2ac@group-E2152A48AE85, cid=2474, SUCCESS, logIndex=3655, commits[fd4515e9-84f2-4741-b1f5-a9247145a2ac:c3655, 2e3e112c-ad01-4834-a07e-d6d8a7947632:c3651, dfee02f7-0d20-4e08-8ecd-ebe087394a07:c3651]
2019-07-08 20:09:40,543 INFO  client.GrpcClientProtocolClient (GrpcClientProtocolClient.java:onNext(255)) - client-83AFC0B42279->fd4515e9-84f2-4741-b1f5-a9247145a2ac: receive RaftClientReply:client-83AFC0B42279->fd4515e9-84f2-4741-b1f5-a9247145a2ac@group-E2152A48AE85, cid=2475, SUCCESS, logIndex=0, commits[fd4515e9-84f2-4741-b1f5-a9247145a2ac:c3656, 2e3e112c-ad01-4834-a07e-d6d8a7947632:c3653, dfee02f7-0d20-4e08-8ecd-ebe087394a07:c3653]
2019-07-08 20:09:40,556 INFO  client.GrpcClientProtocolClient (GrpcClientProtocolClient.java:onNext(255)) - client-83AFC0B42279->fd4515e9-84f2-4741-b1f5-a9247145a2ac: receive RaftClientReply:client-83AFC0B42279->fd4515e9-84f2-4741-b1f5-a9247145a2ac@group-E2152A48AE85, cid=2476, SUCCESS, logIndex=3660, commits[fd4515e9-84f2-4741-b1f5-a9247145a2ac:c3661, 2e3e112c-ad01-4834-a07e-d6d8a7947632:c3655, dfee02f7-0d20-4e08-8ecd-ebe087394a07:c3657]
2019-07-08 20:09:40,556 INFO  client.GrpcClientProtocolClient (GrpcClientProtocolClient.java:onNext(255)) - client-83AFC0B42279->fd4515e9-84f2-4741-b1f5-a9247145a2ac: receive RaftClientReply:client-83AFC0B42279->fd4515e9-84f2-4741-b1f5-a9247145a2ac@group-E2152A48AE85, cid=2477, SUCCESS, logIndex=3661, commits[fd4515e9-84f2-4741-b1f5-a9247145a2ac:c3661, 2e3e112c-ad01-4834-a07e-d6d8a7947632:c3657, dfee02f7-0d20-4e08-8ecd-ebe087394a07:c3657]
2019-07-08 20:09:40,574 INFO  client.GrpcClientProtocolClient (GrpcClientProtocolClient.java:onNext(255)) - client-83AFC0B42279->fd4515e9-84f2-4741-b1f5-a9247145a2ac: receive RaftClientReply:client-83AFC0B42279->fd4515e9-84f2-4741-b1f5-a9247145a2ac@group-E2152A48AE85, cid=2478, SUCCESS, logIndex=3664, commits[fd4515e9-84f2-4741-b1f5-a9247145a2ac:c3665, 2e3e112c-ad01-4834-a07e-d6d8a7947632:c3663, dfee02f7-0d20-4e08-8ecd-ebe087394a07:c3663]
2019-07-08 20:09:40,575 INFO  client.GrpcClientProtocolClient (GrpcClientProtocolClient.java:onNext(255)) - client-83AFC0B42279->fd4515e9-84f2-4741-b1f5-a9247145a2ac: receive RaftClientReply:client-83AFC0B42279->fd4515e9-84f2-4741-b1f5-a9247145a2ac@group-E2152A48AE85, cid=2479, SUCCESS, logIndex=3665, commits[fd4515e9-84f2-4741-b1f5-a9247145a2ac:c3665, 2e3e112c-ad01-4834-a07e-d6d8a7947632:c3663, dfee02f7-0d20-4e08-8ecd-ebe087394a07:c3663]
2019-07-08 20:09:40,589 INFO  client.GrpcClientProtocolClient (GrpcClientProtocolClient.java:onNext(255)) - client-83AFC0B42279->fd4515e9-84f2-4741-b1f5-a9247145a2ac: receive RaftClientReply:client-83AFC0B42279->fd4515e9-84f2-4741-b1f5-a9247145a2ac@group-E2152A48AE85, cid=2480, SUCCESS, logIndex=0, commits[fd4515e9-84f2-4741-b1f5-a9247145a2ac:c3667, 2e3e112c-ad01-4834-a07e-d6d8a7947632:c3665, dfee02f7-0d20-4e08-8ecd-ebe087394a07:c3665]
2019-07-08 20:09:40,618 INFO  client.GrpcClientProtocolClient (GrpcClientProtocolClient.java:onNext(255)) - client-83AFC0B42279->fd4515e9-84f2-4741-b1f5-a9247145a2ac: receive RaftClientReply:client-83AFC0B42279->fd4515e9-84f2-4741-b1f5-a9247145a2ac@group-E2152A48AE85, cid=2481, SUCCESS, logIndex=3668, commits[fd4515e9-84f2-4741-b1f5-a9247145a2ac:c3669, 2e3e112c-ad01-4834-a07e-d6d8a7947632:c3667, dfee02f7-0d20-4e08-8ecd-ebe087394a07:c3667]
2019-07-08 20:09:40,618 INFO  client.GrpcClientProtocolClient (GrpcClientProtocolClient.java:onNext(255)) - client-83AFC0B42279->fd4515e9-84f2-4741-b1f5-a9247145a2ac: receive RaftClientReply:client-83AFC0B42279->fd4515e9-84f2-4741-b1f5-a9247145a2ac@group-E2152A48AE85, cid=2482, SUCCESS, logIndex=3669, commits[fd4515e9-84f2-4741-b1f5-a9247145a2ac:c3669, 2e3e112c-ad01-4834-a07e-d6d8a7947632:c3667, dfee02f7-0d20-4e08-8ecd-ebe087394a07:c3667]
2019-07-08 20:09:40,628 INFO  client.GrpcClientProtocolClient (GrpcClientProtocolClient.java:onNext(255)) - client-83AFC0B42279->fd4515e9-84f2-4741-b1f5-a9247145a2ac: receive RaftClientReply:client-83AFC0B42279->fd4515e9-84f2-4741-b1f5-a9247145a2ac@group-E2152A48AE85, cid=2483, SUCCESS, logIndex=3670, commits[fd4515e9-84f2-4741-b1f5-a9247145a2ac:c3671, 2e3e112c-ad01-4834-a07e-d6d8a7947632:c3667, dfee02f7-0d20-4e08-8ecd-ebe087394a07:c3667]
2019-07-08 20:09:40,628 INFO  client.GrpcClientProtocolClient (GrpcClientProtocolClient.java:onNext(255)) - client-83AFC0B42279->fd4515e9-84f2-4741-b1f5-a9247145a2ac: receive RaftClientReply:client-83AFC0B42279->fd4515e9-84f2-4741-b1f5-a9247145a2ac@group-E2152A48AE85, cid=2484, SUCCESS, logIndex=3671, commits[fd4515e9-84f2-4741-b1f5-a9247145a2ac:c3671, 2e3e112c-ad01-4834-a07e-d6d8a7947632:c3667, dfee02f7-0d20-4e08-8ecd-ebe087394a07:c3667]
2019-07-08 20:09:40,632 INFO  client.GrpcClientProtocolClient (GrpcClientProtocolClient.java:onNext(255)) - client-83AFC0B42279->fd4515e9-84f2-4741-b1f5-a9247145a2ac: receive RaftClientReply:client-83AFC0B42279->fd4515e9-84f2-4741-b1f5-a9247145a2ac@group-E2152A48AE85, cid=2485, SUCCESS, logIndex=0, commits[fd4515e9-84f2-4741-b1f5-a9247145a2ac:c3674, 2e3e112c-ad01-4834-a07e-d6d8a7947632:c3671, dfee02f7-0d20-4e08-8ecd-ebe087394a07:c3669]
2019-07-08 20:09:40,652 INFO  client.GrpcClientProtocolClient (GrpcClientProtocolClient.java:onNext(255)) - client-83AFC0B42279->fd4515e9-84f2-4741-b1f5-a9247145a2ac: receive RaftClientReply:client-83AFC0B42279->fd4515e9-84f2-4741-b1f5-a9247145a2ac@group-E2152A48AE85, cid=2486, SUCCESS, logIndex=3675, commits[fd4515e9-84f2-4741-b1f5-a9247145a2ac:c3676, 2e3e112c-ad01-4834-a07e-d6d8a7947632:c3674, dfee02f7-0d20-4e08-8ecd-ebe087394a07:c3674]
2019-07-08 20:09:40,652 INFO  client.GrpcClientProtocolClient (GrpcClientProtocolClient.java:onNext(255)) - client-83AFC0B42279->fd4515e9-84f2-4741-b1f5-a9247145a2ac: receive RaftClientReply:client-83AFC0B42279->fd4515e9-84f2-4741-b1f5-a9247145a2ac@group-E2152A48AE85, cid=2487, SUCCESS, logIndex=3676, commits[fd4515e9-84f2-4741-b1f5-a9247145a2ac:c3676, 2e3e112c-ad01-4834-a07e-d6d8a7947632:c3674, dfee02f7-0d20-4e08-8ecd-ebe087394a07:c3674]
2019-07-08 20:09:40,678 INFO  client.GrpcClientProtocolClient (GrpcClientProtocolClient.java:onNext(255)) - client-83AFC0B42279->fd4515e9-84f2-4741-b1f5-a9247145a2ac: receive RaftClientReply:client-83AFC0B42279->fd4515e9-84f2-4741-b1f5-a9247145a2ac@group-E2152A48AE85, cid=2488, SUCCESS, logIndex=3679, commits[fd4515e9-84f2-4741-b1f5-a9247145a2ac:c3679, 2e3e112c-ad01-4834-a07e-d6d8a7947632:c3676, dfee02f7-0d20-4e08-8ecd-ebe087394a07:c3676]
2019-07-08 20:09:40,679 INFO  client.GrpcClientProtocolClient (GrpcClientProtocolClient.java:onNext(255)) - client-83AFC0B42279->fd4515e9-84f2-4741-b1f5-a9247145a2ac: receive RaftClientReply:client-83AFC0B42279->fd4515e9-84f2-4741-b1f5-a9247145a2ac@group-E2152A48AE85, cid=2489, SUCCESS, logIndex=3680, commits[fd4515e9-84f2-4741-b1f5-a9247145a2ac:c3680, 2e3e112c-ad01-4834-a07e-d6d8a7947632:c3676, dfee02f7-0d20-4e08-8ecd-ebe087394a07:c3676]
2019-07-08 20:09:40,694 INFO  client.GrpcClientProtocolClient (GrpcClientProtocolClient.java:onNext(255)) - client-83AFC0B42279->fd4515e9-84f2-4741-b1f5-a9247145a2ac: receive RaftClientReply:client-83AFC0B42279->fd4515e9-84f2-4741-b1f5-a9247145a2ac@group-E2152A48AE85, cid=2490, SUCCESS, logIndex=0, commits[fd4515e9-84f2-4741-b1f5-a9247145a2ac:c3682, 2e3e112c-ad01-4834-a07e-d6d8a7947632:c3680, dfee02f7-0d20-4e08-8ecd-ebe087394a07:c3680]
2019-07-08 20:09:40,724 INFO  client.GrpcClientProtocolClient (GrpcClientProtocolClient.java:onNext(255)) - client-83AFC0B42279->fd4515e9-84f2-4741-b1f5-a9247145a2ac: receive RaftClientReply:client-83AFC0B42279->fd4515e9-84f2-4741-b1f5-a9247145a2ac@group-E2152A48AE85, cid=2491, SUCCESS, logIndex=3683, commits[fd4515e9-84f2-4741-b1f5-a9247145a2ac:c3684, 2e3e112c-ad01-4834-a07e-d6d8a7947632:c3682, dfee02f7-0d20-4e08-8ecd-ebe087394a07:c3682]
2019-07-08 20:09:40,725 INFO  client.GrpcClientProtocolClient (GrpcClientProtocolClient.java:onNext(255)) - client-83AFC0B42279->fd4515e9-84f2-4741-b1f5-a9247145a2ac: receive RaftClientReply:client-83AFC0B42279->fd4515e9-84f2-4741-b1f5-a9247145a2ac@group-E2152A48AE85, cid=2492, SUCCESS, logIndex=3684, commits[fd4515e9-84f2-4741-b1f5-a9247145a2ac:c3684, 2e3e112c-ad01-4834-a07e-d6d8a7947632:c3682, dfee02f7-0d20-4e08-8ecd-ebe087394a07:c3682]
2019-07-08 20:09:40,735 INFO  client.GrpcClientProtocolClient (GrpcClientProtocolClient.java:onNext(255)) - client-83AFC0B42279->fd4515e9-84f2-4741-b1f5-a9247145a2ac: receive RaftClientReply:client-83AFC0B42279->fd4515e9-84f2-4741-b1f5-a9247145a2ac@group-E2152A48AE85, cid=2493, SUCCESS, logIndex=3685, commits[fd4515e9-84f2-4741-b1f5-a9247145a2ac:c3686, 2e3e112c-ad01-4834-a07e-d6d8a7947632:c3682, dfee02f7-0d20-4e08-8ecd-ebe087394a07:c3682]
2019-07-08 20:09:40,736 INFO  client.GrpcClientProtocolClient (GrpcClientProtocolClient.java:onNext(255)) - client-83AFC0B42279->fd4515e9-84f2-4741-b1f5-a9247145a2ac: receive RaftClientReply:client-83AFC0B42279->fd4515e9-84f2-4741-b1f5-a9247145a2ac@group-E2152A48AE85, cid=2494, SUCCESS, logIndex=3686, commits[fd4515e9-84f2-4741-b1f5-a9247145a2ac:c3686, 2e3e112c-ad01-4834-a07e-d6d8a7947632:c3682, dfee02f7-0d20-4e08-8ecd-ebe087394a07:c3682]
2019-07-08 20:09:40,738 INFO  client.GrpcClientProtocolClient (GrpcClientProtocolClient.java:onNext(255)) - client-83AFC0B42279->fd4515e9-84f2-4741-b1f5-a9247145a2ac: receive RaftClientReply:client-83AFC0B42279->fd4515e9-84f2-4741-b1f5-a9247145a2ac@group-E2152A48AE85, cid=2495, SUCCESS, logIndex=0, commits[fd4515e9-84f2-4741-b1f5-a9247145a2ac:c3688, 2e3e112c-ad01-4834-a07e-d6d8a7947632:c3684, dfee02f7-0d20-4e08-8ecd-ebe087394a07:c3684]
2019-07-08 20:09:40,753 INFO  client.GrpcClientProtocolClient (GrpcClientProtocolClient.java:onNext(255)) - client-83AFC0B42279->fd4515e9-84f2-4741-b1f5-a9247145a2ac: receive RaftClientReply:client-83AFC0B42279->fd4515e9-84f2-4741-b1f5-a9247145a2ac@group-E2152A48AE85, cid=2496, SUCCESS, logIndex=3691, commits[fd4515e9-84f2-4741-b1f5-a9247145a2ac:c3692, 2e3e112c-ad01-4834-a07e-d6d8a7947632:c3688, dfee02f7-0d20-4e08-8ecd-ebe087394a07:c3688]
2019-07-08 20:09:40,753 INFO  client.GrpcClientProtocolClient (GrpcClientProtocolClient.java:onNext(255)) - client-83AFC0B42279->fd4515e9-84f2-4741-b1f5-a9247145a2ac: receive RaftClientReply:client-83AFC0B42279->fd4515e9-84f2-4741-b1f5-a9247145a2ac@group-E2152A48AE85, cid=2497, SUCCESS, logIndex=3692, commits[fd4515e9-84f2-4741-b1f5-a9247145a2ac:c3692, 2e3e112c-ad01-4834-a07e-d6d8a7947632:c3688, dfee02f7-0d20-4e08-8ecd-ebe087394a07:c3688]
2019-07-08 20:09:40,770 INFO  client.GrpcClientProtocolClient (GrpcClientProtocolClient.java:onNext(255)) - client-83AFC0B42279->fd4515e9-84f2-4741-b1f5-a9247145a2ac: receive RaftClientReply:client-83AFC0B42279->fd4515e9-84f2-4741-b1f5-a9247145a2ac@group-E2152A48AE85, cid=2498, SUCCESS, logIndex=3695, commits[fd4515e9-84f2-4741-b1f5-a9247145a2ac:c3696, 2e3e112c-ad01-4834-a07e-d6d8a7947632:c3694, dfee02f7-0d20-4e08-8ecd-ebe087394a07:c3694]
2019-07-08 20:09:40,770 INFO  client.GrpcClientProtocolClient (GrpcClientProtocolClient.java:onNext(255)) - client-83AFC0B42279->fd4515e9-84f2-4741-b1f5-a9247145a2ac: receive RaftClientReply:client-83AFC0B42279->fd4515e9-84f2-4741-b1f5-a9247145a2ac@group-E2152A48AE85, cid=2499, SUCCESS, logIndex=3696, commits[fd4515e9-84f2-4741-b1f5-a9247145a2ac:c3696, 2e3e112c-ad01-4834-a07e-d6d8a7947632:c3694, dfee02f7-0d20-4e08-8ecd-ebe087394a07:c3694]
2019-07-08 20:09:40,788 INFO  client.GrpcClientProtocolClient (GrpcClientProtocolClient.java:onNext(255)) - client-83AFC0B42279->fd4515e9-84f2-4741-b1f5-a9247145a2ac: receive RaftClientReply:client-83AFC0B42279->fd4515e9-84f2-4741-b1f5-a9247145a2ac@group-E2152A48AE85, cid=2500, SUCCESS, logIndex=0, commits[fd4515e9-84f2-4741-b1f5-a9247145a2ac:c3697, 2e3e112c-ad01-4834-a07e-d6d8a7947632:c3696, dfee02f7-0d20-4e08-8ecd-ebe087394a07:c3696]
2019-07-08 20:09:40,820 INFO  client.GrpcClientProtocolClient (GrpcClientProtocolClient.java:onNext(255)) - client-83AFC0B42279->fd4515e9-84f2-4741-b1f5-a9247145a2ac: receive RaftClientReply:client-83AFC0B42279->fd4515e9-84f2-4741-b1f5-a9247145a2ac@group-E2152A48AE85, cid=2501, SUCCESS, logIndex=3699, commits[fd4515e9-84f2-4741-b1f5-a9247145a2ac:c3702, 2e3e112c-ad01-4834-a07e-d6d8a7947632:c3698, dfee02f7-0d20-4e08-8ecd-ebe087394a07:c3698]
2019-07-08 20:09:40,821 INFO  client.GrpcClientProtocolClient (GrpcClientProtocolClient.java:onNext(255)) - client-83AFC0B42279->fd4515e9-84f2-4741-b1f5-a9247145a2ac: receive RaftClientReply:client-83AFC0B42279->fd4515e9-84f2-4741-b1f5-a9247145a2ac@group-E2152A48AE85, cid=2502, SUCCESS, logIndex=3700, commits[fd4515e9-84f2-4741-b1f5-a9247145a2ac:c3702, 2e3e112c-ad01-4834-a07e-d6d8a7947632:c3698, dfee02f7-0d20-4e08-8ecd-ebe087394a07:c3698]
2019-07-08 20:09:40,821 INFO  client.GrpcClientProtocolClient (GrpcClientProtocolClient.java:onNext(255)) - client-83AFC0B42279->fd4515e9-84f2-4741-b1f5-a9247145a2ac: receive RaftClientReply:client-83AFC0B42279->fd4515e9-84f2-4741-b1f5-a9247145a2ac@group-E2152A48AE85, cid=2503, SUCCESS, logIndex=3701, commits[fd4515e9-84f2-4741-b1f5-a9247145a2ac:c3702, 2e3e112c-ad01-4834-a07e-d6d8a7947632:c3698, dfee02f7-0d20-4e08-8ecd-ebe087394a07:c3698]
2019-07-08 20:09:40,821 INFO  client.GrpcClientProtocolClient (GrpcClientProtocolClient.java:onNext(255)) - client-83AFC0B42279->fd4515e9-84f2-4741-b1f5-a9247145a2ac: receive RaftClientReply:client-83AFC0B42279->fd4515e9-84f2-4741-b1f5-a9247145a2ac@group-E2152A48AE85, cid=2504, SUCCESS, logIndex=3702, commits[fd4515e9-84f2-4741-b1f5-a9247145a2ac:c3702, 2e3e112c-ad01-4834-a07e-d6d8a7947632:c3698, dfee02f7-0d20-4e08-8ecd-ebe087394a07:c3698]
2019-07-08 20:09:40,836 INFO  client.GrpcClientProtocolClient (GrpcClientProtocolClient.java:onNext(255)) - client-83AFC0B42279->fd4515e9-84f2-4741-b1f5-a9247145a2ac: receive RaftClientReply:client-83AFC0B42279->fd4515e9-84f2-4741-b1f5-a9247145a2ac@group-E2152A48AE85, cid=2505, SUCCESS, logIndex=0, commits[fd4515e9-84f2-4741-b1f5-a9247145a2ac:c3706, 2e3e112c-ad01-4834-a07e-d6d8a7947632:c3702, dfee02f7-0d20-4e08-8ecd-ebe087394a07:c3700]
2019-07-08 20:09:40,855 INFO  client.GrpcClientProtocolClient (GrpcClientProtocolClient.java:onNext(255)) - client-83AFC0B42279->fd4515e9-84f2-4741-b1f5-a9247145a2ac: receive RaftClientReply:client-83AFC0B42279->fd4515e9-84f2-4741-b1f5-a9247145a2ac@group-E2152A48AE85, cid=2506, SUCCESS, logIndex=3707, commits[fd4515e9-84f2-4741-b1f5-a9247145a2ac:c3708, 2e3e112c-ad01-4834-a07e-d6d8a7947632:c3706, dfee02f7-0d20-4e08-8ecd-ebe087394a07:c3706]
2019-07-08 20:09:40,855 INFO  client.GrpcClientProtocolClient (GrpcClientProtocolClient.java:onNext(255)) - client-83AFC0B42279->fd4515e9-84f2-4741-b1f5-a9247145a2ac: receive RaftClientReply:client-83AFC0B42279->fd4515e9-84f2-4741-b1f5-a9247145a2ac@group-E2152A48AE85, cid=2507, SUCCESS, logIndex=3708, commits[fd4515e9-84f2-4741-b1f5-a9247145a2ac:c3708, 2e3e112c-ad01-4834-a07e-d6d8a7947632:c3706, dfee02f7-0d20-4e08-8ecd-ebe087394a07:c3706]
2019-07-08 20:09:40,881 INFO  client.GrpcClientProtocolClient (GrpcClientProtocolClient.java:onNext(255)) - client-83AFC0B42279->fd4515e9-84f2-4741-b1f5-a9247145a2ac: receive RaftClientReply:client-83AFC0B42279->fd4515e9-84f2-4741-b1f5-a9247145a2ac@group-E2152A48AE85, cid=2508, SUCCESS, logIndex=3711, commits[fd4515e9-84f2-4741-b1f5-a9247145a2ac:c3712, 2e3e112c-ad01-4834-a07e-d6d8a7947632:c3708, dfee02f7-0d20-4e08-8ecd-ebe087394a07:c3708]
2019-07-08 20:09:40,882 INFO  client.GrpcClientProtocolClient (GrpcClientProtocolClient.java:onNext(255)) - client-83AFC0B42279->fd4515e9-84f2-4741-b1f5-a9247145a2ac: receive RaftClientReply:client-83AFC0B42279->fd4515e9-84f2-4741-b1f5-a9247145a2ac@group-E2152A48AE85, cid=2509, SUCCESS, logIndex=3712, commits[fd4515e9-84f2-4741-b1f5-a9247145a2ac:c3712, 2e3e112c-ad01-4834-a07e-d6d8a7947632:c3708, dfee02f7-0d20-4e08-8ecd-ebe087394a07:c3708]
2019-07-08 20:09:40,894 INFO  client.GrpcClientProtocolClient (GrpcClientProtocolClient.java:onNext(255)) - client-83AFC0B42279->fd4515e9-84f2-4741-b1f5-a9247145a2ac: receive RaftClientReply:client-83AFC0B42279->fd4515e9-84f2-4741-b1f5-a9247145a2ac@group-E2152A48AE85, cid=2510, SUCCESS, logIndex=0, commits[fd4515e9-84f2-4741-b1f5-a9247145a2ac:c3713, 2e3e112c-ad01-4834-a07e-d6d8a7947632:c3712, dfee02f7-0d20-4e08-8ecd-ebe087394a07:c3712]
2019-07-08 20:09:40,920 INFO  client.GrpcClientProtocolClient (GrpcClientProtocolClient.java:onNext(255)) - client-83AFC0B42279->fd4515e9-84f2-4741-b1f5-a9247145a2ac: receive RaftClientReply:client-83AFC0B42279->fd4515e9-84f2-4741-b1f5-a9247145a2ac@group-E2152A48AE85, cid=2511, SUCCESS, logIndex=3715, commits[fd4515e9-84f2-4741-b1f5-a9247145a2ac:c3716, 2e3e112c-ad01-4834-a07e-d6d8a7947632:c3713, dfee02f7-0d20-4e08-8ecd-ebe087394a07:c3713]
2019-07-08 20:09:40,921 INFO  client.GrpcClientProtocolClient (GrpcClientProtocolClient.java:onNext(255)) - client-83AFC0B42279->fd4515e9-84f2-4741-b1f5-a9247145a2ac: receive RaftClientReply:client-83AFC0B42279->fd4515e9-84f2-4741-b1f5-a9247145a2ac@group-E2152A48AE85, cid=2512, SUCCESS, logIndex=3716, commits[fd4515e9-84f2-4741-b1f5-a9247145a2ac:c3718, 2e3e112c-ad01-4834-a07e-d6d8a7947632:c3714, dfee02f7-0d20-4e08-8ecd-ebe087394a07:c3714]
2019-07-08 20:09:40,921 INFO  client.GrpcClientProtocolClient (GrpcClientProtocolClient.java:onNext(255)) - client-83AFC0B42279->fd4515e9-84f2-4741-b1f5-a9247145a2ac: receive RaftClientReply:client-83AFC0B42279->fd4515e9-84f2-4741-b1f5-a9247145a2ac@group-E2152A48AE85, cid=2513, SUCCESS, logIndex=3717, commits[fd4515e9-84f2-4741-b1f5-a9247145a2ac:c3718, 2e3e112c-ad01-4834-a07e-d6d8a7947632:c3714, dfee02f7-0d20-4e08-8ecd-ebe087394a07:c3714]
2019-07-08 20:09:40,921 INFO  client.GrpcClientProtocolClient (GrpcClientProtocolClient.java:onNext(255)) - client-83AFC0B42279->fd4515e9-84f2-4741-b1f5-a9247145a2ac: receive RaftClientReply:client-83AFC0B42279->fd4515e9-84f2-4741-b1f5-a9247145a2ac@group-E2152A48AE85, cid=2514, SUCCESS, logIndex=3718, commits[fd4515e9-84f2-4741-b1f5-a9247145a2ac:c3718, 2e3e112c-ad01-4834-a07e-d6d8a7947632:c3714, dfee02f7-0d20-4e08-8ecd-ebe087394a07:c3714]
2019-07-08 20:09:40,934 INFO  client.GrpcClientProtocolClient (GrpcClientProtocolClient.java:onNext(255)) - client-83AFC0B42279->fd4515e9-84f2-4741-b1f5-a9247145a2ac: receive RaftClientReply:client-83AFC0B42279->fd4515e9-84f2-4741-b1f5-a9247145a2ac@group-E2152A48AE85, cid=2515, SUCCESS, logIndex=0, commits[fd4515e9-84f2-4741-b1f5-a9247145a2ac:c3719, 2e3e112c-ad01-4834-a07e-d6d8a7947632:c3716, dfee02f7-0d20-4e08-8ecd-ebe087394a07:c3716]
2019-07-08 20:09:40,949 INFO  client.GrpcClientProtocolClient (GrpcClientProtocolClient.java:onNext(255)) - client-83AFC0B42279->fd4515e9-84f2-4741-b1f5-a9247145a2ac: receive RaftClientReply:client-83AFC0B42279->fd4515e9-84f2-4741-b1f5-a9247145a2ac@group-E2152A48AE85, cid=2516, SUCCESS, logIndex=3722, commits[fd4515e9-84f2-4741-b1f5-a9247145a2ac:c3723, 2e3e112c-ad01-4834-a07e-d6d8a7947632:c3721, dfee02f7-0d20-4e08-8ecd-ebe087394a07:c3718]
2019-07-08 20:09:40,950 INFO  client.GrpcClientProtocolClient (GrpcClientProtocolClient.java:onNext(255)) - client-83AFC0B42279->fd4515e9-84f2-4741-b1f5-a9247145a2ac: receive RaftClientReply:client-83AFC0B42279->fd4515e9-84f2-4741-b1f5-a9247145a2ac@group-E2152A48AE85, cid=2517, SUCCESS, logIndex=3723, commits[fd4515e9-84f2-4741-b1f5-a9247145a2ac:c3723, 2e3e112c-ad01-4834-a07e-d6d8a7947632:c3721, dfee02f7-0d20-4e08-8ecd-ebe087394a07:c3718]
2019-07-08 20:09:40,965 INFO  client.GrpcClientProtocolClient (GrpcClientProtocolClient.java:onNext(255)) - client-83AFC0B42279->fd4515e9-84f2-4741-b1f5-a9247145a2ac: receive RaftClientReply:client-83AFC0B42279->fd4515e9-84f2-4741-b1f5-a9247145a2ac@group-E2152A48AE85, cid=2518, SUCCESS, logIndex=3726, commits[fd4515e9-84f2-4741-b1f5-a9247145a2ac:c3727, 2e3e112c-ad01-4834-a07e-d6d8a7947632:c3723, dfee02f7-0d20-4e08-8ecd-ebe087394a07:c3723]
2019-07-08 20:09:40,966 INFO  client.GrpcClientProtocolClient (GrpcClientProtocolClient.java:onNext(255)) - client-83AFC0B42279->fd4515e9-84f2-4741-b1f5-a9247145a2ac: receive RaftClientReply:client-83AFC0B42279->fd4515e9-84f2-4741-b1f5-a9247145a2ac@group-E2152A48AE85, cid=2519, SUCCESS, logIndex=3727, commits[fd4515e9-84f2-4741-b1f5-a9247145a2ac:c3727, 2e3e112c-ad01-4834-a07e-d6d8a7947632:c3723, dfee02f7-0d20-4e08-8ecd-ebe087394a07:c3723]
2019-07-08 20:09:40,969 INFO  client.GrpcClientProtocolClient (GrpcClientProtocolClient.java:onNext(255)) - client-83AFC0B42279->fd4515e9-84f2-4741-b1f5-a9247145a2ac: receive RaftClientReply:client-83AFC0B42279->fd4515e9-84f2-4741-b1f5-a9247145a2ac@group-E2152A48AE85, cid=2520, SUCCESS, logIndex=0, commits[fd4515e9-84f2-4741-b1f5-a9247145a2ac:c3728, 2e3e112c-ad01-4834-a07e-d6d8a7947632:c3727, dfee02f7-0d20-4e08-8ecd-ebe087394a07:c3727]
2019-07-08 20:09:40,989 INFO  client.GrpcClientProtocolClient (GrpcClientProtocolClient.java:onNext(255)) - client-83AFC0B42279->fd4515e9-84f2-4741-b1f5-a9247145a2ac: receive RaftClientReply:client-83AFC0B42279->fd4515e9-84f2-4741-b1f5-a9247145a2ac@group-E2152A48AE85, cid=2521, SUCCESS, logIndex=3729, commits[fd4515e9-84f2-4741-b1f5-a9247145a2ac:c3730, 2e3e112c-ad01-4834-a07e-d6d8a7947632:c3727, dfee02f7-0d20-4e08-8ecd-ebe087394a07:c3728]
2019-07-08 20:09:40,990 INFO  client.GrpcClientProtocolClient (GrpcClientProtocolClient.java:onNext(255)) - client-83AFC0B42279->fd4515e9-84f2-4741-b1f5-a9247145a2ac: receive RaftClientReply:client-83AFC0B42279->fd4515e9-84f2-4741-b1f5-a9247145a2ac@group-E2152A48AE85, cid=2522, SUCCESS, logIndex=3730, commits[fd4515e9-84f2-4741-b1f5-a9247145a2ac:c3730, 2e3e112c-ad01-4834-a07e-d6d8a7947632:c3727, dfee02f7-0d20-4e08-8ecd-ebe087394a07:c3728]
2019-07-08 20:09:40,992 INFO  client.GrpcClientProtocolClient (GrpcClientProtocolClient.java:onNext(255)) - client-83AFC0B42279->fd4515e9-84f2-4741-b1f5-a9247145a2ac: receive RaftClientReply:client-83AFC0B42279->fd4515e9-84f2-4741-b1f5-a9247145a2ac@group-E2152A48AE85, cid=2523, SUCCESS, logIndex=3731, commits[fd4515e9-84f2-4741-b1f5-a9247145a2ac:c3732, 2e3e112c-ad01-4834-a07e-d6d8a7947632:c3728, dfee02f7-0d20-4e08-8ecd-ebe087394a07:c3728]
2019-07-08 20:09:40,992 INFO  client.GrpcClientProtocolClient (GrpcClientProtocolClient.java:onNext(255)) - client-83AFC0B42279->fd4515e9-84f2-4741-b1f5-a9247145a2ac: receive RaftClientReply:client-83AFC0B42279->fd4515e9-84f2-4741-b1f5-a9247145a2ac@group-E2152A48AE85, cid=2524, SUCCESS, logIndex=3732, commits[fd4515e9-84f2-4741-b1f5-a9247145a2ac:c3733, 2e3e112c-ad01-4834-a07e-d6d8a7947632:c3730, dfee02f7-0d20-4e08-8ecd-ebe087394a07:c3730]
2019-07-08 20:09:41,002 INFO  client.GrpcClientProtocolClient (GrpcClientProtocolClient.java:onNext(255)) - client-83AFC0B42279->fd4515e9-84f2-4741-b1f5-a9247145a2ac: receive RaftClientReply:client-83AFC0B42279->fd4515e9-84f2-4741-b1f5-a9247145a2ac@group-E2152A48AE85, cid=2525, SUCCESS, logIndex=3737, commits[fd4515e9-84f2-4741-b1f5-a9247145a2ac:c3738, 2e3e112c-ad01-4834-a07e-d6d8a7947632:c3735, dfee02f7-0d20-4e08-8ecd-ebe087394a07:c3732]
2019-07-08 20:09:41,002 INFO  client.GrpcClientProtocolClient (GrpcClientProtocolClient.java:onNext(255)) - client-83AFC0B42279->fd4515e9-84f2-4741-b1f5-a9247145a2ac: receive RaftClientReply:client-83AFC0B42279->fd4515e9-84f2-4741-b1f5-a9247145a2ac@group-E2152A48AE85, cid=2526, SUCCESS, logIndex=3738, commits[fd4515e9-84f2-4741-b1f5-a9247145a2ac:c3738, 2e3e112c-ad01-4834-a07e-d6d8a7947632:c3735, dfee02f7-0d20-4e08-8ecd-ebe087394a07:c3736]
2019-07-08 20:09:41,012 INFO  client.GrpcClientProtocolClient (GrpcClientProtocolClient.java:onNext(255)) - client-83AFC0B42279->fd4515e9-84f2-4741-b1f5-a9247145a2ac: receive RaftClientReply:client-83AFC0B42279->fd4515e9-84f2-4741-b1f5-a9247145a2ac@group-E2152A48AE85, cid=2527, SUCCESS, logIndex=3741, commits[fd4515e9-84f2-4741-b1f5-a9247145a2ac:c3742, 2e3e112c-ad01-4834-a07e-d6d8a7947632:c3738, dfee02f7-0d20-4e08-8ecd-ebe087394a07:c3739]
2019-07-08 20:09:41,012 INFO  client.GrpcClientProtocolClient (GrpcClientProtocolClient.java:onNext(255)) - client-83AFC0B42279->fd4515e9-84f2-4741-b1f5-a9247145a2ac: receive RaftClientReply:client-83AFC0B42279->fd4515e9-84f2-4741-b1f5-a9247145a2ac@group-E2152A48AE85, cid=2528, SUCCESS, logIndex=3742, commits[fd4515e9-84f2-4741-b1f5-a9247145a2ac:c3742, 2e3e112c-ad01-4834-a07e-d6d8a7947632:c3738, dfee02f7-0d20-4e08-8ecd-ebe087394a07:c3739]
2019-07-08 20:09:41,018 INFO  client.GrpcClientProtocolClient (GrpcClientProtocolClient.java:onNext(255)) - client-83AFC0B42279->fd4515e9-84f2-4741-b1f5-a9247145a2ac: receive RaftClientReply:client-83AFC0B42279->fd4515e9-84f2-4741-b1f5-a9247145a2ac@group-E2152A48AE85, cid=2529, SUCCESS, logIndex=0, commits[fd4515e9-84f2-4741-b1f5-a9247145a2ac:c3744, 2e3e112c-ad01-4834-a07e-d6d8a7947632:c3742, dfee02f7-0d20-4e08-8ecd-ebe087394a07:c3742]
2019-07-08 20:09:41,043 INFO  client.GrpcClientProtocolClient (GrpcClientProtocolClient.java:onNext(255)) - client-83AFC0B42279->fd4515e9-84f2-4741-b1f5-a9247145a2ac: receive RaftClientReply:client-83AFC0B42279->fd4515e9-84f2-4741-b1f5-a9247145a2ac@group-E2152A48AE85, cid=2530, SUCCESS, logIndex=3745, commits[fd4515e9-84f2-4741-b1f5-a9247145a2ac:c3746, 2e3e112c-ad01-4834-a07e-d6d8a7947632:c3744, dfee02f7-0d20-4e08-8ecd-ebe087394a07:c3744]
2019-07-08 20:09:41,044 INFO  client.GrpcClientProtocolClient (GrpcClientProtocolClient.java:onNext(255)) - client-83AFC0B42279->fd4515e9-84f2-4741-b1f5-a9247145a2ac: receive RaftClientReply:client-83AFC0B42279->fd4515e9-84f2-4741-b1f5-a9247145a2ac@group-E2152A48AE85, cid=2531, SUCCESS, logIndex=3746, commits[fd4515e9-84f2-4741-b1f5-a9247145a2ac:c3748, 2e3e112c-ad01-4834-a07e-d6d8a7947632:c3744, dfee02f7-0d20-4e08-8ecd-ebe087394a07:c3744]
2019-07-08 20:09:41,045 INFO  client.GrpcClientProtocolClient (GrpcClientProtocolClient.java:onNext(255)) - client-83AFC0B42279->fd4515e9-84f2-4741-b1f5-a9247145a2ac: receive RaftClientReply:client-83AFC0B42279->fd4515e9-84f2-4741-b1f5-a9247145a2ac@group-E2152A48AE85, cid=2532, SUCCESS, logIndex=3747, commits[fd4515e9-84f2-4741-b1f5-a9247145a2ac:c3748, 2e3e112c-ad01-4834-a07e-d6d8a7947632:c3744, dfee02f7-0d20-4e08-8ecd-ebe087394a07:c3744]
2019-07-08 20:09:41,045 INFO  client.GrpcClientProtocolClient (GrpcClientProtocolClient.java:onNext(255)) - client-83AFC0B42279->fd4515e9-84f2-4741-b1f5-a9247145a2ac: receive RaftClientReply:client-83AFC0B42279->fd4515e9-84f2-4741-b1f5-a9247145a2ac@group-E2152A48AE85, cid=2533, SUCCESS, logIndex=3748, commits[fd4515e9-84f2-4741-b1f5-a9247145a2ac:c3748, 2e3e112c-ad01-4834-a07e-d6d8a7947632:c3744, dfee02f7-0d20-4e08-8ecd-ebe087394a07:c3744]
2019-07-08 20:09:41,046 INFO  client.GrpcClientProtocolClient (GrpcClientProtocolClient.java:onNext(255)) - client-83AFC0B42279->fd4515e9-84f2-4741-b1f5-a9247145a2ac: receive RaftClientReply:client-83AFC0B42279->fd4515e9-84f2-4741-b1f5-a9247145a2ac@group-E2152A48AE85, cid=2534, SUCCESS, logIndex=0, commits[fd4515e9-84f2-4741-b1f5-a9247145a2ac:c3750, 2e3e112c-ad01-4834-a07e-d6d8a7947632:c3746, dfee02f7-0d20-4e08-8ecd-ebe087394a07:c3746]
2019-07-08 20:09:41,069 INFO  client.GrpcClientProtocolClient (GrpcClientProtocolClient.java:onNext(255)) - client-83AFC0B42279->fd4515e9-84f2-4741-b1f5-a9247145a2ac: receive RaftClientReply:client-83AFC0B42279->fd4515e9-84f2-4741-b1f5-a9247145a2ac@group-E2152A48AE85, cid=2535, SUCCESS, logIndex=3753, commits[fd4515e9-84f2-4741-b1f5-a9247145a2ac:c3754, 2e3e112c-ad01-4834-a07e-d6d8a7947632:c3752, dfee02f7-0d20-4e08-8ecd-ebe087394a07:c3752]
2019-07-08 20:09:41,069 INFO  client.GrpcClientProtocolClient (GrpcClientProtocolClient.java:onNext(255)) - client-83AFC0B42279->fd4515e9-84f2-4741-b1f5-a9247145a2ac: receive RaftClientReply:client-83AFC0B42279->fd4515e9-84f2-4741-b1f5-a9247145a2ac@group-E2152A48AE85, cid=2536, SUCCESS, logIndex=3754, commits[fd4515e9-84f2-4741-b1f5-a9247145a2ac:c3754, 2e3e112c-ad01-4834-a07e-d6d8a7947632:c3752, dfee02f7-0d20-4e08-8ecd-ebe087394a07:c3752]
2019-07-08 20:09:41,084 INFO  client.GrpcClientProtocolClient (GrpcClientProtocolClient.java:onNext(255)) - client-83AFC0B42279->fd4515e9-84f2-4741-b1f5-a9247145a2ac: receive RaftClientReply:client-83AFC0B42279->fd4515e9-84f2-4741-b1f5-a9247145a2ac@group-E2152A48AE85, cid=2537, SUCCESS, logIndex=3757, commits[fd4515e9-84f2-4741-b1f5-a9247145a2ac:c3757, 2e3e112c-ad01-4834-a07e-d6d8a7947632:c3754, dfee02f7-0d20-4e08-8ecd-ebe087394a07:c3754]
2019-07-08 20:09:41,084 INFO  client.GrpcClientProtocolClient (GrpcClientProtocolClient.java:onNext(255)) - client-83AFC0B42279->fd4515e9-84f2-4741-b1f5-a9247145a2ac: receive RaftClientReply:client-83AFC0B42279->fd4515e9-84f2-4741-b1f5-a9247145a2ac@group-E2152A48AE85, cid=2538, SUCCESS, logIndex=3758, commits[fd4515e9-84f2-4741-b1f5-a9247145a2ac:c3758, 2e3e112c-ad01-4834-a07e-d6d8a7947632:c3754, dfee02f7-0d20-4e08-8ecd-ebe087394a07:c3754]
2019-07-08 20:09:41,097 INFO  client.GrpcClientProtocolClient (GrpcClientProtocolClient.java:onNext(255)) - client-83AFC0B42279->fd4515e9-84f2-4741-b1f5-a9247145a2ac: receive RaftClientReply:client-83AFC0B42279->fd4515e9-84f2-4741-b1f5-a9247145a2ac@group-E2152A48AE85, cid=2539, SUCCESS, logIndex=0, commits[fd4515e9-84f2-4741-b1f5-a9247145a2ac:c3760, 2e3e112c-ad01-4834-a07e-d6d8a7947632:c3758, dfee02f7-0d20-4e08-8ecd-ebe087394a07:c3758]
 0.00% |█                                                                                                    |  0/1 Time: 0:00:202019-07-08 20:09:41,126 INFO  client.GrpcClientProtocolClient (GrpcClientProtocolClient.java:onNext(255)) - client-83AFC0B42279->fd4515e9-84f2-4741-b1f5-a9247145a2ac: receive RaftClientReply:client-83AFC0B42279->fd4515e9-84f2-4741-b1f5-a9247145a2ac@group-E2152A48AE85, cid=2540, SUCCESS, logIndex=3761, commits[fd4515e9-84f2-4741-b1f5-a9247145a2ac:c3762, 2e3e112c-ad01-4834-a07e-d6d8a7947632:c3760, dfee02f7-0d20-4e08-8ecd-ebe087394a07:c3760]
2019-07-08 20:09:41,127 INFO  client.GrpcClientProtocolClient (GrpcClientProtocolClient.java:onNext(255)) - client-83AFC0B42279->fd4515e9-84f2-4741-b1f5-a9247145a2ac: receive RaftClientReply:client-83AFC0B42279->fd4515e9-84f2-4741-b1f5-a9247145a2ac@group-E2152A48AE85, cid=2541, SUCCESS, logIndex=3762, commits[fd4515e9-84f2-4741-b1f5-a9247145a2ac:c3762, 2e3e112c-ad01-4834-a07e-d6d8a7947632:c3760, dfee02f7-0d20-4e08-8ecd-ebe087394a07:c3760]
2019-07-08 20:09:41,139 INFO  client.GrpcClientProtocolClient (GrpcClientProtocolClient.java:onNext(255)) - client-83AFC0B42279->fd4515e9-84f2-4741-b1f5-a9247145a2ac: receive RaftClientReply:client-83AFC0B42279->fd4515e9-84f2-4741-b1f5-a9247145a2ac@group-E2152A48AE85, cid=2542, SUCCESS, logIndex=3763, commits[fd4515e9-84f2-4741-b1f5-a9247145a2ac:c3764, 2e3e112c-ad01-4834-a07e-d6d8a7947632:c3760, dfee02f7-0d20-4e08-8ecd-ebe087394a07:c3760]
2019-07-08 20:09:41,139 INFO  client.GrpcClientProtocolClient (GrpcClientProtocolClient.java:onNext(255)) - client-83AFC0B42279->fd4515e9-84f2-4741-b1f5-a9247145a2ac: receive RaftClientReply:client-83AFC0B42279->fd4515e9-84f2-4741-b1f5-a9247145a2ac@group-E2152A48AE85, cid=2543, SUCCESS, logIndex=3764, commits[fd4515e9-84f2-4741-b1f5-a9247145a2ac:c3764, 2e3e112c-ad01-4834-a07e-d6d8a7947632:c3760, dfee02f7-0d20-4e08-8ecd-ebe087394a07:c3760]
2019-07-08 20:09:41,151 INFO  client.GrpcClientProtocolClient (GrpcClientProtocolClient.java:onNext(255)) - client-83AFC0B42279->fd4515e9-84f2-4741-b1f5-a9247145a2ac: receive RaftClientReply:client-83AFC0B42279->fd4515e9-84f2-4741-b1f5-a9247145a2ac@group-E2152A48AE85, cid=2544, SUCCESS, logIndex=0, commits[fd4515e9-84f2-4741-b1f5-a9247145a2ac:c3766, 2e3e112c-ad01-4834-a07e-d6d8a7947632:c3762, dfee02f7-0d20-4e08-8ecd-ebe087394a07:c3762]
2019-07-08 20:09:41,175 INFO  client.GrpcClientProtocolClient (GrpcClientProtocolClient.java:onNext(255)) - client-83AFC0B42279->fd4515e9-84f2-4741-b1f5-a9247145a2ac: receive RaftClientReply:client-83AFC0B42279->fd4515e9-84f2-4741-b1f5-a9247145a2ac@group-E2152A48AE85, cid=2545, SUCCESS, logIndex=3769, commits[fd4515e9-84f2-4741-b1f5-a9247145a2ac:c3770, 2e3e112c-ad01-4834-a07e-d6d8a7947632:c3766, dfee02f7-0d20-4e08-8ecd-ebe087394a07:c3766]
2019-07-08 20:09:41,175 INFO  client.GrpcClientProtocolClient (GrpcClientProtocolClient.java:onNext(255)) - client-83AFC0B42279->fd4515e9-84f2-4741-b1f5-a9247145a2ac: receive RaftClientReply:client-83AFC0B42279->fd4515e9-84f2-4741-b1f5-a9247145a2ac@group-E2152A48AE85, cid=2546, SUCCESS, logIndex=3770, commits[fd4515e9-84f2-4741-b1f5-a9247145a2ac:c3770, 2e3e112c-ad01-4834-a07e-d6d8a7947632:c3766, dfee02f7-0d20-4e08-8ecd-ebe087394a07:c3766]
2019-07-08 20:09:41,216 INFO  client.GrpcClientProtocolClient (GrpcClientProtocolClient.java:onNext(255)) - client-83AFC0B42279->fd4515e9-84f2-4741-b1f5-a9247145a2ac: receive RaftClientReply:client-83AFC0B42279->fd4515e9-84f2-4741-b1f5-a9247145a2ac@group-E2152A48AE85, cid=2547, SUCCESS, logIndex=3773, commits[fd4515e9-84f2-4741-b1f5-a9247145a2ac:c3774, 2e3e112c-ad01-4834-a07e-d6d8a7947632:c3770, dfee02f7-0d20-4e08-8ecd-ebe087394a07:c3770]
2019-07-08 20:09:41,217 INFO  client.GrpcClientProtocolClient (GrpcClientProtocolClient.java:onNext(255)) - client-83AFC0B42279->fd4515e9-84f2-4741-b1f5-a9247145a2ac: receive RaftClientReply:client-83AFC0B42279->fd4515e9-84f2-4741-b1f5-a9247145a2ac@group-E2152A48AE85, cid=2548, SUCCESS, logIndex=3774, commits[fd4515e9-84f2-4741-b1f5-a9247145a2ac:c3774, 2e3e112c-ad01-4834-a07e-d6d8a7947632:c3770, dfee02f7-0d20-4e08-8ecd-ebe087394a07:c3770]
2019-07-08 20:09:41,222 INFO  client.GrpcClientProtocolClient (GrpcClientProtocolClient.java:onNext(255)) - client-83AFC0B42279->fd4515e9-84f2-4741-b1f5-a9247145a2ac: receive RaftClientReply:client-83AFC0B42279->fd4515e9-84f2-4741-b1f5-a9247145a2ac@group-E2152A48AE85, cid=2549, SUCCESS, logIndex=0, commits[fd4515e9-84f2-4741-b1f5-a9247145a2ac:c3776, 2e3e112c-ad01-4834-a07e-d6d8a7947632:c3774, dfee02f7-0d20-4e08-8ecd-ebe087394a07:c3774]
2019-07-08 20:09:41,363 INFO  client.GrpcClientProtocolClient (GrpcClientProtocolClient.java:onNext(255)) - client-83AFC0B42279->fd4515e9-84f2-4741-b1f5-a9247145a2ac: receive RaftClientReply:client-83AFC0B42279->fd4515e9-84f2-4741-b1f5-a9247145a2ac@group-E2152A48AE85, cid=2550, SUCCESS, logIndex=3777, commits[fd4515e9-84f2-4741-b1f5-a9247145a2ac:c3778, 2e3e112c-ad01-4834-a07e-d6d8a7947632:c3776, dfee02f7-0d20-4e08-8ecd-ebe087394a07:c3776]
2019-07-08 20:09:41,364 INFO  client.GrpcClientProtocolClient (GrpcClientProtocolClient.java:onNext(255)) - client-83AFC0B42279->fd4515e9-84f2-4741-b1f5-a9247145a2ac: receive RaftClientReply:client-83AFC0B42279->fd4515e9-84f2-4741-b1f5-a9247145a2ac@group-E2152A48AE85, cid=2551, SUCCESS, logIndex=3778, commits[fd4515e9-84f2-4741-b1f5-a9247145a2ac:c3780, 2e3e112c-ad01-4834-a07e-d6d8a7947632:c3776, dfee02f7-0d20-4e08-8ecd-ebe087394a07:c3776]
2019-07-08 20:09:41,364 INFO  client.GrpcClientProtocolClient (GrpcClientProtocolClient.java:onNext(255)) - client-83AFC0B42279->fd4515e9-84f2-4741-b1f5-a9247145a2ac: receive RaftClientReply:client-83AFC0B42279->fd4515e9-84f2-4741-b1f5-a9247145a2ac@group-E2152A48AE85, cid=2552, SUCCESS, logIndex=3779, commits[fd4515e9-84f2-4741-b1f5-a9247145a2ac:c3780, 2e3e112c-ad01-4834-a07e-d6d8a7947632:c3776, dfee02f7-0d20-4e08-8ecd-ebe087394a07:c3776]
2019-07-08 20:09:41,365 INFO  client.GrpcClientProtocolClient (GrpcClientProtocolClient.java:onNext(255)) - client-83AFC0B42279->fd4515e9-84f2-4741-b1f5-a9247145a2ac: receive RaftClientReply:client-83AFC0B42279->fd4515e9-84f2-4741-b1f5-a9247145a2ac@group-E2152A48AE85, cid=2553, SUCCESS, logIndex=3780, commits[fd4515e9-84f2-4741-b1f5-a9247145a2ac:c3780, 2e3e112c-ad01-4834-a07e-d6d8a7947632:c3776, dfee02f7-0d20-4e08-8ecd-ebe087394a07:c3776]
2019-07-08 20:09:41,378 INFO  client.GrpcClientProtocolClient (GrpcClientProtocolClient.java:onNext(255)) - client-83AFC0B42279->fd4515e9-84f2-4741-b1f5-a9247145a2ac: receive RaftClientReply:client-83AFC0B42279->fd4515e9-84f2-4741-b1f5-a9247145a2ac@group-E2152A48AE85, cid=2554, SUCCESS, logIndex=0, commits[fd4515e9-84f2-4741-b1f5-a9247145a2ac:c3781, 2e3e112c-ad01-4834-a07e-d6d8a7947632:c3778, dfee02f7-0d20-4e08-8ecd-ebe087394a07:c3778]
2019-07-08 20:09:41,398 INFO  client.GrpcClientProtocolClient (GrpcClientProtocolClient.java:onNext(255)) - client-83AFC0B42279->fd4515e9-84f2-4741-b1f5-a9247145a2ac: receive RaftClientReply:client-83AFC0B42279->fd4515e9-84f2-4741-b1f5-a9247145a2ac@group-E2152A48AE85, cid=2555, SUCCESS, logIndex=3785, commits[fd4515e9-84f2-4741-b1f5-a9247145a2ac:c3786, 2e3e112c-ad01-4834-a07e-d6d8a7947632:c3784, dfee02f7-0d20-4e08-8ecd-ebe087394a07:c3784]
2019-07-08 20:09:41,399 INFO  client.GrpcClientProtocolClient (GrpcClientProtocolClient.java:onNext(255)) - client-83AFC0B42279->fd4515e9-84f2-4741-b1f5-a9247145a2ac: receive RaftClientReply:client-83AFC0B42279->fd4515e9-84f2-4741-b1f5-a9247145a2ac@group-E2152A48AE85, cid=2556, SUCCESS, logIndex=3786, commits[fd4515e9-84f2-4741-b1f5-a9247145a2ac:c3786, 2e3e112c-ad01-4834-a07e-d6d8a7947632:c3784, dfee02f7-0d20-4e08-8ecd-ebe087394a07:c3784]
2019-07-08 20:09:41,425 INFO  client.GrpcClientProtocolClient (GrpcClientProtocolClient.java:onNext(255)) - client-83AFC0B42279->fd4515e9-84f2-4741-b1f5-a9247145a2ac: receive RaftClientReply:client-83AFC0B42279->fd4515e9-84f2-4741-b1f5-a9247145a2ac@group-E2152A48AE85, cid=2557, SUCCESS, logIndex=3789, commits[fd4515e9-84f2-4741-b1f5-a9247145a2ac:c3790, 2e3e112c-ad01-4834-a07e-d6d8a7947632:c3786, dfee02f7-0d20-4e08-8ecd-ebe087394a07:c3786]
2019-07-08 20:09:41,425 INFO  client.GrpcClientProtocolClient (GrpcClientProtocolClient.java:onNext(255)) - client-83AFC0B42279->fd4515e9-84f2-4741-b1f5-a9247145a2ac: receive RaftClientReply:client-83AFC0B42279->fd4515e9-84f2-4741-b1f5-a9247145a2ac@group-E2152A48AE85, cid=2558, SUCCESS, logIndex=3790, commits[fd4515e9-84f2-4741-b1f5-a9247145a2ac:c3790, 2e3e112c-ad01-4834-a07e-d6d8a7947632:c3786, dfee02f7-0d20-4e08-8ecd-ebe087394a07:c3786]
2019-07-08 20:09:41,449 INFO  client.GrpcClientProtocolClient (GrpcClientProtocolClient.java:onNext(255)) - client-83AFC0B42279->fd4515e9-84f2-4741-b1f5-a9247145a2ac: receive RaftClientReply:client-83AFC0B42279->fd4515e9-84f2-4741-b1f5-a9247145a2ac@group-E2152A48AE85, cid=2559, SUCCESS, logIndex=0, commits[fd4515e9-84f2-4741-b1f5-a9247145a2ac:c3791, 2e3e112c-ad01-4834-a07e-d6d8a7947632:c3790, dfee02f7-0d20-4e08-8ecd-ebe087394a07:c3790]
2019-07-08 20:09:41,480 INFO  client.GrpcClientProtocolClient (GrpcClientProtocolClient.java:onNext(255)) - client-83AFC0B42279->fd4515e9-84f2-4741-b1f5-a9247145a2ac: receive RaftClientReply:client-83AFC0B42279->fd4515e9-84f2-4741-b1f5-a9247145a2ac@group-E2152A48AE85, cid=2560, SUCCESS, logIndex=3793, commits[fd4515e9-84f2-4741-b1f5-a9247145a2ac:c3794, 2e3e112c-ad01-4834-a07e-d6d8a7947632:c3792, dfee02f7-0d20-4e08-8ecd-ebe087394a07:c3792]
2019-07-08 20:09:41,481 INFO  client.GrpcClientProtocolClient (GrpcClientProtocolClient.java:onNext(255)) - client-83AFC0B42279->fd4515e9-84f2-4741-b1f5-a9247145a2ac: receive RaftClientReply:client-83AFC0B42279->fd4515e9-84f2-4741-b1f5-a9247145a2ac@group-E2152A48AE85, cid=2561, SUCCESS, logIndex=3794, commits[fd4515e9-84f2-4741-b1f5-a9247145a2ac:c3794, 2e3e112c-ad01-4834-a07e-d6d8a7947632:c3792, dfee02f7-0d20-4e08-8ecd-ebe087394a07:c3792]
2019-07-08 20:09:41,489 INFO  client.GrpcClientProtocolClient (GrpcClientProtocolClient.java:onNext(255)) - client-83AFC0B42279->fd4515e9-84f2-4741-b1f5-a9247145a2ac: receive RaftClientReply:client-83AFC0B42279->fd4515e9-84f2-4741-b1f5-a9247145a2ac@group-E2152A48AE85, cid=2562, SUCCESS, logIndex=3795, commits[fd4515e9-84f2-4741-b1f5-a9247145a2ac:c3796, 2e3e112c-ad01-4834-a07e-d6d8a7947632:c3792, dfee02f7-0d20-4e08-8ecd-ebe087394a07:c3792]
2019-07-08 20:09:41,489 INFO  client.GrpcClientProtocolClient (GrpcClientProtocolClient.java:onNext(255)) - client-83AFC0B42279->fd4515e9-84f2-4741-b1f5-a9247145a2ac: receive RaftClientReply:client-83AFC0B42279->fd4515e9-84f2-4741-b1f5-a9247145a2ac@group-E2152A48AE85, cid=2563, SUCCESS, logIndex=3796, commits[fd4515e9-84f2-4741-b1f5-a9247145a2ac:c3796, 2e3e112c-ad01-4834-a07e-d6d8a7947632:c3792, dfee02f7-0d20-4e08-8ecd-ebe087394a07:c3792]
2019-07-08 20:09:41,492 INFO  client.GrpcClientProtocolClient (GrpcClientProtocolClient.java:onNext(255)) - client-83AFC0B42279->fd4515e9-84f2-4741-b1f5-a9247145a2ac: receive RaftClientReply:client-83AFC0B42279->fd4515e9-84f2-4741-b1f5-a9247145a2ac@group-E2152A48AE85, cid=2564, SUCCESS, logIndex=0, commits[fd4515e9-84f2-4741-b1f5-a9247145a2ac:c3799, 2e3e112c-ad01-4834-a07e-d6d8a7947632:c3796, dfee02f7-0d20-4e08-8ecd-ebe087394a07:c3794]
2019-07-08 20:09:41,514 INFO  client.GrpcClientProtocolClient (GrpcClientProtocolClient.java:onNext(255)) - client-83AFC0B42279->fd4515e9-84f2-4741-b1f5-a9247145a2ac: receive RaftClientReply:client-83AFC0B42279->fd4515e9-84f2-4741-b1f5-a9247145a2ac@group-E2152A48AE85, cid=2565, SUCCESS, logIndex=3800, commits[fd4515e9-84f2-4741-b1f5-a9247145a2ac:c3800, 2e3e112c-ad01-4834-a07e-d6d8a7947632:c3799, dfee02f7-0d20-4e08-8ecd-ebe087394a07:c3799]
2019-07-08 20:09:41,514 INFO  client.GrpcClientProtocolClient (GrpcClientProtocolClient.java:onNext(255)) - client-83AFC0B42279->fd4515e9-84f2-4741-b1f5-a9247145a2ac: receive RaftClientReply:client-83AFC0B42279->fd4515e9-84f2-4741-b1f5-a9247145a2ac@group-E2152A48AE85, cid=2566, SUCCESS, logIndex=3801, commits[fd4515e9-84f2-4741-b1f5-a9247145a2ac:c3801, 2e3e112c-ad01-4834-a07e-d6d8a7947632:c3799, dfee02f7-0d20-4e08-8ecd-ebe087394a07:c3799]
2019-07-08 20:09:41,541 INFO  client.GrpcClientProtocolClient (GrpcClientProtocolClient.java:onNext(255)) - client-83AFC0B42279->fd4515e9-84f2-4741-b1f5-a9247145a2ac: receive RaftClientReply:client-83AFC0B42279->fd4515e9-84f2-4741-b1f5-a9247145a2ac@group-E2152A48AE85, cid=2567, SUCCESS, logIndex=3804, commits[fd4515e9-84f2-4741-b1f5-a9247145a2ac:c3804, 2e3e112c-ad01-4834-a07e-d6d8a7947632:c3801, dfee02f7-0d20-4e08-8ecd-ebe087394a07:c3801]
2019-07-08 20:09:41,541 INFO  client.GrpcClientProtocolClient (GrpcClientProtocolClient.java:onNext(255)) - client-83AFC0B42279->fd4515e9-84f2-4741-b1f5-a9247145a2ac: receive RaftClientReply:client-83AFC0B42279->fd4515e9-84f2-4741-b1f5-a9247145a2ac@group-E2152A48AE85, cid=2568, SUCCESS, logIndex=3805, commits[fd4515e9-84f2-4741-b1f5-a9247145a2ac:c3805, 2e3e112c-ad01-4834-a07e-d6d8a7947632:c3801, dfee02f7-0d20-4e08-8ecd-ebe087394a07:c3801]
2019-07-08 20:09:41,557 INFO  client.GrpcClientProtocolClient (GrpcClientProtocolClient.java:onNext(255)) - client-83AFC0B42279->fd4515e9-84f2-4741-b1f5-a9247145a2ac: receive RaftClientReply:client-83AFC0B42279->fd4515e9-84f2-4741-b1f5-a9247145a2ac@group-E2152A48AE85, cid=2569, SUCCESS, logIndex=0, commits[fd4515e9-84f2-4741-b1f5-a9247145a2ac:c3807, 2e3e112c-ad01-4834-a07e-d6d8a7947632:c3805, dfee02f7-0d20-4e08-8ecd-ebe087394a07:c3805]
2019-07-08 20:09:41,589 INFO  client.GrpcClientProtocolClient (GrpcClientProtocolClient.java:onNext(255)) - client-83AFC0B42279->fd4515e9-84f2-4741-b1f5-a9247145a2ac: receive RaftClientReply:client-83AFC0B42279->fd4515e9-84f2-4741-b1f5-a9247145a2ac@group-E2152A48AE85, cid=2570, SUCCESS, logIndex=3808, commits[fd4515e9-84f2-4741-b1f5-a9247145a2ac:c3809, 2e3e112c-ad01-4834-a07e-d6d8a7947632:c3807, dfee02f7-0d20-4e08-8ecd-ebe087394a07:c3807]
2019-07-08 20:09:41,590 INFO  client.GrpcClientProtocolClient (GrpcClientProtocolClient.java:onNext(255)) - client-83AFC0B42279->fd4515e9-84f2-4741-b1f5-a9247145a2ac: receive RaftClientReply:client-83AFC0B42279->fd4515e9-84f2-4741-b1f5-a9247145a2ac@group-E2152A48AE85, cid=2571, SUCCESS, logIndex=3809, commits[fd4515e9-84f2-4741-b1f5-a9247145a2ac:c3809, 2e3e112c-ad01-4834-a07e-d6d8a7947632:c3807, dfee02f7-0d20-4e08-8ecd-ebe087394a07:c3807]
2019-07-08 20:09:41,592 INFO  client.GrpcClientProtocolClient (GrpcClientProtocolClient.java:onNext(255)) - client-83AFC0B42279->fd4515e9-84f2-4741-b1f5-a9247145a2ac: receive RaftClientReply:client-83AFC0B42279->fd4515e9-84f2-4741-b1f5-a9247145a2ac@group-E2152A48AE85, cid=2572, SUCCESS, logIndex=3810, commits[fd4515e9-84f2-4741-b1f5-a9247145a2ac:c3811, 2e3e112c-ad01-4834-a07e-d6d8a7947632:c3807, dfee02f7-0d20-4e08-8ecd-ebe087394a07:c3807]
2019-07-08 20:09:41,592 INFO  client.GrpcClientProtocolClient (GrpcClientProtocolClient.java:onNext(255)) - client-83AFC0B42279->fd4515e9-84f2-4741-b1f5-a9247145a2ac: receive RaftClientReply:client-83AFC0B42279->fd4515e9-84f2-4741-b1f5-a9247145a2ac@group-E2152A48AE85, cid=2573, SUCCESS, logIndex=3811, commits[fd4515e9-84f2-4741-b1f5-a9247145a2ac:c3811, 2e3e112c-ad01-4834-a07e-d6d8a7947632:c3807, dfee02f7-0d20-4e08-8ecd-ebe087394a07:c3807]
2019-07-08 20:09:41,604 INFO  client.GrpcClientProtocolClient (GrpcClientProtocolClient.java:onNext(255)) - client-83AFC0B42279->fd4515e9-84f2-4741-b1f5-a9247145a2ac: receive RaftClientReply:client-83AFC0B42279->fd4515e9-84f2-4741-b1f5-a9247145a2ac@group-E2152A48AE85, cid=2574, SUCCESS, logIndex=0, commits[fd4515e9-84f2-4741-b1f5-a9247145a2ac:c3812, 2e3e112c-ad01-4834-a07e-d6d8a7947632:c3809, dfee02f7-0d20-4e08-8ecd-ebe087394a07:c3809]
2019-07-08 20:09:41,624 INFO  client.GrpcClientProtocolClient (GrpcClientProtocolClient.java:onNext(255)) - client-83AFC0B42279->fd4515e9-84f2-4741-b1f5-a9247145a2ac: receive RaftClientReply:client-83AFC0B42279->fd4515e9-84f2-4741-b1f5-a9247145a2ac@group-E2152A48AE85, cid=2575, SUCCESS, logIndex=3816, commits[fd4515e9-84f2-4741-b1f5-a9247145a2ac:c3817, 2e3e112c-ad01-4834-a07e-d6d8a7947632:c3815, dfee02f7-0d20-4e08-8ecd-ebe087394a07:c3815]
2019-07-08 20:09:41,624 INFO  client.GrpcClientProtocolClient (GrpcClientProtocolClient.java:onNext(255)) - client-83AFC0B42279->fd4515e9-84f2-4741-b1f5-a9247145a2ac: receive RaftClientReply:client-83AFC0B42279->fd4515e9-84f2-4741-b1f5-a9247145a2ac@group-E2152A48AE85, cid=2576, SUCCESS, logIndex=3817, commits[fd4515e9-84f2-4741-b1f5-a9247145a2ac:c3817, 2e3e112c-ad01-4834-a07e-d6d8a7947632:c3815, dfee02f7-0d20-4e08-8ecd-ebe087394a07:c3815]
2019-07-08 20:09:41,639 INFO  client.GrpcClientProtocolClient (GrpcClientProtocolClient.java:onNext(255)) - client-83AFC0B42279->fd4515e9-84f2-4741-b1f5-a9247145a2ac: receive RaftClientReply:client-83AFC0B42279->fd4515e9-84f2-4741-b1f5-a9247145a2ac@group-E2152A48AE85, cid=2577, SUCCESS, logIndex=3820, commits[fd4515e9-84f2-4741-b1f5-a9247145a2ac:c3820, 2e3e112c-ad01-4834-a07e-d6d8a7947632:c3817, dfee02f7-0d20-4e08-8ecd-ebe087394a07:c3817]
2019-07-08 20:09:41,639 INFO  client.GrpcClientProtocolClient (GrpcClientProtocolClient.java:onNext(255)) - client-83AFC0B42279->fd4515e9-84f2-4741-b1f5-a9247145a2ac: receive RaftClientReply:client-83AFC0B42279->fd4515e9-84f2-4741-b1f5-a9247145a2ac@group-E2152A48AE85, cid=2578, SUCCESS, logIndex=3821, commits[fd4515e9-84f2-4741-b1f5-a9247145a2ac:c3821, 2e3e112c-ad01-4834-a07e-d6d8a7947632:c3817, dfee02f7-0d20-4e08-8ecd-ebe087394a07:c3817]
2019-07-08 20:09:41,665 INFO  client.GrpcClientProtocolClient (GrpcClientProtocolClient.java:onNext(255)) - client-83AFC0B42279->fd4515e9-84f2-4741-b1f5-a9247145a2ac: receive RaftClientReply:client-83AFC0B42279->fd4515e9-84f2-4741-b1f5-a9247145a2ac@group-E2152A48AE85, cid=2579, SUCCESS, logIndex=0, commits[fd4515e9-84f2-4741-b1f5-a9247145a2ac:c3823, 2e3e112c-ad01-4834-a07e-d6d8a7947632:c3821, dfee02f7-0d20-4e08-8ecd-ebe087394a07:c3821]
2019-07-08 20:09:41,697 INFO  client.GrpcClientProtocolClient (GrpcClientProtocolClient.java:onNext(255)) - client-83AFC0B42279->fd4515e9-84f2-4741-b1f5-a9247145a2ac: receive RaftClientReply:client-83AFC0B42279->fd4515e9-84f2-4741-b1f5-a9247145a2ac@group-E2152A48AE85, cid=2580, SUCCESS, logIndex=3824, commits[fd4515e9-84f2-4741-b1f5-a9247145a2ac:c3825, 2e3e112c-ad01-4834-a07e-d6d8a7947632:c3823, dfee02f7-0d20-4e08-8ecd-ebe087394a07:c3823]
2019-07-08 20:09:41,697 INFO  client.GrpcClientProtocolClient (GrpcClientProtocolClient.java:onNext(255)) - client-83AFC0B42279->fd4515e9-84f2-4741-b1f5-a9247145a2ac: receive RaftClientReply:client-83AFC0B42279->fd4515e9-84f2-4741-b1f5-a9247145a2ac@group-E2152A48AE85, cid=2581, SUCCESS, logIndex=3825, commits[fd4515e9-84f2-4741-b1f5-a9247145a2ac:c3826, 2e3e112c-ad01-4834-a07e-d6d8a7947632:c3823, dfee02f7-0d20-4e08-8ecd-ebe087394a07:c3823]
2019-07-08 20:09:41,698 INFO  client.GrpcClientProtocolClient (GrpcClientProtocolClient.java:onNext(255)) - client-83AFC0B42279->fd4515e9-84f2-4741-b1f5-a9247145a2ac: receive RaftClientReply:client-83AFC0B42279->fd4515e9-84f2-4741-b1f5-a9247145a2ac@group-E2152A48AE85, cid=2582, SUCCESS, logIndex=3826, commits[fd4515e9-84f2-4741-b1f5-a9247145a2ac:c3827, 2e3e112c-ad01-4834-a07e-d6d8a7947632:c3823, dfee02f7-0d20-4e08-8ecd-ebe087394a07:c3823]
2019-07-08 20:09:41,698 INFO  client.GrpcClientProtocolClient (GrpcClientProtocolClient.java:onNext(255)) - client-83AFC0B42279->fd4515e9-84f2-4741-b1f5-a9247145a2ac: receive RaftClientReply:client-83AFC0B42279->fd4515e9-84f2-4741-b1f5-a9247145a2ac@group-E2152A48AE85, cid=2583, SUCCESS, logIndex=3827, commits[fd4515e9-84f2-4741-b1f5-a9247145a2ac:c3827, 2e3e112c-ad01-4834-a07e-d6d8a7947632:c3824, dfee02f7-0d20-4e08-8ecd-ebe087394a07:c3823]
2019-07-08 20:09:41,711 INFO  client.GrpcClientProtocolClient (GrpcClientProtocolClient.java:onNext(255)) - client-83AFC0B42279->fd4515e9-84f2-4741-b1f5-a9247145a2ac: receive RaftClientReply:client-83AFC0B42279->fd4515e9-84f2-4741-b1f5-a9247145a2ac@group-E2152A48AE85, cid=2584, SUCCESS, logIndex=0, commits[fd4515e9-84f2-4741-b1f5-a9247145a2ac:c3829, 2e3e112c-ad01-4834-a07e-d6d8a7947632:c3825, dfee02f7-0d20-4e08-8ecd-ebe087394a07:c3825]
2019-07-08 20:09:41,733 INFO  client.GrpcClientProtocolClient (GrpcClientProtocolClient.java:onNext(255)) - client-83AFC0B42279->fd4515e9-84f2-4741-b1f5-a9247145a2ac: receive RaftClientReply:client-83AFC0B42279->fd4515e9-84f2-4741-b1f5-a9247145a2ac@group-E2152A48AE85, cid=2585, SUCCESS, logIndex=3832, commits[fd4515e9-84f2-4741-b1f5-a9247145a2ac:c3833, 2e3e112c-ad01-4834-a07e-d6d8a7947632:c3831, dfee02f7-0d20-4e08-8ecd-ebe087394a07:c3831]
2019-07-08 20:09:41,733 INFO  client.GrpcClientProtocolClient (GrpcClientProtocolClient.java:onNext(255)) - client-83AFC0B42279->fd4515e9-84f2-4741-b1f5-a9247145a2ac: receive RaftClientReply:client-83AFC0B42279->fd4515e9-84f2-4741-b1f5-a9247145a2ac@group-E2152A48AE85, cid=2586, SUCCESS, logIndex=3833, commits[fd4515e9-84f2-4741-b1f5-a9247145a2ac:c3833, 2e3e112c-ad01-4834-a07e-d6d8a7947632:c3831, dfee02f7-0d20-4e08-8ecd-ebe087394a07:c3831]
2019-07-08 20:09:41,758 INFO  client.GrpcClientProtocolClient (GrpcClientProtocolClient.java:onNext(255)) - client-83AFC0B42279->fd4515e9-84f2-4741-b1f5-a9247145a2ac: receive RaftClientReply:client-83AFC0B42279->fd4515e9-84f2-4741-b1f5-a9247145a2ac@group-E2152A48AE85, cid=2587, SUCCESS, logIndex=3836, commits[fd4515e9-84f2-4741-b1f5-a9247145a2ac:c3837, 2e3e112c-ad01-4834-a07e-d6d8a7947632:c3833, dfee02f7-0d20-4e08-8ecd-ebe087394a07:c3833]
2019-07-08 20:09:41,759 INFO  client.GrpcClientProtocolClient (GrpcClientProtocolClient.java:onNext(255)) - client-83AFC0B42279->fd4515e9-84f2-4741-b1f5-a9247145a2ac: receive RaftClientReply:client-83AFC0B42279->fd4515e9-84f2-4741-b1f5-a9247145a2ac@group-E2152A48AE85, cid=2588, SUCCESS, logIndex=3837, commits[fd4515e9-84f2-4741-b1f5-a9247145a2ac:c3837, 2e3e112c-ad01-4834-a07e-d6d8a7947632:c3833, dfee02f7-0d20-4e08-8ecd-ebe087394a07:c3833]
2019-07-08 20:09:41,784 INFO  client.GrpcClientProtocolClient (GrpcClientProtocolClient.java:onNext(255)) - client-83AFC0B42279->fd4515e9-84f2-4741-b1f5-a9247145a2ac: receive RaftClientReply:client-83AFC0B42279->fd4515e9-84f2-4741-b1f5-a9247145a2ac@group-E2152A48AE85, cid=2589, SUCCESS, logIndex=0, commits[fd4515e9-84f2-4741-b1f5-a9247145a2ac:c3839, 2e3e112c-ad01-4834-a07e-d6d8a7947632:c3837, dfee02f7-0d20-4e08-8ecd-ebe087394a07:c3837]
2019-07-08 20:09:41,829 INFO  client.GrpcClientProtocolClient (GrpcClientProtocolClient.java:onNext(255)) - client-83AFC0B42279->fd4515e9-84f2-4741-b1f5-a9247145a2ac: receive RaftClientReply:client-83AFC0B42279->fd4515e9-84f2-4741-b1f5-a9247145a2ac@group-E2152A48AE85, cid=2590, SUCCESS, logIndex=3840, commits[fd4515e9-84f2-4741-b1f5-a9247145a2ac:c3841, 2e3e112c-ad01-4834-a07e-d6d8a7947632:c3839, dfee02f7-0d20-4e08-8ecd-ebe087394a07:c3839]
2019-07-08 20:09:41,830 INFO  client.GrpcClientProtocolClient (GrpcClientProtocolClient.java:onNext(255)) - client-83AFC0B42279->fd4515e9-84f2-4741-b1f5-a9247145a2ac: receive RaftClientReply:client-83AFC0B42279->fd4515e9-84f2-4741-b1f5-a9247145a2ac@group-E2152A48AE85, cid=2591, SUCCESS, logIndex=3841, commits[fd4515e9-84f2-4741-b1f5-a9247145a2ac:c3843, 2e3e112c-ad01-4834-a07e-d6d8a7947632:c3839, dfee02f7-0d20-4e08-8ecd-ebe087394a07:c3839]
2019-07-08 20:09:41,831 INFO  client.GrpcClientProtocolClient (GrpcClientProtocolClient.java:onNext(255)) - client-83AFC0B42279->fd4515e9-84f2-4741-b1f5-a9247145a2ac: receive RaftClientReply:client-83AFC0B42279->fd4515e9-84f2-4741-b1f5-a9247145a2ac@group-E2152A48AE85, cid=2592, SUCCESS, logIndex=3842, commits[fd4515e9-84f2-4741-b1f5-a9247145a2ac:c3843, 2e3e112c-ad01-4834-a07e-d6d8a7947632:c3839, dfee02f7-0d20-4e08-8ecd-ebe087394a07:c3839]
2019-07-08 20:09:41,831 INFO  client.GrpcClientProtocolClient (GrpcClientProtocolClient.java:onNext(255)) - client-83AFC0B42279->fd4515e9-84f2-4741-b1f5-a9247145a2ac: receive RaftClientReply:client-83AFC0B42279->fd4515e9-84f2-4741-b1f5-a9247145a2ac@group-E2152A48AE85, cid=2593, SUCCESS, logIndex=3843, commits[fd4515e9-84f2-4741-b1f5-a9247145a2ac:c3843, 2e3e112c-ad01-4834-a07e-d6d8a7947632:c3839, dfee02f7-0d20-4e08-8ecd-ebe087394a07:c3839]
2019-07-08 20:09:41,832 INFO  client.GrpcClientProtocolClient (GrpcClientProtocolClient.java:onNext(255)) - client-83AFC0B42279->fd4515e9-84f2-4741-b1f5-a9247145a2ac: receive RaftClientReply:client-83AFC0B42279->fd4515e9-84f2-4741-b1f5-a9247145a2ac@group-E2152A48AE85, cid=2594, SUCCESS, logIndex=0, commits[fd4515e9-84f2-4741-b1f5-a9247145a2ac:c3845, 2e3e112c-ad01-4834-a07e-d6d8a7947632:c3841, dfee02f7-0d20-4e08-8ecd-ebe087394a07:c3841]
2019-07-08 20:09:41,853 INFO  client.GrpcClientProtocolClient (GrpcClientProtocolClient.java:onNext(255)) - client-83AFC0B42279->fd4515e9-84f2-4741-b1f5-a9247145a2ac: receive RaftClientReply:client-83AFC0B42279->fd4515e9-84f2-4741-b1f5-a9247145a2ac@group-E2152A48AE85, cid=2595, SUCCESS, logIndex=3848, commits[fd4515e9-84f2-4741-b1f5-a9247145a2ac:c3849, 2e3e112c-ad01-4834-a07e-d6d8a7947632:c3847, dfee02f7-0d20-4e08-8ecd-ebe087394a07:c3847]
2019-07-08 20:09:41,853 INFO  client.GrpcClientProtocolClient (GrpcClientProtocolClient.java:onNext(255)) - client-83AFC0B42279->fd4515e9-84f2-4741-b1f5-a9247145a2ac: receive RaftClientReply:client-83AFC0B42279->fd4515e9-84f2-4741-b1f5-a9247145a2ac@group-E2152A48AE85, cid=2596, SUCCESS, logIndex=3849, commits[fd4515e9-84f2-4741-b1f5-a9247145a2ac:c3849, 2e3e112c-ad01-4834-a07e-d6d8a7947632:c3847, dfee02f7-0d20-4e08-8ecd-ebe087394a07:c3847]
2019-07-08 20:09:41,868 INFO  client.GrpcClientProtocolClient (GrpcClientProtocolClient.java:onNext(255)) - client-83AFC0B42279->fd4515e9-84f2-4741-b1f5-a9247145a2ac: receive RaftClientReply:client-83AFC0B42279->fd4515e9-84f2-4741-b1f5-a9247145a2ac@group-E2152A48AE85, cid=2597, SUCCESS, logIndex=3852, commits[fd4515e9-84f2-4741-b1f5-a9247145a2ac:c3852, 2e3e112c-ad01-4834-a07e-d6d8a7947632:c3849, dfee02f7-0d20-4e08-8ecd-ebe087394a07:c3849]
2019-07-08 20:09:41,868 INFO  client.GrpcClientProtocolClient (GrpcClientProtocolClient.java:onNext(255)) - client-83AFC0B42279->fd4515e9-84f2-4741-b1f5-a9247145a2ac: receive RaftClientReply:client-83AFC0B42279->fd4515e9-84f2-4741-b1f5-a9247145a2ac@group-E2152A48AE85, cid=2598, SUCCESS, logIndex=3853, commits[fd4515e9-84f2-4741-b1f5-a9247145a2ac:c3853, 2e3e112c-ad01-4834-a07e-d6d8a7947632:c3849, dfee02f7-0d20-4e08-8ecd-ebe087394a07:c3849]
2019-07-08 20:09:41,883 INFO  client.GrpcClientProtocolClient (GrpcClientProtocolClient.java:onNext(255)) - client-83AFC0B42279->fd4515e9-84f2-4741-b1f5-a9247145a2ac: receive RaftClientReply:client-83AFC0B42279->fd4515e9-84f2-4741-b1f5-a9247145a2ac@group-E2152A48AE85, cid=2599, SUCCESS, logIndex=0, commits[fd4515e9-84f2-4741-b1f5-a9247145a2ac:c3855, 2e3e112c-ad01-4834-a07e-d6d8a7947632:c3853, dfee02f7-0d20-4e08-8ecd-ebe087394a07:c3853]
2019-07-08 20:09:41,926 INFO  client.GrpcClientProtocolClient (GrpcClientProtocolClient.java:onNext(255)) - client-83AFC0B42279->fd4515e9-84f2-4741-b1f5-a9247145a2ac: receive RaftClientReply:client-83AFC0B42279->fd4515e9-84f2-4741-b1f5-a9247145a2ac@group-E2152A48AE85, cid=2600, SUCCESS, logIndex=3856, commits[fd4515e9-84f2-4741-b1f5-a9247145a2ac:c3858, 2e3e112c-ad01-4834-a07e-d6d8a7947632:c3855, dfee02f7-0d20-4e08-8ecd-ebe087394a07:c3855]
2019-07-08 20:09:41,927 INFO  client.GrpcClientProtocolClient (GrpcClientProtocolClient.java:onNext(255)) - client-83AFC0B42279->fd4515e9-84f2-4741-b1f5-a9247145a2ac: receive RaftClientReply:client-83AFC0B42279->fd4515e9-84f2-4741-b1f5-a9247145a2ac@group-E2152A48AE85, cid=2601, SUCCESS, logIndex=3857, commits[fd4515e9-84f2-4741-b1f5-a9247145a2ac:c3859, 2e3e112c-ad01-4834-a07e-d6d8a7947632:c3855, dfee02f7-0d20-4e08-8ecd-ebe087394a07:c3855]
2019-07-08 20:09:41,927 INFO  client.GrpcClientProtocolClient (GrpcClientProtocolClient.java:onNext(255)) - client-83AFC0B42279->fd4515e9-84f2-4741-b1f5-a9247145a2ac: receive RaftClientReply:client-83AFC0B42279->fd4515e9-84f2-4741-b1f5-a9247145a2ac@group-E2152A48AE85, cid=2602, SUCCESS, logIndex=3858, commits[fd4515e9-84f2-4741-b1f5-a9247145a2ac:c3859, 2e3e112c-ad01-4834-a07e-d6d8a7947632:c3855, dfee02f7-0d20-4e08-8ecd-ebe087394a07:c3855]
2019-07-08 20:09:41,927 INFO  client.GrpcClientProtocolClient (GrpcClientProtocolClient.java:onNext(255)) - client-83AFC0B42279->fd4515e9-84f2-4741-b1f5-a9247145a2ac: receive RaftClientReply:client-83AFC0B42279->fd4515e9-84f2-4741-b1f5-a9247145a2ac@group-E2152A48AE85, cid=2603, SUCCESS, logIndex=3859, commits[fd4515e9-84f2-4741-b1f5-a9247145a2ac:c3859, 2e3e112c-ad01-4834-a07e-d6d8a7947632:c3855, dfee02f7-0d20-4e08-8ecd-ebe087394a07:c3855]
2019-07-08 20:09:41,940 INFO  client.GrpcClientProtocolClient (GrpcClientProtocolClient.java:onNext(255)) - client-83AFC0B42279->fd4515e9-84f2-4741-b1f5-a9247145a2ac: receive RaftClientReply:client-83AFC0B42279->fd4515e9-84f2-4741-b1f5-a9247145a2ac@group-E2152A48AE85, cid=2604, SUCCESS, logIndex=0, commits[fd4515e9-84f2-4741-b1f5-a9247145a2ac:c3860, 2e3e112c-ad01-4834-a07e-d6d8a7947632:c3857, dfee02f7-0d20-4e08-8ecd-ebe087394a07:c3857]
2019-07-08 20:09:41,964 INFO  client.GrpcClientProtocolClient (GrpcClientProtocolClient.java:onNext(255)) - client-83AFC0B42279->fd4515e9-84f2-4741-b1f5-a9247145a2ac: receive RaftClientReply:client-83AFC0B42279->fd4515e9-84f2-4741-b1f5-a9247145a2ac@group-E2152A48AE85, cid=2605, SUCCESS, logIndex=3864, commits[fd4515e9-84f2-4741-b1f5-a9247145a2ac:c3865, 2e3e112c-ad01-4834-a07e-d6d8a7947632:c3861, dfee02f7-0d20-4e08-8ecd-ebe087394a07:c3861]
2019-07-08 20:09:41,964 INFO  client.GrpcClientProtocolClient (GrpcClientProtocolClient.java:onNext(255)) - client-83AFC0B42279->fd4515e9-84f2-4741-b1f5-a9247145a2ac: receive RaftClientReply:client-83AFC0B42279->fd4515e9-84f2-4741-b1f5-a9247145a2ac@group-E2152A48AE85, cid=2606, SUCCESS, logIndex=3865, commits[fd4515e9-84f2-4741-b1f5-a9247145a2ac:c3865, 2e3e112c-ad01-4834-a07e-d6d8a7947632:c3861, dfee02f7-0d20-4e08-8ecd-ebe087394a07:c3861]
2019-07-08 20:09:41,986 INFO  client.GrpcClientProtocolClient (GrpcClientProtocolClient.java:onNext(255)) - client-83AFC0B42279->fd4515e9-84f2-4741-b1f5-a9247145a2ac: receive RaftClientReply:client-83AFC0B42279->fd4515e9-84f2-4741-b1f5-a9247145a2ac@group-E2152A48AE85, cid=2607, SUCCESS, logIndex=3868, commits[fd4515e9-84f2-4741-b1f5-a9247145a2ac:c3869, 2e3e112c-ad01-4834-a07e-d6d8a7947632:c3867, dfee02f7-0d20-4e08-8ecd-ebe087394a07:c3867]
2019-07-08 20:09:41,986 INFO  client.GrpcClientProtocolClient (GrpcClientProtocolClient.java:onNext(255)) - client-83AFC0B42279->fd4515e9-84f2-4741-b1f5-a9247145a2ac: receive RaftClientReply:client-83AFC0B42279->fd4515e9-84f2-4741-b1f5-a9247145a2ac@group-E2152A48AE85, cid=2608, SUCCESS, logIndex=3869, commits[fd4515e9-84f2-4741-b1f5-a9247145a2ac:c3869, 2e3e112c-ad01-4834-a07e-d6d8a7947632:c3867, dfee02f7-0d20-4e08-8ecd-ebe087394a07:c3867]
2019-07-08 20:09:42,013 INFO  client.GrpcClientProtocolClient (GrpcClientProtocolClient.java:onNext(255)) - client-83AFC0B42279->fd4515e9-84f2-4741-b1f5-a9247145a2ac: receive RaftClientReply:client-83AFC0B42279->fd4515e9-84f2-4741-b1f5-a9247145a2ac@group-E2152A48AE85, cid=2609, SUCCESS, logIndex=0, commits[fd4515e9-84f2-4741-b1f5-a9247145a2ac:c3871, 2e3e112c-ad01-4834-a07e-d6d8a7947632:c3869, dfee02f7-0d20-4e08-8ecd-ebe087394a07:c3869]
2019-07-08 20:09:42,039 INFO  client.GrpcClientProtocolClient (GrpcClientProtocolClient.java:onNext(255)) - client-83AFC0B42279->fd4515e9-84f2-4741-b1f5-a9247145a2ac: receive RaftClientReply:client-83AFC0B42279->fd4515e9-84f2-4741-b1f5-a9247145a2ac@group-E2152A48AE85, cid=2610, SUCCESS, logIndex=3872, commits[fd4515e9-84f2-4741-b1f5-a9247145a2ac:c3873, 2e3e112c-ad01-4834-a07e-d6d8a7947632:c3869, dfee02f7-0d20-4e08-8ecd-ebe087394a07:c3871]
2019-07-08 20:09:42,039 INFO  client.GrpcClientProtocolClient (GrpcClientProtocolClient.java:onNext(255)) - client-83AFC0B42279->fd4515e9-84f2-4741-b1f5-a9247145a2ac: receive RaftClientReply:client-83AFC0B42279->fd4515e9-84f2-4741-b1f5-a9247145a2ac@group-E2152A48AE85, cid=2611, SUCCESS, logIndex=3873, commits[fd4515e9-84f2-4741-b1f5-a9247145a2ac:c3873, 2e3e112c-ad01-4834-a07e-d6d8a7947632:c3869, dfee02f7-0d20-4e08-8ecd-ebe087394a07:c3871]
2019-07-08 20:09:42,040 INFO  client.GrpcClientProtocolClient (GrpcClientProtocolClient.java:onNext(255)) - client-83AFC0B42279->fd4515e9-84f2-4741-b1f5-a9247145a2ac: receive RaftClientReply:client-83AFC0B42279->fd4515e9-84f2-4741-b1f5-a9247145a2ac@group-E2152A48AE85, cid=2612, SUCCESS, logIndex=3874, commits[fd4515e9-84f2-4741-b1f5-a9247145a2ac:c3875, 2e3e112c-ad01-4834-a07e-d6d8a7947632:c3869, dfee02f7-0d20-4e08-8ecd-ebe087394a07:c3872]
2019-07-08 20:09:42,041 INFO  client.GrpcClientProtocolClient (GrpcClientProtocolClient.java:onNext(255)) - client-83AFC0B42279->fd4515e9-84f2-4741-b1f5-a9247145a2ac: receive RaftClientReply:client-83AFC0B42279->fd4515e9-84f2-4741-b1f5-a9247145a2ac@group-E2152A48AE85, cid=2613, SUCCESS, logIndex=3875, commits[fd4515e9-84f2-4741-b1f5-a9247145a2ac:c3876, 2e3e112c-ad01-4834-a07e-d6d8a7947632:c3869, dfee02f7-0d20-4e08-8ecd-ebe087394a07:c3873]
2019-07-08 20:09:42,043 INFO  client.GrpcClientProtocolClient (GrpcClientProtocolClient.java:onNext(255)) - client-83AFC0B42279->fd4515e9-84f2-4741-b1f5-a9247145a2ac: receive RaftClientReply:client-83AFC0B42279->fd4515e9-84f2-4741-b1f5-a9247145a2ac@group-E2152A48AE85, cid=2614, SUCCESS, logIndex=0, commits[fd4515e9-84f2-4741-b1f5-a9247145a2ac:c3877, 2e3e112c-ad01-4834-a07e-d6d8a7947632:c3873, dfee02f7-0d20-4e08-8ecd-ebe087394a07:c3873]
2019-07-08 20:09:42,056 INFO  client.GrpcClientProtocolClient (GrpcClientProtocolClient.java:onNext(255)) - client-83AFC0B42279->fd4515e9-84f2-4741-b1f5-a9247145a2ac: receive RaftClientReply:client-83AFC0B42279->fd4515e9-84f2-4741-b1f5-a9247145a2ac@group-E2152A48AE85, cid=2615, SUCCESS, logIndex=3880, commits[fd4515e9-84f2-4741-b1f5-a9247145a2ac:c3881, 2e3e112c-ad01-4834-a07e-d6d8a7947632:c3879, dfee02f7-0d20-4e08-8ecd-ebe087394a07:c3879]
2019-07-08 20:09:42,056 INFO  client.GrpcClientProtocolClient (GrpcClientProtocolClient.java:onNext(255)) - client-83AFC0B42279->fd4515e9-84f2-4741-b1f5-a9247145a2ac: receive RaftClientReply:client-83AFC0B42279->fd4515e9-84f2-4741-b1f5-a9247145a2ac@group-E2152A48AE85, cid=2616, SUCCESS, logIndex=3881, commits[fd4515e9-84f2-4741-b1f5-a9247145a2ac:c3881, 2e3e112c-ad01-4834-a07e-d6d8a7947632:c3879, dfee02f7-0d20-4e08-8ecd-ebe087394a07:c3879]
2019-07-08 20:09:42,089 INFO  client.GrpcClientProtocolClient (GrpcClientProtocolClient.java:onNext(255)) - client-83AFC0B42279->fd4515e9-84f2-4741-b1f5-a9247145a2ac: receive RaftClientReply:client-83AFC0B42279->fd4515e9-84f2-4741-b1f5-a9247145a2ac@group-E2152A48AE85, cid=2617, SUCCESS, logIndex=3884, commits[fd4515e9-84f2-4741-b1f5-a9247145a2ac:c3885, 2e3e112c-ad01-4834-a07e-d6d8a7947632:c3882, dfee02f7-0d20-4e08-8ecd-ebe087394a07:c3881]
2019-07-08 20:09:42,090 INFO  client.GrpcClientProtocolClient (GrpcClientProtocolClient.java:onNext(255)) - client-83AFC0B42279->fd4515e9-84f2-4741-b1f5-a9247145a2ac: receive RaftClientReply:client-83AFC0B42279->fd4515e9-84f2-4741-b1f5-a9247145a2ac@group-E2152A48AE85, cid=2618, SUCCESS, logIndex=3885, commits[fd4515e9-84f2-4741-b1f5-a9247145a2ac:c3885, 2e3e112c-ad01-4834-a07e-d6d8a7947632:c3882, dfee02f7-0d20-4e08-8ecd-ebe087394a07:c3881]
2019-07-08 20:09:42,104 INFO  client.GrpcClientProtocolClient (GrpcClientProtocolClient.java:onNext(255)) - client-83AFC0B42279->fd4515e9-84f2-4741-b1f5-a9247145a2ac: receive RaftClientReply:client-83AFC0B42279->fd4515e9-84f2-4741-b1f5-a9247145a2ac@group-E2152A48AE85, cid=2619, SUCCESS, logIndex=0, commits[fd4515e9-84f2-4741-b1f5-a9247145a2ac:c3887, 2e3e112c-ad01-4834-a07e-d6d8a7947632:c3885, dfee02f7-0d20-4e08-8ecd-ebe087394a07:c3885]
 0.00% |█                                                                                                    |  0/1 Time: 0:00:212019-07-08 20:09:42,137 INFO  client.GrpcClientProtocolClient (GrpcClientProtocolClient.java:onNext(255)) - client-83AFC0B42279->fd4515e9-84f2-4741-b1f5-a9247145a2ac: receive RaftClientReply:client-83AFC0B42279->fd4515e9-84f2-4741-b1f5-a9247145a2ac@group-E2152A48AE85, cid=2620, SUCCESS, logIndex=3888, commits[fd4515e9-84f2-4741-b1f5-a9247145a2ac:c3889, 2e3e112c-ad01-4834-a07e-d6d8a7947632:c3887, dfee02f7-0d20-4e08-8ecd-ebe087394a07:c3887]
2019-07-08 20:09:42,137 INFO  client.GrpcClientProtocolClient (GrpcClientProtocolClient.java:onNext(255)) - client-83AFC0B42279->fd4515e9-84f2-4741-b1f5-a9247145a2ac: receive RaftClientReply:client-83AFC0B42279->fd4515e9-84f2-4741-b1f5-a9247145a2ac@group-E2152A48AE85, cid=2621, SUCCESS, logIndex=3889, commits[fd4515e9-84f2-4741-b1f5-a9247145a2ac:c3891, 2e3e112c-ad01-4834-a07e-d6d8a7947632:c3887, dfee02f7-0d20-4e08-8ecd-ebe087394a07:c3887]
2019-07-08 20:09:42,138 INFO  client.GrpcClientProtocolClient (GrpcClientProtocolClient.java:onNext(255)) - client-83AFC0B42279->fd4515e9-84f2-4741-b1f5-a9247145a2ac: receive RaftClientReply:client-83AFC0B42279->fd4515e9-84f2-4741-b1f5-a9247145a2ac@group-E2152A48AE85, cid=2622, SUCCESS, logIndex=3890, commits[fd4515e9-84f2-4741-b1f5-a9247145a2ac:c3891, 2e3e112c-ad01-4834-a07e-d6d8a7947632:c3887, dfee02f7-0d20-4e08-8ecd-ebe087394a07:c3887]
2019-07-08 20:09:42,138 INFO  client.GrpcClientProtocolClient (GrpcClientProtocolClient.java:onNext(255)) - client-83AFC0B42279->fd4515e9-84f2-4741-b1f5-a9247145a2ac: receive RaftClientReply:client-83AFC0B42279->fd4515e9-84f2-4741-b1f5-a9247145a2ac@group-E2152A48AE85, cid=2623, SUCCESS, logIndex=3891, commits[fd4515e9-84f2-4741-b1f5-a9247145a2ac:c3892, 2e3e112c-ad01-4834-a07e-d6d8a7947632:c3888, dfee02f7-0d20-4e08-8ecd-ebe087394a07:c3887]
2019-07-08 20:09:42,141 INFO  client.GrpcClientProtocolClient (GrpcClientProtocolClient.java:onNext(255)) - client-83AFC0B42279->fd4515e9-84f2-4741-b1f5-a9247145a2ac: receive RaftClientReply:client-83AFC0B42279->fd4515e9-84f2-4741-b1f5-a9247145a2ac@group-E2152A48AE85, cid=2624, SUCCESS, logIndex=0, commits[fd4515e9-84f2-4741-b1f5-a9247145a2ac:c3893, 2e3e112c-ad01-4834-a07e-d6d8a7947632:c3889, dfee02f7-0d20-4e08-8ecd-ebe087394a07:c3889]
2019-07-08 20:09:42,154 INFO  client.GrpcClientProtocolClient (GrpcClientProtocolClient.java:onNext(255)) - client-83AFC0B42279->fd4515e9-84f2-4741-b1f5-a9247145a2ac: receive RaftClientReply:client-83AFC0B42279->fd4515e9-84f2-4741-b1f5-a9247145a2ac@group-E2152A48AE85, cid=2625, SUCCESS, logIndex=3896, commits[fd4515e9-84f2-4741-b1f5-a9247145a2ac:c3897, 2e3e112c-ad01-4834-a07e-d6d8a7947632:c3891, dfee02f7-0d20-4e08-8ecd-ebe087394a07:c3895]
2019-07-08 20:09:42,154 INFO  client.GrpcClientProtocolClient (GrpcClientProtocolClient.java:onNext(255)) - client-83AFC0B42279->fd4515e9-84f2-4741-b1f5-a9247145a2ac: receive RaftClientReply:client-83AFC0B42279->fd4515e9-84f2-4741-b1f5-a9247145a2ac@group-E2152A48AE85, cid=2626, SUCCESS, logIndex=3897, commits[fd4515e9-84f2-4741-b1f5-a9247145a2ac:c3897, 2e3e112c-ad01-4834-a07e-d6d8a7947632:c3891, dfee02f7-0d20-4e08-8ecd-ebe087394a07:c3895]
2019-07-08 20:09:42,169 INFO  client.GrpcClientProtocolClient (GrpcClientProtocolClient.java:onNext(255)) - client-83AFC0B42279->fd4515e9-84f2-4741-b1f5-a9247145a2ac: receive RaftClientReply:client-83AFC0B42279->fd4515e9-84f2-4741-b1f5-a9247145a2ac@group-E2152A48AE85, cid=2627, SUCCESS, logIndex=3900, commits[fd4515e9-84f2-4741-b1f5-a9247145a2ac:c3901, 2e3e112c-ad01-4834-a07e-d6d8a7947632:c3897, dfee02f7-0d20-4e08-8ecd-ebe087394a07:c3897]
2019-07-08 20:09:42,169 INFO  client.GrpcClientProtocolClient (GrpcClientProtocolClient.java:onNext(255)) - client-83AFC0B42279->fd4515e9-84f2-4741-b1f5-a9247145a2ac: receive RaftClientReply:client-83AFC0B42279->fd4515e9-84f2-4741-b1f5-a9247145a2ac@group-E2152A48AE85, cid=2628, SUCCESS, logIndex=3901, commits[fd4515e9-84f2-4741-b1f5-a9247145a2ac:c3901, 2e3e112c-ad01-4834-a07e-d6d8a7947632:c3897, dfee02f7-0d20-4e08-8ecd-ebe087394a07:c3897]
2019-07-08 20:09:42,170 INFO  client.GrpcClientProtocolClient (GrpcClientProtocolClient.java:onNext(255)) - client-83AFC0B42279->fd4515e9-84f2-4741-b1f5-a9247145a2ac: receive RaftClientReply:client-83AFC0B42279->fd4515e9-84f2-4741-b1f5-a9247145a2ac@group-E2152A48AE85, cid=2629, SUCCESS, logIndex=0, commits[fd4515e9-84f2-4741-b1f5-a9247145a2ac:c3902, 2e3e112c-ad01-4834-a07e-d6d8a7947632:c3901, dfee02f7-0d20-4e08-8ecd-ebe087394a07:c3901]
2019-07-08 20:09:42,201 INFO  client.GrpcClientProtocolClient (GrpcClientProtocolClient.java:onNext(255)) - client-83AFC0B42279->fd4515e9-84f2-4741-b1f5-a9247145a2ac: receive RaftClientReply:client-83AFC0B42279->fd4515e9-84f2-4741-b1f5-a9247145a2ac@group-E2152A48AE85, cid=2630, SUCCESS, logIndex=3904, commits[fd4515e9-84f2-4741-b1f5-a9247145a2ac:c3905, 2e3e112c-ad01-4834-a07e-d6d8a7947632:c3903, dfee02f7-0d20-4e08-8ecd-ebe087394a07:c3903]
2019-07-08 20:09:42,202 INFO  client.GrpcClientProtocolClient (GrpcClientProtocolClient.java:onNext(255)) - client-83AFC0B42279->fd4515e9-84f2-4741-b1f5-a9247145a2ac: receive RaftClientReply:client-83AFC0B42279->fd4515e9-84f2-4741-b1f5-a9247145a2ac@group-E2152A48AE85, cid=2631, SUCCESS, logIndex=3905, commits[fd4515e9-84f2-4741-b1f5-a9247145a2ac:c3907, 2e3e112c-ad01-4834-a07e-d6d8a7947632:c3903, dfee02f7-0d20-4e08-8ecd-ebe087394a07:c3903]
2019-07-08 20:09:42,202 INFO  client.GrpcClientProtocolClient (GrpcClientProtocolClient.java:onNext(255)) - client-83AFC0B42279->fd4515e9-84f2-4741-b1f5-a9247145a2ac: receive RaftClientReply:client-83AFC0B42279->fd4515e9-84f2-4741-b1f5-a9247145a2ac@group-E2152A48AE85, cid=2632, SUCCESS, logIndex=3906, commits[fd4515e9-84f2-4741-b1f5-a9247145a2ac:c3907, 2e3e112c-ad01-4834-a07e-d6d8a7947632:c3903, dfee02f7-0d20-4e08-8ecd-ebe087394a07:c3903]
2019-07-08 20:09:42,202 INFO  client.GrpcClientProtocolClient (GrpcClientProtocolClient.java:onNext(255)) - client-83AFC0B42279->fd4515e9-84f2-4741-b1f5-a9247145a2ac: receive RaftClientReply:client-83AFC0B42279->fd4515e9-84f2-4741-b1f5-a9247145a2ac@group-E2152A48AE85, cid=2633, SUCCESS, logIndex=3907, commits[fd4515e9-84f2-4741-b1f5-a9247145a2ac:c3907, 2e3e112c-ad01-4834-a07e-d6d8a7947632:c3903, dfee02f7-0d20-4e08-8ecd-ebe087394a07:c3903]
2019-07-08 20:09:42,228 INFO  client.GrpcClientProtocolClient (GrpcClientProtocolClient.java:onNext(255)) - client-83AFC0B42279->fd4515e9-84f2-4741-b1f5-a9247145a2ac: receive RaftClientReply:client-83AFC0B42279->fd4515e9-84f2-4741-b1f5-a9247145a2ac@group-E2152A48AE85, cid=2634, SUCCESS, logIndex=0, commits[fd4515e9-84f2-4741-b1f5-a9247145a2ac:c3910, 2e3e112c-ad01-4834-a07e-d6d8a7947632:c3905, dfee02f7-0d20-4e08-8ecd-ebe087394a07:c3906]
2019-07-08 20:09:42,247 INFO  client.GrpcClientProtocolClient (GrpcClientProtocolClient.java:onNext(255)) - client-83AFC0B42279->fd4515e9-84f2-4741-b1f5-a9247145a2ac: receive RaftClientReply:client-83AFC0B42279->fd4515e9-84f2-4741-b1f5-a9247145a2ac@group-E2152A48AE85, cid=2635, SUCCESS, logIndex=3912, commits[fd4515e9-84f2-4741-b1f5-a9247145a2ac:c3913, 2e3e112c-ad01-4834-a07e-d6d8a7947632:c3911, dfee02f7-0d20-4e08-8ecd-ebe087394a07:c3911]
2019-07-08 20:09:42,248 INFO  client.GrpcClientProtocolClient (GrpcClientProtocolClient.java:onNext(255)) - client-83AFC0B42279->fd4515e9-84f2-4741-b1f5-a9247145a2ac: receive RaftClientReply:client-83AFC0B42279->fd4515e9-84f2-4741-b1f5-a9247145a2ac@group-E2152A48AE85, cid=2636, SUCCESS, logIndex=3913, commits[fd4515e9-84f2-4741-b1f5-a9247145a2ac:c3913, 2e3e112c-ad01-4834-a07e-d6d8a7947632:c3911, dfee02f7-0d20-4e08-8ecd-ebe087394a07:c3911]
2019-07-08 20:09:42,273 INFO  client.GrpcClientProtocolClient (GrpcClientProtocolClient.java:onNext(255)) - client-83AFC0B42279->fd4515e9-84f2-4741-b1f5-a9247145a2ac: receive RaftClientReply:client-83AFC0B42279->fd4515e9-84f2-4741-b1f5-a9247145a2ac@group-E2152A48AE85, cid=2637, SUCCESS, logIndex=3916, commits[fd4515e9-84f2-4741-b1f5-a9247145a2ac:c3916, 2e3e112c-ad01-4834-a07e-d6d8a7947632:c3913, dfee02f7-0d20-4e08-8ecd-ebe087394a07:c3913]
2019-07-08 20:09:42,274 INFO  client.GrpcClientProtocolClient (GrpcClientProtocolClient.java:onNext(255)) - client-83AFC0B42279->fd4515e9-84f2-4741-b1f5-a9247145a2ac: receive RaftClientReply:client-83AFC0B42279->fd4515e9-84f2-4741-b1f5-a9247145a2ac@group-E2152A48AE85, cid=2638, SUCCESS, logIndex=3917, commits[fd4515e9-84f2-4741-b1f5-a9247145a2ac:c3917, 2e3e112c-ad01-4834-a07e-d6d8a7947632:c3913, dfee02f7-0d20-4e08-8ecd-ebe087394a07:c3913]
2019-07-08 20:09:42,300 INFO  client.GrpcClientProtocolClient (GrpcClientProtocolClient.java:onNext(255)) - client-83AFC0B42279->fd4515e9-84f2-4741-b1f5-a9247145a2ac: receive RaftClientReply:client-83AFC0B42279->fd4515e9-84f2-4741-b1f5-a9247145a2ac@group-E2152A48AE85, cid=2639, SUCCESS, logIndex=0, commits[fd4515e9-84f2-4741-b1f5-a9247145a2ac:c3918, 2e3e112c-ad01-4834-a07e-d6d8a7947632:c3917, dfee02f7-0d20-4e08-8ecd-ebe087394a07:c3917]
2019-07-08 20:09:42,464 INFO  client.GrpcClientProtocolClient (GrpcClientProtocolClient.java:onNext(255)) - client-83AFC0B42279->fd4515e9-84f2-4741-b1f5-a9247145a2ac: receive RaftClientReply:client-83AFC0B42279->fd4515e9-84f2-4741-b1f5-a9247145a2ac@group-E2152A48AE85, cid=2640, SUCCESS, logIndex=3920, commits[fd4515e9-84f2-4741-b1f5-a9247145a2ac:c3922, 2e3e112c-ad01-4834-a07e-d6d8a7947632:c3919, dfee02f7-0d20-4e08-8ecd-ebe087394a07:c3919]
2019-07-08 20:09:42,466 INFO  client.GrpcClientProtocolClient (GrpcClientProtocolClient.java:onNext(255)) - client-83AFC0B42279->fd4515e9-84f2-4741-b1f5-a9247145a2ac: receive RaftClientReply:client-83AFC0B42279->fd4515e9-84f2-4741-b1f5-a9247145a2ac@group-E2152A48AE85, cid=2641, SUCCESS, logIndex=3921, commits[fd4515e9-84f2-4741-b1f5-a9247145a2ac:c3923, 2e3e112c-ad01-4834-a07e-d6d8a7947632:c3919, dfee02f7-0d20-4e08-8ecd-ebe087394a07:c3919]
2019-07-08 20:09:42,466 INFO  client.GrpcClientProtocolClient (GrpcClientProtocolClient.java:onNext(255)) - client-83AFC0B42279->fd4515e9-84f2-4741-b1f5-a9247145a2ac: receive RaftClientReply:client-83AFC0B42279->fd4515e9-84f2-4741-b1f5-a9247145a2ac@group-E2152A48AE85, cid=2642, SUCCESS, logIndex=3922, commits[fd4515e9-84f2-4741-b1f5-a9247145a2ac:c3923, 2e3e112c-ad01-4834-a07e-d6d8a7947632:c3919, dfee02f7-0d20-4e08-8ecd-ebe087394a07:c3919]
2019-07-08 20:09:42,466 INFO  client.GrpcClientProtocolClient (GrpcClientProtocolClient.java:onNext(255)) - client-83AFC0B42279->fd4515e9-84f2-4741-b1f5-a9247145a2ac: receive RaftClientReply:client-83AFC0B42279->fd4515e9-84f2-4741-b1f5-a9247145a2ac@group-E2152A48AE85, cid=2643, SUCCESS, logIndex=3923, commits[fd4515e9-84f2-4741-b1f5-a9247145a2ac:c3923, 2e3e112c-ad01-4834-a07e-d6d8a7947632:c3919, dfee02f7-0d20-4e08-8ecd-ebe087394a07:c3919]
2019-07-08 20:09:42,485 INFO  client.GrpcClientProtocolClient (GrpcClientProtocolClient.java:onNext(255)) - client-83AFC0B42279->fd4515e9-84f2-4741-b1f5-a9247145a2ac: receive RaftClientReply:client-83AFC0B42279->fd4515e9-84f2-4741-b1f5-a9247145a2ac@group-E2152A48AE85, cid=2644, SUCCESS, logIndex=0, commits[fd4515e9-84f2-4741-b1f5-a9247145a2ac:c3924, 2e3e112c-ad01-4834-a07e-d6d8a7947632:c3921, dfee02f7-0d20-4e08-8ecd-ebe087394a07:c3921]
2019-07-08 20:09:42,509 INFO  client.GrpcClientProtocolClient (GrpcClientProtocolClient.java:onNext(255)) - client-83AFC0B42279->fd4515e9-84f2-4741-b1f5-a9247145a2ac: receive RaftClientReply:client-83AFC0B42279->fd4515e9-84f2-4741-b1f5-a9247145a2ac@group-E2152A48AE85, cid=2645, SUCCESS, logIndex=3928, commits[fd4515e9-84f2-4741-b1f5-a9247145a2ac:c3929, 2e3e112c-ad01-4834-a07e-d6d8a7947632:c3927, dfee02f7-0d20-4e08-8ecd-ebe087394a07:c3927]
2019-07-08 20:09:42,509 INFO  client.GrpcClientProtocolClient (GrpcClientProtocolClient.java:onNext(255)) - client-83AFC0B42279->fd4515e9-84f2-4741-b1f5-a9247145a2ac: receive RaftClientReply:client-83AFC0B42279->fd4515e9-84f2-4741-b1f5-a9247145a2ac@group-E2152A48AE85, cid=2646, SUCCESS, logIndex=3929, commits[fd4515e9-84f2-4741-b1f5-a9247145a2ac:c3929, 2e3e112c-ad01-4834-a07e-d6d8a7947632:c3927, dfee02f7-0d20-4e08-8ecd-ebe087394a07:c3927]
2019-07-08 20:09:42,536 INFO  client.GrpcClientProtocolClient (GrpcClientProtocolClient.java:onNext(255)) - client-83AFC0B42279->fd4515e9-84f2-4741-b1f5-a9247145a2ac: receive RaftClientReply:client-83AFC0B42279->fd4515e9-84f2-4741-b1f5-a9247145a2ac@group-E2152A48AE85, cid=2647, SUCCESS, logIndex=3932, commits[fd4515e9-84f2-4741-b1f5-a9247145a2ac:c3932, 2e3e112c-ad01-4834-a07e-d6d8a7947632:c3929, dfee02f7-0d20-4e08-8ecd-ebe087394a07:c3929]
2019-07-08 20:09:42,536 INFO  client.GrpcClientProtocolClient (GrpcClientProtocolClient.java:onNext(255)) - client-83AFC0B42279->fd4515e9-84f2-4741-b1f5-a9247145a2ac: receive RaftClientReply:client-83AFC0B42279->fd4515e9-84f2-4741-b1f5-a9247145a2ac@group-E2152A48AE85, cid=2648, SUCCESS, logIndex=3933, commits[fd4515e9-84f2-4741-b1f5-a9247145a2ac:c3933, 2e3e112c-ad01-4834-a07e-d6d8a7947632:c3929, dfee02f7-0d20-4e08-8ecd-ebe087394a07:c3929]
2019-07-08 20:09:42,561 INFO  client.GrpcClientProtocolClient (GrpcClientProtocolClient.java:onNext(255)) - client-83AFC0B42279->fd4515e9-84f2-4741-b1f5-a9247145a2ac: receive RaftClientReply:client-83AFC0B42279->fd4515e9-84f2-4741-b1f5-a9247145a2ac@group-E2152A48AE85, cid=2649, SUCCESS, logIndex=0, commits[fd4515e9-84f2-4741-b1f5-a9247145a2ac:c3935, 2e3e112c-ad01-4834-a07e-d6d8a7947632:c3933, dfee02f7-0d20-4e08-8ecd-ebe087394a07:c3933]
2019-07-08 20:09:42,600 INFO  client.GrpcClientProtocolClient (GrpcClientProtocolClient.java:onNext(255)) - client-83AFC0B42279->fd4515e9-84f2-4741-b1f5-a9247145a2ac: receive RaftClientReply:client-83AFC0B42279->fd4515e9-84f2-4741-b1f5-a9247145a2ac@group-E2152A48AE85, cid=2650, SUCCESS, logIndex=3936, commits[fd4515e9-84f2-4741-b1f5-a9247145a2ac:c3938, 2e3e112c-ad01-4834-a07e-d6d8a7947632:c3935, dfee02f7-0d20-4e08-8ecd-ebe087394a07:c3935]
2019-07-08 20:09:42,601 INFO  client.GrpcClientProtocolClient (GrpcClientProtocolClient.java:onNext(255)) - client-83AFC0B42279->fd4515e9-84f2-4741-b1f5-a9247145a2ac: receive RaftClientReply:client-83AFC0B42279->fd4515e9-84f2-4741-b1f5-a9247145a2ac@group-E2152A48AE85, cid=2651, SUCCESS, logIndex=3937, commits[fd4515e9-84f2-4741-b1f5-a9247145a2ac:c3939, 2e3e112c-ad01-4834-a07e-d6d8a7947632:c3935, dfee02f7-0d20-4e08-8ecd-ebe087394a07:c3935]
2019-07-08 20:09:42,601 INFO  client.GrpcClientProtocolClient (GrpcClientProtocolClient.java:onNext(255)) - client-83AFC0B42279->fd4515e9-84f2-4741-b1f5-a9247145a2ac: receive RaftClientReply:client-83AFC0B42279->fd4515e9-84f2-4741-b1f5-a9247145a2ac@group-E2152A48AE85, cid=2652, SUCCESS, logIndex=3938, commits[fd4515e9-84f2-4741-b1f5-a9247145a2ac:c3939, 2e3e112c-ad01-4834-a07e-d6d8a7947632:c3935, dfee02f7-0d20-4e08-8ecd-ebe087394a07:c3935]
2019-07-08 20:09:42,601 INFO  client.GrpcClientProtocolClient (GrpcClientProtocolClient.java:onNext(255)) - client-83AFC0B42279->fd4515e9-84f2-4741-b1f5-a9247145a2ac: receive RaftClientReply:client-83AFC0B42279->fd4515e9-84f2-4741-b1f5-a9247145a2ac@group-E2152A48AE85, cid=2653, SUCCESS, logIndex=3939, commits[fd4515e9-84f2-4741-b1f5-a9247145a2ac:c3939, 2e3e112c-ad01-4834-a07e-d6d8a7947632:c3935, dfee02f7-0d20-4e08-8ecd-ebe087394a07:c3935]
2019-07-08 20:09:42,629 INFO  client.GrpcClientProtocolClient (GrpcClientProtocolClient.java:onNext(255)) - client-83AFC0B42279->fd4515e9-84f2-4741-b1f5-a9247145a2ac: receive RaftClientReply:client-83AFC0B42279->fd4515e9-84f2-4741-b1f5-a9247145a2ac@group-E2152A48AE85, cid=2654, SUCCESS, logIndex=0, commits[fd4515e9-84f2-4741-b1f5-a9247145a2ac:c3943, 2e3e112c-ad01-4834-a07e-d6d8a7947632:c3937, dfee02f7-0d20-4e08-8ecd-ebe087394a07:c3939]
2019-07-08 20:09:42,653 INFO  client.GrpcClientProtocolClient (GrpcClientProtocolClient.java:onNext(255)) - client-83AFC0B42279->fd4515e9-84f2-4741-b1f5-a9247145a2ac: receive RaftClientReply:client-83AFC0B42279->fd4515e9-84f2-4741-b1f5-a9247145a2ac@group-E2152A48AE85, cid=2655, SUCCESS, logIndex=3944, commits[fd4515e9-84f2-4741-b1f5-a9247145a2ac:c3945, 2e3e112c-ad01-4834-a07e-d6d8a7947632:c3939, dfee02f7-0d20-4e08-8ecd-ebe087394a07:c3943]
2019-07-08 20:09:42,653 INFO  client.GrpcClientProtocolClient (GrpcClientProtocolClient.java:onNext(255)) - client-83AFC0B42279->fd4515e9-84f2-4741-b1f5-a9247145a2ac: receive RaftClientReply:client-83AFC0B42279->fd4515e9-84f2-4741-b1f5-a9247145a2ac@group-E2152A48AE85, cid=2656, SUCCESS, logIndex=3945, commits[fd4515e9-84f2-4741-b1f5-a9247145a2ac:c3945, 2e3e112c-ad01-4834-a07e-d6d8a7947632:c3943, dfee02f7-0d20-4e08-8ecd-ebe087394a07:c3943]
2019-07-08 20:09:42,676 INFO  client.GrpcClientProtocolClient (GrpcClientProtocolClient.java:onNext(255)) - client-83AFC0B42279->fd4515e9-84f2-4741-b1f5-a9247145a2ac: receive RaftClientReply:client-83AFC0B42279->fd4515e9-84f2-4741-b1f5-a9247145a2ac@group-E2152A48AE85, cid=2657, SUCCESS, logIndex=3948, commits[fd4515e9-84f2-4741-b1f5-a9247145a2ac:c3949, 2e3e112c-ad01-4834-a07e-d6d8a7947632:c3945, dfee02f7-0d20-4e08-8ecd-ebe087394a07:c3944]
2019-07-08 20:09:42,676 INFO  client.GrpcClientProtocolClient (GrpcClientProtocolClient.java:onNext(255)) - client-83AFC0B42279->fd4515e9-84f2-4741-b1f5-a9247145a2ac: receive RaftClientReply:client-83AFC0B42279->fd4515e9-84f2-4741-b1f5-a9247145a2ac@group-E2152A48AE85, cid=2658, SUCCESS, logIndex=3949, commits[fd4515e9-84f2-4741-b1f5-a9247145a2ac:c3949, 2e3e112c-ad01-4834-a07e-d6d8a7947632:c3945, dfee02f7-0d20-4e08-8ecd-ebe087394a07:c3945]
2019-07-08 20:09:42,680 INFO  client.GrpcClientProtocolClient (GrpcClientProtocolClient.java:onNext(255)) - client-83AFC0B42279->fd4515e9-84f2-4741-b1f5-a9247145a2ac: receive RaftClientReply:client-83AFC0B42279->fd4515e9-84f2-4741-b1f5-a9247145a2ac@group-E2152A48AE85, cid=2659, SUCCESS, logIndex=0, commits[fd4515e9-84f2-4741-b1f5-a9247145a2ac:c3951, 2e3e112c-ad01-4834-a07e-d6d8a7947632:c3949, dfee02f7-0d20-4e08-8ecd-ebe087394a07:c3949]
2019-07-08 20:09:42,710 INFO  client.GrpcClientProtocolClient (GrpcClientProtocolClient.java:onNext(255)) - client-83AFC0B42279->fd4515e9-84f2-4741-b1f5-a9247145a2ac: receive RaftClientReply:client-83AFC0B42279->fd4515e9-84f2-4741-b1f5-a9247145a2ac@group-E2152A48AE85, cid=2660, SUCCESS, logIndex=3952, commits[fd4515e9-84f2-4741-b1f5-a9247145a2ac:c3953, 2e3e112c-ad01-4834-a07e-d6d8a7947632:c3951, dfee02f7-0d20-4e08-8ecd-ebe087394a07:c3951]
2019-07-08 20:09:42,711 INFO  client.GrpcClientProtocolClient (GrpcClientProtocolClient.java:onNext(255)) - client-83AFC0B42279->fd4515e9-84f2-4741-b1f5-a9247145a2ac: receive RaftClientReply:client-83AFC0B42279->fd4515e9-84f2-4741-b1f5-a9247145a2ac@group-E2152A48AE85, cid=2661, SUCCESS, logIndex=3953, commits[fd4515e9-84f2-4741-b1f5-a9247145a2ac:c3954, 2e3e112c-ad01-4834-a07e-d6d8a7947632:c3951, dfee02f7-0d20-4e08-8ecd-ebe087394a07:c3951]
2019-07-08 20:09:42,711 INFO  client.GrpcClientProtocolClient (GrpcClientProtocolClient.java:onNext(255)) - client-83AFC0B42279->fd4515e9-84f2-4741-b1f5-a9247145a2ac: receive RaftClientReply:client-83AFC0B42279->fd4515e9-84f2-4741-b1f5-a9247145a2ac@group-E2152A48AE85, cid=2662, SUCCESS, logIndex=3954, commits[fd4515e9-84f2-4741-b1f5-a9247145a2ac:c3955, 2e3e112c-ad01-4834-a07e-d6d8a7947632:c3951, dfee02f7-0d20-4e08-8ecd-ebe087394a07:c3951]
2019-07-08 20:09:42,711 INFO  client.GrpcClientProtocolClient (GrpcClientProtocolClient.java:onNext(255)) - client-83AFC0B42279->fd4515e9-84f2-4741-b1f5-a9247145a2ac: receive RaftClientReply:client-83AFC0B42279->fd4515e9-84f2-4741-b1f5-a9247145a2ac@group-E2152A48AE85, cid=2663, SUCCESS, logIndex=3955, commits[fd4515e9-84f2-4741-b1f5-a9247145a2ac:c3955, 2e3e112c-ad01-4834-a07e-d6d8a7947632:c3951, dfee02f7-0d20-4e08-8ecd-ebe087394a07:c3951]
2019-07-08 20:09:42,714 INFO  client.GrpcClientProtocolClient (GrpcClientProtocolClient.java:onNext(255)) - client-83AFC0B42279->fd4515e9-84f2-4741-b1f5-a9247145a2ac: receive RaftClientReply:client-83AFC0B42279->fd4515e9-84f2-4741-b1f5-a9247145a2ac@group-E2152A48AE85, cid=2664, SUCCESS, logIndex=0, commits[fd4515e9-84f2-4741-b1f5-a9247145a2ac:c3957, 2e3e112c-ad01-4834-a07e-d6d8a7947632:c3953, dfee02f7-0d20-4e08-8ecd-ebe087394a07:c3953]
2019-07-08 20:09:42,728 INFO  client.GrpcClientProtocolClient (GrpcClientProtocolClient.java:onNext(255)) - client-83AFC0B42279->fd4515e9-84f2-4741-b1f5-a9247145a2ac: receive RaftClientReply:client-83AFC0B42279->fd4515e9-84f2-4741-b1f5-a9247145a2ac@group-E2152A48AE85, cid=2665, SUCCESS, logIndex=3960, commits[fd4515e9-84f2-4741-b1f5-a9247145a2ac:c3961, 2e3e112c-ad01-4834-a07e-d6d8a7947632:c3959, dfee02f7-0d20-4e08-8ecd-ebe087394a07:c3955]
2019-07-08 20:09:42,728 INFO  client.GrpcClientProtocolClient (GrpcClientProtocolClient.java:onNext(255)) - client-83AFC0B42279->fd4515e9-84f2-4741-b1f5-a9247145a2ac: receive RaftClientReply:client-83AFC0B42279->fd4515e9-84f2-4741-b1f5-a9247145a2ac@group-E2152A48AE85, cid=2666, SUCCESS, logIndex=3961, commits[fd4515e9-84f2-4741-b1f5-a9247145a2ac:c3961, 2e3e112c-ad01-4834-a07e-d6d8a7947632:c3959, dfee02f7-0d20-4e08-8ecd-ebe087394a07:c3955]
2019-07-08 20:09:42,753 INFO  client.GrpcClientProtocolClient (GrpcClientProtocolClient.java:onNext(255)) - client-83AFC0B42279->fd4515e9-84f2-4741-b1f5-a9247145a2ac: receive RaftClientReply:client-83AFC0B42279->fd4515e9-84f2-4741-b1f5-a9247145a2ac@group-E2152A48AE85, cid=2667, SUCCESS, logIndex=3964, commits[fd4515e9-84f2-4741-b1f5-a9247145a2ac:c3965, 2e3e112c-ad01-4834-a07e-d6d8a7947632:c3961, dfee02f7-0d20-4e08-8ecd-ebe087394a07:c3961]
2019-07-08 20:09:42,753 INFO  client.GrpcClientProtocolClient (GrpcClientProtocolClient.java:onNext(255)) - client-83AFC0B42279->fd4515e9-84f2-4741-b1f5-a9247145a2ac: receive RaftClientReply:client-83AFC0B42279->fd4515e9-84f2-4741-b1f5-a9247145a2ac@group-E2152A48AE85, cid=2668, SUCCESS, logIndex=3965, commits[fd4515e9-84f2-4741-b1f5-a9247145a2ac:c3965, 2e3e112c-ad01-4834-a07e-d6d8a7947632:c3961, dfee02f7-0d20-4e08-8ecd-ebe087394a07:c3961]
2019-07-08 20:09:42,766 INFO  client.GrpcClientProtocolClient (GrpcClientProtocolClient.java:onNext(255)) - client-83AFC0B42279->fd4515e9-84f2-4741-b1f5-a9247145a2ac: receive RaftClientReply:client-83AFC0B42279->fd4515e9-84f2-4741-b1f5-a9247145a2ac@group-E2152A48AE85, cid=2669, SUCCESS, logIndex=0, commits[fd4515e9-84f2-4741-b1f5-a9247145a2ac:c3966, 2e3e112c-ad01-4834-a07e-d6d8a7947632:c3965, dfee02f7-0d20-4e08-8ecd-ebe087394a07:c3965]
2019-07-08 20:09:42,794 INFO  client.GrpcClientProtocolClient (GrpcClientProtocolClient.java:onNext(255)) - client-83AFC0B42279->fd4515e9-84f2-4741-b1f5-a9247145a2ac: receive RaftClientReply:client-83AFC0B42279->fd4515e9-84f2-4741-b1f5-a9247145a2ac@group-E2152A48AE85, cid=2670, SUCCESS, logIndex=3967, commits[fd4515e9-84f2-4741-b1f5-a9247145a2ac:c3969, 2e3e112c-ad01-4834-a07e-d6d8a7947632:c3966, dfee02f7-0d20-4e08-8ecd-ebe087394a07:c3966]
2019-07-08 20:09:42,795 INFO  client.GrpcClientProtocolClient (GrpcClientProtocolClient.java:onNext(255)) - client-83AFC0B42279->fd4515e9-84f2-4741-b1f5-a9247145a2ac: receive RaftClientReply:client-83AFC0B42279->fd4515e9-84f2-4741-b1f5-a9247145a2ac@group-E2152A48AE85, cid=2671, SUCCESS, logIndex=3968, commits[fd4515e9-84f2-4741-b1f5-a9247145a2ac:c3970, 2e3e112c-ad01-4834-a07e-d6d8a7947632:c3966, dfee02f7-0d20-4e08-8ecd-ebe087394a07:c3966]
2019-07-08 20:09:42,795 INFO  client.GrpcClientProtocolClient (GrpcClientProtocolClient.java:onNext(255)) - client-83AFC0B42279->fd4515e9-84f2-4741-b1f5-a9247145a2ac: receive RaftClientReply:client-83AFC0B42279->fd4515e9-84f2-4741-b1f5-a9247145a2ac@group-E2152A48AE85, cid=2672, SUCCESS, logIndex=3969, commits[fd4515e9-84f2-4741-b1f5-a9247145a2ac:c3970, 2e3e112c-ad01-4834-a07e-d6d8a7947632:c3966, dfee02f7-0d20-4e08-8ecd-ebe087394a07:c3966]
2019-07-08 20:09:42,795 INFO  client.GrpcClientProtocolClient (GrpcClientProtocolClient.java:onNext(255)) - client-83AFC0B42279->fd4515e9-84f2-4741-b1f5-a9247145a2ac: receive RaftClientReply:client-83AFC0B42279->fd4515e9-84f2-4741-b1f5-a9247145a2ac@group-E2152A48AE85, cid=2673, SUCCESS, logIndex=3970, commits[fd4515e9-84f2-4741-b1f5-a9247145a2ac:c3970, 2e3e112c-ad01-4834-a07e-d6d8a7947632:c3966, dfee02f7-0d20-4e08-8ecd-ebe087394a07:c3966]
2019-07-08 20:09:42,820 INFO  client.GrpcClientProtocolClient (GrpcClientProtocolClient.java:onNext(255)) - client-83AFC0B42279->fd4515e9-84f2-4741-b1f5-a9247145a2ac: receive RaftClientReply:client-83AFC0B42279->fd4515e9-84f2-4741-b1f5-a9247145a2ac@group-E2152A48AE85, cid=2674, SUCCESS, logIndex=0, commits[fd4515e9-84f2-4741-b1f5-a9247145a2ac:c3972, 2e3e112c-ad01-4834-a07e-d6d8a7947632:c3968, dfee02f7-0d20-4e08-8ecd-ebe087394a07:c3968]
2019-07-08 20:09:42,842 INFO  client.GrpcClientProtocolClient (GrpcClientProtocolClient.java:onNext(255)) - client-83AFC0B42279->fd4515e9-84f2-4741-b1f5-a9247145a2ac: receive RaftClientReply:client-83AFC0B42279->fd4515e9-84f2-4741-b1f5-a9247145a2ac@group-E2152A48AE85, cid=2675, SUCCESS, logIndex=3975, commits[fd4515e9-84f2-4741-b1f5-a9247145a2ac:c3976, 2e3e112c-ad01-4834-a07e-d6d8a7947632:c3974, dfee02f7-0d20-4e08-8ecd-ebe087394a07:c3974]
2019-07-08 20:09:42,842 INFO  client.GrpcClientProtocolClient (GrpcClientProtocolClient.java:onNext(255)) - client-83AFC0B42279->fd4515e9-84f2-4741-b1f5-a9247145a2ac: receive RaftClientReply:client-83AFC0B42279->fd4515e9-84f2-4741-b1f5-a9247145a2ac@group-E2152A48AE85, cid=2676, SUCCESS, logIndex=3976, commits[fd4515e9-84f2-4741-b1f5-a9247145a2ac:c3976, 2e3e112c-ad01-4834-a07e-d6d8a7947632:c3974, dfee02f7-0d20-4e08-8ecd-ebe087394a07:c3974]
2019-07-08 20:09:42,854 INFO  client.GrpcClientProtocolClient (GrpcClientProtocolClient.java:onNext(255)) - client-83AFC0B42279->fd4515e9-84f2-4741-b1f5-a9247145a2ac: receive RaftClientReply:client-83AFC0B42279->fd4515e9-84f2-4741-b1f5-a9247145a2ac@group-E2152A48AE85, cid=2677, SUCCESS, logIndex=3979, commits[fd4515e9-84f2-4741-b1f5-a9247145a2ac:c3980, 2e3e112c-ad01-4834-a07e-d6d8a7947632:c3977, dfee02f7-0d20-4e08-8ecd-ebe087394a07:c3977]
2019-07-08 20:09:42,855 INFO  client.GrpcClientProtocolClient (GrpcClientProtocolClient.java:onNext(255)) - client-83AFC0B42279->fd4515e9-84f2-4741-b1f5-a9247145a2ac: receive RaftClientReply:client-83AFC0B42279->fd4515e9-84f2-4741-b1f5-a9247145a2ac@group-E2152A48AE85, cid=2678, SUCCESS, logIndex=3980, commits[fd4515e9-84f2-4741-b1f5-a9247145a2ac:c3980, 2e3e112c-ad01-4834-a07e-d6d8a7947632:c3977, dfee02f7-0d20-4e08-8ecd-ebe087394a07:c3977]
2019-07-08 20:09:42,860 INFO  client.GrpcClientProtocolClient (GrpcClientProtocolClient.java:onNext(255)) - client-83AFC0B42279->fd4515e9-84f2-4741-b1f5-a9247145a2ac: receive RaftClientReply:client-83AFC0B42279->fd4515e9-84f2-4741-b1f5-a9247145a2ac@group-E2152A48AE85, cid=2679, SUCCESS, logIndex=0, commits[fd4515e9-84f2-4741-b1f5-a9247145a2ac:c3982, 2e3e112c-ad01-4834-a07e-d6d8a7947632:c3980, dfee02f7-0d20-4e08-8ecd-ebe087394a07:c3980]
2019-07-08 20:09:42,890 INFO  client.GrpcClientProtocolClient (GrpcClientProtocolClient.java:onNext(255)) - client-83AFC0B42279->fd4515e9-84f2-4741-b1f5-a9247145a2ac: receive RaftClientReply:client-83AFC0B42279->fd4515e9-84f2-4741-b1f5-a9247145a2ac@group-E2152A48AE85, cid=2680, SUCCESS, logIndex=3983, commits[fd4515e9-84f2-4741-b1f5-a9247145a2ac:c3983, 2e3e112c-ad01-4834-a07e-d6d8a7947632:c3982, dfee02f7-0d20-4e08-8ecd-ebe087394a07:c3982]
2019-07-08 20:09:42,891 INFO  client.GrpcClientProtocolClient (GrpcClientProtocolClient.java:onNext(255)) - client-83AFC0B42279->fd4515e9-84f2-4741-b1f5-a9247145a2ac: receive RaftClientReply:client-83AFC0B42279->fd4515e9-84f2-4741-b1f5-a9247145a2ac@group-E2152A48AE85, cid=2681, SUCCESS, logIndex=3984, commits[fd4515e9-84f2-4741-b1f5-a9247145a2ac:c3986, 2e3e112c-ad01-4834-a07e-d6d8a7947632:c3982, dfee02f7-0d20-4e08-8ecd-ebe087394a07:c3982]
2019-07-08 20:09:42,891 INFO  client.GrpcClientProtocolClient (GrpcClientProtocolClient.java:onNext(255)) - client-83AFC0B42279->fd4515e9-84f2-4741-b1f5-a9247145a2ac: receive RaftClientReply:client-83AFC0B42279->fd4515e9-84f2-4741-b1f5-a9247145a2ac@group-E2152A48AE85, cid=2682, SUCCESS, logIndex=3985, commits[fd4515e9-84f2-4741-b1f5-a9247145a2ac:c3986, 2e3e112c-ad01-4834-a07e-d6d8a7947632:c3982, dfee02f7-0d20-4e08-8ecd-ebe087394a07:c3982]
2019-07-08 20:09:42,891 INFO  client.GrpcClientProtocolClient (GrpcClientProtocolClient.java:onNext(255)) - client-83AFC0B42279->fd4515e9-84f2-4741-b1f5-a9247145a2ac: receive RaftClientReply:client-83AFC0B42279->fd4515e9-84f2-4741-b1f5-a9247145a2ac@group-E2152A48AE85, cid=2683, SUCCESS, logIndex=3986, commits[fd4515e9-84f2-4741-b1f5-a9247145a2ac:c3986, 2e3e112c-ad01-4834-a07e-d6d8a7947632:c3982, dfee02f7-0d20-4e08-8ecd-ebe087394a07:c3982]
2019-07-08 20:09:42,906 INFO  client.GrpcClientProtocolClient (GrpcClientProtocolClient.java:onNext(255)) - client-83AFC0B42279->fd4515e9-84f2-4741-b1f5-a9247145a2ac: receive RaftClientReply:client-83AFC0B42279->fd4515e9-84f2-4741-b1f5-a9247145a2ac@group-E2152A48AE85, cid=2684, SUCCESS, logIndex=0, commits[fd4515e9-84f2-4741-b1f5-a9247145a2ac:c3989, 2e3e112c-ad01-4834-a07e-d6d8a7947632:c3986, dfee02f7-0d20-4e08-8ecd-ebe087394a07:c3985]
2019-07-08 20:09:42,926 INFO  client.GrpcClientProtocolClient (GrpcClientProtocolClient.java:onNext(255)) - client-83AFC0B42279->fd4515e9-84f2-4741-b1f5-a9247145a2ac: receive RaftClientReply:client-83AFC0B42279->fd4515e9-84f2-4741-b1f5-a9247145a2ac@group-E2152A48AE85, cid=2685, SUCCESS, logIndex=3990, commits[fd4515e9-84f2-4741-b1f5-a9247145a2ac:c3991, 2e3e112c-ad01-4834-a07e-d6d8a7947632:c3989, dfee02f7-0d20-4e08-8ecd-ebe087394a07:c3989]
2019-07-08 20:09:42,926 INFO  client.GrpcClientProtocolClient (GrpcClientProtocolClient.java:onNext(255)) - client-83AFC0B42279->fd4515e9-84f2-4741-b1f5-a9247145a2ac: receive RaftClientReply:client-83AFC0B42279->fd4515e9-84f2-4741-b1f5-a9247145a2ac@group-E2152A48AE85, cid=2686, SUCCESS, logIndex=3991, commits[fd4515e9-84f2-4741-b1f5-a9247145a2ac:c3991, 2e3e112c-ad01-4834-a07e-d6d8a7947632:c3989, dfee02f7-0d20-4e08-8ecd-ebe087394a07:c3989]
2019-07-08 20:09:42,941 INFO  client.GrpcClientProtocolClient (GrpcClientProtocolClient.java:onNext(255)) - client-83AFC0B42279->fd4515e9-84f2-4741-b1f5-a9247145a2ac: receive RaftClientReply:client-83AFC0B42279->fd4515e9-84f2-4741-b1f5-a9247145a2ac@group-E2152A48AE85, cid=2687, SUCCESS, logIndex=3994, commits[fd4515e9-84f2-4741-b1f5-a9247145a2ac:c3995, 2e3e112c-ad01-4834-a07e-d6d8a7947632:c3991, dfee02f7-0d20-4e08-8ecd-ebe087394a07:c3991]
2019-07-08 20:09:42,941 INFO  client.GrpcClientProtocolClient (GrpcClientProtocolClient.java:onNext(255)) - client-83AFC0B42279->fd4515e9-84f2-4741-b1f5-a9247145a2ac: receive RaftClientReply:client-83AFC0B42279->fd4515e9-84f2-4741-b1f5-a9247145a2ac@group-E2152A48AE85, cid=2688, SUCCESS, logIndex=3995, commits[fd4515e9-84f2-4741-b1f5-a9247145a2ac:c3995, 2e3e112c-ad01-4834-a07e-d6d8a7947632:c3991, dfee02f7-0d20-4e08-8ecd-ebe087394a07:c3991]
2019-07-08 20:09:42,966 INFO  client.GrpcClientProtocolClient (GrpcClientProtocolClient.java:onNext(255)) - client-83AFC0B42279->fd4515e9-84f2-4741-b1f5-a9247145a2ac: receive RaftClientReply:client-83AFC0B42279->fd4515e9-84f2-4741-b1f5-a9247145a2ac@group-E2152A48AE85, cid=2689, SUCCESS, logIndex=0, commits[fd4515e9-84f2-4741-b1f5-a9247145a2ac:c3997, 2e3e112c-ad01-4834-a07e-d6d8a7947632:c3995, dfee02f7-0d20-4e08-8ecd-ebe087394a07:c3995]
2019-07-08 20:09:42,999 INFO  client.GrpcClientProtocolClient (GrpcClientProtocolClient.java:onNext(255)) - client-83AFC0B42279->fd4515e9-84f2-4741-b1f5-a9247145a2ac: receive RaftClientReply:client-83AFC0B42279->fd4515e9-84f2-4741-b1f5-a9247145a2ac@group-E2152A48AE85, cid=2690, SUCCESS, logIndex=3998, commits[fd4515e9-84f2-4741-b1f5-a9247145a2ac:c3999, 2e3e112c-ad01-4834-a07e-d6d8a7947632:c3997, dfee02f7-0d20-4e08-8ecd-ebe087394a07:c3997]
2019-07-08 20:09:42,999 INFO  client.GrpcClientProtocolClient (GrpcClientProtocolClient.java:onNext(255)) - client-83AFC0B42279->fd4515e9-84f2-4741-b1f5-a9247145a2ac: receive RaftClientReply:client-83AFC0B42279->fd4515e9-84f2-4741-b1f5-a9247145a2ac@group-E2152A48AE85, cid=2691, SUCCESS, logIndex=3999, commits[fd4515e9-84f2-4741-b1f5-a9247145a2ac:c3999, 2e3e112c-ad01-4834-a07e-d6d8a7947632:c3997, dfee02f7-0d20-4e08-8ecd-ebe087394a07:c3997]
2019-07-08 20:09:43,009 INFO  client.GrpcClientProtocolClient (GrpcClientProtocolClient.java:onNext(255)) - client-83AFC0B42279->fd4515e9-84f2-4741-b1f5-a9247145a2ac: receive RaftClientReply:client-83AFC0B42279->fd4515e9-84f2-4741-b1f5-a9247145a2ac@group-E2152A48AE85, cid=2692, SUCCESS, logIndex=4000, commits[fd4515e9-84f2-4741-b1f5-a9247145a2ac:c4001, 2e3e112c-ad01-4834-a07e-d6d8a7947632:c3997, dfee02f7-0d20-4e08-8ecd-ebe087394a07:c3997]
2019-07-08 20:09:43,010 INFO  client.GrpcClientProtocolClient (GrpcClientProtocolClient.java:onNext(255)) - client-83AFC0B42279->fd4515e9-84f2-4741-b1f5-a9247145a2ac: receive RaftClientReply:client-83AFC0B42279->fd4515e9-84f2-4741-b1f5-a9247145a2ac@group-E2152A48AE85, cid=2693, SUCCESS, logIndex=4001, commits[fd4515e9-84f2-4741-b1f5-a9247145a2ac:c4001, 2e3e112c-ad01-4834-a07e-d6d8a7947632:c3997, dfee02f7-0d20-4e08-8ecd-ebe087394a07:c3997]
2019-07-08 20:09:43,024 INFO  client.GrpcClientProtocolClient (GrpcClientProtocolClient.java:onNext(255)) - client-83AFC0B42279->fd4515e9-84f2-4741-b1f5-a9247145a2ac: receive RaftClientReply:client-83AFC0B42279->fd4515e9-84f2-4741-b1f5-a9247145a2ac@group-E2152A48AE85, cid=2694, SUCCESS, logIndex=0, commits[fd4515e9-84f2-4741-b1f5-a9247145a2ac:c4004, 2e3e112c-ad01-4834-a07e-d6d8a7947632:c4001, dfee02f7-0d20-4e08-8ecd-ebe087394a07:c3999]
2019-07-08 20:09:43,046 INFO  client.GrpcClientProtocolClient (GrpcClientProtocolClient.java:onNext(255)) - client-83AFC0B42279->fd4515e9-84f2-4741-b1f5-a9247145a2ac: receive RaftClientReply:client-83AFC0B42279->fd4515e9-84f2-4741-b1f5-a9247145a2ac@group-E2152A48AE85, cid=2695, SUCCESS, logIndex=4005, commits[fd4515e9-84f2-4741-b1f5-a9247145a2ac:c4006, 2e3e112c-ad01-4834-a07e-d6d8a7947632:c4004, dfee02f7-0d20-4e08-8ecd-ebe087394a07:c4004]
2019-07-08 20:09:43,047 INFO  client.GrpcClientProtocolClient (GrpcClientProtocolClient.java:onNext(255)) - client-83AFC0B42279->fd4515e9-84f2-4741-b1f5-a9247145a2ac: receive RaftClientReply:client-83AFC0B42279->fd4515e9-84f2-4741-b1f5-a9247145a2ac@group-E2152A48AE85, cid=2696, SUCCESS, logIndex=4006, commits[fd4515e9-84f2-4741-b1f5-a9247145a2ac:c4006, 2e3e112c-ad01-4834-a07e-d6d8a7947632:c4004, dfee02f7-0d20-4e08-8ecd-ebe087394a07:c4004]
2019-07-08 20:09:43,073 INFO  client.GrpcClientProtocolClient (GrpcClientProtocolClient.java:onNext(255)) - client-83AFC0B42279->fd4515e9-84f2-4741-b1f5-a9247145a2ac: receive RaftClientReply:client-83AFC0B42279->fd4515e9-84f2-4741-b1f5-a9247145a2ac@group-E2152A48AE85, cid=2697, SUCCESS, logIndex=4009, commits[fd4515e9-84f2-4741-b1f5-a9247145a2ac:c4010, 2e3e112c-ad01-4834-a07e-d6d8a7947632:c4006, dfee02f7-0d20-4e08-8ecd-ebe087394a07:c4006]
2019-07-08 20:09:43,074 INFO  client.GrpcClientProtocolClient (GrpcClientProtocolClient.java:onNext(255)) - client-83AFC0B42279->fd4515e9-84f2-4741-b1f5-a9247145a2ac: receive RaftClientReply:client-83AFC0B42279->fd4515e9-84f2-4741-b1f5-a9247145a2ac@group-E2152A48AE85, cid=2698, SUCCESS, logIndex=4010, commits[fd4515e9-84f2-4741-b1f5-a9247145a2ac:c4010, 2e3e112c-ad01-4834-a07e-d6d8a7947632:c4006, dfee02f7-0d20-4e08-8ecd-ebe087394a07:c4006]
2019-07-08 20:09:43,086 INFO  client.GrpcClientProtocolClient (GrpcClientProtocolClient.java:onNext(255)) - client-83AFC0B42279->fd4515e9-84f2-4741-b1f5-a9247145a2ac: receive RaftClientReply:client-83AFC0B42279->fd4515e9-84f2-4741-b1f5-a9247145a2ac@group-E2152A48AE85, cid=2699, SUCCESS, logIndex=0, commits[fd4515e9-84f2-4741-b1f5-a9247145a2ac:c4011, 2e3e112c-ad01-4834-a07e-d6d8a7947632:c4010, dfee02f7-0d20-4e08-8ecd-ebe087394a07:c4010]
 0.00% |█                                                                                                    |  0/1 Time: 0:00:222019-07-08 20:09:43,131 INFO  client.GrpcClientProtocolClient (GrpcClientProtocolClient.java:onNext(255)) - client-83AFC0B42279->fd4515e9-84f2-4741-b1f5-a9247145a2ac: receive RaftClientReply:client-83AFC0B42279->fd4515e9-84f2-4741-b1f5-a9247145a2ac@group-E2152A48AE85, cid=2700, SUCCESS, logIndex=4013, commits[fd4515e9-84f2-4741-b1f5-a9247145a2ac:c4016, 2e3e112c-ad01-4834-a07e-d6d8a7947632:c4012, dfee02f7-0d20-4e08-8ecd-ebe087394a07:c4010]
2019-07-08 20:09:43,132 INFO  client.GrpcClientProtocolClient (GrpcClientProtocolClient.java:onNext(255)) - client-83AFC0B42279->fd4515e9-84f2-4741-b1f5-a9247145a2ac: receive RaftClientReply:client-83AFC0B42279->fd4515e9-84f2-4741-b1f5-a9247145a2ac@group-E2152A48AE85, cid=2701, SUCCESS, logIndex=4014, commits[fd4515e9-84f2-4741-b1f5-a9247145a2ac:c4016, 2e3e112c-ad01-4834-a07e-d6d8a7947632:c4012, dfee02f7-0d20-4e08-8ecd-ebe087394a07:c4010]
2019-07-08 20:09:43,132 INFO  client.GrpcClientProtocolClient (GrpcClientProtocolClient.java:onNext(255)) - client-83AFC0B42279->fd4515e9-84f2-4741-b1f5-a9247145a2ac: receive RaftClientReply:client-83AFC0B42279->fd4515e9-84f2-4741-b1f5-a9247145a2ac@group-E2152A48AE85, cid=2702, SUCCESS, logIndex=4015, commits[fd4515e9-84f2-4741-b1f5-a9247145a2ac:c4016, 2e3e112c-ad01-4834-a07e-d6d8a7947632:c4014, dfee02f7-0d20-4e08-8ecd-ebe087394a07:c4012]
2019-07-08 20:09:43,133 INFO  client.GrpcClientProtocolClient (GrpcClientProtocolClient.java:onNext(255)) - client-83AFC0B42279->fd4515e9-84f2-4741-b1f5-a9247145a2ac: receive RaftClientReply:client-83AFC0B42279->fd4515e9-84f2-4741-b1f5-a9247145a2ac@group-E2152A48AE85, cid=2703, SUCCESS, logIndex=4016, commits[fd4515e9-84f2-4741-b1f5-a9247145a2ac:c4017, 2e3e112c-ad01-4834-a07e-d6d8a7947632:c4014, dfee02f7-0d20-4e08-8ecd-ebe087394a07:c4012]
2019-07-08 20:09:43,134 INFO  client.GrpcClientProtocolClient (GrpcClientProtocolClient.java:onNext(255)) - client-83AFC0B42279->fd4515e9-84f2-4741-b1f5-a9247145a2ac: receive RaftClientReply:client-83AFC0B42279->fd4515e9-84f2-4741-b1f5-a9247145a2ac@group-E2152A48AE85, cid=2704, SUCCESS, logIndex=0, commits[fd4515e9-84f2-4741-b1f5-a9247145a2ac:c4019, 2e3e112c-ad01-4834-a07e-d6d8a7947632:c4016, dfee02f7-0d20-4e08-8ecd-ebe087394a07:c4016]
2019-07-08 20:09:43,171 INFO  client.GrpcClientProtocolClient (GrpcClientProtocolClient.java:onNext(255)) - client-83AFC0B42279->fd4515e9-84f2-4741-b1f5-a9247145a2ac: receive RaftClientReply:client-83AFC0B42279->fd4515e9-84f2-4741-b1f5-a9247145a2ac@group-E2152A48AE85, cid=2705, SUCCESS, logIndex=4020, commits[fd4515e9-84f2-4741-b1f5-a9247145a2ac:c4021, 2e3e112c-ad01-4834-a07e-d6d8a7947632:c4019, dfee02f7-0d20-4e08-8ecd-ebe087394a07:c4019]
2019-07-08 20:09:43,171 INFO  client.GrpcClientProtocolClient (GrpcClientProtocolClient.java:onNext(255)) - client-83AFC0B42279->fd4515e9-84f2-4741-b1f5-a9247145a2ac: receive RaftClientReply:client-83AFC0B42279->fd4515e9-84f2-4741-b1f5-a9247145a2ac@group-E2152A48AE85, cid=2706, SUCCESS, logIndex=4021, commits[fd4515e9-84f2-4741-b1f5-a9247145a2ac:c4021, 2e3e112c-ad01-4834-a07e-d6d8a7947632:c4019, dfee02f7-0d20-4e08-8ecd-ebe087394a07:c4019]
2019-07-08 20:09:43,196 INFO  client.GrpcClientProtocolClient (GrpcClientProtocolClient.java:onNext(255)) - client-83AFC0B42279->fd4515e9-84f2-4741-b1f5-a9247145a2ac: receive RaftClientReply:client-83AFC0B42279->fd4515e9-84f2-4741-b1f5-a9247145a2ac@group-E2152A48AE85, cid=2707, SUCCESS, logIndex=4024, commits[fd4515e9-84f2-4741-b1f5-a9247145a2ac:c4025, 2e3e112c-ad01-4834-a07e-d6d8a7947632:c4020, dfee02f7-0d20-4e08-8ecd-ebe087394a07:c4021]
2019-07-08 20:09:43,196 INFO  client.GrpcClientProtocolClient (GrpcClientProtocolClient.java:onNext(255)) - client-83AFC0B42279->fd4515e9-84f2-4741-b1f5-a9247145a2ac: receive RaftClientReply:client-83AFC0B42279->fd4515e9-84f2-4741-b1f5-a9247145a2ac@group-E2152A48AE85, cid=2708, SUCCESS, logIndex=4025, commits[fd4515e9-84f2-4741-b1f5-a9247145a2ac:c4025, 2e3e112c-ad01-4834-a07e-d6d8a7947632:c4021, dfee02f7-0d20-4e08-8ecd-ebe087394a07:c4021]
2019-07-08 20:09:43,211 INFO  client.GrpcClientProtocolClient (GrpcClientProtocolClient.java:onNext(255)) - client-83AFC0B42279->fd4515e9-84f2-4741-b1f5-a9247145a2ac: receive RaftClientReply:client-83AFC0B42279->fd4515e9-84f2-4741-b1f5-a9247145a2ac@group-E2152A48AE85, cid=2709, SUCCESS, logIndex=0, commits[fd4515e9-84f2-4741-b1f5-a9247145a2ac:c4027, 2e3e112c-ad01-4834-a07e-d6d8a7947632:c4025, dfee02f7-0d20-4e08-8ecd-ebe087394a07:c4025]
2019-07-08 20:09:43,242 INFO  client.GrpcClientProtocolClient (GrpcClientProtocolClient.java:onNext(255)) - client-83AFC0B42279->fd4515e9-84f2-4741-b1f5-a9247145a2ac: receive RaftClientReply:client-83AFC0B42279->fd4515e9-84f2-4741-b1f5-a9247145a2ac@group-E2152A48AE85, cid=2710, SUCCESS, logIndex=4028, commits[fd4515e9-84f2-4741-b1f5-a9247145a2ac:c4028, 2e3e112c-ad01-4834-a07e-d6d8a7947632:c4027, dfee02f7-0d20-4e08-8ecd-ebe087394a07:c4027]
2019-07-08 20:09:43,243 INFO  client.GrpcClientProtocolClient (GrpcClientProtocolClient.java:onNext(255)) - client-83AFC0B42279->fd4515e9-84f2-4741-b1f5-a9247145a2ac: receive RaftClientReply:client-83AFC0B42279->fd4515e9-84f2-4741-b1f5-a9247145a2ac@group-E2152A48AE85, cid=2711, SUCCESS, logIndex=4029, commits[fd4515e9-84f2-4741-b1f5-a9247145a2ac:c4031, 2e3e112c-ad01-4834-a07e-d6d8a7947632:c4027, dfee02f7-0d20-4e08-8ecd-ebe087394a07:c4027]
2019-07-08 20:09:43,244 INFO  client.GrpcClientProtocolClient (GrpcClientProtocolClient.java:onNext(255)) - client-83AFC0B42279->fd4515e9-84f2-4741-b1f5-a9247145a2ac: receive RaftClientReply:client-83AFC0B42279->fd4515e9-84f2-4741-b1f5-a9247145a2ac@group-E2152A48AE85, cid=2712, SUCCESS, logIndex=4030, commits[fd4515e9-84f2-4741-b1f5-a9247145a2ac:c4031, 2e3e112c-ad01-4834-a07e-d6d8a7947632:c4027, dfee02f7-0d20-4e08-8ecd-ebe087394a07:c4027]
2019-07-08 20:09:43,244 INFO  client.GrpcClientProtocolClient (GrpcClientProtocolClient.java:onNext(255)) - client-83AFC0B42279->fd4515e9-84f2-4741-b1f5-a9247145a2ac: receive RaftClientReply:client-83AFC0B42279->fd4515e9-84f2-4741-b1f5-a9247145a2ac@group-E2152A48AE85, cid=2713, SUCCESS, logIndex=4031, commits[fd4515e9-84f2-4741-b1f5-a9247145a2ac:c4032, 2e3e112c-ad01-4834-a07e-d6d8a7947632:c4028, dfee02f7-0d20-4e08-8ecd-ebe087394a07:c4027]
2019-07-08 20:09:43,257 INFO  client.GrpcClientProtocolClient (GrpcClientProtocolClient.java:onNext(255)) - client-83AFC0B42279->fd4515e9-84f2-4741-b1f5-a9247145a2ac: receive RaftClientReply:client-83AFC0B42279->fd4515e9-84f2-4741-b1f5-a9247145a2ac@group-E2152A48AE85, cid=2714, SUCCESS, logIndex=0, commits[fd4515e9-84f2-4741-b1f5-a9247145a2ac:c4033, 2e3e112c-ad01-4834-a07e-d6d8a7947632:c4031, dfee02f7-0d20-4e08-8ecd-ebe087394a07:c4031]
2019-07-08 20:09:43,278 INFO  client.GrpcClientProtocolClient (GrpcClientProtocolClient.java:onNext(255)) - client-83AFC0B42279->fd4515e9-84f2-4741-b1f5-a9247145a2ac: receive RaftClientReply:client-83AFC0B42279->fd4515e9-84f2-4741-b1f5-a9247145a2ac@group-E2152A48AE85, cid=2715, SUCCESS, logIndex=4034, commits[fd4515e9-84f2-4741-b1f5-a9247145a2ac:c4035, 2e3e112c-ad01-4834-a07e-d6d8a7947632:c4033, dfee02f7-0d20-4e08-8ecd-ebe087394a07:c4033]
2019-07-08 20:09:43,279 INFO  client.GrpcClientProtocolClient (GrpcClientProtocolClient.java:onNext(255)) - client-83AFC0B42279->fd4515e9-84f2-4741-b1f5-a9247145a2ac: receive RaftClientReply:client-83AFC0B42279->fd4515e9-84f2-4741-b1f5-a9247145a2ac@group-E2152A48AE85, cid=2716, SUCCESS, logIndex=4035, commits[fd4515e9-84f2-4741-b1f5-a9247145a2ac:c4035, 2e3e112c-ad01-4834-a07e-d6d8a7947632:c4033, dfee02f7-0d20-4e08-8ecd-ebe087394a07:c4033]
2019-07-08 20:09:43,303 INFO  client.GrpcClientProtocolClient (GrpcClientProtocolClient.java:onNext(255)) - client-83AFC0B42279->fd4515e9-84f2-4741-b1f5-a9247145a2ac: receive RaftClientReply:client-83AFC0B42279->fd4515e9-84f2-4741-b1f5-a9247145a2ac@group-E2152A48AE85, cid=2717, SUCCESS, logIndex=4038, commits[fd4515e9-84f2-4741-b1f5-a9247145a2ac:c4039, 2e3e112c-ad01-4834-a07e-d6d8a7947632:c4035, dfee02f7-0d20-4e08-8ecd-ebe087394a07:c4035]
2019-07-08 20:09:43,304 INFO  client.GrpcClientProtocolClient (GrpcClientProtocolClient.java:onNext(255)) - client-83AFC0B42279->fd4515e9-84f2-4741-b1f5-a9247145a2ac: receive RaftClientReply:client-83AFC0B42279->fd4515e9-84f2-4741-b1f5-a9247145a2ac@group-E2152A48AE85, cid=2718, SUCCESS, logIndex=4039, commits[fd4515e9-84f2-4741-b1f5-a9247145a2ac:c4039, 2e3e112c-ad01-4834-a07e-d6d8a7947632:c4035, dfee02f7-0d20-4e08-8ecd-ebe087394a07:c4035]
2019-07-08 20:09:43,330 INFO  client.GrpcClientProtocolClient (GrpcClientProtocolClient.java:onNext(255)) - client-83AFC0B42279->fd4515e9-84f2-4741-b1f5-a9247145a2ac: receive RaftClientReply:client-83AFC0B42279->fd4515e9-84f2-4741-b1f5-a9247145a2ac@group-E2152A48AE85, cid=2719, SUCCESS, logIndex=0, commits[fd4515e9-84f2-4741-b1f5-a9247145a2ac:c4041, 2e3e112c-ad01-4834-a07e-d6d8a7947632:c4039, dfee02f7-0d20-4e08-8ecd-ebe087394a07:c4039]
2019-07-08 20:09:43,356 INFO  client.GrpcClientProtocolClient (GrpcClientProtocolClient.java:onNext(255)) - client-83AFC0B42279->fd4515e9-84f2-4741-b1f5-a9247145a2ac: receive RaftClientReply:client-83AFC0B42279->fd4515e9-84f2-4741-b1f5-a9247145a2ac@group-E2152A48AE85, cid=2720, SUCCESS, logIndex=4042, commits[fd4515e9-84f2-4741-b1f5-a9247145a2ac:c4045, 2e3e112c-ad01-4834-a07e-d6d8a7947632:c4041, dfee02f7-0d20-4e08-8ecd-ebe087394a07:c4039]
2019-07-08 20:09:43,357 INFO  client.GrpcClientProtocolClient (GrpcClientProtocolClient.java:onNext(255)) - client-83AFC0B42279->fd4515e9-84f2-4741-b1f5-a9247145a2ac: receive RaftClientReply:client-83AFC0B42279->fd4515e9-84f2-4741-b1f5-a9247145a2ac@group-E2152A48AE85, cid=2721, SUCCESS, logIndex=4043, commits[fd4515e9-84f2-4741-b1f5-a9247145a2ac:c4045, 2e3e112c-ad01-4834-a07e-d6d8a7947632:c4041, dfee02f7-0d20-4e08-8ecd-ebe087394a07:c4041]
2019-07-08 20:09:43,357 INFO  client.GrpcClientProtocolClient (GrpcClientProtocolClient.java:onNext(255)) - client-83AFC0B42279->fd4515e9-84f2-4741-b1f5-a9247145a2ac: receive RaftClientReply:client-83AFC0B42279->fd4515e9-84f2-4741-b1f5-a9247145a2ac@group-E2152A48AE85, cid=2722, SUCCESS, logIndex=4044, commits[fd4515e9-84f2-4741-b1f5-a9247145a2ac:c4045, 2e3e112c-ad01-4834-a07e-d6d8a7947632:c4041, dfee02f7-0d20-4e08-8ecd-ebe087394a07:c4041]
2019-07-08 20:09:43,357 INFO  client.GrpcClientProtocolClient (GrpcClientProtocolClient.java:onNext(255)) - client-83AFC0B42279->fd4515e9-84f2-4741-b1f5-a9247145a2ac: receive RaftClientReply:client-83AFC0B42279->fd4515e9-84f2-4741-b1f5-a9247145a2ac@group-E2152A48AE85, cid=2723, SUCCESS, logIndex=4045, commits[fd4515e9-84f2-4741-b1f5-a9247145a2ac:c4045, 2e3e112c-ad01-4834-a07e-d6d8a7947632:c4041, dfee02f7-0d20-4e08-8ecd-ebe087394a07:c4041]
2019-07-08 20:09:43,360 INFO  client.GrpcClientProtocolClient (GrpcClientProtocolClient.java:onNext(255)) - client-83AFC0B42279->fd4515e9-84f2-4741-b1f5-a9247145a2ac: receive RaftClientReply:client-83AFC0B42279->fd4515e9-84f2-4741-b1f5-a9247145a2ac@group-E2152A48AE85, cid=2724, SUCCESS, logIndex=0, commits[fd4515e9-84f2-4741-b1f5-a9247145a2ac:c4046, 2e3e112c-ad01-4834-a07e-d6d8a7947632:c4043, dfee02f7-0d20-4e08-8ecd-ebe087394a07:c4043]
2019-07-08 20:09:43,386 INFO  client.GrpcClientProtocolClient (GrpcClientProtocolClient.java:onNext(255)) - client-83AFC0B42279->fd4515e9-84f2-4741-b1f5-a9247145a2ac: receive RaftClientReply:client-83AFC0B42279->fd4515e9-84f2-4741-b1f5-a9247145a2ac@group-E2152A48AE85, cid=2725, SUCCESS, logIndex=4050, commits[fd4515e9-84f2-4741-b1f5-a9247145a2ac:c4051, 2e3e112c-ad01-4834-a07e-d6d8a7947632:c4049, dfee02f7-0d20-4e08-8ecd-ebe087394a07:c4049]
2019-07-08 20:09:43,386 INFO  client.GrpcClientProtocolClient (GrpcClientProtocolClient.java:onNext(255)) - client-83AFC0B42279->fd4515e9-84f2-4741-b1f5-a9247145a2ac: receive RaftClientReply:client-83AFC0B42279->fd4515e9-84f2-4741-b1f5-a9247145a2ac@group-E2152A48AE85, cid=2726, SUCCESS, logIndex=4051, commits[fd4515e9-84f2-4741-b1f5-a9247145a2ac:c4051, 2e3e112c-ad01-4834-a07e-d6d8a7947632:c4049, dfee02f7-0d20-4e08-8ecd-ebe087394a07:c4049]
2019-07-08 20:09:43,515 INFO  client.GrpcClientProtocolClient (GrpcClientProtocolClient.java:onNext(255)) - client-83AFC0B42279->fd4515e9-84f2-4741-b1f5-a9247145a2ac: receive RaftClientReply:client-83AFC0B42279->fd4515e9-84f2-4741-b1f5-a9247145a2ac@group-E2152A48AE85, cid=2727, SUCCESS, logIndex=4054, commits[fd4515e9-84f2-4741-b1f5-a9247145a2ac:c4055, 2e3e112c-ad01-4834-a07e-d6d8a7947632:c4051, dfee02f7-0d20-4e08-8ecd-ebe087394a07:c4051]
2019-07-08 20:09:43,518 INFO  client.GrpcClientProtocolClient (GrpcClientProtocolClient.java:onNext(255)) - client-83AFC0B42279->fd4515e9-84f2-4741-b1f5-a9247145a2ac: receive RaftClientReply:client-83AFC0B42279->fd4515e9-84f2-4741-b1f5-a9247145a2ac@group-E2152A48AE85, cid=2728, SUCCESS, logIndex=4055, commits[fd4515e9-84f2-4741-b1f5-a9247145a2ac:c4055, 2e3e112c-ad01-4834-a07e-d6d8a7947632:c4051, dfee02f7-0d20-4e08-8ecd-ebe087394a07:c4051]
2019-07-08 20:09:43,519 INFO  client.GrpcClientProtocolClient (GrpcClientProtocolClient.java:onNext(255)) - client-83AFC0B42279->fd4515e9-84f2-4741-b1f5-a9247145a2ac: receive RaftClientReply:client-83AFC0B42279->fd4515e9-84f2-4741-b1f5-a9247145a2ac@group-E2152A48AE85, cid=2729, SUCCESS, logIndex=0, commits[fd4515e9-84f2-4741-b1f5-a9247145a2ac:c4056, 2e3e112c-ad01-4834-a07e-d6d8a7947632:c4055, dfee02f7-0d20-4e08-8ecd-ebe087394a07:c4055]
2019-07-08 20:09:43,553 INFO  client.GrpcClientProtocolClient (GrpcClientProtocolClient.java:onNext(255)) - client-83AFC0B42279->fd4515e9-84f2-4741-b1f5-a9247145a2ac: receive RaftClientReply:client-83AFC0B42279->fd4515e9-84f2-4741-b1f5-a9247145a2ac@group-E2152A48AE85, cid=2730, SUCCESS, logIndex=4058, commits[fd4515e9-84f2-4741-b1f5-a9247145a2ac:c4061, 2e3e112c-ad01-4834-a07e-d6d8a7947632:c4057, dfee02f7-0d20-4e08-8ecd-ebe087394a07:c4057]
2019-07-08 20:09:43,554 INFO  client.GrpcClientProtocolClient (GrpcClientProtocolClient.java:onNext(255)) - client-83AFC0B42279->fd4515e9-84f2-4741-b1f5-a9247145a2ac: receive RaftClientReply:client-83AFC0B42279->fd4515e9-84f2-4741-b1f5-a9247145a2ac@group-E2152A48AE85, cid=2731, SUCCESS, logIndex=4059, commits[fd4515e9-84f2-4741-b1f5-a9247145a2ac:c4061, 2e3e112c-ad01-4834-a07e-d6d8a7947632:c4057, dfee02f7-0d20-4e08-8ecd-ebe087394a07:c4057]
2019-07-08 20:09:43,554 INFO  client.GrpcClientProtocolClient (GrpcClientProtocolClient.java:onNext(255)) - client-83AFC0B42279->fd4515e9-84f2-4741-b1f5-a9247145a2ac: receive RaftClientReply:client-83AFC0B42279->fd4515e9-84f2-4741-b1f5-a9247145a2ac@group-E2152A48AE85, cid=2732, SUCCESS, logIndex=4060, commits[fd4515e9-84f2-4741-b1f5-a9247145a2ac:c4061, 2e3e112c-ad01-4834-a07e-d6d8a7947632:c4057, dfee02f7-0d20-4e08-8ecd-ebe087394a07:c4057]
2019-07-08 20:09:43,555 INFO  client.GrpcClientProtocolClient (GrpcClientProtocolClient.java:onNext(255)) - client-83AFC0B42279->fd4515e9-84f2-4741-b1f5-a9247145a2ac: receive RaftClientReply:client-83AFC0B42279->fd4515e9-84f2-4741-b1f5-a9247145a2ac@group-E2152A48AE85, cid=2733, SUCCESS, logIndex=4061, commits[fd4515e9-84f2-4741-b1f5-a9247145a2ac:c4061, 2e3e112c-ad01-4834-a07e-d6d8a7947632:c4057, dfee02f7-0d20-4e08-8ecd-ebe087394a07:c4057]
2019-07-08 20:09:43,568 INFO  client.GrpcClientProtocolClient (GrpcClientProtocolClient.java:onNext(255)) - client-83AFC0B42279->fd4515e9-84f2-4741-b1f5-a9247145a2ac: receive RaftClientReply:client-83AFC0B42279->fd4515e9-84f2-4741-b1f5-a9247145a2ac@group-E2152A48AE85, cid=2734, SUCCESS, logIndex=0, commits[fd4515e9-84f2-4741-b1f5-a9247145a2ac:c4062, 2e3e112c-ad01-4834-a07e-d6d8a7947632:c4059, dfee02f7-0d20-4e08-8ecd-ebe087394a07:c4059]
2019-07-08 20:09:43,581 INFO  client.GrpcClientProtocolClient (GrpcClientProtocolClient.java:onNext(255)) - client-83AFC0B42279->fd4515e9-84f2-4741-b1f5-a9247145a2ac: receive RaftClientReply:client-83AFC0B42279->fd4515e9-84f2-4741-b1f5-a9247145a2ac@group-E2152A48AE85, cid=2735, SUCCESS, logIndex=4066, commits[fd4515e9-84f2-4741-b1f5-a9247145a2ac:c4067, 2e3e112c-ad01-4834-a07e-d6d8a7947632:c4063, dfee02f7-0d20-4e08-8ecd-ebe087394a07:c4061]
2019-07-08 20:09:43,581 INFO  client.GrpcClientProtocolClient (GrpcClientProtocolClient.java:onNext(255)) - client-83AFC0B42279->fd4515e9-84f2-4741-b1f5-a9247145a2ac: receive RaftClientReply:client-83AFC0B42279->fd4515e9-84f2-4741-b1f5-a9247145a2ac@group-E2152A48AE85, cid=2736, SUCCESS, logIndex=4067, commits[fd4515e9-84f2-4741-b1f5-a9247145a2ac:c4067, 2e3e112c-ad01-4834-a07e-d6d8a7947632:c4063, dfee02f7-0d20-4e08-8ecd-ebe087394a07:c4061]
2019-07-08 20:09:43,611 INFO  client.GrpcClientProtocolClient (GrpcClientProtocolClient.java:onNext(255)) - client-83AFC0B42279->fd4515e9-84f2-4741-b1f5-a9247145a2ac: receive RaftClientReply:client-83AFC0B42279->fd4515e9-84f2-4741-b1f5-a9247145a2ac@group-E2152A48AE85, cid=2737, SUCCESS, logIndex=4070, commits[fd4515e9-84f2-4741-b1f5-a9247145a2ac:c4071, 2e3e112c-ad01-4834-a07e-d6d8a7947632:c4067, dfee02f7-0d20-4e08-8ecd-ebe087394a07:c4067]
2019-07-08 20:09:43,611 INFO  client.GrpcClientProtocolClient (GrpcClientProtocolClient.java:onNext(255)) - client-83AFC0B42279->fd4515e9-84f2-4741-b1f5-a9247145a2ac: receive RaftClientReply:client-83AFC0B42279->fd4515e9-84f2-4741-b1f5-a9247145a2ac@group-E2152A48AE85, cid=2738, SUCCESS, logIndex=4071, commits[fd4515e9-84f2-4741-b1f5-a9247145a2ac:c4071, 2e3e112c-ad01-4834-a07e-d6d8a7947632:c4067, dfee02f7-0d20-4e08-8ecd-ebe087394a07:c4067]
2019-07-08 20:09:43,631 INFO  client.GrpcClientProtocolClient (GrpcClientProtocolClient.java:onNext(255)) - client-83AFC0B42279->fd4515e9-84f2-4741-b1f5-a9247145a2ac: receive RaftClientReply:client-83AFC0B42279->fd4515e9-84f2-4741-b1f5-a9247145a2ac@group-E2152A48AE85, cid=2739, SUCCESS, logIndex=0, commits[fd4515e9-84f2-4741-b1f5-a9247145a2ac:c4072, 2e3e112c-ad01-4834-a07e-d6d8a7947632:c4071, dfee02f7-0d20-4e08-8ecd-ebe087394a07:c4071]
2019-07-08 20:09:43,665 INFO  client.GrpcClientProtocolClient (GrpcClientProtocolClient.java:onNext(255)) - client-83AFC0B42279->fd4515e9-84f2-4741-b1f5-a9247145a2ac: receive RaftClientReply:client-83AFC0B42279->fd4515e9-84f2-4741-b1f5-a9247145a2ac@group-E2152A48AE85, cid=2740, SUCCESS, logIndex=4074, commits[fd4515e9-84f2-4741-b1f5-a9247145a2ac:c4076, 2e3e112c-ad01-4834-a07e-d6d8a7947632:c4073, dfee02f7-0d20-4e08-8ecd-ebe087394a07:c4073]
2019-07-08 20:09:43,666 INFO  client.GrpcClientProtocolClient (GrpcClientProtocolClient.java:onNext(255)) - client-83AFC0B42279->fd4515e9-84f2-4741-b1f5-a9247145a2ac: receive RaftClientReply:client-83AFC0B42279->fd4515e9-84f2-4741-b1f5-a9247145a2ac@group-E2152A48AE85, cid=2741, SUCCESS, logIndex=4075, commits[fd4515e9-84f2-4741-b1f5-a9247145a2ac:c4077, 2e3e112c-ad01-4834-a07e-d6d8a7947632:c4073, dfee02f7-0d20-4e08-8ecd-ebe087394a07:c4073]
2019-07-08 20:09:43,666 INFO  client.GrpcClientProtocolClient (GrpcClientProtocolClient.java:onNext(255)) - client-83AFC0B42279->fd4515e9-84f2-4741-b1f5-a9247145a2ac: receive RaftClientReply:client-83AFC0B42279->fd4515e9-84f2-4741-b1f5-a9247145a2ac@group-E2152A48AE85, cid=2742, SUCCESS, logIndex=4076, commits[fd4515e9-84f2-4741-b1f5-a9247145a2ac:c4077, 2e3e112c-ad01-4834-a07e-d6d8a7947632:c4073, dfee02f7-0d20-4e08-8ecd-ebe087394a07:c4073]
2019-07-08 20:09:43,666 INFO  client.GrpcClientProtocolClient (GrpcClientProtocolClient.java:onNext(255)) - client-83AFC0B42279->fd4515e9-84f2-4741-b1f5-a9247145a2ac: receive RaftClientReply:client-83AFC0B42279->fd4515e9-84f2-4741-b1f5-a9247145a2ac@group-E2152A48AE85, cid=2743, SUCCESS, logIndex=4077, commits[fd4515e9-84f2-4741-b1f5-a9247145a2ac:c4077, 2e3e112c-ad01-4834-a07e-d6d8a7947632:c4073, dfee02f7-0d20-4e08-8ecd-ebe087394a07:c4073]
2019-07-08 20:09:43,678 INFO  client.GrpcClientProtocolClient (GrpcClientProtocolClient.java:onNext(255)) - client-83AFC0B42279->fd4515e9-84f2-4741-b1f5-a9247145a2ac: receive RaftClientReply:client-83AFC0B42279->fd4515e9-84f2-4741-b1f5-a9247145a2ac@group-E2152A48AE85, cid=2744, SUCCESS, logIndex=0, commits[fd4515e9-84f2-4741-b1f5-a9247145a2ac:c4078, 2e3e112c-ad01-4834-a07e-d6d8a7947632:c4075, dfee02f7-0d20-4e08-8ecd-ebe087394a07:c4075]
2019-07-08 20:09:43,699 INFO  client.GrpcClientProtocolClient (GrpcClientProtocolClient.java:onNext(255)) - client-83AFC0B42279->fd4515e9-84f2-4741-b1f5-a9247145a2ac: receive RaftClientReply:client-83AFC0B42279->fd4515e9-84f2-4741-b1f5-a9247145a2ac@group-E2152A48AE85, cid=2745, SUCCESS, logIndex=4082, commits[fd4515e9-84f2-4741-b1f5-a9247145a2ac:c4083, 2e3e112c-ad01-4834-a07e-d6d8a7947632:c4081, dfee02f7-0d20-4e08-8ecd-ebe087394a07:c4081]
2019-07-08 20:09:43,699 INFO  client.GrpcClientProtocolClient (GrpcClientProtocolClient.java:onNext(255)) - client-83AFC0B42279->fd4515e9-84f2-4741-b1f5-a9247145a2ac: receive RaftClientReply:client-83AFC0B42279->fd4515e9-84f2-4741-b1f5-a9247145a2ac@group-E2152A48AE85, cid=2746, SUCCESS, logIndex=4083, commits[fd4515e9-84f2-4741-b1f5-a9247145a2ac:c4083, 2e3e112c-ad01-4834-a07e-d6d8a7947632:c4081, dfee02f7-0d20-4e08-8ecd-ebe087394a07:c4081]
2019-07-08 20:09:43,781 INFO  client.GrpcClientProtocolClient (GrpcClientProtocolClient.java:onNext(255)) - client-83AFC0B42279->fd4515e9-84f2-4741-b1f5-a9247145a2ac: receive RaftClientReply:client-83AFC0B42279->fd4515e9-84f2-4741-b1f5-a9247145a2ac@group-E2152A48AE85, cid=2747, SUCCESS, logIndex=4086, commits[fd4515e9-84f2-4741-b1f5-a9247145a2ac:c4087, 2e3e112c-ad01-4834-a07e-d6d8a7947632:c4083, dfee02f7-0d20-4e08-8ecd-ebe087394a07:c4083]
2019-07-08 20:09:43,781 INFO  client.GrpcClientProtocolClient (GrpcClientProtocolClient.java:onNext(255)) - client-83AFC0B42279->fd4515e9-84f2-4741-b1f5-a9247145a2ac: receive RaftClientReply:client-83AFC0B42279->fd4515e9-84f2-4741-b1f5-a9247145a2ac@group-E2152A48AE85, cid=2748, SUCCESS, logIndex=4087, commits[fd4515e9-84f2-4741-b1f5-a9247145a2ac:c4087, 2e3e112c-ad01-4834-a07e-d6d8a7947632:c4083, dfee02f7-0d20-4e08-8ecd-ebe087394a07:c4083]
2019-07-08 20:09:43,797 INFO  client.GrpcClientProtocolClient (GrpcClientProtocolClient.java:onNext(255)) - client-83AFC0B42279->fd4515e9-84f2-4741-b1f5-a9247145a2ac: receive RaftClientReply:client-83AFC0B42279->fd4515e9-84f2-4741-b1f5-a9247145a2ac@group-E2152A48AE85, cid=2749, SUCCESS, logIndex=0, commits[fd4515e9-84f2-4741-b1f5-a9247145a2ac:c4089, 2e3e112c-ad01-4834-a07e-d6d8a7947632:c4087, dfee02f7-0d20-4e08-8ecd-ebe087394a07:c4087]
2019-07-08 20:09:43,831 INFO  client.GrpcClientProtocolClient (GrpcClientProtocolClient.java:onNext(255)) - client-83AFC0B42279->fd4515e9-84f2-4741-b1f5-a9247145a2ac: receive RaftClientReply:client-83AFC0B42279->fd4515e9-84f2-4741-b1f5-a9247145a2ac@group-E2152A48AE85, cid=2750, SUCCESS, logIndex=4090, commits[fd4515e9-84f2-4741-b1f5-a9247145a2ac:c4091, 2e3e112c-ad01-4834-a07e-d6d8a7947632:c4089, dfee02f7-0d20-4e08-8ecd-ebe087394a07:c4089]
2019-07-08 20:09:43,831 INFO  client.GrpcClientProtocolClient (GrpcClientProtocolClient.java:onNext(255)) - client-83AFC0B42279->fd4515e9-84f2-4741-b1f5-a9247145a2ac: receive RaftClientReply:client-83AFC0B42279->fd4515e9-84f2-4741-b1f5-a9247145a2ac@group-E2152A48AE85, cid=2751, SUCCESS, logIndex=4091, commits[fd4515e9-84f2-4741-b1f5-a9247145a2ac:c4093, 2e3e112c-ad01-4834-a07e-d6d8a7947632:c4089, dfee02f7-0d20-4e08-8ecd-ebe087394a07:c4089]
2019-07-08 20:09:43,832 INFO  client.GrpcClientProtocolClient (GrpcClientProtocolClient.java:onNext(255)) - client-83AFC0B42279->fd4515e9-84f2-4741-b1f5-a9247145a2ac: receive RaftClientReply:client-83AFC0B42279->fd4515e9-84f2-4741-b1f5-a9247145a2ac@group-E2152A48AE85, cid=2752, SUCCESS, logIndex=4092, commits[fd4515e9-84f2-4741-b1f5-a9247145a2ac:c4093, 2e3e112c-ad01-4834-a07e-d6d8a7947632:c4089, dfee02f7-0d20-4e08-8ecd-ebe087394a07:c4089]
2019-07-08 20:09:43,832 INFO  client.GrpcClientProtocolClient (GrpcClientProtocolClient.java:onNext(255)) - client-83AFC0B42279->fd4515e9-84f2-4741-b1f5-a9247145a2ac: receive RaftClientReply:client-83AFC0B42279->fd4515e9-84f2-4741-b1f5-a9247145a2ac@group-E2152A48AE85, cid=2753, SUCCESS, logIndex=4093, commits[fd4515e9-84f2-4741-b1f5-a9247145a2ac:c4093, 2e3e112c-ad01-4834-a07e-d6d8a7947632:c4089, dfee02f7-0d20-4e08-8ecd-ebe087394a07:c4089]
2019-07-08 20:09:43,858 INFO  client.GrpcClientProtocolClient (GrpcClientProtocolClient.java:onNext(255)) - client-83AFC0B42279->fd4515e9-84f2-4741-b1f5-a9247145a2ac: receive RaftClientReply:client-83AFC0B42279->fd4515e9-84f2-4741-b1f5-a9247145a2ac@group-E2152A48AE85, cid=2754, SUCCESS, logIndex=0, commits[fd4515e9-84f2-4741-b1f5-a9247145a2ac:c4095, 2e3e112c-ad01-4834-a07e-d6d8a7947632:c4091, dfee02f7-0d20-4e08-8ecd-ebe087394a07:c4091]
2019-07-08 20:09:43,879 INFO  client.GrpcClientProtocolClient (GrpcClientProtocolClient.java:onNext(255)) - client-83AFC0B42279->fd4515e9-84f2-4741-b1f5-a9247145a2ac: receive RaftClientReply:client-83AFC0B42279->fd4515e9-84f2-4741-b1f5-a9247145a2ac@group-E2152A48AE85, cid=2755, SUCCESS, logIndex=4098, commits[fd4515e9-84f2-4741-b1f5-a9247145a2ac:c4099, 2e3e112c-ad01-4834-a07e-d6d8a7947632:c4097, dfee02f7-0d20-4e08-8ecd-ebe087394a07:c4097]
2019-07-08 20:09:43,879 INFO  client.GrpcClientProtocolClient (GrpcClientProtocolClient.java:onNext(255)) - client-83AFC0B42279->fd4515e9-84f2-4741-b1f5-a9247145a2ac: receive RaftClientReply:client-83AFC0B42279->fd4515e9-84f2-4741-b1f5-a9247145a2ac@group-E2152A48AE85, cid=2756, SUCCESS, logIndex=4099, commits[fd4515e9-84f2-4741-b1f5-a9247145a2ac:c4099, 2e3e112c-ad01-4834-a07e-d6d8a7947632:c4097, dfee02f7-0d20-4e08-8ecd-ebe087394a07:c4097]
2019-07-08 20:09:43,908 INFO  client.GrpcClientProtocolClient (GrpcClientProtocolClient.java:onNext(255)) - client-83AFC0B42279->fd4515e9-84f2-4741-b1f5-a9247145a2ac: receive RaftClientReply:client-83AFC0B42279->fd4515e9-84f2-4741-b1f5-a9247145a2ac@group-E2152A48AE85, cid=2757, SUCCESS, logIndex=4102, commits[fd4515e9-84f2-4741-b1f5-a9247145a2ac:c4102, 2e3e112c-ad01-4834-a07e-d6d8a7947632:c4099, dfee02f7-0d20-4e08-8ecd-ebe087394a07:c4099]
2019-07-08 20:09:43,908 INFO  client.GrpcClientProtocolClient (GrpcClientProtocolClient.java:onNext(255)) - client-83AFC0B42279->fd4515e9-84f2-4741-b1f5-a9247145a2ac: receive RaftClientReply:client-83AFC0B42279->fd4515e9-84f2-4741-b1f5-a9247145a2ac@group-E2152A48AE85, cid=2758, SUCCESS, logIndex=4103, commits[fd4515e9-84f2-4741-b1f5-a9247145a2ac:c4103, 2e3e112c-ad01-4834-a07e-d6d8a7947632:c4099, dfee02f7-0d20-4e08-8ecd-ebe087394a07:c4099]
2019-07-08 20:09:43,942 INFO  client.GrpcClientProtocolClient (GrpcClientProtocolClient.java:onNext(255)) - client-83AFC0B42279->fd4515e9-84f2-4741-b1f5-a9247145a2ac: receive RaftClientReply:client-83AFC0B42279->fd4515e9-84f2-4741-b1f5-a9247145a2ac@group-E2152A48AE85, cid=2759, SUCCESS, logIndex=0, commits[fd4515e9-84f2-4741-b1f5-a9247145a2ac:c4105, 2e3e112c-ad01-4834-a07e-d6d8a7947632:c4103, dfee02f7-0d20-4e08-8ecd-ebe087394a07:c4103]
2019-07-08 20:09:43,975 INFO  client.GrpcClientProtocolClient (GrpcClientProtocolClient.java:onNext(255)) - client-83AFC0B42279->fd4515e9-84f2-4741-b1f5-a9247145a2ac: receive RaftClientReply:client-83AFC0B42279->fd4515e9-84f2-4741-b1f5-a9247145a2ac@group-E2152A48AE85, cid=2760, SUCCESS, logIndex=4106, commits[fd4515e9-84f2-4741-b1f5-a9247145a2ac:c4107, 2e3e112c-ad01-4834-a07e-d6d8a7947632:c4105, dfee02f7-0d20-4e08-8ecd-ebe087394a07:c4105]
2019-07-08 20:09:43,976 INFO  client.GrpcClientProtocolClient (GrpcClientProtocolClient.java:onNext(255)) - client-83AFC0B42279->fd4515e9-84f2-4741-b1f5-a9247145a2ac: receive RaftClientReply:client-83AFC0B42279->fd4515e9-84f2-4741-b1f5-a9247145a2ac@group-E2152A48AE85, cid=2761, SUCCESS, logIndex=4107, commits[fd4515e9-84f2-4741-b1f5-a9247145a2ac:c4108, 2e3e112c-ad01-4834-a07e-d6d8a7947632:c4105, dfee02f7-0d20-4e08-8ecd-ebe087394a07:c4105]
2019-07-08 20:09:43,976 INFO  client.GrpcClientProtocolClient (GrpcClientProtocolClient.java:onNext(255)) - client-83AFC0B42279->fd4515e9-84f2-4741-b1f5-a9247145a2ac: receive RaftClientReply:client-83AFC0B42279->fd4515e9-84f2-4741-b1f5-a9247145a2ac@group-E2152A48AE85, cid=2762, SUCCESS, logIndex=4108, commits[fd4515e9-84f2-4741-b1f5-a9247145a2ac:c4109, 2e3e112c-ad01-4834-a07e-d6d8a7947632:c4105, dfee02f7-0d20-4e08-8ecd-ebe087394a07:c4105]
2019-07-08 20:09:43,977 INFO  client.GrpcClientProtocolClient (GrpcClientProtocolClient.java:onNext(255)) - client-83AFC0B42279->fd4515e9-84f2-4741-b1f5-a9247145a2ac: receive RaftClientReply:client-83AFC0B42279->fd4515e9-84f2-4741-b1f5-a9247145a2ac@group-E2152A48AE85, cid=2763, SUCCESS, logIndex=4109, commits[fd4515e9-84f2-4741-b1f5-a9247145a2ac:c4109, 2e3e112c-ad01-4834-a07e-d6d8a7947632:c4105, dfee02f7-0d20-4e08-8ecd-ebe087394a07:c4105]
2019-07-08 20:09:43,989 INFO  client.GrpcClientProtocolClient (GrpcClientProtocolClient.java:onNext(255)) - client-83AFC0B42279->fd4515e9-84f2-4741-b1f5-a9247145a2ac: receive RaftClientReply:client-83AFC0B42279->fd4515e9-84f2-4741-b1f5-a9247145a2ac@group-E2152A48AE85, cid=2764, SUCCESS, logIndex=0, commits[fd4515e9-84f2-4741-b1f5-a9247145a2ac:c4112, 2e3e112c-ad01-4834-a07e-d6d8a7947632:c4108, dfee02f7-0d20-4e08-8ecd-ebe087394a07:c4107]
2019-07-08 20:09:44,013 INFO  client.GrpcClientProtocolClient (GrpcClientProtocolClient.java:onNext(255)) - client-83AFC0B42279->fd4515e9-84f2-4741-b1f5-a9247145a2ac: receive RaftClientReply:client-83AFC0B42279->fd4515e9-84f2-4741-b1f5-a9247145a2ac@group-E2152A48AE85, cid=2765, SUCCESS, logIndex=4114, commits[fd4515e9-84f2-4741-b1f5-a9247145a2ac:c4115, 2e3e112c-ad01-4834-a07e-d6d8a7947632:c4109, dfee02f7-0d20-4e08-8ecd-ebe087394a07:c4113]
2019-07-08 20:09:44,014 INFO  client.GrpcClientProtocolClient (GrpcClientProtocolClient.java:onNext(255)) - client-83AFC0B42279->fd4515e9-84f2-4741-b1f5-a9247145a2ac: receive RaftClientReply:client-83AFC0B42279->fd4515e9-84f2-4741-b1f5-a9247145a2ac@group-E2152A48AE85, cid=2766, SUCCESS, logIndex=4115, commits[fd4515e9-84f2-4741-b1f5-a9247145a2ac:c4115, 2e3e112c-ad01-4834-a07e-d6d8a7947632:c4113, dfee02f7-0d20-4e08-8ecd-ebe087394a07:c4113]
2019-07-08 20:09:44,039 INFO  client.GrpcClientProtocolClient (GrpcClientProtocolClient.java:onNext(255)) - client-83AFC0B42279->fd4515e9-84f2-4741-b1f5-a9247145a2ac: receive RaftClientReply:client-83AFC0B42279->fd4515e9-84f2-4741-b1f5-a9247145a2ac@group-E2152A48AE85, cid=2767, SUCCESS, logIndex=4117, commits[fd4515e9-84f2-4741-b1f5-a9247145a2ac:c4118, 2e3e112c-ad01-4834-a07e-d6d8a7947632:c4115, dfee02f7-0d20-4e08-8ecd-ebe087394a07:c4115]
2019-07-08 20:09:44,040 INFO  client.GrpcClientProtocolClient (GrpcClientProtocolClient.java:onNext(255)) - client-83AFC0B42279->fd4515e9-84f2-4741-b1f5-a9247145a2ac: receive RaftClientReply:client-83AFC0B42279->fd4515e9-84f2-4741-b1f5-a9247145a2ac@group-E2152A48AE85, cid=2768, SUCCESS, logIndex=4118, commits[fd4515e9-84f2-4741-b1f5-a9247145a2ac:c4118, 2e3e112c-ad01-4834-a07e-d6d8a7947632:c4115, dfee02f7-0d20-4e08-8ecd-ebe087394a07:c4115]
2019-07-08 20:09:44,043 INFO  client.GrpcClientProtocolClient (GrpcClientProtocolClient.java:onNext(255)) - client-83AFC0B42279->fd4515e9-84f2-4741-b1f5-a9247145a2ac: receive RaftClientReply:client-83AFC0B42279->fd4515e9-84f2-4741-b1f5-a9247145a2ac@group-E2152A48AE85, cid=2769, SUCCESS, logIndex=0, commits[fd4515e9-84f2-4741-b1f5-a9247145a2ac:c4119, 2e3e112c-ad01-4834-a07e-d6d8a7947632:c4118, dfee02f7-0d20-4e08-8ecd-ebe087394a07:c4118]
2019-07-08 20:09:44,073 INFO  client.GrpcClientProtocolClient (GrpcClientProtocolClient.java:onNext(255)) - client-83AFC0B42279->fd4515e9-84f2-4741-b1f5-a9247145a2ac: receive RaftClientReply:client-83AFC0B42279->fd4515e9-84f2-4741-b1f5-a9247145a2ac@group-E2152A48AE85, cid=2770, SUCCESS, logIndex=4121, commits[fd4515e9-84f2-4741-b1f5-a9247145a2ac:c4123, 2e3e112c-ad01-4834-a07e-d6d8a7947632:c4118, dfee02f7-0d20-4e08-8ecd-ebe087394a07:c4120]
2019-07-08 20:09:44,074 INFO  client.GrpcClientProtocolClient (GrpcClientProtocolClient.java:onNext(255)) - client-83AFC0B42279->fd4515e9-84f2-4741-b1f5-a9247145a2ac: receive RaftClientReply:client-83AFC0B42279->fd4515e9-84f2-4741-b1f5-a9247145a2ac@group-E2152A48AE85, cid=2771, SUCCESS, logIndex=4122, commits[fd4515e9-84f2-4741-b1f5-a9247145a2ac:c4124, 2e3e112c-ad01-4834-a07e-d6d8a7947632:c4120, dfee02f7-0d20-4e08-8ecd-ebe087394a07:c4120]
2019-07-08 20:09:44,075 INFO  client.GrpcClientProtocolClient (GrpcClientProtocolClient.java:onNext(255)) - client-83AFC0B42279->fd4515e9-84f2-4741-b1f5-a9247145a2ac: receive RaftClientReply:client-83AFC0B42279->fd4515e9-84f2-4741-b1f5-a9247145a2ac@group-E2152A48AE85, cid=2772, SUCCESS, logIndex=4123, commits[fd4515e9-84f2-4741-b1f5-a9247145a2ac:c4124, 2e3e112c-ad01-4834-a07e-d6d8a7947632:c4120, dfee02f7-0d20-4e08-8ecd-ebe087394a07:c4120]
2019-07-08 20:09:44,075 INFO  client.GrpcClientProtocolClient (GrpcClientProtocolClient.java:onNext(255)) - client-83AFC0B42279->fd4515e9-84f2-4741-b1f5-a9247145a2ac: receive RaftClientReply:client-83AFC0B42279->fd4515e9-84f2-4741-b1f5-a9247145a2ac@group-E2152A48AE85, cid=2773, SUCCESS, logIndex=4124, commits[fd4515e9-84f2-4741-b1f5-a9247145a2ac:c4124, 2e3e112c-ad01-4834-a07e-d6d8a7947632:c4120, dfee02f7-0d20-4e08-8ecd-ebe087394a07:c4120]
2019-07-08 20:09:44,076 INFO  client.GrpcClientProtocolClient (GrpcClientProtocolClient.java:onNext(255)) - client-83AFC0B42279->fd4515e9-84f2-4741-b1f5-a9247145a2ac: receive RaftClientReply:client-83AFC0B42279->fd4515e9-84f2-4741-b1f5-a9247145a2ac@group-E2152A48AE85, cid=2774, SUCCESS, logIndex=0, commits[fd4515e9-84f2-4741-b1f5-a9247145a2ac:c4127, 2e3e112c-ad01-4834-a07e-d6d8a7947632:c4123, dfee02f7-0d20-4e08-8ecd-ebe087394a07:c4122]
2019-07-08 20:09:44,091 INFO  client.GrpcClientProtocolClient (GrpcClientProtocolClient.java:onNext(255)) - client-83AFC0B42279->fd4515e9-84f2-4741-b1f5-a9247145a2ac: receive RaftClientReply:client-83AFC0B42279->fd4515e9-84f2-4741-b1f5-a9247145a2ac@group-E2152A48AE85, cid=2775, SUCCESS, logIndex=4129, commits[fd4515e9-84f2-4741-b1f5-a9247145a2ac:c4130, 2e3e112c-ad01-4834-a07e-d6d8a7947632:c4124, dfee02f7-0d20-4e08-8ecd-ebe087394a07:c4128]
2019-07-08 20:09:44,091 INFO  client.GrpcClientProtocolClient (GrpcClientProtocolClient.java:onNext(255)) - client-83AFC0B42279->fd4515e9-84f2-4741-b1f5-a9247145a2ac: receive RaftClientReply:client-83AFC0B42279->fd4515e9-84f2-4741-b1f5-a9247145a2ac@group-E2152A48AE85, cid=2776, SUCCESS, logIndex=4130, commits[fd4515e9-84f2-4741-b1f5-a9247145a2ac:c4130, 2e3e112c-ad01-4834-a07e-d6d8a7947632:c4124, dfee02f7-0d20-4e08-8ecd-ebe087394a07:c4128]
2019-07-08 20:09:44,103 INFO  client.GrpcClientProtocolClient (GrpcClientProtocolClient.java:onNext(255)) - client-83AFC0B42279->fd4515e9-84f2-4741-b1f5-a9247145a2ac: receive RaftClientReply:client-83AFC0B42279->fd4515e9-84f2-4741-b1f5-a9247145a2ac@group-E2152A48AE85, cid=2777, SUCCESS, logIndex=4133, commits[fd4515e9-84f2-4741-b1f5-a9247145a2ac:c4134, 2e3e112c-ad01-4834-a07e-d6d8a7947632:c4130, dfee02f7-0d20-4e08-8ecd-ebe087394a07:c4130]
2019-07-08 20:09:44,103 INFO  client.GrpcClientProtocolClient (GrpcClientProtocolClient.java:onNext(255)) - client-83AFC0B42279->fd4515e9-84f2-4741-b1f5-a9247145a2ac: receive RaftClientReply:client-83AFC0B42279->fd4515e9-84f2-4741-b1f5-a9247145a2ac@group-E2152A48AE85, cid=2778, SUCCESS, logIndex=4134, commits[fd4515e9-84f2-4741-b1f5-a9247145a2ac:c4134, 2e3e112c-ad01-4834-a07e-d6d8a7947632:c4130, dfee02f7-0d20-4e08-8ecd-ebe087394a07:c4130]
 0.00% |█                                                                                                    |  0/1 Time: 0:00:232019-07-08 20:09:44,128 INFO  client.GrpcClientProtocolClient (GrpcClientProtocolClient.java:onNext(255)) - client-83AFC0B42279->fd4515e9-84f2-4741-b1f5-a9247145a2ac: receive RaftClientReply:client-83AFC0B42279->fd4515e9-84f2-4741-b1f5-a9247145a2ac@group-E2152A48AE85, cid=2779, SUCCESS, logIndex=0, commits[fd4515e9-84f2-4741-b1f5-a9247145a2ac:c4136, 2e3e112c-ad01-4834-a07e-d6d8a7947632:c4134, dfee02f7-0d20-4e08-8ecd-ebe087394a07:c4134]
2019-07-08 20:09:44,157 INFO  client.GrpcClientProtocolClient (GrpcClientProtocolClient.java:onNext(255)) - client-83AFC0B42279->fd4515e9-84f2-4741-b1f5-a9247145a2ac: receive RaftClientReply:client-83AFC0B42279->fd4515e9-84f2-4741-b1f5-a9247145a2ac@group-E2152A48AE85, cid=2780, SUCCESS, logIndex=4137, commits[fd4515e9-84f2-4741-b1f5-a9247145a2ac:c4138, 2e3e112c-ad01-4834-a07e-d6d8a7947632:c4136, dfee02f7-0d20-4e08-8ecd-ebe087394a07:c4136]
2019-07-08 20:09:44,158 INFO  client.GrpcClientProtocolClient (GrpcClientProtocolClient.java:onNext(255)) - client-83AFC0B42279->fd4515e9-84f2-4741-b1f5-a9247145a2ac: receive RaftClientReply:client-83AFC0B42279->fd4515e9-84f2-4741-b1f5-a9247145a2ac@group-E2152A48AE85, cid=2781, SUCCESS, logIndex=4138, commits[fd4515e9-84f2-4741-b1f5-a9247145a2ac:c4138, 2e3e112c-ad01-4834-a07e-d6d8a7947632:c4136, dfee02f7-0d20-4e08-8ecd-ebe087394a07:c4136]
2019-07-08 20:09:44,159 INFO  client.GrpcClientProtocolClient (GrpcClientProtocolClient.java:onNext(255)) - client-83AFC0B42279->fd4515e9-84f2-4741-b1f5-a9247145a2ac: receive RaftClientReply:client-83AFC0B42279->fd4515e9-84f2-4741-b1f5-a9247145a2ac@group-E2152A48AE85, cid=2782, SUCCESS, logIndex=4139, commits[fd4515e9-84f2-4741-b1f5-a9247145a2ac:c4140, 2e3e112c-ad01-4834-a07e-d6d8a7947632:c4136, dfee02f7-0d20-4e08-8ecd-ebe087394a07:c4136]
2019-07-08 20:09:44,159 INFO  client.GrpcClientProtocolClient (GrpcClientProtocolClient.java:onNext(255)) - client-83AFC0B42279->fd4515e9-84f2-4741-b1f5-a9247145a2ac: receive RaftClientReply:client-83AFC0B42279->fd4515e9-84f2-4741-b1f5-a9247145a2ac@group-E2152A48AE85, cid=2783, SUCCESS, logIndex=4140, commits[fd4515e9-84f2-4741-b1f5-a9247145a2ac:c4140, 2e3e112c-ad01-4834-a07e-d6d8a7947632:c4136, dfee02f7-0d20-4e08-8ecd-ebe087394a07:c4136]
2019-07-08 20:09:44,161 INFO  client.GrpcClientProtocolClient (GrpcClientProtocolClient.java:onNext(255)) - client-83AFC0B42279->fd4515e9-84f2-4741-b1f5-a9247145a2ac: receive RaftClientReply:client-83AFC0B42279->fd4515e9-84f2-4741-b1f5-a9247145a2ac@group-E2152A48AE85, cid=2784, SUCCESS, logIndex=0, commits[fd4515e9-84f2-4741-b1f5-a9247145a2ac:c4142, 2e3e112c-ad01-4834-a07e-d6d8a7947632:c4138, dfee02f7-0d20-4e08-8ecd-ebe087394a07:c4138]
2019-07-08 20:09:44,176 INFO  client.GrpcClientProtocolClient (GrpcClientProtocolClient.java:onNext(255)) - client-83AFC0B42279->fd4515e9-84f2-4741-b1f5-a9247145a2ac: receive RaftClientReply:client-83AFC0B42279->fd4515e9-84f2-4741-b1f5-a9247145a2ac@group-E2152A48AE85, cid=2785, SUCCESS, logIndex=4145, commits[fd4515e9-84f2-4741-b1f5-a9247145a2ac:c4146, 2e3e112c-ad01-4834-a07e-d6d8a7947632:c4140, dfee02f7-0d20-4e08-8ecd-ebe087394a07:c4142]
2019-07-08 20:09:44,176 INFO  client.GrpcClientProtocolClient (GrpcClientProtocolClient.java:onNext(255)) - client-83AFC0B42279->fd4515e9-84f2-4741-b1f5-a9247145a2ac: receive RaftClientReply:client-83AFC0B42279->fd4515e9-84f2-4741-b1f5-a9247145a2ac@group-E2152A48AE85, cid=2786, SUCCESS, logIndex=4146, commits[fd4515e9-84f2-4741-b1f5-a9247145a2ac:c4146, 2e3e112c-ad01-4834-a07e-d6d8a7947632:c4142, dfee02f7-0d20-4e08-8ecd-ebe087394a07:c4142]
2019-07-08 20:09:44,191 INFO  client.GrpcClientProtocolClient (GrpcClientProtocolClient.java:onNext(255)) - client-83AFC0B42279->fd4515e9-84f2-4741-b1f5-a9247145a2ac: receive RaftClientReply:client-83AFC0B42279->fd4515e9-84f2-4741-b1f5-a9247145a2ac@group-E2152A48AE85, cid=2787, SUCCESS, logIndex=4148, commits[fd4515e9-84f2-4741-b1f5-a9247145a2ac:c4149, 2e3e112c-ad01-4834-a07e-d6d8a7947632:c4146, dfee02f7-0d20-4e08-8ecd-ebe087394a07:c4146]
2019-07-08 20:09:44,191 INFO  client.GrpcClientProtocolClient (GrpcClientProtocolClient.java:onNext(255)) - client-83AFC0B42279->fd4515e9-84f2-4741-b1f5-a9247145a2ac: receive RaftClientReply:client-83AFC0B42279->fd4515e9-84f2-4741-b1f5-a9247145a2ac@group-E2152A48AE85, cid=2788, SUCCESS, logIndex=4149, commits[fd4515e9-84f2-4741-b1f5-a9247145a2ac:c4149, 2e3e112c-ad01-4834-a07e-d6d8a7947632:c4146, dfee02f7-0d20-4e08-8ecd-ebe087394a07:c4146]
2019-07-08 20:09:44,207 INFO  client.GrpcClientProtocolClient (GrpcClientProtocolClient.java:onNext(255)) - client-83AFC0B42279->fd4515e9-84f2-4741-b1f5-a9247145a2ac: receive RaftClientReply:client-83AFC0B42279->fd4515e9-84f2-4741-b1f5-a9247145a2ac@group-E2152A48AE85, cid=2789, SUCCESS, logIndex=0, commits[fd4515e9-84f2-4741-b1f5-a9247145a2ac:c4151, 2e3e112c-ad01-4834-a07e-d6d8a7947632:c4149, dfee02f7-0d20-4e08-8ecd-ebe087394a07:c4149]
2019-07-08 20:09:44,234 INFO  client.GrpcClientProtocolClient (GrpcClientProtocolClient.java:onNext(255)) - client-83AFC0B42279->fd4515e9-84f2-4741-b1f5-a9247145a2ac: receive RaftClientReply:client-83AFC0B42279->fd4515e9-84f2-4741-b1f5-a9247145a2ac@group-E2152A48AE85, cid=2790, SUCCESS, logIndex=4152, commits[fd4515e9-84f2-4741-b1f5-a9247145a2ac:c4153, 2e3e112c-ad01-4834-a07e-d6d8a7947632:c4151, dfee02f7-0d20-4e08-8ecd-ebe087394a07:c4151]
2019-07-08 20:09:44,234 INFO  client.GrpcClientProtocolClient (GrpcClientProtocolClient.java:onNext(255)) - client-83AFC0B42279->fd4515e9-84f2-4741-b1f5-a9247145a2ac: receive RaftClientReply:client-83AFC0B42279->fd4515e9-84f2-4741-b1f5-a9247145a2ac@group-E2152A48AE85, cid=2791, SUCCESS, logIndex=4153, commits[fd4515e9-84f2-4741-b1f5-a9247145a2ac:c4153, 2e3e112c-ad01-4834-a07e-d6d8a7947632:c4151, dfee02f7-0d20-4e08-8ecd-ebe087394a07:c4151]
2019-07-08 20:09:44,235 INFO  client.GrpcClientProtocolClient (GrpcClientProtocolClient.java:onNext(255)) - client-83AFC0B42279->fd4515e9-84f2-4741-b1f5-a9247145a2ac: receive RaftClientReply:client-83AFC0B42279->fd4515e9-84f2-4741-b1f5-a9247145a2ac@group-E2152A48AE85, cid=2792, SUCCESS, logIndex=4154, commits[fd4515e9-84f2-4741-b1f5-a9247145a2ac:c4155, 2e3e112c-ad01-4834-a07e-d6d8a7947632:c4151, dfee02f7-0d20-4e08-8ecd-ebe087394a07:c4151]
2019-07-08 20:09:44,235 INFO  client.GrpcClientProtocolClient (GrpcClientProtocolClient.java:onNext(255)) - client-83AFC0B42279->fd4515e9-84f2-4741-b1f5-a9247145a2ac: receive RaftClientReply:client-83AFC0B42279->fd4515e9-84f2-4741-b1f5-a9247145a2ac@group-E2152A48AE85, cid=2793, SUCCESS, logIndex=4155, commits[fd4515e9-84f2-4741-b1f5-a9247145a2ac:c4155, 2e3e112c-ad01-4834-a07e-d6d8a7947632:c4151, dfee02f7-0d20-4e08-8ecd-ebe087394a07:c4151]
2019-07-08 20:09:44,248 INFO  client.GrpcClientProtocolClient (GrpcClientProtocolClient.java:onNext(255)) - client-83AFC0B42279->fd4515e9-84f2-4741-b1f5-a9247145a2ac: receive RaftClientReply:client-83AFC0B42279->fd4515e9-84f2-4741-b1f5-a9247145a2ac@group-E2152A48AE85, cid=2794, SUCCESS, logIndex=0, commits[fd4515e9-84f2-4741-b1f5-a9247145a2ac:c4157, 2e3e112c-ad01-4834-a07e-d6d8a7947632:c4153, dfee02f7-0d20-4e08-8ecd-ebe087394a07:c4153]
2019-07-08 20:09:44,267 INFO  client.GrpcClientProtocolClient (GrpcClientProtocolClient.java:onNext(255)) - client-83AFC0B42279->fd4515e9-84f2-4741-b1f5-a9247145a2ac: receive RaftClientReply:client-83AFC0B42279->fd4515e9-84f2-4741-b1f5-a9247145a2ac@group-E2152A48AE85, cid=2795, SUCCESS, logIndex=4160, commits[fd4515e9-84f2-4741-b1f5-a9247145a2ac:c4161, 2e3e112c-ad01-4834-a07e-d6d8a7947632:c4159, dfee02f7-0d20-4e08-8ecd-ebe087394a07:c4159]
2019-07-08 20:09:44,267 INFO  client.GrpcClientProtocolClient (GrpcClientProtocolClient.java:onNext(255)) - client-83AFC0B42279->fd4515e9-84f2-4741-b1f5-a9247145a2ac: receive RaftClientReply:client-83AFC0B42279->fd4515e9-84f2-4741-b1f5-a9247145a2ac@group-E2152A48AE85, cid=2796, SUCCESS, logIndex=4161, commits[fd4515e9-84f2-4741-b1f5-a9247145a2ac:c4161, 2e3e112c-ad01-4834-a07e-d6d8a7947632:c4159, dfee02f7-0d20-4e08-8ecd-ebe087394a07:c4159]
2019-07-08 20:09:44,294 INFO  client.GrpcClientProtocolClient (GrpcClientProtocolClient.java:onNext(255)) - client-83AFC0B42279->fd4515e9-84f2-4741-b1f5-a9247145a2ac: receive RaftClientReply:client-83AFC0B42279->fd4515e9-84f2-4741-b1f5-a9247145a2ac@group-E2152A48AE85, cid=2797, SUCCESS, logIndex=4164, commits[fd4515e9-84f2-4741-b1f5-a9247145a2ac:c4164, 2e3e112c-ad01-4834-a07e-d6d8a7947632:c4161, dfee02f7-0d20-4e08-8ecd-ebe087394a07:c4161]
2019-07-08 20:09:44,295 INFO  client.GrpcClientProtocolClient (GrpcClientProtocolClient.java:onNext(255)) - client-83AFC0B42279->fd4515e9-84f2-4741-b1f5-a9247145a2ac: receive RaftClientReply:client-83AFC0B42279->fd4515e9-84f2-4741-b1f5-a9247145a2ac@group-E2152A48AE85, cid=2798, SUCCESS, logIndex=4165, commits[fd4515e9-84f2-4741-b1f5-a9247145a2ac:c4165, 2e3e112c-ad01-4834-a07e-d6d8a7947632:c4161, dfee02f7-0d20-4e08-8ecd-ebe087394a07:c4161]
2019-07-08 20:09:44,321 INFO  client.GrpcClientProtocolClient (GrpcClientProtocolClient.java:onNext(255)) - client-83AFC0B42279->fd4515e9-84f2-4741-b1f5-a9247145a2ac: receive RaftClientReply:client-83AFC0B42279->fd4515e9-84f2-4741-b1f5-a9247145a2ac@group-E2152A48AE85, cid=2799, SUCCESS, logIndex=0, commits[fd4515e9-84f2-4741-b1f5-a9247145a2ac:c4166, 2e3e112c-ad01-4834-a07e-d6d8a7947632:c4165, dfee02f7-0d20-4e08-8ecd-ebe087394a07:c4165]
2019-07-08 20:09:44,352 INFO  client.GrpcClientProtocolClient (GrpcClientProtocolClient.java:onNext(255)) - client-83AFC0B42279->fd4515e9-84f2-4741-b1f5-a9247145a2ac: receive RaftClientReply:client-83AFC0B42279->fd4515e9-84f2-4741-b1f5-a9247145a2ac@group-E2152A48AE85, cid=2800, SUCCESS, logIndex=4168, commits[fd4515e9-84f2-4741-b1f5-a9247145a2ac:c4169, 2e3e112c-ad01-4834-a07e-d6d8a7947632:c4165, dfee02f7-0d20-4e08-8ecd-ebe087394a07:c4167]
2019-07-08 20:09:44,353 INFO  client.GrpcClientProtocolClient (GrpcClientProtocolClient.java:onNext(255)) - client-83AFC0B42279->fd4515e9-84f2-4741-b1f5-a9247145a2ac: receive RaftClientReply:client-83AFC0B42279->fd4515e9-84f2-4741-b1f5-a9247145a2ac@group-E2152A48AE85, cid=2801, SUCCESS, logIndex=4169, commits[fd4515e9-84f2-4741-b1f5-a9247145a2ac:c4169, 2e3e112c-ad01-4834-a07e-d6d8a7947632:c4167, dfee02f7-0d20-4e08-8ecd-ebe087394a07:c4167]
2019-07-08 20:09:44,362 INFO  client.GrpcClientProtocolClient (GrpcClientProtocolClient.java:onNext(255)) - client-83AFC0B42279->fd4515e9-84f2-4741-b1f5-a9247145a2ac: receive RaftClientReply:client-83AFC0B42279->fd4515e9-84f2-4741-b1f5-a9247145a2ac@group-E2152A48AE85, cid=2802, SUCCESS, logIndex=4170, commits[fd4515e9-84f2-4741-b1f5-a9247145a2ac:c4171, 2e3e112c-ad01-4834-a07e-d6d8a7947632:c4167, dfee02f7-0d20-4e08-8ecd-ebe087394a07:c4167]
2019-07-08 20:09:44,363 INFO  client.GrpcClientProtocolClient (GrpcClientProtocolClient.java:onNext(255)) - client-83AFC0B42279->fd4515e9-84f2-4741-b1f5-a9247145a2ac: receive RaftClientReply:client-83AFC0B42279->fd4515e9-84f2-4741-b1f5-a9247145a2ac@group-E2152A48AE85, cid=2803, SUCCESS, logIndex=4171, commits[fd4515e9-84f2-4741-b1f5-a9247145a2ac:c4171, 2e3e112c-ad01-4834-a07e-d6d8a7947632:c4167, dfee02f7-0d20-4e08-8ecd-ebe087394a07:c4167]
2019-07-08 20:09:44,364 INFO  client.GrpcClientProtocolClient (GrpcClientProtocolClient.java:onNext(255)) - client-83AFC0B42279->fd4515e9-84f2-4741-b1f5-a9247145a2ac: receive RaftClientReply:client-83AFC0B42279->fd4515e9-84f2-4741-b1f5-a9247145a2ac@group-E2152A48AE85, cid=2804, SUCCESS, logIndex=0, commits[fd4515e9-84f2-4741-b1f5-a9247145a2ac:c4174, 2e3e112c-ad01-4834-a07e-d6d8a7947632:c4169, dfee02f7-0d20-4e08-8ecd-ebe087394a07:c4169]
2019-07-08 20:09:44,386 INFO  client.GrpcClientProtocolClient (GrpcClientProtocolClient.java:onNext(255)) - client-83AFC0B42279->fd4515e9-84f2-4741-b1f5-a9247145a2ac: receive RaftClientReply:client-83AFC0B42279->fd4515e9-84f2-4741-b1f5-a9247145a2ac@group-E2152A48AE85, cid=2805, SUCCESS, logIndex=4176, commits[fd4515e9-84f2-4741-b1f5-a9247145a2ac:c4177, 2e3e112c-ad01-4834-a07e-d6d8a7947632:c4175, dfee02f7-0d20-4e08-8ecd-ebe087394a07:c4175]
2019-07-08 20:09:44,386 INFO  client.GrpcClientProtocolClient (GrpcClientProtocolClient.java:onNext(255)) - client-83AFC0B42279->fd4515e9-84f2-4741-b1f5-a9247145a2ac: receive RaftClientReply:client-83AFC0B42279->fd4515e9-84f2-4741-b1f5-a9247145a2ac@group-E2152A48AE85, cid=2806, SUCCESS, logIndex=4177, commits[fd4515e9-84f2-4741-b1f5-a9247145a2ac:c4177, 2e3e112c-ad01-4834-a07e-d6d8a7947632:c4175, dfee02f7-0d20-4e08-8ecd-ebe087394a07:c4175]
2019-07-08 20:09:44,413 INFO  client.GrpcClientProtocolClient (GrpcClientProtocolClient.java:onNext(255)) - client-83AFC0B42279->fd4515e9-84f2-4741-b1f5-a9247145a2ac: receive RaftClientReply:client-83AFC0B42279->fd4515e9-84f2-4741-b1f5-a9247145a2ac@group-E2152A48AE85, cid=2807, SUCCESS, logIndex=4180, commits[fd4515e9-84f2-4741-b1f5-a9247145a2ac:c4181, 2e3e112c-ad01-4834-a07e-d6d8a7947632:c4177, dfee02f7-0d20-4e08-8ecd-ebe087394a07:c4177]
2019-07-08 20:09:44,413 INFO  client.GrpcClientProtocolClient (GrpcClientProtocolClient.java:onNext(255)) - client-83AFC0B42279->fd4515e9-84f2-4741-b1f5-a9247145a2ac: receive RaftClientReply:client-83AFC0B42279->fd4515e9-84f2-4741-b1f5-a9247145a2ac@group-E2152A48AE85, cid=2808, SUCCESS, logIndex=4181, commits[fd4515e9-84f2-4741-b1f5-a9247145a2ac:c4181, 2e3e112c-ad01-4834-a07e-d6d8a7947632:c4177, dfee02f7-0d20-4e08-8ecd-ebe087394a07:c4177]
2019-07-08 20:09:44,425 INFO  client.GrpcClientProtocolClient (GrpcClientProtocolClient.java:onNext(255)) - client-83AFC0B42279->fd4515e9-84f2-4741-b1f5-a9247145a2ac: receive RaftClientReply:client-83AFC0B42279->fd4515e9-84f2-4741-b1f5-a9247145a2ac@group-E2152A48AE85, cid=2809, SUCCESS, logIndex=0, commits[fd4515e9-84f2-4741-b1f5-a9247145a2ac:c4182, 2e3e112c-ad01-4834-a07e-d6d8a7947632:c4181, dfee02f7-0d20-4e08-8ecd-ebe087394a07:c4181]
2019-07-08 20:09:44,453 INFO  client.GrpcClientProtocolClient (GrpcClientProtocolClient.java:onNext(255)) - client-83AFC0B42279->fd4515e9-84f2-4741-b1f5-a9247145a2ac: receive RaftClientReply:client-83AFC0B42279->fd4515e9-84f2-4741-b1f5-a9247145a2ac@group-E2152A48AE85, cid=2810, SUCCESS, logIndex=4184, commits[fd4515e9-84f2-4741-b1f5-a9247145a2ac:c4187, 2e3e112c-ad01-4834-a07e-d6d8a7947632:c4183, dfee02f7-0d20-4e08-8ecd-ebe087394a07:c4183]
2019-07-08 20:09:44,454 INFO  client.GrpcClientProtocolClient (GrpcClientProtocolClient.java:onNext(255)) - client-83AFC0B42279->fd4515e9-84f2-4741-b1f5-a9247145a2ac: receive RaftClientReply:client-83AFC0B42279->fd4515e9-84f2-4741-b1f5-a9247145a2ac@group-E2152A48AE85, cid=2811, SUCCESS, logIndex=4185, commits[fd4515e9-84f2-4741-b1f5-a9247145a2ac:c4187, 2e3e112c-ad01-4834-a07e-d6d8a7947632:c4183, dfee02f7-0d20-4e08-8ecd-ebe087394a07:c4183]
2019-07-08 20:09:44,454 INFO  client.GrpcClientProtocolClient (GrpcClientProtocolClient.java:onNext(255)) - client-83AFC0B42279->fd4515e9-84f2-4741-b1f5-a9247145a2ac: receive RaftClientReply:client-83AFC0B42279->fd4515e9-84f2-4741-b1f5-a9247145a2ac@group-E2152A48AE85, cid=2812, SUCCESS, logIndex=4186, commits[fd4515e9-84f2-4741-b1f5-a9247145a2ac:c4187, 2e3e112c-ad01-4834-a07e-d6d8a7947632:c4183, dfee02f7-0d20-4e08-8ecd-ebe087394a07:c4183]
2019-07-08 20:09:44,454 INFO  client.GrpcClientProtocolClient (GrpcClientProtocolClient.java:onNext(255)) - client-83AFC0B42279->fd4515e9-84f2-4741-b1f5-a9247145a2ac: receive RaftClientReply:client-83AFC0B42279->fd4515e9-84f2-4741-b1f5-a9247145a2ac@group-E2152A48AE85, cid=2813, SUCCESS, logIndex=4187, commits[fd4515e9-84f2-4741-b1f5-a9247145a2ac:c4187, 2e3e112c-ad01-4834-a07e-d6d8a7947632:c4183, dfee02f7-0d20-4e08-8ecd-ebe087394a07:c4183]
2019-07-08 20:09:44,470 INFO  client.GrpcClientProtocolClient (GrpcClientProtocolClient.java:onNext(255)) - client-83AFC0B42279->fd4515e9-84f2-4741-b1f5-a9247145a2ac: receive RaftClientReply:client-83AFC0B42279->fd4515e9-84f2-4741-b1f5-a9247145a2ac@group-E2152A48AE85, cid=2814, SUCCESS, logIndex=0, commits[fd4515e9-84f2-4741-b1f5-a9247145a2ac:c4191, 2e3e112c-ad01-4834-a07e-d6d8a7947632:c4185, dfee02f7-0d20-4e08-8ecd-ebe087394a07:c4187]
2019-07-08 20:09:44,492 INFO  client.GrpcClientProtocolClient (GrpcClientProtocolClient.java:onNext(255)) - client-83AFC0B42279->fd4515e9-84f2-4741-b1f5-a9247145a2ac: receive RaftClientReply:client-83AFC0B42279->fd4515e9-84f2-4741-b1f5-a9247145a2ac@group-E2152A48AE85, cid=2815, SUCCESS, logIndex=4192, commits[fd4515e9-84f2-4741-b1f5-a9247145a2ac:c4193, 2e3e112c-ad01-4834-a07e-d6d8a7947632:c4191, dfee02f7-0d20-4e08-8ecd-ebe087394a07:c4191]
2019-07-08 20:09:44,492 INFO  client.GrpcClientProtocolClient (GrpcClientProtocolClient.java:onNext(255)) - client-83AFC0B42279->fd4515e9-84f2-4741-b1f5-a9247145a2ac: receive RaftClientReply:client-83AFC0B42279->fd4515e9-84f2-4741-b1f5-a9247145a2ac@group-E2152A48AE85, cid=2816, SUCCESS, logIndex=4193, commits[fd4515e9-84f2-4741-b1f5-a9247145a2ac:c4193, 2e3e112c-ad01-4834-a07e-d6d8a7947632:c4191, dfee02f7-0d20-4e08-8ecd-ebe087394a07:c4191]
2019-07-08 20:09:44,617 INFO  client.GrpcClientProtocolClient (GrpcClientProtocolClient.java:onNext(255)) - client-83AFC0B42279->fd4515e9-84f2-4741-b1f5-a9247145a2ac: receive RaftClientReply:client-83AFC0B42279->fd4515e9-84f2-4741-b1f5-a9247145a2ac@group-E2152A48AE85, cid=2817, SUCCESS, logIndex=4196, commits[fd4515e9-84f2-4741-b1f5-a9247145a2ac:c4197, 2e3e112c-ad01-4834-a07e-d6d8a7947632:c4193, dfee02f7-0d20-4e08-8ecd-ebe087394a07:c4193]
2019-07-08 20:09:44,617 INFO  client.GrpcClientProtocolClient (GrpcClientProtocolClient.java:onNext(255)) - client-83AFC0B42279->fd4515e9-84f2-4741-b1f5-a9247145a2ac: receive RaftClientReply:client-83AFC0B42279->fd4515e9-84f2-4741-b1f5-a9247145a2ac@group-E2152A48AE85, cid=2818, SUCCESS, logIndex=4197, commits[fd4515e9-84f2-4741-b1f5-a9247145a2ac:c4197, 2e3e112c-ad01-4834-a07e-d6d8a7947632:c4193, dfee02f7-0d20-4e08-8ecd-ebe087394a07:c4193]
2019-07-08 20:09:44,644 INFO  client.GrpcClientProtocolClient (GrpcClientProtocolClient.java:onNext(255)) - client-83AFC0B42279->fd4515e9-84f2-4741-b1f5-a9247145a2ac: receive RaftClientReply:client-83AFC0B42279->fd4515e9-84f2-4741-b1f5-a9247145a2ac@group-E2152A48AE85, cid=2819, SUCCESS, logIndex=0, commits[fd4515e9-84f2-4741-b1f5-a9247145a2ac:c4199, 2e3e112c-ad01-4834-a07e-d6d8a7947632:c4197, dfee02f7-0d20-4e08-8ecd-ebe087394a07:c4197]
2019-07-08 20:09:44,681 INFO  client.GrpcClientProtocolClient (GrpcClientProtocolClient.java:onNext(255)) - client-83AFC0B42279->fd4515e9-84f2-4741-b1f5-a9247145a2ac: receive RaftClientReply:client-83AFC0B42279->fd4515e9-84f2-4741-b1f5-a9247145a2ac@group-E2152A48AE85, cid=2820, SUCCESS, logIndex=4200, commits[fd4515e9-84f2-4741-b1f5-a9247145a2ac:c4201, 2e3e112c-ad01-4834-a07e-d6d8a7947632:c4197, dfee02f7-0d20-4e08-8ecd-ebe087394a07:c4199]
2019-07-08 20:09:44,681 INFO  client.GrpcClientProtocolClient (GrpcClientProtocolClient.java:onNext(255)) - client-83AFC0B42279->fd4515e9-84f2-4741-b1f5-a9247145a2ac: receive RaftClientReply:client-83AFC0B42279->fd4515e9-84f2-4741-b1f5-a9247145a2ac@group-E2152A48AE85, cid=2821, SUCCESS, logIndex=4201, commits[fd4515e9-84f2-4741-b1f5-a9247145a2ac:c4203, 2e3e112c-ad01-4834-a07e-d6d8a7947632:c4199, dfee02f7-0d20-4e08-8ecd-ebe087394a07:c4199]
2019-07-08 20:09:44,682 INFO  client.GrpcClientProtocolClient (GrpcClientProtocolClient.java:onNext(255)) - client-83AFC0B42279->fd4515e9-84f2-4741-b1f5-a9247145a2ac: receive RaftClientReply:client-83AFC0B42279->fd4515e9-84f2-4741-b1f5-a9247145a2ac@group-E2152A48AE85, cid=2822, SUCCESS, logIndex=4202, commits[fd4515e9-84f2-4741-b1f5-a9247145a2ac:c4203, 2e3e112c-ad01-4834-a07e-d6d8a7947632:c4199, dfee02f7-0d20-4e08-8ecd-ebe087394a07:c4199]
2019-07-08 20:09:44,682 INFO  client.GrpcClientProtocolClient (GrpcClientProtocolClient.java:onNext(255)) - client-83AFC0B42279->fd4515e9-84f2-4741-b1f5-a9247145a2ac: receive RaftClientReply:client-83AFC0B42279->fd4515e9-84f2-4741-b1f5-a9247145a2ac@group-E2152A48AE85, cid=2823, SUCCESS, logIndex=4203, commits[fd4515e9-84f2-4741-b1f5-a9247145a2ac:c4203, 2e3e112c-ad01-4834-a07e-d6d8a7947632:c4199, dfee02f7-0d20-4e08-8ecd-ebe087394a07:c4199]
2019-07-08 20:09:44,703 INFO  client.GrpcClientProtocolClient (GrpcClientProtocolClient.java:onNext(255)) - client-83AFC0B42279->fd4515e9-84f2-4741-b1f5-a9247145a2ac: receive RaftClientReply:client-83AFC0B42279->fd4515e9-84f2-4741-b1f5-a9247145a2ac@group-E2152A48AE85, cid=2824, SUCCESS, logIndex=0, commits[fd4515e9-84f2-4741-b1f5-a9247145a2ac:c4205, 2e3e112c-ad01-4834-a07e-d6d8a7947632:c4201, dfee02f7-0d20-4e08-8ecd-ebe087394a07:c4201]
2019-07-08 20:09:44,725 INFO  client.GrpcClientProtocolClient (GrpcClientProtocolClient.java:onNext(255)) - client-83AFC0B42279->fd4515e9-84f2-4741-b1f5-a9247145a2ac: receive RaftClientReply:client-83AFC0B42279->fd4515e9-84f2-4741-b1f5-a9247145a2ac@group-E2152A48AE85, cid=2825, SUCCESS, logIndex=4208, commits[fd4515e9-84f2-4741-b1f5-a9247145a2ac:c4209, 2e3e112c-ad01-4834-a07e-d6d8a7947632:c4207, dfee02f7-0d20-4e08-8ecd-ebe087394a07:c4207]
2019-07-08 20:09:44,726 INFO  client.GrpcClientProtocolClient (GrpcClientProtocolClient.java:onNext(255)) - client-83AFC0B42279->fd4515e9-84f2-4741-b1f5-a9247145a2ac: receive RaftClientReply:client-83AFC0B42279->fd4515e9-84f2-4741-b1f5-a9247145a2ac@group-E2152A48AE85, cid=2826, SUCCESS, logIndex=4209, commits[fd4515e9-84f2-4741-b1f5-a9247145a2ac:c4209, 2e3e112c-ad01-4834-a07e-d6d8a7947632:c4207, dfee02f7-0d20-4e08-8ecd-ebe087394a07:c4207]
2019-07-08 20:09:44,739 INFO  client.GrpcClientProtocolClient (GrpcClientProtocolClient.java:onNext(255)) - client-83AFC0B42279->fd4515e9-84f2-4741-b1f5-a9247145a2ac: receive RaftClientReply:client-83AFC0B42279->fd4515e9-84f2-4741-b1f5-a9247145a2ac@group-E2152A48AE85, cid=2827, SUCCESS, logIndex=4212, commits[fd4515e9-84f2-4741-b1f5-a9247145a2ac:c4213, 2e3e112c-ad01-4834-a07e-d6d8a7947632:c4208, dfee02f7-0d20-4e08-8ecd-ebe087394a07:c4209]
2019-07-08 20:09:44,739 INFO  client.GrpcClientProtocolClient (GrpcClientProtocolClient.java:onNext(255)) - client-83AFC0B42279->fd4515e9-84f2-4741-b1f5-a9247145a2ac: receive RaftClientReply:client-83AFC0B42279->fd4515e9-84f2-4741-b1f5-a9247145a2ac@group-E2152A48AE85, cid=2828, SUCCESS, logIndex=4213, commits[fd4515e9-84f2-4741-b1f5-a9247145a2ac:c4213, 2e3e112c-ad01-4834-a07e-d6d8a7947632:c4208, dfee02f7-0d20-4e08-8ecd-ebe087394a07:c4209]
2019-07-08 20:09:44,741 INFO  client.GrpcClientProtocolClient (GrpcClientProtocolClient.java:onNext(255)) - client-83AFC0B42279->fd4515e9-84f2-4741-b1f5-a9247145a2ac: receive RaftClientReply:client-83AFC0B42279->fd4515e9-84f2-4741-b1f5-a9247145a2ac@group-E2152A48AE85, cid=2829, SUCCESS, logIndex=0, commits[fd4515e9-84f2-4741-b1f5-a9247145a2ac:c4213, 2e3e112c-ad01-4834-a07e-d6d8a7947632:c4209, dfee02f7-0d20-4e08-8ecd-ebe087394a07:c4209]
2019-07-08 20:09:44,755 INFO  client.GrpcClientProtocolClient (GrpcClientProtocolClient.java:onNext(255)) - client-83AFC0B42279->fd4515e9-84f2-4741-b1f5-a9247145a2ac: receive RaftClientReply:client-83AFC0B42279->fd4515e9-84f2-4741-b1f5-a9247145a2ac@group-E2152A48AE85, cid=2830, SUCCESS, logIndex=0, commits[fd4515e9-84f2-4741-b1f5-a9247145a2ac:c4215, 2e3e112c-ad01-4834-a07e-d6d8a7947632:c4213, dfee02f7-0d20-4e08-8ecd-ebe087394a07:c4213]
2019-07-08 20:09:44,788 INFO  client.GrpcClientProtocolClient (GrpcClientProtocolClient.java:onNext(255)) - client-83AFC0B42279->fd4515e9-84f2-4741-b1f5-a9247145a2ac: receive RaftClientReply:client-83AFC0B42279->fd4515e9-84f2-4741-b1f5-a9247145a2ac@group-E2152A48AE85, cid=2831, SUCCESS, logIndex=4216, commits[fd4515e9-84f2-4741-b1f5-a9247145a2ac:c4217, 2e3e112c-ad01-4834-a07e-d6d8a7947632:c4215, dfee02f7-0d20-4e08-8ecd-ebe087394a07:c4215]
2019-07-08 20:09:44,789 INFO  client.GrpcClientProtocolClient (GrpcClientProtocolClient.java:onNext(255)) - client-83AFC0B42279->fd4515e9-84f2-4741-b1f5-a9247145a2ac: receive RaftClientReply:client-83AFC0B42279->fd4515e9-84f2-4741-b1f5-a9247145a2ac@group-E2152A48AE85, cid=2832, SUCCESS, logIndex=4217, commits[fd4515e9-84f2-4741-b1f5-a9247145a2ac:c4217, 2e3e112c-ad01-4834-a07e-d6d8a7947632:c4215, dfee02f7-0d20-4e08-8ecd-ebe087394a07:c4215]
2019-07-08 20:09:44,801 INFO  client.GrpcClientProtocolClient (GrpcClientProtocolClient.java:onNext(255)) - client-83AFC0B42279->fd4515e9-84f2-4741-b1f5-a9247145a2ac: receive RaftClientReply:client-83AFC0B42279->fd4515e9-84f2-4741-b1f5-a9247145a2ac@group-E2152A48AE85, cid=2833, SUCCESS, logIndex=4218, commits[fd4515e9-84f2-4741-b1f5-a9247145a2ac:c4219, 2e3e112c-ad01-4834-a07e-d6d8a7947632:c4215, dfee02f7-0d20-4e08-8ecd-ebe087394a07:c4215]
2019-07-08 20:09:44,801 INFO  client.GrpcClientProtocolClient (GrpcClientProtocolClient.java:onNext(255)) - client-83AFC0B42279->fd4515e9-84f2-4741-b1f5-a9247145a2ac: receive RaftClientReply:client-83AFC0B42279->fd4515e9-84f2-4741-b1f5-a9247145a2ac@group-E2152A48AE85, cid=2834, SUCCESS, logIndex=4219, commits[fd4515e9-84f2-4741-b1f5-a9247145a2ac:c4219, 2e3e112c-ad01-4834-a07e-d6d8a7947632:c4215, dfee02f7-0d20-4e08-8ecd-ebe087394a07:c4215]
2019-07-08 20:09:44,813 INFO  client.GrpcClientProtocolClient (GrpcClientProtocolClient.java:onNext(255)) - client-83AFC0B42279->fd4515e9-84f2-4741-b1f5-a9247145a2ac: receive RaftClientReply:client-83AFC0B42279->fd4515e9-84f2-4741-b1f5-a9247145a2ac@group-E2152A48AE85, cid=2835, SUCCESS, logIndex=0, commits[fd4515e9-84f2-4741-b1f5-a9247145a2ac:c4221, 2e3e112c-ad01-4834-a07e-d6d8a7947632:c4217, dfee02f7-0d20-4e08-8ecd-ebe087394a07:c4217]
2019-07-08 20:09:44,826 INFO  client.GrpcClientProtocolClient (GrpcClientProtocolClient.java:onNext(255)) - client-83AFC0B42279->fd4515e9-84f2-4741-b1f5-a9247145a2ac: receive RaftClientReply:client-83AFC0B42279->fd4515e9-84f2-4741-b1f5-a9247145a2ac@group-E2152A48AE85, cid=2836, SUCCESS, logIndex=4224, commits[fd4515e9-84f2-4741-b1f5-a9247145a2ac:c4225, 2e3e112c-ad01-4834-a07e-d6d8a7947632:c4219, dfee02f7-0d20-4e08-8ecd-ebe087394a07:c4221]
2019-07-08 20:09:44,827 INFO  client.GrpcClientProtocolClient (GrpcClientProtocolClient.java:onNext(255)) - client-83AFC0B42279->fd4515e9-84f2-4741-b1f5-a9247145a2ac: receive RaftClientReply:client-83AFC0B42279->fd4515e9-84f2-4741-b1f5-a9247145a2ac@group-E2152A48AE85, cid=2837, SUCCESS, logIndex=4225, commits[fd4515e9-84f2-4741-b1f5-a9247145a2ac:c4225, 2e3e112c-ad01-4834-a07e-d6d8a7947632:c4221, dfee02f7-0d20-4e08-8ecd-ebe087394a07:c4221]
2019-07-08 20:09:44,854 INFO  client.GrpcClientProtocolClient (GrpcClientProtocolClient.java:onNext(255)) - client-83AFC0B42279->fd4515e9-84f2-4741-b1f5-a9247145a2ac: receive RaftClientReply:client-83AFC0B42279->fd4515e9-84f2-4741-b1f5-a9247145a2ac@group-E2152A48AE85, cid=2838, SUCCESS, logIndex=4228, commits[fd4515e9-84f2-4741-b1f5-a9247145a2ac:c4229, 2e3e112c-ad01-4834-a07e-d6d8a7947632:c4225, dfee02f7-0d20-4e08-8ecd-ebe087394a07:c4226]
2019-07-08 20:09:44,855 INFO  client.GrpcClientProtocolClient (GrpcClientProtocolClient.java:onNext(255)) - client-83AFC0B42279->fd4515e9-84f2-4741-b1f5-a9247145a2ac: receive RaftClientReply:client-83AFC0B42279->fd4515e9-84f2-4741-b1f5-a9247145a2ac@group-E2152A48AE85, cid=2839, SUCCESS, logIndex=4229, commits[fd4515e9-84f2-4741-b1f5-a9247145a2ac:c4229, 2e3e112c-ad01-4834-a07e-d6d8a7947632:c4226, dfee02f7-0d20-4e08-8ecd-ebe087394a07:c4226]
2019-07-08 20:09:44,870 INFO  client.GrpcClientProtocolClient (GrpcClientProtocolClient.java:onNext(255)) - client-83AFC0B42279->fd4515e9-84f2-4741-b1f5-a9247145a2ac: receive RaftClientReply:client-83AFC0B42279->fd4515e9-84f2-4741-b1f5-a9247145a2ac@group-E2152A48AE85, cid=2840, SUCCESS, logIndex=0, commits[fd4515e9-84f2-4741-b1f5-a9247145a2ac:c4230, 2e3e112c-ad01-4834-a07e-d6d8a7947632:c4229, dfee02f7-0d20-4e08-8ecd-ebe087394a07:c4229]
2019-07-08 20:09:44,904 INFO  client.GrpcClientProtocolClient (GrpcClientProtocolClient.java:onNext(255)) - client-83AFC0B42279->fd4515e9-84f2-4741-b1f5-a9247145a2ac: receive RaftClientReply:client-83AFC0B42279->fd4515e9-84f2-4741-b1f5-a9247145a2ac@group-E2152A48AE85, cid=2841, SUCCESS, logIndex=4232, commits[fd4515e9-84f2-4741-b1f5-a9247145a2ac:c4233, 2e3e112c-ad01-4834-a07e-d6d8a7947632:c4231, dfee02f7-0d20-4e08-8ecd-ebe087394a07:c4231]
2019-07-08 20:09:44,904 INFO  client.GrpcClientProtocolClient (GrpcClientProtocolClient.java:onNext(255)) - client-83AFC0B42279->fd4515e9-84f2-4741-b1f5-a9247145a2ac: receive RaftClientReply:client-83AFC0B42279->fd4515e9-84f2-4741-b1f5-a9247145a2ac@group-E2152A48AE85, cid=2842, SUCCESS, logIndex=4233, commits[fd4515e9-84f2-4741-b1f5-a9247145a2ac:c4233, 2e3e112c-ad01-4834-a07e-d6d8a7947632:c4231, dfee02f7-0d20-4e08-8ecd-ebe087394a07:c4231]
2019-07-08 20:09:44,907 INFO  client.GrpcClientProtocolClient (GrpcClientProtocolClient.java:onNext(255)) - client-83AFC0B42279->fd4515e9-84f2-4741-b1f5-a9247145a2ac: receive RaftClientReply:client-83AFC0B42279->fd4515e9-84f2-4741-b1f5-a9247145a2ac@group-E2152A48AE85, cid=2843, SUCCESS, logIndex=4234, commits[fd4515e9-84f2-4741-b1f5-a9247145a2ac:c4235, 2e3e112c-ad01-4834-a07e-d6d8a7947632:c4231, dfee02f7-0d20-4e08-8ecd-ebe087394a07:c4231]
2019-07-08 20:09:44,907 INFO  client.GrpcClientProtocolClient (GrpcClientProtocolClient.java:onNext(255)) - client-83AFC0B42279->fd4515e9-84f2-4741-b1f5-a9247145a2ac: receive RaftClientReply:client-83AFC0B42279->fd4515e9-84f2-4741-b1f5-a9247145a2ac@group-E2152A48AE85, cid=2844, SUCCESS, logIndex=4235, commits[fd4515e9-84f2-4741-b1f5-a9247145a2ac:c4235, 2e3e112c-ad01-4834-a07e-d6d8a7947632:c4231, dfee02f7-0d20-4e08-8ecd-ebe087394a07:c4231]
2019-07-08 20:09:44,910 INFO  client.GrpcClientProtocolClient (GrpcClientProtocolClient.java:onNext(255)) - client-83AFC0B42279->fd4515e9-84f2-4741-b1f5-a9247145a2ac: receive RaftClientReply:client-83AFC0B42279->fd4515e9-84f2-4741-b1f5-a9247145a2ac@group-E2152A48AE85, cid=2845, SUCCESS, logIndex=0, commits[fd4515e9-84f2-4741-b1f5-a9247145a2ac:c4237, 2e3e112c-ad01-4834-a07e-d6d8a7947632:c4233, dfee02f7-0d20-4e08-8ecd-ebe087394a07:c4233]
2019-07-08 20:09:44,940 INFO  client.GrpcClientProtocolClient (GrpcClientProtocolClient.java:onNext(255)) - client-83AFC0B42279->fd4515e9-84f2-4741-b1f5-a9247145a2ac: receive RaftClientReply:client-83AFC0B42279->fd4515e9-84f2-4741-b1f5-a9247145a2ac@group-E2152A48AE85, cid=2846, SUCCESS, logIndex=4240, commits[fd4515e9-84f2-4741-b1f5-a9247145a2ac:c4241, 2e3e112c-ad01-4834-a07e-d6d8a7947632:c4239, dfee02f7-0d20-4e08-8ecd-ebe087394a07:c4239]
2019-07-08 20:09:44,941 INFO  client.GrpcClientProtocolClient (GrpcClientProtocolClient.java:onNext(255)) - client-83AFC0B42279->fd4515e9-84f2-4741-b1f5-a9247145a2ac: receive RaftClientReply:client-83AFC0B42279->fd4515e9-84f2-4741-b1f5-a9247145a2ac@group-E2152A48AE85, cid=2847, SUCCESS, logIndex=4241, commits[fd4515e9-84f2-4741-b1f5-a9247145a2ac:c4241, 2e3e112c-ad01-4834-a07e-d6d8a7947632:c4239, dfee02f7-0d20-4e08-8ecd-ebe087394a07:c4239]
2019-07-08 20:09:44,956 INFO  client.GrpcClientProtocolClient (GrpcClientProtocolClient.java:onNext(255)) - client-83AFC0B42279->fd4515e9-84f2-4741-b1f5-a9247145a2ac: receive RaftClientReply:client-83AFC0B42279->fd4515e9-84f2-4741-b1f5-a9247145a2ac@group-E2152A48AE85, cid=2848, SUCCESS, logIndex=4244, commits[fd4515e9-84f2-4741-b1f5-a9247145a2ac:c4244, 2e3e112c-ad01-4834-a07e-d6d8a7947632:c4241, dfee02f7-0d20-4e08-8ecd-ebe087394a07:c4241]
2019-07-08 20:09:44,956 INFO  client.GrpcClientProtocolClient (GrpcClientProtocolClient.java:onNext(255)) - client-83AFC0B42279->fd4515e9-84f2-4741-b1f5-a9247145a2ac: receive RaftClientReply:client-83AFC0B42279->fd4515e9-84f2-4741-b1f5-a9247145a2ac@group-E2152A48AE85, cid=2849, SUCCESS, logIndex=4245, commits[fd4515e9-84f2-4741-b1f5-a9247145a2ac:c4245, 2e3e112c-ad01-4834-a07e-d6d8a7947632:c4241, dfee02f7-0d20-4e08-8ecd-ebe087394a07:c4241]
2019-07-08 20:09:44,974 INFO  client.GrpcClientProtocolClient (GrpcClientProtocolClient.java:onNext(255)) - client-83AFC0B42279->fd4515e9-84f2-4741-b1f5-a9247145a2ac: receive RaftClientReply:client-83AFC0B42279->fd4515e9-84f2-4741-b1f5-a9247145a2ac@group-E2152A48AE85, cid=2850, SUCCESS, logIndex=0, commits[fd4515e9-84f2-4741-b1f5-a9247145a2ac:c4247, 2e3e112c-ad01-4834-a07e-d6d8a7947632:c4245, dfee02f7-0d20-4e08-8ecd-ebe087394a07:c4245]
2019-07-08 20:09:45,006 INFO  client.GrpcClientProtocolClient (GrpcClientProtocolClient.java:onNext(255)) - client-83AFC0B42279->fd4515e9-84f2-4741-b1f5-a9247145a2ac: receive RaftClientReply:client-83AFC0B42279->fd4515e9-84f2-4741-b1f5-a9247145a2ac@group-E2152A48AE85, cid=2851, SUCCESS, logIndex=4248, commits[fd4515e9-84f2-4741-b1f5-a9247145a2ac:c4250, 2e3e112c-ad01-4834-a07e-d6d8a7947632:c4247, dfee02f7-0d20-4e08-8ecd-ebe087394a07:c4247]
2019-07-08 20:09:45,007 INFO  client.GrpcClientProtocolClient (GrpcClientProtocolClient.java:onNext(255)) - client-83AFC0B42279->fd4515e9-84f2-4741-b1f5-a9247145a2ac: receive RaftClientReply:client-83AFC0B42279->fd4515e9-84f2-4741-b1f5-a9247145a2ac@group-E2152A48AE85, cid=2852, SUCCESS, logIndex=4249, commits[fd4515e9-84f2-4741-b1f5-a9247145a2ac:c4251, 2e3e112c-ad01-4834-a07e-d6d8a7947632:c4247, dfee02f7-0d20-4e08-8ecd-ebe087394a07:c4247]
2019-07-08 20:09:45,007 INFO  client.GrpcClientProtocolClient (GrpcClientProtocolClient.java:onNext(255)) - client-83AFC0B42279->fd4515e9-84f2-4741-b1f5-a9247145a2ac: receive RaftClientReply:client-83AFC0B42279->fd4515e9-84f2-4741-b1f5-a9247145a2ac@group-E2152A48AE85, cid=2853, SUCCESS, logIndex=4250, commits[fd4515e9-84f2-4741-b1f5-a9247145a2ac:c4251, 2e3e112c-ad01-4834-a07e-d6d8a7947632:c4247, dfee02f7-0d20-4e08-8ecd-ebe087394a07:c4247]
2019-07-08 20:09:45,007 INFO  client.GrpcClientProtocolClient (GrpcClientProtocolClient.java:onNext(255)) - client-83AFC0B42279->fd4515e9-84f2-4741-b1f5-a9247145a2ac: receive RaftClientReply:client-83AFC0B42279->fd4515e9-84f2-4741-b1f5-a9247145a2ac@group-E2152A48AE85, cid=2854, SUCCESS, logIndex=4251, commits[fd4515e9-84f2-4741-b1f5-a9247145a2ac:c4251, 2e3e112c-ad01-4834-a07e-d6d8a7947632:c4247, dfee02f7-0d20-4e08-8ecd-ebe087394a07:c4247]
2019-07-08 20:09:45,009 INFO  client.GrpcClientProtocolClient (GrpcClientProtocolClient.java:onNext(255)) - client-83AFC0B42279->fd4515e9-84f2-4741-b1f5-a9247145a2ac: receive RaftClientReply:client-83AFC0B42279->fd4515e9-84f2-4741-b1f5-a9247145a2ac@group-E2152A48AE85, cid=2855, SUCCESS, logIndex=0, commits[fd4515e9-84f2-4741-b1f5-a9247145a2ac:c4254, 2e3e112c-ad01-4834-a07e-d6d8a7947632:c4250, dfee02f7-0d20-4e08-8ecd-ebe087394a07:c4250]
2019-07-08 20:09:45,028 INFO  client.GrpcClientProtocolClient (GrpcClientProtocolClient.java:onNext(255)) - client-83AFC0B42279->fd4515e9-84f2-4741-b1f5-a9247145a2ac: receive RaftClientReply:client-83AFC0B42279->fd4515e9-84f2-4741-b1f5-a9247145a2ac@group-E2152A48AE85, cid=2856, SUCCESS, logIndex=4256, commits[fd4515e9-84f2-4741-b1f5-a9247145a2ac:c4257, 2e3e112c-ad01-4834-a07e-d6d8a7947632:c4255, dfee02f7-0d20-4e08-8ecd-ebe087394a07:c4255]
2019-07-08 20:09:45,029 INFO  client.GrpcClientProtocolClient (GrpcClientProtocolClient.java:onNext(255)) - client-83AFC0B42279->fd4515e9-84f2-4741-b1f5-a9247145a2ac: receive RaftClientReply:client-83AFC0B42279->fd4515e9-84f2-4741-b1f5-a9247145a2ac@group-E2152A48AE85, cid=2857, SUCCESS, logIndex=4257, commits[fd4515e9-84f2-4741-b1f5-a9247145a2ac:c4257, 2e3e112c-ad01-4834-a07e-d6d8a7947632:c4255, dfee02f7-0d20-4e08-8ecd-ebe087394a07:c4255]
2019-07-08 20:09:45,043 INFO  client.GrpcClientProtocolClient (GrpcClientProtocolClient.java:onNext(255)) - client-83AFC0B42279->fd4515e9-84f2-4741-b1f5-a9247145a2ac: receive RaftClientReply:client-83AFC0B42279->fd4515e9-84f2-4741-b1f5-a9247145a2ac@group-E2152A48AE85, cid=2858, SUCCESS, logIndex=4260, commits[fd4515e9-84f2-4741-b1f5-a9247145a2ac:c4260, 2e3e112c-ad01-4834-a07e-d6d8a7947632:c4257, dfee02f7-0d20-4e08-8ecd-ebe087394a07:c4257]
2019-07-08 20:09:45,043 INFO  client.GrpcClientProtocolClient (GrpcClientProtocolClient.java:onNext(255)) - client-83AFC0B42279->fd4515e9-84f2-4741-b1f5-a9247145a2ac: receive RaftClientReply:client-83AFC0B42279->fd4515e9-84f2-4741-b1f5-a9247145a2ac@group-E2152A48AE85, cid=2859, SUCCESS, logIndex=4261, commits[fd4515e9-84f2-4741-b1f5-a9247145a2ac:c4261, 2e3e112c-ad01-4834-a07e-d6d8a7947632:c4257, dfee02f7-0d20-4e08-8ecd-ebe087394a07:c4257]
2019-07-08 20:09:45,058 INFO  client.GrpcClientProtocolClient (GrpcClientProtocolClient.java:onNext(255)) - client-83AFC0B42279->fd4515e9-84f2-4741-b1f5-a9247145a2ac: receive RaftClientReply:client-83AFC0B42279->fd4515e9-84f2-4741-b1f5-a9247145a2ac@group-E2152A48AE85, cid=2860, SUCCESS, logIndex=0, commits[fd4515e9-84f2-4741-b1f5-a9247145a2ac:c4263, 2e3e112c-ad01-4834-a07e-d6d8a7947632:c4261, dfee02f7-0d20-4e08-8ecd-ebe087394a07:c4261]
2019-07-08 20:09:45,100 INFO  client.GrpcClientProtocolClient (GrpcClientProtocolClient.java:onNext(255)) - client-83AFC0B42279->fd4515e9-84f2-4741-b1f5-a9247145a2ac: receive RaftClientReply:client-83AFC0B42279->fd4515e9-84f2-4741-b1f5-a9247145a2ac@group-E2152A48AE85, cid=2861, SUCCESS, logIndex=4264, commits[fd4515e9-84f2-4741-b1f5-a9247145a2ac:c4265, 2e3e112c-ad01-4834-a07e-d6d8a7947632:c4263, dfee02f7-0d20-4e08-8ecd-ebe087394a07:c4263]
2019-07-08 20:09:45,100 INFO  client.GrpcClientProtocolClient (GrpcClientProtocolClient.java:onNext(255)) - client-83AFC0B42279->fd4515e9-84f2-4741-b1f5-a9247145a2ac: receive RaftClientReply:client-83AFC0B42279->fd4515e9-84f2-4741-b1f5-a9247145a2ac@group-E2152A48AE85, cid=2862, SUCCESS, logIndex=4265, commits[fd4515e9-84f2-4741-b1f5-a9247145a2ac:c4266, 2e3e112c-ad01-4834-a07e-d6d8a7947632:c4263, dfee02f7-0d20-4e08-8ecd-ebe087394a07:c4263]
2019-07-08 20:09:45,101 INFO  client.GrpcClientProtocolClient (GrpcClientProtocolClient.java:onNext(255)) - client-83AFC0B42279->fd4515e9-84f2-4741-b1f5-a9247145a2ac: receive RaftClientReply:client-83AFC0B42279->fd4515e9-84f2-4741-b1f5-a9247145a2ac@group-E2152A48AE85, cid=2863, SUCCESS, logIndex=4266, commits[fd4515e9-84f2-4741-b1f5-a9247145a2ac:c4267, 2e3e112c-ad01-4834-a07e-d6d8a7947632:c4263, dfee02f7-0d20-4e08-8ecd-ebe087394a07:c4263]
2019-07-08 20:09:45,101 INFO  client.GrpcClientProtocolClient (GrpcClientProtocolClient.java:onNext(255)) - client-83AFC0B42279->fd4515e9-84f2-4741-b1f5-a9247145a2ac: receive RaftClientReply:client-83AFC0B42279->fd4515e9-84f2-4741-b1f5-a9247145a2ac@group-E2152A48AE85, cid=2864, SUCCESS, logIndex=4267, commits[fd4515e9-84f2-4741-b1f5-a9247145a2ac:c4267, 2e3e112c-ad01-4834-a07e-d6d8a7947632:c4263, dfee02f7-0d20-4e08-8ecd-ebe087394a07:c4263]
2019-07-08 20:09:45,113 INFO  client.GrpcClientProtocolClient (GrpcClientProtocolClient.java:onNext(255)) - client-83AFC0B42279->fd4515e9-84f2-4741-b1f5-a9247145a2ac: receive RaftClientReply:client-83AFC0B42279->fd4515e9-84f2-4741-b1f5-a9247145a2ac@group-E2152A48AE85, cid=2865, SUCCESS, logIndex=0, commits[fd4515e9-84f2-4741-b1f5-a9247145a2ac:c4269, 2e3e112c-ad01-4834-a07e-d6d8a7947632:c4265, dfee02f7-0d20-4e08-8ecd-ebe087394a07:c4265]
 0.00% |█                                                                                                    |  0/1 Time: 0:00:242019-07-08 20:09:45,134 INFO  client.GrpcClientProtocolClient (GrpcClientProtocolClient.java:onNext(255)) - client-83AFC0B42279->fd4515e9-84f2-4741-b1f5-a9247145a2ac: receive RaftClientReply:client-83AFC0B42279->fd4515e9-84f2-4741-b1f5-a9247145a2ac@group-E2152A48AE85, cid=2866, SUCCESS, logIndex=4272, commits[fd4515e9-84f2-4741-b1f5-a9247145a2ac:c4273, 2e3e112c-ad01-4834-a07e-d6d8a7947632:c4271, dfee02f7-0d20-4e08-8ecd-ebe087394a07:c4271]
2019-07-08 20:09:45,134 INFO  client.GrpcClientProtocolClient (GrpcClientProtocolClient.java:onNext(255)) - client-83AFC0B42279->fd4515e9-84f2-4741-b1f5-a9247145a2ac: receive RaftClientReply:client-83AFC0B42279->fd4515e9-84f2-4741-b1f5-a9247145a2ac@group-E2152A48AE85, cid=2867, SUCCESS, logIndex=4273, commits[fd4515e9-84f2-4741-b1f5-a9247145a2ac:c4273, 2e3e112c-ad01-4834-a07e-d6d8a7947632:c4271, dfee02f7-0d20-4e08-8ecd-ebe087394a07:c4271]
2019-07-08 20:09:45,158 INFO  client.GrpcClientProtocolClient (GrpcClientProtocolClient.java:onNext(255)) - client-83AFC0B42279->fd4515e9-84f2-4741-b1f5-a9247145a2ac: receive RaftClientReply:client-83AFC0B42279->fd4515e9-84f2-4741-b1f5-a9247145a2ac@group-E2152A48AE85, cid=2868, SUCCESS, logIndex=4276, commits[fd4515e9-84f2-4741-b1f5-a9247145a2ac:c4276, 2e3e112c-ad01-4834-a07e-d6d8a7947632:c4273, dfee02f7-0d20-4e08-8ecd-ebe087394a07:c4273]
2019-07-08 20:09:45,159 INFO  client.GrpcClientProtocolClient (GrpcClientProtocolClient.java:onNext(255)) - client-83AFC0B42279->fd4515e9-84f2-4741-b1f5-a9247145a2ac: receive RaftClientReply:client-83AFC0B42279->fd4515e9-84f2-4741-b1f5-a9247145a2ac@group-E2152A48AE85, cid=2869, SUCCESS, logIndex=4277, commits[fd4515e9-84f2-4741-b1f5-a9247145a2ac:c4277, 2e3e112c-ad01-4834-a07e-d6d8a7947632:c4273, dfee02f7-0d20-4e08-8ecd-ebe087394a07:c4273]
2019-07-08 20:09:45,195 INFO  client.GrpcClientProtocolClient (GrpcClientProtocolClient.java:onNext(255)) - client-83AFC0B42279->fd4515e9-84f2-4741-b1f5-a9247145a2ac: receive RaftClientReply:client-83AFC0B42279->fd4515e9-84f2-4741-b1f5-a9247145a2ac@group-E2152A48AE85, cid=2870, SUCCESS, logIndex=0, commits[fd4515e9-84f2-4741-b1f5-a9247145a2ac:c4279, 2e3e112c-ad01-4834-a07e-d6d8a7947632:c4277, dfee02f7-0d20-4e08-8ecd-ebe087394a07:c4277]
2019-07-08 20:09:45,281 INFO  client.GrpcClientProtocolClient (GrpcClientProtocolClient.java:onNext(255)) - client-83AFC0B42279->fd4515e9-84f2-4741-b1f5-a9247145a2ac: receive RaftClientReply:client-83AFC0B42279->fd4515e9-84f2-4741-b1f5-a9247145a2ac@group-E2152A48AE85, cid=2871, SUCCESS, logIndex=4280, commits[fd4515e9-84f2-4741-b1f5-a9247145a2ac:c4281, 2e3e112c-ad01-4834-a07e-d6d8a7947632:c4279, dfee02f7-0d20-4e08-8ecd-ebe087394a07:c4277]
2019-07-08 20:09:45,282 INFO  client.GrpcClientProtocolClient (GrpcClientProtocolClient.java:onNext(255)) - client-83AFC0B42279->fd4515e9-84f2-4741-b1f5-a9247145a2ac: receive RaftClientReply:client-83AFC0B42279->fd4515e9-84f2-4741-b1f5-a9247145a2ac@group-E2152A48AE85, cid=2872, SUCCESS, logIndex=4281, commits[fd4515e9-84f2-4741-b1f5-a9247145a2ac:c4283, 2e3e112c-ad01-4834-a07e-d6d8a7947632:c4279, dfee02f7-0d20-4e08-8ecd-ebe087394a07:c4279]
2019-07-08 20:09:45,282 INFO  client.GrpcClientProtocolClient (GrpcClientProtocolClient.java:onNext(255)) - client-83AFC0B42279->fd4515e9-84f2-4741-b1f5-a9247145a2ac: receive RaftClientReply:client-83AFC0B42279->fd4515e9-84f2-4741-b1f5-a9247145a2ac@group-E2152A48AE85, cid=2873, SUCCESS, logIndex=4282, commits[fd4515e9-84f2-4741-b1f5-a9247145a2ac:c4283, 2e3e112c-ad01-4834-a07e-d6d8a7947632:c4279, dfee02f7-0d20-4e08-8ecd-ebe087394a07:c4279]
2019-07-08 20:09:45,283 INFO  client.GrpcClientProtocolClient (GrpcClientProtocolClient.java:onNext(255)) - client-83AFC0B42279->fd4515e9-84f2-4741-b1f5-a9247145a2ac: receive RaftClientReply:client-83AFC0B42279->fd4515e9-84f2-4741-b1f5-a9247145a2ac@group-E2152A48AE85, cid=2874, SUCCESS, logIndex=4283, commits[fd4515e9-84f2-4741-b1f5-a9247145a2ac:c4283, 2e3e112c-ad01-4834-a07e-d6d8a7947632:c4279, dfee02f7-0d20-4e08-8ecd-ebe087394a07:c4279]
2019-07-08 20:09:45,292 INFO  client.GrpcClientProtocolClient (GrpcClientProtocolClient.java:onNext(255)) - client-83AFC0B42279->fd4515e9-84f2-4741-b1f5-a9247145a2ac: receive RaftClientReply:client-83AFC0B42279->fd4515e9-84f2-4741-b1f5-a9247145a2ac@group-E2152A48AE85, cid=2875, SUCCESS, logIndex=0, commits[fd4515e9-84f2-4741-b1f5-a9247145a2ac:c4284, 2e3e112c-ad01-4834-a07e-d6d8a7947632:c4281, dfee02f7-0d20-4e08-8ecd-ebe087394a07:c4281]
2019-07-08 20:09:45,316 INFO  client.GrpcClientProtocolClient (GrpcClientProtocolClient.java:onNext(255)) - client-83AFC0B42279->fd4515e9-84f2-4741-b1f5-a9247145a2ac: receive RaftClientReply:client-83AFC0B42279->fd4515e9-84f2-4741-b1f5-a9247145a2ac@group-E2152A48AE85, cid=2876, SUCCESS, logIndex=4287, commits[fd4515e9-84f2-4741-b1f5-a9247145a2ac:c4288, 2e3e112c-ad01-4834-a07e-d6d8a7947632:c4286, dfee02f7-0d20-4e08-8ecd-ebe087394a07:c4286]
2019-07-08 20:09:45,317 INFO  client.GrpcClientProtocolClient (GrpcClientProtocolClient.java:onNext(255)) - client-83AFC0B42279->fd4515e9-84f2-4741-b1f5-a9247145a2ac: receive RaftClientReply:client-83AFC0B42279->fd4515e9-84f2-4741-b1f5-a9247145a2ac@group-E2152A48AE85, cid=2877, SUCCESS, logIndex=4288, commits[fd4515e9-84f2-4741-b1f5-a9247145a2ac:c4288, 2e3e112c-ad01-4834-a07e-d6d8a7947632:c4286, dfee02f7-0d20-4e08-8ecd-ebe087394a07:c4286]
2019-07-08 20:09:45,338 INFO  client.GrpcClientProtocolClient (GrpcClientProtocolClient.java:onNext(255)) - client-83AFC0B42279->fd4515e9-84f2-4741-b1f5-a9247145a2ac: receive RaftClientReply:client-83AFC0B42279->fd4515e9-84f2-4741-b1f5-a9247145a2ac@group-E2152A48AE85, cid=2878, SUCCESS, logIndex=4291, commits[fd4515e9-84f2-4741-b1f5-a9247145a2ac:c4291, 2e3e112c-ad01-4834-a07e-d6d8a7947632:c4287, dfee02f7-0d20-4e08-8ecd-ebe087394a07:c4288]
2019-07-08 20:09:45,339 INFO  client.GrpcClientProtocolClient (GrpcClientProtocolClient.java:onNext(255)) - client-83AFC0B42279->fd4515e9-84f2-4741-b1f5-a9247145a2ac: receive RaftClientReply:client-83AFC0B42279->fd4515e9-84f2-4741-b1f5-a9247145a2ac@group-E2152A48AE85, cid=2879, SUCCESS, logIndex=4292, commits[fd4515e9-84f2-4741-b1f5-a9247145a2ac:c4292, 2e3e112c-ad01-4834-a07e-d6d8a7947632:c4288, dfee02f7-0d20-4e08-8ecd-ebe087394a07:c4288]
2019-07-08 20:09:45,341 INFO  client.GrpcClientProtocolClient (GrpcClientProtocolClient.java:onNext(255)) - client-83AFC0B42279->fd4515e9-84f2-4741-b1f5-a9247145a2ac: receive RaftClientReply:client-83AFC0B42279->fd4515e9-84f2-4741-b1f5-a9247145a2ac@group-E2152A48AE85, cid=2880, SUCCESS, logIndex=0, commits[fd4515e9-84f2-4741-b1f5-a9247145a2ac:c4293, 2e3e112c-ad01-4834-a07e-d6d8a7947632:c4292, dfee02f7-0d20-4e08-8ecd-ebe087394a07:c4292]
2019-07-08 20:09:45,367 INFO  client.GrpcClientProtocolClient (GrpcClientProtocolClient.java:onNext(255)) - client-83AFC0B42279->fd4515e9-84f2-4741-b1f5-a9247145a2ac: receive RaftClientReply:client-83AFC0B42279->fd4515e9-84f2-4741-b1f5-a9247145a2ac@group-E2152A48AE85, cid=2881, SUCCESS, logIndex=4295, commits[fd4515e9-84f2-4741-b1f5-a9247145a2ac:c4296, 2e3e112c-ad01-4834-a07e-d6d8a7947632:c4294, dfee02f7-0d20-4e08-8ecd-ebe087394a07:c4294]
2019-07-08 20:09:45,368 INFO  client.GrpcClientProtocolClient (GrpcClientProtocolClient.java:onNext(255)) - client-83AFC0B42279->fd4515e9-84f2-4741-b1f5-a9247145a2ac: receive RaftClientReply:client-83AFC0B42279->fd4515e9-84f2-4741-b1f5-a9247145a2ac@group-E2152A48AE85, cid=2882, SUCCESS, logIndex=4296, commits[fd4515e9-84f2-4741-b1f5-a9247145a2ac:c4296, 2e3e112c-ad01-4834-a07e-d6d8a7947632:c4294, dfee02f7-0d20-4e08-8ecd-ebe087394a07:c4294]
2019-07-08 20:09:45,380 INFO  client.GrpcClientProtocolClient (GrpcClientProtocolClient.java:onNext(255)) - client-83AFC0B42279->fd4515e9-84f2-4741-b1f5-a9247145a2ac: receive RaftClientReply:client-83AFC0B42279->fd4515e9-84f2-4741-b1f5-a9247145a2ac@group-E2152A48AE85, cid=2883, SUCCESS, logIndex=4297, commits[fd4515e9-84f2-4741-b1f5-a9247145a2ac:c4298, 2e3e112c-ad01-4834-a07e-d6d8a7947632:c4294, dfee02f7-0d20-4e08-8ecd-ebe087394a07:c4294]
2019-07-08 20:09:45,380 INFO  client.GrpcClientProtocolClient (GrpcClientProtocolClient.java:onNext(255)) - client-83AFC0B42279->fd4515e9-84f2-4741-b1f5-a9247145a2ac: receive RaftClientReply:client-83AFC0B42279->fd4515e9-84f2-4741-b1f5-a9247145a2ac@group-E2152A48AE85, cid=2884, SUCCESS, logIndex=4298, commits[fd4515e9-84f2-4741-b1f5-a9247145a2ac:c4298, 2e3e112c-ad01-4834-a07e-d6d8a7947632:c4294, dfee02f7-0d20-4e08-8ecd-ebe087394a07:c4294]
2019-07-08 20:09:45,382 INFO  client.GrpcClientProtocolClient (GrpcClientProtocolClient.java:onNext(255)) - client-83AFC0B42279->fd4515e9-84f2-4741-b1f5-a9247145a2ac: receive RaftClientReply:client-83AFC0B42279->fd4515e9-84f2-4741-b1f5-a9247145a2ac@group-E2152A48AE85, cid=2885, SUCCESS, logIndex=0, commits[fd4515e9-84f2-4741-b1f5-a9247145a2ac:c4300, 2e3e112c-ad01-4834-a07e-d6d8a7947632:c4296, dfee02f7-0d20-4e08-8ecd-ebe087394a07:c4296]
2019-07-08 20:09:45,394 INFO  client.GrpcClientProtocolClient (GrpcClientProtocolClient.java:onNext(255)) - client-83AFC0B42279->fd4515e9-84f2-4741-b1f5-a9247145a2ac: receive RaftClientReply:client-83AFC0B42279->fd4515e9-84f2-4741-b1f5-a9247145a2ac@group-E2152A48AE85, cid=2886, SUCCESS, logIndex=4303, commits[fd4515e9-84f2-4741-b1f5-a9247145a2ac:c4304, 2e3e112c-ad01-4834-a07e-d6d8a7947632:c4298, dfee02f7-0d20-4e08-8ecd-ebe087394a07:c4300]
2019-07-08 20:09:45,395 INFO  client.GrpcClientProtocolClient (GrpcClientProtocolClient.java:onNext(255)) - client-83AFC0B42279->fd4515e9-84f2-4741-b1f5-a9247145a2ac: receive RaftClientReply:client-83AFC0B42279->fd4515e9-84f2-4741-b1f5-a9247145a2ac@group-E2152A48AE85, cid=2887, SUCCESS, logIndex=4304, commits[fd4515e9-84f2-4741-b1f5-a9247145a2ac:c4304, 2e3e112c-ad01-4834-a07e-d6d8a7947632:c4298, dfee02f7-0d20-4e08-8ecd-ebe087394a07:c4300]
2019-07-08 20:09:45,411 INFO  client.GrpcClientProtocolClient (GrpcClientProtocolClient.java:onNext(255)) - client-83AFC0B42279->fd4515e9-84f2-4741-b1f5-a9247145a2ac: receive RaftClientReply:client-83AFC0B42279->fd4515e9-84f2-4741-b1f5-a9247145a2ac@group-E2152A48AE85, cid=2888, SUCCESS, logIndex=4307, commits[fd4515e9-84f2-4741-b1f5-a9247145a2ac:c4308, 2e3e112c-ad01-4834-a07e-d6d8a7947632:c4304, dfee02f7-0d20-4e08-8ecd-ebe087394a07:c4304]
2019-07-08 20:09:45,411 INFO  client.GrpcClientProtocolClient (GrpcClientProtocolClient.java:onNext(255)) - client-83AFC0B42279->fd4515e9-84f2-4741-b1f5-a9247145a2ac: receive RaftClientReply:client-83AFC0B42279->fd4515e9-84f2-4741-b1f5-a9247145a2ac@group-E2152A48AE85, cid=2889, SUCCESS, logIndex=4308, commits[fd4515e9-84f2-4741-b1f5-a9247145a2ac:c4308, 2e3e112c-ad01-4834-a07e-d6d8a7947632:c4304, dfee02f7-0d20-4e08-8ecd-ebe087394a07:c4304]
2019-07-08 20:09:45,423 INFO  client.GrpcClientProtocolClient (GrpcClientProtocolClient.java:onNext(255)) - client-83AFC0B42279->fd4515e9-84f2-4741-b1f5-a9247145a2ac: receive RaftClientReply:client-83AFC0B42279->fd4515e9-84f2-4741-b1f5-a9247145a2ac@group-E2152A48AE85, cid=2890, SUCCESS, logIndex=0, commits[fd4515e9-84f2-4741-b1f5-a9247145a2ac:c4309, 2e3e112c-ad01-4834-a07e-d6d8a7947632:c4308, dfee02f7-0d20-4e08-8ecd-ebe087394a07:c4308]
2019-07-08 20:09:45,444 INFO  client.GrpcClientProtocolClient (GrpcClientProtocolClient.java:onNext(255)) - client-83AFC0B42279->fd4515e9-84f2-4741-b1f5-a9247145a2ac: receive RaftClientReply:client-83AFC0B42279->fd4515e9-84f2-4741-b1f5-a9247145a2ac@group-E2152A48AE85, cid=2891, SUCCESS, logIndex=4310, commits[fd4515e9-84f2-4741-b1f5-a9247145a2ac:c4311, 2e3e112c-ad01-4834-a07e-d6d8a7947632:c4309, dfee02f7-0d20-4e08-8ecd-ebe087394a07:c4309]
2019-07-08 20:09:45,445 INFO  client.GrpcClientProtocolClient (GrpcClientProtocolClient.java:onNext(255)) - client-83AFC0B42279->fd4515e9-84f2-4741-b1f5-a9247145a2ac: receive RaftClientReply:client-83AFC0B42279->fd4515e9-84f2-4741-b1f5-a9247145a2ac@group-E2152A48AE85, cid=2892, SUCCESS, logIndex=4311, commits[fd4515e9-84f2-4741-b1f5-a9247145a2ac:c4311, 2e3e112c-ad01-4834-a07e-d6d8a7947632:c4309, dfee02f7-0d20-4e08-8ecd-ebe087394a07:c4309]
2019-07-08 20:09:45,458 INFO  client.GrpcClientProtocolClient (GrpcClientProtocolClient.java:onNext(255)) - client-83AFC0B42279->fd4515e9-84f2-4741-b1f5-a9247145a2ac: receive RaftClientReply:client-83AFC0B42279->fd4515e9-84f2-4741-b1f5-a9247145a2ac@group-E2152A48AE85, cid=2893, SUCCESS, logIndex=4312, commits[fd4515e9-84f2-4741-b1f5-a9247145a2ac:c4313, 2e3e112c-ad01-4834-a07e-d6d8a7947632:c4309, dfee02f7-0d20-4e08-8ecd-ebe087394a07:c4309]
2019-07-08 20:09:45,458 INFO  client.GrpcClientProtocolClient (GrpcClientProtocolClient.java:onNext(255)) - client-83AFC0B42279->fd4515e9-84f2-4741-b1f5-a9247145a2ac: receive RaftClientReply:client-83AFC0B42279->fd4515e9-84f2-4741-b1f5-a9247145a2ac@group-E2152A48AE85, cid=2894, SUCCESS, logIndex=4313, commits[fd4515e9-84f2-4741-b1f5-a9247145a2ac:c4314, 2e3e112c-ad01-4834-a07e-d6d8a7947632:c4310, dfee02f7-0d20-4e08-8ecd-ebe087394a07:c4311]
2019-07-08 20:09:45,459 INFO  client.GrpcClientProtocolClient (GrpcClientProtocolClient.java:onNext(255)) - client-83AFC0B42279->fd4515e9-84f2-4741-b1f5-a9247145a2ac: receive RaftClientReply:client-83AFC0B42279->fd4515e9-84f2-4741-b1f5-a9247145a2ac@group-E2152A48AE85, cid=2895, SUCCESS, logIndex=0, commits[fd4515e9-84f2-4741-b1f5-a9247145a2ac:c4316, 2e3e112c-ad01-4834-a07e-d6d8a7947632:c4311, dfee02f7-0d20-4e08-8ecd-ebe087394a07:c4313]
2019-07-08 20:09:45,474 INFO  client.GrpcClientProtocolClient (GrpcClientProtocolClient.java:onNext(255)) - client-83AFC0B42279->fd4515e9-84f2-4741-b1f5-a9247145a2ac: receive RaftClientReply:client-83AFC0B42279->fd4515e9-84f2-4741-b1f5-a9247145a2ac@group-E2152A48AE85, cid=2896, SUCCESS, logIndex=4318, commits[fd4515e9-84f2-4741-b1f5-a9247145a2ac:c4319, 2e3e112c-ad01-4834-a07e-d6d8a7947632:c4317, dfee02f7-0d20-4e08-8ecd-ebe087394a07:c4317]
2019-07-08 20:09:45,475 INFO  client.GrpcClientProtocolClient (GrpcClientProtocolClient.java:onNext(255)) - client-83AFC0B42279->fd4515e9-84f2-4741-b1f5-a9247145a2ac: receive RaftClientReply:client-83AFC0B42279->fd4515e9-84f2-4741-b1f5-a9247145a2ac@group-E2152A48AE85, cid=2897, SUCCESS, logIndex=4319, commits[fd4515e9-84f2-4741-b1f5-a9247145a2ac:c4319, 2e3e112c-ad01-4834-a07e-d6d8a7947632:c4317, dfee02f7-0d20-4e08-8ecd-ebe087394a07:c4317]
2019-07-08 20:09:45,490 INFO  client.GrpcClientProtocolClient (GrpcClientProtocolClient.java:onNext(255)) - client-83AFC0B42279->fd4515e9-84f2-4741-b1f5-a9247145a2ac: receive RaftClientReply:client-83AFC0B42279->fd4515e9-84f2-4741-b1f5-a9247145a2ac@group-E2152A48AE85, cid=2898, SUCCESS, logIndex=4322, commits[fd4515e9-84f2-4741-b1f5-a9247145a2ac:c4323, 2e3e112c-ad01-4834-a07e-d6d8a7947632:c4319, dfee02f7-0d20-4e08-8ecd-ebe087394a07:c4319]
2019-07-08 20:09:45,490 INFO  client.GrpcClientProtocolClient (GrpcClientProtocolClient.java:onNext(255)) - client-83AFC0B42279->fd4515e9-84f2-4741-b1f5-a9247145a2ac: receive RaftClientReply:client-83AFC0B42279->fd4515e9-84f2-4741-b1f5-a9247145a2ac@group-E2152A48AE85, cid=2899, SUCCESS, logIndex=4323, commits[fd4515e9-84f2-4741-b1f5-a9247145a2ac:c4323, 2e3e112c-ad01-4834-a07e-d6d8a7947632:c4319, dfee02f7-0d20-4e08-8ecd-ebe087394a07:c4319]
2019-07-08 20:09:45,499 INFO  client.GrpcClientProtocolClient (GrpcClientProtocolClient.java:onNext(255)) - client-83AFC0B42279->fd4515e9-84f2-4741-b1f5-a9247145a2ac: receive RaftClientReply:client-83AFC0B42279->fd4515e9-84f2-4741-b1f5-a9247145a2ac@group-E2152A48AE85, cid=2900, SUCCESS, logIndex=0, commits[fd4515e9-84f2-4741-b1f5-a9247145a2ac:c4323, 2e3e112c-ad01-4834-a07e-d6d8a7947632:c4323, dfee02f7-0d20-4e08-8ecd-ebe087394a07:c4323]
2019-07-08 20:09:45,536 INFO  client.GrpcClientProtocolClient (GrpcClientProtocolClient.java:onNext(255)) - client-83AFC0B42279->fd4515e9-84f2-4741-b1f5-a9247145a2ac: receive RaftClientReply:client-83AFC0B42279->fd4515e9-84f2-4741-b1f5-a9247145a2ac@group-E2152A48AE85, cid=2901, SUCCESS, logIndex=4326, commits[fd4515e9-84f2-4741-b1f5-a9247145a2ac:c4327, 2e3e112c-ad01-4834-a07e-d6d8a7947632:c4325, dfee02f7-0d20-4e08-8ecd-ebe087394a07:c4325]
2019-07-08 20:09:45,536 INFO  client.GrpcClientProtocolClient (GrpcClientProtocolClient.java:onNext(255)) - client-83AFC0B42279->fd4515e9-84f2-4741-b1f5-a9247145a2ac: receive RaftClientReply:client-83AFC0B42279->fd4515e9-84f2-4741-b1f5-a9247145a2ac@group-E2152A48AE85, cid=2902, SUCCESS, logIndex=4327, commits[fd4515e9-84f2-4741-b1f5-a9247145a2ac:c4327, 2e3e112c-ad01-4834-a07e-d6d8a7947632:c4325, dfee02f7-0d20-4e08-8ecd-ebe087394a07:c4325]
2019-07-08 20:09:45,537 INFO  client.GrpcClientProtocolClient (GrpcClientProtocolClient.java:onNext(255)) - client-83AFC0B42279->fd4515e9-84f2-4741-b1f5-a9247145a2ac: receive RaftClientReply:client-83AFC0B42279->fd4515e9-84f2-4741-b1f5-a9247145a2ac@group-E2152A48AE85, cid=2903, SUCCESS, logIndex=4328, commits[fd4515e9-84f2-4741-b1f5-a9247145a2ac:c4329, 2e3e112c-ad01-4834-a07e-d6d8a7947632:c4325, dfee02f7-0d20-4e08-8ecd-ebe087394a07:c4325]
2019-07-08 20:09:45,537 INFO  client.GrpcClientProtocolClient (GrpcClientProtocolClient.java:onNext(255)) - client-83AFC0B42279->fd4515e9-84f2-4741-b1f5-a9247145a2ac: receive RaftClientReply:client-83AFC0B42279->fd4515e9-84f2-4741-b1f5-a9247145a2ac@group-E2152A48AE85, cid=2904, SUCCESS, logIndex=4329, commits[fd4515e9-84f2-4741-b1f5-a9247145a2ac:c4329, 2e3e112c-ad01-4834-a07e-d6d8a7947632:c4325, dfee02f7-0d20-4e08-8ecd-ebe087394a07:c4325]
2019-07-08 20:09:45,540 INFO  client.GrpcClientProtocolClient (GrpcClientProtocolClient.java:onNext(255)) - client-83AFC0B42279->fd4515e9-84f2-4741-b1f5-a9247145a2ac: receive RaftClientReply:client-83AFC0B42279->fd4515e9-84f2-4741-b1f5-a9247145a2ac@group-E2152A48AE85, cid=2905, SUCCESS, logIndex=0, commits[fd4515e9-84f2-4741-b1f5-a9247145a2ac:c4332, 2e3e112c-ad01-4834-a07e-d6d8a7947632:c4327, dfee02f7-0d20-4e08-8ecd-ebe087394a07:c4329]
2019-07-08 20:09:45,671 INFO  client.GrpcClientProtocolClient (GrpcClientProtocolClient.java:onNext(255)) - client-83AFC0B42279->fd4515e9-84f2-4741-b1f5-a9247145a2ac: receive RaftClientReply:client-83AFC0B42279->fd4515e9-84f2-4741-b1f5-a9247145a2ac@group-E2152A48AE85, cid=2906, SUCCESS, logIndex=4334, commits[fd4515e9-84f2-4741-b1f5-a9247145a2ac:c4335, 2e3e112c-ad01-4834-a07e-d6d8a7947632:c4332, dfee02f7-0d20-4e08-8ecd-ebe087394a07:c4332]
2019-07-08 20:09:45,672 INFO  client.GrpcClientProtocolClient (GrpcClientProtocolClient.java:onNext(255)) - client-83AFC0B42279->fd4515e9-84f2-4741-b1f5-a9247145a2ac: receive RaftClientReply:client-83AFC0B42279->fd4515e9-84f2-4741-b1f5-a9247145a2ac@group-E2152A48AE85, cid=2907, SUCCESS, logIndex=4335, commits[fd4515e9-84f2-4741-b1f5-a9247145a2ac:c4335, 2e3e112c-ad01-4834-a07e-d6d8a7947632:c4332, dfee02f7-0d20-4e08-8ecd-ebe087394a07:c4332]
2019-07-08 20:09:45,695 INFO  client.GrpcClientProtocolClient (GrpcClientProtocolClient.java:onNext(255)) - client-83AFC0B42279->fd4515e9-84f2-4741-b1f5-a9247145a2ac: receive RaftClientReply:client-83AFC0B42279->fd4515e9-84f2-4741-b1f5-a9247145a2ac@group-E2152A48AE85, cid=2908, SUCCESS, logIndex=4338, commits[fd4515e9-84f2-4741-b1f5-a9247145a2ac:c4339, 2e3e112c-ad01-4834-a07e-d6d8a7947632:c4335, dfee02f7-0d20-4e08-8ecd-ebe087394a07:c4334]
2019-07-08 20:09:45,695 INFO  client.GrpcClientProtocolClient (GrpcClientProtocolClient.java:onNext(255)) - client-83AFC0B42279->fd4515e9-84f2-4741-b1f5-a9247145a2ac: receive RaftClientReply:client-83AFC0B42279->fd4515e9-84f2-4741-b1f5-a9247145a2ac@group-E2152A48AE85, cid=2909, SUCCESS, logIndex=4339, commits[fd4515e9-84f2-4741-b1f5-a9247145a2ac:c4339, 2e3e112c-ad01-4834-a07e-d6d8a7947632:c4335, dfee02f7-0d20-4e08-8ecd-ebe087394a07:c4335]
2019-07-08 20:09:45,722 INFO  client.GrpcClientProtocolClient (GrpcClientProtocolClient.java:onNext(255)) - client-83AFC0B42279->fd4515e9-84f2-4741-b1f5-a9247145a2ac: receive RaftClientReply:client-83AFC0B42279->fd4515e9-84f2-4741-b1f5-a9247145a2ac@group-E2152A48AE85, cid=2910, SUCCESS, logIndex=0, commits[fd4515e9-84f2-4741-b1f5-a9247145a2ac:c4341, 2e3e112c-ad01-4834-a07e-d6d8a7947632:c4339, dfee02f7-0d20-4e08-8ecd-ebe087394a07:c4339]
2019-07-08 20:09:45,755 INFO  client.GrpcClientProtocolClient (GrpcClientProtocolClient.java:onNext(255)) - client-83AFC0B42279->fd4515e9-84f2-4741-b1f5-a9247145a2ac: receive RaftClientReply:client-83AFC0B42279->fd4515e9-84f2-4741-b1f5-a9247145a2ac@group-E2152A48AE85, cid=2911, SUCCESS, logIndex=4342, commits[fd4515e9-84f2-4741-b1f5-a9247145a2ac:c4343, 2e3e112c-ad01-4834-a07e-d6d8a7947632:c4341, dfee02f7-0d20-4e08-8ecd-ebe087394a07:c4341]
2019-07-08 20:09:45,755 INFO  client.GrpcClientProtocolClient (GrpcClientProtocolClient.java:onNext(255)) - client-83AFC0B42279->fd4515e9-84f2-4741-b1f5-a9247145a2ac: receive RaftClientReply:client-83AFC0B42279->fd4515e9-84f2-4741-b1f5-a9247145a2ac@group-E2152A48AE85, cid=2912, SUCCESS, logIndex=4343, commits[fd4515e9-84f2-4741-b1f5-a9247145a2ac:c4343, 2e3e112c-ad01-4834-a07e-d6d8a7947632:c4341, dfee02f7-0d20-4e08-8ecd-ebe087394a07:c4341]
2019-07-08 20:09:45,783 INFO  client.GrpcClientProtocolClient (GrpcClientProtocolClient.java:onNext(255)) - client-83AFC0B42279->fd4515e9-84f2-4741-b1f5-a9247145a2ac: receive RaftClientReply:client-83AFC0B42279->fd4515e9-84f2-4741-b1f5-a9247145a2ac@group-E2152A48AE85, cid=2913, SUCCESS, logIndex=4344, commits[fd4515e9-84f2-4741-b1f5-a9247145a2ac:c4345, 2e3e112c-ad01-4834-a07e-d6d8a7947632:c4341, dfee02f7-0d20-4e08-8ecd-ebe087394a07:c4341]
2019-07-08 20:09:45,783 INFO  client.GrpcClientProtocolClient (GrpcClientProtocolClient.java:onNext(255)) - client-83AFC0B42279->fd4515e9-84f2-4741-b1f5-a9247145a2ac: receive RaftClientReply:client-83AFC0B42279->fd4515e9-84f2-4741-b1f5-a9247145a2ac@group-E2152A48AE85, cid=2914, SUCCESS, logIndex=4345, commits[fd4515e9-84f2-4741-b1f5-a9247145a2ac:c4345, 2e3e112c-ad01-4834-a07e-d6d8a7947632:c4341, dfee02f7-0d20-4e08-8ecd-ebe087394a07:c4341]
2019-07-08 20:09:45,785 INFO  client.GrpcClientProtocolClient (GrpcClientProtocolClient.java:onNext(255)) - client-83AFC0B42279->fd4515e9-84f2-4741-b1f5-a9247145a2ac: receive RaftClientReply:client-83AFC0B42279->fd4515e9-84f2-4741-b1f5-a9247145a2ac@group-E2152A48AE85, cid=2915, SUCCESS, logIndex=0, commits[fd4515e9-84f2-4741-b1f5-a9247145a2ac:c4347, 2e3e112c-ad01-4834-a07e-d6d8a7947632:c4343, dfee02f7-0d20-4e08-8ecd-ebe087394a07:c4343]
2019-07-08 20:09:45,811 INFO  client.GrpcClientProtocolClient (GrpcClientProtocolClient.java:onNext(255)) - client-83AFC0B42279->fd4515e9-84f2-4741-b1f5-a9247145a2ac: receive RaftClientReply:client-83AFC0B42279->fd4515e9-84f2-4741-b1f5-a9247145a2ac@group-E2152A48AE85, cid=2916, SUCCESS, logIndex=4350, commits[fd4515e9-84f2-4741-b1f5-a9247145a2ac:c4351, 2e3e112c-ad01-4834-a07e-d6d8a7947632:c4345, dfee02f7-0d20-4e08-8ecd-ebe087394a07:c4347]
2019-07-08 20:09:45,811 INFO  client.GrpcClientProtocolClient (GrpcClientProtocolClient.java:onNext(255)) - client-83AFC0B42279->fd4515e9-84f2-4741-b1f5-a9247145a2ac: receive RaftClientReply:client-83AFC0B42279->fd4515e9-84f2-4741-b1f5-a9247145a2ac@group-E2152A48AE85, cid=2917, SUCCESS, logIndex=4351, commits[fd4515e9-84f2-4741-b1f5-a9247145a2ac:c4351, 2e3e112c-ad01-4834-a07e-d6d8a7947632:c4347, dfee02f7-0d20-4e08-8ecd-ebe087394a07:c4347]
2019-07-08 20:09:45,838 INFO  client.GrpcClientProtocolClient (GrpcClientProtocolClient.java:onNext(255)) - client-83AFC0B42279->fd4515e9-84f2-4741-b1f5-a9247145a2ac: receive RaftClientReply:client-83AFC0B42279->fd4515e9-84f2-4741-b1f5-a9247145a2ac@group-E2152A48AE85, cid=2918, SUCCESS, logIndex=4353, commits[fd4515e9-84f2-4741-b1f5-a9247145a2ac:c4354, 2e3e112c-ad01-4834-a07e-d6d8a7947632:c4351, dfee02f7-0d20-4e08-8ecd-ebe087394a07:c4351]
2019-07-08 20:09:45,838 INFO  client.GrpcClientProtocolClient (GrpcClientProtocolClient.java:onNext(255)) - client-83AFC0B42279->fd4515e9-84f2-4741-b1f5-a9247145a2ac: receive RaftClientReply:client-83AFC0B42279->fd4515e9-84f2-4741-b1f5-a9247145a2ac@group-E2152A48AE85, cid=2919, SUCCESS, logIndex=4354, commits[fd4515e9-84f2-4741-b1f5-a9247145a2ac:c4354, 2e3e112c-ad01-4834-a07e-d6d8a7947632:c4351, dfee02f7-0d20-4e08-8ecd-ebe087394a07:c4351]
2019-07-08 20:09:45,859 INFO  client.GrpcClientProtocolClient (GrpcClientProtocolClient.java:onNext(255)) - client-83AFC0B42279->fd4515e9-84f2-4741-b1f5-a9247145a2ac: receive RaftClientReply:client-83AFC0B42279->fd4515e9-84f2-4741-b1f5-a9247145a2ac@group-E2152A48AE85, cid=2920, SUCCESS, logIndex=0, commits[fd4515e9-84f2-4741-b1f5-a9247145a2ac:c4356, 2e3e112c-ad01-4834-a07e-d6d8a7947632:c4354, dfee02f7-0d20-4e08-8ecd-ebe087394a07:c4354]
2019-07-08 20:09:45,893 INFO  client.GrpcClientProtocolClient (GrpcClientProtocolClient.java:onNext(255)) - client-83AFC0B42279->fd4515e9-84f2-4741-b1f5-a9247145a2ac: receive RaftClientReply:client-83AFC0B42279->fd4515e9-84f2-4741-b1f5-a9247145a2ac@group-E2152A48AE85, cid=2921, SUCCESS, logIndex=4357, commits[fd4515e9-84f2-4741-b1f5-a9247145a2ac:c4358, 2e3e112c-ad01-4834-a07e-d6d8a7947632:c4356, dfee02f7-0d20-4e08-8ecd-ebe087394a07:c4356]
2019-07-08 20:09:45,894 INFO  client.GrpcClientProtocolClient (GrpcClientProtocolClient.java:onNext(255)) - client-83AFC0B42279->fd4515e9-84f2-4741-b1f5-a9247145a2ac: receive RaftClientReply:client-83AFC0B42279->fd4515e9-84f2-4741-b1f5-a9247145a2ac@group-E2152A48AE85, cid=2922, SUCCESS, logIndex=4358, commits[fd4515e9-84f2-4741-b1f5-a9247145a2ac:c4358, 2e3e112c-ad01-4834-a07e-d6d8a7947632:c4356, dfee02f7-0d20-4e08-8ecd-ebe087394a07:c4356]
2019-07-08 20:09:45,894 INFO  client.GrpcClientProtocolClient (GrpcClientProtocolClient.java:onNext(255)) - client-83AFC0B42279->fd4515e9-84f2-4741-b1f5-a9247145a2ac: receive RaftClientReply:client-83AFC0B42279->fd4515e9-84f2-4741-b1f5-a9247145a2ac@group-E2152A48AE85, cid=2923, SUCCESS, logIndex=4359, commits[fd4515e9-84f2-4741-b1f5-a9247145a2ac:c4360, 2e3e112c-ad01-4834-a07e-d6d8a7947632:c4356, dfee02f7-0d20-4e08-8ecd-ebe087394a07:c4356]
2019-07-08 20:09:45,894 INFO  client.GrpcClientProtocolClient (GrpcClientProtocolClient.java:onNext(255)) - client-83AFC0B42279->fd4515e9-84f2-4741-b1f5-a9247145a2ac: receive RaftClientReply:client-83AFC0B42279->fd4515e9-84f2-4741-b1f5-a9247145a2ac@group-E2152A48AE85, cid=2924, SUCCESS, logIndex=4360, commits[fd4515e9-84f2-4741-b1f5-a9247145a2ac:c4360, 2e3e112c-ad01-4834-a07e-d6d8a7947632:c4356, dfee02f7-0d20-4e08-8ecd-ebe087394a07:c4356]
2019-07-08 20:09:45,908 INFO  client.GrpcClientProtocolClient (GrpcClientProtocolClient.java:onNext(255)) - client-83AFC0B42279->fd4515e9-84f2-4741-b1f5-a9247145a2ac: receive RaftClientReply:client-83AFC0B42279->fd4515e9-84f2-4741-b1f5-a9247145a2ac@group-E2152A48AE85, cid=2925, SUCCESS, logIndex=0, commits[fd4515e9-84f2-4741-b1f5-a9247145a2ac:c4362, 2e3e112c-ad01-4834-a07e-d6d8a7947632:c4358, dfee02f7-0d20-4e08-8ecd-ebe087394a07:c4358]
2019-07-08 20:09:45,928 INFO  client.GrpcClientProtocolClient (GrpcClientProtocolClient.java:onNext(255)) - client-83AFC0B42279->fd4515e9-84f2-4741-b1f5-a9247145a2ac: receive RaftClientReply:client-83AFC0B42279->fd4515e9-84f2-4741-b1f5-a9247145a2ac@group-E2152A48AE85, cid=2926, SUCCESS, logIndex=4365, commits[fd4515e9-84f2-4741-b1f5-a9247145a2ac:c4366, 2e3e112c-ad01-4834-a07e-d6d8a7947632:c4364, dfee02f7-0d20-4e08-8ecd-ebe087394a07:c4364]
2019-07-08 20:09:45,929 INFO  client.GrpcClientProtocolClient (GrpcClientProtocolClient.java:onNext(255)) - client-83AFC0B42279->fd4515e9-84f2-4741-b1f5-a9247145a2ac: receive RaftClientReply:client-83AFC0B42279->fd4515e9-84f2-4741-b1f5-a9247145a2ac@group-E2152A48AE85, cid=2927, SUCCESS, logIndex=4366, commits[fd4515e9-84f2-4741-b1f5-a9247145a2ac:c4366, 2e3e112c-ad01-4834-a07e-d6d8a7947632:c4364, dfee02f7-0d20-4e08-8ecd-ebe087394a07:c4364]
2019-07-08 20:09:45,944 INFO  client.GrpcClientProtocolClient (GrpcClientProtocolClient.java:onNext(255)) - client-83AFC0B42279->fd4515e9-84f2-4741-b1f5-a9247145a2ac: receive RaftClientReply:client-83AFC0B42279->fd4515e9-84f2-4741-b1f5-a9247145a2ac@group-E2152A48AE85, cid=2928, SUCCESS, logIndex=4369, commits[fd4515e9-84f2-4741-b1f5-a9247145a2ac:c4370, 2e3e112c-ad01-4834-a07e-d6d8a7947632:c4366, dfee02f7-0d20-4e08-8ecd-ebe087394a07:c4366]
2019-07-08 20:09:45,944 INFO  client.GrpcClientProtocolClient (GrpcClientProtocolClient.java:onNext(255)) - client-83AFC0B42279->fd4515e9-84f2-4741-b1f5-a9247145a2ac: receive RaftClientReply:client-83AFC0B42279->fd4515e9-84f2-4741-b1f5-a9247145a2ac@group-E2152A48AE85, cid=2929, SUCCESS, logIndex=4370, commits[fd4515e9-84f2-4741-b1f5-a9247145a2ac:c4370, 2e3e112c-ad01-4834-a07e-d6d8a7947632:c4366, dfee02f7-0d20-4e08-8ecd-ebe087394a07:c4366]
2019-07-08 20:09:45,958 INFO  client.GrpcClientProtocolClient (GrpcClientProtocolClient.java:onNext(255)) - client-83AFC0B42279->fd4515e9-84f2-4741-b1f5-a9247145a2ac: receive RaftClientReply:client-83AFC0B42279->fd4515e9-84f2-4741-b1f5-a9247145a2ac@group-E2152A48AE85, cid=2930, SUCCESS, logIndex=0, commits[fd4515e9-84f2-4741-b1f5-a9247145a2ac:c4370, 2e3e112c-ad01-4834-a07e-d6d8a7947632:c4370, dfee02f7-0d20-4e08-8ecd-ebe087394a07:c4370]
2019-07-08 20:09:45,990 INFO  client.GrpcClientProtocolClient (GrpcClientProtocolClient.java:onNext(255)) - client-83AFC0B42279->fd4515e9-84f2-4741-b1f5-a9247145a2ac: receive RaftClientReply:client-83AFC0B42279->fd4515e9-84f2-4741-b1f5-a9247145a2ac@group-E2152A48AE85, cid=2931, SUCCESS, logIndex=4373, commits[fd4515e9-84f2-4741-b1f5-a9247145a2ac:c4374, 2e3e112c-ad01-4834-a07e-d6d8a7947632:c4372, dfee02f7-0d20-4e08-8ecd-ebe087394a07:c4372]
2019-07-08 20:09:45,990 INFO  client.GrpcClientProtocolClient (GrpcClientProtocolClient.java:onNext(255)) - client-83AFC0B42279->fd4515e9-84f2-4741-b1f5-a9247145a2ac: receive RaftClientReply:client-83AFC0B42279->fd4515e9-84f2-4741-b1f5-a9247145a2ac@group-E2152A48AE85, cid=2932, SUCCESS, logIndex=4374, commits[fd4515e9-84f2-4741-b1f5-a9247145a2ac:c4374, 2e3e112c-ad01-4834-a07e-d6d8a7947632:c4372, dfee02f7-0d20-4e08-8ecd-ebe087394a07:c4372]
2019-07-08 20:09:46,002 INFO  client.GrpcClientProtocolClient (GrpcClientProtocolClient.java:onNext(255)) - client-83AFC0B42279->fd4515e9-84f2-4741-b1f5-a9247145a2ac: receive RaftClientReply:client-83AFC0B42279->fd4515e9-84f2-4741-b1f5-a9247145a2ac@group-E2152A48AE85, cid=2933, SUCCESS, logIndex=4375, commits[fd4515e9-84f2-4741-b1f5-a9247145a2ac:c4376, 2e3e112c-ad01-4834-a07e-d6d8a7947632:c4372, dfee02f7-0d20-4e08-8ecd-ebe087394a07:c4372]
2019-07-08 20:09:46,003 INFO  client.GrpcClientProtocolClient (GrpcClientProtocolClient.java:onNext(255)) - client-83AFC0B42279->fd4515e9-84f2-4741-b1f5-a9247145a2ac: receive RaftClientReply:client-83AFC0B42279->fd4515e9-84f2-4741-b1f5-a9247145a2ac@group-E2152A48AE85, cid=2934, SUCCESS, logIndex=4376, commits[fd4515e9-84f2-4741-b1f5-a9247145a2ac:c4376, 2e3e112c-ad01-4834-a07e-d6d8a7947632:c4372, dfee02f7-0d20-4e08-8ecd-ebe087394a07:c4372]
2019-07-08 20:09:46,015 INFO  client.GrpcClientProtocolClient (GrpcClientProtocolClient.java:onNext(255)) - client-83AFC0B42279->fd4515e9-84f2-4741-b1f5-a9247145a2ac: receive RaftClientReply:client-83AFC0B42279->fd4515e9-84f2-4741-b1f5-a9247145a2ac@group-E2152A48AE85, cid=2935, SUCCESS, logIndex=0, commits[fd4515e9-84f2-4741-b1f5-a9247145a2ac:c4377, 2e3e112c-ad01-4834-a07e-d6d8a7947632:c4374, dfee02f7-0d20-4e08-8ecd-ebe087394a07:c4374]
2019-07-08 20:09:46,041 INFO  client.GrpcClientProtocolClient (GrpcClientProtocolClient.java:onNext(255)) - client-83AFC0B42279->fd4515e9-84f2-4741-b1f5-a9247145a2ac: receive RaftClientReply:client-83AFC0B42279->fd4515e9-84f2-4741-b1f5-a9247145a2ac@group-E2152A48AE85, cid=2936, SUCCESS, logIndex=4381, commits[fd4515e9-84f2-4741-b1f5-a9247145a2ac:c4382, 2e3e112c-ad01-4834-a07e-d6d8a7947632:c4378, dfee02f7-0d20-4e08-8ecd-ebe087394a07:c4378]
2019-07-08 20:09:46,042 INFO  client.GrpcClientProtocolClient (GrpcClientProtocolClient.java:onNext(255)) - client-83AFC0B42279->fd4515e9-84f2-4741-b1f5-a9247145a2ac: receive RaftClientReply:client-83AFC0B42279->fd4515e9-84f2-4741-b1f5-a9247145a2ac@group-E2152A48AE85, cid=2937, SUCCESS, logIndex=4382, commits[fd4515e9-84f2-4741-b1f5-a9247145a2ac:c4382, 2e3e112c-ad01-4834-a07e-d6d8a7947632:c4378, dfee02f7-0d20-4e08-8ecd-ebe087394a07:c4378]
2019-07-08 20:09:46,067 INFO  client.GrpcClientProtocolClient (GrpcClientProtocolClient.java:onNext(255)) - client-83AFC0B42279->fd4515e9-84f2-4741-b1f5-a9247145a2ac: receive RaftClientReply:client-83AFC0B42279->fd4515e9-84f2-4741-b1f5-a9247145a2ac@group-E2152A48AE85, cid=2938, SUCCESS, logIndex=4385, commits[fd4515e9-84f2-4741-b1f5-a9247145a2ac:c4386, 2e3e112c-ad01-4834-a07e-d6d8a7947632:c4382, dfee02f7-0d20-4e08-8ecd-ebe087394a07:c4382]
2019-07-08 20:09:46,068 INFO  client.GrpcClientProtocolClient (GrpcClientProtocolClient.java:onNext(255)) - client-83AFC0B42279->fd4515e9-84f2-4741-b1f5-a9247145a2ac: receive RaftClientReply:client-83AFC0B42279->fd4515e9-84f2-4741-b1f5-a9247145a2ac@group-E2152A48AE85, cid=2939, SUCCESS, logIndex=4386, commits[fd4515e9-84f2-4741-b1f5-a9247145a2ac:c4386, 2e3e112c-ad01-4834-a07e-d6d8a7947632:c4382, dfee02f7-0d20-4e08-8ecd-ebe087394a07:c4382]
2019-07-08 20:09:46,085 INFO  client.GrpcClientProtocolClient (GrpcClientProtocolClient.java:onNext(255)) - client-83AFC0B42279->fd4515e9-84f2-4741-b1f5-a9247145a2ac: receive RaftClientReply:client-83AFC0B42279->fd4515e9-84f2-4741-b1f5-a9247145a2ac@group-E2152A48AE85, cid=2940, SUCCESS, logIndex=0, commits[fd4515e9-84f2-4741-b1f5-a9247145a2ac:c4387, 2e3e112c-ad01-4834-a07e-d6d8a7947632:c4386, dfee02f7-0d20-4e08-8ecd-ebe087394a07:c4386]
 0.00% |█                                                                                                    |  0/1 Time: 0:00:252019-07-08 20:09:46,118 INFO  client.GrpcClientProtocolClient (GrpcClientProtocolClient.java:onNext(255)) - client-83AFC0B42279->fd4515e9-84f2-4741-b1f5-a9247145a2ac: receive RaftClientReply:client-83AFC0B42279->fd4515e9-84f2-4741-b1f5-a9247145a2ac@group-E2152A48AE85, cid=2941, SUCCESS, logIndex=4389, commits[fd4515e9-84f2-4741-b1f5-a9247145a2ac:c4390, 2e3e112c-ad01-4834-a07e-d6d8a7947632:c4388, dfee02f7-0d20-4e08-8ecd-ebe087394a07:c4388]
2019-07-08 20:09:46,118 INFO  client.GrpcClientProtocolClient (GrpcClientProtocolClient.java:onNext(255)) - client-83AFC0B42279->fd4515e9-84f2-4741-b1f5-a9247145a2ac: receive RaftClientReply:client-83AFC0B42279->fd4515e9-84f2-4741-b1f5-a9247145a2ac@group-E2152A48AE85, cid=2942, SUCCESS, logIndex=4390, commits[fd4515e9-84f2-4741-b1f5-a9247145a2ac:c4392, 2e3e112c-ad01-4834-a07e-d6d8a7947632:c4388, dfee02f7-0d20-4e08-8ecd-ebe087394a07:c4388]
2019-07-08 20:09:46,119 INFO  client.GrpcClientProtocolClient (GrpcClientProtocolClient.java:onNext(255)) - client-83AFC0B42279->fd4515e9-84f2-4741-b1f5-a9247145a2ac: receive RaftClientReply:client-83AFC0B42279->fd4515e9-84f2-4741-b1f5-a9247145a2ac@group-E2152A48AE85, cid=2943, SUCCESS, logIndex=4391, commits[fd4515e9-84f2-4741-b1f5-a9247145a2ac:c4392, 2e3e112c-ad01-4834-a07e-d6d8a7947632:c4388, dfee02f7-0d20-4e08-8ecd-ebe087394a07:c4388]
2019-07-08 20:09:46,119 INFO  client.GrpcClientProtocolClient (GrpcClientProtocolClient.java:onNext(255)) - client-83AFC0B42279->fd4515e9-84f2-4741-b1f5-a9247145a2ac: receive RaftClientReply:client-83AFC0B42279->fd4515e9-84f2-4741-b1f5-a9247145a2ac@group-E2152A48AE85, cid=2944, SUCCESS, logIndex=4392, commits[fd4515e9-84f2-4741-b1f5-a9247145a2ac:c4392, 2e3e112c-ad01-4834-a07e-d6d8a7947632:c4388, dfee02f7-0d20-4e08-8ecd-ebe087394a07:c4388]
2019-07-08 20:09:46,131 INFO  client.GrpcClientProtocolClient (GrpcClientProtocolClient.java:onNext(255)) - client-83AFC0B42279->fd4515e9-84f2-4741-b1f5-a9247145a2ac: receive RaftClientReply:client-83AFC0B42279->fd4515e9-84f2-4741-b1f5-a9247145a2ac@group-E2152A48AE85, cid=2945, SUCCESS, logIndex=0, commits[fd4515e9-84f2-4741-b1f5-a9247145a2ac:c4394, 2e3e112c-ad01-4834-a07e-d6d8a7947632:c4390, dfee02f7-0d20-4e08-8ecd-ebe087394a07:c4390]
2019-07-08 20:09:46,153 INFO  client.GrpcClientProtocolClient (GrpcClientProtocolClient.java:onNext(255)) - client-83AFC0B42279->fd4515e9-84f2-4741-b1f5-a9247145a2ac: receive RaftClientReply:client-83AFC0B42279->fd4515e9-84f2-4741-b1f5-a9247145a2ac@group-E2152A48AE85, cid=2946, SUCCESS, logIndex=4397, commits[fd4515e9-84f2-4741-b1f5-a9247145a2ac:c4398, 2e3e112c-ad01-4834-a07e-d6d8a7947632:c4396, dfee02f7-0d20-4e08-8ecd-ebe087394a07:c4396]
2019-07-08 20:09:46,153 INFO  client.GrpcClientProtocolClient (GrpcClientProtocolClient.java:onNext(255)) - client-83AFC0B42279->fd4515e9-84f2-4741-b1f5-a9247145a2ac: receive RaftClientReply:client-83AFC0B42279->fd4515e9-84f2-4741-b1f5-a9247145a2ac@group-E2152A48AE85, cid=2947, SUCCESS, logIndex=4398, commits[fd4515e9-84f2-4741-b1f5-a9247145a2ac:c4398, 2e3e112c-ad01-4834-a07e-d6d8a7947632:c4396, dfee02f7-0d20-4e08-8ecd-ebe087394a07:c4396]
2019-07-08 20:09:46,179 INFO  client.GrpcClientProtocolClient (GrpcClientProtocolClient.java:onNext(255)) - client-83AFC0B42279->fd4515e9-84f2-4741-b1f5-a9247145a2ac: receive RaftClientReply:client-83AFC0B42279->fd4515e9-84f2-4741-b1f5-a9247145a2ac@group-E2152A48AE85, cid=2948, SUCCESS, logIndex=4401, commits[fd4515e9-84f2-4741-b1f5-a9247145a2ac:c4401, 2e3e112c-ad01-4834-a07e-d6d8a7947632:c4398, dfee02f7-0d20-4e08-8ecd-ebe087394a07:c4398]
2019-07-08 20:09:46,179 INFO  client.GrpcClientProtocolClient (GrpcClientProtocolClient.java:onNext(255)) - client-83AFC0B42279->fd4515e9-84f2-4741-b1f5-a9247145a2ac: receive RaftClientReply:client-83AFC0B42279->fd4515e9-84f2-4741-b1f5-a9247145a2ac@group-E2152A48AE85, cid=2949, SUCCESS, logIndex=4402, commits[fd4515e9-84f2-4741-b1f5-a9247145a2ac:c4402, 2e3e112c-ad01-4834-a07e-d6d8a7947632:c4398, dfee02f7-0d20-4e08-8ecd-ebe087394a07:c4398]
2019-07-08 20:09:46,193 INFO  client.GrpcClientProtocolClient (GrpcClientProtocolClient.java:onNext(255)) - client-83AFC0B42279->fd4515e9-84f2-4741-b1f5-a9247145a2ac: receive RaftClientReply:client-83AFC0B42279->fd4515e9-84f2-4741-b1f5-a9247145a2ac@group-E2152A48AE85, cid=2950, SUCCESS, logIndex=0, commits[fd4515e9-84f2-4741-b1f5-a9247145a2ac:c4404, 2e3e112c-ad01-4834-a07e-d6d8a7947632:c4402, dfee02f7-0d20-4e08-8ecd-ebe087394a07:c4402]
2019-07-08 20:09:46,228 INFO  client.GrpcClientProtocolClient (GrpcClientProtocolClient.java:onNext(255)) - client-83AFC0B42279->fd4515e9-84f2-4741-b1f5-a9247145a2ac: receive RaftClientReply:client-83AFC0B42279->fd4515e9-84f2-4741-b1f5-a9247145a2ac@group-E2152A48AE85, cid=2951, SUCCESS, logIndex=4405, commits[fd4515e9-84f2-4741-b1f5-a9247145a2ac:c4406, 2e3e112c-ad01-4834-a07e-d6d8a7947632:c4404, dfee02f7-0d20-4e08-8ecd-ebe087394a07:c4404]
2019-07-08 20:09:46,228 INFO  client.GrpcClientProtocolClient (GrpcClientProtocolClient.java:onNext(255)) - client-83AFC0B42279->fd4515e9-84f2-4741-b1f5-a9247145a2ac: receive RaftClientReply:client-83AFC0B42279->fd4515e9-84f2-4741-b1f5-a9247145a2ac@group-E2152A48AE85, cid=2952, SUCCESS, logIndex=4406, commits[fd4515e9-84f2-4741-b1f5-a9247145a2ac:c4406, 2e3e112c-ad01-4834-a07e-d6d8a7947632:c4404, dfee02f7-0d20-4e08-8ecd-ebe087394a07:c4404]
2019-07-08 20:09:46,237 INFO  client.GrpcClientProtocolClient (GrpcClientProtocolClient.java:onNext(255)) - client-83AFC0B42279->fd4515e9-84f2-4741-b1f5-a9247145a2ac: receive RaftClientReply:client-83AFC0B42279->fd4515e9-84f2-4741-b1f5-a9247145a2ac@group-E2152A48AE85, cid=2953, SUCCESS, logIndex=4407, commits[fd4515e9-84f2-4741-b1f5-a9247145a2ac:c4408, 2e3e112c-ad01-4834-a07e-d6d8a7947632:c4404, dfee02f7-0d20-4e08-8ecd-ebe087394a07:c4404]
2019-07-08 20:09:46,237 INFO  client.GrpcClientProtocolClient (GrpcClientProtocolClient.java:onNext(255)) - client-83AFC0B42279->fd4515e9-84f2-4741-b1f5-a9247145a2ac: receive RaftClientReply:client-83AFC0B42279->fd4515e9-84f2-4741-b1f5-a9247145a2ac@group-E2152A48AE85, cid=2954, SUCCESS, logIndex=4408, commits[fd4515e9-84f2-4741-b1f5-a9247145a2ac:c4409, 2e3e112c-ad01-4834-a07e-d6d8a7947632:c4404, dfee02f7-0d20-4e08-8ecd-ebe087394a07:c4405]
2019-07-08 20:09:46,241 INFO  client.GrpcClientProtocolClient (GrpcClientProtocolClient.java:onNext(255)) - client-83AFC0B42279->fd4515e9-84f2-4741-b1f5-a9247145a2ac: receive RaftClientReply:client-83AFC0B42279->fd4515e9-84f2-4741-b1f5-a9247145a2ac@group-E2152A48AE85, cid=2955, SUCCESS, logIndex=0, commits[fd4515e9-84f2-4741-b1f5-a9247145a2ac:c4411, 2e3e112c-ad01-4834-a07e-d6d8a7947632:c4406, dfee02f7-0d20-4e08-8ecd-ebe087394a07:c4408]
2019-07-08 20:09:46,265 INFO  client.GrpcClientProtocolClient (GrpcClientProtocolClient.java:onNext(255)) - client-83AFC0B42279->fd4515e9-84f2-4741-b1f5-a9247145a2ac: receive RaftClientReply:client-83AFC0B42279->fd4515e9-84f2-4741-b1f5-a9247145a2ac@group-E2152A48AE85, cid=2956, SUCCESS, logIndex=4412, commits[fd4515e9-84f2-4741-b1f5-a9247145a2ac:c4413, 2e3e112c-ad01-4834-a07e-d6d8a7947632:c4411, dfee02f7-0d20-4e08-8ecd-ebe087394a07:c4411]
2019-07-08 20:09:46,265 INFO  client.GrpcClientProtocolClient (GrpcClientProtocolClient.java:onNext(255)) - client-83AFC0B42279->fd4515e9-84f2-4741-b1f5-a9247145a2ac: receive RaftClientReply:client-83AFC0B42279->fd4515e9-84f2-4741-b1f5-a9247145a2ac@group-E2152A48AE85, cid=2957, SUCCESS, logIndex=4413, commits[fd4515e9-84f2-4741-b1f5-a9247145a2ac:c4413, 2e3e112c-ad01-4834-a07e-d6d8a7947632:c4411, dfee02f7-0d20-4e08-8ecd-ebe087394a07:c4411]
2019-07-08 20:09:46,292 INFO  client.GrpcClientProtocolClient (GrpcClientProtocolClient.java:onNext(255)) - client-83AFC0B42279->fd4515e9-84f2-4741-b1f5-a9247145a2ac: receive RaftClientReply:client-83AFC0B42279->fd4515e9-84f2-4741-b1f5-a9247145a2ac@group-E2152A48AE85, cid=2958, SUCCESS, logIndex=4416, commits[fd4515e9-84f2-4741-b1f5-a9247145a2ac:c4417, 2e3e112c-ad01-4834-a07e-d6d8a7947632:c4413, dfee02f7-0d20-4e08-8ecd-ebe087394a07:c4413]
2019-07-08 20:09:46,292 INFO  client.GrpcClientProtocolClient (GrpcClientProtocolClient.java:onNext(255)) - client-83AFC0B42279->fd4515e9-84f2-4741-b1f5-a9247145a2ac: receive RaftClientReply:client-83AFC0B42279->fd4515e9-84f2-4741-b1f5-a9247145a2ac@group-E2152A48AE85, cid=2959, SUCCESS, logIndex=4417, commits[fd4515e9-84f2-4741-b1f5-a9247145a2ac:c4417, 2e3e112c-ad01-4834-a07e-d6d8a7947632:c4413, dfee02f7-0d20-4e08-8ecd-ebe087394a07:c4413]
2019-07-08 20:09:46,320 INFO  client.GrpcClientProtocolClient (GrpcClientProtocolClient.java:onNext(255)) - client-83AFC0B42279->fd4515e9-84f2-4741-b1f5-a9247145a2ac: receive RaftClientReply:client-83AFC0B42279->fd4515e9-84f2-4741-b1f5-a9247145a2ac@group-E2152A48AE85, cid=2960, SUCCESS, logIndex=0, commits[fd4515e9-84f2-4741-b1f5-a9247145a2ac:c4419, 2e3e112c-ad01-4834-a07e-d6d8a7947632:c4417, dfee02f7-0d20-4e08-8ecd-ebe087394a07:c4417]
2019-07-08 20:09:46,361 INFO  client.GrpcClientProtocolClient (GrpcClientProtocolClient.java:onNext(255)) - client-83AFC0B42279->fd4515e9-84f2-4741-b1f5-a9247145a2ac: receive RaftClientReply:client-83AFC0B42279->fd4515e9-84f2-4741-b1f5-a9247145a2ac@group-E2152A48AE85, cid=2961, SUCCESS, logIndex=4420, commits[fd4515e9-84f2-4741-b1f5-a9247145a2ac:c4421, 2e3e112c-ad01-4834-a07e-d6d8a7947632:c4419, dfee02f7-0d20-4e08-8ecd-ebe087394a07:c4419]
2019-07-08 20:09:46,362 INFO  client.GrpcClientProtocolClient (GrpcClientProtocolClient.java:onNext(255)) - client-83AFC0B42279->fd4515e9-84f2-4741-b1f5-a9247145a2ac: receive RaftClientReply:client-83AFC0B42279->fd4515e9-84f2-4741-b1f5-a9247145a2ac@group-E2152A48AE85, cid=2962, SUCCESS, logIndex=4421, commits[fd4515e9-84f2-4741-b1f5-a9247145a2ac:c4423, 2e3e112c-ad01-4834-a07e-d6d8a7947632:c4419, dfee02f7-0d20-4e08-8ecd-ebe087394a07:c4419]
2019-07-08 20:09:46,362 INFO  client.GrpcClientProtocolClient (GrpcClientProtocolClient.java:onNext(255)) - client-83AFC0B42279->fd4515e9-84f2-4741-b1f5-a9247145a2ac: receive RaftClientReply:client-83AFC0B42279->fd4515e9-84f2-4741-b1f5-a9247145a2ac@group-E2152A48AE85, cid=2963, SUCCESS, logIndex=4422, commits[fd4515e9-84f2-4741-b1f5-a9247145a2ac:c4424, 2e3e112c-ad01-4834-a07e-d6d8a7947632:c4420, dfee02f7-0d20-4e08-8ecd-ebe087394a07:c4419]
2019-07-08 20:09:46,362 INFO  client.GrpcClientProtocolClient (GrpcClientProtocolClient.java:onNext(255)) - client-83AFC0B42279->fd4515e9-84f2-4741-b1f5-a9247145a2ac: receive RaftClientReply:client-83AFC0B42279->fd4515e9-84f2-4741-b1f5-a9247145a2ac@group-E2152A48AE85, cid=2964, SUCCESS, logIndex=4423, commits[fd4515e9-84f2-4741-b1f5-a9247145a2ac:c4424, 2e3e112c-ad01-4834-a07e-d6d8a7947632:c4420, dfee02f7-0d20-4e08-8ecd-ebe087394a07:c4419]
2019-07-08 20:09:46,374 INFO  client.GrpcClientProtocolClient (GrpcClientProtocolClient.java:onNext(255)) - client-83AFC0B42279->fd4515e9-84f2-4741-b1f5-a9247145a2ac: receive RaftClientReply:client-83AFC0B42279->fd4515e9-84f2-4741-b1f5-a9247145a2ac@group-E2152A48AE85, cid=2965, SUCCESS, logIndex=0, commits[fd4515e9-84f2-4741-b1f5-a9247145a2ac:c4425, 2e3e112c-ad01-4834-a07e-d6d8a7947632:c4421, dfee02f7-0d20-4e08-8ecd-ebe087394a07:c4421]
2019-07-08 20:09:46,412 INFO  client.GrpcClientProtocolClient (GrpcClientProtocolClient.java:onNext(255)) - client-83AFC0B42279->fd4515e9-84f2-4741-b1f5-a9247145a2ac: receive RaftClientReply:client-83AFC0B42279->fd4515e9-84f2-4741-b1f5-a9247145a2ac@group-E2152A48AE85, cid=2966, SUCCESS, logIndex=4427, commits[fd4515e9-84f2-4741-b1f5-a9247145a2ac:c4428, 2e3e112c-ad01-4834-a07e-d6d8a7947632:c4426, dfee02f7-0d20-4e08-8ecd-ebe087394a07:c4426]
2019-07-08 20:09:46,412 INFO  client.GrpcClientProtocolClient (GrpcClientProtocolClient.java:onNext(255)) - client-83AFC0B42279->fd4515e9-84f2-4741-b1f5-a9247145a2ac: receive RaftClientReply:client-83AFC0B42279->fd4515e9-84f2-4741-b1f5-a9247145a2ac@group-E2152A48AE85, cid=2967, SUCCESS, logIndex=4428, commits[fd4515e9-84f2-4741-b1f5-a9247145a2ac:c4428, 2e3e112c-ad01-4834-a07e-d6d8a7947632:c4426, dfee02f7-0d20-4e08-8ecd-ebe087394a07:c4426]
2019-07-08 20:09:46,437 INFO  client.GrpcClientProtocolClient (GrpcClientProtocolClient.java:onNext(255)) - client-83AFC0B42279->fd4515e9-84f2-4741-b1f5-a9247145a2ac: receive RaftClientReply:client-83AFC0B42279->fd4515e9-84f2-4741-b1f5-a9247145a2ac@group-E2152A48AE85, cid=2968, SUCCESS, logIndex=4431, commits[fd4515e9-84f2-4741-b1f5-a9247145a2ac:c4432, 2e3e112c-ad01-4834-a07e-d6d8a7947632:c4428, dfee02f7-0d20-4e08-8ecd-ebe087394a07:c4428]
2019-07-08 20:09:46,438 INFO  client.GrpcClientProtocolClient (GrpcClientProtocolClient.java:onNext(255)) - client-83AFC0B42279->fd4515e9-84f2-4741-b1f5-a9247145a2ac: receive RaftClientReply:client-83AFC0B42279->fd4515e9-84f2-4741-b1f5-a9247145a2ac@group-E2152A48AE85, cid=2969, SUCCESS, logIndex=4432, commits[fd4515e9-84f2-4741-b1f5-a9247145a2ac:c4432, 2e3e112c-ad01-4834-a07e-d6d8a7947632:c4428, dfee02f7-0d20-4e08-8ecd-ebe087394a07:c4428]
2019-07-08 20:09:46,453 INFO  client.GrpcClientProtocolClient (GrpcClientProtocolClient.java:onNext(255)) - client-83AFC0B42279->fd4515e9-84f2-4741-b1f5-a9247145a2ac: receive RaftClientReply:client-83AFC0B42279->fd4515e9-84f2-4741-b1f5-a9247145a2ac@group-E2152A48AE85, cid=2970, SUCCESS, logIndex=0, commits[fd4515e9-84f2-4741-b1f5-a9247145a2ac:c4434, 2e3e112c-ad01-4834-a07e-d6d8a7947632:c4432, dfee02f7-0d20-4e08-8ecd-ebe087394a07:c4432]
2019-07-08 20:09:46,488 INFO  client.GrpcClientProtocolClient (GrpcClientProtocolClient.java:onNext(255)) - client-83AFC0B42279->fd4515e9-84f2-4741-b1f5-a9247145a2ac: receive RaftClientReply:client-83AFC0B42279->fd4515e9-84f2-4741-b1f5-a9247145a2ac@group-E2152A48AE85, cid=2971, SUCCESS, logIndex=4435, commits[fd4515e9-84f2-4741-b1f5-a9247145a2ac:c4436, 2e3e112c-ad01-4834-a07e-d6d8a7947632:c4434, dfee02f7-0d20-4e08-8ecd-ebe087394a07:c4434]
2019-07-08 20:09:46,489 INFO  client.GrpcClientProtocolClient (GrpcClientProtocolClient.java:onNext(255)) - client-83AFC0B42279->fd4515e9-84f2-4741-b1f5-a9247145a2ac: receive RaftClientReply:client-83AFC0B42279->fd4515e9-84f2-4741-b1f5-a9247145a2ac@group-E2152A48AE85, cid=2972, SUCCESS, logIndex=4436, commits[fd4515e9-84f2-4741-b1f5-a9247145a2ac:c4438, 2e3e112c-ad01-4834-a07e-d6d8a7947632:c4434, dfee02f7-0d20-4e08-8ecd-ebe087394a07:c4434]
2019-07-08 20:09:46,489 INFO  client.GrpcClientProtocolClient (GrpcClientProtocolClient.java:onNext(255)) - client-83AFC0B42279->fd4515e9-84f2-4741-b1f5-a9247145a2ac: receive RaftClientReply:client-83AFC0B42279->fd4515e9-84f2-4741-b1f5-a9247145a2ac@group-E2152A48AE85, cid=2973, SUCCESS, logIndex=4437, commits[fd4515e9-84f2-4741-b1f5-a9247145a2ac:c4438, 2e3e112c-ad01-4834-a07e-d6d8a7947632:c4434, dfee02f7-0d20-4e08-8ecd-ebe087394a07:c4434]
2019-07-08 20:09:46,489 INFO  client.GrpcClientProtocolClient (GrpcClientProtocolClient.java:onNext(255)) - client-83AFC0B42279->fd4515e9-84f2-4741-b1f5-a9247145a2ac: receive RaftClientReply:client-83AFC0B42279->fd4515e9-84f2-4741-b1f5-a9247145a2ac@group-E2152A48AE85, cid=2974, SUCCESS, logIndex=4438, commits[fd4515e9-84f2-4741-b1f5-a9247145a2ac:c4438, 2e3e112c-ad01-4834-a07e-d6d8a7947632:c4434, dfee02f7-0d20-4e08-8ecd-ebe087394a07:c4434]
2019-07-08 20:09:46,514 INFO  client.GrpcClientProtocolClient (GrpcClientProtocolClient.java:onNext(255)) - client-83AFC0B42279->fd4515e9-84f2-4741-b1f5-a9247145a2ac: receive RaftClientReply:client-83AFC0B42279->fd4515e9-84f2-4741-b1f5-a9247145a2ac@group-E2152A48AE85, cid=2975, SUCCESS, logIndex=0, commits[fd4515e9-84f2-4741-b1f5-a9247145a2ac:c4441, 2e3e112c-ad01-4834-a07e-d6d8a7947632:c4436, dfee02f7-0d20-4e08-8ecd-ebe087394a07:c4438]
2019-07-08 20:09:46,536 INFO  client.GrpcClientProtocolClient (GrpcClientProtocolClient.java:onNext(255)) - client-83AFC0B42279->fd4515e9-84f2-4741-b1f5-a9247145a2ac: receive RaftClientReply:client-83AFC0B42279->fd4515e9-84f2-4741-b1f5-a9247145a2ac@group-E2152A48AE85, cid=2976, SUCCESS, logIndex=4442, commits[fd4515e9-84f2-4741-b1f5-a9247145a2ac:c4443, 2e3e112c-ad01-4834-a07e-d6d8a7947632:c4441, dfee02f7-0d20-4e08-8ecd-ebe087394a07:c4441]
2019-07-08 20:09:46,537 INFO  client.GrpcClientProtocolClient (GrpcClientProtocolClient.java:onNext(255)) - client-83AFC0B42279->fd4515e9-84f2-4741-b1f5-a9247145a2ac: receive RaftClientReply:client-83AFC0B42279->fd4515e9-84f2-4741-b1f5-a9247145a2ac@group-E2152A48AE85, cid=2977, SUCCESS, logIndex=4443, commits[fd4515e9-84f2-4741-b1f5-a9247145a2ac:c4443, 2e3e112c-ad01-4834-a07e-d6d8a7947632:c4441, dfee02f7-0d20-4e08-8ecd-ebe087394a07:c4441]
2019-07-08 20:09:46,552 INFO  client.GrpcClientProtocolClient (GrpcClientProtocolClient.java:onNext(255)) - client-83AFC0B42279->fd4515e9-84f2-4741-b1f5-a9247145a2ac: receive RaftClientReply:client-83AFC0B42279->fd4515e9-84f2-4741-b1f5-a9247145a2ac@group-E2152A48AE85, cid=2978, SUCCESS, logIndex=4446, commits[fd4515e9-84f2-4741-b1f5-a9247145a2ac:c4447, 2e3e112c-ad01-4834-a07e-d6d8a7947632:c4443, dfee02f7-0d20-4e08-8ecd-ebe087394a07:c4443]
2019-07-08 20:09:46,552 INFO  client.GrpcClientProtocolClient (GrpcClientProtocolClient.java:onNext(255)) - client-83AFC0B42279->fd4515e9-84f2-4741-b1f5-a9247145a2ac: receive RaftClientReply:client-83AFC0B42279->fd4515e9-84f2-4741-b1f5-a9247145a2ac@group-E2152A48AE85, cid=2979, SUCCESS, logIndex=4447, commits[fd4515e9-84f2-4741-b1f5-a9247145a2ac:c4447, 2e3e112c-ad01-4834-a07e-d6d8a7947632:c4443, dfee02f7-0d20-4e08-8ecd-ebe087394a07:c4443]
2019-07-08 20:09:46,574 INFO  client.GrpcClientProtocolClient (GrpcClientProtocolClient.java:onNext(255)) - client-83AFC0B42279->fd4515e9-84f2-4741-b1f5-a9247145a2ac: receive RaftClientReply:client-83AFC0B42279->fd4515e9-84f2-4741-b1f5-a9247145a2ac@group-E2152A48AE85, cid=2980, SUCCESS, logIndex=0, commits[fd4515e9-84f2-4741-b1f5-a9247145a2ac:c4449, 2e3e112c-ad01-4834-a07e-d6d8a7947632:c4447, dfee02f7-0d20-4e08-8ecd-ebe087394a07:c4447]
2019-07-08 20:09:46,609 INFO  client.GrpcClientProtocolClient (GrpcClientProtocolClient.java:onNext(255)) - client-83AFC0B42279->fd4515e9-84f2-4741-b1f5-a9247145a2ac: receive RaftClientReply:client-83AFC0B42279->fd4515e9-84f2-4741-b1f5-a9247145a2ac@group-E2152A48AE85, cid=2981, SUCCESS, logIndex=4450, commits[fd4515e9-84f2-4741-b1f5-a9247145a2ac:c4450, 2e3e112c-ad01-4834-a07e-d6d8a7947632:c4449, dfee02f7-0d20-4e08-8ecd-ebe087394a07:c4449]
2019-07-08 20:09:46,610 INFO  client.GrpcClientProtocolClient (GrpcClientProtocolClient.java:onNext(255)) - client-83AFC0B42279->fd4515e9-84f2-4741-b1f5-a9247145a2ac: receive RaftClientReply:client-83AFC0B42279->fd4515e9-84f2-4741-b1f5-a9247145a2ac@group-E2152A48AE85, cid=2982, SUCCESS, logIndex=4451, commits[fd4515e9-84f2-4741-b1f5-a9247145a2ac:c4453, 2e3e112c-ad01-4834-a07e-d6d8a7947632:c4449, dfee02f7-0d20-4e08-8ecd-ebe087394a07:c4449]
2019-07-08 20:09:46,610 INFO  client.GrpcClientProtocolClient (GrpcClientProtocolClient.java:onNext(255)) - client-83AFC0B42279->fd4515e9-84f2-4741-b1f5-a9247145a2ac: receive RaftClientReply:client-83AFC0B42279->fd4515e9-84f2-4741-b1f5-a9247145a2ac@group-E2152A48AE85, cid=2983, SUCCESS, logIndex=4452, commits[fd4515e9-84f2-4741-b1f5-a9247145a2ac:c4453, 2e3e112c-ad01-4834-a07e-d6d8a7947632:c4449, dfee02f7-0d20-4e08-8ecd-ebe087394a07:c4449]
2019-07-08 20:09:46,610 INFO  client.GrpcClientProtocolClient (GrpcClientProtocolClient.java:onNext(255)) - client-83AFC0B42279->fd4515e9-84f2-4741-b1f5-a9247145a2ac: receive RaftClientReply:client-83AFC0B42279->fd4515e9-84f2-4741-b1f5-a9247145a2ac@group-E2152A48AE85, cid=2984, SUCCESS, logIndex=4453, commits[fd4515e9-84f2-4741-b1f5-a9247145a2ac:c4453, 2e3e112c-ad01-4834-a07e-d6d8a7947632:c4449, dfee02f7-0d20-4e08-8ecd-ebe087394a07:c4449]
2019-07-08 20:09:46,622 INFO  client.GrpcClientProtocolClient (GrpcClientProtocolClient.java:onNext(255)) - client-83AFC0B42279->fd4515e9-84f2-4741-b1f5-a9247145a2ac: receive RaftClientReply:client-83AFC0B42279->fd4515e9-84f2-4741-b1f5-a9247145a2ac@group-E2152A48AE85, cid=2985, SUCCESS, logIndex=0, commits[fd4515e9-84f2-4741-b1f5-a9247145a2ac:c4457, 2e3e112c-ad01-4834-a07e-d6d8a7947632:c4451, dfee02f7-0d20-4e08-8ecd-ebe087394a07:c4453]
2019-07-08 20:09:46,642 INFO  client.GrpcClientProtocolClient (GrpcClientProtocolClient.java:onNext(255)) - client-83AFC0B42279->fd4515e9-84f2-4741-b1f5-a9247145a2ac: receive RaftClientReply:client-83AFC0B42279->fd4515e9-84f2-4741-b1f5-a9247145a2ac@group-E2152A48AE85, cid=2986, SUCCESS, logIndex=4458, commits[fd4515e9-84f2-4741-b1f5-a9247145a2ac:c4459, 2e3e112c-ad01-4834-a07e-d6d8a7947632:c4457, dfee02f7-0d20-4e08-8ecd-ebe087394a07:c4457]
2019-07-08 20:09:46,643 INFO  client.GrpcClientProtocolClient (GrpcClientProtocolClient.java:onNext(255)) - client-83AFC0B42279->fd4515e9-84f2-4741-b1f5-a9247145a2ac: receive RaftClientReply:client-83AFC0B42279->fd4515e9-84f2-4741-b1f5-a9247145a2ac@group-E2152A48AE85, cid=2987, SUCCESS, logIndex=4459, commits[fd4515e9-84f2-4741-b1f5-a9247145a2ac:c4459, 2e3e112c-ad01-4834-a07e-d6d8a7947632:c4457, dfee02f7-0d20-4e08-8ecd-ebe087394a07:c4457]
2019-07-08 20:09:46,667 INFO  client.GrpcClientProtocolClient (GrpcClientProtocolClient.java:onNext(255)) - client-83AFC0B42279->fd4515e9-84f2-4741-b1f5-a9247145a2ac: receive RaftClientReply:client-83AFC0B42279->fd4515e9-84f2-4741-b1f5-a9247145a2ac@group-E2152A48AE85, cid=2988, SUCCESS, logIndex=4462, commits[fd4515e9-84f2-4741-b1f5-a9247145a2ac:c4463, 2e3e112c-ad01-4834-a07e-d6d8a7947632:c4459, dfee02f7-0d20-4e08-8ecd-ebe087394a07:c4459]
2019-07-08 20:09:46,668 INFO  client.GrpcClientProtocolClient (GrpcClientProtocolClient.java:onNext(255)) - client-83AFC0B42279->fd4515e9-84f2-4741-b1f5-a9247145a2ac: receive RaftClientReply:client-83AFC0B42279->fd4515e9-84f2-4741-b1f5-a9247145a2ac@group-E2152A48AE85, cid=2989, SUCCESS, logIndex=4463, commits[fd4515e9-84f2-4741-b1f5-a9247145a2ac:c4463, 2e3e112c-ad01-4834-a07e-d6d8a7947632:c4459, dfee02f7-0d20-4e08-8ecd-ebe087394a07:c4459]
2019-07-08 20:09:46,680 INFO  client.GrpcClientProtocolClient (GrpcClientProtocolClient.java:onNext(255)) - client-83AFC0B42279->fd4515e9-84f2-4741-b1f5-a9247145a2ac: receive RaftClientReply:client-83AFC0B42279->fd4515e9-84f2-4741-b1f5-a9247145a2ac@group-E2152A48AE85, cid=2990, SUCCESS, logIndex=0, commits[fd4515e9-84f2-4741-b1f5-a9247145a2ac:c4465, 2e3e112c-ad01-4834-a07e-d6d8a7947632:c4463, dfee02f7-0d20-4e08-8ecd-ebe087394a07:c4463]
2019-07-08 20:09:46,836 INFO  client.GrpcClientProtocolClient (GrpcClientProtocolClient.java:onNext(255)) - client-83AFC0B42279->fd4515e9-84f2-4741-b1f5-a9247145a2ac: receive RaftClientReply:client-83AFC0B42279->fd4515e9-84f2-4741-b1f5-a9247145a2ac@group-E2152A48AE85, cid=2991, SUCCESS, logIndex=4466, commits[fd4515e9-84f2-4741-b1f5-a9247145a2ac:c4467, 2e3e112c-ad01-4834-a07e-d6d8a7947632:c4465, dfee02f7-0d20-4e08-8ecd-ebe087394a07:c4465]
2019-07-08 20:09:46,837 INFO  client.GrpcClientProtocolClient (GrpcClientProtocolClient.java:onNext(255)) - client-83AFC0B42279->fd4515e9-84f2-4741-b1f5-a9247145a2ac: receive RaftClientReply:client-83AFC0B42279->fd4515e9-84f2-4741-b1f5-a9247145a2ac@group-E2152A48AE85, cid=2992, SUCCESS, logIndex=4467, commits[fd4515e9-84f2-4741-b1f5-a9247145a2ac:c4467, 2e3e112c-ad01-4834-a07e-d6d8a7947632:c4465, dfee02f7-0d20-4e08-8ecd-ebe087394a07:c4465]
2019-07-08 20:09:46,847 INFO  client.GrpcClientProtocolClient (GrpcClientProtocolClient.java:onNext(255)) - client-83AFC0B42279->fd4515e9-84f2-4741-b1f5-a9247145a2ac: receive RaftClientReply:client-83AFC0B42279->fd4515e9-84f2-4741-b1f5-a9247145a2ac@group-E2152A48AE85, cid=2993, SUCCESS, logIndex=4468, commits[fd4515e9-84f2-4741-b1f5-a9247145a2ac:c4469, 2e3e112c-ad01-4834-a07e-d6d8a7947632:c4465, dfee02f7-0d20-4e08-8ecd-ebe087394a07:c4465]
2019-07-08 20:09:46,848 INFO  client.GrpcClientProtocolClient (GrpcClientProtocolClient.java:onNext(255)) - client-83AFC0B42279->fd4515e9-84f2-4741-b1f5-a9247145a2ac: receive RaftClientReply:client-83AFC0B42279->fd4515e9-84f2-4741-b1f5-a9247145a2ac@group-E2152A48AE85, cid=2994, SUCCESS, logIndex=4469, commits[fd4515e9-84f2-4741-b1f5-a9247145a2ac:c4469, 2e3e112c-ad01-4834-a07e-d6d8a7947632:c4465, dfee02f7-0d20-4e08-8ecd-ebe087394a07:c4465]
2019-07-08 20:09:46,862 INFO  client.GrpcClientProtocolClient (GrpcClientProtocolClient.java:onNext(255)) - client-83AFC0B42279->fd4515e9-84f2-4741-b1f5-a9247145a2ac: receive RaftClientReply:client-83AFC0B42279->fd4515e9-84f2-4741-b1f5-a9247145a2ac@group-E2152A48AE85, cid=2995, SUCCESS, logIndex=0, commits[fd4515e9-84f2-4741-b1f5-a9247145a2ac:c4471, 2e3e112c-ad01-4834-a07e-d6d8a7947632:c4467, dfee02f7-0d20-4e08-8ecd-ebe087394a07:c4467]
2019-07-08 20:09:46,896 INFO  client.GrpcClientProtocolClient (GrpcClientProtocolClient.java:onNext(255)) - client-83AFC0B42279->fd4515e9-84f2-4741-b1f5-a9247145a2ac: receive RaftClientReply:client-83AFC0B42279->fd4515e9-84f2-4741-b1f5-a9247145a2ac@group-E2152A48AE85, cid=2996, SUCCESS, logIndex=4474, commits[fd4515e9-84f2-4741-b1f5-a9247145a2ac:c4475, 2e3e112c-ad01-4834-a07e-d6d8a7947632:c4469, dfee02f7-0d20-4e08-8ecd-ebe087394a07:c4473]
2019-07-08 20:09:46,896 INFO  client.GrpcClientProtocolClient (GrpcClientProtocolClient.java:onNext(255)) - client-83AFC0B42279->fd4515e9-84f2-4741-b1f5-a9247145a2ac: receive RaftClientReply:client-83AFC0B42279->fd4515e9-84f2-4741-b1f5-a9247145a2ac@group-E2152A48AE85, cid=2997, SUCCESS, logIndex=4475, commits[fd4515e9-84f2-4741-b1f5-a9247145a2ac:c4475, 2e3e112c-ad01-4834-a07e-d6d8a7947632:c4473, dfee02f7-0d20-4e08-8ecd-ebe087394a07:c4473]
2019-07-08 20:09:46,911 INFO  client.GrpcClientProtocolClient (GrpcClientProtocolClient.java:onNext(255)) - client-83AFC0B42279->fd4515e9-84f2-4741-b1f5-a9247145a2ac: receive RaftClientReply:client-83AFC0B42279->fd4515e9-84f2-4741-b1f5-a9247145a2ac@group-E2152A48AE85, cid=2998, SUCCESS, logIndex=4478, commits[fd4515e9-84f2-4741-b1f5-a9247145a2ac:c4479, 2e3e112c-ad01-4834-a07e-d6d8a7947632:c4475, dfee02f7-0d20-4e08-8ecd-ebe087394a07:c4476]
2019-07-08 20:09:46,912 INFO  client.GrpcClientProtocolClient (GrpcClientProtocolClient.java:onNext(255)) - client-83AFC0B42279->fd4515e9-84f2-4741-b1f5-a9247145a2ac: receive RaftClientReply:client-83AFC0B42279->fd4515e9-84f2-4741-b1f5-a9247145a2ac@group-E2152A48AE85, cid=2999, SUCCESS, logIndex=4479, commits[fd4515e9-84f2-4741-b1f5-a9247145a2ac:c4479, 2e3e112c-ad01-4834-a07e-d6d8a7947632:c4475, dfee02f7-0d20-4e08-8ecd-ebe087394a07:c4476]
2019-07-08 20:09:46,927 INFO  client.GrpcClientProtocolClient (GrpcClientProtocolClient.java:onNext(255)) - client-83AFC0B42279->fd4515e9-84f2-4741-b1f5-a9247145a2ac: receive RaftClientReply:client-83AFC0B42279->fd4515e9-84f2-4741-b1f5-a9247145a2ac@group-E2152A48AE85, cid=3000, SUCCESS, logIndex=0, commits[fd4515e9-84f2-4741-b1f5-a9247145a2ac:c4481, 2e3e112c-ad01-4834-a07e-d6d8a7947632:c4479, dfee02f7-0d20-4e08-8ecd-ebe087394a07:c4479]
2019-07-08 20:09:46,966 INFO  client.GrpcClientProtocolClient (GrpcClientProtocolClient.java:onNext(255)) - client-83AFC0B42279->fd4515e9-84f2-4741-b1f5-a9247145a2ac: receive RaftClientReply:client-83AFC0B42279->fd4515e9-84f2-4741-b1f5-a9247145a2ac@group-E2152A48AE85, cid=3001, SUCCESS, logIndex=4482, commits[fd4515e9-84f2-4741-b1f5-a9247145a2ac:c4484, 2e3e112c-ad01-4834-a07e-d6d8a7947632:c4479, dfee02f7-0d20-4e08-8ecd-ebe087394a07:c4481]
2019-07-08 20:09:46,967 INFO  client.GrpcClientProtocolClient (GrpcClientProtocolClient.java:onNext(255)) - client-83AFC0B42279->fd4515e9-84f2-4741-b1f5-a9247145a2ac: receive RaftClientReply:client-83AFC0B42279->fd4515e9-84f2-4741-b1f5-a9247145a2ac@group-E2152A48AE85, cid=3002, SUCCESS, logIndex=4483, commits[fd4515e9-84f2-4741-b1f5-a9247145a2ac:c4485, 2e3e112c-ad01-4834-a07e-d6d8a7947632:c4481, dfee02f7-0d20-4e08-8ecd-ebe087394a07:c4481]
2019-07-08 20:09:46,967 INFO  client.GrpcClientProtocolClient (GrpcClientProtocolClient.java:onNext(255)) - client-83AFC0B42279->fd4515e9-84f2-4741-b1f5-a9247145a2ac: receive RaftClientReply:client-83AFC0B42279->fd4515e9-84f2-4741-b1f5-a9247145a2ac@group-E2152A48AE85, cid=3003, SUCCESS, logIndex=4484, commits[fd4515e9-84f2-4741-b1f5-a9247145a2ac:c4485, 2e3e112c-ad01-4834-a07e-d6d8a7947632:c4481, dfee02f7-0d20-4e08-8ecd-ebe087394a07:c4481]
2019-07-08 20:09:46,967 INFO  client.GrpcClientProtocolClient (GrpcClientProtocolClient.java:onNext(255)) - client-83AFC0B42279->fd4515e9-84f2-4741-b1f5-a9247145a2ac: receive RaftClientReply:client-83AFC0B42279->fd4515e9-84f2-4741-b1f5-a9247145a2ac@group-E2152A48AE85, cid=3004, SUCCESS, logIndex=4485, commits[fd4515e9-84f2-4741-b1f5-a9247145a2ac:c4485, 2e3e112c-ad01-4834-a07e-d6d8a7947632:c4481, dfee02f7-0d20-4e08-8ecd-ebe087394a07:c4481]
2019-07-08 20:09:46,979 INFO  client.GrpcClientProtocolClient (GrpcClientProtocolClient.java:onNext(255)) - client-83AFC0B42279->fd4515e9-84f2-4741-b1f5-a9247145a2ac: receive RaftClientReply:client-83AFC0B42279->fd4515e9-84f2-4741-b1f5-a9247145a2ac@group-E2152A48AE85, cid=3005, SUCCESS, logIndex=0, commits[fd4515e9-84f2-4741-b1f5-a9247145a2ac:c4488, 2e3e112c-ad01-4834-a07e-d6d8a7947632:c4484, dfee02f7-0d20-4e08-8ecd-ebe087394a07:c4483]
2019-07-08 20:09:46,999 INFO  client.GrpcClientProtocolClient (GrpcClientProtocolClient.java:onNext(255)) - client-83AFC0B42279->fd4515e9-84f2-4741-b1f5-a9247145a2ac: receive RaftClientReply:client-83AFC0B42279->fd4515e9-84f2-4741-b1f5-a9247145a2ac@group-E2152A48AE85, cid=3006, SUCCESS, logIndex=4490, commits[fd4515e9-84f2-4741-b1f5-a9247145a2ac:c4491, 2e3e112c-ad01-4834-a07e-d6d8a7947632:c4489, dfee02f7-0d20-4e08-8ecd-ebe087394a07:c4489]
2019-07-08 20:09:47,000 INFO  client.GrpcClientProtocolClient (GrpcClientProtocolClient.java:onNext(255)) - client-83AFC0B42279->fd4515e9-84f2-4741-b1f5-a9247145a2ac: receive RaftClientReply:client-83AFC0B42279->fd4515e9-84f2-4741-b1f5-a9247145a2ac@group-E2152A48AE85, cid=3007, SUCCESS, logIndex=4491, commits[fd4515e9-84f2-4741-b1f5-a9247145a2ac:c4491, 2e3e112c-ad01-4834-a07e-d6d8a7947632:c4489, dfee02f7-0d20-4e08-8ecd-ebe087394a07:c4489]
2019-07-08 20:09:47,014 INFO  client.GrpcClientProtocolClient (GrpcClientProtocolClient.java:onNext(255)) - client-83AFC0B42279->fd4515e9-84f2-4741-b1f5-a9247145a2ac: receive RaftClientReply:client-83AFC0B42279->fd4515e9-84f2-4741-b1f5-a9247145a2ac@group-E2152A48AE85, cid=3008, SUCCESS, logIndex=4494, commits[fd4515e9-84f2-4741-b1f5-a9247145a2ac:c4494, 2e3e112c-ad01-4834-a07e-d6d8a7947632:c4491, dfee02f7-0d20-4e08-8ecd-ebe087394a07:c4491]
2019-07-08 20:09:47,015 INFO  client.GrpcClientProtocolClient (GrpcClientProtocolClient.java:onNext(255)) - client-83AFC0B42279->fd4515e9-84f2-4741-b1f5-a9247145a2ac: receive RaftClientReply:client-83AFC0B42279->fd4515e9-84f2-4741-b1f5-a9247145a2ac@group-E2152A48AE85, cid=3009, SUCCESS, logIndex=4495, commits[fd4515e9-84f2-4741-b1f5-a9247145a2ac:c4495, 2e3e112c-ad01-4834-a07e-d6d8a7947632:c4491, dfee02f7-0d20-4e08-8ecd-ebe087394a07:c4491]
2019-07-08 20:09:47,041 INFO  client.GrpcClientProtocolClient (GrpcClientProtocolClient.java:onNext(255)) - client-83AFC0B42279->fd4515e9-84f2-4741-b1f5-a9247145a2ac: receive RaftClientReply:client-83AFC0B42279->fd4515e9-84f2-4741-b1f5-a9247145a2ac@group-E2152A48AE85, cid=3010, SUCCESS, logIndex=0, commits[fd4515e9-84f2-4741-b1f5-a9247145a2ac:c4497, 2e3e112c-ad01-4834-a07e-d6d8a7947632:c4495, dfee02f7-0d20-4e08-8ecd-ebe087394a07:c4495]
2019-07-08 20:09:47,075 INFO  client.GrpcClientProtocolClient (GrpcClientProtocolClient.java:onNext(255)) - client-83AFC0B42279->fd4515e9-84f2-4741-b1f5-a9247145a2ac: receive RaftClientReply:client-83AFC0B42279->fd4515e9-84f2-4741-b1f5-a9247145a2ac@group-E2152A48AE85, cid=3011, SUCCESS, logIndex=4498, commits[fd4515e9-84f2-4741-b1f5-a9247145a2ac:c4499, 2e3e112c-ad01-4834-a07e-d6d8a7947632:c4497, dfee02f7-0d20-4e08-8ecd-ebe087394a07:c4497]
2019-07-08 20:09:47,076 INFO  client.GrpcClientProtocolClient (GrpcClientProtocolClient.java:onNext(255)) - client-83AFC0B42279->fd4515e9-84f2-4741-b1f5-a9247145a2ac: receive RaftClientReply:client-83AFC0B42279->fd4515e9-84f2-4741-b1f5-a9247145a2ac@group-E2152A48AE85, cid=3012, SUCCESS, logIndex=4499, commits[fd4515e9-84f2-4741-b1f5-a9247145a2ac:c4499, 2e3e112c-ad01-4834-a07e-d6d8a7947632:c4497, dfee02f7-0d20-4e08-8ecd-ebe087394a07:c4497]
2019-07-08 20:09:47,085 INFO  client.GrpcClientProtocolClient (GrpcClientProtocolClient.java:onNext(255)) - client-83AFC0B42279->fd4515e9-84f2-4741-b1f5-a9247145a2ac: receive RaftClientReply:client-83AFC0B42279->fd4515e9-84f2-4741-b1f5-a9247145a2ac@group-E2152A48AE85, cid=3013, SUCCESS, logIndex=4500, commits[fd4515e9-84f2-4741-b1f5-a9247145a2ac:c4501, 2e3e112c-ad01-4834-a07e-d6d8a7947632:c4497, dfee02f7-0d20-4e08-8ecd-ebe087394a07:c4497]
2019-07-08 20:09:47,085 INFO  client.GrpcClientProtocolClient (GrpcClientProtocolClient.java:onNext(255)) - client-83AFC0B42279->fd4515e9-84f2-4741-b1f5-a9247145a2ac: receive RaftClientReply:client-83AFC0B42279->fd4515e9-84f2-4741-b1f5-a9247145a2ac@group-E2152A48AE85, cid=3014, SUCCESS, logIndex=4501, commits[fd4515e9-84f2-4741-b1f5-a9247145a2ac:c4501, 2e3e112c-ad01-4834-a07e-d6d8a7947632:c4497, dfee02f7-0d20-4e08-8ecd-ebe087394a07:c4497]
2019-07-08 20:09:47,089 INFO  client.GrpcClientProtocolClient (GrpcClientProtocolClient.java:onNext(255)) - client-83AFC0B42279->fd4515e9-84f2-4741-b1f5-a9247145a2ac: receive RaftClientReply:client-83AFC0B42279->fd4515e9-84f2-4741-b1f5-a9247145a2ac@group-E2152A48AE85, cid=3015, SUCCESS, logIndex=0, commits[fd4515e9-84f2-4741-b1f5-a9247145a2ac:c4503, 2e3e112c-ad01-4834-a07e-d6d8a7947632:c4499, dfee02f7-0d20-4e08-8ecd-ebe087394a07:c4499]
 0.00% |█                                                                                                    |  0/1 Time: 0:00:262019-07-08 20:09:47,118 INFO  client.GrpcClientProtocolClient (GrpcClientProtocolClient.java:onNext(255)) - client-83AFC0B42279->fd4515e9-84f2-4741-b1f5-a9247145a2ac: receive RaftClientReply:client-83AFC0B42279->fd4515e9-84f2-4741-b1f5-a9247145a2ac@group-E2152A48AE85, cid=3016, SUCCESS, logIndex=4506, commits[fd4515e9-84f2-4741-b1f5-a9247145a2ac:c4507, 2e3e112c-ad01-4834-a07e-d6d8a7947632:c4505, dfee02f7-0d20-4e08-8ecd-ebe087394a07:c4505]
2019-07-08 20:09:47,119 INFO  client.GrpcClientProtocolClient (GrpcClientProtocolClient.java:onNext(255)) - client-83AFC0B42279->fd4515e9-84f2-4741-b1f5-a9247145a2ac: receive RaftClientReply:client-83AFC0B42279->fd4515e9-84f2-4741-b1f5-a9247145a2ac@group-E2152A48AE85, cid=3017, SUCCESS, logIndex=4507, commits[fd4515e9-84f2-4741-b1f5-a9247145a2ac:c4507, 2e3e112c-ad01-4834-a07e-d6d8a7947632:c4505, dfee02f7-0d20-4e08-8ecd-ebe087394a07:c4505]
2019-07-08 20:09:47,150 INFO  client.GrpcClientProtocolClient (GrpcClientProtocolClient.java:onNext(255)) - client-83AFC0B42279->fd4515e9-84f2-4741-b1f5-a9247145a2ac: receive RaftClientReply:client-83AFC0B42279->fd4515e9-84f2-4741-b1f5-a9247145a2ac@group-E2152A48AE85, cid=3018, SUCCESS, logIndex=4510, commits[fd4515e9-84f2-4741-b1f5-a9247145a2ac:c4511, 2e3e112c-ad01-4834-a07e-d6d8a7947632:c4507, dfee02f7-0d20-4e08-8ecd-ebe087394a07:c4507]
2019-07-08 20:09:47,151 INFO  client.GrpcClientProtocolClient (GrpcClientProtocolClient.java:onNext(255)) - client-83AFC0B42279->fd4515e9-84f2-4741-b1f5-a9247145a2ac: receive RaftClientReply:client-83AFC0B42279->fd4515e9-84f2-4741-b1f5-a9247145a2ac@group-E2152A48AE85, cid=3019, SUCCESS, logIndex=4511, commits[fd4515e9-84f2-4741-b1f5-a9247145a2ac:c4511, 2e3e112c-ad01-4834-a07e-d6d8a7947632:c4507, dfee02f7-0d20-4e08-8ecd-ebe087394a07:c4507]
2019-07-08 20:09:47,177 INFO  client.GrpcClientProtocolClient (GrpcClientProtocolClient.java:onNext(255)) - client-83AFC0B42279->fd4515e9-84f2-4741-b1f5-a9247145a2ac: receive RaftClientReply:client-83AFC0B42279->fd4515e9-84f2-4741-b1f5-a9247145a2ac@group-E2152A48AE85, cid=3020, SUCCESS, logIndex=0, commits[fd4515e9-84f2-4741-b1f5-a9247145a2ac:c4512, 2e3e112c-ad01-4834-a07e-d6d8a7947632:c4511, dfee02f7-0d20-4e08-8ecd-ebe087394a07:c4511]
2019-07-08 20:09:47,212 INFO  client.GrpcClientProtocolClient (GrpcClientProtocolClient.java:onNext(255)) - client-83AFC0B42279->fd4515e9-84f2-4741-b1f5-a9247145a2ac: receive RaftClientReply:client-83AFC0B42279->fd4515e9-84f2-4741-b1f5-a9247145a2ac@group-E2152A48AE85, cid=3021, SUCCESS, logIndex=4514, commits[fd4515e9-84f2-4741-b1f5-a9247145a2ac:c4515, 2e3e112c-ad01-4834-a07e-d6d8a7947632:c4513, dfee02f7-0d20-4e08-8ecd-ebe087394a07:c4513]
2019-07-08 20:09:47,213 INFO  client.GrpcClientProtocolClient (GrpcClientProtocolClient.java:onNext(255)) - client-83AFC0B42279->fd4515e9-84f2-4741-b1f5-a9247145a2ac: receive RaftClientReply:client-83AFC0B42279->fd4515e9-84f2-4741-b1f5-a9247145a2ac@group-E2152A48AE85, cid=3022, SUCCESS, logIndex=4515, commits[fd4515e9-84f2-4741-b1f5-a9247145a2ac:c4516, 2e3e112c-ad01-4834-a07e-d6d8a7947632:c4513, dfee02f7-0d20-4e08-8ecd-ebe087394a07:c4513]
2019-07-08 20:09:47,213 INFO  client.GrpcClientProtocolClient (GrpcClientProtocolClient.java:onNext(255)) - client-83AFC0B42279->fd4515e9-84f2-4741-b1f5-a9247145a2ac: receive RaftClientReply:client-83AFC0B42279->fd4515e9-84f2-4741-b1f5-a9247145a2ac@group-E2152A48AE85, cid=3023, SUCCESS, logIndex=4516, commits[fd4515e9-84f2-4741-b1f5-a9247145a2ac:c4517, 2e3e112c-ad01-4834-a07e-d6d8a7947632:c4513, dfee02f7-0d20-4e08-8ecd-ebe087394a07:c4513]
2019-07-08 20:09:47,213 INFO  client.GrpcClientProtocolClient (GrpcClientProtocolClient.java:onNext(255)) - client-83AFC0B42279->fd4515e9-84f2-4741-b1f5-a9247145a2ac: receive RaftClientReply:client-83AFC0B42279->fd4515e9-84f2-4741-b1f5-a9247145a2ac@group-E2152A48AE85, cid=3024, SUCCESS, logIndex=4517, commits[fd4515e9-84f2-4741-b1f5-a9247145a2ac:c4517, 2e3e112c-ad01-4834-a07e-d6d8a7947632:c4513, dfee02f7-0d20-4e08-8ecd-ebe087394a07:c4513]
2019-07-08 20:09:47,227 INFO  client.GrpcClientProtocolClient (GrpcClientProtocolClient.java:onNext(255)) - client-83AFC0B42279->fd4515e9-84f2-4741-b1f5-a9247145a2ac: receive RaftClientReply:client-83AFC0B42279->fd4515e9-84f2-4741-b1f5-a9247145a2ac@group-E2152A48AE85, cid=3025, SUCCESS, logIndex=0, commits[fd4515e9-84f2-4741-b1f5-a9247145a2ac:c4519, 2e3e112c-ad01-4834-a07e-d6d8a7947632:c4515, dfee02f7-0d20-4e08-8ecd-ebe087394a07:c4515]
2019-07-08 20:09:47,250 INFO  client.GrpcClientProtocolClient (GrpcClientProtocolClient.java:onNext(255)) - client-83AFC0B42279->fd4515e9-84f2-4741-b1f5-a9247145a2ac: receive RaftClientReply:client-83AFC0B42279->fd4515e9-84f2-4741-b1f5-a9247145a2ac@group-E2152A48AE85, cid=3026, SUCCESS, logIndex=4522, commits[fd4515e9-84f2-4741-b1f5-a9247145a2ac:c4523, 2e3e112c-ad01-4834-a07e-d6d8a7947632:c4521, dfee02f7-0d20-4e08-8ecd-ebe087394a07:c4521]
2019-07-08 20:09:47,252 INFO  client.GrpcClientProtocolClient (GrpcClientProtocolClient.java:onNext(255)) - client-83AFC0B42279->fd4515e9-84f2-4741-b1f5-a9247145a2ac: receive RaftClientReply:client-83AFC0B42279->fd4515e9-84f2-4741-b1f5-a9247145a2ac@group-E2152A48AE85, cid=3027, SUCCESS, logIndex=4523, commits[fd4515e9-84f2-4741-b1f5-a9247145a2ac:c4523, 2e3e112c-ad01-4834-a07e-d6d8a7947632:c4521, dfee02f7-0d20-4e08-8ecd-ebe087394a07:c4521]
2019-07-08 20:09:47,275 INFO  client.GrpcClientProtocolClient (GrpcClientProtocolClient.java:onNext(255)) - client-83AFC0B42279->fd4515e9-84f2-4741-b1f5-a9247145a2ac: receive RaftClientReply:client-83AFC0B42279->fd4515e9-84f2-4741-b1f5-a9247145a2ac@group-E2152A48AE85, cid=3028, SUCCESS, logIndex=4526, commits[fd4515e9-84f2-4741-b1f5-a9247145a2ac:c4527, 2e3e112c-ad01-4834-a07e-d6d8a7947632:c4524, dfee02f7-0d20-4e08-8ecd-ebe087394a07:c4524]
2019-07-08 20:09:47,276 INFO  client.GrpcClientProtocolClient (GrpcClientProtocolClient.java:onNext(255)) - client-83AFC0B42279->fd4515e9-84f2-4741-b1f5-a9247145a2ac: receive RaftClientReply:client-83AFC0B42279->fd4515e9-84f2-4741-b1f5-a9247145a2ac@group-E2152A48AE85, cid=3029, SUCCESS, logIndex=4527, commits[fd4515e9-84f2-4741-b1f5-a9247145a2ac:c4527, 2e3e112c-ad01-4834-a07e-d6d8a7947632:c4524, dfee02f7-0d20-4e08-8ecd-ebe087394a07:c4524]
2019-07-08 20:09:47,290 INFO  client.GrpcClientProtocolClient (GrpcClientProtocolClient.java:onNext(255)) - client-83AFC0B42279->fd4515e9-84f2-4741-b1f5-a9247145a2ac: receive RaftClientReply:client-83AFC0B42279->fd4515e9-84f2-4741-b1f5-a9247145a2ac@group-E2152A48AE85, cid=3030, SUCCESS, logIndex=0, commits[fd4515e9-84f2-4741-b1f5-a9247145a2ac:c4528, 2e3e112c-ad01-4834-a07e-d6d8a7947632:c4527, dfee02f7-0d20-4e08-8ecd-ebe087394a07:c4527]
2019-07-08 20:09:47,328 INFO  client.GrpcClientProtocolClient (GrpcClientProtocolClient.java:onNext(255)) - client-83AFC0B42279->fd4515e9-84f2-4741-b1f5-a9247145a2ac: receive RaftClientReply:client-83AFC0B42279->fd4515e9-84f2-4741-b1f5-a9247145a2ac@group-E2152A48AE85, cid=3031, SUCCESS, logIndex=4530, commits[fd4515e9-84f2-4741-b1f5-a9247145a2ac:c4531, 2e3e112c-ad01-4834-a07e-d6d8a7947632:c4529, dfee02f7-0d20-4e08-8ecd-ebe087394a07:c4529]
2019-07-08 20:09:47,329 INFO  client.GrpcClientProtocolClient (GrpcClientProtocolClient.java:onNext(255)) - client-83AFC0B42279->fd4515e9-84f2-4741-b1f5-a9247145a2ac: receive RaftClientReply:client-83AFC0B42279->fd4515e9-84f2-4741-b1f5-a9247145a2ac@group-E2152A48AE85, cid=3032, SUCCESS, logIndex=4531, commits[fd4515e9-84f2-4741-b1f5-a9247145a2ac:c4533, 2e3e112c-ad01-4834-a07e-d6d8a7947632:c4529, dfee02f7-0d20-4e08-8ecd-ebe087394a07:c4529]
2019-07-08 20:09:47,330 INFO  client.GrpcClientProtocolClient (GrpcClientProtocolClient.java:onNext(255)) - client-83AFC0B42279->fd4515e9-84f2-4741-b1f5-a9247145a2ac: receive RaftClientReply:client-83AFC0B42279->fd4515e9-84f2-4741-b1f5-a9247145a2ac@group-E2152A48AE85, cid=3033, SUCCESS, logIndex=4532, commits[fd4515e9-84f2-4741-b1f5-a9247145a2ac:c4533, 2e3e112c-ad01-4834-a07e-d6d8a7947632:c4529, dfee02f7-0d20-4e08-8ecd-ebe087394a07:c4530]
2019-07-08 20:09:47,330 INFO  client.GrpcClientProtocolClient (GrpcClientProtocolClient.java:onNext(255)) - client-83AFC0B42279->fd4515e9-84f2-4741-b1f5-a9247145a2ac: receive RaftClientReply:client-83AFC0B42279->fd4515e9-84f2-4741-b1f5-a9247145a2ac@group-E2152A48AE85, cid=3034, SUCCESS, logIndex=4533, commits[fd4515e9-84f2-4741-b1f5-a9247145a2ac:c4534, 2e3e112c-ad01-4834-a07e-d6d8a7947632:c4529, dfee02f7-0d20-4e08-8ecd-ebe087394a07:c4530]
2019-07-08 20:09:47,332 INFO  client.GrpcClientProtocolClient (GrpcClientProtocolClient.java:onNext(255)) - client-83AFC0B42279->fd4515e9-84f2-4741-b1f5-a9247145a2ac: receive RaftClientReply:client-83AFC0B42279->fd4515e9-84f2-4741-b1f5-a9247145a2ac@group-E2152A48AE85, cid=3035, SUCCESS, logIndex=0, commits[fd4515e9-84f2-4741-b1f5-a9247145a2ac:c4534, 2e3e112c-ad01-4834-a07e-d6d8a7947632:c4531, dfee02f7-0d20-4e08-8ecd-ebe087394a07:c4531]
2019-07-08 20:09:47,346 INFO  client.GrpcClientProtocolClient (GrpcClientProtocolClient.java:onNext(255)) - client-83AFC0B42279->fd4515e9-84f2-4741-b1f5-a9247145a2ac: receive RaftClientReply:client-83AFC0B42279->fd4515e9-84f2-4741-b1f5-a9247145a2ac@group-E2152A48AE85, cid=3036, SUCCESS, logIndex=4538, commits[fd4515e9-84f2-4741-b1f5-a9247145a2ac:c4539, 2e3e112c-ad01-4834-a07e-d6d8a7947632:c4533, dfee02f7-0d20-4e08-8ecd-ebe087394a07:c4537]
2019-07-08 20:09:47,347 INFO  client.GrpcClientProtocolClient (GrpcClientProtocolClient.java:onNext(255)) - client-83AFC0B42279->fd4515e9-84f2-4741-b1f5-a9247145a2ac: receive RaftClientReply:client-83AFC0B42279->fd4515e9-84f2-4741-b1f5-a9247145a2ac@group-E2152A48AE85, cid=3037, SUCCESS, logIndex=4539, commits[fd4515e9-84f2-4741-b1f5-a9247145a2ac:c4539, 2e3e112c-ad01-4834-a07e-d6d8a7947632:c4537, dfee02f7-0d20-4e08-8ecd-ebe087394a07:c4537]
2019-07-08 20:09:47,368 INFO  client.GrpcClientProtocolClient (GrpcClientProtocolClient.java:onNext(255)) - client-83AFC0B42279->fd4515e9-84f2-4741-b1f5-a9247145a2ac: receive RaftClientReply:client-83AFC0B42279->fd4515e9-84f2-4741-b1f5-a9247145a2ac@group-E2152A48AE85, cid=3038, SUCCESS, logIndex=4542, commits[fd4515e9-84f2-4741-b1f5-a9247145a2ac:c4543, 2e3e112c-ad01-4834-a07e-d6d8a7947632:c4541, dfee02f7-0d20-4e08-8ecd-ebe087394a07:c4541]
2019-07-08 20:09:47,368 INFO  client.GrpcClientProtocolClient (GrpcClientProtocolClient.java:onNext(255)) - client-83AFC0B42279->fd4515e9-84f2-4741-b1f5-a9247145a2ac: receive RaftClientReply:client-83AFC0B42279->fd4515e9-84f2-4741-b1f5-a9247145a2ac@group-E2152A48AE85, cid=3039, SUCCESS, logIndex=4543, commits[fd4515e9-84f2-4741-b1f5-a9247145a2ac:c4543, 2e3e112c-ad01-4834-a07e-d6d8a7947632:c4541, dfee02f7-0d20-4e08-8ecd-ebe087394a07:c4541]
2019-07-08 20:09:47,383 INFO  client.GrpcClientProtocolClient (GrpcClientProtocolClient.java:onNext(255)) - client-83AFC0B42279->fd4515e9-84f2-4741-b1f5-a9247145a2ac: receive RaftClientReply:client-83AFC0B42279->fd4515e9-84f2-4741-b1f5-a9247145a2ac@group-E2152A48AE85, cid=3040, SUCCESS, logIndex=0, commits[fd4515e9-84f2-4741-b1f5-a9247145a2ac:c4544, 2e3e112c-ad01-4834-a07e-d6d8a7947632:c4543, dfee02f7-0d20-4e08-8ecd-ebe087394a07:c4543]
2019-07-08 20:09:47,419 INFO  client.GrpcClientProtocolClient (GrpcClientProtocolClient.java:onNext(255)) - client-83AFC0B42279->fd4515e9-84f2-4741-b1f5-a9247145a2ac: receive RaftClientReply:client-83AFC0B42279->fd4515e9-84f2-4741-b1f5-a9247145a2ac@group-E2152A48AE85, cid=3041, SUCCESS, logIndex=4546, commits[fd4515e9-84f2-4741-b1f5-a9247145a2ac:c4547, 2e3e112c-ad01-4834-a07e-d6d8a7947632:c4545, dfee02f7-0d20-4e08-8ecd-ebe087394a07:c4545]
2019-07-08 20:09:47,419 INFO  client.GrpcClientProtocolClient (GrpcClientProtocolClient.java:onNext(255)) - client-83AFC0B42279->fd4515e9-84f2-4741-b1f5-a9247145a2ac: receive RaftClientReply:client-83AFC0B42279->fd4515e9-84f2-4741-b1f5-a9247145a2ac@group-E2152A48AE85, cid=3042, SUCCESS, logIndex=4547, commits[fd4515e9-84f2-4741-b1f5-a9247145a2ac:c4549, 2e3e112c-ad01-4834-a07e-d6d8a7947632:c4545, dfee02f7-0d20-4e08-8ecd-ebe087394a07:c4545]
2019-07-08 20:09:47,420 INFO  client.GrpcClientProtocolClient (GrpcClientProtocolClient.java:onNext(255)) - client-83AFC0B42279->fd4515e9-84f2-4741-b1f5-a9247145a2ac: receive RaftClientReply:client-83AFC0B42279->fd4515e9-84f2-4741-b1f5-a9247145a2ac@group-E2152A48AE85, cid=3043, SUCCESS, logIndex=4548, commits[fd4515e9-84f2-4741-b1f5-a9247145a2ac:c4549, 2e3e112c-ad01-4834-a07e-d6d8a7947632:c4545, dfee02f7-0d20-4e08-8ecd-ebe087394a07:c4545]
2019-07-08 20:09:47,420 INFO  client.GrpcClientProtocolClient (GrpcClientProtocolClient.java:onNext(255)) - client-83AFC0B42279->fd4515e9-84f2-4741-b1f5-a9247145a2ac: receive RaftClientReply:client-83AFC0B42279->fd4515e9-84f2-4741-b1f5-a9247145a2ac@group-E2152A48AE85, cid=3044, SUCCESS, logIndex=4549, commits[fd4515e9-84f2-4741-b1f5-a9247145a2ac:c4549, 2e3e112c-ad01-4834-a07e-d6d8a7947632:c4545, dfee02f7-0d20-4e08-8ecd-ebe087394a07:c4545]
2019-07-08 20:09:47,432 INFO  client.GrpcClientProtocolClient (GrpcClientProtocolClient.java:onNext(255)) - client-83AFC0B42279->fd4515e9-84f2-4741-b1f5-a9247145a2ac: receive RaftClientReply:client-83AFC0B42279->fd4515e9-84f2-4741-b1f5-a9247145a2ac@group-E2152A48AE85, cid=3045, SUCCESS, logIndex=0, commits[fd4515e9-84f2-4741-b1f5-a9247145a2ac:c4550, 2e3e112c-ad01-4834-a07e-d6d8a7947632:c4547, dfee02f7-0d20-4e08-8ecd-ebe087394a07:c4547]
2019-07-08 20:09:47,444 INFO  client.GrpcClientProtocolClient (GrpcClientProtocolClient.java:onNext(255)) - client-83AFC0B42279->fd4515e9-84f2-4741-b1f5-a9247145a2ac: receive RaftClientReply:client-83AFC0B42279->fd4515e9-84f2-4741-b1f5-a9247145a2ac@group-E2152A48AE85, cid=3046, SUCCESS, logIndex=4552, commits[fd4515e9-84f2-4741-b1f5-a9247145a2ac:c4553, 2e3e112c-ad01-4834-a07e-d6d8a7947632:c4549, dfee02f7-0d20-4e08-8ecd-ebe087394a07:c4550]
2019-07-08 20:09:47,445 INFO  client.GrpcClientProtocolClient (GrpcClientProtocolClient.java:onNext(255)) - client-83AFC0B42279->fd4515e9-84f2-4741-b1f5-a9247145a2ac: receive RaftClientReply:client-83AFC0B42279->fd4515e9-84f2-4741-b1f5-a9247145a2ac@group-E2152A48AE85, cid=3047, SUCCESS, logIndex=4553, commits[fd4515e9-84f2-4741-b1f5-a9247145a2ac:c4553, 2e3e112c-ad01-4834-a07e-d6d8a7947632:c4549, dfee02f7-0d20-4e08-8ecd-ebe087394a07:c4550]
2019-07-08 20:09:47,471 INFO  client.GrpcClientProtocolClient (GrpcClientProtocolClient.java:onNext(255)) - client-83AFC0B42279->fd4515e9-84f2-4741-b1f5-a9247145a2ac: receive RaftClientReply:client-83AFC0B42279->fd4515e9-84f2-4741-b1f5-a9247145a2ac@group-E2152A48AE85, cid=3048, SUCCESS, logIndex=4556, commits[fd4515e9-84f2-4741-b1f5-a9247145a2ac:c4557, 2e3e112c-ad01-4834-a07e-d6d8a7947632:c4553, dfee02f7-0d20-4e08-8ecd-ebe087394a07:c4553]
2019-07-08 20:09:47,471 INFO  client.GrpcClientProtocolClient (GrpcClientProtocolClient.java:onNext(255)) - client-83AFC0B42279->fd4515e9-84f2-4741-b1f5-a9247145a2ac: receive RaftClientReply:client-83AFC0B42279->fd4515e9-84f2-4741-b1f5-a9247145a2ac@group-E2152A48AE85, cid=3049, SUCCESS, logIndex=4557, commits[fd4515e9-84f2-4741-b1f5-a9247145a2ac:c4557, 2e3e112c-ad01-4834-a07e-d6d8a7947632:c4553, dfee02f7-0d20-4e08-8ecd-ebe087394a07:c4553]
2019-07-08 20:09:47,484 INFO  client.GrpcClientProtocolClient (GrpcClientProtocolClient.java:onNext(255)) - client-83AFC0B42279->fd4515e9-84f2-4741-b1f5-a9247145a2ac: receive RaftClientReply:client-83AFC0B42279->fd4515e9-84f2-4741-b1f5-a9247145a2ac@group-E2152A48AE85, cid=3050, SUCCESS, logIndex=0, commits[fd4515e9-84f2-4741-b1f5-a9247145a2ac:c4558, 2e3e112c-ad01-4834-a07e-d6d8a7947632:c4557, dfee02f7-0d20-4e08-8ecd-ebe087394a07:c4557]
2019-07-08 20:09:47,520 INFO  client.GrpcClientProtocolClient (GrpcClientProtocolClient.java:onNext(255)) - client-83AFC0B42279->fd4515e9-84f2-4741-b1f5-a9247145a2ac: receive RaftClientReply:client-83AFC0B42279->fd4515e9-84f2-4741-b1f5-a9247145a2ac@group-E2152A48AE85, cid=3051, SUCCESS, logIndex=4559, commits[fd4515e9-84f2-4741-b1f5-a9247145a2ac:c4560, 2e3e112c-ad01-4834-a07e-d6d8a7947632:c4558, dfee02f7-0d20-4e08-8ecd-ebe087394a07:c4558]
2019-07-08 20:09:47,520 INFO  client.GrpcClientProtocolClient (GrpcClientProtocolClient.java:onNext(255)) - client-83AFC0B42279->fd4515e9-84f2-4741-b1f5-a9247145a2ac: receive RaftClientReply:client-83AFC0B42279->fd4515e9-84f2-4741-b1f5-a9247145a2ac@group-E2152A48AE85, cid=3052, SUCCESS, logIndex=4560, commits[fd4515e9-84f2-4741-b1f5-a9247145a2ac:c4560, 2e3e112c-ad01-4834-a07e-d6d8a7947632:c4558, dfee02f7-0d20-4e08-8ecd-ebe087394a07:c4558]
2019-07-08 20:09:47,529 INFO  client.GrpcClientProtocolClient (GrpcClientProtocolClient.java:onNext(255)) - client-83AFC0B42279->fd4515e9-84f2-4741-b1f5-a9247145a2ac: receive RaftClientReply:client-83AFC0B42279->fd4515e9-84f2-4741-b1f5-a9247145a2ac@group-E2152A48AE85, cid=3053, SUCCESS, logIndex=4561, commits[fd4515e9-84f2-4741-b1f5-a9247145a2ac:c4562, 2e3e112c-ad01-4834-a07e-d6d8a7947632:c4558, dfee02f7-0d20-4e08-8ecd-ebe087394a07:c4558]
2019-07-08 20:09:47,530 INFO  client.GrpcClientProtocolClient (GrpcClientProtocolClient.java:onNext(255)) - client-83AFC0B42279->fd4515e9-84f2-4741-b1f5-a9247145a2ac: receive RaftClientReply:client-83AFC0B42279->fd4515e9-84f2-4741-b1f5-a9247145a2ac@group-E2152A48AE85, cid=3054, SUCCESS, logIndex=4562, commits[fd4515e9-84f2-4741-b1f5-a9247145a2ac:c4562, 2e3e112c-ad01-4834-a07e-d6d8a7947632:c4558, dfee02f7-0d20-4e08-8ecd-ebe087394a07:c4558]
2019-07-08 20:09:47,546 INFO  client.GrpcClientProtocolClient (GrpcClientProtocolClient.java:onNext(255)) - client-83AFC0B42279->fd4515e9-84f2-4741-b1f5-a9247145a2ac: receive RaftClientReply:client-83AFC0B42279->fd4515e9-84f2-4741-b1f5-a9247145a2ac@group-E2152A48AE85, cid=3055, SUCCESS, logIndex=0, commits[fd4515e9-84f2-4741-b1f5-a9247145a2ac:c4565, 2e3e112c-ad01-4834-a07e-d6d8a7947632:c4560, dfee02f7-0d20-4e08-8ecd-ebe087394a07:c4560]
2019-07-08 20:09:47,566 INFO  client.GrpcClientProtocolClient (GrpcClientProtocolClient.java:onNext(255)) - client-83AFC0B42279->fd4515e9-84f2-4741-b1f5-a9247145a2ac: receive RaftClientReply:client-83AFC0B42279->fd4515e9-84f2-4741-b1f5-a9247145a2ac@group-E2152A48AE85, cid=3056, SUCCESS, logIndex=4567, commits[fd4515e9-84f2-4741-b1f5-a9247145a2ac:c4567, 2e3e112c-ad01-4834-a07e-d6d8a7947632:c4566, dfee02f7-0d20-4e08-8ecd-ebe087394a07:c4566]
2019-07-08 20:09:47,566 INFO  client.GrpcClientProtocolClient (GrpcClientProtocolClient.java:onNext(255)) - client-83AFC0B42279->fd4515e9-84f2-4741-b1f5-a9247145a2ac: receive RaftClientReply:client-83AFC0B42279->fd4515e9-84f2-4741-b1f5-a9247145a2ac@group-E2152A48AE85, cid=3057, SUCCESS, logIndex=4568, commits[fd4515e9-84f2-4741-b1f5-a9247145a2ac:c4568, 2e3e112c-ad01-4834-a07e-d6d8a7947632:c4566, dfee02f7-0d20-4e08-8ecd-ebe087394a07:c4566]
2019-07-08 20:09:47,583 INFO  client.GrpcClientProtocolClient (GrpcClientProtocolClient.java:onNext(255)) - client-83AFC0B42279->fd4515e9-84f2-4741-b1f5-a9247145a2ac: receive RaftClientReply:client-83AFC0B42279->fd4515e9-84f2-4741-b1f5-a9247145a2ac@group-E2152A48AE85, cid=3058, SUCCESS, logIndex=4571, commits[fd4515e9-84f2-4741-b1f5-a9247145a2ac:c4572, 2e3e112c-ad01-4834-a07e-d6d8a7947632:c4568, dfee02f7-0d20-4e08-8ecd-ebe087394a07:c4568]
2019-07-08 20:09:47,584 INFO  client.GrpcClientProtocolClient (GrpcClientProtocolClient.java:onNext(255)) - client-83AFC0B42279->fd4515e9-84f2-4741-b1f5-a9247145a2ac: receive RaftClientReply:client-83AFC0B42279->fd4515e9-84f2-4741-b1f5-a9247145a2ac@group-E2152A48AE85, cid=3059, SUCCESS, logIndex=4572, commits[fd4515e9-84f2-4741-b1f5-a9247145a2ac:c4572, 2e3e112c-ad01-4834-a07e-d6d8a7947632:c4568, dfee02f7-0d20-4e08-8ecd-ebe087394a07:c4568]
2019-07-08 20:09:47,611 INFO  client.GrpcClientProtocolClient (GrpcClientProtocolClient.java:onNext(255)) - client-83AFC0B42279->fd4515e9-84f2-4741-b1f5-a9247145a2ac: receive RaftClientReply:client-83AFC0B42279->fd4515e9-84f2-4741-b1f5-a9247145a2ac@group-E2152A48AE85, cid=3060, SUCCESS, logIndex=0, commits[fd4515e9-84f2-4741-b1f5-a9247145a2ac:c4574, 2e3e112c-ad01-4834-a07e-d6d8a7947632:c4572, dfee02f7-0d20-4e08-8ecd-ebe087394a07:c4572]
2019-07-08 20:09:47,644 INFO  client.GrpcClientProtocolClient (GrpcClientProtocolClient.java:onNext(255)) - client-83AFC0B42279->fd4515e9-84f2-4741-b1f5-a9247145a2ac: receive RaftClientReply:client-83AFC0B42279->fd4515e9-84f2-4741-b1f5-a9247145a2ac@group-E2152A48AE85, cid=3061, SUCCESS, logIndex=4575, commits[fd4515e9-84f2-4741-b1f5-a9247145a2ac:c4576, 2e3e112c-ad01-4834-a07e-d6d8a7947632:c4574, dfee02f7-0d20-4e08-8ecd-ebe087394a07:c4574]
2019-07-08 20:09:47,645 INFO  client.GrpcClientProtocolClient (GrpcClientProtocolClient.java:onNext(255)) - client-83AFC0B42279->fd4515e9-84f2-4741-b1f5-a9247145a2ac: receive RaftClientReply:client-83AFC0B42279->fd4515e9-84f2-4741-b1f5-a9247145a2ac@group-E2152A48AE85, cid=3062, SUCCESS, logIndex=4576, commits[fd4515e9-84f2-4741-b1f5-a9247145a2ac:c4578, 2e3e112c-ad01-4834-a07e-d6d8a7947632:c4574, dfee02f7-0d20-4e08-8ecd-ebe087394a07:c4574]
2019-07-08 20:09:47,645 INFO  client.GrpcClientProtocolClient (GrpcClientProtocolClient.java:onNext(255)) - client-83AFC0B42279->fd4515e9-84f2-4741-b1f5-a9247145a2ac: receive RaftClientReply:client-83AFC0B42279->fd4515e9-84f2-4741-b1f5-a9247145a2ac@group-E2152A48AE85, cid=3063, SUCCESS, logIndex=4577, commits[fd4515e9-84f2-4741-b1f5-a9247145a2ac:c4578, 2e3e112c-ad01-4834-a07e-d6d8a7947632:c4574, dfee02f7-0d20-4e08-8ecd-ebe087394a07:c4574]
2019-07-08 20:09:47,645 INFO  client.GrpcClientProtocolClient (GrpcClientProtocolClient.java:onNext(255)) - client-83AFC0B42279->fd4515e9-84f2-4741-b1f5-a9247145a2ac: receive RaftClientReply:client-83AFC0B42279->fd4515e9-84f2-4741-b1f5-a9247145a2ac@group-E2152A48AE85, cid=3064, SUCCESS, logIndex=4578, commits[fd4515e9-84f2-4741-b1f5-a9247145a2ac:c4578, 2e3e112c-ad01-4834-a07e-d6d8a7947632:c4574, dfee02f7-0d20-4e08-8ecd-ebe087394a07:c4574]
2019-07-08 20:09:47,655 INFO  client.GrpcClientProtocolClient (GrpcClientProtocolClient.java:onNext(255)) - client-83AFC0B42279->fd4515e9-84f2-4741-b1f5-a9247145a2ac: receive RaftClientReply:client-83AFC0B42279->fd4515e9-84f2-4741-b1f5-a9247145a2ac@group-E2152A48AE85, cid=3065, SUCCESS, logIndex=0, commits[fd4515e9-84f2-4741-b1f5-a9247145a2ac:c4579, 2e3e112c-ad01-4834-a07e-d6d8a7947632:c4576, dfee02f7-0d20-4e08-8ecd-ebe087394a07:c4576]
2019-07-08 20:09:47,669 INFO  client.GrpcClientProtocolClient (GrpcClientProtocolClient.java:onNext(255)) - client-83AFC0B42279->fd4515e9-84f2-4741-b1f5-a9247145a2ac: receive RaftClientReply:client-83AFC0B42279->fd4515e9-84f2-4741-b1f5-a9247145a2ac@group-E2152A48AE85, cid=3066, SUCCESS, logIndex=4582, commits[fd4515e9-84f2-4741-b1f5-a9247145a2ac:c4583, 2e3e112c-ad01-4834-a07e-d6d8a7947632:c4578, dfee02f7-0d20-4e08-8ecd-ebe087394a07:c4579]
2019-07-08 20:09:47,669 INFO  client.GrpcClientProtocolClient (GrpcClientProtocolClient.java:onNext(255)) - client-83AFC0B42279->fd4515e9-84f2-4741-b1f5-a9247145a2ac: receive RaftClientReply:client-83AFC0B42279->fd4515e9-84f2-4741-b1f5-a9247145a2ac@group-E2152A48AE85, cid=3067, SUCCESS, logIndex=4583, commits[fd4515e9-84f2-4741-b1f5-a9247145a2ac:c4583, 2e3e112c-ad01-4834-a07e-d6d8a7947632:c4579, dfee02f7-0d20-4e08-8ecd-ebe087394a07:c4579]
2019-07-08 20:09:47,701 INFO  client.GrpcClientProtocolClient (GrpcClientProtocolClient.java:onNext(255)) - client-83AFC0B42279->fd4515e9-84f2-4741-b1f5-a9247145a2ac: receive RaftClientReply:client-83AFC0B42279->fd4515e9-84f2-4741-b1f5-a9247145a2ac@group-E2152A48AE85, cid=3068, SUCCESS, logIndex=4586, commits[fd4515e9-84f2-4741-b1f5-a9247145a2ac:c4587, 2e3e112c-ad01-4834-a07e-d6d8a7947632:c4584, dfee02f7-0d20-4e08-8ecd-ebe087394a07:c4583]
2019-07-08 20:09:47,701 INFO  client.GrpcClientProtocolClient (GrpcClientProtocolClient.java:onNext(255)) - client-83AFC0B42279->fd4515e9-84f2-4741-b1f5-a9247145a2ac: receive RaftClientReply:client-83AFC0B42279->fd4515e9-84f2-4741-b1f5-a9247145a2ac@group-E2152A48AE85, cid=3069, SUCCESS, logIndex=4587, commits[fd4515e9-84f2-4741-b1f5-a9247145a2ac:c4587, 2e3e112c-ad01-4834-a07e-d6d8a7947632:c4584, dfee02f7-0d20-4e08-8ecd-ebe087394a07:c4583]
2019-07-08 20:09:47,727 INFO  client.GrpcClientProtocolClient (GrpcClientProtocolClient.java:onNext(255)) - client-83AFC0B42279->fd4515e9-84f2-4741-b1f5-a9247145a2ac: receive RaftClientReply:client-83AFC0B42279->fd4515e9-84f2-4741-b1f5-a9247145a2ac@group-E2152A48AE85, cid=3070, SUCCESS, logIndex=0, commits[fd4515e9-84f2-4741-b1f5-a9247145a2ac:c4588, 2e3e112c-ad01-4834-a07e-d6d8a7947632:c4587, dfee02f7-0d20-4e08-8ecd-ebe087394a07:c4587]
2019-07-08 20:09:47,761 INFO  client.GrpcClientProtocolClient (GrpcClientProtocolClient.java:onNext(255)) - client-83AFC0B42279->fd4515e9-84f2-4741-b1f5-a9247145a2ac: receive RaftClientReply:client-83AFC0B42279->fd4515e9-84f2-4741-b1f5-a9247145a2ac@group-E2152A48AE85, cid=3071, SUCCESS, logIndex=4590, commits[fd4515e9-84f2-4741-b1f5-a9247145a2ac:c4591, 2e3e112c-ad01-4834-a07e-d6d8a7947632:c4589, dfee02f7-0d20-4e08-8ecd-ebe087394a07:c4589]
2019-07-08 20:09:47,762 INFO  client.GrpcClientProtocolClient (GrpcClientProtocolClient.java:onNext(255)) - client-83AFC0B42279->fd4515e9-84f2-4741-b1f5-a9247145a2ac: receive RaftClientReply:client-83AFC0B42279->fd4515e9-84f2-4741-b1f5-a9247145a2ac@group-E2152A48AE85, cid=3072, SUCCESS, logIndex=4591, commits[fd4515e9-84f2-4741-b1f5-a9247145a2ac:c4591, 2e3e112c-ad01-4834-a07e-d6d8a7947632:c4589, dfee02f7-0d20-4e08-8ecd-ebe087394a07:c4589]
2019-07-08 20:09:47,771 INFO  client.GrpcClientProtocolClient (GrpcClientProtocolClient.java:onNext(255)) - client-83AFC0B42279->fd4515e9-84f2-4741-b1f5-a9247145a2ac: receive RaftClientReply:client-83AFC0B42279->fd4515e9-84f2-4741-b1f5-a9247145a2ac@group-E2152A48AE85, cid=3073, SUCCESS, logIndex=4592, commits[fd4515e9-84f2-4741-b1f5-a9247145a2ac:c4593, 2e3e112c-ad01-4834-a07e-d6d8a7947632:c4589, dfee02f7-0d20-4e08-8ecd-ebe087394a07:c4589]
2019-07-08 20:09:47,771 INFO  client.GrpcClientProtocolClient (GrpcClientProtocolClient.java:onNext(255)) - client-83AFC0B42279->fd4515e9-84f2-4741-b1f5-a9247145a2ac: receive RaftClientReply:client-83AFC0B42279->fd4515e9-84f2-4741-b1f5-a9247145a2ac@group-E2152A48AE85, cid=3074, SUCCESS, logIndex=4593, commits[fd4515e9-84f2-4741-b1f5-a9247145a2ac:c4593, 2e3e112c-ad01-4834-a07e-d6d8a7947632:c4589, dfee02f7-0d20-4e08-8ecd-ebe087394a07:c4589]
2019-07-08 20:09:47,773 INFO  client.GrpcClientProtocolClient (GrpcClientProtocolClient.java:onNext(255)) - client-83AFC0B42279->fd4515e9-84f2-4741-b1f5-a9247145a2ac: receive RaftClientReply:client-83AFC0B42279->fd4515e9-84f2-4741-b1f5-a9247145a2ac@group-E2152A48AE85, cid=3075, SUCCESS, logIndex=0, commits[fd4515e9-84f2-4741-b1f5-a9247145a2ac:c4593, 2e3e112c-ad01-4834-a07e-d6d8a7947632:c4591, dfee02f7-0d20-4e08-8ecd-ebe087394a07:c4591]
2019-07-08 20:09:47,799 INFO  client.GrpcClientProtocolClient (GrpcClientProtocolClient.java:onNext(255)) - client-83AFC0B42279->fd4515e9-84f2-4741-b1f5-a9247145a2ac: receive RaftClientReply:client-83AFC0B42279->fd4515e9-84f2-4741-b1f5-a9247145a2ac@group-E2152A48AE85, cid=3076, SUCCESS, logIndex=4598, commits[fd4515e9-84f2-4741-b1f5-a9247145a2ac:c4598, 2e3e112c-ad01-4834-a07e-d6d8a7947632:c4593, dfee02f7-0d20-4e08-8ecd-ebe087394a07:c4593]
2019-07-08 20:09:47,800 INFO  client.GrpcClientProtocolClient (GrpcClientProtocolClient.java:onNext(255)) - client-83AFC0B42279->fd4515e9-84f2-4741-b1f5-a9247145a2ac: receive RaftClientReply:client-83AFC0B42279->fd4515e9-84f2-4741-b1f5-a9247145a2ac@group-E2152A48AE85, cid=3077, SUCCESS, logIndex=4599, commits[fd4515e9-84f2-4741-b1f5-a9247145a2ac:c4599, 2e3e112c-ad01-4834-a07e-d6d8a7947632:c4593, dfee02f7-0d20-4e08-8ecd-ebe087394a07:c4593]
2019-07-08 20:09:47,832 INFO  client.GrpcClientProtocolClient (GrpcClientProtocolClient.java:onNext(255)) - client-83AFC0B42279->fd4515e9-84f2-4741-b1f5-a9247145a2ac: receive RaftClientReply:client-83AFC0B42279->fd4515e9-84f2-4741-b1f5-a9247145a2ac@group-E2152A48AE85, cid=3078, SUCCESS, logIndex=4602, commits[fd4515e9-84f2-4741-b1f5-a9247145a2ac:c4602, 2e3e112c-ad01-4834-a07e-d6d8a7947632:c4598, dfee02f7-0d20-4e08-8ecd-ebe087394a07:c4599]
2019-07-08 20:09:47,833 INFO  client.GrpcClientProtocolClient (GrpcClientProtocolClient.java:onNext(255)) - client-83AFC0B42279->fd4515e9-84f2-4741-b1f5-a9247145a2ac: receive RaftClientReply:client-83AFC0B42279->fd4515e9-84f2-4741-b1f5-a9247145a2ac@group-E2152A48AE85, cid=3079, SUCCESS, logIndex=4603, commits[fd4515e9-84f2-4741-b1f5-a9247145a2ac:c4603, 2e3e112c-ad01-4834-a07e-d6d8a7947632:c4599, dfee02f7-0d20-4e08-8ecd-ebe087394a07:c4599]
2019-07-08 20:09:47,839 INFO  client.GrpcClientProtocolClient (GrpcClientProtocolClient.java:onNext(255)) - client-83AFC0B42279->fd4515e9-84f2-4741-b1f5-a9247145a2ac: receive RaftClientReply:client-83AFC0B42279->fd4515e9-84f2-4741-b1f5-a9247145a2ac@group-E2152A48AE85, cid=3080, SUCCESS, logIndex=0, commits[fd4515e9-84f2-4741-b1f5-a9247145a2ac:c4605, 2e3e112c-ad01-4834-a07e-d6d8a7947632:c4603, dfee02f7-0d20-4e08-8ecd-ebe087394a07:c4603]
2019-07-08 20:09:47,982 INFO  client.GrpcClientProtocolClient (GrpcClientProtocolClient.java:onNext(255)) - client-83AFC0B42279->fd4515e9-84f2-4741-b1f5-a9247145a2ac: receive RaftClientReply:client-83AFC0B42279->fd4515e9-84f2-4741-b1f5-a9247145a2ac@group-E2152A48AE85, cid=3081, SUCCESS, logIndex=4606, commits[fd4515e9-84f2-4741-b1f5-a9247145a2ac:c4608, 2e3e112c-ad01-4834-a07e-d6d8a7947632:c4605, dfee02f7-0d20-4e08-8ecd-ebe087394a07:c4605]
2019-07-08 20:09:47,983 INFO  client.GrpcClientProtocolClient (GrpcClientProtocolClient.java:onNext(255)) - client-83AFC0B42279->fd4515e9-84f2-4741-b1f5-a9247145a2ac: receive RaftClientReply:client-83AFC0B42279->fd4515e9-84f2-4741-b1f5-a9247145a2ac@group-E2152A48AE85, cid=3082, SUCCESS, logIndex=4607, commits[fd4515e9-84f2-4741-b1f5-a9247145a2ac:c4608, 2e3e112c-ad01-4834-a07e-d6d8a7947632:c4605, dfee02f7-0d20-4e08-8ecd-ebe087394a07:c4605]
2019-07-08 20:09:47,983 INFO  client.GrpcClientProtocolClient (GrpcClientProtocolClient.java:onNext(255)) - client-83AFC0B42279->fd4515e9-84f2-4741-b1f5-a9247145a2ac: receive RaftClientReply:client-83AFC0B42279->fd4515e9-84f2-4741-b1f5-a9247145a2ac@group-E2152A48AE85, cid=3083, SUCCESS, logIndex=4608, commits[fd4515e9-84f2-4741-b1f5-a9247145a2ac:c4609, 2e3e112c-ad01-4834-a07e-d6d8a7947632:c4605, dfee02f7-0d20-4e08-8ecd-ebe087394a07:c4605]
2019-07-08 20:09:47,983 INFO  client.GrpcClientProtocolClient (GrpcClientProtocolClient.java:onNext(255)) - client-83AFC0B42279->fd4515e9-84f2-4741-b1f5-a9247145a2ac: receive RaftClientReply:client-83AFC0B42279->fd4515e9-84f2-4741-b1f5-a9247145a2ac@group-E2152A48AE85, cid=3084, SUCCESS, logIndex=4609, commits[fd4515e9-84f2-4741-b1f5-a9247145a2ac:c4609, 2e3e112c-ad01-4834-a07e-d6d8a7947632:c4605, dfee02f7-0d20-4e08-8ecd-ebe087394a07:c4605]
2019-07-08 20:09:47,995 INFO  client.GrpcClientProtocolClient (GrpcClientProtocolClient.java:onNext(255)) - client-83AFC0B42279->fd4515e9-84f2-4741-b1f5-a9247145a2ac: receive RaftClientReply:client-83AFC0B42279->fd4515e9-84f2-4741-b1f5-a9247145a2ac@group-E2152A48AE85, cid=3085, SUCCESS, logIndex=0, commits[fd4515e9-84f2-4741-b1f5-a9247145a2ac:c4610, 2e3e112c-ad01-4834-a07e-d6d8a7947632:c4607, dfee02f7-0d20-4e08-8ecd-ebe087394a07:c4607]
2019-07-08 20:09:48,020 INFO  client.GrpcClientProtocolClient (GrpcClientProtocolClient.java:onNext(255)) - client-83AFC0B42279->fd4515e9-84f2-4741-b1f5-a9247145a2ac: receive RaftClientReply:client-83AFC0B42279->fd4515e9-84f2-4741-b1f5-a9247145a2ac@group-E2152A48AE85, cid=3086, SUCCESS, logIndex=4614, commits[fd4515e9-84f2-4741-b1f5-a9247145a2ac:c4615, 2e3e112c-ad01-4834-a07e-d6d8a7947632:c4610, dfee02f7-0d20-4e08-8ecd-ebe087394a07:c4610]
2019-07-08 20:09:48,021 INFO  client.GrpcClientProtocolClient (GrpcClientProtocolClient.java:onNext(255)) - client-83AFC0B42279->fd4515e9-84f2-4741-b1f5-a9247145a2ac: receive RaftClientReply:client-83AFC0B42279->fd4515e9-84f2-4741-b1f5-a9247145a2ac@group-E2152A48AE85, cid=3087, SUCCESS, logIndex=4615, commits[fd4515e9-84f2-4741-b1f5-a9247145a2ac:c4615, 2e3e112c-ad01-4834-a07e-d6d8a7947632:c4610, dfee02f7-0d20-4e08-8ecd-ebe087394a07:c4610]
2019-07-08 20:09:48,047 INFO  client.GrpcClientProtocolClient (GrpcClientProtocolClient.java:onNext(255)) - client-83AFC0B42279->fd4515e9-84f2-4741-b1f5-a9247145a2ac: receive RaftClientReply:client-83AFC0B42279->fd4515e9-84f2-4741-b1f5-a9247145a2ac@group-E2152A48AE85, cid=3088, SUCCESS, logIndex=4618, commits[fd4515e9-84f2-4741-b1f5-a9247145a2ac:c4618, 2e3e112c-ad01-4834-a07e-d6d8a7947632:c4615, dfee02f7-0d20-4e08-8ecd-ebe087394a07:c4615]
2019-07-08 20:09:48,047 INFO  client.GrpcClientProtocolClient (GrpcClientProtocolClient.java:onNext(255)) - client-83AFC0B42279->fd4515e9-84f2-4741-b1f5-a9247145a2ac: receive RaftClientReply:client-83AFC0B42279->fd4515e9-84f2-4741-b1f5-a9247145a2ac@group-E2152A48AE85, cid=3089, SUCCESS, logIndex=4619, commits[fd4515e9-84f2-4741-b1f5-a9247145a2ac:c4619, 2e3e112c-ad01-4834-a07e-d6d8a7947632:c4615, dfee02f7-0d20-4e08-8ecd-ebe087394a07:c4615]
2019-07-08 20:09:48,071 INFO  client.GrpcClientProtocolClient (GrpcClientProtocolClient.java:onNext(255)) - client-83AFC0B42279->fd4515e9-84f2-4741-b1f5-a9247145a2ac: receive RaftClientReply:client-83AFC0B42279->fd4515e9-84f2-4741-b1f5-a9247145a2ac@group-E2152A48AE85, cid=3090, SUCCESS, logIndex=0, commits[fd4515e9-84f2-4741-b1f5-a9247145a2ac:c4621, 2e3e112c-ad01-4834-a07e-d6d8a7947632:c4619, dfee02f7-0d20-4e08-8ecd-ebe087394a07:c4619]
2019-07-08 20:09:48,102 INFO  client.GrpcClientProtocolClient (GrpcClientProtocolClient.java:onNext(255)) - client-83AFC0B42279->fd4515e9-84f2-4741-b1f5-a9247145a2ac: receive RaftClientReply:client-83AFC0B42279->fd4515e9-84f2-4741-b1f5-a9247145a2ac@group-E2152A48AE85, cid=3091, SUCCESS, logIndex=4622, commits[fd4515e9-84f2-4741-b1f5-a9247145a2ac:c4623, 2e3e112c-ad01-4834-a07e-d6d8a7947632:c4621, dfee02f7-0d20-4e08-8ecd-ebe087394a07:c4621]
2019-07-08 20:09:48,103 INFO  client.GrpcClientProtocolClient (GrpcClientProtocolClient.java:onNext(255)) - client-83AFC0B42279->fd4515e9-84f2-4741-b1f5-a9247145a2ac: receive RaftClientReply:client-83AFC0B42279->fd4515e9-84f2-4741-b1f5-a9247145a2ac@group-E2152A48AE85, cid=3092, SUCCESS, logIndex=4623, commits[fd4515e9-84f2-4741-b1f5-a9247145a2ac:c4624, 2e3e112c-ad01-4834-a07e-d6d8a7947632:c4621, dfee02f7-0d20-4e08-8ecd-ebe087394a07:c4621]
2019-07-08 20:09:48,103 INFO  client.GrpcClientProtocolClient (GrpcClientProtocolClient.java:onNext(255)) - client-83AFC0B42279->fd4515e9-84f2-4741-b1f5-a9247145a2ac: receive RaftClientReply:client-83AFC0B42279->fd4515e9-84f2-4741-b1f5-a9247145a2ac@group-E2152A48AE85, cid=3093, SUCCESS, logIndex=4624, commits[fd4515e9-84f2-4741-b1f5-a9247145a2ac:c4625, 2e3e112c-ad01-4834-a07e-d6d8a7947632:c4621, dfee02f7-0d20-4e08-8ecd-ebe087394a07:c4621]
2019-07-08 20:09:48,103 INFO  client.GrpcClientProtocolClient (GrpcClientProtocolClient.java:onNext(255)) - client-83AFC0B42279->fd4515e9-84f2-4741-b1f5-a9247145a2ac: receive RaftClientReply:client-83AFC0B42279->fd4515e9-84f2-4741-b1f5-a9247145a2ac@group-E2152A48AE85, cid=3094, SUCCESS, logIndex=4625, commits[fd4515e9-84f2-4741-b1f5-a9247145a2ac:c4625, 2e3e112c-ad01-4834-a07e-d6d8a7947632:c4621, dfee02f7-0d20-4e08-8ecd-ebe087394a07:c4621]
 0.00% |█                                                                                                    |  0/1 Time: 0:00:272019-07-08 20:09:48,124 INFO  client.GrpcClientProtocolClient (GrpcClientProtocolClient.java:onNext(255)) - client-83AFC0B42279->fd4515e9-84f2-4741-b1f5-a9247145a2ac: receive RaftClientReply:client-83AFC0B42279->fd4515e9-84f2-4741-b1f5-a9247145a2ac@group-E2152A48AE85, cid=3095, SUCCESS, logIndex=0, commits[fd4515e9-84f2-4741-b1f5-a9247145a2ac:c4627, 2e3e112c-ad01-4834-a07e-d6d8a7947632:c4623, dfee02f7-0d20-4e08-8ecd-ebe087394a07:c4623]
2019-07-08 20:09:48,144 INFO  client.GrpcClientProtocolClient (GrpcClientProtocolClient.java:onNext(255)) - client-83AFC0B42279->fd4515e9-84f2-4741-b1f5-a9247145a2ac: receive RaftClientReply:client-83AFC0B42279->fd4515e9-84f2-4741-b1f5-a9247145a2ac@group-E2152A48AE85, cid=3096, SUCCESS, logIndex=4630, commits[fd4515e9-84f2-4741-b1f5-a9247145a2ac:c4631, 2e3e112c-ad01-4834-a07e-d6d8a7947632:c4629, dfee02f7-0d20-4e08-8ecd-ebe087394a07:c4629]
2019-07-08 20:09:48,144 INFO  client.GrpcClientProtocolClient (GrpcClientProtocolClient.java:onNext(255)) - client-83AFC0B42279->fd4515e9-84f2-4741-b1f5-a9247145a2ac: receive RaftClientReply:client-83AFC0B42279->fd4515e9-84f2-4741-b1f5-a9247145a2ac@group-E2152A48AE85, cid=3097, SUCCESS, logIndex=4631, commits[fd4515e9-84f2-4741-b1f5-a9247145a2ac:c4631, 2e3e112c-ad01-4834-a07e-d6d8a7947632:c4629, dfee02f7-0d20-4e08-8ecd-ebe087394a07:c4629]
2019-07-08 20:09:48,159 INFO  client.GrpcClientProtocolClient (GrpcClientProtocolClient.java:onNext(255)) - client-83AFC0B42279->fd4515e9-84f2-4741-b1f5-a9247145a2ac: receive RaftClientReply:client-83AFC0B42279->fd4515e9-84f2-4741-b1f5-a9247145a2ac@group-E2152A48AE85, cid=3098, SUCCESS, logIndex=4634, commits[fd4515e9-84f2-4741-b1f5-a9247145a2ac:c4635, 2e3e112c-ad01-4834-a07e-d6d8a7947632:c4631, dfee02f7-0d20-4e08-8ecd-ebe087394a07:c4631]
2019-07-08 20:09:48,160 INFO  client.GrpcClientProtocolClient (GrpcClientProtocolClient.java:onNext(255)) - client-83AFC0B42279->fd4515e9-84f2-4741-b1f5-a9247145a2ac: receive RaftClientReply:client-83AFC0B42279->fd4515e9-84f2-4741-b1f5-a9247145a2ac@group-E2152A48AE85, cid=3099, SUCCESS, logIndex=4635, commits[fd4515e9-84f2-4741-b1f5-a9247145a2ac:c4635, 2e3e112c-ad01-4834-a07e-d6d8a7947632:c4631, dfee02f7-0d20-4e08-8ecd-ebe087394a07:c4631]
2019-07-08 20:09:48,174 INFO  client.GrpcClientProtocolClient (GrpcClientProtocolClient.java:onNext(255)) - client-83AFC0B42279->fd4515e9-84f2-4741-b1f5-a9247145a2ac: receive RaftClientReply:client-83AFC0B42279->fd4515e9-84f2-4741-b1f5-a9247145a2ac@group-E2152A48AE85, cid=3100, SUCCESS, logIndex=0, commits[fd4515e9-84f2-4741-b1f5-a9247145a2ac:c4637, 2e3e112c-ad01-4834-a07e-d6d8a7947632:c4635, dfee02f7-0d20-4e08-8ecd-ebe087394a07:c4635]
2019-07-08 20:09:48,204 INFO  client.GrpcClientProtocolClient (GrpcClientProtocolClient.java:onNext(255)) - client-83AFC0B42279->fd4515e9-84f2-4741-b1f5-a9247145a2ac: receive RaftClientReply:client-83AFC0B42279->fd4515e9-84f2-4741-b1f5-a9247145a2ac@group-E2152A48AE85, cid=3101, SUCCESS, logIndex=4638, commits[fd4515e9-84f2-4741-b1f5-a9247145a2ac:c4639, 2e3e112c-ad01-4834-a07e-d6d8a7947632:c4637, dfee02f7-0d20-4e08-8ecd-ebe087394a07:c4637]
2019-07-08 20:09:48,204 INFO  client.GrpcClientProtocolClient (GrpcClientProtocolClient.java:onNext(255)) - client-83AFC0B42279->fd4515e9-84f2-4741-b1f5-a9247145a2ac: receive RaftClientReply:client-83AFC0B42279->fd4515e9-84f2-4741-b1f5-a9247145a2ac@group-E2152A48AE85, cid=3102, SUCCESS, logIndex=4639, commits[fd4515e9-84f2-4741-b1f5-a9247145a2ac:c4641, 2e3e112c-ad01-4834-a07e-d6d8a7947632:c4637, dfee02f7-0d20-4e08-8ecd-ebe087394a07:c4637]
2019-07-08 20:09:48,205 INFO  client.GrpcClientProtocolClient (GrpcClientProtocolClient.java:onNext(255)) - client-83AFC0B42279->fd4515e9-84f2-4741-b1f5-a9247145a2ac: receive RaftClientReply:client-83AFC0B42279->fd4515e9-84f2-4741-b1f5-a9247145a2ac@group-E2152A48AE85, cid=3103, SUCCESS, logIndex=4640, commits[fd4515e9-84f2-4741-b1f5-a9247145a2ac:c4641, 2e3e112c-ad01-4834-a07e-d6d8a7947632:c4637, dfee02f7-0d20-4e08-8ecd-ebe087394a07:c4637]
2019-07-08 20:09:48,205 INFO  client.GrpcClientProtocolClient (GrpcClientProtocolClient.java:onNext(255)) - client-83AFC0B42279->fd4515e9-84f2-4741-b1f5-a9247145a2ac: receive RaftClientReply:client-83AFC0B42279->fd4515e9-84f2-4741-b1f5-a9247145a2ac@group-E2152A48AE85, cid=3104, SUCCESS, logIndex=4641, commits[fd4515e9-84f2-4741-b1f5-a9247145a2ac:c4641, 2e3e112c-ad01-4834-a07e-d6d8a7947632:c4637, dfee02f7-0d20-4e08-8ecd-ebe087394a07:c4637]
2019-07-08 20:09:48,219 INFO  client.GrpcClientProtocolClient (GrpcClientProtocolClient.java:onNext(255)) - client-83AFC0B42279->fd4515e9-84f2-4741-b1f5-a9247145a2ac: receive RaftClientReply:client-83AFC0B42279->fd4515e9-84f2-4741-b1f5-a9247145a2ac@group-E2152A48AE85, cid=3105, SUCCESS, logIndex=0, commits[fd4515e9-84f2-4741-b1f5-a9247145a2ac:c4645, 2e3e112c-ad01-4834-a07e-d6d8a7947632:c4639, dfee02f7-0d20-4e08-8ecd-ebe087394a07:c4641]
2019-07-08 20:09:48,240 INFO  client.GrpcClientProtocolClient (GrpcClientProtocolClient.java:onNext(255)) - client-83AFC0B42279->fd4515e9-84f2-4741-b1f5-a9247145a2ac: receive RaftClientReply:client-83AFC0B42279->fd4515e9-84f2-4741-b1f5-a9247145a2ac@group-E2152A48AE85, cid=3106, SUCCESS, logIndex=4646, commits[fd4515e9-84f2-4741-b1f5-a9247145a2ac:c4647, 2e3e112c-ad01-4834-a07e-d6d8a7947632:c4645, dfee02f7-0d20-4e08-8ecd-ebe087394a07:c4645]
2019-07-08 20:09:48,241 INFO  client.GrpcClientProtocolClient (GrpcClientProtocolClient.java:onNext(255)) - client-83AFC0B42279->fd4515e9-84f2-4741-b1f5-a9247145a2ac: receive RaftClientReply:client-83AFC0B42279->fd4515e9-84f2-4741-b1f5-a9247145a2ac@group-E2152A48AE85, cid=3107, SUCCESS, logIndex=4647, commits[fd4515e9-84f2-4741-b1f5-a9247145a2ac:c4647, 2e3e112c-ad01-4834-a07e-d6d8a7947632:c4645, dfee02f7-0d20-4e08-8ecd-ebe087394a07:c4645]
2019-07-08 20:09:48,265 INFO  client.GrpcClientProtocolClient (GrpcClientProtocolClient.java:onNext(255)) - client-83AFC0B42279->fd4515e9-84f2-4741-b1f5-a9247145a2ac: receive RaftClientReply:client-83AFC0B42279->fd4515e9-84f2-4741-b1f5-a9247145a2ac@group-E2152A48AE85, cid=3108, SUCCESS, logIndex=4650, commits[fd4515e9-84f2-4741-b1f5-a9247145a2ac:c4651, 2e3e112c-ad01-4834-a07e-d6d8a7947632:c4647, dfee02f7-0d20-4e08-8ecd-ebe087394a07:c4647]
2019-07-08 20:09:48,266 INFO  client.GrpcClientProtocolClient (GrpcClientProtocolClient.java:onNext(255)) - client-83AFC0B42279->fd4515e9-84f2-4741-b1f5-a9247145a2ac: receive RaftClientReply:client-83AFC0B42279->fd4515e9-84f2-4741-b1f5-a9247145a2ac@group-E2152A48AE85, cid=3109, SUCCESS, logIndex=4651, commits[fd4515e9-84f2-4741-b1f5-a9247145a2ac:c4651, 2e3e112c-ad01-4834-a07e-d6d8a7947632:c4647, dfee02f7-0d20-4e08-8ecd-ebe087394a07:c4647]
2019-07-08 20:09:48,280 INFO  client.GrpcClientProtocolClient (GrpcClientProtocolClient.java:onNext(255)) - client-83AFC0B42279->fd4515e9-84f2-4741-b1f5-a9247145a2ac: receive RaftClientReply:client-83AFC0B42279->fd4515e9-84f2-4741-b1f5-a9247145a2ac@group-E2152A48AE85, cid=3110, SUCCESS, logIndex=0, commits[fd4515e9-84f2-4741-b1f5-a9247145a2ac:c4653, 2e3e112c-ad01-4834-a07e-d6d8a7947632:c4651, dfee02f7-0d20-4e08-8ecd-ebe087394a07:c4651]
2019-07-08 20:09:48,312 INFO  client.GrpcClientProtocolClient (GrpcClientProtocolClient.java:onNext(255)) - client-83AFC0B42279->fd4515e9-84f2-4741-b1f5-a9247145a2ac: receive RaftClientReply:client-83AFC0B42279->fd4515e9-84f2-4741-b1f5-a9247145a2ac@group-E2152A48AE85, cid=3111, SUCCESS, logIndex=4654, commits[fd4515e9-84f2-4741-b1f5-a9247145a2ac:c4655, 2e3e112c-ad01-4834-a07e-d6d8a7947632:c4653, dfee02f7-0d20-4e08-8ecd-ebe087394a07:c4653]
2019-07-08 20:09:48,313 INFO  client.GrpcClientProtocolClient (GrpcClientProtocolClient.java:onNext(255)) - client-83AFC0B42279->fd4515e9-84f2-4741-b1f5-a9247145a2ac: receive RaftClientReply:client-83AFC0B42279->fd4515e9-84f2-4741-b1f5-a9247145a2ac@group-E2152A48AE85, cid=3112, SUCCESS, logIndex=4655, commits[fd4515e9-84f2-4741-b1f5-a9247145a2ac:c4655, 2e3e112c-ad01-4834-a07e-d6d8a7947632:c4653, dfee02f7-0d20-4e08-8ecd-ebe087394a07:c4653]
2019-07-08 20:09:48,322 INFO  client.GrpcClientProtocolClient (GrpcClientProtocolClient.java:onNext(255)) - client-83AFC0B42279->fd4515e9-84f2-4741-b1f5-a9247145a2ac: receive RaftClientReply:client-83AFC0B42279->fd4515e9-84f2-4741-b1f5-a9247145a2ac@group-E2152A48AE85, cid=3113, SUCCESS, logIndex=4656, commits[fd4515e9-84f2-4741-b1f5-a9247145a2ac:c4657, 2e3e112c-ad01-4834-a07e-d6d8a7947632:c4653, dfee02f7-0d20-4e08-8ecd-ebe087394a07:c4653]
2019-07-08 20:09:48,323 INFO  client.GrpcClientProtocolClient (GrpcClientProtocolClient.java:onNext(255)) - client-83AFC0B42279->fd4515e9-84f2-4741-b1f5-a9247145a2ac: receive RaftClientReply:client-83AFC0B42279->fd4515e9-84f2-4741-b1f5-a9247145a2ac@group-E2152A48AE85, cid=3114, SUCCESS, logIndex=4657, commits[fd4515e9-84f2-4741-b1f5-a9247145a2ac:c4657, 2e3e112c-ad01-4834-a07e-d6d8a7947632:c4653, dfee02f7-0d20-4e08-8ecd-ebe087394a07:c4653]
2019-07-08 20:09:48,338 INFO  client.GrpcClientProtocolClient (GrpcClientProtocolClient.java:onNext(255)) - client-83AFC0B42279->fd4515e9-84f2-4741-b1f5-a9247145a2ac: receive RaftClientReply:client-83AFC0B42279->fd4515e9-84f2-4741-b1f5-a9247145a2ac@group-E2152A48AE85, cid=3115, SUCCESS, logIndex=0, commits[fd4515e9-84f2-4741-b1f5-a9247145a2ac:c4658, 2e3e112c-ad01-4834-a07e-d6d8a7947632:c4655, dfee02f7-0d20-4e08-8ecd-ebe087394a07:c4655]
2019-07-08 20:09:48,350 INFO  client.GrpcClientProtocolClient (GrpcClientProtocolClient.java:onNext(255)) - client-83AFC0B42279->fd4515e9-84f2-4741-b1f5-a9247145a2ac: receive RaftClientReply:client-83AFC0B42279->fd4515e9-84f2-4741-b1f5-a9247145a2ac@group-E2152A48AE85, cid=3116, SUCCESS, logIndex=4661, commits[fd4515e9-84f2-4741-b1f5-a9247145a2ac:c4662, 2e3e112c-ad01-4834-a07e-d6d8a7947632:c4659, dfee02f7-0d20-4e08-8ecd-ebe087394a07:c4657]
2019-07-08 20:09:48,351 INFO  client.GrpcClientProtocolClient (GrpcClientProtocolClient.java:onNext(255)) - client-83AFC0B42279->fd4515e9-84f2-4741-b1f5-a9247145a2ac: receive RaftClientReply:client-83AFC0B42279->fd4515e9-84f2-4741-b1f5-a9247145a2ac@group-E2152A48AE85, cid=3117, SUCCESS, logIndex=4662, commits[fd4515e9-84f2-4741-b1f5-a9247145a2ac:c4662, 2e3e112c-ad01-4834-a07e-d6d8a7947632:c4659, dfee02f7-0d20-4e08-8ecd-ebe087394a07:c4659]
2019-07-08 20:09:48,386 INFO  client.GrpcClientProtocolClient (GrpcClientProtocolClient.java:onNext(255)) - client-83AFC0B42279->fd4515e9-84f2-4741-b1f5-a9247145a2ac: receive RaftClientReply:client-83AFC0B42279->fd4515e9-84f2-4741-b1f5-a9247145a2ac@group-E2152A48AE85, cid=3118, SUCCESS, logIndex=4665, commits[fd4515e9-84f2-4741-b1f5-a9247145a2ac:c4665, 2e3e112c-ad01-4834-a07e-d6d8a7947632:c4664, dfee02f7-0d20-4e08-8ecd-ebe087394a07:c4664]
2019-07-08 20:09:48,387 INFO  client.GrpcClientProtocolClient (GrpcClientProtocolClient.java:onNext(255)) - client-83AFC0B42279->fd4515e9-84f2-4741-b1f5-a9247145a2ac: receive RaftClientReply:client-83AFC0B42279->fd4515e9-84f2-4741-b1f5-a9247145a2ac@group-E2152A48AE85, cid=3119, SUCCESS, logIndex=4666, commits[fd4515e9-84f2-4741-b1f5-a9247145a2ac:c4666, 2e3e112c-ad01-4834-a07e-d6d8a7947632:c4664, dfee02f7-0d20-4e08-8ecd-ebe087394a07:c4664]
2019-07-08 20:09:48,403 INFO  client.GrpcClientProtocolClient (GrpcClientProtocolClient.java:onNext(255)) - client-83AFC0B42279->fd4515e9-84f2-4741-b1f5-a9247145a2ac: receive RaftClientReply:client-83AFC0B42279->fd4515e9-84f2-4741-b1f5-a9247145a2ac@group-E2152A48AE85, cid=3120, SUCCESS, logIndex=0, commits[fd4515e9-84f2-4741-b1f5-a9247145a2ac:c4668, 2e3e112c-ad01-4834-a07e-d6d8a7947632:c4666, dfee02f7-0d20-4e08-8ecd-ebe087394a07:c4666]
2019-07-08 20:09:48,452 INFO  client.GrpcClientProtocolClient (GrpcClientProtocolClient.java:onNext(255)) - client-83AFC0B42279->fd4515e9-84f2-4741-b1f5-a9247145a2ac: receive RaftClientReply:client-83AFC0B42279->fd4515e9-84f2-4741-b1f5-a9247145a2ac@group-E2152A48AE85, cid=3121, SUCCESS, logIndex=4669, commits[fd4515e9-84f2-4741-b1f5-a9247145a2ac:c4670, 2e3e112c-ad01-4834-a07e-d6d8a7947632:c4668, dfee02f7-0d20-4e08-8ecd-ebe087394a07:c4668]
2019-07-08 20:09:48,453 INFO  client.GrpcClientProtocolClient (GrpcClientProtocolClient.java:onNext(255)) - client-83AFC0B42279->fd4515e9-84f2-4741-b1f5-a9247145a2ac: receive RaftClientReply:client-83AFC0B42279->fd4515e9-84f2-4741-b1f5-a9247145a2ac@group-E2152A48AE85, cid=3122, SUCCESS, logIndex=4670, commits[fd4515e9-84f2-4741-b1f5-a9247145a2ac:c4670, 2e3e112c-ad01-4834-a07e-d6d8a7947632:c4668, dfee02f7-0d20-4e08-8ecd-ebe087394a07:c4668]
2019-07-08 20:09:48,453 INFO  client.GrpcClientProtocolClient (GrpcClientProtocolClient.java:onNext(255)) - client-83AFC0B42279->fd4515e9-84f2-4741-b1f5-a9247145a2ac: receive RaftClientReply:client-83AFC0B42279->fd4515e9-84f2-4741-b1f5-a9247145a2ac@group-E2152A48AE85, cid=3123, SUCCESS, logIndex=4671, commits[fd4515e9-84f2-4741-b1f5-a9247145a2ac:c4672, 2e3e112c-ad01-4834-a07e-d6d8a7947632:c4668, dfee02f7-0d20-4e08-8ecd-ebe087394a07:c4668]
2019-07-08 20:09:48,453 INFO  client.GrpcClientProtocolClient (GrpcClientProtocolClient.java:onNext(255)) - client-83AFC0B42279->fd4515e9-84f2-4741-b1f5-a9247145a2ac: receive RaftClientReply:client-83AFC0B42279->fd4515e9-84f2-4741-b1f5-a9247145a2ac@group-E2152A48AE85, cid=3124, SUCCESS, logIndex=4672, commits[fd4515e9-84f2-4741-b1f5-a9247145a2ac:c4672, 2e3e112c-ad01-4834-a07e-d6d8a7947632:c4668, dfee02f7-0d20-4e08-8ecd-ebe087394a07:c4668]
2019-07-08 20:09:48,465 INFO  client.GrpcClientProtocolClient (GrpcClientProtocolClient.java:onNext(255)) - client-83AFC0B42279->fd4515e9-84f2-4741-b1f5-a9247145a2ac: receive RaftClientReply:client-83AFC0B42279->fd4515e9-84f2-4741-b1f5-a9247145a2ac@group-E2152A48AE85, cid=3125, SUCCESS, logIndex=0, commits[fd4515e9-84f2-4741-b1f5-a9247145a2ac:c4674, 2e3e112c-ad01-4834-a07e-d6d8a7947632:c4670, dfee02f7-0d20-4e08-8ecd-ebe087394a07:c4670]
2019-07-08 20:09:48,489 INFO  client.GrpcClientProtocolClient (GrpcClientProtocolClient.java:onNext(255)) - client-83AFC0B42279->fd4515e9-84f2-4741-b1f5-a9247145a2ac: receive RaftClientReply:client-83AFC0B42279->fd4515e9-84f2-4741-b1f5-a9247145a2ac@group-E2152A48AE85, cid=3126, SUCCESS, logIndex=4677, commits[fd4515e9-84f2-4741-b1f5-a9247145a2ac:c4678, 2e3e112c-ad01-4834-a07e-d6d8a7947632:c4676, dfee02f7-0d20-4e08-8ecd-ebe087394a07:c4676]
2019-07-08 20:09:48,490 INFO  client.GrpcClientProtocolClient (GrpcClientProtocolClient.java:onNext(255)) - client-83AFC0B42279->fd4515e9-84f2-4741-b1f5-a9247145a2ac: receive RaftClientReply:client-83AFC0B42279->fd4515e9-84f2-4741-b1f5-a9247145a2ac@group-E2152A48AE85, cid=3127, SUCCESS, logIndex=4678, commits[fd4515e9-84f2-4741-b1f5-a9247145a2ac:c4678, 2e3e112c-ad01-4834-a07e-d6d8a7947632:c4676, dfee02f7-0d20-4e08-8ecd-ebe087394a07:c4676]
2019-07-08 20:09:48,515 INFO  client.GrpcClientProtocolClient (GrpcClientProtocolClient.java:onNext(255)) - client-83AFC0B42279->fd4515e9-84f2-4741-b1f5-a9247145a2ac: receive RaftClientReply:client-83AFC0B42279->fd4515e9-84f2-4741-b1f5-a9247145a2ac@group-E2152A48AE85, cid=3128, SUCCESS, logIndex=4681, commits[fd4515e9-84f2-4741-b1f5-a9247145a2ac:c4682, 2e3e112c-ad01-4834-a07e-d6d8a7947632:c4678, dfee02f7-0d20-4e08-8ecd-ebe087394a07:c4678]
2019-07-08 20:09:48,515 INFO  client.GrpcClientProtocolClient (GrpcClientProtocolClient.java:onNext(255)) - client-83AFC0B42279->fd4515e9-84f2-4741-b1f5-a9247145a2ac: receive RaftClientReply:client-83AFC0B42279->fd4515e9-84f2-4741-b1f5-a9247145a2ac@group-E2152A48AE85, cid=3129, SUCCESS, logIndex=4682, commits[fd4515e9-84f2-4741-b1f5-a9247145a2ac:c4682, 2e3e112c-ad01-4834-a07e-d6d8a7947632:c4678, dfee02f7-0d20-4e08-8ecd-ebe087394a07:c4678]
2019-07-08 20:09:48,519 INFO  client.GrpcClientProtocolClient (GrpcClientProtocolClient.java:onNext(255)) - client-83AFC0B42279->fd4515e9-84f2-4741-b1f5-a9247145a2ac: receive RaftClientReply:client-83AFC0B42279->fd4515e9-84f2-4741-b1f5-a9247145a2ac@group-E2152A48AE85, cid=3130, SUCCESS, logIndex=0, commits[fd4515e9-84f2-4741-b1f5-a9247145a2ac:c4683, 2e3e112c-ad01-4834-a07e-d6d8a7947632:c4682, dfee02f7-0d20-4e08-8ecd-ebe087394a07:c4682]
2019-07-08 20:09:48,552 INFO  client.GrpcClientProtocolClient (GrpcClientProtocolClient.java:onNext(255)) - client-83AFC0B42279->fd4515e9-84f2-4741-b1f5-a9247145a2ac: receive RaftClientReply:client-83AFC0B42279->fd4515e9-84f2-4741-b1f5-a9247145a2ac@group-E2152A48AE85, cid=3131, SUCCESS, logIndex=4685, commits[fd4515e9-84f2-4741-b1f5-a9247145a2ac:c4686, 2e3e112c-ad01-4834-a07e-d6d8a7947632:c4684, dfee02f7-0d20-4e08-8ecd-ebe087394a07:c4684]
2019-07-08 20:09:48,553 INFO  client.GrpcClientProtocolClient (GrpcClientProtocolClient.java:onNext(255)) - client-83AFC0B42279->fd4515e9-84f2-4741-b1f5-a9247145a2ac: receive RaftClientReply:client-83AFC0B42279->fd4515e9-84f2-4741-b1f5-a9247145a2ac@group-E2152A48AE85, cid=3132, SUCCESS, logIndex=4686, commits[fd4515e9-84f2-4741-b1f5-a9247145a2ac:c4688, 2e3e112c-ad01-4834-a07e-d6d8a7947632:c4684, dfee02f7-0d20-4e08-8ecd-ebe087394a07:c4684]
2019-07-08 20:09:48,554 INFO  client.GrpcClientProtocolClient (GrpcClientProtocolClient.java:onNext(255)) - client-83AFC0B42279->fd4515e9-84f2-4741-b1f5-a9247145a2ac: receive RaftClientReply:client-83AFC0B42279->fd4515e9-84f2-4741-b1f5-a9247145a2ac@group-E2152A48AE85, cid=3133, SUCCESS, logIndex=4687, commits[fd4515e9-84f2-4741-b1f5-a9247145a2ac:c4688, 2e3e112c-ad01-4834-a07e-d6d8a7947632:c4684, dfee02f7-0d20-4e08-8ecd-ebe087394a07:c4684]
2019-07-08 20:09:48,554 INFO  client.GrpcClientProtocolClient (GrpcClientProtocolClient.java:onNext(255)) - client-83AFC0B42279->fd4515e9-84f2-4741-b1f5-a9247145a2ac: receive RaftClientReply:client-83AFC0B42279->fd4515e9-84f2-4741-b1f5-a9247145a2ac@group-E2152A48AE85, cid=3134, SUCCESS, logIndex=4688, commits[fd4515e9-84f2-4741-b1f5-a9247145a2ac:c4688, 2e3e112c-ad01-4834-a07e-d6d8a7947632:c4684, dfee02f7-0d20-4e08-8ecd-ebe087394a07:c4684]
2019-07-08 20:09:48,566 INFO  client.GrpcClientProtocolClient (GrpcClientProtocolClient.java:onNext(255)) - client-83AFC0B42279->fd4515e9-84f2-4741-b1f5-a9247145a2ac: receive RaftClientReply:client-83AFC0B42279->fd4515e9-84f2-4741-b1f5-a9247145a2ac@group-E2152A48AE85, cid=3135, SUCCESS, logIndex=0, commits[fd4515e9-84f2-4741-b1f5-a9247145a2ac:c4690, 2e3e112c-ad01-4834-a07e-d6d8a7947632:c4686, dfee02f7-0d20-4e08-8ecd-ebe087394a07:c4686]
2019-07-08 20:09:48,588 INFO  client.GrpcClientProtocolClient (GrpcClientProtocolClient.java:onNext(255)) - client-83AFC0B42279->fd4515e9-84f2-4741-b1f5-a9247145a2ac: receive RaftClientReply:client-83AFC0B42279->fd4515e9-84f2-4741-b1f5-a9247145a2ac@group-E2152A48AE85, cid=3136, SUCCESS, logIndex=4693, commits[fd4515e9-84f2-4741-b1f5-a9247145a2ac:c4694, 2e3e112c-ad01-4834-a07e-d6d8a7947632:c4692, dfee02f7-0d20-4e08-8ecd-ebe087394a07:c4692]
2019-07-08 20:09:48,588 INFO  client.GrpcClientProtocolClient (GrpcClientProtocolClient.java:onNext(255)) - client-83AFC0B42279->fd4515e9-84f2-4741-b1f5-a9247145a2ac: receive RaftClientReply:client-83AFC0B42279->fd4515e9-84f2-4741-b1f5-a9247145a2ac@group-E2152A48AE85, cid=3137, SUCCESS, logIndex=4694, commits[fd4515e9-84f2-4741-b1f5-a9247145a2ac:c4694, 2e3e112c-ad01-4834-a07e-d6d8a7947632:c4692, dfee02f7-0d20-4e08-8ecd-ebe087394a07:c4692]
2019-07-08 20:09:48,621 INFO  client.GrpcClientProtocolClient (GrpcClientProtocolClient.java:onNext(255)) - client-83AFC0B42279->fd4515e9-84f2-4741-b1f5-a9247145a2ac: receive RaftClientReply:client-83AFC0B42279->fd4515e9-84f2-4741-b1f5-a9247145a2ac@group-E2152A48AE85, cid=3138, SUCCESS, logIndex=4697, commits[fd4515e9-84f2-4741-b1f5-a9247145a2ac:c4698, 2e3e112c-ad01-4834-a07e-d6d8a7947632:c4694, dfee02f7-0d20-4e08-8ecd-ebe087394a07:c4694]
2019-07-08 20:09:48,622 INFO  client.GrpcClientProtocolClient (GrpcClientProtocolClient.java:onNext(255)) - client-83AFC0B42279->fd4515e9-84f2-4741-b1f5-a9247145a2ac: receive RaftClientReply:client-83AFC0B42279->fd4515e9-84f2-4741-b1f5-a9247145a2ac@group-E2152A48AE85, cid=3139, SUCCESS, logIndex=4698, commits[fd4515e9-84f2-4741-b1f5-a9247145a2ac:c4698, 2e3e112c-ad01-4834-a07e-d6d8a7947632:c4694, dfee02f7-0d20-4e08-8ecd-ebe087394a07:c4694]
2019-07-08 20:09:48,625 INFO  client.GrpcClientProtocolClient (GrpcClientProtocolClient.java:onNext(255)) - client-83AFC0B42279->fd4515e9-84f2-4741-b1f5-a9247145a2ac: receive RaftClientReply:client-83AFC0B42279->fd4515e9-84f2-4741-b1f5-a9247145a2ac@group-E2152A48AE85, cid=3140, SUCCESS, logIndex=0, commits[fd4515e9-84f2-4741-b1f5-a9247145a2ac:c4699, 2e3e112c-ad01-4834-a07e-d6d8a7947632:c4698, dfee02f7-0d20-4e08-8ecd-ebe087394a07:c4698]
2019-07-08 20:09:48,658 INFO  client.GrpcClientProtocolClient (GrpcClientProtocolClient.java:onNext(255)) - client-83AFC0B42279->fd4515e9-84f2-4741-b1f5-a9247145a2ac: receive RaftClientReply:client-83AFC0B42279->fd4515e9-84f2-4741-b1f5-a9247145a2ac@group-E2152A48AE85, cid=3141, SUCCESS, logIndex=4700, commits[fd4515e9-84f2-4741-b1f5-a9247145a2ac:c4701, 2e3e112c-ad01-4834-a07e-d6d8a7947632:c4699, dfee02f7-0d20-4e08-8ecd-ebe087394a07:c4699]
2019-07-08 20:09:48,658 INFO  client.GrpcClientProtocolClient (GrpcClientProtocolClient.java:onNext(255)) - client-83AFC0B42279->fd4515e9-84f2-4741-b1f5-a9247145a2ac: receive RaftClientReply:client-83AFC0B42279->fd4515e9-84f2-4741-b1f5-a9247145a2ac@group-E2152A48AE85, cid=3142, SUCCESS, logIndex=4701, commits[fd4515e9-84f2-4741-b1f5-a9247145a2ac:c4702, 2e3e112c-ad01-4834-a07e-d6d8a7947632:c4699, dfee02f7-0d20-4e08-8ecd-ebe087394a07:c4699]
2019-07-08 20:09:48,658 INFO  client.GrpcClientProtocolClient (GrpcClientProtocolClient.java:onNext(255)) - client-83AFC0B42279->fd4515e9-84f2-4741-b1f5-a9247145a2ac: receive RaftClientReply:client-83AFC0B42279->fd4515e9-84f2-4741-b1f5-a9247145a2ac@group-E2152A48AE85, cid=3143, SUCCESS, logIndex=4702, commits[fd4515e9-84f2-4741-b1f5-a9247145a2ac:c4703, 2e3e112c-ad01-4834-a07e-d6d8a7947632:c4699, dfee02f7-0d20-4e08-8ecd-ebe087394a07:c4699]
2019-07-08 20:09:48,659 INFO  client.GrpcClientProtocolClient (GrpcClientProtocolClient.java:onNext(255)) - client-83AFC0B42279->fd4515e9-84f2-4741-b1f5-a9247145a2ac: receive RaftClientReply:client-83AFC0B42279->fd4515e9-84f2-4741-b1f5-a9247145a2ac@group-E2152A48AE85, cid=3144, SUCCESS, logIndex=4703, commits[fd4515e9-84f2-4741-b1f5-a9247145a2ac:c4703, 2e3e112c-ad01-4834-a07e-d6d8a7947632:c4699, dfee02f7-0d20-4e08-8ecd-ebe087394a07:c4699]
2019-07-08 20:09:48,661 INFO  client.GrpcClientProtocolClient (GrpcClientProtocolClient.java:onNext(255)) - client-83AFC0B42279->fd4515e9-84f2-4741-b1f5-a9247145a2ac: receive RaftClientReply:client-83AFC0B42279->fd4515e9-84f2-4741-b1f5-a9247145a2ac@group-E2152A48AE85, cid=3145, SUCCESS, logIndex=0, commits[fd4515e9-84f2-4741-b1f5-a9247145a2ac:c4705, 2e3e112c-ad01-4834-a07e-d6d8a7947632:c4701, dfee02f7-0d20-4e08-8ecd-ebe087394a07:c4701]
2019-07-08 20:09:48,675 INFO  client.GrpcClientProtocolClient (GrpcClientProtocolClient.java:onNext(255)) - client-83AFC0B42279->fd4515e9-84f2-4741-b1f5-a9247145a2ac: receive RaftClientReply:client-83AFC0B42279->fd4515e9-84f2-4741-b1f5-a9247145a2ac@group-E2152A48AE85, cid=3146, SUCCESS, logIndex=4708, commits[fd4515e9-84f2-4741-b1f5-a9247145a2ac:c4709, 2e3e112c-ad01-4834-a07e-d6d8a7947632:c4705, dfee02f7-0d20-4e08-8ecd-ebe087394a07:c4705]
2019-07-08 20:09:48,676 INFO  client.GrpcClientProtocolClient (GrpcClientProtocolClient.java:onNext(255)) - client-83AFC0B42279->fd4515e9-84f2-4741-b1f5-a9247145a2ac: receive RaftClientReply:client-83AFC0B42279->fd4515e9-84f2-4741-b1f5-a9247145a2ac@group-E2152A48AE85, cid=3147, SUCCESS, logIndex=4709, commits[fd4515e9-84f2-4741-b1f5-a9247145a2ac:c4709, 2e3e112c-ad01-4834-a07e-d6d8a7947632:c4705, dfee02f7-0d20-4e08-8ecd-ebe087394a07:c4705]
2019-07-08 20:09:48,690 INFO  client.GrpcClientProtocolClient (GrpcClientProtocolClient.java:onNext(255)) - client-83AFC0B42279->fd4515e9-84f2-4741-b1f5-a9247145a2ac: receive RaftClientReply:client-83AFC0B42279->fd4515e9-84f2-4741-b1f5-a9247145a2ac@group-E2152A48AE85, cid=3148, SUCCESS, logIndex=4711, commits[fd4515e9-84f2-4741-b1f5-a9247145a2ac:c4712, 2e3e112c-ad01-4834-a07e-d6d8a7947632:c4709, dfee02f7-0d20-4e08-8ecd-ebe087394a07:c4709]
2019-07-08 20:09:48,690 INFO  client.GrpcClientProtocolClient (GrpcClientProtocolClient.java:onNext(255)) - client-83AFC0B42279->fd4515e9-84f2-4741-b1f5-a9247145a2ac: receive RaftClientReply:client-83AFC0B42279->fd4515e9-84f2-4741-b1f5-a9247145a2ac@group-E2152A48AE85, cid=3149, SUCCESS, logIndex=4712, commits[fd4515e9-84f2-4741-b1f5-a9247145a2ac:c4712, 2e3e112c-ad01-4834-a07e-d6d8a7947632:c4709, dfee02f7-0d20-4e08-8ecd-ebe087394a07:c4709]
2019-07-08 20:09:48,705 INFO  client.GrpcClientProtocolClient (GrpcClientProtocolClient.java:onNext(255)) - client-83AFC0B42279->fd4515e9-84f2-4741-b1f5-a9247145a2ac: receive RaftClientReply:client-83AFC0B42279->fd4515e9-84f2-4741-b1f5-a9247145a2ac@group-E2152A48AE85, cid=3150, SUCCESS, logIndex=0, commits[fd4515e9-84f2-4741-b1f5-a9247145a2ac:c4714, 2e3e112c-ad01-4834-a07e-d6d8a7947632:c4712, dfee02f7-0d20-4e08-8ecd-ebe087394a07:c4712]
2019-07-08 20:09:48,740 INFO  client.GrpcClientProtocolClient (GrpcClientProtocolClient.java:onNext(255)) - client-83AFC0B42279->fd4515e9-84f2-4741-b1f5-a9247145a2ac: receive RaftClientReply:client-83AFC0B42279->fd4515e9-84f2-4741-b1f5-a9247145a2ac@group-E2152A48AE85, cid=3151, SUCCESS, logIndex=4715, commits[fd4515e9-84f2-4741-b1f5-a9247145a2ac:c4717, 2e3e112c-ad01-4834-a07e-d6d8a7947632:c4714, dfee02f7-0d20-4e08-8ecd-ebe087394a07:c4714]
2019-07-08 20:09:48,740 INFO  client.GrpcClientProtocolClient (GrpcClientProtocolClient.java:onNext(255)) - client-83AFC0B42279->fd4515e9-84f2-4741-b1f5-a9247145a2ac: receive RaftClientReply:client-83AFC0B42279->fd4515e9-84f2-4741-b1f5-a9247145a2ac@group-E2152A48AE85, cid=3152, SUCCESS, logIndex=4716, commits[fd4515e9-84f2-4741-b1f5-a9247145a2ac:c4718, 2e3e112c-ad01-4834-a07e-d6d8a7947632:c4714, dfee02f7-0d20-4e08-8ecd-ebe087394a07:c4714]
2019-07-08 20:09:48,740 INFO  client.GrpcClientProtocolClient (GrpcClientProtocolClient.java:onNext(255)) - client-83AFC0B42279->fd4515e9-84f2-4741-b1f5-a9247145a2ac: receive RaftClientReply:client-83AFC0B42279->fd4515e9-84f2-4741-b1f5-a9247145a2ac@group-E2152A48AE85, cid=3153, SUCCESS, logIndex=4717, commits[fd4515e9-84f2-4741-b1f5-a9247145a2ac:c4718, 2e3e112c-ad01-4834-a07e-d6d8a7947632:c4714, dfee02f7-0d20-4e08-8ecd-ebe087394a07:c4714]
2019-07-08 20:09:48,741 INFO  client.GrpcClientProtocolClient (GrpcClientProtocolClient.java:onNext(255)) - client-83AFC0B42279->fd4515e9-84f2-4741-b1f5-a9247145a2ac: receive RaftClientReply:client-83AFC0B42279->fd4515e9-84f2-4741-b1f5-a9247145a2ac@group-E2152A48AE85, cid=3154, SUCCESS, logIndex=4718, commits[fd4515e9-84f2-4741-b1f5-a9247145a2ac:c4718, 2e3e112c-ad01-4834-a07e-d6d8a7947632:c4714, dfee02f7-0d20-4e08-8ecd-ebe087394a07:c4714]
2019-07-08 20:09:48,755 INFO  client.GrpcClientProtocolClient (GrpcClientProtocolClient.java:onNext(255)) - client-83AFC0B42279->fd4515e9-84f2-4741-b1f5-a9247145a2ac: receive RaftClientReply:client-83AFC0B42279->fd4515e9-84f2-4741-b1f5-a9247145a2ac@group-E2152A48AE85, cid=3155, SUCCESS, logIndex=0, commits[fd4515e9-84f2-4741-b1f5-a9247145a2ac:c4720, 2e3e112c-ad01-4834-a07e-d6d8a7947632:c4716, dfee02f7-0d20-4e08-8ecd-ebe087394a07:c4716]
2019-07-08 20:09:48,774 INFO  client.GrpcClientProtocolClient (GrpcClientProtocolClient.java:onNext(255)) - client-83AFC0B42279->fd4515e9-84f2-4741-b1f5-a9247145a2ac: receive RaftClientReply:client-83AFC0B42279->fd4515e9-84f2-4741-b1f5-a9247145a2ac@group-E2152A48AE85, cid=3156, SUCCESS, logIndex=4723, commits[fd4515e9-84f2-4741-b1f5-a9247145a2ac:c4724, 2e3e112c-ad01-4834-a07e-d6d8a7947632:c4722, dfee02f7-0d20-4e08-8ecd-ebe087394a07:c4722]
2019-07-08 20:09:48,775 INFO  client.GrpcClientProtocolClient (GrpcClientProtocolClient.java:onNext(255)) - client-83AFC0B42279->fd4515e9-84f2-4741-b1f5-a9247145a2ac: receive RaftClientReply:client-83AFC0B42279->fd4515e9-84f2-4741-b1f5-a9247145a2ac@group-E2152A48AE85, cid=3157, SUCCESS, logIndex=4724, commits[fd4515e9-84f2-4741-b1f5-a9247145a2ac:c4724, 2e3e112c-ad01-4834-a07e-d6d8a7947632:c4722, dfee02f7-0d20-4e08-8ecd-ebe087394a07:c4722]
2019-07-08 20:09:48,799 INFO  client.GrpcClientProtocolClient (GrpcClientProtocolClient.java:onNext(255)) - client-83AFC0B42279->fd4515e9-84f2-4741-b1f5-a9247145a2ac: receive RaftClientReply:client-83AFC0B42279->fd4515e9-84f2-4741-b1f5-a9247145a2ac@group-E2152A48AE85, cid=3158, SUCCESS, logIndex=4727, commits[fd4515e9-84f2-4741-b1f5-a9247145a2ac:c4728, 2e3e112c-ad01-4834-a07e-d6d8a7947632:c4724, dfee02f7-0d20-4e08-8ecd-ebe087394a07:c4724]
2019-07-08 20:09:48,800 INFO  client.GrpcClientProtocolClient (GrpcClientProtocolClient.java:onNext(255)) - client-83AFC0B42279->fd4515e9-84f2-4741-b1f5-a9247145a2ac: receive RaftClientReply:client-83AFC0B42279->fd4515e9-84f2-4741-b1f5-a9247145a2ac@group-E2152A48AE85, cid=3159, SUCCESS, logIndex=4728, commits[fd4515e9-84f2-4741-b1f5-a9247145a2ac:c4728, 2e3e112c-ad01-4834-a07e-d6d8a7947632:c4724, dfee02f7-0d20-4e08-8ecd-ebe087394a07:c4724]
2019-07-08 20:09:48,814 INFO  client.GrpcClientProtocolClient (GrpcClientProtocolClient.java:onNext(255)) - client-83AFC0B42279->fd4515e9-84f2-4741-b1f5-a9247145a2ac: receive RaftClientReply:client-83AFC0B42279->fd4515e9-84f2-4741-b1f5-a9247145a2ac@group-E2152A48AE85, cid=3160, SUCCESS, logIndex=0, commits[fd4515e9-84f2-4741-b1f5-a9247145a2ac:c4729, 2e3e112c-ad01-4834-a07e-d6d8a7947632:c4728, dfee02f7-0d20-4e08-8ecd-ebe087394a07:c4728]
2019-07-08 20:09:48,848 INFO  client.GrpcClientProtocolClient (GrpcClientProtocolClient.java:onNext(255)) - client-83AFC0B42279->fd4515e9-84f2-4741-b1f5-a9247145a2ac: receive RaftClientReply:client-83AFC0B42279->fd4515e9-84f2-4741-b1f5-a9247145a2ac@group-E2152A48AE85, cid=3161, SUCCESS, logIndex=4731, commits[fd4515e9-84f2-4741-b1f5-a9247145a2ac:c4732, 2e3e112c-ad01-4834-a07e-d6d8a7947632:c4730, dfee02f7-0d20-4e08-8ecd-ebe087394a07:c4730]
2019-07-08 20:09:48,848 INFO  client.GrpcClientProtocolClient (GrpcClientProtocolClient.java:onNext(255)) - client-83AFC0B42279->fd4515e9-84f2-4741-b1f5-a9247145a2ac: receive RaftClientReply:client-83AFC0B42279->fd4515e9-84f2-4741-b1f5-a9247145a2ac@group-E2152A48AE85, cid=3162, SUCCESS, logIndex=4732, commits[fd4515e9-84f2-4741-b1f5-a9247145a2ac:c4733, 2e3e112c-ad01-4834-a07e-d6d8a7947632:c4730, dfee02f7-0d20-4e08-8ecd-ebe087394a07:c4730]
2019-07-08 20:09:48,849 INFO  client.GrpcClientProtocolClient (GrpcClientProtocolClient.java:onNext(255)) - client-83AFC0B42279->fd4515e9-84f2-4741-b1f5-a9247145a2ac: receive RaftClientReply:client-83AFC0B42279->fd4515e9-84f2-4741-b1f5-a9247145a2ac@group-E2152A48AE85, cid=3163, SUCCESS, logIndex=4733, commits[fd4515e9-84f2-4741-b1f5-a9247145a2ac:c4734, 2e3e112c-ad01-4834-a07e-d6d8a7947632:c4730, dfee02f7-0d20-4e08-8ecd-ebe087394a07:c4730]
2019-07-08 20:09:48,849 INFO  client.GrpcClientProtocolClient (GrpcClientProtocolClient.java:onNext(255)) - client-83AFC0B42279->fd4515e9-84f2-4741-b1f5-a9247145a2ac: receive RaftClientReply:client-83AFC0B42279->fd4515e9-84f2-4741-b1f5-a9247145a2ac@group-E2152A48AE85, cid=3164, SUCCESS, logIndex=4734, commits[fd4515e9-84f2-4741-b1f5-a9247145a2ac:c4734, 2e3e112c-ad01-4834-a07e-d6d8a7947632:c4730, dfee02f7-0d20-4e08-8ecd-ebe087394a07:c4730]
2019-07-08 20:09:48,862 INFO  client.GrpcClientProtocolClient (GrpcClientProtocolClient.java:onNext(255)) - client-83AFC0B42279->fd4515e9-84f2-4741-b1f5-a9247145a2ac: receive RaftClientReply:client-83AFC0B42279->fd4515e9-84f2-4741-b1f5-a9247145a2ac@group-E2152A48AE85, cid=3165, SUCCESS, logIndex=0, commits[fd4515e9-84f2-4741-b1f5-a9247145a2ac:c4736, 2e3e112c-ad01-4834-a07e-d6d8a7947632:c4732, dfee02f7-0d20-4e08-8ecd-ebe087394a07:c4732]
2019-07-08 20:09:48,898 INFO  client.GrpcClientProtocolClient (GrpcClientProtocolClient.java:onNext(255)) - client-83AFC0B42279->fd4515e9-84f2-4741-b1f5-a9247145a2ac: receive RaftClientReply:client-83AFC0B42279->fd4515e9-84f2-4741-b1f5-a9247145a2ac@group-E2152A48AE85, cid=3166, SUCCESS, logIndex=4739, commits[fd4515e9-84f2-4741-b1f5-a9247145a2ac:c4740, 2e3e112c-ad01-4834-a07e-d6d8a7947632:c4738, dfee02f7-0d20-4e08-8ecd-ebe087394a07:c4738]
2019-07-08 20:09:48,898 INFO  client.GrpcClientProtocolClient (GrpcClientProtocolClient.java:onNext(255)) - client-83AFC0B42279->fd4515e9-84f2-4741-b1f5-a9247145a2ac: receive RaftClientReply:client-83AFC0B42279->fd4515e9-84f2-4741-b1f5-a9247145a2ac@group-E2152A48AE85, cid=3167, SUCCESS, logIndex=4740, commits[fd4515e9-84f2-4741-b1f5-a9247145a2ac:c4740, 2e3e112c-ad01-4834-a07e-d6d8a7947632:c4738, dfee02f7-0d20-4e08-8ecd-ebe087394a07:c4738]
2019-07-08 20:09:48,919 INFO  client.GrpcClientProtocolClient (GrpcClientProtocolClient.java:onNext(255)) - client-83AFC0B42279->fd4515e9-84f2-4741-b1f5-a9247145a2ac: receive RaftClientReply:client-83AFC0B42279->fd4515e9-84f2-4741-b1f5-a9247145a2ac@group-E2152A48AE85, cid=3168, SUCCESS, logIndex=4743, commits[fd4515e9-84f2-4741-b1f5-a9247145a2ac:c4744, 2e3e112c-ad01-4834-a07e-d6d8a7947632:c4740, dfee02f7-0d20-4e08-8ecd-ebe087394a07:c4740]
2019-07-08 20:09:48,919 INFO  client.GrpcClientProtocolClient (GrpcClientProtocolClient.java:onNext(255)) - client-83AFC0B42279->fd4515e9-84f2-4741-b1f5-a9247145a2ac: receive RaftClientReply:client-83AFC0B42279->fd4515e9-84f2-4741-b1f5-a9247145a2ac@group-E2152A48AE85, cid=3169, SUCCESS, logIndex=4744, commits[fd4515e9-84f2-4741-b1f5-a9247145a2ac:c4744, 2e3e112c-ad01-4834-a07e-d6d8a7947632:c4740, dfee02f7-0d20-4e08-8ecd-ebe087394a07:c4740]
2019-07-08 20:09:48,932 INFO  client.GrpcClientProtocolClient (GrpcClientProtocolClient.java:onNext(255)) - client-83AFC0B42279->fd4515e9-84f2-4741-b1f5-a9247145a2ac: receive RaftClientReply:client-83AFC0B42279->fd4515e9-84f2-4741-b1f5-a9247145a2ac@group-E2152A48AE85, cid=3170, SUCCESS, logIndex=0, commits[fd4515e9-84f2-4741-b1f5-a9247145a2ac:c4746, 2e3e112c-ad01-4834-a07e-d6d8a7947632:c4744, dfee02f7-0d20-4e08-8ecd-ebe087394a07:c4744]
2019-07-08 20:09:49,115 INFO  client.GrpcClientProtocolClient (GrpcClientProtocolClient.java:onNext(255)) - client-83AFC0B42279->fd4515e9-84f2-4741-b1f5-a9247145a2ac: receive RaftClientReply:client-83AFC0B42279->fd4515e9-84f2-4741-b1f5-a9247145a2ac@group-E2152A48AE85, cid=3171, SUCCESS, logIndex=4747, commits[fd4515e9-84f2-4741-b1f5-a9247145a2ac:c4748, 2e3e112c-ad01-4834-a07e-d6d8a7947632:c4746, dfee02f7-0d20-4e08-8ecd-ebe087394a07:c4746]
2019-07-08 20:09:49,115 INFO  client.GrpcClientProtocolClient (GrpcClientProtocolClient.java:onNext(255)) - client-83AFC0B42279->fd4515e9-84f2-4741-b1f5-a9247145a2ac: receive RaftClientReply:client-83AFC0B42279->fd4515e9-84f2-4741-b1f5-a9247145a2ac@group-E2152A48AE85, cid=3172, SUCCESS, logIndex=4748, commits[fd4515e9-84f2-4741-b1f5-a9247145a2ac:c4748, 2e3e112c-ad01-4834-a07e-d6d8a7947632:c4746, dfee02f7-0d20-4e08-8ecd-ebe087394a07:c4746]
 0.00% |█                                                                                                    |  0/1 Time: 0:00:282019-07-08 20:09:49,128 INFO  client.GrpcClientProtocolClient (GrpcClientProtocolClient.java:onNext(255)) - client-83AFC0B42279->fd4515e9-84f2-4741-b1f5-a9247145a2ac: receive RaftClientReply:client-83AFC0B42279->fd4515e9-84f2-4741-b1f5-a9247145a2ac@group-E2152A48AE85, cid=3173, SUCCESS, logIndex=4749, commits[fd4515e9-84f2-4741-b1f5-a9247145a2ac:c4750, 2e3e112c-ad01-4834-a07e-d6d8a7947632:c4746, dfee02f7-0d20-4e08-8ecd-ebe087394a07:c4746]
2019-07-08 20:09:49,129 INFO  client.GrpcClientProtocolClient (GrpcClientProtocolClient.java:onNext(255)) - client-83AFC0B42279->fd4515e9-84f2-4741-b1f5-a9247145a2ac: receive RaftClientReply:client-83AFC0B42279->fd4515e9-84f2-4741-b1f5-a9247145a2ac@group-E2152A48AE85, cid=3174, SUCCESS, logIndex=4750, commits[fd4515e9-84f2-4741-b1f5-a9247145a2ac:c4750, 2e3e112c-ad01-4834-a07e-d6d8a7947632:c4746, dfee02f7-0d20-4e08-8ecd-ebe087394a07:c4746]
2019-07-08 20:09:49,141 INFO  client.GrpcClientProtocolClient (GrpcClientProtocolClient.java:onNext(255)) - client-83AFC0B42279->fd4515e9-84f2-4741-b1f5-a9247145a2ac: receive RaftClientReply:client-83AFC0B42279->fd4515e9-84f2-4741-b1f5-a9247145a2ac@group-E2152A48AE85, cid=3175, SUCCESS, logIndex=0, commits[fd4515e9-84f2-4741-b1f5-a9247145a2ac:c4752, 2e3e112c-ad01-4834-a07e-d6d8a7947632:c4748, dfee02f7-0d20-4e08-8ecd-ebe087394a07:c4748]
2019-07-08 20:09:49,173 INFO  client.GrpcClientProtocolClient (GrpcClientProtocolClient.java:onNext(255)) - client-83AFC0B42279->fd4515e9-84f2-4741-b1f5-a9247145a2ac: receive RaftClientReply:client-83AFC0B42279->fd4515e9-84f2-4741-b1f5-a9247145a2ac@group-E2152A48AE85, cid=3176, SUCCESS, logIndex=4755, commits[fd4515e9-84f2-4741-b1f5-a9247145a2ac:c4756, 2e3e112c-ad01-4834-a07e-d6d8a7947632:c4750, dfee02f7-0d20-4e08-8ecd-ebe087394a07:c4752]
2019-07-08 20:09:49,174 INFO  client.GrpcClientProtocolClient (GrpcClientProtocolClient.java:onNext(255)) - client-83AFC0B42279->fd4515e9-84f2-4741-b1f5-a9247145a2ac: receive RaftClientReply:client-83AFC0B42279->fd4515e9-84f2-4741-b1f5-a9247145a2ac@group-E2152A48AE85, cid=3177, SUCCESS, logIndex=4756, commits[fd4515e9-84f2-4741-b1f5-a9247145a2ac:c4756, 2e3e112c-ad01-4834-a07e-d6d8a7947632:c4752, dfee02f7-0d20-4e08-8ecd-ebe087394a07:c4752]
2019-07-08 20:09:49,189 INFO  client.GrpcClientProtocolClient (GrpcClientProtocolClient.java:onNext(255)) - client-83AFC0B42279->fd4515e9-84f2-4741-b1f5-a9247145a2ac: receive RaftClientReply:client-83AFC0B42279->fd4515e9-84f2-4741-b1f5-a9247145a2ac@group-E2152A48AE85, cid=3178, SUCCESS, logIndex=4759, commits[fd4515e9-84f2-4741-b1f5-a9247145a2ac:c4760, 2e3e112c-ad01-4834-a07e-d6d8a7947632:c4756, dfee02f7-0d20-4e08-8ecd-ebe087394a07:c4758]
2019-07-08 20:09:49,189 INFO  client.GrpcClientProtocolClient (GrpcClientProtocolClient.java:onNext(255)) - client-83AFC0B42279->fd4515e9-84f2-4741-b1f5-a9247145a2ac: receive RaftClientReply:client-83AFC0B42279->fd4515e9-84f2-4741-b1f5-a9247145a2ac@group-E2152A48AE85, cid=3179, SUCCESS, logIndex=4760, commits[fd4515e9-84f2-4741-b1f5-a9247145a2ac:c4760, 2e3e112c-ad01-4834-a07e-d6d8a7947632:c4758, dfee02f7-0d20-4e08-8ecd-ebe087394a07:c4758]
2019-07-08 20:09:49,202 INFO  client.GrpcClientProtocolClient (GrpcClientProtocolClient.java:onNext(255)) - client-83AFC0B42279->fd4515e9-84f2-4741-b1f5-a9247145a2ac: receive RaftClientReply:client-83AFC0B42279->fd4515e9-84f2-4741-b1f5-a9247145a2ac@group-E2152A48AE85, cid=3180, SUCCESS, logIndex=0, commits[fd4515e9-84f2-4741-b1f5-a9247145a2ac:c4761, 2e3e112c-ad01-4834-a07e-d6d8a7947632:c4760, dfee02f7-0d20-4e08-8ecd-ebe087394a07:c4760]
2019-07-08 20:09:49,235 INFO  client.GrpcClientProtocolClient (GrpcClientProtocolClient.java:onNext(255)) - client-83AFC0B42279->fd4515e9-84f2-4741-b1f5-a9247145a2ac: receive RaftClientReply:client-83AFC0B42279->fd4515e9-84f2-4741-b1f5-a9247145a2ac@group-E2152A48AE85, cid=3181, SUCCESS, logIndex=4763, commits[fd4515e9-84f2-4741-b1f5-a9247145a2ac:c4764, 2e3e112c-ad01-4834-a07e-d6d8a7947632:c4762, dfee02f7-0d20-4e08-8ecd-ebe087394a07:c4762]
2019-07-08 20:09:49,235 INFO  client.GrpcClientProtocolClient (GrpcClientProtocolClient.java:onNext(255)) - client-83AFC0B42279->fd4515e9-84f2-4741-b1f5-a9247145a2ac: receive RaftClientReply:client-83AFC0B42279->fd4515e9-84f2-4741-b1f5-a9247145a2ac@group-E2152A48AE85, cid=3182, SUCCESS, logIndex=4764, commits[fd4515e9-84f2-4741-b1f5-a9247145a2ac:c4766, 2e3e112c-ad01-4834-a07e-d6d8a7947632:c4762, dfee02f7-0d20-4e08-8ecd-ebe087394a07:c4762]
2019-07-08 20:09:49,236 INFO  client.GrpcClientProtocolClient (GrpcClientProtocolClient.java:onNext(255)) - client-83AFC0B42279->fd4515e9-84f2-4741-b1f5-a9247145a2ac: receive RaftClientReply:client-83AFC0B42279->fd4515e9-84f2-4741-b1f5-a9247145a2ac@group-E2152A48AE85, cid=3183, SUCCESS, logIndex=4765, commits[fd4515e9-84f2-4741-b1f5-a9247145a2ac:c4766, 2e3e112c-ad01-4834-a07e-d6d8a7947632:c4762, dfee02f7-0d20-4e08-8ecd-ebe087394a07:c4762]
2019-07-08 20:09:49,236 INFO  client.GrpcClientProtocolClient (GrpcClientProtocolClient.java:onNext(255)) - client-83AFC0B42279->fd4515e9-84f2-4741-b1f5-a9247145a2ac: receive RaftClientReply:client-83AFC0B42279->fd4515e9-84f2-4741-b1f5-a9247145a2ac@group-E2152A48AE85, cid=3184, SUCCESS, logIndex=4766, commits[fd4515e9-84f2-4741-b1f5-a9247145a2ac:c4766, 2e3e112c-ad01-4834-a07e-d6d8a7947632:c4762, dfee02f7-0d20-4e08-8ecd-ebe087394a07:c4762]
2019-07-08 20:09:49,249 INFO  client.GrpcClientProtocolClient (GrpcClientProtocolClient.java:onNext(255)) - client-83AFC0B42279->fd4515e9-84f2-4741-b1f5-a9247145a2ac: receive RaftClientReply:client-83AFC0B42279->fd4515e9-84f2-4741-b1f5-a9247145a2ac@group-E2152A48AE85, cid=3185, SUCCESS, logIndex=0, commits[fd4515e9-84f2-4741-b1f5-a9247145a2ac:c4769, 2e3e112c-ad01-4834-a07e-d6d8a7947632:c4764, dfee02f7-0d20-4e08-8ecd-ebe087394a07:c4765]
2019-07-08 20:09:49,270 INFO  client.GrpcClientProtocolClient (GrpcClientProtocolClient.java:onNext(255)) - client-83AFC0B42279->fd4515e9-84f2-4741-b1f5-a9247145a2ac: receive RaftClientReply:client-83AFC0B42279->fd4515e9-84f2-4741-b1f5-a9247145a2ac@group-E2152A48AE85, cid=3186, SUCCESS, logIndex=4771, commits[fd4515e9-84f2-4741-b1f5-a9247145a2ac:c4772, 2e3e112c-ad01-4834-a07e-d6d8a7947632:c4770, dfee02f7-0d20-4e08-8ecd-ebe087394a07:c4770]
2019-07-08 20:09:49,270 INFO  client.GrpcClientProtocolClient (GrpcClientProtocolClient.java:onNext(255)) - client-83AFC0B42279->fd4515e9-84f2-4741-b1f5-a9247145a2ac: receive RaftClientReply:client-83AFC0B42279->fd4515e9-84f2-4741-b1f5-a9247145a2ac@group-E2152A48AE85, cid=3187, SUCCESS, logIndex=4772, commits[fd4515e9-84f2-4741-b1f5-a9247145a2ac:c4772, 2e3e112c-ad01-4834-a07e-d6d8a7947632:c4770, dfee02f7-0d20-4e08-8ecd-ebe087394a07:c4770]
2019-07-08 20:09:49,284 INFO  client.GrpcClientProtocolClient (GrpcClientProtocolClient.java:onNext(255)) - client-83AFC0B42279->fd4515e9-84f2-4741-b1f5-a9247145a2ac: receive RaftClientReply:client-83AFC0B42279->fd4515e9-84f2-4741-b1f5-a9247145a2ac@group-E2152A48AE85, cid=3188, SUCCESS, logIndex=4775, commits[fd4515e9-84f2-4741-b1f5-a9247145a2ac:c4776, 2e3e112c-ad01-4834-a07e-d6d8a7947632:c4772, dfee02f7-0d20-4e08-8ecd-ebe087394a07:c4771]
2019-07-08 20:09:49,284 INFO  client.GrpcClientProtocolClient (GrpcClientProtocolClient.java:onNext(255)) - client-83AFC0B42279->fd4515e9-84f2-4741-b1f5-a9247145a2ac: receive RaftClientReply:client-83AFC0B42279->fd4515e9-84f2-4741-b1f5-a9247145a2ac@group-E2152A48AE85, cid=3189, SUCCESS, logIndex=4776, commits[fd4515e9-84f2-4741-b1f5-a9247145a2ac:c4776, 2e3e112c-ad01-4834-a07e-d6d8a7947632:c4772, dfee02f7-0d20-4e08-8ecd-ebe087394a07:c4772]
2019-07-08 20:09:49,288 INFO  client.GrpcClientProtocolClient (GrpcClientProtocolClient.java:onNext(255)) - client-83AFC0B42279->fd4515e9-84f2-4741-b1f5-a9247145a2ac: receive RaftClientReply:client-83AFC0B42279->fd4515e9-84f2-4741-b1f5-a9247145a2ac@group-E2152A48AE85, cid=3190, SUCCESS, logIndex=0, commits[fd4515e9-84f2-4741-b1f5-a9247145a2ac:c4778, 2e3e112c-ad01-4834-a07e-d6d8a7947632:c4776, dfee02f7-0d20-4e08-8ecd-ebe087394a07:c4776]
2019-07-08 20:09:49,320 INFO  client.GrpcClientProtocolClient (GrpcClientProtocolClient.java:onNext(255)) - client-83AFC0B42279->fd4515e9-84f2-4741-b1f5-a9247145a2ac: receive RaftClientReply:client-83AFC0B42279->fd4515e9-84f2-4741-b1f5-a9247145a2ac@group-E2152A48AE85, cid=3191, SUCCESS, logIndex=4779, commits[fd4515e9-84f2-4741-b1f5-a9247145a2ac:c4779, 2e3e112c-ad01-4834-a07e-d6d8a7947632:c4778, dfee02f7-0d20-4e08-8ecd-ebe087394a07:c4778]
2019-07-08 20:09:49,321 INFO  client.GrpcClientProtocolClient (GrpcClientProtocolClient.java:onNext(255)) - client-83AFC0B42279->fd4515e9-84f2-4741-b1f5-a9247145a2ac: receive RaftClientReply:client-83AFC0B42279->fd4515e9-84f2-4741-b1f5-a9247145a2ac@group-E2152A48AE85, cid=3192, SUCCESS, logIndex=4780, commits[fd4515e9-84f2-4741-b1f5-a9247145a2ac:c4780, 2e3e112c-ad01-4834-a07e-d6d8a7947632:c4778, dfee02f7-0d20-4e08-8ecd-ebe087394a07:c4778]
2019-07-08 20:09:49,322 INFO  client.GrpcClientProtocolClient (GrpcClientProtocolClient.java:onNext(255)) - client-83AFC0B42279->fd4515e9-84f2-4741-b1f5-a9247145a2ac: receive RaftClientReply:client-83AFC0B42279->fd4515e9-84f2-4741-b1f5-a9247145a2ac@group-E2152A48AE85, cid=3193, SUCCESS, logIndex=4781, commits[fd4515e9-84f2-4741-b1f5-a9247145a2ac:c4782, 2e3e112c-ad01-4834-a07e-d6d8a7947632:c4778, dfee02f7-0d20-4e08-8ecd-ebe087394a07:c4778]
2019-07-08 20:09:49,322 INFO  client.GrpcClientProtocolClient (GrpcClientProtocolClient.java:onNext(255)) - client-83AFC0B42279->fd4515e9-84f2-4741-b1f5-a9247145a2ac: receive RaftClientReply:client-83AFC0B42279->fd4515e9-84f2-4741-b1f5-a9247145a2ac@group-E2152A48AE85, cid=3194, SUCCESS, logIndex=4782, commits[fd4515e9-84f2-4741-b1f5-a9247145a2ac:c4782, 2e3e112c-ad01-4834-a07e-d6d8a7947632:c4778, dfee02f7-0d20-4e08-8ecd-ebe087394a07:c4778]
2019-07-08 20:09:49,323 INFO  client.GrpcClientProtocolClient (GrpcClientProtocolClient.java:onNext(255)) - client-83AFC0B42279->fd4515e9-84f2-4741-b1f5-a9247145a2ac: receive RaftClientReply:client-83AFC0B42279->fd4515e9-84f2-4741-b1f5-a9247145a2ac@group-E2152A48AE85, cid=3195, SUCCESS, logIndex=0, commits[fd4515e9-84f2-4741-b1f5-a9247145a2ac:c4782, 2e3e112c-ad01-4834-a07e-d6d8a7947632:c4781, dfee02f7-0d20-4e08-8ecd-ebe087394a07:c4782]
2019-07-08 20:09:49,347 INFO  client.GrpcClientProtocolClient (GrpcClientProtocolClient.java:onNext(255)) - client-83AFC0B42279->fd4515e9-84f2-4741-b1f5-a9247145a2ac: receive RaftClientReply:client-83AFC0B42279->fd4515e9-84f2-4741-b1f5-a9247145a2ac@group-E2152A48AE85, cid=3196, SUCCESS, logIndex=4787, commits[fd4515e9-84f2-4741-b1f5-a9247145a2ac:c4787, 2e3e112c-ad01-4834-a07e-d6d8a7947632:c4786, dfee02f7-0d20-4e08-8ecd-ebe087394a07:c4786]
2019-07-08 20:09:49,347 INFO  client.GrpcClientProtocolClient (GrpcClientProtocolClient.java:onNext(255)) - client-83AFC0B42279->fd4515e9-84f2-4741-b1f5-a9247145a2ac: receive RaftClientReply:client-83AFC0B42279->fd4515e9-84f2-4741-b1f5-a9247145a2ac@group-E2152A48AE85, cid=3197, SUCCESS, logIndex=4788, commits[fd4515e9-84f2-4741-b1f5-a9247145a2ac:c4788, 2e3e112c-ad01-4834-a07e-d6d8a7947632:c4786, dfee02f7-0d20-4e08-8ecd-ebe087394a07:c4786]
2019-07-08 20:09:49,370 INFO  client.GrpcClientProtocolClient (GrpcClientProtocolClient.java:onNext(255)) - client-83AFC0B42279->fd4515e9-84f2-4741-b1f5-a9247145a2ac: receive RaftClientReply:client-83AFC0B42279->fd4515e9-84f2-4741-b1f5-a9247145a2ac@group-E2152A48AE85, cid=3198, SUCCESS, logIndex=4791, commits[fd4515e9-84f2-4741-b1f5-a9247145a2ac:c4792, 2e3e112c-ad01-4834-a07e-d6d8a7947632:c4787, dfee02f7-0d20-4e08-8ecd-ebe087394a07:c4788]
2019-07-08 20:09:49,371 INFO  client.GrpcClientProtocolClient (GrpcClientProtocolClient.java:onNext(255)) - client-83AFC0B42279->fd4515e9-84f2-4741-b1f5-a9247145a2ac: receive RaftClientReply:client-83AFC0B42279->fd4515e9-84f2-4741-b1f5-a9247145a2ac@group-E2152A48AE85, cid=3199, SUCCESS, logIndex=4792, commits[fd4515e9-84f2-4741-b1f5-a9247145a2ac:c4792, 2e3e112c-ad01-4834-a07e-d6d8a7947632:c4788, dfee02f7-0d20-4e08-8ecd-ebe087394a07:c4788]
2019-07-08 20:09:49,385 INFO  client.GrpcClientProtocolClient (GrpcClientProtocolClient.java:onNext(255)) - client-83AFC0B42279->fd4515e9-84f2-4741-b1f5-a9247145a2ac: receive RaftClientReply:client-83AFC0B42279->fd4515e9-84f2-4741-b1f5-a9247145a2ac@group-E2152A48AE85, cid=3200, SUCCESS, logIndex=0, commits[fd4515e9-84f2-4741-b1f5-a9247145a2ac:c4794, 2e3e112c-ad01-4834-a07e-d6d8a7947632:c4792, dfee02f7-0d20-4e08-8ecd-ebe087394a07:c4792]
2019-07-08 20:09:49,410 INFO  client.GrpcClientProtocolClient (GrpcClientProtocolClient.java:onNext(255)) - client-83AFC0B42279->fd4515e9-84f2-4741-b1f5-a9247145a2ac: receive RaftClientReply:client-83AFC0B42279->fd4515e9-84f2-4741-b1f5-a9247145a2ac@group-E2152A48AE85, cid=3201, SUCCESS, logIndex=4795, commits[fd4515e9-84f2-4741-b1f5-a9247145a2ac:c4795, 2e3e112c-ad01-4834-a07e-d6d8a7947632:c4792, dfee02f7-0d20-4e08-8ecd-ebe087394a07:c4794]
2019-07-08 20:09:49,410 INFO  client.GrpcClientProtocolClient (GrpcClientProtocolClient.java:onNext(255)) - client-83AFC0B42279->fd4515e9-84f2-4741-b1f5-a9247145a2ac: receive RaftClientReply:client-83AFC0B42279->fd4515e9-84f2-4741-b1f5-a9247145a2ac@group-E2152A48AE85, cid=3202, SUCCESS, logIndex=4796, commits[fd4515e9-84f2-4741-b1f5-a9247145a2ac:c4796, 2e3e112c-ad01-4834-a07e-d6d8a7947632:c4794, dfee02f7-0d20-4e08-8ecd-ebe087394a07:c4794]
2019-07-08 20:09:49,411 INFO  client.GrpcClientProtocolClient (GrpcClientProtocolClient.java:onNext(255)) - client-83AFC0B42279->fd4515e9-84f2-4741-b1f5-a9247145a2ac: receive RaftClientReply:client-83AFC0B42279->fd4515e9-84f2-4741-b1f5-a9247145a2ac@group-E2152A48AE85, cid=3203, SUCCESS, logIndex=4797, commits[fd4515e9-84f2-4741-b1f5-a9247145a2ac:c4798, 2e3e112c-ad01-4834-a07e-d6d8a7947632:c4794, dfee02f7-0d20-4e08-8ecd-ebe087394a07:c4794]
2019-07-08 20:09:49,411 INFO  client.GrpcClientProtocolClient (GrpcClientProtocolClient.java:onNext(255)) - client-83AFC0B42279->fd4515e9-84f2-4741-b1f5-a9247145a2ac: receive RaftClientReply:client-83AFC0B42279->fd4515e9-84f2-4741-b1f5-a9247145a2ac@group-E2152A48AE85, cid=3204, SUCCESS, logIndex=4798, commits[fd4515e9-84f2-4741-b1f5-a9247145a2ac:c4798, 2e3e112c-ad01-4834-a07e-d6d8a7947632:c4794, dfee02f7-0d20-4e08-8ecd-ebe087394a07:c4794]
2019-07-08 20:09:49,424 INFO  client.GrpcClientProtocolClient (GrpcClientProtocolClient.java:onNext(255)) - client-83AFC0B42279->fd4515e9-84f2-4741-b1f5-a9247145a2ac: receive RaftClientReply:client-83AFC0B42279->fd4515e9-84f2-4741-b1f5-a9247145a2ac@group-E2152A48AE85, cid=3205, SUCCESS, logIndex=0, commits[fd4515e9-84f2-4741-b1f5-a9247145a2ac:c4800, 2e3e112c-ad01-4834-a07e-d6d8a7947632:c4796, dfee02f7-0d20-4e08-8ecd-ebe087394a07:c4796]
2019-07-08 20:09:49,439 INFO  client.GrpcClientProtocolClient (GrpcClientProtocolClient.java:onNext(255)) - client-83AFC0B42279->fd4515e9-84f2-4741-b1f5-a9247145a2ac: receive RaftClientReply:client-83AFC0B42279->fd4515e9-84f2-4741-b1f5-a9247145a2ac@group-E2152A48AE85, cid=3206, SUCCESS, logIndex=4803, commits[fd4515e9-84f2-4741-b1f5-a9247145a2ac:c4804, 2e3e112c-ad01-4834-a07e-d6d8a7947632:c4798, dfee02f7-0d20-4e08-8ecd-ebe087394a07:c4802]
2019-07-08 20:09:49,440 INFO  client.GrpcClientProtocolClient (GrpcClientProtocolClient.java:onNext(255)) - client-83AFC0B42279->fd4515e9-84f2-4741-b1f5-a9247145a2ac: receive RaftClientReply:client-83AFC0B42279->fd4515e9-84f2-4741-b1f5-a9247145a2ac@group-E2152A48AE85, cid=3207, SUCCESS, logIndex=4804, commits[fd4515e9-84f2-4741-b1f5-a9247145a2ac:c4804, 2e3e112c-ad01-4834-a07e-d6d8a7947632:c4802, dfee02f7-0d20-4e08-8ecd-ebe087394a07:c4802]
2019-07-08 20:09:49,458 INFO  client.GrpcClientProtocolClient (GrpcClientProtocolClient.java:onNext(255)) - client-83AFC0B42279->fd4515e9-84f2-4741-b1f5-a9247145a2ac: receive RaftClientReply:client-83AFC0B42279->fd4515e9-84f2-4741-b1f5-a9247145a2ac@group-E2152A48AE85, cid=3208, SUCCESS, logIndex=4806, commits[fd4515e9-84f2-4741-b1f5-a9247145a2ac:c4807, 2e3e112c-ad01-4834-a07e-d6d8a7947632:c4805, dfee02f7-0d20-4e08-8ecd-ebe087394a07:c4805]
2019-07-08 20:09:49,459 INFO  client.GrpcClientProtocolClient (GrpcClientProtocolClient.java:onNext(255)) - client-83AFC0B42279->fd4515e9-84f2-4741-b1f5-a9247145a2ac: receive RaftClientReply:client-83AFC0B42279->fd4515e9-84f2-4741-b1f5-a9247145a2ac@group-E2152A48AE85, cid=3209, SUCCESS, logIndex=4807, commits[fd4515e9-84f2-4741-b1f5-a9247145a2ac:c4807, 2e3e112c-ad01-4834-a07e-d6d8a7947632:c4805, dfee02f7-0d20-4e08-8ecd-ebe087394a07:c4805]
2019-07-08 20:09:49,472 INFO  client.GrpcClientProtocolClient (GrpcClientProtocolClient.java:onNext(255)) - client-83AFC0B42279->fd4515e9-84f2-4741-b1f5-a9247145a2ac: receive RaftClientReply:client-83AFC0B42279->fd4515e9-84f2-4741-b1f5-a9247145a2ac@group-E2152A48AE85, cid=3210, SUCCESS, logIndex=0, commits[fd4515e9-84f2-4741-b1f5-a9247145a2ac:c4809, 2e3e112c-ad01-4834-a07e-d6d8a7947632:c4807, dfee02f7-0d20-4e08-8ecd-ebe087394a07:c4807]
2019-07-08 20:09:49,504 INFO  client.GrpcClientProtocolClient (GrpcClientProtocolClient.java:onNext(255)) - client-83AFC0B42279->fd4515e9-84f2-4741-b1f5-a9247145a2ac: receive RaftClientReply:client-83AFC0B42279->fd4515e9-84f2-4741-b1f5-a9247145a2ac@group-E2152A48AE85, cid=3211, SUCCESS, logIndex=4810, commits[fd4515e9-84f2-4741-b1f5-a9247145a2ac:c4811, 2e3e112c-ad01-4834-a07e-d6d8a7947632:c4809, dfee02f7-0d20-4e08-8ecd-ebe087394a07:c4809]
2019-07-08 20:09:49,504 INFO  client.GrpcClientProtocolClient (GrpcClientProtocolClient.java:onNext(255)) - client-83AFC0B42279->fd4515e9-84f2-4741-b1f5-a9247145a2ac: receive RaftClientReply:client-83AFC0B42279->fd4515e9-84f2-4741-b1f5-a9247145a2ac@group-E2152A48AE85, cid=3212, SUCCESS, logIndex=4811, commits[fd4515e9-84f2-4741-b1f5-a9247145a2ac:c4813, 2e3e112c-ad01-4834-a07e-d6d8a7947632:c4809, dfee02f7-0d20-4e08-8ecd-ebe087394a07:c4809]
2019-07-08 20:09:49,505 INFO  client.GrpcClientProtocolClient (GrpcClientProtocolClient.java:onNext(255)) - client-83AFC0B42279->fd4515e9-84f2-4741-b1f5-a9247145a2ac: receive RaftClientReply:client-83AFC0B42279->fd4515e9-84f2-4741-b1f5-a9247145a2ac@group-E2152A48AE85, cid=3213, SUCCESS, logIndex=4812, commits[fd4515e9-84f2-4741-b1f5-a9247145a2ac:c4813, 2e3e112c-ad01-4834-a07e-d6d8a7947632:c4809, dfee02f7-0d20-4e08-8ecd-ebe087394a07:c4809]
2019-07-08 20:09:49,505 INFO  client.GrpcClientProtocolClient (GrpcClientProtocolClient.java:onNext(255)) - client-83AFC0B42279->fd4515e9-84f2-4741-b1f5-a9247145a2ac: receive RaftClientReply:client-83AFC0B42279->fd4515e9-84f2-4741-b1f5-a9247145a2ac@group-E2152A48AE85, cid=3214, SUCCESS, logIndex=4813, commits[fd4515e9-84f2-4741-b1f5-a9247145a2ac:c4813, 2e3e112c-ad01-4834-a07e-d6d8a7947632:c4809, dfee02f7-0d20-4e08-8ecd-ebe087394a07:c4809]
2019-07-08 20:09:49,516 INFO  client.GrpcClientProtocolClient (GrpcClientProtocolClient.java:onNext(255)) - client-83AFC0B42279->fd4515e9-84f2-4741-b1f5-a9247145a2ac: receive RaftClientReply:client-83AFC0B42279->fd4515e9-84f2-4741-b1f5-a9247145a2ac@group-E2152A48AE85, cid=3215, SUCCESS, logIndex=0, commits[fd4515e9-84f2-4741-b1f5-a9247145a2ac:c4814, 2e3e112c-ad01-4834-a07e-d6d8a7947632:c4811, dfee02f7-0d20-4e08-8ecd-ebe087394a07:c4811]
2019-07-08 20:09:49,536 INFO  client.GrpcClientProtocolClient (GrpcClientProtocolClient.java:onNext(255)) - client-83AFC0B42279->fd4515e9-84f2-4741-b1f5-a9247145a2ac: receive RaftClientReply:client-83AFC0B42279->fd4515e9-84f2-4741-b1f5-a9247145a2ac@group-E2152A48AE85, cid=3216, SUCCESS, logIndex=4818, commits[fd4515e9-84f2-4741-b1f5-a9247145a2ac:c4819, 2e3e112c-ad01-4834-a07e-d6d8a7947632:c4817, dfee02f7-0d20-4e08-8ecd-ebe087394a07:c4817]
2019-07-08 20:09:49,536 INFO  client.GrpcClientProtocolClient (GrpcClientProtocolClient.java:onNext(255)) - client-83AFC0B42279->fd4515e9-84f2-4741-b1f5-a9247145a2ac: receive RaftClientReply:client-83AFC0B42279->fd4515e9-84f2-4741-b1f5-a9247145a2ac@group-E2152A48AE85, cid=3217, SUCCESS, logIndex=4819, commits[fd4515e9-84f2-4741-b1f5-a9247145a2ac:c4819, 2e3e112c-ad01-4834-a07e-d6d8a7947632:c4817, dfee02f7-0d20-4e08-8ecd-ebe087394a07:c4817]
2019-07-08 20:09:49,551 INFO  client.GrpcClientProtocolClient (GrpcClientProtocolClient.java:onNext(255)) - client-83AFC0B42279->fd4515e9-84f2-4741-b1f5-a9247145a2ac: receive RaftClientReply:client-83AFC0B42279->fd4515e9-84f2-4741-b1f5-a9247145a2ac@group-E2152A48AE85, cid=3218, SUCCESS, logIndex=4822, commits[fd4515e9-84f2-4741-b1f5-a9247145a2ac:c4823, 2e3e112c-ad01-4834-a07e-d6d8a7947632:c4819, dfee02f7-0d20-4e08-8ecd-ebe087394a07:c4819]
2019-07-08 20:09:49,551 INFO  client.GrpcClientProtocolClient (GrpcClientProtocolClient.java:onNext(255)) - client-83AFC0B42279->fd4515e9-84f2-4741-b1f5-a9247145a2ac: receive RaftClientReply:client-83AFC0B42279->fd4515e9-84f2-4741-b1f5-a9247145a2ac@group-E2152A48AE85, cid=3219, SUCCESS, logIndex=4823, commits[fd4515e9-84f2-4741-b1f5-a9247145a2ac:c4823, 2e3e112c-ad01-4834-a07e-d6d8a7947632:c4819, dfee02f7-0d20-4e08-8ecd-ebe087394a07:c4819]
2019-07-08 20:09:49,590 INFO  client.GrpcClientProtocolClient (GrpcClientProtocolClient.java:onNext(255)) - client-83AFC0B42279->fd4515e9-84f2-4741-b1f5-a9247145a2ac: receive RaftClientReply:client-83AFC0B42279->fd4515e9-84f2-4741-b1f5-a9247145a2ac@group-E2152A48AE85, cid=3220, SUCCESS, logIndex=0, commits[fd4515e9-84f2-4741-b1f5-a9247145a2ac:c4825, 2e3e112c-ad01-4834-a07e-d6d8a7947632:c4823, dfee02f7-0d20-4e08-8ecd-ebe087394a07:c4823]
2019-07-08 20:09:49,624 INFO  client.GrpcClientProtocolClient (GrpcClientProtocolClient.java:onNext(255)) - client-83AFC0B42279->fd4515e9-84f2-4741-b1f5-a9247145a2ac: receive RaftClientReply:client-83AFC0B42279->fd4515e9-84f2-4741-b1f5-a9247145a2ac@group-E2152A48AE85, cid=3221, SUCCESS, logIndex=4826, commits[fd4515e9-84f2-4741-b1f5-a9247145a2ac:c4827, 2e3e112c-ad01-4834-a07e-d6d8a7947632:c4825, dfee02f7-0d20-4e08-8ecd-ebe087394a07:c4825]
2019-07-08 20:09:49,624 INFO  client.GrpcClientProtocolClient (GrpcClientProtocolClient.java:onNext(255)) - client-83AFC0B42279->fd4515e9-84f2-4741-b1f5-a9247145a2ac: receive RaftClientReply:client-83AFC0B42279->fd4515e9-84f2-4741-b1f5-a9247145a2ac@group-E2152A48AE85, cid=3222, SUCCESS, logIndex=4827, commits[fd4515e9-84f2-4741-b1f5-a9247145a2ac:c4827, 2e3e112c-ad01-4834-a07e-d6d8a7947632:c4825, dfee02f7-0d20-4e08-8ecd-ebe087394a07:c4825]
2019-07-08 20:09:49,625 INFO  client.GrpcClientProtocolClient (GrpcClientProtocolClient.java:onNext(255)) - client-83AFC0B42279->fd4515e9-84f2-4741-b1f5-a9247145a2ac: receive RaftClientReply:client-83AFC0B42279->fd4515e9-84f2-4741-b1f5-a9247145a2ac@group-E2152A48AE85, cid=3223, SUCCESS, logIndex=4828, commits[fd4515e9-84f2-4741-b1f5-a9247145a2ac:c4829, 2e3e112c-ad01-4834-a07e-d6d8a7947632:c4825, dfee02f7-0d20-4e08-8ecd-ebe087394a07:c4825]
2019-07-08 20:09:49,625 INFO  client.GrpcClientProtocolClient (GrpcClientProtocolClient.java:onNext(255)) - client-83AFC0B42279->fd4515e9-84f2-4741-b1f5-a9247145a2ac: receive RaftClientReply:client-83AFC0B42279->fd4515e9-84f2-4741-b1f5-a9247145a2ac@group-E2152A48AE85, cid=3224, SUCCESS, logIndex=4829, commits[fd4515e9-84f2-4741-b1f5-a9247145a2ac:c4829, 2e3e112c-ad01-4834-a07e-d6d8a7947632:c4825, dfee02f7-0d20-4e08-8ecd-ebe087394a07:c4825]
2019-07-08 20:09:49,638 INFO  client.GrpcClientProtocolClient (GrpcClientProtocolClient.java:onNext(255)) - client-83AFC0B42279->fd4515e9-84f2-4741-b1f5-a9247145a2ac: receive RaftClientReply:client-83AFC0B42279->fd4515e9-84f2-4741-b1f5-a9247145a2ac@group-E2152A48AE85, cid=3225, SUCCESS, logIndex=0, commits[fd4515e9-84f2-4741-b1f5-a9247145a2ac:c4831, 2e3e112c-ad01-4834-a07e-d6d8a7947632:c4827, dfee02f7-0d20-4e08-8ecd-ebe087394a07:c4827]
2019-07-08 20:09:49,676 INFO  client.GrpcClientProtocolClient (GrpcClientProtocolClient.java:onNext(255)) - client-83AFC0B42279->fd4515e9-84f2-4741-b1f5-a9247145a2ac: receive RaftClientReply:client-83AFC0B42279->fd4515e9-84f2-4741-b1f5-a9247145a2ac@group-E2152A48AE85, cid=3226, SUCCESS, logIndex=4834, commits[fd4515e9-84f2-4741-b1f5-a9247145a2ac:c4835, 2e3e112c-ad01-4834-a07e-d6d8a7947632:c4833, dfee02f7-0d20-4e08-8ecd-ebe087394a07:c4833]
2019-07-08 20:09:49,677 INFO  client.GrpcClientProtocolClient (GrpcClientProtocolClient.java:onNext(255)) - client-83AFC0B42279->fd4515e9-84f2-4741-b1f5-a9247145a2ac: receive RaftClientReply:client-83AFC0B42279->fd4515e9-84f2-4741-b1f5-a9247145a2ac@group-E2152A48AE85, cid=3227, SUCCESS, logIndex=4835, commits[fd4515e9-84f2-4741-b1f5-a9247145a2ac:c4835, 2e3e112c-ad01-4834-a07e-d6d8a7947632:c4833, dfee02f7-0d20-4e08-8ecd-ebe087394a07:c4833]
2019-07-08 20:09:49,701 INFO  client.GrpcClientProtocolClient (GrpcClientProtocolClient.java:onNext(255)) - client-83AFC0B42279->fd4515e9-84f2-4741-b1f5-a9247145a2ac: receive RaftClientReply:client-83AFC0B42279->fd4515e9-84f2-4741-b1f5-a9247145a2ac@group-E2152A48AE85, cid=3228, SUCCESS, logIndex=4838, commits[fd4515e9-84f2-4741-b1f5-a9247145a2ac:c4839, 2e3e112c-ad01-4834-a07e-d6d8a7947632:c4835, dfee02f7-0d20-4e08-8ecd-ebe087394a07:c4835]
2019-07-08 20:09:49,701 INFO  client.GrpcClientProtocolClient (GrpcClientProtocolClient.java:onNext(255)) - client-83AFC0B42279->fd4515e9-84f2-4741-b1f5-a9247145a2ac: receive RaftClientReply:client-83AFC0B42279->fd4515e9-84f2-4741-b1f5-a9247145a2ac@group-E2152A48AE85, cid=3229, SUCCESS, logIndex=4839, commits[fd4515e9-84f2-4741-b1f5-a9247145a2ac:c4839, 2e3e112c-ad01-4834-a07e-d6d8a7947632:c4835, dfee02f7-0d20-4e08-8ecd-ebe087394a07:c4835]
2019-07-08 20:09:49,713 INFO  client.GrpcClientProtocolClient (GrpcClientProtocolClient.java:onNext(255)) - client-83AFC0B42279->fd4515e9-84f2-4741-b1f5-a9247145a2ac: receive RaftClientReply:client-83AFC0B42279->fd4515e9-84f2-4741-b1f5-a9247145a2ac@group-E2152A48AE85, cid=3230, SUCCESS, logIndex=0, commits[fd4515e9-84f2-4741-b1f5-a9247145a2ac:c4840, 2e3e112c-ad01-4834-a07e-d6d8a7947632:c4839, dfee02f7-0d20-4e08-8ecd-ebe087394a07:c4839]
2019-07-08 20:09:49,746 INFO  client.GrpcClientProtocolClient (GrpcClientProtocolClient.java:onNext(255)) - client-83AFC0B42279->fd4515e9-84f2-4741-b1f5-a9247145a2ac: receive RaftClientReply:client-83AFC0B42279->fd4515e9-84f2-4741-b1f5-a9247145a2ac@group-E2152A48AE85, cid=3231, SUCCESS, logIndex=4842, commits[fd4515e9-84f2-4741-b1f5-a9247145a2ac:c4843, 2e3e112c-ad01-4834-a07e-d6d8a7947632:c4841, dfee02f7-0d20-4e08-8ecd-ebe087394a07:c4841]
2019-07-08 20:09:49,746 INFO  client.GrpcClientProtocolClient (GrpcClientProtocolClient.java:onNext(255)) - client-83AFC0B42279->fd4515e9-84f2-4741-b1f5-a9247145a2ac: receive RaftClientReply:client-83AFC0B42279->fd4515e9-84f2-4741-b1f5-a9247145a2ac@group-E2152A48AE85, cid=3232, SUCCESS, logIndex=4843, commits[fd4515e9-84f2-4741-b1f5-a9247145a2ac:c4844, 2e3e112c-ad01-4834-a07e-d6d8a7947632:c4841, dfee02f7-0d20-4e08-8ecd-ebe087394a07:c4841]
2019-07-08 20:09:49,747 INFO  client.GrpcClientProtocolClient (GrpcClientProtocolClient.java:onNext(255)) - client-83AFC0B42279->fd4515e9-84f2-4741-b1f5-a9247145a2ac: receive RaftClientReply:client-83AFC0B42279->fd4515e9-84f2-4741-b1f5-a9247145a2ac@group-E2152A48AE85, cid=3233, SUCCESS, logIndex=4844, commits[fd4515e9-84f2-4741-b1f5-a9247145a2ac:c4845, 2e3e112c-ad01-4834-a07e-d6d8a7947632:c4841, dfee02f7-0d20-4e08-8ecd-ebe087394a07:c4841]
2019-07-08 20:09:49,747 INFO  client.GrpcClientProtocolClient (GrpcClientProtocolClient.java:onNext(255)) - client-83AFC0B42279->fd4515e9-84f2-4741-b1f5-a9247145a2ac: receive RaftClientReply:client-83AFC0B42279->fd4515e9-84f2-4741-b1f5-a9247145a2ac@group-E2152A48AE85, cid=3234, SUCCESS, logIndex=4845, commits[fd4515e9-84f2-4741-b1f5-a9247145a2ac:c4845, 2e3e112c-ad01-4834-a07e-d6d8a7947632:c4841, dfee02f7-0d20-4e08-8ecd-ebe087394a07:c4842]
2019-07-08 20:09:49,749 INFO  client.GrpcClientProtocolClient (GrpcClientProtocolClient.java:onNext(255)) - client-83AFC0B42279->fd4515e9-84f2-4741-b1f5-a9247145a2ac: receive RaftClientReply:client-83AFC0B42279->fd4515e9-84f2-4741-b1f5-a9247145a2ac@group-E2152A48AE85, cid=3235, SUCCESS, logIndex=0, commits[fd4515e9-84f2-4741-b1f5-a9247145a2ac:c4847, 2e3e112c-ad01-4834-a07e-d6d8a7947632:c4843, dfee02f7-0d20-4e08-8ecd-ebe087394a07:c4843]
2019-07-08 20:09:49,764 INFO  client.GrpcClientProtocolClient (GrpcClientProtocolClient.java:onNext(255)) - client-83AFC0B42279->fd4515e9-84f2-4741-b1f5-a9247145a2ac: receive RaftClientReply:client-83AFC0B42279->fd4515e9-84f2-4741-b1f5-a9247145a2ac@group-E2152A48AE85, cid=3236, SUCCESS, logIndex=4850, commits[fd4515e9-84f2-4741-b1f5-a9247145a2ac:c4851, 2e3e112c-ad01-4834-a07e-d6d8a7947632:c4845, dfee02f7-0d20-4e08-8ecd-ebe087394a07:c4847]
2019-07-08 20:09:49,765 INFO  client.GrpcClientProtocolClient (GrpcClientProtocolClient.java:onNext(255)) - client-83AFC0B42279->fd4515e9-84f2-4741-b1f5-a9247145a2ac: receive RaftClientReply:client-83AFC0B42279->fd4515e9-84f2-4741-b1f5-a9247145a2ac@group-E2152A48AE85, cid=3237, SUCCESS, logIndex=4851, commits[fd4515e9-84f2-4741-b1f5-a9247145a2ac:c4851, 2e3e112c-ad01-4834-a07e-d6d8a7947632:c4847, dfee02f7-0d20-4e08-8ecd-ebe087394a07:c4847]
2019-07-08 20:09:49,777 INFO  client.GrpcClientProtocolClient (GrpcClientProtocolClient.java:onNext(255)) - client-83AFC0B42279->fd4515e9-84f2-4741-b1f5-a9247145a2ac: receive RaftClientReply:client-83AFC0B42279->fd4515e9-84f2-4741-b1f5-a9247145a2ac@group-E2152A48AE85, cid=3238, SUCCESS, logIndex=4853, commits[fd4515e9-84f2-4741-b1f5-a9247145a2ac:c4853, 2e3e112c-ad01-4834-a07e-d6d8a7947632:c4851, dfee02f7-0d20-4e08-8ecd-ebe087394a07:c4851]
2019-07-08 20:09:49,778 INFO  client.GrpcClientProtocolClient (GrpcClientProtocolClient.java:onNext(255)) - client-83AFC0B42279->fd4515e9-84f2-4741-b1f5-a9247145a2ac: receive RaftClientReply:client-83AFC0B42279->fd4515e9-84f2-4741-b1f5-a9247145a2ac@group-E2152A48AE85, cid=3239, SUCCESS, logIndex=4854, commits[fd4515e9-84f2-4741-b1f5-a9247145a2ac:c4854, 2e3e112c-ad01-4834-a07e-d6d8a7947632:c4851, dfee02f7-0d20-4e08-8ecd-ebe087394a07:c4851]
2019-07-08 20:09:49,792 INFO  client.GrpcClientProtocolClient (GrpcClientProtocolClient.java:onNext(255)) - client-83AFC0B42279->fd4515e9-84f2-4741-b1f5-a9247145a2ac: receive RaftClientReply:client-83AFC0B42279->fd4515e9-84f2-4741-b1f5-a9247145a2ac@group-E2152A48AE85, cid=3240, SUCCESS, logIndex=0, commits[fd4515e9-84f2-4741-b1f5-a9247145a2ac:c4856, 2e3e112c-ad01-4834-a07e-d6d8a7947632:c4854, dfee02f7-0d20-4e08-8ecd-ebe087394a07:c4854]
2019-07-08 20:09:49,822 INFO  client.GrpcClientProtocolClient (GrpcClientProtocolClient.java:onNext(255)) - client-83AFC0B42279->fd4515e9-84f2-4741-b1f5-a9247145a2ac: receive RaftClientReply:client-83AFC0B42279->fd4515e9-84f2-4741-b1f5-a9247145a2ac@group-E2152A48AE85, cid=3241, SUCCESS, logIndex=4857, commits[fd4515e9-84f2-4741-b1f5-a9247145a2ac:c4858, 2e3e112c-ad01-4834-a07e-d6d8a7947632:c4856, dfee02f7-0d20-4e08-8ecd-ebe087394a07:c4856]
2019-07-08 20:09:49,823 INFO  client.GrpcClientProtocolClient (GrpcClientProtocolClient.java:onNext(255)) - client-83AFC0B42279->fd4515e9-84f2-4741-b1f5-a9247145a2ac: receive RaftClientReply:client-83AFC0B42279->fd4515e9-84f2-4741-b1f5-a9247145a2ac@group-E2152A48AE85, cid=3242, SUCCESS, logIndex=4858, commits[fd4515e9-84f2-4741-b1f5-a9247145a2ac:c4858, 2e3e112c-ad01-4834-a07e-d6d8a7947632:c4856, dfee02f7-0d20-4e08-8ecd-ebe087394a07:c4856]
2019-07-08 20:09:49,823 INFO  client.GrpcClientProtocolClient (GrpcClientProtocolClient.java:onNext(255)) - client-83AFC0B42279->fd4515e9-84f2-4741-b1f5-a9247145a2ac: receive RaftClientReply:client-83AFC0B42279->fd4515e9-84f2-4741-b1f5-a9247145a2ac@group-E2152A48AE85, cid=3243, SUCCESS, logIndex=4859, commits[fd4515e9-84f2-4741-b1f5-a9247145a2ac:c4860, 2e3e112c-ad01-4834-a07e-d6d8a7947632:c4856, dfee02f7-0d20-4e08-8ecd-ebe087394a07:c4856]
2019-07-08 20:09:49,824 INFO  client.GrpcClientProtocolClient (GrpcClientProtocolClient.java:onNext(255)) - client-83AFC0B42279->fd4515e9-84f2-4741-b1f5-a9247145a2ac: receive RaftClientReply:client-83AFC0B42279->fd4515e9-84f2-4741-b1f5-a9247145a2ac@group-E2152A48AE85, cid=3244, SUCCESS, logIndex=4860, commits[fd4515e9-84f2-4741-b1f5-a9247145a2ac:c4860, 2e3e112c-ad01-4834-a07e-d6d8a7947632:c4856, dfee02f7-0d20-4e08-8ecd-ebe087394a07:c4856]
2019-07-08 20:09:49,825 INFO  client.GrpcClientProtocolClient (GrpcClientProtocolClient.java:onNext(255)) - client-83AFC0B42279->fd4515e9-84f2-4741-b1f5-a9247145a2ac: receive RaftClientReply:client-83AFC0B42279->fd4515e9-84f2-4741-b1f5-a9247145a2ac@group-E2152A48AE85, cid=3245, SUCCESS, logIndex=0, commits[fd4515e9-84f2-4741-b1f5-a9247145a2ac:c4862, 2e3e112c-ad01-4834-a07e-d6d8a7947632:c4858, dfee02f7-0d20-4e08-8ecd-ebe087394a07:c4858]
2019-07-08 20:09:49,845 INFO  client.GrpcClientProtocolClient (GrpcClientProtocolClient.java:onNext(255)) - client-83AFC0B42279->fd4515e9-84f2-4741-b1f5-a9247145a2ac: receive RaftClientReply:client-83AFC0B42279->fd4515e9-84f2-4741-b1f5-a9247145a2ac@group-E2152A48AE85, cid=3246, SUCCESS, logIndex=4865, commits[fd4515e9-84f2-4741-b1f5-a9247145a2ac:c4866, 2e3e112c-ad01-4834-a07e-d6d8a7947632:c4864, dfee02f7-0d20-4e08-8ecd-ebe087394a07:c4864]
2019-07-08 20:09:49,845 INFO  client.GrpcClientProtocolClient (GrpcClientProtocolClient.java:onNext(255)) - client-83AFC0B42279->fd4515e9-84f2-4741-b1f5-a9247145a2ac: receive RaftClientReply:client-83AFC0B42279->fd4515e9-84f2-4741-b1f5-a9247145a2ac@group-E2152A48AE85, cid=3247, SUCCESS, logIndex=4866, commits[fd4515e9-84f2-4741-b1f5-a9247145a2ac:c4866, 2e3e112c-ad01-4834-a07e-d6d8a7947632:c4864, dfee02f7-0d20-4e08-8ecd-ebe087394a07:c4864]
2019-07-08 20:09:49,859 INFO  client.GrpcClientProtocolClient (GrpcClientProtocolClient.java:onNext(255)) - client-83AFC0B42279->fd4515e9-84f2-4741-b1f5-a9247145a2ac: receive RaftClientReply:client-83AFC0B42279->fd4515e9-84f2-4741-b1f5-a9247145a2ac@group-E2152A48AE85, cid=3248, SUCCESS, logIndex=4869, commits[fd4515e9-84f2-4741-b1f5-a9247145a2ac:c4870, 2e3e112c-ad01-4834-a07e-d6d8a7947632:c4866, dfee02f7-0d20-4e08-8ecd-ebe087394a07:c4866]
2019-07-08 20:09:49,860 INFO  client.GrpcClientProtocolClient (GrpcClientProtocolClient.java:onNext(255)) - client-83AFC0B42279->fd4515e9-84f2-4741-b1f5-a9247145a2ac: receive RaftClientReply:client-83AFC0B42279->fd4515e9-84f2-4741-b1f5-a9247145a2ac@group-E2152A48AE85, cid=3249, SUCCESS, logIndex=4870, commits[fd4515e9-84f2-4741-b1f5-a9247145a2ac:c4870, 2e3e112c-ad01-4834-a07e-d6d8a7947632:c4866, dfee02f7-0d20-4e08-8ecd-ebe087394a07:c4866]
2019-07-08 20:09:49,871 INFO  client.GrpcClientProtocolClient (GrpcClientProtocolClient.java:onNext(255)) - client-83AFC0B42279->fd4515e9-84f2-4741-b1f5-a9247145a2ac: receive RaftClientReply:client-83AFC0B42279->fd4515e9-84f2-4741-b1f5-a9247145a2ac@group-E2152A48AE85, cid=3250, SUCCESS, logIndex=0, commits[fd4515e9-84f2-4741-b1f5-a9247145a2ac:c4871, 2e3e112c-ad01-4834-a07e-d6d8a7947632:c4870, dfee02f7-0d20-4e08-8ecd-ebe087394a07:c4870]
2019-07-08 20:09:49,913 INFO  client.GrpcClientProtocolClient (GrpcClientProtocolClient.java:onNext(255)) - client-83AFC0B42279->fd4515e9-84f2-4741-b1f5-a9247145a2ac: receive RaftClientReply:client-83AFC0B42279->fd4515e9-84f2-4741-b1f5-a9247145a2ac@group-E2152A48AE85, cid=3251, SUCCESS, logIndex=4873, commits[fd4515e9-84f2-4741-b1f5-a9247145a2ac:c4874, 2e3e112c-ad01-4834-a07e-d6d8a7947632:c4872, dfee02f7-0d20-4e08-8ecd-ebe087394a07:c4870]
2019-07-08 20:09:49,914 INFO  client.GrpcClientProtocolClient (GrpcClientProtocolClient.java:onNext(255)) - client-83AFC0B42279->fd4515e9-84f2-4741-b1f5-a9247145a2ac: receive RaftClientReply:client-83AFC0B42279->fd4515e9-84f2-4741-b1f5-a9247145a2ac@group-E2152A48AE85, cid=3252, SUCCESS, logIndex=4874, commits[fd4515e9-84f2-4741-b1f5-a9247145a2ac:c4874, 2e3e112c-ad01-4834-a07e-d6d8a7947632:c4872, dfee02f7-0d20-4e08-8ecd-ebe087394a07:c4870]
2019-07-08 20:09:49,923 INFO  client.GrpcClientProtocolClient (GrpcClientProtocolClient.java:onNext(255)) - client-83AFC0B42279->fd4515e9-84f2-4741-b1f5-a9247145a2ac: receive RaftClientReply:client-83AFC0B42279->fd4515e9-84f2-4741-b1f5-a9247145a2ac@group-E2152A48AE85, cid=3253, SUCCESS, logIndex=4875, commits[fd4515e9-84f2-4741-b1f5-a9247145a2ac:c4876, 2e3e112c-ad01-4834-a07e-d6d8a7947632:c4872, dfee02f7-0d20-4e08-8ecd-ebe087394a07:c4872]
2019-07-08 20:09:49,923 INFO  client.GrpcClientProtocolClient (GrpcClientProtocolClient.java:onNext(255)) - client-83AFC0B42279->fd4515e9-84f2-4741-b1f5-a9247145a2ac: receive RaftClientReply:client-83AFC0B42279->fd4515e9-84f2-4741-b1f5-a9247145a2ac@group-E2152A48AE85, cid=3254, SUCCESS, logIndex=4876, commits[fd4515e9-84f2-4741-b1f5-a9247145a2ac:c4878, 2e3e112c-ad01-4834-a07e-d6d8a7947632:c4872, dfee02f7-0d20-4e08-8ecd-ebe087394a07:c4874]
2019-07-08 20:09:49,924 INFO  client.GrpcClientProtocolClient (GrpcClientProtocolClient.java:onNext(255)) - client-83AFC0B42279->fd4515e9-84f2-4741-b1f5-a9247145a2ac: receive RaftClientReply:client-83AFC0B42279->fd4515e9-84f2-4741-b1f5-a9247145a2ac@group-E2152A48AE85, cid=3255, SUCCESS, logIndex=0, commits[fd4515e9-84f2-4741-b1f5-a9247145a2ac:c4878, 2e3e112c-ad01-4834-a07e-d6d8a7947632:c4874, dfee02f7-0d20-4e08-8ecd-ebe087394a07:c4874]
2019-07-08 20:09:49,941 INFO  client.GrpcClientProtocolClient (GrpcClientProtocolClient.java:onNext(255)) - client-83AFC0B42279->fd4515e9-84f2-4741-b1f5-a9247145a2ac: receive RaftClientReply:client-83AFC0B42279->fd4515e9-84f2-4741-b1f5-a9247145a2ac@group-E2152A48AE85, cid=3256, SUCCESS, logIndex=4881, commits[fd4515e9-84f2-4741-b1f5-a9247145a2ac:c4882, 2e3e112c-ad01-4834-a07e-d6d8a7947632:c4880, dfee02f7-0d20-4e08-8ecd-ebe087394a07:c4880]
2019-07-08 20:09:49,941 INFO  client.GrpcClientProtocolClient (GrpcClientProtocolClient.java:onNext(255)) - client-83AFC0B42279->fd4515e9-84f2-4741-b1f5-a9247145a2ac: receive RaftClientReply:client-83AFC0B42279->fd4515e9-84f2-4741-b1f5-a9247145a2ac@group-E2152A48AE85, cid=3257, SUCCESS, logIndex=4882, commits[fd4515e9-84f2-4741-b1f5-a9247145a2ac:c4882, 2e3e112c-ad01-4834-a07e-d6d8a7947632:c4880, dfee02f7-0d20-4e08-8ecd-ebe087394a07:c4880]
2019-07-08 20:09:49,960 INFO  client.GrpcClientProtocolClient (GrpcClientProtocolClient.java:onNext(255)) - client-83AFC0B42279->fd4515e9-84f2-4741-b1f5-a9247145a2ac: receive RaftClientReply:client-83AFC0B42279->fd4515e9-84f2-4741-b1f5-a9247145a2ac@group-E2152A48AE85, cid=3258, SUCCESS, logIndex=4885, commits[fd4515e9-84f2-4741-b1f5-a9247145a2ac:c4886, 2e3e112c-ad01-4834-a07e-d6d8a7947632:c4884, dfee02f7-0d20-4e08-8ecd-ebe087394a07:c4884]
2019-07-08 20:09:49,960 INFO  client.GrpcClientProtocolClient (GrpcClientProtocolClient.java:onNext(255)) - client-83AFC0B42279->fd4515e9-84f2-4741-b1f5-a9247145a2ac: receive RaftClientReply:client-83AFC0B42279->fd4515e9-84f2-4741-b1f5-a9247145a2ac@group-E2152A48AE85, cid=3259, SUCCESS, logIndex=4886, commits[fd4515e9-84f2-4741-b1f5-a9247145a2ac:c4886, 2e3e112c-ad01-4834-a07e-d6d8a7947632:c4884, dfee02f7-0d20-4e08-8ecd-ebe087394a07:c4884]
2019-07-08 20:09:49,974 INFO  client.GrpcClientProtocolClient (GrpcClientProtocolClient.java:onNext(255)) - client-83AFC0B42279->fd4515e9-84f2-4741-b1f5-a9247145a2ac: receive RaftClientReply:client-83AFC0B42279->fd4515e9-84f2-4741-b1f5-a9247145a2ac@group-E2152A48AE85, cid=3260, SUCCESS, logIndex=0, commits[fd4515e9-84f2-4741-b1f5-a9247145a2ac:c4887, 2e3e112c-ad01-4834-a07e-d6d8a7947632:c4886, dfee02f7-0d20-4e08-8ecd-ebe087394a07:c4886]
 0.00% |█                                                                                                    |  0/1 Time: 0:00:292019-07-08 20:09:50,510 INFO  client.GrpcClientProtocolClient (GrpcClientProtocolClient.java:onNext(255)) - client-83AFC0B42279->fd4515e9-84f2-4741-b1f5-a9247145a2ac: receive RaftClientReply:client-83AFC0B42279->fd4515e9-84f2-4741-b1f5-a9247145a2ac@group-E2152A48AE85, cid=3261, SUCCESS, logIndex=4889, commits[fd4515e9-84f2-4741-b1f5-a9247145a2ac:c4890, 2e3e112c-ad01-4834-a07e-d6d8a7947632:c4888, dfee02f7-0d20-4e08-8ecd-ebe087394a07:c4888]
2019-07-08 20:09:50,511 INFO  client.GrpcClientProtocolClient (GrpcClientProtocolClient.java:onNext(255)) - client-83AFC0B42279->fd4515e9-84f2-4741-b1f5-a9247145a2ac: receive RaftClientReply:client-83AFC0B42279->fd4515e9-84f2-4741-b1f5-a9247145a2ac@group-E2152A48AE85, cid=3262, SUCCESS, logIndex=4890, commits[fd4515e9-84f2-4741-b1f5-a9247145a2ac:c4891, 2e3e112c-ad01-4834-a07e-d6d8a7947632:c4888, dfee02f7-0d20-4e08-8ecd-ebe087394a07:c4888]
2019-07-08 20:09:50,512 INFO  client.GrpcClientProtocolClient (GrpcClientProtocolClient.java:onNext(255)) - client-83AFC0B42279->fd4515e9-84f2-4741-b1f5-a9247145a2ac: receive RaftClientReply:client-83AFC0B42279->fd4515e9-84f2-4741-b1f5-a9247145a2ac@group-E2152A48AE85, cid=3263, SUCCESS, logIndex=4891, commits[fd4515e9-84f2-4741-b1f5-a9247145a2ac:c4892, 2e3e112c-ad01-4834-a07e-d6d8a7947632:c4888, dfee02f7-0d20-4e08-8ecd-ebe087394a07:c4888]
2019-07-08 20:09:50,512 INFO  client.GrpcClientProtocolClient (GrpcClientProtocolClient.java:onNext(255)) - client-83AFC0B42279->fd4515e9-84f2-4741-b1f5-a9247145a2ac: receive RaftClientReply:client-83AFC0B42279->fd4515e9-84f2-4741-b1f5-a9247145a2ac@group-E2152A48AE85, cid=3264, SUCCESS, logIndex=4892, commits[fd4515e9-84f2-4741-b1f5-a9247145a2ac:c4892, 2e3e112c-ad01-4834-a07e-d6d8a7947632:c4888, dfee02f7-0d20-4e08-8ecd-ebe087394a07:c4888]
2019-07-08 20:09:50,525 INFO  client.GrpcClientProtocolClient (GrpcClientProtocolClient.java:onNext(255)) - client-83AFC0B42279->fd4515e9-84f2-4741-b1f5-a9247145a2ac: receive RaftClientReply:client-83AFC0B42279->fd4515e9-84f2-4741-b1f5-a9247145a2ac@group-E2152A48AE85, cid=3265, SUCCESS, logIndex=0, commits[fd4515e9-84f2-4741-b1f5-a9247145a2ac:c4893, 2e3e112c-ad01-4834-a07e-d6d8a7947632:c4890, dfee02f7-0d20-4e08-8ecd-ebe087394a07:c4890]
2019-07-08 20:09:50,545 INFO  client.GrpcClientProtocolClient (GrpcClientProtocolClient.java:onNext(255)) - client-83AFC0B42279->fd4515e9-84f2-4741-b1f5-a9247145a2ac: receive RaftClientReply:client-83AFC0B42279->fd4515e9-84f2-4741-b1f5-a9247145a2ac@group-E2152A48AE85, cid=3266, SUCCESS, logIndex=4897, commits[fd4515e9-84f2-4741-b1f5-a9247145a2ac:c4898, 2e3e112c-ad01-4834-a07e-d6d8a7947632:c4896, dfee02f7-0d20-4e08-8ecd-ebe087394a07:c4896]
2019-07-08 20:09:50,546 INFO  client.GrpcClientProtocolClient (GrpcClientProtocolClient.java:onNext(255)) - client-83AFC0B42279->fd4515e9-84f2-4741-b1f5-a9247145a2ac: receive RaftClientReply:client-83AFC0B42279->fd4515e9-84f2-4741-b1f5-a9247145a2ac@group-E2152A48AE85, cid=3267, SUCCESS, logIndex=4898, commits[fd4515e9-84f2-4741-b1f5-a9247145a2ac:c4898, 2e3e112c-ad01-4834-a07e-d6d8a7947632:c4896, dfee02f7-0d20-4e08-8ecd-ebe087394a07:c4896]
2019-07-08 20:09:50,559 INFO  client.GrpcClientProtocolClient (GrpcClientProtocolClient.java:onNext(255)) - client-83AFC0B42279->fd4515e9-84f2-4741-b1f5-a9247145a2ac: receive RaftClientReply:client-83AFC0B42279->fd4515e9-84f2-4741-b1f5-a9247145a2ac@group-E2152A48AE85, cid=3268, SUCCESS, logIndex=4901, commits[fd4515e9-84f2-4741-b1f5-a9247145a2ac:c4902, 2e3e112c-ad01-4834-a07e-d6d8a7947632:c4897, dfee02f7-0d20-4e08-8ecd-ebe087394a07:c4898]
2019-07-08 20:09:50,560 INFO  client.GrpcClientProtocolClient (GrpcClientProtocolClient.java:onNext(255)) - client-83AFC0B42279->fd4515e9-84f2-4741-b1f5-a9247145a2ac: receive RaftClientReply:client-83AFC0B42279->fd4515e9-84f2-4741-b1f5-a9247145a2ac@group-E2152A48AE85, cid=3269, SUCCESS, logIndex=4902, commits[fd4515e9-84f2-4741-b1f5-a9247145a2ac:c4902, 2e3e112c-ad01-4834-a07e-d6d8a7947632:c4898, dfee02f7-0d20-4e08-8ecd-ebe087394a07:c4898]
2019-07-08 20:09:50,563 INFO  client.GrpcClientProtocolClient (GrpcClientProtocolClient.java:onNext(255)) - client-83AFC0B42279->fd4515e9-84f2-4741-b1f5-a9247145a2ac: receive RaftClientReply:client-83AFC0B42279->fd4515e9-84f2-4741-b1f5-a9247145a2ac@group-E2152A48AE85, cid=3270, SUCCESS, logIndex=0, commits[fd4515e9-84f2-4741-b1f5-a9247145a2ac:c4903, 2e3e112c-ad01-4834-a07e-d6d8a7947632:c4902, dfee02f7-0d20-4e08-8ecd-ebe087394a07:c4902]
2019-07-08 20:09:50,599 INFO  client.GrpcClientProtocolClient (GrpcClientProtocolClient.java:onNext(255)) - client-83AFC0B42279->fd4515e9-84f2-4741-b1f5-a9247145a2ac: receive RaftClientReply:client-83AFC0B42279->fd4515e9-84f2-4741-b1f5-a9247145a2ac@group-E2152A48AE85, cid=3271, SUCCESS, logIndex=4905, commits[fd4515e9-84f2-4741-b1f5-a9247145a2ac:c4906, 2e3e112c-ad01-4834-a07e-d6d8a7947632:c4902, dfee02f7-0d20-4e08-8ecd-ebe087394a07:c4904]
2019-07-08 20:09:50,599 INFO  client.GrpcClientProtocolClient (GrpcClientProtocolClient.java:onNext(255)) - client-83AFC0B42279->fd4515e9-84f2-4741-b1f5-a9247145a2ac: receive RaftClientReply:client-83AFC0B42279->fd4515e9-84f2-4741-b1f5-a9247145a2ac@group-E2152A48AE85, cid=3272, SUCCESS, logIndex=4906, commits[fd4515e9-84f2-4741-b1f5-a9247145a2ac:c4906, 2e3e112c-ad01-4834-a07e-d6d8a7947632:c4904, dfee02f7-0d20-4e08-8ecd-ebe087394a07:c4904]
2019-07-08 20:09:50,600 INFO  client.GrpcClientProtocolClient (GrpcClientProtocolClient.java:onNext(255)) - client-83AFC0B42279->fd4515e9-84f2-4741-b1f5-a9247145a2ac: receive RaftClientReply:client-83AFC0B42279->fd4515e9-84f2-4741-b1f5-a9247145a2ac@group-E2152A48AE85, cid=3273, SUCCESS, logIndex=4907, commits[fd4515e9-84f2-4741-b1f5-a9247145a2ac:c4908, 2e3e112c-ad01-4834-a07e-d6d8a7947632:c4904, dfee02f7-0d20-4e08-8ecd-ebe087394a07:c4904]
2019-07-08 20:09:50,600 INFO  client.GrpcClientProtocolClient (GrpcClientProtocolClient.java:onNext(255)) - client-83AFC0B42279->fd4515e9-84f2-4741-b1f5-a9247145a2ac: receive RaftClientReply:client-83AFC0B42279->fd4515e9-84f2-4741-b1f5-a9247145a2ac@group-E2152A48AE85, cid=3274, SUCCESS, logIndex=4908, commits[fd4515e9-84f2-4741-b1f5-a9247145a2ac:c4908, 2e3e112c-ad01-4834-a07e-d6d8a7947632:c4904, dfee02f7-0d20-4e08-8ecd-ebe087394a07:c4904]
2019-07-08 20:09:50,613 INFO  client.GrpcClientProtocolClient (GrpcClientProtocolClient.java:onNext(255)) - client-83AFC0B42279->fd4515e9-84f2-4741-b1f5-a9247145a2ac: receive RaftClientReply:client-83AFC0B42279->fd4515e9-84f2-4741-b1f5-a9247145a2ac@group-E2152A48AE85, cid=3275, SUCCESS, logIndex=0, commits[fd4515e9-84f2-4741-b1f5-a9247145a2ac:c4910, 2e3e112c-ad01-4834-a07e-d6d8a7947632:c4906, dfee02f7-0d20-4e08-8ecd-ebe087394a07:c4906]
2019-07-08 20:09:50,634 INFO  client.GrpcClientProtocolClient (GrpcClientProtocolClient.java:onNext(255)) - client-83AFC0B42279->fd4515e9-84f2-4741-b1f5-a9247145a2ac: receive RaftClientReply:client-83AFC0B42279->fd4515e9-84f2-4741-b1f5-a9247145a2ac@group-E2152A48AE85, cid=3276, SUCCESS, logIndex=4913, commits[fd4515e9-84f2-4741-b1f5-a9247145a2ac:c4914, 2e3e112c-ad01-4834-a07e-d6d8a7947632:c4912, dfee02f7-0d20-4e08-8ecd-ebe087394a07:c4912]
2019-07-08 20:09:50,634 INFO  client.GrpcClientProtocolClient (GrpcClientProtocolClient.java:onNext(255)) - client-83AFC0B42279->fd4515e9-84f2-4741-b1f5-a9247145a2ac: receive RaftClientReply:client-83AFC0B42279->fd4515e9-84f2-4741-b1f5-a9247145a2ac@group-E2152A48AE85, cid=3277, SUCCESS, logIndex=4914, commits[fd4515e9-84f2-4741-b1f5-a9247145a2ac:c4914, 2e3e112c-ad01-4834-a07e-d6d8a7947632:c4912, dfee02f7-0d20-4e08-8ecd-ebe087394a07:c4912]
2019-07-08 20:09:50,675 INFO  client.GrpcClientProtocolClient (GrpcClientProtocolClient.java:onNext(255)) - client-83AFC0B42279->fd4515e9-84f2-4741-b1f5-a9247145a2ac: receive RaftClientReply:client-83AFC0B42279->fd4515e9-84f2-4741-b1f5-a9247145a2ac@group-E2152A48AE85, cid=3278, SUCCESS, logIndex=4917, commits[fd4515e9-84f2-4741-b1f5-a9247145a2ac:c4918, 2e3e112c-ad01-4834-a07e-d6d8a7947632:c4914, dfee02f7-0d20-4e08-8ecd-ebe087394a07:c4914]
2019-07-08 20:09:50,676 INFO  client.GrpcClientProtocolClient (GrpcClientProtocolClient.java:onNext(255)) - client-83AFC0B42279->fd4515e9-84f2-4741-b1f5-a9247145a2ac: receive RaftClientReply:client-83AFC0B42279->fd4515e9-84f2-4741-b1f5-a9247145a2ac@group-E2152A48AE85, cid=3279, SUCCESS, logIndex=4918, commits[fd4515e9-84f2-4741-b1f5-a9247145a2ac:c4918, 2e3e112c-ad01-4834-a07e-d6d8a7947632:c4914, dfee02f7-0d20-4e08-8ecd-ebe087394a07:c4914]
2019-07-08 20:09:50,679 INFO  client.GrpcClientProtocolClient (GrpcClientProtocolClient.java:onNext(255)) - client-83AFC0B42279->fd4515e9-84f2-4741-b1f5-a9247145a2ac: receive RaftClientReply:client-83AFC0B42279->fd4515e9-84f2-4741-b1f5-a9247145a2ac@group-E2152A48AE85, cid=3280, SUCCESS, logIndex=0, commits[fd4515e9-84f2-4741-b1f5-a9247145a2ac:c4920, 2e3e112c-ad01-4834-a07e-d6d8a7947632:c4918, dfee02f7-0d20-4e08-8ecd-ebe087394a07:c4918]
2019-07-08 20:09:50,706 INFO  client.GrpcClientProtocolClient (GrpcClientProtocolClient.java:onNext(255)) - client-83AFC0B42279->fd4515e9-84f2-4741-b1f5-a9247145a2ac: receive RaftClientReply:client-83AFC0B42279->fd4515e9-84f2-4741-b1f5-a9247145a2ac@group-E2152A48AE85, cid=3281, SUCCESS, logIndex=4921, commits[fd4515e9-84f2-4741-b1f5-a9247145a2ac:c4922, 2e3e112c-ad01-4834-a07e-d6d8a7947632:c4920, dfee02f7-0d20-4e08-8ecd-ebe087394a07:c4920]
2019-07-08 20:09:50,706 INFO  client.GrpcClientProtocolClient (GrpcClientProtocolClient.java:onNext(255)) - client-83AFC0B42279->fd4515e9-84f2-4741-b1f5-a9247145a2ac: receive RaftClientReply:client-83AFC0B42279->fd4515e9-84f2-4741-b1f5-a9247145a2ac@group-E2152A48AE85, cid=3282, SUCCESS, logIndex=4922, commits[fd4515e9-84f2-4741-b1f5-a9247145a2ac:c4922, 2e3e112c-ad01-4834-a07e-d6d8a7947632:c4920, dfee02f7-0d20-4e08-8ecd-ebe087394a07:c4920]
2019-07-08 20:09:50,708 INFO  client.GrpcClientProtocolClient (GrpcClientProtocolClient.java:onNext(255)) - client-83AFC0B42279->fd4515e9-84f2-4741-b1f5-a9247145a2ac: receive RaftClientReply:client-83AFC0B42279->fd4515e9-84f2-4741-b1f5-a9247145a2ac@group-E2152A48AE85, cid=3283, SUCCESS, logIndex=4923, commits[fd4515e9-84f2-4741-b1f5-a9247145a2ac:c4924, 2e3e112c-ad01-4834-a07e-d6d8a7947632:c4920, dfee02f7-0d20-4e08-8ecd-ebe087394a07:c4920]
2019-07-08 20:09:50,709 INFO  client.GrpcClientProtocolClient (GrpcClientProtocolClient.java:onNext(255)) - client-83AFC0B42279->fd4515e9-84f2-4741-b1f5-a9247145a2ac: receive RaftClientReply:client-83AFC0B42279->fd4515e9-84f2-4741-b1f5-a9247145a2ac@group-E2152A48AE85, cid=3284, SUCCESS, logIndex=4924, commits[fd4515e9-84f2-4741-b1f5-a9247145a2ac:c4926, 2e3e112c-ad01-4834-a07e-d6d8a7947632:c4920, dfee02f7-0d20-4e08-8ecd-ebe087394a07:c4922]
2019-07-08 20:09:50,710 INFO  client.GrpcClientProtocolClient (GrpcClientProtocolClient.java:onNext(255)) - client-83AFC0B42279->fd4515e9-84f2-4741-b1f5-a9247145a2ac: receive RaftClientReply:client-83AFC0B42279->fd4515e9-84f2-4741-b1f5-a9247145a2ac@group-E2152A48AE85, cid=3285, SUCCESS, logIndex=0, commits[fd4515e9-84f2-4741-b1f5-a9247145a2ac:c4927, 2e3e112c-ad01-4834-a07e-d6d8a7947632:c4922, dfee02f7-0d20-4e08-8ecd-ebe087394a07:c4924]
2019-07-08 20:09:50,725 INFO  client.GrpcClientProtocolClient (GrpcClientProtocolClient.java:onNext(255)) - client-83AFC0B42279->fd4515e9-84f2-4741-b1f5-a9247145a2ac: receive RaftClientReply:client-83AFC0B42279->fd4515e9-84f2-4741-b1f5-a9247145a2ac@group-E2152A48AE85, cid=3286, SUCCESS, logIndex=4929, commits[fd4515e9-84f2-4741-b1f5-a9247145a2ac:c4930, 2e3e112c-ad01-4834-a07e-d6d8a7947632:c4924, dfee02f7-0d20-4e08-8ecd-ebe087394a07:c4928]
2019-07-08 20:09:50,725 INFO  client.GrpcClientProtocolClient (GrpcClientProtocolClient.java:onNext(255)) - client-83AFC0B42279->fd4515e9-84f2-4741-b1f5-a9247145a2ac: receive RaftClientReply:client-83AFC0B42279->fd4515e9-84f2-4741-b1f5-a9247145a2ac@group-E2152A48AE85, cid=3287, SUCCESS, logIndex=4930, commits[fd4515e9-84f2-4741-b1f5-a9247145a2ac:c4930, 2e3e112c-ad01-4834-a07e-d6d8a7947632:c4928, dfee02f7-0d20-4e08-8ecd-ebe087394a07:c4928]
2019-07-08 20:09:50,738 INFO  client.GrpcClientProtocolClient (GrpcClientProtocolClient.java:onNext(255)) - client-83AFC0B42279->fd4515e9-84f2-4741-b1f5-a9247145a2ac: receive RaftClientReply:client-83AFC0B42279->fd4515e9-84f2-4741-b1f5-a9247145a2ac@group-E2152A48AE85, cid=3288, SUCCESS, logIndex=4933, commits[fd4515e9-84f2-4741-b1f5-a9247145a2ac:c4934, 2e3e112c-ad01-4834-a07e-d6d8a7947632:c4930, dfee02f7-0d20-4e08-8ecd-ebe087394a07:c4932]
2019-07-08 20:09:50,739 INFO  client.GrpcClientProtocolClient (GrpcClientProtocolClient.java:onNext(255)) - client-83AFC0B42279->fd4515e9-84f2-4741-b1f5-a9247145a2ac: receive RaftClientReply:client-83AFC0B42279->fd4515e9-84f2-4741-b1f5-a9247145a2ac@group-E2152A48AE85, cid=3289, SUCCESS, logIndex=4934, commits[fd4515e9-84f2-4741-b1f5-a9247145a2ac:c4934, 2e3e112c-ad01-4834-a07e-d6d8a7947632:c4932, dfee02f7-0d20-4e08-8ecd-ebe087394a07:c4932]
2019-07-08 20:09:50,741 INFO  client.GrpcClientProtocolClient (GrpcClientProtocolClient.java:onNext(255)) - client-83AFC0B42279->fd4515e9-84f2-4741-b1f5-a9247145a2ac: receive RaftClientReply:client-83AFC0B42279->fd4515e9-84f2-4741-b1f5-a9247145a2ac@group-E2152A48AE85, cid=3290, SUCCESS, logIndex=0, commits[fd4515e9-84f2-4741-b1f5-a9247145a2ac:c4936, 2e3e112c-ad01-4834-a07e-d6d8a7947632:c4934, dfee02f7-0d20-4e08-8ecd-ebe087394a07:c4934]
2019-07-08 20:09:50,766 INFO  client.GrpcClientProtocolClient (GrpcClientProtocolClient.java:onNext(255)) - client-83AFC0B42279->fd4515e9-84f2-4741-b1f5-a9247145a2ac: receive RaftClientReply:client-83AFC0B42279->fd4515e9-84f2-4741-b1f5-a9247145a2ac@group-E2152A48AE85, cid=3291, SUCCESS, logIndex=4937, commits[fd4515e9-84f2-4741-b1f5-a9247145a2ac:c4938, 2e3e112c-ad01-4834-a07e-d6d8a7947632:c4934, dfee02f7-0d20-4e08-8ecd-ebe087394a07:c4936]
2019-07-08 20:09:50,766 INFO  client.GrpcClientProtocolClient (GrpcClientProtocolClient.java:onNext(255)) - client-83AFC0B42279->fd4515e9-84f2-4741-b1f5-a9247145a2ac: receive RaftClientReply:client-83AFC0B42279->fd4515e9-84f2-4741-b1f5-a9247145a2ac@group-E2152A48AE85, cid=3292, SUCCESS, logIndex=4938, commits[fd4515e9-84f2-4741-b1f5-a9247145a2ac:c4938, 2e3e112c-ad01-4834-a07e-d6d8a7947632:c4934, dfee02f7-0d20-4e08-8ecd-ebe087394a07:c4936]
2019-07-08 20:09:50,768 INFO  client.GrpcClientProtocolClient (GrpcClientProtocolClient.java:onNext(255)) - client-83AFC0B42279->fd4515e9-84f2-4741-b1f5-a9247145a2ac: receive RaftClientReply:client-83AFC0B42279->fd4515e9-84f2-4741-b1f5-a9247145a2ac@group-E2152A48AE85, cid=3293, SUCCESS, logIndex=4939, commits[fd4515e9-84f2-4741-b1f5-a9247145a2ac:c4942, 2e3e112c-ad01-4834-a07e-d6d8a7947632:c4934, dfee02f7-0d20-4e08-8ecd-ebe087394a07:c4938]
2019-07-08 20:09:50,769 INFO  client.GrpcClientProtocolClient (GrpcClientProtocolClient.java:onNext(255)) - client-83AFC0B42279->fd4515e9-84f2-4741-b1f5-a9247145a2ac: receive RaftClientReply:client-83AFC0B42279->fd4515e9-84f2-4741-b1f5-a9247145a2ac@group-E2152A48AE85, cid=3294, SUCCESS, logIndex=4940, commits[fd4515e9-84f2-4741-b1f5-a9247145a2ac:c4942, 2e3e112c-ad01-4834-a07e-d6d8a7947632:c4936, dfee02f7-0d20-4e08-8ecd-ebe087394a07:c4938]
2019-07-08 20:09:50,770 INFO  client.GrpcClientProtocolClient (GrpcClientProtocolClient.java:onNext(255)) - client-83AFC0B42279->fd4515e9-84f2-4741-b1f5-a9247145a2ac: receive RaftClientReply:client-83AFC0B42279->fd4515e9-84f2-4741-b1f5-a9247145a2ac@group-E2152A48AE85, cid=3295, SUCCESS, logIndex=0, commits[fd4515e9-84f2-4741-b1f5-a9247145a2ac:c4942, 2e3e112c-ad01-4834-a07e-d6d8a7947632:c4938, dfee02f7-0d20-4e08-8ecd-ebe087394a07:c4938]
2019-07-08 20:09:50,793 INFO  client.GrpcClientProtocolClient (GrpcClientProtocolClient.java:onNext(255)) - client-83AFC0B42279->fd4515e9-84f2-4741-b1f5-a9247145a2ac: receive RaftClientReply:client-83AFC0B42279->fd4515e9-84f2-4741-b1f5-a9247145a2ac@group-E2152A48AE85, cid=3296, SUCCESS, logIndex=4945, commits[fd4515e9-84f2-4741-b1f5-a9247145a2ac:c4945, 2e3e112c-ad01-4834-a07e-d6d8a7947632:c4944, dfee02f7-0d20-4e08-8ecd-ebe087394a07:c4944]
2019-07-08 20:09:50,794 INFO  client.GrpcClientProtocolClient (GrpcClientProtocolClient.java:onNext(255)) - client-83AFC0B42279->fd4515e9-84f2-4741-b1f5-a9247145a2ac: receive RaftClientReply:client-83AFC0B42279->fd4515e9-84f2-4741-b1f5-a9247145a2ac@group-E2152A48AE85, cid=3297, SUCCESS, logIndex=4946, commits[fd4515e9-84f2-4741-b1f5-a9247145a2ac:c4946, 2e3e112c-ad01-4834-a07e-d6d8a7947632:c4944, dfee02f7-0d20-4e08-8ecd-ebe087394a07:c4944]
2019-07-08 20:09:50,837 INFO  client.GrpcClientProtocolClient (GrpcClientProtocolClient.java:onNext(255)) - client-83AFC0B42279->fd4515e9-84f2-4741-b1f5-a9247145a2ac: receive RaftClientReply:client-83AFC0B42279->fd4515e9-84f2-4741-b1f5-a9247145a2ac@group-E2152A48AE85, cid=3298, SUCCESS, logIndex=4949, commits[fd4515e9-84f2-4741-b1f5-a9247145a2ac:c4950, 2e3e112c-ad01-4834-a07e-d6d8a7947632:c4945, dfee02f7-0d20-4e08-8ecd-ebe087394a07:c4946]
2019-07-08 20:09:50,838 INFO  client.GrpcClientProtocolClient (GrpcClientProtocolClient.java:onNext(255)) - client-83AFC0B42279->fd4515e9-84f2-4741-b1f5-a9247145a2ac: receive RaftClientReply:client-83AFC0B42279->fd4515e9-84f2-4741-b1f5-a9247145a2ac@group-E2152A48AE85, cid=3299, SUCCESS, logIndex=4950, commits[fd4515e9-84f2-4741-b1f5-a9247145a2ac:c4950, 2e3e112c-ad01-4834-a07e-d6d8a7947632:c4946, dfee02f7-0d20-4e08-8ecd-ebe087394a07:c4946]
2019-07-08 20:09:50,840 INFO  client.GrpcClientProtocolClient (GrpcClientProtocolClient.java:onNext(255)) - client-83AFC0B42279->fd4515e9-84f2-4741-b1f5-a9247145a2ac: receive RaftClientReply:client-83AFC0B42279->fd4515e9-84f2-4741-b1f5-a9247145a2ac@group-E2152A48AE85, cid=3300, SUCCESS, logIndex=0, commits[fd4515e9-84f2-4741-b1f5-a9247145a2ac:c4951, 2e3e112c-ad01-4834-a07e-d6d8a7947632:c4950, dfee02f7-0d20-4e08-8ecd-ebe087394a07:c4950]
2019-07-08 20:09:50,872 INFO  client.GrpcClientProtocolClient (GrpcClientProtocolClient.java:onNext(255)) - client-83AFC0B42279->fd4515e9-84f2-4741-b1f5-a9247145a2ac: receive RaftClientReply:client-83AFC0B42279->fd4515e9-84f2-4741-b1f5-a9247145a2ac@group-E2152A48AE85, cid=3301, SUCCESS, logIndex=4953, commits[fd4515e9-84f2-4741-b1f5-a9247145a2ac:c4954, 2e3e112c-ad01-4834-a07e-d6d8a7947632:c4952, dfee02f7-0d20-4e08-8ecd-ebe087394a07:c4952]
2019-07-08 20:09:50,873 INFO  client.GrpcClientProtocolClient (GrpcClientProtocolClient.java:onNext(255)) - client-83AFC0B42279->fd4515e9-84f2-4741-b1f5-a9247145a2ac: receive RaftClientReply:client-83AFC0B42279->fd4515e9-84f2-4741-b1f5-a9247145a2ac@group-E2152A48AE85, cid=3302, SUCCESS, logIndex=4954, commits[fd4515e9-84f2-4741-b1f5-a9247145a2ac:c4954, 2e3e112c-ad01-4834-a07e-d6d8a7947632:c4952, dfee02f7-0d20-4e08-8ecd-ebe087394a07:c4952]
2019-07-08 20:09:50,873 INFO  client.GrpcClientProtocolClient (GrpcClientProtocolClient.java:onNext(255)) - client-83AFC0B42279->fd4515e9-84f2-4741-b1f5-a9247145a2ac: receive RaftClientReply:client-83AFC0B42279->fd4515e9-84f2-4741-b1f5-a9247145a2ac@group-E2152A48AE85, cid=3303, SUCCESS, logIndex=4955, commits[fd4515e9-84f2-4741-b1f5-a9247145a2ac:c4956, 2e3e112c-ad01-4834-a07e-d6d8a7947632:c4952, dfee02f7-0d20-4e08-8ecd-ebe087394a07:c4952]
2019-07-08 20:09:50,873 INFO  client.GrpcClientProtocolClient (GrpcClientProtocolClient.java:onNext(255)) - client-83AFC0B42279->fd4515e9-84f2-4741-b1f5-a9247145a2ac: receive RaftClientReply:client-83AFC0B42279->fd4515e9-84f2-4741-b1f5-a9247145a2ac@group-E2152A48AE85, cid=3304, SUCCESS, logIndex=4956, commits[fd4515e9-84f2-4741-b1f5-a9247145a2ac:c4956, 2e3e112c-ad01-4834-a07e-d6d8a7947632:c4952, dfee02f7-0d20-4e08-8ecd-ebe087394a07:c4952]
2019-07-08 20:09:50,875 INFO  client.GrpcClientProtocolClient (GrpcClientProtocolClient.java:onNext(255)) - client-83AFC0B42279->fd4515e9-84f2-4741-b1f5-a9247145a2ac: receive RaftClientReply:client-83AFC0B42279->fd4515e9-84f2-4741-b1f5-a9247145a2ac@group-E2152A48AE85, cid=3305, SUCCESS, logIndex=0, commits[fd4515e9-84f2-4741-b1f5-a9247145a2ac:c4958, 2e3e112c-ad01-4834-a07e-d6d8a7947632:c4954, dfee02f7-0d20-4e08-8ecd-ebe087394a07:c4954]
2019-07-08 20:09:50,895 INFO  client.GrpcClientProtocolClient (GrpcClientProtocolClient.java:onNext(255)) - client-83AFC0B42279->fd4515e9-84f2-4741-b1f5-a9247145a2ac: receive RaftClientReply:client-83AFC0B42279->fd4515e9-84f2-4741-b1f5-a9247145a2ac@group-E2152A48AE85, cid=3306, SUCCESS, logIndex=4961, commits[fd4515e9-84f2-4741-b1f5-a9247145a2ac:c4962, 2e3e112c-ad01-4834-a07e-d6d8a7947632:c4960, dfee02f7-0d20-4e08-8ecd-ebe087394a07:c4960]
2019-07-08 20:09:50,895 INFO  client.GrpcClientProtocolClient (GrpcClientProtocolClient.java:onNext(255)) - client-83AFC0B42279->fd4515e9-84f2-4741-b1f5-a9247145a2ac: receive RaftClientReply:client-83AFC0B42279->fd4515e9-84f2-4741-b1f5-a9247145a2ac@group-E2152A48AE85, cid=3307, SUCCESS, logIndex=4962, commits[fd4515e9-84f2-4741-b1f5-a9247145a2ac:c4962, 2e3e112c-ad01-4834-a07e-d6d8a7947632:c4960, dfee02f7-0d20-4e08-8ecd-ebe087394a07:c4960]
2019-07-08 20:09:50,909 INFO  client.GrpcClientProtocolClient (GrpcClientProtocolClient.java:onNext(255)) - client-83AFC0B42279->fd4515e9-84f2-4741-b1f5-a9247145a2ac: receive RaftClientReply:client-83AFC0B42279->fd4515e9-84f2-4741-b1f5-a9247145a2ac@group-E2152A48AE85, cid=3308, SUCCESS, logIndex=4965, commits[fd4515e9-84f2-4741-b1f5-a9247145a2ac:c4965, 2e3e112c-ad01-4834-a07e-d6d8a7947632:c4962, dfee02f7-0d20-4e08-8ecd-ebe087394a07:c4962]
2019-07-08 20:09:50,909 INFO  client.GrpcClientProtocolClient (GrpcClientProtocolClient.java:onNext(255)) - client-83AFC0B42279->fd4515e9-84f2-4741-b1f5-a9247145a2ac: receive RaftClientReply:client-83AFC0B42279->fd4515e9-84f2-4741-b1f5-a9247145a2ac@group-E2152A48AE85, cid=3309, SUCCESS, logIndex=4966, commits[fd4515e9-84f2-4741-b1f5-a9247145a2ac:c4966, 2e3e112c-ad01-4834-a07e-d6d8a7947632:c4962, dfee02f7-0d20-4e08-8ecd-ebe087394a07:c4962]
2019-07-08 20:09:50,921 INFO  client.GrpcClientProtocolClient (GrpcClientProtocolClient.java:onNext(255)) - client-83AFC0B42279->fd4515e9-84f2-4741-b1f5-a9247145a2ac: receive RaftClientReply:client-83AFC0B42279->fd4515e9-84f2-4741-b1f5-a9247145a2ac@group-E2152A48AE85, cid=3310, SUCCESS, logIndex=0, commits[fd4515e9-84f2-4741-b1f5-a9247145a2ac:c4968, 2e3e112c-ad01-4834-a07e-d6d8a7947632:c4966, dfee02f7-0d20-4e08-8ecd-ebe087394a07:c4966]
2019-07-08 20:09:50,954 INFO  client.GrpcClientProtocolClient (GrpcClientProtocolClient.java:onNext(255)) - client-83AFC0B42279->fd4515e9-84f2-4741-b1f5-a9247145a2ac: receive RaftClientReply:client-83AFC0B42279->fd4515e9-84f2-4741-b1f5-a9247145a2ac@group-E2152A48AE85, cid=3311, SUCCESS, logIndex=4969, commits[fd4515e9-84f2-4741-b1f5-a9247145a2ac:c4969, 2e3e112c-ad01-4834-a07e-d6d8a7947632:c4968, dfee02f7-0d20-4e08-8ecd-ebe087394a07:c4968]
2019-07-08 20:09:50,954 INFO  client.GrpcClientProtocolClient (GrpcClientProtocolClient.java:onNext(255)) - client-83AFC0B42279->fd4515e9-84f2-4741-b1f5-a9247145a2ac: receive RaftClientReply:client-83AFC0B42279->fd4515e9-84f2-4741-b1f5-a9247145a2ac@group-E2152A48AE85, cid=3312, SUCCESS, logIndex=4970, commits[fd4515e9-84f2-4741-b1f5-a9247145a2ac:c4972, 2e3e112c-ad01-4834-a07e-d6d8a7947632:c4968, dfee02f7-0d20-4e08-8ecd-ebe087394a07:c4968]
2019-07-08 20:09:50,954 INFO  client.GrpcClientProtocolClient (GrpcClientProtocolClient.java:onNext(255)) - client-83AFC0B42279->fd4515e9-84f2-4741-b1f5-a9247145a2ac: receive RaftClientReply:client-83AFC0B42279->fd4515e9-84f2-4741-b1f5-a9247145a2ac@group-E2152A48AE85, cid=3313, SUCCESS, logIndex=4971, commits[fd4515e9-84f2-4741-b1f5-a9247145a2ac:c4972, 2e3e112c-ad01-4834-a07e-d6d8a7947632:c4968, dfee02f7-0d20-4e08-8ecd-ebe087394a07:c4968]
2019-07-08 20:09:50,955 INFO  client.GrpcClientProtocolClient (GrpcClientProtocolClient.java:onNext(255)) - client-83AFC0B42279->fd4515e9-84f2-4741-b1f5-a9247145a2ac: receive RaftClientReply:client-83AFC0B42279->fd4515e9-84f2-4741-b1f5-a9247145a2ac@group-E2152A48AE85, cid=3314, SUCCESS, logIndex=4972, commits[fd4515e9-84f2-4741-b1f5-a9247145a2ac:c4972, 2e3e112c-ad01-4834-a07e-d6d8a7947632:c4968, dfee02f7-0d20-4e08-8ecd-ebe087394a07:c4968]
2019-07-08 20:09:50,956 INFO  client.GrpcClientProtocolClient (GrpcClientProtocolClient.java:onNext(255)) - client-83AFC0B42279->fd4515e9-84f2-4741-b1f5-a9247145a2ac: receive RaftClientReply:client-83AFC0B42279->fd4515e9-84f2-4741-b1f5-a9247145a2ac@group-E2152A48AE85, cid=3315, SUCCESS, logIndex=0, commits[fd4515e9-84f2-4741-b1f5-a9247145a2ac:c4973, 2e3e112c-ad01-4834-a07e-d6d8a7947632:c4970, dfee02f7-0d20-4e08-8ecd-ebe087394a07:c4970]
2019-07-08 20:09:50,976 INFO  client.GrpcClientProtocolClient (GrpcClientProtocolClient.java:onNext(255)) - client-83AFC0B42279->fd4515e9-84f2-4741-b1f5-a9247145a2ac: receive RaftClientReply:client-83AFC0B42279->fd4515e9-84f2-4741-b1f5-a9247145a2ac@group-E2152A48AE85, cid=3316, SUCCESS, logIndex=4977, commits[fd4515e9-84f2-4741-b1f5-a9247145a2ac:c4978, 2e3e112c-ad01-4834-a07e-d6d8a7947632:c4976, dfee02f7-0d20-4e08-8ecd-ebe087394a07:c4976]
2019-07-08 20:09:50,976 INFO  client.GrpcClientProtocolClient (GrpcClientProtocolClient.java:onNext(255)) - client-83AFC0B42279->fd4515e9-84f2-4741-b1f5-a9247145a2ac: receive RaftClientReply:client-83AFC0B42279->fd4515e9-84f2-4741-b1f5-a9247145a2ac@group-E2152A48AE85, cid=3317, SUCCESS, logIndex=4978, commits[fd4515e9-84f2-4741-b1f5-a9247145a2ac:c4978, 2e3e112c-ad01-4834-a07e-d6d8a7947632:c4976, dfee02f7-0d20-4e08-8ecd-ebe087394a07:c4976]
2019-07-08 20:09:50,989 INFO  client.GrpcClientProtocolClient (GrpcClientProtocolClient.java:onNext(255)) - client-83AFC0B42279->fd4515e9-84f2-4741-b1f5-a9247145a2ac: receive RaftClientReply:client-83AFC0B42279->fd4515e9-84f2-4741-b1f5-a9247145a2ac@group-E2152A48AE85, cid=3318, SUCCESS, logIndex=4981, commits[fd4515e9-84f2-4741-b1f5-a9247145a2ac:c4982, 2e3e112c-ad01-4834-a07e-d6d8a7947632:c4978, dfee02f7-0d20-4e08-8ecd-ebe087394a07:c4978]
2019-07-08 20:09:50,989 INFO  client.GrpcClientProtocolClient (GrpcClientProtocolClient.java:onNext(255)) - client-83AFC0B42279->fd4515e9-84f2-4741-b1f5-a9247145a2ac: receive RaftClientReply:client-83AFC0B42279->fd4515e9-84f2-4741-b1f5-a9247145a2ac@group-E2152A48AE85, cid=3319, SUCCESS, logIndex=4982, commits[fd4515e9-84f2-4741-b1f5-a9247145a2ac:c4982, 2e3e112c-ad01-4834-a07e-d6d8a7947632:c4978, dfee02f7-0d20-4e08-8ecd-ebe087394a07:c4978]
2019-07-08 20:09:51,002 INFO  client.GrpcClientProtocolClient (GrpcClientProtocolClient.java:onNext(255)) - client-83AFC0B42279->fd4515e9-84f2-4741-b1f5-a9247145a2ac: receive RaftClientReply:client-83AFC0B42279->fd4515e9-84f2-4741-b1f5-a9247145a2ac@group-E2152A48AE85, cid=3320, SUCCESS, logIndex=0, commits[fd4515e9-84f2-4741-b1f5-a9247145a2ac:c4983, 2e3e112c-ad01-4834-a07e-d6d8a7947632:c4982, dfee02f7-0d20-4e08-8ecd-ebe087394a07:c4982]
2019-07-08 20:09:51,032 INFO  client.GrpcClientProtocolClient (GrpcClientProtocolClient.java:onNext(255)) - client-83AFC0B42279->fd4515e9-84f2-4741-b1f5-a9247145a2ac: receive RaftClientReply:client-83AFC0B42279->fd4515e9-84f2-4741-b1f5-a9247145a2ac@group-E2152A48AE85, cid=3321, SUCCESS, logIndex=4985, commits[fd4515e9-84f2-4741-b1f5-a9247145a2ac:c4986, 2e3e112c-ad01-4834-a07e-d6d8a7947632:c4984, dfee02f7-0d20-4e08-8ecd-ebe087394a07:c4984]
2019-07-08 20:09:51,033 INFO  client.GrpcClientProtocolClient (GrpcClientProtocolClient.java:onNext(255)) - client-83AFC0B42279->fd4515e9-84f2-4741-b1f5-a9247145a2ac: receive RaftClientReply:client-83AFC0B42279->fd4515e9-84f2-4741-b1f5-a9247145a2ac@group-E2152A48AE85, cid=3322, SUCCESS, logIndex=4986, commits[fd4515e9-84f2-4741-b1f5-a9247145a2ac:c4986, 2e3e112c-ad01-4834-a07e-d6d8a7947632:c4984, dfee02f7-0d20-4e08-8ecd-ebe087394a07:c4984]
2019-07-08 20:09:51,033 INFO  client.GrpcClientProtocolClient (GrpcClientProtocolClient.java:onNext(255)) - client-83AFC0B42279->fd4515e9-84f2-4741-b1f5-a9247145a2ac: receive RaftClientReply:client-83AFC0B42279->fd4515e9-84f2-4741-b1f5-a9247145a2ac@group-E2152A48AE85, cid=3323, SUCCESS, logIndex=4987, commits[fd4515e9-84f2-4741-b1f5-a9247145a2ac:c4988, 2e3e112c-ad01-4834-a07e-d6d8a7947632:c4984, dfee02f7-0d20-4e08-8ecd-ebe087394a07:c4984]
2019-07-08 20:09:51,034 INFO  client.GrpcClientProtocolClient (GrpcClientProtocolClient.java:onNext(255)) - client-83AFC0B42279->fd4515e9-84f2-4741-b1f5-a9247145a2ac: receive RaftClientReply:client-83AFC0B42279->fd4515e9-84f2-4741-b1f5-a9247145a2ac@group-E2152A48AE85, cid=3324, SUCCESS, logIndex=4988, commits[fd4515e9-84f2-4741-b1f5-a9247145a2ac:c4988, 2e3e112c-ad01-4834-a07e-d6d8a7947632:c4984, dfee02f7-0d20-4e08-8ecd-ebe087394a07:c4984]
2019-07-08 20:09:51,034 INFO  client.GrpcClientProtocolClient (GrpcClientProtocolClient.java:onNext(255)) - client-83AFC0B42279->fd4515e9-84f2-4741-b1f5-a9247145a2ac: receive RaftClientReply:client-83AFC0B42279->fd4515e9-84f2-4741-b1f5-a9247145a2ac@group-E2152A48AE85, cid=3325, SUCCESS, logIndex=0, commits[fd4515e9-84f2-4741-b1f5-a9247145a2ac:c4990, 2e3e112c-ad01-4834-a07e-d6d8a7947632:c4986, dfee02f7-0d20-4e08-8ecd-ebe087394a07:c4986]
2019-07-08 20:09:51,065 INFO  client.GrpcClientProtocolClient (GrpcClientProtocolClient.java:onNext(255)) - client-83AFC0B42279->fd4515e9-84f2-4741-b1f5-a9247145a2ac: receive RaftClientReply:client-83AFC0B42279->fd4515e9-84f2-4741-b1f5-a9247145a2ac@group-E2152A48AE85, cid=3326, SUCCESS, logIndex=4993, commits[fd4515e9-84f2-4741-b1f5-a9247145a2ac:c4994, 2e3e112c-ad01-4834-a07e-d6d8a7947632:c4992, dfee02f7-0d20-4e08-8ecd-ebe087394a07:c4988]
2019-07-08 20:09:51,066 INFO  client.GrpcClientProtocolClient (GrpcClientProtocolClient.java:onNext(255)) - client-83AFC0B42279->fd4515e9-84f2-4741-b1f5-a9247145a2ac: receive RaftClientReply:client-83AFC0B42279->fd4515e9-84f2-4741-b1f5-a9247145a2ac@group-E2152A48AE85, cid=3327, SUCCESS, logIndex=4994, commits[fd4515e9-84f2-4741-b1f5-a9247145a2ac:c4994, 2e3e112c-ad01-4834-a07e-d6d8a7947632:c4992, dfee02f7-0d20-4e08-8ecd-ebe087394a07:c4992]
2019-07-08 20:09:51,101 INFO  client.GrpcClientProtocolClient (GrpcClientProtocolClient.java:onNext(255)) - client-83AFC0B42279->fd4515e9-84f2-4741-b1f5-a9247145a2ac: receive RaftClientReply:client-83AFC0B42279->fd4515e9-84f2-4741-b1f5-a9247145a2ac@group-E2152A48AE85, cid=3328, SUCCESS, logIndex=4996, commits[fd4515e9-84f2-4741-b1f5-a9247145a2ac:c4997, 2e3e112c-ad01-4834-a07e-d6d8a7947632:c4995, dfee02f7-0d20-4e08-8ecd-ebe087394a07:c4995]
2019-07-08 20:09:51,101 INFO  client.GrpcClientProtocolClient (GrpcClientProtocolClient.java:onNext(255)) - client-83AFC0B42279->fd4515e9-84f2-4741-b1f5-a9247145a2ac: receive RaftClientReply:client-83AFC0B42279->fd4515e9-84f2-4741-b1f5-a9247145a2ac@group-E2152A48AE85, cid=3329, SUCCESS, logIndex=4997, commits[fd4515e9-84f2-4741-b1f5-a9247145a2ac:c4997, 2e3e112c-ad01-4834-a07e-d6d8a7947632:c4995, dfee02f7-0d20-4e08-8ecd-ebe087394a07:c4995]
2019-07-08 20:09:51,114 INFO  client.GrpcClientProtocolClient (GrpcClientProtocolClient.java:onNext(255)) - client-83AFC0B42279->fd4515e9-84f2-4741-b1f5-a9247145a2ac: receive RaftClientReply:client-83AFC0B42279->fd4515e9-84f2-4741-b1f5-a9247145a2ac@group-E2152A48AE85, cid=3330, SUCCESS, logIndex=0, commits[fd4515e9-84f2-4741-b1f5-a9247145a2ac:c4999, 2e3e112c-ad01-4834-a07e-d6d8a7947632:c4997, dfee02f7-0d20-4e08-8ecd-ebe087394a07:c4997]
2019-07-08 20:09:51,146 INFO  client.GrpcClientProtocolClient (GrpcClientProtocolClient.java:onNext(255)) - client-83AFC0B42279->fd4515e9-84f2-4741-b1f5-a9247145a2ac: receive RaftClientReply:client-83AFC0B42279->fd4515e9-84f2-4741-b1f5-a9247145a2ac@group-E2152A48AE85, cid=3331, SUCCESS, logIndex=5000, commits[fd4515e9-84f2-4741-b1f5-a9247145a2ac:c5001, 2e3e112c-ad01-4834-a07e-d6d8a7947632:c4999, dfee02f7-0d20-4e08-8ecd-ebe087394a07:c4999]
2019-07-08 20:09:51,147 INFO  client.GrpcClientProtocolClient (GrpcClientProtocolClient.java:onNext(255)) - client-83AFC0B42279->fd4515e9-84f2-4741-b1f5-a9247145a2ac: receive RaftClientReply:client-83AFC0B42279->fd4515e9-84f2-4741-b1f5-a9247145a2ac@group-E2152A48AE85, cid=3332, SUCCESS, logIndex=5001, commits[fd4515e9-84f2-4741-b1f5-a9247145a2ac:c5001, 2e3e112c-ad01-4834-a07e-d6d8a7947632:c4999, dfee02f7-0d20-4e08-8ecd-ebe087394a07:c4999]
2019-07-08 20:09:51,148 INFO  client.GrpcClientProtocolClient (GrpcClientProtocolClient.java:onNext(255)) - client-83AFC0B42279->fd4515e9-84f2-4741-b1f5-a9247145a2ac: receive RaftClientReply:client-83AFC0B42279->fd4515e9-84f2-4741-b1f5-a9247145a2ac@group-E2152A48AE85, cid=3333, SUCCESS, logIndex=5002, commits[fd4515e9-84f2-4741-b1f5-a9247145a2ac:c5003, 2e3e112c-ad01-4834-a07e-d6d8a7947632:c4999, dfee02f7-0d20-4e08-8ecd-ebe087394a07:c4999]
2019-07-08 20:09:51,148 INFO  client.GrpcClientProtocolClient (GrpcClientProtocolClient.java:onNext(255)) - client-83AFC0B42279->fd4515e9-84f2-4741-b1f5-a9247145a2ac: receive RaftClientReply:client-83AFC0B42279->fd4515e9-84f2-4741-b1f5-a9247145a2ac@group-E2152A48AE85, cid=3334, SUCCESS, logIndex=5003, commits[fd4515e9-84f2-4741-b1f5-a9247145a2ac:c5003, 2e3e112c-ad01-4834-a07e-d6d8a7947632:c4999, dfee02f7-0d20-4e08-8ecd-ebe087394a07:c4999]
2019-07-08 20:09:51,149 INFO  client.GrpcClientProtocolClient (GrpcClientProtocolClient.java:onNext(255)) - client-83AFC0B42279->fd4515e9-84f2-4741-b1f5-a9247145a2ac: receive RaftClientReply:client-83AFC0B42279->fd4515e9-84f2-4741-b1f5-a9247145a2ac@group-E2152A48AE85, cid=3335, SUCCESS, logIndex=0, commits[fd4515e9-84f2-4741-b1f5-a9247145a2ac:c5005, 2e3e112c-ad01-4834-a07e-d6d8a7947632:c5001, dfee02f7-0d20-4e08-8ecd-ebe087394a07:c5001]
2019-07-08 20:09:51,169 INFO  client.GrpcClientProtocolClient (GrpcClientProtocolClient.java:onNext(255)) - client-83AFC0B42279->fd4515e9-84f2-4741-b1f5-a9247145a2ac: receive RaftClientReply:client-83AFC0B42279->fd4515e9-84f2-4741-b1f5-a9247145a2ac@group-E2152A48AE85, cid=3336, SUCCESS, logIndex=5008, commits[fd4515e9-84f2-4741-b1f5-a9247145a2ac:c5009, 2e3e112c-ad01-4834-a07e-d6d8a7947632:c5003, dfee02f7-0d20-4e08-8ecd-ebe087394a07:c5007]
2019-07-08 20:09:51,170 INFO  client.GrpcClientProtocolClient (GrpcClientProtocolClient.java:onNext(255)) - client-83AFC0B42279->fd4515e9-84f2-4741-b1f5-a9247145a2ac: receive RaftClientReply:client-83AFC0B42279->fd4515e9-84f2-4741-b1f5-a9247145a2ac@group-E2152A48AE85, cid=3337, SUCCESS, logIndex=5009, commits[fd4515e9-84f2-4741-b1f5-a9247145a2ac:c5009, 2e3e112c-ad01-4834-a07e-d6d8a7947632:c5007, dfee02f7-0d20-4e08-8ecd-ebe087394a07:c5007]
2019-07-08 20:09:51,183 INFO  client.GrpcClientProtocolClient (GrpcClientProtocolClient.java:onNext(255)) - client-83AFC0B42279->fd4515e9-84f2-4741-b1f5-a9247145a2ac: receive RaftClientReply:client-83AFC0B42279->fd4515e9-84f2-4741-b1f5-a9247145a2ac@group-E2152A48AE85, cid=3338, SUCCESS, logIndex=5012, commits[fd4515e9-84f2-4741-b1f5-a9247145a2ac:c5013, 2e3e112c-ad01-4834-a07e-d6d8a7947632:c5009, dfee02f7-0d20-4e08-8ecd-ebe087394a07:c5009]
2019-07-08 20:09:51,183 INFO  client.GrpcClientProtocolClient (GrpcClientProtocolClient.java:onNext(255)) - client-83AFC0B42279->fd4515e9-84f2-4741-b1f5-a9247145a2ac: receive RaftClientReply:client-83AFC0B42279->fd4515e9-84f2-4741-b1f5-a9247145a2ac@group-E2152A48AE85, cid=3339, SUCCESS, logIndex=5013, commits[fd4515e9-84f2-4741-b1f5-a9247145a2ac:c5013, 2e3e112c-ad01-4834-a07e-d6d8a7947632:c5009, dfee02f7-0d20-4e08-8ecd-ebe087394a07:c5009]
2019-07-08 20:09:51,196 INFO  client.GrpcClientProtocolClient (GrpcClientProtocolClient.java:onNext(255)) - client-83AFC0B42279->fd4515e9-84f2-4741-b1f5-a9247145a2ac: receive RaftClientReply:client-83AFC0B42279->fd4515e9-84f2-4741-b1f5-a9247145a2ac@group-E2152A48AE85, cid=3340, SUCCESS, logIndex=0, commits[fd4515e9-84f2-4741-b1f5-a9247145a2ac:c5015, 2e3e112c-ad01-4834-a07e-d6d8a7947632:c5013, dfee02f7-0d20-4e08-8ecd-ebe087394a07:c5013]
2019-07-08 20:09:51,228 INFO  client.GrpcClientProtocolClient (GrpcClientProtocolClient.java:onNext(255)) - client-83AFC0B42279->fd4515e9-84f2-4741-b1f5-a9247145a2ac: receive RaftClientReply:client-83AFC0B42279->fd4515e9-84f2-4741-b1f5-a9247145a2ac@group-E2152A48AE85, cid=3341, SUCCESS, logIndex=5016, commits[fd4515e9-84f2-4741-b1f5-a9247145a2ac:c5017, 2e3e112c-ad01-4834-a07e-d6d8a7947632:c5015, dfee02f7-0d20-4e08-8ecd-ebe087394a07:c5015]
2019-07-08 20:09:51,228 INFO  client.GrpcClientProtocolClient (GrpcClientProtocolClient.java:onNext(255)) - client-83AFC0B42279->fd4515e9-84f2-4741-b1f5-a9247145a2ac: receive RaftClientReply:client-83AFC0B42279->fd4515e9-84f2-4741-b1f5-a9247145a2ac@group-E2152A48AE85, cid=3342, SUCCESS, logIndex=5017, commits[fd4515e9-84f2-4741-b1f5-a9247145a2ac:c5017, 2e3e112c-ad01-4834-a07e-d6d8a7947632:c5015, dfee02f7-0d20-4e08-8ecd-ebe087394a07:c5015]
2019-07-08 20:09:51,229 INFO  client.GrpcClientProtocolClient (GrpcClientProtocolClient.java:onNext(255)) - client-83AFC0B42279->fd4515e9-84f2-4741-b1f5-a9247145a2ac: receive RaftClientReply:client-83AFC0B42279->fd4515e9-84f2-4741-b1f5-a9247145a2ac@group-E2152A48AE85, cid=3343, SUCCESS, logIndex=5018, commits[fd4515e9-84f2-4741-b1f5-a9247145a2ac:c5019, 2e3e112c-ad01-4834-a07e-d6d8a7947632:c5015, dfee02f7-0d20-4e08-8ecd-ebe087394a07:c5015]
2019-07-08 20:09:51,229 INFO  client.GrpcClientProtocolClient (GrpcClientProtocolClient.java:onNext(255)) - client-83AFC0B42279->fd4515e9-84f2-4741-b1f5-a9247145a2ac: receive RaftClientReply:client-83AFC0B42279->fd4515e9-84f2-4741-b1f5-a9247145a2ac@group-E2152A48AE85, cid=3344, SUCCESS, logIndex=5019, commits[fd4515e9-84f2-4741-b1f5-a9247145a2ac:c5019, 2e3e112c-ad01-4834-a07e-d6d8a7947632:c5015, dfee02f7-0d20-4e08-8ecd-ebe087394a07:c5015]
2019-07-08 20:09:51,230 INFO  client.GrpcClientProtocolClient (GrpcClientProtocolClient.java:onNext(255)) - client-83AFC0B42279->fd4515e9-84f2-4741-b1f5-a9247145a2ac: receive RaftClientReply:client-83AFC0B42279->fd4515e9-84f2-4741-b1f5-a9247145a2ac@group-E2152A48AE85, cid=3345, SUCCESS, logIndex=0, commits[fd4515e9-84f2-4741-b1f5-a9247145a2ac:c5021, 2e3e112c-ad01-4834-a07e-d6d8a7947632:c5017, dfee02f7-0d20-4e08-8ecd-ebe087394a07:c5017]
2019-07-08 20:09:51,250 INFO  client.GrpcClientProtocolClient (GrpcClientProtocolClient.java:onNext(255)) - client-83AFC0B42279->fd4515e9-84f2-4741-b1f5-a9247145a2ac: receive RaftClientReply:client-83AFC0B42279->fd4515e9-84f2-4741-b1f5-a9247145a2ac@group-E2152A48AE85, cid=3346, SUCCESS, logIndex=5024, commits[fd4515e9-84f2-4741-b1f5-a9247145a2ac:c5025, 2e3e112c-ad01-4834-a07e-d6d8a7947632:c5023, dfee02f7-0d20-4e08-8ecd-ebe087394a07:c5023]
2019-07-08 20:09:51,251 INFO  client.GrpcClientProtocolClient (GrpcClientProtocolClient.java:onNext(255)) - client-83AFC0B42279->fd4515e9-84f2-4741-b1f5-a9247145a2ac: receive RaftClientReply:client-83AFC0B42279->fd4515e9-84f2-4741-b1f5-a9247145a2ac@group-E2152A48AE85, cid=3347, SUCCESS, logIndex=5025, commits[fd4515e9-84f2-4741-b1f5-a9247145a2ac:c5025, 2e3e112c-ad01-4834-a07e-d6d8a7947632:c5023, dfee02f7-0d20-4e08-8ecd-ebe087394a07:c5023]
2019-07-08 20:09:51,264 INFO  client.GrpcClientProtocolClient (GrpcClientProtocolClient.java:onNext(255)) - client-83AFC0B42279->fd4515e9-84f2-4741-b1f5-a9247145a2ac: receive RaftClientReply:client-83AFC0B42279->fd4515e9-84f2-4741-b1f5-a9247145a2ac@group-E2152A48AE85, cid=3348, SUCCESS, logIndex=5028, commits[fd4515e9-84f2-4741-b1f5-a9247145a2ac:c5029, 2e3e112c-ad01-4834-a07e-d6d8a7947632:c5025, dfee02f7-0d20-4e08-8ecd-ebe087394a07:c5025]
2019-07-08 20:09:51,264 INFO  client.GrpcClientProtocolClient (GrpcClientProtocolClient.java:onNext(255)) - client-83AFC0B42279->fd4515e9-84f2-4741-b1f5-a9247145a2ac: receive RaftClientReply:client-83AFC0B42279->fd4515e9-84f2-4741-b1f5-a9247145a2ac@group-E2152A48AE85, cid=3349, SUCCESS, logIndex=5029, commits[fd4515e9-84f2-4741-b1f5-a9247145a2ac:c5029, 2e3e112c-ad01-4834-a07e-d6d8a7947632:c5025, dfee02f7-0d20-4e08-8ecd-ebe087394a07:c5025]
2019-07-08 20:09:51,277 INFO  client.GrpcClientProtocolClient (GrpcClientProtocolClient.java:onNext(255)) - client-83AFC0B42279->fd4515e9-84f2-4741-b1f5-a9247145a2ac: receive RaftClientReply:client-83AFC0B42279->fd4515e9-84f2-4741-b1f5-a9247145a2ac@group-E2152A48AE85, cid=3350, SUCCESS, logIndex=0, commits[fd4515e9-84f2-4741-b1f5-a9247145a2ac:c5031, 2e3e112c-ad01-4834-a07e-d6d8a7947632:c5029, dfee02f7-0d20-4e08-8ecd-ebe087394a07:c5029]
2019-07-08 20:09:51,413 INFO  client.GrpcClientProtocolClient (GrpcClientProtocolClient.java:onNext(255)) - client-83AFC0B42279->fd4515e9-84f2-4741-b1f5-a9247145a2ac: receive RaftClientReply:client-83AFC0B42279->fd4515e9-84f2-4741-b1f5-a9247145a2ac@group-E2152A48AE85, cid=3351, SUCCESS, logIndex=5032, commits[fd4515e9-84f2-4741-b1f5-a9247145a2ac:c5033, 2e3e112c-ad01-4834-a07e-d6d8a7947632:c5031, dfee02f7-0d20-4e08-8ecd-ebe087394a07:c5031]
2019-07-08 20:09:51,414 INFO  client.GrpcClientProtocolClient (GrpcClientProtocolClient.java:onNext(255)) - client-83AFC0B42279->fd4515e9-84f2-4741-b1f5-a9247145a2ac: receive RaftClientReply:client-83AFC0B42279->fd4515e9-84f2-4741-b1f5-a9247145a2ac@group-E2152A48AE85, cid=3352, SUCCESS, logIndex=5033, commits[fd4515e9-84f2-4741-b1f5-a9247145a2ac:c5035, 2e3e112c-ad01-4834-a07e-d6d8a7947632:c5031, dfee02f7-0d20-4e08-8ecd-ebe087394a07:c5031]
2019-07-08 20:09:51,414 INFO  client.GrpcClientProtocolClient (GrpcClientProtocolClient.java:onNext(255)) - client-83AFC0B42279->fd4515e9-84f2-4741-b1f5-a9247145a2ac: receive RaftClientReply:client-83AFC0B42279->fd4515e9-84f2-4741-b1f5-a9247145a2ac@group-E2152A48AE85, cid=3353, SUCCESS, logIndex=5034, commits[fd4515e9-84f2-4741-b1f5-a9247145a2ac:c5035, 2e3e112c-ad01-4834-a07e-d6d8a7947632:c5031, dfee02f7-0d20-4e08-8ecd-ebe087394a07:c5031]
2019-07-08 20:09:51,414 INFO  client.GrpcClientProtocolClient (GrpcClientProtocolClient.java:onNext(255)) - client-83AFC0B42279->fd4515e9-84f2-4741-b1f5-a9247145a2ac: receive RaftClientReply:client-83AFC0B42279->fd4515e9-84f2-4741-b1f5-a9247145a2ac@group-E2152A48AE85, cid=3354, SUCCESS, logIndex=5035, commits[fd4515e9-84f2-4741-b1f5-a9247145a2ac:c5035, 2e3e112c-ad01-4834-a07e-d6d8a7947632:c5031, dfee02f7-0d20-4e08-8ecd-ebe087394a07:c5031]
2019-07-08 20:09:51,415 INFO  client.GrpcClientProtocolClient (GrpcClientProtocolClient.java:onNext(255)) - client-83AFC0B42279->fd4515e9-84f2-4741-b1f5-a9247145a2ac: receive RaftClientReply:client-83AFC0B42279->fd4515e9-84f2-4741-b1f5-a9247145a2ac@group-E2152A48AE85, cid=3355, SUCCESS, logIndex=0, commits[fd4515e9-84f2-4741-b1f5-a9247145a2ac:c5039, 2e3e112c-ad01-4834-a07e-d6d8a7947632:c5033, dfee02f7-0d20-4e08-8ecd-ebe087394a07:c5035]
2019-07-08 20:09:51,437 INFO  client.GrpcClientProtocolClient (GrpcClientProtocolClient.java:onNext(255)) - client-83AFC0B42279->fd4515e9-84f2-4741-b1f5-a9247145a2ac: receive RaftClientReply:client-83AFC0B42279->fd4515e9-84f2-4741-b1f5-a9247145a2ac@group-E2152A48AE85, cid=3356, SUCCESS, logIndex=5040, commits[fd4515e9-84f2-4741-b1f5-a9247145a2ac:c5041, 2e3e112c-ad01-4834-a07e-d6d8a7947632:c5039, dfee02f7-0d20-4e08-8ecd-ebe087394a07:c5039]
2019-07-08 20:09:51,437 INFO  client.GrpcClientProtocolClient (GrpcClientProtocolClient.java:onNext(255)) - client-83AFC0B42279->fd4515e9-84f2-4741-b1f5-a9247145a2ac: receive RaftClientReply:client-83AFC0B42279->fd4515e9-84f2-4741-b1f5-a9247145a2ac@group-E2152A48AE85, cid=3357, SUCCESS, logIndex=5041, commits[fd4515e9-84f2-4741-b1f5-a9247145a2ac:c5041, 2e3e112c-ad01-4834-a07e-d6d8a7947632:c5039, dfee02f7-0d20-4e08-8ecd-ebe087394a07:c5039]
2019-07-08 20:09:51,450 INFO  client.GrpcClientProtocolClient (GrpcClientProtocolClient.java:onNext(255)) - client-83AFC0B42279->fd4515e9-84f2-4741-b1f5-a9247145a2ac: receive RaftClientReply:client-83AFC0B42279->fd4515e9-84f2-4741-b1f5-a9247145a2ac@group-E2152A48AE85, cid=3358, SUCCESS, logIndex=5044, commits[fd4515e9-84f2-4741-b1f5-a9247145a2ac:c5045, 2e3e112c-ad01-4834-a07e-d6d8a7947632:c5041, dfee02f7-0d20-4e08-8ecd-ebe087394a07:c5041]
2019-07-08 20:09:51,451 INFO  client.GrpcClientProtocolClient (GrpcClientProtocolClient.java:onNext(255)) - client-83AFC0B42279->fd4515e9-84f2-4741-b1f5-a9247145a2ac: receive RaftClientReply:client-83AFC0B42279->fd4515e9-84f2-4741-b1f5-a9247145a2ac@group-E2152A48AE85, cid=3359, SUCCESS, logIndex=5045, commits[fd4515e9-84f2-4741-b1f5-a9247145a2ac:c5045, 2e3e112c-ad01-4834-a07e-d6d8a7947632:c5041, dfee02f7-0d20-4e08-8ecd-ebe087394a07:c5041]
2019-07-08 20:09:51,452 INFO  client.GrpcClientProtocolClient (GrpcClientProtocolClient.java:onNext(255)) - client-83AFC0B42279->fd4515e9-84f2-4741-b1f5-a9247145a2ac: receive RaftClientReply:client-83AFC0B42279->fd4515e9-84f2-4741-b1f5-a9247145a2ac@group-E2152A48AE85, cid=3360, SUCCESS, logIndex=0, commits[fd4515e9-84f2-4741-b1f5-a9247145a2ac:c5046, 2e3e112c-ad01-4834-a07e-d6d8a7947632:c5045, dfee02f7-0d20-4e08-8ecd-ebe087394a07:c5045]
2019-07-08 20:09:51,483 INFO  client.GrpcClientProtocolClient (GrpcClientProtocolClient.java:onNext(255)) - client-83AFC0B42279->fd4515e9-84f2-4741-b1f5-a9247145a2ac: receive RaftClientReply:client-83AFC0B42279->fd4515e9-84f2-4741-b1f5-a9247145a2ac@group-E2152A48AE85, cid=3361, SUCCESS, logIndex=5048, commits[fd4515e9-84f2-4741-b1f5-a9247145a2ac:c5049, 2e3e112c-ad01-4834-a07e-d6d8a7947632:c5047, dfee02f7-0d20-4e08-8ecd-ebe087394a07:c5047]
2019-07-08 20:09:51,484 INFO  client.GrpcClientProtocolClient (GrpcClientProtocolClient.java:onNext(255)) - client-83AFC0B42279->fd4515e9-84f2-4741-b1f5-a9247145a2ac: receive RaftClientReply:client-83AFC0B42279->fd4515e9-84f2-4741-b1f5-a9247145a2ac@group-E2152A48AE85, cid=3362, SUCCESS, logIndex=5049, commits[fd4515e9-84f2-4741-b1f5-a9247145a2ac:c5051, 2e3e112c-ad01-4834-a07e-d6d8a7947632:c5047, dfee02f7-0d20-4e08-8ecd-ebe087394a07:c5047]
2019-07-08 20:09:51,484 INFO  client.GrpcClientProtocolClient (GrpcClientProtocolClient.java:onNext(255)) - client-83AFC0B42279->fd4515e9-84f2-4741-b1f5-a9247145a2ac: receive RaftClientReply:client-83AFC0B42279->fd4515e9-84f2-4741-b1f5-a9247145a2ac@group-E2152A48AE85, cid=3363, SUCCESS, logIndex=5050, commits[fd4515e9-84f2-4741-b1f5-a9247145a2ac:c5051, 2e3e112c-ad01-4834-a07e-d6d8a7947632:c5047, dfee02f7-0d20-4e08-8ecd-ebe087394a07:c5047]
2019-07-08 20:09:51,484 INFO  client.GrpcClientProtocolClient (GrpcClientProtocolClient.java:onNext(255)) - client-83AFC0B42279->fd4515e9-84f2-4741-b1f5-a9247145a2ac: receive RaftClientReply:client-83AFC0B42279->fd4515e9-84f2-4741-b1f5-a9247145a2ac@group-E2152A48AE85, cid=3364, SUCCESS, logIndex=5051, commits[fd4515e9-84f2-4741-b1f5-a9247145a2ac:c5052, 2e3e112c-ad01-4834-a07e-d6d8a7947632:c5047, dfee02f7-0d20-4e08-8ecd-ebe087394a07:c5048]
2019-07-08 20:09:51,485 INFO  client.GrpcClientProtocolClient (GrpcClientProtocolClient.java:onNext(255)) - client-83AFC0B42279->fd4515e9-84f2-4741-b1f5-a9247145a2ac: receive RaftClientReply:client-83AFC0B42279->fd4515e9-84f2-4741-b1f5-a9247145a2ac@group-E2152A48AE85, cid=3365, SUCCESS, logIndex=0, commits[fd4515e9-84f2-4741-b1f5-a9247145a2ac:c5055, 2e3e112c-ad01-4834-a07e-d6d8a7947632:c5049, dfee02f7-0d20-4e08-8ecd-ebe087394a07:c5051]
 0.00% |█                                                                                                    |  0/1 Time: 0:00:302019-07-08 20:09:51,505 INFO  client.GrpcClientProtocolClient (GrpcClientProtocolClient.java:onNext(255)) - client-83AFC0B42279->fd4515e9-84f2-4741-b1f5-a9247145a2ac: receive RaftClientReply:client-83AFC0B42279->fd4515e9-84f2-4741-b1f5-a9247145a2ac@group-E2152A48AE85, cid=3366, SUCCESS, logIndex=5056, commits[fd4515e9-84f2-4741-b1f5-a9247145a2ac:c5057, 2e3e112c-ad01-4834-a07e-d6d8a7947632:c5055, dfee02f7-0d20-4e08-8ecd-ebe087394a07:c5055]
2019-07-08 20:09:51,506 INFO  client.GrpcClientProtocolClient (GrpcClientProtocolClient.java:onNext(255)) - client-83AFC0B42279->fd4515e9-84f2-4741-b1f5-a9247145a2ac: receive RaftClientReply:client-83AFC0B42279->fd4515e9-84f2-4741-b1f5-a9247145a2ac@group-E2152A48AE85, cid=3367, SUCCESS, logIndex=5057, commits[fd4515e9-84f2-4741-b1f5-a9247145a2ac:c5057, 2e3e112c-ad01-4834-a07e-d6d8a7947632:c5055, dfee02f7-0d20-4e08-8ecd-ebe087394a07:c5055]
2019-07-08 20:09:51,518 INFO  client.GrpcClientProtocolClient (GrpcClientProtocolClient.java:onNext(255)) - client-83AFC0B42279->fd4515e9-84f2-4741-b1f5-a9247145a2ac: receive RaftClientReply:client-83AFC0B42279->fd4515e9-84f2-4741-b1f5-a9247145a2ac@group-E2152A48AE85, cid=3368, SUCCESS, logIndex=5060, commits[fd4515e9-84f2-4741-b1f5-a9247145a2ac:c5061, 2e3e112c-ad01-4834-a07e-d6d8a7947632:c5057, dfee02f7-0d20-4e08-8ecd-ebe087394a07:c5057]
2019-07-08 20:09:51,519 INFO  client.GrpcClientProtocolClient (GrpcClientProtocolClient.java:onNext(255)) - client-83AFC0B42279->fd4515e9-84f2-4741-b1f5-a9247145a2ac: receive RaftClientReply:client-83AFC0B42279->fd4515e9-84f2-4741-b1f5-a9247145a2ac@group-E2152A48AE85, cid=3369, SUCCESS, logIndex=5061, commits[fd4515e9-84f2-4741-b1f5-a9247145a2ac:c5061, 2e3e112c-ad01-4834-a07e-d6d8a7947632:c5057, dfee02f7-0d20-4e08-8ecd-ebe087394a07:c5057]
2019-07-08 20:09:51,531 INFO  client.GrpcClientProtocolClient (GrpcClientProtocolClient.java:onNext(255)) - client-83AFC0B42279->fd4515e9-84f2-4741-b1f5-a9247145a2ac: receive RaftClientReply:client-83AFC0B42279->fd4515e9-84f2-4741-b1f5-a9247145a2ac@group-E2152A48AE85, cid=3370, SUCCESS, logIndex=0, commits[fd4515e9-84f2-4741-b1f5-a9247145a2ac:c5062, 2e3e112c-ad01-4834-a07e-d6d8a7947632:c5061, dfee02f7-0d20-4e08-8ecd-ebe087394a07:c5061]
2019-07-08 20:09:51,566 INFO  client.GrpcClientProtocolClient (GrpcClientProtocolClient.java:onNext(255)) - client-83AFC0B42279->fd4515e9-84f2-4741-b1f5-a9247145a2ac: receive RaftClientReply:client-83AFC0B42279->fd4515e9-84f2-4741-b1f5-a9247145a2ac@group-E2152A48AE85, cid=3371, SUCCESS, logIndex=5064, commits[fd4515e9-84f2-4741-b1f5-a9247145a2ac:c5065, 2e3e112c-ad01-4834-a07e-d6d8a7947632:c5063, dfee02f7-0d20-4e08-8ecd-ebe087394a07:c5063]
2019-07-08 20:09:51,567 INFO  client.GrpcClientProtocolClient (GrpcClientProtocolClient.java:onNext(255)) - client-83AFC0B42279->fd4515e9-84f2-4741-b1f5-a9247145a2ac: receive RaftClientReply:client-83AFC0B42279->fd4515e9-84f2-4741-b1f5-a9247145a2ac@group-E2152A48AE85, cid=3372, SUCCESS, logIndex=5065, commits[fd4515e9-84f2-4741-b1f5-a9247145a2ac:c5067, 2e3e112c-ad01-4834-a07e-d6d8a7947632:c5063, dfee02f7-0d20-4e08-8ecd-ebe087394a07:c5063]
2019-07-08 20:09:51,567 INFO  client.GrpcClientProtocolClient (GrpcClientProtocolClient.java:onNext(255)) - client-83AFC0B42279->fd4515e9-84f2-4741-b1f5-a9247145a2ac: receive RaftClientReply:client-83AFC0B42279->fd4515e9-84f2-4741-b1f5-a9247145a2ac@group-E2152A48AE85, cid=3373, SUCCESS, logIndex=5066, commits[fd4515e9-84f2-4741-b1f5-a9247145a2ac:c5067, 2e3e112c-ad01-4834-a07e-d6d8a7947632:c5063, dfee02f7-0d20-4e08-8ecd-ebe087394a07:c5063]
2019-07-08 20:09:51,567 INFO  client.GrpcClientProtocolClient (GrpcClientProtocolClient.java:onNext(255)) - client-83AFC0B42279->fd4515e9-84f2-4741-b1f5-a9247145a2ac: receive RaftClientReply:client-83AFC0B42279->fd4515e9-84f2-4741-b1f5-a9247145a2ac@group-E2152A48AE85, cid=3374, SUCCESS, logIndex=5067, commits[fd4515e9-84f2-4741-b1f5-a9247145a2ac:c5067, 2e3e112c-ad01-4834-a07e-d6d8a7947632:c5063, dfee02f7-0d20-4e08-8ecd-ebe087394a07:c5063]
2019-07-08 20:09:51,570 INFO  client.GrpcClientProtocolClient (GrpcClientProtocolClient.java:onNext(255)) - client-83AFC0B42279->fd4515e9-84f2-4741-b1f5-a9247145a2ac: receive RaftClientReply:client-83AFC0B42279->fd4515e9-84f2-4741-b1f5-a9247145a2ac@group-E2152A48AE85, cid=3375, SUCCESS, logIndex=0, commits[fd4515e9-84f2-4741-b1f5-a9247145a2ac:c5069, 2e3e112c-ad01-4834-a07e-d6d8a7947632:c5065, dfee02f7-0d20-4e08-8ecd-ebe087394a07:c5065]
2019-07-08 20:09:51,590 INFO  client.GrpcClientProtocolClient (GrpcClientProtocolClient.java:onNext(255)) - client-83AFC0B42279->fd4515e9-84f2-4741-b1f5-a9247145a2ac: receive RaftClientReply:client-83AFC0B42279->fd4515e9-84f2-4741-b1f5-a9247145a2ac@group-E2152A48AE85, cid=3376, SUCCESS, logIndex=5072, commits[fd4515e9-84f2-4741-b1f5-a9247145a2ac:c5073, 2e3e112c-ad01-4834-a07e-d6d8a7947632:c5071, dfee02f7-0d20-4e08-8ecd-ebe087394a07:c5071]
2019-07-08 20:09:51,591 INFO  client.GrpcClientProtocolClient (GrpcClientProtocolClient.java:onNext(255)) - client-83AFC0B42279->fd4515e9-84f2-4741-b1f5-a9247145a2ac: receive RaftClientReply:client-83AFC0B42279->fd4515e9-84f2-4741-b1f5-a9247145a2ac@group-E2152A48AE85, cid=3377, SUCCESS, logIndex=5073, commits[fd4515e9-84f2-4741-b1f5-a9247145a2ac:c5073, 2e3e112c-ad01-4834-a07e-d6d8a7947632:c5071, dfee02f7-0d20-4e08-8ecd-ebe087394a07:c5071]
2019-07-08 20:09:51,604 INFO  client.GrpcClientProtocolClient (GrpcClientProtocolClient.java:onNext(255)) - client-83AFC0B42279->fd4515e9-84f2-4741-b1f5-a9247145a2ac: receive RaftClientReply:client-83AFC0B42279->fd4515e9-84f2-4741-b1f5-a9247145a2ac@group-E2152A48AE85, cid=3378, SUCCESS, logIndex=5076, commits[fd4515e9-84f2-4741-b1f5-a9247145a2ac:c5077, 2e3e112c-ad01-4834-a07e-d6d8a7947632:c5073, dfee02f7-0d20-4e08-8ecd-ebe087394a07:c5073]
2019-07-08 20:09:51,604 INFO  client.GrpcClientProtocolClient (GrpcClientProtocolClient.java:onNext(255)) - client-83AFC0B42279->fd4515e9-84f2-4741-b1f5-a9247145a2ac: receive RaftClientReply:client-83AFC0B42279->fd4515e9-84f2-4741-b1f5-a9247145a2ac@group-E2152A48AE85, cid=3379, SUCCESS, logIndex=5077, commits[fd4515e9-84f2-4741-b1f5-a9247145a2ac:c5077, 2e3e112c-ad01-4834-a07e-d6d8a7947632:c5073, dfee02f7-0d20-4e08-8ecd-ebe087394a07:c5073]
2019-07-08 20:09:51,617 INFO  client.GrpcClientProtocolClient (GrpcClientProtocolClient.java:onNext(255)) - client-83AFC0B42279->fd4515e9-84f2-4741-b1f5-a9247145a2ac: receive RaftClientReply:client-83AFC0B42279->fd4515e9-84f2-4741-b1f5-a9247145a2ac@group-E2152A48AE85, cid=3380, SUCCESS, logIndex=0, commits[fd4515e9-84f2-4741-b1f5-a9247145a2ac:c5079, 2e3e112c-ad01-4834-a07e-d6d8a7947632:c5077, dfee02f7-0d20-4e08-8ecd-ebe087394a07:c5077]
2019-07-08 20:09:51,652 INFO  client.GrpcClientProtocolClient (GrpcClientProtocolClient.java:onNext(255)) - client-83AFC0B42279->fd4515e9-84f2-4741-b1f5-a9247145a2ac: receive RaftClientReply:client-83AFC0B42279->fd4515e9-84f2-4741-b1f5-a9247145a2ac@group-E2152A48AE85, cid=3381, SUCCESS, logIndex=5080, commits[fd4515e9-84f2-4741-b1f5-a9247145a2ac:c5081, 2e3e112c-ad01-4834-a07e-d6d8a7947632:c5079, dfee02f7-0d20-4e08-8ecd-ebe087394a07:c5079]
2019-07-08 20:09:51,653 INFO  client.GrpcClientProtocolClient (GrpcClientProtocolClient.java:onNext(255)) - client-83AFC0B42279->fd4515e9-84f2-4741-b1f5-a9247145a2ac: receive RaftClientReply:client-83AFC0B42279->fd4515e9-84f2-4741-b1f5-a9247145a2ac@group-E2152A48AE85, cid=3382, SUCCESS, logIndex=5081, commits[fd4515e9-84f2-4741-b1f5-a9247145a2ac:c5081, 2e3e112c-ad01-4834-a07e-d6d8a7947632:c5079, dfee02f7-0d20-4e08-8ecd-ebe087394a07:c5079]
2019-07-08 20:09:51,653 INFO  client.GrpcClientProtocolClient (GrpcClientProtocolClient.java:onNext(255)) - client-83AFC0B42279->fd4515e9-84f2-4741-b1f5-a9247145a2ac: receive RaftClientReply:client-83AFC0B42279->fd4515e9-84f2-4741-b1f5-a9247145a2ac@group-E2152A48AE85, cid=3383, SUCCESS, logIndex=5082, commits[fd4515e9-84f2-4741-b1f5-a9247145a2ac:c5083, 2e3e112c-ad01-4834-a07e-d6d8a7947632:c5079, dfee02f7-0d20-4e08-8ecd-ebe087394a07:c5079]
2019-07-08 20:09:51,654 INFO  client.GrpcClientProtocolClient (GrpcClientProtocolClient.java:onNext(255)) - client-83AFC0B42279->fd4515e9-84f2-4741-b1f5-a9247145a2ac: receive RaftClientReply:client-83AFC0B42279->fd4515e9-84f2-4741-b1f5-a9247145a2ac@group-E2152A48AE85, cid=3384, SUCCESS, logIndex=5083, commits[fd4515e9-84f2-4741-b1f5-a9247145a2ac:c5083, 2e3e112c-ad01-4834-a07e-d6d8a7947632:c5079, dfee02f7-0d20-4e08-8ecd-ebe087394a07:c5079]
2019-07-08 20:09:51,655 INFO  client.GrpcClientProtocolClient (GrpcClientProtocolClient.java:onNext(255)) - client-83AFC0B42279->fd4515e9-84f2-4741-b1f5-a9247145a2ac: receive RaftClientReply:client-83AFC0B42279->fd4515e9-84f2-4741-b1f5-a9247145a2ac@group-E2152A48AE85, cid=3385, SUCCESS, logIndex=0, commits[fd4515e9-84f2-4741-b1f5-a9247145a2ac:c5087, 2e3e112c-ad01-4834-a07e-d6d8a7947632:c5081, dfee02f7-0d20-4e08-8ecd-ebe087394a07:c5083]
2019-07-08 20:09:51,677 INFO  client.GrpcClientProtocolClient (GrpcClientProtocolClient.java:onNext(255)) - client-83AFC0B42279->fd4515e9-84f2-4741-b1f5-a9247145a2ac: receive RaftClientReply:client-83AFC0B42279->fd4515e9-84f2-4741-b1f5-a9247145a2ac@group-E2152A48AE85, cid=3386, SUCCESS, logIndex=5088, commits[fd4515e9-84f2-4741-b1f5-a9247145a2ac:c5089, 2e3e112c-ad01-4834-a07e-d6d8a7947632:c5087, dfee02f7-0d20-4e08-8ecd-ebe087394a07:c5087]
2019-07-08 20:09:51,677 INFO  client.GrpcClientProtocolClient (GrpcClientProtocolClient.java:onNext(255)) - client-83AFC0B42279->fd4515e9-84f2-4741-b1f5-a9247145a2ac: receive RaftClientReply:client-83AFC0B42279->fd4515e9-84f2-4741-b1f5-a9247145a2ac@group-E2152A48AE85, cid=3387, SUCCESS, logIndex=5089, commits[fd4515e9-84f2-4741-b1f5-a9247145a2ac:c5089, 2e3e112c-ad01-4834-a07e-d6d8a7947632:c5087, dfee02f7-0d20-4e08-8ecd-ebe087394a07:c5087]
2019-07-08 20:09:51,690 INFO  client.GrpcClientProtocolClient (GrpcClientProtocolClient.java:onNext(255)) - client-83AFC0B42279->fd4515e9-84f2-4741-b1f5-a9247145a2ac: receive RaftClientReply:client-83AFC0B42279->fd4515e9-84f2-4741-b1f5-a9247145a2ac@group-E2152A48AE85, cid=3388, SUCCESS, logIndex=5091, commits[fd4515e9-84f2-4741-b1f5-a9247145a2ac:c5092, 2e3e112c-ad01-4834-a07e-d6d8a7947632:c5089, dfee02f7-0d20-4e08-8ecd-ebe087394a07:c5089]
2019-07-08 20:09:51,690 INFO  client.GrpcClientProtocolClient (GrpcClientProtocolClient.java:onNext(255)) - client-83AFC0B42279->fd4515e9-84f2-4741-b1f5-a9247145a2ac: receive RaftClientReply:client-83AFC0B42279->fd4515e9-84f2-4741-b1f5-a9247145a2ac@group-E2152A48AE85, cid=3389, SUCCESS, logIndex=5092, commits[fd4515e9-84f2-4741-b1f5-a9247145a2ac:c5092, 2e3e112c-ad01-4834-a07e-d6d8a7947632:c5089, dfee02f7-0d20-4e08-8ecd-ebe087394a07:c5089]
2019-07-08 20:09:51,703 INFO  client.GrpcClientProtocolClient (GrpcClientProtocolClient.java:onNext(255)) - client-83AFC0B42279->fd4515e9-84f2-4741-b1f5-a9247145a2ac: receive RaftClientReply:client-83AFC0B42279->fd4515e9-84f2-4741-b1f5-a9247145a2ac@group-E2152A48AE85, cid=3390, SUCCESS, logIndex=0, commits[fd4515e9-84f2-4741-b1f5-a9247145a2ac:c5094, 2e3e112c-ad01-4834-a07e-d6d8a7947632:c5092, dfee02f7-0d20-4e08-8ecd-ebe087394a07:c5092]
2019-07-08 20:09:51,732 INFO  client.GrpcClientProtocolClient (GrpcClientProtocolClient.java:onNext(255)) - client-83AFC0B42279->fd4515e9-84f2-4741-b1f5-a9247145a2ac: receive RaftClientReply:client-83AFC0B42279->fd4515e9-84f2-4741-b1f5-a9247145a2ac@group-E2152A48AE85, cid=3391, SUCCESS, logIndex=5095, commits[fd4515e9-84f2-4741-b1f5-a9247145a2ac:c5096, 2e3e112c-ad01-4834-a07e-d6d8a7947632:c5094, dfee02f7-0d20-4e08-8ecd-ebe087394a07:c5094]
2019-07-08 20:09:51,733 INFO  client.GrpcClientProtocolClient (GrpcClientProtocolClient.java:onNext(255)) - client-83AFC0B42279->fd4515e9-84f2-4741-b1f5-a9247145a2ac: receive RaftClientReply:client-83AFC0B42279->fd4515e9-84f2-4741-b1f5-a9247145a2ac@group-E2152A48AE85, cid=3392, SUCCESS, logIndex=5096, commits[fd4515e9-84f2-4741-b1f5-a9247145a2ac:c5098, 2e3e112c-ad01-4834-a07e-d6d8a7947632:c5094, dfee02f7-0d20-4e08-8ecd-ebe087394a07:c5094]
2019-07-08 20:09:51,734 INFO  client.GrpcClientProtocolClient (GrpcClientProtocolClient.java:onNext(255)) - client-83AFC0B42279->fd4515e9-84f2-4741-b1f5-a9247145a2ac: receive RaftClientReply:client-83AFC0B42279->fd4515e9-84f2-4741-b1f5-a9247145a2ac@group-E2152A48AE85, cid=3393, SUCCESS, logIndex=5097, commits[fd4515e9-84f2-4741-b1f5-a9247145a2ac:c5098, 2e3e112c-ad01-4834-a07e-d6d8a7947632:c5094, dfee02f7-0d20-4e08-8ecd-ebe087394a07:c5094]
2019-07-08 20:09:51,734 INFO  client.GrpcClientProtocolClient (GrpcClientProtocolClient.java:onNext(255)) - client-83AFC0B42279->fd4515e9-84f2-4741-b1f5-a9247145a2ac: receive RaftClientReply:client-83AFC0B42279->fd4515e9-84f2-4741-b1f5-a9247145a2ac@group-E2152A48AE85, cid=3394, SUCCESS, logIndex=5098, commits[fd4515e9-84f2-4741-b1f5-a9247145a2ac:c5098, 2e3e112c-ad01-4834-a07e-d6d8a7947632:c5094, dfee02f7-0d20-4e08-8ecd-ebe087394a07:c5094]
2019-07-08 20:09:51,735 INFO  client.GrpcClientProtocolClient (GrpcClientProtocolClient.java:onNext(255)) - client-83AFC0B42279->fd4515e9-84f2-4741-b1f5-a9247145a2ac: receive RaftClientReply:client-83AFC0B42279->fd4515e9-84f2-4741-b1f5-a9247145a2ac@group-E2152A48AE85, cid=3395, SUCCESS, logIndex=0, commits[fd4515e9-84f2-4741-b1f5-a9247145a2ac:c5101, 2e3e112c-ad01-4834-a07e-d6d8a7947632:c5096, dfee02f7-0d20-4e08-8ecd-ebe087394a07:c5097]
2019-07-08 20:09:51,754 INFO  client.GrpcClientProtocolClient (GrpcClientProtocolClient.java:onNext(255)) - client-83AFC0B42279->fd4515e9-84f2-4741-b1f5-a9247145a2ac: receive RaftClientReply:client-83AFC0B42279->fd4515e9-84f2-4741-b1f5-a9247145a2ac@group-E2152A48AE85, cid=3396, SUCCESS, logIndex=5103, commits[fd4515e9-84f2-4741-b1f5-a9247145a2ac:c5104, 2e3e112c-ad01-4834-a07e-d6d8a7947632:c5102, dfee02f7-0d20-4e08-8ecd-ebe087394a07:c5102]
2019-07-08 20:09:51,755 INFO  client.GrpcClientProtocolClient (GrpcClientProtocolClient.java:onNext(255)) - client-83AFC0B42279->fd4515e9-84f2-4741-b1f5-a9247145a2ac: receive RaftClientReply:client-83AFC0B42279->fd4515e9-84f2-4741-b1f5-a9247145a2ac@group-E2152A48AE85, cid=3397, SUCCESS, logIndex=5104, commits[fd4515e9-84f2-4741-b1f5-a9247145a2ac:c5104, 2e3e112c-ad01-4834-a07e-d6d8a7947632:c5102, dfee02f7-0d20-4e08-8ecd-ebe087394a07:c5102]
2019-07-08 20:09:51,768 INFO  client.GrpcClientProtocolClient (GrpcClientProtocolClient.java:onNext(255)) - client-83AFC0B42279->fd4515e9-84f2-4741-b1f5-a9247145a2ac: receive RaftClientReply:client-83AFC0B42279->fd4515e9-84f2-4741-b1f5-a9247145a2ac@group-E2152A48AE85, cid=3398, SUCCESS, logIndex=5107, commits[fd4515e9-84f2-4741-b1f5-a9247145a2ac:c5108, 2e3e112c-ad01-4834-a07e-d6d8a7947632:c5104, dfee02f7-0d20-4e08-8ecd-ebe087394a07:c5104]
2019-07-08 20:09:51,769 INFO  client.GrpcClientProtocolClient (GrpcClientProtocolClient.java:onNext(255)) - client-83AFC0B42279->fd4515e9-84f2-4741-b1f5-a9247145a2ac: receive RaftClientReply:client-83AFC0B42279->fd4515e9-84f2-4741-b1f5-a9247145a2ac@group-E2152A48AE85, cid=3399, SUCCESS, logIndex=5108, commits[fd4515e9-84f2-4741-b1f5-a9247145a2ac:c5108, 2e3e112c-ad01-4834-a07e-d6d8a7947632:c5104, dfee02f7-0d20-4e08-8ecd-ebe087394a07:c5104]
2019-07-08 20:09:51,780 INFO  client.GrpcClientProtocolClient (GrpcClientProtocolClient.java:onNext(255)) - client-83AFC0B42279->fd4515e9-84f2-4741-b1f5-a9247145a2ac: receive RaftClientReply:client-83AFC0B42279->fd4515e9-84f2-4741-b1f5-a9247145a2ac@group-E2152A48AE85, cid=3400, SUCCESS, logIndex=0, commits[fd4515e9-84f2-4741-b1f5-a9247145a2ac:c5109, 2e3e112c-ad01-4834-a07e-d6d8a7947632:c5108, dfee02f7-0d20-4e08-8ecd-ebe087394a07:c5108]
2019-07-08 20:09:51,820 INFO  client.GrpcClientProtocolClient (GrpcClientProtocolClient.java:onNext(255)) - client-83AFC0B42279->fd4515e9-84f2-4741-b1f5-a9247145a2ac: receive RaftClientReply:client-83AFC0B42279->fd4515e9-84f2-4741-b1f5-a9247145a2ac@group-E2152A48AE85, cid=3401, SUCCESS, logIndex=5111, commits[fd4515e9-84f2-4741-b1f5-a9247145a2ac:c5114, 2e3e112c-ad01-4834-a07e-d6d8a7947632:c5108, dfee02f7-0d20-4e08-8ecd-ebe087394a07:c5110]
2019-07-08 20:09:51,821 INFO  client.GrpcClientProtocolClient (GrpcClientProtocolClient.java:onNext(255)) - client-83AFC0B42279->fd4515e9-84f2-4741-b1f5-a9247145a2ac: receive RaftClientReply:client-83AFC0B42279->fd4515e9-84f2-4741-b1f5-a9247145a2ac@group-E2152A48AE85, cid=3402, SUCCESS, logIndex=5112, commits[fd4515e9-84f2-4741-b1f5-a9247145a2ac:c5114, 2e3e112c-ad01-4834-a07e-d6d8a7947632:c5110, dfee02f7-0d20-4e08-8ecd-ebe087394a07:c5110]
2019-07-08 20:09:51,821 INFO  client.GrpcClientProtocolClient (GrpcClientProtocolClient.java:onNext(255)) - client-83AFC0B42279->fd4515e9-84f2-4741-b1f5-a9247145a2ac: receive RaftClientReply:client-83AFC0B42279->fd4515e9-84f2-4741-b1f5-a9247145a2ac@group-E2152A48AE85, cid=3403, SUCCESS, logIndex=5113, commits[fd4515e9-84f2-4741-b1f5-a9247145a2ac:c5114, 2e3e112c-ad01-4834-a07e-d6d8a7947632:c5110, dfee02f7-0d20-4e08-8ecd-ebe087394a07:c5110]
2019-07-08 20:09:51,821 INFO  client.GrpcClientProtocolClient (GrpcClientProtocolClient.java:onNext(255)) - client-83AFC0B42279->fd4515e9-84f2-4741-b1f5-a9247145a2ac: receive RaftClientReply:client-83AFC0B42279->fd4515e9-84f2-4741-b1f5-a9247145a2ac@group-E2152A48AE85, cid=3404, SUCCESS, logIndex=5114, commits[fd4515e9-84f2-4741-b1f5-a9247145a2ac:c5114, 2e3e112c-ad01-4834-a07e-d6d8a7947632:c5110, dfee02f7-0d20-4e08-8ecd-ebe087394a07:c5112]
2019-07-08 20:09:51,823 INFO  client.GrpcClientProtocolClient (GrpcClientProtocolClient.java:onNext(255)) - client-83AFC0B42279->fd4515e9-84f2-4741-b1f5-a9247145a2ac: receive RaftClientReply:client-83AFC0B42279->fd4515e9-84f2-4741-b1f5-a9247145a2ac@group-E2152A48AE85, cid=3405, SUCCESS, logIndex=0, commits[fd4515e9-84f2-4741-b1f5-a9247145a2ac:c5115, 2e3e112c-ad01-4834-a07e-d6d8a7947632:c5112, dfee02f7-0d20-4e08-8ecd-ebe087394a07:c5112]
2019-07-08 20:09:51,844 INFO  client.GrpcClientProtocolClient (GrpcClientProtocolClient.java:onNext(255)) - client-83AFC0B42279->fd4515e9-84f2-4741-b1f5-a9247145a2ac: receive RaftClientReply:client-83AFC0B42279->fd4515e9-84f2-4741-b1f5-a9247145a2ac@group-E2152A48AE85, cid=3406, SUCCESS, logIndex=5119, commits[fd4515e9-84f2-4741-b1f5-a9247145a2ac:c5120, 2e3e112c-ad01-4834-a07e-d6d8a7947632:c5118, dfee02f7-0d20-4e08-8ecd-ebe087394a07:c5118]
2019-07-08 20:09:51,844 INFO  client.GrpcClientProtocolClient (GrpcClientProtocolClient.java:onNext(255)) - client-83AFC0B42279->fd4515e9-84f2-4741-b1f5-a9247145a2ac: receive RaftClientReply:client-83AFC0B42279->fd4515e9-84f2-4741-b1f5-a9247145a2ac@group-E2152A48AE85, cid=3407, SUCCESS, logIndex=5120, commits[fd4515e9-84f2-4741-b1f5-a9247145a2ac:c5120, 2e3e112c-ad01-4834-a07e-d6d8a7947632:c5118, dfee02f7-0d20-4e08-8ecd-ebe087394a07:c5118]
2019-07-08 20:09:51,858 INFO  client.GrpcClientProtocolClient (GrpcClientProtocolClient.java:onNext(255)) - client-83AFC0B42279->fd4515e9-84f2-4741-b1f5-a9247145a2ac: receive RaftClientReply:client-83AFC0B42279->fd4515e9-84f2-4741-b1f5-a9247145a2ac@group-E2152A48AE85, cid=3408, SUCCESS, logIndex=5123, commits[fd4515e9-84f2-4741-b1f5-a9247145a2ac:c5124, 2e3e112c-ad01-4834-a07e-d6d8a7947632:c5120, dfee02f7-0d20-4e08-8ecd-ebe087394a07:c5120]
2019-07-08 20:09:51,858 INFO  client.GrpcClientProtocolClient (GrpcClientProtocolClient.java:onNext(255)) - client-83AFC0B42279->fd4515e9-84f2-4741-b1f5-a9247145a2ac: receive RaftClientReply:client-83AFC0B42279->fd4515e9-84f2-4741-b1f5-a9247145a2ac@group-E2152A48AE85, cid=3409, SUCCESS, logIndex=5124, commits[fd4515e9-84f2-4741-b1f5-a9247145a2ac:c5124, 2e3e112c-ad01-4834-a07e-d6d8a7947632:c5120, dfee02f7-0d20-4e08-8ecd-ebe087394a07:c5120]
2019-07-08 20:09:51,871 INFO  client.GrpcClientProtocolClient (GrpcClientProtocolClient.java:onNext(255)) - client-83AFC0B42279->fd4515e9-84f2-4741-b1f5-a9247145a2ac: receive RaftClientReply:client-83AFC0B42279->fd4515e9-84f2-4741-b1f5-a9247145a2ac@group-E2152A48AE85, cid=3410, SUCCESS, logIndex=0, commits[fd4515e9-84f2-4741-b1f5-a9247145a2ac:c5126, 2e3e112c-ad01-4834-a07e-d6d8a7947632:c5124, dfee02f7-0d20-4e08-8ecd-ebe087394a07:c5124]
2019-07-08 20:09:51,905 INFO  client.GrpcClientProtocolClient (GrpcClientProtocolClient.java:onNext(255)) - client-83AFC0B42279->fd4515e9-84f2-4741-b1f5-a9247145a2ac: receive RaftClientReply:client-83AFC0B42279->fd4515e9-84f2-4741-b1f5-a9247145a2ac@group-E2152A48AE85, cid=3411, SUCCESS, logIndex=5127, commits[fd4515e9-84f2-4741-b1f5-a9247145a2ac:c5128, 2e3e112c-ad01-4834-a07e-d6d8a7947632:c5126, dfee02f7-0d20-4e08-8ecd-ebe087394a07:c5126]
2019-07-08 20:09:51,905 INFO  client.GrpcClientProtocolClient (GrpcClientProtocolClient.java:onNext(255)) - client-83AFC0B42279->fd4515e9-84f2-4741-b1f5-a9247145a2ac: receive RaftClientReply:client-83AFC0B42279->fd4515e9-84f2-4741-b1f5-a9247145a2ac@group-E2152A48AE85, cid=3412, SUCCESS, logIndex=5128, commits[fd4515e9-84f2-4741-b1f5-a9247145a2ac:c5128, 2e3e112c-ad01-4834-a07e-d6d8a7947632:c5126, dfee02f7-0d20-4e08-8ecd-ebe087394a07:c5126]
2019-07-08 20:09:51,906 INFO  client.GrpcClientProtocolClient (GrpcClientProtocolClient.java:onNext(255)) - client-83AFC0B42279->fd4515e9-84f2-4741-b1f5-a9247145a2ac: receive RaftClientReply:client-83AFC0B42279->fd4515e9-84f2-4741-b1f5-a9247145a2ac@group-E2152A48AE85, cid=3413, SUCCESS, logIndex=5129, commits[fd4515e9-84f2-4741-b1f5-a9247145a2ac:c5129, 2e3e112c-ad01-4834-a07e-d6d8a7947632:c5126, dfee02f7-0d20-4e08-8ecd-ebe087394a07:c5126]
2019-07-08 20:09:51,906 INFO  client.GrpcClientProtocolClient (GrpcClientProtocolClient.java:onNext(255)) - client-83AFC0B42279->fd4515e9-84f2-4741-b1f5-a9247145a2ac: receive RaftClientReply:client-83AFC0B42279->fd4515e9-84f2-4741-b1f5-a9247145a2ac@group-E2152A48AE85, cid=3414, SUCCESS, logIndex=5130, commits[fd4515e9-84f2-4741-b1f5-a9247145a2ac:c5130, 2e3e112c-ad01-4834-a07e-d6d8a7947632:c5126, dfee02f7-0d20-4e08-8ecd-ebe087394a07:c5126]
2019-07-08 20:09:51,919 INFO  client.GrpcClientProtocolClient (GrpcClientProtocolClient.java:onNext(255)) - client-83AFC0B42279->fd4515e9-84f2-4741-b1f5-a9247145a2ac: receive RaftClientReply:client-83AFC0B42279->fd4515e9-84f2-4741-b1f5-a9247145a2ac@group-E2152A48AE85, cid=3415, SUCCESS, logIndex=0, commits[fd4515e9-84f2-4741-b1f5-a9247145a2ac:c5132, 2e3e112c-ad01-4834-a07e-d6d8a7947632:c5128, dfee02f7-0d20-4e08-8ecd-ebe087394a07:c5128]
2019-07-08 20:09:51,938 INFO  client.GrpcClientProtocolClient (GrpcClientProtocolClient.java:onNext(255)) - client-83AFC0B42279->fd4515e9-84f2-4741-b1f5-a9247145a2ac: receive RaftClientReply:client-83AFC0B42279->fd4515e9-84f2-4741-b1f5-a9247145a2ac@group-E2152A48AE85, cid=3416, SUCCESS, logIndex=5135, commits[fd4515e9-84f2-4741-b1f5-a9247145a2ac:c5136, 2e3e112c-ad01-4834-a07e-d6d8a7947632:c5134, dfee02f7-0d20-4e08-8ecd-ebe087394a07:c5134]
2019-07-08 20:09:51,939 INFO  client.GrpcClientProtocolClient (GrpcClientProtocolClient.java:onNext(255)) - client-83AFC0B42279->fd4515e9-84f2-4741-b1f5-a9247145a2ac: receive RaftClientReply:client-83AFC0B42279->fd4515e9-84f2-4741-b1f5-a9247145a2ac@group-E2152A48AE85, cid=3417, SUCCESS, logIndex=5136, commits[fd4515e9-84f2-4741-b1f5-a9247145a2ac:c5136, 2e3e112c-ad01-4834-a07e-d6d8a7947632:c5134, dfee02f7-0d20-4e08-8ecd-ebe087394a07:c5134]
2019-07-08 20:09:51,952 INFO  client.GrpcClientProtocolClient (GrpcClientProtocolClient.java:onNext(255)) - client-83AFC0B42279->fd4515e9-84f2-4741-b1f5-a9247145a2ac: receive RaftClientReply:client-83AFC0B42279->fd4515e9-84f2-4741-b1f5-a9247145a2ac@group-E2152A48AE85, cid=3418, SUCCESS, logIndex=5139, commits[fd4515e9-84f2-4741-b1f5-a9247145a2ac:c5140, 2e3e112c-ad01-4834-a07e-d6d8a7947632:c5136, dfee02f7-0d20-4e08-8ecd-ebe087394a07:c5136]
2019-07-08 20:09:51,952 INFO  client.GrpcClientProtocolClient (GrpcClientProtocolClient.java:onNext(255)) - client-83AFC0B42279->fd4515e9-84f2-4741-b1f5-a9247145a2ac: receive RaftClientReply:client-83AFC0B42279->fd4515e9-84f2-4741-b1f5-a9247145a2ac@group-E2152A48AE85, cid=3419, SUCCESS, logIndex=5140, commits[fd4515e9-84f2-4741-b1f5-a9247145a2ac:c5140, 2e3e112c-ad01-4834-a07e-d6d8a7947632:c5136, dfee02f7-0d20-4e08-8ecd-ebe087394a07:c5136]
2019-07-08 20:09:51,963 INFO  client.GrpcClientProtocolClient (GrpcClientProtocolClient.java:onNext(255)) - client-83AFC0B42279->fd4515e9-84f2-4741-b1f5-a9247145a2ac: receive RaftClientReply:client-83AFC0B42279->fd4515e9-84f2-4741-b1f5-a9247145a2ac@group-E2152A48AE85, cid=3420, SUCCESS, logIndex=0, commits[fd4515e9-84f2-4741-b1f5-a9247145a2ac:c5141, 2e3e112c-ad01-4834-a07e-d6d8a7947632:c5140, dfee02f7-0d20-4e08-8ecd-ebe087394a07:c5140]
2019-07-08 20:09:51,992 INFO  client.GrpcClientProtocolClient (GrpcClientProtocolClient.java:onNext(255)) - client-83AFC0B42279->fd4515e9-84f2-4741-b1f5-a9247145a2ac: receive RaftClientReply:client-83AFC0B42279->fd4515e9-84f2-4741-b1f5-a9247145a2ac@group-E2152A48AE85, cid=3421, SUCCESS, logIndex=5143, commits[fd4515e9-84f2-4741-b1f5-a9247145a2ac:c5144, 2e3e112c-ad01-4834-a07e-d6d8a7947632:c5142, dfee02f7-0d20-4e08-8ecd-ebe087394a07:c5142]
2019-07-08 20:09:51,993 INFO  client.GrpcClientProtocolClient (GrpcClientProtocolClient.java:onNext(255)) - client-83AFC0B42279->fd4515e9-84f2-4741-b1f5-a9247145a2ac: receive RaftClientReply:client-83AFC0B42279->fd4515e9-84f2-4741-b1f5-a9247145a2ac@group-E2152A48AE85, cid=3422, SUCCESS, logIndex=5144, commits[fd4515e9-84f2-4741-b1f5-a9247145a2ac:c5144, 2e3e112c-ad01-4834-a07e-d6d8a7947632:c5142, dfee02f7-0d20-4e08-8ecd-ebe087394a07:c5142]
2019-07-08 20:09:51,993 INFO  client.GrpcClientProtocolClient (GrpcClientProtocolClient.java:onNext(255)) - client-83AFC0B42279->fd4515e9-84f2-4741-b1f5-a9247145a2ac: receive RaftClientReply:client-83AFC0B42279->fd4515e9-84f2-4741-b1f5-a9247145a2ac@group-E2152A48AE85, cid=3423, SUCCESS, logIndex=5145, commits[fd4515e9-84f2-4741-b1f5-a9247145a2ac:c5145, 2e3e112c-ad01-4834-a07e-d6d8a7947632:c5142, dfee02f7-0d20-4e08-8ecd-ebe087394a07:c5142]
2019-07-08 20:09:51,993 INFO  client.GrpcClientProtocolClient (GrpcClientProtocolClient.java:onNext(255)) - client-83AFC0B42279->fd4515e9-84f2-4741-b1f5-a9247145a2ac: receive RaftClientReply:client-83AFC0B42279->fd4515e9-84f2-4741-b1f5-a9247145a2ac@group-E2152A48AE85, cid=3424, SUCCESS, logIndex=5146, commits[fd4515e9-84f2-4741-b1f5-a9247145a2ac:c5146, 2e3e112c-ad01-4834-a07e-d6d8a7947632:c5142, dfee02f7-0d20-4e08-8ecd-ebe087394a07:c5142]
2019-07-08 20:09:51,994 INFO  client.GrpcClientProtocolClient (GrpcClientProtocolClient.java:onNext(255)) - client-83AFC0B42279->fd4515e9-84f2-4741-b1f5-a9247145a2ac: receive RaftClientReply:client-83AFC0B42279->fd4515e9-84f2-4741-b1f5-a9247145a2ac@group-E2152A48AE85, cid=3425, SUCCESS, logIndex=0, commits[fd4515e9-84f2-4741-b1f5-a9247145a2ac:c5148, 2e3e112c-ad01-4834-a07e-d6d8a7947632:c5144, dfee02f7-0d20-4e08-8ecd-ebe087394a07:c5144]
2019-07-08 20:09:52,014 INFO  client.GrpcClientProtocolClient (GrpcClientProtocolClient.java:onNext(255)) - client-83AFC0B42279->fd4515e9-84f2-4741-b1f5-a9247145a2ac: receive RaftClientReply:client-83AFC0B42279->fd4515e9-84f2-4741-b1f5-a9247145a2ac@group-E2152A48AE85, cid=3426, SUCCESS, logIndex=5151, commits[fd4515e9-84f2-4741-b1f5-a9247145a2ac:c5151, 2e3e112c-ad01-4834-a07e-d6d8a7947632:c5150, dfee02f7-0d20-4e08-8ecd-ebe087394a07:c5150]
2019-07-08 20:09:52,014 INFO  client.GrpcClientProtocolClient (GrpcClientProtocolClient.java:onNext(255)) - client-83AFC0B42279->fd4515e9-84f2-4741-b1f5-a9247145a2ac: receive RaftClientReply:client-83AFC0B42279->fd4515e9-84f2-4741-b1f5-a9247145a2ac@group-E2152A48AE85, cid=3427, SUCCESS, logIndex=5152, commits[fd4515e9-84f2-4741-b1f5-a9247145a2ac:c5152, 2e3e112c-ad01-4834-a07e-d6d8a7947632:c5150, dfee02f7-0d20-4e08-8ecd-ebe087394a07:c5150]
2019-07-08 20:09:52,028 INFO  client.GrpcClientProtocolClient (GrpcClientProtocolClient.java:onNext(255)) - client-83AFC0B42279->fd4515e9-84f2-4741-b1f5-a9247145a2ac: receive RaftClientReply:client-83AFC0B42279->fd4515e9-84f2-4741-b1f5-a9247145a2ac@group-E2152A48AE85, cid=3428, SUCCESS, logIndex=5155, commits[fd4515e9-84f2-4741-b1f5-a9247145a2ac:c5155, 2e3e112c-ad01-4834-a07e-d6d8a7947632:c5152, dfee02f7-0d20-4e08-8ecd-ebe087394a07:c5152]
2019-07-08 20:09:52,028 INFO  client.GrpcClientProtocolClient (GrpcClientProtocolClient.java:onNext(255)) - client-83AFC0B42279->fd4515e9-84f2-4741-b1f5-a9247145a2ac: receive RaftClientReply:client-83AFC0B42279->fd4515e9-84f2-4741-b1f5-a9247145a2ac@group-E2152A48AE85, cid=3429, SUCCESS, logIndex=5156, commits[fd4515e9-84f2-4741-b1f5-a9247145a2ac:c5156, 2e3e112c-ad01-4834-a07e-d6d8a7947632:c5152, dfee02f7-0d20-4e08-8ecd-ebe087394a07:c5152]
2019-07-08 20:09:52,031 INFO  client.GrpcClientProtocolClient (GrpcClientProtocolClient.java:onNext(255)) - client-83AFC0B42279->fd4515e9-84f2-4741-b1f5-a9247145a2ac: receive RaftClientReply:client-83AFC0B42279->fd4515e9-84f2-4741-b1f5-a9247145a2ac@group-E2152A48AE85, cid=3430, SUCCESS, logIndex=0, commits[fd4515e9-84f2-4741-b1f5-a9247145a2ac:c5158, 2e3e112c-ad01-4834-a07e-d6d8a7947632:c5156, dfee02f7-0d20-4e08-8ecd-ebe087394a07:c5156]
2019-07-08 20:09:52,079 INFO  client.GrpcClientProtocolClient (GrpcClientProtocolClient.java:onNext(255)) - client-83AFC0B42279->fd4515e9-84f2-4741-b1f5-a9247145a2ac: receive RaftClientReply:client-83AFC0B42279->fd4515e9-84f2-4741-b1f5-a9247145a2ac@group-E2152A48AE85, cid=3431, SUCCESS, logIndex=5159, commits[fd4515e9-84f2-4741-b1f5-a9247145a2ac:c5160, 2e3e112c-ad01-4834-a07e-d6d8a7947632:c5158, dfee02f7-0d20-4e08-8ecd-ebe087394a07:c5158]
2019-07-08 20:09:52,079 INFO  client.GrpcClientProtocolClient (GrpcClientProtocolClient.java:onNext(255)) - client-83AFC0B42279->fd4515e9-84f2-4741-b1f5-a9247145a2ac: receive RaftClientReply:client-83AFC0B42279->fd4515e9-84f2-4741-b1f5-a9247145a2ac@group-E2152A48AE85, cid=3432, SUCCESS, logIndex=5160, commits[fd4515e9-84f2-4741-b1f5-a9247145a2ac:c5160, 2e3e112c-ad01-4834-a07e-d6d8a7947632:c5158, dfee02f7-0d20-4e08-8ecd-ebe087394a07:c5158]
2019-07-08 20:09:52,094 INFO  client.GrpcClientProtocolClient (GrpcClientProtocolClient.java:onNext(255)) - client-83AFC0B42279->fd4515e9-84f2-4741-b1f5-a9247145a2ac: receive RaftClientReply:client-83AFC0B42279->fd4515e9-84f2-4741-b1f5-a9247145a2ac@group-E2152A48AE85, cid=3433, SUCCESS, logIndex=5161, commits[fd4515e9-84f2-4741-b1f5-a9247145a2ac:c5162, 2e3e112c-ad01-4834-a07e-d6d8a7947632:c5158, dfee02f7-0d20-4e08-8ecd-ebe087394a07:c5158]
2019-07-08 20:09:52,094 INFO  client.GrpcClientProtocolClient (GrpcClientProtocolClient.java:onNext(255)) - client-83AFC0B42279->fd4515e9-84f2-4741-b1f5-a9247145a2ac: receive RaftClientReply:client-83AFC0B42279->fd4515e9-84f2-4741-b1f5-a9247145a2ac@group-E2152A48AE85, cid=3434, SUCCESS, logIndex=5162, commits[fd4515e9-84f2-4741-b1f5-a9247145a2ac:c5162, 2e3e112c-ad01-4834-a07e-d6d8a7947632:c5158, dfee02f7-0d20-4e08-8ecd-ebe087394a07:c5158]
2019-07-08 20:09:52,095 INFO  client.GrpcClientProtocolClient (GrpcClientProtocolClient.java:onNext(255)) - client-83AFC0B42279->fd4515e9-84f2-4741-b1f5-a9247145a2ac: receive RaftClientReply:client-83AFC0B42279->fd4515e9-84f2-4741-b1f5-a9247145a2ac@group-E2152A48AE85, cid=3435, SUCCESS, logIndex=0, commits[fd4515e9-84f2-4741-b1f5-a9247145a2ac:c5164, 2e3e112c-ad01-4834-a07e-d6d8a7947632:c5160, dfee02f7-0d20-4e08-8ecd-ebe087394a07:c5160]
2019-07-08 20:09:52,108 INFO  client.GrpcClientProtocolClient (GrpcClientProtocolClient.java:onNext(255)) - client-83AFC0B42279->fd4515e9-84f2-4741-b1f5-a9247145a2ac: receive RaftClientReply:client-83AFC0B42279->fd4515e9-84f2-4741-b1f5-a9247145a2ac@group-E2152A48AE85, cid=3436, SUCCESS, logIndex=5167, commits[fd4515e9-84f2-4741-b1f5-a9247145a2ac:c5168, 2e3e112c-ad01-4834-a07e-d6d8a7947632:c5164, dfee02f7-0d20-4e08-8ecd-ebe087394a07:c5162]
2019-07-08 20:09:52,108 INFO  client.GrpcClientProtocolClient (GrpcClientProtocolClient.java:onNext(255)) - client-83AFC0B42279->fd4515e9-84f2-4741-b1f5-a9247145a2ac: receive RaftClientReply:client-83AFC0B42279->fd4515e9-84f2-4741-b1f5-a9247145a2ac@group-E2152A48AE85, cid=3437, SUCCESS, logIndex=5168, commits[fd4515e9-84f2-4741-b1f5-a9247145a2ac:c5168, 2e3e112c-ad01-4834-a07e-d6d8a7947632:c5164, dfee02f7-0d20-4e08-8ecd-ebe087394a07:c5164]
2019-07-08 20:09:52,133 INFO  client.GrpcClientProtocolClient (GrpcClientProtocolClient.java:onNext(255)) - client-83AFC0B42279->fd4515e9-84f2-4741-b1f5-a9247145a2ac: receive RaftClientReply:client-83AFC0B42279->fd4515e9-84f2-4741-b1f5-a9247145a2ac@group-E2152A48AE85, cid=3438, SUCCESS, logIndex=5171, commits[fd4515e9-84f2-4741-b1f5-a9247145a2ac:c5172, 2e3e112c-ad01-4834-a07e-d6d8a7947632:c5170, dfee02f7-0d20-4e08-8ecd-ebe087394a07:c5170]
2019-07-08 20:09:52,134 INFO  client.GrpcClientProtocolClient (GrpcClientProtocolClient.java:onNext(255)) - client-83AFC0B42279->fd4515e9-84f2-4741-b1f5-a9247145a2ac: receive RaftClientReply:client-83AFC0B42279->fd4515e9-84f2-4741-b1f5-a9247145a2ac@group-E2152A48AE85, cid=3439, SUCCESS, logIndex=5172, commits[fd4515e9-84f2-4741-b1f5-a9247145a2ac:c5172, 2e3e112c-ad01-4834-a07e-d6d8a7947632:c5170, dfee02f7-0d20-4e08-8ecd-ebe087394a07:c5170]
2019-07-08 20:09:52,145 INFO  client.GrpcClientProtocolClient (GrpcClientProtocolClient.java:onNext(255)) - client-83AFC0B42279->fd4515e9-84f2-4741-b1f5-a9247145a2ac: receive RaftClientReply:client-83AFC0B42279->fd4515e9-84f2-4741-b1f5-a9247145a2ac@group-E2152A48AE85, cid=3440, SUCCESS, logIndex=0, commits[fd4515e9-84f2-4741-b1f5-a9247145a2ac:c5172, 2e3e112c-ad01-4834-a07e-d6d8a7947632:c5172, dfee02f7-0d20-4e08-8ecd-ebe087394a07:c5172]
2019-07-08 20:09:52,298 INFO  client.GrpcClientProtocolClient (GrpcClientProtocolClient.java:onNext(255)) - client-83AFC0B42279->fd4515e9-84f2-4741-b1f5-a9247145a2ac: receive RaftClientReply:client-83AFC0B42279->fd4515e9-84f2-4741-b1f5-a9247145a2ac@group-E2152A48AE85, cid=3441, SUCCESS, logIndex=5175, commits[fd4515e9-84f2-4741-b1f5-a9247145a2ac:c5176, 2e3e112c-ad01-4834-a07e-d6d8a7947632:c5172, dfee02f7-0d20-4e08-8ecd-ebe087394a07:c5174]
2019-07-08 20:09:52,299 INFO  client.GrpcClientProtocolClient (GrpcClientProtocolClient.java:onNext(255)) - client-83AFC0B42279->fd4515e9-84f2-4741-b1f5-a9247145a2ac: receive RaftClientReply:client-83AFC0B42279->fd4515e9-84f2-4741-b1f5-a9247145a2ac@group-E2152A48AE85, cid=3442, SUCCESS, logIndex=5176, commits[fd4515e9-84f2-4741-b1f5-a9247145a2ac:c5177, 2e3e112c-ad01-4834-a07e-d6d8a7947632:c5174, dfee02f7-0d20-4e08-8ecd-ebe087394a07:c5174]
2019-07-08 20:09:52,300 INFO  client.GrpcClientProtocolClient (GrpcClientProtocolClient.java:onNext(255)) - client-83AFC0B42279->fd4515e9-84f2-4741-b1f5-a9247145a2ac: receive RaftClientReply:client-83AFC0B42279->fd4515e9-84f2-4741-b1f5-a9247145a2ac@group-E2152A48AE85, cid=3443, SUCCESS, logIndex=5177, commits[fd4515e9-84f2-4741-b1f5-a9247145a2ac:c5178, 2e3e112c-ad01-4834-a07e-d6d8a7947632:c5174, dfee02f7-0d20-4e08-8ecd-ebe087394a07:c5174]
2019-07-08 20:09:52,300 INFO  client.GrpcClientProtocolClient (GrpcClientProtocolClient.java:onNext(255)) - client-83AFC0B42279->fd4515e9-84f2-4741-b1f5-a9247145a2ac: receive RaftClientReply:client-83AFC0B42279->fd4515e9-84f2-4741-b1f5-a9247145a2ac@group-E2152A48AE85, cid=3444, SUCCESS, logIndex=5178, commits[fd4515e9-84f2-4741-b1f5-a9247145a2ac:c5178, 2e3e112c-ad01-4834-a07e-d6d8a7947632:c5174, dfee02f7-0d20-4e08-8ecd-ebe087394a07:c5174]
2019-07-08 20:09:52,302 INFO  client.GrpcClientProtocolClient (GrpcClientProtocolClient.java:onNext(255)) - client-83AFC0B42279->fd4515e9-84f2-4741-b1f5-a9247145a2ac: receive RaftClientReply:client-83AFC0B42279->fd4515e9-84f2-4741-b1f5-a9247145a2ac@group-E2152A48AE85, cid=3445, SUCCESS, logIndex=0, commits[fd4515e9-84f2-4741-b1f5-a9247145a2ac:c5182, 2e3e112c-ad01-4834-a07e-d6d8a7947632:c5176, dfee02f7-0d20-4e08-8ecd-ebe087394a07:c5178]
2019-07-08 20:09:52,326 INFO  client.GrpcClientProtocolClient (GrpcClientProtocolClient.java:onNext(255)) - client-83AFC0B42279->fd4515e9-84f2-4741-b1f5-a9247145a2ac: receive RaftClientReply:client-83AFC0B42279->fd4515e9-84f2-4741-b1f5-a9247145a2ac@group-E2152A48AE85, cid=3446, SUCCESS, logIndex=5183, commits[fd4515e9-84f2-4741-b1f5-a9247145a2ac:c5184, 2e3e112c-ad01-4834-a07e-d6d8a7947632:c5182, dfee02f7-0d20-4e08-8ecd-ebe087394a07:c5182]
2019-07-08 20:09:52,327 INFO  client.GrpcClientProtocolClient (GrpcClientProtocolClient.java:onNext(255)) - client-83AFC0B42279->fd4515e9-84f2-4741-b1f5-a9247145a2ac: receive RaftClientReply:client-83AFC0B42279->fd4515e9-84f2-4741-b1f5-a9247145a2ac@group-E2152A48AE85, cid=3447, SUCCESS, logIndex=5184, commits[fd4515e9-84f2-4741-b1f5-a9247145a2ac:c5184, 2e3e112c-ad01-4834-a07e-d6d8a7947632:c5182, dfee02f7-0d20-4e08-8ecd-ebe087394a07:c5182]
2019-07-08 20:09:52,347 INFO  client.GrpcClientProtocolClient (GrpcClientProtocolClient.java:onNext(255)) - client-83AFC0B42279->fd4515e9-84f2-4741-b1f5-a9247145a2ac: receive RaftClientReply:client-83AFC0B42279->fd4515e9-84f2-4741-b1f5-a9247145a2ac@group-E2152A48AE85, cid=3448, SUCCESS, logIndex=5187, commits[fd4515e9-84f2-4741-b1f5-a9247145a2ac:c5188, 2e3e112c-ad01-4834-a07e-d6d8a7947632:c5186, dfee02f7-0d20-4e08-8ecd-ebe087394a07:c5186]
2019-07-08 20:09:52,348 INFO  client.GrpcClientProtocolClient (GrpcClientProtocolClient.java:onNext(255)) - client-83AFC0B42279->fd4515e9-84f2-4741-b1f5-a9247145a2ac: receive RaftClientReply:client-83AFC0B42279->fd4515e9-84f2-4741-b1f5-a9247145a2ac@group-E2152A48AE85, cid=3449, SUCCESS, logIndex=5188, commits[fd4515e9-84f2-4741-b1f5-a9247145a2ac:c5188, 2e3e112c-ad01-4834-a07e-d6d8a7947632:c5186, dfee02f7-0d20-4e08-8ecd-ebe087394a07:c5186]
2019-07-08 20:09:52,360 INFO  client.GrpcClientProtocolClient (GrpcClientProtocolClient.java:onNext(255)) - client-83AFC0B42279->fd4515e9-84f2-4741-b1f5-a9247145a2ac: receive RaftClientReply:client-83AFC0B42279->fd4515e9-84f2-4741-b1f5-a9247145a2ac@group-E2152A48AE85, cid=3450, SUCCESS, logIndex=0, commits[fd4515e9-84f2-4741-b1f5-a9247145a2ac:c5190, 2e3e112c-ad01-4834-a07e-d6d8a7947632:c5188, dfee02f7-0d20-4e08-8ecd-ebe087394a07:c5188]
2019-07-08 20:09:52,394 INFO  client.GrpcClientProtocolClient (GrpcClientProtocolClient.java:onNext(255)) - client-83AFC0B42279->fd4515e9-84f2-4741-b1f5-a9247145a2ac: receive RaftClientReply:client-83AFC0B42279->fd4515e9-84f2-4741-b1f5-a9247145a2ac@group-E2152A48AE85, cid=3451, SUCCESS, logIndex=5191, commits[fd4515e9-84f2-4741-b1f5-a9247145a2ac:c5191, 2e3e112c-ad01-4834-a07e-d6d8a7947632:c5190, dfee02f7-0d20-4e08-8ecd-ebe087394a07:c5190]
2019-07-08 20:09:52,395 INFO  client.GrpcClientProtocolClient (GrpcClientProtocolClient.java:onNext(255)) - client-83AFC0B42279->fd4515e9-84f2-4741-b1f5-a9247145a2ac: receive RaftClientReply:client-83AFC0B42279->fd4515e9-84f2-4741-b1f5-a9247145a2ac@group-E2152A48AE85, cid=3452, SUCCESS, logIndex=5192, commits[fd4515e9-84f2-4741-b1f5-a9247145a2ac:c5192, 2e3e112c-ad01-4834-a07e-d6d8a7947632:c5190, dfee02f7-0d20-4e08-8ecd-ebe087394a07:c5190]
2019-07-08 20:09:52,395 INFO  client.GrpcClientProtocolClient (GrpcClientProtocolClient.java:onNext(255)) - client-83AFC0B42279->fd4515e9-84f2-4741-b1f5-a9247145a2ac: receive RaftClientReply:client-83AFC0B42279->fd4515e9-84f2-4741-b1f5-a9247145a2ac@group-E2152A48AE85, cid=3453, SUCCESS, logIndex=5193, commits[fd4515e9-84f2-4741-b1f5-a9247145a2ac:c5194, 2e3e112c-ad01-4834-a07e-d6d8a7947632:c5190, dfee02f7-0d20-4e08-8ecd-ebe087394a07:c5190]
2019-07-08 20:09:52,396 INFO  client.GrpcClientProtocolClient (GrpcClientProtocolClient.java:onNext(255)) - client-83AFC0B42279->fd4515e9-84f2-4741-b1f5-a9247145a2ac: receive RaftClientReply:client-83AFC0B42279->fd4515e9-84f2-4741-b1f5-a9247145a2ac@group-E2152A48AE85, cid=3454, SUCCESS, logIndex=5194, commits[fd4515e9-84f2-4741-b1f5-a9247145a2ac:c5194, 2e3e112c-ad01-4834-a07e-d6d8a7947632:c5190, dfee02f7-0d20-4e08-8ecd-ebe087394a07:c5190]
2019-07-08 20:09:52,397 INFO  client.GrpcClientProtocolClient (GrpcClientProtocolClient.java:onNext(255)) - client-83AFC0B42279->fd4515e9-84f2-4741-b1f5-a9247145a2ac: receive RaftClientReply:client-83AFC0B42279->fd4515e9-84f2-4741-b1f5-a9247145a2ac@group-E2152A48AE85, cid=3455, SUCCESS, logIndex=0, commits[fd4515e9-84f2-4741-b1f5-a9247145a2ac:c5196, 2e3e112c-ad01-4834-a07e-d6d8a7947632:c5193, dfee02f7-0d20-4e08-8ecd-ebe087394a07:c5192]
2019-07-08 20:09:52,418 INFO  client.GrpcClientProtocolClient (GrpcClientProtocolClient.java:onNext(255)) - client-83AFC0B42279->fd4515e9-84f2-4741-b1f5-a9247145a2ac: receive RaftClientReply:client-83AFC0B42279->fd4515e9-84f2-4741-b1f5-a9247145a2ac@group-E2152A48AE85, cid=3456, SUCCESS, logIndex=5199, commits[fd4515e9-84f2-4741-b1f5-a9247145a2ac:c5200, 2e3e112c-ad01-4834-a07e-d6d8a7947632:c5198, dfee02f7-0d20-4e08-8ecd-ebe087394a07:c5198]
2019-07-08 20:09:52,418 INFO  client.GrpcClientProtocolClient (GrpcClientProtocolClient.java:onNext(255)) - client-83AFC0B42279->fd4515e9-84f2-4741-b1f5-a9247145a2ac: receive RaftClientReply:client-83AFC0B42279->fd4515e9-84f2-4741-b1f5-a9247145a2ac@group-E2152A48AE85, cid=3457, SUCCESS, logIndex=5200, commits[fd4515e9-84f2-4741-b1f5-a9247145a2ac:c5200, 2e3e112c-ad01-4834-a07e-d6d8a7947632:c5198, dfee02f7-0d20-4e08-8ecd-ebe087394a07:c5198]
2019-07-08 20:09:52,432 INFO  client.GrpcClientProtocolClient (GrpcClientProtocolClient.java:onNext(255)) - client-83AFC0B42279->fd4515e9-84f2-4741-b1f5-a9247145a2ac: receive RaftClientReply:client-83AFC0B42279->fd4515e9-84f2-4741-b1f5-a9247145a2ac@group-E2152A48AE85, cid=3458, SUCCESS, logIndex=5203, commits[fd4515e9-84f2-4741-b1f5-a9247145a2ac:c5204, 2e3e112c-ad01-4834-a07e-d6d8a7947632:c5199, dfee02f7-0d20-4e08-8ecd-ebe087394a07:c5200]
2019-07-08 20:09:52,433 INFO  client.GrpcClientProtocolClient (GrpcClientProtocolClient.java:onNext(255)) - client-83AFC0B42279->fd4515e9-84f2-4741-b1f5-a9247145a2ac: receive RaftClientReply:client-83AFC0B42279->fd4515e9-84f2-4741-b1f5-a9247145a2ac@group-E2152A48AE85, cid=3459, SUCCESS, logIndex=5204, commits[fd4515e9-84f2-4741-b1f5-a9247145a2ac:c5204, 2e3e112c-ad01-4834-a07e-d6d8a7947632:c5200, dfee02f7-0d20-4e08-8ecd-ebe087394a07:c5200]
2019-07-08 20:09:52,436 INFO  client.GrpcClientProtocolClient (GrpcClientProtocolClient.java:onNext(255)) - client-83AFC0B42279->fd4515e9-84f2-4741-b1f5-a9247145a2ac: receive RaftClientReply:client-83AFC0B42279->fd4515e9-84f2-4741-b1f5-a9247145a2ac@group-E2152A48AE85, cid=3460, SUCCESS, logIndex=0, commits[fd4515e9-84f2-4741-b1f5-a9247145a2ac:c5206, 2e3e112c-ad01-4834-a07e-d6d8a7947632:c5204, dfee02f7-0d20-4e08-8ecd-ebe087394a07:c5204]
2019-07-08 20:09:52,472 INFO  client.GrpcClientProtocolClient (GrpcClientProtocolClient.java:onNext(255)) - client-83AFC0B42279->fd4515e9-84f2-4741-b1f5-a9247145a2ac: receive RaftClientReply:client-83AFC0B42279->fd4515e9-84f2-4741-b1f5-a9247145a2ac@group-E2152A48AE85, cid=3461, SUCCESS, logIndex=5207, commits[fd4515e9-84f2-4741-b1f5-a9247145a2ac:c5208, 2e3e112c-ad01-4834-a07e-d6d8a7947632:c5206, dfee02f7-0d20-4e08-8ecd-ebe087394a07:c5206]
2019-07-08 20:09:52,473 INFO  client.GrpcClientProtocolClient (GrpcClientProtocolClient.java:onNext(255)) - client-83AFC0B42279->fd4515e9-84f2-4741-b1f5-a9247145a2ac: receive RaftClientReply:client-83AFC0B42279->fd4515e9-84f2-4741-b1f5-a9247145a2ac@group-E2152A48AE85, cid=3462, SUCCESS, logIndex=5208, commits[fd4515e9-84f2-4741-b1f5-a9247145a2ac:c5208, 2e3e112c-ad01-4834-a07e-d6d8a7947632:c5206, dfee02f7-0d20-4e08-8ecd-ebe087394a07:c5206]
2019-07-08 20:09:52,473 INFO  client.GrpcClientProtocolClient (GrpcClientProtocolClient.java:onNext(255)) - client-83AFC0B42279->fd4515e9-84f2-4741-b1f5-a9247145a2ac: receive RaftClientReply:client-83AFC0B42279->fd4515e9-84f2-4741-b1f5-a9247145a2ac@group-E2152A48AE85, cid=3463, SUCCESS, logIndex=5209, commits[fd4515e9-84f2-4741-b1f5-a9247145a2ac:c5210, 2e3e112c-ad01-4834-a07e-d6d8a7947632:c5206, dfee02f7-0d20-4e08-8ecd-ebe087394a07:c5206]
2019-07-08 20:09:52,473 INFO  client.GrpcClientProtocolClient (GrpcClientProtocolClient.java:onNext(255)) - client-83AFC0B42279->fd4515e9-84f2-4741-b1f5-a9247145a2ac: receive RaftClientReply:client-83AFC0B42279->fd4515e9-84f2-4741-b1f5-a9247145a2ac@group-E2152A48AE85, cid=3464, SUCCESS, logIndex=5210, commits[fd4515e9-84f2-4741-b1f5-a9247145a2ac:c5210, 2e3e112c-ad01-4834-a07e-d6d8a7947632:c5206, dfee02f7-0d20-4e08-8ecd-ebe087394a07:c5206]
2019-07-08 20:09:52,475 INFO  client.GrpcClientProtocolClient (GrpcClientProtocolClient.java:onNext(255)) - client-83AFC0B42279->fd4515e9-84f2-4741-b1f5-a9247145a2ac: receive RaftClientReply:client-83AFC0B42279->fd4515e9-84f2-4741-b1f5-a9247145a2ac@group-E2152A48AE85, cid=3465, SUCCESS, logIndex=0, commits[fd4515e9-84f2-4741-b1f5-a9247145a2ac:c5214, 2e3e112c-ad01-4834-a07e-d6d8a7947632:c5208, dfee02f7-0d20-4e08-8ecd-ebe087394a07:c5210]
2019-07-08 20:09:52,496 INFO  client.GrpcClientProtocolClient (GrpcClientProtocolClient.java:onNext(255)) - client-83AFC0B42279->fd4515e9-84f2-4741-b1f5-a9247145a2ac: receive RaftClientReply:client-83AFC0B42279->fd4515e9-84f2-4741-b1f5-a9247145a2ac@group-E2152A48AE85, cid=3466, SUCCESS, logIndex=5215, commits[fd4515e9-84f2-4741-b1f5-a9247145a2ac:c5216, 2e3e112c-ad01-4834-a07e-d6d8a7947632:c5214, dfee02f7-0d20-4e08-8ecd-ebe087394a07:c5214]
2019-07-08 20:09:52,496 INFO  client.GrpcClientProtocolClient (GrpcClientProtocolClient.java:onNext(255)) - client-83AFC0B42279->fd4515e9-84f2-4741-b1f5-a9247145a2ac: receive RaftClientReply:client-83AFC0B42279->fd4515e9-84f2-4741-b1f5-a9247145a2ac@group-E2152A48AE85, cid=3467, SUCCESS, logIndex=5216, commits[fd4515e9-84f2-4741-b1f5-a9247145a2ac:c5216, 2e3e112c-ad01-4834-a07e-d6d8a7947632:c5214, dfee02f7-0d20-4e08-8ecd-ebe087394a07:c5214]
 0.00% |█                                                                                                    |  0/1 Time: 0:00:312019-07-08 20:09:52,509 INFO  client.GrpcClientProtocolClient (GrpcClientProtocolClient.java:onNext(255)) - client-83AFC0B42279->fd4515e9-84f2-4741-b1f5-a9247145a2ac: receive RaftClientReply:client-83AFC0B42279->fd4515e9-84f2-4741-b1f5-a9247145a2ac@group-E2152A48AE85, cid=3468, SUCCESS, logIndex=5219, commits[fd4515e9-84f2-4741-b1f5-a9247145a2ac:c5220, 2e3e112c-ad01-4834-a07e-d6d8a7947632:c5215, dfee02f7-0d20-4e08-8ecd-ebe087394a07:c5216]
2019-07-08 20:09:52,509 INFO  client.GrpcClientProtocolClient (GrpcClientProtocolClient.java:onNext(255)) - client-83AFC0B42279->fd4515e9-84f2-4741-b1f5-a9247145a2ac: receive RaftClientReply:client-83AFC0B42279->fd4515e9-84f2-4741-b1f5-a9247145a2ac@group-E2152A48AE85, cid=3469, SUCCESS, logIndex=5220, commits[fd4515e9-84f2-4741-b1f5-a9247145a2ac:c5220, 2e3e112c-ad01-4834-a07e-d6d8a7947632:c5216, dfee02f7-0d20-4e08-8ecd-ebe087394a07:c5216]
2019-07-08 20:09:52,511 INFO  client.GrpcClientProtocolClient (GrpcClientProtocolClient.java:onNext(255)) - client-83AFC0B42279->fd4515e9-84f2-4741-b1f5-a9247145a2ac: receive RaftClientReply:client-83AFC0B42279->fd4515e9-84f2-4741-b1f5-a9247145a2ac@group-E2152A48AE85, cid=3470, SUCCESS, logIndex=0, commits[fd4515e9-84f2-4741-b1f5-a9247145a2ac:c5221, 2e3e112c-ad01-4834-a07e-d6d8a7947632:c5220, dfee02f7-0d20-4e08-8ecd-ebe087394a07:c5220]
2019-07-08 20:09:52,544 INFO  client.GrpcClientProtocolClient (GrpcClientProtocolClient.java:onNext(255)) - client-83AFC0B42279->fd4515e9-84f2-4741-b1f5-a9247145a2ac: receive RaftClientReply:client-83AFC0B42279->fd4515e9-84f2-4741-b1f5-a9247145a2ac@group-E2152A48AE85, cid=3471, SUCCESS, logIndex=5223, commits[fd4515e9-84f2-4741-b1f5-a9247145a2ac:c5224, 2e3e112c-ad01-4834-a07e-d6d8a7947632:c5222, dfee02f7-0d20-4e08-8ecd-ebe087394a07:c5222]
2019-07-08 20:09:52,545 INFO  client.GrpcClientProtocolClient (GrpcClientProtocolClient.java:onNext(255)) - client-83AFC0B42279->fd4515e9-84f2-4741-b1f5-a9247145a2ac: receive RaftClientReply:client-83AFC0B42279->fd4515e9-84f2-4741-b1f5-a9247145a2ac@group-E2152A48AE85, cid=3472, SUCCESS, logIndex=5224, commits[fd4515e9-84f2-4741-b1f5-a9247145a2ac:c5226, 2e3e112c-ad01-4834-a07e-d6d8a7947632:c5222, dfee02f7-0d20-4e08-8ecd-ebe087394a07:c5222]
2019-07-08 20:09:52,545 INFO  client.GrpcClientProtocolClient (GrpcClientProtocolClient.java:onNext(255)) - client-83AFC0B42279->fd4515e9-84f2-4741-b1f5-a9247145a2ac: receive RaftClientReply:client-83AFC0B42279->fd4515e9-84f2-4741-b1f5-a9247145a2ac@group-E2152A48AE85, cid=3473, SUCCESS, logIndex=5225, commits[fd4515e9-84f2-4741-b1f5-a9247145a2ac:c5226, 2e3e112c-ad01-4834-a07e-d6d8a7947632:c5222, dfee02f7-0d20-4e08-8ecd-ebe087394a07:c5222]
2019-07-08 20:09:52,546 INFO  client.GrpcClientProtocolClient (GrpcClientProtocolClient.java:onNext(255)) - client-83AFC0B42279->fd4515e9-84f2-4741-b1f5-a9247145a2ac: receive RaftClientReply:client-83AFC0B42279->fd4515e9-84f2-4741-b1f5-a9247145a2ac@group-E2152A48AE85, cid=3474, SUCCESS, logIndex=5226, commits[fd4515e9-84f2-4741-b1f5-a9247145a2ac:c5226, 2e3e112c-ad01-4834-a07e-d6d8a7947632:c5222, dfee02f7-0d20-4e08-8ecd-ebe087394a07:c5222]
2019-07-08 20:09:52,547 INFO  client.GrpcClientProtocolClient (GrpcClientProtocolClient.java:onNext(255)) - client-83AFC0B42279->fd4515e9-84f2-4741-b1f5-a9247145a2ac: receive RaftClientReply:client-83AFC0B42279->fd4515e9-84f2-4741-b1f5-a9247145a2ac@group-E2152A48AE85, cid=3475, SUCCESS, logIndex=0, commits[fd4515e9-84f2-4741-b1f5-a9247145a2ac:c5228, 2e3e112c-ad01-4834-a07e-d6d8a7947632:c5224, dfee02f7-0d20-4e08-8ecd-ebe087394a07:c5224]
2019-07-08 20:09:52,568 INFO  client.GrpcClientProtocolClient (GrpcClientProtocolClient.java:onNext(255)) - client-83AFC0B42279->fd4515e9-84f2-4741-b1f5-a9247145a2ac: receive RaftClientReply:client-83AFC0B42279->fd4515e9-84f2-4741-b1f5-a9247145a2ac@group-E2152A48AE85, cid=3476, SUCCESS, logIndex=5231, commits[fd4515e9-84f2-4741-b1f5-a9247145a2ac:c5232, 2e3e112c-ad01-4834-a07e-d6d8a7947632:c5230, dfee02f7-0d20-4e08-8ecd-ebe087394a07:c5230]
2019-07-08 20:09:52,568 INFO  client.GrpcClientProtocolClient (GrpcClientProtocolClient.java:onNext(255)) - client-83AFC0B42279->fd4515e9-84f2-4741-b1f5-a9247145a2ac: receive RaftClientReply:client-83AFC0B42279->fd4515e9-84f2-4741-b1f5-a9247145a2ac@group-E2152A48AE85, cid=3477, SUCCESS, logIndex=5232, commits[fd4515e9-84f2-4741-b1f5-a9247145a2ac:c5232, 2e3e112c-ad01-4834-a07e-d6d8a7947632:c5230, dfee02f7-0d20-4e08-8ecd-ebe087394a07:c5230]
2019-07-08 20:09:52,592 INFO  client.GrpcClientProtocolClient (GrpcClientProtocolClient.java:onNext(255)) - client-83AFC0B42279->fd4515e9-84f2-4741-b1f5-a9247145a2ac: receive RaftClientReply:client-83AFC0B42279->fd4515e9-84f2-4741-b1f5-a9247145a2ac@group-E2152A48AE85, cid=3478, SUCCESS, logIndex=5235, commits[fd4515e9-84f2-4741-b1f5-a9247145a2ac:c5236, 2e3e112c-ad01-4834-a07e-d6d8a7947632:c5232, dfee02f7-0d20-4e08-8ecd-ebe087394a07:c5231]
2019-07-08 20:09:52,592 INFO  client.GrpcClientProtocolClient (GrpcClientProtocolClient.java:onNext(255)) - client-83AFC0B42279->fd4515e9-84f2-4741-b1f5-a9247145a2ac: receive RaftClientReply:client-83AFC0B42279->fd4515e9-84f2-4741-b1f5-a9247145a2ac@group-E2152A48AE85, cid=3479, SUCCESS, logIndex=5236, commits[fd4515e9-84f2-4741-b1f5-a9247145a2ac:c5236, 2e3e112c-ad01-4834-a07e-d6d8a7947632:c5232, dfee02f7-0d20-4e08-8ecd-ebe087394a07:c5232]
2019-07-08 20:09:52,595 INFO  client.GrpcClientProtocolClient (GrpcClientProtocolClient.java:onNext(255)) - client-83AFC0B42279->fd4515e9-84f2-4741-b1f5-a9247145a2ac: receive RaftClientReply:client-83AFC0B42279->fd4515e9-84f2-4741-b1f5-a9247145a2ac@group-E2152A48AE85, cid=3480, SUCCESS, logIndex=0, commits[fd4515e9-84f2-4741-b1f5-a9247145a2ac:c5238, 2e3e112c-ad01-4834-a07e-d6d8a7947632:c5236, dfee02f7-0d20-4e08-8ecd-ebe087394a07:c5236]
2019-07-08 20:09:52,628 INFO  client.GrpcClientProtocolClient (GrpcClientProtocolClient.java:onNext(255)) - client-83AFC0B42279->fd4515e9-84f2-4741-b1f5-a9247145a2ac: receive RaftClientReply:client-83AFC0B42279->fd4515e9-84f2-4741-b1f5-a9247145a2ac@group-E2152A48AE85, cid=3481, SUCCESS, logIndex=5239, commits[fd4515e9-84f2-4741-b1f5-a9247145a2ac:c5240, 2e3e112c-ad01-4834-a07e-d6d8a7947632:c5238, dfee02f7-0d20-4e08-8ecd-ebe087394a07:c5238]
2019-07-08 20:09:52,629 INFO  client.GrpcClientProtocolClient (GrpcClientProtocolClient.java:onNext(255)) - client-83AFC0B42279->fd4515e9-84f2-4741-b1f5-a9247145a2ac: receive RaftClientReply:client-83AFC0B42279->fd4515e9-84f2-4741-b1f5-a9247145a2ac@group-E2152A48AE85, cid=3482, SUCCESS, logIndex=5240, commits[fd4515e9-84f2-4741-b1f5-a9247145a2ac:c5242, 2e3e112c-ad01-4834-a07e-d6d8a7947632:c5238, dfee02f7-0d20-4e08-8ecd-ebe087394a07:c5238]
2019-07-08 20:09:52,629 INFO  client.GrpcClientProtocolClient (GrpcClientProtocolClient.java:onNext(255)) - client-83AFC0B42279->fd4515e9-84f2-4741-b1f5-a9247145a2ac: receive RaftClientReply:client-83AFC0B42279->fd4515e9-84f2-4741-b1f5-a9247145a2ac@group-E2152A48AE85, cid=3483, SUCCESS, logIndex=5241, commits[fd4515e9-84f2-4741-b1f5-a9247145a2ac:c5242, 2e3e112c-ad01-4834-a07e-d6d8a7947632:c5238, dfee02f7-0d20-4e08-8ecd-ebe087394a07:c5238]
2019-07-08 20:09:52,630 INFO  client.GrpcClientProtocolClient (GrpcClientProtocolClient.java:onNext(255)) - client-83AFC0B42279->fd4515e9-84f2-4741-b1f5-a9247145a2ac: receive RaftClientReply:client-83AFC0B42279->fd4515e9-84f2-4741-b1f5-a9247145a2ac@group-E2152A48AE85, cid=3484, SUCCESS, logIndex=5242, commits[fd4515e9-84f2-4741-b1f5-a9247145a2ac:c5242, 2e3e112c-ad01-4834-a07e-d6d8a7947632:c5238, dfee02f7-0d20-4e08-8ecd-ebe087394a07:c5238]
2019-07-08 20:09:52,631 INFO  client.GrpcClientProtocolClient (GrpcClientProtocolClient.java:onNext(255)) - client-83AFC0B42279->fd4515e9-84f2-4741-b1f5-a9247145a2ac: receive RaftClientReply:client-83AFC0B42279->fd4515e9-84f2-4741-b1f5-a9247145a2ac@group-E2152A48AE85, cid=3485, SUCCESS, logIndex=0, commits[fd4515e9-84f2-4741-b1f5-a9247145a2ac:c5244, 2e3e112c-ad01-4834-a07e-d6d8a7947632:c5240, dfee02f7-0d20-4e08-8ecd-ebe087394a07:c5240]
2019-07-08 20:09:52,667 INFO  client.GrpcClientProtocolClient (GrpcClientProtocolClient.java:onNext(255)) - client-83AFC0B42279->fd4515e9-84f2-4741-b1f5-a9247145a2ac: receive RaftClientReply:client-83AFC0B42279->fd4515e9-84f2-4741-b1f5-a9247145a2ac@group-E2152A48AE85, cid=3486, SUCCESS, logIndex=5247, commits[fd4515e9-84f2-4741-b1f5-a9247145a2ac:c5248, 2e3e112c-ad01-4834-a07e-d6d8a7947632:c5246, dfee02f7-0d20-4e08-8ecd-ebe087394a07:c5246]
2019-07-08 20:09:52,667 INFO  client.GrpcClientProtocolClient (GrpcClientProtocolClient.java:onNext(255)) - client-83AFC0B42279->fd4515e9-84f2-4741-b1f5-a9247145a2ac: receive RaftClientReply:client-83AFC0B42279->fd4515e9-84f2-4741-b1f5-a9247145a2ac@group-E2152A48AE85, cid=3487, SUCCESS, logIndex=5248, commits[fd4515e9-84f2-4741-b1f5-a9247145a2ac:c5248, 2e3e112c-ad01-4834-a07e-d6d8a7947632:c5246, dfee02f7-0d20-4e08-8ecd-ebe087394a07:c5246]
2019-07-08 20:09:52,681 INFO  client.GrpcClientProtocolClient (GrpcClientProtocolClient.java:onNext(255)) - client-83AFC0B42279->fd4515e9-84f2-4741-b1f5-a9247145a2ac: receive RaftClientReply:client-83AFC0B42279->fd4515e9-84f2-4741-b1f5-a9247145a2ac@group-E2152A48AE85, cid=3488, SUCCESS, logIndex=5251, commits[fd4515e9-84f2-4741-b1f5-a9247145a2ac:c5252, 2e3e112c-ad01-4834-a07e-d6d8a7947632:c5248, dfee02f7-0d20-4e08-8ecd-ebe087394a07:c5248]
2019-07-08 20:09:52,681 INFO  client.GrpcClientProtocolClient (GrpcClientProtocolClient.java:onNext(255)) - client-83AFC0B42279->fd4515e9-84f2-4741-b1f5-a9247145a2ac: receive RaftClientReply:client-83AFC0B42279->fd4515e9-84f2-4741-b1f5-a9247145a2ac@group-E2152A48AE85, cid=3489, SUCCESS, logIndex=5252, commits[fd4515e9-84f2-4741-b1f5-a9247145a2ac:c5252, 2e3e112c-ad01-4834-a07e-d6d8a7947632:c5248, dfee02f7-0d20-4e08-8ecd-ebe087394a07:c5248]
2019-07-08 20:09:52,693 INFO  client.GrpcClientProtocolClient (GrpcClientProtocolClient.java:onNext(255)) - client-83AFC0B42279->fd4515e9-84f2-4741-b1f5-a9247145a2ac: receive RaftClientReply:client-83AFC0B42279->fd4515e9-84f2-4741-b1f5-a9247145a2ac@group-E2152A48AE85, cid=3490, SUCCESS, logIndex=0, commits[fd4515e9-84f2-4741-b1f5-a9247145a2ac:c5253, 2e3e112c-ad01-4834-a07e-d6d8a7947632:c5252, dfee02f7-0d20-4e08-8ecd-ebe087394a07:c5252]
2019-07-08 20:09:52,725 INFO  client.GrpcClientProtocolClient (GrpcClientProtocolClient.java:onNext(255)) - client-83AFC0B42279->fd4515e9-84f2-4741-b1f5-a9247145a2ac: receive RaftClientReply:client-83AFC0B42279->fd4515e9-84f2-4741-b1f5-a9247145a2ac@group-E2152A48AE85, cid=3491, SUCCESS, logIndex=5255, commits[fd4515e9-84f2-4741-b1f5-a9247145a2ac:c5256, 2e3e112c-ad01-4834-a07e-d6d8a7947632:c5254, dfee02f7-0d20-4e08-8ecd-ebe087394a07:c5254]
2019-07-08 20:09:52,726 INFO  client.GrpcClientProtocolClient (GrpcClientProtocolClient.java:onNext(255)) - client-83AFC0B42279->fd4515e9-84f2-4741-b1f5-a9247145a2ac: receive RaftClientReply:client-83AFC0B42279->fd4515e9-84f2-4741-b1f5-a9247145a2ac@group-E2152A48AE85, cid=3492, SUCCESS, logIndex=5256, commits[fd4515e9-84f2-4741-b1f5-a9247145a2ac:c5256, 2e3e112c-ad01-4834-a07e-d6d8a7947632:c5254, dfee02f7-0d20-4e08-8ecd-ebe087394a07:c5254]
2019-07-08 20:09:52,726 INFO  client.GrpcClientProtocolClient (GrpcClientProtocolClient.java:onNext(255)) - client-83AFC0B42279->fd4515e9-84f2-4741-b1f5-a9247145a2ac: receive RaftClientReply:client-83AFC0B42279->fd4515e9-84f2-4741-b1f5-a9247145a2ac@group-E2152A48AE85, cid=3493, SUCCESS, logIndex=5257, commits[fd4515e9-84f2-4741-b1f5-a9247145a2ac:c5257, 2e3e112c-ad01-4834-a07e-d6d8a7947632:c5254, dfee02f7-0d20-4e08-8ecd-ebe087394a07:c5254]
2019-07-08 20:09:52,727 INFO  client.GrpcClientProtocolClient (GrpcClientProtocolClient.java:onNext(255)) - client-83AFC0B42279->fd4515e9-84f2-4741-b1f5-a9247145a2ac: receive RaftClientReply:client-83AFC0B42279->fd4515e9-84f2-4741-b1f5-a9247145a2ac@group-E2152A48AE85, cid=3494, SUCCESS, logIndex=5258, commits[fd4515e9-84f2-4741-b1f5-a9247145a2ac:c5258, 2e3e112c-ad01-4834-a07e-d6d8a7947632:c5254, dfee02f7-0d20-4e08-8ecd-ebe087394a07:c5254]
2019-07-08 20:09:52,728 INFO  client.GrpcClientProtocolClient (GrpcClientProtocolClient.java:onNext(255)) - client-83AFC0B42279->fd4515e9-84f2-4741-b1f5-a9247145a2ac: receive RaftClientReply:client-83AFC0B42279->fd4515e9-84f2-4741-b1f5-a9247145a2ac@group-E2152A48AE85, cid=3495, SUCCESS, logIndex=0, commits[fd4515e9-84f2-4741-b1f5-a9247145a2ac:c5262, 2e3e112c-ad01-4834-a07e-d6d8a7947632:c5256, dfee02f7-0d20-4e08-8ecd-ebe087394a07:c5258]
2019-07-08 20:09:52,746 INFO  client.GrpcClientProtocolClient (GrpcClientProtocolClient.java:onNext(255)) - client-83AFC0B42279->fd4515e9-84f2-4741-b1f5-a9247145a2ac: receive RaftClientReply:client-83AFC0B42279->fd4515e9-84f2-4741-b1f5-a9247145a2ac@group-E2152A48AE85, cid=3496, SUCCESS, logIndex=5263, commits[fd4515e9-84f2-4741-b1f5-a9247145a2ac:c5264, 2e3e112c-ad01-4834-a07e-d6d8a7947632:c5262, dfee02f7-0d20-4e08-8ecd-ebe087394a07:c5262]
2019-07-08 20:09:52,747 INFO  client.GrpcClientProtocolClient (GrpcClientProtocolClient.java:onNext(255)) - client-83AFC0B42279->fd4515e9-84f2-4741-b1f5-a9247145a2ac: receive RaftClientReply:client-83AFC0B42279->fd4515e9-84f2-4741-b1f5-a9247145a2ac@group-E2152A48AE85, cid=3497, SUCCESS, logIndex=5264, commits[fd4515e9-84f2-4741-b1f5-a9247145a2ac:c5264, 2e3e112c-ad01-4834-a07e-d6d8a7947632:c5262, dfee02f7-0d20-4e08-8ecd-ebe087394a07:c5262]
2019-07-08 20:09:52,759 INFO  client.GrpcClientProtocolClient (GrpcClientProtocolClient.java:onNext(255)) - client-83AFC0B42279->fd4515e9-84f2-4741-b1f5-a9247145a2ac: receive RaftClientReply:client-83AFC0B42279->fd4515e9-84f2-4741-b1f5-a9247145a2ac@group-E2152A48AE85, cid=3498, SUCCESS, logIndex=5267, commits[fd4515e9-84f2-4741-b1f5-a9247145a2ac:c5268, 2e3e112c-ad01-4834-a07e-d6d8a7947632:c5264, dfee02f7-0d20-4e08-8ecd-ebe087394a07:c5264]
2019-07-08 20:09:52,759 INFO  client.GrpcClientProtocolClient (GrpcClientProtocolClient.java:onNext(255)) - client-83AFC0B42279->fd4515e9-84f2-4741-b1f5-a9247145a2ac: receive RaftClientReply:client-83AFC0B42279->fd4515e9-84f2-4741-b1f5-a9247145a2ac@group-E2152A48AE85, cid=3499, SUCCESS, logIndex=5268, commits[fd4515e9-84f2-4741-b1f5-a9247145a2ac:c5268, 2e3e112c-ad01-4834-a07e-d6d8a7947632:c5264, dfee02f7-0d20-4e08-8ecd-ebe087394a07:c5264]
2019-07-08 20:09:52,772 INFO  client.GrpcClientProtocolClient (GrpcClientProtocolClient.java:onNext(255)) - client-83AFC0B42279->fd4515e9-84f2-4741-b1f5-a9247145a2ac: receive RaftClientReply:client-83AFC0B42279->fd4515e9-84f2-4741-b1f5-a9247145a2ac@group-E2152A48AE85, cid=3500, SUCCESS, logIndex=0, commits[fd4515e9-84f2-4741-b1f5-a9247145a2ac:c5269, 2e3e112c-ad01-4834-a07e-d6d8a7947632:c5268, dfee02f7-0d20-4e08-8ecd-ebe087394a07:c5268]
2019-07-08 20:09:52,801 INFO  client.GrpcClientProtocolClient (GrpcClientProtocolClient.java:onNext(255)) - client-83AFC0B42279->fd4515e9-84f2-4741-b1f5-a9247145a2ac: receive RaftClientReply:client-83AFC0B42279->fd4515e9-84f2-4741-b1f5-a9247145a2ac@group-E2152A48AE85, cid=3501, SUCCESS, logIndex=5271, commits[fd4515e9-84f2-4741-b1f5-a9247145a2ac:c5272, 2e3e112c-ad01-4834-a07e-d6d8a7947632:c5270, dfee02f7-0d20-4e08-8ecd-ebe087394a07:c5270]
2019-07-08 20:09:52,801 INFO  client.GrpcClientProtocolClient (GrpcClientProtocolClient.java:onNext(255)) - client-83AFC0B42279->fd4515e9-84f2-4741-b1f5-a9247145a2ac: receive RaftClientReply:client-83AFC0B42279->fd4515e9-84f2-4741-b1f5-a9247145a2ac@group-E2152A48AE85, cid=3502, SUCCESS, logIndex=5272, commits[fd4515e9-84f2-4741-b1f5-a9247145a2ac:c5272, 2e3e112c-ad01-4834-a07e-d6d8a7947632:c5270, dfee02f7-0d20-4e08-8ecd-ebe087394a07:c5270]
2019-07-08 20:09:52,802 INFO  client.GrpcClientProtocolClient (GrpcClientProtocolClient.java:onNext(255)) - client-83AFC0B42279->fd4515e9-84f2-4741-b1f5-a9247145a2ac: receive RaftClientReply:client-83AFC0B42279->fd4515e9-84f2-4741-b1f5-a9247145a2ac@group-E2152A48AE85, cid=3503, SUCCESS, logIndex=5273, commits[fd4515e9-84f2-4741-b1f5-a9247145a2ac:c5273, 2e3e112c-ad01-4834-a07e-d6d8a7947632:c5270, dfee02f7-0d20-4e08-8ecd-ebe087394a07:c5270]
2019-07-08 20:09:52,802 INFO  client.GrpcClientProtocolClient (GrpcClientProtocolClient.java:onNext(255)) - client-83AFC0B42279->fd4515e9-84f2-4741-b1f5-a9247145a2ac: receive RaftClientReply:client-83AFC0B42279->fd4515e9-84f2-4741-b1f5-a9247145a2ac@group-E2152A48AE85, cid=3504, SUCCESS, logIndex=5274, commits[fd4515e9-84f2-4741-b1f5-a9247145a2ac:c5274, 2e3e112c-ad01-4834-a07e-d6d8a7947632:c5270, dfee02f7-0d20-4e08-8ecd-ebe087394a07:c5270]
2019-07-08 20:09:52,803 INFO  client.GrpcClientProtocolClient (GrpcClientProtocolClient.java:onNext(255)) - client-83AFC0B42279->fd4515e9-84f2-4741-b1f5-a9247145a2ac: receive RaftClientReply:client-83AFC0B42279->fd4515e9-84f2-4741-b1f5-a9247145a2ac@group-E2152A48AE85, cid=3505, SUCCESS, logIndex=0, commits[fd4515e9-84f2-4741-b1f5-a9247145a2ac:c5276, 2e3e112c-ad01-4834-a07e-d6d8a7947632:c5272, dfee02f7-0d20-4e08-8ecd-ebe087394a07:c5272]
2019-07-08 20:09:52,822 INFO  client.GrpcClientProtocolClient (GrpcClientProtocolClient.java:onNext(255)) - client-83AFC0B42279->fd4515e9-84f2-4741-b1f5-a9247145a2ac: receive RaftClientReply:client-83AFC0B42279->fd4515e9-84f2-4741-b1f5-a9247145a2ac@group-E2152A48AE85, cid=3506, SUCCESS, logIndex=5279, commits[fd4515e9-84f2-4741-b1f5-a9247145a2ac:c5280, 2e3e112c-ad01-4834-a07e-d6d8a7947632:c5278, dfee02f7-0d20-4e08-8ecd-ebe087394a07:c5278]
2019-07-08 20:09:52,822 INFO  client.GrpcClientProtocolClient (GrpcClientProtocolClient.java:onNext(255)) - client-83AFC0B42279->fd4515e9-84f2-4741-b1f5-a9247145a2ac: receive RaftClientReply:client-83AFC0B42279->fd4515e9-84f2-4741-b1f5-a9247145a2ac@group-E2152A48AE85, cid=3507, SUCCESS, logIndex=5280, commits[fd4515e9-84f2-4741-b1f5-a9247145a2ac:c5280, 2e3e112c-ad01-4834-a07e-d6d8a7947632:c5278, dfee02f7-0d20-4e08-8ecd-ebe087394a07:c5278]
2019-07-08 20:09:52,847 INFO  client.GrpcClientProtocolClient (GrpcClientProtocolClient.java:onNext(255)) - client-83AFC0B42279->fd4515e9-84f2-4741-b1f5-a9247145a2ac: receive RaftClientReply:client-83AFC0B42279->fd4515e9-84f2-4741-b1f5-a9247145a2ac@group-E2152A48AE85, cid=3508, SUCCESS, logIndex=5283, commits[fd4515e9-84f2-4741-b1f5-a9247145a2ac:c5284, 2e3e112c-ad01-4834-a07e-d6d8a7947632:c5280, dfee02f7-0d20-4e08-8ecd-ebe087394a07:c5280]
2019-07-08 20:09:52,847 INFO  client.GrpcClientProtocolClient (GrpcClientProtocolClient.java:onNext(255)) - client-83AFC0B42279->fd4515e9-84f2-4741-b1f5-a9247145a2ac: receive RaftClientReply:client-83AFC0B42279->fd4515e9-84f2-4741-b1f5-a9247145a2ac@group-E2152A48AE85, cid=3509, SUCCESS, logIndex=5284, commits[fd4515e9-84f2-4741-b1f5-a9247145a2ac:c5284, 2e3e112c-ad01-4834-a07e-d6d8a7947632:c5280, dfee02f7-0d20-4e08-8ecd-ebe087394a07:c5280]
2019-07-08 20:09:52,858 INFO  client.GrpcClientProtocolClient (GrpcClientProtocolClient.java:onNext(255)) - client-83AFC0B42279->fd4515e9-84f2-4741-b1f5-a9247145a2ac: receive RaftClientReply:client-83AFC0B42279->fd4515e9-84f2-4741-b1f5-a9247145a2ac@group-E2152A48AE85, cid=3510, SUCCESS, logIndex=0, commits[fd4515e9-84f2-4741-b1f5-a9247145a2ac:c5285, 2e3e112c-ad01-4834-a07e-d6d8a7947632:c5284, dfee02f7-0d20-4e08-8ecd-ebe087394a07:c5284]
2019-07-08 20:09:52,888 INFO  client.GrpcClientProtocolClient (GrpcClientProtocolClient.java:onNext(255)) - client-83AFC0B42279->fd4515e9-84f2-4741-b1f5-a9247145a2ac: receive RaftClientReply:client-83AFC0B42279->fd4515e9-84f2-4741-b1f5-a9247145a2ac@group-E2152A48AE85, cid=3511, SUCCESS, logIndex=5287, commits[fd4515e9-84f2-4741-b1f5-a9247145a2ac:c5288, 2e3e112c-ad01-4834-a07e-d6d8a7947632:c5286, dfee02f7-0d20-4e08-8ecd-ebe087394a07:c5286]
2019-07-08 20:09:52,889 INFO  client.GrpcClientProtocolClient (GrpcClientProtocolClient.java:onNext(255)) - client-83AFC0B42279->fd4515e9-84f2-4741-b1f5-a9247145a2ac: receive RaftClientReply:client-83AFC0B42279->fd4515e9-84f2-4741-b1f5-a9247145a2ac@group-E2152A48AE85, cid=3512, SUCCESS, logIndex=5288, commits[fd4515e9-84f2-4741-b1f5-a9247145a2ac:c5288, 2e3e112c-ad01-4834-a07e-d6d8a7947632:c5286, dfee02f7-0d20-4e08-8ecd-ebe087394a07:c5286]
2019-07-08 20:09:52,889 INFO  client.GrpcClientProtocolClient (GrpcClientProtocolClient.java:onNext(255)) - client-83AFC0B42279->fd4515e9-84f2-4741-b1f5-a9247145a2ac: receive RaftClientReply:client-83AFC0B42279->fd4515e9-84f2-4741-b1f5-a9247145a2ac@group-E2152A48AE85, cid=3513, SUCCESS, logIndex=5289, commits[fd4515e9-84f2-4741-b1f5-a9247145a2ac:c5289, 2e3e112c-ad01-4834-a07e-d6d8a7947632:c5286, dfee02f7-0d20-4e08-8ecd-ebe087394a07:c5286]
2019-07-08 20:09:52,890 INFO  client.GrpcClientProtocolClient (GrpcClientProtocolClient.java:onNext(255)) - client-83AFC0B42279->fd4515e9-84f2-4741-b1f5-a9247145a2ac: receive RaftClientReply:client-83AFC0B42279->fd4515e9-84f2-4741-b1f5-a9247145a2ac@group-E2152A48AE85, cid=3514, SUCCESS, logIndex=5290, commits[fd4515e9-84f2-4741-b1f5-a9247145a2ac:c5290, 2e3e112c-ad01-4834-a07e-d6d8a7947632:c5286, dfee02f7-0d20-4e08-8ecd-ebe087394a07:c5286]
2019-07-08 20:09:52,891 INFO  client.GrpcClientProtocolClient (GrpcClientProtocolClient.java:onNext(255)) - client-83AFC0B42279->fd4515e9-84f2-4741-b1f5-a9247145a2ac: receive RaftClientReply:client-83AFC0B42279->fd4515e9-84f2-4741-b1f5-a9247145a2ac@group-E2152A48AE85, cid=3515, SUCCESS, logIndex=0, commits[fd4515e9-84f2-4741-b1f5-a9247145a2ac:c5292, 2e3e112c-ad01-4834-a07e-d6d8a7947632:c5288, dfee02f7-0d20-4e08-8ecd-ebe087394a07:c5288]
2019-07-08 20:09:52,912 INFO  client.GrpcClientProtocolClient (GrpcClientProtocolClient.java:onNext(255)) - client-83AFC0B42279->fd4515e9-84f2-4741-b1f5-a9247145a2ac: receive RaftClientReply:client-83AFC0B42279->fd4515e9-84f2-4741-b1f5-a9247145a2ac@group-E2152A48AE85, cid=3516, SUCCESS, logIndex=5295, commits[fd4515e9-84f2-4741-b1f5-a9247145a2ac:c5296, 2e3e112c-ad01-4834-a07e-d6d8a7947632:c5294, dfee02f7-0d20-4e08-8ecd-ebe087394a07:c5294]
2019-07-08 20:09:52,912 INFO  client.GrpcClientProtocolClient (GrpcClientProtocolClient.java:onNext(255)) - client-83AFC0B42279->fd4515e9-84f2-4741-b1f5-a9247145a2ac: receive RaftClientReply:client-83AFC0B42279->fd4515e9-84f2-4741-b1f5-a9247145a2ac@group-E2152A48AE85, cid=3517, SUCCESS, logIndex=5296, commits[fd4515e9-84f2-4741-b1f5-a9247145a2ac:c5296, 2e3e112c-ad01-4834-a07e-d6d8a7947632:c5294, dfee02f7-0d20-4e08-8ecd-ebe087394a07:c5294]
2019-07-08 20:09:52,926 INFO  client.GrpcClientProtocolClient (GrpcClientProtocolClient.java:onNext(255)) - client-83AFC0B42279->fd4515e9-84f2-4741-b1f5-a9247145a2ac: receive RaftClientReply:client-83AFC0B42279->fd4515e9-84f2-4741-b1f5-a9247145a2ac@group-E2152A48AE85, cid=3518, SUCCESS, logIndex=5299, commits[fd4515e9-84f2-4741-b1f5-a9247145a2ac:c5300, 2e3e112c-ad01-4834-a07e-d6d8a7947632:c5296, dfee02f7-0d20-4e08-8ecd-ebe087394a07:c5296]
2019-07-08 20:09:52,926 INFO  client.GrpcClientProtocolClient (GrpcClientProtocolClient.java:onNext(255)) - client-83AFC0B42279->fd4515e9-84f2-4741-b1f5-a9247145a2ac: receive RaftClientReply:client-83AFC0B42279->fd4515e9-84f2-4741-b1f5-a9247145a2ac@group-E2152A48AE85, cid=3519, SUCCESS, logIndex=5300, commits[fd4515e9-84f2-4741-b1f5-a9247145a2ac:c5300, 2e3e112c-ad01-4834-a07e-d6d8a7947632:c5296, dfee02f7-0d20-4e08-8ecd-ebe087394a07:c5296]
2019-07-08 20:09:52,938 INFO  client.GrpcClientProtocolClient (GrpcClientProtocolClient.java:onNext(255)) - client-83AFC0B42279->fd4515e9-84f2-4741-b1f5-a9247145a2ac: receive RaftClientReply:client-83AFC0B42279->fd4515e9-84f2-4741-b1f5-a9247145a2ac@group-E2152A48AE85, cid=3520, SUCCESS, logIndex=0, commits[fd4515e9-84f2-4741-b1f5-a9247145a2ac:c5301, 2e3e112c-ad01-4834-a07e-d6d8a7947632:c5300, dfee02f7-0d20-4e08-8ecd-ebe087394a07:c5300]
2019-07-08 20:09:52,969 INFO  client.GrpcClientProtocolClient (GrpcClientProtocolClient.java:onNext(255)) - client-83AFC0B42279->fd4515e9-84f2-4741-b1f5-a9247145a2ac: receive RaftClientReply:client-83AFC0B42279->fd4515e9-84f2-4741-b1f5-a9247145a2ac@group-E2152A48AE85, cid=3521, SUCCESS, logIndex=5303, commits[fd4515e9-84f2-4741-b1f5-a9247145a2ac:c5304, 2e3e112c-ad01-4834-a07e-d6d8a7947632:c5300, dfee02f7-0d20-4e08-8ecd-ebe087394a07:c5302]
2019-07-08 20:09:52,970 INFO  client.GrpcClientProtocolClient (GrpcClientProtocolClient.java:onNext(255)) - client-83AFC0B42279->fd4515e9-84f2-4741-b1f5-a9247145a2ac: receive RaftClientReply:client-83AFC0B42279->fd4515e9-84f2-4741-b1f5-a9247145a2ac@group-E2152A48AE85, cid=3522, SUCCESS, logIndex=5304, commits[fd4515e9-84f2-4741-b1f5-a9247145a2ac:c5304, 2e3e112c-ad01-4834-a07e-d6d8a7947632:c5302, dfee02f7-0d20-4e08-8ecd-ebe087394a07:c5302]
2019-07-08 20:09:52,971 INFO  client.GrpcClientProtocolClient (GrpcClientProtocolClient.java:onNext(255)) - client-83AFC0B42279->fd4515e9-84f2-4741-b1f5-a9247145a2ac: receive RaftClientReply:client-83AFC0B42279->fd4515e9-84f2-4741-b1f5-a9247145a2ac@group-E2152A48AE85, cid=3523, SUCCESS, logIndex=5305, commits[fd4515e9-84f2-4741-b1f5-a9247145a2ac:c5306, 2e3e112c-ad01-4834-a07e-d6d8a7947632:c5302, dfee02f7-0d20-4e08-8ecd-ebe087394a07:c5302]
2019-07-08 20:09:52,971 INFO  client.GrpcClientProtocolClient (GrpcClientProtocolClient.java:onNext(255)) - client-83AFC0B42279->fd4515e9-84f2-4741-b1f5-a9247145a2ac: receive RaftClientReply:client-83AFC0B42279->fd4515e9-84f2-4741-b1f5-a9247145a2ac@group-E2152A48AE85, cid=3524, SUCCESS, logIndex=5306, commits[fd4515e9-84f2-4741-b1f5-a9247145a2ac:c5307, 2e3e112c-ad01-4834-a07e-d6d8a7947632:c5302, dfee02f7-0d20-4e08-8ecd-ebe087394a07:c5304]
2019-07-08 20:09:52,972 INFO  client.GrpcClientProtocolClient (GrpcClientProtocolClient.java:onNext(255)) - client-83AFC0B42279->fd4515e9-84f2-4741-b1f5-a9247145a2ac: receive RaftClientReply:client-83AFC0B42279->fd4515e9-84f2-4741-b1f5-a9247145a2ac@group-E2152A48AE85, cid=3525, SUCCESS, logIndex=0, commits[fd4515e9-84f2-4741-b1f5-a9247145a2ac:c5308, 2e3e112c-ad01-4834-a07e-d6d8a7947632:c5304, dfee02f7-0d20-4e08-8ecd-ebe087394a07:c5304]
2019-07-08 20:09:52,993 INFO  client.GrpcClientProtocolClient (GrpcClientProtocolClient.java:onNext(255)) - client-83AFC0B42279->fd4515e9-84f2-4741-b1f5-a9247145a2ac: receive RaftClientReply:client-83AFC0B42279->fd4515e9-84f2-4741-b1f5-a9247145a2ac@group-E2152A48AE85, cid=3526, SUCCESS, logIndex=5311, commits[fd4515e9-84f2-4741-b1f5-a9247145a2ac:c5311, 2e3e112c-ad01-4834-a07e-d6d8a7947632:c5310, dfee02f7-0d20-4e08-8ecd-ebe087394a07:c5310]
2019-07-08 20:09:52,993 INFO  client.GrpcClientProtocolClient (GrpcClientProtocolClient.java:onNext(255)) - client-83AFC0B42279->fd4515e9-84f2-4741-b1f5-a9247145a2ac: receive RaftClientReply:client-83AFC0B42279->fd4515e9-84f2-4741-b1f5-a9247145a2ac@group-E2152A48AE85, cid=3527, SUCCESS, logIndex=5312, commits[fd4515e9-84f2-4741-b1f5-a9247145a2ac:c5312, 2e3e112c-ad01-4834-a07e-d6d8a7947632:c5310, dfee02f7-0d20-4e08-8ecd-ebe087394a07:c5310]
2019-07-08 20:09:53,017 INFO  client.GrpcClientProtocolClient (GrpcClientProtocolClient.java:onNext(255)) - client-83AFC0B42279->fd4515e9-84f2-4741-b1f5-a9247145a2ac: receive RaftClientReply:client-83AFC0B42279->fd4515e9-84f2-4741-b1f5-a9247145a2ac@group-E2152A48AE85, cid=3528, SUCCESS, logIndex=5315, commits[fd4515e9-84f2-4741-b1f5-a9247145a2ac:c5316, 2e3e112c-ad01-4834-a07e-d6d8a7947632:c5312, dfee02f7-0d20-4e08-8ecd-ebe087394a07:c5311]
2019-07-08 20:09:53,017 INFO  client.GrpcClientProtocolClient (GrpcClientProtocolClient.java:onNext(255)) - client-83AFC0B42279->fd4515e9-84f2-4741-b1f5-a9247145a2ac: receive RaftClientReply:client-83AFC0B42279->fd4515e9-84f2-4741-b1f5-a9247145a2ac@group-E2152A48AE85, cid=3529, SUCCESS, logIndex=5316, commits[fd4515e9-84f2-4741-b1f5-a9247145a2ac:c5316, 2e3e112c-ad01-4834-a07e-d6d8a7947632:c5312, dfee02f7-0d20-4e08-8ecd-ebe087394a07:c5311]
2019-07-08 20:09:53,018 INFO  client.GrpcClientProtocolClient (GrpcClientProtocolClient.java:onNext(255)) - client-83AFC0B42279->fd4515e9-84f2-4741-b1f5-a9247145a2ac: receive RaftClientReply:client-83AFC0B42279->fd4515e9-84f2-4741-b1f5-a9247145a2ac@group-E2152A48AE85, cid=3530, SUCCESS, logIndex=0, commits[fd4515e9-84f2-4741-b1f5-a9247145a2ac:c5317, 2e3e112c-ad01-4834-a07e-d6d8a7947632:c5315, dfee02f7-0d20-4e08-8ecd-ebe087394a07:c5312]
2019-07-08 20:09:53,020 INFO  client.GrpcClientProtocolClient (GrpcClientProtocolClient.java:onNext(255)) - client-83AFC0B42279->fd4515e9-84f2-4741-b1f5-a9247145a2ac: receive RaftClientReply:client-83AFC0B42279->fd4515e9-84f2-4741-b1f5-a9247145a2ac@group-E2152A48AE85, cid=3531, SUCCESS, logIndex=0, commits[fd4515e9-84f2-4741-b1f5-a9247145a2ac:c5318, 2e3e112c-ad01-4834-a07e-d6d8a7947632:c5316, dfee02f7-0d20-4e08-8ecd-ebe087394a07:c5316]
2019-07-08 20:09:53,179 INFO  client.GrpcClientProtocolClient (GrpcClientProtocolClient.java:onNext(255)) - client-83AFC0B42279->fd4515e9-84f2-4741-b1f5-a9247145a2ac: receive RaftClientReply:client-83AFC0B42279->fd4515e9-84f2-4741-b1f5-a9247145a2ac@group-E2152A48AE85, cid=3532, SUCCESS, logIndex=5319, commits[fd4515e9-84f2-4741-b1f5-a9247145a2ac:c5320, 2e3e112c-ad01-4834-a07e-d6d8a7947632:c5318, dfee02f7-0d20-4e08-8ecd-ebe087394a07:c5318]
2019-07-08 20:09:53,179 INFO  client.GrpcClientProtocolClient (GrpcClientProtocolClient.java:onNext(255)) - client-83AFC0B42279->fd4515e9-84f2-4741-b1f5-a9247145a2ac: receive RaftClientReply:client-83AFC0B42279->fd4515e9-84f2-4741-b1f5-a9247145a2ac@group-E2152A48AE85, cid=3533, SUCCESS, logIndex=5320, commits[fd4515e9-84f2-4741-b1f5-a9247145a2ac:c5320, 2e3e112c-ad01-4834-a07e-d6d8a7947632:c5318, dfee02f7-0d20-4e08-8ecd-ebe087394a07:c5318]
2019-07-08 20:09:53,180 INFO  client.GrpcClientProtocolClient (GrpcClientProtocolClient.java:onNext(255)) - client-83AFC0B42279->fd4515e9-84f2-4741-b1f5-a9247145a2ac: receive RaftClientReply:client-83AFC0B42279->fd4515e9-84f2-4741-b1f5-a9247145a2ac@group-E2152A48AE85, cid=3534, SUCCESS, logIndex=5321, commits[fd4515e9-84f2-4741-b1f5-a9247145a2ac:c5322, 2e3e112c-ad01-4834-a07e-d6d8a7947632:c5318, dfee02f7-0d20-4e08-8ecd-ebe087394a07:c5318]
2019-07-08 20:09:53,180 INFO  client.GrpcClientProtocolClient (GrpcClientProtocolClient.java:onNext(255)) - client-83AFC0B42279->fd4515e9-84f2-4741-b1f5-a9247145a2ac: receive RaftClientReply:client-83AFC0B42279->fd4515e9-84f2-4741-b1f5-a9247145a2ac@group-E2152A48AE85, cid=3535, SUCCESS, logIndex=5322, commits[fd4515e9-84f2-4741-b1f5-a9247145a2ac:c5322, 2e3e112c-ad01-4834-a07e-d6d8a7947632:c5318, dfee02f7-0d20-4e08-8ecd-ebe087394a07:c5318]
2019-07-08 20:09:53,181 INFO  client.GrpcClientProtocolClient (GrpcClientProtocolClient.java:onNext(255)) - client-83AFC0B42279->fd4515e9-84f2-4741-b1f5-a9247145a2ac: receive RaftClientReply:client-83AFC0B42279->fd4515e9-84f2-4741-b1f5-a9247145a2ac@group-E2152A48AE85, cid=3536, SUCCESS, logIndex=0, commits[fd4515e9-84f2-4741-b1f5-a9247145a2ac:c5324, 2e3e112c-ad01-4834-a07e-d6d8a7947632:c5320, dfee02f7-0d20-4e08-8ecd-ebe087394a07:c5320]
2019-07-08 20:09:53,189 INFO  segmented.SegmentedRaftLogWorker (SegmentedRaftLogWorker.java:rollLogSegment(385)) - fd4515e9-84f2-4741-b1f5-a9247145a2ac-SegmentedRaftLogWorker:Storage Directory /tmp/workdir/hadoop-ozone/tools/target/test-dir/MiniOzoneClusterImpl-bb7859a4-b047-49d5-858a-0510076cdbe1/datanode-1/data/ratis/42be5da9-4eac-49e1-a09d-e2152a48ae85: Rolling segment log-0_5327 to index:5327
2019-07-08 20:09:53,192 INFO  segmented.SegmentedRaftLogWorker (SegmentedRaftLogWorker.java:rollLogSegment(385)) - dfee02f7-0d20-4e08-8ecd-ebe087394a07-SegmentedRaftLogWorker:Storage Directory /tmp/workdir/hadoop-ozone/tools/target/test-dir/MiniOzoneClusterImpl-bb7859a4-b047-49d5-858a-0510076cdbe1/datanode-3/data/ratis/42be5da9-4eac-49e1-a09d-e2152a48ae85: Rolling segment log-0_5327 to index:5327
2019-07-08 20:09:53,192 INFO  segmented.SegmentedRaftLogWorker (SegmentedRaftLogWorker.java:rollLogSegment(385)) - 2e3e112c-ad01-4834-a07e-d6d8a7947632-SegmentedRaftLogWorker:Storage Directory /tmp/workdir/hadoop-ozone/tools/target/test-dir/MiniOzoneClusterImpl-bb7859a4-b047-49d5-858a-0510076cdbe1/datanode-4/data/ratis/42be5da9-4eac-49e1-a09d-e2152a48ae85: Rolling segment log-0_5327 to index:5327
2019-07-08 20:09:53,203 INFO  segmented.SegmentedRaftLogWorker (SegmentedRaftLogWorker.java:execute(526)) - 2e3e112c-ad01-4834-a07e-d6d8a7947632-SegmentedRaftLogWorker:Storage Directory /tmp/workdir/hadoop-ozone/tools/target/test-dir/MiniOzoneClusterImpl-bb7859a4-b047-49d5-858a-0510076cdbe1/datanode-4/data/ratis/42be5da9-4eac-49e1-a09d-e2152a48ae85: Rolled log segment from /tmp/workdir/hadoop-ozone/tools/target/test-dir/MiniOzoneClusterImpl-bb7859a4-b047-49d5-858a-0510076cdbe1/datanode-4/data/ratis/42be5da9-4eac-49e1-a09d-e2152a48ae85/current/log_inprogress_0 to /tmp/workdir/hadoop-ozone/tools/target/test-dir/MiniOzoneClusterImpl-bb7859a4-b047-49d5-858a-0510076cdbe1/datanode-4/data/ratis/42be5da9-4eac-49e1-a09d-e2152a48ae85/current/log_0-5327
2019-07-08 20:09:53,203 INFO  segmented.SegmentedRaftLogWorker (SegmentedRaftLogWorker.java:execute(526)) - fd4515e9-84f2-4741-b1f5-a9247145a2ac-SegmentedRaftLogWorker:Storage Directory /tmp/workdir/hadoop-ozone/tools/target/test-dir/MiniOzoneClusterImpl-bb7859a4-b047-49d5-858a-0510076cdbe1/datanode-1/data/ratis/42be5da9-4eac-49e1-a09d-e2152a48ae85: Rolled log segment from /tmp/workdir/hadoop-ozone/tools/target/test-dir/MiniOzoneClusterImpl-bb7859a4-b047-49d5-858a-0510076cdbe1/datanode-1/data/ratis/42be5da9-4eac-49e1-a09d-e2152a48ae85/current/log_inprogress_0 to /tmp/workdir/hadoop-ozone/tools/target/test-dir/MiniOzoneClusterImpl-bb7859a4-b047-49d5-858a-0510076cdbe1/datanode-1/data/ratis/42be5da9-4eac-49e1-a09d-e2152a48ae85/current/log_0-5327
2019-07-08 20:09:53,203 INFO  segmented.SegmentedRaftLogWorker (SegmentedRaftLogWorker.java:execute(526)) - dfee02f7-0d20-4e08-8ecd-ebe087394a07-SegmentedRaftLogWorker:Storage Directory /tmp/workdir/hadoop-ozone/tools/target/test-dir/MiniOzoneClusterImpl-bb7859a4-b047-49d5-858a-0510076cdbe1/datanode-3/data/ratis/42be5da9-4eac-49e1-a09d-e2152a48ae85: Rolled log segment from /tmp/workdir/hadoop-ozone/tools/target/test-dir/MiniOzoneClusterImpl-bb7859a4-b047-49d5-858a-0510076cdbe1/datanode-3/data/ratis/42be5da9-4eac-49e1-a09d-e2152a48ae85/current/log_inprogress_0 to /tmp/workdir/hadoop-ozone/tools/target/test-dir/MiniOzoneClusterImpl-bb7859a4-b047-49d5-858a-0510076cdbe1/datanode-3/data/ratis/42be5da9-4eac-49e1-a09d-e2152a48ae85/current/log_0-5327
2019-07-08 20:09:53,210 INFO  client.GrpcClientProtocolClient (GrpcClientProtocolClient.java:onNext(255)) - client-83AFC0B42279->fd4515e9-84f2-4741-b1f5-a9247145a2ac: receive RaftClientReply:client-83AFC0B42279->fd4515e9-84f2-4741-b1f5-a9247145a2ac@group-E2152A48AE85, cid=3537, SUCCESS, logIndex=5327, commits[fd4515e9-84f2-4741-b1f5-a9247145a2ac:c5327, 2e3e112c-ad01-4834-a07e-d6d8a7947632:c5326, dfee02f7-0d20-4e08-8ecd-ebe087394a07:c5326]
2019-07-08 20:09:53,243 INFO  segmented.SegmentedRaftLogWorker (SegmentedRaftLogWorker.java:execute(569)) - 2e3e112c-ad01-4834-a07e-d6d8a7947632-SegmentedRaftLogWorker:Storage Directory /tmp/workdir/hadoop-ozone/tools/target/test-dir/MiniOzoneClusterImpl-bb7859a4-b047-49d5-858a-0510076cdbe1/datanode-4/data/ratis/42be5da9-4eac-49e1-a09d-e2152a48ae85: created new log segment /tmp/workdir/hadoop-ozone/tools/target/test-dir/MiniOzoneClusterImpl-bb7859a4-b047-49d5-858a-0510076cdbe1/datanode-4/data/ratis/42be5da9-4eac-49e1-a09d-e2152a48ae85/current/log_inprogress_5328
2019-07-08 20:09:53,243 INFO  segmented.SegmentedRaftLogWorker (SegmentedRaftLogWorker.java:execute(569)) - dfee02f7-0d20-4e08-8ecd-ebe087394a07-SegmentedRaftLogWorker:Storage Directory /tmp/workdir/hadoop-ozone/tools/target/test-dir/MiniOzoneClusterImpl-bb7859a4-b047-49d5-858a-0510076cdbe1/datanode-3/data/ratis/42be5da9-4eac-49e1-a09d-e2152a48ae85: created new log segment /tmp/workdir/hadoop-ozone/tools/target/test-dir/MiniOzoneClusterImpl-bb7859a4-b047-49d5-858a-0510076cdbe1/datanode-3/data/ratis/42be5da9-4eac-49e1-a09d-e2152a48ae85/current/log_inprogress_5328
2019-07-08 20:09:53,243 INFO  segmented.SegmentedRaftLogWorker (SegmentedRaftLogWorker.java:execute(569)) - fd4515e9-84f2-4741-b1f5-a9247145a2ac-SegmentedRaftLogWorker:Storage Directory /tmp/workdir/hadoop-ozone/tools/target/test-dir/MiniOzoneClusterImpl-bb7859a4-b047-49d5-858a-0510076cdbe1/datanode-1/data/ratis/42be5da9-4eac-49e1-a09d-e2152a48ae85: created new log segment /tmp/workdir/hadoop-ozone/tools/target/test-dir/MiniOzoneClusterImpl-bb7859a4-b047-49d5-858a-0510076cdbe1/datanode-1/data/ratis/42be5da9-4eac-49e1-a09d-e2152a48ae85/current/log_inprogress_5328
2019-07-08 20:09:53,258 INFO  client.GrpcClientProtocolClient (GrpcClientProtocolClient.java:onNext(255)) - client-83AFC0B42279->fd4515e9-84f2-4741-b1f5-a9247145a2ac: receive RaftClientReply:client-83AFC0B42279->fd4515e9-84f2-4741-b1f5-a9247145a2ac@group-E2152A48AE85, cid=3538, SUCCESS, logIndex=5328, commits[fd4515e9-84f2-4741-b1f5-a9247145a2ac:c5329, 2e3e112c-ad01-4834-a07e-d6d8a7947632:c5327, dfee02f7-0d20-4e08-8ecd-ebe087394a07:c5326]
2019-07-08 20:09:53,284 INFO  client.GrpcClientProtocolClient (GrpcClientProtocolClient.java:onNext(255)) - client-83AFC0B42279->fd4515e9-84f2-4741-b1f5-a9247145a2ac: receive RaftClientReply:client-83AFC0B42279->fd4515e9-84f2-4741-b1f5-a9247145a2ac@group-E2152A48AE85, cid=3539, SUCCESS, logIndex=5331, commits[fd4515e9-84f2-4741-b1f5-a9247145a2ac:c5332, 2e3e112c-ad01-4834-a07e-d6d8a7947632:c5329, dfee02f7-0d20-4e08-8ecd-ebe087394a07:c5329]
2019-07-08 20:09:53,286 INFO  client.GrpcClientProtocolClient (GrpcClientProtocolClient.java:onNext(255)) - client-83AFC0B42279->fd4515e9-84f2-4741-b1f5-a9247145a2ac: receive RaftClientReply:client-83AFC0B42279->fd4515e9-84f2-4741-b1f5-a9247145a2ac@group-E2152A48AE85, cid=3540, SUCCESS, logIndex=5332, commits[fd4515e9-84f2-4741-b1f5-a9247145a2ac:c5332, 2e3e112c-ad01-4834-a07e-d6d8a7947632:c5329, dfee02f7-0d20-4e08-8ecd-ebe087394a07:c5329]
2019-07-08 20:09:53,295 INFO  client.GrpcClientProtocolClient (GrpcClientProtocolClient.java:onNext(255)) - client-83AFC0B42279->fd4515e9-84f2-4741-b1f5-a9247145a2ac: receive RaftClientReply:client-83AFC0B42279->fd4515e9-84f2-4741-b1f5-a9247145a2ac@group-E2152A48AE85, cid=3541, SUCCESS, logIndex=0, commits[fd4515e9-84f2-4741-b1f5-a9247145a2ac:c5333, 2e3e112c-ad01-4834-a07e-d6d8a7947632:c5332, dfee02f7-0d20-4e08-8ecd-ebe087394a07:c5332]
2019-07-08 20:09:53,331 INFO  client.GrpcClientProtocolClient (GrpcClientProtocolClient.java:onNext(255)) - client-83AFC0B42279->fd4515e9-84f2-4741-b1f5-a9247145a2ac: receive RaftClientReply:client-83AFC0B42279->fd4515e9-84f2-4741-b1f5-a9247145a2ac@group-E2152A48AE85, cid=3542, SUCCESS, logIndex=5335, commits[fd4515e9-84f2-4741-b1f5-a9247145a2ac:c5336, 2e3e112c-ad01-4834-a07e-d6d8a7947632:c5334, dfee02f7-0d20-4e08-8ecd-ebe087394a07:c5334]
2019-07-08 20:09:53,332 INFO  client.GrpcClientProtocolClient (GrpcClientProtocolClient.java:onNext(255)) - client-83AFC0B42279->fd4515e9-84f2-4741-b1f5-a9247145a2ac: receive RaftClientReply:client-83AFC0B42279->fd4515e9-84f2-4741-b1f5-a9247145a2ac@group-E2152A48AE85, cid=3543, SUCCESS, logIndex=5336, commits[fd4515e9-84f2-4741-b1f5-a9247145a2ac:c5337, 2e3e112c-ad01-4834-a07e-d6d8a7947632:c5334, dfee02f7-0d20-4e08-8ecd-ebe087394a07:c5334]
2019-07-08 20:09:53,332 INFO  client.GrpcClientProtocolClient (GrpcClientProtocolClient.java:onNext(255)) - client-83AFC0B42279->fd4515e9-84f2-4741-b1f5-a9247145a2ac: receive RaftClientReply:client-83AFC0B42279->fd4515e9-84f2-4741-b1f5-a9247145a2ac@group-E2152A48AE85, cid=3544, SUCCESS, logIndex=5337, commits[fd4515e9-84f2-4741-b1f5-a9247145a2ac:c5338, 2e3e112c-ad01-4834-a07e-d6d8a7947632:c5334, dfee02f7-0d20-4e08-8ecd-ebe087394a07:c5334]
2019-07-08 20:09:53,333 INFO  client.GrpcClientProtocolClient (GrpcClientProtocolClient.java:onNext(255)) - client-83AFC0B42279->fd4515e9-84f2-4741-b1f5-a9247145a2ac: receive RaftClientReply:client-83AFC0B42279->fd4515e9-84f2-4741-b1f5-a9247145a2ac@group-E2152A48AE85, cid=3545, SUCCESS, logIndex=5338, commits[fd4515e9-84f2-4741-b1f5-a9247145a2ac:c5338, 2e3e112c-ad01-4834-a07e-d6d8a7947632:c5334, dfee02f7-0d20-4e08-8ecd-ebe087394a07:c5334]
2019-07-08 20:09:53,334 INFO  client.GrpcClientProtocolClient (GrpcClientProtocolClient.java:onNext(255)) - client-83AFC0B42279->fd4515e9-84f2-4741-b1f5-a9247145a2ac: receive RaftClientReply:client-83AFC0B42279->fd4515e9-84f2-4741-b1f5-a9247145a2ac@group-E2152A48AE85, cid=3546, SUCCESS, logIndex=0, commits[fd4515e9-84f2-4741-b1f5-a9247145a2ac:c5340, 2e3e112c-ad01-4834-a07e-d6d8a7947632:c5336, dfee02f7-0d20-4e08-8ecd-ebe087394a07:c5336]
2019-07-08 20:09:53,355 INFO  client.GrpcClientProtocolClient (GrpcClientProtocolClient.java:onNext(255)) - client-83AFC0B42279->fd4515e9-84f2-4741-b1f5-a9247145a2ac: receive RaftClientReply:client-83AFC0B42279->fd4515e9-84f2-4741-b1f5-a9247145a2ac@group-E2152A48AE85, cid=3547, SUCCESS, logIndex=5343, commits[fd4515e9-84f2-4741-b1f5-a9247145a2ac:c5344, 2e3e112c-ad01-4834-a07e-d6d8a7947632:c5342, dfee02f7-0d20-4e08-8ecd-ebe087394a07:c5342]
2019-07-08 20:09:53,356 INFO  client.GrpcClientProtocolClient (GrpcClientProtocolClient.java:onNext(255)) - client-83AFC0B42279->fd4515e9-84f2-4741-b1f5-a9247145a2ac: receive RaftClientReply:client-83AFC0B42279->fd4515e9-84f2-4741-b1f5-a9247145a2ac@group-E2152A48AE85, cid=3548, SUCCESS, logIndex=5344, commits[fd4515e9-84f2-4741-b1f5-a9247145a2ac:c5344, 2e3e112c-ad01-4834-a07e-d6d8a7947632:c5342, dfee02f7-0d20-4e08-8ecd-ebe087394a07:c5342]
2019-07-08 20:09:53,376 INFO  client.GrpcClientProtocolClient (GrpcClientProtocolClient.java:onNext(255)) - client-83AFC0B42279->fd4515e9-84f2-4741-b1f5-a9247145a2ac: receive RaftClientReply:client-83AFC0B42279->fd4515e9-84f2-4741-b1f5-a9247145a2ac@group-E2152A48AE85, cid=3549, SUCCESS, logIndex=5347, commits[fd4515e9-84f2-4741-b1f5-a9247145a2ac:c5347, 2e3e112c-ad01-4834-a07e-d6d8a7947632:c5344, dfee02f7-0d20-4e08-8ecd-ebe087394a07:c5344]
2019-07-08 20:09:53,376 INFO  client.GrpcClientProtocolClient (GrpcClientProtocolClient.java:onNext(255)) - client-83AFC0B42279->fd4515e9-84f2-4741-b1f5-a9247145a2ac: receive RaftClientReply:client-83AFC0B42279->fd4515e9-84f2-4741-b1f5-a9247145a2ac@group-E2152A48AE85, cid=3550, SUCCESS, logIndex=5348, commits[fd4515e9-84f2-4741-b1f5-a9247145a2ac:c5348, 2e3e112c-ad01-4834-a07e-d6d8a7947632:c5344, dfee02f7-0d20-4e08-8ecd-ebe087394a07:c5344]
2019-07-08 20:09:53,390 INFO  client.GrpcClientProtocolClient (GrpcClientProtocolClient.java:onNext(255)) - client-83AFC0B42279->fd4515e9-84f2-4741-b1f5-a9247145a2ac: receive RaftClientReply:client-83AFC0B42279->fd4515e9-84f2-4741-b1f5-a9247145a2ac@group-E2152A48AE85, cid=3551, SUCCESS, logIndex=0, commits[fd4515e9-84f2-4741-b1f5-a9247145a2ac:c5350, 2e3e112c-ad01-4834-a07e-d6d8a7947632:c5348, dfee02f7-0d20-4e08-8ecd-ebe087394a07:c5348]
2019-07-08 20:09:53,423 INFO  client.GrpcClientProtocolClient (GrpcClientProtocolClient.java:onNext(255)) - client-83AFC0B42279->fd4515e9-84f2-4741-b1f5-a9247145a2ac: receive RaftClientReply:client-83AFC0B42279->fd4515e9-84f2-4741-b1f5-a9247145a2ac@group-E2152A48AE85, cid=3552, SUCCESS, logIndex=5351, commits[fd4515e9-84f2-4741-b1f5-a9247145a2ac:c5352, 2e3e112c-ad01-4834-a07e-d6d8a7947632:c5350, dfee02f7-0d20-4e08-8ecd-ebe087394a07:c5350]
2019-07-08 20:09:53,424 INFO  client.GrpcClientProtocolClient (GrpcClientProtocolClient.java:onNext(255)) - client-83AFC0B42279->fd4515e9-84f2-4741-b1f5-a9247145a2ac: receive RaftClientReply:client-83AFC0B42279->fd4515e9-84f2-4741-b1f5-a9247145a2ac@group-E2152A48AE85, cid=3553, SUCCESS, logIndex=5352, commits[fd4515e9-84f2-4741-b1f5-a9247145a2ac:c5352, 2e3e112c-ad01-4834-a07e-d6d8a7947632:c5350, dfee02f7-0d20-4e08-8ecd-ebe087394a07:c5350]
2019-07-08 20:09:53,424 INFO  client.GrpcClientProtocolClient (GrpcClientProtocolClient.java:onNext(255)) - client-83AFC0B42279->fd4515e9-84f2-4741-b1f5-a9247145a2ac: receive RaftClientReply:client-83AFC0B42279->fd4515e9-84f2-4741-b1f5-a9247145a2ac@group-E2152A48AE85, cid=3554, SUCCESS, logIndex=5353, commits[fd4515e9-84f2-4741-b1f5-a9247145a2ac:c5354, 2e3e112c-ad01-4834-a07e-d6d8a7947632:c5350, dfee02f7-0d20-4e08-8ecd-ebe087394a07:c5350]
2019-07-08 20:09:53,425 INFO  client.GrpcClientProtocolClient (GrpcClientProtocolClient.java:onNext(255)) - client-83AFC0B42279->fd4515e9-84f2-4741-b1f5-a9247145a2ac: receive RaftClientReply:client-83AFC0B42279->fd4515e9-84f2-4741-b1f5-a9247145a2ac@group-E2152A48AE85, cid=3555, SUCCESS, logIndex=5354, commits[fd4515e9-84f2-4741-b1f5-a9247145a2ac:c5354, 2e3e112c-ad01-4834-a07e-d6d8a7947632:c5350, dfee02f7-0d20-4e08-8ecd-ebe087394a07:c5350]
2019-07-08 20:09:53,427 INFO  client.GrpcClientProtocolClient (GrpcClientProtocolClient.java:onNext(255)) - client-83AFC0B42279->fd4515e9-84f2-4741-b1f5-a9247145a2ac: receive RaftClientReply:client-83AFC0B42279->fd4515e9-84f2-4741-b1f5-a9247145a2ac@group-E2152A48AE85, cid=3556, SUCCESS, logIndex=0, commits[fd4515e9-84f2-4741-b1f5-a9247145a2ac:c5358, 2e3e112c-ad01-4834-a07e-d6d8a7947632:c5354, dfee02f7-0d20-4e08-8ecd-ebe087394a07:c5352]
2019-07-08 20:09:53,447 INFO  client.GrpcClientProtocolClient (GrpcClientProtocolClient.java:onNext(255)) - client-83AFC0B42279->fd4515e9-84f2-4741-b1f5-a9247145a2ac: receive RaftClientReply:client-83AFC0B42279->fd4515e9-84f2-4741-b1f5-a9247145a2ac@group-E2152A48AE85, cid=3557, SUCCESS, logIndex=5359, commits[fd4515e9-84f2-4741-b1f5-a9247145a2ac:c5360, 2e3e112c-ad01-4834-a07e-d6d8a7947632:c5358, dfee02f7-0d20-4e08-8ecd-ebe087394a07:c5358]
2019-07-08 20:09:53,447 INFO  client.GrpcClientProtocolClient (GrpcClientProtocolClient.java:onNext(255)) - client-83AFC0B42279->fd4515e9-84f2-4741-b1f5-a9247145a2ac: receive RaftClientReply:client-83AFC0B42279->fd4515e9-84f2-4741-b1f5-a9247145a2ac@group-E2152A48AE85, cid=3558, SUCCESS, logIndex=5360, commits[fd4515e9-84f2-4741-b1f5-a9247145a2ac:c5360, 2e3e112c-ad01-4834-a07e-d6d8a7947632:c5358, dfee02f7-0d20-4e08-8ecd-ebe087394a07:c5358]
2019-07-08 20:09:53,460 INFO  client.GrpcClientProtocolClient (GrpcClientProtocolClient.java:onNext(255)) - client-83AFC0B42279->fd4515e9-84f2-4741-b1f5-a9247145a2ac: receive RaftClientReply:client-83AFC0B42279->fd4515e9-84f2-4741-b1f5-a9247145a2ac@group-E2152A48AE85, cid=3559, SUCCESS, logIndex=5363, commits[fd4515e9-84f2-4741-b1f5-a9247145a2ac:c5364, 2e3e112c-ad01-4834-a07e-d6d8a7947632:c5360, dfee02f7-0d20-4e08-8ecd-ebe087394a07:c5360]
2019-07-08 20:09:53,460 INFO  client.GrpcClientProtocolClient (GrpcClientProtocolClient.java:onNext(255)) - client-83AFC0B42279->fd4515e9-84f2-4741-b1f5-a9247145a2ac: receive RaftClientReply:client-83AFC0B42279->fd4515e9-84f2-4741-b1f5-a9247145a2ac@group-E2152A48AE85, cid=3560, SUCCESS, logIndex=5364, commits[fd4515e9-84f2-4741-b1f5-a9247145a2ac:c5364, 2e3e112c-ad01-4834-a07e-d6d8a7947632:c5360, dfee02f7-0d20-4e08-8ecd-ebe087394a07:c5360]
2019-07-08 20:09:53,472 INFO  client.GrpcClientProtocolClient (GrpcClientProtocolClient.java:onNext(255)) - client-83AFC0B42279->fd4515e9-84f2-4741-b1f5-a9247145a2ac: receive RaftClientReply:client-83AFC0B42279->fd4515e9-84f2-4741-b1f5-a9247145a2ac@group-E2152A48AE85, cid=3561, SUCCESS, logIndex=0, commits[fd4515e9-84f2-4741-b1f5-a9247145a2ac:c5365, 2e3e112c-ad01-4834-a07e-d6d8a7947632:c5364, dfee02f7-0d20-4e08-8ecd-ebe087394a07:c5364]
 0.00% |█                                                                                                    |  0/1 Time: 0:00:322019-07-08 20:09:53,503 INFO  client.GrpcClientProtocolClient (GrpcClientProtocolClient.java:onNext(255)) - client-83AFC0B42279->fd4515e9-84f2-4741-b1f5-a9247145a2ac: receive RaftClientReply:client-83AFC0B42279->fd4515e9-84f2-4741-b1f5-a9247145a2ac@group-E2152A48AE85, cid=3562, SUCCESS, logIndex=5367, commits[fd4515e9-84f2-4741-b1f5-a9247145a2ac:c5369, 2e3e112c-ad01-4834-a07e-d6d8a7947632:c5366, dfee02f7-0d20-4e08-8ecd-ebe087394a07:c5366]
2019-07-08 20:09:53,503 INFO  client.GrpcClientProtocolClient (GrpcClientProtocolClient.java:onNext(255)) - client-83AFC0B42279->fd4515e9-84f2-4741-b1f5-a9247145a2ac: receive RaftClientReply:client-83AFC0B42279->fd4515e9-84f2-4741-b1f5-a9247145a2ac@group-E2152A48AE85, cid=3563, SUCCESS, logIndex=5368, commits[fd4515e9-84f2-4741-b1f5-a9247145a2ac:c5370, 2e3e112c-ad01-4834-a07e-d6d8a7947632:c5366, dfee02f7-0d20-4e08-8ecd-ebe087394a07:c5366]
2019-07-08 20:09:53,504 INFO  client.GrpcClientProtocolClient (GrpcClientProtocolClient.java:onNext(255)) - client-83AFC0B42279->fd4515e9-84f2-4741-b1f5-a9247145a2ac: receive RaftClientReply:client-83AFC0B42279->fd4515e9-84f2-4741-b1f5-a9247145a2ac@group-E2152A48AE85, cid=3564, SUCCESS, logIndex=5369, commits[fd4515e9-84f2-4741-b1f5-a9247145a2ac:c5370, 2e3e112c-ad01-4834-a07e-d6d8a7947632:c5366, dfee02f7-0d20-4e08-8ecd-ebe087394a07:c5366]
2019-07-08 20:09:53,504 INFO  client.GrpcClientProtocolClient (GrpcClientProtocolClient.java:onNext(255)) - client-83AFC0B42279->fd4515e9-84f2-4741-b1f5-a9247145a2ac: receive RaftClientReply:client-83AFC0B42279->fd4515e9-84f2-4741-b1f5-a9247145a2ac@group-E2152A48AE85, cid=3565, SUCCESS, logIndex=5370, commits[fd4515e9-84f2-4741-b1f5-a9247145a2ac:c5370, 2e3e112c-ad01-4834-a07e-d6d8a7947632:c5366, dfee02f7-0d20-4e08-8ecd-ebe087394a07:c5366]
2019-07-08 20:09:53,506 INFO  client.GrpcClientProtocolClient (GrpcClientProtocolClient.java:onNext(255)) - client-83AFC0B42279->fd4515e9-84f2-4741-b1f5-a9247145a2ac: receive RaftClientReply:client-83AFC0B42279->fd4515e9-84f2-4741-b1f5-a9247145a2ac@group-E2152A48AE85, cid=3566, SUCCESS, logIndex=0, commits[fd4515e9-84f2-4741-b1f5-a9247145a2ac:c5372, 2e3e112c-ad01-4834-a07e-d6d8a7947632:c5368, dfee02f7-0d20-4e08-8ecd-ebe087394a07:c5368]
2019-07-08 20:09:53,526 INFO  client.GrpcClientProtocolClient (GrpcClientProtocolClient.java:onNext(255)) - client-83AFC0B42279->fd4515e9-84f2-4741-b1f5-a9247145a2ac: receive RaftClientReply:client-83AFC0B42279->fd4515e9-84f2-4741-b1f5-a9247145a2ac@group-E2152A48AE85, cid=3567, SUCCESS, logIndex=5375, commits[fd4515e9-84f2-4741-b1f5-a9247145a2ac:c5376, 2e3e112c-ad01-4834-a07e-d6d8a7947632:c5374, dfee02f7-0d20-4e08-8ecd-ebe087394a07:c5374]
2019-07-08 20:09:53,526 INFO  client.GrpcClientProtocolClient (GrpcClientProtocolClient.java:onNext(255)) - client-83AFC0B42279->fd4515e9-84f2-4741-b1f5-a9247145a2ac: receive RaftClientReply:client-83AFC0B42279->fd4515e9-84f2-4741-b1f5-a9247145a2ac@group-E2152A48AE85, cid=3568, SUCCESS, logIndex=5376, commits[fd4515e9-84f2-4741-b1f5-a9247145a2ac:c5376, 2e3e112c-ad01-4834-a07e-d6d8a7947632:c5374, dfee02f7-0d20-4e08-8ecd-ebe087394a07:c5374]
2019-07-08 20:09:53,540 INFO  client.GrpcClientProtocolClient (GrpcClientProtocolClient.java:onNext(255)) - client-83AFC0B42279->fd4515e9-84f2-4741-b1f5-a9247145a2ac: receive RaftClientReply:client-83AFC0B42279->fd4515e9-84f2-4741-b1f5-a9247145a2ac@group-E2152A48AE85, cid=3569, SUCCESS, logIndex=5379, commits[fd4515e9-84f2-4741-b1f5-a9247145a2ac:c5380, 2e3e112c-ad01-4834-a07e-d6d8a7947632:c5376, dfee02f7-0d20-4e08-8ecd-ebe087394a07:c5376]
2019-07-08 20:09:53,540 INFO  client.GrpcClientProtocolClient (GrpcClientProtocolClient.java:onNext(255)) - client-83AFC0B42279->fd4515e9-84f2-4741-b1f5-a9247145a2ac: receive RaftClientReply:client-83AFC0B42279->fd4515e9-84f2-4741-b1f5-a9247145a2ac@group-E2152A48AE85, cid=3570, SUCCESS, logIndex=5380, commits[fd4515e9-84f2-4741-b1f5-a9247145a2ac:c5380, 2e3e112c-ad01-4834-a07e-d6d8a7947632:c5376, dfee02f7-0d20-4e08-8ecd-ebe087394a07:c5376]
2019-07-08 20:09:53,553 INFO  client.GrpcClientProtocolClient (GrpcClientProtocolClient.java:onNext(255)) - client-83AFC0B42279->fd4515e9-84f2-4741-b1f5-a9247145a2ac: receive RaftClientReply:client-83AFC0B42279->fd4515e9-84f2-4741-b1f5-a9247145a2ac@group-E2152A48AE85, cid=3571, SUCCESS, logIndex=0, commits[fd4515e9-84f2-4741-b1f5-a9247145a2ac:c5382, 2e3e112c-ad01-4834-a07e-d6d8a7947632:c5380, dfee02f7-0d20-4e08-8ecd-ebe087394a07:c5380]
2019-07-08 20:09:53,584 INFO  client.GrpcClientProtocolClient (GrpcClientProtocolClient.java:onNext(255)) - client-83AFC0B42279->fd4515e9-84f2-4741-b1f5-a9247145a2ac: receive RaftClientReply:client-83AFC0B42279->fd4515e9-84f2-4741-b1f5-a9247145a2ac@group-E2152A48AE85, cid=3572, SUCCESS, logIndex=5383, commits[fd4515e9-84f2-4741-b1f5-a9247145a2ac:c5385, 2e3e112c-ad01-4834-a07e-d6d8a7947632:c5382, dfee02f7-0d20-4e08-8ecd-ebe087394a07:c5382]
2019-07-08 20:09:53,585 INFO  client.GrpcClientProtocolClient (GrpcClientProtocolClient.java:onNext(255)) - client-83AFC0B42279->fd4515e9-84f2-4741-b1f5-a9247145a2ac: receive RaftClientReply:client-83AFC0B42279->fd4515e9-84f2-4741-b1f5-a9247145a2ac@group-E2152A48AE85, cid=3573, SUCCESS, logIndex=5384, commits[fd4515e9-84f2-4741-b1f5-a9247145a2ac:c5386, 2e3e112c-ad01-4834-a07e-d6d8a7947632:c5382, dfee02f7-0d20-4e08-8ecd-ebe087394a07:c5382]
2019-07-08 20:09:53,586 INFO  client.GrpcClientProtocolClient (GrpcClientProtocolClient.java:onNext(255)) - client-83AFC0B42279->fd4515e9-84f2-4741-b1f5-a9247145a2ac: receive RaftClientReply:client-83AFC0B42279->fd4515e9-84f2-4741-b1f5-a9247145a2ac@group-E2152A48AE85, cid=3574, SUCCESS, logIndex=5385, commits[fd4515e9-84f2-4741-b1f5-a9247145a2ac:c5386, 2e3e112c-ad01-4834-a07e-d6d8a7947632:c5382, dfee02f7-0d20-4e08-8ecd-ebe087394a07:c5382]
2019-07-08 20:09:53,586 INFO  client.GrpcClientProtocolClient (GrpcClientProtocolClient.java:onNext(255)) - client-83AFC0B42279->fd4515e9-84f2-4741-b1f5-a9247145a2ac: receive RaftClientReply:client-83AFC0B42279->fd4515e9-84f2-4741-b1f5-a9247145a2ac@group-E2152A48AE85, cid=3575, SUCCESS, logIndex=5386, commits[fd4515e9-84f2-4741-b1f5-a9247145a2ac:c5386, 2e3e112c-ad01-4834-a07e-d6d8a7947632:c5382, dfee02f7-0d20-4e08-8ecd-ebe087394a07:c5382]
2019-07-08 20:09:53,587 INFO  client.GrpcClientProtocolClient (GrpcClientProtocolClient.java:onNext(255)) - client-83AFC0B42279->fd4515e9-84f2-4741-b1f5-a9247145a2ac: receive RaftClientReply:client-83AFC0B42279->fd4515e9-84f2-4741-b1f5-a9247145a2ac@group-E2152A48AE85, cid=3576, SUCCESS, logIndex=0, commits[fd4515e9-84f2-4741-b1f5-a9247145a2ac:c5389, 2e3e112c-ad01-4834-a07e-d6d8a7947632:c5386, dfee02f7-0d20-4e08-8ecd-ebe087394a07:c5385]
2019-07-08 20:09:53,608 INFO  client.GrpcClientProtocolClient (GrpcClientProtocolClient.java:onNext(255)) - client-83AFC0B42279->fd4515e9-84f2-4741-b1f5-a9247145a2ac: receive RaftClientReply:client-83AFC0B42279->fd4515e9-84f2-4741-b1f5-a9247145a2ac@group-E2152A48AE85, cid=3577, SUCCESS, logIndex=5391, commits[fd4515e9-84f2-4741-b1f5-a9247145a2ac:c5392, 2e3e112c-ad01-4834-a07e-d6d8a7947632:c5390, dfee02f7-0d20-4e08-8ecd-ebe087394a07:c5390]
2019-07-08 20:09:53,609 INFO  client.GrpcClientProtocolClient (GrpcClientProtocolClient.java:onNext(255)) - client-83AFC0B42279->fd4515e9-84f2-4741-b1f5-a9247145a2ac: receive RaftClientReply:client-83AFC0B42279->fd4515e9-84f2-4741-b1f5-a9247145a2ac@group-E2152A48AE85, cid=3578, SUCCESS, logIndex=5392, commits[fd4515e9-84f2-4741-b1f5-a9247145a2ac:c5392, 2e3e112c-ad01-4834-a07e-d6d8a7947632:c5390, dfee02f7-0d20-4e08-8ecd-ebe087394a07:c5390]
2019-07-08 20:09:53,635 INFO  client.GrpcClientProtocolClient (GrpcClientProtocolClient.java:onNext(255)) - client-83AFC0B42279->fd4515e9-84f2-4741-b1f5-a9247145a2ac: receive RaftClientReply:client-83AFC0B42279->fd4515e9-84f2-4741-b1f5-a9247145a2ac@group-E2152A48AE85, cid=3579, SUCCESS, logIndex=5395, commits[fd4515e9-84f2-4741-b1f5-a9247145a2ac:c5396, 2e3e112c-ad01-4834-a07e-d6d8a7947632:c5392, dfee02f7-0d20-4e08-8ecd-ebe087394a07:c5391]
2019-07-08 20:09:53,635 INFO  client.GrpcClientProtocolClient (GrpcClientProtocolClient.java:onNext(255)) - client-83AFC0B42279->fd4515e9-84f2-4741-b1f5-a9247145a2ac: receive RaftClientReply:client-83AFC0B42279->fd4515e9-84f2-4741-b1f5-a9247145a2ac@group-E2152A48AE85, cid=3580, SUCCESS, logIndex=5396, commits[fd4515e9-84f2-4741-b1f5-a9247145a2ac:c5396, 2e3e112c-ad01-4834-a07e-d6d8a7947632:c5392, dfee02f7-0d20-4e08-8ecd-ebe087394a07:c5392]
2019-07-08 20:09:53,638 INFO  client.GrpcClientProtocolClient (GrpcClientProtocolClient.java:onNext(255)) - client-83AFC0B42279->fd4515e9-84f2-4741-b1f5-a9247145a2ac: receive RaftClientReply:client-83AFC0B42279->fd4515e9-84f2-4741-b1f5-a9247145a2ac@group-E2152A48AE85, cid=3581, SUCCESS, logIndex=0, commits[fd4515e9-84f2-4741-b1f5-a9247145a2ac:c5398, 2e3e112c-ad01-4834-a07e-d6d8a7947632:c5396, dfee02f7-0d20-4e08-8ecd-ebe087394a07:c5396]
2019-07-08 20:09:53,671 INFO  client.GrpcClientProtocolClient (GrpcClientProtocolClient.java:onNext(255)) - client-83AFC0B42279->fd4515e9-84f2-4741-b1f5-a9247145a2ac: receive RaftClientReply:client-83AFC0B42279->fd4515e9-84f2-4741-b1f5-a9247145a2ac@group-E2152A48AE85, cid=3582, SUCCESS, logIndex=5399, commits[fd4515e9-84f2-4741-b1f5-a9247145a2ac:c5400, 2e3e112c-ad01-4834-a07e-d6d8a7947632:c5398, dfee02f7-0d20-4e08-8ecd-ebe087394a07:c5398]
2019-07-08 20:09:53,671 INFO  client.GrpcClientProtocolClient (GrpcClientProtocolClient.java:onNext(255)) - client-83AFC0B42279->fd4515e9-84f2-4741-b1f5-a9247145a2ac: receive RaftClientReply:client-83AFC0B42279->fd4515e9-84f2-4741-b1f5-a9247145a2ac@group-E2152A48AE85, cid=3583, SUCCESS, logIndex=5400, commits[fd4515e9-84f2-4741-b1f5-a9247145a2ac:c5400, 2e3e112c-ad01-4834-a07e-d6d8a7947632:c5398, dfee02f7-0d20-4e08-8ecd-ebe087394a07:c5398]
2019-07-08 20:09:53,672 INFO  client.GrpcClientProtocolClient (GrpcClientProtocolClient.java:onNext(255)) - client-83AFC0B42279->fd4515e9-84f2-4741-b1f5-a9247145a2ac: receive RaftClientReply:client-83AFC0B42279->fd4515e9-84f2-4741-b1f5-a9247145a2ac@group-E2152A48AE85, cid=3584, SUCCESS, logIndex=5401, commits[fd4515e9-84f2-4741-b1f5-a9247145a2ac:c5402, 2e3e112c-ad01-4834-a07e-d6d8a7947632:c5398, dfee02f7-0d20-4e08-8ecd-ebe087394a07:c5398]
2019-07-08 20:09:53,672 INFO  client.GrpcClientProtocolClient (GrpcClientProtocolClient.java:onNext(255)) - client-83AFC0B42279->fd4515e9-84f2-4741-b1f5-a9247145a2ac: receive RaftClientReply:client-83AFC0B42279->fd4515e9-84f2-4741-b1f5-a9247145a2ac@group-E2152A48AE85, cid=3585, SUCCESS, logIndex=5402, commits[fd4515e9-84f2-4741-b1f5-a9247145a2ac:c5402, 2e3e112c-ad01-4834-a07e-d6d8a7947632:c5398, dfee02f7-0d20-4e08-8ecd-ebe087394a07:c5398]
2019-07-08 20:09:53,673 INFO  client.GrpcClientProtocolClient (GrpcClientProtocolClient.java:onNext(255)) - client-83AFC0B42279->fd4515e9-84f2-4741-b1f5-a9247145a2ac: receive RaftClientReply:client-83AFC0B42279->fd4515e9-84f2-4741-b1f5-a9247145a2ac@group-E2152A48AE85, cid=3586, SUCCESS, logIndex=0, commits[fd4515e9-84f2-4741-b1f5-a9247145a2ac:c5404, 2e3e112c-ad01-4834-a07e-d6d8a7947632:c5402, dfee02f7-0d20-4e08-8ecd-ebe087394a07:c5400]
2019-07-08 20:09:53,694 INFO  client.GrpcClientProtocolClient (GrpcClientProtocolClient.java:onNext(255)) - client-83AFC0B42279->fd4515e9-84f2-4741-b1f5-a9247145a2ac: receive RaftClientReply:client-83AFC0B42279->fd4515e9-84f2-4741-b1f5-a9247145a2ac@group-E2152A48AE85, cid=3587, SUCCESS, logIndex=5407, commits[fd4515e9-84f2-4741-b1f5-a9247145a2ac:c5408, 2e3e112c-ad01-4834-a07e-d6d8a7947632:c5406, dfee02f7-0d20-4e08-8ecd-ebe087394a07:c5406]
2019-07-08 20:09:53,694 INFO  client.GrpcClientProtocolClient (GrpcClientProtocolClient.java:onNext(255)) - client-83AFC0B42279->fd4515e9-84f2-4741-b1f5-a9247145a2ac: receive RaftClientReply:client-83AFC0B42279->fd4515e9-84f2-4741-b1f5-a9247145a2ac@group-E2152A48AE85, cid=3588, SUCCESS, logIndex=5408, commits[fd4515e9-84f2-4741-b1f5-a9247145a2ac:c5408, 2e3e112c-ad01-4834-a07e-d6d8a7947632:c5406, dfee02f7-0d20-4e08-8ecd-ebe087394a07:c5406]
2019-07-08 20:09:53,711 INFO  client.GrpcClientProtocolClient (GrpcClientProtocolClient.java:onNext(255)) - client-83AFC0B42279->fd4515e9-84f2-4741-b1f5-a9247145a2ac: receive RaftClientReply:client-83AFC0B42279->fd4515e9-84f2-4741-b1f5-a9247145a2ac@group-E2152A48AE85, cid=3589, SUCCESS, logIndex=5411, commits[fd4515e9-84f2-4741-b1f5-a9247145a2ac:c5411, 2e3e112c-ad01-4834-a07e-d6d8a7947632:c5408, dfee02f7-0d20-4e08-8ecd-ebe087394a07:c5408]
2019-07-08 20:09:53,711 INFO  client.GrpcClientProtocolClient (GrpcClientProtocolClient.java:onNext(255)) - client-83AFC0B42279->fd4515e9-84f2-4741-b1f5-a9247145a2ac: receive RaftClientReply:client-83AFC0B42279->fd4515e9-84f2-4741-b1f5-a9247145a2ac@group-E2152A48AE85, cid=3590, SUCCESS, logIndex=5412, commits[fd4515e9-84f2-4741-b1f5-a9247145a2ac:c5412, 2e3e112c-ad01-4834-a07e-d6d8a7947632:c5408, dfee02f7-0d20-4e08-8ecd-ebe087394a07:c5408]
2019-07-08 20:09:53,724 INFO  client.GrpcClientProtocolClient (GrpcClientProtocolClient.java:onNext(255)) - client-83AFC0B42279->fd4515e9-84f2-4741-b1f5-a9247145a2ac: receive RaftClientReply:client-83AFC0B42279->fd4515e9-84f2-4741-b1f5-a9247145a2ac@group-E2152A48AE85, cid=3591, SUCCESS, logIndex=0, commits[fd4515e9-84f2-4741-b1f5-a9247145a2ac:c5413, 2e3e112c-ad01-4834-a07e-d6d8a7947632:c5412, dfee02f7-0d20-4e08-8ecd-ebe087394a07:c5412]
2019-07-08 20:09:53,757 INFO  client.GrpcClientProtocolClient (GrpcClientProtocolClient.java:onNext(255)) - client-83AFC0B42279->fd4515e9-84f2-4741-b1f5-a9247145a2ac: receive RaftClientReply:client-83AFC0B42279->fd4515e9-84f2-4741-b1f5-a9247145a2ac@group-E2152A48AE85, cid=3592, SUCCESS, logIndex=5415, commits[fd4515e9-84f2-4741-b1f5-a9247145a2ac:c5416, 2e3e112c-ad01-4834-a07e-d6d8a7947632:c5414, dfee02f7-0d20-4e08-8ecd-ebe087394a07:c5414]
2019-07-08 20:09:53,758 INFO  client.GrpcClientProtocolClient (GrpcClientProtocolClient.java:onNext(255)) - client-83AFC0B42279->fd4515e9-84f2-4741-b1f5-a9247145a2ac: receive RaftClientReply:client-83AFC0B42279->fd4515e9-84f2-4741-b1f5-a9247145a2ac@group-E2152A48AE85, cid=3593, SUCCESS, logIndex=5416, commits[fd4515e9-84f2-4741-b1f5-a9247145a2ac:c5416, 2e3e112c-ad01-4834-a07e-d6d8a7947632:c5414, dfee02f7-0d20-4e08-8ecd-ebe087394a07:c5414]
2019-07-08 20:09:53,758 INFO  client.GrpcClientProtocolClient (GrpcClientProtocolClient.java:onNext(255)) - client-83AFC0B42279->fd4515e9-84f2-4741-b1f5-a9247145a2ac: receive RaftClientReply:client-83AFC0B42279->fd4515e9-84f2-4741-b1f5-a9247145a2ac@group-E2152A48AE85, cid=3594, SUCCESS, logIndex=5417, commits[fd4515e9-84f2-4741-b1f5-a9247145a2ac:c5418, 2e3e112c-ad01-4834-a07e-d6d8a7947632:c5414, dfee02f7-0d20-4e08-8ecd-ebe087394a07:c5414]
2019-07-08 20:09:53,759 INFO  client.GrpcClientProtocolClient (GrpcClientProtocolClient.java:onNext(255)) - client-83AFC0B42279->fd4515e9-84f2-4741-b1f5-a9247145a2ac: receive RaftClientReply:client-83AFC0B42279->fd4515e9-84f2-4741-b1f5-a9247145a2ac@group-E2152A48AE85, cid=3595, SUCCESS, logIndex=5418, commits[fd4515e9-84f2-4741-b1f5-a9247145a2ac:c5418, 2e3e112c-ad01-4834-a07e-d6d8a7947632:c5414, dfee02f7-0d20-4e08-8ecd-ebe087394a07:c5414]
2019-07-08 20:09:53,760 INFO  client.GrpcClientProtocolClient (GrpcClientProtocolClient.java:onNext(255)) - client-83AFC0B42279->fd4515e9-84f2-4741-b1f5-a9247145a2ac: receive RaftClientReply:client-83AFC0B42279->fd4515e9-84f2-4741-b1f5-a9247145a2ac@group-E2152A48AE85, cid=3596, SUCCESS, logIndex=0, commits[fd4515e9-84f2-4741-b1f5-a9247145a2ac:c5420, 2e3e112c-ad01-4834-a07e-d6d8a7947632:c5416, dfee02f7-0d20-4e08-8ecd-ebe087394a07:c5416]
2019-07-08 20:09:53,779 INFO  client.GrpcClientProtocolClient (GrpcClientProtocolClient.java:onNext(255)) - client-83AFC0B42279->fd4515e9-84f2-4741-b1f5-a9247145a2ac: receive RaftClientReply:client-83AFC0B42279->fd4515e9-84f2-4741-b1f5-a9247145a2ac@group-E2152A48AE85, cid=3597, SUCCESS, logIndex=5423, commits[fd4515e9-84f2-4741-b1f5-a9247145a2ac:c5424, 2e3e112c-ad01-4834-a07e-d6d8a7947632:c5422, dfee02f7-0d20-4e08-8ecd-ebe087394a07:c5422]
2019-07-08 20:09:53,780 INFO  client.GrpcClientProtocolClient (GrpcClientProtocolClient.java:onNext(255)) - client-83AFC0B42279->fd4515e9-84f2-4741-b1f5-a9247145a2ac: receive RaftClientReply:client-83AFC0B42279->fd4515e9-84f2-4741-b1f5-a9247145a2ac@group-E2152A48AE85, cid=3598, SUCCESS, logIndex=5424, commits[fd4515e9-84f2-4741-b1f5-a9247145a2ac:c5424, 2e3e112c-ad01-4834-a07e-d6d8a7947632:c5422, dfee02f7-0d20-4e08-8ecd-ebe087394a07:c5422]
2019-07-08 20:09:53,793 INFO  client.GrpcClientProtocolClient (GrpcClientProtocolClient.java:onNext(255)) - client-83AFC0B42279->fd4515e9-84f2-4741-b1f5-a9247145a2ac: receive RaftClientReply:client-83AFC0B42279->fd4515e9-84f2-4741-b1f5-a9247145a2ac@group-E2152A48AE85, cid=3599, SUCCESS, logIndex=5427, commits[fd4515e9-84f2-4741-b1f5-a9247145a2ac:c5428, 2e3e112c-ad01-4834-a07e-d6d8a7947632:c5424, dfee02f7-0d20-4e08-8ecd-ebe087394a07:c5424]
2019-07-08 20:09:53,793 INFO  client.GrpcClientProtocolClient (GrpcClientProtocolClient.java:onNext(255)) - client-83AFC0B42279->fd4515e9-84f2-4741-b1f5-a9247145a2ac: receive RaftClientReply:client-83AFC0B42279->fd4515e9-84f2-4741-b1f5-a9247145a2ac@group-E2152A48AE85, cid=3600, SUCCESS, logIndex=5428, commits[fd4515e9-84f2-4741-b1f5-a9247145a2ac:c5428, 2e3e112c-ad01-4834-a07e-d6d8a7947632:c5424, dfee02f7-0d20-4e08-8ecd-ebe087394a07:c5424]
2019-07-08 20:09:53,804 INFO  client.GrpcClientProtocolClient (GrpcClientProtocolClient.java:onNext(255)) - client-83AFC0B42279->fd4515e9-84f2-4741-b1f5-a9247145a2ac: receive RaftClientReply:client-83AFC0B42279->fd4515e9-84f2-4741-b1f5-a9247145a2ac@group-E2152A48AE85, cid=3601, SUCCESS, logIndex=0, commits[fd4515e9-84f2-4741-b1f5-a9247145a2ac:c5429, 2e3e112c-ad01-4834-a07e-d6d8a7947632:c5428, dfee02f7-0d20-4e08-8ecd-ebe087394a07:c5428]
2019-07-08 20:09:53,836 INFO  client.GrpcClientProtocolClient (GrpcClientProtocolClient.java:onNext(255)) - client-83AFC0B42279->fd4515e9-84f2-4741-b1f5-a9247145a2ac: receive RaftClientReply:client-83AFC0B42279->fd4515e9-84f2-4741-b1f5-a9247145a2ac@group-E2152A48AE85, cid=3602, SUCCESS, logIndex=5431, commits[fd4515e9-84f2-4741-b1f5-a9247145a2ac:c5432, 2e3e112c-ad01-4834-a07e-d6d8a7947632:c5430, dfee02f7-0d20-4e08-8ecd-ebe087394a07:c5430]
2019-07-08 20:09:53,837 INFO  client.GrpcClientProtocolClient (GrpcClientProtocolClient.java:onNext(255)) - client-83AFC0B42279->fd4515e9-84f2-4741-b1f5-a9247145a2ac: receive RaftClientReply:client-83AFC0B42279->fd4515e9-84f2-4741-b1f5-a9247145a2ac@group-E2152A48AE85, cid=3603, SUCCESS, logIndex=5432, commits[fd4515e9-84f2-4741-b1f5-a9247145a2ac:c5432, 2e3e112c-ad01-4834-a07e-d6d8a7947632:c5430, dfee02f7-0d20-4e08-8ecd-ebe087394a07:c5430]
2019-07-08 20:09:53,837 INFO  client.GrpcClientProtocolClient (GrpcClientProtocolClient.java:onNext(255)) - client-83AFC0B42279->fd4515e9-84f2-4741-b1f5-a9247145a2ac: receive RaftClientReply:client-83AFC0B42279->fd4515e9-84f2-4741-b1f5-a9247145a2ac@group-E2152A48AE85, cid=3604, SUCCESS, logIndex=5433, commits[fd4515e9-84f2-4741-b1f5-a9247145a2ac:c5434, 2e3e112c-ad01-4834-a07e-d6d8a7947632:c5430, dfee02f7-0d20-4e08-8ecd-ebe087394a07:c5430]
2019-07-08 20:09:53,838 INFO  client.GrpcClientProtocolClient (GrpcClientProtocolClient.java:onNext(255)) - client-83AFC0B42279->fd4515e9-84f2-4741-b1f5-a9247145a2ac: receive RaftClientReply:client-83AFC0B42279->fd4515e9-84f2-4741-b1f5-a9247145a2ac@group-E2152A48AE85, cid=3605, SUCCESS, logIndex=5434, commits[fd4515e9-84f2-4741-b1f5-a9247145a2ac:c5434, 2e3e112c-ad01-4834-a07e-d6d8a7947632:c5430, dfee02f7-0d20-4e08-8ecd-ebe087394a07:c5430]
2019-07-08 20:09:53,839 INFO  client.GrpcClientProtocolClient (GrpcClientProtocolClient.java:onNext(255)) - client-83AFC0B42279->fd4515e9-84f2-4741-b1f5-a9247145a2ac: receive RaftClientReply:client-83AFC0B42279->fd4515e9-84f2-4741-b1f5-a9247145a2ac@group-E2152A48AE85, cid=3606, SUCCESS, logIndex=0, commits[fd4515e9-84f2-4741-b1f5-a9247145a2ac:c5436, 2e3e112c-ad01-4834-a07e-d6d8a7947632:c5432, dfee02f7-0d20-4e08-8ecd-ebe087394a07:c5432]
2019-07-08 20:09:53,860 INFO  client.GrpcClientProtocolClient (GrpcClientProtocolClient.java:onNext(255)) - client-83AFC0B42279->fd4515e9-84f2-4741-b1f5-a9247145a2ac: receive RaftClientReply:client-83AFC0B42279->fd4515e9-84f2-4741-b1f5-a9247145a2ac@group-E2152A48AE85, cid=3607, SUCCESS, logIndex=5439, commits[fd4515e9-84f2-4741-b1f5-a9247145a2ac:c5440, 2e3e112c-ad01-4834-a07e-d6d8a7947632:c5438, dfee02f7-0d20-4e08-8ecd-ebe087394a07:c5438]
2019-07-08 20:09:53,860 INFO  client.GrpcClientProtocolClient (GrpcClientProtocolClient.java:onNext(255)) - client-83AFC0B42279->fd4515e9-84f2-4741-b1f5-a9247145a2ac: receive RaftClientReply:client-83AFC0B42279->fd4515e9-84f2-4741-b1f5-a9247145a2ac@group-E2152A48AE85, cid=3608, SUCCESS, logIndex=5440, commits[fd4515e9-84f2-4741-b1f5-a9247145a2ac:c5440, 2e3e112c-ad01-4834-a07e-d6d8a7947632:c5438, dfee02f7-0d20-4e08-8ecd-ebe087394a07:c5438]
2019-07-08 20:09:53,873 INFO  client.GrpcClientProtocolClient (GrpcClientProtocolClient.java:onNext(255)) - client-83AFC0B42279->fd4515e9-84f2-4741-b1f5-a9247145a2ac: receive RaftClientReply:client-83AFC0B42279->fd4515e9-84f2-4741-b1f5-a9247145a2ac@group-E2152A48AE85, cid=3609, SUCCESS, logIndex=5443, commits[fd4515e9-84f2-4741-b1f5-a9247145a2ac:c5444, 2e3e112c-ad01-4834-a07e-d6d8a7947632:c5440, dfee02f7-0d20-4e08-8ecd-ebe087394a07:c5440]
2019-07-08 20:09:53,874 INFO  client.GrpcClientProtocolClient (GrpcClientProtocolClient.java:onNext(255)) - client-83AFC0B42279->fd4515e9-84f2-4741-b1f5-a9247145a2ac: receive RaftClientReply:client-83AFC0B42279->fd4515e9-84f2-4741-b1f5-a9247145a2ac@group-E2152A48AE85, cid=3610, SUCCESS, logIndex=5444, commits[fd4515e9-84f2-4741-b1f5-a9247145a2ac:c5444, 2e3e112c-ad01-4834-a07e-d6d8a7947632:c5440, dfee02f7-0d20-4e08-8ecd-ebe087394a07:c5440]
2019-07-08 20:09:53,877 INFO  client.GrpcClientProtocolClient (GrpcClientProtocolClient.java:onNext(255)) - client-83AFC0B42279->fd4515e9-84f2-4741-b1f5-a9247145a2ac: receive RaftClientReply:client-83AFC0B42279->fd4515e9-84f2-4741-b1f5-a9247145a2ac@group-E2152A48AE85, cid=3611, SUCCESS, logIndex=0, commits[fd4515e9-84f2-4741-b1f5-a9247145a2ac:c5446, 2e3e112c-ad01-4834-a07e-d6d8a7947632:c5444, dfee02f7-0d20-4e08-8ecd-ebe087394a07:c5444]
2019-07-08 20:09:53,909 INFO  client.GrpcClientProtocolClient (GrpcClientProtocolClient.java:onNext(255)) - client-83AFC0B42279->fd4515e9-84f2-4741-b1f5-a9247145a2ac: receive RaftClientReply:client-83AFC0B42279->fd4515e9-84f2-4741-b1f5-a9247145a2ac@group-E2152A48AE85, cid=3612, SUCCESS, logIndex=5447, commits[fd4515e9-84f2-4741-b1f5-a9247145a2ac:c5448, 2e3e112c-ad01-4834-a07e-d6d8a7947632:c5446, dfee02f7-0d20-4e08-8ecd-ebe087394a07:c5446]
2019-07-08 20:09:53,909 INFO  client.GrpcClientProtocolClient (GrpcClientProtocolClient.java:onNext(255)) - client-83AFC0B42279->fd4515e9-84f2-4741-b1f5-a9247145a2ac: receive RaftClientReply:client-83AFC0B42279->fd4515e9-84f2-4741-b1f5-a9247145a2ac@group-E2152A48AE85, cid=3613, SUCCESS, logIndex=5448, commits[fd4515e9-84f2-4741-b1f5-a9247145a2ac:c5450, 2e3e112c-ad01-4834-a07e-d6d8a7947632:c5446, dfee02f7-0d20-4e08-8ecd-ebe087394a07:c5446]
2019-07-08 20:09:53,910 INFO  client.GrpcClientProtocolClient (GrpcClientProtocolClient.java:onNext(255)) - client-83AFC0B42279->fd4515e9-84f2-4741-b1f5-a9247145a2ac: receive RaftClientReply:client-83AFC0B42279->fd4515e9-84f2-4741-b1f5-a9247145a2ac@group-E2152A48AE85, cid=3614, SUCCESS, logIndex=5449, commits[fd4515e9-84f2-4741-b1f5-a9247145a2ac:c5450, 2e3e112c-ad01-4834-a07e-d6d8a7947632:c5446, dfee02f7-0d20-4e08-8ecd-ebe087394a07:c5446]
2019-07-08 20:09:53,911 INFO  client.GrpcClientProtocolClient (GrpcClientProtocolClient.java:onNext(255)) - client-83AFC0B42279->fd4515e9-84f2-4741-b1f5-a9247145a2ac: receive RaftClientReply:client-83AFC0B42279->fd4515e9-84f2-4741-b1f5-a9247145a2ac@group-E2152A48AE85, cid=3615, SUCCESS, logIndex=5450, commits[fd4515e9-84f2-4741-b1f5-a9247145a2ac:c5450, 2e3e112c-ad01-4834-a07e-d6d8a7947632:c5446, dfee02f7-0d20-4e08-8ecd-ebe087394a07:c5446]
2019-07-08 20:09:53,912 INFO  client.GrpcClientProtocolClient (GrpcClientProtocolClient.java:onNext(255)) - client-83AFC0B42279->fd4515e9-84f2-4741-b1f5-a9247145a2ac: receive RaftClientReply:client-83AFC0B42279->fd4515e9-84f2-4741-b1f5-a9247145a2ac@group-E2152A48AE85, cid=3616, SUCCESS, logIndex=0, commits[fd4515e9-84f2-4741-b1f5-a9247145a2ac:c5452, 2e3e112c-ad01-4834-a07e-d6d8a7947632:c5448, dfee02f7-0d20-4e08-8ecd-ebe087394a07:c5448]
2019-07-08 20:09:53,932 INFO  client.GrpcClientProtocolClient (GrpcClientProtocolClient.java:onNext(255)) - client-83AFC0B42279->fd4515e9-84f2-4741-b1f5-a9247145a2ac: receive RaftClientReply:client-83AFC0B42279->fd4515e9-84f2-4741-b1f5-a9247145a2ac@group-E2152A48AE85, cid=3617, SUCCESS, logIndex=5454, commits[fd4515e9-84f2-4741-b1f5-a9247145a2ac:c5455, 2e3e112c-ad01-4834-a07e-d6d8a7947632:c5453, dfee02f7-0d20-4e08-8ecd-ebe087394a07:c5453]
2019-07-08 20:09:53,932 INFO  client.GrpcClientProtocolClient (GrpcClientProtocolClient.java:onNext(255)) - client-83AFC0B42279->fd4515e9-84f2-4741-b1f5-a9247145a2ac: receive RaftClientReply:client-83AFC0B42279->fd4515e9-84f2-4741-b1f5-a9247145a2ac@group-E2152A48AE85, cid=3618, SUCCESS, logIndex=5455, commits[fd4515e9-84f2-4741-b1f5-a9247145a2ac:c5455, 2e3e112c-ad01-4834-a07e-d6d8a7947632:c5453, dfee02f7-0d20-4e08-8ecd-ebe087394a07:c5453]
2019-07-08 20:09:54,070 INFO  client.GrpcClientProtocolClient (GrpcClientProtocolClient.java:onNext(255)) - client-83AFC0B42279->fd4515e9-84f2-4741-b1f5-a9247145a2ac: receive RaftClientReply:client-83AFC0B42279->fd4515e9-84f2-4741-b1f5-a9247145a2ac@group-E2152A48AE85, cid=3619, SUCCESS, logIndex=5458, commits[fd4515e9-84f2-4741-b1f5-a9247145a2ac:c5459, 2e3e112c-ad01-4834-a07e-d6d8a7947632:c5455, dfee02f7-0d20-4e08-8ecd-ebe087394a07:c5455]
2019-07-08 20:09:54,070 INFO  client.GrpcClientProtocolClient (GrpcClientProtocolClient.java:onNext(255)) - client-83AFC0B42279->fd4515e9-84f2-4741-b1f5-a9247145a2ac: receive RaftClientReply:client-83AFC0B42279->fd4515e9-84f2-4741-b1f5-a9247145a2ac@group-E2152A48AE85, cid=3620, SUCCESS, logIndex=5459, commits[fd4515e9-84f2-4741-b1f5-a9247145a2ac:c5459, 2e3e112c-ad01-4834-a07e-d6d8a7947632:c5455, dfee02f7-0d20-4e08-8ecd-ebe087394a07:c5455]
2019-07-08 20:09:54,073 INFO  client.GrpcClientProtocolClient (GrpcClientProtocolClient.java:onNext(255)) - client-83AFC0B42279->fd4515e9-84f2-4741-b1f5-a9247145a2ac: receive RaftClientReply:client-83AFC0B42279->fd4515e9-84f2-4741-b1f5-a9247145a2ac@group-E2152A48AE85, cid=3621, SUCCESS, logIndex=0, commits[fd4515e9-84f2-4741-b1f5-a9247145a2ac:c5460, 2e3e112c-ad01-4834-a07e-d6d8a7947632:c5459, dfee02f7-0d20-4e08-8ecd-ebe087394a07:c5459]
2019-07-08 20:09:54,109 INFO  client.GrpcClientProtocolClient (GrpcClientProtocolClient.java:onNext(255)) - client-83AFC0B42279->fd4515e9-84f2-4741-b1f5-a9247145a2ac: receive RaftClientReply:client-83AFC0B42279->fd4515e9-84f2-4741-b1f5-a9247145a2ac@group-E2152A48AE85, cid=3622, SUCCESS, logIndex=5462, commits[fd4515e9-84f2-4741-b1f5-a9247145a2ac:c5463, 2e3e112c-ad01-4834-a07e-d6d8a7947632:c5461, dfee02f7-0d20-4e08-8ecd-ebe087394a07:c5461]
2019-07-08 20:09:54,110 INFO  client.GrpcClientProtocolClient (GrpcClientProtocolClient.java:onNext(255)) - client-83AFC0B42279->fd4515e9-84f2-4741-b1f5-a9247145a2ac: receive RaftClientReply:client-83AFC0B42279->fd4515e9-84f2-4741-b1f5-a9247145a2ac@group-E2152A48AE85, cid=3623, SUCCESS, logIndex=5463, commits[fd4515e9-84f2-4741-b1f5-a9247145a2ac:c5465, 2e3e112c-ad01-4834-a07e-d6d8a7947632:c5461, dfee02f7-0d20-4e08-8ecd-ebe087394a07:c5461]
2019-07-08 20:09:54,110 INFO  client.GrpcClientProtocolClient (GrpcClientProtocolClient.java:onNext(255)) - client-83AFC0B42279->fd4515e9-84f2-4741-b1f5-a9247145a2ac: receive RaftClientReply:client-83AFC0B42279->fd4515e9-84f2-4741-b1f5-a9247145a2ac@group-E2152A48AE85, cid=3624, SUCCESS, logIndex=5464, commits[fd4515e9-84f2-4741-b1f5-a9247145a2ac:c5465, 2e3e112c-ad01-4834-a07e-d6d8a7947632:c5461, dfee02f7-0d20-4e08-8ecd-ebe087394a07:c5461]
2019-07-08 20:09:54,111 INFO  client.GrpcClientProtocolClient (GrpcClientProtocolClient.java:onNext(255)) - client-83AFC0B42279->fd4515e9-84f2-4741-b1f5-a9247145a2ac: receive RaftClientReply:client-83AFC0B42279->fd4515e9-84f2-4741-b1f5-a9247145a2ac@group-E2152A48AE85, cid=3625, SUCCESS, logIndex=5465, commits[fd4515e9-84f2-4741-b1f5-a9247145a2ac:c5465, 2e3e112c-ad01-4834-a07e-d6d8a7947632:c5461, dfee02f7-0d20-4e08-8ecd-ebe087394a07:c5463]
2019-07-08 20:09:54,112 INFO  client.GrpcClientProtocolClient (GrpcClientProtocolClient.java:onNext(255)) - client-83AFC0B42279->fd4515e9-84f2-4741-b1f5-a9247145a2ac: receive RaftClientReply:client-83AFC0B42279->fd4515e9-84f2-4741-b1f5-a9247145a2ac@group-E2152A48AE85, cid=3626, SUCCESS, logIndex=0, commits[fd4515e9-84f2-4741-b1f5-a9247145a2ac:c5468, 2e3e112c-ad01-4834-a07e-d6d8a7947632:c5463, dfee02f7-0d20-4e08-8ecd-ebe087394a07:c5465]
2019-07-08 20:09:54,129 INFO  client.GrpcClientProtocolClient (GrpcClientProtocolClient.java:onNext(255)) - client-83AFC0B42279->fd4515e9-84f2-4741-b1f5-a9247145a2ac: receive RaftClientReply:client-83AFC0B42279->fd4515e9-84f2-4741-b1f5-a9247145a2ac@group-E2152A48AE85, cid=3627, SUCCESS, logIndex=5469, commits[fd4515e9-84f2-4741-b1f5-a9247145a2ac:c5470, 2e3e112c-ad01-4834-a07e-d6d8a7947632:c5468, dfee02f7-0d20-4e08-8ecd-ebe087394a07:c5468]
2019-07-08 20:09:54,129 INFO  client.GrpcClientProtocolClient (GrpcClientProtocolClient.java:onNext(255)) - client-83AFC0B42279->fd4515e9-84f2-4741-b1f5-a9247145a2ac: receive RaftClientReply:client-83AFC0B42279->fd4515e9-84f2-4741-b1f5-a9247145a2ac@group-E2152A48AE85, cid=3628, SUCCESS, logIndex=5470, commits[fd4515e9-84f2-4741-b1f5-a9247145a2ac:c5470, 2e3e112c-ad01-4834-a07e-d6d8a7947632:c5468, dfee02f7-0d20-4e08-8ecd-ebe087394a07:c5468]
2019-07-08 20:09:54,143 INFO  client.GrpcClientProtocolClient (GrpcClientProtocolClient.java:onNext(255)) - client-83AFC0B42279->fd4515e9-84f2-4741-b1f5-a9247145a2ac: receive RaftClientReply:client-83AFC0B42279->fd4515e9-84f2-4741-b1f5-a9247145a2ac@group-E2152A48AE85, cid=3629, SUCCESS, logIndex=5473, commits[fd4515e9-84f2-4741-b1f5-a9247145a2ac:c5474, 2e3e112c-ad01-4834-a07e-d6d8a7947632:c5470, dfee02f7-0d20-4e08-8ecd-ebe087394a07:c5470]
2019-07-08 20:09:54,143 INFO  client.GrpcClientProtocolClient (GrpcClientProtocolClient.java:onNext(255)) - client-83AFC0B42279->fd4515e9-84f2-4741-b1f5-a9247145a2ac: receive RaftClientReply:client-83AFC0B42279->fd4515e9-84f2-4741-b1f5-a9247145a2ac@group-E2152A48AE85, cid=3630, SUCCESS, logIndex=5474, commits[fd4515e9-84f2-4741-b1f5-a9247145a2ac:c5474, 2e3e112c-ad01-4834-a07e-d6d8a7947632:c5470, dfee02f7-0d20-4e08-8ecd-ebe087394a07:c5470]
2019-07-08 20:09:54,163 INFO  client.GrpcClientProtocolClient (GrpcClientProtocolClient.java:onNext(255)) - client-83AFC0B42279->fd4515e9-84f2-4741-b1f5-a9247145a2ac: receive RaftClientReply:client-83AFC0B42279->fd4515e9-84f2-4741-b1f5-a9247145a2ac@group-E2152A48AE85, cid=3631, SUCCESS, logIndex=0, commits[fd4515e9-84f2-4741-b1f5-a9247145a2ac:c5476, 2e3e112c-ad01-4834-a07e-d6d8a7947632:c5474, dfee02f7-0d20-4e08-8ecd-ebe087394a07:c5474]
2019-07-08 20:09:54,197 INFO  client.GrpcClientProtocolClient (GrpcClientProtocolClient.java:onNext(255)) - client-83AFC0B42279->fd4515e9-84f2-4741-b1f5-a9247145a2ac: receive RaftClientReply:client-83AFC0B42279->fd4515e9-84f2-4741-b1f5-a9247145a2ac@group-E2152A48AE85, cid=3632, SUCCESS, logIndex=5477, commits[fd4515e9-84f2-4741-b1f5-a9247145a2ac:c5477, 2e3e112c-ad01-4834-a07e-d6d8a7947632:c5476, dfee02f7-0d20-4e08-8ecd-ebe087394a07:c5476]
2019-07-08 20:09:54,198 INFO  client.GrpcClientProtocolClient (GrpcClientProtocolClient.java:onNext(255)) - client-83AFC0B42279->fd4515e9-84f2-4741-b1f5-a9247145a2ac: receive RaftClientReply:client-83AFC0B42279->fd4515e9-84f2-4741-b1f5-a9247145a2ac@group-E2152A48AE85, cid=3633, SUCCESS, logIndex=5478, commits[fd4515e9-84f2-4741-b1f5-a9247145a2ac:c5478, 2e3e112c-ad01-4834-a07e-d6d8a7947632:c5476, dfee02f7-0d20-4e08-8ecd-ebe087394a07:c5476]
2019-07-08 20:09:54,198 INFO  client.GrpcClientProtocolClient (GrpcClientProtocolClient.java:onNext(255)) - client-83AFC0B42279->fd4515e9-84f2-4741-b1f5-a9247145a2ac: receive RaftClientReply:client-83AFC0B42279->fd4515e9-84f2-4741-b1f5-a9247145a2ac@group-E2152A48AE85, cid=3634, SUCCESS, logIndex=5479, commits[fd4515e9-84f2-4741-b1f5-a9247145a2ac:c5480, 2e3e112c-ad01-4834-a07e-d6d8a7947632:c5476, dfee02f7-0d20-4e08-8ecd-ebe087394a07:c5476]
2019-07-08 20:09:54,198 INFO  client.GrpcClientProtocolClient (GrpcClientProtocolClient.java:onNext(255)) - client-83AFC0B42279->fd4515e9-84f2-4741-b1f5-a9247145a2ac: receive RaftClientReply:client-83AFC0B42279->fd4515e9-84f2-4741-b1f5-a9247145a2ac@group-E2152A48AE85, cid=3635, SUCCESS, logIndex=5480, commits[fd4515e9-84f2-4741-b1f5-a9247145a2ac:c5480, 2e3e112c-ad01-4834-a07e-d6d8a7947632:c5476, dfee02f7-0d20-4e08-8ecd-ebe087394a07:c5476]
2019-07-08 20:09:54,200 INFO  client.GrpcClientProtocolClient (GrpcClientProtocolClient.java:onNext(255)) - client-83AFC0B42279->fd4515e9-84f2-4741-b1f5-a9247145a2ac: receive RaftClientReply:client-83AFC0B42279->fd4515e9-84f2-4741-b1f5-a9247145a2ac@group-E2152A48AE85, cid=3636, SUCCESS, logIndex=0, commits[fd4515e9-84f2-4741-b1f5-a9247145a2ac:c5483, 2e3e112c-ad01-4834-a07e-d6d8a7947632:c5479, dfee02f7-0d20-4e08-8ecd-ebe087394a07:c5478]
2019-07-08 20:09:54,221 INFO  client.GrpcClientProtocolClient (GrpcClientProtocolClient.java:onNext(255)) - client-83AFC0B42279->fd4515e9-84f2-4741-b1f5-a9247145a2ac: receive RaftClientReply:client-83AFC0B42279->fd4515e9-84f2-4741-b1f5-a9247145a2ac@group-E2152A48AE85, cid=3637, SUCCESS, logIndex=5485, commits[fd4515e9-84f2-4741-b1f5-a9247145a2ac:c5486, 2e3e112c-ad01-4834-a07e-d6d8a7947632:c5484, dfee02f7-0d20-4e08-8ecd-ebe087394a07:c5484]
2019-07-08 20:09:54,221 INFO  client.GrpcClientProtocolClient (GrpcClientProtocolClient.java:onNext(255)) - client-83AFC0B42279->fd4515e9-84f2-4741-b1f5-a9247145a2ac: receive RaftClientReply:client-83AFC0B42279->fd4515e9-84f2-4741-b1f5-a9247145a2ac@group-E2152A48AE85, cid=3638, SUCCESS, logIndex=5486, commits[fd4515e9-84f2-4741-b1f5-a9247145a2ac:c5486, 2e3e112c-ad01-4834-a07e-d6d8a7947632:c5484, dfee02f7-0d20-4e08-8ecd-ebe087394a07:c5484]
2019-07-08 20:09:54,249 INFO  client.GrpcClientProtocolClient (GrpcClientProtocolClient.java:onNext(255)) - client-83AFC0B42279->fd4515e9-84f2-4741-b1f5-a9247145a2ac: receive RaftClientReply:client-83AFC0B42279->fd4515e9-84f2-4741-b1f5-a9247145a2ac@group-E2152A48AE85, cid=3639, SUCCESS, logIndex=5489, commits[fd4515e9-84f2-4741-b1f5-a9247145a2ac:c5490, 2e3e112c-ad01-4834-a07e-d6d8a7947632:c5486, dfee02f7-0d20-4e08-8ecd-ebe087394a07:c5486]
2019-07-08 20:09:54,249 INFO  client.GrpcClientProtocolClient (GrpcClientProtocolClient.java:onNext(255)) - client-83AFC0B42279->fd4515e9-84f2-4741-b1f5-a9247145a2ac: receive RaftClientReply:client-83AFC0B42279->fd4515e9-84f2-4741-b1f5-a9247145a2ac@group-E2152A48AE85, cid=3640, SUCCESS, logIndex=5490, commits[fd4515e9-84f2-4741-b1f5-a9247145a2ac:c5490, 2e3e112c-ad01-4834-a07e-d6d8a7947632:c5486, dfee02f7-0d20-4e08-8ecd-ebe087394a07:c5486]
2019-07-08 20:09:54,261 INFO  client.GrpcClientProtocolClient (GrpcClientProtocolClient.java:onNext(255)) - client-83AFC0B42279->fd4515e9-84f2-4741-b1f5-a9247145a2ac: receive RaftClientReply:client-83AFC0B42279->fd4515e9-84f2-4741-b1f5-a9247145a2ac@group-E2152A48AE85, cid=3641, SUCCESS, logIndex=0, commits[fd4515e9-84f2-4741-b1f5-a9247145a2ac:c5491, 2e3e112c-ad01-4834-a07e-d6d8a7947632:c5490, dfee02f7-0d20-4e08-8ecd-ebe087394a07:c5490]
2019-07-08 20:09:54,295 INFO  client.GrpcClientProtocolClient (GrpcClientProtocolClient.java:onNext(255)) - client-83AFC0B42279->fd4515e9-84f2-4741-b1f5-a9247145a2ac: receive RaftClientReply:client-83AFC0B42279->fd4515e9-84f2-4741-b1f5-a9247145a2ac@group-E2152A48AE85, cid=3642, SUCCESS, logIndex=5493, commits[fd4515e9-84f2-4741-b1f5-a9247145a2ac:c5494, 2e3e112c-ad01-4834-a07e-d6d8a7947632:c5492, dfee02f7-0d20-4e08-8ecd-ebe087394a07:c5492]
2019-07-08 20:09:54,296 INFO  client.GrpcClientProtocolClient (GrpcClientProtocolClient.java:onNext(255)) - client-83AFC0B42279->fd4515e9-84f2-4741-b1f5-a9247145a2ac: receive RaftClientReply:client-83AFC0B42279->fd4515e9-84f2-4741-b1f5-a9247145a2ac@group-E2152A48AE85, cid=3643, SUCCESS, logIndex=5494, commits[fd4515e9-84f2-4741-b1f5-a9247145a2ac:c5496, 2e3e112c-ad01-4834-a07e-d6d8a7947632:c5492, dfee02f7-0d20-4e08-8ecd-ebe087394a07:c5492]
2019-07-08 20:09:54,297 INFO  client.GrpcClientProtocolClient (GrpcClientProtocolClient.java:onNext(255)) - client-83AFC0B42279->fd4515e9-84f2-4741-b1f5-a9247145a2ac: receive RaftClientReply:client-83AFC0B42279->fd4515e9-84f2-4741-b1f5-a9247145a2ac@group-E2152A48AE85, cid=3644, SUCCESS, logIndex=5495, commits[fd4515e9-84f2-4741-b1f5-a9247145a2ac:c5496, 2e3e112c-ad01-4834-a07e-d6d8a7947632:c5492, dfee02f7-0d20-4e08-8ecd-ebe087394a07:c5492]
2019-07-08 20:09:54,297 INFO  client.GrpcClientProtocolClient (GrpcClientProtocolClient.java:onNext(255)) - client-83AFC0B42279->fd4515e9-84f2-4741-b1f5-a9247145a2ac: receive RaftClientReply:client-83AFC0B42279->fd4515e9-84f2-4741-b1f5-a9247145a2ac@group-E2152A48AE85, cid=3645, SUCCESS, logIndex=5496, commits[fd4515e9-84f2-4741-b1f5-a9247145a2ac:c5496, 2e3e112c-ad01-4834-a07e-d6d8a7947632:c5492, dfee02f7-0d20-4e08-8ecd-ebe087394a07:c5492]
2019-07-08 20:09:54,299 INFO  client.GrpcClientProtocolClient (GrpcClientProtocolClient.java:onNext(255)) - client-83AFC0B42279->fd4515e9-84f2-4741-b1f5-a9247145a2ac: receive RaftClientReply:client-83AFC0B42279->fd4515e9-84f2-4741-b1f5-a9247145a2ac@group-E2152A48AE85, cid=3646, SUCCESS, logIndex=0, commits[fd4515e9-84f2-4741-b1f5-a9247145a2ac:c5500, 2e3e112c-ad01-4834-a07e-d6d8a7947632:c5496, dfee02f7-0d20-4e08-8ecd-ebe087394a07:c5494]
2019-07-08 20:09:54,319 INFO  client.GrpcClientProtocolClient (GrpcClientProtocolClient.java:onNext(255)) - client-83AFC0B42279->fd4515e9-84f2-4741-b1f5-a9247145a2ac: receive RaftClientReply:client-83AFC0B42279->fd4515e9-84f2-4741-b1f5-a9247145a2ac@group-E2152A48AE85, cid=3647, SUCCESS, logIndex=5501, commits[fd4515e9-84f2-4741-b1f5-a9247145a2ac:c5501, 2e3e112c-ad01-4834-a07e-d6d8a7947632:c5500, dfee02f7-0d20-4e08-8ecd-ebe087394a07:c5500]
2019-07-08 20:09:54,319 INFO  client.GrpcClientProtocolClient (GrpcClientProtocolClient.java:onNext(255)) - client-83AFC0B42279->fd4515e9-84f2-4741-b1f5-a9247145a2ac: receive RaftClientReply:client-83AFC0B42279->fd4515e9-84f2-4741-b1f5-a9247145a2ac@group-E2152A48AE85, cid=3648, SUCCESS, logIndex=5502, commits[fd4515e9-84f2-4741-b1f5-a9247145a2ac:c5502, 2e3e112c-ad01-4834-a07e-d6d8a7947632:c5500, dfee02f7-0d20-4e08-8ecd-ebe087394a07:c5500]
2019-07-08 20:09:54,333 INFO  client.GrpcClientProtocolClient (GrpcClientProtocolClient.java:onNext(255)) - client-83AFC0B42279->fd4515e9-84f2-4741-b1f5-a9247145a2ac: receive RaftClientReply:client-83AFC0B42279->fd4515e9-84f2-4741-b1f5-a9247145a2ac@group-E2152A48AE85, cid=3649, SUCCESS, logIndex=5505, commits[fd4515e9-84f2-4741-b1f5-a9247145a2ac:c5506, 2e3e112c-ad01-4834-a07e-d6d8a7947632:c5502, dfee02f7-0d20-4e08-8ecd-ebe087394a07:c5502]
2019-07-08 20:09:54,333 INFO  client.GrpcClientProtocolClient (GrpcClientProtocolClient.java:onNext(255)) - client-83AFC0B42279->fd4515e9-84f2-4741-b1f5-a9247145a2ac: receive RaftClientReply:client-83AFC0B42279->fd4515e9-84f2-4741-b1f5-a9247145a2ac@group-E2152A48AE85, cid=3650, SUCCESS, logIndex=5506, commits[fd4515e9-84f2-4741-b1f5-a9247145a2ac:c5506, 2e3e112c-ad01-4834-a07e-d6d8a7947632:c5502, dfee02f7-0d20-4e08-8ecd-ebe087394a07:c5502]
2019-07-08 20:09:54,346 INFO  client.GrpcClientProtocolClient (GrpcClientProtocolClient.java:onNext(255)) - client-83AFC0B42279->fd4515e9-84f2-4741-b1f5-a9247145a2ac: receive RaftClientReply:client-83AFC0B42279->fd4515e9-84f2-4741-b1f5-a9247145a2ac@group-E2152A48AE85, cid=3651, SUCCESS, logIndex=0, commits[fd4515e9-84f2-4741-b1f5-a9247145a2ac:c5508, 2e3e112c-ad01-4834-a07e-d6d8a7947632:c5506, dfee02f7-0d20-4e08-8ecd-ebe087394a07:c5506]
2019-07-08 20:09:54,380 INFO  client.GrpcClientProtocolClient (GrpcClientProtocolClient.java:onNext(255)) - client-83AFC0B42279->fd4515e9-84f2-4741-b1f5-a9247145a2ac: receive RaftClientReply:client-83AFC0B42279->fd4515e9-84f2-4741-b1f5-a9247145a2ac@group-E2152A48AE85, cid=3652, SUCCESS, logIndex=5509, commits[fd4515e9-84f2-4741-b1f5-a9247145a2ac:c5510, 2e3e112c-ad01-4834-a07e-d6d8a7947632:c5506, dfee02f7-0d20-4e08-8ecd-ebe087394a07:c5508]
2019-07-08 20:09:54,381 INFO  client.GrpcClientProtocolClient (GrpcClientProtocolClient.java:onNext(255)) - client-83AFC0B42279->fd4515e9-84f2-4741-b1f5-a9247145a2ac: receive RaftClientReply:client-83AFC0B42279->fd4515e9-84f2-4741-b1f5-a9247145a2ac@group-E2152A48AE85, cid=3653, SUCCESS, logIndex=5510, commits[fd4515e9-84f2-4741-b1f5-a9247145a2ac:c5510, 2e3e112c-ad01-4834-a07e-d6d8a7947632:c5508, dfee02f7-0d20-4e08-8ecd-ebe087394a07:c5508]
2019-07-08 20:09:54,381 INFO  client.GrpcClientProtocolClient (GrpcClientProtocolClient.java:onNext(255)) - client-83AFC0B42279->fd4515e9-84f2-4741-b1f5-a9247145a2ac: receive RaftClientReply:client-83AFC0B42279->fd4515e9-84f2-4741-b1f5-a9247145a2ac@group-E2152A48AE85, cid=3654, SUCCESS, logIndex=5511, commits[fd4515e9-84f2-4741-b1f5-a9247145a2ac:c5512, 2e3e112c-ad01-4834-a07e-d6d8a7947632:c5508, dfee02f7-0d20-4e08-8ecd-ebe087394a07:c5508]
2019-07-08 20:09:54,382 INFO  client.GrpcClientProtocolClient (GrpcClientProtocolClient.java:onNext(255)) - client-83AFC0B42279->fd4515e9-84f2-4741-b1f5-a9247145a2ac: receive RaftClientReply:client-83AFC0B42279->fd4515e9-84f2-4741-b1f5-a9247145a2ac@group-E2152A48AE85, cid=3655, SUCCESS, logIndex=5512, commits[fd4515e9-84f2-4741-b1f5-a9247145a2ac:c5512, 2e3e112c-ad01-4834-a07e-d6d8a7947632:c5508, dfee02f7-0d20-4e08-8ecd-ebe087394a07:c5508]
2019-07-08 20:09:54,383 INFO  client.GrpcClientProtocolClient (GrpcClientProtocolClient.java:onNext(255)) - client-83AFC0B42279->fd4515e9-84f2-4741-b1f5-a9247145a2ac: receive RaftClientReply:client-83AFC0B42279->fd4515e9-84f2-4741-b1f5-a9247145a2ac@group-E2152A48AE85, cid=3656, SUCCESS, logIndex=0, commits[fd4515e9-84f2-4741-b1f5-a9247145a2ac:c5516, 2e3e112c-ad01-4834-a07e-d6d8a7947632:c5510, dfee02f7-0d20-4e08-8ecd-ebe087394a07:c5512]
2019-07-08 20:09:54,404 INFO  client.GrpcClientProtocolClient (GrpcClientProtocolClient.java:onNext(255)) - client-83AFC0B42279->fd4515e9-84f2-4741-b1f5-a9247145a2ac: receive RaftClientReply:client-83AFC0B42279->fd4515e9-84f2-4741-b1f5-a9247145a2ac@group-E2152A48AE85, cid=3657, SUCCESS, logIndex=5517, commits[fd4515e9-84f2-4741-b1f5-a9247145a2ac:c5518, 2e3e112c-ad01-4834-a07e-d6d8a7947632:c5516, dfee02f7-0d20-4e08-8ecd-ebe087394a07:c5516]
2019-07-08 20:09:54,404 INFO  client.GrpcClientProtocolClient (GrpcClientProtocolClient.java:onNext(255)) - client-83AFC0B42279->fd4515e9-84f2-4741-b1f5-a9247145a2ac: receive RaftClientReply:client-83AFC0B42279->fd4515e9-84f2-4741-b1f5-a9247145a2ac@group-E2152A48AE85, cid=3658, SUCCESS, logIndex=5518, commits[fd4515e9-84f2-4741-b1f5-a9247145a2ac:c5518, 2e3e112c-ad01-4834-a07e-d6d8a7947632:c5516, dfee02f7-0d20-4e08-8ecd-ebe087394a07:c5516]
2019-07-08 20:09:54,428 INFO  client.GrpcClientProtocolClient (GrpcClientProtocolClient.java:onNext(255)) - client-83AFC0B42279->fd4515e9-84f2-4741-b1f5-a9247145a2ac: receive RaftClientReply:client-83AFC0B42279->fd4515e9-84f2-4741-b1f5-a9247145a2ac@group-E2152A48AE85, cid=3659, SUCCESS, logIndex=5521, commits[fd4515e9-84f2-4741-b1f5-a9247145a2ac:c5522, 2e3e112c-ad01-4834-a07e-d6d8a7947632:c5518, dfee02f7-0d20-4e08-8ecd-ebe087394a07:c5518]
2019-07-08 20:09:54,428 INFO  client.GrpcClientProtocolClient (GrpcClientProtocolClient.java:onNext(255)) - client-83AFC0B42279->fd4515e9-84f2-4741-b1f5-a9247145a2ac: receive RaftClientReply:client-83AFC0B42279->fd4515e9-84f2-4741-b1f5-a9247145a2ac@group-E2152A48AE85, cid=3660, SUCCESS, logIndex=5522, commits[fd4515e9-84f2-4741-b1f5-a9247145a2ac:c5522, 2e3e112c-ad01-4834-a07e-d6d8a7947632:c5518, dfee02f7-0d20-4e08-8ecd-ebe087394a07:c5518]
2019-07-08 20:09:54,431 INFO  client.GrpcClientProtocolClient (GrpcClientProtocolClient.java:onNext(255)) - client-83AFC0B42279->fd4515e9-84f2-4741-b1f5-a9247145a2ac: receive RaftClientReply:client-83AFC0B42279->fd4515e9-84f2-4741-b1f5-a9247145a2ac@group-E2152A48AE85, cid=3661, SUCCESS, logIndex=0, commits[fd4515e9-84f2-4741-b1f5-a9247145a2ac:c5523, 2e3e112c-ad01-4834-a07e-d6d8a7947632:c5522, dfee02f7-0d20-4e08-8ecd-ebe087394a07:c5522]
2019-07-08 20:09:54,463 INFO  client.GrpcClientProtocolClient (GrpcClientProtocolClient.java:onNext(255)) - client-83AFC0B42279->fd4515e9-84f2-4741-b1f5-a9247145a2ac: receive RaftClientReply:client-83AFC0B42279->fd4515e9-84f2-4741-b1f5-a9247145a2ac@group-E2152A48AE85, cid=3662, SUCCESS, logIndex=5525, commits[fd4515e9-84f2-4741-b1f5-a9247145a2ac:c5526, 2e3e112c-ad01-4834-a07e-d6d8a7947632:c5524, dfee02f7-0d20-4e08-8ecd-ebe087394a07:c5524]
2019-07-08 20:09:54,464 INFO  client.GrpcClientProtocolClient (GrpcClientProtocolClient.java:onNext(255)) - client-83AFC0B42279->fd4515e9-84f2-4741-b1f5-a9247145a2ac: receive RaftClientReply:client-83AFC0B42279->fd4515e9-84f2-4741-b1f5-a9247145a2ac@group-E2152A48AE85, cid=3663, SUCCESS, logIndex=5526, commits[fd4515e9-84f2-4741-b1f5-a9247145a2ac:c5528, 2e3e112c-ad01-4834-a07e-d6d8a7947632:c5524, dfee02f7-0d20-4e08-8ecd-ebe087394a07:c5524]
2019-07-08 20:09:54,464 INFO  client.GrpcClientProtocolClient (GrpcClientProtocolClient.java:onNext(255)) - client-83AFC0B42279->fd4515e9-84f2-4741-b1f5-a9247145a2ac: receive RaftClientReply:client-83AFC0B42279->fd4515e9-84f2-4741-b1f5-a9247145a2ac@group-E2152A48AE85, cid=3664, SUCCESS, logIndex=5527, commits[fd4515e9-84f2-4741-b1f5-a9247145a2ac:c5528, 2e3e112c-ad01-4834-a07e-d6d8a7947632:c5524, dfee02f7-0d20-4e08-8ecd-ebe087394a07:c5524]
2019-07-08 20:09:54,464 INFO  client.GrpcClientProtocolClient (GrpcClientProtocolClient.java:onNext(255)) - client-83AFC0B42279->fd4515e9-84f2-4741-b1f5-a9247145a2ac: receive RaftClientReply:client-83AFC0B42279->fd4515e9-84f2-4741-b1f5-a9247145a2ac@group-E2152A48AE85, cid=3665, SUCCESS, logIndex=5528, commits[fd4515e9-84f2-4741-b1f5-a9247145a2ac:c5528, 2e3e112c-ad01-4834-a07e-d6d8a7947632:c5524, dfee02f7-0d20-4e08-8ecd-ebe087394a07:c5524]
2019-07-08 20:09:54,475 INFO  client.GrpcClientProtocolClient (GrpcClientProtocolClient.java:onNext(255)) - client-83AFC0B42279->fd4515e9-84f2-4741-b1f5-a9247145a2ac: receive RaftClientReply:client-83AFC0B42279->fd4515e9-84f2-4741-b1f5-a9247145a2ac@group-E2152A48AE85, cid=3666, SUCCESS, logIndex=0, commits[fd4515e9-84f2-4741-b1f5-a9247145a2ac:c5530, 2e3e112c-ad01-4834-a07e-d6d8a7947632:c5526, dfee02f7-0d20-4e08-8ecd-ebe087394a07:c5526]
2019-07-08 20:09:54,496 INFO  client.GrpcClientProtocolClient (GrpcClientProtocolClient.java:onNext(255)) - client-83AFC0B42279->fd4515e9-84f2-4741-b1f5-a9247145a2ac: receive RaftClientReply:client-83AFC0B42279->fd4515e9-84f2-4741-b1f5-a9247145a2ac@group-E2152A48AE85, cid=3667, SUCCESS, logIndex=5532, commits[fd4515e9-84f2-4741-b1f5-a9247145a2ac:c5533, 2e3e112c-ad01-4834-a07e-d6d8a7947632:c5531, dfee02f7-0d20-4e08-8ecd-ebe087394a07:c5531]
2019-07-08 20:09:54,496 INFO  client.GrpcClientProtocolClient (GrpcClientProtocolClient.java:onNext(255)) - client-83AFC0B42279->fd4515e9-84f2-4741-b1f5-a9247145a2ac: receive RaftClientReply:client-83AFC0B42279->fd4515e9-84f2-4741-b1f5-a9247145a2ac@group-E2152A48AE85, cid=3668, SUCCESS, logIndex=5533, commits[fd4515e9-84f2-4741-b1f5-a9247145a2ac:c5533, 2e3e112c-ad01-4834-a07e-d6d8a7947632:c5531, dfee02f7-0d20-4e08-8ecd-ebe087394a07:c5531]
 0.00% |█                                                                                                    |  0/1 Time: 0:00:332019-07-08 20:09:54,509 INFO  client.GrpcClientProtocolClient (GrpcClientProtocolClient.java:onNext(255)) - client-83AFC0B42279->fd4515e9-84f2-4741-b1f5-a9247145a2ac: receive RaftClientReply:client-83AFC0B42279->fd4515e9-84f2-4741-b1f5-a9247145a2ac@group-E2152A48AE85, cid=3669, SUCCESS, logIndex=5536, commits[fd4515e9-84f2-4741-b1f5-a9247145a2ac:c5536, 2e3e112c-ad01-4834-a07e-d6d8a7947632:c5532, dfee02f7-0d20-4e08-8ecd-ebe087394a07:c5533]
2019-07-08 20:09:54,510 INFO  client.GrpcClientProtocolClient (GrpcClientProtocolClient.java:onNext(255)) - client-83AFC0B42279->fd4515e9-84f2-4741-b1f5-a9247145a2ac: receive RaftClientReply:client-83AFC0B42279->fd4515e9-84f2-4741-b1f5-a9247145a2ac@group-E2152A48AE85, cid=3670, SUCCESS, logIndex=5537, commits[fd4515e9-84f2-4741-b1f5-a9247145a2ac:c5537, 2e3e112c-ad01-4834-a07e-d6d8a7947632:c5533, dfee02f7-0d20-4e08-8ecd-ebe087394a07:c5533]
2019-07-08 20:09:54,512 INFO  client.GrpcClientProtocolClient (GrpcClientProtocolClient.java:onNext(255)) - client-83AFC0B42279->fd4515e9-84f2-4741-b1f5-a9247145a2ac: receive RaftClientReply:client-83AFC0B42279->fd4515e9-84f2-4741-b1f5-a9247145a2ac@group-E2152A48AE85, cid=3671, SUCCESS, logIndex=0, commits[fd4515e9-84f2-4741-b1f5-a9247145a2ac:c5539, 2e3e112c-ad01-4834-a07e-d6d8a7947632:c5537, dfee02f7-0d20-4e08-8ecd-ebe087394a07:c5537]
2019-07-08 20:09:54,548 INFO  client.GrpcClientProtocolClient (GrpcClientProtocolClient.java:onNext(255)) - client-83AFC0B42279->fd4515e9-84f2-4741-b1f5-a9247145a2ac: receive RaftClientReply:client-83AFC0B42279->fd4515e9-84f2-4741-b1f5-a9247145a2ac@group-E2152A48AE85, cid=3672, SUCCESS, logIndex=5540, commits[fd4515e9-84f2-4741-b1f5-a9247145a2ac:c5541, 2e3e112c-ad01-4834-a07e-d6d8a7947632:c5539, dfee02f7-0d20-4e08-8ecd-ebe087394a07:c5539]
2019-07-08 20:09:54,548 INFO  client.GrpcClientProtocolClient (GrpcClientProtocolClient.java:onNext(255)) - client-83AFC0B42279->fd4515e9-84f2-4741-b1f5-a9247145a2ac: receive RaftClientReply:client-83AFC0B42279->fd4515e9-84f2-4741-b1f5-a9247145a2ac@group-E2152A48AE85, cid=3673, SUCCESS, logIndex=5541, commits[fd4515e9-84f2-4741-b1f5-a9247145a2ac:c5543, 2e3e112c-ad01-4834-a07e-d6d8a7947632:c5539, dfee02f7-0d20-4e08-8ecd-ebe087394a07:c5539]
2019-07-08 20:09:54,549 INFO  client.GrpcClientProtocolClient (GrpcClientProtocolClient.java:onNext(255)) - client-83AFC0B42279->fd4515e9-84f2-4741-b1f5-a9247145a2ac: receive RaftClientReply:client-83AFC0B42279->fd4515e9-84f2-4741-b1f5-a9247145a2ac@group-E2152A48AE85, cid=3674, SUCCESS, logIndex=5542, commits[fd4515e9-84f2-4741-b1f5-a9247145a2ac:c5543, 2e3e112c-ad01-4834-a07e-d6d8a7947632:c5539, dfee02f7-0d20-4e08-8ecd-ebe087394a07:c5539]
2019-07-08 20:09:54,549 INFO  client.GrpcClientProtocolClient (GrpcClientProtocolClient.java:onNext(255)) - client-83AFC0B42279->fd4515e9-84f2-4741-b1f5-a9247145a2ac: receive RaftClientReply:client-83AFC0B42279->fd4515e9-84f2-4741-b1f5-a9247145a2ac@group-E2152A48AE85, cid=3675, SUCCESS, logIndex=5543, commits[fd4515e9-84f2-4741-b1f5-a9247145a2ac:c5543, 2e3e112c-ad01-4834-a07e-d6d8a7947632:c5539, dfee02f7-0d20-4e08-8ecd-ebe087394a07:c5539]
2019-07-08 20:09:54,551 INFO  client.GrpcClientProtocolClient (GrpcClientProtocolClient.java:onNext(255)) - client-83AFC0B42279->fd4515e9-84f2-4741-b1f5-a9247145a2ac: receive RaftClientReply:client-83AFC0B42279->fd4515e9-84f2-4741-b1f5-a9247145a2ac@group-E2152A48AE85, cid=3676, SUCCESS, logIndex=0, commits[fd4515e9-84f2-4741-b1f5-a9247145a2ac:c5545, 2e3e112c-ad01-4834-a07e-d6d8a7947632:c5541, dfee02f7-0d20-4e08-8ecd-ebe087394a07:c5541]
2019-07-08 20:09:54,572 INFO  client.GrpcClientProtocolClient (GrpcClientProtocolClient.java:onNext(255)) - client-83AFC0B42279->fd4515e9-84f2-4741-b1f5-a9247145a2ac: receive RaftClientReply:client-83AFC0B42279->fd4515e9-84f2-4741-b1f5-a9247145a2ac@group-E2152A48AE85, cid=3677, SUCCESS, logIndex=5548, commits[fd4515e9-84f2-4741-b1f5-a9247145a2ac:c5549, 2e3e112c-ad01-4834-a07e-d6d8a7947632:c5547, dfee02f7-0d20-4e08-8ecd-ebe087394a07:c5547]
2019-07-08 20:09:54,572 INFO  client.GrpcClientProtocolClient (GrpcClientProtocolClient.java:onNext(255)) - client-83AFC0B42279->fd4515e9-84f2-4741-b1f5-a9247145a2ac: receive RaftClientReply:client-83AFC0B42279->fd4515e9-84f2-4741-b1f5-a9247145a2ac@group-E2152A48AE85, cid=3678, SUCCESS, logIndex=5549, commits[fd4515e9-84f2-4741-b1f5-a9247145a2ac:c5549, 2e3e112c-ad01-4834-a07e-d6d8a7947632:c5547, dfee02f7-0d20-4e08-8ecd-ebe087394a07:c5547]
2019-07-08 20:09:54,586 INFO  client.GrpcClientProtocolClient (GrpcClientProtocolClient.java:onNext(255)) - client-83AFC0B42279->fd4515e9-84f2-4741-b1f5-a9247145a2ac: receive RaftClientReply:client-83AFC0B42279->fd4515e9-84f2-4741-b1f5-a9247145a2ac@group-E2152A48AE85, cid=3679, SUCCESS, logIndex=5552, commits[fd4515e9-84f2-4741-b1f5-a9247145a2ac:c5553, 2e3e112c-ad01-4834-a07e-d6d8a7947632:c5551, dfee02f7-0d20-4e08-8ecd-ebe087394a07:c5549]
2019-07-08 20:09:54,586 INFO  client.GrpcClientProtocolClient (GrpcClientProtocolClient.java:onNext(255)) - client-83AFC0B42279->fd4515e9-84f2-4741-b1f5-a9247145a2ac: receive RaftClientReply:client-83AFC0B42279->fd4515e9-84f2-4741-b1f5-a9247145a2ac@group-E2152A48AE85, cid=3680, SUCCESS, logIndex=5553, commits[fd4515e9-84f2-4741-b1f5-a9247145a2ac:c5553, 2e3e112c-ad01-4834-a07e-d6d8a7947632:c5551, dfee02f7-0d20-4e08-8ecd-ebe087394a07:c5551]
2019-07-08 20:09:54,588 INFO  client.GrpcClientProtocolClient (GrpcClientProtocolClient.java:onNext(255)) - client-83AFC0B42279->fd4515e9-84f2-4741-b1f5-a9247145a2ac: receive RaftClientReply:client-83AFC0B42279->fd4515e9-84f2-4741-b1f5-a9247145a2ac@group-E2152A48AE85, cid=3681, SUCCESS, logIndex=0, commits[fd4515e9-84f2-4741-b1f5-a9247145a2ac:c5554, 2e3e112c-ad01-4834-a07e-d6d8a7947632:c5553, dfee02f7-0d20-4e08-8ecd-ebe087394a07:c5553]
2019-07-08 20:09:54,612 INFO  client.GrpcClientProtocolClient (GrpcClientProtocolClient.java:onNext(255)) - client-83AFC0B42279->fd4515e9-84f2-4741-b1f5-a9247145a2ac: receive RaftClientReply:client-83AFC0B42279->fd4515e9-84f2-4741-b1f5-a9247145a2ac@group-E2152A48AE85, cid=3682, SUCCESS, logIndex=5555, commits[fd4515e9-84f2-4741-b1f5-a9247145a2ac:c5555, 2e3e112c-ad01-4834-a07e-d6d8a7947632:c5553, dfee02f7-0d20-4e08-8ecd-ebe087394a07:c5554]
2019-07-08 20:09:54,613 INFO  client.GrpcClientProtocolClient (GrpcClientProtocolClient.java:onNext(255)) - client-83AFC0B42279->fd4515e9-84f2-4741-b1f5-a9247145a2ac: receive RaftClientReply:client-83AFC0B42279->fd4515e9-84f2-4741-b1f5-a9247145a2ac@group-E2152A48AE85, cid=3683, SUCCESS, logIndex=5556, commits[fd4515e9-84f2-4741-b1f5-a9247145a2ac:c5556, 2e3e112c-ad01-4834-a07e-d6d8a7947632:c5553, dfee02f7-0d20-4e08-8ecd-ebe087394a07:c5554]
2019-07-08 20:09:54,616 INFO  client.GrpcClientProtocolClient (GrpcClientProtocolClient.java:onNext(255)) - client-83AFC0B42279->fd4515e9-84f2-4741-b1f5-a9247145a2ac: receive RaftClientReply:client-83AFC0B42279->fd4515e9-84f2-4741-b1f5-a9247145a2ac@group-E2152A48AE85, cid=3684, SUCCESS, logIndex=5557, commits[fd4515e9-84f2-4741-b1f5-a9247145a2ac:c5558, 2e3e112c-ad01-4834-a07e-d6d8a7947632:c5555, dfee02f7-0d20-4e08-8ecd-ebe087394a07:c5554]
2019-07-08 20:09:54,617 INFO  client.GrpcClientProtocolClient (GrpcClientProtocolClient.java:onNext(255)) - client-83AFC0B42279->fd4515e9-84f2-4741-b1f5-a9247145a2ac: receive RaftClientReply:client-83AFC0B42279->fd4515e9-84f2-4741-b1f5-a9247145a2ac@group-E2152A48AE85, cid=3685, SUCCESS, logIndex=5558, commits[fd4515e9-84f2-4741-b1f5-a9247145a2ac:c5559, 2e3e112c-ad01-4834-a07e-d6d8a7947632:c5555, dfee02f7-0d20-4e08-8ecd-ebe087394a07:c5554]
2019-07-08 20:09:54,618 INFO  client.GrpcClientProtocolClient (GrpcClientProtocolClient.java:onNext(255)) - client-83AFC0B42279->fd4515e9-84f2-4741-b1f5-a9247145a2ac: receive RaftClientReply:client-83AFC0B42279->fd4515e9-84f2-4741-b1f5-a9247145a2ac@group-E2152A48AE85, cid=3686, SUCCESS, logIndex=0, commits[fd4515e9-84f2-4741-b1f5-a9247145a2ac:c5560, 2e3e112c-ad01-4834-a07e-d6d8a7947632:c5556, dfee02f7-0d20-4e08-8ecd-ebe087394a07:c5556]
2019-07-08 20:09:54,651 INFO  client.GrpcClientProtocolClient (GrpcClientProtocolClient.java:onNext(255)) - client-83AFC0B42279->fd4515e9-84f2-4741-b1f5-a9247145a2ac: receive RaftClientReply:client-83AFC0B42279->fd4515e9-84f2-4741-b1f5-a9247145a2ac@group-E2152A48AE85, cid=3687, SUCCESS, logIndex=5563, commits[fd4515e9-84f2-4741-b1f5-a9247145a2ac:c5564, 2e3e112c-ad01-4834-a07e-d6d8a7947632:c5562, dfee02f7-0d20-4e08-8ecd-ebe087394a07:c5562]
2019-07-08 20:09:54,651 INFO  client.GrpcClientProtocolClient (GrpcClientProtocolClient.java:onNext(255)) - client-83AFC0B42279->fd4515e9-84f2-4741-b1f5-a9247145a2ac: receive RaftClientReply:client-83AFC0B42279->fd4515e9-84f2-4741-b1f5-a9247145a2ac@group-E2152A48AE85, cid=3688, SUCCESS, logIndex=5564, commits[fd4515e9-84f2-4741-b1f5-a9247145a2ac:c5564, 2e3e112c-ad01-4834-a07e-d6d8a7947632:c5562, dfee02f7-0d20-4e08-8ecd-ebe087394a07:c5562]
2019-07-08 20:09:54,677 INFO  client.GrpcClientProtocolClient (GrpcClientProtocolClient.java:onNext(255)) - client-83AFC0B42279->fd4515e9-84f2-4741-b1f5-a9247145a2ac: receive RaftClientReply:client-83AFC0B42279->fd4515e9-84f2-4741-b1f5-a9247145a2ac@group-E2152A48AE85, cid=3689, SUCCESS, logIndex=5567, commits[fd4515e9-84f2-4741-b1f5-a9247145a2ac:c5568, 2e3e112c-ad01-4834-a07e-d6d8a7947632:c5564, dfee02f7-0d20-4e08-8ecd-ebe087394a07:c5564]
2019-07-08 20:09:54,678 INFO  client.GrpcClientProtocolClient (GrpcClientProtocolClient.java:onNext(255)) - client-83AFC0B42279->fd4515e9-84f2-4741-b1f5-a9247145a2ac: receive RaftClientReply:client-83AFC0B42279->fd4515e9-84f2-4741-b1f5-a9247145a2ac@group-E2152A48AE85, cid=3690, SUCCESS, logIndex=5568, commits[fd4515e9-84f2-4741-b1f5-a9247145a2ac:c5568, 2e3e112c-ad01-4834-a07e-d6d8a7947632:c5564, dfee02f7-0d20-4e08-8ecd-ebe087394a07:c5564]
2019-07-08 20:09:54,679 INFO  client.GrpcClientProtocolClient (GrpcClientProtocolClient.java:onNext(255)) - client-83AFC0B42279->fd4515e9-84f2-4741-b1f5-a9247145a2ac: receive RaftClientReply:client-83AFC0B42279->fd4515e9-84f2-4741-b1f5-a9247145a2ac@group-E2152A48AE85, cid=3691, SUCCESS, logIndex=0, commits[fd4515e9-84f2-4741-b1f5-a9247145a2ac:c5569, 2e3e112c-ad01-4834-a07e-d6d8a7947632:c5568, dfee02f7-0d20-4e08-8ecd-ebe087394a07:c5568]
2019-07-08 20:09:54,727 INFO  client.GrpcClientProtocolClient (GrpcClientProtocolClient.java:onNext(255)) - client-83AFC0B42279->fd4515e9-84f2-4741-b1f5-a9247145a2ac: receive RaftClientReply:client-83AFC0B42279->fd4515e9-84f2-4741-b1f5-a9247145a2ac@group-E2152A48AE85, cid=3692, SUCCESS, logIndex=5571, commits[fd4515e9-84f2-4741-b1f5-a9247145a2ac:c5572, 2e3e112c-ad01-4834-a07e-d6d8a7947632:c5570, dfee02f7-0d20-4e08-8ecd-ebe087394a07:c5570]
2019-07-08 20:09:54,728 INFO  client.GrpcClientProtocolClient (GrpcClientProtocolClient.java:onNext(255)) - client-83AFC0B42279->fd4515e9-84f2-4741-b1f5-a9247145a2ac: receive RaftClientReply:client-83AFC0B42279->fd4515e9-84f2-4741-b1f5-a9247145a2ac@group-E2152A48AE85, cid=3693, SUCCESS, logIndex=5572, commits[fd4515e9-84f2-4741-b1f5-a9247145a2ac:c5572, 2e3e112c-ad01-4834-a07e-d6d8a7947632:c5570, dfee02f7-0d20-4e08-8ecd-ebe087394a07:c5570]
2019-07-08 20:09:54,728 INFO  client.GrpcClientProtocolClient (GrpcClientProtocolClient.java:onNext(255)) - client-83AFC0B42279->fd4515e9-84f2-4741-b1f5-a9247145a2ac: receive RaftClientReply:client-83AFC0B42279->fd4515e9-84f2-4741-b1f5-a9247145a2ac@group-E2152A48AE85, cid=3694, SUCCESS, logIndex=5573, commits[fd4515e9-84f2-4741-b1f5-a9247145a2ac:c5574, 2e3e112c-ad01-4834-a07e-d6d8a7947632:c5570, dfee02f7-0d20-4e08-8ecd-ebe087394a07:c5570]
2019-07-08 20:09:54,729 INFO  client.GrpcClientProtocolClient (GrpcClientProtocolClient.java:onNext(255)) - client-83AFC0B42279->fd4515e9-84f2-4741-b1f5-a9247145a2ac: receive RaftClientReply:client-83AFC0B42279->fd4515e9-84f2-4741-b1f5-a9247145a2ac@group-E2152A48AE85, cid=3695, SUCCESS, logIndex=5574, commits[fd4515e9-84f2-4741-b1f5-a9247145a2ac:c5574, 2e3e112c-ad01-4834-a07e-d6d8a7947632:c5570, dfee02f7-0d20-4e08-8ecd-ebe087394a07:c5570]
2019-07-08 20:09:54,730 INFO  client.GrpcClientProtocolClient (GrpcClientProtocolClient.java:onNext(255)) - client-83AFC0B42279->fd4515e9-84f2-4741-b1f5-a9247145a2ac: receive RaftClientReply:client-83AFC0B42279->fd4515e9-84f2-4741-b1f5-a9247145a2ac@group-E2152A48AE85, cid=3696, SUCCESS, logIndex=0, commits[fd4515e9-84f2-4741-b1f5-a9247145a2ac:c5576, 2e3e112c-ad01-4834-a07e-d6d8a7947632:c5572, dfee02f7-0d20-4e08-8ecd-ebe087394a07:c5572]
2019-07-08 20:09:54,751 INFO  client.GrpcClientProtocolClient (GrpcClientProtocolClient.java:onNext(255)) - client-83AFC0B42279->fd4515e9-84f2-4741-b1f5-a9247145a2ac: receive RaftClientReply:client-83AFC0B42279->fd4515e9-84f2-4741-b1f5-a9247145a2ac@group-E2152A48AE85, cid=3697, SUCCESS, logIndex=5579, commits[fd4515e9-84f2-4741-b1f5-a9247145a2ac:c5580, 2e3e112c-ad01-4834-a07e-d6d8a7947632:c5578, dfee02f7-0d20-4e08-8ecd-ebe087394a07:c5578]
2019-07-08 20:09:54,752 INFO  client.GrpcClientProtocolClient (GrpcClientProtocolClient.java:onNext(255)) - client-83AFC0B42279->fd4515e9-84f2-4741-b1f5-a9247145a2ac: receive RaftClientReply:client-83AFC0B42279->fd4515e9-84f2-4741-b1f5-a9247145a2ac@group-E2152A48AE85, cid=3698, SUCCESS, logIndex=5580, commits[fd4515e9-84f2-4741-b1f5-a9247145a2ac:c5580, 2e3e112c-ad01-4834-a07e-d6d8a7947632:c5578, dfee02f7-0d20-4e08-8ecd-ebe087394a07:c5578]
2019-07-08 20:09:54,765 INFO  client.GrpcClientProtocolClient (GrpcClientProtocolClient.java:onNext(255)) - client-83AFC0B42279->fd4515e9-84f2-4741-b1f5-a9247145a2ac: receive RaftClientReply:client-83AFC0B42279->fd4515e9-84f2-4741-b1f5-a9247145a2ac@group-E2152A48AE85, cid=3699, SUCCESS, logIndex=5583, commits[fd4515e9-84f2-4741-b1f5-a9247145a2ac:c5584, 2e3e112c-ad01-4834-a07e-d6d8a7947632:c5580, dfee02f7-0d20-4e08-8ecd-ebe087394a07:c5580]
2019-07-08 20:09:54,765 INFO  client.GrpcClientProtocolClient (GrpcClientProtocolClient.java:onNext(255)) - client-83AFC0B42279->fd4515e9-84f2-4741-b1f5-a9247145a2ac: receive RaftClientReply:client-83AFC0B42279->fd4515e9-84f2-4741-b1f5-a9247145a2ac@group-E2152A48AE85, cid=3700, SUCCESS, logIndex=5584, commits[fd4515e9-84f2-4741-b1f5-a9247145a2ac:c5584, 2e3e112c-ad01-4834-a07e-d6d8a7947632:c5580, dfee02f7-0d20-4e08-8ecd-ebe087394a07:c5580]
2019-07-08 20:09:54,767 INFO  client.GrpcClientProtocolClient (GrpcClientProtocolClient.java:onNext(255)) - client-83AFC0B42279->fd4515e9-84f2-4741-b1f5-a9247145a2ac: receive RaftClientReply:client-83AFC0B42279->fd4515e9-84f2-4741-b1f5-a9247145a2ac@group-E2152A48AE85, cid=3701, SUCCESS, logIndex=0, commits[fd4515e9-84f2-4741-b1f5-a9247145a2ac:c5586, 2e3e112c-ad01-4834-a07e-d6d8a7947632:c5584, dfee02f7-0d20-4e08-8ecd-ebe087394a07:c5584]
2019-07-08 20:09:54,802 INFO  client.GrpcClientProtocolClient (GrpcClientProtocolClient.java:onNext(255)) - client-83AFC0B42279->fd4515e9-84f2-4741-b1f5-a9247145a2ac: receive RaftClientReply:client-83AFC0B42279->fd4515e9-84f2-4741-b1f5-a9247145a2ac@group-E2152A48AE85, cid=3702, SUCCESS, logIndex=5587, commits[fd4515e9-84f2-4741-b1f5-a9247145a2ac:c5588, 2e3e112c-ad01-4834-a07e-d6d8a7947632:c5586, dfee02f7-0d20-4e08-8ecd-ebe087394a07:c5586]
2019-07-08 20:09:54,803 INFO  client.GrpcClientProtocolClient (GrpcClientProtocolClient.java:onNext(255)) - client-83AFC0B42279->fd4515e9-84f2-4741-b1f5-a9247145a2ac: receive RaftClientReply:client-83AFC0B42279->fd4515e9-84f2-4741-b1f5-a9247145a2ac@group-E2152A48AE85, cid=3703, SUCCESS, logIndex=5588, commits[fd4515e9-84f2-4741-b1f5-a9247145a2ac:c5588, 2e3e112c-ad01-4834-a07e-d6d8a7947632:c5586, dfee02f7-0d20-4e08-8ecd-ebe087394a07:c5586]
2019-07-08 20:09:54,803 INFO  client.GrpcClientProtocolClient (GrpcClientProtocolClient.java:onNext(255)) - client-83AFC0B42279->fd4515e9-84f2-4741-b1f5-a9247145a2ac: receive RaftClientReply:client-83AFC0B42279->fd4515e9-84f2-4741-b1f5-a9247145a2ac@group-E2152A48AE85, cid=3704, SUCCESS, logIndex=5589, commits[fd4515e9-84f2-4741-b1f5-a9247145a2ac:c5590, 2e3e112c-ad01-4834-a07e-d6d8a7947632:c5586, dfee02f7-0d20-4e08-8ecd-ebe087394a07:c5586]
2019-07-08 20:09:54,803 INFO  client.GrpcClientProtocolClient (GrpcClientProtocolClient.java:onNext(255)) - client-83AFC0B42279->fd4515e9-84f2-4741-b1f5-a9247145a2ac: receive RaftClientReply:client-83AFC0B42279->fd4515e9-84f2-4741-b1f5-a9247145a2ac@group-E2152A48AE85, cid=3705, SUCCESS, logIndex=5590, commits[fd4515e9-84f2-4741-b1f5-a9247145a2ac:c5590, 2e3e112c-ad01-4834-a07e-d6d8a7947632:c5586, dfee02f7-0d20-4e08-8ecd-ebe087394a07:c5586]
2019-07-08 20:09:54,804 INFO  client.GrpcClientProtocolClient (GrpcClientProtocolClient.java:onNext(255)) - client-83AFC0B42279->fd4515e9-84f2-4741-b1f5-a9247145a2ac: receive RaftClientReply:client-83AFC0B42279->fd4515e9-84f2-4741-b1f5-a9247145a2ac@group-E2152A48AE85, cid=3706, SUCCESS, logIndex=0, commits[fd4515e9-84f2-4741-b1f5-a9247145a2ac:c5593, 2e3e112c-ad01-4834-a07e-d6d8a7947632:c5589, dfee02f7-0d20-4e08-8ecd-ebe087394a07:c5588]
2019-07-08 20:09:54,825 INFO  client.GrpcClientProtocolClient (GrpcClientProtocolClient.java:onNext(255)) - client-83AFC0B42279->fd4515e9-84f2-4741-b1f5-a9247145a2ac: receive RaftClientReply:client-83AFC0B42279->fd4515e9-84f2-4741-b1f5-a9247145a2ac@group-E2152A48AE85, cid=3707, SUCCESS, logIndex=5595, commits[fd4515e9-84f2-4741-b1f5-a9247145a2ac:c5596, 2e3e112c-ad01-4834-a07e-d6d8a7947632:c5594, dfee02f7-0d20-4e08-8ecd-ebe087394a07:c5594]
2019-07-08 20:09:54,825 INFO  client.GrpcClientProtocolClient (GrpcClientProtocolClient.java:onNext(255)) - client-83AFC0B42279->fd4515e9-84f2-4741-b1f5-a9247145a2ac: receive RaftClientReply:client-83AFC0B42279->fd4515e9-84f2-4741-b1f5-a9247145a2ac@group-E2152A48AE85, cid=3708, SUCCESS, logIndex=5596, commits[fd4515e9-84f2-4741-b1f5-a9247145a2ac:c5596, 2e3e112c-ad01-4834-a07e-d6d8a7947632:c5594, dfee02f7-0d20-4e08-8ecd-ebe087394a07:c5594]
2019-07-08 20:09:54,838 INFO  client.GrpcClientProtocolClient (GrpcClientProtocolClient.java:onNext(255)) - client-83AFC0B42279->fd4515e9-84f2-4741-b1f5-a9247145a2ac: receive RaftClientReply:client-83AFC0B42279->fd4515e9-84f2-4741-b1f5-a9247145a2ac@group-E2152A48AE85, cid=3709, SUCCESS, logIndex=5599, commits[fd4515e9-84f2-4741-b1f5-a9247145a2ac:c5599, 2e3e112c-ad01-4834-a07e-d6d8a7947632:c5596, dfee02f7-0d20-4e08-8ecd-ebe087394a07:c5596]
2019-07-08 20:09:54,838 INFO  client.GrpcClientProtocolClient (GrpcClientProtocolClient.java:onNext(255)) - client-83AFC0B42279->fd4515e9-84f2-4741-b1f5-a9247145a2ac: receive RaftClientReply:client-83AFC0B42279->fd4515e9-84f2-4741-b1f5-a9247145a2ac@group-E2152A48AE85, cid=3710, SUCCESS, logIndex=5600, commits[fd4515e9-84f2-4741-b1f5-a9247145a2ac:c5600, 2e3e112c-ad01-4834-a07e-d6d8a7947632:c5596, dfee02f7-0d20-4e08-8ecd-ebe087394a07:c5596]
2019-07-08 20:09:54,851 INFO  client.GrpcClientProtocolClient (GrpcClientProtocolClient.java:onNext(255)) - client-83AFC0B42279->fd4515e9-84f2-4741-b1f5-a9247145a2ac: receive RaftClientReply:client-83AFC0B42279->fd4515e9-84f2-4741-b1f5-a9247145a2ac@group-E2152A48AE85, cid=3711, SUCCESS, logIndex=0, commits[fd4515e9-84f2-4741-b1f5-a9247145a2ac:c5602, 2e3e112c-ad01-4834-a07e-d6d8a7947632:c5600, dfee02f7-0d20-4e08-8ecd-ebe087394a07:c5600]
2019-07-08 20:09:55,007 INFO  client.GrpcClientProtocolClient (GrpcClientProtocolClient.java:onNext(255)) - client-83AFC0B42279->fd4515e9-84f2-4741-b1f5-a9247145a2ac: receive RaftClientReply:client-83AFC0B42279->fd4515e9-84f2-4741-b1f5-a9247145a2ac@group-E2152A48AE85, cid=3712, SUCCESS, logIndex=5603, commits[fd4515e9-84f2-4741-b1f5-a9247145a2ac:c5604, 2e3e112c-ad01-4834-a07e-d6d8a7947632:c5602, dfee02f7-0d20-4e08-8ecd-ebe087394a07:c5602]
2019-07-08 20:09:55,008 INFO  client.GrpcClientProtocolClient (GrpcClientProtocolClient.java:onNext(255)) - client-83AFC0B42279->fd4515e9-84f2-4741-b1f5-a9247145a2ac: receive RaftClientReply:client-83AFC0B42279->fd4515e9-84f2-4741-b1f5-a9247145a2ac@group-E2152A48AE85, cid=3713, SUCCESS, logIndex=5604, commits[fd4515e9-84f2-4741-b1f5-a9247145a2ac:c5604, 2e3e112c-ad01-4834-a07e-d6d8a7947632:c5602, dfee02f7-0d20-4e08-8ecd-ebe087394a07:c5602]
2019-07-08 20:09:55,008 INFO  client.GrpcClientProtocolClient (GrpcClientProtocolClient.java:onNext(255)) - client-83AFC0B42279->fd4515e9-84f2-4741-b1f5-a9247145a2ac: receive RaftClientReply:client-83AFC0B42279->fd4515e9-84f2-4741-b1f5-a9247145a2ac@group-E2152A48AE85, cid=3714, SUCCESS, logIndex=5605, commits[fd4515e9-84f2-4741-b1f5-a9247145a2ac:c5606, 2e3e112c-ad01-4834-a07e-d6d8a7947632:c5602, dfee02f7-0d20-4e08-8ecd-ebe087394a07:c5602]
2019-07-08 20:09:55,008 INFO  client.GrpcClientProtocolClient (GrpcClientProtocolClient.java:onNext(255)) - client-83AFC0B42279->fd4515e9-84f2-4741-b1f5-a9247145a2ac: receive RaftClientReply:client-83AFC0B42279->fd4515e9-84f2-4741-b1f5-a9247145a2ac@group-E2152A48AE85, cid=3715, SUCCESS, logIndex=5606, commits[fd4515e9-84f2-4741-b1f5-a9247145a2ac:c5606, 2e3e112c-ad01-4834-a07e-d6d8a7947632:c5602, dfee02f7-0d20-4e08-8ecd-ebe087394a07:c5602]
2019-07-08 20:09:55,009 INFO  client.GrpcClientProtocolClient (GrpcClientProtocolClient.java:onNext(255)) - client-83AFC0B42279->fd4515e9-84f2-4741-b1f5-a9247145a2ac: receive RaftClientReply:client-83AFC0B42279->fd4515e9-84f2-4741-b1f5-a9247145a2ac@group-E2152A48AE85, cid=3716, SUCCESS, logIndex=0, commits[fd4515e9-84f2-4741-b1f5-a9247145a2ac:c5608, 2e3e112c-ad01-4834-a07e-d6d8a7947632:c5604, dfee02f7-0d20-4e08-8ecd-ebe087394a07:c5604]
2019-07-08 20:09:55,030 INFO  client.GrpcClientProtocolClient (GrpcClientProtocolClient.java:onNext(255)) - client-83AFC0B42279->fd4515e9-84f2-4741-b1f5-a9247145a2ac: receive RaftClientReply:client-83AFC0B42279->fd4515e9-84f2-4741-b1f5-a9247145a2ac@group-E2152A48AE85, cid=3717, SUCCESS, logIndex=5611, commits[fd4515e9-84f2-4741-b1f5-a9247145a2ac:c5612, 2e3e112c-ad01-4834-a07e-d6d8a7947632:c5610, dfee02f7-0d20-4e08-8ecd-ebe087394a07:c5610]
2019-07-08 20:09:55,030 INFO  client.GrpcClientProtocolClient (GrpcClientProtocolClient.java:onNext(255)) - client-83AFC0B42279->fd4515e9-84f2-4741-b1f5-a9247145a2ac: receive RaftClientReply:client-83AFC0B42279->fd4515e9-84f2-4741-b1f5-a9247145a2ac@group-E2152A48AE85, cid=3718, SUCCESS, logIndex=5612, commits[fd4515e9-84f2-4741-b1f5-a9247145a2ac:c5612, 2e3e112c-ad01-4834-a07e-d6d8a7947632:c5610, dfee02f7-0d20-4e08-8ecd-ebe087394a07:c5610]
2019-07-08 20:09:55,043 INFO  client.GrpcClientProtocolClient (GrpcClientProtocolClient.java:onNext(255)) - client-83AFC0B42279->fd4515e9-84f2-4741-b1f5-a9247145a2ac: receive RaftClientReply:client-83AFC0B42279->fd4515e9-84f2-4741-b1f5-a9247145a2ac@group-E2152A48AE85, cid=3719, SUCCESS, logIndex=5615, commits[fd4515e9-84f2-4741-b1f5-a9247145a2ac:c5616, 2e3e112c-ad01-4834-a07e-d6d8a7947632:c5612, dfee02f7-0d20-4e08-8ecd-ebe087394a07:c5612]
2019-07-08 20:09:55,043 INFO  client.GrpcClientProtocolClient (GrpcClientProtocolClient.java:onNext(255)) - client-83AFC0B42279->fd4515e9-84f2-4741-b1f5-a9247145a2ac: receive RaftClientReply:client-83AFC0B42279->fd4515e9-84f2-4741-b1f5-a9247145a2ac@group-E2152A48AE85, cid=3720, SUCCESS, logIndex=5616, commits[fd4515e9-84f2-4741-b1f5-a9247145a2ac:c5616, 2e3e112c-ad01-4834-a07e-d6d8a7947632:c5612, dfee02f7-0d20-4e08-8ecd-ebe087394a07:c5612]
2019-07-08 20:09:55,056 INFO  client.GrpcClientProtocolClient (GrpcClientProtocolClient.java:onNext(255)) - client-83AFC0B42279->fd4515e9-84f2-4741-b1f5-a9247145a2ac: receive RaftClientReply:client-83AFC0B42279->fd4515e9-84f2-4741-b1f5-a9247145a2ac@group-E2152A48AE85, cid=3721, SUCCESS, logIndex=0, commits[fd4515e9-84f2-4741-b1f5-a9247145a2ac:c5617, 2e3e112c-ad01-4834-a07e-d6d8a7947632:c5616, dfee02f7-0d20-4e08-8ecd-ebe087394a07:c5616]
2019-07-08 20:09:55,087 INFO  client.GrpcClientProtocolClient (GrpcClientProtocolClient.java:onNext(255)) - client-83AFC0B42279->fd4515e9-84f2-4741-b1f5-a9247145a2ac: receive RaftClientReply:client-83AFC0B42279->fd4515e9-84f2-4741-b1f5-a9247145a2ac@group-E2152A48AE85, cid=3722, SUCCESS, logIndex=5619, commits[fd4515e9-84f2-4741-b1f5-a9247145a2ac:c5620, 2e3e112c-ad01-4834-a07e-d6d8a7947632:c5618, dfee02f7-0d20-4e08-8ecd-ebe087394a07:c5618]
2019-07-08 20:09:55,087 INFO  client.GrpcClientProtocolClient (GrpcClientProtocolClient.java:onNext(255)) - client-83AFC0B42279->fd4515e9-84f2-4741-b1f5-a9247145a2ac: receive RaftClientReply:client-83AFC0B42279->fd4515e9-84f2-4741-b1f5-a9247145a2ac@group-E2152A48AE85, cid=3723, SUCCESS, logIndex=5620, commits[fd4515e9-84f2-4741-b1f5-a9247145a2ac:c5620, 2e3e112c-ad01-4834-a07e-d6d8a7947632:c5618, dfee02f7-0d20-4e08-8ecd-ebe087394a07:c5618]
2019-07-08 20:09:55,088 INFO  client.GrpcClientProtocolClient (GrpcClientProtocolClient.java:onNext(255)) - client-83AFC0B42279->fd4515e9-84f2-4741-b1f5-a9247145a2ac: receive RaftClientReply:client-83AFC0B42279->fd4515e9-84f2-4741-b1f5-a9247145a2ac@group-E2152A48AE85, cid=3724, SUCCESS, logIndex=5621, commits[fd4515e9-84f2-4741-b1f5-a9247145a2ac:c5622, 2e3e112c-ad01-4834-a07e-d6d8a7947632:c5618, dfee02f7-0d20-4e08-8ecd-ebe087394a07:c5618]
2019-07-08 20:09:55,088 INFO  client.GrpcClientProtocolClient (GrpcClientProtocolClient.java:onNext(255)) - client-83AFC0B42279->fd4515e9-84f2-4741-b1f5-a9247145a2ac: receive RaftClientReply:client-83AFC0B42279->fd4515e9-84f2-4741-b1f5-a9247145a2ac@group-E2152A48AE85, cid=3725, SUCCESS, logIndex=5622, commits[fd4515e9-84f2-4741-b1f5-a9247145a2ac:c5622, 2e3e112c-ad01-4834-a07e-d6d8a7947632:c5618, dfee02f7-0d20-4e08-8ecd-ebe087394a07:c5618]
2019-07-08 20:09:55,089 INFO  client.GrpcClientProtocolClient (GrpcClientProtocolClient.java:onNext(255)) - client-83AFC0B42279->fd4515e9-84f2-4741-b1f5-a9247145a2ac: receive RaftClientReply:client-83AFC0B42279->fd4515e9-84f2-4741-b1f5-a9247145a2ac@group-E2152A48AE85, cid=3726, SUCCESS, logIndex=0, commits[fd4515e9-84f2-4741-b1f5-a9247145a2ac:c5624, 2e3e112c-ad01-4834-a07e-d6d8a7947632:c5620, dfee02f7-0d20-4e08-8ecd-ebe087394a07:c5620]
2019-07-08 20:09:55,108 INFO  client.GrpcClientProtocolClient (GrpcClientProtocolClient.java:onNext(255)) - client-83AFC0B42279->fd4515e9-84f2-4741-b1f5-a9247145a2ac: receive RaftClientReply:client-83AFC0B42279->fd4515e9-84f2-4741-b1f5-a9247145a2ac@group-E2152A48AE85, cid=3727, SUCCESS, logIndex=5627, commits[fd4515e9-84f2-4741-b1f5-a9247145a2ac:c5628, 2e3e112c-ad01-4834-a07e-d6d8a7947632:c5626, dfee02f7-0d20-4e08-8ecd-ebe087394a07:c5626]
2019-07-08 20:09:55,109 INFO  client.GrpcClientProtocolClient (GrpcClientProtocolClient.java:onNext(255)) - client-83AFC0B42279->fd4515e9-84f2-4741-b1f5-a9247145a2ac: receive RaftClientReply:client-83AFC0B42279->fd4515e9-84f2-4741-b1f5-a9247145a2ac@group-E2152A48AE85, cid=3728, SUCCESS, logIndex=5628, commits[fd4515e9-84f2-4741-b1f5-a9247145a2ac:c5628, 2e3e112c-ad01-4834-a07e-d6d8a7947632:c5626, dfee02f7-0d20-4e08-8ecd-ebe087394a07:c5626]
2019-07-08 20:09:55,122 INFO  client.GrpcClientProtocolClient (GrpcClientProtocolClient.java:onNext(255)) - client-83AFC0B42279->fd4515e9-84f2-4741-b1f5-a9247145a2ac: receive RaftClientReply:client-83AFC0B42279->fd4515e9-84f2-4741-b1f5-a9247145a2ac@group-E2152A48AE85, cid=3729, SUCCESS, logIndex=5631, commits[fd4515e9-84f2-4741-b1f5-a9247145a2ac:c5631, 2e3e112c-ad01-4834-a07e-d6d8a7947632:c5628, dfee02f7-0d20-4e08-8ecd-ebe087394a07:c5628]
2019-07-08 20:09:55,122 INFO  client.GrpcClientProtocolClient (GrpcClientProtocolClient.java:onNext(255)) - client-83AFC0B42279->fd4515e9-84f2-4741-b1f5-a9247145a2ac: receive RaftClientReply:client-83AFC0B42279->fd4515e9-84f2-4741-b1f5-a9247145a2ac@group-E2152A48AE85, cid=3730, SUCCESS, logIndex=5632, commits[fd4515e9-84f2-4741-b1f5-a9247145a2ac:c5632, 2e3e112c-ad01-4834-a07e-d6d8a7947632:c5628, dfee02f7-0d20-4e08-8ecd-ebe087394a07:c5628]
2019-07-08 20:09:55,135 INFO  client.GrpcClientProtocolClient (GrpcClientProtocolClient.java:onNext(255)) - client-83AFC0B42279->fd4515e9-84f2-4741-b1f5-a9247145a2ac: receive RaftClientReply:client-83AFC0B42279->fd4515e9-84f2-4741-b1f5-a9247145a2ac@group-E2152A48AE85, cid=3731, SUCCESS, logIndex=0, commits[fd4515e9-84f2-4741-b1f5-a9247145a2ac:c5634, 2e3e112c-ad01-4834-a07e-d6d8a7947632:c5632, dfee02f7-0d20-4e08-8ecd-ebe087394a07:c5632]
2019-07-08 20:09:55,167 INFO  client.GrpcClientProtocolClient (GrpcClientProtocolClient.java:onNext(255)) - client-83AFC0B42279->fd4515e9-84f2-4741-b1f5-a9247145a2ac: receive RaftClientReply:client-83AFC0B42279->fd4515e9-84f2-4741-b1f5-a9247145a2ac@group-E2152A48AE85, cid=3732, SUCCESS, logIndex=5635, commits[fd4515e9-84f2-4741-b1f5-a9247145a2ac:c5636, 2e3e112c-ad01-4834-a07e-d6d8a7947632:c5634, dfee02f7-0d20-4e08-8ecd-ebe087394a07:c5634]
2019-07-08 20:09:55,168 INFO  client.GrpcClientProtocolClient (GrpcClientProtocolClient.java:onNext(255)) - client-83AFC0B42279->fd4515e9-84f2-4741-b1f5-a9247145a2ac: receive RaftClientReply:client-83AFC0B42279->fd4515e9-84f2-4741-b1f5-a9247145a2ac@group-E2152A48AE85, cid=3733, SUCCESS, logIndex=5636, commits[fd4515e9-84f2-4741-b1f5-a9247145a2ac:c5638, 2e3e112c-ad01-4834-a07e-d6d8a7947632:c5634, dfee02f7-0d20-4e08-8ecd-ebe087394a07:c5634]
2019-07-08 20:09:55,168 INFO  client.GrpcClientProtocolClient (GrpcClientProtocolClient.java:onNext(255)) - client-83AFC0B42279->fd4515e9-84f2-4741-b1f5-a9247145a2ac: receive RaftClientReply:client-83AFC0B42279->fd4515e9-84f2-4741-b1f5-a9247145a2ac@group-E2152A48AE85, cid=3734, SUCCESS, logIndex=5637, commits[fd4515e9-84f2-4741-b1f5-a9247145a2ac:c5638, 2e3e112c-ad01-4834-a07e-d6d8a7947632:c5634, dfee02f7-0d20-4e08-8ecd-ebe087394a07:c5634]
2019-07-08 20:09:55,168 INFO  client.GrpcClientProtocolClient (GrpcClientProtocolClient.java:onNext(255)) - client-83AFC0B42279->fd4515e9-84f2-4741-b1f5-a9247145a2ac: receive RaftClientReply:client-83AFC0B42279->fd4515e9-84f2-4741-b1f5-a9247145a2ac@group-E2152A48AE85, cid=3735, SUCCESS, logIndex=5638, commits[fd4515e9-84f2-4741-b1f5-a9247145a2ac:c5638, 2e3e112c-ad01-4834-a07e-d6d8a7947632:c5634, dfee02f7-0d20-4e08-8ecd-ebe087394a07:c5634]
2019-07-08 20:09:55,170 INFO  client.GrpcClientProtocolClient (GrpcClientProtocolClient.java:onNext(255)) - client-83AFC0B42279->fd4515e9-84f2-4741-b1f5-a9247145a2ac: receive RaftClientReply:client-83AFC0B42279->fd4515e9-84f2-4741-b1f5-a9247145a2ac@group-E2152A48AE85, cid=3736, SUCCESS, logIndex=0, commits[fd4515e9-84f2-4741-b1f5-a9247145a2ac:c5642, 2e3e112c-ad01-4834-a07e-d6d8a7947632:c5636, dfee02f7-0d20-4e08-8ecd-ebe087394a07:c5638]
2019-07-08 20:09:55,197 INFO  client.GrpcClientProtocolClient (GrpcClientProtocolClient.java:onNext(255)) - client-83AFC0B42279->fd4515e9-84f2-4741-b1f5-a9247145a2ac: receive RaftClientReply:client-83AFC0B42279->fd4515e9-84f2-4741-b1f5-a9247145a2ac@group-E2152A48AE85, cid=3737, SUCCESS, logIndex=5643, commits[fd4515e9-84f2-4741-b1f5-a9247145a2ac:c5644, 2e3e112c-ad01-4834-a07e-d6d8a7947632:c5642, dfee02f7-0d20-4e08-8ecd-ebe087394a07:c5642]
2019-07-08 20:09:55,197 INFO  client.GrpcClientProtocolClient (GrpcClientProtocolClient.java:onNext(255)) - client-83AFC0B42279->fd4515e9-84f2-4741-b1f5-a9247145a2ac: receive RaftClientReply:client-83AFC0B42279->fd4515e9-84f2-4741-b1f5-a9247145a2ac@group-E2152A48AE85, cid=3738, SUCCESS, logIndex=5644, commits[fd4515e9-84f2-4741-b1f5-a9247145a2ac:c5644, 2e3e112c-ad01-4834-a07e-d6d8a7947632:c5642, dfee02f7-0d20-4e08-8ecd-ebe087394a07:c5642]
2019-07-08 20:09:55,211 INFO  client.GrpcClientProtocolClient (GrpcClientProtocolClient.java:onNext(255)) - client-83AFC0B42279->fd4515e9-84f2-4741-b1f5-a9247145a2ac: receive RaftClientReply:client-83AFC0B42279->fd4515e9-84f2-4741-b1f5-a9247145a2ac@group-E2152A48AE85, cid=3739, SUCCESS, logIndex=5647, commits[fd4515e9-84f2-4741-b1f5-a9247145a2ac:c5648, 2e3e112c-ad01-4834-a07e-d6d8a7947632:c5644, dfee02f7-0d20-4e08-8ecd-ebe087394a07:c5644]
2019-07-08 20:09:55,211 INFO  client.GrpcClientProtocolClient (GrpcClientProtocolClient.java:onNext(255)) - client-83AFC0B42279->fd4515e9-84f2-4741-b1f5-a9247145a2ac: receive RaftClientReply:client-83AFC0B42279->fd4515e9-84f2-4741-b1f5-a9247145a2ac@group-E2152A48AE85, cid=3740, SUCCESS, logIndex=5648, commits[fd4515e9-84f2-4741-b1f5-a9247145a2ac:c5648, 2e3e112c-ad01-4834-a07e-d6d8a7947632:c5644, dfee02f7-0d20-4e08-8ecd-ebe087394a07:c5644]
2019-07-08 20:09:55,212 INFO  client.GrpcClientProtocolClient (GrpcClientProtocolClient.java:onNext(255)) - client-83AFC0B42279->fd4515e9-84f2-4741-b1f5-a9247145a2ac: receive RaftClientReply:client-83AFC0B42279->fd4515e9-84f2-4741-b1f5-a9247145a2ac@group-E2152A48AE85, cid=3741, SUCCESS, logIndex=0, commits[fd4515e9-84f2-4741-b1f5-a9247145a2ac:c5649, 2e3e112c-ad01-4834-a07e-d6d8a7947632:c5648, dfee02f7-0d20-4e08-8ecd-ebe087394a07:c5648]
 0.00% |█                                                                                                    |  0/1 Time: 0:00:342019-07-08 20:09:55,612 INFO  client.GrpcClientProtocolClient (GrpcClientProtocolClient.java:onNext(255)) - client-83AFC0B42279->fd4515e9-84f2-4741-b1f5-a9247145a2ac: receive RaftClientReply:client-83AFC0B42279->fd4515e9-84f2-4741-b1f5-a9247145a2ac@group-E2152A48AE85, cid=3742, SUCCESS, logIndex=5651, commits[fd4515e9-84f2-4741-b1f5-a9247145a2ac:c5652, 2e3e112c-ad01-4834-a07e-d6d8a7947632:c5650, dfee02f7-0d20-4e08-8ecd-ebe087394a07:c5650]
2019-07-08 20:09:55,612 INFO  client.GrpcClientProtocolClient (GrpcClientProtocolClient.java:onNext(255)) - client-83AFC0B42279->fd4515e9-84f2-4741-b1f5-a9247145a2ac: receive RaftClientReply:client-83AFC0B42279->fd4515e9-84f2-4741-b1f5-a9247145a2ac@group-E2152A48AE85, cid=3743, SUCCESS, logIndex=5652, commits[fd4515e9-84f2-4741-b1f5-a9247145a2ac:c5652, 2e3e112c-ad01-4834-a07e-d6d8a7947632:c5650, dfee02f7-0d20-4e08-8ecd-ebe087394a07:c5650]
 0.00% |█                                                                                                    |  0/1 Time: 0:00:35 0.00% |█                                                                                                    |  0/1 Time: 0:00:362019-07-08 20:09:58,232 WARN  server.GrpcLogAppender (GrpcLogAppender.java:timeoutAppendRequest(200)) - GrpcLogAppender(fd4515e9-84f2-4741-b1f5-a9247145a2ac->dfee02f7-0d20-4e08-8ecd-ebe087394a07): appendEntries Timeout, request=fd4515e9-84f2-4741-b1f5-a9247145a2ac->dfee02f7-0d20-4e08-8ecd-ebe087394a07#5692-t1, previous=(t:1, i:5652), leaderCommit=5650, initializing? false, entries: size=1, first=(t:1, i:5653), STATEMACHINELOGENTRY, client-83AFC0B42279, cid=3744
2019-07-08 20:09:58,232 WARN  server.GrpcLogAppender (GrpcLogAppender.java:timeoutAppendRequest(200)) - GrpcLogAppender(fd4515e9-84f2-4741-b1f5-a9247145a2ac->2e3e112c-ad01-4834-a07e-d6d8a7947632): appendEntries Timeout, request=fd4515e9-84f2-4741-b1f5-a9247145a2ac->2e3e112c-ad01-4834-a07e-d6d8a7947632#5692-t1, previous=(t:1, i:5652), leaderCommit=5650, initializing? false, entries: size=1, first=(t:1, i:5653), STATEMACHINELOGENTRY, client-83AFC0B42279, cid=3744
2019-07-08 20:09:58,234 WARN  server.GrpcLogAppender (GrpcLogAppender.java:timeoutAppendRequest(200)) - GrpcLogAppender(fd4515e9-84f2-4741-b1f5-a9247145a2ac->dfee02f7-0d20-4e08-8ecd-ebe087394a07): appendEntries Timeout, request=fd4515e9-84f2-4741-b1f5-a9247145a2ac->dfee02f7-0d20-4e08-8ecd-ebe087394a07#5693-t1, previous=(t:1, i:5653), leaderCommit=5650, initializing? false, entries: size=1, first=(t:1, i:5654), STATEMACHINELOGENTRY, client-83AFC0B42279, cid=3745
2019-07-08 20:09:58,234 WARN  server.GrpcLogAppender (GrpcLogAppender.java:timeoutAppendRequest(200)) - GrpcLogAppender(fd4515e9-84f2-4741-b1f5-a9247145a2ac->2e3e112c-ad01-4834-a07e-d6d8a7947632): appendEntries Timeout, request=fd4515e9-84f2-4741-b1f5-a9247145a2ac->2e3e112c-ad01-4834-a07e-d6d8a7947632#5693-t1, previous=(t:1, i:5653), leaderCommit=5650, initializing? false, entries: size=1, first=(t:1, i:5654), STATEMACHINELOGENTRY, client-83AFC0B42279, cid=3745
 0.00% |█                                                                                                    |  0/1 Time: 0:00:372019-07-08 20:09:58,549 WARN  server.GrpcLogAppender (GrpcLogAppender.java:timeoutAppendRequest(200)) - GrpcLogAppender(fd4515e9-84f2-4741-b1f5-a9247145a2ac->dfee02f7-0d20-4e08-8ecd-ebe087394a07): appendEntries Timeout, request=fd4515e9-84f2-4741-b1f5-a9247145a2ac->dfee02f7-0d20-4e08-8ecd-ebe087394a07#5694-t1, previous=(t:1, i:5654), leaderCommit=5651, initializing? false, entries: size=1, first=(t:1, i:5655), METADATAENTRY(c5651)
2019-07-08 20:09:58,549 WARN  server.GrpcLogAppender (GrpcLogAppender.java:timeoutAppendRequest(200)) - GrpcLogAppender(fd4515e9-84f2-4741-b1f5-a9247145a2ac->2e3e112c-ad01-4834-a07e-d6d8a7947632): appendEntries Timeout, request=fd4515e9-84f2-4741-b1f5-a9247145a2ac->2e3e112c-ad01-4834-a07e-d6d8a7947632#5694-t1, previous=(t:1, i:5654), leaderCommit=5651, initializing? false, entries: size=1, first=(t:1, i:5655), METADATAENTRY(c5651)
2019-07-08 20:09:58,549 WARN  server.GrpcLogAppender (GrpcLogAppender.java:timeoutAppendRequest(200)) - GrpcLogAppender(fd4515e9-84f2-4741-b1f5-a9247145a2ac->dfee02f7-0d20-4e08-8ecd-ebe087394a07): appendEntries Timeout, request=fd4515e9-84f2-4741-b1f5-a9247145a2ac->dfee02f7-0d20-4e08-8ecd-ebe087394a07#5695-t1, previous=(t:1, i:5655), leaderCommit=5652, initializing? false, entries: size=1, first=(t:1, i:5656), METADATAENTRY(c5652)
2019-07-08 20:09:58,549 WARN  server.GrpcLogAppender (GrpcLogAppender.java:timeoutAppendRequest(200)) - GrpcLogAppender(fd4515e9-84f2-4741-b1f5-a9247145a2ac->2e3e112c-ad01-4834-a07e-d6d8a7947632): appendEntries Timeout, request=fd4515e9-84f2-4741-b1f5-a9247145a2ac->2e3e112c-ad01-4834-a07e-d6d8a7947632#5695-t1, previous=(t:1, i:5655), leaderCommit=5652, initializing? false, entries: size=1, first=(t:1, i:5656), METADATAENTRY(c5652)
2019-07-08 20:09:59,049 WARN  server.GrpcLogAppender (GrpcLogAppender.java:timeoutAppendRequest(200)) - GrpcLogAppender(fd4515e9-84f2-4741-b1f5-a9247145a2ac->dfee02f7-0d20-4e08-8ecd-ebe087394a07): appendEntries Timeout, request=fd4515e9-84f2-4741-b1f5-a9247145a2ac->dfee02f7-0d20-4e08-8ecd-ebe087394a07#5696-t1, previous=(t:1, i:5656), leaderCommit=5652, initializing? false, entries: <empty>
2019-07-08 20:09:59,049 WARN  server.GrpcLogAppender (GrpcLogAppender.java:timeoutAppendRequest(200)) - GrpcLogAppender(fd4515e9-84f2-4741-b1f5-a9247145a2ac->2e3e112c-ad01-4834-a07e-d6d8a7947632): appendEntries Timeout, request=fd4515e9-84f2-4741-b1f5-a9247145a2ac->2e3e112c-ad01-4834-a07e-d6d8a7947632#5696-t1, previous=(t:1, i:5656), leaderCommit=5652, initializing? false, entries: <empty>
 0.00% |█                                                                                                    |  0/1 Time: 0:00:382019-07-08 20:09:59,549 WARN  server.GrpcLogAppender (GrpcLogAppender.java:timeoutAppendRequest(200)) - GrpcLogAppender(fd4515e9-84f2-4741-b1f5-a9247145a2ac->dfee02f7-0d20-4e08-8ecd-ebe087394a07): appendEntries Timeout, request=fd4515e9-84f2-4741-b1f5-a9247145a2ac->dfee02f7-0d20-4e08-8ecd-ebe087394a07#5697-t1, previous=(t:1, i:5656), leaderCommit=5652, initializing? false, entries: <empty>
2019-07-08 20:09:59,549 WARN  server.GrpcLogAppender (GrpcLogAppender.java:timeoutAppendRequest(200)) - GrpcLogAppender(fd4515e9-84f2-4741-b1f5-a9247145a2ac->2e3e112c-ad01-4834-a07e-d6d8a7947632): appendEntries Timeout, request=fd4515e9-84f2-4741-b1f5-a9247145a2ac->2e3e112c-ad01-4834-a07e-d6d8a7947632#5697-t1, previous=(t:1, i:5656), leaderCommit=5652, initializing? false, entries: <empty>
2019-07-08 20:10:00,049 WARN  server.GrpcLogAppender (GrpcLogAppender.java:timeoutAppendRequest(200)) - GrpcLogAppender(fd4515e9-84f2-4741-b1f5-a9247145a2ac->dfee02f7-0d20-4e08-8ecd-ebe087394a07): appendEntries Timeout, request=fd4515e9-84f2-4741-b1f5-a9247145a2ac->dfee02f7-0d20-4e08-8ecd-ebe087394a07#5698-t1, previous=(t:1, i:5656), leaderCommit=5652, initializing? false, entries: <empty>
2019-07-08 20:10:00,049 WARN  server.GrpcLogAppender (GrpcLogAppender.java:timeoutAppendRequest(200)) - GrpcLogAppender(fd4515e9-84f2-4741-b1f5-a9247145a2ac->2e3e112c-ad01-4834-a07e-d6d8a7947632): appendEntries Timeout, request=fd4515e9-84f2-4741-b1f5-a9247145a2ac->2e3e112c-ad01-4834-a07e-d6d8a7947632#5698-t1, previous=(t:1, i:5656), leaderCommit=5652, initializing? false, entries: <empty>
2019-07-08 20:10:00,324 INFO  client.GrpcClientProtocolClient (GrpcClientProtocolClient.java:onNext(255)) - client-83AFC0B42279->2e3e112c-ad01-4834-a07e-d6d8a7947632: receive RaftClientReply:client-83AFC0B42279->2e3e112c-ad01-4834-a07e-d6d8a7947632@group-E2152A48AE85, cid=3744, FAILED org.apache.ratis.protocol.NotLeaderException: Server 2e3e112c-ad01-4834-a07e-d6d8a7947632 is not the leader (fd4515e9-84f2-4741-b1f5-a9247145a2ac:192.168.69.103:40680). Request must be sent to leader., logIndex=0, commits[2e3e112c-ad01-4834-a07e-d6d8a7947632:c5652, fd4515e9-84f2-4741-b1f5-a9247145a2ac:c5652, dfee02f7-0d20-4e08-8ecd-ebe087394a07:c5650]
 0.00% |█                                                                                                    |  0/1 Time: 0:00:392019-07-08 20:10:00,549 WARN  server.GrpcLogAppender (GrpcLogAppender.java:timeoutAppendRequest(200)) - GrpcLogAppender(fd4515e9-84f2-4741-b1f5-a9247145a2ac->dfee02f7-0d20-4e08-8ecd-ebe087394a07): appendEntries Timeout, request=fd4515e9-84f2-4741-b1f5-a9247145a2ac->dfee02f7-0d20-4e08-8ecd-ebe087394a07#5699-t1, previous=(t:1, i:5656), leaderCommit=5652, initializing? false, entries: <empty>
2019-07-08 20:10:00,550 WARN  server.GrpcLogAppender (GrpcLogAppender.java:timeoutAppendRequest(200)) - GrpcLogAppender(fd4515e9-84f2-4741-b1f5-a9247145a2ac->2e3e112c-ad01-4834-a07e-d6d8a7947632): appendEntries Timeout, request=fd4515e9-84f2-4741-b1f5-a9247145a2ac->2e3e112c-ad01-4834-a07e-d6d8a7947632#5699-t1, previous=(t:1, i:5656), leaderCommit=5652, initializing? false, entries: <empty>
2019-07-08 20:10:01,050 WARN  server.GrpcLogAppender (GrpcLogAppender.java:timeoutAppendRequest(200)) - GrpcLogAppender(fd4515e9-84f2-4741-b1f5-a9247145a2ac->dfee02f7-0d20-4e08-8ecd-ebe087394a07): appendEntries Timeout, request=fd4515e9-84f2-4741-b1f5-a9247145a2ac->dfee02f7-0d20-4e08-8ecd-ebe087394a07#5700-t1, previous=(t:1, i:5656), leaderCommit=5652, initializing? false, entries: <empty>
2019-07-08 20:10:01,050 WARN  server.GrpcLogAppender (GrpcLogAppender.java:timeoutAppendRequest(200)) - GrpcLogAppender(fd4515e9-84f2-4741-b1f5-a9247145a2ac->2e3e112c-ad01-4834-a07e-d6d8a7947632): appendEntries Timeout, request=fd4515e9-84f2-4741-b1f5-a9247145a2ac->2e3e112c-ad01-4834-a07e-d6d8a7947632#5700-t1, previous=(t:1, i:5656), leaderCommit=5652, initializing? false, entries: <empty>
 0.00% |█                                                                                                    |  0/1 Time: 0:00:402019-07-08 20:10:01,550 WARN  server.GrpcLogAppender (GrpcLogAppender.java:timeoutAppendRequest(200)) - GrpcLogAppender(fd4515e9-84f2-4741-b1f5-a9247145a2ac->2e3e112c-ad01-4834-a07e-d6d8a7947632): appendEntries Timeout, request=fd4515e9-84f2-4741-b1f5-a9247145a2ac->2e3e112c-ad01-4834-a07e-d6d8a7947632#5701-t1, previous=(t:1, i:5656), leaderCommit=5652, initializing? false, entries: <empty>
2019-07-08 20:10:01,550 WARN  server.GrpcLogAppender (GrpcLogAppender.java:timeoutAppendRequest(200)) - GrpcLogAppender(fd4515e9-84f2-4741-b1f5-a9247145a2ac->dfee02f7-0d20-4e08-8ecd-ebe087394a07): appendEntries Timeout, request=fd4515e9-84f2-4741-b1f5-a9247145a2ac->dfee02f7-0d20-4e08-8ecd-ebe087394a07#5701-t1, previous=(t:1, i:5656), leaderCommit=5652, initializing? false, entries: <empty>
2019-07-08 20:10:02,050 WARN  server.GrpcLogAppender (GrpcLogAppender.java:timeoutAppendRequest(200)) - GrpcLogAppender(fd4515e9-84f2-4741-b1f5-a9247145a2ac->2e3e112c-ad01-4834-a07e-d6d8a7947632): appendEntries Timeout, request=fd4515e9-84f2-4741-b1f5-a9247145a2ac->2e3e112c-ad01-4834-a07e-d6d8a7947632#5702-t1, previous=(t:1, i:5656), leaderCommit=5652, initializing? false, entries: <empty>
2019-07-08 20:10:02,050 WARN  server.GrpcLogAppender (GrpcLogAppender.java:timeoutAppendRequest(200)) - GrpcLogAppender(fd4515e9-84f2-4741-b1f5-a9247145a2ac->dfee02f7-0d20-4e08-8ecd-ebe087394a07): appendEntries Timeout, request=fd4515e9-84f2-4741-b1f5-a9247145a2ac->dfee02f7-0d20-4e08-8ecd-ebe087394a07#5702-t1, previous=(t:1, i:5656), leaderCommit=5652, initializing? false, entries: <empty>
 0.00% |█                                                                                                    |  0/1 Time: 0:00:412019-07-08 20:10:02,550 WARN  server.GrpcLogAppender (GrpcLogAppender.java:timeoutAppendRequest(200)) - GrpcLogAppender(fd4515e9-84f2-4741-b1f5-a9247145a2ac->2e3e112c-ad01-4834-a07e-d6d8a7947632): appendEntries Timeout, request=fd4515e9-84f2-4741-b1f5-a9247145a2ac->2e3e112c-ad01-4834-a07e-d6d8a7947632#5703-t1, previous=(t:1, i:5656), leaderCommit=5652, initializing? false, entries: <empty>
2019-07-08 20:10:02,551 WARN  server.GrpcLogAppender (GrpcLogAppender.java:timeoutAppendRequest(200)) - GrpcLogAppender(fd4515e9-84f2-4741-b1f5-a9247145a2ac->dfee02f7-0d20-4e08-8ecd-ebe087394a07): appendEntries Timeout, request=fd4515e9-84f2-4741-b1f5-a9247145a2ac->dfee02f7-0d20-4e08-8ecd-ebe087394a07#5703-t1, previous=(t:1, i:5656), leaderCommit=5652, initializing? false, entries: <empty>
2019-07-08 20:10:03,051 WARN  server.GrpcLogAppender (GrpcLogAppender.java:timeoutAppendRequest(200)) - GrpcLogAppender(fd4515e9-84f2-4741-b1f5-a9247145a2ac->2e3e112c-ad01-4834-a07e-d6d8a7947632): appendEntries Timeout, request=fd4515e9-84f2-4741-b1f5-a9247145a2ac->2e3e112c-ad01-4834-a07e-d6d8a7947632#5704-t1, previous=(t:1, i:5656), leaderCommit=5652, initializing? false, entries: <empty>
2019-07-08 20:10:03,051 WARN  server.GrpcLogAppender (GrpcLogAppender.java:timeoutAppendRequest(200)) - GrpcLogAppender(fd4515e9-84f2-4741-b1f5-a9247145a2ac->dfee02f7-0d20-4e08-8ecd-ebe087394a07): appendEntries Timeout, request=fd4515e9-84f2-4741-b1f5-a9247145a2ac->dfee02f7-0d20-4e08-8ecd-ebe087394a07#5704-t1, previous=(t:1, i:5656), leaderCommit=5652, initializing? false, entries: <empty>
 0.00% |█                                                                                                    |  0/1 Time: 0:00:422019-07-08 20:10:03,552 WARN  server.GrpcLogAppender (GrpcLogAppender.java:timeoutAppendRequest(200)) - GrpcLogAppender(fd4515e9-84f2-4741-b1f5-a9247145a2ac->dfee02f7-0d20-4e08-8ecd-ebe087394a07): appendEntries Timeout, request=fd4515e9-84f2-4741-b1f5-a9247145a2ac->dfee02f7-0d20-4e08-8ecd-ebe087394a07#5705-t1, previous=(t:1, i:5656), leaderCommit=5652, initializing? false, entries: <empty>
2019-07-08 20:10:03,552 WARN  server.GrpcLogAppender (GrpcLogAppender.java:timeoutAppendRequest(200)) - GrpcLogAppender(fd4515e9-84f2-4741-b1f5-a9247145a2ac->2e3e112c-ad01-4834-a07e-d6d8a7947632): appendEntries Timeout, request=fd4515e9-84f2-4741-b1f5-a9247145a2ac->2e3e112c-ad01-4834-a07e-d6d8a7947632#5705-t1, previous=(t:1, i:5656), leaderCommit=5652, initializing? false, entries: <empty>
2019-07-08 20:10:04,052 WARN  server.GrpcLogAppender (GrpcLogAppender.java:timeoutAppendRequest(200)) - GrpcLogAppender(fd4515e9-84f2-4741-b1f5-a9247145a2ac->2e3e112c-ad01-4834-a07e-d6d8a7947632): appendEntries Timeout, request=fd4515e9-84f2-4741-b1f5-a9247145a2ac->2e3e112c-ad01-4834-a07e-d6d8a7947632#5706-t1, previous=(t:1, i:5656), leaderCommit=5652, initializing? false, entries: <empty>
2019-07-08 20:10:04,052 WARN  server.GrpcLogAppender (GrpcLogAppender.java:timeoutAppendRequest(200)) - GrpcLogAppender(fd4515e9-84f2-4741-b1f5-a9247145a2ac->dfee02f7-0d20-4e08-8ecd-ebe087394a07): appendEntries Timeout, request=fd4515e9-84f2-4741-b1f5-a9247145a2ac->dfee02f7-0d20-4e08-8ecd-ebe087394a07#5706-t1, previous=(t:1, i:5656), leaderCommit=5652, initializing? false, entries: <empty>
 0.00% |█                                                                                                    |  0/1 Time: 0:00:432019-07-08 20:10:04,553 WARN  server.GrpcLogAppender (GrpcLogAppender.java:timeoutAppendRequest(200)) - GrpcLogAppender(fd4515e9-84f2-4741-b1f5-a9247145a2ac->2e3e112c-ad01-4834-a07e-d6d8a7947632): appendEntries Timeout, request=fd4515e9-84f2-4741-b1f5-a9247145a2ac->2e3e112c-ad01-4834-a07e-d6d8a7947632#5707-t1, previous=(t:1, i:5656), leaderCommit=5652, initializing? false, entries: <empty>
2019-07-08 20:10:04,553 WARN  server.GrpcLogAppender (GrpcLogAppender.java:timeoutAppendRequest(200)) - GrpcLogAppender(fd4515e9-84f2-4741-b1f5-a9247145a2ac->dfee02f7-0d20-4e08-8ecd-ebe087394a07): appendEntries Timeout, request=fd4515e9-84f2-4741-b1f5-a9247145a2ac->dfee02f7-0d20-4e08-8ecd-ebe087394a07#5707-t1, previous=(t:1, i:5656), leaderCommit=5652, initializing? false, entries: <empty>
2019-07-08 20:10:05,053 WARN  server.GrpcLogAppender (GrpcLogAppender.java:timeoutAppendRequest(200)) - GrpcLogAppender(fd4515e9-84f2-4741-b1f5-a9247145a2ac->2e3e112c-ad01-4834-a07e-d6d8a7947632): appendEntries Timeout, request=fd4515e9-84f2-4741-b1f5-a9247145a2ac->2e3e112c-ad01-4834-a07e-d6d8a7947632#5708-t1, previous=(t:1, i:5656), leaderCommit=5652, initializing? false, entries: <empty>
2019-07-08 20:10:05,053 WARN  server.GrpcLogAppender (GrpcLogAppender.java:timeoutAppendRequest(200)) - GrpcLogAppender(fd4515e9-84f2-4741-b1f5-a9247145a2ac->dfee02f7-0d20-4e08-8ecd-ebe087394a07): appendEntries Timeout, request=fd4515e9-84f2-4741-b1f5-a9247145a2ac->dfee02f7-0d20-4e08-8ecd-ebe087394a07#5708-t1, previous=(t:1, i:5656), leaderCommit=5652, initializing? false, entries: <empty>
2019-07-08 20:10:05,390 INFO  client.GrpcClientProtocolClient (GrpcClientProtocolClient.java:onNext(255)) - client-83AFC0B42279->2e3e112c-ad01-4834-a07e-d6d8a7947632: receive RaftClientReply:client-83AFC0B42279->2e3e112c-ad01-4834-a07e-d6d8a7947632@group-E2152A48AE85, cid=3744, FAILED org.apache.ratis.protocol.NotLeaderException: Server 2e3e112c-ad01-4834-a07e-d6d8a7947632 is not the leader (fd4515e9-84f2-4741-b1f5-a9247145a2ac:192.168.69.103:40680). Request must be sent to leader., logIndex=0, commits[2e3e112c-ad01-4834-a07e-d6d8a7947632:c5652, fd4515e9-84f2-4741-b1f5-a9247145a2ac:c5652, dfee02f7-0d20-4e08-8ecd-ebe087394a07:c5650]
 0.00% |█                                                                                                    |  0/1 Time: 0:00:442019-07-08 20:10:05,555 WARN  server.GrpcLogAppender (GrpcLogAppender.java:timeoutAppendRequest(200)) - GrpcLogAppender(fd4515e9-84f2-4741-b1f5-a9247145a2ac->dfee02f7-0d20-4e08-8ecd-ebe087394a07): appendEntries Timeout, request=fd4515e9-84f2-4741-b1f5-a9247145a2ac->dfee02f7-0d20-4e08-8ecd-ebe087394a07#5709-t1, previous=(t:1, i:5656), leaderCommit=5652, initializing? false, entries: <empty>
2019-07-08 20:10:05,555 WARN  server.GrpcLogAppender (GrpcLogAppender.java:timeoutAppendRequest(200)) - GrpcLogAppender(fd4515e9-84f2-4741-b1f5-a9247145a2ac->2e3e112c-ad01-4834-a07e-d6d8a7947632): appendEntries Timeout, request=fd4515e9-84f2-4741-b1f5-a9247145a2ac->2e3e112c-ad01-4834-a07e-d6d8a7947632#5709-t1, previous=(t:1, i:5656), leaderCommit=5652, initializing? false, entries: <empty>
2019-07-08 20:10:06,056 WARN  server.GrpcLogAppender (GrpcLogAppender.java:timeoutAppendRequest(200)) - GrpcLogAppender(fd4515e9-84f2-4741-b1f5-a9247145a2ac->2e3e112c-ad01-4834-a07e-d6d8a7947632): appendEntries Timeout, request=fd4515e9-84f2-4741-b1f5-a9247145a2ac->2e3e112c-ad01-4834-a07e-d6d8a7947632#5710-t1, previous=(t:1, i:5656), leaderCommit=5652, initializing? false, entries: <empty>
2019-07-08 20:10:06,056 WARN  server.GrpcLogAppender (GrpcLogAppender.java:timeoutAppendRequest(200)) - GrpcLogAppender(fd4515e9-84f2-4741-b1f5-a9247145a2ac->dfee02f7-0d20-4e08-8ecd-ebe087394a07): appendEntries Timeout, request=fd4515e9-84f2-4741-b1f5-a9247145a2ac->dfee02f7-0d20-4e08-8ecd-ebe087394a07#5710-t1, previous=(t:1, i:5656), leaderCommit=5652, initializing? false, entries: <empty>
2019-07-08 20:10:06,169 WARN  server.GrpcLogAppender (GrpcLogAppender.java:onNextImpl(250)) - org.apache.ratis.grpc.server.GrpcLogAppender$AppendLogResponseHandler@2b117c63: Request not found, ignoring reply: fd4515e9-84f2-4741-b1f5-a9247145a2ac<-2e3e112c-ad01-4834-a07e-d6d8a7947632#5692:OK,SUCCESS,nextIndex:5654,term:1,followerCommit:5652
2019-07-08 20:10:06,169 WARN  server.GrpcLogAppender (GrpcLogAppender.java:onNextImpl(250)) - org.apache.ratis.grpc.server.GrpcLogAppender$AppendLogResponseHandler@412d358: Request not found, ignoring reply: fd4515e9-84f2-4741-b1f5-a9247145a2ac<-dfee02f7-0d20-4e08-8ecd-ebe087394a07#5692:OK,SUCCESS,nextIndex:5654,term:1,followerCommit:5652
2019-07-08 20:10:06,170 WARN  server.GrpcLogAppender (GrpcLogAppender.java:onNextImpl(250)) - org.apache.ratis.grpc.server.GrpcLogAppender$AppendLogResponseHandler@2b117c63: Request not found, ignoring reply: fd4515e9-84f2-4741-b1f5-a9247145a2ac<-2e3e112c-ad01-4834-a07e-d6d8a7947632#5693:OK,SUCCESS,nextIndex:5655,term:1,followerCommit:5652
2019-07-08 20:10:06,170 WARN  server.GrpcLogAppender (GrpcLogAppender.java:onNextImpl(250)) - org.apache.ratis.grpc.server.GrpcLogAppender$AppendLogResponseHandler@412d358: Request not found, ignoring reply: fd4515e9-84f2-4741-b1f5-a9247145a2ac<-dfee02f7-0d20-4e08-8ecd-ebe087394a07#5693:OK,SUCCESS,nextIndex:5655,term:1,followerCommit:5652
2019-07-08 20:10:06,170 WARN  server.GrpcLogAppender (GrpcLogAppender.java:onNextImpl(250)) - org.apache.ratis.grpc.server.GrpcLogAppender$AppendLogResponseHandler@412d358: Request not found, ignoring reply: fd4515e9-84f2-4741-b1f5-a9247145a2ac<-dfee02f7-0d20-4e08-8ecd-ebe087394a07#5694:OK,SUCCESS,nextIndex:5656,term:1,followerCommit:5652
2019-07-08 20:10:06,171 WARN  server.GrpcLogAppender (GrpcLogAppender.java:onNextImpl(250)) - org.apache.ratis.grpc.server.GrpcLogAppender$AppendLogResponseHandler@2b117c63: Request not found, ignoring reply: fd4515e9-84f2-4741-b1f5-a9247145a2ac<-2e3e112c-ad01-4834-a07e-d6d8a7947632#5694:OK,SUCCESS,nextIndex:5656,term:1,followerCommit:5652
2019-07-08 20:10:06,171 WARN  server.GrpcLogAppender (GrpcLogAppender.java:onNextImpl(250)) - org.apache.ratis.grpc.server.GrpcLogAppender$AppendLogResponseHandler@412d358: Request not found, ignoring reply: fd4515e9-84f2-4741-b1f5-a9247145a2ac<-dfee02f7-0d20-4e08-8ecd-ebe087394a07#5695:OK,SUCCESS,nextIndex:5657,term:1,followerCommit:5652
2019-07-08 20:10:06,171 WARN  server.GrpcLogAppender (GrpcLogAppender.java:onNextImpl(250)) - org.apache.ratis.grpc.server.GrpcLogAppender$AppendLogResponseHandler@2b117c63: Request not found, ignoring reply: fd4515e9-84f2-4741-b1f5-a9247145a2ac<-2e3e112c-ad01-4834-a07e-d6d8a7947632#5695:OK,SUCCESS,nextIndex:5657,term:1,followerCommit:5652
2019-07-08 20:10:06,171 WARN  server.GrpcLogAppender (GrpcLogAppender.java:onNextImpl(250)) - org.apache.ratis.grpc.server.GrpcLogAppender$AppendLogResponseHandler@412d358: Request not found, ignoring reply: fd4515e9-84f2-4741-b1f5-a9247145a2ac<-dfee02f7-0d20-4e08-8ecd-ebe087394a07#5696:OK,SUCCESS,nextIndex:5657,term:1,followerCommit:5652
2019-07-08 20:10:06,171 WARN  server.GrpcLogAppender (GrpcLogAppender.java:onNextImpl(250)) - org.apache.ratis.grpc.server.GrpcLogAppender$AppendLogResponseHandler@2b117c63: Request not found, ignoring reply: fd4515e9-84f2-4741-b1f5-a9247145a2ac<-2e3e112c-ad01-4834-a07e-d6d8a7947632#5696:OK,SUCCESS,nextIndex:5657,term:1,followerCommit:5652
2019-07-08 20:10:06,172 WARN  server.GrpcLogAppender (GrpcLogAppender.java:onNextImpl(250)) - org.apache.ratis.grpc.server.GrpcLogAppender$AppendLogResponseHandler@412d358: Request not found, ignoring reply: fd4515e9-84f2-4741-b1f5-a9247145a2ac<-dfee02f7-0d20-4e08-8ecd-ebe087394a07#5697:OK,SUCCESS,nextIndex:5657,term:1,followerCommit:5652
2019-07-08 20:10:06,172 WARN  server.GrpcLogAppender (GrpcLogAppender.java:onNextImpl(250)) - org.apache.ratis.grpc.server.GrpcLogAppender$AppendLogResponseHandler@2b117c63: Request not found, ignoring reply: fd4515e9-84f2-4741-b1f5-a9247145a2ac<-2e3e112c-ad01-4834-a07e-d6d8a7947632#5697:OK,SUCCESS,nextIndex:5657,term:1,followerCommit:5652
2019-07-08 20:10:06,172 WARN  server.GrpcLogAppender (GrpcLogAppender.java:onNextImpl(250)) - org.apache.ratis.grpc.server.GrpcLogAppender$AppendLogResponseHandler@412d358: Request not found, ignoring reply: fd4515e9-84f2-4741-b1f5-a9247145a2ac<-dfee02f7-0d20-4e08-8ecd-ebe087394a07#5698:OK,SUCCESS,nextIndex:5657,term:1,followerCommit:5652
2019-07-08 20:10:06,172 WARN  server.GrpcLogAppender (GrpcLogAppender.java:onNextImpl(250)) - org.apache.ratis.grpc.server.GrpcLogAppender$AppendLogResponseHandler@2b117c63: Request not found, ignoring reply: fd4515e9-84f2-4741-b1f5-a9247145a2ac<-2e3e112c-ad01-4834-a07e-d6d8a7947632#5698:OK,SUCCESS,nextIndex:5657,term:1,followerCommit:5652
2019-07-08 20:10:06,172 WARN  server.GrpcLogAppender (GrpcLogAppender.java:onNextImpl(250)) - org.apache.ratis.grpc.server.GrpcLogAppender$AppendLogResponseHandler@412d358: Request not found, ignoring reply: fd4515e9-84f2-4741-b1f5-a9247145a2ac<-dfee02f7-0d20-4e08-8ecd-ebe087394a07#5699:OK,SUCCESS,nextIndex:5657,term:1,followerCommit:5652
2019-07-08 20:10:06,172 WARN  server.GrpcLogAppender (GrpcLogAppender.java:onNextImpl(250)) - org.apache.ratis.grpc.server.GrpcLogAppender$AppendLogResponseHandler@2b117c63: Request not found, ignoring reply: fd4515e9-84f2-4741-b1f5-a9247145a2ac<-2e3e112c-ad01-4834-a07e-d6d8a7947632#5699:OK,SUCCESS,nextIndex:5657,term:1,followerCommit:5652
2019-07-08 20:10:06,172 WARN  server.GrpcLogAppender (GrpcLogAppender.java:onNextImpl(250)) - org.apache.ratis.grpc.server.GrpcLogAppender$AppendLogResponseHandler@412d358: Request not found, ignoring reply: fd4515e9-84f2-4741-b1f5-a9247145a2ac<-dfee02f7-0d20-4e08-8ecd-ebe087394a07#5700:OK,SUCCESS,nextIndex:5657,term:1,followerCommit:5652
2019-07-08 20:10:06,173 WARN  server.GrpcLogAppender (GrpcLogAppender.java:onNextImpl(250)) - org.apache.ratis.grpc.server.GrpcLogAppender$AppendLogResponseHandler@2b117c63: Request not found, ignoring reply: fd4515e9-84f2-4741-b1f5-a9247145a2ac<-2e3e112c-ad01-4834-a07e-d6d8a7947632#5700:OK,SUCCESS,nextIndex:5657,term:1,followerCommit:5652
2019-07-08 20:10:06,173 WARN  server.GrpcLogAppender (GrpcLogAppender.java:onNextImpl(250)) - org.apache.ratis.grpc.server.GrpcLogAppender$AppendLogResponseHandler@412d358: Request not found, ignoring reply: fd4515e9-84f2-4741-b1f5-a9247145a2ac<-dfee02f7-0d20-4e08-8ecd-ebe087394a07#5701:OK,SUCCESS,nextIndex:5657,term:1,followerCommit:5652
2019-07-08 20:10:06,173 WARN  server.GrpcLogAppender (GrpcLogAppender.java:onNextImpl(250)) - org.apache.ratis.grpc.server.GrpcLogAppender$AppendLogResponseHandler@2b117c63: Request not found, ignoring reply: fd4515e9-84f2-4741-b1f5-a9247145a2ac<-2e3e112c-ad01-4834-a07e-d6d8a7947632#5701:OK,SUCCESS,nextIndex:5657,term:1,followerCommit:5652
2019-07-08 20:10:06,173 WARN  server.GrpcLogAppender (GrpcLogAppender.java:onNextImpl(250)) - org.apache.ratis.grpc.server.GrpcLogAppender$AppendLogResponseHandler@412d358: Request not found, ignoring reply: fd4515e9-84f2-4741-b1f5-a9247145a2ac<-dfee02f7-0d20-4e08-8ecd-ebe087394a07#5702:OK,SUCCESS,nextIndex:5657,term:1,followerCommit:5652
2019-07-08 20:10:06,173 WARN  server.GrpcLogAppender (GrpcLogAppender.java:onNextImpl(250)) - org.apache.ratis.grpc.server.GrpcLogAppender$AppendLogResponseHandler@2b117c63: Request not found, ignoring reply: fd4515e9-84f2-4741-b1f5-a9247145a2ac<-2e3e112c-ad01-4834-a07e-d6d8a7947632#5702:OK,SUCCESS,nextIndex:5657,term:1,followerCommit:5652
2019-07-08 20:10:06,173 WARN  server.GrpcLogAppender (GrpcLogAppender.java:onNextImpl(250)) - org.apache.ratis.grpc.server.GrpcLogAppender$AppendLogResponseHandler@412d358: Request not found, ignoring reply: fd4515e9-84f2-4741-b1f5-a9247145a2ac<-dfee02f7-0d20-4e08-8ecd-ebe087394a07#5703:OK,SUCCESS,nextIndex:5657,term:1,followerCommit:5652
2019-07-08 20:10:06,174 WARN  server.GrpcLogAppender (GrpcLogAppender.java:onNextImpl(250)) - org.apache.ratis.grpc.server.GrpcLogAppender$AppendLogResponseHandler@2b117c63: Request not found, ignoring reply: fd4515e9-84f2-4741-b1f5-a9247145a2ac<-2e3e112c-ad01-4834-a07e-d6d8a7947632#5703:OK,SUCCESS,nextIndex:5657,term:1,followerCommit:5652
2019-07-08 20:10:06,174 WARN  server.GrpcLogAppender (GrpcLogAppender.java:onNextImpl(250)) - org.apache.ratis.grpc.server.GrpcLogAppender$AppendLogResponseHandler@412d358: Request not found, ignoring reply: fd4515e9-84f2-4741-b1f5-a9247145a2ac<-dfee02f7-0d20-4e08-8ecd-ebe087394a07#5704:OK,SUCCESS,nextIndex:5657,term:1,followerCommit:5652
2019-07-08 20:10:06,174 WARN  server.GrpcLogAppender (GrpcLogAppender.java:onNextImpl(250)) - org.apache.ratis.grpc.server.GrpcLogAppender$AppendLogResponseHandler@2b117c63: Request not found, ignoring reply: fd4515e9-84f2-4741-b1f5-a9247145a2ac<-2e3e112c-ad01-4834-a07e-d6d8a7947632#5704:OK,SUCCESS,nextIndex:5657,term:1,followerCommit:5652
2019-07-08 20:10:06,174 WARN  server.GrpcLogAppender (GrpcLogAppender.java:onNextImpl(250)) - org.apache.ratis.grpc.server.GrpcLogAppender$AppendLogResponseHandler@412d358: Request not found, ignoring reply: fd4515e9-84f2-4741-b1f5-a9247145a2ac<-dfee02f7-0d20-4e08-8ecd-ebe087394a07#5705:OK,SUCCESS,nextIndex:5657,term:1,followerCommit:5652
2019-07-08 20:10:06,174 WARN  server.GrpcLogAppender (GrpcLogAppender.java:onNextImpl(250)) - org.apache.ratis.grpc.server.GrpcLogAppender$AppendLogResponseHandler@2b117c63: Request not found, ignoring reply: fd4515e9-84f2-4741-b1f5-a9247145a2ac<-2e3e112c-ad01-4834-a07e-d6d8a7947632#5705:OK,SUCCESS,nextIndex:5657,term:1,followerCommit:5652
2019-07-08 20:10:06,174 WARN  server.GrpcLogAppender (GrpcLogAppender.java:onNextImpl(250)) - org.apache.ratis.grpc.server.GrpcLogAppender$AppendLogResponseHandler@412d358: Request not found, ignoring reply: fd4515e9-84f2-4741-b1f5-a9247145a2ac<-dfee02f7-0d20-4e08-8ecd-ebe087394a07#5706:OK,SUCCESS,nextIndex:5657,term:1,followerCommit:5652
2019-07-08 20:10:06,174 WARN  server.GrpcLogAppender (GrpcLogAppender.java:onNextImpl(250)) - org.apache.ratis.grpc.server.GrpcLogAppender$AppendLogResponseHandler@2b117c63: Request not found, ignoring reply: fd4515e9-84f2-4741-b1f5-a9247145a2ac<-2e3e112c-ad01-4834-a07e-d6d8a7947632#5706:OK,SUCCESS,nextIndex:5657,term:1,followerCommit:5652
2019-07-08 20:10:06,175 WARN  server.GrpcLogAppender (GrpcLogAppender.java:onNextImpl(250)) - org.apache.ratis.grpc.server.GrpcLogAppender$AppendLogResponseHandler@412d358: Request not found, ignoring reply: fd4515e9-84f2-4741-b1f5-a9247145a2ac<-dfee02f7-0d20-4e08-8ecd-ebe087394a07#5707:OK,SUCCESS,nextIndex:5657,term:1,followerCommit:5652
2019-07-08 20:10:06,175 WARN  server.GrpcLogAppender (GrpcLogAppender.java:onNextImpl(250)) - org.apache.ratis.grpc.server.GrpcLogAppender$AppendLogResponseHandler@2b117c63: Request not found, ignoring reply: fd4515e9-84f2-4741-b1f5-a9247145a2ac<-2e3e112c-ad01-4834-a07e-d6d8a7947632#5707:OK,SUCCESS,nextIndex:5657,term:1,followerCommit:5652
2019-07-08 20:10:06,175 WARN  server.GrpcLogAppender (GrpcLogAppender.java:onNextImpl(250)) - org.apache.ratis.grpc.server.GrpcLogAppender$AppendLogResponseHandler@412d358: Request not found, ignoring reply: fd4515e9-84f2-4741-b1f5-a9247145a2ac<-dfee02f7-0d20-4e08-8ecd-ebe087394a07#5708:OK,SUCCESS,nextIndex:5657,term:1,followerCommit:5652
2019-07-08 20:10:06,175 WARN  server.GrpcLogAppender (GrpcLogAppender.java:onNextImpl(250)) - org.apache.ratis.grpc.server.GrpcLogAppender$AppendLogResponseHandler@2b117c63: Request not found, ignoring reply: fd4515e9-84f2-4741-b1f5-a9247145a2ac<-2e3e112c-ad01-4834-a07e-d6d8a7947632#5708:OK,SUCCESS,nextIndex:5657,term:1,followerCommit:5652
2019-07-08 20:10:06,175 WARN  server.GrpcLogAppender (GrpcLogAppender.java:onNextImpl(250)) - org.apache.ratis.grpc.server.GrpcLogAppender$AppendLogResponseHandler@412d358: Request not found, ignoring reply: fd4515e9-84f2-4741-b1f5-a9247145a2ac<-dfee02f7-0d20-4e08-8ecd-ebe087394a07#5709:OK,SUCCESS,nextIndex:5657,term:1,followerCommit:5652
2019-07-08 20:10:06,175 WARN  server.GrpcLogAppender (GrpcLogAppender.java:onNextImpl(250)) - org.apache.ratis.grpc.server.GrpcLogAppender$AppendLogResponseHandler@2b117c63: Request not found, ignoring reply: fd4515e9-84f2-4741-b1f5-a9247145a2ac<-2e3e112c-ad01-4834-a07e-d6d8a7947632#5709:OK,SUCCESS,nextIndex:5657,term:1,followerCommit:5652
2019-07-08 20:10:06,175 WARN  server.GrpcLogAppender (GrpcLogAppender.java:onNextImpl(250)) - org.apache.ratis.grpc.server.GrpcLogAppender$AppendLogResponseHandler@412d358: Request not found, ignoring reply: fd4515e9-84f2-4741-b1f5-a9247145a2ac<-dfee02f7-0d20-4e08-8ecd-ebe087394a07#5710:OK,SUCCESS,nextIndex:5657,term:1,followerCommit:5652
2019-07-08 20:10:06,176 WARN  server.GrpcLogAppender (GrpcLogAppender.java:onNextImpl(250)) - org.apache.ratis.grpc.server.GrpcLogAppender$AppendLogResponseHandler@2b117c63: Request not found, ignoring reply: fd4515e9-84f2-4741-b1f5-a9247145a2ac<-2e3e112c-ad01-4834-a07e-d6d8a7947632#5710:OK,SUCCESS,nextIndex:5657,term:1,followerCommit:5652
2019-07-08 20:10:06,184 INFO  client.GrpcClientProtocolClient (GrpcClientProtocolClient.java:onNext(255)) - client-83AFC0B42279->fd4515e9-84f2-4741-b1f5-a9247145a2ac: receive RaftClientReply:client-83AFC0B42279->fd4515e9-84f2-4741-b1f5-a9247145a2ac@group-E2152A48AE85, cid=3744, SUCCESS, logIndex=5653, commits[fd4515e9-84f2-4741-b1f5-a9247145a2ac:c5656, 2e3e112c-ad01-4834-a07e-d6d8a7947632:c5652, dfee02f7-0d20-4e08-8ecd-ebe087394a07:c5652]
2019-07-08 20:10:06,192 INFO  client.GrpcClientProtocolClient (GrpcClientProtocolClient.java:onNext(255)) - client-83AFC0B42279->fd4515e9-84f2-4741-b1f5-a9247145a2ac: receive RaftClientReply:client-83AFC0B42279->fd4515e9-84f2-4741-b1f5-a9247145a2ac@group-E2152A48AE85, cid=3745, SUCCESS, logIndex=5654, commits[fd4515e9-84f2-4741-b1f5-a9247145a2ac:c5656, 2e3e112c-ad01-4834-a07e-d6d8a7947632:c5652, dfee02f7-0d20-4e08-8ecd-ebe087394a07:c5652]
 0.00% |█                                                                                                    |  0/1 Time: 0:00:45 0.00% |█                                                                                                    |  0/1 Time: 0:00:46 0.00% |█                                                                                                    |  0/1 Time: 0:00:472019-07-08 20:10:09,201 WARN  server.GrpcLogAppender (GrpcLogAppender.java:timeoutAppendRequest(200)) - GrpcLogAppender(fd4515e9-84f2-4741-b1f5-a9247145a2ac->dfee02f7-0d20-4e08-8ecd-ebe087394a07): appendEntries Timeout, request=fd4515e9-84f2-4741-b1f5-a9247145a2ac->dfee02f7-0d20-4e08-8ecd-ebe087394a07#5717-t1, previous=(t:1, i:5656), leaderCommit=5656, initializing? false, entries: size=1, first=(t:1, i:5657), STATEMACHINELOGENTRY, client-83AFC0B42279, cid=3746
2019-07-08 20:10:09,201 WARN  server.GrpcLogAppender (GrpcLogAppender.java:timeoutAppendRequest(200)) - GrpcLogAppender(fd4515e9-84f2-4741-b1f5-a9247145a2ac->2e3e112c-ad01-4834-a07e-d6d8a7947632): appendEntries Timeout, request=fd4515e9-84f2-4741-b1f5-a9247145a2ac->2e3e112c-ad01-4834-a07e-d6d8a7947632#5717-t1, previous=(t:1, i:5656), leaderCommit=5656, initializing? false, entries: size=1, first=(t:1, i:5657), STATEMACHINELOGENTRY, client-83AFC0B42279, cid=3746
2019-07-08 20:10:09,201 WARN  server.GrpcLogAppender (GrpcLogAppender.java:timeoutAppendRequest(200)) - GrpcLogAppender(fd4515e9-84f2-4741-b1f5-a9247145a2ac->dfee02f7-0d20-4e08-8ecd-ebe087394a07): appendEntries Timeout, request=fd4515e9-84f2-4741-b1f5-a9247145a2ac->dfee02f7-0d20-4e08-8ecd-ebe087394a07#5718-t1, previous=(t:1, i:5657), leaderCommit=5656, initializing? false, entries: size=1, first=(t:1, i:5658), STATEMACHINELOGENTRY, client-83AFC0B42279, cid=3747
2019-07-08 20:10:09,202 WARN  server.GrpcLogAppender (GrpcLogAppender.java:timeoutAppendRequest(200)) - GrpcLogAppender(fd4515e9-84f2-4741-b1f5-a9247145a2ac->2e3e112c-ad01-4834-a07e-d6d8a7947632): appendEntries Timeout, request=fd4515e9-84f2-4741-b1f5-a9247145a2ac->2e3e112c-ad01-4834-a07e-d6d8a7947632#5718-t1, previous=(t:1, i:5657), leaderCommit=5656, initializing? false, entries: size=1, first=(t:1, i:5658), STATEMACHINELOGENTRY, client-83AFC0B42279, cid=3747
 0.00% |█                                                                                                    |  0/1 Time: 0:00:482019-07-08 20:10:09,701 WARN  server.GrpcLogAppender (GrpcLogAppender.java:timeoutAppendRequest(200)) - GrpcLogAppender(fd4515e9-84f2-4741-b1f5-a9247145a2ac->2e3e112c-ad01-4834-a07e-d6d8a7947632): appendEntries Timeout, request=fd4515e9-84f2-4741-b1f5-a9247145a2ac->2e3e112c-ad01-4834-a07e-d6d8a7947632#5719-t1, previous=(t:1, i:5658), leaderCommit=5656, initializing? false, entries: <empty>
2019-07-08 20:10:09,701 WARN  server.GrpcLogAppender (GrpcLogAppender.java:timeoutAppendRequest(200)) - GrpcLogAppender(fd4515e9-84f2-4741-b1f5-a9247145a2ac->dfee02f7-0d20-4e08-8ecd-ebe087394a07): appendEntries Timeout, request=fd4515e9-84f2-4741-b1f5-a9247145a2ac->dfee02f7-0d20-4e08-8ecd-ebe087394a07#5719-t1, previous=(t:1, i:5658), leaderCommit=5656, initializing? false, entries: <empty>
2019-07-08 20:10:10,202 WARN  server.GrpcLogAppender (GrpcLogAppender.java:timeoutAppendRequest(200)) - GrpcLogAppender(fd4515e9-84f2-4741-b1f5-a9247145a2ac->2e3e112c-ad01-4834-a07e-d6d8a7947632): appendEntries Timeout, request=fd4515e9-84f2-4741-b1f5-a9247145a2ac->2e3e112c-ad01-4834-a07e-d6d8a7947632#5720-t1, previous=(t:1, i:5658), leaderCommit=5656, initializing? false, entries: <empty>
2019-07-08 20:10:10,202 WARN  server.GrpcLogAppender (GrpcLogAppender.java:timeoutAppendRequest(200)) - GrpcLogAppender(fd4515e9-84f2-4741-b1f5-a9247145a2ac->dfee02f7-0d20-4e08-8ecd-ebe087394a07): appendEntries Timeout, request=fd4515e9-84f2-4741-b1f5-a9247145a2ac->dfee02f7-0d20-4e08-8ecd-ebe087394a07#5720-t1, previous=(t:1, i:5658), leaderCommit=5656, initializing? false, entries: <empty>
2019-07-08 20:10:10,488 WARN  server.GrpcLogAppender (GrpcLogAppender.java:onNextImpl(250)) - org.apache.ratis.grpc.server.GrpcLogAppender$AppendLogResponseHandler@412d358: Request not found, ignoring reply: fd4515e9-84f2-4741-b1f5-a9247145a2ac<-dfee02f7-0d20-4e08-8ecd-ebe087394a07#5717:OK,SUCCESS,nextIndex:5658,term:1,followerCommit:5656
2019-07-08 20:10:10,488 WARN  server.GrpcLogAppender (GrpcLogAppender.java:onNextImpl(250)) - org.apache.ratis.grpc.server.GrpcLogAppender$AppendLogResponseHandler@412d358: Request not found, ignoring reply: fd4515e9-84f2-4741-b1f5-a9247145a2ac<-dfee02f7-0d20-4e08-8ecd-ebe087394a07#5718:OK,SUCCESS,nextIndex:5659,term:1,followerCommit:5656
2019-07-08 20:10:10,489 WARN  server.GrpcLogAppender (GrpcLogAppender.java:onNextImpl(250)) - org.apache.ratis.grpc.server.GrpcLogAppender$AppendLogResponseHandler@412d358: Request not found, ignoring reply: fd4515e9-84f2-4741-b1f5-a9247145a2ac<-dfee02f7-0d20-4e08-8ecd-ebe087394a07#5719:OK,SUCCESS,nextIndex:5659,term:1,followerCommit:5656
2019-07-08 20:10:10,489 WARN  server.GrpcLogAppender (GrpcLogAppender.java:onNextImpl(250)) - org.apache.ratis.grpc.server.GrpcLogAppender$AppendLogResponseHandler@412d358: Request not found, ignoring reply: fd4515e9-84f2-4741-b1f5-a9247145a2ac<-dfee02f7-0d20-4e08-8ecd-ebe087394a07#5720:OK,SUCCESS,nextIndex:5659,term:1,followerCommit:5656
 0.00% |█                                                                                                    |  0/1 Time: 0:00:492019-07-08 20:10:10,702 WARN  server.GrpcLogAppender (GrpcLogAppender.java:timeoutAppendRequest(200)) - GrpcLogAppender(fd4515e9-84f2-4741-b1f5-a9247145a2ac->2e3e112c-ad01-4834-a07e-d6d8a7947632): appendEntries Timeout, request=fd4515e9-84f2-4741-b1f5-a9247145a2ac->2e3e112c-ad01-4834-a07e-d6d8a7947632#5721-t1, previous=(t:1, i:5658), leaderCommit=5656, initializing? false, entries: <empty>
2019-07-08 20:10:11,202 WARN  server.GrpcLogAppender (GrpcLogAppender.java:timeoutAppendRequest(200)) - GrpcLogAppender(fd4515e9-84f2-4741-b1f5-a9247145a2ac->2e3e112c-ad01-4834-a07e-d6d8a7947632): appendEntries Timeout, request=fd4515e9-84f2-4741-b1f5-a9247145a2ac->2e3e112c-ad01-4834-a07e-d6d8a7947632#5722-t1, previous=(t:1, i:5658), leaderCommit=5656, initializing? false, entries: <empty>
2019-07-08 20:10:11,226 INFO  client.GrpcClientProtocolClient (GrpcClientProtocolClient.java:onNext(255)) - client-83AFC0B42279->dfee02f7-0d20-4e08-8ecd-ebe087394a07: receive RaftClientReply:client-83AFC0B42279->dfee02f7-0d20-4e08-8ecd-ebe087394a07@group-E2152A48AE85, cid=3746, FAILED org.apache.ratis.protocol.NotLeaderException: Server dfee02f7-0d20-4e08-8ecd-ebe087394a07 is not the leader (fd4515e9-84f2-4741-b1f5-a9247145a2ac:192.168.69.103:40680). Request must be sent to leader., logIndex=0, commits[dfee02f7-0d20-4e08-8ecd-ebe087394a07:c5658, fd4515e9-84f2-4741-b1f5-a9247145a2ac:c5658, 2e3e112c-ad01-4834-a07e-d6d8a7947632:c5652]
2019-07-08 20:10:11,247 INFO  client.GrpcClientProtocolClient (GrpcClientProtocolClient.java:onNext(255)) - client-83AFC0B42279->fd4515e9-84f2-4741-b1f5-a9247145a2ac: receive RaftClientReply:client-83AFC0B42279->fd4515e9-84f2-4741-b1f5-a9247145a2ac@group-E2152A48AE85, cid=3746, SUCCESS, logIndex=5657, commits[fd4515e9-84f2-4741-b1f5-a9247145a2ac:c5658, 2e3e112c-ad01-4834-a07e-d6d8a7947632:c5652, dfee02f7-0d20-4e08-8ecd-ebe087394a07:c5656]
2019-07-08 20:10:11,259 INFO  client.GrpcClientProtocolClient (GrpcClientProtocolClient.java:onNext(255)) - client-83AFC0B42279->fd4515e9-84f2-4741-b1f5-a9247145a2ac: receive RaftClientReply:client-83AFC0B42279->fd4515e9-84f2-4741-b1f5-a9247145a2ac@group-E2152A48AE85, cid=3747, SUCCESS, logIndex=5658, commits[fd4515e9-84f2-4741-b1f5-a9247145a2ac:c5658, 2e3e112c-ad01-4834-a07e-d6d8a7947632:c5652, dfee02f7-0d20-4e08-8ecd-ebe087394a07:c5656]
 0.00% |█                                                                                                    |  0/1 Time: 0:00:502019-07-08 20:10:11,702 WARN  server.GrpcLogAppender (GrpcLogAppender.java:timeoutAppendRequest(200)) - GrpcLogAppender(fd4515e9-84f2-4741-b1f5-a9247145a2ac->2e3e112c-ad01-4834-a07e-d6d8a7947632): appendEntries Timeout, request=fd4515e9-84f2-4741-b1f5-a9247145a2ac->2e3e112c-ad01-4834-a07e-d6d8a7947632#5723-t1, previous=(t:1, i:5658), leaderCommit=5656, initializing? false, entries: <empty>
2019-07-08 20:10:12,191 WARN  server.GrpcLogAppender (GrpcLogAppender.java:onNextImpl(250)) - org.apache.ratis.grpc.server.GrpcLogAppender$AppendLogResponseHandler@2b117c63: Request not found, ignoring reply: fd4515e9-84f2-4741-b1f5-a9247145a2ac<-2e3e112c-ad01-4834-a07e-d6d8a7947632#5717:OK,SUCCESS,nextIndex:5658,term:1,followerCommit:5656
2019-07-08 20:10:12,192 WARN  server.GrpcLogAppender (GrpcLogAppender.java:onNextImpl(250)) - org.apache.ratis.grpc.server.GrpcLogAppender$AppendLogResponseHandler@2b117c63: Request not found, ignoring reply: fd4515e9-84f2-4741-b1f5-a9247145a2ac<-2e3e112c-ad01-4834-a07e-d6d8a7947632#5718:OK,SUCCESS,nextIndex:5659,term:1,followerCommit:5656
2019-07-08 20:10:12,192 WARN  server.GrpcLogAppender (GrpcLogAppender.java:onNextImpl(250)) - org.apache.ratis.grpc.server.GrpcLogAppender$AppendLogResponseHandler@2b117c63: Request not found, ignoring reply: fd4515e9-84f2-4741-b1f5-a9247145a2ac<-2e3e112c-ad01-4834-a07e-d6d8a7947632#5719:OK,SUCCESS,nextIndex:5659,term:1,followerCommit:5656
2019-07-08 20:10:12,192 WARN  server.GrpcLogAppender (GrpcLogAppender.java:onNextImpl(250)) - org.apache.ratis.grpc.server.GrpcLogAppender$AppendLogResponseHandler@2b117c63: Request not found, ignoring reply: fd4515e9-84f2-4741-b1f5-a9247145a2ac<-2e3e112c-ad01-4834-a07e-d6d8a7947632#5720:OK,SUCCESS,nextIndex:5659,term:1,followerCommit:5656
2019-07-08 20:10:12,192 WARN  server.GrpcLogAppender (GrpcLogAppender.java:onNextImpl(250)) - org.apache.ratis.grpc.server.GrpcLogAppender$AppendLogResponseHandler@2b117c63: Request not found, ignoring reply: fd4515e9-84f2-4741-b1f5-a9247145a2ac<-2e3e112c-ad01-4834-a07e-d6d8a7947632#5721:OK,SUCCESS,nextIndex:5659,term:1,followerCommit:5656
2019-07-08 20:10:12,192 WARN  server.GrpcLogAppender (GrpcLogAppender.java:onNextImpl(250)) - org.apache.ratis.grpc.server.GrpcLogAppender$AppendLogResponseHandler@2b117c63: Request not found, ignoring reply: fd4515e9-84f2-4741-b1f5-a9247145a2ac<-2e3e112c-ad01-4834-a07e-d6d8a7947632#5722:OK,SUCCESS,nextIndex:5659,term:1,followerCommit:5656
2019-07-08 20:10:12,193 WARN  server.GrpcLogAppender (GrpcLogAppender.java:onNextImpl(250)) - org.apache.ratis.grpc.server.GrpcLogAppender$AppendLogResponseHandler@2b117c63: Request not found, ignoring reply: fd4515e9-84f2-4741-b1f5-a9247145a2ac<-2e3e112c-ad01-4834-a07e-d6d8a7947632#5723:OK,SUCCESS,nextIndex:5659,term:1,followerCommit:5656
2019-07-08 20:10:12,196 INFO  client.GrpcClientProtocolClient (GrpcClientProtocolClient.java:onNext(255)) - client-83AFC0B42279->fd4515e9-84f2-4741-b1f5-a9247145a2ac: receive RaftClientReply:client-83AFC0B42279->fd4515e9-84f2-4741-b1f5-a9247145a2ac@group-E2152A48AE85, cid=3748, SUCCESS, logIndex=0, commits[fd4515e9-84f2-4741-b1f5-a9247145a2ac:c5658, 2e3e112c-ad01-4834-a07e-d6d8a7947632:c5656, dfee02f7-0d20-4e08-8ecd-ebe087394a07:c5656]
 0.00% |█                                                                                                    |  0/1 Time: 0:00:512019-07-08 20:10:13,490 WARN  server.GrpcLogAppender (GrpcLogAppender.java:timeoutAppendRequest(200)) - GrpcLogAppender(fd4515e9-84f2-4741-b1f5-a9247145a2ac->dfee02f7-0d20-4e08-8ecd-ebe087394a07): appendEntries Timeout, request=fd4515e9-84f2-4741-b1f5-a9247145a2ac->dfee02f7-0d20-4e08-8ecd-ebe087394a07#5727-t1, previous=(t:1, i:5658), leaderCommit=5658, initializing? false, entries: size=1, first=(t:1, i:5659), METADATAENTRY(c5658)
2019-07-08 20:10:13,490 WARN  server.GrpcLogAppender (GrpcLogAppender.java:timeoutAppendRequest(200)) - GrpcLogAppender(fd4515e9-84f2-4741-b1f5-a9247145a2ac->2e3e112c-ad01-4834-a07e-d6d8a7947632): appendEntries Timeout, request=fd4515e9-84f2-4741-b1f5-a9247145a2ac->2e3e112c-ad01-4834-a07e-d6d8a7947632#5727-t1, previous=(t:1, i:5658), leaderCommit=5658, initializing? false, entries: size=1, first=(t:1, i:5659), METADATAENTRY(c5658)
 0.00% |█                                                                                                    |  0/1 Time: 0:00:522019-07-08 20:10:13,990 WARN  server.GrpcLogAppender (GrpcLogAppender.java:timeoutAppendRequest(200)) - GrpcLogAppender(fd4515e9-84f2-4741-b1f5-a9247145a2ac->2e3e112c-ad01-4834-a07e-d6d8a7947632): appendEntries Timeout, request=fd4515e9-84f2-4741-b1f5-a9247145a2ac->2e3e112c-ad01-4834-a07e-d6d8a7947632#5728-t1, previous=(t:1, i:5659), leaderCommit=5658, initializing? false, entries: <empty>
2019-07-08 20:10:13,990 WARN  server.GrpcLogAppender (GrpcLogAppender.java:timeoutAppendRequest(200)) - GrpcLogAppender(fd4515e9-84f2-4741-b1f5-a9247145a2ac->dfee02f7-0d20-4e08-8ecd-ebe087394a07): appendEntries Timeout, request=fd4515e9-84f2-4741-b1f5-a9247145a2ac->dfee02f7-0d20-4e08-8ecd-ebe087394a07#5728-t1, previous=(t:1, i:5659), leaderCommit=5658, initializing? false, entries: <empty>
2019-07-08 20:10:14,490 WARN  server.GrpcLogAppender (GrpcLogAppender.java:timeoutAppendRequest(200)) - GrpcLogAppender(fd4515e9-84f2-4741-b1f5-a9247145a2ac->2e3e112c-ad01-4834-a07e-d6d8a7947632): appendEntries Timeout, request=fd4515e9-84f2-4741-b1f5-a9247145a2ac->2e3e112c-ad01-4834-a07e-d6d8a7947632#5729-t1, previous=(t:1, i:5659), leaderCommit=5658, initializing? false, entries: <empty>
2019-07-08 20:10:14,490 WARN  server.GrpcLogAppender (GrpcLogAppender.java:timeoutAppendRequest(200)) - GrpcLogAppender(fd4515e9-84f2-4741-b1f5-a9247145a2ac->dfee02f7-0d20-4e08-8ecd-ebe087394a07): appendEntries Timeout, request=fd4515e9-84f2-4741-b1f5-a9247145a2ac->dfee02f7-0d20-4e08-8ecd-ebe087394a07#5729-t1, previous=(t:1, i:5659), leaderCommit=5658, initializing? false, entries: <empty>
 0.00% |█                                                                                                    |  0/1 Time: 0:00:532019-07-08 20:10:14,990 WARN  server.GrpcLogAppender (GrpcLogAppender.java:timeoutAppendRequest(200)) - GrpcLogAppender(fd4515e9-84f2-4741-b1f5-a9247145a2ac->2e3e112c-ad01-4834-a07e-d6d8a7947632): appendEntries Timeout, request=fd4515e9-84f2-4741-b1f5-a9247145a2ac->2e3e112c-ad01-4834-a07e-d6d8a7947632#5730-t1, previous=(t:1, i:5659), leaderCommit=5658, initializing? false, entries: <empty>
2019-07-08 20:10:14,990 WARN  server.GrpcLogAppender (GrpcLogAppender.java:timeoutAppendRequest(200)) - GrpcLogAppender(fd4515e9-84f2-4741-b1f5-a9247145a2ac->dfee02f7-0d20-4e08-8ecd-ebe087394a07): appendEntries Timeout, request=fd4515e9-84f2-4741-b1f5-a9247145a2ac->dfee02f7-0d20-4e08-8ecd-ebe087394a07#5730-t1, previous=(t:1, i:5659), leaderCommit=5658, initializing? false, entries: <empty>
2019-07-08 20:10:15,204 WARN  server.GrpcLogAppender (GrpcLogAppender.java:timeoutAppendRequest(200)) - GrpcLogAppender(fd4515e9-84f2-4741-b1f5-a9247145a2ac->dfee02f7-0d20-4e08-8ecd-ebe087394a07): appendEntries Timeout, request=fd4515e9-84f2-4741-b1f5-a9247145a2ac->dfee02f7-0d20-4e08-8ecd-ebe087394a07#5731-t1, previous=(t:1, i:5659), leaderCommit=5658, initializing? false, entries: size=1, first=(t:1, i:5660), STATEMACHINELOGENTRY, client-83AFC0B42279, cid=3749
2019-07-08 20:10:15,204 WARN  server.GrpcLogAppender (GrpcLogAppender.java:timeoutAppendRequest(200)) - GrpcLogAppender(fd4515e9-84f2-4741-b1f5-a9247145a2ac->2e3e112c-ad01-4834-a07e-d6d8a7947632): appendEntries Timeout, request=fd4515e9-84f2-4741-b1f5-a9247145a2ac->2e3e112c-ad01-4834-a07e-d6d8a7947632#5731-t1, previous=(t:1, i:5659), leaderCommit=5658, initializing? false, entries: size=1, first=(t:1, i:5660), STATEMACHINELOGENTRY, client-83AFC0B42279, cid=3749
2019-07-08 20:10:15,205 WARN  server.GrpcLogAppender (GrpcLogAppender.java:timeoutAppendRequest(200)) - GrpcLogAppender(fd4515e9-84f2-4741-b1f5-a9247145a2ac->dfee02f7-0d20-4e08-8ecd-ebe087394a07): appendEntries Timeout, request=fd4515e9-84f2-4741-b1f5-a9247145a2ac->dfee02f7-0d20-4e08-8ecd-ebe087394a07#5732-t1, previous=(t:1, i:5660), leaderCommit=5658, initializing? false, entries: size=1, first=(t:1, i:5661), STATEMACHINELOGENTRY, client-83AFC0B42279, cid=3750
2019-07-08 20:10:15,205 WARN  server.GrpcLogAppender (GrpcLogAppender.java:timeoutAppendRequest(200)) - GrpcLogAppender(fd4515e9-84f2-4741-b1f5-a9247145a2ac->2e3e112c-ad01-4834-a07e-d6d8a7947632): appendEntries Timeout, request=fd4515e9-84f2-4741-b1f5-a9247145a2ac->2e3e112c-ad01-4834-a07e-d6d8a7947632#5732-t1, previous=(t:1, i:5660), leaderCommit=5658, initializing? false, entries: size=1, first=(t:1, i:5661), STATEMACHINELOGENTRY, client-83AFC0B42279, cid=3750
2019-07-08 20:10:15,228 WARN  server.GrpcLogAppender (GrpcLogAppender.java:onNextImpl(250)) - org.apache.ratis.grpc.server.GrpcLogAppender$AppendLogResponseHandler@412d358: Request not found, ignoring reply: fd4515e9-84f2-4741-b1f5-a9247145a2ac<-dfee02f7-0d20-4e08-8ecd-ebe087394a07#5727:OK,SUCCESS,nextIndex:5660,term:1,followerCommit:5658
2019-07-08 20:10:15,228 WARN  server.GrpcLogAppender (GrpcLogAppender.java:onNextImpl(250)) - org.apache.ratis.grpc.server.GrpcLogAppender$AppendLogResponseHandler@412d358: Request not found, ignoring reply: fd4515e9-84f2-4741-b1f5-a9247145a2ac<-dfee02f7-0d20-4e08-8ecd-ebe087394a07#5728:OK,SUCCESS,nextIndex:5660,term:1,followerCommit:5658
2019-07-08 20:10:15,228 WARN  server.GrpcLogAppender (GrpcLogAppender.java:onNextImpl(250)) - org.apache.ratis.grpc.server.GrpcLogAppender$AppendLogResponseHandler@412d358: Request not found, ignoring reply: fd4515e9-84f2-4741-b1f5-a9247145a2ac<-dfee02f7-0d20-4e08-8ecd-ebe087394a07#5729:OK,SUCCESS,nextIndex:5660,term:1,followerCommit:5658
2019-07-08 20:10:15,228 WARN  server.GrpcLogAppender (GrpcLogAppender.java:onNextImpl(250)) - org.apache.ratis.grpc.server.GrpcLogAppender$AppendLogResponseHandler@412d358: Request not found, ignoring reply: fd4515e9-84f2-4741-b1f5-a9247145a2ac<-dfee02f7-0d20-4e08-8ecd-ebe087394a07#5730:OK,SUCCESS,nextIndex:5660,term:1,followerCommit:5658
 0.00% |█                                                                                                    |  0/1 Time: 0:00:542019-07-08 20:10:15,705 WARN  server.GrpcLogAppender (GrpcLogAppender.java:timeoutAppendRequest(200)) - GrpcLogAppender(fd4515e9-84f2-4741-b1f5-a9247145a2ac->2e3e112c-ad01-4834-a07e-d6d8a7947632): appendEntries Timeout, request=fd4515e9-84f2-4741-b1f5-a9247145a2ac->2e3e112c-ad01-4834-a07e-d6d8a7947632#5733-t1, previous=(t:1, i:5661), leaderCommit=5658, initializing? false, entries: <empty>
2019-07-08 20:10:15,705 WARN  server.GrpcLogAppender (GrpcLogAppender.java:timeoutAppendRequest(200)) - GrpcLogAppender(fd4515e9-84f2-4741-b1f5-a9247145a2ac->dfee02f7-0d20-4e08-8ecd-ebe087394a07): appendEntries Timeout, request=fd4515e9-84f2-4741-b1f5-a9247145a2ac->dfee02f7-0d20-4e08-8ecd-ebe087394a07#5733-t1, previous=(t:1, i:5661), leaderCommit=5658, initializing? false, entries: <empty>
2019-07-08 20:10:16,205 WARN  server.GrpcLogAppender (GrpcLogAppender.java:timeoutAppendRequest(200)) - GrpcLogAppender(fd4515e9-84f2-4741-b1f5-a9247145a2ac->2e3e112c-ad01-4834-a07e-d6d8a7947632): appendEntries Timeout, request=fd4515e9-84f2-4741-b1f5-a9247145a2ac->2e3e112c-ad01-4834-a07e-d6d8a7947632#5734-t1, previous=(t:1, i:5661), leaderCommit=5658, initializing? false, entries: <empty>
2019-07-08 20:10:16,205 WARN  server.GrpcLogAppender (GrpcLogAppender.java:timeoutAppendRequest(200)) - GrpcLogAppender(fd4515e9-84f2-4741-b1f5-a9247145a2ac->dfee02f7-0d20-4e08-8ecd-ebe087394a07): appendEntries Timeout, request=fd4515e9-84f2-4741-b1f5-a9247145a2ac->dfee02f7-0d20-4e08-8ecd-ebe087394a07#5734-t1, previous=(t:1, i:5661), leaderCommit=5658, initializing? false, entries: <empty>
 0.00% |█                                                                                                    |  0/1 Time: 0:00:552019-07-08 20:10:16,705 WARN  server.GrpcLogAppender (GrpcLogAppender.java:timeoutAppendRequest(200)) - GrpcLogAppender(fd4515e9-84f2-4741-b1f5-a9247145a2ac->2e3e112c-ad01-4834-a07e-d6d8a7947632): appendEntries Timeout, request=fd4515e9-84f2-4741-b1f5-a9247145a2ac->2e3e112c-ad01-4834-a07e-d6d8a7947632#5735-t1, previous=(t:1, i:5661), leaderCommit=5658, initializing? false, entries: <empty>
2019-07-08 20:10:16,705 WARN  server.GrpcLogAppender (GrpcLogAppender.java:timeoutAppendRequest(200)) - GrpcLogAppender(fd4515e9-84f2-4741-b1f5-a9247145a2ac->dfee02f7-0d20-4e08-8ecd-ebe087394a07): appendEntries Timeout, request=fd4515e9-84f2-4741-b1f5-a9247145a2ac->dfee02f7-0d20-4e08-8ecd-ebe087394a07#5735-t1, previous=(t:1, i:5661), leaderCommit=5658, initializing? false, entries: <empty>
2019-07-08 20:10:17,143 WARN  server.GrpcLogAppender (GrpcLogAppender.java:onNextImpl(250)) - org.apache.ratis.grpc.server.GrpcLogAppender$AppendLogResponseHandler@2b117c63: Request not found, ignoring reply: fd4515e9-84f2-4741-b1f5-a9247145a2ac<-2e3e112c-ad01-4834-a07e-d6d8a7947632#5727:OK,SUCCESS,nextIndex:5660,term:1,followerCommit:5658
2019-07-08 20:10:17,144 WARN  server.GrpcLogAppender (GrpcLogAppender.java:onNextImpl(250)) - org.apache.ratis.grpc.server.GrpcLogAppender$AppendLogResponseHandler@2b117c63: Request not found, ignoring reply: fd4515e9-84f2-4741-b1f5-a9247145a2ac<-2e3e112c-ad01-4834-a07e-d6d8a7947632#5728:OK,SUCCESS,nextIndex:5660,term:1,followerCommit:5656
2019-07-08 20:10:17,144 WARN  server.GrpcLogAppender (GrpcLogAppender.java:onNextImpl(250)) - org.apache.ratis.grpc.server.GrpcLogAppender$AppendLogResponseHandler@412d358: Request not found, ignoring reply: fd4515e9-84f2-4741-b1f5-a9247145a2ac<-dfee02f7-0d20-4e08-8ecd-ebe087394a07#5731:OK,SUCCESS,nextIndex:5661,term:1,followerCommit:5658
2019-07-08 20:10:17,144 WARN  server.GrpcLogAppender (GrpcLogAppender.java:onNextImpl(250)) - org.apache.ratis.grpc.server.GrpcLogAppender$AppendLogResponseHandler@2b117c63: Request not found, ignoring reply: fd4515e9-84f2-4741-b1f5-a9247145a2ac<-2e3e112c-ad01-4834-a07e-d6d8a7947632#5729:OK,SUCCESS,nextIndex:5660,term:1,followerCommit:5656
2019-07-08 20:10:17,144 WARN  server.GrpcLogAppender (GrpcLogAppender.java:onNextImpl(250)) - org.apache.ratis.grpc.server.GrpcLogAppender$AppendLogResponseHandler@412d358: Request not found, ignoring reply: fd4515e9-84f2-4741-b1f5-a9247145a2ac<-dfee02f7-0d20-4e08-8ecd-ebe087394a07#5732:OK,SUCCESS,nextIndex:5662,term:1,followerCommit:5658
2019-07-08 20:10:17,144 WARN  server.GrpcLogAppender (GrpcLogAppender.java:onNextImpl(250)) - org.apache.ratis.grpc.server.GrpcLogAppender$AppendLogResponseHandler@2b117c63: Request not found, ignoring reply: fd4515e9-84f2-4741-b1f5-a9247145a2ac<-2e3e112c-ad01-4834-a07e-d6d8a7947632#5730:OK,SUCCESS,nextIndex:5660,term:1,followerCommit:5656
2019-07-08 20:10:17,145 WARN  server.GrpcLogAppender (GrpcLogAppender.java:onNextImpl(250)) - org.apache.ratis.grpc.server.GrpcLogAppender$AppendLogResponseHandler@412d358: Request not found, ignoring reply: fd4515e9-84f2-4741-b1f5-a9247145a2ac<-dfee02f7-0d20-4e08-8ecd-ebe087394a07#5733:OK,SUCCESS,nextIndex:5662,term:1,followerCommit:5658
2019-07-08 20:10:17,145 WARN  server.GrpcLogAppender (GrpcLogAppender.java:onNextImpl(250)) - org.apache.ratis.grpc.server.GrpcLogAppender$AppendLogResponseHandler@412d358: Request not found, ignoring reply: fd4515e9-84f2-4741-b1f5-a9247145a2ac<-dfee02f7-0d20-4e08-8ecd-ebe087394a07#5734:OK,SUCCESS,nextIndex:5662,term:1,followerCommit:5658
2019-07-08 20:10:17,145 WARN  server.GrpcLogAppender (GrpcLogAppender.java:onNextImpl(250)) - org.apache.ratis.grpc.server.GrpcLogAppender$AppendLogResponseHandler@412d358: Request not found, ignoring reply: fd4515e9-84f2-4741-b1f5-a9247145a2ac<-dfee02f7-0d20-4e08-8ecd-ebe087394a07#5735:OK,SUCCESS,nextIndex:5662,term:1,followerCommit:5658
2019-07-08 20:10:17,206 WARN  server.GrpcLogAppender (GrpcLogAppender.java:timeoutAppendRequest(200)) - GrpcLogAppender(fd4515e9-84f2-4741-b1f5-a9247145a2ac->2e3e112c-ad01-4834-a07e-d6d8a7947632): appendEntries Timeout, request=fd4515e9-84f2-4741-b1f5-a9247145a2ac->2e3e112c-ad01-4834-a07e-d6d8a7947632#5736-t1, previous=(t:1, i:5661), leaderCommit=5658, initializing? false, entries: <empty>
2019-07-08 20:10:17,243 INFO  client.GrpcClientProtocolClient (GrpcClientProtocolClient.java:onNext(255)) - client-83AFC0B42279->dfee02f7-0d20-4e08-8ecd-ebe087394a07: receive RaftClientReply:client-83AFC0B42279->dfee02f7-0d20-4e08-8ecd-ebe087394a07@group-E2152A48AE85, cid=3749, FAILED org.apache.ratis.protocol.NotLeaderException: Server dfee02f7-0d20-4e08-8ecd-ebe087394a07 is not the leader (fd4515e9-84f2-4741-b1f5-a9247145a2ac:192.168.69.103:40680). Request must be sent to leader., logIndex=0, commits[dfee02f7-0d20-4e08-8ecd-ebe087394a07:c5658, fd4515e9-84f2-4741-b1f5-a9247145a2ac:c5661, 2e3e112c-ad01-4834-a07e-d6d8a7947632:c5656]
2019-07-08 20:10:17,282 INFO  client.GrpcClientProtocolClient (GrpcClientProtocolClient.java:onNext(255)) - client-83AFC0B42279->fd4515e9-84f2-4741-b1f5-a9247145a2ac: receive RaftClientReply:client-83AFC0B42279->fd4515e9-84f2-4741-b1f5-a9247145a2ac@group-E2152A48AE85, cid=3749, SUCCESS, logIndex=5660, commits[fd4515e9-84f2-4741-b1f5-a9247145a2ac:c5661, 2e3e112c-ad01-4834-a07e-d6d8a7947632:c5656, dfee02f7-0d20-4e08-8ecd-ebe087394a07:c5658]
2019-07-08 20:10:17,289 INFO  client.GrpcClientProtocolClient (GrpcClientProtocolClient.java:onNext(255)) - client-83AFC0B42279->fd4515e9-84f2-4741-b1f5-a9247145a2ac: receive RaftClientReply:client-83AFC0B42279->fd4515e9-84f2-4741-b1f5-a9247145a2ac@group-E2152A48AE85, cid=3750, SUCCESS, logIndex=5661, commits[fd4515e9-84f2-4741-b1f5-a9247145a2ac:c5661, 2e3e112c-ad01-4834-a07e-d6d8a7947632:c5656, dfee02f7-0d20-4e08-8ecd-ebe087394a07:c5658]
 0.00% |█                                                                                                    |  0/1 Time: 0:00:562019-07-08 20:10:17,706 WARN  server.GrpcLogAppender (GrpcLogAppender.java:timeoutAppendRequest(200)) - GrpcLogAppender(fd4515e9-84f2-4741-b1f5-a9247145a2ac->2e3e112c-ad01-4834-a07e-d6d8a7947632): appendEntries Timeout, request=fd4515e9-84f2-4741-b1f5-a9247145a2ac->2e3e112c-ad01-4834-a07e-d6d8a7947632#5737-t1, previous=(t:1, i:5661), leaderCommit=5658, initializing? false, entries: <empty>
2019-07-08 20:10:18,205 WARN  server.GrpcLogAppender (GrpcLogAppender.java:onNextImpl(250)) - org.apache.ratis.grpc.server.GrpcLogAppender$AppendLogResponseHandler@2b117c63: Request not found, ignoring reply: fd4515e9-84f2-4741-b1f5-a9247145a2ac<-2e3e112c-ad01-4834-a07e-d6d8a7947632#5731:OK,SUCCESS,nextIndex:5661,term:1,followerCommit:5659
2019-07-08 20:10:18,206 WARN  server.GrpcLogAppender (GrpcLogAppender.java:onNextImpl(250)) - org.apache.ratis.grpc.server.GrpcLogAppender$AppendLogResponseHandler@2b117c63: Request not found, ignoring reply: fd4515e9-84f2-4741-b1f5-a9247145a2ac<-2e3e112c-ad01-4834-a07e-d6d8a7947632#5732:OK,SUCCESS,nextIndex:5662,term:1,followerCommit:5659
2019-07-08 20:10:18,206 WARN  server.GrpcLogAppender (GrpcLogAppender.java:onNextImpl(250)) - org.apache.ratis.grpc.server.GrpcLogAppender$AppendLogResponseHandler@2b117c63: Request not found, ignoring reply: fd4515e9-84f2-4741-b1f5-a9247145a2ac<-2e3e112c-ad01-4834-a07e-d6d8a7947632#5733:OK,SUCCESS,nextIndex:5662,term:1,followerCommit:5658
2019-07-08 20:10:18,206 WARN  server.GrpcLogAppender (GrpcLogAppender.java:onNextImpl(250)) - org.apache.ratis.grpc.server.GrpcLogAppender$AppendLogResponseHandler@2b117c63: Request not found, ignoring reply: fd4515e9-84f2-4741-b1f5-a9247145a2ac<-2e3e112c-ad01-4834-a07e-d6d8a7947632#5734:OK,SUCCESS,nextIndex:5662,term:1,followerCommit:5658
2019-07-08 20:10:18,207 WARN  server.GrpcLogAppender (GrpcLogAppender.java:onNextImpl(250)) - org.apache.ratis.grpc.server.GrpcLogAppender$AppendLogResponseHandler@2b117c63: Request not found, ignoring reply: fd4515e9-84f2-4741-b1f5-a9247145a2ac<-2e3e112c-ad01-4834-a07e-d6d8a7947632#5735:OK,SUCCESS,nextIndex:5662,term:1,followerCommit:5658
2019-07-08 20:10:18,207 WARN  server.GrpcLogAppender (GrpcLogAppender.java:onNextImpl(250)) - org.apache.ratis.grpc.server.GrpcLogAppender$AppendLogResponseHandler@2b117c63: Request not found, ignoring reply: fd4515e9-84f2-4741-b1f5-a9247145a2ac<-2e3e112c-ad01-4834-a07e-d6d8a7947632#5736:OK,SUCCESS,nextIndex:5662,term:1,followerCommit:5658
2019-07-08 20:10:18,207 WARN  server.GrpcLogAppender (GrpcLogAppender.java:onNextImpl(250)) - org.apache.ratis.grpc.server.GrpcLogAppender$AppendLogResponseHandler@2b117c63: Request not found, ignoring reply: fd4515e9-84f2-4741-b1f5-a9247145a2ac<-2e3e112c-ad01-4834-a07e-d6d8a7947632#5737:OK,SUCCESS,nextIndex:5662,term:1,followerCommit:5658
2019-07-08 20:10:18,212 INFO  client.GrpcClientProtocolClient (GrpcClientProtocolClient.java:onNext(255)) - client-83AFC0B42279->fd4515e9-84f2-4741-b1f5-a9247145a2ac: receive RaftClientReply:client-83AFC0B42279->fd4515e9-84f2-4741-b1f5-a9247145a2ac@group-E2152A48AE85, cid=3751, SUCCESS, logIndex=0, commits[fd4515e9-84f2-4741-b1f5-a9247145a2ac:c5662, 2e3e112c-ad01-4834-a07e-d6d8a7947632:c5658, dfee02f7-0d20-4e08-8ecd-ebe087394a07:c5661]
 0.00% |█                                                                                                    |  0/1 Time: 0:00:57 0.00% |█                                                                                                    |  0/1 Time: 0:00:582019-07-08 20:10:20,146 WARN  server.GrpcLogAppender (GrpcLogAppender.java:timeoutAppendRequest(200)) - GrpcLogAppender(fd4515e9-84f2-4741-b1f5-a9247145a2ac->2e3e112c-ad01-4834-a07e-d6d8a7947632): appendEntries Timeout, request=fd4515e9-84f2-4741-b1f5-a9247145a2ac->2e3e112c-ad01-4834-a07e-d6d8a7947632#5742-t1, previous=(t:1, i:5661), leaderCommit=5661, initializing? false, entries: size=1, first=(t:1, i:5662), METADATAENTRY(c5661)
 0.00% |█                                                                                                    |  0/1 Time: 0:00:592019-07-08 20:10:20,646 WARN  server.GrpcLogAppender (GrpcLogAppender.java:timeoutAppendRequest(200)) - GrpcLogAppender(fd4515e9-84f2-4741-b1f5-a9247145a2ac->2e3e112c-ad01-4834-a07e-d6d8a7947632): appendEntries Timeout, request=fd4515e9-84f2-4741-b1f5-a9247145a2ac->2e3e112c-ad01-4834-a07e-d6d8a7947632#5743-t1, previous=(t:1, i:5662), leaderCommit=5661, initializing? false, entries: <empty>
2019-07-08 20:10:21,146 WARN  server.GrpcLogAppender (GrpcLogAppender.java:timeoutAppendRequest(200)) - GrpcLogAppender(fd4515e9-84f2-4741-b1f5-a9247145a2ac->2e3e112c-ad01-4834-a07e-d6d8a7947632): appendEntries Timeout, request=fd4515e9-84f2-4741-b1f5-a9247145a2ac->2e3e112c-ad01-4834-a07e-d6d8a7947632#5744-t1, previous=(t:1, i:5662), leaderCommit=5661, initializing? false, entries: <empty>
 0.00% |█                                                                                                    |  0/1 Time: 0:01:002019-07-08 20:10:21,711 WARN  server.GrpcLogAppender (GrpcLogAppender.java:timeoutAppendRequest(200)) - GrpcLogAppender(fd4515e9-84f2-4741-b1f5-a9247145a2ac->2e3e112c-ad01-4834-a07e-d6d8a7947632): appendEntries Timeout, request=fd4515e9-84f2-4741-b1f5-a9247145a2ac->2e3e112c-ad01-4834-a07e-d6d8a7947632#5745-t1, previous=(t:1, i:5662), leaderCommit=5662, initializing? false, entries: <empty>
2019-07-08 20:10:22,214 WARN  server.GrpcLogAppender (GrpcLogAppender.java:timeoutAppendRequest(200)) - GrpcLogAppender(fd4515e9-84f2-4741-b1f5-a9247145a2ac->2e3e112c-ad01-4834-a07e-d6d8a7947632): appendEntries Timeout, request=fd4515e9-84f2-4741-b1f5-a9247145a2ac->2e3e112c-ad01-4834-a07e-d6d8a7947632#5746-t1, previous=(t:1, i:5662), leaderCommit=5662, initializing? false, entries: <empty>
 0.00% |█                                                                                                    |  0/1 Time: 0:01:012019-07-08 20:10:22,714 WARN  server.GrpcLogAppender (GrpcLogAppender.java:timeoutAppendRequest(200)) - GrpcLogAppender(fd4515e9-84f2-4741-b1f5-a9247145a2ac->2e3e112c-ad01-4834-a07e-d6d8a7947632): appendEntries Timeout, request=fd4515e9-84f2-4741-b1f5-a9247145a2ac->2e3e112c-ad01-4834-a07e-d6d8a7947632#5747-t1, previous=(t:1, i:5662), leaderCommit=5662, initializing? false, entries: <empty>
2019-07-08 20:10:22,846 WARN  server.GrpcLogAppender (GrpcLogAppender.java:onNextImpl(250)) - org.apache.ratis.grpc.server.GrpcLogAppender$AppendLogResponseHandler@2b117c63: Request not found, ignoring reply: fd4515e9-84f2-4741-b1f5-a9247145a2ac<-2e3e112c-ad01-4834-a07e-d6d8a7947632#5742:OK,SUCCESS,nextIndex:5663,term:1,followerCommit:5661
2019-07-08 20:10:22,847 WARN  server.GrpcLogAppender (GrpcLogAppender.java:onNextImpl(250)) - org.apache.ratis.grpc.server.GrpcLogAppender$AppendLogResponseHandler@2b117c63: Request not found, ignoring reply: fd4515e9-84f2-4741-b1f5-a9247145a2ac<-2e3e112c-ad01-4834-a07e-d6d8a7947632#5743:OK,SUCCESS,nextIndex:5663,term:1,followerCommit:5659
2019-07-08 20:10:22,847 WARN  server.GrpcLogAppender (GrpcLogAppender.java:onNextImpl(250)) - org.apache.ratis.grpc.server.GrpcLogAppender$AppendLogResponseHandler@2b117c63: Request not found, ignoring reply: fd4515e9-84f2-4741-b1f5-a9247145a2ac<-2e3e112c-ad01-4834-a07e-d6d8a7947632#5744:OK,SUCCESS,nextIndex:5663,term:1,followerCommit:5659
2019-07-08 20:10:22,847 WARN  server.GrpcLogAppender (GrpcLogAppender.java:onNextImpl(250)) - org.apache.ratis.grpc.server.GrpcLogAppender$AppendLogResponseHandler@2b117c63: Request not found, ignoring reply: fd4515e9-84f2-4741-b1f5-a9247145a2ac<-2e3e112c-ad01-4834-a07e-d6d8a7947632#5745:OK,SUCCESS,nextIndex:5663,term:1,followerCommit:5661
2019-07-08 20:10:22,847 WARN  server.GrpcLogAppender (GrpcLogAppender.java:onNextImpl(250)) - org.apache.ratis.grpc.server.GrpcLogAppender$AppendLogResponseHandler@2b117c63: Request not found, ignoring reply: fd4515e9-84f2-4741-b1f5-a9247145a2ac<-2e3e112c-ad01-4834-a07e-d6d8a7947632#5746:OK,SUCCESS,nextIndex:5663,term:1,followerCommit:5661
2019-07-08 20:10:22,848 WARN  server.GrpcLogAppender (GrpcLogAppender.java:onNextImpl(250)) - org.apache.ratis.grpc.server.GrpcLogAppender$AppendLogResponseHandler@2b117c63: Request not found, ignoring reply: fd4515e9-84f2-4741-b1f5-a9247145a2ac<-2e3e112c-ad01-4834-a07e-d6d8a7947632#5747:OK,SUCCESS,nextIndex:5663,term:1,followerCommit:5661
2019-07-08 20:10:22,850 INFO  client.GrpcClientProtocolClient (GrpcClientProtocolClient.java:onNext(255)) - client-83AFC0B42279->fd4515e9-84f2-4741-b1f5-a9247145a2ac: receive RaftClientReply:client-83AFC0B42279->fd4515e9-84f2-4741-b1f5-a9247145a2ac@group-E2152A48AE85, cid=3752, SUCCESS, logIndex=0, commits[fd4515e9-84f2-4741-b1f5-a9247145a2ac:c5662, 2e3e112c-ad01-4834-a07e-d6d8a7947632:c5661, dfee02f7-0d20-4e08-8ecd-ebe087394a07:c5662]
2019-07-08 20:10:22,850 INFO  client.GrpcClientProtocolClient (GrpcClientProtocolClient.java:onNext(255)) - client-83AFC0B42279->fd4515e9-84f2-4741-b1f5-a9247145a2ac: receive RaftClientReply:client-83AFC0B42279->fd4515e9-84f2-4741-b1f5-a9247145a2ac@group-E2152A48AE85, cid=3752, SUCCESS, logIndex=0, commits[fd4515e9-84f2-4741-b1f5-a9247145a2ac:c5662, 2e3e112c-ad01-4834-a07e-d6d8a7947632:c5661, dfee02f7-0d20-4e08-8ecd-ebe087394a07:c5662]
2019-07-08 20:10:22,915 INFO  client.GrpcClientProtocolClient (GrpcClientProtocolClient.java:onNext(255)) - client-5029691FAC28->dfee02f7-0d20-4e08-8ecd-ebe087394a07: receive RaftClientReply:client-5029691FAC28->dfee02f7-0d20-4e08-8ecd-ebe087394a07@group-E2152A48AE85, cid=3753, FAILED org.apache.ratis.protocol.NotLeaderException: Server dfee02f7-0d20-4e08-8ecd-ebe087394a07 is not the leader (fd4515e9-84f2-4741-b1f5-a9247145a2ac:192.168.69.103:40680). Request must be sent to leader., logIndex=0, commits[dfee02f7-0d20-4e08-8ecd-ebe087394a07:c5662, fd4515e9-84f2-4741-b1f5-a9247145a2ac:c5662, 2e3e112c-ad01-4834-a07e-d6d8a7947632:c5658]
 0.00% |█                                                                                                    |  0/1 Time: 0:01:02 0.00% |█                                                                                                    |  0/1 Time: 0:01:032019-07-08 20:10:25,298 INFO  client.GrpcClientProtocolClient (GrpcClientProtocolClient.java:onNext(255)) - client-5029691FAC28->fd4515e9-84f2-4741-b1f5-a9247145a2ac: receive RaftClientReply:client-5029691FAC28->fd4515e9-84f2-4741-b1f5-a9247145a2ac@group-E2152A48AE85, cid=3753, SUCCESS, logIndex=5663, commits[fd4515e9-84f2-4741-b1f5-a9247145a2ac:c5663, 2e3e112c-ad01-4834-a07e-d6d8a7947632:c5662, dfee02f7-0d20-4e08-8ecd-ebe087394a07:c5662]
 0.00% |█                                                                                                    |  0/1 Time: 0:01:04 0.00% |█                                                                                                    |  0/1 Time: 0:01:05 0.00% |█                                                                                                    |  0/1 Time: 0:01:062019-07-08 20:10:28,306 WARN  server.GrpcLogAppender (GrpcLogAppender.java:timeoutAppendRequest(200)) - GrpcLogAppender(fd4515e9-84f2-4741-b1f5-a9247145a2ac->2e3e112c-ad01-4834-a07e-d6d8a7947632): appendEntries Timeout, request=fd4515e9-84f2-4741-b1f5-a9247145a2ac->2e3e112c-ad01-4834-a07e-d6d8a7947632#5759-t1, previous=(t:1, i:5664), leaderCommit=5663, initializing? false, entries: size=1, first=(t:1, i:5665), STATEMACHINELOGENTRY, client-5029691FAC28, cid=3754
2019-07-08 20:10:28,306 WARN  server.GrpcLogAppender (GrpcLogAppender.java:timeoutAppendRequest(200)) - GrpcLogAppender(fd4515e9-84f2-4741-b1f5-a9247145a2ac->dfee02f7-0d20-4e08-8ecd-ebe087394a07): appendEntries Timeout, request=fd4515e9-84f2-4741-b1f5-a9247145a2ac->dfee02f7-0d20-4e08-8ecd-ebe087394a07#5759-t1, previous=(t:1, i:5664), leaderCommit=5663, initializing? false, entries: size=1, first=(t:1, i:5665), STATEMACHINELOGENTRY, client-5029691FAC28, cid=3754
2019-07-08 20:10:28,310 WARN  server.GrpcLogAppender (GrpcLogAppender.java:timeoutAppendRequest(200)) - GrpcLogAppender(fd4515e9-84f2-4741-b1f5-a9247145a2ac->2e3e112c-ad01-4834-a07e-d6d8a7947632): appendEntries Timeout, request=fd4515e9-84f2-4741-b1f5-a9247145a2ac->2e3e112c-ad01-4834-a07e-d6d8a7947632#5760-t1, previous=(t:1, i:5665), leaderCommit=5664, initializing? false, entries: size=1, first=(t:1, i:5666), STATEMACHINELOGENTRY, client-5029691FAC28, cid=3755
2019-07-08 20:10:28,310 WARN  server.GrpcLogAppender (GrpcLogAppender.java:timeoutAppendRequest(200)) - GrpcLogAppender(fd4515e9-84f2-4741-b1f5-a9247145a2ac->dfee02f7-0d20-4e08-8ecd-ebe087394a07): appendEntries Timeout, request=fd4515e9-84f2-4741-b1f5-a9247145a2ac->dfee02f7-0d20-4e08-8ecd-ebe087394a07#5760-t1, previous=(t:1, i:5665), leaderCommit=5664, initializing? false, entries: size=1, first=(t:1, i:5666), STATEMACHINELOGENTRY, client-5029691FAC28, cid=3755
2019-07-08 20:10:28,310 WARN  server.GrpcLogAppender (GrpcLogAppender.java:timeoutAppendRequest(200)) - GrpcLogAppender(fd4515e9-84f2-4741-b1f5-a9247145a2ac->2e3e112c-ad01-4834-a07e-d6d8a7947632): appendEntries Timeout, request=fd4515e9-84f2-4741-b1f5-a9247145a2ac->2e3e112c-ad01-4834-a07e-d6d8a7947632#5761-t1, previous=(t:1, i:5666), leaderCommit=5664, initializing? false, entries: size=1, first=(t:1, i:5667), STATEMACHINELOGENTRY, client-5029691FAC28, cid=3756
2019-07-08 20:10:28,310 WARN  server.GrpcLogAppender (GrpcLogAppender.java:timeoutAppendRequest(200)) - GrpcLogAppender(fd4515e9-84f2-4741-b1f5-a9247145a2ac->dfee02f7-0d20-4e08-8ecd-ebe087394a07): appendEntries Timeout, request=fd4515e9-84f2-4741-b1f5-a9247145a2ac->dfee02f7-0d20-4e08-8ecd-ebe087394a07#5761-t1, previous=(t:1, i:5666), leaderCommit=5664, initializing? false, entries: size=1, first=(t:1, i:5667), STATEMACHINELOGENTRY, client-5029691FAC28, cid=3756
 0.00% |█                                                                                                    |  0/1 Time: 0:01:072019-07-08 20:10:28,810 WARN  server.GrpcLogAppender (GrpcLogAppender.java:timeoutAppendRequest(200)) - GrpcLogAppender(fd4515e9-84f2-4741-b1f5-a9247145a2ac->2e3e112c-ad01-4834-a07e-d6d8a7947632): appendEntries Timeout, request=fd4515e9-84f2-4741-b1f5-a9247145a2ac->2e3e112c-ad01-4834-a07e-d6d8a7947632#5762-t1, previous=(t:1, i:5667), leaderCommit=5664, initializing? false, entries: <empty>
2019-07-08 20:10:28,810 WARN  server.GrpcLogAppender (GrpcLogAppender.java:timeoutAppendRequest(200)) - GrpcLogAppender(fd4515e9-84f2-4741-b1f5-a9247145a2ac->dfee02f7-0d20-4e08-8ecd-ebe087394a07): appendEntries Timeout, request=fd4515e9-84f2-4741-b1f5-a9247145a2ac->dfee02f7-0d20-4e08-8ecd-ebe087394a07#5762-t1, previous=(t:1, i:5667), leaderCommit=5664, initializing? false, entries: <empty>
2019-07-08 20:10:28,945 WARN  server.GrpcLogAppender (GrpcLogAppender.java:onNextImpl(250)) - org.apache.ratis.grpc.server.GrpcLogAppender$AppendLogResponseHandler@412d358: Request not found, ignoring reply: fd4515e9-84f2-4741-b1f5-a9247145a2ac<-dfee02f7-0d20-4e08-8ecd-ebe087394a07#5759:OK,SUCCESS,nextIndex:5666,term:1,followerCommit:5664
2019-07-08 20:10:29,311 WARN  server.GrpcLogAppender (GrpcLogAppender.java:timeoutAppendRequest(200)) - GrpcLogAppender(fd4515e9-84f2-4741-b1f5-a9247145a2ac->dfee02f7-0d20-4e08-8ecd-ebe087394a07): appendEntries Timeout, request=fd4515e9-84f2-4741-b1f5-a9247145a2ac->dfee02f7-0d20-4e08-8ecd-ebe087394a07#5763-t1, previous=(t:1, i:5667), leaderCommit=5664, initializing? false, entries: <empty>
2019-07-08 20:10:29,311 WARN  server.GrpcLogAppender (GrpcLogAppender.java:timeoutAppendRequest(200)) - GrpcLogAppender(fd4515e9-84f2-4741-b1f5-a9247145a2ac->2e3e112c-ad01-4834-a07e-d6d8a7947632): appendEntries Timeout, request=fd4515e9-84f2-4741-b1f5-a9247145a2ac->2e3e112c-ad01-4834-a07e-d6d8a7947632#5763-t1, previous=(t:1, i:5667), leaderCommit=5664, initializing? false, entries: <empty>
 0.00% |█                                                                                                    |  0/1 Time: 0:01:082019-07-08 20:10:29,810 WARN  server.GrpcLogAppender (GrpcLogAppender.java:timeoutAppendRequest(200)) - GrpcLogAppender(fd4515e9-84f2-4741-b1f5-a9247145a2ac->2e3e112c-ad01-4834-a07e-d6d8a7947632): appendEntries Timeout, request=fd4515e9-84f2-4741-b1f5-a9247145a2ac->2e3e112c-ad01-4834-a07e-d6d8a7947632#5764-t1, previous=(t:1, i:5667), leaderCommit=5664, initializing? false, entries: <empty>
2019-07-08 20:10:29,811 WARN  server.GrpcLogAppender (GrpcLogAppender.java:timeoutAppendRequest(200)) - GrpcLogAppender(fd4515e9-84f2-4741-b1f5-a9247145a2ac->dfee02f7-0d20-4e08-8ecd-ebe087394a07): appendEntries Timeout, request=fd4515e9-84f2-4741-b1f5-a9247145a2ac->dfee02f7-0d20-4e08-8ecd-ebe087394a07#5764-t1, previous=(t:1, i:5667), leaderCommit=5664, initializing? false, entries: <empty>
2019-07-08 20:10:30,313 WARN  server.GrpcLogAppender (GrpcLogAppender.java:timeoutAppendRequest(200)) - GrpcLogAppender(fd4515e9-84f2-4741-b1f5-a9247145a2ac->2e3e112c-ad01-4834-a07e-d6d8a7947632): appendEntries Timeout, request=fd4515e9-84f2-4741-b1f5-a9247145a2ac->2e3e112c-ad01-4834-a07e-d6d8a7947632#5765-t1, previous=(t:1, i:5667), leaderCommit=5664, initializing? false, entries: <empty>
2019-07-08 20:10:30,313 WARN  server.GrpcLogAppender (GrpcLogAppender.java:timeoutAppendRequest(200)) - GrpcLogAppender(fd4515e9-84f2-4741-b1f5-a9247145a2ac->dfee02f7-0d20-4e08-8ecd-ebe087394a07): appendEntries Timeout, request=fd4515e9-84f2-4741-b1f5-a9247145a2ac->dfee02f7-0d20-4e08-8ecd-ebe087394a07#5765-t1, previous=(t:1, i:5667), leaderCommit=5664, initializing? false, entries: <empty>
2019-07-08 20:10:30,338 INFO  client.GrpcClientProtocolClient (GrpcClientProtocolClient.java:onNext(255)) - client-5029691FAC28->dfee02f7-0d20-4e08-8ecd-ebe087394a07: receive RaftClientReply:client-5029691FAC28->dfee02f7-0d20-4e08-8ecd-ebe087394a07@group-E2152A48AE85, cid=3754, FAILED org.apache.ratis.protocol.NotLeaderException: Server dfee02f7-0d20-4e08-8ecd-ebe087394a07 is not the leader (fd4515e9-84f2-4741-b1f5-a9247145a2ac:192.168.69.103:40680). Request must be sent to leader., logIndex=0, commits[dfee02f7-0d20-4e08-8ecd-ebe087394a07:c5664, fd4515e9-84f2-4741-b1f5-a9247145a2ac:c5664, 2e3e112c-ad01-4834-a07e-d6d8a7947632:c5663]
 0.00% |█                                                                                                    |  0/1 Time: 0:01:092019-07-08 20:10:30,711 WARN  server.GrpcLogAppender (GrpcLogAppender.java:onNextImpl(250)) - org.apache.ratis.grpc.server.GrpcLogAppender$AppendLogResponseHandler@2b117c63: Request not found, ignoring reply: fd4515e9-84f2-4741-b1f5-a9247145a2ac<-2e3e112c-ad01-4834-a07e-d6d8a7947632#5759:OK,SUCCESS,nextIndex:5666,term:1,followerCommit:5664
2019-07-08 20:10:30,713 WARN  server.GrpcLogAppender (GrpcLogAppender.java:onNextImpl(250)) - org.apache.ratis.grpc.server.GrpcLogAppender$AppendLogResponseHandler@412d358: Request not found, ignoring reply: fd4515e9-84f2-4741-b1f5-a9247145a2ac<-dfee02f7-0d20-4e08-8ecd-ebe087394a07#5760:OK,SUCCESS,nextIndex:5667,term:1,followerCommit:5664
2019-07-08 20:10:30,713 WARN  server.GrpcLogAppender (GrpcLogAppender.java:onNextImpl(250)) - org.apache.ratis.grpc.server.GrpcLogAppender$AppendLogResponseHandler@412d358: Request not found, ignoring reply: fd4515e9-84f2-4741-b1f5-a9247145a2ac<-dfee02f7-0d20-4e08-8ecd-ebe087394a07#5761:OK,SUCCESS,nextIndex:5668,term:1,followerCommit:5664
2019-07-08 20:10:30,713 WARN  server.GrpcLogAppender (GrpcLogAppender.java:onNextImpl(250)) - org.apache.ratis.grpc.server.GrpcLogAppender$AppendLogResponseHandler@412d358: Request not found, ignoring reply: fd4515e9-84f2-4741-b1f5-a9247145a2ac<-dfee02f7-0d20-4e08-8ecd-ebe087394a07#5762:OK,SUCCESS,nextIndex:5668,term:1,followerCommit:5664
2019-07-08 20:10:30,713 WARN  server.GrpcLogAppender (GrpcLogAppender.java:onNextImpl(250)) - org.apache.ratis.grpc.server.GrpcLogAppender$AppendLogResponseHandler@412d358: Request not found, ignoring reply: fd4515e9-84f2-4741-b1f5-a9247145a2ac<-dfee02f7-0d20-4e08-8ecd-ebe087394a07#5763:OK,SUCCESS,nextIndex:5668,term:1,followerCommit:5664
2019-07-08 20:10:30,714 WARN  server.GrpcLogAppender (GrpcLogAppender.java:onNextImpl(250)) - org.apache.ratis.grpc.server.GrpcLogAppender$AppendLogResponseHandler@412d358: Request not found, ignoring reply: fd4515e9-84f2-4741-b1f5-a9247145a2ac<-dfee02f7-0d20-4e08-8ecd-ebe087394a07#5764:OK,SUCCESS,nextIndex:5668,term:1,followerCommit:5664
2019-07-08 20:10:30,714 WARN  server.GrpcLogAppender (GrpcLogAppender.java:onNextImpl(250)) - org.apache.ratis.grpc.server.GrpcLogAppender$AppendLogResponseHandler@412d358: Request not found, ignoring reply: fd4515e9-84f2-4741-b1f5-a9247145a2ac<-dfee02f7-0d20-4e08-8ecd-ebe087394a07#5765:OK,SUCCESS,nextIndex:5668,term:1,followerCommit:5664
2019-07-08 20:10:30,729 INFO  client.GrpcClientProtocolClient (GrpcClientProtocolClient.java:onNext(255)) - client-5029691FAC28->fd4515e9-84f2-4741-b1f5-a9247145a2ac: receive RaftClientReply:client-5029691FAC28->fd4515e9-84f2-4741-b1f5-a9247145a2ac@group-E2152A48AE85, cid=3754, SUCCESS, logIndex=5665, commits[fd4515e9-84f2-4741-b1f5-a9247145a2ac:c5665, 2e3e112c-ad01-4834-a07e-d6d8a7947632:c5663, dfee02f7-0d20-4e08-8ecd-ebe087394a07:c5664]
2019-07-08 20:10:30,744 INFO  client.GrpcClientProtocolClient (GrpcClientProtocolClient.java:onNext(255)) - client-5029691FAC28->fd4515e9-84f2-4741-b1f5-a9247145a2ac: receive RaftClientReply:client-5029691FAC28->fd4515e9-84f2-4741-b1f5-a9247145a2ac@group-E2152A48AE85, cid=3755, SUCCESS, logIndex=5666, commits[fd4515e9-84f2-4741-b1f5-a9247145a2ac:c5667, 2e3e112c-ad01-4834-a07e-d6d8a7947632:c5663, dfee02f7-0d20-4e08-8ecd-ebe087394a07:c5664]
2019-07-08 20:10:30,744 INFO  client.GrpcClientProtocolClient (GrpcClientProtocolClient.java:onNext(255)) - client-5029691FAC28->fd4515e9-84f2-4741-b1f5-a9247145a2ac: receive RaftClientReply:client-5029691FAC28->fd4515e9-84f2-4741-b1f5-a9247145a2ac@group-E2152A48AE85, cid=3756, SUCCESS, logIndex=5667, commits[fd4515e9-84f2-4741-b1f5-a9247145a2ac:c5667, 2e3e112c-ad01-4834-a07e-d6d8a7947632:c5663, dfee02f7-0d20-4e08-8ecd-ebe087394a07:c5664]
2019-07-08 20:10:30,813 WARN  server.GrpcLogAppender (GrpcLogAppender.java:timeoutAppendRequest(200)) - GrpcLogAppender(fd4515e9-84f2-4741-b1f5-a9247145a2ac->2e3e112c-ad01-4834-a07e-d6d8a7947632): appendEntries Timeout, request=fd4515e9-84f2-4741-b1f5-a9247145a2ac->2e3e112c-ad01-4834-a07e-d6d8a7947632#5766-t1, previous=(t:1, i:5667), leaderCommit=5664, initializing? false, entries: <empty>
2019-07-08 20:10:31,314 WARN  server.GrpcLogAppender (GrpcLogAppender.java:timeoutAppendRequest(200)) - GrpcLogAppender(fd4515e9-84f2-4741-b1f5-a9247145a2ac->2e3e112c-ad01-4834-a07e-d6d8a7947632): appendEntries Timeout, request=fd4515e9-84f2-4741-b1f5-a9247145a2ac->2e3e112c-ad01-4834-a07e-d6d8a7947632#5767-t1, previous=(t:1, i:5667), leaderCommit=5664, initializing? false, entries: <empty>
 0.00% |█                                                                                                    |  0/1 Time: 0:01:102019-07-08 20:10:31,814 WARN  server.GrpcLogAppender (GrpcLogAppender.java:timeoutAppendRequest(200)) - GrpcLogAppender(fd4515e9-84f2-4741-b1f5-a9247145a2ac->2e3e112c-ad01-4834-a07e-d6d8a7947632): appendEntries Timeout, request=fd4515e9-84f2-4741-b1f5-a9247145a2ac->2e3e112c-ad01-4834-a07e-d6d8a7947632#5768-t1, previous=(t:1, i:5667), leaderCommit=5664, initializing? false, entries: <empty>
2019-07-08 20:10:32,315 WARN  server.GrpcLogAppender (GrpcLogAppender.java:timeoutAppendRequest(200)) - GrpcLogAppender(fd4515e9-84f2-4741-b1f5-a9247145a2ac->2e3e112c-ad01-4834-a07e-d6d8a7947632): appendEntries Timeout, request=fd4515e9-84f2-4741-b1f5-a9247145a2ac->2e3e112c-ad01-4834-a07e-d6d8a7947632#5769-t1, previous=(t:1, i:5667), leaderCommit=5664, initializing? false, entries: <empty>
 0.00% |█                                                                                                    |  0/1 Time: 0:01:112019-07-08 20:10:32,815 WARN  server.GrpcLogAppender (GrpcLogAppender.java:timeoutAppendRequest(200)) - GrpcLogAppender(fd4515e9-84f2-4741-b1f5-a9247145a2ac->2e3e112c-ad01-4834-a07e-d6d8a7947632): appendEntries Timeout, request=fd4515e9-84f2-4741-b1f5-a9247145a2ac->2e3e112c-ad01-4834-a07e-d6d8a7947632#5770-t1, previous=(t:1, i:5667), leaderCommit=5664, initializing? false, entries: <empty>
2019-07-08 20:10:33,315 WARN  server.GrpcLogAppender (GrpcLogAppender.java:timeoutAppendRequest(200)) - GrpcLogAppender(fd4515e9-84f2-4741-b1f5-a9247145a2ac->2e3e112c-ad01-4834-a07e-d6d8a7947632): appendEntries Timeout, request=fd4515e9-84f2-4741-b1f5-a9247145a2ac->2e3e112c-ad01-4834-a07e-d6d8a7947632#5771-t1, previous=(t:1, i:5667), leaderCommit=5664, initializing? false, entries: <empty>
 0.00% |█                                                                                                    |  0/1 Time: 0:01:122019-07-08 20:10:33,617 WARN  server.GrpcLogAppender (GrpcLogAppender.java:onNextImpl(250)) - org.apache.ratis.grpc.server.GrpcLogAppender$AppendLogResponseHandler@2b117c63: Request not found, ignoring reply: fd4515e9-84f2-4741-b1f5-a9247145a2ac<-2e3e112c-ad01-4834-a07e-d6d8a7947632#5760:OK,SUCCESS,nextIndex:5667,term:1,followerCommit:5665
2019-07-08 20:10:33,617 WARN  server.GrpcLogAppender (GrpcLogAppender.java:onNextImpl(250)) - org.apache.ratis.grpc.server.GrpcLogAppender$AppendLogResponseHandler@2b117c63: Request not found, ignoring reply: fd4515e9-84f2-4741-b1f5-a9247145a2ac<-2e3e112c-ad01-4834-a07e-d6d8a7947632#5761:OK,SUCCESS,nextIndex:5668,term:1,followerCommit:5665
2019-07-08 20:10:33,617 WARN  server.GrpcLogAppender (GrpcLogAppender.java:onNextImpl(250)) - org.apache.ratis.grpc.server.GrpcLogAppender$AppendLogResponseHandler@2b117c63: Request not found, ignoring reply: fd4515e9-84f2-4741-b1f5-a9247145a2ac<-2e3e112c-ad01-4834-a07e-d6d8a7947632#5762:OK,SUCCESS,nextIndex:5668,term:1,followerCommit:5664
2019-07-08 20:10:33,617 WARN  server.GrpcLogAppender (GrpcLogAppender.java:onNextImpl(250)) - org.apache.ratis.grpc.server.GrpcLogAppender$AppendLogResponseHandler@2b117c63: Request not found, ignoring reply: fd4515e9-84f2-4741-b1f5-a9247145a2ac<-2e3e112c-ad01-4834-a07e-d6d8a7947632#5763:OK,SUCCESS,nextIndex:5668,term:1,followerCommit:5664
2019-07-08 20:10:33,618 WARN  server.GrpcLogAppender (GrpcLogAppender.java:onNextImpl(250)) - org.apache.ratis.grpc.server.GrpcLogAppender$AppendLogResponseHandler@2b117c63: Request not found, ignoring reply: fd4515e9-84f2-4741-b1f5-a9247145a2ac<-2e3e112c-ad01-4834-a07e-d6d8a7947632#5764:OK,SUCCESS,nextIndex:5668,term:1,followerCommit:5664
2019-07-08 20:10:33,618 WARN  server.GrpcLogAppender (GrpcLogAppender.java:onNextImpl(250)) - org.apache.ratis.grpc.server.GrpcLogAppender$AppendLogResponseHandler@2b117c63: Request not found, ignoring reply: fd4515e9-84f2-4741-b1f5-a9247145a2ac<-2e3e112c-ad01-4834-a07e-d6d8a7947632#5765:OK,SUCCESS,nextIndex:5668,term:1,followerCommit:5664
2019-07-08 20:10:33,618 WARN  server.GrpcLogAppender (GrpcLogAppender.java:onNextImpl(250)) - org.apache.ratis.grpc.server.GrpcLogAppender$AppendLogResponseHandler@2b117c63: Request not found, ignoring reply: fd4515e9-84f2-4741-b1f5-a9247145a2ac<-2e3e112c-ad01-4834-a07e-d6d8a7947632#5766:OK,SUCCESS,nextIndex:5668,term:1,followerCommit:5664
2019-07-08 20:10:33,618 WARN  server.GrpcLogAppender (GrpcLogAppender.java:onNextImpl(250)) - org.apache.ratis.grpc.server.GrpcLogAppender$AppendLogResponseHandler@2b117c63: Request not found, ignoring reply: fd4515e9-84f2-4741-b1f5-a9247145a2ac<-2e3e112c-ad01-4834-a07e-d6d8a7947632#5767:OK,SUCCESS,nextIndex:5668,term:1,followerCommit:5664
2019-07-08 20:10:33,618 WARN  server.GrpcLogAppender (GrpcLogAppender.java:onNextImpl(250)) - org.apache.ratis.grpc.server.GrpcLogAppender$AppendLogResponseHandler@2b117c63: Request not found, ignoring reply: fd4515e9-84f2-4741-b1f5-a9247145a2ac<-2e3e112c-ad01-4834-a07e-d6d8a7947632#5768:OK,SUCCESS,nextIndex:5668,term:1,followerCommit:5664
2019-07-08 20:10:33,619 WARN  server.GrpcLogAppender (GrpcLogAppender.java:onNextImpl(250)) - org.apache.ratis.grpc.server.GrpcLogAppender$AppendLogResponseHandler@2b117c63: Request not found, ignoring reply: fd4515e9-84f2-4741-b1f5-a9247145a2ac<-2e3e112c-ad01-4834-a07e-d6d8a7947632#5769:OK,SUCCESS,nextIndex:5668,term:1,followerCommit:5664
2019-07-08 20:10:33,619 WARN  server.GrpcLogAppender (GrpcLogAppender.java:onNextImpl(250)) - org.apache.ratis.grpc.server.GrpcLogAppender$AppendLogResponseHandler@2b117c63: Request not found, ignoring reply: fd4515e9-84f2-4741-b1f5-a9247145a2ac<-2e3e112c-ad01-4834-a07e-d6d8a7947632#5770:OK,SUCCESS,nextIndex:5668,term:1,followerCommit:5664
2019-07-08 20:10:33,619 WARN  server.GrpcLogAppender (GrpcLogAppender.java:onNextImpl(250)) - org.apache.ratis.grpc.server.GrpcLogAppender$AppendLogResponseHandler@2b117c63: Request not found, ignoring reply: fd4515e9-84f2-4741-b1f5-a9247145a2ac<-2e3e112c-ad01-4834-a07e-d6d8a7947632#5771:OK,SUCCESS,nextIndex:5668,term:1,followerCommit:5664
2019-07-08 20:10:33,715 WARN  server.GrpcLogAppender (GrpcLogAppender.java:timeoutAppendRequest(200)) - GrpcLogAppender(fd4515e9-84f2-4741-b1f5-a9247145a2ac->2e3e112c-ad01-4834-a07e-d6d8a7947632): appendEntries Timeout, request=fd4515e9-84f2-4741-b1f5-a9247145a2ac->2e3e112c-ad01-4834-a07e-d6d8a7947632#5772-t1, previous=(t:1, i:5667), leaderCommit=5665, initializing? false, entries: size=1, first=(t:1, i:5668), METADATAENTRY(c5665)
2019-07-08 20:10:33,727 WARN  server.GrpcLogAppender (GrpcLogAppender.java:timeoutAppendRequest(200)) - GrpcLogAppender(fd4515e9-84f2-4741-b1f5-a9247145a2ac->2e3e112c-ad01-4834-a07e-d6d8a7947632): appendEntries Timeout, request=fd4515e9-84f2-4741-b1f5-a9247145a2ac->2e3e112c-ad01-4834-a07e-d6d8a7947632#5773-t1, previous=(t:1, i:5668), leaderCommit=5667, initializing? false, entries: size=1, first=(t:1, i:5669), METADATAENTRY(c5667)
2019-07-08 20:10:33,727 WARN  server.GrpcLogAppender (GrpcLogAppender.java:timeoutAppendRequest(200)) - GrpcLogAppender(fd4515e9-84f2-4741-b1f5-a9247145a2ac->dfee02f7-0d20-4e08-8ecd-ebe087394a07): appendEntries Timeout, request=fd4515e9-84f2-4741-b1f5-a9247145a2ac->dfee02f7-0d20-4e08-8ecd-ebe087394a07#5773-t1, previous=(t:1, i:5668), leaderCommit=5667, initializing? false, entries: size=1, first=(t:1, i:5669), METADATAENTRY(c5667)
2019-07-08 20:10:34,227 WARN  server.GrpcLogAppender (GrpcLogAppender.java:timeoutAppendRequest(200)) - GrpcLogAppender(fd4515e9-84f2-4741-b1f5-a9247145a2ac->2e3e112c-ad01-4834-a07e-d6d8a7947632): appendEntries Timeout, request=fd4515e9-84f2-4741-b1f5-a9247145a2ac->2e3e112c-ad01-4834-a07e-d6d8a7947632#5774-t1, previous=(t:1, i:5669), leaderCommit=5667, initializing? false, entries: <empty>
2019-07-08 20:10:34,227 WARN  server.GrpcLogAppender (GrpcLogAppender.java:timeoutAppendRequest(200)) - GrpcLogAppender(fd4515e9-84f2-4741-b1f5-a9247145a2ac->dfee02f7-0d20-4e08-8ecd-ebe087394a07): appendEntries Timeout, request=fd4515e9-84f2-4741-b1f5-a9247145a2ac->dfee02f7-0d20-4e08-8ecd-ebe087394a07#5774-t1, previous=(t:1, i:5669), leaderCommit=5667, initializing? false, entries: <empty>
 0.00% |█                                                                                                    |  0/1 Time: 0:01:132019-07-08 20:10:34,727 WARN  server.GrpcLogAppender (GrpcLogAppender.java:timeoutAppendRequest(200)) - GrpcLogAppender(fd4515e9-84f2-4741-b1f5-a9247145a2ac->2e3e112c-ad01-4834-a07e-d6d8a7947632): appendEntries Timeout, request=fd4515e9-84f2-4741-b1f5-a9247145a2ac->2e3e112c-ad01-4834-a07e-d6d8a7947632#5775-t1, previous=(t:1, i:5669), leaderCommit=5667, initializing? false, entries: <empty>
2019-07-08 20:10:34,728 WARN  server.GrpcLogAppender (GrpcLogAppender.java:timeoutAppendRequest(200)) - GrpcLogAppender(fd4515e9-84f2-4741-b1f5-a9247145a2ac->dfee02f7-0d20-4e08-8ecd-ebe087394a07): appendEntries Timeout, request=fd4515e9-84f2-4741-b1f5-a9247145a2ac->dfee02f7-0d20-4e08-8ecd-ebe087394a07#5775-t1, previous=(t:1, i:5669), leaderCommit=5667, initializing? false, entries: <empty>
2019-07-08 20:10:35,228 WARN  server.GrpcLogAppender (GrpcLogAppender.java:timeoutAppendRequest(200)) - GrpcLogAppender(fd4515e9-84f2-4741-b1f5-a9247145a2ac->2e3e112c-ad01-4834-a07e-d6d8a7947632): appendEntries Timeout, request=fd4515e9-84f2-4741-b1f5-a9247145a2ac->2e3e112c-ad01-4834-a07e-d6d8a7947632#5776-t1, previous=(t:1, i:5669), leaderCommit=5667, initializing? false, entries: <empty>
2019-07-08 20:10:35,228 WARN  server.GrpcLogAppender (GrpcLogAppender.java:timeoutAppendRequest(200)) - GrpcLogAppender(fd4515e9-84f2-4741-b1f5-a9247145a2ac->dfee02f7-0d20-4e08-8ecd-ebe087394a07): appendEntries Timeout, request=fd4515e9-84f2-4741-b1f5-a9247145a2ac->dfee02f7-0d20-4e08-8ecd-ebe087394a07#5776-t1, previous=(t:1, i:5669), leaderCommit=5667, initializing? false, entries: <empty>
 0.00% |█                                                                                                    |  0/1 Time: 0:01:142019-07-08 20:10:35,728 WARN  server.GrpcLogAppender (GrpcLogAppender.java:timeoutAppendRequest(200)) - GrpcLogAppender(fd4515e9-84f2-4741-b1f5-a9247145a2ac->2e3e112c-ad01-4834-a07e-d6d8a7947632): appendEntries Timeout, request=fd4515e9-84f2-4741-b1f5-a9247145a2ac->2e3e112c-ad01-4834-a07e-d6d8a7947632#5777-t1, previous=(t:1, i:5669), leaderCommit=5667, initializing? false, entries: <empty>
2019-07-08 20:10:35,728 WARN  server.GrpcLogAppender (GrpcLogAppender.java:timeoutAppendRequest(200)) - GrpcLogAppender(fd4515e9-84f2-4741-b1f5-a9247145a2ac->dfee02f7-0d20-4e08-8ecd-ebe087394a07): appendEntries Timeout, request=fd4515e9-84f2-4741-b1f5-a9247145a2ac->dfee02f7-0d20-4e08-8ecd-ebe087394a07#5777-t1, previous=(t:1, i:5669), leaderCommit=5667, initializing? false, entries: <empty>
2019-07-08 20:10:35,748 WARN  scm.XceiverClientRatis (XceiverClientRatis.java:watchForCommit(262)) - 3 way commit failed 
java.util.concurrent.TimeoutException
	at java.util.concurrent.CompletableFuture.timedGet(CompletableFuture.java:1771)
	at java.util.concurrent.CompletableFuture.get(CompletableFuture.java:1915)
	at org.apache.hadoop.hdds.scm.XceiverClientRatis.watchForCommit(XceiverClientRatis.java:259)
	at org.apache.hadoop.hdds.scm.storage.CommitWatcher.watchForCommit(CommitWatcher.java:194)
	at org.apache.hadoop.hdds.scm.storage.CommitWatcher.watchOnFirstIndex(CommitWatcher.java:135)
	at org.apache.hadoop.hdds.scm.storage.BlockOutputStream.watchForCommit(BlockOutputStream.java:355)
	at org.apache.hadoop.hdds.scm.storage.BlockOutputStream.handleFullBuffer(BlockOutputStream.java:332)
	at org.apache.hadoop.hdds.scm.storage.BlockOutputStream.write(BlockOutputStream.java:259)
	at org.apache.hadoop.ozone.client.io.BlockOutputStreamEntry.write(BlockOutputStreamEntry.java:129)
	at org.apache.hadoop.ozone.client.io.KeyOutputStream.handleWrite(KeyOutputStream.java:211)
	at org.apache.hadoop.ozone.client.io.KeyOutputStream.write(KeyOutputStream.java:193)
	at org.apache.hadoop.ozone.client.io.OzoneOutputStream.write(OzoneOutputStream.java:49)
	at org.apache.hadoop.ozone.freon.RandomKeyGenerator$KeyProcessor.run(RandomKeyGenerator.java:693)
	at java.util.concurrent.Executors$RunnableAdapter.call(Executors.java:511)
	at java.util.concurrent.FutureTask.run(FutureTask.java:266)
	at java.util.concurrent.ThreadPoolExecutor.runWorker(ThreadPoolExecutor.java:1149)
	at java.util.concurrent.ThreadPoolExecutor$Worker.run(ThreadPoolExecutor.java:624)
	at java.lang.Thread.run(Thread.java:748)
2019-07-08 20:10:35,754 INFO  client.GrpcClientProtocolClient (GrpcClientProtocolClient.java:onNext(255)) - client-5029691FAC28->fd4515e9-84f2-4741-b1f5-a9247145a2ac: receive RaftClientReply:client-5029691FAC28->fd4515e9-84f2-4741-b1f5-a9247145a2ac@group-E2152A48AE85, cid=3758, SUCCESS, logIndex=0, commits[fd4515e9-84f2-4741-b1f5-a9247145a2ac:c5668, 2e3e112c-ad01-4834-a07e-d6d8a7947632:c5663, dfee02f7-0d20-4e08-8ecd-ebe087394a07:c5667]
2019-07-08 20:10:35,762 INFO  scm.XceiverClientRatis (XceiverClientRatis.java:lambda$watchForCommit$7(280)) - Could not commit 5665 to all the nodes. Server 2e3e112c-ad01-4834-a07e-d6d8a7947632 has failed. Committed by majority.
2019-07-08 20:10:36,228 WARN  server.GrpcLogAppender (GrpcLogAppender.java:timeoutAppendRequest(200)) - GrpcLogAppender(fd4515e9-84f2-4741-b1f5-a9247145a2ac->2e3e112c-ad01-4834-a07e-d6d8a7947632): appendEntries Timeout, request=fd4515e9-84f2-4741-b1f5-a9247145a2ac->2e3e112c-ad01-4834-a07e-d6d8a7947632#5778-t1, previous=(t:1, i:5669), leaderCommit=5667, initializing? false, entries: <empty>
2019-07-08 20:10:36,228 WARN  server.GrpcLogAppender (GrpcLogAppender.java:timeoutAppendRequest(200)) - GrpcLogAppender(fd4515e9-84f2-4741-b1f5-a9247145a2ac->dfee02f7-0d20-4e08-8ecd-ebe087394a07): appendEntries Timeout, request=fd4515e9-84f2-4741-b1f5-a9247145a2ac->dfee02f7-0d20-4e08-8ecd-ebe087394a07#5778-t1, previous=(t:1, i:5669), leaderCommit=5667, initializing? false, entries: <empty>
 0.00% |█                                                                                                    |  0/1 Time: 0:01:152019-07-08 20:10:37,117 WARN  server.GrpcLogAppender (GrpcLogAppender.java:timeoutAppendRequest(200)) - GrpcLogAppender(fd4515e9-84f2-4741-b1f5-a9247145a2ac->dfee02f7-0d20-4e08-8ecd-ebe087394a07): appendEntries Timeout, request=fd4515e9-84f2-4741-b1f5-a9247145a2ac->dfee02f7-0d20-4e08-8ecd-ebe087394a07#5779-t1, previous=(t:1, i:5669), leaderCommit=5668, initializing? false, entries: <empty>
2019-07-08 20:10:37,120 WARN  server.GrpcLogAppender (GrpcLogAppender.java:timeoutAppendRequest(200)) - GrpcLogAppender(fd4515e9-84f2-4741-b1f5-a9247145a2ac->2e3e112c-ad01-4834-a07e-d6d8a7947632): appendEntries Timeout, request=fd4515e9-84f2-4741-b1f5-a9247145a2ac->2e3e112c-ad01-4834-a07e-d6d8a7947632#5779-t1, previous=(t:1, i:5669), leaderCommit=5668, initializing? false, entries: <empty>
 0.00% |█                                                                                                    |  0/1 Time: 0:01:162019-07-08 20:10:37,599 WARN  server.GrpcLogAppender (GrpcLogAppender.java:onNextImpl(250)) - org.apache.ratis.grpc.server.GrpcLogAppender$AppendLogResponseHandler@2b117c63: Request not found, ignoring reply: fd4515e9-84f2-4741-b1f5-a9247145a2ac<-2e3e112c-ad01-4834-a07e-d6d8a7947632#5772:OK,SUCCESS,nextIndex:5669,term:1,followerCommit:5667
2019-07-08 20:10:37,599 WARN  server.GrpcLogAppender (GrpcLogAppender.java:onNextImpl(250)) - org.apache.ratis.grpc.server.GrpcLogAppender$AppendLogResponseHandler@412d358: Request not found, ignoring reply: fd4515e9-84f2-4741-b1f5-a9247145a2ac<-dfee02f7-0d20-4e08-8ecd-ebe087394a07#5773:OK,SUCCESS,nextIndex:5670,term:1,followerCommit:5668
2019-07-08 20:10:37,600 WARN  server.GrpcLogAppender (GrpcLogAppender.java:onNextImpl(250)) - org.apache.ratis.grpc.server.GrpcLogAppender$AppendLogResponseHandler@2b117c63: Request not found, ignoring reply: fd4515e9-84f2-4741-b1f5-a9247145a2ac<-2e3e112c-ad01-4834-a07e-d6d8a7947632#5773:OK,SUCCESS,nextIndex:5670,term:1,followerCommit:5667
2019-07-08 20:10:37,600 WARN  server.GrpcLogAppender (GrpcLogAppender.java:onNextImpl(250)) - org.apache.ratis.grpc.server.GrpcLogAppender$AppendLogResponseHandler@412d358: Request not found, ignoring reply: fd4515e9-84f2-4741-b1f5-a9247145a2ac<-dfee02f7-0d20-4e08-8ecd-ebe087394a07#5774:OK,SUCCESS,nextIndex:5670,term:1,followerCommit:5667
2019-07-08 20:10:37,600 WARN  server.GrpcLogAppender (GrpcLogAppender.java:onNextImpl(250)) - org.apache.ratis.grpc.server.GrpcLogAppender$AppendLogResponseHandler@2b117c63: Request not found, ignoring reply: fd4515e9-84f2-4741-b1f5-a9247145a2ac<-2e3e112c-ad01-4834-a07e-d6d8a7947632#5774:OK,SUCCESS,nextIndex:5670,term:1,followerCommit:5665
2019-07-08 20:10:37,600 WARN  server.GrpcLogAppender (GrpcLogAppender.java:onNextImpl(250)) - org.apache.ratis.grpc.server.GrpcLogAppender$AppendLogResponseHandler@412d358: Request not found, ignoring reply: fd4515e9-84f2-4741-b1f5-a9247145a2ac<-dfee02f7-0d20-4e08-8ecd-ebe087394a07#5775:OK,SUCCESS,nextIndex:5670,term:1,followerCommit:5667
2019-07-08 20:10:37,601 WARN  server.GrpcLogAppender (GrpcLogAppender.java:onNextImpl(250)) - org.apache.ratis.grpc.server.GrpcLogAppender$AppendLogResponseHandler@2b117c63: Request not found, ignoring reply: fd4515e9-84f2-4741-b1f5-a9247145a2ac<-2e3e112c-ad01-4834-a07e-d6d8a7947632#5775:OK,SUCCESS,nextIndex:5670,term:1,followerCommit:5665
2019-07-08 20:10:37,601 WARN  server.GrpcLogAppender (GrpcLogAppender.java:onNextImpl(250)) - org.apache.ratis.grpc.server.GrpcLogAppender$AppendLogResponseHandler@412d358: Request not found, ignoring reply: fd4515e9-84f2-4741-b1f5-a9247145a2ac<-dfee02f7-0d20-4e08-8ecd-ebe087394a07#5776:OK,SUCCESS,nextIndex:5670,term:1,followerCommit:5667
2019-07-08 20:10:37,601 WARN  server.GrpcLogAppender (GrpcLogAppender.java:onNextImpl(250)) - org.apache.ratis.grpc.server.GrpcLogAppender$AppendLogResponseHandler@2b117c63: Request not found, ignoring reply: fd4515e9-84f2-4741-b1f5-a9247145a2ac<-2e3e112c-ad01-4834-a07e-d6d8a7947632#5776:OK,SUCCESS,nextIndex:5670,term:1,followerCommit:5665
2019-07-08 20:10:37,601 WARN  server.GrpcLogAppender (GrpcLogAppender.java:onNextImpl(250)) - org.apache.ratis.grpc.server.GrpcLogAppender$AppendLogResponseHandler@412d358: Request not found, ignoring reply: fd4515e9-84f2-4741-b1f5-a9247145a2ac<-dfee02f7-0d20-4e08-8ecd-ebe087394a07#5777:OK,SUCCESS,nextIndex:5670,term:1,followerCommit:5667
2019-07-08 20:10:37,601 WARN  server.GrpcLogAppender (GrpcLogAppender.java:onNextImpl(250)) - org.apache.ratis.grpc.server.GrpcLogAppender$AppendLogResponseHandler@2b117c63: Request not found, ignoring reply: fd4515e9-84f2-4741-b1f5-a9247145a2ac<-2e3e112c-ad01-4834-a07e-d6d8a7947632#5777:OK,SUCCESS,nextIndex:5670,term:1,followerCommit:5665
2019-07-08 20:10:37,601 WARN  server.GrpcLogAppender (GrpcLogAppender.java:onNextImpl(250)) - org.apache.ratis.grpc.server.GrpcLogAppender$AppendLogResponseHandler@412d358: Request not found, ignoring reply: fd4515e9-84f2-4741-b1f5-a9247145a2ac<-dfee02f7-0d20-4e08-8ecd-ebe087394a07#5778:OK,SUCCESS,nextIndex:5670,term:1,followerCommit:5667
2019-07-08 20:10:37,602 WARN  server.GrpcLogAppender (GrpcLogAppender.java:onNextImpl(250)) - org.apache.ratis.grpc.server.GrpcLogAppender$AppendLogResponseHandler@2b117c63: Request not found, ignoring reply: fd4515e9-84f2-4741-b1f5-a9247145a2ac<-2e3e112c-ad01-4834-a07e-d6d8a7947632#5778:OK,SUCCESS,nextIndex:5670,term:1,followerCommit:5665
2019-07-08 20:10:37,602 WARN  server.GrpcLogAppender (GrpcLogAppender.java:onNextImpl(250)) - org.apache.ratis.grpc.server.GrpcLogAppender$AppendLogResponseHandler@412d358: Request not found, ignoring reply: fd4515e9-84f2-4741-b1f5-a9247145a2ac<-dfee02f7-0d20-4e08-8ecd-ebe087394a07#5779:OK,SUCCESS,nextIndex:5670,term:1,followerCommit:5668
2019-07-08 20:10:37,602 WARN  server.GrpcLogAppender (GrpcLogAppender.java:onNextImpl(250)) - org.apache.ratis.grpc.server.GrpcLogAppender$AppendLogResponseHandler@2b117c63: Request not found, ignoring reply: fd4515e9-84f2-4741-b1f5-a9247145a2ac<-2e3e112c-ad01-4834-a07e-d6d8a7947632#5779:OK,SUCCESS,nextIndex:5670,term:1,followerCommit:5667
2019-07-08 20:10:37,603 INFO  client.GrpcClientProtocolClient (GrpcClientProtocolClient.java:onNext(255)) - client-5029691FAC28->fd4515e9-84f2-4741-b1f5-a9247145a2ac: receive RaftClientReply:client-5029691FAC28->fd4515e9-84f2-4741-b1f5-a9247145a2ac@group-E2152A48AE85, cid=3757, SUCCESS, logIndex=0, commits[fd4515e9-84f2-4741-b1f5-a9247145a2ac:c5669, 2e3e112c-ad01-4834-a07e-d6d8a7947632:c5667, dfee02f7-0d20-4e08-8ecd-ebe087394a07:c5668]
2019-07-08 20:10:37,603 INFO  client.GrpcClientProtocolClient (GrpcClientProtocolClient.java:onNext(255)) - client-5029691FAC28->fd4515e9-84f2-4741-b1f5-a9247145a2ac: receive RaftClientReply:client-5029691FAC28->fd4515e9-84f2-4741-b1f5-a9247145a2ac@group-E2152A48AE85, cid=3757, SUCCESS, logIndex=0, commits[fd4515e9-84f2-4741-b1f5-a9247145a2ac:c5669, 2e3e112c-ad01-4834-a07e-d6d8a7947632:c5667, dfee02f7-0d20-4e08-8ecd-ebe087394a07:c5668]
 0.00% |█                                                                                                    |  0/1 Time: 0:01:172019-07-08 20:10:38,771 WARN  server.GrpcLogAppender (GrpcLogAppender.java:timeoutAppendRequest(200)) - GrpcLogAppender(fd4515e9-84f2-4741-b1f5-a9247145a2ac->2e3e112c-ad01-4834-a07e-d6d8a7947632): appendEntries Timeout, request=fd4515e9-84f2-4741-b1f5-a9247145a2ac->2e3e112c-ad01-4834-a07e-d6d8a7947632#5783-t1, previous=(t:1, i:5669), leaderCommit=5668, initializing? false, entries: size=1, first=(t:1, i:5670), STATEMACHINELOGENTRY, client-5029691FAC28, cid=3759
2019-07-08 20:10:38,771 WARN  server.GrpcLogAppender (GrpcLogAppender.java:timeoutAppendRequest(200)) - GrpcLogAppender(fd4515e9-84f2-4741-b1f5-a9247145a2ac->dfee02f7-0d20-4e08-8ecd-ebe087394a07): appendEntries Timeout, request=fd4515e9-84f2-4741-b1f5-a9247145a2ac->dfee02f7-0d20-4e08-8ecd-ebe087394a07#5783-t1, previous=(t:1, i:5669), leaderCommit=5668, initializing? false, entries: size=1, first=(t:1, i:5670), STATEMACHINELOGENTRY, client-5029691FAC28, cid=3759
2019-07-08 20:10:38,772 WARN  server.GrpcLogAppender (GrpcLogAppender.java:timeoutAppendRequest(200)) - GrpcLogAppender(fd4515e9-84f2-4741-b1f5-a9247145a2ac->2e3e112c-ad01-4834-a07e-d6d8a7947632): appendEntries Timeout, request=fd4515e9-84f2-4741-b1f5-a9247145a2ac->2e3e112c-ad01-4834-a07e-d6d8a7947632#5784-t1, previous=(t:1, i:5670), leaderCommit=5668, initializing? false, entries: size=1, first=(t:1, i:5671), STATEMACHINELOGENTRY, client-5029691FAC28, cid=3760
2019-07-08 20:10:38,772 WARN  server.GrpcLogAppender (GrpcLogAppender.java:timeoutAppendRequest(200)) - GrpcLogAppender(fd4515e9-84f2-4741-b1f5-a9247145a2ac->dfee02f7-0d20-4e08-8ecd-ebe087394a07): appendEntries Timeout, request=fd4515e9-84f2-4741-b1f5-a9247145a2ac->dfee02f7-0d20-4e08-8ecd-ebe087394a07#5784-t1, previous=(t:1, i:5670), leaderCommit=5668, initializing? false, entries: size=1, first=(t:1, i:5671), STATEMACHINELOGENTRY, client-5029691FAC28, cid=3760
2019-07-08 20:10:39,271 WARN  server.GrpcLogAppender (GrpcLogAppender.java:timeoutAppendRequest(200)) - GrpcLogAppender(fd4515e9-84f2-4741-b1f5-a9247145a2ac->2e3e112c-ad01-4834-a07e-d6d8a7947632): appendEntries Timeout, request=fd4515e9-84f2-4741-b1f5-a9247145a2ac->2e3e112c-ad01-4834-a07e-d6d8a7947632#5785-t1, previous=(t:1, i:5671), leaderCommit=5668, initializing? false, entries: <empty>
2019-07-08 20:10:39,271 WARN  server.GrpcLogAppender (GrpcLogAppender.java:timeoutAppendRequest(200)) - GrpcLogAppender(fd4515e9-84f2-4741-b1f5-a9247145a2ac->dfee02f7-0d20-4e08-8ecd-ebe087394a07): appendEntries Timeout, request=fd4515e9-84f2-4741-b1f5-a9247145a2ac->dfee02f7-0d20-4e08-8ecd-ebe087394a07#5785-t1, previous=(t:1, i:5671), leaderCommit=5668, initializing? false, entries: <empty>
 0.00% |█                                                                                                    |  0/1 Time: 0:01:182019-07-08 20:10:39,772 WARN  server.GrpcLogAppender (GrpcLogAppender.java:timeoutAppendRequest(200)) - GrpcLogAppender(fd4515e9-84f2-4741-b1f5-a9247145a2ac->2e3e112c-ad01-4834-a07e-d6d8a7947632): appendEntries Timeout, request=fd4515e9-84f2-4741-b1f5-a9247145a2ac->2e3e112c-ad01-4834-a07e-d6d8a7947632#5786-t1, previous=(t:1, i:5671), leaderCommit=5668, initializing? false, entries: <empty>
2019-07-08 20:10:39,772 WARN  server.GrpcLogAppender (GrpcLogAppender.java:timeoutAppendRequest(200)) - GrpcLogAppender(fd4515e9-84f2-4741-b1f5-a9247145a2ac->dfee02f7-0d20-4e08-8ecd-ebe087394a07): appendEntries Timeout, request=fd4515e9-84f2-4741-b1f5-a9247145a2ac->dfee02f7-0d20-4e08-8ecd-ebe087394a07#5786-t1, previous=(t:1, i:5671), leaderCommit=5668, initializing? false, entries: <empty>
2019-07-08 20:10:40,272 WARN  server.GrpcLogAppender (GrpcLogAppender.java:timeoutAppendRequest(200)) - GrpcLogAppender(fd4515e9-84f2-4741-b1f5-a9247145a2ac->2e3e112c-ad01-4834-a07e-d6d8a7947632): appendEntries Timeout, request=fd4515e9-84f2-4741-b1f5-a9247145a2ac->2e3e112c-ad01-4834-a07e-d6d8a7947632#5787-t1, previous=(t:1, i:5671), leaderCommit=5668, initializing? false, entries: <empty>
2019-07-08 20:10:40,272 WARN  server.GrpcLogAppender (GrpcLogAppender.java:timeoutAppendRequest(200)) - GrpcLogAppender(fd4515e9-84f2-4741-b1f5-a9247145a2ac->dfee02f7-0d20-4e08-8ecd-ebe087394a07): appendEntries Timeout, request=fd4515e9-84f2-4741-b1f5-a9247145a2ac->dfee02f7-0d20-4e08-8ecd-ebe087394a07#5787-t1, previous=(t:1, i:5671), leaderCommit=5668, initializing? false, entries: <empty>
 0.00% |█                                                                                                    |  0/1 Time: 0:01:192019-07-08 20:10:40,803 INFO  client.GrpcClientProtocolClient (GrpcClientProtocolClient.java:onNext(255)) - client-5029691FAC28->2e3e112c-ad01-4834-a07e-d6d8a7947632: receive RaftClientReply:client-5029691FAC28->2e3e112c-ad01-4834-a07e-d6d8a7947632@group-E2152A48AE85, cid=3759, FAILED org.apache.ratis.protocol.NotLeaderException: Server 2e3e112c-ad01-4834-a07e-d6d8a7947632 is not the leader (fd4515e9-84f2-4741-b1f5-a9247145a2ac:192.168.69.103:40680). Request must be sent to leader., logIndex=0, commits[2e3e112c-ad01-4834-a07e-d6d8a7947632:c5669, fd4515e9-84f2-4741-b1f5-a9247145a2ac:c5669, dfee02f7-0d20-4e08-8ecd-ebe087394a07:c5668]
2019-07-08 20:10:40,842 WARN  server.GrpcLogAppender (GrpcLogAppender.java:onNextImpl(250)) - org.apache.ratis.grpc.server.GrpcLogAppender$AppendLogResponseHandler@2b117c63: Request not found, ignoring reply: fd4515e9-84f2-4741-b1f5-a9247145a2ac<-2e3e112c-ad01-4834-a07e-d6d8a7947632#5783:OK,SUCCESS,nextIndex:5671,term:1,followerCommit:5669
2019-07-08 20:10:40,842 WARN  server.GrpcLogAppender (GrpcLogAppender.java:onNextImpl(250)) - org.apache.ratis.grpc.server.GrpcLogAppender$AppendLogResponseHandler@412d358: Request not found, ignoring reply: fd4515e9-84f2-4741-b1f5-a9247145a2ac<-dfee02f7-0d20-4e08-8ecd-ebe087394a07#5783:OK,SUCCESS,nextIndex:5671,term:1,followerCommit:5669
2019-07-08 20:10:40,842 WARN  server.GrpcLogAppender (GrpcLogAppender.java:onNextImpl(250)) - org.apache.ratis.grpc.server.GrpcLogAppender$AppendLogResponseHandler@2b117c63: Request not found, ignoring reply: fd4515e9-84f2-4741-b1f5-a9247145a2ac<-2e3e112c-ad01-4834-a07e-d6d8a7947632#5784:OK,SUCCESS,nextIndex:5672,term:1,followerCommit:5669
2019-07-08 20:10:40,845 WARN  server.GrpcLogAppender (GrpcLogAppender.java:onNextImpl(250)) - org.apache.ratis.grpc.server.GrpcLogAppender$AppendLogResponseHandler@412d358: Request not found, ignoring reply: fd4515e9-84f2-4741-b1f5-a9247145a2ac<-dfee02f7-0d20-4e08-8ecd-ebe087394a07#5784:OK,SUCCESS,nextIndex:5672,term:1,followerCommit:5669
2019-07-08 20:10:40,845 WARN  server.GrpcLogAppender (GrpcLogAppender.java:onNextImpl(250)) - org.apache.ratis.grpc.server.GrpcLogAppender$AppendLogResponseHandler@2b117c63: Request not found, ignoring reply: fd4515e9-84f2-4741-b1f5-a9247145a2ac<-2e3e112c-ad01-4834-a07e-d6d8a7947632#5785:OK,SUCCESS,nextIndex:5672,term:1,followerCommit:5667
2019-07-08 20:10:40,845 WARN  server.GrpcLogAppender (GrpcLogAppender.java:onNextImpl(250)) - org.apache.ratis.grpc.server.GrpcLogAppender$AppendLogResponseHandler@412d358: Request not found, ignoring reply: fd4515e9-84f2-4741-b1f5-a9247145a2ac<-dfee02f7-0d20-4e08-8ecd-ebe087394a07#5785:OK,SUCCESS,nextIndex:5672,term:1,followerCommit:5668
2019-07-08 20:10:40,845 WARN  server.GrpcLogAppender (GrpcLogAppender.java:onNextImpl(250)) - org.apache.ratis.grpc.server.GrpcLogAppender$AppendLogResponseHandler@2b117c63: Request not found, ignoring reply: fd4515e9-84f2-4741-b1f5-a9247145a2ac<-2e3e112c-ad01-4834-a07e-d6d8a7947632#5786:OK,SUCCESS,nextIndex:5672,term:1,followerCommit:5667
2019-07-08 20:10:40,845 WARN  server.GrpcLogAppender (GrpcLogAppender.java:onNextImpl(250)) - org.apache.ratis.grpc.server.GrpcLogAppender$AppendLogResponseHandler@412d358: Request not found, ignoring reply: fd4515e9-84f2-4741-b1f5-a9247145a2ac<-dfee02f7-0d20-4e08-8ecd-ebe087394a07#5786:OK,SUCCESS,nextIndex:5672,term:1,followerCommit:5668
2019-07-08 20:10:40,846 WARN  server.GrpcLogAppender (GrpcLogAppender.java:onNextImpl(250)) - org.apache.ratis.grpc.server.GrpcLogAppender$AppendLogResponseHandler@2b117c63: Request not found, ignoring reply: fd4515e9-84f2-4741-b1f5-a9247145a2ac<-2e3e112c-ad01-4834-a07e-d6d8a7947632#5787:OK,SUCCESS,nextIndex:5672,term:1,followerCommit:5667
2019-07-08 20:10:40,846 WARN  server.GrpcLogAppender (GrpcLogAppender.java:onNextImpl(250)) - org.apache.ratis.grpc.server.GrpcLogAppender$AppendLogResponseHandler@412d358: Request not found, ignoring reply: fd4515e9-84f2-4741-b1f5-a9247145a2ac<-dfee02f7-0d20-4e08-8ecd-ebe087394a07#5787:OK,SUCCESS,nextIndex:5672,term:1,followerCommit:5668
2019-07-08 20:10:40,849 INFO  client.GrpcClientProtocolClient (GrpcClientProtocolClient.java:onNext(255)) - client-5029691FAC28->fd4515e9-84f2-4741-b1f5-a9247145a2ac: receive RaftClientReply:client-5029691FAC28->fd4515e9-84f2-4741-b1f5-a9247145a2ac@group-E2152A48AE85, cid=3759, SUCCESS, logIndex=5670, commits[fd4515e9-84f2-4741-b1f5-a9247145a2ac:c5671, 2e3e112c-ad01-4834-a07e-d6d8a7947632:c5669, dfee02f7-0d20-4e08-8ecd-ebe087394a07:c5669]
2019-07-08 20:10:40,858 INFO  client.GrpcClientProtocolClient (GrpcClientProtocolClient.java:onNext(255)) - client-5029691FAC28->fd4515e9-84f2-4741-b1f5-a9247145a2ac: receive RaftClientReply:client-5029691FAC28->fd4515e9-84f2-4741-b1f5-a9247145a2ac@group-E2152A48AE85, cid=3760, SUCCESS, logIndex=5671, commits[fd4515e9-84f2-4741-b1f5-a9247145a2ac:c5671, 2e3e112c-ad01-4834-a07e-d6d8a7947632:c5669, dfee02f7-0d20-4e08-8ecd-ebe087394a07:c5669]
2019-07-08 20:10:41,168 INFO  client.GrpcClientProtocolClient (GrpcClientProtocolClient.java:onNext(255)) - client-5029691FAC28->fd4515e9-84f2-4741-b1f5-a9247145a2ac: receive RaftClientReply:client-5029691FAC28->fd4515e9-84f2-4741-b1f5-a9247145a2ac@group-E2152A48AE85, cid=3761, SUCCESS, logIndex=5673, commits[fd4515e9-84f2-4741-b1f5-a9247145a2ac:c5674, 2e3e112c-ad01-4834-a07e-d6d8a7947632:c5671, dfee02f7-0d20-4e08-8ecd-ebe087394a07:c5671]
2019-07-08 20:10:41,169 INFO  client.GrpcClientProtocolClient (GrpcClientProtocolClient.java:onNext(255)) - client-5029691FAC28->fd4515e9-84f2-4741-b1f5-a9247145a2ac: receive RaftClientReply:client-5029691FAC28->fd4515e9-84f2-4741-b1f5-a9247145a2ac@group-E2152A48AE85, cid=3762, SUCCESS, logIndex=5674, commits[fd4515e9-84f2-4741-b1f5-a9247145a2ac:c5674, 2e3e112c-ad01-4834-a07e-d6d8a7947632:c5671, dfee02f7-0d20-4e08-8ecd-ebe087394a07:c5671]
2019-07-08 20:10:41,184 INFO  client.GrpcClientProtocolClient (GrpcClientProtocolClient.java:onNext(255)) - client-5029691FAC28->fd4515e9-84f2-4741-b1f5-a9247145a2ac: receive RaftClientReply:client-5029691FAC28->fd4515e9-84f2-4741-b1f5-a9247145a2ac@group-E2152A48AE85, cid=3763, SUCCESS, logIndex=0, commits[fd4515e9-84f2-4741-b1f5-a9247145a2ac:c5675, 2e3e112c-ad01-4834-a07e-d6d8a7947632:c5674, dfee02f7-0d20-4e08-8ecd-ebe087394a07:c5674]
2019-07-08 20:10:41,218 WARN  block.BlockManagerImpl (BlockManagerImpl.java:allocateBlock(192)) - Pipeline creation failed for type:RATIS factor:THREE. Retrying get pipelines call once.
org.apache.hadoop.hdds.scm.pipeline.InsufficientDatanodesException: Cannot create pipeline of factor 3 using 2 nodes.
	at org.apache.hadoop.hdds.scm.pipeline.RatisPipelineProvider.create(RatisPipelineProvider.java:151)
	at org.apache.hadoop.hdds.scm.pipeline.PipelineFactory.create(PipelineFactory.java:57)
	at org.apache.hadoop.hdds.scm.pipeline.SCMPipelineManager.createPipeline(SCMPipelineManager.java:149)
	at org.apache.hadoop.hdds.scm.block.BlockManagerImpl.allocateBlock(BlockManagerImpl.java:190)
	at org.apache.hadoop.hdds.scm.server.SCMBlockProtocolServer.allocateBlock(SCMBlockProtocolServer.java:172)
	at org.apache.hadoop.ozone.protocolPB.ScmBlockLocationProtocolServerSideTranslatorPB.allocateScmBlock(ScmBlockLocationProtocolServerSideTranslatorPB.java:144)
	at org.apache.hadoop.ozone.protocolPB.ScmBlockLocationProtocolServerSideTranslatorPB.send(ScmBlockLocationProtocolServerSideTranslatorPB.java:107)
	at org.apache.hadoop.hdds.protocol.proto.ScmBlockLocationProtocolProtos$ScmBlockLocationProtocolService$2.callBlockingMethod(ScmBlockLocationProtocolProtos.java:11281)
	at org.apache.hadoop.ipc.ProtobufRpcEngine$Server$ProtoBufRpcInvoker.call(ProtobufRpcEngine.java:524)
	at org.apache.hadoop.ipc.RPC$Server.call(RPC.java:1025)
	at org.apache.hadoop.ipc.Server$RpcCall.run(Server.java:876)
	at org.apache.hadoop.ipc.Server$RpcCall.run(Server.java:822)
	at java.security.AccessController.doPrivileged(Native Method)
	at javax.security.auth.Subject.doAs(Subject.java:422)
	at org.apache.hadoop.security.UserGroupInformation.doAs(UserGroupInformation.java:1730)
	at org.apache.hadoop.ipc.Server$Handler.run(Server.java:2682)
2019-07-08 20:10:41,219 INFO  block.BlockManagerImpl (BlockManagerImpl.java:allocateBlock(198)) - Could not find available pipeline of type:RATIS and factor:THREE even after retrying
2019-07-08 20:10:41,219 ERROR block.BlockManagerImpl (BlockManagerImpl.java:allocateBlock(222)) - Unable to allocate a block for the size: 4194304, type: RATIS, factor: THREE
20:10:41.226 [IPC Server handler 9 on 39677] ERROR OMAudit - user=jenkins1000 | ip=127.0.0.1 | op=ALLOCATE_BLOCK {volume=vol-0-04424, bucket=bucket-0-74885, key=key-0-11811, dataSize=0, replicationType=null, replicationFactor=null, keyLocationInfo=null, clientID=102407638948184466} | ret=FAILURE
org.apache.hadoop.hdds.scm.exceptions.SCMException: Allocated 0 blocks. Requested 1 blocks
	at org.apache.hadoop.hdds.scm.protocolPB.ScmBlockLocationProtocolClientSideTranslatorPB.handleError(ScmBlockLocationProtocolClientSideTranslatorPB.java:113) ~[classes/:?]
	at org.apache.hadoop.hdds.scm.protocolPB.ScmBlockLocationProtocolClientSideTranslatorPB.allocateBlock(ScmBlockLocationProtocolClientSideTranslatorPB.java:151) ~[classes/:?]
	at sun.reflect.GeneratedMethodAccessor53.invoke(Unknown Source) ~[?:?]
	at sun.reflect.DelegatingMethodAccessorImpl.invoke(DelegatingMethodAccessorImpl.java:43) ~[?:1.8.0_212]
	at java.lang.reflect.Method.invoke(Method.java:498) ~[?:1.8.0_212]
	at org.apache.hadoop.hdds.tracing.TraceAllMethod.invoke(TraceAllMethod.java:66) ~[classes/:?]
	at com.sun.proxy.$Proxy27.allocateBlock(Unknown Source) ~[?:?]
	at org.apache.hadoop.ozone.om.KeyManagerImpl.allocateBlock(KeyManagerImpl.java:348) ~[classes/:?]
	at org.apache.hadoop.ozone.om.KeyManagerImpl.allocateBlock(KeyManagerImpl.java:316) ~[classes/:?]
	at org.apache.hadoop.ozone.om.OzoneManager.allocateBlock(OzoneManager.java:2291) [classes/:?]
	at org.apache.hadoop.ozone.protocolPB.OzoneManagerRequestHandler.allocateBlock(OzoneManagerRequestHandler.java:756) [classes/:?]
	at org.apache.hadoop.ozone.protocolPB.OzoneManagerRequestHandler.handle(OzoneManagerRequestHandler.java:249) [classes/:?]
	at org.apache.hadoop.ozone.protocolPB.OzoneManagerProtocolServerSideTranslatorPB.submitRequestDirectlyToOM(OzoneManagerProtocolServerSideTranslatorPB.java:192) [classes/:?]
	at org.apache.hadoop.ozone.protocolPB.OzoneManagerProtocolServerSideTranslatorPB.submitRequest(OzoneManagerProtocolServerSideTranslatorPB.java:110) [classes/:?]
	at org.apache.hadoop.ozone.protocol.proto.OzoneManagerProtocolProtos$OzoneManagerService$2.callBlockingMethod(OzoneManagerProtocolProtos.java) [classes/:?]
	at org.apache.hadoop.ipc.ProtobufRpcEngine$Server$ProtoBufRpcInvoker.call(ProtobufRpcEngine.java:524) [hadoop-common-3.2.0.jar:?]
	at org.apache.hadoop.ipc.RPC$Server.call(RPC.java:1025) [hadoop-common-3.2.0.jar:?]
	at org.apache.hadoop.ipc.Server$RpcCall.run(Server.java:876) [hadoop-common-3.2.0.jar:?]
	at org.apache.hadoop.ipc.Server$RpcCall.run(Server.java:822) [hadoop-common-3.2.0.jar:?]
	at java.security.AccessController.doPrivileged(Native Method) [?:1.8.0_212]
	at javax.security.auth.Subject.doAs(Subject.java:422) [?:1.8.0_212]
	at org.apache.hadoop.security.UserGroupInformation.doAs(UserGroupInformation.java:1730) [hadoop-common-3.2.0.jar:?]
	at org.apache.hadoop.ipc.Server$Handler.run(Server.java:2682) [hadoop-common-3.2.0.jar:?]
2019-07-08 20:10:41,252 ERROR io.BlockOutputStreamEntryPool (BlockOutputStreamEntryPool.java:allocateBlockIfNeeded(299)) - Try to allocate more blocks for write failed, already allocated 0 blocks for this write.
INTERNAL_ERROR org.apache.hadoop.ozone.om.exceptions.OMException: Allocated 0 blocks. Requested 1 blocks
	at org.apache.hadoop.ozone.om.protocolPB.OzoneManagerProtocolClientSideTranslatorPB.handleError(OzoneManagerProtocolClientSideTranslatorPB.java:720)
	at org.apache.hadoop.ozone.om.protocolPB.OzoneManagerProtocolClientSideTranslatorPB.allocateBlock(OzoneManagerProtocolClientSideTranslatorPB.java:752)
	at org.apache.hadoop.ozone.client.io.BlockOutputStreamEntryPool.allocateNewBlock(BlockOutputStreamEntryPool.java:248)
	at org.apache.hadoop.ozone.client.io.BlockOutputStreamEntryPool.allocateBlockIfNeeded(BlockOutputStreamEntryPool.java:296)
	at org.apache.hadoop.ozone.client.io.KeyOutputStream.handleWrite(KeyOutputStream.java:201)
	at org.apache.hadoop.ozone.client.io.KeyOutputStream.write(KeyOutputStream.java:193)
	at org.apache.hadoop.ozone.client.io.OzoneOutputStream.write(OzoneOutputStream.java:49)
	at org.apache.hadoop.ozone.freon.RandomKeyGenerator$KeyProcessor.run(RandomKeyGenerator.java:693)
	at java.util.concurrent.Executors$RunnableAdapter.call(Executors.java:511)
	at java.util.concurrent.FutureTask.run(FutureTask.java:266)
	at java.util.concurrent.ThreadPoolExecutor.runWorker(ThreadPoolExecutor.java:1149)
	at java.util.concurrent.ThreadPoolExecutor$Worker.run(ThreadPoolExecutor.java:624)
	at java.lang.Thread.run(Thread.java:748)
2019-07-08 20:10:41,252 ERROR freon.RandomKeyGenerator (RandomKeyGenerator.java:run(718)) - Exception while adding key: key-0-11811 in bucket: bucket-0-74885 of volume: vol-0-04424.
INTERNAL_ERROR org.apache.hadoop.ozone.om.exceptions.OMException: Allocated 0 blocks. Requested 1 blocks
	at org.apache.hadoop.ozone.om.protocolPB.OzoneManagerProtocolClientSideTranslatorPB.handleError(OzoneManagerProtocolClientSideTranslatorPB.java:720)
	at org.apache.hadoop.ozone.om.protocolPB.OzoneManagerProtocolClientSideTranslatorPB.allocateBlock(OzoneManagerProtocolClientSideTranslatorPB.java:752)
	at org.apache.hadoop.ozone.client.io.BlockOutputStreamEntryPool.allocateNewBlock(BlockOutputStreamEntryPool.java:248)
	at org.apache.hadoop.ozone.client.io.BlockOutputStreamEntryPool.allocateBlockIfNeeded(BlockOutputStreamEntryPool.java:296)
	at org.apache.hadoop.ozone.client.io.KeyOutputStream.handleWrite(KeyOutputStream.java:201)
	at org.apache.hadoop.ozone.client.io.KeyOutputStream.write(KeyOutputStream.java:193)
	at org.apache.hadoop.ozone.client.io.OzoneOutputStream.write(OzoneOutputStream.java:49)
	at org.apache.hadoop.ozone.freon.RandomKeyGenerator$KeyProcessor.run(RandomKeyGenerator.java:693)
	at java.util.concurrent.Executors$RunnableAdapter.call(Executors.java:511)
	at java.util.concurrent.FutureTask.run(FutureTask.java:266)
	at java.util.concurrent.ThreadPoolExecutor.runWorker(ThreadPoolExecutor.java:1149)
	at java.util.concurrent.ThreadPoolExecutor$Worker.run(ThreadPoolExecutor.java:624)
	at java.lang.Thread.run(Thread.java:748)
 0.00% |█                                                                                                    |  0/1 Time: 0:01:20 0.00% |█                                                                                                    |  0/1 Time: 0:01:21 0.00% |█                                                                                                    |  0/1 Time: 0:01:22 0.00% |█                                                                                                    |  0/1 Time: 0:01:23 0.00% |█                                                                                                    |  0/1 Time: 0:01:24 100.00% |█████████████████████████████████████████████████████████████████████████████████████████████████████|  1/1 Time: 0:01:25
]]></system-out>
  </testcase>
  <testcase name="multiThread" classname="org.apache.hadoop.ozone.freon.TestRandomKeyGenerator" time="5.034"/>
</testsuite>